{
  "benchmark": "tpcds",
  "query_id": "query_90",
  "source_sql": "/mnt/d/TPC-DS/queries_duckdb_converted/query_90.sql",
  "database": "/mnt/d/TPC-DS/tpcds_sf10.duckdb",
  "statement_count": 1,
  "client_elapsed_ms": 39.00056800193852,
  "execution_time_ms": 0.0,
  "plan_json": {
    "total_bytes_written": 0,
    "total_bytes_read": 0,
    "rows_returned": 0,
    "latency": 0.0,
    "result_set_size": 0,
    "query_name": "",
    "blocked_thread_time": 0.0,
    "system_peak_buffer_memory": 0,
    "system_peak_temp_dir_size": 0,
    "cpu_time": 0.0,
    "extra_info": {},
    "cumulative_cardinality": 0,
    "cumulative_rows_scanned": 0,
    "children": [
      {
        "total_bytes_written": 0,
        "total_bytes_read": 0,
        "result_set_size": 0,
        "operator_name": "EXPLAIN_ANALYZE",
        "cpu_time": 0.0,
        "extra_info": {},
        "cumulative_cardinality": 0,
        "operator_type": "EXPLAIN_ANALYZE",
        "operator_cardinality": 0,
        "cumulative_rows_scanned": 0,
        "operator_rows_scanned": 0,
        "operator_timing": 2.93e-07,
        "children": [
          {
            "total_bytes_written": 0,
            "total_bytes_read": 0,
            "result_set_size": 8,
            "operator_name": "TOP_N",
            "cpu_time": 0.0,
            "extra_info": {
              "Top": "100",
              "Order By": "(CAST(at_tbl.amc AS DECIMAL(15,4)) / CAST(pt.pmc AS DECIMAL(15,4))) ASC"
            },
            "cumulative_cardinality": 0,
            "operator_type": "TOP_N",
            "operator_cardinality": 1,
            "cumulative_rows_scanned": 0,
            "operator_rows_scanned": 0,
            "operator_timing": 6.224e-06,
            "children": [
              {
                "total_bytes_written": 0,
                "total_bytes_read": 0,
                "result_set_size": 8,
                "operator_name": "PROJECTION",
                "cpu_time": 0.0,
                "extra_info": {
                  "Projections": "am_pm_ratio",
                  "Estimated Cardinality": "1"
                },
                "cumulative_cardinality": 0,
                "operator_type": "PROJECTION",
                "operator_cardinality": 1,
                "cumulative_rows_scanned": 0,
                "operator_rows_scanned": 0,
                "operator_timing": 6.178e-06,
                "children": [
                  {
                    "total_bytes_written": 0,
                    "total_bytes_read": 0,
                    "result_set_size": 16,
                    "operator_name": "CROSS_PRODUCT",
                    "cpu_time": 0.0,
                    "extra_info": {},
                    "cumulative_cardinality": 0,
                    "operator_type": "CROSS_PRODUCT",
                    "operator_cardinality": 1,
                    "cumulative_rows_scanned": 0,
                    "operator_rows_scanned": 0,
                    "operator_timing": 1.6078e-05,
                    "children": [
                      {
                        "total_bytes_written": 0,
                        "total_bytes_read": 0,
                        "result_set_size": 8,
                        "operator_name": "UNGROUPED_AGGREGATE",
                        "cpu_time": 0.0,
                        "extra_info": {
                          "Aggregates": "count_star()"
                        },
                        "cumulative_cardinality": 0,
                        "operator_type": "UNGROUPED_AGGREGATE",
                        "operator_cardinality": 1,
                        "cumulative_rows_scanned": 0,
                        "operator_rows_scanned": 0,
                        "operator_timing": 1.216e-05,
                        "children": [
                          {
                            "total_bytes_written": 0,
                            "total_bytes_read": 0,
                            "result_set_size": 14616,
                            "operator_name": "HASH_JOIN",
                            "cpu_time": 0.0,
                            "extra_info": {
                              "Join Type": "INNER",
                              "Conditions": "ws_sold_time_sk = t_time_sk",
                              "Estimated Cardinality": "27497"
                            },
                            "cumulative_cardinality": 0,
                            "operator_type": "HASH_JOIN",
                            "operator_cardinality": 1218,
                            "cumulative_rows_scanned": 0,
                            "operator_rows_scanned": 0,
                            "operator_timing": 0.000188336,
                            "children": [
                              {
                                "total_bytes_written": 0,
                                "total_bytes_read": 0,
                                "result_set_size": 9744,
                                "operator_name": "HASH_JOIN",
                                "cpu_time": 0.0,
                                "extra_info": {
                                  "Join Type": "INNER",
                                  "Conditions": "ws_web_page_sk = wp_web_page_sk",
                                  "Estimated Cardinality": "117449"
                                },
                                "cumulative_cardinality": 0,
                                "operator_type": "HASH_JOIN",
                                "operator_cardinality": 1218,
                                "cumulative_rows_scanned": 0,
                                "operator_rows_scanned": 0,
                                "operator_timing": 0.00021224,
                                "children": [
                                  {
                                    "total_bytes_written": 0,
                                    "total_bytes_read": 0,
                                    "result_set_size": 564264,
                                    "operator_name": "HASH_JOIN",
                                    "cpu_time": 0.0,
                                    "extra_info": {
                                      "Join Type": "INNER",
                                      "Conditions": "ws_ship_hdemo_sk = hd_demo_sk",
                                      "Estimated Cardinality": "654778"
                                    },
                                    "cumulative_cardinality": 0,
                                    "operator_type": "HASH_JOIN",
                                    "operator_cardinality": 47022,
                                    "cumulative_rows_scanned": 0,
                                    "operator_rows_scanned": 0,
                                    "operator_timing": 0.008560872000000002,
                                    "children": [
                                      {
                                        "total_bytes_written": 0,
                                        "total_bytes_read": 0,
                                        "result_set_size": 4708308,
                                        "operator_name": "SEQ_SCAN ",
                                        "cpu_time": 0.0,
                                        "extra_info": {
                                          "Table": "web_sales",
                                          "Type": "Sequential Scan",
                                          "Projections": [
                                            "ws_sold_time_sk",
                                            "ws_ship_hdemo_sk",
                                            "ws_web_page_sk"
                                          ],
                                          "Estimated Cardinality": "7197566"
                                        },
                                        "cumulative_cardinality": 0,
                                        "operator_type": "TABLE_SCAN",
                                        "operator_cardinality": 392359,
                                        "cumulative_rows_scanned": 0,
                                        "operator_rows_scanned": 86370792,
                                        "operator_timing": 0.044010775999999995,
                                        "children": []
                                      },
                                      {
                                        "total_bytes_written": 0,
                                        "total_bytes_read": 0,
                                        "result_set_size": 2880,
                                        "operator_name": "SEQ_SCAN ",
                                        "cpu_time": 0.0,
                                        "extra_info": {
                                          "Table": "household_demographics",
                                          "Type": "Sequential Scan",
                                          "Projections": "hd_demo_sk",
                                          "Filters": "hd_dep_count=2",
                                          "Estimated Cardinality": "655"
                                        },
                                        "cumulative_cardinality": 0,
                                        "operator_type": "TABLE_SCAN",
                                        "operator_cardinality": 720,
                                        "cumulative_rows_scanned": 0,
                                        "operator_rows_scanned": 7200,
                                        "operator_timing": 1.9951e-05,
                                        "children": []
                                      }
                                    ]
                                  },
                                  {
                                    "total_bytes_written": 0,
                                    "total_bytes_read": 0,
                                    "result_set_size": 12,
                                    "operator_name": "SEQ_SCAN ",
                                    "cpu_time": 0.0,
                                    "extra_info": {
                                      "Table": "web_page",
                                      "Type": "Sequential Scan",
                                      "Projections": "wp_web_page_sk",
                                      "Filters": "wp_char_count>=5000 AND wp_char_count<=5200",
                                      "Estimated Cardinality": "40"
                                    },
                                    "cumulative_cardinality": 0,
                                    "operator_type": "TABLE_SCAN",
                                    "operator_cardinality": 3,
                                    "cumulative_rows_scanned": 0,
                                    "operator_rows_scanned": 200,
                                    "operator_timing": 1.5333e-05,
                                    "children": []
                                  }
                                ]
                              },
                              {
                                "total_bytes_written": 0,
                                "total_bytes_read": 0,
                                "result_set_size": 28800,
                                "operator_name": "FILTER",
                                "cpu_time": 0.0,
                                "extra_info": {
                                  "Expression": "(t_time_sk <= 86398)",
                                  "Estimated Cardinality": "17280"
                                },
                                "cumulative_cardinality": 0,
                                "operator_type": "FILTER",
                                "operator_cardinality": 7200,
                                "cumulative_rows_scanned": 0,
                                "operator_rows_scanned": 0,
                                "operator_timing": 1.7018e-05,
                                "children": [
                                  {
                                    "total_bytes_written": 0,
                                    "total_bytes_read": 0,
                                    "result_set_size": 28800,
                                    "operator_name": "SEQ_SCAN ",
                                    "cpu_time": 0.0,
                                    "extra_info": {
                                      "Table": "time_dim",
                                      "Type": "Sequential Scan",
                                      "Projections": "t_time_sk",
                                      "Filters": "t_hour>=10 AND t_hour<=11",
                                      "Estimated Cardinality": "17280"
                                    },
                                    "cumulative_cardinality": 0,
                                    "operator_type": "TABLE_SCAN",
                                    "operator_cardinality": 7200,
                                    "cumulative_rows_scanned": 0,
                                    "operator_rows_scanned": 86400,
                                    "operator_timing": 4.0270999999999994e-05,
                                    "children": []
                                  }
                                ]
                              }
                            ]
                          }
                        ]
                      },
                      {
                        "total_bytes_written": 0,
                        "total_bytes_read": 0,
                        "result_set_size": 8,
                        "operator_name": "UNGROUPED_AGGREGATE",
                        "cpu_time": 0.0,
                        "extra_info": {
                          "Aggregates": "count_star()"
                        },
                        "cumulative_cardinality": 0,
                        "operator_type": "UNGROUPED_AGGREGATE",
                        "operator_cardinality": 1,
                        "cumulative_rows_scanned": 0,
                        "operator_rows_scanned": 0,
                        "operator_timing": 1.5023e-05,
                        "children": [
                          {
                            "total_bytes_written": 0,
                            "total_bytes_read": 0,
                            "result_set_size": 15768,
                            "operator_name": "HASH_JOIN",
                            "cpu_time": 0.0,
                            "extra_info": {
                              "Join Type": "INNER",
                              "Conditions": "ws_sold_time_sk = t_time_sk",
                              "Estimated Cardinality": "27497"
                            },
                            "cumulative_cardinality": 0,
                            "operator_type": "HASH_JOIN",
                            "operator_cardinality": 1314,
                            "cumulative_rows_scanned": 0,
                            "operator_rows_scanned": 0,
                            "operator_timing": 0.00018409199999999993,
                            "children": [
                              {
                                "total_bytes_written": 0,
                                "total_bytes_read": 0,
                                "result_set_size": 10512,
                                "operator_name": "HASH_JOIN",
                                "cpu_time": 0.0,
                                "extra_info": {
                                  "Join Type": "INNER",
                                  "Conditions": "ws_web_page_sk = wp_web_page_sk",
                                  "Estimated Cardinality": "117449"
                                },
                                "cumulative_cardinality": 0,
                                "operator_type": "HASH_JOIN",
                                "operator_cardinality": 1314,
                                "cumulative_rows_scanned": 0,
                                "operator_rows_scanned": 0,
                                "operator_timing": 0.00025080699999999997,
                                "children": [
                                  {
                                    "total_bytes_written": 0,
                                    "total_bytes_read": 0,
                                    "result_set_size": 612528,
                                    "operator_name": "HASH_JOIN",
                                    "cpu_time": 0.0,
                                    "extra_info": {
                                      "Join Type": "INNER",
                                      "Conditions": "ws_ship_hdemo_sk = hd_demo_sk",
                                      "Estimated Cardinality": "654778"
                                    },
                                    "cumulative_cardinality": 0,
                                    "operator_type": "HASH_JOIN",
                                    "operator_cardinality": 51044,
                                    "cumulative_rows_scanned": 0,
                                    "operator_rows_scanned": 0,
                                    "operator_timing": 0.009120750999999998,
                                    "children": [
                                      {
                                        "total_bytes_written": 0,
                                        "total_bytes_read": 0,
                                        "result_set_size": 5215332,
                                        "operator_name": "SEQ_SCAN ",
                                        "cpu_time": 0.0,
                                        "extra_info": {
                                          "Table": "web_sales",
                                          "Type": "Sequential Scan",
                                          "Projections": [
                                            "ws_sold_time_sk",
                                            "ws_ship_hdemo_sk",
                                            "ws_web_page_sk"
                                          ],
                                          "Estimated Cardinality": "7197566"
                                        },
                                        "cumulative_cardinality": 0,
                                        "operator_type": "TABLE_SCAN",
                                        "operator_cardinality": 434611,
                                        "cumulative_rows_scanned": 0,
                                        "operator_rows_scanned": 86370792,
                                        "operator_timing": 0.04289962800000001,
                                        "children": []
                                      },
                                      {
                                        "total_bytes_written": 0,
                                        "total_bytes_read": 0,
                                        "result_set_size": 2880,
                                        "operator_name": "SEQ_SCAN ",
                                        "cpu_time": 0.0,
                                        "extra_info": {
                                          "Table": "household_demographics",
                                          "Type": "Sequential Scan",
                                          "Projections": "hd_demo_sk",
                                          "Filters": "hd_dep_count=2",
                                          "Estimated Cardinality": "655"
                                        },
                                        "cumulative_cardinality": 0,
                                        "operator_type": "TABLE_SCAN",
                                        "operator_cardinality": 720,
                                        "cumulative_rows_scanned": 0,
                                        "operator_rows_scanned": 7200,
                                        "operator_timing": 2.3982000000000002e-05,
                                        "children": []
                                      }
                                    ]
                                  },
                                  {
                                    "total_bytes_written": 0,
                                    "total_bytes_read": 0,
                                    "result_set_size": 12,
                                    "operator_name": "SEQ_SCAN ",
                                    "cpu_time": 0.0,
                                    "extra_info": {
                                      "Table": "web_page",
                                      "Type": "Sequential Scan",
                                      "Projections": "wp_web_page_sk",
                                      "Filters": "wp_char_count>=5000 AND wp_char_count<=5200",
                                      "Estimated Cardinality": "40"
                                    },
                                    "cumulative_cardinality": 0,
                                    "operator_type": "TABLE_SCAN",
                                    "operator_cardinality": 3,
                                    "cumulative_rows_scanned": 0,
                                    "operator_rows_scanned": 200,
                                    "operator_timing": 1.8112e-05,
                                    "children": []
                                  }
                                ]
                              },
                              {
                                "total_bytes_written": 0,
                                "total_bytes_read": 0,
                                "result_set_size": 28800,
                                "operator_name": "FILTER",
                                "cpu_time": 0.0,
                                "extra_info": {
                                  "Expression": "(t_time_sk <= 86398)",
                                  "Estimated Cardinality": "17280"
                                },
                                "cumulative_cardinality": 0,
                                "operator_type": "FILTER",
                                "operator_cardinality": 7200,
                                "cumulative_rows_scanned": 0,
                                "operator_rows_scanned": 0,
                                "operator_timing": 1.6346e-05,
                                "children": [
                                  {
                                    "total_bytes_written": 0,
                                    "total_bytes_read": 0,
                                    "result_set_size": 28800,
                                    "operator_name": "SEQ_SCAN ",
                                    "cpu_time": 0.0,
                                    "extra_info": {
                                      "Table": "time_dim",
                                      "Type": "Sequential Scan",
                                      "Projections": "t_time_sk",
                                      "Filters": "t_hour>=16 AND t_hour<=17",
                                      "Estimated Cardinality": "17280"
                                    },
                                    "cumulative_cardinality": 0,
                                    "operator_type": "TABLE_SCAN",
                                    "operator_cardinality": 7200,
                                    "cumulative_rows_scanned": 0,
                                    "operator_rows_scanned": 86400,
                                    "operator_timing": 4.2458e-05,
                                    "children": []
                                  }
                                ]
                              }
                            ]
                          }
                        ]
                      }
                    ]
                  }
                ]
              }
            ]
          }
        ]
      }
    ]
  }
}