{
  "benchmark": "tpcds",
  "query_id": "query_10",
  "source_sql": "/mnt/d/TPC-DS/queries_duckdb_converted/query_10.sql",
  "database": "/mnt/d/TPC-DS/tpcds_sf10.duckdb",
  "statement_count": 1,
  "client_elapsed_ms": 61.286337000638014,
  "execution_time_ms": 0.0,
  "plan_json": {
    "total_bytes_written": 0,
    "total_bytes_read": 0,
    "rows_returned": 0,
    "latency": 0.0,
    "result_set_size": 0,
    "query_name": "",
    "blocked_thread_time": 0.0,
    "system_peak_buffer_memory": 0,
    "system_peak_temp_dir_size": 0,
    "cpu_time": 0.0,
    "extra_info": {},
    "cumulative_cardinality": 0,
    "cumulative_rows_scanned": 0,
    "children": [
      {
        "total_bytes_written": 0,
        "total_bytes_read": 0,
        "result_set_size": 0,
        "operator_name": "EXPLAIN_ANALYZE",
        "cpu_time": 0.0,
        "extra_info": {},
        "cumulative_cardinality": 0,
        "operator_type": "EXPLAIN_ANALYZE",
        "operator_cardinality": 0,
        "cumulative_rows_scanned": 0,
        "operator_rows_scanned": 0,
        "operator_timing": 3.38e-07,
        "children": [
          {
            "total_bytes_written": 0,
            "total_bytes_read": 0,
            "result_set_size": 9600,
            "operator_name": "TOP_N",
            "cpu_time": 0.0,
            "extra_info": {
              "Top": "100",
              "Order By": [
                "tpcds_sf10.main.customer_demographics.cd_gender ASC",
                "tpcds_sf10.main.customer_demographics.cd_marital_status ASC",
                "tpcds_sf10.main.customer_demographics.cd_education_status ASC",
                "tpcds_sf10.main.customer_demographics.cd_purchase_estimate ASC",
                "tpcds_sf10.main.customer_demographics.cd_credit_rating ASC",
                "tpcds_sf10.main.customer_demographics.cd_dep_count ASC",
                "tpcds_sf10.main.customer_demographics.cd_dep_employed_count ASC",
                "tpcds_sf10.main.customer_demographics.cd_dep_college_count ASC"
              ]
            },
            "cumulative_cardinality": 0,
            "operator_type": "TOP_N",
            "operator_cardinality": 75,
            "cumulative_rows_scanned": 0,
            "operator_rows_scanned": 0,
            "operator_timing": 0.000257027,
            "children": [
              {
                "total_bytes_written": 0,
                "total_bytes_read": 0,
                "result_set_size": 9600,
                "operator_name": "PROJECTION",
                "cpu_time": 0.0,
                "extra_info": {
                  "Projections": [
                    "cd_gender",
                    "cd_marital_status",
                    "cd_education_status",
                    "cnt1",
                    "cd_purchase_estimate",
                    "cnt2",
                    "cd_credit_rating",
                    "cnt3",
                    "cd_dep_count",
                    "cnt4",
                    "cd_dep_employed_count",
                    "cnt5",
                    "cd_dep_college_count",
                    "cnt6"
                  ],
                  "Estimated Cardinality": "16425"
                },
                "cumulative_cardinality": 0,
                "operator_type": "PROJECTION",
                "operator_cardinality": 75,
                "cumulative_rows_scanned": 0,
                "operator_rows_scanned": 0,
                "operator_timing": 1.3791e-05,
                "children": [
                  {
                    "total_bytes_written": 0,
                    "total_bytes_read": 0,
                    "result_set_size": 6600,
                    "operator_name": "PROJECTION",
                    "cpu_time": 0.0,
                    "extra_info": {
                      "Projections": [
                        "__internal_decompress_string(#0)",
                        "__internal_decompress_string(#1)",
                        "__internal_decompress_string(#2)",
                        "__internal_decompress_integral_integer(#3, 500)",
                        "__internal_decompress_string(#4)",
                        "__internal_decompress_integral_integer(#5, 0)",
                        "__internal_decompress_integral_integer(#6, 0)",
                        "__internal_decompress_integral_integer(#7, 0)",
                        "#8"
                      ],
                      "Estimated Cardinality": "16425"
                    },
                    "cumulative_cardinality": 0,
                    "operator_type": "PROJECTION",
                    "operator_cardinality": 75,
                    "cumulative_rows_scanned": 0,
                    "operator_rows_scanned": 0,
                    "operator_timing": 0.000123815,
                    "children": [
                      {
                        "total_bytes_written": 0,
                        "total_bytes_read": 0,
                        "result_set_size": 3525,
                        "operator_name": "HASH_GROUP_BY",
                        "cpu_time": 0.0,
                        "extra_info": {
                          "Groups": [
                            "#0",
                            "#1",
                            "#2",
                            "#3",
                            "#4",
                            "#5",
                            "#6",
                            "#7"
                          ],
                          "Aggregates": "count_star()",
                          "Estimated Cardinality": "16425"
                        },
                        "cumulative_cardinality": 0,
                        "operator_type": "HASH_GROUP_BY",
                        "operator_cardinality": 75,
                        "cumulative_rows_scanned": 0,
                        "operator_rows_scanned": 0,
                        "operator_timing": 0.002037258,
                        "children": [
                          {
                            "total_bytes_written": 0,
                            "total_bytes_read": 0,
                            "result_set_size": 2925,
                            "operator_name": "PROJECTION",
                            "cpu_time": 0.0,
                            "extra_info": {
                              "Projections": [
                                "cd_gender",
                                "cd_marital_status",
                                "cd_education_status",
                                "cd_purchase_estimate",
                                "cd_credit_rating",
                                "cd_dep_count",
                                "cd_dep_employed_count",
                                "cd_dep_college_count"
                              ],
                              "Estimated Cardinality": "16425"
                            },
                            "cumulative_cardinality": 0,
                            "operator_type": "PROJECTION",
                            "operator_cardinality": 75,
                            "cumulative_rows_scanned": 0,
                            "operator_rows_scanned": 0,
                            "operator_timing": 1.898e-06,
                            "children": [
                              {
                                "total_bytes_written": 0,
                                "total_bytes_read": 0,
                                "result_set_size": 2925,
                                "operator_name": "PROJECTION",
                                "cpu_time": 0.0,
                                "extra_info": {
                                  "Projections": [
                                    "__internal_compress_string_utinyint(#0)",
                                    "__internal_compress_string_utinyint(#1)",
                                    "__internal_compress_string_uhugeint(#2)",
                                    "__internal_compress_integral_usmallint(#3, 500)",
                                    "__internal_compress_string_uhugeint(#4)",
                                    "__internal_compress_integral_utinyint(#5, 0)",
                                    "__internal_compress_integral_utinyint(#6, 0)",
                                    "__internal_compress_integral_utinyint(#7, 0)"
                                  ],
                                  "Estimated Cardinality": "16425"
                                },
                                "cumulative_cardinality": 0,
                                "operator_type": "PROJECTION",
                                "operator_cardinality": 75,
                                "cumulative_rows_scanned": 0,
                                "operator_rows_scanned": 0,
                                "operator_timing": 2.2012000000000002e-05,
                                "children": [
                                  {
                                    "total_bytes_written": 0,
                                    "total_bytes_read": 0,
                                    "result_set_size": 6000,
                                    "operator_name": "PROJECTION",
                                    "cpu_time": 0.0,
                                    "extra_info": {
                                      "Projections": [
                                        "#0",
                                        "#1",
                                        "#2",
                                        "#3",
                                        "#4",
                                        "#5",
                                        "#6",
                                        "#7"
                                      ],
                                      "Estimated Cardinality": "16425"
                                    },
                                    "cumulative_cardinality": 0,
                                    "operator_type": "PROJECTION",
                                    "operator_cardinality": 75,
                                    "cumulative_rows_scanned": 0,
                                    "operator_rows_scanned": 0,
                                    "operator_timing": 2.491e-06,
                                    "children": [
                                      {
                                        "total_bytes_written": 0,
                                        "total_bytes_read": 0,
                                        "result_set_size": 6150,
                                        "operator_name": "FILTER",
                                        "cpu_time": 0.0,
                                        "extra_info": {
                                          "Expression": "(SUBQUERY OR SUBQUERY)",
                                          "Estimated Cardinality": "16425"
                                        },
                                        "cumulative_cardinality": 0,
                                        "operator_type": "FILTER",
                                        "operator_cardinality": 75,
                                        "cumulative_rows_scanned": 0,
                                        "operator_rows_scanned": 0,
                                        "operator_timing": 9.4859e-05,
                                        "children": [
                                          {
                                            "total_bytes_written": 0,
                                            "total_bytes_read": 0,
                                            "result_set_size": 0,
                                            "operator_name": "LEFT_DELIM_JOIN",
                                            "cpu_time": 0.0,
                                            "extra_info": {
                                              "Join Type": "MARK",
                                              "Conditions": "c_customer_sk IS NOT DISTINCT FROM c_customer_sk",
                                              "Estimated Cardinality": "0",
                                              "Delim Index": "3"
                                            },
                                            "cumulative_cardinality": 0,
                                            "operator_type": "LEFT_DELIM_JOIN",
                                            "operator_cardinality": 0,
                                            "cumulative_rows_scanned": 0,
                                            "operator_rows_scanned": 0,
                                            "operator_timing": 0.000743418,
                                            "children": [
                                              {
                                                "total_bytes_written": 0,
                                                "total_bytes_read": 0,
                                                "result_set_size": 0,
                                                "operator_name": "LEFT_DELIM_JOIN",
                                                "cpu_time": 0.0,
                                                "extra_info": {
                                                  "Join Type": "MARK",
                                                  "Conditions": "c_customer_sk IS NOT DISTINCT FROM c_customer_sk",
                                                  "Estimated Cardinality": "16425",
                                                  "Delim Index": "2"
                                                },
                                                "cumulative_cardinality": 0,
                                                "operator_type": "LEFT_DELIM_JOIN",
                                                "operator_cardinality": 0,
                                                "cumulative_rows_scanned": 0,
                                                "operator_rows_scanned": 0,
                                                "operator_timing": 0.001354572,
                                                "children": [
                                                  {
                                                    "total_bytes_written": 0,
                                                    "total_bytes_read": 0,
                                                    "result_set_size": 0,
                                                    "operator_name": "LEFT_DELIM_JOIN",
                                                    "cpu_time": 0.0,
                                                    "extra_info": {
                                                      "Join Type": "SEMI",
                                                      "Conditions": "c_customer_sk IS NOT DISTINCT FROM c_customer_sk",
                                                      "Estimated Cardinality": "16425",
                                                      "Delim Index": "1"
                                                    },
                                                    "cumulative_cardinality": 0,
                                                    "operator_type": "LEFT_DELIM_JOIN",
                                                    "operator_cardinality": 0,
                                                    "cumulative_rows_scanned": 0,
                                                    "operator_rows_scanned": 0,
                                                    "operator_timing": 0.004090371,
                                                    "children": [
                                                      {
                                                        "total_bytes_written": 0,
                                                        "total_bytes_read": 0,
                                                        "result_set_size": 234780,
                                                        "operator_name": "HASH_JOIN",
                                                        "cpu_time": 0.0,
                                                        "extra_info": {
                                                          "Join Type": "INNER",
                                                          "Conditions": "cd_demo_sk = c_current_cdemo_sk",
                                                          "Estimated Cardinality": "82127"
                                                        },
                                                        "cumulative_cardinality": 0,
                                                        "operator_type": "HASH_JOIN",
                                                        "operator_cardinality": 2795,
                                                        "cumulative_rows_scanned": 0,
                                                        "operator_rows_scanned": 0,
                                                        "operator_timing": 0.015993273000000002,
                                                        "children": [
                                                          {
                                                            "total_bytes_written": 0,
                                                            "total_bytes_read": 0,
                                                            "result_set_size": 161230860,
                                                            "operator_name": "SEQ_SCAN ",
                                                            "cpu_time": 0.0,
                                                            "extra_info": {
                                                              "Table": "customer_demographics",
                                                              "Type": "Sequential Scan",
                                                              "Projections": [
                                                                "cd_demo_sk",
                                                                "cd_gender",
                                                                "cd_marital_status",
                                                                "cd_education_status",
                                                                "cd_purchase_estimate",
                                                                "cd_credit_rating",
                                                                "cd_dep_count",
                                                                "cd_dep_employed_count",
                                                                "cd_dep_college_count"
                                                              ],
                                                              "Filters": "cd_demo_sk>=4 AND cd_demo_sk<=1920791",
                                                              "Estimated Cardinality": "1920800"
                                                            },
                                                            "cumulative_cardinality": 0,
                                                            "operator_type": "TABLE_SCAN",
                                                            "operator_cardinality": 1919415,
                                                            "cumulative_rows_scanned": 0,
                                                            "operator_rows_scanned": 23049600,
                                                            "operator_timing": 0.009364521,
                                                            "children": []
                                                          },
                                                          {
                                                            "total_bytes_written": 0,
                                                            "total_bytes_read": 0,
                                                            "result_set_size": 34764,
                                                            "operator_name": "HASH_JOIN",
                                                            "cpu_time": 0.0,
                                                            "extra_info": {
                                                              "Join Type": "INNER",
                                                              "Conditions": "c_current_addr_sk = ca_address_sk",
                                                              "Estimated Cardinality": "82127"
                                                            },
                                                            "cumulative_cardinality": 0,
                                                            "operator_type": "HASH_JOIN",
                                                            "operator_cardinality": 2897,
                                                            "cumulative_rows_scanned": 0,
                                                            "operator_rows_scanned": 0,
                                                            "operator_timing": 0.0010782870000000003,
                                                            "children": [
                                                              {
                                                                "total_bytes_written": 0,
                                                                "total_bytes_read": 0,
                                                                "result_set_size": 5985396,
                                                                "operator_name": "SEQ_SCAN ",
                                                                "cpu_time": 0.0,
                                                                "extra_info": {
                                                                  "Table": "customer",
                                                                  "Type": "Sequential Scan",
                                                                  "Projections": [
                                                                    "c_current_addr_sk",
                                                                    "c_current_cdemo_sk",
                                                                    "c_customer_sk"
                                                                  ],
                                                                  "Estimated Cardinality": "500000"
                                                                },
                                                                "cumulative_cardinality": 0,
                                                                "operator_type": "TABLE_SCAN",
                                                                "operator_cardinality": 498783,
                                                                "cumulative_rows_scanned": 0,
                                                                "operator_rows_scanned": 2500000,
                                                                "operator_timing": 0.0017035689999999998,
                                                                "children": []
                                                              },
                                                              {
                                                                "total_bytes_written": 0,
                                                                "total_bytes_read": 0,
                                                                "result_set_size": 5948,
                                                                "operator_name": "PROJECTION",
                                                                "cpu_time": 0.0,
                                                                "extra_info": {
                                                                  "Projections": "#0",
                                                                  "Estimated Cardinality": "50000"
                                                                },
                                                                "cumulative_cardinality": 0,
                                                                "operator_type": "PROJECTION",
                                                                "operator_cardinality": 1487,
                                                                "cumulative_rows_scanned": 0,
                                                                "operator_rows_scanned": 0,
                                                                "operator_timing": 7.380000000000001e-07,
                                                                "children": [
                                                                  {
                                                                    "total_bytes_written": 0,
                                                                    "total_bytes_read": 0,
                                                                    "result_set_size": 7435,
                                                                    "operator_name": "FILTER",
                                                                    "cpu_time": 0.0,
                                                                    "extra_info": {
                                                                      "Expression": "IN (...)",
                                                                      "Estimated Cardinality": "50000"
                                                                    },
                                                                    "cumulative_cardinality": 0,
                                                                    "operator_type": "FILTER",
                                                                    "operator_cardinality": 1487,
                                                                    "cumulative_rows_scanned": 0,
                                                                    "operator_rows_scanned": 0,
                                                                    "operator_timing": 0.0005336539999999999,
                                                                    "children": [
                                                                      {
                                                                        "total_bytes_written": 0,
                                                                        "total_bytes_read": 0,
                                                                        "result_set_size": 1250000,
                                                                        "operator_name": "HASH_JOIN",
                                                                        "cpu_time": 0.0,
                                                                        "extra_info": {
                                                                          "Join Type": "MARK",
                                                                          "Conditions": "ca_county = #0",
                                                                          "Estimated Cardinality": "250000"
                                                                        },
                                                                        "cumulative_cardinality": 0,
                                                                        "operator_type": "HASH_JOIN",
                                                                        "operator_cardinality": 250000,
                                                                        "cumulative_rows_scanned": 0,
                                                                        "operator_rows_scanned": 0,
                                                                        "operator_timing": 0.0029977119999999996,
                                                                        "children": [
                                                                          {
                                                                            "total_bytes_written": 0,
                                                                            "total_bytes_read": 0,
                                                                            "result_set_size": 5000000,
                                                                            "operator_name": "SEQ_SCAN ",
                                                                            "cpu_time": 0.0,
                                                                            "extra_info": {
                                                                              "Table": "customer_address",
                                                                              "Type": "Sequential Scan",
                                                                              "Projections": [
                                                                                "ca_address_sk",
                                                                                "ca_county"
                                                                              ],
                                                                              "Filters": "optional: ca_county IN ('Storey County', 'Marquette County', 'Warren County', 'Cochran County', 'Kandiyohi County')",
                                                                              "Estimated Cardinality": "250000"
                                                                            },
                                                                            "cumulative_cardinality": 0,
                                                                            "operator_type": "TABLE_SCAN",
                                                                            "operator_cardinality": 250000,
                                                                            "cumulative_rows_scanned": 0,
                                                                            "operator_rows_scanned": 750000,
                                                                            "operator_timing": 0.003956791,
                                                                            "children": []
                                                                          },
                                                                          {
                                                                            "total_bytes_written": 0,
                                                                            "total_bytes_read": 0,
                                                                            "result_set_size": 80,
                                                                            "operator_name": "COLUMN_DATA_SCAN",
                                                                            "cpu_time": 0.0,
                                                                            "extra_info": {
                                                                              "Estimated Cardinality": "0"
                                                                            },
                                                                            "cumulative_cardinality": 0,
                                                                            "operator_type": "COLUMN_DATA_SCAN",
                                                                            "operator_cardinality": 5,
                                                                            "cumulative_rows_scanned": 0,
                                                                            "operator_rows_scanned": 0,
                                                                            "operator_timing": 3.599e-06,
                                                                            "children": []
                                                                          }
                                                                        ]
                                                                      }
                                                                    ]
                                                                  }
                                                                ]
                                                              }
                                                            ]
                                                          }
                                                        ]
                                                      },
                                                      {
                                                        "total_bytes_written": 0,
                                                        "total_bytes_read": 0,
                                                        "result_set_size": 38640,
                                                        "operator_name": "HASH_JOIN",
                                                        "cpu_time": 0.0,
                                                        "extra_info": {
                                                          "Join Type": "SEMI",
                                                          "Conditions": "c_customer_sk IS NOT DISTINCT FROM c_customer_sk",
                                                          "Estimated Cardinality": "16425"
                                                        },
                                                        "cumulative_cardinality": 0,
                                                        "operator_type": "HASH_JOIN",
                                                        "operator_cardinality": 460,
                                                        "cumulative_rows_scanned": 0,
                                                        "operator_rows_scanned": 0,
                                                        "operator_timing": 0.0016447179999999994,
                                                        "children": [
                                                          {
                                                            "total_bytes_written": 0,
                                                            "total_bytes_read": 0,
                                                            "result_set_size": 234780,
                                                            "operator_name": "COLUMN_DATA_SCAN",
                                                            "cpu_time": 0.0,
                                                            "extra_info": {
                                                              "Estimated Cardinality": "16425"
                                                            },
                                                            "cumulative_cardinality": 0,
                                                            "operator_type": "COLUMN_DATA_SCAN",
                                                            "operator_cardinality": 2795,
                                                            "cumulative_rows_scanned": 0,
                                                            "operator_rows_scanned": 0,
                                                            "operator_timing": 5.8288e-05,
                                                            "children": []
                                                          },
                                                          {
                                                            "total_bytes_written": 0,
                                                            "total_bytes_read": 0,
                                                            "result_set_size": 22020,
                                                            "operator_name": "PROJECTION",
                                                            "cpu_time": 0.0,
                                                            "extra_info": {
                                                              "Projections": "c_customer_sk",
                                                              "Estimated Cardinality": "45354"
                                                            },
                                                            "cumulative_cardinality": 0,
                                                            "operator_type": "PROJECTION",
                                                            "operator_cardinality": 5505,
                                                            "cumulative_rows_scanned": 0,
                                                            "operator_rows_scanned": 0,
                                                            "operator_timing": 6.1450000000000005e-06,
                                                            "children": [
                                                              {
                                                                "total_bytes_written": 0,
                                                                "total_bytes_read": 0,
                                                                "result_set_size": 44040,
                                                                "operator_name": "HASH_JOIN",
                                                                "cpu_time": 0.0,
                                                                "extra_info": {
                                                                  "Join Type": "INNER",
                                                                  "Conditions": "ss_customer_sk = c_customer_sk",
                                                                  "Estimated Cardinality": "45354"
                                                                },
                                                                "cumulative_cardinality": 0,
                                                                "operator_type": "HASH_JOIN",
                                                                "operator_cardinality": 5505,
                                                                "cumulative_rows_scanned": 0,
                                                                "operator_rows_scanned": 0,
                                                                "operator_timing": 0.014576326999999998,
                                                                "children": [
                                                                  {
                                                                    "total_bytes_written": 0,
                                                                    "total_bytes_read": 0,
                                                                    "result_set_size": 8256320,
                                                                    "operator_name": "HASH_JOIN",
                                                                    "cpu_time": 0.0,
                                                                    "extra_info": {
                                                                      "Join Type": "INNER",
                                                                      "Conditions": "ss_sold_date_sk = d_date_sk",
                                                                      "Estimated Cardinality": "230647"
                                                                    },
                                                                    "cumulative_cardinality": 0,
                                                                    "operator_type": "HASH_JOIN",
                                                                    "operator_cardinality": 1032040,
                                                                    "cumulative_rows_scanned": 0,
                                                                    "operator_rows_scanned": 0,
                                                                    "operator_timing": 0.023775349000000008,
                                                                    "children": [
                                                                      {
                                                                        "total_bytes_written": 0,
                                                                        "total_bytes_read": 0,
                                                                        "result_set_size": 8256320,
                                                                        "operator_name": "SEQ_SCAN ",
                                                                        "cpu_time": 0.0,
                                                                        "extra_info": {
                                                                          "Table": "store_sales",
                                                                          "Type": "Sequential Scan",
                                                                          "Projections": [
                                                                            "ss_customer_sk",
                                                                            "ss_sold_date_sk"
                                                                          ],
                                                                          "Estimated Cardinality": "28800991"
                                                                        },
                                                                        "cumulative_cardinality": 0,
                                                                        "operator_type": "TABLE_SCAN",
                                                                        "operator_cardinality": 1032040,
                                                                        "cumulative_rows_scanned": 0,
                                                                        "operator_rows_scanned": 345611892,
                                                                        "operator_timing": 0.17926639300000008,
                                                                        "children": []
                                                                      },
                                                                      {
                                                                        "total_bytes_written": 0,
                                                                        "total_bytes_read": 0,
                                                                        "result_set_size": 480,
                                                                        "operator_name": "FILTER",
                                                                        "cpu_time": 0.0,
                                                                        "extra_info": {
                                                                          "Expression": "(d_date_sk BETWEEN 2450816 AND 2452642)",
                                                                          "Estimated Cardinality": "585"
                                                                        },
                                                                        "cumulative_cardinality": 0,
                                                                        "operator_type": "FILTER",
                                                                        "operator_cardinality": 120,
                                                                        "cumulative_rows_scanned": 0,
                                                                        "operator_rows_scanned": 0,
                                                                        "operator_timing": 9.766e-06,
                                                                        "children": [
                                                                          {
                                                                            "total_bytes_written": 0,
                                                                            "total_bytes_read": 0,
                                                                            "result_set_size": 480,
                                                                            "operator_name": "SEQ_SCAN ",
                                                                            "cpu_time": 0.0,
                                                                            "extra_info": {
                                                                              "Table": "date_dim",
                                                                              "Type": "Sequential Scan",
                                                                              "Projections": "d_date_sk",
                                                                              "Filters": [
                                                                                "d_year=2001",
                                                                                "d_moy>=1 AND d_moy<=4"
                                                                              ],
                                                                              "Estimated Cardinality": "585"
                                                                            },
                                                                            "cumulative_cardinality": 0,
                                                                            "operator_type": "TABLE_SCAN",
                                                                            "operator_cardinality": 120,
                                                                            "cumulative_rows_scanned": 0,
                                                                            "operator_rows_scanned": 73049,
                                                                            "operator_timing": 5.7318e-05,
                                                                            "children": []
                                                                          }
                                                                        ]
                                                                      }
                                                                    ]
                                                                  },
                                                                  {
                                                                    "total_bytes_written": 0,
                                                                    "total_bytes_read": 0,
                                                                    "result_set_size": 0,
                                                                    "operator_name": "DELIM_SCAN",
                                                                    "cpu_time": 0.0,
                                                                    "extra_info": {
                                                                      "Delim Index": "1",
                                                                      "Estimated Cardinality": "75736"
                                                                    },
                                                                    "cumulative_cardinality": 0,
                                                                    "operator_type": "DELIM_SCAN",
                                                                    "operator_cardinality": 0,
                                                                    "cumulative_rows_scanned": 0,
                                                                    "operator_rows_scanned": 0,
                                                                    "operator_timing": 0.0,
                                                                    "children": []
                                                                  }
                                                                ]
                                                              }
                                                            ]
                                                          }
                                                        ]
                                                      },
                                                      {
                                                        "total_bytes_written": 0,
                                                        "total_bytes_read": 0,
                                                        "result_set_size": 11180,
                                                        "operator_name": "HASH_GROUP_BY",
                                                        "cpu_time": 0.0,
                                                        "extra_info": {
                                                          "Groups": "#8",
                                                          "Aggregates": "",
                                                          "Estimated Cardinality": "75736"
                                                        },
                                                        "cumulative_cardinality": 0,
                                                        "operator_type": "HASH_GROUP_BY",
                                                        "operator_cardinality": 2795,
                                                        "cumulative_rows_scanned": 0,
                                                        "operator_rows_scanned": 0,
                                                        "operator_timing": 0.0016594659999999998,
                                                        "children": []
                                                      }
                                                    ]
                                                  },
                                                  {
                                                    "total_bytes_written": 0,
                                                    "total_bytes_read": 0,
                                                    "result_set_size": 39100,
                                                    "operator_name": "HASH_JOIN",
                                                    "cpu_time": 0.0,
                                                    "extra_info": {
                                                      "Join Type": "MARK",
                                                      "Conditions": "c_customer_sk IS NOT DISTINCT FROM c_customer_sk",
                                                      "Estimated Cardinality": "16425"
                                                    },
                                                    "cumulative_cardinality": 0,
                                                    "operator_type": "HASH_JOIN",
                                                    "operator_cardinality": 460,
                                                    "cumulative_rows_scanned": 0,
                                                    "operator_rows_scanned": 0,
                                                    "operator_timing": 0.000505798,
                                                    "children": [
                                                      {
                                                        "total_bytes_written": 0,
                                                        "total_bytes_read": 0,
                                                        "result_set_size": 38640,
                                                        "operator_name": "COLUMN_DATA_SCAN",
                                                        "cpu_time": 0.0,
                                                        "extra_info": {
                                                          "Estimated Cardinality": "16425"
                                                        },
                                                        "cumulative_cardinality": 0,
                                                        "operator_type": "COLUMN_DATA_SCAN",
                                                        "operator_cardinality": 460,
                                                        "cumulative_rows_scanned": 0,
                                                        "operator_rows_scanned": 0,
                                                        "operator_timing": 3.0466e-05,
                                                        "children": []
                                                      },
                                                      {
                                                        "total_bytes_written": 0,
                                                        "total_bytes_read": 0,
                                                        "result_set_size": 1080,
                                                        "operator_name": "PROJECTION",
                                                        "cpu_time": 0.0,
                                                        "extra_info": {
                                                          "Projections": "c_customer_sk",
                                                          "Estimated Cardinality": "3059"
                                                        },
                                                        "cumulative_cardinality": 0,
                                                        "operator_type": "PROJECTION",
                                                        "operator_cardinality": 270,
                                                        "cumulative_rows_scanned": 0,
                                                        "operator_rows_scanned": 0,
                                                        "operator_timing": 4.2340000000000005e-06,
                                                        "children": [
                                                          {
                                                            "total_bytes_written": 0,
                                                            "total_bytes_read": 0,
                                                            "result_set_size": 2160,
                                                            "operator_name": "HASH_JOIN",
                                                            "cpu_time": 0.0,
                                                            "extra_info": {
                                                              "Join Type": "INNER",
                                                              "Conditions": "ws_bill_customer_sk = c_customer_sk",
                                                              "Estimated Cardinality": "3059"
                                                            },
                                                            "cumulative_cardinality": 0,
                                                            "operator_type": "HASH_JOIN",
                                                            "operator_cardinality": 270,
                                                            "cumulative_rows_scanned": 0,
                                                            "operator_rows_scanned": 0,
                                                            "operator_timing": 0.0038864100000000007,
                                                            "children": [
                                                              {
                                                                "total_bytes_written": 0,
                                                                "total_bytes_read": 0,
                                                                "result_set_size": 2186816,
                                                                "operator_name": "HASH_JOIN",
                                                                "cpu_time": 0.0,
                                                                "extra_info": {
                                                                  "Join Type": "INNER",
                                                                  "Conditions": "ws_sold_date_sk = d_date_sk",
                                                                  "Estimated Cardinality": "57640"
                                                                },
                                                                "cumulative_cardinality": 0,
                                                                "operator_type": "HASH_JOIN",
                                                                "operator_cardinality": 273352,
                                                                "cumulative_rows_scanned": 0,
                                                                "operator_rows_scanned": 0,
                                                                "operator_timing": 0.006360602000000001,
                                                                "children": [
                                                                  {
                                                                    "total_bytes_written": 0,
                                                                    "total_bytes_read": 0,
                                                                    "result_set_size": 2186816,
                                                                    "operator_name": "SEQ_SCAN ",
                                                                    "cpu_time": 0.0,
                                                                    "extra_info": {
                                                                      "Table": "web_sales",
                                                                      "Type": "Sequential Scan",
                                                                      "Projections": [
                                                                        "ws_bill_customer_sk",
                                                                        "ws_sold_date_sk"
                                                                      ],
                                                                      "Estimated Cardinality": "7197566"
                                                                    },
                                                                    "cumulative_cardinality": 0,
                                                                    "operator_type": "TABLE_SCAN",
                                                                    "operator_cardinality": 273352,
                                                                    "cumulative_rows_scanned": 0,
                                                                    "operator_rows_scanned": 86370792,
                                                                    "operator_timing": 0.03830765800000001,
                                                                    "children": []
                                                                  },
                                                                  {
                                                                    "total_bytes_written": 0,
                                                                    "total_bytes_read": 0,
                                                                    "result_set_size": 480,
                                                                    "operator_name": "FILTER",
                                                                    "cpu_time": 0.0,
                                                                    "extra_info": {
                                                                      "Expression": "(d_date_sk BETWEEN 2450816 AND 2452642)",
                                                                      "Estimated Cardinality": "585"
                                                                    },
                                                                    "cumulative_cardinality": 0,
                                                                    "operator_type": "FILTER",
                                                                    "operator_cardinality": 120,
                                                                    "cumulative_rows_scanned": 0,
                                                                    "operator_rows_scanned": 0,
                                                                    "operator_timing": 1.1724e-05,
                                                                    "children": [
                                                                      {
                                                                        "total_bytes_written": 0,
                                                                        "total_bytes_read": 0,
                                                                        "result_set_size": 480,
                                                                        "operator_name": "SEQ_SCAN ",
                                                                        "cpu_time": 0.0,
                                                                        "extra_info": {
                                                                          "Table": "date_dim",
                                                                          "Type": "Sequential Scan",
                                                                          "Projections": "d_date_sk",
                                                                          "Filters": [
                                                                            "d_year=2001",
                                                                            "d_moy>=1 AND d_moy<=4"
                                                                          ],
                                                                          "Estimated Cardinality": "585"
                                                                        },
                                                                        "cumulative_cardinality": 0,
                                                                        "operator_type": "TABLE_SCAN",
                                                                        "operator_cardinality": 120,
                                                                        "cumulative_rows_scanned": 0,
                                                                        "operator_rows_scanned": 73049,
                                                                        "operator_timing": 4.8104e-05,
                                                                        "children": []
                                                                      }
                                                                    ]
                                                                  }
                                                                ]
                                                              },
                                                              {
                                                                "total_bytes_written": 0,
                                                                "total_bytes_read": 0,
                                                                "result_set_size": 0,
                                                                "operator_name": "DELIM_SCAN",
                                                                "cpu_time": 0.0,
                                                                "extra_info": {
                                                                  "Delim Index": "2",
                                                                  "Estimated Cardinality": "16158"
                                                                },
                                                                "cumulative_cardinality": 0,
                                                                "operator_type": "DELIM_SCAN",
                                                                "operator_cardinality": 0,
                                                                "cumulative_rows_scanned": 0,
                                                                "operator_rows_scanned": 0,
                                                                "operator_timing": 0.0,
                                                                "children": []
                                                              }
                                                            ]
                                                          }
                                                        ]
                                                      }
                                                    ]
                                                  },
                                                  {
                                                    "total_bytes_written": 0,
                                                    "total_bytes_read": 0,
                                                    "result_set_size": 1840,
                                                    "operator_name": "HASH_GROUP_BY",
                                                    "cpu_time": 0.0,
                                                    "extra_info": {
                                                      "Groups": "#8",
                                                      "Aggregates": "",
                                                      "Estimated Cardinality": "16158"
                                                    },
                                                    "cumulative_cardinality": 0,
                                                    "operator_type": "HASH_GROUP_BY",
                                                    "operator_cardinality": 460,
                                                    "cumulative_rows_scanned": 0,
                                                    "operator_rows_scanned": 0,
                                                    "operator_timing": 0.001245983,
                                                    "children": []
                                                  }
                                                ]
                                              },
                                              {
                                                "total_bytes_written": 0,
                                                "total_bytes_read": 0,
                                                "result_set_size": 37720,
                                                "operator_name": "HASH_JOIN",
                                                "cpu_time": 0.0,
                                                "extra_info": {
                                                  "Join Type": "MARK",
                                                  "Conditions": "c_customer_sk IS NOT DISTINCT FROM c_customer_sk",
                                                  "Estimated Cardinality": "0"
                                                },
                                                "cumulative_cardinality": 0,
                                                "operator_type": "HASH_JOIN",
                                                "operator_cardinality": 460,
                                                "cumulative_rows_scanned": 0,
                                                "operator_rows_scanned": 0,
                                                "operator_timing": 0.00045861100000000004,
                                                "children": [
                                                  {
                                                    "total_bytes_written": 0,
                                                    "total_bytes_read": 0,
                                                    "result_set_size": 39100,
                                                    "operator_name": "COLUMN_DATA_SCAN",
                                                    "cpu_time": 0.0,
                                                    "extra_info": {
                                                      "Estimated Cardinality": "0"
                                                    },
                                                    "cumulative_cardinality": 0,
                                                    "operator_type": "COLUMN_DATA_SCAN",
                                                    "operator_cardinality": 460,
                                                    "cumulative_rows_scanned": 0,
                                                    "operator_rows_scanned": 0,
                                                    "operator_timing": 7.3252e-05,
                                                    "children": []
                                                  },
                                                  {
                                                    "total_bytes_written": 0,
                                                    "total_bytes_read": 0,
                                                    "result_set_size": 2480,
                                                    "operator_name": "PROJECTION",
                                                    "cpu_time": 0.0,
                                                    "extra_info": {
                                                      "Projections": "c_customer_sk",
                                                      "Estimated Cardinality": "5739"
                                                    },
                                                    "cumulative_cardinality": 0,
                                                    "operator_type": "PROJECTION",
                                                    "operator_cardinality": 620,
                                                    "cumulative_rows_scanned": 0,
                                                    "operator_rows_scanned": 0,
                                                    "operator_timing": 1.5320000000000001e-06,
                                                    "children": [
                                                      {
                                                        "total_bytes_written": 0,
                                                        "total_bytes_read": 0,
                                                        "result_set_size": 4960,
                                                        "operator_name": "HASH_JOIN",
                                                        "cpu_time": 0.0,
                                                        "extra_info": {
                                                          "Join Type": "INNER",
                                                          "Conditions": "cs_ship_customer_sk = c_customer_sk",
                                                          "Estimated Cardinality": "5739"
                                                        },
                                                        "cumulative_cardinality": 0,
                                                        "operator_type": "HASH_JOIN",
                                                        "operator_cardinality": 620,
                                                        "cumulative_rows_scanned": 0,
                                                        "operator_rows_scanned": 0,
                                                        "operator_timing": 0.0024706189999999994,
                                                        "children": [
                                                          {
                                                            "total_bytes_written": 0,
                                                            "total_bytes_read": 0,
                                                            "result_set_size": 4276920,
                                                            "operator_name": "HASH_JOIN",
                                                            "cpu_time": 0.0,
                                                            "extra_info": {
                                                              "Join Type": "INNER",
                                                              "Conditions": "cs_sold_date_sk = d_date_sk",
                                                              "Estimated Cardinality": "115329"
                                                            },
                                                            "cumulative_cardinality": 0,
                                                            "operator_type": "HASH_JOIN",
                                                            "operator_cardinality": 534615,
                                                            "cumulative_rows_scanned": 0,
                                                            "operator_rows_scanned": 0,
                                                            "operator_timing": 0.001798881,
                                                            "children": [
                                                              {
                                                                "total_bytes_written": 0,
                                                                "total_bytes_read": 0,
                                                                "result_set_size": 4276920,
                                                                "operator_name": "SEQ_SCAN ",
                                                                "cpu_time": 0.0,
                                                                "extra_info": {
                                                                  "Table": "catalog_sales",
                                                                  "Type": "Sequential Scan",
                                                                  "Projections": [
                                                                    "cs_ship_customer_sk",
                                                                    "cs_sold_date_sk"
                                                                  ],
                                                                  "Estimated Cardinality": "14401261"
                                                                },
                                                                "cumulative_cardinality": 0,
                                                                "operator_type": "TABLE_SCAN",
                                                                "operator_cardinality": 534615,
                                                                "cumulative_rows_scanned": 0,
                                                                "operator_rows_scanned": 172815132,
                                                                "operator_timing": 0.004957082,
                                                                "children": []
                                                              },
                                                              {
                                                                "total_bytes_written": 0,
                                                                "total_bytes_read": 0,
                                                                "result_set_size": 480,
                                                                "operator_name": "FILTER",
                                                                "cpu_time": 0.0,
                                                                "extra_info": {
                                                                  "Expression": "(d_date_sk BETWEEN 2450815 AND 2452653)",
                                                                  "Estimated Cardinality": "585"
                                                                },
                                                                "cumulative_cardinality": 0,
                                                                "operator_type": "FILTER",
                                                                "operator_cardinality": 120,
                                                                "cumulative_rows_scanned": 0,
                                                                "operator_rows_scanned": 0,
                                                                "operator_timing": 9.531e-06,
                                                                "children": [
                                                                  {
                                                                    "total_bytes_written": 0,
                                                                    "total_bytes_read": 0,
                                                                    "result_set_size": 480,
                                                                    "operator_name": "SEQ_SCAN ",
                                                                    "cpu_time": 0.0,
                                                                    "extra_info": {
                                                                      "Table": "date_dim",
                                                                      "Type": "Sequential Scan",
                                                                      "Projections": "d_date_sk",
                                                                      "Filters": [
                                                                        "d_year=2001",
                                                                        "d_moy>=1 AND d_moy<=4"
                                                                      ],
                                                                      "Estimated Cardinality": "585"
                                                                    },
                                                                    "cumulative_cardinality": 0,
                                                                    "operator_type": "TABLE_SCAN",
                                                                    "operator_cardinality": 120,
                                                                    "cumulative_rows_scanned": 0,
                                                                    "operator_rows_scanned": 73049,
                                                                    "operator_timing": 4.5346e-05,
                                                                    "children": []
                                                                  }
                                                                ]
                                                              }
                                                            ]
                                                          },
                                                          {
                                                            "total_bytes_written": 0,
                                                            "total_bytes_read": 0,
                                                            "result_set_size": 0,
                                                            "operator_name": "DELIM_SCAN",
                                                            "cpu_time": 0.0,
                                                            "extra_info": {
                                                              "Delim Index": "3",
                                                              "Estimated Cardinality": "16158"
                                                            },
                                                            "cumulative_cardinality": 0,
                                                            "operator_type": "DELIM_SCAN",
                                                            "operator_cardinality": 0,
                                                            "cumulative_rows_scanned": 0,
                                                            "operator_rows_scanned": 0,
                                                            "operator_timing": 0.0,
                                                            "children": []
                                                          }
                                                        ]
                                                      }
                                                    ]
                                                  }
                                                ]
                                              },
                                              {
                                                "total_bytes_written": 0,
                                                "total_bytes_read": 0,
                                                "result_set_size": 1840,
                                                "operator_name": "HASH_GROUP_BY",
                                                "cpu_time": 0.0,
                                                "extra_info": {
                                                  "Groups": "#8",
                                                  "Aggregates": "",
                                                  "Estimated Cardinality": "16158"
                                                },
                                                "cumulative_cardinality": 0,
                                                "operator_type": "HASH_GROUP_BY",
                                                "operator_cardinality": 460,
                                                "cumulative_rows_scanned": 0,
                                                "operator_rows_scanned": 0,
                                                "operator_timing": 0.001427099,
                                                "children": []
                                              }
                                            ]
                                          }
                                        ]
                                      }
                                    ]
                                  }
                                ]
                              }
                            ]
                          }
                        ]
                      }
                    ]
                  }
                ]
              }
            ]
          }
        ]
      }
    ]
  }
}