{
  "benchmark": "tpcds",
  "query_id": "query_66",
  "source_sql": "/mnt/d/TPC-DS/queries_duckdb_converted/query_66.sql",
  "database": "/mnt/d/TPC-DS/tpcds_sf10.duckdb",
  "statement_count": 1,
  "client_elapsed_ms": 109.99396500119474,
  "execution_time_ms": 0.0,
  "plan_json": {
    "total_bytes_written": 0,
    "total_bytes_read": 0,
    "rows_returned": 0,
    "latency": 0.0,
    "result_set_size": 0,
    "query_name": "",
    "blocked_thread_time": 0.0,
    "system_peak_buffer_memory": 0,
    "system_peak_temp_dir_size": 0,
    "cpu_time": 0.0,
    "extra_info": {},
    "cumulative_cardinality": 0,
    "cumulative_rows_scanned": 0,
    "children": [
      {
        "total_bytes_written": 0,
        "total_bytes_read": 0,
        "result_set_size": 0,
        "operator_name": "EXPLAIN_ANALYZE",
        "cpu_time": 0.0,
        "extra_info": {},
        "cumulative_cardinality": 0,
        "operator_type": "EXPLAIN_ANALYZE",
        "operator_cardinality": 0,
        "cumulative_rows_scanned": 0,
        "operator_rows_scanned": 0,
        "operator_timing": 2.99e-07,
        "children": [
          {
            "total_bytes_written": 0,
            "total_bytes_read": 0,
            "result_set_size": 5840,
            "operator_name": "TOP_N",
            "cpu_time": 0.0,
            "extra_info": {
              "Top": "100",
              "Order By": "x.w_warehouse_name ASC"
            },
            "cumulative_cardinality": 0,
            "operator_type": "TOP_N",
            "operator_cardinality": 10,
            "cumulative_rows_scanned": 0,
            "operator_rows_scanned": 0,
            "operator_timing": 0.000303241,
            "children": [
              {
                "total_bytes_written": 0,
                "total_bytes_read": 0,
                "result_set_size": 5840,
                "operator_name": "PROJECTION",
                "cpu_time": 0.0,
                "extra_info": {
                  "Projections": [
                    "#0",
                    "#1",
                    "__internal_decompress_string(#2)",
                    "__internal_decompress_string(#3)",
                    "__internal_decompress_string(#4)",
                    "__internal_decompress_string(#5)",
                    "#6",
                    "__internal_decompress_integral_integer(#7, 1998)",
                    "#8",
                    "#9",
                    "#10",
                    "#11",
                    "#12",
                    "#13",
                    "#14",
                    "#15",
                    "#16",
                    "#17",
                    "#18",
                    "#19",
                    "#20",
                    "#21",
                    "#22",
                    "#23",
                    "#24",
                    "#25",
                    "#26",
                    "#27",
                    "#28",
                    "#29",
                    "#30",
                    "#31",
                    "#32",
                    "#33",
                    "#34",
                    "#35",
                    "#36",
                    "#37",
                    "#38",
                    "#39",
                    "#40",
                    "#41",
                    "#42",
                    "#43"
                  ],
                  "Estimated Cardinality": "6835"
                },
                "cumulative_cardinality": 0,
                "operator_type": "PROJECTION",
                "operator_cardinality": 10,
                "cumulative_rows_scanned": 0,
                "operator_rows_scanned": 0,
                "operator_timing": 0.000103583,
                "children": [
                  {
                    "total_bytes_written": 0,
                    "total_bytes_read": 0,
                    "result_set_size": 5690,
                    "operator_name": "HASH_GROUP_BY",
                    "cpu_time": 0.0,
                    "extra_info": {
                      "Groups": [
                        "#0",
                        "#1",
                        "#2",
                        "#3",
                        "#4",
                        "#5",
                        "#6",
                        "#7"
                      ],
                      "Aggregates": [
                        "sum(#8)",
                        "sum(#9)",
                        "sum(#10)",
                        "sum(#11)",
                        "sum(#12)",
                        "sum(#13)",
                        "sum(#14)",
                        "sum(#15)",
                        "sum(#16)",
                        "sum(#17)",
                        "sum(#18)",
                        "sum(#19)",
                        "sum(#20)",
                        "sum(#21)",
                        "sum(#22)",
                        "sum(#23)",
                        "sum(#24)",
                        "sum(#25)",
                        "sum(#26)",
                        "sum(#27)",
                        "sum(#28)",
                        "sum(#29)",
                        "sum(#30)",
                        "sum(#31)",
                        "sum(#32)",
                        "sum(#33)",
                        "sum(#34)",
                        "sum(#35)",
                        "sum(#36)",
                        "sum(#37)",
                        "sum(#38)",
                        "sum(#39)",
                        "sum(#40)",
                        "sum(#41)",
                        "sum(#42)",
                        "sum(#43)"
                      ],
                      "Estimated Cardinality": "6835"
                    },
                    "cumulative_cardinality": 0,
                    "operator_type": "HASH_GROUP_BY",
                    "operator_cardinality": 10,
                    "cumulative_rows_scanned": 0,
                    "operator_rows_scanned": 0,
                    "operator_timing": 0.005934983,
                    "children": [
                      {
                        "total_bytes_written": 0,
                        "total_bytes_read": 0,
                        "result_set_size": 11380,
                        "operator_name": "PROJECTION",
                        "cpu_time": 0.0,
                        "extra_info": {
                          "Projections": [
                            "w_warehouse_name",
                            "w_warehouse_sq_ft",
                            "w_city",
                            "w_county",
                            "w_state",
                            "w_country",
                            "ship_carriers",
                            "year",
                            "jan_sales",
                            "feb_sales",
                            "mar_sales",
                            "apr_sales",
                            "may_sales",
                            "jun_sales",
                            "jul_sales",
                            "aug_sales",
                            "sep_sales",
                            "oct_sales",
                            "nov_sales",
                            "dec_sales",
                            "(CAST(jan_sales AS DOUBLE) / #20)",
                            "(CAST(feb_sales AS DOUBLE) / #20)",
                            "(CAST(mar_sales AS DOUBLE) / #20)",
                            "(CAST(apr_sales AS DOUBLE) / #20)",
                            "(CAST(may_sales AS DOUBLE) / #20)",
                            "(CAST(jun_sales AS DOUBLE) / #20)",
                            "(CAST(jul_sales AS DOUBLE) / #20)",
                            "(CAST(aug_sales AS DOUBLE) / #20)",
                            "(CAST(sep_sales AS DOUBLE) / #20)",
                            "(CAST(oct_sales AS DOUBLE) / #20)",
                            "(CAST(nov_sales AS DOUBLE) / #20)",
                            "(CAST(dec_sales AS DOUBLE) / #20)",
                            "jan_net",
                            "feb_net",
                            "mar_net",
                            "apr_net",
                            "may_net",
                            "jun_net",
                            "jul_net",
                            "aug_net",
                            "sep_net",
                            "oct_net",
                            "nov_net",
                            "dec_net"
                          ],
                          "Estimated Cardinality": "6835"
                        },
                        "cumulative_cardinality": 0,
                        "operator_type": "PROJECTION",
                        "operator_cardinality": 20,
                        "cumulative_rows_scanned": 0,
                        "operator_rows_scanned": 0,
                        "operator_timing": 0.0003410059999999999,
                        "children": [
                          {
                            "total_bytes_written": 0,
                            "total_bytes_read": 0,
                            "result_set_size": 9620,
                            "operator_name": "PROJECTION",
                            "cpu_time": 0.0,
                            "extra_info": {
                              "Projections": [
                                "#0",
                                "#1",
                                "__internal_compress_string_uhugeint(#2)",
                                "__internal_compress_string_uhugeint(#3)",
                                "__internal_compress_string_uinteger(#4)",
                                "__internal_compress_string_uhugeint(#5)",
                                "#6",
                                "__internal_compress_integral_utinyint(#7, 1998)",
                                "#8",
                                "#9",
                                "#10",
                                "#11",
                                "#12",
                                "#13",
                                "#14",
                                "#15",
                                "#16",
                                "#17",
                                "#18",
                                "#19",
                                "#20",
                                "#21",
                                "#22",
                                "#23",
                                "#24",
                                "#25",
                                "#26",
                                "#27",
                                "#28",
                                "#29",
                                "#30",
                                "#31",
                                "#32"
                              ],
                              "Estimated Cardinality": "6835"
                            },
                            "cumulative_cardinality": 0,
                            "operator_type": "PROJECTION",
                            "operator_cardinality": 20,
                            "cumulative_rows_scanned": 0,
                            "operator_rows_scanned": 0,
                            "operator_timing": 8.1693e-05,
                            "children": [
                              {
                                "total_bytes_written": 0,
                                "total_bytes_read": 0,
                                "result_set_size": 9920,
                                "operator_name": "PROJECTION",
                                "cpu_time": 0.0,
                                "extra_info": {
                                  "Projections": [
                                    "w_warehouse_name",
                                    "w_warehouse_sq_ft",
                                    "w_city",
                                    "w_county",
                                    "w_state",
                                    "w_country",
                                    "ship_carriers",
                                    "year",
                                    "jan_sales",
                                    "feb_sales",
                                    "mar_sales",
                                    "apr_sales",
                                    "may_sales",
                                    "jun_sales",
                                    "jul_sales",
                                    "aug_sales",
                                    "sep_sales",
                                    "oct_sales",
                                    "nov_sales",
                                    "dec_sales",
                                    "CAST(w_warehouse_sq_ft AS DOUBLE)",
                                    "jan_net",
                                    "feb_net",
                                    "mar_net",
                                    "apr_net",
                                    "may_net",
                                    "jun_net",
                                    "jul_net",
                                    "aug_net",
                                    "sep_net",
                                    "oct_net",
                                    "nov_net",
                                    "dec_net"
                                  ],
                                  "Estimated Cardinality": "6835"
                                },
                                "cumulative_cardinality": 0,
                                "operator_type": "PROJECTION",
                                "operator_cardinality": 20,
                                "cumulative_rows_scanned": 0,
                                "operator_rows_scanned": 0,
                                "operator_timing": 5.4380000000000005e-05,
                                "children": [
                                  {
                                    "total_bytes_written": 0,
                                    "total_bytes_read": 0,
                                    "result_set_size": 0,
                                    "operator_name": "UNION",
                                    "cpu_time": 0.0,
                                    "extra_info": {},
                                    "cumulative_cardinality": 0,
                                    "operator_type": "UNION",
                                    "operator_cardinality": 0,
                                    "cumulative_rows_scanned": 0,
                                    "operator_rows_scanned": 0,
                                    "operator_timing": 0.0,
                                    "children": [
                                      {
                                        "total_bytes_written": 0,
                                        "total_bytes_read": 0,
                                        "result_set_size": 4880,
                                        "operator_name": "PROJECTION",
                                        "cpu_time": 0.0,
                                        "extra_info": {
                                          "Projections": [
                                            "w_warehouse_name",
                                            "w_warehouse_sq_ft",
                                            "w_city",
                                            "w_county",
                                            "w_state",
                                            "w_country",
                                            "ship_carriers",
                                            "year",
                                            "jan_sales",
                                            "feb_sales",
                                            "mar_sales",
                                            "apr_sales",
                                            "may_sales",
                                            "jun_sales",
                                            "jul_sales",
                                            "aug_sales",
                                            "sep_sales",
                                            "oct_sales",
                                            "nov_sales",
                                            "dec_sales",
                                            "jan_net",
                                            "feb_net",
                                            "mar_net",
                                            "apr_net",
                                            "may_net",
                                            "jun_net",
                                            "jul_net",
                                            "aug_net",
                                            "sep_net",
                                            "oct_net",
                                            "nov_net",
                                            "dec_net"
                                          ],
                                          "Estimated Cardinality": "2336"
                                        },
                                        "cumulative_cardinality": 0,
                                        "operator_type": "PROJECTION",
                                        "operator_cardinality": 10,
                                        "cumulative_rows_scanned": 0,
                                        "operator_rows_scanned": 0,
                                        "operator_timing": 3.7347e-05,
                                        "children": [
                                          {
                                            "total_bytes_written": 0,
                                            "total_bytes_read": 0,
                                            "result_set_size": 4720,
                                            "operator_name": "PROJECTION",
                                            "cpu_time": 0.0,
                                            "extra_info": {
                                              "Projections": [
                                                "#0",
                                                "#1",
                                                "__internal_decompress_string(#2)",
                                                "__internal_decompress_string(#3)",
                                                "__internal_decompress_string(#4)",
                                                "__internal_decompress_string(#5)",
                                                "__internal_decompress_integral_integer(#6, 1998)",
                                                "#7",
                                                "#8",
                                                "#9",
                                                "#10",
                                                "#11",
                                                "#12",
                                                "#13",
                                                "#14",
                                                "#15",
                                                "#16",
                                                "#17",
                                                "#18",
                                                "#19",
                                                "#20",
                                                "#21",
                                                "#22",
                                                "#23",
                                                "#24",
                                                "#25",
                                                "#26",
                                                "#27",
                                                "#28",
                                                "#29",
                                                "#30"
                                              ],
                                              "Estimated Cardinality": "2336"
                                            },
                                            "cumulative_cardinality": 0,
                                            "operator_type": "PROJECTION",
                                            "operator_cardinality": 10,
                                            "cumulative_rows_scanned": 0,
                                            "operator_rows_scanned": 0,
                                            "operator_timing": 7.8146e-05,
                                            "children": [
                                              {
                                                "total_bytes_written": 0,
                                                "total_bytes_read": 0,
                                                "result_set_size": 4570,
                                                "operator_name": "HASH_GROUP_BY",
                                                "cpu_time": 0.0,
                                                "extra_info": {
                                                  "Groups": [
                                                    "#0",
                                                    "#1",
                                                    "#2",
                                                    "#3",
                                                    "#4",
                                                    "#5",
                                                    "#6"
                                                  ],
                                                  "Aggregates": [
                                                    "sum(#7)",
                                                    "sum(#8)",
                                                    "sum(#9)",
                                                    "sum(#10)",
                                                    "sum(#11)",
                                                    "sum(#12)",
                                                    "sum(#13)",
                                                    "sum(#14)",
                                                    "sum(#15)",
                                                    "sum(#16)",
                                                    "sum(#17)",
                                                    "sum(#18)",
                                                    "sum(#19)",
                                                    "sum(#20)",
                                                    "sum(#21)",
                                                    "sum(#22)",
                                                    "sum(#23)",
                                                    "sum(#24)",
                                                    "sum(#25)",
                                                    "sum(#26)",
                                                    "sum(#27)",
                                                    "sum(#28)",
                                                    "sum(#29)",
                                                    "sum(#30)"
                                                  ],
                                                  "Estimated Cardinality": "2336"
                                                },
                                                "cumulative_cardinality": 0,
                                                "operator_type": "HASH_GROUP_BY",
                                                "operator_cardinality": 10,
                                                "cumulative_rows_scanned": 0,
                                                "operator_rows_scanned": 0,
                                                "operator_timing": 0.013821647,
                                                "children": [
                                                  {
                                                    "total_bytes_written": 0,
                                                    "total_bytes_read": 0,
                                                    "result_set_size": 17010085,
                                                    "operator_name": "PROJECTION",
                                                    "cpu_time": 0.0,
                                                    "extra_info": {
                                                      "Projections": [
                                                        "w_warehouse_name",
                                                        "w_warehouse_sq_ft",
                                                        "w_city",
                                                        "w_county",
                                                        "w_state",
                                                        "w_country",
                                                        "d_year",
                                                        "CASE  WHEN (#7) THEN ((CAST(ws_ext_sales_price AS DECIMAL(17,2)) * CAST(ws_quantity AS DECIMAL(17,0)))) ELSE 0.00 END",
                                                        "CASE  WHEN (#10) THEN ((CAST(ws_ext_sales_price AS DECIMAL(17,2)) * CAST(ws_quantity AS DECIMAL(17,0)))) ELSE 0.00 END",
                                                        "CASE  WHEN (#11) THEN ((CAST(ws_ext_sales_price AS DECIMAL(17,2)) * CAST(ws_quantity AS DECIMAL(17,0)))) ELSE 0.00 END",
                                                        "CASE  WHEN (#12) THEN ((CAST(ws_ext_sales_price AS DECIMAL(17,2)) * CAST(ws_quantity AS DECIMAL(17,0)))) ELSE 0.00 END",
                                                        "CASE  WHEN (#13) THEN ((CAST(ws_ext_sales_price AS DECIMAL(17,2)) * CAST(ws_quantity AS DECIMAL(17,0)))) ELSE 0.00 END",
                                                        "CASE  WHEN (#14) THEN ((CAST(ws_ext_sales_price AS DECIMAL(17,2)) * CAST(ws_quantity AS DECIMAL(17,0)))) ELSE 0.00 END",
                                                        "CASE  WHEN (#15) THEN ((CAST(ws_ext_sales_price AS DECIMAL(17,2)) * CAST(ws_quantity AS DECIMAL(17,0)))) ELSE 0.00 END",
                                                        "CASE  WHEN (#16) THEN ((CAST(ws_ext_sales_price AS DECIMAL(17,2)) * CAST(ws_quantity AS DECIMAL(17,0)))) ELSE 0.00 END",
                                                        "CASE  WHEN (#17) THEN ((CAST(ws_ext_sales_price AS DECIMAL(17,2)) * CAST(ws_quantity AS DECIMAL(17,0)))) ELSE 0.00 END",
                                                        "CASE  WHEN (#18) THEN ((CAST(ws_ext_sales_price AS DECIMAL(17,2)) * CAST(ws_quantity AS DECIMAL(17,0)))) ELSE 0.00 END",
                                                        "CASE  WHEN (#19) THEN ((CAST(ws_ext_sales_price AS DECIMAL(17,2)) * CAST(ws_quantity AS DECIMAL(17,0)))) ELSE 0.00 END",
                                                        "CASE  WHEN (#20) THEN ((CAST(ws_ext_sales_price AS DECIMAL(17,2)) * CAST(ws_quantity AS DECIMAL(17,0)))) ELSE 0.00 END",
                                                        "CASE  WHEN (#7) THEN ((CAST(ws_net_paid_inc_ship_tax AS DECIMAL(17,2)) * CAST(ws_quantity AS DECIMAL(17,0)))) ELSE 0.00 END",
                                                        "CASE  WHEN (#10) THEN ((CAST(ws_net_paid_inc_ship_tax AS DECIMAL(17,2)) * CAST(ws_quantity AS DECIMAL(17,0)))) ELSE 0.00 END",
                                                        "CASE  WHEN (#11) THEN ((CAST(ws_net_paid_inc_ship_tax AS DECIMAL(17,2)) * CAST(ws_quantity AS DECIMAL(17,0)))) ELSE 0.00 END",
                                                        "CASE  WHEN (#12) THEN ((CAST(ws_net_paid_inc_ship_tax AS DECIMAL(17,2)) * CAST(ws_quantity AS DECIMAL(17,0)))) ELSE 0.00 END",
                                                        "CASE  WHEN (#13) THEN ((CAST(ws_net_paid_inc_ship_tax AS DECIMAL(17,2)) * CAST(ws_quantity AS DECIMAL(17,0)))) ELSE 0.00 END",
                                                        "CASE  WHEN (#14) THEN ((CAST(ws_net_paid_inc_ship_tax AS DECIMAL(17,2)) * CAST(ws_quantity AS DECIMAL(17,0)))) ELSE 0.00 END",
                                                        "CASE  WHEN (#15) THEN ((CAST(ws_net_paid_inc_ship_tax AS DECIMAL(17,2)) * CAST(ws_quantity AS DECIMAL(17,0)))) ELSE 0.00 END",
                                                        "CASE  WHEN (#16) THEN ((CAST(ws_net_paid_inc_ship_tax AS DECIMAL(17,2)) * CAST(ws_quantity AS DECIMAL(17,0)))) ELSE 0.00 END",
                                                        "CASE  WHEN (#17) THEN ((CAST(ws_net_paid_inc_ship_tax AS DECIMAL(17,2)) * CAST(ws_quantity AS DECIMAL(17,0)))) ELSE 0.00 END",
                                                        "CASE  WHEN (#18) THEN ((CAST(ws_net_paid_inc_ship_tax AS DECIMAL(17,2)) * CAST(ws_quantity AS DECIMAL(17,0)))) ELSE 0.00 END",
                                                        "CASE  WHEN (#19) THEN ((CAST(ws_net_paid_inc_ship_tax AS DECIMAL(17,2)) * CAST(ws_quantity AS DECIMAL(17,0)))) ELSE 0.00 END",
                                                        "CASE  WHEN (#20) THEN ((CAST(ws_net_paid_inc_ship_tax AS DECIMAL(17,2)) * CAST(ws_quantity AS DECIMAL(17,0)))) ELSE 0.00 END"
                                                      ],
                                                      "Estimated Cardinality": "2336"
                                                    },
                                                    "cumulative_cardinality": 0,
                                                    "operator_type": "PROJECTION",
                                                    "operator_cardinality": 64189,
                                                    "cumulative_rows_scanned": 0,
                                                    "operator_rows_scanned": 0,
                                                    "operator_timing": 0.018082043000000003,
                                                    "children": [
                                                      {
                                                        "total_bytes_written": 0,
                                                        "total_bytes_read": 0,
                                                        "result_set_size": 6226333,
                                                        "operator_name": "PROJECTION",
                                                        "cpu_time": 0.0,
                                                        "extra_info": {
                                                          "Projections": [
                                                            "#0",
                                                            "#1",
                                                            "__internal_compress_string_uhugeint(#2)",
                                                            "__internal_compress_string_uhugeint(#3)",
                                                            "__internal_compress_string_uinteger(#4)",
                                                            "__internal_compress_string_uhugeint(#5)",
                                                            "__internal_compress_integral_utinyint(#6, 1998)",
                                                            "#7",
                                                            "#8",
                                                            "#9",
                                                            "#10",
                                                            "#11",
                                                            "#12",
                                                            "#13",
                                                            "#14",
                                                            "#15",
                                                            "#16",
                                                            "#17",
                                                            "#18",
                                                            "#19",
                                                            "#20",
                                                            "#21"
                                                          ],
                                                          "Estimated Cardinality": "2336"
                                                        },
                                                        "cumulative_cardinality": 0,
                                                        "operator_type": "PROJECTION",
                                                        "operator_cardinality": 64189,
                                                        "cumulative_rows_scanned": 0,
                                                        "operator_rows_scanned": 0,
                                                        "operator_timing": 0.0036064010000000004,
                                                        "children": [
                                                          {
                                                            "total_bytes_written": 0,
                                                            "total_bytes_read": 0,
                                                            "result_set_size": 7189168,
                                                            "operator_name": "PROJECTION",
                                                            "cpu_time": 0.0,
                                                            "extra_info": {
                                                              "Projections": [
                                                                "w_warehouse_name",
                                                                "w_warehouse_sq_ft",
                                                                "w_city",
                                                                "w_county",
                                                                "w_state",
                                                                "w_country",
                                                                "d_year",
                                                                "(d_moy = 1)",
                                                                "ws_ext_sales_price",
                                                                "ws_quantity",
                                                                "(d_moy = 2)",
                                                                "(d_moy = 3)",
                                                                "(d_moy = 4)",
                                                                "(d_moy = 5)",
                                                                "(d_moy = 6)",
                                                                "(d_moy = 7)",
                                                                "(d_moy = 8)",
                                                                "(d_moy = 9)",
                                                                "(d_moy = 10)",
                                                                "(d_moy = 11)",
                                                                "(d_moy = 12)",
                                                                "ws_net_paid_inc_ship_tax"
                                                              ],
                                                              "Estimated Cardinality": "2336"
                                                            },
                                                            "cumulative_cardinality": 0,
                                                            "operator_type": "PROJECTION",
                                                            "operator_cardinality": 64189,
                                                            "cumulative_rows_scanned": 0,
                                                            "operator_rows_scanned": 0,
                                                            "operator_timing": 0.005025571,
                                                            "children": [
                                                              {
                                                                "total_bytes_written": 0,
                                                                "total_bytes_read": 0,
                                                                "result_set_size": 6675656,
                                                                "operator_name": "HASH_JOIN",
                                                                "cpu_time": 0.0,
                                                                "extra_info": {
                                                                  "Join Type": "INNER",
                                                                  "Conditions": "ws_warehouse_sk = w_warehouse_sk",
                                                                  "Estimated Cardinality": "2336"
                                                                },
                                                                "cumulative_cardinality": 0,
                                                                "operator_type": "HASH_JOIN",
                                                                "operator_cardinality": 64189,
                                                                "cumulative_rows_scanned": 0,
                                                                "operator_rows_scanned": 0,
                                                                "operator_timing": 0.000780058,
                                                                "children": [
                                                                  {
                                                                    "total_bytes_written": 0,
                                                                    "total_bytes_read": 0,
                                                                    "result_set_size": 1797292,
                                                                    "operator_name": "HASH_JOIN",
                                                                    "cpu_time": 0.0,
                                                                    "extra_info": {
                                                                      "Join Type": "INNER",
                                                                      "Conditions": "ws_sold_time_sk = t_time_sk",
                                                                      "Estimated Cardinality": "2570"
                                                                    },
                                                                    "cumulative_cardinality": 0,
                                                                    "operator_type": "HASH_JOIN",
                                                                    "operator_cardinality": 64189,
                                                                    "cumulative_rows_scanned": 0,
                                                                    "operator_rows_scanned": 0,
                                                                    "operator_timing": 0.0013199490000000004,
                                                                    "children": [
                                                                      {
                                                                        "total_bytes_written": 0,
                                                                        "total_bytes_read": 0,
                                                                        "result_set_size": 2054048,
                                                                        "operator_name": "HASH_JOIN",
                                                                        "cpu_time": 0.0,
                                                                        "extra_info": {
                                                                          "Join Type": "INNER",
                                                                          "Conditions": "ws_ship_mode_sk = sm_ship_mode_sk",
                                                                          "Estimated Cardinality": "10979"
                                                                        },
                                                                        "cumulative_cardinality": 0,
                                                                        "operator_type": "HASH_JOIN",
                                                                        "operator_cardinality": 64189,
                                                                        "cumulative_rows_scanned": 0,
                                                                        "operator_rows_scanned": 0,
                                                                        "operator_timing": 0.008727264,
                                                                        "children": [
                                                                          {
                                                                            "total_bytes_written": 0,
                                                                            "total_bytes_read": 0,
                                                                            "result_set_size": 6177472,
                                                                            "operator_name": "HASH_JOIN",
                                                                            "cpu_time": 0.0,
                                                                            "extra_info": {
                                                                              "Join Type": "INNER",
                                                                              "Conditions": "ws_sold_date_sk = d_date_sk",
                                                                              "Estimated Cardinality": "57640"
                                                                            },
                                                                            "cumulative_cardinality": 0,
                                                                            "operator_type": "HASH_JOIN",
                                                                            "operator_cardinality": 193046,
                                                                            "cumulative_rows_scanned": 0,
                                                                            "operator_rows_scanned": 0,
                                                                            "operator_timing": 0.030570451000000002,
                                                                            "children": [
                                                                              {
                                                                                "total_bytes_written": 0,
                                                                                "total_bytes_read": 0,
                                                                                "result_set_size": 5405288,
                                                                                "operator_name": "SEQ_SCAN ",
                                                                                "cpu_time": 0.0,
                                                                                "extra_info": {
                                                                                  "Table": "web_sales",
                                                                                  "Type": "Sequential Scan",
                                                                                  "Projections": [
                                                                                    "ws_warehouse_sk",
                                                                                    "ws_sold_date_sk",
                                                                                    "ws_sold_time_sk",
                                                                                    "ws_ship_mode_sk",
                                                                                    "ws_ext_sales_price",
                                                                                    "ws_quantity",
                                                                                    "ws_net_paid_inc_ship_tax"
                                                                                  ],
                                                                                  "Estimated Cardinality": "7197566"
                                                                                },
                                                                                "cumulative_cardinality": 0,
                                                                                "operator_type": "TABLE_SCAN",
                                                                                "operator_cardinality": 193046,
                                                                                "cumulative_rows_scanned": 0,
                                                                                "operator_rows_scanned": 86370792,
                                                                                "operator_timing": 0.15668550500000006,
                                                                                "children": []
                                                                              },
                                                                              {
                                                                                "total_bytes_written": 0,
                                                                                "total_bytes_read": 0,
                                                                                "result_set_size": 4368,
                                                                                "operator_name": "FILTER",
                                                                                "cpu_time": 0.0,
                                                                                "extra_info": {
                                                                                  "Expression": "(d_date_sk BETWEEN 2450816 AND 2452642)",
                                                                                  "Estimated Cardinality": "585"
                                                                                },
                                                                                "cumulative_cardinality": 0,
                                                                                "operator_type": "FILTER",
                                                                                "operator_cardinality": 364,
                                                                                "cumulative_rows_scanned": 0,
                                                                                "operator_rows_scanned": 0,
                                                                                "operator_timing": 2.4716999999999997e-05,
                                                                                "children": [
                                                                                  {
                                                                                    "total_bytes_written": 0,
                                                                                    "total_bytes_read": 0,
                                                                                    "result_set_size": 4380,
                                                                                    "operator_name": "SEQ_SCAN ",
                                                                                    "cpu_time": 0.0,
                                                                                    "extra_info": {
                                                                                      "Table": "date_dim",
                                                                                      "Type": "Sequential Scan",
                                                                                      "Projections": [
                                                                                        "d_date_sk",
                                                                                        "d_year",
                                                                                        "d_moy"
                                                                                      ],
                                                                                      "Filters": "d_year=1998",
                                                                                      "Estimated Cardinality": "585"
                                                                                    },
                                                                                    "cumulative_cardinality": 0,
                                                                                    "operator_type": "TABLE_SCAN",
                                                                                    "operator_cardinality": 365,
                                                                                    "cumulative_rows_scanned": 0,
                                                                                    "operator_rows_scanned": 73049,
                                                                                    "operator_timing": 6.6225e-05,
                                                                                    "children": []
                                                                                  }
                                                                                ]
                                                                              }
                                                                            ]
                                                                          },
                                                                          {
                                                                            "total_bytes_written": 0,
                                                                            "total_bytes_read": 0,
                                                                            "result_set_size": 8,
                                                                            "operator_name": "PROJECTION",
                                                                            "cpu_time": 0.0,
                                                                            "extra_info": {
                                                                              "Projections": "#0",
                                                                              "Estimated Cardinality": "4"
                                                                            },
                                                                            "cumulative_cardinality": 0,
                                                                            "operator_type": "PROJECTION",
                                                                            "operator_cardinality": 2,
                                                                            "cumulative_rows_scanned": 0,
                                                                            "operator_rows_scanned": 0,
                                                                            "operator_timing": 3.66e-07,
                                                                            "children": [
                                                                              {
                                                                                "total_bytes_written": 0,
                                                                                "total_bytes_read": 0,
                                                                                "result_set_size": 40,
                                                                                "operator_name": "FILTER",
                                                                                "cpu_time": 0.0,
                                                                                "extra_info": {
                                                                                  "Expression": "((sm_carrier = 'GREAT EASTERN') OR (sm_carrier = 'LATVIAN'))",
                                                                                  "Estimated Cardinality": "4"
                                                                                },
                                                                                "cumulative_cardinality": 0,
                                                                                "operator_type": "FILTER",
                                                                                "operator_cardinality": 2,
                                                                                "cumulative_rows_scanned": 0,
                                                                                "operator_rows_scanned": 0,
                                                                                "operator_timing": 3.4526e-05,
                                                                                "children": [
                                                                                  {
                                                                                    "total_bytes_written": 0,
                                                                                    "total_bytes_read": 0,
                                                                                    "result_set_size": 400,
                                                                                    "operator_name": "SEQ_SCAN ",
                                                                                    "cpu_time": 0.0,
                                                                                    "extra_info": {
                                                                                      "Table": "ship_mode",
                                                                                      "Type": "Sequential Scan",
                                                                                      "Projections": [
                                                                                        "sm_ship_mode_sk",
                                                                                        "sm_carrier"
                                                                                      ],
                                                                                      "Filters": "optional: sm_carrier IN ('GREAT EASTERN', 'LATVIAN')",
                                                                                      "Estimated Cardinality": "20"
                                                                                    },
                                                                                    "cumulative_cardinality": 0,
                                                                                    "operator_type": "TABLE_SCAN",
                                                                                    "operator_cardinality": 20,
                                                                                    "cumulative_rows_scanned": 0,
                                                                                    "operator_rows_scanned": 20,
                                                                                    "operator_timing": 1.3022e-05,
                                                                                    "children": []
                                                                                  }
                                                                                ]
                                                                              }
                                                                            ]
                                                                          }
                                                                        ]
                                                                      },
                                                                      {
                                                                        "total_bytes_written": 0,
                                                                        "total_bytes_read": 0,
                                                                        "result_set_size": 115204,
                                                                        "operator_name": "FILTER",
                                                                        "cpu_time": 0.0,
                                                                        "extra_info": {
                                                                          "Expression": "(t_time_sk <= 86398)",
                                                                          "Estimated Cardinality": "17280"
                                                                        },
                                                                        "cumulative_cardinality": 0,
                                                                        "operator_type": "FILTER",
                                                                        "operator_cardinality": 28801,
                                                                        "cumulative_rows_scanned": 0,
                                                                        "operator_rows_scanned": 0,
                                                                        "operator_timing": 5.2768999999999996e-05,
                                                                        "children": [
                                                                          {
                                                                            "total_bytes_written": 0,
                                                                            "total_bytes_read": 0,
                                                                            "result_set_size": 115204,
                                                                            "operator_name": "SEQ_SCAN ",
                                                                            "cpu_time": 0.0,
                                                                            "extra_info": {
                                                                              "Table": "time_dim",
                                                                              "Type": "Sequential Scan",
                                                                              "Projections": "t_time_sk",
                                                                              "Filters": "t_time>=48821 AND t_time<=77621",
                                                                              "Estimated Cardinality": "17280"
                                                                            },
                                                                            "cumulative_cardinality": 0,
                                                                            "operator_type": "TABLE_SCAN",
                                                                            "operator_cardinality": 28801,
                                                                            "cumulative_rows_scanned": 0,
                                                                            "operator_rows_scanned": 86400,
                                                                            "operator_timing": 0.000244621,
                                                                            "children": []
                                                                          }
                                                                        ]
                                                                      }
                                                                    ]
                                                                  },
                                                                  {
                                                                    "total_bytes_written": 0,
                                                                    "total_bytes_read": 0,
                                                                    "result_set_size": 880,
                                                                    "operator_name": "SEQ_SCAN ",
                                                                    "cpu_time": 0.0,
                                                                    "extra_info": {
                                                                      "Table": "warehouse",
                                                                      "Type": "Sequential Scan",
                                                                      "Projections": [
                                                                        "w_warehouse_sk",
                                                                        "w_warehouse_name",
                                                                        "w_warehouse_sq_ft",
                                                                        "w_city",
                                                                        "w_county",
                                                                        "w_state",
                                                                        "w_country"
                                                                      ],
                                                                      "Estimated Cardinality": "10"
                                                                    },
                                                                    "cumulative_cardinality": 0,
                                                                    "operator_type": "TABLE_SCAN",
                                                                    "operator_cardinality": 10,
                                                                    "cumulative_rows_scanned": 0,
                                                                    "operator_rows_scanned": 10,
                                                                    "operator_timing": 3.5165999999999995e-05,
                                                                    "children": []
                                                                  }
                                                                ]
                                                              }
                                                            ]
                                                          }
                                                        ]
                                                      }
                                                    ]
                                                  }
                                                ]
                                              }
                                            ]
                                          }
                                        ]
                                      },
                                      {
                                        "total_bytes_written": 0,
                                        "total_bytes_read": 0,
                                        "result_set_size": 4880,
                                        "operator_name": "PROJECTION",
                                        "cpu_time": 0.0,
                                        "extra_info": {
                                          "Projections": [
                                            "w_warehouse_name",
                                            "w_warehouse_sq_ft",
                                            "w_city",
                                            "w_county",
                                            "w_state",
                                            "w_country",
                                            "ship_carriers",
                                            "year",
                                            "jan_sales",
                                            "feb_sales",
                                            "mar_sales",
                                            "apr_sales",
                                            "may_sales",
                                            "jun_sales",
                                            "jul_sales",
                                            "aug_sales",
                                            "sep_sales",
                                            "oct_sales",
                                            "nov_sales",
                                            "dec_sales",
                                            "jan_net",
                                            "feb_net",
                                            "mar_net",
                                            "apr_net",
                                            "may_net",
                                            "jun_net",
                                            "jul_net",
                                            "aug_net",
                                            "sep_net",
                                            "oct_net",
                                            "nov_net",
                                            "dec_net"
                                          ],
                                          "Estimated Cardinality": "4499"
                                        },
                                        "cumulative_cardinality": 0,
                                        "operator_type": "PROJECTION",
                                        "operator_cardinality": 10,
                                        "cumulative_rows_scanned": 0,
                                        "operator_rows_scanned": 0,
                                        "operator_timing": 3.7916e-05,
                                        "children": [
                                          {
                                            "total_bytes_written": 0,
                                            "total_bytes_read": 0,
                                            "result_set_size": 4720,
                                            "operator_name": "PROJECTION",
                                            "cpu_time": 0.0,
                                            "extra_info": {
                                              "Projections": [
                                                "#0",
                                                "#1",
                                                "__internal_decompress_string(#2)",
                                                "__internal_decompress_string(#3)",
                                                "__internal_decompress_string(#4)",
                                                "__internal_decompress_string(#5)",
                                                "__internal_decompress_integral_integer(#6, 1998)",
                                                "#7",
                                                "#8",
                                                "#9",
                                                "#10",
                                                "#11",
                                                "#12",
                                                "#13",
                                                "#14",
                                                "#15",
                                                "#16",
                                                "#17",
                                                "#18",
                                                "#19",
                                                "#20",
                                                "#21",
                                                "#22",
                                                "#23",
                                                "#24",
                                                "#25",
                                                "#26",
                                                "#27",
                                                "#28",
                                                "#29",
                                                "#30"
                                              ],
                                              "Estimated Cardinality": "4499"
                                            },
                                            "cumulative_cardinality": 0,
                                            "operator_type": "PROJECTION",
                                            "operator_cardinality": 10,
                                            "cumulative_rows_scanned": 0,
                                            "operator_rows_scanned": 0,
                                            "operator_timing": 7.7317e-05,
                                            "children": [
                                              {
                                                "total_bytes_written": 0,
                                                "total_bytes_read": 0,
                                                "result_set_size": 4570,
                                                "operator_name": "HASH_GROUP_BY",
                                                "cpu_time": 0.0,
                                                "extra_info": {
                                                  "Groups": [
                                                    "#0",
                                                    "#1",
                                                    "#2",
                                                    "#3",
                                                    "#4",
                                                    "#5",
                                                    "#6"
                                                  ],
                                                  "Aggregates": [
                                                    "sum(#7)",
                                                    "sum(#8)",
                                                    "sum(#9)",
                                                    "sum(#10)",
                                                    "sum(#11)",
                                                    "sum(#12)",
                                                    "sum(#13)",
                                                    "sum(#14)",
                                                    "sum(#15)",
                                                    "sum(#16)",
                                                    "sum(#17)",
                                                    "sum(#18)",
                                                    "sum(#19)",
                                                    "sum(#20)",
                                                    "sum(#21)",
                                                    "sum(#22)",
                                                    "sum(#23)",
                                                    "sum(#24)",
                                                    "sum(#25)",
                                                    "sum(#26)",
                                                    "sum(#27)",
                                                    "sum(#28)",
                                                    "sum(#29)",
                                                    "sum(#30)"
                                                  ],
                                                  "Estimated Cardinality": "4499"
                                                },
                                                "cumulative_cardinality": 0,
                                                "operator_type": "HASH_GROUP_BY",
                                                "operator_cardinality": 10,
                                                "cumulative_rows_scanned": 0,
                                                "operator_rows_scanned": 0,
                                                "operator_timing": 0.03501762500000001,
                                                "children": [
                                                  {
                                                    "total_bytes_written": 0,
                                                    "total_bytes_read": 0,
                                                    "result_set_size": 33936430,
                                                    "operator_name": "PROJECTION",
                                                    "cpu_time": 0.0,
                                                    "extra_info": {
                                                      "Projections": [
                                                        "w_warehouse_name",
                                                        "w_warehouse_sq_ft",
                                                        "w_city",
                                                        "w_county",
                                                        "w_state",
                                                        "w_country",
                                                        "d_year",
                                                        "CASE  WHEN (#7) THEN ((CAST(cs_ext_list_price AS DECIMAL(17,2)) * CAST(cs_quantity AS DECIMAL(17,0)))) ELSE 0.00 END",
                                                        "CASE  WHEN (#10) THEN ((CAST(cs_ext_list_price AS DECIMAL(17,2)) * CAST(cs_quantity AS DECIMAL(17,0)))) ELSE 0.00 END",
                                                        "CASE  WHEN (#11) THEN ((CAST(cs_ext_list_price AS DECIMAL(17,2)) * CAST(cs_quantity AS DECIMAL(17,0)))) ELSE 0.00 END",
                                                        "CASE  WHEN (#12) THEN ((CAST(cs_ext_list_price AS DECIMAL(17,2)) * CAST(cs_quantity AS DECIMAL(17,0)))) ELSE 0.00 END",
                                                        "CASE  WHEN (#13) THEN ((CAST(cs_ext_list_price AS DECIMAL(17,2)) * CAST(cs_quantity AS DECIMAL(17,0)))) ELSE 0.00 END",
                                                        "CASE  WHEN (#14) THEN ((CAST(cs_ext_list_price AS DECIMAL(17,2)) * CAST(cs_quantity AS DECIMAL(17,0)))) ELSE 0.00 END",
                                                        "CASE  WHEN (#15) THEN ((CAST(cs_ext_list_price AS DECIMAL(17,2)) * CAST(cs_quantity AS DECIMAL(17,0)))) ELSE 0.00 END",
                                                        "CASE  WHEN (#16) THEN ((CAST(cs_ext_list_price AS DECIMAL(17,2)) * CAST(cs_quantity AS DECIMAL(17,0)))) ELSE 0.00 END",
                                                        "CASE  WHEN (#17) THEN ((CAST(cs_ext_list_price AS DECIMAL(17,2)) * CAST(cs_quantity AS DECIMAL(17,0)))) ELSE 0.00 END",
                                                        "CASE  WHEN (#18) THEN ((CAST(cs_ext_list_price AS DECIMAL(17,2)) * CAST(cs_quantity AS DECIMAL(17,0)))) ELSE 0.00 END",
                                                        "CASE  WHEN (#19) THEN ((CAST(cs_ext_list_price AS DECIMAL(17,2)) * CAST(cs_quantity AS DECIMAL(17,0)))) ELSE 0.00 END",
                                                        "CASE  WHEN (#20) THEN ((CAST(cs_ext_list_price AS DECIMAL(17,2)) * CAST(cs_quantity AS DECIMAL(17,0)))) ELSE 0.00 END",
                                                        "CASE  WHEN (#7) THEN ((CAST(cs_net_paid_inc_ship_tax AS DECIMAL(17,2)) * CAST(cs_quantity AS DECIMAL(17,0)))) ELSE 0.00 END",
                                                        "CASE  WHEN (#10) THEN ((CAST(cs_net_paid_inc_ship_tax AS DECIMAL(17,2)) * CAST(cs_quantity AS DECIMAL(17,0)))) ELSE 0.00 END",
                                                        "CASE  WHEN (#11) THEN ((CAST(cs_net_paid_inc_ship_tax AS DECIMAL(17,2)) * CAST(cs_quantity AS DECIMAL(17,0)))) ELSE 0.00 END",
                                                        "CASE  WHEN (#12) THEN ((CAST(cs_net_paid_inc_ship_tax AS DECIMAL(17,2)) * CAST(cs_quantity AS DECIMAL(17,0)))) ELSE 0.00 END",
                                                        "CASE  WHEN (#13) THEN ((CAST(cs_net_paid_inc_ship_tax AS DECIMAL(17,2)) * CAST(cs_quantity AS DECIMAL(17,0)))) ELSE 0.00 END",
                                                        "CASE  WHEN (#14) THEN ((CAST(cs_net_paid_inc_ship_tax AS DECIMAL(17,2)) * CAST(cs_quantity AS DECIMAL(17,0)))) ELSE 0.00 END",
                                                        "CASE  WHEN (#15) THEN ((CAST(cs_net_paid_inc_ship_tax AS DECIMAL(17,2)) * CAST(cs_quantity AS DECIMAL(17,0)))) ELSE 0.00 END",
                                                        "CASE  WHEN (#16) THEN ((CAST(cs_net_paid_inc_ship_tax AS DECIMAL(17,2)) * CAST(cs_quantity AS DECIMAL(17,0)))) ELSE 0.00 END",
                                                        "CASE  WHEN (#17) THEN ((CAST(cs_net_paid_inc_ship_tax AS DECIMAL(17,2)) * CAST(cs_quantity AS DECIMAL(17,0)))) ELSE 0.00 END",
                                                        "CASE  WHEN (#18) THEN ((CAST(cs_net_paid_inc_ship_tax AS DECIMAL(17,2)) * CAST(cs_quantity AS DECIMAL(17,0)))) ELSE 0.00 END",
                                                        "CASE  WHEN (#19) THEN ((CAST(cs_net_paid_inc_ship_tax AS DECIMAL(17,2)) * CAST(cs_quantity AS DECIMAL(17,0)))) ELSE 0.00 END",
                                                        "CASE  WHEN (#20) THEN ((CAST(cs_net_paid_inc_ship_tax AS DECIMAL(17,2)) * CAST(cs_quantity AS DECIMAL(17,0)))) ELSE 0.00 END"
                                                      ],
                                                      "Estimated Cardinality": "4499"
                                                    },
                                                    "cumulative_cardinality": 0,
                                                    "operator_type": "PROJECTION",
                                                    "operator_cardinality": 128062,
                                                    "cumulative_rows_scanned": 0,
                                                    "operator_rows_scanned": 0,
                                                    "operator_timing": 0.029771986000000007,
                                                    "children": [
                                                      {
                                                        "total_bytes_written": 0,
                                                        "total_bytes_read": 0,
                                                        "result_set_size": 12422014,
                                                        "operator_name": "PROJECTION",
                                                        "cpu_time": 0.0,
                                                        "extra_info": {
                                                          "Projections": [
                                                            "#0",
                                                            "#1",
                                                            "__internal_compress_string_uhugeint(#2)",
                                                            "__internal_compress_string_uhugeint(#3)",
                                                            "__internal_compress_string_uinteger(#4)",
                                                            "__internal_compress_string_uhugeint(#5)",
                                                            "__internal_compress_integral_utinyint(#6, 1998)",
                                                            "#7",
                                                            "#8",
                                                            "#9",
                                                            "#10",
                                                            "#11",
                                                            "#12",
                                                            "#13",
                                                            "#14",
                                                            "#15",
                                                            "#16",
                                                            "#17",
                                                            "#18",
                                                            "#19",
                                                            "#20",
                                                            "#21"
                                                          ],
                                                          "Estimated Cardinality": "4499"
                                                        },
                                                        "cumulative_cardinality": 0,
                                                        "operator_type": "PROJECTION",
                                                        "operator_cardinality": 128062,
                                                        "cumulative_rows_scanned": 0,
                                                        "operator_rows_scanned": 0,
                                                        "operator_timing": 0.011494682999999999,
                                                        "children": [
                                                          {
                                                            "total_bytes_written": 0,
                                                            "total_bytes_read": 0,
                                                            "result_set_size": 14342944,
                                                            "operator_name": "PROJECTION",
                                                            "cpu_time": 0.0,
                                                            "extra_info": {
                                                              "Projections": [
                                                                "w_warehouse_name",
                                                                "w_warehouse_sq_ft",
                                                                "w_city",
                                                                "w_county",
                                                                "w_state",
                                                                "w_country",
                                                                "d_year",
                                                                "(d_moy = 1)",
                                                                "cs_ext_list_price",
                                                                "cs_quantity",
                                                                "(d_moy = 2)",
                                                                "(d_moy = 3)",
                                                                "(d_moy = 4)",
                                                                "(d_moy = 5)",
                                                                "(d_moy = 6)",
                                                                "(d_moy = 7)",
                                                                "(d_moy = 8)",
                                                                "(d_moy = 9)",
                                                                "(d_moy = 10)",
                                                                "(d_moy = 11)",
                                                                "(d_moy = 12)",
                                                                "cs_net_paid_inc_ship_tax"
                                                              ],
                                                              "Estimated Cardinality": "4499"
                                                            },
                                                            "cumulative_cardinality": 0,
                                                            "operator_type": "PROJECTION",
                                                            "operator_cardinality": 128062,
                                                            "cumulative_rows_scanned": 0,
                                                            "operator_rows_scanned": 0,
                                                            "operator_timing": 0.012732783,
                                                            "children": [
                                                              {
                                                                "total_bytes_written": 0,
                                                                "total_bytes_read": 0,
                                                                "result_set_size": 13318448,
                                                                "operator_name": "HASH_JOIN",
                                                                "cpu_time": 0.0,
                                                                "extra_info": {
                                                                  "Join Type": "INNER",
                                                                  "Conditions": "cs_warehouse_sk = w_warehouse_sk",
                                                                  "Estimated Cardinality": "4499"
                                                                },
                                                                "cumulative_cardinality": 0,
                                                                "operator_type": "HASH_JOIN",
                                                                "operator_cardinality": 128062,
                                                                "cumulative_rows_scanned": 0,
                                                                "operator_rows_scanned": 0,
                                                                "operator_timing": 0.004788185000000001,
                                                                "children": [
                                                                  {
                                                                    "total_bytes_written": 0,
                                                                    "total_bytes_read": 0,
                                                                    "result_set_size": 3585736,
                                                                    "operator_name": "HASH_JOIN",
                                                                    "cpu_time": 0.0,
                                                                    "extra_info": {
                                                                      "Join Type": "INNER",
                                                                      "Conditions": "cs_sold_time_sk = t_time_sk",
                                                                      "Estimated Cardinality": "4949"
                                                                    },
                                                                    "cumulative_cardinality": 0,
                                                                    "operator_type": "HASH_JOIN",
                                                                    "operator_cardinality": 128062,
                                                                    "cumulative_rows_scanned": 0,
                                                                    "operator_rows_scanned": 0,
                                                                    "operator_timing": 0.009829485,
                                                                    "children": [
                                                                      {
                                                                        "total_bytes_written": 0,
                                                                        "total_bytes_read": 0,
                                                                        "result_set_size": 4097984,
                                                                        "operator_name": "HASH_JOIN",
                                                                        "cpu_time": 0.0,
                                                                        "extra_info": {
                                                                          "Join Type": "INNER",
                                                                          "Conditions": "cs_ship_mode_sk = sm_ship_mode_sk",
                                                                          "Estimated Cardinality": "21967"
                                                                        },
                                                                        "cumulative_cardinality": 0,
                                                                        "operator_type": "HASH_JOIN",
                                                                        "operator_cardinality": 128062,
                                                                        "cumulative_rows_scanned": 0,
                                                                        "operator_rows_scanned": 0,
                                                                        "operator_timing": 0.009235030999999998,
                                                                        "children": [
                                                                          {
                                                                            "total_bytes_written": 0,
                                                                            "total_bytes_read": 0,
                                                                            "result_set_size": 12298624,
                                                                            "operator_name": "HASH_JOIN",
                                                                            "cpu_time": 0.0,
                                                                            "extra_info": {
                                                                              "Join Type": "INNER",
                                                                              "Conditions": "cs_sold_date_sk = d_date_sk",
                                                                              "Estimated Cardinality": "115329"
                                                                            },
                                                                            "cumulative_cardinality": 0,
                                                                            "operator_type": "HASH_JOIN",
                                                                            "operator_cardinality": 384332,
                                                                            "cumulative_rows_scanned": 0,
                                                                            "operator_rows_scanned": 0,
                                                                            "operator_timing": 0.008194986000000003,
                                                                            "children": [
                                                                              {
                                                                                "total_bytes_written": 0,
                                                                                "total_bytes_read": 0,
                                                                                "result_set_size": 10761296,
                                                                                "operator_name": "SEQ_SCAN ",
                                                                                "cpu_time": 0.0,
                                                                                "extra_info": {
                                                                                  "Table": "catalog_sales",
                                                                                  "Type": "Sequential Scan",
                                                                                  "Projections": [
                                                                                    "cs_warehouse_sk",
                                                                                    "cs_sold_date_sk",
                                                                                    "cs_sold_time_sk",
                                                                                    "cs_ship_mode_sk",
                                                                                    "cs_ext_list_price",
                                                                                    "cs_quantity",
                                                                                    "cs_net_paid_inc_ship_tax"
                                                                                  ],
                                                                                  "Estimated Cardinality": "14401261"
                                                                                },
                                                                                "cumulative_cardinality": 0,
                                                                                "operator_type": "TABLE_SCAN",
                                                                                "operator_cardinality": 384332,
                                                                                "cumulative_rows_scanned": 0,
                                                                                "operator_rows_scanned": 172815132,
                                                                                "operator_timing": 0.06654423899999999,
                                                                                "children": []
                                                                              },
                                                                              {
                                                                                "total_bytes_written": 0,
                                                                                "total_bytes_read": 0,
                                                                                "result_set_size": 4380,
                                                                                "operator_name": "FILTER",
                                                                                "cpu_time": 0.0,
                                                                                "extra_info": {
                                                                                  "Expression": "(d_date_sk BETWEEN 2450815 AND 2452653)",
                                                                                  "Estimated Cardinality": "585"
                                                                                },
                                                                                "cumulative_cardinality": 0,
                                                                                "operator_type": "FILTER",
                                                                                "operator_cardinality": 365,
                                                                                "cumulative_rows_scanned": 0,
                                                                                "operator_rows_scanned": 0,
                                                                                "operator_timing": 1.3685e-05,
                                                                                "children": [
                                                                                  {
                                                                                    "total_bytes_written": 0,
                                                                                    "total_bytes_read": 0,
                                                                                    "result_set_size": 4380,
                                                                                    "operator_name": "SEQ_SCAN ",
                                                                                    "cpu_time": 0.0,
                                                                                    "extra_info": {
                                                                                      "Table": "date_dim",
                                                                                      "Type": "Sequential Scan",
                                                                                      "Projections": [
                                                                                        "d_date_sk",
                                                                                        "d_year",
                                                                                        "d_moy"
                                                                                      ],
                                                                                      "Filters": "d_year=1998",
                                                                                      "Estimated Cardinality": "585"
                                                                                    },
                                                                                    "cumulative_cardinality": 0,
                                                                                    "operator_type": "TABLE_SCAN",
                                                                                    "operator_cardinality": 365,
                                                                                    "cumulative_rows_scanned": 0,
                                                                                    "operator_rows_scanned": 73049,
                                                                                    "operator_timing": 6.0691e-05,
                                                                                    "children": []
                                                                                  }
                                                                                ]
                                                                              }
                                                                            ]
                                                                          },
                                                                          {
                                                                            "total_bytes_written": 0,
                                                                            "total_bytes_read": 0,
                                                                            "result_set_size": 8,
                                                                            "operator_name": "PROJECTION",
                                                                            "cpu_time": 0.0,
                                                                            "extra_info": {
                                                                              "Projections": "#0",
                                                                              "Estimated Cardinality": "4"
                                                                            },
                                                                            "cumulative_cardinality": 0,
                                                                            "operator_type": "PROJECTION",
                                                                            "operator_cardinality": 2,
                                                                            "cumulative_rows_scanned": 0,
                                                                            "operator_rows_scanned": 0,
                                                                            "operator_timing": 5.57e-07,
                                                                            "children": [
                                                                              {
                                                                                "total_bytes_written": 0,
                                                                                "total_bytes_read": 0,
                                                                                "result_set_size": 40,
                                                                                "operator_name": "FILTER",
                                                                                "cpu_time": 0.0,
                                                                                "extra_info": {
                                                                                  "Expression": "((sm_carrier = 'GREAT EASTERN') OR (sm_carrier = 'LATVIAN'))",
                                                                                  "Estimated Cardinality": "4"
                                                                                },
                                                                                "cumulative_cardinality": 0,
                                                                                "operator_type": "FILTER",
                                                                                "operator_cardinality": 2,
                                                                                "cumulative_rows_scanned": 0,
                                                                                "operator_rows_scanned": 0,
                                                                                "operator_timing": 0.000894574,
                                                                                "children": [
                                                                                  {
                                                                                    "total_bytes_written": 0,
                                                                                    "total_bytes_read": 0,
                                                                                    "result_set_size": 400,
                                                                                    "operator_name": "SEQ_SCAN ",
                                                                                    "cpu_time": 0.0,
                                                                                    "extra_info": {
                                                                                      "Table": "ship_mode",
                                                                                      "Type": "Sequential Scan",
                                                                                      "Projections": [
                                                                                        "sm_ship_mode_sk",
                                                                                        "sm_carrier"
                                                                                      ],
                                                                                      "Filters": "optional: sm_carrier IN ('GREAT EASTERN', 'LATVIAN')",
                                                                                      "Estimated Cardinality": "20"
                                                                                    },
                                                                                    "cumulative_cardinality": 0,
                                                                                    "operator_type": "TABLE_SCAN",
                                                                                    "operator_cardinality": 20,
                                                                                    "cumulative_rows_scanned": 0,
                                                                                    "operator_rows_scanned": 20,
                                                                                    "operator_timing": 1.3466e-05,
                                                                                    "children": []
                                                                                  }
                                                                                ]
                                                                              }
                                                                            ]
                                                                          }
                                                                        ]
                                                                      },
                                                                      {
                                                                        "total_bytes_written": 0,
                                                                        "total_bytes_read": 0,
                                                                        "result_set_size": 115204,
                                                                        "operator_name": "SEQ_SCAN ",
                                                                        "cpu_time": 0.0,
                                                                        "extra_info": {
                                                                          "Table": "time_dim",
                                                                          "Type": "Sequential Scan",
                                                                          "Projections": "t_time_sk",
                                                                          "Filters": "t_time>=48821 AND t_time<=77621",
                                                                          "Estimated Cardinality": "17280"
                                                                        },
                                                                        "cumulative_cardinality": 0,
                                                                        "operator_type": "TABLE_SCAN",
                                                                        "operator_cardinality": 28801,
                                                                        "cumulative_rows_scanned": 0,
                                                                        "operator_rows_scanned": 86400,
                                                                        "operator_timing": 0.00024258800000000002,
                                                                        "children": []
                                                                      }
                                                                    ]
                                                                  },
                                                                  {
                                                                    "total_bytes_written": 0,
                                                                    "total_bytes_read": 0,
                                                                    "result_set_size": 880,
                                                                    "operator_name": "SEQ_SCAN ",
                                                                    "cpu_time": 0.0,
                                                                    "extra_info": {
                                                                      "Table": "warehouse",
                                                                      "Type": "Sequential Scan",
                                                                      "Projections": [
                                                                        "w_warehouse_sk",
                                                                        "w_warehouse_name",
                                                                        "w_warehouse_sq_ft",
                                                                        "w_city",
                                                                        "w_county",
                                                                        "w_state",
                                                                        "w_country"
                                                                      ],
                                                                      "Estimated Cardinality": "10"
                                                                    },
                                                                    "cumulative_cardinality": 0,
                                                                    "operator_type": "TABLE_SCAN",
                                                                    "operator_cardinality": 10,
                                                                    "cumulative_rows_scanned": 0,
                                                                    "operator_rows_scanned": 10,
                                                                    "operator_timing": 3.5994e-05,
                                                                    "children": []
                                                                  }
                                                                ]
                                                              }
                                                            ]
                                                          }
                                                        ]
                                                      }
                                                    ]
                                                  }
                                                ]
                                              }
                                            ]
                                          }
                                        ]
                                      }
                                    ]
                                  }
                                ]
                              }
                            ]
                          }
                        ]
                      }
                    ]
                  }
                ]
              }
            ]
          }
        ]
      }
    ]
  }
}