{
  "benchmark": "tpcds",
  "query_id": "query_36",
  "source_sql": "/mnt/d/TPC-DS/queries_duckdb_converted/query_36.sql",
  "database": "/mnt/d/TPC-DS/tpcds_sf10.duckdb",
  "statement_count": 1,
  "client_elapsed_ms": 585.0364099969738,
  "execution_time_ms": 0.0,
  "plan_json": {
    "total_bytes_written": 0,
    "total_bytes_read": 0,
    "rows_returned": 0,
    "latency": 0.0,
    "result_set_size": 0,
    "query_name": "",
    "blocked_thread_time": 0.0,
    "system_peak_buffer_memory": 0,
    "system_peak_temp_dir_size": 0,
    "cpu_time": 0.0,
    "extra_info": {},
    "cumulative_cardinality": 0,
    "cumulative_rows_scanned": 0,
    "children": [
      {
        "total_bytes_written": 0,
        "total_bytes_read": 0,
        "result_set_size": 0,
        "operator_name": "EXPLAIN_ANALYZE",
        "cpu_time": 0.0,
        "extra_info": {},
        "cumulative_cardinality": 0,
        "operator_type": "EXPLAIN_ANALYZE",
        "operator_cardinality": 0,
        "cumulative_rows_scanned": 0,
        "operator_rows_scanned": 0,
        "operator_timing": 2.34e-07,
        "children": [
          {
            "total_bytes_written": 0,
            "total_bytes_read": 0,
            "result_set_size": 5600,
            "operator_name": "PROJECTION",
            "cpu_time": 0.0,
            "extra_info": {
              "Projections": [
                "#0",
                "#1",
                "#2",
                "#3",
                "#4"
              ],
              "Estimated Cardinality": "100"
            },
            "cumulative_cardinality": 0,
            "operator_type": "PROJECTION",
            "operator_cardinality": 100,
            "cumulative_rows_scanned": 0,
            "operator_rows_scanned": 0,
            "operator_timing": 8.95e-07,
            "children": [
              {
                "total_bytes_written": 0,
                "total_bytes_read": 0,
                "result_set_size": 7200,
                "operator_name": "TOP_N",
                "cpu_time": 0.0,
                "extra_info": {
                  "Top": "100",
                  "Order By": [
                    "(GROUPING(tpcds_sf10.main.item.i_category) + GROUPING(tpcds_sf10.main.item.i_class)) DESC",
                    "#5 ASC",
                    "rank() OVER (PARTITION BY (GROUPING(tpcds_sf10.main.item.i_category) + GROUPING(tpcds_sf10.main.item.i_class)), CASE  WHEN ((GROUPING(tpcds_sf10.main.item.i_class) = 0)) THEN (tpcds_sf10.main.item.i_category) ELSE NULL END ORDER BY (sum(tpcds_sf10.main.store_sales.ss_net_profit) / sum(tpcds_sf10.main.store_sales.ss_ext_sales_price)) ASC) ASC"
                  ]
                },
                "cumulative_cardinality": 0,
                "operator_type": "TOP_N",
                "operator_cardinality": 100,
                "cumulative_rows_scanned": 0,
                "operator_rows_scanned": 0,
                "operator_timing": 0.00015787600000000002,
                "children": [
                  {
                    "total_bytes_written": 0,
                    "total_bytes_read": 0,
                    "result_set_size": 11808,
                    "operator_name": "PROJECTION",
                    "cpu_time": 0.0,
                    "extra_info": {
                      "Projections": [
                        "gross_margin",
                        "i_category",
                        "i_class",
                        "lochierarchy",
                        "rank_within_parent",
                        "CASE  WHEN (((GROUPING(tpcds_sf10.main.item.i_category) + GROUPING(tpcds_sf10.main.item.i_class)) = 0)) THEN (i_category) ELSE NULL END"
                      ],
                      "Estimated Cardinality": "48751"
                    },
                    "cumulative_cardinality": 0,
                    "operator_type": "PROJECTION",
                    "operator_cardinality": 164,
                    "cumulative_rows_scanned": 0,
                    "operator_rows_scanned": 0,
                    "operator_timing": 9.382399999999999e-05,
                    "children": [
                      {
                        "total_bytes_written": 0,
                        "total_bytes_read": 0,
                        "result_set_size": 20992,
                        "operator_name": "PROJECTION",
                        "cpu_time": 0.0,
                        "extra_info": {
                          "Projections": [
                            "#0",
                            "#1",
                            "#2",
                            "#3",
                            "#4",
                            "#5",
                            "#6",
                            "#7",
                            "#8",
                            "#9",
                            "#10",
                            "#11"
                          ],
                          "Estimated Cardinality": "48751"
                        },
                        "cumulative_cardinality": 0,
                        "operator_type": "PROJECTION",
                        "operator_cardinality": 164,
                        "cumulative_rows_scanned": 0,
                        "operator_rows_scanned": 0,
                        "operator_timing": 1.4308000000000001e-05,
                        "children": [
                          {
                            "total_bytes_written": 0,
                            "total_bytes_read": 0,
                            "result_set_size": 20992,
                            "operator_name": "WINDOW",
                            "cpu_time": 0.0,
                            "extra_info": {
                              "Projections": "RANK() OVER (PARTITION BY (GROUPING(tpcds_sf10.main.item.i_category) + GROUPING(tpcds_sf10.main.item.i_class)), CASE  WHEN ((GROUPING(tpcds_sf10.main.item.i_class) = 0)) THEN (i_category) ELSE NULL END ORDER BY (CAST(sum(ss_net_profit) AS DOUBLE) / CAST(sum(ss_ext_sales_price) AS DOUBLE)) ASC NULLS LAST)"
                            },
                            "cumulative_cardinality": 0,
                            "operator_type": "WINDOW",
                            "operator_cardinality": 164,
                            "cumulative_rows_scanned": 0,
                            "operator_rows_scanned": 0,
                            "operator_timing": 0.009980156,
                            "children": [
                              {
                                "total_bytes_written": 0,
                                "total_bytes_read": 0,
                                "result_set_size": 19680,
                                "operator_name": "HASH_GROUP_BY",
                                "cpu_time": 0.0,
                                "extra_info": {
                                  "Groups": [
                                    "#0",
                                    "#1"
                                  ],
                                  "Aggregates": [
                                    "sum(#2)",
                                    "sum(#3)"
                                  ],
                                  "Estimated Cardinality": "48751"
                                },
                                "cumulative_cardinality": 0,
                                "operator_type": "HASH_GROUP_BY",
                                "operator_cardinality": 164,
                                "cumulative_rows_scanned": 0,
                                "operator_rows_scanned": 0,
                                "operator_timing": 0.30662574500000034,
                                "children": [
                                  {
                                    "total_bytes_written": 0,
                                    "total_bytes_read": 0,
                                    "result_set_size": 210781200,
                                    "operator_name": "PROJECTION",
                                    "cpu_time": 0.0,
                                    "extra_info": {
                                      "Projections": [
                                        "i_category",
                                        "i_class",
                                        "ss_net_profit",
                                        "ss_ext_sales_price"
                                      ],
                                      "Estimated Cardinality": "48986"
                                    },
                                    "cumulative_cardinality": 0,
                                    "operator_type": "PROJECTION",
                                    "operator_cardinality": 5269530,
                                    "cumulative_rows_scanned": 0,
                                    "operator_rows_scanned": 0,
                                    "operator_timing": 0.0015627999999999968,
                                    "children": [
                                      {
                                        "total_bytes_written": 0,
                                        "total_bytes_read": 0,
                                        "result_set_size": 210781200,
                                        "operator_name": "HASH_JOIN",
                                        "cpu_time": 0.0,
                                        "extra_info": {
                                          "Join Type": "INNER",
                                          "Conditions": "i_item_sk = ss_item_sk",
                                          "Estimated Cardinality": "48986"
                                        },
                                        "cumulative_cardinality": 0,
                                        "operator_type": "HASH_JOIN",
                                        "operator_cardinality": 5269530,
                                        "cumulative_rows_scanned": 0,
                                        "operator_rows_scanned": 0,
                                        "operator_timing": 0.6271553770000005,
                                        "children": [
                                          {
                                            "total_bytes_written": 0,
                                            "total_bytes_read": 0,
                                            "result_set_size": 3672000,
                                            "operator_name": "SEQ_SCAN ",
                                            "cpu_time": 0.0,
                                            "extra_info": {
                                              "Table": "item",
                                              "Type": "Sequential Scan",
                                              "Projections": "",
                                              "Estimated Cardinality": "102000"
                                            },
                                            "cumulative_cardinality": 0,
                                            "operator_type": "TABLE_SCAN",
                                            "operator_cardinality": 102000,
                                            "cumulative_rows_scanned": 0,
                                            "operator_rows_scanned": 102000,
                                            "operator_timing": 0.0029241930000000003,
                                            "children": []
                                          },
                                          {
                                            "total_bytes_written": 0,
                                            "total_bytes_read": 0,
                                            "result_set_size": 84312480,
                                            "operator_name": "HASH_JOIN",
                                            "cpu_time": 0.0,
                                            "extra_info": {
                                              "Join Type": "INNER",
                                              "Conditions": "ss_store_sk = s_store_sk",
                                              "Estimated Cardinality": "46129"
                                            },
                                            "cumulative_cardinality": 0,
                                            "operator_type": "HASH_JOIN",
                                            "operator_cardinality": 5269530,
                                            "cumulative_rows_scanned": 0,
                                            "operator_rows_scanned": 0,
                                            "operator_timing": 0.04521520399999999,
                                            "children": [
                                              {
                                                "total_bytes_written": 0,
                                                "total_bytes_read": 0,
                                                "result_set_size": 107486000,
                                                "operator_name": "HASH_JOIN",
                                                "cpu_time": 0.0,
                                                "extra_info": {
                                                  "Join Type": "INNER",
                                                  "Conditions": "ss_sold_date_sk = d_date_sk",
                                                  "Estimated Cardinality": "230647"
                                                },
                                                "cumulative_cardinality": 0,
                                                "operator_type": "HASH_JOIN",
                                                "operator_cardinality": 5374300,
                                                "cumulative_rows_scanned": 0,
                                                "operator_rows_scanned": 0,
                                                "operator_timing": 0.048544451,
                                                "children": [
                                                  {
                                                    "total_bytes_written": 0,
                                                    "total_bytes_read": 0,
                                                    "result_set_size": 107486000,
                                                    "operator_name": "SEQ_SCAN ",
                                                    "cpu_time": 0.0,
                                                    "extra_info": {
                                                      "Table": "store_sales",
                                                      "Type": "Sequential Scan",
                                                      "Projections": "",
                                                      "Estimated Cardinality": "28800991"
                                                    },
                                                    "cumulative_cardinality": 0,
                                                    "operator_type": "TABLE_SCAN",
                                                    "operator_cardinality": 5374300,
                                                    "cumulative_rows_scanned": 0,
                                                    "operator_rows_scanned": 345611892,
                                                    "operator_timing": 0.35359252500000005,
                                                    "children": []
                                                  },
                                                  {
                                                    "total_bytes_written": 0,
                                                    "total_bytes_read": 0,
                                                    "result_set_size": 1460,
                                                    "operator_name": "PROJECTION",
                                                    "cpu_time": 0.0,
                                                    "extra_info": {
                                                      "Projections": "#1",
                                                      "Estimated Cardinality": "585"
                                                    },
                                                    "cumulative_cardinality": 0,
                                                    "operator_type": "PROJECTION",
                                                    "operator_cardinality": 365,
                                                    "cumulative_rows_scanned": 0,
                                                    "operator_rows_scanned": 0,
                                                    "operator_timing": 6.49e-07,
                                                    "children": [
                                                      {
                                                        "total_bytes_written": 0,
                                                        "total_bytes_read": 0,
                                                        "result_set_size": 2920,
                                                        "operator_name": "FILTER",
                                                        "cpu_time": 0.0,
                                                        "extra_info": {
                                                          "Expression": "(d_date_sk BETWEEN 2450816 AND 2452642)",
                                                          "Estimated Cardinality": "585"
                                                        },
                                                        "cumulative_cardinality": 0,
                                                        "operator_type": "FILTER",
                                                        "operator_cardinality": 365,
                                                        "cumulative_rows_scanned": 0,
                                                        "operator_rows_scanned": 0,
                                                        "operator_timing": 1.4966e-05,
                                                        "children": [
                                                          {
                                                            "total_bytes_written": 0,
                                                            "total_bytes_read": 0,
                                                            "result_set_size": 2920,
                                                            "operator_name": "SEQ_SCAN ",
                                                            "cpu_time": 0.0,
                                                            "extra_info": {
                                                              "Table": "date_dim",
                                                              "Type": "Sequential Scan",
                                                              "Projections": "",
                                                              "Filters": "d_year=2002",
                                                              "Estimated Cardinality": "585"
                                                            },
                                                            "cumulative_cardinality": 0,
                                                            "operator_type": "TABLE_SCAN",
                                                            "operator_cardinality": 365,
                                                            "cumulative_rows_scanned": 0,
                                                            "operator_rows_scanned": 73049,
                                                            "operator_timing": 4.2086e-05,
                                                            "children": []
                                                          }
                                                        ]
                                                      }
                                                    ]
                                                  }
                                                ]
                                              },
                                              {
                                                "total_bytes_written": 0,
                                                "total_bytes_read": 0,
                                                "result_set_size": 396,
                                                "operator_name": "FILTER",
                                                "cpu_time": 0.0,
                                                "extra_info": {
                                                  "Expression": "(s_store_sk <= 100)",
                                                  "Estimated Cardinality": "20"
                                                },
                                                "cumulative_cardinality": 0,
                                                "operator_type": "FILTER",
                                                "operator_cardinality": 99,
                                                "cumulative_rows_scanned": 0,
                                                "operator_rows_scanned": 0,
                                                "operator_timing": 4.76e-06,
                                                "children": [
                                                  {
                                                    "total_bytes_written": 0,
                                                    "total_bytes_read": 0,
                                                    "result_set_size": 404,
                                                    "operator_name": "PROJECTION",
                                                    "cpu_time": 0.0,
                                                    "extra_info": {
                                                      "Projections": "#0",
                                                      "Estimated Cardinality": "20"
                                                    },
                                                    "cumulative_cardinality": 0,
                                                    "operator_type": "PROJECTION",
                                                    "operator_cardinality": 101,
                                                    "cumulative_rows_scanned": 0,
                                                    "operator_rows_scanned": 0,
                                                    "operator_timing": 1.65e-07,
                                                    "children": [
                                                      {
                                                        "total_bytes_written": 0,
                                                        "total_bytes_read": 0,
                                                        "result_set_size": 505,
                                                        "operator_name": "FILTER",
                                                        "cpu_time": 0.0,
                                                        "extra_info": {
                                                          "Expression": "IN (...)",
                                                          "Estimated Cardinality": "20"
                                                        },
                                                        "cumulative_cardinality": 0,
                                                        "operator_type": "FILTER",
                                                        "operator_cardinality": 101,
                                                        "cumulative_rows_scanned": 0,
                                                        "operator_rows_scanned": 0,
                                                        "operator_timing": 2.8039999999999998e-06,
                                                        "children": [
                                                          {
                                                            "total_bytes_written": 0,
                                                            "total_bytes_read": 0,
                                                            "result_set_size": 510,
                                                            "operator_name": "HASH_JOIN",
                                                            "cpu_time": 0.0,
                                                            "extra_info": {
                                                              "Join Type": "MARK",
                                                              "Conditions": "s_state = #0",
                                                              "Estimated Cardinality": "102"
                                                            },
                                                            "cumulative_cardinality": 0,
                                                            "operator_type": "HASH_JOIN",
                                                            "operator_cardinality": 102,
                                                            "cumulative_rows_scanned": 0,
                                                            "operator_rows_scanned": 0,
                                                            "operator_timing": 0.00017752499999999996,
                                                            "children": [
                                                              {
                                                                "total_bytes_written": 0,
                                                                "total_bytes_read": 0,
                                                                "result_set_size": 2040,
                                                                "operator_name": "SEQ_SCAN ",
                                                                "cpu_time": 0.0,
                                                                "extra_info": {
                                                                  "Table": "store",
                                                                  "Type": "Sequential Scan",
                                                                  "Projections": "",
                                                                  "Filters": "optional: s_state IN ('SD', 'TN', 'GA', 'SC', 'MO', 'AL', 'MI', 'OH')",
                                                                  "Estimated Cardinality": "102"
                                                                },
                                                                "cumulative_cardinality": 0,
                                                                "operator_type": "TABLE_SCAN",
                                                                "operator_cardinality": 102,
                                                                "cumulative_rows_scanned": 0,
                                                                "operator_rows_scanned": 102,
                                                                "operator_timing": 9.365000000000001e-06,
                                                                "children": []
                                                              },
                                                              {
                                                                "total_bytes_written": 0,
                                                                "total_bytes_read": 0,
                                                                "result_set_size": 128,
                                                                "operator_name": "COLUMN_DATA_SCAN",
                                                                "cpu_time": 0.0,
                                                                "extra_info": {
                                                                  "Estimated Cardinality": "0"
                                                                },
                                                                "cumulative_cardinality": 0,
                                                                "operator_type": "COLUMN_DATA_SCAN",
                                                                "operator_cardinality": 8,
                                                                "cumulative_rows_scanned": 0,
                                                                "operator_rows_scanned": 0,
                                                                "operator_timing": 5.461e-06,
                                                                "children": []
                                                              }
                                                            ]
                                                          }
                                                        ]
                                                      }
                                                    ]
                                                  }
                                                ]
                                              }
                                            ]
                                          }
                                        ]
                                      }
                                    ]
                                  }
                                ]
                              }
                            ]
                          }
                        ]
                      }
                    ]
                  }
                ]
              }
            ]
          }
        ]
      }
    ]
  }
}