{
  "benchmark": "tpcds",
  "query_id": "query_59",
  "source_sql": "/mnt/d/TPC-DS/queries_duckdb_converted/query_59.sql",
  "database": "/mnt/d/TPC-DS/tpcds_sf10.duckdb",
  "statement_count": 1,
  "client_elapsed_ms": 330.3868399998464,
  "execution_time_ms": 0.0,
  "plan_json": {
    "total_bytes_written": 0,
    "total_bytes_read": 0,
    "rows_returned": 0,
    "latency": 0.0,
    "result_set_size": 0,
    "query_name": "",
    "blocked_thread_time": 0.0,
    "system_peak_buffer_memory": 0,
    "system_peak_temp_dir_size": 0,
    "cpu_time": 0.0,
    "extra_info": {},
    "cumulative_cardinality": 0,
    "cumulative_rows_scanned": 0,
    "children": [
      {
        "total_bytes_written": 0,
        "total_bytes_read": 0,
        "result_set_size": 0,
        "operator_name": "EXPLAIN_ANALYZE",
        "cpu_time": 0.0,
        "extra_info": {},
        "cumulative_cardinality": 0,
        "operator_type": "EXPLAIN_ANALYZE",
        "operator_cardinality": 0,
        "cumulative_rows_scanned": 0,
        "operator_rows_scanned": 0,
        "operator_timing": 3e-07,
        "children": [
          {
            "total_bytes_written": 0,
            "total_bytes_read": 0,
            "result_set_size": 0,
            "operator_name": "CTE",
            "cpu_time": 0.0,
            "extra_info": {
              "CTE Name": "wss",
              "Table Index": "0",
              "Estimated Cardinality": "100"
            },
            "cumulative_cardinality": 0,
            "operator_type": "CTE",
            "operator_cardinality": 0,
            "cumulative_rows_scanned": 0,
            "operator_rows_scanned": 0,
            "operator_timing": 0.0005374319999999999,
            "children": [
              {
                "total_bytes_written": 0,
                "total_bytes_read": 0,
                "result_set_size": 1634880,
                "operator_name": "PROJECTION",
                "cpu_time": 0.0,
                "extra_info": {
                  "Projections": [
                    "__internal_decompress_integral_integer(#0, 1)",
                    "__internal_decompress_integral_integer(#1, 1)",
                    "#2",
                    "#3",
                    "#4",
                    "#5",
                    "#6",
                    "#7",
                    "#8"
                  ],
                  "Estimated Cardinality": "2979"
                },
                "cumulative_cardinality": 0,
                "operator_type": "PROJECTION",
                "operator_cardinality": 13624,
                "cumulative_rows_scanned": 0,
                "operator_rows_scanned": 0,
                "operator_timing": 0.00010500899999999998,
                "children": [
                  {
                    "total_bytes_written": 0,
                    "total_bytes_read": 0,
                    "result_set_size": 1566760,
                    "operator_name": "HASH_GROUP_BY",
                    "cpu_time": 0.0,
                    "extra_info": {
                      "Groups": [
                        "#0",
                        "#1"
                      ],
                      "Aggregates": [
                        "sum(#2)",
                        "sum(#3)",
                        "sum(#4)",
                        "sum(#5)",
                        "sum(#6)",
                        "sum(#7)",
                        "sum(#8)"
                      ],
                      "Estimated Cardinality": "2979"
                    },
                    "cumulative_cardinality": 0,
                    "operator_type": "HASH_GROUP_BY",
                    "operator_cardinality": 13624,
                    "cumulative_rows_scanned": 0,
                    "operator_rows_scanned": 0,
                    "operator_timing": 1.2577254180000002,
                    "children": [
                      {
                        "total_bytes_written": 0,
                        "total_bytes_read": 0,
                        "result_set_size": 852640523,
                        "operator_name": "PROJECTION",
                        "cpu_time": 0.0,
                        "extra_info": {
                          "Projections": [
                            "d_week_seq",
                            "ss_store_sk",
                            "CASE  WHEN ((d_day_name = 'Sunday')) THEN (ss_sales_price) ELSE NULL END",
                            "CASE  WHEN ((d_day_name = 'Monday')) THEN (ss_sales_price) ELSE NULL END",
                            "CASE  WHEN ((d_day_name = 'Tuesday')) THEN (ss_sales_price) ELSE NULL END",
                            "CASE  WHEN ((d_day_name = 'Wednesday')) THEN (ss_sales_price) ELSE NULL END",
                            "CASE  WHEN ((d_day_name = 'Thursday')) THEN (ss_sales_price) ELSE NULL END",
                            "CASE  WHEN ((d_day_name = 'Friday')) THEN (ss_sales_price) ELSE NULL END",
                            "CASE  WHEN ((d_day_name = 'Saturday')) THEN (ss_sales_price) ELSE NULL END"
                          ],
                          "Estimated Cardinality": "28800991"
                        },
                        "cumulative_cardinality": 0,
                        "operator_type": "PROJECTION",
                        "operator_cardinality": 27504533,
                        "cumulative_rows_scanned": 0,
                        "operator_rows_scanned": 0,
                        "operator_timing": 1.4295765990000007,
                        "children": [
                          {
                            "total_bytes_written": 0,
                            "total_bytes_read": 0,
                            "result_set_size": 632604259,
                            "operator_name": "PROJECTION",
                            "cpu_time": 0.0,
                            "extra_info": {
                              "Projections": [
                                "__internal_compress_integral_utinyint(#0, 1)",
                                "#1",
                                "__internal_compress_integral_usmallint(#2, 1)",
                                "#3"
                              ],
                              "Estimated Cardinality": "28800991"
                            },
                            "cumulative_cardinality": 0,
                            "operator_type": "PROJECTION",
                            "operator_cardinality": 27504533,
                            "cumulative_rows_scanned": 0,
                            "operator_rows_scanned": 0,
                            "operator_timing": 0.107138027,
                            "children": [
                              {
                                "total_bytes_written": 0,
                                "total_bytes_read": 0,
                                "result_set_size": 770126924,
                                "operator_name": "HASH_JOIN",
                                "cpu_time": 0.0,
                                "extra_info": {
                                  "Join Type": "INNER",
                                  "Conditions": "ss_sold_date_sk = d_date_sk",
                                  "Estimated Cardinality": "28800991"
                                },
                                "cumulative_cardinality": 0,
                                "operator_type": "HASH_JOIN",
                                "operator_cardinality": 27504533,
                                "cumulative_rows_scanned": 0,
                                "operator_rows_scanned": 0,
                                "operator_timing": 0.1170566109999999,
                                "children": [
                                  {
                                    "total_bytes_written": 0,
                                    "total_bytes_read": 0,
                                    "result_set_size": 330054396,
                                    "operator_name": "SEQ_SCAN ",
                                    "cpu_time": 0.0,
                                    "extra_info": {
                                      "Table": "store_sales",
                                      "Type": "Sequential Scan",
                                      "Projections": [
                                        "ss_sold_date_sk",
                                        "ss_store_sk",
                                        "ss_sales_price"
                                      ],
                                      "Estimated Cardinality": "28800991"
                                    },
                                    "cumulative_cardinality": 0,
                                    "operator_type": "TABLE_SCAN",
                                    "operator_cardinality": 27504533,
                                    "cumulative_rows_scanned": 0,
                                    "operator_rows_scanned": 345611892,
                                    "operator_timing": 0.3204037950000001,
                                    "children": []
                                  },
                                  {
                                    "total_bytes_written": 0,
                                    "total_bytes_read": 0,
                                    "result_set_size": 43848,
                                    "operator_name": "SEQ_SCAN ",
                                    "cpu_time": 0.0,
                                    "extra_info": {
                                      "Table": "date_dim",
                                      "Type": "Sequential Scan",
                                      "Projections": [
                                        "d_date_sk",
                                        "d_week_seq",
                                        "d_day_name"
                                      ],
                                      "Filters": "d_date_sk>=2450816 AND d_date_sk<=2452642",
                                      "Estimated Cardinality": "73049"
                                    },
                                    "cumulative_cardinality": 0,
                                    "operator_type": "TABLE_SCAN",
                                    "operator_cardinality": 1827,
                                    "cumulative_rows_scanned": 0,
                                    "operator_rows_scanned": 73049,
                                    "operator_timing": 0.000158898,
                                    "children": []
                                  }
                                ]
                              }
                            ]
                          }
                        ]
                      }
                    ]
                  }
                ]
              },
              {
                "total_bytes_written": 0,
                "total_bytes_read": 0,
                "result_set_size": 9200,
                "operator_name": "TOP_N",
                "cpu_time": 0.0,
                "extra_info": {
                  "Top": "100",
                  "Order By": [
                    "y.s_store_name1 ASC",
                    "y.s_store_id1 ASC",
                    "y.d_week_seq1 ASC"
                  ]
                },
                "cumulative_cardinality": 0,
                "operator_type": "TOP_N",
                "operator_cardinality": 100,
                "cumulative_rows_scanned": 0,
                "operator_rows_scanned": 0,
                "operator_timing": 0.0013960980000000003,
                "children": [
                  {
                    "total_bytes_written": 0,
                    "total_bytes_read": 0,
                    "result_set_size": 11894220,
                    "operator_name": "PROJECTION",
                    "cpu_time": 0.0,
                    "extra_info": {
                      "Projections": [
                        "s_store_name1",
                        "s_store_id1",
                        "d_week_seq1",
                        "(CAST(sun_sales1 AS DOUBLE) / CAST(sun_sales2 AS DOUBLE))",
                        "(CAST(mon_sales1 AS DOUBLE) / CAST(mon_sales2 AS DOUBLE))",
                        "(CAST(tue_sales1 AS DOUBLE) / CAST(tue_sales2 AS DOUBLE))",
                        "(CAST(wed_sales1 AS DOUBLE) / CAST(wed_sales2 AS DOUBLE))",
                        "(CAST(thu_sales1 AS DOUBLE) / CAST(thu_sales2 AS DOUBLE))",
                        "(CAST(fri_sales1 AS DOUBLE) / CAST(fri_sales2 AS DOUBLE))",
                        "(CAST(sat_sales1 AS DOUBLE) / CAST(sat_sales2 AS DOUBLE))"
                      ],
                      "Estimated Cardinality": "41088"
                    },
                    "cumulative_cardinality": 0,
                    "operator_type": "PROJECTION",
                    "operator_cardinality": 129285,
                    "cumulative_rows_scanned": 0,
                    "operator_rows_scanned": 0,
                    "operator_timing": 0.024972645999999994,
                    "children": [
                      {
                        "total_bytes_written": 0,
                        "total_bytes_read": 0,
                        "result_set_size": 33614100,
                        "operator_name": "HASH_JOIN",
                        "cpu_time": 0.0,
                        "extra_info": {
                          "Join Type": "INNER",
                          "Conditions": [
                            "s_store_id1 = s_store_id2",
                            "d_week_seq1 = (d_week_seq2 - 52)"
                          ],
                          "Estimated Cardinality": "41088"
                        },
                        "cumulative_cardinality": 0,
                        "operator_type": "HASH_JOIN",
                        "operator_cardinality": 129285,
                        "cumulative_rows_scanned": 0,
                        "operator_rows_scanned": 0,
                        "operator_timing": 0.004249475,
                        "children": [
                          {
                            "total_bytes_written": 0,
                            "total_bytes_read": 0,
                            "result_set_size": 2762568,
                            "operator_name": "PROJECTION",
                            "cpu_time": 0.0,
                            "extra_info": {
                              "Projections": [
                                "s_store_name1",
                                "d_week_seq1",
                                "s_store_id1",
                                "sun_sales1",
                                "mon_sales1",
                                "tue_sales1",
                                "wed_sales1",
                                "thu_sales1",
                                "fri_sales1",
                                "sat_sales1"
                              ],
                              "Estimated Cardinality": "12788"
                            },
                            "cumulative_cardinality": 0,
                            "operator_type": "PROJECTION",
                            "operator_cardinality": 18666,
                            "cumulative_rows_scanned": 0,
                            "operator_rows_scanned": 0,
                            "operator_timing": 1.2928e-05,
                            "children": [
                              {
                                "total_bytes_written": 0,
                                "total_bytes_read": 0,
                                "result_set_size": 2911896,
                                "operator_name": "HASH_JOIN",
                                "cpu_time": 0.0,
                                "extra_info": {
                                  "Join Type": "INNER",
                                  "Conditions": "d_week_seq = d_week_seq",
                                  "Estimated Cardinality": "12788"
                                },
                                "cumulative_cardinality": 0,
                                "operator_type": "HASH_JOIN",
                                "operator_cardinality": 18666,
                                "cumulative_rows_scanned": 0,
                                "operator_rows_scanned": 0,
                                "operator_timing": 0.004231468,
                                "children": [
                                  {
                                    "total_bytes_written": 0,
                                    "total_bytes_read": 0,
                                    "result_set_size": 2928,
                                    "operator_name": "SEQ_SCAN ",
                                    "cpu_time": 0.0,
                                    "extra_info": {
                                      "Table": "date_dim",
                                      "Type": "Sequential Scan",
                                      "Projections": "",
                                      "Filters": "d_month_seq>=1196 AND d_month_seq<=1207",
                                      "Estimated Cardinality": "14609"
                                    },
                                    "cumulative_cardinality": 0,
                                    "operator_type": "TABLE_SCAN",
                                    "operator_cardinality": 366,
                                    "cumulative_rows_scanned": 0,
                                    "operator_rows_scanned": 73049,
                                    "operator_timing": 0.000183489,
                                    "children": []
                                  },
                                  {
                                    "total_bytes_written": 0,
                                    "total_bytes_read": 0,
                                    "result_set_size": 1977576,
                                    "operator_name": "HASH_JOIN",
                                    "cpu_time": 0.0,
                                    "extra_info": {
                                      "Join Type": "INNER",
                                      "Conditions": "ss_store_sk = s_store_sk",
                                      "Estimated Cardinality": "3038"
                                    },
                                    "cumulative_cardinality": 0,
                                    "operator_type": "HASH_JOIN",
                                    "operator_cardinality": 13362,
                                    "cumulative_rows_scanned": 0,
                                    "operator_rows_scanned": 0,
                                    "operator_timing": 0.001122362,
                                    "children": [
                                      {
                                        "total_bytes_written": 0,
                                        "total_bytes_read": 0,
                                        "result_set_size": 1634880,
                                        "operator_name": "CTE_SCAN",
                                        "cpu_time": 0.0,
                                        "extra_info": {
                                          "CTE Index": "0",
                                          "Estimated Cardinality": "2979"
                                        },
                                        "cumulative_cardinality": 0,
                                        "operator_type": "CTE_SCAN",
                                        "operator_cardinality": 13624,
                                        "cumulative_rows_scanned": 0,
                                        "operator_rows_scanned": 0,
                                        "operator_timing": 0.000665016,
                                        "children": []
                                      },
                                      {
                                        "total_bytes_written": 0,
                                        "total_bytes_read": 0,
                                        "result_set_size": 3672,
                                        "operator_name": "SEQ_SCAN ",
                                        "cpu_time": 0.0,
                                        "extra_info": {
                                          "Table": "store",
                                          "Type": "Sequential Scan",
                                          "Projections": "",
                                          "Estimated Cardinality": "102"
                                        },
                                        "cumulative_cardinality": 0,
                                        "operator_type": "TABLE_SCAN",
                                        "operator_cardinality": 102,
                                        "cumulative_rows_scanned": 0,
                                        "operator_rows_scanned": 102,
                                        "operator_timing": 2.1623e-05,
                                        "children": []
                                      }
                                    ]
                                  }
                                ]
                              }
                            ]
                          },
                          {
                            "total_bytes_written": 0,
                            "total_bytes_read": 0,
                            "result_set_size": 2457180,
                            "operator_name": "PROJECTION",
                            "cpu_time": 0.0,
                            "extra_info": {
                              "Projections": [
                                "d_week_seq2",
                                "s_store_id2",
                                "sun_sales2",
                                "mon_sales2",
                                "tue_sales2",
                                "wed_sales2",
                                "thu_sales2",
                                "fri_sales2",
                                "sat_sales2"
                              ],
                              "Estimated Cardinality": "12788"
                            },
                            "cumulative_cardinality": 0,
                            "operator_type": "PROJECTION",
                            "operator_cardinality": 18615,
                            "cumulative_rows_scanned": 0,
                            "operator_rows_scanned": 0,
                            "operator_timing": 6.006000000000001e-06,
                            "children": [
                              {
                                "total_bytes_written": 0,
                                "total_bytes_read": 0,
                                "result_set_size": 2606100,
                                "operator_name": "HASH_JOIN",
                                "cpu_time": 0.0,
                                "extra_info": {
                                  "Join Type": "INNER",
                                  "Conditions": "d_week_seq = d_week_seq",
                                  "Estimated Cardinality": "12788"
                                },
                                "cumulative_cardinality": 0,
                                "operator_type": "HASH_JOIN",
                                "operator_cardinality": 18615,
                                "cumulative_rows_scanned": 0,
                                "operator_rows_scanned": 0,
                                "operator_timing": 0.0032251450000000004,
                                "children": [
                                  {
                                    "total_bytes_written": 0,
                                    "total_bytes_read": 0,
                                    "result_set_size": 2920,
                                    "operator_name": "SEQ_SCAN ",
                                    "cpu_time": 0.0,
                                    "extra_info": {
                                      "Table": "date_dim",
                                      "Type": "Sequential Scan",
                                      "Projections": "",
                                      "Filters": "d_month_seq>=1208 AND d_month_seq<=1219",
                                      "Estimated Cardinality": "14609"
                                    },
                                    "cumulative_cardinality": 0,
                                    "operator_type": "TABLE_SCAN",
                                    "operator_cardinality": 365,
                                    "cumulative_rows_scanned": 0,
                                    "operator_rows_scanned": 73049,
                                    "operator_timing": 0.000160777,
                                    "children": []
                                  },
                                  {
                                    "total_bytes_written": 0,
                                    "total_bytes_read": 0,
                                    "result_set_size": 1763784,
                                    "operator_name": "HASH_JOIN",
                                    "cpu_time": 0.0,
                                    "extra_info": {
                                      "Join Type": "INNER",
                                      "Conditions": "ss_store_sk = s_store_sk",
                                      "Estimated Cardinality": "3038"
                                    },
                                    "cumulative_cardinality": 0,
                                    "operator_type": "HASH_JOIN",
                                    "operator_cardinality": 13362,
                                    "cumulative_rows_scanned": 0,
                                    "operator_rows_scanned": 0,
                                    "operator_timing": 0.0008023580000000001,
                                    "children": [
                                      {
                                        "total_bytes_written": 0,
                                        "total_bytes_read": 0,
                                        "result_set_size": 1634880,
                                        "operator_name": "CTE_SCAN",
                                        "cpu_time": 0.0,
                                        "extra_info": {
                                          "CTE Index": "0",
                                          "Estimated Cardinality": "2979"
                                        },
                                        "cumulative_cardinality": 0,
                                        "operator_type": "CTE_SCAN",
                                        "operator_cardinality": 13624,
                                        "cumulative_rows_scanned": 0,
                                        "operator_rows_scanned": 0,
                                        "operator_timing": 6.969099999999998e-05,
                                        "children": []
                                      },
                                      {
                                        "total_bytes_written": 0,
                                        "total_bytes_read": 0,
                                        "result_set_size": 3672,
                                        "operator_name": "SEQ_SCAN ",
                                        "cpu_time": 0.0,
                                        "extra_info": {
                                          "Table": "store",
                                          "Type": "Sequential Scan",
                                          "Projections": "",
                                          "Estimated Cardinality": "102"
                                        },
                                        "cumulative_cardinality": 0,
                                        "operator_type": "TABLE_SCAN",
                                        "operator_cardinality": 102,
                                        "cumulative_rows_scanned": 0,
                                        "operator_rows_scanned": 102,
                                        "operator_timing": 1.5452e-05,
                                        "children": []
                                      }
                                    ]
                                  }
                                ]
                              }
                            ]
                          }
                        ]
                      }
                    ]
                  }
                ]
              }
            ]
          }
        ]
      }
    ]
  }
}