{
  "benchmark": "tpcds",
  "query_id": "query_75",
  "source_sql": "/mnt/d/TPC-DS/queries_duckdb_converted/query_75.sql",
  "database": "/mnt/d/TPC-DS/tpcds_sf10.duckdb",
  "statement_count": 1,
  "client_elapsed_ms": 345.3054829988105,
  "execution_time_ms": 0.0,
  "plan_json": {
    "total_bytes_written": 0,
    "total_bytes_read": 0,
    "rows_returned": 0,
    "latency": 0.0,
    "result_set_size": 0,
    "query_name": "",
    "blocked_thread_time": 0.0,
    "system_peak_buffer_memory": 0,
    "system_peak_temp_dir_size": 0,
    "cpu_time": 0.0,
    "extra_info": {},
    "cumulative_cardinality": 0,
    "cumulative_rows_scanned": 0,
    "children": [
      {
        "total_bytes_written": 0,
        "total_bytes_read": 0,
        "result_set_size": 0,
        "operator_name": "EXPLAIN_ANALYZE",
        "cpu_time": 0.0,
        "extra_info": {},
        "cumulative_cardinality": 0,
        "operator_type": "EXPLAIN_ANALYZE",
        "operator_cardinality": 0,
        "cumulative_rows_scanned": 0,
        "operator_rows_scanned": 0,
        "operator_timing": 3.22e-07,
        "children": [
          {
            "total_bytes_written": 0,
            "total_bytes_read": 0,
            "result_set_size": 0,
            "operator_name": "CTE",
            "cpu_time": 0.0,
            "extra_info": {
              "CTE Name": "all_sales",
              "Table Index": "0",
              "Estimated Cardinality": "100"
            },
            "cumulative_cardinality": 0,
            "operator_type": "CTE",
            "operator_cardinality": 0,
            "cumulative_rows_scanned": 0,
            "operator_rows_scanned": 0,
            "operator_timing": 0.00028434,
            "children": [
              {
                "total_bytes_written": 0,
                "total_bytes_read": 0,
                "result_set_size": 510536,
                "operator_name": "PROJECTION",
                "cpu_time": 0.0,
                "extra_info": {
                  "Projections": [
                    "__internal_decompress_integral_integer(#0, 1900)",
                    "#1",
                    "__internal_decompress_integral_integer(#2, 1)",
                    "__internal_decompress_integral_integer(#3, 1)",
                    "__internal_decompress_integral_integer(#4, 1)",
                    "#5",
                    "#6"
                  ],
                  "Estimated Cardinality": "2848875"
                },
                "cumulative_cardinality": 0,
                "operator_type": "PROJECTION",
                "operator_cardinality": 9818,
                "cumulative_rows_scanned": 0,
                "operator_rows_scanned": 0,
                "operator_timing": 0.000199825,
                "children": [
                  {
                    "total_bytes_written": 0,
                    "total_bytes_read": 0,
                    "result_set_size": 402538,
                    "operator_name": "HASH_GROUP_BY",
                    "cpu_time": 0.0,
                    "extra_info": {
                      "Groups": [
                        "#0",
                        "#1",
                        "#2",
                        "#3",
                        "#4"
                      ],
                      "Aggregates": [
                        "sum(#5)",
                        "sum(#6)"
                      ],
                      "Estimated Cardinality": "2848875"
                    },
                    "cumulative_cardinality": 0,
                    "operator_type": "HASH_GROUP_BY",
                    "operator_cardinality": 9818,
                    "cumulative_rows_scanned": 0,
                    "operator_rows_scanned": 0,
                    "operator_timing": 0.18993852599999997,
                    "children": [
                      {
                        "total_bytes_written": 0,
                        "total_bytes_read": 0,
                        "result_set_size": 32547367,
                        "operator_name": "PROJECTION",
                        "cpu_time": 0.0,
                        "extra_info": {
                          "Projections": [
                            "d_year",
                            "i_brand_id",
                            "i_class_id",
                            "i_category_id",
                            "i_manufact_id",
                            "sales_cnt",
                            "sales_amt"
                          ],
                          "Estimated Cardinality": "2877532"
                        },
                        "cumulative_cardinality": 0,
                        "operator_type": "PROJECTION",
                        "operator_cardinality": 1914551,
                        "cumulative_rows_scanned": 0,
                        "operator_rows_scanned": 0,
                        "operator_timing": 0.000786803,
                        "children": [
                          {
                            "total_bytes_written": 0,
                            "total_bytes_read": 0,
                            "result_set_size": 32547367,
                            "operator_name": "PROJECTION",
                            "cpu_time": 0.0,
                            "extra_info": {
                              "Projections": [
                                "__internal_compress_integral_utinyint(#0, 1900)",
                                "#1",
                                "__internal_compress_integral_utinyint(#2, 1)",
                                "__internal_compress_integral_utinyint(#3, 1)",
                                "__internal_compress_integral_usmallint(#4, 1)",
                                "#5",
                                "#6"
                              ],
                              "Estimated Cardinality": "2877532"
                            },
                            "cumulative_cardinality": 0,
                            "operator_type": "PROJECTION",
                            "operator_cardinality": 1914551,
                            "cumulative_rows_scanned": 0,
                            "operator_rows_scanned": 0,
                            "operator_timing": 0.0067014280000000015,
                            "children": [
                              {
                                "total_bytes_written": 0,
                                "total_bytes_read": 0,
                                "result_set_size": 53607428,
                                "operator_name": "HASH_GROUP_BY",
                                "cpu_time": 0.0,
                                "extra_info": {
                                  "Groups": [
                                    "#0",
                                    "#1",
                                    "#2",
                                    "#3",
                                    "#4",
                                    "#5",
                                    "#6"
                                  ],
                                  "Aggregates": "",
                                  "Estimated Cardinality": "2877532"
                                },
                                "cumulative_cardinality": 0,
                                "operator_type": "HASH_GROUP_BY",
                                "operator_cardinality": 1914551,
                                "cumulative_rows_scanned": 0,
                                "operator_rows_scanned": 0,
                                "operator_timing": 0.49134023800000004,
                                "children": [
                                  {
                                    "total_bytes_written": 0,
                                    "total_bytes_read": 0,
                                    "result_set_size": 0,
                                    "operator_name": "UNION",
                                    "cpu_time": 0.0,
                                    "extra_info": {},
                                    "cumulative_cardinality": 0,
                                    "operator_type": "UNION",
                                    "operator_cardinality": 0,
                                    "cumulative_rows_scanned": 0,
                                    "operator_rows_scanned": 0,
                                    "operator_timing": 0.0,
                                    "children": [
                                      {
                                        "total_bytes_written": 0,
                                        "total_bytes_read": 0,
                                        "result_set_size": 45729012,
                                        "operator_name": "HASH_GROUP_BY",
                                        "cpu_time": 0.0,
                                        "extra_info": {
                                          "Groups": [
                                            "#0",
                                            "#1",
                                            "#2",
                                            "#3",
                                            "#4",
                                            "#5",
                                            "#6"
                                          ],
                                          "Aggregates": "",
                                          "Estimated Cardinality": "2877532"
                                        },
                                        "cumulative_cardinality": 0,
                                        "operator_type": "HASH_GROUP_BY",
                                        "operator_cardinality": 1633179,
                                        "cumulative_rows_scanned": 0,
                                        "operator_rows_scanned": 0,
                                        "operator_timing": 0.39231647699999994,
                                        "children": [
                                          {
                                            "total_bytes_written": 0,
                                            "total_bytes_read": 0,
                                            "result_set_size": 0,
                                            "operator_name": "UNION",
                                            "cpu_time": 0.0,
                                            "extra_info": {},
                                            "cumulative_cardinality": 0,
                                            "operator_type": "UNION",
                                            "operator_cardinality": 0,
                                            "cumulative_rows_scanned": 0,
                                            "operator_rows_scanned": 0,
                                            "operator_timing": 0.0,
                                            "children": [
                                              {
                                                "total_bytes_written": 0,
                                                "total_bytes_read": 0,
                                                "result_set_size": 15751064,
                                                "operator_name": "PROJECTION",
                                                "cpu_time": 0.0,
                                                "extra_info": {
                                                  "Projections": [
                                                    "d_year",
                                                    "i_brand_id",
                                                    "i_class_id",
                                                    "i_category_id",
                                                    "i_manufact_id",
                                                    "sales_cnt",
                                                    "sales_amt"
                                                  ],
                                                  "Estimated Cardinality": "1441224"
                                                },
                                                "cumulative_cardinality": 0,
                                                "operator_type": "PROJECTION",
                                                "operator_cardinality": 562538,
                                                "cumulative_rows_scanned": 0,
                                                "operator_rows_scanned": 0,
                                                "operator_timing": 0.006652160000000001,
                                                "children": [
                                                  {
                                                    "total_bytes_written": 0,
                                                    "total_bytes_read": 0,
                                                    "result_set_size": 20251368,
                                                    "operator_name": "HASH_JOIN",
                                                    "cpu_time": 0.0,
                                                    "extra_info": {
                                                      "Join Type": "RIGHT",
                                                      "Conditions": [
                                                        "cr_order_number = cs_order_number",
                                                        "cr_item_sk = cs_item_sk"
                                                      ],
                                                      "Estimated Cardinality": "1441224"
                                                    },
                                                    "cumulative_cardinality": 0,
                                                    "operator_type": "HASH_JOIN",
                                                    "operator_cardinality": 562538,
                                                    "cumulative_rows_scanned": 0,
                                                    "operator_rows_scanned": 0,
                                                    "operator_timing": 0.13827312799999997,
                                                    "children": [
                                                      {
                                                        "total_bytes_written": 0,
                                                        "total_bytes_read": 0,
                                                        "result_set_size": 9171472,
                                                        "operator_name": "SEQ_SCAN ",
                                                        "cpu_time": 0.0,
                                                        "extra_info": {
                                                          "Table": "catalog_returns",
                                                          "Type": "Sequential Scan",
                                                          "Projections": [
                                                            "cr_order_number",
                                                            "cr_item_sk",
                                                            "cr_return_quantity",
                                                            "cr_return_amount"
                                                          ],
                                                          "Estimated Cardinality": "1441224"
                                                        },
                                                        "cumulative_cardinality": 0,
                                                        "operator_type": "TABLE_SCAN",
                                                        "operator_cardinality": 573217,
                                                        "cumulative_rows_scanned": 0,
                                                        "operator_rows_scanned": 17294688,
                                                        "operator_timing": 0.0064225079999999995,
                                                        "children": []
                                                      },
                                                      {
                                                        "total_bytes_written": 0,
                                                        "total_bytes_read": 0,
                                                        "result_set_size": 20251368,
                                                        "operator_name": "HASH_JOIN",
                                                        "cpu_time": 0.0,
                                                        "extra_info": {
                                                          "Join Type": "INNER",
                                                          "Conditions": "cs_sold_date_sk = d_date_sk",
                                                          "Estimated Cardinality": "277808"
                                                        },
                                                        "cumulative_cardinality": 0,
                                                        "operator_type": "HASH_JOIN",
                                                        "operator_cardinality": 562538,
                                                        "cumulative_rows_scanned": 0,
                                                        "operator_rows_scanned": 0,
                                                        "operator_timing": 0.024047444,
                                                        "children": [
                                                          {
                                                            "total_bytes_written": 0,
                                                            "total_bytes_read": 0,
                                                            "result_set_size": 20251368,
                                                            "operator_name": "HASH_JOIN",
                                                            "cpu_time": 0.0,
                                                            "extra_info": {
                                                              "Join Type": "INNER",
                                                              "Conditions": "cs_item_sk = i_item_sk",
                                                              "Estimated Cardinality": "1389118"
                                                            },
                                                            "cumulative_cardinality": 0,
                                                            "operator_type": "HASH_JOIN",
                                                            "operator_cardinality": 562538,
                                                            "cumulative_rows_scanned": 0,
                                                            "operator_rows_scanned": 0,
                                                            "operator_timing": 0.041262646,
                                                            "children": [
                                                              {
                                                                "total_bytes_written": 0,
                                                                "total_bytes_read": 0,
                                                                "result_set_size": 114038440,
                                                                "operator_name": "SEQ_SCAN ",
                                                                "cpu_time": 0.0,
                                                                "extra_info": {
                                                                  "Table": "catalog_sales",
                                                                  "Type": "Sequential Scan",
                                                                  "Projections": [
                                                                    "cs_item_sk",
                                                                    "cs_sold_date_sk",
                                                                    "cs_order_number",
                                                                    "cs_quantity",
                                                                    "cs_ext_sales_price"
                                                                  ],
                                                                  "Estimated Cardinality": "14401261"
                                                                },
                                                                "cumulative_cardinality": 0,
                                                                "operator_type": "TABLE_SCAN",
                                                                "operator_cardinality": 5701922,
                                                                "cumulative_rows_scanned": 0,
                                                                "operator_rows_scanned": 172815132,
                                                                "operator_timing": 0.09947477800000001,
                                                                "children": []
                                                              },
                                                              {
                                                                "total_bytes_written": 0,
                                                                "total_bytes_read": 0,
                                                                "result_set_size": 204100,
                                                                "operator_name": "SEQ_SCAN ",
                                                                "cpu_time": 0.0,
                                                                "extra_info": {
                                                                  "Table": "item",
                                                                  "Type": "Sequential Scan",
                                                                  "Projections": [
                                                                    "i_item_sk",
                                                                    "i_brand_id",
                                                                    "i_class_id",
                                                                    "i_category_id",
                                                                    "i_manufact_id"
                                                                  ],
                                                                  "Filters": "i_category='Home'",
                                                                  "Estimated Cardinality": "9273"
                                                                },
                                                                "cumulative_cardinality": 0,
                                                                "operator_type": "TABLE_SCAN",
                                                                "operator_cardinality": 10205,
                                                                "cumulative_rows_scanned": 0,
                                                                "operator_rows_scanned": 102000,
                                                                "operator_timing": 0.0015546249999999998,
                                                                "children": []
                                                              }
                                                            ]
                                                          },
                                                          {
                                                            "total_bytes_written": 0,
                                                            "total_bytes_read": 0,
                                                            "result_set_size": 5840,
                                                            "operator_name": "FILTER",
                                                            "cpu_time": 0.0,
                                                            "extra_info": {
                                                              "Expression": "((d_date_sk BETWEEN 2450815 AND 2452653) AND ((d_year = 1999) OR (d_year = 1998)))",
                                                              "Estimated Cardinality": "73049"
                                                            },
                                                            "cumulative_cardinality": 0,
                                                            "operator_type": "FILTER",
                                                            "operator_cardinality": 730,
                                                            "cumulative_rows_scanned": 0,
                                                            "operator_rows_scanned": 0,
                                                            "operator_timing": 0.000255421,
                                                            "children": [
                                                              {
                                                                "total_bytes_written": 0,
                                                                "total_bytes_read": 0,
                                                                "result_set_size": 584392,
                                                                "operator_name": "SEQ_SCAN ",
                                                                "cpu_time": 0.0,
                                                                "extra_info": {
                                                                  "Table": "date_dim",
                                                                  "Type": "Sequential Scan",
                                                                  "Projections": [
                                                                    "d_date_sk",
                                                                    "d_year"
                                                                  ],
                                                                  "Filters": "optional: d_year=1999 OR d_year=1998",
                                                                  "Estimated Cardinality": "73049"
                                                                },
                                                                "cumulative_cardinality": 0,
                                                                "operator_type": "TABLE_SCAN",
                                                                "operator_cardinality": 73049,
                                                                "cumulative_rows_scanned": 0,
                                                                "operator_rows_scanned": 73049,
                                                                "operator_timing": 8.729499999999998e-05,
                                                                "children": []
                                                              }
                                                            ]
                                                          }
                                                        ]
                                                      }
                                                    ]
                                                  }
                                                ]
                                              },
                                              {
                                                "total_bytes_written": 0,
                                                "total_bytes_read": 0,
                                                "result_set_size": 30228352,
                                                "operator_name": "PROJECTION",
                                                "cpu_time": 0.0,
                                                "extra_info": {
                                                  "Projections": [
                                                    "d_year",
                                                    "i_brand_id",
                                                    "i_class_id",
                                                    "i_category_id",
                                                    "i_manufact_id",
                                                    "sales_cnt",
                                                    "sales_amt"
                                                  ],
                                                  "Estimated Cardinality": "2877532"
                                                },
                                                "cumulative_cardinality": 0,
                                                "operator_type": "PROJECTION",
                                                "operator_cardinality": 1079584,
                                                "cumulative_rows_scanned": 0,
                                                "operator_rows_scanned": 0,
                                                "operator_timing": 0.027029971000000003,
                                                "children": [
                                                  {
                                                    "total_bytes_written": 0,
                                                    "total_bytes_read": 0,
                                                    "result_set_size": 38865024,
                                                    "operator_name": "HASH_JOIN",
                                                    "cpu_time": 0.0,
                                                    "extra_info": {
                                                      "Join Type": "RIGHT",
                                                      "Conditions": [
                                                        "sr_ticket_number = ss_ticket_number",
                                                        "sr_item_sk = ss_item_sk"
                                                      ],
                                                      "Estimated Cardinality": "2877532"
                                                    },
                                                    "cumulative_cardinality": 0,
                                                    "operator_type": "HASH_JOIN",
                                                    "operator_cardinality": 1079584,
                                                    "cumulative_rows_scanned": 0,
                                                    "operator_rows_scanned": 0,
                                                    "operator_timing": 0.5627347440000001,
                                                    "children": [
                                                      {
                                                        "total_bytes_written": 0,
                                                        "total_bytes_read": 0,
                                                        "result_set_size": 46022240,
                                                        "operator_name": "SEQ_SCAN ",
                                                        "cpu_time": 0.0,
                                                        "extra_info": {
                                                          "Table": "store_returns",
                                                          "Type": "Sequential Scan",
                                                          "Projections": [
                                                            "sr_ticket_number",
                                                            "sr_item_sk",
                                                            "sr_return_quantity",
                                                            "sr_return_amt"
                                                          ],
                                                          "Estimated Cardinality": "2877532"
                                                        },
                                                        "cumulative_cardinality": 0,
                                                        "operator_type": "TABLE_SCAN",
                                                        "operator_cardinality": 2876390,
                                                        "cumulative_rows_scanned": 0,
                                                        "operator_rows_scanned": 34530384,
                                                        "operator_timing": 0.033188472,
                                                        "children": []
                                                      },
                                                      {
                                                        "total_bytes_written": 0,
                                                        "total_bytes_read": 0,
                                                        "result_set_size": 38865024,
                                                        "operator_name": "HASH_JOIN",
                                                        "cpu_time": 0.0,
                                                        "extra_info": {
                                                          "Join Type": "INNER",
                                                          "Conditions": "ss_sold_date_sk = d_date_sk",
                                                          "Estimated Cardinality": "556067"
                                                        },
                                                        "cumulative_cardinality": 0,
                                                        "operator_type": "HASH_JOIN",
                                                        "operator_cardinality": 1079584,
                                                        "cumulative_rows_scanned": 0,
                                                        "operator_rows_scanned": 0,
                                                        "operator_timing": 0.079258099,
                                                        "children": [
                                                          {
                                                            "total_bytes_written": 0,
                                                            "total_bytes_read": 0,
                                                            "result_set_size": 38865024,
                                                            "operator_name": "HASH_JOIN",
                                                            "cpu_time": 0.0,
                                                            "extra_info": {
                                                              "Join Type": "INNER",
                                                              "Conditions": "ss_item_sk = i_item_sk",
                                                              "Estimated Cardinality": "2780489"
                                                            },
                                                            "cumulative_cardinality": 0,
                                                            "operator_type": "HASH_JOIN",
                                                            "operator_cardinality": 1079584,
                                                            "cumulative_rows_scanned": 0,
                                                            "operator_rows_scanned": 0,
                                                            "operator_timing": 0.14855417,
                                                            "children": [
                                                              {
                                                                "total_bytes_written": 0,
                                                                "total_bytes_read": 0,
                                                                "result_set_size": 218982000,
                                                                "operator_name": "SEQ_SCAN ",
                                                                "cpu_time": 0.0,
                                                                "extra_info": {
                                                                  "Table": "store_sales",
                                                                  "Type": "Sequential Scan",
                                                                  "Projections": [
                                                                    "ss_item_sk",
                                                                    "ss_sold_date_sk",
                                                                    "ss_ticket_number",
                                                                    "ss_quantity",
                                                                    "ss_ext_sales_price"
                                                                  ],
                                                                  "Estimated Cardinality": "28800991"
                                                                },
                                                                "cumulative_cardinality": 0,
                                                                "operator_type": "TABLE_SCAN",
                                                                "operator_cardinality": 10949100,
                                                                "cumulative_rows_scanned": 0,
                                                                "operator_rows_scanned": 345611892,
                                                                "operator_timing": 0.43574490400000004,
                                                                "children": []
                                                              },
                                                              {
                                                                "total_bytes_written": 0,
                                                                "total_bytes_read": 0,
                                                                "result_set_size": 204100,
                                                                "operator_name": "SEQ_SCAN ",
                                                                "cpu_time": 0.0,
                                                                "extra_info": {
                                                                  "Table": "item",
                                                                  "Type": "Sequential Scan",
                                                                  "Projections": [
                                                                    "i_item_sk",
                                                                    "i_brand_id",
                                                                    "i_class_id",
                                                                    "i_category_id",
                                                                    "i_manufact_id"
                                                                  ],
                                                                  "Filters": "i_category='Home'",
                                                                  "Estimated Cardinality": "9273"
                                                                },
                                                                "cumulative_cardinality": 0,
                                                                "operator_type": "TABLE_SCAN",
                                                                "operator_cardinality": 10205,
                                                                "cumulative_rows_scanned": 0,
                                                                "operator_rows_scanned": 102000,
                                                                "operator_timing": 0.0010122980000000002,
                                                                "children": []
                                                              }
                                                            ]
                                                          },
                                                          {
                                                            "total_bytes_written": 0,
                                                            "total_bytes_read": 0,
                                                            "result_set_size": 5832,
                                                            "operator_name": "FILTER",
                                                            "cpu_time": 0.0,
                                                            "extra_info": {
                                                              "Expression": "((d_date_sk BETWEEN 2450816 AND 2452642) AND ((d_year = 1999) OR (d_year = 1998)))",
                                                              "Estimated Cardinality": "73049"
                                                            },
                                                            "cumulative_cardinality": 0,
                                                            "operator_type": "FILTER",
                                                            "operator_cardinality": 729,
                                                            "cumulative_rows_scanned": 0,
                                                            "operator_rows_scanned": 0,
                                                            "operator_timing": 0.00024548600000000005,
                                                            "children": [
                                                              {
                                                                "total_bytes_written": 0,
                                                                "total_bytes_read": 0,
                                                                "result_set_size": 584392,
                                                                "operator_name": "SEQ_SCAN ",
                                                                "cpu_time": 0.0,
                                                                "extra_info": {
                                                                  "Table": "date_dim",
                                                                  "Type": "Sequential Scan",
                                                                  "Projections": [
                                                                    "d_date_sk",
                                                                    "d_year"
                                                                  ],
                                                                  "Filters": "optional: d_year=1999 OR d_year=1998",
                                                                  "Estimated Cardinality": "73049"
                                                                },
                                                                "cumulative_cardinality": 0,
                                                                "operator_type": "TABLE_SCAN",
                                                                "operator_cardinality": 73049,
                                                                "cumulative_rows_scanned": 0,
                                                                "operator_rows_scanned": 73049,
                                                                "operator_timing": 7.066e-05,
                                                                "children": []
                                                              }
                                                            ]
                                                          }
                                                        ]
                                                      }
                                                    ]
                                                  }
                                                ]
                                              }
                                            ]
                                          }
                                        ]
                                      },
                                      {
                                        "total_bytes_written": 0,
                                        "total_bytes_read": 0,
                                        "result_set_size": 7905184,
                                        "operator_name": "PROJECTION",
                                        "cpu_time": 0.0,
                                        "extra_info": {
                                          "Projections": [
                                            "d_year",
                                            "i_brand_id",
                                            "i_class_id",
                                            "i_category_id",
                                            "i_manufact_id",
                                            "sales_cnt",
                                            "sales_amt"
                                          ],
                                          "Estimated Cardinality": "719222"
                                        },
                                        "cumulative_cardinality": 0,
                                        "operator_type": "PROJECTION",
                                        "operator_cardinality": 282328,
                                        "cumulative_rows_scanned": 0,
                                        "operator_rows_scanned": 0,
                                        "operator_timing": 0.005518543,
                                        "children": [
                                          {
                                            "total_bytes_written": 0,
                                            "total_bytes_read": 0,
                                            "result_set_size": 10163808,
                                            "operator_name": "HASH_JOIN",
                                            "cpu_time": 0.0,
                                            "extra_info": {
                                              "Join Type": "RIGHT",
                                              "Conditions": [
                                                "wr_order_number = ws_order_number",
                                                "wr_item_sk = ws_item_sk"
                                              ],
                                              "Estimated Cardinality": "719222"
                                            },
                                            "cumulative_cardinality": 0,
                                            "operator_type": "HASH_JOIN",
                                            "operator_cardinality": 282328,
                                            "cumulative_rows_scanned": 0,
                                            "operator_rows_scanned": 0,
                                            "operator_timing": 0.12194776399999999,
                                            "children": [
                                              {
                                                "total_bytes_written": 0,
                                                "total_bytes_read": 0,
                                                "result_set_size": 11502480,
                                                "operator_name": "SEQ_SCAN ",
                                                "cpu_time": 0.0,
                                                "extra_info": {
                                                  "Table": "web_returns",
                                                  "Type": "Sequential Scan",
                                                  "Projections": [
                                                    "wr_order_number",
                                                    "wr_item_sk",
                                                    "wr_return_quantity",
                                                    "wr_return_amt"
                                                  ],
                                                  "Estimated Cardinality": "719222"
                                                },
                                                "cumulative_cardinality": 0,
                                                "operator_type": "TABLE_SCAN",
                                                "operator_cardinality": 718905,
                                                "cumulative_rows_scanned": 0,
                                                "operator_rows_scanned": 4315332,
                                                "operator_timing": 0.007685892000000001,
                                                "children": []
                                              },
                                              {
                                                "total_bytes_written": 0,
                                                "total_bytes_read": 0,
                                                "result_set_size": 10163808,
                                                "operator_name": "HASH_JOIN",
                                                "cpu_time": 0.0,
                                                "extra_info": {
                                                  "Join Type": "INNER",
                                                  "Conditions": "ws_sold_date_sk = d_date_sk",
                                                  "Estimated Cardinality": "138365"
                                                },
                                                "cumulative_cardinality": 0,
                                                "operator_type": "HASH_JOIN",
                                                "operator_cardinality": 282328,
                                                "cumulative_rows_scanned": 0,
                                                "operator_rows_scanned": 0,
                                                "operator_timing": 0.027380993000000003,
                                                "children": [
                                                  {
                                                    "total_bytes_written": 0,
                                                    "total_bytes_read": 0,
                                                    "result_set_size": 10163808,
                                                    "operator_name": "HASH_JOIN",
                                                    "cpu_time": 0.0,
                                                    "extra_info": {
                                                      "Join Type": "INNER",
                                                      "Conditions": "ws_item_sk = i_item_sk",
                                                      "Estimated Cardinality": "691867"
                                                    },
                                                    "cumulative_cardinality": 0,
                                                    "operator_type": "HASH_JOIN",
                                                    "operator_cardinality": 282328,
                                                    "cumulative_rows_scanned": 0,
                                                    "operator_rows_scanned": 0,
                                                    "operator_timing": 0.043724808,
                                                    "children": [
                                                      {
                                                        "total_bytes_written": 0,
                                                        "total_bytes_read": 0,
                                                        "result_set_size": 57224380,
                                                        "operator_name": "SEQ_SCAN ",
                                                        "cpu_time": 0.0,
                                                        "extra_info": {
                                                          "Table": "web_sales",
                                                          "Type": "Sequential Scan",
                                                          "Projections": [
                                                            "ws_item_sk",
                                                            "ws_sold_date_sk",
                                                            "ws_order_number",
                                                            "ws_quantity",
                                                            "ws_ext_sales_price"
                                                          ],
                                                          "Estimated Cardinality": "7197566"
                                                        },
                                                        "cumulative_cardinality": 0,
                                                        "operator_type": "TABLE_SCAN",
                                                        "operator_cardinality": 2861219,
                                                        "cumulative_rows_scanned": 0,
                                                        "operator_rows_scanned": 86370792,
                                                        "operator_timing": 0.113002412,
                                                        "children": []
                                                      },
                                                      {
                                                        "total_bytes_written": 0,
                                                        "total_bytes_read": 0,
                                                        "result_set_size": 204100,
                                                        "operator_name": "SEQ_SCAN ",
                                                        "cpu_time": 0.0,
                                                        "extra_info": {
                                                          "Table": "item",
                                                          "Type": "Sequential Scan",
                                                          "Projections": [
                                                            "i_item_sk",
                                                            "i_brand_id",
                                                            "i_class_id",
                                                            "i_category_id",
                                                            "i_manufact_id"
                                                          ],
                                                          "Filters": "i_category='Home'",
                                                          "Estimated Cardinality": "9273"
                                                        },
                                                        "cumulative_cardinality": 0,
                                                        "operator_type": "TABLE_SCAN",
                                                        "operator_cardinality": 10205,
                                                        "cumulative_rows_scanned": 0,
                                                        "operator_rows_scanned": 102000,
                                                        "operator_timing": 0.0008822939999999998,
                                                        "children": []
                                                      }
                                                    ]
                                                  },
                                                  {
                                                    "total_bytes_written": 0,
                                                    "total_bytes_read": 0,
                                                    "result_set_size": 5832,
                                                    "operator_name": "FILTER",
                                                    "cpu_time": 0.0,
                                                    "extra_info": {
                                                      "Expression": "((d_date_sk BETWEEN 2450816 AND 2452642) AND ((d_year = 1999) OR (d_year = 1998)))",
                                                      "Estimated Cardinality": "73049"
                                                    },
                                                    "cumulative_cardinality": 0,
                                                    "operator_type": "FILTER",
                                                    "operator_cardinality": 729,
                                                    "cumulative_rows_scanned": 0,
                                                    "operator_rows_scanned": 0,
                                                    "operator_timing": 0.00027521599999999995,
                                                    "children": [
                                                      {
                                                        "total_bytes_written": 0,
                                                        "total_bytes_read": 0,
                                                        "result_set_size": 584392,
                                                        "operator_name": "SEQ_SCAN ",
                                                        "cpu_time": 0.0,
                                                        "extra_info": {
                                                          "Table": "date_dim",
                                                          "Type": "Sequential Scan",
                                                          "Projections": [
                                                            "d_date_sk",
                                                            "d_year"
                                                          ],
                                                          "Filters": "optional: d_year=1999 OR d_year=1998",
                                                          "Estimated Cardinality": "73049"
                                                        },
                                                        "cumulative_cardinality": 0,
                                                        "operator_type": "TABLE_SCAN",
                                                        "operator_cardinality": 73049,
                                                        "cumulative_rows_scanned": 0,
                                                        "operator_rows_scanned": 73049,
                                                        "operator_timing": 8.079599999999999e-05,
                                                        "children": []
                                                      }
                                                    ]
                                                  }
                                                ]
                                              }
                                            ]
                                          }
                                        ]
                                      }
                                    ]
                                  }
                                ]
                              }
                            ]
                          }
                        ]
                      }
                    ]
                  }
                ]
              },
              {
                "total_bytes_written": 0,
                "total_bytes_read": 0,
                "result_set_size": 8800,
                "operator_name": "TOP_N",
                "cpu_time": 0.0,
                "extra_info": {
                  "Top": "100",
                  "Order By": [
                    "(curr_yr.sales_cnt - prev_yr.sales_cnt) ASC",
                    "(curr_yr.sales_amt - prev_yr.sales_amt) ASC"
                  ]
                },
                "cumulative_cardinality": 0,
                "operator_type": "TOP_N",
                "operator_cardinality": 100,
                "cumulative_rows_scanned": 0,
                "operator_rows_scanned": 0,
                "operator_timing": 0.000288062,
                "children": [
                  {
                    "total_bytes_written": 0,
                    "total_bytes_read": 0,
                    "result_set_size": 77176,
                    "operator_name": "PROJECTION",
                    "cpu_time": 0.0,
                    "extra_info": {
                      "Projections": [
                        "prev_year",
                        "year",
                        "i_brand_id",
                        "i_class_id",
                        "i_category_id",
                        "i_manufact_id",
                        "prev_yr_cnt",
                        "curr_yr_cnt",
                        "sales_cnt_diff",
                        "sales_amt_diff"
                      ],
                      "Estimated Cardinality": "3060309"
                    },
                    "cumulative_cardinality": 0,
                    "operator_type": "PROJECTION",
                    "operator_cardinality": 877,
                    "cumulative_rows_scanned": 0,
                    "operator_rows_scanned": 0,
                    "operator_timing": 7.845399999999999e-05,
                    "children": [
                      {
                        "total_bytes_written": 0,
                        "total_bytes_read": 0,
                        "result_set_size": 77176,
                        "operator_name": "FILTER",
                        "cpu_time": 0.0,
                        "extra_info": {
                          "Expression": "((CAST(CAST(sales_cnt AS DECIMAL(17,2)) AS DOUBLE) / CAST(CAST(sales_cnt AS DECIMAL(17,2)) AS DOUBLE)) < 0.9)",
                          "Estimated Cardinality": "3060309"
                        },
                        "cumulative_cardinality": 0,
                        "operator_type": "FILTER",
                        "operator_cardinality": 877,
                        "cumulative_rows_scanned": 0,
                        "operator_rows_scanned": 0,
                        "operator_timing": 0.00045329599999999995,
                        "children": [
                          {
                            "total_bytes_written": 0,
                            "total_bytes_read": 0,
                            "result_set_size": 430760,
                            "operator_name": "HASH_JOIN",
                            "cpu_time": 0.0,
                            "extra_info": {
                              "Join Type": "INNER",
                              "Conditions": [
                                "i_brand_id = i_brand_id",
                                "i_class_id = i_class_id",
                                "i_category_id = i_category_id",
                                "i_manufact_id = i_manufact_id"
                              ],
                              "Estimated Cardinality": "3060309"
                            },
                            "cumulative_cardinality": 0,
                            "operator_type": "HASH_JOIN",
                            "operator_cardinality": 4895,
                            "cumulative_rows_scanned": 0,
                            "operator_rows_scanned": 0,
                            "operator_timing": 0.0037231099999999995,
                            "children": [
                              {
                                "total_bytes_written": 0,
                                "total_bytes_read": 0,
                                "result_set_size": 255268,
                                "operator_name": "FILTER",
                                "cpu_time": 0.0,
                                "extra_info": {
                                  "Expression": "(d_year = 1999)",
                                  "Estimated Cardinality": "2848875"
                                },
                                "cumulative_cardinality": 0,
                                "operator_type": "FILTER",
                                "operator_cardinality": 4909,
                                "cumulative_rows_scanned": 0,
                                "operator_rows_scanned": 0,
                                "operator_timing": 6.756699999999999e-05,
                                "children": [
                                  {
                                    "total_bytes_written": 0,
                                    "total_bytes_read": 0,
                                    "result_set_size": 510536,
                                    "operator_name": "CTE_SCAN",
                                    "cpu_time": 0.0,
                                    "extra_info": {
                                      "CTE Index": "0",
                                      "Estimated Cardinality": "2848875"
                                    },
                                    "cumulative_cardinality": 0,
                                    "operator_type": "CTE_SCAN",
                                    "operator_cardinality": 9818,
                                    "cumulative_rows_scanned": 0,
                                    "operator_rows_scanned": 0,
                                    "operator_timing": 5.2271e-05,
                                    "children": []
                                  }
                                ]
                              },
                              {
                                "total_bytes_written": 0,
                                "total_bytes_read": 0,
                                "result_set_size": 255268,
                                "operator_name": "FILTER",
                                "cpu_time": 0.0,
                                "extra_info": {
                                  "Expression": "(d_year = 1998)",
                                  "Estimated Cardinality": "2848875"
                                },
                                "cumulative_cardinality": 0,
                                "operator_type": "FILTER",
                                "operator_cardinality": 4909,
                                "cumulative_rows_scanned": 0,
                                "operator_rows_scanned": 0,
                                "operator_timing": 0.000130565,
                                "children": [
                                  {
                                    "total_bytes_written": 0,
                                    "total_bytes_read": 0,
                                    "result_set_size": 510536,
                                    "operator_name": "CTE_SCAN",
                                    "cpu_time": 0.0,
                                    "extra_info": {
                                      "CTE Index": "0",
                                      "Estimated Cardinality": "2848875"
                                    },
                                    "cumulative_cardinality": 0,
                                    "operator_type": "CTE_SCAN",
                                    "operator_cardinality": 9818,
                                    "cumulative_rows_scanned": 0,
                                    "operator_rows_scanned": 0,
                                    "operator_timing": 4.8559e-05,
                                    "children": []
                                  }
                                ]
                              }
                            ]
                          }
                        ]
                      }
                    ]
                  }
                ]
              }
            ]
          }
        ]
      }
    ]
  }
}