{
  "benchmark": "tpcds",
  "query_id": "query_82",
  "source_sql": "/mnt/d/TPC-DS/queries_duckdb_converted/query_82.sql",
  "database": "/mnt/d/TPC-DS/tpcds_sf10.duckdb",
  "statement_count": 1,
  "client_elapsed_ms": 35.953688002337,
  "execution_time_ms": 0.0,
  "plan_json": {
    "total_bytes_written": 0,
    "total_bytes_read": 0,
    "rows_returned": 0,
    "latency": 0.0,
    "result_set_size": 0,
    "query_name": "",
    "blocked_thread_time": 0.0,
    "system_peak_buffer_memory": 0,
    "system_peak_temp_dir_size": 0,
    "cpu_time": 0.0,
    "extra_info": {},
    "cumulative_cardinality": 0,
    "cumulative_rows_scanned": 0,
    "children": [
      {
        "total_bytes_written": 0,
        "total_bytes_read": 0,
        "result_set_size": 0,
        "operator_name": "EXPLAIN_ANALYZE",
        "cpu_time": 0.0,
        "extra_info": {},
        "cumulative_cardinality": 0,
        "operator_type": "EXPLAIN_ANALYZE",
        "operator_cardinality": 0,
        "cumulative_rows_scanned": 0,
        "operator_rows_scanned": 0,
        "operator_timing": 2.74e-07,
        "children": [
          {
            "total_bytes_written": 0,
            "total_bytes_read": 0,
            "result_set_size": 324,
            "operator_name": "TOP_N",
            "cpu_time": 0.0,
            "extra_info": {
              "Top": "100",
              "Order By": "tpcds_sf10.main.item.i_item_id ASC"
            },
            "cumulative_cardinality": 0,
            "operator_type": "TOP_N",
            "operator_cardinality": 9,
            "cumulative_rows_scanned": 0,
            "operator_rows_scanned": 0,
            "operator_timing": 9.651e-05,
            "children": [
              {
                "total_bytes_written": 0,
                "total_bytes_read": 0,
                "result_set_size": 324,
                "operator_name": "HASH_GROUP_BY",
                "cpu_time": 0.0,
                "extra_info": {
                  "Groups": [
                    "#0",
                    "#1",
                    "#2"
                  ],
                  "Aggregates": "",
                  "Estimated Cardinality": "67810778"
                },
                "cumulative_cardinality": 0,
                "operator_type": "HASH_GROUP_BY",
                "operator_cardinality": 9,
                "cumulative_rows_scanned": 0,
                "operator_rows_scanned": 0,
                "operator_timing": 0.013926221,
                "children": [
                  {
                    "total_bytes_written": 0,
                    "total_bytes_read": 0,
                    "result_set_size": 4469688,
                    "operator_name": "PROJECTION",
                    "cpu_time": 0.0,
                    "extra_info": {
                      "Projections": [
                        "i_item_id",
                        "i_item_desc",
                        "i_current_price"
                      ],
                      "Estimated Cardinality": "67811236"
                    },
                    "cumulative_cardinality": 0,
                    "operator_type": "PROJECTION",
                    "operator_cardinality": 124158,
                    "cumulative_rows_scanned": 0,
                    "operator_rows_scanned": 0,
                    "operator_timing": 0.0003551980000000001,
                    "children": [
                      {
                        "total_bytes_written": 0,
                        "total_bytes_read": 0,
                        "result_set_size": 4966320,
                        "operator_name": "HASH_JOIN",
                        "cpu_time": 0.0,
                        "extra_info": {
                          "Join Type": "INNER",
                          "Conditions": "ss_item_sk = i_item_sk",
                          "Estimated Cardinality": "67811236"
                        },
                        "cumulative_cardinality": 0,
                        "operator_type": "HASH_JOIN",
                        "operator_cardinality": 124158,
                        "cumulative_rows_scanned": 0,
                        "operator_rows_scanned": 0,
                        "operator_timing": 0.08906456800000002,
                        "children": [
                          {
                            "total_bytes_written": 0,
                            "total_bytes_read": 0,
                            "result_set_size": 76960128,
                            "operator_name": "SEQ_SCAN ",
                            "cpu_time": 0.0,
                            "extra_info": {
                              "Table": "store_sales",
                              "Type": "Sequential Scan",
                              "Projections": "ss_item_sk",
                              "Estimated Cardinality": "28800991"
                            },
                            "cumulative_cardinality": 0,
                            "operator_type": "TABLE_SCAN",
                            "operator_cardinality": 19240032,
                            "cumulative_rows_scanned": 0,
                            "operator_rows_scanned": 345611892,
                            "operator_timing": 0.09371068600000002,
                            "children": []
                          },
                          {
                            "total_bytes_written": 0,
                            "total_bytes_read": 0,
                            "result_set_size": 11748,
                            "operator_name": "HASH_JOIN",
                            "cpu_time": 0.0,
                            "extra_info": {
                              "Join Type": "INNER",
                              "Conditions": "inv_date_sk = d_date_sk",
                              "Estimated Cardinality": "226152"
                            },
                            "cumulative_cardinality": 0,
                            "operator_type": "HASH_JOIN",
                            "operator_cardinality": 267,
                            "cumulative_rows_scanned": 0,
                            "operator_rows_scanned": 0,
                            "operator_timing": 0.00032767500000000004,
                            "children": [
                              {
                                "total_bytes_written": 0,
                                "total_bytes_read": 0,
                                "result_set_size": 11748,
                                "operator_name": "HASH_JOIN",
                                "cpu_time": 0.0,
                                "extra_info": {
                                  "Join Type": "INNER",
                                  "Conditions": "inv_item_sk = i_item_sk",
                                  "Estimated Cardinality": "1130822"
                                },
                                "cumulative_cardinality": 0,
                                "operator_type": "HASH_JOIN",
                                "operator_cardinality": 267,
                                "cumulative_rows_scanned": 0,
                                "operator_rows_scanned": 0,
                                "operator_timing": 0.004235988000000001,
                                "children": [
                                  {
                                    "total_bytes_written": 0,
                                    "total_bytes_read": 0,
                                    "result_set_size": 8912208,
                                    "operator_name": "SEQ_SCAN ",
                                    "cpu_time": 0.0,
                                    "extra_info": {
                                      "Table": "inventory",
                                      "Type": "Sequential Scan",
                                      "Projections": [
                                        "inv_item_sk",
                                        "inv_date_sk"
                                      ],
                                      "Filters": "inv_quantity_on_hand>=100 AND inv_quantity_on_hand<=500",
                                      "Estimated Cardinality": "26622000"
                                    },
                                    "cumulative_cardinality": 0,
                                    "operator_type": "TABLE_SCAN",
                                    "operator_cardinality": 1114026,
                                    "cumulative_rows_scanned": 0,
                                    "operator_rows_scanned": 1597320000,
                                    "operator_timing": 0.03286230699999999,
                                    "children": []
                                  },
                                  {
                                    "total_bytes_written": 0,
                                    "total_bytes_read": 0,
                                    "result_set_size": 640,
                                    "operator_name": "PROJECTION",
                                    "cpu_time": 0.0,
                                    "extra_info": {
                                      "Projections": [
                                        "#0",
                                        "#1",
                                        "#3",
                                        "#4"
                                      ],
                                      "Estimated Cardinality": "4080"
                                    },
                                    "cumulative_cardinality": 0,
                                    "operator_type": "PROJECTION",
                                    "operator_cardinality": 16,
                                    "cumulative_rows_scanned": 0,
                                    "operator_rows_scanned": 0,
                                    "operator_timing": 8.24e-07,
                                    "children": [
                                      {
                                        "total_bytes_written": 0,
                                        "total_bytes_read": 0,
                                        "result_set_size": 704,
                                        "operator_name": "FILTER",
                                        "cpu_time": 0.0,
                                        "extra_info": {
                                          "Expression": "((i_manufact_id = 639) OR (i_manufact_id = 169) OR (i_manufact_id = 138) OR (i_manufact_id = 339))",
                                          "Estimated Cardinality": "4080"
                                        },
                                        "cumulative_cardinality": 0,
                                        "operator_type": "FILTER",
                                        "operator_cardinality": 16,
                                        "cumulative_rows_scanned": 0,
                                        "operator_rows_scanned": 0,
                                        "operator_timing": 0.00023976800000000007,
                                        "children": [
                                          {
                                            "total_bytes_written": 0,
                                            "total_bytes_read": 0,
                                            "result_set_size": 155452,
                                            "operator_name": "SEQ_SCAN ",
                                            "cpu_time": 0.0,
                                            "extra_info": {
                                              "Table": "item",
                                              "Type": "Sequential Scan",
                                              "Projections": [
                                                "i_current_price",
                                                "i_item_sk",
                                                "i_manufact_id",
                                                "i_item_id",
                                                "i_item_desc"
                                              ],
                                              "Filters": [
                                                "i_current_price>=17.00 AND i_current_price<=47.00",
                                                "optional: i_manufact_id IN (138, 169, 339, 639)"
                                              ],
                                              "Estimated Cardinality": "20400"
                                            },
                                            "cumulative_cardinality": 0,
                                            "operator_type": "TABLE_SCAN",
                                            "operator_cardinality": 3533,
                                            "cumulative_rows_scanned": 0,
                                            "operator_rows_scanned": 102000,
                                            "operator_timing": 0.005170880000000001,
                                            "children": []
                                          }
                                        ]
                                      }
                                    ]
                                  }
                                ]
                              },
                              {
                                "total_bytes_written": 0,
                                "total_bytes_read": 0,
                                "result_set_size": 244,
                                "operator_name": "FILTER",
                                "cpu_time": 0.0,
                                "extra_info": {
                                  "Expression": "(d_date_sk BETWEEN 2450815 AND 2452635)",
                                  "Estimated Cardinality": "14609"
                                },
                                "cumulative_cardinality": 0,
                                "operator_type": "FILTER",
                                "operator_cardinality": 61,
                                "cumulative_rows_scanned": 0,
                                "operator_rows_scanned": 0,
                                "operator_timing": 1.1932e-05,
                                "children": [
                                  {
                                    "total_bytes_written": 0,
                                    "total_bytes_read": 0,
                                    "result_set_size": 244,
                                    "operator_name": "SEQ_SCAN ",
                                    "cpu_time": 0.0,
                                    "extra_info": {
                                      "Table": "date_dim",
                                      "Type": "Sequential Scan",
                                      "Projections": "d_date_sk",
                                      "Filters": "(CAST(d_date AS TIMESTAMP) BETWEEN '1999-07-09 00:00:00'::TIMESTAMP AND '1999-09-07 00:00:00'::TIMESTAMP)",
                                      "Estimated Cardinality": "14609"
                                    },
                                    "cumulative_cardinality": 0,
                                    "operator_type": "TABLE_SCAN",
                                    "operator_cardinality": 61,
                                    "cumulative_rows_scanned": 0,
                                    "operator_rows_scanned": 73049,
                                    "operator_timing": 0.00044464799999999996,
                                    "children": []
                                  }
                                ]
                              }
                            ]
                          }
                        ]
                      }
                    ]
                  }
                ]
              }
            ]
          }
        ]
      }
    ]
  }
}