{
  "benchmark": "tpcds",
  "query_id": "query_89",
  "source_sql": "/mnt/d/TPC-DS/queries_duckdb_converted/query_89.sql",
  "database": "/mnt/d/TPC-DS/tpcds_sf10.duckdb",
  "statement_count": 1,
  "client_elapsed_ms": 69.769413999893,
  "execution_time_ms": 0.0,
  "plan_json": {
    "total_bytes_written": 0,
    "total_bytes_read": 0,
    "rows_returned": 0,
    "latency": 0.0,
    "result_set_size": 0,
    "query_name": "",
    "blocked_thread_time": 0.0,
    "system_peak_buffer_memory": 0,
    "system_peak_temp_dir_size": 0,
    "cpu_time": 0.0,
    "extra_info": {},
    "cumulative_cardinality": 0,
    "cumulative_rows_scanned": 0,
    "children": [
      {
        "total_bytes_written": 0,
        "total_bytes_read": 0,
        "result_set_size": 0,
        "operator_name": "EXPLAIN_ANALYZE",
        "cpu_time": 0.0,
        "extra_info": {},
        "cumulative_cardinality": 0,
        "operator_type": "EXPLAIN_ANALYZE",
        "operator_cardinality": 0,
        "cumulative_rows_scanned": 0,
        "operator_rows_scanned": 0,
        "operator_timing": 2.8e-07,
        "children": [
          {
            "total_bytes_written": 0,
            "total_bytes_read": 0,
            "result_set_size": 10800,
            "operator_name": "PROJECTION",
            "cpu_time": 0.0,
            "extra_info": {
              "Projections": [
                "#0",
                "#1",
                "#2",
                "#3",
                "#4",
                "#5",
                "#6",
                "#7"
              ],
              "Estimated Cardinality": "100"
            },
            "cumulative_cardinality": 0,
            "operator_type": "PROJECTION",
            "operator_cardinality": 100,
            "cumulative_rows_scanned": 0,
            "operator_rows_scanned": 0,
            "operator_timing": 1.19e-06,
            "children": [
              {
                "total_bytes_written": 0,
                "total_bytes_read": 0,
                "result_set_size": 11600,
                "operator_name": "TOP_N",
                "cpu_time": 0.0,
                "extra_info": {
                  "Top": "100",
                  "Order By": [
                    "#8 ASC",
                    "tmp1.s_store_name ASC"
                  ]
                },
                "cumulative_cardinality": 0,
                "operator_type": "TOP_N",
                "operator_cardinality": 100,
                "cumulative_rows_scanned": 0,
                "operator_rows_scanned": 0,
                "operator_timing": 0.000463303,
                "children": [
                  {
                    "total_bytes_written": 0,
                    "total_bytes_read": 0,
                    "result_set_size": 476064,
                    "operator_name": "PROJECTION",
                    "cpu_time": 0.0,
                    "extra_info": {
                      "Projections": [
                        "i_category",
                        "i_class",
                        "i_brand",
                        "s_store_name",
                        "s_company_name",
                        "d_moy",
                        "sum_sales",
                        "avg_monthly_sales",
                        "(CAST(sum_sales AS DOUBLE) - avg_monthly_sales)"
                      ],
                      "Estimated Cardinality": "49964"
                    },
                    "cumulative_cardinality": 0,
                    "operator_type": "PROJECTION",
                    "operator_cardinality": 4104,
                    "cumulative_rows_scanned": 0,
                    "operator_rows_scanned": 0,
                    "operator_timing": 0.000126155,
                    "children": [
                      {
                        "total_bytes_written": 0,
                        "total_bytes_read": 0,
                        "result_set_size": 443232,
                        "operator_name": "FILTER",
                        "cpu_time": 0.0,
                        "extra_info": {
                          "Expression": "(CASE  WHEN ((avg_monthly_sales != 0.0)) THEN ((abs((CAST(sum_sales AS DOUBLE) - avg_monthly_sales)) / avg_monthly_sales)) ELSE NULL END > 0.1)",
                          "Estimated Cardinality": "49964"
                        },
                        "cumulative_cardinality": 0,
                        "operator_type": "FILTER",
                        "operator_cardinality": 4104,
                        "cumulative_rows_scanned": 0,
                        "operator_rows_scanned": 0,
                        "operator_timing": 0.00028541700000000005,
                        "children": [
                          {
                            "total_bytes_written": 0,
                            "total_bytes_read": 0,
                            "result_set_size": 476712,
                            "operator_name": "PROJECTION",
                            "cpu_time": 0.0,
                            "extra_info": {
                              "Projections": [
                                "#0",
                                "#1",
                                "#2",
                                "#3",
                                "#4",
                                "#5",
                                "#6",
                                "#7"
                              ],
                              "Estimated Cardinality": "49964"
                            },
                            "cumulative_cardinality": 0,
                            "operator_type": "PROJECTION",
                            "operator_cardinality": 4414,
                            "cumulative_rows_scanned": 0,
                            "operator_rows_scanned": 0,
                            "operator_timing": 1.5449e-05,
                            "children": [
                              {
                                "total_bytes_written": 0,
                                "total_bytes_read": 0,
                                "result_set_size": 476712,
                                "operator_name": "WINDOW",
                                "cpu_time": 0.0,
                                "extra_info": {
                                  "Projections": "avg(sum(ss_sales_price)) OVER (PARTITION BY i_category, i_brand, s_store_name, s_company_name)"
                                },
                                "cumulative_cardinality": 0,
                                "operator_type": "WINDOW",
                                "operator_cardinality": 4414,
                                "cumulative_rows_scanned": 0,
                                "operator_rows_scanned": 0,
                                "operator_timing": 0.027155495999999998,
                                "children": [
                                  {
                                    "total_bytes_written": 0,
                                    "total_bytes_read": 0,
                                    "result_set_size": 441400,
                                    "operator_name": "PROJECTION",
                                    "cpu_time": 0.0,
                                    "extra_info": {
                                      "Projections": [
                                        "__internal_decompress_string(#0)",
                                        "__internal_decompress_string(#1)",
                                        "#2",
                                        "__internal_decompress_string(#3)",
                                        "__internal_decompress_string(#4)",
                                        "__internal_decompress_integral_integer(#5, 1)",
                                        "#6"
                                      ],
                                      "Estimated Cardinality": "49964"
                                    },
                                    "cumulative_cardinality": 0,
                                    "operator_type": "PROJECTION",
                                    "operator_cardinality": 4414,
                                    "cumulative_rows_scanned": 0,
                                    "operator_rows_scanned": 0,
                                    "operator_timing": 0.00030580999999999995,
                                    "children": [
                                      {
                                        "total_bytes_written": 0,
                                        "total_bytes_read": 0,
                                        "result_set_size": 357534,
                                        "operator_name": "HASH_GROUP_BY",
                                        "cpu_time": 0.0,
                                        "extra_info": {
                                          "Groups": [
                                            "#0",
                                            "#1",
                                            "#2",
                                            "#3",
                                            "#4",
                                            "#5"
                                          ],
                                          "Aggregates": "sum(#6)",
                                          "Estimated Cardinality": "49964"
                                        },
                                        "cumulative_cardinality": 0,
                                        "operator_type": "HASH_GROUP_BY",
                                        "operator_cardinality": 4414,
                                        "cumulative_rows_scanned": 0,
                                        "operator_rows_scanned": 0,
                                        "operator_timing": 0.082019442,
                                        "children": [
                                          {
                                            "total_bytes_written": 0,
                                            "total_bytes_read": 0,
                                            "result_set_size": 40918104,
                                            "operator_name": "PROJECTION",
                                            "cpu_time": 0.0,
                                            "extra_info": {
                                              "Projections": [
                                                "i_category",
                                                "i_class",
                                                "i_brand",
                                                "s_store_name",
                                                "s_company_name",
                                                "d_moy",
                                                "ss_sales_price"
                                              ],
                                              "Estimated Cardinality": "49965"
                                            },
                                            "cumulative_cardinality": 0,
                                            "operator_type": "PROJECTION",
                                            "operator_cardinality": 593016,
                                            "cumulative_rows_scanned": 0,
                                            "operator_rows_scanned": 0,
                                            "operator_timing": 0.0006258439999999999,
                                            "children": [
                                              {
                                                "total_bytes_written": 0,
                                                "total_bytes_read": 0,
                                                "result_set_size": 40918104,
                                                "operator_name": "PROJECTION",
                                                "cpu_time": 0.0,
                                                "extra_info": {
                                                  "Projections": [
                                                    "__internal_compress_string_uhugeint(#2)",
                                                    "__internal_compress_string_uhugeint(#3)",
                                                    "#4",
                                                    "#0",
                                                    "__internal_compress_integral_utinyint(#1, 1)",
                                                    "__internal_compress_string_ubigint(#5)",
                                                    "__internal_compress_string_ubigint(#6)"
                                                  ],
                                                  "Estimated Cardinality": "49965"
                                                },
                                                "cumulative_cardinality": 0,
                                                "operator_type": "PROJECTION",
                                                "operator_cardinality": 593016,
                                                "cumulative_rows_scanned": 0,
                                                "operator_rows_scanned": 0,
                                                "operator_timing": 0.022868453,
                                                "children": [
                                                  {
                                                    "total_bytes_written": 0,
                                                    "total_bytes_read": 0,
                                                    "result_set_size": 52185408,
                                                    "operator_name": "HASH_JOIN",
                                                    "cpu_time": 0.0,
                                                    "extra_info": {
                                                      "Join Type": "INNER",
                                                      "Conditions": "ss_store_sk = s_store_sk",
                                                      "Estimated Cardinality": "49965"
                                                    },
                                                    "cumulative_cardinality": 0,
                                                    "operator_type": "HASH_JOIN",
                                                    "operator_cardinality": 593016,
                                                    "cumulative_rows_scanned": 0,
                                                    "operator_rows_scanned": 0,
                                                    "operator_timing": 0.0033368750000000004,
                                                    "children": [
                                                      {
                                                        "total_bytes_written": 0,
                                                        "total_bytes_read": 0,
                                                        "result_set_size": 35580960,
                                                        "operator_name": "HASH_JOIN",
                                                        "cpu_time": 0.0,
                                                        "extra_info": {
                                                          "Join Type": "INNER",
                                                          "Conditions": "ss_item_sk = i_item_sk",
                                                          "Estimated Cardinality": "48986"
                                                        },
                                                        "cumulative_cardinality": 0,
                                                        "operator_type": "HASH_JOIN",
                                                        "operator_cardinality": 593016,
                                                        "cumulative_rows_scanned": 0,
                                                        "operator_rows_scanned": 0,
                                                        "operator_timing": 0.125665162,
                                                        "children": [
                                                          {
                                                            "total_bytes_written": 0,
                                                            "total_bytes_read": 0,
                                                            "result_set_size": 86014208,
                                                            "operator_name": "HASH_JOIN",
                                                            "cpu_time": 0.0,
                                                            "extra_info": {
                                                              "Join Type": "INNER",
                                                              "Conditions": "ss_sold_date_sk = d_date_sk",
                                                              "Estimated Cardinality": "230647"
                                                            },
                                                            "cumulative_cardinality": 0,
                                                            "operator_type": "HASH_JOIN",
                                                            "operator_cardinality": 5375888,
                                                            "cumulative_rows_scanned": 0,
                                                            "operator_rows_scanned": 0,
                                                            "operator_timing": 0.04213860799999999,
                                                            "children": [
                                                              {
                                                                "total_bytes_written": 0,
                                                                "total_bytes_read": 0,
                                                                "result_set_size": 86014208,
                                                                "operator_name": "SEQ_SCAN ",
                                                                "cpu_time": 0.0,
                                                                "extra_info": {
                                                                  "Table": "store_sales",
                                                                  "Type": "Sequential Scan",
                                                                  "Projections": [
                                                                    "ss_item_sk",
                                                                    "ss_sold_date_sk",
                                                                    "ss_store_sk",
                                                                    "ss_sales_price"
                                                                  ],
                                                                  "Estimated Cardinality": "28800991"
                                                                },
                                                                "cumulative_cardinality": 0,
                                                                "operator_type": "TABLE_SCAN",
                                                                "operator_cardinality": 5375888,
                                                                "cumulative_rows_scanned": 0,
                                                                "operator_rows_scanned": 345611892,
                                                                "operator_timing": 0.30883520200000003,
                                                                "children": []
                                                              },
                                                              {
                                                                "total_bytes_written": 0,
                                                                "total_bytes_read": 0,
                                                                "result_set_size": 2920,
                                                                "operator_name": "FILTER",
                                                                "cpu_time": 0.0,
                                                                "extra_info": {
                                                                  "Expression": "(d_date_sk BETWEEN 2450816 AND 2452642)",
                                                                  "Estimated Cardinality": "585"
                                                                },
                                                                "cumulative_cardinality": 0,
                                                                "operator_type": "FILTER",
                                                                "operator_cardinality": 365,
                                                                "cumulative_rows_scanned": 0,
                                                                "operator_rows_scanned": 0,
                                                                "operator_timing": 8.966e-06,
                                                                "children": [
                                                                  {
                                                                    "total_bytes_written": 0,
                                                                    "total_bytes_read": 0,
                                                                    "result_set_size": 2920,
                                                                    "operator_name": "SEQ_SCAN ",
                                                                    "cpu_time": 0.0,
                                                                    "extra_info": {
                                                                      "Table": "date_dim",
                                                                      "Type": "Sequential Scan",
                                                                      "Projections": [
                                                                        "d_date_sk",
                                                                        "d_moy"
                                                                      ],
                                                                      "Filters": "d_year=1999",
                                                                      "Estimated Cardinality": "585"
                                                                    },
                                                                    "cumulative_cardinality": 0,
                                                                    "operator_type": "TABLE_SCAN",
                                                                    "operator_cardinality": 365,
                                                                    "cumulative_rows_scanned": 0,
                                                                    "operator_rows_scanned": 73049,
                                                                    "operator_timing": 3.9956e-05,
                                                                    "children": []
                                                                  }
                                                                ]
                                                              }
                                                            ]
                                                          },
                                                          {
                                                            "total_bytes_written": 0,
                                                            "total_bytes_read": 0,
                                                            "result_set_size": 595296,
                                                            "operator_name": "FILTER",
                                                            "cpu_time": 0.0,
                                                            "extra_info": {
                                                              "Expression": "((((i_category = 'Jewelry') OR (i_category = 'Shoes') OR (i_category = 'Electronics')) AND ((i_class = 'semi-precious') OR (i_class = 'athletic') OR (i_class = 'portable'))) OR (((i_category = 'Men') OR (i_category = 'Music') OR (i_category = 'Women')) AND ((i_class = 'accessories') OR (i_class = 'rock') OR (i_class = 'maternity'))))",
                                                              "Estimated Cardinality": "20400"
                                                            },
                                                            "cumulative_cardinality": 0,
                                                            "operator_type": "FILTER",
                                                            "operator_cardinality": 11448,
                                                            "cumulative_rows_scanned": 0,
                                                            "operator_rows_scanned": 0,
                                                            "operator_timing": 0.0024982719999999993,
                                                            "children": [
                                                              {
                                                                "total_bytes_written": 0,
                                                                "total_bytes_read": 0,
                                                                "result_set_size": 5304000,
                                                                "operator_name": "SEQ_SCAN ",
                                                                "cpu_time": 0.0,
                                                                "extra_info": {
                                                                  "Table": "item",
                                                                  "Type": "Sequential Scan",
                                                                  "Projections": [
                                                                    "i_item_sk",
                                                                    "i_category",
                                                                    "i_class",
                                                                    "i_brand"
                                                                  ],
                                                                  "Estimated Cardinality": "102000"
                                                                },
                                                                "cumulative_cardinality": 0,
                                                                "operator_type": "TABLE_SCAN",
                                                                "operator_cardinality": 102000,
                                                                "cumulative_rows_scanned": 0,
                                                                "operator_rows_scanned": 102000,
                                                                "operator_timing": 0.0027782749999999998,
                                                                "children": []
                                                              }
                                                            ]
                                                          }
                                                        ]
                                                      },
                                                      {
                                                        "total_bytes_written": 0,
                                                        "total_bytes_read": 0,
                                                        "result_set_size": 3600,
                                                        "operator_name": "SEQ_SCAN ",
                                                        "cpu_time": 0.0,
                                                        "extra_info": {
                                                          "Table": "store",
                                                          "Type": "Sequential Scan",
                                                          "Projections": [
                                                            "s_store_sk",
                                                            "s_store_name",
                                                            "s_company_name"
                                                          ],
                                                          "Filters": "s_store_sk<=100",
                                                          "Estimated Cardinality": "102"
                                                        },
                                                        "cumulative_cardinality": 0,
                                                        "operator_type": "TABLE_SCAN",
                                                        "operator_cardinality": 100,
                                                        "cumulative_rows_scanned": 0,
                                                        "operator_rows_scanned": 102,
                                                        "operator_timing": 2.073e-05,
                                                        "children": []
                                                      }
                                                    ]
                                                  }
                                                ]
                                              }
                                            ]
                                          }
                                        ]
                                      }
                                    ]
                                  }
                                ]
                              }
                            ]
                          }
                        ]
                      }
                    ]
                  }
                ]
              }
            ]
          }
        ]
      }
    ]
  }
}