{
  "benchmark": "tpcds",
  "query_id": "query_70",
  "source_sql": "/mnt/d/TPC-DS/queries_duckdb_converted/query_70.sql",
  "database": "/mnt/d/TPC-DS/tpcds_sf10.duckdb",
  "statement_count": 1,
  "client_elapsed_ms": 138.8503310008673,
  "execution_time_ms": 0.0,
  "plan_json": {
    "total_bytes_written": 0,
    "total_bytes_read": 0,
    "rows_returned": 0,
    "latency": 0.0,
    "result_set_size": 0,
    "query_name": "",
    "blocked_thread_time": 0.0,
    "system_peak_buffer_memory": 0,
    "system_peak_temp_dir_size": 0,
    "cpu_time": 0.0,
    "extra_info": {},
    "cumulative_cardinality": 0,
    "cumulative_rows_scanned": 0,
    "children": [
      {
        "total_bytes_written": 0,
        "total_bytes_read": 0,
        "result_set_size": 0,
        "operator_name": "EXPLAIN_ANALYZE",
        "cpu_time": 0.0,
        "extra_info": {},
        "cumulative_cardinality": 0,
        "operator_type": "EXPLAIN_ANALYZE",
        "operator_cardinality": 0,
        "cumulative_rows_scanned": 0,
        "operator_rows_scanned": 0,
        "operator_timing": 2.67e-07,
        "children": [
          {
            "total_bytes_written": 0,
            "total_bytes_read": 0,
            "result_set_size": 448,
            "operator_name": "PROJECTION",
            "cpu_time": 0.0,
            "extra_info": {
              "Projections": [
                "#0",
                "#1",
                "#2",
                "#3",
                "#4"
              ],
              "Estimated Cardinality": "100"
            },
            "cumulative_cardinality": 0,
            "operator_type": "PROJECTION",
            "operator_cardinality": 7,
            "cumulative_rows_scanned": 0,
            "operator_rows_scanned": 0,
            "operator_timing": 1.059e-06,
            "children": [
              {
                "total_bytes_written": 0,
                "total_bytes_read": 0,
                "result_set_size": 560,
                "operator_name": "TOP_N",
                "cpu_time": 0.0,
                "extra_info": {
                  "Top": "100",
                  "Order By": [
                    "(GROUPING(tpcds_sf10.main.store.s_state) + GROUPING(tpcds_sf10.main.store.s_county)) DESC",
                    "#5 ASC",
                    "rank() OVER (PARTITION BY (GROUPING(tpcds_sf10.main.store.s_state) + GROUPING(tpcds_sf10.main.store.s_county)), CASE  WHEN ((GROUPING(tpcds_sf10.main.store.s_county) = 0)) THEN (tpcds_sf10.main.store.s_state) ELSE NULL END ORDER BY sum(tpcds_sf10.main.store_sales.ss_net_profit) DESC) ASC"
                  ]
                },
                "cumulative_cardinality": 0,
                "operator_type": "TOP_N",
                "operator_cardinality": 7,
                "cumulative_rows_scanned": 0,
                "operator_rows_scanned": 0,
                "operator_timing": 3.3907e-05,
                "children": [
                  {
                    "total_bytes_written": 0,
                    "total_bytes_read": 0,
                    "result_set_size": 560,
                    "operator_name": "PROJECTION",
                    "cpu_time": 0.0,
                    "extra_info": {
                      "Projections": [
                        "total_sum",
                        "s_state",
                        "s_county",
                        "lochierarchy",
                        "rank_within_parent",
                        "CASE  WHEN (((GROUPING(tpcds_sf10.main.store.s_state) + GROUPING(tpcds_sf10.main.store.s_county)) = 0)) THEN (s_state) ELSE NULL END"
                      ],
                      "Estimated Cardinality": "1154687"
                    },
                    "cumulative_cardinality": 0,
                    "operator_type": "PROJECTION",
                    "operator_cardinality": 7,
                    "cumulative_rows_scanned": 0,
                    "operator_rows_scanned": 0,
                    "operator_timing": 1.3929e-05,
                    "children": [
                      {
                        "total_bytes_written": 0,
                        "total_bytes_read": 0,
                        "result_set_size": 784,
                        "operator_name": "PROJECTION",
                        "cpu_time": 0.0,
                        "extra_info": {
                          "Projections": [
                            "#0",
                            "#1",
                            "#2",
                            "#3",
                            "#4",
                            "#5",
                            "#6",
                            "#7",
                            "#8",
                            "#9",
                            "#10"
                          ],
                          "Estimated Cardinality": "1154687"
                        },
                        "cumulative_cardinality": 0,
                        "operator_type": "PROJECTION",
                        "operator_cardinality": 7,
                        "cumulative_rows_scanned": 0,
                        "operator_rows_scanned": 0,
                        "operator_timing": 3.305e-06,
                        "children": [
                          {
                            "total_bytes_written": 0,
                            "total_bytes_read": 0,
                            "result_set_size": 784,
                            "operator_name": "WINDOW",
                            "cpu_time": 0.0,
                            "extra_info": {
                              "Projections": "RANK() OVER (PARTITION BY (GROUPING(tpcds_sf10.main.store.s_state) + GROUPING(tpcds_sf10.main.store.s_county)), CASE  WHEN ((GROUPING(tpcds_sf10.main.store.s_county) = 0)) THEN (s_state) ELSE NULL END ORDER BY sum(ss_net_profit) DESC NULLS LAST)"
                            },
                            "cumulative_cardinality": 0,
                            "operator_type": "WINDOW",
                            "operator_cardinality": 7,
                            "cumulative_rows_scanned": 0,
                            "operator_rows_scanned": 0,
                            "operator_timing": 0.0017568409999999999,
                            "children": [
                              {
                                "total_bytes_written": 0,
                                "total_bytes_read": 0,
                                "result_set_size": 728,
                                "operator_name": "HASH_GROUP_BY",
                                "cpu_time": 0.0,
                                "extra_info": {
                                  "Groups": [
                                    "#0",
                                    "#1"
                                  ],
                                  "Aggregates": "sum(#2)",
                                  "Estimated Cardinality": "1154687"
                                },
                                "cumulative_cardinality": 0,
                                "operator_type": "HASH_GROUP_BY",
                                "operator_cardinality": 7,
                                "cumulative_rows_scanned": 0,
                                "operator_rows_scanned": 0,
                                "operator_timing": 0.5110767920000001,
                                "children": [
                                  {
                                    "total_bytes_written": 0,
                                    "total_bytes_read": 0,
                                    "result_set_size": 189748800,
                                    "operator_name": "PROJECTION",
                                    "cpu_time": 0.0,
                                    "extra_info": {
                                      "Projections": [
                                        "s_state",
                                        "s_county",
                                        "ss_net_profit"
                                      ],
                                      "Estimated Cardinality": "1175016"
                                    },
                                    "cumulative_cardinality": 0,
                                    "operator_type": "PROJECTION",
                                    "operator_cardinality": 5270800,
                                    "cumulative_rows_scanned": 0,
                                    "operator_rows_scanned": 0,
                                    "operator_timing": 0.003964985999999998,
                                    "children": [
                                      {
                                        "total_bytes_written": 0,
                                        "total_bytes_read": 0,
                                        "result_set_size": 189748800,
                                        "operator_name": "HASH_JOIN",
                                        "cpu_time": 0.0,
                                        "extra_info": {
                                          "Join Type": "INNER",
                                          "Conditions": "ss_store_sk = s_store_sk",
                                          "Estimated Cardinality": "1175016"
                                        },
                                        "cumulative_cardinality": 0,
                                        "operator_type": "HASH_JOIN",
                                        "operator_cardinality": 5270800,
                                        "cumulative_rows_scanned": 0,
                                        "operator_rows_scanned": 0,
                                        "operator_timing": 0.036214450999999995,
                                        "children": [
                                          {
                                            "total_bytes_written": 0,
                                            "total_bytes_read": 0,
                                            "result_set_size": 64513260,
                                            "operator_name": "HASH_JOIN",
                                            "cpu_time": 0.0,
                                            "extra_info": {
                                              "Join Type": "INNER",
                                              "Conditions": "ss_sold_date_sk = d_date_sk",
                                              "Estimated Cardinality": "5759882"
                                            },
                                            "cumulative_cardinality": 0,
                                            "operator_type": "HASH_JOIN",
                                            "operator_cardinality": 5376105,
                                            "cumulative_rows_scanned": 0,
                                            "operator_rows_scanned": 0,
                                            "operator_timing": 0.03889089199999998,
                                            "children": [
                                              {
                                                "total_bytes_written": 0,
                                                "total_bytes_read": 0,
                                                "result_set_size": 64513260,
                                                "operator_name": "SEQ_SCAN ",
                                                "cpu_time": 0.0,
                                                "extra_info": {
                                                  "Table": "store_sales",
                                                  "Type": "Sequential Scan",
                                                  "Projections": "",
                                                  "Estimated Cardinality": "28800991"
                                                },
                                                "cumulative_cardinality": 0,
                                                "operator_type": "TABLE_SCAN",
                                                "operator_cardinality": 5376105,
                                                "cumulative_rows_scanned": 0,
                                                "operator_rows_scanned": 345611892,
                                                "operator_timing": 0.2329416290000001,
                                                "children": []
                                              },
                                              {
                                                "total_bytes_written": 0,
                                                "total_bytes_read": 0,
                                                "result_set_size": 1460,
                                                "operator_name": "PROJECTION",
                                                "cpu_time": 0.0,
                                                "extra_info": {
                                                  "Projections": "#1",
                                                  "Estimated Cardinality": "14609"
                                                },
                                                "cumulative_cardinality": 0,
                                                "operator_type": "PROJECTION",
                                                "operator_cardinality": 365,
                                                "cumulative_rows_scanned": 0,
                                                "operator_rows_scanned": 0,
                                                "operator_timing": 5.19e-07,
                                                "children": [
                                                  {
                                                    "total_bytes_written": 0,
                                                    "total_bytes_read": 0,
                                                    "result_set_size": 2920,
                                                    "operator_name": "FILTER",
                                                    "cpu_time": 0.0,
                                                    "extra_info": {
                                                      "Expression": "(d_date_sk BETWEEN 2450816 AND 2452642)",
                                                      "Estimated Cardinality": "14609"
                                                    },
                                                    "cumulative_cardinality": 0,
                                                    "operator_type": "FILTER",
                                                    "operator_cardinality": 365,
                                                    "cumulative_rows_scanned": 0,
                                                    "operator_rows_scanned": 0,
                                                    "operator_timing": 8.802e-06,
                                                    "children": [
                                                      {
                                                        "total_bytes_written": 0,
                                                        "total_bytes_read": 0,
                                                        "result_set_size": 2920,
                                                        "operator_name": "SEQ_SCAN ",
                                                        "cpu_time": 0.0,
                                                        "extra_info": {
                                                          "Table": "date_dim",
                                                          "Type": "Sequential Scan",
                                                          "Projections": "",
                                                          "Filters": "d_month_seq>=1213 AND d_month_seq<=1224",
                                                          "Estimated Cardinality": "14609"
                                                        },
                                                        "cumulative_cardinality": 0,
                                                        "operator_type": "TABLE_SCAN",
                                                        "operator_cardinality": 365,
                                                        "cumulative_rows_scanned": 0,
                                                        "operator_rows_scanned": 73049,
                                                        "operator_timing": 0.000158684,
                                                        "children": []
                                                      }
                                                    ]
                                                  }
                                                ]
                                              }
                                            ]
                                          },
                                          {
                                            "total_bytes_written": 0,
                                            "total_bytes_read": 0,
                                            "result_set_size": 3564,
                                            "operator_name": "HASH_JOIN",
                                            "cpu_time": 0.0,
                                            "extra_info": {
                                              "Join Type": "SEMI",
                                              "Conditions": "s_state = #0",
                                              "Estimated Cardinality": "20"
                                            },
                                            "cumulative_cardinality": 0,
                                            "operator_type": "HASH_JOIN",
                                            "operator_cardinality": 99,
                                            "cumulative_rows_scanned": 0,
                                            "operator_rows_scanned": 0,
                                            "operator_timing": 0.00013897499999999998,
                                            "children": [
                                              {
                                                "total_bytes_written": 0,
                                                "total_bytes_read": 0,
                                                "result_set_size": 3564,
                                                "operator_name": "SEQ_SCAN ",
                                                "cpu_time": 0.0,
                                                "extra_info": {
                                                  "Table": "store",
                                                  "Type": "Sequential Scan",
                                                  "Projections": "",
                                                  "Filters": "s_store_sk<=100",
                                                  "Estimated Cardinality": "102"
                                                },
                                                "cumulative_cardinality": 0,
                                                "operator_type": "TABLE_SCAN",
                                                "operator_cardinality": 99,
                                                "cumulative_rows_scanned": 0,
                                                "operator_rows_scanned": 102,
                                                "operator_timing": 2.5018e-05,
                                                "children": []
                                              },
                                              {
                                                "total_bytes_written": 0,
                                                "total_bytes_read": 0,
                                                "result_set_size": 64,
                                                "operator_name": "PROJECTION",
                                                "cpu_time": 0.0,
                                                "extra_info": {
                                                  "Projections": "#0",
                                                  "Estimated Cardinality": "11"
                                                },
                                                "cumulative_cardinality": 0,
                                                "operator_type": "PROJECTION",
                                                "operator_cardinality": 4,
                                                "cumulative_rows_scanned": 0,
                                                "operator_rows_scanned": 0,
                                                "operator_timing": 1.3959999999999998e-06,
                                                "children": [
                                                  {
                                                    "total_bytes_written": 0,
                                                    "total_bytes_read": 0,
                                                    "result_set_size": 160,
                                                    "operator_name": "FILTER",
                                                    "cpu_time": 0.0,
                                                    "extra_info": {
                                                      "Expression": "(ranking <= 5)",
                                                      "Estimated Cardinality": "11"
                                                    },
                                                    "cumulative_cardinality": 0,
                                                    "operator_type": "FILTER",
                                                    "operator_cardinality": 4,
                                                    "cumulative_rows_scanned": 0,
                                                    "operator_rows_scanned": 0,
                                                    "operator_timing": 2.3054e-05,
                                                    "children": [
                                                      {
                                                        "total_bytes_written": 0,
                                                        "total_bytes_read": 0,
                                                        "result_set_size": 160,
                                                        "operator_name": "PROJECTION",
                                                        "cpu_time": 0.0,
                                                        "extra_info": {
                                                          "Projections": [
                                                            "#0",
                                                            "#1",
                                                            "#2"
                                                          ],
                                                          "Estimated Cardinality": "56"
                                                        },
                                                        "cumulative_cardinality": 0,
                                                        "operator_type": "PROJECTION",
                                                        "operator_cardinality": 4,
                                                        "cumulative_rows_scanned": 0,
                                                        "operator_rows_scanned": 0,
                                                        "operator_timing": 1.699e-06,
                                                        "children": [
                                                          {
                                                            "total_bytes_written": 0,
                                                            "total_bytes_read": 0,
                                                            "result_set_size": 160,
                                                            "operator_name": "WINDOW",
                                                            "cpu_time": 0.0,
                                                            "extra_info": {
                                                              "Projections": "RANK() OVER (PARTITION BY s_state ORDER BY sum(ss_net_profit) DESC NULLS LAST)"
                                                            },
                                                            "cumulative_cardinality": 0,
                                                            "operator_type": "WINDOW",
                                                            "operator_cardinality": 4,
                                                            "cumulative_rows_scanned": 0,
                                                            "operator_rows_scanned": 0,
                                                            "operator_timing": 0.000918066,
                                                            "children": [
                                                              {
                                                                "total_bytes_written": 0,
                                                                "total_bytes_read": 0,
                                                                "result_set_size": 128,
                                                                "operator_name": "PROJECTION",
                                                                "cpu_time": 0.0,
                                                                "extra_info": {
                                                                  "Projections": [
                                                                    "__internal_decompress_string(#0)",
                                                                    "#1"
                                                                  ],
                                                                  "Estimated Cardinality": "56"
                                                                },
                                                                "cumulative_cardinality": 0,
                                                                "operator_type": "PROJECTION",
                                                                "operator_cardinality": 4,
                                                                "cumulative_rows_scanned": 0,
                                                                "operator_rows_scanned": 0,
                                                                "operator_timing": 1.107e-05,
                                                                "children": [
                                                                  {
                                                                    "total_bytes_written": 0,
                                                                    "total_bytes_read": 0,
                                                                    "result_set_size": 80,
                                                                    "operator_name": "HASH_GROUP_BY",
                                                                    "cpu_time": 0.0,
                                                                    "extra_info": {
                                                                      "Groups": "#0",
                                                                      "Aggregates": "sum(#1)",
                                                                      "Estimated Cardinality": "56"
                                                                    },
                                                                    "cumulative_cardinality": 0,
                                                                    "operator_type": "HASH_GROUP_BY",
                                                                    "operator_cardinality": 4,
                                                                    "cumulative_rows_scanned": 0,
                                                                    "operator_rows_scanned": 0,
                                                                    "operator_timing": 0.16726651,
                                                                    "children": [
                                                                      {
                                                                        "total_bytes_written": 0,
                                                                        "total_bytes_read": 0,
                                                                        "result_set_size": 43008840,
                                                                        "operator_name": "PROJECTION",
                                                                        "cpu_time": 0.0,
                                                                        "extra_info": {
                                                                          "Projections": [
                                                                            "s_state",
                                                                            "ss_net_profit"
                                                                          ],
                                                                          "Estimated Cardinality": "5875080"
                                                                        },
                                                                        "cumulative_cardinality": 0,
                                                                        "operator_type": "PROJECTION",
                                                                        "operator_cardinality": 5376105,
                                                                        "cumulative_rows_scanned": 0,
                                                                        "operator_rows_scanned": 0,
                                                                        "operator_timing": 0.0036924249999999996,
                                                                        "children": [
                                                                          {
                                                                            "total_bytes_written": 0,
                                                                            "total_bytes_read": 0,
                                                                            "result_set_size": 43008840,
                                                                            "operator_name": "PROJECTION",
                                                                            "cpu_time": 0.0,
                                                                            "extra_info": {
                                                                              "Projections": [
                                                                                "#0",
                                                                                "__internal_compress_string_uinteger(#1)"
                                                                              ],
                                                                              "Estimated Cardinality": "5875080"
                                                                            },
                                                                            "cumulative_cardinality": 0,
                                                                            "operator_type": "PROJECTION",
                                                                            "operator_cardinality": 5376105,
                                                                            "cumulative_rows_scanned": 0,
                                                                            "operator_rows_scanned": 0,
                                                                            "operator_timing": 0.016166159000000003,
                                                                            "children": [
                                                                              {
                                                                                "total_bytes_written": 0,
                                                                                "total_bytes_read": 0,
                                                                                "result_set_size": 107522100,
                                                                                "operator_name": "HASH_JOIN",
                                                                                "cpu_time": 0.0,
                                                                                "extra_info": {
                                                                                  "Join Type": "INNER",
                                                                                  "Conditions": "ss_store_sk = s_store_sk",
                                                                                  "Estimated Cardinality": "5875080"
                                                                                },
                                                                                "cumulative_cardinality": 0,
                                                                                "operator_type": "HASH_JOIN",
                                                                                "operator_cardinality": 5376105,
                                                                                "cumulative_rows_scanned": 0,
                                                                                "operator_rows_scanned": 0,
                                                                                "operator_timing": 0.10427984100000005,
                                                                                "children": [
                                                                                  {
                                                                                    "total_bytes_written": 0,
                                                                                    "total_bytes_read": 0,
                                                                                    "result_set_size": 64513260,
                                                                                    "operator_name": "HASH_JOIN",
                                                                                    "cpu_time": 0.0,
                                                                                    "extra_info": {
                                                                                      "Join Type": "INNER",
                                                                                      "Conditions": "ss_sold_date_sk = d_date_sk",
                                                                                      "Estimated Cardinality": "5759882"
                                                                                    },
                                                                                    "cumulative_cardinality": 0,
                                                                                    "operator_type": "HASH_JOIN",
                                                                                    "operator_cardinality": 5376105,
                                                                                    "cumulative_rows_scanned": 0,
                                                                                    "operator_rows_scanned": 0,
                                                                                    "operator_timing": 0.10546655699999999,
                                                                                    "children": [
                                                                                      {
                                                                                        "total_bytes_written": 0,
                                                                                        "total_bytes_read": 0,
                                                                                        "result_set_size": 64513260,
                                                                                        "operator_name": "SEQ_SCAN ",
                                                                                        "cpu_time": 0.0,
                                                                                        "extra_info": {
                                                                                          "Table": "store_sales",
                                                                                          "Type": "Sequential Scan",
                                                                                          "Projections": [
                                                                                            "ss_sold_date_sk",
                                                                                            "ss_store_sk",
                                                                                            "ss_net_profit"
                                                                                          ],
                                                                                          "Estimated Cardinality": "28800991"
                                                                                        },
                                                                                        "cumulative_cardinality": 0,
                                                                                        "operator_type": "TABLE_SCAN",
                                                                                        "operator_cardinality": 5376105,
                                                                                        "cumulative_rows_scanned": 0,
                                                                                        "operator_rows_scanned": 345611892,
                                                                                        "operator_timing": 0.23440671999999993,
                                                                                        "children": []
                                                                                      },
                                                                                      {
                                                                                        "total_bytes_written": 0,
                                                                                        "total_bytes_read": 0,
                                                                                        "result_set_size": 1460,
                                                                                        "operator_name": "FILTER",
                                                                                        "cpu_time": 0.0,
                                                                                        "extra_info": {
                                                                                          "Expression": "(d_date_sk BETWEEN 2450816 AND 2452642)",
                                                                                          "Estimated Cardinality": "14609"
                                                                                        },
                                                                                        "cumulative_cardinality": 0,
                                                                                        "operator_type": "FILTER",
                                                                                        "operator_cardinality": 365,
                                                                                        "cumulative_rows_scanned": 0,
                                                                                        "operator_rows_scanned": 0,
                                                                                        "operator_timing": 1.0762e-05,
                                                                                        "children": [
                                                                                          {
                                                                                            "total_bytes_written": 0,
                                                                                            "total_bytes_read": 0,
                                                                                            "result_set_size": 1460,
                                                                                            "operator_name": "SEQ_SCAN ",
                                                                                            "cpu_time": 0.0,
                                                                                            "extra_info": {
                                                                                              "Table": "date_dim",
                                                                                              "Type": "Sequential Scan",
                                                                                              "Projections": "d_date_sk",
                                                                                              "Filters": "d_month_seq>=1213 AND d_month_seq<=1224",
                                                                                              "Estimated Cardinality": "14609"
                                                                                            },
                                                                                            "cumulative_cardinality": 0,
                                                                                            "operator_type": "TABLE_SCAN",
                                                                                            "operator_cardinality": 365,
                                                                                            "cumulative_rows_scanned": 0,
                                                                                            "operator_rows_scanned": 73049,
                                                                                            "operator_timing": 0.000139963,
                                                                                            "children": []
                                                                                          }
                                                                                        ]
                                                                                      }
                                                                                    ]
                                                                                  },
                                                                                  {
                                                                                    "total_bytes_written": 0,
                                                                                    "total_bytes_read": 0,
                                                                                    "result_set_size": 2000,
                                                                                    "operator_name": "SEQ_SCAN ",
                                                                                    "cpu_time": 0.0,
                                                                                    "extra_info": {
                                                                                      "Table": "store",
                                                                                      "Type": "Sequential Scan",
                                                                                      "Projections": [
                                                                                        "s_store_sk",
                                                                                        "s_state"
                                                                                      ],
                                                                                      "Filters": "s_store_sk<=100",
                                                                                      "Estimated Cardinality": "102"
                                                                                    },
                                                                                    "cumulative_cardinality": 0,
                                                                                    "operator_type": "TABLE_SCAN",
                                                                                    "operator_cardinality": 100,
                                                                                    "cumulative_rows_scanned": 0,
                                                                                    "operator_rows_scanned": 102,
                                                                                    "operator_timing": 3.2263e-05,
                                                                                    "children": []
                                                                                  }
                                                                                ]
                                                                              }
                                                                            ]
                                                                          }
                                                                        ]
                                                                      }
                                                                    ]
                                                                  }
                                                                ]
                                                              }
                                                            ]
                                                          }
                                                        ]
                                                      }
                                                    ]
                                                  }
                                                ]
                                              }
                                            ]
                                          }
                                        ]
                                      }
                                    ]
                                  }
                                ]
                              }
                            ]
                          }
                        ]
                      }
                    ]
                  }
                ]
              }
            ]
          }
        ]
      }
    ]
  }
}