{
  "benchmark": "tpcds",
  "query_id": "query_80",
  "source_sql": "/mnt/d/TPC-DS/queries_duckdb_converted/query_80.sql",
  "database": "/mnt/d/TPC-DS/tpcds_sf10.duckdb",
  "statement_count": 1,
  "client_elapsed_ms": 172.78532199998153,
  "execution_time_ms": 0.0,
  "plan_json": {
    "total_bytes_written": 0,
    "total_bytes_read": 0,
    "rows_returned": 0,
    "latency": 0.0,
    "result_set_size": 0,
    "query_name": "",
    "blocked_thread_time": 0.0,
    "system_peak_buffer_memory": 0,
    "system_peak_temp_dir_size": 0,
    "cpu_time": 0.0,
    "extra_info": {},
    "cumulative_cardinality": 0,
    "cumulative_rows_scanned": 0,
    "children": [
      {
        "total_bytes_written": 0,
        "total_bytes_read": 0,
        "result_set_size": 0,
        "operator_name": "EXPLAIN_ANALYZE",
        "cpu_time": 0.0,
        "extra_info": {},
        "cumulative_cardinality": 0,
        "operator_type": "EXPLAIN_ANALYZE",
        "operator_cardinality": 0,
        "cumulative_rows_scanned": 0,
        "operator_rows_scanned": 0,
        "operator_timing": 6.41e-07,
        "children": [
          {
            "total_bytes_written": 0,
            "total_bytes_read": 0,
            "result_set_size": 8000,
            "operator_name": "TOP_N",
            "cpu_time": 0.0,
            "extra_info": {
              "Top": "100",
              "Order By": [
                "x.channel ASC",
                "x.id ASC"
              ]
            },
            "cumulative_cardinality": 0,
            "operator_type": "TOP_N",
            "operator_cardinality": 100,
            "cumulative_rows_scanned": 0,
            "operator_rows_scanned": 0,
            "operator_timing": 0.00042396600000000007,
            "children": [
              {
                "total_bytes_written": 0,
                "total_bytes_read": 0,
                "result_set_size": 41600,
                "operator_name": "HASH_GROUP_BY",
                "cpu_time": 0.0,
                "extra_info": {
                  "Groups": [
                    "#0",
                    "#1"
                  ],
                  "Aggregates": [
                    "sum(#2)",
                    "sum(#3)",
                    "sum(#4)"
                  ],
                  "Estimated Cardinality": "89655"
                },
                "cumulative_cardinality": 0,
                "operator_type": "HASH_GROUP_BY",
                "operator_cardinality": 520,
                "cumulative_rows_scanned": 0,
                "operator_rows_scanned": 0,
                "operator_timing": 0.022781122,
                "children": [
                  {
                    "total_bytes_written": 0,
                    "total_bytes_read": 0,
                    "result_set_size": 41280,
                    "operator_name": "PROJECTION",
                    "cpu_time": 0.0,
                    "extra_info": {
                      "Projections": [
                        "channel",
                        "id",
                        "sales",
                        "returns",
                        "profit"
                      ],
                      "Estimated Cardinality": "369331"
                    },
                    "cumulative_cardinality": 0,
                    "operator_type": "PROJECTION",
                    "operator_cardinality": 516,
                    "cumulative_rows_scanned": 0,
                    "operator_rows_scanned": 0,
                    "operator_timing": 4.295599999999999e-05,
                    "children": [
                      {
                        "total_bytes_written": 0,
                        "total_bytes_read": 0,
                        "result_set_size": 0,
                        "operator_name": "UNION",
                        "cpu_time": 0.0,
                        "extra_info": {},
                        "cumulative_cardinality": 0,
                        "operator_type": "UNION",
                        "operator_cardinality": 0,
                        "cumulative_rows_scanned": 0,
                        "operator_rows_scanned": 0,
                        "operator_timing": 0.0,
                        "children": [
                          {
                            "total_bytes_written": 0,
                            "total_bytes_read": 0,
                            "result_set_size": 0,
                            "operator_name": "UNION",
                            "cpu_time": 0.0,
                            "extra_info": {},
                            "cumulative_cardinality": 0,
                            "operator_type": "UNION",
                            "operator_cardinality": 0,
                            "cumulative_rows_scanned": 0,
                            "operator_rows_scanned": 0,
                            "operator_timing": 0.0,
                            "children": [
                              {
                                "total_bytes_written": 0,
                                "total_bytes_read": 0,
                                "result_set_size": 4080,
                                "operator_name": "PROJECTION",
                                "cpu_time": 0.0,
                                "extra_info": {
                                  "Projections": [
                                    "channel",
                                    "id",
                                    "sales",
                                    "returns",
                                    "profit"
                                  ],
                                  "Estimated Cardinality": "201710"
                                },
                                "cumulative_cardinality": 0,
                                "operator_type": "PROJECTION",
                                "operator_cardinality": 51,
                                "cumulative_rows_scanned": 0,
                                "operator_rows_scanned": 0,
                                "operator_timing": 0.000180257,
                                "children": [
                                  {
                                    "total_bytes_written": 0,
                                    "total_bytes_read": 0,
                                    "result_set_size": 3264,
                                    "operator_name": "HASH_GROUP_BY",
                                    "cpu_time": 0.0,
                                    "extra_info": {
                                      "Groups": "#0",
                                      "Aggregates": [
                                        "sum(#1)",
                                        "sum(#2)",
                                        "sum(#3)"
                                      ],
                                      "Estimated Cardinality": "201710"
                                    },
                                    "cumulative_cardinality": 0,
                                    "operator_type": "HASH_GROUP_BY",
                                    "operator_cardinality": 51,
                                    "cumulative_rows_scanned": 0,
                                    "operator_rows_scanned": 0,
                                    "operator_timing": 0.009937065000000002,
                                    "children": [
                                      {
                                        "total_bytes_written": 0,
                                        "total_bytes_read": 0,
                                        "result_set_size": 1169244,
                                        "operator_name": "PROJECTION",
                                        "cpu_time": 0.0,
                                        "extra_info": {
                                          "Projections": [
                                            "s_store_id",
                                            "ss_ext_sales_price",
                                            "COALESCE(CAST(sr_return_amt AS DECIMAL(12,2)), 0.00)",
                                            "(CAST(ss_net_profit AS DECIMAL(13,2)) - COALESCE(CAST(sr_net_loss AS DECIMAL(12,2)), 0.00))"
                                          ],
                                          "Estimated Cardinality": "239957"
                                        },
                                        "cumulative_cardinality": 0,
                                        "operator_type": "PROJECTION",
                                        "operator_cardinality": 32479,
                                        "cumulative_rows_scanned": 0,
                                        "operator_rows_scanned": 0,
                                        "operator_timing": 0.0053081099999999996,
                                        "children": [
                                          {
                                            "total_bytes_written": 0,
                                            "total_bytes_read": 0,
                                            "result_set_size": 1039328,
                                            "operator_name": "HASH_JOIN",
                                            "cpu_time": 0.0,
                                            "extra_info": {
                                              "Join Type": "INNER",
                                              "Conditions": "ss_store_sk = s_store_sk",
                                              "Estimated Cardinality": "239957"
                                            },
                                            "cumulative_cardinality": 0,
                                            "operator_type": "HASH_JOIN",
                                            "operator_cardinality": 32479,
                                            "cumulative_rows_scanned": 0,
                                            "operator_rows_scanned": 0,
                                            "operator_timing": 0.0015741680000000001,
                                            "children": [
                                              {
                                                "total_bytes_written": 0,
                                                "total_bytes_read": 0,
                                                "result_set_size": 779496,
                                                "operator_name": "HASH_JOIN",
                                                "cpu_time": 0.0,
                                                "extra_info": {
                                                  "Join Type": "INNER",
                                                  "Conditions": "ss_item_sk = i_item_sk",
                                                  "Estimated Cardinality": "235252"
                                                },
                                                "cumulative_cardinality": 0,
                                                "operator_type": "HASH_JOIN",
                                                "operator_cardinality": 32479,
                                                "cumulative_rows_scanned": 0,
                                                "operator_rows_scanned": 0,
                                                "operator_timing": 0.011272317999999998,
                                                "children": [
                                                  {
                                                    "total_bytes_written": 0,
                                                    "total_bytes_read": 0,
                                                    "result_set_size": 16312268,
                                                    "operator_name": "HASH_JOIN",
                                                    "cpu_time": 0.0,
                                                    "extra_info": {
                                                      "Join Type": "INNER",
                                                      "Conditions": "ss_sold_date_sk = d_date_sk",
                                                      "Estimated Cardinality": "1107669"
                                                    },
                                                    "cumulative_cardinality": 0,
                                                    "operator_type": "HASH_JOIN",
                                                    "operator_cardinality": 582581,
                                                    "cumulative_rows_scanned": 0,
                                                    "operator_rows_scanned": 0,
                                                    "operator_timing": 0.008528747000000001,
                                                    "children": [
                                                      {
                                                        "total_bytes_written": 0,
                                                        "total_bytes_read": 0,
                                                        "result_set_size": 18642592,
                                                        "operator_name": "HASH_JOIN",
                                                        "cpu_time": 0.0,
                                                        "extra_info": {
                                                          "Join Type": "INNER",
                                                          "Conditions": "ss_promo_sk = p_promo_sk",
                                                          "Estimated Cardinality": "5538652"
                                                        },
                                                        "cumulative_cardinality": 0,
                                                        "operator_type": "HASH_JOIN",
                                                        "operator_cardinality": 582581,
                                                        "cumulative_rows_scanned": 0,
                                                        "operator_rows_scanned": 0,
                                                        "operator_timing": 0.009720913,
                                                        "children": [
                                                          {
                                                            "total_bytes_written": 0,
                                                            "total_bytes_read": 0,
                                                            "result_set_size": 18939360,
                                                            "operator_name": "HASH_JOIN",
                                                            "cpu_time": 0.0,
                                                            "extra_info": {
                                                              "Join Type": "LEFT",
                                                              "Conditions": [
                                                                "ss_item_sk = sr_item_sk",
                                                                "ss_ticket_number = sr_ticket_number"
                                                              ],
                                                              "Estimated Cardinality": "28800991"
                                                            },
                                                            "cumulative_cardinality": 0,
                                                            "operator_type": "HASH_JOIN",
                                                            "operator_cardinality": 591855,
                                                            "cumulative_rows_scanned": 0,
                                                            "operator_rows_scanned": 0,
                                                            "operator_timing": 0.608499887,
                                                            "children": [
                                                              {
                                                                "total_bytes_written": 0,
                                                                "total_bytes_read": 0,
                                                                "result_set_size": 16571940,
                                                                "operator_name": "SEQ_SCAN ",
                                                                "cpu_time": 0.0,
                                                                "extra_info": {
                                                                  "Table": "store_sales",
                                                                  "Type": "Sequential Scan",
                                                                  "Projections": [
                                                                    "ss_item_sk",
                                                                    "ss_ticket_number",
                                                                    "ss_sold_date_sk",
                                                                    "ss_store_sk",
                                                                    "ss_promo_sk",
                                                                    "ss_ext_sales_price",
                                                                    "ss_net_profit"
                                                                  ],
                                                                  "Estimated Cardinality": "28800991"
                                                                },
                                                                "cumulative_cardinality": 0,
                                                                "operator_type": "TABLE_SCAN",
                                                                "operator_cardinality": 591855,
                                                                "cumulative_rows_scanned": 0,
                                                                "operator_rows_scanned": 345611892,
                                                                "operator_timing": 0.44082180000000015,
                                                                "children": []
                                                              },
                                                              {
                                                                "total_bytes_written": 0,
                                                                "total_bytes_read": 0,
                                                                "result_set_size": 46040512,
                                                                "operator_name": "SEQ_SCAN ",
                                                                "cpu_time": 0.0,
                                                                "extra_info": {
                                                                  "Table": "store_returns",
                                                                  "Type": "Sequential Scan",
                                                                  "Projections": [
                                                                    "sr_item_sk",
                                                                    "sr_ticket_number",
                                                                    "sr_return_amt",
                                                                    "sr_net_loss"
                                                                  ],
                                                                  "Estimated Cardinality": "2877532"
                                                                },
                                                                "cumulative_cardinality": 0,
                                                                "operator_type": "TABLE_SCAN",
                                                                "operator_cardinality": 2877532,
                                                                "cumulative_rows_scanned": 0,
                                                                "operator_rows_scanned": 34530384,
                                                                "operator_timing": 0.014419671000000002,
                                                                "children": []
                                                              }
                                                            ]
                                                          },
                                                          {
                                                            "total_bytes_written": 0,
                                                            "total_bytes_read": 0,
                                                            "result_set_size": 1968,
                                                            "operator_name": "SEQ_SCAN ",
                                                            "cpu_time": 0.0,
                                                            "extra_info": {
                                                              "Table": "promotion",
                                                              "Type": "Sequential Scan",
                                                              "Projections": "p_promo_sk",
                                                              "Filters": "p_channel_tv='N'",
                                                              "Estimated Cardinality": "100"
                                                            },
                                                            "cumulative_cardinality": 0,
                                                            "operator_type": "TABLE_SCAN",
                                                            "operator_cardinality": 492,
                                                            "cumulative_rows_scanned": 0,
                                                            "operator_rows_scanned": 500,
                                                            "operator_timing": 3.5807e-05,
                                                            "children": []
                                                          }
                                                        ]
                                                      },
                                                      {
                                                        "total_bytes_written": 0,
                                                        "total_bytes_read": 0,
                                                        "result_set_size": 124,
                                                        "operator_name": "FILTER",
                                                        "cpu_time": 0.0,
                                                        "extra_info": {
                                                          "Expression": "(d_date_sk BETWEEN 2450816 AND 2452642)",
                                                          "Estimated Cardinality": "14609"
                                                        },
                                                        "cumulative_cardinality": 0,
                                                        "operator_type": "FILTER",
                                                        "operator_cardinality": 31,
                                                        "cumulative_rows_scanned": 0,
                                                        "operator_rows_scanned": 0,
                                                        "operator_timing": 3.3118e-05,
                                                        "children": [
                                                          {
                                                            "total_bytes_written": 0,
                                                            "total_bytes_read": 0,
                                                            "result_set_size": 124,
                                                            "operator_name": "SEQ_SCAN ",
                                                            "cpu_time": 0.0,
                                                            "extra_info": {
                                                              "Table": "date_dim",
                                                              "Type": "Sequential Scan",
                                                              "Projections": "d_date_sk",
                                                              "Filters": "(CAST(d_date AS TIMESTAMP) BETWEEN '1998-08-28 00:00:00'::TIMESTAMP AND '1998-09-27 00:00:00'::TIMESTAMP)",
                                                              "Estimated Cardinality": "14609"
                                                            },
                                                            "cumulative_cardinality": 0,
                                                            "operator_type": "TABLE_SCAN",
                                                            "operator_cardinality": 31,
                                                            "cumulative_rows_scanned": 0,
                                                            "operator_rows_scanned": 73049,
                                                            "operator_timing": 0.0008651990000000001,
                                                            "children": []
                                                          }
                                                        ]
                                                      }
                                                    ]
                                                  },
                                                  {
                                                    "total_bytes_written": 0,
                                                    "total_bytes_read": 0,
                                                    "result_set_size": 22764,
                                                    "operator_name": "SEQ_SCAN ",
                                                    "cpu_time": 0.0,
                                                    "extra_info": {
                                                      "Table": "item",
                                                      "Type": "Sequential Scan",
                                                      "Projections": "i_item_sk",
                                                      "Filters": "i_current_price>50.00",
                                                      "Estimated Cardinality": "20400"
                                                    },
                                                    "cumulative_cardinality": 0,
                                                    "operator_type": "TABLE_SCAN",
                                                    "operator_cardinality": 5691,
                                                    "cumulative_rows_scanned": 0,
                                                    "operator_rows_scanned": 102000,
                                                    "operator_timing": 0.00041944599999999997,
                                                    "children": []
                                                  }
                                                ]
                                              },
                                              {
                                                "total_bytes_written": 0,
                                                "total_bytes_read": 0,
                                                "result_set_size": 2000,
                                                "operator_name": "SEQ_SCAN ",
                                                "cpu_time": 0.0,
                                                "extra_info": {
                                                  "Table": "store",
                                                  "Type": "Sequential Scan",
                                                  "Projections": [
                                                    "s_store_sk",
                                                    "s_store_id"
                                                  ],
                                                  "Filters": "s_store_sk<=100",
                                                  "Estimated Cardinality": "102"
                                                },
                                                "cumulative_cardinality": 0,
                                                "operator_type": "TABLE_SCAN",
                                                "operator_cardinality": 100,
                                                "cumulative_rows_scanned": 0,
                                                "operator_rows_scanned": 102,
                                                "operator_timing": 2.3959999999999998e-05,
                                                "children": []
                                              }
                                            ]
                                          }
                                        ]
                                      }
                                    ]
                                  }
                                ]
                              },
                              {
                                "total_bytes_written": 0,
                                "total_bytes_read": 0,
                                "result_set_size": 35520,
                                "operator_name": "PROJECTION",
                                "cpu_time": 0.0,
                                "extra_info": {
                                  "Projections": [
                                    "channel",
                                    "id",
                                    "sales",
                                    "returns",
                                    "profit"
                                  ],
                                  "Estimated Cardinality": "118554"
                                },
                                "cumulative_cardinality": 0,
                                "operator_type": "PROJECTION",
                                "operator_cardinality": 444,
                                "cumulative_rows_scanned": 0,
                                "operator_rows_scanned": 0,
                                "operator_timing": 0.000221738,
                                "children": [
                                  {
                                    "total_bytes_written": 0,
                                    "total_bytes_read": 0,
                                    "result_set_size": 28416,
                                    "operator_name": "HASH_GROUP_BY",
                                    "cpu_time": 0.0,
                                    "extra_info": {
                                      "Groups": "#0",
                                      "Aggregates": [
                                        "sum(#1)",
                                        "sum(#2)",
                                        "sum(#3)"
                                      ],
                                      "Estimated Cardinality": "118554"
                                    },
                                    "cumulative_cardinality": 0,
                                    "operator_type": "HASH_GROUP_BY",
                                    "operator_cardinality": 444,
                                    "cumulative_rows_scanned": 0,
                                    "operator_rows_scanned": 0,
                                    "operator_timing": 0.005269603,
                                    "children": [
                                      {
                                        "total_bytes_written": 0,
                                        "total_bytes_read": 0,
                                        "result_set_size": 621324,
                                        "operator_name": "PROJECTION",
                                        "cpu_time": 0.0,
                                        "extra_info": {
                                          "Projections": [
                                            "cp_catalog_page_id",
                                            "cs_ext_sales_price",
                                            "COALESCE(CAST(cr_return_amount AS DECIMAL(12,2)), 0.00)",
                                            "(CAST(cs_net_profit AS DECIMAL(13,2)) - COALESCE(CAST(cr_net_loss AS DECIMAL(12,2)), 0.00))"
                                          ],
                                          "Estimated Cardinality": "135365"
                                        },
                                        "cumulative_cardinality": 0,
                                        "operator_type": "PROJECTION",
                                        "operator_cardinality": 17259,
                                        "cumulative_rows_scanned": 0,
                                        "operator_rows_scanned": 0,
                                        "operator_timing": 0.0015718969999999998,
                                        "children": [
                                          {
                                            "total_bytes_written": 0,
                                            "total_bytes_read": 0,
                                            "result_set_size": 552288,
                                            "operator_name": "HASH_JOIN",
                                            "cpu_time": 0.0,
                                            "extra_info": {
                                              "Join Type": "INNER",
                                              "Conditions": "cs_catalog_page_sk = cp_catalog_page_sk",
                                              "Estimated Cardinality": "135365"
                                            },
                                            "cumulative_cardinality": 0,
                                            "operator_type": "HASH_JOIN",
                                            "operator_cardinality": 17259,
                                            "cumulative_rows_scanned": 0,
                                            "operator_rows_scanned": 0,
                                            "operator_timing": 0.0008625479999999999,
                                            "children": [
                                              {
                                                "total_bytes_written": 0,
                                                "total_bytes_read": 0,
                                                "result_set_size": 414216,
                                                "operator_name": "HASH_JOIN",
                                                "cpu_time": 0.0,
                                                "extra_info": {
                                                  "Join Type": "INNER",
                                                  "Conditions": "cs_item_sk = i_item_sk",
                                                  "Estimated Cardinality": "117530"
                                                },
                                                "cumulative_cardinality": 0,
                                                "operator_type": "HASH_JOIN",
                                                "operator_cardinality": 17259,
                                                "cumulative_rows_scanned": 0,
                                                "operator_rows_scanned": 0,
                                                "operator_timing": 0.0030188410000000017,
                                                "children": [
                                                  {
                                                    "total_bytes_written": 0,
                                                    "total_bytes_read": 0,
                                                    "result_set_size": 8764028,
                                                    "operator_name": "HASH_JOIN",
                                                    "cpu_time": 0.0,
                                                    "extra_info": {
                                                      "Join Type": "INNER",
                                                      "Conditions": "cs_sold_date_sk = d_date_sk",
                                                      "Estimated Cardinality": "553864"
                                                    },
                                                    "cumulative_cardinality": 0,
                                                    "operator_type": "HASH_JOIN",
                                                    "operator_cardinality": 313001,
                                                    "cumulative_rows_scanned": 0,
                                                    "operator_rows_scanned": 0,
                                                    "operator_timing": 0.0028215870000000004,
                                                    "children": [
                                                      {
                                                        "total_bytes_written": 0,
                                                        "total_bytes_read": 0,
                                                        "result_set_size": 10016032,
                                                        "operator_name": "HASH_JOIN",
                                                        "cpu_time": 0.0,
                                                        "extra_info": {
                                                          "Join Type": "INNER",
                                                          "Conditions": "cs_promo_sk = p_promo_sk",
                                                          "Estimated Cardinality": "2769473"
                                                        },
                                                        "cumulative_cardinality": 0,
                                                        "operator_type": "HASH_JOIN",
                                                        "operator_cardinality": 313001,
                                                        "cumulative_rows_scanned": 0,
                                                        "operator_rows_scanned": 0,
                                                        "operator_timing": 0.002750588000000001,
                                                        "children": [
                                                          {
                                                            "total_bytes_written": 0,
                                                            "total_bytes_read": 0,
                                                            "result_set_size": 10175072,
                                                            "operator_name": "HASH_JOIN",
                                                            "cpu_time": 0.0,
                                                            "extra_info": {
                                                              "Join Type": "LEFT",
                                                              "Conditions": [
                                                                "cs_item_sk = cr_item_sk",
                                                                "cs_order_number = cr_order_number"
                                                              ],
                                                              "Estimated Cardinality": "14401261"
                                                            },
                                                            "cumulative_cardinality": 0,
                                                            "operator_type": "HASH_JOIN",
                                                            "operator_cardinality": 317971,
                                                            "cumulative_rows_scanned": 0,
                                                            "operator_rows_scanned": 0,
                                                            "operator_timing": 0.20453278800000002,
                                                            "children": [
                                                              {
                                                                "total_bytes_written": 0,
                                                                "total_bytes_read": 0,
                                                                "result_set_size": 8903188,
                                                                "operator_name": "SEQ_SCAN ",
                                                                "cpu_time": 0.0,
                                                                "extra_info": {
                                                                  "Table": "catalog_sales",
                                                                  "Type": "Sequential Scan",
                                                                  "Projections": [
                                                                    "cs_item_sk",
                                                                    "cs_order_number",
                                                                    "cs_sold_date_sk",
                                                                    "cs_catalog_page_sk",
                                                                    "cs_promo_sk",
                                                                    "cs_ext_sales_price",
                                                                    "cs_net_profit"
                                                                  ],
                                                                  "Estimated Cardinality": "14401261"
                                                                },
                                                                "cumulative_cardinality": 0,
                                                                "operator_type": "TABLE_SCAN",
                                                                "operator_cardinality": 317971,
                                                                "cumulative_rows_scanned": 0,
                                                                "operator_rows_scanned": 172815132,
                                                                "operator_timing": 0.008297823999999999,
                                                                "children": []
                                                              },
                                                              {
                                                                "total_bytes_written": 0,
                                                                "total_bytes_read": 0,
                                                                "result_set_size": 23059584,
                                                                "operator_name": "SEQ_SCAN ",
                                                                "cpu_time": 0.0,
                                                                "extra_info": {
                                                                  "Table": "catalog_returns",
                                                                  "Type": "Sequential Scan",
                                                                  "Projections": [
                                                                    "cr_item_sk",
                                                                    "cr_order_number",
                                                                    "cr_return_amount",
                                                                    "cr_net_loss"
                                                                  ],
                                                                  "Estimated Cardinality": "1441224"
                                                                },
                                                                "cumulative_cardinality": 0,
                                                                "operator_type": "TABLE_SCAN",
                                                                "operator_cardinality": 1441224,
                                                                "cumulative_rows_scanned": 0,
                                                                "operator_rows_scanned": 17294688,
                                                                "operator_timing": 0.008322365,
                                                                "children": []
                                                              }
                                                            ]
                                                          },
                                                          {
                                                            "total_bytes_written": 0,
                                                            "total_bytes_read": 0,
                                                            "result_set_size": 1968,
                                                            "operator_name": "SEQ_SCAN ",
                                                            "cpu_time": 0.0,
                                                            "extra_info": {
                                                              "Table": "promotion",
                                                              "Type": "Sequential Scan",
                                                              "Projections": "p_promo_sk",
                                                              "Filters": "p_channel_tv='N'",
                                                              "Estimated Cardinality": "100"
                                                            },
                                                            "cumulative_cardinality": 0,
                                                            "operator_type": "TABLE_SCAN",
                                                            "operator_cardinality": 492,
                                                            "cumulative_rows_scanned": 0,
                                                            "operator_rows_scanned": 500,
                                                            "operator_timing": 3.0966e-05,
                                                            "children": []
                                                          }
                                                        ]
                                                      },
                                                      {
                                                        "total_bytes_written": 0,
                                                        "total_bytes_read": 0,
                                                        "result_set_size": 124,
                                                        "operator_name": "FILTER",
                                                        "cpu_time": 0.0,
                                                        "extra_info": {
                                                          "Expression": "(d_date_sk BETWEEN 2450815 AND 2452653)",
                                                          "Estimated Cardinality": "14609"
                                                        },
                                                        "cumulative_cardinality": 0,
                                                        "operator_type": "FILTER",
                                                        "operator_cardinality": 31,
                                                        "cumulative_rows_scanned": 0,
                                                        "operator_rows_scanned": 0,
                                                        "operator_timing": 2.4863e-05,
                                                        "children": [
                                                          {
                                                            "total_bytes_written": 0,
                                                            "total_bytes_read": 0,
                                                            "result_set_size": 124,
                                                            "operator_name": "SEQ_SCAN ",
                                                            "cpu_time": 0.0,
                                                            "extra_info": {
                                                              "Table": "date_dim",
                                                              "Type": "Sequential Scan",
                                                              "Projections": "d_date_sk",
                                                              "Filters": "(CAST(d_date AS TIMESTAMP) BETWEEN '1998-08-28 00:00:00'::TIMESTAMP AND '1998-09-27 00:00:00'::TIMESTAMP)",
                                                              "Estimated Cardinality": "14609"
                                                            },
                                                            "cumulative_cardinality": 0,
                                                            "operator_type": "TABLE_SCAN",
                                                            "operator_cardinality": 31,
                                                            "cumulative_rows_scanned": 0,
                                                            "operator_rows_scanned": 73049,
                                                            "operator_timing": 0.000847675,
                                                            "children": []
                                                          }
                                                        ]
                                                      }
                                                    ]
                                                  },
                                                  {
                                                    "total_bytes_written": 0,
                                                    "total_bytes_read": 0,
                                                    "result_set_size": 22764,
                                                    "operator_name": "SEQ_SCAN ",
                                                    "cpu_time": 0.0,
                                                    "extra_info": {
                                                      "Table": "item",
                                                      "Type": "Sequential Scan",
                                                      "Projections": "i_item_sk",
                                                      "Filters": "i_current_price>50.00",
                                                      "Estimated Cardinality": "20400"
                                                    },
                                                    "cumulative_cardinality": 0,
                                                    "operator_type": "TABLE_SCAN",
                                                    "operator_cardinality": 5691,
                                                    "cumulative_rows_scanned": 0,
                                                    "operator_rows_scanned": 102000,
                                                    "operator_timing": 0.0003599090000000001,
                                                    "children": []
                                                  }
                                                ]
                                              },
                                              {
                                                "total_bytes_written": 0,
                                                "total_bytes_read": 0,
                                                "result_set_size": 202020,
                                                "operator_name": "SEQ_SCAN ",
                                                "cpu_time": 0.0,
                                                "extra_info": {
                                                  "Table": "catalog_page",
                                                  "Type": "Sequential Scan",
                                                  "Projections": [
                                                    "cp_catalog_page_sk",
                                                    "cp_catalog_page_id"
                                                  ],
                                                  "Filters": "cp_catalog_page_sk<=10101",
                                                  "Estimated Cardinality": "12000"
                                                },
                                                "cumulative_cardinality": 0,
                                                "operator_type": "TABLE_SCAN",
                                                "operator_cardinality": 10101,
                                                "cumulative_rows_scanned": 0,
                                                "operator_rows_scanned": 12000,
                                                "operator_timing": 0.00024333599999999998,
                                                "children": []
                                              }
                                            ]
                                          }
                                        ]
                                      }
                                    ]
                                  }
                                ]
                              }
                            ]
                          },
                          {
                            "total_bytes_written": 0,
                            "total_bytes_read": 0,
                            "result_set_size": 1680,
                            "operator_name": "PROJECTION",
                            "cpu_time": 0.0,
                            "extra_info": {
                              "Projections": [
                                "channel",
                                "id",
                                "sales",
                                "returns",
                                "profit"
                              ],
                              "Estimated Cardinality": "49067"
                            },
                            "cumulative_cardinality": 0,
                            "operator_type": "PROJECTION",
                            "operator_cardinality": 21,
                            "cumulative_rows_scanned": 0,
                            "operator_rows_scanned": 0,
                            "operator_timing": 0.00015300899999999998,
                            "children": [
                              {
                                "total_bytes_written": 0,
                                "total_bytes_read": 0,
                                "result_set_size": 1344,
                                "operator_name": "HASH_GROUP_BY",
                                "cpu_time": 0.0,
                                "extra_info": {
                                  "Groups": "#0",
                                  "Aggregates": [
                                    "sum(#1)",
                                    "sum(#2)",
                                    "sum(#3)"
                                  ],
                                  "Estimated Cardinality": "49067"
                                },
                                "cumulative_cardinality": 0,
                                "operator_type": "HASH_GROUP_BY",
                                "operator_cardinality": 21,
                                "cumulative_rows_scanned": 0,
                                "operator_rows_scanned": 0,
                                "operator_timing": 0.008348386,
                                "children": [
                                  {
                                    "total_bytes_written": 0,
                                    "total_bytes_read": 0,
                                    "result_set_size": 313272,
                                    "operator_name": "PROJECTION",
                                    "cpu_time": 0.0,
                                    "extra_info": {
                                      "Projections": [
                                        "web_site_id",
                                        "ws_ext_sales_price",
                                        "COALESCE(CAST(wr_return_amt AS DECIMAL(12,2)), 0.00)",
                                        "(CAST(ws_net_profit AS DECIMAL(13,2)) - COALESCE(CAST(wr_net_loss AS DECIMAL(12,2)), 0.00))"
                                      ],
                                      "Estimated Cardinality": "57176"
                                    },
                                    "cumulative_cardinality": 0,
                                    "operator_type": "PROJECTION",
                                    "operator_cardinality": 8702,
                                    "cumulative_rows_scanned": 0,
                                    "operator_rows_scanned": 0,
                                    "operator_timing": 0.0013695860000000001,
                                    "children": [
                                      {
                                        "total_bytes_written": 0,
                                        "total_bytes_read": 0,
                                        "result_set_size": 278464,
                                        "operator_name": "HASH_JOIN",
                                        "cpu_time": 0.0,
                                        "extra_info": {
                                          "Join Type": "INNER",
                                          "Conditions": "ws_web_site_sk = web_site_sk",
                                          "Estimated Cardinality": "57176"
                                        },
                                        "cumulative_cardinality": 0,
                                        "operator_type": "HASH_JOIN",
                                        "operator_cardinality": 8702,
                                        "cumulative_rows_scanned": 0,
                                        "operator_rows_scanned": 0,
                                        "operator_timing": 0.000513438,
                                        "children": [
                                          {
                                            "total_bytes_written": 0,
                                            "total_bytes_read": 0,
                                            "result_set_size": 208848,
                                            "operator_name": "HASH_JOIN",
                                            "cpu_time": 0.0,
                                            "extra_info": {
                                              "Join Type": "INNER",
                                              "Conditions": "ws_item_sk = i_item_sk",
                                              "Estimated Cardinality": "58537"
                                            },
                                            "cumulative_cardinality": 0,
                                            "operator_type": "HASH_JOIN",
                                            "operator_cardinality": 8702,
                                            "cumulative_rows_scanned": 0,
                                            "operator_rows_scanned": 0,
                                            "operator_timing": 0.004797139000000001,
                                            "children": [
                                              {
                                                "total_bytes_written": 0,
                                                "total_bytes_read": 0,
                                                "result_set_size": 4344200,
                                                "operator_name": "HASH_JOIN",
                                                "cpu_time": 0.0,
                                                "extra_info": {
                                                  "Join Type": "INNER",
                                                  "Conditions": "ws_sold_date_sk = d_date_sk",
                                                  "Estimated Cardinality": "276814"
                                                },
                                                "cumulative_cardinality": 0,
                                                "operator_type": "HASH_JOIN",
                                                "operator_cardinality": 155150,
                                                "cumulative_rows_scanned": 0,
                                                "operator_rows_scanned": 0,
                                                "operator_timing": 0.002311133,
                                                "children": [
                                                  {
                                                    "total_bytes_written": 0,
                                                    "total_bytes_read": 0,
                                                    "result_set_size": 4964800,
                                                    "operator_name": "HASH_JOIN",
                                                    "cpu_time": 0.0,
                                                    "extra_info": {
                                                      "Join Type": "INNER",
                                                      "Conditions": "ws_promo_sk = p_promo_sk",
                                                      "Estimated Cardinality": "1384147"
                                                    },
                                                    "cumulative_cardinality": 0,
                                                    "operator_type": "HASH_JOIN",
                                                    "operator_cardinality": 155150,
                                                    "cumulative_rows_scanned": 0,
                                                    "operator_rows_scanned": 0,
                                                    "operator_timing": 0.0028796639999999992,
                                                    "children": [
                                                      {
                                                        "total_bytes_written": 0,
                                                        "total_bytes_read": 0,
                                                        "result_set_size": 5043360,
                                                        "operator_name": "HASH_JOIN",
                                                        "cpu_time": 0.0,
                                                        "extra_info": {
                                                          "Join Type": "LEFT",
                                                          "Conditions": [
                                                            "ws_item_sk = wr_item_sk",
                                                            "ws_order_number = wr_order_number"
                                                          ],
                                                          "Estimated Cardinality": "7197566"
                                                        },
                                                        "cumulative_cardinality": 0,
                                                        "operator_type": "HASH_JOIN",
                                                        "operator_cardinality": 157605,
                                                        "cumulative_rows_scanned": 0,
                                                        "operator_rows_scanned": 0,
                                                        "operator_timing": 0.14195934600000001,
                                                        "children": [
                                                          {
                                                            "total_bytes_written": 0,
                                                            "total_bytes_read": 0,
                                                            "result_set_size": 4412940,
                                                            "operator_name": "SEQ_SCAN ",
                                                            "cpu_time": 0.0,
                                                            "extra_info": {
                                                              "Table": "web_sales",
                                                              "Type": "Sequential Scan",
                                                              "Projections": [
                                                                "ws_item_sk",
                                                                "ws_order_number",
                                                                "ws_sold_date_sk",
                                                                "ws_web_site_sk",
                                                                "ws_promo_sk",
                                                                "ws_ext_sales_price",
                                                                "ws_net_profit"
                                                              ],
                                                              "Estimated Cardinality": "7197566"
                                                            },
                                                            "cumulative_cardinality": 0,
                                                            "operator_type": "TABLE_SCAN",
                                                            "operator_cardinality": 157605,
                                                            "cumulative_rows_scanned": 0,
                                                            "operator_rows_scanned": 86370792,
                                                            "operator_timing": 0.10149647499999997,
                                                            "children": []
                                                          },
                                                          {
                                                            "total_bytes_written": 0,
                                                            "total_bytes_read": 0,
                                                            "result_set_size": 11507552,
                                                            "operator_name": "SEQ_SCAN ",
                                                            "cpu_time": 0.0,
                                                            "extra_info": {
                                                              "Table": "web_returns",
                                                              "Type": "Sequential Scan",
                                                              "Projections": [
                                                                "wr_item_sk",
                                                                "wr_order_number",
                                                                "wr_return_amt",
                                                                "wr_net_loss"
                                                              ],
                                                              "Estimated Cardinality": "719222"
                                                            },
                                                            "cumulative_cardinality": 0,
                                                            "operator_type": "TABLE_SCAN",
                                                            "operator_cardinality": 719222,
                                                            "cumulative_rows_scanned": 0,
                                                            "operator_rows_scanned": 4315332,
                                                            "operator_timing": 0.004243977000000001,
                                                            "children": []
                                                          }
                                                        ]
                                                      },
                                                      {
                                                        "total_bytes_written": 0,
                                                        "total_bytes_read": 0,
                                                        "result_set_size": 1968,
                                                        "operator_name": "SEQ_SCAN ",
                                                        "cpu_time": 0.0,
                                                        "extra_info": {
                                                          "Table": "promotion",
                                                          "Type": "Sequential Scan",
                                                          "Projections": "p_promo_sk",
                                                          "Filters": "p_channel_tv='N'",
                                                          "Estimated Cardinality": "100"
                                                        },
                                                        "cumulative_cardinality": 0,
                                                        "operator_type": "TABLE_SCAN",
                                                        "operator_cardinality": 492,
                                                        "cumulative_rows_scanned": 0,
                                                        "operator_rows_scanned": 500,
                                                        "operator_timing": 2.2399e-05,
                                                        "children": []
                                                      }
                                                    ]
                                                  },
                                                  {
                                                    "total_bytes_written": 0,
                                                    "total_bytes_read": 0,
                                                    "result_set_size": 124,
                                                    "operator_name": "FILTER",
                                                    "cpu_time": 0.0,
                                                    "extra_info": {
                                                      "Expression": "(d_date_sk BETWEEN 2450816 AND 2452642)",
                                                      "Estimated Cardinality": "14609"
                                                    },
                                                    "cumulative_cardinality": 0,
                                                    "operator_type": "FILTER",
                                                    "operator_cardinality": 31,
                                                    "cumulative_rows_scanned": 0,
                                                    "operator_rows_scanned": 0,
                                                    "operator_timing": 2.6609000000000002e-05,
                                                    "children": [
                                                      {
                                                        "total_bytes_written": 0,
                                                        "total_bytes_read": 0,
                                                        "result_set_size": 124,
                                                        "operator_name": "SEQ_SCAN ",
                                                        "cpu_time": 0.0,
                                                        "extra_info": {
                                                          "Table": "date_dim",
                                                          "Type": "Sequential Scan",
                                                          "Projections": "d_date_sk",
                                                          "Filters": "(CAST(d_date AS TIMESTAMP) BETWEEN '1998-08-28 00:00:00'::TIMESTAMP AND '1998-09-27 00:00:00'::TIMESTAMP)",
                                                          "Estimated Cardinality": "14609"
                                                        },
                                                        "cumulative_cardinality": 0,
                                                        "operator_type": "TABLE_SCAN",
                                                        "operator_cardinality": 31,
                                                        "cumulative_rows_scanned": 0,
                                                        "operator_rows_scanned": 73049,
                                                        "operator_timing": 0.000874068,
                                                        "children": []
                                                      }
                                                    ]
                                                  }
                                                ]
                                              },
                                              {
                                                "total_bytes_written": 0,
                                                "total_bytes_read": 0,
                                                "result_set_size": 22764,
                                                "operator_name": "SEQ_SCAN ",
                                                "cpu_time": 0.0,
                                                "extra_info": {
                                                  "Table": "item",
                                                  "Type": "Sequential Scan",
                                                  "Projections": "i_item_sk",
                                                  "Filters": "i_current_price>50.00",
                                                  "Estimated Cardinality": "20400"
                                                },
                                                "cumulative_cardinality": 0,
                                                "operator_type": "TABLE_SCAN",
                                                "operator_cardinality": 5691,
                                                "cumulative_rows_scanned": 0,
                                                "operator_rows_scanned": 102000,
                                                "operator_timing": 0.0005341559999999999,
                                                "children": []
                                              }
                                            ]
                                          },
                                          {
                                            "total_bytes_written": 0,
                                            "total_bytes_read": 0,
                                            "result_set_size": 840,
                                            "operator_name": "SEQ_SCAN ",
                                            "cpu_time": 0.0,
                                            "extra_info": {
                                              "Table": "web_site",
                                              "Type": "Sequential Scan",
                                              "Projections": [
                                                "web_site_sk",
                                                "web_site_id"
                                              ],
                                              "Estimated Cardinality": "42"
                                            },
                                            "cumulative_cardinality": 0,
                                            "operator_type": "TABLE_SCAN",
                                            "operator_cardinality": 42,
                                            "cumulative_rows_scanned": 0,
                                            "operator_rows_scanned": 42,
                                            "operator_timing": 1.2285999999999999e-05,
                                            "children": []
                                          }
                                        ]
                                      }
                                    ]
                                  }
                                ]
                              }
                            ]
                          }
                        ]
                      }
                    ]
                  }
                ]
              }
            ]
          }
        ]
      }
    ]
  }
}