{
  "benchmark": "tpcds",
  "query_id": "query_64",
  "source_sql": "/mnt/d/TPC-DS/queries_duckdb_converted/query_64.sql",
  "database": "/mnt/d/TPC-DS/tpcds_sf10.duckdb",
  "statement_count": 1,
  "client_elapsed_ms": 416.429208999034,
  "execution_time_ms": 0.0,
  "plan_json": {
    "total_bytes_written": 0,
    "total_bytes_read": 0,
    "rows_returned": 0,
    "latency": 0.0,
    "result_set_size": 0,
    "query_name": "",
    "blocked_thread_time": 0.0,
    "system_peak_buffer_memory": 0,
    "system_peak_temp_dir_size": 0,
    "cpu_time": 0.0,
    "extra_info": {},
    "cumulative_cardinality": 0,
    "cumulative_rows_scanned": 0,
    "children": [
      {
        "total_bytes_written": 0,
        "total_bytes_read": 0,
        "result_set_size": 0,
        "operator_name": "EXPLAIN_ANALYZE",
        "cpu_time": 0.0,
        "extra_info": {},
        "cumulative_cardinality": 0,
        "operator_type": "EXPLAIN_ANALYZE",
        "operator_cardinality": 0,
        "cumulative_rows_scanned": 0,
        "operator_rows_scanned": 0,
        "operator_timing": 3.57e-07,
        "children": [
          {
            "total_bytes_written": 0,
            "total_bytes_read": 0,
            "result_set_size": 0,
            "operator_name": "CTE",
            "cpu_time": 0.0,
            "extra_info": {
              "CTE Name": "cross_sales",
              "Table Index": "9",
              "Estimated Cardinality": "39833"
            },
            "cumulative_cardinality": 0,
            "operator_type": "CTE",
            "operator_cardinality": 0,
            "cumulative_rows_scanned": 0,
            "operator_rows_scanned": 0,
            "operator_timing": 0.000177095,
            "children": [
              {
                "total_bytes_written": 0,
                "total_bytes_read": 0,
                "result_set_size": 24552,
                "operator_name": "PROJECTION",
                "cpu_time": 0.0,
                "extra_info": {
                  "Projections": [
                    "#0",
                    "#1",
                    "__internal_decompress_string(#2)",
                    "__internal_decompress_string(#3)",
                    "__internal_decompress_string(#4)",
                    "#5",
                    "#6",
                    "__internal_decompress_string(#7)",
                    "__internal_decompress_string(#8)",
                    "#9",
                    "#10",
                    "__internal_decompress_string(#11)",
                    "__internal_decompress_integral_integer(#12, 1900)",
                    "__internal_decompress_integral_integer(#13, 1900)",
                    "__internal_decompress_integral_integer(#14, 1900)",
                    "#15",
                    "#16",
                    "#17",
                    "#18"
                  ],
                  "Estimated Cardinality": "294843"
                },
                "cumulative_cardinality": 0,
                "operator_type": "PROJECTION",
                "operator_cardinality": 99,
                "cumulative_rows_scanned": 0,
                "operator_rows_scanned": 0,
                "operator_timing": 0.00017199300000000003,
                "children": [
                  {
                    "total_bytes_written": 0,
                    "total_bytes_read": 0,
                    "result_set_size": 18909,
                    "operator_name": "HASH_GROUP_BY",
                    "cpu_time": 0.0,
                    "extra_info": {
                      "Groups": [
                        "#0",
                        "#1",
                        "#2",
                        "#3",
                        "#4",
                        "#5",
                        "#6",
                        "#7",
                        "#8",
                        "#9",
                        "#10",
                        "#11",
                        "#12",
                        "#13",
                        "#14"
                      ],
                      "Aggregates": [
                        "count_star()",
                        "sum(#15)",
                        "sum(#16)",
                        "sum(#17)"
                      ],
                      "Estimated Cardinality": "294843"
                    },
                    "cumulative_cardinality": 0,
                    "operator_type": "HASH_GROUP_BY",
                    "operator_cardinality": 99,
                    "cumulative_rows_scanned": 0,
                    "operator_rows_scanned": 0,
                    "operator_timing": 0.005422148000000001,
                    "children": [
                      {
                        "total_bytes_written": 0,
                        "total_bytes_read": 0,
                        "result_set_size": 14553,
                        "operator_name": "PROJECTION",
                        "cpu_time": 0.0,
                        "extra_info": {
                          "Projections": [
                            "i_product_name",
                            "i_item_sk",
                            "s_store_name",
                            "s_zip",
                            "ca_street_number",
                            "ca_street_name",
                            "ca_city",
                            "ca_zip",
                            "ca_street_number",
                            "ca_street_name",
                            "ca_city",
                            "ca_zip",
                            "d_year",
                            "d_year",
                            "d_year",
                            "ss_wholesale_cost",
                            "ss_list_price",
                            "ss_coupon_amt"
                          ],
                          "Estimated Cardinality": "294843"
                        },
                        "cumulative_cardinality": 0,
                        "operator_type": "PROJECTION",
                        "operator_cardinality": 99,
                        "cumulative_rows_scanned": 0,
                        "operator_rows_scanned": 0,
                        "operator_timing": 3.1411e-05,
                        "children": [
                          {
                            "total_bytes_written": 0,
                            "total_bytes_read": 0,
                            "result_set_size": 14553,
                            "operator_name": "PROJECTION",
                            "cpu_time": 0.0,
                            "extra_info": {
                              "Projections": [
                                "__internal_compress_string_ubigint(#8)",
                                "#9",
                                "#10",
                                "__internal_compress_string_ubigint(#11)",
                                "__internal_compress_string_ubigint(#6)",
                                "__internal_compress_string_ubigint(#7)",
                                "__internal_compress_integral_utinyint(#5, 1900)",
                                "#0",
                                "#1",
                                "#2",
                                "#3",
                                "#4",
                                "__internal_compress_integral_utinyint(#17, 1900)",
                                "__internal_compress_integral_utinyint(#16, 1900)",
                                "__internal_compress_string_ubigint(#12)",
                                "#13",
                                "#14",
                                "__internal_compress_string_ubigint(#15)"
                              ],
                              "Estimated Cardinality": "294843"
                            },
                            "cumulative_cardinality": 0,
                            "operator_type": "PROJECTION",
                            "operator_cardinality": 99,
                            "cumulative_rows_scanned": 0,
                            "operator_rows_scanned": 0,
                            "operator_timing": 0.000144982,
                            "children": [
                              {
                                "total_bytes_written": 0,
                                "total_bytes_read": 0,
                                "result_set_size": 20196,
                                "operator_name": "HASH_JOIN",
                                "cpu_time": 0.0,
                                "extra_info": {
                                  "Join Type": "INNER",
                                  "Conditions": [
                                    "ss_customer_sk = c_customer_sk",
                                    "cd_marital_status != cd_marital_status"
                                  ],
                                  "Estimated Cardinality": "294843"
                                },
                                "cumulative_cardinality": 0,
                                "operator_type": "HASH_JOIN",
                                "operator_cardinality": 99,
                                "cumulative_rows_scanned": 0,
                                "operator_rows_scanned": 0,
                                "operator_timing": 0.28874260299999993,
                                "children": [
                                  {
                                    "total_bytes_written": 0,
                                    "total_bytes_read": 0,
                                    "result_set_size": 21128,
                                    "operator_name": "HASH_JOIN",
                                    "cpu_time": 0.0,
                                    "extra_info": {
                                      "Join Type": "INNER",
                                      "Conditions": "ss_addr_sk = ca_address_sk",
                                      "Estimated Cardinality": "753910"
                                    },
                                    "cumulative_cardinality": 0,
                                    "operator_type": "HASH_JOIN",
                                    "operator_cardinality": 139,
                                    "cumulative_rows_scanned": 0,
                                    "operator_rows_scanned": 0,
                                    "operator_timing": 0.02808303799999999,
                                    "children": [
                                      {
                                        "total_bytes_written": 0,
                                        "total_bytes_read": 0,
                                        "result_set_size": 12788,
                                        "operator_name": "HASH_JOIN",
                                        "cpu_time": 0.0,
                                        "extra_info": {
                                          "Join Type": "INNER",
                                          "Conditions": "ss_store_sk = s_store_sk",
                                          "Estimated Cardinality": "662868"
                                        },
                                        "cumulative_cardinality": 0,
                                        "operator_type": "HASH_JOIN",
                                        "operator_cardinality": 139,
                                        "cumulative_rows_scanned": 0,
                                        "operator_rows_scanned": 0,
                                        "operator_timing": 0.000504742,
                                        "children": [
                                          {
                                            "total_bytes_written": 0,
                                            "total_bytes_read": 0,
                                            "result_set_size": 8896,
                                            "operator_name": "HASH_JOIN",
                                            "cpu_time": 0.0,
                                            "extra_info": {
                                              "Join Type": "INNER",
                                              "Conditions": "cd_demo_sk = ss_cdemo_sk",
                                              "Estimated Cardinality": "649870"
                                            },
                                            "cumulative_cardinality": 0,
                                            "operator_type": "HASH_JOIN",
                                            "operator_cardinality": 139,
                                            "cumulative_rows_scanned": 0,
                                            "operator_rows_scanned": 0,
                                            "operator_timing": 0.009471049,
                                            "children": [
                                              {
                                                "total_bytes_written": 0,
                                                "total_bytes_read": 0,
                                                "result_set_size": 37982860,
                                                "operator_name": "SEQ_SCAN ",
                                                "cpu_time": 0.0,
                                                "extra_info": {
                                                  "Table": "customer_demographics",
                                                  "Type": "Sequential Scan",
                                                  "Projections": [
                                                    "cd_demo_sk",
                                                    "cd_marital_status"
                                                  ],
                                                  "Estimated Cardinality": "1920800"
                                                },
                                                "cumulative_cardinality": 0,
                                                "operator_type": "TABLE_SCAN",
                                                "operator_cardinality": 1899143,
                                                "cumulative_rows_scanned": 0,
                                                "operator_rows_scanned": 23049600,
                                                "operator_timing": 0.0041702829999999995,
                                                "children": []
                                              },
                                              {
                                                "total_bytes_written": 0,
                                                "total_bytes_read": 0,
                                                "result_set_size": 8340,
                                                "operator_name": "HASH_JOIN",
                                                "cpu_time": 0.0,
                                                "extra_info": {
                                                  "Join Type": "INNER",
                                                  "Conditions": "ss_hdemo_sk = hd_demo_sk",
                                                  "Estimated Cardinality": "649870"
                                                },
                                                "cumulative_cardinality": 0,
                                                "operator_type": "HASH_JOIN",
                                                "operator_cardinality": 139,
                                                "cumulative_rows_scanned": 0,
                                                "operator_rows_scanned": 0,
                                                "operator_timing": 0.000580497,
                                                "children": [
                                                  {
                                                    "total_bytes_written": 0,
                                                    "total_bytes_read": 0,
                                                    "result_set_size": 8340,
                                                    "operator_name": "HASH_JOIN",
                                                    "cpu_time": 0.0,
                                                    "extra_info": {
                                                      "Join Type": "INNER",
                                                      "Conditions": "ss_promo_sk = p_promo_sk",
                                                      "Estimated Cardinality": "682364"
                                                    },
                                                    "cumulative_cardinality": 0,
                                                    "operator_type": "HASH_JOIN",
                                                    "operator_cardinality": 139,
                                                    "cumulative_rows_scanned": 0,
                                                    "operator_rows_scanned": 0,
                                                    "operator_timing": 0.0008941029999999998,
                                                    "children": [
                                                      {
                                                        "total_bytes_written": 0,
                                                        "total_bytes_read": 0,
                                                        "result_set_size": 8340,
                                                        "operator_name": "HASH_JOIN",
                                                        "cpu_time": 0.0,
                                                        "extra_info": {
                                                          "Join Type": "INNER",
                                                          "Conditions": "ss_sold_date_sk = d_date_sk",
                                                          "Estimated Cardinality": "709658"
                                                        },
                                                        "cumulative_cardinality": 0,
                                                        "operator_type": "HASH_JOIN",
                                                        "operator_cardinality": 139,
                                                        "cumulative_rows_scanned": 0,
                                                        "operator_rows_scanned": 0,
                                                        "operator_timing": 0.000992725,
                                                        "children": [
                                                          {
                                                            "total_bytes_written": 0,
                                                            "total_bytes_read": 0,
                                                            "result_set_size": 8340,
                                                            "operator_name": "HASH_JOIN",
                                                            "cpu_time": 0.0,
                                                            "extra_info": {
                                                              "Join Type": "INNER",
                                                              "Conditions": [
                                                                "ss_item_sk = i_item_sk",
                                                                "ss_ticket_number = sr_ticket_number"
                                                              ],
                                                              "Estimated Cardinality": "1774243"
                                                            },
                                                            "cumulative_cardinality": 0,
                                                            "operator_type": "HASH_JOIN",
                                                            "operator_cardinality": 139,
                                                            "cumulative_rows_scanned": 0,
                                                            "operator_rows_scanned": 0,
                                                            "operator_timing": 0.19718477200000006,
                                                            "children": [
                                                              {
                                                                "total_bytes_written": 0,
                                                                "total_bytes_read": 0,
                                                                "result_set_size": 496650048,
                                                                "operator_name": "SEQ_SCAN ",
                                                                "cpu_time": 0.0,
                                                                "extra_info": {
                                                                  "Table": "store_sales",
                                                                  "Type": "Sequential Scan",
                                                                  "Projections": [
                                                                    "ss_store_sk",
                                                                    "ss_sold_date_sk",
                                                                    "ss_customer_sk",
                                                                    "ss_cdemo_sk",
                                                                    "ss_hdemo_sk",
                                                                    "ss_addr_sk",
                                                                    "ss_item_sk",
                                                                    "ss_ticket_number",
                                                                    "ss_promo_sk",
                                                                    "ss_wholesale_cost",
                                                                    "ss_list_price",
                                                                    "ss_coupon_amt"
                                                                  ],
                                                                  "Filters": "ss_ticket_number<=2399999",
                                                                  "Estimated Cardinality": "28800991"
                                                                },
                                                                "cumulative_cardinality": 0,
                                                                "operator_type": "TABLE_SCAN",
                                                                "operator_cardinality": 10346876,
                                                                "cumulative_rows_scanned": 0,
                                                                "operator_rows_scanned": 345611892,
                                                                "operator_timing": 1.0737162530000006,
                                                                "children": []
                                                              },
                                                              {
                                                                "total_bytes_written": 0,
                                                                "total_bytes_read": 0,
                                                                "result_set_size": 14568,
                                                                "operator_name": "HASH_JOIN",
                                                                "cpu_time": 0.0,
                                                                "extra_info": {
                                                                  "Join Type": "INNER",
                                                                  "Conditions": "sr_item_sk = i_item_sk",
                                                                  "Estimated Cardinality": "57809"
                                                                },
                                                                "cumulative_cardinality": 0,
                                                                "operator_type": "HASH_JOIN",
                                                                "operator_cardinality": 607,
                                                                "cumulative_rows_scanned": 0,
                                                                "operator_rows_scanned": 0,
                                                                "operator_timing": 0.009873365999999998,
                                                                "children": [
                                                                  {
                                                                    "total_bytes_written": 0,
                                                                    "total_bytes_read": 0,
                                                                    "result_set_size": 22644840,
                                                                    "operator_name": "SEQ_SCAN ",
                                                                    "cpu_time": 0.0,
                                                                    "extra_info": {
                                                                      "Table": "store_returns",
                                                                      "Type": "Sequential Scan",
                                                                      "Projections": [
                                                                        "sr_item_sk",
                                                                        "sr_ticket_number"
                                                                      ],
                                                                      "Estimated Cardinality": "2877532"
                                                                    },
                                                                    "cumulative_cardinality": 0,
                                                                    "operator_type": "TABLE_SCAN",
                                                                    "operator_cardinality": 2830605,
                                                                    "cumulative_rows_scanned": 0,
                                                                    "operator_rows_scanned": 34530384,
                                                                    "operator_timing": 0.012843073,
                                                                    "children": []
                                                                  },
                                                                  {
                                                                    "total_bytes_written": 0,
                                                                    "total_bytes_read": 0,
                                                                    "result_set_size": 380,
                                                                    "operator_name": "HASH_JOIN",
                                                                    "cpu_time": 0.0,
                                                                    "extra_info": {
                                                                      "Join Type": "INNER",
                                                                      "Conditions": "cs_item_sk = i_item_sk",
                                                                      "Estimated Cardinality": "3969"
                                                                    },
                                                                    "cumulative_cardinality": 0,
                                                                    "operator_type": "HASH_JOIN",
                                                                    "operator_cardinality": 19,
                                                                    "cumulative_rows_scanned": 0,
                                                                    "operator_rows_scanned": 0,
                                                                    "operator_timing": 0.000917517,
                                                                    "children": [
                                                                      {
                                                                        "total_bytes_written": 0,
                                                                        "total_bytes_read": 0,
                                                                        "result_set_size": 395048,
                                                                        "operator_name": "PROJECTION",
                                                                        "cpu_time": 0.0,
                                                                        "extra_info": {
                                                                          "Projections": "#0",
                                                                          "Estimated Cardinality": "96135"
                                                                        },
                                                                        "cumulative_cardinality": 0,
                                                                        "operator_type": "PROJECTION",
                                                                        "operator_cardinality": 98762,
                                                                        "cumulative_rows_scanned": 0,
                                                                        "operator_rows_scanned": 0,
                                                                        "operator_timing": 5.3060000000000004e-05,
                                                                        "children": [
                                                                          {
                                                                            "total_bytes_written": 0,
                                                                            "total_bytes_read": 0,
                                                                            "result_set_size": 3555432,
                                                                            "operator_name": "FILTER",
                                                                            "cpu_time": 0.0,
                                                                            "extra_info": {
                                                                              "Expression": "(sum(cs_ext_list_price) > (2 * sum(((cr_refunded_cash + cr_reversed_charge) + cr_store_credit))))",
                                                                              "Estimated Cardinality": "96135"
                                                                            },
                                                                            "cumulative_cardinality": 0,
                                                                            "operator_type": "FILTER",
                                                                            "operator_cardinality": 98762,
                                                                            "cumulative_rows_scanned": 0,
                                                                            "operator_rows_scanned": 0,
                                                                            "operator_timing": 0.002987391,
                                                                            "children": [
                                                                              {
                                                                                "total_bytes_written": 0,
                                                                                "total_bytes_read": 0,
                                                                                "result_set_size": 3609864,
                                                                                "operator_name": "HASH_GROUP_BY",
                                                                                "cpu_time": 0.0,
                                                                                "extra_info": {
                                                                                  "Groups": "#0",
                                                                                  "Aggregates": [
                                                                                    "sum(#1)",
                                                                                    "sum(#2)"
                                                                                  ],
                                                                                  "Estimated Cardinality": "96135"
                                                                                },
                                                                                "cumulative_cardinality": 0,
                                                                                "operator_type": "HASH_GROUP_BY",
                                                                                "operator_cardinality": 100274,
                                                                                "cumulative_rows_scanned": 0,
                                                                                "operator_rows_scanned": 0,
                                                                                "operator_timing": 0.545955261,
                                                                                "children": [
                                                                                  {
                                                                                    "total_bytes_written": 0,
                                                                                    "total_bytes_read": 0,
                                                                                    "result_set_size": 17013072,
                                                                                    "operator_name": "PROJECTION",
                                                                                    "cpu_time": 0.0,
                                                                                    "extra_info": {
                                                                                      "Projections": [
                                                                                        "cs_item_sk",
                                                                                        "cs_ext_list_price",
                                                                                        "((cr_refunded_cash + cr_reversed_charge) + cr_store_credit)"
                                                                                      ],
                                                                                      "Estimated Cardinality": "18326778"
                                                                                    },
                                                                                    "cumulative_cardinality": 0,
                                                                                    "operator_type": "PROJECTION",
                                                                                    "operator_cardinality": 1417756,
                                                                                    "cumulative_rows_scanned": 0,
                                                                                    "operator_rows_scanned": 0,
                                                                                    "operator_timing": 0.041448069,
                                                                                    "children": [
                                                                                      {
                                                                                        "total_bytes_written": 0,
                                                                                        "total_bytes_read": 0,
                                                                                        "result_set_size": 28355120,
                                                                                        "operator_name": "HASH_JOIN",
                                                                                        "cpu_time": 0.0,
                                                                                        "extra_info": {
                                                                                          "Join Type": "INNER",
                                                                                          "Conditions": [
                                                                                            "cs_item_sk = cr_item_sk",
                                                                                            "cs_order_number = cr_order_number"
                                                                                          ],
                                                                                          "Estimated Cardinality": "18326778"
                                                                                        },
                                                                                        "cumulative_cardinality": 0,
                                                                                        "operator_type": "HASH_JOIN",
                                                                                        "operator_cardinality": 1417756,
                                                                                        "cumulative_rows_scanned": 0,
                                                                                        "operator_rows_scanned": 0,
                                                                                        "operator_timing": 1.1456994569999994,
                                                                                        "children": [
                                                                                          {
                                                                                            "total_bytes_written": 0,
                                                                                            "total_bytes_read": 0,
                                                                                            "result_set_size": 170006580,
                                                                                            "operator_name": "SEQ_SCAN ",
                                                                                            "cpu_time": 0.0,
                                                                                            "extra_info": {
                                                                                              "Table": "catalog_sales",
                                                                                              "Type": "Sequential Scan",
                                                                                              "Projections": [
                                                                                                "cs_item_sk",
                                                                                                "cs_order_number",
                                                                                                "cs_ext_list_price"
                                                                                              ],
                                                                                              "Filters": "cs_order_number>=2",
                                                                                              "Estimated Cardinality": "14401261"
                                                                                            },
                                                                                            "cumulative_cardinality": 0,
                                                                                            "operator_type": "TABLE_SCAN",
                                                                                            "operator_cardinality": 14167215,
                                                                                            "cumulative_rows_scanned": 0,
                                                                                            "operator_rows_scanned": 172815132,
                                                                                            "operator_timing": 0.24105456000000008,
                                                                                            "children": []
                                                                                          },
                                                                                          {
                                                                                            "total_bytes_written": 0,
                                                                                            "total_bytes_read": 0,
                                                                                            "result_set_size": 28824480,
                                                                                            "operator_name": "SEQ_SCAN ",
                                                                                            "cpu_time": 0.0,
                                                                                            "extra_info": {
                                                                                              "Table": "catalog_returns",
                                                                                              "Type": "Sequential Scan",
                                                                                              "Projections": [
                                                                                                "cr_item_sk",
                                                                                                "cr_order_number",
                                                                                                "cr_refunded_cash",
                                                                                                "cr_reversed_charge",
                                                                                                "cr_store_credit"
                                                                                              ],
                                                                                              "Estimated Cardinality": "1441224"
                                                                                            },
                                                                                            "cumulative_cardinality": 0,
                                                                                            "operator_type": "TABLE_SCAN",
                                                                                            "operator_cardinality": 1441224,
                                                                                            "cumulative_rows_scanned": 0,
                                                                                            "operator_rows_scanned": 17294688,
                                                                                            "operator_timing": 0.008784900000000002,
                                                                                            "children": []
                                                                                          }
                                                                                        ]
                                                                                      }
                                                                                    ]
                                                                                  }
                                                                                ]
                                                                              }
                                                                            ]
                                                                          }
                                                                        ]
                                                                      },
                                                                      {
                                                                        "total_bytes_written": 0,
                                                                        "total_bytes_read": 0,
                                                                        "result_set_size": 380,
                                                                        "operator_name": "PROJECTION",
                                                                        "cpu_time": 0.0,
                                                                        "extra_info": {
                                                                          "Projections": [
                                                                            "#0",
                                                                            "#1"
                                                                          ],
                                                                          "Estimated Cardinality": "4080"
                                                                        },
                                                                        "cumulative_cardinality": 0,
                                                                        "operator_type": "PROJECTION",
                                                                        "operator_cardinality": 19,
                                                                        "cumulative_rows_scanned": 0,
                                                                        "operator_rows_scanned": 0,
                                                                        "operator_timing": 1.197e-06,
                                                                        "children": [
                                                                          {
                                                                            "total_bytes_written": 0,
                                                                            "total_bytes_read": 0,
                                                                            "result_set_size": 399,
                                                                            "operator_name": "FILTER",
                                                                            "cpu_time": 0.0,
                                                                            "extra_info": {
                                                                              "Expression": "IN (...)",
                                                                              "Estimated Cardinality": "4080"
                                                                            },
                                                                            "cumulative_cardinality": 0,
                                                                            "operator_type": "FILTER",
                                                                            "operator_cardinality": 19,
                                                                            "cumulative_rows_scanned": 0,
                                                                            "operator_rows_scanned": 0,
                                                                            "operator_timing": 2.0455e-05,
                                                                            "children": [
                                                                              {
                                                                                "total_bytes_written": 0,
                                                                                "total_bytes_read": 0,
                                                                                "result_set_size": 22890,
                                                                                "operator_name": "HASH_JOIN",
                                                                                "cpu_time": 0.0,
                                                                                "extra_info": {
                                                                                  "Join Type": "MARK",
                                                                                  "Conditions": "i_color = #0",
                                                                                  "Estimated Cardinality": "20400"
                                                                                },
                                                                                "cumulative_cardinality": 0,
                                                                                "operator_type": "HASH_JOIN",
                                                                                "operator_cardinality": 1090,
                                                                                "cumulative_rows_scanned": 0,
                                                                                "operator_rows_scanned": 0,
                                                                                "operator_timing": 0.0004829840000000001,
                                                                                "children": [
                                                                                  {
                                                                                    "total_bytes_written": 0,
                                                                                    "total_bytes_read": 0,
                                                                                    "result_set_size": 39240,
                                                                                    "operator_name": "SEQ_SCAN ",
                                                                                    "cpu_time": 0.0,
                                                                                    "extra_info": {
                                                                                      "Table": "item",
                                                                                      "Type": "Sequential Scan",
                                                                                      "Projections": [
                                                                                        "i_item_sk",
                                                                                        "i_color",
                                                                                        "i_product_name"
                                                                                      ],
                                                                                      "Filters": [
                                                                                        "optional: i_color IN ('blanched', 'medium', 'brown', 'chocolate', 'burlywood', 'drab')",
                                                                                        "i_current_price>=24.00 AND i_current_price<=33.00"
                                                                                      ],
                                                                                      "Estimated Cardinality": "20400"
                                                                                    },
                                                                                    "cumulative_cardinality": 0,
                                                                                    "operator_type": "TABLE_SCAN",
                                                                                    "operator_cardinality": 1090,
                                                                                    "cumulative_rows_scanned": 0,
                                                                                    "operator_rows_scanned": 102000,
                                                                                    "operator_timing": 0.0039466069999999995,
                                                                                    "children": []
                                                                                  },
                                                                                  {
                                                                                    "total_bytes_written": 0,
                                                                                    "total_bytes_read": 0,
                                                                                    "result_set_size": 96,
                                                                                    "operator_name": "COLUMN_DATA_SCAN",
                                                                                    "cpu_time": 0.0,
                                                                                    "extra_info": {
                                                                                      "Estimated Cardinality": "0"
                                                                                    },
                                                                                    "cumulative_cardinality": 0,
                                                                                    "operator_type": "COLUMN_DATA_SCAN",
                                                                                    "operator_cardinality": 6,
                                                                                    "cumulative_rows_scanned": 0,
                                                                                    "operator_rows_scanned": 0,
                                                                                    "operator_timing": 6.969999999999999e-06,
                                                                                    "children": []
                                                                                  }
                                                                                ]
                                                                              }
                                                                            ]
                                                                          }
                                                                        ]
                                                                      }
                                                                    ]
                                                                  }
                                                                ]
                                                              }
                                                            ]
                                                          },
                                                          {
                                                            "total_bytes_written": 0,
                                                            "total_bytes_read": 0,
                                                            "result_set_size": 5840,
                                                            "operator_name": "FILTER",
                                                            "cpu_time": 0.0,
                                                            "extra_info": {
                                                              "Expression": "((d_date_sk BETWEEN 2450816 AND 2452642) AND ((d_year = 2001) OR (d_year = 2002)))",
                                                              "Estimated Cardinality": "73049"
                                                            },
                                                            "cumulative_cardinality": 0,
                                                            "operator_type": "FILTER",
                                                            "operator_cardinality": 730,
                                                            "cumulative_rows_scanned": 0,
                                                            "operator_rows_scanned": 0,
                                                            "operator_timing": 0.0003104869999999999,
                                                            "children": [
                                                              {
                                                                "total_bytes_written": 0,
                                                                "total_bytes_read": 0,
                                                                "result_set_size": 584392,
                                                                "operator_name": "SEQ_SCAN ",
                                                                "cpu_time": 0.0,
                                                                "extra_info": {
                                                                  "Table": "date_dim",
                                                                  "Type": "Sequential Scan",
                                                                  "Projections": [
                                                                    "d_date_sk",
                                                                    "d_year"
                                                                  ],
                                                                  "Filters": "optional: d_year=2001 OR d_year=2002",
                                                                  "Estimated Cardinality": "73049"
                                                                },
                                                                "cumulative_cardinality": 0,
                                                                "operator_type": "TABLE_SCAN",
                                                                "operator_cardinality": 73049,
                                                                "cumulative_rows_scanned": 0,
                                                                "operator_rows_scanned": 73049,
                                                                "operator_timing": 9.3612e-05,
                                                                "children": []
                                                              }
                                                            ]
                                                          }
                                                        ]
                                                      },
                                                      {
                                                        "total_bytes_written": 0,
                                                        "total_bytes_read": 0,
                                                        "result_set_size": 2000,
                                                        "operator_name": "SEQ_SCAN ",
                                                        "cpu_time": 0.0,
                                                        "extra_info": {
                                                          "Table": "promotion",
                                                          "Type": "Sequential Scan",
                                                          "Projections": "p_promo_sk",
                                                          "Estimated Cardinality": "500"
                                                        },
                                                        "cumulative_cardinality": 0,
                                                        "operator_type": "TABLE_SCAN",
                                                        "operator_cardinality": 500,
                                                        "cumulative_rows_scanned": 0,
                                                        "operator_rows_scanned": 500,
                                                        "operator_timing": 9.693e-06,
                                                        "children": []
                                                      }
                                                    ]
                                                  },
                                                  {
                                                    "total_bytes_written": 0,
                                                    "total_bytes_read": 0,
                                                    "result_set_size": 57600,
                                                    "operator_name": "HASH_JOIN",
                                                    "cpu_time": 0.0,
                                                    "extra_info": {
                                                      "Join Type": "INNER",
                                                      "Conditions": "hd_income_band_sk = ib_income_band_sk",
                                                      "Estimated Cardinality": "6857"
                                                    },
                                                    "cumulative_cardinality": 0,
                                                    "operator_type": "HASH_JOIN",
                                                    "operator_cardinality": 7200,
                                                    "cumulative_rows_scanned": 0,
                                                    "operator_rows_scanned": 0,
                                                    "operator_timing": 0.00011986000000000001,
                                                    "children": [
                                                      {
                                                        "total_bytes_written": 0,
                                                        "total_bytes_read": 0,
                                                        "result_set_size": 57600,
                                                        "operator_name": "SEQ_SCAN ",
                                                        "cpu_time": 0.0,
                                                        "extra_info": {
                                                          "Table": "household_demographics",
                                                          "Type": "Sequential Scan",
                                                          "Projections": [
                                                            "hd_demo_sk",
                                                            "hd_income_band_sk"
                                                          ],
                                                          "Estimated Cardinality": "7200"
                                                        },
                                                        "cumulative_cardinality": 0,
                                                        "operator_type": "TABLE_SCAN",
                                                        "operator_cardinality": 7200,
                                                        "cumulative_rows_scanned": 0,
                                                        "operator_rows_scanned": 7200,
                                                        "operator_timing": 2.2910000000000003e-05,
                                                        "children": []
                                                      },
                                                      {
                                                        "total_bytes_written": 0,
                                                        "total_bytes_read": 0,
                                                        "result_set_size": 80,
                                                        "operator_name": "SEQ_SCAN ",
                                                        "cpu_time": 0.0,
                                                        "extra_info": {
                                                          "Table": "income_band",
                                                          "Type": "Sequential Scan",
                                                          "Projections": "ib_income_band_sk",
                                                          "Estimated Cardinality": "20"
                                                        },
                                                        "cumulative_cardinality": 0,
                                                        "operator_type": "TABLE_SCAN",
                                                        "operator_cardinality": 20,
                                                        "cumulative_rows_scanned": 0,
                                                        "operator_rows_scanned": 20,
                                                        "operator_timing": 1.6679e-05,
                                                        "children": []
                                                      }
                                                    ]
                                                  }
                                                ]
                                              }
                                            ]
                                          },
                                          {
                                            "total_bytes_written": 0,
                                            "total_bytes_read": 0,
                                            "result_set_size": 3600,
                                            "operator_name": "SEQ_SCAN ",
                                            "cpu_time": 0.0,
                                            "extra_info": {
                                              "Table": "store",
                                              "Type": "Sequential Scan",
                                              "Projections": [
                                                "s_store_sk",
                                                "s_store_name",
                                                "s_zip"
                                              ],
                                              "Filters": "s_store_sk<=100",
                                              "Estimated Cardinality": "102"
                                            },
                                            "cumulative_cardinality": 0,
                                            "operator_type": "TABLE_SCAN",
                                            "operator_cardinality": 100,
                                            "cumulative_rows_scanned": 0,
                                            "operator_rows_scanned": 102,
                                            "operator_timing": 5.4816e-05,
                                            "children": []
                                          }
                                        ]
                                      },
                                      {
                                        "total_bytes_written": 0,
                                        "total_bytes_read": 0,
                                        "result_set_size": 17000000,
                                        "operator_name": "SEQ_SCAN ",
                                        "cpu_time": 0.0,
                                        "extra_info": {
                                          "Table": "customer_address",
                                          "Type": "Sequential Scan",
                                          "Projections": [
                                            "ca_address_sk",
                                            "ca_street_number",
                                            "ca_street_name",
                                            "ca_city",
                                            "ca_zip"
                                          ],
                                          "Estimated Cardinality": "250000"
                                        },
                                        "cumulative_cardinality": 0,
                                        "operator_type": "TABLE_SCAN",
                                        "operator_cardinality": 250000,
                                        "cumulative_rows_scanned": 0,
                                        "operator_rows_scanned": 750000,
                                        "operator_timing": 0.021408961000000004,
                                        "children": []
                                      }
                                    ]
                                  },
                                  {
                                    "total_bytes_written": 0,
                                    "total_bytes_read": 0,
                                    "result_set_size": 42973200,
                                    "operator_name": "HASH_JOIN",
                                    "cpu_time": 0.0,
                                    "extra_info": {
                                      "Join Type": "INNER",
                                      "Conditions": "c_first_shipto_date_sk = d_date_sk",
                                      "Estimated Cardinality": "391085"
                                    },
                                    "cumulative_cardinality": 0,
                                    "operator_type": "HASH_JOIN",
                                    "operator_cardinality": 467100,
                                    "cumulative_rows_scanned": 0,
                                    "operator_rows_scanned": 0,
                                    "operator_timing": 0.011555684,
                                    "children": [
                                      {
                                        "total_bytes_written": 0,
                                        "total_bytes_read": 0,
                                        "result_set_size": 43181396,
                                        "operator_name": "HASH_JOIN",
                                        "cpu_time": 0.0,
                                        "extra_info": {
                                          "Join Type": "INNER",
                                          "Conditions": "cd_demo_sk = c_current_cdemo_sk",
                                          "Estimated Cardinality": "391085"
                                        },
                                        "cumulative_cardinality": 0,
                                        "operator_type": "HASH_JOIN",
                                        "operator_cardinality": 469363,
                                        "cumulative_rows_scanned": 0,
                                        "operator_rows_scanned": 0,
                                        "operator_timing": 0.260487236,
                                        "children": [
                                          {
                                            "total_bytes_written": 0,
                                            "total_bytes_read": 0,
                                            "result_set_size": 38415760,
                                            "operator_name": "SEQ_SCAN ",
                                            "cpu_time": 0.0,
                                            "extra_info": {
                                              "Table": "customer_demographics",
                                              "Type": "Sequential Scan",
                                              "Projections": [
                                                "cd_demo_sk",
                                                "cd_marital_status"
                                              ],
                                              "Filters": "cd_demo_sk>=4 AND cd_demo_sk<=1920791",
                                              "Estimated Cardinality": "1920800"
                                            },
                                            "cumulative_cardinality": 0,
                                            "operator_type": "TABLE_SCAN",
                                            "operator_cardinality": 1920788,
                                            "cumulative_rows_scanned": 0,
                                            "operator_rows_scanned": 23049600,
                                            "operator_timing": 0.038099518,
                                            "children": []
                                          },
                                          {
                                            "total_bytes_written": 0,
                                            "total_bytes_read": 0,
                                            "result_set_size": 37896640,
                                            "operator_name": "HASH_JOIN",
                                            "cpu_time": 0.0,
                                            "extra_info": {
                                              "Join Type": "INNER",
                                              "Conditions": "c_first_sales_date_sk = d_date_sk",
                                              "Estimated Cardinality": "391085"
                                            },
                                            "cumulative_cardinality": 0,
                                            "operator_type": "HASH_JOIN",
                                            "operator_cardinality": 473708,
                                            "cumulative_rows_scanned": 0,
                                            "operator_rows_scanned": 0,
                                            "operator_timing": 0.005893899999999998,
                                            "children": [
                                              {
                                                "total_bytes_written": 0,
                                                "total_bytes_read": 0,
                                                "result_set_size": 42466248,
                                                "operator_name": "HASH_JOIN",
                                                "cpu_time": 0.0,
                                                "extra_info": {
                                                  "Join Type": "INNER",
                                                  "Conditions": "c_current_hdemo_sk = hd_demo_sk",
                                                  "Estimated Cardinality": "391085"
                                                },
                                                "cumulative_cardinality": 0,
                                                "operator_type": "HASH_JOIN",
                                                "operator_cardinality": 482571,
                                                "cumulative_rows_scanned": 0,
                                                "operator_rows_scanned": 0,
                                                "operator_timing": 0.006543704999999997,
                                                "children": [
                                                  {
                                                    "total_bytes_written": 0,
                                                    "total_bytes_read": 0,
                                                    "result_set_size": 42000000,
                                                    "operator_name": "HASH_JOIN",
                                                    "cpu_time": 0.0,
                                                    "extra_info": {
                                                      "Join Type": "INNER",
                                                      "Conditions": "ca_address_sk = c_current_addr_sk",
                                                      "Estimated Cardinality": "410639"
                                                    },
                                                    "cumulative_cardinality": 0,
                                                    "operator_type": "HASH_JOIN",
                                                    "operator_cardinality": 500000,
                                                    "cumulative_rows_scanned": 0,
                                                    "operator_rows_scanned": 0,
                                                    "operator_timing": 0.10941517599999999,
                                                    "children": [
                                                      {
                                                        "total_bytes_written": 0,
                                                        "total_bytes_read": 0,
                                                        "result_set_size": 17000000,
                                                        "operator_name": "SEQ_SCAN ",
                                                        "cpu_time": 0.0,
                                                        "extra_info": {
                                                          "Table": "customer_address",
                                                          "Type": "Sequential Scan",
                                                          "Projections": [
                                                            "ca_address_sk",
                                                            "ca_street_number",
                                                            "ca_street_name",
                                                            "ca_city",
                                                            "ca_zip"
                                                          ],
                                                          "Estimated Cardinality": "250000"
                                                        },
                                                        "cumulative_cardinality": 0,
                                                        "operator_type": "TABLE_SCAN",
                                                        "operator_cardinality": 250000,
                                                        "cumulative_rows_scanned": 0,
                                                        "operator_rows_scanned": 750000,
                                                        "operator_timing": 0.02143592500000001,
                                                        "children": []
                                                      },
                                                      {
                                                        "total_bytes_written": 0,
                                                        "total_bytes_read": 0,
                                                        "result_set_size": 12000000,
                                                        "operator_name": "SEQ_SCAN ",
                                                        "cpu_time": 0.0,
                                                        "extra_info": {
                                                          "Table": "customer",
                                                          "Type": "Sequential Scan",
                                                          "Projections": [
                                                            "c_customer_sk",
                                                            "c_current_cdemo_sk",
                                                            "c_current_hdemo_sk",
                                                            "c_current_addr_sk",
                                                            "c_first_sales_date_sk",
                                                            "c_first_shipto_date_sk"
                                                          ],
                                                          "Estimated Cardinality": "500000"
                                                        },
                                                        "cumulative_cardinality": 0,
                                                        "operator_type": "TABLE_SCAN",
                                                        "operator_cardinality": 500000,
                                                        "cumulative_rows_scanned": 0,
                                                        "operator_rows_scanned": 2500000,
                                                        "operator_timing": 0.003113021,
                                                        "children": []
                                                      }
                                                    ]
                                                  },
                                                  {
                                                    "total_bytes_written": 0,
                                                    "total_bytes_read": 0,
                                                    "result_set_size": 57600,
                                                    "operator_name": "HASH_JOIN",
                                                    "cpu_time": 0.0,
                                                    "extra_info": {
                                                      "Join Type": "INNER",
                                                      "Conditions": "hd_income_band_sk = ib_income_band_sk",
                                                      "Estimated Cardinality": "6857"
                                                    },
                                                    "cumulative_cardinality": 0,
                                                    "operator_type": "HASH_JOIN",
                                                    "operator_cardinality": 7200,
                                                    "cumulative_rows_scanned": 0,
                                                    "operator_rows_scanned": 0,
                                                    "operator_timing": 0.000118861,
                                                    "children": [
                                                      {
                                                        "total_bytes_written": 0,
                                                        "total_bytes_read": 0,
                                                        "result_set_size": 57600,
                                                        "operator_name": "SEQ_SCAN ",
                                                        "cpu_time": 0.0,
                                                        "extra_info": {
                                                          "Table": "household_demographics",
                                                          "Type": "Sequential Scan",
                                                          "Projections": [
                                                            "hd_demo_sk",
                                                            "hd_income_band_sk"
                                                          ],
                                                          "Estimated Cardinality": "7200"
                                                        },
                                                        "cumulative_cardinality": 0,
                                                        "operator_type": "TABLE_SCAN",
                                                        "operator_cardinality": 7200,
                                                        "cumulative_rows_scanned": 0,
                                                        "operator_rows_scanned": 7200,
                                                        "operator_timing": 3.2266e-05,
                                                        "children": []
                                                      },
                                                      {
                                                        "total_bytes_written": 0,
                                                        "total_bytes_read": 0,
                                                        "result_set_size": 80,
                                                        "operator_name": "SEQ_SCAN ",
                                                        "cpu_time": 0.0,
                                                        "extra_info": {
                                                          "Table": "income_band",
                                                          "Type": "Sequential Scan",
                                                          "Projections": "ib_income_band_sk",
                                                          "Estimated Cardinality": "20"
                                                        },
                                                        "cumulative_cardinality": 0,
                                                        "operator_type": "TABLE_SCAN",
                                                        "operator_cardinality": 20,
                                                        "cumulative_rows_scanned": 0,
                                                        "operator_rows_scanned": 20,
                                                        "operator_timing": 1.0793e-05,
                                                        "children": []
                                                      }
                                                    ]
                                                  }
                                                ]
                                              },
                                              {
                                                "total_bytes_written": 0,
                                                "total_bytes_read": 0,
                                                "result_set_size": 29208,
                                                "operator_name": "SEQ_SCAN ",
                                                "cpu_time": 0.0,
                                                "extra_info": {
                                                  "Table": "date_dim",
                                                  "Type": "Sequential Scan",
                                                  "Projections": [
                                                    "d_date_sk",
                                                    "d_year"
                                                  ],
                                                  "Filters": "d_date_sk>=2448998 AND d_date_sk<=2452648",
                                                  "Estimated Cardinality": "73049"
                                                },
                                                "cumulative_cardinality": 0,
                                                "operator_type": "TABLE_SCAN",
                                                "operator_cardinality": 3651,
                                                "cumulative_rows_scanned": 0,
                                                "operator_rows_scanned": 73049,
                                                "operator_timing": 0.0006869580000000001,
                                                "children": []
                                              }
                                            ]
                                          }
                                        ]
                                      },
                                      {
                                        "total_bytes_written": 0,
                                        "total_bytes_read": 0,
                                        "result_set_size": 29208,
                                        "operator_name": "SEQ_SCAN ",
                                        "cpu_time": 0.0,
                                        "extra_info": {
                                          "Table": "date_dim",
                                          "Type": "Sequential Scan",
                                          "Projections": [
                                            "d_date_sk",
                                            "d_year"
                                          ],
                                          "Filters": "d_date_sk>=2449028 AND d_date_sk<=2452678",
                                          "Estimated Cardinality": "73049"
                                        },
                                        "cumulative_cardinality": 0,
                                        "operator_type": "TABLE_SCAN",
                                        "operator_cardinality": 3651,
                                        "cumulative_rows_scanned": 0,
                                        "operator_rows_scanned": 73049,
                                        "operator_timing": 0.00021555800000000003,
                                        "children": []
                                      }
                                    ]
                                  }
                                ]
                              }
                            ]
                          }
                        ]
                      }
                    ]
                  }
                ]
              },
              {
                "total_bytes_written": 0,
                "total_bytes_read": 0,
                "result_set_size": 888,
                "operator_name": "ORDER_BY",
                "cpu_time": 0.0,
                "extra_info": {
                  "Order By": [
                    "cs1.product_name ASC",
                    "cs1.store_name ASC",
                    "cs2.cnt ASC",
                    "cs1.s1 ASC",
                    "cs2.s1 ASC"
                  ]
                },
                "cumulative_cardinality": 0,
                "operator_type": "ORDER_BY",
                "operator_cardinality": 3,
                "cumulative_rows_scanned": 0,
                "operator_rows_scanned": 0,
                "operator_timing": 0.000260044,
                "children": [
                  {
                    "total_bytes_written": 0,
                    "total_bytes_read": 0,
                    "result_set_size": 888,
                    "operator_name": "PROJECTION",
                    "cpu_time": 0.0,
                    "extra_info": {
                      "Projections": [
                        "product_name",
                        "store_name",
                        "store_zip",
                        "b_street_number",
                        "b_street_name",
                        "b_city",
                        "b_zip",
                        "c_street_number",
                        "c_street_name",
                        "c_city",
                        "c_zip",
                        "syear",
                        "cnt",
                        "s11",
                        "s21",
                        "s31",
                        "s12",
                        "s22",
                        "s32",
                        "syear",
                        "cnt"
                      ],
                      "Estimated Cardinality": "39833"
                    },
                    "cumulative_cardinality": 0,
                    "operator_type": "PROJECTION",
                    "operator_cardinality": 3,
                    "cumulative_rows_scanned": 0,
                    "operator_rows_scanned": 0,
                    "operator_timing": 4.496e-06,
                    "children": [
                      {
                        "total_bytes_written": 0,
                        "total_bytes_read": 0,
                        "result_set_size": 888,
                        "operator_name": "HASH_JOIN",
                        "cpu_time": 0.0,
                        "extra_info": {
                          "Join Type": "INNER",
                          "Conditions": [
                            "item_sk = item_sk",
                            "store_name = store_name",
                            "store_zip = store_zip",
                            "cnt >= cnt"
                          ],
                          "Estimated Cardinality": "39833"
                        },
                        "cumulative_cardinality": 0,
                        "operator_type": "HASH_JOIN",
                        "operator_cardinality": 3,
                        "cumulative_rows_scanned": 0,
                        "operator_rows_scanned": 0,
                        "operator_timing": 0.0009437560000000002,
                        "children": [
                          {
                            "total_bytes_written": 0,
                            "total_bytes_read": 0,
                            "result_set_size": 9120,
                            "operator_name": "PROJECTION",
                            "cpu_time": 0.0,
                            "extra_info": {
                              "Projections": [
                                "#0",
                                "#1",
                                "#2",
                                "#3",
                                "#4",
                                "#5",
                                "#6",
                                "#7",
                                "#8",
                                "#9",
                                "#10",
                                "#11",
                                "#12",
                                "#15",
                                "#16",
                                "#17",
                                "#18"
                              ],
                              "Estimated Cardinality": "294843"
                            },
                            "cumulative_cardinality": 0,
                            "operator_type": "PROJECTION",
                            "operator_cardinality": 38,
                            "cumulative_rows_scanned": 0,
                            "operator_rows_scanned": 0,
                            "operator_timing": 1.426e-05,
                            "children": [
                              {
                                "total_bytes_written": 0,
                                "total_bytes_read": 0,
                                "result_set_size": 9424,
                                "operator_name": "FILTER",
                                "cpu_time": 0.0,
                                "extra_info": {
                                  "Expression": "(syear = 2001)",
                                  "Estimated Cardinality": "294843"
                                },
                                "cumulative_cardinality": 0,
                                "operator_type": "FILTER",
                                "operator_cardinality": 38,
                                "cumulative_rows_scanned": 0,
                                "operator_rows_scanned": 0,
                                "operator_timing": 0.0006451110000000001,
                                "children": [
                                  {
                                    "total_bytes_written": 0,
                                    "total_bytes_read": 0,
                                    "result_set_size": 24552,
                                    "operator_name": "CTE_SCAN",
                                    "cpu_time": 0.0,
                                    "extra_info": {
                                      "CTE Index": "9",
                                      "Estimated Cardinality": "294843"
                                    },
                                    "cumulative_cardinality": 0,
                                    "operator_type": "CTE_SCAN",
                                    "operator_cardinality": 99,
                                    "cumulative_rows_scanned": 0,
                                    "operator_rows_scanned": 0,
                                    "operator_timing": 0.00010618099999999998,
                                    "children": []
                                  }
                                ]
                              }
                            ]
                          },
                          {
                            "total_bytes_written": 0,
                            "total_bytes_read": 0,
                            "result_set_size": 5856,
                            "operator_name": "PROJECTION",
                            "cpu_time": 0.0,
                            "extra_info": {
                              "Projections": [
                                "#1",
                                "#2",
                                "#3",
                                "#12",
                                "#15",
                                "#16",
                                "#17",
                                "#18"
                              ],
                              "Estimated Cardinality": "294843"
                            },
                            "cumulative_cardinality": 0,
                            "operator_type": "PROJECTION",
                            "operator_cardinality": 61,
                            "cumulative_rows_scanned": 0,
                            "operator_rows_scanned": 0,
                            "operator_timing": 5.6560000000000006e-06,
                            "children": [
                              {
                                "total_bytes_written": 0,
                                "total_bytes_read": 0,
                                "result_set_size": 15128,
                                "operator_name": "FILTER",
                                "cpu_time": 0.0,
                                "extra_info": {
                                  "Expression": "(syear = 2002)",
                                  "Estimated Cardinality": "294843"
                                },
                                "cumulative_cardinality": 0,
                                "operator_type": "FILTER",
                                "operator_cardinality": 61,
                                "cumulative_rows_scanned": 0,
                                "operator_rows_scanned": 0,
                                "operator_timing": 0.0004312010000000001,
                                "children": [
                                  {
                                    "total_bytes_written": 0,
                                    "total_bytes_read": 0,
                                    "result_set_size": 24552,
                                    "operator_name": "CTE_SCAN",
                                    "cpu_time": 0.0,
                                    "extra_info": {
                                      "CTE Index": "9",
                                      "Estimated Cardinality": "294843"
                                    },
                                    "cumulative_cardinality": 0,
                                    "operator_type": "CTE_SCAN",
                                    "operator_cardinality": 99,
                                    "cumulative_rows_scanned": 0,
                                    "operator_rows_scanned": 0,
                                    "operator_timing": 9.319399999999999e-05,
                                    "children": []
                                  }
                                ]
                              }
                            ]
                          }
                        ]
                      }
                    ]
                  }
                ]
              }
            ]
          }
        ]
      }
    ]
  }
}