{
  "benchmark": "tpcds",
  "query_id": "query_61",
  "source_sql": "/mnt/d/TPC-DS/queries_duckdb_converted/query_61.sql",
  "database": "/mnt/d/TPC-DS/tpcds_sf10.duckdb",
  "statement_count": 1,
  "client_elapsed_ms": 20.314117002271814,
  "execution_time_ms": 0.0,
  "plan_json": {
    "total_bytes_written": 0,
    "total_bytes_read": 0,
    "rows_returned": 0,
    "latency": 0.0,
    "result_set_size": 0,
    "query_name": "",
    "blocked_thread_time": 0.0,
    "system_peak_buffer_memory": 0,
    "system_peak_temp_dir_size": 0,
    "cpu_time": 0.0,
    "extra_info": {},
    "cumulative_cardinality": 0,
    "cumulative_rows_scanned": 0,
    "children": [
      {
        "total_bytes_written": 0,
        "total_bytes_read": 0,
        "result_set_size": 0,
        "operator_name": "EXPLAIN_ANALYZE",
        "cpu_time": 0.0,
        "extra_info": {},
        "cumulative_cardinality": 0,
        "operator_type": "EXPLAIN_ANALYZE",
        "operator_cardinality": 0,
        "cumulative_rows_scanned": 0,
        "operator_rows_scanned": 0,
        "operator_timing": 3.13e-07,
        "children": [
          {
            "total_bytes_written": 0,
            "total_bytes_read": 0,
            "result_set_size": 40,
            "operator_name": "TOP_N",
            "cpu_time": 0.0,
            "extra_info": {
              "Top": "100",
              "Order By": [
                "promotional_sales.promotions ASC",
                "all_sales.total ASC"
              ]
            },
            "cumulative_cardinality": 0,
            "operator_type": "TOP_N",
            "operator_cardinality": 1,
            "cumulative_rows_scanned": 0,
            "operator_rows_scanned": 0,
            "operator_timing": 1.0539999999999999e-05,
            "children": [
              {
                "total_bytes_written": 0,
                "total_bytes_read": 0,
                "result_set_size": 40,
                "operator_name": "PROJECTION",
                "cpu_time": 0.0,
                "extra_info": {
                  "Projections": [
                    "promotions",
                    "total",
                    "((CAST(CAST(promotions AS DECIMAL(15,4)) AS DOUBLE) / CAST(CAST(total AS DECIMAL(15,4)) AS DOUBLE)) * 100.0)"
                  ],
                  "Estimated Cardinality": "1"
                },
                "cumulative_cardinality": 0,
                "operator_type": "PROJECTION",
                "operator_cardinality": 1,
                "cumulative_rows_scanned": 0,
                "operator_rows_scanned": 0,
                "operator_timing": 6.104e-06,
                "children": [
                  {
                    "total_bytes_written": 0,
                    "total_bytes_read": 0,
                    "result_set_size": 32,
                    "operator_name": "CROSS_PRODUCT",
                    "cpu_time": 0.0,
                    "extra_info": {},
                    "cumulative_cardinality": 0,
                    "operator_type": "CROSS_PRODUCT",
                    "operator_cardinality": 1,
                    "cumulative_rows_scanned": 0,
                    "operator_rows_scanned": 0,
                    "operator_timing": 1.7107e-05,
                    "children": [
                      {
                        "total_bytes_written": 0,
                        "total_bytes_read": 0,
                        "result_set_size": 16,
                        "operator_name": "UNGROUPED_AGGREGATE",
                        "cpu_time": 0.0,
                        "extra_info": {
                          "Aggregates": "sum(#0)"
                        },
                        "cumulative_cardinality": 0,
                        "operator_type": "UNGROUPED_AGGREGATE",
                        "operator_cardinality": 1,
                        "cumulative_rows_scanned": 0,
                        "operator_rows_scanned": 0,
                        "operator_timing": 3.108e-06,
                        "children": [
                          {
                            "total_bytes_written": 0,
                            "total_bytes_read": 0,
                            "result_set_size": 0,
                            "operator_name": "PROJECTION",
                            "cpu_time": 0.0,
                            "extra_info": {
                              "Projections": "ss_ext_sales_price",
                              "Estimated Cardinality": "298"
                            },
                            "cumulative_cardinality": 0,
                            "operator_type": "PROJECTION",
                            "operator_cardinality": 0,
                            "cumulative_rows_scanned": 0,
                            "operator_rows_scanned": 0,
                            "operator_timing": 0.0,
                            "children": [
                              {
                                "total_bytes_written": 0,
                                "total_bytes_read": 0,
                                "result_set_size": 0,
                                "operator_name": "HASH_JOIN",
                                "cpu_time": 0.0,
                                "extra_info": {
                                  "Join Type": "INNER",
                                  "Conditions": "ca_address_sk = c_current_addr_sk",
                                  "Estimated Cardinality": "298"
                                },
                                "cumulative_cardinality": 0,
                                "operator_type": "HASH_JOIN",
                                "operator_cardinality": 0,
                                "cumulative_rows_scanned": 0,
                                "operator_rows_scanned": 0,
                                "operator_timing": 1.3184000000000001e-05,
                                "children": [
                                  {
                                    "total_bytes_written": 0,
                                    "total_bytes_read": 0,
                                    "result_set_size": 2808,
                                    "operator_name": "SEQ_SCAN ",
                                    "cpu_time": 0.0,
                                    "extra_info": {
                                      "Table": "customer_address",
                                      "Type": "Sequential Scan",
                                      "Projections": "ca_address_sk",
                                      "Filters": "ca_gmt_offset=-7.00",
                                      "Estimated Cardinality": "41667"
                                    },
                                    "cumulative_cardinality": 0,
                                    "operator_type": "TABLE_SCAN",
                                    "operator_cardinality": 702,
                                    "cumulative_rows_scanned": 0,
                                    "operator_rows_scanned": 750000,
                                    "operator_timing": 4.2255999999999997e-05,
                                    "children": []
                                  },
                                  {
                                    "total_bytes_written": 0,
                                    "total_bytes_read": 0,
                                    "result_set_size": 0,
                                    "operator_name": "HASH_JOIN",
                                    "cpu_time": 0.0,
                                    "extra_info": {
                                      "Join Type": "INNER",
                                      "Conditions": "c_customer_sk = ss_customer_sk",
                                      "Estimated Cardinality": "2183"
                                    },
                                    "cumulative_cardinality": 0,
                                    "operator_type": "HASH_JOIN",
                                    "operator_cardinality": 0,
                                    "cumulative_rows_scanned": 0,
                                    "operator_rows_scanned": 0,
                                    "operator_timing": 1.735e-05,
                                    "children": [
                                      {
                                        "total_bytes_written": 0,
                                        "total_bytes_read": 0,
                                        "result_set_size": 81920,
                                        "operator_name": "SEQ_SCAN ",
                                        "cpu_time": 0.0,
                                        "extra_info": {
                                          "Table": "customer",
                                          "Type": "Sequential Scan",
                                          "Projections": [
                                            "c_customer_sk",
                                            "c_current_addr_sk"
                                          ],
                                          "Estimated Cardinality": "500000"
                                        },
                                        "cumulative_cardinality": 0,
                                        "operator_type": "TABLE_SCAN",
                                        "operator_cardinality": 10240,
                                        "cumulative_rows_scanned": 0,
                                        "operator_rows_scanned": 2500000,
                                        "operator_timing": 4.7214000000000006e-05,
                                        "children": []
                                      },
                                      {
                                        "total_bytes_written": 0,
                                        "total_bytes_read": 0,
                                        "result_set_size": 0,
                                        "operator_name": "HASH_JOIN",
                                        "cpu_time": 0.0,
                                        "extra_info": {
                                          "Join Type": "INNER",
                                          "Conditions": "ss_store_sk = s_store_sk",
                                          "Estimated Cardinality": "2183"
                                        },
                                        "cumulative_cardinality": 0,
                                        "operator_type": "HASH_JOIN",
                                        "operator_cardinality": 0,
                                        "cumulative_rows_scanned": 0,
                                        "operator_rows_scanned": 0,
                                        "operator_timing": 7.018100000000001e-05,
                                        "children": [
                                          {
                                            "total_bytes_written": 0,
                                            "total_bytes_read": 0,
                                            "result_set_size": 17760,
                                            "operator_name": "HASH_JOIN",
                                            "cpu_time": 0.0,
                                            "extra_info": {
                                              "Join Type": "INNER",
                                              "Conditions": "ss_promo_sk = p_promo_sk",
                                              "Estimated Cardinality": "4282"
                                            },
                                            "cumulative_cardinality": 0,
                                            "operator_type": "HASH_JOIN",
                                            "operator_cardinality": 1110,
                                            "cumulative_rows_scanned": 0,
                                            "operator_rows_scanned": 0,
                                            "operator_timing": 0.00015777199999999998,
                                            "children": [
                                              {
                                                "total_bytes_written": 0,
                                                "total_bytes_read": 0,
                                                "result_set_size": 44340,
                                                "operator_name": "HASH_JOIN",
                                                "cpu_time": 0.0,
                                                "extra_info": {
                                                  "Join Type": "INNER",
                                                  "Conditions": "ss_item_sk = i_item_sk",
                                                  "Estimated Cardinality": "22267"
                                                },
                                                "cumulative_cardinality": 0,
                                                "operator_type": "HASH_JOIN",
                                                "operator_cardinality": 2217,
                                                "cumulative_rows_scanned": 0,
                                                "operator_rows_scanned": 0,
                                                "operator_timing": 0.00234097,
                                                "children": [
                                                  {
                                                    "total_bytes_written": 0,
                                                    "total_bytes_read": 0,
                                                    "result_set_size": 1323504,
                                                    "operator_name": "HASH_JOIN",
                                                    "cpu_time": 0.0,
                                                    "extra_info": {
                                                      "Join Type": "INNER",
                                                      "Conditions": "ss_sold_date_sk = d_date_sk",
                                                      "Estimated Cardinality": "230647"
                                                    },
                                                    "cumulative_cardinality": 0,
                                                    "operator_type": "HASH_JOIN",
                                                    "operator_cardinality": 55146,
                                                    "cumulative_rows_scanned": 0,
                                                    "operator_rows_scanned": 0,
                                                    "operator_timing": 0.0046111780000000005,
                                                    "children": [
                                                      {
                                                        "total_bytes_written": 0,
                                                        "total_bytes_read": 0,
                                                        "result_set_size": 1355376,
                                                        "operator_name": "SEQ_SCAN ",
                                                        "cpu_time": 0.0,
                                                        "extra_info": {
                                                          "Table": "store_sales",
                                                          "Type": "Sequential Scan",
                                                          "Projections": [
                                                            "ss_sold_date_sk",
                                                            "ss_store_sk",
                                                            "ss_promo_sk",
                                                            "ss_customer_sk",
                                                            "ss_item_sk",
                                                            "ss_ext_sales_price"
                                                          ],
                                                          "Estimated Cardinality": "28800991"
                                                        },
                                                        "cumulative_cardinality": 0,
                                                        "operator_type": "TABLE_SCAN",
                                                        "operator_cardinality": 56474,
                                                        "cumulative_rows_scanned": 0,
                                                        "operator_rows_scanned": 345611892,
                                                        "operator_timing": 0.026365332,
                                                        "children": []
                                                      },
                                                      {
                                                        "total_bytes_written": 0,
                                                        "total_bytes_read": 0,
                                                        "result_set_size": 120,
                                                        "operator_name": "FILTER",
                                                        "cpu_time": 0.0,
                                                        "extra_info": {
                                                          "Expression": "(d_date_sk BETWEEN 2450816 AND 2452642)",
                                                          "Estimated Cardinality": "585"
                                                        },
                                                        "cumulative_cardinality": 0,
                                                        "operator_type": "FILTER",
                                                        "operator_cardinality": 30,
                                                        "cumulative_rows_scanned": 0,
                                                        "operator_rows_scanned": 0,
                                                        "operator_timing": 1.7658999999999998e-05,
                                                        "children": [
                                                          {
                                                            "total_bytes_written": 0,
                                                            "total_bytes_read": 0,
                                                            "result_set_size": 120,
                                                            "operator_name": "SEQ_SCAN ",
                                                            "cpu_time": 0.0,
                                                            "extra_info": {
                                                              "Table": "date_dim",
                                                              "Type": "Sequential Scan",
                                                              "Projections": "d_date_sk",
                                                              "Filters": [
                                                                "d_year=1999",
                                                                "d_moy=11"
                                                              ],
                                                              "Estimated Cardinality": "585"
                                                            },
                                                            "cumulative_cardinality": 0,
                                                            "operator_type": "TABLE_SCAN",
                                                            "operator_cardinality": 30,
                                                            "cumulative_rows_scanned": 0,
                                                            "operator_rows_scanned": 73049,
                                                            "operator_timing": 6.5345e-05,
                                                            "children": []
                                                          }
                                                        ]
                                                      }
                                                    ]
                                                  },
                                                  {
                                                    "total_bytes_written": 0,
                                                    "total_bytes_read": 0,
                                                    "result_set_size": 40252,
                                                    "operator_name": "SEQ_SCAN ",
                                                    "cpu_time": 0.0,
                                                    "extra_info": {
                                                      "Table": "item",
                                                      "Type": "Sequential Scan",
                                                      "Projections": "i_item_sk",
                                                      "Filters": "i_category='Jewelry'",
                                                      "Estimated Cardinality": "9273"
                                                    },
                                                    "cumulative_cardinality": 0,
                                                    "operator_type": "TABLE_SCAN",
                                                    "operator_cardinality": 10063,
                                                    "cumulative_rows_scanned": 0,
                                                    "operator_rows_scanned": 102000,
                                                    "operator_timing": 0.0007074030000000001,
                                                    "children": []
                                                  }
                                                ]
                                              },
                                              {
                                                "total_bytes_written": 0,
                                                "total_bytes_read": 0,
                                                "result_set_size": 1004,
                                                "operator_name": "PROJECTION",
                                                "cpu_time": 0.0,
                                                "extra_info": {
                                                  "Projections": "#0",
                                                  "Estimated Cardinality": "100"
                                                },
                                                "cumulative_cardinality": 0,
                                                "operator_type": "PROJECTION",
                                                "operator_cardinality": 251,
                                                "cumulative_rows_scanned": 0,
                                                "operator_rows_scanned": 0,
                                                "operator_timing": 2.96e-07,
                                                "children": [
                                                  {
                                                    "total_bytes_written": 0,
                                                    "total_bytes_read": 0,
                                                    "result_set_size": 13052,
                                                    "operator_name": "FILTER",
                                                    "cpu_time": 0.0,
                                                    "extra_info": {
                                                      "Expression": "((p_channel_dmail = 'Y') OR (p_channel_email = 'Y') OR (p_channel_tv = 'Y'))",
                                                      "Estimated Cardinality": "100"
                                                    },
                                                    "cumulative_cardinality": 0,
                                                    "operator_type": "FILTER",
                                                    "operator_cardinality": 251,
                                                    "cumulative_rows_scanned": 0,
                                                    "operator_rows_scanned": 0,
                                                    "operator_timing": 2.4316e-05,
                                                    "children": [
                                                      {
                                                        "total_bytes_written": 0,
                                                        "total_bytes_read": 0,
                                                        "result_set_size": 26000,
                                                        "operator_name": "SEQ_SCAN ",
                                                        "cpu_time": 0.0,
                                                        "extra_info": {
                                                          "Table": "promotion",
                                                          "Type": "Sequential Scan",
                                                          "Projections": [
                                                            "p_promo_sk",
                                                            "p_channel_dmail",
                                                            "p_channel_email",
                                                            "p_channel_tv"
                                                          ],
                                                          "Estimated Cardinality": "500"
                                                        },
                                                        "cumulative_cardinality": 0,
                                                        "operator_type": "TABLE_SCAN",
                                                        "operator_cardinality": 500,
                                                        "cumulative_rows_scanned": 0,
                                                        "operator_rows_scanned": 500,
                                                        "operator_timing": 3.8619000000000004e-05,
                                                        "children": []
                                                      }
                                                    ]
                                                  }
                                                ]
                                              }
                                            ]
                                          },
                                          {
                                            "total_bytes_written": 0,
                                            "total_bytes_read": 0,
                                            "result_set_size": 0,
                                            "operator_name": "FILTER",
                                            "cpu_time": 0.0,
                                            "extra_info": {
                                              "Expression": "(s_store_sk <= 100)",
                                              "Estimated Cardinality": "0"
                                            },
                                            "cumulative_cardinality": 0,
                                            "operator_type": "FILTER",
                                            "operator_cardinality": 0,
                                            "cumulative_rows_scanned": 0,
                                            "operator_rows_scanned": 0,
                                            "operator_timing": 1.93e-07,
                                            "children": [
                                              {
                                                "total_bytes_written": 0,
                                                "total_bytes_read": 0,
                                                "result_set_size": 0,
                                                "operator_name": "EMPTY_RESULT",
                                                "cpu_time": 0.0,
                                                "extra_info": {},
                                                "cumulative_cardinality": 0,
                                                "operator_type": "EMPTY_RESULT",
                                                "operator_cardinality": 0,
                                                "cumulative_rows_scanned": 0,
                                                "operator_rows_scanned": 0,
                                                "operator_timing": 4.86e-07,
                                                "children": []
                                              }
                                            ]
                                          }
                                        ]
                                      }
                                    ]
                                  }
                                ]
                              }
                            ]
                          }
                        ]
                      },
                      {
                        "total_bytes_written": 0,
                        "total_bytes_read": 0,
                        "result_set_size": 16,
                        "operator_name": "UNGROUPED_AGGREGATE",
                        "cpu_time": 0.0,
                        "extra_info": {
                          "Aggregates": "sum(#0)"
                        },
                        "cumulative_cardinality": 0,
                        "operator_type": "UNGROUPED_AGGREGATE",
                        "operator_cardinality": 1,
                        "cumulative_rows_scanned": 0,
                        "operator_rows_scanned": 0,
                        "operator_timing": 3.852e-06,
                        "children": [
                          {
                            "total_bytes_written": 0,
                            "total_bytes_read": 0,
                            "result_set_size": 0,
                            "operator_name": "PROJECTION",
                            "cpu_time": 0.0,
                            "extra_info": {
                              "Projections": "ss_ext_sales_price",
                              "Estimated Cardinality": "1554"
                            },
                            "cumulative_cardinality": 0,
                            "operator_type": "PROJECTION",
                            "operator_cardinality": 0,
                            "cumulative_rows_scanned": 0,
                            "operator_rows_scanned": 0,
                            "operator_timing": 0.0,
                            "children": [
                              {
                                "total_bytes_written": 0,
                                "total_bytes_read": 0,
                                "result_set_size": 0,
                                "operator_name": "HASH_JOIN",
                                "cpu_time": 0.0,
                                "extra_info": {
                                  "Join Type": "INNER",
                                  "Conditions": "ca_address_sk = c_current_addr_sk",
                                  "Estimated Cardinality": "1554"
                                },
                                "cumulative_cardinality": 0,
                                "operator_type": "HASH_JOIN",
                                "operator_cardinality": 0,
                                "cumulative_rows_scanned": 0,
                                "operator_rows_scanned": 0,
                                "operator_timing": 1.5158e-05,
                                "children": [
                                  {
                                    "total_bytes_written": 0,
                                    "total_bytes_read": 0,
                                    "result_set_size": 2808,
                                    "operator_name": "SEQ_SCAN ",
                                    "cpu_time": 0.0,
                                    "extra_info": {
                                      "Table": "customer_address",
                                      "Type": "Sequential Scan",
                                      "Projections": "ca_address_sk",
                                      "Filters": "ca_gmt_offset=-7.00",
                                      "Estimated Cardinality": "41667"
                                    },
                                    "cumulative_cardinality": 0,
                                    "operator_type": "TABLE_SCAN",
                                    "operator_cardinality": 702,
                                    "cumulative_rows_scanned": 0,
                                    "operator_rows_scanned": 750000,
                                    "operator_timing": 4.9249e-05,
                                    "children": []
                                  },
                                  {
                                    "total_bytes_written": 0,
                                    "total_bytes_read": 0,
                                    "result_set_size": 0,
                                    "operator_name": "HASH_JOIN",
                                    "cpu_time": 0.0,
                                    "extra_info": {
                                      "Join Type": "INNER",
                                      "Conditions": "c_customer_sk = ss_customer_sk",
                                      "Estimated Cardinality": "11356"
                                    },
                                    "cumulative_cardinality": 0,
                                    "operator_type": "HASH_JOIN",
                                    "operator_cardinality": 0,
                                    "cumulative_rows_scanned": 0,
                                    "operator_rows_scanned": 0,
                                    "operator_timing": 3.5166e-05,
                                    "children": [
                                      {
                                        "total_bytes_written": 0,
                                        "total_bytes_read": 0,
                                        "result_set_size": 81920,
                                        "operator_name": "SEQ_SCAN ",
                                        "cpu_time": 0.0,
                                        "extra_info": {
                                          "Table": "customer",
                                          "Type": "Sequential Scan",
                                          "Projections": [
                                            "c_customer_sk",
                                            "c_current_addr_sk"
                                          ],
                                          "Estimated Cardinality": "500000"
                                        },
                                        "cumulative_cardinality": 0,
                                        "operator_type": "TABLE_SCAN",
                                        "operator_cardinality": 10240,
                                        "cumulative_rows_scanned": 0,
                                        "operator_rows_scanned": 2500000,
                                        "operator_timing": 5.4604e-05,
                                        "children": []
                                      },
                                      {
                                        "total_bytes_written": 0,
                                        "total_bytes_read": 0,
                                        "result_set_size": 0,
                                        "operator_name": "HASH_JOIN",
                                        "cpu_time": 0.0,
                                        "extra_info": {
                                          "Join Type": "INNER",
                                          "Conditions": "ss_store_sk = s_store_sk",
                                          "Estimated Cardinality": "11356"
                                        },
                                        "cumulative_cardinality": 0,
                                        "operator_type": "HASH_JOIN",
                                        "operator_cardinality": 0,
                                        "cumulative_rows_scanned": 0,
                                        "operator_rows_scanned": 0,
                                        "operator_timing": 9.1631e-05,
                                        "children": [
                                          {
                                            "total_bytes_written": 0,
                                            "total_bytes_read": 0,
                                            "result_set_size": 38928,
                                            "operator_name": "HASH_JOIN",
                                            "cpu_time": 0.0,
                                            "extra_info": {
                                              "Join Type": "INNER",
                                              "Conditions": "ss_item_sk = i_item_sk",
                                              "Estimated Cardinality": "22267"
                                            },
                                            "cumulative_cardinality": 0,
                                            "operator_type": "HASH_JOIN",
                                            "operator_cardinality": 2433,
                                            "cumulative_rows_scanned": 0,
                                            "operator_rows_scanned": 0,
                                            "operator_timing": 0.002031821,
                                            "children": [
                                              {
                                                "total_bytes_written": 0,
                                                "total_bytes_read": 0,
                                                "result_set_size": 1214620,
                                                "operator_name": "HASH_JOIN",
                                                "cpu_time": 0.0,
                                                "extra_info": {
                                                  "Join Type": "INNER",
                                                  "Conditions": "ss_sold_date_sk = d_date_sk",
                                                  "Estimated Cardinality": "230647"
                                                },
                                                "cumulative_cardinality": 0,
                                                "operator_type": "HASH_JOIN",
                                                "operator_cardinality": 60731,
                                                "cumulative_rows_scanned": 0,
                                                "operator_rows_scanned": 0,
                                                "operator_timing": 0.003367716,
                                                "children": [
                                                  {
                                                    "total_bytes_written": 0,
                                                    "total_bytes_read": 0,
                                                    "result_set_size": 1214620,
                                                    "operator_name": "SEQ_SCAN ",
                                                    "cpu_time": 0.0,
                                                    "extra_info": {
                                                      "Table": "store_sales",
                                                      "Type": "Sequential Scan",
                                                      "Projections": [
                                                        "ss_sold_date_sk",
                                                        "ss_store_sk",
                                                        "ss_customer_sk",
                                                        "ss_item_sk",
                                                        "ss_ext_sales_price"
                                                      ],
                                                      "Estimated Cardinality": "28800991"
                                                    },
                                                    "cumulative_cardinality": 0,
                                                    "operator_type": "TABLE_SCAN",
                                                    "operator_cardinality": 60731,
                                                    "cumulative_rows_scanned": 0,
                                                    "operator_rows_scanned": 345611892,
                                                    "operator_timing": 0.020408389999999995,
                                                    "children": []
                                                  },
                                                  {
                                                    "total_bytes_written": 0,
                                                    "total_bytes_read": 0,
                                                    "result_set_size": 120,
                                                    "operator_name": "FILTER",
                                                    "cpu_time": 0.0,
                                                    "extra_info": {
                                                      "Expression": "(d_date_sk BETWEEN 2450816 AND 2452642)",
                                                      "Estimated Cardinality": "585"
                                                    },
                                                    "cumulative_cardinality": 0,
                                                    "operator_type": "FILTER",
                                                    "operator_cardinality": 30,
                                                    "cumulative_rows_scanned": 0,
                                                    "operator_rows_scanned": 0,
                                                    "operator_timing": 1.5879e-05,
                                                    "children": [
                                                      {
                                                        "total_bytes_written": 0,
                                                        "total_bytes_read": 0,
                                                        "result_set_size": 120,
                                                        "operator_name": "SEQ_SCAN ",
                                                        "cpu_time": 0.0,
                                                        "extra_info": {
                                                          "Table": "date_dim",
                                                          "Type": "Sequential Scan",
                                                          "Projections": "d_date_sk",
                                                          "Filters": [
                                                            "d_year=1999",
                                                            "d_moy=11"
                                                          ],
                                                          "Estimated Cardinality": "585"
                                                        },
                                                        "cumulative_cardinality": 0,
                                                        "operator_type": "TABLE_SCAN",
                                                        "operator_cardinality": 30,
                                                        "cumulative_rows_scanned": 0,
                                                        "operator_rows_scanned": 73049,
                                                        "operator_timing": 6.6495e-05,
                                                        "children": []
                                                      }
                                                    ]
                                                  }
                                                ]
                                              },
                                              {
                                                "total_bytes_written": 0,
                                                "total_bytes_read": 0,
                                                "result_set_size": 40252,
                                                "operator_name": "SEQ_SCAN ",
                                                "cpu_time": 0.0,
                                                "extra_info": {
                                                  "Table": "item",
                                                  "Type": "Sequential Scan",
                                                  "Projections": "i_item_sk",
                                                  "Filters": "i_category='Jewelry'",
                                                  "Estimated Cardinality": "9273"
                                                },
                                                "cumulative_cardinality": 0,
                                                "operator_type": "TABLE_SCAN",
                                                "operator_cardinality": 10063,
                                                "cumulative_rows_scanned": 0,
                                                "operator_rows_scanned": 102000,
                                                "operator_timing": 0.0007408530000000002,
                                                "children": []
                                              }
                                            ]
                                          },
                                          {
                                            "total_bytes_written": 0,
                                            "total_bytes_read": 0,
                                            "result_set_size": 0,
                                            "operator_name": "FILTER",
                                            "cpu_time": 0.0,
                                            "extra_info": {
                                              "Expression": "(s_store_sk <= 100)",
                                              "Estimated Cardinality": "0"
                                            },
                                            "cumulative_cardinality": 0,
                                            "operator_type": "FILTER",
                                            "operator_cardinality": 0,
                                            "cumulative_rows_scanned": 0,
                                            "operator_rows_scanned": 0,
                                            "operator_timing": 2.07e-07,
                                            "children": [
                                              {
                                                "total_bytes_written": 0,
                                                "total_bytes_read": 0,
                                                "result_set_size": 0,
                                                "operator_name": "EMPTY_RESULT",
                                                "cpu_time": 0.0,
                                                "extra_info": {},
                                                "cumulative_cardinality": 0,
                                                "operator_type": "EMPTY_RESULT",
                                                "operator_cardinality": 0,
                                                "cumulative_rows_scanned": 0,
                                                "operator_rows_scanned": 0,
                                                "operator_timing": 4.32e-07,
                                                "children": []
                                              }
                                            ]
                                          }
                                        ]
                                      }
                                    ]
                                  }
                                ]
                              }
                            ]
                          }
                        ]
                      }
                    ]
                  }
                ]
              }
            ]
          }
        ]
      }
    ]
  }
}