{
  "benchmark": "tpcds",
  "query_id": "query_2",
  "source_sql": "/mnt/d/TPC-DS/queries_duckdb_converted/query_2.sql",
  "database": "/mnt/d/TPC-DS/tpcds_sf10.duckdb",
  "statement_count": 1,
  "client_elapsed_ms": 275.3935990003811,
  "execution_time_ms": 0.0,
  "plan_json": {
    "total_bytes_written": 0,
    "total_bytes_read": 0,
    "rows_returned": 0,
    "latency": 0.0,
    "result_set_size": 0,
    "query_name": "",
    "blocked_thread_time": 0.0,
    "system_peak_buffer_memory": 0,
    "system_peak_temp_dir_size": 0,
    "cpu_time": 0.0,
    "extra_info": {},
    "cumulative_cardinality": 0,
    "cumulative_rows_scanned": 0,
    "children": [
      {
        "total_bytes_written": 0,
        "total_bytes_read": 0,
        "result_set_size": 0,
        "operator_name": "EXPLAIN_ANALYZE",
        "cpu_time": 0.0,
        "extra_info": {},
        "cumulative_cardinality": 0,
        "operator_type": "EXPLAIN_ANALYZE",
        "operator_cardinality": 0,
        "cumulative_rows_scanned": 0,
        "operator_rows_scanned": 0,
        "operator_timing": 3.53e-07,
        "children": [
          {
            "total_bytes_written": 0,
            "total_bytes_read": 0,
            "result_set_size": 0,
            "operator_name": "CTE",
            "cpu_time": 0.0,
            "extra_info": {
              "CTE Name": "wswscs",
              "Table Index": "22",
              "Estimated Cardinality": "4522963"
            },
            "cumulative_cardinality": 0,
            "operator_type": "CTE",
            "operator_cardinality": 0,
            "cumulative_rows_scanned": 0,
            "operator_rows_scanned": 0,
            "operator_timing": 5.5743999999999993e-05,
            "children": [
              {
                "total_bytes_written": 0,
                "total_bytes_read": 0,
                "result_set_size": 30508,
                "operator_name": "PROJECTION",
                "cpu_time": 0.0,
                "extra_info": {
                  "Projections": [
                    "__internal_decompress_integral_integer(#0, 1)",
                    "#1",
                    "#2",
                    "#3",
                    "#4",
                    "#5",
                    "#6",
                    "#7"
                  ],
                  "Estimated Cardinality": "562912"
                },
                "cumulative_cardinality": 0,
                "operator_type": "PROJECTION",
                "operator_cardinality": 263,
                "cumulative_rows_scanned": 0,
                "operator_rows_scanned": 0,
                "operator_timing": 5.4977000000000006e-05,
                "children": [
                  {
                    "total_bytes_written": 0,
                    "total_bytes_read": 0,
                    "result_set_size": 29982,
                    "operator_name": "HASH_GROUP_BY",
                    "cpu_time": 0.0,
                    "extra_info": {
                      "Groups": "#0",
                      "Aggregates": [
                        "sum(#1)",
                        "sum(#2)",
                        "sum(#3)",
                        "sum(#4)",
                        "sum(#5)",
                        "sum(#6)",
                        "sum(#7)"
                      ],
                      "Estimated Cardinality": "562912"
                    },
                    "cumulative_cardinality": 0,
                    "operator_type": "HASH_GROUP_BY",
                    "operator_cardinality": 263,
                    "cumulative_rows_scanned": 0,
                    "operator_rows_scanned": 0,
                    "operator_timing": 0.6446797080000001,
                    "children": [
                      {
                        "total_bytes_written": 0,
                        "total_bytes_read": 0,
                        "result_set_size": 645750690,
                        "operator_name": "PROJECTION",
                        "cpu_time": 0.0,
                        "extra_info": {
                          "Projections": [
                            "d_week_seq",
                            "CASE  WHEN ((d_day_name = 'Sunday')) THEN (sales_price) ELSE NULL END",
                            "CASE  WHEN ((d_day_name = 'Monday')) THEN (sales_price) ELSE NULL END",
                            "CASE  WHEN ((d_day_name = 'Tuesday')) THEN (sales_price) ELSE NULL END",
                            "CASE  WHEN ((d_day_name = 'Wednesday')) THEN (sales_price) ELSE NULL END",
                            "CASE  WHEN ((d_day_name = 'Thursday')) THEN (sales_price) ELSE NULL END",
                            "CASE  WHEN ((d_day_name = 'Friday')) THEN (sales_price) ELSE NULL END",
                            "CASE  WHEN ((d_day_name = 'Saturday')) THEN (sales_price) ELSE NULL END"
                          ],
                          "Estimated Cardinality": "21598827"
                        },
                        "cumulative_cardinality": 0,
                        "operator_type": "PROJECTION",
                        "operator_cardinality": 21525023,
                        "cumulative_rows_scanned": 0,
                        "operator_rows_scanned": 0,
                        "operator_timing": 0.532815727,
                        "children": [
                          {
                            "total_bytes_written": 0,
                            "total_bytes_read": 0,
                            "result_set_size": 473550506,
                            "operator_name": "PROJECTION",
                            "cpu_time": 0.0,
                            "extra_info": {
                              "Projections": [
                                "#0",
                                "__internal_compress_integral_usmallint(#1, 1)",
                                "#2"
                              ],
                              "Estimated Cardinality": "21598827"
                            },
                            "cumulative_cardinality": 0,
                            "operator_type": "PROJECTION",
                            "operator_cardinality": 21525023,
                            "cumulative_rows_scanned": 0,
                            "operator_rows_scanned": 0,
                            "operator_timing": 0.020521514999999997,
                            "children": [
                              {
                                "total_bytes_written": 0,
                                "total_bytes_read": 0,
                                "result_set_size": 516600552,
                                "operator_name": "HASH_JOIN",
                                "cpu_time": 0.0,
                                "extra_info": {
                                  "Join Type": "INNER",
                                  "Conditions": "sold_date_sk = d_date_sk",
                                  "Estimated Cardinality": "21598827"
                                },
                                "cumulative_cardinality": 0,
                                "operator_type": "HASH_JOIN",
                                "operator_cardinality": 21525023,
                                "cumulative_rows_scanned": 0,
                                "operator_rows_scanned": 0,
                                "operator_timing": 0.06420155800000002,
                                "children": [
                                  {
                                    "total_bytes_written": 0,
                                    "total_bytes_read": 0,
                                    "result_set_size": 0,
                                    "operator_name": "UNION",
                                    "cpu_time": 0.0,
                                    "extra_info": {},
                                    "cumulative_cardinality": 0,
                                    "operator_type": "UNION",
                                    "operator_cardinality": 0,
                                    "cumulative_rows_scanned": 0,
                                    "operator_rows_scanned": 0,
                                    "operator_timing": 0.0,
                                    "children": [
                                      {
                                        "total_bytes_written": 0,
                                        "total_bytes_read": 0,
                                        "result_set_size": 57566368,
                                        "operator_name": "SEQ_SCAN ",
                                        "cpu_time": 0.0,
                                        "extra_info": {
                                          "Table": "web_sales",
                                          "Type": "Sequential Scan",
                                          "Projections": [
                                            "ws_sold_date_sk",
                                            "ws_ext_sales_price"
                                          ],
                                          "Estimated Cardinality": "7197566"
                                        },
                                        "cumulative_cardinality": 0,
                                        "operator_type": "TABLE_SCAN",
                                        "operator_cardinality": 7195796,
                                        "cumulative_rows_scanned": 0,
                                        "operator_rows_scanned": 86370792,
                                        "operator_timing": 0.041273727,
                                        "children": []
                                      },
                                      {
                                        "total_bytes_written": 0,
                                        "total_bytes_read": 0,
                                        "result_set_size": 114633816,
                                        "operator_name": "SEQ_SCAN ",
                                        "cpu_time": 0.0,
                                        "extra_info": {
                                          "Table": "catalog_sales",
                                          "Type": "Sequential Scan",
                                          "Projections": [
                                            "cs_sold_date_sk",
                                            "cs_ext_sales_price"
                                          ],
                                          "Estimated Cardinality": "14401261"
                                        },
                                        "cumulative_cardinality": 0,
                                        "operator_type": "TABLE_SCAN",
                                        "operator_cardinality": 14329227,
                                        "cumulative_rows_scanned": 0,
                                        "operator_rows_scanned": 172815132,
                                        "operator_timing": 0.07454065499999998,
                                        "children": []
                                      }
                                    ]
                                  },
                                  {
                                    "total_bytes_written": 0,
                                    "total_bytes_read": 0,
                                    "result_set_size": 44136,
                                    "operator_name": "SEQ_SCAN ",
                                    "cpu_time": 0.0,
                                    "extra_info": {
                                      "Table": "date_dim",
                                      "Type": "Sequential Scan",
                                      "Projections": [
                                        "d_date_sk",
                                        "d_week_seq",
                                        "d_day_name"
                                      ],
                                      "Filters": "d_date_sk>=2450815 AND d_date_sk<=2452653",
                                      "Estimated Cardinality": "73049"
                                    },
                                    "cumulative_cardinality": 0,
                                    "operator_type": "TABLE_SCAN",
                                    "operator_cardinality": 1839,
                                    "cumulative_rows_scanned": 0,
                                    "operator_rows_scanned": 73049,
                                    "operator_timing": 0.000126143,
                                    "children": []
                                  }
                                ]
                              }
                            ]
                          }
                        ]
                      }
                    ]
                  }
                ]
              },
              {
                "total_bytes_written": 0,
                "total_bytes_read": 0,
                "result_set_size": 150780,
                "operator_name": "ORDER_BY",
                "cpu_time": 0.0,
                "extra_info": {
                  "Order By": "y.d_week_seq1 ASC"
                },
                "cumulative_cardinality": 0,
                "operator_type": "ORDER_BY",
                "operator_cardinality": 2513,
                "cumulative_rows_scanned": 0,
                "operator_rows_scanned": 0,
                "operator_timing": 0.00036610799999999997,
                "children": [
                  {
                    "total_bytes_written": 0,
                    "total_bytes_read": 0,
                    "result_set_size": 150780,
                    "operator_name": "PROJECTION",
                    "cpu_time": 0.0,
                    "extra_info": {
                      "Projections": [
                        "d_week_seq1",
                        "round((CAST(sun_sales1 AS DOUBLE) / CAST(sun_sales2 AS DOUBLE)), 2)",
                        "round((CAST(mon_sales1 AS DOUBLE) / CAST(mon_sales2 AS DOUBLE)), 2)",
                        "round((CAST(tue_sales1 AS DOUBLE) / CAST(tue_sales2 AS DOUBLE)), 2)",
                        "round((CAST(wed_sales1 AS DOUBLE) / CAST(wed_sales2 AS DOUBLE)), 2)",
                        "round((CAST(thu_sales1 AS DOUBLE) / CAST(thu_sales2 AS DOUBLE)), 2)",
                        "round((CAST(fri_sales1 AS DOUBLE) / CAST(fri_sales2 AS DOUBLE)), 2)",
                        "round((CAST(sat_sales1 AS DOUBLE) / CAST(sat_sales2 AS DOUBLE)), 2)"
                      ],
                      "Estimated Cardinality": "4522963"
                    },
                    "cumulative_cardinality": 0,
                    "operator_type": "PROJECTION",
                    "operator_cardinality": 2513,
                    "cumulative_rows_scanned": 0,
                    "operator_rows_scanned": 0,
                    "operator_timing": 0.0011415499999999999,
                    "children": [
                      {
                        "total_bytes_written": 0,
                        "total_bytes_read": 0,
                        "result_set_size": 572964,
                        "operator_name": "HASH_JOIN",
                        "cpu_time": 0.0,
                        "extra_info": {
                          "Join Type": "INNER",
                          "Conditions": "d_week_seq1 = (d_week_seq2 - 53)",
                          "Estimated Cardinality": "4522963"
                        },
                        "cumulative_cardinality": 0,
                        "operator_type": "HASH_JOIN",
                        "operator_cardinality": 2513,
                        "cumulative_rows_scanned": 0,
                        "operator_rows_scanned": 0,
                        "operator_timing": 0.0029248430000000003,
                        "children": [
                          {
                            "total_bytes_written": 0,
                            "total_bytes_read": 0,
                            "result_set_size": 42340,
                            "operator_name": "PROJECTION",
                            "cpu_time": 0.0,
                            "extra_info": {
                              "Projections": [
                                "d_week_seq1",
                                "sun_sales1",
                                "mon_sales1",
                                "tue_sales1",
                                "wed_sales1",
                                "thu_sales1",
                                "fri_sales1",
                                "sat_sales1"
                              ],
                              "Estimated Cardinality": "94872"
                            },
                            "cumulative_cardinality": 0,
                            "operator_type": "PROJECTION",
                            "operator_cardinality": 365,
                            "cumulative_rows_scanned": 0,
                            "operator_rows_scanned": 0,
                            "operator_timing": 3.325e-06,
                            "children": [
                              {
                                "total_bytes_written": 0,
                                "total_bytes_read": 0,
                                "result_set_size": 45260,
                                "operator_name": "HASH_JOIN",
                                "cpu_time": 0.0,
                                "extra_info": {
                                  "Join Type": "INNER",
                                  "Conditions": "d_week_seq = d_week_seq",
                                  "Estimated Cardinality": "94872"
                                },
                                "cumulative_cardinality": 0,
                                "operator_type": "HASH_JOIN",
                                "operator_cardinality": 365,
                                "cumulative_rows_scanned": 0,
                                "operator_rows_scanned": 0,
                                "operator_timing": 0.002318227,
                                "children": [
                                  {
                                    "total_bytes_written": 0,
                                    "total_bytes_read": 0,
                                    "result_set_size": 30508,
                                    "operator_name": "CTE_SCAN",
                                    "cpu_time": 0.0,
                                    "extra_info": {
                                      "CTE Index": "22",
                                      "Estimated Cardinality": "562912"
                                    },
                                    "cumulative_cardinality": 0,
                                    "operator_type": "CTE_SCAN",
                                    "operator_cardinality": 263,
                                    "cumulative_rows_scanned": 0,
                                    "operator_rows_scanned": 0,
                                    "operator_timing": 3.8142e-05,
                                    "children": []
                                  },
                                  {
                                    "total_bytes_written": 0,
                                    "total_bytes_read": 0,
                                    "result_set_size": 2920,
                                    "operator_name": "SEQ_SCAN ",
                                    "cpu_time": 0.0,
                                    "extra_info": {
                                      "Table": "date_dim",
                                      "Type": "Sequential Scan",
                                      "Projections": "",
                                      "Filters": "d_year=1998",
                                      "Estimated Cardinality": "585"
                                    },
                                    "cumulative_cardinality": 0,
                                    "operator_type": "TABLE_SCAN",
                                    "operator_cardinality": 365,
                                    "cumulative_rows_scanned": 0,
                                    "operator_rows_scanned": 73049,
                                    "operator_timing": 2.8788999999999998e-05,
                                    "children": []
                                  }
                                ]
                              }
                            ]
                          },
                          {
                            "total_bytes_written": 0,
                            "total_bytes_read": 0,
                            "result_set_size": 42340,
                            "operator_name": "PROJECTION",
                            "cpu_time": 0.0,
                            "extra_info": {
                              "Projections": [
                                "d_week_seq2",
                                "sun_sales2",
                                "mon_sales2",
                                "tue_sales2",
                                "wed_sales2",
                                "thu_sales2",
                                "fri_sales2",
                                "sat_sales2"
                              ],
                              "Estimated Cardinality": "94872"
                            },
                            "cumulative_cardinality": 0,
                            "operator_type": "PROJECTION",
                            "operator_cardinality": 365,
                            "cumulative_rows_scanned": 0,
                            "operator_rows_scanned": 0,
                            "operator_timing": 6.961999999999999e-06,
                            "children": [
                              {
                                "total_bytes_written": 0,
                                "total_bytes_read": 0,
                                "result_set_size": 45260,
                                "operator_name": "HASH_JOIN",
                                "cpu_time": 0.0,
                                "extra_info": {
                                  "Join Type": "INNER",
                                  "Conditions": "d_week_seq = d_week_seq",
                                  "Estimated Cardinality": "94872"
                                },
                                "cumulative_cardinality": 0,
                                "operator_type": "HASH_JOIN",
                                "operator_cardinality": 365,
                                "cumulative_rows_scanned": 0,
                                "operator_rows_scanned": 0,
                                "operator_timing": 0.0004800519999999999,
                                "children": [
                                  {
                                    "total_bytes_written": 0,
                                    "total_bytes_read": 0,
                                    "result_set_size": 30508,
                                    "operator_name": "CTE_SCAN",
                                    "cpu_time": 0.0,
                                    "extra_info": {
                                      "CTE Index": "22",
                                      "Estimated Cardinality": "562912"
                                    },
                                    "cumulative_cardinality": 0,
                                    "operator_type": "CTE_SCAN",
                                    "operator_cardinality": 263,
                                    "cumulative_rows_scanned": 0,
                                    "operator_rows_scanned": 0,
                                    "operator_timing": 5.2795999999999994e-05,
                                    "children": []
                                  },
                                  {
                                    "total_bytes_written": 0,
                                    "total_bytes_read": 0,
                                    "result_set_size": 2920,
                                    "operator_name": "SEQ_SCAN ",
                                    "cpu_time": 0.0,
                                    "extra_info": {
                                      "Table": "date_dim",
                                      "Type": "Sequential Scan",
                                      "Projections": "",
                                      "Filters": "d_year=1999",
                                      "Estimated Cardinality": "585"
                                    },
                                    "cumulative_cardinality": 0,
                                    "operator_type": "TABLE_SCAN",
                                    "operator_cardinality": 365,
                                    "cumulative_rows_scanned": 0,
                                    "operator_rows_scanned": 73049,
                                    "operator_timing": 3.1276000000000003e-05,
                                    "children": []
                                  }
                                ]
                              }
                            ]
                          }
                        ]
                      }
                    ]
                  }
                ]
              }
            ]
          }
        ]
      }
    ]
  }
}