{
  "benchmark": "tpcds",
  "query_id": "query_1",
  "source_sql": "/mnt/d/TPC-DS/queries_duckdb_converted/query_1.sql",
  "database": "/mnt/d/TPC-DS/tpcds_sf10.duckdb",
  "statement_count": 1,
  "client_elapsed_ms": 122.23928700041142,
  "execution_time_ms": 0.0,
  "plan_json": {
    "total_bytes_written": 0,
    "total_bytes_read": 0,
    "rows_returned": 0,
    "latency": 0.0,
    "result_set_size": 0,
    "query_name": "",
    "blocked_thread_time": 0.0,
    "system_peak_buffer_memory": 0,
    "system_peak_temp_dir_size": 0,
    "cpu_time": 0.0,
    "extra_info": {},
    "cumulative_cardinality": 0,
    "cumulative_rows_scanned": 0,
    "children": [
      {
        "total_bytes_written": 0,
        "total_bytes_read": 0,
        "result_set_size": 0,
        "operator_name": "EXPLAIN_ANALYZE",
        "cpu_time": 0.0,
        "extra_info": {},
        "cumulative_cardinality": 0,
        "operator_type": "EXPLAIN_ANALYZE",
        "operator_cardinality": 0,
        "cumulative_rows_scanned": 0,
        "operator_rows_scanned": 0,
        "operator_timing": 5.93e-07,
        "children": [
          {
            "total_bytes_written": 0,
            "total_bytes_read": 0,
            "result_set_size": 0,
            "operator_name": "CTE",
            "cpu_time": 0.0,
            "extra_info": {
              "CTE Name": "customer_total_return",
              "Table Index": "0",
              "Estimated Cardinality": "1"
            },
            "cumulative_cardinality": 0,
            "operator_type": "CTE",
            "operator_cardinality": 0,
            "cumulative_rows_scanned": 0,
            "operator_rows_scanned": 0,
            "operator_timing": 0.0034374099999999993,
            "children": [
              {
                "total_bytes_written": 0,
                "total_bytes_read": 0,
                "result_set_size": 12943944,
                "operator_name": "PROJECTION",
                "cpu_time": 0.0,
                "extra_info": {
                  "Projections": [
                    "#0",
                    "__internal_decompress_integral_integer(#1, 1)",
                    "#2"
                  ],
                  "Estimated Cardinality": "23035"
                },
                "cumulative_cardinality": 0,
                "operator_type": "PROJECTION",
                "operator_cardinality": 539331,
                "cumulative_rows_scanned": 0,
                "operator_rows_scanned": 0,
                "operator_timing": 0.0005264730000000001,
                "children": [
                  {
                    "total_bytes_written": 0,
                    "total_bytes_read": 0,
                    "result_set_size": 11325951,
                    "operator_name": "HASH_GROUP_BY",
                    "cpu_time": 0.0,
                    "extra_info": {
                      "Groups": [
                        "#0",
                        "#1"
                      ],
                      "Aggregates": "sum(#2)",
                      "Estimated Cardinality": "23035"
                    },
                    "cumulative_cardinality": 0,
                    "operator_type": "HASH_GROUP_BY",
                    "operator_cardinality": 539331,
                    "cumulative_rows_scanned": 0,
                    "operator_rows_scanned": 0,
                    "operator_timing": 0.09812006999999998,
                    "children": [
                      {
                        "total_bytes_written": 0,
                        "total_bytes_read": 0,
                        "result_set_size": 5019345,
                        "operator_name": "PROJECTION",
                        "cpu_time": 0.0,
                        "extra_info": {
                          "Projections": [
                            "sr_customer_sk",
                            "sr_store_sk",
                            "sr_fee"
                          ],
                          "Estimated Cardinality": "23044"
                        },
                        "cumulative_cardinality": 0,
                        "operator_type": "PROJECTION",
                        "operator_cardinality": 557705,
                        "cumulative_rows_scanned": 0,
                        "operator_rows_scanned": 0,
                        "operator_timing": 0.000363242,
                        "children": [
                          {
                            "total_bytes_written": 0,
                            "total_bytes_read": 0,
                            "result_set_size": 6134755,
                            "operator_name": "PROJECTION",
                            "cpu_time": 0.0,
                            "extra_info": {
                              "Projections": [
                                "#0",
                                "__internal_compress_integral_utinyint(#1, 1)",
                                "#2",
                                "__internal_compress_integral_usmallint(#3, 2450820)"
                              ],
                              "Estimated Cardinality": "23044"
                            },
                            "cumulative_cardinality": 0,
                            "operator_type": "PROJECTION",
                            "operator_cardinality": 557705,
                            "cumulative_rows_scanned": 0,
                            "operator_rows_scanned": 0,
                            "operator_timing": 0.00335822,
                            "children": [
                              {
                                "total_bytes_written": 0,
                                "total_bytes_read": 0,
                                "result_set_size": 8923280,
                                "operator_name": "HASH_JOIN",
                                "cpu_time": 0.0,
                                "extra_info": {
                                  "Join Type": "INNER",
                                  "Conditions": "sr_returned_date_sk = d_date_sk",
                                  "Estimated Cardinality": "23044"
                                },
                                "cumulative_cardinality": 0,
                                "operator_type": "HASH_JOIN",
                                "operator_cardinality": 557705,
                                "cumulative_rows_scanned": 0,
                                "operator_rows_scanned": 0,
                                "operator_timing": 0.004238586,
                                "children": [
                                  {
                                    "total_bytes_written": 0,
                                    "total_bytes_read": 0,
                                    "result_set_size": 8923280,
                                    "operator_name": "SEQ_SCAN ",
                                    "cpu_time": 0.0,
                                    "extra_info": {
                                      "Table": "store_returns",
                                      "Type": "Sequential Scan",
                                      "Projections": [
                                        "sr_returned_date_sk",
                                        "sr_customer_sk",
                                        "sr_store_sk",
                                        "sr_fee"
                                      ],
                                      "Estimated Cardinality": "2877532"
                                    },
                                    "cumulative_cardinality": 0,
                                    "operator_type": "TABLE_SCAN",
                                    "operator_cardinality": 557705,
                                    "cumulative_rows_scanned": 0,
                                    "operator_rows_scanned": 34530384,
                                    "operator_timing": 0.021810354,
                                    "children": []
                                  },
                                  {
                                    "total_bytes_written": 0,
                                    "total_bytes_read": 0,
                                    "result_set_size": 1464,
                                    "operator_name": "FILTER",
                                    "cpu_time": 0.0,
                                    "extra_info": {
                                      "Expression": "(d_date_sk BETWEEN 2450820 AND 2452822)",
                                      "Estimated Cardinality": "585"
                                    },
                                    "cumulative_cardinality": 0,
                                    "operator_type": "FILTER",
                                    "operator_cardinality": 366,
                                    "cumulative_rows_scanned": 0,
                                    "operator_rows_scanned": 0,
                                    "operator_timing": 1.3906e-05,
                                    "children": [
                                      {
                                        "total_bytes_written": 0,
                                        "total_bytes_read": 0,
                                        "result_set_size": 1464,
                                        "operator_name": "SEQ_SCAN ",
                                        "cpu_time": 0.0,
                                        "extra_info": {
                                          "Table": "date_dim",
                                          "Type": "Sequential Scan",
                                          "Projections": "d_date_sk",
                                          "Filters": "d_year=2000",
                                          "Estimated Cardinality": "585"
                                        },
                                        "cumulative_cardinality": 0,
                                        "operator_type": "TABLE_SCAN",
                                        "operator_cardinality": 366,
                                        "cumulative_rows_scanned": 0,
                                        "operator_rows_scanned": 73049,
                                        "operator_timing": 3.7859e-05,
                                        "children": []
                                      }
                                    ]
                                  }
                                ]
                              }
                            ]
                          }
                        ]
                      }
                    ]
                  }
                ]
              },
              {
                "total_bytes_written": 0,
                "total_bytes_read": 0,
                "result_set_size": 1600,
                "operator_name": "TOP_N",
                "cpu_time": 0.0,
                "extra_info": {
                  "Top": "100",
                  "Order By": "tpcds_sf10.main.customer.c_customer_id ASC"
                },
                "cumulative_cardinality": 0,
                "operator_type": "TOP_N",
                "operator_cardinality": 100,
                "cumulative_rows_scanned": 0,
                "operator_rows_scanned": 0,
                "operator_timing": 0.002032661,
                "children": [
                  {
                    "total_bytes_written": 0,
                    "total_bytes_read": 0,
                    "result_set_size": 991584,
                    "operator_name": "PROJECTION",
                    "cpu_time": 0.0,
                    "extra_info": {
                      "Projections": "#0",
                      "Estimated Cardinality": "1"
                    },
                    "cumulative_cardinality": 0,
                    "operator_type": "PROJECTION",
                    "operator_cardinality": 61974,
                    "cumulative_rows_scanned": 0,
                    "operator_rows_scanned": 0,
                    "operator_timing": 1.6640000000000003e-05,
                    "children": [
                      {
                        "total_bytes_written": 0,
                        "total_bytes_read": 0,
                        "result_set_size": 2478960,
                        "operator_name": "FILTER",
                        "cpu_time": 0.0,
                        "extra_info": {
                          "Expression": "(CAST(ctr_total_return AS DOUBLE) > SUBQUERY)",
                          "Estimated Cardinality": "1"
                        },
                        "cumulative_cardinality": 0,
                        "operator_type": "FILTER",
                        "operator_cardinality": 61974,
                        "cumulative_rows_scanned": 0,
                        "operator_rows_scanned": 0,
                        "operator_timing": 0.004373206,
                        "children": [
                          {
                            "total_bytes_written": 0,
                            "total_bytes_read": 0,
                            "result_set_size": 0,
                            "operator_name": "LEFT_DELIM_JOIN",
                            "cpu_time": 0.0,
                            "extra_info": {
                              "Join Type": "LEFT",
                              "Conditions": "ctr_store_sk IS NOT DISTINCT FROM ctr_store_sk",
                              "Estimated Cardinality": "0",
                              "Delim Index": "1"
                            },
                            "cumulative_cardinality": 0,
                            "operator_type": "LEFT_DELIM_JOIN",
                            "operator_cardinality": 0,
                            "cumulative_rows_scanned": 0,
                            "operator_rows_scanned": 0,
                            "operator_timing": 0.0060345519999999995,
                            "children": [
                              {
                                "total_bytes_written": 0,
                                "total_bytes_read": 0,
                                "result_set_size": 5680260,
                                "operator_name": "HASH_JOIN",
                                "cpu_time": 0.0,
                                "extra_info": {
                                  "Join Type": "INNER",
                                  "Conditions": "c_customer_sk = ctr_customer_sk",
                                  "Estimated Cardinality": "1"
                                },
                                "cumulative_cardinality": 0,
                                "operator_type": "HASH_JOIN",
                                "operator_cardinality": 157785,
                                "cumulative_rows_scanned": 0,
                                "operator_rows_scanned": 0,
                                "operator_timing": 0.019478508999999995,
                                "children": [
                                  {
                                    "total_bytes_written": 0,
                                    "total_bytes_read": 0,
                                    "result_set_size": 9999920,
                                    "operator_name": "SEQ_SCAN ",
                                    "cpu_time": 0.0,
                                    "extra_info": {
                                      "Table": "customer",
                                      "Type": "Sequential Scan",
                                      "Projections": "",
                                      "Estimated Cardinality": "500000"
                                    },
                                    "cumulative_cardinality": 0,
                                    "operator_type": "TABLE_SCAN",
                                    "operator_cardinality": 499996,
                                    "cumulative_rows_scanned": 0,
                                    "operator_rows_scanned": 2500000,
                                    "operator_timing": 0.007114354000000001,
                                    "children": []
                                  },
                                  {
                                    "total_bytes_written": 0,
                                    "total_bytes_read": 0,
                                    "result_set_size": 6943200,
                                    "operator_name": "HASH_JOIN",
                                    "cpu_time": 0.0,
                                    "extra_info": {
                                      "Join Type": "INNER",
                                      "Conditions": "ctr_store_sk = s_store_sk",
                                      "Estimated Cardinality": "1"
                                    },
                                    "cumulative_cardinality": 0,
                                    "operator_type": "HASH_JOIN",
                                    "operator_cardinality": 157800,
                                    "cumulative_rows_scanned": 0,
                                    "operator_rows_scanned": 0,
                                    "operator_timing": 0.003141143,
                                    "children": [
                                      {
                                        "total_bytes_written": 0,
                                        "total_bytes_read": 0,
                                        "result_set_size": 12943944,
                                        "operator_name": "CTE_SCAN",
                                        "cpu_time": 0.0,
                                        "extra_info": {
                                          "CTE Index": "0",
                                          "Estimated Cardinality": "23035"
                                        },
                                        "cumulative_cardinality": 0,
                                        "operator_type": "CTE_SCAN",
                                        "operator_cardinality": 539331,
                                        "cumulative_rows_scanned": 0,
                                        "operator_rows_scanned": 0,
                                        "operator_timing": 0.0005845779999999999,
                                        "children": []
                                      },
                                      {
                                        "total_bytes_written": 0,
                                        "total_bytes_read": 0,
                                        "result_set_size": 700,
                                        "operator_name": "SEQ_SCAN ",
                                        "cpu_time": 0.0,
                                        "extra_info": {
                                          "Table": "store",
                                          "Type": "Sequential Scan",
                                          "Projections": "",
                                          "Filters": "s_state='SD'",
                                          "Estimated Cardinality": "34"
                                        },
                                        "cumulative_cardinality": 0,
                                        "operator_type": "TABLE_SCAN",
                                        "operator_cardinality": 35,
                                        "cumulative_rows_scanned": 0,
                                        "operator_rows_scanned": 102,
                                        "operator_timing": 1.8311e-05,
                                        "children": []
                                      }
                                    ]
                                  }
                                ]
                              },
                              {
                                "total_bytes_written": 0,
                                "total_bytes_read": 0,
                                "result_set_size": 6311400,
                                "operator_name": "HASH_JOIN",
                                "cpu_time": 0.0,
                                "extra_info": {
                                  "Join Type": "LEFT",
                                  "Conditions": "ctr_store_sk IS NOT DISTINCT FROM ctr_store_sk",
                                  "Estimated Cardinality": "0"
                                },
                                "cumulative_cardinality": 0,
                                "operator_type": "HASH_JOIN",
                                "operator_cardinality": 157785,
                                "cumulative_rows_scanned": 0,
                                "operator_rows_scanned": 0,
                                "operator_timing": 0.0022600460000000004,
                                "children": [
                                  {
                                    "total_bytes_written": 0,
                                    "total_bytes_read": 0,
                                    "result_set_size": 5680260,
                                    "operator_name": "COLUMN_DATA_SCAN",
                                    "cpu_time": 0.0,
                                    "extra_info": {
                                      "Estimated Cardinality": "0"
                                    },
                                    "cumulative_cardinality": 0,
                                    "operator_type": "COLUMN_DATA_SCAN",
                                    "operator_cardinality": 157785,
                                    "cumulative_rows_scanned": 0,
                                    "operator_rows_scanned": 0,
                                    "operator_timing": 0.000198162,
                                    "children": []
                                  },
                                  {
                                    "total_bytes_written": 0,
                                    "total_bytes_read": 0,
                                    "result_set_size": 180,
                                    "operator_name": "PROJECTION",
                                    "cpu_time": 0.0,
                                    "extra_info": {
                                      "Projections": [
                                        "(avg(ctr_total_return) * 1.2)",
                                        "ctr_store_sk"
                                      ],
                                      "Estimated Cardinality": "0"
                                    },
                                    "cumulative_cardinality": 0,
                                    "operator_type": "PROJECTION",
                                    "operator_cardinality": 15,
                                    "cumulative_rows_scanned": 0,
                                    "operator_rows_scanned": 0,
                                    "operator_timing": 3.5066e-05,
                                    "children": [
                                      {
                                        "total_bytes_written": 0,
                                        "total_bytes_read": 0,
                                        "result_set_size": 180,
                                        "operator_name": "HASH_GROUP_BY",
                                        "cpu_time": 0.0,
                                        "extra_info": {
                                          "Groups": "#0",
                                          "Aggregates": "avg(#1)",
                                          "Estimated Cardinality": "0"
                                        },
                                        "cumulative_cardinality": 0,
                                        "operator_type": "HASH_GROUP_BY",
                                        "operator_cardinality": 15,
                                        "cumulative_rows_scanned": 0,
                                        "operator_rows_scanned": 0,
                                        "operator_timing": 0.008192519999999998,
                                        "children": [
                                          {
                                            "total_bytes_written": 0,
                                            "total_bytes_read": 0,
                                            "result_set_size": 3156000,
                                            "operator_name": "PROJECTION",
                                            "cpu_time": 0.0,
                                            "extra_info": {
                                              "Projections": [
                                                "ctr_store_sk",
                                                "ctr_total_return"
                                              ],
                                              "Estimated Cardinality": "0"
                                            },
                                            "cumulative_cardinality": 0,
                                            "operator_type": "PROJECTION",
                                            "operator_cardinality": 157800,
                                            "cumulative_rows_scanned": 0,
                                            "operator_rows_scanned": 0,
                                            "operator_timing": 6.0950000000000004e-05,
                                            "children": [
                                              {
                                                "total_bytes_written": 0,
                                                "total_bytes_read": 0,
                                                "result_set_size": 3787200,
                                                "operator_name": "HASH_JOIN",
                                                "cpu_time": 0.0,
                                                "extra_info": {
                                                  "Join Type": "INNER",
                                                  "Conditions": "ctr_store_sk = ctr_store_sk",
                                                  "Estimated Cardinality": "0"
                                                },
                                                "cumulative_cardinality": 0,
                                                "operator_type": "HASH_JOIN",
                                                "operator_cardinality": 157800,
                                                "cumulative_rows_scanned": 0,
                                                "operator_rows_scanned": 0,
                                                "operator_timing": 0.00309786,
                                                "children": [
                                                  {
                                                    "total_bytes_written": 0,
                                                    "total_bytes_read": 0,
                                                    "result_set_size": 12943944,
                                                    "operator_name": "CTE_SCAN",
                                                    "cpu_time": 0.0,
                                                    "extra_info": {
                                                      "CTE Index": "0",
                                                      "Estimated Cardinality": "23035"
                                                    },
                                                    "cumulative_cardinality": 0,
                                                    "operator_type": "CTE_SCAN",
                                                    "operator_cardinality": 539331,
                                                    "cumulative_rows_scanned": 0,
                                                    "operator_rows_scanned": 0,
                                                    "operator_timing": 0.000829376,
                                                    "children": []
                                                  },
                                                  {
                                                    "total_bytes_written": 0,
                                                    "total_bytes_read": 0,
                                                    "result_set_size": 0,
                                                    "operator_name": "DELIM_SCAN",
                                                    "cpu_time": 0.0,
                                                    "extra_info": {
                                                      "Delim Index": "1",
                                                      "Estimated Cardinality": "0"
                                                    },
                                                    "cumulative_cardinality": 0,
                                                    "operator_type": "DELIM_SCAN",
                                                    "operator_cardinality": 0,
                                                    "cumulative_rows_scanned": 0,
                                                    "operator_rows_scanned": 0,
                                                    "operator_timing": 0.0,
                                                    "children": []
                                                  }
                                                ]
                                              }
                                            ]
                                          }
                                        ]
                                      }
                                    ]
                                  }
                                ]
                              },
                              {
                                "total_bytes_written": 0,
                                "total_bytes_read": 0,
                                "result_set_size": 60,
                                "operator_name": "HASH_GROUP_BY",
                                "cpu_time": 0.0,
                                "extra_info": {
                                  "Groups": "#1",
                                  "Aggregates": "",
                                  "Estimated Cardinality": "0"
                                },
                                "cumulative_cardinality": 0,
                                "operator_type": "HASH_GROUP_BY",
                                "operator_cardinality": 15,
                                "cumulative_rows_scanned": 0,
                                "operator_rows_scanned": 0,
                                "operator_timing": 0.0011961489999999999,
                                "children": []
                              }
                            ]
                          }
                        ]
                      }
                    ]
                  }
                ]
              }
            ]
          }
        ]
      }
    ]
  }
}