{
  "benchmark": "tpcds",
  "query_id": "query_43",
  "source_sql": "/mnt/d/TPC-DS/queries_duckdb_converted/query_43.sql",
  "database": "/mnt/d/TPC-DS/tpcds_sf10.duckdb",
  "statement_count": 1,
  "client_elapsed_ms": 82.97138799753156,
  "execution_time_ms": 0.0,
  "plan_json": {
    "total_bytes_written": 0,
    "total_bytes_read": 0,
    "rows_returned": 0,
    "latency": 0.0,
    "result_set_size": 0,
    "query_name": "",
    "blocked_thread_time": 0.0,
    "system_peak_buffer_memory": 0,
    "system_peak_temp_dir_size": 0,
    "cpu_time": 0.0,
    "extra_info": {},
    "cumulative_cardinality": 0,
    "cumulative_rows_scanned": 0,
    "children": [
      {
        "total_bytes_written": 0,
        "total_bytes_read": 0,
        "result_set_size": 0,
        "operator_name": "EXPLAIN_ANALYZE",
        "cpu_time": 0.0,
        "extra_info": {},
        "cumulative_cardinality": 0,
        "operator_type": "EXPLAIN_ANALYZE",
        "operator_cardinality": 0,
        "cumulative_rows_scanned": 0,
        "operator_rows_scanned": 0,
        "operator_timing": 4.31e-07,
        "children": [
          {
            "total_bytes_written": 0,
            "total_bytes_read": 0,
            "result_set_size": 2592,
            "operator_name": "TOP_N",
            "cpu_time": 0.0,
            "extra_info": {
              "Top": "100",
              "Order By": [
                "tpcds_sf10.main.store.s_store_name ASC",
                "tpcds_sf10.main.store.s_store_id ASC",
                "sum(CASE  WHEN ((tpcds_sf10.main.date_dim.d_day_name = 'Sunday')) THEN (tpcds_sf10.main.store_sales.ss_sales_price) ELSE NULL END) ASC",
                "sum(CASE  WHEN ((tpcds_sf10.main.date_dim.d_day_name = 'Monday')) THEN (tpcds_sf10.main.store_sales.ss_sales_price) ELSE NULL END) ASC",
                "sum(CASE  WHEN ((tpcds_sf10.main.date_dim.d_day_name = 'Tuesday')) THEN (tpcds_sf10.main.store_sales.ss_sales_price) ELSE NULL END) ASC",
                "sum(CASE  WHEN ((tpcds_sf10.main.date_dim.d_day_name = 'Wednesday')) THEN (tpcds_sf10.main.store_sales.ss_sales_price) ELSE NULL END) ASC",
                "sum(CASE  WHEN ((tpcds_sf10.main.date_dim.d_day_name = 'Thursday')) THEN (tpcds_sf10.main.store_sales.ss_sales_price) ELSE NULL END) ASC",
                "sum(CASE  WHEN ((tpcds_sf10.main.date_dim.d_day_name = 'Friday')) THEN (tpcds_sf10.main.store_sales.ss_sales_price) ELSE NULL END) ASC",
                "sum(CASE  WHEN ((tpcds_sf10.main.date_dim.d_day_name = 'Saturday')) THEN (tpcds_sf10.main.store_sales.ss_sales_price) ELSE NULL END) ASC"
              ]
            },
            "cumulative_cardinality": 0,
            "operator_type": "TOP_N",
            "operator_cardinality": 18,
            "cumulative_rows_scanned": 0,
            "operator_rows_scanned": 0,
            "operator_timing": 0.000177246,
            "children": [
              {
                "total_bytes_written": 0,
                "total_bytes_read": 0,
                "result_set_size": 2592,
                "operator_name": "PROJECTION",
                "cpu_time": 0.0,
                "extra_info": {
                  "Projections": [
                    "__internal_decompress_string(#0)",
                    "#1",
                    "#2",
                    "#3",
                    "#4",
                    "#5",
                    "#6",
                    "#7",
                    "#8"
                  ],
                  "Estimated Cardinality": "13231"
                },
                "cumulative_cardinality": 0,
                "operator_type": "PROJECTION",
                "operator_cardinality": 18,
                "cumulative_rows_scanned": 0,
                "operator_rows_scanned": 0,
                "operator_timing": 2.9654e-05,
                "children": [
                  {
                    "total_bytes_written": 0,
                    "total_bytes_read": 0,
                    "result_set_size": 2448,
                    "operator_name": "HASH_GROUP_BY",
                    "cpu_time": 0.0,
                    "extra_info": {
                      "Groups": [
                        "#0",
                        "#1"
                      ],
                      "Aggregates": [
                        "sum(#2)",
                        "sum(#3)",
                        "sum(#4)",
                        "sum(#5)",
                        "sum(#6)",
                        "sum(#7)",
                        "sum(#8)"
                      ],
                      "Estimated Cardinality": "13231"
                    },
                    "cumulative_cardinality": 0,
                    "operator_type": "HASH_GROUP_BY",
                    "operator_cardinality": 18,
                    "cumulative_rows_scanned": 0,
                    "operator_rows_scanned": 0,
                    "operator_timing": 0.1488262429999999,
                    "children": [
                      {
                        "total_bytes_written": 0,
                        "total_bytes_read": 0,
                        "result_set_size": 99257704,
                        "operator_name": "PROJECTION",
                        "cpu_time": 0.0,
                        "extra_info": {
                          "Projections": [
                            "s_store_name",
                            "s_store_id",
                            "CASE  WHEN ((d_day_name = 'Sunday')) THEN (ss_sales_price) ELSE NULL END",
                            "CASE  WHEN ((d_day_name = 'Monday')) THEN (ss_sales_price) ELSE NULL END",
                            "CASE  WHEN ((d_day_name = 'Tuesday')) THEN (ss_sales_price) ELSE NULL END",
                            "CASE  WHEN ((d_day_name = 'Wednesday')) THEN (ss_sales_price) ELSE NULL END",
                            "CASE  WHEN ((d_day_name = 'Thursday')) THEN (ss_sales_price) ELSE NULL END",
                            "CASE  WHEN ((d_day_name = 'Friday')) THEN (ss_sales_price) ELSE NULL END",
                            "CASE  WHEN ((d_day_name = 'Saturday')) THEN (ss_sales_price) ELSE NULL END"
                          ],
                          "Estimated Cardinality": "117630"
                        },
                        "cumulative_cardinality": 0,
                        "operator_type": "PROJECTION",
                        "operator_cardinality": 1908802,
                        "cumulative_rows_scanned": 0,
                        "operator_rows_scanned": 0,
                        "operator_timing": 0.21966387600000006,
                        "children": [
                          {
                            "total_bytes_written": 0,
                            "total_bytes_read": 0,
                            "result_set_size": 83987288,
                            "operator_name": "PROJECTION",
                            "cpu_time": 0.0,
                            "extra_info": {
                              "Projections": [
                                "#1",
                                "#0",
                                "__internal_compress_string_ubigint(#2)",
                                "#3"
                              ],
                              "Estimated Cardinality": "117630"
                            },
                            "cumulative_cardinality": 0,
                            "operator_type": "PROJECTION",
                            "operator_cardinality": 1908802,
                            "cumulative_rows_scanned": 0,
                            "operator_rows_scanned": 0,
                            "operator_timing": 0.033005075,
                            "children": [
                              {
                                "total_bytes_written": 0,
                                "total_bytes_read": 0,
                                "result_set_size": 99257704,
                                "operator_name": "HASH_JOIN",
                                "cpu_time": 0.0,
                                "extra_info": {
                                  "Join Type": "INNER",
                                  "Conditions": "ss_store_sk = s_store_sk",
                                  "Estimated Cardinality": "117630"
                                },
                                "cumulative_cardinality": 0,
                                "operator_type": "HASH_JOIN",
                                "operator_cardinality": 1908802,
                                "cumulative_rows_scanned": 0,
                                "operator_rows_scanned": 0,
                                "operator_timing": 0.052620561999999996,
                                "children": [
                                  {
                                    "total_bytes_written": 0,
                                    "total_bytes_read": 0,
                                    "result_set_size": 121776072,
                                    "operator_name": "HASH_JOIN",
                                    "cpu_time": 0.0,
                                    "extra_info": {
                                      "Join Type": "INNER",
                                      "Conditions": "ss_sold_date_sk = d_date_sk",
                                      "Estimated Cardinality": "230647"
                                    },
                                    "cumulative_cardinality": 0,
                                    "operator_type": "HASH_JOIN",
                                    "operator_cardinality": 5074003,
                                    "cumulative_rows_scanned": 0,
                                    "operator_rows_scanned": 0,
                                    "operator_timing": 0.05285626100000001,
                                    "children": [
                                      {
                                        "total_bytes_written": 0,
                                        "total_bytes_read": 0,
                                        "result_set_size": 60888036,
                                        "operator_name": "SEQ_SCAN ",
                                        "cpu_time": 0.0,
                                        "extra_info": {
                                          "Table": "store_sales",
                                          "Type": "Sequential Scan",
                                          "Projections": [
                                            "ss_sold_date_sk",
                                            "ss_store_sk",
                                            "ss_sales_price"
                                          ],
                                          "Estimated Cardinality": "28800991"
                                        },
                                        "cumulative_cardinality": 0,
                                        "operator_type": "TABLE_SCAN",
                                        "operator_cardinality": 5074003,
                                        "cumulative_rows_scanned": 0,
                                        "operator_rows_scanned": 345611892,
                                        "operator_timing": 0.306640273,
                                        "children": []
                                      },
                                      {
                                        "total_bytes_written": 0,
                                        "total_bytes_read": 0,
                                        "result_set_size": 7320,
                                        "operator_name": "FILTER",
                                        "cpu_time": 0.0,
                                        "extra_info": {
                                          "Expression": "(d_date_sk BETWEEN 2450816 AND 2452642)",
                                          "Estimated Cardinality": "585"
                                        },
                                        "cumulative_cardinality": 0,
                                        "operator_type": "FILTER",
                                        "operator_cardinality": 366,
                                        "cumulative_rows_scanned": 0,
                                        "operator_rows_scanned": 0,
                                        "operator_timing": 1.4476e-05,
                                        "children": [
                                          {
                                            "total_bytes_written": 0,
                                            "total_bytes_read": 0,
                                            "result_set_size": 7320,
                                            "operator_name": "SEQ_SCAN ",
                                            "cpu_time": 0.0,
                                            "extra_info": {
                                              "Table": "date_dim",
                                              "Type": "Sequential Scan",
                                              "Projections": [
                                                "d_date_sk",
                                                "d_day_name"
                                              ],
                                              "Filters": "d_year=2000",
                                              "Estimated Cardinality": "585"
                                            },
                                            "cumulative_cardinality": 0,
                                            "operator_type": "TABLE_SCAN",
                                            "operator_cardinality": 366,
                                            "cumulative_rows_scanned": 0,
                                            "operator_rows_scanned": 73049,
                                            "operator_timing": 5.425200000000001e-05,
                                            "children": []
                                          }
                                        ]
                                      }
                                    ]
                                  },
                                  {
                                    "total_bytes_written": 0,
                                    "total_bytes_read": 0,
                                    "result_set_size": 1116,
                                    "operator_name": "FILTER",
                                    "cpu_time": 0.0,
                                    "extra_info": {
                                      "Expression": "(s_store_sk <= 100)",
                                      "Estimated Cardinality": "51"
                                    },
                                    "cumulative_cardinality": 0,
                                    "operator_type": "FILTER",
                                    "operator_cardinality": 31,
                                    "cumulative_rows_scanned": 0,
                                    "operator_rows_scanned": 0,
                                    "operator_timing": 1.4429e-05,
                                    "children": [
                                      {
                                        "total_bytes_written": 0,
                                        "total_bytes_read": 0,
                                        "result_set_size": 1116,
                                        "operator_name": "SEQ_SCAN ",
                                        "cpu_time": 0.0,
                                        "extra_info": {
                                          "Table": "store",
                                          "Type": "Sequential Scan",
                                          "Projections": [
                                            "s_store_sk",
                                            "s_store_name",
                                            "s_store_id"
                                          ],
                                          "Filters": "s_gmt_offset=-5.00",
                                          "Estimated Cardinality": "51"
                                        },
                                        "cumulative_cardinality": 0,
                                        "operator_type": "TABLE_SCAN",
                                        "operator_cardinality": 31,
                                        "cumulative_rows_scanned": 0,
                                        "operator_rows_scanned": 102,
                                        "operator_timing": 2.5719000000000002e-05,
                                        "children": []
                                      }
                                    ]
                                  }
                                ]
                              }
                            ]
                          }
                        ]
                      }
                    ]
                  }
                ]
              }
            ]
          }
        ]
      }
    ]
  }
}