{
  "query_id": "query080_multi",
  "engine": "postgresql",
  "benchmark": "dsb",
  "scale_factor": 10,
  "execution_time_ms": 1177.904,
  "planning_time_ms": 27.634,
  "plan_json": [
    {
      "Plan": {
        "Node Type": "Limit",
        "Parallel Aware": false,
        "Async Capable": false,
        "Startup Cost": 50810.24,
        "Total Cost": 50810.41,
        "Plan Rows": 7,
        "Plan Width": 160,
        "Actual Startup Time": 1173.235,
        "Actual Total Time": 1177.682,
        "Actual Rows": 3,
        "Actual Loops": 1,
        "Output": [
          "('store channel'::text)",
          "(('store'::text || (ssr.store_id)::text))",
          "(sum(ssr.sales))",
          "(sum(ssr.returns))",
          "(sum(ssr.profit))"
        ],
        "Shared Hit Blocks": 5615,
        "Shared Read Blocks": 8722,
        "Shared Dirtied Blocks": 0,
        "Shared Written Blocks": 0,
        "Local Hit Blocks": 0,
        "Local Read Blocks": 0,
        "Local Dirtied Blocks": 0,
        "Local Written Blocks": 0,
        "Temp Read Blocks": 0,
        "Temp Written Blocks": 0,
        "Plans": [
          {
            "Node Type": "Aggregate",
            "Strategy": "Sorted",
            "Partial Mode": "Simple",
            "Parent Relationship": "Outer",
            "Parallel Aware": false,
            "Async Capable": false,
            "Startup Cost": 50810.24,
            "Total Cost": 50810.41,
            "Plan Rows": 7,
            "Plan Width": 160,
            "Actual Startup Time": 1173.234,
            "Actual Total Time": 1177.68,
            "Actual Rows": 3,
            "Actual Loops": 1,
            "Output": [
              "('store channel'::text)",
              "(('store'::text || (ssr.store_id)::text))",
              "sum(ssr.sales)",
              "sum(ssr.returns)",
              "sum(ssr.profit)"
            ],
            "Grouping Sets": [
              {
                "Group Keys": [
                  [
                    "('store channel'::text)",
                    "(('store'::text || (ssr.store_id)::text))"
                  ],
                  [
                    "('store channel'::text)"
                  ],
                  []
                ]
              }
            ],
            "Shared Hit Blocks": 5615,
            "Shared Read Blocks": 8722,
            "Shared Dirtied Blocks": 0,
            "Shared Written Blocks": 0,
            "Local Hit Blocks": 0,
            "Local Read Blocks": 0,
            "Local Dirtied Blocks": 0,
            "Local Written Blocks": 0,
            "Temp Read Blocks": 0,
            "Temp Written Blocks": 0,
            "Plans": [
              {
                "Node Type": "Sort",
                "Parent Relationship": "Outer",
                "Parallel Aware": false,
                "Async Capable": false,
                "Startup Cost": 50810.24,
                "Total Cost": 50810.25,
                "Plan Rows": 3,
                "Plan Width": 160,
                "Actual Startup Time": 1173.222,
                "Actual Total Time": 1177.667,
                "Actual Rows": 1,
                "Actual Loops": 1,
                "Output": [
                  "('store channel'::text)",
                  "(('store'::text || (ssr.store_id)::text))",
                  "ssr.sales",
                  "ssr.returns",
                  "ssr.profit"
                ],
                "Sort Key": [
                  "('store channel'::text)",
                  "(('store'::text || (ssr.store_id)::text))"
                ],
                "Sort Method": "quicksort",
                "Sort Space Used": 25,
                "Sort Space Type": "Memory",
                "Shared Hit Blocks": 5615,
                "Shared Read Blocks": 8722,
                "Shared Dirtied Blocks": 0,
                "Shared Written Blocks": 0,
                "Local Hit Blocks": 0,
                "Local Read Blocks": 0,
                "Local Dirtied Blocks": 0,
                "Local Written Blocks": 0,
                "Temp Read Blocks": 0,
                "Temp Written Blocks": 0,
                "Plans": [
                  {
                    "Node Type": "Append",
                    "Parent Relationship": "Outer",
                    "Parallel Aware": false,
                    "Async Capable": false,
                    "Startup Cost": 17791.24,
                    "Total Cost": 50810.22,
                    "Plan Rows": 3,
                    "Plan Width": 160,
                    "Actual Startup Time": 418.897,
                    "Actual Total Time": 1177.659,
                    "Actual Rows": 1,
                    "Actual Loops": 1,
                    "Shared Hit Blocks": 5615,
                    "Shared Read Blocks": 8722,
                    "Shared Dirtied Blocks": 0,
                    "Shared Written Blocks": 0,
                    "Local Hit Blocks": 0,
                    "Local Read Blocks": 0,
                    "Local Dirtied Blocks": 0,
                    "Local Written Blocks": 0,
                    "Temp Read Blocks": 0,
                    "Temp Written Blocks": 0,
                    "Subplans Removed": 0,
                    "Plans": [
                      {
                        "Node Type": "Subquery Scan",
                        "Parent Relationship": "Member",
                        "Parallel Aware": false,
                        "Async Capable": false,
                        "Alias": "ssr",
                        "Startup Cost": 17791.24,
                        "Total Cost": 17791.29,
                        "Plan Rows": 1,
                        "Plan Width": 160,
                        "Actual Startup Time": 418.896,
                        "Actual Total Time": 418.964,
                        "Actual Rows": 1,
                        "Actual Loops": 1,
                        "Output": [
                          "'store channel'::text",
                          "('store'::text || (ssr.store_id)::text)",
                          "ssr.sales",
                          "ssr.returns",
                          "ssr.profit"
                        ],
                        "Shared Hit Blocks": 1626,
                        "Shared Read Blocks": 4281,
                        "Shared Dirtied Blocks": 0,
                        "Shared Written Blocks": 0,
                        "Local Hit Blocks": 0,
                        "Local Read Blocks": 0,
                        "Local Dirtied Blocks": 0,
                        "Local Written Blocks": 0,
                        "Temp Read Blocks": 0,
                        "Temp Written Blocks": 0,
                        "Plans": [
                          {
                            "Node Type": "Aggregate",
                            "Strategy": "Sorted",
                            "Partial Mode": "Simple",
                            "Parent Relationship": "Subquery",
                            "Parallel Aware": false,
                            "Async Capable": false,
                            "Startup Cost": 17791.24,
                            "Total Cost": 17791.28,
                            "Plan Rows": 1,
                            "Plan Width": 113,
                            "Actual Startup Time": 418.89,
                            "Actual Total Time": 418.957,
                            "Actual Rows": 1,
                            "Actual Loops": 1,
                            "Output": [
                              "store.s_store_id",
                              "sum(store_sales.ss_ext_sales_price)",
                              "sum(COALESCE(store_returns.sr_return_amt, '0'::numeric))",
                              "sum((store_sales.ss_net_profit - COALESCE(store_returns.sr_net_loss, '0'::numeric)))"
                            ],
                            "Group Key": [
                              "store.s_store_id"
                            ],
                            "Shared Hit Blocks": 1626,
                            "Shared Read Blocks": 4281,
                            "Shared Dirtied Blocks": 0,
                            "Shared Written Blocks": 0,
                            "Local Hit Blocks": 0,
                            "Local Read Blocks": 0,
                            "Local Dirtied Blocks": 0,
                            "Local Written Blocks": 0,
                            "Temp Read Blocks": 0,
                            "Temp Written Blocks": 0,
                            "Plans": [
                              {
                                "Node Type": "Sort",
                                "Parent Relationship": "Outer",
                                "Parallel Aware": false,
                                "Async Capable": false,
                                "Startup Cost": 17791.24,
                                "Total Cost": 17791.25,
                                "Plan Rows": 1,
                                "Plan Width": 41,
                                "Actual Startup Time": 418.866,
                                "Actual Total Time": 418.932,
                                "Actual Rows": 1,
                                "Actual Loops": 1,
                                "Output": [
                                  "store.s_store_id",
                                  "store_sales.ss_ext_sales_price",
                                  "store_returns.sr_return_amt",
                                  "store_sales.ss_net_profit",
                                  "store_returns.sr_net_loss"
                                ],
                                "Sort Key": [
                                  "store.s_store_id"
                                ],
                                "Sort Method": "quicksort",
                                "Sort Space Used": 25,
                                "Sort Space Type": "Memory",
                                "Shared Hit Blocks": 1626,
                                "Shared Read Blocks": 4281,
                                "Shared Dirtied Blocks": 0,
                                "Shared Written Blocks": 0,
                                "Local Hit Blocks": 0,
                                "Local Read Blocks": 0,
                                "Local Dirtied Blocks": 0,
                                "Local Written Blocks": 0,
                                "Temp Read Blocks": 0,
                                "Temp Written Blocks": 0,
                                "Plans": [
                                  {
                                    "Node Type": "Nested Loop",
                                    "Parent Relationship": "Outer",
                                    "Parallel Aware": false,
                                    "Async Capable": false,
                                    "Join Type": "Inner",
                                    "Startup Cost": 1026.12,
                                    "Total Cost": 17791.23,
                                    "Plan Rows": 1,
                                    "Plan Width": 41,
                                    "Actual Startup Time": 289.799,
                                    "Actual Total Time": 418.923,
                                    "Actual Rows": 1,
                                    "Actual Loops": 1,
                                    "Output": [
                                      "store.s_store_id",
                                      "store_sales.ss_ext_sales_price",
                                      "store_returns.sr_return_amt",
                                      "store_sales.ss_net_profit",
                                      "store_returns.sr_net_loss"
                                    ],
                                    "Inner Unique": true,
                                    "Shared Hit Blocks": 1626,
                                    "Shared Read Blocks": 4281,
                                    "Shared Dirtied Blocks": 0,
                                    "Shared Written Blocks": 0,
                                    "Local Hit Blocks": 0,
                                    "Local Read Blocks": 0,
                                    "Local Dirtied Blocks": 0,
                                    "Local Written Blocks": 0,
                                    "Temp Read Blocks": 0,
                                    "Temp Written Blocks": 0,
                                    "Plans": [
                                      {
                                        "Node Type": "Nested Loop",
                                        "Parent Relationship": "Outer",
                                        "Parallel Aware": false,
                                        "Async Capable": false,
                                        "Join Type": "Left",
                                        "Startup Cost": 1025.98,
                                        "Total Cost": 17791.07,
                                        "Plan Rows": 1,
                                        "Plan Width": 28,
                                        "Actual Startup Time": 289.689,
                                        "Actual Total Time": 418.811,
                                        "Actual Rows": 1,
                                        "Actual Loops": 1,
                                        "Output": [
                                          "store_sales.ss_ext_sales_price",
                                          "store_sales.ss_net_profit",
                                          "store_sales.ss_store_sk",
                                          "store_returns.sr_return_amt",
                                          "store_returns.sr_net_loss"
                                        ],
                                        "Inner Unique": true,
                                        "Shared Hit Blocks": 1625,
                                        "Shared Read Blocks": 4280,
                                        "Shared Dirtied Blocks": 0,
                                        "Shared Written Blocks": 0,
                                        "Local Hit Blocks": 0,
                                        "Local Read Blocks": 0,
                                        "Local Dirtied Blocks": 0,
                                        "Local Written Blocks": 0,
                                        "Temp Read Blocks": 0,
                                        "Temp Written Blocks": 0,
                                        "Plans": [
                                          {
                                            "Node Type": "Gather",
                                            "Parent Relationship": "Outer",
                                            "Parallel Aware": false,
                                            "Async Capable": false,
                                            "Startup Cost": 1025.55,
                                            "Total Cost": 17788.88,
                                            "Plan Rows": 1,
                                            "Plan Width": 24,
                                            "Actual Startup Time": 288.994,
                                            "Actual Total Time": 418.114,
                                            "Actual Rows": 1,
                                            "Actual Loops": 1,
                                            "Output": [
                                              "store_sales.ss_ext_sales_price",
                                              "store_sales.ss_net_profit",
                                              "store_sales.ss_store_sk",
                                              "store_sales.ss_item_sk",
                                              "store_sales.ss_ticket_number"
                                            ],
                                            "Workers Planned": 2,
                                            "Workers Launched": 2,
                                            "Single Copy": false,
                                            "Shared Hit Blocks": 1624,
                                            "Shared Read Blocks": 4278,
                                            "Shared Dirtied Blocks": 0,
                                            "Shared Written Blocks": 0,
                                            "Local Hit Blocks": 0,
                                            "Local Read Blocks": 0,
                                            "Local Dirtied Blocks": 0,
                                            "Local Written Blocks": 0,
                                            "Temp Read Blocks": 0,
                                            "Temp Written Blocks": 0,
                                            "Plans": [
                                              {
                                                "Node Type": "Nested Loop",
                                                "Parent Relationship": "Outer",
                                                "Parallel Aware": false,
                                                "Async Capable": false,
                                                "Join Type": "Inner",
                                                "Startup Cost": 25.55,
                                                "Total Cost": 16788.78,
                                                "Plan Rows": 1,
                                                "Plan Width": 24,
                                                "Actual Startup Time": 151.952,
                                                "Actual Total Time": 194.973,
                                                "Actual Rows": 0,
                                                "Actual Loops": 3,
                                                "Output": [
                                                  "store_sales.ss_ext_sales_price",
                                                  "store_sales.ss_net_profit",
                                                  "store_sales.ss_store_sk",
                                                  "store_sales.ss_item_sk",
                                                  "store_sales.ss_ticket_number"
                                                ],
                                                "Inner Unique": true,
                                                "Shared Hit Blocks": 1624,
                                                "Shared Read Blocks": 4278,
                                                "Shared Dirtied Blocks": 0,
                                                "Shared Written Blocks": 0,
                                                "Local Hit Blocks": 0,
                                                "Local Read Blocks": 0,
                                                "Local Dirtied Blocks": 0,
                                                "Local Written Blocks": 0,
                                                "Temp Read Blocks": 0,
                                                "Temp Written Blocks": 0,
                                                "Workers": [
                                                  {
                                                    "Worker Number": 0,
                                                    "Actual Startup Time": 83.815,
                                                    "Actual Total Time": 83.817,
                                                    "Actual Rows": 0,
                                                    "Actual Loops": 1,
                                                    "Shared Hit Blocks": 69,
                                                    "Shared Read Blocks": 549,
                                                    "Shared Dirtied Blocks": 0,
                                                    "Shared Written Blocks": 0,
                                                    "Local Hit Blocks": 0,
                                                    "Local Read Blocks": 0,
                                                    "Local Dirtied Blocks": 0,
                                                    "Local Written Blocks": 0,
                                                    "Temp Read Blocks": 0,
                                                    "Temp Written Blocks": 0
                                                  },
                                                  {
                                                    "Worker Number": 1,
                                                    "Actual Startup Time": 83.433,
                                                    "Actual Total Time": 83.435,
                                                    "Actual Rows": 0,
                                                    "Actual Loops": 1,
                                                    "Shared Hit Blocks": 73,
                                                    "Shared Read Blocks": 548,
                                                    "Shared Dirtied Blocks": 0,
                                                    "Shared Written Blocks": 0,
                                                    "Local Hit Blocks": 0,
                                                    "Local Read Blocks": 0,
                                                    "Local Dirtied Blocks": 0,
                                                    "Local Written Blocks": 0,
                                                    "Temp Read Blocks": 0,
                                                    "Temp Written Blocks": 0
                                                  }
                                                ],
                                                "Plans": [
                                                  {
                                                    "Node Type": "Hash Join",
                                                    "Parent Relationship": "Outer",
                                                    "Parallel Aware": false,
                                                    "Async Capable": false,
                                                    "Join Type": "Inner",
                                                    "Startup Cost": 25.25,
                                                    "Total Cost": 16751.57,
                                                    "Plan Rows": 21,
                                                    "Plan Width": 24,
                                                    "Actual Startup Time": 78.995,
                                                    "Actual Total Time": 170.016,
                                                    "Actual Rows": 210,
                                                    "Actual Loops": 3,
                                                    "Output": [
                                                      "store_sales.ss_ext_sales_price",
                                                      "store_sales.ss_net_profit",
                                                      "store_sales.ss_store_sk",
                                                      "store_sales.ss_item_sk",
                                                      "store_sales.ss_ticket_number"
                                                    ],
                                                    "Inner Unique": true,
                                                    "Hash Cond": "(store_sales.ss_promo_sk = promotion.p_promo_sk)",
                                                    "Shared Hit Blocks": 271,
                                                    "Shared Read Blocks": 3744,
                                                    "Shared Dirtied Blocks": 0,
                                                    "Shared Written Blocks": 0,
                                                    "Local Hit Blocks": 0,
                                                    "Local Read Blocks": 0,
                                                    "Local Dirtied Blocks": 0,
                                                    "Local Written Blocks": 0,
                                                    "Temp Read Blocks": 0,
                                                    "Temp Written Blocks": 0,
                                                    "Workers": [
                                                      {
                                                        "Worker Number": 0,
                                                        "Actual Startup Time": 83.815,
                                                        "Actual Total Time": 83.816,
                                                        "Actual Rows": 0,
                                                        "Actual Loops": 1,
                                                        "Shared Hit Blocks": 69,
                                                        "Shared Read Blocks": 549,
                                                        "Shared Dirtied Blocks": 0,
                                                        "Shared Written Blocks": 0,
                                                        "Local Hit Blocks": 0,
                                                        "Local Read Blocks": 0,
                                                        "Local Dirtied Blocks": 0,
                                                        "Local Written Blocks": 0,
                                                        "Temp Read Blocks": 0,
                                                        "Temp Written Blocks": 0
                                                      },
                                                      {
                                                        "Worker Number": 1,
                                                        "Actual Startup Time": 83.432,
                                                        "Actual Total Time": 83.434,
                                                        "Actual Rows": 0,
                                                        "Actual Loops": 1,
                                                        "Shared Hit Blocks": 73,
                                                        "Shared Read Blocks": 548,
                                                        "Shared Dirtied Blocks": 0,
                                                        "Shared Written Blocks": 0,
                                                        "Local Hit Blocks": 0,
                                                        "Local Read Blocks": 0,
                                                        "Local Dirtied Blocks": 0,
                                                        "Local Written Blocks": 0,
                                                        "Temp Read Blocks": 0,
                                                        "Temp Written Blocks": 0
                                                      }
                                                    ],
                                                    "Plans": [
                                                      {
                                                        "Node Type": "Nested Loop",
                                                        "Parent Relationship": "Outer",
                                                        "Parallel Aware": false,
                                                        "Async Capable": false,
                                                        "Join Type": "Inner",
                                                        "Startup Cost": 0.85,
                                                        "Total Cost": 16724.75,
                                                        "Plan Rows": 912,
                                                        "Plan Width": 28,
                                                        "Actual Startup Time": 78.501,
                                                        "Actual Total Time": 168.372,
                                                        "Actual Rows": 9522,
                                                        "Actual Loops": 3,
                                                        "Output": [
                                                          "store_sales.ss_ext_sales_price",
                                                          "store_sales.ss_net_profit",
                                                          "store_sales.ss_store_sk",
                                                          "store_sales.ss_item_sk",
                                                          "store_sales.ss_promo_sk",
                                                          "store_sales.ss_ticket_number"
                                                        ],
                                                        "Inner Unique": false,
                                                        "Shared Hit Blocks": 269,
                                                        "Shared Read Blocks": 3733,
                                                        "Shared Dirtied Blocks": 0,
                                                        "Shared Written Blocks": 0,
                                                        "Local Hit Blocks": 0,
                                                        "Local Read Blocks": 0,
                                                        "Local Dirtied Blocks": 0,
                                                        "Local Written Blocks": 0,
                                                        "Temp Read Blocks": 0,
                                                        "Temp Written Blocks": 0,
                                                        "Workers": [
                                                          {
                                                            "Worker Number": 0,
                                                            "Actual Startup Time": 83.814,
                                                            "Actual Total Time": 83.815,
                                                            "Actual Rows": 0,
                                                            "Actual Loops": 1,
                                                            "Shared Hit Blocks": 69,
                                                            "Shared Read Blocks": 549,
                                                            "Shared Dirtied Blocks": 0,
                                                            "Shared Written Blocks": 0,
                                                            "Local Hit Blocks": 0,
                                                            "Local Read Blocks": 0,
                                                            "Local Dirtied Blocks": 0,
                                                            "Local Written Blocks": 0,
                                                            "Temp Read Blocks": 0,
                                                            "Temp Written Blocks": 0
                                                          },
                                                          {
                                                            "Worker Number": 1,
                                                            "Actual Startup Time": 83.431,
                                                            "Actual Total Time": 83.432,
                                                            "Actual Rows": 0,
                                                            "Actual Loops": 1,
                                                            "Shared Hit Blocks": 73,
                                                            "Shared Read Blocks": 548,
                                                            "Shared Dirtied Blocks": 0,
                                                            "Shared Written Blocks": 0,
                                                            "Local Hit Blocks": 0,
                                                            "Local Read Blocks": 0,
                                                            "Local Dirtied Blocks": 0,
                                                            "Local Written Blocks": 0,
                                                            "Temp Read Blocks": 0,
                                                            "Temp Written Blocks": 0
                                                          }
                                                        ],
                                                        "Plans": [
                                                          {
                                                            "Node Type": "Index Scan",
                                                            "Parent Relationship": "Outer",
                                                            "Parallel Aware": true,
                                                            "Async Capable": false,
                                                            "Scan Direction": "Forward",
                                                            "Index Name": "date_dim_pkey",
                                                            "Relation Name": "date_dim",
                                                            "Schema": "public",
                                                            "Alias": "date_dim",
                                                            "Startup Cost": 0.29,
                                                            "Total Cost": 3057.09,
                                                            "Plan Rows": 13,
                                                            "Plan Width": 4,
                                                            "Actual Startup Time": 78.225,
                                                            "Actual Total Time": 78.405,
                                                            "Actual Rows": 10,
                                                            "Actual Loops": 3,
                                                            "Output": [
                                                              "date_dim.d_date_sk",
                                                              "date_dim.d_date_id",
                                                              "date_dim.d_date",
                                                              "date_dim.d_month_seq",
                                                              "date_dim.d_week_seq",
                                                              "date_dim.d_quarter_seq",
                                                              "date_dim.d_year",
                                                              "date_dim.d_dow",
                                                              "date_dim.d_moy",
                                                              "date_dim.d_dom",
                                                              "date_dim.d_qoy",
                                                              "date_dim.d_fy_year",
                                                              "date_dim.d_fy_quarter_seq",
                                                              "date_dim.d_fy_week_seq",
                                                              "date_dim.d_day_name",
                                                              "date_dim.d_quarter_name",
                                                              "date_dim.d_holiday",
                                                              "date_dim.d_weekend",
                                                              "date_dim.d_following_holiday",
                                                              "date_dim.d_first_dom",
                                                              "date_dim.d_last_dom",
                                                              "date_dim.d_same_day_ly",
                                                              "date_dim.d_same_day_lq",
                                                              "date_dim.d_current_day",
                                                              "date_dim.d_current_week",
                                                              "date_dim.d_current_month",
                                                              "date_dim.d_current_quarter",
                                                              "date_dim.d_current_year"
                                                            ],
                                                            "Filter": "((date_dim.d_date >= '1998-08-23'::date) AND (date_dim.d_date <= '1998-09-22 00:00:00'::timestamp without time zone))",
                                                            "Rows Removed by Filter": 24339,
                                                            "Shared Hit Blocks": 160,
                                                            "Shared Read Blocks": 1597,
                                                            "Shared Dirtied Blocks": 0,
                                                            "Shared Written Blocks": 0,
                                                            "Local Hit Blocks": 0,
                                                            "Local Read Blocks": 0,
                                                            "Local Dirtied Blocks": 0,
                                                            "Local Written Blocks": 0,
                                                            "Temp Read Blocks": 0,
                                                            "Temp Written Blocks": 0,
                                                            "Workers": [
                                                              {
                                                                "Worker Number": 0,
                                                                "Actual Startup Time": 83.813,
                                                                "Actual Total Time": 83.813,
                                                                "Actual Rows": 0,
                                                                "Actual Loops": 1,
                                                                "Shared Hit Blocks": 69,
                                                                "Shared Read Blocks": 549,
                                                                "Shared Dirtied Blocks": 0,
                                                                "Shared Written Blocks": 0,
                                                                "Local Hit Blocks": 0,
                                                                "Local Read Blocks": 0,
                                                                "Local Dirtied Blocks": 0,
                                                                "Local Written Blocks": 0,
                                                                "Temp Read Blocks": 0,
                                                                "Temp Written Blocks": 0
                                                              },
                                                              {
                                                                "Worker Number": 1,
                                                                "Actual Startup Time": 83.431,
                                                                "Actual Total Time": 83.431,
                                                                "Actual Rows": 0,
                                                                "Actual Loops": 1,
                                                                "Shared Hit Blocks": 73,
                                                                "Shared Read Blocks": 548,
                                                                "Shared Dirtied Blocks": 0,
                                                                "Shared Written Blocks": 0,
                                                                "Local Hit Blocks": 0,
                                                                "Local Read Blocks": 0,
                                                                "Local Dirtied Blocks": 0,
                                                                "Local Written Blocks": 0,
                                                                "Temp Read Blocks": 0,
                                                                "Temp Written Blocks": 0
                                                              }
                                                            ]
                                                          },
                                                          {
                                                            "Node Type": "Index Only Scan",
                                                            "Parent Relationship": "Inner",
                                                            "Parallel Aware": false,
                                                            "Async Capable": false,
                                                            "Scan Direction": "Forward",
                                                            "Index Name": "_dta_index_store_sales_6_1333579789__k1_k23_k14_k6_k8_k5_k7_3_4",
                                                            "Relation Name": "store_sales",
                                                            "Schema": "public",
                                                            "Alias": "store_sales",
                                                            "Startup Cost": 0.56,
                                                            "Total Cost": 1026.91,
                                                            "Plan Rows": 2445,
                                                            "Plan Width": 32,
                                                            "Actual Startup Time": 0.127,
                                                            "Actual Total Time": 8.59,
                                                            "Actual Rows": 921,
                                                            "Actual Loops": 31,
                                                            "Output": [
                                                              "store_sales.ss_sold_date_sk",
                                                              "store_sales.ss_net_profit",
                                                              "store_sales.ss_sales_price",
                                                              "store_sales.ss_hdemo_sk",
                                                              "store_sales.ss_store_sk",
                                                              "store_sales.ss_cdemo_sk",
                                                              "store_sales.ss_addr_sk",
                                                              "store_sales.ss_item_sk",
                                                              "store_sales.ss_customer_sk",
                                                              "store_sales.ss_promo_sk",
                                                              "store_sales.ss_ticket_number",
                                                              "store_sales.ss_quantity",
                                                              "store_sales.ss_wholesale_cost",
                                                              "store_sales.ss_list_price",
                                                              "store_sales.ss_ext_sales_price",
                                                              "store_sales.ss_ext_wholesale_cost",
                                                              "store_sales.ss_coupon_amt"
                                                            ],
                                                            "Index Cond": "(store_sales.ss_sold_date_sk = date_dim.d_date_sk)",
                                                            "Rows Removed by Index Recheck": 0,
                                                            "Filter": "((store_sales.ss_wholesale_cost >= '63'::numeric) AND (store_sales.ss_wholesale_cost <= '78'::numeric))",
                                                            "Rows Removed by Filter": 4108,
                                                            "Heap Fetches": 0,
                                                            "Shared Hit Blocks": 109,
                                                            "Shared Read Blocks": 2136,
                                                            "Shared Dirtied Blocks": 0,
                                                            "Shared Written Blocks": 0,
                                                            "Local Hit Blocks": 0,
                                                            "Local Read Blocks": 0,
                                                            "Local Dirtied Blocks": 0,
                                                            "Local Written Blocks": 0,
                                                            "Temp Read Blocks": 0,
                                                            "Temp Written Blocks": 0,
                                                            "Workers": []
                                                          }
                                                        ]
                                                      },
                                                      {
                                                        "Node Type": "Hash",
                                                        "Parent Relationship": "Inner",
                                                        "Parallel Aware": false,
                                                        "Async Capable": false,
                                                        "Startup Cost": 24.25,
                                                        "Total Cost": 24.25,
                                                        "Plan Rows": 12,
                                                        "Plan Width": 4,
                                                        "Actual Startup Time": 1.46,
                                                        "Actual Total Time": 1.46,
                                                        "Actual Rows": 10,
                                                        "Actual Loops": 1,
                                                        "Output": [
                                                          "promotion.p_promo_sk"
                                                        ],
                                                        "Hash Buckets": 1024,
                                                        "Original Hash Buckets": 1024,
                                                        "Hash Batches": 1,
                                                        "Original Hash Batches": 1,
                                                        "Peak Memory Usage": 9,
                                                        "Shared Hit Blocks": 2,
                                                        "Shared Read Blocks": 11,
                                                        "Shared Dirtied Blocks": 0,
                                                        "Shared Written Blocks": 0,
                                                        "Local Hit Blocks": 0,
                                                        "Local Read Blocks": 0,
                                                        "Local Dirtied Blocks": 0,
                                                        "Local Written Blocks": 0,
                                                        "Temp Read Blocks": 0,
                                                        "Temp Written Blocks": 0,
                                                        "Workers": [],
                                                        "Plans": [
                                                          {
                                                            "Node Type": "Seq Scan",
                                                            "Parent Relationship": "Outer",
                                                            "Parallel Aware": false,
                                                            "Async Capable": false,
                                                            "Relation Name": "promotion",
                                                            "Schema": "public",
                                                            "Alias": "promotion",
                                                            "Startup Cost": 0.0,
                                                            "Total Cost": 24.25,
                                                            "Plan Rows": 12,
                                                            "Plan Width": 4,
                                                            "Actual Startup Time": 0.132,
                                                            "Actual Total Time": 1.447,
                                                            "Actual Rows": 10,
                                                            "Actual Loops": 1,
                                                            "Output": [
                                                              "promotion.p_promo_sk"
                                                            ],
                                                            "Filter": "((promotion.p_channel_email = 'Y'::bpchar) AND (promotion.p_channel_tv = 'Y'::bpchar) AND (promotion.p_channel_event = 'Y'::bpchar) AND (promotion.p_channel_radio = 'N'::bpchar) AND (promotion.p_channel_press = 'N'::bpchar))",
                                                            "Rows Removed by Filter": 490,
                                                            "Shared Hit Blocks": 2,
                                                            "Shared Read Blocks": 11,
                                                            "Shared Dirtied Blocks": 0,
                                                            "Shared Written Blocks": 0,
                                                            "Local Hit Blocks": 0,
                                                            "Local Read Blocks": 0,
                                                            "Local Dirtied Blocks": 0,
                                                            "Local Written Blocks": 0,
                                                            "Temp Read Blocks": 0,
                                                            "Temp Written Blocks": 0,
                                                            "Workers": []
                                                          }
                                                        ]
                                                      }
                                                    ]
                                                  },
                                                  {
                                                    "Node Type": "Index Scan",
                                                    "Parent Relationship": "Inner",
                                                    "Parallel Aware": false,
                                                    "Async Capable": false,
                                                    "Scan Direction": "Forward",
                                                    "Index Name": "item_pkey",
                                                    "Relation Name": "item",
                                                    "Schema": "public",
                                                    "Alias": "item",
                                                    "Startup Cost": 0.29,
                                                    "Total Cost": 1.77,
                                                    "Plan Rows": 1,
                                                    "Plan Width": 4,
                                                    "Actual Startup Time": 0.118,
                                                    "Actual Total Time": 0.118,
                                                    "Actual Rows": 0,
                                                    "Actual Loops": 629,
                                                    "Output": [
                                                      "item.i_item_sk",
                                                      "item.i_item_id",
                                                      "item.i_rec_start_date",
                                                      "item.i_rec_end_date",
                                                      "item.i_item_desc",
                                                      "item.i_current_price",
                                                      "item.i_wholesale_cost",
                                                      "item.i_brand_id",
                                                      "item.i_brand",
                                                      "item.i_class_id",
                                                      "item.i_class",
                                                      "item.i_category_id",
                                                      "item.i_category",
                                                      "item.i_manufact_id",
                                                      "item.i_manufact",
                                                      "item.i_size",
                                                      "item.i_formulation",
                                                      "item.i_color",
                                                      "item.i_units",
                                                      "item.i_container",
                                                      "item.i_manager_id",
                                                      "item.i_product_name"
                                                    ],
                                                    "Index Cond": "(item.i_item_sk = store_sales.ss_item_sk)",
                                                    "Rows Removed by Index Recheck": 0,
                                                    "Filter": "((item.i_current_price > '50'::numeric) AND (item.i_category = ANY ('{Jewelry,Music}'::bpchar[])))",
                                                    "Rows Removed by Filter": 1,
                                                    "Shared Hit Blocks": 1353,
                                                    "Shared Read Blocks": 534,
                                                    "Shared Dirtied Blocks": 0,
                                                    "Shared Written Blocks": 0,
                                                    "Local Hit Blocks": 0,
                                                    "Local Read Blocks": 0,
                                                    "Local Dirtied Blocks": 0,
                                                    "Local Written Blocks": 0,
                                                    "Temp Read Blocks": 0,
                                                    "Temp Written Blocks": 0,
                                                    "Workers": []
                                                  }
                                                ]
                                              }
                                            ]
                                          },
                                          {
                                            "Node Type": "Index Scan",
                                            "Parent Relationship": "Inner",
                                            "Parallel Aware": false,
                                            "Async Capable": false,
                                            "Scan Direction": "Forward",
                                            "Index Name": "store_returns_pkey",
                                            "Relation Name": "store_returns",
                                            "Schema": "public",
                                            "Alias": "store_returns",
                                            "Startup Cost": 0.43,
                                            "Total Cost": 2.19,
                                            "Plan Rows": 1,
                                            "Plan Width": 20,
                                            "Actual Startup Time": 0.689,
                                            "Actual Total Time": 0.689,
                                            "Actual Rows": 0,
                                            "Actual Loops": 1,
                                            "Output": [
                                              "store_returns.sr_returned_date_sk",
                                              "store_returns.sr_return_time_sk",
                                              "store_returns.sr_item_sk",
                                              "store_returns.sr_customer_sk",
                                              "store_returns.sr_cdemo_sk",
                                              "store_returns.sr_hdemo_sk",
                                              "store_returns.sr_addr_sk",
                                              "store_returns.sr_store_sk",
                                              "store_returns.sr_reason_sk",
                                              "store_returns.sr_ticket_number",
                                              "store_returns.sr_return_quantity",
                                              "store_returns.sr_return_amt",
                                              "store_returns.sr_return_tax",
                                              "store_returns.sr_return_amt_inc_tax",
                                              "store_returns.sr_fee",
                                              "store_returns.sr_return_ship_cost",
                                              "store_returns.sr_refunded_cash",
                                              "store_returns.sr_reversed_charge",
                                              "store_returns.sr_store_credit",
                                              "store_returns.sr_net_loss"
                                            ],
                                            "Index Cond": "((store_returns.sr_item_sk = store_sales.ss_item_sk) AND (store_returns.sr_ticket_number = store_sales.ss_ticket_number))",
                                            "Rows Removed by Index Recheck": 0,
                                            "Shared Hit Blocks": 1,
                                            "Shared Read Blocks": 2,
                                            "Shared Dirtied Blocks": 0,
                                            "Shared Written Blocks": 0,
                                            "Local Hit Blocks": 0,
                                            "Local Read Blocks": 0,
                                            "Local Dirtied Blocks": 0,
                                            "Local Written Blocks": 0,
                                            "Temp Read Blocks": 0,
                                            "Temp Written Blocks": 0
                                          }
                                        ]
                                      },
                                      {
                                        "Node Type": "Index Only Scan",
                                        "Parent Relationship": "Inner",
                                        "Parallel Aware": false,
                                        "Async Capable": false,
                                        "Scan Direction": "Forward",
                                        "Index Name": "_dta_index_store_6_885578193__k1_2_6",
                                        "Relation Name": "store",
                                        "Schema": "public",
                                        "Alias": "store",
                                        "Startup Cost": 0.14,
                                        "Total Cost": 0.16,
                                        "Plan Rows": 1,
                                        "Plan Width": 21,
                                        "Actual Startup Time": 0.107,
                                        "Actual Total Time": 0.107,
                                        "Actual Rows": 1,
                                        "Actual Loops": 1,
                                        "Output": [
                                          "store.s_store_sk",
                                          "store.s_store_id",
                                          "store.s_store_name"
                                        ],
                                        "Index Cond": "(store.s_store_sk = store_sales.ss_store_sk)",
                                        "Rows Removed by Index Recheck": 0,
                                        "Heap Fetches": 1,
                                        "Shared Hit Blocks": 1,
                                        "Shared Read Blocks": 1,
                                        "Shared Dirtied Blocks": 0,
                                        "Shared Written Blocks": 0,
                                        "Local Hit Blocks": 0,
                                        "Local Read Blocks": 0,
                                        "Local Dirtied Blocks": 0,
                                        "Local Written Blocks": 0,
                                        "Temp Read Blocks": 0,
                                        "Temp Written Blocks": 0
                                      }
                                    ]
                                  }
                                ]
                              }
                            ]
                          }
                        ]
                      },
                      {
                        "Node Type": "Subquery Scan",
                        "Parent Relationship": "Member",
                        "Parallel Aware": false,
                        "Async Capable": false,
                        "Alias": "csr",
                        "Startup Cost": 20672.86,
                        "Total Cost": 20673.2,
                        "Plan Rows": 1,
                        "Plan Width": 160,
                        "Actual Startup Time": 286.652,
                        "Actual Total Time": 286.689,
                        "Actual Rows": 0,
                        "Actual Loops": 1,
                        "Output": [
                          "'catalog channel'::text",
                          "('catalog_page'::text || (csr.catalog_page_id)::text)",
                          "csr.sales",
                          "csr.returns",
                          "csr.profit"
                        ],
                        "Shared Hit Blocks": 2011,
                        "Shared Read Blocks": 2525,
                        "Shared Dirtied Blocks": 0,
                        "Shared Written Blocks": 0,
                        "Local Hit Blocks": 0,
                        "Local Read Blocks": 0,
                        "Local Dirtied Blocks": 0,
                        "Local Written Blocks": 0,
                        "Temp Read Blocks": 0,
                        "Temp Written Blocks": 0,
                        "Plans": [
                          {
                            "Node Type": "Aggregate",
                            "Strategy": "Sorted",
                            "Partial Mode": "Simple",
                            "Parent Relationship": "Subquery",
                            "Parallel Aware": false,
                            "Async Capable": false,
                            "Startup Cost": 20672.86,
                            "Total Cost": 20673.18,
                            "Plan Rows": 1,
                            "Plan Width": 113,
                            "Actual Startup Time": 286.651,
                            "Actual Total Time": 286.687,
                            "Actual Rows": 0,
                            "Actual Loops": 1,
                            "Output": [
                              "catalog_page.cp_catalog_page_id",
                              "sum(catalog_sales.cs_ext_sales_price)",
                              "sum(COALESCE(catalog_returns.cr_return_amount, '0'::numeric))",
                              "sum((catalog_sales.cs_net_profit - COALESCE(catalog_returns.cr_net_loss, '0'::numeric)))"
                            ],
                            "Group Key": [
                              "catalog_page.cp_catalog_page_id"
                            ],
                            "Shared Hit Blocks": 2011,
                            "Shared Read Blocks": 2525,
                            "Shared Dirtied Blocks": 0,
                            "Shared Written Blocks": 0,
                            "Local Hit Blocks": 0,
                            "Local Read Blocks": 0,
                            "Local Dirtied Blocks": 0,
                            "Local Written Blocks": 0,
                            "Temp Read Blocks": 0,
                            "Temp Written Blocks": 0,
                            "Plans": [
                              {
                                "Node Type": "Nested Loop",
                                "Parent Relationship": "Outer",
                                "Parallel Aware": false,
                                "Async Capable": false,
                                "Join Type": "Left",
                                "Startup Cost": 20672.86,
                                "Total Cost": 20673.15,
                                "Plan Rows": 1,
                                "Plan Width": 41,
                                "Actual Startup Time": 286.649,
                                "Actual Total Time": 286.684,
                                "Actual Rows": 0,
                                "Actual Loops": 1,
                                "Output": [
                                  "catalog_page.cp_catalog_page_id",
                                  "catalog_sales.cs_ext_sales_price",
                                  "catalog_returns.cr_return_amount",
                                  "catalog_sales.cs_net_profit",
                                  "catalog_returns.cr_net_loss"
                                ],
                                "Inner Unique": true,
                                "Shared Hit Blocks": 2011,
                                "Shared Read Blocks": 2525,
                                "Shared Dirtied Blocks": 0,
                                "Shared Written Blocks": 0,
                                "Local Hit Blocks": 0,
                                "Local Read Blocks": 0,
                                "Local Dirtied Blocks": 0,
                                "Local Written Blocks": 0,
                                "Temp Read Blocks": 0,
                                "Temp Written Blocks": 0,
                                "Plans": [
                                  {
                                    "Node Type": "Gather Merge",
                                    "Parent Relationship": "Outer",
                                    "Parallel Aware": false,
                                    "Async Capable": false,
                                    "Startup Cost": 20672.43,
                                    "Total Cost": 20672.55,
                                    "Plan Rows": 1,
                                    "Plan Width": 37,
                                    "Actual Startup Time": 286.647,
                                    "Actual Total Time": 286.682,
                                    "Actual Rows": 0,
                                    "Actual Loops": 1,
                                    "Output": [
                                      "catalog_sales.cs_ext_sales_price",
                                      "catalog_sales.cs_net_profit",
                                      "catalog_sales.cs_item_sk",
                                      "catalog_sales.cs_order_number",
                                      "catalog_page.cp_catalog_page_id"
                                    ],
                                    "Workers Planned": 1,
                                    "Workers Launched": 1,
                                    "Shared Hit Blocks": 2011,
                                    "Shared Read Blocks": 2525,
                                    "Shared Dirtied Blocks": 0,
                                    "Shared Written Blocks": 0,
                                    "Local Hit Blocks": 0,
                                    "Local Read Blocks": 0,
                                    "Local Dirtied Blocks": 0,
                                    "Local Written Blocks": 0,
                                    "Temp Read Blocks": 0,
                                    "Temp Written Blocks": 0,
                                    "Plans": [
                                      {
                                        "Node Type": "Sort",
                                        "Parent Relationship": "Outer",
                                        "Parallel Aware": false,
                                        "Async Capable": false,
                                        "Startup Cost": 19672.42,
                                        "Total Cost": 19672.43,
                                        "Plan Rows": 1,
                                        "Plan Width": 37,
                                        "Actual Startup Time": 196.496,
                                        "Actual Total Time": 196.5,
                                        "Actual Rows": 0,
                                        "Actual Loops": 2,
                                        "Output": [
                                          "catalog_sales.cs_ext_sales_price",
                                          "catalog_sales.cs_net_profit",
                                          "catalog_sales.cs_item_sk",
                                          "catalog_sales.cs_order_number",
                                          "catalog_page.cp_catalog_page_id"
                                        ],
                                        "Sort Key": [
                                          "catalog_page.cp_catalog_page_id"
                                        ],
                                        "Sort Method": "quicksort",
                                        "Sort Space Used": 25,
                                        "Sort Space Type": "Memory",
                                        "Shared Hit Blocks": 2011,
                                        "Shared Read Blocks": 2525,
                                        "Shared Dirtied Blocks": 0,
                                        "Shared Written Blocks": 0,
                                        "Local Hit Blocks": 0,
                                        "Local Read Blocks": 0,
                                        "Local Dirtied Blocks": 0,
                                        "Local Written Blocks": 0,
                                        "Temp Read Blocks": 0,
                                        "Temp Written Blocks": 0,
                                        "Workers": [
                                          {
                                            "Worker Number": 0,
                                            "Actual Startup Time": 250.054,
                                            "Actual Total Time": 250.058,
                                            "Actual Rows": 0,
                                            "Actual Loops": 1,
                                            "Sort Method": "quicksort",
                                            "Sort Space Used": 25,
                                            "Sort Space Type": "Memory",
                                            "Shared Hit Blocks": 428,
                                            "Shared Read Blocks": 1800,
                                            "Shared Dirtied Blocks": 0,
                                            "Shared Written Blocks": 0,
                                            "Local Hit Blocks": 0,
                                            "Local Read Blocks": 0,
                                            "Local Dirtied Blocks": 0,
                                            "Local Written Blocks": 0,
                                            "Temp Read Blocks": 0,
                                            "Temp Written Blocks": 0
                                          }
                                        ],
                                        "Plans": [
                                          {
                                            "Node Type": "Nested Loop",
                                            "Parent Relationship": "Outer",
                                            "Parallel Aware": false,
                                            "Async Capable": false,
                                            "Join Type": "Inner",
                                            "Startup Cost": 25.41,
                                            "Total Cost": 19672.41,
                                            "Plan Rows": 1,
                                            "Plan Width": 37,
                                            "Actual Startup Time": 196.039,
                                            "Actual Total Time": 196.043,
                                            "Actual Rows": 0,
                                            "Actual Loops": 2,
                                            "Output": [
                                              "catalog_sales.cs_ext_sales_price",
                                              "catalog_sales.cs_net_profit",
                                              "catalog_sales.cs_item_sk",
                                              "catalog_sales.cs_order_number",
                                              "catalog_page.cp_catalog_page_id"
                                            ],
                                            "Inner Unique": true,
                                            "Shared Hit Blocks": 2006,
                                            "Shared Read Blocks": 2523,
                                            "Shared Dirtied Blocks": 0,
                                            "Shared Written Blocks": 0,
                                            "Local Hit Blocks": 0,
                                            "Local Read Blocks": 0,
                                            "Local Dirtied Blocks": 0,
                                            "Local Written Blocks": 0,
                                            "Temp Read Blocks": 0,
                                            "Temp Written Blocks": 0,
                                            "Workers": [
                                              {
                                                "Worker Number": 0,
                                                "Actual Startup Time": 249.153,
                                                "Actual Total Time": 249.156,
                                                "Actual Rows": 0,
                                                "Actual Loops": 1,
                                                "Shared Hit Blocks": 423,
                                                "Shared Read Blocks": 1798,
                                                "Shared Dirtied Blocks": 0,
                                                "Shared Written Blocks": 0,
                                                "Local Hit Blocks": 0,
                                                "Local Read Blocks": 0,
                                                "Local Dirtied Blocks": 0,
                                                "Local Written Blocks": 0,
                                                "Temp Read Blocks": 0,
                                                "Temp Written Blocks": 0
                                              }
                                            ],
                                            "Plans": [
                                              {
                                                "Node Type": "Nested Loop",
                                                "Parent Relationship": "Outer",
                                                "Parallel Aware": false,
                                                "Async Capable": false,
                                                "Join Type": "Inner",
                                                "Startup Cost": 25.13,
                                                "Total Cost": 19672.11,
                                                "Plan Rows": 1,
                                                "Plan Width": 24,
                                                "Actual Startup Time": 196.038,
                                                "Actual Total Time": 196.041,
                                                "Actual Rows": 0,
                                                "Actual Loops": 2,
                                                "Output": [
                                                  "catalog_sales.cs_ext_sales_price",
                                                  "catalog_sales.cs_net_profit",
                                                  "catalog_sales.cs_catalog_page_sk",
                                                  "catalog_sales.cs_item_sk",
                                                  "catalog_sales.cs_order_number"
                                                ],
                                                "Inner Unique": true,
                                                "Shared Hit Blocks": 2006,
                                                "Shared Read Blocks": 2523,
                                                "Shared Dirtied Blocks": 0,
                                                "Shared Written Blocks": 0,
                                                "Local Hit Blocks": 0,
                                                "Local Read Blocks": 0,
                                                "Local Dirtied Blocks": 0,
                                                "Local Written Blocks": 0,
                                                "Temp Read Blocks": 0,
                                                "Temp Written Blocks": 0,
                                                "Workers": [
                                                  {
                                                    "Worker Number": 0,
                                                    "Actual Startup Time": 249.152,
                                                    "Actual Total Time": 249.155,
                                                    "Actual Rows": 0,
                                                    "Actual Loops": 1,
                                                    "Shared Hit Blocks": 423,
                                                    "Shared Read Blocks": 1798,
                                                    "Shared Dirtied Blocks": 0,
                                                    "Shared Written Blocks": 0,
                                                    "Local Hit Blocks": 0,
                                                    "Local Read Blocks": 0,
                                                    "Local Dirtied Blocks": 0,
                                                    "Local Written Blocks": 0,
                                                    "Temp Read Blocks": 0,
                                                    "Temp Written Blocks": 0
                                                  }
                                                ],
                                                "Plans": [
                                                  {
                                                    "Node Type": "Hash Join",
                                                    "Parent Relationship": "Outer",
                                                    "Parallel Aware": false,
                                                    "Async Capable": false,
                                                    "Join Type": "Inner",
                                                    "Startup Cost": 24.83,
                                                    "Total Cost": 19669.41,
                                                    "Plan Rows": 8,
                                                    "Plan Width": 24,
                                                    "Actual Startup Time": 9.37,
                                                    "Actual Total Time": 186.58,
                                                    "Actual Rows": 88,
                                                    "Actual Loops": 2,
                                                    "Output": [
                                                      "catalog_sales.cs_ext_sales_price",
                                                      "catalog_sales.cs_net_profit",
                                                      "catalog_sales.cs_catalog_page_sk",
                                                      "catalog_sales.cs_item_sk",
                                                      "catalog_sales.cs_order_number"
                                                    ],
                                                    "Inner Unique": true,
                                                    "Hash Cond": "(catalog_sales.cs_promo_sk = promotion_1.p_promo_sk)",
                                                    "Shared Hit Blocks": 1592,
                                                    "Shared Read Blocks": 2408,
                                                    "Shared Dirtied Blocks": 0,
                                                    "Shared Written Blocks": 0,
                                                    "Local Hit Blocks": 0,
                                                    "Local Read Blocks": 0,
                                                    "Local Dirtied Blocks": 0,
                                                    "Local Written Blocks": 0,
                                                    "Temp Read Blocks": 0,
                                                    "Temp Written Blocks": 0,
                                                    "Workers": [
                                                      {
                                                        "Worker Number": 0,
                                                        "Actual Startup Time": 7.389,
                                                        "Actual Total Time": 236.422,
                                                        "Actual Rows": 120,
                                                        "Actual Loops": 1,
                                                        "Shared Hit Blocks": 140,
                                                        "Shared Read Blocks": 1720,
                                                        "Shared Dirtied Blocks": 0,
                                                        "Shared Written Blocks": 0,
                                                        "Local Hit Blocks": 0,
                                                        "Local Read Blocks": 0,
                                                        "Local Dirtied Blocks": 0,
                                                        "Local Written Blocks": 0,
                                                        "Temp Read Blocks": 0,
                                                        "Temp Written Blocks": 0
                                                      }
                                                    ],
                                                    "Plans": [
                                                      {
                                                        "Node Type": "Nested Loop",
                                                        "Parent Relationship": "Outer",
                                                        "Parallel Aware": false,
                                                        "Async Capable": false,
                                                        "Join Type": "Inner",
                                                        "Startup Cost": 0.43,
                                                        "Total Cost": 19644.12,
                                                        "Plan Rows": 334,
                                                        "Plan Width": 28,
                                                        "Actual Startup Time": 2.563,
                                                        "Actual Total Time": 183.547,
                                                        "Actual Rows": 3789,
                                                        "Actual Loops": 2,
                                                        "Output": [
                                                          "catalog_sales.cs_ext_sales_price",
                                                          "catalog_sales.cs_net_profit",
                                                          "catalog_sales.cs_catalog_page_sk",
                                                          "catalog_sales.cs_item_sk",
                                                          "catalog_sales.cs_promo_sk",
                                                          "catalog_sales.cs_order_number"
                                                        ],
                                                        "Inner Unique": false,
                                                        "Shared Hit Blocks": 1525,
                                                        "Shared Read Blocks": 2402,
                                                        "Shared Dirtied Blocks": 0,
                                                        "Shared Written Blocks": 0,
                                                        "Local Hit Blocks": 0,
                                                        "Local Read Blocks": 0,
                                                        "Local Dirtied Blocks": 0,
                                                        "Local Written Blocks": 0,
                                                        "Temp Read Blocks": 0,
                                                        "Temp Written Blocks": 0,
                                                        "Workers": [
                                                          {
                                                            "Worker Number": 0,
                                                            "Actual Startup Time": 1.427,
                                                            "Actual Total Time": 231.295,
                                                            "Actual Rows": 5402,
                                                            "Actual Loops": 1,
                                                            "Shared Hit Blocks": 86,
                                                            "Shared Read Blocks": 1714,
                                                            "Shared Dirtied Blocks": 0,
                                                            "Shared Written Blocks": 0,
                                                            "Local Hit Blocks": 0,
                                                            "Local Read Blocks": 0,
                                                            "Local Dirtied Blocks": 0,
                                                            "Local Written Blocks": 0,
                                                            "Temp Read Blocks": 0,
                                                            "Temp Written Blocks": 0
                                                          }
                                                        ],
                                                        "Plans": [
                                                          {
                                                            "Node Type": "Seq Scan",
                                                            "Parent Relationship": "Outer",
                                                            "Parallel Aware": true,
                                                            "Async Capable": false,
                                                            "Relation Name": "date_dim",
                                                            "Schema": "public",
                                                            "Alias": "date_dim_1",
                                                            "Startup Cost": 0.0,
                                                            "Total Cost": 2068.55,
                                                            "Plan Rows": 19,
                                                            "Plan Width": 4,
                                                            "Actual Startup Time": 1.445,
                                                            "Actual Total Time": 3.374,
                                                            "Actual Rows": 16,
                                                            "Actual Loops": 2,
                                                            "Output": [
                                                              "date_dim_1.d_date_sk",
                                                              "date_dim_1.d_date_id",
                                                              "date_dim_1.d_date",
                                                              "date_dim_1.d_month_seq",
                                                              "date_dim_1.d_week_seq",
                                                              "date_dim_1.d_quarter_seq",
                                                              "date_dim_1.d_year",
                                                              "date_dim_1.d_dow",
                                                              "date_dim_1.d_moy",
                                                              "date_dim_1.d_dom",
                                                              "date_dim_1.d_qoy",
                                                              "date_dim_1.d_fy_year",
                                                              "date_dim_1.d_fy_quarter_seq",
                                                              "date_dim_1.d_fy_week_seq",
                                                              "date_dim_1.d_day_name",
                                                              "date_dim_1.d_quarter_name",
                                                              "date_dim_1.d_holiday",
                                                              "date_dim_1.d_weekend",
                                                              "date_dim_1.d_following_holiday",
                                                              "date_dim_1.d_first_dom",
                                                              "date_dim_1.d_last_dom",
                                                              "date_dim_1.d_same_day_ly",
                                                              "date_dim_1.d_same_day_lq",
                                                              "date_dim_1.d_current_day",
                                                              "date_dim_1.d_current_week",
                                                              "date_dim_1.d_current_month",
                                                              "date_dim_1.d_current_quarter",
                                                              "date_dim_1.d_current_year"
                                                            ],
                                                            "Filter": "((date_dim_1.d_date >= '1998-08-23'::date) AND (date_dim_1.d_date <= '1998-09-22 00:00:00'::timestamp without time zone))",
                                                            "Rows Removed by Filter": 36509,
                                                            "Shared Hit Blocks": 1405,
                                                            "Shared Read Blocks": 19,
                                                            "Shared Dirtied Blocks": 0,
                                                            "Shared Written Blocks": 0,
                                                            "Local Hit Blocks": 0,
                                                            "Local Read Blocks": 0,
                                                            "Local Dirtied Blocks": 0,
                                                            "Local Written Blocks": 0,
                                                            "Temp Read Blocks": 0,
                                                            "Temp Written Blocks": 0,
                                                            "Workers": [
                                                              {
                                                                "Worker Number": 0,
                                                                "Actual Startup Time": 0.016,
                                                                "Actual Total Time": 0.063,
                                                                "Actual Rows": 22,
                                                                "Actual Loops": 1,
                                                                "Shared Hit Blocks": 1,
                                                                "Shared Read Blocks": 0,
                                                                "Shared Dirtied Blocks": 0,
                                                                "Shared Written Blocks": 0,
                                                                "Local Hit Blocks": 0,
                                                                "Local Read Blocks": 0,
                                                                "Local Dirtied Blocks": 0,
                                                                "Local Written Blocks": 0,
                                                                "Temp Read Blocks": 0,
                                                                "Temp Written Blocks": 0
                                                              }
                                                            ]
                                                          },
                                                          {
                                                            "Node Type": "Index Scan",
                                                            "Parent Relationship": "Inner",
                                                            "Parallel Aware": false,
                                                            "Async Capable": false,
                                                            "Scan Direction": "Forward",
                                                            "Index Name": "_dta_index_catalog_sales_6_1301579675__k1_4",
                                                            "Relation Name": "catalog_sales",
                                                            "Schema": "public",
                                                            "Alias": "catalog_sales",
                                                            "Startup Cost": 0.43,
                                                            "Total Cost": 918.91,
                                                            "Plan Rows": 612,
                                                            "Plan Width": 32,
                                                            "Actual Startup Time": 0.145,
                                                            "Actual Total Time": 11.54,
                                                            "Actual Rows": 244,
                                                            "Actual Loops": 31,
                                                            "Output": [
                                                              "catalog_sales.cs_sold_date_sk",
                                                              "catalog_sales.cs_sold_time_sk",
                                                              "catalog_sales.cs_ship_date_sk",
                                                              "catalog_sales.cs_bill_customer_sk",
                                                              "catalog_sales.cs_bill_cdemo_sk",
                                                              "catalog_sales.cs_bill_hdemo_sk",
                                                              "catalog_sales.cs_bill_addr_sk",
                                                              "catalog_sales.cs_ship_customer_sk",
                                                              "catalog_sales.cs_ship_cdemo_sk",
                                                              "catalog_sales.cs_ship_hdemo_sk",
                                                              "catalog_sales.cs_ship_addr_sk",
                                                              "catalog_sales.cs_call_center_sk",
                                                              "catalog_sales.cs_catalog_page_sk",
                                                              "catalog_sales.cs_ship_mode_sk",
                                                              "catalog_sales.cs_warehouse_sk",
                                                              "catalog_sales.cs_item_sk",
                                                              "catalog_sales.cs_promo_sk",
                                                              "catalog_sales.cs_order_number",
                                                              "catalog_sales.cs_quantity",
                                                              "catalog_sales.cs_wholesale_cost",
                                                              "catalog_sales.cs_list_price",
                                                              "catalog_sales.cs_sales_price",
                                                              "catalog_sales.cs_ext_discount_amt",
                                                              "catalog_sales.cs_ext_sales_price",
                                                              "catalog_sales.cs_ext_wholesale_cost",
                                                              "catalog_sales.cs_ext_list_price",
                                                              "catalog_sales.cs_ext_tax",
                                                              "catalog_sales.cs_coupon_amt",
                                                              "catalog_sales.cs_ext_ship_cost",
                                                              "catalog_sales.cs_net_paid",
                                                              "catalog_sales.cs_net_paid_inc_tax",
                                                              "catalog_sales.cs_net_paid_inc_ship",
                                                              "catalog_sales.cs_net_paid_inc_ship_tax",
                                                              "catalog_sales.cs_net_profit"
                                                            ],
                                                            "Index Cond": "(catalog_sales.cs_sold_date_sk = date_dim_1.d_date_sk)",
                                                            "Rows Removed by Index Recheck": 0,
                                                            "Filter": "((catalog_sales.cs_wholesale_cost >= '63'::numeric) AND (catalog_sales.cs_wholesale_cost <= '78'::numeric))",
                                                            "Rows Removed by Filter": 2443,
                                                            "Shared Hit Blocks": 120,
                                                            "Shared Read Blocks": 2383,
                                                            "Shared Dirtied Blocks": 0,
                                                            "Shared Written Blocks": 0,
                                                            "Local Hit Blocks": 0,
                                                            "Local Read Blocks": 0,
                                                            "Local Dirtied Blocks": 0,
                                                            "Local Written Blocks": 0,
                                                            "Temp Read Blocks": 0,
                                                            "Temp Written Blocks": 0,
                                                            "Workers": [
                                                              {
                                                                "Worker Number": 0,
                                                                "Actual Startup Time": 0.133,
                                                                "Actual Total Time": 10.427,
                                                                "Actual Rows": 246,
                                                                "Actual Loops": 22,
                                                                "Shared Hit Blocks": 85,
                                                                "Shared Read Blocks": 1714,
                                                                "Shared Dirtied Blocks": 0,
                                                                "Shared Written Blocks": 0,
                                                                "Local Hit Blocks": 0,
                                                                "Local Read Blocks": 0,
                                                                "Local Dirtied Blocks": 0,
                                                                "Local Written Blocks": 0,
                                                                "Temp Read Blocks": 0,
                                                                "Temp Written Blocks": 0
                                                              }
                                                            ]
                                                          }
                                                        ]
                                                      },
                                                      {
                                                        "Node Type": "Hash",
                                                        "Parent Relationship": "Inner",
                                                        "Parallel Aware": false,
                                                        "Async Capable": false,
                                                        "Startup Cost": 24.25,
                                                        "Total Cost": 24.25,
                                                        "Plan Rows": 12,
                                                        "Plan Width": 4,
                                                        "Actual Startup Time": 1.084,
                                                        "Actual Total Time": 1.084,
                                                        "Actual Rows": 10,
                                                        "Actual Loops": 2,
                                                        "Output": [
                                                          "promotion_1.p_promo_sk"
                                                        ],
                                                        "Hash Buckets": 1024,
                                                        "Original Hash Buckets": 1024,
                                                        "Hash Batches": 1,
                                                        "Original Hash Batches": 1,
                                                        "Peak Memory Usage": 9,
                                                        "Shared Hit Blocks": 26,
                                                        "Shared Read Blocks": 0,
                                                        "Shared Dirtied Blocks": 0,
                                                        "Shared Written Blocks": 0,
                                                        "Local Hit Blocks": 0,
                                                        "Local Read Blocks": 0,
                                                        "Local Dirtied Blocks": 0,
                                                        "Local Written Blocks": 0,
                                                        "Temp Read Blocks": 0,
                                                        "Temp Written Blocks": 0,
                                                        "Workers": [
                                                          {
                                                            "Worker Number": 0,
                                                            "Actual Startup Time": 2.028,
                                                            "Actual Total Time": 2.028,
                                                            "Actual Rows": 10,
                                                            "Actual Loops": 1,
                                                            "Shared Hit Blocks": 13,
                                                            "Shared Read Blocks": 0,
                                                            "Shared Dirtied Blocks": 0,
                                                            "Shared Written Blocks": 0,
                                                            "Local Hit Blocks": 0,
                                                            "Local Read Blocks": 0,
                                                            "Local Dirtied Blocks": 0,
                                                            "Local Written Blocks": 0,
                                                            "Temp Read Blocks": 0,
                                                            "Temp Written Blocks": 0
                                                          }
                                                        ],
                                                        "Plans": [
                                                          {
                                                            "Node Type": "Seq Scan",
                                                            "Parent Relationship": "Outer",
                                                            "Parallel Aware": false,
                                                            "Async Capable": false,
                                                            "Relation Name": "promotion",
                                                            "Schema": "public",
                                                            "Alias": "promotion_1",
                                                            "Startup Cost": 0.0,
                                                            "Total Cost": 24.25,
                                                            "Plan Rows": 12,
                                                            "Plan Width": 4,
                                                            "Actual Startup Time": 0.163,
                                                            "Actual Total Time": 1.063,
                                                            "Actual Rows": 10,
                                                            "Actual Loops": 2,
                                                            "Output": [
                                                              "promotion_1.p_promo_sk"
                                                            ],
                                                            "Filter": "((promotion_1.p_channel_email = 'Y'::bpchar) AND (promotion_1.p_channel_tv = 'Y'::bpchar) AND (promotion_1.p_channel_event = 'Y'::bpchar) AND (promotion_1.p_channel_radio = 'N'::bpchar) AND (promotion_1.p_channel_press = 'N'::bpchar))",
                                                            "Rows Removed by Filter": 490,
                                                            "Shared Hit Blocks": 26,
                                                            "Shared Read Blocks": 0,
                                                            "Shared Dirtied Blocks": 0,
                                                            "Shared Written Blocks": 0,
                                                            "Local Hit Blocks": 0,
                                                            "Local Read Blocks": 0,
                                                            "Local Dirtied Blocks": 0,
                                                            "Local Written Blocks": 0,
                                                            "Temp Read Blocks": 0,
                                                            "Temp Written Blocks": 0,
                                                            "Workers": [
                                                              {
                                                                "Worker Number": 0,
                                                                "Actual Startup Time": 0.304,
                                                                "Actual Total Time": 2.003,
                                                                "Actual Rows": 10,
                                                                "Actual Loops": 1,
                                                                "Shared Hit Blocks": 13,
                                                                "Shared Read Blocks": 0,
                                                                "Shared Dirtied Blocks": 0,
                                                                "Shared Written Blocks": 0,
                                                                "Local Hit Blocks": 0,
                                                                "Local Read Blocks": 0,
                                                                "Local Dirtied Blocks": 0,
                                                                "Local Written Blocks": 0,
                                                                "Temp Read Blocks": 0,
                                                                "Temp Written Blocks": 0
                                                              }
                                                            ]
                                                          }
                                                        ]
                                                      }
                                                    ]
                                                  },
                                                  {
                                                    "Node Type": "Index Scan",
                                                    "Parent Relationship": "Inner",
                                                    "Parallel Aware": false,
                                                    "Async Capable": false,
                                                    "Scan Direction": "Forward",
                                                    "Index Name": "item_pkey",
                                                    "Relation Name": "item",
                                                    "Schema": "public",
                                                    "Alias": "item_1",
                                                    "Startup Cost": 0.29,
                                                    "Total Cost": 0.34,
                                                    "Plan Rows": 1,
                                                    "Plan Width": 4,
                                                    "Actual Startup Time": 0.105,
                                                    "Actual Total Time": 0.105,
                                                    "Actual Rows": 0,
                                                    "Actual Loops": 176,
                                                    "Output": [
                                                      "item_1.i_item_sk",
                                                      "item_1.i_item_id",
                                                      "item_1.i_rec_start_date",
                                                      "item_1.i_rec_end_date",
                                                      "item_1.i_item_desc",
                                                      "item_1.i_current_price",
                                                      "item_1.i_wholesale_cost",
                                                      "item_1.i_brand_id",
                                                      "item_1.i_brand",
                                                      "item_1.i_class_id",
                                                      "item_1.i_class",
                                                      "item_1.i_category_id",
                                                      "item_1.i_category",
                                                      "item_1.i_manufact_id",
                                                      "item_1.i_manufact",
                                                      "item_1.i_size",
                                                      "item_1.i_formulation",
                                                      "item_1.i_color",
                                                      "item_1.i_units",
                                                      "item_1.i_container",
                                                      "item_1.i_manager_id",
                                                      "item_1.i_product_name"
                                                    ],
                                                    "Index Cond": "(item_1.i_item_sk = catalog_sales.cs_item_sk)",
                                                    "Rows Removed by Index Recheck": 0,
                                                    "Filter": "((item_1.i_current_price > '50'::numeric) AND (item_1.i_category = ANY ('{Jewelry,Music}'::bpchar[])))",
                                                    "Rows Removed by Filter": 1,
                                                    "Shared Hit Blocks": 414,
                                                    "Shared Read Blocks": 115,
                                                    "Shared Dirtied Blocks": 0,
                                                    "Shared Written Blocks": 0,
                                                    "Local Hit Blocks": 0,
                                                    "Local Read Blocks": 0,
                                                    "Local Dirtied Blocks": 0,
                                                    "Local Written Blocks": 0,
                                                    "Temp Read Blocks": 0,
                                                    "Temp Written Blocks": 0,
                                                    "Workers": [
                                                      {
                                                        "Worker Number": 0,
                                                        "Actual Startup Time": 0.104,
                                                        "Actual Total Time": 0.104,
                                                        "Actual Rows": 0,
                                                        "Actual Loops": 120,
                                                        "Shared Hit Blocks": 283,
                                                        "Shared Read Blocks": 78,
                                                        "Shared Dirtied Blocks": 0,
                                                        "Shared Written Blocks": 0,
                                                        "Local Hit Blocks": 0,
                                                        "Local Read Blocks": 0,
                                                        "Local Dirtied Blocks": 0,
                                                        "Local Written Blocks": 0,
                                                        "Temp Read Blocks": 0,
                                                        "Temp Written Blocks": 0
                                                      }
                                                    ]
                                                  }
                                                ]
                                              },
                                              {
                                                "Node Type": "Index Scan",
                                                "Parent Relationship": "Inner",
                                                "Parallel Aware": false,
                                                "Async Capable": false,
                                                "Scan Direction": "Forward",
                                                "Index Name": "catalog_page_pkey",
                                                "Relation Name": "catalog_page",
                                                "Schema": "public",
                                                "Alias": "catalog_page",
                                                "Startup Cost": 0.29,
                                                "Total Cost": 0.3,
                                                "Plan Rows": 1,
                                                "Plan Width": 21,
                                                "Actual Startup Time": 0.0,
                                                "Actual Total Time": 0.0,
                                                "Actual Rows": 0,
                                                "Actual Loops": 0,
                                                "Output": [
                                                  "catalog_page.cp_catalog_page_sk",
                                                  "catalog_page.cp_catalog_page_id",
                                                  "catalog_page.cp_start_date_sk",
                                                  "catalog_page.cp_end_date_sk",
                                                  "catalog_page.cp_department",
                                                  "catalog_page.cp_catalog_number",
                                                  "catalog_page.cp_catalog_page_number",
                                                  "catalog_page.cp_description",
                                                  "catalog_page.cp_type"
                                                ],
                                                "Index Cond": "(catalog_page.cp_catalog_page_sk = catalog_sales.cs_catalog_page_sk)",
                                                "Rows Removed by Index Recheck": 0,
                                                "Shared Hit Blocks": 0,
                                                "Shared Read Blocks": 0,
                                                "Shared Dirtied Blocks": 0,
                                                "Shared Written Blocks": 0,
                                                "Local Hit Blocks": 0,
                                                "Local Read Blocks": 0,
                                                "Local Dirtied Blocks": 0,
                                                "Local Written Blocks": 0,
                                                "Temp Read Blocks": 0,
                                                "Temp Written Blocks": 0,
                                                "Workers": []
                                              }
                                            ]
                                          }
                                        ]
                                      }
                                    ]
                                  },
                                  {
                                    "Node Type": "Index Scan",
                                    "Parent Relationship": "Inner",
                                    "Parallel Aware": false,
                                    "Async Capable": false,
                                    "Scan Direction": "Forward",
                                    "Index Name": "catalog_returns_pkey",
                                    "Relation Name": "catalog_returns",
                                    "Schema": "public",
                                    "Alias": "catalog_returns",
                                    "Startup Cost": 0.43,
                                    "Total Cost": 0.6,
                                    "Plan Rows": 1,
                                    "Plan Width": 20,
                                    "Actual Startup Time": 0.0,
                                    "Actual Total Time": 0.0,
                                    "Actual Rows": 0,
                                    "Actual Loops": 0,
                                    "Output": [
                                      "catalog_returns.cr_returned_date_sk",
                                      "catalog_returns.cr_returned_time_sk",
                                      "catalog_returns.cr_item_sk",
                                      "catalog_returns.cr_refunded_customer_sk",
                                      "catalog_returns.cr_refunded_cdemo_sk",
                                      "catalog_returns.cr_refunded_hdemo_sk",
                                      "catalog_returns.cr_refunded_addr_sk",
                                      "catalog_returns.cr_returning_customer_sk",
                                      "catalog_returns.cr_returning_cdemo_sk",
                                      "catalog_returns.cr_returning_hdemo_sk",
                                      "catalog_returns.cr_returning_addr_sk",
                                      "catalog_returns.cr_call_center_sk",
                                      "catalog_returns.cr_catalog_page_sk",
                                      "catalog_returns.cr_ship_mode_sk",
                                      "catalog_returns.cr_warehouse_sk",
                                      "catalog_returns.cr_reason_sk",
                                      "catalog_returns.cr_order_number",
                                      "catalog_returns.cr_return_quantity",
                                      "catalog_returns.cr_return_amount",
                                      "catalog_returns.cr_return_tax",
                                      "catalog_returns.cr_return_amt_inc_tax",
                                      "catalog_returns.cr_fee",
                                      "catalog_returns.cr_return_ship_cost",
                                      "catalog_returns.cr_refunded_cash",
                                      "catalog_returns.cr_reversed_charge",
                                      "catalog_returns.cr_store_credit",
                                      "catalog_returns.cr_net_loss"
                                    ],
                                    "Index Cond": "((catalog_returns.cr_item_sk = catalog_sales.cs_item_sk) AND (catalog_returns.cr_order_number = catalog_sales.cs_order_number))",
                                    "Rows Removed by Index Recheck": 0,
                                    "Shared Hit Blocks": 0,
                                    "Shared Read Blocks": 0,
                                    "Shared Dirtied Blocks": 0,
                                    "Shared Written Blocks": 0,
                                    "Local Hit Blocks": 0,
                                    "Local Read Blocks": 0,
                                    "Local Dirtied Blocks": 0,
                                    "Local Written Blocks": 0,
                                    "Temp Read Blocks": 0,
                                    "Temp Written Blocks": 0
                                  }
                                ]
                              }
                            ]
                          }
                        ]
                      },
                      {
                        "Node Type": "Subquery Scan",
                        "Parent Relationship": "Member",
                        "Parallel Aware": false,
                        "Async Capable": false,
                        "Alias": "wsr",
                        "Startup Cost": 12345.41,
                        "Total Cost": 12345.71,
                        "Plan Rows": 1,
                        "Plan Width": 160,
                        "Actual Startup Time": 467.659,
                        "Actual Total Time": 471.999,
                        "Actual Rows": 0,
                        "Actual Loops": 1,
                        "Output": [
                          "'web channel'::text",
                          "('web_site'::text || (wsr.web_site_id)::text)",
                          "wsr.sales",
                          "wsr.returns",
                          "wsr.profit"
                        ],
                        "Shared Hit Blocks": 1978,
                        "Shared Read Blocks": 1916,
                        "Shared Dirtied Blocks": 0,
                        "Shared Written Blocks": 0,
                        "Local Hit Blocks": 0,
                        "Local Read Blocks": 0,
                        "Local Dirtied Blocks": 0,
                        "Local Written Blocks": 0,
                        "Temp Read Blocks": 0,
                        "Temp Written Blocks": 0,
                        "Plans": [
                          {
                            "Node Type": "Aggregate",
                            "Strategy": "Sorted",
                            "Partial Mode": "Simple",
                            "Parent Relationship": "Subquery",
                            "Parallel Aware": false,
                            "Async Capable": false,
                            "Startup Cost": 12345.41,
                            "Total Cost": 12345.7,
                            "Plan Rows": 1,
                            "Plan Width": 113,
                            "Actual Startup Time": 467.658,
                            "Actual Total Time": 471.996,
                            "Actual Rows": 0,
                            "Actual Loops": 1,
                            "Output": [
                              "web_site.web_site_id",
                              "sum(web_sales.ws_ext_sales_price)",
                              "sum(COALESCE(web_returns.wr_return_amt, '0'::numeric))",
                              "sum((web_sales.ws_net_profit - COALESCE(web_returns.wr_net_loss, '0'::numeric)))"
                            ],
                            "Group Key": [
                              "web_site.web_site_id"
                            ],
                            "Shared Hit Blocks": 1978,
                            "Shared Read Blocks": 1916,
                            "Shared Dirtied Blocks": 0,
                            "Shared Written Blocks": 0,
                            "Local Hit Blocks": 0,
                            "Local Read Blocks": 0,
                            "Local Dirtied Blocks": 0,
                            "Local Written Blocks": 0,
                            "Temp Read Blocks": 0,
                            "Temp Written Blocks": 0,
                            "Plans": [
                              {
                                "Node Type": "Nested Loop",
                                "Parent Relationship": "Outer",
                                "Parallel Aware": false,
                                "Async Capable": false,
                                "Join Type": "Left",
                                "Startup Cost": 12345.41,
                                "Total Cost": 12345.67,
                                "Plan Rows": 1,
                                "Plan Width": 41,
                                "Actual Startup Time": 467.655,
                                "Actual Total Time": 471.994,
                                "Actual Rows": 0,
                                "Actual Loops": 1,
                                "Output": [
                                  "web_site.web_site_id",
                                  "web_sales.ws_ext_sales_price",
                                  "web_returns.wr_return_amt",
                                  "web_sales.ws_net_profit",
                                  "web_returns.wr_net_loss"
                                ],
                                "Inner Unique": true,
                                "Shared Hit Blocks": 1978,
                                "Shared Read Blocks": 1916,
                                "Shared Dirtied Blocks": 0,
                                "Shared Written Blocks": 0,
                                "Local Hit Blocks": 0,
                                "Local Read Blocks": 0,
                                "Local Dirtied Blocks": 0,
                                "Local Written Blocks": 0,
                                "Temp Read Blocks": 0,
                                "Temp Written Blocks": 0,
                                "Plans": [
                                  {
                                    "Node Type": "Gather Merge",
                                    "Parent Relationship": "Outer",
                                    "Parallel Aware": false,
                                    "Async Capable": false,
                                    "Startup Cost": 12344.99,
                                    "Total Cost": 12345.1,
                                    "Plan Rows": 1,
                                    "Plan Width": 37,
                                    "Actual Startup Time": 467.654,
                                    "Actual Total Time": 471.991,
                                    "Actual Rows": 0,
                                    "Actual Loops": 1,
                                    "Output": [
                                      "web_sales.ws_ext_sales_price",
                                      "web_sales.ws_net_profit",
                                      "web_sales.ws_item_sk",
                                      "web_sales.ws_order_number",
                                      "web_site.web_site_id"
                                    ],
                                    "Workers Planned": 1,
                                    "Workers Launched": 1,
                                    "Shared Hit Blocks": 1978,
                                    "Shared Read Blocks": 1916,
                                    "Shared Dirtied Blocks": 0,
                                    "Shared Written Blocks": 0,
                                    "Local Hit Blocks": 0,
                                    "Local Read Blocks": 0,
                                    "Local Dirtied Blocks": 0,
                                    "Local Written Blocks": 0,
                                    "Temp Read Blocks": 0,
                                    "Temp Written Blocks": 0,
                                    "Plans": [
                                      {
                                        "Node Type": "Sort",
                                        "Parent Relationship": "Outer",
                                        "Parallel Aware": false,
                                        "Async Capable": false,
                                        "Startup Cost": 11344.98,
                                        "Total Cost": 11344.98,
                                        "Plan Rows": 1,
                                        "Plan Width": 37,
                                        "Actual Startup Time": 312.952,
                                        "Actual Total Time": 312.956,
                                        "Actual Rows": 0,
                                        "Actual Loops": 2,
                                        "Output": [
                                          "web_sales.ws_ext_sales_price",
                                          "web_sales.ws_net_profit",
                                          "web_sales.ws_item_sk",
                                          "web_sales.ws_order_number",
                                          "web_site.web_site_id"
                                        ],
                                        "Sort Key": [
                                          "web_site.web_site_id"
                                        ],
                                        "Sort Method": "quicksort",
                                        "Sort Space Used": 25,
                                        "Sort Space Type": "Memory",
                                        "Shared Hit Blocks": 1978,
                                        "Shared Read Blocks": 1916,
                                        "Shared Dirtied Blocks": 0,
                                        "Shared Written Blocks": 0,
                                        "Local Hit Blocks": 0,
                                        "Local Read Blocks": 0,
                                        "Local Dirtied Blocks": 0,
                                        "Local Written Blocks": 0,
                                        "Temp Read Blocks": 0,
                                        "Temp Written Blocks": 0,
                                        "Workers": [
                                          {
                                            "Worker Number": 0,
                                            "Actual Startup Time": 440.95,
                                            "Actual Total Time": 440.954,
                                            "Actual Rows": 0,
                                            "Actual Loops": 1,
                                            "Sort Method": "quicksort",
                                            "Sort Space Used": 25,
                                            "Sort Space Type": "Memory",
                                            "Shared Hit Blocks": 406,
                                            "Shared Read Blocks": 1354,
                                            "Shared Dirtied Blocks": 0,
                                            "Shared Written Blocks": 0,
                                            "Local Hit Blocks": 0,
                                            "Local Read Blocks": 0,
                                            "Local Dirtied Blocks": 0,
                                            "Local Written Blocks": 0,
                                            "Temp Read Blocks": 0,
                                            "Temp Written Blocks": 0
                                          }
                                        ],
                                        "Plans": [
                                          {
                                            "Node Type": "Nested Loop",
                                            "Parent Relationship": "Outer",
                                            "Parallel Aware": false,
                                            "Async Capable": false,
                                            "Join Type": "Inner",
                                            "Startup Cost": 25.27,
                                            "Total Cost": 11344.97,
                                            "Plan Rows": 1,
                                            "Plan Width": 37,
                                            "Actual Startup Time": 312.933,
                                            "Actual Total Time": 312.937,
                                            "Actual Rows": 0,
                                            "Actual Loops": 2,
                                            "Output": [
                                              "web_sales.ws_ext_sales_price",
                                              "web_sales.ws_net_profit",
                                              "web_sales.ws_item_sk",
                                              "web_sales.ws_order_number",
                                              "web_site.web_site_id"
                                            ],
                                            "Inner Unique": true,
                                            "Shared Hit Blocks": 1971,
                                            "Shared Read Blocks": 1916,
                                            "Shared Dirtied Blocks": 0,
                                            "Shared Written Blocks": 0,
                                            "Local Hit Blocks": 0,
                                            "Local Read Blocks": 0,
                                            "Local Dirtied Blocks": 0,
                                            "Local Written Blocks": 0,
                                            "Temp Read Blocks": 0,
                                            "Temp Written Blocks": 0,
                                            "Workers": [
                                              {
                                                "Worker Number": 0,
                                                "Actual Startup Time": 440.926,
                                                "Actual Total Time": 440.93,
                                                "Actual Rows": 0,
                                                "Actual Loops": 1,
                                                "Shared Hit Blocks": 399,
                                                "Shared Read Blocks": 1354,
                                                "Shared Dirtied Blocks": 0,
                                                "Shared Written Blocks": 0,
                                                "Local Hit Blocks": 0,
                                                "Local Read Blocks": 0,
                                                "Local Dirtied Blocks": 0,
                                                "Local Written Blocks": 0,
                                                "Temp Read Blocks": 0,
                                                "Temp Written Blocks": 0
                                              }
                                            ],
                                            "Plans": [
                                              {
                                                "Node Type": "Nested Loop",
                                                "Parent Relationship": "Outer",
                                                "Parallel Aware": false,
                                                "Async Capable": false,
                                                "Join Type": "Inner",
                                                "Startup Cost": 25.12,
                                                "Total Cost": 11344.81,
                                                "Plan Rows": 1,
                                                "Plan Width": 24,
                                                "Actual Startup Time": 312.933,
                                                "Actual Total Time": 312.936,
                                                "Actual Rows": 0,
                                                "Actual Loops": 2,
                                                "Output": [
                                                  "web_sales.ws_ext_sales_price",
                                                  "web_sales.ws_net_profit",
                                                  "web_sales.ws_web_site_sk",
                                                  "web_sales.ws_item_sk",
                                                  "web_sales.ws_order_number"
                                                ],
                                                "Inner Unique": true,
                                                "Shared Hit Blocks": 1971,
                                                "Shared Read Blocks": 1916,
                                                "Shared Dirtied Blocks": 0,
                                                "Shared Written Blocks": 0,
                                                "Local Hit Blocks": 0,
                                                "Local Read Blocks": 0,
                                                "Local Dirtied Blocks": 0,
                                                "Local Written Blocks": 0,
                                                "Temp Read Blocks": 0,
                                                "Temp Written Blocks": 0,
                                                "Workers": [
                                                  {
                                                    "Worker Number": 0,
                                                    "Actual Startup Time": 440.926,
                                                    "Actual Total Time": 440.929,
                                                    "Actual Rows": 0,
                                                    "Actual Loops": 1,
                                                    "Shared Hit Blocks": 399,
                                                    "Shared Read Blocks": 1354,
                                                    "Shared Dirtied Blocks": 0,
                                                    "Shared Written Blocks": 0,
                                                    "Local Hit Blocks": 0,
                                                    "Local Read Blocks": 0,
                                                    "Local Dirtied Blocks": 0,
                                                    "Local Written Blocks": 0,
                                                    "Temp Read Blocks": 0,
                                                    "Temp Written Blocks": 0
                                                  }
                                                ],
                                                "Plans": [
                                                  {
                                                    "Node Type": "Hash Join",
                                                    "Parent Relationship": "Outer",
                                                    "Parallel Aware": false,
                                                    "Async Capable": false,
                                                    "Join Type": "Inner",
                                                    "Startup Cost": 24.83,
                                                    "Total Cost": 11342.76,
                                                    "Plan Rows": 6,
                                                    "Plan Width": 24,
                                                    "Actual Startup Time": 6.686,
                                                    "Actual Total Time": 305.831,
                                                    "Actual Rows": 76,
                                                    "Actual Loops": 2,
                                                    "Output": [
                                                      "web_sales.ws_ext_sales_price",
                                                      "web_sales.ws_net_profit",
                                                      "web_sales.ws_web_site_sk",
                                                      "web_sales.ws_item_sk",
                                                      "web_sales.ws_order_number"
                                                    ],
                                                    "Inner Unique": true,
                                                    "Hash Cond": "(web_sales.ws_promo_sk = promotion_2.p_promo_sk)",
                                                    "Shared Hit Blocks": 1616,
                                                    "Shared Read Blocks": 1814,
                                                    "Shared Dirtied Blocks": 0,
                                                    "Shared Written Blocks": 0,
                                                    "Local Hit Blocks": 0,
                                                    "Local Read Blocks": 0,
                                                    "Local Dirtied Blocks": 0,
                                                    "Local Written Blocks": 0,
                                                    "Temp Read Blocks": 0,
                                                    "Temp Written Blocks": 0,
                                                    "Workers": [
                                                      {
                                                        "Worker Number": 0,
                                                        "Actual Startup Time": 3.807,
                                                        "Actual Total Time": 430.663,
                                                        "Actual Rows": 107,
                                                        "Actual Loops": 1,
                                                        "Shared Hit Blocks": 146,
                                                        "Shared Read Blocks": 1285,
                                                        "Shared Dirtied Blocks": 0,
                                                        "Shared Written Blocks": 0,
                                                        "Local Hit Blocks": 0,
                                                        "Local Read Blocks": 0,
                                                        "Local Dirtied Blocks": 0,
                                                        "Local Written Blocks": 0,
                                                        "Temp Read Blocks": 0,
                                                        "Temp Written Blocks": 0
                                                      }
                                                    ],
                                                    "Plans": [
                                                      {
                                                        "Node Type": "Nested Loop",
                                                        "Parent Relationship": "Outer",
                                                        "Parallel Aware": false,
                                                        "Async Capable": false,
                                                        "Join Type": "Inner",
                                                        "Startup Cost": 0.43,
                                                        "Total Cost": 11317.61,
                                                        "Plan Rows": 281,
                                                        "Plan Width": 28,
                                                        "Actual Startup Time": 2.595,
                                                        "Actual Total Time": 304.396,
                                                        "Actual Rows": 4616,
                                                        "Actual Loops": 2,
                                                        "Output": [
                                                          "web_sales.ws_ext_sales_price",
                                                          "web_sales.ws_net_profit",
                                                          "web_sales.ws_web_site_sk",
                                                          "web_sales.ws_item_sk",
                                                          "web_sales.ws_promo_sk",
                                                          "web_sales.ws_order_number"
                                                        ],
                                                        "Inner Unique": false,
                                                        "Shared Hit Blocks": 1543,
                                                        "Shared Read Blocks": 1814,
                                                        "Shared Dirtied Blocks": 0,
                                                        "Shared Written Blocks": 0,
                                                        "Local Hit Blocks": 0,
                                                        "Local Read Blocks": 0,
                                                        "Local Dirtied Blocks": 0,
                                                        "Local Written Blocks": 0,
                                                        "Temp Read Blocks": 0,
                                                        "Temp Written Blocks": 0,
                                                        "Workers": [
                                                          {
                                                            "Worker Number": 0,
                                                            "Actual Startup Time": 1.321,
                                                            "Actual Total Time": 428.546,
                                                            "Actual Rows": 6543,
                                                            "Actual Loops": 1,
                                                            "Shared Hit Blocks": 86,
                                                            "Shared Read Blocks": 1285,
                                                            "Shared Dirtied Blocks": 0,
                                                            "Shared Written Blocks": 0,
                                                            "Local Hit Blocks": 0,
                                                            "Local Read Blocks": 0,
                                                            "Local Dirtied Blocks": 0,
                                                            "Local Written Blocks": 0,
                                                            "Temp Read Blocks": 0,
                                                            "Temp Written Blocks": 0
                                                          }
                                                        ],
                                                        "Plans": [
                                                          {
                                                            "Node Type": "Seq Scan",
                                                            "Parent Relationship": "Outer",
                                                            "Parallel Aware": true,
                                                            "Async Capable": false,
                                                            "Relation Name": "date_dim",
                                                            "Schema": "public",
                                                            "Alias": "date_dim_2",
                                                            "Startup Cost": 0.0,
                                                            "Total Cost": 2068.55,
                                                            "Plan Rows": 19,
                                                            "Plan Width": 4,
                                                            "Actual Startup Time": 1.127,
                                                            "Actual Total Time": 2.117,
                                                            "Actual Rows": 16,
                                                            "Actual Loops": 2,
                                                            "Output": [
                                                              "date_dim_2.d_date_sk",
                                                              "date_dim_2.d_date_id",
                                                              "date_dim_2.d_date",
                                                              "date_dim_2.d_month_seq",
                                                              "date_dim_2.d_week_seq",
                                                              "date_dim_2.d_quarter_seq",
                                                              "date_dim_2.d_year",
                                                              "date_dim_2.d_dow",
                                                              "date_dim_2.d_moy",
                                                              "date_dim_2.d_dom",
                                                              "date_dim_2.d_qoy",
                                                              "date_dim_2.d_fy_year",
                                                              "date_dim_2.d_fy_quarter_seq",
                                                              "date_dim_2.d_fy_week_seq",
                                                              "date_dim_2.d_day_name",
                                                              "date_dim_2.d_quarter_name",
                                                              "date_dim_2.d_holiday",
                                                              "date_dim_2.d_weekend",
                                                              "date_dim_2.d_following_holiday",
                                                              "date_dim_2.d_first_dom",
                                                              "date_dim_2.d_last_dom",
                                                              "date_dim_2.d_same_day_ly",
                                                              "date_dim_2.d_same_day_lq",
                                                              "date_dim_2.d_current_day",
                                                              "date_dim_2.d_current_week",
                                                              "date_dim_2.d_current_month",
                                                              "date_dim_2.d_current_quarter",
                                                              "date_dim_2.d_current_year"
                                                            ],
                                                            "Filter": "((date_dim_2.d_date >= '1998-08-23'::date) AND (date_dim_2.d_date <= '1998-09-22 00:00:00'::timestamp without time zone))",
                                                            "Rows Removed by Filter": 36509,
                                                            "Shared Hit Blocks": 1424,
                                                            "Shared Read Blocks": 0,
                                                            "Shared Dirtied Blocks": 0,
                                                            "Shared Written Blocks": 0,
                                                            "Local Hit Blocks": 0,
                                                            "Local Read Blocks": 0,
                                                            "Local Dirtied Blocks": 0,
                                                            "Local Written Blocks": 0,
                                                            "Temp Read Blocks": 0,
                                                            "Temp Written Blocks": 0,
                                                            "Workers": [
                                                              {
                                                                "Worker Number": 0,
                                                                "Actual Startup Time": 0.008,
                                                                "Actual Total Time": 0.069,
                                                                "Actual Rows": 22,
                                                                "Actual Loops": 1,
                                                                "Shared Hit Blocks": 1,
                                                                "Shared Read Blocks": 0,
                                                                "Shared Dirtied Blocks": 0,
                                                                "Shared Written Blocks": 0,
                                                                "Local Hit Blocks": 0,
                                                                "Local Read Blocks": 0,
                                                                "Local Dirtied Blocks": 0,
                                                                "Local Written Blocks": 0,
                                                                "Temp Read Blocks": 0,
                                                                "Temp Written Blocks": 0
                                                              }
                                                            ]
                                                          },
                                                          {
                                                            "Node Type": "Index Scan",
                                                            "Parent Relationship": "Inner",
                                                            "Parallel Aware": false,
                                                            "Async Capable": false,
                                                            "Scan Direction": "Forward",
                                                            "Index Name": "_dta_index_web_sales_6_1269579561__k1_8_24",
                                                            "Relation Name": "web_sales",
                                                            "Schema": "public",
                                                            "Alias": "web_sales",
                                                            "Startup Cost": 0.43,
                                                            "Total Cost": 481.66,
                                                            "Plan Rows": 513,
                                                            "Plan Width": 32,
                                                            "Actual Startup Time": 0.163,
                                                            "Actual Total Time": 19.425,
                                                            "Actual Rows": 298,
                                                            "Actual Loops": 31,
                                                            "Output": [
                                                              "web_sales.ws_sold_date_sk",
                                                              "web_sales.ws_sold_time_sk",
                                                              "web_sales.ws_ship_date_sk",
                                                              "web_sales.ws_item_sk",
                                                              "web_sales.ws_bill_customer_sk",
                                                              "web_sales.ws_bill_cdemo_sk",
                                                              "web_sales.ws_bill_hdemo_sk",
                                                              "web_sales.ws_bill_addr_sk",
                                                              "web_sales.ws_ship_customer_sk",
                                                              "web_sales.ws_ship_cdemo_sk",
                                                              "web_sales.ws_ship_hdemo_sk",
                                                              "web_sales.ws_ship_addr_sk",
                                                              "web_sales.ws_web_page_sk",
                                                              "web_sales.ws_web_site_sk",
                                                              "web_sales.ws_ship_mode_sk",
                                                              "web_sales.ws_warehouse_sk",
                                                              "web_sales.ws_promo_sk",
                                                              "web_sales.ws_order_number",
                                                              "web_sales.ws_quantity",
                                                              "web_sales.ws_wholesale_cost",
                                                              "web_sales.ws_list_price",
                                                              "web_sales.ws_sales_price",
                                                              "web_sales.ws_ext_discount_amt",
                                                              "web_sales.ws_ext_sales_price",
                                                              "web_sales.ws_ext_wholesale_cost",
                                                              "web_sales.ws_ext_list_price",
                                                              "web_sales.ws_ext_tax",
                                                              "web_sales.ws_coupon_amt",
                                                              "web_sales.ws_ext_ship_cost",
                                                              "web_sales.ws_net_paid",
                                                              "web_sales.ws_net_paid_inc_tax",
                                                              "web_sales.ws_net_paid_inc_ship",
                                                              "web_sales.ws_net_paid_inc_ship_tax",
                                                              "web_sales.ws_net_profit"
                                                            ],
                                                            "Index Cond": "(web_sales.ws_sold_date_sk = date_dim_2.d_date_sk)",
                                                            "Rows Removed by Index Recheck": 0,
                                                            "Filter": "((web_sales.ws_wholesale_cost >= '63'::numeric) AND (web_sales.ws_wholesale_cost <= '78'::numeric))",
                                                            "Rows Removed by Filter": 1665,
                                                            "Shared Hit Blocks": 119,
                                                            "Shared Read Blocks": 1814,
                                                            "Shared Dirtied Blocks": 0,
                                                            "Shared Written Blocks": 0,
                                                            "Local Hit Blocks": 0,
                                                            "Local Read Blocks": 0,
                                                            "Local Dirtied Blocks": 0,
                                                            "Local Written Blocks": 0,
                                                            "Temp Read Blocks": 0,
                                                            "Temp Written Blocks": 0,
                                                            "Workers": [
                                                              {
                                                                "Worker Number": 0,
                                                                "Actual Startup Time": 0.153,
                                                                "Actual Total Time": 19.401,
                                                                "Actual Rows": 297,
                                                                "Actual Loops": 22,
                                                                "Shared Hit Blocks": 85,
                                                                "Shared Read Blocks": 1285,
                                                                "Shared Dirtied Blocks": 0,
                                                                "Shared Written Blocks": 0,
                                                                "Local Hit Blocks": 0,
                                                                "Local Read Blocks": 0,
                                                                "Local Dirtied Blocks": 0,
                                                                "Local Written Blocks": 0,
                                                                "Temp Read Blocks": 0,
                                                                "Temp Written Blocks": 0
                                                              }
                                                            ]
                                                          }
                                                        ]
                                                      },
                                                      {
                                                        "Node Type": "Hash",
                                                        "Parent Relationship": "Inner",
                                                        "Parallel Aware": false,
                                                        "Async Capable": false,
                                                        "Startup Cost": 24.25,
                                                        "Total Cost": 24.25,
                                                        "Plan Rows": 12,
                                                        "Plan Width": 4,
                                                        "Actual Startup Time": 0.286,
                                                        "Actual Total Time": 0.287,
                                                        "Actual Rows": 10,
                                                        "Actual Loops": 2,
                                                        "Output": [
                                                          "promotion_2.p_promo_sk"
                                                        ],
                                                        "Hash Buckets": 1024,
                                                        "Original Hash Buckets": 1024,
                                                        "Hash Batches": 1,
                                                        "Original Hash Batches": 1,
                                                        "Peak Memory Usage": 9,
                                                        "Shared Hit Blocks": 26,
                                                        "Shared Read Blocks": 0,
                                                        "Shared Dirtied Blocks": 0,
                                                        "Shared Written Blocks": 0,
                                                        "Local Hit Blocks": 0,
                                                        "Local Read Blocks": 0,
                                                        "Local Dirtied Blocks": 0,
                                                        "Local Written Blocks": 0,
                                                        "Temp Read Blocks": 0,
                                                        "Temp Written Blocks": 0,
                                                        "Workers": [
                                                          {
                                                            "Worker Number": 0,
                                                            "Actual Startup Time": 0.449,
                                                            "Actual Total Time": 0.45,
                                                            "Actual Rows": 10,
                                                            "Actual Loops": 1,
                                                            "Shared Hit Blocks": 13,
                                                            "Shared Read Blocks": 0,
                                                            "Shared Dirtied Blocks": 0,
                                                            "Shared Written Blocks": 0,
                                                            "Local Hit Blocks": 0,
                                                            "Local Read Blocks": 0,
                                                            "Local Dirtied Blocks": 0,
                                                            "Local Written Blocks": 0,
                                                            "Temp Read Blocks": 0,
                                                            "Temp Written Blocks": 0
                                                          }
                                                        ],
                                                        "Plans": [
                                                          {
                                                            "Node Type": "Seq Scan",
                                                            "Parent Relationship": "Outer",
                                                            "Parallel Aware": false,
                                                            "Async Capable": false,
                                                            "Relation Name": "promotion",
                                                            "Schema": "public",
                                                            "Alias": "promotion_2",
                                                            "Startup Cost": 0.0,
                                                            "Total Cost": 24.25,
                                                            "Plan Rows": 12,
                                                            "Plan Width": 4,
                                                            "Actual Startup Time": 0.187,
                                                            "Actual Total Time": 0.278,
                                                            "Actual Rows": 10,
                                                            "Actual Loops": 2,
                                                            "Output": [
                                                              "promotion_2.p_promo_sk"
                                                            ],
                                                            "Filter": "((promotion_2.p_channel_email = 'Y'::bpchar) AND (promotion_2.p_channel_tv = 'Y'::bpchar) AND (promotion_2.p_channel_event = 'Y'::bpchar) AND (promotion_2.p_channel_radio = 'N'::bpchar) AND (promotion_2.p_channel_press = 'N'::bpchar))",
                                                            "Rows Removed by Filter": 490,
                                                            "Shared Hit Blocks": 26,
                                                            "Shared Read Blocks": 0,
                                                            "Shared Dirtied Blocks": 0,
                                                            "Shared Written Blocks": 0,
                                                            "Local Hit Blocks": 0,
                                                            "Local Read Blocks": 0,
                                                            "Local Dirtied Blocks": 0,
                                                            "Local Written Blocks": 0,
                                                            "Temp Read Blocks": 0,
                                                            "Temp Written Blocks": 0,
                                                            "Workers": [
                                                              {
                                                                "Worker Number": 0,
                                                                "Actual Startup Time": 0.357,
                                                                "Actual Total Time": 0.439,
                                                                "Actual Rows": 10,
                                                                "Actual Loops": 1,
                                                                "Shared Hit Blocks": 13,
                                                                "Shared Read Blocks": 0,
                                                                "Shared Dirtied Blocks": 0,
                                                                "Shared Written Blocks": 0,
                                                                "Local Hit Blocks": 0,
                                                                "Local Read Blocks": 0,
                                                                "Local Dirtied Blocks": 0,
                                                                "Local Written Blocks": 0,
                                                                "Temp Read Blocks": 0,
                                                                "Temp Written Blocks": 0
                                                              }
                                                            ]
                                                          }
                                                        ]
                                                      }
                                                    ]
                                                  },
                                                  {
                                                    "Node Type": "Index Scan",
                                                    "Parent Relationship": "Inner",
                                                    "Parallel Aware": false,
                                                    "Async Capable": false,
                                                    "Scan Direction": "Forward",
                                                    "Index Name": "item_pkey",
                                                    "Relation Name": "item",
                                                    "Schema": "public",
                                                    "Alias": "item_2",
                                                    "Startup Cost": 0.29,
                                                    "Total Cost": 0.34,
                                                    "Plan Rows": 1,
                                                    "Plan Width": 4,
                                                    "Actual Startup Time": 0.091,
                                                    "Actual Total Time": 0.091,
                                                    "Actual Rows": 0,
                                                    "Actual Loops": 152,
                                                    "Output": [
                                                      "item_2.i_item_sk",
                                                      "item_2.i_item_id",
                                                      "item_2.i_rec_start_date",
                                                      "item_2.i_rec_end_date",
                                                      "item_2.i_item_desc",
                                                      "item_2.i_current_price",
                                                      "item_2.i_wholesale_cost",
                                                      "item_2.i_brand_id",
                                                      "item_2.i_brand",
                                                      "item_2.i_class_id",
                                                      "item_2.i_class",
                                                      "item_2.i_category_id",
                                                      "item_2.i_category",
                                                      "item_2.i_manufact_id",
                                                      "item_2.i_manufact",
                                                      "item_2.i_size",
                                                      "item_2.i_formulation",
                                                      "item_2.i_color",
                                                      "item_2.i_units",
                                                      "item_2.i_container",
                                                      "item_2.i_manager_id",
                                                      "item_2.i_product_name"
                                                    ],
                                                    "Index Cond": "(item_2.i_item_sk = web_sales.ws_item_sk)",
                                                    "Rows Removed by Index Recheck": 0,
                                                    "Filter": "((item_2.i_current_price > '50'::numeric) AND (item_2.i_category = ANY ('{Jewelry,Music}'::bpchar[])))",
                                                    "Rows Removed by Filter": 1,
                                                    "Shared Hit Blocks": 355,
                                                    "Shared Read Blocks": 102,
                                                    "Shared Dirtied Blocks": 0,
                                                    "Shared Written Blocks": 0,
                                                    "Local Hit Blocks": 0,
                                                    "Local Read Blocks": 0,
                                                    "Local Dirtied Blocks": 0,
                                                    "Local Written Blocks": 0,
                                                    "Temp Read Blocks": 0,
                                                    "Temp Written Blocks": 0,
                                                    "Workers": [
                                                      {
                                                        "Worker Number": 0,
                                                        "Actual Startup Time": 0.094,
                                                        "Actual Total Time": 0.094,
                                                        "Actual Rows": 0,
                                                        "Actual Loops": 107,
                                                        "Shared Hit Blocks": 253,
                                                        "Shared Read Blocks": 69,
                                                        "Shared Dirtied Blocks": 0,
                                                        "Shared Written Blocks": 0,
                                                        "Local Hit Blocks": 0,
                                                        "Local Read Blocks": 0,
                                                        "Local Dirtied Blocks": 0,
                                                        "Local Written Blocks": 0,
                                                        "Temp Read Blocks": 0,
                                                        "Temp Written Blocks": 0
                                                      }
                                                    ]
                                                  }
                                                ]
                                              },
                                              {
                                                "Node Type": "Index Scan",
                                                "Parent Relationship": "Inner",
                                                "Parallel Aware": false,
                                                "Async Capable": false,
                                                "Scan Direction": "Forward",
                                                "Index Name": "web_site_pkey",
                                                "Relation Name": "web_site",
                                                "Schema": "public",
                                                "Alias": "web_site",
                                                "Startup Cost": 0.14,
                                                "Total Cost": 0.16,
                                                "Plan Rows": 1,
                                                "Plan Width": 21,
                                                "Actual Startup Time": 0.0,
                                                "Actual Total Time": 0.0,
                                                "Actual Rows": 0,
                                                "Actual Loops": 0,
                                                "Output": [
                                                  "web_site.web_site_sk",
                                                  "web_site.web_site_id",
                                                  "web_site.web_rec_start_date",
                                                  "web_site.web_rec_end_date",
                                                  "web_site.web_name",
                                                  "web_site.web_open_date_sk",
                                                  "web_site.web_close_date_sk",
                                                  "web_site.web_class",
                                                  "web_site.web_manager",
                                                  "web_site.web_mkt_id",
                                                  "web_site.web_mkt_class",
                                                  "web_site.web_mkt_desc",
                                                  "web_site.web_market_manager",
                                                  "web_site.web_company_id",
                                                  "web_site.web_company_name",
                                                  "web_site.web_street_number",
                                                  "web_site.web_street_name",
                                                  "web_site.web_street_type",
                                                  "web_site.web_suite_number",
                                                  "web_site.web_city",
                                                  "web_site.web_county",
                                                  "web_site.web_state",
                                                  "web_site.web_zip",
                                                  "web_site.web_country",
                                                  "web_site.web_gmt_offset",
                                                  "web_site.web_tax_percentage"
                                                ],
                                                "Index Cond": "(web_site.web_site_sk = web_sales.ws_web_site_sk)",
                                                "Rows Removed by Index Recheck": 0,
                                                "Shared Hit Blocks": 0,
                                                "Shared Read Blocks": 0,
                                                "Shared Dirtied Blocks": 0,
                                                "Shared Written Blocks": 0,
                                                "Local Hit Blocks": 0,
                                                "Local Read Blocks": 0,
                                                "Local Dirtied Blocks": 0,
                                                "Local Written Blocks": 0,
                                                "Temp Read Blocks": 0,
                                                "Temp Written Blocks": 0,
                                                "Workers": []
                                              }
                                            ]
                                          }
                                        ]
                                      }
                                    ]
                                  },
                                  {
                                    "Node Type": "Index Scan",
                                    "Parent Relationship": "Inner",
                                    "Parallel Aware": false,
                                    "Async Capable": false,
                                    "Scan Direction": "Forward",
                                    "Index Name": "web_returns_pkey",
                                    "Relation Name": "web_returns",
                                    "Schema": "public",
                                    "Alias": "web_returns",
                                    "Startup Cost": 0.43,
                                    "Total Cost": 0.56,
                                    "Plan Rows": 1,
                                    "Plan Width": 20,
                                    "Actual Startup Time": 0.0,
                                    "Actual Total Time": 0.0,
                                    "Actual Rows": 0,
                                    "Actual Loops": 0,
                                    "Output": [
                                      "web_returns.wr_returned_date_sk",
                                      "web_returns.wr_returned_time_sk",
                                      "web_returns.wr_item_sk",
                                      "web_returns.wr_refunded_customer_sk",
                                      "web_returns.wr_refunded_cdemo_sk",
                                      "web_returns.wr_refunded_hdemo_sk",
                                      "web_returns.wr_refunded_addr_sk",
                                      "web_returns.wr_returning_customer_sk",
                                      "web_returns.wr_returning_cdemo_sk",
                                      "web_returns.wr_returning_hdemo_sk",
                                      "web_returns.wr_returning_addr_sk",
                                      "web_returns.wr_web_page_sk",
                                      "web_returns.wr_reason_sk",
                                      "web_returns.wr_order_number",
                                      "web_returns.wr_return_quantity",
                                      "web_returns.wr_return_amt",
                                      "web_returns.wr_return_tax",
                                      "web_returns.wr_return_amt_inc_tax",
                                      "web_returns.wr_fee",
                                      "web_returns.wr_return_ship_cost",
                                      "web_returns.wr_refunded_cash",
                                      "web_returns.wr_reversed_charge",
                                      "web_returns.wr_account_credit",
                                      "web_returns.wr_net_loss"
                                    ],
                                    "Index Cond": "((web_returns.wr_item_sk = web_sales.ws_item_sk) AND (web_returns.wr_order_number = web_sales.ws_order_number))",
                                    "Rows Removed by Index Recheck": 0,
                                    "Shared Hit Blocks": 0,
                                    "Shared Read Blocks": 0,
                                    "Shared Dirtied Blocks": 0,
                                    "Shared Written Blocks": 0,
                                    "Local Hit Blocks": 0,
                                    "Local Read Blocks": 0,
                                    "Local Dirtied Blocks": 0,
                                    "Local Written Blocks": 0,
                                    "Temp Read Blocks": 0,
                                    "Temp Written Blocks": 0
                                  }
                                ]
                              }
                            ]
                          }
                        ]
                      }
                    ]
                  }
                ]
              }
            ]
          }
        ]
      },
      "Planning": {
        "Shared Hit Blocks": 136,
        "Shared Read Blocks": 135,
        "Shared Dirtied Blocks": 0,
        "Shared Written Blocks": 0,
        "Local Hit Blocks": 0,
        "Local Read Blocks": 0,
        "Local Dirtied Blocks": 0,
        "Local Written Blocks": 0,
        "Temp Read Blocks": 0,
        "Temp Written Blocks": 0
      },
      "Planning Time": 27.634,
      "Triggers": [],
      "Execution Time": 1177.904
    }
  ],
  "original_sql": "with ssr as\n (select  s_store_id as store_id,\n          sum(ss_ext_sales_price) as sales,\n          sum(coalesce(sr_return_amt, 0)) as returns,\n          sum(ss_net_profit - coalesce(sr_net_loss, 0)) as profit\n  from store_sales left outer join store_returns on\n         (ss_item_sk = sr_item_sk and ss_ticket_number = sr_ticket_number),\n     date_dim,\n     store,\n     item,\n     promotion\n where ss_sold_date_sk = d_date_sk\n       and d_date between cast('1998-08-23' as date)\n                  and cast('1998-08-23' as date) + interval '30 day'\n       and ss_store_sk = s_store_sk\n       and ss_item_sk = i_item_sk\n       and i_current_price > 50\n       and ss_promo_sk = p_promo_sk\n       and p_channel_email = 'Y'\n       and p_channel_tv = 'Y'\n       and p_channel_radio = 'N'\n       and p_channel_press = 'N'\n       and p_channel_event = 'Y'\n       and ss_wholesale_cost BETWEEN 63 AND 78\n       and i_category IN ('Jewelry', 'Music')\n group by s_store_id)\n ,\n csr as\n (select  cp_catalog_page_id as catalog_page_id,\n          sum(cs_ext_sales_price) as sales,\n          sum(coalesce(cr_return_amount, 0)) as returns,\n          sum(cs_net_profit - coalesce(cr_net_loss, 0)) as profit\n  from catalog_sales left outer join catalog_returns on\n         (cs_item_sk = cr_item_sk and cs_order_number = cr_order_number),\n     date_dim,\n     catalog_page,\n     item,\n     promotion\n where cs_sold_date_sk = d_date_sk\n       and d_date between cast('1998-08-23' as date)\n                  and cast('1998-08-23' as date) + interval '30 day'\n        and cs_catalog_page_sk = cp_catalog_page_sk\n       and cs_item_sk = i_item_sk\n       and i_current_price > 50\n       and cs_promo_sk = p_promo_sk\n       and p_channel_email = 'Y'\n       and p_channel_tv = 'Y'\n       and p_channel_radio = 'N'\n       and p_channel_press = 'N'\n       and p_channel_event = 'Y'\n       and cs_wholesale_cost BETWEEN 63 AND 78\n       and i_category IN ('Jewelry', 'Music')\ngroup by cp_catalog_page_id)\n ,\n wsr as\n (select  web_site_id,\n          sum(ws_ext_sales_price) as sales,\n          sum(coalesce(wr_return_amt, 0)) as returns,\n          sum(ws_net_profit - coalesce(wr_net_loss, 0)) as profit\n  from web_sales left outer join web_returns on\n         (ws_item_sk = wr_item_sk and ws_order_number = wr_order_number),\n     date_dim,\n     web_site,\n     item,\n     promotion\n where ws_sold_date_sk = d_date_sk\n       and d_date between cast('1998-08-23' as date)\n                  and cast('1998-08-23' as date) + interval '30 day'\n        and ws_web_site_sk = web_site_sk\n       and ws_item_sk = i_item_sk\n       and i_current_price > 50\n       and ws_promo_sk = p_promo_sk\n       and p_channel_email = 'Y'\n       and p_channel_tv = 'Y'\n       and p_channel_radio = 'N'\n       and p_channel_press = 'N'\n       and p_channel_event = 'Y'\n       and ws_wholesale_cost BETWEEN 63 AND 78\n       and i_category IN ('Jewelry', 'Music')\ngroup by web_site_id)\n  select  channel\n        , id\n        , sum(sales) as sales\n        , sum(returns) as returns\n        , sum(profit) as profit\n from\n (select 'store channel' as channel\n        , 'store' || store_id as id\n        , sales\n        , returns\n        , profit\n from   ssr\n union all\n select 'catalog channel' as channel\n        , 'catalog_page' || catalog_page_id as id\n        , sales\n        , returns\n        , profit\n from  csr\n union all\n select 'web channel' as channel\n        , 'web_site' || web_site_id as id\n        , sales\n        , returns\n        , profit\n from   wsr\n ) x\n group by rollup (channel, id)\n order by channel\n         ,id\n limit 100"
}