{
  "query_id": "query075_multi",
  "engine": "postgresql",
  "benchmark": "dsb",
  "scale_factor": 10,
  "execution_time_ms": 10298.582,
  "planning_time_ms": 15.751,
  "plan_json": [
    {
      "Plan": {
        "Node Type": "Limit",
        "Parallel Aware": false,
        "Async Capable": false,
        "Startup Cost": 287646.12,
        "Total Cost": 287646.12,
        "Plan Rows": 1,
        "Plan Width": 80,
        "Actual Startup Time": 10287.574,
        "Actual Total Time": 10293.94,
        "Actual Rows": 2,
        "Actual Loops": 1,
        "Output": [
          "prev_yr.d_year",
          "curr_yr.d_year",
          "curr_yr.i_brand_id",
          "curr_yr.i_class_id",
          "curr_yr.i_category_id",
          "curr_yr.i_manufact_id",
          "prev_yr.sales_cnt",
          "curr_yr.sales_cnt",
          "((curr_yr.sales_cnt - prev_yr.sales_cnt))",
          "((curr_yr.sales_amt - prev_yr.sales_amt))"
        ],
        "Shared Hit Blocks": 8359,
        "Shared Read Blocks": 195361,
        "Shared Dirtied Blocks": 0,
        "Shared Written Blocks": 0,
        "Local Hit Blocks": 0,
        "Local Read Blocks": 0,
        "Local Dirtied Blocks": 0,
        "Local Written Blocks": 0,
        "Temp Read Blocks": 0,
        "Temp Written Blocks": 0,
        "Plans": [
          {
            "Node Type": "Aggregate",
            "Strategy": "Sorted",
            "Partial Mode": "Simple",
            "Parent Relationship": "InitPlan",
            "Subplan Name": "CTE all_sales",
            "Parallel Aware": false,
            "Async Capable": false,
            "Startup Cost": 287645.83,
            "Total Cost": 287645.92,
            "Plan Rows": 3,
            "Plan Width": 60,
            "Actual Startup Time": 10214.527,
            "Actual Total Time": 10221.074,
            "Actual Rows": 312,
            "Actual Loops": 1,
            "Output": [
              "date_dim.d_year",
              "item.i_brand_id",
              "item.i_class_id",
              "item.i_category_id",
              "item.i_manufact_id",
              "sum(((store_sales.ss_quantity - COALESCE(store_returns.sr_return_quantity, 0))))",
              "sum(((store_sales.ss_ext_sales_price - COALESCE(store_returns.sr_return_amt, 0.0))))"
            ],
            "Group Key": [
              "date_dim.d_year",
              "item.i_brand_id",
              "item.i_class_id",
              "item.i_category_id",
              "item.i_manufact_id"
            ],
            "Shared Hit Blocks": 8359,
            "Shared Read Blocks": 195361,
            "Shared Dirtied Blocks": 0,
            "Shared Written Blocks": 0,
            "Local Hit Blocks": 0,
            "Local Read Blocks": 0,
            "Local Dirtied Blocks": 0,
            "Local Written Blocks": 0,
            "Temp Read Blocks": 0,
            "Temp Written Blocks": 0,
            "Plans": [
              {
                "Node Type": "Sort",
                "Parent Relationship": "Outer",
                "Parallel Aware": false,
                "Async Capable": false,
                "Startup Cost": 287645.83,
                "Total Cost": 287645.83,
                "Plan Rows": 3,
                "Plan Width": 56,
                "Actual Startup Time": 10214.508,
                "Actual Total Time": 10220.884,
                "Actual Rows": 320,
                "Actual Loops": 1,
                "Output": [
                  "date_dim.d_year",
                  "item.i_brand_id",
                  "item.i_class_id",
                  "item.i_category_id",
                  "item.i_manufact_id",
                  "((store_sales.ss_quantity - COALESCE(store_returns.sr_return_quantity, 0)))",
                  "((store_sales.ss_ext_sales_price - COALESCE(store_returns.sr_return_amt, 0.0)))"
                ],
                "Sort Key": [
                  "date_dim.d_year",
                  "item.i_brand_id",
                  "item.i_class_id",
                  "item.i_category_id",
                  "item.i_manufact_id"
                ],
                "Sort Method": "quicksort",
                "Sort Space Used": 42,
                "Sort Space Type": "Memory",
                "Shared Hit Blocks": 8359,
                "Shared Read Blocks": 195361,
                "Shared Dirtied Blocks": 0,
                "Shared Written Blocks": 0,
                "Local Hit Blocks": 0,
                "Local Read Blocks": 0,
                "Local Dirtied Blocks": 0,
                "Local Written Blocks": 0,
                "Temp Read Blocks": 0,
                "Temp Written Blocks": 0,
                "Plans": [
                  {
                    "Node Type": "Aggregate",
                    "Strategy": "Hashed",
                    "Partial Mode": "Simple",
                    "Parent Relationship": "Outer",
                    "Parallel Aware": false,
                    "Async Capable": false,
                    "Startup Cost": 287645.77,
                    "Total Cost": 287645.8,
                    "Plan Rows": 3,
                    "Plan Width": 56,
                    "Actual Startup Time": 10214.354,
                    "Actual Total Time": 10220.755,
                    "Actual Rows": 320,
                    "Actual Loops": 1,
                    "Output": [
                      "date_dim.d_year",
                      "item.i_brand_id",
                      "item.i_class_id",
                      "item.i_category_id",
                      "item.i_manufact_id",
                      "((store_sales.ss_quantity - COALESCE(store_returns.sr_return_quantity, 0)))",
                      "((store_sales.ss_ext_sales_price - COALESCE(store_returns.sr_return_amt, 0.0)))"
                    ],
                    "Group Key": [
                      "date_dim.d_year",
                      "item.i_brand_id",
                      "item.i_class_id",
                      "item.i_category_id",
                      "item.i_manufact_id",
                      "((store_sales.ss_quantity - COALESCE(store_returns.sr_return_quantity, 0)))",
                      "((store_sales.ss_ext_sales_price - COALESCE(store_returns.sr_return_amt, 0.0)))"
                    ],
                    "Planned Partitions": 0,
                    "HashAgg Batches": 1,
                    "Peak Memory Usage": 85,
                    "Disk Usage": 0,
                    "Shared Hit Blocks": 8359,
                    "Shared Read Blocks": 195361,
                    "Shared Dirtied Blocks": 0,
                    "Shared Written Blocks": 0,
                    "Local Hit Blocks": 0,
                    "Local Read Blocks": 0,
                    "Local Dirtied Blocks": 0,
                    "Local Written Blocks": 0,
                    "Temp Read Blocks": 0,
                    "Temp Written Blocks": 0,
                    "Plans": [
                      {
                        "Node Type": "Gather",
                        "Parent Relationship": "Outer",
                        "Parallel Aware": false,
                        "Async Capable": false,
                        "Startup Cost": 5289.52,
                        "Total Cost": 287645.72,
                        "Plan Rows": 3,
                        "Plan Width": 56,
                        "Actual Startup Time": 637.07,
                        "Actual Total Time": 10219.841,
                        "Actual Rows": 320,
                        "Actual Loops": 1,
                        "Output": [
                          "date_dim.d_year",
                          "item.i_brand_id",
                          "item.i_class_id",
                          "item.i_category_id",
                          "item.i_manufact_id",
                          "((store_sales.ss_quantity - COALESCE(store_returns.sr_return_quantity, 0)))",
                          "((store_sales.ss_ext_sales_price - COALESCE(store_returns.sr_return_amt, 0.0)))"
                        ],
                        "Workers Planned": 2,
                        "Workers Launched": 2,
                        "Single Copy": false,
                        "Shared Hit Blocks": 8359,
                        "Shared Read Blocks": 195361,
                        "Shared Dirtied Blocks": 0,
                        "Shared Written Blocks": 0,
                        "Local Hit Blocks": 0,
                        "Local Read Blocks": 0,
                        "Local Dirtied Blocks": 0,
                        "Local Written Blocks": 0,
                        "Temp Read Blocks": 0,
                        "Temp Written Blocks": 0,
                        "Plans": [
                          {
                            "Node Type": "Append",
                            "Parent Relationship": "Outer",
                            "Parallel Aware": true,
                            "Async Capable": false,
                            "Startup Cost": 4289.52,
                            "Total Cost": 286645.42,
                            "Plan Rows": 3,
                            "Plan Width": 56,
                            "Actual Startup Time": 634.307,
                            "Actual Total Time": 10165.978,
                            "Actual Rows": 107,
                            "Actual Loops": 3,
                            "Shared Hit Blocks": 8359,
                            "Shared Read Blocks": 195361,
                            "Shared Dirtied Blocks": 0,
                            "Shared Written Blocks": 0,
                            "Local Hit Blocks": 0,
                            "Local Read Blocks": 0,
                            "Local Dirtied Blocks": 0,
                            "Local Written Blocks": 0,
                            "Temp Read Blocks": 0,
                            "Temp Written Blocks": 0,
                            "Workers": [
                              {
                                "Worker Number": 0,
                                "Actual Startup Time": 585.21,
                                "Actual Total Time": 10143.271,
                                "Actual Rows": 92,
                                "Actual Loops": 1,
                                "JIT": {
                                  "Functions": 84,
                                  "Options": {
                                    "Inlining": false,
                                    "Optimization": false,
                                    "Expressions": true,
                                    "Deforming": true
                                  },
                                  "Timing": {
                                    "Generation": 8.188,
                                    "Inlining": 0.0,
                                    "Optimization": 3.291,
                                    "Emission": 59.199,
                                    "Total": 70.677
                                  }
                                },
                                "Shared Hit Blocks": 2921,
                                "Shared Read Blocks": 65402,
                                "Shared Dirtied Blocks": 0,
                                "Shared Written Blocks": 0,
                                "Local Hit Blocks": 0,
                                "Local Read Blocks": 0,
                                "Local Dirtied Blocks": 0,
                                "Local Written Blocks": 0,
                                "Temp Read Blocks": 0,
                                "Temp Written Blocks": 0
                              },
                              {
                                "Worker Number": 1,
                                "Actual Startup Time": 681.3,
                                "Actual Total Time": 10142.233,
                                "Actual Rows": 119,
                                "Actual Loops": 1,
                                "JIT": {
                                  "Functions": 84,
                                  "Options": {
                                    "Inlining": false,
                                    "Optimization": false,
                                    "Expressions": true,
                                    "Deforming": true
                                  },
                                  "Timing": {
                                    "Generation": 8.923,
                                    "Inlining": 0.0,
                                    "Optimization": 3.004,
                                    "Emission": 58.131,
                                    "Total": 70.058
                                  }
                                },
                                "Shared Hit Blocks": 2781,
                                "Shared Read Blocks": 65007,
                                "Shared Dirtied Blocks": 0,
                                "Shared Written Blocks": 0,
                                "Local Hit Blocks": 0,
                                "Local Read Blocks": 0,
                                "Local Dirtied Blocks": 0,
                                "Local Written Blocks": 0,
                                "Temp Read Blocks": 0,
                                "Temp Written Blocks": 0
                              }
                            ],
                            "Subplans Removed": 0,
                            "Plans": [
                              {
                                "Node Type": "Nested Loop",
                                "Parent Relationship": "Member",
                                "Parallel Aware": false,
                                "Async Capable": false,
                                "Join Type": "Inner",
                                "Startup Cost": 4289.52,
                                "Total Cost": 179756.88,
                                "Plan Rows": 1,
                                "Plan Width": 56,
                                "Actual Startup Time": 226.767,
                                "Actual Total Time": 6270.636,
                                "Actual Rows": 63,
                                "Actual Loops": 3,
                                "Output": [
                                  "date_dim.d_year",
                                  "item.i_brand_id",
                                  "item.i_class_id",
                                  "item.i_category_id",
                                  "item.i_manufact_id",
                                  "(store_sales.ss_quantity - COALESCE(store_returns.sr_return_quantity, 0))",
                                  "(store_sales.ss_ext_sales_price - COALESCE(store_returns.sr_return_amt, 0.0))"
                                ],
                                "Inner Unique": true,
                                "Shared Hit Blocks": 4478,
                                "Shared Read Blocks": 122931,
                                "Shared Dirtied Blocks": 0,
                                "Shared Written Blocks": 0,
                                "Local Hit Blocks": 0,
                                "Local Read Blocks": 0,
                                "Local Dirtied Blocks": 0,
                                "Local Written Blocks": 0,
                                "Temp Read Blocks": 0,
                                "Temp Written Blocks": 0,
                                "Workers": [
                                  {
                                    "Worker Number": 0,
                                    "Actual Startup Time": 585.209,
                                    "Actual Total Time": 10143.193,
                                    "Actual Rows": 92,
                                    "Actual Loops": 1,
                                    "Shared Hit Blocks": 2921,
                                    "Shared Read Blocks": 65402,
                                    "Shared Dirtied Blocks": 0,
                                    "Shared Written Blocks": 0,
                                    "Local Hit Blocks": 0,
                                    "Local Read Blocks": 0,
                                    "Local Dirtied Blocks": 0,
                                    "Local Written Blocks": 0,
                                    "Temp Read Blocks": 0,
                                    "Temp Written Blocks": 0
                                  },
                                  {
                                    "Worker Number": 1,
                                    "Actual Startup Time": 84.521,
                                    "Actual Total Time": 4334.569,
                                    "Actual Rows": 48,
                                    "Actual Loops": 1,
                                    "Shared Hit Blocks": 753,
                                    "Shared Read Blocks": 28785,
                                    "Shared Dirtied Blocks": 0,
                                    "Shared Written Blocks": 0,
                                    "Local Hit Blocks": 0,
                                    "Local Read Blocks": 0,
                                    "Local Dirtied Blocks": 0,
                                    "Local Written Blocks": 0,
                                    "Temp Read Blocks": 0,
                                    "Temp Written Blocks": 0
                                  }
                                ],
                                "Plans": [
                                  {
                                    "Node Type": "Nested Loop",
                                    "Parent Relationship": "Outer",
                                    "Parallel Aware": false,
                                    "Async Capable": false,
                                    "Join Type": "Inner",
                                    "Startup Cost": 4289.23,
                                    "Total Cost": 179755.82,
                                    "Plan Rows": 1,
                                    "Plan Width": 40,
                                    "Actual Startup Time": 226.488,
                                    "Actual Total Time": 6269.616,
                                    "Actual Rows": 64,
                                    "Actual Loops": 3,
                                    "Output": [
                                      "store_sales.ss_quantity",
                                      "store_sales.ss_ext_sales_price",
                                      "store_sales.ss_sold_date_sk",
                                      "item.i_brand_id",
                                      "item.i_class_id",
                                      "item.i_category_id",
                                      "item.i_manufact_id",
                                      "store_returns.sr_return_quantity",
                                      "store_returns.sr_return_amt"
                                    ],
                                    "Inner Unique": true,
                                    "Join Filter": "(store_sales.ss_item_sk = item.i_item_sk)",
                                    "Rows Removed by Join Filter": 0,
                                    "Shared Hit Blocks": 4097,
                                    "Shared Read Blocks": 122930,
                                    "Shared Dirtied Blocks": 0,
                                    "Shared Written Blocks": 0,
                                    "Local Hit Blocks": 0,
                                    "Local Read Blocks": 0,
                                    "Local Dirtied Blocks": 0,
                                    "Local Written Blocks": 0,
                                    "Temp Read Blocks": 0,
                                    "Temp Written Blocks": 0,
                                    "Workers": [
                                      {
                                        "Worker Number": 0,
                                        "Actual Startup Time": 584.425,
                                        "Actual Total Time": 10141.359,
                                        "Actual Rows": 93,
                                        "Actual Loops": 1,
                                        "Shared Hit Blocks": 2736,
                                        "Shared Read Blocks": 65401,
                                        "Shared Dirtied Blocks": 0,
                                        "Shared Written Blocks": 0,
                                        "Local Hit Blocks": 0,
                                        "Local Read Blocks": 0,
                                        "Local Dirtied Blocks": 0,
                                        "Local Written Blocks": 0,
                                        "Temp Read Blocks": 0,
                                        "Temp Written Blocks": 0
                                      },
                                      {
                                        "Worker Number": 1,
                                        "Actual Startup Time": 84.497,
                                        "Actual Total Time": 4333.981,
                                        "Actual Rows": 50,
                                        "Actual Loops": 1,
                                        "Shared Hit Blocks": 656,
                                        "Shared Read Blocks": 28785,
                                        "Shared Dirtied Blocks": 0,
                                        "Shared Written Blocks": 0,
                                        "Local Hit Blocks": 0,
                                        "Local Read Blocks": 0,
                                        "Local Dirtied Blocks": 0,
                                        "Local Written Blocks": 0,
                                        "Temp Read Blocks": 0,
                                        "Temp Written Blocks": 0
                                      }
                                    ],
                                    "Plans": [
                                      {
                                        "Node Type": "Hash Join",
                                        "Parent Relationship": "Outer",
                                        "Parallel Aware": true,
                                        "Async Capable": false,
                                        "Join Type": "Inner",
                                        "Startup Cost": 4288.79,
                                        "Total Cost": 172271.53,
                                        "Plan Rows": 1308,
                                        "Plan Width": 38,
                                        "Actual Startup Time": 168.364,
                                        "Actual Total Time": 6008.536,
                                        "Actual Rows": 522,
                                        "Actual Loops": 3,
                                        "Output": [
                                          "item.i_brand_id",
                                          "item.i_class_id",
                                          "item.i_category_id",
                                          "item.i_manufact_id",
                                          "item.i_item_sk",
                                          "store_returns.sr_return_quantity",
                                          "store_returns.sr_return_amt",
                                          "store_returns.sr_ticket_number",
                                          "store_returns.sr_item_sk"
                                        ],
                                        "Inner Unique": true,
                                        "Hash Cond": "(store_returns.sr_item_sk = item.i_item_sk)",
                                        "Shared Hit Blocks": 1218,
                                        "Shared Read Blocks": 119539,
                                        "Shared Dirtied Blocks": 0,
                                        "Shared Written Blocks": 0,
                                        "Local Hit Blocks": 0,
                                        "Local Read Blocks": 0,
                                        "Local Dirtied Blocks": 0,
                                        "Local Written Blocks": 0,
                                        "Temp Read Blocks": 0,
                                        "Temp Written Blocks": 0,
                                        "Workers": [
                                          {
                                            "Worker Number": 0,
                                            "Actual Startup Time": 474.473,
                                            "Actual Total Time": 9733.144,
                                            "Actual Rows": 823,
                                            "Actual Loops": 1,
                                            "Shared Hit Blocks": 1218,
                                            "Shared Read Blocks": 63626,
                                            "Shared Dirtied Blocks": 0,
                                            "Shared Written Blocks": 0,
                                            "Local Hit Blocks": 0,
                                            "Local Read Blocks": 0,
                                            "Local Dirtied Blocks": 0,
                                            "Local Written Blocks": 0,
                                            "Temp Read Blocks": 0,
                                            "Temp Written Blocks": 0
                                          },
                                          {
                                            "Worker Number": 1,
                                            "Actual Startup Time": 29.418,
                                            "Actual Total Time": 4147.304,
                                            "Actual Rows": 361,
                                            "Actual Loops": 1,
                                            "Shared Hit Blocks": 0,
                                            "Shared Read Blocks": 27996,
                                            "Shared Dirtied Blocks": 0,
                                            "Shared Written Blocks": 0,
                                            "Local Hit Blocks": 0,
                                            "Local Read Blocks": 0,
                                            "Local Dirtied Blocks": 0,
                                            "Local Written Blocks": 0,
                                            "Temp Read Blocks": 0,
                                            "Temp Written Blocks": 0
                                          }
                                        ],
                                        "Plans": [
                                          {
                                            "Node Type": "Seq Scan",
                                            "Parent Relationship": "Outer",
                                            "Parallel Aware": true,
                                            "Async Capable": false,
                                            "Relation Name": "store_returns",
                                            "Schema": "public",
                                            "Alias": "store_returns",
                                            "Startup Cost": 0.0,
                                            "Total Cost": 167789.07,
                                            "Plan Rows": 73775,
                                            "Plan Width": 18,
                                            "Actual Startup Time": 0.707,
                                            "Actual Total Time": 5818.347,
                                            "Actual Rows": 58858,
                                            "Actual Loops": 3,
                                            "Output": [
                                              "store_returns.sr_returned_date_sk",
                                              "store_returns.sr_return_time_sk",
                                              "store_returns.sr_item_sk",
                                              "store_returns.sr_customer_sk",
                                              "store_returns.sr_cdemo_sk",
                                              "store_returns.sr_hdemo_sk",
                                              "store_returns.sr_addr_sk",
                                              "store_returns.sr_store_sk",
                                              "store_returns.sr_reason_sk",
                                              "store_returns.sr_ticket_number",
                                              "store_returns.sr_return_quantity",
                                              "store_returns.sr_return_amt",
                                              "store_returns.sr_return_tax",
                                              "store_returns.sr_return_amt_inc_tax",
                                              "store_returns.sr_fee",
                                              "store_returns.sr_return_ship_cost",
                                              "store_returns.sr_refunded_cash",
                                              "store_returns.sr_reversed_charge",
                                              "store_returns.sr_store_credit",
                                              "store_returns.sr_net_loss"
                                            ],
                                            "Filter": "(store_returns.sr_reason_sk = ANY ('{17,48,50,56,68}'::integer[]))",
                                            "Rows Removed by Filter": 2340540,
                                            "Shared Hit Blocks": 1,
                                            "Shared Read Blocks": 119055,
                                            "Shared Dirtied Blocks": 0,
                                            "Shared Written Blocks": 0,
                                            "Local Hit Blocks": 0,
                                            "Local Read Blocks": 0,
                                            "Local Dirtied Blocks": 0,
                                            "Local Written Blocks": 0,
                                            "Temp Read Blocks": 0,
                                            "Temp Written Blocks": 0,
                                            "Workers": [
                                              {
                                                "Worker Number": 0,
                                                "Actual Startup Time": 0.67,
                                                "Actual Total Time": 9206.865,
                                                "Actual Rows": 93693,
                                                "Actual Loops": 1,
                                                "Shared Hit Blocks": 1,
                                                "Shared Read Blocks": 63142,
                                                "Shared Dirtied Blocks": 0,
                                                "Shared Written Blocks": 0,
                                                "Local Hit Blocks": 0,
                                                "Local Read Blocks": 0,
                                                "Local Dirtied Blocks": 0,
                                                "Local Written Blocks": 0,
                                                "Temp Read Blocks": 0,
                                                "Temp Written Blocks": 0
                                              },
                                              {
                                                "Worker Number": 1,
                                                "Actual Startup Time": 0.793,
                                                "Actual Total Time": 4125.384,
                                                "Actual Rows": 41582,
                                                "Actual Loops": 1,
                                                "Shared Hit Blocks": 0,
                                                "Shared Read Blocks": 27996,
                                                "Shared Dirtied Blocks": 0,
                                                "Shared Written Blocks": 0,
                                                "Local Hit Blocks": 0,
                                                "Local Read Blocks": 0,
                                                "Local Dirtied Blocks": 0,
                                                "Local Written Blocks": 0,
                                                "Temp Read Blocks": 0,
                                                "Temp Written Blocks": 0
                                              }
                                            ]
                                          },
                                          {
                                            "Node Type": "Hash",
                                            "Parent Relationship": "Inner",
                                            "Parallel Aware": true,
                                            "Async Capable": false,
                                            "Startup Cost": 4275.49,
                                            "Total Cost": 4275.49,
                                            "Plan Rows": 1064,
                                            "Plan Width": 20,
                                            "Actual Startup Time": 157.059,
                                            "Actual Total Time": 157.06,
                                            "Actual Rows": 616,
                                            "Actual Loops": 3,
                                            "Output": [
                                              "item.i_brand_id",
                                              "item.i_class_id",
                                              "item.i_category_id",
                                              "item.i_manufact_id",
                                              "item.i_item_sk"
                                            ],
                                            "Hash Buckets": 2048,
                                            "Original Hash Buckets": 2048,
                                            "Hash Batches": 1,
                                            "Original Hash Batches": 1,
                                            "Peak Memory Usage": 144,
                                            "Shared Hit Blocks": 1191,
                                            "Shared Read Blocks": 481,
                                            "Shared Dirtied Blocks": 0,
                                            "Shared Written Blocks": 0,
                                            "Local Hit Blocks": 0,
                                            "Local Read Blocks": 0,
                                            "Local Dirtied Blocks": 0,
                                            "Local Written Blocks": 0,
                                            "Temp Read Blocks": 0,
                                            "Temp Written Blocks": 0,
                                            "Workers": [
                                              {
                                                "Worker Number": 0,
                                                "Actual Startup Time": 471.175,
                                                "Actual Total Time": 471.176,
                                                "Actual Rows": 1847,
                                                "Actual Loops": 1,
                                                "Shared Hit Blocks": 1191,
                                                "Shared Read Blocks": 481,
                                                "Shared Dirtied Blocks": 0,
                                                "Shared Written Blocks": 0,
                                                "Local Hit Blocks": 0,
                                                "Local Read Blocks": 0,
                                                "Local Dirtied Blocks": 0,
                                                "Local Written Blocks": 0,
                                                "Temp Read Blocks": 0,
                                                "Temp Written Blocks": 0
                                              },
                                              {
                                                "Worker Number": 1,
                                                "Actual Startup Time": 0.001,
                                                "Actual Total Time": 0.002,
                                                "Actual Rows": 0,
                                                "Actual Loops": 1,
                                                "Shared Hit Blocks": 0,
                                                "Shared Read Blocks": 0,
                                                "Shared Dirtied Blocks": 0,
                                                "Shared Written Blocks": 0,
                                                "Local Hit Blocks": 0,
                                                "Local Read Blocks": 0,
                                                "Local Dirtied Blocks": 0,
                                                "Local Written Blocks": 0,
                                                "Temp Read Blocks": 0,
                                                "Temp Written Blocks": 0
                                              }
                                            ],
                                            "Plans": [
                                              {
                                                "Node Type": "Bitmap Heap Scan",
                                                "Parent Relationship": "Outer",
                                                "Parallel Aware": true,
                                                "Async Capable": false,
                                                "Relation Name": "item",
                                                "Schema": "public",
                                                "Alias": "item",
                                                "Startup Cost": 142.44,
                                                "Total Cost": 4275.49,
                                                "Plan Rows": 1064,
                                                "Plan Width": 20,
                                                "Actual Startup Time": 63.236,
                                                "Actual Total Time": 469.117,
                                                "Actual Rows": 1847,
                                                "Actual Loops": 1,
                                                "Output": [
                                                  "item.i_brand_id",
                                                  "item.i_class_id",
                                                  "item.i_category_id",
                                                  "item.i_manufact_id",
                                                  "item.i_item_sk"
                                                ],
                                                "Recheck Cond": "(item.i_category = 'Music'::bpchar)",
                                                "Rows Removed by Index Recheck": 0,
                                                "Exact Heap Blocks": 0,
                                                "Lossy Heap Blocks": 0,
                                                "Shared Hit Blocks": 1191,
                                                "Shared Read Blocks": 481,
                                                "Shared Dirtied Blocks": 0,
                                                "Shared Written Blocks": 0,
                                                "Local Hit Blocks": 0,
                                                "Local Read Blocks": 0,
                                                "Local Dirtied Blocks": 0,
                                                "Local Written Blocks": 0,
                                                "Temp Read Blocks": 0,
                                                "Temp Written Blocks": 0,
                                                "Workers": [
                                                  {
                                                    "Worker Number": 0,
                                                    "Actual Startup Time": 63.236,
                                                    "Actual Total Time": 469.117,
                                                    "Actual Rows": 1847,
                                                    "Actual Loops": 1,
                                                    "Shared Hit Blocks": 1191,
                                                    "Shared Read Blocks": 481,
                                                    "Shared Dirtied Blocks": 0,
                                                    "Shared Written Blocks": 0,
                                                    "Local Hit Blocks": 0,
                                                    "Local Read Blocks": 0,
                                                    "Local Dirtied Blocks": 0,
                                                    "Local Written Blocks": 0,
                                                    "Temp Read Blocks": 0,
                                                    "Temp Written Blocks": 0
                                                  }
                                                ],
                                                "Plans": [
                                                  {
                                                    "Node Type": "Bitmap Index Scan",
                                                    "Parent Relationship": "Outer",
                                                    "Parallel Aware": false,
                                                    "Async Capable": false,
                                                    "Index Name": "_dta_index_item_6_853578079__k13_k11_k1",
                                                    "Startup Cost": 0.0,
                                                    "Total Cost": 141.98,
                                                    "Plan Rows": 1809,
                                                    "Plan Width": 0,
                                                    "Actual Startup Time": 0.676,
                                                    "Actual Total Time": 0.676,
                                                    "Actual Rows": 1847,
                                                    "Actual Loops": 1,
                                                    "Index Cond": "(item.i_category = 'Music'::bpchar)",
                                                    "Shared Hit Blocks": 35,
                                                    "Shared Read Blocks": 0,
                                                    "Shared Dirtied Blocks": 0,
                                                    "Shared Written Blocks": 0,
                                                    "Local Hit Blocks": 0,
                                                    "Local Read Blocks": 0,
                                                    "Local Dirtied Blocks": 0,
                                                    "Local Written Blocks": 0,
                                                    "Temp Read Blocks": 0,
                                                    "Temp Written Blocks": 0,
                                                    "Workers": [
                                                      {
                                                        "Worker Number": 0,
                                                        "Actual Startup Time": 0.676,
                                                        "Actual Total Time": 0.676,
                                                        "Actual Rows": 1847,
                                                        "Actual Loops": 1,
                                                        "Shared Hit Blocks": 35,
                                                        "Shared Read Blocks": 0,
                                                        "Shared Dirtied Blocks": 0,
                                                        "Shared Written Blocks": 0,
                                                        "Local Hit Blocks": 0,
                                                        "Local Read Blocks": 0,
                                                        "Local Dirtied Blocks": 0,
                                                        "Local Written Blocks": 0,
                                                        "Temp Read Blocks": 0,
                                                        "Temp Written Blocks": 0
                                                      }
                                                    ]
                                                  }
                                                ]
                                              }
                                            ]
                                          }
                                        ]
                                      },
                                      {
                                        "Node Type": "Index Scan",
                                        "Parent Relationship": "Inner",
                                        "Parallel Aware": false,
                                        "Async Capable": false,
                                        "Scan Direction": "Forward",
                                        "Index Name": "_dta_index_store_sales_6_1333579789__k10_k3",
                                        "Relation Name": "store_sales",
                                        "Schema": "public",
                                        "Alias": "store_sales",
                                        "Startup Cost": 0.44,
                                        "Total Cost": 5.71,
                                        "Plan Rows": 1,
                                        "Plan Width": 22,
                                        "Actual Startup Time": 0.495,
                                        "Actual Total Time": 0.495,
                                        "Actual Rows": 0,
                                        "Actual Loops": 1567,
                                        "Output": [
                                          "store_sales.ss_sold_date_sk",
                                          "store_sales.ss_sold_time_sk",
                                          "store_sales.ss_item_sk",
                                          "store_sales.ss_customer_sk",
                                          "store_sales.ss_cdemo_sk",
                                          "store_sales.ss_hdemo_sk",
                                          "store_sales.ss_addr_sk",
                                          "store_sales.ss_store_sk",
                                          "store_sales.ss_promo_sk",
                                          "store_sales.ss_ticket_number",
                                          "store_sales.ss_quantity",
                                          "store_sales.ss_wholesale_cost",
                                          "store_sales.ss_list_price",
                                          "store_sales.ss_sales_price",
                                          "store_sales.ss_ext_discount_amt",
                                          "store_sales.ss_ext_sales_price",
                                          "store_sales.ss_ext_wholesale_cost",
                                          "store_sales.ss_ext_list_price",
                                          "store_sales.ss_ext_tax",
                                          "store_sales.ss_coupon_amt",
                                          "store_sales.ss_net_paid",
                                          "store_sales.ss_net_paid_inc_tax",
                                          "store_sales.ss_net_profit"
                                        ],
                                        "Index Cond": "((store_sales.ss_ticket_number = store_returns.sr_ticket_number) AND (store_sales.ss_item_sk = store_returns.sr_item_sk))",
                                        "Rows Removed by Index Recheck": 0,
                                        "Filter": "(((store_sales.ss_sales_price / store_sales.ss_list_price) >= 0.33) AND ((store_sales.ss_sales_price / store_sales.ss_list_price) <= 0.53))",
                                        "Rows Removed by Filter": 1,
                                        "Shared Hit Blocks": 2879,
                                        "Shared Read Blocks": 3391,
                                        "Shared Dirtied Blocks": 0,
                                        "Shared Written Blocks": 0,
                                        "Local Hit Blocks": 0,
                                        "Local Read Blocks": 0,
                                        "Local Dirtied Blocks": 0,
                                        "Local Written Blocks": 0,
                                        "Temp Read Blocks": 0,
                                        "Temp Written Blocks": 0,
                                        "Workers": [
                                          {
                                            "Worker Number": 0,
                                            "Actual Startup Time": 0.492,
                                            "Actual Total Time": 0.492,
                                            "Actual Rows": 0,
                                            "Actual Loops": 823,
                                            "Shared Hit Blocks": 1518,
                                            "Shared Read Blocks": 1775,
                                            "Shared Dirtied Blocks": 0,
                                            "Shared Written Blocks": 0,
                                            "Local Hit Blocks": 0,
                                            "Local Read Blocks": 0,
                                            "Local Dirtied Blocks": 0,
                                            "Local Written Blocks": 0,
                                            "Temp Read Blocks": 0,
                                            "Temp Written Blocks": 0
                                          },
                                          {
                                            "Worker Number": 1,
                                            "Actual Startup Time": 0.513,
                                            "Actual Total Time": 0.513,
                                            "Actual Rows": 0,
                                            "Actual Loops": 361,
                                            "Shared Hit Blocks": 656,
                                            "Shared Read Blocks": 789,
                                            "Shared Dirtied Blocks": 0,
                                            "Shared Written Blocks": 0,
                                            "Local Hit Blocks": 0,
                                            "Local Read Blocks": 0,
                                            "Local Dirtied Blocks": 0,
                                            "Local Written Blocks": 0,
                                            "Temp Read Blocks": 0,
                                            "Temp Written Blocks": 0
                                          }
                                        ]
                                      }
                                    ]
                                  },
                                  {
                                    "Node Type": "Index Only Scan",
                                    "Parent Relationship": "Inner",
                                    "Parallel Aware": false,
                                    "Async Capable": false,
                                    "Scan Direction": "Forward",
                                    "Index Name": "_dta_index_date_dim_6_661577395__k1_k7_k9",
                                    "Relation Name": "date_dim",
                                    "Schema": "public",
                                    "Alias": "date_dim",
                                    "Startup Cost": 0.29,
                                    "Total Cost": 1.05,
                                    "Plan Rows": 1,
                                    "Plan Width": 8,
                                    "Actual Startup Time": 0.01,
                                    "Actual Total Time": 0.01,
                                    "Actual Rows": 1,
                                    "Actual Loops": 192,
                                    "Output": [
                                      "date_dim.d_date_sk",
                                      "date_dim.d_year",
                                      "date_dim.d_moy"
                                    ],
                                    "Index Cond": "(date_dim.d_date_sk = store_sales.ss_sold_date_sk)",
                                    "Rows Removed by Index Recheck": 0,
                                    "Heap Fetches": 0,
                                    "Shared Hit Blocks": 381,
                                    "Shared Read Blocks": 1,
                                    "Shared Dirtied Blocks": 0,
                                    "Shared Written Blocks": 0,
                                    "Local Hit Blocks": 0,
                                    "Local Read Blocks": 0,
                                    "Local Dirtied Blocks": 0,
                                    "Local Written Blocks": 0,
                                    "Temp Read Blocks": 0,
                                    "Temp Written Blocks": 0,
                                    "Workers": [
                                      {
                                        "Worker Number": 0,
                                        "Actual Startup Time": 0.014,
                                        "Actual Total Time": 0.014,
                                        "Actual Rows": 1,
                                        "Actual Loops": 93,
                                        "Shared Hit Blocks": 185,
                                        "Shared Read Blocks": 1,
                                        "Shared Dirtied Blocks": 0,
                                        "Shared Written Blocks": 0,
                                        "Local Hit Blocks": 0,
                                        "Local Read Blocks": 0,
                                        "Local Dirtied Blocks": 0,
                                        "Local Written Blocks": 0,
                                        "Temp Read Blocks": 0,
                                        "Temp Written Blocks": 0
                                      },
                                      {
                                        "Worker Number": 1,
                                        "Actual Startup Time": 0.006,
                                        "Actual Total Time": 0.006,
                                        "Actual Rows": 1,
                                        "Actual Loops": 50,
                                        "Shared Hit Blocks": 97,
                                        "Shared Read Blocks": 0,
                                        "Shared Dirtied Blocks": 0,
                                        "Shared Written Blocks": 0,
                                        "Local Hit Blocks": 0,
                                        "Local Read Blocks": 0,
                                        "Local Dirtied Blocks": 0,
                                        "Local Written Blocks": 0,
                                        "Temp Read Blocks": 0,
                                        "Temp Written Blocks": 0
                                      }
                                    ]
                                  }
                                ]
                              },
                              {
                                "Node Type": "Nested Loop",
                                "Parent Relationship": "Member",
                                "Parallel Aware": false,
                                "Async Capable": false,
                                "Join Type": "Inner",
                                "Startup Cost": 4289.52,
                                "Total Cost": 64506.04,
                                "Plan Rows": 1,
                                "Plan Width": 56,
                                "Actual Startup Time": 371.414,
                                "Actual Total Time": 3547.255,
                                "Actual Rows": 44,
                                "Actual Loops": 2,
                                "Output": [
                                  "date_dim_1.d_year",
                                  "item_1.i_brand_id",
                                  "item_1.i_class_id",
                                  "item_1.i_category_id",
                                  "item_1.i_manufact_id",
                                  "(catalog_sales.cs_quantity - COALESCE(catalog_returns.cr_return_quantity, 0))",
                                  "(catalog_sales.cs_ext_sales_price - COALESCE(catalog_returns.cr_return_amount, 0.0))"
                                ],
                                "Inner Unique": true,
                                "Shared Hit Blocks": 2271,
                                "Shared Read Blocks": 44496,
                                "Shared Dirtied Blocks": 0,
                                "Shared Written Blocks": 0,
                                "Local Hit Blocks": 0,
                                "Local Read Blocks": 0,
                                "Local Dirtied Blocks": 0,
                                "Local Written Blocks": 0,
                                "Temp Read Blocks": 0,
                                "Temp Written Blocks": 0,
                                "Workers": [
                                  {
                                    "Worker Number": 1,
                                    "Actual Startup Time": 681.299,
                                    "Actual Total Time": 5807.533,
                                    "Actual Rows": 71,
                                    "Actual Loops": 1,
                                    "Shared Hit Blocks": 2028,
                                    "Shared Read Blocks": 36222,
                                    "Shared Dirtied Blocks": 0,
                                    "Shared Written Blocks": 0,
                                    "Local Hit Blocks": 0,
                                    "Local Read Blocks": 0,
                                    "Local Dirtied Blocks": 0,
                                    "Local Written Blocks": 0,
                                    "Temp Read Blocks": 0,
                                    "Temp Written Blocks": 0
                                  }
                                ],
                                "Plans": [
                                  {
                                    "Node Type": "Nested Loop",
                                    "Parent Relationship": "Outer",
                                    "Parallel Aware": false,
                                    "Async Capable": false,
                                    "Join Type": "Inner",
                                    "Startup Cost": 4289.23,
                                    "Total Cost": 64505.71,
                                    "Plan Rows": 1,
                                    "Plan Width": 40,
                                    "Actual Startup Time": 371.163,
                                    "Actual Total Time": 3546.271,
                                    "Actual Rows": 44,
                                    "Actual Loops": 2,
                                    "Output": [
                                      "catalog_sales.cs_quantity",
                                      "catalog_sales.cs_ext_sales_price",
                                      "catalog_sales.cs_sold_date_sk",
                                      "item_1.i_brand_id",
                                      "item_1.i_class_id",
                                      "item_1.i_category_id",
                                      "item_1.i_manufact_id",
                                      "catalog_returns.cr_return_quantity",
                                      "catalog_returns.cr_return_amount"
                                    ],
                                    "Inner Unique": true,
                                    "Join Filter": "(catalog_sales.cs_item_sk = item_1.i_item_sk)",
                                    "Rows Removed by Join Filter": 0,
                                    "Shared Hit Blocks": 2095,
                                    "Shared Read Blocks": 44495,
                                    "Shared Dirtied Blocks": 0,
                                    "Shared Written Blocks": 0,
                                    "Local Hit Blocks": 0,
                                    "Local Read Blocks": 0,
                                    "Local Dirtied Blocks": 0,
                                    "Local Written Blocks": 0,
                                    "Temp Read Blocks": 0,
                                    "Temp Written Blocks": 0,
                                    "Workers": [
                                      {
                                        "Worker Number": 1,
                                        "Actual Startup Time": 680.816,
                                        "Actual Total Time": 5805.791,
                                        "Actual Rows": 71,
                                        "Actual Loops": 1,
                                        "Shared Hit Blocks": 1885,
                                        "Shared Read Blocks": 36221,
                                        "Shared Dirtied Blocks": 0,
                                        "Shared Written Blocks": 0,
                                        "Local Hit Blocks": 0,
                                        "Local Read Blocks": 0,
                                        "Local Dirtied Blocks": 0,
                                        "Local Written Blocks": 0,
                                        "Temp Read Blocks": 0,
                                        "Temp Written Blocks": 0
                                      }
                                    ],
                                    "Plans": [
                                      {
                                        "Node Type": "Hash Join",
                                        "Parent Relationship": "Outer",
                                        "Parallel Aware": true,
                                        "Async Capable": false,
                                        "Join Type": "Inner",
                                        "Startup Cost": 4288.79,
                                        "Total Cost": 61980.67,
                                        "Plan Rows": 368,
                                        "Plan Width": 38,
                                        "Actual Startup Time": 266.446,
                                        "Actual Total Time": 3384.668,
                                        "Actual Rows": 233,
                                        "Actual Loops": 2,
                                        "Output": [
                                          "item_1.i_brand_id",
                                          "item_1.i_class_id",
                                          "item_1.i_category_id",
                                          "item_1.i_manufact_id",
                                          "item_1.i_item_sk",
                                          "catalog_returns.cr_return_quantity",
                                          "catalog_returns.cr_return_amount",
                                          "catalog_returns.cr_order_number",
                                          "catalog_returns.cr_item_sk"
                                        ],
                                        "Inner Unique": true,
                                        "Hash Cond": "(catalog_returns.cr_item_sk = item_1.i_item_sk)",
                                        "Shared Hit Blocks": 1227,
                                        "Shared Read Blocks": 43498,
                                        "Shared Dirtied Blocks": 0,
                                        "Shared Written Blocks": 0,
                                        "Local Hit Blocks": 0,
                                        "Local Read Blocks": 0,
                                        "Local Dirtied Blocks": 0,
                                        "Local Written Blocks": 0,
                                        "Temp Read Blocks": 0,
                                        "Temp Written Blocks": 0,
                                        "Workers": [
                                          {
                                            "Worker Number": 1,
                                            "Actual Startup Time": 514.753,
                                            "Actual Total Time": 5541.227,
                                            "Actual Rows": 362,
                                            "Actual Loops": 1,
                                            "Shared Hit Blocks": 1227,
                                            "Shared Read Blocks": 35430,
                                            "Shared Dirtied Blocks": 0,
                                            "Shared Written Blocks": 0,
                                            "Local Hit Blocks": 0,
                                            "Local Read Blocks": 0,
                                            "Local Dirtied Blocks": 0,
                                            "Local Written Blocks": 0,
                                            "Temp Read Blocks": 0,
                                            "Temp Written Blocks": 0
                                          }
                                        ],
                                        "Plans": [
                                          {
                                            "Node Type": "Seq Scan",
                                            "Parent Relationship": "Outer",
                                            "Parallel Aware": true,
                                            "Async Capable": false,
                                            "Relation Name": "catalog_returns",
                                            "Schema": "public",
                                            "Alias": "catalog_returns",
                                            "Startup Cost": 0.0,
                                            "Total Cost": 57637.42,
                                            "Plan Rows": 20744,
                                            "Plan Width": 18,
                                            "Actual Startup Time": 0.75,
                                            "Actual Total Time": 3131.558,
                                            "Actual Rows": 26860,
                                            "Actual Loops": 2,
                                            "Output": [
                                              "catalog_returns.cr_returned_date_sk",
                                              "catalog_returns.cr_returned_time_sk",
                                              "catalog_returns.cr_item_sk",
                                              "catalog_returns.cr_refunded_customer_sk",
                                              "catalog_returns.cr_refunded_cdemo_sk",
                                              "catalog_returns.cr_refunded_hdemo_sk",
                                              "catalog_returns.cr_refunded_addr_sk",
                                              "catalog_returns.cr_returning_customer_sk",
                                              "catalog_returns.cr_returning_cdemo_sk",
                                              "catalog_returns.cr_returning_hdemo_sk",
                                              "catalog_returns.cr_returning_addr_sk",
                                              "catalog_returns.cr_call_center_sk",
                                              "catalog_returns.cr_catalog_page_sk",
                                              "catalog_returns.cr_ship_mode_sk",
                                              "catalog_returns.cr_warehouse_sk",
                                              "catalog_returns.cr_reason_sk",
                                              "catalog_returns.cr_order_number",
                                              "catalog_returns.cr_return_quantity",
                                              "catalog_returns.cr_return_amount",
                                              "catalog_returns.cr_return_tax",
                                              "catalog_returns.cr_return_amt_inc_tax",
                                              "catalog_returns.cr_fee",
                                              "catalog_returns.cr_return_ship_cost",
                                              "catalog_returns.cr_refunded_cash",
                                              "catalog_returns.cr_reversed_charge",
                                              "catalog_returns.cr_store_credit",
                                              "catalog_returns.cr_net_loss"
                                            ],
                                            "Filter": "(catalog_returns.cr_reason_sk = ANY ('{17,48,50,56,68}'::integer[]))",
                                            "Rows Removed by Filter": 1052270,
                                            "Shared Hit Blocks": 1,
                                            "Shared Read Blocks": 43023,
                                            "Shared Dirtied Blocks": 0,
                                            "Shared Written Blocks": 0,
                                            "Local Hit Blocks": 0,
                                            "Local Read Blocks": 0,
                                            "Local Dirtied Blocks": 0,
                                            "Local Written Blocks": 0,
                                            "Temp Read Blocks": 0,
                                            "Temp Written Blocks": 0,
                                            "Workers": [
                                              {
                                                "Worker Number": 1,
                                                "Actual Startup Time": 1.125,
                                                "Actual Total Time": 5041.616,
                                                "Actual Rows": 43715,
                                                "Actual Loops": 1,
                                                "Shared Hit Blocks": 1,
                                                "Shared Read Blocks": 34955,
                                                "Shared Dirtied Blocks": 0,
                                                "Shared Written Blocks": 0,
                                                "Local Hit Blocks": 0,
                                                "Local Read Blocks": 0,
                                                "Local Dirtied Blocks": 0,
                                                "Local Written Blocks": 0,
                                                "Temp Read Blocks": 0,
                                                "Temp Written Blocks": 0
                                              }
                                            ]
                                          },
                                          {
                                            "Node Type": "Hash",
                                            "Parent Relationship": "Inner",
                                            "Parallel Aware": true,
                                            "Async Capable": false,
                                            "Startup Cost": 4275.49,
                                            "Total Cost": 4275.49,
                                            "Plan Rows": 1064,
                                            "Plan Width": 20,
                                            "Actual Startup Time": 235.614,
                                            "Actual Total Time": 235.615,
                                            "Actual Rows": 924,
                                            "Actual Loops": 2,
                                            "Output": [
                                              "item_1.i_brand_id",
                                              "item_1.i_class_id",
                                              "item_1.i_category_id",
                                              "item_1.i_manufact_id",
                                              "item_1.i_item_sk"
                                            ],
                                            "Hash Buckets": 2048,
                                            "Original Hash Buckets": 2048,
                                            "Hash Batches": 1,
                                            "Original Hash Batches": 1,
                                            "Peak Memory Usage": 144,
                                            "Shared Hit Blocks": 1198,
                                            "Shared Read Blocks": 474,
                                            "Shared Dirtied Blocks": 0,
                                            "Shared Written Blocks": 0,
                                            "Local Hit Blocks": 0,
                                            "Local Read Blocks": 0,
                                            "Local Dirtied Blocks": 0,
                                            "Local Written Blocks": 0,
                                            "Temp Read Blocks": 0,
                                            "Temp Written Blocks": 0,
                                            "Workers": [
                                              {
                                                "Worker Number": 1,
                                                "Actual Startup Time": 471.228,
                                                "Actual Total Time": 471.229,
                                                "Actual Rows": 1847,
                                                "Actual Loops": 1,
                                                "Shared Hit Blocks": 1198,
                                                "Shared Read Blocks": 474,
                                                "Shared Dirtied Blocks": 0,
                                                "Shared Written Blocks": 0,
                                                "Local Hit Blocks": 0,
                                                "Local Read Blocks": 0,
                                                "Local Dirtied Blocks": 0,
                                                "Local Written Blocks": 0,
                                                "Temp Read Blocks": 0,
                                                "Temp Written Blocks": 0
                                              }
                                            ],
                                            "Plans": [
                                              {
                                                "Node Type": "Bitmap Heap Scan",
                                                "Parent Relationship": "Outer",
                                                "Parallel Aware": true,
                                                "Async Capable": false,
                                                "Relation Name": "item",
                                                "Schema": "public",
                                                "Alias": "item_1",
                                                "Startup Cost": 142.44,
                                                "Total Cost": 4275.49,
                                                "Plan Rows": 1064,
                                                "Plan Width": 20,
                                                "Actual Startup Time": 61.737,
                                                "Actual Total Time": 469.163,
                                                "Actual Rows": 1847,
                                                "Actual Loops": 1,
                                                "Output": [
                                                  "item_1.i_brand_id",
                                                  "item_1.i_class_id",
                                                  "item_1.i_category_id",
                                                  "item_1.i_manufact_id",
                                                  "item_1.i_item_sk"
                                                ],
                                                "Recheck Cond": "(item_1.i_category = 'Music'::bpchar)",
                                                "Rows Removed by Index Recheck": 0,
                                                "Exact Heap Blocks": 0,
                                                "Lossy Heap Blocks": 0,
                                                "Shared Hit Blocks": 1198,
                                                "Shared Read Blocks": 474,
                                                "Shared Dirtied Blocks": 0,
                                                "Shared Written Blocks": 0,
                                                "Local Hit Blocks": 0,
                                                "Local Read Blocks": 0,
                                                "Local Dirtied Blocks": 0,
                                                "Local Written Blocks": 0,
                                                "Temp Read Blocks": 0,
                                                "Temp Written Blocks": 0,
                                                "Workers": [
                                                  {
                                                    "Worker Number": 1,
                                                    "Actual Startup Time": 61.737,
                                                    "Actual Total Time": 469.163,
                                                    "Actual Rows": 1847,
                                                    "Actual Loops": 1,
                                                    "Shared Hit Blocks": 1198,
                                                    "Shared Read Blocks": 474,
                                                    "Shared Dirtied Blocks": 0,
                                                    "Shared Written Blocks": 0,
                                                    "Local Hit Blocks": 0,
                                                    "Local Read Blocks": 0,
                                                    "Local Dirtied Blocks": 0,
                                                    "Local Written Blocks": 0,
                                                    "Temp Read Blocks": 0,
                                                    "Temp Written Blocks": 0
                                                  }
                                                ],
                                                "Plans": [
                                                  {
                                                    "Node Type": "Bitmap Index Scan",
                                                    "Parent Relationship": "Outer",
                                                    "Parallel Aware": false,
                                                    "Async Capable": false,
                                                    "Index Name": "_dta_index_item_6_853578079__k13_k11_k1",
                                                    "Startup Cost": 0.0,
                                                    "Total Cost": 141.98,
                                                    "Plan Rows": 1809,
                                                    "Plan Width": 0,
                                                    "Actual Startup Time": 0.708,
                                                    "Actual Total Time": 0.708,
                                                    "Actual Rows": 1847,
                                                    "Actual Loops": 1,
                                                    "Index Cond": "(item_1.i_category = 'Music'::bpchar)",
                                                    "Shared Hit Blocks": 34,
                                                    "Shared Read Blocks": 1,
                                                    "Shared Dirtied Blocks": 0,
                                                    "Shared Written Blocks": 0,
                                                    "Local Hit Blocks": 0,
                                                    "Local Read Blocks": 0,
                                                    "Local Dirtied Blocks": 0,
                                                    "Local Written Blocks": 0,
                                                    "Temp Read Blocks": 0,
                                                    "Temp Written Blocks": 0,
                                                    "Workers": [
                                                      {
                                                        "Worker Number": 1,
                                                        "Actual Startup Time": 0.708,
                                                        "Actual Total Time": 0.708,
                                                        "Actual Rows": 1847,
                                                        "Actual Loops": 1,
                                                        "Shared Hit Blocks": 34,
                                                        "Shared Read Blocks": 1,
                                                        "Shared Dirtied Blocks": 0,
                                                        "Shared Written Blocks": 0,
                                                        "Local Hit Blocks": 0,
                                                        "Local Read Blocks": 0,
                                                        "Local Dirtied Blocks": 0,
                                                        "Local Written Blocks": 0,
                                                        "Temp Read Blocks": 0,
                                                        "Temp Written Blocks": 0
                                                      }
                                                    ]
                                                  }
                                                ]
                                              }
                                            ]
                                          }
                                        ]
                                      },
                                      {
                                        "Node Type": "Index Scan",
                                        "Parent Relationship": "Inner",
                                        "Parallel Aware": false,
                                        "Async Capable": false,
                                        "Scan Direction": "Forward",
                                        "Index Name": "catalog_sales_pkey",
                                        "Relation Name": "catalog_sales",
                                        "Schema": "public",
                                        "Alias": "catalog_sales",
                                        "Startup Cost": 0.43,
                                        "Total Cost": 6.85,
                                        "Plan Rows": 1,
                                        "Plan Width": 22,
                                        "Actual Startup Time": 0.689,
                                        "Actual Total Time": 0.689,
                                        "Actual Rows": 0,
                                        "Actual Loops": 466,
                                        "Output": [
                                          "catalog_sales.cs_sold_date_sk",
                                          "catalog_sales.cs_sold_time_sk",
                                          "catalog_sales.cs_ship_date_sk",
                                          "catalog_sales.cs_bill_customer_sk",
                                          "catalog_sales.cs_bill_cdemo_sk",
                                          "catalog_sales.cs_bill_hdemo_sk",
                                          "catalog_sales.cs_bill_addr_sk",
                                          "catalog_sales.cs_ship_customer_sk",
                                          "catalog_sales.cs_ship_cdemo_sk",
                                          "catalog_sales.cs_ship_hdemo_sk",
                                          "catalog_sales.cs_ship_addr_sk",
                                          "catalog_sales.cs_call_center_sk",
                                          "catalog_sales.cs_catalog_page_sk",
                                          "catalog_sales.cs_ship_mode_sk",
                                          "catalog_sales.cs_warehouse_sk",
                                          "catalog_sales.cs_item_sk",
                                          "catalog_sales.cs_promo_sk",
                                          "catalog_sales.cs_order_number",
                                          "catalog_sales.cs_quantity",
                                          "catalog_sales.cs_wholesale_cost",
                                          "catalog_sales.cs_list_price",
                                          "catalog_sales.cs_sales_price",
                                          "catalog_sales.cs_ext_discount_amt",
                                          "catalog_sales.cs_ext_sales_price",
                                          "catalog_sales.cs_ext_wholesale_cost",
                                          "catalog_sales.cs_ext_list_price",
                                          "catalog_sales.cs_ext_tax",
                                          "catalog_sales.cs_coupon_amt",
                                          "catalog_sales.cs_ext_ship_cost",
                                          "catalog_sales.cs_net_paid",
                                          "catalog_sales.cs_net_paid_inc_tax",
                                          "catalog_sales.cs_net_paid_inc_ship",
                                          "catalog_sales.cs_net_paid_inc_ship_tax",
                                          "catalog_sales.cs_net_profit"
                                        ],
                                        "Index Cond": "((catalog_sales.cs_item_sk = catalog_returns.cr_item_sk) AND (catalog_sales.cs_order_number = catalog_returns.cr_order_number))",
                                        "Rows Removed by Index Recheck": 0,
                                        "Filter": "(((catalog_sales.cs_sales_price / catalog_sales.cs_list_price) >= 0.33) AND ((catalog_sales.cs_sales_price / catalog_sales.cs_list_price) <= 0.53))",
                                        "Rows Removed by Filter": 1,
                                        "Shared Hit Blocks": 868,
                                        "Shared Read Blocks": 997,
                                        "Shared Dirtied Blocks": 0,
                                        "Shared Written Blocks": 0,
                                        "Local Hit Blocks": 0,
                                        "Local Read Blocks": 0,
                                        "Local Dirtied Blocks": 0,
                                        "Local Written Blocks": 0,
                                        "Temp Read Blocks": 0,
                                        "Temp Written Blocks": 0,
                                        "Workers": [
                                          {
                                            "Worker Number": 1,
                                            "Actual Startup Time": 0.726,
                                            "Actual Total Time": 0.726,
                                            "Actual Rows": 0,
                                            "Actual Loops": 362,
                                            "Shared Hit Blocks": 658,
                                            "Shared Read Blocks": 791,
                                            "Shared Dirtied Blocks": 0,
                                            "Shared Written Blocks": 0,
                                            "Local Hit Blocks": 0,
                                            "Local Read Blocks": 0,
                                            "Local Dirtied Blocks": 0,
                                            "Local Written Blocks": 0,
                                            "Temp Read Blocks": 0,
                                            "Temp Written Blocks": 0
                                          }
                                        ]
                                      }
                                    ]
                                  },
                                  {
                                    "Node Type": "Index Only Scan",
                                    "Parent Relationship": "Inner",
                                    "Parallel Aware": false,
                                    "Async Capable": false,
                                    "Scan Direction": "Forward",
                                    "Index Name": "_dta_index_date_dim_6_661577395__k1_k7_k9",
                                    "Relation Name": "date_dim",
                                    "Schema": "public",
                                    "Alias": "date_dim_1",
                                    "Startup Cost": 0.29,
                                    "Total Cost": 0.33,
                                    "Plan Rows": 1,
                                    "Plan Width": 8,
                                    "Actual Startup Time": 0.016,
                                    "Actual Total Time": 0.016,
                                    "Actual Rows": 1,
                                    "Actual Loops": 87,
                                    "Output": [
                                      "date_dim_1.d_date_sk",
                                      "date_dim_1.d_year",
                                      "date_dim_1.d_moy"
                                    ],
                                    "Index Cond": "(date_dim_1.d_date_sk = catalog_sales.cs_sold_date_sk)",
                                    "Rows Removed by Index Recheck": 0,
                                    "Heap Fetches": 0,
                                    "Shared Hit Blocks": 176,
                                    "Shared Read Blocks": 1,
                                    "Shared Dirtied Blocks": 0,
                                    "Shared Written Blocks": 0,
                                    "Local Hit Blocks": 0,
                                    "Local Read Blocks": 0,
                                    "Local Dirtied Blocks": 0,
                                    "Local Written Blocks": 0,
                                    "Temp Read Blocks": 0,
                                    "Temp Written Blocks": 0,
                                    "Workers": [
                                      {
                                        "Worker Number": 1,
                                        "Actual Startup Time": 0.018,
                                        "Actual Total Time": 0.018,
                                        "Actual Rows": 1,
                                        "Actual Loops": 71,
                                        "Shared Hit Blocks": 143,
                                        "Shared Read Blocks": 1,
                                        "Shared Dirtied Blocks": 0,
                                        "Shared Written Blocks": 0,
                                        "Local Hit Blocks": 0,
                                        "Local Read Blocks": 0,
                                        "Local Dirtied Blocks": 0,
                                        "Local Written Blocks": 0,
                                        "Temp Read Blocks": 0,
                                        "Temp Written Blocks": 0
                                      }
                                    ]
                                  }
                                ]
                              },
                              {
                                "Node Type": "Nested Loop",
                                "Parent Relationship": "Member",
                                "Parallel Aware": false,
                                "Async Capable": false,
                                "Join Type": "Inner",
                                "Startup Cost": 4289.52,
                                "Total Cost": 42382.49,
                                "Plan Rows": 1,
                                "Plan Width": 56,
                                "Actual Startup Time": 636.408,
                                "Actual Total Time": 4591.196,
                                "Actual Rows": 44,
                                "Actual Loops": 1,
                                "Output": [
                                  "date_dim_2.d_year",
                                  "item_2.i_brand_id",
                                  "item_2.i_class_id",
                                  "item_2.i_category_id",
                                  "item_2.i_manufact_id",
                                  "(web_sales.ws_quantity - COALESCE(web_returns.wr_return_quantity, 0))",
                                  "(web_sales.ws_ext_sales_price - COALESCE(web_returns.wr_return_amt, 0.0))"
                                ],
                                "Inner Unique": true,
                                "Shared Hit Blocks": 1610,
                                "Shared Read Blocks": 27934,
                                "Shared Dirtied Blocks": 0,
                                "Shared Written Blocks": 0,
                                "Local Hit Blocks": 0,
                                "Local Read Blocks": 0,
                                "Local Dirtied Blocks": 0,
                                "Local Written Blocks": 0,
                                "Temp Read Blocks": 0,
                                "Temp Written Blocks": 0,
                                "Workers": [],
                                "Plans": [
                                  {
                                    "Node Type": "Nested Loop",
                                    "Parent Relationship": "Outer",
                                    "Parallel Aware": false,
                                    "Async Capable": false,
                                    "Join Type": "Inner",
                                    "Startup Cost": 4289.23,
                                    "Total Cost": 42382.14,
                                    "Plan Rows": 1,
                                    "Plan Width": 40,
                                    "Actual Startup Time": 636.148,
                                    "Actual Total Time": 4589.568,
                                    "Actual Rows": 44,
                                    "Actual Loops": 1,
                                    "Output": [
                                      "web_sales.ws_quantity",
                                      "web_sales.ws_ext_sales_price",
                                      "web_sales.ws_sold_date_sk",
                                      "item_2.i_brand_id",
                                      "item_2.i_class_id",
                                      "item_2.i_category_id",
                                      "item_2.i_manufact_id",
                                      "web_returns.wr_return_quantity",
                                      "web_returns.wr_return_amt"
                                    ],
                                    "Inner Unique": true,
                                    "Join Filter": "(web_sales.ws_item_sk = item_2.i_item_sk)",
                                    "Rows Removed by Join Filter": 0,
                                    "Shared Hit Blocks": 1528,
                                    "Shared Read Blocks": 27927,
                                    "Shared Dirtied Blocks": 0,
                                    "Shared Written Blocks": 0,
                                    "Local Hit Blocks": 0,
                                    "Local Read Blocks": 0,
                                    "Local Dirtied Blocks": 0,
                                    "Local Written Blocks": 0,
                                    "Temp Read Blocks": 0,
                                    "Temp Written Blocks": 0,
                                    "Workers": [],
                                    "Plans": [
                                      {
                                        "Node Type": "Hash Join",
                                        "Parent Relationship": "Outer",
                                        "Parallel Aware": true,
                                        "Async Capable": false,
                                        "Join Type": "Inner",
                                        "Startup Cost": 4288.79,
                                        "Total Cost": 40649.42,
                                        "Plan Rows": 272,
                                        "Plan Width": 38,
                                        "Actual Startup Time": 562.389,
                                        "Actual Total Time": 4367.992,
                                        "Actual Rows": 304,
                                        "Actual Loops": 1,
                                        "Output": [
                                          "item_2.i_brand_id",
                                          "item_2.i_class_id",
                                          "item_2.i_category_id",
                                          "item_2.i_manufact_id",
                                          "item_2.i_item_sk",
                                          "web_returns.wr_return_quantity",
                                          "web_returns.wr_return_amt",
                                          "web_returns.wr_order_number",
                                          "web_returns.wr_item_sk"
                                        ],
                                        "Inner Unique": true,
                                        "Hash Cond": "(web_returns.wr_item_sk = item_2.i_item_sk)",
                                        "Shared Hit Blocks": 955,
                                        "Shared Read Blocks": 27284,
                                        "Shared Dirtied Blocks": 0,
                                        "Shared Written Blocks": 0,
                                        "Local Hit Blocks": 0,
                                        "Local Read Blocks": 0,
                                        "Local Dirtied Blocks": 0,
                                        "Local Written Blocks": 0,
                                        "Temp Read Blocks": 0,
                                        "Temp Written Blocks": 0,
                                        "Workers": [],
                                        "Plans": [
                                          {
                                            "Node Type": "Seq Scan",
                                            "Parent Relationship": "Outer",
                                            "Parallel Aware": true,
                                            "Async Capable": false,
                                            "Relation Name": "web_returns",
                                            "Schema": "public",
                                            "Alias": "web_returns",
                                            "Startup Cost": 0.0,
                                            "Total Cost": 36320.4,
                                            "Plan Rows": 15324,
                                            "Plan Width": 18,
                                            "Actual Startup Time": 0.189,
                                            "Actual Total Time": 3804.059,
                                            "Actual Rows": 34730,
                                            "Actual Loops": 1,
                                            "Output": [
                                              "web_returns.wr_returned_date_sk",
                                              "web_returns.wr_returned_time_sk",
                                              "web_returns.wr_item_sk",
                                              "web_returns.wr_refunded_customer_sk",
                                              "web_returns.wr_refunded_cdemo_sk",
                                              "web_returns.wr_refunded_hdemo_sk",
                                              "web_returns.wr_refunded_addr_sk",
                                              "web_returns.wr_returning_customer_sk",
                                              "web_returns.wr_returning_cdemo_sk",
                                              "web_returns.wr_returning_hdemo_sk",
                                              "web_returns.wr_returning_addr_sk",
                                              "web_returns.wr_web_page_sk",
                                              "web_returns.wr_reason_sk",
                                              "web_returns.wr_order_number",
                                              "web_returns.wr_return_quantity",
                                              "web_returns.wr_return_amt",
                                              "web_returns.wr_return_tax",
                                              "web_returns.wr_return_amt_inc_tax",
                                              "web_returns.wr_fee",
                                              "web_returns.wr_return_ship_cost",
                                              "web_returns.wr_refunded_cash",
                                              "web_returns.wr_reversed_charge",
                                              "web_returns.wr_account_credit",
                                              "web_returns.wr_net_loss"
                                            ],
                                            "Filter": "(web_returns.wr_reason_sk = ANY ('{17,48,50,56,68}'::integer[]))",
                                            "Rows Removed by Filter": 1405624,
                                            "Shared Hit Blocks": 1,
                                            "Shared Read Blocks": 26567,
                                            "Shared Dirtied Blocks": 0,
                                            "Shared Written Blocks": 0,
                                            "Local Hit Blocks": 0,
                                            "Local Read Blocks": 0,
                                            "Local Dirtied Blocks": 0,
                                            "Local Written Blocks": 0,
                                            "Temp Read Blocks": 0,
                                            "Temp Written Blocks": 0,
                                            "Workers": []
                                          },
                                          {
                                            "Node Type": "Hash",
                                            "Parent Relationship": "Inner",
                                            "Parallel Aware": true,
                                            "Async Capable": false,
                                            "Startup Cost": 4275.49,
                                            "Total Cost": 4275.49,
                                            "Plan Rows": 1064,
                                            "Plan Width": 20,
                                            "Actual Startup Time": 542.606,
                                            "Actual Total Time": 542.607,
                                            "Actual Rows": 1847,
                                            "Actual Loops": 1,
                                            "Output": [
                                              "item_2.i_brand_id",
                                              "item_2.i_class_id",
                                              "item_2.i_category_id",
                                              "item_2.i_manufact_id",
                                              "item_2.i_item_sk"
                                            ],
                                            "Hash Buckets": 2048,
                                            "Original Hash Buckets": 2048,
                                            "Hash Batches": 1,
                                            "Original Hash Batches": 1,
                                            "Peak Memory Usage": 144,
                                            "Shared Hit Blocks": 954,
                                            "Shared Read Blocks": 717,
                                            "Shared Dirtied Blocks": 0,
                                            "Shared Written Blocks": 0,
                                            "Local Hit Blocks": 0,
                                            "Local Read Blocks": 0,
                                            "Local Dirtied Blocks": 0,
                                            "Local Written Blocks": 0,
                                            "Temp Read Blocks": 0,
                                            "Temp Written Blocks": 0,
                                            "Workers": [],
                                            "Plans": [
                                              {
                                                "Node Type": "Bitmap Heap Scan",
                                                "Parent Relationship": "Outer",
                                                "Parallel Aware": true,
                                                "Async Capable": false,
                                                "Relation Name": "item",
                                                "Schema": "public",
                                                "Alias": "item_2",
                                                "Startup Cost": 142.44,
                                                "Total Cost": 4275.49,
                                                "Plan Rows": 1064,
                                                "Plan Width": 20,
                                                "Actual Startup Time": 9.881,
                                                "Actual Total Time": 539.872,
                                                "Actual Rows": 1847,
                                                "Actual Loops": 1,
                                                "Output": [
                                                  "item_2.i_brand_id",
                                                  "item_2.i_class_id",
                                                  "item_2.i_category_id",
                                                  "item_2.i_manufact_id",
                                                  "item_2.i_item_sk"
                                                ],
                                                "Recheck Cond": "(item_2.i_category = 'Music'::bpchar)",
                                                "Rows Removed by Index Recheck": 0,
                                                "Exact Heap Blocks": 1637,
                                                "Lossy Heap Blocks": 0,
                                                "Shared Hit Blocks": 954,
                                                "Shared Read Blocks": 717,
                                                "Shared Dirtied Blocks": 0,
                                                "Shared Written Blocks": 0,
                                                "Local Hit Blocks": 0,
                                                "Local Read Blocks": 0,
                                                "Local Dirtied Blocks": 0,
                                                "Local Written Blocks": 0,
                                                "Temp Read Blocks": 0,
                                                "Temp Written Blocks": 0,
                                                "Workers": [],
                                                "Plans": [
                                                  {
                                                    "Node Type": "Bitmap Index Scan",
                                                    "Parent Relationship": "Outer",
                                                    "Parallel Aware": false,
                                                    "Async Capable": false,
                                                    "Index Name": "_dta_index_item_6_853578079__k13_k11_k1",
                                                    "Startup Cost": 0.0,
                                                    "Total Cost": 141.98,
                                                    "Plan Rows": 1809,
                                                    "Plan Width": 0,
                                                    "Actual Startup Time": 9.53,
                                                    "Actual Total Time": 9.53,
                                                    "Actual Rows": 1847,
                                                    "Actual Loops": 1,
                                                    "Index Cond": "(item_2.i_category = 'Music'::bpchar)",
                                                    "Shared Hit Blocks": 0,
                                                    "Shared Read Blocks": 34,
                                                    "Shared Dirtied Blocks": 0,
                                                    "Shared Written Blocks": 0,
                                                    "Local Hit Blocks": 0,
                                                    "Local Read Blocks": 0,
                                                    "Local Dirtied Blocks": 0,
                                                    "Local Written Blocks": 0,
                                                    "Temp Read Blocks": 0,
                                                    "Temp Written Blocks": 0,
                                                    "Workers": []
                                                  }
                                                ]
                                              }
                                            ]
                                          }
                                        ]
                                      },
                                      {
                                        "Node Type": "Index Scan",
                                        "Parent Relationship": "Inner",
                                        "Parallel Aware": false,
                                        "Async Capable": false,
                                        "Scan Direction": "Forward",
                                        "Index Name": "web_sales_pkey",
                                        "Relation Name": "web_sales",
                                        "Schema": "public",
                                        "Alias": "web_sales",
                                        "Startup Cost": 0.43,
                                        "Total Cost": 6.36,
                                        "Plan Rows": 1,
                                        "Plan Width": 22,
                                        "Actual Startup Time": 0.723,
                                        "Actual Total Time": 0.723,
                                        "Actual Rows": 0,
                                        "Actual Loops": 304,
                                        "Output": [
                                          "web_sales.ws_sold_date_sk",
                                          "web_sales.ws_sold_time_sk",
                                          "web_sales.ws_ship_date_sk",
                                          "web_sales.ws_item_sk",
                                          "web_sales.ws_bill_customer_sk",
                                          "web_sales.ws_bill_cdemo_sk",
                                          "web_sales.ws_bill_hdemo_sk",
                                          "web_sales.ws_bill_addr_sk",
                                          "web_sales.ws_ship_customer_sk",
                                          "web_sales.ws_ship_cdemo_sk",
                                          "web_sales.ws_ship_hdemo_sk",
                                          "web_sales.ws_ship_addr_sk",
                                          "web_sales.ws_web_page_sk",
                                          "web_sales.ws_web_site_sk",
                                          "web_sales.ws_ship_mode_sk",
                                          "web_sales.ws_warehouse_sk",
                                          "web_sales.ws_promo_sk",
                                          "web_sales.ws_order_number",
                                          "web_sales.ws_quantity",
                                          "web_sales.ws_wholesale_cost",
                                          "web_sales.ws_list_price",
                                          "web_sales.ws_sales_price",
                                          "web_sales.ws_ext_discount_amt",
                                          "web_sales.ws_ext_sales_price",
                                          "web_sales.ws_ext_wholesale_cost",
                                          "web_sales.ws_ext_list_price",
                                          "web_sales.ws_ext_tax",
                                          "web_sales.ws_coupon_amt",
                                          "web_sales.ws_ext_ship_cost",
                                          "web_sales.ws_net_paid",
                                          "web_sales.ws_net_paid_inc_tax",
                                          "web_sales.ws_net_paid_inc_ship",
                                          "web_sales.ws_net_paid_inc_ship_tax",
                                          "web_sales.ws_net_profit"
                                        ],
                                        "Index Cond": "((web_sales.ws_item_sk = web_returns.wr_item_sk) AND (web_sales.ws_order_number = web_returns.wr_order_number))",
                                        "Rows Removed by Index Recheck": 0,
                                        "Filter": "(((web_sales.ws_sales_price / web_sales.ws_list_price) >= 0.33) AND ((web_sales.ws_sales_price / web_sales.ws_list_price) <= 0.53))",
                                        "Rows Removed by Filter": 1,
                                        "Shared Hit Blocks": 573,
                                        "Shared Read Blocks": 643,
                                        "Shared Dirtied Blocks": 0,
                                        "Shared Written Blocks": 0,
                                        "Local Hit Blocks": 0,
                                        "Local Read Blocks": 0,
                                        "Local Dirtied Blocks": 0,
                                        "Local Written Blocks": 0,
                                        "Temp Read Blocks": 0,
                                        "Temp Written Blocks": 0,
                                        "Workers": []
                                      }
                                    ]
                                  },
                                  {
                                    "Node Type": "Index Only Scan",
                                    "Parent Relationship": "Inner",
                                    "Parallel Aware": false,
                                    "Async Capable": false,
                                    "Scan Direction": "Forward",
                                    "Index Name": "_dta_index_date_dim_6_661577395__k1_k7_k9",
                                    "Relation Name": "date_dim",
                                    "Schema": "public",
                                    "Alias": "date_dim_2",
                                    "Startup Cost": 0.29,
                                    "Total Cost": 0.34,
                                    "Plan Rows": 1,
                                    "Plan Width": 8,
                                    "Actual Startup Time": 0.031,
                                    "Actual Total Time": 0.031,
                                    "Actual Rows": 1,
                                    "Actual Loops": 44,
                                    "Output": [
                                      "date_dim_2.d_date_sk",
                                      "date_dim_2.d_year",
                                      "date_dim_2.d_moy"
                                    ],
                                    "Index Cond": "(date_dim_2.d_date_sk = web_sales.ws_sold_date_sk)",
                                    "Rows Removed by Index Recheck": 0,
                                    "Heap Fetches": 0,
                                    "Shared Hit Blocks": 82,
                                    "Shared Read Blocks": 7,
                                    "Shared Dirtied Blocks": 0,
                                    "Shared Written Blocks": 0,
                                    "Local Hit Blocks": 0,
                                    "Local Read Blocks": 0,
                                    "Local Dirtied Blocks": 0,
                                    "Local Written Blocks": 0,
                                    "Temp Read Blocks": 0,
                                    "Temp Written Blocks": 0,
                                    "Workers": []
                                  }
                                ]
                              }
                            ]
                          }
                        ]
                      }
                    ]
                  }
                ]
              }
            ]
          },
          {
            "Node Type": "Sort",
            "Parent Relationship": "Outer",
            "Parallel Aware": false,
            "Async Capable": false,
            "Startup Cost": 0.19,
            "Total Cost": 0.2,
            "Plan Rows": 1,
            "Plan Width": 80,
            "Actual Startup Time": 10216.009,
            "Actual Total Time": 10216.01,
            "Actual Rows": 2,
            "Actual Loops": 1,
            "Output": [
              "prev_yr.d_year",
              "curr_yr.d_year",
              "curr_yr.i_brand_id",
              "curr_yr.i_class_id",
              "curr_yr.i_category_id",
              "curr_yr.i_manufact_id",
              "prev_yr.sales_cnt",
              "curr_yr.sales_cnt",
              "((curr_yr.sales_cnt - prev_yr.sales_cnt))",
              "((curr_yr.sales_amt - prev_yr.sales_amt))"
            ],
            "Sort Key": [
              "((curr_yr.sales_cnt - prev_yr.sales_cnt))",
              "((curr_yr.sales_amt - prev_yr.sales_amt))"
            ],
            "Sort Method": "quicksort",
            "Sort Space Used": 25,
            "Sort Space Type": "Memory",
            "Shared Hit Blocks": 8359,
            "Shared Read Blocks": 195361,
            "Shared Dirtied Blocks": 0,
            "Shared Written Blocks": 0,
            "Local Hit Blocks": 0,
            "Local Read Blocks": 0,
            "Local Dirtied Blocks": 0,
            "Local Written Blocks": 0,
            "Temp Read Blocks": 0,
            "Temp Written Blocks": 0,
            "Plans": [
              {
                "Node Type": "Nested Loop",
                "Parent Relationship": "Outer",
                "Parallel Aware": false,
                "Async Capable": false,
                "Join Type": "Inner",
                "Startup Cost": 0.0,
                "Total Cost": 0.18,
                "Plan Rows": 1,
                "Plan Width": 80,
                "Actual Startup Time": 10215.148,
                "Actual Total Time": 10215.984,
                "Actual Rows": 2,
                "Actual Loops": 1,
                "Output": [
                  "prev_yr.d_year",
                  "curr_yr.d_year",
                  "curr_yr.i_brand_id",
                  "curr_yr.i_class_id",
                  "curr_yr.i_category_id",
                  "curr_yr.i_manufact_id",
                  "prev_yr.sales_cnt",
                  "curr_yr.sales_cnt",
                  "(curr_yr.sales_cnt - prev_yr.sales_cnt)",
                  "(curr_yr.sales_amt - prev_yr.sales_amt)"
                ],
                "Inner Unique": false,
                "Join Filter": "((curr_yr.i_brand_id = prev_yr.i_brand_id) AND (curr_yr.i_class_id = prev_yr.i_class_id) AND (curr_yr.i_category_id = prev_yr.i_category_id) AND (curr_yr.i_manufact_id = prev_yr.i_manufact_id) AND (((curr_yr.sales_cnt)::numeric(17,2) / (prev_yr.sales_cnt)::numeric(17,2)) < 0.9))",
                "Rows Removed by Join Filter": 2748,
                "Shared Hit Blocks": 8359,
                "Shared Read Blocks": 195361,
                "Shared Dirtied Blocks": 0,
                "Shared Written Blocks": 0,
                "Local Hit Blocks": 0,
                "Local Read Blocks": 0,
                "Local Dirtied Blocks": 0,
                "Local Written Blocks": 0,
                "Temp Read Blocks": 0,
                "Temp Written Blocks": 0,
                "Plans": [
                  {
                    "Node Type": "CTE Scan",
                    "Parent Relationship": "Outer",
                    "Parallel Aware": false,
                    "Async Capable": false,
                    "CTE Name": "all_sales",
                    "Alias": "curr_yr",
                    "Startup Cost": 0.0,
                    "Total Cost": 0.07,
                    "Plan Rows": 1,
                    "Plan Width": 60,
                    "Actual Startup Time": 10214.707,
                    "Actual Total Time": 10214.713,
                    "Actual Rows": 55,
                    "Actual Loops": 1,
                    "Output": [
                      "curr_yr.d_year",
                      "curr_yr.i_brand_id",
                      "curr_yr.i_class_id",
                      "curr_yr.i_category_id",
                      "curr_yr.i_manufact_id",
                      "curr_yr.sales_cnt",
                      "curr_yr.sales_amt"
                    ],
                    "Filter": "(curr_yr.d_year = 2002)",
                    "Rows Removed by Filter": 257,
                    "Shared Hit Blocks": 8359,
                    "Shared Read Blocks": 195361,
                    "Shared Dirtied Blocks": 0,
                    "Shared Written Blocks": 0,
                    "Local Hit Blocks": 0,
                    "Local Read Blocks": 0,
                    "Local Dirtied Blocks": 0,
                    "Local Written Blocks": 0,
                    "Temp Read Blocks": 0,
                    "Temp Written Blocks": 0
                  },
                  {
                    "Node Type": "CTE Scan",
                    "Parent Relationship": "Inner",
                    "Parallel Aware": false,
                    "Async Capable": false,
                    "CTE Name": "all_sales",
                    "Alias": "prev_yr",
                    "Startup Cost": 0.0,
                    "Total Cost": 0.08,
                    "Plan Rows": 1,
                    "Plan Width": 60,
                    "Actual Startup Time": 0.009,
                    "Actual Total Time": 0.02,
                    "Actual Rows": 50,
                    "Actual Loops": 55,
                    "Output": [
                      "prev_yr.d_year",
                      "prev_yr.i_brand_id",
                      "prev_yr.i_class_id",
                      "prev_yr.i_category_id",
                      "prev_yr.i_manufact_id",
                      "prev_yr.sales_cnt",
                      "prev_yr.sales_amt"
                    ],
                    "Filter": "((prev_yr.sales_cnt > 0) AND (prev_yr.d_year = 2001))",
                    "Rows Removed by Filter": 262,
                    "Shared Hit Blocks": 0,
                    "Shared Read Blocks": 0,
                    "Shared Dirtied Blocks": 0,
                    "Shared Written Blocks": 0,
                    "Local Hit Blocks": 0,
                    "Local Read Blocks": 0,
                    "Local Dirtied Blocks": 0,
                    "Local Written Blocks": 0,
                    "Temp Read Blocks": 0,
                    "Temp Written Blocks": 0
                  }
                ]
              }
            ]
          }
        ]
      },
      "Planning": {
        "Shared Hit Blocks": 141,
        "Shared Read Blocks": 99,
        "Shared Dirtied Blocks": 0,
        "Shared Written Blocks": 0,
        "Local Hit Blocks": 0,
        "Local Read Blocks": 0,
        "Local Dirtied Blocks": 0,
        "Local Written Blocks": 0,
        "Temp Read Blocks": 0,
        "Temp Written Blocks": 0
      },
      "Planning Time": 15.751,
      "Triggers": [],
      "JIT": {
        "Functions": 272,
        "Options": {
          "Inlining": false,
          "Optimization": false,
          "Expressions": true,
          "Deforming": true
        },
        "Timing": {
          "Generation": 21.435,
          "Inlining": 0.0,
          "Optimization": 10.485,
          "Emission": 185.298,
          "Total": 217.218
        }
      },
      "Execution Time": 10298.582
    }
  ],
  "original_sql": "WITH all_sales AS (\n SELECT d_year\n       ,i_brand_id\n       ,i_class_id\n       ,i_category_id\n       ,i_manufact_id\n       ,SUM(sales_cnt) AS sales_cnt\n       ,SUM(sales_amt) AS sales_amt\n FROM (SELECT d_year\n             ,i_brand_id\n             ,i_class_id\n             ,i_category_id\n             ,i_manufact_id\n             ,cs_quantity - COALESCE(cr_return_quantity,0) AS sales_cnt\n             ,cs_ext_sales_price - COALESCE(cr_return_amount,0.0) AS sales_amt\n       FROM catalog_sales JOIN item ON i_item_sk=cs_item_sk\n                          JOIN date_dim ON d_date_sk=cs_sold_date_sk\n                          LEFT JOIN catalog_returns ON (cs_order_number=cr_order_number\n                                                    AND cs_item_sk=cr_item_sk)\n       WHERE i_category='Music'\n       and cs_sales_price / cs_list_price BETWEEN 33 * 0.01 AND 53 * 0.01\n       and cr_reason_sk in (17, 48, 50, 56, 68)\n       UNION\n       SELECT d_year\n             ,i_brand_id\n             ,i_class_id\n             ,i_category_id\n             ,i_manufact_id\n             ,ss_quantity - COALESCE(sr_return_quantity,0) AS sales_cnt\n             ,ss_ext_sales_price - COALESCE(sr_return_amt,0.0) AS sales_amt\n       FROM store_sales JOIN item ON i_item_sk=ss_item_sk\n                        JOIN date_dim ON d_date_sk=ss_sold_date_sk\n                        LEFT JOIN store_returns ON (ss_ticket_number=sr_ticket_number\n                                                AND ss_item_sk=sr_item_sk)\n       WHERE i_category='Music'\n       and ss_sales_price / ss_list_price BETWEEN 33 * 0.01 AND 53 * 0.01\n       and sr_reason_sk in (17, 48, 50, 56, 68)\n       UNION\n       SELECT d_year\n             ,i_brand_id\n             ,i_class_id\n             ,i_category_id\n             ,i_manufact_id\n             ,ws_quantity - COALESCE(wr_return_quantity,0) AS sales_cnt\n             ,ws_ext_sales_price - COALESCE(wr_return_amt,0.0) AS sales_amt\n       FROM web_sales JOIN item ON i_item_sk=ws_item_sk\n                      JOIN date_dim ON d_date_sk=ws_sold_date_sk\n                      LEFT JOIN web_returns ON (ws_order_number=wr_order_number\n                                            AND ws_item_sk=wr_item_sk)\n       WHERE i_category='Music'\n       and ws_sales_price / ws_list_price BETWEEN 33 * 0.01 AND 53 * 0.01\n       and wr_reason_sk in (17, 48, 50, 56, 68)) sales_detail\nGROUP BY d_year, i_brand_id, i_class_id, i_category_id, i_manufact_id)\n SELECT  prev_yr.d_year AS prev_year\n                          ,curr_yr.d_year AS year\n                          ,curr_yr.i_brand_id\n                          ,curr_yr.i_class_id\n                          ,curr_yr.i_category_id\n                          ,curr_yr.i_manufact_id\n                          ,prev_yr.sales_cnt AS prev_yr_cnt\n                          ,curr_yr.sales_cnt AS curr_yr_cnt\n                          ,curr_yr.sales_cnt-prev_yr.sales_cnt AS sales_cnt_diff\n                          ,curr_yr.sales_amt-prev_yr.sales_amt AS sales_amt_diff\n FROM all_sales curr_yr, all_sales prev_yr\n WHERE curr_yr.i_brand_id=prev_yr.i_brand_id\n   AND curr_yr.i_class_id=prev_yr.i_class_id\n   AND curr_yr.i_category_id=prev_yr.i_category_id\n   AND curr_yr.i_manufact_id=prev_yr.i_manufact_id\n   AND curr_yr.d_year=2002\n   AND prev_yr.d_year=2002-1\n   AND prev_yr.sales_cnt > 0\n   AND CAST(curr_yr.sales_cnt AS DECIMAL(17,2))/CAST(prev_yr.sales_cnt AS DECIMAL(17,2))<0.9\n ORDER BY sales_cnt_diff,sales_amt_diff\n limit 100"
}