{
  "query_id": "query019_spj_spj",
  "engine": "postgresql",
  "benchmark": "dsb",
  "scale_factor": 10,
  "execution_time_ms": 910.764,
  "planning_time_ms": 3.293,
  "plan_json": [
    {
      "Plan": {
        "Node Type": "Aggregate",
        "Strategy": "Plain",
        "Partial Mode": "Simple",
        "Parallel Aware": false,
        "Async Capable": false,
        "Startup Cost": 17345.41,
        "Total Cost": 17345.42,
        "Plan Rows": 1,
        "Plan Width": 40,
        "Actual Startup Time": 910.645,
        "Actual Total Time": 910.704,
        "Actual Rows": 1,
        "Actual Loops": 1,
        "Output": [
          "min(item.i_brand_id)",
          "min(item.i_manufact_id)",
          "min(store_sales.ss_ext_sales_price)"
        ],
        "Shared Hit Blocks": 235999,
        "Shared Read Blocks": 8372,
        "Shared Dirtied Blocks": 0,
        "Shared Written Blocks": 0,
        "Local Hit Blocks": 0,
        "Local Read Blocks": 0,
        "Local Dirtied Blocks": 0,
        "Local Written Blocks": 0,
        "Temp Read Blocks": 0,
        "Temp Written Blocks": 0,
        "Plans": [
          {
            "Node Type": "Gather",
            "Parent Relationship": "Outer",
            "Parallel Aware": false,
            "Async Capable": false,
            "Startup Cost": 1009.28,
            "Total Cost": 17345.39,
            "Plan Rows": 2,
            "Plan Width": 14,
            "Actual Startup Time": 17.859,
            "Actual Total Time": 910.68,
            "Actual Rows": 7,
            "Actual Loops": 1,
            "Output": [
              "item.i_brand_id",
              "item.i_manufact_id",
              "store_sales.ss_ext_sales_price"
            ],
            "Workers Planned": 2,
            "Workers Launched": 2,
            "Single Copy": false,
            "Shared Hit Blocks": 235999,
            "Shared Read Blocks": 8372,
            "Shared Dirtied Blocks": 0,
            "Shared Written Blocks": 0,
            "Local Hit Blocks": 0,
            "Local Read Blocks": 0,
            "Local Dirtied Blocks": 0,
            "Local Written Blocks": 0,
            "Temp Read Blocks": 0,
            "Temp Written Blocks": 0,
            "Plans": [
              {
                "Node Type": "Nested Loop",
                "Parent Relationship": "Outer",
                "Parallel Aware": false,
                "Async Capable": false,
                "Join Type": "Inner",
                "Startup Cost": 9.29,
                "Total Cost": 16345.19,
                "Plan Rows": 1,
                "Plan Width": 14,
                "Actual Startup Time": 15.879,
                "Actual Total Time": 313.467,
                "Actual Rows": 2,
                "Actual Loops": 3,
                "Output": [
                  "item.i_brand_id",
                  "item.i_manufact_id",
                  "store_sales.ss_ext_sales_price"
                ],
                "Inner Unique": true,
                "Join Filter": "(\"substring\"((customer_address.ca_zip)::text, 1, 5) <> \"substring\"((store.s_zip)::text, 1, 5))",
                "Rows Removed by Join Filter": 0,
                "Shared Hit Blocks": 235999,
                "Shared Read Blocks": 8372,
                "Shared Dirtied Blocks": 0,
                "Shared Written Blocks": 0,
                "Local Hit Blocks": 0,
                "Local Read Blocks": 0,
                "Local Dirtied Blocks": 0,
                "Local Written Blocks": 0,
                "Temp Read Blocks": 0,
                "Temp Written Blocks": 0,
                "Workers": [
                  {
                    "Worker Number": 0,
                    "Actual Startup Time": 15.033,
                    "Actual Total Time": 15.035,
                    "Actual Rows": 0,
                    "Actual Loops": 1,
                    "Shared Hit Blocks": 0,
                    "Shared Read Blocks": 0,
                    "Shared Dirtied Blocks": 0,
                    "Shared Written Blocks": 0,
                    "Local Hit Blocks": 0,
                    "Local Read Blocks": 0,
                    "Local Dirtied Blocks": 0,
                    "Local Written Blocks": 0,
                    "Temp Read Blocks": 0,
                    "Temp Written Blocks": 0
                  },
                  {
                    "Worker Number": 1,
                    "Actual Startup Time": 15.068,
                    "Actual Total Time": 15.071,
                    "Actual Rows": 0,
                    "Actual Loops": 1,
                    "Shared Hit Blocks": 0,
                    "Shared Read Blocks": 135,
                    "Shared Dirtied Blocks": 0,
                    "Shared Written Blocks": 0,
                    "Local Hit Blocks": 0,
                    "Local Read Blocks": 0,
                    "Local Dirtied Blocks": 0,
                    "Local Written Blocks": 0,
                    "Temp Read Blocks": 0,
                    "Temp Written Blocks": 0
                  }
                ],
                "Plans": [
                  {
                    "Node Type": "Nested Loop",
                    "Parent Relationship": "Outer",
                    "Parallel Aware": false,
                    "Async Capable": false,
                    "Join Type": "Inner",
                    "Startup Cost": 8.87,
                    "Total Cost": 16334.65,
                    "Plan Rows": 9,
                    "Plan Width": 29,
                    "Actual Startup Time": 15.145,
                    "Actual Total Time": 296.947,
                    "Actual Rows": 172,
                    "Actual Loops": 3,
                    "Output": [
                      "store_sales.ss_ext_sales_price",
                      "item.i_brand_id",
                      "item.i_manufact_id",
                      "customer.c_current_addr_sk",
                      "store.s_zip"
                    ],
                    "Inner Unique": true,
                    "Shared Hit Blocks": 234514,
                    "Shared Read Blocks": 7793,
                    "Shared Dirtied Blocks": 0,
                    "Shared Written Blocks": 0,
                    "Local Hit Blocks": 0,
                    "Local Read Blocks": 0,
                    "Local Dirtied Blocks": 0,
                    "Local Written Blocks": 0,
                    "Temp Read Blocks": 0,
                    "Temp Written Blocks": 0,
                    "Workers": [
                      {
                        "Worker Number": 0,
                        "Actual Startup Time": 15.032,
                        "Actual Total Time": 15.035,
                        "Actual Rows": 0,
                        "Actual Loops": 1,
                        "Shared Hit Blocks": 0,
                        "Shared Read Blocks": 0,
                        "Shared Dirtied Blocks": 0,
                        "Shared Written Blocks": 0,
                        "Local Hit Blocks": 0,
                        "Local Read Blocks": 0,
                        "Local Dirtied Blocks": 0,
                        "Local Written Blocks": 0,
                        "Temp Read Blocks": 0,
                        "Temp Written Blocks": 0
                      },
                      {
                        "Worker Number": 1,
                        "Actual Startup Time": 15.067,
                        "Actual Total Time": 15.07,
                        "Actual Rows": 0,
                        "Actual Loops": 1,
                        "Shared Hit Blocks": 0,
                        "Shared Read Blocks": 135,
                        "Shared Dirtied Blocks": 0,
                        "Shared Written Blocks": 0,
                        "Local Hit Blocks": 0,
                        "Local Read Blocks": 0,
                        "Local Dirtied Blocks": 0,
                        "Local Written Blocks": 0,
                        "Temp Read Blocks": 0,
                        "Temp Written Blocks": 0
                      }
                    ],
                    "Plans": [
                      {
                        "Node Type": "Nested Loop",
                        "Parent Relationship": "Outer",
                        "Parallel Aware": false,
                        "Async Capable": false,
                        "Join Type": "Inner",
                        "Startup Cost": 8.44,
                        "Total Cost": 16266.84,
                        "Plan Rows": 95,
                        "Plan Width": 29,
                        "Actual Startup Time": 15.011,
                        "Actual Total Time": 199.899,
                        "Actual Rows": 1744,
                        "Actual Loops": 3,
                        "Output": [
                          "store_sales.ss_ext_sales_price",
                          "store_sales.ss_customer_sk",
                          "item.i_brand_id",
                          "item.i_manufact_id",
                          "store.s_zip"
                        ],
                        "Inner Unique": true,
                        "Shared Hit Blocks": 216958,
                        "Shared Read Blocks": 4497,
                        "Shared Dirtied Blocks": 0,
                        "Shared Written Blocks": 0,
                        "Local Hit Blocks": 0,
                        "Local Read Blocks": 0,
                        "Local Dirtied Blocks": 0,
                        "Local Written Blocks": 0,
                        "Temp Read Blocks": 0,
                        "Temp Written Blocks": 0,
                        "Workers": [
                          {
                            "Worker Number": 0,
                            "Actual Startup Time": 15.032,
                            "Actual Total Time": 15.034,
                            "Actual Rows": 0,
                            "Actual Loops": 1,
                            "Shared Hit Blocks": 0,
                            "Shared Read Blocks": 0,
                            "Shared Dirtied Blocks": 0,
                            "Shared Written Blocks": 0,
                            "Local Hit Blocks": 0,
                            "Local Read Blocks": 0,
                            "Local Dirtied Blocks": 0,
                            "Local Written Blocks": 0,
                            "Temp Read Blocks": 0,
                            "Temp Written Blocks": 0
                          },
                          {
                            "Worker Number": 1,
                            "Actual Startup Time": 15.067,
                            "Actual Total Time": 15.069,
                            "Actual Rows": 0,
                            "Actual Loops": 1,
                            "Shared Hit Blocks": 0,
                            "Shared Read Blocks": 135,
                            "Shared Dirtied Blocks": 0,
                            "Shared Written Blocks": 0,
                            "Local Hit Blocks": 0,
                            "Local Read Blocks": 0,
                            "Local Dirtied Blocks": 0,
                            "Local Written Blocks": 0,
                            "Temp Read Blocks": 0,
                            "Temp Written Blocks": 0
                          }
                        ],
                        "Plans": [
                          {
                            "Node Type": "Hash Join",
                            "Parent Relationship": "Outer",
                            "Parallel Aware": false,
                            "Async Capable": false,
                            "Join Type": "Inner",
                            "Startup Cost": 8.15,
                            "Total Cost": 15647.36,
                            "Plan Rows": 1117,
                            "Plan Width": 25,
                            "Actual Startup Time": 14.932,
                            "Actual Total Time": 147.644,
                            "Actual Rows": 23627,
                            "Actual Loops": 3,
                            "Output": [
                              "store_sales.ss_ext_sales_price",
                              "store_sales.ss_item_sk",
                              "store_sales.ss_customer_sk",
                              "store.s_zip"
                            ],
                            "Inner Unique": true,
                            "Hash Cond": "(store_sales.ss_store_sk = store.s_store_sk)",
                            "Shared Hit Blocks": 4621,
                            "Shared Read Blocks": 4194,
                            "Shared Dirtied Blocks": 0,
                            "Shared Written Blocks": 0,
                            "Local Hit Blocks": 0,
                            "Local Read Blocks": 0,
                            "Local Dirtied Blocks": 0,
                            "Local Written Blocks": 0,
                            "Temp Read Blocks": 0,
                            "Temp Written Blocks": 0,
                            "Workers": [
                              {
                                "Worker Number": 0,
                                "Actual Startup Time": 15.031,
                                "Actual Total Time": 15.033,
                                "Actual Rows": 0,
                                "Actual Loops": 1,
                                "Shared Hit Blocks": 0,
                                "Shared Read Blocks": 0,
                                "Shared Dirtied Blocks": 0,
                                "Shared Written Blocks": 0,
                                "Local Hit Blocks": 0,
                                "Local Read Blocks": 0,
                                "Local Dirtied Blocks": 0,
                                "Local Written Blocks": 0,
                                "Temp Read Blocks": 0,
                                "Temp Written Blocks": 0
                              },
                              {
                                "Worker Number": 1,
                                "Actual Startup Time": 15.067,
                                "Actual Total Time": 15.068,
                                "Actual Rows": 0,
                                "Actual Loops": 1,
                                "Shared Hit Blocks": 0,
                                "Shared Read Blocks": 135,
                                "Shared Dirtied Blocks": 0,
                                "Shared Written Blocks": 0,
                                "Local Hit Blocks": 0,
                                "Local Read Blocks": 0,
                                "Local Dirtied Blocks": 0,
                                "Local Written Blocks": 0,
                                "Temp Read Blocks": 0,
                                "Temp Written Blocks": 0
                              }
                            ],
                            "Plans": [
                              {
                                "Node Type": "Nested Loop",
                                "Parent Relationship": "Outer",
                                "Parallel Aware": false,
                                "Async Capable": false,
                                "Join Type": "Inner",
                                "Startup Cost": 0.85,
                                "Total Cost": 15636.87,
                                "Plan Rows": 1172,
                                "Plan Width": 18,
                                "Actual Startup Time": 14.818,
                                "Actual Total Time": 142.527,
                                "Actual Rows": 23917,
                                "Actual Loops": 3,
                                "Output": [
                                  "store_sales.ss_ext_sales_price",
                                  "store_sales.ss_item_sk",
                                  "store_sales.ss_customer_sk",
                                  "store_sales.ss_store_sk"
                                ],
                                "Inner Unique": false,
                                "Shared Hit Blocks": 4619,
                                "Shared Read Blocks": 4191,
                                "Shared Dirtied Blocks": 0,
                                "Shared Written Blocks": 0,
                                "Local Hit Blocks": 0,
                                "Local Read Blocks": 0,
                                "Local Dirtied Blocks": 0,
                                "Local Written Blocks": 0,
                                "Temp Read Blocks": 0,
                                "Temp Written Blocks": 0,
                                "Workers": [
                                  {
                                    "Worker Number": 0,
                                    "Actual Startup Time": 15.031,
                                    "Actual Total Time": 15.032,
                                    "Actual Rows": 0,
                                    "Actual Loops": 1,
                                    "Shared Hit Blocks": 0,
                                    "Shared Read Blocks": 0,
                                    "Shared Dirtied Blocks": 0,
                                    "Shared Written Blocks": 0,
                                    "Local Hit Blocks": 0,
                                    "Local Read Blocks": 0,
                                    "Local Dirtied Blocks": 0,
                                    "Local Written Blocks": 0,
                                    "Temp Read Blocks": 0,
                                    "Temp Written Blocks": 0
                                  },
                                  {
                                    "Worker Number": 1,
                                    "Actual Startup Time": 15.066,
                                    "Actual Total Time": 15.067,
                                    "Actual Rows": 0,
                                    "Actual Loops": 1,
                                    "Shared Hit Blocks": 0,
                                    "Shared Read Blocks": 135,
                                    "Shared Dirtied Blocks": 0,
                                    "Shared Written Blocks": 0,
                                    "Local Hit Blocks": 0,
                                    "Local Read Blocks": 0,
                                    "Local Dirtied Blocks": 0,
                                    "Local Written Blocks": 0,
                                    "Temp Read Blocks": 0,
                                    "Temp Written Blocks": 0
                                  }
                                ],
                                "Plans": [
                                  {
                                    "Node Type": "Index Only Scan",
                                    "Parent Relationship": "Outer",
                                    "Parallel Aware": true,
                                    "Async Capable": false,
                                    "Scan Direction": "Forward",
                                    "Index Name": "_dta_index_date_dim_6_661577395__k1_k7_k9",
                                    "Relation Name": "date_dim",
                                    "Schema": "public",
                                    "Alias": "date_dim",
                                    "Startup Cost": 0.29,
                                    "Total Cost": 1862.91,
                                    "Plan Rows": 13,
                                    "Plan Width": 4,
                                    "Actual Startup Time": 14.651,
                                    "Actual Total Time": 14.661,
                                    "Actual Rows": 10,
                                    "Actual Loops": 3,
                                    "Output": [
                                      "date_dim.d_date_sk",
                                      "date_dim.d_year",
                                      "date_dim.d_moy"
                                    ],
                                    "Index Cond": "((date_dim.d_year = 2002) AND (date_dim.d_moy = 12))",
                                    "Rows Removed by Index Recheck": 0,
                                    "Heap Fetches": 0,
                                    "Shared Hit Blocks": 3,
                                    "Shared Read Blocks": 279,
                                    "Shared Dirtied Blocks": 0,
                                    "Shared Written Blocks": 0,
                                    "Local Hit Blocks": 0,
                                    "Local Read Blocks": 0,
                                    "Local Dirtied Blocks": 0,
                                    "Local Written Blocks": 0,
                                    "Temp Read Blocks": 0,
                                    "Temp Written Blocks": 0,
                                    "Workers": [
                                      {
                                        "Worker Number": 0,
                                        "Actual Startup Time": 15.03,
                                        "Actual Total Time": 15.03,
                                        "Actual Rows": 0,
                                        "Actual Loops": 1,
                                        "Shared Hit Blocks": 0,
                                        "Shared Read Blocks": 0,
                                        "Shared Dirtied Blocks": 0,
                                        "Shared Written Blocks": 0,
                                        "Local Hit Blocks": 0,
                                        "Local Read Blocks": 0,
                                        "Local Dirtied Blocks": 0,
                                        "Local Written Blocks": 0,
                                        "Temp Read Blocks": 0,
                                        "Temp Written Blocks": 0
                                      },
                                      {
                                        "Worker Number": 1,
                                        "Actual Startup Time": 15.065,
                                        "Actual Total Time": 15.066,
                                        "Actual Rows": 0,
                                        "Actual Loops": 1,
                                        "Shared Hit Blocks": 0,
                                        "Shared Read Blocks": 135,
                                        "Shared Dirtied Blocks": 0,
                                        "Shared Written Blocks": 0,
                                        "Local Hit Blocks": 0,
                                        "Local Read Blocks": 0,
                                        "Local Dirtied Blocks": 0,
                                        "Local Written Blocks": 0,
                                        "Temp Read Blocks": 0,
                                        "Temp Written Blocks": 0
                                      }
                                    ]
                                  },
                                  {
                                    "Node Type": "Index Only Scan",
                                    "Parent Relationship": "Inner",
                                    "Parallel Aware": false,
                                    "Async Capable": false,
                                    "Scan Direction": "Forward",
                                    "Index Name": "_dta_index_store_sales_6_1333579789__k1_k23_k14_k6_k8_k5_k7_3_4",
                                    "Relation Name": "store_sales",
                                    "Schema": "public",
                                    "Alias": "store_sales",
                                    "Startup Cost": 0.56,
                                    "Total Cost": 1027.13,
                                    "Plan Rows": 3240,
                                    "Plan Width": 22,
                                    "Actual Startup Time": 0.397,
                                    "Actual Total Time": 12.147,
                                    "Actual Rows": 2315,
                                    "Actual Loops": 31,
                                    "Output": [
                                      "store_sales.ss_sold_date_sk",
                                      "store_sales.ss_net_profit",
                                      "store_sales.ss_sales_price",
                                      "store_sales.ss_hdemo_sk",
                                      "store_sales.ss_store_sk",
                                      "store_sales.ss_cdemo_sk",
                                      "store_sales.ss_addr_sk",
                                      "store_sales.ss_item_sk",
                                      "store_sales.ss_customer_sk",
                                      "store_sales.ss_promo_sk",
                                      "store_sales.ss_ticket_number",
                                      "store_sales.ss_quantity",
                                      "store_sales.ss_wholesale_cost",
                                      "store_sales.ss_list_price",
                                      "store_sales.ss_ext_sales_price",
                                      "store_sales.ss_ext_wholesale_cost",
                                      "store_sales.ss_coupon_amt"
                                    ],
                                    "Index Cond": "(store_sales.ss_sold_date_sk = date_dim.d_date_sk)",
                                    "Rows Removed by Index Recheck": 0,
                                    "Filter": "((store_sales.ss_wholesale_cost >= '34'::numeric) AND (store_sales.ss_wholesale_cost <= '54'::numeric))",
                                    "Rows Removed by Filter": 7015,
                                    "Heap Fetches": 0,
                                    "Shared Hit Blocks": 4616,
                                    "Shared Read Blocks": 3912,
                                    "Shared Dirtied Blocks": 0,
                                    "Shared Written Blocks": 0,
                                    "Local Hit Blocks": 0,
                                    "Local Read Blocks": 0,
                                    "Local Dirtied Blocks": 0,
                                    "Local Written Blocks": 0,
                                    "Temp Read Blocks": 0,
                                    "Temp Written Blocks": 0,
                                    "Workers": []
                                  }
                                ]
                              },
                              {
                                "Node Type": "Hash",
                                "Parent Relationship": "Inner",
                                "Parallel Aware": false,
                                "Async Capable": false,
                                "Startup Cost": 6.02,
                                "Total Cost": 6.02,
                                "Plan Rows": 102,
                                "Plan Width": 15,
                                "Actual Startup Time": 0.324,
                                "Actual Total Time": 0.325,
                                "Actual Rows": 102,
                                "Actual Loops": 1,
                                "Output": [
                                  "store.s_store_sk",
                                  "store.s_zip"
                                ],
                                "Hash Buckets": 1024,
                                "Original Hash Buckets": 1024,
                                "Hash Batches": 1,
                                "Original Hash Batches": 1,
                                "Peak Memory Usage": 13,
                                "Shared Hit Blocks": 2,
                                "Shared Read Blocks": 3,
                                "Shared Dirtied Blocks": 0,
                                "Shared Written Blocks": 0,
                                "Local Hit Blocks": 0,
                                "Local Read Blocks": 0,
                                "Local Dirtied Blocks": 0,
                                "Local Written Blocks": 0,
                                "Temp Read Blocks": 0,
                                "Temp Written Blocks": 0,
                                "Workers": [],
                                "Plans": [
                                  {
                                    "Node Type": "Seq Scan",
                                    "Parent Relationship": "Outer",
                                    "Parallel Aware": false,
                                    "Async Capable": false,
                                    "Relation Name": "store",
                                    "Schema": "public",
                                    "Alias": "store",
                                    "Startup Cost": 0.0,
                                    "Total Cost": 6.02,
                                    "Plan Rows": 102,
                                    "Plan Width": 15,
                                    "Actual Startup Time": 0.023,
                                    "Actual Total Time": 0.299,
                                    "Actual Rows": 102,
                                    "Actual Loops": 1,
                                    "Output": [
                                      "store.s_store_sk",
                                      "store.s_zip"
                                    ],
                                    "Shared Hit Blocks": 2,
                                    "Shared Read Blocks": 3,
                                    "Shared Dirtied Blocks": 0,
                                    "Shared Written Blocks": 0,
                                    "Local Hit Blocks": 0,
                                    "Local Read Blocks": 0,
                                    "Local Dirtied Blocks": 0,
                                    "Local Written Blocks": 0,
                                    "Temp Read Blocks": 0,
                                    "Temp Written Blocks": 0,
                                    "Workers": []
                                  }
                                ]
                              }
                            ]
                          },
                          {
                            "Node Type": "Index Scan",
                            "Parent Relationship": "Inner",
                            "Parallel Aware": false,
                            "Async Capable": false,
                            "Scan Direction": "Forward",
                            "Index Name": "item_pkey",
                            "Relation Name": "item",
                            "Schema": "public",
                            "Alias": "item",
                            "Startup Cost": 0.29,
                            "Total Cost": 0.55,
                            "Plan Rows": 1,
                            "Plan Width": 12,
                            "Actual Startup Time": 0.002,
                            "Actual Total Time": 0.002,
                            "Actual Rows": 0,
                            "Actual Loops": 70880,
                            "Output": [
                              "item.i_item_sk",
                              "item.i_item_id",
                              "item.i_rec_start_date",
                              "item.i_rec_end_date",
                              "item.i_item_desc",
                              "item.i_current_price",
                              "item.i_wholesale_cost",
                              "item.i_brand_id",
                              "item.i_brand",
                              "item.i_class_id",
                              "item.i_class",
                              "item.i_category_id",
                              "item.i_category",
                              "item.i_manufact_id",
                              "item.i_manufact",
                              "item.i_size",
                              "item.i_formulation",
                              "item.i_color",
                              "item.i_units",
                              "item.i_container",
                              "item.i_manager_id",
                              "item.i_product_name"
                            ],
                            "Index Cond": "(item.i_item_sk = store_sales.ss_item_sk)",
                            "Rows Removed by Index Recheck": 0,
                            "Filter": "(item.i_category = 'Home'::bpchar)",
                            "Rows Removed by Filter": 1,
                            "Shared Hit Blocks": 212337,
                            "Shared Read Blocks": 303,
                            "Shared Dirtied Blocks": 0,
                            "Shared Written Blocks": 0,
                            "Local Hit Blocks": 0,
                            "Local Read Blocks": 0,
                            "Local Dirtied Blocks": 0,
                            "Local Written Blocks": 0,
                            "Temp Read Blocks": 0,
                            "Temp Written Blocks": 0,
                            "Workers": []
                          }
                        ]
                      },
                      {
                        "Node Type": "Index Scan",
                        "Parent Relationship": "Inner",
                        "Parallel Aware": false,
                        "Async Capable": false,
                        "Scan Direction": "Forward",
                        "Index Name": "_dta_index_customer_6_949578421__k1_k5",
                        "Relation Name": "customer",
                        "Schema": "public",
                        "Alias": "customer",
                        "Startup Cost": 0.42,
                        "Total Cost": 0.71,
                        "Plan Rows": 1,
                        "Plan Width": 8,
                        "Actual Startup Time": 0.055,
                        "Actual Total Time": 0.055,
                        "Actual Rows": 0,
                        "Actual Loops": 5232,
                        "Output": [
                          "customer.c_customer_sk",
                          "customer.c_customer_id",
                          "customer.c_current_cdemo_sk",
                          "customer.c_current_hdemo_sk",
                          "customer.c_current_addr_sk",
                          "customer.c_first_shipto_date_sk",
                          "customer.c_first_sales_date_sk",
                          "customer.c_salutation",
                          "customer.c_first_name",
                          "customer.c_last_name",
                          "customer.c_preferred_cust_flag",
                          "customer.c_birth_day",
                          "customer.c_birth_month",
                          "customer.c_birth_year",
                          "customer.c_birth_country",
                          "customer.c_login",
                          "customer.c_email_address",
                          "customer.c_last_review_date_sk"
                        ],
                        "Index Cond": "(customer.c_customer_sk = store_sales.ss_customer_sk)",
                        "Rows Removed by Index Recheck": 0,
                        "Filter": "(customer.c_birth_month = 1)",
                        "Rows Removed by Filter": 1,
                        "Shared Hit Blocks": 17556,
                        "Shared Read Blocks": 3296,
                        "Shared Dirtied Blocks": 0,
                        "Shared Written Blocks": 0,
                        "Local Hit Blocks": 0,
                        "Local Read Blocks": 0,
                        "Local Dirtied Blocks": 0,
                        "Local Written Blocks": 0,
                        "Temp Read Blocks": 0,
                        "Temp Written Blocks": 0,
                        "Workers": []
                      }
                    ]
                  },
                  {
                    "Node Type": "Index Scan",
                    "Parent Relationship": "Inner",
                    "Parallel Aware": false,
                    "Async Capable": false,
                    "Scan Direction": "Forward",
                    "Index Name": "customer_address_pkey",
                    "Relation Name": "customer_address",
                    "Schema": "public",
                    "Alias": "customer_address",
                    "Startup Cost": 0.42,
                    "Total Cost": 1.15,
                    "Plan Rows": 1,
                    "Plan Width": 15,
                    "Actual Startup Time": 0.095,
                    "Actual Total Time": 0.095,
                    "Actual Rows": 0,
                    "Actual Loops": 516,
                    "Output": [
                      "customer_address.ca_address_sk",
                      "customer_address.ca_address_id",
                      "customer_address.ca_street_number",
                      "customer_address.ca_street_name",
                      "customer_address.ca_street_type",
                      "customer_address.ca_suite_number",
                      "customer_address.ca_city",
                      "customer_address.ca_county",
                      "customer_address.ca_state",
                      "customer_address.ca_zip",
                      "customer_address.ca_country",
                      "customer_address.ca_gmt_offset",
                      "customer_address.ca_location_type"
                    ],
                    "Index Cond": "(customer_address.ca_address_sk = customer.c_current_addr_sk)",
                    "Rows Removed by Index Recheck": 0,
                    "Filter": "(customer_address.ca_state = 'TX'::bpchar)",
                    "Rows Removed by Filter": 1,
                    "Shared Hit Blocks": 1485,
                    "Shared Read Blocks": 579,
                    "Shared Dirtied Blocks": 0,
                    "Shared Written Blocks": 0,
                    "Local Hit Blocks": 0,
                    "Local Read Blocks": 0,
                    "Local Dirtied Blocks": 0,
                    "Local Written Blocks": 0,
                    "Temp Read Blocks": 0,
                    "Temp Written Blocks": 0,
                    "Workers": []
                  }
                ]
              }
            ]
          }
        ]
      },
      "Planning": {
        "Shared Hit Blocks": 34,
        "Shared Read Blocks": 24,
        "Shared Dirtied Blocks": 0,
        "Shared Written Blocks": 0,
        "Local Hit Blocks": 0,
        "Local Read Blocks": 0,
        "Local Dirtied Blocks": 0,
        "Local Written Blocks": 0,
        "Temp Read Blocks": 0,
        "Temp Written Blocks": 0
      },
      "Planning Time": 3.293,
      "Triggers": [],
      "Execution Time": 910.764
    }
  ],
  "original_sql": "select min(i_brand_id), min(i_manufact_id),\n \tmin(ss_ext_sales_price)\n from date_dim, store_sales, item,customer,customer_address,store\n where d_date_sk = ss_sold_date_sk\n   and ss_item_sk = i_item_sk\n   and ss_customer_sk = c_customer_sk\n   and c_current_addr_sk = ca_address_sk\n   and ss_store_sk = s_store_sk\n   AND i_category  = 'Home'\n   and d_year=2002\n   and d_moy = 12\n   and substring(ca_zip,1,5) <> substring(s_zip,1,5)\n   and ca_state  = 'TX'\n   and c_birth_month = 1\n   and ss_wholesale_cost BETWEEN 34 AND 54"
}