{
  "query_id": "query059_multi",
  "engine": "postgresql",
  "benchmark": "dsb",
  "scale_factor": 10,
  "execution_time_ms": 40260.18,
  "planning_time_ms": 2.764,
  "plan_json": [
    {
      "Plan": {
        "Node Type": "Limit",
        "Parallel Aware": false,
        "Async Capable": false,
        "Startup Cost": 793096.62,
        "Total Cost": 793096.63,
        "Plan Rows": 2,
        "Plan Width": 249,
        "Actual Startup Time": 40248.102,
        "Actual Total Time": 40248.216,
        "Actual Rows": 100,
        "Actual Loops": 1,
        "Output": [
          "store.s_store_name",
          "store.s_store_id",
          "wss.d_week_seq",
          "((wss.sun_sales / wss_1.sun_sales))",
          "((wss.mon_sales / wss_1.mon_sales))",
          "((wss.tue_sales / wss_1.tue_sales))",
          "((wss.wed_sales / wss_1.wed_sales))",
          "((wss.thu_sales / wss_1.thu_sales))",
          "((wss.fri_sales / wss_1.fri_sales))",
          "((wss.sat_sales / wss_1.sat_sales))"
        ],
        "Shared Hit Blocks": 12270,
        "Shared Read Blocks": 513114,
        "Shared Dirtied Blocks": 0,
        "Shared Written Blocks": 0,
        "Local Hit Blocks": 0,
        "Local Read Blocks": 0,
        "Local Dirtied Blocks": 0,
        "Local Written Blocks": 0,
        "Temp Read Blocks": 29237,
        "Temp Written Blocks": 29303,
        "Plans": [
          {
            "Node Type": "Aggregate",
            "Strategy": "Sorted",
            "Partial Mode": "Simple",
            "Parent Relationship": "InitPlan",
            "Subplan Name": "CTE wss",
            "Parallel Aware": false,
            "Async Capable": false,
            "Startup Cost": 760918.18,
            "Total Cost": 786276.12,
            "Plan Rows": 137840,
            "Plan Width": 232,
            "Actual Startup Time": 37482.446,
            "Actual Total Time": 39352.709,
            "Actual Rows": 9176,
            "Actual Loops": 1,
            "Output": [
              "date_dim.d_week_seq",
              "store_sales.ss_store_sk",
              "sum(CASE WHEN (date_dim.d_day_name = 'Sunday'::bpchar) THEN store_sales.ss_sales_price ELSE NULL::numeric END)",
              "sum(CASE WHEN (date_dim.d_day_name = 'Monday'::bpchar) THEN store_sales.ss_sales_price ELSE NULL::numeric END)",
              "sum(CASE WHEN (date_dim.d_day_name = 'Tuesday'::bpchar) THEN store_sales.ss_sales_price ELSE NULL::numeric END)",
              "sum(CASE WHEN (date_dim.d_day_name = 'Wednesday'::bpchar) THEN store_sales.ss_sales_price ELSE NULL::numeric END)",
              "sum(CASE WHEN (date_dim.d_day_name = 'Thursday'::bpchar) THEN store_sales.ss_sales_price ELSE NULL::numeric END)",
              "sum(CASE WHEN (date_dim.d_day_name = 'Friday'::bpchar) THEN store_sales.ss_sales_price ELSE NULL::numeric END)",
              "sum(CASE WHEN (date_dim.d_day_name = 'Saturday'::bpchar) THEN store_sales.ss_sales_price ELSE NULL::numeric END)"
            ],
            "Group Key": [
              "date_dim.d_week_seq",
              "store_sales.ss_store_sk"
            ],
            "Shared Hit Blocks": 12247,
            "Shared Read Blocks": 513105,
            "Shared Dirtied Blocks": 0,
            "Shared Written Blocks": 0,
            "Local Hit Blocks": 0,
            "Local Read Blocks": 0,
            "Local Dirtied Blocks": 0,
            "Local Written Blocks": 0,
            "Temp Read Blocks": 29237,
            "Temp Written Blocks": 29303,
            "Plans": [
              {
                "Node Type": "Gather Merge",
                "Parent Relationship": "Outer",
                "Parallel Aware": false,
                "Async Capable": false,
                "Startup Cost": 760918.18,
                "Total Cost": 776971.92,
                "Plan Rows": 137840,
                "Plan Width": 24,
                "Actual Startup Time": 37482.263,
                "Actual Total Time": 38747.02,
                "Actual Rows": 3438965,
                "Actual Loops": 1,
                "Output": [
                  "date_dim.d_week_seq",
                  "store_sales.ss_store_sk",
                  "date_dim.d_day_name",
                  "store_sales.ss_sales_price"
                ],
                "Workers Planned": 2,
                "Workers Launched": 2,
                "Shared Hit Blocks": 12247,
                "Shared Read Blocks": 513105,
                "Shared Dirtied Blocks": 0,
                "Shared Written Blocks": 0,
                "Local Hit Blocks": 0,
                "Local Read Blocks": 0,
                "Local Dirtied Blocks": 0,
                "Local Written Blocks": 0,
                "Temp Read Blocks": 29237,
                "Temp Written Blocks": 29303,
                "Plans": [
                  {
                    "Node Type": "Sort",
                    "Parent Relationship": "Outer",
                    "Parallel Aware": false,
                    "Async Capable": false,
                    "Startup Cost": 759918.16,
                    "Total Cost": 760061.74,
                    "Plan Rows": 57433,
                    "Plan Width": 24,
                    "Actual Startup Time": 37458.158,
                    "Actual Total Time": 37880.358,
                    "Actual Rows": 1146322,
                    "Actual Loops": 3,
                    "Output": [
                      "date_dim.d_week_seq",
                      "store_sales.ss_store_sk",
                      "date_dim.d_day_name",
                      "store_sales.ss_sales_price"
                    ],
                    "Sort Key": [
                      "date_dim.d_week_seq",
                      "store_sales.ss_store_sk"
                    ],
                    "Sort Method": "external merge",
                    "Sort Space Used": 39168,
                    "Sort Space Type": "Disk",
                    "Shared Hit Blocks": 12247,
                    "Shared Read Blocks": 513105,
                    "Shared Dirtied Blocks": 0,
                    "Shared Written Blocks": 0,
                    "Local Hit Blocks": 0,
                    "Local Read Blocks": 0,
                    "Local Dirtied Blocks": 0,
                    "Local Written Blocks": 0,
                    "Temp Read Blocks": 29237,
                    "Temp Written Blocks": 29303,
                    "Workers": [
                      {
                        "Worker Number": 0,
                        "Actual Startup Time": 37445.977,
                        "Actual Total Time": 37875.197,
                        "Actual Rows": 1144016,
                        "Actual Loops": 1,
                        "Sort Method": "external merge",
                        "Sort Space Used": 38936,
                        "Sort Space Type": "Disk",
                        "JIT": {
                          "Functions": 13,
                          "Options": {
                            "Inlining": true,
                            "Optimization": true,
                            "Expressions": true,
                            "Deforming": true
                          },
                          "Timing": {
                            "Generation": 1.664,
                            "Inlining": 58.181,
                            "Optimization": 88.972,
                            "Emission": 50.67,
                            "Total": 199.487
                          }
                        },
                        "Shared Hit Blocks": 4111,
                        "Shared Read Blocks": 170612,
                        "Shared Dirtied Blocks": 0,
                        "Shared Written Blocks": 0,
                        "Local Hit Blocks": 0,
                        "Local Read Blocks": 0,
                        "Local Dirtied Blocks": 0,
                        "Local Written Blocks": 0,
                        "Temp Read Blocks": 9725,
                        "Temp Written Blocks": 9747
                      },
                      {
                        "Worker Number": 1,
                        "Actual Startup Time": 37446.46,
                        "Actual Total Time": 37882.212,
                        "Actual Rows": 1144223,
                        "Actual Loops": 1,
                        "Sort Method": "external merge",
                        "Sort Space Used": 38952,
                        "Sort Space Type": "Disk",
                        "JIT": {
                          "Functions": 13,
                          "Options": {
                            "Inlining": true,
                            "Optimization": true,
                            "Expressions": true,
                            "Deforming": true
                          },
                          "Timing": {
                            "Generation": 1.92,
                            "Inlining": 63.642,
                            "Optimization": 69.471,
                            "Emission": 48.613,
                            "Total": 183.645
                          }
                        },
                        "Shared Hit Blocks": 4089,
                        "Shared Read Blocks": 170586,
                        "Shared Dirtied Blocks": 0,
                        "Shared Written Blocks": 0,
                        "Local Hit Blocks": 0,
                        "Local Read Blocks": 0,
                        "Local Dirtied Blocks": 0,
                        "Local Written Blocks": 0,
                        "Temp Read Blocks": 9729,
                        "Temp Written Blocks": 9751
                      }
                    ],
                    "Plans": [
                      {
                        "Node Type": "Nested Loop",
                        "Parent Relationship": "Outer",
                        "Parallel Aware": false,
                        "Async Capable": false,
                        "Join Type": "Inner",
                        "Startup Cost": 0.3,
                        "Total Cost": 755378.2,
                        "Plan Rows": 57433,
                        "Plan Width": 24,
                        "Actual Startup Time": 127.086,
                        "Actual Total Time": 35049.449,
                        "Actual Rows": 1146322,
                        "Actual Loops": 3,
                        "Output": [
                          "date_dim.d_week_seq",
                          "store_sales.ss_store_sk",
                          "date_dim.d_day_name",
                          "store_sales.ss_sales_price"
                        ],
                        "Inner Unique": true,
                        "Shared Hit Blocks": 12233,
                        "Shared Read Blocks": 513105,
                        "Shared Dirtied Blocks": 0,
                        "Shared Written Blocks": 0,
                        "Local Hit Blocks": 0,
                        "Local Read Blocks": 0,
                        "Local Dirtied Blocks": 0,
                        "Local Written Blocks": 0,
                        "Temp Read Blocks": 0,
                        "Temp Written Blocks": 0,
                        "Workers": [
                          {
                            "Worker Number": 0,
                            "Actual Startup Time": 198.242,
                            "Actual Total Time": 35022.187,
                            "Actual Rows": 1144016,
                            "Actual Loops": 1,
                            "Shared Hit Blocks": 4104,
                            "Shared Read Blocks": 170612,
                            "Shared Dirtied Blocks": 0,
                            "Shared Written Blocks": 0,
                            "Local Hit Blocks": 0,
                            "Local Read Blocks": 0,
                            "Local Dirtied Blocks": 0,
                            "Local Written Blocks": 0,
                            "Temp Read Blocks": 0,
                            "Temp Written Blocks": 0
                          },
                          {
                            "Worker Number": 1,
                            "Actual Startup Time": 182.642,
                            "Actual Total Time": 35039.284,
                            "Actual Rows": 1144223,
                            "Actual Loops": 1,
                            "Shared Hit Blocks": 4082,
                            "Shared Read Blocks": 170586,
                            "Shared Dirtied Blocks": 0,
                            "Shared Written Blocks": 0,
                            "Local Hit Blocks": 0,
                            "Local Read Blocks": 0,
                            "Local Dirtied Blocks": 0,
                            "Local Written Blocks": 0,
                            "Temp Read Blocks": 0,
                            "Temp Written Blocks": 0
                          }
                        ],
                        "Plans": [
                          {
                            "Node Type": "Seq Scan",
                            "Parent Relationship": "Outer",
                            "Parallel Aware": true,
                            "Async Capable": false,
                            "Relation Name": "store_sales",
                            "Schema": "public",
                            "Alias": "store_sales",
                            "Startup Cost": 0.0,
                            "Total Cost": 753151.23,
                            "Plan Rows": 60014,
                            "Plan Width": 14,
                            "Actual Startup Time": 126.803,
                            "Actual Total Time": 34448.734,
                            "Actual Rows": 1160350,
                            "Actual Loops": 3,
                            "Output": [
                              "store_sales.ss_sold_date_sk",
                              "store_sales.ss_sold_time_sk",
                              "store_sales.ss_item_sk",
                              "store_sales.ss_customer_sk",
                              "store_sales.ss_cdemo_sk",
                              "store_sales.ss_hdemo_sk",
                              "store_sales.ss_addr_sk",
                              "store_sales.ss_store_sk",
                              "store_sales.ss_promo_sk",
                              "store_sales.ss_ticket_number",
                              "store_sales.ss_quantity",
                              "store_sales.ss_wholesale_cost",
                              "store_sales.ss_list_price",
                              "store_sales.ss_sales_price",
                              "store_sales.ss_ext_discount_amt",
                              "store_sales.ss_ext_sales_price",
                              "store_sales.ss_ext_wholesale_cost",
                              "store_sales.ss_ext_list_price",
                              "store_sales.ss_ext_tax",
                              "store_sales.ss_coupon_amt",
                              "store_sales.ss_net_paid",
                              "store_sales.ss_net_paid_inc_tax",
                              "store_sales.ss_net_profit"
                            ],
                            "Filter": "(((store_sales.ss_sales_price / store_sales.ss_list_price) >= 0.11) AND ((store_sales.ss_sales_price / store_sales.ss_list_price) <= 0.31))",
                            "Rows Removed by Filter": 8439980,
                            "Shared Hit Blocks": 0,
                            "Shared Read Blocks": 513096,
                            "Shared Dirtied Blocks": 0,
                            "Shared Written Blocks": 0,
                            "Local Hit Blocks": 0,
                            "Local Read Blocks": 0,
                            "Local Dirtied Blocks": 0,
                            "Local Written Blocks": 0,
                            "Temp Read Blocks": 0,
                            "Temp Written Blocks": 0,
                            "Workers": [
                              {
                                "Worker Number": 0,
                                "Actual Startup Time": 198.179,
                                "Actual Total Time": 34432.701,
                                "Actual Rows": 1157896,
                                "Actual Loops": 1,
                                "Shared Hit Blocks": 0,
                                "Shared Read Blocks": 170611,
                                "Shared Dirtied Blocks": 0,
                                "Shared Written Blocks": 0,
                                "Local Hit Blocks": 0,
                                "Local Read Blocks": 0,
                                "Local Dirtied Blocks": 0,
                                "Local Written Blocks": 0,
                                "Temp Read Blocks": 0,
                                "Temp Written Blocks": 0
                              },
                              {
                                "Worker Number": 1,
                                "Actual Startup Time": 182.076,
                                "Actual Total Time": 34452.84,
                                "Actual Rows": 1158152,
                                "Actual Loops": 1,
                                "Shared Hit Blocks": 0,
                                "Shared Read Blocks": 170584,
                                "Shared Dirtied Blocks": 0,
                                "Shared Written Blocks": 0,
                                "Local Hit Blocks": 0,
                                "Local Read Blocks": 0,
                                "Local Dirtied Blocks": 0,
                                "Local Written Blocks": 0,
                                "Temp Read Blocks": 0,
                                "Temp Written Blocks": 0
                              }
                            ]
                          },
                          {
                            "Node Type": "Memoize",
                            "Parent Relationship": "Inner",
                            "Parallel Aware": false,
                            "Async Capable": false,
                            "Startup Cost": 0.3,
                            "Total Cost": 0.37,
                            "Plan Rows": 1,
                            "Plan Width": 18,
                            "Actual Startup Time": 0.0,
                            "Actual Total Time": 0.0,
                            "Actual Rows": 1,
                            "Actual Loops": 3481050,
                            "Output": [
                              "date_dim.d_week_seq",
                              "date_dim.d_day_name",
                              "date_dim.d_date_sk"
                            ],
                            "Cache Key": "store_sales.ss_sold_date_sk",
                            "Cache Mode": "logical",
                            "Cache Hits": 1163650,
                            "Cache Misses": 1352,
                            "Cache Evictions": 0,
                            "Cache Overflows": 0,
                            "Peak Memory Usage": 159,
                            "Shared Hit Blocks": 12233,
                            "Shared Read Blocks": 9,
                            "Shared Dirtied Blocks": 0,
                            "Shared Written Blocks": 0,
                            "Local Hit Blocks": 0,
                            "Local Read Blocks": 0,
                            "Local Dirtied Blocks": 0,
                            "Local Written Blocks": 0,
                            "Temp Read Blocks": 0,
                            "Temp Written Blocks": 0,
                            "Workers": [
                              {
                                "Worker Number": 0,
                                "Actual Startup Time": 0.0,
                                "Actual Total Time": 0.0,
                                "Actual Rows": 1,
                                "Actual Loops": 1157896,
                                "Cache Hits": 1156527,
                                "Cache Misses": 1369,
                                "Cache Evictions": 0,
                                "Cache Overflows": 0,
                                "Peak Memory Usage": 161,
                                "Shared Hit Blocks": 4104,
                                "Shared Read Blocks": 1,
                                "Shared Dirtied Blocks": 0,
                                "Shared Written Blocks": 0,
                                "Local Hit Blocks": 0,
                                "Local Read Blocks": 0,
                                "Local Dirtied Blocks": 0,
                                "Local Written Blocks": 0,
                                "Temp Read Blocks": 0,
                                "Temp Written Blocks": 0
                              },
                              {
                                "Worker Number": 1,
                                "Actual Startup Time": 0.0,
                                "Actual Total Time": 0.0,
                                "Actual Rows": 1,
                                "Actual Loops": 1158152,
                                "Cache Hits": 1156790,
                                "Cache Misses": 1362,
                                "Cache Evictions": 0,
                                "Cache Overflows": 0,
                                "Peak Memory Usage": 160,
                                "Shared Hit Blocks": 4082,
                                "Shared Read Blocks": 2,
                                "Shared Dirtied Blocks": 0,
                                "Shared Written Blocks": 0,
                                "Local Hit Blocks": 0,
                                "Local Read Blocks": 0,
                                "Local Dirtied Blocks": 0,
                                "Local Written Blocks": 0,
                                "Temp Read Blocks": 0,
                                "Temp Written Blocks": 0
                              }
                            ],
                            "Plans": [
                              {
                                "Node Type": "Index Scan",
                                "Parent Relationship": "Outer",
                                "Parallel Aware": false,
                                "Async Capable": false,
                                "Scan Direction": "Forward",
                                "Index Name": "date_dim_pkey",
                                "Relation Name": "date_dim",
                                "Schema": "public",
                                "Alias": "date_dim",
                                "Startup Cost": 0.29,
                                "Total Cost": 0.36,
                                "Plan Rows": 1,
                                "Plan Width": 18,
                                "Actual Startup Time": 0.011,
                                "Actual Total Time": 0.011,
                                "Actual Rows": 1,
                                "Actual Loops": 4083,
                                "Output": [
                                  "date_dim.d_week_seq",
                                  "date_dim.d_day_name",
                                  "date_dim.d_date_sk"
                                ],
                                "Index Cond": "(date_dim.d_date_sk = store_sales.ss_sold_date_sk)",
                                "Rows Removed by Index Recheck": 0,
                                "Shared Hit Blocks": 12233,
                                "Shared Read Blocks": 9,
                                "Shared Dirtied Blocks": 0,
                                "Shared Written Blocks": 0,
                                "Local Hit Blocks": 0,
                                "Local Read Blocks": 0,
                                "Local Dirtied Blocks": 0,
                                "Local Written Blocks": 0,
                                "Temp Read Blocks": 0,
                                "Temp Written Blocks": 0,
                                "Workers": [
                                  {
                                    "Worker Number": 0,
                                    "Actual Startup Time": 0.011,
                                    "Actual Total Time": 0.011,
                                    "Actual Rows": 1,
                                    "Actual Loops": 1369,
                                    "Shared Hit Blocks": 4104,
                                    "Shared Read Blocks": 1,
                                    "Shared Dirtied Blocks": 0,
                                    "Shared Written Blocks": 0,
                                    "Local Hit Blocks": 0,
                                    "Local Read Blocks": 0,
                                    "Local Dirtied Blocks": 0,
                                    "Local Written Blocks": 0,
                                    "Temp Read Blocks": 0,
                                    "Temp Written Blocks": 0
                                  },
                                  {
                                    "Worker Number": 1,
                                    "Actual Startup Time": 0.01,
                                    "Actual Total Time": 0.01,
                                    "Actual Rows": 1,
                                    "Actual Loops": 1362,
                                    "Shared Hit Blocks": 4082,
                                    "Shared Read Blocks": 2,
                                    "Shared Dirtied Blocks": 0,
                                    "Shared Written Blocks": 0,
                                    "Local Hit Blocks": 0,
                                    "Local Read Blocks": 0,
                                    "Local Dirtied Blocks": 0,
                                    "Local Written Blocks": 0,
                                    "Temp Read Blocks": 0,
                                    "Temp Written Blocks": 0
                                  }
                                ]
                              }
                            ]
                          }
                        ]
                      }
                    ]
                  }
                ]
              }
            ]
          },
          {
            "Node Type": "Sort",
            "Parent Relationship": "Outer",
            "Parallel Aware": false,
            "Async Capable": false,
            "Startup Cost": 6820.5,
            "Total Cost": 6820.51,
            "Plan Rows": 2,
            "Plan Width": 249,
            "Actual Startup Time": 39512.807,
            "Actual Total Time": 39512.823,
            "Actual Rows": 100,
            "Actual Loops": 1,
            "Output": [
              "store.s_store_name",
              "store.s_store_id",
              "wss.d_week_seq",
              "((wss.sun_sales / wss_1.sun_sales))",
              "((wss.mon_sales / wss_1.mon_sales))",
              "((wss.tue_sales / wss_1.tue_sales))",
              "((wss.wed_sales / wss_1.wed_sales))",
              "((wss.thu_sales / wss_1.thu_sales))",
              "((wss.fri_sales / wss_1.fri_sales))",
              "((wss.sat_sales / wss_1.sat_sales))"
            ],
            "Sort Key": [
              "store.s_store_name",
              "store.s_store_id",
              "wss.d_week_seq"
            ],
            "Sort Method": "top-N heapsort",
            "Sort Space Used": 60,
            "Sort Space Type": "Memory",
            "Shared Hit Blocks": 4070,
            "Shared Read Blocks": 171916,
            "Shared Dirtied Blocks": 0,
            "Shared Written Blocks": 0,
            "Local Hit Blocks": 0,
            "Local Read Blocks": 0,
            "Local Dirtied Blocks": 0,
            "Local Written Blocks": 0,
            "Temp Read Blocks": 9783,
            "Temp Written Blocks": 9805,
            "Plans": [
              {
                "Node Type": "Hash Join",
                "Parent Relationship": "Outer",
                "Parallel Aware": false,
                "Async Capable": false,
                "Join Type": "Inner",
                "Startup Cost": 3539.12,
                "Total Cost": 6820.49,
                "Plan Rows": 2,
                "Plan Width": 249,
                "Actual Startup Time": 39372.631,
                "Actual Total Time": 39507.586,
                "Actual Rows": 30372,
                "Actual Loops": 1,
                "Output": [
                  "store.s_store_name",
                  "store.s_store_id",
                  "wss.d_week_seq",
                  "(wss.sun_sales / wss_1.sun_sales)",
                  "(wss.mon_sales / wss_1.mon_sales)",
                  "(wss.tue_sales / wss_1.tue_sales)",
                  "(wss.wed_sales / wss_1.wed_sales)",
                  "(wss.thu_sales / wss_1.thu_sales)",
                  "(wss.fri_sales / wss_1.fri_sales)",
                  "(wss.sat_sales / wss_1.sat_sales)"
                ],
                "Inner Unique": true,
                "Hash Cond": "((wss.ss_store_sk = store.s_store_sk) AND (store_1.s_store_id = store.s_store_id))",
                "Shared Hit Blocks": 4070,
                "Shared Read Blocks": 171916,
                "Shared Dirtied Blocks": 0,
                "Shared Written Blocks": 0,
                "Local Hit Blocks": 0,
                "Local Read Blocks": 0,
                "Local Dirtied Blocks": 0,
                "Local Written Blocks": 0,
                "Temp Read Blocks": 9783,
                "Temp Written Blocks": 9805,
                "Plans": [
                  {
                    "Node Type": "Hash Join",
                    "Parent Relationship": "Outer",
                    "Parallel Aware": false,
                    "Async Capable": false,
                    "Join Type": "Inner",
                    "Startup Cost": 3531.5,
                    "Total Cost": 6810.21,
                    "Plan Rows": 500,
                    "Plan Width": 473,
                    "Actual Startup Time": 39371.295,
                    "Actual Total Time": 39440.511,
                    "Actual Rows": 941532,
                    "Actual Loops": 1,
                    "Output": [
                      "wss.d_week_seq",
                      "wss.sun_sales",
                      "wss.mon_sales",
                      "wss.tue_sales",
                      "wss.wed_sales",
                      "wss.thu_sales",
                      "wss.fri_sales",
                      "wss.sat_sales",
                      "wss.ss_store_sk",
                      "wss_1.sun_sales",
                      "wss_1.mon_sales",
                      "wss_1.tue_sales",
                      "wss_1.wed_sales",
                      "wss_1.thu_sales",
                      "wss_1.fri_sales",
                      "wss_1.sat_sales",
                      "store_1.s_store_id"
                    ],
                    "Inner Unique": false,
                    "Hash Cond": "(wss.d_week_seq = d.d_week_seq)",
                    "Shared Hit Blocks": 4070,
                    "Shared Read Blocks": 171911,
                    "Shared Dirtied Blocks": 0,
                    "Shared Written Blocks": 0,
                    "Local Hit Blocks": 0,
                    "Local Read Blocks": 0,
                    "Local Dirtied Blocks": 0,
                    "Local Written Blocks": 0,
                    "Temp Read Blocks": 9783,
                    "Temp Written Blocks": 9805,
                    "Plans": [
                      {
                        "Node Type": "CTE Scan",
                        "Parent Relationship": "Outer",
                        "Parallel Aware": false,
                        "Async Capable": false,
                        "CTE Name": "wss",
                        "Alias": "wss",
                        "Startup Cost": 0.0,
                        "Total Cost": 2756.8,
                        "Plan Rows": 137840,
                        "Plan Width": 232,
                        "Actual Startup Time": 37482.451,
                        "Actual Total Time": 37483.007,
                        "Actual Rows": 9176,
                        "Actual Loops": 1,
                        "Output": [
                          "wss.d_week_seq",
                          "wss.ss_store_sk",
                          "wss.sun_sales",
                          "wss.mon_sales",
                          "wss.tue_sales",
                          "wss.wed_sales",
                          "wss.thu_sales",
                          "wss.fri_sales",
                          "wss.sat_sales"
                        ],
                        "Shared Hit Blocks": 4047,
                        "Shared Read Blocks": 171907,
                        "Shared Dirtied Blocks": 0,
                        "Shared Written Blocks": 0,
                        "Local Hit Blocks": 0,
                        "Local Read Blocks": 0,
                        "Local Dirtied Blocks": 0,
                        "Local Written Blocks": 0,
                        "Temp Read Blocks": 5388,
                        "Temp Written Blocks": 9805
                      },
                      {
                        "Node Type": "Hash",
                        "Parent Relationship": "Inner",
                        "Parallel Aware": false,
                        "Async Capable": false,
                        "Startup Cost": 3531.02,
                        "Total Cost": 3531.02,
                        "Plan Rows": 38,
                        "Plan Width": 249,
                        "Actual Startup Time": 1888.396,
                        "Actual Total Time": 1888.402,
                        "Actual Rows": 30372,
                        "Actual Loops": 1,
                        "Output": [
                          "d.d_week_seq",
                          "wss_1.sun_sales",
                          "wss_1.mon_sales",
                          "wss_1.tue_sales",
                          "wss_1.wed_sales",
                          "wss_1.thu_sales",
                          "wss_1.fri_sales",
                          "wss_1.sat_sales",
                          "wss_1.d_week_seq",
                          "store_1.s_store_id"
                        ],
                        "Hash Buckets": 32768,
                        "Original Hash Buckets": 1024,
                        "Hash Batches": 1,
                        "Original Hash Batches": 1,
                        "Peak Memory Usage": 3481,
                        "Shared Hit Blocks": 23,
                        "Shared Read Blocks": 4,
                        "Shared Dirtied Blocks": 0,
                        "Shared Written Blocks": 0,
                        "Local Hit Blocks": 0,
                        "Local Read Blocks": 0,
                        "Local Dirtied Blocks": 0,
                        "Local Written Blocks": 0,
                        "Temp Read Blocks": 4395,
                        "Temp Written Blocks": 0,
                        "Plans": [
                          {
                            "Node Type": "Hash Join",
                            "Parent Relationship": "Outer",
                            "Parallel Aware": false,
                            "Async Capable": false,
                            "Join Type": "Inner",
                            "Startup Cost": 71.66,
                            "Total Cost": 3531.02,
                            "Plan Rows": 38,
                            "Plan Width": 249,
                            "Actual Startup Time": 1298.227,
                            "Actual Total Time": 1883.843,
                            "Actual Rows": 30372,
                            "Actual Loops": 1,
                            "Output": [
                              "d.d_week_seq",
                              "wss_1.sun_sales",
                              "wss_1.mon_sales",
                              "wss_1.tue_sales",
                              "wss_1.wed_sales",
                              "wss_1.thu_sales",
                              "wss_1.fri_sales",
                              "wss_1.sat_sales",
                              "wss_1.d_week_seq",
                              "store_1.s_store_id"
                            ],
                            "Inner Unique": false,
                            "Hash Cond": "((wss_1.d_week_seq - 52) = d.d_week_seq)",
                            "Shared Hit Blocks": 23,
                            "Shared Read Blocks": 4,
                            "Shared Dirtied Blocks": 0,
                            "Shared Written Blocks": 0,
                            "Local Hit Blocks": 0,
                            "Local Read Blocks": 0,
                            "Local Dirtied Blocks": 0,
                            "Local Written Blocks": 0,
                            "Temp Read Blocks": 4395,
                            "Temp Written Blocks": 0,
                            "Plans": [
                              {
                                "Node Type": "Hash Join",
                                "Parent Relationship": "Outer",
                                "Parallel Aware": false,
                                "Async Capable": false,
                                "Join Type": "Inner",
                                "Startup Cost": 39.59,
                                "Total Cost": 3478.38,
                                "Plan Rows": 1010,
                                "Plan Width": 245,
                                "Actual Startup Time": 1295.49,
                                "Actual Total Time": 1879.3,
                                "Actual Rows": 4380,
                                "Actual Loops": 1,
                                "Output": [
                                  "wss_1.sun_sales",
                                  "wss_1.mon_sales",
                                  "wss_1.tue_sales",
                                  "wss_1.wed_sales",
                                  "wss_1.thu_sales",
                                  "wss_1.fri_sales",
                                  "wss_1.sat_sales",
                                  "wss_1.d_week_seq",
                                  "store_1.s_store_id"
                                ],
                                "Inner Unique": false,
                                "Hash Cond": "(wss_1.d_week_seq = d_1.d_week_seq)",
                                "Shared Hit Blocks": 15,
                                "Shared Read Blocks": 1,
                                "Shared Dirtied Blocks": 0,
                                "Shared Written Blocks": 0,
                                "Local Hit Blocks": 0,
                                "Local Read Blocks": 0,
                                "Local Dirtied Blocks": 0,
                                "Local Written Blocks": 0,
                                "Temp Read Blocks": 4395,
                                "Temp Written Blocks": 0,
                                "Plans": [
                                  {
                                    "Node Type": "Hash Join",
                                    "Parent Relationship": "Outer",
                                    "Parallel Aware": false,
                                    "Async Capable": false,
                                    "Join Type": "Inner",
                                    "Startup Cost": 7.53,
                                    "Total Cost": 3133.82,
                                    "Plan Rows": 26879,
                                    "Plan Width": 245,
                                    "Actual Startup Time": 0.072,
                                    "Actual Total Time": 1877.954,
                                    "Actual Rows": 3552,
                                    "Actual Loops": 1,
                                    "Output": [
                                      "wss_1.sun_sales",
                                      "wss_1.mon_sales",
                                      "wss_1.tue_sales",
                                      "wss_1.wed_sales",
                                      "wss_1.thu_sales",
                                      "wss_1.fri_sales",
                                      "wss_1.sat_sales",
                                      "wss_1.d_week_seq",
                                      "store_1.s_store_id"
                                    ],
                                    "Inner Unique": true,
                                    "Hash Cond": "(wss_1.ss_store_sk = store_1.s_store_sk)",
                                    "Shared Hit Blocks": 5,
                                    "Shared Read Blocks": 0,
                                    "Shared Dirtied Blocks": 0,
                                    "Shared Written Blocks": 0,
                                    "Local Hit Blocks": 0,
                                    "Local Read Blocks": 0,
                                    "Local Dirtied Blocks": 0,
                                    "Local Written Blocks": 0,
                                    "Temp Read Blocks": 4395,
                                    "Temp Written Blocks": 0,
                                    "Plans": [
                                      {
                                        "Node Type": "CTE Scan",
                                        "Parent Relationship": "Outer",
                                        "Parallel Aware": false,
                                        "Async Capable": false,
                                        "CTE Name": "wss",
                                        "Alias": "wss_1",
                                        "Startup Cost": 0.0,
                                        "Total Cost": 2756.8,
                                        "Plan Rows": 137840,
                                        "Plan Width": 232,
                                        "Actual Startup Time": 0.002,
                                        "Actual Total Time": 1874.988,
                                        "Actual Rows": 9176,
                                        "Actual Loops": 1,
                                        "Output": [
                                          "wss_1.d_week_seq",
                                          "wss_1.ss_store_sk",
                                          "wss_1.sun_sales",
                                          "wss_1.mon_sales",
                                          "wss_1.tue_sales",
                                          "wss_1.wed_sales",
                                          "wss_1.thu_sales",
                                          "wss_1.fri_sales",
                                          "wss_1.sat_sales"
                                        ],
                                        "Shared Hit Blocks": 0,
                                        "Shared Read Blocks": 0,
                                        "Shared Dirtied Blocks": 0,
                                        "Shared Written Blocks": 0,
                                        "Local Hit Blocks": 0,
                                        "Local Read Blocks": 0,
                                        "Local Dirtied Blocks": 0,
                                        "Local Written Blocks": 0,
                                        "Temp Read Blocks": 4395,
                                        "Temp Written Blocks": 0
                                      },
                                      {
                                        "Node Type": "Hash",
                                        "Parent Relationship": "Inner",
                                        "Parallel Aware": false,
                                        "Async Capable": false,
                                        "Startup Cost": 7.04,
                                        "Total Cost": 7.04,
                                        "Plan Rows": 39,
                                        "Plan Width": 21,
                                        "Actual Startup Time": 0.052,
                                        "Actual Total Time": 0.054,
                                        "Actual Rows": 38,
                                        "Actual Loops": 1,
                                        "Output": [
                                          "store_1.s_store_sk",
                                          "store_1.s_store_id"
                                        ],
                                        "Hash Buckets": 1024,
                                        "Original Hash Buckets": 1024,
                                        "Hash Batches": 1,
                                        "Original Hash Batches": 1,
                                        "Peak Memory Usage": 10,
                                        "Shared Hit Blocks": 5,
                                        "Shared Read Blocks": 0,
                                        "Shared Dirtied Blocks": 0,
                                        "Shared Written Blocks": 0,
                                        "Local Hit Blocks": 0,
                                        "Local Read Blocks": 0,
                                        "Local Dirtied Blocks": 0,
                                        "Local Written Blocks": 0,
                                        "Temp Read Blocks": 0,
                                        "Temp Written Blocks": 0,
                                        "Plans": [
                                          {
                                            "Node Type": "Seq Scan",
                                            "Parent Relationship": "Outer",
                                            "Parallel Aware": false,
                                            "Async Capable": false,
                                            "Relation Name": "store",
                                            "Schema": "public",
                                            "Alias": "store_1",
                                            "Startup Cost": 0.0,
                                            "Total Cost": 7.04,
                                            "Plan Rows": 39,
                                            "Plan Width": 21,
                                            "Actual Startup Time": 0.022,
                                            "Actual Total Time": 0.046,
                                            "Actual Rows": 38,
                                            "Actual Loops": 1,
                                            "Output": [
                                              "store_1.s_store_sk",
                                              "store_1.s_store_id"
                                            ],
                                            "Filter": "(store_1.s_state = ANY ('{GA,IA,LA,MO,SD,TN,TX,VA}'::bpchar[]))",
                                            "Rows Removed by Filter": 64,
                                            "Shared Hit Blocks": 5,
                                            "Shared Read Blocks": 0,
                                            "Shared Dirtied Blocks": 0,
                                            "Shared Written Blocks": 0,
                                            "Local Hit Blocks": 0,
                                            "Local Read Blocks": 0,
                                            "Local Dirtied Blocks": 0,
                                            "Local Written Blocks": 0,
                                            "Temp Read Blocks": 0,
                                            "Temp Written Blocks": 0
                                          }
                                        ]
                                      }
                                    ]
                                  },
                                  {
                                    "Node Type": "Hash",
                                    "Parent Relationship": "Inner",
                                    "Parallel Aware": false,
                                    "Async Capable": false,
                                    "Startup Cost": 27.15,
                                    "Total Cost": 27.15,
                                    "Plan Rows": 393,
                                    "Plan Width": 4,
                                    "Actual Startup Time": 0.357,
                                    "Actual Total Time": 0.358,
                                    "Actual Rows": 365,
                                    "Actual Loops": 1,
                                    "Output": [
                                      "d_1.d_week_seq"
                                    ],
                                    "Hash Buckets": 1024,
                                    "Original Hash Buckets": 1024,
                                    "Hash Batches": 1,
                                    "Original Hash Batches": 1,
                                    "Peak Memory Usage": 21,
                                    "Shared Hit Blocks": 10,
                                    "Shared Read Blocks": 1,
                                    "Shared Dirtied Blocks": 0,
                                    "Shared Written Blocks": 0,
                                    "Local Hit Blocks": 0,
                                    "Local Read Blocks": 0,
                                    "Local Dirtied Blocks": 0,
                                    "Local Written Blocks": 0,
                                    "Temp Read Blocks": 0,
                                    "Temp Written Blocks": 0,
                                    "Plans": [
                                      {
                                        "Node Type": "Index Scan",
                                        "Parent Relationship": "Outer",
                                        "Parallel Aware": false,
                                        "Async Capable": false,
                                        "Scan Direction": "Forward",
                                        "Index Name": "_dta_index_date_dim_6_661577395__k4_1",
                                        "Relation Name": "date_dim",
                                        "Schema": "public",
                                        "Alias": "d_1",
                                        "Startup Cost": 0.29,
                                        "Total Cost": 27.15,
                                        "Plan Rows": 393,
                                        "Plan Width": 4,
                                        "Actual Startup Time": 0.01,
                                        "Actual Total Time": 0.333,
                                        "Actual Rows": 365,
                                        "Actual Loops": 1,
                                        "Output": [
                                          "d_1.d_week_seq"
                                        ],
                                        "Index Cond": "((d_1.d_month_seq >= 1220) AND (d_1.d_month_seq <= 1231))",
                                        "Rows Removed by Index Recheck": 0,
                                        "Shared Hit Blocks": 10,
                                        "Shared Read Blocks": 1,
                                        "Shared Dirtied Blocks": 0,
                                        "Shared Written Blocks": 0,
                                        "Local Hit Blocks": 0,
                                        "Local Read Blocks": 0,
                                        "Local Dirtied Blocks": 0,
                                        "Local Written Blocks": 0,
                                        "Temp Read Blocks": 0,
                                        "Temp Written Blocks": 0
                                      }
                                    ]
                                  }
                                ]
                              },
                              {
                                "Node Type": "Hash",
                                "Parent Relationship": "Inner",
                                "Parallel Aware": false,
                                "Async Capable": false,
                                "Startup Cost": 27.15,
                                "Total Cost": 27.15,
                                "Plan Rows": 393,
                                "Plan Width": 4,
                                "Actual Startup Time": 2.727,
                                "Actual Total Time": 2.728,
                                "Actual Rows": 365,
                                "Actual Loops": 1,
                                "Output": [
                                  "d.d_week_seq"
                                ],
                                "Hash Buckets": 1024,
                                "Original Hash Buckets": 1024,
                                "Hash Batches": 1,
                                "Original Hash Batches": 1,
                                "Peak Memory Usage": 21,
                                "Shared Hit Blocks": 8,
                                "Shared Read Blocks": 3,
                                "Shared Dirtied Blocks": 0,
                                "Shared Written Blocks": 0,
                                "Local Hit Blocks": 0,
                                "Local Read Blocks": 0,
                                "Local Dirtied Blocks": 0,
                                "Local Written Blocks": 0,
                                "Temp Read Blocks": 0,
                                "Temp Written Blocks": 0,
                                "Plans": [
                                  {
                                    "Node Type": "Index Scan",
                                    "Parent Relationship": "Outer",
                                    "Parallel Aware": false,
                                    "Async Capable": false,
                                    "Scan Direction": "Forward",
                                    "Index Name": "_dta_index_date_dim_6_661577395__k4_1",
                                    "Relation Name": "date_dim",
                                    "Schema": "public",
                                    "Alias": "d",
                                    "Startup Cost": 0.29,
                                    "Total Cost": 27.15,
                                    "Plan Rows": 393,
                                    "Plan Width": 4,
                                    "Actual Startup Time": 2.043,
                                    "Actual Total Time": 2.696,
                                    "Actual Rows": 365,
                                    "Actual Loops": 1,
                                    "Output": [
                                      "d.d_week_seq"
                                    ],
                                    "Index Cond": "((d.d_month_seq >= 1208) AND (d.d_month_seq <= 1219))",
                                    "Rows Removed by Index Recheck": 0,
                                    "Shared Hit Blocks": 8,
                                    "Shared Read Blocks": 3,
                                    "Shared Dirtied Blocks": 0,
                                    "Shared Written Blocks": 0,
                                    "Local Hit Blocks": 0,
                                    "Local Read Blocks": 0,
                                    "Local Dirtied Blocks": 0,
                                    "Local Written Blocks": 0,
                                    "Temp Read Blocks": 0,
                                    "Temp Written Blocks": 0
                                  }
                                ]
                              }
                            ]
                          }
                        ]
                      }
                    ]
                  },
                  {
                    "Node Type": "Hash",
                    "Parent Relationship": "Inner",
                    "Parallel Aware": false,
                    "Async Capable": false,
                    "Startup Cost": 7.04,
                    "Total Cost": 7.04,
                    "Plan Rows": 39,
                    "Plan Width": 25,
                    "Actual Startup Time": 1.291,
                    "Actual Total Time": 1.292,
                    "Actual Rows": 38,
                    "Actual Loops": 1,
                    "Output": [
                      "store.s_store_name",
                      "store.s_store_id",
                      "store.s_store_sk"
                    ],
                    "Hash Buckets": 1024,
                    "Original Hash Buckets": 1024,
                    "Hash Batches": 1,
                    "Original Hash Batches": 1,
                    "Peak Memory Usage": 11,
                    "Shared Hit Blocks": 0,
                    "Shared Read Blocks": 5,
                    "Shared Dirtied Blocks": 0,
                    "Shared Written Blocks": 0,
                    "Local Hit Blocks": 0,
                    "Local Read Blocks": 0,
                    "Local Dirtied Blocks": 0,
                    "Local Written Blocks": 0,
                    "Temp Read Blocks": 0,
                    "Temp Written Blocks": 0,
                    "Plans": [
                      {
                        "Node Type": "Seq Scan",
                        "Parent Relationship": "Outer",
                        "Parallel Aware": false,
                        "Async Capable": false,
                        "Relation Name": "store",
                        "Schema": "public",
                        "Alias": "store",
                        "Startup Cost": 0.0,
                        "Total Cost": 7.04,
                        "Plan Rows": 39,
                        "Plan Width": 25,
                        "Actual Startup Time": 0.355,
                        "Actual Total Time": 1.272,
                        "Actual Rows": 38,
                        "Actual Loops": 1,
                        "Output": [
                          "store.s_store_name",
                          "store.s_store_id",
                          "store.s_store_sk"
                        ],
                        "Filter": "(store.s_state = ANY ('{GA,IA,LA,MO,SD,TN,TX,VA}'::bpchar[]))",
                        "Rows Removed by Filter": 64,
                        "Shared Hit Blocks": 0,
                        "Shared Read Blocks": 5,
                        "Shared Dirtied Blocks": 0,
                        "Shared Written Blocks": 0,
                        "Local Hit Blocks": 0,
                        "Local Read Blocks": 0,
                        "Local Dirtied Blocks": 0,
                        "Local Written Blocks": 0,
                        "Temp Read Blocks": 0,
                        "Temp Written Blocks": 0
                      }
                    ]
                  }
                ]
              }
            ]
          }
        ]
      },
      "Planning": {
        "Shared Hit Blocks": 1,
        "Shared Read Blocks": 12,
        "Shared Dirtied Blocks": 0,
        "Shared Written Blocks": 0,
        "Local Hit Blocks": 0,
        "Local Read Blocks": 0,
        "Local Dirtied Blocks": 0,
        "Local Written Blocks": 0,
        "Temp Read Blocks": 0,
        "Temp Written Blocks": 0
      },
      "Planning Time": 2.764,
      "Triggers": [],
      "JIT": {
        "Functions": 96,
        "Options": {
          "Inlining": true,
          "Optimization": true,
          "Expressions": true,
          "Deforming": true
        },
        "Timing": {
          "Generation": 7.934,
          "Inlining": 132.875,
          "Optimization": 597.259,
          "Emission": 384.879,
          "Total": 1122.946
        }
      },
      "Execution Time": 40260.18
    }
  ],
  "original_sql": "with wss as\n (select d_week_seq,\n        ss_store_sk,\n        sum(case when (d_day_name='Sunday') then ss_sales_price else null end) sun_sales,\n        sum(case when (d_day_name='Monday') then ss_sales_price else null end) mon_sales,\n        sum(case when (d_day_name='Tuesday') then ss_sales_price else  null end) tue_sales,\n        sum(case when (d_day_name='Wednesday') then ss_sales_price else null end) wed_sales,\n        sum(case when (d_day_name='Thursday') then ss_sales_price else null end) thu_sales,\n        sum(case when (d_day_name='Friday') then ss_sales_price else null end) fri_sales,\n        sum(case when (d_day_name='Saturday') then ss_sales_price else null end) sat_sales\n from store_sales,date_dim\n where d_date_sk = ss_sold_date_sk\n and ss_sales_price / ss_list_price BETWEEN 11 * 0.01 AND 31 * 0.01\n group by d_week_seq,ss_store_sk\n )\n  select  s_store_name1,s_store_id1,d_week_seq1\n       ,sun_sales1/sun_sales2,mon_sales1/mon_sales2\n       ,tue_sales1/tue_sales2,wed_sales1/wed_sales2,thu_sales1/thu_sales2\n       ,fri_sales1/fri_sales2,sat_sales1/sat_sales2\n from\n (select s_store_name s_store_name1,wss.d_week_seq d_week_seq1\n        ,s_store_id s_store_id1,sun_sales sun_sales1\n        ,mon_sales mon_sales1,tue_sales tue_sales1\n        ,wed_sales wed_sales1,thu_sales thu_sales1\n        ,fri_sales fri_sales1,sat_sales sat_sales1\n  from wss,store,date_dim d\n  where d.d_week_seq = wss.d_week_seq and\n        ss_store_sk = s_store_sk and\n        d_month_seq between 1208 and 1208 + 11\n        and s_state in ('GA','IA','LA'\n                    ,'MO','SD','TN','TX','VA')\n        ) y,\n (select s_store_name s_store_name2,wss.d_week_seq d_week_seq2\n        ,s_store_id s_store_id2,sun_sales sun_sales2\n        ,mon_sales mon_sales2,tue_sales tue_sales2\n        ,wed_sales wed_sales2,thu_sales thu_sales2\n        ,fri_sales fri_sales2,sat_sales sat_sales2\n  from wss,store,date_dim d\n  where d.d_week_seq = wss.d_week_seq and\n        ss_store_sk = s_store_sk and\n        d_month_seq between 1208+ 12 and 1208 + 23\n        and s_state in ('GA','IA','LA'\n                    ,'MO','SD','TN','TX','VA')) x\n where s_store_id1=s_store_id2\n   and d_week_seq1=d_week_seq2-52\n order by s_store_name1,s_store_id1,d_week_seq1\nlimit 100"
}