{
  "query_id": "query101_agg",
  "engine": "postgresql",
  "benchmark": "dsb",
  "scale_factor": 10,
  "execution_time_ms": 121344.361,
  "planning_time_ms": 23.766,
  "plan_json": [
    {
      "Plan": {
        "Node Type": "Sort",
        "Parallel Aware": false,
        "Async Capable": false,
        "Startup Cost": 87221.09,
        "Total Cost": 87221.09,
        "Plan Rows": 1,
        "Plan Width": 64,
        "Actual Startup Time": 121337.918,
        "Actual Total Time": 121344.28,
        "Actual Rows": 0,
        "Actual Loops": 1,
        "Output": [
          "customer.c_customer_sk",
          "customer.c_first_name",
          "customer.c_last_name",
          "(count(*))"
        ],
        "Sort Key": [
          "(count(*))"
        ],
        "Sort Method": "quicksort",
        "Sort Space Used": 25,
        "Sort Space Type": "Memory",
        "Shared Hit Blocks": 2155154,
        "Shared Read Blocks": 1563168,
        "Shared Dirtied Blocks": 0,
        "Shared Written Blocks": 0,
        "Local Hit Blocks": 0,
        "Local Read Blocks": 0,
        "Local Dirtied Blocks": 0,
        "Local Written Blocks": 0,
        "Temp Read Blocks": 0,
        "Temp Written Blocks": 0,
        "Plans": [
          {
            "Node Type": "Aggregate",
            "Strategy": "Sorted",
            "Partial Mode": "Simple",
            "Parent Relationship": "Outer",
            "Parallel Aware": false,
            "Async Capable": false,
            "Startup Cost": 87221.06,
            "Total Cost": 87221.08,
            "Plan Rows": 1,
            "Plan Width": 64,
            "Actual Startup Time": 121337.914,
            "Actual Total Time": 121344.275,
            "Actual Rows": 0,
            "Actual Loops": 1,
            "Output": [
              "customer.c_customer_sk",
              "customer.c_first_name",
              "customer.c_last_name",
              "count(*)"
            ],
            "Group Key": [
              "customer.c_customer_sk"
            ],
            "Shared Hit Blocks": 2155154,
            "Shared Read Blocks": 1563168,
            "Shared Dirtied Blocks": 0,
            "Shared Written Blocks": 0,
            "Local Hit Blocks": 0,
            "Local Read Blocks": 0,
            "Local Dirtied Blocks": 0,
            "Local Written Blocks": 0,
            "Temp Read Blocks": 0,
            "Temp Written Blocks": 0,
            "Plans": [
              {
                "Node Type": "Sort",
                "Parent Relationship": "Outer",
                "Parallel Aware": false,
                "Async Capable": false,
                "Startup Cost": 87221.06,
                "Total Cost": 87221.06,
                "Plan Rows": 1,
                "Plan Width": 56,
                "Actual Startup Time": 121337.912,
                "Actual Total Time": 121344.273,
                "Actual Rows": 0,
                "Actual Loops": 1,
                "Output": [
                  "customer.c_customer_sk",
                  "customer.c_first_name",
                  "customer.c_last_name"
                ],
                "Sort Key": [
                  "customer.c_customer_sk"
                ],
                "Sort Method": "quicksort",
                "Sort Space Used": 25,
                "Sort Space Type": "Memory",
                "Shared Hit Blocks": 2155154,
                "Shared Read Blocks": 1563168,
                "Shared Dirtied Blocks": 0,
                "Shared Written Blocks": 0,
                "Local Hit Blocks": 0,
                "Local Read Blocks": 0,
                "Local Dirtied Blocks": 0,
                "Local Written Blocks": 0,
                "Temp Read Blocks": 0,
                "Temp Written Blocks": 0,
                "Plans": [
                  {
                    "Node Type": "Nested Loop",
                    "Parent Relationship": "Outer",
                    "Parallel Aware": false,
                    "Async Capable": false,
                    "Join Type": "Inner",
                    "Startup Cost": 4245.15,
                    "Total Cost": 87221.05,
                    "Plan Rows": 1,
                    "Plan Width": 56,
                    "Actual Startup Time": 121337.908,
                    "Actual Total Time": 121344.27,
                    "Actual Rows": 0,
                    "Actual Loops": 1,
                    "Output": [
                      "customer.c_customer_sk",
                      "customer.c_first_name",
                      "customer.c_last_name"
                    ],
                    "Inner Unique": true,
                    "Shared Hit Blocks": 2155154,
                    "Shared Read Blocks": 1563168,
                    "Shared Dirtied Blocks": 0,
                    "Shared Written Blocks": 0,
                    "Local Hit Blocks": 0,
                    "Local Read Blocks": 0,
                    "Local Dirtied Blocks": 0,
                    "Local Written Blocks": 0,
                    "Temp Read Blocks": 0,
                    "Temp Written Blocks": 0,
                    "Plans": [
                      {
                        "Node Type": "Nested Loop",
                        "Parent Relationship": "Outer",
                        "Parallel Aware": false,
                        "Async Capable": false,
                        "Join Type": "Inner",
                        "Startup Cost": 4244.73,
                        "Total Cost": 87217.54,
                        "Plan Rows": 1,
                        "Plan Width": 60,
                        "Actual Startup Time": 121337.907,
                        "Actual Total Time": 121344.268,
                        "Actual Rows": 0,
                        "Actual Loops": 1,
                        "Output": [
                          "customer.c_customer_sk",
                          "customer.c_first_name",
                          "customer.c_last_name",
                          "customer.c_current_addr_sk"
                        ],
                        "Inner Unique": true,
                        "Join Filter": "((d2.d_date >= d1.d_date) AND (d2.d_date <= (d1.d_date + '90 days'::interval)))",
                        "Rows Removed by Join Filter": 1,
                        "Shared Hit Blocks": 2155154,
                        "Shared Read Blocks": 1563168,
                        "Shared Dirtied Blocks": 0,
                        "Shared Written Blocks": 0,
                        "Local Hit Blocks": 0,
                        "Local Read Blocks": 0,
                        "Local Dirtied Blocks": 0,
                        "Local Written Blocks": 0,
                        "Temp Read Blocks": 0,
                        "Temp Written Blocks": 0,
                        "Plans": [
                          {
                            "Node Type": "Gather",
                            "Parent Relationship": "Outer",
                            "Parallel Aware": false,
                            "Async Capable": false,
                            "Startup Cost": 4244.43,
                            "Total Cost": 87214.17,
                            "Plan Rows": 1,
                            "Plan Width": 68,
                            "Actual Startup Time": 27739.84,
                            "Actual Total Time": 121343.954,
                            "Actual Rows": 1,
                            "Actual Loops": 1,
                            "Output": [
                              "web_sales.ws_sold_date_sk",
                              "d1.d_date",
                              "customer.c_customer_sk",
                              "customer.c_first_name",
                              "customer.c_last_name",
                              "customer.c_current_addr_sk"
                            ],
                            "Workers Planned": 2,
                            "Workers Launched": 2,
                            "Single Copy": false,
                            "Shared Hit Blocks": 2155154,
                            "Shared Read Blocks": 1563165,
                            "Shared Dirtied Blocks": 0,
                            "Shared Written Blocks": 0,
                            "Local Hit Blocks": 0,
                            "Local Read Blocks": 0,
                            "Local Dirtied Blocks": 0,
                            "Local Written Blocks": 0,
                            "Temp Read Blocks": 0,
                            "Temp Written Blocks": 0,
                            "Plans": [
                              {
                                "Node Type": "Nested Loop",
                                "Parent Relationship": "Outer",
                                "Parallel Aware": false,
                                "Async Capable": false,
                                "Join Type": "Inner",
                                "Startup Cost": 3244.43,
                                "Total Cost": 86214.07,
                                "Plan Rows": 1,
                                "Plan Width": 68,
                                "Actual Startup Time": 49704.041,
                                "Actual Total Time": 49881.678,
                                "Actual Rows": 0,
                                "Actual Loops": 3,
                                "Output": [
                                  "web_sales.ws_sold_date_sk",
                                  "d1.d_date",
                                  "customer.c_customer_sk",
                                  "customer.c_first_name",
                                  "customer.c_last_name",
                                  "customer.c_current_addr_sk"
                                ],
                                "Inner Unique": false,
                                "Shared Hit Blocks": 2155154,
                                "Shared Read Blocks": 1563165,
                                "Shared Dirtied Blocks": 0,
                                "Shared Written Blocks": 0,
                                "Local Hit Blocks": 0,
                                "Local Read Blocks": 0,
                                "Local Dirtied Blocks": 0,
                                "Local Written Blocks": 0,
                                "Temp Read Blocks": 0,
                                "Temp Written Blocks": 0,
                                "Workers": [
                                  {
                                    "Worker Number": 0,
                                    "Actual Startup Time": 121291.797,
                                    "Actual Total Time": 121291.801,
                                    "Actual Rows": 0,
                                    "Actual Loops": 1,
                                    "Shared Hit Blocks": 1776570,
                                    "Shared Read Blocks": 1317119,
                                    "Shared Dirtied Blocks": 0,
                                    "Shared Written Blocks": 0,
                                    "Local Hit Blocks": 0,
                                    "Local Read Blocks": 0,
                                    "Local Dirtied Blocks": 0,
                                    "Local Written Blocks": 0,
                                    "Temp Read Blocks": 0,
                                    "Temp Written Blocks": 0
                                  },
                                  {
                                    "Worker Number": 1,
                                    "Actual Startup Time": 27161.015,
                                    "Actual Total Time": 27693.913,
                                    "Actual Rows": 1,
                                    "Actual Loops": 1,
                                    "Shared Hit Blocks": 378546,
                                    "Shared Read Blocks": 244595,
                                    "Shared Dirtied Blocks": 0,
                                    "Shared Written Blocks": 0,
                                    "Local Hit Blocks": 0,
                                    "Local Read Blocks": 0,
                                    "Local Dirtied Blocks": 0,
                                    "Local Written Blocks": 0,
                                    "Temp Read Blocks": 0,
                                    "Temp Written Blocks": 0
                                  }
                                ],
                                "Plans": [
                                  {
                                    "Node Type": "Nested Loop",
                                    "Parent Relationship": "Outer",
                                    "Parallel Aware": false,
                                    "Async Capable": false,
                                    "Join Type": "Inner",
                                    "Startup Cost": 3238.37,
                                    "Total Cost": 85724.8,
                                    "Plan Rows": 1,
                                    "Plan Width": 80,
                                    "Actual Startup Time": 667.26,
                                    "Actual Total Time": 41809.291,
                                    "Actual Rows": 1259,
                                    "Actual Loops": 3,
                                    "Output": [
                                      "store_sales.ss_customer_sk",
                                      "store_sales.ss_item_sk",
                                      "store_returns.sr_item_sk",
                                      "d1.d_date",
                                      "item.i_item_sk",
                                      "customer.c_customer_sk",
                                      "customer.c_first_name",
                                      "customer.c_last_name",
                                      "customer.c_current_addr_sk"
                                    ],
                                    "Inner Unique": true,
                                    "Shared Hit Blocks": 2088514,
                                    "Shared Read Blocks": 1312296,
                                    "Shared Dirtied Blocks": 0,
                                    "Shared Written Blocks": 0,
                                    "Local Hit Blocks": 0,
                                    "Local Read Blocks": 0,
                                    "Local Dirtied Blocks": 0,
                                    "Local Written Blocks": 0,
                                    "Temp Read Blocks": 0,
                                    "Temp Written Blocks": 0,
                                    "Workers": [
                                      {
                                        "Worker Number": 0,
                                        "Actual Startup Time": 676.59,
                                        "Actual Total Time": 99394.942,
                                        "Actual Rows": 3106,
                                        "Actual Loops": 1,
                                        "Shared Hit Blocks": 1721468,
                                        "Shared Read Blocks": 1081899,
                                        "Shared Dirtied Blocks": 0,
                                        "Shared Written Blocks": 0,
                                        "Local Hit Blocks": 0,
                                        "Local Read Blocks": 0,
                                        "Local Dirtied Blocks": 0,
                                        "Local Written Blocks": 0,
                                        "Temp Read Blocks": 0,
                                        "Temp Written Blocks": 0
                                      },
                                      {
                                        "Worker Number": 1,
                                        "Actual Startup Time": 665.88,
                                        "Actual Total Time": 25373.61,
                                        "Actual Rows": 672,
                                        "Actual Loops": 1,
                                        "Shared Hit Blocks": 367008,
                                        "Shared Read Blocks": 228946,
                                        "Shared Dirtied Blocks": 0,
                                        "Shared Written Blocks": 0,
                                        "Local Hit Blocks": 0,
                                        "Local Read Blocks": 0,
                                        "Local Dirtied Blocks": 0,
                                        "Local Written Blocks": 0,
                                        "Temp Read Blocks": 0,
                                        "Temp Written Blocks": 0
                                      }
                                    ],
                                    "Plans": [
                                      {
                                        "Node Type": "Nested Loop",
                                        "Parent Relationship": "Outer",
                                        "Parallel Aware": false,
                                        "Async Capable": false,
                                        "Join Type": "Inner",
                                        "Startup Cost": 3238.08,
                                        "Total Cost": 85675.71,
                                        "Plan Rows": 15,
                                        "Plan Width": 84,
                                        "Actual Startup Time": 535.875,
                                        "Actual Total Time": 41677.91,
                                        "Actual Rows": 21917,
                                        "Actual Loops": 3,
                                        "Output": [
                                          "store_sales.ss_customer_sk",
                                          "store_sales.ss_item_sk",
                                          "store_returns.sr_item_sk",
                                          "d1.d_date",
                                          "item.i_item_sk",
                                          "customer.c_customer_sk",
                                          "customer.c_first_name",
                                          "customer.c_last_name",
                                          "customer.c_current_addr_sk",
                                          "customer.c_current_hdemo_sk"
                                        ],
                                        "Inner Unique": true,
                                        "Shared Hit Blocks": 1898526,
                                        "Shared Read Blocks": 1312151,
                                        "Shared Dirtied Blocks": 0,
                                        "Shared Written Blocks": 0,
                                        "Local Hit Blocks": 0,
                                        "Local Read Blocks": 0,
                                        "Local Dirtied Blocks": 0,
                                        "Local Written Blocks": 0,
                                        "Temp Read Blocks": 0,
                                        "Temp Written Blocks": 0,
                                        "Workers": [
                                          {
                                            "Worker Number": 0,
                                            "Actual Startup Time": 497.293,
                                            "Actual Total Time": 99086.233,
                                            "Actual Rows": 54282,
                                            "Actual Loops": 1,
                                            "Shared Hit Blocks": 1564684,
                                            "Shared Read Blocks": 1081785,
                                            "Shared Dirtied Blocks": 0,
                                            "Shared Written Blocks": 0,
                                            "Local Hit Blocks": 0,
                                            "Local Read Blocks": 0,
                                            "Local Dirtied Blocks": 0,
                                            "Local Written Blocks": 0,
                                            "Temp Read Blocks": 0,
                                            "Temp Written Blocks": 0
                                          },
                                          {
                                            "Worker Number": 1,
                                            "Actual Startup Time": 451.021,
                                            "Actual Total Time": 25288.179,
                                            "Actual Rows": 11468,
                                            "Actual Loops": 1,
                                            "Shared Hit Blocks": 333804,
                                            "Shared Read Blocks": 228915,
                                            "Shared Dirtied Blocks": 0,
                                            "Shared Written Blocks": 0,
                                            "Local Hit Blocks": 0,
                                            "Local Read Blocks": 0,
                                            "Local Dirtied Blocks": 0,
                                            "Local Written Blocks": 0,
                                            "Temp Read Blocks": 0,
                                            "Temp Written Blocks": 0
                                          }
                                        ],
                                        "Plans": [
                                          {
                                            "Node Type": "Nested Loop",
                                            "Parent Relationship": "Outer",
                                            "Parallel Aware": false,
                                            "Async Capable": false,
                                            "Join Type": "Inner",
                                            "Startup Cost": 3237.66,
                                            "Total Cost": 85617.89,
                                            "Plan Rows": 16,
                                            "Plan Width": 20,
                                            "Actual Startup Time": 534.395,
                                            "Actual Total Time": 38431.146,
                                            "Actual Rows": 22194,
                                            "Actual Loops": 3,
                                            "Output": [
                                              "store_sales.ss_customer_sk",
                                              "store_sales.ss_item_sk",
                                              "store_returns.sr_item_sk",
                                              "d1.d_date",
                                              "item.i_item_sk"
                                            ],
                                            "Inner Unique": true,
                                            "Shared Hit Blocks": 1739244,
                                            "Shared Read Blocks": 1208431,
                                            "Shared Dirtied Blocks": 0,
                                            "Shared Written Blocks": 0,
                                            "Local Hit Blocks": 0,
                                            "Local Read Blocks": 0,
                                            "Local Dirtied Blocks": 0,
                                            "Local Written Blocks": 0,
                                            "Temp Read Blocks": 0,
                                            "Temp Written Blocks": 0,
                                            "Workers": [
                                              {
                                                "Worker Number": 0,
                                                "Actual Startup Time": 494.084,
                                                "Actual Total Time": 91259.052,
                                                "Actual Rows": 54966,
                                                "Actual Loops": 1,
                                                "Shared Hit Blocks": 1433413,
                                                "Shared Read Blocks": 995927,
                                                "Shared Dirtied Blocks": 0,
                                                "Shared Written Blocks": 0,
                                                "Local Hit Blocks": 0,
                                                "Local Read Blocks": 0,
                                                "Local Dirtied Blocks": 0,
                                                "Local Written Blocks": 0,
                                                "Temp Read Blocks": 0,
                                                "Temp Written Blocks": 0
                                              },
                                              {
                                                "Worker Number": 1,
                                                "Actual Startup Time": 449.79,
                                                "Actual Total Time": 23375.067,
                                                "Actual Rows": 11615,
                                                "Actual Loops": 1,
                                                "Shared Hit Blocks": 305793,
                                                "Shared Read Blocks": 211053,
                                                "Shared Dirtied Blocks": 0,
                                                "Shared Written Blocks": 0,
                                                "Local Hit Blocks": 0,
                                                "Local Read Blocks": 0,
                                                "Local Dirtied Blocks": 0,
                                                "Local Written Blocks": 0,
                                                "Temp Read Blocks": 0,
                                                "Temp Written Blocks": 0
                                              }
                                            ],
                                            "Plans": [
                                              {
                                                "Node Type": "Hash Join",
                                                "Parent Relationship": "Outer",
                                                "Parallel Aware": true,
                                                "Async Capable": false,
                                                "Join Type": "Inner",
                                                "Startup Cost": 3237.22,
                                                "Total Cost": 63028.97,
                                                "Plan Rows": 5629,
                                                "Plan Width": 16,
                                                "Actual Startup Time": 517.98,
                                                "Actual Total Time": 15628.255,
                                                "Actual Rows": 161829,
                                                "Actual Loops": 3,
                                                "Output": [
                                                  "store_returns.sr_ticket_number",
                                                  "store_returns.sr_item_sk",
                                                  "d1.d_date",
                                                  "item.i_item_sk"
                                                ],
                                                "Inner Unique": true,
                                                "Hash Cond": "(store_returns.sr_item_sk = item.i_item_sk)",
                                                "Shared Hit Blocks": 507805,
                                                "Shared Read Blocks": 497924,
                                                "Shared Dirtied Blocks": 0,
                                                "Shared Written Blocks": 0,
                                                "Local Hit Blocks": 0,
                                                "Local Read Blocks": 0,
                                                "Local Dirtied Blocks": 0,
                                                "Local Written Blocks": 0,
                                                "Temp Read Blocks": 0,
                                                "Temp Written Blocks": 0,
                                                "Workers": [
                                                  {
                                                    "Worker Number": 0,
                                                    "Actual Startup Time": 447.468,
                                                    "Actual Total Time": 36636.233,
                                                    "Actual Rows": 400484,
                                                    "Actual Loops": 1,
                                                    "Shared Hit Blocks": 417803,
                                                    "Shared Read Blocks": 409600,
                                                    "Shared Dirtied Blocks": 0,
                                                    "Shared Written Blocks": 0,
                                                    "Local Hit Blocks": 0,
                                                    "Local Read Blocks": 0,
                                                    "Local Dirtied Blocks": 0,
                                                    "Local Written Blocks": 0,
                                                    "Temp Read Blocks": 0,
                                                    "Temp Written Blocks": 0
                                                  },
                                                  {
                                                    "Worker Number": 1,
                                                    "Actual Startup Time": 447.163,
                                                    "Actual Total Time": 9589.216,
                                                    "Actual Rows": 85002,
                                                    "Actual Loops": 1,
                                                    "Shared Hit Blocks": 89964,
                                                    "Shared Read Blocks": 86873,
                                                    "Shared Dirtied Blocks": 0,
                                                    "Shared Written Blocks": 0,
                                                    "Local Hit Blocks": 0,
                                                    "Local Read Blocks": 0,
                                                    "Local Dirtied Blocks": 0,
                                                    "Local Written Blocks": 0,
                                                    "Temp Read Blocks": 0,
                                                    "Temp Written Blocks": 0
                                                  }
                                                ],
                                                "Plans": [
                                                  {
                                                    "Node Type": "Nested Loop",
                                                    "Parent Relationship": "Outer",
                                                    "Parallel Aware": false,
                                                    "Async Capable": false,
                                                    "Join Type": "Inner",
                                                    "Startup Cost": 0.72,
                                                    "Total Cost": 59754.47,
                                                    "Plan Rows": 14476,
                                                    "Plan Width": 12,
                                                    "Actual Startup Time": 444.212,
                                                    "Actual Total Time": 15269.958,
                                                    "Actual Rows": 389199,
                                                    "Actual Loops": 3,
                                                    "Output": [
                                                      "store_returns.sr_ticket_number",
                                                      "store_returns.sr_item_sk",
                                                      "d1.d_date"
                                                    ],
                                                    "Inner Unique": false,
                                                    "Shared Hit Blocks": 507715,
                                                    "Shared Read Blocks": 497229,
                                                    "Shared Dirtied Blocks": 0,
                                                    "Shared Written Blocks": 0,
                                                    "Local Hit Blocks": 0,
                                                    "Local Read Blocks": 0,
                                                    "Local Dirtied Blocks": 0,
                                                    "Local Written Blocks": 0,
                                                    "Temp Read Blocks": 0,
                                                    "Temp Written Blocks": 0,
                                                    "Workers": [
                                                      {
                                                        "Worker Number": 0,
                                                        "Actual Startup Time": 388.509,
                                                        "Actual Total Time": 35894.826,
                                                        "Actual Rows": 962688,
                                                        "Actual Loops": 1,
                                                        "Shared Hit Blocks": 417756,
                                                        "Shared Read Blocks": 409450,
                                                        "Shared Dirtied Blocks": 0,
                                                        "Shared Written Blocks": 0,
                                                        "Local Hit Blocks": 0,
                                                        "Local Read Blocks": 0,
                                                        "Local Dirtied Blocks": 0,
                                                        "Local Written Blocks": 0,
                                                        "Temp Read Blocks": 0,
                                                        "Temp Written Blocks": 0
                                                      },
                                                      {
                                                        "Worker Number": 1,
                                                        "Actual Startup Time": 388.702,
                                                        "Actual Total Time": 9359.623,
                                                        "Actual Rows": 204908,
                                                        "Actual Loops": 1,
                                                        "Shared Hit Blocks": 89925,
                                                        "Shared Read Blocks": 86712,
                                                        "Shared Dirtied Blocks": 0,
                                                        "Shared Written Blocks": 0,
                                                        "Local Hit Blocks": 0,
                                                        "Local Read Blocks": 0,
                                                        "Local Dirtied Blocks": 0,
                                                        "Local Written Blocks": 0,
                                                        "Temp Read Blocks": 0,
                                                        "Temp Written Blocks": 0
                                                      }
                                                    ],
                                                    "Plans": [
                                                      {
                                                        "Node Type": "Index Scan",
                                                        "Parent Relationship": "Outer",
                                                        "Parallel Aware": true,
                                                        "Async Capable": false,
                                                        "Scan Direction": "Forward",
                                                        "Index Name": "date_dim_pkey",
                                                        "Relation Name": "date_dim",
                                                        "Schema": "public",
                                                        "Alias": "d1",
                                                        "Startup Cost": 0.29,
                                                        "Total Cost": 2981.0,
                                                        "Plan Rows": 152,
                                                        "Plan Width": 8,
                                                        "Actual Startup Time": 443.182,
                                                        "Actual Total Time": 443.631,
                                                        "Actual Rows": 122,
                                                        "Actual Loops": 3,
                                                        "Output": [
                                                          "d1.d_date_sk",
                                                          "d1.d_date_id",
                                                          "d1.d_date",
                                                          "d1.d_month_seq",
                                                          "d1.d_week_seq",
                                                          "d1.d_quarter_seq",
                                                          "d1.d_year",
                                                          "d1.d_dow",
                                                          "d1.d_moy",
                                                          "d1.d_dom",
                                                          "d1.d_qoy",
                                                          "d1.d_fy_year",
                                                          "d1.d_fy_quarter_seq",
                                                          "d1.d_fy_week_seq",
                                                          "d1.d_day_name",
                                                          "d1.d_quarter_name",
                                                          "d1.d_holiday",
                                                          "d1.d_weekend",
                                                          "d1.d_following_holiday",
                                                          "d1.d_first_dom",
                                                          "d1.d_last_dom",
                                                          "d1.d_same_day_ly",
                                                          "d1.d_same_day_lq",
                                                          "d1.d_current_day",
                                                          "d1.d_current_week",
                                                          "d1.d_current_month",
                                                          "d1.d_current_quarter",
                                                          "d1.d_current_year"
                                                        ],
                                                        "Filter": "(d1.d_year = 2000)",
                                                        "Rows Removed by Filter": 24228,
                                                        "Shared Hit Blocks": 96,
                                                        "Shared Read Blocks": 1608,
                                                        "Shared Dirtied Blocks": 0,
                                                        "Shared Written Blocks": 0,
                                                        "Local Hit Blocks": 0,
                                                        "Local Read Blocks": 0,
                                                        "Local Dirtied Blocks": 0,
                                                        "Local Written Blocks": 0,
                                                        "Temp Read Blocks": 0,
                                                        "Temp Written Blocks": 0,
                                                        "Workers": [
                                                          {
                                                            "Worker Number": 0,
                                                            "Actual Startup Time": 386.706,
                                                            "Actual Total Time": 387.837,
                                                            "Actual Rows": 289,
                                                            "Actual Loops": 1,
                                                            "Shared Hit Blocks": 32,
                                                            "Shared Read Blocks": 265,
                                                            "Shared Dirtied Blocks": 0,
                                                            "Shared Written Blocks": 0,
                                                            "Local Hit Blocks": 0,
                                                            "Local Read Blocks": 0,
                                                            "Local Dirtied Blocks": 0,
                                                            "Local Written Blocks": 0,
                                                            "Temp Read Blocks": 0,
                                                            "Temp Written Blocks": 0
                                                          },
                                                          {
                                                            "Worker Number": 1,
                                                            "Actual Startup Time": 387.418,
                                                            "Actual Total Time": 387.633,
                                                            "Actual Rows": 77,
                                                            "Actual Loops": 1,
                                                            "Shared Hit Blocks": 30,
                                                            "Shared Read Blocks": 276,
                                                            "Shared Dirtied Blocks": 0,
                                                            "Shared Written Blocks": 0,
                                                            "Local Hit Blocks": 0,
                                                            "Local Read Blocks": 0,
                                                            "Local Dirtied Blocks": 0,
                                                            "Local Written Blocks": 0,
                                                            "Temp Read Blocks": 0,
                                                            "Temp Written Blocks": 0
                                                          }
                                                        ]
                                                      },
                                                      {
                                                        "Node Type": "Index Only Scan",
                                                        "Parent Relationship": "Inner",
                                                        "Parallel Aware": false,
                                                        "Async Capable": false,
                                                        "Scan Direction": "Forward",
                                                        "Index Name": "_dta_index_store_returns_6_1013578649__k1_3_4_10",
                                                        "Relation Name": "store_returns",
                                                        "Schema": "public",
                                                        "Alias": "store_returns",
                                                        "Startup Cost": 0.43,
                                                        "Total Cost": 342.22,
                                                        "Plan Rows": 3129,
                                                        "Plan Width": 12,
                                                        "Actual Startup Time": 0.071,
                                                        "Actual Total Time": 120.643,
                                                        "Actual Rows": 3190,
                                                        "Actual Loops": 366,
                                                        "Output": [
                                                          "store_returns.sr_returned_date_sk",
                                                          "store_returns.sr_item_sk",
                                                          "store_returns.sr_customer_sk",
                                                          "store_returns.sr_ticket_number"
                                                        ],
                                                        "Index Cond": "(store_returns.sr_returned_date_sk = d1.d_date_sk)",
                                                        "Rows Removed by Index Recheck": 0,
                                                        "Heap Fetches": 1167596,
                                                        "Shared Hit Blocks": 507619,
                                                        "Shared Read Blocks": 495621,
                                                        "Shared Dirtied Blocks": 0,
                                                        "Shared Written Blocks": 0,
                                                        "Local Hit Blocks": 0,
                                                        "Local Read Blocks": 0,
                                                        "Local Dirtied Blocks": 0,
                                                        "Local Written Blocks": 0,
                                                        "Temp Read Blocks": 0,
                                                        "Temp Written Blocks": 0,
                                                        "Workers": [
                                                          {
                                                            "Worker Number": 0,
                                                            "Actual Startup Time": 0.064,
                                                            "Actual Total Time": 121.966,
                                                            "Actual Rows": 3331,
                                                            "Actual Loops": 289,
                                                            "Shared Hit Blocks": 417724,
                                                            "Shared Read Blocks": 409185,
                                                            "Shared Dirtied Blocks": 0,
                                                            "Shared Written Blocks": 0,
                                                            "Local Hit Blocks": 0,
                                                            "Local Read Blocks": 0,
                                                            "Local Dirtied Blocks": 0,
                                                            "Local Written Blocks": 0,
                                                            "Temp Read Blocks": 0,
                                                            "Temp Written Blocks": 0
                                                          },
                                                          {
                                                            "Worker Number": 1,
                                                            "Actual Startup Time": 0.097,
                                                            "Actual Total Time": 115.68,
                                                            "Actual Rows": 2661,
                                                            "Actual Loops": 77,
                                                            "Shared Hit Blocks": 89895,
                                                            "Shared Read Blocks": 86436,
                                                            "Shared Dirtied Blocks": 0,
                                                            "Shared Written Blocks": 0,
                                                            "Local Hit Blocks": 0,
                                                            "Local Read Blocks": 0,
                                                            "Local Dirtied Blocks": 0,
                                                            "Local Written Blocks": 0,
                                                            "Temp Read Blocks": 0,
                                                            "Temp Written Blocks": 0
                                                          }
                                                        ]
                                                      }
                                                    ]
                                                  },
                                                  {
                                                    "Node Type": "Hash",
                                                    "Parent Relationship": "Inner",
                                                    "Parallel Aware": true,
                                                    "Async Capable": false,
                                                    "Startup Cost": 3029.91,
                                                    "Total Cost": 3029.91,
                                                    "Plan Rows": 16527,
                                                    "Plan Width": 4,
                                                    "Actual Startup Time": 71.893,
                                                    "Actual Total Time": 71.894,
                                                    "Actual Rows": 13292,
                                                    "Actual Loops": 3,
                                                    "Output": [
                                                      "item.i_item_sk"
                                                    ],
                                                    "Hash Buckets": 65536,
                                                    "Original Hash Buckets": 65536,
                                                    "Hash Batches": 1,
                                                    "Original Hash Batches": 1,
                                                    "Peak Memory Usage": 2112,
                                                    "Shared Hit Blocks": 7,
                                                    "Shared Read Blocks": 684,
                                                    "Shared Dirtied Blocks": 0,
                                                    "Shared Written Blocks": 0,
                                                    "Local Hit Blocks": 0,
                                                    "Local Read Blocks": 0,
                                                    "Local Dirtied Blocks": 0,
                                                    "Local Written Blocks": 0,
                                                    "Temp Read Blocks": 0,
                                                    "Temp Written Blocks": 0,
                                                    "Workers": [
                                                      {
                                                        "Worker Number": 0,
                                                        "Actual Startup Time": 56.05,
                                                        "Actual Total Time": 56.05,
                                                        "Actual Rows": 8673,
                                                        "Actual Loops": 1,
                                                        "Shared Hit Blocks": 2,
                                                        "Shared Read Blocks": 148,
                                                        "Shared Dirtied Blocks": 0,
                                                        "Shared Written Blocks": 0,
                                                        "Local Hit Blocks": 0,
                                                        "Local Read Blocks": 0,
                                                        "Local Dirtied Blocks": 0,
                                                        "Local Written Blocks": 0,
                                                        "Temp Read Blocks": 0,
                                                        "Temp Written Blocks": 0
                                                      },
                                                      {
                                                        "Worker Number": 1,
                                                        "Actual Startup Time": 56.037,
                                                        "Actual Total Time": 56.037,
                                                        "Actual Rows": 8830,
                                                        "Actual Loops": 1,
                                                        "Shared Hit Blocks": 1,
                                                        "Shared Read Blocks": 152,
                                                        "Shared Dirtied Blocks": 0,
                                                        "Shared Written Blocks": 0,
                                                        "Local Hit Blocks": 0,
                                                        "Local Read Blocks": 0,
                                                        "Local Dirtied Blocks": 0,
                                                        "Local Written Blocks": 0,
                                                        "Temp Read Blocks": 0,
                                                        "Temp Written Blocks": 0
                                                      }
                                                    ],
                                                    "Plans": [
                                                      {
                                                        "Node Type": "Index Only Scan",
                                                        "Parent Relationship": "Outer",
                                                        "Parallel Aware": true,
                                                        "Async Capable": false,
                                                        "Scan Direction": "Forward",
                                                        "Index Name": "_dta_index_item_6_853578079__k13_k11_k1",
                                                        "Relation Name": "item",
                                                        "Schema": "public",
                                                        "Alias": "item",
                                                        "Startup Cost": 0.42,
                                                        "Total Cost": 3029.91,
                                                        "Plan Rows": 16527,
                                                        "Plan Width": 4,
                                                        "Actual Startup Time": 1.198,
                                                        "Actual Total Time": 68.943,
                                                        "Actual Rows": 13292,
                                                        "Actual Loops": 3,
                                                        "Output": [
                                                          "item.i_item_sk"
                                                        ],
                                                        "Index Cond": "(item.i_category = ANY ('{Children,Electronics,Women}'::bpchar[]))",
                                                        "Rows Removed by Index Recheck": 0,
                                                        "Heap Fetches": 0,
                                                        "Shared Hit Blocks": 7,
                                                        "Shared Read Blocks": 684,
                                                        "Shared Dirtied Blocks": 0,
                                                        "Shared Written Blocks": 0,
                                                        "Local Hit Blocks": 0,
                                                        "Local Read Blocks": 0,
                                                        "Local Dirtied Blocks": 0,
                                                        "Local Written Blocks": 0,
                                                        "Temp Read Blocks": 0,
                                                        "Temp Written Blocks": 0,
                                                        "Workers": [
                                                          {
                                                            "Worker Number": 0,
                                                            "Actual Startup Time": 0.919,
                                                            "Actual Total Time": 54.357,
                                                            "Actual Rows": 8673,
                                                            "Actual Loops": 1,
                                                            "Shared Hit Blocks": 2,
                                                            "Shared Read Blocks": 148,
                                                            "Shared Dirtied Blocks": 0,
                                                            "Shared Written Blocks": 0,
                                                            "Local Hit Blocks": 0,
                                                            "Local Read Blocks": 0,
                                                            "Local Dirtied Blocks": 0,
                                                            "Local Written Blocks": 0,
                                                            "Temp Read Blocks": 0,
                                                            "Temp Written Blocks": 0
                                                          },
                                                          {
                                                            "Worker Number": 1,
                                                            "Actual Startup Time": 0.526,
                                                            "Actual Total Time": 54.194,
                                                            "Actual Rows": 8830,
                                                            "Actual Loops": 1,
                                                            "Shared Hit Blocks": 1,
                                                            "Shared Read Blocks": 152,
                                                            "Shared Dirtied Blocks": 0,
                                                            "Shared Written Blocks": 0,
                                                            "Local Hit Blocks": 0,
                                                            "Local Read Blocks": 0,
                                                            "Local Dirtied Blocks": 0,
                                                            "Local Written Blocks": 0,
                                                            "Temp Read Blocks": 0,
                                                            "Temp Written Blocks": 0
                                                          }
                                                        ]
                                                      }
                                                    ]
                                                  }
                                                ]
                                              },
                                              {
                                                "Node Type": "Index Scan",
                                                "Parent Relationship": "Inner",
                                                "Parallel Aware": false,
                                                "Async Capable": false,
                                                "Scan Direction": "Forward",
                                                "Index Name": "_dta_index_store_sales_6_1333579789__k10_k3",
                                                "Relation Name": "store_sales",
                                                "Schema": "public",
                                                "Alias": "store_sales",
                                                "Startup Cost": 0.44,
                                                "Total Cost": 4.01,
                                                "Plan Rows": 1,
                                                "Plan Width": 12,
                                                "Actual Startup Time": 0.14,
                                                "Actual Total Time": 0.14,
                                                "Actual Rows": 0,
                                                "Actual Loops": 485486,
                                                "Output": [
                                                  "store_sales.ss_sold_date_sk",
                                                  "store_sales.ss_sold_time_sk",
                                                  "store_sales.ss_item_sk",
                                                  "store_sales.ss_customer_sk",
                                                  "store_sales.ss_cdemo_sk",
                                                  "store_sales.ss_hdemo_sk",
                                                  "store_sales.ss_addr_sk",
                                                  "store_sales.ss_store_sk",
                                                  "store_sales.ss_promo_sk",
                                                  "store_sales.ss_ticket_number",
                                                  "store_sales.ss_quantity",
                                                  "store_sales.ss_wholesale_cost",
                                                  "store_sales.ss_list_price",
                                                  "store_sales.ss_sales_price",
                                                  "store_sales.ss_ext_discount_amt",
                                                  "store_sales.ss_ext_sales_price",
                                                  "store_sales.ss_ext_wholesale_cost",
                                                  "store_sales.ss_ext_list_price",
                                                  "store_sales.ss_ext_tax",
                                                  "store_sales.ss_coupon_amt",
                                                  "store_sales.ss_net_paid",
                                                  "store_sales.ss_net_paid_inc_tax",
                                                  "store_sales.ss_net_profit"
                                                ],
                                                "Index Cond": "((store_sales.ss_ticket_number = store_returns.sr_ticket_number) AND (store_sales.ss_item_sk = store_returns.sr_item_sk))",
                                                "Rows Removed by Index Recheck": 0,
                                                "Filter": "(((store_sales.ss_sales_price / store_sales.ss_list_price) >= 0.34) AND ((store_sales.ss_sales_price / store_sales.ss_list_price) <= 0.54))",
                                                "Rows Removed by Filter": 1,
                                                "Shared Hit Blocks": 1231439,
                                                "Shared Read Blocks": 710507,
                                                "Shared Dirtied Blocks": 0,
                                                "Shared Written Blocks": 0,
                                                "Local Hit Blocks": 0,
                                                "Local Read Blocks": 0,
                                                "Local Dirtied Blocks": 0,
                                                "Local Written Blocks": 0,
                                                "Temp Read Blocks": 0,
                                                "Temp Written Blocks": 0,
                                                "Workers": [
                                                  {
                                                    "Worker Number": 0,
                                                    "Actual Startup Time": 0.135,
                                                    "Actual Total Time": 0.135,
                                                    "Actual Rows": 0,
                                                    "Actual Loops": 400484,
                                                    "Shared Hit Blocks": 1015610,
                                                    "Shared Read Blocks": 586327,
                                                    "Shared Dirtied Blocks": 0,
                                                    "Shared Written Blocks": 0,
                                                    "Local Hit Blocks": 0,
                                                    "Local Read Blocks": 0,
                                                    "Local Dirtied Blocks": 0,
                                                    "Local Written Blocks": 0,
                                                    "Temp Read Blocks": 0,
                                                    "Temp Written Blocks": 0
                                                  },
                                                  {
                                                    "Worker Number": 1,
                                                    "Actual Startup Time": 0.161,
                                                    "Actual Total Time": 0.161,
                                                    "Actual Rows": 0,
                                                    "Actual Loops": 85002,
                                                    "Shared Hit Blocks": 215829,
                                                    "Shared Read Blocks": 124180,
                                                    "Shared Dirtied Blocks": 0,
                                                    "Shared Written Blocks": 0,
                                                    "Local Hit Blocks": 0,
                                                    "Local Read Blocks": 0,
                                                    "Local Dirtied Blocks": 0,
                                                    "Local Written Blocks": 0,
                                                    "Temp Read Blocks": 0,
                                                    "Temp Written Blocks": 0
                                                  }
                                                ]
                                              }
                                            ]
                                          },
                                          {
                                            "Node Type": "Index Scan",
                                            "Parent Relationship": "Inner",
                                            "Parallel Aware": false,
                                            "Async Capable": false,
                                            "Scan Direction": "Forward",
                                            "Index Name": "_dta_index_customer_6_949578421__k1_k5",
                                            "Relation Name": "customer",
                                            "Schema": "public",
                                            "Alias": "customer",
                                            "Startup Cost": 0.42,
                                            "Total Cost": 3.61,
                                            "Plan Rows": 1,
                                            "Plan Width": 64,
                                            "Actual Startup Time": 0.144,
                                            "Actual Total Time": 0.144,
                                            "Actual Rows": 1,
                                            "Actual Loops": 66581,
                                            "Output": [
                                              "customer.c_customer_sk",
                                              "customer.c_customer_id",
                                              "customer.c_current_cdemo_sk",
                                              "customer.c_current_hdemo_sk",
                                              "customer.c_current_addr_sk",
                                              "customer.c_first_shipto_date_sk",
                                              "customer.c_first_sales_date_sk",
                                              "customer.c_salutation",
                                              "customer.c_first_name",
                                              "customer.c_last_name",
                                              "customer.c_preferred_cust_flag",
                                              "customer.c_birth_day",
                                              "customer.c_birth_month",
                                              "customer.c_birth_year",
                                              "customer.c_birth_country",
                                              "customer.c_login",
                                              "customer.c_email_address",
                                              "customer.c_last_review_date_sk"
                                            ],
                                            "Index Cond": "(customer.c_customer_sk = store_sales.ss_customer_sk)",
                                            "Rows Removed by Index Recheck": 0,
                                            "Shared Hit Blocks": 159282,
                                            "Shared Read Blocks": 103720,
                                            "Shared Dirtied Blocks": 0,
                                            "Shared Written Blocks": 0,
                                            "Local Hit Blocks": 0,
                                            "Local Read Blocks": 0,
                                            "Local Dirtied Blocks": 0,
                                            "Local Written Blocks": 0,
                                            "Temp Read Blocks": 0,
                                            "Temp Written Blocks": 0,
                                            "Workers": [
                                              {
                                                "Worker Number": 0,
                                                "Actual Startup Time": 0.14,
                                                "Actual Total Time": 0.14,
                                                "Actual Rows": 1,
                                                "Actual Loops": 54966,
                                                "Shared Hit Blocks": 131271,
                                                "Shared Read Blocks": 85858,
                                                "Shared Dirtied Blocks": 0,
                                                "Shared Written Blocks": 0,
                                                "Local Hit Blocks": 0,
                                                "Local Read Blocks": 0,
                                                "Local Dirtied Blocks": 0,
                                                "Local Written Blocks": 0,
                                                "Temp Read Blocks": 0,
                                                "Temp Written Blocks": 0
                                              },
                                              {
                                                "Worker Number": 1,
                                                "Actual Startup Time": 0.162,
                                                "Actual Total Time": 0.162,
                                                "Actual Rows": 1,
                                                "Actual Loops": 11615,
                                                "Shared Hit Blocks": 28011,
                                                "Shared Read Blocks": 17862,
                                                "Shared Dirtied Blocks": 0,
                                                "Shared Written Blocks": 0,
                                                "Local Hit Blocks": 0,
                                                "Local Read Blocks": 0,
                                                "Local Dirtied Blocks": 0,
                                                "Local Written Blocks": 0,
                                                "Temp Read Blocks": 0,
                                                "Temp Written Blocks": 0
                                              }
                                            ]
                                          }
                                        ]
                                      },
                                      {
                                        "Node Type": "Index Scan",
                                        "Parent Relationship": "Inner",
                                        "Parallel Aware": false,
                                        "Async Capable": false,
                                        "Scan Direction": "Forward",
                                        "Index Name": "household_demographics_pkey",
                                        "Relation Name": "household_demographics",
                                        "Schema": "public",
                                        "Alias": "household_demographics",
                                        "Startup Cost": 0.28,
                                        "Total Cost": 3.27,
                                        "Plan Rows": 1,
                                        "Plan Width": 4,
                                        "Actual Startup Time": 0.005,
                                        "Actual Total Time": 0.005,
                                        "Actual Rows": 0,
                                        "Actual Loops": 65750,
                                        "Output": [
                                          "household_demographics.hd_demo_sk",
                                          "household_demographics.hd_income_band_sk",
                                          "household_demographics.hd_buy_potential",
                                          "household_demographics.hd_dep_count",
                                          "household_demographics.hd_vehicle_count"
                                        ],
                                        "Index Cond": "(household_demographics.hd_demo_sk = customer.c_current_hdemo_sk)",
                                        "Rows Removed by Index Recheck": 0,
                                        "Filter": "((household_demographics.hd_income_band_sk >= 12) AND (household_demographics.hd_income_band_sk <= 18) AND (household_demographics.hd_buy_potential = '0-500'::bpchar))",
                                        "Rows Removed by Filter": 1,
                                        "Shared Hit Blocks": 189988,
                                        "Shared Read Blocks": 145,
                                        "Shared Dirtied Blocks": 0,
                                        "Shared Written Blocks": 0,
                                        "Local Hit Blocks": 0,
                                        "Local Read Blocks": 0,
                                        "Local Dirtied Blocks": 0,
                                        "Local Written Blocks": 0,
                                        "Temp Read Blocks": 0,
                                        "Temp Written Blocks": 0,
                                        "Workers": [
                                          {
                                            "Worker Number": 0,
                                            "Actual Startup Time": 0.005,
                                            "Actual Total Time": 0.005,
                                            "Actual Rows": 0,
                                            "Actual Loops": 54282,
                                            "Shared Hit Blocks": 156784,
                                            "Shared Read Blocks": 114,
                                            "Shared Dirtied Blocks": 0,
                                            "Shared Written Blocks": 0,
                                            "Local Hit Blocks": 0,
                                            "Local Read Blocks": 0,
                                            "Local Dirtied Blocks": 0,
                                            "Local Written Blocks": 0,
                                            "Temp Read Blocks": 0,
                                            "Temp Written Blocks": 0
                                          },
                                          {
                                            "Worker Number": 1,
                                            "Actual Startup Time": 0.006,
                                            "Actual Total Time": 0.006,
                                            "Actual Rows": 0,
                                            "Actual Loops": 11468,
                                            "Shared Hit Blocks": 33204,
                                            "Shared Read Blocks": 31,
                                            "Shared Dirtied Blocks": 0,
                                            "Shared Written Blocks": 0,
                                            "Local Hit Blocks": 0,
                                            "Local Read Blocks": 0,
                                            "Local Dirtied Blocks": 0,
                                            "Local Written Blocks": 0,
                                            "Temp Read Blocks": 0,
                                            "Temp Written Blocks": 0
                                          }
                                        ]
                                      }
                                    ]
                                  },
                                  {
                                    "Node Type": "Bitmap Heap Scan",
                                    "Parent Relationship": "Inner",
                                    "Parallel Aware": false,
                                    "Async Capable": false,
                                    "Relation Name": "web_sales",
                                    "Schema": "public",
                                    "Alias": "web_sales",
                                    "Startup Cost": 6.07,
                                    "Total Cost": 489.25,
                                    "Plan Rows": 1,
                                    "Plan Width": 12,
                                    "Actual Startup Time": 6.404,
                                    "Actual Total Time": 6.405,
                                    "Actual Rows": 0,
                                    "Actual Loops": 3778,
                                    "Output": [
                                      "web_sales.ws_sold_date_sk",
                                      "web_sales.ws_sold_time_sk",
                                      "web_sales.ws_ship_date_sk",
                                      "web_sales.ws_item_sk",
                                      "web_sales.ws_bill_customer_sk",
                                      "web_sales.ws_bill_cdemo_sk",
                                      "web_sales.ws_bill_hdemo_sk",
                                      "web_sales.ws_bill_addr_sk",
                                      "web_sales.ws_ship_customer_sk",
                                      "web_sales.ws_ship_cdemo_sk",
                                      "web_sales.ws_ship_hdemo_sk",
                                      "web_sales.ws_ship_addr_sk",
                                      "web_sales.ws_web_page_sk",
                                      "web_sales.ws_web_site_sk",
                                      "web_sales.ws_ship_mode_sk",
                                      "web_sales.ws_warehouse_sk",
                                      "web_sales.ws_promo_sk",
                                      "web_sales.ws_order_number",
                                      "web_sales.ws_quantity",
                                      "web_sales.ws_wholesale_cost",
                                      "web_sales.ws_list_price",
                                      "web_sales.ws_sales_price",
                                      "web_sales.ws_ext_discount_amt",
                                      "web_sales.ws_ext_sales_price",
                                      "web_sales.ws_ext_wholesale_cost",
                                      "web_sales.ws_ext_list_price",
                                      "web_sales.ws_ext_tax",
                                      "web_sales.ws_coupon_amt",
                                      "web_sales.ws_ext_ship_cost",
                                      "web_sales.ws_net_paid",
                                      "web_sales.ws_net_paid_inc_tax",
                                      "web_sales.ws_net_paid_inc_ship",
                                      "web_sales.ws_net_paid_inc_ship_tax",
                                      "web_sales.ws_net_profit"
                                    ],
                                    "Recheck Cond": "(store_sales.ss_item_sk = web_sales.ws_item_sk)",
                                    "Rows Removed by Index Recheck": 1287,
                                    "Filter": "(store_sales.ss_customer_sk = web_sales.ws_bill_customer_sk)",
                                    "Rows Removed by Filter": 117,
                                    "Exact Heap Blocks": 0,
                                    "Lossy Heap Blocks": 0,
                                    "Shared Hit Blocks": 66640,
                                    "Shared Read Blocks": 250869,
                                    "Shared Dirtied Blocks": 0,
                                    "Shared Written Blocks": 0,
                                    "Local Hit Blocks": 0,
                                    "Local Read Blocks": 0,
                                    "Local Dirtied Blocks": 0,
                                    "Local Written Blocks": 0,
                                    "Temp Read Blocks": 0,
                                    "Temp Written Blocks": 0,
                                    "Workers": [
                                      {
                                        "Worker Number": 0,
                                        "Actual Startup Time": 7.044,
                                        "Actual Total Time": 7.044,
                                        "Actual Rows": 0,
                                        "Actual Loops": 3106,
                                        "Shared Hit Blocks": 55102,
                                        "Shared Read Blocks": 235220,
                                        "Shared Dirtied Blocks": 0,
                                        "Shared Written Blocks": 0,
                                        "Local Hit Blocks": 0,
                                        "Local Read Blocks": 0,
                                        "Local Dirtied Blocks": 0,
                                        "Local Written Blocks": 0,
                                        "Temp Read Blocks": 0,
                                        "Temp Written Blocks": 0
                                      },
                                      {
                                        "Worker Number": 1,
                                        "Actual Startup Time": 3.442,
                                        "Actual Total Time": 3.448,
                                        "Actual Rows": 0,
                                        "Actual Loops": 672,
                                        "Shared Hit Blocks": 11538,
                                        "Shared Read Blocks": 15649,
                                        "Shared Dirtied Blocks": 0,
                                        "Shared Written Blocks": 0,
                                        "Local Hit Blocks": 0,
                                        "Local Read Blocks": 0,
                                        "Local Dirtied Blocks": 0,
                                        "Local Written Blocks": 0,
                                        "Temp Read Blocks": 0,
                                        "Temp Written Blocks": 0
                                      }
                                    ],
                                    "Plans": [
                                      {
                                        "Node Type": "Bitmap Index Scan",
                                        "Parent Relationship": "Outer",
                                        "Parallel Aware": false,
                                        "Async Capable": false,
                                        "Index Name": "web_sales_pkey",
                                        "Startup Cost": 0.0,
                                        "Total Cost": 6.07,
                                        "Plan Rows": 304,
                                        "Plan Width": 0,
                                        "Actual Startup Time": 0.234,
                                        "Actual Total Time": 0.234,
                                        "Actual Rows": 117,
                                        "Actual Loops": 3778,
                                        "Index Cond": "(web_sales.ws_item_sk = store_sales.ss_item_sk)",
                                        "Shared Hit Blocks": 8327,
                                        "Shared Read Blocks": 3857,
                                        "Shared Dirtied Blocks": 0,
                                        "Shared Written Blocks": 0,
                                        "Local Hit Blocks": 0,
                                        "Local Read Blocks": 0,
                                        "Local Dirtied Blocks": 0,
                                        "Local Written Blocks": 0,
                                        "Temp Read Blocks": 0,
                                        "Temp Written Blocks": 0,
                                        "Workers": [
                                          {
                                            "Worker Number": 0,
                                            "Actual Startup Time": 0.235,
                                            "Actual Total Time": 0.235,
                                            "Actual Rows": 134,
                                            "Actual Loops": 3106,
                                            "Shared Hit Blocks": 6851,
                                            "Shared Read Blocks": 3313,
                                            "Shared Dirtied Blocks": 0,
                                            "Shared Written Blocks": 0,
                                            "Local Hit Blocks": 0,
                                            "Local Read Blocks": 0,
                                            "Local Dirtied Blocks": 0,
                                            "Local Written Blocks": 0,
                                            "Temp Read Blocks": 0,
                                            "Temp Written Blocks": 0
                                          },
                                          {
                                            "Worker Number": 1,
                                            "Actual Startup Time": 0.227,
                                            "Actual Total Time": 0.227,
                                            "Actual Rows": 37,
                                            "Actual Loops": 672,
                                            "Shared Hit Blocks": 1476,
                                            "Shared Read Blocks": 544,
                                            "Shared Dirtied Blocks": 0,
                                            "Shared Written Blocks": 0,
                                            "Local Hit Blocks": 0,
                                            "Local Read Blocks": 0,
                                            "Local Dirtied Blocks": 0,
                                            "Local Written Blocks": 0,
                                            "Temp Read Blocks": 0,
                                            "Temp Written Blocks": 0
                                          }
                                        ]
                                      }
                                    ]
                                  }
                                ]
                              }
                            ]
                          },
                          {
                            "Node Type": "Index Scan",
                            "Parent Relationship": "Inner",
                            "Parallel Aware": false,
                            "Async Capable": false,
                            "Scan Direction": "Forward",
                            "Index Name": "_dta_index_date_dim_6_661577395__k1_k7_k9",
                            "Relation Name": "date_dim",
                            "Schema": "public",
                            "Alias": "d2",
                            "Startup Cost": 0.29,
                            "Total Cost": 3.35,
                            "Plan Rows": 1,
                            "Plan Width": 8,
                            "Actual Startup Time": 0.306,
                            "Actual Total Time": 0.307,
                            "Actual Rows": 1,
                            "Actual Loops": 1,
                            "Output": [
                              "d2.d_date_sk",
                              "d2.d_date_id",
                              "d2.d_date",
                              "d2.d_month_seq",
                              "d2.d_week_seq",
                              "d2.d_quarter_seq",
                              "d2.d_year",
                              "d2.d_dow",
                              "d2.d_moy",
                              "d2.d_dom",
                              "d2.d_qoy",
                              "d2.d_fy_year",
                              "d2.d_fy_quarter_seq",
                              "d2.d_fy_week_seq",
                              "d2.d_day_name",
                              "d2.d_quarter_name",
                              "d2.d_holiday",
                              "d2.d_weekend",
                              "d2.d_following_holiday",
                              "d2.d_first_dom",
                              "d2.d_last_dom",
                              "d2.d_same_day_ly",
                              "d2.d_same_day_lq",
                              "d2.d_current_day",
                              "d2.d_current_week",
                              "d2.d_current_month",
                              "d2.d_current_quarter",
                              "d2.d_current_year"
                            ],
                            "Index Cond": "(d2.d_date_sk = web_sales.ws_sold_date_sk)",
                            "Rows Removed by Index Recheck": 0,
                            "Shared Hit Blocks": 0,
                            "Shared Read Blocks": 3,
                            "Shared Dirtied Blocks": 0,
                            "Shared Written Blocks": 0,
                            "Local Hit Blocks": 0,
                            "Local Read Blocks": 0,
                            "Local Dirtied Blocks": 0,
                            "Local Written Blocks": 0,
                            "Temp Read Blocks": 0,
                            "Temp Written Blocks": 0
                          }
                        ]
                      },
                      {
                        "Node Type": "Index Scan",
                        "Parent Relationship": "Inner",
                        "Parallel Aware": false,
                        "Async Capable": false,
                        "Scan Direction": "Forward",
                        "Index Name": "customer_address_pkey",
                        "Relation Name": "customer_address",
                        "Schema": "public",
                        "Alias": "customer_address",
                        "Startup Cost": 0.42,
                        "Total Cost": 3.51,
                        "Plan Rows": 1,
                        "Plan Width": 4,
                        "Actual Startup Time": 0.0,
                        "Actual Total Time": 0.0,
                        "Actual Rows": 0,
                        "Actual Loops": 0,
                        "Output": [
                          "customer_address.ca_address_sk",
                          "customer_address.ca_address_id",
                          "customer_address.ca_street_number",
                          "customer_address.ca_street_name",
                          "customer_address.ca_street_type",
                          "customer_address.ca_suite_number",
                          "customer_address.ca_city",
                          "customer_address.ca_county",
                          "customer_address.ca_state",
                          "customer_address.ca_zip",
                          "customer_address.ca_country",
                          "customer_address.ca_gmt_offset",
                          "customer_address.ca_location_type"
                        ],
                        "Index Cond": "(customer_address.ca_address_sk = customer.c_current_addr_sk)",
                        "Rows Removed by Index Recheck": 0,
                        "Filter": "(customer_address.ca_state = ANY ('{GA,IA,LA,MO,SD}'::bpchar[]))",
                        "Rows Removed by Filter": 0,
                        "Shared Hit Blocks": 0,
                        "Shared Read Blocks": 0,
                        "Shared Dirtied Blocks": 0,
                        "Shared Written Blocks": 0,
                        "Local Hit Blocks": 0,
                        "Local Read Blocks": 0,
                        "Local Dirtied Blocks": 0,
                        "Local Written Blocks": 0,
                        "Temp Read Blocks": 0,
                        "Temp Written Blocks": 0
                      }
                    ]
                  }
                ]
              }
            ]
          }
        ]
      },
      "Planning": {
        "Shared Hit Blocks": 126,
        "Shared Read Blocks": 68,
        "Shared Dirtied Blocks": 0,
        "Shared Written Blocks": 0,
        "Local Hit Blocks": 0,
        "Local Read Blocks": 0,
        "Local Dirtied Blocks": 0,
        "Local Written Blocks": 0,
        "Temp Read Blocks": 0,
        "Temp Written Blocks": 0
      },
      "Planning Time": 23.766,
      "Triggers": [],
      "Execution Time": 121344.361
    }
  ],
  "original_sql": "select  c_customer_sk, c_first_name, c_last_name, count(*) as cnt\nFROM\nstore_sales,\nstore_returns,\nweb_sales,\ndate_dim d1,\ndate_dim d2,\nitem,\ncustomer,\ncustomer_address,\nhousehold_demographics\nWHERE\nss_ticket_number = sr_ticket_number\nAND ss_customer_sk = ws_bill_customer_sk\nAND ss_customer_sk = c_customer_sk\nAND c_current_addr_sk = ca_address_sk\nAND c_current_hdemo_sk = hd_demo_sk\nAND ss_item_sk = sr_item_sk\nAND sr_item_sk = ws_item_sk\nAND i_item_sk = ss_item_sk\nAND i_category IN ('Children', 'Electronics', 'Women')\nAND sr_returned_date_sk = d1.d_date_sk\nAND ws_sold_date_sk = d2.d_date_sk\nAND d2.d_date between d1.d_date AND (d1.d_date + interval '90 day')\nAND ca_state in ('GA', 'IA', 'LA', 'MO', 'SD')\nAND d1.d_year = 2000\nAND hd_income_band_sk BETWEEN 12 AND 18\nAND hd_buy_potential = '0-500'\nAND ss_sales_price / ss_list_price BETWEEN 34 * 0.01 AND 54 * 0.01\nGROUP BY c_customer_sk, c_first_name, c_last_name\nORDER BY cnt"
}