{
  "query_id": "query023_multi",
  "engine": "postgresql",
  "benchmark": "dsb",
  "scale_factor": 10,
  "execution_time_ms": 14824.426,
  "planning_time_ms": 7.716,
  "plan_json": [
    {
      "Plan": {
        "Node Type": "Limit",
        "Parallel Aware": false,
        "Async Capable": false,
        "Startup Cost": 479604.42,
        "Total Cost": 479604.43,
        "Plan Rows": 1,
        "Plan Width": 32,
        "Actual Startup Time": 14813.108,
        "Actual Total Time": 14813.323,
        "Actual Rows": 1,
        "Actual Loops": 1,
        "Output": [
          "(sum((((catalog_sales.cs_quantity)::numeric * catalog_sales.cs_list_price))))"
        ],
        "Shared Hit Blocks": 1113757,
        "Shared Read Blocks": 134660,
        "Shared Dirtied Blocks": 0,
        "Shared Written Blocks": 0,
        "Local Hit Blocks": 0,
        "Local Read Blocks": 0,
        "Local Dirtied Blocks": 0,
        "Local Written Blocks": 0,
        "Temp Read Blocks": 1826,
        "Temp Written Blocks": 1902,
        "Plans": [
          {
            "Node Type": "Aggregate",
            "Strategy": "Sorted",
            "Partial Mode": "Finalize",
            "Parent Relationship": "InitPlan",
            "Subplan Name": "CTE frequent_ss_items",
            "Parallel Aware": false,
            "Async Capable": false,
            "Startup Cost": 85029.76,
            "Total Cost": 85543.55,
            "Plan Rows": 1335,
            "Plan Width": 48,
            "Actual Startup Time": 1178.326,
            "Actual Total Time": 1249.846,
            "Actual Rows": 365,
            "Actual Loops": 1,
            "Output": [
              "(\"substring\"((item.i_item_desc)::text, 1, 30))",
              "item.i_item_sk",
              "date_dim_2.d_date",
              "count(*)"
            ],
            "Group Key": [
              "(\"substring\"((item.i_item_desc)::text, 1, 30))",
              "item.i_item_sk",
              "date_dim_2.d_date"
            ],
            "Filter": "(count(*) > 4)",
            "Rows Removed by Filter": 56207,
            "Shared Hit Blocks": 31933,
            "Shared Read Blocks": 13277,
            "Shared Dirtied Blocks": 0,
            "Shared Written Blocks": 0,
            "Local Hit Blocks": 0,
            "Local Read Blocks": 0,
            "Local Dirtied Blocks": 0,
            "Local Written Blocks": 0,
            "Temp Read Blocks": 863,
            "Temp Written Blocks": 866,
            "Plans": [
              {
                "Node Type": "Gather Merge",
                "Parent Relationship": "Outer",
                "Parallel Aware": false,
                "Async Capable": false,
                "Startup Cost": 85029.76,
                "Total Cost": 85456.77,
                "Plan Rows": 3338,
                "Plan Width": 48,
                "Actual Startup Time": 1171.453,
                "Actual Total Time": 1242.324,
                "Actual Rows": 56572,
                "Actual Loops": 1,
                "Output": [
                  "(\"substring\"((item.i_item_desc)::text, 1, 30))",
                  "item.i_item_sk",
                  "date_dim_2.d_date",
                  "(PARTIAL count(*))"
                ],
                "Workers Planned": 2,
                "Workers Launched": 2,
                "Shared Hit Blocks": 31933,
                "Shared Read Blocks": 13277,
                "Shared Dirtied Blocks": 0,
                "Shared Written Blocks": 0,
                "Local Hit Blocks": 0,
                "Local Read Blocks": 0,
                "Local Dirtied Blocks": 0,
                "Local Written Blocks": 0,
                "Temp Read Blocks": 863,
                "Temp Written Blocks": 866,
                "Plans": [
                  {
                    "Node Type": "Aggregate",
                    "Strategy": "Sorted",
                    "Partial Mode": "Partial",
                    "Parent Relationship": "Outer",
                    "Parallel Aware": false,
                    "Async Capable": false,
                    "Startup Cost": 84029.73,
                    "Total Cost": 84071.46,
                    "Plan Rows": 1669,
                    "Plan Width": 48,
                    "Actual Startup Time": 1020.283,
                    "Actual Total Time": 1044.83,
                    "Actual Rows": 18857,
                    "Actual Loops": 3,
                    "Output": [
                      "(\"substring\"((item.i_item_desc)::text, 1, 30))",
                      "item.i_item_sk",
                      "date_dim_2.d_date",
                      "PARTIAL count(*)"
                    ],
                    "Group Key": [
                      "(\"substring\"((item.i_item_desc)::text, 1, 30))",
                      "item.i_item_sk",
                      "date_dim_2.d_date"
                    ],
                    "Shared Hit Blocks": 31933,
                    "Shared Read Blocks": 13277,
                    "Shared Dirtied Blocks": 0,
                    "Shared Written Blocks": 0,
                    "Local Hit Blocks": 0,
                    "Local Read Blocks": 0,
                    "Local Dirtied Blocks": 0,
                    "Local Written Blocks": 0,
                    "Temp Read Blocks": 863,
                    "Temp Written Blocks": 866,
                    "Workers": [
                      {
                        "Worker Number": 0,
                        "Actual Startup Time": 943.668,
                        "Actual Total Time": 949.208,
                        "Actual Rows": 21032,
                        "Actual Loops": 1,
                        "JIT": {
                          "Functions": 20,
                          "Options": {
                            "Inlining": false,
                            "Optimization": false,
                            "Expressions": true,
                            "Deforming": true
                          },
                          "Timing": {
                            "Generation": 2.891,
                            "Inlining": 0.0,
                            "Optimization": 0.6,
                            "Emission": 11.974,
                            "Total": 15.465
                          }
                        },
                        "Shared Hit Blocks": 11509,
                        "Shared Read Blocks": 4444,
                        "Shared Dirtied Blocks": 0,
                        "Shared Written Blocks": 0,
                        "Local Hit Blocks": 0,
                        "Local Read Blocks": 0,
                        "Local Dirtied Blocks": 0,
                        "Local Written Blocks": 0,
                        "Temp Read Blocks": 0,
                        "Temp Written Blocks": 0
                      },
                      {
                        "Worker Number": 1,
                        "Actual Startup Time": 945.955,
                        "Actual Total Time": 951.102,
                        "Actual Rows": 20410,
                        "Actual Loops": 1,
                        "JIT": {
                          "Functions": 20,
                          "Options": {
                            "Inlining": false,
                            "Optimization": false,
                            "Expressions": true,
                            "Deforming": true
                          },
                          "Timing": {
                            "Generation": 2.952,
                            "Inlining": 0.0,
                            "Optimization": 0.638,
                            "Emission": 9.988,
                            "Total": 13.577
                          }
                        },
                        "Shared Hit Blocks": 11966,
                        "Shared Read Blocks": 4414,
                        "Shared Dirtied Blocks": 0,
                        "Shared Written Blocks": 0,
                        "Local Hit Blocks": 0,
                        "Local Read Blocks": 0,
                        "Local Dirtied Blocks": 0,
                        "Local Written Blocks": 0,
                        "Temp Read Blocks": 0,
                        "Temp Written Blocks": 0
                      }
                    ],
                    "Plans": [
                      {
                        "Node Type": "Sort",
                        "Parent Relationship": "Outer",
                        "Parallel Aware": false,
                        "Async Capable": false,
                        "Startup Cost": 84029.73,
                        "Total Cost": 84033.91,
                        "Plan Rows": 1669,
                        "Plan Width": 40,
                        "Actual Startup Time": 1020.248,
                        "Actual Total Time": 1038.226,
                        "Actual Rows": 62152,
                        "Actual Loops": 3,
                        "Output": [
                          "(\"substring\"((item.i_item_desc)::text, 1, 30))",
                          "item.i_item_sk",
                          "date_dim_2.d_date"
                        ],
                        "Sort Key": [
                          "(\"substring\"((item.i_item_desc)::text, 1, 30))",
                          "item.i_item_sk",
                          "date_dim_2.d_date"
                        ],
                        "Sort Method": "external merge",
                        "Sort Space Used": 6904,
                        "Sort Space Type": "Disk",
                        "Shared Hit Blocks": 31933,
                        "Shared Read Blocks": 13277,
                        "Shared Dirtied Blocks": 0,
                        "Shared Written Blocks": 0,
                        "Local Hit Blocks": 0,
                        "Local Read Blocks": 0,
                        "Local Dirtied Blocks": 0,
                        "Local Written Blocks": 0,
                        "Temp Read Blocks": 863,
                        "Temp Written Blocks": 866,
                        "Workers": [
                          {
                            "Worker Number": 0,
                            "Actual Startup Time": 943.633,
                            "Actual Total Time": 944.53,
                            "Actual Rows": 22805,
                            "Actual Loops": 1,
                            "Sort Method": "quicksort",
                            "Sort Space Used": 2157,
                            "Sort Space Type": "Memory",
                            "Shared Hit Blocks": 11509,
                            "Shared Read Blocks": 4444,
                            "Shared Dirtied Blocks": 0,
                            "Shared Written Blocks": 0,
                            "Local Hit Blocks": 0,
                            "Local Read Blocks": 0,
                            "Local Dirtied Blocks": 0,
                            "Local Written Blocks": 0,
                            "Temp Read Blocks": 0,
                            "Temp Written Blocks": 0
                          },
                          {
                            "Worker Number": 1,
                            "Actual Startup Time": 945.926,
                            "Actual Total Time": 946.771,
                            "Actual Rows": 22220,
                            "Actual Loops": 1,
                            "Sort Method": "quicksort",
                            "Sort Space Used": 2126,
                            "Sort Space Type": "Memory",
                            "Shared Hit Blocks": 11966,
                            "Shared Read Blocks": 4414,
                            "Shared Dirtied Blocks": 0,
                            "Shared Written Blocks": 0,
                            "Local Hit Blocks": 0,
                            "Local Read Blocks": 0,
                            "Local Dirtied Blocks": 0,
                            "Local Written Blocks": 0,
                            "Temp Read Blocks": 0,
                            "Temp Written Blocks": 0
                          }
                        ],
                        "Plans": [
                          {
                            "Node Type": "Hash Join",
                            "Parent Relationship": "Outer",
                            "Parallel Aware": false,
                            "Async Capable": false,
                            "Join Type": "Inner",
                            "Startup Cost": 592.99,
                            "Total Cost": 83940.4,
                            "Plan Rows": 1669,
                            "Plan Width": 40,
                            "Actual Startup Time": 10.772,
                            "Actual Total Time": 954.27,
                            "Actual Rows": 62152,
                            "Actual Loops": 3,
                            "Output": [
                              "\"substring\"((item.i_item_desc)::text, 1, 30)",
                              "item.i_item_sk",
                              "date_dim_2.d_date"
                            ],
                            "Inner Unique": true,
                            "Hash Cond": "(store_sales.ss_sold_date_sk = date_dim_2.d_date_sk)",
                            "Shared Hit Blocks": 31892,
                            "Shared Read Blocks": 13272,
                            "Shared Dirtied Blocks": 0,
                            "Shared Written Blocks": 0,
                            "Local Hit Blocks": 0,
                            "Local Read Blocks": 0,
                            "Local Dirtied Blocks": 0,
                            "Local Written Blocks": 0,
                            "Temp Read Blocks": 0,
                            "Temp Written Blocks": 0,
                            "Workers": [
                              {
                                "Worker Number": 0,
                                "Actual Startup Time": 15.358,
                                "Actual Total Time": 928.028,
                                "Actual Rows": 22805,
                                "Actual Loops": 1,
                                "Shared Hit Blocks": 11486,
                                "Shared Read Blocks": 4444,
                                "Shared Dirtied Blocks": 0,
                                "Shared Written Blocks": 0,
                                "Local Hit Blocks": 0,
                                "Local Read Blocks": 0,
                                "Local Dirtied Blocks": 0,
                                "Local Written Blocks": 0,
                                "Temp Read Blocks": 0,
                                "Temp Written Blocks": 0
                              },
                              {
                                "Worker Number": 1,
                                "Actual Startup Time": 12.841,
                                "Actual Total Time": 928.137,
                                "Actual Rows": 22220,
                                "Actual Loops": 1,
                                "Shared Hit Blocks": 11948,
                                "Shared Read Blocks": 4409,
                                "Shared Dirtied Blocks": 0,
                                "Shared Written Blocks": 0,
                                "Local Hit Blocks": 0,
                                "Local Read Blocks": 0,
                                "Local Dirtied Blocks": 0,
                                "Local Written Blocks": 0,
                                "Temp Read Blocks": 0,
                                "Temp Written Blocks": 0
                              }
                            ],
                            "Plans": [
                              {
                                "Node Type": "Nested Loop",
                                "Parent Relationship": "Outer",
                                "Parallel Aware": false,
                                "Async Capable": false,
                                "Join Type": "Inner",
                                "Startup Cost": 0.56,
                                "Total Cost": 82427.56,
                                "Plan Rows": 349022,
                                "Plan Width": 110,
                                "Actual Startup Time": 9.381,
                                "Actual Total Time": 913.787,
                                "Actual Rows": 221813,
                                "Actual Loops": 3,
                                "Output": [
                                  "store_sales.ss_sold_date_sk",
                                  "item.i_item_desc",
                                  "item.i_item_sk"
                                ],
                                "Inner Unique": false,
                                "Shared Hit Blocks": 31854,
                                "Shared Read Blocks": 13259,
                                "Shared Dirtied Blocks": 0,
                                "Shared Written Blocks": 0,
                                "Local Hit Blocks": 0,
                                "Local Read Blocks": 0,
                                "Local Dirtied Blocks": 0,
                                "Local Written Blocks": 0,
                                "Temp Read Blocks": 0,
                                "Temp Written Blocks": 0,
                                "Workers": [
                                  {
                                    "Worker Number": 0,
                                    "Actual Startup Time": 13.762,
                                    "Actual Total Time": 909.782,
                                    "Actual Rows": 145316,
                                    "Actual Loops": 1,
                                    "Shared Hit Blocks": 11466,
                                    "Shared Read Blocks": 4444,
                                    "Shared Dirtied Blocks": 0,
                                    "Shared Written Blocks": 0,
                                    "Local Hit Blocks": 0,
                                    "Local Read Blocks": 0,
                                    "Local Dirtied Blocks": 0,
                                    "Local Written Blocks": 0,
                                    "Temp Read Blocks": 0,
                                    "Temp Written Blocks": 0
                                  },
                                  {
                                    "Worker Number": 1,
                                    "Actual Startup Time": 12.307,
                                    "Actual Total Time": 909.803,
                                    "Actual Rows": 148494,
                                    "Actual Loops": 1,
                                    "Shared Hit Blocks": 11930,
                                    "Shared Read Blocks": 4407,
                                    "Shared Dirtied Blocks": 0,
                                    "Shared Written Blocks": 0,
                                    "Local Hit Blocks": 0,
                                    "Local Read Blocks": 0,
                                    "Local Dirtied Blocks": 0,
                                    "Local Written Blocks": 0,
                                    "Temp Read Blocks": 0,
                                    "Temp Written Blocks": 0
                                  }
                                ],
                                "Plans": [
                                  {
                                    "Node Type": "Seq Scan",
                                    "Parent Relationship": "Outer",
                                    "Parallel Aware": true,
                                    "Async Capable": false,
                                    "Relation Name": "item",
                                    "Schema": "public",
                                    "Alias": "item",
                                    "Startup Cost": 0.0,
                                    "Total Cost": 7840.88,
                                    "Plan Rows": 1236,
                                    "Plan Width": 106,
                                    "Actual Startup Time": 8.269,
                                    "Actual Total Time": 260.168,
                                    "Actual Rows": 933,
                                    "Actual Loops": 3,
                                    "Output": [
                                      "item.i_item_sk",
                                      "item.i_item_id",
                                      "item.i_rec_start_date",
                                      "item.i_rec_end_date",
                                      "item.i_item_desc",
                                      "item.i_current_price",
                                      "item.i_wholesale_cost",
                                      "item.i_brand_id",
                                      "item.i_brand",
                                      "item.i_class_id",
                                      "item.i_class",
                                      "item.i_category_id",
                                      "item.i_category",
                                      "item.i_manufact_id",
                                      "item.i_manufact",
                                      "item.i_size",
                                      "item.i_formulation",
                                      "item.i_color",
                                      "item.i_units",
                                      "item.i_container",
                                      "item.i_manager_id",
                                      "item.i_product_name"
                                    ],
                                    "Filter": "((item.i_manager_id >= 81) AND (item.i_manager_id <= 100) AND (item.i_category = ANY ('{Home,Jewelry,Music}'::bpchar[])))",
                                    "Rows Removed by Filter": 33067,
                                    "Shared Hit Blocks": 0,
                                    "Shared Read Blocks": 7044,
                                    "Shared Dirtied Blocks": 0,
                                    "Shared Written Blocks": 0,
                                    "Local Hit Blocks": 0,
                                    "Local Read Blocks": 0,
                                    "Local Dirtied Blocks": 0,
                                    "Local Written Blocks": 0,
                                    "Temp Read Blocks": 0,
                                    "Temp Written Blocks": 0,
                                    "Workers": [
                                      {
                                        "Worker Number": 0,
                                        "Actual Startup Time": 12.873,
                                        "Actual Total Time": 301.594,
                                        "Actual Rows": 1007,
                                        "Actual Loops": 1,
                                        "Shared Hit Blocks": 0,
                                        "Shared Read Blocks": 2660,
                                        "Shared Dirtied Blocks": 0,
                                        "Shared Written Blocks": 0,
                                        "Local Hit Blocks": 0,
                                        "Local Read Blocks": 0,
                                        "Local Dirtied Blocks": 0,
                                        "Local Written Blocks": 0,
                                        "Temp Read Blocks": 0,
                                        "Temp Written Blocks": 0
                                      },
                                      {
                                        "Worker Number": 1,
                                        "Actual Startup Time": 11.429,
                                        "Actual Total Time": 286.752,
                                        "Actual Rows": 1055,
                                        "Actual Loops": 1,
                                        "Shared Hit Blocks": 0,
                                        "Shared Read Blocks": 2588,
                                        "Shared Dirtied Blocks": 0,
                                        "Shared Written Blocks": 0,
                                        "Local Hit Blocks": 0,
                                        "Local Read Blocks": 0,
                                        "Local Dirtied Blocks": 0,
                                        "Local Written Blocks": 0,
                                        "Temp Read Blocks": 0,
                                        "Temp Written Blocks": 0
                                      }
                                    ]
                                  },
                                  {
                                    "Node Type": "Index Only Scan",
                                    "Parent Relationship": "Inner",
                                    "Parallel Aware": false,
                                    "Async Capable": false,
                                    "Scan Direction": "Forward",
                                    "Index Name": "_dta_index_store_sales_6_1333579789__k3_k10_k4_k1_k8",
                                    "Relation Name": "store_sales",
                                    "Schema": "public",
                                    "Alias": "store_sales",
                                    "Startup Cost": 0.56,
                                    "Total Cost": 48.11,
                                    "Plan Rows": 1224,
                                    "Plan Width": 8,
                                    "Actual Startup Time": 0.349,
                                    "Actual Total Time": 0.683,
                                    "Actual Rows": 238,
                                    "Actual Loops": 2800,
                                    "Output": [
                                      "store_sales.ss_item_sk",
                                      "store_sales.ss_ticket_number",
                                      "store_sales.ss_customer_sk",
                                      "store_sales.ss_sold_date_sk",
                                      "store_sales.ss_store_sk"
                                    ],
                                    "Index Cond": "(store_sales.ss_item_sk = item.i_item_sk)",
                                    "Rows Removed by Index Recheck": 0,
                                    "Heap Fetches": 0,
                                    "Shared Hit Blocks": 31854,
                                    "Shared Read Blocks": 6215,
                                    "Shared Dirtied Blocks": 0,
                                    "Shared Written Blocks": 0,
                                    "Local Hit Blocks": 0,
                                    "Local Read Blocks": 0,
                                    "Local Dirtied Blocks": 0,
                                    "Local Written Blocks": 0,
                                    "Temp Read Blocks": 0,
                                    "Temp Written Blocks": 0,
                                    "Workers": [
                                      {
                                        "Worker Number": 0,
                                        "Actual Startup Time": 0.357,
                                        "Actual Total Time": 0.592,
                                        "Actual Rows": 144,
                                        "Actual Loops": 1007,
                                        "Shared Hit Blocks": 11466,
                                        "Shared Read Blocks": 1784,
                                        "Shared Dirtied Blocks": 0,
                                        "Shared Written Blocks": 0,
                                        "Local Hit Blocks": 0,
                                        "Local Read Blocks": 0,
                                        "Local Dirtied Blocks": 0,
                                        "Local Written Blocks": 0,
                                        "Temp Read Blocks": 0,
                                        "Temp Written Blocks": 0
                                      },
                                      {
                                        "Worker Number": 1,
                                        "Actual Startup Time": 0.345,
                                        "Actual Total Time": 0.579,
                                        "Actual Rows": 141,
                                        "Actual Loops": 1055,
                                        "Shared Hit Blocks": 11930,
                                        "Shared Read Blocks": 1819,
                                        "Shared Dirtied Blocks": 0,
                                        "Shared Written Blocks": 0,
                                        "Local Hit Blocks": 0,
                                        "Local Read Blocks": 0,
                                        "Local Dirtied Blocks": 0,
                                        "Local Written Blocks": 0,
                                        "Temp Read Blocks": 0,
                                        "Temp Written Blocks": 0
                                      }
                                    ]
                                  }
                                ]
                              },
                              {
                                "Node Type": "Hash",
                                "Parent Relationship": "Inner",
                                "Parallel Aware": false,
                                "Async Capable": false,
                                "Startup Cost": 587.87,
                                "Total Cost": 587.87,
                                "Plan Rows": 365,
                                "Plan Width": 8,
                                "Actual Startup Time": 0.819,
                                "Actual Total Time": 0.819,
                                "Actual Rows": 365,
                                "Actual Loops": 3,
                                "Output": [
                                  "date_dim_2.d_date",
                                  "date_dim_2.d_date_sk"
                                ],
                                "Hash Buckets": 1024,
                                "Original Hash Buckets": 1024,
                                "Hash Batches": 1,
                                "Original Hash Batches": 1,
                                "Peak Memory Usage": 23,
                                "Shared Hit Blocks": 23,
                                "Shared Read Blocks": 12,
                                "Shared Dirtied Blocks": 0,
                                "Shared Written Blocks": 0,
                                "Local Hit Blocks": 0,
                                "Local Read Blocks": 0,
                                "Local Dirtied Blocks": 0,
                                "Local Written Blocks": 0,
                                "Temp Read Blocks": 0,
                                "Temp Written Blocks": 0,
                                "Workers": [
                                  {
                                    "Worker Number": 0,
                                    "Actual Startup Time": 0.094,
                                    "Actual Total Time": 0.095,
                                    "Actual Rows": 365,
                                    "Actual Loops": 1,
                                    "Shared Hit Blocks": 12,
                                    "Shared Read Blocks": 0,
                                    "Shared Dirtied Blocks": 0,
                                    "Shared Written Blocks": 0,
                                    "Local Hit Blocks": 0,
                                    "Local Read Blocks": 0,
                                    "Local Dirtied Blocks": 0,
                                    "Local Written Blocks": 0,
                                    "Temp Read Blocks": 0,
                                    "Temp Written Blocks": 0
                                  },
                                  {
                                    "Worker Number": 1,
                                    "Actual Startup Time": 0.366,
                                    "Actual Total Time": 0.366,
                                    "Actual Rows": 365,
                                    "Actual Loops": 1,
                                    "Shared Hit Blocks": 11,
                                    "Shared Read Blocks": 1,
                                    "Shared Dirtied Blocks": 0,
                                    "Shared Written Blocks": 0,
                                    "Local Hit Blocks": 0,
                                    "Local Read Blocks": 0,
                                    "Local Dirtied Blocks": 0,
                                    "Local Written Blocks": 0,
                                    "Temp Read Blocks": 0,
                                    "Temp Written Blocks": 0
                                  }
                                ],
                                "Plans": [
                                  {
                                    "Node Type": "Index Scan",
                                    "Parent Relationship": "Outer",
                                    "Parallel Aware": false,
                                    "Async Capable": false,
                                    "Scan Direction": "Forward",
                                    "Index Name": "_dta_index_date_dim_6_661577395__k7_k1",
                                    "Relation Name": "date_dim",
                                    "Schema": "public",
                                    "Alias": "date_dim_2",
                                    "Startup Cost": 0.29,
                                    "Total Cost": 587.87,
                                    "Plan Rows": 365,
                                    "Plan Width": 8,
                                    "Actual Startup Time": 0.419,
                                    "Actual Total Time": 0.781,
                                    "Actual Rows": 365,
                                    "Actual Loops": 3,
                                    "Output": [
                                      "date_dim_2.d_date",
                                      "date_dim_2.d_date_sk"
                                    ],
                                    "Index Cond": "(date_dim_2.d_year = 1998)",
                                    "Rows Removed by Index Recheck": 0,
                                    "Shared Hit Blocks": 23,
                                    "Shared Read Blocks": 12,
                                    "Shared Dirtied Blocks": 0,
                                    "Shared Written Blocks": 0,
                                    "Local Hit Blocks": 0,
                                    "Local Read Blocks": 0,
                                    "Local Dirtied Blocks": 0,
                                    "Local Written Blocks": 0,
                                    "Temp Read Blocks": 0,
                                    "Temp Written Blocks": 0,
                                    "Workers": [
                                      {
                                        "Worker Number": 0,
                                        "Actual Startup Time": 0.024,
                                        "Actual Total Time": 0.062,
                                        "Actual Rows": 365,
                                        "Actual Loops": 1,
                                        "Shared Hit Blocks": 12,
                                        "Shared Read Blocks": 0,
                                        "Shared Dirtied Blocks": 0,
                                        "Shared Written Blocks": 0,
                                        "Local Hit Blocks": 0,
                                        "Local Read Blocks": 0,
                                        "Local Dirtied Blocks": 0,
                                        "Local Written Blocks": 0,
                                        "Temp Read Blocks": 0,
                                        "Temp Written Blocks": 0
                                      },
                                      {
                                        "Worker Number": 1,
                                        "Actual Startup Time": 0.291,
                                        "Actual Total Time": 0.333,
                                        "Actual Rows": 365,
                                        "Actual Loops": 1,
                                        "Shared Hit Blocks": 11,
                                        "Shared Read Blocks": 1,
                                        "Shared Dirtied Blocks": 0,
                                        "Shared Written Blocks": 0,
                                        "Local Hit Blocks": 0,
                                        "Local Read Blocks": 0,
                                        "Local Dirtied Blocks": 0,
                                        "Local Written Blocks": 0,
                                        "Temp Read Blocks": 0,
                                        "Temp Written Blocks": 0
                                      }
                                    ]
                                  }
                                ]
                              }
                            ]
                          }
                        ]
                      }
                    ]
                  }
                ]
              }
            ]
          },
          {
            "Node Type": "Aggregate",
            "Strategy": "Hashed",
            "Partial Mode": "Finalize",
            "Parent Relationship": "InitPlan",
            "Subplan Name": "CTE best_ss_customer",
            "Parallel Aware": false,
            "Async Capable": false,
            "Startup Cost": 370287.73,
            "Total Cost": 370770.15,
            "Plan Rows": 9189,
            "Plan Width": 36,
            "Actual Startup Time": 11929.268,
            "Actual Total Time": 11945.81,
            "Actual Rows": 4480,
            "Actual Loops": 1,
            "Output": [
              "customer_1.c_customer_sk",
              "sum(((store_sales_2.ss_quantity)::numeric * store_sales_2.ss_sales_price))"
            ],
            "Group Key": [
              "customer_1.c_customer_sk"
            ],
            "Filter": "(sum(((store_sales_2.ss_quantity)::numeric * store_sales_2.ss_sales_price)) > (0.95000000000000000000 * $6))",
            "Planned Partitions": 0,
            "HashAgg Batches": 5,
            "Peak Memory Usage": 8241,
            "Disk Usage": 704,
            "Rows Removed by Filter": 20774,
            "Shared Hit Blocks": 1081295,
            "Shared Read Blocks": 109963,
            "Shared Dirtied Blocks": 0,
            "Shared Written Blocks": 0,
            "Local Hit Blocks": 0,
            "Local Read Blocks": 0,
            "Local Dirtied Blocks": 0,
            "Local Written Blocks": 0,
            "Temp Read Blocks": 963,
            "Temp Written Blocks": 1036,
            "Plans": [
              {
                "Node Type": "Aggregate",
                "Strategy": "Plain",
                "Partial Mode": "Simple",
                "Parent Relationship": "InitPlan",
                "Subplan Name": "InitPlan 2 (returns $6)",
                "Parallel Aware": false,
                "Async Capable": false,
                "Startup Cost": 155464.23,
                "Total Cost": 155464.24,
                "Plan Rows": 1,
                "Plan Width": 32,
                "Actual Startup Time": 7129.119,
                "Actual Total Time": 7129.173,
                "Actual Rows": 1,
                "Actual Loops": 1,
                "Output": [
                  "max((sum(((store_sales_1.ss_quantity)::numeric * store_sales_1.ss_sales_price))))"
                ],
                "Shared Hit Blocks": 898342,
                "Shared Read Blocks": 63396,
                "Shared Dirtied Blocks": 0,
                "Shared Written Blocks": 0,
                "Local Hit Blocks": 0,
                "Local Read Blocks": 0,
                "Local Dirtied Blocks": 0,
                "Local Written Blocks": 0,
                "Temp Read Blocks": 898,
                "Temp Written Blocks": 902,
                "Plans": [
                  {
                    "Node Type": "Aggregate",
                    "Strategy": "Sorted",
                    "Partial Mode": "Finalize",
                    "Parent Relationship": "Outer",
                    "Parallel Aware": false,
                    "Async Capable": false,
                    "Startup Cost": 154262.58,
                    "Total Cost": 155355.26,
                    "Plan Rows": 8717,
                    "Plan Width": 36,
                    "Actual Startup Time": 6927.745,
                    "Actual Total Time": 7121.78,
                    "Actual Rows": 146070,
                    "Actual Loops": 1,
                    "Output": [
                      "customer.c_customer_sk",
                      "sum(((store_sales_1.ss_quantity)::numeric * store_sales_1.ss_sales_price))"
                    ],
                    "Group Key": [
                      "customer.c_customer_sk"
                    ],
                    "Shared Hit Blocks": 898342,
                    "Shared Read Blocks": 63396,
                    "Shared Dirtied Blocks": 0,
                    "Shared Written Blocks": 0,
                    "Local Hit Blocks": 0,
                    "Local Read Blocks": 0,
                    "Local Dirtied Blocks": 0,
                    "Local Written Blocks": 0,
                    "Temp Read Blocks": 898,
                    "Temp Written Blocks": 902,
                    "Plans": [
                      {
                        "Node Type": "Gather Merge",
                        "Parent Relationship": "Outer",
                        "Parallel Aware": false,
                        "Async Capable": false,
                        "Startup Cost": 154262.58,
                        "Total Cost": 155191.82,
                        "Plan Rows": 7264,
                        "Plan Width": 36,
                        "Actual Startup Time": 6927.737,
                        "Actual Total Time": 7053.811,
                        "Actual Rows": 164141,
                        "Actual Loops": 1,
                        "Output": [
                          "customer.c_customer_sk",
                          "(PARTIAL sum(((store_sales_1.ss_quantity)::numeric * store_sales_1.ss_sales_price)))"
                        ],
                        "Workers Planned": 2,
                        "Workers Launched": 2,
                        "Shared Hit Blocks": 898342,
                        "Shared Read Blocks": 63396,
                        "Shared Dirtied Blocks": 0,
                        "Shared Written Blocks": 0,
                        "Local Hit Blocks": 0,
                        "Local Read Blocks": 0,
                        "Local Dirtied Blocks": 0,
                        "Local Written Blocks": 0,
                        "Temp Read Blocks": 898,
                        "Temp Written Blocks": 902,
                        "Plans": [
                          {
                            "Node Type": "Aggregate",
                            "Strategy": "Sorted",
                            "Partial Mode": "Partial",
                            "Parent Relationship": "Outer",
                            "Parallel Aware": false,
                            "Async Capable": false,
                            "Startup Cost": 153262.55,
                            "Total Cost": 153353.35,
                            "Plan Rows": 3632,
                            "Plan Width": 36,
                            "Actual Startup Time": 3977.83,
                            "Actual Total Time": 4026.163,
                            "Actual Rows": 54714,
                            "Actual Loops": 3,
                            "Output": [
                              "customer.c_customer_sk",
                              "PARTIAL sum(((store_sales_1.ss_quantity)::numeric * store_sales_1.ss_sales_price))"
                            ],
                            "Group Key": [
                              "customer.c_customer_sk"
                            ],
                            "Shared Hit Blocks": 898342,
                            "Shared Read Blocks": 63396,
                            "Shared Dirtied Blocks": 0,
                            "Shared Written Blocks": 0,
                            "Local Hit Blocks": 0,
                            "Local Read Blocks": 0,
                            "Local Dirtied Blocks": 0,
                            "Local Written Blocks": 0,
                            "Temp Read Blocks": 898,
                            "Temp Written Blocks": 902,
                            "Workers": [
                              {
                                "Worker Number": 0,
                                "Actual Startup Time": 15.339,
                                "Actual Total Time": 15.342,
                                "Actual Rows": 0,
                                "Actual Loops": 1,
                                "JIT": {
                                  "Functions": 13,
                                  "Options": {
                                    "Inlining": false,
                                    "Optimization": false,
                                    "Expressions": true,
                                    "Deforming": true
                                  },
                                  "Timing": {
                                    "Generation": 2.426,
                                    "Inlining": 0.0,
                                    "Optimization": 0.0,
                                    "Emission": 0.0,
                                    "Total": 2.426
                                  }
                                },
                                "Shared Hit Blocks": 7,
                                "Shared Read Blocks": 141,
                                "Shared Dirtied Blocks": 0,
                                "Shared Written Blocks": 0,
                                "Local Hit Blocks": 0,
                                "Local Read Blocks": 0,
                                "Local Dirtied Blocks": 0,
                                "Local Written Blocks": 0,
                                "Temp Read Blocks": 0,
                                "Temp Written Blocks": 0
                              },
                              {
                                "Worker Number": 1,
                                "Actual Startup Time": 4990.654,
                                "Actual Total Time": 5026.805,
                                "Actual Rows": 52602,
                                "Actual Loops": 1,
                                "JIT": {
                                  "Functions": 13,
                                  "Options": {
                                    "Inlining": false,
                                    "Optimization": false,
                                    "Expressions": true,
                                    "Deforming": true
                                  },
                                  "Timing": {
                                    "Generation": 2.416,
                                    "Inlining": 0.0,
                                    "Optimization": 0.248,
                                    "Emission": 4.257,
                                    "Total": 6.921
                                  }
                                },
                                "Shared Hit Blocks": 260570,
                                "Shared Read Blocks": 18381,
                                "Shared Dirtied Blocks": 0,
                                "Shared Written Blocks": 0,
                                "Local Hit Blocks": 0,
                                "Local Read Blocks": 0,
                                "Local Dirtied Blocks": 0,
                                "Local Written Blocks": 0,
                                "Temp Read Blocks": 262,
                                "Temp Written Blocks": 263
                              }
                            ],
                            "Plans": [
                              {
                                "Node Type": "Sort",
                                "Parent Relationship": "Outer",
                                "Parallel Aware": false,
                                "Async Capable": false,
                                "Startup Cost": 153262.55,
                                "Total Cost": 153271.63,
                                "Plan Rows": 3632,
                                "Plan Width": 14,
                                "Actual Startup Time": 3977.802,
                                "Actual Total Time": 3990.906,
                                "Actual Rows": 98537,
                                "Actual Loops": 3,
                                "Output": [
                                  "customer.c_customer_sk",
                                  "store_sales_1.ss_quantity",
                                  "store_sales_1.ss_sales_price"
                                ],
                                "Sort Key": [
                                  "customer.c_customer_sk"
                                ],
                                "Sort Method": "external merge",
                                "Sort Space Used": 5088,
                                "Sort Space Type": "Disk",
                                "Shared Hit Blocks": 898342,
                                "Shared Read Blocks": 63396,
                                "Shared Dirtied Blocks": 0,
                                "Shared Written Blocks": 0,
                                "Local Hit Blocks": 0,
                                "Local Read Blocks": 0,
                                "Local Dirtied Blocks": 0,
                                "Local Written Blocks": 0,
                                "Temp Read Blocks": 898,
                                "Temp Written Blocks": 902,
                                "Workers": [
                                  {
                                    "Worker Number": 0,
                                    "Actual Startup Time": 15.338,
                                    "Actual Total Time": 15.339,
                                    "Actual Rows": 0,
                                    "Actual Loops": 1,
                                    "Sort Method": "quicksort",
                                    "Sort Space Used": 25,
                                    "Sort Space Type": "Memory",
                                    "Shared Hit Blocks": 7,
                                    "Shared Read Blocks": 141,
                                    "Shared Dirtied Blocks": 0,
                                    "Shared Written Blocks": 0,
                                    "Local Hit Blocks": 0,
                                    "Local Read Blocks": 0,
                                    "Local Dirtied Blocks": 0,
                                    "Local Written Blocks": 0,
                                    "Temp Read Blocks": 0,
                                    "Temp Written Blocks": 0
                                  },
                                  {
                                    "Worker Number": 1,
                                    "Actual Startup Time": 4990.613,
                                    "Actual Total Time": 4996.21,
                                    "Actual Rows": 86237,
                                    "Actual Loops": 1,
                                    "Sort Method": "external merge",
                                    "Sort Space Used": 2096,
                                    "Sort Space Type": "Disk",
                                    "Shared Hit Blocks": 260570,
                                    "Shared Read Blocks": 18381,
                                    "Shared Dirtied Blocks": 0,
                                    "Shared Written Blocks": 0,
                                    "Local Hit Blocks": 0,
                                    "Local Read Blocks": 0,
                                    "Local Dirtied Blocks": 0,
                                    "Local Written Blocks": 0,
                                    "Temp Read Blocks": 262,
                                    "Temp Written Blocks": 263
                                  }
                                ],
                                "Plans": [
                                  {
                                    "Node Type": "Nested Loop",
                                    "Parent Relationship": "Outer",
                                    "Parallel Aware": false,
                                    "Async Capable": false,
                                    "Join Type": "Inner",
                                    "Startup Cost": 1.28,
                                    "Total Cost": 153047.78,
                                    "Plan Rows": 3632,
                                    "Plan Width": 14,
                                    "Actual Startup Time": 16.388,
                                    "Actual Total Time": 3896.48,
                                    "Actual Rows": 98537,
                                    "Actual Loops": 3,
                                    "Output": [
                                      "customer.c_customer_sk",
                                      "store_sales_1.ss_quantity",
                                      "store_sales_1.ss_sales_price"
                                    ],
                                    "Inner Unique": true,
                                    "Shared Hit Blocks": 898329,
                                    "Shared Read Blocks": 63395,
                                    "Shared Dirtied Blocks": 0,
                                    "Shared Written Blocks": 0,
                                    "Local Hit Blocks": 0,
                                    "Local Read Blocks": 0,
                                    "Local Dirtied Blocks": 0,
                                    "Local Written Blocks": 0,
                                    "Temp Read Blocks": 0,
                                    "Temp Written Blocks": 0,
                                    "Workers": [
                                      {
                                        "Worker Number": 0,
                                        "Actual Startup Time": 15.157,
                                        "Actual Total Time": 15.158,
                                        "Actual Rows": 0,
                                        "Actual Loops": 1,
                                        "Shared Hit Blocks": 0,
                                        "Shared Read Blocks": 141,
                                        "Shared Dirtied Blocks": 0,
                                        "Shared Written Blocks": 0,
                                        "Local Hit Blocks": 0,
                                        "Local Read Blocks": 0,
                                        "Local Dirtied Blocks": 0,
                                        "Local Written Blocks": 0,
                                        "Temp Read Blocks": 0,
                                        "Temp Written Blocks": 0
                                      },
                                      {
                                        "Worker Number": 1,
                                        "Actual Startup Time": 9.253,
                                        "Actual Total Time": 4908.129,
                                        "Actual Rows": 86237,
                                        "Actual Loops": 1,
                                        "Shared Hit Blocks": 260564,
                                        "Shared Read Blocks": 18380,
                                        "Shared Dirtied Blocks": 0,
                                        "Shared Written Blocks": 0,
                                        "Local Hit Blocks": 0,
                                        "Local Read Blocks": 0,
                                        "Local Dirtied Blocks": 0,
                                        "Local Written Blocks": 0,
                                        "Temp Read Blocks": 0,
                                        "Temp Written Blocks": 0
                                      }
                                    ],
                                    "Plans": [
                                      {
                                        "Node Type": "Nested Loop",
                                        "Parent Relationship": "Outer",
                                        "Parallel Aware": false,
                                        "Async Capable": false,
                                        "Join Type": "Inner",
                                        "Startup Cost": 0.85,
                                        "Total Cost": 151206.14,
                                        "Plan Rows": 3807,
                                        "Plan Width": 14,
                                        "Actual Startup Time": 16.011,
                                        "Actual Total Time": 3621.703,
                                        "Actual Rows": 99767,
                                        "Actual Loops": 3,
                                        "Output": [
                                          "store_sales_1.ss_quantity",
                                          "store_sales_1.ss_sales_price",
                                          "store_sales_1.ss_customer_sk"
                                        ],
                                        "Inner Unique": false,
                                        "Shared Hit Blocks": 12866,
                                        "Shared Read Blocks": 62019,
                                        "Shared Dirtied Blocks": 0,
                                        "Shared Written Blocks": 0,
                                        "Local Hit Blocks": 0,
                                        "Local Read Blocks": 0,
                                        "Local Dirtied Blocks": 0,
                                        "Local Written Blocks": 0,
                                        "Temp Read Blocks": 0,
                                        "Temp Written Blocks": 0,
                                        "Workers": [
                                          {
                                            "Worker Number": 0,
                                            "Actual Startup Time": 15.156,
                                            "Actual Total Time": 15.157,
                                            "Actual Rows": 0,
                                            "Actual Loops": 1,
                                            "Shared Hit Blocks": 0,
                                            "Shared Read Blocks": 141,
                                            "Shared Dirtied Blocks": 0,
                                            "Shared Written Blocks": 0,
                                            "Local Hit Blocks": 0,
                                            "Local Read Blocks": 0,
                                            "Local Dirtied Blocks": 0,
                                            "Local Written Blocks": 0,
                                            "Temp Read Blocks": 0,
                                            "Temp Written Blocks": 0
                                          },
                                          {
                                            "Worker Number": 1,
                                            "Actual Startup Time": 8.581,
                                            "Actual Total Time": 4647.39,
                                            "Actual Rows": 87317,
                                            "Actual Loops": 1,
                                            "Shared Hit Blocks": 2293,
                                            "Shared Read Blocks": 17938,
                                            "Shared Dirtied Blocks": 0,
                                            "Shared Written Blocks": 0,
                                            "Local Hit Blocks": 0,
                                            "Local Read Blocks": 0,
                                            "Local Dirtied Blocks": 0,
                                            "Local Written Blocks": 0,
                                            "Temp Read Blocks": 0,
                                            "Temp Written Blocks": 0
                                          }
                                        ],
                                        "Plans": [
                                          {
                                            "Node Type": "Index Only Scan",
                                            "Parent Relationship": "Outer",
                                            "Parallel Aware": true,
                                            "Async Capable": false,
                                            "Scan Direction": "Forward",
                                            "Index Name": "_dta_index_date_dim_6_661577395__k1_k7_k9",
                                            "Relation Name": "date_dim",
                                            "Schema": "public",
                                            "Alias": "date_dim_3",
                                            "Startup Cost": 0.29,
                                            "Total Cost": 1688.68,
                                            "Plan Rows": 152,
                                            "Plan Width": 4,
                                            "Actual Startup Time": 9.646,
                                            "Actual Total Time": 9.762,
                                            "Actual Rows": 122,
                                            "Actual Loops": 3,
                                            "Output": [
                                              "date_dim_3.d_date_sk",
                                              "date_dim_3.d_year",
                                              "date_dim_3.d_moy"
                                            ],
                                            "Index Cond": "(date_dim_3.d_year = 1998)",
                                            "Rows Removed by Index Recheck": 0,
                                            "Heap Fetches": 0,
                                            "Shared Hit Blocks": 1,
                                            "Shared Read Blocks": 282,
                                            "Shared Dirtied Blocks": 0,
                                            "Shared Written Blocks": 0,
                                            "Local Hit Blocks": 0,
                                            "Local Read Blocks": 0,
                                            "Local Dirtied Blocks": 0,
                                            "Local Written Blocks": 0,
                                            "Temp Read Blocks": 0,
                                            "Temp Written Blocks": 0,
                                            "Workers": [
                                              {
                                                "Worker Number": 0,
                                                "Actual Startup Time": 15.156,
                                                "Actual Total Time": 15.156,
                                                "Actual Rows": 0,
                                                "Actual Loops": 1,
                                                "Shared Hit Blocks": 0,
                                                "Shared Read Blocks": 141,
                                                "Shared Dirtied Blocks": 0,
                                                "Shared Written Blocks": 0,
                                                "Local Hit Blocks": 0,
                                                "Local Read Blocks": 0,
                                                "Local Dirtied Blocks": 0,
                                                "Local Written Blocks": 0,
                                                "Temp Read Blocks": 0,
                                                "Temp Written Blocks": 0
                                              },
                                              {
                                                "Worker Number": 1,
                                                "Actual Startup Time": 0.543,
                                                "Actual Total Time": 0.665,
                                                "Actual Rows": 140,
                                                "Actual Loops": 1,
                                                "Shared Hit Blocks": 1,
                                                "Shared Read Blocks": 1,
                                                "Shared Dirtied Blocks": 0,
                                                "Shared Written Blocks": 0,
                                                "Local Hit Blocks": 0,
                                                "Local Read Blocks": 0,
                                                "Local Dirtied Blocks": 0,
                                                "Local Written Blocks": 0,
                                                "Temp Read Blocks": 0,
                                                "Temp Written Blocks": 0
                                              }
                                            ]
                                          },
                                          {
                                            "Node Type": "Index Only Scan",
                                            "Parent Relationship": "Inner",
                                            "Parallel Aware": false,
                                            "Async Capable": false,
                                            "Scan Direction": "Forward",
                                            "Index Name": "_dta_index_store_sales_6_1333579789__k1_k23_k14_k6_k8_k5_k7_3_4",
                                            "Relation Name": "store_sales",
                                            "Schema": "public",
                                            "Alias": "store_sales_1",
                                            "Startup Cost": 0.56,
                                            "Total Cost": 974.73,
                                            "Plan Rows": 894,
                                            "Plan Width": 18,
                                            "Actual Startup Time": 3.17,
                                            "Actual Total Time": 29.572,
                                            "Actual Rows": 820,
                                            "Actual Loops": 365,
                                            "Output": [
                                              "store_sales_1.ss_sold_date_sk",
                                              "store_sales_1.ss_net_profit",
                                              "store_sales_1.ss_sales_price",
                                              "store_sales_1.ss_hdemo_sk",
                                              "store_sales_1.ss_store_sk",
                                              "store_sales_1.ss_cdemo_sk",
                                              "store_sales_1.ss_addr_sk",
                                              "store_sales_1.ss_item_sk",
                                              "store_sales_1.ss_customer_sk",
                                              "store_sales_1.ss_promo_sk",
                                              "store_sales_1.ss_ticket_number",
                                              "store_sales_1.ss_quantity",
                                              "store_sales_1.ss_wholesale_cost",
                                              "store_sales_1.ss_list_price",
                                              "store_sales_1.ss_ext_sales_price",
                                              "store_sales_1.ss_ext_wholesale_cost",
                                              "store_sales_1.ss_coupon_amt"
                                            ],
                                            "Index Cond": "(store_sales_1.ss_sold_date_sk = date_dim_3.d_date_sk)",
                                            "Rows Removed by Index Recheck": 0,
                                            "Filter": "((store_sales_1.ss_wholesale_cost >= '26'::numeric) AND (store_sales_1.ss_wholesale_cost <= '36'::numeric))",
                                            "Rows Removed by Filter": 11566,
                                            "Heap Fetches": 0,
                                            "Shared Hit Blocks": 12865,
                                            "Shared Read Blocks": 61737,
                                            "Shared Dirtied Blocks": 0,
                                            "Shared Written Blocks": 0,
                                            "Local Hit Blocks": 0,
                                            "Local Read Blocks": 0,
                                            "Local Dirtied Blocks": 0,
                                            "Local Written Blocks": 0,
                                            "Temp Read Blocks": 0,
                                            "Temp Written Blocks": 0,
                                            "Workers": [
                                              {
                                                "Worker Number": 1,
                                                "Actual Startup Time": 3.517,
                                                "Actual Total Time": 33.081,
                                                "Actual Rows": 624,
                                                "Actual Loops": 140,
                                                "Shared Hit Blocks": 2292,
                                                "Shared Read Blocks": 17937,
                                                "Shared Dirtied Blocks": 0,
                                                "Shared Written Blocks": 0,
                                                "Local Hit Blocks": 0,
                                                "Local Read Blocks": 0,
                                                "Local Dirtied Blocks": 0,
                                                "Local Written Blocks": 0,
                                                "Temp Read Blocks": 0,
                                                "Temp Written Blocks": 0
                                              }
                                            ]
                                          }
                                        ]
                                      },
                                      {
                                        "Node Type": "Index Only Scan",
                                        "Parent Relationship": "Inner",
                                        "Parallel Aware": false,
                                        "Async Capable": false,
                                        "Scan Direction": "Forward",
                                        "Index Name": "_dta_index_customer_6_949578421__k1_k5",
                                        "Relation Name": "customer",
                                        "Schema": "public",
                                        "Alias": "customer",
                                        "Startup Cost": 0.42,
                                        "Total Cost": 0.48,
                                        "Plan Rows": 1,
                                        "Plan Width": 4,
                                        "Actual Startup Time": 0.002,
                                        "Actual Total Time": 0.002,
                                        "Actual Rows": 1,
                                        "Actual Loops": 299302,
                                        "Output": [
                                          "customer.c_customer_sk",
                                          "customer.c_current_addr_sk"
                                        ],
                                        "Index Cond": "(customer.c_customer_sk = store_sales_1.ss_customer_sk)",
                                        "Rows Removed by Index Recheck": 0,
                                        "Heap Fetches": 0,
                                        "Shared Hit Blocks": 885463,
                                        "Shared Read Blocks": 1376,
                                        "Shared Dirtied Blocks": 0,
                                        "Shared Written Blocks": 0,
                                        "Local Hit Blocks": 0,
                                        "Local Read Blocks": 0,
                                        "Local Dirtied Blocks": 0,
                                        "Local Written Blocks": 0,
                                        "Temp Read Blocks": 0,
                                        "Temp Written Blocks": 0,
                                        "Workers": [
                                          {
                                            "Worker Number": 1,
                                            "Actual Startup Time": 0.003,
                                            "Actual Total Time": 0.003,
                                            "Actual Rows": 1,
                                            "Actual Loops": 87317,
                                            "Shared Hit Blocks": 258271,
                                            "Shared Read Blocks": 442,
                                            "Shared Dirtied Blocks": 0,
                                            "Shared Written Blocks": 0,
                                            "Local Hit Blocks": 0,
                                            "Local Read Blocks": 0,
                                            "Local Dirtied Blocks": 0,
                                            "Local Written Blocks": 0,
                                            "Temp Read Blocks": 0,
                                            "Temp Written Blocks": 0
                                          }
                                        ]
                                      }
                                    ]
                                  }
                                ]
                              }
                            ]
                          }
                        ]
                      }
                    ]
                  }
                ]
              },
              {
                "Node Type": "Gather",
                "Parent Relationship": "Outer",
                "Parallel Aware": false,
                "Async Capable": false,
                "Startup Cost": 208552.0,
                "Total Cost": 214409.99,
                "Plan Rows": 55134,
                "Plan Width": 36,
                "Actual Startup Time": 4760.109,
                "Actual Total Time": 4765.227,
                "Actual Rows": 25254,
                "Actual Loops": 1,
                "Output": [
                  "customer_1.c_customer_sk",
                  "(PARTIAL sum(((store_sales_2.ss_quantity)::numeric * store_sales_2.ss_sales_price)))"
                ],
                "Workers Planned": 2,
                "Workers Launched": 2,
                "Single Copy": false,
                "Shared Hit Blocks": 182953,
                "Shared Read Blocks": 46567,
                "Shared Dirtied Blocks": 0,
                "Shared Written Blocks": 0,
                "Local Hit Blocks": 0,
                "Local Read Blocks": 0,
                "Local Dirtied Blocks": 0,
                "Local Written Blocks": 0,
                "Temp Read Blocks": 0,
                "Temp Written Blocks": 0,
                "Plans": [
                  {
                    "Node Type": "Aggregate",
                    "Strategy": "Hashed",
                    "Partial Mode": "Partial",
                    "Parent Relationship": "Outer",
                    "Parallel Aware": false,
                    "Async Capable": false,
                    "Startup Cost": 207552.0,
                    "Total Cost": 207896.59,
                    "Plan Rows": 27567,
                    "Plan Width": 36,
                    "Actual Startup Time": 4735.623,
                    "Actual Total Time": 4738.39,
                    "Actual Rows": 8418,
                    "Actual Loops": 3,
                    "Output": [
                      "customer_1.c_customer_sk",
                      "PARTIAL sum(((store_sales_2.ss_quantity)::numeric * store_sales_2.ss_sales_price))"
                    ],
                    "Group Key": [
                      "customer_1.c_customer_sk"
                    ],
                    "Planned Partitions": 0,
                    "HashAgg Batches": 1,
                    "Peak Memory Usage": 3857,
                    "Disk Usage": 0,
                    "Shared Hit Blocks": 182953,
                    "Shared Read Blocks": 46567,
                    "Shared Dirtied Blocks": 0,
                    "Shared Written Blocks": 0,
                    "Local Hit Blocks": 0,
                    "Local Read Blocks": 0,
                    "Local Dirtied Blocks": 0,
                    "Local Written Blocks": 0,
                    "Temp Read Blocks": 0,
                    "Temp Written Blocks": 0,
                    "Workers": [
                      {
                        "Worker Number": 0,
                        "Actual Startup Time": 4723.497,
                        "Actual Total Time": 4726.067,
                        "Actual Rows": 8447,
                        "Actual Loops": 1,
                        "HashAgg Batches": 1,
                        "Peak Memory Usage": 4113,
                        "Disk Usage": 0,
                        "JIT": {
                          "Functions": 10,
                          "Options": {
                            "Inlining": false,
                            "Optimization": false,
                            "Expressions": true,
                            "Deforming": true
                          },
                          "Timing": {
                            "Generation": 2.434,
                            "Inlining": 0.0,
                            "Optimization": 0.422,
                            "Emission": 7.055,
                            "Total": 9.912
                          }
                        },
                        "Shared Hit Blocks": 61254,
                        "Shared Read Blocks": 15507,
                        "Shared Dirtied Blocks": 0,
                        "Shared Written Blocks": 0,
                        "Local Hit Blocks": 0,
                        "Local Read Blocks": 0,
                        "Local Dirtied Blocks": 0,
                        "Local Written Blocks": 0,
                        "Temp Read Blocks": 0,
                        "Temp Written Blocks": 0
                      },
                      {
                        "Worker Number": 1,
                        "Actual Startup Time": 4723.469,
                        "Actual Total Time": 4726.096,
                        "Actual Rows": 8454,
                        "Actual Loops": 1,
                        "HashAgg Batches": 1,
                        "Peak Memory Usage": 4113,
                        "Disk Usage": 0,
                        "JIT": {
                          "Functions": 10,
                          "Options": {
                            "Inlining": false,
                            "Optimization": false,
                            "Expressions": true,
                            "Deforming": true
                          },
                          "Timing": {
                            "Generation": 2.185,
                            "Inlining": 0.0,
                            "Optimization": 0.276,
                            "Emission": 7.041,
                            "Total": 9.501
                          }
                        },
                        "Shared Hit Blocks": 60866,
                        "Shared Read Blocks": 15468,
                        "Shared Dirtied Blocks": 0,
                        "Shared Written Blocks": 0,
                        "Local Hit Blocks": 0,
                        "Local Read Blocks": 0,
                        "Local Dirtied Blocks": 0,
                        "Local Written Blocks": 0,
                        "Temp Read Blocks": 0,
                        "Temp Written Blocks": 0
                      }
                    ],
                    "Plans": [
                      {
                        "Node Type": "Nested Loop",
                        "Parent Relationship": "Outer",
                        "Parallel Aware": false,
                        "Async Capable": false,
                        "Join Type": "Inner",
                        "Startup Cost": 0.56,
                        "Total Cost": 201239.03,
                        "Plan Rows": 631297,
                        "Plan Width": 14,
                        "Actual Startup Time": 7.349,
                        "Actual Total Time": 4594.286,
                        "Actual Rows": 504233,
                        "Actual Loops": 3,
                        "Output": [
                          "customer_1.c_customer_sk",
                          "store_sales_2.ss_quantity",
                          "store_sales_2.ss_sales_price"
                        ],
                        "Inner Unique": false,
                        "Shared Hit Blocks": 182953,
                        "Shared Read Blocks": 46567,
                        "Shared Dirtied Blocks": 0,
                        "Shared Written Blocks": 0,
                        "Local Hit Blocks": 0,
                        "Local Read Blocks": 0,
                        "Local Dirtied Blocks": 0,
                        "Local Written Blocks": 0,
                        "Temp Read Blocks": 0,
                        "Temp Written Blocks": 0,
                        "Workers": [
                          {
                            "Worker Number": 0,
                            "Actual Startup Time": 9.426,
                            "Actual Total Time": 4585.246,
                            "Actual Rows": 491525,
                            "Actual Loops": 1,
                            "Shared Hit Blocks": 61254,
                            "Shared Read Blocks": 15507,
                            "Shared Dirtied Blocks": 0,
                            "Shared Written Blocks": 0,
                            "Local Hit Blocks": 0,
                            "Local Read Blocks": 0,
                            "Local Dirtied Blocks": 0,
                            "Local Written Blocks": 0,
                            "Temp Read Blocks": 0,
                            "Temp Written Blocks": 0
                          },
                          {
                            "Worker Number": 1,
                            "Actual Startup Time": 9.962,
                            "Actual Total Time": 4583.977,
                            "Actual Rows": 501244,
                            "Actual Loops": 1,
                            "Shared Hit Blocks": 60866,
                            "Shared Read Blocks": 15468,
                            "Shared Dirtied Blocks": 0,
                            "Shared Written Blocks": 0,
                            "Local Hit Blocks": 0,
                            "Local Read Blocks": 0,
                            "Local Dirtied Blocks": 0,
                            "Local Written Blocks": 0,
                            "Temp Read Blocks": 0,
                            "Temp Written Blocks": 0
                          }
                        ],
                        "Plans": [
                          {
                            "Node Type": "Seq Scan",
                            "Parent Relationship": "Outer",
                            "Parallel Aware": true,
                            "Async Capable": false,
                            "Relation Name": "customer",
                            "Schema": "public",
                            "Alias": "customer_1",
                            "Startup Cost": 0.0,
                            "Total Cost": 17005.0,
                            "Plan Rows": 11486,
                            "Plan Width": 4,
                            "Actual Startup Time": 5.641,
                            "Actual Total Time": 956.135,
                            "Actual Rows": 9098,
                            "Actual Loops": 3,
                            "Output": [
                              "customer_1.c_customer_sk",
                              "customer_1.c_customer_id",
                              "customer_1.c_current_cdemo_sk",
                              "customer_1.c_current_hdemo_sk",
                              "customer_1.c_current_addr_sk",
                              "customer_1.c_first_shipto_date_sk",
                              "customer_1.c_first_sales_date_sk",
                              "customer_1.c_salutation",
                              "customer_1.c_first_name",
                              "customer_1.c_last_name",
                              "customer_1.c_preferred_cust_flag",
                              "customer_1.c_birth_day",
                              "customer_1.c_birth_month",
                              "customer_1.c_birth_year",
                              "customer_1.c_birth_country",
                              "customer_1.c_login",
                              "customer_1.c_email_address",
                              "customer_1.c_last_review_date_sk"
                            ],
                            "Filter": "((customer_1.c_birth_year >= 1927) AND (customer_1.c_birth_year <= 1933))",
                            "Rows Removed by Filter": 157569,
                            "Shared Hit Blocks": 494,
                            "Shared Read Blocks": 13386,
                            "Shared Dirtied Blocks": 0,
                            "Shared Written Blocks": 0,
                            "Local Hit Blocks": 0,
                            "Local Read Blocks": 0,
                            "Local Dirtied Blocks": 0,
                            "Local Written Blocks": 0,
                            "Temp Read Blocks": 0,
                            "Temp Written Blocks": 0,
                            "Workers": [
                              {
                                "Worker Number": 0,
                                "Actual Startup Time": 8.103,
                                "Actual Total Time": 966.916,
                                "Actual Rows": 9122,
                                "Actual Loops": 1,
                                "Shared Hit Blocks": 165,
                                "Shared Read Blocks": 4496,
                                "Shared Dirtied Blocks": 0,
                                "Shared Written Blocks": 0,
                                "Local Hit Blocks": 0,
                                "Local Read Blocks": 0,
                                "Local Dirtied Blocks": 0,
                                "Local Written Blocks": 0,
                                "Temp Read Blocks": 0,
                                "Temp Written Blocks": 0
                              },
                              {
                                "Worker Number": 1,
                                "Actual Startup Time": 8.118,
                                "Actual Total Time": 965.698,
                                "Actual Rows": 9186,
                                "Actual Loops": 1,
                                "Shared Hit Blocks": 152,
                                "Shared Read Blocks": 4489,
                                "Shared Dirtied Blocks": 0,
                                "Shared Written Blocks": 0,
                                "Local Hit Blocks": 0,
                                "Local Read Blocks": 0,
                                "Local Dirtied Blocks": 0,
                                "Local Written Blocks": 0,
                                "Temp Read Blocks": 0,
                                "Temp Written Blocks": 0
                              }
                            ]
                          },
                          {
                            "Node Type": "Index Only Scan",
                            "Parent Relationship": "Inner",
                            "Parallel Aware": false,
                            "Async Capable": false,
                            "Scan Direction": "Forward",
                            "Index Name": "_dta_index_store_sales_6_1333579789__k4_1_3_10_11_14",
                            "Relation Name": "store_sales",
                            "Schema": "public",
                            "Alias": "store_sales_2",
                            "Startup Cost": 0.56,
                            "Total Cost": 12.92,
                            "Plan Rows": 312,
                            "Plan Width": 14,
                            "Actual Startup Time": 0.288,
                            "Actual Total Time": 0.394,
                            "Actual Rows": 55,
                            "Actual Loops": 27294,
                            "Output": [
                              "store_sales_2.ss_customer_sk",
                              "store_sales_2.ss_sold_date_sk",
                              "store_sales_2.ss_item_sk",
                              "store_sales_2.ss_ticket_number",
                              "store_sales_2.ss_quantity",
                              "store_sales_2.ss_sales_price"
                            ],
                            "Index Cond": "(store_sales_2.ss_customer_sk = customer_1.c_customer_sk)",
                            "Rows Removed by Index Recheck": 0,
                            "Heap Fetches": 0,
                            "Shared Hit Blocks": 182459,
                            "Shared Read Blocks": 33181,
                            "Shared Dirtied Blocks": 0,
                            "Shared Written Blocks": 0,
                            "Local Hit Blocks": 0,
                            "Local Read Blocks": 0,
                            "Local Dirtied Blocks": 0,
                            "Local Written Blocks": 0,
                            "Temp Read Blocks": 0,
                            "Temp Written Blocks": 0,
                            "Workers": [
                              {
                                "Worker Number": 0,
                                "Actual Startup Time": 0.286,
                                "Actual Total Time": 0.391,
                                "Actual Rows": 54,
                                "Actual Loops": 9122,
                                "Shared Hit Blocks": 61089,
                                "Shared Read Blocks": 11011,
                                "Shared Dirtied Blocks": 0,
                                "Shared Written Blocks": 0,
                                "Local Hit Blocks": 0,
                                "Local Read Blocks": 0,
                                "Local Dirtied Blocks": 0,
                                "Local Written Blocks": 0,
                                "Temp Read Blocks": 0,
                                "Temp Written Blocks": 0
                              },
                              {
                                "Worker Number": 1,
                                "Actual Startup Time": 0.285,
                                "Actual Total Time": 0.389,
                                "Actual Rows": 55,
                                "Actual Loops": 9186,
                                "Shared Hit Blocks": 60714,
                                "Shared Read Blocks": 10979,
                                "Shared Dirtied Blocks": 0,
                                "Shared Written Blocks": 0,
                                "Local Hit Blocks": 0,
                                "Local Read Blocks": 0,
                                "Local Dirtied Blocks": 0,
                                "Local Written Blocks": 0,
                                "Temp Read Blocks": 0,
                                "Temp Written Blocks": 0
                              }
                            ]
                          }
                        ]
                      }
                    ]
                  }
                ]
              }
            ]
          },
          {
            "Node Type": "Aggregate",
            "Strategy": "Plain",
            "Partial Mode": "Simple",
            "Parent Relationship": "Outer",
            "Parallel Aware": false,
            "Async Capable": false,
            "Startup Cost": 23290.72,
            "Total Cost": 23290.73,
            "Plan Rows": 1,
            "Plan Width": 32,
            "Actual Startup Time": 14769.881,
            "Actual Total Time": 14769.938,
            "Actual Rows": 1,
            "Actual Loops": 1,
            "Output": [
              "sum((((catalog_sales.cs_quantity)::numeric * catalog_sales.cs_list_price)))"
            ],
            "Shared Hit Blocks": 829705,
            "Shared Read Blocks": 107280,
            "Shared Dirtied Blocks": 0,
            "Shared Written Blocks": 0,
            "Local Hit Blocks": 0,
            "Local Read Blocks": 0,
            "Local Dirtied Blocks": 0,
            "Local Written Blocks": 0,
            "Temp Read Blocks": 1564,
            "Temp Written Blocks": 1639,
            "Plans": [
              {
                "Node Type": "Append",
                "Parent Relationship": "Outer",
                "Parallel Aware": false,
                "Async Capable": false,
                "Startup Cost": 1246.52,
                "Total Cost": 23290.7,
                "Plan Rows": 7,
                "Plan Width": 32,
                "Actual Startup Time": 14769.852,
                "Actual Total Time": 14769.908,
                "Actual Rows": 0,
                "Actual Loops": 1,
                "Shared Hit Blocks": 829705,
                "Shared Read Blocks": 107280,
                "Shared Dirtied Blocks": 0,
                "Shared Written Blocks": 0,
                "Local Hit Blocks": 0,
                "Local Read Blocks": 0,
                "Local Dirtied Blocks": 0,
                "Local Written Blocks": 0,
                "Temp Read Blocks": 1564,
                "Temp Written Blocks": 1639,
                "Subplans Removed": 0,
                "Plans": [
                  {
                    "Node Type": "Hash Join",
                    "Parent Relationship": "Member",
                    "Parallel Aware": false,
                    "Async Capable": false,
                    "Join Type": "Inner",
                    "Startup Cost": 1246.52,
                    "Total Cost": 14358.05,
                    "Plan Rows": 6,
                    "Plan Width": 32,
                    "Actual Startup Time": 13973.609,
                    "Actual Total Time": 13973.643,
                    "Actual Rows": 0,
                    "Actual Loops": 1,
                    "Output": [
                      "((catalog_sales.cs_quantity)::numeric * catalog_sales.cs_list_price)"
                    ],
                    "Inner Unique": true,
                    "Hash Cond": "(catalog_sales.cs_bill_customer_sk = best_ss_customer.c_customer_sk)",
                    "Shared Hit Blocks": 829304,
                    "Shared Read Blocks": 104747,
                    "Shared Dirtied Blocks": 0,
                    "Shared Written Blocks": 0,
                    "Local Hit Blocks": 0,
                    "Local Read Blocks": 0,
                    "Local Dirtied Blocks": 0,
                    "Local Written Blocks": 0,
                    "Temp Read Blocks": 1564,
                    "Temp Written Blocks": 1639,
                    "Plans": [
                      {
                        "Node Type": "Hash Join",
                        "Parent Relationship": "Outer",
                        "Parallel Aware": false,
                        "Async Capable": false,
                        "Join Type": "Inner",
                        "Startup Cost": 1035.26,
                        "Total Cost": 14146.56,
                        "Plan Rows": 52,
                        "Plan Width": 14,
                        "Actual Startup Time": 1967.319,
                        "Actual Total Time": 2025.98,
                        "Actual Rows": 2,
                        "Actual Loops": 1,
                        "Output": [
                          "catalog_sales.cs_quantity",
                          "catalog_sales.cs_list_price",
                          "catalog_sales.cs_bill_customer_sk"
                        ],
                        "Inner Unique": true,
                        "Hash Cond": "(catalog_sales.cs_item_sk = frequent_ss_items.item_sk)",
                        "Shared Hit Blocks": 8586,
                        "Shared Read Blocks": 13306,
                        "Shared Dirtied Blocks": 0,
                        "Shared Written Blocks": 0,
                        "Local Hit Blocks": 0,
                        "Local Read Blocks": 0,
                        "Local Dirtied Blocks": 0,
                        "Local Written Blocks": 0,
                        "Temp Read Blocks": 863,
                        "Temp Written Blocks": 866,
                        "Plans": [
                          {
                            "Node Type": "Gather",
                            "Parent Relationship": "Outer",
                            "Parallel Aware": false,
                            "Async Capable": false,
                            "Startup Cost": 1000.73,
                            "Total Cost": 14109.07,
                            "Plan Rows": 907,
                            "Plan Width": 18,
                            "Actual Startup Time": 15.632,
                            "Actual Total Time": 770.522,
                            "Actual Rows": 47468,
                            "Actual Loops": 1,
                            "Output": [
                              "catalog_sales.cs_quantity",
                              "catalog_sales.cs_list_price",
                              "catalog_sales.cs_item_sk",
                              "catalog_sales.cs_bill_customer_sk"
                            ],
                            "Workers Planned": 2,
                            "Workers Launched": 2,
                            "Single Copy": false,
                            "Shared Hit Blocks": 128,
                            "Shared Read Blocks": 8887,
                            "Shared Dirtied Blocks": 0,
                            "Shared Written Blocks": 0,
                            "Local Hit Blocks": 0,
                            "Local Read Blocks": 0,
                            "Local Dirtied Blocks": 0,
                            "Local Written Blocks": 0,
                            "Temp Read Blocks": 0,
                            "Temp Written Blocks": 0,
                            "Plans": [
                              {
                                "Node Type": "Nested Loop",
                                "Parent Relationship": "Outer",
                                "Parallel Aware": false,
                                "Async Capable": false,
                                "Join Type": "Inner",
                                "Startup Cost": 0.73,
                                "Total Cost": 13018.37,
                                "Plan Rows": 378,
                                "Plan Width": 18,
                                "Actual Startup Time": 15.83,
                                "Actual Total Time": 266.023,
                                "Actual Rows": 15823,
                                "Actual Loops": 3,
                                "Output": [
                                  "catalog_sales.cs_quantity",
                                  "catalog_sales.cs_list_price",
                                  "catalog_sales.cs_item_sk",
                                  "catalog_sales.cs_bill_customer_sk"
                                ],
                                "Inner Unique": false,
                                "Shared Hit Blocks": 128,
                                "Shared Read Blocks": 8887,
                                "Shared Dirtied Blocks": 0,
                                "Shared Written Blocks": 0,
                                "Local Hit Blocks": 0,
                                "Local Read Blocks": 0,
                                "Local Dirtied Blocks": 0,
                                "Local Written Blocks": 0,
                                "Temp Read Blocks": 0,
                                "Temp Written Blocks": 0,
                                "Workers": [
                                  {
                                    "Worker Number": 0,
                                    "Actual Startup Time": 16.045,
                                    "Actual Total Time": 16.046,
                                    "Actual Rows": 0,
                                    "Actual Loops": 1,
                                    "JIT": {
                                      "Functions": 8,
                                      "Options": {
                                        "Inlining": false,
                                        "Optimization": false,
                                        "Expressions": true,
                                        "Deforming": true
                                      },
                                      "Timing": {
                                        "Generation": 1.168,
                                        "Inlining": 0.0,
                                        "Optimization": 0.0,
                                        "Emission": 0.0,
                                        "Total": 1.168
                                      }
                                    },
                                    "Shared Hit Blocks": 0,
                                    "Shared Read Blocks": 107,
                                    "Shared Dirtied Blocks": 0,
                                    "Shared Written Blocks": 0,
                                    "Local Hit Blocks": 0,
                                    "Local Read Blocks": 0,
                                    "Local Dirtied Blocks": 0,
                                    "Local Written Blocks": 0,
                                    "Temp Read Blocks": 0,
                                    "Temp Written Blocks": 0
                                  },
                                  {
                                    "Worker Number": 1,
                                    "Actual Startup Time": 16.029,
                                    "Actual Total Time": 16.031,
                                    "Actual Rows": 0,
                                    "Actual Loops": 1,
                                    "JIT": {
                                      "Functions": 8,
                                      "Options": {
                                        "Inlining": false,
                                        "Optimization": false,
                                        "Expressions": true,
                                        "Deforming": true
                                      },
                                      "Timing": {
                                        "Generation": 1.205,
                                        "Inlining": 0.0,
                                        "Optimization": 0.0,
                                        "Emission": 0.0,
                                        "Total": 1.205
                                      }
                                    },
                                    "Shared Hit Blocks": 0,
                                    "Shared Read Blocks": 35,
                                    "Shared Dirtied Blocks": 0,
                                    "Shared Written Blocks": 0,
                                    "Local Hit Blocks": 0,
                                    "Local Read Blocks": 0,
                                    "Local Dirtied Blocks": 0,
                                    "Local Written Blocks": 0,
                                    "Temp Read Blocks": 0,
                                    "Temp Written Blocks": 0
                                  }
                                ],
                                "Plans": [
                                  {
                                    "Node Type": "Index Only Scan",
                                    "Parent Relationship": "Outer",
                                    "Parallel Aware": true,
                                    "Async Capable": false,
                                    "Scan Direction": "Forward",
                                    "Index Name": "_dta_index_date_dim_6_661577395__k1_k7_k9",
                                    "Relation Name": "date_dim",
                                    "Schema": "public",
                                    "Alias": "date_dim",
                                    "Startup Cost": 0.29,
                                    "Total Cost": 1862.91,
                                    "Plan Rows": 12,
                                    "Plan Width": 4,
                                    "Actual Startup Time": 15.677,
                                    "Actual Total Time": 15.694,
                                    "Actual Rows": 10,
                                    "Actual Loops": 3,
                                    "Output": [
                                      "date_dim.d_date_sk",
                                      "date_dim.d_year",
                                      "date_dim.d_moy"
                                    ],
                                    "Index Cond": "((date_dim.d_year = 1998) AND (date_dim.d_moy = 3))",
                                    "Rows Removed by Index Recheck": 0,
                                    "Heap Fetches": 0,
                                    "Shared Hit Blocks": 2,
                                    "Shared Read Blocks": 280,
                                    "Shared Dirtied Blocks": 0,
                                    "Shared Written Blocks": 0,
                                    "Local Hit Blocks": 0,
                                    "Local Read Blocks": 0,
                                    "Local Dirtied Blocks": 0,
                                    "Local Written Blocks": 0,
                                    "Temp Read Blocks": 0,
                                    "Temp Written Blocks": 0,
                                    "Workers": [
                                      {
                                        "Worker Number": 0,
                                        "Actual Startup Time": 16.044,
                                        "Actual Total Time": 16.045,
                                        "Actual Rows": 0,
                                        "Actual Loops": 1,
                                        "Shared Hit Blocks": 0,
                                        "Shared Read Blocks": 107,
                                        "Shared Dirtied Blocks": 0,
                                        "Shared Written Blocks": 0,
                                        "Local Hit Blocks": 0,
                                        "Local Read Blocks": 0,
                                        "Local Dirtied Blocks": 0,
                                        "Local Written Blocks": 0,
                                        "Temp Read Blocks": 0,
                                        "Temp Written Blocks": 0
                                      },
                                      {
                                        "Worker Number": 1,
                                        "Actual Startup Time": 16.028,
                                        "Actual Total Time": 16.029,
                                        "Actual Rows": 0,
                                        "Actual Loops": 1,
                                        "Shared Hit Blocks": 0,
                                        "Shared Read Blocks": 35,
                                        "Shared Dirtied Blocks": 0,
                                        "Shared Written Blocks": 0,
                                        "Local Hit Blocks": 0,
                                        "Local Read Blocks": 0,
                                        "Local Dirtied Blocks": 0,
                                        "Local Written Blocks": 0,
                                        "Temp Read Blocks": 0,
                                        "Temp Written Blocks": 0
                                      }
                                    ]
                                  },
                                  {
                                    "Node Type": "Index Scan",
                                    "Parent Relationship": "Inner",
                                    "Parallel Aware": false,
                                    "Async Capable": false,
                                    "Scan Direction": "Forward",
                                    "Index Name": "_dta_index_catalog_sales_6_1301579675__k1_4",
                                    "Relation Name": "catalog_sales",
                                    "Schema": "public",
                                    "Alias": "catalog_sales",
                                    "Startup Cost": 0.43,
                                    "Total Cost": 919.2,
                                    "Plan Rows": 1042,
                                    "Plan Width": 22,
                                    "Actual Startup Time": 0.055,
                                    "Actual Total Time": 24.014,
                                    "Actual Rows": 1531,
                                    "Actual Loops": 31,
                                    "Output": [
                                      "catalog_sales.cs_sold_date_sk",
                                      "catalog_sales.cs_sold_time_sk",
                                      "catalog_sales.cs_ship_date_sk",
                                      "catalog_sales.cs_bill_customer_sk",
                                      "catalog_sales.cs_bill_cdemo_sk",
                                      "catalog_sales.cs_bill_hdemo_sk",
                                      "catalog_sales.cs_bill_addr_sk",
                                      "catalog_sales.cs_ship_customer_sk",
                                      "catalog_sales.cs_ship_cdemo_sk",
                                      "catalog_sales.cs_ship_hdemo_sk",
                                      "catalog_sales.cs_ship_addr_sk",
                                      "catalog_sales.cs_call_center_sk",
                                      "catalog_sales.cs_catalog_page_sk",
                                      "catalog_sales.cs_ship_mode_sk",
                                      "catalog_sales.cs_warehouse_sk",
                                      "catalog_sales.cs_item_sk",
                                      "catalog_sales.cs_promo_sk",
                                      "catalog_sales.cs_order_number",
                                      "catalog_sales.cs_quantity",
                                      "catalog_sales.cs_wholesale_cost",
                                      "catalog_sales.cs_list_price",
                                      "catalog_sales.cs_sales_price",
                                      "catalog_sales.cs_ext_discount_amt",
                                      "catalog_sales.cs_ext_sales_price",
                                      "catalog_sales.cs_ext_wholesale_cost",
                                      "catalog_sales.cs_ext_list_price",
                                      "catalog_sales.cs_ext_tax",
                                      "catalog_sales.cs_coupon_amt",
                                      "catalog_sales.cs_ext_ship_cost",
                                      "catalog_sales.cs_net_paid",
                                      "catalog_sales.cs_net_paid_inc_tax",
                                      "catalog_sales.cs_net_paid_inc_ship",
                                      "catalog_sales.cs_net_paid_inc_ship_tax",
                                      "catalog_sales.cs_net_profit"
                                    ],
                                    "Index Cond": "(catalog_sales.cs_sold_date_sk = date_dim.d_date_sk)",
                                    "Rows Removed by Index Recheck": 0,
                                    "Filter": "((catalog_sales.cs_wholesale_cost >= '26'::numeric) AND (catalog_sales.cs_wholesale_cost <= '36'::numeric))",
                                    "Rows Removed by Filter": 8196,
                                    "Shared Hit Blocks": 126,
                                    "Shared Read Blocks": 8607,
                                    "Shared Dirtied Blocks": 0,
                                    "Shared Written Blocks": 0,
                                    "Local Hit Blocks": 0,
                                    "Local Read Blocks": 0,
                                    "Local Dirtied Blocks": 0,
                                    "Local Written Blocks": 0,
                                    "Temp Read Blocks": 0,
                                    "Temp Written Blocks": 0,
                                    "Workers": []
                                  }
                                ]
                              }
                            ]
                          },
                          {
                            "Node Type": "Hash",
                            "Parent Relationship": "Inner",
                            "Parallel Aware": false,
                            "Async Capable": false,
                            "Startup Cost": 32.04,
                            "Total Cost": 32.04,
                            "Plan Rows": 200,
                            "Plan Width": 4,
                            "Actual Startup Time": 1250.044,
                            "Actual Total Time": 1250.045,
                            "Actual Rows": 1,
                            "Actual Loops": 1,
                            "Output": [
                              "frequent_ss_items.item_sk"
                            ],
                            "Hash Buckets": 1024,
                            "Original Hash Buckets": 1024,
                            "Hash Batches": 1,
                            "Original Hash Batches": 1,
                            "Peak Memory Usage": 9,
                            "Shared Hit Blocks": 8458,
                            "Shared Read Blocks": 4419,
                            "Shared Dirtied Blocks": 0,
                            "Shared Written Blocks": 0,
                            "Local Hit Blocks": 0,
                            "Local Read Blocks": 0,
                            "Local Dirtied Blocks": 0,
                            "Local Written Blocks": 0,
                            "Temp Read Blocks": 863,
                            "Temp Written Blocks": 866,
                            "Plans": [
                              {
                                "Node Type": "Aggregate",
                                "Strategy": "Hashed",
                                "Partial Mode": "Simple",
                                "Parent Relationship": "Outer",
                                "Parallel Aware": false,
                                "Async Capable": false,
                                "Startup Cost": 30.04,
                                "Total Cost": 32.04,
                                "Plan Rows": 200,
                                "Plan Width": 4,
                                "Actual Startup Time": 1250.036,
                                "Actual Total Time": 1250.038,
                                "Actual Rows": 1,
                                "Actual Loops": 1,
                                "Output": [
                                  "frequent_ss_items.item_sk"
                                ],
                                "Group Key": [
                                  "frequent_ss_items.item_sk"
                                ],
                                "Planned Partitions": 0,
                                "HashAgg Batches": 1,
                                "Peak Memory Usage": 40,
                                "Disk Usage": 0,
                                "Shared Hit Blocks": 8458,
                                "Shared Read Blocks": 4419,
                                "Shared Dirtied Blocks": 0,
                                "Shared Written Blocks": 0,
                                "Local Hit Blocks": 0,
                                "Local Read Blocks": 0,
                                "Local Dirtied Blocks": 0,
                                "Local Written Blocks": 0,
                                "Temp Read Blocks": 863,
                                "Temp Written Blocks": 866,
                                "Plans": [
                                  {
                                    "Node Type": "CTE Scan",
                                    "Parent Relationship": "Outer",
                                    "Parallel Aware": false,
                                    "Async Capable": false,
                                    "CTE Name": "frequent_ss_items",
                                    "Alias": "frequent_ss_items",
                                    "Startup Cost": 0.0,
                                    "Total Cost": 26.7,
                                    "Plan Rows": 1335,
                                    "Plan Width": 4,
                                    "Actual Startup Time": 1178.332,
                                    "Actual Total Time": 1249.883,
                                    "Actual Rows": 365,
                                    "Actual Loops": 1,
                                    "Output": [
                                      "frequent_ss_items.item_sk"
                                    ],
                                    "Shared Hit Blocks": 8458,
                                    "Shared Read Blocks": 4419,
                                    "Shared Dirtied Blocks": 0,
                                    "Shared Written Blocks": 0,
                                    "Local Hit Blocks": 0,
                                    "Local Read Blocks": 0,
                                    "Local Dirtied Blocks": 0,
                                    "Local Written Blocks": 0,
                                    "Temp Read Blocks": 863,
                                    "Temp Written Blocks": 866
                                  }
                                ]
                              }
                            ]
                          }
                        ]
                      },
                      {
                        "Node Type": "Hash",
                        "Parent Relationship": "Inner",
                        "Parallel Aware": false,
                        "Async Capable": false,
                        "Startup Cost": 208.75,
                        "Total Cost": 208.75,
                        "Plan Rows": 200,
                        "Plan Width": 4,
                        "Actual Startup Time": 11947.637,
                        "Actual Total Time": 11947.637,
                        "Actual Rows": 4480,
                        "Actual Loops": 1,
                        "Output": [
                          "best_ss_customer.c_customer_sk"
                        ],
                        "Hash Buckets": 8192,
                        "Original Hash Buckets": 1024,
                        "Hash Batches": 1,
                        "Original Hash Batches": 1,
                        "Peak Memory Usage": 222,
                        "Shared Hit Blocks": 820718,
                        "Shared Read Blocks": 91441,
                        "Shared Dirtied Blocks": 0,
                        "Shared Written Blocks": 0,
                        "Local Hit Blocks": 0,
                        "Local Read Blocks": 0,
                        "Local Dirtied Blocks": 0,
                        "Local Written Blocks": 0,
                        "Temp Read Blocks": 701,
                        "Temp Written Blocks": 773,
                        "Plans": [
                          {
                            "Node Type": "Aggregate",
                            "Strategy": "Hashed",
                            "Partial Mode": "Simple",
                            "Parent Relationship": "Outer",
                            "Parallel Aware": false,
                            "Async Capable": false,
                            "Startup Cost": 206.75,
                            "Total Cost": 208.75,
                            "Plan Rows": 200,
                            "Plan Width": 4,
                            "Actual Startup Time": 11947.127,
                            "Actual Total Time": 11947.361,
                            "Actual Rows": 4480,
                            "Actual Loops": 1,
                            "Output": [
                              "best_ss_customer.c_customer_sk"
                            ],
                            "Group Key": [
                              "best_ss_customer.c_customer_sk"
                            ],
                            "Planned Partitions": 0,
                            "HashAgg Batches": 1,
                            "Peak Memory Usage": 481,
                            "Disk Usage": 0,
                            "Shared Hit Blocks": 820718,
                            "Shared Read Blocks": 91441,
                            "Shared Dirtied Blocks": 0,
                            "Shared Written Blocks": 0,
                            "Local Hit Blocks": 0,
                            "Local Read Blocks": 0,
                            "Local Dirtied Blocks": 0,
                            "Local Written Blocks": 0,
                            "Temp Read Blocks": 701,
                            "Temp Written Blocks": 773,
                            "Plans": [
                              {
                                "Node Type": "CTE Scan",
                                "Parent Relationship": "Outer",
                                "Parallel Aware": false,
                                "Async Capable": false,
                                "CTE Name": "best_ss_customer",
                                "Alias": "best_ss_customer",
                                "Startup Cost": 0.0,
                                "Total Cost": 183.78,
                                "Plan Rows": 9189,
                                "Plan Width": 4,
                                "Actual Startup Time": 11929.274,
                                "Actual Total Time": 11946.379,
                                "Actual Rows": 4480,
                                "Actual Loops": 1,
                                "Output": [
                                  "best_ss_customer.c_customer_sk"
                                ],
                                "Shared Hit Blocks": 820718,
                                "Shared Read Blocks": 91441,
                                "Shared Dirtied Blocks": 0,
                                "Shared Written Blocks": 0,
                                "Local Hit Blocks": 0,
                                "Local Read Blocks": 0,
                                "Local Dirtied Blocks": 0,
                                "Local Written Blocks": 0,
                                "Temp Read Blocks": 701,
                                "Temp Written Blocks": 773
                              }
                            ]
                          }
                        ]
                      }
                    ]
                  },
                  {
                    "Node Type": "Hash Join",
                    "Parent Relationship": "Member",
                    "Parallel Aware": false,
                    "Async Capable": false,
                    "Join Type": "Inner",
                    "Startup Cost": 1246.52,
                    "Total Cost": 8932.61,
                    "Plan Rows": 1,
                    "Plan Width": 32,
                    "Actual Startup Time": 796.239,
                    "Actual Total Time": 796.261,
                    "Actual Rows": 0,
                    "Actual Loops": 1,
                    "Output": [
                      "((web_sales.ws_quantity)::numeric * web_sales.ws_list_price)"
                    ],
                    "Inner Unique": true,
                    "Hash Cond": "(web_sales.ws_bill_customer_sk = best_ss_customer_1.c_customer_sk)",
                    "Shared Hit Blocks": 401,
                    "Shared Read Blocks": 2533,
                    "Shared Dirtied Blocks": 0,
                    "Shared Written Blocks": 0,
                    "Local Hit Blocks": 0,
                    "Local Read Blocks": 0,
                    "Local Dirtied Blocks": 0,
                    "Local Written Blocks": 0,
                    "Temp Read Blocks": 0,
                    "Temp Written Blocks": 0,
                    "Plans": [
                      {
                        "Node Type": "Hash Join",
                        "Parent Relationship": "Outer",
                        "Parallel Aware": false,
                        "Async Capable": false,
                        "Join Type": "Inner",
                        "Startup Cost": 1035.26,
                        "Total Cost": 8721.32,
                        "Plan Rows": 10,
                        "Plan Width": 14,
                        "Actual Startup Time": 794.996,
                        "Actual Total Time": 795.016,
                        "Actual Rows": 0,
                        "Actual Loops": 1,
                        "Output": [
                          "web_sales.ws_quantity",
                          "web_sales.ws_list_price",
                          "web_sales.ws_bill_customer_sk"
                        ],
                        "Inner Unique": true,
                        "Hash Cond": "(web_sales.ws_item_sk = frequent_ss_items_1.item_sk)",
                        "Shared Hit Blocks": 401,
                        "Shared Read Blocks": 2533,
                        "Shared Dirtied Blocks": 0,
                        "Shared Written Blocks": 0,
                        "Local Hit Blocks": 0,
                        "Local Read Blocks": 0,
                        "Local Dirtied Blocks": 0,
                        "Local Written Blocks": 0,
                        "Temp Read Blocks": 0,
                        "Temp Written Blocks": 0,
                        "Plans": [
                          {
                            "Node Type": "Gather",
                            "Parent Relationship": "Outer",
                            "Parallel Aware": false,
                            "Async Capable": false,
                            "Startup Cost": 1000.73,
                            "Total Cost": 8686.22,
                            "Plan Rows": 172,
                            "Plan Width": 18,
                            "Actual Startup Time": 4.057,
                            "Actual Total Time": 793.063,
                            "Actual Rows": 5199,
                            "Actual Loops": 1,
                            "Output": [
                              "web_sales.ws_quantity",
                              "web_sales.ws_list_price",
                              "web_sales.ws_item_sk",
                              "web_sales.ws_bill_customer_sk"
                            ],
                            "Workers Planned": 2,
                            "Workers Launched": 2,
                            "Single Copy": false,
                            "Shared Hit Blocks": 401,
                            "Shared Read Blocks": 2533,
                            "Shared Dirtied Blocks": 0,
                            "Shared Written Blocks": 0,
                            "Local Hit Blocks": 0,
                            "Local Read Blocks": 0,
                            "Local Dirtied Blocks": 0,
                            "Local Written Blocks": 0,
                            "Temp Read Blocks": 0,
                            "Temp Written Blocks": 0,
                            "Plans": [
                              {
                                "Node Type": "Nested Loop",
                                "Parent Relationship": "Outer",
                                "Parallel Aware": false,
                                "Async Capable": false,
                                "Join Type": "Inner",
                                "Startup Cost": 0.72,
                                "Total Cost": 7669.02,
                                "Plan Rows": 72,
                                "Plan Width": 18,
                                "Actual Startup Time": 1.981,
                                "Actual Total Time": 264.717,
                                "Actual Rows": 1733,
                                "Actual Loops": 3,
                                "Output": [
                                  "web_sales.ws_quantity",
                                  "web_sales.ws_list_price",
                                  "web_sales.ws_item_sk",
                                  "web_sales.ws_bill_customer_sk"
                                ],
                                "Inner Unique": false,
                                "Shared Hit Blocks": 401,
                                "Shared Read Blocks": 2533,
                                "Shared Dirtied Blocks": 0,
                                "Shared Written Blocks": 0,
                                "Local Hit Blocks": 0,
                                "Local Read Blocks": 0,
                                "Local Dirtied Blocks": 0,
                                "Local Written Blocks": 0,
                                "Temp Read Blocks": 0,
                                "Temp Written Blocks": 0,
                                "Workers": [
                                  {
                                    "Worker Number": 0,
                                    "Actual Startup Time": 1.059,
                                    "Actual Total Time": 1.06,
                                    "Actual Rows": 0,
                                    "Actual Loops": 1,
                                    "JIT": {
                                      "Functions": 8,
                                      "Options": {
                                        "Inlining": false,
                                        "Optimization": false,
                                        "Expressions": true,
                                        "Deforming": true
                                      },
                                      "Timing": {
                                        "Generation": 0.723,
                                        "Inlining": 0.0,
                                        "Optimization": 0.0,
                                        "Emission": 0.0,
                                        "Total": 0.723
                                      }
                                    },
                                    "Shared Hit Blocks": 62,
                                    "Shared Read Blocks": 0,
                                    "Shared Dirtied Blocks": 0,
                                    "Shared Written Blocks": 0,
                                    "Local Hit Blocks": 0,
                                    "Local Read Blocks": 0,
                                    "Local Dirtied Blocks": 0,
                                    "Local Written Blocks": 0,
                                    "Temp Read Blocks": 0,
                                    "Temp Written Blocks": 0
                                  },
                                  {
                                    "Worker Number": 1,
                                    "Actual Startup Time": 1.021,
                                    "Actual Total Time": 1.022,
                                    "Actual Rows": 0,
                                    "Actual Loops": 1,
                                    "JIT": {
                                      "Functions": 8,
                                      "Options": {
                                        "Inlining": false,
                                        "Optimization": false,
                                        "Expressions": true,
                                        "Deforming": true
                                      },
                                      "Timing": {
                                        "Generation": 0.744,
                                        "Inlining": 0.0,
                                        "Optimization": 0.0,
                                        "Emission": 0.0,
                                        "Total": 0.744
                                      }
                                    },
                                    "Shared Hit Blocks": 80,
                                    "Shared Read Blocks": 0,
                                    "Shared Dirtied Blocks": 0,
                                    "Shared Written Blocks": 0,
                                    "Local Hit Blocks": 0,
                                    "Local Read Blocks": 0,
                                    "Local Dirtied Blocks": 0,
                                    "Local Written Blocks": 0,
                                    "Temp Read Blocks": 0,
                                    "Temp Written Blocks": 0
                                  }
                                ],
                                "Plans": [
                                  {
                                    "Node Type": "Index Only Scan",
                                    "Parent Relationship": "Outer",
                                    "Parallel Aware": true,
                                    "Async Capable": false,
                                    "Scan Direction": "Forward",
                                    "Index Name": "_dta_index_date_dim_6_661577395__k1_k7_k9",
                                    "Relation Name": "date_dim",
                                    "Schema": "public",
                                    "Alias": "date_dim_1",
                                    "Startup Cost": 0.29,
                                    "Total Cost": 1862.91,
                                    "Plan Rows": 12,
                                    "Plan Width": 4,
                                    "Actual Startup Time": 0.793,
                                    "Actual Total Time": 0.813,
                                    "Actual Rows": 10,
                                    "Actual Loops": 3,
                                    "Output": [
                                      "date_dim_1.d_date_sk",
                                      "date_dim_1.d_year",
                                      "date_dim_1.d_moy"
                                    ],
                                    "Index Cond": "((date_dim_1.d_year = 1998) AND (date_dim_1.d_moy = 3))",
                                    "Rows Removed by Index Recheck": 0,
                                    "Heap Fetches": 0,
                                    "Shared Hit Blocks": 282,
                                    "Shared Read Blocks": 0,
                                    "Shared Dirtied Blocks": 0,
                                    "Shared Written Blocks": 0,
                                    "Local Hit Blocks": 0,
                                    "Local Read Blocks": 0,
                                    "Local Dirtied Blocks": 0,
                                    "Local Written Blocks": 0,
                                    "Temp Read Blocks": 0,
                                    "Temp Written Blocks": 0,
                                    "Workers": [
                                      {
                                        "Worker Number": 0,
                                        "Actual Startup Time": 1.059,
                                        "Actual Total Time": 1.059,
                                        "Actual Rows": 0,
                                        "Actual Loops": 1,
                                        "Shared Hit Blocks": 62,
                                        "Shared Read Blocks": 0,
                                        "Shared Dirtied Blocks": 0,
                                        "Shared Written Blocks": 0,
                                        "Local Hit Blocks": 0,
                                        "Local Read Blocks": 0,
                                        "Local Dirtied Blocks": 0,
                                        "Local Written Blocks": 0,
                                        "Temp Read Blocks": 0,
                                        "Temp Written Blocks": 0
                                      },
                                      {
                                        "Worker Number": 1,
                                        "Actual Startup Time": 1.021,
                                        "Actual Total Time": 1.021,
                                        "Actual Rows": 0,
                                        "Actual Loops": 1,
                                        "Shared Hit Blocks": 80,
                                        "Shared Read Blocks": 0,
                                        "Shared Dirtied Blocks": 0,
                                        "Shared Written Blocks": 0,
                                        "Local Hit Blocks": 0,
                                        "Local Read Blocks": 0,
                                        "Local Dirtied Blocks": 0,
                                        "Local Written Blocks": 0,
                                        "Temp Read Blocks": 0,
                                        "Temp Written Blocks": 0
                                      }
                                    ]
                                  },
                                  {
                                    "Node Type": "Index Scan",
                                    "Parent Relationship": "Inner",
                                    "Parallel Aware": false,
                                    "Async Capable": false,
                                    "Scan Direction": "Forward",
                                    "Index Name": "_dta_index_web_sales_6_1269579561__k1_8_24",
                                    "Relation Name": "web_sales",
                                    "Schema": "public",
                                    "Alias": "web_sales",
                                    "Startup Cost": 0.43,
                                    "Total Cost": 481.86,
                                    "Plan Rows": 198,
                                    "Plan Width": 22,
                                    "Actual Startup Time": 0.228,
                                    "Actual Total Time": 25.486,
                                    "Actual Rows": 168,
                                    "Actual Loops": 31,
                                    "Output": [
                                      "web_sales.ws_sold_date_sk",
                                      "web_sales.ws_sold_time_sk",
                                      "web_sales.ws_ship_date_sk",
                                      "web_sales.ws_item_sk",
                                      "web_sales.ws_bill_customer_sk",
                                      "web_sales.ws_bill_cdemo_sk",
                                      "web_sales.ws_bill_hdemo_sk",
                                      "web_sales.ws_bill_addr_sk",
                                      "web_sales.ws_ship_customer_sk",
                                      "web_sales.ws_ship_cdemo_sk",
                                      "web_sales.ws_ship_hdemo_sk",
                                      "web_sales.ws_ship_addr_sk",
                                      "web_sales.ws_web_page_sk",
                                      "web_sales.ws_web_site_sk",
                                      "web_sales.ws_ship_mode_sk",
                                      "web_sales.ws_warehouse_sk",
                                      "web_sales.ws_promo_sk",
                                      "web_sales.ws_order_number",
                                      "web_sales.ws_quantity",
                                      "web_sales.ws_wholesale_cost",
                                      "web_sales.ws_list_price",
                                      "web_sales.ws_sales_price",
                                      "web_sales.ws_ext_discount_amt",
                                      "web_sales.ws_ext_sales_price",
                                      "web_sales.ws_ext_wholesale_cost",
                                      "web_sales.ws_ext_list_price",
                                      "web_sales.ws_ext_tax",
                                      "web_sales.ws_coupon_amt",
                                      "web_sales.ws_ext_ship_cost",
                                      "web_sales.ws_net_paid",
                                      "web_sales.ws_net_paid_inc_tax",
                                      "web_sales.ws_net_paid_inc_ship",
                                      "web_sales.ws_net_paid_inc_ship_tax",
                                      "web_sales.ws_net_profit"
                                    ],
                                    "Index Cond": "(web_sales.ws_sold_date_sk = date_dim_1.d_date_sk)",
                                    "Rows Removed by Index Recheck": 0,
                                    "Filter": "((web_sales.ws_wholesale_cost >= '26'::numeric) AND (web_sales.ws_wholesale_cost <= '36'::numeric))",
                                    "Rows Removed by Filter": 2577,
                                    "Shared Hit Blocks": 119,
                                    "Shared Read Blocks": 2533,
                                    "Shared Dirtied Blocks": 0,
                                    "Shared Written Blocks": 0,
                                    "Local Hit Blocks": 0,
                                    "Local Read Blocks": 0,
                                    "Local Dirtied Blocks": 0,
                                    "Local Written Blocks": 0,
                                    "Temp Read Blocks": 0,
                                    "Temp Written Blocks": 0,
                                    "Workers": []
                                  }
                                ]
                              }
                            ]
                          },
                          {
                            "Node Type": "Hash",
                            "Parent Relationship": "Inner",
                            "Parallel Aware": false,
                            "Async Capable": false,
                            "Startup Cost": 32.04,
                            "Total Cost": 32.04,
                            "Plan Rows": 200,
                            "Plan Width": 4,
                            "Actual Startup Time": 0.055,
                            "Actual Total Time": 0.055,
                            "Actual Rows": 1,
                            "Actual Loops": 1,
                            "Output": [
                              "frequent_ss_items_1.item_sk"
                            ],
                            "Hash Buckets": 1024,
                            "Original Hash Buckets": 1024,
                            "Hash Batches": 1,
                            "Original Hash Batches": 1,
                            "Peak Memory Usage": 9,
                            "Shared Hit Blocks": 0,
                            "Shared Read Blocks": 0,
                            "Shared Dirtied Blocks": 0,
                            "Shared Written Blocks": 0,
                            "Local Hit Blocks": 0,
                            "Local Read Blocks": 0,
                            "Local Dirtied Blocks": 0,
                            "Local Written Blocks": 0,
                            "Temp Read Blocks": 0,
                            "Temp Written Blocks": 0,
                            "Plans": [
                              {
                                "Node Type": "Aggregate",
                                "Strategy": "Hashed",
                                "Partial Mode": "Simple",
                                "Parent Relationship": "Outer",
                                "Parallel Aware": false,
                                "Async Capable": false,
                                "Startup Cost": 30.04,
                                "Total Cost": 32.04,
                                "Plan Rows": 200,
                                "Plan Width": 4,
                                "Actual Startup Time": 0.052,
                                "Actual Total Time": 0.053,
                                "Actual Rows": 1,
                                "Actual Loops": 1,
                                "Output": [
                                  "frequent_ss_items_1.item_sk"
                                ],
                                "Group Key": [
                                  "frequent_ss_items_1.item_sk"
                                ],
                                "Planned Partitions": 0,
                                "HashAgg Batches": 1,
                                "Peak Memory Usage": 40,
                                "Disk Usage": 0,
                                "Shared Hit Blocks": 0,
                                "Shared Read Blocks": 0,
                                "Shared Dirtied Blocks": 0,
                                "Shared Written Blocks": 0,
                                "Local Hit Blocks": 0,
                                "Local Read Blocks": 0,
                                "Local Dirtied Blocks": 0,
                                "Local Written Blocks": 0,
                                "Temp Read Blocks": 0,
                                "Temp Written Blocks": 0,
                                "Plans": [
                                  {
                                    "Node Type": "CTE Scan",
                                    "Parent Relationship": "Outer",
                                    "Parallel Aware": false,
                                    "Async Capable": false,
                                    "CTE Name": "frequent_ss_items",
                                    "Alias": "frequent_ss_items_1",
                                    "Startup Cost": 0.0,
                                    "Total Cost": 26.7,
                                    "Plan Rows": 1335,
                                    "Plan Width": 4,
                                    "Actual Startup Time": 0.006,
                                    "Actual Total Time": 0.024,
                                    "Actual Rows": 365,
                                    "Actual Loops": 1,
                                    "Output": [
                                      "frequent_ss_items_1.item_sk"
                                    ],
                                    "Shared Hit Blocks": 0,
                                    "Shared Read Blocks": 0,
                                    "Shared Dirtied Blocks": 0,
                                    "Shared Written Blocks": 0,
                                    "Local Hit Blocks": 0,
                                    "Local Read Blocks": 0,
                                    "Local Dirtied Blocks": 0,
                                    "Local Written Blocks": 0,
                                    "Temp Read Blocks": 0,
                                    "Temp Written Blocks": 0
                                  }
                                ]
                              }
                            ]
                          }
                        ]
                      },
                      {
                        "Node Type": "Hash",
                        "Parent Relationship": "Inner",
                        "Parallel Aware": false,
                        "Async Capable": false,
                        "Startup Cost": 208.75,
                        "Total Cost": 208.75,
                        "Plan Rows": 200,
                        "Plan Width": 4,
                        "Actual Startup Time": 1.233,
                        "Actual Total Time": 1.234,
                        "Actual Rows": 4480,
                        "Actual Loops": 1,
                        "Output": [
                          "best_ss_customer_1.c_customer_sk"
                        ],
                        "Hash Buckets": 8192,
                        "Original Hash Buckets": 1024,
                        "Hash Batches": 1,
                        "Original Hash Batches": 1,
                        "Peak Memory Usage": 222,
                        "Shared Hit Blocks": 0,
                        "Shared Read Blocks": 0,
                        "Shared Dirtied Blocks": 0,
                        "Shared Written Blocks": 0,
                        "Local Hit Blocks": 0,
                        "Local Read Blocks": 0,
                        "Local Dirtied Blocks": 0,
                        "Local Written Blocks": 0,
                        "Temp Read Blocks": 0,
                        "Temp Written Blocks": 0,
                        "Plans": [
                          {
                            "Node Type": "Aggregate",
                            "Strategy": "Hashed",
                            "Partial Mode": "Simple",
                            "Parent Relationship": "Outer",
                            "Parallel Aware": false,
                            "Async Capable": false,
                            "Startup Cost": 206.75,
                            "Total Cost": 208.75,
                            "Plan Rows": 200,
                            "Plan Width": 4,
                            "Actual Startup Time": 0.725,
                            "Actual Total Time": 0.955,
                            "Actual Rows": 4480,
                            "Actual Loops": 1,
                            "Output": [
                              "best_ss_customer_1.c_customer_sk"
                            ],
                            "Group Key": [
                              "best_ss_customer_1.c_customer_sk"
                            ],
                            "Planned Partitions": 0,
                            "HashAgg Batches": 1,
                            "Peak Memory Usage": 481,
                            "Disk Usage": 0,
                            "Shared Hit Blocks": 0,
                            "Shared Read Blocks": 0,
                            "Shared Dirtied Blocks": 0,
                            "Shared Written Blocks": 0,
                            "Local Hit Blocks": 0,
                            "Local Read Blocks": 0,
                            "Local Dirtied Blocks": 0,
                            "Local Written Blocks": 0,
                            "Temp Read Blocks": 0,
                            "Temp Written Blocks": 0,
                            "Plans": [
                              {
                                "Node Type": "CTE Scan",
                                "Parent Relationship": "Outer",
                                "Parallel Aware": false,
                                "Async Capable": false,
                                "CTE Name": "best_ss_customer",
                                "Alias": "best_ss_customer_1",
                                "Startup Cost": 0.0,
                                "Total Cost": 183.78,
                                "Plan Rows": 9189,
                                "Plan Width": 4,
                                "Actual Startup Time": 0.024,
                                "Actual Total Time": 0.226,
                                "Actual Rows": 4480,
                                "Actual Loops": 1,
                                "Output": [
                                  "best_ss_customer_1.c_customer_sk"
                                ],
                                "Shared Hit Blocks": 0,
                                "Shared Read Blocks": 0,
                                "Shared Dirtied Blocks": 0,
                                "Shared Written Blocks": 0,
                                "Local Hit Blocks": 0,
                                "Local Read Blocks": 0,
                                "Local Dirtied Blocks": 0,
                                "Local Written Blocks": 0,
                                "Temp Read Blocks": 0,
                                "Temp Written Blocks": 0
                              }
                            ]
                          }
                        ]
                      }
                    ]
                  }
                ]
              }
            ]
          }
        ]
      },
      "Planning": {
        "Shared Hit Blocks": 59,
        "Shared Read Blocks": 61,
        "Shared Dirtied Blocks": 0,
        "Shared Written Blocks": 0,
        "Local Hit Blocks": 0,
        "Local Read Blocks": 0,
        "Local Dirtied Blocks": 0,
        "Local Written Blocks": 0,
        "Temp Read Blocks": 0,
        "Temp Written Blocks": 0
      },
      "Planning Time": 7.716,
      "Triggers": [],
      "JIT": {
        "Functions": 241,
        "Options": {
          "Inlining": false,
          "Optimization": false,
          "Expressions": true,
          "Deforming": true
        },
        "Timing": {
          "Generation": 22.648,
          "Inlining": 0.0,
          "Optimization": 3.975,
          "Emission": 85.649,
          "Total": 112.271
        }
      },
      "Execution Time": 14824.426
    }
  ],
  "original_sql": "with frequent_ss_items as\n (select substring(i_item_desc,1,30) itemdesc,i_item_sk item_sk,d_date solddate,count(*) cnt\n  from store_sales\n      ,date_dim\n      ,item\n  where ss_sold_date_sk = d_date_sk\n    and ss_item_sk = i_item_sk\n    and d_year = 1998\n    and i_manager_id BETWEEN 81 and 100\n     AND i_category IN ('Home', 'Jewelry', 'Music')\n  group by substring(i_item_desc,1,30),i_item_sk,d_date\n  having count(*) >4),\n max_store_sales as\n (select max(csales) tpcds_cmax\n  from (select c_customer_sk,sum(ss_quantity*ss_sales_price) csales\n        from store_sales\n            ,customer\n            ,date_dim\n        where ss_customer_sk = c_customer_sk\n         and ss_sold_date_sk = d_date_sk\n         and d_year = 1998\n         and ss_wholesale_cost BETWEEN 26 AND 36\n        group by c_customer_sk) tmp1),\n best_ss_customer as\n (select c_customer_sk,sum(ss_quantity*ss_sales_price) ssales\n  from store_sales\n      ,customer\n  where ss_customer_sk = c_customer_sk\n  and c_birth_year BETWEEN 1927 AND 1933\n  group by c_customer_sk\n  having sum(ss_quantity*ss_sales_price) > (95/100.0) * (select\n  *\nfrom\n max_store_sales))\n  select  sum(sales)\n from (select cs_quantity*cs_list_price sales\n       from catalog_sales\n           ,date_dim\n       where d_year = 1998\n         and d_moy = 3\n         and cs_sold_date_sk = d_date_sk\n         and cs_item_sk in (select item_sk from frequent_ss_items)\n         and cs_bill_customer_sk in (select c_customer_sk from best_ss_customer)\n         and cs_wholesale_cost BETWEEN 26 AND 36\n      union all\n      select ws_quantity*ws_list_price sales\n       from web_sales\n           ,date_dim\n       where d_year = 1998\n         and d_moy = 3\n         and ws_sold_date_sk = d_date_sk\n         and ws_item_sk in (select item_sk from frequent_ss_items)\n         and ws_bill_customer_sk in (select c_customer_sk from best_ss_customer)\n         and ws_wholesale_cost BETWEEN 26 AND 36) tmp2\n limit 100"
}