{
  "query_id": "query064_multi",
  "engine": "postgresql",
  "benchmark": "dsb",
  "scale_factor": 10,
  "execution_time_ms": 52021.905,
  "planning_time_ms": 110.326,
  "plan_json": [
    {
      "Plan": {
        "Node Type": "Sort",
        "Parallel Aware": false,
        "Async Capable": false,
        "Startup Cost": 627505.09,
        "Total Cost": 627505.09,
        "Plan Rows": 1,
        "Plan Width": 1310,
        "Actual Startup Time": 51819.946,
        "Actual Total Time": 52013.777,
        "Actual Rows": 0,
        "Actual Loops": 1,
        "Output": [
          "cs1.product_name",
          "cs1.store_name",
          "cs1.store_zip",
          "cs1.b_street_number",
          "cs1.b_street_name",
          "cs1.b_city",
          "cs1.b_zip",
          "cs1.c_street_number",
          "cs1.c_street_name",
          "cs1.c_city",
          "cs1.c_zip",
          "cs1.syear",
          "cs1.cnt",
          "cs1.s1",
          "cs1.s2",
          "cs1.s3",
          "cs2.s1",
          "cs2.s2",
          "cs2.s3",
          "cs2.syear",
          "cs2.cnt"
        ],
        "Sort Key": [
          "cs1.product_name",
          "cs1.store_name",
          "cs2.cnt",
          "cs1.s1",
          "cs2.s1"
        ],
        "Sort Method": "quicksort",
        "Sort Space Used": 25,
        "Sort Space Type": "Memory",
        "Shared Hit Blocks": 105615,
        "Shared Read Blocks": 523559,
        "Shared Dirtied Blocks": 0,
        "Shared Written Blocks": 0,
        "Local Hit Blocks": 0,
        "Local Read Blocks": 0,
        "Local Dirtied Blocks": 0,
        "Local Written Blocks": 0,
        "Temp Read Blocks": 25639,
        "Temp Written Blocks": 25968,
        "Plans": [
          {
            "Node Type": "Aggregate",
            "Strategy": "Sorted",
            "Partial Mode": "Simple",
            "Parent Relationship": "InitPlan",
            "Subplan Name": "CTE cross_sales",
            "Parallel Aware": false,
            "Async Capable": false,
            "Startup Cost": 591670.6,
            "Total Cost": 627505.01,
            "Plan Rows": 1,
            "Plan Width": 266,
            "Actual Startup Time": 51819.906,
            "Actual Total Time": 52013.743,
            "Actual Rows": 5,
            "Actual Loops": 1,
            "Output": [
              "item.i_product_name",
              "item.i_item_sk",
              "store.s_store_name",
              "store.s_zip",
              "ad1.ca_street_number",
              "ad1.ca_street_name",
              "ad1.ca_city",
              "ad1.ca_zip",
              "ad2.ca_street_number",
              "ad2.ca_street_name",
              "ad2.ca_city",
              "ad2.ca_zip",
              "d1.d_year",
              "d2.d_year",
              "d3.d_year",
              "count(*)",
              "sum(store_sales.ss_wholesale_cost)",
              "sum(store_sales.ss_list_price)",
              "sum(store_sales.ss_coupon_amt)"
            ],
            "Group Key": [
              "item.i_item_sk",
              "store.s_store_name",
              "store.s_zip",
              "ad1.ca_street_number",
              "ad1.ca_street_name",
              "ad1.ca_city",
              "ad1.ca_zip",
              "ad2.ca_street_number",
              "ad2.ca_street_name",
              "ad2.ca_city",
              "ad2.ca_zip",
              "d1.d_year",
              "d2.d_year",
              "d3.d_year"
            ],
            "Shared Hit Blocks": 105615,
            "Shared Read Blocks": 523559,
            "Shared Dirtied Blocks": 0,
            "Shared Written Blocks": 0,
            "Local Hit Blocks": 0,
            "Local Read Blocks": 0,
            "Local Dirtied Blocks": 0,
            "Local Written Blocks": 0,
            "Temp Read Blocks": 25639,
            "Temp Written Blocks": 25968,
            "Plans": [
              {
                "Node Type": "Incremental Sort",
                "Parent Relationship": "Outer",
                "Parallel Aware": false,
                "Async Capable": false,
                "Startup Cost": 591670.6,
                "Total Cost": 627504.91,
                "Plan Rows": 2,
                "Plan Width": 177,
                "Actual Startup Time": 51819.854,
                "Actual Total Time": 52013.683,
                "Actual Rows": 5,
                "Actual Loops": 1,
                "Output": [
                  "item.i_item_sk",
                  "store.s_store_name",
                  "store.s_zip",
                  "ad1.ca_street_number",
                  "ad1.ca_street_name",
                  "ad1.ca_city",
                  "ad1.ca_zip",
                  "ad2.ca_street_number",
                  "ad2.ca_street_name",
                  "ad2.ca_city",
                  "ad2.ca_zip",
                  "d1.d_year",
                  "d2.d_year",
                  "d3.d_year",
                  "item.i_product_name",
                  "store_sales.ss_wholesale_cost",
                  "store_sales.ss_list_price",
                  "store_sales.ss_coupon_amt"
                ],
                "Sort Key": [
                  "item.i_item_sk",
                  "store.s_store_name",
                  "store.s_zip",
                  "ad1.ca_street_number",
                  "ad1.ca_street_name",
                  "ad1.ca_city",
                  "ad1.ca_zip",
                  "ad2.ca_street_number",
                  "ad2.ca_street_name",
                  "ad2.ca_city",
                  "ad2.ca_zip",
                  "d1.d_year",
                  "d2.d_year",
                  "d3.d_year"
                ],
                "Presorted Key": [
                  "item.i_item_sk"
                ],
                "Full-sort Groups": {
                  "Group Count": 1,
                  "Sort Methods Used": [
                    "quicksort"
                  ],
                  "Sort Space Memory": {
                    "Average Sort Space Used": 26,
                    "Peak Sort Space Used": 26
                  }
                },
                "Shared Hit Blocks": 105615,
                "Shared Read Blocks": 523559,
                "Shared Dirtied Blocks": 0,
                "Shared Written Blocks": 0,
                "Local Hit Blocks": 0,
                "Local Read Blocks": 0,
                "Local Dirtied Blocks": 0,
                "Local Written Blocks": 0,
                "Temp Read Blocks": 25639,
                "Temp Written Blocks": 25968,
                "Plans": [
                  {
                    "Node Type": "Nested Loop",
                    "Parent Relationship": "Outer",
                    "Parallel Aware": false,
                    "Async Capable": false,
                    "Join Type": "Inner",
                    "Startup Cost": 555836.37,
                    "Total Cost": 627504.82,
                    "Plan Rows": 1,
                    "Plan Width": 177,
                    "Actual Startup Time": 27287.561,
                    "Actual Total Time": 52013.657,
                    "Actual Rows": 5,
                    "Actual Loops": 1,
                    "Output": [
                      "item.i_item_sk",
                      "store.s_store_name",
                      "store.s_zip",
                      "ad1.ca_street_number",
                      "ad1.ca_street_name",
                      "ad1.ca_city",
                      "ad1.ca_zip",
                      "ad2.ca_street_number",
                      "ad2.ca_street_name",
                      "ad2.ca_city",
                      "ad2.ca_zip",
                      "d1.d_year",
                      "d2.d_year",
                      "d3.d_year",
                      "item.i_product_name",
                      "store_sales.ss_wholesale_cost",
                      "store_sales.ss_list_price",
                      "store_sales.ss_coupon_amt"
                    ],
                    "Inner Unique": true,
                    "Shared Hit Blocks": 105615,
                    "Shared Read Blocks": 523559,
                    "Shared Dirtied Blocks": 0,
                    "Shared Written Blocks": 0,
                    "Local Hit Blocks": 0,
                    "Local Read Blocks": 0,
                    "Local Dirtied Blocks": 0,
                    "Local Written Blocks": 0,
                    "Temp Read Blocks": 25639,
                    "Temp Written Blocks": 25968,
                    "Plans": [
                      {
                        "Node Type": "Nested Loop",
                        "Parent Relationship": "Outer",
                        "Parallel Aware": false,
                        "Async Capable": false,
                        "Join Type": "Inner",
                        "Startup Cost": 555836.23,
                        "Total Cost": 627504.66,
                        "Plan Rows": 1,
                        "Plan Width": 181,
                        "Actual Startup Time": 27287.539,
                        "Actual Total Time": 52013.602,
                        "Actual Rows": 5,
                        "Actual Loops": 1,
                        "Output": [
                          "d2.d_year",
                          "store.s_store_name",
                          "store.s_zip",
                          "item.i_product_name",
                          "item.i_item_sk",
                          "store_sales.ss_wholesale_cost",
                          "store_sales.ss_list_price",
                          "store_sales.ss_coupon_amt",
                          "ad1.ca_street_number",
                          "ad1.ca_street_name",
                          "ad1.ca_city",
                          "ad1.ca_zip",
                          "d3.d_year",
                          "d1.d_year",
                          "ad2.ca_street_number",
                          "ad2.ca_street_name",
                          "ad2.ca_city",
                          "ad2.ca_zip",
                          "hd1.hd_income_band_sk"
                        ],
                        "Inner Unique": true,
                        "Shared Hit Blocks": 105605,
                        "Shared Read Blocks": 523559,
                        "Shared Dirtied Blocks": 0,
                        "Shared Written Blocks": 0,
                        "Local Hit Blocks": 0,
                        "Local Read Blocks": 0,
                        "Local Dirtied Blocks": 0,
                        "Local Written Blocks": 0,
                        "Temp Read Blocks": 25639,
                        "Temp Written Blocks": 25968,
                        "Plans": [
                          {
                            "Node Type": "Nested Loop",
                            "Parent Relationship": "Outer",
                            "Parallel Aware": false,
                            "Async Capable": false,
                            "Join Type": "Inner",
                            "Startup Cost": 555835.95,
                            "Total Cost": 627502.47,
                            "Plan Rows": 1,
                            "Plan Width": 181,
                            "Actual Startup Time": 27287.319,
                            "Actual Total Time": 52012.43,
                            "Actual Rows": 5,
                            "Actual Loops": 1,
                            "Output": [
                              "d2.d_year",
                              "store.s_store_name",
                              "store.s_zip",
                              "item.i_product_name",
                              "item.i_item_sk",
                              "store_sales.ss_wholesale_cost",
                              "store_sales.ss_list_price",
                              "store_sales.ss_coupon_amt",
                              "store_sales.ss_hdemo_sk",
                              "ad1.ca_street_number",
                              "ad1.ca_street_name",
                              "ad1.ca_city",
                              "ad1.ca_zip",
                              "d3.d_year",
                              "d1.d_year",
                              "ad2.ca_street_number",
                              "ad2.ca_street_name",
                              "ad2.ca_city",
                              "ad2.ca_zip"
                            ],
                            "Inner Unique": true,
                            "Join Filter": "(cd1.cd_marital_status <> cd2.cd_marital_status)",
                            "Rows Removed by Join Filter": 0,
                            "Shared Hit Blocks": 105597,
                            "Shared Read Blocks": 523552,
                            "Shared Dirtied Blocks": 0,
                            "Shared Written Blocks": 0,
                            "Local Hit Blocks": 0,
                            "Local Read Blocks": 0,
                            "Local Dirtied Blocks": 0,
                            "Local Written Blocks": 0,
                            "Temp Read Blocks": 25639,
                            "Temp Written Blocks": 25968,
                            "Plans": [
                              {
                                "Node Type": "Nested Loop",
                                "Parent Relationship": "Outer",
                                "Parallel Aware": false,
                                "Async Capable": false,
                                "Join Type": "Inner",
                                "Startup Cost": 555835.52,
                                "Total Cost": 627499.76,
                                "Plan Rows": 1,
                                "Plan Width": 187,
                                "Actual Startup Time": 27286.267,
                                "Actual Total Time": 52006.414,
                                "Actual Rows": 10,
                                "Actual Loops": 1,
                                "Output": [
                                  "d2.d_year",
                                  "cd1.cd_marital_status",
                                  "store.s_store_name",
                                  "store.s_zip",
                                  "item.i_product_name",
                                  "item.i_item_sk",
                                  "store_sales.ss_wholesale_cost",
                                  "store_sales.ss_list_price",
                                  "store_sales.ss_coupon_amt",
                                  "store_sales.ss_hdemo_sk",
                                  "ad1.ca_street_number",
                                  "ad1.ca_street_name",
                                  "ad1.ca_city",
                                  "ad1.ca_zip",
                                  "customer.c_current_cdemo_sk",
                                  "d3.d_year",
                                  "d1.d_year",
                                  "ad2.ca_street_number",
                                  "ad2.ca_street_name",
                                  "ad2.ca_city",
                                  "ad2.ca_zip"
                                ],
                                "Inner Unique": true,
                                "Shared Hit Blocks": 105577,
                                "Shared Read Blocks": 523532,
                                "Shared Dirtied Blocks": 0,
                                "Shared Written Blocks": 0,
                                "Local Hit Blocks": 0,
                                "Local Read Blocks": 0,
                                "Local Dirtied Blocks": 0,
                                "Local Written Blocks": 0,
                                "Temp Read Blocks": 25639,
                                "Temp Written Blocks": 25968,
                                "Plans": [
                                  {
                                    "Node Type": "Nested Loop",
                                    "Parent Relationship": "Outer",
                                    "Parallel Aware": false,
                                    "Async Capable": false,
                                    "Join Type": "Inner",
                                    "Startup Cost": 555835.1,
                                    "Total Cost": 627497.18,
                                    "Plan Rows": 1,
                                    "Plan Width": 151,
                                    "Actual Startup Time": 26212.543,
                                    "Actual Total Time": 51969.826,
                                    "Actual Rows": 165,
                                    "Actual Loops": 1,
                                    "Output": [
                                      "d2.d_year",
                                      "cd1.cd_marital_status",
                                      "store.s_store_name",
                                      "store.s_zip",
                                      "item.i_product_name",
                                      "item.i_item_sk",
                                      "store_sales.ss_wholesale_cost",
                                      "store_sales.ss_list_price",
                                      "store_sales.ss_coupon_amt",
                                      "store_sales.ss_hdemo_sk",
                                      "ad1.ca_street_number",
                                      "ad1.ca_street_name",
                                      "ad1.ca_city",
                                      "ad1.ca_zip",
                                      "customer.c_current_cdemo_sk",
                                      "customer.c_current_addr_sk",
                                      "d3.d_year",
                                      "d1.d_year"
                                    ],
                                    "Inner Unique": true,
                                    "Shared Hit Blocks": 105230,
                                    "Shared Read Blocks": 523219,
                                    "Shared Dirtied Blocks": 0,
                                    "Shared Written Blocks": 0,
                                    "Local Hit Blocks": 0,
                                    "Local Read Blocks": 0,
                                    "Local Dirtied Blocks": 0,
                                    "Local Written Blocks": 0,
                                    "Temp Read Blocks": 25639,
                                    "Temp Written Blocks": 25968,
                                    "Plans": [
                                      {
                                        "Node Type": "Nested Loop",
                                        "Parent Relationship": "Outer",
                                        "Parallel Aware": false,
                                        "Async Capable": false,
                                        "Join Type": "Inner",
                                        "Startup Cost": 555834.81,
                                        "Total Cost": 627495.81,
                                        "Plan Rows": 1,
                                        "Plan Width": 151,
                                        "Actual Startup Time": 26212.402,
                                        "Actual Total Time": 51968.679,
                                        "Actual Rows": 166,
                                        "Actual Loops": 1,
                                        "Output": [
                                          "d2.d_year",
                                          "cd1.cd_marital_status",
                                          "store.s_store_name",
                                          "store.s_zip",
                                          "item.i_product_name",
                                          "item.i_item_sk",
                                          "store_sales.ss_wholesale_cost",
                                          "store_sales.ss_list_price",
                                          "store_sales.ss_coupon_amt",
                                          "store_sales.ss_sold_date_sk",
                                          "store_sales.ss_hdemo_sk",
                                          "ad1.ca_street_number",
                                          "ad1.ca_street_name",
                                          "ad1.ca_city",
                                          "ad1.ca_zip",
                                          "customer.c_current_cdemo_sk",
                                          "customer.c_current_addr_sk",
                                          "d3.d_year"
                                        ],
                                        "Inner Unique": true,
                                        "Shared Hit Blocks": 104902,
                                        "Shared Read Blocks": 523216,
                                        "Shared Dirtied Blocks": 0,
                                        "Shared Written Blocks": 0,
                                        "Local Hit Blocks": 0,
                                        "Local Read Blocks": 0,
                                        "Local Dirtied Blocks": 0,
                                        "Local Written Blocks": 0,
                                        "Temp Read Blocks": 25639,
                                        "Temp Written Blocks": 25968,
                                        "Plans": [
                                          {
                                            "Node Type": "Nested Loop",
                                            "Parent Relationship": "Outer",
                                            "Parallel Aware": false,
                                            "Async Capable": false,
                                            "Join Type": "Inner",
                                            "Startup Cost": 555834.52,
                                            "Total Cost": 627494.44,
                                            "Plan Rows": 1,
                                            "Plan Width": 151,
                                            "Actual Startup Time": 26212.388,
                                            "Actual Total Time": 51967.857,
                                            "Actual Rows": 168,
                                            "Actual Loops": 1,
                                            "Output": [
                                              "d2.d_year",
                                              "cd1.cd_marital_status",
                                              "store.s_store_name",
                                              "store.s_zip",
                                              "item.i_product_name",
                                              "item.i_item_sk",
                                              "store_sales.ss_wholesale_cost",
                                              "store_sales.ss_list_price",
                                              "store_sales.ss_coupon_amt",
                                              "store_sales.ss_sold_date_sk",
                                              "store_sales.ss_hdemo_sk",
                                              "ad1.ca_street_number",
                                              "ad1.ca_street_name",
                                              "ad1.ca_city",
                                              "ad1.ca_zip",
                                              "customer.c_current_cdemo_sk",
                                              "customer.c_current_addr_sk",
                                              "customer.c_first_shipto_date_sk"
                                            ],
                                            "Inner Unique": true,
                                            "Shared Hit Blocks": 104569,
                                            "Shared Read Blocks": 523216,
                                            "Shared Dirtied Blocks": 0,
                                            "Shared Written Blocks": 0,
                                            "Local Hit Blocks": 0,
                                            "Local Read Blocks": 0,
                                            "Local Dirtied Blocks": 0,
                                            "Local Written Blocks": 0,
                                            "Temp Read Blocks": 25639,
                                            "Temp Written Blocks": 25968,
                                            "Plans": [
                                              {
                                                "Node Type": "Nested Loop",
                                                "Parent Relationship": "Outer",
                                                "Parallel Aware": false,
                                                "Async Capable": false,
                                                "Join Type": "Inner",
                                                "Startup Cost": 555834.38,
                                                "Total Cost": 627494.28,
                                                "Plan Rows": 1,
                                                "Plan Width": 155,
                                                "Actual Startup Time": 26212.368,
                                                "Actual Total Time": 51966.481,
                                                "Actual Rows": 168,
                                                "Actual Loops": 1,
                                                "Output": [
                                                  "d2.d_year",
                                                  "cd1.cd_marital_status",
                                                  "store.s_store_name",
                                                  "store.s_zip",
                                                  "item.i_product_name",
                                                  "item.i_item_sk",
                                                  "store_sales.ss_wholesale_cost",
                                                  "store_sales.ss_list_price",
                                                  "store_sales.ss_coupon_amt",
                                                  "store_sales.ss_sold_date_sk",
                                                  "store_sales.ss_hdemo_sk",
                                                  "ad1.ca_street_number",
                                                  "ad1.ca_street_name",
                                                  "ad1.ca_city",
                                                  "ad1.ca_zip",
                                                  "customer.c_current_cdemo_sk",
                                                  "customer.c_current_addr_sk",
                                                  "customer.c_first_shipto_date_sk",
                                                  "hd2.hd_income_band_sk"
                                                ],
                                                "Inner Unique": true,
                                                "Shared Hit Blocks": 104233,
                                                "Shared Read Blocks": 523216,
                                                "Shared Dirtied Blocks": 0,
                                                "Shared Written Blocks": 0,
                                                "Local Hit Blocks": 0,
                                                "Local Read Blocks": 0,
                                                "Local Dirtied Blocks": 0,
                                                "Local Written Blocks": 0,
                                                "Temp Read Blocks": 25639,
                                                "Temp Written Blocks": 25968,
                                                "Plans": [
                                                  {
                                                    "Node Type": "Nested Loop",
                                                    "Parent Relationship": "Outer",
                                                    "Parallel Aware": false,
                                                    "Async Capable": false,
                                                    "Join Type": "Inner",
                                                    "Startup Cost": 555834.1,
                                                    "Total Cost": 627492.09,
                                                    "Plan Rows": 1,
                                                    "Plan Width": 155,
                                                    "Actual Startup Time": 26211.836,
                                                    "Actual Total Time": 51932.232,
                                                    "Actual Rows": 173,
                                                    "Actual Loops": 1,
                                                    "Output": [
                                                      "d2.d_year",
                                                      "cd1.cd_marital_status",
                                                      "store.s_store_name",
                                                      "store.s_zip",
                                                      "item.i_product_name",
                                                      "item.i_item_sk",
                                                      "store_sales.ss_wholesale_cost",
                                                      "store_sales.ss_list_price",
                                                      "store_sales.ss_coupon_amt",
                                                      "store_sales.ss_sold_date_sk",
                                                      "store_sales.ss_hdemo_sk",
                                                      "ad1.ca_street_number",
                                                      "ad1.ca_street_name",
                                                      "ad1.ca_city",
                                                      "ad1.ca_zip",
                                                      "customer.c_current_cdemo_sk",
                                                      "customer.c_current_hdemo_sk",
                                                      "customer.c_current_addr_sk",
                                                      "customer.c_first_shipto_date_sk"
                                                    ],
                                                    "Inner Unique": true,
                                                    "Shared Hit Blocks": 103996,
                                                    "Shared Read Blocks": 522949,
                                                    "Shared Dirtied Blocks": 0,
                                                    "Shared Written Blocks": 0,
                                                    "Local Hit Blocks": 0,
                                                    "Local Read Blocks": 0,
                                                    "Local Dirtied Blocks": 0,
                                                    "Local Written Blocks": 0,
                                                    "Temp Read Blocks": 25639,
                                                    "Temp Written Blocks": 25968,
                                                    "Plans": [
                                                      {
                                                        "Node Type": "Nested Loop",
                                                        "Parent Relationship": "Outer",
                                                        "Parallel Aware": false,
                                                        "Async Capable": false,
                                                        "Join Type": "Inner",
                                                        "Startup Cost": 555833.83,
                                                        "Total Cost": 627489.81,
                                                        "Plan Rows": 1,
                                                        "Plan Width": 159,
                                                        "Actual Startup Time": 25981.45,
                                                        "Actual Total Time": 51917.431,
                                                        "Actual Rows": 1342,
                                                        "Actual Loops": 1,
                                                        "Output": [
                                                          "d2.d_year",
                                                          "cd1.cd_marital_status",
                                                          "store.s_store_name",
                                                          "store.s_zip",
                                                          "item.i_product_name",
                                                          "item.i_item_sk",
                                                          "store_sales.ss_wholesale_cost",
                                                          "store_sales.ss_list_price",
                                                          "store_sales.ss_coupon_amt",
                                                          "store_sales.ss_sold_date_sk",
                                                          "store_sales.ss_hdemo_sk",
                                                          "store_sales.ss_promo_sk",
                                                          "ad1.ca_street_number",
                                                          "ad1.ca_street_name",
                                                          "ad1.ca_city",
                                                          "ad1.ca_zip",
                                                          "customer.c_current_cdemo_sk",
                                                          "customer.c_current_hdemo_sk",
                                                          "customer.c_current_addr_sk",
                                                          "customer.c_first_shipto_date_sk"
                                                        ],
                                                        "Inner Unique": true,
                                                        "Shared Hit Blocks": 99991,
                                                        "Shared Read Blocks": 522937,
                                                        "Shared Dirtied Blocks": 0,
                                                        "Shared Written Blocks": 0,
                                                        "Local Hit Blocks": 0,
                                                        "Local Read Blocks": 0,
                                                        "Local Dirtied Blocks": 0,
                                                        "Local Written Blocks": 0,
                                                        "Temp Read Blocks": 25639,
                                                        "Temp Written Blocks": 25968,
                                                        "Plans": [
                                                          {
                                                            "Node Type": "Nested Loop",
                                                            "Parent Relationship": "Outer",
                                                            "Parallel Aware": false,
                                                            "Async Capable": false,
                                                            "Join Type": "Inner",
                                                            "Startup Cost": 555833.53,
                                                            "Total Cost": 627488.43,
                                                            "Plan Rows": 1,
                                                            "Plan Width": 159,
                                                            "Actual Startup Time": 25981.254,
                                                            "Actual Total Time": 51903.13,
                                                            "Actual Rows": 1388,
                                                            "Actual Loops": 1,
                                                            "Output": [
                                                              "cd1.cd_marital_status",
                                                              "store.s_store_name",
                                                              "store.s_zip",
                                                              "item.i_product_name",
                                                              "item.i_item_sk",
                                                              "store_sales.ss_wholesale_cost",
                                                              "store_sales.ss_list_price",
                                                              "store_sales.ss_coupon_amt",
                                                              "store_sales.ss_sold_date_sk",
                                                              "store_sales.ss_hdemo_sk",
                                                              "store_sales.ss_promo_sk",
                                                              "ad1.ca_street_number",
                                                              "ad1.ca_street_name",
                                                              "ad1.ca_city",
                                                              "ad1.ca_zip",
                                                              "customer.c_current_cdemo_sk",
                                                              "customer.c_current_hdemo_sk",
                                                              "customer.c_current_addr_sk",
                                                              "customer.c_first_sales_date_sk",
                                                              "customer.c_first_shipto_date_sk"
                                                            ],
                                                            "Inner Unique": true,
                                                            "Shared Hit Blocks": 97324,
                                                            "Shared Read Blocks": 522919,
                                                            "Shared Dirtied Blocks": 0,
                                                            "Shared Written Blocks": 0,
                                                            "Local Hit Blocks": 0,
                                                            "Local Read Blocks": 0,
                                                            "Local Dirtied Blocks": 0,
                                                            "Local Written Blocks": 0,
                                                            "Temp Read Blocks": 25639,
                                                            "Temp Written Blocks": 25968,
                                                            "Plans": [
                                                              {
                                                                "Node Type": "Nested Loop",
                                                                "Parent Relationship": "Outer",
                                                                "Parallel Aware": false,
                                                                "Async Capable": false,
                                                                "Join Type": "Inner",
                                                                "Startup Cost": 555833.11,
                                                                "Total Cost": 627485.87,
                                                                "Plan Rows": 1,
                                                                "Plan Width": 143,
                                                                "Actual Startup Time": 25981.237,
                                                                "Actual Total Time": 51599.801,
                                                                "Actual Rows": 1394,
                                                                "Actual Loops": 1,
                                                                "Output": [
                                                                  "cd1.cd_marital_status",
                                                                  "store.s_store_name",
                                                                  "store.s_zip",
                                                                  "item.i_product_name",
                                                                  "item.i_item_sk",
                                                                  "store_sales.ss_wholesale_cost",
                                                                  "store_sales.ss_list_price",
                                                                  "store_sales.ss_coupon_amt",
                                                                  "store_sales.ss_sold_date_sk",
                                                                  "store_sales.ss_customer_sk",
                                                                  "store_sales.ss_hdemo_sk",
                                                                  "store_sales.ss_promo_sk",
                                                                  "ad1.ca_street_number",
                                                                  "ad1.ca_street_name",
                                                                  "ad1.ca_city",
                                                                  "ad1.ca_zip"
                                                                ],
                                                                "Inner Unique": true,
                                                                "Shared Hit Blocks": 94389,
                                                                "Shared Read Blocks": 520302,
                                                                "Shared Dirtied Blocks": 0,
                                                                "Shared Written Blocks": 0,
                                                                "Local Hit Blocks": 0,
                                                                "Local Read Blocks": 0,
                                                                "Local Dirtied Blocks": 0,
                                                                "Local Written Blocks": 0,
                                                                "Temp Read Blocks": 25639,
                                                                "Temp Written Blocks": 25968,
                                                                "Plans": [
                                                                  {
                                                                    "Node Type": "Nested Loop",
                                                                    "Parent Relationship": "Outer",
                                                                    "Parallel Aware": false,
                                                                    "Async Capable": false,
                                                                    "Join Type": "Inner",
                                                                    "Startup Cost": 555832.69,
                                                                    "Total Cost": 627483.32,
                                                                    "Plan Rows": 1,
                                                                    "Plan Width": 107,
                                                                    "Actual Startup Time": 25981.029,
                                                                    "Actual Total Time": 51277.956,
                                                                    "Actual Rows": 1404,
                                                                    "Actual Loops": 1,
                                                                    "Output": [
                                                                      "cd1.cd_marital_status",
                                                                      "store.s_store_name",
                                                                      "store.s_zip",
                                                                      "item.i_product_name",
                                                                      "item.i_item_sk",
                                                                      "store_sales.ss_wholesale_cost",
                                                                      "store_sales.ss_list_price",
                                                                      "store_sales.ss_coupon_amt",
                                                                      "store_sales.ss_sold_date_sk",
                                                                      "store_sales.ss_customer_sk",
                                                                      "store_sales.ss_hdemo_sk",
                                                                      "store_sales.ss_addr_sk",
                                                                      "store_sales.ss_promo_sk"
                                                                    ],
                                                                    "Inner Unique": true,
                                                                    "Shared Hit Blocks": 91426,
                                                                    "Shared Read Blocks": 517689,
                                                                    "Shared Dirtied Blocks": 0,
                                                                    "Shared Written Blocks": 0,
                                                                    "Local Hit Blocks": 0,
                                                                    "Local Read Blocks": 0,
                                                                    "Local Dirtied Blocks": 0,
                                                                    "Local Written Blocks": 0,
                                                                    "Temp Read Blocks": 25639,
                                                                    "Temp Written Blocks": 25968,
                                                                    "Plans": [
                                                                      {
                                                                        "Node Type": "Nested Loop",
                                                                        "Parent Relationship": "Outer",
                                                                        "Parallel Aware": false,
                                                                        "Async Capable": false,
                                                                        "Join Type": "Inner",
                                                                        "Startup Cost": 555832.26,
                                                                        "Total Cost": 627480.71,
                                                                        "Plan Rows": 1,
                                                                        "Plan Width": 109,
                                                                        "Actual Startup Time": 25963.931,
                                                                        "Actual Total Time": 48902.29,
                                                                        "Actual Rows": 6964,
                                                                        "Actual Loops": 1,
                                                                        "Output": [
                                                                          "store.s_store_name",
                                                                          "store.s_zip",
                                                                          "item.i_product_name",
                                                                          "item.i_item_sk",
                                                                          "store_sales.ss_wholesale_cost",
                                                                          "store_sales.ss_list_price",
                                                                          "store_sales.ss_coupon_amt",
                                                                          "store_sales.ss_sold_date_sk",
                                                                          "store_sales.ss_customer_sk",
                                                                          "store_sales.ss_cdemo_sk",
                                                                          "store_sales.ss_hdemo_sk",
                                                                          "store_sales.ss_addr_sk",
                                                                          "store_sales.ss_promo_sk"
                                                                        ],
                                                                        "Inner Unique": true,
                                                                        "Shared Hit Blocks": 76336,
                                                                        "Shared Read Blocks": 505271,
                                                                        "Shared Dirtied Blocks": 0,
                                                                        "Shared Written Blocks": 0,
                                                                        "Local Hit Blocks": 0,
                                                                        "Local Read Blocks": 0,
                                                                        "Local Dirtied Blocks": 0,
                                                                        "Local Written Blocks": 0,
                                                                        "Temp Read Blocks": 25639,
                                                                        "Temp Written Blocks": 25968,
                                                                        "Plans": [
                                                                          {
                                                                            "Node Type": "Nested Loop",
                                                                            "Parent Relationship": "Outer",
                                                                            "Parallel Aware": false,
                                                                            "Async Capable": false,
                                                                            "Join Type": "Inner",
                                                                            "Startup Cost": 555832.12,
                                                                            "Total Cost": 627479.73,
                                                                            "Plan Rows": 1,
                                                                            "Plan Width": 98,
                                                                            "Actual Startup Time": 25963.907,
                                                                            "Actual Total Time": 48846.728,
                                                                            "Actual Rows": 7119,
                                                                            "Actual Loops": 1,
                                                                            "Output": [
                                                                              "item.i_product_name",
                                                                              "item.i_item_sk",
                                                                              "store_sales.ss_wholesale_cost",
                                                                              "store_sales.ss_list_price",
                                                                              "store_sales.ss_coupon_amt",
                                                                              "store_sales.ss_store_sk",
                                                                              "store_sales.ss_sold_date_sk",
                                                                              "store_sales.ss_customer_sk",
                                                                              "store_sales.ss_cdemo_sk",
                                                                              "store_sales.ss_hdemo_sk",
                                                                              "store_sales.ss_addr_sk",
                                                                              "store_sales.ss_promo_sk"
                                                                            ],
                                                                            "Inner Unique": true,
                                                                            "Join Filter": "(store_sales.ss_item_sk = item.i_item_sk)",
                                                                            "Rows Removed by Join Filter": 0,
                                                                            "Shared Hit Blocks": 62408,
                                                                            "Shared Read Blocks": 505271,
                                                                            "Shared Dirtied Blocks": 0,
                                                                            "Shared Written Blocks": 0,
                                                                            "Local Hit Blocks": 0,
                                                                            "Local Read Blocks": 0,
                                                                            "Local Dirtied Blocks": 0,
                                                                            "Local Written Blocks": 0,
                                                                            "Temp Read Blocks": 25639,
                                                                            "Temp Written Blocks": 25968,
                                                                            "Plans": [
                                                                              {
                                                                                "Node Type": "Nested Loop",
                                                                                "Parent Relationship": "Outer",
                                                                                "Parallel Aware": false,
                                                                                "Async Capable": false,
                                                                                "Join Type": "Inner",
                                                                                "Startup Cost": 555831.68,
                                                                                "Total Cost": 607340.24,
                                                                                "Plan Rows": 6139,
                                                                                "Plan Width": 67,
                                                                                "Actual Startup Time": 25951.886,
                                                                                "Actual Total Time": 36035.781,
                                                                                "Actual Rows": 29051,
                                                                                "Actual Loops": 1,
                                                                                "Output": [
                                                                                  "catalog_sales.cs_item_sk",
                                                                                  "item.i_product_name",
                                                                                  "item.i_item_sk",
                                                                                  "store_returns.sr_item_sk",
                                                                                  "store_returns.sr_ticket_number"
                                                                                ],
                                                                                "Inner Unique": false,
                                                                                "Join Filter": "(store_returns.sr_item_sk = item.i_item_sk)",
                                                                                "Rows Removed by Join Filter": 0,
                                                                                "Shared Hit Blocks": 4028,
                                                                                "Shared Read Blocks": 447447,
                                                                                "Shared Dirtied Blocks": 0,
                                                                                "Shared Written Blocks": 0,
                                                                                "Local Hit Blocks": 0,
                                                                                "Local Read Blocks": 0,
                                                                                "Local Dirtied Blocks": 0,
                                                                                "Local Written Blocks": 0,
                                                                                "Temp Read Blocks": 25639,
                                                                                "Temp Written Blocks": 25968,
                                                                                "Plans": [
                                                                                  {
                                                                                    "Node Type": "Merge Join",
                                                                                    "Parent Relationship": "Outer",
                                                                                    "Parallel Aware": false,
                                                                                    "Async Capable": false,
                                                                                    "Join Type": "Inner",
                                                                                    "Startup Cost": 555822.86,
                                                                                    "Total Cost": 573545.2,
                                                                                    "Plan Rows": 87,
                                                                                    "Plan Width": 59,
                                                                                    "Actual Startup Time": 25951.045,
                                                                                    "Actual Total Time": 27210.288,
                                                                                    "Actual Rows": 766,
                                                                                    "Actual Loops": 1,
                                                                                    "Output": [
                                                                                      "catalog_sales.cs_item_sk",
                                                                                      "item.i_product_name",
                                                                                      "item.i_item_sk"
                                                                                    ],
                                                                                    "Inner Unique": true,
                                                                                    "Merge Cond": "(catalog_sales.cs_item_sk = item.i_item_sk)",
                                                                                    "Shared Hit Blocks": 2223,
                                                                                    "Shared Read Blocks": 417909,
                                                                                    "Shared Dirtied Blocks": 0,
                                                                                    "Shared Written Blocks": 0,
                                                                                    "Local Hit Blocks": 0,
                                                                                    "Local Read Blocks": 0,
                                                                                    "Local Dirtied Blocks": 0,
                                                                                    "Local Written Blocks": 0,
                                                                                    "Temp Read Blocks": 25639,
                                                                                    "Temp Written Blocks": 25968,
                                                                                    "Plans": [
                                                                                      {
                                                                                        "Node Type": "Aggregate",
                                                                                        "Strategy": "Sorted",
                                                                                        "Partial Mode": "Finalize",
                                                                                        "Parent Relationship": "Outer",
                                                                                        "Parallel Aware": false,
                                                                                        "Async Capable": false,
                                                                                        "Startup Cost": 555822.57,
                                                                                        "Total Cost": 563120.25,
                                                                                        "Plan Rows": 7759,
                                                                                        "Plan Width": 68,
                                                                                        "Actual Startup Time": 25948.57,
                                                                                        "Actual Total Time": 26392.194,
                                                                                        "Actual Rows": 69763,
                                                                                        "Actual Loops": 1,
                                                                                        "Output": [
                                                                                          "catalog_sales.cs_item_sk",
                                                                                          "NULL::numeric",
                                                                                          "NULL::numeric"
                                                                                        ],
                                                                                        "Group Key": [
                                                                                          "catalog_sales.cs_item_sk"
                                                                                        ],
                                                                                        "Filter": "(sum(catalog_sales.cs_ext_list_price) > ('2'::numeric * sum(((catalog_returns.cr_refunded_cash + catalog_returns.cr_reversed_charge) + catalog_returns.cr_store_credit))))",
                                                                                        "Rows Removed by Filter": 9465,
                                                                                        "Shared Hit Blocks": 1923,
                                                                                        "Shared Read Blocks": 410581,
                                                                                        "Shared Dirtied Blocks": 0,
                                                                                        "Shared Written Blocks": 0,
                                                                                        "Local Hit Blocks": 0,
                                                                                        "Local Read Blocks": 0,
                                                                                        "Local Dirtied Blocks": 0,
                                                                                        "Local Written Blocks": 0,
                                                                                        "Temp Read Blocks": 25639,
                                                                                        "Temp Written Blocks": 25968,
                                                                                        "Plans": [
                                                                                          {
                                                                                            "Node Type": "Gather Merge",
                                                                                            "Parent Relationship": "Outer",
                                                                                            "Parallel Aware": false,
                                                                                            "Async Capable": false,
                                                                                            "Startup Cost": 555822.57,
                                                                                            "Total Cost": 562072.74,
                                                                                            "Plan Rows": 46556,
                                                                                            "Plan Width": 68,
                                                                                            "Actual Startup Time": 25948.519,
                                                                                            "Actual Total Time": 26274.82,
                                                                                            "Actual Rows": 130575,
                                                                                            "Actual Loops": 1,
                                                                                            "Output": [
                                                                                              "catalog_sales.cs_item_sk",
                                                                                              "(PARTIAL sum(catalog_sales.cs_ext_list_price))",
                                                                                              "(PARTIAL sum(((catalog_returns.cr_refunded_cash + catalog_returns.cr_reversed_charge) + catalog_returns.cr_store_credit)))"
                                                                                            ],
                                                                                            "Workers Planned": 2,
                                                                                            "Workers Launched": 2,
                                                                                            "Shared Hit Blocks": 1923,
                                                                                            "Shared Read Blocks": 410581,
                                                                                            "Shared Dirtied Blocks": 0,
                                                                                            "Shared Written Blocks": 0,
                                                                                            "Local Hit Blocks": 0,
                                                                                            "Local Read Blocks": 0,
                                                                                            "Local Dirtied Blocks": 0,
                                                                                            "Local Written Blocks": 0,
                                                                                            "Temp Read Blocks": 25639,
                                                                                            "Temp Written Blocks": 25968,
                                                                                            "Plans": [
                                                                                              {
                                                                                                "Node Type": "Aggregate",
                                                                                                "Strategy": "Sorted",
                                                                                                "Partial Mode": "Partial",
                                                                                                "Parent Relationship": "Outer",
                                                                                                "Parallel Aware": false,
                                                                                                "Async Capable": false,
                                                                                                "Startup Cost": 554822.54,
                                                                                                "Total Cost": 555698.99,
                                                                                                "Plan Rows": 23278,
                                                                                                "Plan Width": 68,
                                                                                                "Actual Startup Time": 25917.058,
                                                                                                "Actual Total Time": 26012.09,
                                                                                                "Actual Rows": 43531,
                                                                                                "Actual Loops": 3,
                                                                                                "Output": [
                                                                                                  "catalog_sales.cs_item_sk",
                                                                                                  "PARTIAL sum(catalog_sales.cs_ext_list_price)",
                                                                                                  "PARTIAL sum(((catalog_returns.cr_refunded_cash + catalog_returns.cr_reversed_charge) + catalog_returns.cr_store_credit))"
                                                                                                ],
                                                                                                "Group Key": [
                                                                                                  "catalog_sales.cs_item_sk"
                                                                                                ],
                                                                                                "Shared Hit Blocks": 1923,
                                                                                                "Shared Read Blocks": 410581,
                                                                                                "Shared Dirtied Blocks": 0,
                                                                                                "Shared Written Blocks": 0,
                                                                                                "Local Hit Blocks": 0,
                                                                                                "Local Read Blocks": 0,
                                                                                                "Local Dirtied Blocks": 0,
                                                                                                "Local Written Blocks": 0,
                                                                                                "Temp Read Blocks": 25639,
                                                                                                "Temp Written Blocks": 25968,
                                                                                                "Workers": [
                                                                                                  {
                                                                                                    "Worker Number": 0,
                                                                                                    "Actual Startup Time": 25908.156,
                                                                                                    "Actual Total Time": 26003.634,
                                                                                                    "Actual Rows": 44231,
                                                                                                    "Actual Loops": 1,
                                                                                                    "JIT": {
                                                                                                      "Functions": 19,
                                                                                                      "Options": {
                                                                                                        "Inlining": true,
                                                                                                        "Optimization": true,
                                                                                                        "Expressions": true,
                                                                                                        "Deforming": true
                                                                                                      },
                                                                                                      "Timing": {
                                                                                                        "Generation": 2.356,
                                                                                                        "Inlining": 57.664,
                                                                                                        "Optimization": 219.225,
                                                                                                        "Emission": 92.315,
                                                                                                        "Total": 371.56
                                                                                                      }
                                                                                                    },
                                                                                                    "Shared Hit Blocks": 171,
                                                                                                    "Shared Read Blocks": 137864,
                                                                                                    "Shared Dirtied Blocks": 0,
                                                                                                    "Shared Written Blocks": 0,
                                                                                                    "Local Hit Blocks": 0,
                                                                                                    "Local Read Blocks": 0,
                                                                                                    "Local Dirtied Blocks": 0,
                                                                                                    "Local Written Blocks": 0,
                                                                                                    "Temp Read Blocks": 8576,
                                                                                                    "Temp Written Blocks": 8905
                                                                                                  },
                                                                                                  {
                                                                                                    "Worker Number": 1,
                                                                                                    "Actual Startup Time": 25906.277,
                                                                                                    "Actual Total Time": 26000.33,
                                                                                                    "Actual Rows": 43993,
                                                                                                    "Actual Loops": 1,
                                                                                                    "JIT": {
                                                                                                      "Functions": 19,
                                                                                                      "Options": {
                                                                                                        "Inlining": true,
                                                                                                        "Optimization": true,
                                                                                                        "Expressions": true,
                                                                                                        "Deforming": true
                                                                                                      },
                                                                                                      "Timing": {
                                                                                                        "Generation": 2.454,
                                                                                                        "Inlining": 54.995,
                                                                                                        "Optimization": 189.531,
                                                                                                        "Emission": 102.38,
                                                                                                        "Total": 349.36
                                                                                                      }
                                                                                                    },
                                                                                                    "Shared Hit Blocks": 65,
                                                                                                    "Shared Read Blocks": 138037,
                                                                                                    "Shared Dirtied Blocks": 0,
                                                                                                    "Shared Written Blocks": 0,
                                                                                                    "Local Hit Blocks": 0,
                                                                                                    "Local Read Blocks": 0,
                                                                                                    "Local Dirtied Blocks": 0,
                                                                                                    "Local Written Blocks": 0,
                                                                                                    "Temp Read Blocks": 8443,
                                                                                                    "Temp Written Blocks": 8958
                                                                                                  }
                                                                                                ],
                                                                                                "Plans": [
                                                                                                  {
                                                                                                    "Node Type": "Sort",
                                                                                                    "Parent Relationship": "Outer",
                                                                                                    "Parallel Aware": false,
                                                                                                    "Async Capable": false,
                                                                                                    "Startup Cost": 554822.54,
                                                                                                    "Total Cost": 554910.42,
                                                                                                    "Plan Rows": 35152,
                                                                                                    "Plan Width": 28,
                                                                                                    "Actual Startup Time": 25916.957,
                                                                                                    "Actual Total Time": 25951.391,
                                                                                                    "Actual Rows": 121970,
                                                                                                    "Actual Loops": 3,
                                                                                                    "Output": [
                                                                                                      "catalog_sales.cs_item_sk",
                                                                                                      "catalog_sales.cs_ext_list_price",
                                                                                                      "catalog_returns.cr_refunded_cash",
                                                                                                      "catalog_returns.cr_reversed_charge",
                                                                                                      "catalog_returns.cr_store_credit"
                                                                                                    ],
                                                                                                    "Sort Key": [
                                                                                                      "catalog_sales.cs_item_sk"
                                                                                                    ],
                                                                                                    "Sort Method": "external merge",
                                                                                                    "Sort Space Used": 4728,
                                                                                                    "Sort Space Type": "Disk",
                                                                                                    "Shared Hit Blocks": 1923,
                                                                                                    "Shared Read Blocks": 410581,
                                                                                                    "Shared Dirtied Blocks": 0,
                                                                                                    "Shared Written Blocks": 0,
                                                                                                    "Local Hit Blocks": 0,
                                                                                                    "Local Read Blocks": 0,
                                                                                                    "Local Dirtied Blocks": 0,
                                                                                                    "Local Written Blocks": 0,
                                                                                                    "Temp Read Blocks": 25639,
                                                                                                    "Temp Written Blocks": 25968,
                                                                                                    "Workers": [
                                                                                                      {
                                                                                                        "Worker Number": 0,
                                                                                                        "Actual Startup Time": 25908.031,
                                                                                                        "Actual Total Time": 25941.808,
                                                                                                        "Actual Rows": 124356,
                                                                                                        "Actual Loops": 1,
                                                                                                        "Sort Method": "external merge",
                                                                                                        "Sort Space Used": 4984,
                                                                                                        "Sort Space Type": "Disk",
                                                                                                        "Shared Hit Blocks": 171,
                                                                                                        "Shared Read Blocks": 137864,
                                                                                                        "Shared Dirtied Blocks": 0,
                                                                                                        "Shared Written Blocks": 0,
                                                                                                        "Local Hit Blocks": 0,
                                                                                                        "Local Read Blocks": 0,
                                                                                                        "Local Dirtied Blocks": 0,
                                                                                                        "Local Written Blocks": 0,
                                                                                                        "Temp Read Blocks": 8576,
                                                                                                        "Temp Written Blocks": 8905
                                                                                                      },
                                                                                                      {
                                                                                                        "Worker Number": 1,
                                                                                                        "Actual Startup Time": 25906.204,
                                                                                                        "Actual Total Time": 25941.361,
                                                                                                        "Actual Rows": 123721,
                                                                                                        "Actual Loops": 1,
                                                                                                        "Sort Method": "external merge",
                                                                                                        "Sort Space Used": 4960,
                                                                                                        "Sort Space Type": "Disk",
                                                                                                        "Shared Hit Blocks": 65,
                                                                                                        "Shared Read Blocks": 138037,
                                                                                                        "Shared Dirtied Blocks": 0,
                                                                                                        "Shared Written Blocks": 0,
                                                                                                        "Local Hit Blocks": 0,
                                                                                                        "Local Read Blocks": 0,
                                                                                                        "Local Dirtied Blocks": 0,
                                                                                                        "Local Written Blocks": 0,
                                                                                                        "Temp Read Blocks": 8443,
                                                                                                        "Temp Written Blocks": 8958
                                                                                                      }
                                                                                                    ],
                                                                                                    "Plans": [
                                                                                                      {
                                                                                                        "Node Type": "Hash Join",
                                                                                                        "Parent Relationship": "Outer",
                                                                                                        "Parallel Aware": true,
                                                                                                        "Async Capable": false,
                                                                                                        "Join Type": "Inner",
                                                                                                        "Startup Cost": 71654.2,
                                                                                                        "Total Cost": 552168.34,
                                                                                                        "Plan Rows": 35152,
                                                                                                        "Plan Width": 28,
                                                                                                        "Actual Startup Time": 23536.35,
                                                                                                        "Actual Total Time": 25651.259,
                                                                                                        "Actual Rows": 121974,
                                                                                                        "Actual Loops": 3,
                                                                                                        "Output": [
                                                                                                          "catalog_sales.cs_item_sk",
                                                                                                          "catalog_sales.cs_ext_list_price",
                                                                                                          "catalog_returns.cr_refunded_cash",
                                                                                                          "catalog_returns.cr_reversed_charge",
                                                                                                          "catalog_returns.cr_store_credit"
                                                                                                        ],
                                                                                                        "Inner Unique": true,
                                                                                                        "Hash Cond": "((catalog_sales.cs_item_sk = catalog_returns.cr_item_sk) AND (catalog_sales.cs_order_number = catalog_returns.cr_order_number))",
                                                                                                        "Shared Hit Blocks": 1811,
                                                                                                        "Shared Read Blocks": 410581,
                                                                                                        "Shared Dirtied Blocks": 0,
                                                                                                        "Shared Written Blocks": 0,
                                                                                                        "Local Hit Blocks": 0,
                                                                                                        "Local Read Blocks": 0,
                                                                                                        "Local Dirtied Blocks": 0,
                                                                                                        "Local Written Blocks": 0,
                                                                                                        "Temp Read Blocks": 23805,
                                                                                                        "Temp Written Blocks": 24128,
                                                                                                        "Workers": [
                                                                                                          {
                                                                                                            "Worker Number": 0,
                                                                                                            "Actual Startup Time": 23557.937,
                                                                                                            "Actual Total Time": 25646.303,
                                                                                                            "Actual Rows": 124356,
                                                                                                            "Actual Loops": 1,
                                                                                                            "Shared Hit Blocks": 115,
                                                                                                            "Shared Read Blocks": 137864,
                                                                                                            "Shared Dirtied Blocks": 0,
                                                                                                            "Shared Written Blocks": 0,
                                                                                                            "Local Hit Blocks": 0,
                                                                                                            "Local Read Blocks": 0,
                                                                                                            "Local Dirtied Blocks": 0,
                                                                                                            "Local Written Blocks": 0,
                                                                                                            "Temp Read Blocks": 7953,
                                                                                                            "Temp Written Blocks": 8280
                                                                                                          },
                                                                                                          {
                                                                                                            "Worker Number": 1,
                                                                                                            "Actual Startup Time": 23450.252,
                                                                                                            "Actual Total Time": 25625.925,
                                                                                                            "Actual Rows": 123721,
                                                                                                            "Actual Loops": 1,
                                                                                                            "Shared Hit Blocks": 9,
                                                                                                            "Shared Read Blocks": 138037,
                                                                                                            "Shared Dirtied Blocks": 0,
                                                                                                            "Shared Written Blocks": 0,
                                                                                                            "Local Hit Blocks": 0,
                                                                                                            "Local Read Blocks": 0,
                                                                                                            "Local Dirtied Blocks": 0,
                                                                                                            "Local Written Blocks": 0,
                                                                                                            "Temp Read Blocks": 7823,
                                                                                                            "Temp Written Blocks": 8336
                                                                                                          }
                                                                                                        ],
                                                                                                        "Plans": [
                                                                                                          {
                                                                                                            "Node Type": "Seq Scan",
                                                                                                            "Parent Relationship": "Outer",
                                                                                                            "Parallel Aware": true,
                                                                                                            "Async Capable": false,
                                                                                                            "Relation Name": "catalog_sales",
                                                                                                            "Schema": "public",
                                                                                                            "Alias": "catalog_sales",
                                                                                                            "Startup Cost": 0.0,
                                                                                                            "Total Cost": 459334.84,
                                                                                                            "Plan Rows": 1001009,
                                                                                                            "Plan Width": 14,
                                                                                                            "Actual Startup Time": 0.439,
                                                                                                            "Actual Total Time": 16153.191,
                                                                                                            "Actual Rows": 814012,
                                                                                                            "Actual Loops": 3,
                                                                                                            "Output": [
                                                                                                              "catalog_sales.cs_item_sk",
                                                                                                              "catalog_sales.cs_ext_list_price",
                                                                                                              "catalog_sales.cs_order_number"
                                                                                                            ],
                                                                                                            "Filter": "((catalog_sales.cs_wholesale_cost >= '34'::numeric) AND (catalog_sales.cs_wholesale_cost <= '54'::numeric))",
                                                                                                            "Rows Removed by Filter": 3985152,
                                                                                                            "Shared Hit Blocks": 1793,
                                                                                                            "Shared Read Blocks": 367559,
                                                                                                            "Shared Dirtied Blocks": 0,
                                                                                                            "Shared Written Blocks": 0,
                                                                                                            "Local Hit Blocks": 0,
                                                                                                            "Local Read Blocks": 0,
                                                                                                            "Local Dirtied Blocks": 0,
                                                                                                            "Local Written Blocks": 0,
                                                                                                            "Temp Read Blocks": 0,
                                                                                                            "Temp Written Blocks": 0,
                                                                                                            "Workers": [
                                                                                                              {
                                                                                                                "Worker Number": 0,
                                                                                                                "Actual Startup Time": 0.534,
                                                                                                                "Actual Total Time": 16159.743,
                                                                                                                "Actual Rows": 811280,
                                                                                                                "Actual Loops": 1,
                                                                                                                "Shared Hit Blocks": 106,
                                                                                                                "Shared Read Blocks": 122606,
                                                                                                                "Shared Dirtied Blocks": 0,
                                                                                                                "Shared Written Blocks": 0,
                                                                                                                "Local Hit Blocks": 0,
                                                                                                                "Local Read Blocks": 0,
                                                                                                                "Local Dirtied Blocks": 0,
                                                                                                                "Local Written Blocks": 0,
                                                                                                                "Temp Read Blocks": 0,
                                                                                                                "Temp Written Blocks": 0
                                                                                                              },
                                                                                                              {
                                                                                                                "Worker Number": 1,
                                                                                                                "Actual Startup Time": 0.554,
                                                                                                                "Actual Total Time": 16169.085,
                                                                                                                "Actual Rows": 810748,
                                                                                                                "Actual Loops": 1,
                                                                                                                "Shared Hit Blocks": 0,
                                                                                                                "Shared Read Blocks": 122694,
                                                                                                                "Shared Dirtied Blocks": 0,
                                                                                                                "Shared Written Blocks": 0,
                                                                                                                "Local Hit Blocks": 0,
                                                                                                                "Local Read Blocks": 0,
                                                                                                                "Local Dirtied Blocks": 0,
                                                                                                                "Local Written Blocks": 0,
                                                                                                                "Temp Read Blocks": 0,
                                                                                                                "Temp Written Blocks": 0
                                                                                                              }
                                                                                                            ]
                                                                                                          },
                                                                                                          {
                                                                                                            "Node Type": "Hash",
                                                                                                            "Parent Relationship": "Inner",
                                                                                                            "Parallel Aware": true,
                                                                                                            "Async Capable": false,
                                                                                                            "Startup Cost": 52016.88,
                                                                                                            "Total Cost": 52016.88,
                                                                                                            "Plan Rows": 899288,
                                                                                                            "Plan Width": 26,
                                                                                                            "Actual Startup Time": 6371.182,
                                                                                                            "Actual Total Time": 6371.184,
                                                                                                            "Actual Rows": 719420,
                                                                                                            "Actual Loops": 3,
                                                                                                            "Output": [
                                                                                                              "catalog_returns.cr_refunded_cash",
                                                                                                              "catalog_returns.cr_reversed_charge",
                                                                                                              "catalog_returns.cr_store_credit",
                                                                                                              "catalog_returns.cr_item_sk",
                                                                                                              "catalog_returns.cr_order_number"
                                                                                                            ],
                                                                                                            "Hash Buckets": 131072,
                                                                                                            "Original Hash Buckets": 131072,
                                                                                                            "Hash Batches": 32,
                                                                                                            "Original Hash Batches": 32,
                                                                                                            "Peak Memory Usage": 5280,
                                                                                                            "Shared Hit Blocks": 2,
                                                                                                            "Shared Read Blocks": 43022,
                                                                                                            "Shared Dirtied Blocks": 0,
                                                                                                            "Shared Written Blocks": 0,
                                                                                                            "Local Hit Blocks": 0,
                                                                                                            "Local Read Blocks": 0,
                                                                                                            "Local Dirtied Blocks": 0,
                                                                                                            "Local Written Blocks": 0,
                                                                                                            "Temp Read Blocks": 0,
                                                                                                            "Temp Written Blocks": 13120,
                                                                                                            "Workers": [
                                                                                                              {
                                                                                                                "Worker Number": 0,
                                                                                                                "Actual Startup Time": 6358.059,
                                                                                                                "Actual Total Time": 6358.06,
                                                                                                                "Actual Rows": 765473,
                                                                                                                "Actual Loops": 1,
                                                                                                                "Shared Hit Blocks": 1,
                                                                                                                "Shared Read Blocks": 15258,
                                                                                                                "Shared Dirtied Blocks": 0,
                                                                                                                "Shared Written Blocks": 0,
                                                                                                                "Local Hit Blocks": 0,
                                                                                                                "Local Read Blocks": 0,
                                                                                                                "Local Dirtied Blocks": 0,
                                                                                                                "Local Written Blocks": 0,
                                                                                                                "Temp Read Blocks": 0,
                                                                                                                "Temp Written Blocks": 4636
                                                                                                              },
                                                                                                              {
                                                                                                                "Worker Number": 1,
                                                                                                                "Actual Startup Time": 6357.979,
                                                                                                                "Actual Total Time": 6357.98,
                                                                                                                "Actual Rows": 769712,
                                                                                                                "Actual Loops": 1,
                                                                                                                "Shared Hit Blocks": 1,
                                                                                                                "Shared Read Blocks": 15343,
                                                                                                                "Shared Dirtied Blocks": 0,
                                                                                                                "Shared Written Blocks": 0,
                                                                                                                "Local Hit Blocks": 0,
                                                                                                                "Local Read Blocks": 0,
                                                                                                                "Local Dirtied Blocks": 0,
                                                                                                                "Local Written Blocks": 0,
                                                                                                                "Temp Read Blocks": 0,
                                                                                                                "Temp Written Blocks": 4684
                                                                                                              }
                                                                                                            ],
                                                                                                            "Plans": [
                                                                                                              {
                                                                                                                "Node Type": "Seq Scan",
                                                                                                                "Parent Relationship": "Outer",
                                                                                                                "Parallel Aware": true,
                                                                                                                "Async Capable": false,
                                                                                                                "Relation Name": "catalog_returns",
                                                                                                                "Schema": "public",
                                                                                                                "Alias": "catalog_returns",
                                                                                                                "Startup Cost": 0.0,
                                                                                                                "Total Cost": 52016.88,
                                                                                                                "Plan Rows": 899288,
                                                                                                                "Plan Width": 26,
                                                                                                                "Actual Startup Time": 740.565,
                                                                                                                "Actual Total Time": 5559.916,
                                                                                                                "Actual Rows": 719420,
                                                                                                                "Actual Loops": 3,
                                                                                                                "Output": [
                                                                                                                  "catalog_returns.cr_refunded_cash",
                                                                                                                  "catalog_returns.cr_reversed_charge",
                                                                                                                  "catalog_returns.cr_store_credit",
                                                                                                                  "catalog_returns.cr_item_sk",
                                                                                                                  "catalog_returns.cr_order_number"
                                                                                                                ],
                                                                                                                "Shared Hit Blocks": 2,
                                                                                                                "Shared Read Blocks": 43022,
                                                                                                                "Shared Dirtied Blocks": 0,
                                                                                                                "Shared Written Blocks": 0,
                                                                                                                "Local Hit Blocks": 0,
                                                                                                                "Local Read Blocks": 0,
                                                                                                                "Local Dirtied Blocks": 0,
                                                                                                                "Local Written Blocks": 0,
                                                                                                                "Temp Read Blocks": 0,
                                                                                                                "Temp Written Blocks": 0,
                                                                                                                "Workers": [
                                                                                                                  {
                                                                                                                    "Worker Number": 0,
                                                                                                                    "Actual Startup Time": 369.836,
                                                                                                                    "Actual Total Time": 5509.733,
                                                                                                                    "Actual Rows": 765473,
                                                                                                                    "Actual Loops": 1,
                                                                                                                    "Shared Hit Blocks": 1,
                                                                                                                    "Shared Read Blocks": 15258,
                                                                                                                    "Shared Dirtied Blocks": 0,
                                                                                                                    "Shared Written Blocks": 0,
                                                                                                                    "Local Hit Blocks": 0,
                                                                                                                    "Local Read Blocks": 0,
                                                                                                                    "Local Dirtied Blocks": 0,
                                                                                                                    "Local Written Blocks": 0,
                                                                                                                    "Temp Read Blocks": 0,
                                                                                                                    "Temp Written Blocks": 0
                                                                                                                  },
                                                                                                                  {
                                                                                                                    "Worker Number": 1,
                                                                                                                    "Actual Startup Time": 347.491,
                                                                                                                    "Actual Total Time": 5494.799,
                                                                                                                    "Actual Rows": 769712,
                                                                                                                    "Actual Loops": 1,
                                                                                                                    "Shared Hit Blocks": 1,
                                                                                                                    "Shared Read Blocks": 15343,
                                                                                                                    "Shared Dirtied Blocks": 0,
                                                                                                                    "Shared Written Blocks": 0,
                                                                                                                    "Local Hit Blocks": 0,
                                                                                                                    "Local Read Blocks": 0,
                                                                                                                    "Local Dirtied Blocks": 0,
                                                                                                                    "Local Written Blocks": 0,
                                                                                                                    "Temp Read Blocks": 0,
                                                                                                                    "Temp Written Blocks": 0
                                                                                                                  }
                                                                                                                ]
                                                                                                              }
                                                                                                            ]
                                                                                                          }
                                                                                                        ]
                                                                                                      }
                                                                                                    ]
                                                                                                  }
                                                                                                ]
                                                                                              }
                                                                                            ]
                                                                                          }
                                                                                        ]
                                                                                      },
                                                                                      {
                                                                                        "Node Type": "Index Scan",
                                                                                        "Parent Relationship": "Inner",
                                                                                        "Parallel Aware": false,
                                                                                        "Async Capable": false,
                                                                                        "Scan Direction": "Forward",
                                                                                        "Index Name": "item_pkey",
                                                                                        "Relation Name": "item",
                                                                                        "Schema": "public",
                                                                                        "Alias": "item",
                                                                                        "Startup Cost": 0.29,
                                                                                        "Total Cost": 10324.25,
                                                                                        "Plan Rows": 1141,
                                                                                        "Plan Width": 55,
                                                                                        "Actual Startup Time": 0.265,
                                                                                        "Actual Total Time": 808.827,
                                                                                        "Actual Rows": 1120,
                                                                                        "Actual Loops": 1,
                                                                                        "Output": [
                                                                                          "item.i_item_sk",
                                                                                          "item.i_item_id",
                                                                                          "item.i_rec_start_date",
                                                                                          "item.i_rec_end_date",
                                                                                          "item.i_item_desc",
                                                                                          "item.i_current_price",
                                                                                          "item.i_wholesale_cost",
                                                                                          "item.i_brand_id",
                                                                                          "item.i_brand",
                                                                                          "item.i_class_id",
                                                                                          "item.i_class",
                                                                                          "item.i_category_id",
                                                                                          "item.i_category",
                                                                                          "item.i_manufact_id",
                                                                                          "item.i_manufact",
                                                                                          "item.i_size",
                                                                                          "item.i_formulation",
                                                                                          "item.i_color",
                                                                                          "item.i_units",
                                                                                          "item.i_container",
                                                                                          "item.i_manager_id",
                                                                                          "item.i_product_name"
                                                                                        ],
                                                                                        "Filter": "((item.i_current_price >= '20'::numeric) AND (item.i_current_price <= '30'::numeric))",
                                                                                        "Rows Removed by Filter": 100880,
                                                                                        "Shared Hit Blocks": 300,
                                                                                        "Shared Read Blocks": 7328,
                                                                                        "Shared Dirtied Blocks": 0,
                                                                                        "Shared Written Blocks": 0,
                                                                                        "Local Hit Blocks": 0,
                                                                                        "Local Read Blocks": 0,
                                                                                        "Local Dirtied Blocks": 0,
                                                                                        "Local Written Blocks": 0,
                                                                                        "Temp Read Blocks": 0,
                                                                                        "Temp Written Blocks": 0
                                                                                      }
                                                                                    ]
                                                                                  },
                                                                                  {
                                                                                    "Node Type": "Bitmap Heap Scan",
                                                                                    "Parent Relationship": "Inner",
                                                                                    "Parallel Aware": false,
                                                                                    "Async Capable": false,
                                                                                    "Relation Name": "store_returns",
                                                                                    "Schema": "public",
                                                                                    "Alias": "store_returns",
                                                                                    "Startup Cost": 8.82,
                                                                                    "Total Cost": 384.61,
                                                                                    "Plan Rows": 307,
                                                                                    "Plan Width": 8,
                                                                                    "Actual Startup Time": 0.573,
                                                                                    "Actual Total Time": 11.473,
                                                                                    "Actual Rows": 38,
                                                                                    "Actual Loops": 766,
                                                                                    "Output": [
                                                                                      "store_returns.sr_returned_date_sk",
                                                                                      "store_returns.sr_return_time_sk",
                                                                                      "store_returns.sr_item_sk",
                                                                                      "store_returns.sr_customer_sk",
                                                                                      "store_returns.sr_cdemo_sk",
                                                                                      "store_returns.sr_hdemo_sk",
                                                                                      "store_returns.sr_addr_sk",
                                                                                      "store_returns.sr_store_sk",
                                                                                      "store_returns.sr_reason_sk",
                                                                                      "store_returns.sr_ticket_number",
                                                                                      "store_returns.sr_return_quantity",
                                                                                      "store_returns.sr_return_amt",
                                                                                      "store_returns.sr_return_tax",
                                                                                      "store_returns.sr_return_amt_inc_tax",
                                                                                      "store_returns.sr_fee",
                                                                                      "store_returns.sr_return_ship_cost",
                                                                                      "store_returns.sr_refunded_cash",
                                                                                      "store_returns.sr_reversed_charge",
                                                                                      "store_returns.sr_store_credit",
                                                                                      "store_returns.sr_net_loss"
                                                                                    ],
                                                                                    "Recheck Cond": "(store_returns.sr_item_sk = catalog_sales.cs_item_sk)",
                                                                                    "Rows Removed by Index Recheck": 0,
                                                                                    "Exact Heap Blocks": 29037,
                                                                                    "Lossy Heap Blocks": 0,
                                                                                    "Shared Hit Blocks": 1805,
                                                                                    "Shared Read Blocks": 29538,
                                                                                    "Shared Dirtied Blocks": 0,
                                                                                    "Shared Written Blocks": 0,
                                                                                    "Local Hit Blocks": 0,
                                                                                    "Local Read Blocks": 0,
                                                                                    "Local Dirtied Blocks": 0,
                                                                                    "Local Written Blocks": 0,
                                                                                    "Temp Read Blocks": 0,
                                                                                    "Temp Written Blocks": 0,
                                                                                    "Plans": [
                                                                                      {
                                                                                        "Node Type": "Bitmap Index Scan",
                                                                                        "Parent Relationship": "Outer",
                                                                                        "Parallel Aware": false,
                                                                                        "Async Capable": false,
                                                                                        "Index Name": "store_returns_pkey",
                                                                                        "Startup Cost": 0.0,
                                                                                        "Total Cost": 8.75,
                                                                                        "Plan Rows": 307,
                                                                                        "Plan Width": 0,
                                                                                        "Actual Startup Time": 0.453,
                                                                                        "Actual Total Time": 0.453,
                                                                                        "Actual Rows": 38,
                                                                                        "Actual Loops": 766,
                                                                                        "Index Cond": "(store_returns.sr_item_sk = catalog_sales.cs_item_sk)",
                                                                                        "Shared Hit Blocks": 1484,
                                                                                        "Shared Read Blocks": 822,
                                                                                        "Shared Dirtied Blocks": 0,
                                                                                        "Shared Written Blocks": 0,
                                                                                        "Local Hit Blocks": 0,
                                                                                        "Local Read Blocks": 0,
                                                                                        "Local Dirtied Blocks": 0,
                                                                                        "Local Written Blocks": 0,
                                                                                        "Temp Read Blocks": 0,
                                                                                        "Temp Written Blocks": 0
                                                                                      }
                                                                                    ]
                                                                                  }
                                                                                ]
                                                                              },
                                                                              {
                                                                                "Node Type": "Index Scan",
                                                                                "Parent Relationship": "Inner",
                                                                                "Parallel Aware": false,
                                                                                "Async Capable": false,
                                                                                "Scan Direction": "Forward",
                                                                                "Index Name": "_dta_index_store_sales_6_1333579789__k10_k3",
                                                                                "Relation Name": "store_sales",
                                                                                "Schema": "public",
                                                                                "Alias": "store_sales",
                                                                                "Startup Cost": 0.44,
                                                                                "Total Cost": 3.27,
                                                                                "Plan Rows": 1,
                                                                                "Plan Width": 51,
                                                                                "Actual Startup Time": 0.438,
                                                                                "Actual Total Time": 0.438,
                                                                                "Actual Rows": 0,
                                                                                "Actual Loops": 29051,
                                                                                "Output": [
                                                                                  "store_sales.ss_sold_date_sk",
                                                                                  "store_sales.ss_sold_time_sk",
                                                                                  "store_sales.ss_item_sk",
                                                                                  "store_sales.ss_customer_sk",
                                                                                  "store_sales.ss_cdemo_sk",
                                                                                  "store_sales.ss_hdemo_sk",
                                                                                  "store_sales.ss_addr_sk",
                                                                                  "store_sales.ss_store_sk",
                                                                                  "store_sales.ss_promo_sk",
                                                                                  "store_sales.ss_ticket_number",
                                                                                  "store_sales.ss_quantity",
                                                                                  "store_sales.ss_wholesale_cost",
                                                                                  "store_sales.ss_list_price",
                                                                                  "store_sales.ss_sales_price",
                                                                                  "store_sales.ss_ext_discount_amt",
                                                                                  "store_sales.ss_ext_sales_price",
                                                                                  "store_sales.ss_ext_wholesale_cost",
                                                                                  "store_sales.ss_ext_list_price",
                                                                                  "store_sales.ss_ext_tax",
                                                                                  "store_sales.ss_coupon_amt",
                                                                                  "store_sales.ss_net_paid",
                                                                                  "store_sales.ss_net_paid_inc_tax",
                                                                                  "store_sales.ss_net_profit"
                                                                                ],
                                                                                "Index Cond": "((store_sales.ss_ticket_number = store_returns.sr_ticket_number) AND (store_sales.ss_item_sk = store_returns.sr_item_sk))",
                                                                                "Rows Removed by Index Recheck": 0,
                                                                                "Filter": "((store_sales.ss_wholesale_cost >= '34'::numeric) AND (store_sales.ss_wholesale_cost <= '54'::numeric))",
                                                                                "Rows Removed by Filter": 1,
                                                                                "Shared Hit Blocks": 58380,
                                                                                "Shared Read Blocks": 57824,
                                                                                "Shared Dirtied Blocks": 0,
                                                                                "Shared Written Blocks": 0,
                                                                                "Local Hit Blocks": 0,
                                                                                "Local Read Blocks": 0,
                                                                                "Local Dirtied Blocks": 0,
                                                                                "Local Written Blocks": 0,
                                                                                "Temp Read Blocks": 0,
                                                                                "Temp Written Blocks": 0
                                                                              }
                                                                            ]
                                                                          },
                                                                          {
                                                                            "Node Type": "Index Scan",
                                                                            "Parent Relationship": "Inner",
                                                                            "Parallel Aware": false,
                                                                            "Async Capable": false,
                                                                            "Scan Direction": "Forward",
                                                                            "Index Name": "_dta_index_store_6_885578193__k1_2_6",
                                                                            "Relation Name": "store",
                                                                            "Schema": "public",
                                                                            "Alias": "store",
                                                                            "Startup Cost": 0.14,
                                                                            "Total Cost": 0.96,
                                                                            "Plan Rows": 1,
                                                                            "Plan Width": 19,
                                                                            "Actual Startup Time": 0.004,
                                                                            "Actual Total Time": 0.004,
                                                                            "Actual Rows": 1,
                                                                            "Actual Loops": 7119,
                                                                            "Output": [
                                                                              "store.s_store_sk",
                                                                              "store.s_store_id",
                                                                              "store.s_rec_start_date",
                                                                              "store.s_rec_end_date",
                                                                              "store.s_closed_date_sk",
                                                                              "store.s_store_name",
                                                                              "store.s_number_employees",
                                                                              "store.s_floor_space",
                                                                              "store.s_hours",
                                                                              "store.s_manager",
                                                                              "store.s_market_id",
                                                                              "store.s_geography_class",
                                                                              "store.s_market_desc",
                                                                              "store.s_market_manager",
                                                                              "store.s_division_id",
                                                                              "store.s_division_name",
                                                                              "store.s_company_id",
                                                                              "store.s_company_name",
                                                                              "store.s_street_number",
                                                                              "store.s_street_name",
                                                                              "store.s_street_type",
                                                                              "store.s_suite_number",
                                                                              "store.s_city",
                                                                              "store.s_county",
                                                                              "store.s_state",
                                                                              "store.s_zip",
                                                                              "store.s_country",
                                                                              "store.s_gmt_offset",
                                                                              "store.s_tax_precentage"
                                                                            ],
                                                                            "Index Cond": "(store.s_store_sk = store_sales.ss_store_sk)",
                                                                            "Rows Removed by Index Recheck": 0,
                                                                            "Shared Hit Blocks": 13928,
                                                                            "Shared Read Blocks": 0,
                                                                            "Shared Dirtied Blocks": 0,
                                                                            "Shared Written Blocks": 0,
                                                                            "Local Hit Blocks": 0,
                                                                            "Local Read Blocks": 0,
                                                                            "Local Dirtied Blocks": 0,
                                                                            "Local Written Blocks": 0,
                                                                            "Temp Read Blocks": 0,
                                                                            "Temp Written Blocks": 0
                                                                          }
                                                                        ]
                                                                      },
                                                                      {
                                                                        "Node Type": "Index Scan",
                                                                        "Parent Relationship": "Inner",
                                                                        "Parallel Aware": false,
                                                                        "Async Capable": false,
                                                                        "Scan Direction": "Forward",
                                                                        "Index Name": "customer_demographics_pkey",
                                                                        "Relation Name": "customer_demographics",
                                                                        "Schema": "public",
                                                                        "Alias": "cd1",
                                                                        "Startup Cost": 0.43,
                                                                        "Total Cost": 2.61,
                                                                        "Plan Rows": 1,
                                                                        "Plan Width": 6,
                                                                        "Actual Startup Time": 0.339,
                                                                        "Actual Total Time": 0.339,
                                                                        "Actual Rows": 0,
                                                                        "Actual Loops": 6964,
                                                                        "Output": [
                                                                          "cd1.cd_demo_sk",
                                                                          "cd1.cd_gender",
                                                                          "cd1.cd_marital_status",
                                                                          "cd1.cd_education_status",
                                                                          "cd1.cd_purchase_estimate",
                                                                          "cd1.cd_credit_rating",
                                                                          "cd1.cd_dep_count",
                                                                          "cd1.cd_dep_employed_count",
                                                                          "cd1.cd_dep_college_count"
                                                                        ],
                                                                        "Index Cond": "(cd1.cd_demo_sk = store_sales.ss_cdemo_sk)",
                                                                        "Rows Removed by Index Recheck": 0,
                                                                        "Filter": "((cd1.cd_marital_status = ANY ('{M,M,U}'::bpchar[])) AND (cd1.cd_education_status = ANY ('{Unknown,College,College}'::bpchar[])))",
                                                                        "Rows Removed by Filter": 1,
                                                                        "Shared Hit Blocks": 15090,
                                                                        "Shared Read Blocks": 12418,
                                                                        "Shared Dirtied Blocks": 0,
                                                                        "Shared Written Blocks": 0,
                                                                        "Local Hit Blocks": 0,
                                                                        "Local Read Blocks": 0,
                                                                        "Local Dirtied Blocks": 0,
                                                                        "Local Written Blocks": 0,
                                                                        "Temp Read Blocks": 0,
                                                                        "Temp Written Blocks": 0
                                                                      }
                                                                    ]
                                                                  },
                                                                  {
                                                                    "Node Type": "Index Scan",
                                                                    "Parent Relationship": "Inner",
                                                                    "Parallel Aware": false,
                                                                    "Async Capable": false,
                                                                    "Scan Direction": "Forward",
                                                                    "Index Name": "customer_address_pkey",
                                                                    "Relation Name": "customer_address",
                                                                    "Schema": "public",
                                                                    "Alias": "ad1",
                                                                    "Startup Cost": 0.42,
                                                                    "Total Cost": 2.55,
                                                                    "Plan Rows": 1,
                                                                    "Plan Width": 44,
                                                                    "Actual Startup Time": 0.225,
                                                                    "Actual Total Time": 0.225,
                                                                    "Actual Rows": 1,
                                                                    "Actual Loops": 1404,
                                                                    "Output": [
                                                                      "ad1.ca_address_sk",
                                                                      "ad1.ca_address_id",
                                                                      "ad1.ca_street_number",
                                                                      "ad1.ca_street_name",
                                                                      "ad1.ca_street_type",
                                                                      "ad1.ca_suite_number",
                                                                      "ad1.ca_city",
                                                                      "ad1.ca_county",
                                                                      "ad1.ca_state",
                                                                      "ad1.ca_zip",
                                                                      "ad1.ca_country",
                                                                      "ad1.ca_gmt_offset",
                                                                      "ad1.ca_location_type"
                                                                    ],
                                                                    "Index Cond": "(ad1.ca_address_sk = store_sales.ss_addr_sk)",
                                                                    "Rows Removed by Index Recheck": 0,
                                                                    "Shared Hit Blocks": 2963,
                                                                    "Shared Read Blocks": 2613,
                                                                    "Shared Dirtied Blocks": 0,
                                                                    "Shared Written Blocks": 0,
                                                                    "Local Hit Blocks": 0,
                                                                    "Local Read Blocks": 0,
                                                                    "Local Dirtied Blocks": 0,
                                                                    "Local Written Blocks": 0,
                                                                    "Temp Read Blocks": 0,
                                                                    "Temp Written Blocks": 0
                                                                  }
                                                                ]
                                                              },
                                                              {
                                                                "Node Type": "Index Scan",
                                                                "Parent Relationship": "Inner",
                                                                "Parallel Aware": false,
                                                                "Async Capable": false,
                                                                "Scan Direction": "Forward",
                                                                "Index Name": "_dta_index_customer_6_949578421__k1_k5",
                                                                "Relation Name": "customer",
                                                                "Schema": "public",
                                                                "Alias": "customer",
                                                                "Startup Cost": 0.42,
                                                                "Total Cost": 2.56,
                                                                "Plan Rows": 1,
                                                                "Plan Width": 24,
                                                                "Actual Startup Time": 0.213,
                                                                "Actual Total Time": 0.213,
                                                                "Actual Rows": 1,
                                                                "Actual Loops": 1394,
                                                                "Output": [
                                                                  "customer.c_customer_sk",
                                                                  "customer.c_customer_id",
                                                                  "customer.c_current_cdemo_sk",
                                                                  "customer.c_current_hdemo_sk",
                                                                  "customer.c_current_addr_sk",
                                                                  "customer.c_first_shipto_date_sk",
                                                                  "customer.c_first_sales_date_sk",
                                                                  "customer.c_salutation",
                                                                  "customer.c_first_name",
                                                                  "customer.c_last_name",
                                                                  "customer.c_preferred_cust_flag",
                                                                  "customer.c_birth_day",
                                                                  "customer.c_birth_month",
                                                                  "customer.c_birth_year",
                                                                  "customer.c_birth_country",
                                                                  "customer.c_login",
                                                                  "customer.c_email_address",
                                                                  "customer.c_last_review_date_sk"
                                                                ],
                                                                "Index Cond": "(customer.c_customer_sk = store_sales.ss_customer_sk)",
                                                                "Rows Removed by Index Recheck": 0,
                                                                "Shared Hit Blocks": 2935,
                                                                "Shared Read Blocks": 2617,
                                                                "Shared Dirtied Blocks": 0,
                                                                "Shared Written Blocks": 0,
                                                                "Local Hit Blocks": 0,
                                                                "Local Read Blocks": 0,
                                                                "Local Dirtied Blocks": 0,
                                                                "Local Written Blocks": 0,
                                                                "Temp Read Blocks": 0,
                                                                "Temp Written Blocks": 0
                                                              }
                                                            ]
                                                          },
                                                          {
                                                            "Node Type": "Index Only Scan",
                                                            "Parent Relationship": "Inner",
                                                            "Parallel Aware": false,
                                                            "Async Capable": false,
                                                            "Scan Direction": "Forward",
                                                            "Index Name": "_dta_index_date_dim_6_661577395__k1_k7_k9",
                                                            "Relation Name": "date_dim",
                                                            "Schema": "public",
                                                            "Alias": "d2",
                                                            "Startup Cost": 0.29,
                                                            "Total Cost": 1.37,
                                                            "Plan Rows": 1,
                                                            "Plan Width": 8,
                                                            "Actual Startup Time": 0.007,
                                                            "Actual Total Time": 0.007,
                                                            "Actual Rows": 1,
                                                            "Actual Loops": 1388,
                                                            "Output": [
                                                              "d2.d_date_sk",
                                                              "d2.d_year",
                                                              "d2.d_moy"
                                                            ],
                                                            "Index Cond": "(d2.d_date_sk = customer.c_first_sales_date_sk)",
                                                            "Rows Removed by Index Recheck": 0,
                                                            "Heap Fetches": 0,
                                                            "Shared Hit Blocks": 2667,
                                                            "Shared Read Blocks": 18,
                                                            "Shared Dirtied Blocks": 0,
                                                            "Shared Written Blocks": 0,
                                                            "Local Hit Blocks": 0,
                                                            "Local Read Blocks": 0,
                                                            "Local Dirtied Blocks": 0,
                                                            "Local Written Blocks": 0,
                                                            "Temp Read Blocks": 0,
                                                            "Temp Written Blocks": 0
                                                          }
                                                        ]
                                                      },
                                                      {
                                                        "Node Type": "Index Scan",
                                                        "Parent Relationship": "Inner",
                                                        "Parallel Aware": false,
                                                        "Async Capable": false,
                                                        "Scan Direction": "Forward",
                                                        "Index Name": "promotion_pkey",
                                                        "Relation Name": "promotion",
                                                        "Schema": "public",
                                                        "Alias": "promotion",
                                                        "Startup Cost": 0.27,
                                                        "Total Cost": 2.22,
                                                        "Plan Rows": 1,
                                                        "Plan Width": 4,
                                                        "Actual Startup Time": 0.009,
                                                        "Actual Total Time": 0.009,
                                                        "Actual Rows": 0,
                                                        "Actual Loops": 1342,
                                                        "Output": [
                                                          "promotion.p_promo_sk",
                                                          "promotion.p_promo_id",
                                                          "promotion.p_start_date_sk",
                                                          "promotion.p_end_date_sk",
                                                          "promotion.p_item_sk",
                                                          "promotion.p_cost",
                                                          "promotion.p_response_target",
                                                          "promotion.p_promo_name",
                                                          "promotion.p_channel_dmail",
                                                          "promotion.p_channel_email",
                                                          "promotion.p_channel_catalog",
                                                          "promotion.p_channel_tv",
                                                          "promotion.p_channel_radio",
                                                          "promotion.p_channel_press",
                                                          "promotion.p_channel_event",
                                                          "promotion.p_channel_demo",
                                                          "promotion.p_channel_details",
                                                          "promotion.p_purpose",
                                                          "promotion.p_discount_active"
                                                        ],
                                                        "Index Cond": "(promotion.p_promo_sk = store_sales.ss_promo_sk)",
                                                        "Rows Removed by Index Recheck": 0,
                                                        "Filter": "((promotion.p_channel_email = 'Y'::bpchar) AND (promotion.p_channel_radio = 'Y'::bpchar) AND (promotion.p_channel_tv = 'N'::bpchar))",
                                                        "Rows Removed by Filter": 1,
                                                        "Shared Hit Blocks": 4005,
                                                        "Shared Read Blocks": 12,
                                                        "Shared Dirtied Blocks": 0,
                                                        "Shared Written Blocks": 0,
                                                        "Local Hit Blocks": 0,
                                                        "Local Read Blocks": 0,
                                                        "Local Dirtied Blocks": 0,
                                                        "Local Written Blocks": 0,
                                                        "Temp Read Blocks": 0,
                                                        "Temp Written Blocks": 0
                                                      }
                                                    ]
                                                  },
                                                  {
                                                    "Node Type": "Index Scan",
                                                    "Parent Relationship": "Inner",
                                                    "Parallel Aware": false,
                                                    "Async Capable": false,
                                                    "Scan Direction": "Forward",
                                                    "Index Name": "household_demographics_pkey",
                                                    "Relation Name": "household_demographics",
                                                    "Schema": "public",
                                                    "Alias": "hd2",
                                                    "Startup Cost": 0.28,
                                                    "Total Cost": 2.19,
                                                    "Plan Rows": 1,
                                                    "Plan Width": 8,
                                                    "Actual Startup Time": 0.195,
                                                    "Actual Total Time": 0.195,
                                                    "Actual Rows": 1,
                                                    "Actual Loops": 173,
                                                    "Output": [
                                                      "hd2.hd_demo_sk",
                                                      "hd2.hd_income_band_sk",
                                                      "hd2.hd_buy_potential",
                                                      "hd2.hd_dep_count",
                                                      "hd2.hd_vehicle_count"
                                                    ],
                                                    "Index Cond": "(hd2.hd_demo_sk = customer.c_current_hdemo_sk)",
                                                    "Rows Removed by Index Recheck": 0,
                                                    "Shared Hit Blocks": 237,
                                                    "Shared Read Blocks": 267,
                                                    "Shared Dirtied Blocks": 0,
                                                    "Shared Written Blocks": 0,
                                                    "Local Hit Blocks": 0,
                                                    "Local Read Blocks": 0,
                                                    "Local Dirtied Blocks": 0,
                                                    "Local Written Blocks": 0,
                                                    "Temp Read Blocks": 0,
                                                    "Temp Written Blocks": 0
                                                  }
                                                ]
                                              },
                                              {
                                                "Node Type": "Index Only Scan",
                                                "Parent Relationship": "Inner",
                                                "Parallel Aware": false,
                                                "Async Capable": false,
                                                "Scan Direction": "Forward",
                                                "Index Name": "income_band_pkey",
                                                "Relation Name": "income_band",
                                                "Schema": "public",
                                                "Alias": "ib2",
                                                "Startup Cost": 0.14,
                                                "Total Cost": 0.16,
                                                "Plan Rows": 1,
                                                "Plan Width": 4,
                                                "Actual Startup Time": 0.004,
                                                "Actual Total Time": 0.004,
                                                "Actual Rows": 1,
                                                "Actual Loops": 168,
                                                "Output": [
                                                  "ib2.ib_income_band_sk"
                                                ],
                                                "Index Cond": "(ib2.ib_income_band_sk = hd2.hd_income_band_sk)",
                                                "Rows Removed by Index Recheck": 0,
                                                "Heap Fetches": 168,
                                                "Shared Hit Blocks": 336,
                                                "Shared Read Blocks": 0,
                                                "Shared Dirtied Blocks": 0,
                                                "Shared Written Blocks": 0,
                                                "Local Hit Blocks": 0,
                                                "Local Read Blocks": 0,
                                                "Local Dirtied Blocks": 0,
                                                "Local Written Blocks": 0,
                                                "Temp Read Blocks": 0,
                                                "Temp Written Blocks": 0
                                              }
                                            ]
                                          },
                                          {
                                            "Node Type": "Index Only Scan",
                                            "Parent Relationship": "Inner",
                                            "Parallel Aware": false,
                                            "Async Capable": false,
                                            "Scan Direction": "Forward",
                                            "Index Name": "_dta_index_date_dim_6_661577395__k1_k7_k9",
                                            "Relation Name": "date_dim",
                                            "Schema": "public",
                                            "Alias": "d3",
                                            "Startup Cost": 0.29,
                                            "Total Cost": 1.37,
                                            "Plan Rows": 1,
                                            "Plan Width": 8,
                                            "Actual Startup Time": 0.003,
                                            "Actual Total Time": 0.003,
                                            "Actual Rows": 1,
                                            "Actual Loops": 168,
                                            "Output": [
                                              "d3.d_date_sk",
                                              "d3.d_year",
                                              "d3.d_moy"
                                            ],
                                            "Index Cond": "(d3.d_date_sk = customer.c_first_shipto_date_sk)",
                                            "Rows Removed by Index Recheck": 0,
                                            "Heap Fetches": 0,
                                            "Shared Hit Blocks": 333,
                                            "Shared Read Blocks": 0,
                                            "Shared Dirtied Blocks": 0,
                                            "Shared Written Blocks": 0,
                                            "Local Hit Blocks": 0,
                                            "Local Read Blocks": 0,
                                            "Local Dirtied Blocks": 0,
                                            "Local Written Blocks": 0,
                                            "Temp Read Blocks": 0,
                                            "Temp Written Blocks": 0
                                          }
                                        ]
                                      },
                                      {
                                        "Node Type": "Index Only Scan",
                                        "Parent Relationship": "Inner",
                                        "Parallel Aware": false,
                                        "Async Capable": false,
                                        "Scan Direction": "Forward",
                                        "Index Name": "_dta_index_date_dim_6_661577395__k1_k7_k9",
                                        "Relation Name": "date_dim",
                                        "Schema": "public",
                                        "Alias": "d1",
                                        "Startup Cost": 0.29,
                                        "Total Cost": 1.37,
                                        "Plan Rows": 1,
                                        "Plan Width": 8,
                                        "Actual Startup Time": 0.005,
                                        "Actual Total Time": 0.005,
                                        "Actual Rows": 1,
                                        "Actual Loops": 166,
                                        "Output": [
                                          "d1.d_date_sk",
                                          "d1.d_year",
                                          "d1.d_moy"
                                        ],
                                        "Index Cond": "(d1.d_date_sk = store_sales.ss_sold_date_sk)",
                                        "Rows Removed by Index Recheck": 0,
                                        "Heap Fetches": 0,
                                        "Shared Hit Blocks": 328,
                                        "Shared Read Blocks": 3,
                                        "Shared Dirtied Blocks": 0,
                                        "Shared Written Blocks": 0,
                                        "Local Hit Blocks": 0,
                                        "Local Read Blocks": 0,
                                        "Local Dirtied Blocks": 0,
                                        "Local Written Blocks": 0,
                                        "Temp Read Blocks": 0,
                                        "Temp Written Blocks": 0
                                      }
                                    ]
                                  },
                                  {
                                    "Node Type": "Index Scan",
                                    "Parent Relationship": "Inner",
                                    "Parallel Aware": false,
                                    "Async Capable": false,
                                    "Scan Direction": "Forward",
                                    "Index Name": "customer_address_pkey",
                                    "Relation Name": "customer_address",
                                    "Schema": "public",
                                    "Alias": "ad2",
                                    "Startup Cost": 0.42,
                                    "Total Cost": 2.57,
                                    "Plan Rows": 1,
                                    "Plan Width": 44,
                                    "Actual Startup Time": 0.219,
                                    "Actual Total Time": 0.219,
                                    "Actual Rows": 0,
                                    "Actual Loops": 165,
                                    "Output": [
                                      "ad2.ca_address_sk",
                                      "ad2.ca_address_id",
                                      "ad2.ca_street_number",
                                      "ad2.ca_street_name",
                                      "ad2.ca_street_type",
                                      "ad2.ca_suite_number",
                                      "ad2.ca_city",
                                      "ad2.ca_county",
                                      "ad2.ca_state",
                                      "ad2.ca_zip",
                                      "ad2.ca_country",
                                      "ad2.ca_gmt_offset",
                                      "ad2.ca_location_type"
                                    ],
                                    "Index Cond": "(ad2.ca_address_sk = customer.c_current_addr_sk)",
                                    "Rows Removed by Index Recheck": 0,
                                    "Filter": "(ad2.ca_state = ANY ('{LA,TX,VA}'::bpchar[]))",
                                    "Rows Removed by Filter": 1,
                                    "Shared Hit Blocks": 347,
                                    "Shared Read Blocks": 313,
                                    "Shared Dirtied Blocks": 0,
                                    "Shared Written Blocks": 0,
                                    "Local Hit Blocks": 0,
                                    "Local Read Blocks": 0,
                                    "Local Dirtied Blocks": 0,
                                    "Local Written Blocks": 0,
                                    "Temp Read Blocks": 0,
                                    "Temp Written Blocks": 0
                                  }
                                ]
                              },
                              {
                                "Node Type": "Index Scan",
                                "Parent Relationship": "Inner",
                                "Parallel Aware": false,
                                "Async Capable": false,
                                "Scan Direction": "Forward",
                                "Index Name": "customer_demographics_pkey",
                                "Relation Name": "customer_demographics",
                                "Schema": "public",
                                "Alias": "cd2",
                                "Startup Cost": 0.43,
                                "Total Cost": 2.7,
                                "Plan Rows": 1,
                                "Plan Width": 6,
                                "Actual Startup Time": 0.597,
                                "Actual Total Time": 0.597,
                                "Actual Rows": 0,
                                "Actual Loops": 10,
                                "Output": [
                                  "cd2.cd_demo_sk",
                                  "cd2.cd_gender",
                                  "cd2.cd_marital_status",
                                  "cd2.cd_education_status",
                                  "cd2.cd_purchase_estimate",
                                  "cd2.cd_credit_rating",
                                  "cd2.cd_dep_count",
                                  "cd2.cd_dep_employed_count",
                                  "cd2.cd_dep_college_count"
                                ],
                                "Index Cond": "(cd2.cd_demo_sk = customer.c_current_cdemo_sk)",
                                "Rows Removed by Index Recheck": 0,
                                "Filter": "((cd2.cd_marital_status = ANY ('{M,M,U}'::bpchar[])) AND (cd2.cd_education_status = ANY ('{Unknown,College,College}'::bpchar[])))",
                                "Rows Removed by Filter": 0,
                                "Shared Hit Blocks": 20,
                                "Shared Read Blocks": 20,
                                "Shared Dirtied Blocks": 0,
                                "Shared Written Blocks": 0,
                                "Local Hit Blocks": 0,
                                "Local Read Blocks": 0,
                                "Local Dirtied Blocks": 0,
                                "Local Written Blocks": 0,
                                "Temp Read Blocks": 0,
                                "Temp Written Blocks": 0
                              }
                            ]
                          },
                          {
                            "Node Type": "Index Scan",
                            "Parent Relationship": "Inner",
                            "Parallel Aware": false,
                            "Async Capable": false,
                            "Scan Direction": "Forward",
                            "Index Name": "household_demographics_pkey",
                            "Relation Name": "household_demographics",
                            "Schema": "public",
                            "Alias": "hd1",
                            "Startup Cost": 0.28,
                            "Total Cost": 2.19,
                            "Plan Rows": 1,
                            "Plan Width": 8,
                            "Actual Startup Time": 0.224,
                            "Actual Total Time": 0.224,
                            "Actual Rows": 1,
                            "Actual Loops": 5,
                            "Output": [
                              "hd1.hd_demo_sk",
                              "hd1.hd_income_band_sk",
                              "hd1.hd_buy_potential",
                              "hd1.hd_dep_count",
                              "hd1.hd_vehicle_count"
                            ],
                            "Index Cond": "(hd1.hd_demo_sk = store_sales.ss_hdemo_sk)",
                            "Rows Removed by Index Recheck": 0,
                            "Shared Hit Blocks": 8,
                            "Shared Read Blocks": 7,
                            "Shared Dirtied Blocks": 0,
                            "Shared Written Blocks": 0,
                            "Local Hit Blocks": 0,
                            "Local Read Blocks": 0,
                            "Local Dirtied Blocks": 0,
                            "Local Written Blocks": 0,
                            "Temp Read Blocks": 0,
                            "Temp Written Blocks": 0
                          }
                        ]
                      },
                      {
                        "Node Type": "Index Only Scan",
                        "Parent Relationship": "Inner",
                        "Parallel Aware": false,
                        "Async Capable": false,
                        "Scan Direction": "Forward",
                        "Index Name": "income_band_pkey",
                        "Relation Name": "income_band",
                        "Schema": "public",
                        "Alias": "ib1",
                        "Startup Cost": 0.14,
                        "Total Cost": 0.16,
                        "Plan Rows": 1,
                        "Plan Width": 4,
                        "Actual Startup Time": 0.005,
                        "Actual Total Time": 0.005,
                        "Actual Rows": 1,
                        "Actual Loops": 5,
                        "Output": [
                          "ib1.ib_income_band_sk"
                        ],
                        "Index Cond": "(ib1.ib_income_band_sk = hd1.hd_income_band_sk)",
                        "Rows Removed by Index Recheck": 0,
                        "Heap Fetches": 5,
                        "Shared Hit Blocks": 10,
                        "Shared Read Blocks": 0,
                        "Shared Dirtied Blocks": 0,
                        "Shared Written Blocks": 0,
                        "Local Hit Blocks": 0,
                        "Local Read Blocks": 0,
                        "Local Dirtied Blocks": 0,
                        "Local Written Blocks": 0,
                        "Temp Read Blocks": 0,
                        "Temp Written Blocks": 0
                      }
                    ]
                  }
                ]
              }
            ]
          },
          {
            "Node Type": "Nested Loop",
            "Parent Relationship": "Outer",
            "Parallel Aware": false,
            "Async Capable": false,
            "Join Type": "Inner",
            "Startup Cost": 0.0,
            "Total Cost": 0.07,
            "Plan Rows": 1,
            "Plan Width": 1310,
            "Actual Startup Time": 51819.937,
            "Actual Total Time": 51819.938,
            "Actual Rows": 0,
            "Actual Loops": 1,
            "Output": [
              "cs1.product_name",
              "cs1.store_name",
              "cs1.store_zip",
              "cs1.b_street_number",
              "cs1.b_street_name",
              "cs1.b_city",
              "cs1.b_zip",
              "cs1.c_street_number",
              "cs1.c_street_name",
              "cs1.c_city",
              "cs1.c_zip",
              "cs1.syear",
              "cs1.cnt",
              "cs1.s1",
              "cs1.s2",
              "cs1.s3",
              "cs2.s1",
              "cs2.s2",
              "cs2.s3",
              "cs2.syear",
              "cs2.cnt"
            ],
            "Inner Unique": false,
            "Join Filter": "((cs2.cnt <= cs1.cnt) AND (cs1.item_sk = cs2.item_sk) AND ((cs1.store_name)::text = (cs2.store_name)::text) AND (cs1.store_zip = cs2.store_zip))",
            "Rows Removed by Join Filter": 0,
            "Shared Hit Blocks": 105379,
            "Shared Read Blocks": 247658,
            "Shared Dirtied Blocks": 0,
            "Shared Written Blocks": 0,
            "Local Hit Blocks": 0,
            "Local Read Blocks": 0,
            "Local Dirtied Blocks": 0,
            "Local Written Blocks": 0,
            "Temp Read Blocks": 8620,
            "Temp Written Blocks": 8105,
            "Plans": [
              {
                "Node Type": "CTE Scan",
                "Parent Relationship": "Outer",
                "Parallel Aware": false,
                "Async Capable": false,
                "CTE Name": "cross_sales",
                "Alias": "cs1",
                "Startup Cost": 0.0,
                "Total Cost": 0.02,
                "Plan Rows": 1,
                "Plan Width": 1206,
                "Actual Startup Time": 51819.922,
                "Actual Total Time": 51819.923,
                "Actual Rows": 1,
                "Actual Loops": 1,
                "Output": [
                  "cs1.product_name",
                  "cs1.item_sk",
                  "cs1.store_name",
                  "cs1.store_zip",
                  "cs1.b_street_number",
                  "cs1.b_street_name",
                  "cs1.b_city",
                  "cs1.b_zip",
                  "cs1.c_street_number",
                  "cs1.c_street_name",
                  "cs1.c_city",
                  "cs1.c_zip",
                  "cs1.syear",
                  "cs1.fsyear",
                  "cs1.s2year",
                  "cs1.cnt",
                  "cs1.s1",
                  "cs1.s2",
                  "cs1.s3"
                ],
                "Filter": "(cs1.syear = 1998)",
                "Rows Removed by Filter": 4,
                "Shared Hit Blocks": 105379,
                "Shared Read Blocks": 247658,
                "Shared Dirtied Blocks": 0,
                "Shared Written Blocks": 0,
                "Local Hit Blocks": 0,
                "Local Read Blocks": 0,
                "Local Dirtied Blocks": 0,
                "Local Written Blocks": 0,
                "Temp Read Blocks": 8620,
                "Temp Written Blocks": 8105
              },
              {
                "Node Type": "CTE Scan",
                "Parent Relationship": "Inner",
                "Parallel Aware": false,
                "Async Capable": false,
                "CTE Name": "cross_sales",
                "Alias": "cs2",
                "Startup Cost": 0.0,
                "Total Cost": 0.02,
                "Plan Rows": 1,
                "Plan Width": 274,
                "Actual Startup Time": 0.011,
                "Actual Total Time": 0.011,
                "Actual Rows": 0,
                "Actual Loops": 1,
                "Output": [
                  "cs2.product_name",
                  "cs2.item_sk",
                  "cs2.store_name",
                  "cs2.store_zip",
                  "cs2.b_street_number",
                  "cs2.b_street_name",
                  "cs2.b_city",
                  "cs2.b_zip",
                  "cs2.c_street_number",
                  "cs2.c_street_name",
                  "cs2.c_city",
                  "cs2.c_zip",
                  "cs2.syear",
                  "cs2.fsyear",
                  "cs2.s2year",
                  "cs2.cnt",
                  "cs2.s1",
                  "cs2.s2",
                  "cs2.s3"
                ],
                "Filter": "(cs2.syear = 1999)",
                "Rows Removed by Filter": 5,
                "Shared Hit Blocks": 0,
                "Shared Read Blocks": 0,
                "Shared Dirtied Blocks": 0,
                "Shared Written Blocks": 0,
                "Local Hit Blocks": 0,
                "Local Read Blocks": 0,
                "Local Dirtied Blocks": 0,
                "Local Written Blocks": 0,
                "Temp Read Blocks": 0,
                "Temp Written Blocks": 0
              }
            ]
          }
        ]
      },
      "Planning": {
        "Shared Hit Blocks": 173,
        "Shared Read Blocks": 102,
        "Shared Dirtied Blocks": 0,
        "Shared Written Blocks": 0,
        "Local Hit Blocks": 0,
        "Local Read Blocks": 0,
        "Local Dirtied Blocks": 0,
        "Local Written Blocks": 0,
        "Temp Read Blocks": 0,
        "Temp Written Blocks": 0
      },
      "Planning Time": 110.326,
      "Triggers": [],
      "JIT": {
        "Functions": 168,
        "Options": {
          "Inlining": true,
          "Optimization": true,
          "Expressions": true,
          "Deforming": true
        },
        "Timing": {
          "Generation": 10.346,
          "Inlining": 136.634,
          "Optimization": 1306.589,
          "Emission": 777.054,
          "Total": 2230.623
        }
      },
      "Execution Time": 52021.905
    }
  ],
  "original_sql": "with cs_ui as\n (select cs_item_sk\n        ,sum(cs_ext_list_price) as sale,sum(cr_refunded_cash+cr_reversed_charge+cr_store_credit) as refund\n  from catalog_sales\n      ,catalog_returns\n  where cs_item_sk = cr_item_sk\n    and cs_order_number = cr_order_number\n    and cs_wholesale_cost BETWEEN 34 AND 54\n   group by cs_item_sk\n  having sum(cs_ext_list_price)>2*sum(cr_refunded_cash+cr_reversed_charge+cr_store_credit)),\ncross_sales as\n (select i_product_name product_name\n     ,i_item_sk item_sk\n     ,s_store_name store_name\n     ,s_zip store_zip\n     ,ad1.ca_street_number b_street_number\n     ,ad1.ca_street_name b_street_name\n     ,ad1.ca_city b_city\n     ,ad1.ca_zip b_zip\n     ,ad2.ca_street_number c_street_number\n     ,ad2.ca_street_name c_street_name\n     ,ad2.ca_city c_city\n     ,ad2.ca_zip c_zip\n     ,d1.d_year as syear\n     ,d2.d_year as fsyear\n     ,d3.d_year s2year\n     ,count(*) cnt\n     ,sum(ss_wholesale_cost) s1\n     ,sum(ss_list_price) s2\n     ,sum(ss_coupon_amt) s3\n  FROM   store_sales\n        ,store_returns\n        ,cs_ui\n        ,date_dim d1\n        ,date_dim d2\n        ,date_dim d3\n        ,store\n        ,customer\n        ,customer_demographics cd1\n        ,customer_demographics cd2\n        ,promotion\n        ,household_demographics hd1\n        ,household_demographics hd2\n        ,customer_address ad1\n        ,customer_address ad2\n        ,income_band ib1\n        ,income_band ib2\n        ,item\n  WHERE  ss_store_sk = s_store_sk AND\n         ss_sold_date_sk = d1.d_date_sk AND\n         ss_customer_sk = c_customer_sk AND\n         ss_cdemo_sk= cd1.cd_demo_sk AND\n         ss_hdemo_sk = hd1.hd_demo_sk AND\n         ss_addr_sk = ad1.ca_address_sk and\n         ss_item_sk = i_item_sk and\n         ss_item_sk = sr_item_sk and\n         ss_ticket_number = sr_ticket_number and\n         ss_item_sk = cs_ui.cs_item_sk and\n         c_current_cdemo_sk = cd2.cd_demo_sk AND\n         c_current_hdemo_sk = hd2.hd_demo_sk AND\n         c_current_addr_sk = ad2.ca_address_sk and\n         c_first_sales_date_sk = d2.d_date_sk and\n         c_first_shipto_date_sk = d3.d_date_sk and\n         ss_promo_sk = p_promo_sk and\n         hd1.hd_income_band_sk = ib1.ib_income_band_sk and\n         hd2.hd_income_band_sk = ib2.ib_income_band_sk and\n         cd1.cd_marital_status <> cd2.cd_marital_status and\n         i_current_price between 20 and 20 + 10\n         and p_channel_email = 'Y'\n         and p_channel_tv = 'N'\n         and p_channel_radio = 'Y'\n         and ad2.ca_state in ('LA','TX','VA')\n         and ss_wholesale_cost BETWEEN 34 AND 54\n         and cd1.cd_marital_status in ('M', 'M', 'U')\n         and cd1.cd_education_status in ('Unknown', 'College', 'College')\n         and cd2.cd_marital_status in ('M', 'M', 'U')\n         and cd2.cd_education_status in ('Unknown', 'College', 'College')\ngroup by i_product_name\n       ,i_item_sk\n       ,s_store_name\n       ,s_zip\n       ,ad1.ca_street_number\n       ,ad1.ca_street_name\n       ,ad1.ca_city\n       ,ad1.ca_zip\n       ,ad2.ca_street_number\n       ,ad2.ca_street_name\n       ,ad2.ca_city\n       ,ad2.ca_zip\n       ,d1.d_year\n       ,d2.d_year\n       ,d3.d_year\n)\nselect cs1.product_name\n     ,cs1.store_name\n     ,cs1.store_zip\n     ,cs1.b_street_number\n     ,cs1.b_street_name\n     ,cs1.b_city\n     ,cs1.b_zip\n     ,cs1.c_street_number\n     ,cs1.c_street_name\n     ,cs1.c_city\n     ,cs1.c_zip\n     ,cs1.syear\n     ,cs1.cnt\n     ,cs1.s1 as s11\n     ,cs1.s2 as s21\n     ,cs1.s3 as s31\n     ,cs2.s1 as s12\n     ,cs2.s2 as s22\n     ,cs2.s3 as s32\n     ,cs2.syear\n     ,cs2.cnt\nfrom cross_sales cs1,cross_sales cs2\nwhere cs1.item_sk=cs2.item_sk and\n     cs1.syear = 1998 and\n     cs2.syear = 1998 + 1 and\n     cs2.cnt <= cs1.cnt and\n     cs1.store_name = cs2.store_name and\n     cs1.store_zip = cs2.store_zip\norder by cs1.product_name\n       ,cs1.store_name\n       ,cs2.cnt\n       ,cs1.s1\n       ,cs2.s1"
}