{
  "query_id": "query069_multi",
  "engine": "postgresql",
  "benchmark": "dsb",
  "scale_factor": 10,
  "execution_time_ms": 3048.103,
  "planning_time_ms": 9.586,
  "plan_json": [
    {
      "Plan": {
        "Node Type": "Limit",
        "Parallel Aware": false,
        "Async Capable": false,
        "Startup Cost": 72396.69,
        "Total Cost": 104765.04,
        "Plan Rows": 100,
        "Plan Width": 64,
        "Actual Startup Time": 3037.25,
        "Actual Total Time": 3044.173,
        "Actual Rows": 0,
        "Actual Loops": 1,
        "Output": [
          "customer_demographics.cd_gender",
          "customer_demographics.cd_marital_status",
          "customer_demographics.cd_education_status",
          "(count(*))",
          "customer_demographics.cd_purchase_estimate",
          "(count(*))",
          "customer_demographics.cd_credit_rating",
          "(count(*))"
        ],
        "Shared Hit Blocks": 12553,
        "Shared Read Blocks": 37337,
        "Shared Dirtied Blocks": 0,
        "Shared Written Blocks": 0,
        "Local Hit Blocks": 0,
        "Local Read Blocks": 0,
        "Local Dirtied Blocks": 0,
        "Local Written Blocks": 0,
        "Temp Read Blocks": 0,
        "Temp Written Blocks": 0,
        "Plans": [
          {
            "Node Type": "Aggregate",
            "Strategy": "Sorted",
            "Partial Mode": "Simple",
            "Parent Relationship": "Outer",
            "Parallel Aware": false,
            "Async Capable": false,
            "Startup Cost": 72396.69,
            "Total Cost": 160438.61,
            "Plan Rows": 272,
            "Plan Width": 64,
            "Actual Startup Time": 3008.478,
            "Actual Total Time": 3015.4,
            "Actual Rows": 0,
            "Actual Loops": 1,
            "Output": [
              "customer_demographics.cd_gender",
              "customer_demographics.cd_marital_status",
              "customer_demographics.cd_education_status",
              "count(*)",
              "customer_demographics.cd_purchase_estimate",
              "count(*)",
              "customer_demographics.cd_credit_rating",
              "count(*)"
            ],
            "Group Key": [
              "customer_demographics.cd_gender",
              "customer_demographics.cd_marital_status",
              "customer_demographics.cd_education_status",
              "customer_demographics.cd_purchase_estimate",
              "customer_demographics.cd_credit_rating"
            ],
            "Shared Hit Blocks": 12553,
            "Shared Read Blocks": 37337,
            "Shared Dirtied Blocks": 0,
            "Shared Written Blocks": 0,
            "Local Hit Blocks": 0,
            "Local Read Blocks": 0,
            "Local Dirtied Blocks": 0,
            "Local Written Blocks": 0,
            "Temp Read Blocks": 0,
            "Temp Written Blocks": 0,
            "Plans": [
              {
                "Node Type": "Nested Loop",
                "Parent Relationship": "Outer",
                "Parallel Aware": false,
                "Async Capable": false,
                "Join Type": "Anti",
                "Startup Cost": 72396.69,
                "Total Cost": 160431.81,
                "Plan Rows": 272,
                "Plan Width": 40,
                "Actual Startup Time": 3008.475,
                "Actual Total Time": 3015.397,
                "Actual Rows": 0,
                "Actual Loops": 1,
                "Output": [
                  "customer_demographics.cd_gender",
                  "customer_demographics.cd_marital_status",
                  "customer_demographics.cd_education_status",
                  "customer_demographics.cd_purchase_estimate",
                  "customer_demographics.cd_credit_rating"
                ],
                "Inner Unique": false,
                "Join Filter": "(c.c_customer_sk = catalog_sales.cs_ship_customer_sk)",
                "Rows Removed by Join Filter": 0,
                "Shared Hit Blocks": 12553,
                "Shared Read Blocks": 37337,
                "Shared Dirtied Blocks": 0,
                "Shared Written Blocks": 0,
                "Local Hit Blocks": 0,
                "Local Read Blocks": 0,
                "Local Dirtied Blocks": 0,
                "Local Written Blocks": 0,
                "Temp Read Blocks": 0,
                "Temp Written Blocks": 0,
                "Plans": [
                  {
                    "Node Type": "Nested Loop",
                    "Parent Relationship": "Outer",
                    "Parallel Aware": false,
                    "Async Capable": false,
                    "Join Type": "Anti",
                    "Startup Cost": 71395.96,
                    "Total Cost": 103205.44,
                    "Plan Rows": 274,
                    "Plan Width": 44,
                    "Actual Startup Time": 3008.473,
                    "Actual Total Time": 3015.394,
                    "Actual Rows": 0,
                    "Actual Loops": 1,
                    "Output": [
                      "c.c_customer_sk",
                      "customer_demographics.cd_gender",
                      "customer_demographics.cd_marital_status",
                      "customer_demographics.cd_education_status",
                      "customer_demographics.cd_purchase_estimate",
                      "customer_demographics.cd_credit_rating"
                    ],
                    "Inner Unique": false,
                    "Join Filter": "(c.c_customer_sk = web_sales.ws_bill_customer_sk)",
                    "Rows Removed by Join Filter": 0,
                    "Shared Hit Blocks": 12553,
                    "Shared Read Blocks": 37337,
                    "Shared Dirtied Blocks": 0,
                    "Shared Written Blocks": 0,
                    "Local Hit Blocks": 0,
                    "Local Read Blocks": 0,
                    "Local Dirtied Blocks": 0,
                    "Local Written Blocks": 0,
                    "Temp Read Blocks": 0,
                    "Temp Written Blocks": 0,
                    "Plans": [
                      {
                        "Node Type": "Gather Merge",
                        "Parent Relationship": "Outer",
                        "Parallel Aware": false,
                        "Async Capable": false,
                        "Startup Cost": 70395.23,
                        "Total Cost": 70427.38,
                        "Plan Rows": 276,
                        "Plan Width": 44,
                        "Actual Startup Time": 3008.472,
                        "Actual Total Time": 3015.39,
                        "Actual Rows": 0,
                        "Actual Loops": 1,
                        "Output": [
                          "c.c_customer_sk",
                          "customer_demographics.cd_gender",
                          "customer_demographics.cd_marital_status",
                          "customer_demographics.cd_education_status",
                          "customer_demographics.cd_purchase_estimate",
                          "customer_demographics.cd_credit_rating"
                        ],
                        "Workers Planned": 2,
                        "Workers Launched": 2,
                        "Shared Hit Blocks": 12553,
                        "Shared Read Blocks": 37337,
                        "Shared Dirtied Blocks": 0,
                        "Shared Written Blocks": 0,
                        "Local Hit Blocks": 0,
                        "Local Read Blocks": 0,
                        "Local Dirtied Blocks": 0,
                        "Local Written Blocks": 0,
                        "Temp Read Blocks": 0,
                        "Temp Written Blocks": 0,
                        "Plans": [
                          {
                            "Node Type": "Sort",
                            "Parent Relationship": "Outer",
                            "Parallel Aware": false,
                            "Async Capable": false,
                            "Startup Cost": 69395.21,
                            "Total Cost": 69395.5,
                            "Plan Rows": 115,
                            "Plan Width": 44,
                            "Actual Startup Time": 2972.619,
                            "Actual Total Time": 2972.625,
                            "Actual Rows": 0,
                            "Actual Loops": 3,
                            "Output": [
                              "c.c_customer_sk",
                              "customer_demographics.cd_gender",
                              "customer_demographics.cd_marital_status",
                              "customer_demographics.cd_education_status",
                              "customer_demographics.cd_purchase_estimate",
                              "customer_demographics.cd_credit_rating"
                            ],
                            "Sort Key": [
                              "customer_demographics.cd_gender",
                              "customer_demographics.cd_marital_status",
                              "customer_demographics.cd_education_status",
                              "customer_demographics.cd_purchase_estimate",
                              "customer_demographics.cd_credit_rating"
                            ],
                            "Sort Method": "quicksort",
                            "Sort Space Used": 25,
                            "Sort Space Type": "Memory",
                            "Shared Hit Blocks": 12553,
                            "Shared Read Blocks": 37337,
                            "Shared Dirtied Blocks": 0,
                            "Shared Written Blocks": 0,
                            "Local Hit Blocks": 0,
                            "Local Read Blocks": 0,
                            "Local Dirtied Blocks": 0,
                            "Local Written Blocks": 0,
                            "Temp Read Blocks": 0,
                            "Temp Written Blocks": 0,
                            "Workers": [
                              {
                                "Worker Number": 0,
                                "Actual Startup Time": 2954.862,
                                "Actual Total Time": 2954.868,
                                "Actual Rows": 0,
                                "Actual Loops": 1,
                                "Sort Method": "quicksort",
                                "Sort Space Used": 25,
                                "Sort Space Type": "Memory",
                                "JIT": {
                                  "Functions": 30,
                                  "Options": {
                                    "Inlining": false,
                                    "Optimization": false,
                                    "Expressions": true,
                                    "Deforming": true
                                  },
                                  "Timing": {
                                    "Generation": 3.15,
                                    "Inlining": 0.0,
                                    "Optimization": 0.603,
                                    "Emission": 12.746,
                                    "Total": 16.499
                                  }
                                },
                                "Shared Hit Blocks": 2904,
                                "Shared Read Blocks": 8467,
                                "Shared Dirtied Blocks": 0,
                                "Shared Written Blocks": 0,
                                "Local Hit Blocks": 0,
                                "Local Read Blocks": 0,
                                "Local Dirtied Blocks": 0,
                                "Local Written Blocks": 0,
                                "Temp Read Blocks": 0,
                                "Temp Written Blocks": 0
                              },
                              {
                                "Worker Number": 1,
                                "Actual Startup Time": 2954.88,
                                "Actual Total Time": 2954.886,
                                "Actual Rows": 0,
                                "Actual Loops": 1,
                                "Sort Method": "quicksort",
                                "Sort Space Used": 25,
                                "Sort Space Type": "Memory",
                                "JIT": {
                                  "Functions": 30,
                                  "Options": {
                                    "Inlining": false,
                                    "Optimization": false,
                                    "Expressions": true,
                                    "Deforming": true
                                  },
                                  "Timing": {
                                    "Generation": 3.017,
                                    "Inlining": 0.0,
                                    "Optimization": 0.513,
                                    "Emission": 10.737,
                                    "Total": 14.267
                                  }
                                },
                                "Shared Hit Blocks": 6764,
                                "Shared Read Blocks": 18810,
                                "Shared Dirtied Blocks": 0,
                                "Shared Written Blocks": 0,
                                "Local Hit Blocks": 0,
                                "Local Read Blocks": 0,
                                "Local Dirtied Blocks": 0,
                                "Local Written Blocks": 0,
                                "Temp Read Blocks": 0,
                                "Temp Written Blocks": 0
                              }
                            ],
                            "Plans": [
                              {
                                "Node Type": "Nested Loop",
                                "Parent Relationship": "Outer",
                                "Parallel Aware": false,
                                "Async Capable": false,
                                "Join Type": "Inner",
                                "Startup Cost": 59208.23,
                                "Total Cost": 69391.27,
                                "Plan Rows": 115,
                                "Plan Width": 44,
                                "Actual Startup Time": 2972.309,
                                "Actual Total Time": 2972.315,
                                "Actual Rows": 0,
                                "Actual Loops": 3,
                                "Output": [
                                  "c.c_customer_sk",
                                  "customer_demographics.cd_gender",
                                  "customer_demographics.cd_marital_status",
                                  "customer_demographics.cd_education_status",
                                  "customer_demographics.cd_purchase_estimate",
                                  "customer_demographics.cd_credit_rating"
                                ],
                                "Inner Unique": true,
                                "Shared Hit Blocks": 12528,
                                "Shared Read Blocks": 37334,
                                "Shared Dirtied Blocks": 0,
                                "Shared Written Blocks": 0,
                                "Local Hit Blocks": 0,
                                "Local Read Blocks": 0,
                                "Local Dirtied Blocks": 0,
                                "Local Written Blocks": 0,
                                "Temp Read Blocks": 0,
                                "Temp Written Blocks": 0,
                                "Workers": [
                                  {
                                    "Worker Number": 0,
                                    "Actual Startup Time": 2954.432,
                                    "Actual Total Time": 2954.437,
                                    "Actual Rows": 0,
                                    "Actual Loops": 1,
                                    "Shared Hit Blocks": 2890,
                                    "Shared Read Blocks": 8467,
                                    "Shared Dirtied Blocks": 0,
                                    "Shared Written Blocks": 0,
                                    "Local Hit Blocks": 0,
                                    "Local Read Blocks": 0,
                                    "Local Dirtied Blocks": 0,
                                    "Local Written Blocks": 0,
                                    "Temp Read Blocks": 0,
                                    "Temp Written Blocks": 0
                                  },
                                  {
                                    "Worker Number": 1,
                                    "Actual Startup Time": 2954.392,
                                    "Actual Total Time": 2954.398,
                                    "Actual Rows": 0,
                                    "Actual Loops": 1,
                                    "Shared Hit Blocks": 6753,
                                    "Shared Read Blocks": 18807,
                                    "Shared Dirtied Blocks": 0,
                                    "Shared Written Blocks": 0,
                                    "Local Hit Blocks": 0,
                                    "Local Read Blocks": 0,
                                    "Local Dirtied Blocks": 0,
                                    "Local Written Blocks": 0,
                                    "Temp Read Blocks": 0,
                                    "Temp Written Blocks": 0
                                  }
                                ],
                                "Plans": [
                                  {
                                    "Node Type": "Hash Join",
                                    "Parent Relationship": "Outer",
                                    "Parallel Aware": true,
                                    "Async Capable": false,
                                    "Join Type": "Inner",
                                    "Startup Cost": 59207.8,
                                    "Total Cost": 66125.11,
                                    "Plan Rows": 690,
                                    "Plan Width": 8,
                                    "Actual Startup Time": 2147.552,
                                    "Actual Total Time": 2454.359,
                                    "Actual Rows": 1248,
                                    "Actual Loops": 3,
                                    "Output": [
                                      "c.c_current_cdemo_sk",
                                      "c.c_customer_sk"
                                    ],
                                    "Inner Unique": false,
                                    "Hash Cond": "(ca.ca_address_sk = c.c_current_addr_sk)",
                                    "Shared Hit Blocks": 4016,
                                    "Shared Read Blocks": 31360,
                                    "Shared Dirtied Blocks": 0,
                                    "Shared Written Blocks": 0,
                                    "Local Hit Blocks": 0,
                                    "Local Read Blocks": 0,
                                    "Local Dirtied Blocks": 0,
                                    "Local Written Blocks": 0,
                                    "Temp Read Blocks": 0,
                                    "Temp Written Blocks": 0,
                                    "Workers": [
                                      {
                                        "Worker Number": 0,
                                        "Actual Startup Time": 2129.982,
                                        "Actual Total Time": 2439.284,
                                        "Actual Rows": 1254,
                                        "Actual Loops": 1,
                                        "Shared Hit Blocks": 30,
                                        "Shared Read Blocks": 6478,
                                        "Shared Dirtied Blocks": 0,
                                        "Shared Written Blocks": 0,
                                        "Local Hit Blocks": 0,
                                        "Local Read Blocks": 0,
                                        "Local Dirtied Blocks": 0,
                                        "Local Written Blocks": 0,
                                        "Temp Read Blocks": 0,
                                        "Temp Written Blocks": 0
                                      },
                                      {
                                        "Worker Number": 1,
                                        "Actual Startup Time": 2130.201,
                                        "Actual Total Time": 2432.365,
                                        "Actual Rows": 1239,
                                        "Actual Loops": 1,
                                        "Shared Hit Blocks": 3950,
                                        "Shared Read Blocks": 16829,
                                        "Shared Dirtied Blocks": 0,
                                        "Shared Written Blocks": 0,
                                        "Local Hit Blocks": 0,
                                        "Local Read Blocks": 0,
                                        "Local Dirtied Blocks": 0,
                                        "Local Written Blocks": 0,
                                        "Temp Read Blocks": 0,
                                        "Temp Written Blocks": 0
                                      }
                                    ],
                                    "Plans": [
                                      {
                                        "Node Type": "Seq Scan",
                                        "Parent Relationship": "Outer",
                                        "Parallel Aware": true,
                                        "Async Capable": false,
                                        "Relation Name": "customer_address",
                                        "Schema": "public",
                                        "Alias": "ca",
                                        "Startup Cost": 0.0,
                                        "Total Cost": 6856.29,
                                        "Plan Rows": 15507,
                                        "Plan Width": 4,
                                        "Actual Startup Time": 0.461,
                                        "Actual Total Time": 298.349,
                                        "Actual Rows": 12278,
                                        "Actual Loops": 3,
                                        "Output": [
                                          "ca.ca_address_sk",
                                          "ca.ca_address_id",
                                          "ca.ca_street_number",
                                          "ca.ca_street_name",
                                          "ca.ca_street_type",
                                          "ca.ca_suite_number",
                                          "ca.ca_city",
                                          "ca.ca_county",
                                          "ca.ca_state",
                                          "ca.ca_zip",
                                          "ca.ca_country",
                                          "ca.ca_gmt_offset",
                                          "ca.ca_location_type"
                                        ],
                                        "Filter": "(ca.ca_state = ANY ('{IA,MO,TX}'::bpchar[]))",
                                        "Rows Removed by Filter": 71055,
                                        "Shared Hit Blocks": 0,
                                        "Shared Read Blocks": 5424,
                                        "Shared Dirtied Blocks": 0,
                                        "Shared Written Blocks": 0,
                                        "Local Hit Blocks": 0,
                                        "Local Read Blocks": 0,
                                        "Local Dirtied Blocks": 0,
                                        "Local Written Blocks": 0,
                                        "Temp Read Blocks": 0,
                                        "Temp Written Blocks": 0,
                                        "Workers": [
                                          {
                                            "Worker Number": 0,
                                            "Actual Startup Time": 0.608,
                                            "Actual Total Time": 300.956,
                                            "Actual Rows": 12543,
                                            "Actual Loops": 1,
                                            "Shared Hit Blocks": 0,
                                            "Shared Read Blocks": 1835,
                                            "Shared Dirtied Blocks": 0,
                                            "Shared Written Blocks": 0,
                                            "Local Hit Blocks": 0,
                                            "Local Read Blocks": 0,
                                            "Local Dirtied Blocks": 0,
                                            "Local Written Blocks": 0,
                                            "Temp Read Blocks": 0,
                                            "Temp Written Blocks": 0
                                          },
                                          {
                                            "Worker Number": 1,
                                            "Actual Startup Time": 0.595,
                                            "Actual Total Time": 294.232,
                                            "Actual Rows": 11977,
                                            "Actual Loops": 1,
                                            "Shared Hit Blocks": 0,
                                            "Shared Read Blocks": 1766,
                                            "Shared Dirtied Blocks": 0,
                                            "Shared Written Blocks": 0,
                                            "Local Hit Blocks": 0,
                                            "Local Read Blocks": 0,
                                            "Local Dirtied Blocks": 0,
                                            "Local Written Blocks": 0,
                                            "Temp Read Blocks": 0,
                                            "Temp Written Blocks": 0
                                          }
                                        ]
                                      },
                                      {
                                        "Node Type": "Hash",
                                        "Parent Relationship": "Inner",
                                        "Parallel Aware": true,
                                        "Async Capable": false,
                                        "Startup Cost": 59149.89,
                                        "Total Cost": 59149.89,
                                        "Plan Rows": 4633,
                                        "Plan Width": 12,
                                        "Actual Startup Time": 2146.072,
                                        "Actual Total Time": 2146.076,
                                        "Actual Rows": 20675,
                                        "Actual Loops": 3,
                                        "Output": [
                                          "c.c_current_addr_sk",
                                          "c.c_current_cdemo_sk",
                                          "c.c_customer_sk"
                                        ],
                                        "Hash Buckets": 65536,
                                        "Original Hash Buckets": 16384,
                                        "Hash Batches": 1,
                                        "Original Hash Batches": 1,
                                        "Peak Memory Usage": 3840,
                                        "Shared Hit Blocks": 3963,
                                        "Shared Read Blocks": 25931,
                                        "Shared Dirtied Blocks": 0,
                                        "Shared Written Blocks": 0,
                                        "Local Hit Blocks": 0,
                                        "Local Read Blocks": 0,
                                        "Local Dirtied Blocks": 0,
                                        "Local Written Blocks": 0,
                                        "Temp Read Blocks": 0,
                                        "Temp Written Blocks": 0,
                                        "Workers": [
                                          {
                                            "Worker Number": 0,
                                            "Actual Startup Time": 2128.214,
                                            "Actual Total Time": 2128.218,
                                            "Actual Rows": 20220,
                                            "Actual Loops": 1,
                                            "Shared Hit Blocks": 1,
                                            "Shared Read Blocks": 4643,
                                            "Shared Dirtied Blocks": 0,
                                            "Shared Written Blocks": 0,
                                            "Local Hit Blocks": 0,
                                            "Local Read Blocks": 0,
                                            "Local Dirtied Blocks": 0,
                                            "Local Written Blocks": 0,
                                            "Temp Read Blocks": 0,
                                            "Temp Written Blocks": 0
                                          },
                                          {
                                            "Worker Number": 1,
                                            "Actual Startup Time": 2128.209,
                                            "Actual Total Time": 2128.214,
                                            "Actual Rows": 20894,
                                            "Actual Loops": 1,
                                            "Shared Hit Blocks": 3926,
                                            "Shared Read Blocks": 15058,
                                            "Shared Dirtied Blocks": 0,
                                            "Shared Written Blocks": 0,
                                            "Local Hit Blocks": 0,
                                            "Local Read Blocks": 0,
                                            "Local Dirtied Blocks": 0,
                                            "Local Written Blocks": 0,
                                            "Temp Read Blocks": 0,
                                            "Temp Written Blocks": 0
                                          }
                                        ],
                                        "Plans": [
                                          {
                                            "Node Type": "Hash Join",
                                            "Parent Relationship": "Outer",
                                            "Parallel Aware": true,
                                            "Async Capable": false,
                                            "Join Type": "Semi",
                                            "Startup Cost": 42495.48,
                                            "Total Cost": 59149.89,
                                            "Plan Rows": 4633,
                                            "Plan Width": 12,
                                            "Actual Startup Time": 1402.201,
                                            "Actual Total Time": 2130.964,
                                            "Actual Rows": 20675,
                                            "Actual Loops": 3,
                                            "Output": [
                                              "c.c_current_addr_sk",
                                              "c.c_current_cdemo_sk",
                                              "c.c_customer_sk"
                                            ],
                                            "Inner Unique": false,
                                            "Hash Cond": "(c.c_customer_sk = store_sales.ss_customer_sk)",
                                            "Shared Hit Blocks": 3963,
                                            "Shared Read Blocks": 25931,
                                            "Shared Dirtied Blocks": 0,
                                            "Shared Written Blocks": 0,
                                            "Local Hit Blocks": 0,
                                            "Local Read Blocks": 0,
                                            "Local Dirtied Blocks": 0,
                                            "Local Written Blocks": 0,
                                            "Temp Read Blocks": 0,
                                            "Temp Written Blocks": 0,
                                            "Workers": [
                                              {
                                                "Worker Number": 0,
                                                "Actual Startup Time": 1393.345,
                                                "Actual Total Time": 2103.399,
                                                "Actual Rows": 20220,
                                                "Actual Loops": 1,
                                                "Shared Hit Blocks": 1,
                                                "Shared Read Blocks": 4643,
                                                "Shared Dirtied Blocks": 0,
                                                "Shared Written Blocks": 0,
                                                "Local Hit Blocks": 0,
                                                "Local Read Blocks": 0,
                                                "Local Dirtied Blocks": 0,
                                                "Local Written Blocks": 0,
                                                "Temp Read Blocks": 0,
                                                "Temp Written Blocks": 0
                                              },
                                              {
                                                "Worker Number": 1,
                                                "Actual Startup Time": 1379.959,
                                                "Actual Total Time": 2117.748,
                                                "Actual Rows": 20894,
                                                "Actual Loops": 1,
                                                "Shared Hit Blocks": 3926,
                                                "Shared Read Blocks": 15058,
                                                "Shared Dirtied Blocks": 0,
                                                "Shared Written Blocks": 0,
                                                "Local Hit Blocks": 0,
                                                "Local Read Blocks": 0,
                                                "Local Dirtied Blocks": 0,
                                                "Local Written Blocks": 0,
                                                "Temp Read Blocks": 0,
                                                "Temp Written Blocks": 0
                                              }
                                            ],
                                            "Plans": [
                                              {
                                                "Node Type": "Seq Scan",
                                                "Parent Relationship": "Outer",
                                                "Parallel Aware": true,
                                                "Async Capable": false,
                                                "Relation Name": "customer",
                                                "Schema": "public",
                                                "Alias": "c",
                                                "Startup Cost": 0.0,
                                                "Total Cost": 15963.33,
                                                "Plan Rows": 208333,
                                                "Plan Width": 12,
                                                "Actual Startup Time": 0.388,
                                                "Actual Total Time": 664.829,
                                                "Actual Rows": 166667,
                                                "Actual Loops": 3,
                                                "Output": [
                                                  "c.c_customer_sk",
                                                  "c.c_customer_id",
                                                  "c.c_current_cdemo_sk",
                                                  "c.c_current_hdemo_sk",
                                                  "c.c_current_addr_sk",
                                                  "c.c_first_shipto_date_sk",
                                                  "c.c_first_sales_date_sk",
                                                  "c.c_salutation",
                                                  "c.c_first_name",
                                                  "c.c_last_name",
                                                  "c.c_preferred_cust_flag",
                                                  "c.c_birth_day",
                                                  "c.c_birth_month",
                                                  "c.c_birth_year",
                                                  "c.c_birth_country",
                                                  "c.c_login",
                                                  "c.c_email_address",
                                                  "c.c_last_review_date_sk"
                                                ],
                                                "Shared Hit Blocks": 0,
                                                "Shared Read Blocks": 13880,
                                                "Shared Dirtied Blocks": 0,
                                                "Shared Written Blocks": 0,
                                                "Local Hit Blocks": 0,
                                                "Local Read Blocks": 0,
                                                "Local Dirtied Blocks": 0,
                                                "Local Written Blocks": 0,
                                                "Temp Read Blocks": 0,
                                                "Temp Written Blocks": 0,
                                                "Workers": [
                                                  {
                                                    "Worker Number": 0,
                                                    "Actual Startup Time": 0.513,
                                                    "Actual Total Time": 647.15,
                                                    "Actual Rows": 162352,
                                                    "Actual Loops": 1,
                                                    "Shared Hit Blocks": 0,
                                                    "Shared Read Blocks": 4508,
                                                    "Shared Dirtied Blocks": 0,
                                                    "Shared Written Blocks": 0,
                                                    "Local Hit Blocks": 0,
                                                    "Local Read Blocks": 0,
                                                    "Local Dirtied Blocks": 0,
                                                    "Local Written Blocks": 0,
                                                    "Temp Read Blocks": 0,
                                                    "Temp Written Blocks": 0
                                                  },
                                                  {
                                                    "Worker Number": 1,
                                                    "Actual Startup Time": 0.49,
                                                    "Actual Total Time": 674.46,
                                                    "Actual Rows": 169091,
                                                    "Actual Loops": 1,
                                                    "Shared Hit Blocks": 0,
                                                    "Shared Read Blocks": 4695,
                                                    "Shared Dirtied Blocks": 0,
                                                    "Shared Written Blocks": 0,
                                                    "Local Hit Blocks": 0,
                                                    "Local Read Blocks": 0,
                                                    "Local Dirtied Blocks": 0,
                                                    "Local Written Blocks": 0,
                                                    "Temp Read Blocks": 0,
                                                    "Temp Written Blocks": 0
                                                  }
                                                ]
                                              },
                                              {
                                                "Node Type": "Hash",
                                                "Parent Relationship": "Inner",
                                                "Parallel Aware": true,
                                                "Async Capable": false,
                                                "Startup Cost": 42434.76,
                                                "Total Cost": 42434.76,
                                                "Plan Rows": 4857,
                                                "Plan Width": 4,
                                                "Actual Startup Time": 1397.243,
                                                "Actual Total Time": 1397.245,
                                                "Actual Rows": 97383,
                                                "Actual Loops": 3,
                                                "Output": [
                                                  "store_sales.ss_customer_sk"
                                                ],
                                                "Hash Buckets": 524288,
                                                "Original Hash Buckets": 16384,
                                                "Hash Batches": 1,
                                                "Original Hash Batches": 1,
                                                "Peak Memory Usage": 19392,
                                                "Shared Hit Blocks": 3963,
                                                "Shared Read Blocks": 12051,
                                                "Shared Dirtied Blocks": 0,
                                                "Shared Written Blocks": 0,
                                                "Local Hit Blocks": 0,
                                                "Local Read Blocks": 0,
                                                "Local Dirtied Blocks": 0,
                                                "Local Written Blocks": 0,
                                                "Temp Read Blocks": 0,
                                                "Temp Written Blocks": 0,
                                                "Workers": [
                                                  {
                                                    "Worker Number": 0,
                                                    "Actual Startup Time": 1379.376,
                                                    "Actual Total Time": 1379.379,
                                                    "Actual Rows": 0,
                                                    "Actual Loops": 1,
                                                    "Shared Hit Blocks": 1,
                                                    "Shared Read Blocks": 135,
                                                    "Shared Dirtied Blocks": 0,
                                                    "Shared Written Blocks": 0,
                                                    "Local Hit Blocks": 0,
                                                    "Local Read Blocks": 0,
                                                    "Local Dirtied Blocks": 0,
                                                    "Local Written Blocks": 0,
                                                    "Temp Read Blocks": 0,
                                                    "Temp Written Blocks": 0
                                                  },
                                                  {
                                                    "Worker Number": 1,
                                                    "Actual Startup Time": 1379.385,
                                                    "Actual Total Time": 1379.387,
                                                    "Actual Rows": 257338,
                                                    "Actual Loops": 1,
                                                    "Shared Hit Blocks": 3926,
                                                    "Shared Read Blocks": 10363,
                                                    "Shared Dirtied Blocks": 0,
                                                    "Shared Written Blocks": 0,
                                                    "Local Hit Blocks": 0,
                                                    "Local Read Blocks": 0,
                                                    "Local Dirtied Blocks": 0,
                                                    "Local Written Blocks": 0,
                                                    "Temp Read Blocks": 0,
                                                    "Temp Written Blocks": 0
                                                  }
                                                ],
                                                "Plans": [
                                                  {
                                                    "Node Type": "Nested Loop",
                                                    "Parent Relationship": "Outer",
                                                    "Parallel Aware": false,
                                                    "Async Capable": false,
                                                    "Join Type": "Inner",
                                                    "Startup Cost": 0.85,
                                                    "Total Cost": 42434.76,
                                                    "Plan Rows": 4857,
                                                    "Plan Width": 4,
                                                    "Actual Startup Time": 17.136,
                                                    "Actual Total Time": 517.548,
                                                    "Actual Rows": 97383,
                                                    "Actual Loops": 3,
                                                    "Output": [
                                                      "store_sales.ss_customer_sk"
                                                    ],
                                                    "Inner Unique": false,
                                                    "Shared Hit Blocks": 3963,
                                                    "Shared Read Blocks": 12051,
                                                    "Shared Dirtied Blocks": 0,
                                                    "Shared Written Blocks": 0,
                                                    "Local Hit Blocks": 0,
                                                    "Local Read Blocks": 0,
                                                    "Local Dirtied Blocks": 0,
                                                    "Local Written Blocks": 0,
                                                    "Temp Read Blocks": 0,
                                                    "Temp Written Blocks": 0,
                                                    "Workers": [
                                                      {
                                                        "Worker Number": 0,
                                                        "Actual Startup Time": 16.693,
                                                        "Actual Total Time": 16.695,
                                                        "Actual Rows": 0,
                                                        "Actual Loops": 1,
                                                        "Shared Hit Blocks": 1,
                                                        "Shared Read Blocks": 135,
                                                        "Shared Dirtied Blocks": 0,
                                                        "Shared Written Blocks": 0,
                                                        "Local Hit Blocks": 0,
                                                        "Local Read Blocks": 0,
                                                        "Local Dirtied Blocks": 0,
                                                        "Local Written Blocks": 0,
                                                        "Temp Read Blocks": 0,
                                                        "Temp Written Blocks": 0
                                                      },
                                                      {
                                                        "Worker Number": 1,
                                                        "Actual Startup Time": 13.587,
                                                        "Actual Total Time": 1299.836,
                                                        "Actual Rows": 257338,
                                                        "Actual Loops": 1,
                                                        "Shared Hit Blocks": 3926,
                                                        "Shared Read Blocks": 10363,
                                                        "Shared Dirtied Blocks": 0,
                                                        "Shared Written Blocks": 0,
                                                        "Local Hit Blocks": 0,
                                                        "Local Read Blocks": 0,
                                                        "Local Dirtied Blocks": 0,
                                                        "Local Written Blocks": 0,
                                                        "Temp Read Blocks": 0,
                                                        "Temp Written Blocks": 0
                                                      }
                                                    ],
                                                    "Plans": [
                                                      {
                                                        "Node Type": "Index Only Scan",
                                                        "Parent Relationship": "Outer",
                                                        "Parallel Aware": true,
                                                        "Async Capable": false,
                                                        "Scan Direction": "Forward",
                                                        "Index Name": "_dta_index_date_dim_6_661577395__k1_k7_k9",
                                                        "Relation Name": "date_dim",
                                                        "Schema": "public",
                                                        "Alias": "date_dim",
                                                        "Startup Cost": 0.29,
                                                        "Total Cost": 2047.53,
                                                        "Plan Rows": 38,
                                                        "Plan Width": 4,
                                                        "Actual Startup Time": 12.618,
                                                        "Actual Total Time": 12.656,
                                                        "Actual Rows": 31,
                                                        "Actual Loops": 3,
                                                        "Output": [
                                                          "date_dim.d_date_sk",
                                                          "date_dim.d_year",
                                                          "date_dim.d_moy"
                                                        ],
                                                        "Index Cond": "((date_dim.d_year = 2002) AND (date_dim.d_moy >= 3) AND (date_dim.d_moy <= 5))",
                                                        "Rows Removed by Index Recheck": 0,
                                                        "Heap Fetches": 0,
                                                        "Shared Hit Blocks": 4,
                                                        "Shared Read Blocks": 279,
                                                        "Shared Dirtied Blocks": 0,
                                                        "Shared Written Blocks": 0,
                                                        "Local Hit Blocks": 0,
                                                        "Local Read Blocks": 0,
                                                        "Local Dirtied Blocks": 0,
                                                        "Local Written Blocks": 0,
                                                        "Temp Read Blocks": 0,
                                                        "Temp Written Blocks": 0,
                                                        "Workers": [
                                                          {
                                                            "Worker Number": 0,
                                                            "Actual Startup Time": 16.692,
                                                            "Actual Total Time": 16.692,
                                                            "Actual Rows": 0,
                                                            "Actual Loops": 1,
                                                            "Shared Hit Blocks": 1,
                                                            "Shared Read Blocks": 135,
                                                            "Shared Dirtied Blocks": 0,
                                                            "Shared Written Blocks": 0,
                                                            "Local Hit Blocks": 0,
                                                            "Local Read Blocks": 0,
                                                            "Local Dirtied Blocks": 0,
                                                            "Local Written Blocks": 0,
                                                            "Temp Read Blocks": 0,
                                                            "Temp Written Blocks": 0
                                                          },
                                                          {
                                                            "Worker Number": 1,
                                                            "Actual Startup Time": 0.584,
                                                            "Actual Total Time": 0.684,
                                                            "Actual Rows": 82,
                                                            "Actual Loops": 1,
                                                            "Shared Hit Blocks": 1,
                                                            "Shared Read Blocks": 1,
                                                            "Shared Dirtied Blocks": 0,
                                                            "Shared Written Blocks": 0,
                                                            "Local Hit Blocks": 0,
                                                            "Local Read Blocks": 0,
                                                            "Local Dirtied Blocks": 0,
                                                            "Local Written Blocks": 0,
                                                            "Temp Read Blocks": 0,
                                                            "Temp Written Blocks": 0
                                                          }
                                                        ]
                                                      },
                                                      {
                                                        "Node Type": "Index Only Scan",
                                                        "Parent Relationship": "Inner",
                                                        "Parallel Aware": false,
                                                        "Async Capable": false,
                                                        "Scan Direction": "Forward",
                                                        "Index Name": "_dta_index_store_sales_6_1333579789__k1_k23_k14_k6_k8_k5_k7_3_4",
                                                        "Relation Name": "store_sales",
                                                        "Schema": "public",
                                                        "Alias": "store_sales",
                                                        "Startup Cost": 0.56,
                                                        "Total Cost": 1017.07,
                                                        "Plan Rows": 4575,
                                                        "Plan Width": 8,
                                                        "Actual Startup Time": 0.107,
                                                        "Actual Total Time": 16.046,
                                                        "Actual Rows": 3176,
                                                        "Actual Loops": 92,
                                                        "Output": [
                                                          "store_sales.ss_sold_date_sk",
                                                          "store_sales.ss_net_profit",
                                                          "store_sales.ss_sales_price",
                                                          "store_sales.ss_hdemo_sk",
                                                          "store_sales.ss_store_sk",
                                                          "store_sales.ss_cdemo_sk",
                                                          "store_sales.ss_addr_sk",
                                                          "store_sales.ss_item_sk",
                                                          "store_sales.ss_customer_sk",
                                                          "store_sales.ss_promo_sk",
                                                          "store_sales.ss_ticket_number",
                                                          "store_sales.ss_quantity",
                                                          "store_sales.ss_wholesale_cost",
                                                          "store_sales.ss_list_price",
                                                          "store_sales.ss_ext_sales_price",
                                                          "store_sales.ss_ext_wholesale_cost",
                                                          "store_sales.ss_coupon_amt"
                                                        ],
                                                        "Index Cond": "(store_sales.ss_sold_date_sk = date_dim.d_date_sk)",
                                                        "Rows Removed by Index Recheck": 0,
                                                        "Filter": "((store_sales.ss_list_price >= '100'::numeric) AND (store_sales.ss_list_price <= '189'::numeric))",
                                                        "Rows Removed by Filter": 6186,
                                                        "Heap Fetches": 0,
                                                        "Shared Hit Blocks": 3959,
                                                        "Shared Read Blocks": 11772,
                                                        "Shared Dirtied Blocks": 0,
                                                        "Shared Written Blocks": 0,
                                                        "Local Hit Blocks": 0,
                                                        "Local Read Blocks": 0,
                                                        "Local Dirtied Blocks": 0,
                                                        "Local Written Blocks": 0,
                                                        "Temp Read Blocks": 0,
                                                        "Temp Written Blocks": 0,
                                                        "Workers": [
                                                          {
                                                            "Worker Number": 1,
                                                            "Actual Startup Time": 0.103,
                                                            "Actual Total Time": 15.42,
                                                            "Actual Rows": 3138,
                                                            "Actual Loops": 82,
                                                            "Shared Hit Blocks": 3925,
                                                            "Shared Read Blocks": 10362,
                                                            "Shared Dirtied Blocks": 0,
                                                            "Shared Written Blocks": 0,
                                                            "Local Hit Blocks": 0,
                                                            "Local Read Blocks": 0,
                                                            "Local Dirtied Blocks": 0,
                                                            "Local Written Blocks": 0,
                                                            "Temp Read Blocks": 0,
                                                            "Temp Written Blocks": 0
                                                          }
                                                        ]
                                                      }
                                                    ]
                                                  }
                                                ]
                                              }
                                            ]
                                          }
                                        ]
                                      }
                                    ]
                                  },
                                  {
                                    "Node Type": "Index Scan",
                                    "Parent Relationship": "Inner",
                                    "Parallel Aware": false,
                                    "Async Capable": false,
                                    "Scan Direction": "Forward",
                                    "Index Name": "customer_demographics_pkey",
                                    "Relation Name": "customer_demographics",
                                    "Schema": "public",
                                    "Alias": "customer_demographics",
                                    "Startup Cost": 0.43,
                                    "Total Cost": 4.73,
                                    "Plan Rows": 1,
                                    "Plan Width": 44,
                                    "Actual Startup Time": 0.413,
                                    "Actual Total Time": 0.413,
                                    "Actual Rows": 0,
                                    "Actual Loops": 3744,
                                    "Output": [
                                      "customer_demographics.cd_demo_sk",
                                      "customer_demographics.cd_gender",
                                      "customer_demographics.cd_marital_status",
                                      "customer_demographics.cd_education_status",
                                      "customer_demographics.cd_purchase_estimate",
                                      "customer_demographics.cd_credit_rating",
                                      "customer_demographics.cd_dep_count",
                                      "customer_demographics.cd_dep_employed_count",
                                      "customer_demographics.cd_dep_college_count"
                                    ],
                                    "Index Cond": "(customer_demographics.cd_demo_sk = c.c_current_cdemo_sk)",
                                    "Rows Removed by Index Recheck": 0,
                                    "Filter": "((customer_demographics.cd_education_status = ANY ('{Primary,Secondary}'::bpchar[])) AND (customer_demographics.cd_marital_status = ANY ('{S,S,S}'::bpchar[])))",
                                    "Rows Removed by Filter": 1,
                                    "Shared Hit Blocks": 8512,
                                    "Shared Read Blocks": 5974,
                                    "Shared Dirtied Blocks": 0,
                                    "Shared Written Blocks": 0,
                                    "Local Hit Blocks": 0,
                                    "Local Read Blocks": 0,
                                    "Local Dirtied Blocks": 0,
                                    "Local Written Blocks": 0,
                                    "Temp Read Blocks": 0,
                                    "Temp Written Blocks": 0,
                                    "Workers": [
                                      {
                                        "Worker Number": 0,
                                        "Actual Startup Time": 0.409,
                                        "Actual Total Time": 0.409,
                                        "Actual Rows": 0,
                                        "Actual Loops": 1254,
                                        "Shared Hit Blocks": 2860,
                                        "Shared Read Blocks": 1989,
                                        "Shared Dirtied Blocks": 0,
                                        "Shared Written Blocks": 0,
                                        "Local Hit Blocks": 0,
                                        "Local Read Blocks": 0,
                                        "Local Dirtied Blocks": 0,
                                        "Local Written Blocks": 0,
                                        "Temp Read Blocks": 0,
                                        "Temp Written Blocks": 0
                                      },
                                      {
                                        "Worker Number": 1,
                                        "Actual Startup Time": 0.42,
                                        "Actual Total Time": 0.42,
                                        "Actual Rows": 0,
                                        "Actual Loops": 1239,
                                        "Shared Hit Blocks": 2803,
                                        "Shared Read Blocks": 1978,
                                        "Shared Dirtied Blocks": 0,
                                        "Shared Written Blocks": 0,
                                        "Local Hit Blocks": 0,
                                        "Local Read Blocks": 0,
                                        "Local Dirtied Blocks": 0,
                                        "Local Written Blocks": 0,
                                        "Temp Read Blocks": 0,
                                        "Temp Written Blocks": 0
                                      }
                                    ]
                                  }
                                ]
                              }
                            ]
                          }
                        ]
                      },
                      {
                        "Node Type": "Materialize",
                        "Parent Relationship": "Inner",
                        "Parallel Aware": false,
                        "Async Capable": false,
                        "Startup Cost": 1000.73,
                        "Total Cost": 21797.13,
                        "Plan Rows": 2654,
                        "Plan Width": 4,
                        "Actual Startup Time": 0.0,
                        "Actual Total Time": 0.0,
                        "Actual Rows": 0,
                        "Actual Loops": 0,
                        "Output": [
                          "web_sales.ws_bill_customer_sk"
                        ],
                        "Shared Hit Blocks": 0,
                        "Shared Read Blocks": 0,
                        "Shared Dirtied Blocks": 0,
                        "Shared Written Blocks": 0,
                        "Local Hit Blocks": 0,
                        "Local Read Blocks": 0,
                        "Local Dirtied Blocks": 0,
                        "Local Written Blocks": 0,
                        "Temp Read Blocks": 0,
                        "Temp Written Blocks": 0,
                        "Plans": [
                          {
                            "Node Type": "Gather",
                            "Parent Relationship": "Outer",
                            "Parallel Aware": false,
                            "Async Capable": false,
                            "Startup Cost": 1000.73,
                            "Total Cost": 21783.86,
                            "Plan Rows": 2654,
                            "Plan Width": 4,
                            "Actual Startup Time": 0.0,
                            "Actual Total Time": 0.0,
                            "Actual Rows": 0,
                            "Actual Loops": 0,
                            "Output": [
                              "web_sales.ws_bill_customer_sk"
                            ],
                            "Workers Planned": 2,
                            "Workers Launched": 0,
                            "Single Copy": false,
                            "Shared Hit Blocks": 0,
                            "Shared Read Blocks": 0,
                            "Shared Dirtied Blocks": 0,
                            "Shared Written Blocks": 0,
                            "Local Hit Blocks": 0,
                            "Local Read Blocks": 0,
                            "Local Dirtied Blocks": 0,
                            "Local Written Blocks": 0,
                            "Temp Read Blocks": 0,
                            "Temp Written Blocks": 0,
                            "Plans": [
                              {
                                "Node Type": "Nested Loop",
                                "Parent Relationship": "Outer",
                                "Parallel Aware": false,
                                "Async Capable": false,
                                "Join Type": "Inner",
                                "Startup Cost": 0.72,
                                "Total Cost": 20518.46,
                                "Plan Rows": 1106,
                                "Plan Width": 4,
                                "Actual Startup Time": 0.0,
                                "Actual Total Time": 0.0,
                                "Actual Rows": 0,
                                "Actual Loops": 0,
                                "Output": [
                                  "web_sales.ws_bill_customer_sk"
                                ],
                                "Inner Unique": false,
                                "Shared Hit Blocks": 0,
                                "Shared Read Blocks": 0,
                                "Shared Dirtied Blocks": 0,
                                "Shared Written Blocks": 0,
                                "Local Hit Blocks": 0,
                                "Local Read Blocks": 0,
                                "Local Dirtied Blocks": 0,
                                "Local Written Blocks": 0,
                                "Temp Read Blocks": 0,
                                "Temp Written Blocks": 0,
                                "Plans": [
                                  {
                                    "Node Type": "Index Only Scan",
                                    "Parent Relationship": "Outer",
                                    "Parallel Aware": true,
                                    "Async Capable": false,
                                    "Scan Direction": "Forward",
                                    "Index Name": "_dta_index_date_dim_6_661577395__k1_k7_k9",
                                    "Relation Name": "date_dim",
                                    "Schema": "public",
                                    "Alias": "date_dim_1",
                                    "Startup Cost": 0.29,
                                    "Total Cost": 2047.53,
                                    "Plan Rows": 38,
                                    "Plan Width": 4,
                                    "Actual Startup Time": 0.0,
                                    "Actual Total Time": 0.0,
                                    "Actual Rows": 0,
                                    "Actual Loops": 0,
                                    "Output": [
                                      "date_dim_1.d_date_sk",
                                      "date_dim_1.d_year",
                                      "date_dim_1.d_moy"
                                    ],
                                    "Index Cond": "((date_dim_1.d_year = 2002) AND (date_dim_1.d_moy >= 3) AND (date_dim_1.d_moy <= 5))",
                                    "Rows Removed by Index Recheck": 0,
                                    "Heap Fetches": 0,
                                    "Shared Hit Blocks": 0,
                                    "Shared Read Blocks": 0,
                                    "Shared Dirtied Blocks": 0,
                                    "Shared Written Blocks": 0,
                                    "Local Hit Blocks": 0,
                                    "Local Read Blocks": 0,
                                    "Local Dirtied Blocks": 0,
                                    "Local Written Blocks": 0,
                                    "Temp Read Blocks": 0,
                                    "Temp Written Blocks": 0
                                  },
                                  {
                                    "Node Type": "Index Scan",
                                    "Parent Relationship": "Inner",
                                    "Parallel Aware": false,
                                    "Async Capable": false,
                                    "Scan Direction": "Forward",
                                    "Index Name": "_dta_index_web_sales_6_1269579561__k1_8_24",
                                    "Relation Name": "web_sales",
                                    "Schema": "public",
                                    "Alias": "web_sales",
                                    "Startup Cost": 0.43,
                                    "Total Cost": 476.05,
                                    "Plan Rows": 1003,
                                    "Plan Width": 8,
                                    "Actual Startup Time": 0.0,
                                    "Actual Total Time": 0.0,
                                    "Actual Rows": 0,
                                    "Actual Loops": 0,
                                    "Output": [
                                      "web_sales.ws_sold_date_sk",
                                      "web_sales.ws_sold_time_sk",
                                      "web_sales.ws_ship_date_sk",
                                      "web_sales.ws_item_sk",
                                      "web_sales.ws_bill_customer_sk",
                                      "web_sales.ws_bill_cdemo_sk",
                                      "web_sales.ws_bill_hdemo_sk",
                                      "web_sales.ws_bill_addr_sk",
                                      "web_sales.ws_ship_customer_sk",
                                      "web_sales.ws_ship_cdemo_sk",
                                      "web_sales.ws_ship_hdemo_sk",
                                      "web_sales.ws_ship_addr_sk",
                                      "web_sales.ws_web_page_sk",
                                      "web_sales.ws_web_site_sk",
                                      "web_sales.ws_ship_mode_sk",
                                      "web_sales.ws_warehouse_sk",
                                      "web_sales.ws_promo_sk",
                                      "web_sales.ws_order_number",
                                      "web_sales.ws_quantity",
                                      "web_sales.ws_wholesale_cost",
                                      "web_sales.ws_list_price",
                                      "web_sales.ws_sales_price",
                                      "web_sales.ws_ext_discount_amt",
                                      "web_sales.ws_ext_sales_price",
                                      "web_sales.ws_ext_wholesale_cost",
                                      "web_sales.ws_ext_list_price",
                                      "web_sales.ws_ext_tax",
                                      "web_sales.ws_coupon_amt",
                                      "web_sales.ws_ext_ship_cost",
                                      "web_sales.ws_net_paid",
                                      "web_sales.ws_net_paid_inc_tax",
                                      "web_sales.ws_net_paid_inc_ship",
                                      "web_sales.ws_net_paid_inc_ship_tax",
                                      "web_sales.ws_net_profit"
                                    ],
                                    "Index Cond": "(web_sales.ws_sold_date_sk = date_dim_1.d_date_sk)",
                                    "Rows Removed by Index Recheck": 0,
                                    "Filter": "((web_sales.ws_list_price >= '100'::numeric) AND (web_sales.ws_list_price <= '189'::numeric))",
                                    "Rows Removed by Filter": 0,
                                    "Shared Hit Blocks": 0,
                                    "Shared Read Blocks": 0,
                                    "Shared Dirtied Blocks": 0,
                                    "Shared Written Blocks": 0,
                                    "Local Hit Blocks": 0,
                                    "Local Read Blocks": 0,
                                    "Local Dirtied Blocks": 0,
                                    "Local Written Blocks": 0,
                                    "Temp Read Blocks": 0,
                                    "Temp Written Blocks": 0
                                  }
                                ]
                              }
                            ]
                          }
                        ]
                      }
                    ]
                  },
                  {
                    "Node Type": "Materialize",
                    "Parent Relationship": "Inner",
                    "Parallel Aware": false,
                    "Async Capable": false,
                    "Startup Cost": 1000.73,
                    "Total Cost": 38689.23,
                    "Plan Rows": 4513,
                    "Plan Width": 4,
                    "Actual Startup Time": 0.0,
                    "Actual Total Time": 0.0,
                    "Actual Rows": 0,
                    "Actual Loops": 0,
                    "Output": [
                      "catalog_sales.cs_ship_customer_sk"
                    ],
                    "Shared Hit Blocks": 0,
                    "Shared Read Blocks": 0,
                    "Shared Dirtied Blocks": 0,
                    "Shared Written Blocks": 0,
                    "Local Hit Blocks": 0,
                    "Local Read Blocks": 0,
                    "Local Dirtied Blocks": 0,
                    "Local Written Blocks": 0,
                    "Temp Read Blocks": 0,
                    "Temp Written Blocks": 0,
                    "Plans": [
                      {
                        "Node Type": "Gather",
                        "Parent Relationship": "Outer",
                        "Parallel Aware": false,
                        "Async Capable": false,
                        "Startup Cost": 1000.73,
                        "Total Cost": 38666.66,
                        "Plan Rows": 4513,
                        "Plan Width": 4,
                        "Actual Startup Time": 0.0,
                        "Actual Total Time": 0.0,
                        "Actual Rows": 0,
                        "Actual Loops": 0,
                        "Output": [
                          "catalog_sales.cs_ship_customer_sk"
                        ],
                        "Workers Planned": 2,
                        "Workers Launched": 0,
                        "Single Copy": false,
                        "Shared Hit Blocks": 0,
                        "Shared Read Blocks": 0,
                        "Shared Dirtied Blocks": 0,
                        "Shared Written Blocks": 0,
                        "Local Hit Blocks": 0,
                        "Local Read Blocks": 0,
                        "Local Dirtied Blocks": 0,
                        "Local Written Blocks": 0,
                        "Temp Read Blocks": 0,
                        "Temp Written Blocks": 0,
                        "Plans": [
                          {
                            "Node Type": "Nested Loop",
                            "Parent Relationship": "Outer",
                            "Parallel Aware": false,
                            "Async Capable": false,
                            "Join Type": "Inner",
                            "Startup Cost": 0.73,
                            "Total Cost": 37215.36,
                            "Plan Rows": 1880,
                            "Plan Width": 4,
                            "Actual Startup Time": 0.0,
                            "Actual Total Time": 0.0,
                            "Actual Rows": 0,
                            "Actual Loops": 0,
                            "Output": [
                              "catalog_sales.cs_ship_customer_sk"
                            ],
                            "Inner Unique": false,
                            "Shared Hit Blocks": 0,
                            "Shared Read Blocks": 0,
                            "Shared Dirtied Blocks": 0,
                            "Shared Written Blocks": 0,
                            "Local Hit Blocks": 0,
                            "Local Read Blocks": 0,
                            "Local Dirtied Blocks": 0,
                            "Local Written Blocks": 0,
                            "Temp Read Blocks": 0,
                            "Temp Written Blocks": 0,
                            "Plans": [
                              {
                                "Node Type": "Index Only Scan",
                                "Parent Relationship": "Outer",
                                "Parallel Aware": true,
                                "Async Capable": false,
                                "Scan Direction": "Forward",
                                "Index Name": "_dta_index_date_dim_6_661577395__k1_k7_k9",
                                "Relation Name": "date_dim",
                                "Schema": "public",
                                "Alias": "date_dim_2",
                                "Startup Cost": 0.29,
                                "Total Cost": 2047.53,
                                "Plan Rows": 38,
                                "Plan Width": 4,
                                "Actual Startup Time": 0.0,
                                "Actual Total Time": 0.0,
                                "Actual Rows": 0,
                                "Actual Loops": 0,
                                "Output": [
                                  "date_dim_2.d_date_sk",
                                  "date_dim_2.d_year",
                                  "date_dim_2.d_moy"
                                ],
                                "Index Cond": "((date_dim_2.d_year = 2002) AND (date_dim_2.d_moy >= 3) AND (date_dim_2.d_moy <= 5))",
                                "Rows Removed by Index Recheck": 0,
                                "Heap Fetches": 0,
                                "Shared Hit Blocks": 0,
                                "Shared Read Blocks": 0,
                                "Shared Dirtied Blocks": 0,
                                "Shared Written Blocks": 0,
                                "Local Hit Blocks": 0,
                                "Local Read Blocks": 0,
                                "Local Dirtied Blocks": 0,
                                "Local Written Blocks": 0,
                                "Temp Read Blocks": 0,
                                "Temp Written Blocks": 0
                              },
                              {
                                "Node Type": "Index Scan",
                                "Parent Relationship": "Inner",
                                "Parallel Aware": false,
                                "Async Capable": false,
                                "Scan Direction": "Forward",
                                "Index Name": "_dta_index_catalog_sales_6_1301579675__k1_4",
                                "Relation Name": "catalog_sales",
                                "Schema": "public",
                                "Alias": "catalog_sales",
                                "Startup Cost": 0.43,
                                "Total Cost": 908.36,
                                "Plan Rows": 1711,
                                "Plan Width": 8,
                                "Actual Startup Time": 0.0,
                                "Actual Total Time": 0.0,
                                "Actual Rows": 0,
                                "Actual Loops": 0,
                                "Output": [
                                  "catalog_sales.cs_sold_date_sk",
                                  "catalog_sales.cs_sold_time_sk",
                                  "catalog_sales.cs_ship_date_sk",
                                  "catalog_sales.cs_bill_customer_sk",
                                  "catalog_sales.cs_bill_cdemo_sk",
                                  "catalog_sales.cs_bill_hdemo_sk",
                                  "catalog_sales.cs_bill_addr_sk",
                                  "catalog_sales.cs_ship_customer_sk",
                                  "catalog_sales.cs_ship_cdemo_sk",
                                  "catalog_sales.cs_ship_hdemo_sk",
                                  "catalog_sales.cs_ship_addr_sk",
                                  "catalog_sales.cs_call_center_sk",
                                  "catalog_sales.cs_catalog_page_sk",
                                  "catalog_sales.cs_ship_mode_sk",
                                  "catalog_sales.cs_warehouse_sk",
                                  "catalog_sales.cs_item_sk",
                                  "catalog_sales.cs_promo_sk",
                                  "catalog_sales.cs_order_number",
                                  "catalog_sales.cs_quantity",
                                  "catalog_sales.cs_wholesale_cost",
                                  "catalog_sales.cs_list_price",
                                  "catalog_sales.cs_sales_price",
                                  "catalog_sales.cs_ext_discount_amt",
                                  "catalog_sales.cs_ext_sales_price",
                                  "catalog_sales.cs_ext_wholesale_cost",
                                  "catalog_sales.cs_ext_list_price",
                                  "catalog_sales.cs_ext_tax",
                                  "catalog_sales.cs_coupon_amt",
                                  "catalog_sales.cs_ext_ship_cost",
                                  "catalog_sales.cs_net_paid",
                                  "catalog_sales.cs_net_paid_inc_tax",
                                  "catalog_sales.cs_net_paid_inc_ship",
                                  "catalog_sales.cs_net_paid_inc_ship_tax",
                                  "catalog_sales.cs_net_profit"
                                ],
                                "Index Cond": "(catalog_sales.cs_sold_date_sk = date_dim_2.d_date_sk)",
                                "Rows Removed by Index Recheck": 0,
                                "Filter": "((catalog_sales.cs_list_price >= '100'::numeric) AND (catalog_sales.cs_list_price <= '189'::numeric))",
                                "Rows Removed by Filter": 0,
                                "Shared Hit Blocks": 0,
                                "Shared Read Blocks": 0,
                                "Shared Dirtied Blocks": 0,
                                "Shared Written Blocks": 0,
                                "Local Hit Blocks": 0,
                                "Local Read Blocks": 0,
                                "Local Dirtied Blocks": 0,
                                "Local Written Blocks": 0,
                                "Temp Read Blocks": 0,
                                "Temp Written Blocks": 0
                              }
                            ]
                          }
                        ]
                      }
                    ]
                  }
                ]
              }
            ]
          }
        ]
      },
      "Planning": {
        "Shared Hit Blocks": 28,
        "Shared Read Blocks": 54,
        "Shared Dirtied Blocks": 0,
        "Shared Written Blocks": 0,
        "Local Hit Blocks": 0,
        "Local Read Blocks": 0,
        "Local Dirtied Blocks": 0,
        "Local Written Blocks": 0,
        "Temp Read Blocks": 0,
        "Temp Written Blocks": 0
      },
      "Planning Time": 9.586,
      "Triggers": [],
      "JIT": {
        "Functions": 116,
        "Options": {
          "Inlining": false,
          "Optimization": false,
          "Expressions": true,
          "Deforming": true
        },
        "Timing": {
          "Generation": 9.832,
          "Inlining": 0.0,
          "Optimization": 2.532,
          "Emission": 50.96,
          "Total": 63.324
        }
      },
      "Execution Time": 3048.103
    }
  ],
  "original_sql": "select \n  cd_gender,\n  cd_marital_status,\n  cd_education_status,\n  count(*) cnt1,\n  cd_purchase_estimate,\n  count(*) cnt2,\n  cd_credit_rating,\n  count(*) cnt3\n from\n  customer c,customer_address ca,customer_demographics\n where\n  c.c_current_addr_sk = ca.ca_address_sk and\n  ca_state in ('IA','MO','TX') and\n  cd_demo_sk = c.c_current_cdemo_sk\n  and cd_marital_status in ('S', 'S', 'S')\n  and cd_education_status in ('Primary', 'Secondary') and\n  exists (select *\n          from store_sales,date_dim\n          where c.c_customer_sk = ss_customer_sk and\n                ss_sold_date_sk = d_date_sk and\n                d_year = 2002 and\n                d_moy between 3 and 3+2\n                and ss_list_price between 100 and 189\n          ) and\n   (not exists (select *\n            from web_sales,date_dim\n            where c.c_customer_sk = ws_bill_customer_sk and\n                  ws_sold_date_sk = d_date_sk and\n                  d_year = 2002 and\n                  d_moy between 3 and 3+2\n                  and ws_list_price between 100 and 189\n            ) and\n    not exists (select *\n            from catalog_sales,date_dim\n            where c.c_customer_sk = cs_ship_customer_sk and\n                  cs_sold_date_sk = d_date_sk and\n                  d_year = 2002 and\n                  d_moy between 3 and 3+2\n                  and cs_list_price between 100 and 189)\n            )\n group by cd_gender,\n          cd_marital_status,\n          cd_education_status,\n          cd_purchase_estimate,\n          cd_credit_rating\n order by cd_gender,\n          cd_marital_status,\n          cd_education_status,\n          cd_purchase_estimate,\n          cd_credit_rating\n limit 100"
}