{
  "query_id": "query013_spj_spj",
  "engine": "postgresql",
  "benchmark": "dsb",
  "scale_factor": 10,
  "execution_time_ms": 5896.594,
  "planning_time_ms": 4.372,
  "plan_json": [
    {
      "Plan": {
        "Node Type": "Aggregate",
        "Strategy": "Plain",
        "Partial Mode": "Finalize",
        "Parallel Aware": false,
        "Async Capable": false,
        "Startup Cost": 203409.71,
        "Total Cost": 203409.72,
        "Plan Rows": 1,
        "Plan Width": 100,
        "Actual Startup Time": 5894.801,
        "Actual Total Time": 5894.879,
        "Actual Rows": 1,
        "Actual Loops": 1,
        "Output": [
          "min(store_sales.ss_quantity)",
          "min(store_sales.ss_ext_sales_price)",
          "min(store_sales.ss_ext_wholesale_cost)",
          "min(store_sales.ss_ext_wholesale_cost)"
        ],
        "Shared Hit Blocks": 90982,
        "Shared Read Blocks": 82246,
        "Shared Dirtied Blocks": 0,
        "Shared Written Blocks": 0,
        "Local Hit Blocks": 0,
        "Local Read Blocks": 0,
        "Local Dirtied Blocks": 0,
        "Local Written Blocks": 0,
        "Temp Read Blocks": 0,
        "Temp Written Blocks": 0,
        "Plans": [
          {
            "Node Type": "Gather",
            "Parent Relationship": "Outer",
            "Parallel Aware": false,
            "Async Capable": false,
            "Startup Cost": 203409.48,
            "Total Cost": 203409.69,
            "Plan Rows": 2,
            "Plan Width": 68,
            "Actual Startup Time": 5894.784,
            "Actual Total Time": 5894.865,
            "Actual Rows": 3,
            "Actual Loops": 1,
            "Output": [
              "(PARTIAL min(store_sales.ss_quantity))",
              "(PARTIAL min(store_sales.ss_ext_sales_price))",
              "(PARTIAL min(store_sales.ss_ext_wholesale_cost))"
            ],
            "Workers Planned": 2,
            "Workers Launched": 2,
            "Single Copy": false,
            "Shared Hit Blocks": 90982,
            "Shared Read Blocks": 82246,
            "Shared Dirtied Blocks": 0,
            "Shared Written Blocks": 0,
            "Local Hit Blocks": 0,
            "Local Read Blocks": 0,
            "Local Dirtied Blocks": 0,
            "Local Written Blocks": 0,
            "Temp Read Blocks": 0,
            "Temp Written Blocks": 0,
            "Plans": [
              {
                "Node Type": "Aggregate",
                "Strategy": "Plain",
                "Partial Mode": "Partial",
                "Parent Relationship": "Outer",
                "Parallel Aware": false,
                "Async Capable": false,
                "Startup Cost": 202409.48,
                "Total Cost": 202409.49,
                "Plan Rows": 1,
                "Plan Width": 68,
                "Actual Startup Time": 3869.229,
                "Actual Total Time": 3869.234,
                "Actual Rows": 1,
                "Actual Loops": 3,
                "Output": [
                  "PARTIAL min(store_sales.ss_quantity)",
                  "PARTIAL min(store_sales.ss_ext_sales_price)",
                  "PARTIAL min(store_sales.ss_ext_wholesale_cost)"
                ],
                "Shared Hit Blocks": 90982,
                "Shared Read Blocks": 82246,
                "Shared Dirtied Blocks": 0,
                "Shared Written Blocks": 0,
                "Local Hit Blocks": 0,
                "Local Read Blocks": 0,
                "Local Dirtied Blocks": 0,
                "Local Written Blocks": 0,
                "Temp Read Blocks": 0,
                "Temp Written Blocks": 0,
                "Workers": [
                  {
                    "Worker Number": 0,
                    "Actual Startup Time": 5663.377,
                    "Actual Total Time": 5663.381,
                    "Actual Rows": 1,
                    "Actual Loops": 1,
                    "JIT": {
                      "Functions": 38,
                      "Options": {
                        "Inlining": false,
                        "Optimization": false,
                        "Expressions": true,
                        "Deforming": true
                      },
                      "Timing": {
                        "Generation": 3.738,
                        "Inlining": 0.0,
                        "Optimization": 1.008,
                        "Emission": 19.9,
                        "Total": 24.646
                      }
                    },
                    "Shared Hit Blocks": 40931,
                    "Shared Read Blocks": 39840,
                    "Shared Dirtied Blocks": 0,
                    "Shared Written Blocks": 0,
                    "Local Hit Blocks": 0,
                    "Local Read Blocks": 0,
                    "Local Dirtied Blocks": 0,
                    "Local Written Blocks": 0,
                    "Temp Read Blocks": 0,
                    "Temp Written Blocks": 0
                  },
                  {
                    "Worker Number": 1,
                    "Actual Startup Time": 49.871,
                    "Actual Total Time": 49.876,
                    "Actual Rows": 1,
                    "Actual Loops": 1,
                    "JIT": {
                      "Functions": 38,
                      "Options": {
                        "Inlining": false,
                        "Optimization": false,
                        "Expressions": true,
                        "Deforming": true
                      },
                      "Timing": {
                        "Generation": 4.403,
                        "Inlining": 0.0,
                        "Optimization": 1.257,
                        "Emission": 24.283,
                        "Total": 29.943
                      }
                    },
                    "Shared Hit Blocks": 28,
                    "Shared Read Blocks": 143,
                    "Shared Dirtied Blocks": 0,
                    "Shared Written Blocks": 0,
                    "Local Hit Blocks": 0,
                    "Local Read Blocks": 0,
                    "Local Dirtied Blocks": 0,
                    "Local Written Blocks": 0,
                    "Temp Read Blocks": 0,
                    "Temp Written Blocks": 0
                  }
                ],
                "Plans": [
                  {
                    "Node Type": "Nested Loop",
                    "Parent Relationship": "Outer",
                    "Parallel Aware": false,
                    "Async Capable": false,
                    "Join Type": "Inner",
                    "Startup Cost": 212.39,
                    "Total Cost": 202409.48,
                    "Plan Rows": 1,
                    "Plan Width": 16,
                    "Actual Startup Time": 209.384,
                    "Actual Total Time": 3869.174,
                    "Actual Rows": 11,
                    "Actual Loops": 3,
                    "Output": [
                      "store_sales.ss_quantity",
                      "store_sales.ss_ext_sales_price",
                      "store_sales.ss_ext_wholesale_cost"
                    ],
                    "Inner Unique": true,
                    "Join Filter": "(((customer_demographics.cd_marital_status = 'U'::bpchar) AND (customer_demographics.cd_education_status = 'College'::bpchar) AND (store_sales.ss_sales_price >= 100.00) AND (store_sales.ss_sales_price <= 150.00) AND (household_demographics.hd_dep_count = 3)) OR ((customer_demographics.cd_marital_status = 'W'::bpchar) AND (customer_demographics.cd_education_status = 'Secondary'::bpchar) AND (store_sales.ss_sales_price >= 50.00) AND (store_sales.ss_sales_price <= 100.00) AND (household_demographics.hd_dep_count = 1)) OR ((customer_demographics.cd_marital_status = 'D'::bpchar) AND (customer_demographics.cd_education_status = 'Secondary'::bpchar) AND (store_sales.ss_sales_price >= 150.00) AND (store_sales.ss_sales_price <= 200.00) AND (household_demographics.hd_dep_count = 1)))",
                    "Rows Removed by Join Filter": 66,
                    "Shared Hit Blocks": 90982,
                    "Shared Read Blocks": 82246,
                    "Shared Dirtied Blocks": 0,
                    "Shared Written Blocks": 0,
                    "Local Hit Blocks": 0,
                    "Local Read Blocks": 0,
                    "Local Dirtied Blocks": 0,
                    "Local Written Blocks": 0,
                    "Temp Read Blocks": 0,
                    "Temp Written Blocks": 0,
                    "Workers": [
                      {
                        "Worker Number": 0,
                        "Actual Startup Time": 114.787,
                        "Actual Total Time": 5663.31,
                        "Actual Rows": 17,
                        "Actual Loops": 1,
                        "Shared Hit Blocks": 40931,
                        "Shared Read Blocks": 39840,
                        "Shared Dirtied Blocks": 0,
                        "Shared Written Blocks": 0,
                        "Local Hit Blocks": 0,
                        "Local Read Blocks": 0,
                        "Local Dirtied Blocks": 0,
                        "Local Written Blocks": 0,
                        "Temp Read Blocks": 0,
                        "Temp Written Blocks": 0
                      },
                      {
                        "Worker Number": 1,
                        "Actual Startup Time": 49.838,
                        "Actual Total Time": 49.841,
                        "Actual Rows": 0,
                        "Actual Loops": 1,
                        "Shared Hit Blocks": 28,
                        "Shared Read Blocks": 143,
                        "Shared Dirtied Blocks": 0,
                        "Shared Written Blocks": 0,
                        "Local Hit Blocks": 0,
                        "Local Read Blocks": 0,
                        "Local Dirtied Blocks": 0,
                        "Local Written Blocks": 0,
                        "Temp Read Blocks": 0,
                        "Temp Written Blocks": 0
                      }
                    ],
                    "Plans": [
                      {
                        "Node Type": "Nested Loop",
                        "Parent Relationship": "Outer",
                        "Parallel Aware": false,
                        "Async Capable": false,
                        "Join Type": "Inner",
                        "Startup Cost": 211.96,
                        "Total Cost": 202351.22,
                        "Plan Rows": 62,
                        "Plan Width": 30,
                        "Actual Startup Time": 70.156,
                        "Actual Total Time": 3623.513,
                        "Actual Rows": 1294,
                        "Actual Loops": 3,
                        "Output": [
                          "store_sales.ss_quantity",
                          "store_sales.ss_ext_sales_price",
                          "store_sales.ss_ext_wholesale_cost",
                          "store_sales.ss_cdemo_sk",
                          "store_sales.ss_sales_price",
                          "household_demographics.hd_dep_count"
                        ],
                        "Inner Unique": true,
                        "Shared Hit Blocks": 81083,
                        "Shared Read Blocks": 76628,
                        "Shared Dirtied Blocks": 0,
                        "Shared Written Blocks": 0,
                        "Local Hit Blocks": 0,
                        "Local Read Blocks": 0,
                        "Local Dirtied Blocks": 0,
                        "Local Written Blocks": 0,
                        "Temp Read Blocks": 0,
                        "Temp Written Blocks": 0,
                        "Workers": [
                          {
                            "Worker Number": 0,
                            "Actual Startup Time": 63.794,
                            "Actual Total Time": 5297.389,
                            "Actual Rows": 1898,
                            "Actual Loops": 1,
                            "Shared Hit Blocks": 36083,
                            "Shared Read Blocks": 37095,
                            "Shared Dirtied Blocks": 0,
                            "Shared Written Blocks": 0,
                            "Local Hit Blocks": 0,
                            "Local Read Blocks": 0,
                            "Local Dirtied Blocks": 0,
                            "Local Written Blocks": 0,
                            "Temp Read Blocks": 0,
                            "Temp Written Blocks": 0
                          },
                          {
                            "Worker Number": 1,
                            "Actual Startup Time": 49.837,
                            "Actual Total Time": 49.84,
                            "Actual Rows": 0,
                            "Actual Loops": 1,
                            "Shared Hit Blocks": 28,
                            "Shared Read Blocks": 143,
                            "Shared Dirtied Blocks": 0,
                            "Shared Written Blocks": 0,
                            "Local Hit Blocks": 0,
                            "Local Read Blocks": 0,
                            "Local Dirtied Blocks": 0,
                            "Local Written Blocks": 0,
                            "Temp Read Blocks": 0,
                            "Temp Written Blocks": 0
                          }
                        ],
                        "Plans": [
                          {
                            "Node Type": "Hash Join",
                            "Parent Relationship": "Outer",
                            "Parallel Aware": false,
                            "Async Capable": false,
                            "Join Type": "Inner",
                            "Startup Cost": 211.54,
                            "Total Cost": 201981.45,
                            "Plan Rows": 475,
                            "Plan Width": 40,
                            "Actual Startup Time": 68.906,
                            "Actual Total Time": 3254.543,
                            "Actual Rows": 6247,
                            "Actual Loops": 3,
                            "Output": [
                              "store_sales.ss_quantity",
                              "store_sales.ss_ext_sales_price",
                              "store_sales.ss_ext_wholesale_cost",
                              "store_sales.ss_cdemo_sk",
                              "store_sales.ss_sales_price",
                              "store_sales.ss_addr_sk",
                              "store_sales.ss_net_profit",
                              "household_demographics.hd_dep_count"
                            ],
                            "Inner Unique": true,
                            "Hash Cond": "(store_sales.ss_store_sk = store.s_store_sk)",
                            "Shared Hit Blocks": 13960,
                            "Shared Read Blocks": 68958,
                            "Shared Dirtied Blocks": 0,
                            "Shared Written Blocks": 0,
                            "Local Hit Blocks": 0,
                            "Local Read Blocks": 0,
                            "Local Dirtied Blocks": 0,
                            "Local Written Blocks": 0,
                            "Temp Read Blocks": 0,
                            "Temp Written Blocks": 0,
                            "Workers": [
                              {
                                "Worker Number": 0,
                                "Actual Startup Time": 62.664,
                                "Actual Total Time": 4767.294,
                                "Actual Rows": 9061,
                                "Actual Loops": 1,
                                "Shared Hit Blocks": 3605,
                                "Shared Read Blocks": 33412,
                                "Shared Dirtied Blocks": 0,
                                "Shared Written Blocks": 0,
                                "Local Hit Blocks": 0,
                                "Local Read Blocks": 0,
                                "Local Dirtied Blocks": 0,
                                "Local Written Blocks": 0,
                                "Temp Read Blocks": 0,
                                "Temp Written Blocks": 0
                              },
                              {
                                "Worker Number": 1,
                                "Actual Startup Time": 49.836,
                                "Actual Total Time": 49.839,
                                "Actual Rows": 0,
                                "Actual Loops": 1,
                                "Shared Hit Blocks": 28,
                                "Shared Read Blocks": 143,
                                "Shared Dirtied Blocks": 0,
                                "Shared Written Blocks": 0,
                                "Local Hit Blocks": 0,
                                "Local Read Blocks": 0,
                                "Local Dirtied Blocks": 0,
                                "Local Written Blocks": 0,
                                "Temp Read Blocks": 0,
                                "Temp Written Blocks": 0
                              }
                            ],
                            "Plans": [
                              {
                                "Node Type": "Hash Join",
                                "Parent Relationship": "Outer",
                                "Parallel Aware": false,
                                "Async Capable": false,
                                "Join Type": "Inner",
                                "Startup Cost": 204.24,
                                "Total Cost": 201972.79,
                                "Plan Rows": 499,
                                "Plan Width": 44,
                                "Actual Startup Time": 43.71,
                                "Actual Total Time": 3225.777,
                                "Actual Rows": 6265,
                                "Actual Loops": 3,
                                "Output": [
                                  "store_sales.ss_quantity",
                                  "store_sales.ss_ext_sales_price",
                                  "store_sales.ss_ext_wholesale_cost",
                                  "store_sales.ss_store_sk",
                                  "store_sales.ss_cdemo_sk",
                                  "store_sales.ss_sales_price",
                                  "store_sales.ss_addr_sk",
                                  "store_sales.ss_net_profit",
                                  "household_demographics.hd_dep_count"
                                ],
                                "Inner Unique": true,
                                "Hash Cond": "(store_sales.ss_hdemo_sk = household_demographics.hd_demo_sk)",
                                "Shared Hit Blocks": 13896,
                                "Shared Read Blocks": 68949,
                                "Shared Dirtied Blocks": 0,
                                "Shared Written Blocks": 0,
                                "Local Hit Blocks": 0,
                                "Local Read Blocks": 0,
                                "Local Dirtied Blocks": 0,
                                "Local Written Blocks": 0,
                                "Temp Read Blocks": 0,
                                "Temp Written Blocks": 0,
                                "Workers": [
                                  {
                                    "Worker Number": 0,
                                    "Actual Startup Time": 39.148,
                                    "Actual Total Time": 4738.516,
                                    "Actual Rows": 9084,
                                    "Actual Loops": 1,
                                    "Shared Hit Blocks": 3571,
                                    "Shared Read Blocks": 33412,
                                    "Shared Dirtied Blocks": 0,
                                    "Shared Written Blocks": 0,
                                    "Local Hit Blocks": 0,
                                    "Local Read Blocks": 0,
                                    "Local Dirtied Blocks": 0,
                                    "Local Written Blocks": 0,
                                    "Temp Read Blocks": 0,
                                    "Temp Written Blocks": 0
                                  },
                                  {
                                    "Worker Number": 1,
                                    "Actual Startup Time": 21.954,
                                    "Actual Total Time": 21.956,
                                    "Actual Rows": 0,
                                    "Actual Loops": 1,
                                    "Shared Hit Blocks": 0,
                                    "Shared Read Blocks": 137,
                                    "Shared Dirtied Blocks": 0,
                                    "Shared Written Blocks": 0,
                                    "Local Hit Blocks": 0,
                                    "Local Read Blocks": 0,
                                    "Local Dirtied Blocks": 0,
                                    "Local Written Blocks": 0,
                                    "Temp Read Blocks": 0,
                                    "Temp Written Blocks": 0
                                  }
                                ],
                                "Plans": [
                                  {
                                    "Node Type": "Nested Loop",
                                    "Parent Relationship": "Outer",
                                    "Parallel Aware": false,
                                    "Async Capable": false,
                                    "Join Type": "Inner",
                                    "Startup Cost": 0.85,
                                    "Total Cost": 201764.34,
                                    "Plan Rows": 1928,
                                    "Plan Width": 44,
                                    "Actual Startup Time": 40.296,
                                    "Actual Total Time": 3206.541,
                                    "Actual Rows": 56045,
                                    "Actual Loops": 3,
                                    "Output": [
                                      "store_sales.ss_quantity",
                                      "store_sales.ss_ext_sales_price",
                                      "store_sales.ss_ext_wholesale_cost",
                                      "store_sales.ss_store_sk",
                                      "store_sales.ss_hdemo_sk",
                                      "store_sales.ss_cdemo_sk",
                                      "store_sales.ss_sales_price",
                                      "store_sales.ss_addr_sk",
                                      "store_sales.ss_net_profit"
                                    ],
                                    "Inner Unique": false,
                                    "Shared Hit Blocks": 13843,
                                    "Shared Read Blocks": 68896,
                                    "Shared Dirtied Blocks": 0,
                                    "Shared Written Blocks": 0,
                                    "Local Hit Blocks": 0,
                                    "Local Read Blocks": 0,
                                    "Local Dirtied Blocks": 0,
                                    "Local Written Blocks": 0,
                                    "Temp Read Blocks": 0,
                                    "Temp Written Blocks": 0,
                                    "Workers": [
                                      {
                                        "Worker Number": 0,
                                        "Actual Startup Time": 38.178,
                                        "Actual Total Time": 4713.803,
                                        "Actual Rows": 81614,
                                        "Actual Loops": 1,
                                        "Shared Hit Blocks": 3518,
                                        "Shared Read Blocks": 33412,
                                        "Shared Dirtied Blocks": 0,
                                        "Shared Written Blocks": 0,
                                        "Local Hit Blocks": 0,
                                        "Local Read Blocks": 0,
                                        "Local Dirtied Blocks": 0,
                                        "Local Written Blocks": 0,
                                        "Temp Read Blocks": 0,
                                        "Temp Written Blocks": 0
                                      },
                                      {
                                        "Worker Number": 1,
                                        "Actual Startup Time": 21.953,
                                        "Actual Total Time": 21.954,
                                        "Actual Rows": 0,
                                        "Actual Loops": 1,
                                        "Shared Hit Blocks": 0,
                                        "Shared Read Blocks": 137,
                                        "Shared Dirtied Blocks": 0,
                                        "Shared Written Blocks": 0,
                                        "Local Hit Blocks": 0,
                                        "Local Read Blocks": 0,
                                        "Local Dirtied Blocks": 0,
                                        "Local Written Blocks": 0,
                                        "Temp Read Blocks": 0,
                                        "Temp Written Blocks": 0
                                      }
                                    ],
                                    "Plans": [
                                      {
                                        "Node Type": "Index Only Scan",
                                        "Parent Relationship": "Outer",
                                        "Parallel Aware": true,
                                        "Async Capable": false,
                                        "Scan Direction": "Forward",
                                        "Index Name": "_dta_index_date_dim_6_661577395__k1_k7_k9",
                                        "Relation Name": "date_dim",
                                        "Schema": "public",
                                        "Alias": "date_dim",
                                        "Startup Cost": 0.29,
                                        "Total Cost": 1688.68,
                                        "Plan Rows": 152,
                                        "Plan Width": 4,
                                        "Actual Startup Time": 12.77,
                                        "Actual Total Time": 12.944,
                                        "Actual Rows": 122,
                                        "Actual Loops": 3,
                                        "Output": [
                                          "date_dim.d_date_sk",
                                          "date_dim.d_year",
                                          "date_dim.d_moy"
                                        ],
                                        "Index Cond": "(date_dim.d_year = 2001)",
                                        "Rows Removed by Index Recheck": 0,
                                        "Heap Fetches": 0,
                                        "Shared Hit Blocks": 4,
                                        "Shared Read Blocks": 279,
                                        "Shared Dirtied Blocks": 0,
                                        "Shared Written Blocks": 0,
                                        "Local Hit Blocks": 0,
                                        "Local Read Blocks": 0,
                                        "Local Dirtied Blocks": 0,
                                        "Local Written Blocks": 0,
                                        "Temp Read Blocks": 0,
                                        "Temp Written Blocks": 0,
                                        "Workers": [
                                          {
                                            "Worker Number": 0,
                                            "Actual Startup Time": 0.377,
                                            "Actual Total Time": 0.642,
                                            "Actual Rows": 192,
                                            "Actual Loops": 1,
                                            "Shared Hit Blocks": 2,
                                            "Shared Read Blocks": 0,
                                            "Shared Dirtied Blocks": 0,
                                            "Shared Written Blocks": 0,
                                            "Local Hit Blocks": 0,
                                            "Local Read Blocks": 0,
                                            "Local Dirtied Blocks": 0,
                                            "Local Written Blocks": 0,
                                            "Temp Read Blocks": 0,
                                            "Temp Written Blocks": 0
                                          },
                                          {
                                            "Worker Number": 1,
                                            "Actual Startup Time": 21.952,
                                            "Actual Total Time": 21.952,
                                            "Actual Rows": 0,
                                            "Actual Loops": 1,
                                            "Shared Hit Blocks": 0,
                                            "Shared Read Blocks": 137,
                                            "Shared Dirtied Blocks": 0,
                                            "Shared Written Blocks": 0,
                                            "Local Hit Blocks": 0,
                                            "Local Read Blocks": 0,
                                            "Local Dirtied Blocks": 0,
                                            "Local Written Blocks": 0,
                                            "Temp Read Blocks": 0,
                                            "Temp Written Blocks": 0
                                          }
                                        ]
                                      },
                                      {
                                        "Node Type": "Index Only Scan",
                                        "Parent Relationship": "Inner",
                                        "Parallel Aware": false,
                                        "Async Capable": false,
                                        "Scan Direction": "Forward",
                                        "Index Name": "_dta_index_store_sales_6_1333579789__k1_k23_k14_k6_k8_k5_k7_3_4",
                                        "Relation Name": "store_sales",
                                        "Schema": "public",
                                        "Alias": "store_sales",
                                        "Startup Cost": 0.56,
                                        "Total Cost": 1311.76,
                                        "Plan Rows": 453,
                                        "Plan Width": 48,
                                        "Actual Startup Time": 17.514,
                                        "Actual Total Time": 26.19,
                                        "Actual Rows": 461,
                                        "Actual Loops": 365,
                                        "Output": [
                                          "store_sales.ss_sold_date_sk",
                                          "store_sales.ss_net_profit",
                                          "store_sales.ss_sales_price",
                                          "store_sales.ss_hdemo_sk",
                                          "store_sales.ss_store_sk",
                                          "store_sales.ss_cdemo_sk",
                                          "store_sales.ss_addr_sk",
                                          "store_sales.ss_item_sk",
                                          "store_sales.ss_customer_sk",
                                          "store_sales.ss_promo_sk",
                                          "store_sales.ss_ticket_number",
                                          "store_sales.ss_quantity",
                                          "store_sales.ss_wholesale_cost",
                                          "store_sales.ss_list_price",
                                          "store_sales.ss_ext_sales_price",
                                          "store_sales.ss_ext_wholesale_cost",
                                          "store_sales.ss_coupon_amt"
                                        ],
                                        "Index Cond": "(store_sales.ss_sold_date_sk = date_dim.d_date_sk)",
                                        "Rows Removed by Index Recheck": 0,
                                        "Filter": "((((store_sales.ss_sales_price >= 100.00) AND (store_sales.ss_sales_price <= 150.00)) OR ((store_sales.ss_sales_price >= 50.00) AND (store_sales.ss_sales_price <= 100.00)) OR ((store_sales.ss_sales_price >= 150.00) AND (store_sales.ss_sales_price <= 200.00))) AND (((store_sales.ss_net_profit >= '100'::numeric) AND (store_sales.ss_net_profit <= '200'::numeric)) OR ((store_sales.ss_net_profit >= '150'::numeric) AND (store_sales.ss_net_profit <= '300'::numeric)) OR ((store_sales.ss_net_profit >= '50'::numeric) AND (store_sales.ss_net_profit <= '250'::numeric))))",
                                        "Rows Removed by Filter": 13310,
                                        "Heap Fetches": 0,
                                        "Shared Hit Blocks": 13839,
                                        "Shared Read Blocks": 68617,
                                        "Shared Dirtied Blocks": 0,
                                        "Shared Written Blocks": 0,
                                        "Local Hit Blocks": 0,
                                        "Local Read Blocks": 0,
                                        "Local Dirtied Blocks": 0,
                                        "Local Written Blocks": 0,
                                        "Temp Read Blocks": 0,
                                        "Temp Written Blocks": 0,
                                        "Workers": [
                                          {
                                            "Worker Number": 0,
                                            "Actual Startup Time": 16.44,
                                            "Actual Total Time": 24.492,
                                            "Actual Rows": 425,
                                            "Actual Loops": 192,
                                            "Shared Hit Blocks": 3516,
                                            "Shared Read Blocks": 33412,
                                            "Shared Dirtied Blocks": 0,
                                            "Shared Written Blocks": 0,
                                            "Local Hit Blocks": 0,
                                            "Local Read Blocks": 0,
                                            "Local Dirtied Blocks": 0,
                                            "Local Written Blocks": 0,
                                            "Temp Read Blocks": 0,
                                            "Temp Written Blocks": 0
                                          }
                                        ]
                                      }
                                    ]
                                  },
                                  {
                                    "Node Type": "Hash",
                                    "Parent Relationship": "Inner",
                                    "Parallel Aware": false,
                                    "Async Capable": false,
                                    "Startup Cost": 179.0,
                                    "Total Cost": 179.0,
                                    "Plan Rows": 1951,
                                    "Plan Width": 8,
                                    "Actual Startup Time": 5.018,
                                    "Actual Total Time": 5.019,
                                    "Actual Rows": 1440,
                                    "Actual Loops": 2,
                                    "Output": [
                                      "household_demographics.hd_demo_sk",
                                      "household_demographics.hd_dep_count"
                                    ],
                                    "Hash Buckets": 2048,
                                    "Original Hash Buckets": 2048,
                                    "Hash Batches": 1,
                                    "Original Hash Batches": 1,
                                    "Peak Memory Usage": 73,
                                    "Shared Hit Blocks": 53,
                                    "Shared Read Blocks": 53,
                                    "Shared Dirtied Blocks": 0,
                                    "Shared Written Blocks": 0,
                                    "Local Hit Blocks": 0,
                                    "Local Read Blocks": 0,
                                    "Local Dirtied Blocks": 0,
                                    "Local Written Blocks": 0,
                                    "Temp Read Blocks": 0,
                                    "Temp Written Blocks": 0,
                                    "Workers": [
                                      {
                                        "Worker Number": 0,
                                        "Actual Startup Time": 0.833,
                                        "Actual Total Time": 0.833,
                                        "Actual Rows": 1440,
                                        "Actual Loops": 1,
                                        "Shared Hit Blocks": 53,
                                        "Shared Read Blocks": 0,
                                        "Shared Dirtied Blocks": 0,
                                        "Shared Written Blocks": 0,
                                        "Local Hit Blocks": 0,
                                        "Local Read Blocks": 0,
                                        "Local Dirtied Blocks": 0,
                                        "Local Written Blocks": 0,
                                        "Temp Read Blocks": 0,
                                        "Temp Written Blocks": 0
                                      }
                                    ],
                                    "Plans": [
                                      {
                                        "Node Type": "Seq Scan",
                                        "Parent Relationship": "Outer",
                                        "Parallel Aware": false,
                                        "Async Capable": false,
                                        "Relation Name": "household_demographics",
                                        "Schema": "public",
                                        "Alias": "household_demographics",
                                        "Startup Cost": 0.0,
                                        "Total Cost": 179.0,
                                        "Plan Rows": 1951,
                                        "Plan Width": 8,
                                        "Actual Startup Time": 0.241,
                                        "Actual Total Time": 4.834,
                                        "Actual Rows": 1440,
                                        "Actual Loops": 2,
                                        "Output": [
                                          "household_demographics.hd_demo_sk",
                                          "household_demographics.hd_dep_count"
                                        ],
                                        "Filter": "((household_demographics.hd_dep_count = 3) OR (household_demographics.hd_dep_count = 1) OR (household_demographics.hd_dep_count = 1))",
                                        "Rows Removed by Filter": 5760,
                                        "Shared Hit Blocks": 53,
                                        "Shared Read Blocks": 53,
                                        "Shared Dirtied Blocks": 0,
                                        "Shared Written Blocks": 0,
                                        "Local Hit Blocks": 0,
                                        "Local Read Blocks": 0,
                                        "Local Dirtied Blocks": 0,
                                        "Local Written Blocks": 0,
                                        "Temp Read Blocks": 0,
                                        "Temp Written Blocks": 0,
                                        "Workers": [
                                          {
                                            "Worker Number": 0,
                                            "Actual Startup Time": 0.299,
                                            "Actual Total Time": 0.718,
                                            "Actual Rows": 1440,
                                            "Actual Loops": 1,
                                            "Shared Hit Blocks": 53,
                                            "Shared Read Blocks": 0,
                                            "Shared Dirtied Blocks": 0,
                                            "Shared Written Blocks": 0,
                                            "Local Hit Blocks": 0,
                                            "Local Read Blocks": 0,
                                            "Local Dirtied Blocks": 0,
                                            "Local Written Blocks": 0,
                                            "Temp Read Blocks": 0,
                                            "Temp Written Blocks": 0
                                          }
                                        ]
                                      }
                                    ]
                                  }
                                ]
                              },
                              {
                                "Node Type": "Hash",
                                "Parent Relationship": "Inner",
                                "Parallel Aware": false,
                                "Async Capable": false,
                                "Startup Cost": 6.02,
                                "Total Cost": 6.02,
                                "Plan Rows": 102,
                                "Plan Width": 4,
                                "Actual Startup Time": 23.866,
                                "Actual Total Time": 23.866,
                                "Actual Rows": 102,
                                "Actual Loops": 3,
                                "Output": [
                                  "store.s_store_sk"
                                ],
                                "Hash Buckets": 1024,
                                "Original Hash Buckets": 1024,
                                "Hash Batches": 1,
                                "Original Hash Batches": 1,
                                "Peak Memory Usage": 12,
                                "Shared Hit Blocks": 12,
                                "Shared Read Blocks": 3,
                                "Shared Dirtied Blocks": 0,
                                "Shared Written Blocks": 0,
                                "Local Hit Blocks": 0,
                                "Local Read Blocks": 0,
                                "Local Dirtied Blocks": 0,
                                "Local Written Blocks": 0,
                                "Temp Read Blocks": 0,
                                "Temp Written Blocks": 0,
                                "Workers": [
                                  {
                                    "Worker Number": 0,
                                    "Actual Startup Time": 21.475,
                                    "Actual Total Time": 21.476,
                                    "Actual Rows": 102,
                                    "Actual Loops": 1,
                                    "Shared Hit Blocks": 5,
                                    "Shared Read Blocks": 0,
                                    "Shared Dirtied Blocks": 0,
                                    "Shared Written Blocks": 0,
                                    "Local Hit Blocks": 0,
                                    "Local Read Blocks": 0,
                                    "Local Dirtied Blocks": 0,
                                    "Local Written Blocks": 0,
                                    "Temp Read Blocks": 0,
                                    "Temp Written Blocks": 0
                                  },
                                  {
                                    "Worker Number": 1,
                                    "Actual Startup Time": 25.947,
                                    "Actual Total Time": 25.948,
                                    "Actual Rows": 102,
                                    "Actual Loops": 1,
                                    "Shared Hit Blocks": 5,
                                    "Shared Read Blocks": 0,
                                    "Shared Dirtied Blocks": 0,
                                    "Shared Written Blocks": 0,
                                    "Local Hit Blocks": 0,
                                    "Local Read Blocks": 0,
                                    "Local Dirtied Blocks": 0,
                                    "Local Written Blocks": 0,
                                    "Temp Read Blocks": 0,
                                    "Temp Written Blocks": 0
                                  }
                                ],
                                "Plans": [
                                  {
                                    "Node Type": "Seq Scan",
                                    "Parent Relationship": "Outer",
                                    "Parallel Aware": false,
                                    "Async Capable": false,
                                    "Relation Name": "store",
                                    "Schema": "public",
                                    "Alias": "store",
                                    "Startup Cost": 0.0,
                                    "Total Cost": 6.02,
                                    "Plan Rows": 102,
                                    "Plan Width": 4,
                                    "Actual Startup Time": 23.598,
                                    "Actual Total Time": 23.824,
                                    "Actual Rows": 102,
                                    "Actual Loops": 3,
                                    "Output": [
                                      "store.s_store_sk"
                                    ],
                                    "Shared Hit Blocks": 12,
                                    "Shared Read Blocks": 3,
                                    "Shared Dirtied Blocks": 0,
                                    "Shared Written Blocks": 0,
                                    "Local Hit Blocks": 0,
                                    "Local Read Blocks": 0,
                                    "Local Dirtied Blocks": 0,
                                    "Local Written Blocks": 0,
                                    "Temp Read Blocks": 0,
                                    "Temp Written Blocks": 0,
                                    "Workers": [
                                      {
                                        "Worker Number": 0,
                                        "Actual Startup Time": 21.377,
                                        "Actual Total Time": 21.427,
                                        "Actual Rows": 102,
                                        "Actual Loops": 1,
                                        "Shared Hit Blocks": 5,
                                        "Shared Read Blocks": 0,
                                        "Shared Dirtied Blocks": 0,
                                        "Shared Written Blocks": 0,
                                        "Local Hit Blocks": 0,
                                        "Local Read Blocks": 0,
                                        "Local Dirtied Blocks": 0,
                                        "Local Written Blocks": 0,
                                        "Temp Read Blocks": 0,
                                        "Temp Written Blocks": 0
                                      },
                                      {
                                        "Worker Number": 1,
                                        "Actual Startup Time": 25.886,
                                        "Actual Total Time": 25.912,
                                        "Actual Rows": 102,
                                        "Actual Loops": 1,
                                        "Shared Hit Blocks": 5,
                                        "Shared Read Blocks": 0,
                                        "Shared Dirtied Blocks": 0,
                                        "Shared Written Blocks": 0,
                                        "Local Hit Blocks": 0,
                                        "Local Read Blocks": 0,
                                        "Local Dirtied Blocks": 0,
                                        "Local Written Blocks": 0,
                                        "Temp Read Blocks": 0,
                                        "Temp Written Blocks": 0
                                      }
                                    ]
                                  }
                                ]
                              }
                            ]
                          },
                          {
                            "Node Type": "Index Scan",
                            "Parent Relationship": "Inner",
                            "Parallel Aware": false,
                            "Async Capable": false,
                            "Scan Direction": "Forward",
                            "Index Name": "customer_address_pkey",
                            "Relation Name": "customer_address",
                            "Schema": "public",
                            "Alias": "customer_address",
                            "Startup Cost": 0.42,
                            "Total Cost": 0.77,
                            "Plan Rows": 1,
                            "Plan Width": 7,
                            "Actual Startup Time": 0.058,
                            "Actual Total Time": 0.058,
                            "Actual Rows": 0,
                            "Actual Loops": 18741,
                            "Output": [
                              "customer_address.ca_address_sk",
                              "customer_address.ca_address_id",
                              "customer_address.ca_street_number",
                              "customer_address.ca_street_name",
                              "customer_address.ca_street_type",
                              "customer_address.ca_suite_number",
                              "customer_address.ca_city",
                              "customer_address.ca_county",
                              "customer_address.ca_state",
                              "customer_address.ca_zip",
                              "customer_address.ca_country",
                              "customer_address.ca_gmt_offset",
                              "customer_address.ca_location_type"
                            ],
                            "Index Cond": "(customer_address.ca_address_sk = store_sales.ss_addr_sk)",
                            "Rows Removed by Index Recheck": 0,
                            "Filter": "(((customer_address.ca_country)::text = 'United States'::text) AND ((customer_address.ca_state = ANY ('{IA,MO,TX}'::bpchar[])) OR (customer_address.ca_state = ANY ('{GA,LA,SD}'::bpchar[])) OR (customer_address.ca_state = ANY ('{TN,TX,VA}'::bpchar[]))) AND (((customer_address.ca_state = ANY ('{IA,MO,TX}'::bpchar[])) AND (store_sales.ss_net_profit >= '100'::numeric) AND (store_sales.ss_net_profit <= '200'::numeric)) OR ((customer_address.ca_state = ANY ('{GA,LA,SD}'::bpchar[])) AND (store_sales.ss_net_profit >= '150'::numeric) AND (store_sales.ss_net_profit <= '300'::numeric)) OR ((customer_address.ca_state = ANY ('{TN,TX,VA}'::bpchar[])) AND (store_sales.ss_net_profit >= '50'::numeric) AND (store_sales.ss_net_profit <= '250'::numeric))))",
                            "Rows Removed by Filter": 1,
                            "Shared Hit Blocks": 67123,
                            "Shared Read Blocks": 7670,
                            "Shared Dirtied Blocks": 0,
                            "Shared Written Blocks": 0,
                            "Local Hit Blocks": 0,
                            "Local Read Blocks": 0,
                            "Local Dirtied Blocks": 0,
                            "Local Written Blocks": 0,
                            "Temp Read Blocks": 0,
                            "Temp Written Blocks": 0,
                            "Workers": [
                              {
                                "Worker Number": 0,
                                "Actual Startup Time": 0.057,
                                "Actual Total Time": 0.057,
                                "Actual Rows": 0,
                                "Actual Loops": 9061,
                                "Shared Hit Blocks": 32478,
                                "Shared Read Blocks": 3683,
                                "Shared Dirtied Blocks": 0,
                                "Shared Written Blocks": 0,
                                "Local Hit Blocks": 0,
                                "Local Read Blocks": 0,
                                "Local Dirtied Blocks": 0,
                                "Local Written Blocks": 0,
                                "Temp Read Blocks": 0,
                                "Temp Written Blocks": 0
                              }
                            ]
                          }
                        ]
                      },
                      {
                        "Node Type": "Index Scan",
                        "Parent Relationship": "Inner",
                        "Parallel Aware": false,
                        "Async Capable": false,
                        "Scan Direction": "Forward",
                        "Index Name": "customer_demographics_pkey",
                        "Relation Name": "customer_demographics",
                        "Schema": "public",
                        "Alias": "customer_demographics",
                        "Startup Cost": 0.43,
                        "Total Cost": 0.89,
                        "Plan Rows": 1,
                        "Plan Width": 27,
                        "Actual Startup Time": 0.188,
                        "Actual Total Time": 0.188,
                        "Actual Rows": 0,
                        "Actual Loops": 3881,
                        "Output": [
                          "customer_demographics.cd_demo_sk",
                          "customer_demographics.cd_gender",
                          "customer_demographics.cd_marital_status",
                          "customer_demographics.cd_education_status",
                          "customer_demographics.cd_purchase_estimate",
                          "customer_demographics.cd_credit_rating",
                          "customer_demographics.cd_dep_count",
                          "customer_demographics.cd_dep_employed_count",
                          "customer_demographics.cd_dep_college_count"
                        ],
                        "Index Cond": "(customer_demographics.cd_demo_sk = store_sales.ss_cdemo_sk)",
                        "Rows Removed by Index Recheck": 0,
                        "Filter": "(((customer_demographics.cd_marital_status = 'U'::bpchar) AND (customer_demographics.cd_education_status = 'College'::bpchar)) OR ((customer_demographics.cd_marital_status = 'W'::bpchar) AND (customer_demographics.cd_education_status = 'Secondary'::bpchar)) OR ((customer_demographics.cd_marital_status = 'D'::bpchar) AND (customer_demographics.cd_education_status = 'Secondary'::bpchar)))",
                        "Rows Removed by Filter": 1,
                        "Shared Hit Blocks": 9899,
                        "Shared Read Blocks": 5618,
                        "Shared Dirtied Blocks": 0,
                        "Shared Written Blocks": 0,
                        "Local Hit Blocks": 0,
                        "Local Read Blocks": 0,
                        "Local Dirtied Blocks": 0,
                        "Local Written Blocks": 0,
                        "Temp Read Blocks": 0,
                        "Temp Written Blocks": 0,
                        "Workers": [
                          {
                            "Worker Number": 0,
                            "Actual Startup Time": 0.191,
                            "Actual Total Time": 0.191,
                            "Actual Rows": 0,
                            "Actual Loops": 1898,
                            "Shared Hit Blocks": 4848,
                            "Shared Read Blocks": 2745,
                            "Shared Dirtied Blocks": 0,
                            "Shared Written Blocks": 0,
                            "Local Hit Blocks": 0,
                            "Local Read Blocks": 0,
                            "Local Dirtied Blocks": 0,
                            "Local Written Blocks": 0,
                            "Temp Read Blocks": 0,
                            "Temp Written Blocks": 0
                          }
                        ]
                      }
                    ]
                  }
                ]
              }
            ]
          }
        ]
      },
      "Planning": {
        "Shared Hit Blocks": 18,
        "Shared Read Blocks": 24,
        "Shared Dirtied Blocks": 0,
        "Shared Written Blocks": 0,
        "Local Hit Blocks": 0,
        "Local Read Blocks": 0,
        "Local Dirtied Blocks": 0,
        "Local Written Blocks": 0,
        "Temp Read Blocks": 0,
        "Temp Written Blocks": 0
      },
      "Planning Time": 4.372,
      "Triggers": [],
      "JIT": {
        "Functions": 116,
        "Options": {
          "Inlining": false,
          "Optimization": false,
          "Expressions": true,
          "Deforming": true
        },
        "Timing": {
          "Generation": 9.705,
          "Inlining": 0.0,
          "Optimization": 3.105,
          "Emission": 67.088,
          "Total": 79.898
        }
      },
      "Execution Time": 5896.594
    }
  ],
  "original_sql": "select min(ss_quantity)\n       ,min(ss_ext_sales_price)\n       ,min(ss_ext_wholesale_cost)\n       ,min(ss_ext_wholesale_cost)\n from store_sales\n     ,store\n     ,customer_demographics\n     ,household_demographics\n     ,customer_address\n     ,date_dim\n where s_store_sk = ss_store_sk\n and  ss_sold_date_sk = d_date_sk and d_year = 2001\n and((ss_hdemo_sk=hd_demo_sk\n  and cd_demo_sk = ss_cdemo_sk\n  and cd_marital_status = 'U'\n  and cd_education_status = 'College'\n  and ss_sales_price between 100.00 and 150.00\n  and hd_dep_count = 3\n     )or\n     (ss_hdemo_sk=hd_demo_sk\n  and cd_demo_sk = ss_cdemo_sk\n  and cd_marital_status = 'W'\n  and cd_education_status = 'Secondary'\n  and ss_sales_price between 50.00 and 100.00\n  and hd_dep_count = 1\n     ) or\n     (ss_hdemo_sk=hd_demo_sk\n  and cd_demo_sk = ss_cdemo_sk\n  and cd_marital_status = 'D'\n  and cd_education_status = 'Secondary'\n  and ss_sales_price between 150.00 and 200.00\n  and hd_dep_count = 1\n     ))\n and((ss_addr_sk = ca_address_sk\n  and ca_country = 'United States'\n  and ca_state in ('IA', 'MO', 'TX')\n  and ss_net_profit between 100 and 200\n     ) or\n     (ss_addr_sk = ca_address_sk\n  and ca_country = 'United States'\n  and ca_state in ('GA', 'LA', 'SD')\n  and ss_net_profit between 150 and 300\n     ) or\n     (ss_addr_sk = ca_address_sk\n  and ca_country = 'United States'\n  and ca_state in ('TN', 'TX', 'VA')\n  and ss_net_profit between 50 and 250\n     ))"
}