{
  "query_id": "query102_agg",
  "engine": "postgresql",
  "benchmark": "dsb",
  "scale_factor": 10,
  "execution_time_ms": 22105.936,
  "planning_time_ms": 203.726,
  "plan_json": [
    {
      "Plan": {
        "Node Type": "Sort",
        "Parallel Aware": false,
        "Async Capable": false,
        "Startup Cost": 211520.96,
        "Total Cost": 211520.96,
        "Plan Rows": 1,
        "Plan Width": 37,
        "Actual Startup Time": 22080.604,
        "Actual Total Time": 22091.491,
        "Actual Rows": 0,
        "Actual Loops": 1,
        "Output": [
          "customer_demographics.cd_gender",
          "customer_demographics.cd_marital_status",
          "customer_demographics.cd_education_status",
          "household_demographics.hd_vehicle_count",
          "(count(*))"
        ],
        "Sort Key": [
          "(count(*))"
        ],
        "Sort Method": "quicksort",
        "Sort Space Used": 25,
        "Sort Space Type": "Memory",
        "Shared Hit Blocks": 530387,
        "Shared Read Blocks": 189746,
        "Shared Dirtied Blocks": 0,
        "Shared Written Blocks": 0,
        "Local Hit Blocks": 0,
        "Local Read Blocks": 0,
        "Local Dirtied Blocks": 0,
        "Local Written Blocks": 0,
        "Temp Read Blocks": 0,
        "Temp Written Blocks": 0,
        "Plans": [
          {
            "Node Type": "Aggregate",
            "Strategy": "Sorted",
            "Partial Mode": "Simple",
            "Parent Relationship": "Outer",
            "Parallel Aware": false,
            "Async Capable": false,
            "Startup Cost": 211520.92,
            "Total Cost": 211520.95,
            "Plan Rows": 1,
            "Plan Width": 37,
            "Actual Startup Time": 22080.595,
            "Actual Total Time": 22091.482,
            "Actual Rows": 0,
            "Actual Loops": 1,
            "Output": [
              "customer_demographics.cd_gender",
              "customer_demographics.cd_marital_status",
              "customer_demographics.cd_education_status",
              "household_demographics.hd_vehicle_count",
              "count(*)"
            ],
            "Group Key": [
              "customer_demographics.cd_gender",
              "customer_demographics.cd_marital_status",
              "customer_demographics.cd_education_status",
              "household_demographics.hd_vehicle_count"
            ],
            "Shared Hit Blocks": 530387,
            "Shared Read Blocks": 189746,
            "Shared Dirtied Blocks": 0,
            "Shared Written Blocks": 0,
            "Local Hit Blocks": 0,
            "Local Read Blocks": 0,
            "Local Dirtied Blocks": 0,
            "Local Written Blocks": 0,
            "Temp Read Blocks": 0,
            "Temp Written Blocks": 0,
            "Plans": [
              {
                "Node Type": "Sort",
                "Parent Relationship": "Outer",
                "Parallel Aware": false,
                "Async Capable": false,
                "Startup Cost": 211520.92,
                "Total Cost": 211520.93,
                "Plan Rows": 1,
                "Plan Width": 29,
                "Actual Startup Time": 22080.591,
                "Actual Total Time": 22091.478,
                "Actual Rows": 0,
                "Actual Loops": 1,
                "Output": [
                  "customer_demographics.cd_gender",
                  "customer_demographics.cd_marital_status",
                  "customer_demographics.cd_education_status",
                  "household_demographics.hd_vehicle_count"
                ],
                "Sort Key": [
                  "customer_demographics.cd_gender",
                  "customer_demographics.cd_marital_status",
                  "customer_demographics.cd_education_status",
                  "household_demographics.hd_vehicle_count"
                ],
                "Sort Method": "quicksort",
                "Sort Space Used": 25,
                "Sort Space Type": "Memory",
                "Shared Hit Blocks": 530387,
                "Shared Read Blocks": 189746,
                "Shared Dirtied Blocks": 0,
                "Shared Written Blocks": 0,
                "Local Hit Blocks": 0,
                "Local Read Blocks": 0,
                "Local Dirtied Blocks": 0,
                "Local Written Blocks": 0,
                "Temp Read Blocks": 0,
                "Temp Written Blocks": 0,
                "Plans": [
                  {
                    "Node Type": "Gather",
                    "Parent Relationship": "Outer",
                    "Parallel Aware": false,
                    "Async Capable": false,
                    "Startup Cost": 187920.4,
                    "Total Cost": 211520.91,
                    "Plan Rows": 1,
                    "Plan Width": 29,
                    "Actual Startup Time": 22080.585,
                    "Actual Total Time": 22091.47,
                    "Actual Rows": 0,
                    "Actual Loops": 1,
                    "Output": [
                      "customer_demographics.cd_gender",
                      "customer_demographics.cd_marital_status",
                      "customer_demographics.cd_education_status",
                      "household_demographics.hd_vehicle_count"
                    ],
                    "Workers Planned": 2,
                    "Workers Launched": 2,
                    "Single Copy": false,
                    "Shared Hit Blocks": 530387,
                    "Shared Read Blocks": 189746,
                    "Shared Dirtied Blocks": 0,
                    "Shared Written Blocks": 0,
                    "Local Hit Blocks": 0,
                    "Local Read Blocks": 0,
                    "Local Dirtied Blocks": 0,
                    "Local Written Blocks": 0,
                    "Temp Read Blocks": 0,
                    "Temp Written Blocks": 0,
                    "Plans": [
                      {
                        "Node Type": "Nested Loop",
                        "Parent Relationship": "Outer",
                        "Parallel Aware": false,
                        "Async Capable": false,
                        "Join Type": "Inner",
                        "Startup Cost": 186920.4,
                        "Total Cost": 210520.81,
                        "Plan Rows": 1,
                        "Plan Width": 29,
                        "Actual Startup Time": 9189.836,
                        "Actual Total Time": 9189.849,
                        "Actual Rows": 0,
                        "Actual Loops": 3,
                        "Output": [
                          "customer_demographics.cd_gender",
                          "customer_demographics.cd_marital_status",
                          "customer_demographics.cd_education_status",
                          "household_demographics.hd_vehicle_count"
                        ],
                        "Inner Unique": true,
                        "Join Filter": "((d2.d_date >= d1.d_date) AND (d2.d_date <= (d1.d_date + '30 days'::interval)))",
                        "Rows Removed by Join Filter": 0,
                        "Shared Hit Blocks": 530387,
                        "Shared Read Blocks": 189746,
                        "Shared Dirtied Blocks": 0,
                        "Shared Written Blocks": 0,
                        "Local Hit Blocks": 0,
                        "Local Read Blocks": 0,
                        "Local Dirtied Blocks": 0,
                        "Local Written Blocks": 0,
                        "Temp Read Blocks": 0,
                        "Temp Written Blocks": 0,
                        "Workers": [
                          {
                            "Worker Number": 0,
                            "Actual Startup Time": 21579.334,
                            "Actual Total Time": 21579.348,
                            "Actual Rows": 0,
                            "Actual Loops": 1,
                            "JIT": {
                              "Functions": 76,
                              "Options": {
                                "Inlining": false,
                                "Optimization": false,
                                "Expressions": true,
                                "Deforming": true
                              },
                              "Timing": {
                                "Generation": 9.945,
                                "Inlining": 0.0,
                                "Optimization": 2.774,
                                "Emission": 47.768,
                                "Total": 60.487
                              }
                            },
                            "Shared Hit Blocks": 456598,
                            "Shared Read Blocks": 155414,
                            "Shared Dirtied Blocks": 0,
                            "Shared Written Blocks": 0,
                            "Local Hit Blocks": 0,
                            "Local Read Blocks": 0,
                            "Local Dirtied Blocks": 0,
                            "Local Written Blocks": 0,
                            "Temp Read Blocks": 0,
                            "Temp Written Blocks": 0
                          },
                          {
                            "Worker Number": 1,
                            "Actual Startup Time": 668.582,
                            "Actual Total Time": 668.59,
                            "Actual Rows": 0,
                            "Actual Loops": 1,
                            "JIT": {
                              "Functions": 76,
                              "Options": {
                                "Inlining": false,
                                "Optimization": false,
                                "Expressions": true,
                                "Deforming": true
                              },
                              "Timing": {
                                "Generation": 9.991,
                                "Inlining": 0.0,
                                "Optimization": 2.546,
                                "Emission": 52.088,
                                "Total": 64.626
                              }
                            },
                            "Shared Hit Blocks": 123,
                            "Shared Read Blocks": 3167,
                            "Shared Dirtied Blocks": 0,
                            "Shared Written Blocks": 0,
                            "Local Hit Blocks": 0,
                            "Local Read Blocks": 0,
                            "Local Dirtied Blocks": 0,
                            "Local Written Blocks": 0,
                            "Temp Read Blocks": 0,
                            "Temp Written Blocks": 0
                          }
                        ],
                        "Plans": [
                          {
                            "Node Type": "Nested Loop",
                            "Parent Relationship": "Outer",
                            "Parallel Aware": false,
                            "Async Capable": false,
                            "Join Type": "Inner",
                            "Startup Cost": 186920.11,
                            "Total Cost": 210515.36,
                            "Plan Rows": 1,
                            "Plan Width": 37,
                            "Actual Startup Time": 9189.836,
                            "Actual Total Time": 9189.848,
                            "Actual Rows": 0,
                            "Actual Loops": 3,
                            "Output": [
                              "customer_demographics.cd_gender",
                              "customer_demographics.cd_marital_status",
                              "customer_demographics.cd_education_status",
                              "household_demographics.hd_vehicle_count",
                              "d1.d_date",
                              "web_sales.ws_sold_date_sk"
                            ],
                            "Inner Unique": false,
                            "Shared Hit Blocks": 530387,
                            "Shared Read Blocks": 189746,
                            "Shared Dirtied Blocks": 0,
                            "Shared Written Blocks": 0,
                            "Local Hit Blocks": 0,
                            "Local Read Blocks": 0,
                            "Local Dirtied Blocks": 0,
                            "Local Written Blocks": 0,
                            "Temp Read Blocks": 0,
                            "Temp Written Blocks": 0,
                            "Workers": [
                              {
                                "Worker Number": 0,
                                "Actual Startup Time": 21579.333,
                                "Actual Total Time": 21579.347,
                                "Actual Rows": 0,
                                "Actual Loops": 1,
                                "Shared Hit Blocks": 456598,
                                "Shared Read Blocks": 155414,
                                "Shared Dirtied Blocks": 0,
                                "Shared Written Blocks": 0,
                                "Local Hit Blocks": 0,
                                "Local Read Blocks": 0,
                                "Local Dirtied Blocks": 0,
                                "Local Written Blocks": 0,
                                "Temp Read Blocks": 0,
                                "Temp Written Blocks": 0
                              },
                              {
                                "Worker Number": 1,
                                "Actual Startup Time": 668.581,
                                "Actual Total Time": 668.589,
                                "Actual Rows": 0,
                                "Actual Loops": 1,
                                "Shared Hit Blocks": 123,
                                "Shared Read Blocks": 3167,
                                "Shared Dirtied Blocks": 0,
                                "Shared Written Blocks": 0,
                                "Local Hit Blocks": 0,
                                "Local Read Blocks": 0,
                                "Local Dirtied Blocks": 0,
                                "Local Written Blocks": 0,
                                "Temp Read Blocks": 0,
                                "Temp Written Blocks": 0
                              }
                            ],
                            "Plans": [
                              {
                                "Node Type": "Nested Loop",
                                "Parent Relationship": "Outer",
                                "Parallel Aware": false,
                                "Async Capable": false,
                                "Join Type": "Inner",
                                "Startup Cost": 186917.54,
                                "Total Cost": 210508.52,
                                "Plan Rows": 1,
                                "Plan Width": 40,
                                "Actual Startup Time": 9189.834,
                                "Actual Total Time": 9189.846,
                                "Actual Rows": 0,
                                "Actual Loops": 3,
                                "Output": [
                                  "warehouse.w_state",
                                  "customer_demographics.cd_gender",
                                  "customer_demographics.cd_marital_status",
                                  "customer_demographics.cd_education_status",
                                  "household_demographics.hd_vehicle_count",
                                  "d1.d_date",
                                  "web_sales.ws_sold_date_sk"
                                ],
                                "Inner Unique": false,
                                "Join Filter": "(inventory.inv_warehouse_sk = web_sales.ws_warehouse_sk)",
                                "Rows Removed by Join Filter": 0,
                                "Shared Hit Blocks": 530387,
                                "Shared Read Blocks": 189746,
                                "Shared Dirtied Blocks": 0,
                                "Shared Written Blocks": 0,
                                "Local Hit Blocks": 0,
                                "Local Read Blocks": 0,
                                "Local Dirtied Blocks": 0,
                                "Local Written Blocks": 0,
                                "Temp Read Blocks": 0,
                                "Temp Written Blocks": 0,
                                "Workers": [
                                  {
                                    "Worker Number": 0,
                                    "Actual Startup Time": 21579.332,
                                    "Actual Total Time": 21579.344,
                                    "Actual Rows": 0,
                                    "Actual Loops": 1,
                                    "Shared Hit Blocks": 456598,
                                    "Shared Read Blocks": 155414,
                                    "Shared Dirtied Blocks": 0,
                                    "Shared Written Blocks": 0,
                                    "Local Hit Blocks": 0,
                                    "Local Read Blocks": 0,
                                    "Local Dirtied Blocks": 0,
                                    "Local Written Blocks": 0,
                                    "Temp Read Blocks": 0,
                                    "Temp Written Blocks": 0
                                  },
                                  {
                                    "Worker Number": 1,
                                    "Actual Startup Time": 668.58,
                                    "Actual Total Time": 668.587,
                                    "Actual Rows": 0,
                                    "Actual Loops": 1,
                                    "Shared Hit Blocks": 123,
                                    "Shared Read Blocks": 3167,
                                    "Shared Dirtied Blocks": 0,
                                    "Shared Written Blocks": 0,
                                    "Local Hit Blocks": 0,
                                    "Local Read Blocks": 0,
                                    "Local Dirtied Blocks": 0,
                                    "Local Written Blocks": 0,
                                    "Temp Read Blocks": 0,
                                    "Temp Written Blocks": 0
                                  }
                                ],
                                "Plans": [
                                  {
                                    "Node Type": "Merge Join",
                                    "Parent Relationship": "Outer",
                                    "Parallel Aware": false,
                                    "Async Capable": false,
                                    "Join Type": "Inner",
                                    "Startup Cost": 186909.64,
                                    "Total Cost": 186910.14,
                                    "Plan Rows": 30,
                                    "Plan Width": 64,
                                    "Actual Startup Time": 8267.525,
                                    "Actual Total Time": 8268.922,
                                    "Actual Rows": 1406,
                                    "Actual Loops": 3,
                                    "Output": [
                                      "warehouse.w_warehouse_sk",
                                      "warehouse.w_state",
                                      "customer_demographics.cd_gender",
                                      "customer_demographics.cd_marital_status",
                                      "customer_demographics.cd_education_status",
                                      "household_demographics.hd_vehicle_count",
                                      "d1.d_date",
                                      "store_sales.ss_item_sk",
                                      "store_sales.ss_customer_sk",
                                      "item.i_item_sk",
                                      "customer.c_customer_sk",
                                      "inventory.inv_warehouse_sk",
                                      "inventory.inv_item_sk"
                                    ],
                                    "Inner Unique": true,
                                    "Merge Cond": "(inventory.inv_warehouse_sk = warehouse.w_warehouse_sk)",
                                    "Shared Hit Blocks": 359743,
                                    "Shared Read Blocks": 174387,
                                    "Shared Dirtied Blocks": 0,
                                    "Shared Written Blocks": 0,
                                    "Local Hit Blocks": 0,
                                    "Local Read Blocks": 0,
                                    "Local Dirtied Blocks": 0,
                                    "Local Written Blocks": 0,
                                    "Temp Read Blocks": 0,
                                    "Temp Written Blocks": 0,
                                    "Workers": [
                                      {
                                        "Worker Number": 0,
                                        "Actual Startup Time": 19206.186,
                                        "Actual Total Time": 19209.829,
                                        "Actual Rows": 3684,
                                        "Actual Loops": 1,
                                        "Shared Hit Blocks": 309014,
                                        "Shared Read Blocks": 142487,
                                        "Shared Dirtied Blocks": 0,
                                        "Shared Written Blocks": 0,
                                        "Local Hit Blocks": 0,
                                        "Local Read Blocks": 0,
                                        "Local Dirtied Blocks": 0,
                                        "Local Written Blocks": 0,
                                        "Temp Read Blocks": 0,
                                        "Temp Written Blocks": 0
                                      },
                                      {
                                        "Worker Number": 1,
                                        "Actual Startup Time": 668.58,
                                        "Actual Total Time": 668.586,
                                        "Actual Rows": 0,
                                        "Actual Loops": 1,
                                        "Shared Hit Blocks": 123,
                                        "Shared Read Blocks": 3167,
                                        "Shared Dirtied Blocks": 0,
                                        "Shared Written Blocks": 0,
                                        "Local Hit Blocks": 0,
                                        "Local Read Blocks": 0,
                                        "Local Dirtied Blocks": 0,
                                        "Local Written Blocks": 0,
                                        "Temp Read Blocks": 0,
                                        "Temp Written Blocks": 0
                                      }
                                    ],
                                    "Plans": [
                                      {
                                        "Node Type": "Sort",
                                        "Parent Relationship": "Outer",
                                        "Parallel Aware": false,
                                        "Async Capable": false,
                                        "Startup Cost": 186908.37,
                                        "Total Cost": 186908.45,
                                        "Plan Rows": 30,
                                        "Plan Width": 57,
                                        "Actual Startup Time": 8267.306,
                                        "Actual Total Time": 8267.795,
                                        "Actual Rows": 1406,
                                        "Actual Loops": 3,
                                        "Output": [
                                          "customer_demographics.cd_gender",
                                          "customer_demographics.cd_marital_status",
                                          "customer_demographics.cd_education_status",
                                          "household_demographics.hd_vehicle_count",
                                          "d1.d_date",
                                          "store_sales.ss_item_sk",
                                          "store_sales.ss_customer_sk",
                                          "item.i_item_sk",
                                          "customer.c_customer_sk",
                                          "inventory.inv_warehouse_sk",
                                          "inventory.inv_item_sk"
                                        ],
                                        "Sort Key": [
                                          "inventory.inv_warehouse_sk"
                                        ],
                                        "Sort Method": "quicksort",
                                        "Sort Space Used": 70,
                                        "Sort Space Type": "Memory",
                                        "Shared Hit Blocks": 359743,
                                        "Shared Read Blocks": 174385,
                                        "Shared Dirtied Blocks": 0,
                                        "Shared Written Blocks": 0,
                                        "Local Hit Blocks": 0,
                                        "Local Read Blocks": 0,
                                        "Local Dirtied Blocks": 0,
                                        "Local Written Blocks": 0,
                                        "Temp Read Blocks": 0,
                                        "Temp Written Blocks": 0,
                                        "Workers": [
                                          {
                                            "Worker Number": 0,
                                            "Actual Startup Time": 19205.721,
                                            "Actual Total Time": 19207.014,
                                            "Actual Rows": 3684,
                                            "Actual Loops": 1,
                                            "Sort Method": "quicksort",
                                            "Sort Space Used": 413,
                                            "Sort Space Type": "Memory",
                                            "Shared Hit Blocks": 309014,
                                            "Shared Read Blocks": 142486,
                                            "Shared Dirtied Blocks": 0,
                                            "Shared Written Blocks": 0,
                                            "Local Hit Blocks": 0,
                                            "Local Read Blocks": 0,
                                            "Local Dirtied Blocks": 0,
                                            "Local Written Blocks": 0,
                                            "Temp Read Blocks": 0,
                                            "Temp Written Blocks": 0
                                          },
                                          {
                                            "Worker Number": 1,
                                            "Actual Startup Time": 668.577,
                                            "Actual Total Time": 668.583,
                                            "Actual Rows": 0,
                                            "Actual Loops": 1,
                                            "Sort Method": "quicksort",
                                            "Sort Space Used": 25,
                                            "Sort Space Type": "Memory",
                                            "Shared Hit Blocks": 123,
                                            "Shared Read Blocks": 3167,
                                            "Shared Dirtied Blocks": 0,
                                            "Shared Written Blocks": 0,
                                            "Local Hit Blocks": 0,
                                            "Local Read Blocks": 0,
                                            "Local Dirtied Blocks": 0,
                                            "Local Written Blocks": 0,
                                            "Temp Read Blocks": 0,
                                            "Temp Written Blocks": 0
                                          }
                                        ],
                                        "Plans": [
                                          {
                                            "Node Type": "Nested Loop",
                                            "Parent Relationship": "Outer",
                                            "Parallel Aware": false,
                                            "Async Capable": false,
                                            "Join Type": "Inner",
                                            "Startup Cost": 8067.8,
                                            "Total Cost": 186907.64,
                                            "Plan Rows": 30,
                                            "Plan Width": 57,
                                            "Actual Startup Time": 828.395,
                                            "Actual Total Time": 8265.088,
                                            "Actual Rows": 1406,
                                            "Actual Loops": 3,
                                            "Output": [
                                              "customer_demographics.cd_gender",
                                              "customer_demographics.cd_marital_status",
                                              "customer_demographics.cd_education_status",
                                              "household_demographics.hd_vehicle_count",
                                              "d1.d_date",
                                              "store_sales.ss_item_sk",
                                              "store_sales.ss_customer_sk",
                                              "item.i_item_sk",
                                              "customer.c_customer_sk",
                                              "inventory.inv_warehouse_sk",
                                              "inventory.inv_item_sk"
                                            ],
                                            "Inner Unique": false,
                                            "Shared Hit Blocks": 359736,
                                            "Shared Read Blocks": 174384,
                                            "Shared Dirtied Blocks": 0,
                                            "Shared Written Blocks": 0,
                                            "Local Hit Blocks": 0,
                                            "Local Read Blocks": 0,
                                            "Local Dirtied Blocks": 0,
                                            "Local Written Blocks": 0,
                                            "Temp Read Blocks": 0,
                                            "Temp Written Blocks": 0,
                                            "Workers": [
                                              {
                                                "Worker Number": 0,
                                                "Actual Startup Time": 624.41,
                                                "Actual Total Time": 19200.229,
                                                "Actual Rows": 3684,
                                                "Actual Loops": 1,
                                                "Shared Hit Blocks": 309011,
                                                "Shared Read Blocks": 142485,
                                                "Shared Dirtied Blocks": 0,
                                                "Shared Written Blocks": 0,
                                                "Local Hit Blocks": 0,
                                                "Local Read Blocks": 0,
                                                "Local Dirtied Blocks": 0,
                                                "Local Written Blocks": 0,
                                                "Temp Read Blocks": 0,
                                                "Temp Written Blocks": 0
                                              },
                                              {
                                                "Worker Number": 1,
                                                "Actual Startup Time": 668.287,
                                                "Actual Total Time": 668.293,
                                                "Actual Rows": 0,
                                                "Actual Loops": 1,
                                                "Shared Hit Blocks": 119,
                                                "Shared Read Blocks": 3167,
                                                "Shared Dirtied Blocks": 0,
                                                "Shared Written Blocks": 0,
                                                "Local Hit Blocks": 0,
                                                "Local Read Blocks": 0,
                                                "Local Dirtied Blocks": 0,
                                                "Local Written Blocks": 0,
                                                "Temp Read Blocks": 0,
                                                "Temp Written Blocks": 0
                                              }
                                            ],
                                            "Plans": [
                                              {
                                                "Node Type": "Nested Loop",
                                                "Parent Relationship": "Outer",
                                                "Parallel Aware": false,
                                                "Async Capable": false,
                                                "Join Type": "Inner",
                                                "Startup Cost": 8067.24,
                                                "Total Cost": 185278.8,
                                                "Plan Rows": 121,
                                                "Plan Width": 61,
                                                "Actual Startup Time": 743.384,
                                                "Actual Total Time": 7949.979,
                                                "Actual Rows": 1105,
                                                "Actual Loops": 3,
                                                "Output": [
                                                  "customer_demographics.cd_gender",
                                                  "customer_demographics.cd_marital_status",
                                                  "customer_demographics.cd_education_status",
                                                  "household_demographics.hd_vehicle_count",
                                                  "d1.d_date_sk",
                                                  "d1.d_date",
                                                  "store_sales.ss_item_sk",
                                                  "store_sales.ss_sold_date_sk",
                                                  "store_sales.ss_customer_sk",
                                                  "store_sales.ss_quantity",
                                                  "item.i_item_sk",
                                                  "customer.c_customer_sk"
                                                ],
                                                "Inner Unique": true,
                                                "Shared Hit Blocks": 347181,
                                                "Shared Read Blocks": 168862,
                                                "Shared Dirtied Blocks": 0,
                                                "Shared Written Blocks": 0,
                                                "Local Hit Blocks": 0,
                                                "Local Read Blocks": 0,
                                                "Local Dirtied Blocks": 0,
                                                "Local Written Blocks": 0,
                                                "Temp Read Blocks": 0,
                                                "Temp Written Blocks": 0,
                                                "Workers": [
                                                  {
                                                    "Worker Number": 0,
                                                    "Actual Startup Time": 524.437,
                                                    "Actual Total Time": 18390.291,
                                                    "Actual Rows": 2829,
                                                    "Actual Loops": 1,
                                                    "Shared Hit Blocks": 298272,
                                                    "Shared Read Blocks": 137677,
                                                    "Shared Dirtied Blocks": 0,
                                                    "Shared Written Blocks": 0,
                                                    "Local Hit Blocks": 0,
                                                    "Local Read Blocks": 0,
                                                    "Local Dirtied Blocks": 0,
                                                    "Local Written Blocks": 0,
                                                    "Temp Read Blocks": 0,
                                                    "Temp Written Blocks": 0
                                                  },
                                                  {
                                                    "Worker Number": 1,
                                                    "Actual Startup Time": 668.286,
                                                    "Actual Total Time": 668.291,
                                                    "Actual Rows": 0,
                                                    "Actual Loops": 1,
                                                    "Shared Hit Blocks": 119,
                                                    "Shared Read Blocks": 3167,
                                                    "Shared Dirtied Blocks": 0,
                                                    "Shared Written Blocks": 0,
                                                    "Local Hit Blocks": 0,
                                                    "Local Read Blocks": 0,
                                                    "Local Dirtied Blocks": 0,
                                                    "Local Written Blocks": 0,
                                                    "Temp Read Blocks": 0,
                                                    "Temp Written Blocks": 0
                                                  }
                                                ],
                                                "Plans": [
                                                  {
                                                    "Node Type": "Nested Loop",
                                                    "Parent Relationship": "Outer",
                                                    "Parallel Aware": false,
                                                    "Async Capable": false,
                                                    "Join Type": "Inner",
                                                    "Startup Cost": 8066.82,
                                                    "Total Cost": 180328.06,
                                                    "Plan Rows": 885,
                                                    "Plan Width": 65,
                                                    "Actual Startup Time": 733.376,
                                                    "Actual Total Time": 7095.83,
                                                    "Actual Rows": 11544,
                                                    "Actual Loops": 3,
                                                    "Output": [
                                                      "customer_demographics.cd_gender",
                                                      "customer_demographics.cd_marital_status",
                                                      "customer_demographics.cd_education_status",
                                                      "household_demographics.hd_vehicle_count",
                                                      "d1.d_date_sk",
                                                      "d1.d_date",
                                                      "store_sales.ss_item_sk",
                                                      "store_sales.ss_sold_date_sk",
                                                      "store_sales.ss_customer_sk",
                                                      "store_sales.ss_quantity",
                                                      "item.i_item_sk",
                                                      "customer.c_customer_sk",
                                                      "customer.c_current_addr_sk"
                                                    ],
                                                    "Inner Unique": true,
                                                    "Shared Hit Blocks": 227432,
                                                    "Shared Read Blocks": 150078,
                                                    "Shared Dirtied Blocks": 0,
                                                    "Shared Written Blocks": 0,
                                                    "Local Hit Blocks": 0,
                                                    "Local Read Blocks": 0,
                                                    "Local Dirtied Blocks": 0,
                                                    "Local Written Blocks": 0,
                                                    "Temp Read Blocks": 0,
                                                    "Temp Written Blocks": 0,
                                                    "Workers": [
                                                      {
                                                        "Worker Number": 0,
                                                        "Actual Startup Time": 518.162,
                                                        "Actual Total Time": 16313.752,
                                                        "Actual Rows": 29388,
                                                        "Actual Loops": 1,
                                                        "Shared Hit Blocks": 196340,
                                                        "Shared Read Blocks": 122056,
                                                        "Shared Dirtied Blocks": 0,
                                                        "Shared Written Blocks": 0,
                                                        "Local Hit Blocks": 0,
                                                        "Local Read Blocks": 0,
                                                        "Local Dirtied Blocks": 0,
                                                        "Local Written Blocks": 0,
                                                        "Temp Read Blocks": 0,
                                                        "Temp Written Blocks": 0
                                                      },
                                                      {
                                                        "Worker Number": 1,
                                                        "Actual Startup Time": 668.285,
                                                        "Actual Total Time": 668.29,
                                                        "Actual Rows": 0,
                                                        "Actual Loops": 1,
                                                        "Shared Hit Blocks": 119,
                                                        "Shared Read Blocks": 3167,
                                                        "Shared Dirtied Blocks": 0,
                                                        "Shared Written Blocks": 0,
                                                        "Local Hit Blocks": 0,
                                                        "Local Read Blocks": 0,
                                                        "Local Dirtied Blocks": 0,
                                                        "Local Written Blocks": 0,
                                                        "Temp Read Blocks": 0,
                                                        "Temp Written Blocks": 0
                                                      }
                                                    ],
                                                    "Plans": [
                                                      {
                                                        "Node Type": "Hash Join",
                                                        "Parent Relationship": "Outer",
                                                        "Parallel Aware": false,
                                                        "Async Capable": false,
                                                        "Join Type": "Inner",
                                                        "Startup Cost": 8066.39,
                                                        "Total Cost": 175182.45,
                                                        "Plan Rows": 916,
                                                        "Plan Width": 44,
                                                        "Actual Startup Time": 732.603,
                                                        "Actual Total Time": 5090.388,
                                                        "Actual Rows": 11747,
                                                        "Actual Loops": 3,
                                                        "Output": [
                                                          "household_demographics.hd_vehicle_count",
                                                          "d1.d_date_sk",
                                                          "d1.d_date",
                                                          "store_sales.ss_item_sk",
                                                          "store_sales.ss_sold_date_sk",
                                                          "store_sales.ss_customer_sk",
                                                          "store_sales.ss_quantity",
                                                          "item.i_item_sk",
                                                          "customer.c_customer_sk",
                                                          "customer.c_current_cdemo_sk",
                                                          "customer.c_current_addr_sk"
                                                        ],
                                                        "Inner Unique": true,
                                                        "Hash Cond": "(customer.c_current_hdemo_sk = household_demographics.hd_demo_sk)",
                                                        "Shared Hit Blocks": 136467,
                                                        "Shared Read Blocks": 102510,
                                                        "Shared Dirtied Blocks": 0,
                                                        "Shared Written Blocks": 0,
                                                        "Local Hit Blocks": 0,
                                                        "Local Read Blocks": 0,
                                                        "Local Dirtied Blocks": 0,
                                                        "Local Written Blocks": 0,
                                                        "Temp Read Blocks": 0,
                                                        "Temp Written Blocks": 0,
                                                        "Workers": [
                                                          {
                                                            "Worker Number": 0,
                                                            "Actual Startup Time": 516.659,
                                                            "Actual Total Time": 11355.441,
                                                            "Actual Rows": 29906,
                                                            "Actual Loops": 1,
                                                            "Shared Hit Blocks": 119028,
                                                            "Shared Read Blocks": 81815,
                                                            "Shared Dirtied Blocks": 0,
                                                            "Shared Written Blocks": 0,
                                                            "Local Hit Blocks": 0,
                                                            "Local Read Blocks": 0,
                                                            "Local Dirtied Blocks": 0,
                                                            "Local Written Blocks": 0,
                                                            "Temp Read Blocks": 0,
                                                            "Temp Written Blocks": 0
                                                          },
                                                          {
                                                            "Worker Number": 1,
                                                            "Actual Startup Time": 668.285,
                                                            "Actual Total Time": 668.289,
                                                            "Actual Rows": 0,
                                                            "Actual Loops": 1,
                                                            "Shared Hit Blocks": 119,
                                                            "Shared Read Blocks": 3167,
                                                            "Shared Dirtied Blocks": 0,
                                                            "Shared Written Blocks": 0,
                                                            "Local Hit Blocks": 0,
                                                            "Local Read Blocks": 0,
                                                            "Local Dirtied Blocks": 0,
                                                            "Local Written Blocks": 0,
                                                            "Temp Read Blocks": 0,
                                                            "Temp Written Blocks": 0
                                                          }
                                                        ],
                                                        "Plans": [
                                                          {
                                                            "Node Type": "Nested Loop",
                                                            "Parent Relationship": "Outer",
                                                            "Parallel Aware": false,
                                                            "Async Capable": false,
                                                            "Join Type": "Inner",
                                                            "Startup Cost": 7851.39,
                                                            "Total Cost": 174964.95,
                                                            "Plan Rows": 950,
                                                            "Plan Width": 44,
                                                            "Actual Startup Time": 646.795,
                                                            "Actual Total Time": 4985.38,
                                                            "Actual Rows": 12178,
                                                            "Actual Loops": 3,
                                                            "Output": [
                                                              "d1.d_date_sk",
                                                              "d1.d_date",
                                                              "store_sales.ss_item_sk",
                                                              "store_sales.ss_sold_date_sk",
                                                              "store_sales.ss_customer_sk",
                                                              "store_sales.ss_quantity",
                                                              "item.i_item_sk",
                                                              "customer.c_customer_sk",
                                                              "customer.c_current_cdemo_sk",
                                                              "customer.c_current_hdemo_sk",
                                                              "customer.c_current_addr_sk"
                                                            ],
                                                            "Inner Unique": true,
                                                            "Shared Hit Blocks": 136255,
                                                            "Shared Read Blocks": 102505,
                                                            "Shared Dirtied Blocks": 0,
                                                            "Shared Written Blocks": 0,
                                                            "Local Hit Blocks": 0,
                                                            "Local Read Blocks": 0,
                                                            "Local Dirtied Blocks": 0,
                                                            "Local Written Blocks": 0,
                                                            "Temp Read Blocks": 0,
                                                            "Temp Written Blocks": 0,
                                                            "Workers": [
                                                              {
                                                                "Worker Number": 0,
                                                                "Actual Startup Time": 461.403,
                                                                "Actual Total Time": 11253.29,
                                                                "Actual Rows": 31021,
                                                                "Actual Loops": 1,
                                                                "Shared Hit Blocks": 118951,
                                                                "Shared Read Blocks": 81810,
                                                                "Shared Dirtied Blocks": 0,
                                                                "Shared Written Blocks": 0,
                                                                "Local Hit Blocks": 0,
                                                                "Local Read Blocks": 0,
                                                                "Local Dirtied Blocks": 0,
                                                                "Local Written Blocks": 0,
                                                                "Temp Read Blocks": 0,
                                                                "Temp Written Blocks": 0
                                                              },
                                                              {
                                                                "Worker Number": 1,
                                                                "Actual Startup Time": 609.461,
                                                                "Actual Total Time": 609.465,
                                                                "Actual Rows": 0,
                                                                "Actual Loops": 1,
                                                                "Shared Hit Blocks": 37,
                                                                "Shared Read Blocks": 3167,
                                                                "Shared Dirtied Blocks": 0,
                                                                "Shared Written Blocks": 0,
                                                                "Local Hit Blocks": 0,
                                                                "Local Read Blocks": 0,
                                                                "Local Dirtied Blocks": 0,
                                                                "Local Written Blocks": 0,
                                                                "Temp Read Blocks": 0,
                                                                "Temp Written Blocks": 0
                                                              }
                                                            ],
                                                            "Plans": [
                                                              {
                                                                "Node Type": "Hash Join",
                                                                "Parent Relationship": "Outer",
                                                                "Parallel Aware": true,
                                                                "Async Capable": false,
                                                                "Join Type": "Inner",
                                                                "Startup Cost": 7850.97,
                                                                "Total Cost": 169404.87,
                                                                "Plan Rows": 995,
                                                                "Plan Width": 28,
                                                                "Actual Startup Time": 645.898,
                                                                "Actual Total Time": 3641.83,
                                                                "Actual Rows": 12465,
                                                                "Actual Loops": 3,
                                                                "Output": [
                                                                  "d1.d_date_sk",
                                                                  "d1.d_date",
                                                                  "store_sales.ss_item_sk",
                                                                  "store_sales.ss_sold_date_sk",
                                                                  "store_sales.ss_customer_sk",
                                                                  "store_sales.ss_quantity",
                                                                  "item.i_item_sk"
                                                                ],
                                                                "Inner Unique": true,
                                                                "Hash Cond": "(store_sales.ss_item_sk = item.i_item_sk)",
                                                                "Shared Hit Blocks": 20918,
                                                                "Shared Read Blocks": 71709,
                                                                "Shared Dirtied Blocks": 0,
                                                                "Shared Written Blocks": 0,
                                                                "Local Hit Blocks": 0,
                                                                "Local Read Blocks": 0,
                                                                "Local Dirtied Blocks": 0,
                                                                "Local Written Blocks": 0,
                                                                "Temp Read Blocks": 0,
                                                                "Temp Written Blocks": 0,
                                                                "Workers": [
                                                                  {
                                                                    "Worker Number": 0,
                                                                    "Actual Startup Time": 459.136,
                                                                    "Actual Total Time": 7956.425,
                                                                    "Actual Rows": 31743,
                                                                    "Actual Loops": 1,
                                                                    "Shared Hit Blocks": 20586,
                                                                    "Shared Read Blocks": 56090,
                                                                    "Shared Dirtied Blocks": 0,
                                                                    "Shared Written Blocks": 0,
                                                                    "Local Hit Blocks": 0,
                                                                    "Local Read Blocks": 0,
                                                                    "Local Dirtied Blocks": 0,
                                                                    "Local Written Blocks": 0,
                                                                    "Temp Read Blocks": 0,
                                                                    "Temp Written Blocks": 0
                                                                  },
                                                                  {
                                                                    "Worker Number": 1,
                                                                    "Actual Startup Time": 609.461,
                                                                    "Actual Total Time": 609.463,
                                                                    "Actual Rows": 0,
                                                                    "Actual Loops": 1,
                                                                    "Shared Hit Blocks": 37,
                                                                    "Shared Read Blocks": 3167,
                                                                    "Shared Dirtied Blocks": 0,
                                                                    "Shared Written Blocks": 0,
                                                                    "Local Hit Blocks": 0,
                                                                    "Local Read Blocks": 0,
                                                                    "Local Dirtied Blocks": 0,
                                                                    "Local Written Blocks": 0,
                                                                    "Temp Read Blocks": 0,
                                                                    "Temp Written Blocks": 0
                                                                  }
                                                                ],
                                                                "Plans": [
                                                                  {
                                                                    "Node Type": "Nested Loop",
                                                                    "Parent Relationship": "Outer",
                                                                    "Parallel Aware": false,
                                                                    "Async Capable": false,
                                                                    "Join Type": "Inner",
                                                                    "Startup Cost": 0.85,
                                                                    "Total Cost": 161404.08,
                                                                    "Plan Rows": 57395,
                                                                    "Plan Width": 24,
                                                                    "Actual Startup Time": 118.132,
                                                                    "Actual Total Time": 2929.632,
                                                                    "Actual Rows": 1538933,
                                                                    "Actual Loops": 3,
                                                                    "Output": [
                                                                      "d1.d_date_sk",
                                                                      "d1.d_date",
                                                                      "store_sales.ss_item_sk",
                                                                      "store_sales.ss_sold_date_sk",
                                                                      "store_sales.ss_customer_sk",
                                                                      "store_sales.ss_quantity"
                                                                    ],
                                                                    "Inner Unique": false,
                                                                    "Shared Hit Blocks": 20918,
                                                                    "Shared Read Blocks": 64665,
                                                                    "Shared Dirtied Blocks": 0,
                                                                    "Shared Written Blocks": 0,
                                                                    "Local Hit Blocks": 0,
                                                                    "Local Read Blocks": 0,
                                                                    "Local Dirtied Blocks": 0,
                                                                    "Local Written Blocks": 0,
                                                                    "Temp Read Blocks": 0,
                                                                    "Temp Written Blocks": 0,
                                                                    "Workers": [
                                                                      {
                                                                        "Worker Number": 0,
                                                                        "Actual Startup Time": 66.841,
                                                                        "Actual Total Time": 7100.166,
                                                                        "Actual Rows": 3931615,
                                                                        "Actual Loops": 1,
                                                                        "Shared Hit Blocks": 20586,
                                                                        "Shared Read Blocks": 53960,
                                                                        "Shared Dirtied Blocks": 0,
                                                                        "Shared Written Blocks": 0,
                                                                        "Local Hit Blocks": 0,
                                                                        "Local Read Blocks": 0,
                                                                        "Local Dirtied Blocks": 0,
                                                                        "Local Written Blocks": 0,
                                                                        "Temp Read Blocks": 0,
                                                                        "Temp Written Blocks": 0
                                                                      },
                                                                      {
                                                                        "Worker Number": 1,
                                                                        "Actual Startup Time": 221.971,
                                                                        "Actual Total Time": 221.972,
                                                                        "Actual Rows": 0,
                                                                        "Actual Loops": 1,
                                                                        "Shared Hit Blocks": 37,
                                                                        "Shared Read Blocks": 1056,
                                                                        "Shared Dirtied Blocks": 0,
                                                                        "Shared Written Blocks": 0,
                                                                        "Local Hit Blocks": 0,
                                                                        "Local Read Blocks": 0,
                                                                        "Local Dirtied Blocks": 0,
                                                                        "Local Written Blocks": 0,
                                                                        "Temp Read Blocks": 0,
                                                                        "Temp Written Blocks": 0
                                                                      }
                                                                    ],
                                                                    "Plans": [
                                                                      {
                                                                        "Node Type": "Index Scan",
                                                                        "Parent Relationship": "Outer",
                                                                        "Parallel Aware": true,
                                                                        "Async Capable": false,
                                                                        "Scan Direction": "Forward",
                                                                        "Index Name": "date_dim_pkey",
                                                                        "Relation Name": "date_dim",
                                                                        "Schema": "public",
                                                                        "Alias": "d1",
                                                                        "Startup Cost": 0.29,
                                                                        "Total Cost": 2981.0,
                                                                        "Plan Rows": 152,
                                                                        "Plan Width": 8,
                                                                        "Actual Startup Time": 116.761,
                                                                        "Actual Total Time": 117.34,
                                                                        "Actual Rows": 122,
                                                                        "Actual Loops": 3,
                                                                        "Output": [
                                                                          "d1.d_date_sk",
                                                                          "d1.d_date_id",
                                                                          "d1.d_date",
                                                                          "d1.d_month_seq",
                                                                          "d1.d_week_seq",
                                                                          "d1.d_quarter_seq",
                                                                          "d1.d_year",
                                                                          "d1.d_dow",
                                                                          "d1.d_moy",
                                                                          "d1.d_dom",
                                                                          "d1.d_qoy",
                                                                          "d1.d_fy_year",
                                                                          "d1.d_fy_quarter_seq",
                                                                          "d1.d_fy_week_seq",
                                                                          "d1.d_day_name",
                                                                          "d1.d_quarter_name",
                                                                          "d1.d_holiday",
                                                                          "d1.d_weekend",
                                                                          "d1.d_following_holiday",
                                                                          "d1.d_first_dom",
                                                                          "d1.d_last_dom",
                                                                          "d1.d_same_day_ly",
                                                                          "d1.d_same_day_lq",
                                                                          "d1.d_current_day",
                                                                          "d1.d_current_week",
                                                                          "d1.d_current_month",
                                                                          "d1.d_current_quarter",
                                                                          "d1.d_current_year"
                                                                        ],
                                                                        "Filter": "(d1.d_year = 2002)",
                                                                        "Rows Removed by Filter": 24228,
                                                                        "Shared Hit Blocks": 100,
                                                                        "Shared Read Blocks": 1606,
                                                                        "Shared Dirtied Blocks": 0,
                                                                        "Shared Written Blocks": 0,
                                                                        "Local Hit Blocks": 0,
                                                                        "Local Read Blocks": 0,
                                                                        "Local Dirtied Blocks": 0,
                                                                        "Local Written Blocks": 0,
                                                                        "Temp Read Blocks": 0,
                                                                        "Temp Written Blocks": 0,
                                                                        "Workers": [
                                                                          {
                                                                            "Worker Number": 0,
                                                                            "Actual Startup Time": 64.024,
                                                                            "Actual Total Time": 65.396,
                                                                            "Actual Rows": 287,
                                                                            "Actual Loops": 1,
                                                                            "Shared Hit Blocks": 31,
                                                                            "Shared Read Blocks": 266,
                                                                            "Shared Dirtied Blocks": 0,
                                                                            "Shared Written Blocks": 0,
                                                                            "Local Hit Blocks": 0,
                                                                            "Local Read Blocks": 0,
                                                                            "Local Dirtied Blocks": 0,
                                                                            "Local Written Blocks": 0,
                                                                            "Temp Read Blocks": 0,
                                                                            "Temp Written Blocks": 0
                                                                          },
                                                                          {
                                                                            "Worker Number": 1,
                                                                            "Actual Startup Time": 221.969,
                                                                            "Actual Total Time": 221.97,
                                                                            "Actual Rows": 0,
                                                                            "Actual Loops": 1,
                                                                            "Shared Hit Blocks": 37,
                                                                            "Shared Read Blocks": 1056,
                                                                            "Shared Dirtied Blocks": 0,
                                                                            "Shared Written Blocks": 0,
                                                                            "Local Hit Blocks": 0,
                                                                            "Local Read Blocks": 0,
                                                                            "Local Dirtied Blocks": 0,
                                                                            "Local Written Blocks": 0,
                                                                            "Temp Read Blocks": 0,
                                                                            "Temp Written Blocks": 0
                                                                          }
                                                                        ]
                                                                      },
                                                                      {
                                                                        "Node Type": "Index Only Scan",
                                                                        "Parent Relationship": "Inner",
                                                                        "Parallel Aware": false,
                                                                        "Async Capable": false,
                                                                        "Scan Direction": "Forward",
                                                                        "Index Name": "_dta_index_store_sales_6_1333579789__k1_k23_k14_k6_k8_k5_k7_3_4",
                                                                        "Relation Name": "store_sales",
                                                                        "Schema": "public",
                                                                        "Alias": "store_sales",
                                                                        "Startup Cost": 0.56,
                                                                        "Total Cost": 907.45,
                                                                        "Plan Rows": 13481,
                                                                        "Plan Width": 16,
                                                                        "Actual Startup Time": 0.107,
                                                                        "Actual Total Time": 22.119,
                                                                        "Actual Rows": 12649,
                                                                        "Actual Loops": 365,
                                                                        "Output": [
                                                                          "store_sales.ss_sold_date_sk",
                                                                          "store_sales.ss_net_profit",
                                                                          "store_sales.ss_sales_price",
                                                                          "store_sales.ss_hdemo_sk",
                                                                          "store_sales.ss_store_sk",
                                                                          "store_sales.ss_cdemo_sk",
                                                                          "store_sales.ss_addr_sk",
                                                                          "store_sales.ss_item_sk",
                                                                          "store_sales.ss_customer_sk",
                                                                          "store_sales.ss_promo_sk",
                                                                          "store_sales.ss_ticket_number",
                                                                          "store_sales.ss_quantity",
                                                                          "store_sales.ss_wholesale_cost",
                                                                          "store_sales.ss_list_price",
                                                                          "store_sales.ss_ext_sales_price",
                                                                          "store_sales.ss_ext_wholesale_cost",
                                                                          "store_sales.ss_coupon_amt"
                                                                        ],
                                                                        "Index Cond": "(store_sales.ss_sold_date_sk = d1.d_date_sk)",
                                                                        "Rows Removed by Index Recheck": 0,
                                                                        "Heap Fetches": 0,
                                                                        "Shared Hit Blocks": 20818,
                                                                        "Shared Read Blocks": 63059,
                                                                        "Shared Dirtied Blocks": 0,
                                                                        "Shared Written Blocks": 0,
                                                                        "Local Hit Blocks": 0,
                                                                        "Local Read Blocks": 0,
                                                                        "Local Dirtied Blocks": 0,
                                                                        "Local Written Blocks": 0,
                                                                        "Temp Read Blocks": 0,
                                                                        "Temp Written Blocks": 0,
                                                                        "Workers": [
                                                                          {
                                                                            "Worker Number": 0,
                                                                            "Actual Startup Time": 0.11,
                                                                            "Actual Total Time": 23.448,
                                                                            "Actual Rows": 13699,
                                                                            "Actual Loops": 287,
                                                                            "Shared Hit Blocks": 20555,
                                                                            "Shared Read Blocks": 53694,
                                                                            "Shared Dirtied Blocks": 0,
                                                                            "Shared Written Blocks": 0,
                                                                            "Local Hit Blocks": 0,
                                                                            "Local Read Blocks": 0,
                                                                            "Local Dirtied Blocks": 0,
                                                                            "Local Written Blocks": 0,
                                                                            "Temp Read Blocks": 0,
                                                                            "Temp Written Blocks": 0
                                                                          }
                                                                        ]
                                                                      }
                                                                    ]
                                                                  },
                                                                  {
                                                                    "Node Type": "Hash",
                                                                    "Parent Relationship": "Inner",
                                                                    "Parallel Aware": true,
                                                                    "Async Capable": false,
                                                                    "Startup Cost": 7840.9,
                                                                    "Total Cost": 7840.9,
                                                                    "Plan Rows": 737,
                                                                    "Plan Width": 4,
                                                                    "Actual Startup Time": 527.218,
                                                                    "Actual Total Time": 527.219,
                                                                    "Actual Rows": 555,
                                                                    "Actual Loops": 3,
                                                                    "Output": [
                                                                      "item.i_item_sk"
                                                                    ],
                                                                    "Hash Buckets": 2048,
                                                                    "Original Hash Buckets": 2048,
                                                                    "Hash Batches": 1,
                                                                    "Original Hash Batches": 1,
                                                                    "Peak Memory Usage": 112,
                                                                    "Shared Hit Blocks": 0,
                                                                    "Shared Read Blocks": 7044,
                                                                    "Shared Dirtied Blocks": 0,
                                                                    "Shared Written Blocks": 0,
                                                                    "Local Hit Blocks": 0,
                                                                    "Local Read Blocks": 0,
                                                                    "Local Dirtied Blocks": 0,
                                                                    "Local Written Blocks": 0,
                                                                    "Temp Read Blocks": 0,
                                                                    "Temp Written Blocks": 0,
                                                                    "Workers": [
                                                                      {
                                                                        "Worker Number": 0,
                                                                        "Actual Startup Time": 391.02,
                                                                        "Actual Total Time": 391.021,
                                                                        "Actual Rows": 500,
                                                                        "Actual Loops": 1,
                                                                        "Shared Hit Blocks": 0,
                                                                        "Shared Read Blocks": 2130,
                                                                        "Shared Dirtied Blocks": 0,
                                                                        "Shared Written Blocks": 0,
                                                                        "Local Hit Blocks": 0,
                                                                        "Local Read Blocks": 0,
                                                                        "Local Dirtied Blocks": 0,
                                                                        "Local Written Blocks": 0,
                                                                        "Temp Read Blocks": 0,
                                                                        "Temp Written Blocks": 0
                                                                      },
                                                                      {
                                                                        "Worker Number": 1,
                                                                        "Actual Startup Time": 387.435,
                                                                        "Actual Total Time": 387.435,
                                                                        "Actual Rows": 495,
                                                                        "Actual Loops": 1,
                                                                        "Shared Hit Blocks": 0,
                                                                        "Shared Read Blocks": 2111,
                                                                        "Shared Dirtied Blocks": 0,
                                                                        "Shared Written Blocks": 0,
                                                                        "Local Hit Blocks": 0,
                                                                        "Local Read Blocks": 0,
                                                                        "Local Dirtied Blocks": 0,
                                                                        "Local Written Blocks": 0,
                                                                        "Temp Read Blocks": 0,
                                                                        "Temp Written Blocks": 0
                                                                      }
                                                                    ],
                                                                    "Plans": [
                                                                      {
                                                                        "Node Type": "Seq Scan",
                                                                        "Parent Relationship": "Outer",
                                                                        "Parallel Aware": true,
                                                                        "Async Capable": false,
                                                                        "Relation Name": "item",
                                                                        "Schema": "public",
                                                                        "Alias": "item",
                                                                        "Startup Cost": 0.03,
                                                                        "Total Cost": 7840.9,
                                                                        "Plan Rows": 737,
                                                                        "Plan Width": 4,
                                                                        "Actual Startup Time": 3.33,
                                                                        "Actual Total Time": 525.832,
                                                                        "Actual Rows": 555,
                                                                        "Actual Loops": 3,
                                                                        "Output": [
                                                                          "item.i_item_sk"
                                                                        ],
                                                                        "Filter": "((item.i_category = ANY ('{Home,Men,Music}'::bpchar[])) AND (item.i_manager_id = ANY ('{1,2,4,11,12,14,21,29,32,52}'::integer[])))",
                                                                        "Rows Removed by Filter": 33445,
                                                                        "Shared Hit Blocks": 0,
                                                                        "Shared Read Blocks": 7044,
                                                                        "Shared Dirtied Blocks": 0,
                                                                        "Shared Written Blocks": 0,
                                                                        "Local Hit Blocks": 0,
                                                                        "Local Read Blocks": 0,
                                                                        "Local Dirtied Blocks": 0,
                                                                        "Local Written Blocks": 0,
                                                                        "Temp Read Blocks": 0,
                                                                        "Temp Written Blocks": 0,
                                                                        "Workers": [
                                                                          {
                                                                            "Worker Number": 0,
                                                                            "Actual Startup Time": 0.663,
                                                                            "Actual Total Time": 389.674,
                                                                            "Actual Rows": 500,
                                                                            "Actual Loops": 1,
                                                                            "Shared Hit Blocks": 0,
                                                                            "Shared Read Blocks": 2130,
                                                                            "Shared Dirtied Blocks": 0,
                                                                            "Shared Written Blocks": 0,
                                                                            "Local Hit Blocks": 0,
                                                                            "Local Read Blocks": 0,
                                                                            "Local Dirtied Blocks": 0,
                                                                            "Local Written Blocks": 0,
                                                                            "Temp Read Blocks": 0,
                                                                            "Temp Written Blocks": 0
                                                                          },
                                                                          {
                                                                            "Worker Number": 1,
                                                                            "Actual Startup Time": 0.878,
                                                                            "Actual Total Time": 386.195,
                                                                            "Actual Rows": 495,
                                                                            "Actual Loops": 1,
                                                                            "Shared Hit Blocks": 0,
                                                                            "Shared Read Blocks": 2111,
                                                                            "Shared Dirtied Blocks": 0,
                                                                            "Shared Written Blocks": 0,
                                                                            "Local Hit Blocks": 0,
                                                                            "Local Read Blocks": 0,
                                                                            "Local Dirtied Blocks": 0,
                                                                            "Local Written Blocks": 0,
                                                                            "Temp Read Blocks": 0,
                                                                            "Temp Written Blocks": 0
                                                                          }
                                                                        ]
                                                                      }
                                                                    ]
                                                                  }
                                                                ]
                                                              },
                                                              {
                                                                "Node Type": "Index Scan",
                                                                "Parent Relationship": "Inner",
                                                                "Parallel Aware": false,
                                                                "Async Capable": false,
                                                                "Scan Direction": "Forward",
                                                                "Index Name": "_dta_index_customer_6_949578421__k1_k5",
                                                                "Relation Name": "customer",
                                                                "Schema": "public",
                                                                "Alias": "customer",
                                                                "Startup Cost": 0.42,
                                                                "Total Cost": 5.59,
                                                                "Plan Rows": 1,
                                                                "Plan Width": 16,
                                                                "Actual Startup Time": 0.106,
                                                                "Actual Total Time": 0.106,
                                                                "Actual Rows": 1,
                                                                "Actual Loops": 37396,
                                                                "Output": [
                                                                  "customer.c_customer_sk",
                                                                  "customer.c_customer_id",
                                                                  "customer.c_current_cdemo_sk",
                                                                  "customer.c_current_hdemo_sk",
                                                                  "customer.c_current_addr_sk",
                                                                  "customer.c_first_shipto_date_sk",
                                                                  "customer.c_first_sales_date_sk",
                                                                  "customer.c_salutation",
                                                                  "customer.c_first_name",
                                                                  "customer.c_last_name",
                                                                  "customer.c_preferred_cust_flag",
                                                                  "customer.c_birth_day",
                                                                  "customer.c_birth_month",
                                                                  "customer.c_birth_year",
                                                                  "customer.c_birth_country",
                                                                  "customer.c_login",
                                                                  "customer.c_email_address",
                                                                  "customer.c_last_review_date_sk"
                                                                ],
                                                                "Index Cond": "(customer.c_customer_sk = store_sales.ss_customer_sk)",
                                                                "Rows Removed by Index Recheck": 0,
                                                                "Shared Hit Blocks": 115337,
                                                                "Shared Read Blocks": 30796,
                                                                "Shared Dirtied Blocks": 0,
                                                                "Shared Written Blocks": 0,
                                                                "Local Hit Blocks": 0,
                                                                "Local Read Blocks": 0,
                                                                "Local Dirtied Blocks": 0,
                                                                "Local Written Blocks": 0,
                                                                "Temp Read Blocks": 0,
                                                                "Temp Written Blocks": 0,
                                                                "Workers": [
                                                                  {
                                                                    "Worker Number": 0,
                                                                    "Actual Startup Time": 0.102,
                                                                    "Actual Total Time": 0.102,
                                                                    "Actual Rows": 1,
                                                                    "Actual Loops": 31743,
                                                                    "Shared Hit Blocks": 98365,
                                                                    "Shared Read Blocks": 25720,
                                                                    "Shared Dirtied Blocks": 0,
                                                                    "Shared Written Blocks": 0,
                                                                    "Local Hit Blocks": 0,
                                                                    "Local Read Blocks": 0,
                                                                    "Local Dirtied Blocks": 0,
                                                                    "Local Written Blocks": 0,
                                                                    "Temp Read Blocks": 0,
                                                                    "Temp Written Blocks": 0
                                                                  }
                                                                ]
                                                              }
                                                            ]
                                                          },
                                                          {
                                                            "Node Type": "Hash",
                                                            "Parent Relationship": "Inner",
                                                            "Parallel Aware": false,
                                                            "Async Capable": false,
                                                            "Startup Cost": 125.0,
                                                            "Total Cost": 125.0,
                                                            "Plan Rows": 7200,
                                                            "Plan Width": 8,
                                                            "Actual Startup Time": 84.628,
                                                            "Actual Total Time": 84.628,
                                                            "Actual Rows": 7200,
                                                            "Actual Loops": 3,
                                                            "Output": [
                                                              "household_demographics.hd_vehicle_count",
                                                              "household_demographics.hd_demo_sk"
                                                            ],
                                                            "Hash Buckets": 8192,
                                                            "Original Hash Buckets": 8192,
                                                            "Hash Batches": 1,
                                                            "Original Hash Batches": 1,
                                                            "Peak Memory Usage": 346,
                                                            "Shared Hit Blocks": 159,
                                                            "Shared Read Blocks": 0,
                                                            "Shared Dirtied Blocks": 0,
                                                            "Shared Written Blocks": 0,
                                                            "Local Hit Blocks": 0,
                                                            "Local Read Blocks": 0,
                                                            "Local Dirtied Blocks": 0,
                                                            "Local Written Blocks": 0,
                                                            "Temp Read Blocks": 0,
                                                            "Temp Written Blocks": 0,
                                                            "Workers": [
                                                              {
                                                                "Worker Number": 0,
                                                                "Actual Startup Time": 53.486,
                                                                "Actual Total Time": 53.486,
                                                                "Actual Rows": 7200,
                                                                "Actual Loops": 1,
                                                                "Shared Hit Blocks": 53,
                                                                "Shared Read Blocks": 0,
                                                                "Shared Dirtied Blocks": 0,
                                                                "Shared Written Blocks": 0,
                                                                "Local Hit Blocks": 0,
                                                                "Local Read Blocks": 0,
                                                                "Local Dirtied Blocks": 0,
                                                                "Local Written Blocks": 0,
                                                                "Temp Read Blocks": 0,
                                                                "Temp Written Blocks": 0
                                                              },
                                                              {
                                                                "Worker Number": 1,
                                                                "Actual Startup Time": 57.077,
                                                                "Actual Total Time": 57.077,
                                                                "Actual Rows": 7200,
                                                                "Actual Loops": 1,
                                                                "Shared Hit Blocks": 53,
                                                                "Shared Read Blocks": 0,
                                                                "Shared Dirtied Blocks": 0,
                                                                "Shared Written Blocks": 0,
                                                                "Local Hit Blocks": 0,
                                                                "Local Read Blocks": 0,
                                                                "Local Dirtied Blocks": 0,
                                                                "Local Written Blocks": 0,
                                                                "Temp Read Blocks": 0,
                                                                "Temp Written Blocks": 0
                                                              }
                                                            ],
                                                            "Plans": [
                                                              {
                                                                "Node Type": "Seq Scan",
                                                                "Parent Relationship": "Outer",
                                                                "Parallel Aware": false,
                                                                "Async Capable": false,
                                                                "Relation Name": "household_demographics",
                                                                "Schema": "public",
                                                                "Alias": "household_demographics",
                                                                "Startup Cost": 0.0,
                                                                "Total Cost": 125.0,
                                                                "Plan Rows": 7200,
                                                                "Plan Width": 8,
                                                                "Actual Startup Time": 82.442,
                                                                "Actual Total Time": 83.58,
                                                                "Actual Rows": 7200,
                                                                "Actual Loops": 3,
                                                                "Output": [
                                                                  "household_demographics.hd_vehicle_count",
                                                                  "household_demographics.hd_demo_sk"
                                                                ],
                                                                "Shared Hit Blocks": 159,
                                                                "Shared Read Blocks": 0,
                                                                "Shared Dirtied Blocks": 0,
                                                                "Shared Written Blocks": 0,
                                                                "Local Hit Blocks": 0,
                                                                "Local Read Blocks": 0,
                                                                "Local Dirtied Blocks": 0,
                                                                "Local Written Blocks": 0,
                                                                "Temp Read Blocks": 0,
                                                                "Temp Written Blocks": 0,
                                                                "Workers": [
                                                                  {
                                                                    "Worker Number": 0,
                                                                    "Actual Startup Time": 50.611,
                                                                    "Actual Total Time": 52.268,
                                                                    "Actual Rows": 7200,
                                                                    "Actual Loops": 1,
                                                                    "Shared Hit Blocks": 53,
                                                                    "Shared Read Blocks": 0,
                                                                    "Shared Dirtied Blocks": 0,
                                                                    "Shared Written Blocks": 0,
                                                                    "Local Hit Blocks": 0,
                                                                    "Local Read Blocks": 0,
                                                                    "Local Dirtied Blocks": 0,
                                                                    "Local Written Blocks": 0,
                                                                    "Temp Read Blocks": 0,
                                                                    "Temp Written Blocks": 0
                                                                  },
                                                                  {
                                                                    "Worker Number": 1,
                                                                    "Actual Startup Time": 55.019,
                                                                    "Actual Total Time": 56.074,
                                                                    "Actual Rows": 7200,
                                                                    "Actual Loops": 1,
                                                                    "Shared Hit Blocks": 53,
                                                                    "Shared Read Blocks": 0,
                                                                    "Shared Dirtied Blocks": 0,
                                                                    "Shared Written Blocks": 0,
                                                                    "Local Hit Blocks": 0,
                                                                    "Local Read Blocks": 0,
                                                                    "Local Dirtied Blocks": 0,
                                                                    "Local Written Blocks": 0,
                                                                    "Temp Read Blocks": 0,
                                                                    "Temp Written Blocks": 0
                                                                  }
                                                                ]
                                                              }
                                                            ]
                                                          }
                                                        ]
                                                      },
                                                      {
                                                        "Node Type": "Index Scan",
                                                        "Parent Relationship": "Inner",
                                                        "Parallel Aware": false,
                                                        "Async Capable": false,
                                                        "Scan Direction": "Forward",
                                                        "Index Name": "customer_demographics_pkey",
                                                        "Relation Name": "customer_demographics",
                                                        "Schema": "public",
                                                        "Alias": "customer_demographics",
                                                        "Startup Cost": 0.43,
                                                        "Total Cost": 5.62,
                                                        "Plan Rows": 1,
                                                        "Plan Width": 29,
                                                        "Actual Startup Time": 0.169,
                                                        "Actual Total Time": 0.169,
                                                        "Actual Rows": 1,
                                                        "Actual Loops": 35241,
                                                        "Output": [
                                                          "customer_demographics.cd_demo_sk",
                                                          "customer_demographics.cd_gender",
                                                          "customer_demographics.cd_marital_status",
                                                          "customer_demographics.cd_education_status",
                                                          "customer_demographics.cd_purchase_estimate",
                                                          "customer_demographics.cd_credit_rating",
                                                          "customer_demographics.cd_dep_count",
                                                          "customer_demographics.cd_dep_employed_count",
                                                          "customer_demographics.cd_dep_college_count"
                                                        ],
                                                        "Index Cond": "(customer_demographics.cd_demo_sk = customer.c_current_cdemo_sk)",
                                                        "Rows Removed by Index Recheck": 0,
                                                        "Shared Hit Blocks": 90965,
                                                        "Shared Read Blocks": 47568,
                                                        "Shared Dirtied Blocks": 0,
                                                        "Shared Written Blocks": 0,
                                                        "Local Hit Blocks": 0,
                                                        "Local Read Blocks": 0,
                                                        "Local Dirtied Blocks": 0,
                                                        "Local Written Blocks": 0,
                                                        "Temp Read Blocks": 0,
                                                        "Temp Written Blocks": 0,
                                                        "Workers": [
                                                          {
                                                            "Worker Number": 0,
                                                            "Actual Startup Time": 0.164,
                                                            "Actual Total Time": 0.164,
                                                            "Actual Rows": 1,
                                                            "Actual Loops": 29906,
                                                            "Shared Hit Blocks": 77312,
                                                            "Shared Read Blocks": 40241,
                                                            "Shared Dirtied Blocks": 0,
                                                            "Shared Written Blocks": 0,
                                                            "Local Hit Blocks": 0,
                                                            "Local Read Blocks": 0,
                                                            "Local Dirtied Blocks": 0,
                                                            "Local Written Blocks": 0,
                                                            "Temp Read Blocks": 0,
                                                            "Temp Written Blocks": 0
                                                          }
                                                        ]
                                                      }
                                                    ]
                                                  },
                                                  {
                                                    "Node Type": "Index Scan",
                                                    "Parent Relationship": "Inner",
                                                    "Parallel Aware": false,
                                                    "Async Capable": false,
                                                    "Scan Direction": "Forward",
                                                    "Index Name": "customer_address_pkey",
                                                    "Relation Name": "customer_address",
                                                    "Schema": "public",
                                                    "Alias": "customer_address",
                                                    "Startup Cost": 0.42,
                                                    "Total Cost": 5.59,
                                                    "Plan Rows": 1,
                                                    "Plan Width": 4,
                                                    "Actual Startup Time": 0.072,
                                                    "Actual Total Time": 0.072,
                                                    "Actual Rows": 0,
                                                    "Actual Loops": 34633,
                                                    "Output": [
                                                      "customer_address.ca_address_sk",
                                                      "customer_address.ca_address_id",
                                                      "customer_address.ca_street_number",
                                                      "customer_address.ca_street_name",
                                                      "customer_address.ca_street_type",
                                                      "customer_address.ca_suite_number",
                                                      "customer_address.ca_city",
                                                      "customer_address.ca_county",
                                                      "customer_address.ca_state",
                                                      "customer_address.ca_zip",
                                                      "customer_address.ca_country",
                                                      "customer_address.ca_gmt_offset",
                                                      "customer_address.ca_location_type"
                                                    ],
                                                    "Index Cond": "(customer_address.ca_address_sk = customer.c_current_addr_sk)",
                                                    "Rows Removed by Index Recheck": 0,
                                                    "Filter": "(customer_address.ca_state = ANY ('{GA,MD,MO,NC,OR}'::bpchar[]))",
                                                    "Rows Removed by Filter": 1,
                                                    "Shared Hit Blocks": 119749,
                                                    "Shared Read Blocks": 18784,
                                                    "Shared Dirtied Blocks": 0,
                                                    "Shared Written Blocks": 0,
                                                    "Local Hit Blocks": 0,
                                                    "Local Read Blocks": 0,
                                                    "Local Dirtied Blocks": 0,
                                                    "Local Written Blocks": 0,
                                                    "Temp Read Blocks": 0,
                                                    "Temp Written Blocks": 0,
                                                    "Workers": [
                                                      {
                                                        "Worker Number": 0,
                                                        "Actual Startup Time": 0.069,
                                                        "Actual Total Time": 0.069,
                                                        "Actual Rows": 0,
                                                        "Actual Loops": 29388,
                                                        "Shared Hit Blocks": 101932,
                                                        "Shared Read Blocks": 15621,
                                                        "Shared Dirtied Blocks": 0,
                                                        "Shared Written Blocks": 0,
                                                        "Local Hit Blocks": 0,
                                                        "Local Read Blocks": 0,
                                                        "Local Dirtied Blocks": 0,
                                                        "Local Written Blocks": 0,
                                                        "Temp Read Blocks": 0,
                                                        "Temp Written Blocks": 0
                                                      }
                                                    ]
                                                  }
                                                ]
                                              },
                                              {
                                                "Node Type": "Index Scan",
                                                "Parent Relationship": "Inner",
                                                "Parallel Aware": false,
                                                "Async Capable": false,
                                                "Scan Direction": "Forward",
                                                "Index Name": "inventory_pkey",
                                                "Relation Name": "inventory",
                                                "Schema": "public",
                                                "Alias": "inventory",
                                                "Startup Cost": 0.57,
                                                "Total Cost": 13.44,
                                                "Plan Rows": 2,
                                                "Plan Width": 16,
                                                "Actual Startup Time": 0.133,
                                                "Actual Total Time": 0.282,
                                                "Actual Rows": 1,
                                                "Actual Loops": 3314,
                                                "Output": [
                                                  "inventory.inv_date_sk",
                                                  "inventory.inv_item_sk",
                                                  "inventory.inv_warehouse_sk",
                                                  "inventory.inv_quantity_on_hand"
                                                ],
                                                "Index Cond": "((inventory.inv_date_sk = store_sales.ss_sold_date_sk) AND (inventory.inv_item_sk = store_sales.ss_item_sk))",
                                                "Rows Removed by Index Recheck": 0,
                                                "Filter": "(inventory.inv_quantity_on_hand >= store_sales.ss_quantity)",
                                                "Rows Removed by Filter": 0,
                                                "Shared Hit Blocks": 12555,
                                                "Shared Read Blocks": 5522,
                                                "Shared Dirtied Blocks": 0,
                                                "Shared Written Blocks": 0,
                                                "Local Hit Blocks": 0,
                                                "Local Read Blocks": 0,
                                                "Local Dirtied Blocks": 0,
                                                "Local Written Blocks": 0,
                                                "Temp Read Blocks": 0,
                                                "Temp Written Blocks": 0,
                                                "Workers": [
                                                  {
                                                    "Worker Number": 0,
                                                    "Actual Startup Time": 0.132,
                                                    "Actual Total Time": 0.283,
                                                    "Actual Rows": 1,
                                                    "Actual Loops": 2829,
                                                    "Shared Hit Blocks": 10739,
                                                    "Shared Read Blocks": 4808,
                                                    "Shared Dirtied Blocks": 0,
                                                    "Shared Written Blocks": 0,
                                                    "Local Hit Blocks": 0,
                                                    "Local Read Blocks": 0,
                                                    "Local Dirtied Blocks": 0,
                                                    "Local Written Blocks": 0,
                                                    "Temp Read Blocks": 0,
                                                    "Temp Written Blocks": 0
                                                  }
                                                ]
                                              }
                                            ]
                                          }
                                        ]
                                      },
                                      {
                                        "Node Type": "Sort",
                                        "Parent Relationship": "Inner",
                                        "Parallel Aware": false,
                                        "Async Capable": false,
                                        "Startup Cost": 1.27,
                                        "Total Cost": 1.29,
                                        "Plan Rows": 10,
                                        "Plan Width": 7,
                                        "Actual Startup Time": 0.29,
                                        "Actual Total Time": 0.297,
                                        "Actual Rows": 10,
                                        "Actual Loops": 2,
                                        "Output": [
                                          "warehouse.w_warehouse_sk",
                                          "warehouse.w_state"
                                        ],
                                        "Sort Key": [
                                          "warehouse.w_warehouse_sk"
                                        ],
                                        "Sort Method": "quicksort",
                                        "Sort Space Used": 25,
                                        "Sort Space Type": "Memory",
                                        "Shared Hit Blocks": 0,
                                        "Shared Read Blocks": 2,
                                        "Shared Dirtied Blocks": 0,
                                        "Shared Written Blocks": 0,
                                        "Local Hit Blocks": 0,
                                        "Local Read Blocks": 0,
                                        "Local Dirtied Blocks": 0,
                                        "Local Written Blocks": 0,
                                        "Temp Read Blocks": 0,
                                        "Temp Written Blocks": 0,
                                        "Workers": [
                                          {
                                            "Worker Number": 0,
                                            "Actual Startup Time": 0.423,
                                            "Actual Total Time": 0.43,
                                            "Actual Rows": 10,
                                            "Actual Loops": 1,
                                            "Sort Method": "quicksort",
                                            "Sort Space Used": 25,
                                            "Sort Space Type": "Memory",
                                            "Shared Hit Blocks": 0,
                                            "Shared Read Blocks": 1,
                                            "Shared Dirtied Blocks": 0,
                                            "Shared Written Blocks": 0,
                                            "Local Hit Blocks": 0,
                                            "Local Read Blocks": 0,
                                            "Local Dirtied Blocks": 0,
                                            "Local Written Blocks": 0,
                                            "Temp Read Blocks": 0,
                                            "Temp Written Blocks": 0
                                          }
                                        ],
                                        "Plans": [
                                          {
                                            "Node Type": "Seq Scan",
                                            "Parent Relationship": "Outer",
                                            "Parallel Aware": false,
                                            "Async Capable": false,
                                            "Relation Name": "warehouse",
                                            "Schema": "public",
                                            "Alias": "warehouse",
                                            "Startup Cost": 0.0,
                                            "Total Cost": 1.1,
                                            "Plan Rows": 10,
                                            "Plan Width": 7,
                                            "Actual Startup Time": 0.277,
                                            "Actual Total Time": 0.279,
                                            "Actual Rows": 10,
                                            "Actual Loops": 2,
                                            "Output": [
                                              "warehouse.w_warehouse_sk",
                                              "warehouse.w_state"
                                            ],
                                            "Shared Hit Blocks": 0,
                                            "Shared Read Blocks": 2,
                                            "Shared Dirtied Blocks": 0,
                                            "Shared Written Blocks": 0,
                                            "Local Hit Blocks": 0,
                                            "Local Read Blocks": 0,
                                            "Local Dirtied Blocks": 0,
                                            "Local Written Blocks": 0,
                                            "Temp Read Blocks": 0,
                                            "Temp Written Blocks": 0,
                                            "Workers": [
                                              {
                                                "Worker Number": 0,
                                                "Actual Startup Time": 0.41,
                                                "Actual Total Time": 0.412,
                                                "Actual Rows": 10,
                                                "Actual Loops": 1,
                                                "Shared Hit Blocks": 0,
                                                "Shared Read Blocks": 1,
                                                "Shared Dirtied Blocks": 0,
                                                "Shared Written Blocks": 0,
                                                "Local Hit Blocks": 0,
                                                "Local Read Blocks": 0,
                                                "Local Dirtied Blocks": 0,
                                                "Local Written Blocks": 0,
                                                "Temp Read Blocks": 0,
                                                "Temp Written Blocks": 0
                                              }
                                            ]
                                          }
                                        ]
                                      }
                                    ]
                                  },
                                  {
                                    "Node Type": "Bitmap Heap Scan",
                                    "Parent Relationship": "Inner",
                                    "Parallel Aware": false,
                                    "Async Capable": false,
                                    "Relation Name": "web_sales",
                                    "Schema": "public",
                                    "Alias": "web_sales",
                                    "Startup Cost": 7.9,
                                    "Total Cost": 786.6,
                                    "Plan Rows": 1,
                                    "Plan Width": 16,
                                    "Actual Startup Time": 0.654,
                                    "Actual Total Time": 0.654,
                                    "Actual Rows": 0,
                                    "Actual Loops": 4219,
                                    "Output": [
                                      "web_sales.ws_sold_date_sk",
                                      "web_sales.ws_sold_time_sk",
                                      "web_sales.ws_ship_date_sk",
                                      "web_sales.ws_item_sk",
                                      "web_sales.ws_bill_customer_sk",
                                      "web_sales.ws_bill_cdemo_sk",
                                      "web_sales.ws_bill_hdemo_sk",
                                      "web_sales.ws_bill_addr_sk",
                                      "web_sales.ws_ship_customer_sk",
                                      "web_sales.ws_ship_cdemo_sk",
                                      "web_sales.ws_ship_hdemo_sk",
                                      "web_sales.ws_ship_addr_sk",
                                      "web_sales.ws_web_page_sk",
                                      "web_sales.ws_web_site_sk",
                                      "web_sales.ws_ship_mode_sk",
                                      "web_sales.ws_warehouse_sk",
                                      "web_sales.ws_promo_sk",
                                      "web_sales.ws_order_number",
                                      "web_sales.ws_quantity",
                                      "web_sales.ws_wholesale_cost",
                                      "web_sales.ws_list_price",
                                      "web_sales.ws_sales_price",
                                      "web_sales.ws_ext_discount_amt",
                                      "web_sales.ws_ext_sales_price",
                                      "web_sales.ws_ext_wholesale_cost",
                                      "web_sales.ws_ext_list_price",
                                      "web_sales.ws_ext_tax",
                                      "web_sales.ws_coupon_amt",
                                      "web_sales.ws_ext_ship_cost",
                                      "web_sales.ws_net_paid",
                                      "web_sales.ws_net_paid_inc_tax",
                                      "web_sales.ws_net_paid_inc_ship",
                                      "web_sales.ws_net_paid_inc_ship_tax",
                                      "web_sales.ws_net_profit"
                                    ],
                                    "Recheck Cond": "(store_sales.ss_item_sk = web_sales.ws_item_sk)",
                                    "Rows Removed by Index Recheck": 0,
                                    "Filter": "((web_sales.ws_wholesale_cost >= '34'::numeric) AND (web_sales.ws_wholesale_cost <= '54'::numeric) AND (store_sales.ss_customer_sk = web_sales.ws_bill_customer_sk))",
                                    "Rows Removed by Filter": 41,
                                    "Exact Heap Blocks": 23887,
                                    "Lossy Heap Blocks": 0,
                                    "Shared Hit Blocks": 170644,
                                    "Shared Read Blocks": 15359,
                                    "Shared Dirtied Blocks": 0,
                                    "Shared Written Blocks": 0,
                                    "Local Hit Blocks": 0,
                                    "Local Read Blocks": 0,
                                    "Local Dirtied Blocks": 0,
                                    "Local Written Blocks": 0,
                                    "Temp Read Blocks": 0,
                                    "Temp Written Blocks": 0,
                                    "Workers": [
                                      {
                                        "Worker Number": 0,
                                        "Actual Startup Time": 0.642,
                                        "Actual Total Time": 0.642,
                                        "Actual Rows": 0,
                                        "Actual Loops": 3684,
                                        "Shared Hit Blocks": 147584,
                                        "Shared Read Blocks": 12927,
                                        "Shared Dirtied Blocks": 0,
                                        "Shared Written Blocks": 0,
                                        "Local Hit Blocks": 0,
                                        "Local Read Blocks": 0,
                                        "Local Dirtied Blocks": 0,
                                        "Local Written Blocks": 0,
                                        "Temp Read Blocks": 0,
                                        "Temp Written Blocks": 0
                                      }
                                    ],
                                    "Plans": [
                                      {
                                        "Node Type": "Bitmap Index Scan",
                                        "Parent Relationship": "Outer",
                                        "Parallel Aware": false,
                                        "Async Capable": false,
                                        "Index Name": "web_sales_pkey",
                                        "Startup Cost": 0.0,
                                        "Total Cost": 7.9,
                                        "Plan Rows": 304,
                                        "Plan Width": 0,
                                        "Actual Startup Time": 0.039,
                                        "Actual Total Time": 0.039,
                                        "Actual Rows": 41,
                                        "Actual Loops": 4219,
                                        "Index Cond": "(web_sales.ws_item_sk = store_sales.ss_item_sk)",
                                        "Shared Hit Blocks": 12241,
                                        "Shared Read Blocks": 484,
                                        "Shared Dirtied Blocks": 0,
                                        "Shared Written Blocks": 0,
                                        "Local Hit Blocks": 0,
                                        "Local Read Blocks": 0,
                                        "Local Dirtied Blocks": 0,
                                        "Local Written Blocks": 0,
                                        "Temp Read Blocks": 0,
                                        "Temp Written Blocks": 0,
                                        "Workers": [
                                          {
                                            "Worker Number": 0,
                                            "Actual Startup Time": 0.037,
                                            "Actual Total Time": 0.037,
                                            "Actual Rows": 41,
                                            "Actual Loops": 3684,
                                            "Shared Hit Blocks": 10729,
                                            "Shared Read Blocks": 391,
                                            "Shared Dirtied Blocks": 0,
                                            "Shared Written Blocks": 0,
                                            "Local Hit Blocks": 0,
                                            "Local Read Blocks": 0,
                                            "Local Dirtied Blocks": 0,
                                            "Local Written Blocks": 0,
                                            "Temp Read Blocks": 0,
                                            "Temp Written Blocks": 0
                                          }
                                        ]
                                      }
                                    ]
                                  }
                                ]
                              },
                              {
                                "Node Type": "Bitmap Heap Scan",
                                "Parent Relationship": "Inner",
                                "Parallel Aware": false,
                                "Async Capable": false,
                                "Relation Name": "store",
                                "Schema": "public",
                                "Alias": "store",
                                "Startup Cost": 2.57,
                                "Total Cost": 6.81,
                                "Plan Rows": 3,
                                "Plan Width": 3,
                                "Actual Startup Time": 0.0,
                                "Actual Total Time": 0.0,
                                "Actual Rows": 0,
                                "Actual Loops": 0,
                                "Output": [
                                  "store.s_store_sk",
                                  "store.s_store_id",
                                  "store.s_rec_start_date",
                                  "store.s_rec_end_date",
                                  "store.s_closed_date_sk",
                                  "store.s_store_name",
                                  "store.s_number_employees",
                                  "store.s_floor_space",
                                  "store.s_hours",
                                  "store.s_manager",
                                  "store.s_market_id",
                                  "store.s_geography_class",
                                  "store.s_market_desc",
                                  "store.s_market_manager",
                                  "store.s_division_id",
                                  "store.s_division_name",
                                  "store.s_company_id",
                                  "store.s_company_name",
                                  "store.s_street_number",
                                  "store.s_street_name",
                                  "store.s_street_type",
                                  "store.s_suite_number",
                                  "store.s_city",
                                  "store.s_county",
                                  "store.s_state",
                                  "store.s_zip",
                                  "store.s_country",
                                  "store.s_gmt_offset",
                                  "store.s_tax_precentage"
                                ],
                                "Recheck Cond": "(store.s_state = warehouse.w_state)",
                                "Rows Removed by Index Recheck": 0,
                                "Exact Heap Blocks": 0,
                                "Lossy Heap Blocks": 0,
                                "Shared Hit Blocks": 0,
                                "Shared Read Blocks": 0,
                                "Shared Dirtied Blocks": 0,
                                "Shared Written Blocks": 0,
                                "Local Hit Blocks": 0,
                                "Local Read Blocks": 0,
                                "Local Dirtied Blocks": 0,
                                "Local Written Blocks": 0,
                                "Temp Read Blocks": 0,
                                "Temp Written Blocks": 0,
                                "Workers": [],
                                "Plans": [
                                  {
                                    "Node Type": "Bitmap Index Scan",
                                    "Parent Relationship": "Outer",
                                    "Parallel Aware": false,
                                    "Async Capable": false,
                                    "Index Name": "_dta_index_store_6_885578193__k25_k1",
                                    "Startup Cost": 0.0,
                                    "Total Cost": 2.56,
                                    "Plan Rows": 3,
                                    "Plan Width": 0,
                                    "Actual Startup Time": 0.0,
                                    "Actual Total Time": 0.0,
                                    "Actual Rows": 0,
                                    "Actual Loops": 0,
                                    "Index Cond": "(store.s_state = warehouse.w_state)",
                                    "Shared Hit Blocks": 0,
                                    "Shared Read Blocks": 0,
                                    "Shared Dirtied Blocks": 0,
                                    "Shared Written Blocks": 0,
                                    "Local Hit Blocks": 0,
                                    "Local Read Blocks": 0,
                                    "Local Dirtied Blocks": 0,
                                    "Local Written Blocks": 0,
                                    "Temp Read Blocks": 0,
                                    "Temp Written Blocks": 0,
                                    "Workers": []
                                  }
                                ]
                              }
                            ]
                          },
                          {
                            "Node Type": "Index Scan",
                            "Parent Relationship": "Inner",
                            "Parallel Aware": false,
                            "Async Capable": false,
                            "Scan Direction": "Forward",
                            "Index Name": "date_dim_pkey",
                            "Relation Name": "date_dim",
                            "Schema": "public",
                            "Alias": "d2",
                            "Startup Cost": 0.29,
                            "Total Cost": 5.44,
                            "Plan Rows": 1,
                            "Plan Width": 8,
                            "Actual Startup Time": 0.0,
                            "Actual Total Time": 0.0,
                            "Actual Rows": 0,
                            "Actual Loops": 0,
                            "Output": [
                              "d2.d_date_sk",
                              "d2.d_date_id",
                              "d2.d_date",
                              "d2.d_month_seq",
                              "d2.d_week_seq",
                              "d2.d_quarter_seq",
                              "d2.d_year",
                              "d2.d_dow",
                              "d2.d_moy",
                              "d2.d_dom",
                              "d2.d_qoy",
                              "d2.d_fy_year",
                              "d2.d_fy_quarter_seq",
                              "d2.d_fy_week_seq",
                              "d2.d_day_name",
                              "d2.d_quarter_name",
                              "d2.d_holiday",
                              "d2.d_weekend",
                              "d2.d_following_holiday",
                              "d2.d_first_dom",
                              "d2.d_last_dom",
                              "d2.d_same_day_ly",
                              "d2.d_same_day_lq",
                              "d2.d_current_day",
                              "d2.d_current_week",
                              "d2.d_current_month",
                              "d2.d_current_quarter",
                              "d2.d_current_year"
                            ],
                            "Index Cond": "(d2.d_date_sk = web_sales.ws_sold_date_sk)",
                            "Rows Removed by Index Recheck": 0,
                            "Shared Hit Blocks": 0,
                            "Shared Read Blocks": 0,
                            "Shared Dirtied Blocks": 0,
                            "Shared Written Blocks": 0,
                            "Local Hit Blocks": 0,
                            "Local Read Blocks": 0,
                            "Local Dirtied Blocks": 0,
                            "Local Written Blocks": 0,
                            "Temp Read Blocks": 0,
                            "Temp Written Blocks": 0,
                            "Workers": []
                          }
                        ]
                      }
                    ]
                  }
                ]
              }
            ]
          }
        ]
      },
      "Planning": {
        "Shared Hit Blocks": 127,
        "Shared Read Blocks": 80,
        "Shared Dirtied Blocks": 0,
        "Shared Written Blocks": 0,
        "Local Hit Blocks": 0,
        "Local Read Blocks": 0,
        "Local Dirtied Blocks": 0,
        "Local Written Blocks": 0,
        "Temp Read Blocks": 0,
        "Temp Written Blocks": 0
      },
      "Planning Time": 203.726,
      "Triggers": [],
      "JIT": {
        "Functions": 232,
        "Options": {
          "Inlining": false,
          "Optimization": false,
          "Expressions": true,
          "Deforming": true
        },
        "Timing": {
          "Generation": 33.997,
          "Inlining": 0.0,
          "Optimization": 9.389,
          "Emission": 237.814,
          "Total": 281.199
        }
      },
      "Execution Time": 22105.936
    }
  ],
  "original_sql": "select \n    cd_gender,\n    cd_marital_status,\n    cd_education_status,\n    hd_vehicle_count,\n    count(*) as cnt\nfrom\n    store_sales,\n    web_sales,\n    date_dim d1,\n    date_dim d2,\n    customer,\n    inventory,\n    store,\n    warehouse,\n    item,\n    customer_demographics,\n    household_demographics,\n    customer_address\n    where\n      ss_item_sk = i_item_sk\n      and ws_item_sk = ss_item_sk\n      and ss_sold_date_sk = d1.d_date_sk\n      and ws_sold_date_sk = d2.d_date_sk\n\t\t\tand d2.d_date between d1.d_date and (d1.d_date + interval '30 day')\n      and ss_customer_sk = c_customer_sk\n      and ws_bill_customer_sk = c_customer_sk\n      and ws_warehouse_sk = inv_warehouse_sk\n      and ws_warehouse_sk = w_warehouse_sk\n      and inv_item_sk = ss_item_sk\n      and inv_date_sk = ss_sold_date_sk\n      and inv_quantity_on_hand >= ss_quantity\n      and s_state = w_state\n      AND i_category IN ('Home', 'Men', 'Music')\n      and i_manager_id IN (1, 2, 4, 11, 12, 14, 21, 29, 32, 52)\n      and c_current_cdemo_sk = cd_demo_sk\n      and c_current_hdemo_sk = hd_demo_sk\n      and c_current_addr_sk = ca_address_sk\n      and ca_state in ('GA', 'MD', 'MO', 'NC', 'OR')\n      and d1.d_year = 2002\n      and ws_wholesale_cost BETWEEN 34 AND 54\n    group by cd_gender, cd_marital_status, cd_education_status, hd_vehicle_count\n    order by cnt"
}