{
  "query_id": "query072_spj_spj",
  "engine": "postgresql",
  "benchmark": "dsb",
  "scale_factor": 10,
  "execution_time_ms": 6779.308,
  "planning_time_ms": 26.699,
  "plan_json": [
    {
      "Plan": {
        "Node Type": "Aggregate",
        "Strategy": "Plain",
        "Partial Mode": "Simple",
        "Parallel Aware": false,
        "Async Capable": false,
        "Startup Cost": 143093.07,
        "Total Cost": 143093.08,
        "Plan Rows": 1,
        "Plan Width": 52,
        "Actual Startup Time": 6759.569,
        "Actual Total Time": 6766.42,
        "Actual Rows": 1,
        "Actual Loops": 1,
        "Output": [
          "min(item.i_item_sk)",
          "min((warehouse.w_warehouse_name)::text)",
          "min(d1.d_week_seq)",
          "min(catalog_sales.cs_item_sk)",
          "min(catalog_sales.cs_order_number)",
          "min(inventory.inv_item_sk)"
        ],
        "Shared Hit Blocks": 108379,
        "Shared Read Blocks": 72868,
        "Shared Dirtied Blocks": 0,
        "Shared Written Blocks": 0,
        "Local Hit Blocks": 0,
        "Local Read Blocks": 0,
        "Local Dirtied Blocks": 0,
        "Local Written Blocks": 0,
        "Temp Read Blocks": 0,
        "Temp Written Blocks": 0,
        "Plans": [
          {
            "Node Type": "Nested Loop",
            "Parent Relationship": "Outer",
            "Parallel Aware": false,
            "Async Capable": false,
            "Join Type": "Inner",
            "Startup Cost": 141008.89,
            "Total Cost": 143093.05,
            "Plan Rows": 1,
            "Plan Width": 37,
            "Actual Startup Time": 6759.54,
            "Actual Total Time": 6766.39,
            "Actual Rows": 0,
            "Actual Loops": 1,
            "Output": [
              "item.i_item_sk",
              "warehouse.w_warehouse_name",
              "d1.d_week_seq",
              "catalog_sales.cs_item_sk",
              "catalog_sales.cs_order_number",
              "inventory.inv_item_sk"
            ],
            "Inner Unique": true,
            "Join Filter": "(d3.d_date > (d1.d_date + '3 days'::interval))",
            "Rows Removed by Join Filter": 0,
            "Shared Hit Blocks": 108379,
            "Shared Read Blocks": 72868,
            "Shared Dirtied Blocks": 0,
            "Shared Written Blocks": 0,
            "Local Hit Blocks": 0,
            "Local Read Blocks": 0,
            "Local Dirtied Blocks": 0,
            "Local Written Blocks": 0,
            "Temp Read Blocks": 0,
            "Temp Written Blocks": 0,
            "Plans": [
              {
                "Node Type": "Nested Loop",
                "Parent Relationship": "Outer",
                "Parallel Aware": false,
                "Async Capable": false,
                "Join Type": "Inner",
                "Startup Cost": 141008.6,
                "Total Cost": 143088.48,
                "Plan Rows": 1,
                "Plan Width": 45,
                "Actual Startup Time": 6759.539,
                "Actual Total Time": 6766.389,
                "Actual Rows": 0,
                "Actual Loops": 1,
                "Output": [
                  "catalog_sales.cs_item_sk",
                  "catalog_sales.cs_order_number",
                  "catalog_sales.cs_ship_date_sk",
                  "inventory.inv_item_sk",
                  "warehouse.w_warehouse_name",
                  "item.i_item_sk",
                  "d1.d_week_seq",
                  "d1.d_date"
                ],
                "Inner Unique": true,
                "Shared Hit Blocks": 108379,
                "Shared Read Blocks": 72868,
                "Shared Dirtied Blocks": 0,
                "Shared Written Blocks": 0,
                "Local Hit Blocks": 0,
                "Local Read Blocks": 0,
                "Local Dirtied Blocks": 0,
                "Local Written Blocks": 0,
                "Temp Read Blocks": 0,
                "Temp Written Blocks": 0,
                "Plans": [
                  {
                    "Node Type": "Nested Loop",
                    "Parent Relationship": "Outer",
                    "Parallel Aware": false,
                    "Async Capable": false,
                    "Join Type": "Inner",
                    "Startup Cost": 141008.3,
                    "Total Cost": 143083.91,
                    "Plan Rows": 1,
                    "Plan Width": 41,
                    "Actual Startup Time": 6759.538,
                    "Actual Total Time": 6766.388,
                    "Actual Rows": 0,
                    "Actual Loops": 1,
                    "Output": [
                      "catalog_sales.cs_item_sk",
                      "catalog_sales.cs_order_number",
                      "catalog_sales.cs_ship_date_sk",
                      "inventory.inv_item_sk",
                      "warehouse.w_warehouse_name",
                      "d1.d_week_seq",
                      "d1.d_date"
                    ],
                    "Inner Unique": true,
                    "Join Filter": "(inventory.inv_warehouse_sk = warehouse.w_warehouse_sk)",
                    "Rows Removed by Join Filter": 0,
                    "Shared Hit Blocks": 108379,
                    "Shared Read Blocks": 72868,
                    "Shared Dirtied Blocks": 0,
                    "Shared Written Blocks": 0,
                    "Local Hit Blocks": 0,
                    "Local Read Blocks": 0,
                    "Local Dirtied Blocks": 0,
                    "Local Written Blocks": 0,
                    "Temp Read Blocks": 0,
                    "Temp Written Blocks": 0,
                    "Plans": [
                      {
                        "Node Type": "Gather",
                        "Parent Relationship": "Outer",
                        "Parallel Aware": false,
                        "Async Capable": false,
                        "Startup Cost": 141008.3,
                        "Total Cost": 143082.68,
                        "Plan Rows": 1,
                        "Plan Width": 28,
                        "Actual Startup Time": 6759.537,
                        "Actual Total Time": 6766.385,
                        "Actual Rows": 0,
                        "Actual Loops": 1,
                        "Output": [
                          "catalog_sales.cs_item_sk",
                          "catalog_sales.cs_order_number",
                          "catalog_sales.cs_ship_date_sk",
                          "inventory.inv_item_sk",
                          "inventory.inv_warehouse_sk",
                          "d1.d_week_seq",
                          "d1.d_date"
                        ],
                        "Workers Planned": 1,
                        "Workers Launched": 1,
                        "Single Copy": false,
                        "Shared Hit Blocks": 108379,
                        "Shared Read Blocks": 72868,
                        "Shared Dirtied Blocks": 0,
                        "Shared Written Blocks": 0,
                        "Local Hit Blocks": 0,
                        "Local Read Blocks": 0,
                        "Local Dirtied Blocks": 0,
                        "Local Written Blocks": 0,
                        "Temp Read Blocks": 0,
                        "Temp Written Blocks": 0,
                        "Plans": [
                          {
                            "Node Type": "Nested Loop",
                            "Parent Relationship": "Outer",
                            "Parallel Aware": false,
                            "Async Capable": false,
                            "Join Type": "Inner",
                            "Startup Cost": 140008.3,
                            "Total Cost": 142082.58,
                            "Plan Rows": 1,
                            "Plan Width": 28,
                            "Actual Startup Time": 6722.314,
                            "Actual Total Time": 6722.32,
                            "Actual Rows": 0,
                            "Actual Loops": 2,
                            "Output": [
                              "catalog_sales.cs_item_sk",
                              "catalog_sales.cs_order_number",
                              "catalog_sales.cs_ship_date_sk",
                              "inventory.inv_item_sk",
                              "inventory.inv_warehouse_sk",
                              "d1.d_week_seq",
                              "d1.d_date"
                            ],
                            "Inner Unique": false,
                            "Shared Hit Blocks": 108379,
                            "Shared Read Blocks": 72868,
                            "Shared Dirtied Blocks": 0,
                            "Shared Written Blocks": 0,
                            "Local Hit Blocks": 0,
                            "Local Read Blocks": 0,
                            "Local Dirtied Blocks": 0,
                            "Local Written Blocks": 0,
                            "Temp Read Blocks": 0,
                            "Temp Written Blocks": 0,
                            "Workers": [
                              {
                                "Worker Number": 0,
                                "Actual Startup Time": 6685.799,
                                "Actual Total Time": 6685.803,
                                "Actual Rows": 0,
                                "Actual Loops": 1,
                                "JIT": {
                                  "Functions": 42,
                                  "Options": {
                                    "Inlining": false,
                                    "Optimization": false,
                                    "Expressions": true,
                                    "Deforming": true
                                  },
                                  "Timing": {
                                    "Generation": 4.684,
                                    "Inlining": 0.0,
                                    "Optimization": 0.875,
                                    "Emission": 27.415,
                                    "Total": 32.973
                                  }
                                },
                                "Shared Hit Blocks": 81866,
                                "Shared Read Blocks": 53950,
                                "Shared Dirtied Blocks": 0,
                                "Shared Written Blocks": 0,
                                "Local Hit Blocks": 0,
                                "Local Read Blocks": 0,
                                "Local Dirtied Blocks": 0,
                                "Local Written Blocks": 0,
                                "Temp Read Blocks": 0,
                                "Temp Written Blocks": 0
                              }
                            ],
                            "Plans": [
                              {
                                "Node Type": "Hash Join",
                                "Parent Relationship": "Outer",
                                "Parallel Aware": true,
                                "Async Capable": false,
                                "Join Type": "Inner",
                                "Startup Cost": 140007.74,
                                "Total Cost": 142022.61,
                                "Plan Rows": 4,
                                "Plan Width": 28,
                                "Actual Startup Time": 6722.313,
                                "Actual Total Time": 6722.319,
                                "Actual Rows": 0,
                                "Actual Loops": 2,
                                "Output": [
                                  "catalog_sales.cs_item_sk",
                                  "catalog_sales.cs_order_number",
                                  "catalog_sales.cs_ship_date_sk",
                                  "catalog_sales.cs_quantity",
                                  "d1.d_week_seq",
                                  "d1.d_date",
                                  "d2.d_date_sk"
                                ],
                                "Inner Unique": false,
                                "Hash Cond": "(d2.d_week_seq = d1.d_week_seq)",
                                "Shared Hit Blocks": 108379,
                                "Shared Read Blocks": 72868,
                                "Shared Dirtied Blocks": 0,
                                "Shared Written Blocks": 0,
                                "Local Hit Blocks": 0,
                                "Local Read Blocks": 0,
                                "Local Dirtied Blocks": 0,
                                "Local Written Blocks": 0,
                                "Temp Read Blocks": 0,
                                "Temp Written Blocks": 0,
                                "Workers": [
                                  {
                                    "Worker Number": 0,
                                    "Actual Startup Time": 6685.798,
                                    "Actual Total Time": 6685.801,
                                    "Actual Rows": 0,
                                    "Actual Loops": 1,
                                    "Shared Hit Blocks": 81866,
                                    "Shared Read Blocks": 53950,
                                    "Shared Dirtied Blocks": 0,
                                    "Shared Written Blocks": 0,
                                    "Local Hit Blocks": 0,
                                    "Local Read Blocks": 0,
                                    "Local Dirtied Blocks": 0,
                                    "Local Written Blocks": 0,
                                    "Temp Read Blocks": 0,
                                    "Temp Written Blocks": 0
                                  }
                                ],
                                "Plans": [
                                  {
                                    "Node Type": "Seq Scan",
                                    "Parent Relationship": "Outer",
                                    "Parallel Aware": true,
                                    "Async Capable": false,
                                    "Relation Name": "date_dim",
                                    "Schema": "public",
                                    "Alias": "d2",
                                    "Startup Cost": 0.0,
                                    "Total Cost": 1853.7,
                                    "Plan Rows": 42970,
                                    "Plan Width": 8,
                                    "Actual Startup Time": 0.0,
                                    "Actual Total Time": 0.0,
                                    "Actual Rows": 0,
                                    "Actual Loops": 0,
                                    "Output": [
                                      "d2.d_date_sk",
                                      "d2.d_date_id",
                                      "d2.d_date",
                                      "d2.d_month_seq",
                                      "d2.d_week_seq",
                                      "d2.d_quarter_seq",
                                      "d2.d_year",
                                      "d2.d_dow",
                                      "d2.d_moy",
                                      "d2.d_dom",
                                      "d2.d_qoy",
                                      "d2.d_fy_year",
                                      "d2.d_fy_quarter_seq",
                                      "d2.d_fy_week_seq",
                                      "d2.d_day_name",
                                      "d2.d_quarter_name",
                                      "d2.d_holiday",
                                      "d2.d_weekend",
                                      "d2.d_following_holiday",
                                      "d2.d_first_dom",
                                      "d2.d_last_dom",
                                      "d2.d_same_day_ly",
                                      "d2.d_same_day_lq",
                                      "d2.d_current_day",
                                      "d2.d_current_week",
                                      "d2.d_current_month",
                                      "d2.d_current_quarter",
                                      "d2.d_current_year"
                                    ],
                                    "Shared Hit Blocks": 0,
                                    "Shared Read Blocks": 0,
                                    "Shared Dirtied Blocks": 0,
                                    "Shared Written Blocks": 0,
                                    "Local Hit Blocks": 0,
                                    "Local Read Blocks": 0,
                                    "Local Dirtied Blocks": 0,
                                    "Local Written Blocks": 0,
                                    "Temp Read Blocks": 0,
                                    "Temp Written Blocks": 0,
                                    "Workers": []
                                  },
                                  {
                                    "Node Type": "Hash",
                                    "Parent Relationship": "Inner",
                                    "Parallel Aware": true,
                                    "Async Capable": false,
                                    "Startup Cost": 140007.72,
                                    "Total Cost": 140007.72,
                                    "Plan Rows": 1,
                                    "Plan Width": 24,
                                    "Actual Startup Time": 6721.5,
                                    "Actual Total Time": 6721.503,
                                    "Actual Rows": 0,
                                    "Actual Loops": 2,
                                    "Output": [
                                      "catalog_sales.cs_item_sk",
                                      "catalog_sales.cs_order_number",
                                      "catalog_sales.cs_ship_date_sk",
                                      "catalog_sales.cs_quantity",
                                      "d1.d_week_seq",
                                      "d1.d_date"
                                    ],
                                    "Hash Buckets": 1024,
                                    "Original Hash Buckets": 1024,
                                    "Hash Batches": 1,
                                    "Original Hash Batches": 1,
                                    "Peak Memory Usage": 0,
                                    "Shared Hit Blocks": 108356,
                                    "Shared Read Blocks": 72862,
                                    "Shared Dirtied Blocks": 0,
                                    "Shared Written Blocks": 0,
                                    "Local Hit Blocks": 0,
                                    "Local Read Blocks": 0,
                                    "Local Dirtied Blocks": 0,
                                    "Local Written Blocks": 0,
                                    "Temp Read Blocks": 0,
                                    "Temp Written Blocks": 0,
                                    "Workers": [
                                      {
                                        "Worker Number": 0,
                                        "Actual Startup Time": 6684.374,
                                        "Actual Total Time": 6684.376,
                                        "Actual Rows": 0,
                                        "Actual Loops": 1,
                                        "Shared Hit Blocks": 81843,
                                        "Shared Read Blocks": 53944,
                                        "Shared Dirtied Blocks": 0,
                                        "Shared Written Blocks": 0,
                                        "Local Hit Blocks": 0,
                                        "Local Read Blocks": 0,
                                        "Local Dirtied Blocks": 0,
                                        "Local Written Blocks": 0,
                                        "Temp Read Blocks": 0,
                                        "Temp Written Blocks": 0
                                      }
                                    ],
                                    "Plans": [
                                      {
                                        "Node Type": "Nested Loop",
                                        "Parent Relationship": "Outer",
                                        "Parallel Aware": false,
                                        "Async Capable": false,
                                        "Join Type": "Inner",
                                        "Startup Cost": 159.16,
                                        "Total Cost": 140007.72,
                                        "Plan Rows": 1,
                                        "Plan Width": 24,
                                        "Actual Startup Time": 4719.781,
                                        "Actual Total Time": 4719.785,
                                        "Actual Rows": 0,
                                        "Actual Loops": 2,
                                        "Output": [
                                          "catalog_sales.cs_item_sk",
                                          "catalog_sales.cs_order_number",
                                          "catalog_sales.cs_ship_date_sk",
                                          "catalog_sales.cs_quantity",
                                          "d1.d_week_seq",
                                          "d1.d_date"
                                        ],
                                        "Inner Unique": true,
                                        "Shared Hit Blocks": 108356,
                                        "Shared Read Blocks": 72862,
                                        "Shared Dirtied Blocks": 0,
                                        "Shared Written Blocks": 0,
                                        "Local Hit Blocks": 0,
                                        "Local Read Blocks": 0,
                                        "Local Dirtied Blocks": 0,
                                        "Local Written Blocks": 0,
                                        "Temp Read Blocks": 0,
                                        "Temp Written Blocks": 0,
                                        "Workers": [
                                          {
                                            "Worker Number": 0,
                                            "Actual Startup Time": 6684.32,
                                            "Actual Total Time": 6684.322,
                                            "Actual Rows": 0,
                                            "Actual Loops": 1,
                                            "Shared Hit Blocks": 81843,
                                            "Shared Read Blocks": 53944,
                                            "Shared Dirtied Blocks": 0,
                                            "Shared Written Blocks": 0,
                                            "Local Hit Blocks": 0,
                                            "Local Read Blocks": 0,
                                            "Local Dirtied Blocks": 0,
                                            "Local Written Blocks": 0,
                                            "Temp Read Blocks": 0,
                                            "Temp Written Blocks": 0
                                          }
                                        ],
                                        "Plans": [
                                          {
                                            "Node Type": "Hash Join",
                                            "Parent Relationship": "Outer",
                                            "Parallel Aware": false,
                                            "Async Capable": false,
                                            "Join Type": "Inner",
                                            "Startup Cost": 158.73,
                                            "Total Cost": 136094.38,
                                            "Plan Rows": 825,
                                            "Plan Width": 28,
                                            "Actual Startup Time": 105.203,
                                            "Actual Total Time": 3670.746,
                                            "Actual Rows": 15384,
                                            "Actual Loops": 2,
                                            "Output": [
                                              "catalog_sales.cs_item_sk",
                                              "catalog_sales.cs_order_number",
                                              "catalog_sales.cs_bill_cdemo_sk",
                                              "catalog_sales.cs_ship_date_sk",
                                              "catalog_sales.cs_quantity",
                                              "d1.d_week_seq",
                                              "d1.d_date"
                                            ],
                                            "Inner Unique": true,
                                            "Hash Cond": "(catalog_sales.cs_bill_hdemo_sk = household_demographics.hd_demo_sk)",
                                            "Shared Hit Blocks": 1582,
                                            "Shared Read Blocks": 56635,
                                            "Shared Dirtied Blocks": 0,
                                            "Shared Written Blocks": 0,
                                            "Local Hit Blocks": 0,
                                            "Local Read Blocks": 0,
                                            "Local Dirtied Blocks": 0,
                                            "Local Written Blocks": 0,
                                            "Temp Read Blocks": 0,
                                            "Temp Written Blocks": 0,
                                            "Workers": [
                                              {
                                                "Worker Number": 0,
                                                "Actual Startup Time": 68.38,
                                                "Actual Total Time": 5140.932,
                                                "Actual Rows": 23276,
                                                "Actual Loops": 1,
                                                "Shared Hit Blocks": 1239,
                                                "Shared Read Blocks": 41495,
                                                "Shared Dirtied Blocks": 0,
                                                "Shared Written Blocks": 0,
                                                "Local Hit Blocks": 0,
                                                "Local Read Blocks": 0,
                                                "Local Dirtied Blocks": 0,
                                                "Local Written Blocks": 0,
                                                "Temp Read Blocks": 0,
                                                "Temp Written Blocks": 0
                                              }
                                            ],
                                            "Plans": [
                                              {
                                                "Node Type": "Nested Loop",
                                                "Parent Relationship": "Outer",
                                                "Parallel Aware": false,
                                                "Async Capable": false,
                                                "Join Type": "Inner",
                                                "Startup Cost": 0.73,
                                                "Total Cost": 135923.31,
                                                "Plan Rows": 4974,
                                                "Plan Width": 32,
                                                "Actual Startup Time": 98.441,
                                                "Actual Total Time": 3620.102,
                                                "Actual Rows": 163368,
                                                "Actual Loops": 2,
                                                "Output": [
                                                  "catalog_sales.cs_item_sk",
                                                  "catalog_sales.cs_order_number",
                                                  "catalog_sales.cs_bill_cdemo_sk",
                                                  "catalog_sales.cs_bill_hdemo_sk",
                                                  "catalog_sales.cs_ship_date_sk",
                                                  "catalog_sales.cs_quantity",
                                                  "d1.d_week_seq",
                                                  "d1.d_date"
                                                ],
                                                "Inner Unique": false,
                                                "Shared Hit Blocks": 1529,
                                                "Shared Read Blocks": 56582,
                                                "Shared Dirtied Blocks": 0,
                                                "Shared Written Blocks": 0,
                                                "Local Hit Blocks": 0,
                                                "Local Read Blocks": 0,
                                                "Local Dirtied Blocks": 0,
                                                "Local Written Blocks": 0,
                                                "Temp Read Blocks": 0,
                                                "Temp Written Blocks": 0,
                                                "Workers": [
                                                  {
                                                    "Worker Number": 0,
                                                    "Actual Startup Time": 61.806,
                                                    "Actual Total Time": 5069.77,
                                                    "Actual Rows": 245309,
                                                    "Actual Loops": 1,
                                                    "Shared Hit Blocks": 1193,
                                                    "Shared Read Blocks": 41488,
                                                    "Shared Dirtied Blocks": 0,
                                                    "Shared Written Blocks": 0,
                                                    "Local Hit Blocks": 0,
                                                    "Local Read Blocks": 0,
                                                    "Local Dirtied Blocks": 0,
                                                    "Local Written Blocks": 0,
                                                    "Temp Read Blocks": 0,
                                                    "Temp Written Blocks": 0
                                                  }
                                                ],
                                                "Plans": [
                                                  {
                                                    "Node Type": "Index Scan",
                                                    "Parent Relationship": "Outer",
                                                    "Parallel Aware": true,
                                                    "Async Capable": false,
                                                    "Scan Direction": "Forward",
                                                    "Index Name": "date_dim_pkey",
                                                    "Relation Name": "date_dim",
                                                    "Schema": "public",
                                                    "Alias": "d1",
                                                    "Startup Cost": 0.29,
                                                    "Total Cost": 2981.0,
                                                    "Plan Rows": 152,
                                                    "Plan Width": 12,
                                                    "Actual Startup Time": 97.8,
                                                    "Actual Total Time": 145.426,
                                                    "Actual Rows": 182,
                                                    "Actual Loops": 2,
                                                    "Output": [
                                                      "d1.d_date_sk",
                                                      "d1.d_date_id",
                                                      "d1.d_date",
                                                      "d1.d_month_seq",
                                                      "d1.d_week_seq",
                                                      "d1.d_quarter_seq",
                                                      "d1.d_year",
                                                      "d1.d_dow",
                                                      "d1.d_moy",
                                                      "d1.d_dom",
                                                      "d1.d_qoy",
                                                      "d1.d_fy_year",
                                                      "d1.d_fy_quarter_seq",
                                                      "d1.d_fy_week_seq",
                                                      "d1.d_day_name",
                                                      "d1.d_quarter_name",
                                                      "d1.d_holiday",
                                                      "d1.d_weekend",
                                                      "d1.d_following_holiday",
                                                      "d1.d_first_dom",
                                                      "d1.d_last_dom",
                                                      "d1.d_same_day_ly",
                                                      "d1.d_same_day_lq",
                                                      "d1.d_current_day",
                                                      "d1.d_current_week",
                                                      "d1.d_current_month",
                                                      "d1.d_current_quarter",
                                                      "d1.d_current_year"
                                                    ],
                                                    "Filter": "(d1.d_year = 1998)",
                                                    "Rows Removed by Filter": 36342,
                                                    "Shared Hit Blocks": 50,
                                                    "Shared Read Blocks": 1603,
                                                    "Shared Dirtied Blocks": 0,
                                                    "Shared Written Blocks": 0,
                                                    "Local Hit Blocks": 0,
                                                    "Local Read Blocks": 0,
                                                    "Local Dirtied Blocks": 0,
                                                    "Local Written Blocks": 0,
                                                    "Temp Read Blocks": 0,
                                                    "Temp Written Blocks": 0,
                                                    "Workers": [
                                                      {
                                                        "Worker Number": 0,
                                                        "Actual Startup Time": 60.65,
                                                        "Actual Total Time": 61.848,
                                                        "Actual Rows": 290,
                                                        "Actual Loops": 1,
                                                        "Shared Hit Blocks": 25,
                                                        "Shared Read Blocks": 200,
                                                        "Shared Dirtied Blocks": 0,
                                                        "Shared Written Blocks": 0,
                                                        "Local Hit Blocks": 0,
                                                        "Local Read Blocks": 0,
                                                        "Local Dirtied Blocks": 0,
                                                        "Local Written Blocks": 0,
                                                        "Temp Read Blocks": 0,
                                                        "Temp Written Blocks": 0
                                                      }
                                                    ]
                                                  },
                                                  {
                                                    "Node Type": "Index Scan",
                                                    "Parent Relationship": "Inner",
                                                    "Parallel Aware": false,
                                                    "Async Capable": false,
                                                    "Scan Direction": "Forward",
                                                    "Index Name": "_dta_index_catalog_sales_6_1301579675__k1_4",
                                                    "Relation Name": "catalog_sales",
                                                    "Schema": "public",
                                                    "Alias": "catalog_sales",
                                                    "Startup Cost": 0.43,
                                                    "Total Cost": 863.34,
                                                    "Plan Rows": 1128,
                                                    "Plan Width": 32,
                                                    "Actual Startup Time": 0.046,
                                                    "Actual Total Time": 18.889,
                                                    "Actual Rows": 895,
                                                    "Actual Loops": 365,
                                                    "Output": [
                                                      "catalog_sales.cs_sold_date_sk",
                                                      "catalog_sales.cs_sold_time_sk",
                                                      "catalog_sales.cs_ship_date_sk",
                                                      "catalog_sales.cs_bill_customer_sk",
                                                      "catalog_sales.cs_bill_cdemo_sk",
                                                      "catalog_sales.cs_bill_hdemo_sk",
                                                      "catalog_sales.cs_bill_addr_sk",
                                                      "catalog_sales.cs_ship_customer_sk",
                                                      "catalog_sales.cs_ship_cdemo_sk",
                                                      "catalog_sales.cs_ship_hdemo_sk",
                                                      "catalog_sales.cs_ship_addr_sk",
                                                      "catalog_sales.cs_call_center_sk",
                                                      "catalog_sales.cs_catalog_page_sk",
                                                      "catalog_sales.cs_ship_mode_sk",
                                                      "catalog_sales.cs_warehouse_sk",
                                                      "catalog_sales.cs_item_sk",
                                                      "catalog_sales.cs_promo_sk",
                                                      "catalog_sales.cs_order_number",
                                                      "catalog_sales.cs_quantity",
                                                      "catalog_sales.cs_wholesale_cost",
                                                      "catalog_sales.cs_list_price",
                                                      "catalog_sales.cs_sales_price",
                                                      "catalog_sales.cs_ext_discount_amt",
                                                      "catalog_sales.cs_ext_sales_price",
                                                      "catalog_sales.cs_ext_wholesale_cost",
                                                      "catalog_sales.cs_ext_list_price",
                                                      "catalog_sales.cs_ext_tax",
                                                      "catalog_sales.cs_coupon_amt",
                                                      "catalog_sales.cs_ext_ship_cost",
                                                      "catalog_sales.cs_net_paid",
                                                      "catalog_sales.cs_net_paid_inc_tax",
                                                      "catalog_sales.cs_net_paid_inc_ship",
                                                      "catalog_sales.cs_net_paid_inc_ship_tax",
                                                      "catalog_sales.cs_net_profit"
                                                    ],
                                                    "Index Cond": "(catalog_sales.cs_sold_date_sk = d1.d_date_sk)",
                                                    "Rows Removed by Index Recheck": 0,
                                                    "Filter": "((catalog_sales.cs_wholesale_cost >= '34'::numeric) AND (catalog_sales.cs_wholesale_cost <= '54'::numeric))",
                                                    "Rows Removed by Filter": 4383,
                                                    "Shared Hit Blocks": 1479,
                                                    "Shared Read Blocks": 54979,
                                                    "Shared Dirtied Blocks": 0,
                                                    "Shared Written Blocks": 0,
                                                    "Local Hit Blocks": 0,
                                                    "Local Read Blocks": 0,
                                                    "Local Dirtied Blocks": 0,
                                                    "Local Written Blocks": 0,
                                                    "Temp Read Blocks": 0,
                                                    "Temp Written Blocks": 0,
                                                    "Workers": [
                                                      {
                                                        "Worker Number": 0,
                                                        "Actual Startup Time": 0.043,
                                                        "Actual Total Time": 17.129,
                                                        "Actual Rows": 846,
                                                        "Actual Loops": 290,
                                                        "Shared Hit Blocks": 1168,
                                                        "Shared Read Blocks": 41288,
                                                        "Shared Dirtied Blocks": 0,
                                                        "Shared Written Blocks": 0,
                                                        "Local Hit Blocks": 0,
                                                        "Local Read Blocks": 0,
                                                        "Local Dirtied Blocks": 0,
                                                        "Local Written Blocks": 0,
                                                        "Temp Read Blocks": 0,
                                                        "Temp Written Blocks": 0
                                                      }
                                                    ]
                                                  }
                                                ]
                                              },
                                              {
                                                "Node Type": "Hash",
                                                "Parent Relationship": "Inner",
                                                "Parallel Aware": false,
                                                "Async Capable": false,
                                                "Startup Cost": 143.0,
                                                "Total Cost": 143.0,
                                                "Plan Rows": 1200,
                                                "Plan Width": 4,
                                                "Actual Startup Time": 6.408,
                                                "Actual Total Time": 6.408,
                                                "Actual Rows": 1200,
                                                "Actual Loops": 2,
                                                "Output": [
                                                  "household_demographics.hd_demo_sk"
                                                ],
                                                "Hash Buckets": 2048,
                                                "Original Hash Buckets": 2048,
                                                "Hash Batches": 1,
                                                "Original Hash Batches": 1,
                                                "Peak Memory Usage": 59,
                                                "Shared Hit Blocks": 53,
                                                "Shared Read Blocks": 53,
                                                "Shared Dirtied Blocks": 0,
                                                "Shared Written Blocks": 0,
                                                "Local Hit Blocks": 0,
                                                "Local Read Blocks": 0,
                                                "Local Dirtied Blocks": 0,
                                                "Local Written Blocks": 0,
                                                "Temp Read Blocks": 0,
                                                "Temp Written Blocks": 0,
                                                "Workers": [
                                                  {
                                                    "Worker Number": 0,
                                                    "Actual Startup Time": 5.92,
                                                    "Actual Total Time": 5.92,
                                                    "Actual Rows": 1200,
                                                    "Actual Loops": 1,
                                                    "Shared Hit Blocks": 46,
                                                    "Shared Read Blocks": 7,
                                                    "Shared Dirtied Blocks": 0,
                                                    "Shared Written Blocks": 0,
                                                    "Local Hit Blocks": 0,
                                                    "Local Read Blocks": 0,
                                                    "Local Dirtied Blocks": 0,
                                                    "Local Written Blocks": 0,
                                                    "Temp Read Blocks": 0,
                                                    "Temp Written Blocks": 0
                                                  }
                                                ],
                                                "Plans": [
                                                  {
                                                    "Node Type": "Seq Scan",
                                                    "Parent Relationship": "Outer",
                                                    "Parallel Aware": false,
                                                    "Async Capable": false,
                                                    "Relation Name": "household_demographics",
                                                    "Schema": "public",
                                                    "Alias": "household_demographics",
                                                    "Startup Cost": 0.0,
                                                    "Total Cost": 143.0,
                                                    "Plan Rows": 1200,
                                                    "Plan Width": 4,
                                                    "Actual Startup Time": 0.209,
                                                    "Actual Total Time": 6.245,
                                                    "Actual Rows": 1200,
                                                    "Actual Loops": 2,
                                                    "Output": [
                                                      "household_demographics.hd_demo_sk"
                                                    ],
                                                    "Filter": "(household_demographics.hd_buy_potential = '501-1000'::bpchar)",
                                                    "Rows Removed by Filter": 6000,
                                                    "Shared Hit Blocks": 53,
                                                    "Shared Read Blocks": 53,
                                                    "Shared Dirtied Blocks": 0,
                                                    "Shared Written Blocks": 0,
                                                    "Local Hit Blocks": 0,
                                                    "Local Read Blocks": 0,
                                                    "Local Dirtied Blocks": 0,
                                                    "Local Written Blocks": 0,
                                                    "Temp Read Blocks": 0,
                                                    "Temp Written Blocks": 0,
                                                    "Workers": [
                                                      {
                                                        "Worker Number": 0,
                                                        "Actual Startup Time": 0.285,
                                                        "Actual Total Time": 5.761,
                                                        "Actual Rows": 1200,
                                                        "Actual Loops": 1,
                                                        "Shared Hit Blocks": 46,
                                                        "Shared Read Blocks": 7,
                                                        "Shared Dirtied Blocks": 0,
                                                        "Shared Written Blocks": 0,
                                                        "Local Hit Blocks": 0,
                                                        "Local Read Blocks": 0,
                                                        "Local Dirtied Blocks": 0,
                                                        "Local Written Blocks": 0,
                                                        "Temp Read Blocks": 0,
                                                        "Temp Written Blocks": 0
                                                      }
                                                    ]
                                                  }
                                                ]
                                              }
                                            ]
                                          },
                                          {
                                            "Node Type": "Index Scan",
                                            "Parent Relationship": "Inner",
                                            "Parallel Aware": false,
                                            "Async Capable": false,
                                            "Scan Direction": "Forward",
                                            "Index Name": "customer_demographics_pkey",
                                            "Relation Name": "customer_demographics",
                                            "Schema": "public",
                                            "Alias": "customer_demographics",
                                            "Startup Cost": 0.43,
                                            "Total Cost": 4.74,
                                            "Plan Rows": 1,
                                            "Plan Width": 4,
                                            "Actual Startup Time": 0.067,
                                            "Actual Total Time": 0.067,
                                            "Actual Rows": 0,
                                            "Actual Loops": 30768,
                                            "Output": [
                                              "customer_demographics.cd_demo_sk",
                                              "customer_demographics.cd_gender",
                                              "customer_demographics.cd_marital_status",
                                              "customer_demographics.cd_education_status",
                                              "customer_demographics.cd_purchase_estimate",
                                              "customer_demographics.cd_credit_rating",
                                              "customer_demographics.cd_dep_count",
                                              "customer_demographics.cd_dep_employed_count",
                                              "customer_demographics.cd_dep_college_count"
                                            ],
                                            "Index Cond": "(customer_demographics.cd_demo_sk = catalog_sales.cs_bill_cdemo_sk)",
                                            "Rows Removed by Index Recheck": 0,
                                            "Filter": "((customer_demographics.cd_dep_count >= 9) AND (customer_demographics.cd_dep_count <= 11) AND (customer_demographics.cd_marital_status = 'M'::bpchar))",
                                            "Rows Removed by Filter": 1,
                                            "Shared Hit Blocks": 106774,
                                            "Shared Read Blocks": 16227,
                                            "Shared Dirtied Blocks": 0,
                                            "Shared Written Blocks": 0,
                                            "Local Hit Blocks": 0,
                                            "Local Read Blocks": 0,
                                            "Local Dirtied Blocks": 0,
                                            "Local Written Blocks": 0,
                                            "Temp Read Blocks": 0,
                                            "Temp Written Blocks": 0,
                                            "Workers": [
                                              {
                                                "Worker Number": 0,
                                                "Actual Startup Time": 0.065,
                                                "Actual Total Time": 0.065,
                                                "Actual Rows": 0,
                                                "Actual Loops": 23276,
                                                "Shared Hit Blocks": 80604,
                                                "Shared Read Blocks": 12449,
                                                "Shared Dirtied Blocks": 0,
                                                "Shared Written Blocks": 0,
                                                "Local Hit Blocks": 0,
                                                "Local Read Blocks": 0,
                                                "Local Dirtied Blocks": 0,
                                                "Local Written Blocks": 0,
                                                "Temp Read Blocks": 0,
                                                "Temp Written Blocks": 0
                                              }
                                            ]
                                          }
                                        ]
                                      }
                                    ]
                                  }
                                ]
                              },
                              {
                                "Node Type": "Index Scan",
                                "Parent Relationship": "Inner",
                                "Parallel Aware": false,
                                "Async Capable": false,
                                "Scan Direction": "Forward",
                                "Index Name": "inventory_pkey",
                                "Relation Name": "inventory",
                                "Schema": "public",
                                "Alias": "inventory",
                                "Startup Cost": 0.57,
                                "Total Cost": 14.97,
                                "Plan Rows": 2,
                                "Plan Width": 16,
                                "Actual Startup Time": 0.0,
                                "Actual Total Time": 0.0,
                                "Actual Rows": 0,
                                "Actual Loops": 0,
                                "Output": [
                                  "inventory.inv_date_sk",
                                  "inventory.inv_item_sk",
                                  "inventory.inv_warehouse_sk",
                                  "inventory.inv_quantity_on_hand"
                                ],
                                "Index Cond": "((inventory.inv_date_sk = d2.d_date_sk) AND (inventory.inv_item_sk = catalog_sales.cs_item_sk))",
                                "Rows Removed by Index Recheck": 0,
                                "Filter": "(inventory.inv_quantity_on_hand < catalog_sales.cs_quantity)",
                                "Rows Removed by Filter": 0,
                                "Shared Hit Blocks": 0,
                                "Shared Read Blocks": 0,
                                "Shared Dirtied Blocks": 0,
                                "Shared Written Blocks": 0,
                                "Local Hit Blocks": 0,
                                "Local Read Blocks": 0,
                                "Local Dirtied Blocks": 0,
                                "Local Written Blocks": 0,
                                "Temp Read Blocks": 0,
                                "Temp Written Blocks": 0,
                                "Workers": []
                              }
                            ]
                          }
                        ]
                      },
                      {
                        "Node Type": "Seq Scan",
                        "Parent Relationship": "Inner",
                        "Parallel Aware": false,
                        "Async Capable": false,
                        "Relation Name": "warehouse",
                        "Schema": "public",
                        "Alias": "warehouse",
                        "Startup Cost": 0.0,
                        "Total Cost": 1.1,
                        "Plan Rows": 10,
                        "Plan Width": 21,
                        "Actual Startup Time": 0.0,
                        "Actual Total Time": 0.0,
                        "Actual Rows": 0,
                        "Actual Loops": 0,
                        "Output": [
                          "warehouse.w_warehouse_sk",
                          "warehouse.w_warehouse_id",
                          "warehouse.w_warehouse_name",
                          "warehouse.w_warehouse_sq_ft",
                          "warehouse.w_street_number",
                          "warehouse.w_street_name",
                          "warehouse.w_street_type",
                          "warehouse.w_suite_number",
                          "warehouse.w_city",
                          "warehouse.w_county",
                          "warehouse.w_state",
                          "warehouse.w_zip",
                          "warehouse.w_country",
                          "warehouse.w_gmt_offset"
                        ],
                        "Shared Hit Blocks": 0,
                        "Shared Read Blocks": 0,
                        "Shared Dirtied Blocks": 0,
                        "Shared Written Blocks": 0,
                        "Local Hit Blocks": 0,
                        "Local Read Blocks": 0,
                        "Local Dirtied Blocks": 0,
                        "Local Written Blocks": 0,
                        "Temp Read Blocks": 0,
                        "Temp Written Blocks": 0
                      }
                    ]
                  },
                  {
                    "Node Type": "Index Scan",
                    "Parent Relationship": "Inner",
                    "Parallel Aware": false,
                    "Async Capable": false,
                    "Scan Direction": "Forward",
                    "Index Name": "item_pkey",
                    "Relation Name": "item",
                    "Schema": "public",
                    "Alias": "item",
                    "Startup Cost": 0.29,
                    "Total Cost": 4.57,
                    "Plan Rows": 1,
                    "Plan Width": 4,
                    "Actual Startup Time": 0.0,
                    "Actual Total Time": 0.0,
                    "Actual Rows": 0,
                    "Actual Loops": 0,
                    "Output": [
                      "item.i_item_sk",
                      "item.i_item_id",
                      "item.i_rec_start_date",
                      "item.i_rec_end_date",
                      "item.i_item_desc",
                      "item.i_current_price",
                      "item.i_wholesale_cost",
                      "item.i_brand_id",
                      "item.i_brand",
                      "item.i_class_id",
                      "item.i_class",
                      "item.i_category_id",
                      "item.i_category",
                      "item.i_manufact_id",
                      "item.i_manufact",
                      "item.i_size",
                      "item.i_formulation",
                      "item.i_color",
                      "item.i_units",
                      "item.i_container",
                      "item.i_manager_id",
                      "item.i_product_name"
                    ],
                    "Index Cond": "(item.i_item_sk = catalog_sales.cs_item_sk)",
                    "Rows Removed by Index Recheck": 0,
                    "Filter": "(item.i_category = ANY ('{Home,Men,Music}'::bpchar[]))",
                    "Rows Removed by Filter": 0,
                    "Shared Hit Blocks": 0,
                    "Shared Read Blocks": 0,
                    "Shared Dirtied Blocks": 0,
                    "Shared Written Blocks": 0,
                    "Local Hit Blocks": 0,
                    "Local Read Blocks": 0,
                    "Local Dirtied Blocks": 0,
                    "Local Written Blocks": 0,
                    "Temp Read Blocks": 0,
                    "Temp Written Blocks": 0
                  }
                ]
              },
              {
                "Node Type": "Index Scan",
                "Parent Relationship": "Inner",
                "Parallel Aware": false,
                "Async Capable": false,
                "Scan Direction": "Forward",
                "Index Name": "date_dim_pkey",
                "Relation Name": "date_dim",
                "Schema": "public",
                "Alias": "d3",
                "Startup Cost": 0.29,
                "Total Cost": 4.56,
                "Plan Rows": 1,
                "Plan Width": 8,
                "Actual Startup Time": 0.0,
                "Actual Total Time": 0.0,
                "Actual Rows": 0,
                "Actual Loops": 0,
                "Output": [
                  "d3.d_date_sk",
                  "d3.d_date_id",
                  "d3.d_date",
                  "d3.d_month_seq",
                  "d3.d_week_seq",
                  "d3.d_quarter_seq",
                  "d3.d_year",
                  "d3.d_dow",
                  "d3.d_moy",
                  "d3.d_dom",
                  "d3.d_qoy",
                  "d3.d_fy_year",
                  "d3.d_fy_quarter_seq",
                  "d3.d_fy_week_seq",
                  "d3.d_day_name",
                  "d3.d_quarter_name",
                  "d3.d_holiday",
                  "d3.d_weekend",
                  "d3.d_following_holiday",
                  "d3.d_first_dom",
                  "d3.d_last_dom",
                  "d3.d_same_day_ly",
                  "d3.d_same_day_lq",
                  "d3.d_current_day",
                  "d3.d_current_week",
                  "d3.d_current_month",
                  "d3.d_current_quarter",
                  "d3.d_current_year"
                ],
                "Index Cond": "(d3.d_date_sk = catalog_sales.cs_ship_date_sk)",
                "Rows Removed by Index Recheck": 0,
                "Shared Hit Blocks": 0,
                "Shared Read Blocks": 0,
                "Shared Dirtied Blocks": 0,
                "Shared Written Blocks": 0,
                "Local Hit Blocks": 0,
                "Local Read Blocks": 0,
                "Local Dirtied Blocks": 0,
                "Local Written Blocks": 0,
                "Temp Read Blocks": 0,
                "Temp Written Blocks": 0
              }
            ]
          }
        ]
      },
      "Planning": {
        "Shared Hit Blocks": 39,
        "Shared Read Blocks": 49,
        "Shared Dirtied Blocks": 0,
        "Shared Written Blocks": 0,
        "Local Hit Blocks": 0,
        "Local Read Blocks": 0,
        "Local Dirtied Blocks": 0,
        "Local Written Blocks": 0,
        "Temp Read Blocks": 0,
        "Temp Written Blocks": 0
      },
      "Planning Time": 26.699,
      "Triggers": [],
      "JIT": {
        "Functions": 103,
        "Options": {
          "Inlining": false,
          "Optimization": false,
          "Expressions": true,
          "Deforming": true
        },
        "Timing": {
          "Generation": 17.305,
          "Inlining": 0.0,
          "Optimization": 4.711,
          "Emission": 64.306,
          "Total": 86.322
        }
      },
      "Execution Time": 6779.308
    }
  ],
  "original_sql": "select min(i_item_sk)\n      ,min(w_warehouse_name)\n      ,min(d1.d_week_seq)\n      ,min(cs_item_sk)\n      ,min(cs_order_number)\n      ,min(inv_item_sk)\nfrom catalog_sales\njoin inventory on (cs_item_sk = inv_item_sk)\njoin warehouse on (w_warehouse_sk=inv_warehouse_sk)\njoin item on (i_item_sk = cs_item_sk)\njoin customer_demographics on (cs_bill_cdemo_sk = cd_demo_sk)\njoin household_demographics on (cs_bill_hdemo_sk = hd_demo_sk)\njoin date_dim d1 on (cs_sold_date_sk = d1.d_date_sk)\njoin date_dim d2 on (inv_date_sk = d2.d_date_sk)\njoin date_dim d3 on (cs_ship_date_sk = d3.d_date_sk)\nleft outer join promotion on (cs_promo_sk=p_promo_sk)\nleft outer join catalog_returns on (cr_item_sk = cs_item_sk and cr_order_number = cs_order_number)\nwhere d1.d_week_seq = d2.d_week_seq\n  and inv_quantity_on_hand < cs_quantity\n  and d3.d_date > d1.d_date + interval '3 day'\n  and hd_buy_potential = '501-1000'\n  and d1.d_year = 1998\n  and cd_marital_status = 'M'\n  and cd_dep_count between 9 and 11\n  and i_category IN ('Home', 'Men', 'Music')\n  and cs_wholesale_cost BETWEEN 34 AND 54"
}