{
  "query_id": "query091_spj_spj",
  "engine": "postgresql",
  "benchmark": "dsb",
  "scale_factor": 10,
  "execution_time_ms": 2934.336,
  "planning_time_ms": 1.989,
  "plan_json": [
    {
      "Plan": {
        "Node Type": "Aggregate",
        "Strategy": "Plain",
        "Partial Mode": "Simple",
        "Parallel Aware": false,
        "Async Capable": false,
        "Startup Cost": 55720.81,
        "Total Cost": 55720.82,
        "Plan Rows": 1,
        "Plan Width": 136,
        "Actual Startup Time": 2926.644,
        "Actual Total Time": 2934.266,
        "Actual Rows": 1,
        "Actual Loops": 1,
        "Output": [
          "min(call_center.cc_call_center_id)",
          "min((call_center.cc_name)::text)",
          "min((call_center.cc_manager)::text)",
          "min(catalog_returns.cr_net_loss)",
          "min(catalog_returns.cr_item_sk)",
          "min(catalog_returns.cr_order_number)"
        ],
        "Shared Hit Blocks": 148557,
        "Shared Read Blocks": 50830,
        "Shared Dirtied Blocks": 0,
        "Shared Written Blocks": 0,
        "Local Hit Blocks": 0,
        "Local Read Blocks": 0,
        "Local Dirtied Blocks": 0,
        "Local Written Blocks": 0,
        "Temp Read Blocks": 0,
        "Temp Written Blocks": 0,
        "Plans": [
          {
            "Node Type": "Gather",
            "Parent Relationship": "Outer",
            "Parallel Aware": false,
            "Async Capable": false,
            "Startup Cost": 1013.55,
            "Total Cost": 55720.8,
            "Plan Rows": 1,
            "Plan Width": 58,
            "Actual Startup Time": 2926.638,
            "Actual Total Time": 2934.259,
            "Actual Rows": 0,
            "Actual Loops": 1,
            "Output": [
              "call_center.cc_call_center_id",
              "call_center.cc_name",
              "call_center.cc_manager",
              "catalog_returns.cr_net_loss",
              "catalog_returns.cr_item_sk",
              "catalog_returns.cr_order_number"
            ],
            "Workers Planned": 2,
            "Workers Launched": 2,
            "Single Copy": false,
            "Shared Hit Blocks": 148557,
            "Shared Read Blocks": 50830,
            "Shared Dirtied Blocks": 0,
            "Shared Written Blocks": 0,
            "Local Hit Blocks": 0,
            "Local Read Blocks": 0,
            "Local Dirtied Blocks": 0,
            "Local Written Blocks": 0,
            "Temp Read Blocks": 0,
            "Temp Written Blocks": 0,
            "Plans": [
              {
                "Node Type": "Nested Loop",
                "Parent Relationship": "Outer",
                "Parallel Aware": false,
                "Async Capable": false,
                "Join Type": "Inner",
                "Startup Cost": 13.55,
                "Total Cost": 54720.7,
                "Plan Rows": 1,
                "Plan Width": 58,
                "Actual Startup Time": 2905.387,
                "Actual Total Time": 2905.393,
                "Actual Rows": 0,
                "Actual Loops": 3,
                "Output": [
                  "call_center.cc_call_center_id",
                  "call_center.cc_name",
                  "call_center.cc_manager",
                  "catalog_returns.cr_net_loss",
                  "catalog_returns.cr_item_sk",
                  "catalog_returns.cr_order_number"
                ],
                "Inner Unique": true,
                "Shared Hit Blocks": 148557,
                "Shared Read Blocks": 50830,
                "Shared Dirtied Blocks": 0,
                "Shared Written Blocks": 0,
                "Local Hit Blocks": 0,
                "Local Read Blocks": 0,
                "Local Dirtied Blocks": 0,
                "Local Written Blocks": 0,
                "Temp Read Blocks": 0,
                "Temp Written Blocks": 0,
                "Workers": [
                  {
                    "Worker Number": 0,
                    "Actual Startup Time": 2894.965,
                    "Actual Total Time": 2894.969,
                    "Actual Rows": 0,
                    "Actual Loops": 1,
                    "Shared Hit Blocks": 49124,
                    "Shared Read Blocks": 16846,
                    "Shared Dirtied Blocks": 0,
                    "Shared Written Blocks": 0,
                    "Local Hit Blocks": 0,
                    "Local Read Blocks": 0,
                    "Local Dirtied Blocks": 0,
                    "Local Written Blocks": 0,
                    "Temp Read Blocks": 0,
                    "Temp Written Blocks": 0
                  },
                  {
                    "Worker Number": 1,
                    "Actual Startup Time": 2894.879,
                    "Actual Total Time": 2894.884,
                    "Actual Rows": 0,
                    "Actual Loops": 1,
                    "Shared Hit Blocks": 49770,
                    "Shared Read Blocks": 16805,
                    "Shared Dirtied Blocks": 0,
                    "Shared Written Blocks": 0,
                    "Local Hit Blocks": 0,
                    "Local Read Blocks": 0,
                    "Local Dirtied Blocks": 0,
                    "Local Written Blocks": 0,
                    "Temp Read Blocks": 0,
                    "Temp Written Blocks": 0
                  }
                ],
                "Plans": [
                  {
                    "Node Type": "Nested Loop",
                    "Parent Relationship": "Outer",
                    "Parallel Aware": false,
                    "Async Capable": false,
                    "Join Type": "Inner",
                    "Startup Cost": 13.12,
                    "Total Cost": 54716.0,
                    "Plan Rows": 7,
                    "Plan Width": 62,
                    "Actual Startup Time": 335.796,
                    "Actual Total Time": 2851.428,
                    "Actual Rows": 108,
                    "Actual Loops": 3,
                    "Output": [
                      "call_center.cc_call_center_id",
                      "call_center.cc_name",
                      "call_center.cc_manager",
                      "catalog_returns.cr_net_loss",
                      "catalog_returns.cr_item_sk",
                      "catalog_returns.cr_order_number",
                      "customer.c_current_cdemo_sk"
                    ],
                    "Inner Unique": true,
                    "Shared Hit Blocks": 147870,
                    "Shared Read Blocks": 50243,
                    "Shared Dirtied Blocks": 0,
                    "Shared Written Blocks": 0,
                    "Local Hit Blocks": 0,
                    "Local Read Blocks": 0,
                    "Local Dirtied Blocks": 0,
                    "Local Written Blocks": 0,
                    "Temp Read Blocks": 0,
                    "Temp Written Blocks": 0,
                    "Workers": [
                      {
                        "Worker Number": 0,
                        "Actual Startup Time": 275.642,
                        "Actual Total Time": 2817.123,
                        "Actual Rows": 105,
                        "Actual Loops": 1,
                        "Shared Hit Blocks": 48901,
                        "Shared Read Blocks": 16652,
                        "Shared Dirtied Blocks": 0,
                        "Shared Written Blocks": 0,
                        "Local Hit Blocks": 0,
                        "Local Read Blocks": 0,
                        "Local Dirtied Blocks": 0,
                        "Local Written Blocks": 0,
                        "Temp Read Blocks": 0,
                        "Temp Written Blocks": 0
                      },
                      {
                        "Worker Number": 1,
                        "Actual Startup Time": 424.763,
                        "Actual Total Time": 2861.127,
                        "Actual Rows": 104,
                        "Actual Loops": 1,
                        "Shared Hit Blocks": 49550,
                        "Shared Read Blocks": 16620,
                        "Shared Dirtied Blocks": 0,
                        "Shared Written Blocks": 0,
                        "Local Hit Blocks": 0,
                        "Local Read Blocks": 0,
                        "Local Dirtied Blocks": 0,
                        "Local Written Blocks": 0,
                        "Temp Read Blocks": 0,
                        "Temp Written Blocks": 0
                      }
                    ],
                    "Plans": [
                      {
                        "Node Type": "Nested Loop",
                        "Parent Relationship": "Outer",
                        "Parallel Aware": false,
                        "Async Capable": false,
                        "Join Type": "Inner",
                        "Startup Cost": 12.7,
                        "Total Cost": 54686.17,
                        "Plan Rows": 61,
                        "Plan Width": 66,
                        "Actual Startup Time": 97.152,
                        "Actual Total Time": 2708.536,
                        "Actual Rows": 924,
                        "Actual Loops": 3,
                        "Output": [
                          "call_center.cc_call_center_id",
                          "call_center.cc_name",
                          "call_center.cc_manager",
                          "catalog_returns.cr_net_loss",
                          "catalog_returns.cr_item_sk",
                          "catalog_returns.cr_order_number",
                          "customer.c_current_cdemo_sk",
                          "customer.c_current_addr_sk"
                        ],
                        "Inner Unique": true,
                        "Shared Hit Blocks": 138478,
                        "Shared Read Blocks": 48541,
                        "Shared Dirtied Blocks": 0,
                        "Shared Written Blocks": 0,
                        "Local Hit Blocks": 0,
                        "Local Read Blocks": 0,
                        "Local Dirtied Blocks": 0,
                        "Local Written Blocks": 0,
                        "Temp Read Blocks": 0,
                        "Temp Written Blocks": 0,
                        "Workers": [
                          {
                            "Worker Number": 0,
                            "Actual Startup Time": 83.324,
                            "Actual Total Time": 2684.634,
                            "Actual Rows": 910,
                            "Actual Loops": 1,
                            "Shared Hit Blocks": 45811,
                            "Shared Read Blocks": 16101,
                            "Shared Dirtied Blocks": 0,
                            "Shared Written Blocks": 0,
                            "Local Hit Blocks": 0,
                            "Local Read Blocks": 0,
                            "Local Dirtied Blocks": 0,
                            "Local Written Blocks": 0,
                            "Temp Read Blocks": 0,
                            "Temp Written Blocks": 0
                          },
                          {
                            "Worker Number": 1,
                            "Actual Startup Time": 88.019,
                            "Actual Total Time": 2689.916,
                            "Actual Rows": 910,
                            "Actual Loops": 1,
                            "Shared Hit Blocks": 46474,
                            "Shared Read Blocks": 16055,
                            "Shared Dirtied Blocks": 0,
                            "Shared Written Blocks": 0,
                            "Local Hit Blocks": 0,
                            "Local Read Blocks": 0,
                            "Local Dirtied Blocks": 0,
                            "Local Written Blocks": 0,
                            "Temp Read Blocks": 0,
                            "Temp Written Blocks": 0
                          }
                        ],
                        "Plans": [
                          {
                            "Node Type": "Nested Loop",
                            "Parent Relationship": "Outer",
                            "Parallel Aware": false,
                            "Async Capable": false,
                            "Join Type": "Inner",
                            "Startup Cost": 12.42,
                            "Total Cost": 54571.6,
                            "Plan Rows": 378,
                            "Plan Width": 70,
                            "Actual Startup Time": 90.98,
                            "Actual Total Time": 2685.857,
                            "Actual Rows": 6959,
                            "Actual Loops": 3,
                            "Output": [
                              "call_center.cc_call_center_id",
                              "call_center.cc_name",
                              "call_center.cc_manager",
                              "catalog_returns.cr_net_loss",
                              "catalog_returns.cr_item_sk",
                              "catalog_returns.cr_order_number",
                              "customer.c_current_cdemo_sk",
                              "customer.c_current_hdemo_sk",
                              "customer.c_current_addr_sk"
                            ],
                            "Inner Unique": true,
                            "Shared Hit Blocks": 78108,
                            "Shared Read Blocks": 48540,
                            "Shared Dirtied Blocks": 0,
                            "Shared Written Blocks": 0,
                            "Local Hit Blocks": 0,
                            "Local Read Blocks": 0,
                            "Local Dirtied Blocks": 0,
                            "Local Written Blocks": 0,
                            "Temp Read Blocks": 0,
                            "Temp Written Blocks": 0,
                            "Workers": [
                              {
                                "Worker Number": 0,
                                "Actual Startup Time": 81.357,
                                "Actual Total Time": 2662.652,
                                "Actual Rows": 6905,
                                "Actual Loops": 1,
                                "Shared Hit Blocks": 25827,
                                "Shared Read Blocks": 16101,
                                "Shared Dirtied Blocks": 0,
                                "Shared Written Blocks": 0,
                                "Local Hit Blocks": 0,
                                "Local Read Blocks": 0,
                                "Local Dirtied Blocks": 0,
                                "Local Written Blocks": 0,
                                "Temp Read Blocks": 0,
                                "Temp Written Blocks": 0
                              },
                              {
                                "Worker Number": 1,
                                "Actual Startup Time": 80.77,
                                "Actual Total Time": 2667.29,
                                "Actual Rows": 7002,
                                "Actual Loops": 1,
                                "Shared Hit Blocks": 26239,
                                "Shared Read Blocks": 16054,
                                "Shared Dirtied Blocks": 0,
                                "Shared Written Blocks": 0,
                                "Local Hit Blocks": 0,
                                "Local Read Blocks": 0,
                                "Local Dirtied Blocks": 0,
                                "Local Written Blocks": 0,
                                "Temp Read Blocks": 0,
                                "Temp Written Blocks": 0
                              }
                            ],
                            "Plans": [
                              {
                                "Node Type": "Hash Join",
                                "Parent Relationship": "Outer",
                                "Parallel Aware": false,
                                "Async Capable": false,
                                "Join Type": "Inner",
                                "Startup Cost": 12.0,
                                "Total Cost": 54390.85,
                                "Plan Rows": 386,
                                "Plan Width": 62,
                                "Actual Startup Time": 90.449,
                                "Actual Total Time": 2216.125,
                                "Actual Rows": 7034,
                                "Actual Loops": 3,
                                "Output": [
                                  "call_center.cc_call_center_id",
                                  "call_center.cc_name",
                                  "call_center.cc_manager",
                                  "catalog_returns.cr_net_loss",
                                  "catalog_returns.cr_item_sk",
                                  "catalog_returns.cr_order_number",
                                  "catalog_returns.cr_returning_customer_sk"
                                ],
                                "Inner Unique": true,
                                "Hash Cond": "(catalog_returns.cr_call_center_sk = call_center.cc_call_center_sk)",
                                "Shared Hit Blocks": 106,
                                "Shared Read Blocks": 43032,
                                "Shared Dirtied Blocks": 0,
                                "Shared Written Blocks": 0,
                                "Local Hit Blocks": 0,
                                "Local Read Blocks": 0,
                                "Local Dirtied Blocks": 0,
                                "Local Written Blocks": 0,
                                "Temp Read Blocks": 0,
                                "Temp Written Blocks": 0,
                                "Workers": [
                                  {
                                    "Worker Number": 0,
                                    "Actual Startup Time": 80.861,
                                    "Actual Total Time": 2209.214,
                                    "Actual Rows": 6989,
                                    "Actual Loops": 1,
                                    "Shared Hit Blocks": 46,
                                    "Shared Read Blocks": 14261,
                                    "Shared Dirtied Blocks": 0,
                                    "Shared Written Blocks": 0,
                                    "Local Hit Blocks": 0,
                                    "Local Read Blocks": 0,
                                    "Local Dirtied Blocks": 0,
                                    "Local Written Blocks": 0,
                                    "Temp Read Blocks": 0,
                                    "Temp Written Blocks": 0
                                  },
                                  {
                                    "Worker Number": 1,
                                    "Actual Startup Time": 79.847,
                                    "Actual Total Time": 2204.46,
                                    "Actual Rows": 7073,
                                    "Actual Loops": 1,
                                    "Shared Hit Blocks": 54,
                                    "Shared Read Blocks": 14230,
                                    "Shared Dirtied Blocks": 0,
                                    "Shared Written Blocks": 0,
                                    "Local Hit Blocks": 0,
                                    "Local Read Blocks": 0,
                                    "Local Dirtied Blocks": 0,
                                    "Local Written Blocks": 0,
                                    "Temp Read Blocks": 0,
                                    "Temp Written Blocks": 0
                                  }
                                ],
                                "Plans": [
                                  {
                                    "Node Type": "Hash Join",
                                    "Parent Relationship": "Outer",
                                    "Parallel Aware": false,
                                    "Async Capable": false,
                                    "Join Type": "Inner",
                                    "Startup Cost": 9.46,
                                    "Total Cost": 54387.1,
                                    "Plan Rows": 394,
                                    "Plan Width": 22,
                                    "Actual Startup Time": 88.906,
                                    "Actual Total Time": 2211.171,
                                    "Actual Rows": 7168,
                                    "Actual Loops": 3,
                                    "Output": [
                                      "catalog_returns.cr_net_loss",
                                      "catalog_returns.cr_item_sk",
                                      "catalog_returns.cr_order_number",
                                      "catalog_returns.cr_call_center_sk",
                                      "catalog_returns.cr_returning_customer_sk"
                                    ],
                                    "Inner Unique": true,
                                    "Hash Cond": "(catalog_returns.cr_returned_date_sk = date_dim.d_date_sk)",
                                    "Shared Hit Blocks": 13,
                                    "Shared Read Blocks": 43025,
                                    "Shared Dirtied Blocks": 0,
                                    "Shared Written Blocks": 0,
                                    "Local Hit Blocks": 0,
                                    "Local Read Blocks": 0,
                                    "Local Dirtied Blocks": 0,
                                    "Local Written Blocks": 0,
                                    "Temp Read Blocks": 0,
                                    "Temp Written Blocks": 0,
                                    "Workers": [
                                      {
                                        "Worker Number": 0,
                                        "Actual Startup Time": 78.526,
                                        "Actual Total Time": 2203.621,
                                        "Actual Rows": 7116,
                                        "Actual Loops": 1,
                                        "Shared Hit Blocks": 4,
                                        "Shared Read Blocks": 14254,
                                        "Shared Dirtied Blocks": 0,
                                        "Shared Written Blocks": 0,
                                        "Local Hit Blocks": 0,
                                        "Local Read Blocks": 0,
                                        "Local Dirtied Blocks": 0,
                                        "Local Written Blocks": 0,
                                        "Temp Read Blocks": 0,
                                        "Temp Written Blocks": 0
                                      },
                                      {
                                        "Worker Number": 1,
                                        "Actual Startup Time": 77.572,
                                        "Actual Total Time": 2198.929,
                                        "Actual Rows": 7217,
                                        "Actual Loops": 1,
                                        "Shared Hit Blocks": 5,
                                        "Shared Read Blocks": 14230,
                                        "Shared Dirtied Blocks": 0,
                                        "Shared Written Blocks": 0,
                                        "Local Hit Blocks": 0,
                                        "Local Read Blocks": 0,
                                        "Local Dirtied Blocks": 0,
                                        "Local Written Blocks": 0,
                                        "Temp Read Blocks": 0,
                                        "Temp Written Blocks": 0
                                      }
                                    ],
                                    "Plans": [
                                      {
                                        "Node Type": "Seq Scan",
                                        "Parent Relationship": "Outer",
                                        "Parallel Aware": true,
                                        "Async Capable": false,
                                        "Relation Name": "catalog_returns",
                                        "Schema": "public",
                                        "Alias": "catalog_returns",
                                        "Startup Cost": 0.0,
                                        "Total Cost": 52016.88,
                                        "Plan Rows": 899288,
                                        "Plan Width": 26,
                                        "Actual Startup Time": 0.306,
                                        "Actual Total Time": 2145.933,
                                        "Actual Rows": 719420,
                                        "Actual Loops": 3,
                                        "Output": [
                                          "catalog_returns.cr_returned_date_sk",
                                          "catalog_returns.cr_returned_time_sk",
                                          "catalog_returns.cr_item_sk",
                                          "catalog_returns.cr_refunded_customer_sk",
                                          "catalog_returns.cr_refunded_cdemo_sk",
                                          "catalog_returns.cr_refunded_hdemo_sk",
                                          "catalog_returns.cr_refunded_addr_sk",
                                          "catalog_returns.cr_returning_customer_sk",
                                          "catalog_returns.cr_returning_cdemo_sk",
                                          "catalog_returns.cr_returning_hdemo_sk",
                                          "catalog_returns.cr_returning_addr_sk",
                                          "catalog_returns.cr_call_center_sk",
                                          "catalog_returns.cr_catalog_page_sk",
                                          "catalog_returns.cr_ship_mode_sk",
                                          "catalog_returns.cr_warehouse_sk",
                                          "catalog_returns.cr_reason_sk",
                                          "catalog_returns.cr_order_number",
                                          "catalog_returns.cr_return_quantity",
                                          "catalog_returns.cr_return_amount",
                                          "catalog_returns.cr_return_tax",
                                          "catalog_returns.cr_return_amt_inc_tax",
                                          "catalog_returns.cr_fee",
                                          "catalog_returns.cr_return_ship_cost",
                                          "catalog_returns.cr_refunded_cash",
                                          "catalog_returns.cr_reversed_charge",
                                          "catalog_returns.cr_store_credit",
                                          "catalog_returns.cr_net_loss"
                                        ],
                                        "Shared Hit Blocks": 0,
                                        "Shared Read Blocks": 43024,
                                        "Shared Dirtied Blocks": 0,
                                        "Shared Written Blocks": 0,
                                        "Local Hit Blocks": 0,
                                        "Local Read Blocks": 0,
                                        "Local Dirtied Blocks": 0,
                                        "Local Written Blocks": 0,
                                        "Temp Read Blocks": 0,
                                        "Temp Written Blocks": 0,
                                        "Workers": [
                                          {
                                            "Worker Number": 0,
                                            "Actual Startup Time": 0.371,
                                            "Actual Total Time": 2139.481,
                                            "Actual Rows": 715063,
                                            "Actual Loops": 1,
                                            "Shared Hit Blocks": 0,
                                            "Shared Read Blocks": 14253,
                                            "Shared Dirtied Blocks": 0,
                                            "Shared Written Blocks": 0,
                                            "Local Hit Blocks": 0,
                                            "Local Read Blocks": 0,
                                            "Local Dirtied Blocks": 0,
                                            "Local Written Blocks": 0,
                                            "Temp Read Blocks": 0,
                                            "Temp Written Blocks": 0
                                          },
                                          {
                                            "Worker Number": 1,
                                            "Actual Startup Time": 0.408,
                                            "Actual Total Time": 2134.184,
                                            "Actual Rows": 713768,
                                            "Actual Loops": 1,
                                            "Shared Hit Blocks": 0,
                                            "Shared Read Blocks": 14230,
                                            "Shared Dirtied Blocks": 0,
                                            "Shared Written Blocks": 0,
                                            "Local Hit Blocks": 0,
                                            "Local Read Blocks": 0,
                                            "Local Dirtied Blocks": 0,
                                            "Local Written Blocks": 0,
                                            "Temp Read Blocks": 0,
                                            "Temp Written Blocks": 0
                                          }
                                        ]
                                      },
                                      {
                                        "Node Type": "Hash",
                                        "Parent Relationship": "Inner",
                                        "Parallel Aware": false,
                                        "Async Capable": false,
                                        "Startup Cost": 9.06,
                                        "Total Cost": 9.06,
                                        "Plan Rows": 32,
                                        "Plan Width": 4,
                                        "Actual Startup Time": 0.425,
                                        "Actual Total Time": 0.426,
                                        "Actual Rows": 31,
                                        "Actual Loops": 3,
                                        "Output": [
                                          "date_dim.d_date_sk"
                                        ],
                                        "Hash Buckets": 1024,
                                        "Original Hash Buckets": 1024,
                                        "Hash Batches": 1,
                                        "Original Hash Batches": 1,
                                        "Peak Memory Usage": 10,
                                        "Shared Hit Blocks": 13,
                                        "Shared Read Blocks": 1,
                                        "Shared Dirtied Blocks": 0,
                                        "Shared Written Blocks": 0,
                                        "Local Hit Blocks": 0,
                                        "Local Read Blocks": 0,
                                        "Local Dirtied Blocks": 0,
                                        "Local Written Blocks": 0,
                                        "Temp Read Blocks": 0,
                                        "Temp Written Blocks": 0,
                                        "Workers": [
                                          {
                                            "Worker Number": 0,
                                            "Actual Startup Time": 0.653,
                                            "Actual Total Time": 0.654,
                                            "Actual Rows": 31,
                                            "Actual Loops": 1,
                                            "Shared Hit Blocks": 4,
                                            "Shared Read Blocks": 1,
                                            "Shared Dirtied Blocks": 0,
                                            "Shared Written Blocks": 0,
                                            "Local Hit Blocks": 0,
                                            "Local Read Blocks": 0,
                                            "Local Dirtied Blocks": 0,
                                            "Local Written Blocks": 0,
                                            "Temp Read Blocks": 0,
                                            "Temp Written Blocks": 0
                                          },
                                          {
                                            "Worker Number": 1,
                                            "Actual Startup Time": 0.602,
                                            "Actual Total Time": 0.603,
                                            "Actual Rows": 31,
                                            "Actual Loops": 1,
                                            "Shared Hit Blocks": 5,
                                            "Shared Read Blocks": 0,
                                            "Shared Dirtied Blocks": 0,
                                            "Shared Written Blocks": 0,
                                            "Local Hit Blocks": 0,
                                            "Local Read Blocks": 0,
                                            "Local Dirtied Blocks": 0,
                                            "Local Written Blocks": 0,
                                            "Temp Read Blocks": 0,
                                            "Temp Written Blocks": 0
                                          }
                                        ],
                                        "Plans": [
                                          {
                                            "Node Type": "Index Only Scan",
                                            "Parent Relationship": "Outer",
                                            "Parallel Aware": false,
                                            "Async Capable": false,
                                            "Scan Direction": "Forward",
                                            "Index Name": "_dta_index_date_dim_6_661577395__k9_k7_k1",
                                            "Relation Name": "date_dim",
                                            "Schema": "public",
                                            "Alias": "date_dim",
                                            "Startup Cost": 0.42,
                                            "Total Cost": 9.06,
                                            "Plan Rows": 32,
                                            "Plan Width": 4,
                                            "Actual Startup Time": 0.417,
                                            "Actual Total Time": 0.42,
                                            "Actual Rows": 31,
                                            "Actual Loops": 3,
                                            "Output": [
                                              "date_dim.d_date_sk"
                                            ],
                                            "Index Cond": "((date_dim.d_moy = 1) AND (date_dim.d_year = 1999))",
                                            "Rows Removed by Index Recheck": 0,
                                            "Heap Fetches": 0,
                                            "Shared Hit Blocks": 13,
                                            "Shared Read Blocks": 1,
                                            "Shared Dirtied Blocks": 0,
                                            "Shared Written Blocks": 0,
                                            "Local Hit Blocks": 0,
                                            "Local Read Blocks": 0,
                                            "Local Dirtied Blocks": 0,
                                            "Local Written Blocks": 0,
                                            "Temp Read Blocks": 0,
                                            "Temp Written Blocks": 0,
                                            "Workers": [
                                              {
                                                "Worker Number": 0,
                                                "Actual Startup Time": 0.644,
                                                "Actual Total Time": 0.646,
                                                "Actual Rows": 31,
                                                "Actual Loops": 1,
                                                "Shared Hit Blocks": 4,
                                                "Shared Read Blocks": 1,
                                                "Shared Dirtied Blocks": 0,
                                                "Shared Written Blocks": 0,
                                                "Local Hit Blocks": 0,
                                                "Local Read Blocks": 0,
                                                "Local Dirtied Blocks": 0,
                                                "Local Written Blocks": 0,
                                                "Temp Read Blocks": 0,
                                                "Temp Written Blocks": 0
                                              },
                                              {
                                                "Worker Number": 1,
                                                "Actual Startup Time": 0.593,
                                                "Actual Total Time": 0.596,
                                                "Actual Rows": 31,
                                                "Actual Loops": 1,
                                                "Shared Hit Blocks": 5,
                                                "Shared Read Blocks": 0,
                                                "Shared Dirtied Blocks": 0,
                                                "Shared Written Blocks": 0,
                                                "Local Hit Blocks": 0,
                                                "Local Read Blocks": 0,
                                                "Local Dirtied Blocks": 0,
                                                "Local Written Blocks": 0,
                                                "Temp Read Blocks": 0,
                                                "Temp Written Blocks": 0
                                              }
                                            ]
                                          }
                                        ]
                                      }
                                    ]
                                  },
                                  {
                                    "Node Type": "Hash",
                                    "Parent Relationship": "Inner",
                                    "Parallel Aware": false,
                                    "Async Capable": false,
                                    "Startup Cost": 2.24,
                                    "Total Cost": 2.24,
                                    "Plan Rows": 24,
                                    "Plan Width": 48,
                                    "Actual Startup Time": 0.176,
                                    "Actual Total Time": 0.176,
                                    "Actual Rows": 24,
                                    "Actual Loops": 3,
                                    "Output": [
                                      "call_center.cc_call_center_id",
                                      "call_center.cc_name",
                                      "call_center.cc_manager",
                                      "call_center.cc_call_center_sk"
                                    ],
                                    "Hash Buckets": 1024,
                                    "Original Hash Buckets": 1024,
                                    "Hash Batches": 1,
                                    "Original Hash Batches": 1,
                                    "Peak Memory Usage": 10,
                                    "Shared Hit Blocks": 6,
                                    "Shared Read Blocks": 0,
                                    "Shared Dirtied Blocks": 0,
                                    "Shared Written Blocks": 0,
                                    "Local Hit Blocks": 0,
                                    "Local Read Blocks": 0,
                                    "Local Dirtied Blocks": 0,
                                    "Local Written Blocks": 0,
                                    "Temp Read Blocks": 0,
                                    "Temp Written Blocks": 0,
                                    "Workers": [
                                      {
                                        "Worker Number": 0,
                                        "Actual Startup Time": 0.259,
                                        "Actual Total Time": 0.26,
                                        "Actual Rows": 24,
                                        "Actual Loops": 1,
                                        "Shared Hit Blocks": 2,
                                        "Shared Read Blocks": 0,
                                        "Shared Dirtied Blocks": 0,
                                        "Shared Written Blocks": 0,
                                        "Local Hit Blocks": 0,
                                        "Local Read Blocks": 0,
                                        "Local Dirtied Blocks": 0,
                                        "Local Written Blocks": 0,
                                        "Temp Read Blocks": 0,
                                        "Temp Written Blocks": 0
                                      },
                                      {
                                        "Worker Number": 1,
                                        "Actual Startup Time": 0.253,
                                        "Actual Total Time": 0.253,
                                        "Actual Rows": 24,
                                        "Actual Loops": 1,
                                        "Shared Hit Blocks": 2,
                                        "Shared Read Blocks": 0,
                                        "Shared Dirtied Blocks": 0,
                                        "Shared Written Blocks": 0,
                                        "Local Hit Blocks": 0,
                                        "Local Read Blocks": 0,
                                        "Local Dirtied Blocks": 0,
                                        "Local Written Blocks": 0,
                                        "Temp Read Blocks": 0,
                                        "Temp Written Blocks": 0
                                      }
                                    ],
                                    "Plans": [
                                      {
                                        "Node Type": "Seq Scan",
                                        "Parent Relationship": "Outer",
                                        "Parallel Aware": false,
                                        "Async Capable": false,
                                        "Relation Name": "call_center",
                                        "Schema": "public",
                                        "Alias": "call_center",
                                        "Startup Cost": 0.0,
                                        "Total Cost": 2.24,
                                        "Plan Rows": 24,
                                        "Plan Width": 48,
                                        "Actual Startup Time": 0.159,
                                        "Actual Total Time": 0.165,
                                        "Actual Rows": 24,
                                        "Actual Loops": 3,
                                        "Output": [
                                          "call_center.cc_call_center_id",
                                          "call_center.cc_name",
                                          "call_center.cc_manager",
                                          "call_center.cc_call_center_sk"
                                        ],
                                        "Shared Hit Blocks": 6,
                                        "Shared Read Blocks": 0,
                                        "Shared Dirtied Blocks": 0,
                                        "Shared Written Blocks": 0,
                                        "Local Hit Blocks": 0,
                                        "Local Read Blocks": 0,
                                        "Local Dirtied Blocks": 0,
                                        "Local Written Blocks": 0,
                                        "Temp Read Blocks": 0,
                                        "Temp Written Blocks": 0,
                                        "Workers": [
                                          {
                                            "Worker Number": 0,
                                            "Actual Startup Time": 0.241,
                                            "Actual Total Time": 0.249,
                                            "Actual Rows": 24,
                                            "Actual Loops": 1,
                                            "Shared Hit Blocks": 2,
                                            "Shared Read Blocks": 0,
                                            "Shared Dirtied Blocks": 0,
                                            "Shared Written Blocks": 0,
                                            "Local Hit Blocks": 0,
                                            "Local Read Blocks": 0,
                                            "Local Dirtied Blocks": 0,
                                            "Local Written Blocks": 0,
                                            "Temp Read Blocks": 0,
                                            "Temp Written Blocks": 0
                                          },
                                          {
                                            "Worker Number": 1,
                                            "Actual Startup Time": 0.23,
                                            "Actual Total Time": 0.239,
                                            "Actual Rows": 24,
                                            "Actual Loops": 1,
                                            "Shared Hit Blocks": 2,
                                            "Shared Read Blocks": 0,
                                            "Shared Dirtied Blocks": 0,
                                            "Shared Written Blocks": 0,
                                            "Local Hit Blocks": 0,
                                            "Local Read Blocks": 0,
                                            "Local Dirtied Blocks": 0,
                                            "Local Written Blocks": 0,
                                            "Temp Read Blocks": 0,
                                            "Temp Written Blocks": 0
                                          }
                                        ]
                                      }
                                    ]
                                  }
                                ]
                              },
                              {
                                "Node Type": "Index Scan",
                                "Parent Relationship": "Inner",
                                "Parallel Aware": false,
                                "Async Capable": false,
                                "Scan Direction": "Forward",
                                "Index Name": "_dta_index_customer_6_949578421__k1_k5",
                                "Relation Name": "customer",
                                "Schema": "public",
                                "Alias": "customer",
                                "Startup Cost": 0.42,
                                "Total Cost": 0.47,
                                "Plan Rows": 1,
                                "Plan Width": 16,
                                "Actual Startup Time": 0.066,
                                "Actual Total Time": 0.066,
                                "Actual Rows": 1,
                                "Actual Loops": 21103,
                                "Output": [
                                  "customer.c_customer_sk",
                                  "customer.c_customer_id",
                                  "customer.c_current_cdemo_sk",
                                  "customer.c_current_hdemo_sk",
                                  "customer.c_current_addr_sk",
                                  "customer.c_first_shipto_date_sk",
                                  "customer.c_first_sales_date_sk",
                                  "customer.c_salutation",
                                  "customer.c_first_name",
                                  "customer.c_last_name",
                                  "customer.c_preferred_cust_flag",
                                  "customer.c_birth_day",
                                  "customer.c_birth_month",
                                  "customer.c_birth_year",
                                  "customer.c_birth_country",
                                  "customer.c_login",
                                  "customer.c_email_address",
                                  "customer.c_last_review_date_sk"
                                ],
                                "Index Cond": "(customer.c_customer_sk = catalog_returns.cr_returning_customer_sk)",
                                "Rows Removed by Index Recheck": 0,
                                "Shared Hit Blocks": 78002,
                                "Shared Read Blocks": 5508,
                                "Shared Dirtied Blocks": 0,
                                "Shared Written Blocks": 0,
                                "Local Hit Blocks": 0,
                                "Local Read Blocks": 0,
                                "Local Dirtied Blocks": 0,
                                "Local Written Blocks": 0,
                                "Temp Read Blocks": 0,
                                "Temp Written Blocks": 0,
                                "Workers": [
                                  {
                                    "Worker Number": 0,
                                    "Actual Startup Time": 0.064,
                                    "Actual Total Time": 0.064,
                                    "Actual Rows": 1,
                                    "Actual Loops": 6989,
                                    "Shared Hit Blocks": 25781,
                                    "Shared Read Blocks": 1840,
                                    "Shared Dirtied Blocks": 0,
                                    "Shared Written Blocks": 0,
                                    "Local Hit Blocks": 0,
                                    "Local Read Blocks": 0,
                                    "Local Dirtied Blocks": 0,
                                    "Local Written Blocks": 0,
                                    "Temp Read Blocks": 0,
                                    "Temp Written Blocks": 0
                                  },
                                  {
                                    "Worker Number": 1,
                                    "Actual Startup Time": 0.065,
                                    "Actual Total Time": 0.065,
                                    "Actual Rows": 1,
                                    "Actual Loops": 7073,
                                    "Shared Hit Blocks": 26185,
                                    "Shared Read Blocks": 1824,
                                    "Shared Dirtied Blocks": 0,
                                    "Shared Written Blocks": 0,
                                    "Local Hit Blocks": 0,
                                    "Local Read Blocks": 0,
                                    "Local Dirtied Blocks": 0,
                                    "Local Written Blocks": 0,
                                    "Temp Read Blocks": 0,
                                    "Temp Written Blocks": 0
                                  }
                                ]
                              }
                            ]
                          },
                          {
                            "Node Type": "Index Scan",
                            "Parent Relationship": "Inner",
                            "Parallel Aware": false,
                            "Async Capable": false,
                            "Scan Direction": "Forward",
                            "Index Name": "household_demographics_pkey",
                            "Relation Name": "household_demographics",
                            "Schema": "public",
                            "Alias": "household_demographics",
                            "Startup Cost": 0.28,
                            "Total Cost": 0.3,
                            "Plan Rows": 1,
                            "Plan Width": 4,
                            "Actual Startup Time": 0.003,
                            "Actual Total Time": 0.003,
                            "Actual Rows": 0,
                            "Actual Loops": 20877,
                            "Output": [
                              "household_demographics.hd_demo_sk",
                              "household_demographics.hd_income_band_sk",
                              "household_demographics.hd_buy_potential",
                              "household_demographics.hd_dep_count",
                              "household_demographics.hd_vehicle_count"
                            ],
                            "Index Cond": "(household_demographics.hd_demo_sk = customer.c_current_hdemo_sk)",
                            "Rows Removed by Index Recheck": 0,
                            "Filter": "(household_demographics.hd_buy_potential ~~ '1001-5000%'::text)",
                            "Rows Removed by Filter": 1,
                            "Shared Hit Blocks": 60370,
                            "Shared Read Blocks": 1,
                            "Shared Dirtied Blocks": 0,
                            "Shared Written Blocks": 0,
                            "Local Hit Blocks": 0,
                            "Local Read Blocks": 0,
                            "Local Dirtied Blocks": 0,
                            "Local Written Blocks": 0,
                            "Temp Read Blocks": 0,
                            "Temp Written Blocks": 0,
                            "Workers": [
                              {
                                "Worker Number": 0,
                                "Actual Startup Time": 0.003,
                                "Actual Total Time": 0.003,
                                "Actual Rows": 0,
                                "Actual Loops": 6905,
                                "Shared Hit Blocks": 19984,
                                "Shared Read Blocks": 0,
                                "Shared Dirtied Blocks": 0,
                                "Shared Written Blocks": 0,
                                "Local Hit Blocks": 0,
                                "Local Read Blocks": 0,
                                "Local Dirtied Blocks": 0,
                                "Local Written Blocks": 0,
                                "Temp Read Blocks": 0,
                                "Temp Written Blocks": 0
                              },
                              {
                                "Worker Number": 1,
                                "Actual Startup Time": 0.003,
                                "Actual Total Time": 0.003,
                                "Actual Rows": 0,
                                "Actual Loops": 7002,
                                "Shared Hit Blocks": 20235,
                                "Shared Read Blocks": 1,
                                "Shared Dirtied Blocks": 0,
                                "Shared Written Blocks": 0,
                                "Local Hit Blocks": 0,
                                "Local Read Blocks": 0,
                                "Local Dirtied Blocks": 0,
                                "Local Written Blocks": 0,
                                "Temp Read Blocks": 0,
                                "Temp Written Blocks": 0
                              }
                            ]
                          }
                        ]
                      },
                      {
                        "Node Type": "Index Scan",
                        "Parent Relationship": "Inner",
                        "Parallel Aware": false,
                        "Async Capable": false,
                        "Scan Direction": "Forward",
                        "Index Name": "customer_address_pkey",
                        "Relation Name": "customer_address",
                        "Schema": "public",
                        "Alias": "customer_address",
                        "Startup Cost": 0.42,
                        "Total Cost": 0.49,
                        "Plan Rows": 1,
                        "Plan Width": 4,
                        "Actual Startup Time": 0.154,
                        "Actual Total Time": 0.154,
                        "Actual Rows": 0,
                        "Actual Loops": 2773,
                        "Output": [
                          "customer_address.ca_address_sk",
                          "customer_address.ca_address_id",
                          "customer_address.ca_street_number",
                          "customer_address.ca_street_name",
                          "customer_address.ca_street_type",
                          "customer_address.ca_suite_number",
                          "customer_address.ca_city",
                          "customer_address.ca_county",
                          "customer_address.ca_state",
                          "customer_address.ca_zip",
                          "customer_address.ca_country",
                          "customer_address.ca_gmt_offset",
                          "customer_address.ca_location_type"
                        ],
                        "Index Cond": "(customer_address.ca_address_sk = customer.c_current_addr_sk)",
                        "Rows Removed by Index Recheck": 0,
                        "Filter": "(customer_address.ca_gmt_offset = '-7'::numeric)",
                        "Rows Removed by Filter": 1,
                        "Shared Hit Blocks": 9392,
                        "Shared Read Blocks": 1702,
                        "Shared Dirtied Blocks": 0,
                        "Shared Written Blocks": 0,
                        "Local Hit Blocks": 0,
                        "Local Read Blocks": 0,
                        "Local Dirtied Blocks": 0,
                        "Local Written Blocks": 0,
                        "Temp Read Blocks": 0,
                        "Temp Written Blocks": 0,
                        "Workers": [
                          {
                            "Worker Number": 0,
                            "Actual Startup Time": 0.145,
                            "Actual Total Time": 0.145,
                            "Actual Rows": 0,
                            "Actual Loops": 910,
                            "Shared Hit Blocks": 3090,
                            "Shared Read Blocks": 551,
                            "Shared Dirtied Blocks": 0,
                            "Shared Written Blocks": 0,
                            "Local Hit Blocks": 0,
                            "Local Read Blocks": 0,
                            "Local Dirtied Blocks": 0,
                            "Local Written Blocks": 0,
                            "Temp Read Blocks": 0,
                            "Temp Written Blocks": 0
                          },
                          {
                            "Worker Number": 1,
                            "Actual Startup Time": 0.187,
                            "Actual Total Time": 0.187,
                            "Actual Rows": 0,
                            "Actual Loops": 910,
                            "Shared Hit Blocks": 3076,
                            "Shared Read Blocks": 565,
                            "Shared Dirtied Blocks": 0,
                            "Shared Written Blocks": 0,
                            "Local Hit Blocks": 0,
                            "Local Read Blocks": 0,
                            "Local Dirtied Blocks": 0,
                            "Local Written Blocks": 0,
                            "Temp Read Blocks": 0,
                            "Temp Written Blocks": 0
                          }
                        ]
                      }
                    ]
                  },
                  {
                    "Node Type": "Index Scan",
                    "Parent Relationship": "Inner",
                    "Parallel Aware": false,
                    "Async Capable": false,
                    "Scan Direction": "Forward",
                    "Index Name": "customer_demographics_pkey",
                    "Relation Name": "customer_demographics",
                    "Schema": "public",
                    "Alias": "customer_demographics",
                    "Startup Cost": 0.43,
                    "Total Cost": 0.67,
                    "Plan Rows": 1,
                    "Plan Width": 4,
                    "Actual Startup Time": 0.499,
                    "Actual Total Time": 0.5,
                    "Actual Rows": 0,
                    "Actual Loops": 323,
                    "Output": [
                      "customer_demographics.cd_demo_sk",
                      "customer_demographics.cd_gender",
                      "customer_demographics.cd_marital_status",
                      "customer_demographics.cd_education_status",
                      "customer_demographics.cd_purchase_estimate",
                      "customer_demographics.cd_credit_rating",
                      "customer_demographics.cd_dep_count",
                      "customer_demographics.cd_dep_employed_count",
                      "customer_demographics.cd_dep_college_count"
                    ],
                    "Index Cond": "(customer_demographics.cd_demo_sk = customer.c_current_cdemo_sk)",
                    "Rows Removed by Index Recheck": 0,
                    "Filter": "(((customer_demographics.cd_marital_status = 'M'::bpchar) AND (customer_demographics.cd_education_status = 'Unknown'::bpchar)) OR ((customer_demographics.cd_marital_status = 'W'::bpchar) AND (customer_demographics.cd_education_status = 'Advanced Degree'::bpchar)))",
                    "Rows Removed by Filter": 1,
                    "Shared Hit Blocks": 687,
                    "Shared Read Blocks": 587,
                    "Shared Dirtied Blocks": 0,
                    "Shared Written Blocks": 0,
                    "Local Hit Blocks": 0,
                    "Local Read Blocks": 0,
                    "Local Dirtied Blocks": 0,
                    "Local Written Blocks": 0,
                    "Temp Read Blocks": 0,
                    "Temp Written Blocks": 0,
                    "Workers": [
                      {
                        "Worker Number": 0,
                        "Actual Startup Time": 0.74,
                        "Actual Total Time": 0.74,
                        "Actual Rows": 0,
                        "Actual Loops": 105,
                        "Shared Hit Blocks": 223,
                        "Shared Read Blocks": 194,
                        "Shared Dirtied Blocks": 0,
                        "Shared Written Blocks": 0,
                        "Local Hit Blocks": 0,
                        "Local Read Blocks": 0,
                        "Local Dirtied Blocks": 0,
                        "Local Written Blocks": 0,
                        "Temp Read Blocks": 0,
                        "Temp Written Blocks": 0
                      },
                      {
                        "Worker Number": 1,
                        "Actual Startup Time": 0.323,
                        "Actual Total Time": 0.323,
                        "Actual Rows": 0,
                        "Actual Loops": 104,
                        "Shared Hit Blocks": 220,
                        "Shared Read Blocks": 185,
                        "Shared Dirtied Blocks": 0,
                        "Shared Written Blocks": 0,
                        "Local Hit Blocks": 0,
                        "Local Read Blocks": 0,
                        "Local Dirtied Blocks": 0,
                        "Local Written Blocks": 0,
                        "Temp Read Blocks": 0,
                        "Temp Written Blocks": 0
                      }
                    ]
                  }
                ]
              }
            ]
          }
        ]
      },
      "Planning": {
        "Shared Hit Blocks": 25,
        "Shared Read Blocks": 9,
        "Shared Dirtied Blocks": 0,
        "Shared Written Blocks": 0,
        "Local Hit Blocks": 0,
        "Local Read Blocks": 0,
        "Local Dirtied Blocks": 0,
        "Local Written Blocks": 0,
        "Temp Read Blocks": 0,
        "Temp Written Blocks": 0
      },
      "Planning Time": 1.989,
      "Triggers": [],
      "Execution Time": 2934.336
    }
  ],
  "original_sql": "select  \n        min(cc_call_center_id),\n        min(cc_name),\n        min(cc_manager),\n        min(cr_net_loss),\n        min(cr_item_sk),\n        min(cr_order_number)\nfrom\n        call_center,\n        catalog_returns,\n        date_dim,\n        customer,\n        customer_address,\n        customer_demographics,\n        household_demographics\nwhere\n        cr_call_center_sk       = cc_call_center_sk\nand     cr_returned_date_sk     = d_date_sk\nand     cr_returning_customer_sk= c_customer_sk\nand     cd_demo_sk              = c_current_cdemo_sk\nand     hd_demo_sk              = c_current_hdemo_sk\nand     ca_address_sk           = c_current_addr_sk\nand     d_year                  = 1999 \nand     d_moy                   = 1\nand     ( (cd_marital_status       = 'M' and cd_education_status     = 'Unknown')\n        or(cd_marital_status       = 'W' and cd_education_status     = 'Advanced Degree'))\nand     hd_buy_potential like '1001-5000%'\nand     ca_gmt_offset           = -7"
}