{
  "query_id": "query031_multi",
  "engine": "postgresql",
  "benchmark": "dsb",
  "scale_factor": 10,
  "execution_time_ms": 6697.724,
  "planning_time_ms": 5.909,
  "plan_json": [
    {
      "Plan": {
        "Node Type": "Sort",
        "Parallel Aware": false,
        "Async Capable": false,
        "Startup Cost": 783250.0,
        "Total Cost": 783250.0,
        "Plan Rows": 1,
        "Plan Width": 210,
        "Actual Startup Time": 6685.968,
        "Actual Total Time": 6692.776,
        "Actual Rows": 0,
        "Actual Loops": 1,
        "Output": [
          "ss1.ca_county",
          "ss1.d_year",
          "((ws2.web_sales / ws1.web_sales))",
          "((ss2.store_sales / ss1.store_sales))",
          "((ws3.web_sales / ws2.web_sales))",
          "((ss3.store_sales / ss2.store_sales))"
        ],
        "Sort Key": [
          "((ws2.web_sales / ws1.web_sales))"
        ],
        "Sort Method": "quicksort",
        "Sort Space Used": 25,
        "Sort Space Type": "Memory",
        "Shared Hit Blocks": 5884,
        "Shared Read Blocks": 73336,
        "Shared Dirtied Blocks": 0,
        "Shared Written Blocks": 0,
        "Local Hit Blocks": 0,
        "Local Read Blocks": 0,
        "Local Dirtied Blocks": 0,
        "Local Written Blocks": 0,
        "Temp Read Blocks": 0,
        "Temp Written Blocks": 0,
        "Plans": [
          {
            "Node Type": "Aggregate",
            "Strategy": "Sorted",
            "Partial Mode": "Finalize",
            "Parent Relationship": "InitPlan",
            "Subplan Name": "CTE ss",
            "Parallel Aware": false,
            "Async Capable": false,
            "Startup Cost": 605331.27,
            "Total Cost": 605348.37,
            "Plan Rows": 132,
            "Plan Width": 54,
            "Actual Startup Time": 6685.882,
            "Actual Total Time": 6692.734,
            "Actual Rows": 70,
            "Actual Loops": 1,
            "Output": [
              "customer_address.ca_county",
              "date_dim.d_qoy",
              "date_dim.d_year",
              "sum(store_sales.ss_ext_sales_price)"
            ],
            "Group Key": [
              "customer_address.ca_county",
              "date_dim.d_qoy",
              "date_dim.d_year"
            ],
            "Shared Hit Blocks": 5884,
            "Shared Read Blocks": 73336,
            "Shared Dirtied Blocks": 0,
            "Shared Written Blocks": 0,
            "Local Hit Blocks": 0,
            "Local Read Blocks": 0,
            "Local Dirtied Blocks": 0,
            "Local Written Blocks": 0,
            "Temp Read Blocks": 0,
            "Temp Written Blocks": 0,
            "Plans": [
              {
                "Node Type": "Gather Merge",
                "Parent Relationship": "Outer",
                "Parallel Aware": false,
                "Async Capable": false,
                "Startup Cost": 605331.27,
                "Total Cost": 605345.34,
                "Plan Rows": 110,
                "Plan Width": 54,
                "Actual Startup Time": 6685.848,
                "Actual Total Time": 6692.674,
                "Actual Rows": 70,
                "Actual Loops": 1,
                "Output": [
                  "customer_address.ca_county",
                  "date_dim.d_qoy",
                  "date_dim.d_year",
                  "(PARTIAL sum(store_sales.ss_ext_sales_price))"
                ],
                "Workers Planned": 2,
                "Workers Launched": 2,
                "Shared Hit Blocks": 5884,
                "Shared Read Blocks": 73336,
                "Shared Dirtied Blocks": 0,
                "Shared Written Blocks": 0,
                "Local Hit Blocks": 0,
                "Local Read Blocks": 0,
                "Local Dirtied Blocks": 0,
                "Local Written Blocks": 0,
                "Temp Read Blocks": 0,
                "Temp Written Blocks": 0,
                "Plans": [
                  {
                    "Node Type": "Aggregate",
                    "Strategy": "Sorted",
                    "Partial Mode": "Partial",
                    "Parent Relationship": "Outer",
                    "Parallel Aware": false,
                    "Async Capable": false,
                    "Startup Cost": 604331.25,
                    "Total Cost": 604332.62,
                    "Plan Rows": 55,
                    "Plan Width": 54,
                    "Actual Startup Time": 6648.774,
                    "Actual Total Time": 6648.79,
                    "Actual Rows": 23,
                    "Actual Loops": 3,
                    "Output": [
                      "customer_address.ca_county",
                      "date_dim.d_qoy",
                      "date_dim.d_year",
                      "PARTIAL sum(store_sales.ss_ext_sales_price)"
                    ],
                    "Group Key": [
                      "customer_address.ca_county",
                      "date_dim.d_qoy",
                      "date_dim.d_year"
                    ],
                    "Shared Hit Blocks": 5884,
                    "Shared Read Blocks": 73336,
                    "Shared Dirtied Blocks": 0,
                    "Shared Written Blocks": 0,
                    "Local Hit Blocks": 0,
                    "Local Read Blocks": 0,
                    "Local Dirtied Blocks": 0,
                    "Local Written Blocks": 0,
                    "Temp Read Blocks": 0,
                    "Temp Written Blocks": 0,
                    "Workers": [
                      {
                        "Worker Number": 0,
                        "Actual Startup Time": 6657.155,
                        "Actual Total Time": 6657.17,
                        "Actual Rows": 27,
                        "Actual Loops": 1,
                        "JIT": {
                          "Functions": 26,
                          "Options": {
                            "Inlining": true,
                            "Optimization": true,
                            "Expressions": true,
                            "Deforming": true
                          },
                          "Timing": {
                            "Generation": 2.291,
                            "Inlining": 51.971,
                            "Optimization": 160.498,
                            "Emission": 86.842,
                            "Total": 301.601
                          }
                        },
                        "Shared Hit Blocks": 2086,
                        "Shared Read Blocks": 26144,
                        "Shared Dirtied Blocks": 0,
                        "Shared Written Blocks": 0,
                        "Local Hit Blocks": 0,
                        "Local Read Blocks": 0,
                        "Local Dirtied Blocks": 0,
                        "Local Written Blocks": 0,
                        "Temp Read Blocks": 0,
                        "Temp Written Blocks": 0
                      },
                      {
                        "Worker Number": 1,
                        "Actual Startup Time": 6615.739,
                        "Actual Total Time": 6615.754,
                        "Actual Rows": 22,
                        "Actual Loops": 1,
                        "JIT": {
                          "Functions": 26,
                          "Options": {
                            "Inlining": true,
                            "Optimization": true,
                            "Expressions": true,
                            "Deforming": true
                          },
                          "Timing": {
                            "Generation": 1.492,
                            "Inlining": 55.409,
                            "Optimization": 155.612,
                            "Emission": 96.379,
                            "Total": 308.892
                          }
                        },
                        "Shared Hit Blocks": 2007,
                        "Shared Read Blocks": 23787,
                        "Shared Dirtied Blocks": 0,
                        "Shared Written Blocks": 0,
                        "Local Hit Blocks": 0,
                        "Local Read Blocks": 0,
                        "Local Dirtied Blocks": 0,
                        "Local Written Blocks": 0,
                        "Temp Read Blocks": 0,
                        "Temp Written Blocks": 0
                      }
                    ],
                    "Plans": [
                      {
                        "Node Type": "Sort",
                        "Parent Relationship": "Outer",
                        "Parallel Aware": false,
                        "Async Capable": false,
                        "Startup Cost": 604331.25,
                        "Total Cost": 604331.38,
                        "Plan Rows": 55,
                        "Plan Width": 28,
                        "Actual Startup Time": 6648.736,
                        "Actual Total Time": 6648.74,
                        "Actual Rows": 23,
                        "Actual Loops": 3,
                        "Output": [
                          "customer_address.ca_county",
                          "date_dim.d_qoy",
                          "date_dim.d_year",
                          "store_sales.ss_ext_sales_price"
                        ],
                        "Sort Key": [
                          "customer_address.ca_county",
                          "date_dim.d_qoy",
                          "date_dim.d_year"
                        ],
                        "Sort Method": "quicksort",
                        "Sort Space Used": 26,
                        "Sort Space Type": "Memory",
                        "Shared Hit Blocks": 5884,
                        "Shared Read Blocks": 73336,
                        "Shared Dirtied Blocks": 0,
                        "Shared Written Blocks": 0,
                        "Local Hit Blocks": 0,
                        "Local Read Blocks": 0,
                        "Local Dirtied Blocks": 0,
                        "Local Written Blocks": 0,
                        "Temp Read Blocks": 0,
                        "Temp Written Blocks": 0,
                        "Workers": [
                          {
                            "Worker Number": 0,
                            "Actual Startup Time": 6657.12,
                            "Actual Total Time": 6657.123,
                            "Actual Rows": 27,
                            "Actual Loops": 1,
                            "Sort Method": "quicksort",
                            "Sort Space Used": 26,
                            "Sort Space Type": "Memory",
                            "Shared Hit Blocks": 2086,
                            "Shared Read Blocks": 26144,
                            "Shared Dirtied Blocks": 0,
                            "Shared Written Blocks": 0,
                            "Local Hit Blocks": 0,
                            "Local Read Blocks": 0,
                            "Local Dirtied Blocks": 0,
                            "Local Written Blocks": 0,
                            "Temp Read Blocks": 0,
                            "Temp Written Blocks": 0
                          },
                          {
                            "Worker Number": 1,
                            "Actual Startup Time": 6615.698,
                            "Actual Total Time": 6615.701,
                            "Actual Rows": 22,
                            "Actual Loops": 1,
                            "Sort Method": "quicksort",
                            "Sort Space Used": 26,
                            "Sort Space Type": "Memory",
                            "Shared Hit Blocks": 2007,
                            "Shared Read Blocks": 23787,
                            "Shared Dirtied Blocks": 0,
                            "Shared Written Blocks": 0,
                            "Local Hit Blocks": 0,
                            "Local Read Blocks": 0,
                            "Local Dirtied Blocks": 0,
                            "Local Written Blocks": 0,
                            "Temp Read Blocks": 0,
                            "Temp Written Blocks": 0
                          }
                        ],
                        "Plans": [
                          {
                            "Node Type": "Nested Loop",
                            "Parent Relationship": "Outer",
                            "Parallel Aware": false,
                            "Async Capable": false,
                            "Join Type": "Inner",
                            "Startup Cost": 30.39,
                            "Total Cost": 604329.66,
                            "Plan Rows": 55,
                            "Plan Width": 28,
                            "Actual Startup Time": 989.483,
                            "Actual Total Time": 6648.537,
                            "Actual Rows": 23,
                            "Actual Loops": 3,
                            "Output": [
                              "customer_address.ca_county",
                              "date_dim.d_qoy",
                              "date_dim.d_year",
                              "store_sales.ss_ext_sales_price"
                            ],
                            "Inner Unique": true,
                            "Shared Hit Blocks": 5855,
                            "Shared Read Blocks": 73335,
                            "Shared Dirtied Blocks": 0,
                            "Shared Written Blocks": 0,
                            "Local Hit Blocks": 0,
                            "Local Read Blocks": 0,
                            "Local Dirtied Blocks": 0,
                            "Local Written Blocks": 0,
                            "Temp Read Blocks": 0,
                            "Temp Written Blocks": 0,
                            "Workers": [
                              {
                                "Worker Number": 0,
                                "Actual Startup Time": 496.715,
                                "Actual Total Time": 6656.679,
                                "Actual Rows": 27,
                                "Actual Loops": 1,
                                "Shared Hit Blocks": 2072,
                                "Shared Read Blocks": 26143,
                                "Shared Dirtied Blocks": 0,
                                "Shared Written Blocks": 0,
                                "Local Hit Blocks": 0,
                                "Local Read Blocks": 0,
                                "Local Dirtied Blocks": 0,
                                "Local Written Blocks": 0,
                                "Temp Read Blocks": 0,
                                "Temp Written Blocks": 0
                              },
                              {
                                "Worker Number": 1,
                                "Actual Startup Time": 494.03,
                                "Actual Total Time": 6615.603,
                                "Actual Rows": 22,
                                "Actual Loops": 1,
                                "Shared Hit Blocks": 1992,
                                "Shared Read Blocks": 23787,
                                "Shared Dirtied Blocks": 0,
                                "Shared Written Blocks": 0,
                                "Local Hit Blocks": 0,
                                "Local Read Blocks": 0,
                                "Local Dirtied Blocks": 0,
                                "Local Written Blocks": 0,
                                "Temp Read Blocks": 0,
                                "Temp Written Blocks": 0
                              }
                            ],
                            "Plans": [
                              {
                                "Node Type": "Nested Loop",
                                "Parent Relationship": "Outer",
                                "Parallel Aware": false,
                                "Async Capable": false,
                                "Join Type": "Inner",
                                "Startup Cost": 30.1,
                                "Total Cost": 604308.02,
                                "Plan Rows": 58,
                                "Plan Width": 24,
                                "Actual Startup Time": 988.941,
                                "Actual Total Time": 6645.957,
                                "Actual Rows": 24,
                                "Actual Loops": 3,
                                "Output": [
                                  "store_sales.ss_ext_sales_price",
                                  "store_sales.ss_sold_date_sk",
                                  "customer_address.ca_county"
                                ],
                                "Inner Unique": true,
                                "Shared Hit Blocks": 5699,
                                "Shared Read Blocks": 73279,
                                "Shared Dirtied Blocks": 0,
                                "Shared Written Blocks": 0,
                                "Local Hit Blocks": 0,
                                "Local Read Blocks": 0,
                                "Local Dirtied Blocks": 0,
                                "Local Written Blocks": 0,
                                "Temp Read Blocks": 0,
                                "Temp Written Blocks": 0,
                                "Workers": [
                                  {
                                    "Worker Number": 0,
                                    "Actual Startup Time": 495.859,
                                    "Actual Total Time": 6653.546,
                                    "Actual Rows": 27,
                                    "Actual Loops": 1,
                                    "Shared Hit Blocks": 2012,
                                    "Shared Read Blocks": 26121,
                                    "Shared Dirtied Blocks": 0,
                                    "Shared Written Blocks": 0,
                                    "Local Hit Blocks": 0,
                                    "Local Read Blocks": 0,
                                    "Local Dirtied Blocks": 0,
                                    "Local Written Blocks": 0,
                                    "Temp Read Blocks": 0,
                                    "Temp Written Blocks": 0
                                  },
                                  {
                                    "Worker Number": 1,
                                    "Actual Startup Time": 493.374,
                                    "Actual Total Time": 6613.024,
                                    "Actual Rows": 22,
                                    "Actual Loops": 1,
                                    "Shared Hit Blocks": 1942,
                                    "Shared Read Blocks": 23770,
                                    "Shared Dirtied Blocks": 0,
                                    "Shared Written Blocks": 0,
                                    "Local Hit Blocks": 0,
                                    "Local Read Blocks": 0,
                                    "Local Dirtied Blocks": 0,
                                    "Local Written Blocks": 0,
                                    "Temp Read Blocks": 0,
                                    "Temp Written Blocks": 0
                                  }
                                ],
                                "Plans": [
                                  {
                                    "Node Type": "Nested Loop",
                                    "Parent Relationship": "Outer",
                                    "Parallel Aware": false,
                                    "Async Capable": false,
                                    "Join Type": "Inner",
                                    "Startup Cost": 29.68,
                                    "Total Cost": 604031.75,
                                    "Plan Rows": 474,
                                    "Plan Width": 14,
                                    "Actual Startup Time": 507.638,
                                    "Actual Total Time": 6611.488,
                                    "Actual Rows": 192,
                                    "Actual Loops": 3,
                                    "Output": [
                                      "store_sales.ss_ext_sales_price",
                                      "store_sales.ss_sold_date_sk",
                                      "store_sales.ss_addr_sk"
                                    ],
                                    "Inner Unique": false,
                                    "Shared Hit Blocks": 4207,
                                    "Shared Read Blocks": 72529,
                                    "Shared Dirtied Blocks": 0,
                                    "Shared Written Blocks": 0,
                                    "Local Hit Blocks": 0,
                                    "Local Read Blocks": 0,
                                    "Local Dirtied Blocks": 0,
                                    "Local Written Blocks": 0,
                                    "Temp Read Blocks": 0,
                                    "Temp Written Blocks": 0,
                                    "Workers": [
                                      {
                                        "Worker Number": 0,
                                        "Actual Startup Time": 303.504,
                                        "Actual Total Time": 6614.58,
                                        "Actual Rows": 211,
                                        "Actual Loops": 1,
                                        "Shared Hit Blocks": 1464,
                                        "Shared Read Blocks": 25848,
                                        "Shared Dirtied Blocks": 0,
                                        "Shared Written Blocks": 0,
                                        "Local Hit Blocks": 0,
                                        "Local Read Blocks": 0,
                                        "Local Dirtied Blocks": 0,
                                        "Local Written Blocks": 0,
                                        "Temp Read Blocks": 0,
                                        "Temp Written Blocks": 0
                                      },
                                      {
                                        "Worker Number": 1,
                                        "Actual Startup Time": 335.188,
                                        "Actual Total Time": 6582.053,
                                        "Actual Rows": 183,
                                        "Actual Loops": 1,
                                        "Shared Hit Blocks": 1453,
                                        "Shared Read Blocks": 23542,
                                        "Shared Dirtied Blocks": 0,
                                        "Shared Written Blocks": 0,
                                        "Local Hit Blocks": 0,
                                        "Local Read Blocks": 0,
                                        "Local Dirtied Blocks": 0,
                                        "Local Written Blocks": 0,
                                        "Temp Read Blocks": 0,
                                        "Temp Written Blocks": 0
                                      }
                                    ],
                                    "Plans": [
                                      {
                                        "Node Type": "Index Scan",
                                        "Parent Relationship": "Outer",
                                        "Parallel Aware": true,
                                        "Async Capable": false,
                                        "Scan Direction": "Forward",
                                        "Index Name": "item_pkey",
                                        "Relation Name": "item",
                                        "Schema": "public",
                                        "Alias": "item",
                                        "Startup Cost": 0.29,
                                        "Total Cost": 9448.02,
                                        "Plan Rows": 190,
                                        "Plan Width": 4,
                                        "Actual Startup Time": 490.156,
                                        "Actual Total Time": 722.622,
                                        "Actual Rows": 162,
                                        "Actual Loops": 3,
                                        "Output": [
                                          "item.i_item_sk",
                                          "item.i_item_id",
                                          "item.i_rec_start_date",
                                          "item.i_rec_end_date",
                                          "item.i_item_desc",
                                          "item.i_current_price",
                                          "item.i_wholesale_cost",
                                          "item.i_brand_id",
                                          "item.i_brand",
                                          "item.i_class_id",
                                          "item.i_class",
                                          "item.i_category_id",
                                          "item.i_category",
                                          "item.i_manufact_id",
                                          "item.i_manufact",
                                          "item.i_size",
                                          "item.i_formulation",
                                          "item.i_color",
                                          "item.i_units",
                                          "item.i_container",
                                          "item.i_manager_id",
                                          "item.i_product_name"
                                        ],
                                        "Filter": "((item.i_color = ANY ('{blanched,rosy}'::bpchar[])) AND (item.i_manager_id >= 16) AND (item.i_manager_id <= 35))",
                                        "Rows Removed by Filter": 33838,
                                        "Shared Hit Blocks": 1831,
                                        "Shared Read Blocks": 5972,
                                        "Shared Dirtied Blocks": 0,
                                        "Shared Written Blocks": 0,
                                        "Local Hit Blocks": 0,
                                        "Local Read Blocks": 0,
                                        "Local Dirtied Blocks": 0,
                                        "Local Written Blocks": 0,
                                        "Temp Read Blocks": 0,
                                        "Temp Written Blocks": 0,
                                        "Workers": [
                                          {
                                            "Worker Number": 0,
                                            "Actual Startup Time": 300.151,
                                            "Actual Total Time": 548.025,
                                            "Actual Rows": 174,
                                            "Actual Loops": 1,
                                            "Shared Hit Blocks": 658,
                                            "Shared Read Blocks": 2124,
                                            "Shared Dirtied Blocks": 0,
                                            "Shared Written Blocks": 0,
                                            "Local Hit Blocks": 0,
                                            "Local Read Blocks": 0,
                                            "Local Dirtied Blocks": 0,
                                            "Local Written Blocks": 0,
                                            "Temp Read Blocks": 0,
                                            "Temp Written Blocks": 0
                                          },
                                          {
                                            "Worker Number": 1,
                                            "Actual Startup Time": 307.401,
                                            "Actual Total Time": 515.403,
                                            "Actual Rows": 154,
                                            "Actual Loops": 1,
                                            "Shared Hit Blocks": 712,
                                            "Shared Read Blocks": 1703,
                                            "Shared Dirtied Blocks": 0,
                                            "Shared Written Blocks": 0,
                                            "Local Hit Blocks": 0,
                                            "Local Read Blocks": 0,
                                            "Local Dirtied Blocks": 0,
                                            "Local Written Blocks": 0,
                                            "Temp Read Blocks": 0,
                                            "Temp Written Blocks": 0
                                          }
                                        ]
                                      },
                                      {
                                        "Node Type": "Bitmap Heap Scan",
                                        "Parent Relationship": "Inner",
                                        "Parallel Aware": false,
                                        "Async Capable": false,
                                        "Relation Name": "store_sales",
                                        "Schema": "public",
                                        "Alias": "store_sales",
                                        "Startup Cost": 29.38,
                                        "Total Cost": 3129.28,
                                        "Plan Rows": 11,
                                        "Plan Width": 18,
                                        "Actual Startup Time": 19.465,
                                        "Actual Total Time": 36.417,
                                        "Actual Rows": 1,
                                        "Actual Loops": 485,
                                        "Output": [
                                          "store_sales.ss_sold_date_sk",
                                          "store_sales.ss_sold_time_sk",
                                          "store_sales.ss_item_sk",
                                          "store_sales.ss_customer_sk",
                                          "store_sales.ss_cdemo_sk",
                                          "store_sales.ss_hdemo_sk",
                                          "store_sales.ss_addr_sk",
                                          "store_sales.ss_store_sk",
                                          "store_sales.ss_promo_sk",
                                          "store_sales.ss_ticket_number",
                                          "store_sales.ss_quantity",
                                          "store_sales.ss_wholesale_cost",
                                          "store_sales.ss_list_price",
                                          "store_sales.ss_sales_price",
                                          "store_sales.ss_ext_discount_amt",
                                          "store_sales.ss_ext_sales_price",
                                          "store_sales.ss_ext_wholesale_cost",
                                          "store_sales.ss_ext_list_price",
                                          "store_sales.ss_ext_tax",
                                          "store_sales.ss_coupon_amt",
                                          "store_sales.ss_net_paid",
                                          "store_sales.ss_net_paid_inc_tax",
                                          "store_sales.ss_net_profit"
                                        ],
                                        "Recheck Cond": "(store_sales.ss_item_sk = item.i_item_sk)",
                                        "Rows Removed by Index Recheck": 0,
                                        "Filter": "((store_sales.ss_list_price >= '286'::numeric) AND (store_sales.ss_list_price <= '300'::numeric))",
                                        "Rows Removed by Filter": 138,
                                        "Exact Heap Blocks": 21315,
                                        "Lossy Heap Blocks": 0,
                                        "Shared Hit Blocks": 2376,
                                        "Shared Read Blocks": 66557,
                                        "Shared Dirtied Blocks": 0,
                                        "Shared Written Blocks": 0,
                                        "Local Hit Blocks": 0,
                                        "Local Read Blocks": 0,
                                        "Local Dirtied Blocks": 0,
                                        "Local Written Blocks": 0,
                                        "Temp Read Blocks": 0,
                                        "Temp Written Blocks": 0,
                                        "Workers": [
                                          {
                                            "Worker Number": 0,
                                            "Actual Startup Time": 18.441,
                                            "Actual Total Time": 34.857,
                                            "Actual Rows": 1,
                                            "Actual Loops": 174,
                                            "Shared Hit Blocks": 806,
                                            "Shared Read Blocks": 23724,
                                            "Shared Dirtied Blocks": 0,
                                            "Shared Written Blocks": 0,
                                            "Local Hit Blocks": 0,
                                            "Local Read Blocks": 0,
                                            "Local Dirtied Blocks": 0,
                                            "Local Written Blocks": 0,
                                            "Temp Read Blocks": 0,
                                            "Temp Written Blocks": 0
                                          },
                                          {
                                            "Worker Number": 1,
                                            "Actual Startup Time": 21.095,
                                            "Actual Total Time": 39.385,
                                            "Actual Rows": 1,
                                            "Actual Loops": 154,
                                            "Shared Hit Blocks": 741,
                                            "Shared Read Blocks": 21839,
                                            "Shared Dirtied Blocks": 0,
                                            "Shared Written Blocks": 0,
                                            "Local Hit Blocks": 0,
                                            "Local Read Blocks": 0,
                                            "Local Dirtied Blocks": 0,
                                            "Local Written Blocks": 0,
                                            "Temp Read Blocks": 0,
                                            "Temp Written Blocks": 0
                                          }
                                        ],
                                        "Plans": [
                                          {
                                            "Node Type": "Bitmap Index Scan",
                                            "Parent Relationship": "Outer",
                                            "Parallel Aware": false,
                                            "Async Capable": false,
                                            "Index Name": "store_sales_pkey",
                                            "Startup Cost": 0.0,
                                            "Total Cost": 29.38,
                                            "Plan Rows": 1224,
                                            "Plan Width": 0,
                                            "Actual Startup Time": 0.473,
                                            "Actual Total Time": 0.473,
                                            "Actual Rows": 139,
                                            "Actual Loops": 485,
                                            "Index Cond": "(store_sales.ss_item_sk = item.i_item_sk)",
                                            "Shared Hit Blocks": 780,
                                            "Shared Read Blocks": 797,
                                            "Shared Dirtied Blocks": 0,
                                            "Shared Written Blocks": 0,
                                            "Local Hit Blocks": 0,
                                            "Local Read Blocks": 0,
                                            "Local Dirtied Blocks": 0,
                                            "Local Written Blocks": 0,
                                            "Temp Read Blocks": 0,
                                            "Temp Written Blocks": 0,
                                            "Workers": [
                                              {
                                                "Worker Number": 0,
                                                "Actual Startup Time": 0.482,
                                                "Actual Total Time": 0.482,
                                                "Actual Rows": 138,
                                                "Actual Loops": 174,
                                                "Shared Hit Blocks": 270,
                                                "Shared Read Blocks": 297,
                                                "Shared Dirtied Blocks": 0,
                                                "Shared Written Blocks": 0,
                                                "Local Hit Blocks": 0,
                                                "Local Read Blocks": 0,
                                                "Local Dirtied Blocks": 0,
                                                "Local Written Blocks": 0,
                                                "Temp Read Blocks": 0,
                                                "Temp Written Blocks": 0
                                              },
                                              {
                                                "Worker Number": 1,
                                                "Actual Startup Time": 0.47,
                                                "Actual Total Time": 0.47,
                                                "Actual Rows": 143,
                                                "Actual Loops": 154,
                                                "Shared Hit Blocks": 255,
                                                "Shared Read Blocks": 247,
                                                "Shared Dirtied Blocks": 0,
                                                "Shared Written Blocks": 0,
                                                "Local Hit Blocks": 0,
                                                "Local Read Blocks": 0,
                                                "Local Dirtied Blocks": 0,
                                                "Local Written Blocks": 0,
                                                "Temp Read Blocks": 0,
                                                "Temp Written Blocks": 0
                                              }
                                            ]
                                          }
                                        ]
                                      }
                                    ]
                                  },
                                  {
                                    "Node Type": "Index Scan",
                                    "Parent Relationship": "Inner",
                                    "Parallel Aware": false,
                                    "Async Capable": false,
                                    "Scan Direction": "Forward",
                                    "Index Name": "customer_address_pkey",
                                    "Relation Name": "customer_address",
                                    "Schema": "public",
                                    "Alias": "customer_address",
                                    "Startup Cost": 0.42,
                                    "Total Cost": 0.58,
                                    "Plan Rows": 1,
                                    "Plan Width": 18,
                                    "Actual Startup Time": 0.175,
                                    "Actual Total Time": 0.175,
                                    "Actual Rows": 0,
                                    "Actual Loops": 577,
                                    "Output": [
                                      "customer_address.ca_address_sk",
                                      "customer_address.ca_address_id",
                                      "customer_address.ca_street_number",
                                      "customer_address.ca_street_name",
                                      "customer_address.ca_street_type",
                                      "customer_address.ca_suite_number",
                                      "customer_address.ca_city",
                                      "customer_address.ca_county",
                                      "customer_address.ca_state",
                                      "customer_address.ca_zip",
                                      "customer_address.ca_country",
                                      "customer_address.ca_gmt_offset",
                                      "customer_address.ca_location_type"
                                    ],
                                    "Index Cond": "(customer_address.ca_address_sk = store_sales.ss_addr_sk)",
                                    "Rows Removed by Index Recheck": 0,
                                    "Filter": "(customer_address.ca_state = ANY ('{TX,VA}'::bpchar[]))",
                                    "Rows Removed by Filter": 1,
                                    "Shared Hit Blocks": 1492,
                                    "Shared Read Blocks": 750,
                                    "Shared Dirtied Blocks": 0,
                                    "Shared Written Blocks": 0,
                                    "Local Hit Blocks": 0,
                                    "Local Read Blocks": 0,
                                    "Local Dirtied Blocks": 0,
                                    "Local Written Blocks": 0,
                                    "Temp Read Blocks": 0,
                                    "Temp Written Blocks": 0,
                                    "Workers": [
                                      {
                                        "Worker Number": 0,
                                        "Actual Startup Time": 0.18,
                                        "Actual Total Time": 0.18,
                                        "Actual Rows": 0,
                                        "Actual Loops": 211,
                                        "Shared Hit Blocks": 548,
                                        "Shared Read Blocks": 273,
                                        "Shared Dirtied Blocks": 0,
                                        "Shared Written Blocks": 0,
                                        "Local Hit Blocks": 0,
                                        "Local Read Blocks": 0,
                                        "Local Dirtied Blocks": 0,
                                        "Local Written Blocks": 0,
                                        "Temp Read Blocks": 0,
                                        "Temp Written Blocks": 0
                                      },
                                      {
                                        "Worker Number": 1,
                                        "Actual Startup Time": 0.165,
                                        "Actual Total Time": 0.165,
                                        "Actual Rows": 0,
                                        "Actual Loops": 183,
                                        "Shared Hit Blocks": 489,
                                        "Shared Read Blocks": 228,
                                        "Shared Dirtied Blocks": 0,
                                        "Shared Written Blocks": 0,
                                        "Local Hit Blocks": 0,
                                        "Local Read Blocks": 0,
                                        "Local Dirtied Blocks": 0,
                                        "Local Written Blocks": 0,
                                        "Temp Read Blocks": 0,
                                        "Temp Written Blocks": 0
                                      }
                                    ]
                                  }
                                ]
                              },
                              {
                                "Node Type": "Index Scan",
                                "Parent Relationship": "Inner",
                                "Parallel Aware": false,
                                "Async Capable": false,
                                "Scan Direction": "Forward",
                                "Index Name": "_dta_index_date_dim_6_661577395__k1_k7_k9",
                                "Relation Name": "date_dim",
                                "Schema": "public",
                                "Alias": "date_dim",
                                "Startup Cost": 0.29,
                                "Total Cost": 0.37,
                                "Plan Rows": 1,
                                "Plan Width": 12,
                                "Actual Startup Time": 0.104,
                                "Actual Total Time": 0.104,
                                "Actual Rows": 1,
                                "Actual Loops": 71,
                                "Output": [
                                  "date_dim.d_date_sk",
                                  "date_dim.d_date_id",
                                  "date_dim.d_date",
                                  "date_dim.d_month_seq",
                                  "date_dim.d_week_seq",
                                  "date_dim.d_quarter_seq",
                                  "date_dim.d_year",
                                  "date_dim.d_dow",
                                  "date_dim.d_moy",
                                  "date_dim.d_dom",
                                  "date_dim.d_qoy",
                                  "date_dim.d_fy_year",
                                  "date_dim.d_fy_quarter_seq",
                                  "date_dim.d_fy_week_seq",
                                  "date_dim.d_day_name",
                                  "date_dim.d_quarter_name",
                                  "date_dim.d_holiday",
                                  "date_dim.d_weekend",
                                  "date_dim.d_following_holiday",
                                  "date_dim.d_first_dom",
                                  "date_dim.d_last_dom",
                                  "date_dim.d_same_day_ly",
                                  "date_dim.d_same_day_lq",
                                  "date_dim.d_current_day",
                                  "date_dim.d_current_week",
                                  "date_dim.d_current_month",
                                  "date_dim.d_current_quarter",
                                  "date_dim.d_current_year"
                                ],
                                "Index Cond": "(date_dim.d_date_sk = store_sales.ss_sold_date_sk)",
                                "Rows Removed by Index Recheck": 0,
                                "Shared Hit Blocks": 156,
                                "Shared Read Blocks": 56,
                                "Shared Dirtied Blocks": 0,
                                "Shared Written Blocks": 0,
                                "Local Hit Blocks": 0,
                                "Local Read Blocks": 0,
                                "Local Dirtied Blocks": 0,
                                "Local Written Blocks": 0,
                                "Temp Read Blocks": 0,
                                "Temp Written Blocks": 0,
                                "Workers": [
                                  {
                                    "Worker Number": 0,
                                    "Actual Startup Time": 0.111,
                                    "Actual Total Time": 0.111,
                                    "Actual Rows": 1,
                                    "Actual Loops": 27,
                                    "Shared Hit Blocks": 60,
                                    "Shared Read Blocks": 22,
                                    "Shared Dirtied Blocks": 0,
                                    "Shared Written Blocks": 0,
                                    "Local Hit Blocks": 0,
                                    "Local Read Blocks": 0,
                                    "Local Dirtied Blocks": 0,
                                    "Local Written Blocks": 0,
                                    "Temp Read Blocks": 0,
                                    "Temp Written Blocks": 0
                                  },
                                  {
                                    "Worker Number": 1,
                                    "Actual Startup Time": 0.113,
                                    "Actual Total Time": 0.113,
                                    "Actual Rows": 1,
                                    "Actual Loops": 22,
                                    "Shared Hit Blocks": 50,
                                    "Shared Read Blocks": 17,
                                    "Shared Dirtied Blocks": 0,
                                    "Shared Written Blocks": 0,
                                    "Local Hit Blocks": 0,
                                    "Local Read Blocks": 0,
                                    "Local Dirtied Blocks": 0,
                                    "Local Written Blocks": 0,
                                    "Temp Read Blocks": 0,
                                    "Temp Written Blocks": 0
                                  }
                                ]
                              }
                            ]
                          }
                        ]
                      }
                    ]
                  }
                ]
              }
            ]
          },
          {
            "Node Type": "Aggregate",
            "Strategy": "Sorted",
            "Partial Mode": "Finalize",
            "Parent Relationship": "InitPlan",
            "Subplan Name": "CTE ws",
            "Parallel Aware": false,
            "Async Capable": false,
            "Startup Cost": 177888.17,
            "Total Cost": 177890.35,
            "Plan Rows": 17,
            "Plan Width": 54,
            "Actual Startup Time": 0.0,
            "Actual Total Time": 0.0,
            "Actual Rows": 0,
            "Actual Loops": 0,
            "Output": [
              "customer_address_1.ca_county",
              "date_dim_1.d_qoy",
              "date_dim_1.d_year",
              "sum(web_sales.ws_ext_sales_price)"
            ],
            "Group Key": [
              "customer_address_1.ca_county",
              "date_dim_1.d_qoy",
              "date_dim_1.d_year"
            ],
            "Shared Hit Blocks": 0,
            "Shared Read Blocks": 0,
            "Shared Dirtied Blocks": 0,
            "Shared Written Blocks": 0,
            "Local Hit Blocks": 0,
            "Local Read Blocks": 0,
            "Local Dirtied Blocks": 0,
            "Local Written Blocks": 0,
            "Temp Read Blocks": 0,
            "Temp Written Blocks": 0,
            "Plans": [
              {
                "Node Type": "Gather Merge",
                "Parent Relationship": "Outer",
                "Parallel Aware": false,
                "Async Capable": false,
                "Startup Cost": 177888.17,
                "Total Cost": 177889.96,
                "Plan Rows": 14,
                "Plan Width": 54,
                "Actual Startup Time": 0.0,
                "Actual Total Time": 0.0,
                "Actual Rows": 0,
                "Actual Loops": 0,
                "Output": [
                  "customer_address_1.ca_county",
                  "date_dim_1.d_qoy",
                  "date_dim_1.d_year",
                  "(PARTIAL sum(web_sales.ws_ext_sales_price))"
                ],
                "Workers Planned": 2,
                "Workers Launched": 0,
                "Shared Hit Blocks": 0,
                "Shared Read Blocks": 0,
                "Shared Dirtied Blocks": 0,
                "Shared Written Blocks": 0,
                "Local Hit Blocks": 0,
                "Local Read Blocks": 0,
                "Local Dirtied Blocks": 0,
                "Local Written Blocks": 0,
                "Temp Read Blocks": 0,
                "Temp Written Blocks": 0,
                "Plans": [
                  {
                    "Node Type": "Aggregate",
                    "Strategy": "Sorted",
                    "Partial Mode": "Partial",
                    "Parent Relationship": "Outer",
                    "Parallel Aware": false,
                    "Async Capable": false,
                    "Startup Cost": 176888.15,
                    "Total Cost": 176888.32,
                    "Plan Rows": 7,
                    "Plan Width": 54,
                    "Actual Startup Time": 0.0,
                    "Actual Total Time": 0.0,
                    "Actual Rows": 0,
                    "Actual Loops": 0,
                    "Output": [
                      "customer_address_1.ca_county",
                      "date_dim_1.d_qoy",
                      "date_dim_1.d_year",
                      "PARTIAL sum(web_sales.ws_ext_sales_price)"
                    ],
                    "Group Key": [
                      "customer_address_1.ca_county",
                      "date_dim_1.d_qoy",
                      "date_dim_1.d_year"
                    ],
                    "Shared Hit Blocks": 0,
                    "Shared Read Blocks": 0,
                    "Shared Dirtied Blocks": 0,
                    "Shared Written Blocks": 0,
                    "Local Hit Blocks": 0,
                    "Local Read Blocks": 0,
                    "Local Dirtied Blocks": 0,
                    "Local Written Blocks": 0,
                    "Temp Read Blocks": 0,
                    "Temp Written Blocks": 0,
                    "Plans": [
                      {
                        "Node Type": "Sort",
                        "Parent Relationship": "Outer",
                        "Parallel Aware": false,
                        "Async Capable": false,
                        "Startup Cost": 176888.15,
                        "Total Cost": 176888.16,
                        "Plan Rows": 7,
                        "Plan Width": 28,
                        "Actual Startup Time": 0.0,
                        "Actual Total Time": 0.0,
                        "Actual Rows": 0,
                        "Actual Loops": 0,
                        "Output": [
                          "customer_address_1.ca_county",
                          "date_dim_1.d_qoy",
                          "date_dim_1.d_year",
                          "web_sales.ws_ext_sales_price"
                        ],
                        "Sort Key": [
                          "customer_address_1.ca_county",
                          "date_dim_1.d_qoy",
                          "date_dim_1.d_year"
                        ],
                        "Shared Hit Blocks": 0,
                        "Shared Read Blocks": 0,
                        "Shared Dirtied Blocks": 0,
                        "Shared Written Blocks": 0,
                        "Local Hit Blocks": 0,
                        "Local Read Blocks": 0,
                        "Local Dirtied Blocks": 0,
                        "Local Written Blocks": 0,
                        "Temp Read Blocks": 0,
                        "Temp Written Blocks": 0,
                        "Plans": [
                          {
                            "Node Type": "Nested Loop",
                            "Parent Relationship": "Outer",
                            "Parallel Aware": false,
                            "Async Capable": false,
                            "Join Type": "Inner",
                            "Startup Cost": 11.57,
                            "Total Cost": 176888.05,
                            "Plan Rows": 7,
                            "Plan Width": 28,
                            "Actual Startup Time": 0.0,
                            "Actual Total Time": 0.0,
                            "Actual Rows": 0,
                            "Actual Loops": 0,
                            "Output": [
                              "customer_address_1.ca_county",
                              "date_dim_1.d_qoy",
                              "date_dim_1.d_year",
                              "web_sales.ws_ext_sales_price"
                            ],
                            "Inner Unique": true,
                            "Shared Hit Blocks": 0,
                            "Shared Read Blocks": 0,
                            "Shared Dirtied Blocks": 0,
                            "Shared Written Blocks": 0,
                            "Local Hit Blocks": 0,
                            "Local Read Blocks": 0,
                            "Local Dirtied Blocks": 0,
                            "Local Written Blocks": 0,
                            "Temp Read Blocks": 0,
                            "Temp Written Blocks": 0,
                            "Plans": [
                              {
                                "Node Type": "Nested Loop",
                                "Parent Relationship": "Outer",
                                "Parallel Aware": false,
                                "Async Capable": false,
                                "Join Type": "Inner",
                                "Startup Cost": 11.28,
                                "Total Cost": 176884.38,
                                "Plan Rows": 7,
                                "Plan Width": 24,
                                "Actual Startup Time": 0.0,
                                "Actual Total Time": 0.0,
                                "Actual Rows": 0,
                                "Actual Loops": 0,
                                "Output": [
                                  "web_sales.ws_ext_sales_price",
                                  "web_sales.ws_sold_date_sk",
                                  "customer_address_1.ca_county"
                                ],
                                "Inner Unique": true,
                                "Shared Hit Blocks": 0,
                                "Shared Read Blocks": 0,
                                "Shared Dirtied Blocks": 0,
                                "Shared Written Blocks": 0,
                                "Local Hit Blocks": 0,
                                "Local Read Blocks": 0,
                                "Local Dirtied Blocks": 0,
                                "Local Written Blocks": 0,
                                "Temp Read Blocks": 0,
                                "Temp Written Blocks": 0,
                                "Plans": [
                                  {
                                    "Node Type": "Nested Loop",
                                    "Parent Relationship": "Outer",
                                    "Parallel Aware": false,
                                    "Async Capable": false,
                                    "Join Type": "Inner",
                                    "Startup Cost": 10.86,
                                    "Total Cost": 176813.55,
                                    "Plan Rows": 57,
                                    "Plan Width": 14,
                                    "Actual Startup Time": 0.0,
                                    "Actual Total Time": 0.0,
                                    "Actual Rows": 0,
                                    "Actual Loops": 0,
                                    "Output": [
                                      "web_sales.ws_ext_sales_price",
                                      "web_sales.ws_sold_date_sk",
                                      "web_sales.ws_bill_addr_sk"
                                    ],
                                    "Inner Unique": false,
                                    "Shared Hit Blocks": 0,
                                    "Shared Read Blocks": 0,
                                    "Shared Dirtied Blocks": 0,
                                    "Shared Written Blocks": 0,
                                    "Local Hit Blocks": 0,
                                    "Local Read Blocks": 0,
                                    "Local Dirtied Blocks": 0,
                                    "Local Written Blocks": 0,
                                    "Temp Read Blocks": 0,
                                    "Temp Written Blocks": 0,
                                    "Plans": [
                                      {
                                        "Node Type": "Index Scan",
                                        "Parent Relationship": "Outer",
                                        "Parallel Aware": true,
                                        "Async Capable": false,
                                        "Scan Direction": "Forward",
                                        "Index Name": "item_pkey",
                                        "Relation Name": "item",
                                        "Schema": "public",
                                        "Alias": "item_1",
                                        "Startup Cost": 0.29,
                                        "Total Cost": 9446.22,
                                        "Plan Rows": 190,
                                        "Plan Width": 4,
                                        "Actual Startup Time": 0.0,
                                        "Actual Total Time": 0.0,
                                        "Actual Rows": 0,
                                        "Actual Loops": 0,
                                        "Output": [
                                          "item_1.i_item_sk",
                                          "item_1.i_item_id",
                                          "item_1.i_rec_start_date",
                                          "item_1.i_rec_end_date",
                                          "item_1.i_item_desc",
                                          "item_1.i_current_price",
                                          "item_1.i_wholesale_cost",
                                          "item_1.i_brand_id",
                                          "item_1.i_brand",
                                          "item_1.i_class_id",
                                          "item_1.i_class",
                                          "item_1.i_category_id",
                                          "item_1.i_category",
                                          "item_1.i_manufact_id",
                                          "item_1.i_manufact",
                                          "item_1.i_size",
                                          "item_1.i_formulation",
                                          "item_1.i_color",
                                          "item_1.i_units",
                                          "item_1.i_container",
                                          "item_1.i_manager_id",
                                          "item_1.i_product_name"
                                        ],
                                        "Filter": "((item_1.i_color = ANY ('{blanched,rosy}'::bpchar[])) AND (item_1.i_manager_id >= 16) AND (item_1.i_manager_id <= 35))",
                                        "Rows Removed by Filter": 0,
                                        "Shared Hit Blocks": 0,
                                        "Shared Read Blocks": 0,
                                        "Shared Dirtied Blocks": 0,
                                        "Shared Written Blocks": 0,
                                        "Local Hit Blocks": 0,
                                        "Local Read Blocks": 0,
                                        "Local Dirtied Blocks": 0,
                                        "Local Written Blocks": 0,
                                        "Temp Read Blocks": 0,
                                        "Temp Written Blocks": 0
                                      },
                                      {
                                        "Node Type": "Bitmap Heap Scan",
                                        "Parent Relationship": "Inner",
                                        "Parallel Aware": false,
                                        "Async Capable": false,
                                        "Relation Name": "web_sales",
                                        "Schema": "public",
                                        "Alias": "web_sales",
                                        "Startup Cost": 10.56,
                                        "Total Cost": 880.87,
                                        "Plan Rows": 1,
                                        "Plan Width": 18,
                                        "Actual Startup Time": 0.0,
                                        "Actual Total Time": 0.0,
                                        "Actual Rows": 0,
                                        "Actual Loops": 0,
                                        "Output": [
                                          "web_sales.ws_sold_date_sk",
                                          "web_sales.ws_sold_time_sk",
                                          "web_sales.ws_ship_date_sk",
                                          "web_sales.ws_item_sk",
                                          "web_sales.ws_bill_customer_sk",
                                          "web_sales.ws_bill_cdemo_sk",
                                          "web_sales.ws_bill_hdemo_sk",
                                          "web_sales.ws_bill_addr_sk",
                                          "web_sales.ws_ship_customer_sk",
                                          "web_sales.ws_ship_cdemo_sk",
                                          "web_sales.ws_ship_hdemo_sk",
                                          "web_sales.ws_ship_addr_sk",
                                          "web_sales.ws_web_page_sk",
                                          "web_sales.ws_web_site_sk",
                                          "web_sales.ws_ship_mode_sk",
                                          "web_sales.ws_warehouse_sk",
                                          "web_sales.ws_promo_sk",
                                          "web_sales.ws_order_number",
                                          "web_sales.ws_quantity",
                                          "web_sales.ws_wholesale_cost",
                                          "web_sales.ws_list_price",
                                          "web_sales.ws_sales_price",
                                          "web_sales.ws_ext_discount_amt",
                                          "web_sales.ws_ext_sales_price",
                                          "web_sales.ws_ext_wholesale_cost",
                                          "web_sales.ws_ext_list_price",
                                          "web_sales.ws_ext_tax",
                                          "web_sales.ws_coupon_amt",
                                          "web_sales.ws_ext_ship_cost",
                                          "web_sales.ws_net_paid",
                                          "web_sales.ws_net_paid_inc_tax",
                                          "web_sales.ws_net_paid_inc_ship",
                                          "web_sales.ws_net_paid_inc_ship_tax",
                                          "web_sales.ws_net_profit"
                                        ],
                                        "Recheck Cond": "(web_sales.ws_item_sk = item_1.i_item_sk)",
                                        "Rows Removed by Index Recheck": 0,
                                        "Filter": "((web_sales.ws_list_price >= '286'::numeric) AND (web_sales.ws_list_price <= '300'::numeric))",
                                        "Rows Removed by Filter": 0,
                                        "Exact Heap Blocks": 0,
                                        "Lossy Heap Blocks": 0,
                                        "Shared Hit Blocks": 0,
                                        "Shared Read Blocks": 0,
                                        "Shared Dirtied Blocks": 0,
                                        "Shared Written Blocks": 0,
                                        "Local Hit Blocks": 0,
                                        "Local Read Blocks": 0,
                                        "Local Dirtied Blocks": 0,
                                        "Local Written Blocks": 0,
                                        "Temp Read Blocks": 0,
                                        "Temp Written Blocks": 0,
                                        "Plans": [
                                          {
                                            "Node Type": "Bitmap Index Scan",
                                            "Parent Relationship": "Outer",
                                            "Parallel Aware": false,
                                            "Async Capable": false,
                                            "Index Name": "web_sales_pkey",
                                            "Startup Cost": 0.0,
                                            "Total Cost": 10.56,
                                            "Plan Rows": 304,
                                            "Plan Width": 0,
                                            "Actual Startup Time": 0.0,
                                            "Actual Total Time": 0.0,
                                            "Actual Rows": 0,
                                            "Actual Loops": 0,
                                            "Index Cond": "(web_sales.ws_item_sk = item_1.i_item_sk)",
                                            "Shared Hit Blocks": 0,
                                            "Shared Read Blocks": 0,
                                            "Shared Dirtied Blocks": 0,
                                            "Shared Written Blocks": 0,
                                            "Local Hit Blocks": 0,
                                            "Local Read Blocks": 0,
                                            "Local Dirtied Blocks": 0,
                                            "Local Written Blocks": 0,
                                            "Temp Read Blocks": 0,
                                            "Temp Written Blocks": 0
                                          }
                                        ]
                                      }
                                    ]
                                  },
                                  {
                                    "Node Type": "Index Scan",
                                    "Parent Relationship": "Inner",
                                    "Parallel Aware": false,
                                    "Async Capable": false,
                                    "Scan Direction": "Forward",
                                    "Index Name": "customer_address_pkey",
                                    "Relation Name": "customer_address",
                                    "Schema": "public",
                                    "Alias": "customer_address_1",
                                    "Startup Cost": 0.42,
                                    "Total Cost": 1.24,
                                    "Plan Rows": 1,
                                    "Plan Width": 18,
                                    "Actual Startup Time": 0.0,
                                    "Actual Total Time": 0.0,
                                    "Actual Rows": 0,
                                    "Actual Loops": 0,
                                    "Output": [
                                      "customer_address_1.ca_address_sk",
                                      "customer_address_1.ca_address_id",
                                      "customer_address_1.ca_street_number",
                                      "customer_address_1.ca_street_name",
                                      "customer_address_1.ca_street_type",
                                      "customer_address_1.ca_suite_number",
                                      "customer_address_1.ca_city",
                                      "customer_address_1.ca_county",
                                      "customer_address_1.ca_state",
                                      "customer_address_1.ca_zip",
                                      "customer_address_1.ca_country",
                                      "customer_address_1.ca_gmt_offset",
                                      "customer_address_1.ca_location_type"
                                    ],
                                    "Index Cond": "(customer_address_1.ca_address_sk = web_sales.ws_bill_addr_sk)",
                                    "Rows Removed by Index Recheck": 0,
                                    "Filter": "(customer_address_1.ca_state = ANY ('{TX,VA}'::bpchar[]))",
                                    "Rows Removed by Filter": 0,
                                    "Shared Hit Blocks": 0,
                                    "Shared Read Blocks": 0,
                                    "Shared Dirtied Blocks": 0,
                                    "Shared Written Blocks": 0,
                                    "Local Hit Blocks": 0,
                                    "Local Read Blocks": 0,
                                    "Local Dirtied Blocks": 0,
                                    "Local Written Blocks": 0,
                                    "Temp Read Blocks": 0,
                                    "Temp Written Blocks": 0
                                  }
                                ]
                              },
                              {
                                "Node Type": "Index Scan",
                                "Parent Relationship": "Inner",
                                "Parallel Aware": false,
                                "Async Capable": false,
                                "Scan Direction": "Forward",
                                "Index Name": "date_dim_pkey",
                                "Relation Name": "date_dim",
                                "Schema": "public",
                                "Alias": "date_dim_1",
                                "Startup Cost": 0.29,
                                "Total Cost": 0.52,
                                "Plan Rows": 1,
                                "Plan Width": 12,
                                "Actual Startup Time": 0.0,
                                "Actual Total Time": 0.0,
                                "Actual Rows": 0,
                                "Actual Loops": 0,
                                "Output": [
                                  "date_dim_1.d_date_sk",
                                  "date_dim_1.d_date_id",
                                  "date_dim_1.d_date",
                                  "date_dim_1.d_month_seq",
                                  "date_dim_1.d_week_seq",
                                  "date_dim_1.d_quarter_seq",
                                  "date_dim_1.d_year",
                                  "date_dim_1.d_dow",
                                  "date_dim_1.d_moy",
                                  "date_dim_1.d_dom",
                                  "date_dim_1.d_qoy",
                                  "date_dim_1.d_fy_year",
                                  "date_dim_1.d_fy_quarter_seq",
                                  "date_dim_1.d_fy_week_seq",
                                  "date_dim_1.d_day_name",
                                  "date_dim_1.d_quarter_name",
                                  "date_dim_1.d_holiday",
                                  "date_dim_1.d_weekend",
                                  "date_dim_1.d_following_holiday",
                                  "date_dim_1.d_first_dom",
                                  "date_dim_1.d_last_dom",
                                  "date_dim_1.d_same_day_ly",
                                  "date_dim_1.d_same_day_lq",
                                  "date_dim_1.d_current_day",
                                  "date_dim_1.d_current_week",
                                  "date_dim_1.d_current_month",
                                  "date_dim_1.d_current_quarter",
                                  "date_dim_1.d_current_year"
                                ],
                                "Index Cond": "(date_dim_1.d_date_sk = web_sales.ws_sold_date_sk)",
                                "Rows Removed by Index Recheck": 0,
                                "Shared Hit Blocks": 0,
                                "Shared Read Blocks": 0,
                                "Shared Dirtied Blocks": 0,
                                "Shared Written Blocks": 0,
                                "Local Hit Blocks": 0,
                                "Local Read Blocks": 0,
                                "Local Dirtied Blocks": 0,
                                "Local Written Blocks": 0,
                                "Temp Read Blocks": 0,
                                "Temp Written Blocks": 0
                              }
                            ]
                          }
                        ]
                      }
                    ]
                  }
                ]
              }
            ]
          },
          {
            "Node Type": "Nested Loop",
            "Parent Relationship": "Outer",
            "Parallel Aware": false,
            "Async Capable": false,
            "Join Type": "Inner",
            "Startup Cost": 0.0,
            "Total Cost": 11.27,
            "Plan Rows": 1,
            "Plan Width": 210,
            "Actual Startup Time": 6685.964,
            "Actual Total Time": 6685.966,
            "Actual Rows": 0,
            "Actual Loops": 1,
            "Output": [
              "ss1.ca_county",
              "ss1.d_year",
              "(ws2.web_sales / ws1.web_sales)",
              "(ss2.store_sales / ss1.store_sales)",
              "(ws3.web_sales / ws2.web_sales)",
              "(ss3.store_sales / ss2.store_sales)"
            ],
            "Inner Unique": false,
            "Join Filter": "(((ss1.ca_county)::text = (ws3.ca_county)::text) AND (CASE WHEN (ws2.web_sales > '0'::numeric) THEN (ws3.web_sales / ws2.web_sales) ELSE NULL::numeric END > CASE WHEN (ss2.store_sales > '0'::numeric) THEN (ss3.store_sales / ss2.store_sales) ELSE NULL::numeric END))",
            "Rows Removed by Join Filter": 0,
            "Shared Hit Blocks": 1791,
            "Shared Read Blocks": 23405,
            "Shared Dirtied Blocks": 0,
            "Shared Written Blocks": 0,
            "Local Hit Blocks": 0,
            "Local Read Blocks": 0,
            "Local Dirtied Blocks": 0,
            "Local Written Blocks": 0,
            "Temp Read Blocks": 0,
            "Temp Written Blocks": 0,
            "Plans": [
              {
                "Node Type": "Nested Loop",
                "Parent Relationship": "Outer",
                "Parallel Aware": false,
                "Async Capable": false,
                "Join Type": "Inner",
                "Startup Cost": 0.0,
                "Total Cost": 10.81,
                "Plan Rows": 1,
                "Plan Width": 554,
                "Actual Startup Time": 6685.964,
                "Actual Total Time": 6685.966,
                "Actual Rows": 0,
                "Actual Loops": 1,
                "Output": [
                  "ss1.ca_county",
                  "ss1.d_year",
                  "ss1.store_sales",
                  "ss2.store_sales",
                  "ss2.ca_county",
                  "ss3.store_sales",
                  "ss3.ca_county",
                  "ws1.web_sales",
                  "ws1.ca_county",
                  "ws2.web_sales",
                  "ws2.ca_county"
                ],
                "Inner Unique": false,
                "Join Filter": "(((ss1.ca_county)::text = (ws2.ca_county)::text) AND (CASE WHEN (ws1.web_sales > '0'::numeric) THEN (ws2.web_sales / ws1.web_sales) ELSE NULL::numeric END > CASE WHEN (ss1.store_sales > '0'::numeric) THEN (ss2.store_sales / ss1.store_sales) ELSE NULL::numeric END))",
                "Rows Removed by Join Filter": 0,
                "Shared Hit Blocks": 1791,
                "Shared Read Blocks": 23405,
                "Shared Dirtied Blocks": 0,
                "Shared Written Blocks": 0,
                "Local Hit Blocks": 0,
                "Local Read Blocks": 0,
                "Local Dirtied Blocks": 0,
                "Local Written Blocks": 0,
                "Temp Read Blocks": 0,
                "Temp Written Blocks": 0,
                "Plans": [
                  {
                    "Node Type": "Nested Loop",
                    "Parent Relationship": "Outer",
                    "Parallel Aware": false,
                    "Async Capable": false,
                    "Join Type": "Inner",
                    "Startup Cost": 0.0,
                    "Total Cost": 10.36,
                    "Plan Rows": 1,
                    "Plan Width": 444,
                    "Actual Startup Time": 6685.963,
                    "Actual Total Time": 6685.965,
                    "Actual Rows": 0,
                    "Actual Loops": 1,
                    "Output": [
                      "ss1.ca_county",
                      "ss1.d_year",
                      "ss1.store_sales",
                      "ss2.store_sales",
                      "ss2.ca_county",
                      "ss3.store_sales",
                      "ss3.ca_county",
                      "ws1.web_sales",
                      "ws1.ca_county"
                    ],
                    "Inner Unique": false,
                    "Join Filter": "((ss1.ca_county)::text = (ws1.ca_county)::text)",
                    "Rows Removed by Join Filter": 0,
                    "Shared Hit Blocks": 1791,
                    "Shared Read Blocks": 23405,
                    "Shared Dirtied Blocks": 0,
                    "Shared Written Blocks": 0,
                    "Local Hit Blocks": 0,
                    "Local Read Blocks": 0,
                    "Local Dirtied Blocks": 0,
                    "Local Written Blocks": 0,
                    "Temp Read Blocks": 0,
                    "Temp Written Blocks": 0,
                    "Plans": [
                      {
                        "Node Type": "Nested Loop",
                        "Parent Relationship": "Outer",
                        "Parallel Aware": false,
                        "Async Capable": false,
                        "Join Type": "Inner",
                        "Startup Cost": 0.0,
                        "Total Cost": 9.93,
                        "Plan Rows": 1,
                        "Plan Width": 334,
                        "Actual Startup Time": 6685.963,
                        "Actual Total Time": 6685.964,
                        "Actual Rows": 0,
                        "Actual Loops": 1,
                        "Output": [
                          "ss1.ca_county",
                          "ss1.d_year",
                          "ss1.store_sales",
                          "ss2.store_sales",
                          "ss2.ca_county",
                          "ss3.store_sales",
                          "ss3.ca_county"
                        ],
                        "Inner Unique": false,
                        "Join Filter": "((ss1.ca_county)::text = (ss3.ca_county)::text)",
                        "Rows Removed by Join Filter": 0,
                        "Shared Hit Blocks": 1791,
                        "Shared Read Blocks": 23405,
                        "Shared Dirtied Blocks": 0,
                        "Shared Written Blocks": 0,
                        "Local Hit Blocks": 0,
                        "Local Read Blocks": 0,
                        "Local Dirtied Blocks": 0,
                        "Local Written Blocks": 0,
                        "Temp Read Blocks": 0,
                        "Temp Written Blocks": 0,
                        "Plans": [
                          {
                            "Node Type": "Nested Loop",
                            "Parent Relationship": "Outer",
                            "Parallel Aware": false,
                            "Async Capable": false,
                            "Join Type": "Inner",
                            "Startup Cost": 0.0,
                            "Total Cost": 6.61,
                            "Plan Rows": 1,
                            "Plan Width": 224,
                            "Actual Startup Time": 6685.963,
                            "Actual Total Time": 6685.964,
                            "Actual Rows": 0,
                            "Actual Loops": 1,
                            "Output": [
                              "ss1.ca_county",
                              "ss1.d_year",
                              "ss1.store_sales",
                              "ss2.store_sales",
                              "ss2.ca_county"
                            ],
                            "Inner Unique": false,
                            "Join Filter": "((ss1.ca_county)::text = (ss2.ca_county)::text)",
                            "Rows Removed by Join Filter": 16,
                            "Shared Hit Blocks": 1791,
                            "Shared Read Blocks": 23405,
                            "Shared Dirtied Blocks": 0,
                            "Shared Written Blocks": 0,
                            "Local Hit Blocks": 0,
                            "Local Read Blocks": 0,
                            "Local Dirtied Blocks": 0,
                            "Local Written Blocks": 0,
                            "Temp Read Blocks": 0,
                            "Temp Written Blocks": 0,
                            "Plans": [
                              {
                                "Node Type": "CTE Scan",
                                "Parent Relationship": "Outer",
                                "Parallel Aware": false,
                                "Async Capable": false,
                                "CTE Name": "ss",
                                "Alias": "ss1",
                                "Startup Cost": 0.0,
                                "Total Cost": 3.3,
                                "Plan Rows": 1,
                                "Plan Width": 114,
                                "Actual Startup Time": 6685.909,
                                "Actual Total Time": 6685.91,
                                "Actual Rows": 4,
                                "Actual Loops": 1,
                                "Output": [
                                  "ss1.ca_county",
                                  "ss1.d_qoy",
                                  "ss1.d_year",
                                  "ss1.store_sales"
                                ],
                                "Filter": "((ss1.d_qoy = 1) AND (ss1.d_year = 1998))",
                                "Rows Removed by Filter": 66,
                                "Shared Hit Blocks": 1791,
                                "Shared Read Blocks": 23405,
                                "Shared Dirtied Blocks": 0,
                                "Shared Written Blocks": 0,
                                "Local Hit Blocks": 0,
                                "Local Read Blocks": 0,
                                "Local Dirtied Blocks": 0,
                                "Local Written Blocks": 0,
                                "Temp Read Blocks": 0,
                                "Temp Written Blocks": 0
                              },
                              {
                                "Node Type": "CTE Scan",
                                "Parent Relationship": "Inner",
                                "Parallel Aware": false,
                                "Async Capable": false,
                                "CTE Name": "ss",
                                "Alias": "ss2",
                                "Startup Cost": 0.0,
                                "Total Cost": 3.3,
                                "Plan Rows": 1,
                                "Plan Width": 110,
                                "Actual Startup Time": 0.001,
                                "Actual Total Time": 0.012,
                                "Actual Rows": 4,
                                "Actual Loops": 4,
                                "Output": [
                                  "ss2.ca_county",
                                  "ss2.d_qoy",
                                  "ss2.d_year",
                                  "ss2.store_sales"
                                ],
                                "Filter": "((ss2.d_year = 1998) AND (ss2.d_qoy = 2))",
                                "Rows Removed by Filter": 66,
                                "Shared Hit Blocks": 0,
                                "Shared Read Blocks": 0,
                                "Shared Dirtied Blocks": 0,
                                "Shared Written Blocks": 0,
                                "Local Hit Blocks": 0,
                                "Local Read Blocks": 0,
                                "Local Dirtied Blocks": 0,
                                "Local Written Blocks": 0,
                                "Temp Read Blocks": 0,
                                "Temp Written Blocks": 0
                              }
                            ]
                          },
                          {
                            "Node Type": "CTE Scan",
                            "Parent Relationship": "Inner",
                            "Parallel Aware": false,
                            "Async Capable": false,
                            "CTE Name": "ss",
                            "Alias": "ss3",
                            "Startup Cost": 0.0,
                            "Total Cost": 3.3,
                            "Plan Rows": 1,
                            "Plan Width": 110,
                            "Actual Startup Time": 0.0,
                            "Actual Total Time": 0.0,
                            "Actual Rows": 0,
                            "Actual Loops": 0,
                            "Output": [
                              "ss3.ca_county",
                              "ss3.d_qoy",
                              "ss3.d_year",
                              "ss3.store_sales"
                            ],
                            "Filter": "((ss3.d_year = 1998) AND (ss3.d_qoy = 3))",
                            "Rows Removed by Filter": 0,
                            "Shared Hit Blocks": 0,
                            "Shared Read Blocks": 0,
                            "Shared Dirtied Blocks": 0,
                            "Shared Written Blocks": 0,
                            "Local Hit Blocks": 0,
                            "Local Read Blocks": 0,
                            "Local Dirtied Blocks": 0,
                            "Local Written Blocks": 0,
                            "Temp Read Blocks": 0,
                            "Temp Written Blocks": 0
                          }
                        ]
                      },
                      {
                        "Node Type": "CTE Scan",
                        "Parent Relationship": "Inner",
                        "Parallel Aware": false,
                        "Async Capable": false,
                        "CTE Name": "ws",
                        "Alias": "ws1",
                        "Startup Cost": 0.0,
                        "Total Cost": 0.43,
                        "Plan Rows": 1,
                        "Plan Width": 110,
                        "Actual Startup Time": 0.0,
                        "Actual Total Time": 0.0,
                        "Actual Rows": 0,
                        "Actual Loops": 0,
                        "Output": [
                          "ws1.ca_county",
                          "ws1.d_qoy",
                          "ws1.d_year",
                          "ws1.web_sales"
                        ],
                        "Filter": "((ws1.d_qoy = 1) AND (ws1.d_year = 1998))",
                        "Rows Removed by Filter": 0,
                        "Shared Hit Blocks": 0,
                        "Shared Read Blocks": 0,
                        "Shared Dirtied Blocks": 0,
                        "Shared Written Blocks": 0,
                        "Local Hit Blocks": 0,
                        "Local Read Blocks": 0,
                        "Local Dirtied Blocks": 0,
                        "Local Written Blocks": 0,
                        "Temp Read Blocks": 0,
                        "Temp Written Blocks": 0
                      }
                    ]
                  },
                  {
                    "Node Type": "CTE Scan",
                    "Parent Relationship": "Inner",
                    "Parallel Aware": false,
                    "Async Capable": false,
                    "CTE Name": "ws",
                    "Alias": "ws2",
                    "Startup Cost": 0.0,
                    "Total Cost": 0.43,
                    "Plan Rows": 1,
                    "Plan Width": 110,
                    "Actual Startup Time": 0.0,
                    "Actual Total Time": 0.0,
                    "Actual Rows": 0,
                    "Actual Loops": 0,
                    "Output": [
                      "ws2.ca_county",
                      "ws2.d_qoy",
                      "ws2.d_year",
                      "ws2.web_sales"
                    ],
                    "Filter": "((ws2.d_year = 1998) AND (ws2.d_qoy = 2))",
                    "Rows Removed by Filter": 0,
                    "Shared Hit Blocks": 0,
                    "Shared Read Blocks": 0,
                    "Shared Dirtied Blocks": 0,
                    "Shared Written Blocks": 0,
                    "Local Hit Blocks": 0,
                    "Local Read Blocks": 0,
                    "Local Dirtied Blocks": 0,
                    "Local Written Blocks": 0,
                    "Temp Read Blocks": 0,
                    "Temp Written Blocks": 0
                  }
                ]
              },
              {
                "Node Type": "CTE Scan",
                "Parent Relationship": "Inner",
                "Parallel Aware": false,
                "Async Capable": false,
                "CTE Name": "ws",
                "Alias": "ws3",
                "Startup Cost": 0.0,
                "Total Cost": 0.43,
                "Plan Rows": 1,
                "Plan Width": 110,
                "Actual Startup Time": 0.0,
                "Actual Total Time": 0.0,
                "Actual Rows": 0,
                "Actual Loops": 0,
                "Output": [
                  "ws3.ca_county",
                  "ws3.d_qoy",
                  "ws3.d_year",
                  "ws3.web_sales"
                ],
                "Filter": "((ws3.d_year = 1998) AND (ws3.d_qoy = 3))",
                "Rows Removed by Filter": 0,
                "Shared Hit Blocks": 0,
                "Shared Read Blocks": 0,
                "Shared Dirtied Blocks": 0,
                "Shared Written Blocks": 0,
                "Local Hit Blocks": 0,
                "Local Read Blocks": 0,
                "Local Dirtied Blocks": 0,
                "Local Written Blocks": 0,
                "Temp Read Blocks": 0,
                "Temp Written Blocks": 0
              }
            ]
          }
        ]
      },
      "Planning": {
        "Shared Hit Blocks": 52,
        "Shared Read Blocks": 39,
        "Shared Dirtied Blocks": 0,
        "Shared Written Blocks": 0,
        "Local Hit Blocks": 0,
        "Local Read Blocks": 0,
        "Local Dirtied Blocks": 0,
        "Local Written Blocks": 0,
        "Temp Read Blocks": 0,
        "Temp Written Blocks": 0
      },
      "Planning Time": 5.909,
      "Triggers": [],
      "JIT": {
        "Functions": 144,
        "Options": {
          "Inlining": true,
          "Optimization": true,
          "Expressions": true,
          "Deforming": true
        },
        "Timing": {
          "Generation": 8.487,
          "Inlining": 121.651,
          "Optimization": 821.545,
          "Emission": 524.478,
          "Total": 1476.161
        }
      },
      "Execution Time": 6697.724
    }
  ],
  "original_sql": "with ss as\n (select ca_county,d_qoy, d_year,sum(ss_ext_sales_price) as store_sales\n from store_sales,date_dim,customer_address, item\n where ss_sold_date_sk = d_date_sk\n  and ss_addr_sk=ca_address_sk\n  and ss_item_sk = i_item_sk\n  and i_color IN ('blanched', 'rosy')\n  and i_manager_id BETWEEN 16 and 35\n  and ss_list_price between 286 and 300\n  and ca_state in ('TX','VA')\n group by ca_county,d_qoy, d_year),\n ws as\n (select ca_county,d_qoy, d_year,sum(ws_ext_sales_price) as web_sales\n from web_sales,date_dim,customer_address, item\n where ws_sold_date_sk = d_date_sk\n  and ws_bill_addr_sk=ca_address_sk\n  and ws_item_sk = i_item_sk\n  and i_color IN ('blanched', 'rosy')\n  and i_manager_id BETWEEN 16 and 35\n  and ws_list_price between 286 and 300\n  and ca_state in ('TX','VA')\ngroup by ca_county,d_qoy, d_year)\n select\n        ss1.ca_county\n       ,ss1.d_year\n       ,ws2.web_sales/ws1.web_sales web_q1_q2_increase\n       ,ss2.store_sales/ss1.store_sales store_q1_q2_increase\n       ,ws3.web_sales/ws2.web_sales web_q2_q3_increase\n       ,ss3.store_sales/ss2.store_sales store_q2_q3_increase\n from\n        ss ss1\n       ,ss ss2\n       ,ss ss3\n       ,ws ws1\n       ,ws ws2\n       ,ws ws3\n where\n    ss1.d_qoy = 1\n    and ss1.d_year = 1998\n    and ss1.ca_county = ss2.ca_county\n    and ss2.d_qoy = 2\n    and ss2.d_year = 1998\n and ss2.ca_county = ss3.ca_county\n    and ss3.d_qoy = 3\n    and ss3.d_year = 1998\n    and ss1.ca_county = ws1.ca_county\n    and ws1.d_qoy = 1\n    and ws1.d_year = 1998\n    and ws1.ca_county = ws2.ca_county\n    and ws2.d_qoy = 2\n    and ws2.d_year = 1998\n    and ws1.ca_county = ws3.ca_county\n    and ws3.d_qoy = 3\n    and ws3.d_year =1998\n    and case when ws1.web_sales > 0 then ws2.web_sales/ws1.web_sales else null end\n       > case when ss1.store_sales > 0 then ss2.store_sales/ss1.store_sales else null end\n    and case when ws2.web_sales > 0 then ws3.web_sales/ws2.web_sales else null end\n       > case when ss2.store_sales > 0 then ss3.store_sales/ss2.store_sales else null end\n order by web_q1_q2_increase"
}