{
  "query_id": "query101_spj_spj",
  "engine": "postgresql",
  "benchmark": "dsb",
  "scale_factor": 10,
  "execution_time_ms": 122096.929,
  "planning_time_ms": 26.447,
  "plan_json": [
    {
      "Plan": {
        "Node Type": "Aggregate",
        "Strategy": "Plain",
        "Partial Mode": "Simple",
        "Parallel Aware": false,
        "Async Capable": false,
        "Startup Cost": 87221.06,
        "Total Cost": 87221.07,
        "Plan Rows": 1,
        "Plan Width": 16,
        "Actual Startup Time": 122085.816,
        "Actual Total Time": 122096.832,
        "Actual Rows": 1,
        "Actual Loops": 1,
        "Output": [
          "min(customer.c_customer_sk)",
          "min(store_sales.ss_item_sk)",
          "min(store_returns.sr_ticket_number)",
          "min(web_sales.ws_order_number)"
        ],
        "Shared Hit Blocks": 2155096,
        "Shared Read Blocks": 1563220,
        "Shared Dirtied Blocks": 0,
        "Shared Written Blocks": 0,
        "Local Hit Blocks": 0,
        "Local Read Blocks": 0,
        "Local Dirtied Blocks": 0,
        "Local Written Blocks": 0,
        "Temp Read Blocks": 0,
        "Temp Written Blocks": 0,
        "Plans": [
          {
            "Node Type": "Nested Loop",
            "Parent Relationship": "Outer",
            "Parallel Aware": false,
            "Async Capable": false,
            "Join Type": "Inner",
            "Startup Cost": 4245.15,
            "Total Cost": 87221.05,
            "Plan Rows": 1,
            "Plan Width": 16,
            "Actual Startup Time": 122085.811,
            "Actual Total Time": 122096.826,
            "Actual Rows": 0,
            "Actual Loops": 1,
            "Output": [
              "customer.c_customer_sk",
              "store_sales.ss_item_sk",
              "store_returns.sr_ticket_number",
              "web_sales.ws_order_number"
            ],
            "Inner Unique": true,
            "Shared Hit Blocks": 2155096,
            "Shared Read Blocks": 1563220,
            "Shared Dirtied Blocks": 0,
            "Shared Written Blocks": 0,
            "Local Hit Blocks": 0,
            "Local Read Blocks": 0,
            "Local Dirtied Blocks": 0,
            "Local Written Blocks": 0,
            "Temp Read Blocks": 0,
            "Temp Written Blocks": 0,
            "Plans": [
              {
                "Node Type": "Nested Loop",
                "Parent Relationship": "Outer",
                "Parallel Aware": false,
                "Async Capable": false,
                "Join Type": "Inner",
                "Startup Cost": 4244.73,
                "Total Cost": 87217.54,
                "Plan Rows": 1,
                "Plan Width": 20,
                "Actual Startup Time": 122085.81,
                "Actual Total Time": 122096.825,
                "Actual Rows": 0,
                "Actual Loops": 1,
                "Output": [
                  "store_sales.ss_item_sk",
                  "store_returns.sr_ticket_number",
                  "web_sales.ws_order_number",
                  "customer.c_customer_sk",
                  "customer.c_current_addr_sk"
                ],
                "Inner Unique": true,
                "Join Filter": "((d2.d_date >= d1.d_date) AND (d2.d_date <= (d1.d_date + '90 days'::interval)))",
                "Rows Removed by Join Filter": 1,
                "Shared Hit Blocks": 2155096,
                "Shared Read Blocks": 1563220,
                "Shared Dirtied Blocks": 0,
                "Shared Written Blocks": 0,
                "Local Hit Blocks": 0,
                "Local Read Blocks": 0,
                "Local Dirtied Blocks": 0,
                "Local Written Blocks": 0,
                "Temp Read Blocks": 0,
                "Temp Written Blocks": 0,
                "Plans": [
                  {
                    "Node Type": "Gather",
                    "Parent Relationship": "Outer",
                    "Parallel Aware": false,
                    "Async Capable": false,
                    "Startup Cost": 4244.43,
                    "Total Cost": 87214.17,
                    "Plan Rows": 1,
                    "Plan Width": 28,
                    "Actual Startup Time": 26001.766,
                    "Actual Total Time": 122096.516,
                    "Actual Rows": 1,
                    "Actual Loops": 1,
                    "Output": [
                      "store_sales.ss_item_sk",
                      "store_returns.sr_ticket_number",
                      "web_sales.ws_order_number",
                      "web_sales.ws_sold_date_sk",
                      "d1.d_date",
                      "customer.c_customer_sk",
                      "customer.c_current_addr_sk"
                    ],
                    "Workers Planned": 2,
                    "Workers Launched": 2,
                    "Single Copy": false,
                    "Shared Hit Blocks": 2155096,
                    "Shared Read Blocks": 1563217,
                    "Shared Dirtied Blocks": 0,
                    "Shared Written Blocks": 0,
                    "Local Hit Blocks": 0,
                    "Local Read Blocks": 0,
                    "Local Dirtied Blocks": 0,
                    "Local Written Blocks": 0,
                    "Temp Read Blocks": 0,
                    "Temp Written Blocks": 0,
                    "Plans": [
                      {
                        "Node Type": "Nested Loop",
                        "Parent Relationship": "Outer",
                        "Parallel Aware": false,
                        "Async Capable": false,
                        "Join Type": "Inner",
                        "Startup Cost": 3244.43,
                        "Total Cost": 86214.07,
                        "Plan Rows": 1,
                        "Plan Width": 28,
                        "Actual Startup Time": 49551.005,
                        "Actual Total Time": 49728.048,
                        "Actual Rows": 0,
                        "Actual Loops": 3,
                        "Output": [
                          "store_sales.ss_item_sk",
                          "store_returns.sr_ticket_number",
                          "web_sales.ws_order_number",
                          "web_sales.ws_sold_date_sk",
                          "d1.d_date",
                          "customer.c_customer_sk",
                          "customer.c_current_addr_sk"
                        ],
                        "Inner Unique": false,
                        "Shared Hit Blocks": 2155096,
                        "Shared Read Blocks": 1563217,
                        "Shared Dirtied Blocks": 0,
                        "Shared Written Blocks": 0,
                        "Local Hit Blocks": 0,
                        "Local Read Blocks": 0,
                        "Local Dirtied Blocks": 0,
                        "Local Written Blocks": 0,
                        "Temp Read Blocks": 0,
                        "Temp Written Blocks": 0,
                        "Workers": [
                          {
                            "Worker Number": 0,
                            "Actual Startup Time": 122043.164,
                            "Actual Total Time": 122043.168,
                            "Actual Rows": 0,
                            "Actual Loops": 1,
                            "Shared Hit Blocks": 1776458,
                            "Shared Read Blocks": 1317183,
                            "Shared Dirtied Blocks": 0,
                            "Shared Written Blocks": 0,
                            "Local Hit Blocks": 0,
                            "Local Read Blocks": 0,
                            "Local Dirtied Blocks": 0,
                            "Local Written Blocks": 0,
                            "Temp Read Blocks": 0,
                            "Temp Written Blocks": 0
                          },
                          {
                            "Worker Number": 1,
                            "Actual Startup Time": 608.399,
                            "Actual Total Time": 608.404,
                            "Actual Rows": 0,
                            "Actual Loops": 1,
                            "Shared Hit Blocks": 75,
                            "Shared Read Blocks": 1179,
                            "Shared Dirtied Blocks": 0,
                            "Shared Written Blocks": 0,
                            "Local Hit Blocks": 0,
                            "Local Read Blocks": 0,
                            "Local Dirtied Blocks": 0,
                            "Local Written Blocks": 0,
                            "Temp Read Blocks": 0,
                            "Temp Written Blocks": 0
                          }
                        ],
                        "Plans": [
                          {
                            "Node Type": "Nested Loop",
                            "Parent Relationship": "Outer",
                            "Parallel Aware": false,
                            "Async Capable": false,
                            "Join Type": "Inner",
                            "Startup Cost": 3238.37,
                            "Total Cost": 85724.8,
                            "Plan Rows": 1,
                            "Plan Width": 32,
                            "Actual Startup Time": 637.891,
                            "Actual Total Time": 42241.722,
                            "Actual Rows": 1259,
                            "Actual Loops": 3,
                            "Output": [
                              "store_sales.ss_item_sk",
                              "store_sales.ss_customer_sk",
                              "store_returns.sr_ticket_number",
                              "store_returns.sr_item_sk",
                              "d1.d_date",
                              "item.i_item_sk",
                              "customer.c_customer_sk",
                              "customer.c_current_addr_sk"
                            ],
                            "Inner Unique": true,
                            "Shared Hit Blocks": 2088091,
                            "Shared Read Blocks": 1312714,
                            "Shared Dirtied Blocks": 0,
                            "Shared Written Blocks": 0,
                            "Local Hit Blocks": 0,
                            "Local Read Blocks": 0,
                            "Local Dirtied Blocks": 0,
                            "Local Written Blocks": 0,
                            "Temp Read Blocks": 0,
                            "Temp Written Blocks": 0,
                            "Workers": [
                              {
                                "Worker Number": 0,
                                "Actual Startup Time": 636.896,
                                "Actual Total Time": 101222.668,
                                "Actual Rows": 3106,
                                "Actual Loops": 1,
                                "Shared Hit Blocks": 1721221,
                                "Shared Read Blocks": 1082098,
                                "Shared Dirtied Blocks": 0,
                                "Shared Written Blocks": 0,
                                "Local Hit Blocks": 0,
                                "Local Read Blocks": 0,
                                "Local Dirtied Blocks": 0,
                                "Local Written Blocks": 0,
                                "Temp Read Blocks": 0,
                                "Temp Written Blocks": 0
                              },
                              {
                                "Worker Number": 1,
                                "Actual Startup Time": 608.398,
                                "Actual Total Time": 608.402,
                                "Actual Rows": 0,
                                "Actual Loops": 1,
                                "Shared Hit Blocks": 75,
                                "Shared Read Blocks": 1179,
                                "Shared Dirtied Blocks": 0,
                                "Shared Written Blocks": 0,
                                "Local Hit Blocks": 0,
                                "Local Read Blocks": 0,
                                "Local Dirtied Blocks": 0,
                                "Local Written Blocks": 0,
                                "Temp Read Blocks": 0,
                                "Temp Written Blocks": 0
                              }
                            ],
                            "Plans": [
                              {
                                "Node Type": "Nested Loop",
                                "Parent Relationship": "Outer",
                                "Parallel Aware": false,
                                "Async Capable": false,
                                "Join Type": "Inner",
                                "Startup Cost": 3238.08,
                                "Total Cost": 85675.71,
                                "Plan Rows": 15,
                                "Plan Width": 36,
                                "Actual Startup Time": 460.613,
                                "Actual Total Time": 42116.562,
                                "Actual Rows": 21917,
                                "Actual Loops": 3,
                                "Output": [
                                  "store_sales.ss_item_sk",
                                  "store_sales.ss_customer_sk",
                                  "store_returns.sr_ticket_number",
                                  "store_returns.sr_item_sk",
                                  "d1.d_date",
                                  "item.i_item_sk",
                                  "customer.c_customer_sk",
                                  "customer.c_current_addr_sk",
                                  "customer.c_current_hdemo_sk"
                                ],
                                "Inner Unique": true,
                                "Shared Hit Blocks": 1898033,
                                "Shared Read Blocks": 1312640,
                                "Shared Dirtied Blocks": 0,
                                "Shared Written Blocks": 0,
                                "Local Hit Blocks": 0,
                                "Local Read Blocks": 0,
                                "Local Dirtied Blocks": 0,
                                "Local Written Blocks": 0,
                                "Temp Read Blocks": 0,
                                "Temp Written Blocks": 0,
                                "Workers": [
                                  {
                                    "Worker Number": 0,
                                    "Actual Startup Time": 425.681,
                                    "Actual Total Time": 100916.333,
                                    "Actual Rows": 54282,
                                    "Actual Loops": 1,
                                    "Shared Hit Blocks": 1564397,
                                    "Shared Read Blocks": 1082024,
                                    "Shared Dirtied Blocks": 0,
                                    "Shared Written Blocks": 0,
                                    "Local Hit Blocks": 0,
                                    "Local Read Blocks": 0,
                                    "Local Dirtied Blocks": 0,
                                    "Local Written Blocks": 0,
                                    "Temp Read Blocks": 0,
                                    "Temp Written Blocks": 0
                                  },
                                  {
                                    "Worker Number": 1,
                                    "Actual Startup Time": 608.398,
                                    "Actual Total Time": 608.402,
                                    "Actual Rows": 0,
                                    "Actual Loops": 1,
                                    "Shared Hit Blocks": 75,
                                    "Shared Read Blocks": 1179,
                                    "Shared Dirtied Blocks": 0,
                                    "Shared Written Blocks": 0,
                                    "Local Hit Blocks": 0,
                                    "Local Read Blocks": 0,
                                    "Local Dirtied Blocks": 0,
                                    "Local Written Blocks": 0,
                                    "Temp Read Blocks": 0,
                                    "Temp Written Blocks": 0
                                  }
                                ],
                                "Plans": [
                                  {
                                    "Node Type": "Nested Loop",
                                    "Parent Relationship": "Outer",
                                    "Parallel Aware": false,
                                    "Async Capable": false,
                                    "Join Type": "Inner",
                                    "Startup Cost": 3237.66,
                                    "Total Cost": 85617.89,
                                    "Plan Rows": 16,
                                    "Plan Width": 24,
                                    "Actual Startup Time": 450.679,
                                    "Actual Total Time": 38739.511,
                                    "Actual Rows": 22194,
                                    "Actual Loops": 3,
                                    "Output": [
                                      "store_sales.ss_item_sk",
                                      "store_sales.ss_customer_sk",
                                      "store_returns.sr_ticket_number",
                                      "store_returns.sr_item_sk",
                                      "d1.d_date",
                                      "item.i_item_sk"
                                    ],
                                    "Inner Unique": true,
                                    "Shared Hit Blocks": 1739554,
                                    "Shared Read Blocks": 1208118,
                                    "Shared Dirtied Blocks": 0,
                                    "Shared Written Blocks": 0,
                                    "Local Hit Blocks": 0,
                                    "Local Read Blocks": 0,
                                    "Local Dirtied Blocks": 0,
                                    "Local Written Blocks": 0,
                                    "Temp Read Blocks": 0,
                                    "Temp Written Blocks": 0,
                                    "Workers": [
                                      {
                                        "Worker Number": 0,
                                        "Actual Startup Time": 401.285,
                                        "Actual Total Time": 92791.487,
                                        "Actual Rows": 54966,
                                        "Actual Loops": 1,
                                        "Shared Hit Blocks": 1433507,
                                        "Shared Read Blocks": 995785,
                                        "Shared Dirtied Blocks": 0,
                                        "Shared Written Blocks": 0,
                                        "Local Hit Blocks": 0,
                                        "Local Read Blocks": 0,
                                        "Local Dirtied Blocks": 0,
                                        "Local Written Blocks": 0,
                                        "Temp Read Blocks": 0,
                                        "Temp Written Blocks": 0
                                      },
                                      {
                                        "Worker Number": 1,
                                        "Actual Startup Time": 608.397,
                                        "Actual Total Time": 608.4,
                                        "Actual Rows": 0,
                                        "Actual Loops": 1,
                                        "Shared Hit Blocks": 75,
                                        "Shared Read Blocks": 1179,
                                        "Shared Dirtied Blocks": 0,
                                        "Shared Written Blocks": 0,
                                        "Local Hit Blocks": 0,
                                        "Local Read Blocks": 0,
                                        "Local Dirtied Blocks": 0,
                                        "Local Written Blocks": 0,
                                        "Temp Read Blocks": 0,
                                        "Temp Written Blocks": 0
                                      }
                                    ],
                                    "Plans": [
                                      {
                                        "Node Type": "Hash Join",
                                        "Parent Relationship": "Outer",
                                        "Parallel Aware": true,
                                        "Async Capable": false,
                                        "Join Type": "Inner",
                                        "Startup Cost": 3237.22,
                                        "Total Cost": 63028.97,
                                        "Plan Rows": 5629,
                                        "Plan Width": 16,
                                        "Actual Startup Time": 408.245,
                                        "Actual Total Time": 16172.864,
                                        "Actual Rows": 161829,
                                        "Actual Loops": 3,
                                        "Output": [
                                          "store_returns.sr_ticket_number",
                                          "store_returns.sr_item_sk",
                                          "d1.d_date",
                                          "item.i_item_sk"
                                        ],
                                        "Inner Unique": true,
                                        "Hash Cond": "(store_returns.sr_item_sk = item.i_item_sk)",
                                        "Shared Hit Blocks": 507996,
                                        "Shared Read Blocks": 497731,
                                        "Shared Dirtied Blocks": 0,
                                        "Shared Written Blocks": 0,
                                        "Local Hit Blocks": 0,
                                        "Local Read Blocks": 0,
                                        "Local Dirtied Blocks": 0,
                                        "Local Written Blocks": 0,
                                        "Temp Read Blocks": 0,
                                        "Temp Written Blocks": 0,
                                        "Workers": [
                                          {
                                            "Worker Number": 0,
                                            "Actual Startup Time": 283.815,
                                            "Actual Total Time": 38320.385,
                                            "Actual Rows": 400484,
                                            "Actual Loops": 1,
                                            "Shared Hit Blocks": 417878,
                                            "Shared Read Blocks": 409477,
                                            "Shared Dirtied Blocks": 0,
                                            "Shared Written Blocks": 0,
                                            "Local Hit Blocks": 0,
                                            "Local Read Blocks": 0,
                                            "Local Dirtied Blocks": 0,
                                            "Local Written Blocks": 0,
                                            "Temp Read Blocks": 0,
                                            "Temp Written Blocks": 0
                                          },
                                          {
                                            "Worker Number": 1,
                                            "Actual Startup Time": 608.397,
                                            "Actual Total Time": 608.399,
                                            "Actual Rows": 0,
                                            "Actual Loops": 1,
                                            "Shared Hit Blocks": 75,
                                            "Shared Read Blocks": 1179,
                                            "Shared Dirtied Blocks": 0,
                                            "Shared Written Blocks": 0,
                                            "Local Hit Blocks": 0,
                                            "Local Read Blocks": 0,
                                            "Local Dirtied Blocks": 0,
                                            "Local Written Blocks": 0,
                                            "Temp Read Blocks": 0,
                                            "Temp Written Blocks": 0
                                          }
                                        ],
                                        "Plans": [
                                          {
                                            "Node Type": "Nested Loop",
                                            "Parent Relationship": "Outer",
                                            "Parallel Aware": false,
                                            "Async Capable": false,
                                            "Join Type": "Inner",
                                            "Startup Cost": 0.72,
                                            "Total Cost": 59754.47,
                                            "Plan Rows": 14476,
                                            "Plan Width": 12,
                                            "Actual Startup Time": 358.611,
                                            "Actual Total Time": 15824.32,
                                            "Actual Rows": 389199,
                                            "Actual Loops": 3,
                                            "Output": [
                                              "store_returns.sr_ticket_number",
                                              "store_returns.sr_item_sk",
                                              "d1.d_date"
                                            ],
                                            "Inner Unique": false,
                                            "Shared Hit Blocks": 507907,
                                            "Shared Read Blocks": 497037,
                                            "Shared Dirtied Blocks": 0,
                                            "Shared Written Blocks": 0,
                                            "Local Hit Blocks": 0,
                                            "Local Read Blocks": 0,
                                            "Local Dirtied Blocks": 0,
                                            "Local Written Blocks": 0,
                                            "Temp Read Blocks": 0,
                                            "Temp Written Blocks": 0,
                                            "Workers": [
                                              {
                                                "Worker Number": 0,
                                                "Actual Startup Time": 244.241,
                                                "Actual Total Time": 37553.472,
                                                "Actual Rows": 962688,
                                                "Actual Loops": 1,
                                                "Shared Hit Blocks": 417834,
                                                "Shared Read Blocks": 409372,
                                                "Shared Dirtied Blocks": 0,
                                                "Shared Written Blocks": 0,
                                                "Local Hit Blocks": 0,
                                                "Local Read Blocks": 0,
                                                "Local Dirtied Blocks": 0,
                                                "Local Written Blocks": 0,
                                                "Temp Read Blocks": 0,
                                                "Temp Written Blocks": 0
                                              },
                                              {
                                                "Worker Number": 1,
                                                "Actual Startup Time": 576.154,
                                                "Actual Total Time": 576.156,
                                                "Actual Rows": 0,
                                                "Actual Loops": 1,
                                                "Shared Hit Blocks": 34,
                                                "Shared Read Blocks": 1068,
                                                "Shared Dirtied Blocks": 0,
                                                "Shared Written Blocks": 0,
                                                "Local Hit Blocks": 0,
                                                "Local Read Blocks": 0,
                                                "Local Dirtied Blocks": 0,
                                                "Local Written Blocks": 0,
                                                "Temp Read Blocks": 0,
                                                "Temp Written Blocks": 0
                                              }
                                            ],
                                            "Plans": [
                                              {
                                                "Node Type": "Index Scan",
                                                "Parent Relationship": "Outer",
                                                "Parallel Aware": true,
                                                "Async Capable": false,
                                                "Scan Direction": "Forward",
                                                "Index Name": "date_dim_pkey",
                                                "Relation Name": "date_dim",
                                                "Schema": "public",
                                                "Alias": "d1",
                                                "Startup Cost": 0.29,
                                                "Total Cost": 2981.0,
                                                "Plan Rows": 152,
                                                "Plan Width": 8,
                                                "Actual Startup Time": 347.222,
                                                "Actual Total Time": 347.686,
                                                "Actual Rows": 122,
                                                "Actual Loops": 3,
                                                "Output": [
                                                  "d1.d_date_sk",
                                                  "d1.d_date_id",
                                                  "d1.d_date",
                                                  "d1.d_month_seq",
                                                  "d1.d_week_seq",
                                                  "d1.d_quarter_seq",
                                                  "d1.d_year",
                                                  "d1.d_dow",
                                                  "d1.d_moy",
                                                  "d1.d_dom",
                                                  "d1.d_qoy",
                                                  "d1.d_fy_year",
                                                  "d1.d_fy_quarter_seq",
                                                  "d1.d_fy_week_seq",
                                                  "d1.d_day_name",
                                                  "d1.d_quarter_name",
                                                  "d1.d_holiday",
                                                  "d1.d_weekend",
                                                  "d1.d_following_holiday",
                                                  "d1.d_first_dom",
                                                  "d1.d_last_dom",
                                                  "d1.d_same_day_ly",
                                                  "d1.d_same_day_lq",
                                                  "d1.d_current_day",
                                                  "d1.d_current_week",
                                                  "d1.d_current_month",
                                                  "d1.d_current_quarter",
                                                  "d1.d_current_year"
                                                ],
                                                "Filter": "(d1.d_year = 2000)",
                                                "Rows Removed by Filter": 24228,
                                                "Shared Hit Blocks": 97,
                                                "Shared Read Blocks": 1608,
                                                "Shared Dirtied Blocks": 0,
                                                "Shared Written Blocks": 0,
                                                "Local Hit Blocks": 0,
                                                "Local Read Blocks": 0,
                                                "Local Dirtied Blocks": 0,
                                                "Local Written Blocks": 0,
                                                "Temp Read Blocks": 0,
                                                "Temp Written Blocks": 0,
                                                "Workers": [
                                                  {
                                                    "Worker Number": 0,
                                                    "Actual Startup Time": 223.083,
                                                    "Actual Total Time": 224.234,
                                                    "Actual Rows": 289,
                                                    "Actual Loops": 1,
                                                    "Shared Hit Blocks": 31,
                                                    "Shared Read Blocks": 266,
                                                    "Shared Dirtied Blocks": 0,
                                                    "Shared Written Blocks": 0,
                                                    "Local Hit Blocks": 0,
                                                    "Local Read Blocks": 0,
                                                    "Local Dirtied Blocks": 0,
                                                    "Local Written Blocks": 0,
                                                    "Temp Read Blocks": 0,
                                                    "Temp Written Blocks": 0
                                                  },
                                                  {
                                                    "Worker Number": 1,
                                                    "Actual Startup Time": 576.153,
                                                    "Actual Total Time": 576.154,
                                                    "Actual Rows": 0,
                                                    "Actual Loops": 1,
                                                    "Shared Hit Blocks": 34,
                                                    "Shared Read Blocks": 1068,
                                                    "Shared Dirtied Blocks": 0,
                                                    "Shared Written Blocks": 0,
                                                    "Local Hit Blocks": 0,
                                                    "Local Read Blocks": 0,
                                                    "Local Dirtied Blocks": 0,
                                                    "Local Written Blocks": 0,
                                                    "Temp Read Blocks": 0,
                                                    "Temp Written Blocks": 0
                                                  }
                                                ]
                                              },
                                              {
                                                "Node Type": "Index Only Scan",
                                                "Parent Relationship": "Inner",
                                                "Parallel Aware": false,
                                                "Async Capable": false,
                                                "Scan Direction": "Forward",
                                                "Index Name": "_dta_index_store_returns_6_1013578649__k1_3_4_10",
                                                "Relation Name": "store_returns",
                                                "Schema": "public",
                                                "Alias": "store_returns",
                                                "Startup Cost": 0.43,
                                                "Total Cost": 342.22,
                                                "Plan Rows": 3129,
                                                "Plan Width": 12,
                                                "Actual Startup Time": 0.151,
                                                "Actual Total Time": 125.97,
                                                "Actual Rows": 3190,
                                                "Actual Loops": 366,
                                                "Output": [
                                                  "store_returns.sr_returned_date_sk",
                                                  "store_returns.sr_item_sk",
                                                  "store_returns.sr_customer_sk",
                                                  "store_returns.sr_ticket_number"
                                                ],
                                                "Index Cond": "(store_returns.sr_returned_date_sk = d1.d_date_sk)",
                                                "Rows Removed by Index Recheck": 0,
                                                "Heap Fetches": 1167596,
                                                "Shared Hit Blocks": 507810,
                                                "Shared Read Blocks": 495429,
                                                "Shared Dirtied Blocks": 0,
                                                "Shared Written Blocks": 0,
                                                "Local Hit Blocks": 0,
                                                "Local Read Blocks": 0,
                                                "Local Dirtied Blocks": 0,
                                                "Local Written Blocks": 0,
                                                "Temp Read Blocks": 0,
                                                "Temp Written Blocks": 0,
                                                "Workers": [
                                                  {
                                                    "Worker Number": 0,
                                                    "Actual Startup Time": 0.124,
                                                    "Actual Total Time": 128.262,
                                                    "Actual Rows": 3331,
                                                    "Actual Loops": 289,
                                                    "Shared Hit Blocks": 417803,
                                                    "Shared Read Blocks": 409106,
                                                    "Shared Dirtied Blocks": 0,
                                                    "Shared Written Blocks": 0,
                                                    "Local Hit Blocks": 0,
                                                    "Local Read Blocks": 0,
                                                    "Local Dirtied Blocks": 0,
                                                    "Local Written Blocks": 0,
                                                    "Temp Read Blocks": 0,
                                                    "Temp Written Blocks": 0
                                                  }
                                                ]
                                              }
                                            ]
                                          },
                                          {
                                            "Node Type": "Hash",
                                            "Parent Relationship": "Inner",
                                            "Parallel Aware": true,
                                            "Async Capable": false,
                                            "Startup Cost": 3029.91,
                                            "Total Cost": 3029.91,
                                            "Plan Rows": 16527,
                                            "Plan Width": 4,
                                            "Actual Startup Time": 44.074,
                                            "Actual Total Time": 44.075,
                                            "Actual Rows": 13292,
                                            "Actual Loops": 3,
                                            "Output": [
                                              "item.i_item_sk"
                                            ],
                                            "Hash Buckets": 65536,
                                            "Original Hash Buckets": 65536,
                                            "Hash Batches": 1,
                                            "Original Hash Batches": 1,
                                            "Peak Memory Usage": 2144,
                                            "Shared Hit Blocks": 6,
                                            "Shared Read Blocks": 683,
                                            "Shared Dirtied Blocks": 0,
                                            "Shared Written Blocks": 0,
                                            "Local Hit Blocks": 0,
                                            "Local Read Blocks": 0,
                                            "Local Dirtied Blocks": 0,
                                            "Local Written Blocks": 0,
                                            "Temp Read Blocks": 0,
                                            "Temp Written Blocks": 0,
                                            "Workers": [
                                              {
                                                "Worker Number": 0,
                                                "Actual Startup Time": 29.161,
                                                "Actual Total Time": 29.161,
                                                "Actual Rows": 5875,
                                                "Actual Loops": 1,
                                                "Shared Hit Blocks": 1,
                                                "Shared Read Blocks": 101,
                                                "Shared Dirtied Blocks": 0,
                                                "Shared Written Blocks": 0,
                                                "Local Hit Blocks": 0,
                                                "Local Read Blocks": 0,
                                                "Local Dirtied Blocks": 0,
                                                "Local Written Blocks": 0,
                                                "Temp Read Blocks": 0,
                                                "Temp Written Blocks": 0
                                              },
                                              {
                                                "Worker Number": 1,
                                                "Actual Startup Time": 29.156,
                                                "Actual Total Time": 29.157,
                                                "Actual Rows": 6077,
                                                "Actual Loops": 1,
                                                "Shared Hit Blocks": 1,
                                                "Shared Read Blocks": 104,
                                                "Shared Dirtied Blocks": 0,
                                                "Shared Written Blocks": 0,
                                                "Local Hit Blocks": 0,
                                                "Local Read Blocks": 0,
                                                "Local Dirtied Blocks": 0,
                                                "Local Written Blocks": 0,
                                                "Temp Read Blocks": 0,
                                                "Temp Written Blocks": 0
                                              }
                                            ],
                                            "Plans": [
                                              {
                                                "Node Type": "Index Only Scan",
                                                "Parent Relationship": "Outer",
                                                "Parallel Aware": true,
                                                "Async Capable": false,
                                                "Scan Direction": "Forward",
                                                "Index Name": "_dta_index_item_6_853578079__k13_k11_k1",
                                                "Relation Name": "item",
                                                "Schema": "public",
                                                "Alias": "item",
                                                "Startup Cost": 0.42,
                                                "Total Cost": 3029.91,
                                                "Plan Rows": 16527,
                                                "Plan Width": 4,
                                                "Actual Startup Time": 0.662,
                                                "Actual Total Time": 41.331,
                                                "Actual Rows": 13292,
                                                "Actual Loops": 3,
                                                "Output": [
                                                  "item.i_item_sk"
                                                ],
                                                "Index Cond": "(item.i_category = ANY ('{Children,Electronics,Women}'::bpchar[]))",
                                                "Rows Removed by Index Recheck": 0,
                                                "Heap Fetches": 0,
                                                "Shared Hit Blocks": 6,
                                                "Shared Read Blocks": 683,
                                                "Shared Dirtied Blocks": 0,
                                                "Shared Written Blocks": 0,
                                                "Local Hit Blocks": 0,
                                                "Local Read Blocks": 0,
                                                "Local Dirtied Blocks": 0,
                                                "Local Written Blocks": 0,
                                                "Temp Read Blocks": 0,
                                                "Temp Written Blocks": 0,
                                                "Workers": [
                                                  {
                                                    "Worker Number": 0,
                                                    "Actual Startup Time": 0.809,
                                                    "Actual Total Time": 27.824,
                                                    "Actual Rows": 5875,
                                                    "Actual Loops": 1,
                                                    "Shared Hit Blocks": 1,
                                                    "Shared Read Blocks": 101,
                                                    "Shared Dirtied Blocks": 0,
                                                    "Shared Written Blocks": 0,
                                                    "Local Hit Blocks": 0,
                                                    "Local Read Blocks": 0,
                                                    "Local Dirtied Blocks": 0,
                                                    "Local Written Blocks": 0,
                                                    "Temp Read Blocks": 0,
                                                    "Temp Written Blocks": 0
                                                  },
                                                  {
                                                    "Worker Number": 1,
                                                    "Actual Startup Time": 0.504,
                                                    "Actual Total Time": 27.886,
                                                    "Actual Rows": 6077,
                                                    "Actual Loops": 1,
                                                    "Shared Hit Blocks": 1,
                                                    "Shared Read Blocks": 104,
                                                    "Shared Dirtied Blocks": 0,
                                                    "Shared Written Blocks": 0,
                                                    "Local Hit Blocks": 0,
                                                    "Local Read Blocks": 0,
                                                    "Local Dirtied Blocks": 0,
                                                    "Local Written Blocks": 0,
                                                    "Temp Read Blocks": 0,
                                                    "Temp Written Blocks": 0
                                                  }
                                                ]
                                              }
                                            ]
                                          }
                                        ]
                                      },
                                      {
                                        "Node Type": "Index Scan",
                                        "Parent Relationship": "Inner",
                                        "Parallel Aware": false,
                                        "Async Capable": false,
                                        "Scan Direction": "Forward",
                                        "Index Name": "_dta_index_store_sales_6_1333579789__k10_k3",
                                        "Relation Name": "store_sales",
                                        "Schema": "public",
                                        "Alias": "store_sales",
                                        "Startup Cost": 0.44,
                                        "Total Cost": 4.01,
                                        "Plan Rows": 1,
                                        "Plan Width": 12,
                                        "Actual Startup Time": 0.138,
                                        "Actual Total Time": 0.138,
                                        "Actual Rows": 0,
                                        "Actual Loops": 485486,
                                        "Output": [
                                          "store_sales.ss_sold_date_sk",
                                          "store_sales.ss_sold_time_sk",
                                          "store_sales.ss_item_sk",
                                          "store_sales.ss_customer_sk",
                                          "store_sales.ss_cdemo_sk",
                                          "store_sales.ss_hdemo_sk",
                                          "store_sales.ss_addr_sk",
                                          "store_sales.ss_store_sk",
                                          "store_sales.ss_promo_sk",
                                          "store_sales.ss_ticket_number",
                                          "store_sales.ss_quantity",
                                          "store_sales.ss_wholesale_cost",
                                          "store_sales.ss_list_price",
                                          "store_sales.ss_sales_price",
                                          "store_sales.ss_ext_discount_amt",
                                          "store_sales.ss_ext_sales_price",
                                          "store_sales.ss_ext_wholesale_cost",
                                          "store_sales.ss_ext_list_price",
                                          "store_sales.ss_ext_tax",
                                          "store_sales.ss_coupon_amt",
                                          "store_sales.ss_net_paid",
                                          "store_sales.ss_net_paid_inc_tax",
                                          "store_sales.ss_net_profit"
                                        ],
                                        "Index Cond": "((store_sales.ss_ticket_number = store_returns.sr_ticket_number) AND (store_sales.ss_item_sk = store_returns.sr_item_sk))",
                                        "Rows Removed by Index Recheck": 0,
                                        "Filter": "(((store_sales.ss_sales_price / store_sales.ss_list_price) >= 0.34) AND ((store_sales.ss_sales_price / store_sales.ss_list_price) <= 0.54))",
                                        "Rows Removed by Filter": 1,
                                        "Shared Hit Blocks": 1231558,
                                        "Shared Read Blocks": 710387,
                                        "Shared Dirtied Blocks": 0,
                                        "Shared Written Blocks": 0,
                                        "Local Hit Blocks": 0,
                                        "Local Read Blocks": 0,
                                        "Local Dirtied Blocks": 0,
                                        "Local Written Blocks": 0,
                                        "Temp Read Blocks": 0,
                                        "Temp Written Blocks": 0,
                                        "Workers": [
                                          {
                                            "Worker Number": 0,
                                            "Actual Startup Time": 0.135,
                                            "Actual Total Time": 0.135,
                                            "Actual Rows": 0,
                                            "Actual Loops": 400484,
                                            "Shared Hit Blocks": 1015629,
                                            "Shared Read Blocks": 586308,
                                            "Shared Dirtied Blocks": 0,
                                            "Shared Written Blocks": 0,
                                            "Local Hit Blocks": 0,
                                            "Local Read Blocks": 0,
                                            "Local Dirtied Blocks": 0,
                                            "Local Written Blocks": 0,
                                            "Temp Read Blocks": 0,
                                            "Temp Written Blocks": 0
                                          }
                                        ]
                                      }
                                    ]
                                  },
                                  {
                                    "Node Type": "Index Scan",
                                    "Parent Relationship": "Inner",
                                    "Parallel Aware": false,
                                    "Async Capable": false,
                                    "Scan Direction": "Forward",
                                    "Index Name": "_dta_index_customer_6_949578421__k1_k5",
                                    "Relation Name": "customer",
                                    "Schema": "public",
                                    "Alias": "customer",
                                    "Startup Cost": 0.42,
                                    "Total Cost": 3.61,
                                    "Plan Rows": 1,
                                    "Plan Width": 12,
                                    "Actual Startup Time": 0.15,
                                    "Actual Total Time": 0.15,
                                    "Actual Rows": 1,
                                    "Actual Loops": 66581,
                                    "Output": [
                                      "customer.c_customer_sk",
                                      "customer.c_customer_id",
                                      "customer.c_current_cdemo_sk",
                                      "customer.c_current_hdemo_sk",
                                      "customer.c_current_addr_sk",
                                      "customer.c_first_shipto_date_sk",
                                      "customer.c_first_sales_date_sk",
                                      "customer.c_salutation",
                                      "customer.c_first_name",
                                      "customer.c_last_name",
                                      "customer.c_preferred_cust_flag",
                                      "customer.c_birth_day",
                                      "customer.c_birth_month",
                                      "customer.c_birth_year",
                                      "customer.c_birth_country",
                                      "customer.c_login",
                                      "customer.c_email_address",
                                      "customer.c_last_review_date_sk"
                                    ],
                                    "Index Cond": "(customer.c_customer_sk = store_sales.ss_customer_sk)",
                                    "Rows Removed by Index Recheck": 0,
                                    "Shared Hit Blocks": 158479,
                                    "Shared Read Blocks": 104522,
                                    "Shared Dirtied Blocks": 0,
                                    "Shared Written Blocks": 0,
                                    "Local Hit Blocks": 0,
                                    "Local Read Blocks": 0,
                                    "Local Dirtied Blocks": 0,
                                    "Local Written Blocks": 0,
                                    "Temp Read Blocks": 0,
                                    "Temp Written Blocks": 0,
                                    "Workers": [
                                      {
                                        "Worker Number": 0,
                                        "Actual Startup Time": 0.146,
                                        "Actual Total Time": 0.146,
                                        "Actual Rows": 1,
                                        "Actual Loops": 54966,
                                        "Shared Hit Blocks": 130890,
                                        "Shared Read Blocks": 86239,
                                        "Shared Dirtied Blocks": 0,
                                        "Shared Written Blocks": 0,
                                        "Local Hit Blocks": 0,
                                        "Local Read Blocks": 0,
                                        "Local Dirtied Blocks": 0,
                                        "Local Written Blocks": 0,
                                        "Temp Read Blocks": 0,
                                        "Temp Written Blocks": 0
                                      }
                                    ]
                                  }
                                ]
                              },
                              {
                                "Node Type": "Index Scan",
                                "Parent Relationship": "Inner",
                                "Parallel Aware": false,
                                "Async Capable": false,
                                "Scan Direction": "Forward",
                                "Index Name": "household_demographics_pkey",
                                "Relation Name": "household_demographics",
                                "Schema": "public",
                                "Alias": "household_demographics",
                                "Startup Cost": 0.28,
                                "Total Cost": 3.27,
                                "Plan Rows": 1,
                                "Plan Width": 4,
                                "Actual Startup Time": 0.004,
                                "Actual Total Time": 0.004,
                                "Actual Rows": 0,
                                "Actual Loops": 65750,
                                "Output": [
                                  "household_demographics.hd_demo_sk",
                                  "household_demographics.hd_income_band_sk",
                                  "household_demographics.hd_buy_potential",
                                  "household_demographics.hd_dep_count",
                                  "household_demographics.hd_vehicle_count"
                                ],
                                "Index Cond": "(household_demographics.hd_demo_sk = customer.c_current_hdemo_sk)",
                                "Rows Removed by Index Recheck": 0,
                                "Filter": "((household_demographics.hd_income_band_sk >= 12) AND (household_demographics.hd_income_band_sk <= 18) AND (household_demographics.hd_buy_potential = '0-500'::bpchar))",
                                "Rows Removed by Filter": 1,
                                "Shared Hit Blocks": 190058,
                                "Shared Read Blocks": 74,
                                "Shared Dirtied Blocks": 0,
                                "Shared Written Blocks": 0,
                                "Local Hit Blocks": 0,
                                "Local Read Blocks": 0,
                                "Local Dirtied Blocks": 0,
                                "Local Written Blocks": 0,
                                "Temp Read Blocks": 0,
                                "Temp Written Blocks": 0,
                                "Workers": [
                                  {
                                    "Worker Number": 0,
                                    "Actual Startup Time": 0.004,
                                    "Actual Total Time": 0.004,
                                    "Actual Rows": 0,
                                    "Actual Loops": 54282,
                                    "Shared Hit Blocks": 156824,
                                    "Shared Read Blocks": 74,
                                    "Shared Dirtied Blocks": 0,
                                    "Shared Written Blocks": 0,
                                    "Local Hit Blocks": 0,
                                    "Local Read Blocks": 0,
                                    "Local Dirtied Blocks": 0,
                                    "Local Written Blocks": 0,
                                    "Temp Read Blocks": 0,
                                    "Temp Written Blocks": 0
                                  }
                                ]
                              }
                            ]
                          },
                          {
                            "Node Type": "Bitmap Heap Scan",
                            "Parent Relationship": "Inner",
                            "Parallel Aware": false,
                            "Async Capable": false,
                            "Relation Name": "web_sales",
                            "Schema": "public",
                            "Alias": "web_sales",
                            "Startup Cost": 6.07,
                            "Total Cost": 489.25,
                            "Plan Rows": 1,
                            "Plan Width": 16,
                            "Actual Startup Time": 5.939,
                            "Actual Total Time": 5.94,
                            "Actual Rows": 0,
                            "Actual Loops": 3778,
                            "Output": [
                              "web_sales.ws_sold_date_sk",
                              "web_sales.ws_sold_time_sk",
                              "web_sales.ws_ship_date_sk",
                              "web_sales.ws_item_sk",
                              "web_sales.ws_bill_customer_sk",
                              "web_sales.ws_bill_cdemo_sk",
                              "web_sales.ws_bill_hdemo_sk",
                              "web_sales.ws_bill_addr_sk",
                              "web_sales.ws_ship_customer_sk",
                              "web_sales.ws_ship_cdemo_sk",
                              "web_sales.ws_ship_hdemo_sk",
                              "web_sales.ws_ship_addr_sk",
                              "web_sales.ws_web_page_sk",
                              "web_sales.ws_web_site_sk",
                              "web_sales.ws_ship_mode_sk",
                              "web_sales.ws_warehouse_sk",
                              "web_sales.ws_promo_sk",
                              "web_sales.ws_order_number",
                              "web_sales.ws_quantity",
                              "web_sales.ws_wholesale_cost",
                              "web_sales.ws_list_price",
                              "web_sales.ws_sales_price",
                              "web_sales.ws_ext_discount_amt",
                              "web_sales.ws_ext_sales_price",
                              "web_sales.ws_ext_wholesale_cost",
                              "web_sales.ws_ext_list_price",
                              "web_sales.ws_ext_tax",
                              "web_sales.ws_coupon_amt",
                              "web_sales.ws_ext_ship_cost",
                              "web_sales.ws_net_paid",
                              "web_sales.ws_net_paid_inc_tax",
                              "web_sales.ws_net_paid_inc_ship",
                              "web_sales.ws_net_paid_inc_ship_tax",
                              "web_sales.ws_net_profit"
                            ],
                            "Recheck Cond": "(store_sales.ss_item_sk = web_sales.ws_item_sk)",
                            "Rows Removed by Index Recheck": 1287,
                            "Filter": "(store_sales.ss_customer_sk = web_sales.ws_bill_customer_sk)",
                            "Rows Removed by Filter": 117,
                            "Exact Heap Blocks": 25167,
                            "Lossy Heap Blocks": 0,
                            "Shared Hit Blocks": 67005,
                            "Shared Read Blocks": 250503,
                            "Shared Dirtied Blocks": 0,
                            "Shared Written Blocks": 0,
                            "Local Hit Blocks": 0,
                            "Local Read Blocks": 0,
                            "Local Dirtied Blocks": 0,
                            "Local Written Blocks": 0,
                            "Temp Read Blocks": 0,
                            "Temp Written Blocks": 0,
                            "Workers": [
                              {
                                "Worker Number": 0,
                                "Actual Startup Time": 6.698,
                                "Actual Total Time": 6.698,
                                "Actual Rows": 0,
                                "Actual Loops": 3106,
                                "Shared Hit Blocks": 55237,
                                "Shared Read Blocks": 235085,
                                "Shared Dirtied Blocks": 0,
                                "Shared Written Blocks": 0,
                                "Local Hit Blocks": 0,
                                "Local Read Blocks": 0,
                                "Local Dirtied Blocks": 0,
                                "Local Written Blocks": 0,
                                "Temp Read Blocks": 0,
                                "Temp Written Blocks": 0
                              }
                            ],
                            "Plans": [
                              {
                                "Node Type": "Bitmap Index Scan",
                                "Parent Relationship": "Outer",
                                "Parallel Aware": false,
                                "Async Capable": false,
                                "Index Name": "web_sales_pkey",
                                "Startup Cost": 0.0,
                                "Total Cost": 6.07,
                                "Plan Rows": 304,
                                "Plan Width": 0,
                                "Actual Startup Time": 0.109,
                                "Actual Total Time": 0.109,
                                "Actual Rows": 117,
                                "Actual Loops": 3778,
                                "Index Cond": "(web_sales.ws_item_sk = store_sales.ss_item_sk)",
                                "Shared Hit Blocks": 8339,
                                "Shared Read Blocks": 3844,
                                "Shared Dirtied Blocks": 0,
                                "Shared Written Blocks": 0,
                                "Local Hit Blocks": 0,
                                "Local Read Blocks": 0,
                                "Local Dirtied Blocks": 0,
                                "Local Written Blocks": 0,
                                "Temp Read Blocks": 0,
                                "Temp Written Blocks": 0,
                                "Workers": [
                                  {
                                    "Worker Number": 0,
                                    "Actual Startup Time": 0.113,
                                    "Actual Total Time": 0.113,
                                    "Actual Rows": 134,
                                    "Actual Loops": 3106,
                                    "Shared Hit Blocks": 6852,
                                    "Shared Read Blocks": 3312,
                                    "Shared Dirtied Blocks": 0,
                                    "Shared Written Blocks": 0,
                                    "Local Hit Blocks": 0,
                                    "Local Read Blocks": 0,
                                    "Local Dirtied Blocks": 0,
                                    "Local Written Blocks": 0,
                                    "Temp Read Blocks": 0,
                                    "Temp Written Blocks": 0
                                  }
                                ]
                              }
                            ]
                          }
                        ]
                      }
                    ]
                  },
                  {
                    "Node Type": "Index Scan",
                    "Parent Relationship": "Inner",
                    "Parallel Aware": false,
                    "Async Capable": false,
                    "Scan Direction": "Forward",
                    "Index Name": "_dta_index_date_dim_6_661577395__k1_k7_k9",
                    "Relation Name": "date_dim",
                    "Schema": "public",
                    "Alias": "d2",
                    "Startup Cost": 0.29,
                    "Total Cost": 3.35,
                    "Plan Rows": 1,
                    "Plan Width": 8,
                    "Actual Startup Time": 0.3,
                    "Actual Total Time": 0.301,
                    "Actual Rows": 1,
                    "Actual Loops": 1,
                    "Output": [
                      "d2.d_date_sk",
                      "d2.d_date_id",
                      "d2.d_date",
                      "d2.d_month_seq",
                      "d2.d_week_seq",
                      "d2.d_quarter_seq",
                      "d2.d_year",
                      "d2.d_dow",
                      "d2.d_moy",
                      "d2.d_dom",
                      "d2.d_qoy",
                      "d2.d_fy_year",
                      "d2.d_fy_quarter_seq",
                      "d2.d_fy_week_seq",
                      "d2.d_day_name",
                      "d2.d_quarter_name",
                      "d2.d_holiday",
                      "d2.d_weekend",
                      "d2.d_following_holiday",
                      "d2.d_first_dom",
                      "d2.d_last_dom",
                      "d2.d_same_day_ly",
                      "d2.d_same_day_lq",
                      "d2.d_current_day",
                      "d2.d_current_week",
                      "d2.d_current_month",
                      "d2.d_current_quarter",
                      "d2.d_current_year"
                    ],
                    "Index Cond": "(d2.d_date_sk = web_sales.ws_sold_date_sk)",
                    "Rows Removed by Index Recheck": 0,
                    "Shared Hit Blocks": 0,
                    "Shared Read Blocks": 3,
                    "Shared Dirtied Blocks": 0,
                    "Shared Written Blocks": 0,
                    "Local Hit Blocks": 0,
                    "Local Read Blocks": 0,
                    "Local Dirtied Blocks": 0,
                    "Local Written Blocks": 0,
                    "Temp Read Blocks": 0,
                    "Temp Written Blocks": 0
                  }
                ]
              },
              {
                "Node Type": "Index Scan",
                "Parent Relationship": "Inner",
                "Parallel Aware": false,
                "Async Capable": false,
                "Scan Direction": "Forward",
                "Index Name": "customer_address_pkey",
                "Relation Name": "customer_address",
                "Schema": "public",
                "Alias": "customer_address",
                "Startup Cost": 0.42,
                "Total Cost": 3.51,
                "Plan Rows": 1,
                "Plan Width": 4,
                "Actual Startup Time": 0.0,
                "Actual Total Time": 0.0,
                "Actual Rows": 0,
                "Actual Loops": 0,
                "Output": [
                  "customer_address.ca_address_sk",
                  "customer_address.ca_address_id",
                  "customer_address.ca_street_number",
                  "customer_address.ca_street_name",
                  "customer_address.ca_street_type",
                  "customer_address.ca_suite_number",
                  "customer_address.ca_city",
                  "customer_address.ca_county",
                  "customer_address.ca_state",
                  "customer_address.ca_zip",
                  "customer_address.ca_country",
                  "customer_address.ca_gmt_offset",
                  "customer_address.ca_location_type"
                ],
                "Index Cond": "(customer_address.ca_address_sk = customer.c_current_addr_sk)",
                "Rows Removed by Index Recheck": 0,
                "Filter": "(customer_address.ca_state = ANY ('{GA,IA,LA,MO,SD}'::bpchar[]))",
                "Rows Removed by Filter": 0,
                "Shared Hit Blocks": 0,
                "Shared Read Blocks": 0,
                "Shared Dirtied Blocks": 0,
                "Shared Written Blocks": 0,
                "Local Hit Blocks": 0,
                "Local Read Blocks": 0,
                "Local Dirtied Blocks": 0,
                "Local Written Blocks": 0,
                "Temp Read Blocks": 0,
                "Temp Written Blocks": 0
              }
            ]
          }
        ]
      },
      "Planning": {
        "Shared Hit Blocks": 127,
        "Shared Read Blocks": 65,
        "Shared Dirtied Blocks": 0,
        "Shared Written Blocks": 0,
        "Local Hit Blocks": 0,
        "Local Read Blocks": 0,
        "Local Dirtied Blocks": 0,
        "Local Written Blocks": 0,
        "Temp Read Blocks": 0,
        "Temp Written Blocks": 0
      },
      "Planning Time": 26.447,
      "Triggers": [],
      "Execution Time": 122096.929
    }
  ],
  "original_sql": "select min(c_customer_sk), min(ss_item_sk), min(sr_ticket_number), min(ws_order_number)\nFROM\nstore_sales,\nstore_returns,\nweb_sales,\ndate_dim d1,\ndate_dim d2,\nitem,\ncustomer,\ncustomer_address,\nhousehold_demographics\nWHERE\nss_ticket_number = sr_ticket_number\nAND ss_customer_sk = ws_bill_customer_sk\nAND ss_customer_sk = c_customer_sk\nAND c_current_addr_sk = ca_address_sk\nAND c_current_hdemo_sk = hd_demo_sk\nAND ss_item_sk = sr_item_sk\nAND sr_item_sk = ws_item_sk\nAND i_item_sk = ss_item_sk\nAND i_category IN ('Children', 'Electronics', 'Women')\nAND sr_returned_date_sk = d1.d_date_sk\nAND ws_sold_date_sk = d2.d_date_sk\nAND d2.d_date between d1.d_date AND (d1.d_date + interval '90 day')\nAND ca_state in ('GA', 'IA', 'LA', 'MO', 'SD')\nAND d1.d_year = 2000\nAND hd_income_band_sk BETWEEN 12 AND 18\nAND hd_buy_potential = '0-500'\nAND ss_sales_price / ss_list_price BETWEEN 34 * 0.01 AND 54 * 0.01"
}