{
  "query_id": "query025_agg",
  "engine": "postgresql",
  "benchmark": "dsb",
  "scale_factor": 10,
  "execution_time_ms": 9826.518,
  "planning_time_ms": 55.724,
  "plan_json": [
    {
      "Plan": {
        "Node Type": "Limit",
        "Parallel Aware": false,
        "Async Capable": false,
        "Startup Cost": 29372.09,
        "Total Cost": 29378.44,
        "Plan Rows": 1,
        "Plan Width": 236,
        "Actual Startup Time": 9820.616,
        "Actual Total Time": 9822.43,
        "Actual Rows": 0,
        "Actual Loops": 1,
        "Output": [
          "item.i_item_id",
          "item.i_item_desc",
          "store.s_store_id",
          "store.s_store_name",
          "(sum(store_sales.ss_net_profit))",
          "(sum(store_returns.sr_net_loss))",
          "(sum(catalog_sales.cs_net_profit))"
        ],
        "Shared Hit Blocks": 534155,
        "Shared Read Blocks": 34892,
        "Shared Dirtied Blocks": 0,
        "Shared Written Blocks": 0,
        "Local Hit Blocks": 0,
        "Local Read Blocks": 0,
        "Local Dirtied Blocks": 0,
        "Local Written Blocks": 0,
        "Temp Read Blocks": 737,
        "Temp Written Blocks": 738,
        "Plans": [
          {
            "Node Type": "Aggregate",
            "Strategy": "Sorted",
            "Partial Mode": "Simple",
            "Parent Relationship": "Outer",
            "Parallel Aware": false,
            "Async Capable": false,
            "Startup Cost": 29372.09,
            "Total Cost": 29378.44,
            "Plan Rows": 1,
            "Plan Width": 236,
            "Actual Startup Time": 9820.615,
            "Actual Total Time": 9822.428,
            "Actual Rows": 0,
            "Actual Loops": 1,
            "Output": [
              "item.i_item_id",
              "item.i_item_desc",
              "store.s_store_id",
              "store.s_store_name",
              "sum(store_sales.ss_net_profit)",
              "sum(store_returns.sr_net_loss)",
              "sum(catalog_sales.cs_net_profit)"
            ],
            "Group Key": [
              "item.i_item_id",
              "item.i_item_desc",
              "store.s_store_id",
              "store.s_store_name"
            ],
            "Shared Hit Blocks": 534155,
            "Shared Read Blocks": 34892,
            "Shared Dirtied Blocks": 0,
            "Shared Written Blocks": 0,
            "Local Hit Blocks": 0,
            "Local Read Blocks": 0,
            "Local Dirtied Blocks": 0,
            "Local Written Blocks": 0,
            "Temp Read Blocks": 737,
            "Temp Written Blocks": 738,
            "Plans": [
              {
                "Node Type": "Nested Loop",
                "Parent Relationship": "Outer",
                "Parallel Aware": false,
                "Async Capable": false,
                "Join Type": "Inner",
                "Startup Cost": 29372.09,
                "Total Cost": 29378.41,
                "Plan Rows": 1,
                "Plan Width": 158,
                "Actual Startup Time": 9820.614,
                "Actual Total Time": 9822.426,
                "Actual Rows": 0,
                "Actual Loops": 1,
                "Output": [
                  "item.i_item_id",
                  "item.i_item_desc",
                  "store.s_store_id",
                  "store.s_store_name",
                  "store_sales.ss_net_profit",
                  "store_returns.sr_net_loss",
                  "catalog_sales.cs_net_profit"
                ],
                "Inner Unique": true,
                "Shared Hit Blocks": 534155,
                "Shared Read Blocks": 34892,
                "Shared Dirtied Blocks": 0,
                "Shared Written Blocks": 0,
                "Local Hit Blocks": 0,
                "Local Read Blocks": 0,
                "Local Dirtied Blocks": 0,
                "Local Written Blocks": 0,
                "Temp Read Blocks": 737,
                "Temp Written Blocks": 738,
                "Plans": [
                  {
                    "Node Type": "Nested Loop",
                    "Parent Relationship": "Outer",
                    "Parallel Aware": false,
                    "Async Capable": false,
                    "Join Type": "Inner",
                    "Startup Cost": 29371.8,
                    "Total Cost": 29376.09,
                    "Plan Rows": 1,
                    "Plan Width": 162,
                    "Actual Startup Time": 5901.094,
                    "Actual Total Time": 9821.328,
                    "Actual Rows": 71,
                    "Actual Loops": 1,
                    "Output": [
                      "store_sales.ss_net_profit",
                      "store_returns.sr_net_loss",
                      "catalog_sales.cs_net_profit",
                      "catalog_sales.cs_sold_date_sk",
                      "store.s_store_id",
                      "store.s_store_name",
                      "item.i_item_id",
                      "item.i_item_desc"
                    ],
                    "Inner Unique": false,
                    "Join Filter": "(catalog_sales.cs_item_sk = item.i_item_sk)",
                    "Rows Removed by Join Filter": 0,
                    "Shared Hit Blocks": 534022,
                    "Shared Read Blocks": 34883,
                    "Shared Dirtied Blocks": 0,
                    "Shared Written Blocks": 0,
                    "Local Hit Blocks": 0,
                    "Local Read Blocks": 0,
                    "Local Dirtied Blocks": 0,
                    "Local Written Blocks": 0,
                    "Temp Read Blocks": 737,
                    "Temp Written Blocks": 738,
                    "Plans": [
                      {
                        "Node Type": "Gather Merge",
                        "Parent Relationship": "Outer",
                        "Parallel Aware": false,
                        "Async Capable": false,
                        "Startup Cost": 29371.24,
                        "Total Cost": 29371.36,
                        "Plan Rows": 1,
                        "Plan Width": 172,
                        "Actual Startup Time": 5813.673,
                        "Actual Total Time": 5863.931,
                        "Actual Rows": 31720,
                        "Actual Loops": 1,
                        "Output": [
                          "store_sales.ss_net_profit",
                          "store_sales.ss_item_sk",
                          "store_sales.ss_customer_sk",
                          "store_returns.sr_net_loss",
                          "store_returns.sr_customer_sk",
                          "store_returns.sr_item_sk",
                          "store.s_store_id",
                          "store.s_store_name",
                          "item.i_item_id",
                          "item.i_item_desc",
                          "item.i_item_sk"
                        ],
                        "Workers Planned": 2,
                        "Workers Launched": 2,
                        "Shared Hit Blocks": 419833,
                        "Shared Read Blocks": 22080,
                        "Shared Dirtied Blocks": 0,
                        "Shared Written Blocks": 0,
                        "Local Hit Blocks": 0,
                        "Local Read Blocks": 0,
                        "Local Dirtied Blocks": 0,
                        "Local Written Blocks": 0,
                        "Temp Read Blocks": 737,
                        "Temp Written Blocks": 738,
                        "Plans": [
                          {
                            "Node Type": "Sort",
                            "Parent Relationship": "Outer",
                            "Parallel Aware": false,
                            "Async Capable": false,
                            "Startup Cost": 28371.21,
                            "Total Cost": 28371.22,
                            "Plan Rows": 1,
                            "Plan Width": 172,
                            "Actual Startup Time": 5015.246,
                            "Actual Total Time": 5027.899,
                            "Actual Rows": 10573,
                            "Actual Loops": 3,
                            "Output": [
                              "store_sales.ss_net_profit",
                              "store_sales.ss_item_sk",
                              "store_sales.ss_customer_sk",
                              "store_returns.sr_net_loss",
                              "store_returns.sr_customer_sk",
                              "store_returns.sr_item_sk",
                              "store.s_store_id",
                              "store.s_store_name",
                              "item.i_item_id",
                              "item.i_item_desc",
                              "item.i_item_sk"
                            ],
                            "Sort Key": [
                              "item.i_item_id",
                              "item.i_item_desc",
                              "store.s_store_id",
                              "store.s_store_name"
                            ],
                            "Sort Method": "external merge",
                            "Sort Space Used": 5896,
                            "Sort Space Type": "Disk",
                            "Shared Hit Blocks": 419833,
                            "Shared Read Blocks": 22080,
                            "Shared Dirtied Blocks": 0,
                            "Shared Written Blocks": 0,
                            "Local Hit Blocks": 0,
                            "Local Read Blocks": 0,
                            "Local Dirtied Blocks": 0,
                            "Local Written Blocks": 0,
                            "Temp Read Blocks": 737,
                            "Temp Written Blocks": 738,
                            "Workers": [
                              {
                                "Worker Number": 0,
                                "Actual Startup Time": 4706.859,
                                "Actual Total Time": 4706.983,
                                "Actual Rows": 1214,
                                "Actual Loops": 1,
                                "Sort Method": "quicksort",
                                "Sort Space Used": 303,
                                "Sort Space Type": "Memory",
                                "Shared Hit Blocks": 268056,
                                "Shared Read Blocks": 15111,
                                "Shared Dirtied Blocks": 0,
                                "Shared Written Blocks": 0,
                                "Local Hit Blocks": 0,
                                "Local Read Blocks": 0,
                                "Local Dirtied Blocks": 0,
                                "Local Written Blocks": 0,
                                "Temp Read Blocks": 0,
                                "Temp Written Blocks": 0
                              },
                              {
                                "Worker Number": 1,
                                "Actual Startup Time": 4525.453,
                                "Actual Total Time": 4525.457,
                                "Actual Rows": 0,
                                "Actual Loops": 1,
                                "Sort Method": "quicksort",
                                "Sort Space Used": 25,
                                "Sort Space Type": "Memory",
                                "Shared Hit Blocks": 202,
                                "Shared Read Blocks": 140,
                                "Shared Dirtied Blocks": 0,
                                "Shared Written Blocks": 0,
                                "Local Hit Blocks": 0,
                                "Local Read Blocks": 0,
                                "Local Dirtied Blocks": 0,
                                "Local Written Blocks": 0,
                                "Temp Read Blocks": 0,
                                "Temp Written Blocks": 0
                              }
                            ],
                            "Plans": [
                              {
                                "Node Type": "Nested Loop",
                                "Parent Relationship": "Outer",
                                "Parallel Aware": false,
                                "Async Capable": false,
                                "Join Type": "Inner",
                                "Startup Cost": 17436.76,
                                "Total Cost": 28371.2,
                                "Plan Rows": 1,
                                "Plan Width": 172,
                                "Actual Startup Time": 4530.887,
                                "Actual Total Time": 4968.188,
                                "Actual Rows": 10573,
                                "Actual Loops": 3,
                                "Output": [
                                  "store_sales.ss_net_profit",
                                  "store_sales.ss_item_sk",
                                  "store_sales.ss_customer_sk",
                                  "store_returns.sr_net_loss",
                                  "store_returns.sr_customer_sk",
                                  "store_returns.sr_item_sk",
                                  "store.s_store_id",
                                  "store.s_store_name",
                                  "item.i_item_id",
                                  "item.i_item_desc",
                                  "item.i_item_sk"
                                ],
                                "Inner Unique": true,
                                "Shared Hit Blocks": 419803,
                                "Shared Read Blocks": 22080,
                                "Shared Dirtied Blocks": 0,
                                "Shared Written Blocks": 0,
                                "Local Hit Blocks": 0,
                                "Local Read Blocks": 0,
                                "Local Dirtied Blocks": 0,
                                "Local Written Blocks": 0,
                                "Temp Read Blocks": 0,
                                "Temp Written Blocks": 0,
                                "Workers": [
                                  {
                                    "Worker Number": 0,
                                    "Actual Startup Time": 4520.682,
                                    "Actual Total Time": 4705.196,
                                    "Actual Rows": 1214,
                                    "Actual Loops": 1,
                                    "Shared Hit Blocks": 268041,
                                    "Shared Read Blocks": 15111,
                                    "Shared Dirtied Blocks": 0,
                                    "Shared Written Blocks": 0,
                                    "Local Hit Blocks": 0,
                                    "Local Read Blocks": 0,
                                    "Local Dirtied Blocks": 0,
                                    "Local Written Blocks": 0,
                                    "Temp Read Blocks": 0,
                                    "Temp Written Blocks": 0
                                  },
                                  {
                                    "Worker Number": 1,
                                    "Actual Startup Time": 4525.421,
                                    "Actual Total Time": 4525.425,
                                    "Actual Rows": 0,
                                    "Actual Loops": 1,
                                    "Shared Hit Blocks": 187,
                                    "Shared Read Blocks": 140,
                                    "Shared Dirtied Blocks": 0,
                                    "Shared Written Blocks": 0,
                                    "Local Hit Blocks": 0,
                                    "Local Read Blocks": 0,
                                    "Local Dirtied Blocks": 0,
                                    "Local Written Blocks": 0,
                                    "Temp Read Blocks": 0,
                                    "Temp Written Blocks": 0
                                  }
                                ],
                                "Plans": [
                                  {
                                    "Node Type": "Nested Loop",
                                    "Parent Relationship": "Outer",
                                    "Parallel Aware": false,
                                    "Async Capable": false,
                                    "Join Type": "Inner",
                                    "Startup Cost": 17436.35,
                                    "Total Cost": 28368.83,
                                    "Plan Rows": 1,
                                    "Plan Width": 49,
                                    "Actual Startup Time": 4530.527,
                                    "Actual Total Time": 4751.271,
                                    "Actual Rows": 10573,
                                    "Actual Loops": 3,
                                    "Output": [
                                      "store_sales.ss_net_profit",
                                      "store_sales.ss_item_sk",
                                      "store_sales.ss_customer_sk",
                                      "store_returns.sr_net_loss",
                                      "store_returns.sr_customer_sk",
                                      "store_returns.sr_item_sk",
                                      "store.s_store_id",
                                      "store.s_store_name"
                                    ],
                                    "Inner Unique": true,
                                    "Shared Hit Blocks": 326719,
                                    "Shared Read Blocks": 20001,
                                    "Shared Dirtied Blocks": 0,
                                    "Shared Written Blocks": 0,
                                    "Local Hit Blocks": 0,
                                    "Local Read Blocks": 0,
                                    "Local Dirtied Blocks": 0,
                                    "Local Written Blocks": 0,
                                    "Temp Read Blocks": 0,
                                    "Temp Written Blocks": 0,
                                    "Workers": [
                                      {
                                        "Worker Number": 0,
                                        "Actual Startup Time": 4519.879,
                                        "Actual Total Time": 4555.072,
                                        "Actual Rows": 1214,
                                        "Actual Loops": 1,
                                        "Shared Hit Blocks": 264856,
                                        "Shared Read Blocks": 14652,
                                        "Shared Dirtied Blocks": 0,
                                        "Shared Written Blocks": 0,
                                        "Local Hit Blocks": 0,
                                        "Local Read Blocks": 0,
                                        "Local Dirtied Blocks": 0,
                                        "Local Written Blocks": 0,
                                        "Temp Read Blocks": 0,
                                        "Temp Written Blocks": 0
                                      },
                                      {
                                        "Worker Number": 1,
                                        "Actual Startup Time": 4525.421,
                                        "Actual Total Time": 4525.424,
                                        "Actual Rows": 0,
                                        "Actual Loops": 1,
                                        "Shared Hit Blocks": 187,
                                        "Shared Read Blocks": 140,
                                        "Shared Dirtied Blocks": 0,
                                        "Shared Written Blocks": 0,
                                        "Local Hit Blocks": 0,
                                        "Local Read Blocks": 0,
                                        "Local Dirtied Blocks": 0,
                                        "Local Written Blocks": 0,
                                        "Temp Read Blocks": 0,
                                        "Temp Written Blocks": 0
                                      }
                                    ],
                                    "Plans": [
                                      {
                                        "Node Type": "Hash Join",
                                        "Parent Relationship": "Outer",
                                        "Parallel Aware": true,
                                        "Async Capable": false,
                                        "Join Type": "Inner",
                                        "Startup Cost": 17436.2,
                                        "Total Cost": 28367.04,
                                        "Plan Rows": 1,
                                        "Plan Width": 32,
                                        "Actual Startup Time": 4530.182,
                                        "Actual Total Time": 4739.973,
                                        "Actual Rows": 10703,
                                        "Actual Loops": 3,
                                        "Output": [
                                          "store_sales.ss_net_profit",
                                          "store_sales.ss_item_sk",
                                          "store_sales.ss_store_sk",
                                          "store_sales.ss_customer_sk",
                                          "store_returns.sr_net_loss",
                                          "store_returns.sr_customer_sk",
                                          "store_returns.sr_item_sk"
                                        ],
                                        "Inner Unique": false,
                                        "Hash Cond": "((store_sales.ss_item_sk = store_returns.sr_item_sk) AND (store_sales.ss_customer_sk = store_returns.sr_customer_sk) AND (store_sales.ss_ticket_number = store_returns.sr_ticket_number))",
                                        "Shared Hit Blocks": 263285,
                                        "Shared Read Blocks": 19994,
                                        "Shared Dirtied Blocks": 0,
                                        "Shared Written Blocks": 0,
                                        "Local Hit Blocks": 0,
                                        "Local Read Blocks": 0,
                                        "Local Dirtied Blocks": 0,
                                        "Local Written Blocks": 0,
                                        "Temp Read Blocks": 0,
                                        "Temp Written Blocks": 0,
                                        "Workers": [
                                          {
                                            "Worker Number": 0,
                                            "Actual Startup Time": 4519.073,
                                            "Actual Total Time": 4551.898,
                                            "Actual Rows": 1228,
                                            "Actual Loops": 1,
                                            "Shared Hit Blocks": 262431,
                                            "Shared Read Blocks": 14648,
                                            "Shared Dirtied Blocks": 0,
                                            "Shared Written Blocks": 0,
                                            "Local Hit Blocks": 0,
                                            "Local Read Blocks": 0,
                                            "Local Dirtied Blocks": 0,
                                            "Local Written Blocks": 0,
                                            "Temp Read Blocks": 0,
                                            "Temp Written Blocks": 0
                                          },
                                          {
                                            "Worker Number": 1,
                                            "Actual Startup Time": 4525.421,
                                            "Actual Total Time": 4525.423,
                                            "Actual Rows": 0,
                                            "Actual Loops": 1,
                                            "Shared Hit Blocks": 187,
                                            "Shared Read Blocks": 140,
                                            "Shared Dirtied Blocks": 0,
                                            "Shared Written Blocks": 0,
                                            "Local Hit Blocks": 0,
                                            "Local Read Blocks": 0,
                                            "Local Dirtied Blocks": 0,
                                            "Local Written Blocks": 0,
                                            "Temp Read Blocks": 0,
                                            "Temp Written Blocks": 0
                                          }
                                        ],
                                        "Plans": [
                                          {
                                            "Node Type": "Nested Loop",
                                            "Parent Relationship": "Outer",
                                            "Parallel Aware": false,
                                            "Async Capable": false,
                                            "Join Type": "Inner",
                                            "Startup Cost": 0.85,
                                            "Total Cost": 10876.83,
                                            "Plan Rows": 4875,
                                            "Plan Width": 22,
                                            "Actual Startup Time": 17.856,
                                            "Actual Total Time": 188.062,
                                            "Actual Rows": 141018,
                                            "Actual Loops": 3,
                                            "Output": [
                                              "store_sales.ss_net_profit",
                                              "store_sales.ss_item_sk",
                                              "store_sales.ss_store_sk",
                                              "store_sales.ss_customer_sk",
                                              "store_sales.ss_ticket_number"
                                            ],
                                            "Inner Unique": false,
                                            "Shared Hit Blocks": 114,
                                            "Shared Read Blocks": 2835,
                                            "Shared Dirtied Blocks": 0,
                                            "Shared Written Blocks": 0,
                                            "Local Hit Blocks": 0,
                                            "Local Read Blocks": 0,
                                            "Local Dirtied Blocks": 0,
                                            "Local Written Blocks": 0,
                                            "Temp Read Blocks": 0,
                                            "Temp Written Blocks": 0,
                                            "Workers": [
                                              {
                                                "Worker Number": 0,
                                                "Actual Startup Time": 13.806,
                                                "Actual Total Time": 41.624,
                                                "Actual Rows": 13605,
                                                "Actual Loops": 1,
                                                "Shared Hit Blocks": 6,
                                                "Shared Read Blocks": 224,
                                                "Shared Dirtied Blocks": 0,
                                                "Shared Written Blocks": 0,
                                                "Local Hit Blocks": 0,
                                                "Local Read Blocks": 0,
                                                "Local Dirtied Blocks": 0,
                                                "Local Written Blocks": 0,
                                                "Temp Read Blocks": 0,
                                                "Temp Written Blocks": 0
                                              },
                                              {
                                                "Worker Number": 1,
                                                "Actual Startup Time": 26.134,
                                                "Actual Total Time": 26.136,
                                                "Actual Rows": 0,
                                                "Actual Loops": 1,
                                                "Shared Hit Blocks": 0,
                                                "Shared Read Blocks": 140,
                                                "Shared Dirtied Blocks": 0,
                                                "Shared Written Blocks": 0,
                                                "Local Hit Blocks": 0,
                                                "Local Read Blocks": 0,
                                                "Local Dirtied Blocks": 0,
                                                "Local Written Blocks": 0,
                                                "Temp Read Blocks": 0,
                                                "Temp Written Blocks": 0
                                              }
                                            ],
                                            "Plans": [
                                              {
                                                "Node Type": "Index Only Scan",
                                                "Parent Relationship": "Outer",
                                                "Parallel Aware": true,
                                                "Async Capable": false,
                                                "Scan Direction": "Forward",
                                                "Index Name": "_dta_index_date_dim_6_661577395__k1_k7_k9",
                                                "Relation Name": "date_dim",
                                                "Schema": "public",
                                                "Alias": "d1",
                                                "Startup Cost": 0.29,
                                                "Total Cost": 1862.91,
                                                "Plan Rows": 13,
                                                "Plan Width": 4,
                                                "Actual Startup Time": 16.574,
                                                "Actual Total Time": 16.583,
                                                "Actual Rows": 10,
                                                "Actual Loops": 3,
                                                "Output": [
                                                  "d1.d_date_sk",
                                                  "d1.d_year",
                                                  "d1.d_moy"
                                                ],
                                                "Index Cond": "((d1.d_year = 1999) AND (d1.d_moy = 5))",
                                                "Rows Removed by Index Recheck": 0,
                                                "Heap Fetches": 0,
                                                "Shared Hit Blocks": 3,
                                                "Shared Read Blocks": 281,
                                                "Shared Dirtied Blocks": 0,
                                                "Shared Written Blocks": 0,
                                                "Local Hit Blocks": 0,
                                                "Local Read Blocks": 0,
                                                "Local Dirtied Blocks": 0,
                                                "Local Written Blocks": 0,
                                                "Temp Read Blocks": 0,
                                                "Temp Written Blocks": 0,
                                                "Workers": [
                                                  {
                                                    "Worker Number": 0,
                                                    "Actual Startup Time": 11.798,
                                                    "Actual Total Time": 11.8,
                                                    "Actual Rows": 1,
                                                    "Actual Loops": 1,
                                                    "Shared Hit Blocks": 1,
                                                    "Shared Read Blocks": 141,
                                                    "Shared Dirtied Blocks": 0,
                                                    "Shared Written Blocks": 0,
                                                    "Local Hit Blocks": 0,
                                                    "Local Read Blocks": 0,
                                                    "Local Dirtied Blocks": 0,
                                                    "Local Written Blocks": 0,
                                                    "Temp Read Blocks": 0,
                                                    "Temp Written Blocks": 0
                                                  },
                                                  {
                                                    "Worker Number": 1,
                                                    "Actual Startup Time": 26.134,
                                                    "Actual Total Time": 26.134,
                                                    "Actual Rows": 0,
                                                    "Actual Loops": 1,
                                                    "Shared Hit Blocks": 0,
                                                    "Shared Read Blocks": 140,
                                                    "Shared Dirtied Blocks": 0,
                                                    "Shared Written Blocks": 0,
                                                    "Local Hit Blocks": 0,
                                                    "Local Read Blocks": 0,
                                                    "Local Dirtied Blocks": 0,
                                                    "Local Written Blocks": 0,
                                                    "Temp Read Blocks": 0,
                                                    "Temp Written Blocks": 0
                                                  }
                                                ]
                                              },
                                              {
                                                "Node Type": "Index Only Scan",
                                                "Parent Relationship": "Inner",
                                                "Parallel Aware": false,
                                                "Async Capable": false,
                                                "Scan Direction": "Forward",
                                                "Index Name": "_dta_index_store_sales_6_1333579789__k1_k3_k10_k4_k8_23",
                                                "Relation Name": "store_sales",
                                                "Schema": "public",
                                                "Alias": "store_sales",
                                                "Startup Cost": 0.56,
                                                "Total Cost": 558.57,
                                                "Plan Rows": 13481,
                                                "Plan Width": 26,
                                                "Actual Startup Time": 0.222,
                                                "Actual Total Time": 15.669,
                                                "Actual Rows": 13647,
                                                "Actual Loops": 31,
                                                "Output": [
                                                  "store_sales.ss_sold_date_sk",
                                                  "store_sales.ss_item_sk",
                                                  "store_sales.ss_ticket_number",
                                                  "store_sales.ss_customer_sk",
                                                  "store_sales.ss_store_sk",
                                                  "store_sales.ss_net_profit"
                                                ],
                                                "Index Cond": "(store_sales.ss_sold_date_sk = d1.d_date_sk)",
                                                "Rows Removed by Index Recheck": 0,
                                                "Heap Fetches": 0,
                                                "Shared Hit Blocks": 111,
                                                "Shared Read Blocks": 2554,
                                                "Shared Dirtied Blocks": 0,
                                                "Shared Written Blocks": 0,
                                                "Local Hit Blocks": 0,
                                                "Local Read Blocks": 0,
                                                "Local Dirtied Blocks": 0,
                                                "Local Written Blocks": 0,
                                                "Temp Read Blocks": 0,
                                                "Temp Written Blocks": 0,
                                                "Workers": [
                                                  {
                                                    "Worker Number": 0,
                                                    "Actual Startup Time": 2.002,
                                                    "Actual Total Time": 28.73,
                                                    "Actual Rows": 13605,
                                                    "Actual Loops": 1,
                                                    "Shared Hit Blocks": 5,
                                                    "Shared Read Blocks": 83,
                                                    "Shared Dirtied Blocks": 0,
                                                    "Shared Written Blocks": 0,
                                                    "Local Hit Blocks": 0,
                                                    "Local Read Blocks": 0,
                                                    "Local Dirtied Blocks": 0,
                                                    "Local Written Blocks": 0,
                                                    "Temp Read Blocks": 0,
                                                    "Temp Written Blocks": 0
                                                  }
                                                ]
                                              }
                                            ]
                                          },
                                          {
                                            "Node Type": "Hash",
                                            "Parent Relationship": "Inner",
                                            "Parallel Aware": true,
                                            "Async Capable": false,
                                            "Startup Cost": 17371.49,
                                            "Total Cost": 17371.49,
                                            "Plan Rows": 3649,
                                            "Plan Width": 18,
                                            "Actual Startup Time": 4512.175,
                                            "Actual Total Time": 4512.177,
                                            "Actual Rows": 108617,
                                            "Actual Loops": 3,
                                            "Output": [
                                              "store_returns.sr_net_loss",
                                              "store_returns.sr_customer_sk",
                                              "store_returns.sr_item_sk",
                                              "store_returns.sr_ticket_number"
                                            ],
                                            "Hash Buckets": 524288,
                                            "Original Hash Buckets": 16384,
                                            "Hash Batches": 1,
                                            "Original Hash Batches": 1,
                                            "Peak Memory Usage": 25600,
                                            "Shared Hit Blocks": 263077,
                                            "Shared Read Blocks": 17159,
                                            "Shared Dirtied Blocks": 0,
                                            "Shared Written Blocks": 0,
                                            "Local Hit Blocks": 0,
                                            "Local Read Blocks": 0,
                                            "Local Dirtied Blocks": 0,
                                            "Local Written Blocks": 0,
                                            "Temp Read Blocks": 0,
                                            "Temp Written Blocks": 0,
                                            "Workers": [
                                              {
                                                "Worker Number": 0,
                                                "Actual Startup Time": 4505.163,
                                                "Actual Total Time": 4505.164,
                                                "Actual Rows": 322147,
                                                "Actual Loops": 1,
                                                "Shared Hit Blocks": 262378,
                                                "Shared Read Blocks": 14424,
                                                "Shared Dirtied Blocks": 0,
                                                "Shared Written Blocks": 0,
                                                "Local Hit Blocks": 0,
                                                "Local Read Blocks": 0,
                                                "Local Dirtied Blocks": 0,
                                                "Local Written Blocks": 0,
                                                "Temp Read Blocks": 0,
                                                "Temp Written Blocks": 0
                                              },
                                              {
                                                "Worker Number": 1,
                                                "Actual Startup Time": 4499.15,
                                                "Actual Total Time": 4499.151,
                                                "Actual Rows": 0,
                                                "Actual Loops": 1,
                                                "Shared Hit Blocks": 140,
                                                "Shared Read Blocks": 0,
                                                "Shared Dirtied Blocks": 0,
                                                "Shared Written Blocks": 0,
                                                "Local Hit Blocks": 0,
                                                "Local Read Blocks": 0,
                                                "Local Dirtied Blocks": 0,
                                                "Local Written Blocks": 0,
                                                "Temp Read Blocks": 0,
                                                "Temp Written Blocks": 0
                                              }
                                            ],
                                            "Plans": [
                                              {
                                                "Node Type": "Nested Loop",
                                                "Parent Relationship": "Outer",
                                                "Parallel Aware": false,
                                                "Async Capable": false,
                                                "Join Type": "Inner",
                                                "Startup Cost": 0.72,
                                                "Total Cost": 17371.49,
                                                "Plan Rows": 3649,
                                                "Plan Width": 18,
                                                "Actual Startup Time": 1.155,
                                                "Actual Total Time": 1768.393,
                                                "Actual Rows": 108617,
                                                "Actual Loops": 3,
                                                "Output": [
                                                  "store_returns.sr_net_loss",
                                                  "store_returns.sr_customer_sk",
                                                  "store_returns.sr_item_sk",
                                                  "store_returns.sr_ticket_number"
                                                ],
                                                "Inner Unique": false,
                                                "Shared Hit Blocks": 263077,
                                                "Shared Read Blocks": 17159,
                                                "Shared Dirtied Blocks": 0,
                                                "Shared Written Blocks": 0,
                                                "Local Hit Blocks": 0,
                                                "Local Read Blocks": 0,
                                                "Local Dirtied Blocks": 0,
                                                "Local Written Blocks": 0,
                                                "Temp Read Blocks": 0,
                                                "Temp Written Blocks": 0,
                                                "Workers": [
                                                  {
                                                    "Worker Number": 0,
                                                    "Actual Startup Time": 1.012,
                                                    "Actual Total Time": 4409.798,
                                                    "Actual Rows": 322147,
                                                    "Actual Loops": 1,
                                                    "Shared Hit Blocks": 262378,
                                                    "Shared Read Blocks": 14424,
                                                    "Shared Dirtied Blocks": 0,
                                                    "Shared Written Blocks": 0,
                                                    "Local Hit Blocks": 0,
                                                    "Local Read Blocks": 0,
                                                    "Local Dirtied Blocks": 0,
                                                    "Local Written Blocks": 0,
                                                    "Temp Read Blocks": 0,
                                                    "Temp Written Blocks": 0
                                                  },
                                                  {
                                                    "Worker Number": 1,
                                                    "Actual Startup Time": 0.505,
                                                    "Actual Total Time": 0.506,
                                                    "Actual Rows": 0,
                                                    "Actual Loops": 1,
                                                    "Shared Hit Blocks": 140,
                                                    "Shared Read Blocks": 0,
                                                    "Shared Dirtied Blocks": 0,
                                                    "Shared Written Blocks": 0,
                                                    "Local Hit Blocks": 0,
                                                    "Local Read Blocks": 0,
                                                    "Local Dirtied Blocks": 0,
                                                    "Local Written Blocks": 0,
                                                    "Temp Read Blocks": 0,
                                                    "Temp Written Blocks": 0
                                                  }
                                                ],
                                                "Plans": [
                                                  {
                                                    "Node Type": "Index Only Scan",
                                                    "Parent Relationship": "Outer",
                                                    "Parallel Aware": true,
                                                    "Async Capable": false,
                                                    "Scan Direction": "Forward",
                                                    "Index Name": "_dta_index_date_dim_6_661577395__k1_k7_k9",
                                                    "Relation Name": "date_dim",
                                                    "Schema": "public",
                                                    "Alias": "d2",
                                                    "Startup Cost": 0.29,
                                                    "Total Cost": 2047.54,
                                                    "Plan Rows": 38,
                                                    "Plan Width": 4,
                                                    "Actual Startup Time": 0.347,
                                                    "Actual Total Time": 0.4,
                                                    "Actual Rows": 31,
                                                    "Actual Loops": 3,
                                                    "Output": [
                                                      "d2.d_date_sk",
                                                      "d2.d_year",
                                                      "d2.d_moy"
                                                    ],
                                                    "Index Cond": "((d2.d_year = 1999) AND (d2.d_moy >= 5) AND (d2.d_moy <= 7))",
                                                    "Rows Removed by Index Recheck": 0,
                                                    "Heap Fetches": 0,
                                                    "Shared Hit Blocks": 283,
                                                    "Shared Read Blocks": 0,
                                                    "Shared Dirtied Blocks": 0,
                                                    "Shared Written Blocks": 0,
                                                    "Local Hit Blocks": 0,
                                                    "Local Read Blocks": 0,
                                                    "Local Dirtied Blocks": 0,
                                                    "Local Written Blocks": 0,
                                                    "Temp Read Blocks": 0,
                                                    "Temp Written Blocks": 0,
                                                    "Workers": [
                                                      {
                                                        "Worker Number": 0,
                                                        "Actual Startup Time": 0.225,
                                                        "Actual Total Time": 0.383,
                                                        "Actual Rows": 91,
                                                        "Actual Loops": 1,
                                                        "Shared Hit Blocks": 2,
                                                        "Shared Read Blocks": 0,
                                                        "Shared Dirtied Blocks": 0,
                                                        "Shared Written Blocks": 0,
                                                        "Local Hit Blocks": 0,
                                                        "Local Read Blocks": 0,
                                                        "Local Dirtied Blocks": 0,
                                                        "Local Written Blocks": 0,
                                                        "Temp Read Blocks": 0,
                                                        "Temp Written Blocks": 0
                                                      },
                                                      {
                                                        "Worker Number": 1,
                                                        "Actual Startup Time": 0.505,
                                                        "Actual Total Time": 0.505,
                                                        "Actual Rows": 0,
                                                        "Actual Loops": 1,
                                                        "Shared Hit Blocks": 140,
                                                        "Shared Read Blocks": 0,
                                                        "Shared Dirtied Blocks": 0,
                                                        "Shared Written Blocks": 0,
                                                        "Local Hit Blocks": 0,
                                                        "Local Read Blocks": 0,
                                                        "Local Dirtied Blocks": 0,
                                                        "Local Written Blocks": 0,
                                                        "Temp Read Blocks": 0,
                                                        "Temp Written Blocks": 0
                                                      }
                                                    ]
                                                  },
                                                  {
                                                    "Node Type": "Index Scan",
                                                    "Parent Relationship": "Inner",
                                                    "Parallel Aware": false,
                                                    "Async Capable": false,
                                                    "Scan Direction": "Forward",
                                                    "Index Name": "_dta_index_store_returns_6_1013578649__k1_3_4_10",
                                                    "Relation Name": "store_returns",
                                                    "Schema": "public",
                                                    "Alias": "store_returns",
                                                    "Startup Cost": 0.43,
                                                    "Total Cost": 371.97,
                                                    "Plan Rows": 3129,
                                                    "Plan Width": 22,
                                                    "Actual Startup Time": 0.074,
                                                    "Actual Total Time": 57.068,
                                                    "Actual Rows": 3542,
                                                    "Actual Loops": 92,
                                                    "Output": [
                                                      "store_returns.sr_returned_date_sk",
                                                      "store_returns.sr_return_time_sk",
                                                      "store_returns.sr_item_sk",
                                                      "store_returns.sr_customer_sk",
                                                      "store_returns.sr_cdemo_sk",
                                                      "store_returns.sr_hdemo_sk",
                                                      "store_returns.sr_addr_sk",
                                                      "store_returns.sr_store_sk",
                                                      "store_returns.sr_reason_sk",
                                                      "store_returns.sr_ticket_number",
                                                      "store_returns.sr_return_quantity",
                                                      "store_returns.sr_return_amt",
                                                      "store_returns.sr_return_tax",
                                                      "store_returns.sr_return_amt_inc_tax",
                                                      "store_returns.sr_fee",
                                                      "store_returns.sr_return_ship_cost",
                                                      "store_returns.sr_refunded_cash",
                                                      "store_returns.sr_reversed_charge",
                                                      "store_returns.sr_store_credit",
                                                      "store_returns.sr_net_loss"
                                                    ],
                                                    "Index Cond": "(store_returns.sr_returned_date_sk = d2.d_date_sk)",
                                                    "Rows Removed by Index Recheck": 0,
                                                    "Shared Hit Blocks": 262794,
                                                    "Shared Read Blocks": 17159,
                                                    "Shared Dirtied Blocks": 0,
                                                    "Shared Written Blocks": 0,
                                                    "Local Hit Blocks": 0,
                                                    "Local Read Blocks": 0,
                                                    "Local Dirtied Blocks": 0,
                                                    "Local Written Blocks": 0,
                                                    "Temp Read Blocks": 0,
                                                    "Temp Written Blocks": 0,
                                                    "Workers": [
                                                      {
                                                        "Worker Number": 0,
                                                        "Actual Startup Time": 0.057,
                                                        "Actual Total Time": 47.893,
                                                        "Actual Rows": 3540,
                                                        "Actual Loops": 91,
                                                        "Shared Hit Blocks": 262376,
                                                        "Shared Read Blocks": 14424,
                                                        "Shared Dirtied Blocks": 0,
                                                        "Shared Written Blocks": 0,
                                                        "Local Hit Blocks": 0,
                                                        "Local Read Blocks": 0,
                                                        "Local Dirtied Blocks": 0,
                                                        "Local Written Blocks": 0,
                                                        "Temp Read Blocks": 0,
                                                        "Temp Written Blocks": 0
                                                      }
                                                    ]
                                                  }
                                                ]
                                              }
                                            ]
                                          }
                                        ]
                                      },
                                      {
                                        "Node Type": "Index Only Scan",
                                        "Parent Relationship": "Inner",
                                        "Parallel Aware": false,
                                        "Async Capable": false,
                                        "Scan Direction": "Forward",
                                        "Index Name": "_dta_index_store_6_885578193__k1_2_6",
                                        "Relation Name": "store",
                                        "Schema": "public",
                                        "Alias": "store",
                                        "Startup Cost": 0.14,
                                        "Total Cost": 1.76,
                                        "Plan Rows": 1,
                                        "Plan Width": 25,
                                        "Actual Startup Time": 0.001,
                                        "Actual Total Time": 0.001,
                                        "Actual Rows": 1,
                                        "Actual Loops": 32110,
                                        "Output": [
                                          "store.s_store_sk",
                                          "store.s_store_id",
                                          "store.s_store_name"
                                        ],
                                        "Index Cond": "(store.s_store_sk = store_sales.ss_store_sk)",
                                        "Rows Removed by Index Recheck": 0,
                                        "Heap Fetches": 31720,
                                        "Shared Hit Blocks": 63434,
                                        "Shared Read Blocks": 7,
                                        "Shared Dirtied Blocks": 0,
                                        "Shared Written Blocks": 0,
                                        "Local Hit Blocks": 0,
                                        "Local Read Blocks": 0,
                                        "Local Dirtied Blocks": 0,
                                        "Local Written Blocks": 0,
                                        "Temp Read Blocks": 0,
                                        "Temp Written Blocks": 0,
                                        "Workers": [
                                          {
                                            "Worker Number": 0,
                                            "Actual Startup Time": 0.002,
                                            "Actual Total Time": 0.002,
                                            "Actual Rows": 1,
                                            "Actual Loops": 1228,
                                            "Shared Hit Blocks": 2425,
                                            "Shared Read Blocks": 4,
                                            "Shared Dirtied Blocks": 0,
                                            "Shared Written Blocks": 0,
                                            "Local Hit Blocks": 0,
                                            "Local Read Blocks": 0,
                                            "Local Dirtied Blocks": 0,
                                            "Local Written Blocks": 0,
                                            "Temp Read Blocks": 0,
                                            "Temp Written Blocks": 0
                                          }
                                        ]
                                      }
                                    ]
                                  },
                                  {
                                    "Node Type": "Index Only Scan",
                                    "Parent Relationship": "Inner",
                                    "Parallel Aware": false,
                                    "Async Capable": false,
                                    "Scan Direction": "Forward",
                                    "Index Name": "_dta_index_item_6_853578079__k1_2_5",
                                    "Relation Name": "item",
                                    "Schema": "public",
                                    "Alias": "item",
                                    "Startup Cost": 0.42,
                                    "Total Cost": 2.38,
                                    "Plan Rows": 1,
                                    "Plan Width": 123,
                                    "Actual Startup Time": 0.02,
                                    "Actual Total Time": 0.02,
                                    "Actual Rows": 1,
                                    "Actual Loops": 31720,
                                    "Output": [
                                      "item.i_item_sk",
                                      "item.i_item_id",
                                      "item.i_item_desc"
                                    ],
                                    "Index Cond": "(item.i_item_sk = store_sales.ss_item_sk)",
                                    "Rows Removed by Index Recheck": 0,
                                    "Heap Fetches": 0,
                                    "Shared Hit Blocks": 93084,
                                    "Shared Read Blocks": 2079,
                                    "Shared Dirtied Blocks": 0,
                                    "Shared Written Blocks": 0,
                                    "Local Hit Blocks": 0,
                                    "Local Read Blocks": 0,
                                    "Local Dirtied Blocks": 0,
                                    "Local Written Blocks": 0,
                                    "Temp Read Blocks": 0,
                                    "Temp Written Blocks": 0,
                                    "Workers": [
                                      {
                                        "Worker Number": 0,
                                        "Actual Startup Time": 0.123,
                                        "Actual Total Time": 0.123,
                                        "Actual Rows": 1,
                                        "Actual Loops": 1214,
                                        "Shared Hit Blocks": 3185,
                                        "Shared Read Blocks": 459,
                                        "Shared Dirtied Blocks": 0,
                                        "Shared Written Blocks": 0,
                                        "Local Hit Blocks": 0,
                                        "Local Read Blocks": 0,
                                        "Local Dirtied Blocks": 0,
                                        "Local Written Blocks": 0,
                                        "Temp Read Blocks": 0,
                                        "Temp Written Blocks": 0
                                      }
                                    ]
                                  }
                                ]
                              }
                            ]
                          }
                        ]
                      },
                      {
                        "Node Type": "Index Only Scan",
                        "Parent Relationship": "Inner",
                        "Parallel Aware": false,
                        "Async Capable": false,
                        "Scan Direction": "Forward",
                        "Index Name": "_dta_index_catalog_sales_6_1301579675__k16_k4_k1_34",
                        "Relation Name": "catalog_sales",
                        "Schema": "public",
                        "Alias": "catalog_sales",
                        "Startup Cost": 0.56,
                        "Total Cost": 4.72,
                        "Plan Rows": 1,
                        "Plan Width": 18,
                        "Actual Startup Time": 0.124,
                        "Actual Total Time": 0.124,
                        "Actual Rows": 0,
                        "Actual Loops": 31720,
                        "Output": [
                          "catalog_sales.cs_item_sk",
                          "catalog_sales.cs_bill_customer_sk",
                          "catalog_sales.cs_sold_date_sk",
                          "catalog_sales.cs_net_profit"
                        ],
                        "Index Cond": "((catalog_sales.cs_item_sk = store_sales.ss_item_sk) AND (catalog_sales.cs_bill_customer_sk = store_sales.ss_customer_sk))",
                        "Rows Removed by Index Recheck": 0,
                        "Heap Fetches": 71,
                        "Shared Hit Blocks": 114189,
                        "Shared Read Blocks": 12803,
                        "Shared Dirtied Blocks": 0,
                        "Shared Written Blocks": 0,
                        "Local Hit Blocks": 0,
                        "Local Read Blocks": 0,
                        "Local Dirtied Blocks": 0,
                        "Local Written Blocks": 0,
                        "Temp Read Blocks": 0,
                        "Temp Written Blocks": 0
                      }
                    ]
                  },
                  {
                    "Node Type": "Index Only Scan",
                    "Parent Relationship": "Inner",
                    "Parallel Aware": false,
                    "Async Capable": false,
                    "Scan Direction": "Forward",
                    "Index Name": "_dta_index_date_dim_6_661577395__k1_k7_k9",
                    "Relation Name": "date_dim",
                    "Schema": "public",
                    "Alias": "d3",
                    "Startup Cost": 0.29,
                    "Total Cost": 2.27,
                    "Plan Rows": 1,
                    "Plan Width": 4,
                    "Actual Startup Time": 0.014,
                    "Actual Total Time": 0.014,
                    "Actual Rows": 0,
                    "Actual Loops": 71,
                    "Output": [
                      "d3.d_date_sk",
                      "d3.d_year",
                      "d3.d_moy"
                    ],
                    "Index Cond": "((d3.d_date_sk = catalog_sales.cs_sold_date_sk) AND (d3.d_year = 1999) AND (d3.d_moy >= 5) AND (d3.d_moy <= 7))",
                    "Rows Removed by Index Recheck": 0,
                    "Heap Fetches": 0,
                    "Shared Hit Blocks": 133,
                    "Shared Read Blocks": 9,
                    "Shared Dirtied Blocks": 0,
                    "Shared Written Blocks": 0,
                    "Local Hit Blocks": 0,
                    "Local Read Blocks": 0,
                    "Local Dirtied Blocks": 0,
                    "Local Written Blocks": 0,
                    "Temp Read Blocks": 0,
                    "Temp Written Blocks": 0
                  }
                ]
              }
            ]
          }
        ]
      },
      "Planning": {
        "Shared Hit Blocks": 122,
        "Shared Read Blocks": 73,
        "Shared Dirtied Blocks": 0,
        "Shared Written Blocks": 0,
        "Local Hit Blocks": 0,
        "Local Read Blocks": 0,
        "Local Dirtied Blocks": 0,
        "Local Written Blocks": 0,
        "Temp Read Blocks": 0,
        "Temp Written Blocks": 0
      },
      "Planning Time": 55.724,
      "Triggers": [],
      "Execution Time": 9826.518
    }
  ],
  "original_sql": "select \n i_item_id\n ,i_item_desc\n ,s_store_id\n ,s_store_name\n ,sum(ss_net_profit) as store_sales_profit\n ,sum(sr_net_loss) as store_returns_loss\n ,sum(cs_net_profit) as catalog_sales_profit\n from\n store_sales\n ,store_returns\n ,catalog_sales\n ,date_dim d1\n ,date_dim d2\n ,date_dim d3\n ,store\n ,item\n where\n d1.d_moy = 5\n and d1.d_year = 1999\n and d1.d_date_sk = ss_sold_date_sk\n and i_item_sk = ss_item_sk\n and s_store_sk = ss_store_sk\n and ss_customer_sk = sr_customer_sk\n and ss_item_sk = sr_item_sk\n and ss_ticket_number = sr_ticket_number\n and sr_returned_date_sk = d2.d_date_sk\n and d2.d_moy               between 5 and  5 + 2\n and d2.d_year              = 1999\n and sr_customer_sk = cs_bill_customer_sk\n and sr_item_sk = cs_item_sk\n and cs_sold_date_sk = d3.d_date_sk\n and d3.d_moy               between 5 and  5 + 2\n and d3.d_year              = 1999\n group by\n i_item_id\n ,i_item_desc\n ,s_store_id\n ,s_store_name\n order by\n i_item_id\n ,i_item_desc\n ,s_store_id\n ,s_store_name\n limit 100"
}