{
  "query_id": "query087_multi",
  "engine": "postgresql",
  "benchmark": "dsb",
  "scale_factor": 10,
  "execution_time_ms": 11816.969,
  "planning_time_ms": 7.933,
  "plan_json": [
    {
      "Plan": {
        "Node Type": "Aggregate",
        "Strategy": "Plain",
        "Partial Mode": "Simple",
        "Parallel Aware": false,
        "Async Capable": false,
        "Startup Cost": 563942.8,
        "Total Cost": 563942.81,
        "Plan Rows": 1,
        "Plan Width": 8,
        "Actual Startup Time": 11813.416,
        "Actual Total Time": 11813.519,
        "Actual Rows": 1,
        "Actual Loops": 1,
        "Output": [
          "count(*)"
        ],
        "Shared Hit Blocks": 11449,
        "Shared Read Blocks": 165292,
        "Shared Dirtied Blocks": 0,
        "Shared Written Blocks": 0,
        "Local Hit Blocks": 0,
        "Local Read Blocks": 0,
        "Local Dirtied Blocks": 0,
        "Local Written Blocks": 0,
        "Temp Read Blocks": 0,
        "Temp Written Blocks": 0,
        "Plans": [
          {
            "Node Type": "Subquery Scan",
            "Parent Relationship": "Outer",
            "Parallel Aware": false,
            "Async Capable": false,
            "Alias": "cool_cust",
            "Startup Cost": 243340.92,
            "Total Cost": 563942.72,
            "Plan Rows": 32,
            "Plan Width": 0,
            "Actual Startup Time": 11813.387,
            "Actual Total Time": 11813.489,
            "Actual Rows": 0,
            "Actual Loops": 1,
            "Output": [
              "cool_cust.c_last_name",
              "cool_cust.c_first_name",
              "cool_cust.d_date"
            ],
            "Shared Hit Blocks": 11449,
            "Shared Read Blocks": 165292,
            "Shared Dirtied Blocks": 0,
            "Shared Written Blocks": 0,
            "Local Hit Blocks": 0,
            "Local Read Blocks": 0,
            "Local Dirtied Blocks": 0,
            "Local Written Blocks": 0,
            "Temp Read Blocks": 0,
            "Temp Written Blocks": 0,
            "Plans": [
              {
                "Node Type": "SetOp",
                "Strategy": "Hashed",
                "Parent Relationship": "Subquery",
                "Parallel Aware": false,
                "Async Capable": false,
                "Command": "Except",
                "Startup Cost": 243340.92,
                "Total Cost": 563942.4,
                "Plan Rows": 32,
                "Plan Width": 216,
                "Actual Startup Time": 11813.385,
                "Actual Total Time": 11813.487,
                "Actual Rows": 0,
                "Actual Loops": 1,
                "Output": [
                  "\"*SELECT* 1\".c_last_name",
                  "\"*SELECT* 1\".c_first_name",
                  "\"*SELECT* 1\".d_date",
                  "(0)"
                ],
                "Shared Hit Blocks": 11449,
                "Shared Read Blocks": 165292,
                "Shared Dirtied Blocks": 0,
                "Shared Written Blocks": 0,
                "Local Hit Blocks": 0,
                "Local Read Blocks": 0,
                "Local Dirtied Blocks": 0,
                "Local Written Blocks": 0,
                "Temp Read Blocks": 0,
                "Temp Written Blocks": 0,
                "Plans": [
                  {
                    "Node Type": "Append",
                    "Parent Relationship": "Outer",
                    "Parallel Aware": false,
                    "Async Capable": false,
                    "Startup Cost": 243340.92,
                    "Total Cost": 563942.12,
                    "Plan Rows": 38,
                    "Plan Width": 216,
                    "Actual Startup Time": 11813.384,
                    "Actual Total Time": 11813.486,
                    "Actual Rows": 0,
                    "Actual Loops": 1,
                    "Shared Hit Blocks": 11449,
                    "Shared Read Blocks": 165292,
                    "Shared Dirtied Blocks": 0,
                    "Shared Written Blocks": 0,
                    "Local Hit Blocks": 0,
                    "Local Read Blocks": 0,
                    "Local Dirtied Blocks": 0,
                    "Local Written Blocks": 0,
                    "Temp Read Blocks": 0,
                    "Temp Written Blocks": 0,
                    "Subplans Removed": 0,
                    "Plans": [
                      {
                        "Node Type": "Result",
                        "Parent Relationship": "Member",
                        "Parallel Aware": false,
                        "Async Capable": false,
                        "Startup Cost": 243340.92,
                        "Total Cost": 452855.25,
                        "Plan Rows": 32,
                        "Plan Width": 216,
                        "Actual Startup Time": 8314.873,
                        "Actual Total Time": 8314.957,
                        "Actual Rows": 0,
                        "Actual Loops": 1,
                        "Output": [
                          "\"*SELECT* 1\".c_last_name",
                          "\"*SELECT* 1\".c_first_name",
                          "\"*SELECT* 1\".d_date",
                          "0"
                        ],
                        "Shared Hit Blocks": 9981,
                        "Shared Read Blocks": 111965,
                        "Shared Dirtied Blocks": 0,
                        "Shared Written Blocks": 0,
                        "Local Hit Blocks": 0,
                        "Local Read Blocks": 0,
                        "Local Dirtied Blocks": 0,
                        "Local Written Blocks": 0,
                        "Temp Read Blocks": 0,
                        "Temp Written Blocks": 0,
                        "Plans": [
                          {
                            "Node Type": "SetOp",
                            "Strategy": "Hashed",
                            "Parent Relationship": "Outer",
                            "Parallel Aware": false,
                            "Async Capable": false,
                            "Command": "Except",
                            "Startup Cost": 243340.92,
                            "Total Cost": 452854.93,
                            "Plan Rows": 32,
                            "Plan Width": 216,
                            "Actual Startup Time": 8314.872,
                            "Actual Total Time": 8314.956,
                            "Actual Rows": 0,
                            "Actual Loops": 1,
                            "Output": [
                              "\"*SELECT* 1\".c_last_name",
                              "\"*SELECT* 1\".c_first_name",
                              "\"*SELECT* 1\".d_date",
                              "(0)"
                            ],
                            "Shared Hit Blocks": 9981,
                            "Shared Read Blocks": 111965,
                            "Shared Dirtied Blocks": 0,
                            "Shared Written Blocks": 0,
                            "Local Hit Blocks": 0,
                            "Local Read Blocks": 0,
                            "Local Dirtied Blocks": 0,
                            "Local Written Blocks": 0,
                            "Temp Read Blocks": 0,
                            "Temp Written Blocks": 0,
                            "Plans": [
                              {
                                "Node Type": "Append",
                                "Parent Relationship": "Outer",
                                "Parallel Aware": false,
                                "Async Capable": false,
                                "Startup Cost": 243340.92,
                                "Total Cost": 452854.66,
                                "Plan Rows": 37,
                                "Plan Width": 216,
                                "Actual Startup Time": 8314.871,
                                "Actual Total Time": 8314.955,
                                "Actual Rows": 0,
                                "Actual Loops": 1,
                                "Shared Hit Blocks": 9981,
                                "Shared Read Blocks": 111965,
                                "Shared Dirtied Blocks": 0,
                                "Shared Written Blocks": 0,
                                "Local Hit Blocks": 0,
                                "Local Read Blocks": 0,
                                "Local Dirtied Blocks": 0,
                                "Local Written Blocks": 0,
                                "Temp Read Blocks": 0,
                                "Temp Written Blocks": 0,
                                "Subplans Removed": 0,
                                "Plans": [
                                  {
                                    "Node Type": "Subquery Scan",
                                    "Parent Relationship": "Member",
                                    "Parallel Aware": false,
                                    "Async Capable": false,
                                    "Alias": "*SELECT* 1",
                                    "Startup Cost": 243340.92,
                                    "Total Cost": 243345.4,
                                    "Plan Rows": 32,
                                    "Plan Width": 60,
                                    "Actual Startup Time": 4544.7,
                                    "Actual Total Time": 4544.758,
                                    "Actual Rows": 0,
                                    "Actual Loops": 1,
                                    "Output": [
                                      "\"*SELECT* 1\".c_last_name",
                                      "\"*SELECT* 1\".c_first_name",
                                      "\"*SELECT* 1\".d_date",
                                      "0"
                                    ],
                                    "Shared Hit Blocks": 8483,
                                    "Shared Read Blocks": 54469,
                                    "Shared Dirtied Blocks": 0,
                                    "Shared Written Blocks": 0,
                                    "Local Hit Blocks": 0,
                                    "Local Read Blocks": 0,
                                    "Local Dirtied Blocks": 0,
                                    "Local Written Blocks": 0,
                                    "Temp Read Blocks": 0,
                                    "Temp Written Blocks": 0,
                                    "Plans": [
                                      {
                                        "Node Type": "Unique",
                                        "Parent Relationship": "Subquery",
                                        "Parallel Aware": false,
                                        "Async Capable": false,
                                        "Startup Cost": 243340.92,
                                        "Total Cost": 243345.08,
                                        "Plan Rows": 32,
                                        "Plan Width": 56,
                                        "Actual Startup Time": 4544.699,
                                        "Actual Total Time": 4544.756,
                                        "Actual Rows": 0,
                                        "Actual Loops": 1,
                                        "Output": [
                                          "customer.c_last_name",
                                          "customer.c_first_name",
                                          "date_dim.d_date"
                                        ],
                                        "Shared Hit Blocks": 8483,
                                        "Shared Read Blocks": 54469,
                                        "Shared Dirtied Blocks": 0,
                                        "Shared Written Blocks": 0,
                                        "Local Hit Blocks": 0,
                                        "Local Read Blocks": 0,
                                        "Local Dirtied Blocks": 0,
                                        "Local Written Blocks": 0,
                                        "Temp Read Blocks": 0,
                                        "Temp Written Blocks": 0,
                                        "Plans": [
                                          {
                                            "Node Type": "Gather Merge",
                                            "Parent Relationship": "Outer",
                                            "Parallel Aware": false,
                                            "Async Capable": false,
                                            "Startup Cost": 243340.92,
                                            "Total Cost": 243344.84,
                                            "Plan Rows": 32,
                                            "Plan Width": 56,
                                            "Actual Startup Time": 4544.699,
                                            "Actual Total Time": 4544.754,
                                            "Actual Rows": 0,
                                            "Actual Loops": 1,
                                            "Output": [
                                              "customer.c_last_name",
                                              "customer.c_first_name",
                                              "date_dim.d_date"
                                            ],
                                            "Workers Planned": 1,
                                            "Workers Launched": 1,
                                            "Shared Hit Blocks": 8483,
                                            "Shared Read Blocks": 54469,
                                            "Shared Dirtied Blocks": 0,
                                            "Shared Written Blocks": 0,
                                            "Local Hit Blocks": 0,
                                            "Local Read Blocks": 0,
                                            "Local Dirtied Blocks": 0,
                                            "Local Written Blocks": 0,
                                            "Temp Read Blocks": 0,
                                            "Temp Written Blocks": 0,
                                            "Plans": [
                                              {
                                                "Node Type": "Unique",
                                                "Parent Relationship": "Outer",
                                                "Parallel Aware": false,
                                                "Async Capable": false,
                                                "Startup Cost": 242340.91,
                                                "Total Cost": 242341.23,
                                                "Plan Rows": 32,
                                                "Plan Width": 56,
                                                "Actual Startup Time": 4491.794,
                                                "Actual Total Time": 4491.797,
                                                "Actual Rows": 0,
                                                "Actual Loops": 2,
                                                "Output": [
                                                  "customer.c_last_name",
                                                  "customer.c_first_name",
                                                  "date_dim.d_date"
                                                ],
                                                "Shared Hit Blocks": 8483,
                                                "Shared Read Blocks": 54469,
                                                "Shared Dirtied Blocks": 0,
                                                "Shared Written Blocks": 0,
                                                "Local Hit Blocks": 0,
                                                "Local Read Blocks": 0,
                                                "Local Dirtied Blocks": 0,
                                                "Local Written Blocks": 0,
                                                "Temp Read Blocks": 0,
                                                "Temp Written Blocks": 0,
                                                "Workers": [
                                                  {
                                                    "Worker Number": 0,
                                                    "Actual Startup Time": 4439.129,
                                                    "Actual Total Time": 4439.131,
                                                    "Actual Rows": 0,
                                                    "Actual Loops": 1,
                                                    "JIT": {
                                                      "Functions": 15,
                                                      "Options": {
                                                        "Inlining": true,
                                                        "Optimization": true,
                                                        "Expressions": true,
                                                        "Deforming": true
                                                      },
                                                      "Timing": {
                                                        "Generation": 3.016,
                                                        "Inlining": 57.242,
                                                        "Optimization": 74.89,
                                                        "Emission": 54.905,
                                                        "Total": 190.052
                                                      }
                                                    },
                                                    "Shared Hit Blocks": 556,
                                                    "Shared Read Blocks": 28836,
                                                    "Shared Dirtied Blocks": 0,
                                                    "Shared Written Blocks": 0,
                                                    "Local Hit Blocks": 0,
                                                    "Local Read Blocks": 0,
                                                    "Local Dirtied Blocks": 0,
                                                    "Local Written Blocks": 0,
                                                    "Temp Read Blocks": 0,
                                                    "Temp Written Blocks": 0
                                                  }
                                                ],
                                                "Plans": [
                                                  {
                                                    "Node Type": "Sort",
                                                    "Parent Relationship": "Outer",
                                                    "Parallel Aware": false,
                                                    "Async Capable": false,
                                                    "Startup Cost": 242340.91,
                                                    "Total Cost": 242340.99,
                                                    "Plan Rows": 32,
                                                    "Plan Width": 56,
                                                    "Actual Startup Time": 4491.793,
                                                    "Actual Total Time": 4491.796,
                                                    "Actual Rows": 0,
                                                    "Actual Loops": 2,
                                                    "Output": [
                                                      "customer.c_last_name",
                                                      "customer.c_first_name",
                                                      "date_dim.d_date"
                                                    ],
                                                    "Sort Key": [
                                                      "customer.c_last_name",
                                                      "customer.c_first_name",
                                                      "date_dim.d_date"
                                                    ],
                                                    "Sort Method": "quicksort",
                                                    "Sort Space Used": 25,
                                                    "Sort Space Type": "Memory",
                                                    "Shared Hit Blocks": 8483,
                                                    "Shared Read Blocks": 54469,
                                                    "Shared Dirtied Blocks": 0,
                                                    "Shared Written Blocks": 0,
                                                    "Local Hit Blocks": 0,
                                                    "Local Read Blocks": 0,
                                                    "Local Dirtied Blocks": 0,
                                                    "Local Written Blocks": 0,
                                                    "Temp Read Blocks": 0,
                                                    "Temp Written Blocks": 0,
                                                    "Workers": [
                                                      {
                                                        "Worker Number": 0,
                                                        "Actual Startup Time": 4439.128,
                                                        "Actual Total Time": 4439.13,
                                                        "Actual Rows": 0,
                                                        "Actual Loops": 1,
                                                        "Sort Method": "quicksort",
                                                        "Sort Space Used": 25,
                                                        "Sort Space Type": "Memory",
                                                        "Shared Hit Blocks": 556,
                                                        "Shared Read Blocks": 28836,
                                                        "Shared Dirtied Blocks": 0,
                                                        "Shared Written Blocks": 0,
                                                        "Local Hit Blocks": 0,
                                                        "Local Read Blocks": 0,
                                                        "Local Dirtied Blocks": 0,
                                                        "Local Written Blocks": 0,
                                                        "Temp Read Blocks": 0,
                                                        "Temp Written Blocks": 0
                                                      }
                                                    ],
                                                    "Plans": [
                                                      {
                                                        "Node Type": "Nested Loop",
                                                        "Parent Relationship": "Outer",
                                                        "Parallel Aware": false,
                                                        "Async Capable": false,
                                                        "Join Type": "Inner",
                                                        "Startup Cost": 0.98,
                                                        "Total Cost": 242340.11,
                                                        "Plan Rows": 32,
                                                        "Plan Width": 56,
                                                        "Actual Startup Time": 4491.589,
                                                        "Actual Total Time": 4491.591,
                                                        "Actual Rows": 0,
                                                        "Actual Loops": 2,
                                                        "Output": [
                                                          "customer.c_last_name",
                                                          "customer.c_first_name",
                                                          "date_dim.d_date"
                                                        ],
                                                        "Inner Unique": true,
                                                        "Shared Hit Blocks": 8471,
                                                        "Shared Read Blocks": 54466,
                                                        "Shared Dirtied Blocks": 0,
                                                        "Shared Written Blocks": 0,
                                                        "Local Hit Blocks": 0,
                                                        "Local Read Blocks": 0,
                                                        "Local Dirtied Blocks": 0,
                                                        "Local Written Blocks": 0,
                                                        "Temp Read Blocks": 0,
                                                        "Temp Written Blocks": 0,
                                                        "Workers": [
                                                          {
                                                            "Worker Number": 0,
                                                            "Actual Startup Time": 4438.726,
                                                            "Actual Total Time": 4438.728,
                                                            "Actual Rows": 0,
                                                            "Actual Loops": 1,
                                                            "Shared Hit Blocks": 544,
                                                            "Shared Read Blocks": 28833,
                                                            "Shared Dirtied Blocks": 0,
                                                            "Shared Written Blocks": 0,
                                                            "Local Hit Blocks": 0,
                                                            "Local Read Blocks": 0,
                                                            "Local Dirtied Blocks": 0,
                                                            "Local Written Blocks": 0,
                                                            "Temp Read Blocks": 0,
                                                            "Temp Written Blocks": 0
                                                          }
                                                        ],
                                                        "Plans": [
                                                          {
                                                            "Node Type": "Nested Loop",
                                                            "Parent Relationship": "Outer",
                                                            "Parallel Aware": false,
                                                            "Async Capable": false,
                                                            "Join Type": "Inner",
                                                            "Startup Cost": 0.56,
                                                            "Total Cost": 241986.53,
                                                            "Plan Rows": 331,
                                                            "Plan Width": 8,
                                                            "Actual Startup Time": 4491.588,
                                                            "Actual Total Time": 4491.59,
                                                            "Actual Rows": 0,
                                                            "Actual Loops": 2,
                                                            "Output": [
                                                              "store_sales.ss_customer_sk",
                                                              "date_dim.d_date"
                                                            ],
                                                            "Inner Unique": false,
                                                            "Shared Hit Blocks": 8471,
                                                            "Shared Read Blocks": 54466,
                                                            "Shared Dirtied Blocks": 0,
                                                            "Shared Written Blocks": 0,
                                                            "Local Hit Blocks": 0,
                                                            "Local Read Blocks": 0,
                                                            "Local Dirtied Blocks": 0,
                                                            "Local Written Blocks": 0,
                                                            "Temp Read Blocks": 0,
                                                            "Temp Written Blocks": 0,
                                                            "Workers": [
                                                              {
                                                                "Worker Number": 0,
                                                                "Actual Startup Time": 4438.725,
                                                                "Actual Total Time": 4438.727,
                                                                "Actual Rows": 0,
                                                                "Actual Loops": 1,
                                                                "Shared Hit Blocks": 544,
                                                                "Shared Read Blocks": 28833,
                                                                "Shared Dirtied Blocks": 0,
                                                                "Shared Written Blocks": 0,
                                                                "Local Hit Blocks": 0,
                                                                "Local Read Blocks": 0,
                                                                "Local Dirtied Blocks": 0,
                                                                "Local Written Blocks": 0,
                                                                "Temp Read Blocks": 0,
                                                                "Temp Written Blocks": 0
                                                              }
                                                            ],
                                                            "Plans": [
                                                              {
                                                                "Node Type": "Seq Scan",
                                                                "Parent Relationship": "Outer",
                                                                "Parallel Aware": true,
                                                                "Async Capable": false,
                                                                "Relation Name": "date_dim",
                                                                "Schema": "public",
                                                                "Alias": "date_dim",
                                                                "Startup Cost": 0.0,
                                                                "Total Cost": 2068.55,
                                                                "Plan Rows": 231,
                                                                "Plan Width": 8,
                                                                "Actual Startup Time": 450.454,
                                                                "Actual Total Time": 493.892,
                                                                "Actual Rows": 183,
                                                                "Actual Loops": 2,
                                                                "Output": [
                                                                  "date_dim.d_date_sk",
                                                                  "date_dim.d_date_id",
                                                                  "date_dim.d_date",
                                                                  "date_dim.d_month_seq",
                                                                  "date_dim.d_week_seq",
                                                                  "date_dim.d_quarter_seq",
                                                                  "date_dim.d_year",
                                                                  "date_dim.d_dow",
                                                                  "date_dim.d_moy",
                                                                  "date_dim.d_dom",
                                                                  "date_dim.d_qoy",
                                                                  "date_dim.d_fy_year",
                                                                  "date_dim.d_fy_quarter_seq",
                                                                  "date_dim.d_fy_week_seq",
                                                                  "date_dim.d_day_name",
                                                                  "date_dim.d_quarter_name",
                                                                  "date_dim.d_holiday",
                                                                  "date_dim.d_weekend",
                                                                  "date_dim.d_following_holiday",
                                                                  "date_dim.d_first_dom",
                                                                  "date_dim.d_last_dom",
                                                                  "date_dim.d_same_day_ly",
                                                                  "date_dim.d_same_day_lq",
                                                                  "date_dim.d_current_day",
                                                                  "date_dim.d_current_week",
                                                                  "date_dim.d_current_month",
                                                                  "date_dim.d_current_quarter",
                                                                  "date_dim.d_current_year"
                                                                ],
                                                                "Filter": "((date_dim.d_month_seq >= 1194) AND (date_dim.d_month_seq <= 1205))",
                                                                "Rows Removed by Filter": 36342,
                                                                "Shared Hit Blocks": 0,
                                                                "Shared Read Blocks": 1424,
                                                                "Shared Dirtied Blocks": 0,
                                                                "Shared Written Blocks": 0,
                                                                "Local Hit Blocks": 0,
                                                                "Local Read Blocks": 0,
                                                                "Local Dirtied Blocks": 0,
                                                                "Local Written Blocks": 0,
                                                                "Temp Read Blocks": 0,
                                                                "Temp Written Blocks": 0,
                                                                "Workers": [
                                                                  {
                                                                    "Worker Number": 0,
                                                                    "Actual Startup Time": 251.832,
                                                                    "Actual Total Time": 337.889,
                                                                    "Actual Rows": 165,
                                                                    "Actual Loops": 1,
                                                                    "Shared Hit Blocks": 0,
                                                                    "Shared Read Blocks": 1419,
                                                                    "Shared Dirtied Blocks": 0,
                                                                    "Shared Written Blocks": 0,
                                                                    "Local Hit Blocks": 0,
                                                                    "Local Read Blocks": 0,
                                                                    "Local Dirtied Blocks": 0,
                                                                    "Local Written Blocks": 0,
                                                                    "Temp Read Blocks": 0,
                                                                    "Temp Written Blocks": 0
                                                                  }
                                                                ]
                                                              },
                                                              {
                                                                "Node Type": "Index Only Scan",
                                                                "Parent Relationship": "Inner",
                                                                "Parallel Aware": false,
                                                                "Async Capable": false,
                                                                "Scan Direction": "Forward",
                                                                "Index Name": "_dta_index_store_sales_6_1333579789__k1_k23_k14_k6_k8_k5_k7_3_4",
                                                                "Relation Name": "store_sales",
                                                                "Schema": "public",
                                                                "Alias": "store_sales",
                                                                "Startup Cost": 0.56,
                                                                "Total Cost": 1038.1,
                                                                "Plan Rows": 51,
                                                                "Plan Width": 8,
                                                                "Actual Startup Time": 21.84,
                                                                "Actual Total Time": 21.84,
                                                                "Actual Rows": 0,
                                                                "Actual Loops": 366,
                                                                "Output": [
                                                                  "store_sales.ss_sold_date_sk",
                                                                  "store_sales.ss_net_profit",
                                                                  "store_sales.ss_sales_price",
                                                                  "store_sales.ss_hdemo_sk",
                                                                  "store_sales.ss_store_sk",
                                                                  "store_sales.ss_cdemo_sk",
                                                                  "store_sales.ss_addr_sk",
                                                                  "store_sales.ss_item_sk",
                                                                  "store_sales.ss_customer_sk",
                                                                  "store_sales.ss_promo_sk",
                                                                  "store_sales.ss_ticket_number",
                                                                  "store_sales.ss_quantity",
                                                                  "store_sales.ss_wholesale_cost",
                                                                  "store_sales.ss_list_price",
                                                                  "store_sales.ss_ext_sales_price",
                                                                  "store_sales.ss_ext_wholesale_cost",
                                                                  "store_sales.ss_coupon_amt"
                                                                ],
                                                                "Index Cond": "(store_sales.ss_sold_date_sk = date_dim.d_date_sk)",
                                                                "Rows Removed by Index Recheck": 0,
                                                                "Filter": "((store_sales.ss_list_price >= '217'::numeric) AND (store_sales.ss_list_price <= '246'::numeric) AND (store_sales.ss_wholesale_cost >= '34'::numeric) AND (store_sales.ss_wholesale_cost <= '44'::numeric))",
                                                                "Rows Removed by Filter": 10608,
                                                                "Heap Fetches": 0,
                                                                "Shared Hit Blocks": 8471,
                                                                "Shared Read Blocks": 53042,
                                                                "Shared Dirtied Blocks": 0,
                                                                "Shared Written Blocks": 0,
                                                                "Local Hit Blocks": 0,
                                                                "Local Read Blocks": 0,
                                                                "Local Dirtied Blocks": 0,
                                                                "Local Written Blocks": 0,
                                                                "Temp Read Blocks": 0,
                                                                "Temp Written Blocks": 0,
                                                                "Workers": [
                                                                  {
                                                                    "Worker Number": 0,
                                                                    "Actual Startup Time": 24.849,
                                                                    "Actual Total Time": 24.849,
                                                                    "Actual Rows": 0,
                                                                    "Actual Loops": 165,
                                                                    "Shared Hit Blocks": 544,
                                                                    "Shared Read Blocks": 27414,
                                                                    "Shared Dirtied Blocks": 0,
                                                                    "Shared Written Blocks": 0,
                                                                    "Local Hit Blocks": 0,
                                                                    "Local Read Blocks": 0,
                                                                    "Local Dirtied Blocks": 0,
                                                                    "Local Written Blocks": 0,
                                                                    "Temp Read Blocks": 0,
                                                                    "Temp Written Blocks": 0
                                                                  }
                                                                ]
                                                              }
                                                            ]
                                                          },
                                                          {
                                                            "Node Type": "Index Scan",
                                                            "Parent Relationship": "Inner",
                                                            "Parallel Aware": false,
                                                            "Async Capable": false,
                                                            "Scan Direction": "Forward",
                                                            "Index Name": "_dta_index_customer_6_949578421__k1_k5",
                                                            "Relation Name": "customer",
                                                            "Schema": "public",
                                                            "Alias": "customer",
                                                            "Startup Cost": 0.42,
                                                            "Total Cost": 1.07,
                                                            "Plan Rows": 1,
                                                            "Plan Width": 56,
                                                            "Actual Startup Time": 0.0,
                                                            "Actual Total Time": 0.0,
                                                            "Actual Rows": 0,
                                                            "Actual Loops": 0,
                                                            "Output": [
                                                              "customer.c_customer_sk",
                                                              "customer.c_customer_id",
                                                              "customer.c_current_cdemo_sk",
                                                              "customer.c_current_hdemo_sk",
                                                              "customer.c_current_addr_sk",
                                                              "customer.c_first_shipto_date_sk",
                                                              "customer.c_first_sales_date_sk",
                                                              "customer.c_salutation",
                                                              "customer.c_first_name",
                                                              "customer.c_last_name",
                                                              "customer.c_preferred_cust_flag",
                                                              "customer.c_birth_day",
                                                              "customer.c_birth_month",
                                                              "customer.c_birth_year",
                                                              "customer.c_birth_country",
                                                              "customer.c_login",
                                                              "customer.c_email_address",
                                                              "customer.c_last_review_date_sk"
                                                            ],
                                                            "Index Cond": "(customer.c_customer_sk = store_sales.ss_customer_sk)",
                                                            "Rows Removed by Index Recheck": 0,
                                                            "Filter": "((customer.c_birth_year >= 1943) AND (customer.c_birth_year <= 1949))",
                                                            "Rows Removed by Filter": 0,
                                                            "Shared Hit Blocks": 0,
                                                            "Shared Read Blocks": 0,
                                                            "Shared Dirtied Blocks": 0,
                                                            "Shared Written Blocks": 0,
                                                            "Local Hit Blocks": 0,
                                                            "Local Read Blocks": 0,
                                                            "Local Dirtied Blocks": 0,
                                                            "Local Written Blocks": 0,
                                                            "Temp Read Blocks": 0,
                                                            "Temp Written Blocks": 0,
                                                            "Workers": []
                                                          }
                                                        ]
                                                      }
                                                    ]
                                                  }
                                                ]
                                              }
                                            ]
                                          }
                                        ]
                                      }
                                    ]
                                  },
                                  {
                                    "Node Type": "Subquery Scan",
                                    "Parent Relationship": "Member",
                                    "Parallel Aware": false,
                                    "Async Capable": false,
                                    "Alias": "*SELECT* 2",
                                    "Startup Cost": 209508.37,
                                    "Total Cost": 209509.07,
                                    "Plan Rows": 5,
                                    "Plan Width": 60,
                                    "Actual Startup Time": 3770.168,
                                    "Actual Total Time": 3770.193,
                                    "Actual Rows": 0,
                                    "Actual Loops": 1,
                                    "Output": [
                                      "\"*SELECT* 2\".c_last_name",
                                      "\"*SELECT* 2\".c_first_name",
                                      "\"*SELECT* 2\".d_date",
                                      "1"
                                    ],
                                    "Shared Hit Blocks": 1498,
                                    "Shared Read Blocks": 57496,
                                    "Shared Dirtied Blocks": 0,
                                    "Shared Written Blocks": 0,
                                    "Local Hit Blocks": 0,
                                    "Local Read Blocks": 0,
                                    "Local Dirtied Blocks": 0,
                                    "Local Written Blocks": 0,
                                    "Temp Read Blocks": 0,
                                    "Temp Written Blocks": 0,
                                    "Plans": [
                                      {
                                        "Node Type": "Unique",
                                        "Parent Relationship": "Subquery",
                                        "Parallel Aware": false,
                                        "Async Capable": false,
                                        "Startup Cost": 209508.37,
                                        "Total Cost": 209509.02,
                                        "Plan Rows": 5,
                                        "Plan Width": 56,
                                        "Actual Startup Time": 3770.167,
                                        "Actual Total Time": 3770.191,
                                        "Actual Rows": 0,
                                        "Actual Loops": 1,
                                        "Output": [
                                          "customer_1.c_last_name",
                                          "customer_1.c_first_name",
                                          "date_dim_1.d_date"
                                        ],
                                        "Shared Hit Blocks": 1498,
                                        "Shared Read Blocks": 57496,
                                        "Shared Dirtied Blocks": 0,
                                        "Shared Written Blocks": 0,
                                        "Local Hit Blocks": 0,
                                        "Local Read Blocks": 0,
                                        "Local Dirtied Blocks": 0,
                                        "Local Written Blocks": 0,
                                        "Temp Read Blocks": 0,
                                        "Temp Written Blocks": 0,
                                        "Plans": [
                                          {
                                            "Node Type": "Gather Merge",
                                            "Parent Relationship": "Outer",
                                            "Parallel Aware": false,
                                            "Async Capable": false,
                                            "Startup Cost": 209508.37,
                                            "Total Cost": 209508.98,
                                            "Plan Rows": 5,
                                            "Plan Width": 56,
                                            "Actual Startup Time": 3770.166,
                                            "Actual Total Time": 3770.19,
                                            "Actual Rows": 0,
                                            "Actual Loops": 1,
                                            "Output": [
                                              "customer_1.c_last_name",
                                              "customer_1.c_first_name",
                                              "date_dim_1.d_date"
                                            ],
                                            "Workers Planned": 1,
                                            "Workers Launched": 1,
                                            "Shared Hit Blocks": 1498,
                                            "Shared Read Blocks": 57496,
                                            "Shared Dirtied Blocks": 0,
                                            "Shared Written Blocks": 0,
                                            "Local Hit Blocks": 0,
                                            "Local Read Blocks": 0,
                                            "Local Dirtied Blocks": 0,
                                            "Local Written Blocks": 0,
                                            "Temp Read Blocks": 0,
                                            "Temp Written Blocks": 0,
                                            "Plans": [
                                              {
                                                "Node Type": "Unique",
                                                "Parent Relationship": "Outer",
                                                "Parallel Aware": false,
                                                "Async Capable": false,
                                                "Startup Cost": 208508.36,
                                                "Total Cost": 208508.41,
                                                "Plan Rows": 5,
                                                "Plan Width": 56,
                                                "Actual Startup Time": 3674.011,
                                                "Actual Total Time": 3674.013,
                                                "Actual Rows": 0,
                                                "Actual Loops": 2,
                                                "Output": [
                                                  "customer_1.c_last_name",
                                                  "customer_1.c_first_name",
                                                  "date_dim_1.d_date"
                                                ],
                                                "Shared Hit Blocks": 1498,
                                                "Shared Read Blocks": 57496,
                                                "Shared Dirtied Blocks": 0,
                                                "Shared Written Blocks": 0,
                                                "Local Hit Blocks": 0,
                                                "Local Read Blocks": 0,
                                                "Local Dirtied Blocks": 0,
                                                "Local Written Blocks": 0,
                                                "Temp Read Blocks": 0,
                                                "Temp Written Blocks": 0,
                                                "Workers": [
                                                  {
                                                    "Worker Number": 0,
                                                    "Actual Startup Time": 3578.078,
                                                    "Actual Total Time": 3578.081,
                                                    "Actual Rows": 0,
                                                    "Actual Loops": 1,
                                                    "JIT": {
                                                      "Functions": 18,
                                                      "Options": {
                                                        "Inlining": true,
                                                        "Optimization": true,
                                                        "Expressions": true,
                                                        "Deforming": true
                                                      },
                                                      "Timing": {
                                                        "Generation": 1.63,
                                                        "Inlining": 57.248,
                                                        "Optimization": 102.062,
                                                        "Emission": 63.814,
                                                        "Total": 224.755
                                                      }
                                                    },
                                                    "Shared Hit Blocks": 440,
                                                    "Shared Read Blocks": 26667,
                                                    "Shared Dirtied Blocks": 0,
                                                    "Shared Written Blocks": 0,
                                                    "Local Hit Blocks": 0,
                                                    "Local Read Blocks": 0,
                                                    "Local Dirtied Blocks": 0,
                                                    "Local Written Blocks": 0,
                                                    "Temp Read Blocks": 0,
                                                    "Temp Written Blocks": 0
                                                  }
                                                ],
                                                "Plans": [
                                                  {
                                                    "Node Type": "Sort",
                                                    "Parent Relationship": "Outer",
                                                    "Parallel Aware": false,
                                                    "Async Capable": false,
                                                    "Startup Cost": 208508.36,
                                                    "Total Cost": 208508.37,
                                                    "Plan Rows": 5,
                                                    "Plan Width": 56,
                                                    "Actual Startup Time": 3674.01,
                                                    "Actual Total Time": 3674.012,
                                                    "Actual Rows": 0,
                                                    "Actual Loops": 2,
                                                    "Output": [
                                                      "customer_1.c_last_name",
                                                      "customer_1.c_first_name",
                                                      "date_dim_1.d_date"
                                                    ],
                                                    "Sort Key": [
                                                      "customer_1.c_last_name",
                                                      "customer_1.c_first_name",
                                                      "date_dim_1.d_date"
                                                    ],
                                                    "Sort Method": "quicksort",
                                                    "Sort Space Used": 25,
                                                    "Sort Space Type": "Memory",
                                                    "Shared Hit Blocks": 1498,
                                                    "Shared Read Blocks": 57496,
                                                    "Shared Dirtied Blocks": 0,
                                                    "Shared Written Blocks": 0,
                                                    "Local Hit Blocks": 0,
                                                    "Local Read Blocks": 0,
                                                    "Local Dirtied Blocks": 0,
                                                    "Local Written Blocks": 0,
                                                    "Temp Read Blocks": 0,
                                                    "Temp Written Blocks": 0,
                                                    "Workers": [
                                                      {
                                                        "Worker Number": 0,
                                                        "Actual Startup Time": 3578.078,
                                                        "Actual Total Time": 3578.079,
                                                        "Actual Rows": 0,
                                                        "Actual Loops": 1,
                                                        "Sort Method": "quicksort",
                                                        "Sort Space Used": 25,
                                                        "Sort Space Type": "Memory",
                                                        "Shared Hit Blocks": 440,
                                                        "Shared Read Blocks": 26667,
                                                        "Shared Dirtied Blocks": 0,
                                                        "Shared Written Blocks": 0,
                                                        "Local Hit Blocks": 0,
                                                        "Local Read Blocks": 0,
                                                        "Local Dirtied Blocks": 0,
                                                        "Local Written Blocks": 0,
                                                        "Temp Read Blocks": 0,
                                                        "Temp Written Blocks": 0
                                                      }
                                                    ],
                                                    "Plans": [
                                                      {
                                                        "Node Type": "Nested Loop",
                                                        "Parent Relationship": "Outer",
                                                        "Parallel Aware": false,
                                                        "Async Capable": false,
                                                        "Join Type": "Inner",
                                                        "Startup Cost": 0.86,
                                                        "Total Cost": 208508.3,
                                                        "Plan Rows": 5,
                                                        "Plan Width": 56,
                                                        "Actual Startup Time": 3673.983,
                                                        "Actual Total Time": 3673.985,
                                                        "Actual Rows": 0,
                                                        "Actual Loops": 2,
                                                        "Output": [
                                                          "customer_1.c_last_name",
                                                          "customer_1.c_first_name",
                                                          "date_dim_1.d_date"
                                                        ],
                                                        "Inner Unique": true,
                                                        "Shared Hit Blocks": 1483,
                                                        "Shared Read Blocks": 57496,
                                                        "Shared Dirtied Blocks": 0,
                                                        "Shared Written Blocks": 0,
                                                        "Local Hit Blocks": 0,
                                                        "Local Read Blocks": 0,
                                                        "Local Dirtied Blocks": 0,
                                                        "Local Written Blocks": 0,
                                                        "Temp Read Blocks": 0,
                                                        "Temp Written Blocks": 0,
                                                        "Workers": [
                                                          {
                                                            "Worker Number": 0,
                                                            "Actual Startup Time": 3578.035,
                                                            "Actual Total Time": 3578.036,
                                                            "Actual Rows": 0,
                                                            "Actual Loops": 1,
                                                            "Shared Hit Blocks": 425,
                                                            "Shared Read Blocks": 26667,
                                                            "Shared Dirtied Blocks": 0,
                                                            "Shared Written Blocks": 0,
                                                            "Local Hit Blocks": 0,
                                                            "Local Read Blocks": 0,
                                                            "Local Dirtied Blocks": 0,
                                                            "Local Written Blocks": 0,
                                                            "Temp Read Blocks": 0,
                                                            "Temp Written Blocks": 0
                                                          }
                                                        ],
                                                        "Plans": [
                                                          {
                                                            "Node Type": "Nested Loop",
                                                            "Parent Relationship": "Outer",
                                                            "Parallel Aware": false,
                                                            "Async Capable": false,
                                                            "Join Type": "Inner",
                                                            "Startup Cost": 0.43,
                                                            "Total Cost": 208332.8,
                                                            "Plan Rows": 54,
                                                            "Plan Width": 8,
                                                            "Actual Startup Time": 3673.983,
                                                            "Actual Total Time": 3673.984,
                                                            "Actual Rows": 0,
                                                            "Actual Loops": 2,
                                                            "Output": [
                                                              "catalog_sales.cs_bill_customer_sk",
                                                              "date_dim_1.d_date"
                                                            ],
                                                            "Inner Unique": false,
                                                            "Shared Hit Blocks": 1483,
                                                            "Shared Read Blocks": 57496,
                                                            "Shared Dirtied Blocks": 0,
                                                            "Shared Written Blocks": 0,
                                                            "Local Hit Blocks": 0,
                                                            "Local Read Blocks": 0,
                                                            "Local Dirtied Blocks": 0,
                                                            "Local Written Blocks": 0,
                                                            "Temp Read Blocks": 0,
                                                            "Temp Written Blocks": 0,
                                                            "Workers": [
                                                              {
                                                                "Worker Number": 0,
                                                                "Actual Startup Time": 3578.034,
                                                                "Actual Total Time": 3578.035,
                                                                "Actual Rows": 0,
                                                                "Actual Loops": 1,
                                                                "Shared Hit Blocks": 425,
                                                                "Shared Read Blocks": 26667,
                                                                "Shared Dirtied Blocks": 0,
                                                                "Shared Written Blocks": 0,
                                                                "Local Hit Blocks": 0,
                                                                "Local Read Blocks": 0,
                                                                "Local Dirtied Blocks": 0,
                                                                "Local Written Blocks": 0,
                                                                "Temp Read Blocks": 0,
                                                                "Temp Written Blocks": 0
                                                              }
                                                            ],
                                                            "Plans": [
                                                              {
                                                                "Node Type": "Seq Scan",
                                                                "Parent Relationship": "Outer",
                                                                "Parallel Aware": true,
                                                                "Async Capable": false,
                                                                "Relation Name": "date_dim",
                                                                "Schema": "public",
                                                                "Alias": "date_dim_1",
                                                                "Startup Cost": 0.0,
                                                                "Total Cost": 2068.55,
                                                                "Plan Rows": 231,
                                                                "Plan Width": 8,
                                                                "Actual Startup Time": 147.174,
                                                                "Actual Total Time": 190.029,
                                                                "Actual Rows": 183,
                                                                "Actual Loops": 2,
                                                                "Output": [
                                                                  "date_dim_1.d_date_sk",
                                                                  "date_dim_1.d_date_id",
                                                                  "date_dim_1.d_date",
                                                                  "date_dim_1.d_month_seq",
                                                                  "date_dim_1.d_week_seq",
                                                                  "date_dim_1.d_quarter_seq",
                                                                  "date_dim_1.d_year",
                                                                  "date_dim_1.d_dow",
                                                                  "date_dim_1.d_moy",
                                                                  "date_dim_1.d_dom",
                                                                  "date_dim_1.d_qoy",
                                                                  "date_dim_1.d_fy_year",
                                                                  "date_dim_1.d_fy_quarter_seq",
                                                                  "date_dim_1.d_fy_week_seq",
                                                                  "date_dim_1.d_day_name",
                                                                  "date_dim_1.d_quarter_name",
                                                                  "date_dim_1.d_holiday",
                                                                  "date_dim_1.d_weekend",
                                                                  "date_dim_1.d_following_holiday",
                                                                  "date_dim_1.d_first_dom",
                                                                  "date_dim_1.d_last_dom",
                                                                  "date_dim_1.d_same_day_ly",
                                                                  "date_dim_1.d_same_day_lq",
                                                                  "date_dim_1.d_current_day",
                                                                  "date_dim_1.d_current_week",
                                                                  "date_dim_1.d_current_month",
                                                                  "date_dim_1.d_current_quarter",
                                                                  "date_dim_1.d_current_year"
                                                                ],
                                                                "Filter": "((date_dim_1.d_month_seq >= 1194) AND (date_dim_1.d_month_seq <= 1205))",
                                                                "Rows Removed by Filter": 36342,
                                                                "Shared Hit Blocks": 2,
                                                                "Shared Read Blocks": 1422,
                                                                "Shared Dirtied Blocks": 0,
                                                                "Shared Written Blocks": 0,
                                                                "Local Hit Blocks": 0,
                                                                "Local Read Blocks": 0,
                                                                "Local Dirtied Blocks": 0,
                                                                "Local Written Blocks": 0,
                                                                "Temp Read Blocks": 0,
                                                                "Temp Written Blocks": 0,
                                                                "Workers": [
                                                                  {
                                                                    "Worker Number": 0,
                                                                    "Actual Startup Time": 223.558,
                                                                    "Actual Total Time": 308.235,
                                                                    "Actual Rows": 104,
                                                                    "Actual Loops": 1,
                                                                    "Shared Hit Blocks": 0,
                                                                    "Shared Read Blocks": 721,
                                                                    "Shared Dirtied Blocks": 0,
                                                                    "Shared Written Blocks": 0,
                                                                    "Local Hit Blocks": 0,
                                                                    "Local Read Blocks": 0,
                                                                    "Local Dirtied Blocks": 0,
                                                                    "Local Written Blocks": 0,
                                                                    "Temp Read Blocks": 0,
                                                                    "Temp Written Blocks": 0
                                                                  }
                                                                ]
                                                              },
                                                              {
                                                                "Node Type": "Index Scan",
                                                                "Parent Relationship": "Inner",
                                                                "Parallel Aware": false,
                                                                "Async Capable": false,
                                                                "Scan Direction": "Forward",
                                                                "Index Name": "_dta_index_catalog_sales_6_1301579675__k1_4",
                                                                "Relation Name": "catalog_sales",
                                                                "Schema": "public",
                                                                "Alias": "catalog_sales",
                                                                "Startup Cost": 0.43,
                                                                "Total Cost": 892.84,
                                                                "Plan Rows": 8,
                                                                "Plan Width": 8,
                                                                "Actual Startup Time": 19.034,
                                                                "Actual Total Time": 19.034,
                                                                "Actual Rows": 0,
                                                                "Actual Loops": 366,
                                                                "Output": [
                                                                  "catalog_sales.cs_sold_date_sk",
                                                                  "catalog_sales.cs_sold_time_sk",
                                                                  "catalog_sales.cs_ship_date_sk",
                                                                  "catalog_sales.cs_bill_customer_sk",
                                                                  "catalog_sales.cs_bill_cdemo_sk",
                                                                  "catalog_sales.cs_bill_hdemo_sk",
                                                                  "catalog_sales.cs_bill_addr_sk",
                                                                  "catalog_sales.cs_ship_customer_sk",
                                                                  "catalog_sales.cs_ship_cdemo_sk",
                                                                  "catalog_sales.cs_ship_hdemo_sk",
                                                                  "catalog_sales.cs_ship_addr_sk",
                                                                  "catalog_sales.cs_call_center_sk",
                                                                  "catalog_sales.cs_catalog_page_sk",
                                                                  "catalog_sales.cs_ship_mode_sk",
                                                                  "catalog_sales.cs_warehouse_sk",
                                                                  "catalog_sales.cs_item_sk",
                                                                  "catalog_sales.cs_promo_sk",
                                                                  "catalog_sales.cs_order_number",
                                                                  "catalog_sales.cs_quantity",
                                                                  "catalog_sales.cs_wholesale_cost",
                                                                  "catalog_sales.cs_list_price",
                                                                  "catalog_sales.cs_sales_price",
                                                                  "catalog_sales.cs_ext_discount_amt",
                                                                  "catalog_sales.cs_ext_sales_price",
                                                                  "catalog_sales.cs_ext_wholesale_cost",
                                                                  "catalog_sales.cs_ext_list_price",
                                                                  "catalog_sales.cs_ext_tax",
                                                                  "catalog_sales.cs_coupon_amt",
                                                                  "catalog_sales.cs_ext_ship_cost",
                                                                  "catalog_sales.cs_net_paid",
                                                                  "catalog_sales.cs_net_paid_inc_tax",
                                                                  "catalog_sales.cs_net_paid_inc_ship",
                                                                  "catalog_sales.cs_net_paid_inc_ship_tax",
                                                                  "catalog_sales.cs_net_profit"
                                                                ],
                                                                "Index Cond": "(catalog_sales.cs_sold_date_sk = date_dim_1.d_date_sk)",
                                                                "Rows Removed by Index Recheck": 0,
                                                                "Filter": "((catalog_sales.cs_list_price >= '217'::numeric) AND (catalog_sales.cs_list_price <= '246'::numeric) AND (catalog_sales.cs_wholesale_cost >= '34'::numeric) AND (catalog_sales.cs_wholesale_cost <= '44'::numeric))",
                                                                "Rows Removed by Filter": 5368,
                                                                "Shared Hit Blocks": 1481,
                                                                "Shared Read Blocks": 56074,
                                                                "Shared Dirtied Blocks": 0,
                                                                "Shared Written Blocks": 0,
                                                                "Local Hit Blocks": 0,
                                                                "Local Read Blocks": 0,
                                                                "Local Dirtied Blocks": 0,
                                                                "Local Written Blocks": 0,
                                                                "Temp Read Blocks": 0,
                                                                "Temp Written Blocks": 0,
                                                                "Workers": [
                                                                  {
                                                                    "Worker Number": 0,
                                                                    "Actual Startup Time": 31.436,
                                                                    "Actual Total Time": 31.436,
                                                                    "Actual Rows": 0,
                                                                    "Actual Loops": 104,
                                                                    "Shared Hit Blocks": 425,
                                                                    "Shared Read Blocks": 25946,
                                                                    "Shared Dirtied Blocks": 0,
                                                                    "Shared Written Blocks": 0,
                                                                    "Local Hit Blocks": 0,
                                                                    "Local Read Blocks": 0,
                                                                    "Local Dirtied Blocks": 0,
                                                                    "Local Written Blocks": 0,
                                                                    "Temp Read Blocks": 0,
                                                                    "Temp Written Blocks": 0
                                                                  }
                                                                ]
                                                              }
                                                            ]
                                                          },
                                                          {
                                                            "Node Type": "Index Scan",
                                                            "Parent Relationship": "Inner",
                                                            "Parallel Aware": false,
                                                            "Async Capable": false,
                                                            "Scan Direction": "Forward",
                                                            "Index Name": "_dta_index_customer_6_949578421__k1_k5",
                                                            "Relation Name": "customer",
                                                            "Schema": "public",
                                                            "Alias": "customer_1",
                                                            "Startup Cost": 0.42,
                                                            "Total Cost": 3.25,
                                                            "Plan Rows": 1,
                                                            "Plan Width": 56,
                                                            "Actual Startup Time": 0.0,
                                                            "Actual Total Time": 0.0,
                                                            "Actual Rows": 0,
                                                            "Actual Loops": 0,
                                                            "Output": [
                                                              "customer_1.c_customer_sk",
                                                              "customer_1.c_customer_id",
                                                              "customer_1.c_current_cdemo_sk",
                                                              "customer_1.c_current_hdemo_sk",
                                                              "customer_1.c_current_addr_sk",
                                                              "customer_1.c_first_shipto_date_sk",
                                                              "customer_1.c_first_sales_date_sk",
                                                              "customer_1.c_salutation",
                                                              "customer_1.c_first_name",
                                                              "customer_1.c_last_name",
                                                              "customer_1.c_preferred_cust_flag",
                                                              "customer_1.c_birth_day",
                                                              "customer_1.c_birth_month",
                                                              "customer_1.c_birth_year",
                                                              "customer_1.c_birth_country",
                                                              "customer_1.c_login",
                                                              "customer_1.c_email_address",
                                                              "customer_1.c_last_review_date_sk"
                                                            ],
                                                            "Index Cond": "(customer_1.c_customer_sk = catalog_sales.cs_bill_customer_sk)",
                                                            "Rows Removed by Index Recheck": 0,
                                                            "Filter": "((customer_1.c_birth_year >= 1943) AND (customer_1.c_birth_year <= 1949))",
                                                            "Rows Removed by Filter": 0,
                                                            "Shared Hit Blocks": 0,
                                                            "Shared Read Blocks": 0,
                                                            "Shared Dirtied Blocks": 0,
                                                            "Shared Written Blocks": 0,
                                                            "Local Hit Blocks": 0,
                                                            "Local Read Blocks": 0,
                                                            "Local Dirtied Blocks": 0,
                                                            "Local Written Blocks": 0,
                                                            "Temp Read Blocks": 0,
                                                            "Temp Written Blocks": 0,
                                                            "Workers": []
                                                          }
                                                        ]
                                                      }
                                                    ]
                                                  }
                                                ]
                                              }
                                            ]
                                          }
                                        ]
                                      }
                                    ]
                                  }
                                ]
                              }
                            ]
                          }
                        ]
                      },
                      {
                        "Node Type": "Subquery Scan",
                        "Parent Relationship": "Member",
                        "Parallel Aware": false,
                        "Async Capable": false,
                        "Alias": "*SELECT* 3",
                        "Startup Cost": 111085.83,
                        "Total Cost": 111086.67,
                        "Plan Rows": 6,
                        "Plan Width": 60,
                        "Actual Startup Time": 3498.508,
                        "Actual Total Time": 3498.525,
                        "Actual Rows": 0,
                        "Actual Loops": 1,
                        "Output": [
                          "\"*SELECT* 3\".c_last_name",
                          "\"*SELECT* 3\".c_first_name",
                          "\"*SELECT* 3\".d_date",
                          "1"
                        ],
                        "Shared Hit Blocks": 1468,
                        "Shared Read Blocks": 53327,
                        "Shared Dirtied Blocks": 0,
                        "Shared Written Blocks": 0,
                        "Local Hit Blocks": 0,
                        "Local Read Blocks": 0,
                        "Local Dirtied Blocks": 0,
                        "Local Written Blocks": 0,
                        "Temp Read Blocks": 0,
                        "Temp Written Blocks": 0,
                        "Plans": [
                          {
                            "Node Type": "Unique",
                            "Parent Relationship": "Subquery",
                            "Parallel Aware": false,
                            "Async Capable": false,
                            "Startup Cost": 111085.83,
                            "Total Cost": 111086.61,
                            "Plan Rows": 6,
                            "Plan Width": 56,
                            "Actual Startup Time": 3498.506,
                            "Actual Total Time": 3498.522,
                            "Actual Rows": 0,
                            "Actual Loops": 1,
                            "Output": [
                              "customer_2.c_last_name",
                              "customer_2.c_first_name",
                              "date_dim_2.d_date"
                            ],
                            "Shared Hit Blocks": 1468,
                            "Shared Read Blocks": 53327,
                            "Shared Dirtied Blocks": 0,
                            "Shared Written Blocks": 0,
                            "Local Hit Blocks": 0,
                            "Local Read Blocks": 0,
                            "Local Dirtied Blocks": 0,
                            "Local Written Blocks": 0,
                            "Temp Read Blocks": 0,
                            "Temp Written Blocks": 0,
                            "Plans": [
                              {
                                "Node Type": "Gather Merge",
                                "Parent Relationship": "Outer",
                                "Parallel Aware": false,
                                "Async Capable": false,
                                "Startup Cost": 111085.83,
                                "Total Cost": 111086.57,
                                "Plan Rows": 6,
                                "Plan Width": 56,
                                "Actual Startup Time": 3498.506,
                                "Actual Total Time": 3498.522,
                                "Actual Rows": 0,
                                "Actual Loops": 1,
                                "Output": [
                                  "customer_2.c_last_name",
                                  "customer_2.c_first_name",
                                  "date_dim_2.d_date"
                                ],
                                "Workers Planned": 1,
                                "Workers Launched": 1,
                                "Shared Hit Blocks": 1468,
                                "Shared Read Blocks": 53327,
                                "Shared Dirtied Blocks": 0,
                                "Shared Written Blocks": 0,
                                "Local Hit Blocks": 0,
                                "Local Read Blocks": 0,
                                "Local Dirtied Blocks": 0,
                                "Local Written Blocks": 0,
                                "Temp Read Blocks": 0,
                                "Temp Written Blocks": 0,
                                "Plans": [
                                  {
                                    "Node Type": "Unique",
                                    "Parent Relationship": "Outer",
                                    "Parallel Aware": false,
                                    "Async Capable": false,
                                    "Startup Cost": 110085.82,
                                    "Total Cost": 110085.88,
                                    "Plan Rows": 6,
                                    "Plan Width": 56,
                                    "Actual Startup Time": 3367.621,
                                    "Actual Total Time": 3367.623,
                                    "Actual Rows": 0,
                                    "Actual Loops": 2,
                                    "Output": [
                                      "customer_2.c_last_name",
                                      "customer_2.c_first_name",
                                      "date_dim_2.d_date"
                                    ],
                                    "Shared Hit Blocks": 1468,
                                    "Shared Read Blocks": 53327,
                                    "Shared Dirtied Blocks": 0,
                                    "Shared Written Blocks": 0,
                                    "Local Hit Blocks": 0,
                                    "Local Read Blocks": 0,
                                    "Local Dirtied Blocks": 0,
                                    "Local Written Blocks": 0,
                                    "Temp Read Blocks": 0,
                                    "Temp Written Blocks": 0,
                                    "Workers": [
                                      {
                                        "Worker Number": 0,
                                        "Actual Startup Time": 3237.01,
                                        "Actual Total Time": 3237.013,
                                        "Actual Rows": 0,
                                        "Actual Loops": 1,
                                        "JIT": {
                                          "Functions": 18,
                                          "Options": {
                                            "Inlining": true,
                                            "Optimization": true,
                                            "Expressions": true,
                                            "Deforming": true
                                          },
                                          "Timing": {
                                            "Generation": 3.074,
                                            "Inlining": 50.643,
                                            "Optimization": 104.083,
                                            "Emission": 58.679,
                                            "Total": 216.478
                                          }
                                        },
                                        "Shared Hit Blocks": 626,
                                        "Shared Read Blocks": 24365,
                                        "Shared Dirtied Blocks": 0,
                                        "Shared Written Blocks": 0,
                                        "Local Hit Blocks": 0,
                                        "Local Read Blocks": 0,
                                        "Local Dirtied Blocks": 0,
                                        "Local Written Blocks": 0,
                                        "Temp Read Blocks": 0,
                                        "Temp Written Blocks": 0
                                      }
                                    ],
                                    "Plans": [
                                      {
                                        "Node Type": "Sort",
                                        "Parent Relationship": "Outer",
                                        "Parallel Aware": false,
                                        "Async Capable": false,
                                        "Startup Cost": 110085.82,
                                        "Total Cost": 110085.84,
                                        "Plan Rows": 6,
                                        "Plan Width": 56,
                                        "Actual Startup Time": 3367.62,
                                        "Actual Total Time": 3367.622,
                                        "Actual Rows": 0,
                                        "Actual Loops": 2,
                                        "Output": [
                                          "customer_2.c_last_name",
                                          "customer_2.c_first_name",
                                          "date_dim_2.d_date"
                                        ],
                                        "Sort Key": [
                                          "customer_2.c_last_name",
                                          "customer_2.c_first_name",
                                          "date_dim_2.d_date"
                                        ],
                                        "Sort Method": "quicksort",
                                        "Sort Space Used": 25,
                                        "Sort Space Type": "Memory",
                                        "Shared Hit Blocks": 1468,
                                        "Shared Read Blocks": 53327,
                                        "Shared Dirtied Blocks": 0,
                                        "Shared Written Blocks": 0,
                                        "Local Hit Blocks": 0,
                                        "Local Read Blocks": 0,
                                        "Local Dirtied Blocks": 0,
                                        "Local Written Blocks": 0,
                                        "Temp Read Blocks": 0,
                                        "Temp Written Blocks": 0,
                                        "Workers": [
                                          {
                                            "Worker Number": 0,
                                            "Actual Startup Time": 3237.009,
                                            "Actual Total Time": 3237.011,
                                            "Actual Rows": 0,
                                            "Actual Loops": 1,
                                            "Sort Method": "quicksort",
                                            "Sort Space Used": 25,
                                            "Sort Space Type": "Memory",
                                            "Shared Hit Blocks": 626,
                                            "Shared Read Blocks": 24365,
                                            "Shared Dirtied Blocks": 0,
                                            "Shared Written Blocks": 0,
                                            "Local Hit Blocks": 0,
                                            "Local Read Blocks": 0,
                                            "Local Dirtied Blocks": 0,
                                            "Local Written Blocks": 0,
                                            "Temp Read Blocks": 0,
                                            "Temp Written Blocks": 0
                                          }
                                        ],
                                        "Plans": [
                                          {
                                            "Node Type": "Nested Loop",
                                            "Parent Relationship": "Outer",
                                            "Parallel Aware": false,
                                            "Async Capable": false,
                                            "Join Type": "Inner",
                                            "Startup Cost": 0.85,
                                            "Total Cost": 110085.74,
                                            "Plan Rows": 6,
                                            "Plan Width": 56,
                                            "Actual Startup Time": 3367.388,
                                            "Actual Total Time": 3367.389,
                                            "Actual Rows": 0,
                                            "Actual Loops": 2,
                                            "Output": [
                                              "customer_2.c_last_name",
                                              "customer_2.c_first_name",
                                              "date_dim_2.d_date"
                                            ],
                                            "Inner Unique": true,
                                            "Shared Hit Blocks": 1456,
                                            "Shared Read Blocks": 53324,
                                            "Shared Dirtied Blocks": 0,
                                            "Shared Written Blocks": 0,
                                            "Local Hit Blocks": 0,
                                            "Local Read Blocks": 0,
                                            "Local Dirtied Blocks": 0,
                                            "Local Written Blocks": 0,
                                            "Temp Read Blocks": 0,
                                            "Temp Written Blocks": 0,
                                            "Workers": [
                                              {
                                                "Worker Number": 0,
                                                "Actual Startup Time": 3236.565,
                                                "Actual Total Time": 3236.567,
                                                "Actual Rows": 0,
                                                "Actual Loops": 1,
                                                "Shared Hit Blocks": 614,
                                                "Shared Read Blocks": 24362,
                                                "Shared Dirtied Blocks": 0,
                                                "Shared Written Blocks": 0,
                                                "Local Hit Blocks": 0,
                                                "Local Read Blocks": 0,
                                                "Local Dirtied Blocks": 0,
                                                "Local Written Blocks": 0,
                                                "Temp Read Blocks": 0,
                                                "Temp Written Blocks": 0
                                              }
                                            ],
                                            "Plans": [
                                              {
                                                "Node Type": "Nested Loop",
                                                "Parent Relationship": "Outer",
                                                "Parallel Aware": false,
                                                "Async Capable": false,
                                                "Join Type": "Inner",
                                                "Startup Cost": 0.43,
                                                "Total Cost": 109890.35,
                                                "Plan Rows": 65,
                                                "Plan Width": 8,
                                                "Actual Startup Time": 3367.387,
                                                "Actual Total Time": 3367.388,
                                                "Actual Rows": 0,
                                                "Actual Loops": 2,
                                                "Output": [
                                                  "web_sales.ws_bill_customer_sk",
                                                  "date_dim_2.d_date"
                                                ],
                                                "Inner Unique": false,
                                                "Shared Hit Blocks": 1456,
                                                "Shared Read Blocks": 53324,
                                                "Shared Dirtied Blocks": 0,
                                                "Shared Written Blocks": 0,
                                                "Local Hit Blocks": 0,
                                                "Local Read Blocks": 0,
                                                "Local Dirtied Blocks": 0,
                                                "Local Written Blocks": 0,
                                                "Temp Read Blocks": 0,
                                                "Temp Written Blocks": 0,
                                                "Workers": [
                                                  {
                                                    "Worker Number": 0,
                                                    "Actual Startup Time": 3236.565,
                                                    "Actual Total Time": 3236.566,
                                                    "Actual Rows": 0,
                                                    "Actual Loops": 1,
                                                    "Shared Hit Blocks": 614,
                                                    "Shared Read Blocks": 24362,
                                                    "Shared Dirtied Blocks": 0,
                                                    "Shared Written Blocks": 0,
                                                    "Local Hit Blocks": 0,
                                                    "Local Read Blocks": 0,
                                                    "Local Dirtied Blocks": 0,
                                                    "Local Written Blocks": 0,
                                                    "Temp Read Blocks": 0,
                                                    "Temp Written Blocks": 0
                                                  }
                                                ],
                                                "Plans": [
                                                  {
                                                    "Node Type": "Seq Scan",
                                                    "Parent Relationship": "Outer",
                                                    "Parallel Aware": true,
                                                    "Async Capable": false,
                                                    "Relation Name": "date_dim",
                                                    "Schema": "public",
                                                    "Alias": "date_dim_2",
                                                    "Startup Cost": 0.0,
                                                    "Total Cost": 2068.55,
                                                    "Plan Rows": 231,
                                                    "Plan Width": 8,
                                                    "Actual Startup Time": 144.431,
                                                    "Actual Total Time": 198.547,
                                                    "Actual Rows": 183,
                                                    "Actual Loops": 2,
                                                    "Output": [
                                                      "date_dim_2.d_date_sk",
                                                      "date_dim_2.d_date_id",
                                                      "date_dim_2.d_date",
                                                      "date_dim_2.d_month_seq",
                                                      "date_dim_2.d_week_seq",
                                                      "date_dim_2.d_quarter_seq",
                                                      "date_dim_2.d_year",
                                                      "date_dim_2.d_dow",
                                                      "date_dim_2.d_moy",
                                                      "date_dim_2.d_dom",
                                                      "date_dim_2.d_qoy",
                                                      "date_dim_2.d_fy_year",
                                                      "date_dim_2.d_fy_quarter_seq",
                                                      "date_dim_2.d_fy_week_seq",
                                                      "date_dim_2.d_day_name",
                                                      "date_dim_2.d_quarter_name",
                                                      "date_dim_2.d_holiday",
                                                      "date_dim_2.d_weekend",
                                                      "date_dim_2.d_following_holiday",
                                                      "date_dim_2.d_first_dom",
                                                      "date_dim_2.d_last_dom",
                                                      "date_dim_2.d_same_day_ly",
                                                      "date_dim_2.d_same_day_lq",
                                                      "date_dim_2.d_current_day",
                                                      "date_dim_2.d_current_week",
                                                      "date_dim_2.d_current_month",
                                                      "date_dim_2.d_current_quarter",
                                                      "date_dim_2.d_current_year"
                                                    ],
                                                    "Filter": "((date_dim_2.d_month_seq >= 1194) AND (date_dim_2.d_month_seq <= 1205))",
                                                    "Rows Removed by Filter": 36342,
                                                    "Shared Hit Blocks": 2,
                                                    "Shared Read Blocks": 1422,
                                                    "Shared Dirtied Blocks": 0,
                                                    "Shared Written Blocks": 0,
                                                    "Local Hit Blocks": 0,
                                                    "Local Read Blocks": 0,
                                                    "Local Dirtied Blocks": 0,
                                                    "Local Written Blocks": 0,
                                                    "Temp Read Blocks": 0,
                                                    "Temp Written Blocks": 0,
                                                    "Workers": [
                                                      {
                                                        "Worker Number": 0,
                                                        "Actual Startup Time": 213.991,
                                                        "Actual Total Time": 321.452,
                                                        "Actual Rows": 156,
                                                        "Actual Loops": 1,
                                                        "Shared Hit Blocks": 0,
                                                        "Shared Read Blocks": 722,
                                                        "Shared Dirtied Blocks": 0,
                                                        "Shared Written Blocks": 0,
                                                        "Local Hit Blocks": 0,
                                                        "Local Read Blocks": 0,
                                                        "Local Dirtied Blocks": 0,
                                                        "Local Written Blocks": 0,
                                                        "Temp Read Blocks": 0,
                                                        "Temp Written Blocks": 0
                                                      }
                                                    ]
                                                  },
                                                  {
                                                    "Node Type": "Index Scan",
                                                    "Parent Relationship": "Inner",
                                                    "Parallel Aware": false,
                                                    "Async Capable": false,
                                                    "Scan Direction": "Forward",
                                                    "Index Name": "_dta_index_web_sales_6_1269579561__k1_8_24",
                                                    "Relation Name": "web_sales",
                                                    "Schema": "public",
                                                    "Alias": "web_sales",
                                                    "Startup Cost": 0.43,
                                                    "Total Cost": 466.66,
                                                    "Plan Rows": 10,
                                                    "Plan Width": 8,
                                                    "Actual Startup Time": 17.312,
                                                    "Actual Total Time": 17.312,
                                                    "Actual Rows": 0,
                                                    "Actual Loops": 366,
                                                    "Output": [
                                                      "web_sales.ws_sold_date_sk",
                                                      "web_sales.ws_sold_time_sk",
                                                      "web_sales.ws_ship_date_sk",
                                                      "web_sales.ws_item_sk",
                                                      "web_sales.ws_bill_customer_sk",
                                                      "web_sales.ws_bill_cdemo_sk",
                                                      "web_sales.ws_bill_hdemo_sk",
                                                      "web_sales.ws_bill_addr_sk",
                                                      "web_sales.ws_ship_customer_sk",
                                                      "web_sales.ws_ship_cdemo_sk",
                                                      "web_sales.ws_ship_hdemo_sk",
                                                      "web_sales.ws_ship_addr_sk",
                                                      "web_sales.ws_web_page_sk",
                                                      "web_sales.ws_web_site_sk",
                                                      "web_sales.ws_ship_mode_sk",
                                                      "web_sales.ws_warehouse_sk",
                                                      "web_sales.ws_promo_sk",
                                                      "web_sales.ws_order_number",
                                                      "web_sales.ws_quantity",
                                                      "web_sales.ws_wholesale_cost",
                                                      "web_sales.ws_list_price",
                                                      "web_sales.ws_sales_price",
                                                      "web_sales.ws_ext_discount_amt",
                                                      "web_sales.ws_ext_sales_price",
                                                      "web_sales.ws_ext_wholesale_cost",
                                                      "web_sales.ws_ext_list_price",
                                                      "web_sales.ws_ext_tax",
                                                      "web_sales.ws_coupon_amt",
                                                      "web_sales.ws_ext_ship_cost",
                                                      "web_sales.ws_net_paid",
                                                      "web_sales.ws_net_paid_inc_tax",
                                                      "web_sales.ws_net_paid_inc_ship",
                                                      "web_sales.ws_net_paid_inc_ship_tax",
                                                      "web_sales.ws_net_profit"
                                                    ],
                                                    "Index Cond": "(web_sales.ws_sold_date_sk = date_dim_2.d_date_sk)",
                                                    "Rows Removed by Index Recheck": 0,
                                                    "Filter": "((web_sales.ws_list_price >= '217'::numeric) AND (web_sales.ws_list_price <= '246'::numeric) AND (web_sales.ws_wholesale_cost >= '34'::numeric) AND (web_sales.ws_wholesale_cost <= '44'::numeric))",
                                                    "Rows Removed by Filter": 4768,
                                                    "Shared Hit Blocks": 1454,
                                                    "Shared Read Blocks": 51902,
                                                    "Shared Dirtied Blocks": 0,
                                                    "Shared Written Blocks": 0,
                                                    "Local Hit Blocks": 0,
                                                    "Local Read Blocks": 0,
                                                    "Local Dirtied Blocks": 0,
                                                    "Local Written Blocks": 0,
                                                    "Temp Read Blocks": 0,
                                                    "Temp Written Blocks": 0,
                                                    "Workers": [
                                                      {
                                                        "Worker Number": 0,
                                                        "Actual Startup Time": 18.683,
                                                        "Actual Total Time": 18.683,
                                                        "Actual Rows": 0,
                                                        "Actual Loops": 156,
                                                        "Shared Hit Blocks": 614,
                                                        "Shared Read Blocks": 23640,
                                                        "Shared Dirtied Blocks": 0,
                                                        "Shared Written Blocks": 0,
                                                        "Local Hit Blocks": 0,
                                                        "Local Read Blocks": 0,
                                                        "Local Dirtied Blocks": 0,
                                                        "Local Written Blocks": 0,
                                                        "Temp Read Blocks": 0,
                                                        "Temp Written Blocks": 0
                                                      }
                                                    ]
                                                  }
                                                ]
                                              },
                                              {
                                                "Node Type": "Index Scan",
                                                "Parent Relationship": "Inner",
                                                "Parallel Aware": false,
                                                "Async Capable": false,
                                                "Scan Direction": "Forward",
                                                "Index Name": "_dta_index_customer_6_949578421__k1_k5",
                                                "Relation Name": "customer",
                                                "Schema": "public",
                                                "Alias": "customer_2",
                                                "Startup Cost": 0.42,
                                                "Total Cost": 3.01,
                                                "Plan Rows": 1,
                                                "Plan Width": 56,
                                                "Actual Startup Time": 0.0,
                                                "Actual Total Time": 0.0,
                                                "Actual Rows": 0,
                                                "Actual Loops": 0,
                                                "Output": [
                                                  "customer_2.c_customer_sk",
                                                  "customer_2.c_customer_id",
                                                  "customer_2.c_current_cdemo_sk",
                                                  "customer_2.c_current_hdemo_sk",
                                                  "customer_2.c_current_addr_sk",
                                                  "customer_2.c_first_shipto_date_sk",
                                                  "customer_2.c_first_sales_date_sk",
                                                  "customer_2.c_salutation",
                                                  "customer_2.c_first_name",
                                                  "customer_2.c_last_name",
                                                  "customer_2.c_preferred_cust_flag",
                                                  "customer_2.c_birth_day",
                                                  "customer_2.c_birth_month",
                                                  "customer_2.c_birth_year",
                                                  "customer_2.c_birth_country",
                                                  "customer_2.c_login",
                                                  "customer_2.c_email_address",
                                                  "customer_2.c_last_review_date_sk"
                                                ],
                                                "Index Cond": "(customer_2.c_customer_sk = web_sales.ws_bill_customer_sk)",
                                                "Rows Removed by Index Recheck": 0,
                                                "Filter": "((customer_2.c_birth_year >= 1943) AND (customer_2.c_birth_year <= 1949))",
                                                "Rows Removed by Filter": 0,
                                                "Shared Hit Blocks": 0,
                                                "Shared Read Blocks": 0,
                                                "Shared Dirtied Blocks": 0,
                                                "Shared Written Blocks": 0,
                                                "Local Hit Blocks": 0,
                                                "Local Read Blocks": 0,
                                                "Local Dirtied Blocks": 0,
                                                "Local Written Blocks": 0,
                                                "Temp Read Blocks": 0,
                                                "Temp Written Blocks": 0,
                                                "Workers": []
                                              }
                                            ]
                                          }
                                        ]
                                      }
                                    ]
                                  }
                                ]
                              }
                            ]
                          }
                        ]
                      }
                    ]
                  }
                ]
              }
            ]
          }
        ]
      },
      "Planning": {
        "Shared Hit Blocks": 23,
        "Shared Read Blocks": 41,
        "Shared Dirtied Blocks": 0,
        "Shared Written Blocks": 0,
        "Local Hit Blocks": 0,
        "Local Read Blocks": 0,
        "Local Dirtied Blocks": 0,
        "Local Written Blocks": 0,
        "Temp Read Blocks": 0,
        "Temp Written Blocks": 0
      },
      "Planning Time": 7.933,
      "Triggers": [],
      "JIT": {
        "Functions": 121,
        "Options": {
          "Inlining": true,
          "Optimization": true,
          "Expressions": true,
          "Deforming": true
        },
        "Timing": {
          "Generation": 10.95,
          "Inlining": 175.358,
          "Optimization": 670.16,
          "Emission": 427.028,
          "Total": 1283.496
        }
      },
      "Execution Time": 11816.969
    }
  ],
  "original_sql": "select count(*)\nfrom ((select distinct c_last_name, c_first_name, d_date\n       from store_sales, date_dim, customer\n       where store_sales.ss_sold_date_sk = date_dim.d_date_sk\n         and store_sales.ss_customer_sk = customer.c_customer_sk\n         and d_month_seq between 1194 and 1194+11\n         and ss_list_price between 217 and 246\n         and c_birth_year BETWEEN 1943 AND 1949\n         and ss_wholesale_cost BETWEEN 34 AND 44\n         )\n       except\n      (select distinct c_last_name, c_first_name, d_date\n       from catalog_sales, date_dim, customer\n       where catalog_sales.cs_sold_date_sk = date_dim.d_date_sk\n         and catalog_sales.cs_bill_customer_sk = customer.c_customer_sk\n         and d_month_seq between 1194 and 1194+11\n         and cs_list_price between 217 and 246\n         and c_birth_year BETWEEN 1943 AND 1949\n         and cs_wholesale_cost BETWEEN 34 AND 44\n         )\n       except\n      (select distinct c_last_name, c_first_name, d_date\n       from web_sales, date_dim, customer\n       where web_sales.ws_sold_date_sk = date_dim.d_date_sk\n         and web_sales.ws_bill_customer_sk = customer.c_customer_sk\n         and d_month_seq between 1194 and 1194+11\n         and ws_list_price between 217 and 246\n         and c_birth_year BETWEEN 1943 AND 1949\n         and ws_wholesale_cost BETWEEN 34 AND 44\n         )\n) cool_cust"
}