{
  "query_id": "query030_multi",
  "engine": "postgresql",
  "benchmark": "dsb",
  "scale_factor": 10,
  "execution_time_ms": 3310.611,
  "planning_time_ms": 8.753,
  "plan_json": [
    {
      "Plan": {
        "Node Type": "Limit",
        "Parallel Aware": false,
        "Async Capable": false,
        "Startup Cost": 42666.74,
        "Total Cost": 42666.74,
        "Plan Rows": 1,
        "Plan Width": 246,
        "Actual Startup Time": 3305.676,
        "Actual Total Time": 3310.468,
        "Actual Rows": 0,
        "Actual Loops": 1,
        "Output": [
          "customer.c_customer_id",
          "customer.c_salutation",
          "customer.c_first_name",
          "customer.c_last_name",
          "customer.c_preferred_cust_flag",
          "customer.c_birth_day",
          "customer.c_birth_month",
          "customer.c_birth_year",
          "customer.c_birth_country",
          "customer.c_login",
          "customer.c_email_address",
          "customer.c_last_review_date_sk",
          "ctr1.ctr_total_return"
        ],
        "Shared Hit Blocks": 68880,
        "Shared Read Blocks": 33243,
        "Shared Dirtied Blocks": 0,
        "Shared Written Blocks": 0,
        "Local Hit Blocks": 0,
        "Local Read Blocks": 0,
        "Local Dirtied Blocks": 0,
        "Local Written Blocks": 0,
        "Temp Read Blocks": 0,
        "Temp Written Blocks": 0,
        "Plans": [
          {
            "Node Type": "Aggregate",
            "Strategy": "Sorted",
            "Partial Mode": "Finalize",
            "Parent Relationship": "InitPlan",
            "Subplan Name": "CTE customer_total_return",
            "Parallel Aware": false,
            "Async Capable": false,
            "Startup Cost": 42656.72,
            "Total Cost": 42657.04,
            "Plan Rows": 3,
            "Plan Width": 43,
            "Actual Startup Time": 3303.186,
            "Actual Total Time": 3309.958,
            "Actual Rows": 2983,
            "Actual Loops": 1,
            "Output": [
              "web_returns.wr_returning_customer_sk",
              "customer_address_1.ca_state",
              "web_returns.wr_reason_sk",
              "sum(web_returns.wr_return_amt)"
            ],
            "Group Key": [
              "web_returns.wr_returning_customer_sk",
              "customer_address_1.ca_state",
              "web_returns.wr_reason_sk"
            ],
            "Shared Hit Blocks": 68880,
            "Shared Read Blocks": 33243,
            "Shared Dirtied Blocks": 0,
            "Shared Written Blocks": 0,
            "Local Hit Blocks": 0,
            "Local Read Blocks": 0,
            "Local Dirtied Blocks": 0,
            "Local Written Blocks": 0,
            "Temp Read Blocks": 0,
            "Temp Written Blocks": 0,
            "Plans": [
              {
                "Node Type": "Gather Merge",
                "Parent Relationship": "Outer",
                "Parallel Aware": false,
                "Async Capable": false,
                "Startup Cost": 42656.72,
                "Total Cost": 42656.98,
                "Plan Rows": 2,
                "Plan Width": 43,
                "Actual Startup Time": 3303.177,
                "Actual Total Time": 3308.764,
                "Actual Rows": 2983,
                "Actual Loops": 1,
                "Output": [
                  "web_returns.wr_returning_customer_sk",
                  "customer_address_1.ca_state",
                  "web_returns.wr_reason_sk",
                  "(PARTIAL sum(web_returns.wr_return_amt))"
                ],
                "Workers Planned": 2,
                "Workers Launched": 2,
                "Shared Hit Blocks": 68880,
                "Shared Read Blocks": 33243,
                "Shared Dirtied Blocks": 0,
                "Shared Written Blocks": 0,
                "Local Hit Blocks": 0,
                "Local Read Blocks": 0,
                "Local Dirtied Blocks": 0,
                "Local Written Blocks": 0,
                "Temp Read Blocks": 0,
                "Temp Written Blocks": 0,
                "Plans": [
                  {
                    "Node Type": "Aggregate",
                    "Strategy": "Sorted",
                    "Partial Mode": "Partial",
                    "Parent Relationship": "Outer",
                    "Parallel Aware": false,
                    "Async Capable": false,
                    "Startup Cost": 41656.7,
                    "Total Cost": 41656.72,
                    "Plan Rows": 1,
                    "Plan Width": 43,
                    "Actual Startup Time": 3274.037,
                    "Actual Total Time": 3274.448,
                    "Actual Rows": 994,
                    "Actual Loops": 3,
                    "Output": [
                      "web_returns.wr_returning_customer_sk",
                      "customer_address_1.ca_state",
                      "web_returns.wr_reason_sk",
                      "PARTIAL sum(web_returns.wr_return_amt)"
                    ],
                    "Group Key": [
                      "web_returns.wr_returning_customer_sk",
                      "customer_address_1.ca_state",
                      "web_returns.wr_reason_sk"
                    ],
                    "Shared Hit Blocks": 68880,
                    "Shared Read Blocks": 33243,
                    "Shared Dirtied Blocks": 0,
                    "Shared Written Blocks": 0,
                    "Local Hit Blocks": 0,
                    "Local Read Blocks": 0,
                    "Local Dirtied Blocks": 0,
                    "Local Written Blocks": 0,
                    "Temp Read Blocks": 0,
                    "Temp Written Blocks": 0,
                    "Workers": [
                      {
                        "Worker Number": 0,
                        "Actual Startup Time": 3259.728,
                        "Actual Total Time": 3260.102,
                        "Actual Rows": 941,
                        "Actual Loops": 1,
                        "Shared Hit Blocks": 22288,
                        "Shared Read Blocks": 10978,
                        "Shared Dirtied Blocks": 0,
                        "Shared Written Blocks": 0,
                        "Local Hit Blocks": 0,
                        "Local Read Blocks": 0,
                        "Local Dirtied Blocks": 0,
                        "Local Written Blocks": 0,
                        "Temp Read Blocks": 0,
                        "Temp Written Blocks": 0
                      },
                      {
                        "Worker Number": 1,
                        "Actual Startup Time": 3259.817,
                        "Actual Total Time": 3260.207,
                        "Actual Rows": 981,
                        "Actual Loops": 1,
                        "Shared Hit Blocks": 22313,
                        "Shared Read Blocks": 10974,
                        "Shared Dirtied Blocks": 0,
                        "Shared Written Blocks": 0,
                        "Local Hit Blocks": 0,
                        "Local Read Blocks": 0,
                        "Local Dirtied Blocks": 0,
                        "Local Written Blocks": 0,
                        "Temp Read Blocks": 0,
                        "Temp Written Blocks": 0
                      }
                    ],
                    "Plans": [
                      {
                        "Node Type": "Sort",
                        "Parent Relationship": "Outer",
                        "Parallel Aware": false,
                        "Async Capable": false,
                        "Startup Cost": 41656.7,
                        "Total Cost": 41656.7,
                        "Plan Rows": 1,
                        "Plan Width": 17,
                        "Actual Startup Time": 3274.027,
                        "Actual Total Time": 3274.08,
                        "Actual Rows": 994,
                        "Actual Loops": 3,
                        "Output": [
                          "web_returns.wr_returning_customer_sk",
                          "customer_address_1.ca_state",
                          "web_returns.wr_reason_sk",
                          "web_returns.wr_return_amt"
                        ],
                        "Sort Key": [
                          "web_returns.wr_returning_customer_sk",
                          "customer_address_1.ca_state",
                          "web_returns.wr_reason_sk"
                        ],
                        "Sort Method": "quicksort",
                        "Sort Space Used": 98,
                        "Sort Space Type": "Memory",
                        "Shared Hit Blocks": 68880,
                        "Shared Read Blocks": 33243,
                        "Shared Dirtied Blocks": 0,
                        "Shared Written Blocks": 0,
                        "Local Hit Blocks": 0,
                        "Local Read Blocks": 0,
                        "Local Dirtied Blocks": 0,
                        "Local Written Blocks": 0,
                        "Temp Read Blocks": 0,
                        "Temp Written Blocks": 0,
                        "Workers": [
                          {
                            "Worker Number": 0,
                            "Actual Startup Time": 3259.717,
                            "Actual Total Time": 3259.764,
                            "Actual Rows": 941,
                            "Actual Loops": 1,
                            "Sort Method": "quicksort",
                            "Sort Space Used": 68,
                            "Sort Space Type": "Memory",
                            "Shared Hit Blocks": 22288,
                            "Shared Read Blocks": 10978,
                            "Shared Dirtied Blocks": 0,
                            "Shared Written Blocks": 0,
                            "Local Hit Blocks": 0,
                            "Local Read Blocks": 0,
                            "Local Dirtied Blocks": 0,
                            "Local Written Blocks": 0,
                            "Temp Read Blocks": 0,
                            "Temp Written Blocks": 0
                          },
                          {
                            "Worker Number": 1,
                            "Actual Startup Time": 3259.809,
                            "Actual Total Time": 3259.858,
                            "Actual Rows": 981,
                            "Actual Loops": 1,
                            "Sort Method": "quicksort",
                            "Sort Space Used": 70,
                            "Sort Space Type": "Memory",
                            "Shared Hit Blocks": 22313,
                            "Shared Read Blocks": 10974,
                            "Shared Dirtied Blocks": 0,
                            "Shared Written Blocks": 0,
                            "Local Hit Blocks": 0,
                            "Local Read Blocks": 0,
                            "Local Dirtied Blocks": 0,
                            "Local Written Blocks": 0,
                            "Temp Read Blocks": 0,
                            "Temp Written Blocks": 0
                          }
                        ],
                        "Plans": [
                          {
                            "Node Type": "Nested Loop",
                            "Parent Relationship": "Outer",
                            "Parallel Aware": false,
                            "Async Capable": false,
                            "Join Type": "Inner",
                            "Startup Cost": 30.96,
                            "Total Cost": 41656.69,
                            "Plan Rows": 1,
                            "Plan Width": 17,
                            "Actual Startup Time": 2.649,
                            "Actual Total Time": 3272.374,
                            "Actual Rows": 994,
                            "Actual Loops": 3,
                            "Output": [
                              "web_returns.wr_returning_customer_sk",
                              "customer_address_1.ca_state",
                              "web_returns.wr_reason_sk",
                              "web_returns.wr_return_amt"
                            ],
                            "Inner Unique": true,
                            "Shared Hit Blocks": 68855,
                            "Shared Read Blocks": 33240,
                            "Shared Dirtied Blocks": 0,
                            "Shared Written Blocks": 0,
                            "Local Hit Blocks": 0,
                            "Local Read Blocks": 0,
                            "Local Dirtied Blocks": 0,
                            "Local Written Blocks": 0,
                            "Temp Read Blocks": 0,
                            "Temp Written Blocks": 0,
                            "Workers": [
                              {
                                "Worker Number": 0,
                                "Actual Startup Time": 2.981,
                                "Actual Total Time": 3257.986,
                                "Actual Rows": 941,
                                "Actual Loops": 1,
                                "Shared Hit Blocks": 22277,
                                "Shared Read Blocks": 10975,
                                "Shared Dirtied Blocks": 0,
                                "Shared Written Blocks": 0,
                                "Local Hit Blocks": 0,
                                "Local Read Blocks": 0,
                                "Local Dirtied Blocks": 0,
                                "Local Written Blocks": 0,
                                "Temp Read Blocks": 0,
                                "Temp Written Blocks": 0
                              },
                              {
                                "Worker Number": 1,
                                "Actual Startup Time": 3.175,
                                "Actual Total Time": 3258.076,
                                "Actual Rows": 981,
                                "Actual Loops": 1,
                                "Shared Hit Blocks": 22299,
                                "Shared Read Blocks": 10974,
                                "Shared Dirtied Blocks": 0,
                                "Shared Written Blocks": 0,
                                "Local Hit Blocks": 0,
                                "Local Read Blocks": 0,
                                "Local Dirtied Blocks": 0,
                                "Local Written Blocks": 0,
                                "Temp Read Blocks": 0,
                                "Temp Written Blocks": 0
                              }
                            ],
                            "Plans": [
                              {
                                "Node Type": "Nested Loop",
                                "Parent Relationship": "Outer",
                                "Parallel Aware": false,
                                "Async Capable": false,
                                "Join Type": "Inner",
                                "Startup Cost": 30.54,
                                "Total Cost": 41653.46,
                                "Plan Rows": 1,
                                "Plan Width": 18,
                                "Actual Startup Time": 2.099,
                                "Actual Total Time": 3151.215,
                                "Actual Rows": 1005,
                                "Actual Loops": 3,
                                "Output": [
                                  "web_returns.wr_returning_customer_sk",
                                  "web_returns.wr_reason_sk",
                                  "web_returns.wr_return_amt",
                                  "web_returns.wr_returning_addr_sk"
                                ],
                                "Inner Unique": true,
                                "Shared Hit Blocks": 59745,
                                "Shared Read Blocks": 30416,
                                "Shared Dirtied Blocks": 0,
                                "Shared Written Blocks": 0,
                                "Local Hit Blocks": 0,
                                "Local Read Blocks": 0,
                                "Local Dirtied Blocks": 0,
                                "Local Written Blocks": 0,
                                "Temp Read Blocks": 0,
                                "Temp Written Blocks": 0,
                                "Workers": [
                                  {
                                    "Worker Number": 0,
                                    "Actual Startup Time": 2.205,
                                    "Actual Total Time": 3143.568,
                                    "Actual Rows": 949,
                                    "Actual Loops": 1,
                                    "Shared Hit Blocks": 19385,
                                    "Shared Read Blocks": 10102,
                                    "Shared Dirtied Blocks": 0,
                                    "Shared Written Blocks": 0,
                                    "Local Hit Blocks": 0,
                                    "Local Read Blocks": 0,
                                    "Local Dirtied Blocks": 0,
                                    "Local Written Blocks": 0,
                                    "Temp Read Blocks": 0,
                                    "Temp Written Blocks": 0
                                  },
                                  {
                                    "Worker Number": 1,
                                    "Actual Startup Time": 2.552,
                                    "Actual Total Time": 3139.63,
                                    "Actual Rows": 989,
                                    "Actual Loops": 1,
                                    "Shared Hit Blocks": 19281,
                                    "Shared Read Blocks": 10067,
                                    "Shared Dirtied Blocks": 0,
                                    "Shared Written Blocks": 0,
                                    "Local Hit Blocks": 0,
                                    "Local Read Blocks": 0,
                                    "Local Dirtied Blocks": 0,
                                    "Local Written Blocks": 0,
                                    "Temp Read Blocks": 0,
                                    "Temp Written Blocks": 0
                                  }
                                ],
                                "Plans": [
                                  {
                                    "Node Type": "Hash Join",
                                    "Parent Relationship": "Outer",
                                    "Parallel Aware": false,
                                    "Async Capable": false,
                                    "Join Type": "Inner",
                                    "Startup Cost": 30.24,
                                    "Total Cost": 41609.81,
                                    "Plan Rows": 14,
                                    "Plan Width": 22,
                                    "Actual Startup Time": 1.626,
                                    "Actual Total Time": 2981.892,
                                    "Actual Rows": 7062,
                                    "Actual Loops": 3,
                                    "Output": [
                                      "web_returns.wr_returning_customer_sk",
                                      "web_returns.wr_reason_sk",
                                      "web_returns.wr_return_amt",
                                      "web_returns.wr_returning_addr_sk",
                                      "web_returns.wr_item_sk"
                                    ],
                                    "Inner Unique": true,
                                    "Hash Cond": "(web_returns.wr_returned_date_sk = date_dim.d_date_sk)",
                                    "Shared Hit Blocks": 31,
                                    "Shared Read Blocks": 26573,
                                    "Shared Dirtied Blocks": 0,
                                    "Shared Written Blocks": 0,
                                    "Local Hit Blocks": 0,
                                    "Local Read Blocks": 0,
                                    "Local Dirtied Blocks": 0,
                                    "Local Written Blocks": 0,
                                    "Temp Read Blocks": 0,
                                    "Temp Written Blocks": 0,
                                    "Workers": [
                                      {
                                        "Worker Number": 0,
                                        "Actual Startup Time": 1.866,
                                        "Actual Total Time": 2974.901,
                                        "Actual Rows": 6878,
                                        "Actual Loops": 1,
                                        "Shared Hit Blocks": 15,
                                        "Shared Read Blocks": 8837,
                                        "Shared Dirtied Blocks": 0,
                                        "Shared Written Blocks": 0,
                                        "Local Hit Blocks": 0,
                                        "Local Read Blocks": 0,
                                        "Local Dirtied Blocks": 0,
                                        "Local Written Blocks": 0,
                                        "Temp Read Blocks": 0,
                                        "Temp Written Blocks": 0
                                      },
                                      {
                                        "Worker Number": 1,
                                        "Actual Startup Time": 1.877,
                                        "Actual Total Time": 2974.004,
                                        "Actual Rows": 6829,
                                        "Actual Loops": 1,
                                        "Shared Hit Blocks": 13,
                                        "Shared Read Blocks": 8847,
                                        "Shared Dirtied Blocks": 0,
                                        "Shared Written Blocks": 0,
                                        "Local Hit Blocks": 0,
                                        "Local Read Blocks": 0,
                                        "Local Dirtied Blocks": 0,
                                        "Local Written Blocks": 0,
                                        "Temp Read Blocks": 0,
                                        "Temp Written Blocks": 0
                                      }
                                    ],
                                    "Plans": [
                                      {
                                        "Node Type": "Seq Scan",
                                        "Parent Relationship": "Outer",
                                        "Parallel Aware": true,
                                        "Async Capable": false,
                                        "Relation Name": "web_returns",
                                        "Schema": "public",
                                        "Alias": "web_returns",
                                        "Startup Cost": 0.0,
                                        "Total Cost": 41571.69,
                                        "Plan Rows": 3001,
                                        "Plan Width": 26,
                                        "Actual Startup Time": 0.647,
                                        "Actual Total Time": 2964.31,
                                        "Actual Rows": 89270,
                                        "Actual Loops": 3,
                                        "Output": [
                                          "web_returns.wr_returned_date_sk",
                                          "web_returns.wr_returned_time_sk",
                                          "web_returns.wr_item_sk",
                                          "web_returns.wr_refunded_customer_sk",
                                          "web_returns.wr_refunded_cdemo_sk",
                                          "web_returns.wr_refunded_hdemo_sk",
                                          "web_returns.wr_refunded_addr_sk",
                                          "web_returns.wr_returning_customer_sk",
                                          "web_returns.wr_returning_cdemo_sk",
                                          "web_returns.wr_returning_hdemo_sk",
                                          "web_returns.wr_returning_addr_sk",
                                          "web_returns.wr_web_page_sk",
                                          "web_returns.wr_reason_sk",
                                          "web_returns.wr_order_number",
                                          "web_returns.wr_return_quantity",
                                          "web_returns.wr_return_amt",
                                          "web_returns.wr_return_tax",
                                          "web_returns.wr_return_amt_inc_tax",
                                          "web_returns.wr_fee",
                                          "web_returns.wr_return_ship_cost",
                                          "web_returns.wr_refunded_cash",
                                          "web_returns.wr_reversed_charge",
                                          "web_returns.wr_account_credit",
                                          "web_returns.wr_net_loss"
                                        ],
                                        "Filter": "(((web_returns.wr_return_amt / (web_returns.wr_return_quantity)::numeric) >= '25'::numeric) AND ((web_returns.wr_return_amt / (web_returns.wr_return_quantity)::numeric) <= '54'::numeric))",
                                        "Rows Removed by Filter": 390848,
                                        "Shared Hit Blocks": 2,
                                        "Shared Read Blocks": 26566,
                                        "Shared Dirtied Blocks": 0,
                                        "Shared Written Blocks": 0,
                                        "Local Hit Blocks": 0,
                                        "Local Read Blocks": 0,
                                        "Local Dirtied Blocks": 0,
                                        "Local Written Blocks": 0,
                                        "Temp Read Blocks": 0,
                                        "Temp Written Blocks": 0,
                                        "Workers": [
                                          {
                                            "Worker Number": 0,
                                            "Actual Startup Time": 0.565,
                                            "Actual Total Time": 2957.462,
                                            "Actual Rows": 89558,
                                            "Actual Loops": 1,
                                            "Shared Hit Blocks": 0,
                                            "Shared Read Blocks": 8836,
                                            "Shared Dirtied Blocks": 0,
                                            "Shared Written Blocks": 0,
                                            "Local Hit Blocks": 0,
                                            "Local Read Blocks": 0,
                                            "Local Dirtied Blocks": 0,
                                            "Local Written Blocks": 0,
                                            "Temp Read Blocks": 0,
                                            "Temp Written Blocks": 0
                                          },
                                          {
                                            "Worker Number": 1,
                                            "Actual Startup Time": 0.68,
                                            "Actual Total Time": 2956.679,
                                            "Actual Rows": 88779,
                                            "Actual Loops": 1,
                                            "Shared Hit Blocks": 0,
                                            "Shared Read Blocks": 8844,
                                            "Shared Dirtied Blocks": 0,
                                            "Shared Written Blocks": 0,
                                            "Local Hit Blocks": 0,
                                            "Local Read Blocks": 0,
                                            "Local Dirtied Blocks": 0,
                                            "Local Written Blocks": 0,
                                            "Temp Read Blocks": 0,
                                            "Temp Written Blocks": 0
                                          }
                                        ]
                                      },
                                      {
                                        "Node Type": "Hash",
                                        "Parent Relationship": "Inner",
                                        "Parallel Aware": false,
                                        "Async Capable": false,
                                        "Startup Cost": 25.68,
                                        "Total Cost": 25.68,
                                        "Plan Rows": 365,
                                        "Plan Width": 4,
                                        "Actual Startup Time": 0.539,
                                        "Actual Total Time": 0.539,
                                        "Actual Rows": 365,
                                        "Actual Loops": 3,
                                        "Output": [
                                          "date_dim.d_date_sk"
                                        ],
                                        "Hash Buckets": 1024,
                                        "Original Hash Buckets": 1024,
                                        "Hash Batches": 1,
                                        "Original Hash Batches": 1,
                                        "Peak Memory Usage": 21,
                                        "Shared Hit Blocks": 10,
                                        "Shared Read Blocks": 4,
                                        "Shared Dirtied Blocks": 0,
                                        "Shared Written Blocks": 0,
                                        "Local Hit Blocks": 0,
                                        "Local Read Blocks": 0,
                                        "Local Dirtied Blocks": 0,
                                        "Local Written Blocks": 0,
                                        "Temp Read Blocks": 0,
                                        "Temp Written Blocks": 0,
                                        "Workers": [
                                          {
                                            "Worker Number": 0,
                                            "Actual Startup Time": 0.527,
                                            "Actual Total Time": 0.528,
                                            "Actual Rows": 365,
                                            "Actual Loops": 1,
                                            "Shared Hit Blocks": 5,
                                            "Shared Read Blocks": 0,
                                            "Shared Dirtied Blocks": 0,
                                            "Shared Written Blocks": 0,
                                            "Local Hit Blocks": 0,
                                            "Local Read Blocks": 0,
                                            "Local Dirtied Blocks": 0,
                                            "Local Written Blocks": 0,
                                            "Temp Read Blocks": 0,
                                            "Temp Written Blocks": 0
                                          },
                                          {
                                            "Worker Number": 1,
                                            "Actual Startup Time": 0.663,
                                            "Actual Total Time": 0.663,
                                            "Actual Rows": 365,
                                            "Actual Loops": 1,
                                            "Shared Hit Blocks": 4,
                                            "Shared Read Blocks": 1,
                                            "Shared Dirtied Blocks": 0,
                                            "Shared Written Blocks": 0,
                                            "Local Hit Blocks": 0,
                                            "Local Read Blocks": 0,
                                            "Local Dirtied Blocks": 0,
                                            "Local Written Blocks": 0,
                                            "Temp Read Blocks": 0,
                                            "Temp Written Blocks": 0
                                          }
                                        ],
                                        "Plans": [
                                          {
                                            "Node Type": "Index Only Scan",
                                            "Parent Relationship": "Outer",
                                            "Parallel Aware": false,
                                            "Async Capable": false,
                                            "Scan Direction": "Forward",
                                            "Index Name": "_dta_index_date_dim_6_661577395__k7_k1",
                                            "Relation Name": "date_dim",
                                            "Schema": "public",
                                            "Alias": "date_dim",
                                            "Startup Cost": 0.29,
                                            "Total Cost": 25.68,
                                            "Plan Rows": 365,
                                            "Plan Width": 4,
                                            "Actual Startup Time": 0.429,
                                            "Actual Total Time": 0.493,
                                            "Actual Rows": 365,
                                            "Actual Loops": 3,
                                            "Output": [
                                              "date_dim.d_date_sk"
                                            ],
                                            "Index Cond": "(date_dim.d_year = 1998)",
                                            "Rows Removed by Index Recheck": 0,
                                            "Heap Fetches": 0,
                                            "Shared Hit Blocks": 10,
                                            "Shared Read Blocks": 4,
                                            "Shared Dirtied Blocks": 0,
                                            "Shared Written Blocks": 0,
                                            "Local Hit Blocks": 0,
                                            "Local Read Blocks": 0,
                                            "Local Dirtied Blocks": 0,
                                            "Local Written Blocks": 0,
                                            "Temp Read Blocks": 0,
                                            "Temp Written Blocks": 0,
                                            "Workers": [
                                              {
                                                "Worker Number": 0,
                                                "Actual Startup Time": 0.463,
                                                "Actual Total Time": 0.489,
                                                "Actual Rows": 365,
                                                "Actual Loops": 1,
                                                "Shared Hit Blocks": 5,
                                                "Shared Read Blocks": 0,
                                                "Shared Dirtied Blocks": 0,
                                                "Shared Written Blocks": 0,
                                                "Local Hit Blocks": 0,
                                                "Local Read Blocks": 0,
                                                "Local Dirtied Blocks": 0,
                                                "Local Written Blocks": 0,
                                                "Temp Read Blocks": 0,
                                                "Temp Written Blocks": 0
                                              },
                                              {
                                                "Worker Number": 1,
                                                "Actual Startup Time": 0.578,
                                                "Actual Total Time": 0.604,
                                                "Actual Rows": 365,
                                                "Actual Loops": 1,
                                                "Shared Hit Blocks": 4,
                                                "Shared Read Blocks": 1,
                                                "Shared Dirtied Blocks": 0,
                                                "Shared Written Blocks": 0,
                                                "Local Hit Blocks": 0,
                                                "Local Read Blocks": 0,
                                                "Local Dirtied Blocks": 0,
                                                "Local Written Blocks": 0,
                                                "Temp Read Blocks": 0,
                                                "Temp Written Blocks": 0
                                              }
                                            ]
                                          }
                                        ]
                                      }
                                    ]
                                  },
                                  {
                                    "Node Type": "Index Scan",
                                    "Parent Relationship": "Inner",
                                    "Parallel Aware": false,
                                    "Async Capable": false,
                                    "Scan Direction": "Forward",
                                    "Index Name": "item_pkey",
                                    "Relation Name": "item",
                                    "Schema": "public",
                                    "Alias": "item",
                                    "Startup Cost": 0.29,
                                    "Total Cost": 3.12,
                                    "Plan Rows": 1,
                                    "Plan Width": 4,
                                    "Actual Startup Time": 0.023,
                                    "Actual Total Time": 0.023,
                                    "Actual Rows": 0,
                                    "Actual Loops": 21185,
                                    "Output": [
                                      "item.i_item_sk",
                                      "item.i_item_id",
                                      "item.i_rec_start_date",
                                      "item.i_rec_end_date",
                                      "item.i_item_desc",
                                      "item.i_current_price",
                                      "item.i_wholesale_cost",
                                      "item.i_brand_id",
                                      "item.i_brand",
                                      "item.i_class_id",
                                      "item.i_class",
                                      "item.i_category_id",
                                      "item.i_category",
                                      "item.i_manufact_id",
                                      "item.i_manufact",
                                      "item.i_size",
                                      "item.i_formulation",
                                      "item.i_color",
                                      "item.i_units",
                                      "item.i_container",
                                      "item.i_manager_id",
                                      "item.i_product_name"
                                    ],
                                    "Index Cond": "(item.i_item_sk = web_returns.wr_item_sk)",
                                    "Rows Removed by Index Recheck": 0,
                                    "Filter": "((item.i_manager_id >= 17) AND (item.i_manager_id <= 26))",
                                    "Rows Removed by Filter": 1,
                                    "Shared Hit Blocks": 59714,
                                    "Shared Read Blocks": 3843,
                                    "Shared Dirtied Blocks": 0,
                                    "Shared Written Blocks": 0,
                                    "Local Hit Blocks": 0,
                                    "Local Read Blocks": 0,
                                    "Local Dirtied Blocks": 0,
                                    "Local Written Blocks": 0,
                                    "Temp Read Blocks": 0,
                                    "Temp Written Blocks": 0,
                                    "Workers": [
                                      {
                                        "Worker Number": 0,
                                        "Actual Startup Time": 0.024,
                                        "Actual Total Time": 0.024,
                                        "Actual Rows": 0,
                                        "Actual Loops": 6878,
                                        "Shared Hit Blocks": 19370,
                                        "Shared Read Blocks": 1265,
                                        "Shared Dirtied Blocks": 0,
                                        "Shared Written Blocks": 0,
                                        "Local Hit Blocks": 0,
                                        "Local Read Blocks": 0,
                                        "Local Dirtied Blocks": 0,
                                        "Local Written Blocks": 0,
                                        "Temp Read Blocks": 0,
                                        "Temp Written Blocks": 0
                                      },
                                      {
                                        "Worker Number": 1,
                                        "Actual Startup Time": 0.024,
                                        "Actual Total Time": 0.024,
                                        "Actual Rows": 0,
                                        "Actual Loops": 6829,
                                        "Shared Hit Blocks": 19268,
                                        "Shared Read Blocks": 1220,
                                        "Shared Dirtied Blocks": 0,
                                        "Shared Written Blocks": 0,
                                        "Local Hit Blocks": 0,
                                        "Local Read Blocks": 0,
                                        "Local Dirtied Blocks": 0,
                                        "Local Written Blocks": 0,
                                        "Temp Read Blocks": 0,
                                        "Temp Written Blocks": 0
                                      }
                                    ]
                                  }
                                ]
                              },
                              {
                                "Node Type": "Index Scan",
                                "Parent Relationship": "Inner",
                                "Parallel Aware": false,
                                "Async Capable": false,
                                "Scan Direction": "Forward",
                                "Index Name": "customer_address_pkey",
                                "Relation Name": "customer_address",
                                "Schema": "public",
                                "Alias": "customer_address_1",
                                "Startup Cost": 0.42,
                                "Total Cost": 3.22,
                                "Plan Rows": 1,
                                "Plan Width": 7,
                                "Actual Startup Time": 0.119,
                                "Actual Total Time": 0.119,
                                "Actual Rows": 1,
                                "Actual Loops": 3014,
                                "Output": [
                                  "customer_address_1.ca_address_sk",
                                  "customer_address_1.ca_address_id",
                                  "customer_address_1.ca_street_number",
                                  "customer_address_1.ca_street_name",
                                  "customer_address_1.ca_street_type",
                                  "customer_address_1.ca_suite_number",
                                  "customer_address_1.ca_city",
                                  "customer_address_1.ca_county",
                                  "customer_address_1.ca_state",
                                  "customer_address_1.ca_zip",
                                  "customer_address_1.ca_country",
                                  "customer_address_1.ca_gmt_offset",
                                  "customer_address_1.ca_location_type"
                                ],
                                "Index Cond": "(customer_address_1.ca_address_sk = web_returns.wr_returning_addr_sk)",
                                "Rows Removed by Index Recheck": 0,
                                "Shared Hit Blocks": 9110,
                                "Shared Read Blocks": 2824,
                                "Shared Dirtied Blocks": 0,
                                "Shared Written Blocks": 0,
                                "Local Hit Blocks": 0,
                                "Local Read Blocks": 0,
                                "Local Dirtied Blocks": 0,
                                "Local Written Blocks": 0,
                                "Temp Read Blocks": 0,
                                "Temp Written Blocks": 0,
                                "Workers": [
                                  {
                                    "Worker Number": 0,
                                    "Actual Startup Time": 0.119,
                                    "Actual Total Time": 0.119,
                                    "Actual Rows": 1,
                                    "Actual Loops": 949,
                                    "Shared Hit Blocks": 2892,
                                    "Shared Read Blocks": 873,
                                    "Shared Dirtied Blocks": 0,
                                    "Shared Written Blocks": 0,
                                    "Local Hit Blocks": 0,
                                    "Local Read Blocks": 0,
                                    "Local Dirtied Blocks": 0,
                                    "Local Written Blocks": 0,
                                    "Temp Read Blocks": 0,
                                    "Temp Written Blocks": 0
                                  },
                                  {
                                    "Worker Number": 1,
                                    "Actual Startup Time": 0.119,
                                    "Actual Total Time": 0.119,
                                    "Actual Rows": 1,
                                    "Actual Loops": 989,
                                    "Shared Hit Blocks": 3018,
                                    "Shared Read Blocks": 907,
                                    "Shared Dirtied Blocks": 0,
                                    "Shared Written Blocks": 0,
                                    "Local Hit Blocks": 0,
                                    "Local Read Blocks": 0,
                                    "Local Dirtied Blocks": 0,
                                    "Local Written Blocks": 0,
                                    "Temp Read Blocks": 0,
                                    "Temp Written Blocks": 0
                                  }
                                ]
                              }
                            ]
                          }
                        ]
                      }
                    ]
                  }
                ]
              }
            ]
          },
          {
            "Node Type": "Sort",
            "Parent Relationship": "Outer",
            "Parallel Aware": false,
            "Async Capable": false,
            "Startup Cost": 9.7,
            "Total Cost": 9.7,
            "Plan Rows": 1,
            "Plan Width": 246,
            "Actual Startup Time": 3305.675,
            "Actual Total Time": 3305.678,
            "Actual Rows": 0,
            "Actual Loops": 1,
            "Output": [
              "customer.c_customer_id",
              "customer.c_salutation",
              "customer.c_first_name",
              "customer.c_last_name",
              "customer.c_preferred_cust_flag",
              "customer.c_birth_day",
              "customer.c_birth_month",
              "customer.c_birth_year",
              "customer.c_birth_country",
              "customer.c_login",
              "customer.c_email_address",
              "customer.c_last_review_date_sk",
              "ctr1.ctr_total_return"
            ],
            "Sort Key": [
              "customer.c_customer_id",
              "customer.c_salutation",
              "customer.c_first_name",
              "customer.c_last_name",
              "customer.c_preferred_cust_flag",
              "customer.c_birth_day",
              "customer.c_birth_month",
              "customer.c_birth_year",
              "customer.c_birth_country",
              "customer.c_login",
              "customer.c_email_address",
              "customer.c_last_review_date_sk",
              "ctr1.ctr_total_return"
            ],
            "Sort Method": "quicksort",
            "Sort Space Used": 25,
            "Sort Space Type": "Memory",
            "Shared Hit Blocks": 24279,
            "Shared Read Blocks": 11291,
            "Shared Dirtied Blocks": 0,
            "Shared Written Blocks": 0,
            "Local Hit Blocks": 0,
            "Local Read Blocks": 0,
            "Local Dirtied Blocks": 0,
            "Local Written Blocks": 0,
            "Temp Read Blocks": 0,
            "Temp Written Blocks": 0,
            "Plans": [
              {
                "Node Type": "Nested Loop",
                "Parent Relationship": "Outer",
                "Parallel Aware": false,
                "Async Capable": false,
                "Join Type": "Inner",
                "Startup Cost": 0.84,
                "Total Cost": 9.69,
                "Plan Rows": 1,
                "Plan Width": 246,
                "Actual Startup Time": 3305.662,
                "Actual Total Time": 3305.664,
                "Actual Rows": 0,
                "Actual Loops": 1,
                "Output": [
                  "customer.c_customer_id",
                  "customer.c_salutation",
                  "customer.c_first_name",
                  "customer.c_last_name",
                  "customer.c_preferred_cust_flag",
                  "customer.c_birth_day",
                  "customer.c_birth_month",
                  "customer.c_birth_year",
                  "customer.c_birth_country",
                  "customer.c_login",
                  "customer.c_email_address",
                  "customer.c_last_review_date_sk",
                  "ctr1.ctr_total_return"
                ],
                "Inner Unique": true,
                "Shared Hit Blocks": 24279,
                "Shared Read Blocks": 11291,
                "Shared Dirtied Blocks": 0,
                "Shared Written Blocks": 0,
                "Local Hit Blocks": 0,
                "Local Read Blocks": 0,
                "Local Dirtied Blocks": 0,
                "Local Written Blocks": 0,
                "Temp Read Blocks": 0,
                "Temp Written Blocks": 0,
                "Plans": [
                  {
                    "Node Type": "Nested Loop",
                    "Parent Relationship": "Outer",
                    "Parallel Aware": false,
                    "Async Capable": false,
                    "Join Type": "Inner",
                    "Startup Cost": 0.42,
                    "Total Cost": 8.78,
                    "Plan Rows": 1,
                    "Plan Width": 250,
                    "Actual Startup Time": 3305.661,
                    "Actual Total Time": 3305.663,
                    "Actual Rows": 0,
                    "Actual Loops": 1,
                    "Output": [
                      "ctr1.ctr_total_return",
                      "customer.c_customer_id",
                      "customer.c_salutation",
                      "customer.c_first_name",
                      "customer.c_last_name",
                      "customer.c_preferred_cust_flag",
                      "customer.c_birth_day",
                      "customer.c_birth_month",
                      "customer.c_birth_year",
                      "customer.c_birth_country",
                      "customer.c_login",
                      "customer.c_email_address",
                      "customer.c_last_review_date_sk",
                      "customer.c_current_addr_sk"
                    ],
                    "Inner Unique": true,
                    "Shared Hit Blocks": 24279,
                    "Shared Read Blocks": 11291,
                    "Shared Dirtied Blocks": 0,
                    "Shared Written Blocks": 0,
                    "Local Hit Blocks": 0,
                    "Local Read Blocks": 0,
                    "Local Dirtied Blocks": 0,
                    "Local Written Blocks": 0,
                    "Temp Read Blocks": 0,
                    "Temp Written Blocks": 0,
                    "Plans": [
                      {
                        "Node Type": "CTE Scan",
                        "Parent Relationship": "Outer",
                        "Parallel Aware": false,
                        "Async Capable": false,
                        "CTE Name": "customer_total_return",
                        "Alias": "ctr1",
                        "Startup Cost": 0.0,
                        "Total Cost": 0.33,
                        "Plan Rows": 1,
                        "Plan Width": 36,
                        "Actual Startup Time": 3305.66,
                        "Actual Total Time": 3305.662,
                        "Actual Rows": 0,
                        "Actual Loops": 1,
                        "Output": [
                          "ctr1.ctr_customer_sk",
                          "ctr1.ctr_state",
                          "ctr1.ctr_reason_sk",
                          "ctr1.ctr_total_return"
                        ],
                        "Filter": "((ctr1.ctr_reason_sk = ANY ('{50,73}'::integer[])) AND (ctr1.ctr_total_return > (SubPlan 2)))",
                        "Rows Removed by Filter": 2983,
                        "Shared Hit Blocks": 24279,
                        "Shared Read Blocks": 11291,
                        "Shared Dirtied Blocks": 0,
                        "Shared Written Blocks": 0,
                        "Local Hit Blocks": 0,
                        "Local Read Blocks": 0,
                        "Local Dirtied Blocks": 0,
                        "Local Written Blocks": 0,
                        "Temp Read Blocks": 0,
                        "Temp Written Blocks": 0,
                        "Plans": [
                          {
                            "Node Type": "Aggregate",
                            "Strategy": "Plain",
                            "Partial Mode": "Simple",
                            "Parent Relationship": "SubPlan",
                            "Subplan Name": "SubPlan 2",
                            "Parallel Aware": false,
                            "Async Capable": false,
                            "Startup Cost": 0.07,
                            "Total Cost": 0.09,
                            "Plan Rows": 1,
                            "Plan Width": 32,
                            "Actual Startup Time": 0.0,
                            "Actual Total Time": 0.0,
                            "Actual Rows": 0,
                            "Actual Loops": 0,
                            "Output": [
                              "(avg(ctr2.ctr_total_return) * 1.2)"
                            ],
                            "Shared Hit Blocks": 0,
                            "Shared Read Blocks": 0,
                            "Shared Dirtied Blocks": 0,
                            "Shared Written Blocks": 0,
                            "Local Hit Blocks": 0,
                            "Local Read Blocks": 0,
                            "Local Dirtied Blocks": 0,
                            "Local Written Blocks": 0,
                            "Temp Read Blocks": 0,
                            "Temp Written Blocks": 0,
                            "Plans": [
                              {
                                "Node Type": "CTE Scan",
                                "Parent Relationship": "Outer",
                                "Parallel Aware": false,
                                "Async Capable": false,
                                "CTE Name": "customer_total_return",
                                "Alias": "ctr2",
                                "Startup Cost": 0.0,
                                "Total Cost": 0.07,
                                "Plan Rows": 1,
                                "Plan Width": 32,
                                "Actual Startup Time": 0.0,
                                "Actual Total Time": 0.0,
                                "Actual Rows": 0,
                                "Actual Loops": 0,
                                "Output": [
                                  "ctr2.ctr_customer_sk",
                                  "ctr2.ctr_state",
                                  "ctr2.ctr_reason_sk",
                                  "ctr2.ctr_total_return"
                                ],
                                "Filter": "(ctr1.ctr_state = ctr2.ctr_state)",
                                "Rows Removed by Filter": 0,
                                "Shared Hit Blocks": 0,
                                "Shared Read Blocks": 0,
                                "Shared Dirtied Blocks": 0,
                                "Shared Written Blocks": 0,
                                "Local Hit Blocks": 0,
                                "Local Read Blocks": 0,
                                "Local Dirtied Blocks": 0,
                                "Local Written Blocks": 0,
                                "Temp Read Blocks": 0,
                                "Temp Written Blocks": 0
                              }
                            ]
                          }
                        ]
                      },
                      {
                        "Node Type": "Index Scan",
                        "Parent Relationship": "Inner",
                        "Parallel Aware": false,
                        "Async Capable": false,
                        "Scan Direction": "Forward",
                        "Index Name": "_dta_index_customer_6_949578421__k1_k5",
                        "Relation Name": "customer",
                        "Schema": "public",
                        "Alias": "customer",
                        "Startup Cost": 0.42,
                        "Total Cost": 8.45,
                        "Plan Rows": 1,
                        "Plan Width": 222,
                        "Actual Startup Time": 0.0,
                        "Actual Total Time": 0.0,
                        "Actual Rows": 0,
                        "Actual Loops": 0,
                        "Output": [
                          "customer.c_customer_sk",
                          "customer.c_customer_id",
                          "customer.c_current_cdemo_sk",
                          "customer.c_current_hdemo_sk",
                          "customer.c_current_addr_sk",
                          "customer.c_first_shipto_date_sk",
                          "customer.c_first_sales_date_sk",
                          "customer.c_salutation",
                          "customer.c_first_name",
                          "customer.c_last_name",
                          "customer.c_preferred_cust_flag",
                          "customer.c_birth_day",
                          "customer.c_birth_month",
                          "customer.c_birth_year",
                          "customer.c_birth_country",
                          "customer.c_login",
                          "customer.c_email_address",
                          "customer.c_last_review_date_sk"
                        ],
                        "Index Cond": "(customer.c_customer_sk = ctr1.ctr_customer_sk)",
                        "Rows Removed by Index Recheck": 0,
                        "Filter": "((customer.c_birth_year >= 1961) AND (customer.c_birth_year <= 1967))",
                        "Rows Removed by Filter": 0,
                        "Shared Hit Blocks": 0,
                        "Shared Read Blocks": 0,
                        "Shared Dirtied Blocks": 0,
                        "Shared Written Blocks": 0,
                        "Local Hit Blocks": 0,
                        "Local Read Blocks": 0,
                        "Local Dirtied Blocks": 0,
                        "Local Written Blocks": 0,
                        "Temp Read Blocks": 0,
                        "Temp Written Blocks": 0
                      }
                    ]
                  },
                  {
                    "Node Type": "Index Scan",
                    "Parent Relationship": "Inner",
                    "Parallel Aware": false,
                    "Async Capable": false,
                    "Scan Direction": "Forward",
                    "Index Name": "customer_address_pkey",
                    "Relation Name": "customer_address",
                    "Schema": "public",
                    "Alias": "customer_address",
                    "Startup Cost": 0.42,
                    "Total Cost": 0.91,
                    "Plan Rows": 1,
                    "Plan Width": 4,
                    "Actual Startup Time": 0.0,
                    "Actual Total Time": 0.0,
                    "Actual Rows": 0,
                    "Actual Loops": 0,
                    "Output": [
                      "customer_address.ca_address_sk",
                      "customer_address.ca_address_id",
                      "customer_address.ca_street_number",
                      "customer_address.ca_street_name",
                      "customer_address.ca_street_type",
                      "customer_address.ca_suite_number",
                      "customer_address.ca_city",
                      "customer_address.ca_county",
                      "customer_address.ca_state",
                      "customer_address.ca_zip",
                      "customer_address.ca_country",
                      "customer_address.ca_gmt_offset",
                      "customer_address.ca_location_type"
                    ],
                    "Index Cond": "(customer_address.ca_address_sk = customer.c_current_addr_sk)",
                    "Rows Removed by Index Recheck": 0,
                    "Filter": "(customer_address.ca_state = ANY ('{IL,LA,MN,SC}'::bpchar[]))",
                    "Rows Removed by Filter": 0,
                    "Shared Hit Blocks": 0,
                    "Shared Read Blocks": 0,
                    "Shared Dirtied Blocks": 0,
                    "Shared Written Blocks": 0,
                    "Local Hit Blocks": 0,
                    "Local Read Blocks": 0,
                    "Local Dirtied Blocks": 0,
                    "Local Written Blocks": 0,
                    "Temp Read Blocks": 0,
                    "Temp Written Blocks": 0
                  }
                ]
              }
            ]
          }
        ]
      },
      "Planning": {
        "Shared Hit Blocks": 68,
        "Shared Read Blocks": 40,
        "Shared Dirtied Blocks": 0,
        "Shared Written Blocks": 0,
        "Local Hit Blocks": 0,
        "Local Read Blocks": 0,
        "Local Dirtied Blocks": 0,
        "Local Written Blocks": 0,
        "Temp Read Blocks": 0,
        "Temp Written Blocks": 0
      },
      "Planning Time": 8.753,
      "Triggers": [],
      "Execution Time": 3310.611
    }
  ],
  "original_sql": "with customer_total_return as\n (select wr_returning_customer_sk as ctr_customer_sk\n ,ca_state as ctr_state\n,wr_reason_sk as ctr_reason_sk\n,sum(wr_return_amt) as ctr_total_return\n from web_returns\n     ,date_dim\n     ,customer_address\n     ,item\n where wr_returned_date_sk = d_date_sk\n   and d_year =1998\n   and wr_returning_addr_sk = ca_address_sk\n   and wr_item_sk = i_item_sk\n   and i_manager_id BETWEEN 17 and 26\n   and wr_return_amt / wr_return_quantity between 25 and 54\n group by wr_returning_customer_sk\n         ,ca_state, wr_reason_sk)\n  select  c_customer_id,c_salutation,c_first_name,c_last_name,c_preferred_cust_flag\n       ,c_birth_day,c_birth_month,c_birth_year,c_birth_country,c_login,c_email_address\n       ,c_last_review_date_sk,ctr_total_return\n from customer_total_return ctr1\n     ,customer_address\n     ,customer\n where ctr1.ctr_total_return > (select avg(ctr_total_return)*1.2\n \t\t\t  from customer_total_return ctr2\n                  \t  where ctr1.ctr_state = ctr2.ctr_state)\n       and ca_address_sk = c_current_addr_sk\n       and ca_state in ('IL', 'LA', 'MN', 'SC')\n       and ctr1.ctr_customer_sk = c_customer_sk\n       and ctr1.ctr_reason_sk in (50, 73)\n      and c_birth_year BETWEEN 1961 AND 1967\n order by c_customer_id,c_salutation,c_first_name,c_last_name,c_preferred_cust_flag\n                  ,c_birth_day,c_birth_month,c_birth_year,c_birth_country,c_login,c_email_address\n                  ,c_last_review_date_sk,ctr_total_return\nlimit 100"
}