{
  "query_id": "query102_spj_spj",
  "engine": "postgresql",
  "benchmark": "dsb",
  "scale_factor": 10,
  "execution_time_ms": 15409.337,
  "planning_time_ms": 169.682,
  "plan_json": [
    {
      "Plan": {
        "Node Type": "Aggregate",
        "Strategy": "Plain",
        "Partial Mode": "Simple",
        "Parallel Aware": false,
        "Async Capable": false,
        "Startup Cost": 209150.24,
        "Total Cost": 209150.25,
        "Plan Rows": 1,
        "Plan Width": 24,
        "Actual Startup Time": 15395.19,
        "Actual Total Time": 15395.801,
        "Actual Rows": 1,
        "Actual Loops": 1,
        "Output": [
          "min(store_sales.ss_item_sk)",
          "min(store_sales.ss_ticket_number)",
          "min(web_sales.ws_order_number)",
          "min(customer.c_customer_sk)",
          "min(customer_demographics.cd_demo_sk)",
          "min(household_demographics.hd_demo_sk)"
        ],
        "Shared Hit Blocks": 528900,
        "Shared Read Blocks": 156603,
        "Shared Dirtied Blocks": 0,
        "Shared Written Blocks": 0,
        "Local Hit Blocks": 0,
        "Local Read Blocks": 0,
        "Local Dirtied Blocks": 0,
        "Local Written Blocks": 0,
        "Temp Read Blocks": 0,
        "Temp Written Blocks": 0,
        "Plans": [
          {
            "Node Type": "Gather",
            "Parent Relationship": "Outer",
            "Parallel Aware": false,
            "Async Capable": false,
            "Startup Cost": 185549.71,
            "Total Cost": 209150.22,
            "Plan Rows": 1,
            "Plan Width": 24,
            "Actual Startup Time": 15395.162,
            "Actual Total Time": 15395.771,
            "Actual Rows": 0,
            "Actual Loops": 1,
            "Output": [
              "store_sales.ss_item_sk",
              "store_sales.ss_ticket_number",
              "web_sales.ws_order_number",
              "customer.c_customer_sk",
              "customer_demographics.cd_demo_sk",
              "household_demographics.hd_demo_sk"
            ],
            "Workers Planned": 2,
            "Workers Launched": 2,
            "Single Copy": false,
            "Shared Hit Blocks": 528900,
            "Shared Read Blocks": 156603,
            "Shared Dirtied Blocks": 0,
            "Shared Written Blocks": 0,
            "Local Hit Blocks": 0,
            "Local Read Blocks": 0,
            "Local Dirtied Blocks": 0,
            "Local Written Blocks": 0,
            "Temp Read Blocks": 0,
            "Temp Written Blocks": 0,
            "Plans": [
              {
                "Node Type": "Nested Loop",
                "Parent Relationship": "Outer",
                "Parallel Aware": false,
                "Async Capable": false,
                "Join Type": "Inner",
                "Startup Cost": 184549.71,
                "Total Cost": 208150.12,
                "Plan Rows": 1,
                "Plan Width": 24,
                "Actual Startup Time": 6770.822,
                "Actual Total Time": 6770.834,
                "Actual Rows": 0,
                "Actual Loops": 3,
                "Output": [
                  "store_sales.ss_item_sk",
                  "store_sales.ss_ticket_number",
                  "web_sales.ws_order_number",
                  "customer.c_customer_sk",
                  "customer_demographics.cd_demo_sk",
                  "household_demographics.hd_demo_sk"
                ],
                "Inner Unique": true,
                "Join Filter": "((d2.d_date >= d1.d_date) AND (d2.d_date <= (d1.d_date + '30 days'::interval)))",
                "Rows Removed by Join Filter": 0,
                "Shared Hit Blocks": 528900,
                "Shared Read Blocks": 156603,
                "Shared Dirtied Blocks": 0,
                "Shared Written Blocks": 0,
                "Local Hit Blocks": 0,
                "Local Read Blocks": 0,
                "Local Dirtied Blocks": 0,
                "Local Written Blocks": 0,
                "Temp Read Blocks": 0,
                "Temp Written Blocks": 0,
                "Workers": [
                  {
                    "Worker Number": 0,
                    "Actual Startup Time": 705.864,
                    "Actual Total Time": 705.871,
                    "Actual Rows": 0,
                    "Actual Loops": 1,
                    "JIT": {
                      "Functions": 74,
                      "Options": {
                        "Inlining": false,
                        "Optimization": false,
                        "Expressions": true,
                        "Deforming": true
                      },
                      "Timing": {
                        "Generation": 16.33,
                        "Inlining": 0.0,
                        "Optimization": 2.874,
                        "Emission": 79.734,
                        "Total": 98.937
                      }
                    },
                    "Shared Hit Blocks": 119,
                    "Shared Read Blocks": 3271,
                    "Shared Dirtied Blocks": 0,
                    "Shared Written Blocks": 0,
                    "Local Hit Blocks": 0,
                    "Local Read Blocks": 0,
                    "Local Dirtied Blocks": 0,
                    "Local Written Blocks": 0,
                    "Temp Read Blocks": 0,
                    "Temp Written Blocks": 0
                  },
                  {
                    "Worker Number": 1,
                    "Actual Startup Time": 4212.113,
                    "Actual Total Time": 4212.127,
                    "Actual Rows": 0,
                    "Actual Loops": 1,
                    "JIT": {
                      "Functions": 74,
                      "Options": {
                        "Inlining": false,
                        "Optimization": false,
                        "Expressions": true,
                        "Deforming": true
                      },
                      "Timing": {
                        "Generation": 16.257,
                        "Inlining": 0.0,
                        "Optimization": 2.78,
                        "Emission": 76.991,
                        "Total": 96.028
                      }
                    },
                    "Shared Hit Blocks": 73109,
                    "Shared Read Blocks": 25966,
                    "Shared Dirtied Blocks": 0,
                    "Shared Written Blocks": 0,
                    "Local Hit Blocks": 0,
                    "Local Read Blocks": 0,
                    "Local Dirtied Blocks": 0,
                    "Local Written Blocks": 0,
                    "Temp Read Blocks": 0,
                    "Temp Written Blocks": 0
                  }
                ],
                "Plans": [
                  {
                    "Node Type": "Nested Loop",
                    "Parent Relationship": "Outer",
                    "Parallel Aware": false,
                    "Async Capable": false,
                    "Join Type": "Inner",
                    "Startup Cost": 184549.42,
                    "Total Cost": 208144.67,
                    "Plan Rows": 1,
                    "Plan Width": 32,
                    "Actual Startup Time": 6770.822,
                    "Actual Total Time": 6770.832,
                    "Actual Rows": 0,
                    "Actual Loops": 3,
                    "Output": [
                      "customer_demographics.cd_demo_sk",
                      "household_demographics.hd_demo_sk",
                      "d1.d_date",
                      "store_sales.ss_item_sk",
                      "store_sales.ss_ticket_number",
                      "customer.c_customer_sk",
                      "web_sales.ws_order_number",
                      "web_sales.ws_sold_date_sk"
                    ],
                    "Inner Unique": false,
                    "Shared Hit Blocks": 528900,
                    "Shared Read Blocks": 156603,
                    "Shared Dirtied Blocks": 0,
                    "Shared Written Blocks": 0,
                    "Local Hit Blocks": 0,
                    "Local Read Blocks": 0,
                    "Local Dirtied Blocks": 0,
                    "Local Written Blocks": 0,
                    "Temp Read Blocks": 0,
                    "Temp Written Blocks": 0,
                    "Workers": [
                      {
                        "Worker Number": 0,
                        "Actual Startup Time": 705.863,
                        "Actual Total Time": 705.87,
                        "Actual Rows": 0,
                        "Actual Loops": 1,
                        "Shared Hit Blocks": 119,
                        "Shared Read Blocks": 3271,
                        "Shared Dirtied Blocks": 0,
                        "Shared Written Blocks": 0,
                        "Local Hit Blocks": 0,
                        "Local Read Blocks": 0,
                        "Local Dirtied Blocks": 0,
                        "Local Written Blocks": 0,
                        "Temp Read Blocks": 0,
                        "Temp Written Blocks": 0
                      },
                      {
                        "Worker Number": 1,
                        "Actual Startup Time": 4212.112,
                        "Actual Total Time": 4212.124,
                        "Actual Rows": 0,
                        "Actual Loops": 1,
                        "Shared Hit Blocks": 73109,
                        "Shared Read Blocks": 25966,
                        "Shared Dirtied Blocks": 0,
                        "Shared Written Blocks": 0,
                        "Local Hit Blocks": 0,
                        "Local Read Blocks": 0,
                        "Local Dirtied Blocks": 0,
                        "Local Written Blocks": 0,
                        "Temp Read Blocks": 0,
                        "Temp Written Blocks": 0
                      }
                    ],
                    "Plans": [
                      {
                        "Node Type": "Nested Loop",
                        "Parent Relationship": "Outer",
                        "Parallel Aware": false,
                        "Async Capable": false,
                        "Join Type": "Inner",
                        "Startup Cost": 184546.85,
                        "Total Cost": 208137.83,
                        "Plan Rows": 1,
                        "Plan Width": 35,
                        "Actual Startup Time": 6770.821,
                        "Actual Total Time": 6770.831,
                        "Actual Rows": 0,
                        "Actual Loops": 3,
                        "Output": [
                          "warehouse.w_state",
                          "customer_demographics.cd_demo_sk",
                          "household_demographics.hd_demo_sk",
                          "d1.d_date",
                          "store_sales.ss_item_sk",
                          "store_sales.ss_ticket_number",
                          "customer.c_customer_sk",
                          "web_sales.ws_order_number",
                          "web_sales.ws_sold_date_sk"
                        ],
                        "Inner Unique": false,
                        "Join Filter": "(inventory.inv_warehouse_sk = web_sales.ws_warehouse_sk)",
                        "Rows Removed by Join Filter": 0,
                        "Shared Hit Blocks": 528900,
                        "Shared Read Blocks": 156603,
                        "Shared Dirtied Blocks": 0,
                        "Shared Written Blocks": 0,
                        "Local Hit Blocks": 0,
                        "Local Read Blocks": 0,
                        "Local Dirtied Blocks": 0,
                        "Local Written Blocks": 0,
                        "Temp Read Blocks": 0,
                        "Temp Written Blocks": 0,
                        "Workers": [
                          {
                            "Worker Number": 0,
                            "Actual Startup Time": 705.863,
                            "Actual Total Time": 705.869,
                            "Actual Rows": 0,
                            "Actual Loops": 1,
                            "Shared Hit Blocks": 119,
                            "Shared Read Blocks": 3271,
                            "Shared Dirtied Blocks": 0,
                            "Shared Written Blocks": 0,
                            "Local Hit Blocks": 0,
                            "Local Read Blocks": 0,
                            "Local Dirtied Blocks": 0,
                            "Local Written Blocks": 0,
                            "Temp Read Blocks": 0,
                            "Temp Written Blocks": 0
                          },
                          {
                            "Worker Number": 1,
                            "Actual Startup Time": 4212.111,
                            "Actual Total Time": 4212.122,
                            "Actual Rows": 0,
                            "Actual Loops": 1,
                            "Shared Hit Blocks": 73109,
                            "Shared Read Blocks": 25966,
                            "Shared Dirtied Blocks": 0,
                            "Shared Written Blocks": 0,
                            "Local Hit Blocks": 0,
                            "Local Read Blocks": 0,
                            "Local Dirtied Blocks": 0,
                            "Local Written Blocks": 0,
                            "Temp Read Blocks": 0,
                            "Temp Written Blocks": 0
                          }
                        ],
                        "Plans": [
                          {
                            "Node Type": "Merge Join",
                            "Parent Relationship": "Outer",
                            "Parallel Aware": false,
                            "Async Capable": false,
                            "Join Type": "Inner",
                            "Startup Cost": 184538.95,
                            "Total Cost": 184539.45,
                            "Plan Rows": 30,
                            "Plan Width": 47,
                            "Actual Startup Time": 6240.552,
                            "Actual Total Time": 6241.689,
                            "Actual Rows": 1406,
                            "Actual Loops": 3,
                            "Output": [
                              "warehouse.w_warehouse_sk",
                              "warehouse.w_state",
                              "customer_demographics.cd_demo_sk",
                              "household_demographics.hd_demo_sk",
                              "d1.d_date",
                              "store_sales.ss_item_sk",
                              "store_sales.ss_ticket_number",
                              "store_sales.ss_customer_sk",
                              "item.i_item_sk",
                              "customer.c_customer_sk",
                              "inventory.inv_warehouse_sk",
                              "inventory.inv_item_sk"
                            ],
                            "Inner Unique": true,
                            "Merge Cond": "(inventory.inv_warehouse_sk = warehouse.w_warehouse_sk)",
                            "Shared Hit Blocks": 358257,
                            "Shared Read Blocks": 141243,
                            "Shared Dirtied Blocks": 0,
                            "Shared Written Blocks": 0,
                            "Local Hit Blocks": 0,
                            "Local Read Blocks": 0,
                            "Local Dirtied Blocks": 0,
                            "Local Written Blocks": 0,
                            "Temp Read Blocks": 0,
                            "Temp Written Blocks": 0,
                            "Workers": [
                              {
                                "Worker Number": 0,
                                "Actual Startup Time": 705.862,
                                "Actual Total Time": 705.868,
                                "Actual Rows": 0,
                                "Actual Loops": 1,
                                "Shared Hit Blocks": 119,
                                "Shared Read Blocks": 3271,
                                "Shared Dirtied Blocks": 0,
                                "Shared Written Blocks": 0,
                                "Local Hit Blocks": 0,
                                "Local Read Blocks": 0,
                                "Local Dirtied Blocks": 0,
                                "Local Written Blocks": 0,
                                "Temp Read Blocks": 0,
                                "Temp Written Blocks": 0
                              },
                              {
                                "Worker Number": 1,
                                "Actual Startup Time": 3867.761,
                                "Actual Total Time": 3868.398,
                                "Actual Rows": 535,
                                "Actual Loops": 1,
                                "Shared Hit Blocks": 50049,
                                "Shared Read Blocks": 23533,
                                "Shared Dirtied Blocks": 0,
                                "Shared Written Blocks": 0,
                                "Local Hit Blocks": 0,
                                "Local Read Blocks": 0,
                                "Local Dirtied Blocks": 0,
                                "Local Written Blocks": 0,
                                "Temp Read Blocks": 0,
                                "Temp Written Blocks": 0
                              }
                            ],
                            "Plans": [
                              {
                                "Node Type": "Sort",
                                "Parent Relationship": "Outer",
                                "Parallel Aware": false,
                                "Async Capable": false,
                                "Startup Cost": 184537.68,
                                "Total Cost": 184537.76,
                                "Plan Rows": 30,
                                "Plan Width": 40,
                                "Actual Startup Time": 6240.363,
                                "Actual Total Time": 6240.786,
                                "Actual Rows": 1406,
                                "Actual Loops": 3,
                                "Output": [
                                  "customer_demographics.cd_demo_sk",
                                  "household_demographics.hd_demo_sk",
                                  "d1.d_date",
                                  "store_sales.ss_item_sk",
                                  "store_sales.ss_ticket_number",
                                  "store_sales.ss_customer_sk",
                                  "item.i_item_sk",
                                  "customer.c_customer_sk",
                                  "inventory.inv_warehouse_sk",
                                  "inventory.inv_item_sk"
                                ],
                                "Sort Key": [
                                  "inventory.inv_warehouse_sk"
                                ],
                                "Sort Method": "quicksort",
                                "Sort Space Used": 327,
                                "Sort Space Type": "Memory",
                                "Shared Hit Blocks": 358257,
                                "Shared Read Blocks": 141241,
                                "Shared Dirtied Blocks": 0,
                                "Shared Written Blocks": 0,
                                "Local Hit Blocks": 0,
                                "Local Read Blocks": 0,
                                "Local Dirtied Blocks": 0,
                                "Local Written Blocks": 0,
                                "Temp Read Blocks": 0,
                                "Temp Written Blocks": 0,
                                "Workers": [
                                  {
                                    "Worker Number": 0,
                                    "Actual Startup Time": 705.86,
                                    "Actual Total Time": 705.866,
                                    "Actual Rows": 0,
                                    "Actual Loops": 1,
                                    "Sort Method": "quicksort",
                                    "Sort Space Used": 25,
                                    "Sort Space Type": "Memory",
                                    "Shared Hit Blocks": 119,
                                    "Shared Read Blocks": 3271,
                                    "Shared Dirtied Blocks": 0,
                                    "Shared Written Blocks": 0,
                                    "Local Hit Blocks": 0,
                                    "Local Read Blocks": 0,
                                    "Local Dirtied Blocks": 0,
                                    "Local Written Blocks": 0,
                                    "Temp Read Blocks": 0,
                                    "Temp Written Blocks": 0
                                  },
                                  {
                                    "Worker Number": 1,
                                    "Actual Startup Time": 3867.345,
                                    "Actual Total Time": 3867.6,
                                    "Actual Rows": 535,
                                    "Actual Loops": 1,
                                    "Sort Method": "quicksort",
                                    "Sort Space Used": 58,
                                    "Sort Space Type": "Memory",
                                    "Shared Hit Blocks": 50049,
                                    "Shared Read Blocks": 23532,
                                    "Shared Dirtied Blocks": 0,
                                    "Shared Written Blocks": 0,
                                    "Local Hit Blocks": 0,
                                    "Local Read Blocks": 0,
                                    "Local Dirtied Blocks": 0,
                                    "Local Written Blocks": 0,
                                    "Temp Read Blocks": 0,
                                    "Temp Written Blocks": 0
                                  }
                                ],
                                "Plans": [
                                  {
                                    "Node Type": "Nested Loop",
                                    "Parent Relationship": "Outer",
                                    "Parallel Aware": false,
                                    "Async Capable": false,
                                    "Join Type": "Inner",
                                    "Startup Cost": 8067.8,
                                    "Total Cost": 184536.95,
                                    "Plan Rows": 30,
                                    "Plan Width": 40,
                                    "Actual Startup Time": 828.357,
                                    "Actual Total Time": 6238.531,
                                    "Actual Rows": 1406,
                                    "Actual Loops": 3,
                                    "Output": [
                                      "customer_demographics.cd_demo_sk",
                                      "household_demographics.hd_demo_sk",
                                      "d1.d_date",
                                      "store_sales.ss_item_sk",
                                      "store_sales.ss_ticket_number",
                                      "store_sales.ss_customer_sk",
                                      "item.i_item_sk",
                                      "customer.c_customer_sk",
                                      "inventory.inv_warehouse_sk",
                                      "inventory.inv_item_sk"
                                    ],
                                    "Inner Unique": false,
                                    "Shared Hit Blocks": 358250,
                                    "Shared Read Blocks": 141240,
                                    "Shared Dirtied Blocks": 0,
                                    "Shared Written Blocks": 0,
                                    "Local Hit Blocks": 0,
                                    "Local Read Blocks": 0,
                                    "Local Dirtied Blocks": 0,
                                    "Local Written Blocks": 0,
                                    "Temp Read Blocks": 0,
                                    "Temp Written Blocks": 0,
                                    "Workers": [
                                      {
                                        "Worker Number": 0,
                                        "Actual Startup Time": 704.99,
                                        "Actual Total Time": 704.995,
                                        "Actual Rows": 0,
                                        "Actual Loops": 1,
                                        "Shared Hit Blocks": 115,
                                        "Shared Read Blocks": 3271,
                                        "Shared Dirtied Blocks": 0,
                                        "Shared Written Blocks": 0,
                                        "Local Hit Blocks": 0,
                                        "Local Read Blocks": 0,
                                        "Local Dirtied Blocks": 0,
                                        "Local Written Blocks": 0,
                                        "Temp Read Blocks": 0,
                                        "Temp Written Blocks": 0
                                      },
                                      {
                                        "Worker Number": 1,
                                        "Actual Startup Time": 694.341,
                                        "Actual Total Time": 3865.781,
                                        "Actual Rows": 535,
                                        "Actual Loops": 1,
                                        "Shared Hit Blocks": 50046,
                                        "Shared Read Blocks": 23531,
                                        "Shared Dirtied Blocks": 0,
                                        "Shared Written Blocks": 0,
                                        "Local Hit Blocks": 0,
                                        "Local Read Blocks": 0,
                                        "Local Dirtied Blocks": 0,
                                        "Local Written Blocks": 0,
                                        "Temp Read Blocks": 0,
                                        "Temp Written Blocks": 0
                                      }
                                    ],
                                    "Plans": [
                                      {
                                        "Node Type": "Nested Loop",
                                        "Parent Relationship": "Outer",
                                        "Parallel Aware": false,
                                        "Async Capable": false,
                                        "Join Type": "Inner",
                                        "Startup Cost": 8067.24,
                                        "Total Cost": 182908.11,
                                        "Plan Rows": 121,
                                        "Plan Width": 44,
                                        "Actual Startup Time": 772.71,
                                        "Actual Total Time": 6029.263,
                                        "Actual Rows": 1105,
                                        "Actual Loops": 3,
                                        "Output": [
                                          "customer_demographics.cd_demo_sk",
                                          "household_demographics.hd_demo_sk",
                                          "d1.d_date_sk",
                                          "d1.d_date",
                                          "store_sales.ss_item_sk",
                                          "store_sales.ss_ticket_number",
                                          "store_sales.ss_sold_date_sk",
                                          "store_sales.ss_customer_sk",
                                          "store_sales.ss_quantity",
                                          "item.i_item_sk",
                                          "customer.c_customer_sk"
                                        ],
                                        "Inner Unique": true,
                                        "Shared Hit Blocks": 345695,
                                        "Shared Read Blocks": 135718,
                                        "Shared Dirtied Blocks": 0,
                                        "Shared Written Blocks": 0,
                                        "Local Hit Blocks": 0,
                                        "Local Read Blocks": 0,
                                        "Local Dirtied Blocks": 0,
                                        "Local Written Blocks": 0,
                                        "Temp Read Blocks": 0,
                                        "Temp Written Blocks": 0,
                                        "Workers": [
                                          {
                                            "Worker Number": 0,
                                            "Actual Startup Time": 704.988,
                                            "Actual Total Time": 704.993,
                                            "Actual Rows": 0,
                                            "Actual Loops": 1,
                                            "Shared Hit Blocks": 115,
                                            "Shared Read Blocks": 3271,
                                            "Shared Dirtied Blocks": 0,
                                            "Shared Written Blocks": 0,
                                            "Local Hit Blocks": 0,
                                            "Local Read Blocks": 0,
                                            "Local Dirtied Blocks": 0,
                                            "Local Written Blocks": 0,
                                            "Temp Read Blocks": 0,
                                            "Temp Written Blocks": 0
                                          },
                                          {
                                            "Worker Number": 1,
                                            "Actual Startup Time": 587.927,
                                            "Actual Total Time": 3752.908,
                                            "Actual Rows": 485,
                                            "Actual Loops": 1,
                                            "Shared Hit Blocks": 48230,
                                            "Shared Read Blocks": 22816,
                                            "Shared Dirtied Blocks": 0,
                                            "Shared Written Blocks": 0,
                                            "Local Hit Blocks": 0,
                                            "Local Read Blocks": 0,
                                            "Local Dirtied Blocks": 0,
                                            "Local Written Blocks": 0,
                                            "Temp Read Blocks": 0,
                                            "Temp Written Blocks": 0
                                          }
                                        ],
                                        "Plans": [
                                          {
                                            "Node Type": "Nested Loop",
                                            "Parent Relationship": "Outer",
                                            "Parallel Aware": false,
                                            "Async Capable": false,
                                            "Join Type": "Inner",
                                            "Startup Cost": 8066.82,
                                            "Total Cost": 177957.37,
                                            "Plan Rows": 885,
                                            "Plan Width": 48,
                                            "Actual Startup Time": 768.573,
                                            "Actual Total Time": 5334.763,
                                            "Actual Rows": 11544,
                                            "Actual Loops": 3,
                                            "Output": [
                                              "customer_demographics.cd_demo_sk",
                                              "household_demographics.hd_demo_sk",
                                              "d1.d_date_sk",
                                              "d1.d_date",
                                              "store_sales.ss_item_sk",
                                              "store_sales.ss_ticket_number",
                                              "store_sales.ss_sold_date_sk",
                                              "store_sales.ss_customer_sk",
                                              "store_sales.ss_quantity",
                                              "item.i_item_sk",
                                              "customer.c_customer_sk",
                                              "customer.c_current_addr_sk"
                                            ],
                                            "Inner Unique": true,
                                            "Shared Hit Blocks": 223921,
                                            "Shared Read Blocks": 118959,
                                            "Shared Dirtied Blocks": 0,
                                            "Shared Written Blocks": 0,
                                            "Local Hit Blocks": 0,
                                            "Local Read Blocks": 0,
                                            "Local Dirtied Blocks": 0,
                                            "Local Written Blocks": 0,
                                            "Temp Read Blocks": 0,
                                            "Temp Written Blocks": 0,
                                            "Workers": [
                                              {
                                                "Worker Number": 0,
                                                "Actual Startup Time": 704.988,
                                                "Actual Total Time": 704.992,
                                                "Actual Rows": 0,
                                                "Actual Loops": 1,
                                                "Shared Hit Blocks": 115,
                                                "Shared Read Blocks": 3271,
                                                "Shared Dirtied Blocks": 0,
                                                "Shared Written Blocks": 0,
                                                "Local Hit Blocks": 0,
                                                "Local Read Blocks": 0,
                                                "Local Dirtied Blocks": 0,
                                                "Local Written Blocks": 0,
                                                "Temp Read Blocks": 0,
                                                "Temp Written Blocks": 0
                                              },
                                              {
                                                "Worker Number": 1,
                                                "Actual Startup Time": 578.333,
                                                "Actual Total Time": 3279.84,
                                                "Actual Rows": 5245,
                                                "Actual Loops": 1,
                                                "Shared Hit Blocks": 30207,
                                                "Shared Read Blocks": 19858,
                                                "Shared Dirtied Blocks": 0,
                                                "Shared Written Blocks": 0,
                                                "Local Hit Blocks": 0,
                                                "Local Read Blocks": 0,
                                                "Local Dirtied Blocks": 0,
                                                "Local Written Blocks": 0,
                                                "Temp Read Blocks": 0,
                                                "Temp Written Blocks": 0
                                              }
                                            ],
                                            "Plans": [
                                              {
                                                "Node Type": "Hash Join",
                                                "Parent Relationship": "Outer",
                                                "Parallel Aware": false,
                                                "Async Capable": false,
                                                "Join Type": "Inner",
                                                "Startup Cost": 8066.39,
                                                "Total Cost": 175182.45,
                                                "Plan Rows": 916,
                                                "Plan Width": 48,
                                                "Actual Startup Time": 768.227,
                                                "Actual Total Time": 4622.551,
                                                "Actual Rows": 11747,
                                                "Actual Loops": 3,
                                                "Output": [
                                                  "household_demographics.hd_demo_sk",
                                                  "d1.d_date_sk",
                                                  "d1.d_date",
                                                  "store_sales.ss_item_sk",
                                                  "store_sales.ss_ticket_number",
                                                  "store_sales.ss_sold_date_sk",
                                                  "store_sales.ss_customer_sk",
                                                  "store_sales.ss_quantity",
                                                  "item.i_item_sk",
                                                  "customer.c_customer_sk",
                                                  "customer.c_current_cdemo_sk",
                                                  "customer.c_current_addr_sk"
                                                ],
                                                "Inner Unique": true,
                                                "Hash Cond": "(customer.c_current_hdemo_sk = household_demographics.hd_demo_sk)",
                                                "Shared Hit Blocks": 138074,
                                                "Shared Read Blocks": 100904,
                                                "Shared Dirtied Blocks": 0,
                                                "Shared Written Blocks": 0,
                                                "Local Hit Blocks": 0,
                                                "Local Read Blocks": 0,
                                                "Local Dirtied Blocks": 0,
                                                "Local Written Blocks": 0,
                                                "Temp Read Blocks": 0,
                                                "Temp Written Blocks": 0,
                                                "Workers": [
                                                  {
                                                    "Worker Number": 0,
                                                    "Actual Startup Time": 704.987,
                                                    "Actual Total Time": 704.991,
                                                    "Actual Rows": 0,
                                                    "Actual Loops": 1,
                                                    "Shared Hit Blocks": 115,
                                                    "Shared Read Blocks": 3271,
                                                    "Shared Dirtied Blocks": 0,
                                                    "Shared Written Blocks": 0,
                                                    "Local Hit Blocks": 0,
                                                    "Local Read Blocks": 0,
                                                    "Local Dirtied Blocks": 0,
                                                    "Local Written Blocks": 0,
                                                    "Temp Read Blocks": 0,
                                                    "Temp Written Blocks": 0
                                                  },
                                                  {
                                                    "Worker Number": 1,
                                                    "Actual Startup Time": 577.449,
                                                    "Actual Total Time": 2831.472,
                                                    "Actual Rows": 5335,
                                                    "Actual Loops": 1,
                                                    "Shared Hit Blocks": 17410,
                                                    "Shared Read Blocks": 16918,
                                                    "Shared Dirtied Blocks": 0,
                                                    "Shared Written Blocks": 0,
                                                    "Local Hit Blocks": 0,
                                                    "Local Read Blocks": 0,
                                                    "Local Dirtied Blocks": 0,
                                                    "Local Written Blocks": 0,
                                                    "Temp Read Blocks": 0,
                                                    "Temp Written Blocks": 0
                                                  }
                                                ],
                                                "Plans": [
                                                  {
                                                    "Node Type": "Nested Loop",
                                                    "Parent Relationship": "Outer",
                                                    "Parallel Aware": false,
                                                    "Async Capable": false,
                                                    "Join Type": "Inner",
                                                    "Startup Cost": 7851.39,
                                                    "Total Cost": 174964.95,
                                                    "Plan Rows": 950,
                                                    "Plan Width": 48,
                                                    "Actual Startup Time": 604.676,
                                                    "Actual Total Time": 4442.574,
                                                    "Actual Rows": 12178,
                                                    "Actual Loops": 3,
                                                    "Output": [
                                                      "d1.d_date_sk",
                                                      "d1.d_date",
                                                      "store_sales.ss_item_sk",
                                                      "store_sales.ss_ticket_number",
                                                      "store_sales.ss_sold_date_sk",
                                                      "store_sales.ss_customer_sk",
                                                      "store_sales.ss_quantity",
                                                      "item.i_item_sk",
                                                      "customer.c_customer_sk",
                                                      "customer.c_current_cdemo_sk",
                                                      "customer.c_current_hdemo_sk",
                                                      "customer.c_current_addr_sk"
                                                    ],
                                                    "Inner Unique": true,
                                                    "Shared Hit Blocks": 137915,
                                                    "Shared Read Blocks": 100846,
                                                    "Shared Dirtied Blocks": 0,
                                                    "Shared Written Blocks": 0,
                                                    "Local Hit Blocks": 0,
                                                    "Local Read Blocks": 0,
                                                    "Local Dirtied Blocks": 0,
                                                    "Local Written Blocks": 0,
                                                    "Temp Read Blocks": 0,
                                                    "Temp Written Blocks": 0,
                                                    "Workers": [
                                                      {
                                                        "Worker Number": 0,
                                                        "Actual Startup Time": 608.676,
                                                        "Actual Total Time": 608.679,
                                                        "Actual Rows": 0,
                                                        "Actual Loops": 1,
                                                        "Shared Hit Blocks": 33,
                                                        "Shared Read Blocks": 3271,
                                                        "Shared Dirtied Blocks": 0,
                                                        "Shared Written Blocks": 0,
                                                        "Local Hit Blocks": 0,
                                                        "Local Read Blocks": 0,
                                                        "Local Dirtied Blocks": 0,
                                                        "Local Written Blocks": 0,
                                                        "Temp Read Blocks": 0,
                                                        "Temp Written Blocks": 0
                                                      },
                                                      {
                                                        "Worker Number": 1,
                                                        "Actual Startup Time": 492.128,
                                                        "Actual Total Time": 2736.876,
                                                        "Actual Rows": 5512,
                                                        "Actual Loops": 1,
                                                        "Shared Hit Blocks": 17333,
                                                        "Shared Read Blocks": 16913,
                                                        "Shared Dirtied Blocks": 0,
                                                        "Shared Written Blocks": 0,
                                                        "Local Hit Blocks": 0,
                                                        "Local Read Blocks": 0,
                                                        "Local Dirtied Blocks": 0,
                                                        "Local Written Blocks": 0,
                                                        "Temp Read Blocks": 0,
                                                        "Temp Written Blocks": 0
                                                      }
                                                    ],
                                                    "Plans": [
                                                      {
                                                        "Node Type": "Hash Join",
                                                        "Parent Relationship": "Outer",
                                                        "Parallel Aware": true,
                                                        "Async Capable": false,
                                                        "Join Type": "Inner",
                                                        "Startup Cost": 7850.97,
                                                        "Total Cost": 169404.87,
                                                        "Plan Rows": 995,
                                                        "Plan Width": 32,
                                                        "Actual Startup Time": 604.47,
                                                        "Actual Total Time": 3283.953,
                                                        "Actual Rows": 12465,
                                                        "Actual Loops": 3,
                                                        "Output": [
                                                          "d1.d_date_sk",
                                                          "d1.d_date",
                                                          "store_sales.ss_item_sk",
                                                          "store_sales.ss_ticket_number",
                                                          "store_sales.ss_sold_date_sk",
                                                          "store_sales.ss_customer_sk",
                                                          "store_sales.ss_quantity",
                                                          "item.i_item_sk"
                                                        ],
                                                        "Inner Unique": true,
                                                        "Hash Cond": "(store_sales.ss_item_sk = item.i_item_sk)",
                                                        "Shared Hit Blocks": 20918,
                                                        "Shared Read Blocks": 71710,
                                                        "Shared Dirtied Blocks": 0,
                                                        "Shared Written Blocks": 0,
                                                        "Local Hit Blocks": 0,
                                                        "Local Read Blocks": 0,
                                                        "Local Dirtied Blocks": 0,
                                                        "Local Written Blocks": 0,
                                                        "Temp Read Blocks": 0,
                                                        "Temp Written Blocks": 0,
                                                        "Workers": [
                                                          {
                                                            "Worker Number": 0,
                                                            "Actual Startup Time": 608.675,
                                                            "Actual Total Time": 608.677,
                                                            "Actual Rows": 0,
                                                            "Actual Loops": 1,
                                                            "Shared Hit Blocks": 33,
                                                            "Shared Read Blocks": 3271,
                                                            "Shared Dirtied Blocks": 0,
                                                            "Shared Written Blocks": 0,
                                                            "Local Hit Blocks": 0,
                                                            "Local Read Blocks": 0,
                                                            "Local Dirtied Blocks": 0,
                                                            "Local Written Blocks": 0,
                                                            "Temp Read Blocks": 0,
                                                            "Temp Written Blocks": 0
                                                          },
                                                          {
                                                            "Worker Number": 1,
                                                            "Actual Startup Time": 491.674,
                                                            "Actual Total Time": 1992.305,
                                                            "Actual Rows": 5653,
                                                            "Actual Loops": 1,
                                                            "Shared Hit Blocks": 296,
                                                            "Shared Read Blocks": 11901,
                                                            "Shared Dirtied Blocks": 0,
                                                            "Shared Written Blocks": 0,
                                                            "Local Hit Blocks": 0,
                                                            "Local Read Blocks": 0,
                                                            "Local Dirtied Blocks": 0,
                                                            "Local Written Blocks": 0,
                                                            "Temp Read Blocks": 0,
                                                            "Temp Written Blocks": 0
                                                          }
                                                        ],
                                                        "Plans": [
                                                          {
                                                            "Node Type": "Nested Loop",
                                                            "Parent Relationship": "Outer",
                                                            "Parallel Aware": false,
                                                            "Async Capable": false,
                                                            "Join Type": "Inner",
                                                            "Startup Cost": 0.85,
                                                            "Total Cost": 161404.08,
                                                            "Plan Rows": 57395,
                                                            "Plan Width": 28,
                                                            "Actual Startup Time": 104.026,
                                                            "Actual Total Time": 2620.477,
                                                            "Actual Rows": 1538933,
                                                            "Actual Loops": 3,
                                                            "Output": [
                                                              "d1.d_date_sk",
                                                              "d1.d_date",
                                                              "store_sales.ss_item_sk",
                                                              "store_sales.ss_ticket_number",
                                                              "store_sales.ss_sold_date_sk",
                                                              "store_sales.ss_customer_sk",
                                                              "store_sales.ss_quantity"
                                                            ],
                                                            "Inner Unique": false,
                                                            "Shared Hit Blocks": 20918,
                                                            "Shared Read Blocks": 64666,
                                                            "Shared Dirtied Blocks": 0,
                                                            "Shared Written Blocks": 0,
                                                            "Local Hit Blocks": 0,
                                                            "Local Read Blocks": 0,
                                                            "Local Dirtied Blocks": 0,
                                                            "Local Written Blocks": 0,
                                                            "Temp Read Blocks": 0,
                                                            "Temp Written Blocks": 0,
                                                            "Workers": [
                                                              {
                                                                "Worker Number": 0,
                                                                "Actual Startup Time": 189.976,
                                                                "Actual Total Time": 189.977,
                                                                "Actual Rows": 0,
                                                                "Actual Loops": 1,
                                                                "Shared Hit Blocks": 33,
                                                                "Shared Read Blocks": 1042,
                                                                "Shared Dirtied Blocks": 0,
                                                                "Shared Written Blocks": 0,
                                                                "Local Hit Blocks": 0,
                                                                "Local Read Blocks": 0,
                                                                "Local Dirtied Blocks": 0,
                                                                "Local Written Blocks": 0,
                                                                "Temp Read Blocks": 0,
                                                                "Temp Written Blocks": 0
                                                              },
                                                              {
                                                                "Worker Number": 1,
                                                                "Actual Startup Time": 61.968,
                                                                "Actual Total Time": 1479.554,
                                                                "Actual Rows": 685184,
                                                                "Actual Loops": 1,
                                                                "Shared Hit Blocks": 296,
                                                                "Shared Read Blocks": 9641,
                                                                "Shared Dirtied Blocks": 0,
                                                                "Shared Written Blocks": 0,
                                                                "Local Hit Blocks": 0,
                                                                "Local Read Blocks": 0,
                                                                "Local Dirtied Blocks": 0,
                                                                "Local Written Blocks": 0,
                                                                "Temp Read Blocks": 0,
                                                                "Temp Written Blocks": 0
                                                              }
                                                            ],
                                                            "Plans": [
                                                              {
                                                                "Node Type": "Index Scan",
                                                                "Parent Relationship": "Outer",
                                                                "Parallel Aware": true,
                                                                "Async Capable": false,
                                                                "Scan Direction": "Forward",
                                                                "Index Name": "date_dim_pkey",
                                                                "Relation Name": "date_dim",
                                                                "Schema": "public",
                                                                "Alias": "d1",
                                                                "Startup Cost": 0.29,
                                                                "Total Cost": 2981.0,
                                                                "Plan Rows": 152,
                                                                "Plan Width": 8,
                                                                "Actual Startup Time": 103.289,
                                                                "Actual Total Time": 103.992,
                                                                "Actual Rows": 122,
                                                                "Actual Loops": 3,
                                                                "Output": [
                                                                  "d1.d_date_sk",
                                                                  "d1.d_date_id",
                                                                  "d1.d_date",
                                                                  "d1.d_month_seq",
                                                                  "d1.d_week_seq",
                                                                  "d1.d_quarter_seq",
                                                                  "d1.d_year",
                                                                  "d1.d_dow",
                                                                  "d1.d_moy",
                                                                  "d1.d_dom",
                                                                  "d1.d_qoy",
                                                                  "d1.d_fy_year",
                                                                  "d1.d_fy_quarter_seq",
                                                                  "d1.d_fy_week_seq",
                                                                  "d1.d_day_name",
                                                                  "d1.d_quarter_name",
                                                                  "d1.d_holiday",
                                                                  "d1.d_weekend",
                                                                  "d1.d_following_holiday",
                                                                  "d1.d_first_dom",
                                                                  "d1.d_last_dom",
                                                                  "d1.d_same_day_ly",
                                                                  "d1.d_same_day_lq",
                                                                  "d1.d_current_day",
                                                                  "d1.d_current_week",
                                                                  "d1.d_current_month",
                                                                  "d1.d_current_quarter",
                                                                  "d1.d_current_year"
                                                                ],
                                                                "Filter": "(d1.d_year = 2002)",
                                                                "Rows Removed by Filter": 24228,
                                                                "Shared Hit Blocks": 98,
                                                                "Shared Read Blocks": 1609,
                                                                "Shared Dirtied Blocks": 0,
                                                                "Shared Written Blocks": 0,
                                                                "Local Hit Blocks": 0,
                                                                "Local Read Blocks": 0,
                                                                "Local Dirtied Blocks": 0,
                                                                "Local Written Blocks": 0,
                                                                "Temp Read Blocks": 0,
                                                                "Temp Written Blocks": 0,
                                                                "Workers": [
                                                                  {
                                                                    "Worker Number": 0,
                                                                    "Actual Startup Time": 189.974,
                                                                    "Actual Total Time": 189.975,
                                                                    "Actual Rows": 0,
                                                                    "Actual Loops": 1,
                                                                    "Shared Hit Blocks": 33,
                                                                    "Shared Read Blocks": 1042,
                                                                    "Shared Dirtied Blocks": 0,
                                                                    "Shared Written Blocks": 0,
                                                                    "Local Hit Blocks": 0,
                                                                    "Local Read Blocks": 0,
                                                                    "Local Dirtied Blocks": 0,
                                                                    "Local Written Blocks": 0,
                                                                    "Temp Read Blocks": 0,
                                                                    "Temp Written Blocks": 0
                                                                  },
                                                                  {
                                                                    "Worker Number": 1,
                                                                    "Actual Startup Time": 60.289,
                                                                    "Actual Total Time": 60.588,
                                                                    "Actual Rows": 78,
                                                                    "Actual Loops": 1,
                                                                    "Shared Hit Blocks": 31,
                                                                    "Shared Read Blocks": 277,
                                                                    "Shared Dirtied Blocks": 0,
                                                                    "Shared Written Blocks": 0,
                                                                    "Local Hit Blocks": 0,
                                                                    "Local Read Blocks": 0,
                                                                    "Local Dirtied Blocks": 0,
                                                                    "Local Written Blocks": 0,
                                                                    "Temp Read Blocks": 0,
                                                                    "Temp Written Blocks": 0
                                                                  }
                                                                ]
                                                              },
                                                              {
                                                                "Node Type": "Index Only Scan",
                                                                "Parent Relationship": "Inner",
                                                                "Parallel Aware": false,
                                                                "Async Capable": false,
                                                                "Scan Direction": "Forward",
                                                                "Index Name": "_dta_index_store_sales_6_1333579789__k1_k23_k14_k6_k8_k5_k7_3_4",
                                                                "Relation Name": "store_sales",
                                                                "Schema": "public",
                                                                "Alias": "store_sales",
                                                                "Startup Cost": 0.56,
                                                                "Total Cost": 907.45,
                                                                "Plan Rows": 13481,
                                                                "Plan Width": 20,
                                                                "Actual Startup Time": 0.09,
                                                                "Actual Total Time": 19.715,
                                                                "Actual Rows": 12649,
                                                                "Actual Loops": 365,
                                                                "Output": [
                                                                  "store_sales.ss_sold_date_sk",
                                                                  "store_sales.ss_net_profit",
                                                                  "store_sales.ss_sales_price",
                                                                  "store_sales.ss_hdemo_sk",
                                                                  "store_sales.ss_store_sk",
                                                                  "store_sales.ss_cdemo_sk",
                                                                  "store_sales.ss_addr_sk",
                                                                  "store_sales.ss_item_sk",
                                                                  "store_sales.ss_customer_sk",
                                                                  "store_sales.ss_promo_sk",
                                                                  "store_sales.ss_ticket_number",
                                                                  "store_sales.ss_quantity",
                                                                  "store_sales.ss_wholesale_cost",
                                                                  "store_sales.ss_list_price",
                                                                  "store_sales.ss_ext_sales_price",
                                                                  "store_sales.ss_ext_wholesale_cost",
                                                                  "store_sales.ss_coupon_amt"
                                                                ],
                                                                "Index Cond": "(store_sales.ss_sold_date_sk = d1.d_date_sk)",
                                                                "Rows Removed by Index Recheck": 0,
                                                                "Heap Fetches": 0,
                                                                "Shared Hit Blocks": 20820,
                                                                "Shared Read Blocks": 63057,
                                                                "Shared Dirtied Blocks": 0,
                                                                "Shared Written Blocks": 0,
                                                                "Local Hit Blocks": 0,
                                                                "Local Read Blocks": 0,
                                                                "Local Dirtied Blocks": 0,
                                                                "Local Written Blocks": 0,
                                                                "Temp Read Blocks": 0,
                                                                "Temp Written Blocks": 0,
                                                                "Workers": [
                                                                  {
                                                                    "Worker Number": 1,
                                                                    "Actual Startup Time": 0.104,
                                                                    "Actual Total Time": 17.444,
                                                                    "Actual Rows": 8784,
                                                                    "Actual Loops": 78,
                                                                    "Shared Hit Blocks": 265,
                                                                    "Shared Read Blocks": 9364,
                                                                    "Shared Dirtied Blocks": 0,
                                                                    "Shared Written Blocks": 0,
                                                                    "Local Hit Blocks": 0,
                                                                    "Local Read Blocks": 0,
                                                                    "Local Dirtied Blocks": 0,
                                                                    "Local Written Blocks": 0,
                                                                    "Temp Read Blocks": 0,
                                                                    "Temp Written Blocks": 0
                                                                  }
                                                                ]
                                                              }
                                                            ]
                                                          },
                                                          {
                                                            "Node Type": "Hash",
                                                            "Parent Relationship": "Inner",
                                                            "Parallel Aware": true,
                                                            "Async Capable": false,
                                                            "Startup Cost": 7840.9,
                                                            "Total Cost": 7840.9,
                                                            "Plan Rows": 737,
                                                            "Plan Width": 4,
                                                            "Actual Startup Time": 499.968,
                                                            "Actual Total Time": 499.969,
                                                            "Actual Rows": 555,
                                                            "Actual Loops": 3,
                                                            "Output": [
                                                              "item.i_item_sk"
                                                            ],
                                                            "Hash Buckets": 2048,
                                                            "Original Hash Buckets": 2048,
                                                            "Hash Batches": 1,
                                                            "Original Hash Batches": 1,
                                                            "Peak Memory Usage": 112,
                                                            "Shared Hit Blocks": 0,
                                                            "Shared Read Blocks": 7044,
                                                            "Shared Dirtied Blocks": 0,
                                                            "Shared Written Blocks": 0,
                                                            "Local Hit Blocks": 0,
                                                            "Local Read Blocks": 0,
                                                            "Local Dirtied Blocks": 0,
                                                            "Local Written Blocks": 0,
                                                            "Temp Read Blocks": 0,
                                                            "Temp Written Blocks": 0,
                                                            "Workers": [
                                                              {
                                                                "Worker Number": 0,
                                                                "Actual Startup Time": 418.488,
                                                                "Actual Total Time": 418.488,
                                                                "Actual Rows": 539,
                                                                "Actual Loops": 1,
                                                                "Shared Hit Blocks": 0,
                                                                "Shared Read Blocks": 2229,
                                                                "Shared Dirtied Blocks": 0,
                                                                "Shared Written Blocks": 0,
                                                                "Local Hit Blocks": 0,
                                                                "Local Read Blocks": 0,
                                                                "Local Dirtied Blocks": 0,
                                                                "Local Written Blocks": 0,
                                                                "Temp Read Blocks": 0,
                                                                "Temp Written Blocks": 0
                                                              },
                                                              {
                                                                "Worker Number": 1,
                                                                "Actual Startup Time": 429.642,
                                                                "Actual Total Time": 429.643,
                                                                "Actual Rows": 544,
                                                                "Actual Loops": 1,
                                                                "Shared Hit Blocks": 0,
                                                                "Shared Read Blocks": 2260,
                                                                "Shared Dirtied Blocks": 0,
                                                                "Shared Written Blocks": 0,
                                                                "Local Hit Blocks": 0,
                                                                "Local Read Blocks": 0,
                                                                "Local Dirtied Blocks": 0,
                                                                "Local Written Blocks": 0,
                                                                "Temp Read Blocks": 0,
                                                                "Temp Written Blocks": 0
                                                              }
                                                            ],
                                                            "Plans": [
                                                              {
                                                                "Node Type": "Seq Scan",
                                                                "Parent Relationship": "Outer",
                                                                "Parallel Aware": true,
                                                                "Async Capable": false,
                                                                "Relation Name": "item",
                                                                "Schema": "public",
                                                                "Alias": "item",
                                                                "Startup Cost": 0.03,
                                                                "Total Cost": 7840.9,
                                                                "Plan Rows": 737,
                                                                "Plan Width": 4,
                                                                "Actual Startup Time": 3.56,
                                                                "Actual Total Time": 498.745,
                                                                "Actual Rows": 555,
                                                                "Actual Loops": 3,
                                                                "Output": [
                                                                  "item.i_item_sk"
                                                                ],
                                                                "Filter": "((item.i_category = ANY ('{Home,Men,Music}'::bpchar[])) AND (item.i_manager_id = ANY ('{1,2,4,11,12,14,21,29,32,52}'::integer[])))",
                                                                "Rows Removed by Filter": 33445,
                                                                "Shared Hit Blocks": 0,
                                                                "Shared Read Blocks": 7044,
                                                                "Shared Dirtied Blocks": 0,
                                                                "Shared Written Blocks": 0,
                                                                "Local Hit Blocks": 0,
                                                                "Local Read Blocks": 0,
                                                                "Local Dirtied Blocks": 0,
                                                                "Local Written Blocks": 0,
                                                                "Temp Read Blocks": 0,
                                                                "Temp Written Blocks": 0,
                                                                "Workers": [
                                                                  {
                                                                    "Worker Number": 0,
                                                                    "Actual Startup Time": 5.435,
                                                                    "Actual Total Time": 417.248,
                                                                    "Actual Rows": 539,
                                                                    "Actual Loops": 1,
                                                                    "Shared Hit Blocks": 0,
                                                                    "Shared Read Blocks": 2229,
                                                                    "Shared Dirtied Blocks": 0,
                                                                    "Shared Written Blocks": 0,
                                                                    "Local Hit Blocks": 0,
                                                                    "Local Read Blocks": 0,
                                                                    "Local Dirtied Blocks": 0,
                                                                    "Local Written Blocks": 0,
                                                                    "Temp Read Blocks": 0,
                                                                    "Temp Written Blocks": 0
                                                                  },
                                                                  {
                                                                    "Worker Number": 1,
                                                                    "Actual Startup Time": 4.776,
                                                                    "Actual Total Time": 428.41,
                                                                    "Actual Rows": 544,
                                                                    "Actual Loops": 1,
                                                                    "Shared Hit Blocks": 0,
                                                                    "Shared Read Blocks": 2260,
                                                                    "Shared Dirtied Blocks": 0,
                                                                    "Shared Written Blocks": 0,
                                                                    "Local Hit Blocks": 0,
                                                                    "Local Read Blocks": 0,
                                                                    "Local Dirtied Blocks": 0,
                                                                    "Local Written Blocks": 0,
                                                                    "Temp Read Blocks": 0,
                                                                    "Temp Written Blocks": 0
                                                                  }
                                                                ]
                                                              }
                                                            ]
                                                          }
                                                        ]
                                                      },
                                                      {
                                                        "Node Type": "Index Scan",
                                                        "Parent Relationship": "Inner",
                                                        "Parallel Aware": false,
                                                        "Async Capable": false,
                                                        "Scan Direction": "Forward",
                                                        "Index Name": "_dta_index_customer_6_949578421__k1_k5",
                                                        "Relation Name": "customer",
                                                        "Schema": "public",
                                                        "Alias": "customer",
                                                        "Startup Cost": 0.42,
                                                        "Total Cost": 5.59,
                                                        "Plan Rows": 1,
                                                        "Plan Width": 16,
                                                        "Actual Startup Time": 0.091,
                                                        "Actual Total Time": 0.091,
                                                        "Actual Rows": 1,
                                                        "Actual Loops": 37396,
                                                        "Output": [
                                                          "customer.c_customer_sk",
                                                          "customer.c_customer_id",
                                                          "customer.c_current_cdemo_sk",
                                                          "customer.c_current_hdemo_sk",
                                                          "customer.c_current_addr_sk",
                                                          "customer.c_first_shipto_date_sk",
                                                          "customer.c_first_sales_date_sk",
                                                          "customer.c_salutation",
                                                          "customer.c_first_name",
                                                          "customer.c_last_name",
                                                          "customer.c_preferred_cust_flag",
                                                          "customer.c_birth_day",
                                                          "customer.c_birth_month",
                                                          "customer.c_birth_year",
                                                          "customer.c_birth_country",
                                                          "customer.c_login",
                                                          "customer.c_email_address",
                                                          "customer.c_last_review_date_sk"
                                                        ],
                                                        "Index Cond": "(customer.c_customer_sk = store_sales.ss_customer_sk)",
                                                        "Rows Removed by Index Recheck": 0,
                                                        "Shared Hit Blocks": 116997,
                                                        "Shared Read Blocks": 29136,
                                                        "Shared Dirtied Blocks": 0,
                                                        "Shared Written Blocks": 0,
                                                        "Local Hit Blocks": 0,
                                                        "Local Read Blocks": 0,
                                                        "Local Dirtied Blocks": 0,
                                                        "Local Written Blocks": 0,
                                                        "Temp Read Blocks": 0,
                                                        "Temp Written Blocks": 0,
                                                        "Workers": [
                                                          {
                                                            "Worker Number": 1,
                                                            "Actual Startup Time": 0.129,
                                                            "Actual Total Time": 0.129,
                                                            "Actual Rows": 1,
                                                            "Actual Loops": 5653,
                                                            "Shared Hit Blocks": 17037,
                                                            "Shared Read Blocks": 5012,
                                                            "Shared Dirtied Blocks": 0,
                                                            "Shared Written Blocks": 0,
                                                            "Local Hit Blocks": 0,
                                                            "Local Read Blocks": 0,
                                                            "Local Dirtied Blocks": 0,
                                                            "Local Written Blocks": 0,
                                                            "Temp Read Blocks": 0,
                                                            "Temp Written Blocks": 0
                                                          }
                                                        ]
                                                      }
                                                    ]
                                                  },
                                                  {
                                                    "Node Type": "Hash",
                                                    "Parent Relationship": "Inner",
                                                    "Parallel Aware": false,
                                                    "Async Capable": false,
                                                    "Startup Cost": 125.0,
                                                    "Total Cost": 125.0,
                                                    "Plan Rows": 7200,
                                                    "Plan Width": 4,
                                                    "Actual Startup Time": 161.023,
                                                    "Actual Total Time": 161.023,
                                                    "Actual Rows": 7200,
                                                    "Actual Loops": 3,
                                                    "Output": [
                                                      "household_demographics.hd_demo_sk"
                                                    ],
                                                    "Hash Buckets": 8192,
                                                    "Original Hash Buckets": 8192,
                                                    "Hash Batches": 1,
                                                    "Original Hash Batches": 1,
                                                    "Peak Memory Usage": 318,
                                                    "Shared Hit Blocks": 106,
                                                    "Shared Read Blocks": 53,
                                                    "Shared Dirtied Blocks": 0,
                                                    "Shared Written Blocks": 0,
                                                    "Local Hit Blocks": 0,
                                                    "Local Read Blocks": 0,
                                                    "Local Dirtied Blocks": 0,
                                                    "Local Written Blocks": 0,
                                                    "Temp Read Blocks": 0,
                                                    "Temp Written Blocks": 0,
                                                    "Workers": [
                                                      {
                                                        "Worker Number": 0,
                                                        "Actual Startup Time": 92.54,
                                                        "Actual Total Time": 92.541,
                                                        "Actual Rows": 7200,
                                                        "Actual Loops": 1,
                                                        "Shared Hit Blocks": 53,
                                                        "Shared Read Blocks": 0,
                                                        "Shared Dirtied Blocks": 0,
                                                        "Shared Written Blocks": 0,
                                                        "Local Hit Blocks": 0,
                                                        "Local Read Blocks": 0,
                                                        "Local Dirtied Blocks": 0,
                                                        "Local Written Blocks": 0,
                                                        "Temp Read Blocks": 0,
                                                        "Temp Written Blocks": 0
                                                      },
                                                      {
                                                        "Worker Number": 1,
                                                        "Actual Startup Time": 81.529,
                                                        "Actual Total Time": 81.53,
                                                        "Actual Rows": 7200,
                                                        "Actual Loops": 1,
                                                        "Shared Hit Blocks": 53,
                                                        "Shared Read Blocks": 0,
                                                        "Shared Dirtied Blocks": 0,
                                                        "Shared Written Blocks": 0,
                                                        "Local Hit Blocks": 0,
                                                        "Local Read Blocks": 0,
                                                        "Local Dirtied Blocks": 0,
                                                        "Local Written Blocks": 0,
                                                        "Temp Read Blocks": 0,
                                                        "Temp Written Blocks": 0
                                                      }
                                                    ],
                                                    "Plans": [
                                                      {
                                                        "Node Type": "Seq Scan",
                                                        "Parent Relationship": "Outer",
                                                        "Parallel Aware": false,
                                                        "Async Capable": false,
                                                        "Relation Name": "household_demographics",
                                                        "Schema": "public",
                                                        "Alias": "household_demographics",
                                                        "Startup Cost": 0.0,
                                                        "Total Cost": 125.0,
                                                        "Plan Rows": 7200,
                                                        "Plan Width": 4,
                                                        "Actual Startup Time": 125.0,
                                                        "Actual Total Time": 158.695,
                                                        "Actual Rows": 7200,
                                                        "Actual Loops": 3,
                                                        "Output": [
                                                          "household_demographics.hd_demo_sk"
                                                        ],
                                                        "Shared Hit Blocks": 106,
                                                        "Shared Read Blocks": 53,
                                                        "Shared Dirtied Blocks": 0,
                                                        "Shared Written Blocks": 0,
                                                        "Local Hit Blocks": 0,
                                                        "Local Read Blocks": 0,
                                                        "Local Dirtied Blocks": 0,
                                                        "Local Written Blocks": 0,
                                                        "Temp Read Blocks": 0,
                                                        "Temp Written Blocks": 0,
                                                        "Workers": [
                                                          {
                                                            "Worker Number": 0,
                                                            "Actual Startup Time": 82.908,
                                                            "Actual Total Time": 88.022,
                                                            "Actual Rows": 7200,
                                                            "Actual Loops": 1,
                                                            "Shared Hit Blocks": 53,
                                                            "Shared Read Blocks": 0,
                                                            "Shared Dirtied Blocks": 0,
                                                            "Shared Written Blocks": 0,
                                                            "Local Hit Blocks": 0,
                                                            "Local Read Blocks": 0,
                                                            "Local Dirtied Blocks": 0,
                                                            "Local Written Blocks": 0,
                                                            "Temp Read Blocks": 0,
                                                            "Temp Written Blocks": 0
                                                          },
                                                          {
                                                            "Worker Number": 1,
                                                            "Actual Startup Time": 80.012,
                                                            "Actual Total Time": 80.637,
                                                            "Actual Rows": 7200,
                                                            "Actual Loops": 1,
                                                            "Shared Hit Blocks": 53,
                                                            "Shared Read Blocks": 0,
                                                            "Shared Dirtied Blocks": 0,
                                                            "Shared Written Blocks": 0,
                                                            "Local Hit Blocks": 0,
                                                            "Local Read Blocks": 0,
                                                            "Local Dirtied Blocks": 0,
                                                            "Local Written Blocks": 0,
                                                            "Temp Read Blocks": 0,
                                                            "Temp Written Blocks": 0
                                                          }
                                                        ]
                                                      }
                                                    ]
                                                  }
                                                ]
                                              },
                                              {
                                                "Node Type": "Index Only Scan",
                                                "Parent Relationship": "Inner",
                                                "Parallel Aware": false,
                                                "Async Capable": false,
                                                "Scan Direction": "Forward",
                                                "Index Name": "customer_demographics_pkey",
                                                "Relation Name": "customer_demographics",
                                                "Schema": "public",
                                                "Alias": "customer_demographics",
                                                "Startup Cost": 0.43,
                                                "Total Cost": 3.03,
                                                "Plan Rows": 1,
                                                "Plan Width": 4,
                                                "Actual Startup Time": 0.059,
                                                "Actual Total Time": 0.059,
                                                "Actual Rows": 1,
                                                "Actual Loops": 35241,
                                                "Output": [
                                                  "customer_demographics.cd_demo_sk"
                                                ],
                                                "Index Cond": "(customer_demographics.cd_demo_sk = customer.c_current_cdemo_sk)",
                                                "Rows Removed by Index Recheck": 0,
                                                "Heap Fetches": 0,
                                                "Shared Hit Blocks": 85847,
                                                "Shared Read Blocks": 18055,
                                                "Shared Dirtied Blocks": 0,
                                                "Shared Written Blocks": 0,
                                                "Local Hit Blocks": 0,
                                                "Local Read Blocks": 0,
                                                "Local Dirtied Blocks": 0,
                                                "Local Written Blocks": 0,
                                                "Temp Read Blocks": 0,
                                                "Temp Written Blocks": 0,
                                                "Workers": [
                                                  {
                                                    "Worker Number": 1,
                                                    "Actual Startup Time": 0.082,
                                                    "Actual Total Time": 0.082,
                                                    "Actual Rows": 1,
                                                    "Actual Loops": 5335,
                                                    "Shared Hit Blocks": 12797,
                                                    "Shared Read Blocks": 2940,
                                                    "Shared Dirtied Blocks": 0,
                                                    "Shared Written Blocks": 0,
                                                    "Local Hit Blocks": 0,
                                                    "Local Read Blocks": 0,
                                                    "Local Dirtied Blocks": 0,
                                                    "Local Written Blocks": 0,
                                                    "Temp Read Blocks": 0,
                                                    "Temp Written Blocks": 0
                                                  }
                                                ]
                                              }
                                            ]
                                          },
                                          {
                                            "Node Type": "Index Scan",
                                            "Parent Relationship": "Inner",
                                            "Parallel Aware": false,
                                            "Async Capable": false,
                                            "Scan Direction": "Forward",
                                            "Index Name": "customer_address_pkey",
                                            "Relation Name": "customer_address",
                                            "Schema": "public",
                                            "Alias": "customer_address",
                                            "Startup Cost": 0.42,
                                            "Total Cost": 5.59,
                                            "Plan Rows": 1,
                                            "Plan Width": 4,
                                            "Actual Startup Time": 0.059,
                                            "Actual Total Time": 0.059,
                                            "Actual Rows": 0,
                                            "Actual Loops": 34633,
                                            "Output": [
                                              "customer_address.ca_address_sk",
                                              "customer_address.ca_address_id",
                                              "customer_address.ca_street_number",
                                              "customer_address.ca_street_name",
                                              "customer_address.ca_street_type",
                                              "customer_address.ca_suite_number",
                                              "customer_address.ca_city",
                                              "customer_address.ca_county",
                                              "customer_address.ca_state",
                                              "customer_address.ca_zip",
                                              "customer_address.ca_country",
                                              "customer_address.ca_gmt_offset",
                                              "customer_address.ca_location_type"
                                            ],
                                            "Index Cond": "(customer_address.ca_address_sk = customer.c_current_addr_sk)",
                                            "Rows Removed by Index Recheck": 0,
                                            "Filter": "(customer_address.ca_state = ANY ('{GA,MD,MO,NC,OR}'::bpchar[]))",
                                            "Rows Removed by Filter": 1,
                                            "Shared Hit Blocks": 121774,
                                            "Shared Read Blocks": 16759,
                                            "Shared Dirtied Blocks": 0,
                                            "Shared Written Blocks": 0,
                                            "Local Hit Blocks": 0,
                                            "Local Read Blocks": 0,
                                            "Local Dirtied Blocks": 0,
                                            "Local Written Blocks": 0,
                                            "Temp Read Blocks": 0,
                                            "Temp Written Blocks": 0,
                                            "Workers": [
                                              {
                                                "Worker Number": 1,
                                                "Actual Startup Time": 0.089,
                                                "Actual Total Time": 0.089,
                                                "Actual Rows": 0,
                                                "Actual Loops": 5245,
                                                "Shared Hit Blocks": 18023,
                                                "Shared Read Blocks": 2958,
                                                "Shared Dirtied Blocks": 0,
                                                "Shared Written Blocks": 0,
                                                "Local Hit Blocks": 0,
                                                "Local Read Blocks": 0,
                                                "Local Dirtied Blocks": 0,
                                                "Local Written Blocks": 0,
                                                "Temp Read Blocks": 0,
                                                "Temp Written Blocks": 0
                                              }
                                            ]
                                          }
                                        ]
                                      },
                                      {
                                        "Node Type": "Index Scan",
                                        "Parent Relationship": "Inner",
                                        "Parallel Aware": false,
                                        "Async Capable": false,
                                        "Scan Direction": "Forward",
                                        "Index Name": "inventory_pkey",
                                        "Relation Name": "inventory",
                                        "Schema": "public",
                                        "Alias": "inventory",
                                        "Startup Cost": 0.57,
                                        "Total Cost": 13.44,
                                        "Plan Rows": 2,
                                        "Plan Width": 16,
                                        "Actual Startup Time": 0.054,
                                        "Actual Total Time": 0.187,
                                        "Actual Rows": 1,
                                        "Actual Loops": 3314,
                                        "Output": [
                                          "inventory.inv_date_sk",
                                          "inventory.inv_item_sk",
                                          "inventory.inv_warehouse_sk",
                                          "inventory.inv_quantity_on_hand"
                                        ],
                                        "Index Cond": "((inventory.inv_date_sk = store_sales.ss_sold_date_sk) AND (inventory.inv_item_sk = store_sales.ss_item_sk))",
                                        "Rows Removed by Index Recheck": 0,
                                        "Filter": "(inventory.inv_quantity_on_hand >= store_sales.ss_quantity)",
                                        "Rows Removed by Filter": 0,
                                        "Shared Hit Blocks": 12555,
                                        "Shared Read Blocks": 5522,
                                        "Shared Dirtied Blocks": 0,
                                        "Shared Written Blocks": 0,
                                        "Local Hit Blocks": 0,
                                        "Local Read Blocks": 0,
                                        "Local Dirtied Blocks": 0,
                                        "Local Written Blocks": 0,
                                        "Temp Read Blocks": 0,
                                        "Temp Written Blocks": 0,
                                        "Workers": [
                                          {
                                            "Worker Number": 1,
                                            "Actual Startup Time": 0.075,
                                            "Actual Total Time": 0.23,
                                            "Actual Rows": 1,
                                            "Actual Loops": 485,
                                            "Shared Hit Blocks": 1816,
                                            "Shared Read Blocks": 715,
                                            "Shared Dirtied Blocks": 0,
                                            "Shared Written Blocks": 0,
                                            "Local Hit Blocks": 0,
                                            "Local Read Blocks": 0,
                                            "Local Dirtied Blocks": 0,
                                            "Local Written Blocks": 0,
                                            "Temp Read Blocks": 0,
                                            "Temp Written Blocks": 0
                                          }
                                        ]
                                      }
                                    ]
                                  }
                                ]
                              },
                              {
                                "Node Type": "Sort",
                                "Parent Relationship": "Inner",
                                "Parallel Aware": false,
                                "Async Capable": false,
                                "Startup Cost": 1.27,
                                "Total Cost": 1.29,
                                "Plan Rows": 10,
                                "Plan Width": 7,
                                "Actual Startup Time": 0.244,
                                "Actual Total Time": 0.254,
                                "Actual Rows": 10,
                                "Actual Loops": 2,
                                "Output": [
                                  "warehouse.w_warehouse_sk",
                                  "warehouse.w_state"
                                ],
                                "Sort Key": [
                                  "warehouse.w_warehouse_sk"
                                ],
                                "Sort Method": "quicksort",
                                "Sort Space Used": 25,
                                "Sort Space Type": "Memory",
                                "Shared Hit Blocks": 0,
                                "Shared Read Blocks": 2,
                                "Shared Dirtied Blocks": 0,
                                "Shared Written Blocks": 0,
                                "Local Hit Blocks": 0,
                                "Local Read Blocks": 0,
                                "Local Dirtied Blocks": 0,
                                "Local Written Blocks": 0,
                                "Temp Read Blocks": 0,
                                "Temp Written Blocks": 0,
                                "Workers": [
                                  {
                                    "Worker Number": 1,
                                    "Actual Startup Time": 0.376,
                                    "Actual Total Time": 0.386,
                                    "Actual Rows": 10,
                                    "Actual Loops": 1,
                                    "Sort Method": "quicksort",
                                    "Sort Space Used": 25,
                                    "Sort Space Type": "Memory",
                                    "Shared Hit Blocks": 0,
                                    "Shared Read Blocks": 1,
                                    "Shared Dirtied Blocks": 0,
                                    "Shared Written Blocks": 0,
                                    "Local Hit Blocks": 0,
                                    "Local Read Blocks": 0,
                                    "Local Dirtied Blocks": 0,
                                    "Local Written Blocks": 0,
                                    "Temp Read Blocks": 0,
                                    "Temp Written Blocks": 0
                                  }
                                ],
                                "Plans": [
                                  {
                                    "Node Type": "Seq Scan",
                                    "Parent Relationship": "Outer",
                                    "Parallel Aware": false,
                                    "Async Capable": false,
                                    "Relation Name": "warehouse",
                                    "Schema": "public",
                                    "Alias": "warehouse",
                                    "Startup Cost": 0.0,
                                    "Total Cost": 1.1,
                                    "Plan Rows": 10,
                                    "Plan Width": 7,
                                    "Actual Startup Time": 0.233,
                                    "Actual Total Time": 0.234,
                                    "Actual Rows": 10,
                                    "Actual Loops": 2,
                                    "Output": [
                                      "warehouse.w_warehouse_sk",
                                      "warehouse.w_state"
                                    ],
                                    "Shared Hit Blocks": 0,
                                    "Shared Read Blocks": 2,
                                    "Shared Dirtied Blocks": 0,
                                    "Shared Written Blocks": 0,
                                    "Local Hit Blocks": 0,
                                    "Local Read Blocks": 0,
                                    "Local Dirtied Blocks": 0,
                                    "Local Written Blocks": 0,
                                    "Temp Read Blocks": 0,
                                    "Temp Written Blocks": 0,
                                    "Workers": [
                                      {
                                        "Worker Number": 1,
                                        "Actual Startup Time": 0.365,
                                        "Actual Total Time": 0.367,
                                        "Actual Rows": 10,
                                        "Actual Loops": 1,
                                        "Shared Hit Blocks": 0,
                                        "Shared Read Blocks": 1,
                                        "Shared Dirtied Blocks": 0,
                                        "Shared Written Blocks": 0,
                                        "Local Hit Blocks": 0,
                                        "Local Read Blocks": 0,
                                        "Local Dirtied Blocks": 0,
                                        "Local Written Blocks": 0,
                                        "Temp Read Blocks": 0,
                                        "Temp Written Blocks": 0
                                      }
                                    ]
                                  }
                                ]
                              }
                            ]
                          },
                          {
                            "Node Type": "Bitmap Heap Scan",
                            "Parent Relationship": "Inner",
                            "Parallel Aware": false,
                            "Async Capable": false,
                            "Relation Name": "web_sales",
                            "Schema": "public",
                            "Alias": "web_sales",
                            "Startup Cost": 7.9,
                            "Total Cost": 786.6,
                            "Plan Rows": 1,
                            "Plan Width": 20,
                            "Actual Startup Time": 0.375,
                            "Actual Total Time": 0.375,
                            "Actual Rows": 0,
                            "Actual Loops": 4219,
                            "Output": [
                              "web_sales.ws_sold_date_sk",
                              "web_sales.ws_sold_time_sk",
                              "web_sales.ws_ship_date_sk",
                              "web_sales.ws_item_sk",
                              "web_sales.ws_bill_customer_sk",
                              "web_sales.ws_bill_cdemo_sk",
                              "web_sales.ws_bill_hdemo_sk",
                              "web_sales.ws_bill_addr_sk",
                              "web_sales.ws_ship_customer_sk",
                              "web_sales.ws_ship_cdemo_sk",
                              "web_sales.ws_ship_hdemo_sk",
                              "web_sales.ws_ship_addr_sk",
                              "web_sales.ws_web_page_sk",
                              "web_sales.ws_web_site_sk",
                              "web_sales.ws_ship_mode_sk",
                              "web_sales.ws_warehouse_sk",
                              "web_sales.ws_promo_sk",
                              "web_sales.ws_order_number",
                              "web_sales.ws_quantity",
                              "web_sales.ws_wholesale_cost",
                              "web_sales.ws_list_price",
                              "web_sales.ws_sales_price",
                              "web_sales.ws_ext_discount_amt",
                              "web_sales.ws_ext_sales_price",
                              "web_sales.ws_ext_wholesale_cost",
                              "web_sales.ws_ext_list_price",
                              "web_sales.ws_ext_tax",
                              "web_sales.ws_coupon_amt",
                              "web_sales.ws_ext_ship_cost",
                              "web_sales.ws_net_paid",
                              "web_sales.ws_net_paid_inc_tax",
                              "web_sales.ws_net_paid_inc_ship",
                              "web_sales.ws_net_paid_inc_ship_tax",
                              "web_sales.ws_net_profit"
                            ],
                            "Recheck Cond": "(store_sales.ss_item_sk = web_sales.ws_item_sk)",
                            "Rows Removed by Index Recheck": 0,
                            "Filter": "((web_sales.ws_wholesale_cost >= '34'::numeric) AND (web_sales.ws_wholesale_cost <= '54'::numeric) AND (store_sales.ss_customer_sk = web_sales.ws_bill_customer_sk))",
                            "Rows Removed by Filter": 41,
                            "Exact Heap Blocks": 149391,
                            "Lossy Heap Blocks": 0,
                            "Shared Hit Blocks": 170643,
                            "Shared Read Blocks": 15360,
                            "Shared Dirtied Blocks": 0,
                            "Shared Written Blocks": 0,
                            "Local Hit Blocks": 0,
                            "Local Read Blocks": 0,
                            "Local Dirtied Blocks": 0,
                            "Local Written Blocks": 0,
                            "Temp Read Blocks": 0,
                            "Temp Written Blocks": 0,
                            "Workers": [
                              {
                                "Worker Number": 1,
                                "Actual Startup Time": 0.641,
                                "Actual Total Time": 0.641,
                                "Actual Rows": 0,
                                "Actual Loops": 535,
                                "Shared Hit Blocks": 23060,
                                "Shared Read Blocks": 2433,
                                "Shared Dirtied Blocks": 0,
                                "Shared Written Blocks": 0,
                                "Local Hit Blocks": 0,
                                "Local Read Blocks": 0,
                                "Local Dirtied Blocks": 0,
                                "Local Written Blocks": 0,
                                "Temp Read Blocks": 0,
                                "Temp Written Blocks": 0
                              }
                            ],
                            "Plans": [
                              {
                                "Node Type": "Bitmap Index Scan",
                                "Parent Relationship": "Outer",
                                "Parallel Aware": false,
                                "Async Capable": false,
                                "Index Name": "web_sales_pkey",
                                "Startup Cost": 0.0,
                                "Total Cost": 7.9,
                                "Plan Rows": 304,
                                "Plan Width": 0,
                                "Actual Startup Time": 0.017,
                                "Actual Total Time": 0.017,
                                "Actual Rows": 41,
                                "Actual Loops": 4219,
                                "Index Cond": "(web_sales.ws_item_sk = store_sales.ss_item_sk)",
                                "Shared Hit Blocks": 12241,
                                "Shared Read Blocks": 484,
                                "Shared Dirtied Blocks": 0,
                                "Shared Written Blocks": 0,
                                "Local Hit Blocks": 0,
                                "Local Read Blocks": 0,
                                "Local Dirtied Blocks": 0,
                                "Local Written Blocks": 0,
                                "Temp Read Blocks": 0,
                                "Temp Written Blocks": 0,
                                "Workers": [
                                  {
                                    "Worker Number": 1,
                                    "Actual Startup Time": 0.039,
                                    "Actual Total Time": 0.039,
                                    "Actual Rows": 45,
                                    "Actual Loops": 535,
                                    "Shared Hit Blocks": 1512,
                                    "Shared Read Blocks": 94,
                                    "Shared Dirtied Blocks": 0,
                                    "Shared Written Blocks": 0,
                                    "Local Hit Blocks": 0,
                                    "Local Read Blocks": 0,
                                    "Local Dirtied Blocks": 0,
                                    "Local Written Blocks": 0,
                                    "Temp Read Blocks": 0,
                                    "Temp Written Blocks": 0
                                  }
                                ]
                              }
                            ]
                          }
                        ]
                      },
                      {
                        "Node Type": "Bitmap Heap Scan",
                        "Parent Relationship": "Inner",
                        "Parallel Aware": false,
                        "Async Capable": false,
                        "Relation Name": "store",
                        "Schema": "public",
                        "Alias": "store",
                        "Startup Cost": 2.57,
                        "Total Cost": 6.81,
                        "Plan Rows": 3,
                        "Plan Width": 3,
                        "Actual Startup Time": 0.0,
                        "Actual Total Time": 0.0,
                        "Actual Rows": 0,
                        "Actual Loops": 0,
                        "Output": [
                          "store.s_store_sk",
                          "store.s_store_id",
                          "store.s_rec_start_date",
                          "store.s_rec_end_date",
                          "store.s_closed_date_sk",
                          "store.s_store_name",
                          "store.s_number_employees",
                          "store.s_floor_space",
                          "store.s_hours",
                          "store.s_manager",
                          "store.s_market_id",
                          "store.s_geography_class",
                          "store.s_market_desc",
                          "store.s_market_manager",
                          "store.s_division_id",
                          "store.s_division_name",
                          "store.s_company_id",
                          "store.s_company_name",
                          "store.s_street_number",
                          "store.s_street_name",
                          "store.s_street_type",
                          "store.s_suite_number",
                          "store.s_city",
                          "store.s_county",
                          "store.s_state",
                          "store.s_zip",
                          "store.s_country",
                          "store.s_gmt_offset",
                          "store.s_tax_precentage"
                        ],
                        "Recheck Cond": "(store.s_state = warehouse.w_state)",
                        "Rows Removed by Index Recheck": 0,
                        "Exact Heap Blocks": 0,
                        "Lossy Heap Blocks": 0,
                        "Shared Hit Blocks": 0,
                        "Shared Read Blocks": 0,
                        "Shared Dirtied Blocks": 0,
                        "Shared Written Blocks": 0,
                        "Local Hit Blocks": 0,
                        "Local Read Blocks": 0,
                        "Local Dirtied Blocks": 0,
                        "Local Written Blocks": 0,
                        "Temp Read Blocks": 0,
                        "Temp Written Blocks": 0,
                        "Workers": [],
                        "Plans": [
                          {
                            "Node Type": "Bitmap Index Scan",
                            "Parent Relationship": "Outer",
                            "Parallel Aware": false,
                            "Async Capable": false,
                            "Index Name": "_dta_index_store_6_885578193__k25_k1",
                            "Startup Cost": 0.0,
                            "Total Cost": 2.56,
                            "Plan Rows": 3,
                            "Plan Width": 0,
                            "Actual Startup Time": 0.0,
                            "Actual Total Time": 0.0,
                            "Actual Rows": 0,
                            "Actual Loops": 0,
                            "Index Cond": "(store.s_state = warehouse.w_state)",
                            "Shared Hit Blocks": 0,
                            "Shared Read Blocks": 0,
                            "Shared Dirtied Blocks": 0,
                            "Shared Written Blocks": 0,
                            "Local Hit Blocks": 0,
                            "Local Read Blocks": 0,
                            "Local Dirtied Blocks": 0,
                            "Local Written Blocks": 0,
                            "Temp Read Blocks": 0,
                            "Temp Written Blocks": 0,
                            "Workers": []
                          }
                        ]
                      }
                    ]
                  },
                  {
                    "Node Type": "Index Scan",
                    "Parent Relationship": "Inner",
                    "Parallel Aware": false,
                    "Async Capable": false,
                    "Scan Direction": "Forward",
                    "Index Name": "date_dim_pkey",
                    "Relation Name": "date_dim",
                    "Schema": "public",
                    "Alias": "d2",
                    "Startup Cost": 0.29,
                    "Total Cost": 5.44,
                    "Plan Rows": 1,
                    "Plan Width": 8,
                    "Actual Startup Time": 0.0,
                    "Actual Total Time": 0.0,
                    "Actual Rows": 0,
                    "Actual Loops": 0,
                    "Output": [
                      "d2.d_date_sk",
                      "d2.d_date_id",
                      "d2.d_date",
                      "d2.d_month_seq",
                      "d2.d_week_seq",
                      "d2.d_quarter_seq",
                      "d2.d_year",
                      "d2.d_dow",
                      "d2.d_moy",
                      "d2.d_dom",
                      "d2.d_qoy",
                      "d2.d_fy_year",
                      "d2.d_fy_quarter_seq",
                      "d2.d_fy_week_seq",
                      "d2.d_day_name",
                      "d2.d_quarter_name",
                      "d2.d_holiday",
                      "d2.d_weekend",
                      "d2.d_following_holiday",
                      "d2.d_first_dom",
                      "d2.d_last_dom",
                      "d2.d_same_day_ly",
                      "d2.d_same_day_lq",
                      "d2.d_current_day",
                      "d2.d_current_week",
                      "d2.d_current_month",
                      "d2.d_current_quarter",
                      "d2.d_current_year"
                    ],
                    "Index Cond": "(d2.d_date_sk = web_sales.ws_sold_date_sk)",
                    "Rows Removed by Index Recheck": 0,
                    "Shared Hit Blocks": 0,
                    "Shared Read Blocks": 0,
                    "Shared Dirtied Blocks": 0,
                    "Shared Written Blocks": 0,
                    "Local Hit Blocks": 0,
                    "Local Read Blocks": 0,
                    "Local Dirtied Blocks": 0,
                    "Local Written Blocks": 0,
                    "Temp Read Blocks": 0,
                    "Temp Written Blocks": 0,
                    "Workers": []
                  }
                ]
              }
            ]
          }
        ]
      },
      "Planning": {
        "Shared Hit Blocks": 137,
        "Shared Read Blocks": 62,
        "Shared Dirtied Blocks": 0,
        "Shared Written Blocks": 0,
        "Local Hit Blocks": 0,
        "Local Read Blocks": 0,
        "Local Dirtied Blocks": 0,
        "Local Written Blocks": 0,
        "Temp Read Blocks": 0,
        "Temp Written Blocks": 0
      },
      "Planning Time": 169.682,
      "Triggers": [],
      "JIT": {
        "Functions": 224,
        "Options": {
          "Inlining": false,
          "Optimization": false,
          "Expressions": true,
          "Deforming": true
        },
        "Timing": {
          "Generation": 45.674,
          "Inlining": 0.0,
          "Optimization": 9.511,
          "Emission": 362.476,
          "Total": 417.66
        }
      },
      "Execution Time": 15409.337
    }
  ],
  "original_sql": "select min(ss_item_sk),\n    min(ss_ticket_number),\n    min(ws_order_number),\n    min(c_customer_sk),\n    min(cd_demo_sk),\n    min(hd_demo_sk)\nfrom\n    store_sales,\n    web_sales,\n    date_dim d1,\n    date_dim d2,\n    customer,\n    inventory,\n    store,\n    warehouse,\n    item,\n    customer_demographics,\n    household_demographics,\n    customer_address\nwhere\n    ss_item_sk = i_item_sk\n    and ws_item_sk = ss_item_sk\n    and ss_sold_date_sk = d1.d_date_sk\n    and ws_sold_date_sk = d2.d_date_sk\n    and d2.d_date between d1.d_date and (d1.d_date + interval '30 day')\n    and ss_customer_sk = c_customer_sk\n    and ws_bill_customer_sk = c_customer_sk\n    and ws_warehouse_sk = inv_warehouse_sk\n    and ws_warehouse_sk = w_warehouse_sk\n    and inv_item_sk = ss_item_sk\n    and inv_date_sk = ss_sold_date_sk\n    and inv_quantity_on_hand >= ss_quantity\n    and s_state = w_state\n    AND i_category IN ('Home', 'Men', 'Music')\n    and i_manager_id IN (1, 2, 4, 11, 12, 14, 21, 29, 32, 52)\n    and c_current_cdemo_sk = cd_demo_sk\n    and c_current_hdemo_sk = hd_demo_sk\n    and c_current_addr_sk = ca_address_sk\n    and ca_state in ('GA', 'MD', 'MO', 'NC', 'OR')\n    and d1.d_year = 2002\n    and ws_wholesale_cost BETWEEN 34 AND 54"
}