{
  "query_id": "query065_multi",
  "engine": "postgresql",
  "benchmark": "dsb",
  "scale_factor": 10,
  "execution_time_ms": 9790.737,
  "planning_time_ms": 2.732,
  "plan_json": [
    {
      "Plan": {
        "Node Type": "Limit",
        "Parallel Aware": false,
        "Async Capable": false,
        "Startup Cost": 245840.55,
        "Total Cost": 245840.56,
        "Plan Rows": 1,
        "Plan Width": 201,
        "Actual Startup Time": 9765.144,
        "Actual Total Time": 9783.364,
        "Actual Rows": 100,
        "Actual Loops": 1,
        "Output": [
          "store.s_store_name",
          "item.i_item_desc",
          "(sum(store_sales.ss_sales_price))",
          "item.i_current_price",
          "item.i_wholesale_cost",
          "item.i_brand"
        ],
        "Shared Hit Blocks": 11046,
        "Shared Read Blocks": 76104,
        "Shared Dirtied Blocks": 0,
        "Shared Written Blocks": 0,
        "Local Hit Blocks": 0,
        "Local Read Blocks": 0,
        "Local Dirtied Blocks": 0,
        "Local Written Blocks": 0,
        "Temp Read Blocks": 2255,
        "Temp Written Blocks": 3294,
        "Plans": [
          {
            "Node Type": "Sort",
            "Parent Relationship": "Outer",
            "Parallel Aware": false,
            "Async Capable": false,
            "Startup Cost": 245840.55,
            "Total Cost": 245840.56,
            "Plan Rows": 1,
            "Plan Width": 201,
            "Actual Startup Time": 9742.776,
            "Actual Total Time": 9760.989,
            "Actual Rows": 100,
            "Actual Loops": 1,
            "Output": [
              "store.s_store_name",
              "item.i_item_desc",
              "(sum(store_sales.ss_sales_price))",
              "item.i_current_price",
              "item.i_wholesale_cost",
              "item.i_brand"
            ],
            "Sort Key": [
              "store.s_store_name",
              "item.i_item_desc"
            ],
            "Sort Method": "quicksort",
            "Sort Space Used": 60,
            "Sort Space Type": "Memory",
            "Shared Hit Blocks": 11046,
            "Shared Read Blocks": 76104,
            "Shared Dirtied Blocks": 0,
            "Shared Written Blocks": 0,
            "Local Hit Blocks": 0,
            "Local Read Blocks": 0,
            "Local Dirtied Blocks": 0,
            "Local Written Blocks": 0,
            "Temp Read Blocks": 2255,
            "Temp Written Blocks": 3294,
            "Plans": [
              {
                "Node Type": "Nested Loop",
                "Parent Relationship": "Outer",
                "Parallel Aware": false,
                "Async Capable": false,
                "Join Type": "Inner",
                "Startup Cost": 245515.92,
                "Total Cost": 245840.54,
                "Plan Rows": 1,
                "Plan Width": 201,
                "Actual Startup Time": 9239.154,
                "Actual Total Time": 9760.719,
                "Actual Rows": 116,
                "Actual Loops": 1,
                "Output": [
                  "store.s_store_name",
                  "item.i_item_desc",
                  "(sum(store_sales.ss_sales_price))",
                  "item.i_current_price",
                  "item.i_wholesale_cost",
                  "item.i_brand"
                ],
                "Inner Unique": true,
                "Shared Hit Blocks": 11046,
                "Shared Read Blocks": 76104,
                "Shared Dirtied Blocks": 0,
                "Shared Written Blocks": 0,
                "Local Hit Blocks": 0,
                "Local Read Blocks": 0,
                "Local Dirtied Blocks": 0,
                "Local Written Blocks": 0,
                "Temp Read Blocks": 2255,
                "Temp Written Blocks": 3294,
                "Plans": [
                  {
                    "Node Type": "Merge Join",
                    "Parent Relationship": "Outer",
                    "Parallel Aware": false,
                    "Async Capable": false,
                    "Join Type": "Inner",
                    "Startup Cost": 245515.63,
                    "Total Cost": 245727.93,
                    "Plan Rows": 20,
                    "Plan Width": 40,
                    "Actual Startup Time": 9232.775,
                    "Actual Total Time": 9491.563,
                    "Actual Rows": 2713,
                    "Actual Loops": 1,
                    "Output": [
                      "store.s_store_name",
                      "(sum(store_sales.ss_sales_price))",
                      "store_sales.ss_item_sk"
                    ],
                    "Inner Unique": false,
                    "Merge Cond": "(store_sales.ss_store_sk = store_sales_1.ss_store_sk)",
                    "Join Filter": "((sum(store_sales.ss_sales_price)) <= (0.1 * (avg((sum(store_sales_1.ss_sales_price))))))",
                    "Rows Removed by Join Filter": 16754,
                    "Shared Hit Blocks": 5443,
                    "Shared Read Blocks": 73568,
                    "Shared Dirtied Blocks": 0,
                    "Shared Written Blocks": 0,
                    "Local Hit Blocks": 0,
                    "Local Read Blocks": 0,
                    "Local Dirtied Blocks": 0,
                    "Local Written Blocks": 0,
                    "Temp Read Blocks": 2255,
                    "Temp Written Blocks": 3294,
                    "Plans": [
                      {
                        "Node Type": "Aggregate",
                        "Strategy": "Sorted",
                        "Partial Mode": "Finalize",
                        "Parent Relationship": "Outer",
                        "Parallel Aware": false,
                        "Async Capable": false,
                        "Startup Cost": 122754.45,
                        "Total Cost": 122848.19,
                        "Plan Rows": 742,
                        "Plan Width": 40,
                        "Actual Startup Time": 5839.138,
                        "Actual Total Time": 5980.745,
                        "Actual Rows": 122947,
                        "Actual Loops": 1,
                        "Output": [
                          "store_sales.ss_store_sk",
                          "store_sales.ss_item_sk",
                          "sum(store_sales.ss_sales_price)"
                        ],
                        "Group Key": [
                          "store_sales.ss_store_sk",
                          "store_sales.ss_item_sk"
                        ],
                        "Shared Hit Blocks": 2717,
                        "Shared Read Blocks": 36786,
                        "Shared Dirtied Blocks": 0,
                        "Shared Written Blocks": 0,
                        "Local Hit Blocks": 0,
                        "Local Read Blocks": 0,
                        "Local Dirtied Blocks": 0,
                        "Local Written Blocks": 0,
                        "Temp Read Blocks": 892,
                        "Temp Written Blocks": 1647,
                        "Plans": [
                          {
                            "Node Type": "Gather Merge",
                            "Parent Relationship": "Outer",
                            "Parallel Aware": false,
                            "Async Capable": false,
                            "Startup Cost": 122754.45,
                            "Total Cost": 122832.74,
                            "Plan Rows": 618,
                            "Plan Width": 40,
                            "Actual Startup Time": 5839.105,
                            "Actual Total Time": 5916.089,
                            "Actual Rows": 127296,
                            "Actual Loops": 1,
                            "Output": [
                              "store_sales.ss_store_sk",
                              "store_sales.ss_item_sk",
                              "(PARTIAL sum(store_sales.ss_sales_price))"
                            ],
                            "Workers Planned": 2,
                            "Workers Launched": 2,
                            "Shared Hit Blocks": 2717,
                            "Shared Read Blocks": 36786,
                            "Shared Dirtied Blocks": 0,
                            "Shared Written Blocks": 0,
                            "Local Hit Blocks": 0,
                            "Local Read Blocks": 0,
                            "Local Dirtied Blocks": 0,
                            "Local Written Blocks": 0,
                            "Temp Read Blocks": 892,
                            "Temp Written Blocks": 1647,
                            "Plans": [
                              {
                                "Node Type": "Aggregate",
                                "Strategy": "Sorted",
                                "Partial Mode": "Partial",
                                "Parent Relationship": "Outer",
                                "Parallel Aware": false,
                                "Async Capable": false,
                                "Startup Cost": 121754.43,
                                "Total Cost": 121761.38,
                                "Plan Rows": 309,
                                "Plan Width": 40,
                                "Actual Startup Time": 3591.238,
                                "Actual Total Time": 3624.877,
                                "Actual Rows": 42615,
                                "Actual Loops": 3,
                                "Output": [
                                  "store_sales.ss_store_sk",
                                  "store_sales.ss_item_sk",
                                  "PARTIAL sum(store_sales.ss_sales_price)"
                                ],
                                "Group Key": [
                                  "store_sales.ss_store_sk",
                                  "store_sales.ss_item_sk"
                                ],
                                "Shared Hit Blocks": 2717,
                                "Shared Read Blocks": 36786,
                                "Shared Dirtied Blocks": 0,
                                "Shared Written Blocks": 0,
                                "Local Hit Blocks": 0,
                                "Local Read Blocks": 0,
                                "Local Dirtied Blocks": 0,
                                "Local Written Blocks": 0,
                                "Temp Read Blocks": 892,
                                "Temp Written Blocks": 1647,
                                "Workers": [
                                  {
                                    "Worker Number": 0,
                                    "Actual Startup Time": 5788.739,
                                    "Actual Total Time": 5841.19,
                                    "Actual Rows": 68162,
                                    "Actual Loops": 1,
                                    "JIT": {
                                      "Functions": 10,
                                      "Options": {
                                        "Inlining": false,
                                        "Optimization": false,
                                        "Expressions": true,
                                        "Deforming": true
                                      },
                                      "Timing": {
                                        "Generation": 2.614,
                                        "Inlining": 0.0,
                                        "Optimization": 0.243,
                                        "Emission": 5.643,
                                        "Total": 8.501
                                      }
                                    },
                                    "Shared Hit Blocks": 1138,
                                    "Shared Read Blocks": 19384,
                                    "Shared Dirtied Blocks": 0,
                                    "Shared Written Blocks": 0,
                                    "Local Hit Blocks": 0,
                                    "Local Read Blocks": 0,
                                    "Local Dirtied Blocks": 0,
                                    "Local Written Blocks": 0,
                                    "Temp Read Blocks": 495,
                                    "Temp Written Blocks": 874
                                  },
                                  {
                                    "Worker Number": 1,
                                    "Actual Startup Time": 49.042,
                                    "Actual Total Time": 49.043,
                                    "Actual Rows": 0,
                                    "Actual Loops": 1,
                                    "JIT": {
                                      "Functions": 10,
                                      "Options": {
                                        "Inlining": false,
                                        "Optimization": false,
                                        "Expressions": true,
                                        "Deforming": true
                                      },
                                      "Timing": {
                                        "Generation": 2.113,
                                        "Inlining": 0.0,
                                        "Optimization": 0.0,
                                        "Emission": 0.0,
                                        "Total": 2.113
                                      }
                                    },
                                    "Shared Hit Blocks": 7,
                                    "Shared Read Blocks": 137,
                                    "Shared Dirtied Blocks": 0,
                                    "Shared Written Blocks": 0,
                                    "Local Hit Blocks": 0,
                                    "Local Read Blocks": 0,
                                    "Local Dirtied Blocks": 0,
                                    "Local Written Blocks": 0,
                                    "Temp Read Blocks": 0,
                                    "Temp Written Blocks": 0
                                  }
                                ],
                                "Plans": [
                                  {
                                    "Node Type": "Sort",
                                    "Parent Relationship": "Outer",
                                    "Parallel Aware": false,
                                    "Async Capable": false,
                                    "Startup Cost": 121754.43,
                                    "Total Cost": 121755.2,
                                    "Plan Rows": 309,
                                    "Plan Width": 14,
                                    "Actual Startup Time": 3591.197,
                                    "Actual Total Time": 3600.756,
                                    "Actual Rows": 86694,
                                    "Actual Loops": 3,
                                    "Output": [
                                      "store_sales.ss_store_sk",
                                      "store_sales.ss_item_sk",
                                      "store_sales.ss_sales_price"
                                    ],
                                    "Sort Key": [
                                      "store_sales.ss_store_sk",
                                      "store_sales.ss_item_sk"
                                    ],
                                    "Sort Method": "external merge",
                                    "Sort Space Used": 6160,
                                    "Sort Space Type": "Disk",
                                    "Shared Hit Blocks": 2717,
                                    "Shared Read Blocks": 36786,
                                    "Shared Dirtied Blocks": 0,
                                    "Shared Written Blocks": 0,
                                    "Local Hit Blocks": 0,
                                    "Local Read Blocks": 0,
                                    "Local Dirtied Blocks": 0,
                                    "Local Written Blocks": 0,
                                    "Temp Read Blocks": 892,
                                    "Temp Written Blocks": 1647,
                                    "Workers": [
                                      {
                                        "Worker Number": 0,
                                        "Actual Startup Time": 5788.668,
                                        "Actual Total Time": 5803.599,
                                        "Actual Rows": 138297,
                                        "Actual Loops": 1,
                                        "Sort Method": "external merge",
                                        "Sort Space Used": 6960,
                                        "Sort Space Type": "Disk",
                                        "Shared Hit Blocks": 1138,
                                        "Shared Read Blocks": 19384,
                                        "Shared Dirtied Blocks": 0,
                                        "Shared Written Blocks": 0,
                                        "Local Hit Blocks": 0,
                                        "Local Read Blocks": 0,
                                        "Local Dirtied Blocks": 0,
                                        "Local Written Blocks": 0,
                                        "Temp Read Blocks": 495,
                                        "Temp Written Blocks": 874
                                      },
                                      {
                                        "Worker Number": 1,
                                        "Actual Startup Time": 49.04,
                                        "Actual Total Time": 49.041,
                                        "Actual Rows": 0,
                                        "Actual Loops": 1,
                                        "Sort Method": "quicksort",
                                        "Sort Space Used": 25,
                                        "Sort Space Type": "Memory",
                                        "Shared Hit Blocks": 7,
                                        "Shared Read Blocks": 137,
                                        "Shared Dirtied Blocks": 0,
                                        "Shared Written Blocks": 0,
                                        "Local Hit Blocks": 0,
                                        "Local Read Blocks": 0,
                                        "Local Dirtied Blocks": 0,
                                        "Local Written Blocks": 0,
                                        "Temp Read Blocks": 0,
                                        "Temp Written Blocks": 0
                                      }
                                    ],
                                    "Plans": [
                                      {
                                        "Node Type": "Nested Loop",
                                        "Parent Relationship": "Outer",
                                        "Parallel Aware": false,
                                        "Async Capable": false,
                                        "Join Type": "Inner",
                                        "Startup Cost": 0.98,
                                        "Total Cost": 121741.65,
                                        "Plan Rows": 309,
                                        "Plan Width": 14,
                                        "Actual Startup Time": 28.862,
                                        "Actual Total Time": 3415.563,
                                        "Actual Rows": 179719,
                                        "Actual Loops": 3,
                                        "Output": [
                                          "store_sales.ss_store_sk",
                                          "store_sales.ss_item_sk",
                                          "store_sales.ss_sales_price"
                                        ],
                                        "Inner Unique": false,
                                        "Shared Hit Blocks": 2704,
                                        "Shared Read Blocks": 36785,
                                        "Shared Dirtied Blocks": 0,
                                        "Shared Written Blocks": 0,
                                        "Local Hit Blocks": 0,
                                        "Local Read Blocks": 0,
                                        "Local Dirtied Blocks": 0,
                                        "Local Written Blocks": 0,
                                        "Temp Read Blocks": 0,
                                        "Temp Written Blocks": 0,
                                        "Workers": [
                                          {
                                            "Worker Number": 0,
                                            "Actual Startup Time": 8.699,
                                            "Actual Total Time": 5504.409,
                                            "Actual Rows": 286137,
                                            "Actual Loops": 1,
                                            "Shared Hit Blocks": 1132,
                                            "Shared Read Blocks": 19383,
                                            "Shared Dirtied Blocks": 0,
                                            "Shared Written Blocks": 0,
                                            "Local Hit Blocks": 0,
                                            "Local Read Blocks": 0,
                                            "Local Dirtied Blocks": 0,
                                            "Local Written Blocks": 0,
                                            "Temp Read Blocks": 0,
                                            "Temp Written Blocks": 0
                                          },
                                          {
                                            "Worker Number": 1,
                                            "Actual Startup Time": 48.888,
                                            "Actual Total Time": 48.889,
                                            "Actual Rows": 0,
                                            "Actual Loops": 1,
                                            "Shared Hit Blocks": 0,
                                            "Shared Read Blocks": 137,
                                            "Shared Dirtied Blocks": 0,
                                            "Shared Written Blocks": 0,
                                            "Local Hit Blocks": 0,
                                            "Local Read Blocks": 0,
                                            "Local Dirtied Blocks": 0,
                                            "Local Written Blocks": 0,
                                            "Temp Read Blocks": 0,
                                            "Temp Written Blocks": 0
                                          }
                                        ],
                                        "Plans": [
                                          {
                                            "Node Type": "Index Only Scan",
                                            "Parent Relationship": "Outer",
                                            "Parallel Aware": true,
                                            "Async Capable": false,
                                            "Scan Direction": "Forward",
                                            "Index Name": "_dta_index_date_dim_6_661577395__k7_k4_k9_k1",
                                            "Relation Name": "date_dim",
                                            "Schema": "public",
                                            "Alias": "date_dim",
                                            "Startup Cost": 0.42,
                                            "Total Cost": 1879.55,
                                            "Plan Rows": 164,
                                            "Plan Width": 4,
                                            "Actual Startup Time": 25.704,
                                            "Actual Total Time": 25.847,
                                            "Actual Rows": 122,
                                            "Actual Loops": 3,
                                            "Output": [
                                              "date_dim.d_year",
                                              "date_dim.d_month_seq",
                                              "date_dim.d_moy",
                                              "date_dim.d_date_sk"
                                            ],
                                            "Index Cond": "((date_dim.d_month_seq >= 1213) AND (date_dim.d_month_seq <= 1224))",
                                            "Rows Removed by Index Recheck": 0,
                                            "Heap Fetches": 0,
                                            "Shared Hit Blocks": 2,
                                            "Shared Read Blocks": 282,
                                            "Shared Dirtied Blocks": 0,
                                            "Shared Written Blocks": 0,
                                            "Local Hit Blocks": 0,
                                            "Local Read Blocks": 0,
                                            "Local Dirtied Blocks": 0,
                                            "Local Written Blocks": 0,
                                            "Temp Read Blocks": 0,
                                            "Temp Written Blocks": 0,
                                            "Workers": [
                                              {
                                                "Worker Number": 0,
                                                "Actual Startup Time": 0.825,
                                                "Actual Total Time": 1.082,
                                                "Actual Rows": 223,
                                                "Actual Loops": 1,
                                                "Shared Hit Blocks": 1,
                                                "Shared Read Blocks": 1,
                                                "Shared Dirtied Blocks": 0,
                                                "Shared Written Blocks": 0,
                                                "Local Hit Blocks": 0,
                                                "Local Read Blocks": 0,
                                                "Local Dirtied Blocks": 0,
                                                "Local Written Blocks": 0,
                                                "Temp Read Blocks": 0,
                                                "Temp Written Blocks": 0
                                              },
                                              {
                                                "Worker Number": 1,
                                                "Actual Startup Time": 48.887,
                                                "Actual Total Time": 48.888,
                                                "Actual Rows": 0,
                                                "Actual Loops": 1,
                                                "Shared Hit Blocks": 0,
                                                "Shared Read Blocks": 137,
                                                "Shared Dirtied Blocks": 0,
                                                "Shared Written Blocks": 0,
                                                "Local Hit Blocks": 0,
                                                "Local Read Blocks": 0,
                                                "Local Dirtied Blocks": 0,
                                                "Local Written Blocks": 0,
                                                "Temp Read Blocks": 0,
                                                "Temp Written Blocks": 0
                                              }
                                            ]
                                          },
                                          {
                                            "Node Type": "Index Only Scan",
                                            "Parent Relationship": "Inner",
                                            "Parallel Aware": false,
                                            "Async Capable": false,
                                            "Scan Direction": "Forward",
                                            "Index Name": "_dta_index_store_sales_6_1333579789__k1_k5_k8_k3_11_13_14_20",
                                            "Relation Name": "store_sales",
                                            "Schema": "public",
                                            "Alias": "store_sales",
                                            "Startup Cost": 0.56,
                                            "Total Cost": 730.2,
                                            "Plan Rows": 67,
                                            "Plan Width": 18,
                                            "Actual Startup Time": 0.182,
                                            "Actual Total Time": 27.679,
                                            "Actual Rows": 1477,
                                            "Actual Loops": 365,
                                            "Output": [
                                              "store_sales.ss_sold_date_sk",
                                              "store_sales.ss_cdemo_sk",
                                              "store_sales.ss_store_sk",
                                              "store_sales.ss_item_sk",
                                              "store_sales.ss_quantity",
                                              "store_sales.ss_list_price",
                                              "store_sales.ss_sales_price",
                                              "store_sales.ss_coupon_amt"
                                            ],
                                            "Index Cond": "(store_sales.ss_sold_date_sk = date_dim.d_date_sk)",
                                            "Rows Removed by Index Recheck": 0,
                                            "Filter": "(((store_sales.ss_sales_price / store_sales.ss_list_price) >= 0.38) AND ((store_sales.ss_sales_price / store_sales.ss_list_price) <= 0.48))",
                                            "Rows Removed by Filter": 12258,
                                            "Heap Fetches": 0,
                                            "Shared Hit Blocks": 2702,
                                            "Shared Read Blocks": 36503,
                                            "Shared Dirtied Blocks": 0,
                                            "Shared Written Blocks": 0,
                                            "Local Hit Blocks": 0,
                                            "Local Read Blocks": 0,
                                            "Local Dirtied Blocks": 0,
                                            "Local Written Blocks": 0,
                                            "Temp Read Blocks": 0,
                                            "Temp Written Blocks": 0,
                                            "Workers": [
                                              {
                                                "Worker Number": 0,
                                                "Actual Startup Time": 0.156,
                                                "Actual Total Time": 24.512,
                                                "Actual Rows": 1283,
                                                "Actual Loops": 223,
                                                "Shared Hit Blocks": 1131,
                                                "Shared Read Blocks": 19382,
                                                "Shared Dirtied Blocks": 0,
                                                "Shared Written Blocks": 0,
                                                "Local Hit Blocks": 0,
                                                "Local Read Blocks": 0,
                                                "Local Dirtied Blocks": 0,
                                                "Local Written Blocks": 0,
                                                "Temp Read Blocks": 0,
                                                "Temp Written Blocks": 0
                                              }
                                            ]
                                          }
                                        ]
                                      }
                                    ]
                                  }
                                ]
                              }
                            ]
                          }
                        ]
                      },
                      {
                        "Node Type": "Materialize",
                        "Parent Relationship": "Inner",
                        "Parallel Aware": false,
                        "Async Capable": false,
                        "Startup Cost": 122761.17,
                        "Total Cost": 122869.32,
                        "Plan Rows": 16,
                        "Plan Width": 44,
                        "Actual Startup Time": 3331.323,
                        "Actual Total Time": 3496.904,
                        "Actual Rows": 13414,
                        "Actual Loops": 1,
                        "Output": [
                          "store.s_store_name",
                          "store.s_store_sk",
                          "store_sales_1.ss_store_sk",
                          "(avg((sum(store_sales_1.ss_sales_price))))"
                        ],
                        "Shared Hit Blocks": 2726,
                        "Shared Read Blocks": 36782,
                        "Shared Dirtied Blocks": 0,
                        "Shared Written Blocks": 0,
                        "Local Hit Blocks": 0,
                        "Local Read Blocks": 0,
                        "Local Dirtied Blocks": 0,
                        "Local Written Blocks": 0,
                        "Temp Read Blocks": 1363,
                        "Temp Written Blocks": 1647,
                        "Plans": [
                          {
                            "Node Type": "Merge Join",
                            "Parent Relationship": "Outer",
                            "Parallel Aware": false,
                            "Async Capable": false,
                            "Join Type": "Inner",
                            "Startup Cost": 122761.17,
                            "Total Cost": 122869.28,
                            "Plan Rows": 16,
                            "Plan Width": 44,
                            "Actual Startup Time": 3331.317,
                            "Actual Total Time": 3495.659,
                            "Actual Rows": 4,
                            "Actual Loops": 1,
                            "Output": [
                              "store.s_store_name",
                              "store.s_store_sk",
                              "store_sales_1.ss_store_sk",
                              "(avg((sum(store_sales_1.ss_sales_price))))"
                            ],
                            "Inner Unique": true,
                            "Merge Cond": "(store.s_store_sk = store_sales_1.ss_store_sk)",
                            "Shared Hit Blocks": 2726,
                            "Shared Read Blocks": 36782,
                            "Shared Dirtied Blocks": 0,
                            "Shared Written Blocks": 0,
                            "Local Hit Blocks": 0,
                            "Local Read Blocks": 0,
                            "Local Dirtied Blocks": 0,
                            "Local Written Blocks": 0,
                            "Temp Read Blocks": 1363,
                            "Temp Written Blocks": 1647,
                            "Plans": [
                              {
                                "Node Type": "Sort",
                                "Parent Relationship": "Outer",
                                "Parallel Aware": false,
                                "Async Capable": false,
                                "Startup Cost": 6.72,
                                "Total Cost": 6.76,
                                "Plan Rows": 16,
                                "Plan Width": 8,
                                "Actual Startup Time": 0.855,
                                "Actual Total Time": 0.864,
                                "Actual Rows": 16,
                                "Actual Loops": 1,
                                "Output": [
                                  "store.s_store_name",
                                  "store.s_store_sk"
                                ],
                                "Sort Key": [
                                  "store.s_store_sk"
                                ],
                                "Sort Method": "quicksort",
                                "Sort Space Used": 25,
                                "Sort Space Type": "Memory",
                                "Shared Hit Blocks": 0,
                                "Shared Read Blocks": 5,
                                "Shared Dirtied Blocks": 0,
                                "Shared Written Blocks": 0,
                                "Local Hit Blocks": 0,
                                "Local Read Blocks": 0,
                                "Local Dirtied Blocks": 0,
                                "Local Written Blocks": 0,
                                "Temp Read Blocks": 0,
                                "Temp Written Blocks": 0,
                                "Plans": [
                                  {
                                    "Node Type": "Seq Scan",
                                    "Parent Relationship": "Outer",
                                    "Parallel Aware": false,
                                    "Async Capable": false,
                                    "Relation Name": "store",
                                    "Schema": "public",
                                    "Alias": "store",
                                    "Startup Cost": 0.0,
                                    "Total Cost": 6.4,
                                    "Plan Rows": 16,
                                    "Plan Width": 8,
                                    "Actual Startup Time": 0.183,
                                    "Actual Total Time": 0.754,
                                    "Actual Rows": 16,
                                    "Actual Loops": 1,
                                    "Output": [
                                      "store.s_store_name",
                                      "store.s_store_sk"
                                    ],
                                    "Filter": "(store.s_state = ANY ('{TN,TX,VA}'::bpchar[]))",
                                    "Rows Removed by Filter": 86,
                                    "Shared Hit Blocks": 0,
                                    "Shared Read Blocks": 5,
                                    "Shared Dirtied Blocks": 0,
                                    "Shared Written Blocks": 0,
                                    "Local Hit Blocks": 0,
                                    "Local Read Blocks": 0,
                                    "Local Dirtied Blocks": 0,
                                    "Local Written Blocks": 0,
                                    "Temp Read Blocks": 0,
                                    "Temp Written Blocks": 0
                                  }
                                ]
                              },
                              {
                                "Node Type": "Aggregate",
                                "Strategy": "Sorted",
                                "Partial Mode": "Simple",
                                "Parent Relationship": "Inner",
                                "Parallel Aware": false,
                                "Async Capable": false,
                                "Startup Cost": 122754.45,
                                "Total Cost": 122861.82,
                                "Plan Rows": 200,
                                "Plan Width": 36,
                                "Actual Startup Time": 3330.437,
                                "Actual Total Time": 3494.734,
                                "Actual Rows": 27,
                                "Actual Loops": 1,
                                "Output": [
                                  "store_sales_1.ss_store_sk",
                                  "avg((sum(store_sales_1.ss_sales_price)))"
                                ],
                                "Group Key": [
                                  "store_sales_1.ss_store_sk"
                                ],
                                "Shared Hit Blocks": 2726,
                                "Shared Read Blocks": 36777,
                                "Shared Dirtied Blocks": 0,
                                "Shared Written Blocks": 0,
                                "Local Hit Blocks": 0,
                                "Local Read Blocks": 0,
                                "Local Dirtied Blocks": 0,
                                "Local Written Blocks": 0,
                                "Temp Read Blocks": 1363,
                                "Temp Written Blocks": 1647,
                                "Plans": [
                                  {
                                    "Node Type": "Aggregate",
                                    "Strategy": "Sorted",
                                    "Partial Mode": "Finalize",
                                    "Parent Relationship": "Outer",
                                    "Parallel Aware": false,
                                    "Async Capable": false,
                                    "Startup Cost": 122754.45,
                                    "Total Cost": 122848.19,
                                    "Plan Rows": 742,
                                    "Plan Width": 40,
                                    "Actual Startup Time": 3322.731,
                                    "Actual Total Time": 3486.363,
                                    "Actual Rows": 132510,
                                    "Actual Loops": 1,
                                    "Output": [
                                      "store_sales_1.ss_store_sk",
                                      "store_sales_1.ss_item_sk",
                                      "sum(store_sales_1.ss_sales_price)"
                                    ],
                                    "Group Key": [
                                      "store_sales_1.ss_store_sk",
                                      "store_sales_1.ss_item_sk"
                                    ],
                                    "Shared Hit Blocks": 2726,
                                    "Shared Read Blocks": 36777,
                                    "Shared Dirtied Blocks": 0,
                                    "Shared Written Blocks": 0,
                                    "Local Hit Blocks": 0,
                                    "Local Read Blocks": 0,
                                    "Local Dirtied Blocks": 0,
                                    "Local Written Blocks": 0,
                                    "Temp Read Blocks": 1363,
                                    "Temp Written Blocks": 1647,
                                    "Plans": [
                                      {
                                        "Node Type": "Gather Merge",
                                        "Parent Relationship": "Outer",
                                        "Parallel Aware": false,
                                        "Async Capable": false,
                                        "Startup Cost": 122754.45,
                                        "Total Cost": 122832.74,
                                        "Plan Rows": 618,
                                        "Plan Width": 40,
                                        "Actual Startup Time": 3322.7,
                                        "Actual Total Time": 3428.277,
                                        "Actual Rows": 137379,
                                        "Actual Loops": 1,
                                        "Output": [
                                          "store_sales_1.ss_store_sk",
                                          "store_sales_1.ss_item_sk",
                                          "(PARTIAL sum(store_sales_1.ss_sales_price))"
                                        ],
                                        "Workers Planned": 2,
                                        "Workers Launched": 2,
                                        "Shared Hit Blocks": 2726,
                                        "Shared Read Blocks": 36777,
                                        "Shared Dirtied Blocks": 0,
                                        "Shared Written Blocks": 0,
                                        "Local Hit Blocks": 0,
                                        "Local Read Blocks": 0,
                                        "Local Dirtied Blocks": 0,
                                        "Local Written Blocks": 0,
                                        "Temp Read Blocks": 1363,
                                        "Temp Written Blocks": 1647,
                                        "Plans": [
                                          {
                                            "Node Type": "Aggregate",
                                            "Strategy": "Sorted",
                                            "Partial Mode": "Partial",
                                            "Parent Relationship": "Outer",
                                            "Parallel Aware": false,
                                            "Async Capable": false,
                                            "Startup Cost": 121754.43,
                                            "Total Cost": 121761.38,
                                            "Plan Rows": 309,
                                            "Plan Width": 40,
                                            "Actual Startup Time": 2059.96,
                                            "Actual Total Time": 2108.376,
                                            "Actual Rows": 45988,
                                            "Actual Loops": 3,
                                            "Output": [
                                              "store_sales_1.ss_store_sk",
                                              "store_sales_1.ss_item_sk",
                                              "PARTIAL sum(store_sales_1.ss_sales_price)"
                                            ],
                                            "Group Key": [
                                              "store_sales_1.ss_store_sk",
                                              "store_sales_1.ss_item_sk"
                                            ],
                                            "Shared Hit Blocks": 2726,
                                            "Shared Read Blocks": 36777,
                                            "Shared Dirtied Blocks": 0,
                                            "Shared Written Blocks": 0,
                                            "Local Hit Blocks": 0,
                                            "Local Read Blocks": 0,
                                            "Local Dirtied Blocks": 0,
                                            "Local Written Blocks": 0,
                                            "Temp Read Blocks": 1363,
                                            "Temp Written Blocks": 1647,
                                            "Workers": [
                                              {
                                                "Worker Number": 0,
                                                "Actual Startup Time": 3267.365,
                                                "Actual Total Time": 3350.609,
                                                "Actual Rows": 73558,
                                                "Actual Loops": 1,
                                                "JIT": {
                                                  "Functions": 10,
                                                  "Options": {
                                                    "Inlining": false,
                                                    "Optimization": false,
                                                    "Expressions": true,
                                                    "Deforming": true
                                                  },
                                                  "Timing": {
                                                    "Generation": 2.944,
                                                    "Inlining": 0.0,
                                                    "Optimization": 0.347,
                                                    "Emission": 4.767,
                                                    "Total": 8.057
                                                  }
                                                },
                                                "Shared Hit Blocks": 1143,
                                                "Shared Read Blocks": 19379,
                                                "Shared Dirtied Blocks": 0,
                                                "Shared Written Blocks": 0,
                                                "Local Hit Blocks": 0,
                                                "Local Read Blocks": 0,
                                                "Local Dirtied Blocks": 0,
                                                "Local Written Blocks": 0,
                                                "Temp Read Blocks": 776,
                                                "Temp Written Blocks": 874
                                              },
                                              {
                                                "Worker Number": 1,
                                                "Actual Startup Time": 20.498,
                                                "Actual Total Time": 20.5,
                                                "Actual Rows": 0,
                                                "Actual Loops": 1,
                                                "JIT": {
                                                  "Functions": 10,
                                                  "Options": {
                                                    "Inlining": false,
                                                    "Optimization": false,
                                                    "Expressions": true,
                                                    "Deforming": true
                                                  },
                                                  "Timing": {
                                                    "Generation": 3.032,
                                                    "Inlining": 0.0,
                                                    "Optimization": 0.0,
                                                    "Emission": 0.0,
                                                    "Total": 3.032
                                                  }
                                                },
                                                "Shared Hit Blocks": 7,
                                                "Shared Read Blocks": 137,
                                                "Shared Dirtied Blocks": 0,
                                                "Shared Written Blocks": 0,
                                                "Local Hit Blocks": 0,
                                                "Local Read Blocks": 0,
                                                "Local Dirtied Blocks": 0,
                                                "Local Written Blocks": 0,
                                                "Temp Read Blocks": 0,
                                                "Temp Written Blocks": 0
                                              }
                                            ],
                                            "Plans": [
                                              {
                                                "Node Type": "Sort",
                                                "Parent Relationship": "Outer",
                                                "Parallel Aware": false,
                                                "Async Capable": false,
                                                "Startup Cost": 121754.43,
                                                "Total Cost": 121755.2,
                                                "Plan Rows": 309,
                                                "Plan Width": 14,
                                                "Actual Startup Time": 2059.928,
                                                "Actual Total Time": 2084.492,
                                                "Actual Rows": 93694,
                                                "Actual Loops": 3,
                                                "Output": [
                                                  "store_sales_1.ss_store_sk",
                                                  "store_sales_1.ss_item_sk",
                                                  "store_sales_1.ss_sales_price"
                                                ],
                                                "Sort Key": [
                                                  "store_sales_1.ss_store_sk",
                                                  "store_sales_1.ss_item_sk"
                                                ],
                                                "Sort Method": "external merge",
                                                "Sort Space Used": 6160,
                                                "Sort Space Type": "Disk",
                                                "Shared Hit Blocks": 2726,
                                                "Shared Read Blocks": 36777,
                                                "Shared Dirtied Blocks": 0,
                                                "Shared Written Blocks": 0,
                                                "Local Hit Blocks": 0,
                                                "Local Read Blocks": 0,
                                                "Local Dirtied Blocks": 0,
                                                "Local Written Blocks": 0,
                                                "Temp Read Blocks": 1363,
                                                "Temp Written Blocks": 1647,
                                                "Workers": [
                                                  {
                                                    "Worker Number": 0,
                                                    "Actual Startup Time": 3267.32,
                                                    "Actual Total Time": 3311.0,
                                                    "Actual Rows": 149477,
                                                    "Actual Loops": 1,
                                                    "Sort Method": "external merge",
                                                    "Sort Space Used": 6960,
                                                    "Sort Space Type": "Disk",
                                                    "Shared Hit Blocks": 1143,
                                                    "Shared Read Blocks": 19379,
                                                    "Shared Dirtied Blocks": 0,
                                                    "Shared Written Blocks": 0,
                                                    "Local Hit Blocks": 0,
                                                    "Local Read Blocks": 0,
                                                    "Local Dirtied Blocks": 0,
                                                    "Local Written Blocks": 0,
                                                    "Temp Read Blocks": 776,
                                                    "Temp Written Blocks": 874
                                                  },
                                                  {
                                                    "Worker Number": 1,
                                                    "Actual Startup Time": 20.496,
                                                    "Actual Total Time": 20.497,
                                                    "Actual Rows": 0,
                                                    "Actual Loops": 1,
                                                    "Sort Method": "quicksort",
                                                    "Sort Space Used": 25,
                                                    "Sort Space Type": "Memory",
                                                    "Shared Hit Blocks": 7,
                                                    "Shared Read Blocks": 137,
                                                    "Shared Dirtied Blocks": 0,
                                                    "Shared Written Blocks": 0,
                                                    "Local Hit Blocks": 0,
                                                    "Local Read Blocks": 0,
                                                    "Local Dirtied Blocks": 0,
                                                    "Local Written Blocks": 0,
                                                    "Temp Read Blocks": 0,
                                                    "Temp Written Blocks": 0
                                                  }
                                                ],
                                                "Plans": [
                                                  {
                                                    "Node Type": "Nested Loop",
                                                    "Parent Relationship": "Outer",
                                                    "Parallel Aware": false,
                                                    "Async Capable": false,
                                                    "Join Type": "Inner",
                                                    "Startup Cost": 0.98,
                                                    "Total Cost": 121741.65,
                                                    "Plan Rows": 309,
                                                    "Plan Width": 14,
                                                    "Actual Startup Time": 15.485,
                                                    "Actual Total Time": 1890.847,
                                                    "Actual Rows": 179719,
                                                    "Actual Loops": 3,
                                                    "Output": [
                                                      "store_sales_1.ss_store_sk",
                                                      "store_sales_1.ss_item_sk",
                                                      "store_sales_1.ss_sales_price"
                                                    ],
                                                    "Inner Unique": false,
                                                    "Shared Hit Blocks": 2713,
                                                    "Shared Read Blocks": 36776,
                                                    "Shared Dirtied Blocks": 0,
                                                    "Shared Written Blocks": 0,
                                                    "Local Hit Blocks": 0,
                                                    "Local Read Blocks": 0,
                                                    "Local Dirtied Blocks": 0,
                                                    "Local Written Blocks": 0,
                                                    "Temp Read Blocks": 0,
                                                    "Temp Written Blocks": 0,
                                                    "Workers": [
                                                      {
                                                        "Worker Number": 0,
                                                        "Actual Startup Time": 6.727,
                                                        "Actual Total Time": 2988.863,
                                                        "Actual Rows": 286137,
                                                        "Actual Loops": 1,
                                                        "Shared Hit Blocks": 1137,
                                                        "Shared Read Blocks": 19378,
                                                        "Shared Dirtied Blocks": 0,
                                                        "Shared Written Blocks": 0,
                                                        "Local Hit Blocks": 0,
                                                        "Local Read Blocks": 0,
                                                        "Local Dirtied Blocks": 0,
                                                        "Local Written Blocks": 0,
                                                        "Temp Read Blocks": 0,
                                                        "Temp Written Blocks": 0
                                                      },
                                                      {
                                                        "Worker Number": 1,
                                                        "Actual Startup Time": 20.028,
                                                        "Actual Total Time": 20.029,
                                                        "Actual Rows": 0,
                                                        "Actual Loops": 1,
                                                        "Shared Hit Blocks": 0,
                                                        "Shared Read Blocks": 137,
                                                        "Shared Dirtied Blocks": 0,
                                                        "Shared Written Blocks": 0,
                                                        "Local Hit Blocks": 0,
                                                        "Local Read Blocks": 0,
                                                        "Local Dirtied Blocks": 0,
                                                        "Local Written Blocks": 0,
                                                        "Temp Read Blocks": 0,
                                                        "Temp Written Blocks": 0
                                                      }
                                                    ],
                                                    "Plans": [
                                                      {
                                                        "Node Type": "Index Only Scan",
                                                        "Parent Relationship": "Outer",
                                                        "Parallel Aware": true,
                                                        "Async Capable": false,
                                                        "Scan Direction": "Forward",
                                                        "Index Name": "_dta_index_date_dim_6_661577395__k7_k4_k9_k1",
                                                        "Relation Name": "date_dim",
                                                        "Schema": "public",
                                                        "Alias": "date_dim_1",
                                                        "Startup Cost": 0.42,
                                                        "Total Cost": 1879.55,
                                                        "Plan Rows": 164,
                                                        "Plan Width": 4,
                                                        "Actual Startup Time": 13.17,
                                                        "Actual Total Time": 13.307,
                                                        "Actual Rows": 122,
                                                        "Actual Loops": 3,
                                                        "Output": [
                                                          "date_dim_1.d_year",
                                                          "date_dim_1.d_month_seq",
                                                          "date_dim_1.d_moy",
                                                          "date_dim_1.d_date_sk"
                                                        ],
                                                        "Index Cond": "((date_dim_1.d_month_seq >= 1213) AND (date_dim_1.d_month_seq <= 1224))",
                                                        "Rows Removed by Index Recheck": 0,
                                                        "Heap Fetches": 0,
                                                        "Shared Hit Blocks": 4,
                                                        "Shared Read Blocks": 280,
                                                        "Shared Dirtied Blocks": 0,
                                                        "Shared Written Blocks": 0,
                                                        "Local Hit Blocks": 0,
                                                        "Local Read Blocks": 0,
                                                        "Local Dirtied Blocks": 0,
                                                        "Local Written Blocks": 0,
                                                        "Temp Read Blocks": 0,
                                                        "Temp Written Blocks": 0,
                                                        "Workers": [
                                                          {
                                                            "Worker Number": 0,
                                                            "Actual Startup Time": 0.404,
                                                            "Actual Total Time": 0.636,
                                                            "Actual Rows": 223,
                                                            "Actual Loops": 1,
                                                            "Shared Hit Blocks": 2,
                                                            "Shared Read Blocks": 0,
                                                            "Shared Dirtied Blocks": 0,
                                                            "Shared Written Blocks": 0,
                                                            "Local Hit Blocks": 0,
                                                            "Local Read Blocks": 0,
                                                            "Local Dirtied Blocks": 0,
                                                            "Local Written Blocks": 0,
                                                            "Temp Read Blocks": 0,
                                                            "Temp Written Blocks": 0
                                                          },
                                                          {
                                                            "Worker Number": 1,
                                                            "Actual Startup Time": 20.027,
                                                            "Actual Total Time": 20.027,
                                                            "Actual Rows": 0,
                                                            "Actual Loops": 1,
                                                            "Shared Hit Blocks": 0,
                                                            "Shared Read Blocks": 137,
                                                            "Shared Dirtied Blocks": 0,
                                                            "Shared Written Blocks": 0,
                                                            "Local Hit Blocks": 0,
                                                            "Local Read Blocks": 0,
                                                            "Local Dirtied Blocks": 0,
                                                            "Local Written Blocks": 0,
                                                            "Temp Read Blocks": 0,
                                                            "Temp Written Blocks": 0
                                                          }
                                                        ]
                                                      },
                                                      {
                                                        "Node Type": "Index Only Scan",
                                                        "Parent Relationship": "Inner",
                                                        "Parallel Aware": false,
                                                        "Async Capable": false,
                                                        "Scan Direction": "Forward",
                                                        "Index Name": "_dta_index_store_sales_6_1333579789__k1_k5_k8_k3_11_13_14_20",
                                                        "Relation Name": "store_sales",
                                                        "Schema": "public",
                                                        "Alias": "store_sales_1",
                                                        "Startup Cost": 0.56,
                                                        "Total Cost": 730.2,
                                                        "Plan Rows": 67,
                                                        "Plan Width": 18,
                                                        "Actual Startup Time": 0.075,
                                                        "Actual Total Time": 15.258,
                                                        "Actual Rows": 1477,
                                                        "Actual Loops": 365,
                                                        "Output": [
                                                          "store_sales_1.ss_sold_date_sk",
                                                          "store_sales_1.ss_cdemo_sk",
                                                          "store_sales_1.ss_store_sk",
                                                          "store_sales_1.ss_item_sk",
                                                          "store_sales_1.ss_quantity",
                                                          "store_sales_1.ss_list_price",
                                                          "store_sales_1.ss_sales_price",
                                                          "store_sales_1.ss_coupon_amt"
                                                        ],
                                                        "Index Cond": "(store_sales_1.ss_sold_date_sk = date_dim_1.d_date_sk)",
                                                        "Rows Removed by Index Recheck": 0,
                                                        "Filter": "(((store_sales_1.ss_sales_price / store_sales_1.ss_list_price) >= 0.38) AND ((store_sales_1.ss_sales_price / store_sales_1.ss_list_price) <= 0.48))",
                                                        "Rows Removed by Filter": 12258,
                                                        "Heap Fetches": 0,
                                                        "Shared Hit Blocks": 2709,
                                                        "Shared Read Blocks": 36496,
                                                        "Shared Dirtied Blocks": 0,
                                                        "Shared Written Blocks": 0,
                                                        "Local Hit Blocks": 0,
                                                        "Local Read Blocks": 0,
                                                        "Local Dirtied Blocks": 0,
                                                        "Local Written Blocks": 0,
                                                        "Temp Read Blocks": 0,
                                                        "Temp Written Blocks": 0,
                                                        "Workers": [
                                                          {
                                                            "Worker Number": 0,
                                                            "Actual Startup Time": 0.069,
                                                            "Actual Total Time": 13.234,
                                                            "Actual Rows": 1283,
                                                            "Actual Loops": 223,
                                                            "Shared Hit Blocks": 1135,
                                                            "Shared Read Blocks": 19378,
                                                            "Shared Dirtied Blocks": 0,
                                                            "Shared Written Blocks": 0,
                                                            "Local Hit Blocks": 0,
                                                            "Local Read Blocks": 0,
                                                            "Local Dirtied Blocks": 0,
                                                            "Local Written Blocks": 0,
                                                            "Temp Read Blocks": 0,
                                                            "Temp Written Blocks": 0
                                                          }
                                                        ]
                                                      }
                                                    ]
                                                  }
                                                ]
                                              }
                                            ]
                                          }
                                        ]
                                      }
                                    ]
                                  }
                                ]
                              }
                            ]
                          }
                        ]
                      }
                    ]
                  },
                  {
                    "Node Type": "Index Scan",
                    "Parent Relationship": "Inner",
                    "Parallel Aware": false,
                    "Async Capable": false,
                    "Scan Direction": "Forward",
                    "Index Name": "item_pkey",
                    "Relation Name": "item",
                    "Schema": "public",
                    "Alias": "item",
                    "Startup Cost": 0.29,
                    "Total Cost": 5.63,
                    "Plan Rows": 1,
                    "Plan Width": 169,
                    "Actual Startup Time": 0.098,
                    "Actual Total Time": 0.098,
                    "Actual Rows": 0,
                    "Actual Loops": 2713,
                    "Output": [
                      "item.i_item_sk",
                      "item.i_item_id",
                      "item.i_rec_start_date",
                      "item.i_rec_end_date",
                      "item.i_item_desc",
                      "item.i_current_price",
                      "item.i_wholesale_cost",
                      "item.i_brand_id",
                      "item.i_brand",
                      "item.i_class_id",
                      "item.i_class",
                      "item.i_category_id",
                      "item.i_category",
                      "item.i_manufact_id",
                      "item.i_manufact",
                      "item.i_size",
                      "item.i_formulation",
                      "item.i_color",
                      "item.i_units",
                      "item.i_container",
                      "item.i_manager_id",
                      "item.i_product_name"
                    ],
                    "Index Cond": "(item.i_item_sk = store_sales.ss_item_sk)",
                    "Rows Removed by Index Recheck": 0,
                    "Filter": "((item.i_manager_id >= 32) AND (item.i_manager_id <= 36))",
                    "Rows Removed by Filter": 1,
                    "Shared Hit Blocks": 5603,
                    "Shared Read Blocks": 2536,
                    "Shared Dirtied Blocks": 0,
                    "Shared Written Blocks": 0,
                    "Local Hit Blocks": 0,
                    "Local Read Blocks": 0,
                    "Local Dirtied Blocks": 0,
                    "Local Written Blocks": 0,
                    "Temp Read Blocks": 0,
                    "Temp Written Blocks": 0
                  }
                ]
              }
            ]
          }
        ]
      },
      "Planning": {
        "Shared Hit Blocks": 13,
        "Shared Read Blocks": 14,
        "Shared Dirtied Blocks": 0,
        "Shared Written Blocks": 0,
        "Local Hit Blocks": 0,
        "Local Read Blocks": 0,
        "Local Dirtied Blocks": 0,
        "Local Written Blocks": 0,
        "Temp Read Blocks": 0,
        "Temp Written Blocks": 0
      },
      "Planning Time": 2.732,
      "Triggers": [],
      "JIT": {
        "Functions": 93,
        "Options": {
          "Inlining": false,
          "Optimization": false,
          "Expressions": true,
          "Deforming": true
        },
        "Timing": {
          "Generation": 12.961,
          "Inlining": 0.0,
          "Optimization": 2.107,
          "Emission": 31.562,
          "Total": 46.63
        }
      },
      "Execution Time": 9790.737
    }
  ],
  "original_sql": "select \n\ts_store_name,\n\ti_item_desc,\n\tsc.revenue,\n\ti_current_price,\n\ti_wholesale_cost,\n\ti_brand\n from store, item,\n     (select ss_store_sk, avg(revenue) as ave\n \tfrom\n \t    (select  ss_store_sk, ss_item_sk,\n \t\t     sum(ss_sales_price) as revenue\n \t\tfrom store_sales, date_dim\n \t\twhere ss_sold_date_sk = d_date_sk and d_month_seq between 1213 and 1213+11\n    and ss_sales_price / ss_list_price BETWEEN 38 * 0.01 AND 48 * 0.01\n \t\tgroup by ss_store_sk, ss_item_sk) sa\n \tgroup by ss_store_sk) sb,\n     (select  ss_store_sk, ss_item_sk, sum(ss_sales_price) as revenue\n \tfrom store_sales, date_dim\n \twhere ss_sold_date_sk = d_date_sk and d_month_seq between 1213 and 1213+11\n  and ss_sales_price / ss_list_price BETWEEN 38 * 0.01 AND 48 * 0.01\n \tgroup by ss_store_sk, ss_item_sk) sc\n where sb.ss_store_sk = sc.ss_store_sk and\n       sc.revenue <= 0.1 * sb.ave and\n       s_store_sk = sc.ss_store_sk and\n       i_item_sk = sc.ss_item_sk\n       and i_manager_id BETWEEN 32 and 36\n       and s_state in ('TN','TX','VA')\n order by s_store_name, i_item_desc\nlimit 100"
}