{
  "query_id": "query019_agg",
  "engine": "postgresql",
  "benchmark": "dsb",
  "scale_factor": 10,
  "execution_time_ms": 1866.902,
  "planning_time_ms": 6.61,
  "plan_json": [
    {
      "Plan": {
        "Node Type": "Limit",
        "Parallel Aware": false,
        "Async Capable": false,
        "Startup Cost": 17345.55,
        "Total Cost": 17345.56,
        "Plan Rows": 2,
        "Plan Width": 142,
        "Actual Startup Time": 1866.762,
        "Actual Total Time": 1866.824,
        "Actual Rows": 4,
        "Actual Loops": 1,
        "Output": [
          "item.i_brand_id",
          "item.i_brand",
          "item.i_manufact_id",
          "item.i_manufact",
          "(sum(store_sales.ss_ext_sales_price))"
        ],
        "Shared Hit Blocks": 231433,
        "Shared Read Blocks": 12969,
        "Shared Dirtied Blocks": 0,
        "Shared Written Blocks": 0,
        "Local Hit Blocks": 0,
        "Local Read Blocks": 0,
        "Local Dirtied Blocks": 0,
        "Local Written Blocks": 0,
        "Temp Read Blocks": 0,
        "Temp Written Blocks": 0,
        "Plans": [
          {
            "Node Type": "Sort",
            "Parent Relationship": "Outer",
            "Parallel Aware": false,
            "Async Capable": false,
            "Startup Cost": 17345.55,
            "Total Cost": 17345.56,
            "Plan Rows": 2,
            "Plan Width": 142,
            "Actual Startup Time": 1866.76,
            "Actual Total Time": 1866.821,
            "Actual Rows": 4,
            "Actual Loops": 1,
            "Output": [
              "item.i_brand_id",
              "item.i_brand",
              "item.i_manufact_id",
              "item.i_manufact",
              "(sum(store_sales.ss_ext_sales_price))"
            ],
            "Sort Key": [
              "(sum(store_sales.ss_ext_sales_price)) DESC",
              "item.i_brand",
              "item.i_brand_id",
              "item.i_manufact_id",
              "item.i_manufact"
            ],
            "Sort Method": "quicksort",
            "Sort Space Used": 26,
            "Sort Space Type": "Memory",
            "Shared Hit Blocks": 231433,
            "Shared Read Blocks": 12969,
            "Shared Dirtied Blocks": 0,
            "Shared Written Blocks": 0,
            "Local Hit Blocks": 0,
            "Local Read Blocks": 0,
            "Local Dirtied Blocks": 0,
            "Local Written Blocks": 0,
            "Temp Read Blocks": 0,
            "Temp Written Blocks": 0,
            "Plans": [
              {
                "Node Type": "Aggregate",
                "Strategy": "Sorted",
                "Partial Mode": "Finalize",
                "Parent Relationship": "Outer",
                "Parallel Aware": false,
                "Async Capable": false,
                "Startup Cost": 17345.23,
                "Total Cost": 17345.54,
                "Plan Rows": 2,
                "Plan Width": 142,
                "Actual Startup Time": 1866.736,
                "Actual Total Time": 1866.8,
                "Actual Rows": 4,
                "Actual Loops": 1,
                "Output": [
                  "item.i_brand_id",
                  "item.i_brand",
                  "item.i_manufact_id",
                  "item.i_manufact",
                  "sum(store_sales.ss_ext_sales_price)"
                ],
                "Group Key": [
                  "item.i_brand",
                  "item.i_brand_id",
                  "item.i_manufact_id",
                  "item.i_manufact"
                ],
                "Shared Hit Blocks": 231430,
                "Shared Read Blocks": 12969,
                "Shared Dirtied Blocks": 0,
                "Shared Written Blocks": 0,
                "Local Hit Blocks": 0,
                "Local Read Blocks": 0,
                "Local Dirtied Blocks": 0,
                "Local Written Blocks": 0,
                "Temp Read Blocks": 0,
                "Temp Written Blocks": 0,
                "Plans": [
                  {
                    "Node Type": "Gather Merge",
                    "Parent Relationship": "Outer",
                    "Parallel Aware": false,
                    "Async Capable": false,
                    "Startup Cost": 17345.23,
                    "Total Cost": 17345.49,
                    "Plan Rows": 2,
                    "Plan Width": 142,
                    "Actual Startup Time": 1866.728,
                    "Actual Total Time": 1866.793,
                    "Actual Rows": 4,
                    "Actual Loops": 1,
                    "Output": [
                      "item.i_brand_id",
                      "item.i_brand",
                      "item.i_manufact_id",
                      "item.i_manufact",
                      "(PARTIAL sum(store_sales.ss_ext_sales_price))"
                    ],
                    "Workers Planned": 2,
                    "Workers Launched": 2,
                    "Shared Hit Blocks": 231430,
                    "Shared Read Blocks": 12969,
                    "Shared Dirtied Blocks": 0,
                    "Shared Written Blocks": 0,
                    "Local Hit Blocks": 0,
                    "Local Read Blocks": 0,
                    "Local Dirtied Blocks": 0,
                    "Local Written Blocks": 0,
                    "Temp Read Blocks": 0,
                    "Temp Written Blocks": 0,
                    "Plans": [
                      {
                        "Node Type": "Aggregate",
                        "Strategy": "Sorted",
                        "Partial Mode": "Partial",
                        "Parent Relationship": "Outer",
                        "Parallel Aware": false,
                        "Async Capable": false,
                        "Startup Cost": 16345.2,
                        "Total Cost": 16345.23,
                        "Plan Rows": 1,
                        "Plan Width": 142,
                        "Actual Startup Time": 633.177,
                        "Actual Total Time": 633.181,
                        "Actual Rows": 1,
                        "Actual Loops": 3,
                        "Output": [
                          "item.i_brand_id",
                          "item.i_brand",
                          "item.i_manufact_id",
                          "item.i_manufact",
                          "PARTIAL sum(store_sales.ss_ext_sales_price)"
                        ],
                        "Group Key": [
                          "item.i_brand",
                          "item.i_brand_id",
                          "item.i_manufact_id",
                          "item.i_manufact"
                        ],
                        "Shared Hit Blocks": 231430,
                        "Shared Read Blocks": 12969,
                        "Shared Dirtied Blocks": 0,
                        "Shared Written Blocks": 0,
                        "Local Hit Blocks": 0,
                        "Local Read Blocks": 0,
                        "Local Dirtied Blocks": 0,
                        "Local Written Blocks": 0,
                        "Temp Read Blocks": 0,
                        "Temp Written Blocks": 0,
                        "Workers": [
                          {
                            "Worker Number": 0,
                            "Actual Startup Time": 16.516,
                            "Actual Total Time": 16.519,
                            "Actual Rows": 0,
                            "Actual Loops": 1,
                            "Shared Hit Blocks": 14,
                            "Shared Read Blocks": 129,
                            "Shared Dirtied Blocks": 0,
                            "Shared Written Blocks": 0,
                            "Local Hit Blocks": 0,
                            "Local Read Blocks": 0,
                            "Local Dirtied Blocks": 0,
                            "Local Written Blocks": 0,
                            "Temp Read Blocks": 0,
                            "Temp Written Blocks": 0
                          },
                          {
                            "Worker Number": 1,
                            "Actual Startup Time": 16.546,
                            "Actual Total Time": 16.549,
                            "Actual Rows": 0,
                            "Actual Loops": 1,
                            "Shared Hit Blocks": 11,
                            "Shared Read Blocks": 9,
                            "Shared Dirtied Blocks": 0,
                            "Shared Written Blocks": 0,
                            "Local Hit Blocks": 0,
                            "Local Read Blocks": 0,
                            "Local Dirtied Blocks": 0,
                            "Local Written Blocks": 0,
                            "Temp Read Blocks": 0,
                            "Temp Written Blocks": 0
                          }
                        ],
                        "Plans": [
                          {
                            "Node Type": "Sort",
                            "Parent Relationship": "Outer",
                            "Parallel Aware": false,
                            "Async Capable": false,
                            "Startup Cost": 16345.2,
                            "Total Cost": 16345.21,
                            "Plan Rows": 1,
                            "Plan Width": 116,
                            "Actual Startup Time": 633.172,
                            "Actual Total Time": 633.175,
                            "Actual Rows": 2,
                            "Actual Loops": 3,
                            "Output": [
                              "item.i_brand_id",
                              "item.i_brand",
                              "item.i_manufact_id",
                              "item.i_manufact",
                              "store_sales.ss_ext_sales_price"
                            ],
                            "Sort Key": [
                              "item.i_brand",
                              "item.i_brand_id",
                              "item.i_manufact_id",
                              "item.i_manufact"
                            ],
                            "Sort Method": "quicksort",
                            "Sort Space Used": 25,
                            "Sort Space Type": "Memory",
                            "Shared Hit Blocks": 231430,
                            "Shared Read Blocks": 12969,
                            "Shared Dirtied Blocks": 0,
                            "Shared Written Blocks": 0,
                            "Local Hit Blocks": 0,
                            "Local Read Blocks": 0,
                            "Local Dirtied Blocks": 0,
                            "Local Written Blocks": 0,
                            "Temp Read Blocks": 0,
                            "Temp Written Blocks": 0,
                            "Workers": [
                              {
                                "Worker Number": 0,
                                "Actual Startup Time": 16.514,
                                "Actual Total Time": 16.517,
                                "Actual Rows": 0,
                                "Actual Loops": 1,
                                "Sort Method": "quicksort",
                                "Sort Space Used": 25,
                                "Sort Space Type": "Memory",
                                "Shared Hit Blocks": 14,
                                "Shared Read Blocks": 129,
                                "Shared Dirtied Blocks": 0,
                                "Shared Written Blocks": 0,
                                "Local Hit Blocks": 0,
                                "Local Read Blocks": 0,
                                "Local Dirtied Blocks": 0,
                                "Local Written Blocks": 0,
                                "Temp Read Blocks": 0,
                                "Temp Written Blocks": 0
                              },
                              {
                                "Worker Number": 1,
                                "Actual Startup Time": 16.544,
                                "Actual Total Time": 16.547,
                                "Actual Rows": 0,
                                "Actual Loops": 1,
                                "Sort Method": "quicksort",
                                "Sort Space Used": 25,
                                "Sort Space Type": "Memory",
                                "Shared Hit Blocks": 11,
                                "Shared Read Blocks": 9,
                                "Shared Dirtied Blocks": 0,
                                "Shared Written Blocks": 0,
                                "Local Hit Blocks": 0,
                                "Local Read Blocks": 0,
                                "Local Dirtied Blocks": 0,
                                "Local Written Blocks": 0,
                                "Temp Read Blocks": 0,
                                "Temp Written Blocks": 0
                              }
                            ],
                            "Plans": [
                              {
                                "Node Type": "Nested Loop",
                                "Parent Relationship": "Outer",
                                "Parallel Aware": false,
                                "Async Capable": false,
                                "Join Type": "Inner",
                                "Startup Cost": 9.29,
                                "Total Cost": 16345.19,
                                "Plan Rows": 1,
                                "Plan Width": 116,
                                "Actual Startup Time": 18.629,
                                "Actual Total Time": 632.759,
                                "Actual Rows": 2,
                                "Actual Loops": 3,
                                "Output": [
                                  "item.i_brand_id",
                                  "item.i_brand",
                                  "item.i_manufact_id",
                                  "item.i_manufact",
                                  "store_sales.ss_ext_sales_price"
                                ],
                                "Inner Unique": true,
                                "Join Filter": "(\"substring\"((customer_address.ca_zip)::text, 1, 5) <> \"substring\"((store.s_zip)::text, 1, 5))",
                                "Rows Removed by Join Filter": 0,
                                "Shared Hit Blocks": 231405,
                                "Shared Read Blocks": 12966,
                                "Shared Dirtied Blocks": 0,
                                "Shared Written Blocks": 0,
                                "Local Hit Blocks": 0,
                                "Local Read Blocks": 0,
                                "Local Dirtied Blocks": 0,
                                "Local Written Blocks": 0,
                                "Temp Read Blocks": 0,
                                "Temp Written Blocks": 0,
                                "Workers": [
                                  {
                                    "Worker Number": 0,
                                    "Actual Startup Time": 15.914,
                                    "Actual Total Time": 15.917,
                                    "Actual Rows": 0,
                                    "Actual Loops": 1,
                                    "Shared Hit Blocks": 0,
                                    "Shared Read Blocks": 129,
                                    "Shared Dirtied Blocks": 0,
                                    "Shared Written Blocks": 0,
                                    "Local Hit Blocks": 0,
                                    "Local Read Blocks": 0,
                                    "Local Dirtied Blocks": 0,
                                    "Local Written Blocks": 0,
                                    "Temp Read Blocks": 0,
                                    "Temp Written Blocks": 0
                                  },
                                  {
                                    "Worker Number": 1,
                                    "Actual Startup Time": 15.927,
                                    "Actual Total Time": 15.929,
                                    "Actual Rows": 0,
                                    "Actual Loops": 1,
                                    "Shared Hit Blocks": 0,
                                    "Shared Read Blocks": 6,
                                    "Shared Dirtied Blocks": 0,
                                    "Shared Written Blocks": 0,
                                    "Local Hit Blocks": 0,
                                    "Local Read Blocks": 0,
                                    "Local Dirtied Blocks": 0,
                                    "Local Written Blocks": 0,
                                    "Temp Read Blocks": 0,
                                    "Temp Written Blocks": 0
                                  }
                                ],
                                "Plans": [
                                  {
                                    "Node Type": "Nested Loop",
                                    "Parent Relationship": "Outer",
                                    "Parallel Aware": false,
                                    "Async Capable": false,
                                    "Join Type": "Inner",
                                    "Startup Cost": 8.87,
                                    "Total Cost": 16334.65,
                                    "Plan Rows": 9,
                                    "Plan Width": 131,
                                    "Actual Startup Time": 17.279,
                                    "Actual Total Time": 607.072,
                                    "Actual Rows": 172,
                                    "Actual Loops": 3,
                                    "Output": [
                                      "store_sales.ss_ext_sales_price",
                                      "item.i_brand_id",
                                      "item.i_brand",
                                      "item.i_manufact_id",
                                      "item.i_manufact",
                                      "customer.c_current_addr_sk",
                                      "store.s_zip"
                                    ],
                                    "Inner Unique": true,
                                    "Shared Hit Blocks": 230110,
                                    "Shared Read Blocks": 12197,
                                    "Shared Dirtied Blocks": 0,
                                    "Shared Written Blocks": 0,
                                    "Local Hit Blocks": 0,
                                    "Local Read Blocks": 0,
                                    "Local Dirtied Blocks": 0,
                                    "Local Written Blocks": 0,
                                    "Temp Read Blocks": 0,
                                    "Temp Written Blocks": 0,
                                    "Workers": [
                                      {
                                        "Worker Number": 0,
                                        "Actual Startup Time": 15.914,
                                        "Actual Total Time": 15.916,
                                        "Actual Rows": 0,
                                        "Actual Loops": 1,
                                        "Shared Hit Blocks": 0,
                                        "Shared Read Blocks": 129,
                                        "Shared Dirtied Blocks": 0,
                                        "Shared Written Blocks": 0,
                                        "Local Hit Blocks": 0,
                                        "Local Read Blocks": 0,
                                        "Local Dirtied Blocks": 0,
                                        "Local Written Blocks": 0,
                                        "Temp Read Blocks": 0,
                                        "Temp Written Blocks": 0
                                      },
                                      {
                                        "Worker Number": 1,
                                        "Actual Startup Time": 15.926,
                                        "Actual Total Time": 15.928,
                                        "Actual Rows": 0,
                                        "Actual Loops": 1,
                                        "Shared Hit Blocks": 0,
                                        "Shared Read Blocks": 6,
                                        "Shared Dirtied Blocks": 0,
                                        "Shared Written Blocks": 0,
                                        "Local Hit Blocks": 0,
                                        "Local Read Blocks": 0,
                                        "Local Dirtied Blocks": 0,
                                        "Local Written Blocks": 0,
                                        "Temp Read Blocks": 0,
                                        "Temp Written Blocks": 0
                                      }
                                    ],
                                    "Plans": [
                                      {
                                        "Node Type": "Nested Loop",
                                        "Parent Relationship": "Outer",
                                        "Parallel Aware": false,
                                        "Async Capable": false,
                                        "Join Type": "Inner",
                                        "Startup Cost": 8.44,
                                        "Total Cost": 16266.84,
                                        "Plan Rows": 95,
                                        "Plan Width": 131,
                                        "Actual Startup Time": 16.579,
                                        "Actual Total Time": 285.346,
                                        "Actual Rows": 1744,
                                        "Actual Loops": 3,
                                        "Output": [
                                          "store_sales.ss_ext_sales_price",
                                          "store_sales.ss_customer_sk",
                                          "item.i_brand_id",
                                          "item.i_brand",
                                          "item.i_manufact_id",
                                          "item.i_manufact",
                                          "store.s_zip"
                                        ],
                                        "Inner Unique": true,
                                        "Shared Hit Blocks": 214397,
                                        "Shared Read Blocks": 7058,
                                        "Shared Dirtied Blocks": 0,
                                        "Shared Written Blocks": 0,
                                        "Local Hit Blocks": 0,
                                        "Local Read Blocks": 0,
                                        "Local Dirtied Blocks": 0,
                                        "Local Written Blocks": 0,
                                        "Temp Read Blocks": 0,
                                        "Temp Written Blocks": 0,
                                        "Workers": [
                                          {
                                            "Worker Number": 0,
                                            "Actual Startup Time": 15.913,
                                            "Actual Total Time": 15.915,
                                            "Actual Rows": 0,
                                            "Actual Loops": 1,
                                            "Shared Hit Blocks": 0,
                                            "Shared Read Blocks": 129,
                                            "Shared Dirtied Blocks": 0,
                                            "Shared Written Blocks": 0,
                                            "Local Hit Blocks": 0,
                                            "Local Read Blocks": 0,
                                            "Local Dirtied Blocks": 0,
                                            "Local Written Blocks": 0,
                                            "Temp Read Blocks": 0,
                                            "Temp Written Blocks": 0
                                          },
                                          {
                                            "Worker Number": 1,
                                            "Actual Startup Time": 15.926,
                                            "Actual Total Time": 15.928,
                                            "Actual Rows": 0,
                                            "Actual Loops": 1,
                                            "Shared Hit Blocks": 0,
                                            "Shared Read Blocks": 6,
                                            "Shared Dirtied Blocks": 0,
                                            "Shared Written Blocks": 0,
                                            "Local Hit Blocks": 0,
                                            "Local Read Blocks": 0,
                                            "Local Dirtied Blocks": 0,
                                            "Local Written Blocks": 0,
                                            "Temp Read Blocks": 0,
                                            "Temp Written Blocks": 0
                                          }
                                        ],
                                        "Plans": [
                                          {
                                            "Node Type": "Hash Join",
                                            "Parent Relationship": "Outer",
                                            "Parallel Aware": false,
                                            "Async Capable": false,
                                            "Join Type": "Inner",
                                            "Startup Cost": 8.15,
                                            "Total Cost": 15647.36,
                                            "Plan Rows": 1117,
                                            "Plan Width": 25,
                                            "Actual Startup Time": 16.425,
                                            "Actual Total Time": 156.442,
                                            "Actual Rows": 23627,
                                            "Actual Loops": 3,
                                            "Output": [
                                              "store_sales.ss_ext_sales_price",
                                              "store_sales.ss_item_sk",
                                              "store_sales.ss_customer_sk",
                                              "store.s_zip"
                                            ],
                                            "Inner Unique": true,
                                            "Hash Cond": "(store_sales.ss_store_sk = store.s_store_sk)",
                                            "Shared Hit Blocks": 4575,
                                            "Shared Read Blocks": 4240,
                                            "Shared Dirtied Blocks": 0,
                                            "Shared Written Blocks": 0,
                                            "Local Hit Blocks": 0,
                                            "Local Read Blocks": 0,
                                            "Local Dirtied Blocks": 0,
                                            "Local Written Blocks": 0,
                                            "Temp Read Blocks": 0,
                                            "Temp Written Blocks": 0,
                                            "Workers": [
                                              {
                                                "Worker Number": 0,
                                                "Actual Startup Time": 15.913,
                                                "Actual Total Time": 15.915,
                                                "Actual Rows": 0,
                                                "Actual Loops": 1,
                                                "Shared Hit Blocks": 0,
                                                "Shared Read Blocks": 129,
                                                "Shared Dirtied Blocks": 0,
                                                "Shared Written Blocks": 0,
                                                "Local Hit Blocks": 0,
                                                "Local Read Blocks": 0,
                                                "Local Dirtied Blocks": 0,
                                                "Local Written Blocks": 0,
                                                "Temp Read Blocks": 0,
                                                "Temp Written Blocks": 0
                                              },
                                              {
                                                "Worker Number": 1,
                                                "Actual Startup Time": 15.925,
                                                "Actual Total Time": 15.927,
                                                "Actual Rows": 0,
                                                "Actual Loops": 1,
                                                "Shared Hit Blocks": 0,
                                                "Shared Read Blocks": 6,
                                                "Shared Dirtied Blocks": 0,
                                                "Shared Written Blocks": 0,
                                                "Local Hit Blocks": 0,
                                                "Local Read Blocks": 0,
                                                "Local Dirtied Blocks": 0,
                                                "Local Written Blocks": 0,
                                                "Temp Read Blocks": 0,
                                                "Temp Written Blocks": 0
                                              }
                                            ],
                                            "Plans": [
                                              {
                                                "Node Type": "Nested Loop",
                                                "Parent Relationship": "Outer",
                                                "Parallel Aware": false,
                                                "Async Capable": false,
                                                "Join Type": "Inner",
                                                "Startup Cost": 0.85,
                                                "Total Cost": 15636.87,
                                                "Plan Rows": 1172,
                                                "Plan Width": 18,
                                                "Actual Startup Time": 16.308,
                                                "Actual Total Time": 150.306,
                                                "Actual Rows": 23917,
                                                "Actual Loops": 3,
                                                "Output": [
                                                  "store_sales.ss_ext_sales_price",
                                                  "store_sales.ss_item_sk",
                                                  "store_sales.ss_customer_sk",
                                                  "store_sales.ss_store_sk"
                                                ],
                                                "Inner Unique": false,
                                                "Shared Hit Blocks": 4573,
                                                "Shared Read Blocks": 4237,
                                                "Shared Dirtied Blocks": 0,
                                                "Shared Written Blocks": 0,
                                                "Local Hit Blocks": 0,
                                                "Local Read Blocks": 0,
                                                "Local Dirtied Blocks": 0,
                                                "Local Written Blocks": 0,
                                                "Temp Read Blocks": 0,
                                                "Temp Written Blocks": 0,
                                                "Workers": [
                                                  {
                                                    "Worker Number": 0,
                                                    "Actual Startup Time": 15.912,
                                                    "Actual Total Time": 15.913,
                                                    "Actual Rows": 0,
                                                    "Actual Loops": 1,
                                                    "Shared Hit Blocks": 0,
                                                    "Shared Read Blocks": 129,
                                                    "Shared Dirtied Blocks": 0,
                                                    "Shared Written Blocks": 0,
                                                    "Local Hit Blocks": 0,
                                                    "Local Read Blocks": 0,
                                                    "Local Dirtied Blocks": 0,
                                                    "Local Written Blocks": 0,
                                                    "Temp Read Blocks": 0,
                                                    "Temp Written Blocks": 0
                                                  },
                                                  {
                                                    "Worker Number": 1,
                                                    "Actual Startup Time": 15.925,
                                                    "Actual Total Time": 15.926,
                                                    "Actual Rows": 0,
                                                    "Actual Loops": 1,
                                                    "Shared Hit Blocks": 0,
                                                    "Shared Read Blocks": 6,
                                                    "Shared Dirtied Blocks": 0,
                                                    "Shared Written Blocks": 0,
                                                    "Local Hit Blocks": 0,
                                                    "Local Read Blocks": 0,
                                                    "Local Dirtied Blocks": 0,
                                                    "Local Written Blocks": 0,
                                                    "Temp Read Blocks": 0,
                                                    "Temp Written Blocks": 0
                                                  }
                                                ],
                                                "Plans": [
                                                  {
                                                    "Node Type": "Index Only Scan",
                                                    "Parent Relationship": "Outer",
                                                    "Parallel Aware": true,
                                                    "Async Capable": false,
                                                    "Scan Direction": "Forward",
                                                    "Index Name": "_dta_index_date_dim_6_661577395__k1_k7_k9",
                                                    "Relation Name": "date_dim",
                                                    "Schema": "public",
                                                    "Alias": "date_dim",
                                                    "Startup Cost": 0.29,
                                                    "Total Cost": 1862.91,
                                                    "Plan Rows": 13,
                                                    "Plan Width": 4,
                                                    "Actual Startup Time": 15.971,
                                                    "Actual Total Time": 15.986,
                                                    "Actual Rows": 10,
                                                    "Actual Loops": 3,
                                                    "Output": [
                                                      "date_dim.d_date_sk",
                                                      "date_dim.d_year",
                                                      "date_dim.d_moy"
                                                    ],
                                                    "Index Cond": "((date_dim.d_year = 2002) AND (date_dim.d_moy = 12))",
                                                    "Rows Removed by Index Recheck": 0,
                                                    "Heap Fetches": 0,
                                                    "Shared Hit Blocks": 2,
                                                    "Shared Read Blocks": 280,
                                                    "Shared Dirtied Blocks": 0,
                                                    "Shared Written Blocks": 0,
                                                    "Local Hit Blocks": 0,
                                                    "Local Read Blocks": 0,
                                                    "Local Dirtied Blocks": 0,
                                                    "Local Written Blocks": 0,
                                                    "Temp Read Blocks": 0,
                                                    "Temp Written Blocks": 0,
                                                    "Workers": [
                                                      {
                                                        "Worker Number": 0,
                                                        "Actual Startup Time": 15.912,
                                                        "Actual Total Time": 15.912,
                                                        "Actual Rows": 0,
                                                        "Actual Loops": 1,
                                                        "Shared Hit Blocks": 0,
                                                        "Shared Read Blocks": 129,
                                                        "Shared Dirtied Blocks": 0,
                                                        "Shared Written Blocks": 0,
                                                        "Local Hit Blocks": 0,
                                                        "Local Read Blocks": 0,
                                                        "Local Dirtied Blocks": 0,
                                                        "Local Written Blocks": 0,
                                                        "Temp Read Blocks": 0,
                                                        "Temp Written Blocks": 0
                                                      },
                                                      {
                                                        "Worker Number": 1,
                                                        "Actual Startup Time": 15.924,
                                                        "Actual Total Time": 15.925,
                                                        "Actual Rows": 0,
                                                        "Actual Loops": 1,
                                                        "Shared Hit Blocks": 0,
                                                        "Shared Read Blocks": 6,
                                                        "Shared Dirtied Blocks": 0,
                                                        "Shared Written Blocks": 0,
                                                        "Local Hit Blocks": 0,
                                                        "Local Read Blocks": 0,
                                                        "Local Dirtied Blocks": 0,
                                                        "Local Written Blocks": 0,
                                                        "Temp Read Blocks": 0,
                                                        "Temp Written Blocks": 0
                                                      }
                                                    ]
                                                  },
                                                  {
                                                    "Node Type": "Index Only Scan",
                                                    "Parent Relationship": "Inner",
                                                    "Parallel Aware": false,
                                                    "Async Capable": false,
                                                    "Scan Direction": "Forward",
                                                    "Index Name": "_dta_index_store_sales_6_1333579789__k1_k23_k14_k6_k8_k5_k7_3_4",
                                                    "Relation Name": "store_sales",
                                                    "Schema": "public",
                                                    "Alias": "store_sales",
                                                    "Startup Cost": 0.56,
                                                    "Total Cost": 1027.13,
                                                    "Plan Rows": 3240,
                                                    "Plan Width": 22,
                                                    "Actual Startup Time": 0.492,
                                                    "Actual Total Time": 12.751,
                                                    "Actual Rows": 2315,
                                                    "Actual Loops": 31,
                                                    "Output": [
                                                      "store_sales.ss_sold_date_sk",
                                                      "store_sales.ss_net_profit",
                                                      "store_sales.ss_sales_price",
                                                      "store_sales.ss_hdemo_sk",
                                                      "store_sales.ss_store_sk",
                                                      "store_sales.ss_cdemo_sk",
                                                      "store_sales.ss_addr_sk",
                                                      "store_sales.ss_item_sk",
                                                      "store_sales.ss_customer_sk",
                                                      "store_sales.ss_promo_sk",
                                                      "store_sales.ss_ticket_number",
                                                      "store_sales.ss_quantity",
                                                      "store_sales.ss_wholesale_cost",
                                                      "store_sales.ss_list_price",
                                                      "store_sales.ss_ext_sales_price",
                                                      "store_sales.ss_ext_wholesale_cost",
                                                      "store_sales.ss_coupon_amt"
                                                    ],
                                                    "Index Cond": "(store_sales.ss_sold_date_sk = date_dim.d_date_sk)",
                                                    "Rows Removed by Index Recheck": 0,
                                                    "Filter": "((store_sales.ss_wholesale_cost >= '34'::numeric) AND (store_sales.ss_wholesale_cost <= '54'::numeric))",
                                                    "Rows Removed by Filter": 7015,
                                                    "Heap Fetches": 0,
                                                    "Shared Hit Blocks": 4571,
                                                    "Shared Read Blocks": 3957,
                                                    "Shared Dirtied Blocks": 0,
                                                    "Shared Written Blocks": 0,
                                                    "Local Hit Blocks": 0,
                                                    "Local Read Blocks": 0,
                                                    "Local Dirtied Blocks": 0,
                                                    "Local Written Blocks": 0,
                                                    "Temp Read Blocks": 0,
                                                    "Temp Written Blocks": 0,
                                                    "Workers": []
                                                  }
                                                ]
                                              },
                                              {
                                                "Node Type": "Hash",
                                                "Parent Relationship": "Inner",
                                                "Parallel Aware": false,
                                                "Async Capable": false,
                                                "Startup Cost": 6.02,
                                                "Total Cost": 6.02,
                                                "Plan Rows": 102,
                                                "Plan Width": 15,
                                                "Actual Startup Time": 0.323,
                                                "Actual Total Time": 0.324,
                                                "Actual Rows": 102,
                                                "Actual Loops": 1,
                                                "Output": [
                                                  "store.s_store_sk",
                                                  "store.s_zip"
                                                ],
                                                "Hash Buckets": 1024,
                                                "Original Hash Buckets": 1024,
                                                "Hash Batches": 1,
                                                "Original Hash Batches": 1,
                                                "Peak Memory Usage": 13,
                                                "Shared Hit Blocks": 2,
                                                "Shared Read Blocks": 3,
                                                "Shared Dirtied Blocks": 0,
                                                "Shared Written Blocks": 0,
                                                "Local Hit Blocks": 0,
                                                "Local Read Blocks": 0,
                                                "Local Dirtied Blocks": 0,
                                                "Local Written Blocks": 0,
                                                "Temp Read Blocks": 0,
                                                "Temp Written Blocks": 0,
                                                "Workers": [],
                                                "Plans": [
                                                  {
                                                    "Node Type": "Seq Scan",
                                                    "Parent Relationship": "Outer",
                                                    "Parallel Aware": false,
                                                    "Async Capable": false,
                                                    "Relation Name": "store",
                                                    "Schema": "public",
                                                    "Alias": "store",
                                                    "Startup Cost": 0.0,
                                                    "Total Cost": 6.02,
                                                    "Plan Rows": 102,
                                                    "Plan Width": 15,
                                                    "Actual Startup Time": 0.005,
                                                    "Actual Total Time": 0.305,
                                                    "Actual Rows": 102,
                                                    "Actual Loops": 1,
                                                    "Output": [
                                                      "store.s_store_sk",
                                                      "store.s_zip"
                                                    ],
                                                    "Shared Hit Blocks": 2,
                                                    "Shared Read Blocks": 3,
                                                    "Shared Dirtied Blocks": 0,
                                                    "Shared Written Blocks": 0,
                                                    "Local Hit Blocks": 0,
                                                    "Local Read Blocks": 0,
                                                    "Local Dirtied Blocks": 0,
                                                    "Local Written Blocks": 0,
                                                    "Temp Read Blocks": 0,
                                                    "Temp Written Blocks": 0,
                                                    "Workers": []
                                                  }
                                                ]
                                              }
                                            ]
                                          },
                                          {
                                            "Node Type": "Index Scan",
                                            "Parent Relationship": "Inner",
                                            "Parallel Aware": false,
                                            "Async Capable": false,
                                            "Scan Direction": "Forward",
                                            "Index Name": "item_pkey",
                                            "Relation Name": "item",
                                            "Schema": "public",
                                            "Alias": "item",
                                            "Startup Cost": 0.29,
                                            "Total Cost": 0.55,
                                            "Plan Rows": 1,
                                            "Plan Width": 114,
                                            "Actual Startup Time": 0.005,
                                            "Actual Total Time": 0.005,
                                            "Actual Rows": 0,
                                            "Actual Loops": 70880,
                                            "Output": [
                                              "item.i_item_sk",
                                              "item.i_item_id",
                                              "item.i_rec_start_date",
                                              "item.i_rec_end_date",
                                              "item.i_item_desc",
                                              "item.i_current_price",
                                              "item.i_wholesale_cost",
                                              "item.i_brand_id",
                                              "item.i_brand",
                                              "item.i_class_id",
                                              "item.i_class",
                                              "item.i_category_id",
                                              "item.i_category",
                                              "item.i_manufact_id",
                                              "item.i_manufact",
                                              "item.i_size",
                                              "item.i_formulation",
                                              "item.i_color",
                                              "item.i_units",
                                              "item.i_container",
                                              "item.i_manager_id",
                                              "item.i_product_name"
                                            ],
                                            "Index Cond": "(item.i_item_sk = store_sales.ss_item_sk)",
                                            "Rows Removed by Index Recheck": 0,
                                            "Filter": "(item.i_category = 'Home'::bpchar)",
                                            "Rows Removed by Filter": 1,
                                            "Shared Hit Blocks": 209822,
                                            "Shared Read Blocks": 2818,
                                            "Shared Dirtied Blocks": 0,
                                            "Shared Written Blocks": 0,
                                            "Local Hit Blocks": 0,
                                            "Local Read Blocks": 0,
                                            "Local Dirtied Blocks": 0,
                                            "Local Written Blocks": 0,
                                            "Temp Read Blocks": 0,
                                            "Temp Written Blocks": 0,
                                            "Workers": []
                                          }
                                        ]
                                      },
                                      {
                                        "Node Type": "Index Scan",
                                        "Parent Relationship": "Inner",
                                        "Parallel Aware": false,
                                        "Async Capable": false,
                                        "Scan Direction": "Forward",
                                        "Index Name": "_dta_index_customer_6_949578421__k1_k5",
                                        "Relation Name": "customer",
                                        "Schema": "public",
                                        "Alias": "customer",
                                        "Startup Cost": 0.42,
                                        "Total Cost": 0.71,
                                        "Plan Rows": 1,
                                        "Plan Width": 8,
                                        "Actual Startup Time": 0.184,
                                        "Actual Total Time": 0.184,
                                        "Actual Rows": 0,
                                        "Actual Loops": 5232,
                                        "Output": [
                                          "customer.c_customer_sk",
                                          "customer.c_customer_id",
                                          "customer.c_current_cdemo_sk",
                                          "customer.c_current_hdemo_sk",
                                          "customer.c_current_addr_sk",
                                          "customer.c_first_shipto_date_sk",
                                          "customer.c_first_sales_date_sk",
                                          "customer.c_salutation",
                                          "customer.c_first_name",
                                          "customer.c_last_name",
                                          "customer.c_preferred_cust_flag",
                                          "customer.c_birth_day",
                                          "customer.c_birth_month",
                                          "customer.c_birth_year",
                                          "customer.c_birth_country",
                                          "customer.c_login",
                                          "customer.c_email_address",
                                          "customer.c_last_review_date_sk"
                                        ],
                                        "Index Cond": "(customer.c_customer_sk = store_sales.ss_customer_sk)",
                                        "Rows Removed by Index Recheck": 0,
                                        "Filter": "(customer.c_birth_month = 1)",
                                        "Rows Removed by Filter": 1,
                                        "Shared Hit Blocks": 15713,
                                        "Shared Read Blocks": 5139,
                                        "Shared Dirtied Blocks": 0,
                                        "Shared Written Blocks": 0,
                                        "Local Hit Blocks": 0,
                                        "Local Read Blocks": 0,
                                        "Local Dirtied Blocks": 0,
                                        "Local Written Blocks": 0,
                                        "Temp Read Blocks": 0,
                                        "Temp Written Blocks": 0,
                                        "Workers": []
                                      }
                                    ]
                                  },
                                  {
                                    "Node Type": "Index Scan",
                                    "Parent Relationship": "Inner",
                                    "Parallel Aware": false,
                                    "Async Capable": false,
                                    "Scan Direction": "Forward",
                                    "Index Name": "customer_address_pkey",
                                    "Relation Name": "customer_address",
                                    "Schema": "public",
                                    "Alias": "customer_address",
                                    "Startup Cost": 0.42,
                                    "Total Cost": 1.15,
                                    "Plan Rows": 1,
                                    "Plan Width": 15,
                                    "Actual Startup Time": 0.148,
                                    "Actual Total Time": 0.148,
                                    "Actual Rows": 0,
                                    "Actual Loops": 516,
                                    "Output": [
                                      "customer_address.ca_address_sk",
                                      "customer_address.ca_address_id",
                                      "customer_address.ca_street_number",
                                      "customer_address.ca_street_name",
                                      "customer_address.ca_street_type",
                                      "customer_address.ca_suite_number",
                                      "customer_address.ca_city",
                                      "customer_address.ca_county",
                                      "customer_address.ca_state",
                                      "customer_address.ca_zip",
                                      "customer_address.ca_country",
                                      "customer_address.ca_gmt_offset",
                                      "customer_address.ca_location_type"
                                    ],
                                    "Index Cond": "(customer_address.ca_address_sk = customer.c_current_addr_sk)",
                                    "Rows Removed by Index Recheck": 0,
                                    "Filter": "(customer_address.ca_state = 'TX'::bpchar)",
                                    "Rows Removed by Filter": 1,
                                    "Shared Hit Blocks": 1295,
                                    "Shared Read Blocks": 769,
                                    "Shared Dirtied Blocks": 0,
                                    "Shared Written Blocks": 0,
                                    "Local Hit Blocks": 0,
                                    "Local Read Blocks": 0,
                                    "Local Dirtied Blocks": 0,
                                    "Local Written Blocks": 0,
                                    "Temp Read Blocks": 0,
                                    "Temp Written Blocks": 0,
                                    "Workers": []
                                  }
                                ]
                              }
                            ]
                          }
                        ]
                      }
                    ]
                  }
                ]
              }
            ]
          }
        ]
      },
      "Planning": {
        "Shared Hit Blocks": 28,
        "Shared Read Blocks": 51,
        "Shared Dirtied Blocks": 0,
        "Shared Written Blocks": 0,
        "Local Hit Blocks": 0,
        "Local Read Blocks": 0,
        "Local Dirtied Blocks": 0,
        "Local Written Blocks": 0,
        "Temp Read Blocks": 0,
        "Temp Written Blocks": 0
      },
      "Planning Time": 6.61,
      "Triggers": [],
      "Execution Time": 1866.902
    }
  ],
  "original_sql": "select  i_brand_id brand_id, i_brand brand, i_manufact_id, i_manufact,\n \tsum(ss_ext_sales_price) ext_price\n  from date_dim, store_sales, item,customer,customer_address,store\n  where  d_date_sk = ss_sold_date_sk\n    and ss_item_sk = i_item_sk\n    and ss_customer_sk = c_customer_sk\n    and c_current_addr_sk = ca_address_sk\n    and ss_store_sk = s_store_sk\n    AND i_category  = 'Home'\n    and d_year=2002\n    and d_moy = 12\n    and substring(ca_zip,1,5) <> substring(s_zip,1,5)\n    and ca_state  = 'TX'\n    and c_birth_month = 1\n    and ss_wholesale_cost BETWEEN 34 AND 54\n group by i_brand\n      ,i_brand_id\n      ,i_manufact_id\n      ,i_manufact\n order by ext_price desc\n         ,i_brand\n         ,i_brand_id\n         ,i_manufact_id\n         ,i_manufact\nlimit 100"
}