{
  "query_id": "query099_agg",
  "engine": "postgresql",
  "benchmark": "dsb",
  "scale_factor": 10,
  "execution_time_ms": 1223.855,
  "planning_time_ms": 8.282,
  "plan_json": [
    {
      "Plan": {
        "Node Type": "Limit",
        "Parallel Aware": false,
        "Async Capable": false,
        "Startup Cost": 68702.6,
        "Total Cost": 68704.37,
        "Plan Rows": 6,
        "Plan Width": 117,
        "Actual Startup Time": 1223.72,
        "Actual Total Time": 1223.801,
        "Actual Rows": 4,
        "Actual Loops": 1,
        "Output": [
          "(\"substring\"((warehouse.w_warehouse_name)::text, 1, 20))",
          "ship_mode.sm_type",
          "call_center.cc_name",
          "(sum(CASE WHEN ((catalog_sales.cs_ship_date_sk - catalog_sales.cs_sold_date_sk) <= 30) THEN 1 ELSE 0 END))",
          "(sum(CASE WHEN (((catalog_sales.cs_ship_date_sk - catalog_sales.cs_sold_date_sk) > 30) AND ((catalog_sales.cs_ship_date_sk - catalog_sales.cs_sold_date_sk) <= 60)) THEN 1 ELSE 0 END))",
          "(sum(CASE WHEN (((catalog_sales.cs_ship_date_sk - catalog_sales.cs_sold_date_sk) > 60) AND ((catalog_sales.cs_ship_date_sk - catalog_sales.cs_sold_date_sk) <= 90)) THEN 1 ELSE 0 END))",
          "(sum(CASE WHEN (((catalog_sales.cs_ship_date_sk - catalog_sales.cs_sold_date_sk) > 90) AND ((catalog_sales.cs_ship_date_sk - catalog_sales.cs_sold_date_sk) <= 120)) THEN 1 ELSE 0 END))",
          "(sum(CASE WHEN ((catalog_sales.cs_ship_date_sk - catalog_sales.cs_sold_date_sk) > 120) THEN 1 ELSE 0 END))"
        ],
        "Shared Hit Blocks": 59992,
        "Shared Read Blocks": 14091,
        "Shared Dirtied Blocks": 0,
        "Shared Written Blocks": 0,
        "Local Hit Blocks": 0,
        "Local Read Blocks": 0,
        "Local Dirtied Blocks": 0,
        "Local Written Blocks": 0,
        "Temp Read Blocks": 0,
        "Temp Written Blocks": 0,
        "Plans": [
          {
            "Node Type": "Aggregate",
            "Strategy": "Sorted",
            "Partial Mode": "Finalize",
            "Parent Relationship": "Outer",
            "Parallel Aware": false,
            "Async Capable": false,
            "Startup Cost": 68702.6,
            "Total Cost": 68704.37,
            "Plan Rows": 6,
            "Plan Width": 117,
            "Actual Startup Time": 1223.719,
            "Actual Total Time": 1223.799,
            "Actual Rows": 4,
            "Actual Loops": 1,
            "Output": [
              "(\"substring\"((warehouse.w_warehouse_name)::text, 1, 20))",
              "ship_mode.sm_type",
              "call_center.cc_name",
              "sum(CASE WHEN ((catalog_sales.cs_ship_date_sk - catalog_sales.cs_sold_date_sk) <= 30) THEN 1 ELSE 0 END)",
              "sum(CASE WHEN (((catalog_sales.cs_ship_date_sk - catalog_sales.cs_sold_date_sk) > 30) AND ((catalog_sales.cs_ship_date_sk - catalog_sales.cs_sold_date_sk) <= 60)) THEN 1 ELSE 0 END)",
              "sum(CASE WHEN (((catalog_sales.cs_ship_date_sk - catalog_sales.cs_sold_date_sk) > 60) AND ((catalog_sales.cs_ship_date_sk - catalog_sales.cs_sold_date_sk) <= 90)) THEN 1 ELSE 0 END)",
              "sum(CASE WHEN (((catalog_sales.cs_ship_date_sk - catalog_sales.cs_sold_date_sk) > 90) AND ((catalog_sales.cs_ship_date_sk - catalog_sales.cs_sold_date_sk) <= 120)) THEN 1 ELSE 0 END)",
              "sum(CASE WHEN ((catalog_sales.cs_ship_date_sk - catalog_sales.cs_sold_date_sk) > 120) THEN 1 ELSE 0 END)"
            ],
            "Group Key": [
              "(\"substring\"((warehouse.w_warehouse_name)::text, 1, 20))",
              "call_center.cc_name"
            ],
            "Shared Hit Blocks": 59992,
            "Shared Read Blocks": 14091,
            "Shared Dirtied Blocks": 0,
            "Shared Written Blocks": 0,
            "Local Hit Blocks": 0,
            "Local Read Blocks": 0,
            "Local Dirtied Blocks": 0,
            "Local Written Blocks": 0,
            "Temp Read Blocks": 0,
            "Temp Written Blocks": 0,
            "Plans": [
              {
                "Node Type": "Gather Merge",
                "Parent Relationship": "Outer",
                "Parallel Aware": false,
                "Async Capable": false,
                "Startup Cost": 68702.6,
                "Total Cost": 68704.12,
                "Plan Rows": 10,
                "Plan Width": 117,
                "Actual Startup Time": 1223.71,
                "Actual Total Time": 1223.792,
                "Actual Rows": 10,
                "Actual Loops": 1,
                "Output": [
                  "(\"substring\"((warehouse.w_warehouse_name)::text, 1, 20))",
                  "call_center.cc_name",
                  "ship_mode.sm_type",
                  "(PARTIAL sum(CASE WHEN ((catalog_sales.cs_ship_date_sk - catalog_sales.cs_sold_date_sk) <= 30) THEN 1 ELSE 0 END))",
                  "(PARTIAL sum(CASE WHEN (((catalog_sales.cs_ship_date_sk - catalog_sales.cs_sold_date_sk) > 30) AND ((catalog_sales.cs_ship_date_sk - catalog_sales.cs_sold_date_sk) <= 60)) THEN 1 ELSE 0 END))",
                  "(PARTIAL sum(CASE WHEN (((catalog_sales.cs_ship_date_sk - catalog_sales.cs_sold_date_sk) > 60) AND ((catalog_sales.cs_ship_date_sk - catalog_sales.cs_sold_date_sk) <= 90)) THEN 1 ELSE 0 END))",
                  "(PARTIAL sum(CASE WHEN (((catalog_sales.cs_ship_date_sk - catalog_sales.cs_sold_date_sk) > 90) AND ((catalog_sales.cs_ship_date_sk - catalog_sales.cs_sold_date_sk) <= 120)) THEN 1 ELSE 0 END))",
                  "(PARTIAL sum(CASE WHEN ((catalog_sales.cs_ship_date_sk - catalog_sales.cs_sold_date_sk) > 120) THEN 1 ELSE 0 END))"
                ],
                "Workers Planned": 2,
                "Workers Launched": 2,
                "Shared Hit Blocks": 59992,
                "Shared Read Blocks": 14091,
                "Shared Dirtied Blocks": 0,
                "Shared Written Blocks": 0,
                "Local Hit Blocks": 0,
                "Local Read Blocks": 0,
                "Local Dirtied Blocks": 0,
                "Local Written Blocks": 0,
                "Temp Read Blocks": 0,
                "Temp Written Blocks": 0,
                "Plans": [
                  {
                    "Node Type": "Aggregate",
                    "Strategy": "Sorted",
                    "Partial Mode": "Partial",
                    "Parent Relationship": "Outer",
                    "Parallel Aware": false,
                    "Async Capable": false,
                    "Startup Cost": 67702.58,
                    "Total Cost": 67702.94,
                    "Plan Rows": 5,
                    "Plan Width": 117,
                    "Actual Startup Time": 1165.888,
                    "Actual Total Time": 1165.906,
                    "Actual Rows": 3,
                    "Actual Loops": 3,
                    "Output": [
                      "(\"substring\"((warehouse.w_warehouse_name)::text, 1, 20))",
                      "call_center.cc_name",
                      "ship_mode.sm_type",
                      "PARTIAL sum(CASE WHEN ((catalog_sales.cs_ship_date_sk - catalog_sales.cs_sold_date_sk) <= 30) THEN 1 ELSE 0 END)",
                      "PARTIAL sum(CASE WHEN (((catalog_sales.cs_ship_date_sk - catalog_sales.cs_sold_date_sk) > 30) AND ((catalog_sales.cs_ship_date_sk - catalog_sales.cs_sold_date_sk) <= 60)) THEN 1 ELSE 0 END)",
                      "PARTIAL sum(CASE WHEN (((catalog_sales.cs_ship_date_sk - catalog_sales.cs_sold_date_sk) > 60) AND ((catalog_sales.cs_ship_date_sk - catalog_sales.cs_sold_date_sk) <= 90)) THEN 1 ELSE 0 END)",
                      "PARTIAL sum(CASE WHEN (((catalog_sales.cs_ship_date_sk - catalog_sales.cs_sold_date_sk) > 90) AND ((catalog_sales.cs_ship_date_sk - catalog_sales.cs_sold_date_sk) <= 120)) THEN 1 ELSE 0 END)",
                      "PARTIAL sum(CASE WHEN ((catalog_sales.cs_ship_date_sk - catalog_sales.cs_sold_date_sk) > 120) THEN 1 ELSE 0 END)"
                    ],
                    "Group Key": [
                      "(\"substring\"((warehouse.w_warehouse_name)::text, 1, 20))",
                      "call_center.cc_name"
                    ],
                    "Shared Hit Blocks": 59992,
                    "Shared Read Blocks": 14091,
                    "Shared Dirtied Blocks": 0,
                    "Shared Written Blocks": 0,
                    "Local Hit Blocks": 0,
                    "Local Read Blocks": 0,
                    "Local Dirtied Blocks": 0,
                    "Local Written Blocks": 0,
                    "Temp Read Blocks": 0,
                    "Temp Written Blocks": 0,
                    "Workers": [
                      {
                        "Worker Number": 0,
                        "Actual Startup Time": 1148.455,
                        "Actual Total Time": 1148.47,
                        "Actual Rows": 2,
                        "Actual Loops": 1,
                        "Shared Hit Blocks": 19538,
                        "Shared Read Blocks": 4497,
                        "Shared Dirtied Blocks": 0,
                        "Shared Written Blocks": 0,
                        "Local Hit Blocks": 0,
                        "Local Read Blocks": 0,
                        "Local Dirtied Blocks": 0,
                        "Local Written Blocks": 0,
                        "Temp Read Blocks": 0,
                        "Temp Written Blocks": 0
                      },
                      {
                        "Worker Number": 1,
                        "Actual Startup Time": 1125.752,
                        "Actual Total Time": 1125.769,
                        "Actual Rows": 4,
                        "Actual Loops": 1,
                        "Shared Hit Blocks": 21364,
                        "Shared Read Blocks": 4246,
                        "Shared Dirtied Blocks": 0,
                        "Shared Written Blocks": 0,
                        "Local Hit Blocks": 0,
                        "Local Read Blocks": 0,
                        "Local Dirtied Blocks": 0,
                        "Local Written Blocks": 0,
                        "Temp Read Blocks": 0,
                        "Temp Written Blocks": 0
                      }
                    ],
                    "Plans": [
                      {
                        "Node Type": "Sort",
                        "Parent Relationship": "Outer",
                        "Parallel Aware": false,
                        "Async Capable": false,
                        "Startup Cost": 67702.58,
                        "Total Cost": 67702.59,
                        "Plan Rows": 5,
                        "Plan Width": 85,
                        "Actual Startup Time": 1165.875,
                        "Actual Total Time": 1165.88,
                        "Actual Rows": 86,
                        "Actual Loops": 3,
                        "Output": [
                          "(\"substring\"((warehouse.w_warehouse_name)::text, 1, 20))",
                          "call_center.cc_name",
                          "ship_mode.sm_type",
                          "catalog_sales.cs_ship_date_sk",
                          "catalog_sales.cs_sold_date_sk"
                        ],
                        "Sort Key": [
                          "(\"substring\"((warehouse.w_warehouse_name)::text, 1, 20))",
                          "call_center.cc_name"
                        ],
                        "Sort Method": "quicksort",
                        "Sort Space Used": 35,
                        "Sort Space Type": "Memory",
                        "Shared Hit Blocks": 59992,
                        "Shared Read Blocks": 14091,
                        "Shared Dirtied Blocks": 0,
                        "Shared Written Blocks": 0,
                        "Local Hit Blocks": 0,
                        "Local Read Blocks": 0,
                        "Local Dirtied Blocks": 0,
                        "Local Written Blocks": 0,
                        "Temp Read Blocks": 0,
                        "Temp Written Blocks": 0,
                        "Workers": [
                          {
                            "Worker Number": 0,
                            "Actual Startup Time": 1148.443,
                            "Actual Total Time": 1148.447,
                            "Actual Rows": 81,
                            "Actual Loops": 1,
                            "Sort Method": "quicksort",
                            "Sort Space Used": 32,
                            "Sort Space Type": "Memory",
                            "Shared Hit Blocks": 19538,
                            "Shared Read Blocks": 4497,
                            "Shared Dirtied Blocks": 0,
                            "Shared Written Blocks": 0,
                            "Local Hit Blocks": 0,
                            "Local Read Blocks": 0,
                            "Local Dirtied Blocks": 0,
                            "Local Written Blocks": 0,
                            "Temp Read Blocks": 0,
                            "Temp Written Blocks": 0
                          },
                          {
                            "Worker Number": 1,
                            "Actual Startup Time": 1125.737,
                            "Actual Total Time": 1125.743,
                            "Actual Rows": 64,
                            "Actual Loops": 1,
                            "Sort Method": "quicksort",
                            "Sort Space Used": 31,
                            "Sort Space Type": "Memory",
                            "Shared Hit Blocks": 21364,
                            "Shared Read Blocks": 4246,
                            "Shared Dirtied Blocks": 0,
                            "Shared Written Blocks": 0,
                            "Local Hit Blocks": 0,
                            "Local Read Blocks": 0,
                            "Local Dirtied Blocks": 0,
                            "Local Written Blocks": 0,
                            "Temp Read Blocks": 0,
                            "Temp Written Blocks": 0
                          }
                        ],
                        "Plans": [
                          {
                            "Node Type": "Nested Loop",
                            "Parent Relationship": "Outer",
                            "Parallel Aware": false,
                            "Async Capable": false,
                            "Join Type": "Inner",
                            "Startup Cost": 0.98,
                            "Total Cost": 67702.52,
                            "Plan Rows": 5,
                            "Plan Width": 85,
                            "Actual Startup Time": 9.723,
                            "Actual Total Time": 1165.126,
                            "Actual Rows": 86,
                            "Actual Loops": 3,
                            "Output": [
                              "\"substring\"((warehouse.w_warehouse_name)::text, 1, 20)",
                              "call_center.cc_name",
                              "ship_mode.sm_type",
                              "catalog_sales.cs_ship_date_sk",
                              "catalog_sales.cs_sold_date_sk"
                            ],
                            "Inner Unique": false,
                            "Shared Hit Blocks": 59979,
                            "Shared Read Blocks": 14088,
                            "Shared Dirtied Blocks": 0,
                            "Shared Written Blocks": 0,
                            "Local Hit Blocks": 0,
                            "Local Read Blocks": 0,
                            "Local Dirtied Blocks": 0,
                            "Local Written Blocks": 0,
                            "Temp Read Blocks": 0,
                            "Temp Written Blocks": 0,
                            "Workers": [
                              {
                                "Worker Number": 0,
                                "Actual Startup Time": 7.346,
                                "Actual Total Time": 1147.441,
                                "Actual Rows": 81,
                                "Actual Loops": 1,
                                "Shared Hit Blocks": 19530,
                                "Shared Read Blocks": 4497,
                                "Shared Dirtied Blocks": 0,
                                "Shared Written Blocks": 0,
                                "Local Hit Blocks": 0,
                                "Local Read Blocks": 0,
                                "Local Dirtied Blocks": 0,
                                "Local Written Blocks": 0,
                                "Temp Read Blocks": 0,
                                "Temp Written Blocks": 0
                              },
                              {
                                "Worker Number": 1,
                                "Actual Startup Time": 2.822,
                                "Actual Total Time": 1124.716,
                                "Actual Rows": 64,
                                "Actual Loops": 1,
                                "Shared Hit Blocks": 21359,
                                "Shared Read Blocks": 4243,
                                "Shared Dirtied Blocks": 0,
                                "Shared Written Blocks": 0,
                                "Local Hit Blocks": 0,
                                "Local Read Blocks": 0,
                                "Local Dirtied Blocks": 0,
                                "Local Written Blocks": 0,
                                "Temp Read Blocks": 0,
                                "Temp Written Blocks": 0
                              }
                            ],
                            "Plans": [
                              {
                                "Node Type": "Index Only Scan",
                                "Parent Relationship": "Outer",
                                "Parallel Aware": true,
                                "Async Capable": false,
                                "Scan Direction": "Forward",
                                "Index Name": "_dta_index_date_dim_6_661577395__k7_k4_k9_k1",
                                "Relation Name": "date_dim",
                                "Schema": "public",
                                "Alias": "date_dim",
                                "Startup Cost": 0.42,
                                "Total Cost": 1888.19,
                                "Plan Rows": 328,
                                "Plan Width": 4,
                                "Actual Startup Time": 5.688,
                                "Actual Total Time": 14.976,
                                "Actual Rows": 244,
                                "Actual Loops": 3,
                                "Output": [
                                  "date_dim.d_year",
                                  "date_dim.d_month_seq",
                                  "date_dim.d_moy",
                                  "date_dim.d_date_sk"
                                ],
                                "Index Cond": "((date_dim.d_month_seq >= 1193) AND (date_dim.d_month_seq <= 1216))",
                                "Rows Removed by Index Recheck": 0,
                                "Heap Fetches": 0,
                                "Shared Hit Blocks": 2,
                                "Shared Read Blocks": 283,
                                "Shared Dirtied Blocks": 0,
                                "Shared Written Blocks": 0,
                                "Local Hit Blocks": 0,
                                "Local Read Blocks": 0,
                                "Local Dirtied Blocks": 0,
                                "Local Written Blocks": 0,
                                "Temp Read Blocks": 0,
                                "Temp Written Blocks": 0,
                                "Workers": [
                                  {
                                    "Worker Number": 0,
                                    "Actual Startup Time": 0.94,
                                    "Actual Total Time": 1.169,
                                    "Actual Rows": 239,
                                    "Actual Loops": 1,
                                    "Shared Hit Blocks": 1,
                                    "Shared Read Blocks": 1,
                                    "Shared Dirtied Blocks": 0,
                                    "Shared Written Blocks": 0,
                                    "Local Hit Blocks": 0,
                                    "Local Read Blocks": 0,
                                    "Local Dirtied Blocks": 0,
                                    "Local Written Blocks": 0,
                                    "Temp Read Blocks": 0,
                                    "Temp Written Blocks": 0
                                  },
                                  {
                                    "Worker Number": 1,
                                    "Actual Startup Time": 0.712,
                                    "Actual Total Time": 28.11,
                                    "Actual Rows": 261,
                                    "Actual Loops": 1,
                                    "Shared Hit Blocks": 1,
                                    "Shared Read Blocks": 139,
                                    "Shared Dirtied Blocks": 0,
                                    "Shared Written Blocks": 0,
                                    "Local Hit Blocks": 0,
                                    "Local Read Blocks": 0,
                                    "Local Dirtied Blocks": 0,
                                    "Local Written Blocks": 0,
                                    "Temp Read Blocks": 0,
                                    "Temp Written Blocks": 0
                                  }
                                ]
                              },
                              {
                                "Node Type": "Nested Loop",
                                "Parent Relationship": "Inner",
                                "Parallel Aware": false,
                                "Async Capable": false,
                                "Join Type": "Inner",
                                "Startup Cost": 0.56,
                                "Total Cost": 200.47,
                                "Plan Rows": 18,
                                "Plan Width": 70,
                                "Actual Startup Time": 4.056,
                                "Actual Total Time": 4.718,
                                "Actual Rows": 0,
                                "Actual Loops": 731,
                                "Output": [
                                  "catalog_sales.cs_ship_date_sk",
                                  "catalog_sales.cs_sold_date_sk",
                                  "warehouse.w_warehouse_name",
                                  "ship_mode.sm_type",
                                  "call_center.cc_name"
                                ],
                                "Inner Unique": false,
                                "Shared Hit Blocks": 59977,
                                "Shared Read Blocks": 13805,
                                "Shared Dirtied Blocks": 0,
                                "Shared Written Blocks": 0,
                                "Local Hit Blocks": 0,
                                "Local Read Blocks": 0,
                                "Local Dirtied Blocks": 0,
                                "Local Written Blocks": 0,
                                "Temp Read Blocks": 0,
                                "Temp Written Blocks": 0,
                                "Workers": [
                                  {
                                    "Worker Number": 0,
                                    "Actual Startup Time": 4.091,
                                    "Actual Total Time": 4.795,
                                    "Actual Rows": 0,
                                    "Actual Loops": 239,
                                    "Shared Hit Blocks": 19529,
                                    "Shared Read Blocks": 4496,
                                    "Shared Dirtied Blocks": 0,
                                    "Shared Written Blocks": 0,
                                    "Local Hit Blocks": 0,
                                    "Local Read Blocks": 0,
                                    "Local Dirtied Blocks": 0,
                                    "Local Written Blocks": 0,
                                    "Temp Read Blocks": 0,
                                    "Temp Written Blocks": 0
                                  },
                                  {
                                    "Worker Number": 1,
                                    "Actual Startup Time": 3.853,
                                    "Actual Total Time": 4.2,
                                    "Actual Rows": 0,
                                    "Actual Loops": 261,
                                    "Shared Hit Blocks": 21358,
                                    "Shared Read Blocks": 4104,
                                    "Shared Dirtied Blocks": 0,
                                    "Shared Written Blocks": 0,
                                    "Local Hit Blocks": 0,
                                    "Local Read Blocks": 0,
                                    "Local Dirtied Blocks": 0,
                                    "Local Written Blocks": 0,
                                    "Temp Read Blocks": 0,
                                    "Temp Written Blocks": 0
                                  }
                                ],
                                "Plans": [
                                  {
                                    "Node Type": "Seq Scan",
                                    "Parent Relationship": "Outer",
                                    "Parallel Aware": false,
                                    "Async Capable": false,
                                    "Relation Name": "call_center",
                                    "Schema": "public",
                                    "Alias": "call_center",
                                    "Startup Cost": 0.0,
                                    "Total Cost": 2.3,
                                    "Plan Rows": 3,
                                    "Plan Width": 18,
                                    "Actual Startup Time": 0.002,
                                    "Actual Total Time": 0.006,
                                    "Actual Rows": 3,
                                    "Actual Loops": 731,
                                    "Output": [
                                      "call_center.cc_call_center_sk",
                                      "call_center.cc_call_center_id",
                                      "call_center.cc_rec_start_date",
                                      "call_center.cc_rec_end_date",
                                      "call_center.cc_closed_date_sk",
                                      "call_center.cc_open_date_sk",
                                      "call_center.cc_name",
                                      "call_center.cc_class",
                                      "call_center.cc_employees",
                                      "call_center.cc_sq_ft",
                                      "call_center.cc_hours",
                                      "call_center.cc_manager",
                                      "call_center.cc_mkt_id",
                                      "call_center.cc_mkt_class",
                                      "call_center.cc_mkt_desc",
                                      "call_center.cc_market_manager",
                                      "call_center.cc_division",
                                      "call_center.cc_division_name",
                                      "call_center.cc_company",
                                      "call_center.cc_company_name",
                                      "call_center.cc_street_number",
                                      "call_center.cc_street_name",
                                      "call_center.cc_street_type",
                                      "call_center.cc_suite_number",
                                      "call_center.cc_city",
                                      "call_center.cc_county",
                                      "call_center.cc_state",
                                      "call_center.cc_zip",
                                      "call_center.cc_country",
                                      "call_center.cc_gmt_offset",
                                      "call_center.cc_tax_percentage"
                                    ],
                                    "Filter": "((call_center.cc_class)::text = 'small'::text)",
                                    "Rows Removed by Filter": 21,
                                    "Shared Hit Blocks": 1462,
                                    "Shared Read Blocks": 0,
                                    "Shared Dirtied Blocks": 0,
                                    "Shared Written Blocks": 0,
                                    "Local Hit Blocks": 0,
                                    "Local Read Blocks": 0,
                                    "Local Dirtied Blocks": 0,
                                    "Local Written Blocks": 0,
                                    "Temp Read Blocks": 0,
                                    "Temp Written Blocks": 0,
                                    "Workers": [
                                      {
                                        "Worker Number": 0,
                                        "Actual Startup Time": 0.002,
                                        "Actual Total Time": 0.006,
                                        "Actual Rows": 3,
                                        "Actual Loops": 239,
                                        "Shared Hit Blocks": 478,
                                        "Shared Read Blocks": 0,
                                        "Shared Dirtied Blocks": 0,
                                        "Shared Written Blocks": 0,
                                        "Local Hit Blocks": 0,
                                        "Local Read Blocks": 0,
                                        "Local Dirtied Blocks": 0,
                                        "Local Written Blocks": 0,
                                        "Temp Read Blocks": 0,
                                        "Temp Written Blocks": 0
                                      },
                                      {
                                        "Worker Number": 1,
                                        "Actual Startup Time": 0.002,
                                        "Actual Total Time": 0.006,
                                        "Actual Rows": 3,
                                        "Actual Loops": 261,
                                        "Shared Hit Blocks": 522,
                                        "Shared Read Blocks": 0,
                                        "Shared Dirtied Blocks": 0,
                                        "Shared Written Blocks": 0,
                                        "Local Hit Blocks": 0,
                                        "Local Read Blocks": 0,
                                        "Local Dirtied Blocks": 0,
                                        "Local Written Blocks": 0,
                                        "Temp Read Blocks": 0,
                                        "Temp Written Blocks": 0
                                      }
                                    ]
                                  },
                                  {
                                    "Node Type": "Nested Loop",
                                    "Parent Relationship": "Inner",
                                    "Parallel Aware": false,
                                    "Async Capable": false,
                                    "Join Type": "Inner",
                                    "Startup Cost": 0.56,
                                    "Total Cost": 66.0,
                                    "Plan Rows": 6,
                                    "Plan Width": 60,
                                    "Actual Startup Time": 1.425,
                                    "Actual Total Time": 1.57,
                                    "Actual Rows": 0,
                                    "Actual Loops": 2193,
                                    "Output": [
                                      "catalog_sales.cs_ship_date_sk",
                                      "catalog_sales.cs_sold_date_sk",
                                      "catalog_sales.cs_call_center_sk",
                                      "warehouse.w_warehouse_name",
                                      "ship_mode.sm_type"
                                    ],
                                    "Inner Unique": false,
                                    "Shared Hit Blocks": 58515,
                                    "Shared Read Blocks": 13805,
                                    "Shared Dirtied Blocks": 0,
                                    "Shared Written Blocks": 0,
                                    "Local Hit Blocks": 0,
                                    "Local Read Blocks": 0,
                                    "Local Dirtied Blocks": 0,
                                    "Local Written Blocks": 0,
                                    "Temp Read Blocks": 0,
                                    "Temp Written Blocks": 0,
                                    "Workers": [
                                      {
                                        "Worker Number": 0,
                                        "Actual Startup Time": 1.413,
                                        "Actual Total Time": 1.595,
                                        "Actual Rows": 0,
                                        "Actual Loops": 717,
                                        "Shared Hit Blocks": 19051,
                                        "Shared Read Blocks": 4496,
                                        "Shared Dirtied Blocks": 0,
                                        "Shared Written Blocks": 0,
                                        "Local Hit Blocks": 0,
                                        "Local Read Blocks": 0,
                                        "Local Dirtied Blocks": 0,
                                        "Local Written Blocks": 0,
                                        "Temp Read Blocks": 0,
                                        "Temp Written Blocks": 0
                                      },
                                      {
                                        "Worker Number": 1,
                                        "Actual Startup Time": 1.324,
                                        "Actual Total Time": 1.397,
                                        "Actual Rows": 0,
                                        "Actual Loops": 783,
                                        "Shared Hit Blocks": 20836,
                                        "Shared Read Blocks": 4104,
                                        "Shared Dirtied Blocks": 0,
                                        "Shared Written Blocks": 0,
                                        "Local Hit Blocks": 0,
                                        "Local Read Blocks": 0,
                                        "Local Dirtied Blocks": 0,
                                        "Local Written Blocks": 0,
                                        "Temp Read Blocks": 0,
                                        "Temp Written Blocks": 0
                                      }
                                    ],
                                    "Plans": [
                                      {
                                        "Node Type": "Seq Scan",
                                        "Parent Relationship": "Outer",
                                        "Parallel Aware": false,
                                        "Async Capable": false,
                                        "Relation Name": "warehouse",
                                        "Schema": "public",
                                        "Alias": "warehouse",
                                        "Startup Cost": 0.0,
                                        "Total Cost": 1.12,
                                        "Plan Rows": 2,
                                        "Plan Width": 21,
                                        "Actual Startup Time": 0.001,
                                        "Actual Total Time": 0.003,
                                        "Actual Rows": 2,
                                        "Actual Loops": 2193,
                                        "Output": [
                                          "warehouse.w_warehouse_sk",
                                          "warehouse.w_warehouse_id",
                                          "warehouse.w_warehouse_name",
                                          "warehouse.w_warehouse_sq_ft",
                                          "warehouse.w_street_number",
                                          "warehouse.w_street_name",
                                          "warehouse.w_street_type",
                                          "warehouse.w_suite_number",
                                          "warehouse.w_city",
                                          "warehouse.w_county",
                                          "warehouse.w_state",
                                          "warehouse.w_zip",
                                          "warehouse.w_country",
                                          "warehouse.w_gmt_offset"
                                        ],
                                        "Filter": "(warehouse.w_gmt_offset = '-5'::numeric)",
                                        "Rows Removed by Filter": 8,
                                        "Shared Hit Blocks": 2193,
                                        "Shared Read Blocks": 0,
                                        "Shared Dirtied Blocks": 0,
                                        "Shared Written Blocks": 0,
                                        "Local Hit Blocks": 0,
                                        "Local Read Blocks": 0,
                                        "Local Dirtied Blocks": 0,
                                        "Local Written Blocks": 0,
                                        "Temp Read Blocks": 0,
                                        "Temp Written Blocks": 0,
                                        "Workers": [
                                          {
                                            "Worker Number": 0,
                                            "Actual Startup Time": 0.001,
                                            "Actual Total Time": 0.003,
                                            "Actual Rows": 2,
                                            "Actual Loops": 717,
                                            "Shared Hit Blocks": 717,
                                            "Shared Read Blocks": 0,
                                            "Shared Dirtied Blocks": 0,
                                            "Shared Written Blocks": 0,
                                            "Local Hit Blocks": 0,
                                            "Local Read Blocks": 0,
                                            "Local Dirtied Blocks": 0,
                                            "Local Written Blocks": 0,
                                            "Temp Read Blocks": 0,
                                            "Temp Written Blocks": 0
                                          },
                                          {
                                            "Worker Number": 1,
                                            "Actual Startup Time": 0.001,
                                            "Actual Total Time": 0.003,
                                            "Actual Rows": 2,
                                            "Actual Loops": 783,
                                            "Shared Hit Blocks": 783,
                                            "Shared Read Blocks": 0,
                                            "Shared Dirtied Blocks": 0,
                                            "Shared Written Blocks": 0,
                                            "Local Hit Blocks": 0,
                                            "Local Read Blocks": 0,
                                            "Local Dirtied Blocks": 0,
                                            "Local Written Blocks": 0,
                                            "Temp Read Blocks": 0,
                                            "Temp Written Blocks": 0
                                          }
                                        ]
                                      },
                                      {
                                        "Node Type": "Nested Loop",
                                        "Parent Relationship": "Inner",
                                        "Parallel Aware": false,
                                        "Async Capable": false,
                                        "Join Type": "Inner",
                                        "Startup Cost": 0.56,
                                        "Total Cost": 32.41,
                                        "Plan Rows": 3,
                                        "Plan Width": 47,
                                        "Actual Startup Time": 0.733,
                                        "Actual Total Time": 0.782,
                                        "Actual Rows": 0,
                                        "Actual Loops": 4386,
                                        "Output": [
                                          "catalog_sales.cs_ship_date_sk",
                                          "catalog_sales.cs_sold_date_sk",
                                          "catalog_sales.cs_warehouse_sk",
                                          "catalog_sales.cs_call_center_sk",
                                          "ship_mode.sm_type"
                                        ],
                                        "Inner Unique": false,
                                        "Shared Hit Blocks": 56322,
                                        "Shared Read Blocks": 13805,
                                        "Shared Dirtied Blocks": 0,
                                        "Shared Written Blocks": 0,
                                        "Local Hit Blocks": 0,
                                        "Local Read Blocks": 0,
                                        "Local Dirtied Blocks": 0,
                                        "Local Written Blocks": 0,
                                        "Temp Read Blocks": 0,
                                        "Temp Written Blocks": 0,
                                        "Workers": [
                                          {
                                            "Worker Number": 0,
                                            "Actual Startup Time": 0.734,
                                            "Actual Total Time": 0.795,
                                            "Actual Rows": 0,
                                            "Actual Loops": 1434,
                                            "Shared Hit Blocks": 18334,
                                            "Shared Read Blocks": 4496,
                                            "Shared Dirtied Blocks": 0,
                                            "Shared Written Blocks": 0,
                                            "Local Hit Blocks": 0,
                                            "Local Read Blocks": 0,
                                            "Local Dirtied Blocks": 0,
                                            "Local Written Blocks": 0,
                                            "Temp Read Blocks": 0,
                                            "Temp Written Blocks": 0
                                          },
                                          {
                                            "Worker Number": 1,
                                            "Actual Startup Time": 0.669,
                                            "Actual Total Time": 0.696,
                                            "Actual Rows": 0,
                                            "Actual Loops": 1566,
                                            "Shared Hit Blocks": 20053,
                                            "Shared Read Blocks": 4104,
                                            "Shared Dirtied Blocks": 0,
                                            "Shared Written Blocks": 0,
                                            "Local Hit Blocks": 0,
                                            "Local Read Blocks": 0,
                                            "Local Dirtied Blocks": 0,
                                            "Local Written Blocks": 0,
                                            "Temp Read Blocks": 0,
                                            "Temp Written Blocks": 0
                                          }
                                        ],
                                        "Plans": [
                                          {
                                            "Node Type": "Seq Scan",
                                            "Parent Relationship": "Outer",
                                            "Parallel Aware": false,
                                            "Async Capable": false,
                                            "Relation Name": "ship_mode",
                                            "Schema": "public",
                                            "Alias": "ship_mode",
                                            "Startup Cost": 0.0,
                                            "Total Cost": 1.25,
                                            "Plan Rows": 3,
                                            "Plan Width": 35,
                                            "Actual Startup Time": 0.001,
                                            "Actual Total Time": 0.004,
                                            "Actual Rows": 3,
                                            "Actual Loops": 4386,
                                            "Output": [
                                              "ship_mode.sm_ship_mode_sk",
                                              "ship_mode.sm_ship_mode_id",
                                              "ship_mode.sm_type",
                                              "ship_mode.sm_code",
                                              "ship_mode.sm_carrier",
                                              "ship_mode.sm_contract"
                                            ],
                                            "Filter": "(ship_mode.sm_type = 'REGULAR'::bpchar)",
                                            "Rows Removed by Filter": 17,
                                            "Shared Hit Blocks": 4386,
                                            "Shared Read Blocks": 0,
                                            "Shared Dirtied Blocks": 0,
                                            "Shared Written Blocks": 0,
                                            "Local Hit Blocks": 0,
                                            "Local Read Blocks": 0,
                                            "Local Dirtied Blocks": 0,
                                            "Local Written Blocks": 0,
                                            "Temp Read Blocks": 0,
                                            "Temp Written Blocks": 0,
                                            "Workers": [
                                              {
                                                "Worker Number": 0,
                                                "Actual Startup Time": 0.001,
                                                "Actual Total Time": 0.003,
                                                "Actual Rows": 3,
                                                "Actual Loops": 1434,
                                                "Shared Hit Blocks": 1434,
                                                "Shared Read Blocks": 0,
                                                "Shared Dirtied Blocks": 0,
                                                "Shared Written Blocks": 0,
                                                "Local Hit Blocks": 0,
                                                "Local Read Blocks": 0,
                                                "Local Dirtied Blocks": 0,
                                                "Local Written Blocks": 0,
                                                "Temp Read Blocks": 0,
                                                "Temp Written Blocks": 0
                                              },
                                              {
                                                "Worker Number": 1,
                                                "Actual Startup Time": 0.001,
                                                "Actual Total Time": 0.004,
                                                "Actual Rows": 3,
                                                "Actual Loops": 1566,
                                                "Shared Hit Blocks": 1566,
                                                "Shared Read Blocks": 0,
                                                "Shared Dirtied Blocks": 0,
                                                "Shared Written Blocks": 0,
                                                "Local Hit Blocks": 0,
                                                "Local Read Blocks": 0,
                                                "Local Dirtied Blocks": 0,
                                                "Local Written Blocks": 0,
                                                "Temp Read Blocks": 0,
                                                "Temp Written Blocks": 0
                                              }
                                            ]
                                          },
                                          {
                                            "Node Type": "Index Scan",
                                            "Parent Relationship": "Inner",
                                            "Parallel Aware": false,
                                            "Async Capable": false,
                                            "Scan Direction": "Forward",
                                            "Index Name": "_dta_index_catalog_sales_6_1301579675__k3_k12_k14_k15_16_18",
                                            "Relation Name": "catalog_sales",
                                            "Schema": "public",
                                            "Alias": "catalog_sales",
                                            "Startup Cost": 0.56,
                                            "Total Cost": 10.38,
                                            "Plan Rows": 1,
                                            "Plan Width": 20,
                                            "Actual Startup Time": 0.252,
                                            "Actual Total Time": 0.259,
                                            "Actual Rows": 0,
                                            "Actual Loops": 13158,
                                            "Output": [
                                              "catalog_sales.cs_sold_date_sk",
                                              "catalog_sales.cs_sold_time_sk",
                                              "catalog_sales.cs_ship_date_sk",
                                              "catalog_sales.cs_bill_customer_sk",
                                              "catalog_sales.cs_bill_cdemo_sk",
                                              "catalog_sales.cs_bill_hdemo_sk",
                                              "catalog_sales.cs_bill_addr_sk",
                                              "catalog_sales.cs_ship_customer_sk",
                                              "catalog_sales.cs_ship_cdemo_sk",
                                              "catalog_sales.cs_ship_hdemo_sk",
                                              "catalog_sales.cs_ship_addr_sk",
                                              "catalog_sales.cs_call_center_sk",
                                              "catalog_sales.cs_catalog_page_sk",
                                              "catalog_sales.cs_ship_mode_sk",
                                              "catalog_sales.cs_warehouse_sk",
                                              "catalog_sales.cs_item_sk",
                                              "catalog_sales.cs_promo_sk",
                                              "catalog_sales.cs_order_number",
                                              "catalog_sales.cs_quantity",
                                              "catalog_sales.cs_wholesale_cost",
                                              "catalog_sales.cs_list_price",
                                              "catalog_sales.cs_sales_price",
                                              "catalog_sales.cs_ext_discount_amt",
                                              "catalog_sales.cs_ext_sales_price",
                                              "catalog_sales.cs_ext_wholesale_cost",
                                              "catalog_sales.cs_ext_list_price",
                                              "catalog_sales.cs_ext_tax",
                                              "catalog_sales.cs_coupon_amt",
                                              "catalog_sales.cs_ext_ship_cost",
                                              "catalog_sales.cs_net_paid",
                                              "catalog_sales.cs_net_paid_inc_tax",
                                              "catalog_sales.cs_net_paid_inc_ship",
                                              "catalog_sales.cs_net_paid_inc_ship_tax",
                                              "catalog_sales.cs_net_profit"
                                            ],
                                            "Index Cond": "((catalog_sales.cs_ship_date_sk = date_dim.d_date_sk) AND (catalog_sales.cs_call_center_sk = call_center.cc_call_center_sk) AND (catalog_sales.cs_ship_mode_sk = ship_mode.sm_ship_mode_sk) AND (catalog_sales.cs_warehouse_sk = warehouse.w_warehouse_sk))",
                                            "Rows Removed by Index Recheck": 0,
                                            "Filter": "((catalog_sales.cs_list_price >= '271'::numeric) AND (catalog_sales.cs_list_price <= '300'::numeric))",
                                            "Rows Removed by Filter": 1,
                                            "Shared Hit Blocks": 51936,
                                            "Shared Read Blocks": 13805,
                                            "Shared Dirtied Blocks": 0,
                                            "Shared Written Blocks": 0,
                                            "Local Hit Blocks": 0,
                                            "Local Read Blocks": 0,
                                            "Local Dirtied Blocks": 0,
                                            "Local Written Blocks": 0,
                                            "Temp Read Blocks": 0,
                                            "Temp Written Blocks": 0,
                                            "Workers": [
                                              {
                                                "Worker Number": 0,
                                                "Actual Startup Time": 0.254,
                                                "Actual Total Time": 0.263,
                                                "Actual Rows": 0,
                                                "Actual Loops": 4302,
                                                "Shared Hit Blocks": 16900,
                                                "Shared Read Blocks": 4496,
                                                "Shared Dirtied Blocks": 0,
                                                "Shared Written Blocks": 0,
                                                "Local Hit Blocks": 0,
                                                "Local Read Blocks": 0,
                                                "Local Dirtied Blocks": 0,
                                                "Local Written Blocks": 0,
                                                "Temp Read Blocks": 0,
                                                "Temp Written Blocks": 0
                                              },
                                              {
                                                "Worker Number": 1,
                                                "Actual Startup Time": 0.228,
                                                "Actual Total Time": 0.23,
                                                "Actual Rows": 0,
                                                "Actual Loops": 4698,
                                                "Shared Hit Blocks": 18487,
                                                "Shared Read Blocks": 4104,
                                                "Shared Dirtied Blocks": 0,
                                                "Shared Written Blocks": 0,
                                                "Local Hit Blocks": 0,
                                                "Local Read Blocks": 0,
                                                "Local Dirtied Blocks": 0,
                                                "Local Written Blocks": 0,
                                                "Temp Read Blocks": 0,
                                                "Temp Written Blocks": 0
                                              }
                                            ]
                                          }
                                        ]
                                      }
                                    ]
                                  }
                                ]
                              }
                            ]
                          }
                        ]
                      }
                    ]
                  }
                ]
              }
            ]
          }
        ]
      },
      "Planning": {
        "Shared Hit Blocks": 32,
        "Shared Read Blocks": 26,
        "Shared Dirtied Blocks": 0,
        "Shared Written Blocks": 0,
        "Local Hit Blocks": 0,
        "Local Read Blocks": 0,
        "Local Dirtied Blocks": 0,
        "Local Written Blocks": 0,
        "Temp Read Blocks": 0,
        "Temp Written Blocks": 0
      },
      "Planning Time": 8.282,
      "Triggers": [],
      "Execution Time": 1223.855
    }
  ],
  "original_sql": "select \n   substring(w_warehouse_name,1,20)\n  ,sm_type\n  ,cc_name\n  ,sum(case when (cs_ship_date_sk - cs_sold_date_sk <= 30 ) then 1 else 0 end)  as \"30 days\"\n  ,sum(case when (cs_ship_date_sk - cs_sold_date_sk > 30) and\n                 (cs_ship_date_sk - cs_sold_date_sk <= 60) then 1 else 0 end )  as \"31-60 days\"\n  ,sum(case when (cs_ship_date_sk - cs_sold_date_sk > 60) and\n                 (cs_ship_date_sk - cs_sold_date_sk <= 90) then 1 else 0 end)  as \"61-90 days\"\n  ,sum(case when (cs_ship_date_sk - cs_sold_date_sk > 90) and\n                 (cs_ship_date_sk - cs_sold_date_sk <= 120) then 1 else 0 end)  as \"91-120 days\"\n  ,sum(case when (cs_ship_date_sk - cs_sold_date_sk  > 120) then 1 else 0 end)  as \">120 days\"\nfrom\n   catalog_sales\n  ,warehouse\n  ,ship_mode\n  ,call_center\n  ,date_dim\nwhere\nd_month_seq between 1193 and 1193 + 23\nand cs_ship_date_sk   = d_date_sk\nand cs_warehouse_sk   = w_warehouse_sk\nand cs_ship_mode_sk   = sm_ship_mode_sk\nand cs_call_center_sk = cc_call_center_sk\nand cs_list_price between 271 and 300\nand sm_type = 'REGULAR'\nand cc_class = 'small'\nand w_gmt_offset = -5\ngroup by\n   substring(w_warehouse_name,1,20)\n  ,sm_type\n  ,cc_name\norder by substring(w_warehouse_name,1,20)\n        ,sm_type\n        ,cc_name\nlimit 100"
}