{
  "query_id": "query027_agg",
  "engine": "postgresql",
  "benchmark": "dsb",
  "scale_factor": 10,
  "execution_time_ms": 6208.103,
  "planning_time_ms": 4.002,
  "plan_json": [
    {
      "Plan": {
        "Node Type": "Limit",
        "Parallel Aware": false,
        "Async Capable": false,
        "Startup Cost": 115535.97,
        "Total Cost": 115536.18,
        "Plan Rows": 7,
        "Plan Width": 152,
        "Actual Startup Time": 6199.849,
        "Actual Total Time": 6206.287,
        "Actual Rows": 15,
        "Actual Loops": 1,
        "Output": [
          "item.i_item_id",
          "store.s_state",
          "(GROUPING(store.s_state))",
          "(avg(store_sales.ss_quantity))",
          "(avg(store_sales.ss_list_price))",
          "(avg(store_sales.ss_coupon_amt))",
          "(avg(store_sales.ss_sales_price))"
        ],
        "Shared Hit Blocks": 103234,
        "Shared Read Blocks": 46387,
        "Shared Dirtied Blocks": 0,
        "Shared Written Blocks": 0,
        "Local Hit Blocks": 0,
        "Local Read Blocks": 0,
        "Local Dirtied Blocks": 0,
        "Local Written Blocks": 0,
        "Temp Read Blocks": 0,
        "Temp Written Blocks": 0,
        "Plans": [
          {
            "Node Type": "Aggregate",
            "Strategy": "Sorted",
            "Partial Mode": "Simple",
            "Parent Relationship": "Outer",
            "Parallel Aware": false,
            "Async Capable": false,
            "Startup Cost": 115535.97,
            "Total Cost": 115536.18,
            "Plan Rows": 7,
            "Plan Width": 152,
            "Actual Startup Time": 6184.308,
            "Actual Total Time": 6190.745,
            "Actual Rows": 15,
            "Actual Loops": 1,
            "Output": [
              "item.i_item_id",
              "store.s_state",
              "GROUPING(store.s_state)",
              "avg(store_sales.ss_quantity)",
              "avg(store_sales.ss_list_price)",
              "avg(store_sales.ss_coupon_amt)",
              "avg(store_sales.ss_sales_price)"
            ],
            "Grouping Sets": [
              {
                "Group Keys": [
                  [
                    "item.i_item_id",
                    "store.s_state"
                  ],
                  [
                    "item.i_item_id"
                  ],
                  []
                ]
              }
            ],
            "Shared Hit Blocks": 103234,
            "Shared Read Blocks": 46387,
            "Shared Dirtied Blocks": 0,
            "Shared Written Blocks": 0,
            "Local Hit Blocks": 0,
            "Local Read Blocks": 0,
            "Local Dirtied Blocks": 0,
            "Local Written Blocks": 0,
            "Temp Read Blocks": 0,
            "Temp Written Blocks": 0,
            "Plans": [
              {
                "Node Type": "Sort",
                "Parent Relationship": "Outer",
                "Parallel Aware": false,
                "Async Capable": false,
                "Startup Cost": 115535.97,
                "Total Cost": 115535.98,
                "Plan Rows": 3,
                "Plan Width": 39,
                "Actual Startup Time": 6184.255,
                "Actual Total Time": 6190.669,
                "Actual Rows": 26,
                "Actual Loops": 1,
                "Output": [
                  "item.i_item_id",
                  "store.s_state",
                  "store_sales.ss_quantity",
                  "store_sales.ss_list_price",
                  "store_sales.ss_coupon_amt",
                  "store_sales.ss_sales_price"
                ],
                "Sort Key": [
                  "item.i_item_id"
                ],
                "Sort Method": "quicksort",
                "Sort Space Used": 26,
                "Sort Space Type": "Memory",
                "Shared Hit Blocks": 103234,
                "Shared Read Blocks": 46387,
                "Shared Dirtied Blocks": 0,
                "Shared Written Blocks": 0,
                "Local Hit Blocks": 0,
                "Local Read Blocks": 0,
                "Local Dirtied Blocks": 0,
                "Local Written Blocks": 0,
                "Temp Read Blocks": 0,
                "Temp Written Blocks": 0,
                "Plans": [
                  {
                    "Node Type": "Gather",
                    "Parent Relationship": "Outer",
                    "Parallel Aware": false,
                    "Async Capable": false,
                    "Startup Cost": 1007.9,
                    "Total Cost": 115535.95,
                    "Plan Rows": 3,
                    "Plan Width": 39,
                    "Actual Startup Time": 190.933,
                    "Actual Total Time": 6190.635,
                    "Actual Rows": 26,
                    "Actual Loops": 1,
                    "Output": [
                      "item.i_item_id",
                      "store.s_state",
                      "store_sales.ss_quantity",
                      "store_sales.ss_list_price",
                      "store_sales.ss_coupon_amt",
                      "store_sales.ss_sales_price"
                    ],
                    "Workers Planned": 2,
                    "Workers Launched": 2,
                    "Single Copy": false,
                    "Shared Hit Blocks": 103234,
                    "Shared Read Blocks": 46387,
                    "Shared Dirtied Blocks": 0,
                    "Shared Written Blocks": 0,
                    "Local Hit Blocks": 0,
                    "Local Read Blocks": 0,
                    "Local Dirtied Blocks": 0,
                    "Local Written Blocks": 0,
                    "Temp Read Blocks": 0,
                    "Temp Written Blocks": 0,
                    "Plans": [
                      {
                        "Node Type": "Nested Loop",
                        "Parent Relationship": "Outer",
                        "Parallel Aware": false,
                        "Async Capable": false,
                        "Join Type": "Inner",
                        "Startup Cost": 7.9,
                        "Total Cost": 114535.65,
                        "Plan Rows": 1,
                        "Plan Width": 39,
                        "Actual Startup Time": 455.289,
                        "Actual Total Time": 2948.485,
                        "Actual Rows": 9,
                        "Actual Loops": 3,
                        "Output": [
                          "item.i_item_id",
                          "store.s_state",
                          "store_sales.ss_quantity",
                          "store_sales.ss_list_price",
                          "store_sales.ss_coupon_amt",
                          "store_sales.ss_sales_price"
                        ],
                        "Inner Unique": true,
                        "Shared Hit Blocks": 103234,
                        "Shared Read Blocks": 46387,
                        "Shared Dirtied Blocks": 0,
                        "Shared Written Blocks": 0,
                        "Local Hit Blocks": 0,
                        "Local Read Blocks": 0,
                        "Local Dirtied Blocks": 0,
                        "Local Written Blocks": 0,
                        "Temp Read Blocks": 0,
                        "Temp Written Blocks": 0,
                        "Workers": [
                          {
                            "Worker Number": 0,
                            "Actual Startup Time": 648.53,
                            "Actual Total Time": 1032.81,
                            "Actual Rows": 2,
                            "Actual Loops": 1,
                            "JIT": {
                              "Functions": 27,
                              "Options": {
                                "Inlining": false,
                                "Optimization": false,
                                "Expressions": true,
                                "Deforming": true
                              },
                              "Timing": {
                                "Generation": 2.643,
                                "Inlining": 0.0,
                                "Optimization": 0.659,
                                "Emission": 11.836,
                                "Total": 15.138
                              }
                            },
                            "Shared Hit Blocks": 8141,
                            "Shared Read Blocks": 3856,
                            "Shared Dirtied Blocks": 0,
                            "Shared Written Blocks": 0,
                            "Local Hit Blocks": 0,
                            "Local Read Blocks": 0,
                            "Local Dirtied Blocks": 0,
                            "Local Written Blocks": 0,
                            "Temp Read Blocks": 0,
                            "Temp Written Blocks": 0
                          },
                          {
                            "Worker Number": 1,
                            "Actual Startup Time": 526.717,
                            "Actual Total Time": 6141.157,
                            "Actual Rows": 21,
                            "Actual Loops": 1,
                            "JIT": {
                              "Functions": 27,
                              "Options": {
                                "Inlining": false,
                                "Optimization": false,
                                "Expressions": true,
                                "Deforming": true
                              },
                              "Timing": {
                                "Generation": 2.555,
                                "Inlining": 0.0,
                                "Optimization": 0.867,
                                "Emission": 16.118,
                                "Total": 19.541
                              }
                            },
                            "Shared Hit Blocks": 81571,
                            "Shared Read Blocks": 35852,
                            "Shared Dirtied Blocks": 0,
                            "Shared Written Blocks": 0,
                            "Local Hit Blocks": 0,
                            "Local Read Blocks": 0,
                            "Local Dirtied Blocks": 0,
                            "Local Written Blocks": 0,
                            "Temp Read Blocks": 0,
                            "Temp Written Blocks": 0
                          }
                        ],
                        "Plans": [
                          {
                            "Node Type": "Nested Loop",
                            "Parent Relationship": "Outer",
                            "Parallel Aware": false,
                            "Async Capable": false,
                            "Join Type": "Inner",
                            "Startup Cost": 7.47,
                            "Total Cost": 114458.57,
                            "Plan Rows": 95,
                            "Plan Width": 43,
                            "Actual Startup Time": 26.264,
                            "Actual Total Time": 2731.41,
                            "Actual Rows": 684,
                            "Actual Loops": 3,
                            "Output": [
                              "store_sales.ss_quantity",
                              "store_sales.ss_list_price",
                              "store_sales.ss_coupon_amt",
                              "store_sales.ss_sales_price",
                              "store_sales.ss_cdemo_sk",
                              "store.s_state",
                              "item.i_item_id"
                            ],
                            "Inner Unique": true,
                            "Shared Hit Blocks": 98337,
                            "Shared Read Blocks": 43158,
                            "Shared Dirtied Blocks": 0,
                            "Shared Written Blocks": 0,
                            "Local Hit Blocks": 0,
                            "Local Read Blocks": 0,
                            "Local Dirtied Blocks": 0,
                            "Local Written Blocks": 0,
                            "Temp Read Blocks": 0,
                            "Temp Written Blocks": 0,
                            "Workers": [
                              {
                                "Worker Number": 0,
                                "Actual Startup Time": 23.852,
                                "Actual Total Time": 974.552,
                                "Actual Rows": 164,
                                "Actual Loops": 1,
                                "Shared Hit Blocks": 7754,
                                "Shared Read Blocks": 3590,
                                "Shared Dirtied Blocks": 0,
                                "Shared Written Blocks": 0,
                                "Local Hit Blocks": 0,
                                "Local Read Blocks": 0,
                                "Local Dirtied Blocks": 0,
                                "Local Written Blocks": 0,
                                "Temp Read Blocks": 0,
                                "Temp Written Blocks": 0
                              },
                              {
                                "Worker Number": 1,
                                "Actual Startup Time": 32.515,
                                "Actual Total Time": 5649.994,
                                "Actual Rows": 1607,
                                "Actual Loops": 1,
                                "Shared Hit Blocks": 77672,
                                "Shared Read Blocks": 33370,
                                "Shared Dirtied Blocks": 0,
                                "Shared Written Blocks": 0,
                                "Local Hit Blocks": 0,
                                "Local Read Blocks": 0,
                                "Local Dirtied Blocks": 0,
                                "Local Written Blocks": 0,
                                "Temp Read Blocks": 0,
                                "Temp Written Blocks": 0
                              }
                            ],
                            "Plans": [
                              {
                                "Node Type": "Hash Join",
                                "Parent Relationship": "Outer",
                                "Parallel Aware": false,
                                "Async Capable": false,
                                "Join Type": "Inner",
                                "Startup Cost": 7.18,
                                "Total Cost": 113175.22,
                                "Plan Rows": 2145,
                                "Plan Width": 30,
                                "Actual Startup Time": 21.098,
                                "Actual Total Time": 2391.34,
                                "Actual Rows": 11568,
                                "Actual Loops": 3,
                                "Output": [
                                  "store_sales.ss_quantity",
                                  "store_sales.ss_list_price",
                                  "store_sales.ss_coupon_amt",
                                  "store_sales.ss_sales_price",
                                  "store_sales.ss_item_sk",
                                  "store_sales.ss_cdemo_sk",
                                  "store.s_state"
                                ],
                                "Inner Unique": true,
                                "Hash Cond": "(store_sales.ss_store_sk = store.s_store_sk)",
                                "Shared Hit Blocks": 3486,
                                "Shared Read Blocks": 33898,
                                "Shared Dirtied Blocks": 0,
                                "Shared Written Blocks": 0,
                                "Local Hit Blocks": 0,
                                "Local Read Blocks": 0,
                                "Local Dirtied Blocks": 0,
                                "Local Written Blocks": 0,
                                "Temp Read Blocks": 0,
                                "Temp Written Blocks": 0,
                                "Workers": [
                                  {
                                    "Worker Number": 0,
                                    "Actual Startup Time": 23.811,
                                    "Actual Total Time": 842.975,
                                    "Actual Rows": 2732,
                                    "Actual Loops": 1,
                                    "Shared Hit Blocks": 639,
                                    "Shared Read Blocks": 2508,
                                    "Shared Dirtied Blocks": 0,
                                    "Shared Written Blocks": 0,
                                    "Local Hit Blocks": 0,
                                    "Local Read Blocks": 0,
                                    "Local Dirtied Blocks": 0,
                                    "Local Written Blocks": 0,
                                    "Temp Read Blocks": 0,
                                    "Temp Written Blocks": 0
                                  },
                                  {
                                    "Worker Number": 1,
                                    "Actual Startup Time": 20.707,
                                    "Actual Total Time": 4965.948,
                                    "Actual Rows": 27174,
                                    "Actual Loops": 1,
                                    "Shared Hit Blocks": 2582,
                                    "Shared Read Blocks": 26937,
                                    "Shared Dirtied Blocks": 0,
                                    "Shared Written Blocks": 0,
                                    "Local Hit Blocks": 0,
                                    "Local Read Blocks": 0,
                                    "Local Dirtied Blocks": 0,
                                    "Local Written Blocks": 0,
                                    "Temp Read Blocks": 0,
                                    "Temp Written Blocks": 0
                                  }
                                ],
                                "Plans": [
                                  {
                                    "Node Type": "Nested Loop",
                                    "Parent Relationship": "Outer",
                                    "Parallel Aware": false,
                                    "Async Capable": false,
                                    "Join Type": "Inner",
                                    "Startup Cost": 0.85,
                                    "Total Cost": 113012.27,
                                    "Plan Rows": 57395,
                                    "Plan Width": 31,
                                    "Actual Startup Time": 16.768,
                                    "Actual Total Time": 2312.303,
                                    "Actual Rows": 1538933,
                                    "Actual Loops": 3,
                                    "Output": [
                                      "store_sales.ss_quantity",
                                      "store_sales.ss_list_price",
                                      "store_sales.ss_coupon_amt",
                                      "store_sales.ss_sales_price",
                                      "store_sales.ss_item_sk",
                                      "store_sales.ss_store_sk",
                                      "store_sales.ss_cdemo_sk"
                                    ],
                                    "Inner Unique": false,
                                    "Shared Hit Blocks": 3422,
                                    "Shared Read Blocks": 33889,
                                    "Shared Dirtied Blocks": 0,
                                    "Shared Written Blocks": 0,
                                    "Local Hit Blocks": 0,
                                    "Local Read Blocks": 0,
                                    "Local Dirtied Blocks": 0,
                                    "Local Written Blocks": 0,
                                    "Temp Read Blocks": 0,
                                    "Temp Written Blocks": 0,
                                    "Workers": [
                                      {
                                        "Worker Number": 0,
                                        "Actual Startup Time": 14.746,
                                        "Actual Total Time": 823.171,
                                        "Actual Rows": 324526,
                                        "Actual Loops": 1,
                                        "Shared Hit Blocks": 611,
                                        "Shared Read Blocks": 2502,
                                        "Shared Dirtied Blocks": 0,
                                        "Shared Written Blocks": 0,
                                        "Local Hit Blocks": 0,
                                        "Local Read Blocks": 0,
                                        "Local Dirtied Blocks": 0,
                                        "Local Written Blocks": 0,
                                        "Temp Read Blocks": 0,
                                        "Temp Written Blocks": 0
                                      },
                                      {
                                        "Worker Number": 1,
                                        "Actual Startup Time": 18.674,
                                        "Actual Total Time": 4782.226,
                                        "Actual Rows": 3700157,
                                        "Actual Loops": 1,
                                        "Shared Hit Blocks": 2548,
                                        "Shared Read Blocks": 26937,
                                        "Shared Dirtied Blocks": 0,
                                        "Shared Written Blocks": 0,
                                        "Local Hit Blocks": 0,
                                        "Local Read Blocks": 0,
                                        "Local Dirtied Blocks": 0,
                                        "Local Written Blocks": 0,
                                        "Temp Read Blocks": 0,
                                        "Temp Written Blocks": 0
                                      }
                                    ],
                                    "Plans": [
                                      {
                                        "Node Type": "Index Only Scan",
                                        "Parent Relationship": "Outer",
                                        "Parallel Aware": true,
                                        "Async Capable": false,
                                        "Scan Direction": "Forward",
                                        "Index Name": "_dta_index_date_dim_6_661577395__k1_k7_k9",
                                        "Relation Name": "date_dim",
                                        "Schema": "public",
                                        "Alias": "date_dim",
                                        "Startup Cost": 0.29,
                                        "Total Cost": 1688.68,
                                        "Plan Rows": 152,
                                        "Plan Width": 4,
                                        "Actual Startup Time": 5.319,
                                        "Actual Total Time": 11.62,
                                        "Actual Rows": 122,
                                        "Actual Loops": 3,
                                        "Output": [
                                          "date_dim.d_date_sk",
                                          "date_dim.d_year",
                                          "date_dim.d_moy"
                                        ],
                                        "Index Cond": "(date_dim.d_year = 2002)",
                                        "Rows Removed by Index Recheck": 0,
                                        "Heap Fetches": 0,
                                        "Shared Hit Blocks": 12,
                                        "Shared Read Blocks": 272,
                                        "Shared Dirtied Blocks": 0,
                                        "Shared Written Blocks": 0,
                                        "Local Hit Blocks": 0,
                                        "Local Read Blocks": 0,
                                        "Local Dirtied Blocks": 0,
                                        "Local Written Blocks": 0,
                                        "Temp Read Blocks": 0,
                                        "Temp Written Blocks": 0,
                                        "Workers": [
                                          {
                                            "Worker Number": 0,
                                            "Actual Startup Time": 0.289,
                                            "Actual Total Time": 18.781,
                                            "Actual Rows": 35,
                                            "Actual Loops": 1,
                                            "Shared Hit Blocks": 2,
                                            "Shared Read Blocks": 135,
                                            "Shared Dirtied Blocks": 0,
                                            "Shared Written Blocks": 0,
                                            "Local Hit Blocks": 0,
                                            "Local Read Blocks": 0,
                                            "Local Dirtied Blocks": 0,
                                            "Local Written Blocks": 0,
                                            "Temp Read Blocks": 0,
                                            "Temp Written Blocks": 0
                                          },
                                          {
                                            "Worker Number": 1,
                                            "Actual Startup Time": 0.339,
                                            "Actual Total Time": 0.67,
                                            "Actual Rows": 261,
                                            "Actual Loops": 1,
                                            "Shared Hit Blocks": 2,
                                            "Shared Read Blocks": 0,
                                            "Shared Dirtied Blocks": 0,
                                            "Shared Written Blocks": 0,
                                            "Local Hit Blocks": 0,
                                            "Local Read Blocks": 0,
                                            "Local Dirtied Blocks": 0,
                                            "Local Written Blocks": 0,
                                            "Temp Read Blocks": 0,
                                            "Temp Written Blocks": 0
                                          }
                                        ]
                                      },
                                      {
                                        "Node Type": "Index Only Scan",
                                        "Parent Relationship": "Inner",
                                        "Parallel Aware": false,
                                        "Async Capable": false,
                                        "Scan Direction": "Forward",
                                        "Index Name": "_dta_index_store_sales_6_1333579789__k1_k5_k8_k3_11_13_14_20",
                                        "Relation Name": "store_sales",
                                        "Schema": "public",
                                        "Alias": "store_sales",
                                        "Startup Cost": 0.56,
                                        "Total Cost": 597.58,
                                        "Plan Rows": 13481,
                                        "Plan Width": 35,
                                        "Actual Startup Time": 0.139,
                                        "Actual Total Time": 18.005,
                                        "Actual Rows": 12649,
                                        "Actual Loops": 365,
                                        "Output": [
                                          "store_sales.ss_sold_date_sk",
                                          "store_sales.ss_cdemo_sk",
                                          "store_sales.ss_store_sk",
                                          "store_sales.ss_item_sk",
                                          "store_sales.ss_quantity",
                                          "store_sales.ss_list_price",
                                          "store_sales.ss_sales_price",
                                          "store_sales.ss_coupon_amt"
                                        ],
                                        "Index Cond": "(store_sales.ss_sold_date_sk = date_dim.d_date_sk)",
                                        "Rows Removed by Index Recheck": 0,
                                        "Heap Fetches": 0,
                                        "Shared Hit Blocks": 3410,
                                        "Shared Read Blocks": 33617,
                                        "Shared Dirtied Blocks": 0,
                                        "Shared Written Blocks": 0,
                                        "Local Hit Blocks": 0,
                                        "Local Read Blocks": 0,
                                        "Local Dirtied Blocks": 0,
                                        "Local Written Blocks": 0,
                                        "Temp Read Blocks": 0,
                                        "Temp Written Blocks": 0,
                                        "Workers": [
                                          {
                                            "Worker Number": 0,
                                            "Actual Startup Time": 0.156,
                                            "Actual Total Time": 21.972,
                                            "Actual Rows": 9272,
                                            "Actual Loops": 35,
                                            "Shared Hit Blocks": 609,
                                            "Shared Read Blocks": 2367,
                                            "Shared Dirtied Blocks": 0,
                                            "Shared Written Blocks": 0,
                                            "Local Hit Blocks": 0,
                                            "Local Read Blocks": 0,
                                            "Local Dirtied Blocks": 0,
                                            "Local Written Blocks": 0,
                                            "Temp Read Blocks": 0,
                                            "Temp Written Blocks": 0
                                          },
                                          {
                                            "Worker Number": 1,
                                            "Actual Startup Time": 0.146,
                                            "Actual Total Time": 17.347,
                                            "Actual Rows": 14177,
                                            "Actual Loops": 261,
                                            "Shared Hit Blocks": 2546,
                                            "Shared Read Blocks": 26937,
                                            "Shared Dirtied Blocks": 0,
                                            "Shared Written Blocks": 0,
                                            "Local Hit Blocks": 0,
                                            "Local Read Blocks": 0,
                                            "Local Dirtied Blocks": 0,
                                            "Local Written Blocks": 0,
                                            "Temp Read Blocks": 0,
                                            "Temp Written Blocks": 0
                                          }
                                        ]
                                      }
                                    ]
                                  },
                                  {
                                    "Node Type": "Hash",
                                    "Parent Relationship": "Inner",
                                    "Parallel Aware": false,
                                    "Async Capable": false,
                                    "Startup Cost": 6.28,
                                    "Total Cost": 6.28,
                                    "Plan Rows": 4,
                                    "Plan Width": 7,
                                    "Actual Startup Time": 0.286,
                                    "Actual Total Time": 0.286,
                                    "Actual Rows": 4,
                                    "Actual Loops": 3,
                                    "Output": [
                                      "store.s_state",
                                      "store.s_store_sk"
                                    ],
                                    "Hash Buckets": 1024,
                                    "Original Hash Buckets": 1024,
                                    "Hash Batches": 1,
                                    "Original Hash Batches": 1,
                                    "Peak Memory Usage": 9,
                                    "Shared Hit Blocks": 12,
                                    "Shared Read Blocks": 3,
                                    "Shared Dirtied Blocks": 0,
                                    "Shared Written Blocks": 0,
                                    "Local Hit Blocks": 0,
                                    "Local Read Blocks": 0,
                                    "Local Dirtied Blocks": 0,
                                    "Local Written Blocks": 0,
                                    "Temp Read Blocks": 0,
                                    "Temp Written Blocks": 0,
                                    "Workers": [
                                      {
                                        "Worker Number": 0,
                                        "Actual Startup Time": 0.259,
                                        "Actual Total Time": 0.26,
                                        "Actual Rows": 4,
                                        "Actual Loops": 1,
                                        "Shared Hit Blocks": 5,
                                        "Shared Read Blocks": 0,
                                        "Shared Dirtied Blocks": 0,
                                        "Shared Written Blocks": 0,
                                        "Local Hit Blocks": 0,
                                        "Local Read Blocks": 0,
                                        "Local Dirtied Blocks": 0,
                                        "Local Written Blocks": 0,
                                        "Temp Read Blocks": 0,
                                        "Temp Written Blocks": 0
                                      },
                                      {
                                        "Worker Number": 1,
                                        "Actual Startup Time": 0.309,
                                        "Actual Total Time": 0.31,
                                        "Actual Rows": 4,
                                        "Actual Loops": 1,
                                        "Shared Hit Blocks": 5,
                                        "Shared Read Blocks": 0,
                                        "Shared Dirtied Blocks": 0,
                                        "Shared Written Blocks": 0,
                                        "Local Hit Blocks": 0,
                                        "Local Read Blocks": 0,
                                        "Local Dirtied Blocks": 0,
                                        "Local Written Blocks": 0,
                                        "Temp Read Blocks": 0,
                                        "Temp Written Blocks": 0
                                      }
                                    ],
                                    "Plans": [
                                      {
                                        "Node Type": "Seq Scan",
                                        "Parent Relationship": "Outer",
                                        "Parallel Aware": false,
                                        "Async Capable": false,
                                        "Relation Name": "store",
                                        "Schema": "public",
                                        "Alias": "store",
                                        "Startup Cost": 0.0,
                                        "Total Cost": 6.28,
                                        "Plan Rows": 4,
                                        "Plan Width": 7,
                                        "Actual Startup Time": 0.172,
                                        "Actual Total Time": 0.278,
                                        "Actual Rows": 4,
                                        "Actual Loops": 3,
                                        "Output": [
                                          "store.s_state",
                                          "store.s_store_sk"
                                        ],
                                        "Filter": "(store.s_state = 'VA'::bpchar)",
                                        "Rows Removed by Filter": 98,
                                        "Shared Hit Blocks": 12,
                                        "Shared Read Blocks": 3,
                                        "Shared Dirtied Blocks": 0,
                                        "Shared Written Blocks": 0,
                                        "Local Hit Blocks": 0,
                                        "Local Read Blocks": 0,
                                        "Local Dirtied Blocks": 0,
                                        "Local Written Blocks": 0,
                                        "Temp Read Blocks": 0,
                                        "Temp Written Blocks": 0,
                                        "Workers": [
                                          {
                                            "Worker Number": 0,
                                            "Actual Startup Time": 0.226,
                                            "Actual Total Time": 0.253,
                                            "Actual Rows": 4,
                                            "Actual Loops": 1,
                                            "Shared Hit Blocks": 5,
                                            "Shared Read Blocks": 0,
                                            "Shared Dirtied Blocks": 0,
                                            "Shared Written Blocks": 0,
                                            "Local Hit Blocks": 0,
                                            "Local Read Blocks": 0,
                                            "Local Dirtied Blocks": 0,
                                            "Local Written Blocks": 0,
                                            "Temp Read Blocks": 0,
                                            "Temp Written Blocks": 0
                                          },
                                          {
                                            "Worker Number": 1,
                                            "Actual Startup Time": 0.278,
                                            "Actual Total Time": 0.303,
                                            "Actual Rows": 4,
                                            "Actual Loops": 1,
                                            "Shared Hit Blocks": 5,
                                            "Shared Read Blocks": 0,
                                            "Shared Dirtied Blocks": 0,
                                            "Shared Written Blocks": 0,
                                            "Local Hit Blocks": 0,
                                            "Local Read Blocks": 0,
                                            "Local Dirtied Blocks": 0,
                                            "Local Written Blocks": 0,
                                            "Temp Read Blocks": 0,
                                            "Temp Written Blocks": 0
                                          }
                                        ]
                                      }
                                    ]
                                  }
                                ]
                              },
                              {
                                "Node Type": "Index Scan",
                                "Parent Relationship": "Inner",
                                "Parallel Aware": false,
                                "Async Capable": false,
                                "Scan Direction": "Forward",
                                "Index Name": "item_pkey",
                                "Relation Name": "item",
                                "Schema": "public",
                                "Alias": "item",
                                "Startup Cost": 0.29,
                                "Total Cost": 0.6,
                                "Plan Rows": 1,
                                "Plan Width": 21,
                                "Actual Startup Time": 0.029,
                                "Actual Total Time": 0.029,
                                "Actual Rows": 0,
                                "Actual Loops": 34703,
                                "Output": [
                                  "item.i_item_sk",
                                  "item.i_item_id",
                                  "item.i_rec_start_date",
                                  "item.i_rec_end_date",
                                  "item.i_item_desc",
                                  "item.i_current_price",
                                  "item.i_wholesale_cost",
                                  "item.i_brand_id",
                                  "item.i_brand",
                                  "item.i_class_id",
                                  "item.i_class",
                                  "item.i_category_id",
                                  "item.i_category",
                                  "item.i_manufact_id",
                                  "item.i_manufact",
                                  "item.i_size",
                                  "item.i_formulation",
                                  "item.i_color",
                                  "item.i_units",
                                  "item.i_container",
                                  "item.i_manager_id",
                                  "item.i_product_name"
                                ],
                                "Index Cond": "(item.i_item_sk = store_sales.ss_item_sk)",
                                "Rows Removed by Index Recheck": 0,
                                "Filter": "(item.i_category = 'Jewelry'::bpchar)",
                                "Rows Removed by Filter": 1,
                                "Shared Hit Blocks": 94851,
                                "Shared Read Blocks": 9260,
                                "Shared Dirtied Blocks": 0,
                                "Shared Written Blocks": 0,
                                "Local Hit Blocks": 0,
                                "Local Read Blocks": 0,
                                "Local Dirtied Blocks": 0,
                                "Local Written Blocks": 0,
                                "Temp Read Blocks": 0,
                                "Temp Written Blocks": 0,
                                "Workers": [
                                  {
                                    "Worker Number": 0,
                                    "Actual Startup Time": 0.047,
                                    "Actual Total Time": 0.047,
                                    "Actual Rows": 0,
                                    "Actual Loops": 2732,
                                    "Shared Hit Blocks": 7115,
                                    "Shared Read Blocks": 1082,
                                    "Shared Dirtied Blocks": 0,
                                    "Shared Written Blocks": 0,
                                    "Local Hit Blocks": 0,
                                    "Local Read Blocks": 0,
                                    "Local Dirtied Blocks": 0,
                                    "Local Written Blocks": 0,
                                    "Temp Read Blocks": 0,
                                    "Temp Written Blocks": 0
                                  },
                                  {
                                    "Worker Number": 1,
                                    "Actual Startup Time": 0.025,
                                    "Actual Total Time": 0.025,
                                    "Actual Rows": 0,
                                    "Actual Loops": 27174,
                                    "Shared Hit Blocks": 75090,
                                    "Shared Read Blocks": 6433,
                                    "Shared Dirtied Blocks": 0,
                                    "Shared Written Blocks": 0,
                                    "Local Hit Blocks": 0,
                                    "Local Read Blocks": 0,
                                    "Local Dirtied Blocks": 0,
                                    "Local Written Blocks": 0,
                                    "Temp Read Blocks": 0,
                                    "Temp Written Blocks": 0
                                  }
                                ]
                              }
                            ]
                          },
                          {
                            "Node Type": "Index Scan",
                            "Parent Relationship": "Inner",
                            "Parallel Aware": false,
                            "Async Capable": false,
                            "Scan Direction": "Forward",
                            "Index Name": "customer_demographics_pkey",
                            "Relation Name": "customer_demographics",
                            "Schema": "public",
                            "Alias": "customer_demographics",
                            "Startup Cost": 0.43,
                            "Total Cost": 0.81,
                            "Plan Rows": 1,
                            "Plan Width": 4,
                            "Actual Startup Time": 0.316,
                            "Actual Total Time": 0.316,
                            "Actual Rows": 0,
                            "Actual Loops": 2051,
                            "Output": [
                              "customer_demographics.cd_demo_sk",
                              "customer_demographics.cd_gender",
                              "customer_demographics.cd_marital_status",
                              "customer_demographics.cd_education_status",
                              "customer_demographics.cd_purchase_estimate",
                              "customer_demographics.cd_credit_rating",
                              "customer_demographics.cd_dep_count",
                              "customer_demographics.cd_dep_employed_count",
                              "customer_demographics.cd_dep_college_count"
                            ],
                            "Index Cond": "(customer_demographics.cd_demo_sk = store_sales.ss_cdemo_sk)",
                            "Rows Removed by Index Recheck": 0,
                            "Filter": "((customer_demographics.cd_gender = 'M'::bpchar) AND (customer_demographics.cd_marital_status = 'S'::bpchar) AND (customer_demographics.cd_education_status = 'Advanced Degree'::bpchar))",
                            "Rows Removed by Filter": 1,
                            "Shared Hit Blocks": 4897,
                            "Shared Read Blocks": 3229,
                            "Shared Dirtied Blocks": 0,
                            "Shared Written Blocks": 0,
                            "Local Hit Blocks": 0,
                            "Local Read Blocks": 0,
                            "Local Dirtied Blocks": 0,
                            "Local Written Blocks": 0,
                            "Temp Read Blocks": 0,
                            "Temp Written Blocks": 0,
                            "Workers": [
                              {
                                "Worker Number": 0,
                                "Actual Startup Time": 0.354,
                                "Actual Total Time": 0.354,
                                "Actual Rows": 0,
                                "Actual Loops": 164,
                                "Shared Hit Blocks": 387,
                                "Shared Read Blocks": 266,
                                "Shared Dirtied Blocks": 0,
                                "Shared Written Blocks": 0,
                                "Local Hit Blocks": 0,
                                "Local Read Blocks": 0,
                                "Local Dirtied Blocks": 0,
                                "Local Written Blocks": 0,
                                "Temp Read Blocks": 0,
                                "Temp Written Blocks": 0
                              },
                              {
                                "Worker Number": 1,
                                "Actual Startup Time": 0.305,
                                "Actual Total Time": 0.305,
                                "Actual Rows": 0,
                                "Actual Loops": 1607,
                                "Shared Hit Blocks": 3899,
                                "Shared Read Blocks": 2482,
                                "Shared Dirtied Blocks": 0,
                                "Shared Written Blocks": 0,
                                "Local Hit Blocks": 0,
                                "Local Read Blocks": 0,
                                "Local Dirtied Blocks": 0,
                                "Local Written Blocks": 0,
                                "Temp Read Blocks": 0,
                                "Temp Written Blocks": 0
                              }
                            ]
                          }
                        ]
                      }
                    ]
                  }
                ]
              }
            ]
          }
        ]
      },
      "Planning": {
        "Shared Hit Blocks": 14,
        "Shared Read Blocks": 29,
        "Shared Dirtied Blocks": 0,
        "Shared Written Blocks": 0,
        "Local Hit Blocks": 0,
        "Local Read Blocks": 0,
        "Local Dirtied Blocks": 0,
        "Local Written Blocks": 0,
        "Temp Read Blocks": 0,
        "Temp Written Blocks": 0
      },
      "Planning Time": 4.002,
      "Triggers": [],
      "JIT": {
        "Functions": 88,
        "Options": {
          "Inlining": false,
          "Optimization": false,
          "Expressions": true,
          "Deforming": true
        },
        "Timing": {
          "Generation": 6.876,
          "Inlining": 0.0,
          "Optimization": 2.347,
          "Emission": 42.827,
          "Total": 52.05
        }
      },
      "Execution Time": 6208.103
    }
  ],
  "original_sql": "select  i_item_id,\n        s_state, grouping(s_state) g_state,\n        avg(ss_quantity) agg1,\n        avg(ss_list_price) agg2,\n        avg(ss_coupon_amt) agg3,\n        avg(ss_sales_price) agg4\nfrom store_sales, customer_demographics, date_dim, store, item\nwhere ss_sold_date_sk = d_date_sk and\n      ss_item_sk = i_item_sk and\n      ss_store_sk = s_store_sk and\n      ss_cdemo_sk = cd_demo_sk and\n      cd_gender = 'M' and\n      cd_marital_status = 'S' and\n      cd_education_status = 'Advanced Degree' and\n      d_year = 2002 and\n      s_state = 'VA' and\n     i_category  = 'Jewelry'\n group by rollup (i_item_id, s_state)\n order by i_item_id\n         ,s_state\n limit 100"
}