{
  "query_id": "query025_spj_spj",
  "engine": "postgresql",
  "benchmark": "dsb",
  "scale_factor": 10,
  "execution_time_ms": 6949.236,
  "planning_time_ms": 20.088,
  "plan_json": [
    {
      "Plan": {
        "Node Type": "Aggregate",
        "Strategy": "Plain",
        "Partial Mode": "Simple",
        "Parallel Aware": false,
        "Async Capable": false,
        "Startup Cost": 28685.66,
        "Total Cost": 28685.67,
        "Plan Rows": 1,
        "Plan Width": 236,
        "Actual Startup Time": 6946.973,
        "Actual Total Time": 6949.174,
        "Actual Rows": 1,
        "Actual Loops": 1,
        "Output": [
          "min(item.i_item_id)",
          "min((item.i_item_desc)::text)",
          "min(store.s_store_id)",
          "min((store.s_store_name)::text)",
          "min(store_sales.ss_net_profit)",
          "min(store_returns.sr_net_loss)",
          "min(catalog_sales.cs_net_profit)",
          "min(store_sales.ss_item_sk)",
          "min(store_returns.sr_ticket_number)",
          "min(catalog_sales.cs_order_number)"
        ],
        "Shared Hit Blocks": 288849,
        "Shared Read Blocks": 28477,
        "Shared Dirtied Blocks": 0,
        "Shared Written Blocks": 0,
        "Local Hit Blocks": 0,
        "Local Read Blocks": 0,
        "Local Dirtied Blocks": 0,
        "Local Written Blocks": 0,
        "Temp Read Blocks": 0,
        "Temp Written Blocks": 0,
        "Plans": [
          {
            "Node Type": "Nested Loop",
            "Parent Relationship": "Outer",
            "Parallel Aware": false,
            "Async Capable": false,
            "Join Type": "Inner",
            "Startup Cost": 18437.62,
            "Total Cost": 28685.64,
            "Plan Rows": 1,
            "Plan Width": 170,
            "Actual Startup Time": 4629.637,
            "Actual Total Time": 6949.157,
            "Actual Rows": 2,
            "Actual Loops": 1,
            "Output": [
              "item.i_item_id",
              "item.i_item_desc",
              "store.s_store_id",
              "store.s_store_name",
              "store_sales.ss_net_profit",
              "store_returns.sr_net_loss",
              "catalog_sales.cs_net_profit",
              "store_sales.ss_item_sk",
              "store_returns.sr_ticket_number",
              "catalog_sales.cs_order_number"
            ],
            "Inner Unique": true,
            "Shared Hit Blocks": 288849,
            "Shared Read Blocks": 28477,
            "Shared Dirtied Blocks": 0,
            "Shared Written Blocks": 0,
            "Local Hit Blocks": 0,
            "Local Read Blocks": 0,
            "Local Dirtied Blocks": 0,
            "Local Written Blocks": 0,
            "Temp Read Blocks": 0,
            "Temp Written Blocks": 0,
            "Plans": [
              {
                "Node Type": "Nested Loop",
                "Parent Relationship": "Outer",
                "Parallel Aware": false,
                "Async Capable": false,
                "Join Type": "Inner",
                "Startup Cost": 18437.2,
                "Total Cost": 28683.26,
                "Plan Rows": 1,
                "Plan Width": 59,
                "Actual Startup Time": 4629.555,
                "Actual Total Time": 6948.796,
                "Actual Rows": 2,
                "Actual Loops": 1,
                "Output": [
                  "store_sales.ss_net_profit",
                  "store_sales.ss_item_sk",
                  "store_returns.sr_net_loss",
                  "store_returns.sr_ticket_number",
                  "store_returns.sr_item_sk",
                  "catalog_sales.cs_net_profit",
                  "catalog_sales.cs_order_number",
                  "catalog_sales.cs_item_sk",
                  "store.s_store_id",
                  "store.s_store_name"
                ],
                "Inner Unique": true,
                "Shared Hit Blocks": 288846,
                "Shared Read Blocks": 28473,
                "Shared Dirtied Blocks": 0,
                "Shared Written Blocks": 0,
                "Local Hit Blocks": 0,
                "Local Read Blocks": 0,
                "Local Dirtied Blocks": 0,
                "Local Written Blocks": 0,
                "Temp Read Blocks": 0,
                "Temp Written Blocks": 0,
                "Plans": [
                  {
                    "Node Type": "Nested Loop",
                    "Parent Relationship": "Outer",
                    "Parallel Aware": false,
                    "Async Capable": false,
                    "Join Type": "Inner",
                    "Startup Cost": 18437.06,
                    "Total Cost": 28681.47,
                    "Plan Rows": 1,
                    "Plan Width": 42,
                    "Actual Startup Time": 4629.547,
                    "Actual Total Time": 6948.715,
                    "Actual Rows": 2,
                    "Actual Loops": 1,
                    "Output": [
                      "store_sales.ss_net_profit",
                      "store_sales.ss_item_sk",
                      "store_sales.ss_store_sk",
                      "store_returns.sr_net_loss",
                      "store_returns.sr_ticket_number",
                      "store_returns.sr_item_sk",
                      "catalog_sales.cs_net_profit",
                      "catalog_sales.cs_order_number",
                      "catalog_sales.cs_item_sk"
                    ],
                    "Inner Unique": true,
                    "Shared Hit Blocks": 288843,
                    "Shared Read Blocks": 28472,
                    "Shared Dirtied Blocks": 0,
                    "Shared Written Blocks": 0,
                    "Local Hit Blocks": 0,
                    "Local Read Blocks": 0,
                    "Local Dirtied Blocks": 0,
                    "Local Written Blocks": 0,
                    "Temp Read Blocks": 0,
                    "Temp Written Blocks": 0,
                    "Plans": [
                      {
                        "Node Type": "Nested Loop",
                        "Parent Relationship": "Outer",
                        "Parallel Aware": false,
                        "Async Capable": false,
                        "Join Type": "Inner",
                        "Startup Cost": 18436.76,
                        "Total Cost": 28679.15,
                        "Plan Rows": 1,
                        "Plan Width": 46,
                        "Actual Startup Time": 4297.814,
                        "Actual Total Time": 6948.281,
                        "Actual Rows": 37,
                        "Actual Loops": 1,
                        "Output": [
                          "store_sales.ss_net_profit",
                          "store_sales.ss_item_sk",
                          "store_sales.ss_store_sk",
                          "store_returns.sr_net_loss",
                          "store_returns.sr_ticket_number",
                          "store_returns.sr_item_sk",
                          "catalog_sales.cs_net_profit",
                          "catalog_sales.cs_order_number",
                          "catalog_sales.cs_item_sk",
                          "catalog_sales.cs_sold_date_sk"
                        ],
                        "Inner Unique": false,
                        "Shared Hit Blocks": 288770,
                        "Shared Read Blocks": 28470,
                        "Shared Dirtied Blocks": 0,
                        "Shared Written Blocks": 0,
                        "Local Hit Blocks": 0,
                        "Local Read Blocks": 0,
                        "Local Dirtied Blocks": 0,
                        "Local Written Blocks": 0,
                        "Temp Read Blocks": 0,
                        "Temp Written Blocks": 0,
                        "Plans": [
                          {
                            "Node Type": "Gather",
                            "Parent Relationship": "Outer",
                            "Parallel Aware": false,
                            "Async Capable": false,
                            "Startup Cost": 18436.2,
                            "Total Cost": 28674.42,
                            "Plan Rows": 1,
                            "Plan Width": 36,
                            "Actual Startup Time": 4254.227,
                            "Actual Total Time": 4262.188,
                            "Actual Rows": 27715,
                            "Actual Loops": 1,
                            "Output": [
                              "store_sales.ss_net_profit",
                              "store_sales.ss_item_sk",
                              "store_sales.ss_store_sk",
                              "store_sales.ss_customer_sk",
                              "store_returns.sr_net_loss",
                              "store_returns.sr_ticket_number",
                              "store_returns.sr_customer_sk",
                              "store_returns.sr_item_sk"
                            ],
                            "Workers Planned": 2,
                            "Workers Launched": 2,
                            "Single Copy": false,
                            "Shared Hit Blocks": 190087,
                            "Shared Read Blocks": 16256,
                            "Shared Dirtied Blocks": 0,
                            "Shared Written Blocks": 0,
                            "Local Hit Blocks": 0,
                            "Local Read Blocks": 0,
                            "Local Dirtied Blocks": 0,
                            "Local Written Blocks": 0,
                            "Temp Read Blocks": 0,
                            "Temp Written Blocks": 0,
                            "Plans": [
                              {
                                "Node Type": "Hash Join",
                                "Parent Relationship": "Outer",
                                "Parallel Aware": true,
                                "Async Capable": false,
                                "Join Type": "Inner",
                                "Startup Cost": 17436.2,
                                "Total Cost": 27674.32,
                                "Plan Rows": 1,
                                "Plan Width": 36,
                                "Actual Startup Time": 4223.298,
                                "Actual Total Time": 4504.606,
                                "Actual Rows": 9238,
                                "Actual Loops": 3,
                                "Output": [
                                  "store_sales.ss_net_profit",
                                  "store_sales.ss_item_sk",
                                  "store_sales.ss_store_sk",
                                  "store_sales.ss_customer_sk",
                                  "store_returns.sr_net_loss",
                                  "store_returns.sr_ticket_number",
                                  "store_returns.sr_customer_sk",
                                  "store_returns.sr_item_sk"
                                ],
                                "Inner Unique": false,
                                "Hash Cond": "((store_sales.ss_item_sk = store_returns.sr_item_sk) AND (store_sales.ss_customer_sk = store_returns.sr_customer_sk) AND (store_sales.ss_ticket_number = store_returns.sr_ticket_number))",
                                "Shared Hit Blocks": 190087,
                                "Shared Read Blocks": 16256,
                                "Shared Dirtied Blocks": 0,
                                "Shared Written Blocks": 0,
                                "Local Hit Blocks": 0,
                                "Local Read Blocks": 0,
                                "Local Dirtied Blocks": 0,
                                "Local Written Blocks": 0,
                                "Temp Read Blocks": 0,
                                "Temp Written Blocks": 0,
                                "Workers": [
                                  {
                                    "Worker Number": 0,
                                    "Actual Startup Time": 4203.023,
                                    "Actual Total Time": 5046.781,
                                    "Actual Rows": 27715,
                                    "Actual Loops": 1,
                                    "Shared Hit Blocks": 161,
                                    "Shared Read Blocks": 2252,
                                    "Shared Dirtied Blocks": 0,
                                    "Shared Written Blocks": 0,
                                    "Local Hit Blocks": 0,
                                    "Local Read Blocks": 0,
                                    "Local Dirtied Blocks": 0,
                                    "Local Written Blocks": 0,
                                    "Temp Read Blocks": 0,
                                    "Temp Written Blocks": 0
                                  },
                                  {
                                    "Worker Number": 1,
                                    "Actual Startup Time": 4212.864,
                                    "Actual Total Time": 4212.867,
                                    "Actual Rows": 0,
                                    "Actual Loops": 1,
                                    "Shared Hit Blocks": 41,
                                    "Shared Read Blocks": 257,
                                    "Shared Dirtied Blocks": 0,
                                    "Shared Written Blocks": 0,
                                    "Local Hit Blocks": 0,
                                    "Local Read Blocks": 0,
                                    "Local Dirtied Blocks": 0,
                                    "Local Written Blocks": 0,
                                    "Temp Read Blocks": 0,
                                    "Temp Written Blocks": 0
                                  }
                                ],
                                "Plans": [
                                  {
                                    "Node Type": "Nested Loop",
                                    "Parent Relationship": "Outer",
                                    "Parallel Aware": false,
                                    "Async Capable": false,
                                    "Join Type": "Inner",
                                    "Startup Cost": 0.85,
                                    "Total Cost": 10185.89,
                                    "Plan Rows": 4718,
                                    "Plan Width": 22,
                                    "Actual Startup Time": 21.584,
                                    "Actual Total Time": 262.263,
                                    "Actual Rows": 123107,
                                    "Actual Loops": 3,
                                    "Output": [
                                      "store_sales.ss_net_profit",
                                      "store_sales.ss_item_sk",
                                      "store_sales.ss_store_sk",
                                      "store_sales.ss_customer_sk",
                                      "store_sales.ss_ticket_number"
                                    ],
                                    "Inner Unique": false,
                                    "Shared Hit Blocks": 119,
                                    "Shared Read Blocks": 2501,
                                    "Shared Dirtied Blocks": 0,
                                    "Shared Written Blocks": 0,
                                    "Local Hit Blocks": 0,
                                    "Local Read Blocks": 0,
                                    "Local Dirtied Blocks": 0,
                                    "Local Written Blocks": 0,
                                    "Temp Read Blocks": 0,
                                    "Temp Written Blocks": 0,
                                    "Workers": [
                                      {
                                        "Worker Number": 0,
                                        "Actual Startup Time": 14.963,
                                        "Actual Total Time": 736.999,
                                        "Actual Rows": 369321,
                                        "Actual Loops": 1,
                                        "Shared Hit Blocks": 114,
                                        "Shared Read Blocks": 2230,
                                        "Shared Dirtied Blocks": 0,
                                        "Shared Written Blocks": 0,
                                        "Local Hit Blocks": 0,
                                        "Local Read Blocks": 0,
                                        "Local Dirtied Blocks": 0,
                                        "Local Written Blocks": 0,
                                        "Temp Read Blocks": 0,
                                        "Temp Written Blocks": 0
                                      },
                                      {
                                        "Worker Number": 1,
                                        "Actual Startup Time": 24.873,
                                        "Actual Total Time": 24.874,
                                        "Actual Rows": 0,
                                        "Actual Loops": 1,
                                        "Shared Hit Blocks": 3,
                                        "Shared Read Blocks": 134,
                                        "Shared Dirtied Blocks": 0,
                                        "Shared Written Blocks": 0,
                                        "Local Hit Blocks": 0,
                                        "Local Read Blocks": 0,
                                        "Local Dirtied Blocks": 0,
                                        "Local Written Blocks": 0,
                                        "Temp Read Blocks": 0,
                                        "Temp Written Blocks": 0
                                      }
                                    ],
                                    "Plans": [
                                      {
                                        "Node Type": "Index Only Scan",
                                        "Parent Relationship": "Outer",
                                        "Parallel Aware": true,
                                        "Async Capable": false,
                                        "Scan Direction": "Forward",
                                        "Index Name": "_dta_index_date_dim_6_661577395__k1_k7_k9",
                                        "Relation Name": "date_dim",
                                        "Schema": "public",
                                        "Alias": "d1",
                                        "Startup Cost": 0.29,
                                        "Total Cost": 1862.91,
                                        "Plan Rows": 12,
                                        "Plan Width": 4,
                                        "Actual Startup Time": 20.996,
                                        "Actual Total Time": 21.004,
                                        "Actual Rows": 10,
                                        "Actual Loops": 3,
                                        "Output": [
                                          "d1.d_date_sk",
                                          "d1.d_year",
                                          "d1.d_moy"
                                        ],
                                        "Index Cond": "((d1.d_year = 2002) AND (d1.d_moy = 6))",
                                        "Rows Removed by Index Recheck": 0,
                                        "Heap Fetches": 0,
                                        "Shared Hit Blocks": 11,
                                        "Shared Read Blocks": 271,
                                        "Shared Dirtied Blocks": 0,
                                        "Shared Written Blocks": 0,
                                        "Local Hit Blocks": 0,
                                        "Local Read Blocks": 0,
                                        "Local Dirtied Blocks": 0,
                                        "Local Written Blocks": 0,
                                        "Temp Read Blocks": 0,
                                        "Temp Written Blocks": 0,
                                        "Workers": [
                                          {
                                            "Worker Number": 0,
                                            "Actual Startup Time": 13.201,
                                            "Actual Total Time": 13.225,
                                            "Actual Rows": 30,
                                            "Actual Loops": 1,
                                            "Shared Hit Blocks": 6,
                                            "Shared Read Blocks": 0,
                                            "Shared Dirtied Blocks": 0,
                                            "Shared Written Blocks": 0,
                                            "Local Hit Blocks": 0,
                                            "Local Read Blocks": 0,
                                            "Local Dirtied Blocks": 0,
                                            "Local Written Blocks": 0,
                                            "Temp Read Blocks": 0,
                                            "Temp Written Blocks": 0
                                          },
                                          {
                                            "Worker Number": 1,
                                            "Actual Startup Time": 24.872,
                                            "Actual Total Time": 24.873,
                                            "Actual Rows": 0,
                                            "Actual Loops": 1,
                                            "Shared Hit Blocks": 3,
                                            "Shared Read Blocks": 134,
                                            "Shared Dirtied Blocks": 0,
                                            "Shared Written Blocks": 0,
                                            "Local Hit Blocks": 0,
                                            "Local Read Blocks": 0,
                                            "Local Dirtied Blocks": 0,
                                            "Local Written Blocks": 0,
                                            "Temp Read Blocks": 0,
                                            "Temp Written Blocks": 0
                                          }
                                        ]
                                      },
                                      {
                                        "Node Type": "Index Only Scan",
                                        "Parent Relationship": "Inner",
                                        "Parallel Aware": false,
                                        "Async Capable": false,
                                        "Scan Direction": "Forward",
                                        "Index Name": "_dta_index_store_sales_6_1333579789__k1_k3_k10_k4_k8_23",
                                        "Relation Name": "store_sales",
                                        "Schema": "public",
                                        "Alias": "store_sales",
                                        "Startup Cost": 0.56,
                                        "Total Cost": 558.77,
                                        "Plan Rows": 13481,
                                        "Plan Width": 26,
                                        "Actual Startup Time": 0.158,
                                        "Actual Total Time": 23.239,
                                        "Actual Rows": 12311,
                                        "Actual Loops": 30,
                                        "Output": [
                                          "store_sales.ss_sold_date_sk",
                                          "store_sales.ss_item_sk",
                                          "store_sales.ss_ticket_number",
                                          "store_sales.ss_customer_sk",
                                          "store_sales.ss_store_sk",
                                          "store_sales.ss_net_profit"
                                        ],
                                        "Index Cond": "(store_sales.ss_sold_date_sk = d1.d_date_sk)",
                                        "Rows Removed by Index Recheck": 0,
                                        "Heap Fetches": 0,
                                        "Shared Hit Blocks": 108,
                                        "Shared Read Blocks": 2230,
                                        "Shared Dirtied Blocks": 0,
                                        "Shared Written Blocks": 0,
                                        "Local Hit Blocks": 0,
                                        "Local Read Blocks": 0,
                                        "Local Dirtied Blocks": 0,
                                        "Local Written Blocks": 0,
                                        "Temp Read Blocks": 0,
                                        "Temp Written Blocks": 0,
                                        "Workers": [
                                          {
                                            "Worker Number": 0,
                                            "Actual Startup Time": 0.158,
                                            "Actual Total Time": 23.239,
                                            "Actual Rows": 12311,
                                            "Actual Loops": 30,
                                            "Shared Hit Blocks": 108,
                                            "Shared Read Blocks": 2230,
                                            "Shared Dirtied Blocks": 0,
                                            "Shared Written Blocks": 0,
                                            "Local Hit Blocks": 0,
                                            "Local Read Blocks": 0,
                                            "Local Dirtied Blocks": 0,
                                            "Local Written Blocks": 0,
                                            "Temp Read Blocks": 0,
                                            "Temp Written Blocks": 0
                                          }
                                        ]
                                      }
                                    ]
                                  },
                                  {
                                    "Node Type": "Hash",
                                    "Parent Relationship": "Inner",
                                    "Parallel Aware": true,
                                    "Async Capable": false,
                                    "Startup Cost": 17371.49,
                                    "Total Cost": 17371.49,
                                    "Plan Rows": 3649,
                                    "Plan Width": 18,
                                    "Actual Startup Time": 4200.283,
                                    "Actual Total Time": 4200.284,
                                    "Actual Rows": 78888,
                                    "Actual Loops": 3,
                                    "Output": [
                                      "store_returns.sr_net_loss",
                                      "store_returns.sr_ticket_number",
                                      "store_returns.sr_customer_sk",
                                      "store_returns.sr_item_sk"
                                    ],
                                    "Hash Buckets": 262144,
                                    "Original Hash Buckets": 16384,
                                    "Hash Batches": 1,
                                    "Original Hash Batches": 1,
                                    "Peak Memory Usage": 16704,
                                    "Shared Hit Blocks": 189885,
                                    "Shared Read Blocks": 13744,
                                    "Shared Dirtied Blocks": 0,
                                    "Shared Written Blocks": 0,
                                    "Local Hit Blocks": 0,
                                    "Local Read Blocks": 0,
                                    "Local Dirtied Blocks": 0,
                                    "Local Written Blocks": 0,
                                    "Temp Read Blocks": 0,
                                    "Temp Written Blocks": 0,
                                    "Workers": [
                                      {
                                        "Worker Number": 0,
                                        "Actual Startup Time": 4185.944,
                                        "Actual Total Time": 4185.946,
                                        "Actual Rows": 0,
                                        "Actual Loops": 1,
                                        "Shared Hit Blocks": 0,
                                        "Shared Read Blocks": 22,
                                        "Shared Dirtied Blocks": 0,
                                        "Shared Written Blocks": 0,
                                        "Local Hit Blocks": 0,
                                        "Local Read Blocks": 0,
                                        "Local Dirtied Blocks": 0,
                                        "Local Written Blocks": 0,
                                        "Temp Read Blocks": 0,
                                        "Temp Written Blocks": 0
                                      },
                                      {
                                        "Worker Number": 1,
                                        "Actual Startup Time": 4185.956,
                                        "Actual Total Time": 4185.957,
                                        "Actual Rows": 0,
                                        "Actual Loops": 1,
                                        "Shared Hit Blocks": 2,
                                        "Shared Read Blocks": 112,
                                        "Shared Dirtied Blocks": 0,
                                        "Shared Written Blocks": 0,
                                        "Local Hit Blocks": 0,
                                        "Local Read Blocks": 0,
                                        "Local Dirtied Blocks": 0,
                                        "Local Written Blocks": 0,
                                        "Temp Read Blocks": 0,
                                        "Temp Written Blocks": 0
                                      }
                                    ],
                                    "Plans": [
                                      {
                                        "Node Type": "Nested Loop",
                                        "Parent Relationship": "Outer",
                                        "Parallel Aware": false,
                                        "Async Capable": false,
                                        "Join Type": "Inner",
                                        "Startup Cost": 0.72,
                                        "Total Cost": 17371.49,
                                        "Plan Rows": 3649,
                                        "Plan Width": 18,
                                        "Actual Startup Time": 14.822,
                                        "Actual Total Time": 1394.065,
                                        "Actual Rows": 78888,
                                        "Actual Loops": 3,
                                        "Output": [
                                          "store_returns.sr_net_loss",
                                          "store_returns.sr_ticket_number",
                                          "store_returns.sr_customer_sk",
                                          "store_returns.sr_item_sk"
                                        ],
                                        "Inner Unique": false,
                                        "Shared Hit Blocks": 189885,
                                        "Shared Read Blocks": 13744,
                                        "Shared Dirtied Blocks": 0,
                                        "Shared Written Blocks": 0,
                                        "Local Hit Blocks": 0,
                                        "Local Read Blocks": 0,
                                        "Local Dirtied Blocks": 0,
                                        "Local Written Blocks": 0,
                                        "Temp Read Blocks": 0,
                                        "Temp Written Blocks": 0,
                                        "Workers": [
                                          {
                                            "Worker Number": 0,
                                            "Actual Startup Time": 13.462,
                                            "Actual Total Time": 13.464,
                                            "Actual Rows": 0,
                                            "Actual Loops": 1,
                                            "Shared Hit Blocks": 0,
                                            "Shared Read Blocks": 22,
                                            "Shared Dirtied Blocks": 0,
                                            "Shared Written Blocks": 0,
                                            "Local Hit Blocks": 0,
                                            "Local Read Blocks": 0,
                                            "Local Dirtied Blocks": 0,
                                            "Local Written Blocks": 0,
                                            "Temp Read Blocks": 0,
                                            "Temp Written Blocks": 0
                                          },
                                          {
                                            "Worker Number": 1,
                                            "Actual Startup Time": 13.477,
                                            "Actual Total Time": 13.477,
                                            "Actual Rows": 0,
                                            "Actual Loops": 1,
                                            "Shared Hit Blocks": 2,
                                            "Shared Read Blocks": 112,
                                            "Shared Dirtied Blocks": 0,
                                            "Shared Written Blocks": 0,
                                            "Local Hit Blocks": 0,
                                            "Local Read Blocks": 0,
                                            "Local Dirtied Blocks": 0,
                                            "Local Written Blocks": 0,
                                            "Temp Read Blocks": 0,
                                            "Temp Written Blocks": 0
                                          }
                                        ],
                                        "Plans": [
                                          {
                                            "Node Type": "Index Only Scan",
                                            "Parent Relationship": "Outer",
                                            "Parallel Aware": true,
                                            "Async Capable": false,
                                            "Scan Direction": "Forward",
                                            "Index Name": "_dta_index_date_dim_6_661577395__k1_k7_k9",
                                            "Relation Name": "date_dim",
                                            "Schema": "public",
                                            "Alias": "d2",
                                            "Startup Cost": 0.29,
                                            "Total Cost": 2047.54,
                                            "Plan Rows": 38,
                                            "Plan Width": 4,
                                            "Actual Startup Time": 14.269,
                                            "Actual Total Time": 14.324,
                                            "Actual Rows": 31,
                                            "Actual Loops": 3,
                                            "Output": [
                                              "d2.d_date_sk",
                                              "d2.d_year",
                                              "d2.d_moy"
                                            ],
                                            "Index Cond": "((d2.d_year = 2002) AND (d2.d_moy >= 6) AND (d2.d_moy <= 8))",
                                            "Rows Removed by Index Recheck": 0,
                                            "Heap Fetches": 0,
                                            "Shared Hit Blocks": 11,
                                            "Shared Read Blocks": 271,
                                            "Shared Dirtied Blocks": 0,
                                            "Shared Written Blocks": 0,
                                            "Local Hit Blocks": 0,
                                            "Local Read Blocks": 0,
                                            "Local Dirtied Blocks": 0,
                                            "Local Written Blocks": 0,
                                            "Temp Read Blocks": 0,
                                            "Temp Written Blocks": 0,
                                            "Workers": [
                                              {
                                                "Worker Number": 0,
                                                "Actual Startup Time": 13.461,
                                                "Actual Total Time": 13.461,
                                                "Actual Rows": 0,
                                                "Actual Loops": 1,
                                                "Shared Hit Blocks": 0,
                                                "Shared Read Blocks": 22,
                                                "Shared Dirtied Blocks": 0,
                                                "Shared Written Blocks": 0,
                                                "Local Hit Blocks": 0,
                                                "Local Read Blocks": 0,
                                                "Local Dirtied Blocks": 0,
                                                "Local Written Blocks": 0,
                                                "Temp Read Blocks": 0,
                                                "Temp Written Blocks": 0
                                              },
                                              {
                                                "Worker Number": 1,
                                                "Actual Startup Time": 13.476,
                                                "Actual Total Time": 13.476,
                                                "Actual Rows": 0,
                                                "Actual Loops": 1,
                                                "Shared Hit Blocks": 2,
                                                "Shared Read Blocks": 112,
                                                "Shared Dirtied Blocks": 0,
                                                "Shared Written Blocks": 0,
                                                "Local Hit Blocks": 0,
                                                "Local Read Blocks": 0,
                                                "Local Dirtied Blocks": 0,
                                                "Local Written Blocks": 0,
                                                "Temp Read Blocks": 0,
                                                "Temp Written Blocks": 0
                                              }
                                            ]
                                          },
                                          {
                                            "Node Type": "Index Scan",
                                            "Parent Relationship": "Inner",
                                            "Parallel Aware": false,
                                            "Async Capable": false,
                                            "Scan Direction": "Forward",
                                            "Index Name": "_dta_index_store_returns_6_1013578649__k1_3_4_10",
                                            "Relation Name": "store_returns",
                                            "Schema": "public",
                                            "Alias": "store_returns",
                                            "Startup Cost": 0.43,
                                            "Total Cost": 371.97,
                                            "Plan Rows": 3129,
                                            "Plan Width": 22,
                                            "Actual Startup Time": 0.054,
                                            "Actual Total Time": 44.56,
                                            "Actual Rows": 2572,
                                            "Actual Loops": 92,
                                            "Output": [
                                              "store_returns.sr_returned_date_sk",
                                              "store_returns.sr_return_time_sk",
                                              "store_returns.sr_item_sk",
                                              "store_returns.sr_customer_sk",
                                              "store_returns.sr_cdemo_sk",
                                              "store_returns.sr_hdemo_sk",
                                              "store_returns.sr_addr_sk",
                                              "store_returns.sr_store_sk",
                                              "store_returns.sr_reason_sk",
                                              "store_returns.sr_ticket_number",
                                              "store_returns.sr_return_quantity",
                                              "store_returns.sr_return_amt",
                                              "store_returns.sr_return_tax",
                                              "store_returns.sr_return_amt_inc_tax",
                                              "store_returns.sr_fee",
                                              "store_returns.sr_return_ship_cost",
                                              "store_returns.sr_refunded_cash",
                                              "store_returns.sr_reversed_charge",
                                              "store_returns.sr_store_credit",
                                              "store_returns.sr_net_loss"
                                            ],
                                            "Index Cond": "(store_returns.sr_returned_date_sk = d2.d_date_sk)",
                                            "Rows Removed by Index Recheck": 0,
                                            "Shared Hit Blocks": 189874,
                                            "Shared Read Blocks": 13473,
                                            "Shared Dirtied Blocks": 0,
                                            "Shared Written Blocks": 0,
                                            "Local Hit Blocks": 0,
                                            "Local Read Blocks": 0,
                                            "Local Dirtied Blocks": 0,
                                            "Local Written Blocks": 0,
                                            "Temp Read Blocks": 0,
                                            "Temp Written Blocks": 0,
                                            "Workers": []
                                          }
                                        ]
                                      }
                                    ]
                                  }
                                ]
                              }
                            ]
                          },
                          {
                            "Node Type": "Index Scan",
                            "Parent Relationship": "Inner",
                            "Parallel Aware": false,
                            "Async Capable": false,
                            "Scan Direction": "Forward",
                            "Index Name": "_dta_index_catalog_sales_6_1301579675__k16_k4_k1_34",
                            "Relation Name": "catalog_sales",
                            "Schema": "public",
                            "Alias": "catalog_sales",
                            "Startup Cost": 0.56,
                            "Total Cost": 4.72,
                            "Plan Rows": 1,
                            "Plan Width": 22,
                            "Actual Startup Time": 0.096,
                            "Actual Total Time": 0.096,
                            "Actual Rows": 0,
                            "Actual Loops": 27715,
                            "Output": [
                              "catalog_sales.cs_sold_date_sk",
                              "catalog_sales.cs_sold_time_sk",
                              "catalog_sales.cs_ship_date_sk",
                              "catalog_sales.cs_bill_customer_sk",
                              "catalog_sales.cs_bill_cdemo_sk",
                              "catalog_sales.cs_bill_hdemo_sk",
                              "catalog_sales.cs_bill_addr_sk",
                              "catalog_sales.cs_ship_customer_sk",
                              "catalog_sales.cs_ship_cdemo_sk",
                              "catalog_sales.cs_ship_hdemo_sk",
                              "catalog_sales.cs_ship_addr_sk",
                              "catalog_sales.cs_call_center_sk",
                              "catalog_sales.cs_catalog_page_sk",
                              "catalog_sales.cs_ship_mode_sk",
                              "catalog_sales.cs_warehouse_sk",
                              "catalog_sales.cs_item_sk",
                              "catalog_sales.cs_promo_sk",
                              "catalog_sales.cs_order_number",
                              "catalog_sales.cs_quantity",
                              "catalog_sales.cs_wholesale_cost",
                              "catalog_sales.cs_list_price",
                              "catalog_sales.cs_sales_price",
                              "catalog_sales.cs_ext_discount_amt",
                              "catalog_sales.cs_ext_sales_price",
                              "catalog_sales.cs_ext_wholesale_cost",
                              "catalog_sales.cs_ext_list_price",
                              "catalog_sales.cs_ext_tax",
                              "catalog_sales.cs_coupon_amt",
                              "catalog_sales.cs_ext_ship_cost",
                              "catalog_sales.cs_net_paid",
                              "catalog_sales.cs_net_paid_inc_tax",
                              "catalog_sales.cs_net_paid_inc_ship",
                              "catalog_sales.cs_net_paid_inc_ship_tax",
                              "catalog_sales.cs_net_profit"
                            ],
                            "Index Cond": "((catalog_sales.cs_item_sk = store_sales.ss_item_sk) AND (catalog_sales.cs_bill_customer_sk = store_sales.ss_customer_sk))",
                            "Rows Removed by Index Recheck": 0,
                            "Shared Hit Blocks": 98683,
                            "Shared Read Blocks": 12214,
                            "Shared Dirtied Blocks": 0,
                            "Shared Written Blocks": 0,
                            "Local Hit Blocks": 0,
                            "Local Read Blocks": 0,
                            "Local Dirtied Blocks": 0,
                            "Local Written Blocks": 0,
                            "Temp Read Blocks": 0,
                            "Temp Written Blocks": 0
                          }
                        ]
                      },
                      {
                        "Node Type": "Index Only Scan",
                        "Parent Relationship": "Inner",
                        "Parallel Aware": false,
                        "Async Capable": false,
                        "Scan Direction": "Forward",
                        "Index Name": "_dta_index_date_dim_6_661577395__k1_k7_k9",
                        "Relation Name": "date_dim",
                        "Schema": "public",
                        "Alias": "d3",
                        "Startup Cost": 0.29,
                        "Total Cost": 2.27,
                        "Plan Rows": 1,
                        "Plan Width": 4,
                        "Actual Startup Time": 0.01,
                        "Actual Total Time": 0.01,
                        "Actual Rows": 0,
                        "Actual Loops": 37,
                        "Output": [
                          "d3.d_date_sk",
                          "d3.d_year",
                          "d3.d_moy"
                        ],
                        "Index Cond": "((d3.d_date_sk = catalog_sales.cs_sold_date_sk) AND (d3.d_year = 2002) AND (d3.d_moy >= 6) AND (d3.d_moy <= 8))",
                        "Rows Removed by Index Recheck": 0,
                        "Heap Fetches": 0,
                        "Shared Hit Blocks": 73,
                        "Shared Read Blocks": 2,
                        "Shared Dirtied Blocks": 0,
                        "Shared Written Blocks": 0,
                        "Local Hit Blocks": 0,
                        "Local Read Blocks": 0,
                        "Local Dirtied Blocks": 0,
                        "Local Written Blocks": 0,
                        "Temp Read Blocks": 0,
                        "Temp Written Blocks": 0
                      }
                    ]
                  },
                  {
                    "Node Type": "Index Only Scan",
                    "Parent Relationship": "Inner",
                    "Parallel Aware": false,
                    "Async Capable": false,
                    "Scan Direction": "Forward",
                    "Index Name": "_dta_index_store_6_885578193__k1_2_6",
                    "Relation Name": "store",
                    "Schema": "public",
                    "Alias": "store",
                    "Startup Cost": 0.14,
                    "Total Cost": 1.76,
                    "Plan Rows": 1,
                    "Plan Width": 25,
                    "Actual Startup Time": 0.038,
                    "Actual Total Time": 0.038,
                    "Actual Rows": 1,
                    "Actual Loops": 2,
                    "Output": [
                      "store.s_store_sk",
                      "store.s_store_id",
                      "store.s_store_name"
                    ],
                    "Index Cond": "(store.s_store_sk = store_sales.ss_store_sk)",
                    "Rows Removed by Index Recheck": 0,
                    "Heap Fetches": 2,
                    "Shared Hit Blocks": 3,
                    "Shared Read Blocks": 1,
                    "Shared Dirtied Blocks": 0,
                    "Shared Written Blocks": 0,
                    "Local Hit Blocks": 0,
                    "Local Read Blocks": 0,
                    "Local Dirtied Blocks": 0,
                    "Local Written Blocks": 0,
                    "Temp Read Blocks": 0,
                    "Temp Written Blocks": 0
                  }
                ]
              },
              {
                "Node Type": "Index Only Scan",
                "Parent Relationship": "Inner",
                "Parallel Aware": false,
                "Async Capable": false,
                "Scan Direction": "Forward",
                "Index Name": "_dta_index_item_6_853578079__k1_2_5",
                "Relation Name": "item",
                "Schema": "public",
                "Alias": "item",
                "Startup Cost": 0.42,
                "Total Cost": 2.38,
                "Plan Rows": 1,
                "Plan Width": 123,
                "Actual Startup Time": 0.177,
                "Actual Total Time": 0.178,
                "Actual Rows": 1,
                "Actual Loops": 2,
                "Output": [
                  "item.i_item_sk",
                  "item.i_item_id",
                  "item.i_item_desc"
                ],
                "Index Cond": "(item.i_item_sk = store_sales.ss_item_sk)",
                "Rows Removed by Index Recheck": 0,
                "Heap Fetches": 0,
                "Shared Hit Blocks": 3,
                "Shared Read Blocks": 4,
                "Shared Dirtied Blocks": 0,
                "Shared Written Blocks": 0,
                "Local Hit Blocks": 0,
                "Local Read Blocks": 0,
                "Local Dirtied Blocks": 0,
                "Local Written Blocks": 0,
                "Temp Read Blocks": 0,
                "Temp Written Blocks": 0
              }
            ]
          }
        ]
      },
      "Planning": {
        "Shared Hit Blocks": 117,
        "Shared Read Blocks": 62,
        "Shared Dirtied Blocks": 0,
        "Shared Written Blocks": 0,
        "Local Hit Blocks": 0,
        "Local Read Blocks": 0,
        "Local Dirtied Blocks": 0,
        "Local Written Blocks": 0,
        "Temp Read Blocks": 0,
        "Temp Written Blocks": 0
      },
      "Planning Time": 20.088,
      "Triggers": [],
      "Execution Time": 6949.236
    }
  ],
  "original_sql": "select\n min(i_item_id)\n ,min(i_item_desc)\n ,min(s_store_id)\n ,min(s_store_name)\n ,min(ss_net_profit)\n ,min(sr_net_loss)\n ,min(cs_net_profit)\n ,min(ss_item_sk)\n ,min(sr_ticket_number)\n ,min(cs_order_number)\n from\n store_sales\n ,store_returns\n ,catalog_sales\n ,date_dim d1\n ,date_dim d2\n ,date_dim d3\n ,store\n ,item\n where\n d1.d_moy = 6\n and d1.d_year = 2002\n and d1.d_date_sk = ss_sold_date_sk\n and i_item_sk = ss_item_sk\n and s_store_sk = ss_store_sk\n and ss_customer_sk = sr_customer_sk\n and ss_item_sk = sr_item_sk\n and ss_ticket_number = sr_ticket_number\n and sr_returned_date_sk = d2.d_date_sk\n and d2.d_moy               between 6 and  6 + 2\n and d2.d_year              = 2002\n and sr_customer_sk = cs_bill_customer_sk\n and sr_item_sk = cs_item_sk\n and cs_sold_date_sk = d3.d_date_sk\n and d3.d_moy               between 6 and  6 + 2\n and d3.d_year              = 2002"
}