{
  "query_id": "query018_spj_spj",
  "engine": "postgresql",
  "benchmark": "dsb",
  "scale_factor": 10,
  "execution_time_ms": 4585.678,
  "planning_time_ms": 6.332,
  "plan_json": [
    {
      "Plan": {
        "Node Type": "Aggregate",
        "Strategy": "Plain",
        "Partial Mode": "Simple",
        "Parallel Aware": false,
        "Async Capable": false,
        "Startup Cost": 134920.81,
        "Total Cost": 134920.82,
        "Plan Rows": 1,
        "Plan Width": 268,
        "Actual Startup Time": 4582.822,
        "Actual Total Time": 4582.877,
        "Actual Rows": 1,
        "Actual Loops": 1,
        "Output": [
          "min(item.i_item_id)",
          "min((customer_address.ca_country)::text)",
          "min(customer_address.ca_state)",
          "min((customer_address.ca_county)::text)",
          "min(catalog_sales.cs_quantity)",
          "min(catalog_sales.cs_list_price)",
          "min(catalog_sales.cs_coupon_amt)",
          "min(catalog_sales.cs_sales_price)",
          "min(catalog_sales.cs_net_profit)",
          "min(customer.c_birth_year)",
          "min(customer_demographics.cd_dep_count)"
        ],
        "Shared Hit Blocks": 266200,
        "Shared Read Blocks": 70852,
        "Shared Dirtied Blocks": 0,
        "Shared Written Blocks": 0,
        "Local Hit Blocks": 0,
        "Local Read Blocks": 0,
        "Local Dirtied Blocks": 0,
        "Local Written Blocks": 0,
        "Temp Read Blocks": 0,
        "Temp Written Blocks": 0,
        "Plans": [
          {
            "Node Type": "Nested Loop",
            "Parent Relationship": "Outer",
            "Parallel Aware": false,
            "Async Capable": false,
            "Join Type": "Inner",
            "Startup Cost": 1002.29,
            "Total Cost": 134920.79,
            "Plan Rows": 1,
            "Plan Width": 81,
            "Actual Startup Time": 2000.238,
            "Actual Total Time": 4582.838,
            "Actual Rows": 1,
            "Actual Loops": 1,
            "Output": [
              "item.i_item_id",
              "customer_address.ca_country",
              "customer_address.ca_state",
              "customer_address.ca_county",
              "catalog_sales.cs_quantity",
              "catalog_sales.cs_list_price",
              "catalog_sales.cs_coupon_amt",
              "catalog_sales.cs_sales_price",
              "catalog_sales.cs_net_profit",
              "customer.c_birth_year",
              "customer_demographics.cd_dep_count"
            ],
            "Inner Unique": true,
            "Shared Hit Blocks": 266200,
            "Shared Read Blocks": 70852,
            "Shared Dirtied Blocks": 0,
            "Shared Written Blocks": 0,
            "Local Hit Blocks": 0,
            "Local Read Blocks": 0,
            "Local Dirtied Blocks": 0,
            "Local Written Blocks": 0,
            "Temp Read Blocks": 0,
            "Temp Written Blocks": 0,
            "Plans": [
              {
                "Node Type": "Gather",
                "Parent Relationship": "Outer",
                "Parallel Aware": false,
                "Async Capable": false,
                "Startup Cost": 1001.87,
                "Total Cost": 134919.84,
                "Plan Rows": 1,
                "Plan Width": 54,
                "Actual Startup Time": 584.174,
                "Actual Total Time": 4580.773,
                "Actual Rows": 11,
                "Actual Loops": 1,
                "Output": [
                  "catalog_sales.cs_quantity",
                  "catalog_sales.cs_list_price",
                  "catalog_sales.cs_coupon_amt",
                  "catalog_sales.cs_sales_price",
                  "catalog_sales.cs_net_profit",
                  "customer_demographics.cd_dep_count",
                  "customer.c_birth_year",
                  "customer.c_current_addr_sk",
                  "item.i_item_id"
                ],
                "Workers Planned": 2,
                "Workers Launched": 2,
                "Single Copy": false,
                "Shared Hit Blocks": 266180,
                "Shared Read Blocks": 70828,
                "Shared Dirtied Blocks": 0,
                "Shared Written Blocks": 0,
                "Local Hit Blocks": 0,
                "Local Read Blocks": 0,
                "Local Dirtied Blocks": 0,
                "Local Written Blocks": 0,
                "Temp Read Blocks": 0,
                "Temp Written Blocks": 0,
                "Plans": [
                  {
                    "Node Type": "Nested Loop",
                    "Parent Relationship": "Outer",
                    "Parallel Aware": false,
                    "Async Capable": false,
                    "Join Type": "Inner",
                    "Startup Cost": 1.87,
                    "Total Cost": 133919.74,
                    "Plan Rows": 1,
                    "Plan Width": 54,
                    "Actual Startup Time": 377.167,
                    "Actual Total Time": 2624.563,
                    "Actual Rows": 4,
                    "Actual Loops": 3,
                    "Output": [
                      "catalog_sales.cs_quantity",
                      "catalog_sales.cs_list_price",
                      "catalog_sales.cs_coupon_amt",
                      "catalog_sales.cs_sales_price",
                      "catalog_sales.cs_net_profit",
                      "customer_demographics.cd_dep_count",
                      "customer.c_birth_year",
                      "customer.c_current_addr_sk",
                      "item.i_item_id"
                    ],
                    "Inner Unique": true,
                    "Shared Hit Blocks": 266180,
                    "Shared Read Blocks": 70828,
                    "Shared Dirtied Blocks": 0,
                    "Shared Written Blocks": 0,
                    "Local Hit Blocks": 0,
                    "Local Read Blocks": 0,
                    "Local Dirtied Blocks": 0,
                    "Local Written Blocks": 0,
                    "Temp Read Blocks": 0,
                    "Temp Written Blocks": 0,
                    "Workers": [
                      {
                        "Worker Number": 0,
                        "Actual Startup Time": 531.783,
                        "Actual Total Time": 3277.436,
                        "Actual Rows": 2,
                        "Actual Loops": 1,
                        "JIT": {
                          "Functions": 29,
                          "Options": {
                            "Inlining": false,
                            "Optimization": false,
                            "Expressions": true,
                            "Deforming": true
                          },
                          "Timing": {
                            "Generation": 4.154,
                            "Inlining": 0.0,
                            "Optimization": 1.448,
                            "Emission": 15.374,
                            "Total": 20.975
                          }
                        },
                        "Shared Hit Blocks": 106378,
                        "Shared Read Blocks": 28186,
                        "Shared Dirtied Blocks": 0,
                        "Shared Written Blocks": 0,
                        "Local Hit Blocks": 0,
                        "Local Read Blocks": 0,
                        "Local Dirtied Blocks": 0,
                        "Local Written Blocks": 0,
                        "Temp Read Blocks": 0,
                        "Temp Written Blocks": 0
                      },
                      {
                        "Worker Number": 1,
                        "Actual Startup Time": 15.858,
                        "Actual Total Time": 15.861,
                        "Actual Rows": 0,
                        "Actual Loops": 1,
                        "JIT": {
                          "Functions": 29,
                          "Options": {
                            "Inlining": false,
                            "Optimization": false,
                            "Expressions": true,
                            "Deforming": true
                          },
                          "Timing": {
                            "Generation": 4.717,
                            "Inlining": 0.0,
                            "Optimization": 0.0,
                            "Emission": 0.0,
                            "Total": 4.717
                          }
                        },
                        "Shared Hit Blocks": 0,
                        "Shared Read Blocks": 141,
                        "Shared Dirtied Blocks": 0,
                        "Shared Written Blocks": 0,
                        "Local Hit Blocks": 0,
                        "Local Read Blocks": 0,
                        "Local Dirtied Blocks": 0,
                        "Local Written Blocks": 0,
                        "Temp Read Blocks": 0,
                        "Temp Written Blocks": 0
                      }
                    ],
                    "Plans": [
                      {
                        "Node Type": "Nested Loop",
                        "Parent Relationship": "Outer",
                        "Parallel Aware": false,
                        "Async Capable": false,
                        "Join Type": "Inner",
                        "Startup Cost": 1.44,
                        "Total Cost": 133916.06,
                        "Plan Rows": 6,
                        "Plan Width": 54,
                        "Actual Startup Time": 48.89,
                        "Actual Total Time": 2610.132,
                        "Actual Rows": 69,
                        "Actual Loops": 3,
                        "Output": [
                          "catalog_sales.cs_quantity",
                          "catalog_sales.cs_list_price",
                          "catalog_sales.cs_coupon_amt",
                          "catalog_sales.cs_sales_price",
                          "catalog_sales.cs_net_profit",
                          "catalog_sales.cs_bill_cdemo_sk",
                          "customer.c_birth_year",
                          "customer.c_current_addr_sk",
                          "item.i_item_id"
                        ],
                        "Inner Unique": true,
                        "Shared Hit Blocks": 265772,
                        "Shared Read Blocks": 70415,
                        "Shared Dirtied Blocks": 0,
                        "Shared Written Blocks": 0,
                        "Local Hit Blocks": 0,
                        "Local Read Blocks": 0,
                        "Local Dirtied Blocks": 0,
                        "Local Written Blocks": 0,
                        "Temp Read Blocks": 0,
                        "Temp Written Blocks": 0,
                        "Workers": [
                          {
                            "Worker Number": 0,
                            "Actual Startup Time": 39.785,
                            "Actual Total Time": 3262.097,
                            "Actual Rows": 67,
                            "Actual Loops": 1,
                            "Shared Hit Blocks": 106242,
                            "Shared Read Blocks": 28053,
                            "Shared Dirtied Blocks": 0,
                            "Shared Written Blocks": 0,
                            "Local Hit Blocks": 0,
                            "Local Read Blocks": 0,
                            "Local Dirtied Blocks": 0,
                            "Local Written Blocks": 0,
                            "Temp Read Blocks": 0,
                            "Temp Written Blocks": 0
                          },
                          {
                            "Worker Number": 1,
                            "Actual Startup Time": 15.858,
                            "Actual Total Time": 15.859,
                            "Actual Rows": 0,
                            "Actual Loops": 1,
                            "Shared Hit Blocks": 0,
                            "Shared Read Blocks": 141,
                            "Shared Dirtied Blocks": 0,
                            "Shared Written Blocks": 0,
                            "Local Hit Blocks": 0,
                            "Local Read Blocks": 0,
                            "Local Dirtied Blocks": 0,
                            "Local Written Blocks": 0,
                            "Temp Read Blocks": 0,
                            "Temp Written Blocks": 0
                          }
                        ],
                        "Plans": [
                          {
                            "Node Type": "Nested Loop",
                            "Parent Relationship": "Outer",
                            "Parallel Aware": false,
                            "Async Capable": false,
                            "Join Type": "Inner",
                            "Startup Cost": 1.02,
                            "Total Cost": 133883.48,
                            "Plan Rows": 61,
                            "Plan Width": 50,
                            "Actual Startup Time": 39.347,
                            "Actual Total Time": 2489.63,
                            "Actual Rows": 655,
                            "Actual Loops": 3,
                            "Output": [
                              "catalog_sales.cs_quantity",
                              "catalog_sales.cs_list_price",
                              "catalog_sales.cs_coupon_amt",
                              "catalog_sales.cs_sales_price",
                              "catalog_sales.cs_net_profit",
                              "catalog_sales.cs_bill_cdemo_sk",
                              "catalog_sales.cs_bill_customer_sk",
                              "item.i_item_id"
                            ],
                            "Inner Unique": true,
                            "Shared Hit Blocks": 261324,
                            "Shared Read Blocks": 67014,
                            "Shared Dirtied Blocks": 0,
                            "Shared Written Blocks": 0,
                            "Local Hit Blocks": 0,
                            "Local Read Blocks": 0,
                            "Local Dirtied Blocks": 0,
                            "Local Written Blocks": 0,
                            "Temp Read Blocks": 0,
                            "Temp Written Blocks": 0,
                            "Workers": [
                              {
                                "Worker Number": 0,
                                "Actual Startup Time": 38.674,
                                "Actual Total Time": 3120.594,
                                "Actual Rows": 743,
                                "Actual Loops": 1,
                                "Shared Hit Blocks": 104566,
                                "Shared Read Blocks": 26764,
                                "Shared Dirtied Blocks": 0,
                                "Shared Written Blocks": 0,
                                "Local Hit Blocks": 0,
                                "Local Read Blocks": 0,
                                "Local Dirtied Blocks": 0,
                                "Local Written Blocks": 0,
                                "Temp Read Blocks": 0,
                                "Temp Written Blocks": 0
                              },
                              {
                                "Worker Number": 1,
                                "Actual Startup Time": 15.857,
                                "Actual Total Time": 15.859,
                                "Actual Rows": 0,
                                "Actual Loops": 1,
                                "Shared Hit Blocks": 0,
                                "Shared Read Blocks": 141,
                                "Shared Dirtied Blocks": 0,
                                "Shared Written Blocks": 0,
                                "Local Hit Blocks": 0,
                                "Local Read Blocks": 0,
                                "Local Dirtied Blocks": 0,
                                "Local Written Blocks": 0,
                                "Temp Read Blocks": 0,
                                "Temp Written Blocks": 0
                              }
                            ],
                            "Plans": [
                              {
                                "Node Type": "Nested Loop",
                                "Parent Relationship": "Outer",
                                "Parallel Aware": false,
                                "Async Capable": false,
                                "Join Type": "Inner",
                                "Startup Cost": 0.73,
                                "Total Cost": 133392.19,
                                "Plan Rows": 1378,
                                "Plan Width": 37,
                                "Actual Startup Time": 30.189,
                                "Actual Total Time": 1986.04,
                                "Actual Rows": 30177,
                                "Actual Loops": 3,
                                "Output": [
                                  "catalog_sales.cs_quantity",
                                  "catalog_sales.cs_list_price",
                                  "catalog_sales.cs_coupon_amt",
                                  "catalog_sales.cs_sales_price",
                                  "catalog_sales.cs_net_profit",
                                  "catalog_sales.cs_item_sk",
                                  "catalog_sales.cs_bill_cdemo_sk",
                                  "catalog_sales.cs_bill_customer_sk"
                                ],
                                "Inner Unique": false,
                                "Shared Hit Blocks": 1498,
                                "Shared Read Blocks": 55243,
                                "Shared Dirtied Blocks": 0,
                                "Shared Written Blocks": 0,
                                "Local Hit Blocks": 0,
                                "Local Read Blocks": 0,
                                "Local Dirtied Blocks": 0,
                                "Local Written Blocks": 0,
                                "Temp Read Blocks": 0,
                                "Temp Written Blocks": 0,
                                "Workers": [
                                  {
                                    "Worker Number": 0,
                                    "Actual Startup Time": 17.891,
                                    "Actual Total Time": 2483.835,
                                    "Actual Rows": 36237,
                                    "Actual Loops": 1,
                                    "Shared Hit Blocks": 568,
                                    "Shared Read Blocks": 22050,
                                    "Shared Dirtied Blocks": 0,
                                    "Shared Written Blocks": 0,
                                    "Local Hit Blocks": 0,
                                    "Local Read Blocks": 0,
                                    "Local Dirtied Blocks": 0,
                                    "Local Written Blocks": 0,
                                    "Temp Read Blocks": 0,
                                    "Temp Written Blocks": 0
                                  },
                                  {
                                    "Worker Number": 1,
                                    "Actual Startup Time": 15.857,
                                    "Actual Total Time": 15.858,
                                    "Actual Rows": 0,
                                    "Actual Loops": 1,
                                    "Shared Hit Blocks": 0,
                                    "Shared Read Blocks": 141,
                                    "Shared Dirtied Blocks": 0,
                                    "Shared Written Blocks": 0,
                                    "Local Hit Blocks": 0,
                                    "Local Read Blocks": 0,
                                    "Local Dirtied Blocks": 0,
                                    "Local Written Blocks": 0,
                                    "Temp Read Blocks": 0,
                                    "Temp Written Blocks": 0
                                  }
                                ],
                                "Plans": [
                                  {
                                    "Node Type": "Index Only Scan",
                                    "Parent Relationship": "Outer",
                                    "Parallel Aware": true,
                                    "Async Capable": false,
                                    "Scan Direction": "Forward",
                                    "Index Name": "_dta_index_date_dim_6_661577395__k1_k7_k9",
                                    "Relation Name": "date_dim",
                                    "Schema": "public",
                                    "Alias": "date_dim",
                                    "Startup Cost": 0.29,
                                    "Total Cost": 1688.68,
                                    "Plan Rows": 152,
                                    "Plan Width": 4,
                                    "Actual Startup Time": 12.939,
                                    "Actual Total Time": 13.115,
                                    "Actual Rows": 122,
                                    "Actual Loops": 3,
                                    "Output": [
                                      "date_dim.d_date_sk",
                                      "date_dim.d_year",
                                      "date_dim.d_moy"
                                    ],
                                    "Index Cond": "(date_dim.d_year = 1998)",
                                    "Rows Removed by Index Recheck": 0,
                                    "Heap Fetches": 0,
                                    "Shared Hit Blocks": 4,
                                    "Shared Read Blocks": 279,
                                    "Shared Dirtied Blocks": 0,
                                    "Shared Written Blocks": 0,
                                    "Local Hit Blocks": 0,
                                    "Local Read Blocks": 0,
                                    "Local Dirtied Blocks": 0,
                                    "Local Written Blocks": 0,
                                    "Temp Read Blocks": 0,
                                    "Temp Written Blocks": 0,
                                    "Workers": [
                                      {
                                        "Worker Number": 0,
                                        "Actual Startup Time": 0.341,
                                        "Actual Total Time": 0.53,
                                        "Actual Rows": 140,
                                        "Actual Loops": 1,
                                        "Shared Hit Blocks": 2,
                                        "Shared Read Blocks": 0,
                                        "Shared Dirtied Blocks": 0,
                                        "Shared Written Blocks": 0,
                                        "Local Hit Blocks": 0,
                                        "Local Read Blocks": 0,
                                        "Local Dirtied Blocks": 0,
                                        "Local Written Blocks": 0,
                                        "Temp Read Blocks": 0,
                                        "Temp Written Blocks": 0
                                      },
                                      {
                                        "Worker Number": 1,
                                        "Actual Startup Time": 15.856,
                                        "Actual Total Time": 15.857,
                                        "Actual Rows": 0,
                                        "Actual Loops": 1,
                                        "Shared Hit Blocks": 0,
                                        "Shared Read Blocks": 141,
                                        "Shared Dirtied Blocks": 0,
                                        "Shared Written Blocks": 0,
                                        "Local Hit Blocks": 0,
                                        "Local Read Blocks": 0,
                                        "Local Dirtied Blocks": 0,
                                        "Local Written Blocks": 0,
                                        "Temp Read Blocks": 0,
                                        "Temp Written Blocks": 0
                                      }
                                    ]
                                  },
                                  {
                                    "Node Type": "Index Scan",
                                    "Parent Relationship": "Inner",
                                    "Parallel Aware": false,
                                    "Async Capable": false,
                                    "Scan Direction": "Forward",
                                    "Index Name": "_dta_index_catalog_sales_6_1301579675__k1_4",
                                    "Relation Name": "catalog_sales",
                                    "Schema": "public",
                                    "Alias": "catalog_sales",
                                    "Startup Cost": 0.43,
                                    "Total Cost": 863.34,
                                    "Plan Rows": 313,
                                    "Plan Width": 41,
                                    "Actual Startup Time": 0.067,
                                    "Actual Total Time": 15.957,
                                    "Actual Rows": 248,
                                    "Actual Loops": 365,
                                    "Output": [
                                      "catalog_sales.cs_sold_date_sk",
                                      "catalog_sales.cs_sold_time_sk",
                                      "catalog_sales.cs_ship_date_sk",
                                      "catalog_sales.cs_bill_customer_sk",
                                      "catalog_sales.cs_bill_cdemo_sk",
                                      "catalog_sales.cs_bill_hdemo_sk",
                                      "catalog_sales.cs_bill_addr_sk",
                                      "catalog_sales.cs_ship_customer_sk",
                                      "catalog_sales.cs_ship_cdemo_sk",
                                      "catalog_sales.cs_ship_hdemo_sk",
                                      "catalog_sales.cs_ship_addr_sk",
                                      "catalog_sales.cs_call_center_sk",
                                      "catalog_sales.cs_catalog_page_sk",
                                      "catalog_sales.cs_ship_mode_sk",
                                      "catalog_sales.cs_warehouse_sk",
                                      "catalog_sales.cs_item_sk",
                                      "catalog_sales.cs_promo_sk",
                                      "catalog_sales.cs_order_number",
                                      "catalog_sales.cs_quantity",
                                      "catalog_sales.cs_wholesale_cost",
                                      "catalog_sales.cs_list_price",
                                      "catalog_sales.cs_sales_price",
                                      "catalog_sales.cs_ext_discount_amt",
                                      "catalog_sales.cs_ext_sales_price",
                                      "catalog_sales.cs_ext_wholesale_cost",
                                      "catalog_sales.cs_ext_list_price",
                                      "catalog_sales.cs_ext_tax",
                                      "catalog_sales.cs_coupon_amt",
                                      "catalog_sales.cs_ext_ship_cost",
                                      "catalog_sales.cs_net_paid",
                                      "catalog_sales.cs_net_paid_inc_tax",
                                      "catalog_sales.cs_net_paid_inc_ship",
                                      "catalog_sales.cs_net_paid_inc_ship_tax",
                                      "catalog_sales.cs_net_profit"
                                    ],
                                    "Index Cond": "(catalog_sales.cs_sold_date_sk = date_dim.d_date_sk)",
                                    "Rows Removed by Index Recheck": 0,
                                    "Filter": "((catalog_sales.cs_wholesale_cost >= '52'::numeric) AND (catalog_sales.cs_wholesale_cost <= '57'::numeric))",
                                    "Rows Removed by Filter": 5030,
                                    "Shared Hit Blocks": 1494,
                                    "Shared Read Blocks": 54964,
                                    "Shared Dirtied Blocks": 0,
                                    "Shared Written Blocks": 0,
                                    "Local Hit Blocks": 0,
                                    "Local Read Blocks": 0,
                                    "Local Dirtied Blocks": 0,
                                    "Local Written Blocks": 0,
                                    "Temp Read Blocks": 0,
                                    "Temp Written Blocks": 0,
                                    "Workers": [
                                      {
                                        "Worker Number": 0,
                                        "Actual Startup Time": 0.071,
                                        "Actual Total Time": 17.49,
                                        "Actual Rows": 259,
                                        "Actual Loops": 140,
                                        "Shared Hit Blocks": 566,
                                        "Shared Read Blocks": 22050,
                                        "Shared Dirtied Blocks": 0,
                                        "Shared Written Blocks": 0,
                                        "Local Hit Blocks": 0,
                                        "Local Read Blocks": 0,
                                        "Local Dirtied Blocks": 0,
                                        "Local Written Blocks": 0,
                                        "Temp Read Blocks": 0,
                                        "Temp Written Blocks": 0
                                      }
                                    ]
                                  }
                                ]
                              },
                              {
                                "Node Type": "Index Scan",
                                "Parent Relationship": "Inner",
                                "Parallel Aware": false,
                                "Async Capable": false,
                                "Scan Direction": "Forward",
                                "Index Name": "item_pkey",
                                "Relation Name": "item",
                                "Schema": "public",
                                "Alias": "item",
                                "Startup Cost": 0.29,
                                "Total Cost": 0.36,
                                "Plan Rows": 1,
                                "Plan Width": 21,
                                "Actual Startup Time": 0.016,
                                "Actual Total Time": 0.016,
                                "Actual Rows": 0,
                                "Actual Loops": 90532,
                                "Output": [
                                  "item.i_item_sk",
                                  "item.i_item_id",
                                  "item.i_rec_start_date",
                                  "item.i_rec_end_date",
                                  "item.i_item_desc",
                                  "item.i_current_price",
                                  "item.i_wholesale_cost",
                                  "item.i_brand_id",
                                  "item.i_brand",
                                  "item.i_class_id",
                                  "item.i_class",
                                  "item.i_category_id",
                                  "item.i_category",
                                  "item.i_manufact_id",
                                  "item.i_manufact",
                                  "item.i_size",
                                  "item.i_formulation",
                                  "item.i_color",
                                  "item.i_units",
                                  "item.i_container",
                                  "item.i_manager_id",
                                  "item.i_product_name"
                                ],
                                "Index Cond": "(item.i_item_sk = catalog_sales.cs_item_sk)",
                                "Rows Removed by Index Recheck": 0,
                                "Filter": "(item.i_category = 'Jewelry'::bpchar)",
                                "Rows Removed by Filter": 1,
                                "Shared Hit Blocks": 259826,
                                "Shared Read Blocks": 11771,
                                "Shared Dirtied Blocks": 0,
                                "Shared Written Blocks": 0,
                                "Local Hit Blocks": 0,
                                "Local Read Blocks": 0,
                                "Local Dirtied Blocks": 0,
                                "Local Written Blocks": 0,
                                "Temp Read Blocks": 0,
                                "Temp Written Blocks": 0,
                                "Workers": [
                                  {
                                    "Worker Number": 0,
                                    "Actual Startup Time": 0.017,
                                    "Actual Total Time": 0.017,
                                    "Actual Rows": 0,
                                    "Actual Loops": 36237,
                                    "Shared Hit Blocks": 103998,
                                    "Shared Read Blocks": 4714,
                                    "Shared Dirtied Blocks": 0,
                                    "Shared Written Blocks": 0,
                                    "Local Hit Blocks": 0,
                                    "Local Read Blocks": 0,
                                    "Local Dirtied Blocks": 0,
                                    "Local Written Blocks": 0,
                                    "Temp Read Blocks": 0,
                                    "Temp Written Blocks": 0
                                  }
                                ]
                              }
                            ]
                          },
                          {
                            "Node Type": "Index Scan",
                            "Parent Relationship": "Inner",
                            "Parallel Aware": false,
                            "Async Capable": false,
                            "Scan Direction": "Forward",
                            "Index Name": "_dta_index_customer_6_949578421__k1_k5",
                            "Relation Name": "customer",
                            "Schema": "public",
                            "Alias": "customer",
                            "Startup Cost": 0.42,
                            "Total Cost": 0.53,
                            "Plan Rows": 1,
                            "Plan Width": 12,
                            "Actual Startup Time": 0.183,
                            "Actual Total Time": 0.183,
                            "Actual Rows": 0,
                            "Actual Loops": 1965,
                            "Output": [
                              "customer.c_customer_sk",
                              "customer.c_customer_id",
                              "customer.c_current_cdemo_sk",
                              "customer.c_current_hdemo_sk",
                              "customer.c_current_addr_sk",
                              "customer.c_first_shipto_date_sk",
                              "customer.c_first_sales_date_sk",
                              "customer.c_salutation",
                              "customer.c_first_name",
                              "customer.c_last_name",
                              "customer.c_preferred_cust_flag",
                              "customer.c_birth_day",
                              "customer.c_birth_month",
                              "customer.c_birth_year",
                              "customer.c_birth_country",
                              "customer.c_login",
                              "customer.c_email_address",
                              "customer.c_last_review_date_sk"
                            ],
                            "Index Cond": "(customer.c_customer_sk = catalog_sales.cs_bill_customer_sk)",
                            "Rows Removed by Index Recheck": 0,
                            "Filter": "(customer.c_birth_month = 1)",
                            "Rows Removed by Filter": 1,
                            "Shared Hit Blocks": 4448,
                            "Shared Read Blocks": 3401,
                            "Shared Dirtied Blocks": 0,
                            "Shared Written Blocks": 0,
                            "Local Hit Blocks": 0,
                            "Local Read Blocks": 0,
                            "Local Dirtied Blocks": 0,
                            "Local Written Blocks": 0,
                            "Temp Read Blocks": 0,
                            "Temp Written Blocks": 0,
                            "Workers": [
                              {
                                "Worker Number": 0,
                                "Actual Startup Time": 0.189,
                                "Actual Total Time": 0.189,
                                "Actual Rows": 0,
                                "Actual Loops": 743,
                                "Shared Hit Blocks": 1676,
                                "Shared Read Blocks": 1289,
                                "Shared Dirtied Blocks": 0,
                                "Shared Written Blocks": 0,
                                "Local Hit Blocks": 0,
                                "Local Read Blocks": 0,
                                "Local Dirtied Blocks": 0,
                                "Local Written Blocks": 0,
                                "Temp Read Blocks": 0,
                                "Temp Written Blocks": 0
                              }
                            ]
                          }
                        ]
                      },
                      {
                        "Node Type": "Index Scan",
                        "Parent Relationship": "Inner",
                        "Parallel Aware": false,
                        "Async Capable": false,
                        "Scan Direction": "Forward",
                        "Index Name": "customer_demographics_pkey",
                        "Relation Name": "customer_demographics",
                        "Schema": "public",
                        "Alias": "customer_demographics",
                        "Startup Cost": 0.43,
                        "Total Cost": 0.61,
                        "Plan Rows": 1,
                        "Plan Width": 8,
                        "Actual Startup Time": 0.208,
                        "Actual Total Time": 0.208,
                        "Actual Rows": 0,
                        "Actual Loops": 206,
                        "Output": [
                          "customer_demographics.cd_demo_sk",
                          "customer_demographics.cd_gender",
                          "customer_demographics.cd_marital_status",
                          "customer_demographics.cd_education_status",
                          "customer_demographics.cd_purchase_estimate",
                          "customer_demographics.cd_credit_rating",
                          "customer_demographics.cd_dep_count",
                          "customer_demographics.cd_dep_employed_count",
                          "customer_demographics.cd_dep_college_count"
                        ],
                        "Index Cond": "(customer_demographics.cd_demo_sk = catalog_sales.cs_bill_cdemo_sk)",
                        "Rows Removed by Index Recheck": 0,
                        "Filter": "((customer_demographics.cd_gender = 'F'::bpchar) AND (customer_demographics.cd_education_status = 'College'::bpchar))",
                        "Rows Removed by Filter": 1,
                        "Shared Hit Blocks": 408,
                        "Shared Read Blocks": 413,
                        "Shared Dirtied Blocks": 0,
                        "Shared Written Blocks": 0,
                        "Local Hit Blocks": 0,
                        "Local Read Blocks": 0,
                        "Local Dirtied Blocks": 0,
                        "Local Written Blocks": 0,
                        "Temp Read Blocks": 0,
                        "Temp Written Blocks": 0,
                        "Workers": [
                          {
                            "Worker Number": 0,
                            "Actual Startup Time": 0.227,
                            "Actual Total Time": 0.227,
                            "Actual Rows": 0,
                            "Actual Loops": 67,
                            "Shared Hit Blocks": 136,
                            "Shared Read Blocks": 133,
                            "Shared Dirtied Blocks": 0,
                            "Shared Written Blocks": 0,
                            "Local Hit Blocks": 0,
                            "Local Read Blocks": 0,
                            "Local Dirtied Blocks": 0,
                            "Local Written Blocks": 0,
                            "Temp Read Blocks": 0,
                            "Temp Written Blocks": 0
                          }
                        ]
                      }
                    ]
                  }
                ]
              },
              {
                "Node Type": "Index Scan",
                "Parent Relationship": "Inner",
                "Parallel Aware": false,
                "Async Capable": false,
                "Scan Direction": "Forward",
                "Index Name": "customer_address_pkey",
                "Relation Name": "customer_address",
                "Schema": "public",
                "Alias": "customer_address",
                "Startup Cost": 0.42,
                "Total Cost": 0.95,
                "Plan Rows": 1,
                "Plan Width": 35,
                "Actual Startup Time": 0.183,
                "Actual Total Time": 0.183,
                "Actual Rows": 0,
                "Actual Loops": 11,
                "Output": [
                  "customer_address.ca_address_sk",
                  "customer_address.ca_address_id",
                  "customer_address.ca_street_number",
                  "customer_address.ca_street_name",
                  "customer_address.ca_street_type",
                  "customer_address.ca_suite_number",
                  "customer_address.ca_city",
                  "customer_address.ca_county",
                  "customer_address.ca_state",
                  "customer_address.ca_zip",
                  "customer_address.ca_country",
                  "customer_address.ca_gmt_offset",
                  "customer_address.ca_location_type"
                ],
                "Index Cond": "(customer_address.ca_address_sk = customer.c_current_addr_sk)",
                "Rows Removed by Index Recheck": 0,
                "Filter": "(customer_address.ca_state = ANY ('{GA,LA,SD}'::bpchar[]))",
                "Rows Removed by Filter": 1,
                "Shared Hit Blocks": 20,
                "Shared Read Blocks": 24,
                "Shared Dirtied Blocks": 0,
                "Shared Written Blocks": 0,
                "Local Hit Blocks": 0,
                "Local Read Blocks": 0,
                "Local Dirtied Blocks": 0,
                "Local Written Blocks": 0,
                "Temp Read Blocks": 0,
                "Temp Written Blocks": 0
              }
            ]
          }
        ]
      },
      "Planning": {
        "Shared Hit Blocks": 23,
        "Shared Read Blocks": 35,
        "Shared Dirtied Blocks": 0,
        "Shared Written Blocks": 0,
        "Local Hit Blocks": 0,
        "Local Read Blocks": 0,
        "Local Dirtied Blocks": 0,
        "Local Written Blocks": 0,
        "Temp Read Blocks": 0,
        "Temp Written Blocks": 0
      },
      "Planning Time": 6.332,
      "Triggers": [],
      "JIT": {
        "Functions": 96,
        "Options": {
          "Inlining": false,
          "Optimization": false,
          "Expressions": true,
          "Deforming": true
        },
        "Timing": {
          "Generation": 11.512,
          "Inlining": 0.0,
          "Optimization": 3.644,
          "Emission": 47.46,
          "Total": 62.616
        }
      },
      "Execution Time": 4585.678
    }
  ],
  "original_sql": "select min(i_item_id),\n        min(ca_country),\n        min(ca_state),\n        min(ca_county),\n        min(cs_quantity),\n        min(cs_list_price),\n        min(cs_coupon_amt),\n        min(cs_sales_price),\n        min(cs_net_profit),\n        min(c_birth_year),\n        min(cd_dep_count)\n from catalog_sales, customer_demographics, customer, customer_address, date_dim, item\n where cs_sold_date_sk = d_date_sk and\n       cs_item_sk = i_item_sk and\n       cs_bill_cdemo_sk = cd_demo_sk and\n       cs_bill_customer_sk = c_customer_sk and\n       cd_gender = 'F' and\n       cd_education_status = 'College' and\n       c_current_addr_sk = ca_address_sk and\n       d_year = 1998 and\n       c_birth_month = 1 and\n       ca_state in ('GA', 'LA', 'SD')\n       and cs_wholesale_cost BETWEEN 52 AND 57\n       AND i_category = 'Jewelry'"
}