{
  "query_id": "query091_agg",
  "engine": "postgresql",
  "benchmark": "dsb",
  "scale_factor": 10,
  "execution_time_ms": 3485.01,
  "planning_time_ms": 7.477,
  "plan_json": [
    {
      "Plan": {
        "Node Type": "Sort",
        "Parallel Aware": false,
        "Async Capable": false,
        "Startup Cost": 55720.85,
        "Total Cost": 55720.86,
        "Plan Rows": 1,
        "Plan Width": 99,
        "Actual Startup Time": 3477.366,
        "Actual Total Time": 3484.936,
        "Actual Rows": 0,
        "Actual Loops": 1,
        "Output": [
          "call_center.cc_call_center_id",
          "call_center.cc_name",
          "call_center.cc_manager",
          "(sum(catalog_returns.cr_net_loss))",
          "customer_demographics.cd_marital_status",
          "customer_demographics.cd_education_status"
        ],
        "Sort Key": [
          "(sum(catalog_returns.cr_net_loss)) DESC"
        ],
        "Sort Method": "quicksort",
        "Sort Space Used": 25,
        "Sort Space Type": "Memory",
        "Shared Hit Blocks": 141766,
        "Shared Read Blocks": 57621,
        "Shared Dirtied Blocks": 0,
        "Shared Written Blocks": 0,
        "Local Hit Blocks": 0,
        "Local Read Blocks": 0,
        "Local Dirtied Blocks": 0,
        "Local Written Blocks": 0,
        "Temp Read Blocks": 0,
        "Temp Written Blocks": 0,
        "Plans": [
          {
            "Node Type": "Aggregate",
            "Strategy": "Sorted",
            "Partial Mode": "Simple",
            "Parent Relationship": "Outer",
            "Parallel Aware": false,
            "Async Capable": false,
            "Startup Cost": 55720.81,
            "Total Cost": 55720.84,
            "Plan Rows": 1,
            "Plan Width": 99,
            "Actual Startup Time": 3477.362,
            "Actual Total Time": 3484.931,
            "Actual Rows": 0,
            "Actual Loops": 1,
            "Output": [
              "call_center.cc_call_center_id",
              "call_center.cc_name",
              "call_center.cc_manager",
              "sum(catalog_returns.cr_net_loss)",
              "customer_demographics.cd_marital_status",
              "customer_demographics.cd_education_status"
            ],
            "Group Key": [
              "call_center.cc_call_center_id",
              "call_center.cc_name",
              "call_center.cc_manager",
              "customer_demographics.cd_marital_status",
              "customer_demographics.cd_education_status"
            ],
            "Shared Hit Blocks": 141766,
            "Shared Read Blocks": 57621,
            "Shared Dirtied Blocks": 0,
            "Shared Written Blocks": 0,
            "Local Hit Blocks": 0,
            "Local Read Blocks": 0,
            "Local Dirtied Blocks": 0,
            "Local Written Blocks": 0,
            "Temp Read Blocks": 0,
            "Temp Written Blocks": 0,
            "Plans": [
              {
                "Node Type": "Sort",
                "Parent Relationship": "Outer",
                "Parallel Aware": false,
                "Async Capable": false,
                "Startup Cost": 55720.81,
                "Total Cost": 55720.81,
                "Plan Rows": 1,
                "Plan Width": 73,
                "Actual Startup Time": 3477.359,
                "Actual Total Time": 3484.928,
                "Actual Rows": 0,
                "Actual Loops": 1,
                "Output": [
                  "call_center.cc_call_center_id",
                  "call_center.cc_name",
                  "call_center.cc_manager",
                  "customer_demographics.cd_marital_status",
                  "customer_demographics.cd_education_status",
                  "catalog_returns.cr_net_loss"
                ],
                "Sort Key": [
                  "call_center.cc_call_center_id",
                  "call_center.cc_name",
                  "call_center.cc_manager",
                  "customer_demographics.cd_marital_status",
                  "customer_demographics.cd_education_status"
                ],
                "Sort Method": "quicksort",
                "Sort Space Used": 25,
                "Sort Space Type": "Memory",
                "Shared Hit Blocks": 141766,
                "Shared Read Blocks": 57621,
                "Shared Dirtied Blocks": 0,
                "Shared Written Blocks": 0,
                "Local Hit Blocks": 0,
                "Local Read Blocks": 0,
                "Local Dirtied Blocks": 0,
                "Local Written Blocks": 0,
                "Temp Read Blocks": 0,
                "Temp Written Blocks": 0,
                "Plans": [
                  {
                    "Node Type": "Gather",
                    "Parent Relationship": "Outer",
                    "Parallel Aware": false,
                    "Async Capable": false,
                    "Startup Cost": 1013.55,
                    "Total Cost": 55720.8,
                    "Plan Rows": 1,
                    "Plan Width": 73,
                    "Actual Startup Time": 3477.353,
                    "Actual Total Time": 3484.92,
                    "Actual Rows": 0,
                    "Actual Loops": 1,
                    "Output": [
                      "call_center.cc_call_center_id",
                      "call_center.cc_name",
                      "call_center.cc_manager",
                      "customer_demographics.cd_marital_status",
                      "customer_demographics.cd_education_status",
                      "catalog_returns.cr_net_loss"
                    ],
                    "Workers Planned": 2,
                    "Workers Launched": 2,
                    "Single Copy": false,
                    "Shared Hit Blocks": 141766,
                    "Shared Read Blocks": 57621,
                    "Shared Dirtied Blocks": 0,
                    "Shared Written Blocks": 0,
                    "Local Hit Blocks": 0,
                    "Local Read Blocks": 0,
                    "Local Dirtied Blocks": 0,
                    "Local Written Blocks": 0,
                    "Temp Read Blocks": 0,
                    "Temp Written Blocks": 0,
                    "Plans": [
                      {
                        "Node Type": "Nested Loop",
                        "Parent Relationship": "Outer",
                        "Parallel Aware": false,
                        "Async Capable": false,
                        "Join Type": "Inner",
                        "Startup Cost": 13.55,
                        "Total Cost": 54720.7,
                        "Plan Rows": 1,
                        "Plan Width": 73,
                        "Actual Startup Time": 3443.486,
                        "Actual Total Time": 3443.492,
                        "Actual Rows": 0,
                        "Actual Loops": 3,
                        "Output": [
                          "call_center.cc_call_center_id",
                          "call_center.cc_name",
                          "call_center.cc_manager",
                          "customer_demographics.cd_marital_status",
                          "customer_demographics.cd_education_status",
                          "catalog_returns.cr_net_loss"
                        ],
                        "Inner Unique": true,
                        "Shared Hit Blocks": 141766,
                        "Shared Read Blocks": 57621,
                        "Shared Dirtied Blocks": 0,
                        "Shared Written Blocks": 0,
                        "Local Hit Blocks": 0,
                        "Local Read Blocks": 0,
                        "Local Dirtied Blocks": 0,
                        "Local Written Blocks": 0,
                        "Temp Read Blocks": 0,
                        "Temp Written Blocks": 0,
                        "Workers": [
                          {
                            "Worker Number": 0,
                            "Actual Startup Time": 3426.938,
                            "Actual Total Time": 3426.944,
                            "Actual Rows": 0,
                            "Actual Loops": 1,
                            "Shared Hit Blocks": 47124,
                            "Shared Read Blocks": 19107,
                            "Shared Dirtied Blocks": 0,
                            "Shared Written Blocks": 0,
                            "Local Hit Blocks": 0,
                            "Local Read Blocks": 0,
                            "Local Dirtied Blocks": 0,
                            "Local Written Blocks": 0,
                            "Temp Read Blocks": 0,
                            "Temp Written Blocks": 0
                          },
                          {
                            "Worker Number": 1,
                            "Actual Startup Time": 3426.959,
                            "Actual Total Time": 3426.965,
                            "Actual Rows": 0,
                            "Actual Loops": 1,
                            "Shared Hit Blocks": 46506,
                            "Shared Read Blocks": 19036,
                            "Shared Dirtied Blocks": 0,
                            "Shared Written Blocks": 0,
                            "Local Hit Blocks": 0,
                            "Local Read Blocks": 0,
                            "Local Dirtied Blocks": 0,
                            "Local Written Blocks": 0,
                            "Temp Read Blocks": 0,
                            "Temp Written Blocks": 0
                          }
                        ],
                        "Plans": [
                          {
                            "Node Type": "Nested Loop",
                            "Parent Relationship": "Outer",
                            "Parallel Aware": false,
                            "Async Capable": false,
                            "Join Type": "Inner",
                            "Startup Cost": 13.12,
                            "Total Cost": 54716.0,
                            "Plan Rows": 7,
                            "Plan Width": 54,
                            "Actual Startup Time": 459.72,
                            "Actual Total Time": 3393.117,
                            "Actual Rows": 108,
                            "Actual Loops": 3,
                            "Output": [
                              "call_center.cc_call_center_id",
                              "call_center.cc_name",
                              "call_center.cc_manager",
                              "catalog_returns.cr_net_loss",
                              "customer.c_current_cdemo_sk"
                            ],
                            "Inner Unique": true,
                            "Shared Hit Blocks": 141113,
                            "Shared Read Blocks": 57000,
                            "Shared Dirtied Blocks": 0,
                            "Shared Written Blocks": 0,
                            "Local Hit Blocks": 0,
                            "Local Read Blocks": 0,
                            "Local Dirtied Blocks": 0,
                            "Local Written Blocks": 0,
                            "Temp Read Blocks": 0,
                            "Temp Written Blocks": 0,
                            "Workers": [
                              {
                                "Worker Number": 0,
                                "Actual Startup Time": 440.381,
                                "Actual Total Time": 3380.807,
                                "Actual Rows": 103,
                                "Actual Loops": 1,
                                "Shared Hit Blocks": 46911,
                                "Shared Read Blocks": 18907,
                                "Shared Dirtied Blocks": 0,
                                "Shared Written Blocks": 0,
                                "Local Hit Blocks": 0,
                                "Local Read Blocks": 0,
                                "Local Dirtied Blocks": 0,
                                "Local Written Blocks": 0,
                                "Temp Read Blocks": 0,
                                "Temp Written Blocks": 0
                              },
                              {
                                "Worker Number": 1,
                                "Actual Startup Time": 454.201,
                                "Actual Total Time": 3376.988,
                                "Actual Rows": 114,
                                "Actual Loops": 1,
                                "Shared Hit Blocks": 46274,
                                "Shared Read Blocks": 18819,
                                "Shared Dirtied Blocks": 0,
                                "Shared Written Blocks": 0,
                                "Local Hit Blocks": 0,
                                "Local Read Blocks": 0,
                                "Local Dirtied Blocks": 0,
                                "Local Written Blocks": 0,
                                "Temp Read Blocks": 0,
                                "Temp Written Blocks": 0
                              }
                            ],
                            "Plans": [
                              {
                                "Node Type": "Nested Loop",
                                "Parent Relationship": "Outer",
                                "Parallel Aware": false,
                                "Async Capable": false,
                                "Join Type": "Inner",
                                "Startup Cost": 12.7,
                                "Total Cost": 54686.17,
                                "Plan Rows": 61,
                                "Plan Width": 58,
                                "Actual Startup Time": 366.757,
                                "Actual Total Time": 3245.909,
                                "Actual Rows": 924,
                                "Actual Loops": 3,
                                "Output": [
                                  "call_center.cc_call_center_id",
                                  "call_center.cc_name",
                                  "call_center.cc_manager",
                                  "catalog_returns.cr_net_loss",
                                  "customer.c_current_cdemo_sk",
                                  "customer.c_current_addr_sk"
                                ],
                                "Inner Unique": true,
                                "Shared Hit Blocks": 132593,
                                "Shared Read Blocks": 54426,
                                "Shared Dirtied Blocks": 0,
                                "Shared Written Blocks": 0,
                                "Local Hit Blocks": 0,
                                "Local Read Blocks": 0,
                                "Local Dirtied Blocks": 0,
                                "Local Written Blocks": 0,
                                "Temp Read Blocks": 0,
                                "Temp Written Blocks": 0,
                                "Workers": [
                                  {
                                    "Worker Number": 0,
                                    "Actual Startup Time": 355.077,
                                    "Actual Total Time": 3227.398,
                                    "Actual Rows": 912,
                                    "Actual Loops": 1,
                                    "Shared Hit Blocks": 44146,
                                    "Shared Read Blocks": 18023,
                                    "Shared Dirtied Blocks": 0,
                                    "Shared Written Blocks": 0,
                                    "Local Hit Blocks": 0,
                                    "Local Read Blocks": 0,
                                    "Local Dirtied Blocks": 0,
                                    "Local Written Blocks": 0,
                                    "Temp Read Blocks": 0,
                                    "Temp Written Blocks": 0
                                  },
                                  {
                                    "Worker Number": 1,
                                    "Actual Startup Time": 353.004,
                                    "Actual Total Time": 3230.422,
                                    "Actual Rows": 914,
                                    "Actual Loops": 1,
                                    "Shared Hit Blocks": 43458,
                                    "Shared Read Blocks": 17978,
                                    "Shared Dirtied Blocks": 0,
                                    "Shared Written Blocks": 0,
                                    "Local Hit Blocks": 0,
                                    "Local Read Blocks": 0,
                                    "Local Dirtied Blocks": 0,
                                    "Local Written Blocks": 0,
                                    "Temp Read Blocks": 0,
                                    "Temp Written Blocks": 0
                                  }
                                ],
                                "Plans": [
                                  {
                                    "Node Type": "Nested Loop",
                                    "Parent Relationship": "Outer",
                                    "Parallel Aware": false,
                                    "Async Capable": false,
                                    "Join Type": "Inner",
                                    "Startup Cost": 12.42,
                                    "Total Cost": 54571.6,
                                    "Plan Rows": 378,
                                    "Plan Width": 62,
                                    "Actual Startup Time": 353.646,
                                    "Actual Total Time": 3210.595,
                                    "Actual Rows": 6959,
                                    "Actual Loops": 3,
                                    "Output": [
                                      "call_center.cc_call_center_id",
                                      "call_center.cc_name",
                                      "call_center.cc_manager",
                                      "catalog_returns.cr_net_loss",
                                      "customer.c_current_cdemo_sk",
                                      "customer.c_current_hdemo_sk",
                                      "customer.c_current_addr_sk"
                                    ],
                                    "Inner Unique": true,
                                    "Shared Hit Blocks": 72294,
                                    "Shared Read Blocks": 54354,
                                    "Shared Dirtied Blocks": 0,
                                    "Shared Written Blocks": 0,
                                    "Local Hit Blocks": 0,
                                    "Local Read Blocks": 0,
                                    "Local Dirtied Blocks": 0,
                                    "Local Written Blocks": 0,
                                    "Temp Read Blocks": 0,
                                    "Temp Written Blocks": 0,
                                    "Workers": [
                                      {
                                        "Worker Number": 0,
                                        "Actual Startup Time": 336.568,
                                        "Actual Total Time": 3194.345,
                                        "Actual Rows": 6951,
                                        "Actual Loops": 1,
                                        "Shared Hit Blocks": 24129,
                                        "Shared Read Blocks": 18005,
                                        "Shared Dirtied Blocks": 0,
                                        "Shared Written Blocks": 0,
                                        "Local Hit Blocks": 0,
                                        "Local Read Blocks": 0,
                                        "Local Dirtied Blocks": 0,
                                        "Local Written Blocks": 0,
                                        "Temp Read Blocks": 0,
                                        "Temp Written Blocks": 0
                                      },
                                      {
                                        "Worker Number": 1,
                                        "Actual Startup Time": 336.416,
                                        "Actual Total Time": 3192.914,
                                        "Actual Rows": 6837,
                                        "Actual Loops": 1,
                                        "Shared Hit Blocks": 23631,
                                        "Shared Read Blocks": 17953,
                                        "Shared Dirtied Blocks": 0,
                                        "Shared Written Blocks": 0,
                                        "Local Hit Blocks": 0,
                                        "Local Read Blocks": 0,
                                        "Local Dirtied Blocks": 0,
                                        "Local Written Blocks": 0,
                                        "Temp Read Blocks": 0,
                                        "Temp Written Blocks": 0
                                      }
                                    ],
                                    "Plans": [
                                      {
                                        "Node Type": "Hash Join",
                                        "Parent Relationship": "Outer",
                                        "Parallel Aware": false,
                                        "Async Capable": false,
                                        "Join Type": "Inner",
                                        "Startup Cost": 12.0,
                                        "Total Cost": 54390.85,
                                        "Plan Rows": 386,
                                        "Plan Width": 54,
                                        "Actual Startup Time": 349.302,
                                        "Actual Total Time": 2550.116,
                                        "Actual Rows": 7034,
                                        "Actual Loops": 3,
                                        "Output": [
                                          "call_center.cc_call_center_id",
                                          "call_center.cc_name",
                                          "call_center.cc_manager",
                                          "catalog_returns.cr_net_loss",
                                          "catalog_returns.cr_returning_customer_sk"
                                        ],
                                        "Inner Unique": true,
                                        "Hash Cond": "(catalog_returns.cr_call_center_sk = call_center.cc_call_center_sk)",
                                        "Shared Hit Blocks": 102,
                                        "Shared Read Blocks": 43036,
                                        "Shared Dirtied Blocks": 0,
                                        "Shared Written Blocks": 0,
                                        "Local Hit Blocks": 0,
                                        "Local Read Blocks": 0,
                                        "Local Dirtied Blocks": 0,
                                        "Local Written Blocks": 0,
                                        "Temp Read Blocks": 0,
                                        "Temp Written Blocks": 0,
                                        "Workers": [
                                          {
                                            "Worker Number": 0,
                                            "Actual Startup Time": 326.168,
                                            "Actual Total Time": 2535.987,
                                            "Actual Rows": 7019,
                                            "Actual Loops": 1,
                                            "Shared Hit Blocks": 51,
                                            "Shared Read Blocks": 14278,
                                            "Shared Dirtied Blocks": 0,
                                            "Shared Written Blocks": 0,
                                            "Local Hit Blocks": 0,
                                            "Local Read Blocks": 0,
                                            "Local Dirtied Blocks": 0,
                                            "Local Written Blocks": 0,
                                            "Temp Read Blocks": 0,
                                            "Temp Written Blocks": 0
                                          },
                                          {
                                            "Worker Number": 1,
                                            "Actual Startup Time": 334.496,
                                            "Actual Total Time": 2532.827,
                                            "Actual Rows": 6919,
                                            "Actual Loops": 1,
                                            "Shared Hit Blocks": 49,
                                            "Shared Read Blocks": 14186,
                                            "Shared Dirtied Blocks": 0,
                                            "Shared Written Blocks": 0,
                                            "Local Hit Blocks": 0,
                                            "Local Read Blocks": 0,
                                            "Local Dirtied Blocks": 0,
                                            "Local Written Blocks": 0,
                                            "Temp Read Blocks": 0,
                                            "Temp Written Blocks": 0
                                          }
                                        ],
                                        "Plans": [
                                          {
                                            "Node Type": "Hash Join",
                                            "Parent Relationship": "Outer",
                                            "Parallel Aware": false,
                                            "Async Capable": false,
                                            "Join Type": "Inner",
                                            "Startup Cost": 9.46,
                                            "Total Cost": 54387.1,
                                            "Plan Rows": 394,
                                            "Plan Width": 14,
                                            "Actual Startup Time": 347.653,
                                            "Actual Total Time": 2544.454,
                                            "Actual Rows": 7168,
                                            "Actual Loops": 3,
                                            "Output": [
                                              "catalog_returns.cr_net_loss",
                                              "catalog_returns.cr_call_center_sk",
                                              "catalog_returns.cr_returning_customer_sk"
                                            ],
                                            "Inner Unique": true,
                                            "Hash Cond": "(catalog_returns.cr_returned_date_sk = date_dim.d_date_sk)",
                                            "Shared Hit Blocks": 9,
                                            "Shared Read Blocks": 43029,
                                            "Shared Dirtied Blocks": 0,
                                            "Shared Written Blocks": 0,
                                            "Local Hit Blocks": 0,
                                            "Local Read Blocks": 0,
                                            "Local Dirtied Blocks": 0,
                                            "Local Written Blocks": 0,
                                            "Temp Read Blocks": 0,
                                            "Temp Written Blocks": 0,
                                            "Workers": [
                                              {
                                                "Worker Number": 0,
                                                "Actual Startup Time": 323.724,
                                                "Actual Total Time": 2529.748,
                                                "Actual Rows": 7152,
                                                "Actual Loops": 1,
                                                "Shared Hit Blocks": 4,
                                                "Shared Read Blocks": 14276,
                                                "Shared Dirtied Blocks": 0,
                                                "Shared Written Blocks": 0,
                                                "Local Hit Blocks": 0,
                                                "Local Read Blocks": 0,
                                                "Local Dirtied Blocks": 0,
                                                "Local Written Blocks": 0,
                                                "Temp Read Blocks": 0,
                                                "Temp Written Blocks": 0
                                              },
                                              {
                                                "Worker Number": 1,
                                                "Actual Startup Time": 332.018,
                                                "Actual Total Time": 2526.383,
                                                "Actual Rows": 7038,
                                                "Actual Loops": 1,
                                                "Shared Hit Blocks": 5,
                                                "Shared Read Blocks": 14181,
                                                "Shared Dirtied Blocks": 0,
                                                "Shared Written Blocks": 0,
                                                "Local Hit Blocks": 0,
                                                "Local Read Blocks": 0,
                                                "Local Dirtied Blocks": 0,
                                                "Local Written Blocks": 0,
                                                "Temp Read Blocks": 0,
                                                "Temp Written Blocks": 0
                                              }
                                            ],
                                            "Plans": [
                                              {
                                                "Node Type": "Seq Scan",
                                                "Parent Relationship": "Outer",
                                                "Parallel Aware": true,
                                                "Async Capable": false,
                                                "Relation Name": "catalog_returns",
                                                "Schema": "public",
                                                "Alias": "catalog_returns",
                                                "Startup Cost": 0.0,
                                                "Total Cost": 52016.88,
                                                "Plan Rows": 899288,
                                                "Plan Width": 18,
                                                "Actual Startup Time": 0.342,
                                                "Actual Total Time": 2468.187,
                                                "Actual Rows": 719420,
                                                "Actual Loops": 3,
                                                "Output": [
                                                  "catalog_returns.cr_returned_date_sk",
                                                  "catalog_returns.cr_returned_time_sk",
                                                  "catalog_returns.cr_item_sk",
                                                  "catalog_returns.cr_refunded_customer_sk",
                                                  "catalog_returns.cr_refunded_cdemo_sk",
                                                  "catalog_returns.cr_refunded_hdemo_sk",
                                                  "catalog_returns.cr_refunded_addr_sk",
                                                  "catalog_returns.cr_returning_customer_sk",
                                                  "catalog_returns.cr_returning_cdemo_sk",
                                                  "catalog_returns.cr_returning_hdemo_sk",
                                                  "catalog_returns.cr_returning_addr_sk",
                                                  "catalog_returns.cr_call_center_sk",
                                                  "catalog_returns.cr_catalog_page_sk",
                                                  "catalog_returns.cr_ship_mode_sk",
                                                  "catalog_returns.cr_warehouse_sk",
                                                  "catalog_returns.cr_reason_sk",
                                                  "catalog_returns.cr_order_number",
                                                  "catalog_returns.cr_return_quantity",
                                                  "catalog_returns.cr_return_amount",
                                                  "catalog_returns.cr_return_tax",
                                                  "catalog_returns.cr_return_amt_inc_tax",
                                                  "catalog_returns.cr_fee",
                                                  "catalog_returns.cr_return_ship_cost",
                                                  "catalog_returns.cr_refunded_cash",
                                                  "catalog_returns.cr_reversed_charge",
                                                  "catalog_returns.cr_store_credit",
                                                  "catalog_returns.cr_net_loss"
                                                ],
                                                "Shared Hit Blocks": 0,
                                                "Shared Read Blocks": 43024,
                                                "Shared Dirtied Blocks": 0,
                                                "Shared Written Blocks": 0,
                                                "Local Hit Blocks": 0,
                                                "Local Read Blocks": 0,
                                                "Local Dirtied Blocks": 0,
                                                "Local Written Blocks": 0,
                                                "Temp Read Blocks": 0,
                                                "Temp Written Blocks": 0,
                                                "Workers": [
                                                  {
                                                    "Worker Number": 0,
                                                    "Actual Startup Time": 0.443,
                                                    "Actual Total Time": 2447.163,
                                                    "Actual Rows": 716073,
                                                    "Actual Loops": 1,
                                                    "Shared Hit Blocks": 0,
                                                    "Shared Read Blocks": 14275,
                                                    "Shared Dirtied Blocks": 0,
                                                    "Shared Written Blocks": 0,
                                                    "Local Hit Blocks": 0,
                                                    "Local Read Blocks": 0,
                                                    "Local Dirtied Blocks": 0,
                                                    "Local Written Blocks": 0,
                                                    "Temp Read Blocks": 0,
                                                    "Temp Written Blocks": 0
                                                  },
                                                  {
                                                    "Worker Number": 1,
                                                    "Actual Startup Time": 0.444,
                                                    "Actual Total Time": 2455.409,
                                                    "Actual Rows": 711331,
                                                    "Actual Loops": 1,
                                                    "Shared Hit Blocks": 0,
                                                    "Shared Read Blocks": 14181,
                                                    "Shared Dirtied Blocks": 0,
                                                    "Shared Written Blocks": 0,
                                                    "Local Hit Blocks": 0,
                                                    "Local Read Blocks": 0,
                                                    "Local Dirtied Blocks": 0,
                                                    "Local Written Blocks": 0,
                                                    "Temp Read Blocks": 0,
                                                    "Temp Written Blocks": 0
                                                  }
                                                ]
                                              },
                                              {
                                                "Node Type": "Hash",
                                                "Parent Relationship": "Inner",
                                                "Parallel Aware": false,
                                                "Async Capable": false,
                                                "Startup Cost": 9.06,
                                                "Total Cost": 9.06,
                                                "Plan Rows": 32,
                                                "Plan Width": 4,
                                                "Actual Startup Time": 0.746,
                                                "Actual Total Time": 0.747,
                                                "Actual Rows": 31,
                                                "Actual Loops": 3,
                                                "Output": [
                                                  "date_dim.d_date_sk"
                                                ],
                                                "Hash Buckets": 1024,
                                                "Original Hash Buckets": 1024,
                                                "Hash Batches": 1,
                                                "Original Hash Batches": 1,
                                                "Peak Memory Usage": 10,
                                                "Shared Hit Blocks": 9,
                                                "Shared Read Blocks": 5,
                                                "Shared Dirtied Blocks": 0,
                                                "Shared Written Blocks": 0,
                                                "Local Hit Blocks": 0,
                                                "Local Read Blocks": 0,
                                                "Local Dirtied Blocks": 0,
                                                "Local Written Blocks": 0,
                                                "Temp Read Blocks": 0,
                                                "Temp Written Blocks": 0,
                                                "Workers": [
                                                  {
                                                    "Worker Number": 0,
                                                    "Actual Startup Time": 0.623,
                                                    "Actual Total Time": 0.624,
                                                    "Actual Rows": 31,
                                                    "Actual Loops": 1,
                                                    "Shared Hit Blocks": 4,
                                                    "Shared Read Blocks": 1,
                                                    "Shared Dirtied Blocks": 0,
                                                    "Shared Written Blocks": 0,
                                                    "Local Hit Blocks": 0,
                                                    "Local Read Blocks": 0,
                                                    "Local Dirtied Blocks": 0,
                                                    "Local Written Blocks": 0,
                                                    "Temp Read Blocks": 0,
                                                    "Temp Written Blocks": 0
                                                  },
                                                  {
                                                    "Worker Number": 1,
                                                    "Actual Startup Time": 0.598,
                                                    "Actual Total Time": 0.599,
                                                    "Actual Rows": 31,
                                                    "Actual Loops": 1,
                                                    "Shared Hit Blocks": 5,
                                                    "Shared Read Blocks": 0,
                                                    "Shared Dirtied Blocks": 0,
                                                    "Shared Written Blocks": 0,
                                                    "Local Hit Blocks": 0,
                                                    "Local Read Blocks": 0,
                                                    "Local Dirtied Blocks": 0,
                                                    "Local Written Blocks": 0,
                                                    "Temp Read Blocks": 0,
                                                    "Temp Written Blocks": 0
                                                  }
                                                ],
                                                "Plans": [
                                                  {
                                                    "Node Type": "Index Only Scan",
                                                    "Parent Relationship": "Outer",
                                                    "Parallel Aware": false,
                                                    "Async Capable": false,
                                                    "Scan Direction": "Forward",
                                                    "Index Name": "_dta_index_date_dim_6_661577395__k9_k7_k1",
                                                    "Relation Name": "date_dim",
                                                    "Schema": "public",
                                                    "Alias": "date_dim",
                                                    "Startup Cost": 0.42,
                                                    "Total Cost": 9.06,
                                                    "Plan Rows": 32,
                                                    "Plan Width": 4,
                                                    "Actual Startup Time": 0.736,
                                                    "Actual Total Time": 0.74,
                                                    "Actual Rows": 31,
                                                    "Actual Loops": 3,
                                                    "Output": [
                                                      "date_dim.d_date_sk"
                                                    ],
                                                    "Index Cond": "((date_dim.d_moy = 1) AND (date_dim.d_year = 1999))",
                                                    "Rows Removed by Index Recheck": 0,
                                                    "Heap Fetches": 0,
                                                    "Shared Hit Blocks": 9,
                                                    "Shared Read Blocks": 5,
                                                    "Shared Dirtied Blocks": 0,
                                                    "Shared Written Blocks": 0,
                                                    "Local Hit Blocks": 0,
                                                    "Local Read Blocks": 0,
                                                    "Local Dirtied Blocks": 0,
                                                    "Local Written Blocks": 0,
                                                    "Temp Read Blocks": 0,
                                                    "Temp Written Blocks": 0,
                                                    "Workers": [
                                                      {
                                                        "Worker Number": 0,
                                                        "Actual Startup Time": 0.612,
                                                        "Actual Total Time": 0.616,
                                                        "Actual Rows": 31,
                                                        "Actual Loops": 1,
                                                        "Shared Hit Blocks": 4,
                                                        "Shared Read Blocks": 1,
                                                        "Shared Dirtied Blocks": 0,
                                                        "Shared Written Blocks": 0,
                                                        "Local Hit Blocks": 0,
                                                        "Local Read Blocks": 0,
                                                        "Local Dirtied Blocks": 0,
                                                        "Local Written Blocks": 0,
                                                        "Temp Read Blocks": 0,
                                                        "Temp Written Blocks": 0
                                                      },
                                                      {
                                                        "Worker Number": 1,
                                                        "Actual Startup Time": 0.589,
                                                        "Actual Total Time": 0.592,
                                                        "Actual Rows": 31,
                                                        "Actual Loops": 1,
                                                        "Shared Hit Blocks": 5,
                                                        "Shared Read Blocks": 0,
                                                        "Shared Dirtied Blocks": 0,
                                                        "Shared Written Blocks": 0,
                                                        "Local Hit Blocks": 0,
                                                        "Local Read Blocks": 0,
                                                        "Local Dirtied Blocks": 0,
                                                        "Local Written Blocks": 0,
                                                        "Temp Read Blocks": 0,
                                                        "Temp Written Blocks": 0
                                                      }
                                                    ]
                                                  }
                                                ]
                                              }
                                            ]
                                          },
                                          {
                                            "Node Type": "Hash",
                                            "Parent Relationship": "Inner",
                                            "Parallel Aware": false,
                                            "Async Capable": false,
                                            "Startup Cost": 2.24,
                                            "Total Cost": 2.24,
                                            "Plan Rows": 24,
                                            "Plan Width": 48,
                                            "Actual Startup Time": 0.175,
                                            "Actual Total Time": 0.176,
                                            "Actual Rows": 24,
                                            "Actual Loops": 3,
                                            "Output": [
                                              "call_center.cc_call_center_id",
                                              "call_center.cc_name",
                                              "call_center.cc_manager",
                                              "call_center.cc_call_center_sk"
                                            ],
                                            "Hash Buckets": 1024,
                                            "Original Hash Buckets": 1024,
                                            "Hash Batches": 1,
                                            "Original Hash Batches": 1,
                                            "Peak Memory Usage": 10,
                                            "Shared Hit Blocks": 6,
                                            "Shared Read Blocks": 0,
                                            "Shared Dirtied Blocks": 0,
                                            "Shared Written Blocks": 0,
                                            "Local Hit Blocks": 0,
                                            "Local Read Blocks": 0,
                                            "Local Dirtied Blocks": 0,
                                            "Local Written Blocks": 0,
                                            "Temp Read Blocks": 0,
                                            "Temp Written Blocks": 0,
                                            "Workers": [
                                              {
                                                "Worker Number": 0,
                                                "Actual Startup Time": 0.259,
                                                "Actual Total Time": 0.26,
                                                "Actual Rows": 24,
                                                "Actual Loops": 1,
                                                "Shared Hit Blocks": 2,
                                                "Shared Read Blocks": 0,
                                                "Shared Dirtied Blocks": 0,
                                                "Shared Written Blocks": 0,
                                                "Local Hit Blocks": 0,
                                                "Local Read Blocks": 0,
                                                "Local Dirtied Blocks": 0,
                                                "Local Written Blocks": 0,
                                                "Temp Read Blocks": 0,
                                                "Temp Written Blocks": 0
                                              },
                                              {
                                                "Worker Number": 1,
                                                "Actual Startup Time": 0.251,
                                                "Actual Total Time": 0.252,
                                                "Actual Rows": 24,
                                                "Actual Loops": 1,
                                                "Shared Hit Blocks": 2,
                                                "Shared Read Blocks": 0,
                                                "Shared Dirtied Blocks": 0,
                                                "Shared Written Blocks": 0,
                                                "Local Hit Blocks": 0,
                                                "Local Read Blocks": 0,
                                                "Local Dirtied Blocks": 0,
                                                "Local Written Blocks": 0,
                                                "Temp Read Blocks": 0,
                                                "Temp Written Blocks": 0
                                              }
                                            ],
                                            "Plans": [
                                              {
                                                "Node Type": "Seq Scan",
                                                "Parent Relationship": "Outer",
                                                "Parallel Aware": false,
                                                "Async Capable": false,
                                                "Relation Name": "call_center",
                                                "Schema": "public",
                                                "Alias": "call_center",
                                                "Startup Cost": 0.0,
                                                "Total Cost": 2.24,
                                                "Plan Rows": 24,
                                                "Plan Width": 48,
                                                "Actual Startup Time": 0.154,
                                                "Actual Total Time": 0.16,
                                                "Actual Rows": 24,
                                                "Actual Loops": 3,
                                                "Output": [
                                                  "call_center.cc_call_center_id",
                                                  "call_center.cc_name",
                                                  "call_center.cc_manager",
                                                  "call_center.cc_call_center_sk"
                                                ],
                                                "Shared Hit Blocks": 6,
                                                "Shared Read Blocks": 0,
                                                "Shared Dirtied Blocks": 0,
                                                "Shared Written Blocks": 0,
                                                "Local Hit Blocks": 0,
                                                "Local Read Blocks": 0,
                                                "Local Dirtied Blocks": 0,
                                                "Local Written Blocks": 0,
                                                "Temp Read Blocks": 0,
                                                "Temp Written Blocks": 0,
                                                "Workers": [
                                                  {
                                                    "Worker Number": 0,
                                                    "Actual Startup Time": 0.226,
                                                    "Actual Total Time": 0.233,
                                                    "Actual Rows": 24,
                                                    "Actual Loops": 1,
                                                    "Shared Hit Blocks": 2,
                                                    "Shared Read Blocks": 0,
                                                    "Shared Dirtied Blocks": 0,
                                                    "Shared Written Blocks": 0,
                                                    "Local Hit Blocks": 0,
                                                    "Local Read Blocks": 0,
                                                    "Local Dirtied Blocks": 0,
                                                    "Local Written Blocks": 0,
                                                    "Temp Read Blocks": 0,
                                                    "Temp Written Blocks": 0
                                                  },
                                                  {
                                                    "Worker Number": 1,
                                                    "Actual Startup Time": 0.229,
                                                    "Actual Total Time": 0.237,
                                                    "Actual Rows": 24,
                                                    "Actual Loops": 1,
                                                    "Shared Hit Blocks": 2,
                                                    "Shared Read Blocks": 0,
                                                    "Shared Dirtied Blocks": 0,
                                                    "Shared Written Blocks": 0,
                                                    "Local Hit Blocks": 0,
                                                    "Local Read Blocks": 0,
                                                    "Local Dirtied Blocks": 0,
                                                    "Local Written Blocks": 0,
                                                    "Temp Read Blocks": 0,
                                                    "Temp Written Blocks": 0
                                                  }
                                                ]
                                              }
                                            ]
                                          }
                                        ]
                                      },
                                      {
                                        "Node Type": "Index Scan",
                                        "Parent Relationship": "Inner",
                                        "Parallel Aware": false,
                                        "Async Capable": false,
                                        "Scan Direction": "Forward",
                                        "Index Name": "_dta_index_customer_6_949578421__k1_k5",
                                        "Relation Name": "customer",
                                        "Schema": "public",
                                        "Alias": "customer",
                                        "Startup Cost": 0.42,
                                        "Total Cost": 0.47,
                                        "Plan Rows": 1,
                                        "Plan Width": 16,
                                        "Actual Startup Time": 0.093,
                                        "Actual Total Time": 0.093,
                                        "Actual Rows": 1,
                                        "Actual Loops": 21103,
                                        "Output": [
                                          "customer.c_customer_sk",
                                          "customer.c_customer_id",
                                          "customer.c_current_cdemo_sk",
                                          "customer.c_current_hdemo_sk",
                                          "customer.c_current_addr_sk",
                                          "customer.c_first_shipto_date_sk",
                                          "customer.c_first_sales_date_sk",
                                          "customer.c_salutation",
                                          "customer.c_first_name",
                                          "customer.c_last_name",
                                          "customer.c_preferred_cust_flag",
                                          "customer.c_birth_day",
                                          "customer.c_birth_month",
                                          "customer.c_birth_year",
                                          "customer.c_birth_country",
                                          "customer.c_login",
                                          "customer.c_email_address",
                                          "customer.c_last_review_date_sk"
                                        ],
                                        "Index Cond": "(customer.c_customer_sk = catalog_returns.cr_returning_customer_sk)",
                                        "Rows Removed by Index Recheck": 0,
                                        "Shared Hit Blocks": 72192,
                                        "Shared Read Blocks": 11318,
                                        "Shared Dirtied Blocks": 0,
                                        "Shared Written Blocks": 0,
                                        "Local Hit Blocks": 0,
                                        "Local Read Blocks": 0,
                                        "Local Dirtied Blocks": 0,
                                        "Local Written Blocks": 0,
                                        "Temp Read Blocks": 0,
                                        "Temp Written Blocks": 0,
                                        "Workers": [
                                          {
                                            "Worker Number": 0,
                                            "Actual Startup Time": 0.093,
                                            "Actual Total Time": 0.093,
                                            "Actual Rows": 1,
                                            "Actual Loops": 7019,
                                            "Shared Hit Blocks": 24078,
                                            "Shared Read Blocks": 3727,
                                            "Shared Dirtied Blocks": 0,
                                            "Shared Written Blocks": 0,
                                            "Local Hit Blocks": 0,
                                            "Local Read Blocks": 0,
                                            "Local Dirtied Blocks": 0,
                                            "Local Written Blocks": 0,
                                            "Temp Read Blocks": 0,
                                            "Temp Written Blocks": 0
                                          },
                                          {
                                            "Worker Number": 1,
                                            "Actual Startup Time": 0.094,
                                            "Actual Total Time": 0.094,
                                            "Actual Rows": 1,
                                            "Actual Loops": 6919,
                                            "Shared Hit Blocks": 23582,
                                            "Shared Read Blocks": 3767,
                                            "Shared Dirtied Blocks": 0,
                                            "Shared Written Blocks": 0,
                                            "Local Hit Blocks": 0,
                                            "Local Read Blocks": 0,
                                            "Local Dirtied Blocks": 0,
                                            "Local Written Blocks": 0,
                                            "Temp Read Blocks": 0,
                                            "Temp Written Blocks": 0
                                          }
                                        ]
                                      }
                                    ]
                                  },
                                  {
                                    "Node Type": "Index Scan",
                                    "Parent Relationship": "Inner",
                                    "Parallel Aware": false,
                                    "Async Capable": false,
                                    "Scan Direction": "Forward",
                                    "Index Name": "household_demographics_pkey",
                                    "Relation Name": "household_demographics",
                                    "Schema": "public",
                                    "Alias": "household_demographics",
                                    "Startup Cost": 0.28,
                                    "Total Cost": 0.3,
                                    "Plan Rows": 1,
                                    "Plan Width": 4,
                                    "Actual Startup Time": 0.004,
                                    "Actual Total Time": 0.004,
                                    "Actual Rows": 0,
                                    "Actual Loops": 20877,
                                    "Output": [
                                      "household_demographics.hd_demo_sk",
                                      "household_demographics.hd_income_band_sk",
                                      "household_demographics.hd_buy_potential",
                                      "household_demographics.hd_dep_count",
                                      "household_demographics.hd_vehicle_count"
                                    ],
                                    "Index Cond": "(household_demographics.hd_demo_sk = customer.c_current_hdemo_sk)",
                                    "Rows Removed by Index Recheck": 0,
                                    "Filter": "(household_demographics.hd_buy_potential ~~ '1001-5000%'::text)",
                                    "Rows Removed by Filter": 1,
                                    "Shared Hit Blocks": 60299,
                                    "Shared Read Blocks": 72,
                                    "Shared Dirtied Blocks": 0,
                                    "Shared Written Blocks": 0,
                                    "Local Hit Blocks": 0,
                                    "Local Read Blocks": 0,
                                    "Local Dirtied Blocks": 0,
                                    "Local Written Blocks": 0,
                                    "Temp Read Blocks": 0,
                                    "Temp Written Blocks": 0,
                                    "Workers": [
                                      {
                                        "Worker Number": 0,
                                        "Actual Startup Time": 0.004,
                                        "Actual Total Time": 0.004,
                                        "Actual Rows": 0,
                                        "Actual Loops": 6951,
                                        "Shared Hit Blocks": 20017,
                                        "Shared Read Blocks": 18,
                                        "Shared Dirtied Blocks": 0,
                                        "Shared Written Blocks": 0,
                                        "Local Hit Blocks": 0,
                                        "Local Read Blocks": 0,
                                        "Local Dirtied Blocks": 0,
                                        "Local Written Blocks": 0,
                                        "Temp Read Blocks": 0,
                                        "Temp Written Blocks": 0
                                      },
                                      {
                                        "Worker Number": 1,
                                        "Actual Startup Time": 0.005,
                                        "Actual Total Time": 0.005,
                                        "Actual Rows": 0,
                                        "Actual Loops": 6837,
                                        "Shared Hit Blocks": 19827,
                                        "Shared Read Blocks": 25,
                                        "Shared Dirtied Blocks": 0,
                                        "Shared Written Blocks": 0,
                                        "Local Hit Blocks": 0,
                                        "Local Read Blocks": 0,
                                        "Local Dirtied Blocks": 0,
                                        "Local Written Blocks": 0,
                                        "Temp Read Blocks": 0,
                                        "Temp Written Blocks": 0
                                      }
                                    ]
                                  }
                                ]
                              },
                              {
                                "Node Type": "Index Scan",
                                "Parent Relationship": "Inner",
                                "Parallel Aware": false,
                                "Async Capable": false,
                                "Scan Direction": "Forward",
                                "Index Name": "customer_address_pkey",
                                "Relation Name": "customer_address",
                                "Schema": "public",
                                "Alias": "customer_address",
                                "Startup Cost": 0.42,
                                "Total Cost": 0.49,
                                "Plan Rows": 1,
                                "Plan Width": 4,
                                "Actual Startup Time": 0.158,
                                "Actual Total Time": 0.158,
                                "Actual Rows": 0,
                                "Actual Loops": 2773,
                                "Output": [
                                  "customer_address.ca_address_sk",
                                  "customer_address.ca_address_id",
                                  "customer_address.ca_street_number",
                                  "customer_address.ca_street_name",
                                  "customer_address.ca_street_type",
                                  "customer_address.ca_suite_number",
                                  "customer_address.ca_city",
                                  "customer_address.ca_county",
                                  "customer_address.ca_state",
                                  "customer_address.ca_zip",
                                  "customer_address.ca_country",
                                  "customer_address.ca_gmt_offset",
                                  "customer_address.ca_location_type"
                                ],
                                "Index Cond": "(customer_address.ca_address_sk = customer.c_current_addr_sk)",
                                "Rows Removed by Index Recheck": 0,
                                "Filter": "(customer_address.ca_gmt_offset = '-7'::numeric)",
                                "Rows Removed by Filter": 1,
                                "Shared Hit Blocks": 8520,
                                "Shared Read Blocks": 2574,
                                "Shared Dirtied Blocks": 0,
                                "Shared Written Blocks": 0,
                                "Local Hit Blocks": 0,
                                "Local Read Blocks": 0,
                                "Local Dirtied Blocks": 0,
                                "Local Written Blocks": 0,
                                "Temp Read Blocks": 0,
                                "Temp Written Blocks": 0,
                                "Workers": [
                                  {
                                    "Worker Number": 0,
                                    "Actual Startup Time": 0.167,
                                    "Actual Total Time": 0.167,
                                    "Actual Rows": 0,
                                    "Actual Loops": 912,
                                    "Shared Hit Blocks": 2765,
                                    "Shared Read Blocks": 884,
                                    "Shared Dirtied Blocks": 0,
                                    "Shared Written Blocks": 0,
                                    "Local Hit Blocks": 0,
                                    "Local Read Blocks": 0,
                                    "Local Dirtied Blocks": 0,
                                    "Local Written Blocks": 0,
                                    "Temp Read Blocks": 0,
                                    "Temp Written Blocks": 0
                                  },
                                  {
                                    "Worker Number": 1,
                                    "Actual Startup Time": 0.159,
                                    "Actual Total Time": 0.159,
                                    "Actual Rows": 0,
                                    "Actual Loops": 914,
                                    "Shared Hit Blocks": 2816,
                                    "Shared Read Blocks": 841,
                                    "Shared Dirtied Blocks": 0,
                                    "Shared Written Blocks": 0,
                                    "Local Hit Blocks": 0,
                                    "Local Read Blocks": 0,
                                    "Local Dirtied Blocks": 0,
                                    "Local Written Blocks": 0,
                                    "Temp Read Blocks": 0,
                                    "Temp Written Blocks": 0
                                  }
                                ]
                              }
                            ]
                          },
                          {
                            "Node Type": "Index Scan",
                            "Parent Relationship": "Inner",
                            "Parallel Aware": false,
                            "Async Capable": false,
                            "Scan Direction": "Forward",
                            "Index Name": "customer_demographics_pkey",
                            "Relation Name": "customer_demographics",
                            "Schema": "public",
                            "Alias": "customer_demographics",
                            "Startup Cost": 0.43,
                            "Total Cost": 0.67,
                            "Plan Rows": 1,
                            "Plan Width": 27,
                            "Actual Startup Time": 0.466,
                            "Actual Total Time": 0.466,
                            "Actual Rows": 0,
                            "Actual Loops": 323,
                            "Output": [
                              "customer_demographics.cd_demo_sk",
                              "customer_demographics.cd_gender",
                              "customer_demographics.cd_marital_status",
                              "customer_demographics.cd_education_status",
                              "customer_demographics.cd_purchase_estimate",
                              "customer_demographics.cd_credit_rating",
                              "customer_demographics.cd_dep_count",
                              "customer_demographics.cd_dep_employed_count",
                              "customer_demographics.cd_dep_college_count"
                            ],
                            "Index Cond": "(customer_demographics.cd_demo_sk = customer.c_current_cdemo_sk)",
                            "Rows Removed by Index Recheck": 0,
                            "Filter": "(((customer_demographics.cd_marital_status = 'M'::bpchar) AND (customer_demographics.cd_education_status = 'Unknown'::bpchar)) OR ((customer_demographics.cd_marital_status = 'W'::bpchar) AND (customer_demographics.cd_education_status = 'Advanced Degree'::bpchar)))",
                            "Rows Removed by Filter": 1,
                            "Shared Hit Blocks": 653,
                            "Shared Read Blocks": 621,
                            "Shared Dirtied Blocks": 0,
                            "Shared Written Blocks": 0,
                            "Local Hit Blocks": 0,
                            "Local Read Blocks": 0,
                            "Local Dirtied Blocks": 0,
                            "Local Written Blocks": 0,
                            "Temp Read Blocks": 0,
                            "Temp Written Blocks": 0,
                            "Workers": [
                              {
                                "Worker Number": 0,
                                "Actual Startup Time": 0.446,
                                "Actual Total Time": 0.446,
                                "Actual Rows": 0,
                                "Actual Loops": 103,
                                "Shared Hit Blocks": 213,
                                "Shared Read Blocks": 200,
                                "Shared Dirtied Blocks": 0,
                                "Shared Written Blocks": 0,
                                "Local Hit Blocks": 0,
                                "Local Read Blocks": 0,
                                "Local Dirtied Blocks": 0,
                                "Local Written Blocks": 0,
                                "Temp Read Blocks": 0,
                                "Temp Written Blocks": 0
                              },
                              {
                                "Worker Number": 1,
                                "Actual Startup Time": 0.437,
                                "Actual Total Time": 0.437,
                                "Actual Rows": 0,
                                "Actual Loops": 114,
                                "Shared Hit Blocks": 232,
                                "Shared Read Blocks": 217,
                                "Shared Dirtied Blocks": 0,
                                "Shared Written Blocks": 0,
                                "Local Hit Blocks": 0,
                                "Local Read Blocks": 0,
                                "Local Dirtied Blocks": 0,
                                "Local Written Blocks": 0,
                                "Temp Read Blocks": 0,
                                "Temp Written Blocks": 0
                              }
                            ]
                          }
                        ]
                      }
                    ]
                  }
                ]
              }
            ]
          }
        ]
      },
      "Planning": {
        "Shared Hit Blocks": 34,
        "Shared Read Blocks": 38,
        "Shared Dirtied Blocks": 0,
        "Shared Written Blocks": 0,
        "Local Hit Blocks": 0,
        "Local Read Blocks": 0,
        "Local Dirtied Blocks": 0,
        "Local Written Blocks": 0,
        "Temp Read Blocks": 0,
        "Temp Written Blocks": 0
      },
      "Planning Time": 7.477,
      "Triggers": [],
      "Execution Time": 3485.01
    }
  ],
  "original_sql": "select  \n        cc_call_center_id Call_Center,\n        cc_name Call_Center_Name,\n        cc_manager Manager,\n        sum(cr_net_loss) Returns_Loss\nfrom\n        call_center,\n        catalog_returns,\n        date_dim,\n        customer,\n        customer_address,\n        customer_demographics,\n        household_demographics\nwhere\n        cr_call_center_sk       = cc_call_center_sk\nand     cr_returned_date_sk     = d_date_sk\nand     cr_returning_customer_sk= c_customer_sk\nand     cd_demo_sk              = c_current_cdemo_sk\nand     hd_demo_sk              = c_current_hdemo_sk\nand     ca_address_sk           = c_current_addr_sk\nand     d_year                  = 1999 \nand     d_moy                   = 1\nand     ( (cd_marital_status       = 'M' and cd_education_status     = 'Unknown')\n        or(cd_marital_status       = 'W' and cd_education_status     = 'Advanced Degree'))\nand     hd_buy_potential like '1001-5000%'\nand     ca_gmt_offset           = -7\ngroup by cc_call_center_id,cc_name,cc_manager,cd_marital_status,cd_education_status\norder by sum(cr_net_loss) desc"
}