{
  "query_id": "query100_spj_spj",
  "engine": "postgresql",
  "benchmark": "dsb",
  "scale_factor": 10,
  "execution_time_ms": 23102.311,
  "planning_time_ms": 17.492,
  "plan_json": [
    {
      "Plan": {
        "Node Type": "Aggregate",
        "Strategy": "Plain",
        "Partial Mode": "Finalize",
        "Parallel Aware": false,
        "Async Capable": false,
        "Startup Cost": 303008.82,
        "Total Cost": 303008.83,
        "Plan Rows": 1,
        "Plan Width": 16,
        "Actual Startup Time": 23097.198,
        "Actual Total Time": 23098.287,
        "Actual Rows": 1,
        "Actual Loops": 1,
        "Output": [
          "min(item1.i_item_sk)",
          "min(item2.i_item_sk)",
          "min(s1.ss_ticket_number)",
          "min(s1.ss_item_sk)"
        ],
        "Shared Hit Blocks": 759428,
        "Shared Read Blocks": 376398,
        "Shared Dirtied Blocks": 0,
        "Shared Written Blocks": 0,
        "Local Hit Blocks": 0,
        "Local Read Blocks": 0,
        "Local Dirtied Blocks": 0,
        "Local Written Blocks": 0,
        "Temp Read Blocks": 0,
        "Temp Written Blocks": 0,
        "Plans": [
          {
            "Node Type": "Gather",
            "Parent Relationship": "Outer",
            "Parallel Aware": false,
            "Async Capable": false,
            "Startup Cost": 303008.59,
            "Total Cost": 303008.8,
            "Plan Rows": 2,
            "Plan Width": 16,
            "Actual Startup Time": 23097.184,
            "Actual Total Time": 23098.275,
            "Actual Rows": 3,
            "Actual Loops": 1,
            "Output": [
              "(PARTIAL min(item1.i_item_sk))",
              "(PARTIAL min(item2.i_item_sk))",
              "(PARTIAL min(s1.ss_ticket_number))",
              "(PARTIAL min(s1.ss_item_sk))"
            ],
            "Workers Planned": 2,
            "Workers Launched": 2,
            "Single Copy": false,
            "Shared Hit Blocks": 759428,
            "Shared Read Blocks": 376398,
            "Shared Dirtied Blocks": 0,
            "Shared Written Blocks": 0,
            "Local Hit Blocks": 0,
            "Local Read Blocks": 0,
            "Local Dirtied Blocks": 0,
            "Local Written Blocks": 0,
            "Temp Read Blocks": 0,
            "Temp Written Blocks": 0,
            "Plans": [
              {
                "Node Type": "Aggregate",
                "Strategy": "Plain",
                "Partial Mode": "Partial",
                "Parent Relationship": "Outer",
                "Parallel Aware": false,
                "Async Capable": false,
                "Startup Cost": 302008.59,
                "Total Cost": 302008.6,
                "Plan Rows": 1,
                "Plan Width": 16,
                "Actual Startup Time": 19558.462,
                "Actual Total Time": 19558.467,
                "Actual Rows": 1,
                "Actual Loops": 3,
                "Output": [
                  "PARTIAL min(item1.i_item_sk)",
                  "PARTIAL min(item2.i_item_sk)",
                  "PARTIAL min(s1.ss_ticket_number)",
                  "PARTIAL min(s1.ss_item_sk)"
                ],
                "Shared Hit Blocks": 759428,
                "Shared Read Blocks": 376398,
                "Shared Dirtied Blocks": 0,
                "Shared Written Blocks": 0,
                "Local Hit Blocks": 0,
                "Local Read Blocks": 0,
                "Local Dirtied Blocks": 0,
                "Local Written Blocks": 0,
                "Temp Read Blocks": 0,
                "Temp Written Blocks": 0,
                "Workers": [
                  {
                    "Worker Number": 0,
                    "Actual Startup Time": 20334.273,
                    "Actual Total Time": 20334.276,
                    "Actual Rows": 1,
                    "Actual Loops": 1,
                    "JIT": {
                      "Functions": 45,
                      "Options": {
                        "Inlining": false,
                        "Optimization": false,
                        "Expressions": true,
                        "Deforming": true
                      },
                      "Timing": {
                        "Generation": 5.825,
                        "Inlining": 0.0,
                        "Optimization": 1.229,
                        "Emission": 68.372,
                        "Total": 75.426
                      }
                    },
                    "Shared Hit Blocks": 281298,
                    "Shared Read Blocks": 130432,
                    "Shared Dirtied Blocks": 0,
                    "Shared Written Blocks": 0,
                    "Local Hit Blocks": 0,
                    "Local Read Blocks": 0,
                    "Local Dirtied Blocks": 0,
                    "Local Written Blocks": 0,
                    "Temp Read Blocks": 0,
                    "Temp Written Blocks": 0
                  },
                  {
                    "Worker Number": 1,
                    "Actual Startup Time": 15244.648,
                    "Actual Total Time": 15244.653,
                    "Actual Rows": 1,
                    "Actual Loops": 1,
                    "JIT": {
                      "Functions": 45,
                      "Options": {
                        "Inlining": false,
                        "Optimization": false,
                        "Expressions": true,
                        "Deforming": true
                      },
                      "Timing": {
                        "Generation": 5.772,
                        "Inlining": 0.0,
                        "Optimization": 1.382,
                        "Emission": 69.392,
                        "Total": 76.546
                      }
                    },
                    "Shared Hit Blocks": 155377,
                    "Shared Read Blocks": 83648,
                    "Shared Dirtied Blocks": 0,
                    "Shared Written Blocks": 0,
                    "Local Hit Blocks": 0,
                    "Local Read Blocks": 0,
                    "Local Dirtied Blocks": 0,
                    "Local Written Blocks": 0,
                    "Temp Read Blocks": 0,
                    "Temp Written Blocks": 0
                  }
                ],
                "Plans": [
                  {
                    "Node Type": "Nested Loop",
                    "Parent Relationship": "Outer",
                    "Parallel Aware": false,
                    "Async Capable": false,
                    "Join Type": "Inner",
                    "Startup Cost": 2426.62,
                    "Total Cost": 302008.47,
                    "Plan Rows": 12,
                    "Plan Width": 16,
                    "Actual Startup Time": 2715.648,
                    "Actual Total Time": 19558.394,
                    "Actual Rows": 20,
                    "Actual Loops": 3,
                    "Output": [
                      "item1.i_item_sk",
                      "item2.i_item_sk",
                      "s1.ss_ticket_number",
                      "s1.ss_item_sk"
                    ],
                    "Inner Unique": true,
                    "Shared Hit Blocks": 759428,
                    "Shared Read Blocks": 376398,
                    "Shared Dirtied Blocks": 0,
                    "Shared Written Blocks": 0,
                    "Local Hit Blocks": 0,
                    "Local Read Blocks": 0,
                    "Local Dirtied Blocks": 0,
                    "Local Written Blocks": 0,
                    "Temp Read Blocks": 0,
                    "Temp Written Blocks": 0,
                    "Workers": [
                      {
                        "Worker Number": 0,
                        "Actual Startup Time": 1321.032,
                        "Actual Total Time": 20334.211,
                        "Actual Rows": 16,
                        "Actual Loops": 1,
                        "Shared Hit Blocks": 281298,
                        "Shared Read Blocks": 130432,
                        "Shared Dirtied Blocks": 0,
                        "Shared Written Blocks": 0,
                        "Local Hit Blocks": 0,
                        "Local Read Blocks": 0,
                        "Local Dirtied Blocks": 0,
                        "Local Written Blocks": 0,
                        "Temp Read Blocks": 0,
                        "Temp Written Blocks": 0
                      },
                      {
                        "Worker Number": 1,
                        "Actual Startup Time": 2656.948,
                        "Actual Total Time": 15244.576,
                        "Actual Rows": 21,
                        "Actual Loops": 1,
                        "Shared Hit Blocks": 155377,
                        "Shared Read Blocks": 83648,
                        "Shared Dirtied Blocks": 0,
                        "Shared Written Blocks": 0,
                        "Local Hit Blocks": 0,
                        "Local Read Blocks": 0,
                        "Local Dirtied Blocks": 0,
                        "Local Written Blocks": 0,
                        "Temp Read Blocks": 0,
                        "Temp Written Blocks": 0
                      }
                    ],
                    "Plans": [
                      {
                        "Node Type": "Nested Loop",
                        "Parent Relationship": "Outer",
                        "Parallel Aware": false,
                        "Async Capable": false,
                        "Join Type": "Inner",
                        "Startup Cost": 2426.2,
                        "Total Cost": 301978.46,
                        "Plan Rows": 12,
                        "Plan Width": 20,
                        "Actual Startup Time": 2714.686,
                        "Actual Total Time": 19554.181,
                        "Actual Rows": 20,
                        "Actual Loops": 3,
                        "Output": [
                          "item1.i_item_sk",
                          "item2.i_item_sk",
                          "s1.ss_ticket_number",
                          "s1.ss_item_sk",
                          "customer.c_current_addr_sk"
                        ],
                        "Inner Unique": true,
                        "Join Filter": "(item1.i_item_sk < item2.i_item_sk)",
                        "Rows Removed by Join Filter": 145,
                        "Shared Hit Blocks": 759319,
                        "Shared Read Blocks": 376322,
                        "Shared Dirtied Blocks": 0,
                        "Shared Written Blocks": 0,
                        "Local Hit Blocks": 0,
                        "Local Read Blocks": 0,
                        "Local Dirtied Blocks": 0,
                        "Local Written Blocks": 0,
                        "Temp Read Blocks": 0,
                        "Temp Written Blocks": 0,
                        "Workers": [
                          {
                            "Worker Number": 0,
                            "Actual Startup Time": 1319.925,
                            "Actual Total Time": 20330.059,
                            "Actual Rows": 16,
                            "Actual Loops": 1,
                            "Shared Hit Blocks": 281271,
                            "Shared Read Blocks": 130409,
                            "Shared Dirtied Blocks": 0,
                            "Shared Written Blocks": 0,
                            "Local Hit Blocks": 0,
                            "Local Read Blocks": 0,
                            "Local Dirtied Blocks": 0,
                            "Local Written Blocks": 0,
                            "Temp Read Blocks": 0,
                            "Temp Written Blocks": 0
                          },
                          {
                            "Worker Number": 1,
                            "Actual Startup Time": 2655.519,
                            "Actual Total Time": 15239.386,
                            "Actual Rows": 21,
                            "Actual Loops": 1,
                            "Shared Hit Blocks": 155339,
                            "Shared Read Blocks": 83621,
                            "Shared Dirtied Blocks": 0,
                            "Shared Written Blocks": 0,
                            "Local Hit Blocks": 0,
                            "Local Read Blocks": 0,
                            "Local Dirtied Blocks": 0,
                            "Local Written Blocks": 0,
                            "Temp Read Blocks": 0,
                            "Temp Written Blocks": 0
                          }
                        ],
                        "Plans": [
                          {
                            "Node Type": "Nested Loop",
                            "Parent Relationship": "Outer",
                            "Parallel Aware": false,
                            "Async Capable": false,
                            "Join Type": "Inner",
                            "Startup Cost": 2425.9,
                            "Total Cost": 301124.96,
                            "Plan Rows": 192,
                            "Plan Width": 20,
                            "Actual Startup Time": 604.851,
                            "Actual Total Time": 19446.833,
                            "Actual Rows": 877,
                            "Actual Loops": 3,
                            "Output": [
                              "item1.i_item_sk",
                              "s1.ss_ticket_number",
                              "s1.ss_item_sk",
                              "s2.ss_item_sk",
                              "customer.c_current_addr_sk"
                            ],
                            "Inner Unique": false,
                            "Shared Hit Blocks": 753543,
                            "Shared Read Blocks": 374203,
                            "Shared Dirtied Blocks": 0,
                            "Shared Written Blocks": 0,
                            "Local Hit Blocks": 0,
                            "Local Read Blocks": 0,
                            "Local Dirtied Blocks": 0,
                            "Local Written Blocks": 0,
                            "Temp Read Blocks": 0,
                            "Temp Written Blocks": 0,
                            "Workers": [
                              {
                                "Worker Number": 0,
                                "Actual Startup Time": 583.214,
                                "Actual Total Time": 20215.553,
                                "Actual Rows": 1017,
                                "Actual Loops": 1,
                                "Shared Hit Blocks": 278973,
                                "Shared Read Blocks": 129655,
                                "Shared Dirtied Blocks": 0,
                                "Shared Written Blocks": 0,
                                "Local Hit Blocks": 0,
                                "Local Read Blocks": 0,
                                "Local Dirtied Blocks": 0,
                                "Local Written Blocks": 0,
                                "Temp Read Blocks": 0,
                                "Temp Written Blocks": 0
                              },
                              {
                                "Worker Number": 1,
                                "Actual Startup Time": 574.689,
                                "Actual Total Time": 15152.009,
                                "Actual Rows": 572,
                                "Actual Loops": 1,
                                "Shared Hit Blocks": 154119,
                                "Shared Read Blocks": 83124,
                                "Shared Dirtied Blocks": 0,
                                "Shared Written Blocks": 0,
                                "Local Hit Blocks": 0,
                                "Local Read Blocks": 0,
                                "Local Dirtied Blocks": 0,
                                "Local Written Blocks": 0,
                                "Temp Read Blocks": 0,
                                "Temp Written Blocks": 0
                              }
                            ],
                            "Plans": [
                              {
                                "Node Type": "Nested Loop",
                                "Parent Relationship": "Outer",
                                "Parallel Aware": false,
                                "Async Capable": false,
                                "Join Type": "Inner",
                                "Startup Cost": 2425.47,
                                "Total Cost": 295697.87,
                                "Plan Rows": 30,
                                "Plan Width": 16,
                                "Actual Startup Time": 602.989,
                                "Actual Total Time": 19239.461,
                                "Actual Rows": 639,
                                "Actual Loops": 3,
                                "Output": [
                                  "item1.i_item_sk",
                                  "s1.ss_ticket_number",
                                  "s1.ss_item_sk",
                                  "customer.c_current_addr_sk"
                                ],
                                "Inner Unique": true,
                                "Shared Hit Blocks": 748169,
                                "Shared Read Blocks": 370128,
                                "Shared Dirtied Blocks": 0,
                                "Shared Written Blocks": 0,
                                "Local Hit Blocks": 0,
                                "Local Read Blocks": 0,
                                "Local Dirtied Blocks": 0,
                                "Local Written Blocks": 0,
                                "Temp Read Blocks": 0,
                                "Temp Written Blocks": 0,
                                "Workers": [
                                  {
                                    "Worker Number": 0,
                                    "Actual Startup Time": 580.819,
                                    "Actual Total Time": 19978.161,
                                    "Actual Rows": 732,
                                    "Actual Loops": 1,
                                    "Shared Hit Blocks": 276891,
                                    "Shared Read Blocks": 128119,
                                    "Shared Dirtied Blocks": 0,
                                    "Shared Written Blocks": 0,
                                    "Local Hit Blocks": 0,
                                    "Local Read Blocks": 0,
                                    "Local Dirtied Blocks": 0,
                                    "Local Written Blocks": 0,
                                    "Temp Read Blocks": 0,
                                    "Temp Written Blocks": 0
                                  },
                                  {
                                    "Worker Number": 1,
                                    "Actual Startup Time": 572.392,
                                    "Actual Total Time": 14992.49,
                                    "Actual Rows": 418,
                                    "Actual Loops": 1,
                                    "Shared Hit Blocks": 152940,
                                    "Shared Read Blocks": 82225,
                                    "Shared Dirtied Blocks": 0,
                                    "Shared Written Blocks": 0,
                                    "Local Hit Blocks": 0,
                                    "Local Read Blocks": 0,
                                    "Local Dirtied Blocks": 0,
                                    "Local Written Blocks": 0,
                                    "Temp Read Blocks": 0,
                                    "Temp Written Blocks": 0
                                  }
                                ],
                                "Plans": [
                                  {
                                    "Node Type": "Nested Loop",
                                    "Parent Relationship": "Outer",
                                    "Parallel Aware": false,
                                    "Async Capable": false,
                                    "Join Type": "Inner",
                                    "Startup Cost": 2425.04,
                                    "Total Cost": 290704.27,
                                    "Plan Rows": 1079,
                                    "Plan Width": 20,
                                    "Actual Startup Time": 591.473,
                                    "Actual Total Time": 12507.51,
                                    "Actual Rows": 39636,
                                    "Actual Loops": 3,
                                    "Output": [
                                      "item1.i_item_sk",
                                      "s1.ss_ticket_number",
                                      "s1.ss_item_sk",
                                      "customer.c_current_addr_sk",
                                      "customer.c_current_cdemo_sk"
                                    ],
                                    "Inner Unique": true,
                                    "Shared Hit Blocks": 425382,
                                    "Shared Read Blocks": 233853,
                                    "Shared Dirtied Blocks": 0,
                                    "Shared Written Blocks": 0,
                                    "Local Hit Blocks": 0,
                                    "Local Read Blocks": 0,
                                    "Local Dirtied Blocks": 0,
                                    "Local Written Blocks": 0,
                                    "Temp Read Blocks": 0,
                                    "Temp Written Blocks": 0,
                                    "Workers": [
                                      {
                                        "Worker Number": 0,
                                        "Actual Startup Time": 563.413,
                                        "Actual Total Time": 12684.105,
                                        "Actual Rows": 43524,
                                        "Actual Loops": 1,
                                        "Shared Hit Blocks": 158192,
                                        "Shared Read Blocks": 78829,
                                        "Shared Dirtied Blocks": 0,
                                        "Shared Written Blocks": 0,
                                        "Local Hit Blocks": 0,
                                        "Local Read Blocks": 0,
                                        "Local Dirtied Blocks": 0,
                                        "Local Written Blocks": 0,
                                        "Temp Read Blocks": 0,
                                        "Temp Written Blocks": 0
                                      },
                                      {
                                        "Worker Number": 1,
                                        "Actual Startup Time": 564.383,
                                        "Actual Total Time": 10046.727,
                                        "Actual Rows": 24850,
                                        "Actual Loops": 1,
                                        "Shared Hit Blocks": 85703,
                                        "Shared Read Blocks": 53633,
                                        "Shared Dirtied Blocks": 0,
                                        "Shared Written Blocks": 0,
                                        "Local Hit Blocks": 0,
                                        "Local Read Blocks": 0,
                                        "Local Dirtied Blocks": 0,
                                        "Local Written Blocks": 0,
                                        "Temp Read Blocks": 0,
                                        "Temp Written Blocks": 0
                                      }
                                    ],
                                    "Plans": [
                                      {
                                        "Node Type": "Hash Join",
                                        "Parent Relationship": "Outer",
                                        "Parallel Aware": true,
                                        "Async Capable": false,
                                        "Join Type": "Inner",
                                        "Startup Cost": 2424.62,
                                        "Total Cost": 285525.63,
                                        "Plan Rows": 1131,
                                        "Plan Width": 16,
                                        "Actual Startup Time": 590.881,
                                        "Actual Total Time": 8349.837,
                                        "Actual Rows": 40134,
                                        "Actual Loops": 3,
                                        "Output": [
                                          "item1.i_item_sk",
                                          "s1.ss_ticket_number",
                                          "s1.ss_item_sk",
                                          "s1.ss_customer_sk"
                                        ],
                                        "Inner Unique": true,
                                        "Hash Cond": "(s1.ss_item_sk = item1.i_item_sk)",
                                        "Shared Hit Blocks": 32192,
                                        "Shared Read Blocks": 151413,
                                        "Shared Dirtied Blocks": 0,
                                        "Shared Written Blocks": 0,
                                        "Local Hit Blocks": 0,
                                        "Local Read Blocks": 0,
                                        "Local Dirtied Blocks": 0,
                                        "Local Written Blocks": 0,
                                        "Temp Read Blocks": 0,
                                        "Temp Written Blocks": 0,
                                        "Workers": [
                                          {
                                            "Worker Number": 0,
                                            "Actual Startup Time": 562.135,
                                            "Actual Total Time": 8165.273,
                                            "Actual Rows": 44064,
                                            "Actual Loops": 1,
                                            "Shared Hit Blocks": 14012,
                                            "Shared Read Blocks": 48912,
                                            "Shared Dirtied Blocks": 0,
                                            "Shared Written Blocks": 0,
                                            "Local Hit Blocks": 0,
                                            "Local Read Blocks": 0,
                                            "Local Dirtied Blocks": 0,
                                            "Local Written Blocks": 0,
                                            "Temp Read Blocks": 0,
                                            "Temp Written Blocks": 0
                                          },
                                          {
                                            "Worker Number": 1,
                                            "Actual Startup Time": 563.905,
                                            "Actual Total Time": 7012.218,
                                            "Actual Rows": 25182,
                                            "Actual Loops": 1,
                                            "Shared Hit Blocks": 3598,
                                            "Shared Read Blocks": 36337,
                                            "Shared Dirtied Blocks": 0,
                                            "Shared Written Blocks": 0,
                                            "Local Hit Blocks": 0,
                                            "Local Read Blocks": 0,
                                            "Local Dirtied Blocks": 0,
                                            "Local Written Blocks": 0,
                                            "Temp Read Blocks": 0,
                                            "Temp Written Blocks": 0
                                          }
                                        ],
                                        "Plans": [
                                          {
                                            "Node Type": "Nested Loop",
                                            "Parent Relationship": "Outer",
                                            "Parallel Aware": false,
                                            "Async Capable": false,
                                            "Join Type": "Inner",
                                            "Startup Cost": 0.85,
                                            "Total Cost": 283091.06,
                                            "Plan Rows": 4116,
                                            "Plan Width": 12,
                                            "Actual Startup Time": 34.346,
                                            "Actual Total Time": 7696.351,
                                            "Actual Rows": 130586,
                                            "Actual Loops": 3,
                                            "Output": [
                                              "s1.ss_ticket_number",
                                              "s1.ss_item_sk",
                                              "s1.ss_customer_sk"
                                            ],
                                            "Inner Unique": false,
                                            "Shared Hit Blocks": 32136,
                                            "Shared Read Blocks": 150927,
                                            "Shared Dirtied Blocks": 0,
                                            "Shared Written Blocks": 0,
                                            "Local Hit Blocks": 0,
                                            "Local Read Blocks": 0,
                                            "Local Dirtied Blocks": 0,
                                            "Local Written Blocks": 0,
                                            "Temp Read Blocks": 0,
                                            "Temp Written Blocks": 0,
                                            "Workers": [
                                              {
                                                "Worker Number": 0,
                                                "Actual Startup Time": 33.737,
                                                "Actual Total Time": 7535.243,
                                                "Actual Rows": 127207,
                                                "Actual Loops": 1,
                                                "Shared Hit Blocks": 13987,
                                                "Shared Read Blocks": 48832,
                                                "Shared Dirtied Blocks": 0,
                                                "Shared Written Blocks": 0,
                                                "Local Hit Blocks": 0,
                                                "Local Read Blocks": 0,
                                                "Local Dirtied Blocks": 0,
                                                "Local Written Blocks": 0,
                                                "Temp Read Blocks": 0,
                                                "Temp Written Blocks": 0
                                              },
                                              {
                                                "Worker Number": 1,
                                                "Actual Startup Time": 32.955,
                                                "Actual Total Time": 6410.716,
                                                "Actual Rows": 93664,
                                                "Actual Loops": 1,
                                                "Shared Hit Blocks": 3568,
                                                "Shared Read Blocks": 36272,
                                                "Shared Dirtied Blocks": 0,
                                                "Shared Written Blocks": 0,
                                                "Local Hit Blocks": 0,
                                                "Local Read Blocks": 0,
                                                "Local Dirtied Blocks": 0,
                                                "Local Written Blocks": 0,
                                                "Temp Read Blocks": 0,
                                                "Temp Written Blocks": 0
                                              }
                                            ],
                                            "Plans": [
                                              {
                                                "Node Type": "Index Only Scan",
                                                "Parent Relationship": "Outer",
                                                "Parallel Aware": true,
                                                "Async Capable": false,
                                                "Scan Direction": "Forward",
                                                "Index Name": "_dta_index_date_dim_6_661577395__k1_k7_k9",
                                                "Relation Name": "date_dim",
                                                "Schema": "public",
                                                "Alias": "date_dim",
                                                "Startup Cost": 0.29,
                                                "Total Cost": 1878.06,
                                                "Plan Rows": 302,
                                                "Plan Width": 4,
                                                "Actual Startup Time": 24.515,
                                                "Actual Total Time": 30.179,
                                                "Actual Rows": 244,
                                                "Actual Loops": 3,
                                                "Output": [
                                                  "date_dim.d_date_sk",
                                                  "date_dim.d_year",
                                                  "date_dim.d_moy"
                                                ],
                                                "Index Cond": "((date_dim.d_year >= 2000) AND (date_dim.d_year <= 2001))",
                                                "Rows Removed by Index Recheck": 0,
                                                "Heap Fetches": 0,
                                                "Shared Hit Blocks": 3,
                                                "Shared Read Blocks": 282,
                                                "Shared Dirtied Blocks": 0,
                                                "Shared Written Blocks": 0,
                                                "Local Hit Blocks": 0,
                                                "Local Read Blocks": 0,
                                                "Local Dirtied Blocks": 0,
                                                "Local Written Blocks": 0,
                                                "Temp Read Blocks": 0,
                                                "Temp Written Blocks": 0,
                                                "Workers": [
                                                  {
                                                    "Worker Number": 0,
                                                    "Actual Startup Time": 24.717,
                                                    "Actual Total Time": 25.019,
                                                    "Actual Rows": 261,
                                                    "Actual Loops": 1,
                                                    "Shared Hit Blocks": 1,
                                                    "Shared Read Blocks": 1,
                                                    "Shared Dirtied Blocks": 0,
                                                    "Shared Written Blocks": 0,
                                                    "Local Hit Blocks": 0,
                                                    "Local Read Blocks": 0,
                                                    "Local Dirtied Blocks": 0,
                                                    "Local Written Blocks": 0,
                                                    "Temp Read Blocks": 0,
                                                    "Temp Written Blocks": 0
                                                  },
                                                  {
                                                    "Worker Number": 1,
                                                    "Actual Startup Time": 24.22,
                                                    "Actual Total Time": 40.602,
                                                    "Actual Rows": 209,
                                                    "Actual Loops": 1,
                                                    "Shared Hit Blocks": 1,
                                                    "Shared Read Blocks": 266,
                                                    "Shared Dirtied Blocks": 0,
                                                    "Shared Written Blocks": 0,
                                                    "Local Hit Blocks": 0,
                                                    "Local Read Blocks": 0,
                                                    "Local Dirtied Blocks": 0,
                                                    "Local Written Blocks": 0,
                                                    "Temp Read Blocks": 0,
                                                    "Temp Written Blocks": 0
                                                  }
                                                ]
                                              },
                                              {
                                                "Node Type": "Index Only Scan",
                                                "Parent Relationship": "Inner",
                                                "Parallel Aware": false,
                                                "Async Capable": false,
                                                "Scan Direction": "Forward",
                                                "Index Name": "_dta_index_store_sales_6_1333579789__k1_k23_k14_k6_k8_k5_k7_3_4",
                                                "Relation Name": "store_sales",
                                                "Schema": "public",
                                                "Alias": "s1",
                                                "Startup Cost": 0.56,
                                                "Total Cost": 926.31,
                                                "Plan Rows": 486,
                                                "Plan Width": 16,
                                                "Actual Startup Time": 5.216,
                                                "Actual Total Time": 31.341,
                                                "Actual Rows": 536,
                                                "Actual Loops": 731,
                                                "Output": [
                                                  "s1.ss_sold_date_sk",
                                                  "s1.ss_net_profit",
                                                  "s1.ss_sales_price",
                                                  "s1.ss_hdemo_sk",
                                                  "s1.ss_store_sk",
                                                  "s1.ss_cdemo_sk",
                                                  "s1.ss_addr_sk",
                                                  "s1.ss_item_sk",
                                                  "s1.ss_customer_sk",
                                                  "s1.ss_promo_sk",
                                                  "s1.ss_ticket_number",
                                                  "s1.ss_quantity",
                                                  "s1.ss_wholesale_cost",
                                                  "s1.ss_list_price",
                                                  "s1.ss_ext_sales_price",
                                                  "s1.ss_ext_wholesale_cost",
                                                  "s1.ss_coupon_amt"
                                                ],
                                                "Index Cond": "(s1.ss_sold_date_sk = date_dim.d_date_sk)",
                                                "Rows Removed by Index Recheck": 0,
                                                "Filter": "((s1.ss_list_price >= '16'::numeric) AND (s1.ss_list_price <= '30'::numeric))",
                                                "Rows Removed by Filter": 14561,
                                                "Heap Fetches": 0,
                                                "Shared Hit Blocks": 32133,
                                                "Shared Read Blocks": 150645,
                                                "Shared Dirtied Blocks": 0,
                                                "Shared Written Blocks": 0,
                                                "Local Hit Blocks": 0,
                                                "Local Read Blocks": 0,
                                                "Local Dirtied Blocks": 0,
                                                "Local Written Blocks": 0,
                                                "Temp Read Blocks": 0,
                                                "Temp Written Blocks": 0,
                                                "Workers": [
                                                  {
                                                    "Worker Number": 0,
                                                    "Actual Startup Time": 4.757,
                                                    "Actual Total Time": 28.667,
                                                    "Actual Rows": 487,
                                                    "Actual Loops": 261,
                                                    "Shared Hit Blocks": 13986,
                                                    "Shared Read Blocks": 48831,
                                                    "Shared Dirtied Blocks": 0,
                                                    "Shared Written Blocks": 0,
                                                    "Local Hit Blocks": 0,
                                                    "Local Read Blocks": 0,
                                                    "Local Dirtied Blocks": 0,
                                                    "Local Written Blocks": 0,
                                                    "Temp Read Blocks": 0,
                                                    "Temp Written Blocks": 0
                                                  },
                                                  {
                                                    "Worker Number": 1,
                                                    "Actual Startup Time": 5.195,
                                                    "Actual Total Time": 30.371,
                                                    "Actual Rows": 448,
                                                    "Actual Loops": 209,
                                                    "Shared Hit Blocks": 3567,
                                                    "Shared Read Blocks": 36006,
                                                    "Shared Dirtied Blocks": 0,
                                                    "Shared Written Blocks": 0,
                                                    "Local Hit Blocks": 0,
                                                    "Local Read Blocks": 0,
                                                    "Local Dirtied Blocks": 0,
                                                    "Local Written Blocks": 0,
                                                    "Temp Read Blocks": 0,
                                                    "Temp Written Blocks": 0
                                                  }
                                                ]
                                              }
                                            ]
                                          },
                                          {
                                            "Node Type": "Hash",
                                            "Parent Relationship": "Inner",
                                            "Parallel Aware": true,
                                            "Async Capable": false,
                                            "Startup Cost": 2277.82,
                                            "Total Cost": 2277.82,
                                            "Plan Rows": 11675,
                                            "Plan Width": 4,
                                            "Actual Startup Time": 553.928,
                                            "Actual Total Time": 553.928,
                                            "Actual Rows": 9302,
                                            "Actual Loops": 3,
                                            "Output": [
                                              "item1.i_item_sk"
                                            ],
                                            "Hash Buckets": 32768,
                                            "Original Hash Buckets": 32768,
                                            "Hash Batches": 1,
                                            "Original Hash Batches": 1,
                                            "Peak Memory Usage": 1408,
                                            "Shared Hit Blocks": 4,
                                            "Shared Read Blocks": 480,
                                            "Shared Dirtied Blocks": 0,
                                            "Shared Written Blocks": 0,
                                            "Local Hit Blocks": 0,
                                            "Local Read Blocks": 0,
                                            "Local Dirtied Blocks": 0,
                                            "Local Written Blocks": 0,
                                            "Temp Read Blocks": 0,
                                            "Temp Written Blocks": 0,
                                            "Workers": [
                                              {
                                                "Worker Number": 0,
                                                "Actual Startup Time": 526.035,
                                                "Actual Total Time": 526.036,
                                                "Actual Rows": 4111,
                                                "Actual Loops": 1,
                                                "Shared Hit Blocks": 2,
                                                "Shared Read Blocks": 74,
                                                "Shared Dirtied Blocks": 0,
                                                "Shared Written Blocks": 0,
                                                "Local Hit Blocks": 0,
                                                "Local Read Blocks": 0,
                                                "Local Dirtied Blocks": 0,
                                                "Local Written Blocks": 0,
                                                "Temp Read Blocks": 0,
                                                "Temp Written Blocks": 0
                                              },
                                              {
                                                "Worker Number": 1,
                                                "Actual Startup Time": 526.027,
                                                "Actual Total Time": 526.028,
                                                "Actual Rows": 3803,
                                                "Actual Loops": 1,
                                                "Shared Hit Blocks": 1,
                                                "Shared Read Blocks": 65,
                                                "Shared Dirtied Blocks": 0,
                                                "Shared Written Blocks": 0,
                                                "Local Hit Blocks": 0,
                                                "Local Read Blocks": 0,
                                                "Local Dirtied Blocks": 0,
                                                "Local Written Blocks": 0,
                                                "Temp Read Blocks": 0,
                                                "Temp Written Blocks": 0
                                              }
                                            ],
                                            "Plans": [
                                              {
                                                "Node Type": "Index Only Scan",
                                                "Parent Relationship": "Outer",
                                                "Parallel Aware": true,
                                                "Async Capable": false,
                                                "Scan Direction": "Forward",
                                                "Index Name": "_dta_index_item_6_853578079__k13_k11_k1",
                                                "Relation Name": "item",
                                                "Schema": "public",
                                                "Alias": "item1",
                                                "Startup Cost": 0.42,
                                                "Total Cost": 2277.82,
                                                "Plan Rows": 11675,
                                                "Plan Width": 4,
                                                "Actual Startup Time": 60.86,
                                                "Actual Total Time": 550.382,
                                                "Actual Rows": 9302,
                                                "Actual Loops": 3,
                                                "Output": [
                                                  "item1.i_item_sk"
                                                ],
                                                "Index Cond": "(item1.i_category = ANY ('{Electronics,Men}'::bpchar[]))",
                                                "Rows Removed by Index Recheck": 0,
                                                "Heap Fetches": 0,
                                                "Shared Hit Blocks": 4,
                                                "Shared Read Blocks": 480,
                                                "Shared Dirtied Blocks": 0,
                                                "Shared Written Blocks": 0,
                                                "Local Hit Blocks": 0,
                                                "Local Read Blocks": 0,
                                                "Local Dirtied Blocks": 0,
                                                "Local Written Blocks": 0,
                                                "Temp Read Blocks": 0,
                                                "Temp Written Blocks": 0,
                                                "Workers": [
                                                  {
                                                    "Worker Number": 0,
                                                    "Actual Startup Time": 72.011,
                                                    "Actual Total Time": 523.894,
                                                    "Actual Rows": 4111,
                                                    "Actual Loops": 1,
                                                    "Shared Hit Blocks": 2,
                                                    "Shared Read Blocks": 74,
                                                    "Shared Dirtied Blocks": 0,
                                                    "Shared Written Blocks": 0,
                                                    "Local Hit Blocks": 0,
                                                    "Local Read Blocks": 0,
                                                    "Local Dirtied Blocks": 0,
                                                    "Local Written Blocks": 0,
                                                    "Temp Read Blocks": 0,
                                                    "Temp Written Blocks": 0
                                                  },
                                                  {
                                                    "Worker Number": 1,
                                                    "Actual Startup Time": 71.995,
                                                    "Actual Total Time": 524.37,
                                                    "Actual Rows": 3803,
                                                    "Actual Loops": 1,
                                                    "Shared Hit Blocks": 1,
                                                    "Shared Read Blocks": 65,
                                                    "Shared Dirtied Blocks": 0,
                                                    "Shared Written Blocks": 0,
                                                    "Local Hit Blocks": 0,
                                                    "Local Read Blocks": 0,
                                                    "Local Dirtied Blocks": 0,
                                                    "Local Written Blocks": 0,
                                                    "Temp Read Blocks": 0,
                                                    "Temp Written Blocks": 0
                                                  }
                                                ]
                                              }
                                            ]
                                          }
                                        ]
                                      },
                                      {
                                        "Node Type": "Index Scan",
                                        "Parent Relationship": "Inner",
                                        "Parallel Aware": false,
                                        "Async Capable": false,
                                        "Scan Direction": "Forward",
                                        "Index Name": "_dta_index_customer_6_949578421__k1_k5",
                                        "Relation Name": "customer",
                                        "Schema": "public",
                                        "Alias": "customer",
                                        "Startup Cost": 0.42,
                                        "Total Cost": 4.58,
                                        "Plan Rows": 1,
                                        "Plan Width": 12,
                                        "Actual Startup Time": 0.102,
                                        "Actual Total Time": 0.102,
                                        "Actual Rows": 1,
                                        "Actual Loops": 120401,
                                        "Output": [
                                          "customer.c_customer_sk",
                                          "customer.c_customer_id",
                                          "customer.c_current_cdemo_sk",
                                          "customer.c_current_hdemo_sk",
                                          "customer.c_current_addr_sk",
                                          "customer.c_first_shipto_date_sk",
                                          "customer.c_first_sales_date_sk",
                                          "customer.c_salutation",
                                          "customer.c_first_name",
                                          "customer.c_last_name",
                                          "customer.c_preferred_cust_flag",
                                          "customer.c_birth_day",
                                          "customer.c_birth_month",
                                          "customer.c_birth_year",
                                          "customer.c_birth_country",
                                          "customer.c_login",
                                          "customer.c_email_address",
                                          "customer.c_last_review_date_sk"
                                        ],
                                        "Index Cond": "(customer.c_customer_sk = s1.ss_customer_sk)",
                                        "Rows Removed by Index Recheck": 0,
                                        "Shared Hit Blocks": 393190,
                                        "Shared Read Blocks": 82440,
                                        "Shared Dirtied Blocks": 0,
                                        "Shared Written Blocks": 0,
                                        "Local Hit Blocks": 0,
                                        "Local Read Blocks": 0,
                                        "Local Dirtied Blocks": 0,
                                        "Local Written Blocks": 0,
                                        "Temp Read Blocks": 0,
                                        "Temp Written Blocks": 0,
                                        "Workers": [
                                          {
                                            "Worker Number": 0,
                                            "Actual Startup Time": 0.101,
                                            "Actual Total Time": 0.101,
                                            "Actual Rows": 1,
                                            "Actual Loops": 44064,
                                            "Shared Hit Blocks": 144180,
                                            "Shared Read Blocks": 29917,
                                            "Shared Dirtied Blocks": 0,
                                            "Shared Written Blocks": 0,
                                            "Local Hit Blocks": 0,
                                            "Local Read Blocks": 0,
                                            "Local Dirtied Blocks": 0,
                                            "Local Written Blocks": 0,
                                            "Temp Read Blocks": 0,
                                            "Temp Written Blocks": 0
                                          },
                                          {
                                            "Worker Number": 1,
                                            "Actual Startup Time": 0.118,
                                            "Actual Total Time": 0.118,
                                            "Actual Rows": 1,
                                            "Actual Loops": 25182,
                                            "Shared Hit Blocks": 82105,
                                            "Shared Read Blocks": 17296,
                                            "Shared Dirtied Blocks": 0,
                                            "Shared Written Blocks": 0,
                                            "Local Hit Blocks": 0,
                                            "Local Read Blocks": 0,
                                            "Local Dirtied Blocks": 0,
                                            "Local Written Blocks": 0,
                                            "Temp Read Blocks": 0,
                                            "Temp Written Blocks": 0
                                          }
                                        ]
                                      }
                                    ]
                                  },
                                  {
                                    "Node Type": "Index Scan",
                                    "Parent Relationship": "Inner",
                                    "Parallel Aware": false,
                                    "Async Capable": false,
                                    "Scan Direction": "Forward",
                                    "Index Name": "customer_demographics_pkey",
                                    "Relation Name": "customer_demographics",
                                    "Schema": "public",
                                    "Alias": "customer_demographics",
                                    "Startup Cost": 0.43,
                                    "Total Cost": 4.63,
                                    "Plan Rows": 1,
                                    "Plan Width": 4,
                                    "Actual Startup Time": 0.169,
                                    "Actual Total Time": 0.169,
                                    "Actual Rows": 0,
                                    "Actual Loops": 118907,
                                    "Output": [
                                      "customer_demographics.cd_demo_sk",
                                      "customer_demographics.cd_gender",
                                      "customer_demographics.cd_marital_status",
                                      "customer_demographics.cd_education_status",
                                      "customer_demographics.cd_purchase_estimate",
                                      "customer_demographics.cd_credit_rating",
                                      "customer_demographics.cd_dep_count",
                                      "customer_demographics.cd_dep_employed_count",
                                      "customer_demographics.cd_dep_college_count"
                                    ],
                                    "Index Cond": "(customer_demographics.cd_demo_sk = customer.c_current_cdemo_sk)",
                                    "Rows Removed by Index Recheck": 0,
                                    "Filter": "((customer_demographics.cd_marital_status = 'S'::bpchar) AND (customer_demographics.cd_education_status = 'Secondary'::bpchar))",
                                    "Rows Removed by Filter": 1,
                                    "Shared Hit Blocks": 322787,
                                    "Shared Read Blocks": 136275,
                                    "Shared Dirtied Blocks": 0,
                                    "Shared Written Blocks": 0,
                                    "Local Hit Blocks": 0,
                                    "Local Read Blocks": 0,
                                    "Local Dirtied Blocks": 0,
                                    "Local Written Blocks": 0,
                                    "Temp Read Blocks": 0,
                                    "Temp Written Blocks": 0,
                                    "Workers": [
                                      {
                                        "Worker Number": 0,
                                        "Actual Startup Time": 0.166,
                                        "Actual Total Time": 0.166,
                                        "Actual Rows": 0,
                                        "Actual Loops": 43524,
                                        "Shared Hit Blocks": 118699,
                                        "Shared Read Blocks": 49290,
                                        "Shared Dirtied Blocks": 0,
                                        "Shared Written Blocks": 0,
                                        "Local Hit Blocks": 0,
                                        "Local Read Blocks": 0,
                                        "Local Dirtied Blocks": 0,
                                        "Local Written Blocks": 0,
                                        "Temp Read Blocks": 0,
                                        "Temp Written Blocks": 0
                                      },
                                      {
                                        "Worker Number": 1,
                                        "Actual Startup Time": 0.198,
                                        "Actual Total Time": 0.198,
                                        "Actual Rows": 0,
                                        "Actual Loops": 24850,
                                        "Shared Hit Blocks": 67237,
                                        "Shared Read Blocks": 28592,
                                        "Shared Dirtied Blocks": 0,
                                        "Shared Written Blocks": 0,
                                        "Local Hit Blocks": 0,
                                        "Local Read Blocks": 0,
                                        "Local Dirtied Blocks": 0,
                                        "Local Written Blocks": 0,
                                        "Temp Read Blocks": 0,
                                        "Temp Written Blocks": 0
                                      }
                                    ]
                                  }
                                ]
                              },
                              {
                                "Node Type": "Index Scan",
                                "Parent Relationship": "Inner",
                                "Parallel Aware": false,
                                "Async Capable": false,
                                "Scan Direction": "Forward",
                                "Index Name": "_dta_index_store_sales_6_1333579789__k10_k3",
                                "Relation Name": "store_sales",
                                "Schema": "public",
                                "Alias": "s2",
                                "Startup Cost": 0.44,
                                "Total Cost": 180.84,
                                "Plan Rows": 6,
                                "Plan Width": 8,
                                "Actual Startup Time": 0.307,
                                "Actual Total Time": 0.321,
                                "Actual Rows": 1,
                                "Actual Loops": 1916,
                                "Output": [
                                  "s2.ss_sold_date_sk",
                                  "s2.ss_sold_time_sk",
                                  "s2.ss_item_sk",
                                  "s2.ss_customer_sk",
                                  "s2.ss_cdemo_sk",
                                  "s2.ss_hdemo_sk",
                                  "s2.ss_addr_sk",
                                  "s2.ss_store_sk",
                                  "s2.ss_promo_sk",
                                  "s2.ss_ticket_number",
                                  "s2.ss_quantity",
                                  "s2.ss_wholesale_cost",
                                  "s2.ss_list_price",
                                  "s2.ss_sales_price",
                                  "s2.ss_ext_discount_amt",
                                  "s2.ss_ext_sales_price",
                                  "s2.ss_ext_wholesale_cost",
                                  "s2.ss_ext_list_price",
                                  "s2.ss_ext_tax",
                                  "s2.ss_coupon_amt",
                                  "s2.ss_net_paid",
                                  "s2.ss_net_paid_inc_tax",
                                  "s2.ss_net_profit"
                                ],
                                "Index Cond": "(s2.ss_ticket_number = s1.ss_ticket_number)",
                                "Rows Removed by Index Recheck": 0,
                                "Filter": "((s2.ss_list_price >= '16'::numeric) AND (s2.ss_list_price <= '30'::numeric))",
                                "Rows Removed by Filter": 11,
                                "Shared Hit Blocks": 5374,
                                "Shared Read Blocks": 4075,
                                "Shared Dirtied Blocks": 0,
                                "Shared Written Blocks": 0,
                                "Local Hit Blocks": 0,
                                "Local Read Blocks": 0,
                                "Local Dirtied Blocks": 0,
                                "Local Written Blocks": 0,
                                "Temp Read Blocks": 0,
                                "Temp Written Blocks": 0,
                                "Workers": [
                                  {
                                    "Worker Number": 0,
                                    "Actual Startup Time": 0.309,
                                    "Actual Total Time": 0.321,
                                    "Actual Rows": 1,
                                    "Actual Loops": 732,
                                    "Shared Hit Blocks": 2082,
                                    "Shared Read Blocks": 1536,
                                    "Shared Dirtied Blocks": 0,
                                    "Shared Written Blocks": 0,
                                    "Local Hit Blocks": 0,
                                    "Local Read Blocks": 0,
                                    "Local Dirtied Blocks": 0,
                                    "Local Written Blocks": 0,
                                    "Temp Read Blocks": 0,
                                    "Temp Written Blocks": 0
                                  },
                                  {
                                    "Worker Number": 1,
                                    "Actual Startup Time": 0.357,
                                    "Actual Total Time": 0.378,
                                    "Actual Rows": 1,
                                    "Actual Loops": 418,
                                    "Shared Hit Blocks": 1179,
                                    "Shared Read Blocks": 899,
                                    "Shared Dirtied Blocks": 0,
                                    "Shared Written Blocks": 0,
                                    "Local Hit Blocks": 0,
                                    "Local Read Blocks": 0,
                                    "Local Dirtied Blocks": 0,
                                    "Local Written Blocks": 0,
                                    "Temp Read Blocks": 0,
                                    "Temp Written Blocks": 0
                                  }
                                ]
                              }
                            ]
                          },
                          {
                            "Node Type": "Index Scan",
                            "Parent Relationship": "Inner",
                            "Parallel Aware": false,
                            "Async Capable": false,
                            "Scan Direction": "Forward",
                            "Index Name": "item_pkey",
                            "Relation Name": "item",
                            "Schema": "public",
                            "Alias": "item2",
                            "Startup Cost": 0.29,
                            "Total Cost": 4.43,
                            "Plan Rows": 1,
                            "Plan Width": 4,
                            "Actual Startup Time": 0.12,
                            "Actual Total Time": 0.12,
                            "Actual Rows": 0,
                            "Actual Loops": 2631,
                            "Output": [
                              "item2.i_item_sk",
                              "item2.i_item_id",
                              "item2.i_rec_start_date",
                              "item2.i_rec_end_date",
                              "item2.i_item_desc",
                              "item2.i_current_price",
                              "item2.i_wholesale_cost",
                              "item2.i_brand_id",
                              "item2.i_brand",
                              "item2.i_class_id",
                              "item2.i_class",
                              "item2.i_category_id",
                              "item2.i_category",
                              "item2.i_manufact_id",
                              "item2.i_manufact",
                              "item2.i_size",
                              "item2.i_formulation",
                              "item2.i_color",
                              "item2.i_units",
                              "item2.i_container",
                              "item2.i_manager_id",
                              "item2.i_product_name"
                            ],
                            "Index Cond": "(item2.i_item_sk = s2.ss_item_sk)",
                            "Rows Removed by Index Recheck": 0,
                            "Filter": "((item2.i_manager_id >= 81) AND (item2.i_manager_id <= 100))",
                            "Rows Removed by Filter": 1,
                            "Shared Hit Blocks": 5776,
                            "Shared Read Blocks": 2119,
                            "Shared Dirtied Blocks": 0,
                            "Shared Written Blocks": 0,
                            "Local Hit Blocks": 0,
                            "Local Read Blocks": 0,
                            "Local Dirtied Blocks": 0,
                            "Local Written Blocks": 0,
                            "Temp Read Blocks": 0,
                            "Temp Written Blocks": 0,
                            "Workers": [
                              {
                                "Worker Number": 0,
                                "Actual Startup Time": 0.11,
                                "Actual Total Time": 0.11,
                                "Actual Rows": 0,
                                "Actual Loops": 1017,
                                "Shared Hit Blocks": 2298,
                                "Shared Read Blocks": 754,
                                "Shared Dirtied Blocks": 0,
                                "Shared Written Blocks": 0,
                                "Local Hit Blocks": 0,
                                "Local Read Blocks": 0,
                                "Local Dirtied Blocks": 0,
                                "Local Written Blocks": 0,
                                "Temp Read Blocks": 0,
                                "Temp Written Blocks": 0
                              },
                              {
                                "Worker Number": 1,
                                "Actual Startup Time": 0.15,
                                "Actual Total Time": 0.15,
                                "Actual Rows": 0,
                                "Actual Loops": 572,
                                "Shared Hit Blocks": 1220,
                                "Shared Read Blocks": 497,
                                "Shared Dirtied Blocks": 0,
                                "Shared Written Blocks": 0,
                                "Local Hit Blocks": 0,
                                "Local Read Blocks": 0,
                                "Local Dirtied Blocks": 0,
                                "Local Written Blocks": 0,
                                "Temp Read Blocks": 0,
                                "Temp Written Blocks": 0
                              }
                            ]
                          }
                        ]
                      },
                      {
                        "Node Type": "Index Only Scan",
                        "Parent Relationship": "Inner",
                        "Parallel Aware": false,
                        "Async Capable": false,
                        "Scan Direction": "Forward",
                        "Index Name": "customer_address_pkey",
                        "Relation Name": "customer_address",
                        "Schema": "public",
                        "Alias": "customer_address",
                        "Startup Cost": 0.42,
                        "Total Cost": 2.5,
                        "Plan Rows": 1,
                        "Plan Width": 4,
                        "Actual Startup Time": 0.206,
                        "Actual Total Time": 0.206,
                        "Actual Rows": 1,
                        "Actual Loops": 60,
                        "Output": [
                          "customer_address.ca_address_sk"
                        ],
                        "Index Cond": "(customer_address.ca_address_sk = customer.c_current_addr_sk)",
                        "Rows Removed by Index Recheck": 0,
                        "Heap Fetches": 0,
                        "Shared Hit Blocks": 109,
                        "Shared Read Blocks": 76,
                        "Shared Dirtied Blocks": 0,
                        "Shared Written Blocks": 0,
                        "Local Hit Blocks": 0,
                        "Local Read Blocks": 0,
                        "Local Dirtied Blocks": 0,
                        "Local Written Blocks": 0,
                        "Temp Read Blocks": 0,
                        "Temp Written Blocks": 0,
                        "Workers": [
                          {
                            "Worker Number": 0,
                            "Actual Startup Time": 0.255,
                            "Actual Total Time": 0.255,
                            "Actual Rows": 1,
                            "Actual Loops": 16,
                            "Shared Hit Blocks": 27,
                            "Shared Read Blocks": 23,
                            "Shared Dirtied Blocks": 0,
                            "Shared Written Blocks": 0,
                            "Local Hit Blocks": 0,
                            "Local Read Blocks": 0,
                            "Local Dirtied Blocks": 0,
                            "Local Written Blocks": 0,
                            "Temp Read Blocks": 0,
                            "Temp Written Blocks": 0
                          },
                          {
                            "Worker Number": 1,
                            "Actual Startup Time": 0.243,
                            "Actual Total Time": 0.243,
                            "Actual Rows": 1,
                            "Actual Loops": 21,
                            "Shared Hit Blocks": 38,
                            "Shared Read Blocks": 27,
                            "Shared Dirtied Blocks": 0,
                            "Shared Written Blocks": 0,
                            "Local Hit Blocks": 0,
                            "Local Read Blocks": 0,
                            "Local Dirtied Blocks": 0,
                            "Local Written Blocks": 0,
                            "Temp Read Blocks": 0,
                            "Temp Written Blocks": 0
                          }
                        ]
                      }
                    ]
                  }
                ]
              }
            ]
          }
        ]
      },
      "Planning": {
        "Shared Hit Blocks": 56,
        "Shared Read Blocks": 40,
        "Shared Dirtied Blocks": 0,
        "Shared Written Blocks": 0,
        "Local Hit Blocks": 0,
        "Local Read Blocks": 0,
        "Local Dirtied Blocks": 0,
        "Local Written Blocks": 0,
        "Temp Read Blocks": 0,
        "Temp Written Blocks": 0
      },
      "Planning Time": 17.492,
      "Triggers": [],
      "JIT": {
        "Functions": 137,
        "Options": {
          "Inlining": false,
          "Optimization": false,
          "Expressions": true,
          "Deforming": true
        },
        "Timing": {
          "Generation": 15.392,
          "Inlining": 0.0,
          "Optimization": 4.642,
          "Emission": 173.58,
          "Total": 193.614
        }
      },
      "Execution Time": 23102.311
    }
  ],
  "original_sql": "select min(item1.i_item_sk),\n    min(item2.i_item_sk),\n    min(s1.ss_ticket_number),\n    min(s1.ss_item_sk)\nFROM item AS item1,\nitem AS item2,\nstore_sales AS s1,\nstore_sales AS s2,\ndate_dim,\ncustomer,\ncustomer_address,\ncustomer_demographics\nWHERE\nitem1.i_item_sk < item2.i_item_sk\nAND s1.ss_ticket_number = s2.ss_ticket_number\nAND s1.ss_item_sk = item1.i_item_sk and s2.ss_item_sk = item2.i_item_sk\nAND s1.ss_customer_sk = c_customer_sk\nand c_current_addr_sk = ca_address_sk\nand c_current_cdemo_sk = cd_demo_sk\nAND d_year between 2000 and 2000 + 1\nand d_date_sk = s1.ss_sold_date_sk\nand item1.i_category in ('Electronics', 'Men')\nand item2.i_manager_id between 81 and 100\nand cd_marital_status = 'S'\nand cd_education_status = 'Secondary'\nand s1.ss_list_price between 16 and 30\nand s2.ss_list_price between 16 and 30"
}