{
  "query_id": "query050_agg",
  "engine": "postgresql",
  "benchmark": "dsb",
  "scale_factor": 10,
  "execution_time_ms": 18982.075,
  "planning_time_ms": 13.899,
  "plan_json": [
    {
      "Plan": {
        "Node Type": "Limit",
        "Parallel Aware": false,
        "Async Capable": false,
        "Startup Cost": 11911.36,
        "Total Cost": 11913.0,
        "Plan Rows": 1,
        "Plan Width": 125,
        "Actual Startup Time": 18854.183,
        "Actual Total Time": 18982.0,
        "Actual Rows": 30,
        "Actual Loops": 1,
        "Output": [
          "store.s_store_name",
          "store.s_company_id",
          "store.s_street_number",
          "store.s_street_name",
          "store.s_street_type",
          "store.s_suite_number",
          "store.s_city",
          "store.s_county",
          "store.s_state",
          "store.s_zip",
          "(sum(CASE WHEN ((store_returns.sr_returned_date_sk - store_sales.ss_sold_date_sk) <= 30) THEN 1 ELSE 0 END))",
          "(sum(CASE WHEN (((store_returns.sr_returned_date_sk - store_sales.ss_sold_date_sk) > 30) AND ((store_returns.sr_returned_date_sk - store_sales.ss_sold_date_sk) <= 60)) THEN 1 ELSE 0 END))",
          "(sum(CASE WHEN (((store_returns.sr_returned_date_sk - store_sales.ss_sold_date_sk) > 60) AND ((store_returns.sr_returned_date_sk - store_sales.ss_sold_date_sk) <= 90)) THEN 1 ELSE 0 END))",
          "(sum(CASE WHEN (((store_returns.sr_returned_date_sk - store_sales.ss_sold_date_sk) > 90) AND ((store_returns.sr_returned_date_sk - store_sales.ss_sold_date_sk) <= 120)) THEN 1 ELSE 0 END))",
          "(sum(CASE WHEN ((store_returns.sr_returned_date_sk - store_sales.ss_sold_date_sk) > 120) THEN 1 ELSE 0 END))"
        ],
        "Shared Hit Blocks": 670523,
        "Shared Read Blocks": 87652,
        "Shared Dirtied Blocks": 0,
        "Shared Written Blocks": 0,
        "Local Hit Blocks": 0,
        "Local Read Blocks": 0,
        "Local Dirtied Blocks": 0,
        "Local Written Blocks": 0,
        "Temp Read Blocks": 923,
        "Temp Written Blocks": 925,
        "Plans": [
          {
            "Node Type": "Aggregate",
            "Strategy": "Sorted",
            "Partial Mode": "Simple",
            "Parent Relationship": "Outer",
            "Parallel Aware": false,
            "Async Capable": false,
            "Startup Cost": 11911.36,
            "Total Cost": 11913.0,
            "Plan Rows": 1,
            "Plan Width": 125,
            "Actual Startup Time": 18854.181,
            "Actual Total Time": 18981.984,
            "Actual Rows": 30,
            "Actual Loops": 1,
            "Output": [
              "store.s_store_name",
              "store.s_company_id",
              "store.s_street_number",
              "store.s_street_name",
              "store.s_street_type",
              "store.s_suite_number",
              "store.s_city",
              "store.s_county",
              "store.s_state",
              "store.s_zip",
              "sum(CASE WHEN ((store_returns.sr_returned_date_sk - store_sales.ss_sold_date_sk) <= 30) THEN 1 ELSE 0 END)",
              "sum(CASE WHEN (((store_returns.sr_returned_date_sk - store_sales.ss_sold_date_sk) > 30) AND ((store_returns.sr_returned_date_sk - store_sales.ss_sold_date_sk) <= 60)) THEN 1 ELSE 0 END)",
              "sum(CASE WHEN (((store_returns.sr_returned_date_sk - store_sales.ss_sold_date_sk) > 60) AND ((store_returns.sr_returned_date_sk - store_sales.ss_sold_date_sk) <= 90)) THEN 1 ELSE 0 END)",
              "sum(CASE WHEN (((store_returns.sr_returned_date_sk - store_sales.ss_sold_date_sk) > 90) AND ((store_returns.sr_returned_date_sk - store_sales.ss_sold_date_sk) <= 120)) THEN 1 ELSE 0 END)",
              "sum(CASE WHEN ((store_returns.sr_returned_date_sk - store_sales.ss_sold_date_sk) > 120) THEN 1 ELSE 0 END)"
            ],
            "Group Key": [
              "store.s_store_name",
              "store.s_company_id",
              "store.s_street_number",
              "store.s_street_name",
              "store.s_street_type",
              "store.s_suite_number",
              "store.s_city",
              "store.s_county",
              "store.s_state",
              "store.s_zip"
            ],
            "Shared Hit Blocks": 670523,
            "Shared Read Blocks": 87652,
            "Shared Dirtied Blocks": 0,
            "Shared Written Blocks": 0,
            "Local Hit Blocks": 0,
            "Local Read Blocks": 0,
            "Local Dirtied Blocks": 0,
            "Local Written Blocks": 0,
            "Temp Read Blocks": 923,
            "Temp Written Blocks": 925,
            "Plans": [
              {
                "Node Type": "Nested Loop",
                "Parent Relationship": "Outer",
                "Parallel Aware": false,
                "Async Capable": false,
                "Join Type": "Inner",
                "Startup Cost": 11911.36,
                "Total Cost": 11912.91,
                "Plan Rows": 1,
                "Plan Width": 93,
                "Actual Startup Time": 18852.476,
                "Actual Total Time": 18966.992,
                "Actual Rows": 47481,
                "Actual Loops": 1,
                "Output": [
                  "store.s_store_name",
                  "store.s_company_id",
                  "store.s_street_number",
                  "store.s_street_name",
                  "store.s_street_type",
                  "store.s_suite_number",
                  "store.s_city",
                  "store.s_county",
                  "store.s_state",
                  "store.s_zip",
                  "store_returns.sr_returned_date_sk",
                  "store_sales.ss_sold_date_sk"
                ],
                "Inner Unique": true,
                "Join Filter": "((d1.d_date <= d2.d_date) AND (d1.d_date >= (d2.d_date - '120 days'::interval)))",
                "Rows Removed by Join Filter": 16934,
                "Shared Hit Blocks": 670523,
                "Shared Read Blocks": 87652,
                "Shared Dirtied Blocks": 0,
                "Shared Written Blocks": 0,
                "Local Hit Blocks": 0,
                "Local Read Blocks": 0,
                "Local Dirtied Blocks": 0,
                "Local Written Blocks": 0,
                "Temp Read Blocks": 923,
                "Temp Written Blocks": 925,
                "Plans": [
                  {
                    "Node Type": "Gather Merge",
                    "Parent Relationship": "Outer",
                    "Parallel Aware": false,
                    "Async Capable": false,
                    "Startup Cost": 11911.07,
                    "Total Cost": 11911.19,
                    "Plan Rows": 1,
                    "Plan Width": 97,
                    "Actual Startup Time": 18852.099,
                    "Actual Total Time": 18904.807,
                    "Actual Rows": 65250,
                    "Actual Loops": 1,
                    "Output": [
                      "store_sales.ss_sold_date_sk",
                      "store_returns.sr_returned_date_sk",
                      "store.s_store_name",
                      "store.s_company_id",
                      "store.s_street_number",
                      "store.s_street_name",
                      "store.s_street_type",
                      "store.s_suite_number",
                      "store.s_city",
                      "store.s_county",
                      "store.s_state",
                      "store.s_zip",
                      "d2.d_date"
                    ],
                    "Workers Planned": 2,
                    "Workers Launched": 2,
                    "Shared Hit Blocks": 477285,
                    "Shared Read Blocks": 87645,
                    "Shared Dirtied Blocks": 0,
                    "Shared Written Blocks": 0,
                    "Local Hit Blocks": 0,
                    "Local Read Blocks": 0,
                    "Local Dirtied Blocks": 0,
                    "Local Written Blocks": 0,
                    "Temp Read Blocks": 923,
                    "Temp Written Blocks": 925,
                    "Plans": [
                      {
                        "Node Type": "Sort",
                        "Parent Relationship": "Outer",
                        "Parallel Aware": false,
                        "Async Capable": false,
                        "Startup Cost": 10911.05,
                        "Total Cost": 10911.05,
                        "Plan Rows": 1,
                        "Plan Width": 97,
                        "Actual Startup Time": 6342.847,
                        "Actual Total Time": 6370.676,
                        "Actual Rows": 21750,
                        "Actual Loops": 3,
                        "Output": [
                          "store_sales.ss_sold_date_sk",
                          "store_returns.sr_returned_date_sk",
                          "store.s_store_name",
                          "store.s_company_id",
                          "store.s_street_number",
                          "store.s_street_name",
                          "store.s_street_type",
                          "store.s_suite_number",
                          "store.s_city",
                          "store.s_county",
                          "store.s_state",
                          "store.s_zip",
                          "d2.d_date"
                        ],
                        "Sort Key": [
                          "store.s_store_name",
                          "store.s_company_id",
                          "store.s_street_number",
                          "store.s_street_name",
                          "store.s_street_type",
                          "store.s_suite_number",
                          "store.s_city",
                          "store.s_county",
                          "store.s_state",
                          "store.s_zip"
                        ],
                        "Sort Method": "quicksort",
                        "Sort Space Used": 25,
                        "Sort Space Type": "Memory",
                        "Shared Hit Blocks": 477285,
                        "Shared Read Blocks": 87645,
                        "Shared Dirtied Blocks": 0,
                        "Shared Written Blocks": 0,
                        "Local Hit Blocks": 0,
                        "Local Read Blocks": 0,
                        "Local Dirtied Blocks": 0,
                        "Local Written Blocks": 0,
                        "Temp Read Blocks": 923,
                        "Temp Written Blocks": 925,
                        "Workers": [
                          {
                            "Worker Number": 0,
                            "Actual Startup Time": 88.615,
                            "Actual Total Time": 88.616,
                            "Actual Rows": 0,
                            "Actual Loops": 1,
                            "Sort Method": "quicksort",
                            "Sort Space Used": 25,
                            "Sort Space Type": "Memory",
                            "Shared Hit Blocks": 90,
                            "Shared Read Blocks": 577,
                            "Shared Dirtied Blocks": 0,
                            "Shared Written Blocks": 0,
                            "Local Hit Blocks": 0,
                            "Local Read Blocks": 0,
                            "Local Dirtied Blocks": 0,
                            "Local Written Blocks": 0,
                            "Temp Read Blocks": 0,
                            "Temp Written Blocks": 0
                          },
                          {
                            "Worker Number": 1,
                            "Actual Startup Time": 18807.711,
                            "Actual Total Time": 18891.191,
                            "Actual Rows": 65250,
                            "Actual Loops": 1,
                            "Sort Method": "external merge",
                            "Sort Space Used": 7384,
                            "Sort Space Type": "Disk",
                            "Shared Hit Blocks": 477128,
                            "Shared Read Blocks": 86221,
                            "Shared Dirtied Blocks": 0,
                            "Shared Written Blocks": 0,
                            "Local Hit Blocks": 0,
                            "Local Read Blocks": 0,
                            "Local Dirtied Blocks": 0,
                            "Local Written Blocks": 0,
                            "Temp Read Blocks": 923,
                            "Temp Written Blocks": 925
                          }
                        ],
                        "Plans": [
                          {
                            "Node Type": "Nested Loop",
                            "Parent Relationship": "Outer",
                            "Parallel Aware": false,
                            "Async Capable": false,
                            "Join Type": "Inner",
                            "Startup Cost": 1.43,
                            "Total Cost": 10911.04,
                            "Plan Rows": 1,
                            "Plan Width": 97,
                            "Actual Startup Time": 84.697,
                            "Actual Total Time": 6258.962,
                            "Actual Rows": 21750,
                            "Actual Loops": 3,
                            "Output": [
                              "store_sales.ss_sold_date_sk",
                              "store_returns.sr_returned_date_sk",
                              "store.s_store_name",
                              "store.s_company_id",
                              "store.s_street_number",
                              "store.s_street_name",
                              "store.s_street_type",
                              "store.s_suite_number",
                              "store.s_city",
                              "store.s_county",
                              "store.s_state",
                              "store.s_zip",
                              "d2.d_date"
                            ],
                            "Inner Unique": true,
                            "Shared Hit Blocks": 477244,
                            "Shared Read Blocks": 87642,
                            "Shared Dirtied Blocks": 0,
                            "Shared Written Blocks": 0,
                            "Local Hit Blocks": 0,
                            "Local Read Blocks": 0,
                            "Local Dirtied Blocks": 0,
                            "Local Written Blocks": 0,
                            "Temp Read Blocks": 0,
                            "Temp Written Blocks": 0,
                            "Workers": [
                              {
                                "Worker Number": 0,
                                "Actual Startup Time": 87.909,
                                "Actual Total Time": 87.911,
                                "Actual Rows": 0,
                                "Actual Loops": 1,
                                "Shared Hit Blocks": 71,
                                "Shared Read Blocks": 574,
                                "Shared Dirtied Blocks": 0,
                                "Shared Written Blocks": 0,
                                "Local Hit Blocks": 0,
                                "Local Read Blocks": 0,
                                "Local Dirtied Blocks": 0,
                                "Local Written Blocks": 0,
                                "Temp Read Blocks": 0,
                                "Temp Written Blocks": 0
                              },
                              {
                                "Worker Number": 1,
                                "Actual Startup Time": 33.973,
                                "Actual Total Time": 18556.763,
                                "Actual Rows": 65250,
                                "Actual Loops": 1,
                                "Shared Hit Blocks": 477106,
                                "Shared Read Blocks": 86221,
                                "Shared Dirtied Blocks": 0,
                                "Shared Written Blocks": 0,
                                "Local Hit Blocks": 0,
                                "Local Read Blocks": 0,
                                "Local Dirtied Blocks": 0,
                                "Local Written Blocks": 0,
                                "Temp Read Blocks": 0,
                                "Temp Written Blocks": 0
                              }
                            ],
                            "Plans": [
                              {
                                "Node Type": "Nested Loop",
                                "Parent Relationship": "Outer",
                                "Parallel Aware": false,
                                "Async Capable": false,
                                "Join Type": "Inner",
                                "Startup Cost": 1.29,
                                "Total Cost": 10910.88,
                                "Plan Rows": 1,
                                "Plan Width": 16,
                                "Actual Startup Time": 84.564,
                                "Actual Total Time": 6187.349,
                                "Actual Rows": 22275,
                                "Actual Loops": 3,
                                "Output": [
                                  "store_sales.ss_sold_date_sk",
                                  "store_sales.ss_store_sk",
                                  "store_returns.sr_returned_date_sk",
                                  "d2.d_date"
                                ],
                                "Inner Unique": true,
                                "Shared Hit Blocks": 346747,
                                "Shared Read Blocks": 87638,
                                "Shared Dirtied Blocks": 0,
                                "Shared Written Blocks": 0,
                                "Local Hit Blocks": 0,
                                "Local Read Blocks": 0,
                                "Local Dirtied Blocks": 0,
                                "Local Written Blocks": 0,
                                "Temp Read Blocks": 0,
                                "Temp Written Blocks": 0,
                                "Workers": [
                                  {
                                    "Worker Number": 0,
                                    "Actual Startup Time": 87.909,
                                    "Actual Total Time": 87.91,
                                    "Actual Rows": 0,
                                    "Actual Loops": 1,
                                    "Shared Hit Blocks": 71,
                                    "Shared Read Blocks": 574,
                                    "Shared Dirtied Blocks": 0,
                                    "Shared Written Blocks": 0,
                                    "Local Hit Blocks": 0,
                                    "Local Read Blocks": 0,
                                    "Local Dirtied Blocks": 0,
                                    "Local Written Blocks": 0,
                                    "Temp Read Blocks": 0,
                                    "Temp Written Blocks": 0
                                  },
                                  {
                                    "Worker Number": 1,
                                    "Actual Startup Time": 33.574,
                                    "Actual Total Time": 18341.924,
                                    "Actual Rows": 66826,
                                    "Actual Loops": 1,
                                    "Shared Hit Blocks": 346609,
                                    "Shared Read Blocks": 86217,
                                    "Shared Dirtied Blocks": 0,
                                    "Shared Written Blocks": 0,
                                    "Local Hit Blocks": 0,
                                    "Local Read Blocks": 0,
                                    "Local Dirtied Blocks": 0,
                                    "Local Written Blocks": 0,
                                    "Temp Read Blocks": 0,
                                    "Temp Written Blocks": 0
                                  }
                                ],
                                "Plans": [
                                  {
                                    "Node Type": "Nested Loop",
                                    "Parent Relationship": "Outer",
                                    "Parallel Aware": false,
                                    "Async Capable": false,
                                    "Join Type": "Inner",
                                    "Startup Cost": 0.72,
                                    "Total Cost": 8557.36,
                                    "Plan Rows": 1230,
                                    "Plan Width": 20,
                                    "Actual Startup Time": 83.967,
                                    "Actual Total Time": 1210.663,
                                    "Actual Rows": 30140,
                                    "Actual Loops": 3,
                                    "Output": [
                                      "store_returns.sr_returned_date_sk",
                                      "store_returns.sr_ticket_number",
                                      "store_returns.sr_item_sk",
                                      "store_returns.sr_customer_sk",
                                      "d2.d_date"
                                    ],
                                    "Inner Unique": false,
                                    "Shared Hit Blocks": 48137,
                                    "Shared Read Blocks": 31340,
                                    "Shared Dirtied Blocks": 0,
                                    "Shared Written Blocks": 0,
                                    "Local Hit Blocks": 0,
                                    "Local Read Blocks": 0,
                                    "Local Dirtied Blocks": 0,
                                    "Local Written Blocks": 0,
                                    "Temp Read Blocks": 0,
                                    "Temp Written Blocks": 0,
                                    "Workers": [
                                      {
                                        "Worker Number": 0,
                                        "Actual Startup Time": 87.908,
                                        "Actual Total Time": 87.909,
                                        "Actual Rows": 0,
                                        "Actual Loops": 1,
                                        "Shared Hit Blocks": 71,
                                        "Shared Read Blocks": 574,
                                        "Shared Dirtied Blocks": 0,
                                        "Shared Written Blocks": 0,
                                        "Local Hit Blocks": 0,
                                        "Local Read Blocks": 0,
                                        "Local Dirtied Blocks": 0,
                                        "Local Written Blocks": 0,
                                        "Temp Read Blocks": 0,
                                        "Temp Written Blocks": 0
                                      },
                                      {
                                        "Worker Number": 1,
                                        "Actual Startup Time": 31.784,
                                        "Actual Total Time": 3411.869,
                                        "Actual Rows": 90421,
                                        "Actual Loops": 1,
                                        "Shared Hit Blocks": 47999,
                                        "Shared Read Blocks": 29919,
                                        "Shared Dirtied Blocks": 0,
                                        "Shared Written Blocks": 0,
                                        "Local Hit Blocks": 0,
                                        "Local Read Blocks": 0,
                                        "Local Dirtied Blocks": 0,
                                        "Local Written Blocks": 0,
                                        "Temp Read Blocks": 0,
                                        "Temp Written Blocks": 0
                                      }
                                    ],
                                    "Plans": [
                                      {
                                        "Node Type": "Index Scan",
                                        "Parent Relationship": "Outer",
                                        "Parallel Aware": true,
                                        "Async Capable": false,
                                        "Scan Direction": "Forward",
                                        "Index Name": "date_dim_pkey",
                                        "Relation Name": "date_dim",
                                        "Schema": "public",
                                        "Alias": "d2",
                                        "Startup Cost": 0.29,
                                        "Total Cost": 3057.09,
                                        "Plan Rows": 13,
                                        "Plan Width": 8,
                                        "Actual Startup Time": 83.145,
                                        "Actual Total Time": 83.282,
                                        "Actual Rows": 10,
                                        "Actual Loops": 3,
                                        "Output": [
                                          "d2.d_date_sk",
                                          "d2.d_date_id",
                                          "d2.d_date",
                                          "d2.d_month_seq",
                                          "d2.d_week_seq",
                                          "d2.d_quarter_seq",
                                          "d2.d_year",
                                          "d2.d_dow",
                                          "d2.d_moy",
                                          "d2.d_dom",
                                          "d2.d_qoy",
                                          "d2.d_fy_year",
                                          "d2.d_fy_quarter_seq",
                                          "d2.d_fy_week_seq",
                                          "d2.d_day_name",
                                          "d2.d_quarter_name",
                                          "d2.d_holiday",
                                          "d2.d_weekend",
                                          "d2.d_following_holiday",
                                          "d2.d_first_dom",
                                          "d2.d_last_dom",
                                          "d2.d_same_day_ly",
                                          "d2.d_same_day_lq",
                                          "d2.d_current_day",
                                          "d2.d_current_week",
                                          "d2.d_current_month",
                                          "d2.d_current_quarter",
                                          "d2.d_current_year"
                                        ],
                                        "Filter": "((d2.d_year = 2002) AND (d2.d_moy = 8))",
                                        "Rows Removed by Filter": 24339,
                                        "Shared Hit Blocks": 160,
                                        "Shared Read Blocks": 1606,
                                        "Shared Dirtied Blocks": 0,
                                        "Shared Written Blocks": 0,
                                        "Local Hit Blocks": 0,
                                        "Local Read Blocks": 0,
                                        "Local Dirtied Blocks": 0,
                                        "Local Written Blocks": 0,
                                        "Temp Read Blocks": 0,
                                        "Temp Written Blocks": 0,
                                        "Workers": [
                                          {
                                            "Worker Number": 0,
                                            "Actual Startup Time": 87.907,
                                            "Actual Total Time": 87.908,
                                            "Actual Rows": 0,
                                            "Actual Loops": 1,
                                            "Shared Hit Blocks": 71,
                                            "Shared Read Blocks": 574,
                                            "Shared Dirtied Blocks": 0,
                                            "Shared Written Blocks": 0,
                                            "Local Hit Blocks": 0,
                                            "Local Read Blocks": 0,
                                            "Local Dirtied Blocks": 0,
                                            "Local Written Blocks": 0,
                                            "Temp Read Blocks": 0,
                                            "Temp Written Blocks": 0
                                          },
                                          {
                                            "Worker Number": 1,
                                            "Actual Startup Time": 29.321,
                                            "Actual Total Time": 29.729,
                                            "Actual Rows": 31,
                                            "Actual Loops": 1,
                                            "Shared Hit Blocks": 22,
                                            "Shared Read Blocks": 185,
                                            "Shared Dirtied Blocks": 0,
                                            "Shared Written Blocks": 0,
                                            "Local Hit Blocks": 0,
                                            "Local Read Blocks": 0,
                                            "Local Dirtied Blocks": 0,
                                            "Local Written Blocks": 0,
                                            "Temp Read Blocks": 0,
                                            "Temp Written Blocks": 0
                                          }
                                        ]
                                      },
                                      {
                                        "Node Type": "Index Only Scan",
                                        "Parent Relationship": "Inner",
                                        "Parallel Aware": false,
                                        "Async Capable": false,
                                        "Scan Direction": "Forward",
                                        "Index Name": "_dta_index_store_returns_6_1013578649__k1_3_4_10",
                                        "Relation Name": "store_returns",
                                        "Schema": "public",
                                        "Alias": "store_returns",
                                        "Startup Cost": 0.43,
                                        "Total Cost": 391.81,
                                        "Plan Rows": 3129,
                                        "Plan Width": 16,
                                        "Actual Startup Time": 0.159,
                                        "Actual Total Time": 108.139,
                                        "Actual Rows": 2917,
                                        "Actual Loops": 31,
                                        "Output": [
                                          "store_returns.sr_returned_date_sk",
                                          "store_returns.sr_item_sk",
                                          "store_returns.sr_customer_sk",
                                          "store_returns.sr_ticket_number"
                                        ],
                                        "Index Cond": "(store_returns.sr_returned_date_sk = d2.d_date_sk)",
                                        "Rows Removed by Index Recheck": 0,
                                        "Heap Fetches": 90421,
                                        "Shared Hit Blocks": 47977,
                                        "Shared Read Blocks": 29734,
                                        "Shared Dirtied Blocks": 0,
                                        "Shared Written Blocks": 0,
                                        "Local Hit Blocks": 0,
                                        "Local Read Blocks": 0,
                                        "Local Dirtied Blocks": 0,
                                        "Local Written Blocks": 0,
                                        "Temp Read Blocks": 0,
                                        "Temp Written Blocks": 0,
                                        "Workers": [
                                          {
                                            "Worker Number": 1,
                                            "Actual Startup Time": 0.159,
                                            "Actual Total Time": 108.139,
                                            "Actual Rows": 2917,
                                            "Actual Loops": 31,
                                            "Shared Hit Blocks": 47977,
                                            "Shared Read Blocks": 29734,
                                            "Shared Dirtied Blocks": 0,
                                            "Shared Written Blocks": 0,
                                            "Local Hit Blocks": 0,
                                            "Local Read Blocks": 0,
                                            "Local Dirtied Blocks": 0,
                                            "Local Written Blocks": 0,
                                            "Temp Read Blocks": 0,
                                            "Temp Written Blocks": 0
                                          }
                                        ]
                                      }
                                    ]
                                  },
                                  {
                                    "Node Type": "Index Only Scan",
                                    "Parent Relationship": "Inner",
                                    "Parallel Aware": false,
                                    "Async Capable": false,
                                    "Scan Direction": "Forward",
                                    "Index Name": "_dta_index_store_sales_6_1333579789__k3_k10_k4_k1_k8",
                                    "Relation Name": "store_sales",
                                    "Schema": "public",
                                    "Alias": "store_sales",
                                    "Startup Cost": 0.56,
                                    "Total Cost": 1.91,
                                    "Plan Rows": 1,
                                    "Plan Width": 20,
                                    "Actual Startup Time": 0.164,
                                    "Actual Total Time": 0.164,
                                    "Actual Rows": 1,
                                    "Actual Loops": 90421,
                                    "Output": [
                                      "store_sales.ss_item_sk",
                                      "store_sales.ss_ticket_number",
                                      "store_sales.ss_customer_sk",
                                      "store_sales.ss_sold_date_sk",
                                      "store_sales.ss_store_sk"
                                    ],
                                    "Index Cond": "((store_sales.ss_item_sk = store_returns.sr_item_sk) AND (store_sales.ss_ticket_number = store_returns.sr_ticket_number) AND (store_sales.ss_customer_sk = store_returns.sr_customer_sk))",
                                    "Rows Removed by Index Recheck": 0,
                                    "Heap Fetches": 0,
                                    "Shared Hit Blocks": 298610,
                                    "Shared Read Blocks": 56298,
                                    "Shared Dirtied Blocks": 0,
                                    "Shared Written Blocks": 0,
                                    "Local Hit Blocks": 0,
                                    "Local Read Blocks": 0,
                                    "Local Dirtied Blocks": 0,
                                    "Local Written Blocks": 0,
                                    "Temp Read Blocks": 0,
                                    "Temp Written Blocks": 0,
                                    "Workers": [
                                      {
                                        "Worker Number": 1,
                                        "Actual Startup Time": 0.164,
                                        "Actual Total Time": 0.164,
                                        "Actual Rows": 1,
                                        "Actual Loops": 90421,
                                        "Shared Hit Blocks": 298610,
                                        "Shared Read Blocks": 56298,
                                        "Shared Dirtied Blocks": 0,
                                        "Shared Written Blocks": 0,
                                        "Local Hit Blocks": 0,
                                        "Local Read Blocks": 0,
                                        "Local Dirtied Blocks": 0,
                                        "Local Written Blocks": 0,
                                        "Temp Read Blocks": 0,
                                        "Temp Written Blocks": 0
                                      }
                                    ]
                                  }
                                ]
                              },
                              {
                                "Node Type": "Index Scan",
                                "Parent Relationship": "Inner",
                                "Parallel Aware": false,
                                "Async Capable": false,
                                "Scan Direction": "Forward",
                                "Index Name": "_dta_index_store_6_885578193__k1_2_6",
                                "Relation Name": "store",
                                "Schema": "public",
                                "Alias": "store",
                                "Startup Cost": 0.14,
                                "Total Cost": 0.16,
                                "Plan Rows": 1,
                                "Plan Width": 89,
                                "Actual Startup Time": 0.002,
                                "Actual Total Time": 0.002,
                                "Actual Rows": 1,
                                "Actual Loops": 66826,
                                "Output": [
                                  "store.s_store_sk",
                                  "store.s_store_id",
                                  "store.s_rec_start_date",
                                  "store.s_rec_end_date",
                                  "store.s_closed_date_sk",
                                  "store.s_store_name",
                                  "store.s_number_employees",
                                  "store.s_floor_space",
                                  "store.s_hours",
                                  "store.s_manager",
                                  "store.s_market_id",
                                  "store.s_geography_class",
                                  "store.s_market_desc",
                                  "store.s_market_manager",
                                  "store.s_division_id",
                                  "store.s_division_name",
                                  "store.s_company_id",
                                  "store.s_company_name",
                                  "store.s_street_number",
                                  "store.s_street_name",
                                  "store.s_street_type",
                                  "store.s_suite_number",
                                  "store.s_city",
                                  "store.s_county",
                                  "store.s_state",
                                  "store.s_zip",
                                  "store.s_country",
                                  "store.s_gmt_offset",
                                  "store.s_tax_precentage"
                                ],
                                "Index Cond": "(store.s_store_sk = store_sales.ss_store_sk)",
                                "Rows Removed by Index Recheck": 0,
                                "Shared Hit Blocks": 130497,
                                "Shared Read Blocks": 4,
                                "Shared Dirtied Blocks": 0,
                                "Shared Written Blocks": 0,
                                "Local Hit Blocks": 0,
                                "Local Read Blocks": 0,
                                "Local Dirtied Blocks": 0,
                                "Local Written Blocks": 0,
                                "Temp Read Blocks": 0,
                                "Temp Written Blocks": 0,
                                "Workers": [
                                  {
                                    "Worker Number": 1,
                                    "Actual Startup Time": 0.002,
                                    "Actual Total Time": 0.002,
                                    "Actual Rows": 1,
                                    "Actual Loops": 66826,
                                    "Shared Hit Blocks": 130497,
                                    "Shared Read Blocks": 4,
                                    "Shared Dirtied Blocks": 0,
                                    "Shared Written Blocks": 0,
                                    "Local Hit Blocks": 0,
                                    "Local Read Blocks": 0,
                                    "Local Dirtied Blocks": 0,
                                    "Local Written Blocks": 0,
                                    "Temp Read Blocks": 0,
                                    "Temp Written Blocks": 0
                                  }
                                ]
                              }
                            ]
                          }
                        ]
                      }
                    ]
                  },
                  {
                    "Node Type": "Index Scan",
                    "Parent Relationship": "Inner",
                    "Parallel Aware": false,
                    "Async Capable": false,
                    "Scan Direction": "Forward",
                    "Index Name": "date_dim_pkey",
                    "Relation Name": "date_dim",
                    "Schema": "public",
                    "Alias": "d1",
                    "Startup Cost": 0.29,
                    "Total Cost": 1.7,
                    "Plan Rows": 1,
                    "Plan Width": 8,
                    "Actual Startup Time": 0.001,
                    "Actual Total Time": 0.001,
                    "Actual Rows": 1,
                    "Actual Loops": 65250,
                    "Output": [
                      "d1.d_date_sk",
                      "d1.d_date_id",
                      "d1.d_date",
                      "d1.d_month_seq",
                      "d1.d_week_seq",
                      "d1.d_quarter_seq",
                      "d1.d_year",
                      "d1.d_dow",
                      "d1.d_moy",
                      "d1.d_dom",
                      "d1.d_qoy",
                      "d1.d_fy_year",
                      "d1.d_fy_quarter_seq",
                      "d1.d_fy_week_seq",
                      "d1.d_day_name",
                      "d1.d_quarter_name",
                      "d1.d_holiday",
                      "d1.d_weekend",
                      "d1.d_following_holiday",
                      "d1.d_first_dom",
                      "d1.d_last_dom",
                      "d1.d_same_day_ly",
                      "d1.d_same_day_lq",
                      "d1.d_current_day",
                      "d1.d_current_week",
                      "d1.d_current_month",
                      "d1.d_current_quarter",
                      "d1.d_current_year"
                    ],
                    "Index Cond": "(d1.d_date_sk = store_sales.ss_sold_date_sk)",
                    "Rows Removed by Index Recheck": 0,
                    "Shared Hit Blocks": 193238,
                    "Shared Read Blocks": 7,
                    "Shared Dirtied Blocks": 0,
                    "Shared Written Blocks": 0,
                    "Local Hit Blocks": 0,
                    "Local Read Blocks": 0,
                    "Local Dirtied Blocks": 0,
                    "Local Written Blocks": 0,
                    "Temp Read Blocks": 0,
                    "Temp Written Blocks": 0
                  }
                ]
              }
            ]
          }
        ]
      },
      "Planning": {
        "Shared Hit Blocks": 99,
        "Shared Read Blocks": 73,
        "Shared Dirtied Blocks": 0,
        "Shared Written Blocks": 0,
        "Local Hit Blocks": 0,
        "Local Read Blocks": 0,
        "Local Dirtied Blocks": 0,
        "Local Written Blocks": 0,
        "Temp Read Blocks": 0,
        "Temp Written Blocks": 0
      },
      "Planning Time": 13.899,
      "Triggers": [],
      "Execution Time": 18982.075
    }
  ],
  "original_sql": "select \n   s_store_name\n  ,s_company_id\n  ,s_street_number\n  ,s_street_name\n  ,s_street_type\n  ,s_suite_number\n  ,s_city\n  ,s_county\n  ,s_state\n  ,s_zip\n  ,sum(case when (sr_returned_date_sk - ss_sold_date_sk <= 30 ) then 1 else 0 end)  as \"30 days\"\n  ,sum(case when (sr_returned_date_sk - ss_sold_date_sk > 30) and\n                 (sr_returned_date_sk - ss_sold_date_sk <= 60) then 1 else 0 end )  as \"31-60 days\"\n  ,sum(case when (sr_returned_date_sk - ss_sold_date_sk > 60) and\n                 (sr_returned_date_sk - ss_sold_date_sk <= 90) then 1 else 0 end)  as \"61-90 days\"\n  ,sum(case when (sr_returned_date_sk - ss_sold_date_sk > 90) and\n                 (sr_returned_date_sk - ss_sold_date_sk <= 120) then 1 else 0 end)  as \"91-120 days\"\n  ,sum(case when (sr_returned_date_sk - ss_sold_date_sk  > 120) then 1 else 0 end)  as \">120 days\"\nfrom\n   store_sales\n  ,store_returns\n  ,store\n  ,date_dim d1\n  ,date_dim d2\nwhere\n    d2.d_year = 2002\nand d2.d_moy  = 8\nand ss_ticket_number = sr_ticket_number\nand ss_item_sk = sr_item_sk\nand ss_sold_date_sk   = d1.d_date_sk\nand sr_returned_date_sk   = d2.d_date_sk\nand ss_customer_sk = sr_customer_sk\nand ss_store_sk = s_store_sk\nand d1.d_date between (d2.d_date - interval '120 day')\n               and d2.d_date\ngroup by\n   s_store_name\n  ,s_company_id\n  ,s_street_number\n  ,s_street_name\n  ,s_street_type\n  ,s_suite_number\n  ,s_city\n  ,s_county\n  ,s_state\n  ,s_zip\norder by s_store_name\n        ,s_company_id\n        ,s_street_number\n        ,s_street_name\n        ,s_street_type\n        ,s_suite_number\n        ,s_city\n        ,s_county\n        ,s_state\n        ,s_zip\nlimit 100"
}