{
  "query_id": "query100_agg",
  "engine": "postgresql",
  "benchmark": "dsb",
  "scale_factor": 10,
  "execution_time_ms": 24799.364,
  "planning_time_ms": 14.188,
  "plan_json": [
    {
      "Plan": {
        "Node Type": "Sort",
        "Parallel Aware": false,
        "Async Capable": false,
        "Startup Cost": 305508.79,
        "Total Cost": 305508.87,
        "Plan Rows": 30,
        "Plan Width": 16,
        "Actual Startup Time": 24776.086,
        "Actual Total Time": 24792.632,
        "Actual Rows": 49,
        "Actual Loops": 1,
        "Output": [
          "item1.i_item_sk",
          "item2.i_item_sk",
          "(count(*))"
        ],
        "Sort Key": [
          "(count(*))"
        ],
        "Sort Method": "quicksort",
        "Sort Space Used": 26,
        "Sort Space Type": "Memory",
        "Shared Hit Blocks": 783464,
        "Shared Read Blocks": 353333,
        "Shared Dirtied Blocks": 0,
        "Shared Written Blocks": 0,
        "Local Hit Blocks": 0,
        "Local Read Blocks": 0,
        "Local Dirtied Blocks": 0,
        "Local Written Blocks": 0,
        "Temp Read Blocks": 1056,
        "Temp Written Blocks": 1060,
        "Plans": [
          {
            "Node Type": "Aggregate",
            "Strategy": "Sorted",
            "Partial Mode": "Finalize",
            "Parent Relationship": "Outer",
            "Parallel Aware": false,
            "Async Capable": false,
            "Startup Cost": 290238.99,
            "Total Cost": 305508.06,
            "Plan Rows": 30,
            "Plan Width": 16,
            "Actual Startup Time": 24776.047,
            "Actual Total Time": 24792.616,
            "Actual Rows": 49,
            "Actual Loops": 1,
            "Output": [
              "item1.i_item_sk",
              "item2.i_item_sk",
              "count(*)"
            ],
            "Group Key": [
              "item1.i_item_sk",
              "item2.i_item_sk"
            ],
            "Shared Hit Blocks": 783464,
            "Shared Read Blocks": 353333,
            "Shared Dirtied Blocks": 0,
            "Shared Written Blocks": 0,
            "Local Hit Blocks": 0,
            "Local Read Blocks": 0,
            "Local Dirtied Blocks": 0,
            "Local Written Blocks": 0,
            "Temp Read Blocks": 1056,
            "Temp Written Blocks": 1060,
            "Plans": [
              {
                "Node Type": "Gather Merge",
                "Parent Relationship": "Outer",
                "Parallel Aware": false,
                "Async Capable": false,
                "Startup Cost": 290238.99,
                "Total Cost": 305507.58,
                "Plan Rows": 24,
                "Plan Width": 16,
                "Actual Startup Time": 24776.015,
                "Actual Total Time": 24792.573,
                "Actual Rows": 51,
                "Actual Loops": 1,
                "Output": [
                  "item1.i_item_sk",
                  "item2.i_item_sk",
                  "(PARTIAL count(*))"
                ],
                "Workers Planned": 2,
                "Workers Launched": 2,
                "Shared Hit Blocks": 783464,
                "Shared Read Blocks": 353333,
                "Shared Dirtied Blocks": 0,
                "Shared Written Blocks": 0,
                "Local Hit Blocks": 0,
                "Local Read Blocks": 0,
                "Local Dirtied Blocks": 0,
                "Local Written Blocks": 0,
                "Temp Read Blocks": 1056,
                "Temp Written Blocks": 1060,
                "Plans": [
                  {
                    "Node Type": "Aggregate",
                    "Strategy": "Sorted",
                    "Partial Mode": "Partial",
                    "Parent Relationship": "Outer",
                    "Parallel Aware": false,
                    "Async Capable": false,
                    "Startup Cost": 289238.96,
                    "Total Cost": 304504.78,
                    "Plan Rows": 12,
                    "Plan Width": 16,
                    "Actual Startup Time": 20478.229,
                    "Actual Total Time": 20478.244,
                    "Actual Rows": 17,
                    "Actual Loops": 3,
                    "Output": [
                      "item1.i_item_sk",
                      "item2.i_item_sk",
                      "PARTIAL count(*)"
                    ],
                    "Group Key": [
                      "item1.i_item_sk",
                      "item2.i_item_sk"
                    ],
                    "Shared Hit Blocks": 783464,
                    "Shared Read Blocks": 353333,
                    "Shared Dirtied Blocks": 0,
                    "Shared Written Blocks": 0,
                    "Local Hit Blocks": 0,
                    "Local Read Blocks": 0,
                    "Local Dirtied Blocks": 0,
                    "Local Written Blocks": 0,
                    "Temp Read Blocks": 1056,
                    "Temp Written Blocks": 1060,
                    "Workers": [
                      {
                        "Worker Number": 0,
                        "Actual Startup Time": 21297.169,
                        "Actual Total Time": 21297.181,
                        "Actual Rows": 16,
                        "Actual Loops": 1,
                        "JIT": {
                          "Functions": 48,
                          "Options": {
                            "Inlining": false,
                            "Optimization": false,
                            "Expressions": true,
                            "Deforming": true
                          },
                          "Timing": {
                            "Generation": 3.241,
                            "Inlining": 0.0,
                            "Optimization": 1.054,
                            "Emission": 25.138,
                            "Total": 29.434
                          }
                        },
                        "Shared Hit Blocks": 290439,
                        "Shared Read Blocks": 121703,
                        "Shared Dirtied Blocks": 0,
                        "Shared Written Blocks": 0,
                        "Local Hit Blocks": 0,
                        "Local Read Blocks": 0,
                        "Local Dirtied Blocks": 0,
                        "Local Written Blocks": 0,
                        "Temp Read Blocks": 343,
                        "Temp Written Blocks": 344
                      },
                      {
                        "Worker Number": 1,
                        "Actual Startup Time": 24744.307,
                        "Actual Total Time": 24744.32,
                        "Actual Rows": 18,
                        "Actual Loops": 1,
                        "JIT": {
                          "Functions": 48,
                          "Options": {
                            "Inlining": false,
                            "Optimization": false,
                            "Expressions": true,
                            "Deforming": true
                          },
                          "Timing": {
                            "Generation": 3.149,
                            "Inlining": 0.0,
                            "Optimization": 0.732,
                            "Emission": 23.289,
                            "Total": 27.169
                          }
                        },
                        "Shared Hit Blocks": 339477,
                        "Shared Read Blocks": 145761,
                        "Shared Dirtied Blocks": 0,
                        "Shared Written Blocks": 0,
                        "Local Hit Blocks": 0,
                        "Local Read Blocks": 0,
                        "Local Dirtied Blocks": 0,
                        "Local Written Blocks": 0,
                        "Temp Read Blocks": 460,
                        "Temp Written Blocks": 462
                      }
                    ],
                    "Plans": [
                      {
                        "Node Type": "Incremental Sort",
                        "Parent Relationship": "Outer",
                        "Parallel Aware": false,
                        "Async Capable": false,
                        "Startup Cost": 289238.96,
                        "Total Cost": 304504.57,
                        "Plan Rows": 12,
                        "Plan Width": 8,
                        "Actual Startup Time": 20478.19,
                        "Actual Total Time": 20478.198,
                        "Actual Rows": 20,
                        "Actual Loops": 3,
                        "Output": [
                          "item1.i_item_sk",
                          "item2.i_item_sk"
                        ],
                        "Sort Key": [
                          "item1.i_item_sk",
                          "item2.i_item_sk"
                        ],
                        "Presorted Key": [
                          "item1.i_item_sk"
                        ],
                        "Full-sort Groups": {
                          "Group Count": 1,
                          "Sort Methods Used": [
                            "quicksort"
                          ],
                          "Sort Space Memory": {
                            "Average Sort Space Used": 25,
                            "Peak Sort Space Used": 25
                          }
                        },
                        "Shared Hit Blocks": 783464,
                        "Shared Read Blocks": 353333,
                        "Shared Dirtied Blocks": 0,
                        "Shared Written Blocks": 0,
                        "Local Hit Blocks": 0,
                        "Local Read Blocks": 0,
                        "Local Dirtied Blocks": 0,
                        "Local Written Blocks": 0,
                        "Temp Read Blocks": 1056,
                        "Temp Written Blocks": 1060,
                        "Workers": [
                          {
                            "Worker Number": 0,
                            "Actual Startup Time": 21297.127,
                            "Actual Total Time": 21297.134,
                            "Actual Rows": 16,
                            "Actual Loops": 1,
                            "Full-sort Groups": {
                              "Group Count": 1,
                              "Sort Methods Used": [
                                "quicksort"
                              ],
                              "Sort Space Memory": {
                                "Average Sort Space Used": 25,
                                "Peak Sort Space Used": 25
                              }
                            },
                            "Shared Hit Blocks": 290439,
                            "Shared Read Blocks": 121703,
                            "Shared Dirtied Blocks": 0,
                            "Shared Written Blocks": 0,
                            "Local Hit Blocks": 0,
                            "Local Read Blocks": 0,
                            "Local Dirtied Blocks": 0,
                            "Local Written Blocks": 0,
                            "Temp Read Blocks": 343,
                            "Temp Written Blocks": 344
                          },
                          {
                            "Worker Number": 1,
                            "Actual Startup Time": 24744.27,
                            "Actual Total Time": 24744.277,
                            "Actual Rows": 23,
                            "Actual Loops": 1,
                            "Full-sort Groups": {
                              "Group Count": 1,
                              "Sort Methods Used": [
                                "quicksort"
                              ],
                              "Sort Space Memory": {
                                "Average Sort Space Used": 25,
                                "Peak Sort Space Used": 25
                              }
                            },
                            "Shared Hit Blocks": 339477,
                            "Shared Read Blocks": 145761,
                            "Shared Dirtied Blocks": 0,
                            "Shared Written Blocks": 0,
                            "Local Hit Blocks": 0,
                            "Local Read Blocks": 0,
                            "Local Dirtied Blocks": 0,
                            "Local Written Blocks": 0,
                            "Temp Read Blocks": 460,
                            "Temp Written Blocks": 462
                          }
                        ],
                        "Plans": [
                          {
                            "Node Type": "Nested Loop",
                            "Parent Relationship": "Outer",
                            "Parallel Aware": false,
                            "Async Capable": false,
                            "Join Type": "Inner",
                            "Startup Cost": 287851.22,
                            "Total Cost": 304504.03,
                            "Plan Rows": 12,
                            "Plan Width": 8,
                            "Actual Startup Time": 8372.203,
                            "Actual Total Time": 20477.607,
                            "Actual Rows": 20,
                            "Actual Loops": 3,
                            "Output": [
                              "item1.i_item_sk",
                              "item2.i_item_sk"
                            ],
                            "Inner Unique": true,
                            "Shared Hit Blocks": 783402,
                            "Shared Read Blocks": 353329,
                            "Shared Dirtied Blocks": 0,
                            "Shared Written Blocks": 0,
                            "Local Hit Blocks": 0,
                            "Local Read Blocks": 0,
                            "Local Dirtied Blocks": 0,
                            "Local Written Blocks": 0,
                            "Temp Read Blocks": 1056,
                            "Temp Written Blocks": 1060,
                            "Workers": [
                              {
                                "Worker Number": 0,
                                "Actual Startup Time": 8088.912,
                                "Actual Total Time": 21296.286,
                                "Actual Rows": 16,
                                "Actual Loops": 1,
                                "Shared Hit Blocks": 290409,
                                "Shared Read Blocks": 121700,
                                "Shared Dirtied Blocks": 0,
                                "Shared Written Blocks": 0,
                                "Local Hit Blocks": 0,
                                "Local Read Blocks": 0,
                                "Local Dirtied Blocks": 0,
                                "Local Written Blocks": 0,
                                "Temp Read Blocks": 343,
                                "Temp Written Blocks": 344
                              },
                              {
                                "Worker Number": 1,
                                "Actual Startup Time": 11769.91,
                                "Actual Total Time": 24743.406,
                                "Actual Rows": 23,
                                "Actual Loops": 1,
                                "Shared Hit Blocks": 339445,
                                "Shared Read Blocks": 145760,
                                "Shared Dirtied Blocks": 0,
                                "Shared Written Blocks": 0,
                                "Local Hit Blocks": 0,
                                "Local Read Blocks": 0,
                                "Local Dirtied Blocks": 0,
                                "Local Written Blocks": 0,
                                "Temp Read Blocks": 460,
                                "Temp Written Blocks": 462
                              }
                            ],
                            "Plans": [
                              {
                                "Node Type": "Nested Loop",
                                "Parent Relationship": "Outer",
                                "Parallel Aware": false,
                                "Async Capable": false,
                                "Join Type": "Inner",
                                "Startup Cost": 287850.8,
                                "Total Cost": 304474.03,
                                "Plan Rows": 12,
                                "Plan Width": 12,
                                "Actual Startup Time": 8371.051,
                                "Actual Total Time": 20472.934,
                                "Actual Rows": 20,
                                "Actual Loops": 3,
                                "Output": [
                                  "item1.i_item_sk",
                                  "item2.i_item_sk",
                                  "customer.c_current_addr_sk"
                                ],
                                "Inner Unique": true,
                                "Join Filter": "(item1.i_item_sk < item2.i_item_sk)",
                                "Rows Removed by Join Filter": 145,
                                "Shared Hit Blocks": 783285,
                                "Shared Read Blocks": 353261,
                                "Shared Dirtied Blocks": 0,
                                "Shared Written Blocks": 0,
                                "Local Hit Blocks": 0,
                                "Local Read Blocks": 0,
                                "Local Dirtied Blocks": 0,
                                "Local Written Blocks": 0,
                                "Temp Read Blocks": 1056,
                                "Temp Written Blocks": 1060,
                                "Workers": [
                                  {
                                    "Worker Number": 0,
                                    "Actual Startup Time": 8087.625,
                                    "Actual Total Time": 21292.348,
                                    "Actual Rows": 16,
                                    "Actual Loops": 1,
                                    "Shared Hit Blocks": 290377,
                                    "Shared Read Blocks": 121682,
                                    "Shared Dirtied Blocks": 0,
                                    "Shared Written Blocks": 0,
                                    "Local Hit Blocks": 0,
                                    "Local Read Blocks": 0,
                                    "Local Dirtied Blocks": 0,
                                    "Local Written Blocks": 0,
                                    "Temp Read Blocks": 343,
                                    "Temp Written Blocks": 344
                                  },
                                  {
                                    "Worker Number": 1,
                                    "Actual Startup Time": 11768.692,
                                    "Actual Total Time": 24738.48,
                                    "Actual Rows": 23,
                                    "Actual Loops": 1,
                                    "Shared Hit Blocks": 339398,
                                    "Shared Read Blocks": 145736,
                                    "Shared Dirtied Blocks": 0,
                                    "Shared Written Blocks": 0,
                                    "Local Hit Blocks": 0,
                                    "Local Read Blocks": 0,
                                    "Local Dirtied Blocks": 0,
                                    "Local Written Blocks": 0,
                                    "Temp Read Blocks": 460,
                                    "Temp Written Blocks": 462
                                  }
                                ],
                                "Plans": [
                                  {
                                    "Node Type": "Nested Loop",
                                    "Parent Relationship": "Outer",
                                    "Parallel Aware": false,
                                    "Async Capable": false,
                                    "Join Type": "Inner",
                                    "Startup Cost": 287850.51,
                                    "Total Cost": 303620.53,
                                    "Plan Rows": 192,
                                    "Plan Width": 12,
                                    "Actual Startup Time": 8111.898,
                                    "Actual Total Time": 20360.16,
                                    "Actual Rows": 877,
                                    "Actual Loops": 3,
                                    "Output": [
                                      "item1.i_item_sk",
                                      "s2.ss_item_sk",
                                      "customer.c_current_addr_sk"
                                    ],
                                    "Inner Unique": false,
                                    "Shared Hit Blocks": 777339,
                                    "Shared Read Blocks": 351312,
                                    "Shared Dirtied Blocks": 0,
                                    "Shared Written Blocks": 0,
                                    "Local Hit Blocks": 0,
                                    "Local Read Blocks": 0,
                                    "Local Dirtied Blocks": 0,
                                    "Local Written Blocks": 0,
                                    "Temp Read Blocks": 1056,
                                    "Temp Written Blocks": 1060,
                                    "Workers": [
                                      {
                                        "Worker Number": 0,
                                        "Actual Startup Time": 7890.37,
                                        "Actual Total Time": 21173.543,
                                        "Actual Rows": 1017,
                                        "Actual Loops": 1,
                                        "Shared Hit Blocks": 288002,
                                        "Shared Read Blocks": 121005,
                                        "Shared Dirtied Blocks": 0,
                                        "Shared Written Blocks": 0,
                                        "Local Hit Blocks": 0,
                                        "Local Read Blocks": 0,
                                        "Local Dirtied Blocks": 0,
                                        "Local Written Blocks": 0,
                                        "Temp Read Blocks": 343,
                                        "Temp Written Blocks": 344
                                      },
                                      {
                                        "Worker Number": 1,
                                        "Actual Startup Time": 11253.564,
                                        "Actual Total Time": 24621.245,
                                        "Actual Rows": 1042,
                                        "Actual Loops": 1,
                                        "Shared Hit Blocks": 336988,
                                        "Shared Read Blocks": 145019,
                                        "Shared Dirtied Blocks": 0,
                                        "Shared Written Blocks": 0,
                                        "Local Hit Blocks": 0,
                                        "Local Read Blocks": 0,
                                        "Local Dirtied Blocks": 0,
                                        "Local Written Blocks": 0,
                                        "Temp Read Blocks": 460,
                                        "Temp Written Blocks": 462
                                      }
                                    ],
                                    "Plans": [
                                      {
                                        "Node Type": "Nested Loop",
                                        "Parent Relationship": "Outer",
                                        "Parallel Aware": false,
                                        "Async Capable": false,
                                        "Join Type": "Inner",
                                        "Startup Cost": 287850.07,
                                        "Total Cost": 298193.43,
                                        "Plan Rows": 30,
                                        "Plan Width": 12,
                                        "Actual Startup Time": 8110.251,
                                        "Actual Total Time": 19986.774,
                                        "Actual Rows": 639,
                                        "Actual Loops": 3,
                                        "Output": [
                                          "item1.i_item_sk",
                                          "s1.ss_ticket_number",
                                          "customer.c_current_addr_sk"
                                        ],
                                        "Inner Unique": true,
                                        "Shared Hit Blocks": 772602,
                                        "Shared Read Blocks": 346600,
                                        "Shared Dirtied Blocks": 0,
                                        "Shared Written Blocks": 0,
                                        "Local Hit Blocks": 0,
                                        "Local Read Blocks": 0,
                                        "Local Dirtied Blocks": 0,
                                        "Local Written Blocks": 0,
                                        "Temp Read Blocks": 1056,
                                        "Temp Written Blocks": 1060,
                                        "Workers": [
                                          {
                                            "Worker Number": 0,
                                            "Actual Startup Time": 7888.553,
                                            "Actual Total Time": 20753.273,
                                            "Actual Rows": 732,
                                            "Actual Loops": 1,
                                            "Shared Hit Blocks": 286155,
                                            "Shared Read Blocks": 119234,
                                            "Shared Dirtied Blocks": 0,
                                            "Shared Written Blocks": 0,
                                            "Local Hit Blocks": 0,
                                            "Local Read Blocks": 0,
                                            "Local Dirtied Blocks": 0,
                                            "Local Written Blocks": 0,
                                            "Temp Read Blocks": 343,
                                            "Temp Written Blocks": 344
                                          },
                                          {
                                            "Worker Number": 1,
                                            "Actual Startup Time": 11251.44,
                                            "Actual Total Time": 24190.469,
                                            "Actual Rows": 766,
                                            "Actual Loops": 1,
                                            "Shared Hit Blocks": 335149,
                                            "Shared Read Blocks": 143104,
                                            "Shared Dirtied Blocks": 0,
                                            "Shared Written Blocks": 0,
                                            "Local Hit Blocks": 0,
                                            "Local Read Blocks": 0,
                                            "Local Dirtied Blocks": 0,
                                            "Local Written Blocks": 0,
                                            "Temp Read Blocks": 460,
                                            "Temp Written Blocks": 462
                                          }
                                        ],
                                        "Plans": [
                                          {
                                            "Node Type": "Nested Loop",
                                            "Parent Relationship": "Outer",
                                            "Parallel Aware": false,
                                            "Async Capable": false,
                                            "Join Type": "Inner",
                                            "Startup Cost": 287849.64,
                                            "Total Cost": 293199.84,
                                            "Plan Rows": 1079,
                                            "Plan Width": 16,
                                            "Actual Startup Time": 8038.267,
                                            "Actual Total Time": 12547.226,
                                            "Actual Rows": 39636,
                                            "Actual Loops": 3,
                                            "Output": [
                                              "item1.i_item_sk",
                                              "s1.ss_ticket_number",
                                              "customer.c_current_addr_sk",
                                              "customer.c_current_cdemo_sk"
                                            ],
                                            "Inner Unique": true,
                                            "Shared Hit Blocks": 431277,
                                            "Shared Read Blocks": 228863,
                                            "Shared Dirtied Blocks": 0,
                                            "Shared Written Blocks": 0,
                                            "Local Hit Blocks": 0,
                                            "Local Read Blocks": 0,
                                            "Local Dirtied Blocks": 0,
                                            "Local Written Blocks": 0,
                                            "Temp Read Blocks": 1056,
                                            "Temp Written Blocks": 1060,
                                            "Workers": [
                                              {
                                                "Worker Number": 0,
                                                "Actual Startup Time": 7856.68,
                                                "Actual Total Time": 12693.717,
                                                "Actual Rows": 43524,
                                                "Actual Loops": 1,
                                                "Shared Hit Blocks": 160776,
                                                "Shared Read Blocks": 76624,
                                                "Shared Dirtied Blocks": 0,
                                                "Shared Written Blocks": 0,
                                                "Local Hit Blocks": 0,
                                                "Local Read Blocks": 0,
                                                "Local Dirtied Blocks": 0,
                                                "Local Written Blocks": 0,
                                                "Temp Read Blocks": 343,
                                                "Temp Written Blocks": 344
                                              },
                                              {
                                                "Worker Number": 1,
                                                "Actual Startup Time": 11203.94,
                                                "Actual Total Time": 16235.578,
                                                "Actual Rows": 50533,
                                                "Actual Loops": 1,
                                                "Shared Hit Blocks": 186655,
                                                "Shared Read Blocks": 96353,
                                                "Shared Dirtied Blocks": 0,
                                                "Shared Written Blocks": 0,
                                                "Local Hit Blocks": 0,
                                                "Local Read Blocks": 0,
                                                "Local Dirtied Blocks": 0,
                                                "Local Written Blocks": 0,
                                                "Temp Read Blocks": 460,
                                                "Temp Written Blocks": 462
                                              }
                                            ],
                                            "Plans": [
                                              {
                                                "Node Type": "Merge Join",
                                                "Parent Relationship": "Outer",
                                                "Parallel Aware": false,
                                                "Async Capable": false,
                                                "Join Type": "Inner",
                                                "Startup Cost": 287849.22,
                                                "Total Cost": 288021.2,
                                                "Plan Rows": 1131,
                                                "Plan Width": 12,
                                                "Actual Startup Time": 8037.275,
                                                "Actual Total Time": 8134.426,
                                                "Actual Rows": 40134,
                                                "Actual Loops": 3,
                                                "Output": [
                                                  "item1.i_item_sk",
                                                  "s1.ss_ticket_number",
                                                  "s1.ss_customer_sk"
                                                ],
                                                "Inner Unique": true,
                                                "Merge Cond": "(s1.ss_item_sk = item1.i_item_sk)",
                                                "Shared Hit Blocks": 32140,
                                                "Shared Read Blocks": 152370,
                                                "Shared Dirtied Blocks": 0,
                                                "Shared Written Blocks": 0,
                                                "Local Hit Blocks": 0,
                                                "Local Read Blocks": 0,
                                                "Local Dirtied Blocks": 0,
                                                "Local Written Blocks": 0,
                                                "Temp Read Blocks": 1056,
                                                "Temp Written Blocks": 1060,
                                                "Workers": [
                                                  {
                                                    "Worker Number": 0,
                                                    "Actual Startup Time": 7855.46,
                                                    "Actual Total Time": 7954.123,
                                                    "Actual Rows": 44064,
                                                    "Actual Loops": 1,
                                                    "Shared Hit Blocks": 13990,
                                                    "Shared Read Blocks": 49313,
                                                    "Shared Dirtied Blocks": 0,
                                                    "Shared Written Blocks": 0,
                                                    "Local Hit Blocks": 0,
                                                    "Local Read Blocks": 0,
                                                    "Local Dirtied Blocks": 0,
                                                    "Local Written Blocks": 0,
                                                    "Temp Read Blocks": 343,
                                                    "Temp Written Blocks": 344
                                                  },
                                                  {
                                                    "Worker Number": 1,
                                                    "Actual Startup Time": 11202.931,
                                                    "Actual Total Time": 11324.881,
                                                    "Actual Rows": 51155,
                                                    "Actual Loops": 1,
                                                    "Shared Hit Blocks": 14583,
                                                    "Shared Read Blocks": 66292,
                                                    "Shared Dirtied Blocks": 0,
                                                    "Shared Written Blocks": 0,
                                                    "Local Hit Blocks": 0,
                                                    "Local Read Blocks": 0,
                                                    "Local Dirtied Blocks": 0,
                                                    "Local Written Blocks": 0,
                                                    "Temp Read Blocks": 460,
                                                    "Temp Written Blocks": 462
                                                  }
                                                ],
                                                "Plans": [
                                                  {
                                                    "Node Type": "Sort",
                                                    "Parent Relationship": "Outer",
                                                    "Parallel Aware": false,
                                                    "Async Capable": false,
                                                    "Startup Cost": 283338.17,
                                                    "Total Cost": 283348.46,
                                                    "Plan Rows": 4116,
                                                    "Plan Width": 12,
                                                    "Actual Startup Time": 7909.647,
                                                    "Actual Total Time": 7948.255,
                                                    "Actual Rows": 130585,
                                                    "Actual Loops": 3,
                                                    "Output": [
                                                      "s1.ss_ticket_number",
                                                      "s1.ss_item_sk",
                                                      "s1.ss_customer_sk"
                                                    ],
                                                    "Sort Key": [
                                                      "s1.ss_item_sk"
                                                    ],
                                                    "Sort Method": "external merge",
                                                    "Sort Space Used": 2024,
                                                    "Sort Space Type": "Disk",
                                                    "Shared Hit Blocks": 32135,
                                                    "Shared Read Blocks": 150927,
                                                    "Shared Dirtied Blocks": 0,
                                                    "Shared Written Blocks": 0,
                                                    "Local Hit Blocks": 0,
                                                    "Local Read Blocks": 0,
                                                    "Local Dirtied Blocks": 0,
                                                    "Local Written Blocks": 0,
                                                    "Temp Read Blocks": 1056,
                                                    "Temp Written Blocks": 1060,
                                                    "Workers": [
                                                      {
                                                        "Worker Number": 0,
                                                        "Actual Startup Time": 7710.37,
                                                        "Actual Total Time": 7748.791,
                                                        "Actual Rows": 127206,
                                                        "Actual Loops": 1,
                                                        "Sort Method": "external merge",
                                                        "Sort Space Used": 2744,
                                                        "Sort Space Type": "Disk",
                                                        "Shared Hit Blocks": 13988,
                                                        "Shared Read Blocks": 48831,
                                                        "Shared Dirtied Blocks": 0,
                                                        "Shared Written Blocks": 0,
                                                        "Local Hit Blocks": 0,
                                                        "Local Read Blocks": 0,
                                                        "Local Dirtied Blocks": 0,
                                                        "Local Written Blocks": 0,
                                                        "Temp Read Blocks": 343,
                                                        "Temp Written Blocks": 344
                                                      },
                                                      {
                                                        "Worker Number": 1,
                                                        "Actual Startup Time": 11101.69,
                                                        "Actual Total Time": 11152.471,
                                                        "Actual Rows": 170886,
                                                        "Actual Loops": 1,
                                                        "Sort Method": "external merge",
                                                        "Sort Space Used": 3680,
                                                        "Sort Space Type": "Disk",
                                                        "Shared Hit Blocks": 14581,
                                                        "Shared Read Blocks": 65810,
                                                        "Shared Dirtied Blocks": 0,
                                                        "Shared Written Blocks": 0,
                                                        "Local Hit Blocks": 0,
                                                        "Local Read Blocks": 0,
                                                        "Local Dirtied Blocks": 0,
                                                        "Local Written Blocks": 0,
                                                        "Temp Read Blocks": 460,
                                                        "Temp Written Blocks": 462
                                                      }
                                                    ],
                                                    "Plans": [
                                                      {
                                                        "Node Type": "Nested Loop",
                                                        "Parent Relationship": "Outer",
                                                        "Parallel Aware": false,
                                                        "Async Capable": false,
                                                        "Join Type": "Inner",
                                                        "Startup Cost": 0.85,
                                                        "Total Cost": 283091.06,
                                                        "Plan Rows": 4116,
                                                        "Plan Width": 12,
                                                        "Actual Startup Time": 34.204,
                                                        "Actual Total Time": 7729.393,
                                                        "Actual Rows": 130586,
                                                        "Actual Loops": 3,
                                                        "Output": [
                                                          "s1.ss_ticket_number",
                                                          "s1.ss_item_sk",
                                                          "s1.ss_customer_sk"
                                                        ],
                                                        "Inner Unique": false,
                                                        "Shared Hit Blocks": 32135,
                                                        "Shared Read Blocks": 150927,
                                                        "Shared Dirtied Blocks": 0,
                                                        "Shared Written Blocks": 0,
                                                        "Local Hit Blocks": 0,
                                                        "Local Read Blocks": 0,
                                                        "Local Dirtied Blocks": 0,
                                                        "Local Written Blocks": 0,
                                                        "Temp Read Blocks": 0,
                                                        "Temp Written Blocks": 0,
                                                        "Workers": [
                                                          {
                                                            "Worker Number": 0,
                                                            "Actual Startup Time": 31.035,
                                                            "Actual Total Time": 7533.391,
                                                            "Actual Rows": 127207,
                                                            "Actual Loops": 1,
                                                            "Shared Hit Blocks": 13988,
                                                            "Shared Read Blocks": 48831,
                                                            "Shared Dirtied Blocks": 0,
                                                            "Shared Written Blocks": 0,
                                                            "Local Hit Blocks": 0,
                                                            "Local Read Blocks": 0,
                                                            "Local Dirtied Blocks": 0,
                                                            "Local Written Blocks": 0,
                                                            "Temp Read Blocks": 0,
                                                            "Temp Written Blocks": 0
                                                          },
                                                          {
                                                            "Worker Number": 1,
                                                            "Actual Startup Time": 31.945,
                                                            "Actual Total Time": 10854.022,
                                                            "Actual Rows": 170887,
                                                            "Actual Loops": 1,
                                                            "Shared Hit Blocks": 14581,
                                                            "Shared Read Blocks": 65810,
                                                            "Shared Dirtied Blocks": 0,
                                                            "Shared Written Blocks": 0,
                                                            "Local Hit Blocks": 0,
                                                            "Local Read Blocks": 0,
                                                            "Local Dirtied Blocks": 0,
                                                            "Local Written Blocks": 0,
                                                            "Temp Read Blocks": 0,
                                                            "Temp Written Blocks": 0
                                                          }
                                                        ],
                                                        "Plans": [
                                                          {
                                                            "Node Type": "Index Only Scan",
                                                            "Parent Relationship": "Outer",
                                                            "Parallel Aware": true,
                                                            "Async Capable": false,
                                                            "Scan Direction": "Forward",
                                                            "Index Name": "_dta_index_date_dim_6_661577395__k1_k7_k9",
                                                            "Relation Name": "date_dim",
                                                            "Schema": "public",
                                                            "Alias": "date_dim",
                                                            "Startup Cost": 0.29,
                                                            "Total Cost": 1878.06,
                                                            "Plan Rows": 302,
                                                            "Plan Width": 4,
                                                            "Actual Startup Time": 5.513,
                                                            "Actual Total Time": 13.701,
                                                            "Actual Rows": 244,
                                                            "Actual Loops": 3,
                                                            "Output": [
                                                              "date_dim.d_date_sk",
                                                              "date_dim.d_year",
                                                              "date_dim.d_moy"
                                                            ],
                                                            "Index Cond": "((date_dim.d_year >= 2000) AND (date_dim.d_year <= 2001))",
                                                            "Rows Removed by Index Recheck": 0,
                                                            "Heap Fetches": 0,
                                                            "Shared Hit Blocks": 3,
                                                            "Shared Read Blocks": 281,
                                                            "Shared Dirtied Blocks": 0,
                                                            "Shared Written Blocks": 0,
                                                            "Local Hit Blocks": 0,
                                                            "Local Read Blocks": 0,
                                                            "Local Dirtied Blocks": 0,
                                                            "Local Written Blocks": 0,
                                                            "Temp Read Blocks": 0,
                                                            "Temp Written Blocks": 0,
                                                            "Workers": [
                                                              {
                                                                "Worker Number": 0,
                                                                "Actual Startup Time": 0.496,
                                                                "Actual Total Time": 0.804,
                                                                "Actual Rows": 261,
                                                                "Actual Loops": 1,
                                                                "Shared Hit Blocks": 1,
                                                                "Shared Read Blocks": 1,
                                                                "Shared Dirtied Blocks": 0,
                                                                "Shared Written Blocks": 0,
                                                                "Local Hit Blocks": 0,
                                                                "Local Read Blocks": 0,
                                                                "Local Dirtied Blocks": 0,
                                                                "Local Written Blocks": 0,
                                                                "Temp Read Blocks": 0,
                                                                "Temp Written Blocks": 0
                                                              },
                                                              {
                                                                "Worker Number": 1,
                                                                "Actual Startup Time": 0.759,
                                                                "Actual Total Time": 1.062,
                                                                "Actual Rows": 261,
                                                                "Actual Loops": 1,
                                                                "Shared Hit Blocks": 1,
                                                                "Shared Read Blocks": 1,
                                                                "Shared Dirtied Blocks": 0,
                                                                "Shared Written Blocks": 0,
                                                                "Local Hit Blocks": 0,
                                                                "Local Read Blocks": 0,
                                                                "Local Dirtied Blocks": 0,
                                                                "Local Written Blocks": 0,
                                                                "Temp Read Blocks": 0,
                                                                "Temp Written Blocks": 0
                                                              }
                                                            ]
                                                          },
                                                          {
                                                            "Node Type": "Index Only Scan",
                                                            "Parent Relationship": "Inner",
                                                            "Parallel Aware": false,
                                                            "Async Capable": false,
                                                            "Scan Direction": "Forward",
                                                            "Index Name": "_dta_index_store_sales_6_1333579789__k1_k23_k14_k6_k8_k5_k7_3_4",
                                                            "Relation Name": "store_sales",
                                                            "Schema": "public",
                                                            "Alias": "s1",
                                                            "Startup Cost": 0.56,
                                                            "Total Cost": 926.31,
                                                            "Plan Rows": 486,
                                                            "Plan Width": 16,
                                                            "Actual Startup Time": 5.263,
                                                            "Actual Total Time": 31.475,
                                                            "Actual Rows": 536,
                                                            "Actual Loops": 731,
                                                            "Output": [
                                                              "s1.ss_sold_date_sk",
                                                              "s1.ss_net_profit",
                                                              "s1.ss_sales_price",
                                                              "s1.ss_hdemo_sk",
                                                              "s1.ss_store_sk",
                                                              "s1.ss_cdemo_sk",
                                                              "s1.ss_addr_sk",
                                                              "s1.ss_item_sk",
                                                              "s1.ss_customer_sk",
                                                              "s1.ss_promo_sk",
                                                              "s1.ss_ticket_number",
                                                              "s1.ss_quantity",
                                                              "s1.ss_wholesale_cost",
                                                              "s1.ss_list_price",
                                                              "s1.ss_ext_sales_price",
                                                              "s1.ss_ext_wholesale_cost",
                                                              "s1.ss_coupon_amt"
                                                            ],
                                                            "Index Cond": "(s1.ss_sold_date_sk = date_dim.d_date_sk)",
                                                            "Rows Removed by Index Recheck": 0,
                                                            "Filter": "((s1.ss_list_price >= '16'::numeric) AND (s1.ss_list_price <= '30'::numeric))",
                                                            "Rows Removed by Filter": 14561,
                                                            "Heap Fetches": 0,
                                                            "Shared Hit Blocks": 32132,
                                                            "Shared Read Blocks": 150646,
                                                            "Shared Dirtied Blocks": 0,
                                                            "Shared Written Blocks": 0,
                                                            "Local Hit Blocks": 0,
                                                            "Local Read Blocks": 0,
                                                            "Local Dirtied Blocks": 0,
                                                            "Local Written Blocks": 0,
                                                            "Temp Read Blocks": 0,
                                                            "Temp Written Blocks": 0,
                                                            "Workers": [
                                                              {
                                                                "Worker Number": 0,
                                                                "Actual Startup Time": 4.804,
                                                                "Actual Total Time": 28.675,
                                                                "Actual Rows": 487,
                                                                "Actual Loops": 261,
                                                                "Shared Hit Blocks": 13987,
                                                                "Shared Read Blocks": 48830,
                                                                "Shared Dirtied Blocks": 0,
                                                                "Shared Written Blocks": 0,
                                                                "Local Hit Blocks": 0,
                                                                "Local Read Blocks": 0,
                                                                "Local Dirtied Blocks": 0,
                                                                "Local Written Blocks": 0,
                                                                "Temp Read Blocks": 0,
                                                                "Temp Written Blocks": 0
                                                              },
                                                              {
                                                                "Worker Number": 1,
                                                                "Actual Startup Time": 6.839,
                                                                "Actual Total Time": 41.368,
                                                                "Actual Rows": 655,
                                                                "Actual Loops": 261,
                                                                "Shared Hit Blocks": 14580,
                                                                "Shared Read Blocks": 65809,
                                                                "Shared Dirtied Blocks": 0,
                                                                "Shared Written Blocks": 0,
                                                                "Local Hit Blocks": 0,
                                                                "Local Read Blocks": 0,
                                                                "Local Dirtied Blocks": 0,
                                                                "Local Written Blocks": 0,
                                                                "Temp Read Blocks": 0,
                                                                "Temp Written Blocks": 0
                                                              }
                                                            ]
                                                          }
                                                        ]
                                                      }
                                                    ]
                                                  },
                                                  {
                                                    "Node Type": "Sort",
                                                    "Parent Relationship": "Inner",
                                                    "Parallel Aware": false,
                                                    "Async Capable": false,
                                                    "Startup Cost": 4511.05,
                                                    "Total Cost": 4581.1,
                                                    "Plan Rows": 28019,
                                                    "Plan Width": 4,
                                                    "Actual Startup Time": 127.548,
                                                    "Actual Total Time": 133.4,
                                                    "Actual Rows": 27907,
                                                    "Actual Loops": 3,
                                                    "Output": [
                                                      "item1.i_item_sk"
                                                    ],
                                                    "Sort Key": [
                                                      "item1.i_item_sk"
                                                    ],
                                                    "Sort Method": "quicksort",
                                                    "Sort Space Used": 769,
                                                    "Sort Space Type": "Memory",
                                                    "Shared Hit Blocks": 5,
                                                    "Shared Read Blocks": 1443,
                                                    "Shared Dirtied Blocks": 0,
                                                    "Shared Written Blocks": 0,
                                                    "Local Hit Blocks": 0,
                                                    "Local Read Blocks": 0,
                                                    "Local Dirtied Blocks": 0,
                                                    "Local Written Blocks": 0,
                                                    "Temp Read Blocks": 0,
                                                    "Temp Written Blocks": 0,
                                                    "Workers": [
                                                      {
                                                        "Worker Number": 0,
                                                        "Actual Startup Time": 145.006,
                                                        "Actual Total Time": 150.446,
                                                        "Actual Rows": 27907,
                                                        "Actual Loops": 1,
                                                        "Sort Method": "quicksort",
                                                        "Sort Space Used": 769,
                                                        "Sort Space Type": "Memory",
                                                        "Shared Hit Blocks": 2,
                                                        "Shared Read Blocks": 482,
                                                        "Shared Dirtied Blocks": 0,
                                                        "Shared Written Blocks": 0,
                                                        "Local Hit Blocks": 0,
                                                        "Local Read Blocks": 0,
                                                        "Local Dirtied Blocks": 0,
                                                        "Local Written Blocks": 0,
                                                        "Temp Read Blocks": 0,
                                                        "Temp Written Blocks": 0
                                                      },
                                                      {
                                                        "Worker Number": 1,
                                                        "Actual Startup Time": 101.163,
                                                        "Actual Total Time": 108.139,
                                                        "Actual Rows": 27907,
                                                        "Actual Loops": 1,
                                                        "Sort Method": "quicksort",
                                                        "Sort Space Used": 769,
                                                        "Sort Space Type": "Memory",
                                                        "Shared Hit Blocks": 2,
                                                        "Shared Read Blocks": 482,
                                                        "Shared Dirtied Blocks": 0,
                                                        "Shared Written Blocks": 0,
                                                        "Local Hit Blocks": 0,
                                                        "Local Read Blocks": 0,
                                                        "Local Dirtied Blocks": 0,
                                                        "Local Written Blocks": 0,
                                                        "Temp Read Blocks": 0,
                                                        "Temp Written Blocks": 0
                                                      }
                                                    ],
                                                    "Plans": [
                                                      {
                                                        "Node Type": "Index Only Scan",
                                                        "Parent Relationship": "Outer",
                                                        "Parallel Aware": false,
                                                        "Async Capable": false,
                                                        "Scan Direction": "Forward",
                                                        "Index Name": "_dta_index_item_6_853578079__k13_k11_k1",
                                                        "Relation Name": "item",
                                                        "Schema": "public",
                                                        "Alias": "item1",
                                                        "Startup Cost": 0.42,
                                                        "Total Cost": 2441.27,
                                                        "Plan Rows": 28019,
                                                        "Plan Width": 4,
                                                        "Actual Startup Time": 2.978,
                                                        "Actual Total Time": 123.92,
                                                        "Actual Rows": 27907,
                                                        "Actual Loops": 3,
                                                        "Output": [
                                                          "item1.i_item_sk"
                                                        ],
                                                        "Index Cond": "(item1.i_category = ANY ('{Electronics,Men}'::bpchar[]))",
                                                        "Rows Removed by Index Recheck": 0,
                                                        "Heap Fetches": 0,
                                                        "Shared Hit Blocks": 5,
                                                        "Shared Read Blocks": 1443,
                                                        "Shared Dirtied Blocks": 0,
                                                        "Shared Written Blocks": 0,
                                                        "Local Hit Blocks": 0,
                                                        "Local Read Blocks": 0,
                                                        "Local Dirtied Blocks": 0,
                                                        "Local Written Blocks": 0,
                                                        "Temp Read Blocks": 0,
                                                        "Temp Written Blocks": 0,
                                                        "Workers": [
                                                          {
                                                            "Worker Number": 0,
                                                            "Actual Startup Time": 3.379,
                                                            "Actual Total Time": 140.669,
                                                            "Actual Rows": 27907,
                                                            "Actual Loops": 1,
                                                            "Shared Hit Blocks": 2,
                                                            "Shared Read Blocks": 482,
                                                            "Shared Dirtied Blocks": 0,
                                                            "Shared Written Blocks": 0,
                                                            "Local Hit Blocks": 0,
                                                            "Local Read Blocks": 0,
                                                            "Local Dirtied Blocks": 0,
                                                            "Local Written Blocks": 0,
                                                            "Temp Read Blocks": 0,
                                                            "Temp Written Blocks": 0
                                                          },
                                                          {
                                                            "Worker Number": 1,
                                                            "Actual Startup Time": 2.42,
                                                            "Actual Total Time": 97.786,
                                                            "Actual Rows": 27907,
                                                            "Actual Loops": 1,
                                                            "Shared Hit Blocks": 2,
                                                            "Shared Read Blocks": 482,
                                                            "Shared Dirtied Blocks": 0,
                                                            "Shared Written Blocks": 0,
                                                            "Local Hit Blocks": 0,
                                                            "Local Read Blocks": 0,
                                                            "Local Dirtied Blocks": 0,
                                                            "Local Written Blocks": 0,
                                                            "Temp Read Blocks": 0,
                                                            "Temp Written Blocks": 0
                                                          }
                                                        ]
                                                      }
                                                    ]
                                                  }
                                                ]
                                              },
                                              {
                                                "Node Type": "Index Scan",
                                                "Parent Relationship": "Inner",
                                                "Parallel Aware": false,
                                                "Async Capable": false,
                                                "Scan Direction": "Forward",
                                                "Index Name": "_dta_index_customer_6_949578421__k1_k5",
                                                "Relation Name": "customer",
                                                "Schema": "public",
                                                "Alias": "customer",
                                                "Startup Cost": 0.42,
                                                "Total Cost": 4.58,
                                                "Plan Rows": 1,
                                                "Plan Width": 12,
                                                "Actual Startup Time": 0.108,
                                                "Actual Total Time": 0.108,
                                                "Actual Rows": 1,
                                                "Actual Loops": 120401,
                                                "Output": [
                                                  "customer.c_customer_sk",
                                                  "customer.c_customer_id",
                                                  "customer.c_current_cdemo_sk",
                                                  "customer.c_current_hdemo_sk",
                                                  "customer.c_current_addr_sk",
                                                  "customer.c_first_shipto_date_sk",
                                                  "customer.c_first_sales_date_sk",
                                                  "customer.c_salutation",
                                                  "customer.c_first_name",
                                                  "customer.c_last_name",
                                                  "customer.c_preferred_cust_flag",
                                                  "customer.c_birth_day",
                                                  "customer.c_birth_month",
                                                  "customer.c_birth_year",
                                                  "customer.c_birth_country",
                                                  "customer.c_login",
                                                  "customer.c_email_address",
                                                  "customer.c_last_review_date_sk"
                                                ],
                                                "Index Cond": "(customer.c_customer_sk = s1.ss_customer_sk)",
                                                "Rows Removed by Index Recheck": 0,
                                                "Shared Hit Blocks": 399137,
                                                "Shared Read Blocks": 76493,
                                                "Shared Dirtied Blocks": 0,
                                                "Shared Written Blocks": 0,
                                                "Local Hit Blocks": 0,
                                                "Local Read Blocks": 0,
                                                "Local Dirtied Blocks": 0,
                                                "Local Written Blocks": 0,
                                                "Temp Read Blocks": 0,
                                                "Temp Written Blocks": 0,
                                                "Workers": [
                                                  {
                                                    "Worker Number": 0,
                                                    "Actual Startup Time": 0.106,
                                                    "Actual Total Time": 0.106,
                                                    "Actual Rows": 1,
                                                    "Actual Loops": 44064,
                                                    "Shared Hit Blocks": 146786,
                                                    "Shared Read Blocks": 27311,
                                                    "Shared Dirtied Blocks": 0,
                                                    "Shared Written Blocks": 0,
                                                    "Local Hit Blocks": 0,
                                                    "Local Read Blocks": 0,
                                                    "Local Dirtied Blocks": 0,
                                                    "Local Written Blocks": 0,
                                                    "Temp Read Blocks": 0,
                                                    "Temp Written Blocks": 0
                                                  },
                                                  {
                                                    "Worker Number": 1,
                                                    "Actual Startup Time": 0.094,
                                                    "Actual Total Time": 0.094,
                                                    "Actual Rows": 1,
                                                    "Actual Loops": 51155,
                                                    "Shared Hit Blocks": 172072,
                                                    "Shared Read Blocks": 30061,
                                                    "Shared Dirtied Blocks": 0,
                                                    "Shared Written Blocks": 0,
                                                    "Local Hit Blocks": 0,
                                                    "Local Read Blocks": 0,
                                                    "Local Dirtied Blocks": 0,
                                                    "Local Written Blocks": 0,
                                                    "Temp Read Blocks": 0,
                                                    "Temp Written Blocks": 0
                                                  }
                                                ]
                                              }
                                            ]
                                          },
                                          {
                                            "Node Type": "Index Scan",
                                            "Parent Relationship": "Inner",
                                            "Parallel Aware": false,
                                            "Async Capable": false,
                                            "Scan Direction": "Forward",
                                            "Index Name": "customer_demographics_pkey",
                                            "Relation Name": "customer_demographics",
                                            "Schema": "public",
                                            "Alias": "customer_demographics",
                                            "Startup Cost": 0.43,
                                            "Total Cost": 4.63,
                                            "Plan Rows": 1,
                                            "Plan Width": 4,
                                            "Actual Startup Time": 0.186,
                                            "Actual Total Time": 0.186,
                                            "Actual Rows": 0,
                                            "Actual Loops": 118907,
                                            "Output": [
                                              "customer_demographics.cd_demo_sk",
                                              "customer_demographics.cd_gender",
                                              "customer_demographics.cd_marital_status",
                                              "customer_demographics.cd_education_status",
                                              "customer_demographics.cd_purchase_estimate",
                                              "customer_demographics.cd_credit_rating",
                                              "customer_demographics.cd_dep_count",
                                              "customer_demographics.cd_dep_employed_count",
                                              "customer_demographics.cd_dep_college_count"
                                            ],
                                            "Index Cond": "(customer_demographics.cd_demo_sk = customer.c_current_cdemo_sk)",
                                            "Rows Removed by Index Recheck": 0,
                                            "Filter": "((customer_demographics.cd_marital_status = 'S'::bpchar) AND (customer_demographics.cd_education_status = 'Secondary'::bpchar))",
                                            "Rows Removed by Filter": 1,
                                            "Shared Hit Blocks": 341325,
                                            "Shared Read Blocks": 117737,
                                            "Shared Dirtied Blocks": 0,
                                            "Shared Written Blocks": 0,
                                            "Local Hit Blocks": 0,
                                            "Local Read Blocks": 0,
                                            "Local Dirtied Blocks": 0,
                                            "Local Written Blocks": 0,
                                            "Temp Read Blocks": 0,
                                            "Temp Written Blocks": 0,
                                            "Workers": [
                                              {
                                                "Worker Number": 0,
                                                "Actual Startup Time": 0.184,
                                                "Actual Total Time": 0.184,
                                                "Actual Rows": 0,
                                                "Actual Loops": 43524,
                                                "Shared Hit Blocks": 125379,
                                                "Shared Read Blocks": 42610,
                                                "Shared Dirtied Blocks": 0,
                                                "Shared Written Blocks": 0,
                                                "Local Hit Blocks": 0,
                                                "Local Read Blocks": 0,
                                                "Local Dirtied Blocks": 0,
                                                "Local Written Blocks": 0,
                                                "Temp Read Blocks": 0,
                                                "Temp Written Blocks": 0
                                              },
                                              {
                                                "Worker Number": 1,
                                                "Actual Startup Time": 0.156,
                                                "Actual Total Time": 0.156,
                                                "Actual Rows": 0,
                                                "Actual Loops": 50533,
                                                "Shared Hit Blocks": 148494,
                                                "Shared Read Blocks": 46751,
                                                "Shared Dirtied Blocks": 0,
                                                "Shared Written Blocks": 0,
                                                "Local Hit Blocks": 0,
                                                "Local Read Blocks": 0,
                                                "Local Dirtied Blocks": 0,
                                                "Local Written Blocks": 0,
                                                "Temp Read Blocks": 0,
                                                "Temp Written Blocks": 0
                                              }
                                            ]
                                          }
                                        ]
                                      },
                                      {
                                        "Node Type": "Index Scan",
                                        "Parent Relationship": "Inner",
                                        "Parallel Aware": false,
                                        "Async Capable": false,
                                        "Scan Direction": "Forward",
                                        "Index Name": "_dta_index_store_sales_6_1333579789__k10_k3",
                                        "Relation Name": "store_sales",
                                        "Schema": "public",
                                        "Alias": "s2",
                                        "Startup Cost": 0.44,
                                        "Total Cost": 180.84,
                                        "Plan Rows": 6,
                                        "Plan Width": 8,
                                        "Actual Startup Time": 0.562,
                                        "Actual Total Time": 0.581,
                                        "Actual Rows": 1,
                                        "Actual Loops": 1916,
                                        "Output": [
                                          "s2.ss_sold_date_sk",
                                          "s2.ss_sold_time_sk",
                                          "s2.ss_item_sk",
                                          "s2.ss_customer_sk",
                                          "s2.ss_cdemo_sk",
                                          "s2.ss_hdemo_sk",
                                          "s2.ss_addr_sk",
                                          "s2.ss_store_sk",
                                          "s2.ss_promo_sk",
                                          "s2.ss_ticket_number",
                                          "s2.ss_quantity",
                                          "s2.ss_wholesale_cost",
                                          "s2.ss_list_price",
                                          "s2.ss_sales_price",
                                          "s2.ss_ext_discount_amt",
                                          "s2.ss_ext_sales_price",
                                          "s2.ss_ext_wholesale_cost",
                                          "s2.ss_ext_list_price",
                                          "s2.ss_ext_tax",
                                          "s2.ss_coupon_amt",
                                          "s2.ss_net_paid",
                                          "s2.ss_net_paid_inc_tax",
                                          "s2.ss_net_profit"
                                        ],
                                        "Index Cond": "(s2.ss_ticket_number = s1.ss_ticket_number)",
                                        "Rows Removed by Index Recheck": 0,
                                        "Filter": "((s2.ss_list_price >= '16'::numeric) AND (s2.ss_list_price <= '30'::numeric))",
                                        "Rows Removed by Filter": 11,
                                        "Shared Hit Blocks": 4737,
                                        "Shared Read Blocks": 4712,
                                        "Shared Dirtied Blocks": 0,
                                        "Shared Written Blocks": 0,
                                        "Local Hit Blocks": 0,
                                        "Local Read Blocks": 0,
                                        "Local Dirtied Blocks": 0,
                                        "Local Written Blocks": 0,
                                        "Temp Read Blocks": 0,
                                        "Temp Written Blocks": 0,
                                        "Workers": [
                                          {
                                            "Worker Number": 0,
                                            "Actual Startup Time": 0.556,
                                            "Actual Total Time": 0.57,
                                            "Actual Rows": 1,
                                            "Actual Loops": 732,
                                            "Shared Hit Blocks": 1847,
                                            "Shared Read Blocks": 1771,
                                            "Shared Dirtied Blocks": 0,
                                            "Shared Written Blocks": 0,
                                            "Local Hit Blocks": 0,
                                            "Local Read Blocks": 0,
                                            "Local Dirtied Blocks": 0,
                                            "Local Written Blocks": 0,
                                            "Temp Read Blocks": 0,
                                            "Temp Written Blocks": 0
                                          },
                                          {
                                            "Worker Number": 1,
                                            "Actual Startup Time": 0.54,
                                            "Actual Total Time": 0.558,
                                            "Actual Rows": 1,
                                            "Actual Loops": 766,
                                            "Shared Hit Blocks": 1839,
                                            "Shared Read Blocks": 1915,
                                            "Shared Dirtied Blocks": 0,
                                            "Shared Written Blocks": 0,
                                            "Local Hit Blocks": 0,
                                            "Local Read Blocks": 0,
                                            "Local Dirtied Blocks": 0,
                                            "Local Written Blocks": 0,
                                            "Temp Read Blocks": 0,
                                            "Temp Written Blocks": 0
                                          }
                                        ]
                                      }
                                    ]
                                  },
                                  {
                                    "Node Type": "Index Scan",
                                    "Parent Relationship": "Inner",
                                    "Parallel Aware": false,
                                    "Async Capable": false,
                                    "Scan Direction": "Forward",
                                    "Index Name": "item_pkey",
                                    "Relation Name": "item",
                                    "Schema": "public",
                                    "Alias": "item2",
                                    "Startup Cost": 0.29,
                                    "Total Cost": 4.43,
                                    "Plan Rows": 1,
                                    "Plan Width": 4,
                                    "Actual Startup Time": 0.126,
                                    "Actual Total Time": 0.126,
                                    "Actual Rows": 0,
                                    "Actual Loops": 2631,
                                    "Output": [
                                      "item2.i_item_sk",
                                      "item2.i_item_id",
                                      "item2.i_rec_start_date",
                                      "item2.i_rec_end_date",
                                      "item2.i_item_desc",
                                      "item2.i_current_price",
                                      "item2.i_wholesale_cost",
                                      "item2.i_brand_id",
                                      "item2.i_brand",
                                      "item2.i_class_id",
                                      "item2.i_class",
                                      "item2.i_category_id",
                                      "item2.i_category",
                                      "item2.i_manufact_id",
                                      "item2.i_manufact",
                                      "item2.i_size",
                                      "item2.i_formulation",
                                      "item2.i_color",
                                      "item2.i_units",
                                      "item2.i_container",
                                      "item2.i_manager_id",
                                      "item2.i_product_name"
                                    ],
                                    "Index Cond": "(item2.i_item_sk = s2.ss_item_sk)",
                                    "Rows Removed by Index Recheck": 0,
                                    "Filter": "((item2.i_manager_id >= 81) AND (item2.i_manager_id <= 100))",
                                    "Rows Removed by Filter": 1,
                                    "Shared Hit Blocks": 5946,
                                    "Shared Read Blocks": 1949,
                                    "Shared Dirtied Blocks": 0,
                                    "Shared Written Blocks": 0,
                                    "Local Hit Blocks": 0,
                                    "Local Read Blocks": 0,
                                    "Local Dirtied Blocks": 0,
                                    "Local Written Blocks": 0,
                                    "Temp Read Blocks": 0,
                                    "Temp Written Blocks": 0,
                                    "Workers": [
                                      {
                                        "Worker Number": 0,
                                        "Actual Startup Time": 0.114,
                                        "Actual Total Time": 0.114,
                                        "Actual Rows": 0,
                                        "Actual Loops": 1017,
                                        "Shared Hit Blocks": 2375,
                                        "Shared Read Blocks": 677,
                                        "Shared Dirtied Blocks": 0,
                                        "Shared Written Blocks": 0,
                                        "Local Hit Blocks": 0,
                                        "Local Read Blocks": 0,
                                        "Local Dirtied Blocks": 0,
                                        "Local Written Blocks": 0,
                                        "Temp Read Blocks": 0,
                                        "Temp Written Blocks": 0
                                      },
                                      {
                                        "Worker Number": 1,
                                        "Actual Startup Time": 0.11,
                                        "Actual Total Time": 0.11,
                                        "Actual Rows": 0,
                                        "Actual Loops": 1042,
                                        "Shared Hit Blocks": 2410,
                                        "Shared Read Blocks": 717,
                                        "Shared Dirtied Blocks": 0,
                                        "Shared Written Blocks": 0,
                                        "Local Hit Blocks": 0,
                                        "Local Read Blocks": 0,
                                        "Local Dirtied Blocks": 0,
                                        "Local Written Blocks": 0,
                                        "Temp Read Blocks": 0,
                                        "Temp Written Blocks": 0
                                      }
                                    ]
                                  }
                                ]
                              },
                              {
                                "Node Type": "Index Only Scan",
                                "Parent Relationship": "Inner",
                                "Parallel Aware": false,
                                "Async Capable": false,
                                "Scan Direction": "Forward",
                                "Index Name": "customer_address_pkey",
                                "Relation Name": "customer_address",
                                "Schema": "public",
                                "Alias": "customer_address",
                                "Startup Cost": 0.42,
                                "Total Cost": 2.5,
                                "Plan Rows": 1,
                                "Plan Width": 4,
                                "Actual Startup Time": 0.229,
                                "Actual Total Time": 0.229,
                                "Actual Rows": 1,
                                "Actual Loops": 60,
                                "Output": [
                                  "customer_address.ca_address_sk"
                                ],
                                "Index Cond": "(customer_address.ca_address_sk = customer.c_current_addr_sk)",
                                "Rows Removed by Index Recheck": 0,
                                "Heap Fetches": 0,
                                "Shared Hit Blocks": 117,
                                "Shared Read Blocks": 68,
                                "Shared Dirtied Blocks": 0,
                                "Shared Written Blocks": 0,
                                "Local Hit Blocks": 0,
                                "Local Read Blocks": 0,
                                "Local Dirtied Blocks": 0,
                                "Local Written Blocks": 0,
                                "Temp Read Blocks": 0,
                                "Temp Written Blocks": 0,
                                "Workers": [
                                  {
                                    "Worker Number": 0,
                                    "Actual Startup Time": 0.241,
                                    "Actual Total Time": 0.241,
                                    "Actual Rows": 1,
                                    "Actual Loops": 16,
                                    "Shared Hit Blocks": 32,
                                    "Shared Read Blocks": 18,
                                    "Shared Dirtied Blocks": 0,
                                    "Shared Written Blocks": 0,
                                    "Local Hit Blocks": 0,
                                    "Local Read Blocks": 0,
                                    "Local Dirtied Blocks": 0,
                                    "Local Written Blocks": 0,
                                    "Temp Read Blocks": 0,
                                    "Temp Written Blocks": 0
                                  },
                                  {
                                    "Worker Number": 1,
                                    "Actual Startup Time": 0.21,
                                    "Actual Total Time": 0.21,
                                    "Actual Rows": 1,
                                    "Actual Loops": 23,
                                    "Shared Hit Blocks": 47,
                                    "Shared Read Blocks": 24,
                                    "Shared Dirtied Blocks": 0,
                                    "Shared Written Blocks": 0,
                                    "Local Hit Blocks": 0,
                                    "Local Read Blocks": 0,
                                    "Local Dirtied Blocks": 0,
                                    "Local Written Blocks": 0,
                                    "Temp Read Blocks": 0,
                                    "Temp Written Blocks": 0
                                  }
                                ]
                              }
                            ]
                          }
                        ]
                      }
                    ]
                  }
                ]
              }
            ]
          }
        ]
      },
      "Planning": {
        "Shared Hit Blocks": 50,
        "Shared Read Blocks": 49,
        "Shared Dirtied Blocks": 0,
        "Shared Written Blocks": 0,
        "Local Hit Blocks": 0,
        "Local Read Blocks": 0,
        "Local Dirtied Blocks": 0,
        "Local Written Blocks": 0,
        "Temp Read Blocks": 0,
        "Temp Written Blocks": 0
      },
      "Planning Time": 14.188,
      "Triggers": [],
      "JIT": {
        "Functions": 147,
        "Options": {
          "Inlining": false,
          "Optimization": false,
          "Expressions": true,
          "Deforming": true
        },
        "Timing": {
          "Generation": 9.141,
          "Inlining": 0.0,
          "Optimization": 3.26,
          "Emission": 66.846,
          "Total": 79.246
        }
      },
      "Execution Time": 24799.364
    }
  ],
  "original_sql": "select  item1.i_item_sk, item2.i_item_sk, count(*) as cnt\nFROM item AS item1,\nitem AS item2,\nstore_sales AS s1,\nstore_sales AS s2,\ndate_dim,\ncustomer,\ncustomer_address,\ncustomer_demographics\nWHERE\nitem1.i_item_sk < item2.i_item_sk\nAND s1.ss_ticket_number = s2.ss_ticket_number\nAND s1.ss_item_sk = item1.i_item_sk and s2.ss_item_sk = item2.i_item_sk\nAND s1.ss_customer_sk = c_customer_sk\nand c_current_addr_sk = ca_address_sk\nand c_current_cdemo_sk = cd_demo_sk\nAND d_year between 2000 and 2000 + 1\nand d_date_sk = s1.ss_sold_date_sk\nand item1.i_category in ('Electronics', 'Men')\nand item2.i_manager_id between 81 and 100\nand cd_marital_status = 'S'\nand cd_education_status = 'Secondary'\nand s1.ss_list_price between 16 and 30\nand s2.ss_list_price between 16 and 30\nGROUP BY item1.i_item_sk, item2.i_item_sk\nORDER BY cnt"
}