{
  "query_id": "query072_agg",
  "engine": "postgresql",
  "benchmark": "dsb",
  "scale_factor": 10,
  "execution_time_ms": 6031.486,
  "planning_time_ms": 51.416,
  "plan_json": [
    {
      "Plan": {
        "Node Type": "Limit",
        "Parallel Aware": false,
        "Async Capable": false,
        "Startup Cost": 143117.37,
        "Total Cost": 143117.38,
        "Plan Rows": 1,
        "Plan Width": 147,
        "Actual Startup Time": 6014.826,
        "Actual Total Time": 6027.23,
        "Actual Rows": 0,
        "Actual Loops": 1,
        "Output": [
          "item.i_item_desc",
          "warehouse.w_warehouse_name",
          "d1.d_week_seq",
          "(sum(CASE WHEN (promotion.p_promo_sk IS NULL) THEN 1 ELSE 0 END))",
          "(sum(CASE WHEN (promotion.p_promo_sk IS NOT NULL) THEN 1 ELSE 0 END))",
          "(count(*))"
        ],
        "Shared Hit Blocks": 127084,
        "Shared Read Blocks": 54143,
        "Shared Dirtied Blocks": 0,
        "Shared Written Blocks": 0,
        "Local Hit Blocks": 0,
        "Local Read Blocks": 0,
        "Local Dirtied Blocks": 0,
        "Local Written Blocks": 0,
        "Temp Read Blocks": 0,
        "Temp Written Blocks": 0,
        "Plans": [
          {
            "Node Type": "Sort",
            "Parent Relationship": "Outer",
            "Parallel Aware": false,
            "Async Capable": false,
            "Startup Cost": 143117.37,
            "Total Cost": 143117.38,
            "Plan Rows": 1,
            "Plan Width": 147,
            "Actual Startup Time": 5974.421,
            "Actual Total Time": 5986.824,
            "Actual Rows": 0,
            "Actual Loops": 1,
            "Output": [
              "item.i_item_desc",
              "warehouse.w_warehouse_name",
              "d1.d_week_seq",
              "(sum(CASE WHEN (promotion.p_promo_sk IS NULL) THEN 1 ELSE 0 END))",
              "(sum(CASE WHEN (promotion.p_promo_sk IS NOT NULL) THEN 1 ELSE 0 END))",
              "(count(*))"
            ],
            "Sort Key": [
              "(count(*)) DESC",
              "item.i_item_desc",
              "warehouse.w_warehouse_name",
              "d1.d_week_seq"
            ],
            "Sort Method": "quicksort",
            "Sort Space Used": 25,
            "Sort Space Type": "Memory",
            "Shared Hit Blocks": 127084,
            "Shared Read Blocks": 54143,
            "Shared Dirtied Blocks": 0,
            "Shared Written Blocks": 0,
            "Local Hit Blocks": 0,
            "Local Read Blocks": 0,
            "Local Dirtied Blocks": 0,
            "Local Written Blocks": 0,
            "Temp Read Blocks": 0,
            "Temp Written Blocks": 0,
            "Plans": [
              {
                "Node Type": "Aggregate",
                "Strategy": "Sorted",
                "Partial Mode": "Simple",
                "Parent Relationship": "Outer",
                "Parallel Aware": false,
                "Async Capable": false,
                "Startup Cost": 143088.69,
                "Total Cost": 143117.36,
                "Plan Rows": 1,
                "Plan Width": 147,
                "Actual Startup Time": 5974.402,
                "Actual Total Time": 5986.806,
                "Actual Rows": 0,
                "Actual Loops": 1,
                "Output": [
                  "item.i_item_desc",
                  "warehouse.w_warehouse_name",
                  "d1.d_week_seq",
                  "sum(CASE WHEN (promotion.p_promo_sk IS NULL) THEN 1 ELSE 0 END)",
                  "sum(CASE WHEN (promotion.p_promo_sk IS NOT NULL) THEN 1 ELSE 0 END)",
                  "count(*)"
                ],
                "Group Key": [
                  "item.i_item_desc",
                  "warehouse.w_warehouse_name",
                  "d1.d_week_seq"
                ],
                "Shared Hit Blocks": 127084,
                "Shared Read Blocks": 54143,
                "Shared Dirtied Blocks": 0,
                "Shared Written Blocks": 0,
                "Local Hit Blocks": 0,
                "Local Read Blocks": 0,
                "Local Dirtied Blocks": 0,
                "Local Written Blocks": 0,
                "Temp Read Blocks": 0,
                "Temp Written Blocks": 0,
                "Plans": [
                  {
                    "Node Type": "Nested Loop",
                    "Parent Relationship": "Outer",
                    "Parallel Aware": false,
                    "Async Capable": false,
                    "Join Type": "Left",
                    "Startup Cost": 143088.69,
                    "Total Cost": 143117.34,
                    "Plan Rows": 1,
                    "Plan Width": 127,
                    "Actual Startup Time": 5974.4,
                    "Actual Total Time": 5986.803,
                    "Actual Rows": 0,
                    "Actual Loops": 1,
                    "Output": [
                      "item.i_item_desc",
                      "warehouse.w_warehouse_name",
                      "d1.d_week_seq",
                      "promotion.p_promo_sk"
                    ],
                    "Inner Unique": true,
                    "Join Filter": "(catalog_sales.cs_promo_sk = promotion.p_promo_sk)",
                    "Rows Removed by Join Filter": 0,
                    "Shared Hit Blocks": 127084,
                    "Shared Read Blocks": 54143,
                    "Shared Dirtied Blocks": 0,
                    "Shared Written Blocks": 0,
                    "Local Hit Blocks": 0,
                    "Local Read Blocks": 0,
                    "Local Dirtied Blocks": 0,
                    "Local Written Blocks": 0,
                    "Temp Read Blocks": 0,
                    "Temp Written Blocks": 0,
                    "Plans": [
                      {
                        "Node Type": "Nested Loop",
                        "Parent Relationship": "Outer",
                        "Parallel Aware": false,
                        "Async Capable": false,
                        "Join Type": "Inner",
                        "Startup Cost": 143088.69,
                        "Total Cost": 143093.09,
                        "Plan Rows": 1,
                        "Plan Width": 127,
                        "Actual Startup Time": 5974.399,
                        "Actual Total Time": 5986.802,
                        "Actual Rows": 0,
                        "Actual Loops": 1,
                        "Output": [
                          "catalog_sales.cs_promo_sk",
                          "warehouse.w_warehouse_name",
                          "item.i_item_desc",
                          "d1.d_week_seq"
                        ],
                        "Inner Unique": true,
                        "Join Filter": "(d3.d_date > (d1.d_date + '3 days'::interval))",
                        "Rows Removed by Join Filter": 0,
                        "Shared Hit Blocks": 127084,
                        "Shared Read Blocks": 54143,
                        "Shared Dirtied Blocks": 0,
                        "Shared Written Blocks": 0,
                        "Local Hit Blocks": 0,
                        "Local Read Blocks": 0,
                        "Local Dirtied Blocks": 0,
                        "Local Written Blocks": 0,
                        "Temp Read Blocks": 0,
                        "Temp Written Blocks": 0,
                        "Plans": [
                          {
                            "Node Type": "Gather Merge",
                            "Parent Relationship": "Outer",
                            "Parallel Aware": false,
                            "Async Capable": false,
                            "Startup Cost": 143088.4,
                            "Total Cost": 143088.51,
                            "Plan Rows": 1,
                            "Plan Width": 135,
                            "Actual Startup Time": 5974.398,
                            "Actual Total Time": 5986.799,
                            "Actual Rows": 0,
                            "Actual Loops": 1,
                            "Output": [
                              "catalog_sales.cs_ship_date_sk",
                              "catalog_sales.cs_promo_sk",
                              "warehouse.w_warehouse_name",
                              "item.i_item_desc",
                              "d1.d_week_seq",
                              "d1.d_date"
                            ],
                            "Workers Planned": 1,
                            "Workers Launched": 1,
                            "Shared Hit Blocks": 127084,
                            "Shared Read Blocks": 54143,
                            "Shared Dirtied Blocks": 0,
                            "Shared Written Blocks": 0,
                            "Local Hit Blocks": 0,
                            "Local Read Blocks": 0,
                            "Local Dirtied Blocks": 0,
                            "Local Written Blocks": 0,
                            "Temp Read Blocks": 0,
                            "Temp Written Blocks": 0,
                            "Plans": [
                              {
                                "Node Type": "Sort",
                                "Parent Relationship": "Outer",
                                "Parallel Aware": false,
                                "Async Capable": false,
                                "Startup Cost": 142088.39,
                                "Total Cost": 142088.39,
                                "Plan Rows": 1,
                                "Plan Width": 135,
                                "Actual Startup Time": 5947.179,
                                "Actual Total Time": 5947.186,
                                "Actual Rows": 0,
                                "Actual Loops": 2,
                                "Output": [
                                  "catalog_sales.cs_ship_date_sk",
                                  "catalog_sales.cs_promo_sk",
                                  "warehouse.w_warehouse_name",
                                  "item.i_item_desc",
                                  "d1.d_week_seq",
                                  "d1.d_date"
                                ],
                                "Sort Key": [
                                  "item.i_item_desc",
                                  "warehouse.w_warehouse_name",
                                  "d1.d_week_seq"
                                ],
                                "Sort Method": "quicksort",
                                "Sort Space Used": 25,
                                "Sort Space Type": "Memory",
                                "Shared Hit Blocks": 127084,
                                "Shared Read Blocks": 54143,
                                "Shared Dirtied Blocks": 0,
                                "Shared Written Blocks": 0,
                                "Local Hit Blocks": 0,
                                "Local Read Blocks": 0,
                                "Local Dirtied Blocks": 0,
                                "Local Written Blocks": 0,
                                "Temp Read Blocks": 0,
                                "Temp Written Blocks": 0,
                                "Workers": [
                                  {
                                    "Worker Number": 0,
                                    "Actual Startup Time": 5920.396,
                                    "Actual Total Time": 5920.405,
                                    "Actual Rows": 0,
                                    "Actual Loops": 1,
                                    "Sort Method": "quicksort",
                                    "Sort Space Used": 25,
                                    "Sort Space Type": "Memory",
                                    "JIT": {
                                      "Functions": 53,
                                      "Options": {
                                        "Inlining": false,
                                        "Optimization": false,
                                        "Expressions": true,
                                        "Deforming": true
                                      },
                                      "Timing": {
                                        "Generation": 4.879,
                                        "Inlining": 0.0,
                                        "Optimization": 1.917,
                                        "Emission": 30.534,
                                        "Total": 37.33
                                      }
                                    },
                                    "Shared Hit Blocks": 28997,
                                    "Shared Read Blocks": 15916,
                                    "Shared Dirtied Blocks": 0,
                                    "Shared Written Blocks": 0,
                                    "Local Hit Blocks": 0,
                                    "Local Read Blocks": 0,
                                    "Local Dirtied Blocks": 0,
                                    "Local Written Blocks": 0,
                                    "Temp Read Blocks": 0,
                                    "Temp Written Blocks": 0
                                  }
                                ],
                                "Plans": [
                                  {
                                    "Node Type": "Nested Loop",
                                    "Parent Relationship": "Outer",
                                    "Parallel Aware": false,
                                    "Async Capable": false,
                                    "Join Type": "Inner",
                                    "Startup Cost": 140008.6,
                                    "Total Cost": 142088.38,
                                    "Plan Rows": 1,
                                    "Plan Width": 135,
                                    "Actual Startup Time": 5946.812,
                                    "Actual Total Time": 5946.819,
                                    "Actual Rows": 0,
                                    "Actual Loops": 2,
                                    "Output": [
                                      "catalog_sales.cs_ship_date_sk",
                                      "catalog_sales.cs_promo_sk",
                                      "warehouse.w_warehouse_name",
                                      "item.i_item_desc",
                                      "d1.d_week_seq",
                                      "d1.d_date"
                                    ],
                                    "Inner Unique": true,
                                    "Shared Hit Blocks": 127071,
                                    "Shared Read Blocks": 54141,
                                    "Shared Dirtied Blocks": 0,
                                    "Shared Written Blocks": 0,
                                    "Local Hit Blocks": 0,
                                    "Local Read Blocks": 0,
                                    "Local Dirtied Blocks": 0,
                                    "Local Written Blocks": 0,
                                    "Temp Read Blocks": 0,
                                    "Temp Written Blocks": 0,
                                    "Workers": [
                                      {
                                        "Worker Number": 0,
                                        "Actual Startup Time": 5919.668,
                                        "Actual Total Time": 5919.676,
                                        "Actual Rows": 0,
                                        "Actual Loops": 1,
                                        "Shared Hit Blocks": 28984,
                                        "Shared Read Blocks": 15914,
                                        "Shared Dirtied Blocks": 0,
                                        "Shared Written Blocks": 0,
                                        "Local Hit Blocks": 0,
                                        "Local Read Blocks": 0,
                                        "Local Dirtied Blocks": 0,
                                        "Local Written Blocks": 0,
                                        "Temp Read Blocks": 0,
                                        "Temp Written Blocks": 0
                                      }
                                    ],
                                    "Plans": [
                                      {
                                        "Node Type": "Nested Loop",
                                        "Parent Relationship": "Outer",
                                        "Parallel Aware": false,
                                        "Async Capable": false,
                                        "Join Type": "Inner",
                                        "Startup Cost": 140008.3,
                                        "Total Cost": 142083.81,
                                        "Plan Rows": 1,
                                        "Plan Width": 41,
                                        "Actual Startup Time": 5946.811,
                                        "Actual Total Time": 5946.818,
                                        "Actual Rows": 0,
                                        "Actual Loops": 2,
                                        "Output": [
                                          "catalog_sales.cs_item_sk",
                                          "catalog_sales.cs_ship_date_sk",
                                          "catalog_sales.cs_promo_sk",
                                          "inventory.inv_item_sk",
                                          "warehouse.w_warehouse_name",
                                          "d1.d_week_seq",
                                          "d1.d_date"
                                        ],
                                        "Inner Unique": true,
                                        "Join Filter": "(inventory.inv_warehouse_sk = warehouse.w_warehouse_sk)",
                                        "Rows Removed by Join Filter": 0,
                                        "Shared Hit Blocks": 127071,
                                        "Shared Read Blocks": 54141,
                                        "Shared Dirtied Blocks": 0,
                                        "Shared Written Blocks": 0,
                                        "Local Hit Blocks": 0,
                                        "Local Read Blocks": 0,
                                        "Local Dirtied Blocks": 0,
                                        "Local Written Blocks": 0,
                                        "Temp Read Blocks": 0,
                                        "Temp Written Blocks": 0,
                                        "Workers": [
                                          {
                                            "Worker Number": 0,
                                            "Actual Startup Time": 5919.668,
                                            "Actual Total Time": 5919.675,
                                            "Actual Rows": 0,
                                            "Actual Loops": 1,
                                            "Shared Hit Blocks": 28984,
                                            "Shared Read Blocks": 15914,
                                            "Shared Dirtied Blocks": 0,
                                            "Shared Written Blocks": 0,
                                            "Local Hit Blocks": 0,
                                            "Local Read Blocks": 0,
                                            "Local Dirtied Blocks": 0,
                                            "Local Written Blocks": 0,
                                            "Temp Read Blocks": 0,
                                            "Temp Written Blocks": 0
                                          }
                                        ],
                                        "Plans": [
                                          {
                                            "Node Type": "Nested Loop",
                                            "Parent Relationship": "Outer",
                                            "Parallel Aware": false,
                                            "Async Capable": false,
                                            "Join Type": "Inner",
                                            "Startup Cost": 140008.3,
                                            "Total Cost": 142082.58,
                                            "Plan Rows": 1,
                                            "Plan Width": 28,
                                            "Actual Startup Time": 5946.81,
                                            "Actual Total Time": 5946.817,
                                            "Actual Rows": 0,
                                            "Actual Loops": 2,
                                            "Output": [
                                              "catalog_sales.cs_item_sk",
                                              "catalog_sales.cs_ship_date_sk",
                                              "catalog_sales.cs_promo_sk",
                                              "inventory.inv_item_sk",
                                              "inventory.inv_warehouse_sk",
                                              "d1.d_week_seq",
                                              "d1.d_date"
                                            ],
                                            "Inner Unique": false,
                                            "Shared Hit Blocks": 127071,
                                            "Shared Read Blocks": 54141,
                                            "Shared Dirtied Blocks": 0,
                                            "Shared Written Blocks": 0,
                                            "Local Hit Blocks": 0,
                                            "Local Read Blocks": 0,
                                            "Local Dirtied Blocks": 0,
                                            "Local Written Blocks": 0,
                                            "Temp Read Blocks": 0,
                                            "Temp Written Blocks": 0,
                                            "Workers": [
                                              {
                                                "Worker Number": 0,
                                                "Actual Startup Time": 5919.667,
                                                "Actual Total Time": 5919.674,
                                                "Actual Rows": 0,
                                                "Actual Loops": 1,
                                                "Shared Hit Blocks": 28984,
                                                "Shared Read Blocks": 15914,
                                                "Shared Dirtied Blocks": 0,
                                                "Shared Written Blocks": 0,
                                                "Local Hit Blocks": 0,
                                                "Local Read Blocks": 0,
                                                "Local Dirtied Blocks": 0,
                                                "Local Written Blocks": 0,
                                                "Temp Read Blocks": 0,
                                                "Temp Written Blocks": 0
                                              }
                                            ],
                                            "Plans": [
                                              {
                                                "Node Type": "Hash Join",
                                                "Parent Relationship": "Outer",
                                                "Parallel Aware": true,
                                                "Async Capable": false,
                                                "Join Type": "Inner",
                                                "Startup Cost": 140007.74,
                                                "Total Cost": 142022.61,
                                                "Plan Rows": 4,
                                                "Plan Width": 28,
                                                "Actual Startup Time": 5946.809,
                                                "Actual Total Time": 5946.815,
                                                "Actual Rows": 0,
                                                "Actual Loops": 2,
                                                "Output": [
                                                  "catalog_sales.cs_item_sk",
                                                  "catalog_sales.cs_ship_date_sk",
                                                  "catalog_sales.cs_quantity",
                                                  "catalog_sales.cs_promo_sk",
                                                  "d1.d_week_seq",
                                                  "d1.d_date",
                                                  "d2.d_date_sk"
                                                ],
                                                "Inner Unique": false,
                                                "Hash Cond": "(d2.d_week_seq = d1.d_week_seq)",
                                                "Shared Hit Blocks": 127071,
                                                "Shared Read Blocks": 54141,
                                                "Shared Dirtied Blocks": 0,
                                                "Shared Written Blocks": 0,
                                                "Local Hit Blocks": 0,
                                                "Local Read Blocks": 0,
                                                "Local Dirtied Blocks": 0,
                                                "Local Written Blocks": 0,
                                                "Temp Read Blocks": 0,
                                                "Temp Written Blocks": 0,
                                                "Workers": [
                                                  {
                                                    "Worker Number": 0,
                                                    "Actual Startup Time": 5919.666,
                                                    "Actual Total Time": 5919.672,
                                                    "Actual Rows": 0,
                                                    "Actual Loops": 1,
                                                    "Shared Hit Blocks": 28984,
                                                    "Shared Read Blocks": 15914,
                                                    "Shared Dirtied Blocks": 0,
                                                    "Shared Written Blocks": 0,
                                                    "Local Hit Blocks": 0,
                                                    "Local Read Blocks": 0,
                                                    "Local Dirtied Blocks": 0,
                                                    "Local Written Blocks": 0,
                                                    "Temp Read Blocks": 0,
                                                    "Temp Written Blocks": 0
                                                  }
                                                ],
                                                "Plans": [
                                                  {
                                                    "Node Type": "Seq Scan",
                                                    "Parent Relationship": "Outer",
                                                    "Parallel Aware": true,
                                                    "Async Capable": false,
                                                    "Relation Name": "date_dim",
                                                    "Schema": "public",
                                                    "Alias": "d2",
                                                    "Startup Cost": 0.0,
                                                    "Total Cost": 1853.7,
                                                    "Plan Rows": 42970,
                                                    "Plan Width": 8,
                                                    "Actual Startup Time": 0.0,
                                                    "Actual Total Time": 0.0,
                                                    "Actual Rows": 0,
                                                    "Actual Loops": 0,
                                                    "Output": [
                                                      "d2.d_date_sk",
                                                      "d2.d_date_id",
                                                      "d2.d_date",
                                                      "d2.d_month_seq",
                                                      "d2.d_week_seq",
                                                      "d2.d_quarter_seq",
                                                      "d2.d_year",
                                                      "d2.d_dow",
                                                      "d2.d_moy",
                                                      "d2.d_dom",
                                                      "d2.d_qoy",
                                                      "d2.d_fy_year",
                                                      "d2.d_fy_quarter_seq",
                                                      "d2.d_fy_week_seq",
                                                      "d2.d_day_name",
                                                      "d2.d_quarter_name",
                                                      "d2.d_holiday",
                                                      "d2.d_weekend",
                                                      "d2.d_following_holiday",
                                                      "d2.d_first_dom",
                                                      "d2.d_last_dom",
                                                      "d2.d_same_day_ly",
                                                      "d2.d_same_day_lq",
                                                      "d2.d_current_day",
                                                      "d2.d_current_week",
                                                      "d2.d_current_month",
                                                      "d2.d_current_quarter",
                                                      "d2.d_current_year"
                                                    ],
                                                    "Shared Hit Blocks": 0,
                                                    "Shared Read Blocks": 0,
                                                    "Shared Dirtied Blocks": 0,
                                                    "Shared Written Blocks": 0,
                                                    "Local Hit Blocks": 0,
                                                    "Local Read Blocks": 0,
                                                    "Local Dirtied Blocks": 0,
                                                    "Local Written Blocks": 0,
                                                    "Temp Read Blocks": 0,
                                                    "Temp Written Blocks": 0,
                                                    "Workers": []
                                                  },
                                                  {
                                                    "Node Type": "Hash",
                                                    "Parent Relationship": "Inner",
                                                    "Parallel Aware": true,
                                                    "Async Capable": false,
                                                    "Startup Cost": 140007.72,
                                                    "Total Cost": 140007.72,
                                                    "Plan Rows": 1,
                                                    "Plan Width": 24,
                                                    "Actual Startup Time": 5946.375,
                                                    "Actual Total Time": 5946.378,
                                                    "Actual Rows": 0,
                                                    "Actual Loops": 2,
                                                    "Output": [
                                                      "catalog_sales.cs_item_sk",
                                                      "catalog_sales.cs_ship_date_sk",
                                                      "catalog_sales.cs_quantity",
                                                      "catalog_sales.cs_promo_sk",
                                                      "d1.d_week_seq",
                                                      "d1.d_date"
                                                    ],
                                                    "Hash Buckets": 1024,
                                                    "Original Hash Buckets": 1024,
                                                    "Hash Batches": 1,
                                                    "Original Hash Batches": 1,
                                                    "Peak Memory Usage": 0,
                                                    "Shared Hit Blocks": 127045,
                                                    "Shared Read Blocks": 54138,
                                                    "Shared Dirtied Blocks": 0,
                                                    "Shared Written Blocks": 0,
                                                    "Local Hit Blocks": 0,
                                                    "Local Read Blocks": 0,
                                                    "Local Dirtied Blocks": 0,
                                                    "Local Written Blocks": 0,
                                                    "Temp Read Blocks": 0,
                                                    "Temp Written Blocks": 0,
                                                    "Workers": [
                                                      {
                                                        "Worker Number": 0,
                                                        "Actual Startup Time": 5918.977,
                                                        "Actual Total Time": 5918.982,
                                                        "Actual Rows": 0,
                                                        "Actual Loops": 1,
                                                        "Shared Hit Blocks": 28958,
                                                        "Shared Read Blocks": 15911,
                                                        "Shared Dirtied Blocks": 0,
                                                        "Shared Written Blocks": 0,
                                                        "Local Hit Blocks": 0,
                                                        "Local Read Blocks": 0,
                                                        "Local Dirtied Blocks": 0,
                                                        "Local Written Blocks": 0,
                                                        "Temp Read Blocks": 0,
                                                        "Temp Written Blocks": 0
                                                      }
                                                    ],
                                                    "Plans": [
                                                      {
                                                        "Node Type": "Nested Loop",
                                                        "Parent Relationship": "Outer",
                                                        "Parallel Aware": false,
                                                        "Async Capable": false,
                                                        "Join Type": "Inner",
                                                        "Startup Cost": 159.16,
                                                        "Total Cost": 140007.72,
                                                        "Plan Rows": 1,
                                                        "Plan Width": 24,
                                                        "Actual Startup Time": 4334.301,
                                                        "Actual Total Time": 4334.304,
                                                        "Actual Rows": 0,
                                                        "Actual Loops": 2,
                                                        "Output": [
                                                          "catalog_sales.cs_item_sk",
                                                          "catalog_sales.cs_ship_date_sk",
                                                          "catalog_sales.cs_quantity",
                                                          "catalog_sales.cs_promo_sk",
                                                          "d1.d_week_seq",
                                                          "d1.d_date"
                                                        ],
                                                        "Inner Unique": true,
                                                        "Shared Hit Blocks": 127045,
                                                        "Shared Read Blocks": 54138,
                                                        "Shared Dirtied Blocks": 0,
                                                        "Shared Written Blocks": 0,
                                                        "Local Hit Blocks": 0,
                                                        "Local Read Blocks": 0,
                                                        "Local Dirtied Blocks": 0,
                                                        "Local Written Blocks": 0,
                                                        "Temp Read Blocks": 0,
                                                        "Temp Written Blocks": 0,
                                                        "Workers": [
                                                          {
                                                            "Worker Number": 0,
                                                            "Actual Startup Time": 2694.855,
                                                            "Actual Total Time": 2694.859,
                                                            "Actual Rows": 0,
                                                            "Actual Loops": 1,
                                                            "Shared Hit Blocks": 28958,
                                                            "Shared Read Blocks": 15911,
                                                            "Shared Dirtied Blocks": 0,
                                                            "Shared Written Blocks": 0,
                                                            "Local Hit Blocks": 0,
                                                            "Local Read Blocks": 0,
                                                            "Local Dirtied Blocks": 0,
                                                            "Local Written Blocks": 0,
                                                            "Temp Read Blocks": 0,
                                                            "Temp Written Blocks": 0
                                                          }
                                                        ],
                                                        "Plans": [
                                                          {
                                                            "Node Type": "Hash Join",
                                                            "Parent Relationship": "Outer",
                                                            "Parallel Aware": false,
                                                            "Async Capable": false,
                                                            "Join Type": "Inner",
                                                            "Startup Cost": 158.73,
                                                            "Total Cost": 136094.38,
                                                            "Plan Rows": 825,
                                                            "Plan Width": 28,
                                                            "Actual Startup Time": 72.881,
                                                            "Actual Total Time": 2881.253,
                                                            "Actual Rows": 15384,
                                                            "Actual Loops": 2,
                                                            "Output": [
                                                              "catalog_sales.cs_item_sk",
                                                              "catalog_sales.cs_bill_cdemo_sk",
                                                              "catalog_sales.cs_ship_date_sk",
                                                              "catalog_sales.cs_quantity",
                                                              "catalog_sales.cs_promo_sk",
                                                              "d1.d_week_seq",
                                                              "d1.d_date"
                                                            ],
                                                            "Inner Unique": true,
                                                            "Hash Cond": "(catalog_sales.cs_bill_hdemo_sk = household_demographics.hd_demo_sk)",
                                                            "Shared Hit Blocks": 20521,
                                                            "Shared Read Blocks": 37661,
                                                            "Shared Dirtied Blocks": 0,
                                                            "Shared Written Blocks": 0,
                                                            "Local Hit Blocks": 0,
                                                            "Local Read Blocks": 0,
                                                            "Local Dirtied Blocks": 0,
                                                            "Local Written Blocks": 0,
                                                            "Temp Read Blocks": 0,
                                                            "Temp Written Blocks": 0,
                                                            "Workers": [
                                                              {
                                                                "Worker Number": 0,
                                                                "Actual Startup Time": 45.313,
                                                                "Actual Total Time": 1837.43,
                                                                "Actual Rows": 7492,
                                                                "Actual Loops": 1,
                                                                "Shared Hit Blocks": 3177,
                                                                "Shared Read Blocks": 11743,
                                                                "Shared Dirtied Blocks": 0,
                                                                "Shared Written Blocks": 0,
                                                                "Local Hit Blocks": 0,
                                                                "Local Read Blocks": 0,
                                                                "Local Dirtied Blocks": 0,
                                                                "Local Written Blocks": 0,
                                                                "Temp Read Blocks": 0,
                                                                "Temp Written Blocks": 0
                                                              }
                                                            ],
                                                            "Plans": [
                                                              {
                                                                "Node Type": "Nested Loop",
                                                                "Parent Relationship": "Outer",
                                                                "Parallel Aware": false,
                                                                "Async Capable": false,
                                                                "Join Type": "Inner",
                                                                "Startup Cost": 0.73,
                                                                "Total Cost": 135923.31,
                                                                "Plan Rows": 4974,
                                                                "Plan Width": 32,
                                                                "Actual Startup Time": 67.108,
                                                                "Actual Total Time": 2834.945,
                                                                "Actual Rows": 163368,
                                                                "Actual Loops": 2,
                                                                "Output": [
                                                                  "catalog_sales.cs_item_sk",
                                                                  "catalog_sales.cs_bill_cdemo_sk",
                                                                  "catalog_sales.cs_bill_hdemo_sk",
                                                                  "catalog_sales.cs_ship_date_sk",
                                                                  "catalog_sales.cs_quantity",
                                                                  "catalog_sales.cs_promo_sk",
                                                                  "d1.d_week_seq",
                                                                  "d1.d_date"
                                                                ],
                                                                "Inner Unique": false,
                                                                "Shared Hit Blocks": 20468,
                                                                "Shared Read Blocks": 37608,
                                                                "Shared Dirtied Blocks": 0,
                                                                "Shared Written Blocks": 0,
                                                                "Local Hit Blocks": 0,
                                                                "Local Read Blocks": 0,
                                                                "Local Dirtied Blocks": 0,
                                                                "Local Written Blocks": 0,
                                                                "Temp Read Blocks": 0,
                                                                "Temp Written Blocks": 0,
                                                                "Workers": [
                                                                  {
                                                                    "Worker Number": 0,
                                                                    "Actual Startup Time": 39.916,
                                                                    "Actual Total Time": 1808.969,
                                                                    "Actual Rows": 81427,
                                                                    "Actual Loops": 1,
                                                                    "Shared Hit Blocks": 3124,
                                                                    "Shared Read Blocks": 11743,
                                                                    "Shared Dirtied Blocks": 0,
                                                                    "Shared Written Blocks": 0,
                                                                    "Local Hit Blocks": 0,
                                                                    "Local Read Blocks": 0,
                                                                    "Local Dirtied Blocks": 0,
                                                                    "Local Written Blocks": 0,
                                                                    "Temp Read Blocks": 0,
                                                                    "Temp Written Blocks": 0
                                                                  }
                                                                ],
                                                                "Plans": [
                                                                  {
                                                                    "Node Type": "Index Scan",
                                                                    "Parent Relationship": "Outer",
                                                                    "Parallel Aware": true,
                                                                    "Async Capable": false,
                                                                    "Scan Direction": "Forward",
                                                                    "Index Name": "date_dim_pkey",
                                                                    "Relation Name": "date_dim",
                                                                    "Schema": "public",
                                                                    "Alias": "d1",
                                                                    "Startup Cost": 0.29,
                                                                    "Total Cost": 2981.0,
                                                                    "Plan Rows": 152,
                                                                    "Plan Width": 12,
                                                                    "Actual Startup Time": 66.697,
                                                                    "Actual Total Time": 121.09,
                                                                    "Actual Rows": 182,
                                                                    "Actual Loops": 2,
                                                                    "Output": [
                                                                      "d1.d_date_sk",
                                                                      "d1.d_date_id",
                                                                      "d1.d_date",
                                                                      "d1.d_month_seq",
                                                                      "d1.d_week_seq",
                                                                      "d1.d_quarter_seq",
                                                                      "d1.d_year",
                                                                      "d1.d_dow",
                                                                      "d1.d_moy",
                                                                      "d1.d_dom",
                                                                      "d1.d_qoy",
                                                                      "d1.d_fy_year",
                                                                      "d1.d_fy_quarter_seq",
                                                                      "d1.d_fy_week_seq",
                                                                      "d1.d_day_name",
                                                                      "d1.d_quarter_name",
                                                                      "d1.d_holiday",
                                                                      "d1.d_weekend",
                                                                      "d1.d_following_holiday",
                                                                      "d1.d_first_dom",
                                                                      "d1.d_last_dom",
                                                                      "d1.d_same_day_ly",
                                                                      "d1.d_same_day_lq",
                                                                      "d1.d_current_day",
                                                                      "d1.d_current_week",
                                                                      "d1.d_current_month",
                                                                      "d1.d_current_quarter",
                                                                      "d1.d_current_year"
                                                                    ],
                                                                    "Filter": "(d1.d_year = 1998)",
                                                                    "Rows Removed by Filter": 36342,
                                                                    "Shared Hit Blocks": 16,
                                                                    "Shared Read Blocks": 1602,
                                                                    "Shared Dirtied Blocks": 0,
                                                                    "Shared Written Blocks": 0,
                                                                    "Local Hit Blocks": 0,
                                                                    "Local Read Blocks": 0,
                                                                    "Local Dirtied Blocks": 0,
                                                                    "Local Written Blocks": 0,
                                                                    "Temp Read Blocks": 0,
                                                                    "Temp Written Blocks": 0,
                                                                    "Workers": [
                                                                      {
                                                                        "Worker Number": 0,
                                                                        "Actual Startup Time": 39.422,
                                                                        "Actual Total Time": 147.208,
                                                                        "Actual Rows": 75,
                                                                        "Actual Loops": 1,
                                                                        "Shared Hit Blocks": 10,
                                                                        "Shared Read Blocks": 854,
                                                                        "Shared Dirtied Blocks": 0,
                                                                        "Shared Written Blocks": 0,
                                                                        "Local Hit Blocks": 0,
                                                                        "Local Read Blocks": 0,
                                                                        "Local Dirtied Blocks": 0,
                                                                        "Local Written Blocks": 0,
                                                                        "Temp Read Blocks": 0,
                                                                        "Temp Written Blocks": 0
                                                                      }
                                                                    ]
                                                                  },
                                                                  {
                                                                    "Node Type": "Index Scan",
                                                                    "Parent Relationship": "Inner",
                                                                    "Parallel Aware": false,
                                                                    "Async Capable": false,
                                                                    "Scan Direction": "Forward",
                                                                    "Index Name": "_dta_index_catalog_sales_6_1301579675__k1_4",
                                                                    "Relation Name": "catalog_sales",
                                                                    "Schema": "public",
                                                                    "Alias": "catalog_sales",
                                                                    "Startup Cost": 0.43,
                                                                    "Total Cost": 863.34,
                                                                    "Plan Rows": 1128,
                                                                    "Plan Width": 32,
                                                                    "Actual Startup Time": 0.034,
                                                                    "Actual Total Time": 14.736,
                                                                    "Actual Rows": 895,
                                                                    "Actual Loops": 365,
                                                                    "Output": [
                                                                      "catalog_sales.cs_sold_date_sk",
                                                                      "catalog_sales.cs_sold_time_sk",
                                                                      "catalog_sales.cs_ship_date_sk",
                                                                      "catalog_sales.cs_bill_customer_sk",
                                                                      "catalog_sales.cs_bill_cdemo_sk",
                                                                      "catalog_sales.cs_bill_hdemo_sk",
                                                                      "catalog_sales.cs_bill_addr_sk",
                                                                      "catalog_sales.cs_ship_customer_sk",
                                                                      "catalog_sales.cs_ship_cdemo_sk",
                                                                      "catalog_sales.cs_ship_hdemo_sk",
                                                                      "catalog_sales.cs_ship_addr_sk",
                                                                      "catalog_sales.cs_call_center_sk",
                                                                      "catalog_sales.cs_catalog_page_sk",
                                                                      "catalog_sales.cs_ship_mode_sk",
                                                                      "catalog_sales.cs_warehouse_sk",
                                                                      "catalog_sales.cs_item_sk",
                                                                      "catalog_sales.cs_promo_sk",
                                                                      "catalog_sales.cs_order_number",
                                                                      "catalog_sales.cs_quantity",
                                                                      "catalog_sales.cs_wholesale_cost",
                                                                      "catalog_sales.cs_list_price",
                                                                      "catalog_sales.cs_sales_price",
                                                                      "catalog_sales.cs_ext_discount_amt",
                                                                      "catalog_sales.cs_ext_sales_price",
                                                                      "catalog_sales.cs_ext_wholesale_cost",
                                                                      "catalog_sales.cs_ext_list_price",
                                                                      "catalog_sales.cs_ext_tax",
                                                                      "catalog_sales.cs_coupon_amt",
                                                                      "catalog_sales.cs_ext_ship_cost",
                                                                      "catalog_sales.cs_net_paid",
                                                                      "catalog_sales.cs_net_paid_inc_tax",
                                                                      "catalog_sales.cs_net_paid_inc_ship",
                                                                      "catalog_sales.cs_net_paid_inc_ship_tax",
                                                                      "catalog_sales.cs_net_profit"
                                                                    ],
                                                                    "Index Cond": "(catalog_sales.cs_sold_date_sk = d1.d_date_sk)",
                                                                    "Rows Removed by Index Recheck": 0,
                                                                    "Filter": "((catalog_sales.cs_wholesale_cost >= '34'::numeric) AND (catalog_sales.cs_wholesale_cost <= '54'::numeric))",
                                                                    "Rows Removed by Filter": 4383,
                                                                    "Shared Hit Blocks": 20452,
                                                                    "Shared Read Blocks": 36006,
                                                                    "Shared Dirtied Blocks": 0,
                                                                    "Shared Written Blocks": 0,
                                                                    "Local Hit Blocks": 0,
                                                                    "Local Read Blocks": 0,
                                                                    "Local Dirtied Blocks": 0,
                                                                    "Local Written Blocks": 0,
                                                                    "Temp Read Blocks": 0,
                                                                    "Temp Written Blocks": 0,
                                                                    "Workers": [
                                                                      {
                                                                        "Worker Number": 0,
                                                                        "Actual Startup Time": 0.038,
                                                                        "Actual Total Time": 21.977,
                                                                        "Actual Rows": 1086,
                                                                        "Actual Loops": 75,
                                                                        "Shared Hit Blocks": 3114,
                                                                        "Shared Read Blocks": 10889,
                                                                        "Shared Dirtied Blocks": 0,
                                                                        "Shared Written Blocks": 0,
                                                                        "Local Hit Blocks": 0,
                                                                        "Local Read Blocks": 0,
                                                                        "Local Dirtied Blocks": 0,
                                                                        "Local Written Blocks": 0,
                                                                        "Temp Read Blocks": 0,
                                                                        "Temp Written Blocks": 0
                                                                      }
                                                                    ]
                                                                  }
                                                                ]
                                                              },
                                                              {
                                                                "Node Type": "Hash",
                                                                "Parent Relationship": "Inner",
                                                                "Parallel Aware": false,
                                                                "Async Capable": false,
                                                                "Startup Cost": 143.0,
                                                                "Total Cost": 143.0,
                                                                "Plan Rows": 1200,
                                                                "Plan Width": 4,
                                                                "Actual Startup Time": 5.587,
                                                                "Actual Total Time": 5.588,
                                                                "Actual Rows": 1200,
                                                                "Actual Loops": 2,
                                                                "Output": [
                                                                  "household_demographics.hd_demo_sk"
                                                                ],
                                                                "Hash Buckets": 2048,
                                                                "Original Hash Buckets": 2048,
                                                                "Hash Batches": 1,
                                                                "Original Hash Batches": 1,
                                                                "Peak Memory Usage": 59,
                                                                "Shared Hit Blocks": 53,
                                                                "Shared Read Blocks": 53,
                                                                "Shared Dirtied Blocks": 0,
                                                                "Shared Written Blocks": 0,
                                                                "Local Hit Blocks": 0,
                                                                "Local Read Blocks": 0,
                                                                "Local Dirtied Blocks": 0,
                                                                "Local Written Blocks": 0,
                                                                "Temp Read Blocks": 0,
                                                                "Temp Written Blocks": 0,
                                                                "Workers": [
                                                                  {
                                                                    "Worker Number": 0,
                                                                    "Actual Startup Time": 5.36,
                                                                    "Actual Total Time": 5.361,
                                                                    "Actual Rows": 1200,
                                                                    "Actual Loops": 1,
                                                                    "Shared Hit Blocks": 53,
                                                                    "Shared Read Blocks": 0,
                                                                    "Shared Dirtied Blocks": 0,
                                                                    "Shared Written Blocks": 0,
                                                                    "Local Hit Blocks": 0,
                                                                    "Local Read Blocks": 0,
                                                                    "Local Dirtied Blocks": 0,
                                                                    "Local Written Blocks": 0,
                                                                    "Temp Read Blocks": 0,
                                                                    "Temp Written Blocks": 0
                                                                  }
                                                                ],
                                                                "Plans": [
                                                                  {
                                                                    "Node Type": "Seq Scan",
                                                                    "Parent Relationship": "Outer",
                                                                    "Parallel Aware": false,
                                                                    "Async Capable": false,
                                                                    "Relation Name": "household_demographics",
                                                                    "Schema": "public",
                                                                    "Alias": "household_demographics",
                                                                    "Startup Cost": 0.0,
                                                                    "Total Cost": 143.0,
                                                                    "Plan Rows": 1200,
                                                                    "Plan Width": 4,
                                                                    "Actual Startup Time": 0.174,
                                                                    "Actual Total Time": 5.448,
                                                                    "Actual Rows": 1200,
                                                                    "Actual Loops": 2,
                                                                    "Output": [
                                                                      "household_demographics.hd_demo_sk"
                                                                    ],
                                                                    "Filter": "(household_demographics.hd_buy_potential = '501-1000'::bpchar)",
                                                                    "Rows Removed by Filter": 6000,
                                                                    "Shared Hit Blocks": 53,
                                                                    "Shared Read Blocks": 53,
                                                                    "Shared Dirtied Blocks": 0,
                                                                    "Shared Written Blocks": 0,
                                                                    "Local Hit Blocks": 0,
                                                                    "Local Read Blocks": 0,
                                                                    "Local Dirtied Blocks": 0,
                                                                    "Local Written Blocks": 0,
                                                                    "Temp Read Blocks": 0,
                                                                    "Temp Written Blocks": 0,
                                                                    "Workers": [
                                                                      {
                                                                        "Worker Number": 0,
                                                                        "Actual Startup Time": 0.231,
                                                                        "Actual Total Time": 5.22,
                                                                        "Actual Rows": 1200,
                                                                        "Actual Loops": 1,
                                                                        "Shared Hit Blocks": 53,
                                                                        "Shared Read Blocks": 0,
                                                                        "Shared Dirtied Blocks": 0,
                                                                        "Shared Written Blocks": 0,
                                                                        "Local Hit Blocks": 0,
                                                                        "Local Read Blocks": 0,
                                                                        "Local Dirtied Blocks": 0,
                                                                        "Local Written Blocks": 0,
                                                                        "Temp Read Blocks": 0,
                                                                        "Temp Written Blocks": 0
                                                                      }
                                                                    ]
                                                                  }
                                                                ]
                                                              }
                                                            ]
                                                          },
                                                          {
                                                            "Node Type": "Index Scan",
                                                            "Parent Relationship": "Inner",
                                                            "Parallel Aware": false,
                                                            "Async Capable": false,
                                                            "Scan Direction": "Forward",
                                                            "Index Name": "customer_demographics_pkey",
                                                            "Relation Name": "customer_demographics",
                                                            "Schema": "public",
                                                            "Alias": "customer_demographics",
                                                            "Startup Cost": 0.43,
                                                            "Total Cost": 4.74,
                                                            "Plan Rows": 1,
                                                            "Plan Width": 4,
                                                            "Actual Startup Time": 0.094,
                                                            "Actual Total Time": 0.094,
                                                            "Actual Rows": 0,
                                                            "Actual Loops": 30768,
                                                            "Output": [
                                                              "customer_demographics.cd_demo_sk",
                                                              "customer_demographics.cd_gender",
                                                              "customer_demographics.cd_marital_status",
                                                              "customer_demographics.cd_education_status",
                                                              "customer_demographics.cd_purchase_estimate",
                                                              "customer_demographics.cd_credit_rating",
                                                              "customer_demographics.cd_dep_count",
                                                              "customer_demographics.cd_dep_employed_count",
                                                              "customer_demographics.cd_dep_college_count"
                                                            ],
                                                            "Index Cond": "(customer_demographics.cd_demo_sk = catalog_sales.cs_bill_cdemo_sk)",
                                                            "Rows Removed by Index Recheck": 0,
                                                            "Filter": "((customer_demographics.cd_dep_count >= 9) AND (customer_demographics.cd_dep_count <= 11) AND (customer_demographics.cd_marital_status = 'M'::bpchar))",
                                                            "Rows Removed by Filter": 1,
                                                            "Shared Hit Blocks": 106524,
                                                            "Shared Read Blocks": 16477,
                                                            "Shared Dirtied Blocks": 0,
                                                            "Shared Written Blocks": 0,
                                                            "Local Hit Blocks": 0,
                                                            "Local Read Blocks": 0,
                                                            "Local Dirtied Blocks": 0,
                                                            "Local Written Blocks": 0,
                                                            "Temp Read Blocks": 0,
                                                            "Temp Written Blocks": 0,
                                                            "Workers": [
                                                              {
                                                                "Worker Number": 0,
                                                                "Actual Startup Time": 0.113,
                                                                "Actual Total Time": 0.113,
                                                                "Actual Rows": 0,
                                                                "Actual Loops": 7492,
                                                                "Shared Hit Blocks": 25781,
                                                                "Shared Read Blocks": 4168,
                                                                "Shared Dirtied Blocks": 0,
                                                                "Shared Written Blocks": 0,
                                                                "Local Hit Blocks": 0,
                                                                "Local Read Blocks": 0,
                                                                "Local Dirtied Blocks": 0,
                                                                "Local Written Blocks": 0,
                                                                "Temp Read Blocks": 0,
                                                                "Temp Written Blocks": 0
                                                              }
                                                            ]
                                                          }
                                                        ]
                                                      }
                                                    ]
                                                  }
                                                ]
                                              },
                                              {
                                                "Node Type": "Index Scan",
                                                "Parent Relationship": "Inner",
                                                "Parallel Aware": false,
                                                "Async Capable": false,
                                                "Scan Direction": "Forward",
                                                "Index Name": "inventory_pkey",
                                                "Relation Name": "inventory",
                                                "Schema": "public",
                                                "Alias": "inventory",
                                                "Startup Cost": 0.57,
                                                "Total Cost": 14.97,
                                                "Plan Rows": 2,
                                                "Plan Width": 16,
                                                "Actual Startup Time": 0.0,
                                                "Actual Total Time": 0.0,
                                                "Actual Rows": 0,
                                                "Actual Loops": 0,
                                                "Output": [
                                                  "inventory.inv_date_sk",
                                                  "inventory.inv_item_sk",
                                                  "inventory.inv_warehouse_sk",
                                                  "inventory.inv_quantity_on_hand"
                                                ],
                                                "Index Cond": "((inventory.inv_date_sk = d2.d_date_sk) AND (inventory.inv_item_sk = catalog_sales.cs_item_sk))",
                                                "Rows Removed by Index Recheck": 0,
                                                "Filter": "(inventory.inv_quantity_on_hand < catalog_sales.cs_quantity)",
                                                "Rows Removed by Filter": 0,
                                                "Shared Hit Blocks": 0,
                                                "Shared Read Blocks": 0,
                                                "Shared Dirtied Blocks": 0,
                                                "Shared Written Blocks": 0,
                                                "Local Hit Blocks": 0,
                                                "Local Read Blocks": 0,
                                                "Local Dirtied Blocks": 0,
                                                "Local Written Blocks": 0,
                                                "Temp Read Blocks": 0,
                                                "Temp Written Blocks": 0,
                                                "Workers": []
                                              }
                                            ]
                                          },
                                          {
                                            "Node Type": "Seq Scan",
                                            "Parent Relationship": "Inner",
                                            "Parallel Aware": false,
                                            "Async Capable": false,
                                            "Relation Name": "warehouse",
                                            "Schema": "public",
                                            "Alias": "warehouse",
                                            "Startup Cost": 0.0,
                                            "Total Cost": 1.1,
                                            "Plan Rows": 10,
                                            "Plan Width": 21,
                                            "Actual Startup Time": 0.0,
                                            "Actual Total Time": 0.0,
                                            "Actual Rows": 0,
                                            "Actual Loops": 0,
                                            "Output": [
                                              "warehouse.w_warehouse_sk",
                                              "warehouse.w_warehouse_id",
                                              "warehouse.w_warehouse_name",
                                              "warehouse.w_warehouse_sq_ft",
                                              "warehouse.w_street_number",
                                              "warehouse.w_street_name",
                                              "warehouse.w_street_type",
                                              "warehouse.w_suite_number",
                                              "warehouse.w_city",
                                              "warehouse.w_county",
                                              "warehouse.w_state",
                                              "warehouse.w_zip",
                                              "warehouse.w_country",
                                              "warehouse.w_gmt_offset"
                                            ],
                                            "Shared Hit Blocks": 0,
                                            "Shared Read Blocks": 0,
                                            "Shared Dirtied Blocks": 0,
                                            "Shared Written Blocks": 0,
                                            "Local Hit Blocks": 0,
                                            "Local Read Blocks": 0,
                                            "Local Dirtied Blocks": 0,
                                            "Local Written Blocks": 0,
                                            "Temp Read Blocks": 0,
                                            "Temp Written Blocks": 0,
                                            "Workers": []
                                          }
                                        ]
                                      },
                                      {
                                        "Node Type": "Index Scan",
                                        "Parent Relationship": "Inner",
                                        "Parallel Aware": false,
                                        "Async Capable": false,
                                        "Scan Direction": "Forward",
                                        "Index Name": "item_pkey",
                                        "Relation Name": "item",
                                        "Schema": "public",
                                        "Alias": "item",
                                        "Startup Cost": 0.29,
                                        "Total Cost": 4.57,
                                        "Plan Rows": 1,
                                        "Plan Width": 106,
                                        "Actual Startup Time": 0.0,
                                        "Actual Total Time": 0.0,
                                        "Actual Rows": 0,
                                        "Actual Loops": 0,
                                        "Output": [
                                          "item.i_item_sk",
                                          "item.i_item_id",
                                          "item.i_rec_start_date",
                                          "item.i_rec_end_date",
                                          "item.i_item_desc",
                                          "item.i_current_price",
                                          "item.i_wholesale_cost",
                                          "item.i_brand_id",
                                          "item.i_brand",
                                          "item.i_class_id",
                                          "item.i_class",
                                          "item.i_category_id",
                                          "item.i_category",
                                          "item.i_manufact_id",
                                          "item.i_manufact",
                                          "item.i_size",
                                          "item.i_formulation",
                                          "item.i_color",
                                          "item.i_units",
                                          "item.i_container",
                                          "item.i_manager_id",
                                          "item.i_product_name"
                                        ],
                                        "Index Cond": "(item.i_item_sk = catalog_sales.cs_item_sk)",
                                        "Rows Removed by Index Recheck": 0,
                                        "Filter": "(item.i_category = ANY ('{Home,Men,Music}'::bpchar[]))",
                                        "Rows Removed by Filter": 0,
                                        "Shared Hit Blocks": 0,
                                        "Shared Read Blocks": 0,
                                        "Shared Dirtied Blocks": 0,
                                        "Shared Written Blocks": 0,
                                        "Local Hit Blocks": 0,
                                        "Local Read Blocks": 0,
                                        "Local Dirtied Blocks": 0,
                                        "Local Written Blocks": 0,
                                        "Temp Read Blocks": 0,
                                        "Temp Written Blocks": 0,
                                        "Workers": []
                                      }
                                    ]
                                  }
                                ]
                              }
                            ]
                          },
                          {
                            "Node Type": "Index Scan",
                            "Parent Relationship": "Inner",
                            "Parallel Aware": false,
                            "Async Capable": false,
                            "Scan Direction": "Forward",
                            "Index Name": "date_dim_pkey",
                            "Relation Name": "date_dim",
                            "Schema": "public",
                            "Alias": "d3",
                            "Startup Cost": 0.29,
                            "Total Cost": 4.56,
                            "Plan Rows": 1,
                            "Plan Width": 8,
                            "Actual Startup Time": 0.0,
                            "Actual Total Time": 0.0,
                            "Actual Rows": 0,
                            "Actual Loops": 0,
                            "Output": [
                              "d3.d_date_sk",
                              "d3.d_date_id",
                              "d3.d_date",
                              "d3.d_month_seq",
                              "d3.d_week_seq",
                              "d3.d_quarter_seq",
                              "d3.d_year",
                              "d3.d_dow",
                              "d3.d_moy",
                              "d3.d_dom",
                              "d3.d_qoy",
                              "d3.d_fy_year",
                              "d3.d_fy_quarter_seq",
                              "d3.d_fy_week_seq",
                              "d3.d_day_name",
                              "d3.d_quarter_name",
                              "d3.d_holiday",
                              "d3.d_weekend",
                              "d3.d_following_holiday",
                              "d3.d_first_dom",
                              "d3.d_last_dom",
                              "d3.d_same_day_ly",
                              "d3.d_same_day_lq",
                              "d3.d_current_day",
                              "d3.d_current_week",
                              "d3.d_current_month",
                              "d3.d_current_quarter",
                              "d3.d_current_year"
                            ],
                            "Index Cond": "(d3.d_date_sk = catalog_sales.cs_ship_date_sk)",
                            "Rows Removed by Index Recheck": 0,
                            "Shared Hit Blocks": 0,
                            "Shared Read Blocks": 0,
                            "Shared Dirtied Blocks": 0,
                            "Shared Written Blocks": 0,
                            "Local Hit Blocks": 0,
                            "Local Read Blocks": 0,
                            "Local Dirtied Blocks": 0,
                            "Local Written Blocks": 0,
                            "Temp Read Blocks": 0,
                            "Temp Written Blocks": 0
                          }
                        ]
                      },
                      {
                        "Node Type": "Seq Scan",
                        "Parent Relationship": "Inner",
                        "Parallel Aware": false,
                        "Async Capable": false,
                        "Relation Name": "promotion",
                        "Schema": "public",
                        "Alias": "promotion",
                        "Startup Cost": 0.0,
                        "Total Cost": 18.0,
                        "Plan Rows": 500,
                        "Plan Width": 4,
                        "Actual Startup Time": 0.0,
                        "Actual Total Time": 0.0,
                        "Actual Rows": 0,
                        "Actual Loops": 0,
                        "Output": [
                          "promotion.p_promo_sk",
                          "promotion.p_promo_id",
                          "promotion.p_start_date_sk",
                          "promotion.p_end_date_sk",
                          "promotion.p_item_sk",
                          "promotion.p_cost",
                          "promotion.p_response_target",
                          "promotion.p_promo_name",
                          "promotion.p_channel_dmail",
                          "promotion.p_channel_email",
                          "promotion.p_channel_catalog",
                          "promotion.p_channel_tv",
                          "promotion.p_channel_radio",
                          "promotion.p_channel_press",
                          "promotion.p_channel_event",
                          "promotion.p_channel_demo",
                          "promotion.p_channel_details",
                          "promotion.p_purpose",
                          "promotion.p_discount_active"
                        ],
                        "Shared Hit Blocks": 0,
                        "Shared Read Blocks": 0,
                        "Shared Dirtied Blocks": 0,
                        "Shared Written Blocks": 0,
                        "Local Hit Blocks": 0,
                        "Local Read Blocks": 0,
                        "Local Dirtied Blocks": 0,
                        "Local Written Blocks": 0,
                        "Temp Read Blocks": 0,
                        "Temp Written Blocks": 0
                      }
                    ]
                  }
                ]
              }
            ]
          }
        ]
      },
      "Planning": {
        "Shared Hit Blocks": 48,
        "Shared Read Blocks": 71,
        "Shared Dirtied Blocks": 0,
        "Shared Written Blocks": 0,
        "Local Hit Blocks": 0,
        "Local Read Blocks": 0,
        "Local Dirtied Blocks": 0,
        "Local Written Blocks": 0,
        "Temp Read Blocks": 0,
        "Temp Written Blocks": 0
      },
      "Planning Time": 51.416,
      "Triggers": [],
      "JIT": {
        "Functions": 120,
        "Options": {
          "Inlining": false,
          "Optimization": false,
          "Expressions": true,
          "Deforming": true
        },
        "Timing": {
          "Generation": 8.84,
          "Inlining": 0.0,
          "Optimization": 11.674,
          "Emission": 61.225,
          "Total": 81.739
        }
      },
      "Execution Time": 6031.486
    }
  ],
  "original_sql": "select  i_item_desc\n      ,w_warehouse_name\n      ,d1.d_week_seq\n      ,sum(case when p_promo_sk is null then 1 else 0 end) no_promo\n      ,sum(case when p_promo_sk is not null then 1 else 0 end) promo\n      ,count(*) total_cnt\nfrom catalog_sales\njoin inventory on (cs_item_sk = inv_item_sk)\njoin warehouse on (w_warehouse_sk=inv_warehouse_sk)\njoin item on (i_item_sk = cs_item_sk)\njoin customer_demographics on (cs_bill_cdemo_sk = cd_demo_sk)\njoin household_demographics on (cs_bill_hdemo_sk = hd_demo_sk)\njoin date_dim d1 on (cs_sold_date_sk = d1.d_date_sk)\njoin date_dim d2 on (inv_date_sk = d2.d_date_sk)\njoin date_dim d3 on (cs_ship_date_sk = d3.d_date_sk)\nleft outer join promotion on (cs_promo_sk=p_promo_sk)\nleft outer join catalog_returns on (cr_item_sk = cs_item_sk and cr_order_number = cs_order_number)\nwhere d1.d_week_seq = d2.d_week_seq\n  and inv_quantity_on_hand < cs_quantity\n  and d3.d_date > d1.d_date + interval '3 day'\n  and hd_buy_potential = '501-1000'\n  and d1.d_year = 1998\n  and cd_marital_status = 'M'\n  and cd_dep_count between 9 and 11\n  and i_category IN ('Home', 'Men', 'Music')\n  and cs_wholesale_cost BETWEEN 34 AND 54\ngroup by i_item_desc,w_warehouse_name,d1.d_week_seq\norder by total_cnt desc, i_item_desc, w_warehouse_name, d_week_seq\nlimit 100"
}