{
  "query_id": "query084_spj_spj",
  "engine": "postgresql",
  "benchmark": "dsb",
  "scale_factor": 10,
  "execution_time_ms": 1675.892,
  "planning_time_ms": 0.797,
  "plan_json": [
    {
      "Plan": {
        "Node Type": "Aggregate",
        "Strategy": "Plain",
        "Partial Mode": "Finalize",
        "Parallel Aware": false,
        "Async Capable": false,
        "Startup Cost": 24425.02,
        "Total Cost": 24425.03,
        "Plan Rows": 1,
        "Plan Width": 40,
        "Actual Startup Time": 1670.852,
        "Actual Total Time": 1675.813,
        "Actual Rows": 1,
        "Actual Loops": 1,
        "Output": [
          "min(customer.c_customer_id)",
          "min(store_returns.sr_ticket_number)",
          "min(store_returns.sr_item_sk)"
        ],
        "Shared Hit Blocks": 4195,
        "Shared Read Blocks": 19329,
        "Shared Dirtied Blocks": 0,
        "Shared Written Blocks": 0,
        "Local Hit Blocks": 0,
        "Local Read Blocks": 0,
        "Local Dirtied Blocks": 0,
        "Local Written Blocks": 0,
        "Temp Read Blocks": 0,
        "Temp Written Blocks": 0,
        "Plans": [
          {
            "Node Type": "Gather",
            "Parent Relationship": "Outer",
            "Parallel Aware": false,
            "Async Capable": false,
            "Startup Cost": 24424.8,
            "Total Cost": 24425.01,
            "Plan Rows": 2,
            "Plan Width": 40,
            "Actual Startup Time": 1670.728,
            "Actual Total Time": 1675.8,
            "Actual Rows": 3,
            "Actual Loops": 1,
            "Output": [
              "(PARTIAL min(customer.c_customer_id))",
              "(PARTIAL min(store_returns.sr_ticket_number))",
              "(PARTIAL min(store_returns.sr_item_sk))"
            ],
            "Workers Planned": 2,
            "Workers Launched": 2,
            "Single Copy": false,
            "Shared Hit Blocks": 4195,
            "Shared Read Blocks": 19329,
            "Shared Dirtied Blocks": 0,
            "Shared Written Blocks": 0,
            "Local Hit Blocks": 0,
            "Local Read Blocks": 0,
            "Local Dirtied Blocks": 0,
            "Local Written Blocks": 0,
            "Temp Read Blocks": 0,
            "Temp Written Blocks": 0,
            "Plans": [
              {
                "Node Type": "Aggregate",
                "Strategy": "Plain",
                "Partial Mode": "Partial",
                "Parent Relationship": "Outer",
                "Parallel Aware": false,
                "Async Capable": false,
                "Startup Cost": 23424.8,
                "Total Cost": 23424.81,
                "Plan Rows": 1,
                "Plan Width": 40,
                "Actual Startup Time": 1647.742,
                "Actual Total Time": 1647.747,
                "Actual Rows": 1,
                "Actual Loops": 3,
                "Output": [
                  "PARTIAL min(customer.c_customer_id)",
                  "PARTIAL min(store_returns.sr_ticket_number)",
                  "PARTIAL min(store_returns.sr_item_sk)"
                ],
                "Shared Hit Blocks": 4195,
                "Shared Read Blocks": 19329,
                "Shared Dirtied Blocks": 0,
                "Shared Written Blocks": 0,
                "Local Hit Blocks": 0,
                "Local Read Blocks": 0,
                "Local Dirtied Blocks": 0,
                "Local Written Blocks": 0,
                "Temp Read Blocks": 0,
                "Temp Written Blocks": 0,
                "Workers": [
                  {
                    "Worker Number": 0,
                    "Actual Startup Time": 1636.365,
                    "Actual Total Time": 1636.369,
                    "Actual Rows": 1,
                    "Actual Loops": 1,
                    "Shared Hit Blocks": 1385,
                    "Shared Read Blocks": 6362,
                    "Shared Dirtied Blocks": 0,
                    "Shared Written Blocks": 0,
                    "Local Hit Blocks": 0,
                    "Local Read Blocks": 0,
                    "Local Dirtied Blocks": 0,
                    "Local Written Blocks": 0,
                    "Temp Read Blocks": 0,
                    "Temp Written Blocks": 0
                  },
                  {
                    "Worker Number": 1,
                    "Actual Startup Time": 1636.365,
                    "Actual Total Time": 1636.369,
                    "Actual Rows": 1,
                    "Actual Loops": 1,
                    "Shared Hit Blocks": 1347,
                    "Shared Read Blocks": 6385,
                    "Shared Dirtied Blocks": 0,
                    "Shared Written Blocks": 0,
                    "Local Hit Blocks": 0,
                    "Local Read Blocks": 0,
                    "Local Dirtied Blocks": 0,
                    "Local Written Blocks": 0,
                    "Temp Read Blocks": 0,
                    "Temp Written Blocks": 0
                  }
                ],
                "Plans": [
                  {
                    "Node Type": "Nested Loop",
                    "Parent Relationship": "Outer",
                    "Parallel Aware": false,
                    "Async Capable": false,
                    "Join Type": "Inner",
                    "Startup Cost": 6729.74,
                    "Total Cost": 23423.0,
                    "Plan Rows": 240,
                    "Plan Width": 25,
                    "Actual Startup Time": 711.987,
                    "Actual Total Time": 1647.478,
                    "Actual Rows": 244,
                    "Actual Loops": 3,
                    "Output": [
                      "customer.c_customer_id",
                      "store_returns.sr_ticket_number",
                      "store_returns.sr_item_sk"
                    ],
                    "Inner Unique": false,
                    "Shared Hit Blocks": 4195,
                    "Shared Read Blocks": 19329,
                    "Shared Dirtied Blocks": 0,
                    "Shared Written Blocks": 0,
                    "Local Hit Blocks": 0,
                    "Local Read Blocks": 0,
                    "Local Dirtied Blocks": 0,
                    "Local Written Blocks": 0,
                    "Temp Read Blocks": 0,
                    "Temp Written Blocks": 0,
                    "Workers": [
                      {
                        "Worker Number": 0,
                        "Actual Startup Time": 698.633,
                        "Actual Total Time": 1636.173,
                        "Actual Rows": 264,
                        "Actual Loops": 1,
                        "Shared Hit Blocks": 1385,
                        "Shared Read Blocks": 6362,
                        "Shared Dirtied Blocks": 0,
                        "Shared Written Blocks": 0,
                        "Local Hit Blocks": 0,
                        "Local Read Blocks": 0,
                        "Local Dirtied Blocks": 0,
                        "Local Written Blocks": 0,
                        "Temp Read Blocks": 0,
                        "Temp Written Blocks": 0
                      },
                      {
                        "Worker Number": 1,
                        "Actual Startup Time": 696.701,
                        "Actual Total Time": 1636.053,
                        "Actual Rows": 199,
                        "Actual Loops": 1,
                        "Shared Hit Blocks": 1347,
                        "Shared Read Blocks": 6385,
                        "Shared Dirtied Blocks": 0,
                        "Shared Written Blocks": 0,
                        "Local Hit Blocks": 0,
                        "Local Read Blocks": 0,
                        "Local Dirtied Blocks": 0,
                        "Local Written Blocks": 0,
                        "Temp Read Blocks": 0,
                        "Temp Written Blocks": 0
                      }
                    ],
                    "Plans": [
                      {
                        "Node Type": "Nested Loop",
                        "Parent Relationship": "Outer",
                        "Parallel Aware": false,
                        "Async Capable": false,
                        "Join Type": "Inner",
                        "Startup Cost": 6729.31,
                        "Total Cost": 23326.01,
                        "Plan Rows": 66,
                        "Plan Width": 25,
                        "Actual Startup Time": 707.448,
                        "Actual Total Time": 1626.946,
                        "Actual Rows": 59,
                        "Actual Loops": 3,
                        "Output": [
                          "customer.c_customer_id",
                          "customer.c_current_cdemo_sk",
                          "customer_demographics.cd_demo_sk"
                        ],
                        "Inner Unique": true,
                        "Shared Hit Blocks": 2904,
                        "Shared Read Blocks": 19138,
                        "Shared Dirtied Blocks": 0,
                        "Shared Written Blocks": 0,
                        "Local Hit Blocks": 0,
                        "Local Read Blocks": 0,
                        "Local Dirtied Blocks": 0,
                        "Local Written Blocks": 0,
                        "Temp Read Blocks": 0,
                        "Temp Written Blocks": 0,
                        "Workers": [
                          {
                            "Worker Number": 0,
                            "Actual Startup Time": 697.688,
                            "Actual Total Time": 1621.195,
                            "Actual Rows": 56,
                            "Actual Loops": 1,
                            "Shared Hit Blocks": 908,
                            "Shared Read Blocks": 6336,
                            "Shared Dirtied Blocks": 0,
                            "Shared Written Blocks": 0,
                            "Local Hit Blocks": 0,
                            "Local Read Blocks": 0,
                            "Local Dirtied Blocks": 0,
                            "Local Written Blocks": 0,
                            "Temp Read Blocks": 0,
                            "Temp Written Blocks": 0
                          },
                          {
                            "Worker Number": 1,
                            "Actual Startup Time": 696.363,
                            "Actual Total Time": 1608.076,
                            "Actual Rows": 56,
                            "Actual Loops": 1,
                            "Shared Hit Blocks": 1016,
                            "Shared Read Blocks": 6283,
                            "Shared Dirtied Blocks": 0,
                            "Shared Written Blocks": 0,
                            "Local Hit Blocks": 0,
                            "Local Read Blocks": 0,
                            "Local Dirtied Blocks": 0,
                            "Local Written Blocks": 0,
                            "Temp Read Blocks": 0,
                            "Temp Written Blocks": 0
                          }
                        ],
                        "Plans": [
                          {
                            "Node Type": "Hash Join",
                            "Parent Relationship": "Outer",
                            "Parallel Aware": false,
                            "Async Capable": false,
                            "Join Type": "Inner",
                            "Startup Cost": 6728.88,
                            "Total Cost": 23292.87,
                            "Plan Rows": 68,
                            "Plan Width": 21,
                            "Actual Startup Time": 707.172,
                            "Actual Total Time": 1623.801,
                            "Actual Rows": 60,
                            "Actual Loops": 3,
                            "Output": [
                              "customer.c_customer_id",
                              "customer.c_current_cdemo_sk"
                            ],
                            "Inner Unique": true,
                            "Hash Cond": "(household_demographics.hd_income_band_sk = income_band.ib_income_band_sk)",
                            "Shared Hit Blocks": 2397,
                            "Shared Read Blocks": 19112,
                            "Shared Dirtied Blocks": 0,
                            "Shared Written Blocks": 0,
                            "Local Hit Blocks": 0,
                            "Local Read Blocks": 0,
                            "Local Dirtied Blocks": 0,
                            "Local Written Blocks": 0,
                            "Temp Read Blocks": 0,
                            "Temp Written Blocks": 0,
                            "Workers": [
                              {
                                "Worker Number": 0,
                                "Actual Startup Time": 697.349,
                                "Actual Total Time": 1618.081,
                                "Actual Rows": 58,
                                "Actual Loops": 1,
                                "Shared Hit Blocks": 746,
                                "Shared Read Blocks": 6328,
                                "Shared Dirtied Blocks": 0,
                                "Shared Written Blocks": 0,
                                "Local Hit Blocks": 0,
                                "Local Read Blocks": 0,
                                "Local Dirtied Blocks": 0,
                                "Local Written Blocks": 0,
                                "Temp Read Blocks": 0,
                                "Temp Written Blocks": 0
                              },
                              {
                                "Worker Number": 1,
                                "Actual Startup Time": 695.885,
                                "Actual Total Time": 1604.219,
                                "Actual Rows": 57,
                                "Actual Loops": 1,
                                "Shared Hit Blocks": 856,
                                "Shared Read Blocks": 6273,
                                "Shared Dirtied Blocks": 0,
                                "Shared Written Blocks": 0,
                                "Local Hit Blocks": 0,
                                "Local Read Blocks": 0,
                                "Local Dirtied Blocks": 0,
                                "Local Written Blocks": 0,
                                "Temp Read Blocks": 0,
                                "Temp Written Blocks": 0
                              }
                            ],
                            "Plans": [
                              {
                                "Node Type": "Nested Loop",
                                "Parent Relationship": "Outer",
                                "Parallel Aware": false,
                                "Async Capable": false,
                                "Join Type": "Inner",
                                "Startup Cost": 6727.48,
                                "Total Cost": 23290.92,
                                "Plan Rows": 171,
                                "Plan Width": 25,
                                "Actual Startup Time": 706.872,
                                "Actual Total Time": 1623.227,
                                "Actual Rows": 237,
                                "Actual Loops": 3,
                                "Output": [
                                  "customer.c_customer_id",
                                  "customer.c_current_cdemo_sk",
                                  "household_demographics.hd_income_band_sk"
                                ],
                                "Inner Unique": true,
                                "Shared Hit Blocks": 2330,
                                "Shared Read Blocks": 19112,
                                "Shared Dirtied Blocks": 0,
                                "Shared Written Blocks": 0,
                                "Local Hit Blocks": 0,
                                "Local Read Blocks": 0,
                                "Local Dirtied Blocks": 0,
                                "Local Written Blocks": 0,
                                "Temp Read Blocks": 0,
                                "Temp Written Blocks": 0,
                                "Workers": [
                                  {
                                    "Worker Number": 0,
                                    "Actual Startup Time": 696.895,
                                    "Actual Total Time": 1617.337,
                                    "Actual Rows": 222,
                                    "Actual Loops": 1,
                                    "Shared Hit Blocks": 713,
                                    "Shared Read Blocks": 6328,
                                    "Shared Dirtied Blocks": 0,
                                    "Shared Written Blocks": 0,
                                    "Local Hit Blocks": 0,
                                    "Local Read Blocks": 0,
                                    "Local Dirtied Blocks": 0,
                                    "Local Written Blocks": 0,
                                    "Temp Read Blocks": 0,
                                    "Temp Written Blocks": 0
                                  },
                                  {
                                    "Worker Number": 1,
                                    "Actual Startup Time": 695.459,
                                    "Actual Total Time": 1603.563,
                                    "Actual Rows": 254,
                                    "Actual Loops": 1,
                                    "Shared Hit Blocks": 823,
                                    "Shared Read Blocks": 6273,
                                    "Shared Dirtied Blocks": 0,
                                    "Shared Written Blocks": 0,
                                    "Local Hit Blocks": 0,
                                    "Local Read Blocks": 0,
                                    "Local Dirtied Blocks": 0,
                                    "Local Written Blocks": 0,
                                    "Temp Read Blocks": 0,
                                    "Temp Written Blocks": 0
                                  }
                                ],
                                "Plans": [
                                  {
                                    "Node Type": "Hash Join",
                                    "Parent Relationship": "Outer",
                                    "Parallel Aware": true,
                                    "Async Capable": false,
                                    "Join Type": "Inner",
                                    "Startup Cost": 6727.2,
                                    "Total Cost": 23237.41,
                                    "Plan Rows": 178,
                                    "Plan Width": 25,
                                    "Actual Startup Time": 706.837,
                                    "Actual Total Time": 1620.281,
                                    "Actual Rows": 245,
                                    "Actual Loops": 3,
                                    "Output": [
                                      "customer.c_customer_id",
                                      "customer.c_current_cdemo_sk",
                                      "customer.c_current_hdemo_sk"
                                    ],
                                    "Inner Unique": true,
                                    "Hash Cond": "(customer.c_current_addr_sk = customer_address.ca_address_sk)",
                                    "Shared Hit Blocks": 192,
                                    "Shared Read Blocks": 19112,
                                    "Shared Dirtied Blocks": 0,
                                    "Shared Written Blocks": 0,
                                    "Local Hit Blocks": 0,
                                    "Local Read Blocks": 0,
                                    "Local Dirtied Blocks": 0,
                                    "Local Written Blocks": 0,
                                    "Temp Read Blocks": 0,
                                    "Temp Written Blocks": 0,
                                    "Workers": [
                                      {
                                        "Worker Number": 0,
                                        "Actual Startup Time": 696.86,
                                        "Actual Total Time": 1614.526,
                                        "Actual Rows": 227,
                                        "Actual Loops": 1,
                                        "Shared Hit Blocks": 46,
                                        "Shared Read Blocks": 6328,
                                        "Shared Dirtied Blocks": 0,
                                        "Shared Written Blocks": 0,
                                        "Local Hit Blocks": 0,
                                        "Local Read Blocks": 0,
                                        "Local Dirtied Blocks": 0,
                                        "Local Written Blocks": 0,
                                        "Temp Read Blocks": 0,
                                        "Temp Written Blocks": 0
                                      },
                                      {
                                        "Worker Number": 1,
                                        "Actual Startup Time": 695.416,
                                        "Actual Total Time": 1600.407,
                                        "Actual Rows": 259,
                                        "Actual Loops": 1,
                                        "Shared Hit Blocks": 60,
                                        "Shared Read Blocks": 6273,
                                        "Shared Dirtied Blocks": 0,
                                        "Shared Written Blocks": 0,
                                        "Local Hit Blocks": 0,
                                        "Local Read Blocks": 0,
                                        "Local Dirtied Blocks": 0,
                                        "Local Written Blocks": 0,
                                        "Temp Read Blocks": 0,
                                        "Temp Written Blocks": 0
                                      }
                                    ],
                                    "Plans": [
                                      {
                                        "Node Type": "Seq Scan",
                                        "Parent Relationship": "Outer",
                                        "Parallel Aware": true,
                                        "Async Capable": false,
                                        "Relation Name": "customer",
                                        "Schema": "public",
                                        "Alias": "customer",
                                        "Startup Cost": 0.0,
                                        "Total Cost": 15963.33,
                                        "Plan Rows": 208333,
                                        "Plan Width": 29,
                                        "Actual Startup Time": 0.404,
                                        "Actual Total Time": 892.644,
                                        "Actual Rows": 166667,
                                        "Actual Loops": 3,
                                        "Output": [
                                          "customer.c_customer_sk",
                                          "customer.c_customer_id",
                                          "customer.c_current_cdemo_sk",
                                          "customer.c_current_hdemo_sk",
                                          "customer.c_current_addr_sk",
                                          "customer.c_first_shipto_date_sk",
                                          "customer.c_first_sales_date_sk",
                                          "customer.c_salutation",
                                          "customer.c_first_name",
                                          "customer.c_last_name",
                                          "customer.c_preferred_cust_flag",
                                          "customer.c_birth_day",
                                          "customer.c_birth_month",
                                          "customer.c_birth_year",
                                          "customer.c_birth_country",
                                          "customer.c_login",
                                          "customer.c_email_address",
                                          "customer.c_last_review_date_sk"
                                        ],
                                        "Shared Hit Blocks": 96,
                                        "Shared Read Blocks": 13784,
                                        "Shared Dirtied Blocks": 0,
                                        "Shared Written Blocks": 0,
                                        "Local Hit Blocks": 0,
                                        "Local Read Blocks": 0,
                                        "Local Dirtied Blocks": 0,
                                        "Local Written Blocks": 0,
                                        "Temp Read Blocks": 0,
                                        "Temp Written Blocks": 0,
                                        "Workers": [
                                          {
                                            "Worker Number": 0,
                                            "Actual Startup Time": 0.507,
                                            "Actual Total Time": 898.345,
                                            "Actual Rows": 167208,
                                            "Actual Loops": 1,
                                            "Shared Hit Blocks": 15,
                                            "Shared Read Blocks": 4621,
                                            "Shared Dirtied Blocks": 0,
                                            "Shared Written Blocks": 0,
                                            "Local Hit Blocks": 0,
                                            "Local Read Blocks": 0,
                                            "Local Dirtied Blocks": 0,
                                            "Local Written Blocks": 0,
                                            "Temp Read Blocks": 0,
                                            "Temp Written Blocks": 0
                                          },
                                          {
                                            "Worker Number": 1,
                                            "Actual Startup Time": 0.522,
                                            "Actual Total Time": 884.631,
                                            "Actual Rows": 165336,
                                            "Actual Loops": 1,
                                            "Shared Hit Blocks": 30,
                                            "Shared Read Blocks": 4561,
                                            "Shared Dirtied Blocks": 0,
                                            "Shared Written Blocks": 0,
                                            "Local Hit Blocks": 0,
                                            "Local Read Blocks": 0,
                                            "Local Dirtied Blocks": 0,
                                            "Local Written Blocks": 0,
                                            "Temp Read Blocks": 0,
                                            "Temp Written Blocks": 0
                                          }
                                        ]
                                      },
                                      {
                                        "Node Type": "Hash",
                                        "Parent Relationship": "Inner",
                                        "Parallel Aware": true,
                                        "Async Capable": false,
                                        "Startup Cost": 6726.08,
                                        "Total Cost": 6726.08,
                                        "Plan Rows": 89,
                                        "Plan Width": 4,
                                        "Actual Startup Time": 704.909,
                                        "Actual Total Time": 704.91,
                                        "Actual Rows": 124,
                                        "Actual Loops": 3,
                                        "Output": [
                                          "customer_address.ca_address_sk"
                                        ],
                                        "Hash Buckets": 1024,
                                        "Original Hash Buckets": 1024,
                                        "Hash Batches": 1,
                                        "Original Hash Batches": 1,
                                        "Peak Memory Usage": 104,
                                        "Shared Hit Blocks": 96,
                                        "Shared Read Blocks": 5328,
                                        "Shared Dirtied Blocks": 0,
                                        "Shared Written Blocks": 0,
                                        "Local Hit Blocks": 0,
                                        "Local Read Blocks": 0,
                                        "Local Dirtied Blocks": 0,
                                        "Local Written Blocks": 0,
                                        "Temp Read Blocks": 0,
                                        "Temp Written Blocks": 0,
                                        "Workers": [
                                          {
                                            "Worker Number": 0,
                                            "Actual Startup Time": 693.43,
                                            "Actual Total Time": 693.431,
                                            "Actual Rows": 124,
                                            "Actual Loops": 1,
                                            "Shared Hit Blocks": 31,
                                            "Shared Read Blocks": 1707,
                                            "Shared Dirtied Blocks": 0,
                                            "Shared Written Blocks": 0,
                                            "Local Hit Blocks": 0,
                                            "Local Read Blocks": 0,
                                            "Local Dirtied Blocks": 0,
                                            "Local Written Blocks": 0,
                                            "Temp Read Blocks": 0,
                                            "Temp Written Blocks": 0
                                          },
                                          {
                                            "Worker Number": 1,
                                            "Actual Startup Time": 693.445,
                                            "Actual Total Time": 693.445,
                                            "Actual Rows": 121,
                                            "Actual Loops": 1,
                                            "Shared Hit Blocks": 30,
                                            "Shared Read Blocks": 1712,
                                            "Shared Dirtied Blocks": 0,
                                            "Shared Written Blocks": 0,
                                            "Local Hit Blocks": 0,
                                            "Local Read Blocks": 0,
                                            "Local Dirtied Blocks": 0,
                                            "Local Written Blocks": 0,
                                            "Temp Read Blocks": 0,
                                            "Temp Written Blocks": 0
                                          }
                                        ],
                                        "Plans": [
                                          {
                                            "Node Type": "Seq Scan",
                                            "Parent Relationship": "Outer",
                                            "Parallel Aware": true,
                                            "Async Capable": false,
                                            "Relation Name": "customer_address",
                                            "Schema": "public",
                                            "Alias": "customer_address",
                                            "Startup Cost": 0.0,
                                            "Total Cost": 6726.08,
                                            "Plan Rows": 89,
                                            "Plan Width": 4,
                                            "Actual Startup Time": 4.093,
                                            "Actual Total Time": 704.467,
                                            "Actual Rows": 124,
                                            "Actual Loops": 3,
                                            "Output": [
                                              "customer_address.ca_address_sk"
                                            ],
                                            "Filter": "((customer_address.ca_city)::text = 'Lakeview'::text)",
                                            "Rows Removed by Filter": 83209,
                                            "Shared Hit Blocks": 96,
                                            "Shared Read Blocks": 5328,
                                            "Shared Dirtied Blocks": 0,
                                            "Shared Written Blocks": 0,
                                            "Local Hit Blocks": 0,
                                            "Local Read Blocks": 0,
                                            "Local Dirtied Blocks": 0,
                                            "Local Written Blocks": 0,
                                            "Temp Read Blocks": 0,
                                            "Temp Written Blocks": 0,
                                            "Workers": [
                                              {
                                                "Worker Number": 0,
                                                "Actual Startup Time": 1.307,
                                                "Actual Total Time": 692.998,
                                                "Actual Rows": 124,
                                                "Actual Loops": 1,
                                                "Shared Hit Blocks": 31,
                                                "Shared Read Blocks": 1707,
                                                "Shared Dirtied Blocks": 0,
                                                "Shared Written Blocks": 0,
                                                "Local Hit Blocks": 0,
                                                "Local Read Blocks": 0,
                                                "Local Dirtied Blocks": 0,
                                                "Local Written Blocks": 0,
                                                "Temp Read Blocks": 0,
                                                "Temp Written Blocks": 0
                                              },
                                              {
                                                "Worker Number": 1,
                                                "Actual Startup Time": 5.468,
                                                "Actual Total Time": 693.04,
                                                "Actual Rows": 121,
                                                "Actual Loops": 1,
                                                "Shared Hit Blocks": 30,
                                                "Shared Read Blocks": 1712,
                                                "Shared Dirtied Blocks": 0,
                                                "Shared Written Blocks": 0,
                                                "Local Hit Blocks": 0,
                                                "Local Read Blocks": 0,
                                                "Local Dirtied Blocks": 0,
                                                "Local Written Blocks": 0,
                                                "Temp Read Blocks": 0,
                                                "Temp Written Blocks": 0
                                              }
                                            ]
                                          }
                                        ]
                                      }
                                    ]
                                  },
                                  {
                                    "Node Type": "Index Scan",
                                    "Parent Relationship": "Inner",
                                    "Parallel Aware": false,
                                    "Async Capable": false,
                                    "Scan Direction": "Forward",
                                    "Index Name": "household_demographics_pkey",
                                    "Relation Name": "household_demographics",
                                    "Schema": "public",
                                    "Alias": "household_demographics",
                                    "Startup Cost": 0.28,
                                    "Total Cost": 0.3,
                                    "Plan Rows": 1,
                                    "Plan Width": 8,
                                    "Actual Startup Time": 0.008,
                                    "Actual Total Time": 0.008,
                                    "Actual Rows": 1,
                                    "Actual Loops": 734,
                                    "Output": [
                                      "household_demographics.hd_demo_sk",
                                      "household_demographics.hd_income_band_sk",
                                      "household_demographics.hd_buy_potential",
                                      "household_demographics.hd_dep_count",
                                      "household_demographics.hd_vehicle_count"
                                    ],
                                    "Index Cond": "(household_demographics.hd_demo_sk = customer.c_current_hdemo_sk)",
                                    "Rows Removed by Index Recheck": 0,
                                    "Shared Hit Blocks": 2138,
                                    "Shared Read Blocks": 0,
                                    "Shared Dirtied Blocks": 0,
                                    "Shared Written Blocks": 0,
                                    "Local Hit Blocks": 0,
                                    "Local Read Blocks": 0,
                                    "Local Dirtied Blocks": 0,
                                    "Local Written Blocks": 0,
                                    "Temp Read Blocks": 0,
                                    "Temp Written Blocks": 0,
                                    "Workers": [
                                      {
                                        "Worker Number": 0,
                                        "Actual Startup Time": 0.008,
                                        "Actual Total Time": 0.008,
                                        "Actual Rows": 1,
                                        "Actual Loops": 227,
                                        "Shared Hit Blocks": 667,
                                        "Shared Read Blocks": 0,
                                        "Shared Dirtied Blocks": 0,
                                        "Shared Written Blocks": 0,
                                        "Local Hit Blocks": 0,
                                        "Local Read Blocks": 0,
                                        "Local Dirtied Blocks": 0,
                                        "Local Written Blocks": 0,
                                        "Temp Read Blocks": 0,
                                        "Temp Written Blocks": 0
                                      },
                                      {
                                        "Worker Number": 1,
                                        "Actual Startup Time": 0.008,
                                        "Actual Total Time": 0.008,
                                        "Actual Rows": 1,
                                        "Actual Loops": 259,
                                        "Shared Hit Blocks": 763,
                                        "Shared Read Blocks": 0,
                                        "Shared Dirtied Blocks": 0,
                                        "Shared Written Blocks": 0,
                                        "Local Hit Blocks": 0,
                                        "Local Read Blocks": 0,
                                        "Local Dirtied Blocks": 0,
                                        "Local Written Blocks": 0,
                                        "Temp Read Blocks": 0,
                                        "Temp Written Blocks": 0
                                      }
                                    ]
                                  }
                                ]
                              },
                              {
                                "Node Type": "Hash",
                                "Parent Relationship": "Inner",
                                "Parallel Aware": false,
                                "Async Capable": false,
                                "Startup Cost": 1.3,
                                "Total Cost": 1.3,
                                "Plan Rows": 8,
                                "Plan Width": 4,
                                "Actual Startup Time": 0.258,
                                "Actual Total Time": 0.258,
                                "Actual Rows": 5,
                                "Actual Loops": 3,
                                "Output": [
                                  "income_band.ib_income_band_sk"
                                ],
                                "Hash Buckets": 1024,
                                "Original Hash Buckets": 1024,
                                "Hash Batches": 1,
                                "Original Hash Batches": 1,
                                "Peak Memory Usage": 9,
                                "Shared Hit Blocks": 3,
                                "Shared Read Blocks": 0,
                                "Shared Dirtied Blocks": 0,
                                "Shared Written Blocks": 0,
                                "Local Hit Blocks": 0,
                                "Local Read Blocks": 0,
                                "Local Dirtied Blocks": 0,
                                "Local Written Blocks": 0,
                                "Temp Read Blocks": 0,
                                "Temp Written Blocks": 0,
                                "Workers": [
                                  {
                                    "Worker Number": 0,
                                    "Actual Startup Time": 0.392,
                                    "Actual Total Time": 0.393,
                                    "Actual Rows": 5,
                                    "Actual Loops": 1,
                                    "Shared Hit Blocks": 1,
                                    "Shared Read Blocks": 0,
                                    "Shared Dirtied Blocks": 0,
                                    "Shared Written Blocks": 0,
                                    "Local Hit Blocks": 0,
                                    "Local Read Blocks": 0,
                                    "Local Dirtied Blocks": 0,
                                    "Local Written Blocks": 0,
                                    "Temp Read Blocks": 0,
                                    "Temp Written Blocks": 0
                                  },
                                  {
                                    "Worker Number": 1,
                                    "Actual Startup Time": 0.369,
                                    "Actual Total Time": 0.369,
                                    "Actual Rows": 5,
                                    "Actual Loops": 1,
                                    "Shared Hit Blocks": 1,
                                    "Shared Read Blocks": 0,
                                    "Shared Dirtied Blocks": 0,
                                    "Shared Written Blocks": 0,
                                    "Local Hit Blocks": 0,
                                    "Local Read Blocks": 0,
                                    "Local Dirtied Blocks": 0,
                                    "Local Written Blocks": 0,
                                    "Temp Read Blocks": 0,
                                    "Temp Written Blocks": 0
                                  }
                                ],
                                "Plans": [
                                  {
                                    "Node Type": "Seq Scan",
                                    "Parent Relationship": "Outer",
                                    "Parallel Aware": false,
                                    "Async Capable": false,
                                    "Relation Name": "income_band",
                                    "Schema": "public",
                                    "Alias": "income_band",
                                    "Startup Cost": 0.0,
                                    "Total Cost": 1.3,
                                    "Plan Rows": 8,
                                    "Plan Width": 4,
                                    "Actual Startup Time": 0.247,
                                    "Actual Total Time": 0.249,
                                    "Actual Rows": 5,
                                    "Actual Loops": 3,
                                    "Output": [
                                      "income_band.ib_income_band_sk"
                                    ],
                                    "Filter": "((income_band.ib_lower_bound >= 70000) AND (income_band.ib_upper_bound <= 120000))",
                                    "Rows Removed by Filter": 15,
                                    "Shared Hit Blocks": 3,
                                    "Shared Read Blocks": 0,
                                    "Shared Dirtied Blocks": 0,
                                    "Shared Written Blocks": 0,
                                    "Local Hit Blocks": 0,
                                    "Local Read Blocks": 0,
                                    "Local Dirtied Blocks": 0,
                                    "Local Written Blocks": 0,
                                    "Temp Read Blocks": 0,
                                    "Temp Written Blocks": 0,
                                    "Workers": [
                                      {
                                        "Worker Number": 0,
                                        "Actual Startup Time": 0.381,
                                        "Actual Total Time": 0.382,
                                        "Actual Rows": 5,
                                        "Actual Loops": 1,
                                        "Shared Hit Blocks": 1,
                                        "Shared Read Blocks": 0,
                                        "Shared Dirtied Blocks": 0,
                                        "Shared Written Blocks": 0,
                                        "Local Hit Blocks": 0,
                                        "Local Read Blocks": 0,
                                        "Local Dirtied Blocks": 0,
                                        "Local Written Blocks": 0,
                                        "Temp Read Blocks": 0,
                                        "Temp Written Blocks": 0
                                      },
                                      {
                                        "Worker Number": 1,
                                        "Actual Startup Time": 0.354,
                                        "Actual Total Time": 0.356,
                                        "Actual Rows": 5,
                                        "Actual Loops": 1,
                                        "Shared Hit Blocks": 1,
                                        "Shared Read Blocks": 0,
                                        "Shared Dirtied Blocks": 0,
                                        "Shared Written Blocks": 0,
                                        "Local Hit Blocks": 0,
                                        "Local Read Blocks": 0,
                                        "Local Dirtied Blocks": 0,
                                        "Local Written Blocks": 0,
                                        "Temp Read Blocks": 0,
                                        "Temp Written Blocks": 0
                                      }
                                    ]
                                  }
                                ]
                              }
                            ]
                          },
                          {
                            "Node Type": "Index Only Scan",
                            "Parent Relationship": "Inner",
                            "Parallel Aware": false,
                            "Async Capable": false,
                            "Scan Direction": "Forward",
                            "Index Name": "customer_demographics_pkey",
                            "Relation Name": "customer_demographics",
                            "Schema": "public",
                            "Alias": "customer_demographics",
                            "Startup Cost": 0.43,
                            "Total Cost": 0.49,
                            "Plan Rows": 1,
                            "Plan Width": 4,
                            "Actual Startup Time": 0.05,
                            "Actual Total Time": 0.05,
                            "Actual Rows": 1,
                            "Actual Loops": 180,
                            "Output": [
                              "customer_demographics.cd_demo_sk"
                            ],
                            "Index Cond": "(customer_demographics.cd_demo_sk = customer.c_current_cdemo_sk)",
                            "Rows Removed by Index Recheck": 0,
                            "Heap Fetches": 0,
                            "Shared Hit Blocks": 507,
                            "Shared Read Blocks": 26,
                            "Shared Dirtied Blocks": 0,
                            "Shared Written Blocks": 0,
                            "Local Hit Blocks": 0,
                            "Local Read Blocks": 0,
                            "Local Dirtied Blocks": 0,
                            "Local Written Blocks": 0,
                            "Temp Read Blocks": 0,
                            "Temp Written Blocks": 0,
                            "Workers": [
                              {
                                "Worker Number": 0,
                                "Actual Startup Time": 0.051,
                                "Actual Total Time": 0.051,
                                "Actual Rows": 1,
                                "Actual Loops": 58,
                                "Shared Hit Blocks": 162,
                                "Shared Read Blocks": 8,
                                "Shared Dirtied Blocks": 0,
                                "Shared Written Blocks": 0,
                                "Local Hit Blocks": 0,
                                "Local Read Blocks": 0,
                                "Local Dirtied Blocks": 0,
                                "Local Written Blocks": 0,
                                "Temp Read Blocks": 0,
                                "Temp Written Blocks": 0
                              },
                              {
                                "Worker Number": 1,
                                "Actual Startup Time": 0.065,
                                "Actual Total Time": 0.065,
                                "Actual Rows": 1,
                                "Actual Loops": 57,
                                "Shared Hit Blocks": 160,
                                "Shared Read Blocks": 10,
                                "Shared Dirtied Blocks": 0,
                                "Shared Written Blocks": 0,
                                "Local Hit Blocks": 0,
                                "Local Read Blocks": 0,
                                "Local Dirtied Blocks": 0,
                                "Local Written Blocks": 0,
                                "Temp Read Blocks": 0,
                                "Temp Written Blocks": 0
                              }
                            ]
                          }
                        ]
                      },
                      {
                        "Node Type": "Index Only Scan",
                        "Parent Relationship": "Inner",
                        "Parallel Aware": false,
                        "Async Capable": false,
                        "Scan Direction": "Forward",
                        "Index Name": "_dta_index_store_returns_6_1013578649__k5_1_3_10_11",
                        "Relation Name": "store_returns",
                        "Schema": "public",
                        "Alias": "store_returns",
                        "Startup Cost": 0.43,
                        "Total Cost": 1.21,
                        "Plan Rows": 26,
                        "Plan Width": 12,
                        "Actual Startup Time": 0.137,
                        "Actual Total Time": 0.347,
                        "Actual Rows": 4,
                        "Actual Loops": 176,
                        "Output": [
                          "store_returns.sr_cdemo_sk",
                          "store_returns.sr_returned_date_sk",
                          "store_returns.sr_item_sk",
                          "store_returns.sr_ticket_number",
                          "store_returns.sr_return_quantity"
                        ],
                        "Index Cond": "(store_returns.sr_cdemo_sk = customer_demographics.cd_demo_sk)",
                        "Rows Removed by Index Recheck": 0,
                        "Heap Fetches": 732,
                        "Shared Hit Blocks": 1291,
                        "Shared Read Blocks": 191,
                        "Shared Dirtied Blocks": 0,
                        "Shared Written Blocks": 0,
                        "Local Hit Blocks": 0,
                        "Local Read Blocks": 0,
                        "Local Dirtied Blocks": 0,
                        "Local Written Blocks": 0,
                        "Temp Read Blocks": 0,
                        "Temp Written Blocks": 0,
                        "Workers": [
                          {
                            "Worker Number": 0,
                            "Actual Startup Time": 0.139,
                            "Actual Total Time": 0.265,
                            "Actual Rows": 5,
                            "Actual Loops": 56,
                            "Shared Hit Blocks": 477,
                            "Shared Read Blocks": 26,
                            "Shared Dirtied Blocks": 0,
                            "Shared Written Blocks": 0,
                            "Local Hit Blocks": 0,
                            "Local Read Blocks": 0,
                            "Local Dirtied Blocks": 0,
                            "Local Written Blocks": 0,
                            "Temp Read Blocks": 0,
                            "Temp Written Blocks": 0
                          },
                          {
                            "Worker Number": 1,
                            "Actual Startup Time": 0.147,
                            "Actual Total Time": 0.496,
                            "Actual Rows": 4,
                            "Actual Loops": 56,
                            "Shared Hit Blocks": 331,
                            "Shared Read Blocks": 102,
                            "Shared Dirtied Blocks": 0,
                            "Shared Written Blocks": 0,
                            "Local Hit Blocks": 0,
                            "Local Read Blocks": 0,
                            "Local Dirtied Blocks": 0,
                            "Local Written Blocks": 0,
                            "Temp Read Blocks": 0,
                            "Temp Written Blocks": 0
                          }
                        ]
                      }
                    ]
                  }
                ]
              }
            ]
          }
        ]
      },
      "Planning": {
        "Shared Hit Blocks": 54,
        "Shared Read Blocks": 0,
        "Shared Dirtied Blocks": 0,
        "Shared Written Blocks": 0,
        "Local Hit Blocks": 0,
        "Local Read Blocks": 0,
        "Local Dirtied Blocks": 0,
        "Local Written Blocks": 0,
        "Temp Read Blocks": 0,
        "Temp Written Blocks": 0
      },
      "Planning Time": 0.797,
      "Triggers": [],
      "Execution Time": 1675.892
    }
  ],
  "original_sql": "select min(c_customer_id),\n    min(sr_ticket_number),\n    min(sr_item_sk)\n from customer\n     ,customer_address\n     ,customer_demographics\n     ,household_demographics\n     ,income_band\n     ,store_returns\n where ca_city\t        =  'Lakeview'\n   and c_current_addr_sk = ca_address_sk\n   and ib_lower_bound   >=  7 * 10000\n   and ib_upper_bound   <=  7 * 10000 + 50000\n   and ib_income_band_sk = hd_income_band_sk\n   and cd_demo_sk = c_current_cdemo_sk\n   and hd_demo_sk = c_current_hdemo_sk\n   and sr_cdemo_sk = cd_demo_sk"
}