{
  "query_id": "query094_multi",
  "engine": "postgresql",
  "benchmark": "dsb",
  "scale_factor": 10,
  "execution_time_ms": 2522.996,
  "planning_time_ms": 8.189,
  "plan_json": [
    {
      "Plan": {
        "Node Type": "Limit",
        "Parallel Aware": false,
        "Async Capable": false,
        "Startup Cost": 196356.25,
        "Total Cost": 196356.26,
        "Plan Rows": 1,
        "Plan Width": 72,
        "Actual Startup Time": 2512.707,
        "Actual Total Time": 2519.97,
        "Actual Rows": 1,
        "Actual Loops": 1,
        "Output": [
          "(count(DISTINCT ws1.ws_order_number))",
          "(sum(ws1.ws_ext_ship_cost))",
          "(sum(ws1.ws_net_profit))"
        ],
        "Shared Hit Blocks": 156653,
        "Shared Read Blocks": 44998,
        "Shared Dirtied Blocks": 0,
        "Shared Written Blocks": 0,
        "Local Hit Blocks": 0,
        "Local Read Blocks": 0,
        "Local Dirtied Blocks": 0,
        "Local Written Blocks": 0,
        "Temp Read Blocks": 0,
        "Temp Written Blocks": 0,
        "Plans": [
          {
            "Node Type": "Sort",
            "Parent Relationship": "Outer",
            "Parallel Aware": false,
            "Async Capable": false,
            "Startup Cost": 196356.25,
            "Total Cost": 196356.26,
            "Plan Rows": 1,
            "Plan Width": 72,
            "Actual Startup Time": 2493.2,
            "Actual Total Time": 2500.462,
            "Actual Rows": 1,
            "Actual Loops": 1,
            "Output": [
              "(count(DISTINCT ws1.ws_order_number))",
              "(sum(ws1.ws_ext_ship_cost))",
              "(sum(ws1.ws_net_profit))"
            ],
            "Sort Key": [
              "(count(DISTINCT ws1.ws_order_number))"
            ],
            "Sort Method": "quicksort",
            "Sort Space Used": 25,
            "Sort Space Type": "Memory",
            "Shared Hit Blocks": 156653,
            "Shared Read Blocks": 44998,
            "Shared Dirtied Blocks": 0,
            "Shared Written Blocks": 0,
            "Local Hit Blocks": 0,
            "Local Read Blocks": 0,
            "Local Dirtied Blocks": 0,
            "Local Written Blocks": 0,
            "Temp Read Blocks": 0,
            "Temp Written Blocks": 0,
            "Plans": [
              {
                "Node Type": "Aggregate",
                "Strategy": "Plain",
                "Partial Mode": "Simple",
                "Parent Relationship": "Outer",
                "Parallel Aware": false,
                "Async Capable": false,
                "Startup Cost": 196356.23,
                "Total Cost": 196356.24,
                "Plan Rows": 1,
                "Plan Width": 72,
                "Actual Startup Time": 2493.181,
                "Actual Total Time": 2500.443,
                "Actual Rows": 1,
                "Actual Loops": 1,
                "Output": [
                  "count(DISTINCT ws1.ws_order_number)",
                  "sum(ws1.ws_ext_ship_cost)",
                  "sum(ws1.ws_net_profit)"
                ],
                "Shared Hit Blocks": 156653,
                "Shared Read Blocks": 44998,
                "Shared Dirtied Blocks": 0,
                "Shared Written Blocks": 0,
                "Local Hit Blocks": 0,
                "Local Read Blocks": 0,
                "Local Dirtied Blocks": 0,
                "Local Written Blocks": 0,
                "Temp Read Blocks": 0,
                "Temp Written Blocks": 0,
                "Plans": [
                  {
                    "Node Type": "Sort",
                    "Parent Relationship": "Outer",
                    "Parallel Aware": false,
                    "Async Capable": false,
                    "Startup Cost": 196356.01,
                    "Total Cost": 196356.06,
                    "Plan Rows": 22,
                    "Plan Width": 16,
                    "Actual Startup Time": 2493.001,
                    "Actual Total Time": 2500.296,
                    "Actual Rows": 771,
                    "Actual Loops": 1,
                    "Output": [
                      "ws1.ws_order_number",
                      "ws1.ws_ext_ship_cost",
                      "ws1.ws_net_profit"
                    ],
                    "Sort Key": [
                      "ws1.ws_order_number"
                    ],
                    "Sort Method": "quicksort",
                    "Sort Space Used": 60,
                    "Sort Space Type": "Memory",
                    "Shared Hit Blocks": 156653,
                    "Shared Read Blocks": 44998,
                    "Shared Dirtied Blocks": 0,
                    "Shared Written Blocks": 0,
                    "Local Hit Blocks": 0,
                    "Local Read Blocks": 0,
                    "Local Dirtied Blocks": 0,
                    "Local Written Blocks": 0,
                    "Temp Read Blocks": 0,
                    "Temp Written Blocks": 0,
                    "Plans": [
                      {
                        "Node Type": "Nested Loop",
                        "Parent Relationship": "Outer",
                        "Parallel Aware": false,
                        "Async Capable": false,
                        "Join Type": "Inner",
                        "Startup Cost": 159882.84,
                        "Total Cost": 196355.52,
                        "Plan Rows": 22,
                        "Plan Width": 16,
                        "Actual Startup Time": 2235.9,
                        "Actual Total Time": 2500.131,
                        "Actual Rows": 771,
                        "Actual Loops": 1,
                        "Output": [
                          "ws1.ws_order_number",
                          "ws1.ws_ext_ship_cost",
                          "ws1.ws_net_profit"
                        ],
                        "Inner Unique": true,
                        "Join Filter": "(ws1.ws_web_site_sk = web_site.web_site_sk)",
                        "Rows Removed by Join Filter": 17656,
                        "Shared Hit Blocks": 156653,
                        "Shared Read Blocks": 44998,
                        "Shared Dirtied Blocks": 0,
                        "Shared Written Blocks": 0,
                        "Local Hit Blocks": 0,
                        "Local Read Blocks": 0,
                        "Local Dirtied Blocks": 0,
                        "Local Written Blocks": 0,
                        "Temp Read Blocks": 0,
                        "Temp Written Blocks": 0,
                        "Plans": [
                          {
                            "Node Type": "Gather",
                            "Parent Relationship": "Outer",
                            "Parallel Aware": false,
                            "Async Capable": false,
                            "Startup Cost": 159882.84,
                            "Total Cost": 196338.79,
                            "Plan Rows": 39,
                            "Plan Width": 20,
                            "Actual Startup Time": 2235.234,
                            "Actual Total Time": 2497.981,
                            "Actual Rows": 969,
                            "Actual Loops": 1,
                            "Output": [
                              "ws1.ws_order_number",
                              "ws1.ws_ext_ship_cost",
                              "ws1.ws_net_profit",
                              "ws1.ws_web_site_sk"
                            ],
                            "Workers Planned": 2,
                            "Workers Launched": 2,
                            "Single Copy": false,
                            "Shared Hit Blocks": 156653,
                            "Shared Read Blocks": 44995,
                            "Shared Dirtied Blocks": 0,
                            "Shared Written Blocks": 0,
                            "Local Hit Blocks": 0,
                            "Local Read Blocks": 0,
                            "Local Dirtied Blocks": 0,
                            "Local Written Blocks": 0,
                            "Temp Read Blocks": 0,
                            "Temp Written Blocks": 0,
                            "Plans": [
                              {
                                "Node Type": "Nested Loop",
                                "Parent Relationship": "Outer",
                                "Parallel Aware": false,
                                "Async Capable": false,
                                "Join Type": "Semi",
                                "Startup Cost": 158882.84,
                                "Total Cost": 195334.89,
                                "Plan Rows": 16,
                                "Plan Width": 20,
                                "Actual Startup Time": 1930.1,
                                "Actual Total Time": 2104.863,
                                "Actual Rows": 323,
                                "Actual Loops": 3,
                                "Output": [
                                  "ws1.ws_order_number",
                                  "ws1.ws_ext_ship_cost",
                                  "ws1.ws_net_profit",
                                  "ws1.ws_web_site_sk"
                                ],
                                "Inner Unique": false,
                                "Shared Hit Blocks": 156653,
                                "Shared Read Blocks": 44995,
                                "Shared Dirtied Blocks": 0,
                                "Shared Written Blocks": 0,
                                "Local Hit Blocks": 0,
                                "Local Read Blocks": 0,
                                "Local Dirtied Blocks": 0,
                                "Local Written Blocks": 0,
                                "Temp Read Blocks": 0,
                                "Temp Written Blocks": 0,
                                "Workers": [
                                  {
                                    "Worker Number": 0,
                                    "Actual Startup Time": 1911.65,
                                    "Actual Total Time": 1911.653,
                                    "Actual Rows": 0,
                                    "Actual Loops": 1,
                                    "JIT": {
                                      "Functions": 29,
                                      "Options": {
                                        "Inlining": false,
                                        "Optimization": false,
                                        "Expressions": true,
                                        "Deforming": true
                                      },
                                      "Timing": {
                                        "Generation": 3.382,
                                        "Inlining": 0.0,
                                        "Optimization": 1.141,
                                        "Emission": 17.616,
                                        "Total": 22.139
                                      }
                                    },
                                    "Shared Hit Blocks": 25,
                                    "Shared Read Blocks": 9559,
                                    "Shared Dirtied Blocks": 0,
                                    "Shared Written Blocks": 0,
                                    "Local Hit Blocks": 0,
                                    "Local Read Blocks": 0,
                                    "Local Dirtied Blocks": 0,
                                    "Local Written Blocks": 0,
                                    "Temp Read Blocks": 0,
                                    "Temp Written Blocks": 0
                                  },
                                  {
                                    "Worker Number": 1,
                                    "Actual Startup Time": 1916.765,
                                    "Actual Total Time": 2441.046,
                                    "Actual Rows": 969,
                                    "Actual Loops": 1,
                                    "JIT": {
                                      "Functions": 29,
                                      "Options": {
                                        "Inlining": false,
                                        "Optimization": false,
                                        "Expressions": true,
                                        "Deforming": true
                                      },
                                      "Timing": {
                                        "Generation": 3.409,
                                        "Inlining": 0.0,
                                        "Optimization": 0.969,
                                        "Emission": 13.434,
                                        "Total": 17.812
                                      }
                                    },
                                    "Shared Hit Blocks": 126993,
                                    "Shared Read Blocks": 21329,
                                    "Shared Dirtied Blocks": 0,
                                    "Shared Written Blocks": 0,
                                    "Local Hit Blocks": 0,
                                    "Local Read Blocks": 0,
                                    "Local Dirtied Blocks": 0,
                                    "Local Written Blocks": 0,
                                    "Temp Read Blocks": 0,
                                    "Temp Written Blocks": 0
                                  }
                                ],
                                "Plans": [
                                  {
                                    "Node Type": "Nested Loop",
                                    "Parent Relationship": "Outer",
                                    "Parallel Aware": false,
                                    "Async Capable": false,
                                    "Join Type": "Inner",
                                    "Startup Cost": 158882.41,
                                    "Total Cost": 195321.97,
                                    "Plan Rows": 16,
                                    "Plan Width": 24,
                                    "Actual Startup Time": 1929.129,
                                    "Actual Total Time": 2048.834,
                                    "Actual Rows": 323,
                                    "Actual Loops": 3,
                                    "Output": [
                                      "ws1.ws_order_number",
                                      "ws1.ws_ext_ship_cost",
                                      "ws1.ws_net_profit",
                                      "ws1.ws_web_site_sk",
                                      "ws1.ws_warehouse_sk"
                                    ],
                                    "Inner Unique": true,
                                    "Shared Hit Blocks": 153357,
                                    "Shared Read Blocks": 44407,
                                    "Shared Dirtied Blocks": 0,
                                    "Shared Written Blocks": 0,
                                    "Local Hit Blocks": 0,
                                    "Local Read Blocks": 0,
                                    "Local Dirtied Blocks": 0,
                                    "Local Written Blocks": 0,
                                    "Temp Read Blocks": 0,
                                    "Temp Written Blocks": 0,
                                    "Workers": [
                                      {
                                        "Worker Number": 0,
                                        "Actual Startup Time": 1911.649,
                                        "Actual Total Time": 1911.652,
                                        "Actual Rows": 0,
                                        "Actual Loops": 1,
                                        "Shared Hit Blocks": 25,
                                        "Shared Read Blocks": 9559,
                                        "Shared Dirtied Blocks": 0,
                                        "Shared Written Blocks": 0,
                                        "Local Hit Blocks": 0,
                                        "Local Read Blocks": 0,
                                        "Local Dirtied Blocks": 0,
                                        "Local Written Blocks": 0,
                                        "Temp Read Blocks": 0,
                                        "Temp Written Blocks": 0
                                      },
                                      {
                                        "Worker Number": 1,
                                        "Actual Startup Time": 1913.855,
                                        "Actual Total Time": 2272.959,
                                        "Actual Rows": 969,
                                        "Actual Loops": 1,
                                        "Shared Hit Blocks": 123697,
                                        "Shared Read Blocks": 20741,
                                        "Shared Dirtied Blocks": 0,
                                        "Shared Written Blocks": 0,
                                        "Local Hit Blocks": 0,
                                        "Local Read Blocks": 0,
                                        "Local Dirtied Blocks": 0,
                                        "Local Written Blocks": 0,
                                        "Temp Read Blocks": 0,
                                        "Temp Written Blocks": 0
                                      }
                                    ],
                                    "Plans": [
                                      {
                                        "Node Type": "Hash Join",
                                        "Parent Relationship": "Outer",
                                        "Parallel Aware": true,
                                        "Async Capable": false,
                                        "Join Type": "Right Anti",
                                        "Startup Cost": 158881.99,
                                        "Total Cost": 195259.92,
                                        "Plan Rows": 120,
                                        "Plan Width": 28,
                                        "Actual Startup Time": 1928.409,
                                        "Actual Total Time": 1929.32,
                                        "Actual Rows": 2434,
                                        "Actual Loops": 3,
                                        "Output": [
                                          "ws1.ws_order_number",
                                          "ws1.ws_ext_ship_cost",
                                          "ws1.ws_net_profit",
                                          "ws1.ws_ship_addr_sk",
                                          "ws1.ws_web_site_sk",
                                          "ws1.ws_warehouse_sk"
                                        ],
                                        "Inner Unique": false,
                                        "Hash Cond": "(wr1.wr_order_number = ws1.ws_order_number)",
                                        "Shared Hit Blocks": 128248,
                                        "Shared Read Blocks": 40311,
                                        "Shared Dirtied Blocks": 0,
                                        "Shared Written Blocks": 0,
                                        "Local Hit Blocks": 0,
                                        "Local Read Blocks": 0,
                                        "Local Dirtied Blocks": 0,
                                        "Local Written Blocks": 0,
                                        "Temp Read Blocks": 0,
                                        "Temp Written Blocks": 0,
                                        "Workers": [
                                          {
                                            "Worker Number": 0,
                                            "Actual Startup Time": 1911.649,
                                            "Actual Total Time": 1911.652,
                                            "Actual Rows": 0,
                                            "Actual Loops": 1,
                                            "Shared Hit Blocks": 25,
                                            "Shared Read Blocks": 9559,
                                            "Shared Dirtied Blocks": 0,
                                            "Shared Written Blocks": 0,
                                            "Local Hit Blocks": 0,
                                            "Local Read Blocks": 0,
                                            "Local Dirtied Blocks": 0,
                                            "Local Written Blocks": 0,
                                            "Temp Read Blocks": 0,
                                            "Temp Written Blocks": 0
                                          },
                                          {
                                            "Worker Number": 1,
                                            "Actual Startup Time": 1911.696,
                                            "Actual Total Time": 1914.422,
                                            "Actual Rows": 7302,
                                            "Actual Loops": 1,
                                            "Shared Hit Blocks": 98588,
                                            "Shared Read Blocks": 16645,
                                            "Shared Dirtied Blocks": 0,
                                            "Shared Written Blocks": 0,
                                            "Local Hit Blocks": 0,
                                            "Local Read Blocks": 0,
                                            "Local Dirtied Blocks": 0,
                                            "Local Written Blocks": 0,
                                            "Temp Read Blocks": 0,
                                            "Temp Written Blocks": 0
                                          }
                                        ],
                                        "Plans": [
                                          {
                                            "Node Type": "Seq Scan",
                                            "Parent Relationship": "Outer",
                                            "Parallel Aware": true,
                                            "Async Capable": false,
                                            "Relation Name": "web_returns",
                                            "Schema": "public",
                                            "Alias": "wr1",
                                            "Startup Cost": 0.0,
                                            "Total Cost": 36320.4,
                                            "Plan Rows": 15324,
                                            "Plan Width": 4,
                                            "Actual Startup Time": 0.399,
                                            "Actual Total Time": 1040.547,
                                            "Actual Rows": 11577,
                                            "Actual Loops": 3,
                                            "Output": [
                                              "wr1.wr_returned_date_sk",
                                              "wr1.wr_returned_time_sk",
                                              "wr1.wr_item_sk",
                                              "wr1.wr_refunded_customer_sk",
                                              "wr1.wr_refunded_cdemo_sk",
                                              "wr1.wr_refunded_hdemo_sk",
                                              "wr1.wr_refunded_addr_sk",
                                              "wr1.wr_returning_customer_sk",
                                              "wr1.wr_returning_cdemo_sk",
                                              "wr1.wr_returning_hdemo_sk",
                                              "wr1.wr_returning_addr_sk",
                                              "wr1.wr_web_page_sk",
                                              "wr1.wr_reason_sk",
                                              "wr1.wr_order_number",
                                              "wr1.wr_return_quantity",
                                              "wr1.wr_return_amt",
                                              "wr1.wr_return_tax",
                                              "wr1.wr_return_amt_inc_tax",
                                              "wr1.wr_fee",
                                              "wr1.wr_return_ship_cost",
                                              "wr1.wr_refunded_cash",
                                              "wr1.wr_reversed_charge",
                                              "wr1.wr_account_credit",
                                              "wr1.wr_net_loss"
                                            ],
                                            "Filter": "(wr1.wr_reason_sk = ANY ('{17,48,50,56,68}'::integer[]))",
                                            "Rows Removed by Filter": 468541,
                                            "Shared Hit Blocks": 0,
                                            "Shared Read Blocks": 26568,
                                            "Shared Dirtied Blocks": 0,
                                            "Shared Written Blocks": 0,
                                            "Local Hit Blocks": 0,
                                            "Local Read Blocks": 0,
                                            "Local Dirtied Blocks": 0,
                                            "Local Written Blocks": 0,
                                            "Temp Read Blocks": 0,
                                            "Temp Written Blocks": 0,
                                            "Workers": [
                                              {
                                                "Worker Number": 0,
                                                "Actual Startup Time": 0.581,
                                                "Actual Total Time": 1040.592,
                                                "Actual Rows": 11441,
                                                "Actual Loops": 1,
                                                "Shared Hit Blocks": 0,
                                                "Shared Read Blocks": 8853,
                                                "Shared Dirtied Blocks": 0,
                                                "Shared Written Blocks": 0,
                                                "Local Hit Blocks": 0,
                                                "Local Read Blocks": 0,
                                                "Local Dirtied Blocks": 0,
                                                "Local Written Blocks": 0,
                                                "Temp Read Blocks": 0,
                                                "Temp Written Blocks": 0
                                              },
                                              {
                                                "Worker Number": 1,
                                                "Actual Startup Time": 0.45,
                                                "Actual Total Time": 1040.65,
                                                "Actual Rows": 11507,
                                                "Actual Loops": 1,
                                                "Shared Hit Blocks": 0,
                                                "Shared Read Blocks": 8855,
                                                "Shared Dirtied Blocks": 0,
                                                "Shared Written Blocks": 0,
                                                "Local Hit Blocks": 0,
                                                "Local Read Blocks": 0,
                                                "Local Dirtied Blocks": 0,
                                                "Local Written Blocks": 0,
                                                "Temp Read Blocks": 0,
                                                "Temp Written Blocks": 0
                                              }
                                            ]
                                          },
                                          {
                                            "Node Type": "Hash",
                                            "Parent Relationship": "Inner",
                                            "Parallel Aware": true,
                                            "Async Capable": false,
                                            "Startup Cost": 158879.66,
                                            "Total Cost": 158879.66,
                                            "Plan Rows": 186,
                                            "Plan Width": 28,
                                            "Actual Startup Time": 880.074,
                                            "Actual Total Time": 880.076,
                                            "Actual Rows": 2588,
                                            "Actual Loops": 3,
                                            "Output": [
                                              "ws1.ws_order_number",
                                              "ws1.ws_ext_ship_cost",
                                              "ws1.ws_net_profit",
                                              "ws1.ws_ship_addr_sk",
                                              "ws1.ws_web_site_sk",
                                              "ws1.ws_warehouse_sk"
                                            ],
                                            "Hash Buckets": 8192,
                                            "Original Hash Buckets": 1024,
                                            "Hash Batches": 1,
                                            "Original Hash Batches": 1,
                                            "Peak Memory Usage": 632,
                                            "Shared Hit Blocks": 128194,
                                            "Shared Read Blocks": 13739,
                                            "Shared Dirtied Blocks": 0,
                                            "Shared Written Blocks": 0,
                                            "Local Hit Blocks": 0,
                                            "Local Read Blocks": 0,
                                            "Local Dirtied Blocks": 0,
                                            "Local Written Blocks": 0,
                                            "Temp Read Blocks": 0,
                                            "Temp Written Blocks": 0,
                                            "Workers": [
                                              {
                                                "Worker Number": 0,
                                                "Actual Startup Time": 862.983,
                                                "Actual Total Time": 862.985,
                                                "Actual Rows": 0,
                                                "Actual Loops": 1,
                                                "Shared Hit Blocks": 0,
                                                "Shared Read Blocks": 702,
                                                "Shared Dirtied Blocks": 0,
                                                "Shared Written Blocks": 0,
                                                "Local Hit Blocks": 0,
                                                "Local Read Blocks": 0,
                                                "Local Dirtied Blocks": 0,
                                                "Local Written Blocks": 0,
                                                "Temp Read Blocks": 0,
                                                "Temp Written Blocks": 0
                                              },
                                              {
                                                "Worker Number": 1,
                                                "Actual Startup Time": 862.975,
                                                "Actual Total Time": 862.977,
                                                "Actual Rows": 5887,
                                                "Actual Loops": 1,
                                                "Shared Hit Blocks": 98559,
                                                "Shared Read Blocks": 7790,
                                                "Shared Dirtied Blocks": 0,
                                                "Shared Written Blocks": 0,
                                                "Local Hit Blocks": 0,
                                                "Local Read Blocks": 0,
                                                "Local Dirtied Blocks": 0,
                                                "Local Written Blocks": 0,
                                                "Temp Read Blocks": 0,
                                                "Temp Written Blocks": 0
                                              }
                                            ],
                                            "Plans": [
                                              {
                                                "Node Type": "Nested Loop",
                                                "Parent Relationship": "Outer",
                                                "Parallel Aware": false,
                                                "Async Capable": false,
                                                "Join Type": "Inner",
                                                "Startup Cost": 0.43,
                                                "Total Cost": 158879.66,
                                                "Plan Rows": 186,
                                                "Plan Width": 28,
                                                "Actual Startup Time": 62.74,
                                                "Actual Total Time": 518.068,
                                                "Actual Rows": 2588,
                                                "Actual Loops": 3,
                                                "Output": [
                                                  "ws1.ws_order_number",
                                                  "ws1.ws_ext_ship_cost",
                                                  "ws1.ws_net_profit",
                                                  "ws1.ws_ship_addr_sk",
                                                  "ws1.ws_web_site_sk",
                                                  "ws1.ws_warehouse_sk"
                                                ],
                                                "Inner Unique": false,
                                                "Shared Hit Blocks": 128194,
                                                "Shared Read Blocks": 13739,
                                                "Shared Dirtied Blocks": 0,
                                                "Shared Written Blocks": 0,
                                                "Local Hit Blocks": 0,
                                                "Local Read Blocks": 0,
                                                "Local Dirtied Blocks": 0,
                                                "Local Written Blocks": 0,
                                                "Temp Read Blocks": 0,
                                                "Temp Written Blocks": 0,
                                                "Workers": [
                                                  {
                                                    "Worker Number": 0,
                                                    "Actual Startup Time": 97.569,
                                                    "Actual Total Time": 97.57,
                                                    "Actual Rows": 0,
                                                    "Actual Loops": 1,
                                                    "Shared Hit Blocks": 0,
                                                    "Shared Read Blocks": 702,
                                                    "Shared Dirtied Blocks": 0,
                                                    "Shared Written Blocks": 0,
                                                    "Local Hit Blocks": 0,
                                                    "Local Read Blocks": 0,
                                                    "Local Dirtied Blocks": 0,
                                                    "Local Written Blocks": 0,
                                                    "Temp Read Blocks": 0,
                                                    "Temp Written Blocks": 0
                                                  },
                                                  {
                                                    "Worker Number": 1,
                                                    "Actual Startup Time": 19.673,
                                                    "Actual Total Time": 860.089,
                                                    "Actual Rows": 5887,
                                                    "Actual Loops": 1,
                                                    "Shared Hit Blocks": 98559,
                                                    "Shared Read Blocks": 7790,
                                                    "Shared Dirtied Blocks": 0,
                                                    "Shared Written Blocks": 0,
                                                    "Local Hit Blocks": 0,
                                                    "Local Read Blocks": 0,
                                                    "Local Dirtied Blocks": 0,
                                                    "Local Written Blocks": 0,
                                                    "Temp Read Blocks": 0,
                                                    "Temp Written Blocks": 0
                                                  }
                                                ],
                                                "Plans": [
                                                  {
                                                    "Node Type": "Seq Scan",
                                                    "Parent Relationship": "Outer",
                                                    "Parallel Aware": true,
                                                    "Async Capable": false,
                                                    "Relation Name": "date_dim",
                                                    "Schema": "public",
                                                    "Alias": "date_dim",
                                                    "Startup Cost": 0.0,
                                                    "Total Cost": 2068.55,
                                                    "Plan Rows": 40,
                                                    "Plan Width": 4,
                                                    "Actual Startup Time": 61.302,
                                                    "Actual Total Time": 61.339,
                                                    "Actual Rows": 20,
                                                    "Actual Loops": 3,
                                                    "Output": [
                                                      "date_dim.d_date_sk",
                                                      "date_dim.d_date_id",
                                                      "date_dim.d_date",
                                                      "date_dim.d_month_seq",
                                                      "date_dim.d_week_seq",
                                                      "date_dim.d_quarter_seq",
                                                      "date_dim.d_year",
                                                      "date_dim.d_dow",
                                                      "date_dim.d_moy",
                                                      "date_dim.d_dom",
                                                      "date_dim.d_qoy",
                                                      "date_dim.d_fy_year",
                                                      "date_dim.d_fy_quarter_seq",
                                                      "date_dim.d_fy_week_seq",
                                                      "date_dim.d_day_name",
                                                      "date_dim.d_quarter_name",
                                                      "date_dim.d_holiday",
                                                      "date_dim.d_weekend",
                                                      "date_dim.d_following_holiday",
                                                      "date_dim.d_first_dom",
                                                      "date_dim.d_last_dom",
                                                      "date_dim.d_same_day_ly",
                                                      "date_dim.d_same_day_lq",
                                                      "date_dim.d_current_day",
                                                      "date_dim.d_current_week",
                                                      "date_dim.d_current_month",
                                                      "date_dim.d_current_quarter",
                                                      "date_dim.d_current_year"
                                                    ],
                                                    "Filter": "((date_dim.d_date >= '2002-10-01'::date) AND (date_dim.d_date <= '2002-11-30 00:00:00'::timestamp without time zone))",
                                                    "Rows Removed by Filter": 24329,
                                                    "Shared Hit Blocks": 14,
                                                    "Shared Read Blocks": 1410,
                                                    "Shared Dirtied Blocks": 0,
                                                    "Shared Written Blocks": 0,
                                                    "Local Hit Blocks": 0,
                                                    "Local Read Blocks": 0,
                                                    "Local Dirtied Blocks": 0,
                                                    "Local Written Blocks": 0,
                                                    "Temp Read Blocks": 0,
                                                    "Temp Written Blocks": 0,
                                                    "Workers": [
                                                      {
                                                        "Worker Number": 0,
                                                        "Actual Startup Time": 97.559,
                                                        "Actual Total Time": 97.559,
                                                        "Actual Rows": 0,
                                                        "Actual Loops": 1,
                                                        "Shared Hit Blocks": 0,
                                                        "Shared Read Blocks": 702,
                                                        "Shared Dirtied Blocks": 0,
                                                        "Shared Written Blocks": 0,
                                                        "Local Hit Blocks": 0,
                                                        "Local Read Blocks": 0,
                                                        "Local Dirtied Blocks": 0,
                                                        "Local Written Blocks": 0,
                                                        "Temp Read Blocks": 0,
                                                        "Temp Written Blocks": 0
                                                      },
                                                      {
                                                        "Worker Number": 1,
                                                        "Actual Startup Time": 17.535,
                                                        "Actual Total Time": 17.599,
                                                        "Actual Rows": 44,
                                                        "Actual Loops": 1,
                                                        "Shared Hit Blocks": 2,
                                                        "Shared Read Blocks": 33,
                                                        "Shared Dirtied Blocks": 0,
                                                        "Shared Written Blocks": 0,
                                                        "Local Hit Blocks": 0,
                                                        "Local Read Blocks": 0,
                                                        "Local Dirtied Blocks": 0,
                                                        "Local Written Blocks": 0,
                                                        "Temp Read Blocks": 0,
                                                        "Temp Written Blocks": 0
                                                      }
                                                    ]
                                                  },
                                                  {
                                                    "Node Type": "Index Scan",
                                                    "Parent Relationship": "Inner",
                                                    "Parallel Aware": false,
                                                    "Async Capable": false,
                                                    "Scan Direction": "Forward",
                                                    "Index Name": "_dta_index_web_sales_6_1269579561__k3_k18_k12_k14_16_29_34",
                                                    "Relation Name": "web_sales",
                                                    "Schema": "public",
                                                    "Alias": "ws1",
                                                    "Startup Cost": 0.43,
                                                    "Total Cost": 3918.76,
                                                    "Plan Rows": 152,
                                                    "Plan Width": 32,
                                                    "Actual Startup Time": 0.185,
                                                    "Actual Total Time": 22.406,
                                                    "Actual Rows": 127,
                                                    "Actual Loops": 61,
                                                    "Output": [
                                                      "ws1.ws_sold_date_sk",
                                                      "ws1.ws_sold_time_sk",
                                                      "ws1.ws_ship_date_sk",
                                                      "ws1.ws_item_sk",
                                                      "ws1.ws_bill_customer_sk",
                                                      "ws1.ws_bill_cdemo_sk",
                                                      "ws1.ws_bill_hdemo_sk",
                                                      "ws1.ws_bill_addr_sk",
                                                      "ws1.ws_ship_customer_sk",
                                                      "ws1.ws_ship_cdemo_sk",
                                                      "ws1.ws_ship_hdemo_sk",
                                                      "ws1.ws_ship_addr_sk",
                                                      "ws1.ws_web_page_sk",
                                                      "ws1.ws_web_site_sk",
                                                      "ws1.ws_ship_mode_sk",
                                                      "ws1.ws_warehouse_sk",
                                                      "ws1.ws_promo_sk",
                                                      "ws1.ws_order_number",
                                                      "ws1.ws_quantity",
                                                      "ws1.ws_wholesale_cost",
                                                      "ws1.ws_list_price",
                                                      "ws1.ws_sales_price",
                                                      "ws1.ws_ext_discount_amt",
                                                      "ws1.ws_ext_sales_price",
                                                      "ws1.ws_ext_wholesale_cost",
                                                      "ws1.ws_ext_list_price",
                                                      "ws1.ws_ext_tax",
                                                      "ws1.ws_coupon_amt",
                                                      "ws1.ws_ext_ship_cost",
                                                      "ws1.ws_net_paid",
                                                      "ws1.ws_net_paid_inc_tax",
                                                      "ws1.ws_net_paid_inc_ship",
                                                      "ws1.ws_net_paid_inc_ship_tax",
                                                      "ws1.ws_net_profit"
                                                    ],
                                                    "Index Cond": "(ws1.ws_ship_date_sk = date_dim.d_date_sk)",
                                                    "Rows Removed by Index Recheck": 0,
                                                    "Filter": "((ws1.ws_list_price >= '184'::numeric) AND (ws1.ws_list_price <= '213'::numeric))",
                                                    "Rows Removed by Filter": 2531,
                                                    "Shared Hit Blocks": 128180,
                                                    "Shared Read Blocks": 12329,
                                                    "Shared Dirtied Blocks": 0,
                                                    "Shared Written Blocks": 0,
                                                    "Local Hit Blocks": 0,
                                                    "Local Read Blocks": 0,
                                                    "Local Dirtied Blocks": 0,
                                                    "Local Written Blocks": 0,
                                                    "Temp Read Blocks": 0,
                                                    "Temp Written Blocks": 0,
                                                    "Workers": [
                                                      {
                                                        "Worker Number": 1,
                                                        "Actual Startup Time": 0.106,
                                                        "Actual Total Time": 19.097,
                                                        "Actual Rows": 134,
                                                        "Actual Loops": 44,
                                                        "Shared Hit Blocks": 98557,
                                                        "Shared Read Blocks": 7757,
                                                        "Shared Dirtied Blocks": 0,
                                                        "Shared Written Blocks": 0,
                                                        "Local Hit Blocks": 0,
                                                        "Local Read Blocks": 0,
                                                        "Local Dirtied Blocks": 0,
                                                        "Local Written Blocks": 0,
                                                        "Temp Read Blocks": 0,
                                                        "Temp Written Blocks": 0
                                                      }
                                                    ]
                                                  }
                                                ]
                                              }
                                            ]
                                          }
                                        ]
                                      },
                                      {
                                        "Node Type": "Index Scan",
                                        "Parent Relationship": "Inner",
                                        "Parallel Aware": false,
                                        "Async Capable": false,
                                        "Scan Direction": "Forward",
                                        "Index Name": "customer_address_pkey",
                                        "Relation Name": "customer_address",
                                        "Schema": "public",
                                        "Alias": "customer_address",
                                        "Startup Cost": 0.42,
                                        "Total Cost": 0.52,
                                        "Plan Rows": 1,
                                        "Plan Width": 4,
                                        "Actual Startup Time": 0.049,
                                        "Actual Total Time": 0.049,
                                        "Actual Rows": 0,
                                        "Actual Loops": 7302,
                                        "Output": [
                                          "customer_address.ca_address_sk",
                                          "customer_address.ca_address_id",
                                          "customer_address.ca_street_number",
                                          "customer_address.ca_street_name",
                                          "customer_address.ca_street_type",
                                          "customer_address.ca_suite_number",
                                          "customer_address.ca_city",
                                          "customer_address.ca_county",
                                          "customer_address.ca_state",
                                          "customer_address.ca_zip",
                                          "customer_address.ca_country",
                                          "customer_address.ca_gmt_offset",
                                          "customer_address.ca_location_type"
                                        ],
                                        "Index Cond": "(customer_address.ca_address_sk = ws1.ws_ship_addr_sk)",
                                        "Rows Removed by Index Recheck": 0,
                                        "Filter": "(customer_address.ca_state = ANY ('{IL,KS,LA,MN,MT,SC}'::bpchar[]))",
                                        "Rows Removed by Filter": 1,
                                        "Shared Hit Blocks": 25109,
                                        "Shared Read Blocks": 4096,
                                        "Shared Dirtied Blocks": 0,
                                        "Shared Written Blocks": 0,
                                        "Local Hit Blocks": 0,
                                        "Local Read Blocks": 0,
                                        "Local Dirtied Blocks": 0,
                                        "Local Written Blocks": 0,
                                        "Temp Read Blocks": 0,
                                        "Temp Written Blocks": 0,
                                        "Workers": [
                                          {
                                            "Worker Number": 1,
                                            "Actual Startup Time": 0.049,
                                            "Actual Total Time": 0.049,
                                            "Actual Rows": 0,
                                            "Actual Loops": 7302,
                                            "Shared Hit Blocks": 25109,
                                            "Shared Read Blocks": 4096,
                                            "Shared Dirtied Blocks": 0,
                                            "Shared Written Blocks": 0,
                                            "Local Hit Blocks": 0,
                                            "Local Read Blocks": 0,
                                            "Local Dirtied Blocks": 0,
                                            "Local Written Blocks": 0,
                                            "Temp Read Blocks": 0,
                                            "Temp Written Blocks": 0
                                          }
                                        ]
                                      }
                                    ]
                                  },
                                  {
                                    "Node Type": "Index Only Scan",
                                    "Parent Relationship": "Inner",
                                    "Parallel Aware": false,
                                    "Async Capable": false,
                                    "Scan Direction": "Forward",
                                    "Index Name": "_dta_index_web_sales_6_1269579561__k18_16",
                                    "Relation Name": "web_sales",
                                    "Schema": "public",
                                    "Alias": "ws2",
                                    "Startup Cost": 0.43,
                                    "Total Cost": 4.18,
                                    "Plan Rows": 59,
                                    "Plan Width": 8,
                                    "Actual Startup Time": 0.173,
                                    "Actual Total Time": 0.173,
                                    "Actual Rows": 1,
                                    "Actual Loops": 969,
                                    "Output": [
                                      "ws2.ws_order_number",
                                      "ws2.ws_warehouse_sk"
                                    ],
                                    "Index Cond": "(ws2.ws_order_number = ws1.ws_order_number)",
                                    "Rows Removed by Index Recheck": 0,
                                    "Filter": "(ws1.ws_warehouse_sk <> ws2.ws_warehouse_sk)",
                                    "Rows Removed by Filter": 0,
                                    "Heap Fetches": 1219,
                                    "Shared Hit Blocks": 3296,
                                    "Shared Read Blocks": 588,
                                    "Shared Dirtied Blocks": 0,
                                    "Shared Written Blocks": 0,
                                    "Local Hit Blocks": 0,
                                    "Local Read Blocks": 0,
                                    "Local Dirtied Blocks": 0,
                                    "Local Written Blocks": 0,
                                    "Temp Read Blocks": 0,
                                    "Temp Written Blocks": 0,
                                    "Workers": [
                                      {
                                        "Worker Number": 1,
                                        "Actual Startup Time": 0.173,
                                        "Actual Total Time": 0.173,
                                        "Actual Rows": 1,
                                        "Actual Loops": 969,
                                        "Shared Hit Blocks": 3296,
                                        "Shared Read Blocks": 588,
                                        "Shared Dirtied Blocks": 0,
                                        "Shared Written Blocks": 0,
                                        "Local Hit Blocks": 0,
                                        "Local Read Blocks": 0,
                                        "Local Dirtied Blocks": 0,
                                        "Local Written Blocks": 0,
                                        "Temp Read Blocks": 0,
                                        "Temp Written Blocks": 0
                                      }
                                    ]
                                  }
                                ]
                              }
                            ]
                          },
                          {
                            "Node Type": "Materialize",
                            "Parent Relationship": "Inner",
                            "Parallel Aware": false,
                            "Async Capable": false,
                            "Startup Cost": 0.0,
                            "Total Cost": 3.64,
                            "Plan Rows": 23,
                            "Plan Width": 4,
                            "Actual Startup Time": 0.0,
                            "Actual Total Time": 0.001,
                            "Actual Rows": 19,
                            "Actual Loops": 969,
                            "Output": [
                              "web_site.web_site_sk"
                            ],
                            "Shared Hit Blocks": 0,
                            "Shared Read Blocks": 3,
                            "Shared Dirtied Blocks": 0,
                            "Shared Written Blocks": 0,
                            "Local Hit Blocks": 0,
                            "Local Read Blocks": 0,
                            "Local Dirtied Blocks": 0,
                            "Local Written Blocks": 0,
                            "Temp Read Blocks": 0,
                            "Temp Written Blocks": 0,
                            "Plans": [
                              {
                                "Node Type": "Seq Scan",
                                "Parent Relationship": "Outer",
                                "Parallel Aware": false,
                                "Async Capable": false,
                                "Relation Name": "web_site",
                                "Schema": "public",
                                "Alias": "web_site",
                                "Startup Cost": 0.0,
                                "Total Cost": 3.52,
                                "Plan Rows": 23,
                                "Plan Width": 4,
                                "Actual Startup Time": 0.148,
                                "Actual Total Time": 0.625,
                                "Actual Rows": 22,
                                "Actual Loops": 1,
                                "Output": [
                                  "web_site.web_site_sk"
                                ],
                                "Filter": "(web_site.web_gmt_offset >= '-5'::numeric)",
                                "Rows Removed by Filter": 20,
                                "Shared Hit Blocks": 0,
                                "Shared Read Blocks": 3,
                                "Shared Dirtied Blocks": 0,
                                "Shared Written Blocks": 0,
                                "Local Hit Blocks": 0,
                                "Local Read Blocks": 0,
                                "Local Dirtied Blocks": 0,
                                "Local Written Blocks": 0,
                                "Temp Read Blocks": 0,
                                "Temp Written Blocks": 0
                              }
                            ]
                          }
                        ]
                      }
                    ]
                  }
                ]
              }
            ]
          }
        ]
      },
      "Planning": {
        "Shared Hit Blocks": 36,
        "Shared Read Blocks": 31,
        "Shared Dirtied Blocks": 0,
        "Shared Written Blocks": 0,
        "Local Hit Blocks": 0,
        "Local Read Blocks": 0,
        "Local Dirtied Blocks": 0,
        "Local Written Blocks": 0,
        "Temp Read Blocks": 0,
        "Temp Written Blocks": 0
      },
      "Planning Time": 8.189,
      "Triggers": [],
      "JIT": {
        "Functions": 98,
        "Options": {
          "Inlining": false,
          "Optimization": false,
          "Expressions": true,
          "Deforming": true
        },
        "Timing": {
          "Generation": 9.666,
          "Inlining": 0.0,
          "Optimization": 3.892,
          "Emission": 48.938,
          "Total": 62.496
        }
      },
      "Execution Time": 2522.996
    }
  ],
  "original_sql": "select \n   count(distinct ws_order_number) as \"order count\"\n  ,sum(ws_ext_ship_cost) as \"total shipping cost\"\n  ,sum(ws_net_profit) as \"total net profit\"\nfrom\n   web_sales ws1\n  ,date_dim\n  ,customer_address\n  ,web_site\nwhere\n    d_date between '2002-10-01' and\n           cast('2002-10-01' as date) + interval '60 day'\nand ws1.ws_ship_date_sk = d_date_sk\nand ws1.ws_ship_addr_sk = ca_address_sk\nand ca_state in ('IL','KS','LA'\n            ,'MN' ,'MT' ,'SC')\nand ws1.ws_web_site_sk = web_site_sk\nand web_gmt_offset >= -5\nand ws1.ws_list_price between 184 and 213\nand exists (select *\n            from web_sales ws2\n            where ws1.ws_order_number = ws2.ws_order_number\n              and ws1.ws_warehouse_sk <> ws2.ws_warehouse_sk)\nand not exists(select *\n               from web_returns wr1\n               where ws1.ws_order_number = wr1.wr_order_number\n               and wr1.wr_reason_sk in (17, 48, 50, 56, 68)\n               )\norder by count(distinct ws_order_number)\nlimit 100"
}