{
  "query_id": "query083_multi",
  "engine": "postgresql",
  "benchmark": "dsb",
  "scale_factor": 10,
  "execution_time_ms": 4594.572,
  "planning_time_ms": 6.858,
  "plan_json": [
    {
      "Plan": {
        "Node Type": "Limit",
        "Parallel Aware": false,
        "Async Capable": false,
        "Startup Cost": 127064.31,
        "Total Cost": 127064.35,
        "Plan Rows": 2,
        "Plan Width": 169,
        "Actual Startup Time": 4582.523,
        "Actual Total Time": 4589.002,
        "Actual Rows": 0,
        "Actual Loops": 1,
        "Output": [
          "item.i_item_id",
          "(sum(store_returns.sr_return_quantity))",
          "((((((sum(store_returns.sr_return_quantity)) / (((sum(store_returns.sr_return_quantity)) + (sum(catalog_returns.cr_return_quantity))) + (sum(web_returns.wr_return_quantity)))))::numeric / 3.0) * '100'::numeric))",
          "(sum(catalog_returns.cr_return_quantity))",
          "((((((sum(catalog_returns.cr_return_quantity)) / (((sum(store_returns.sr_return_quantity)) + (sum(catalog_returns.cr_return_quantity))) + (sum(web_returns.wr_return_quantity)))))::numeric / 3.0) * '100'::numeric))",
          "(sum(web_returns.wr_return_quantity))",
          "((((((sum(web_returns.wr_return_quantity)) / (((sum(store_returns.sr_return_quantity)) + (sum(catalog_returns.cr_return_quantity))) + (sum(web_returns.wr_return_quantity)))))::numeric / 3.0) * '100'::numeric))",
          "((((((sum(store_returns.sr_return_quantity)) + (sum(catalog_returns.cr_return_quantity))) + (sum(web_returns.wr_return_quantity))))::numeric / 3.0))"
        ],
        "Shared Hit Blocks": 253397,
        "Shared Read Blocks": 41714,
        "Shared Dirtied Blocks": 0,
        "Shared Written Blocks": 0,
        "Local Hit Blocks": 0,
        "Local Read Blocks": 0,
        "Local Dirtied Blocks": 0,
        "Local Written Blocks": 0,
        "Temp Read Blocks": 0,
        "Temp Written Blocks": 0,
        "Plans": [
          {
            "Node Type": "Incremental Sort",
            "Parent Relationship": "Outer",
            "Parallel Aware": false,
            "Async Capable": false,
            "Startup Cost": 127064.31,
            "Total Cost": 127064.35,
            "Plan Rows": 2,
            "Plan Width": 169,
            "Actual Startup Time": 4533.437,
            "Actual Total Time": 4539.917,
            "Actual Rows": 0,
            "Actual Loops": 1,
            "Output": [
              "item.i_item_id",
              "(sum(store_returns.sr_return_quantity))",
              "((((((sum(store_returns.sr_return_quantity)) / (((sum(store_returns.sr_return_quantity)) + (sum(catalog_returns.cr_return_quantity))) + (sum(web_returns.wr_return_quantity)))))::numeric / 3.0) * '100'::numeric))",
              "(sum(catalog_returns.cr_return_quantity))",
              "((((((sum(catalog_returns.cr_return_quantity)) / (((sum(store_returns.sr_return_quantity)) + (sum(catalog_returns.cr_return_quantity))) + (sum(web_returns.wr_return_quantity)))))::numeric / 3.0) * '100'::numeric))",
              "(sum(web_returns.wr_return_quantity))",
              "((((((sum(web_returns.wr_return_quantity)) / (((sum(store_returns.sr_return_quantity)) + (sum(catalog_returns.cr_return_quantity))) + (sum(web_returns.wr_return_quantity)))))::numeric / 3.0) * '100'::numeric))",
              "((((((sum(store_returns.sr_return_quantity)) + (sum(catalog_returns.cr_return_quantity))) + (sum(web_returns.wr_return_quantity))))::numeric / 3.0))"
            ],
            "Sort Key": [
              "item.i_item_id",
              "(sum(store_returns.sr_return_quantity))"
            ],
            "Presorted Key": [
              "item.i_item_id"
            ],
            "Full-sort Groups": {
              "Group Count": 1,
              "Sort Methods Used": [
                "quicksort"
              ],
              "Sort Space Memory": {
                "Average Sort Space Used": 25,
                "Peak Sort Space Used": 25
              }
            },
            "Shared Hit Blocks": 253397,
            "Shared Read Blocks": 41714,
            "Shared Dirtied Blocks": 0,
            "Shared Written Blocks": 0,
            "Local Hit Blocks": 0,
            "Local Read Blocks": 0,
            "Local Dirtied Blocks": 0,
            "Local Written Blocks": 0,
            "Temp Read Blocks": 0,
            "Temp Written Blocks": 0,
            "Plans": [
              {
                "Node Type": "Nested Loop",
                "Parent Relationship": "Outer",
                "Parallel Aware": false,
                "Async Capable": false,
                "Join Type": "Inner",
                "Startup Cost": 127064.14,
                "Total Cost": 127064.3,
                "Plan Rows": 1,
                "Plan Width": 169,
                "Actual Startup Time": 4533.418,
                "Actual Total Time": 4539.897,
                "Actual Rows": 0,
                "Actual Loops": 1,
                "Output": [
                  "item.i_item_id",
                  "(sum(store_returns.sr_return_quantity))",
                  "(((((sum(store_returns.sr_return_quantity)) / (((sum(store_returns.sr_return_quantity)) + (sum(catalog_returns.cr_return_quantity))) + (sum(web_returns.wr_return_quantity)))))::numeric / 3.0) * '100'::numeric)",
                  "(sum(catalog_returns.cr_return_quantity))",
                  "(((((sum(catalog_returns.cr_return_quantity)) / (((sum(store_returns.sr_return_quantity)) + (sum(catalog_returns.cr_return_quantity))) + (sum(web_returns.wr_return_quantity)))))::numeric / 3.0) * '100'::numeric)",
                  "(sum(web_returns.wr_return_quantity))",
                  "(((((sum(web_returns.wr_return_quantity)) / (((sum(store_returns.sr_return_quantity)) + (sum(catalog_returns.cr_return_quantity))) + (sum(web_returns.wr_return_quantity)))))::numeric / 3.0) * '100'::numeric)",
                  "(((((sum(store_returns.sr_return_quantity)) + (sum(catalog_returns.cr_return_quantity))) + (sum(web_returns.wr_return_quantity))))::numeric / 3.0)"
                ],
                "Inner Unique": true,
                "Join Filter": "(item.i_item_id = item_2.i_item_id)",
                "Rows Removed by Join Filter": 0,
                "Shared Hit Blocks": 253397,
                "Shared Read Blocks": 41714,
                "Shared Dirtied Blocks": 0,
                "Shared Written Blocks": 0,
                "Local Hit Blocks": 0,
                "Local Read Blocks": 0,
                "Local Dirtied Blocks": 0,
                "Local Written Blocks": 0,
                "Temp Read Blocks": 0,
                "Temp Written Blocks": 0,
                "Plans": [
                  {
                    "Node Type": "Nested Loop",
                    "Parent Relationship": "Outer",
                    "Parallel Aware": false,
                    "Async Capable": false,
                    "Join Type": "Inner",
                    "Startup Cost": 80446.79,
                    "Total Cost": 80446.85,
                    "Plan Rows": 1,
                    "Plan Width": 50,
                    "Actual Startup Time": 4533.417,
                    "Actual Total Time": 4539.894,
                    "Actual Rows": 0,
                    "Actual Loops": 1,
                    "Output": [
                      "item.i_item_id",
                      "(sum(store_returns.sr_return_quantity))",
                      "(sum(catalog_returns.cr_return_quantity))",
                      "item_1.i_item_id"
                    ],
                    "Inner Unique": true,
                    "Join Filter": "(item.i_item_id = item_1.i_item_id)",
                    "Rows Removed by Join Filter": 0,
                    "Shared Hit Blocks": 253397,
                    "Shared Read Blocks": 41714,
                    "Shared Dirtied Blocks": 0,
                    "Shared Written Blocks": 0,
                    "Local Hit Blocks": 0,
                    "Local Read Blocks": 0,
                    "Local Dirtied Blocks": 0,
                    "Local Written Blocks": 0,
                    "Temp Read Blocks": 0,
                    "Temp Written Blocks": 0,
                    "Plans": [
                      {
                        "Node Type": "Aggregate",
                        "Strategy": "Sorted",
                        "Partial Mode": "Simple",
                        "Parent Relationship": "Outer",
                        "Parallel Aware": false,
                        "Async Capable": false,
                        "Startup Cost": 14658.72,
                        "Total Cost": 14658.74,
                        "Plan Rows": 1,
                        "Plan Width": 25,
                        "Actual Startup Time": 2539.59,
                        "Actual Total Time": 2539.645,
                        "Actual Rows": 2,
                        "Actual Loops": 1,
                        "Output": [
                          "item.i_item_id",
                          "sum(store_returns.sr_return_quantity)"
                        ],
                        "Group Key": [
                          "item.i_item_id"
                        ],
                        "Shared Hit Blocks": 250066,
                        "Shared Read Blocks": 28754,
                        "Shared Dirtied Blocks": 0,
                        "Shared Written Blocks": 0,
                        "Local Hit Blocks": 0,
                        "Local Read Blocks": 0,
                        "Local Dirtied Blocks": 0,
                        "Local Written Blocks": 0,
                        "Temp Read Blocks": 0,
                        "Temp Written Blocks": 0,
                        "Plans": [
                          {
                            "Node Type": "Sort",
                            "Parent Relationship": "Outer",
                            "Parallel Aware": false,
                            "Async Capable": false,
                            "Startup Cost": 14658.72,
                            "Total Cost": 14658.72,
                            "Plan Rows": 1,
                            "Plan Width": 21,
                            "Actual Startup Time": 2539.557,
                            "Actual Total Time": 2539.607,
                            "Actual Rows": 6,
                            "Actual Loops": 1,
                            "Output": [
                              "item.i_item_id",
                              "store_returns.sr_return_quantity"
                            ],
                            "Sort Key": [
                              "item.i_item_id"
                            ],
                            "Sort Method": "quicksort",
                            "Sort Space Used": 25,
                            "Sort Space Type": "Memory",
                            "Shared Hit Blocks": 250066,
                            "Shared Read Blocks": 28754,
                            "Shared Dirtied Blocks": 0,
                            "Shared Written Blocks": 0,
                            "Local Hit Blocks": 0,
                            "Local Read Blocks": 0,
                            "Local Dirtied Blocks": 0,
                            "Local Written Blocks": 0,
                            "Temp Read Blocks": 0,
                            "Temp Written Blocks": 0,
                            "Plans": [
                              {
                                "Node Type": "Gather",
                                "Parent Relationship": "Outer",
                                "Parallel Aware": false,
                                "Async Capable": false,
                                "Startup Cost": 3345.73,
                                "Total Cost": 14658.71,
                                "Plan Rows": 1,
                                "Plan Width": 21,
                                "Actual Startup Time": 2280.095,
                                "Actual Total Time": 2539.592,
                                "Actual Rows": 6,
                                "Actual Loops": 1,
                                "Output": [
                                  "item.i_item_id",
                                  "store_returns.sr_return_quantity"
                                ],
                                "Workers Planned": 1,
                                "Workers Launched": 1,
                                "Single Copy": false,
                                "Shared Hit Blocks": 250066,
                                "Shared Read Blocks": 28754,
                                "Shared Dirtied Blocks": 0,
                                "Shared Written Blocks": 0,
                                "Local Hit Blocks": 0,
                                "Local Read Blocks": 0,
                                "Local Dirtied Blocks": 0,
                                "Local Written Blocks": 0,
                                "Temp Read Blocks": 0,
                                "Temp Written Blocks": 0,
                                "Plans": [
                                  {
                                    "Node Type": "Nested Loop",
                                    "Parent Relationship": "Outer",
                                    "Parallel Aware": false,
                                    "Async Capable": false,
                                    "Join Type": "Inner",
                                    "Startup Cost": 2345.73,
                                    "Total Cost": 13658.61,
                                    "Plan Rows": 1,
                                    "Plan Width": 21,
                                    "Actual Startup Time": 1851.667,
                                    "Actual Total Time": 2511.735,
                                    "Actual Rows": 3,
                                    "Actual Loops": 2,
                                    "Output": [
                                      "item.i_item_id",
                                      "store_returns.sr_return_quantity"
                                    ],
                                    "Inner Unique": true,
                                    "Shared Hit Blocks": 250066,
                                    "Shared Read Blocks": 28754,
                                    "Shared Dirtied Blocks": 0,
                                    "Shared Written Blocks": 0,
                                    "Local Hit Blocks": 0,
                                    "Local Read Blocks": 0,
                                    "Local Dirtied Blocks": 0,
                                    "Local Written Blocks": 0,
                                    "Temp Read Blocks": 0,
                                    "Temp Written Blocks": 0,
                                    "Workers": [
                                      {
                                        "Worker Number": 0,
                                        "Actual Startup Time": 1423.52,
                                        "Actual Total Time": 2505.358,
                                        "Actual Rows": 4,
                                        "Actual Loops": 1,
                                        "JIT": {
                                          "Functions": 30,
                                          "Options": {
                                            "Inlining": false,
                                            "Optimization": false,
                                            "Expressions": true,
                                            "Deforming": true
                                          },
                                          "Timing": {
                                            "Generation": 1.285,
                                            "Inlining": 0.0,
                                            "Optimization": 1.0,
                                            "Emission": 14.538,
                                            "Total": 16.823
                                          }
                                        },
                                        "Shared Hit Blocks": 147210,
                                        "Shared Read Blocks": 14044,
                                        "Shared Dirtied Blocks": 0,
                                        "Shared Written Blocks": 0,
                                        "Local Hit Blocks": 0,
                                        "Local Read Blocks": 0,
                                        "Local Dirtied Blocks": 0,
                                        "Local Written Blocks": 0,
                                        "Temp Read Blocks": 0,
                                        "Temp Written Blocks": 0
                                      }
                                    ],
                                    "Plans": [
                                      {
                                        "Node Type": "Nested Loop",
                                        "Parent Relationship": "Outer",
                                        "Parallel Aware": false,
                                        "Async Capable": false,
                                        "Join Type": "Inner",
                                        "Startup Cost": 2345.44,
                                        "Total Cost": 13653.77,
                                        "Plan Rows": 1,
                                        "Plan Width": 8,
                                        "Actual Startup Time": 279.551,
                                        "Actual Total Time": 2494.93,
                                        "Actual Rows": 74,
                                        "Actual Loops": 2,
                                        "Output": [
                                          "store_returns.sr_return_quantity",
                                          "store_returns.sr_item_sk"
                                        ],
                                        "Inner Unique": false,
                                        "Shared Hit Blocks": 249812,
                                        "Shared Read Blocks": 28560,
                                        "Shared Dirtied Blocks": 0,
                                        "Shared Written Blocks": 0,
                                        "Local Hit Blocks": 0,
                                        "Local Read Blocks": 0,
                                        "Local Dirtied Blocks": 0,
                                        "Local Written Blocks": 0,
                                        "Temp Read Blocks": 0,
                                        "Temp Written Blocks": 0,
                                        "Workers": [
                                          {
                                            "Worker Number": 0,
                                            "Actual Startup Time": 422.954,
                                            "Actual Total Time": 2488.605,
                                            "Actual Rows": 85,
                                            "Actual Loops": 1,
                                            "Shared Hit Blocks": 147047,
                                            "Shared Read Blocks": 13951,
                                            "Shared Dirtied Blocks": 0,
                                            "Shared Written Blocks": 0,
                                            "Local Hit Blocks": 0,
                                            "Local Read Blocks": 0,
                                            "Local Dirtied Blocks": 0,
                                            "Local Written Blocks": 0,
                                            "Temp Read Blocks": 0,
                                            "Temp Written Blocks": 0
                                          }
                                        ],
                                        "Plans": [
                                          {
                                            "Node Type": "Hash Join",
                                            "Parent Relationship": "Outer",
                                            "Parallel Aware": false,
                                            "Async Capable": false,
                                            "Join Type": "Semi",
                                            "Startup Cost": 2345.0,
                                            "Total Cost": 4312.3,
                                            "Plan Rows": 72,
                                            "Plan Width": 4,
                                            "Actual Startup Time": 90.222,
                                            "Actual Total Time": 146.943,
                                            "Actual Rows": 60,
                                            "Actual Loops": 2,
                                            "Output": [
                                              "date_dim.d_date_sk"
                                            ],
                                            "Inner Unique": false,
                                            "Hash Cond": "(date_dim.d_date = date_dim_1.d_date)",
                                            "Shared Hit Blocks": 246,
                                            "Shared Read Blocks": 1613,
                                            "Shared Dirtied Blocks": 0,
                                            "Shared Written Blocks": 0,
                                            "Local Hit Blocks": 0,
                                            "Local Read Blocks": 0,
                                            "Local Dirtied Blocks": 0,
                                            "Local Written Blocks": 0,
                                            "Temp Read Blocks": 0,
                                            "Temp Written Blocks": 0,
                                            "Workers": [
                                              {
                                                "Worker Number": 0,
                                                "Actual Startup Time": 73.35,
                                                "Actual Total Time": 74.003,
                                                "Actual Rows": 70,
                                                "Actual Loops": 1,
                                                "Shared Hit Blocks": 227,
                                                "Shared Read Blocks": 313,
                                                "Shared Dirtied Blocks": 0,
                                                "Shared Written Blocks": 0,
                                                "Local Hit Blocks": 0,
                                                "Local Read Blocks": 0,
                                                "Local Dirtied Blocks": 0,
                                                "Local Written Blocks": 0,
                                                "Temp Read Blocks": 0,
                                                "Temp Written Blocks": 0
                                              }
                                            ],
                                            "Plans": [
                                              {
                                                "Node Type": "Seq Scan",
                                                "Parent Relationship": "Outer",
                                                "Parallel Aware": true,
                                                "Async Capable": false,
                                                "Relation Name": "date_dim",
                                                "Schema": "public",
                                                "Alias": "date_dim",
                                                "Startup Cost": 0.0,
                                                "Total Cost": 1853.7,
                                                "Plan Rows": 42970,
                                                "Plan Width": 8,
                                                "Actual Startup Time": 1.01,
                                                "Actual Total Time": 111.851,
                                                "Actual Rows": 36524,
                                                "Actual Loops": 2,
                                                "Output": [
                                                  "date_dim.d_date_sk",
                                                  "date_dim.d_date_id",
                                                  "date_dim.d_date",
                                                  "date_dim.d_month_seq",
                                                  "date_dim.d_week_seq",
                                                  "date_dim.d_quarter_seq",
                                                  "date_dim.d_year",
                                                  "date_dim.d_dow",
                                                  "date_dim.d_moy",
                                                  "date_dim.d_dom",
                                                  "date_dim.d_qoy",
                                                  "date_dim.d_fy_year",
                                                  "date_dim.d_fy_quarter_seq",
                                                  "date_dim.d_fy_week_seq",
                                                  "date_dim.d_day_name",
                                                  "date_dim.d_quarter_name",
                                                  "date_dim.d_holiday",
                                                  "date_dim.d_weekend",
                                                  "date_dim.d_following_holiday",
                                                  "date_dim.d_first_dom",
                                                  "date_dim.d_last_dom",
                                                  "date_dim.d_same_day_ly",
                                                  "date_dim.d_same_day_lq",
                                                  "date_dim.d_current_day",
                                                  "date_dim.d_current_week",
                                                  "date_dim.d_current_month",
                                                  "date_dim.d_current_quarter",
                                                  "date_dim.d_current_year"
                                                ],
                                                "Shared Hit Blocks": 9,
                                                "Shared Read Blocks": 1415,
                                                "Shared Dirtied Blocks": 0,
                                                "Shared Written Blocks": 0,
                                                "Local Hit Blocks": 0,
                                                "Local Read Blocks": 0,
                                                "Local Dirtied Blocks": 0,
                                                "Local Written Blocks": 0,
                                                "Temp Read Blocks": 0,
                                                "Temp Written Blocks": 0,
                                                "Workers": [
                                                  {
                                                    "Worker Number": 0,
                                                    "Actual Startup Time": 0.887,
                                                    "Actual Total Time": 50.67,
                                                    "Actual Rows": 16432,
                                                    "Actual Loops": 1,
                                                    "Shared Hit Blocks": 3,
                                                    "Shared Read Blocks": 313,
                                                    "Shared Dirtied Blocks": 0,
                                                    "Shared Written Blocks": 0,
                                                    "Local Hit Blocks": 0,
                                                    "Local Read Blocks": 0,
                                                    "Local Dirtied Blocks": 0,
                                                    "Local Written Blocks": 0,
                                                    "Temp Read Blocks": 0,
                                                    "Temp Written Blocks": 0
                                                  }
                                                ]
                                              },
                                              {
                                                "Node Type": "Hash",
                                                "Parent Relationship": "Inner",
                                                "Parallel Aware": false,
                                                "Async Capable": false,
                                                "Startup Cost": 2343.48,
                                                "Total Cost": 2343.48,
                                                "Plan Rows": 122,
                                                "Plan Width": 4,
                                                "Actual Startup Time": 31.506,
                                                "Actual Total Time": 31.509,
                                                "Actual Rows": 120,
                                                "Actual Loops": 2,
                                                "Output": [
                                                  "date_dim_1.d_date"
                                                ],
                                                "Hash Buckets": 1024,
                                                "Original Hash Buckets": 1024,
                                                "Hash Batches": 1,
                                                "Original Hash Batches": 1,
                                                "Peak Memory Usage": 13,
                                                "Shared Hit Blocks": 225,
                                                "Shared Read Blocks": 198,
                                                "Shared Dirtied Blocks": 0,
                                                "Shared Written Blocks": 0,
                                                "Local Hit Blocks": 0,
                                                "Local Read Blocks": 0,
                                                "Local Dirtied Blocks": 0,
                                                "Local Written Blocks": 0,
                                                "Temp Read Blocks": 0,
                                                "Temp Written Blocks": 0,
                                                "Workers": [
                                                  {
                                                    "Worker Number": 0,
                                                    "Actual Startup Time": 21.46,
                                                    "Actual Total Time": 21.462,
                                                    "Actual Rows": 120,
                                                    "Actual Loops": 1,
                                                    "Shared Hit Blocks": 212,
                                                    "Shared Read Blocks": 0,
                                                    "Shared Dirtied Blocks": 0,
                                                    "Shared Written Blocks": 0,
                                                    "Local Hit Blocks": 0,
                                                    "Local Read Blocks": 0,
                                                    "Local Dirtied Blocks": 0,
                                                    "Local Written Blocks": 0,
                                                    "Temp Read Blocks": 0,
                                                    "Temp Written Blocks": 0
                                                  }
                                                ],
                                                "Plans": [
                                                  {
                                                    "Node Type": "Nested Loop",
                                                    "Parent Relationship": "Outer",
                                                    "Parallel Aware": false,
                                                    "Async Capable": false,
                                                    "Join Type": "Inner",
                                                    "Startup Cost": 2317.51,
                                                    "Total Cost": 2343.48,
                                                    "Plan Rows": 122,
                                                    "Plan Width": 4,
                                                    "Actual Startup Time": 31.465,
                                                    "Actual Total Time": 31.49,
                                                    "Actual Rows": 120,
                                                    "Actual Loops": 2,
                                                    "Output": [
                                                      "date_dim_1.d_date"
                                                    ],
                                                    "Inner Unique": false,
                                                    "Shared Hit Blocks": 225,
                                                    "Shared Read Blocks": 198,
                                                    "Shared Dirtied Blocks": 0,
                                                    "Shared Written Blocks": 0,
                                                    "Local Hit Blocks": 0,
                                                    "Local Read Blocks": 0,
                                                    "Local Dirtied Blocks": 0,
                                                    "Local Written Blocks": 0,
                                                    "Temp Read Blocks": 0,
                                                    "Temp Written Blocks": 0,
                                                    "Workers": [
                                                      {
                                                        "Worker Number": 0,
                                                        "Actual Startup Time": 21.423,
                                                        "Actual Total Time": 21.446,
                                                        "Actual Rows": 120,
                                                        "Actual Loops": 1,
                                                        "Shared Hit Blocks": 212,
                                                        "Shared Read Blocks": 0,
                                                        "Shared Dirtied Blocks": 0,
                                                        "Shared Written Blocks": 0,
                                                        "Local Hit Blocks": 0,
                                                        "Local Read Blocks": 0,
                                                        "Local Dirtied Blocks": 0,
                                                        "Local Written Blocks": 0,
                                                        "Temp Read Blocks": 0,
                                                        "Temp Written Blocks": 0
                                                      }
                                                    ],
                                                    "Plans": [
                                                      {
                                                        "Node Type": "Aggregate",
                                                        "Strategy": "Hashed",
                                                        "Partial Mode": "Simple",
                                                        "Parent Relationship": "Outer",
                                                        "Parallel Aware": false,
                                                        "Async Capable": false,
                                                        "Startup Cost": 2317.22,
                                                        "Total Cost": 2317.26,
                                                        "Plan Rows": 4,
                                                        "Plan Width": 4,
                                                        "Actual Startup Time": 31.444,
                                                        "Actual Total Time": 31.446,
                                                        "Actual Rows": 4,
                                                        "Actual Loops": 2,
                                                        "Output": [
                                                          "date_dim_2.d_month_seq"
                                                        ],
                                                        "Group Key": [
                                                          "date_dim_2.d_month_seq"
                                                        ],
                                                        "Planned Partitions": 0,
                                                        "HashAgg Batches": 1,
                                                        "Peak Memory Usage": 24,
                                                        "Disk Usage": 0,
                                                        "Shared Hit Blocks": 207,
                                                        "Shared Read Blocks": 198,
                                                        "Shared Dirtied Blocks": 0,
                                                        "Shared Written Blocks": 0,
                                                        "Local Hit Blocks": 0,
                                                        "Local Read Blocks": 0,
                                                        "Local Dirtied Blocks": 0,
                                                        "Local Written Blocks": 0,
                                                        "Temp Read Blocks": 0,
                                                        "Temp Written Blocks": 0,
                                                        "Workers": [
                                                          {
                                                            "Worker Number": 0,
                                                            "Actual Startup Time": 21.403,
                                                            "Actual Total Time": 21.404,
                                                            "Actual Rows": 4,
                                                            "Actual Loops": 1,
                                                            "HashAgg Batches": 1,
                                                            "Peak Memory Usage": 24,
                                                            "Disk Usage": 0,
                                                            "Shared Hit Blocks": 203,
                                                            "Shared Read Blocks": 0,
                                                            "Shared Dirtied Blocks": 0,
                                                            "Shared Written Blocks": 0,
                                                            "Local Hit Blocks": 0,
                                                            "Local Read Blocks": 0,
                                                            "Local Dirtied Blocks": 0,
                                                            "Local Written Blocks": 0,
                                                            "Temp Read Blocks": 0,
                                                            "Temp Written Blocks": 0
                                                          }
                                                        ],
                                                        "Plans": [
                                                          {
                                                            "Node Type": "Index Only Scan",
                                                            "Parent Relationship": "Outer",
                                                            "Parallel Aware": false,
                                                            "Async Capable": false,
                                                            "Scan Direction": "Forward",
                                                            "Index Name": "_dta_index_date_dim_6_661577395__k4_k3",
                                                            "Relation Name": "date_dim",
                                                            "Schema": "public",
                                                            "Alias": "date_dim_2",
                                                            "Startup Cost": 0.29,
                                                            "Total Cost": 2317.21,
                                                            "Plan Rows": 4,
                                                            "Plan Width": 4,
                                                            "Actual Startup Time": 18.164,
                                                            "Actual Total Time": 31.376,
                                                            "Actual Rows": 4,
                                                            "Actual Loops": 2,
                                                            "Output": [
                                                              "date_dim_2.d_month_seq",
                                                              "date_dim_2.d_date"
                                                            ],
                                                            "Filter": "(date_dim_2.d_date = ANY ('{2002-02-01,2002-04-11,2002-07-17,2002-10-09}'::date[]))",
                                                            "Rows Removed by Filter": 73045,
                                                            "Heap Fetches": 0,
                                                            "Shared Hit Blocks": 207,
                                                            "Shared Read Blocks": 198,
                                                            "Shared Dirtied Blocks": 0,
                                                            "Shared Written Blocks": 0,
                                                            "Local Hit Blocks": 0,
                                                            "Local Read Blocks": 0,
                                                            "Local Dirtied Blocks": 0,
                                                            "Local Written Blocks": 0,
                                                            "Temp Read Blocks": 0,
                                                            "Temp Written Blocks": 0,
                                                            "Workers": [
                                                              {
                                                                "Worker Number": 0,
                                                                "Actual Startup Time": 18.684,
                                                                "Actual Total Time": 21.331,
                                                                "Actual Rows": 4,
                                                                "Actual Loops": 1,
                                                                "Shared Hit Blocks": 203,
                                                                "Shared Read Blocks": 0,
                                                                "Shared Dirtied Blocks": 0,
                                                                "Shared Written Blocks": 0,
                                                                "Local Hit Blocks": 0,
                                                                "Local Read Blocks": 0,
                                                                "Local Dirtied Blocks": 0,
                                                                "Local Written Blocks": 0,
                                                                "Temp Read Blocks": 0,
                                                                "Temp Written Blocks": 0
                                                              }
                                                            ]
                                                          }
                                                        ]
                                                      },
                                                      {
                                                        "Node Type": "Index Only Scan",
                                                        "Parent Relationship": "Inner",
                                                        "Parallel Aware": false,
                                                        "Async Capable": false,
                                                        "Scan Direction": "Forward",
                                                        "Index Name": "_dta_index_date_dim_6_661577395__k4_k3",
                                                        "Relation Name": "date_dim",
                                                        "Schema": "public",
                                                        "Alias": "date_dim_1",
                                                        "Startup Cost": 0.29,
                                                        "Total Cost": 6.25,
                                                        "Plan Rows": 30,
                                                        "Plan Width": 8,
                                                        "Actual Startup Time": 0.005,
                                                        "Actual Total Time": 0.007,
                                                        "Actual Rows": 30,
                                                        "Actual Loops": 8,
                                                        "Output": [
                                                          "date_dim_1.d_month_seq",
                                                          "date_dim_1.d_date"
                                                        ],
                                                        "Index Cond": "(date_dim_1.d_month_seq = date_dim_2.d_month_seq)",
                                                        "Rows Removed by Index Recheck": 0,
                                                        "Heap Fetches": 0,
                                                        "Shared Hit Blocks": 18,
                                                        "Shared Read Blocks": 0,
                                                        "Shared Dirtied Blocks": 0,
                                                        "Shared Written Blocks": 0,
                                                        "Local Hit Blocks": 0,
                                                        "Local Read Blocks": 0,
                                                        "Local Dirtied Blocks": 0,
                                                        "Local Written Blocks": 0,
                                                        "Temp Read Blocks": 0,
                                                        "Temp Written Blocks": 0,
                                                        "Workers": [
                                                          {
                                                            "Worker Number": 0,
                                                            "Actual Startup Time": 0.004,
                                                            "Actual Total Time": 0.006,
                                                            "Actual Rows": 30,
                                                            "Actual Loops": 4,
                                                            "Shared Hit Blocks": 9,
                                                            "Shared Read Blocks": 0,
                                                            "Shared Dirtied Blocks": 0,
                                                            "Shared Written Blocks": 0,
                                                            "Local Hit Blocks": 0,
                                                            "Local Read Blocks": 0,
                                                            "Local Dirtied Blocks": 0,
                                                            "Local Written Blocks": 0,
                                                            "Temp Read Blocks": 0,
                                                            "Temp Written Blocks": 0
                                                          }
                                                        ]
                                                      }
                                                    ]
                                                  }
                                                ]
                                              }
                                            ]
                                          },
                                          {
                                            "Node Type": "Index Scan",
                                            "Parent Relationship": "Inner",
                                            "Parallel Aware": false,
                                            "Async Capable": false,
                                            "Scan Direction": "Forward",
                                            "Index Name": "_dta_index_store_returns_6_1013578649__k1_3_4_10",
                                            "Relation Name": "store_returns",
                                            "Schema": "public",
                                            "Alias": "store_returns",
                                            "Startup Cost": 0.43,
                                            "Total Cost": 129.73,
                                            "Plan Rows": 1,
                                            "Plan Width": 12,
                                            "Actual Startup Time": 14.137,
                                            "Actual Total Time": 39.126,
                                            "Actual Rows": 1,
                                            "Actual Loops": 120,
                                            "Output": [
                                              "store_returns.sr_returned_date_sk",
                                              "store_returns.sr_return_time_sk",
                                              "store_returns.sr_item_sk",
                                              "store_returns.sr_customer_sk",
                                              "store_returns.sr_cdemo_sk",
                                              "store_returns.sr_hdemo_sk",
                                              "store_returns.sr_addr_sk",
                                              "store_returns.sr_store_sk",
                                              "store_returns.sr_reason_sk",
                                              "store_returns.sr_ticket_number",
                                              "store_returns.sr_return_quantity",
                                              "store_returns.sr_return_amt",
                                              "store_returns.sr_return_tax",
                                              "store_returns.sr_return_amt_inc_tax",
                                              "store_returns.sr_fee",
                                              "store_returns.sr_return_ship_cost",
                                              "store_returns.sr_refunded_cash",
                                              "store_returns.sr_reversed_charge",
                                              "store_returns.sr_store_credit",
                                              "store_returns.sr_net_loss"
                                            ],
                                            "Index Cond": "(store_returns.sr_returned_date_sk = date_dim.d_date_sk)",
                                            "Rows Removed by Index Recheck": 0,
                                            "Filter": "((store_returns.sr_reason_sk = ANY ('{26,32,40,66,73}'::integer[])) AND ((store_returns.sr_return_amt / (store_returns.sr_return_quantity)::numeric) >= '184'::numeric) AND ((store_returns.sr_return_amt / (store_returns.sr_return_quantity)::numeric) <= '213'::numeric))",
                                            "Rows Removed by Filter": 2681,
                                            "Shared Hit Blocks": 249566,
                                            "Shared Read Blocks": 26947,
                                            "Shared Dirtied Blocks": 0,
                                            "Shared Written Blocks": 0,
                                            "Local Hit Blocks": 0,
                                            "Local Read Blocks": 0,
                                            "Local Dirtied Blocks": 0,
                                            "Local Written Blocks": 0,
                                            "Temp Read Blocks": 0,
                                            "Temp Written Blocks": 0,
                                            "Workers": [
                                              {
                                                "Worker Number": 0,
                                                "Actual Startup Time": 13.38,
                                                "Actual Total Time": 34.488,
                                                "Actual Rows": 1,
                                                "Actual Loops": 70,
                                                "Shared Hit Blocks": 146820,
                                                "Shared Read Blocks": 13638,
                                                "Shared Dirtied Blocks": 0,
                                                "Shared Written Blocks": 0,
                                                "Local Hit Blocks": 0,
                                                "Local Read Blocks": 0,
                                                "Local Dirtied Blocks": 0,
                                                "Local Written Blocks": 0,
                                                "Temp Read Blocks": 0,
                                                "Temp Written Blocks": 0
                                              }
                                            ]
                                          }
                                        ]
                                      },
                                      {
                                        "Node Type": "Index Scan",
                                        "Parent Relationship": "Inner",
                                        "Parallel Aware": false,
                                        "Async Capable": false,
                                        "Scan Direction": "Forward",
                                        "Index Name": "item_pkey",
                                        "Relation Name": "item",
                                        "Schema": "public",
                                        "Alias": "item",
                                        "Startup Cost": 0.29,
                                        "Total Cost": 4.82,
                                        "Plan Rows": 1,
                                        "Plan Width": 21,
                                        "Actual Startup Time": 0.221,
                                        "Actual Total Time": 0.221,
                                        "Actual Rows": 0,
                                        "Actual Loops": 149,
                                        "Output": [
                                          "item.i_item_sk",
                                          "item.i_item_id",
                                          "item.i_rec_start_date",
                                          "item.i_rec_end_date",
                                          "item.i_item_desc",
                                          "item.i_current_price",
                                          "item.i_wholesale_cost",
                                          "item.i_brand_id",
                                          "item.i_brand",
                                          "item.i_class_id",
                                          "item.i_class",
                                          "item.i_category_id",
                                          "item.i_category",
                                          "item.i_manufact_id",
                                          "item.i_manufact",
                                          "item.i_size",
                                          "item.i_formulation",
                                          "item.i_color",
                                          "item.i_units",
                                          "item.i_container",
                                          "item.i_manager_id",
                                          "item.i_product_name"
                                        ],
                                        "Index Cond": "(item.i_item_sk = store_returns.sr_item_sk)",
                                        "Rows Removed by Index Recheck": 0,
                                        "Filter": "((item.i_category = ANY ('{Jewelry,Music}'::bpchar[])) AND (item.i_manager_id >= 16) AND (item.i_manager_id <= 25))",
                                        "Rows Removed by Filter": 1,
                                        "Shared Hit Blocks": 254,
                                        "Shared Read Blocks": 194,
                                        "Shared Dirtied Blocks": 0,
                                        "Shared Written Blocks": 0,
                                        "Local Hit Blocks": 0,
                                        "Local Read Blocks": 0,
                                        "Local Dirtied Blocks": 0,
                                        "Local Written Blocks": 0,
                                        "Temp Read Blocks": 0,
                                        "Temp Written Blocks": 0,
                                        "Workers": [
                                          {
                                            "Worker Number": 0,
                                            "Actual Startup Time": 0.193,
                                            "Actual Total Time": 0.193,
                                            "Actual Rows": 0,
                                            "Actual Loops": 85,
                                            "Shared Hit Blocks": 163,
                                            "Shared Read Blocks": 93,
                                            "Shared Dirtied Blocks": 0,
                                            "Shared Written Blocks": 0,
                                            "Local Hit Blocks": 0,
                                            "Local Read Blocks": 0,
                                            "Local Dirtied Blocks": 0,
                                            "Local Written Blocks": 0,
                                            "Temp Read Blocks": 0,
                                            "Temp Written Blocks": 0
                                          }
                                        ]
                                      }
                                    ]
                                  }
                                ]
                              }
                            ]
                          }
                        ]
                      },
                      {
                        "Node Type": "Aggregate",
                        "Strategy": "Sorted",
                        "Partial Mode": "Simple",
                        "Parent Relationship": "Inner",
                        "Parallel Aware": false,
                        "Async Capable": false,
                        "Startup Cost": 65788.07,
                        "Total Cost": 65788.09,
                        "Plan Rows": 1,
                        "Plan Width": 25,
                        "Actual Startup Time": 996.907,
                        "Actual Total Time": 1000.121,
                        "Actual Rows": 0,
                        "Actual Loops": 2,
                        "Output": [
                          "item_1.i_item_id",
                          "sum(catalog_returns.cr_return_quantity)"
                        ],
                        "Group Key": [
                          "item_1.i_item_id"
                        ],
                        "Shared Hit Blocks": 3331,
                        "Shared Read Blocks": 12960,
                        "Shared Dirtied Blocks": 0,
                        "Shared Written Blocks": 0,
                        "Local Hit Blocks": 0,
                        "Local Read Blocks": 0,
                        "Local Dirtied Blocks": 0,
                        "Local Written Blocks": 0,
                        "Temp Read Blocks": 0,
                        "Temp Written Blocks": 0,
                        "Plans": [
                          {
                            "Node Type": "Sort",
                            "Parent Relationship": "Outer",
                            "Parallel Aware": false,
                            "Async Capable": false,
                            "Startup Cost": 65788.07,
                            "Total Cost": 65788.08,
                            "Plan Rows": 1,
                            "Plan Width": 21,
                            "Actual Startup Time": 996.906,
                            "Actual Total Time": 1000.12,
                            "Actual Rows": 0,
                            "Actual Loops": 2,
                            "Output": [
                              "item_1.i_item_id",
                              "catalog_returns.cr_return_quantity"
                            ],
                            "Sort Key": [
                              "item_1.i_item_id"
                            ],
                            "Sort Method": "quicksort",
                            "Sort Space Used": 25,
                            "Sort Space Type": "Memory",
                            "Shared Hit Blocks": 3331,
                            "Shared Read Blocks": 12960,
                            "Shared Dirtied Blocks": 0,
                            "Shared Written Blocks": 0,
                            "Local Hit Blocks": 0,
                            "Local Read Blocks": 0,
                            "Local Dirtied Blocks": 0,
                            "Local Written Blocks": 0,
                            "Temp Read Blocks": 0,
                            "Temp Written Blocks": 0,
                            "Plans": [
                              {
                                "Node Type": "Gather",
                                "Parent Relationship": "Outer",
                                "Parallel Aware": false,
                                "Async Capable": false,
                                "Startup Cost": 1490.47,
                                "Total Cost": 65788.06,
                                "Plan Rows": 1,
                                "Plan Width": 21,
                                "Actual Startup Time": 1993.801,
                                "Actual Total Time": 2000.227,
                                "Actual Rows": 0,
                                "Actual Loops": 1,
                                "Output": [
                                  "item_1.i_item_id",
                                  "catalog_returns.cr_return_quantity"
                                ],
                                "Workers Planned": 2,
                                "Workers Launched": 2,
                                "Single Copy": false,
                                "Shared Hit Blocks": 3331,
                                "Shared Read Blocks": 12960,
                                "Shared Dirtied Blocks": 0,
                                "Shared Written Blocks": 0,
                                "Local Hit Blocks": 0,
                                "Local Read Blocks": 0,
                                "Local Dirtied Blocks": 0,
                                "Local Written Blocks": 0,
                                "Temp Read Blocks": 0,
                                "Temp Written Blocks": 0,
                                "Plans": [
                                  {
                                    "Node Type": "Nested Loop",
                                    "Parent Relationship": "Outer",
                                    "Parallel Aware": false,
                                    "Async Capable": false,
                                    "Join Type": "Semi",
                                    "Startup Cost": 490.47,
                                    "Total Cost": 64787.96,
                                    "Plan Rows": 1,
                                    "Plan Width": 21,
                                    "Actual Startup Time": 1946.85,
                                    "Actual Total Time": 1946.854,
                                    "Actual Rows": 0,
                                    "Actual Loops": 3,
                                    "Output": [
                                      "item_1.i_item_id",
                                      "catalog_returns.cr_return_quantity"
                                    ],
                                    "Inner Unique": false,
                                    "Shared Hit Blocks": 3331,
                                    "Shared Read Blocks": 12960,
                                    "Shared Dirtied Blocks": 0,
                                    "Shared Written Blocks": 0,
                                    "Local Hit Blocks": 0,
                                    "Local Read Blocks": 0,
                                    "Local Dirtied Blocks": 0,
                                    "Local Written Blocks": 0,
                                    "Temp Read Blocks": 0,
                                    "Temp Written Blocks": 0,
                                    "Workers": [
                                      {
                                        "Worker Number": 0,
                                        "Actual Startup Time": 1930.037,
                                        "Actual Total Time": 1930.041,
                                        "Actual Rows": 0,
                                        "Actual Loops": 1,
                                        "JIT": {
                                          "Functions": 24,
                                          "Options": {
                                            "Inlining": false,
                                            "Optimization": false,
                                            "Expressions": true,
                                            "Deforming": true
                                          },
                                          "Timing": {
                                            "Generation": 4.759,
                                            "Inlining": 0.0,
                                            "Optimization": 0.882,
                                            "Emission": 15.818,
                                            "Total": 21.46
                                          }
                                        },
                                        "Shared Hit Blocks": 925,
                                        "Shared Read Blocks": 4371,
                                        "Shared Dirtied Blocks": 0,
                                        "Shared Written Blocks": 0,
                                        "Local Hit Blocks": 0,
                                        "Local Read Blocks": 0,
                                        "Local Dirtied Blocks": 0,
                                        "Local Written Blocks": 0,
                                        "Temp Read Blocks": 0,
                                        "Temp Written Blocks": 0
                                      },
                                      {
                                        "Worker Number": 1,
                                        "Actual Startup Time": 1923.652,
                                        "Actual Total Time": 1923.655,
                                        "Actual Rows": 0,
                                        "Actual Loops": 1,
                                        "JIT": {
                                          "Functions": 24,
                                          "Options": {
                                            "Inlining": false,
                                            "Optimization": false,
                                            "Expressions": true,
                                            "Deforming": true
                                          },
                                          "Timing": {
                                            "Generation": 4.463,
                                            "Inlining": 0.0,
                                            "Optimization": 0.842,
                                            "Emission": 14.933,
                                            "Total": 20.238
                                          }
                                        },
                                        "Shared Hit Blocks": 1489,
                                        "Shared Read Blocks": 4133,
                                        "Shared Dirtied Blocks": 0,
                                        "Shared Written Blocks": 0,
                                        "Local Hit Blocks": 0,
                                        "Local Read Blocks": 0,
                                        "Local Dirtied Blocks": 0,
                                        "Local Written Blocks": 0,
                                        "Temp Read Blocks": 0,
                                        "Temp Written Blocks": 0
                                      }
                                    ],
                                    "Plans": [
                                      {
                                        "Node Type": "Nested Loop",
                                        "Parent Relationship": "Outer",
                                        "Parallel Aware": false,
                                        "Async Capable": false,
                                        "Join Type": "Inner",
                                        "Startup Cost": 489.89,
                                        "Total Cost": 64238.1,
                                        "Plan Rows": 1,
                                        "Plan Width": 25,
                                        "Actual Startup Time": 580.446,
                                        "Actual Total Time": 1932.29,
                                        "Actual Rows": 2,
                                        "Actual Loops": 3,
                                        "Output": [
                                          "catalog_returns.cr_return_quantity",
                                          "item_1.i_item_id",
                                          "date_dim_3.d_date"
                                        ],
                                        "Inner Unique": true,
                                        "Shared Hit Blocks": 2104,
                                        "Shared Read Blocks": 12757,
                                        "Shared Dirtied Blocks": 0,
                                        "Shared Written Blocks": 0,
                                        "Local Hit Blocks": 0,
                                        "Local Read Blocks": 0,
                                        "Local Dirtied Blocks": 0,
                                        "Local Written Blocks": 0,
                                        "Temp Read Blocks": 0,
                                        "Temp Written Blocks": 0,
                                        "Workers": [
                                          {
                                            "Worker Number": 0,
                                            "Actual Startup Time": 318.746,
                                            "Actual Total Time": 1892.351,
                                            "Actual Rows": 2,
                                            "Actual Loops": 1,
                                            "Shared Hit Blocks": 718,
                                            "Shared Read Blocks": 4169,
                                            "Shared Dirtied Blocks": 0,
                                            "Shared Written Blocks": 0,
                                            "Local Hit Blocks": 0,
                                            "Local Read Blocks": 0,
                                            "Local Dirtied Blocks": 0,
                                            "Local Written Blocks": 0,
                                            "Temp Read Blocks": 0,
                                            "Temp Written Blocks": 0
                                          },
                                          {
                                            "Worker Number": 1,
                                            "Actual Startup Time": 983.442,
                                            "Actual Total Time": 1918.332,
                                            "Actual Rows": 4,
                                            "Actual Loops": 1,
                                            "Shared Hit Blocks": 675,
                                            "Shared Read Blocks": 4132,
                                            "Shared Dirtied Blocks": 0,
                                            "Shared Written Blocks": 0,
                                            "Local Hit Blocks": 0,
                                            "Local Read Blocks": 0,
                                            "Local Dirtied Blocks": 0,
                                            "Local Written Blocks": 0,
                                            "Temp Read Blocks": 0,
                                            "Temp Written Blocks": 0
                                          }
                                        ],
                                        "Plans": [
                                          {
                                            "Node Type": "Nested Loop",
                                            "Parent Relationship": "Outer",
                                            "Parallel Aware": false,
                                            "Async Capable": false,
                                            "Join Type": "Inner",
                                            "Startup Cost": 489.6,
                                            "Total Cost": 64232.25,
                                            "Plan Rows": 1,
                                            "Plan Width": 25,
                                            "Actual Startup Time": 579.185,
                                            "Actual Total Time": 1930.602,
                                            "Actual Rows": 2,
                                            "Actual Loops": 3,
                                            "Output": [
                                              "catalog_returns.cr_return_quantity",
                                              "catalog_returns.cr_returned_date_sk",
                                              "item_1.i_item_id"
                                            ],
                                            "Inner Unique": false,
                                            "Shared Hit Blocks": 2096,
                                            "Shared Read Blocks": 12742,
                                            "Shared Dirtied Blocks": 0,
                                            "Shared Written Blocks": 0,
                                            "Local Hit Blocks": 0,
                                            "Local Read Blocks": 0,
                                            "Local Dirtied Blocks": 0,
                                            "Local Written Blocks": 0,
                                            "Temp Read Blocks": 0,
                                            "Temp Written Blocks": 0,
                                            "Workers": [
                                              {
                                                "Worker Number": 0,
                                                "Actual Startup Time": 317.407,
                                                "Actual Total Time": 1890.769,
                                                "Actual Rows": 2,
                                                "Actual Loops": 1,
                                                "Shared Hit Blocks": 716,
                                                "Shared Read Blocks": 4164,
                                                "Shared Dirtied Blocks": 0,
                                                "Shared Written Blocks": 0,
                                                "Local Hit Blocks": 0,
                                                "Local Read Blocks": 0,
                                                "Local Dirtied Blocks": 0,
                                                "Local Written Blocks": 0,
                                                "Temp Read Blocks": 0,
                                                "Temp Written Blocks": 0
                                              },
                                              {
                                                "Worker Number": 1,
                                                "Actual Startup Time": 981.375,
                                                "Actual Total Time": 1915.231,
                                                "Actual Rows": 4,
                                                "Actual Loops": 1,
                                                "Shared Hit Blocks": 670,
                                                "Shared Read Blocks": 4124,
                                                "Shared Dirtied Blocks": 0,
                                                "Shared Written Blocks": 0,
                                                "Local Hit Blocks": 0,
                                                "Local Read Blocks": 0,
                                                "Local Dirtied Blocks": 0,
                                                "Local Written Blocks": 0,
                                                "Temp Read Blocks": 0,
                                                "Temp Written Blocks": 0
                                              }
                                            ],
                                            "Plans": [
                                              {
                                                "Node Type": "Bitmap Heap Scan",
                                                "Parent Relationship": "Outer",
                                                "Parallel Aware": true,
                                                "Async Capable": false,
                                                "Relation Name": "item",
                                                "Schema": "public",
                                                "Alias": "item_1",
                                                "Startup Cost": 484.64,
                                                "Total Cost": 7689.47,
                                                "Plan Rows": 246,
                                                "Plan Width": 21,
                                                "Actual Startup Time": 20.472,
                                                "Actual Total Time": 574.579,
                                                "Actual Rows": 255,
                                                "Actual Loops": 3,
                                                "Output": [
                                                  "item_1.i_item_sk",
                                                  "item_1.i_item_id",
                                                  "item_1.i_rec_start_date",
                                                  "item_1.i_rec_end_date",
                                                  "item_1.i_item_desc",
                                                  "item_1.i_current_price",
                                                  "item_1.i_wholesale_cost",
                                                  "item_1.i_brand_id",
                                                  "item_1.i_brand",
                                                  "item_1.i_class_id",
                                                  "item_1.i_class",
                                                  "item_1.i_category_id",
                                                  "item_1.i_category",
                                                  "item_1.i_manufact_id",
                                                  "item_1.i_manufact",
                                                  "item_1.i_size",
                                                  "item_1.i_formulation",
                                                  "item_1.i_color",
                                                  "item_1.i_units",
                                                  "item_1.i_container",
                                                  "item_1.i_manager_id",
                                                  "item_1.i_product_name"
                                                ],
                                                "Recheck Cond": "(item_1.i_category = ANY ('{Jewelry,Music}'::bpchar[]))",
                                                "Rows Removed by Index Recheck": 0,
                                                "Filter": "((item_1.i_manager_id >= 16) AND (item_1.i_manager_id <= 25))",
                                                "Rows Removed by Filter": 1835,
                                                "Exact Heap Blocks": 1507,
                                                "Lossy Heap Blocks": 0,
                                                "Shared Hit Blocks": 9,
                                                "Shared Read Blocks": 4335,
                                                "Shared Dirtied Blocks": 0,
                                                "Shared Written Blocks": 0,
                                                "Local Hit Blocks": 0,
                                                "Local Read Blocks": 0,
                                                "Local Dirtied Blocks": 0,
                                                "Local Written Blocks": 0,
                                                "Temp Read Blocks": 0,
                                                "Temp Written Blocks": 0,
                                                "Workers": [
                                                  {
                                                    "Worker Number": 0,
                                                    "Actual Startup Time": 16.863,
                                                    "Actual Total Time": 565.268,
                                                    "Actual Rows": 257,
                                                    "Actual Loops": 1,
                                                    "Shared Hit Blocks": 1,
                                                    "Shared Read Blocks": 1419,
                                                    "Shared Dirtied Blocks": 0,
                                                    "Shared Written Blocks": 0,
                                                    "Local Hit Blocks": 0,
                                                    "Local Read Blocks": 0,
                                                    "Local Dirtied Blocks": 0,
                                                    "Local Written Blocks": 0,
                                                    "Temp Read Blocks": 0,
                                                    "Temp Written Blocks": 0
                                                  },
                                                  {
                                                    "Worker Number": 1,
                                                    "Actual Startup Time": 16.191,
                                                    "Actual Total Time": 536.508,
                                                    "Actual Rows": 246,
                                                    "Actual Loops": 1,
                                                    "Shared Hit Blocks": 4,
                                                    "Shared Read Blocks": 1301,
                                                    "Shared Dirtied Blocks": 0,
                                                    "Shared Written Blocks": 0,
                                                    "Local Hit Blocks": 0,
                                                    "Local Read Blocks": 0,
                                                    "Local Dirtied Blocks": 0,
                                                    "Local Written Blocks": 0,
                                                    "Temp Read Blocks": 0,
                                                    "Temp Written Blocks": 0
                                                  }
                                                ],
                                                "Plans": [
                                                  {
                                                    "Node Type": "Bitmap Index Scan",
                                                    "Parent Relationship": "Outer",
                                                    "Parallel Aware": false,
                                                    "Async Capable": false,
                                                    "Index Name": "_dta_index_item_6_853578079__k13_k11_k1",
                                                    "Startup Cost": 0.0,
                                                    "Total Cost": 484.49,
                                                    "Plan Rows": 6355,
                                                    "Plan Width": 0,
                                                    "Actual Startup Time": 26.675,
                                                    "Actual Total Time": 26.676,
                                                    "Actual Rows": 6268,
                                                    "Actual Loops": 1,
                                                    "Index Cond": "(item_1.i_category = ANY ('{Jewelry,Music}'::bpchar[]))",
                                                    "Shared Hit Blocks": 1,
                                                    "Shared Read Blocks": 111,
                                                    "Shared Dirtied Blocks": 0,
                                                    "Shared Written Blocks": 0,
                                                    "Local Hit Blocks": 0,
                                                    "Local Read Blocks": 0,
                                                    "Local Dirtied Blocks": 0,
                                                    "Local Written Blocks": 0,
                                                    "Temp Read Blocks": 0,
                                                    "Temp Written Blocks": 0,
                                                    "Workers": []
                                                  }
                                                ]
                                              },
                                              {
                                                "Node Type": "Bitmap Heap Scan",
                                                "Parent Relationship": "Inner",
                                                "Parallel Aware": false,
                                                "Async Capable": false,
                                                "Relation Name": "catalog_returns",
                                                "Schema": "public",
                                                "Alias": "catalog_returns",
                                                "Startup Cost": 4.96,
                                                "Total Cost": 229.84,
                                                "Plan Rows": 1,
                                                "Plan Width": 12,
                                                "Actual Startup Time": 5.272,
                                                "Actual Total Time": 5.318,
                                                "Actual Rows": 0,
                                                "Actual Loops": 764,
                                                "Output": [
                                                  "catalog_returns.cr_returned_date_sk",
                                                  "catalog_returns.cr_returned_time_sk",
                                                  "catalog_returns.cr_item_sk",
                                                  "catalog_returns.cr_refunded_customer_sk",
                                                  "catalog_returns.cr_refunded_cdemo_sk",
                                                  "catalog_returns.cr_refunded_hdemo_sk",
                                                  "catalog_returns.cr_refunded_addr_sk",
                                                  "catalog_returns.cr_returning_customer_sk",
                                                  "catalog_returns.cr_returning_cdemo_sk",
                                                  "catalog_returns.cr_returning_hdemo_sk",
                                                  "catalog_returns.cr_returning_addr_sk",
                                                  "catalog_returns.cr_call_center_sk",
                                                  "catalog_returns.cr_catalog_page_sk",
                                                  "catalog_returns.cr_ship_mode_sk",
                                                  "catalog_returns.cr_warehouse_sk",
                                                  "catalog_returns.cr_reason_sk",
                                                  "catalog_returns.cr_order_number",
                                                  "catalog_returns.cr_return_quantity",
                                                  "catalog_returns.cr_return_amount",
                                                  "catalog_returns.cr_return_tax",
                                                  "catalog_returns.cr_return_amt_inc_tax",
                                                  "catalog_returns.cr_fee",
                                                  "catalog_returns.cr_return_ship_cost",
                                                  "catalog_returns.cr_refunded_cash",
                                                  "catalog_returns.cr_reversed_charge",
                                                  "catalog_returns.cr_store_credit",
                                                  "catalog_returns.cr_net_loss"
                                                ],
                                                "Recheck Cond": "(catalog_returns.cr_item_sk = item_1.i_item_sk)",
                                                "Rows Removed by Index Recheck": 0,
                                                "Filter": "((catalog_returns.cr_reason_sk = ANY ('{26,32,40,66,73}'::integer[])) AND ((catalog_returns.cr_return_amount / (catalog_returns.cr_return_quantity)::numeric) >= '184'::numeric) AND ((catalog_returns.cr_return_amount / (catalog_returns.cr_return_quantity)::numeric) <= '213'::numeric))",
                                                "Rows Removed by Filter": 11,
                                                "Exact Heap Blocks": 2762,
                                                "Lossy Heap Blocks": 0,
                                                "Shared Hit Blocks": 2087,
                                                "Shared Read Blocks": 8407,
                                                "Shared Dirtied Blocks": 0,
                                                "Shared Written Blocks": 0,
                                                "Local Hit Blocks": 0,
                                                "Local Read Blocks": 0,
                                                "Local Dirtied Blocks": 0,
                                                "Local Written Blocks": 0,
                                                "Temp Read Blocks": 0,
                                                "Temp Written Blocks": 0,
                                                "Workers": [
                                                  {
                                                    "Worker Number": 0,
                                                    "Actual Startup Time": 5.067,
                                                    "Actual Total Time": 5.151,
                                                    "Actual Rows": 0,
                                                    "Actual Loops": 257,
                                                    "Shared Hit Blocks": 715,
                                                    "Shared Read Blocks": 2745,
                                                    "Shared Dirtied Blocks": 0,
                                                    "Shared Written Blocks": 0,
                                                    "Local Hit Blocks": 0,
                                                    "Local Read Blocks": 0,
                                                    "Local Dirtied Blocks": 0,
                                                    "Local Written Blocks": 0,
                                                    "Temp Read Blocks": 0,
                                                    "Temp Written Blocks": 0
                                                  },
                                                  {
                                                    "Worker Number": 1,
                                                    "Actual Startup Time": 5.553,
                                                    "Actual Total Time": 5.599,
                                                    "Actual Rows": 0,
                                                    "Actual Loops": 246,
                                                    "Shared Hit Blocks": 666,
                                                    "Shared Read Blocks": 2823,
                                                    "Shared Dirtied Blocks": 0,
                                                    "Shared Written Blocks": 0,
                                                    "Local Hit Blocks": 0,
                                                    "Local Read Blocks": 0,
                                                    "Local Dirtied Blocks": 0,
                                                    "Local Written Blocks": 0,
                                                    "Temp Read Blocks": 0,
                                                    "Temp Written Blocks": 0
                                                  }
                                                ],
                                                "Plans": [
                                                  {
                                                    "Node Type": "Bitmap Index Scan",
                                                    "Parent Relationship": "Outer",
                                                    "Parallel Aware": false,
                                                    "Async Capable": false,
                                                    "Index Name": "catalog_returns_pkey",
                                                    "Startup Cost": 0.0,
                                                    "Total Cost": 4.96,
                                                    "Plan Rows": 92,
                                                    "Plan Width": 0,
                                                    "Actual Startup Time": 0.376,
                                                    "Actual Total Time": 0.376,
                                                    "Actual Rows": 11,
                                                    "Actual Loops": 764,
                                                    "Index Cond": "(catalog_returns.cr_item_sk = item_1.i_item_sk)",
                                                    "Shared Hit Blocks": 1580,
                                                    "Shared Read Blocks": 714,
                                                    "Shared Dirtied Blocks": 0,
                                                    "Shared Written Blocks": 0,
                                                    "Local Hit Blocks": 0,
                                                    "Local Read Blocks": 0,
                                                    "Local Dirtied Blocks": 0,
                                                    "Local Written Blocks": 0,
                                                    "Temp Read Blocks": 0,
                                                    "Temp Written Blocks": 0,
                                                    "Workers": [
                                                      {
                                                        "Worker Number": 0,
                                                        "Actual Startup Time": 0.378,
                                                        "Actual Total Time": 0.378,
                                                        "Actual Rows": 10,
                                                        "Actual Loops": 257,
                                                        "Shared Hit Blocks": 530,
                                                        "Shared Read Blocks": 242,
                                                        "Shared Dirtied Blocks": 0,
                                                        "Shared Written Blocks": 0,
                                                        "Local Hit Blocks": 0,
                                                        "Local Read Blocks": 0,
                                                        "Local Dirtied Blocks": 0,
                                                        "Local Written Blocks": 0,
                                                        "Temp Read Blocks": 0,
                                                        "Temp Written Blocks": 0
                                                      },
                                                      {
                                                        "Worker Number": 1,
                                                        "Actual Startup Time": 0.38,
                                                        "Actual Total Time": 0.38,
                                                        "Actual Rows": 11,
                                                        "Actual Loops": 246,
                                                        "Shared Hit Blocks": 510,
                                                        "Shared Read Blocks": 229,
                                                        "Shared Dirtied Blocks": 0,
                                                        "Shared Written Blocks": 0,
                                                        "Local Hit Blocks": 0,
                                                        "Local Read Blocks": 0,
                                                        "Local Dirtied Blocks": 0,
                                                        "Local Written Blocks": 0,
                                                        "Temp Read Blocks": 0,
                                                        "Temp Written Blocks": 0
                                                      }
                                                    ]
                                                  }
                                                ]
                                              }
                                            ]
                                          },
                                          {
                                            "Node Type": "Index Scan",
                                            "Parent Relationship": "Inner",
                                            "Parallel Aware": false,
                                            "Async Capable": false,
                                            "Scan Direction": "Forward",
                                            "Index Name": "date_dim_pkey",
                                            "Relation Name": "date_dim",
                                            "Schema": "public",
                                            "Alias": "date_dim_3",
                                            "Startup Cost": 0.29,
                                            "Total Cost": 5.85,
                                            "Plan Rows": 1,
                                            "Plan Width": 8,
                                            "Actual Startup Time": 0.705,
                                            "Actual Total Time": 0.705,
                                            "Actual Rows": 1,
                                            "Actual Loops": 7,
                                            "Output": [
                                              "date_dim_3.d_date_sk",
                                              "date_dim_3.d_date_id",
                                              "date_dim_3.d_date",
                                              "date_dim_3.d_month_seq",
                                              "date_dim_3.d_week_seq",
                                              "date_dim_3.d_quarter_seq",
                                              "date_dim_3.d_year",
                                              "date_dim_3.d_dow",
                                              "date_dim_3.d_moy",
                                              "date_dim_3.d_dom",
                                              "date_dim_3.d_qoy",
                                              "date_dim_3.d_fy_year",
                                              "date_dim_3.d_fy_quarter_seq",
                                              "date_dim_3.d_fy_week_seq",
                                              "date_dim_3.d_day_name",
                                              "date_dim_3.d_quarter_name",
                                              "date_dim_3.d_holiday",
                                              "date_dim_3.d_weekend",
                                              "date_dim_3.d_following_holiday",
                                              "date_dim_3.d_first_dom",
                                              "date_dim_3.d_last_dom",
                                              "date_dim_3.d_same_day_ly",
                                              "date_dim_3.d_same_day_lq",
                                              "date_dim_3.d_current_day",
                                              "date_dim_3.d_current_week",
                                              "date_dim_3.d_current_month",
                                              "date_dim_3.d_current_quarter",
                                              "date_dim_3.d_current_year"
                                            ],
                                            "Index Cond": "(date_dim_3.d_date_sk = catalog_returns.cr_returned_date_sk)",
                                            "Rows Removed by Index Recheck": 0,
                                            "Shared Hit Blocks": 8,
                                            "Shared Read Blocks": 15,
                                            "Shared Dirtied Blocks": 0,
                                            "Shared Written Blocks": 0,
                                            "Local Hit Blocks": 0,
                                            "Local Read Blocks": 0,
                                            "Local Dirtied Blocks": 0,
                                            "Local Written Blocks": 0,
                                            "Temp Read Blocks": 0,
                                            "Temp Written Blocks": 0,
                                            "Workers": [
                                              {
                                                "Worker Number": 0,
                                                "Actual Startup Time": 0.77,
                                                "Actual Total Time": 0.77,
                                                "Actual Rows": 1,
                                                "Actual Loops": 2,
                                                "Shared Hit Blocks": 2,
                                                "Shared Read Blocks": 5,
                                                "Shared Dirtied Blocks": 0,
                                                "Shared Written Blocks": 0,
                                                "Local Hit Blocks": 0,
                                                "Local Read Blocks": 0,
                                                "Local Dirtied Blocks": 0,
                                                "Local Written Blocks": 0,
                                                "Temp Read Blocks": 0,
                                                "Temp Written Blocks": 0
                                              },
                                              {
                                                "Worker Number": 1,
                                                "Actual Startup Time": 0.762,
                                                "Actual Total Time": 0.762,
                                                "Actual Rows": 1,
                                                "Actual Loops": 4,
                                                "Shared Hit Blocks": 5,
                                                "Shared Read Blocks": 8,
                                                "Shared Dirtied Blocks": 0,
                                                "Shared Written Blocks": 0,
                                                "Local Hit Blocks": 0,
                                                "Local Read Blocks": 0,
                                                "Local Dirtied Blocks": 0,
                                                "Local Written Blocks": 0,
                                                "Temp Read Blocks": 0,
                                                "Temp Written Blocks": 0
                                              }
                                            ]
                                          }
                                        ]
                                      },
                                      {
                                        "Node Type": "Nested Loop",
                                        "Parent Relationship": "Inner",
                                        "Parallel Aware": false,
                                        "Async Capable": false,
                                        "Join Type": "Semi",
                                        "Startup Cost": 0.58,
                                        "Total Cost": 549.85,
                                        "Plan Rows": 1,
                                        "Plan Width": 4,
                                        "Actual Startup Time": 6.238,
                                        "Actual Total Time": 6.239,
                                        "Actual Rows": 0,
                                        "Actual Loops": 7,
                                        "Output": [
                                          "date_dim_4.d_date"
                                        ],
                                        "Inner Unique": false,
                                        "Shared Hit Blocks": 1227,
                                        "Shared Read Blocks": 203,
                                        "Shared Dirtied Blocks": 0,
                                        "Shared Written Blocks": 0,
                                        "Local Hit Blocks": 0,
                                        "Local Read Blocks": 0,
                                        "Local Dirtied Blocks": 0,
                                        "Local Written Blocks": 0,
                                        "Temp Read Blocks": 0,
                                        "Temp Written Blocks": 0,
                                        "Workers": [
                                          {
                                            "Worker Number": 0,
                                            "Actual Startup Time": 18.841,
                                            "Actual Total Time": 18.841,
                                            "Actual Rows": 0,
                                            "Actual Loops": 2,
                                            "Shared Hit Blocks": 207,
                                            "Shared Read Blocks": 202,
                                            "Shared Dirtied Blocks": 0,
                                            "Shared Written Blocks": 0,
                                            "Local Hit Blocks": 0,
                                            "Local Read Blocks": 0,
                                            "Local Dirtied Blocks": 0,
                                            "Local Written Blocks": 0,
                                            "Temp Read Blocks": 0,
                                            "Temp Written Blocks": 0
                                          },
                                          {
                                            "Worker Number": 1,
                                            "Actual Startup Time": 1.328,
                                            "Actual Total Time": 1.328,
                                            "Actual Rows": 0,
                                            "Actual Loops": 4,
                                            "Shared Hit Blocks": 814,
                                            "Shared Read Blocks": 1,
                                            "Shared Dirtied Blocks": 0,
                                            "Shared Written Blocks": 0,
                                            "Local Hit Blocks": 0,
                                            "Local Read Blocks": 0,
                                            "Local Dirtied Blocks": 0,
                                            "Local Written Blocks": 0,
                                            "Temp Read Blocks": 0,
                                            "Temp Written Blocks": 0
                                          }
                                        ],
                                        "Plans": [
                                          {
                                            "Node Type": "Index Only Scan",
                                            "Parent Relationship": "Outer",
                                            "Parallel Aware": false,
                                            "Async Capable": false,
                                            "Scan Direction": "Forward",
                                            "Index Name": "_dta_index_date_dim_6_661577395__k4_k3",
                                            "Relation Name": "date_dim",
                                            "Schema": "public",
                                            "Alias": "date_dim_4",
                                            "Startup Cost": 0.29,
                                            "Total Cost": 548.18,
                                            "Plan Rows": 1,
                                            "Plan Width": 8,
                                            "Actual Startup Time": 3.168,
                                            "Actual Total Time": 6.212,
                                            "Actual Rows": 1,
                                            "Actual Loops": 7,
                                            "Output": [
                                              "date_dim_4.d_month_seq",
                                              "date_dim_4.d_date"
                                            ],
                                            "Index Cond": "(date_dim_4.d_date = date_dim_3.d_date)",
                                            "Rows Removed by Index Recheck": 0,
                                            "Heap Fetches": 0,
                                            "Shared Hit Blocks": 1209,
                                            "Shared Read Blocks": 203,
                                            "Shared Dirtied Blocks": 0,
                                            "Shared Written Blocks": 0,
                                            "Local Hit Blocks": 0,
                                            "Local Read Blocks": 0,
                                            "Local Dirtied Blocks": 0,
                                            "Local Written Blocks": 0,
                                            "Temp Read Blocks": 0,
                                            "Temp Written Blocks": 0,
                                            "Workers": [
                                              {
                                                "Worker Number": 0,
                                                "Actual Startup Time": 9.235,
                                                "Actual Total Time": 18.81,
                                                "Actual Rows": 1,
                                                "Actual Loops": 2,
                                                "Shared Hit Blocks": 202,
                                                "Shared Read Blocks": 202,
                                                "Shared Dirtied Blocks": 0,
                                                "Shared Written Blocks": 0,
                                                "Local Hit Blocks": 0,
                                                "Local Read Blocks": 0,
                                                "Local Dirtied Blocks": 0,
                                                "Local Written Blocks": 0,
                                                "Temp Read Blocks": 0,
                                                "Temp Written Blocks": 0
                                              },
                                              {
                                                "Worker Number": 1,
                                                "Actual Startup Time": 0.832,
                                                "Actual Total Time": 1.303,
                                                "Actual Rows": 1,
                                                "Actual Loops": 4,
                                                "Shared Hit Blocks": 805,
                                                "Shared Read Blocks": 1,
                                                "Shared Dirtied Blocks": 0,
                                                "Shared Written Blocks": 0,
                                                "Local Hit Blocks": 0,
                                                "Local Read Blocks": 0,
                                                "Local Dirtied Blocks": 0,
                                                "Local Written Blocks": 0,
                                                "Temp Read Blocks": 0,
                                                "Temp Written Blocks": 0
                                              }
                                            ]
                                          },
                                          {
                                            "Node Type": "Index Only Scan",
                                            "Parent Relationship": "Inner",
                                            "Parallel Aware": false,
                                            "Async Capable": false,
                                            "Scan Direction": "Forward",
                                            "Index Name": "_dta_index_date_dim_6_661577395__k4_k3",
                                            "Relation Name": "date_dim",
                                            "Schema": "public",
                                            "Alias": "date_dim_5",
                                            "Startup Cost": 0.29,
                                            "Total Cost": 0.98,
                                            "Plan Rows": 1,
                                            "Plan Width": 4,
                                            "Actual Startup Time": 0.013,
                                            "Actual Total Time": 0.013,
                                            "Actual Rows": 0,
                                            "Actual Loops": 7,
                                            "Output": [
                                              "date_dim_5.d_month_seq",
                                              "date_dim_5.d_date"
                                            ],
                                            "Index Cond": "(date_dim_5.d_month_seq = date_dim_4.d_month_seq)",
                                            "Rows Removed by Index Recheck": 0,
                                            "Filter": "(date_dim_5.d_date = ANY ('{2002-02-01,2002-04-11,2002-07-17,2002-10-09}'::date[]))",
                                            "Rows Removed by Filter": 30,
                                            "Heap Fetches": 0,
                                            "Shared Hit Blocks": 18,
                                            "Shared Read Blocks": 0,
                                            "Shared Dirtied Blocks": 0,
                                            "Shared Written Blocks": 0,
                                            "Local Hit Blocks": 0,
                                            "Local Read Blocks": 0,
                                            "Local Dirtied Blocks": 0,
                                            "Local Written Blocks": 0,
                                            "Temp Read Blocks": 0,
                                            "Temp Written Blocks": 0,
                                            "Workers": [
                                              {
                                                "Worker Number": 0,
                                                "Actual Startup Time": 0.013,
                                                "Actual Total Time": 0.014,
                                                "Actual Rows": 0,
                                                "Actual Loops": 2,
                                                "Shared Hit Blocks": 5,
                                                "Shared Read Blocks": 0,
                                                "Shared Dirtied Blocks": 0,
                                                "Shared Written Blocks": 0,
                                                "Local Hit Blocks": 0,
                                                "Local Read Blocks": 0,
                                                "Local Dirtied Blocks": 0,
                                                "Local Written Blocks": 0,
                                                "Temp Read Blocks": 0,
                                                "Temp Written Blocks": 0
                                              },
                                              {
                                                "Worker Number": 1,
                                                "Actual Startup Time": 0.013,
                                                "Actual Total Time": 0.013,
                                                "Actual Rows": 0,
                                                "Actual Loops": 4,
                                                "Shared Hit Blocks": 9,
                                                "Shared Read Blocks": 0,
                                                "Shared Dirtied Blocks": 0,
                                                "Shared Written Blocks": 0,
                                                "Local Hit Blocks": 0,
                                                "Local Read Blocks": 0,
                                                "Local Dirtied Blocks": 0,
                                                "Local Written Blocks": 0,
                                                "Temp Read Blocks": 0,
                                                "Temp Written Blocks": 0
                                              }
                                            ]
                                          }
                                        ]
                                      }
                                    ]
                                  }
                                ]
                              }
                            ]
                          }
                        ]
                      }
                    ]
                  },
                  {
                    "Node Type": "Aggregate",
                    "Strategy": "Sorted",
                    "Partial Mode": "Simple",
                    "Parent Relationship": "Inner",
                    "Parallel Aware": false,
                    "Async Capable": false,
                    "Startup Cost": 46617.35,
                    "Total Cost": 46617.37,
                    "Plan Rows": 1,
                    "Plan Width": 25,
                    "Actual Startup Time": 0.0,
                    "Actual Total Time": 0.0,
                    "Actual Rows": 0,
                    "Actual Loops": 0,
                    "Output": [
                      "item_2.i_item_id",
                      "sum(web_returns.wr_return_quantity)"
                    ],
                    "Group Key": [
                      "item_2.i_item_id"
                    ],
                    "Shared Hit Blocks": 0,
                    "Shared Read Blocks": 0,
                    "Shared Dirtied Blocks": 0,
                    "Shared Written Blocks": 0,
                    "Local Hit Blocks": 0,
                    "Local Read Blocks": 0,
                    "Local Dirtied Blocks": 0,
                    "Local Written Blocks": 0,
                    "Temp Read Blocks": 0,
                    "Temp Written Blocks": 0,
                    "Plans": [
                      {
                        "Node Type": "Sort",
                        "Parent Relationship": "Outer",
                        "Parallel Aware": false,
                        "Async Capable": false,
                        "Startup Cost": 46617.35,
                        "Total Cost": 46617.35,
                        "Plan Rows": 1,
                        "Plan Width": 21,
                        "Actual Startup Time": 0.0,
                        "Actual Total Time": 0.0,
                        "Actual Rows": 0,
                        "Actual Loops": 0,
                        "Output": [
                          "item_2.i_item_id",
                          "web_returns.wr_return_quantity"
                        ],
                        "Sort Key": [
                          "item_2.i_item_id"
                        ],
                        "Shared Hit Blocks": 0,
                        "Shared Read Blocks": 0,
                        "Shared Dirtied Blocks": 0,
                        "Shared Written Blocks": 0,
                        "Local Hit Blocks": 0,
                        "Local Read Blocks": 0,
                        "Local Dirtied Blocks": 0,
                        "Local Written Blocks": 0,
                        "Temp Read Blocks": 0,
                        "Temp Written Blocks": 0,
                        "Plans": [
                          {
                            "Node Type": "Gather",
                            "Parent Relationship": "Outer",
                            "Parallel Aware": false,
                            "Async Capable": false,
                            "Startup Cost": 1485.94,
                            "Total Cost": 46617.34,
                            "Plan Rows": 1,
                            "Plan Width": 21,
                            "Actual Startup Time": 0.0,
                            "Actual Total Time": 0.0,
                            "Actual Rows": 0,
                            "Actual Loops": 0,
                            "Output": [
                              "item_2.i_item_id",
                              "web_returns.wr_return_quantity"
                            ],
                            "Workers Planned": 2,
                            "Workers Launched": 0,
                            "Single Copy": false,
                            "Shared Hit Blocks": 0,
                            "Shared Read Blocks": 0,
                            "Shared Dirtied Blocks": 0,
                            "Shared Written Blocks": 0,
                            "Local Hit Blocks": 0,
                            "Local Read Blocks": 0,
                            "Local Dirtied Blocks": 0,
                            "Local Written Blocks": 0,
                            "Temp Read Blocks": 0,
                            "Temp Written Blocks": 0,
                            "Plans": [
                              {
                                "Node Type": "Nested Loop",
                                "Parent Relationship": "Outer",
                                "Parallel Aware": false,
                                "Async Capable": false,
                                "Join Type": "Semi",
                                "Startup Cost": 485.94,
                                "Total Cost": 45617.24,
                                "Plan Rows": 1,
                                "Plan Width": 21,
                                "Actual Startup Time": 0.0,
                                "Actual Total Time": 0.0,
                                "Actual Rows": 0,
                                "Actual Loops": 0,
                                "Output": [
                                  "item_2.i_item_id",
                                  "web_returns.wr_return_quantity"
                                ],
                                "Inner Unique": false,
                                "Shared Hit Blocks": 0,
                                "Shared Read Blocks": 0,
                                "Shared Dirtied Blocks": 0,
                                "Shared Written Blocks": 0,
                                "Local Hit Blocks": 0,
                                "Local Read Blocks": 0,
                                "Local Dirtied Blocks": 0,
                                "Local Written Blocks": 0,
                                "Temp Read Blocks": 0,
                                "Temp Written Blocks": 0,
                                "Plans": [
                                  {
                                    "Node Type": "Nested Loop",
                                    "Parent Relationship": "Outer",
                                    "Parallel Aware": false,
                                    "Async Capable": false,
                                    "Join Type": "Inner",
                                    "Startup Cost": 485.36,
                                    "Total Cost": 45067.38,
                                    "Plan Rows": 1,
                                    "Plan Width": 25,
                                    "Actual Startup Time": 0.0,
                                    "Actual Total Time": 0.0,
                                    "Actual Rows": 0,
                                    "Actual Loops": 0,
                                    "Output": [
                                      "web_returns.wr_return_quantity",
                                      "item_2.i_item_id",
                                      "date_dim_6.d_date"
                                    ],
                                    "Inner Unique": true,
                                    "Shared Hit Blocks": 0,
                                    "Shared Read Blocks": 0,
                                    "Shared Dirtied Blocks": 0,
                                    "Shared Written Blocks": 0,
                                    "Local Hit Blocks": 0,
                                    "Local Read Blocks": 0,
                                    "Local Dirtied Blocks": 0,
                                    "Local Written Blocks": 0,
                                    "Temp Read Blocks": 0,
                                    "Temp Written Blocks": 0,
                                    "Plans": [
                                      {
                                        "Node Type": "Nested Loop",
                                        "Parent Relationship": "Outer",
                                        "Parallel Aware": false,
                                        "Async Capable": false,
                                        "Join Type": "Inner",
                                        "Startup Cost": 485.07,
                                        "Total Cost": 45061.01,
                                        "Plan Rows": 1,
                                        "Plan Width": 25,
                                        "Actual Startup Time": 0.0,
                                        "Actual Total Time": 0.0,
                                        "Actual Rows": 0,
                                        "Actual Loops": 0,
                                        "Output": [
                                          "web_returns.wr_return_quantity",
                                          "web_returns.wr_returned_date_sk",
                                          "item_2.i_item_id"
                                        ],
                                        "Inner Unique": false,
                                        "Shared Hit Blocks": 0,
                                        "Shared Read Blocks": 0,
                                        "Shared Dirtied Blocks": 0,
                                        "Shared Written Blocks": 0,
                                        "Local Hit Blocks": 0,
                                        "Local Read Blocks": 0,
                                        "Local Dirtied Blocks": 0,
                                        "Local Written Blocks": 0,
                                        "Temp Read Blocks": 0,
                                        "Temp Written Blocks": 0,
                                        "Plans": [
                                          {
                                            "Node Type": "Bitmap Heap Scan",
                                            "Parent Relationship": "Outer",
                                            "Parallel Aware": true,
                                            "Async Capable": false,
                                            "Relation Name": "item",
                                            "Schema": "public",
                                            "Alias": "item_2",
                                            "Startup Cost": 484.64,
                                            "Total Cost": 7689.47,
                                            "Plan Rows": 246,
                                            "Plan Width": 21,
                                            "Actual Startup Time": 0.0,
                                            "Actual Total Time": 0.0,
                                            "Actual Rows": 0,
                                            "Actual Loops": 0,
                                            "Output": [
                                              "item_2.i_item_sk",
                                              "item_2.i_item_id",
                                              "item_2.i_rec_start_date",
                                              "item_2.i_rec_end_date",
                                              "item_2.i_item_desc",
                                              "item_2.i_current_price",
                                              "item_2.i_wholesale_cost",
                                              "item_2.i_brand_id",
                                              "item_2.i_brand",
                                              "item_2.i_class_id",
                                              "item_2.i_class",
                                              "item_2.i_category_id",
                                              "item_2.i_category",
                                              "item_2.i_manufact_id",
                                              "item_2.i_manufact",
                                              "item_2.i_size",
                                              "item_2.i_formulation",
                                              "item_2.i_color",
                                              "item_2.i_units",
                                              "item_2.i_container",
                                              "item_2.i_manager_id",
                                              "item_2.i_product_name"
                                            ],
                                            "Recheck Cond": "(item_2.i_category = ANY ('{Jewelry,Music}'::bpchar[]))",
                                            "Rows Removed by Index Recheck": 0,
                                            "Filter": "((item_2.i_manager_id >= 16) AND (item_2.i_manager_id <= 25))",
                                            "Rows Removed by Filter": 0,
                                            "Exact Heap Blocks": 0,
                                            "Lossy Heap Blocks": 0,
                                            "Shared Hit Blocks": 0,
                                            "Shared Read Blocks": 0,
                                            "Shared Dirtied Blocks": 0,
                                            "Shared Written Blocks": 0,
                                            "Local Hit Blocks": 0,
                                            "Local Read Blocks": 0,
                                            "Local Dirtied Blocks": 0,
                                            "Local Written Blocks": 0,
                                            "Temp Read Blocks": 0,
                                            "Temp Written Blocks": 0,
                                            "Plans": [
                                              {
                                                "Node Type": "Bitmap Index Scan",
                                                "Parent Relationship": "Outer",
                                                "Parallel Aware": false,
                                                "Async Capable": false,
                                                "Index Name": "_dta_index_item_6_853578079__k13_k11_k1",
                                                "Startup Cost": 0.0,
                                                "Total Cost": 484.49,
                                                "Plan Rows": 6355,
                                                "Plan Width": 0,
                                                "Actual Startup Time": 0.0,
                                                "Actual Total Time": 0.0,
                                                "Actual Rows": 0,
                                                "Actual Loops": 0,
                                                "Index Cond": "(item_2.i_category = ANY ('{Jewelry,Music}'::bpchar[]))",
                                                "Shared Hit Blocks": 0,
                                                "Shared Read Blocks": 0,
                                                "Shared Dirtied Blocks": 0,
                                                "Shared Written Blocks": 0,
                                                "Local Hit Blocks": 0,
                                                "Local Read Blocks": 0,
                                                "Local Dirtied Blocks": 0,
                                                "Local Written Blocks": 0,
                                                "Temp Read Blocks": 0,
                                                "Temp Written Blocks": 0
                                              }
                                            ]
                                          },
                                          {
                                            "Node Type": "Index Scan",
                                            "Parent Relationship": "Inner",
                                            "Parallel Aware": false,
                                            "Async Capable": false,
                                            "Scan Direction": "Forward",
                                            "Index Name": "web_returns_pkey",
                                            "Relation Name": "web_returns",
                                            "Schema": "public",
                                            "Alias": "web_returns",
                                            "Startup Cost": 0.43,
                                            "Total Cost": 151.91,
                                            "Plan Rows": 1,
                                            "Plan Width": 12,
                                            "Actual Startup Time": 0.0,
                                            "Actual Total Time": 0.0,
                                            "Actual Rows": 0,
                                            "Actual Loops": 0,
                                            "Output": [
                                              "web_returns.wr_returned_date_sk",
                                              "web_returns.wr_returned_time_sk",
                                              "web_returns.wr_item_sk",
                                              "web_returns.wr_refunded_customer_sk",
                                              "web_returns.wr_refunded_cdemo_sk",
                                              "web_returns.wr_refunded_hdemo_sk",
                                              "web_returns.wr_refunded_addr_sk",
                                              "web_returns.wr_returning_customer_sk",
                                              "web_returns.wr_returning_cdemo_sk",
                                              "web_returns.wr_returning_hdemo_sk",
                                              "web_returns.wr_returning_addr_sk",
                                              "web_returns.wr_web_page_sk",
                                              "web_returns.wr_reason_sk",
                                              "web_returns.wr_order_number",
                                              "web_returns.wr_return_quantity",
                                              "web_returns.wr_return_amt",
                                              "web_returns.wr_return_tax",
                                              "web_returns.wr_return_amt_inc_tax",
                                              "web_returns.wr_fee",
                                              "web_returns.wr_return_ship_cost",
                                              "web_returns.wr_refunded_cash",
                                              "web_returns.wr_reversed_charge",
                                              "web_returns.wr_account_credit",
                                              "web_returns.wr_net_loss"
                                            ],
                                            "Index Cond": "(web_returns.wr_item_sk = item_2.i_item_sk)",
                                            "Rows Removed by Index Recheck": 0,
                                            "Filter": "((web_returns.wr_reason_sk = ANY ('{26,32,40,66,73}'::integer[])) AND ((web_returns.wr_return_amt / (web_returns.wr_return_quantity)::numeric) >= '184'::numeric) AND ((web_returns.wr_return_amt / (web_returns.wr_return_quantity)::numeric) <= '213'::numeric))",
                                            "Rows Removed by Filter": 0,
                                            "Shared Hit Blocks": 0,
                                            "Shared Read Blocks": 0,
                                            "Shared Dirtied Blocks": 0,
                                            "Shared Written Blocks": 0,
                                            "Local Hit Blocks": 0,
                                            "Local Read Blocks": 0,
                                            "Local Dirtied Blocks": 0,
                                            "Local Written Blocks": 0,
                                            "Temp Read Blocks": 0,
                                            "Temp Written Blocks": 0
                                          }
                                        ]
                                      },
                                      {
                                        "Node Type": "Index Scan",
                                        "Parent Relationship": "Inner",
                                        "Parallel Aware": false,
                                        "Async Capable": false,
                                        "Scan Direction": "Forward",
                                        "Index Name": "date_dim_pkey",
                                        "Relation Name": "date_dim",
                                        "Schema": "public",
                                        "Alias": "date_dim_6",
                                        "Startup Cost": 0.29,
                                        "Total Cost": 6.37,
                                        "Plan Rows": 1,
                                        "Plan Width": 8,
                                        "Actual Startup Time": 0.0,
                                        "Actual Total Time": 0.0,
                                        "Actual Rows": 0,
                                        "Actual Loops": 0,
                                        "Output": [
                                          "date_dim_6.d_date_sk",
                                          "date_dim_6.d_date_id",
                                          "date_dim_6.d_date",
                                          "date_dim_6.d_month_seq",
                                          "date_dim_6.d_week_seq",
                                          "date_dim_6.d_quarter_seq",
                                          "date_dim_6.d_year",
                                          "date_dim_6.d_dow",
                                          "date_dim_6.d_moy",
                                          "date_dim_6.d_dom",
                                          "date_dim_6.d_qoy",
                                          "date_dim_6.d_fy_year",
                                          "date_dim_6.d_fy_quarter_seq",
                                          "date_dim_6.d_fy_week_seq",
                                          "date_dim_6.d_day_name",
                                          "date_dim_6.d_quarter_name",
                                          "date_dim_6.d_holiday",
                                          "date_dim_6.d_weekend",
                                          "date_dim_6.d_following_holiday",
                                          "date_dim_6.d_first_dom",
                                          "date_dim_6.d_last_dom",
                                          "date_dim_6.d_same_day_ly",
                                          "date_dim_6.d_same_day_lq",
                                          "date_dim_6.d_current_day",
                                          "date_dim_6.d_current_week",
                                          "date_dim_6.d_current_month",
                                          "date_dim_6.d_current_quarter",
                                          "date_dim_6.d_current_year"
                                        ],
                                        "Index Cond": "(date_dim_6.d_date_sk = web_returns.wr_returned_date_sk)",
                                        "Rows Removed by Index Recheck": 0,
                                        "Shared Hit Blocks": 0,
                                        "Shared Read Blocks": 0,
                                        "Shared Dirtied Blocks": 0,
                                        "Shared Written Blocks": 0,
                                        "Local Hit Blocks": 0,
                                        "Local Read Blocks": 0,
                                        "Local Dirtied Blocks": 0,
                                        "Local Written Blocks": 0,
                                        "Temp Read Blocks": 0,
                                        "Temp Written Blocks": 0
                                      }
                                    ]
                                  },
                                  {
                                    "Node Type": "Nested Loop",
                                    "Parent Relationship": "Inner",
                                    "Parallel Aware": false,
                                    "Async Capable": false,
                                    "Join Type": "Semi",
                                    "Startup Cost": 0.58,
                                    "Total Cost": 549.85,
                                    "Plan Rows": 1,
                                    "Plan Width": 4,
                                    "Actual Startup Time": 0.0,
                                    "Actual Total Time": 0.0,
                                    "Actual Rows": 0,
                                    "Actual Loops": 0,
                                    "Output": [
                                      "date_dim_7.d_date"
                                    ],
                                    "Inner Unique": false,
                                    "Shared Hit Blocks": 0,
                                    "Shared Read Blocks": 0,
                                    "Shared Dirtied Blocks": 0,
                                    "Shared Written Blocks": 0,
                                    "Local Hit Blocks": 0,
                                    "Local Read Blocks": 0,
                                    "Local Dirtied Blocks": 0,
                                    "Local Written Blocks": 0,
                                    "Temp Read Blocks": 0,
                                    "Temp Written Blocks": 0,
                                    "Plans": [
                                      {
                                        "Node Type": "Index Only Scan",
                                        "Parent Relationship": "Outer",
                                        "Parallel Aware": false,
                                        "Async Capable": false,
                                        "Scan Direction": "Forward",
                                        "Index Name": "_dta_index_date_dim_6_661577395__k4_k3",
                                        "Relation Name": "date_dim",
                                        "Schema": "public",
                                        "Alias": "date_dim_7",
                                        "Startup Cost": 0.29,
                                        "Total Cost": 548.18,
                                        "Plan Rows": 1,
                                        "Plan Width": 8,
                                        "Actual Startup Time": 0.0,
                                        "Actual Total Time": 0.0,
                                        "Actual Rows": 0,
                                        "Actual Loops": 0,
                                        "Output": [
                                          "date_dim_7.d_month_seq",
                                          "date_dim_7.d_date"
                                        ],
                                        "Index Cond": "(date_dim_7.d_date = date_dim_6.d_date)",
                                        "Rows Removed by Index Recheck": 0,
                                        "Heap Fetches": 0,
                                        "Shared Hit Blocks": 0,
                                        "Shared Read Blocks": 0,
                                        "Shared Dirtied Blocks": 0,
                                        "Shared Written Blocks": 0,
                                        "Local Hit Blocks": 0,
                                        "Local Read Blocks": 0,
                                        "Local Dirtied Blocks": 0,
                                        "Local Written Blocks": 0,
                                        "Temp Read Blocks": 0,
                                        "Temp Written Blocks": 0
                                      },
                                      {
                                        "Node Type": "Index Only Scan",
                                        "Parent Relationship": "Inner",
                                        "Parallel Aware": false,
                                        "Async Capable": false,
                                        "Scan Direction": "Forward",
                                        "Index Name": "_dta_index_date_dim_6_661577395__k4_k3",
                                        "Relation Name": "date_dim",
                                        "Schema": "public",
                                        "Alias": "date_dim_8",
                                        "Startup Cost": 0.29,
                                        "Total Cost": 0.98,
                                        "Plan Rows": 1,
                                        "Plan Width": 4,
                                        "Actual Startup Time": 0.0,
                                        "Actual Total Time": 0.0,
                                        "Actual Rows": 0,
                                        "Actual Loops": 0,
                                        "Output": [
                                          "date_dim_8.d_month_seq",
                                          "date_dim_8.d_date"
                                        ],
                                        "Index Cond": "(date_dim_8.d_month_seq = date_dim_7.d_month_seq)",
                                        "Rows Removed by Index Recheck": 0,
                                        "Filter": "(date_dim_8.d_date = ANY ('{2002-02-01,2002-04-11,2002-07-17,2002-10-09}'::date[]))",
                                        "Rows Removed by Filter": 0,
                                        "Heap Fetches": 0,
                                        "Shared Hit Blocks": 0,
                                        "Shared Read Blocks": 0,
                                        "Shared Dirtied Blocks": 0,
                                        "Shared Written Blocks": 0,
                                        "Local Hit Blocks": 0,
                                        "Local Read Blocks": 0,
                                        "Local Dirtied Blocks": 0,
                                        "Local Written Blocks": 0,
                                        "Temp Read Blocks": 0,
                                        "Temp Written Blocks": 0
                                      }
                                    ]
                                  }
                                ]
                              }
                            ]
                          }
                        ]
                      }
                    ]
                  }
                ]
              }
            ]
          }
        ]
      },
      "Planning": {
        "Shared Hit Blocks": 64,
        "Shared Read Blocks": 36,
        "Shared Dirtied Blocks": 0,
        "Shared Written Blocks": 0,
        "Local Hit Blocks": 0,
        "Local Read Blocks": 0,
        "Local Dirtied Blocks": 0,
        "Local Written Blocks": 0,
        "Temp Read Blocks": 0,
        "Temp Written Blocks": 0
      },
      "Planning Time": 6.858,
      "Triggers": [],
      "JIT": {
        "Functions": 176,
        "Options": {
          "Inlining": false,
          "Optimization": false,
          "Expressions": true,
          "Deforming": true
        },
        "Timing": {
          "Generation": 15.714,
          "Inlining": 0.0,
          "Optimization": 5.488,
          "Emission": 91.912,
          "Total": 113.114
        }
      },
      "Execution Time": 4594.572
    }
  ],
  "original_sql": "with sr_items as\n (select i_item_id item_id,\n        sum(sr_return_quantity) sr_item_qty\n from store_returns,\n      item,\n      date_dim\n where sr_item_sk = i_item_sk\n and   d_date    in\n\t(select d_date\n\tfrom date_dim\n\twhere d_month_seq in\n\t\t(select d_month_seq\n\t\tfrom date_dim\n\t  where d_date in ('2002-02-01','2002-04-11','2002-07-17','2002-10-09')))\n and   sr_returned_date_sk   = d_date_sk\n and i_category IN ('Jewelry', 'Music')\n and i_manager_id BETWEEN 16 and 25\n and sr_return_amt / sr_return_quantity between 184 and 213\n and sr_reason_sk in (26, 32, 40, 66, 73)\ngroup by i_item_id),\n cr_items as\n (select i_item_id item_id,\n        sum(cr_return_quantity) cr_item_qty\n from catalog_returns,\n      item,\n      date_dim\n where cr_item_sk = i_item_sk\n and   d_date    in\n\t(select d_date\n\tfrom date_dim\n  where d_month_seq in\n\t\t(select d_month_seq\n\t\tfrom date_dim\n\t  \t  where d_date in ('2002-02-01','2002-04-11','2002-07-17','2002-10-09')))\n and   cr_returned_date_sk   = d_date_sk\n and i_category IN ('Jewelry', 'Music')\n and i_manager_id BETWEEN 16 and 25\n and cr_return_amount / cr_return_quantity between 184 and 213\n and cr_reason_sk in (26, 32, 40, 66, 73)\n group by i_item_id),\n wr_items as\n (select i_item_id item_id,\n        sum(wr_return_quantity) wr_item_qty\n from web_returns,\n      item,\n      date_dim\n where wr_item_sk = i_item_sk\n and   d_date    in\n\t(select d_date\n\tfrom date_dim\n  where d_month_seq in\n\t\t(select d_month_seq\n\t\tfrom date_dim\n\t\t\t  where d_date in ('2002-02-01','2002-04-11','2002-07-17','2002-10-09')))\n and   wr_returned_date_sk   = d_date_sk\n and i_category IN ('Jewelry', 'Music')\n and i_manager_id BETWEEN 16 and 25\n and wr_return_amt / wr_return_quantity between 184 and 213\n and wr_reason_sk in (26, 32, 40, 66, 73)\n group by i_item_id)\n  select  sr_items.item_id\n       ,sr_item_qty\n       ,sr_item_qty/(sr_item_qty+cr_item_qty+wr_item_qty)/3.0 * 100 sr_dev\n       ,cr_item_qty\n       ,cr_item_qty/(sr_item_qty+cr_item_qty+wr_item_qty)/3.0 * 100 cr_dev\n       ,wr_item_qty\n       ,wr_item_qty/(sr_item_qty+cr_item_qty+wr_item_qty)/3.0 * 100 wr_dev\n       ,(sr_item_qty+cr_item_qty+wr_item_qty)/3.0 average\n from sr_items\n     ,cr_items\n     ,wr_items\n where sr_items.item_id=cr_items.item_id\n   and sr_items.item_id=wr_items.item_id\n order by sr_items.item_id\n         ,sr_item_qty\n limit 100"
}