{
  "query_id": "query099_spj_spj",
  "engine": "postgresql",
  "benchmark": "dsb",
  "scale_factor": 10,
  "execution_time_ms": 596.206,
  "planning_time_ms": 2.354,
  "plan_json": [
    {
      "Plan": {
        "Node Type": "Aggregate",
        "Strategy": "Plain",
        "Partial Mode": "Finalize",
        "Parallel Aware": false,
        "Async Capable": false,
        "Startup Cost": 68702.8,
        "Total Cost": 68702.81,
        "Plan Rows": 1,
        "Plan Width": 104,
        "Actual Startup Time": 579.187,
        "Actual Total Time": 596.129,
        "Actual Rows": 1,
        "Actual Loops": 1,
        "Output": [
          "min((warehouse.w_warehouse_name)::text)",
          "min(ship_mode.sm_type)",
          "min((call_center.cc_name)::text)",
          "min(catalog_sales.cs_order_number)",
          "min(catalog_sales.cs_item_sk)"
        ],
        "Shared Hit Blocks": 70843,
        "Shared Read Blocks": 3224,
        "Shared Dirtied Blocks": 0,
        "Shared Written Blocks": 0,
        "Local Hit Blocks": 0,
        "Local Read Blocks": 0,
        "Local Dirtied Blocks": 0,
        "Local Written Blocks": 0,
        "Temp Read Blocks": 0,
        "Temp Written Blocks": 0,
        "Plans": [
          {
            "Node Type": "Gather",
            "Parent Relationship": "Outer",
            "Parallel Aware": false,
            "Async Capable": false,
            "Startup Cost": 68702.57,
            "Total Cost": 68702.78,
            "Plan Rows": 2,
            "Plan Width": 104,
            "Actual Startup Time": 579.157,
            "Actual Total Time": 596.104,
            "Actual Rows": 3,
            "Actual Loops": 1,
            "Output": [
              "(PARTIAL min((warehouse.w_warehouse_name)::text))",
              "(PARTIAL min(ship_mode.sm_type))",
              "(PARTIAL min((call_center.cc_name)::text))",
              "(PARTIAL min(catalog_sales.cs_order_number))",
              "(PARTIAL min(catalog_sales.cs_item_sk))"
            ],
            "Workers Planned": 2,
            "Workers Launched": 2,
            "Single Copy": false,
            "Shared Hit Blocks": 70843,
            "Shared Read Blocks": 3224,
            "Shared Dirtied Blocks": 0,
            "Shared Written Blocks": 0,
            "Local Hit Blocks": 0,
            "Local Read Blocks": 0,
            "Local Dirtied Blocks": 0,
            "Local Written Blocks": 0,
            "Temp Read Blocks": 0,
            "Temp Written Blocks": 0,
            "Plans": [
              {
                "Node Type": "Aggregate",
                "Strategy": "Plain",
                "Partial Mode": "Partial",
                "Parent Relationship": "Outer",
                "Parallel Aware": false,
                "Async Capable": false,
                "Startup Cost": 67702.57,
                "Total Cost": 67702.58,
                "Plan Rows": 1,
                "Plan Width": 104,
                "Actual Startup Time": 555.055,
                "Actual Total Time": 555.059,
                "Actual Rows": 1,
                "Actual Loops": 3,
                "Output": [
                  "PARTIAL min((warehouse.w_warehouse_name)::text)",
                  "PARTIAL min(ship_mode.sm_type)",
                  "PARTIAL min((call_center.cc_name)::text)",
                  "PARTIAL min(catalog_sales.cs_order_number)",
                  "PARTIAL min(catalog_sales.cs_item_sk)"
                ],
                "Shared Hit Blocks": 70843,
                "Shared Read Blocks": 3224,
                "Shared Dirtied Blocks": 0,
                "Shared Written Blocks": 0,
                "Local Hit Blocks": 0,
                "Local Read Blocks": 0,
                "Local Dirtied Blocks": 0,
                "Local Written Blocks": 0,
                "Temp Read Blocks": 0,
                "Temp Written Blocks": 0,
                "Workers": [
                  {
                    "Worker Number": 0,
                    "Actual Startup Time": 542.548,
                    "Actual Total Time": 542.553,
                    "Actual Rows": 1,
                    "Actual Loops": 1,
                    "Shared Hit Blocks": 23196,
                    "Shared Read Blocks": 969,
                    "Shared Dirtied Blocks": 0,
                    "Shared Written Blocks": 0,
                    "Local Hit Blocks": 0,
                    "Local Read Blocks": 0,
                    "Local Dirtied Blocks": 0,
                    "Local Written Blocks": 0,
                    "Temp Read Blocks": 0,
                    "Temp Written Blocks": 0
                  },
                  {
                    "Worker Number": 1,
                    "Actual Startup Time": 543.711,
                    "Actual Total Time": 543.714,
                    "Actual Rows": 1,
                    "Actual Loops": 1,
                    "Shared Hit Blocks": 24538,
                    "Shared Read Blocks": 926,
                    "Shared Dirtied Blocks": 0,
                    "Shared Written Blocks": 0,
                    "Local Hit Blocks": 0,
                    "Local Read Blocks": 0,
                    "Local Dirtied Blocks": 0,
                    "Local Written Blocks": 0,
                    "Temp Read Blocks": 0,
                    "Temp Written Blocks": 0
                  }
                ],
                "Plans": [
                  {
                    "Node Type": "Nested Loop",
                    "Parent Relationship": "Outer",
                    "Parallel Aware": false,
                    "Async Capable": false,
                    "Join Type": "Inner",
                    "Startup Cost": 0.98,
                    "Total Cost": 67702.51,
                    "Plan Rows": 5,
                    "Plan Width": 70,
                    "Actual Startup Time": 9.518,
                    "Actual Total Time": 554.843,
                    "Actual Rows": 86,
                    "Actual Loops": 3,
                    "Output": [
                      "warehouse.w_warehouse_name",
                      "ship_mode.sm_type",
                      "call_center.cc_name",
                      "catalog_sales.cs_order_number",
                      "catalog_sales.cs_item_sk"
                    ],
                    "Inner Unique": false,
                    "Shared Hit Blocks": 70843,
                    "Shared Read Blocks": 3224,
                    "Shared Dirtied Blocks": 0,
                    "Shared Written Blocks": 0,
                    "Local Hit Blocks": 0,
                    "Local Read Blocks": 0,
                    "Local Dirtied Blocks": 0,
                    "Local Written Blocks": 0,
                    "Temp Read Blocks": 0,
                    "Temp Written Blocks": 0,
                    "Workers": [
                      {
                        "Worker Number": 0,
                        "Actual Startup Time": 7.759,
                        "Actual Total Time": 542.373,
                        "Actual Rows": 81,
                        "Actual Loops": 1,
                        "Shared Hit Blocks": 23196,
                        "Shared Read Blocks": 969,
                        "Shared Dirtied Blocks": 0,
                        "Shared Written Blocks": 0,
                        "Local Hit Blocks": 0,
                        "Local Read Blocks": 0,
                        "Local Dirtied Blocks": 0,
                        "Local Written Blocks": 0,
                        "Temp Read Blocks": 0,
                        "Temp Written Blocks": 0
                      },
                      {
                        "Worker Number": 1,
                        "Actual Startup Time": 1.859,
                        "Actual Total Time": 543.498,
                        "Actual Rows": 64,
                        "Actual Loops": 1,
                        "Shared Hit Blocks": 24538,
                        "Shared Read Blocks": 926,
                        "Shared Dirtied Blocks": 0,
                        "Shared Written Blocks": 0,
                        "Local Hit Blocks": 0,
                        "Local Read Blocks": 0,
                        "Local Dirtied Blocks": 0,
                        "Local Written Blocks": 0,
                        "Temp Read Blocks": 0,
                        "Temp Written Blocks": 0
                      }
                    ],
                    "Plans": [
                      {
                        "Node Type": "Index Only Scan",
                        "Parent Relationship": "Outer",
                        "Parallel Aware": true,
                        "Async Capable": false,
                        "Scan Direction": "Forward",
                        "Index Name": "_dta_index_date_dim_6_661577395__k7_k4_k9_k1",
                        "Relation Name": "date_dim",
                        "Schema": "public",
                        "Alias": "date_dim",
                        "Startup Cost": 0.42,
                        "Total Cost": 1888.19,
                        "Plan Rows": 328,
                        "Plan Width": 4,
                        "Actual Startup Time": 5.871,
                        "Actual Total Time": 6.284,
                        "Actual Rows": 244,
                        "Actual Loops": 3,
                        "Output": [
                          "date_dim.d_year",
                          "date_dim.d_month_seq",
                          "date_dim.d_moy",
                          "date_dim.d_date_sk"
                        ],
                        "Index Cond": "((date_dim.d_month_seq >= 1193) AND (date_dim.d_month_seq <= 1216))",
                        "Rows Removed by Index Recheck": 0,
                        "Heap Fetches": 0,
                        "Shared Hit Blocks": 144,
                        "Shared Read Blocks": 141,
                        "Shared Dirtied Blocks": 0,
                        "Shared Written Blocks": 0,
                        "Local Hit Blocks": 0,
                        "Local Read Blocks": 0,
                        "Local Dirtied Blocks": 0,
                        "Local Written Blocks": 0,
                        "Temp Read Blocks": 0,
                        "Temp Written Blocks": 0,
                        "Workers": [
                          {
                            "Worker Number": 0,
                            "Actual Startup Time": 0.327,
                            "Actual Total Time": 1.209,
                            "Actual Rows": 239,
                            "Actual Loops": 1,
                            "Shared Hit Blocks": 140,
                            "Shared Read Blocks": 0,
                            "Shared Dirtied Blocks": 0,
                            "Shared Written Blocks": 0,
                            "Local Hit Blocks": 0,
                            "Local Read Blocks": 0,
                            "Local Dirtied Blocks": 0,
                            "Local Written Blocks": 0,
                            "Temp Read Blocks": 0,
                            "Temp Written Blocks": 0
                          },
                          {
                            "Worker Number": 1,
                            "Actual Startup Time": 0.293,
                            "Actual Total Time": 0.482,
                            "Actual Rows": 261,
                            "Actual Loops": 1,
                            "Shared Hit Blocks": 2,
                            "Shared Read Blocks": 0,
                            "Shared Dirtied Blocks": 0,
                            "Shared Written Blocks": 0,
                            "Local Hit Blocks": 0,
                            "Local Read Blocks": 0,
                            "Local Dirtied Blocks": 0,
                            "Local Written Blocks": 0,
                            "Temp Read Blocks": 0,
                            "Temp Written Blocks": 0
                          }
                        ]
                      },
                      {
                        "Node Type": "Nested Loop",
                        "Parent Relationship": "Inner",
                        "Parallel Aware": false,
                        "Async Capable": false,
                        "Join Type": "Inner",
                        "Startup Cost": 0.56,
                        "Total Cost": 200.47,
                        "Plan Rows": 18,
                        "Plan Width": 74,
                        "Actual Startup Time": 1.889,
                        "Actual Total Time": 2.25,
                        "Actual Rows": 0,
                        "Actual Loops": 731,
                        "Output": [
                          "catalog_sales.cs_order_number",
                          "catalog_sales.cs_item_sk",
                          "catalog_sales.cs_ship_date_sk",
                          "warehouse.w_warehouse_name",
                          "ship_mode.sm_type",
                          "call_center.cc_name"
                        ],
                        "Inner Unique": false,
                        "Shared Hit Blocks": 70699,
                        "Shared Read Blocks": 3083,
                        "Shared Dirtied Blocks": 0,
                        "Shared Written Blocks": 0,
                        "Local Hit Blocks": 0,
                        "Local Read Blocks": 0,
                        "Local Dirtied Blocks": 0,
                        "Local Written Blocks": 0,
                        "Temp Read Blocks": 0,
                        "Temp Written Blocks": 0,
                        "Workers": [
                          {
                            "Worker Number": 0,
                            "Actual Startup Time": 1.927,
                            "Actual Total Time": 2.263,
                            "Actual Rows": 0,
                            "Actual Loops": 239,
                            "Shared Hit Blocks": 23056,
                            "Shared Read Blocks": 969,
                            "Shared Dirtied Blocks": 0,
                            "Shared Written Blocks": 0,
                            "Local Hit Blocks": 0,
                            "Local Read Blocks": 0,
                            "Local Dirtied Blocks": 0,
                            "Local Written Blocks": 0,
                            "Temp Read Blocks": 0,
                            "Temp Written Blocks": 0
                          },
                          {
                            "Worker Number": 1,
                            "Actual Startup Time": 1.908,
                            "Actual Total Time": 2.08,
                            "Actual Rows": 0,
                            "Actual Loops": 261,
                            "Shared Hit Blocks": 24536,
                            "Shared Read Blocks": 926,
                            "Shared Dirtied Blocks": 0,
                            "Shared Written Blocks": 0,
                            "Local Hit Blocks": 0,
                            "Local Read Blocks": 0,
                            "Local Dirtied Blocks": 0,
                            "Local Written Blocks": 0,
                            "Temp Read Blocks": 0,
                            "Temp Written Blocks": 0
                          }
                        ],
                        "Plans": [
                          {
                            "Node Type": "Seq Scan",
                            "Parent Relationship": "Outer",
                            "Parallel Aware": false,
                            "Async Capable": false,
                            "Relation Name": "call_center",
                            "Schema": "public",
                            "Alias": "call_center",
                            "Startup Cost": 0.0,
                            "Total Cost": 2.3,
                            "Plan Rows": 3,
                            "Plan Width": 18,
                            "Actual Startup Time": 0.002,
                            "Actual Total Time": 0.005,
                            "Actual Rows": 3,
                            "Actual Loops": 731,
                            "Output": [
                              "call_center.cc_call_center_sk",
                              "call_center.cc_call_center_id",
                              "call_center.cc_rec_start_date",
                              "call_center.cc_rec_end_date",
                              "call_center.cc_closed_date_sk",
                              "call_center.cc_open_date_sk",
                              "call_center.cc_name",
                              "call_center.cc_class",
                              "call_center.cc_employees",
                              "call_center.cc_sq_ft",
                              "call_center.cc_hours",
                              "call_center.cc_manager",
                              "call_center.cc_mkt_id",
                              "call_center.cc_mkt_class",
                              "call_center.cc_mkt_desc",
                              "call_center.cc_market_manager",
                              "call_center.cc_division",
                              "call_center.cc_division_name",
                              "call_center.cc_company",
                              "call_center.cc_company_name",
                              "call_center.cc_street_number",
                              "call_center.cc_street_name",
                              "call_center.cc_street_type",
                              "call_center.cc_suite_number",
                              "call_center.cc_city",
                              "call_center.cc_county",
                              "call_center.cc_state",
                              "call_center.cc_zip",
                              "call_center.cc_country",
                              "call_center.cc_gmt_offset",
                              "call_center.cc_tax_percentage"
                            ],
                            "Filter": "((call_center.cc_class)::text = 'small'::text)",
                            "Rows Removed by Filter": 21,
                            "Shared Hit Blocks": 1462,
                            "Shared Read Blocks": 0,
                            "Shared Dirtied Blocks": 0,
                            "Shared Written Blocks": 0,
                            "Local Hit Blocks": 0,
                            "Local Read Blocks": 0,
                            "Local Dirtied Blocks": 0,
                            "Local Written Blocks": 0,
                            "Temp Read Blocks": 0,
                            "Temp Written Blocks": 0,
                            "Workers": [
                              {
                                "Worker Number": 0,
                                "Actual Startup Time": 0.002,
                                "Actual Total Time": 0.005,
                                "Actual Rows": 3,
                                "Actual Loops": 239,
                                "Shared Hit Blocks": 478,
                                "Shared Read Blocks": 0,
                                "Shared Dirtied Blocks": 0,
                                "Shared Written Blocks": 0,
                                "Local Hit Blocks": 0,
                                "Local Read Blocks": 0,
                                "Local Dirtied Blocks": 0,
                                "Local Written Blocks": 0,
                                "Temp Read Blocks": 0,
                                "Temp Written Blocks": 0
                              },
                              {
                                "Worker Number": 1,
                                "Actual Startup Time": 0.002,
                                "Actual Total Time": 0.005,
                                "Actual Rows": 3,
                                "Actual Loops": 261,
                                "Shared Hit Blocks": 522,
                                "Shared Read Blocks": 0,
                                "Shared Dirtied Blocks": 0,
                                "Shared Written Blocks": 0,
                                "Local Hit Blocks": 0,
                                "Local Read Blocks": 0,
                                "Local Dirtied Blocks": 0,
                                "Local Written Blocks": 0,
                                "Temp Read Blocks": 0,
                                "Temp Written Blocks": 0
                              }
                            ]
                          },
                          {
                            "Node Type": "Nested Loop",
                            "Parent Relationship": "Inner",
                            "Parallel Aware": false,
                            "Async Capable": false,
                            "Join Type": "Inner",
                            "Startup Cost": 0.56,
                            "Total Cost": 66.0,
                            "Plan Rows": 6,
                            "Plan Width": 64,
                            "Actual Startup Time": 0.656,
                            "Actual Total Time": 0.748,
                            "Actual Rows": 0,
                            "Actual Loops": 2193,
                            "Output": [
                              "catalog_sales.cs_order_number",
                              "catalog_sales.cs_item_sk",
                              "catalog_sales.cs_ship_date_sk",
                              "catalog_sales.cs_call_center_sk",
                              "warehouse.w_warehouse_name",
                              "ship_mode.sm_type"
                            ],
                            "Inner Unique": false,
                            "Shared Hit Blocks": 69237,
                            "Shared Read Blocks": 3083,
                            "Shared Dirtied Blocks": 0,
                            "Shared Written Blocks": 0,
                            "Local Hit Blocks": 0,
                            "Local Read Blocks": 0,
                            "Local Dirtied Blocks": 0,
                            "Local Written Blocks": 0,
                            "Temp Read Blocks": 0,
                            "Temp Written Blocks": 0,
                            "Workers": [
                              {
                                "Worker Number": 0,
                                "Actual Startup Time": 0.644,
                                "Actual Total Time": 0.752,
                                "Actual Rows": 0,
                                "Actual Loops": 717,
                                "Shared Hit Blocks": 22578,
                                "Shared Read Blocks": 969,
                                "Shared Dirtied Blocks": 0,
                                "Shared Written Blocks": 0,
                                "Local Hit Blocks": 0,
                                "Local Read Blocks": 0,
                                "Local Dirtied Blocks": 0,
                                "Local Written Blocks": 0,
                                "Temp Read Blocks": 0,
                                "Temp Written Blocks": 0
                              },
                              {
                                "Worker Number": 1,
                                "Actual Startup Time": 0.639,
                                "Actual Total Time": 0.691,
                                "Actual Rows": 0,
                                "Actual Loops": 783,
                                "Shared Hit Blocks": 24014,
                                "Shared Read Blocks": 926,
                                "Shared Dirtied Blocks": 0,
                                "Shared Written Blocks": 0,
                                "Local Hit Blocks": 0,
                                "Local Read Blocks": 0,
                                "Local Dirtied Blocks": 0,
                                "Local Written Blocks": 0,
                                "Temp Read Blocks": 0,
                                "Temp Written Blocks": 0
                              }
                            ],
                            "Plans": [
                              {
                                "Node Type": "Seq Scan",
                                "Parent Relationship": "Outer",
                                "Parallel Aware": false,
                                "Async Capable": false,
                                "Relation Name": "warehouse",
                                "Schema": "public",
                                "Alias": "warehouse",
                                "Startup Cost": 0.0,
                                "Total Cost": 1.12,
                                "Plan Rows": 2,
                                "Plan Width": 21,
                                "Actual Startup Time": 0.001,
                                "Actual Total Time": 0.003,
                                "Actual Rows": 2,
                                "Actual Loops": 2193,
                                "Output": [
                                  "warehouse.w_warehouse_sk",
                                  "warehouse.w_warehouse_id",
                                  "warehouse.w_warehouse_name",
                                  "warehouse.w_warehouse_sq_ft",
                                  "warehouse.w_street_number",
                                  "warehouse.w_street_name",
                                  "warehouse.w_street_type",
                                  "warehouse.w_suite_number",
                                  "warehouse.w_city",
                                  "warehouse.w_county",
                                  "warehouse.w_state",
                                  "warehouse.w_zip",
                                  "warehouse.w_country",
                                  "warehouse.w_gmt_offset"
                                ],
                                "Filter": "(warehouse.w_gmt_offset = '-5'::numeric)",
                                "Rows Removed by Filter": 8,
                                "Shared Hit Blocks": 2193,
                                "Shared Read Blocks": 0,
                                "Shared Dirtied Blocks": 0,
                                "Shared Written Blocks": 0,
                                "Local Hit Blocks": 0,
                                "Local Read Blocks": 0,
                                "Local Dirtied Blocks": 0,
                                "Local Written Blocks": 0,
                                "Temp Read Blocks": 0,
                                "Temp Written Blocks": 0,
                                "Workers": [
                                  {
                                    "Worker Number": 0,
                                    "Actual Startup Time": 0.001,
                                    "Actual Total Time": 0.003,
                                    "Actual Rows": 2,
                                    "Actual Loops": 717,
                                    "Shared Hit Blocks": 717,
                                    "Shared Read Blocks": 0,
                                    "Shared Dirtied Blocks": 0,
                                    "Shared Written Blocks": 0,
                                    "Local Hit Blocks": 0,
                                    "Local Read Blocks": 0,
                                    "Local Dirtied Blocks": 0,
                                    "Local Written Blocks": 0,
                                    "Temp Read Blocks": 0,
                                    "Temp Written Blocks": 0
                                  },
                                  {
                                    "Worker Number": 1,
                                    "Actual Startup Time": 0.001,
                                    "Actual Total Time": 0.003,
                                    "Actual Rows": 2,
                                    "Actual Loops": 783,
                                    "Shared Hit Blocks": 783,
                                    "Shared Read Blocks": 0,
                                    "Shared Dirtied Blocks": 0,
                                    "Shared Written Blocks": 0,
                                    "Local Hit Blocks": 0,
                                    "Local Read Blocks": 0,
                                    "Local Dirtied Blocks": 0,
                                    "Local Written Blocks": 0,
                                    "Temp Read Blocks": 0,
                                    "Temp Written Blocks": 0
                                  }
                                ]
                              },
                              {
                                "Node Type": "Nested Loop",
                                "Parent Relationship": "Inner",
                                "Parallel Aware": false,
                                "Async Capable": false,
                                "Join Type": "Inner",
                                "Startup Cost": 0.56,
                                "Total Cost": 32.41,
                                "Plan Rows": 3,
                                "Plan Width": 51,
                                "Actual Startup Time": 0.34,
                                "Actual Total Time": 0.372,
                                "Actual Rows": 0,
                                "Actual Loops": 4386,
                                "Output": [
                                  "catalog_sales.cs_order_number",
                                  "catalog_sales.cs_item_sk",
                                  "catalog_sales.cs_ship_date_sk",
                                  "catalog_sales.cs_warehouse_sk",
                                  "catalog_sales.cs_call_center_sk",
                                  "ship_mode.sm_type"
                                ],
                                "Inner Unique": false,
                                "Shared Hit Blocks": 67044,
                                "Shared Read Blocks": 3083,
                                "Shared Dirtied Blocks": 0,
                                "Shared Written Blocks": 0,
                                "Local Hit Blocks": 0,
                                "Local Read Blocks": 0,
                                "Local Dirtied Blocks": 0,
                                "Local Written Blocks": 0,
                                "Temp Read Blocks": 0,
                                "Temp Written Blocks": 0,
                                "Workers": [
                                  {
                                    "Worker Number": 0,
                                    "Actual Startup Time": 0.326,
                                    "Actual Total Time": 0.374,
                                    "Actual Rows": 0,
                                    "Actual Loops": 1434,
                                    "Shared Hit Blocks": 21861,
                                    "Shared Read Blocks": 969,
                                    "Shared Dirtied Blocks": 0,
                                    "Shared Written Blocks": 0,
                                    "Local Hit Blocks": 0,
                                    "Local Read Blocks": 0,
                                    "Local Dirtied Blocks": 0,
                                    "Local Written Blocks": 0,
                                    "Temp Read Blocks": 0,
                                    "Temp Written Blocks": 0
                                  },
                                  {
                                    "Worker Number": 1,
                                    "Actual Startup Time": 0.33,
                                    "Actual Total Time": 0.343,
                                    "Actual Rows": 0,
                                    "Actual Loops": 1566,
                                    "Shared Hit Blocks": 23231,
                                    "Shared Read Blocks": 926,
                                    "Shared Dirtied Blocks": 0,
                                    "Shared Written Blocks": 0,
                                    "Local Hit Blocks": 0,
                                    "Local Read Blocks": 0,
                                    "Local Dirtied Blocks": 0,
                                    "Local Written Blocks": 0,
                                    "Temp Read Blocks": 0,
                                    "Temp Written Blocks": 0
                                  }
                                ],
                                "Plans": [
                                  {
                                    "Node Type": "Seq Scan",
                                    "Parent Relationship": "Outer",
                                    "Parallel Aware": false,
                                    "Async Capable": false,
                                    "Relation Name": "ship_mode",
                                    "Schema": "public",
                                    "Alias": "ship_mode",
                                    "Startup Cost": 0.0,
                                    "Total Cost": 1.25,
                                    "Plan Rows": 3,
                                    "Plan Width": 35,
                                    "Actual Startup Time": 0.001,
                                    "Actual Total Time": 0.003,
                                    "Actual Rows": 3,
                                    "Actual Loops": 4386,
                                    "Output": [
                                      "ship_mode.sm_ship_mode_sk",
                                      "ship_mode.sm_ship_mode_id",
                                      "ship_mode.sm_type",
                                      "ship_mode.sm_code",
                                      "ship_mode.sm_carrier",
                                      "ship_mode.sm_contract"
                                    ],
                                    "Filter": "(ship_mode.sm_type = 'REGULAR'::bpchar)",
                                    "Rows Removed by Filter": 17,
                                    "Shared Hit Blocks": 4386,
                                    "Shared Read Blocks": 0,
                                    "Shared Dirtied Blocks": 0,
                                    "Shared Written Blocks": 0,
                                    "Local Hit Blocks": 0,
                                    "Local Read Blocks": 0,
                                    "Local Dirtied Blocks": 0,
                                    "Local Written Blocks": 0,
                                    "Temp Read Blocks": 0,
                                    "Temp Written Blocks": 0,
                                    "Workers": [
                                      {
                                        "Worker Number": 0,
                                        "Actual Startup Time": 0.001,
                                        "Actual Total Time": 0.003,
                                        "Actual Rows": 3,
                                        "Actual Loops": 1434,
                                        "Shared Hit Blocks": 1434,
                                        "Shared Read Blocks": 0,
                                        "Shared Dirtied Blocks": 0,
                                        "Shared Written Blocks": 0,
                                        "Local Hit Blocks": 0,
                                        "Local Read Blocks": 0,
                                        "Local Dirtied Blocks": 0,
                                        "Local Written Blocks": 0,
                                        "Temp Read Blocks": 0,
                                        "Temp Written Blocks": 0
                                      },
                                      {
                                        "Worker Number": 1,
                                        "Actual Startup Time": 0.001,
                                        "Actual Total Time": 0.003,
                                        "Actual Rows": 3,
                                        "Actual Loops": 1566,
                                        "Shared Hit Blocks": 1566,
                                        "Shared Read Blocks": 0,
                                        "Shared Dirtied Blocks": 0,
                                        "Shared Written Blocks": 0,
                                        "Local Hit Blocks": 0,
                                        "Local Read Blocks": 0,
                                        "Local Dirtied Blocks": 0,
                                        "Local Written Blocks": 0,
                                        "Temp Read Blocks": 0,
                                        "Temp Written Blocks": 0
                                      }
                                    ]
                                  },
                                  {
                                    "Node Type": "Index Scan",
                                    "Parent Relationship": "Inner",
                                    "Parallel Aware": false,
                                    "Async Capable": false,
                                    "Scan Direction": "Forward",
                                    "Index Name": "_dta_index_catalog_sales_6_1301579675__k3_k12_k14_k15_16_18",
                                    "Relation Name": "catalog_sales",
                                    "Schema": "public",
                                    "Alias": "catalog_sales",
                                    "Startup Cost": 0.56,
                                    "Total Cost": 10.38,
                                    "Plan Rows": 1,
                                    "Plan Width": 24,
                                    "Actual Startup Time": 0.119,
                                    "Actual Total Time": 0.122,
                                    "Actual Rows": 0,
                                    "Actual Loops": 13158,
                                    "Output": [
                                      "catalog_sales.cs_sold_date_sk",
                                      "catalog_sales.cs_sold_time_sk",
                                      "catalog_sales.cs_ship_date_sk",
                                      "catalog_sales.cs_bill_customer_sk",
                                      "catalog_sales.cs_bill_cdemo_sk",
                                      "catalog_sales.cs_bill_hdemo_sk",
                                      "catalog_sales.cs_bill_addr_sk",
                                      "catalog_sales.cs_ship_customer_sk",
                                      "catalog_sales.cs_ship_cdemo_sk",
                                      "catalog_sales.cs_ship_hdemo_sk",
                                      "catalog_sales.cs_ship_addr_sk",
                                      "catalog_sales.cs_call_center_sk",
                                      "catalog_sales.cs_catalog_page_sk",
                                      "catalog_sales.cs_ship_mode_sk",
                                      "catalog_sales.cs_warehouse_sk",
                                      "catalog_sales.cs_item_sk",
                                      "catalog_sales.cs_promo_sk",
                                      "catalog_sales.cs_order_number",
                                      "catalog_sales.cs_quantity",
                                      "catalog_sales.cs_wholesale_cost",
                                      "catalog_sales.cs_list_price",
                                      "catalog_sales.cs_sales_price",
                                      "catalog_sales.cs_ext_discount_amt",
                                      "catalog_sales.cs_ext_sales_price",
                                      "catalog_sales.cs_ext_wholesale_cost",
                                      "catalog_sales.cs_ext_list_price",
                                      "catalog_sales.cs_ext_tax",
                                      "catalog_sales.cs_coupon_amt",
                                      "catalog_sales.cs_ext_ship_cost",
                                      "catalog_sales.cs_net_paid",
                                      "catalog_sales.cs_net_paid_inc_tax",
                                      "catalog_sales.cs_net_paid_inc_ship",
                                      "catalog_sales.cs_net_paid_inc_ship_tax",
                                      "catalog_sales.cs_net_profit"
                                    ],
                                    "Index Cond": "((catalog_sales.cs_ship_date_sk = date_dim.d_date_sk) AND (catalog_sales.cs_call_center_sk = call_center.cc_call_center_sk) AND (catalog_sales.cs_ship_mode_sk = ship_mode.sm_ship_mode_sk) AND (catalog_sales.cs_warehouse_sk = warehouse.w_warehouse_sk))",
                                    "Rows Removed by Index Recheck": 0,
                                    "Filter": "((catalog_sales.cs_list_price >= '271'::numeric) AND (catalog_sales.cs_list_price <= '300'::numeric))",
                                    "Rows Removed by Filter": 1,
                                    "Shared Hit Blocks": 62658,
                                    "Shared Read Blocks": 3083,
                                    "Shared Dirtied Blocks": 0,
                                    "Shared Written Blocks": 0,
                                    "Local Hit Blocks": 0,
                                    "Local Read Blocks": 0,
                                    "Local Dirtied Blocks": 0,
                                    "Local Written Blocks": 0,
                                    "Temp Read Blocks": 0,
                                    "Temp Written Blocks": 0,
                                    "Workers": [
                                      {
                                        "Worker Number": 0,
                                        "Actual Startup Time": 0.119,
                                        "Actual Total Time": 0.123,
                                        "Actual Rows": 0,
                                        "Actual Loops": 4302,
                                        "Shared Hit Blocks": 20427,
                                        "Shared Read Blocks": 969,
                                        "Shared Dirtied Blocks": 0,
                                        "Shared Written Blocks": 0,
                                        "Local Hit Blocks": 0,
                                        "Local Read Blocks": 0,
                                        "Local Dirtied Blocks": 0,
                                        "Local Written Blocks": 0,
                                        "Temp Read Blocks": 0,
                                        "Temp Written Blocks": 0
                                      },
                                      {
                                        "Worker Number": 1,
                                        "Actual Startup Time": 0.11,
                                        "Actual Total Time": 0.113,
                                        "Actual Rows": 0,
                                        "Actual Loops": 4698,
                                        "Shared Hit Blocks": 21665,
                                        "Shared Read Blocks": 926,
                                        "Shared Dirtied Blocks": 0,
                                        "Shared Written Blocks": 0,
                                        "Local Hit Blocks": 0,
                                        "Local Read Blocks": 0,
                                        "Local Dirtied Blocks": 0,
                                        "Local Written Blocks": 0,
                                        "Temp Read Blocks": 0,
                                        "Temp Written Blocks": 0
                                      }
                                    ]
                                  }
                                ]
                              }
                            ]
                          }
                        ]
                      }
                    ]
                  }
                ]
              }
            ]
          }
        ]
      },
      "Planning": {
        "Shared Hit Blocks": 10,
        "Shared Read Blocks": 14,
        "Shared Dirtied Blocks": 0,
        "Shared Written Blocks": 0,
        "Local Hit Blocks": 0,
        "Local Read Blocks": 0,
        "Local Dirtied Blocks": 0,
        "Local Written Blocks": 0,
        "Temp Read Blocks": 0,
        "Temp Written Blocks": 0
      },
      "Planning Time": 2.354,
      "Triggers": [],
      "Execution Time": 596.206
    }
  ],
  "original_sql": "select min(w_warehouse_name)\n  ,min(sm_type)\n  ,min(cc_name)\n  ,min(cs_order_number)\n  ,min(cs_item_sk)\nfrom\n   catalog_sales\n  ,warehouse\n  ,ship_mode\n  ,call_center\n  ,date_dim\nwhere\n    d_month_seq between 1193 and 1193 + 23\nand cs_ship_date_sk   = d_date_sk\nand cs_warehouse_sk   = w_warehouse_sk\nand cs_ship_mode_sk   = sm_ship_mode_sk\nand cs_call_center_sk = cc_call_center_sk\nand cs_list_price between 271 and 300\nand sm_type = 'REGULAR'\nand cc_class = 'small'\nand w_gmt_offset = -5"
}