{
  "query_id": "query027_spj_spj",
  "engine": "postgresql",
  "benchmark": "dsb",
  "scale_factor": 10,
  "execution_time_ms": 6255.781,
  "planning_time_ms": 4.053,
  "plan_json": [
    {
      "Plan": {
        "Node Type": "Aggregate",
        "Strategy": "Plain",
        "Partial Mode": "Finalize",
        "Parallel Aware": false,
        "Async Capable": false,
        "Startup Cost": 162617.19,
        "Total Cost": 162617.2,
        "Plan Rows": 1,
        "Plan Width": 172,
        "Actual Startup Time": 6246.416,
        "Actual Total Time": 6253.351,
        "Actual Rows": 1,
        "Actual Loops": 1,
        "Output": [
          "min(item.i_item_id)",
          "min(store.s_state)",
          "min(store_sales.ss_quantity)",
          "min(store_sales.ss_list_price)",
          "min(store_sales.ss_coupon_amt)",
          "min(store_sales.ss_sales_price)",
          "min(store_sales.ss_item_sk)",
          "min(store_sales.ss_ticket_number)"
        ],
        "Shared Hit Blocks": 119919,
        "Shared Read Blocks": 76554,
        "Shared Dirtied Blocks": 0,
        "Shared Written Blocks": 0,
        "Local Hit Blocks": 0,
        "Local Read Blocks": 0,
        "Local Dirtied Blocks": 0,
        "Local Written Blocks": 0,
        "Temp Read Blocks": 0,
        "Temp Written Blocks": 0,
        "Plans": [
          {
            "Node Type": "Gather",
            "Parent Relationship": "Outer",
            "Parallel Aware": false,
            "Async Capable": false,
            "Startup Cost": 162616.94,
            "Total Cost": 162617.15,
            "Plan Rows": 2,
            "Plan Width": 172,
            "Actual Startup Time": 1315.239,
            "Actual Total Time": 6253.312,
            "Actual Rows": 3,
            "Actual Loops": 1,
            "Output": [
              "(PARTIAL min(item.i_item_id))",
              "(PARTIAL min(store.s_state))",
              "(PARTIAL min(store_sales.ss_quantity))",
              "(PARTIAL min(store_sales.ss_list_price))",
              "(PARTIAL min(store_sales.ss_coupon_amt))",
              "(PARTIAL min(store_sales.ss_sales_price))",
              "(PARTIAL min(store_sales.ss_item_sk))",
              "(PARTIAL min(store_sales.ss_ticket_number))"
            ],
            "Workers Planned": 2,
            "Workers Launched": 2,
            "Single Copy": false,
            "Shared Hit Blocks": 119919,
            "Shared Read Blocks": 76554,
            "Shared Dirtied Blocks": 0,
            "Shared Written Blocks": 0,
            "Local Hit Blocks": 0,
            "Local Read Blocks": 0,
            "Local Dirtied Blocks": 0,
            "Local Written Blocks": 0,
            "Temp Read Blocks": 0,
            "Temp Written Blocks": 0,
            "Plans": [
              {
                "Node Type": "Aggregate",
                "Strategy": "Plain",
                "Partial Mode": "Partial",
                "Parent Relationship": "Outer",
                "Parallel Aware": false,
                "Async Capable": false,
                "Startup Cost": 161616.94,
                "Total Cost": 161616.95,
                "Plan Rows": 1,
                "Plan Width": 172,
                "Actual Startup Time": 2764.796,
                "Actual Total Time": 2764.801,
                "Actual Rows": 1,
                "Actual Loops": 3,
                "Output": [
                  "PARTIAL min(item.i_item_id)",
                  "PARTIAL min(store.s_state)",
                  "PARTIAL min(store_sales.ss_quantity)",
                  "PARTIAL min(store_sales.ss_list_price)",
                  "PARTIAL min(store_sales.ss_coupon_amt)",
                  "PARTIAL min(store_sales.ss_sales_price)",
                  "PARTIAL min(store_sales.ss_item_sk)",
                  "PARTIAL min(store_sales.ss_ticket_number)"
                ],
                "Shared Hit Blocks": 119919,
                "Shared Read Blocks": 76554,
                "Shared Dirtied Blocks": 0,
                "Shared Written Blocks": 0,
                "Local Hit Blocks": 0,
                "Local Read Blocks": 0,
                "Local Dirtied Blocks": 0,
                "Local Written Blocks": 0,
                "Temp Read Blocks": 0,
                "Temp Written Blocks": 0,
                "Workers": [
                  {
                    "Worker Number": 0,
                    "Actual Startup Time": 785.635,
                    "Actual Total Time": 785.639,
                    "Actual Rows": 1,
                    "Actual Loops": 1,
                    "JIT": {
                      "Functions": 29,
                      "Options": {
                        "Inlining": false,
                        "Optimization": false,
                        "Expressions": true,
                        "Deforming": true
                      },
                      "Timing": {
                        "Generation": 3.69,
                        "Inlining": 0.0,
                        "Optimization": 0.821,
                        "Emission": 17.069,
                        "Total": 21.58
                      }
                    },
                    "Shared Hit Blocks": 12519,
                    "Shared Read Blocks": 5527,
                    "Shared Dirtied Blocks": 0,
                    "Shared Written Blocks": 0,
                    "Local Hit Blocks": 0,
                    "Local Read Blocks": 0,
                    "Local Dirtied Blocks": 0,
                    "Local Written Blocks": 0,
                    "Temp Read Blocks": 0,
                    "Temp Written Blocks": 0
                  },
                  {
                    "Worker Number": 1,
                    "Actual Startup Time": 6193.897,
                    "Actual Total Time": 6193.9,
                    "Actual Rows": 1,
                    "Actual Loops": 1,
                    "JIT": {
                      "Functions": 29,
                      "Options": {
                        "Inlining": false,
                        "Optimization": false,
                        "Expressions": true,
                        "Deforming": true
                      },
                      "Timing": {
                        "Generation": 3.675,
                        "Inlining": 0.0,
                        "Optimization": 0.833,
                        "Emission": 16.814,
                        "Total": 21.321
                      }
                    },
                    "Shared Hit Blocks": 93367,
                    "Shared Read Blocks": 61100,
                    "Shared Dirtied Blocks": 0,
                    "Shared Written Blocks": 0,
                    "Local Hit Blocks": 0,
                    "Local Read Blocks": 0,
                    "Local Dirtied Blocks": 0,
                    "Local Written Blocks": 0,
                    "Temp Read Blocks": 0,
                    "Temp Written Blocks": 0
                  }
                ],
                "Plans": [
                  {
                    "Node Type": "Nested Loop",
                    "Parent Relationship": "Outer",
                    "Parallel Aware": false,
                    "Async Capable": false,
                    "Join Type": "Inner",
                    "Startup Cost": 7.9,
                    "Total Cost": 161616.92,
                    "Plan Rows": 1,
                    "Plan Width": 47,
                    "Actual Startup Time": 370.931,
                    "Actual Total Time": 2764.716,
                    "Actual Rows": 9,
                    "Actual Loops": 3,
                    "Output": [
                      "item.i_item_id",
                      "store.s_state",
                      "store_sales.ss_quantity",
                      "store_sales.ss_list_price",
                      "store_sales.ss_coupon_amt",
                      "store_sales.ss_sales_price",
                      "store_sales.ss_item_sk",
                      "store_sales.ss_ticket_number"
                    ],
                    "Inner Unique": true,
                    "Shared Hit Blocks": 119919,
                    "Shared Read Blocks": 76554,
                    "Shared Dirtied Blocks": 0,
                    "Shared Written Blocks": 0,
                    "Local Hit Blocks": 0,
                    "Local Read Blocks": 0,
                    "Local Dirtied Blocks": 0,
                    "Local Written Blocks": 0,
                    "Temp Read Blocks": 0,
                    "Temp Written Blocks": 0,
                    "Workers": [
                      {
                        "Worker Number": 0,
                        "Actual Startup Time": 479.232,
                        "Actual Total Time": 785.585,
                        "Actual Rows": 2,
                        "Actual Loops": 1,
                        "Shared Hit Blocks": 12519,
                        "Shared Read Blocks": 5527,
                        "Shared Dirtied Blocks": 0,
                        "Shared Written Blocks": 0,
                        "Local Hit Blocks": 0,
                        "Local Read Blocks": 0,
                        "Local Dirtied Blocks": 0,
                        "Local Written Blocks": 0,
                        "Temp Read Blocks": 0,
                        "Temp Written Blocks": 0
                      },
                      {
                        "Worker Number": 1,
                        "Actual Startup Time": 408.268,
                        "Actual Total Time": 6193.747,
                        "Actual Rows": 21,
                        "Actual Loops": 1,
                        "Shared Hit Blocks": 93367,
                        "Shared Read Blocks": 61100,
                        "Shared Dirtied Blocks": 0,
                        "Shared Written Blocks": 0,
                        "Local Hit Blocks": 0,
                        "Local Read Blocks": 0,
                        "Local Dirtied Blocks": 0,
                        "Local Written Blocks": 0,
                        "Temp Read Blocks": 0,
                        "Temp Written Blocks": 0
                      }
                    ],
                    "Plans": [
                      {
                        "Node Type": "Nested Loop",
                        "Parent Relationship": "Outer",
                        "Parallel Aware": false,
                        "Async Capable": false,
                        "Join Type": "Inner",
                        "Startup Cost": 7.47,
                        "Total Cost": 161539.84,
                        "Plan Rows": 95,
                        "Plan Width": 51,
                        "Actual Startup Time": 33.48,
                        "Actual Total Time": 2656.456,
                        "Actual Rows": 684,
                        "Actual Loops": 3,
                        "Output": [
                          "store_sales.ss_quantity",
                          "store_sales.ss_list_price",
                          "store_sales.ss_coupon_amt",
                          "store_sales.ss_sales_price",
                          "store_sales.ss_item_sk",
                          "store_sales.ss_ticket_number",
                          "store_sales.ss_cdemo_sk",
                          "store.s_state",
                          "item.i_item_id"
                        ],
                        "Inner Unique": true,
                        "Shared Hit Blocks": 115104,
                        "Shared Read Blocks": 73243,
                        "Shared Dirtied Blocks": 0,
                        "Shared Written Blocks": 0,
                        "Local Hit Blocks": 0,
                        "Local Read Blocks": 0,
                        "Local Dirtied Blocks": 0,
                        "Local Written Blocks": 0,
                        "Temp Read Blocks": 0,
                        "Temp Written Blocks": 0,
                        "Workers": [
                          {
                            "Worker Number": 0,
                            "Actual Startup Time": 24.294,
                            "Actual Total Time": 752.479,
                            "Actual Rows": 164,
                            "Actual Loops": 1,
                            "Shared Hit Blocks": 12117,
                            "Shared Read Blocks": 5276,
                            "Shared Dirtied Blocks": 0,
                            "Shared Written Blocks": 0,
                            "Local Hit Blocks": 0,
                            "Local Read Blocks": 0,
                            "Local Dirtied Blocks": 0,
                            "Local Written Blocks": 0,
                            "Temp Read Blocks": 0,
                            "Temp Written Blocks": 0
                          },
                          {
                            "Worker Number": 1,
                            "Actual Startup Time": 34.933,
                            "Actual Total Time": 5953.577,
                            "Actual Rows": 1607,
                            "Actual Loops": 1,
                            "Shared Hit Blocks": 89602,
                            "Shared Read Blocks": 58484,
                            "Shared Dirtied Blocks": 0,
                            "Shared Written Blocks": 0,
                            "Local Hit Blocks": 0,
                            "Local Read Blocks": 0,
                            "Local Dirtied Blocks": 0,
                            "Local Written Blocks": 0,
                            "Temp Read Blocks": 0,
                            "Temp Written Blocks": 0
                          }
                        ],
                        "Plans": [
                          {
                            "Node Type": "Hash Join",
                            "Parent Relationship": "Outer",
                            "Parallel Aware": false,
                            "Async Capable": false,
                            "Join Type": "Inner",
                            "Startup Cost": 7.18,
                            "Total Cost": 160256.49,
                            "Plan Rows": 2145,
                            "Plan Width": 34,
                            "Actual Startup Time": 28.378,
                            "Actual Total Time": 2304.682,
                            "Actual Rows": 11568,
                            "Actual Loops": 3,
                            "Output": [
                              "store_sales.ss_quantity",
                              "store_sales.ss_list_price",
                              "store_sales.ss_coupon_amt",
                              "store_sales.ss_sales_price",
                              "store_sales.ss_item_sk",
                              "store_sales.ss_ticket_number",
                              "store_sales.ss_cdemo_sk",
                              "store.s_state"
                            ],
                            "Inner Unique": true,
                            "Hash Cond": "(store_sales.ss_store_sk = store.s_store_sk)",
                            "Shared Hit Blocks": 20891,
                            "Shared Read Blocks": 63345,
                            "Shared Dirtied Blocks": 0,
                            "Shared Written Blocks": 0,
                            "Local Hit Blocks": 0,
                            "Local Read Blocks": 0,
                            "Local Dirtied Blocks": 0,
                            "Local Written Blocks": 0,
                            "Temp Read Blocks": 0,
                            "Temp Written Blocks": 0,
                            "Workers": [
                              {
                                "Worker Number": 0,
                                "Actual Startup Time": 21.418,
                                "Actual Total Time": 654.543,
                                "Actual Rows": 2732,
                                "Actual Loops": 1,
                                "Shared Hit Blocks": 4620,
                                "Shared Read Blocks": 4576,
                                "Shared Dirtied Blocks": 0,
                                "Shared Written Blocks": 0,
                                "Local Hit Blocks": 0,
                                "Local Read Blocks": 0,
                                "Local Dirtied Blocks": 0,
                                "Local Written Blocks": 0,
                                "Temp Read Blocks": 0,
                                "Temp Written Blocks": 0
                              },
                              {
                                "Worker Number": 1,
                                "Actual Startup Time": 23.554,
                                "Actual Total Time": 5160.066,
                                "Actual Rows": 27174,
                                "Actual Loops": 1,
                                "Shared Hit Blocks": 16033,
                                "Shared Read Blocks": 50530,
                                "Shared Dirtied Blocks": 0,
                                "Shared Written Blocks": 0,
                                "Local Hit Blocks": 0,
                                "Local Read Blocks": 0,
                                "Local Dirtied Blocks": 0,
                                "Local Written Blocks": 0,
                                "Temp Read Blocks": 0,
                                "Temp Written Blocks": 0
                              }
                            ],
                            "Plans": [
                              {
                                "Node Type": "Nested Loop",
                                "Parent Relationship": "Outer",
                                "Parallel Aware": false,
                                "Async Capable": false,
                                "Join Type": "Inner",
                                "Startup Cost": 0.85,
                                "Total Cost": 160093.54,
                                "Plan Rows": 57395,
                                "Plan Width": 35,
                                "Actual Startup Time": 26.392,
                                "Actual Total Time": 2216.369,
                                "Actual Rows": 1538933,
                                "Actual Loops": 3,
                                "Output": [
                                  "store_sales.ss_quantity",
                                  "store_sales.ss_list_price",
                                  "store_sales.ss_coupon_amt",
                                  "store_sales.ss_sales_price",
                                  "store_sales.ss_item_sk",
                                  "store_sales.ss_ticket_number",
                                  "store_sales.ss_store_sk",
                                  "store_sales.ss_cdemo_sk"
                                ],
                                "Inner Unique": false,
                                "Shared Hit Blocks": 20827,
                                "Shared Read Blocks": 63336,
                                "Shared Dirtied Blocks": 0,
                                "Shared Written Blocks": 0,
                                "Local Hit Blocks": 0,
                                "Local Read Blocks": 0,
                                "Local Dirtied Blocks": 0,
                                "Local Written Blocks": 0,
                                "Temp Read Blocks": 0,
                                "Temp Written Blocks": 0,
                                "Workers": [
                                  {
                                    "Worker Number": 0,
                                    "Actual Startup Time": 19.791,
                                    "Actual Total Time": 631.423,
                                    "Actual Rows": 324526,
                                    "Actual Loops": 1,
                                    "Shared Hit Blocks": 4590,
                                    "Shared Read Blocks": 4572,
                                    "Shared Dirtied Blocks": 0,
                                    "Shared Written Blocks": 0,
                                    "Local Hit Blocks": 0,
                                    "Local Read Blocks": 0,
                                    "Local Dirtied Blocks": 0,
                                    "Local Written Blocks": 0,
                                    "Temp Read Blocks": 0,
                                    "Temp Written Blocks": 0
                                  },
                                  {
                                    "Worker Number": 1,
                                    "Actual Startup Time": 19.579,
                                    "Actual Total Time": 4957.044,
                                    "Actual Rows": 3700157,
                                    "Actual Loops": 1,
                                    "Shared Hit Blocks": 16001,
                                    "Shared Read Blocks": 50528,
                                    "Shared Dirtied Blocks": 0,
                                    "Shared Written Blocks": 0,
                                    "Local Hit Blocks": 0,
                                    "Local Read Blocks": 0,
                                    "Local Dirtied Blocks": 0,
                                    "Local Written Blocks": 0,
                                    "Temp Read Blocks": 0,
                                    "Temp Written Blocks": 0
                                  }
                                ],
                                "Plans": [
                                  {
                                    "Node Type": "Index Only Scan",
                                    "Parent Relationship": "Outer",
                                    "Parallel Aware": true,
                                    "Async Capable": false,
                                    "Scan Direction": "Forward",
                                    "Index Name": "_dta_index_date_dim_6_661577395__k1_k7_k9",
                                    "Relation Name": "date_dim",
                                    "Schema": "public",
                                    "Alias": "date_dim",
                                    "Startup Cost": 0.29,
                                    "Total Cost": 1688.68,
                                    "Plan Rows": 152,
                                    "Plan Width": 4,
                                    "Actual Startup Time": 5.7,
                                    "Actual Total Time": 10.791,
                                    "Actual Rows": 122,
                                    "Actual Loops": 3,
                                    "Output": [
                                      "date_dim.d_date_sk",
                                      "date_dim.d_year",
                                      "date_dim.d_moy"
                                    ],
                                    "Index Cond": "(date_dim.d_year = 2002)",
                                    "Rows Removed by Index Recheck": 0,
                                    "Heap Fetches": 0,
                                    "Shared Hit Blocks": 6,
                                    "Shared Read Blocks": 278,
                                    "Shared Dirtied Blocks": 0,
                                    "Shared Written Blocks": 0,
                                    "Local Hit Blocks": 0,
                                    "Local Read Blocks": 0,
                                    "Local Dirtied Blocks": 0,
                                    "Local Written Blocks": 0,
                                    "Temp Read Blocks": 0,
                                    "Temp Written Blocks": 0,
                                    "Workers": [
                                      {
                                        "Worker Number": 0,
                                        "Actual Startup Time": 0.305,
                                        "Actual Total Time": 15.217,
                                        "Actual Rows": 35,
                                        "Actual Loops": 1,
                                        "Shared Hit Blocks": 2,
                                        "Shared Read Blocks": 135,
                                        "Shared Dirtied Blocks": 0,
                                        "Shared Written Blocks": 0,
                                        "Local Hit Blocks": 0,
                                        "Local Read Blocks": 0,
                                        "Local Dirtied Blocks": 0,
                                        "Local Written Blocks": 0,
                                        "Temp Read Blocks": 0,
                                        "Temp Written Blocks": 0
                                      },
                                      {
                                        "Worker Number": 1,
                                        "Actual Startup Time": 0.374,
                                        "Actual Total Time": 0.655,
                                        "Actual Rows": 261,
                                        "Actual Loops": 1,
                                        "Shared Hit Blocks": 2,
                                        "Shared Read Blocks": 0,
                                        "Shared Dirtied Blocks": 0,
                                        "Shared Written Blocks": 0,
                                        "Local Hit Blocks": 0,
                                        "Local Read Blocks": 0,
                                        "Local Dirtied Blocks": 0,
                                        "Local Written Blocks": 0,
                                        "Temp Read Blocks": 0,
                                        "Temp Written Blocks": 0
                                      }
                                    ]
                                  },
                                  {
                                    "Node Type": "Index Only Scan",
                                    "Parent Relationship": "Inner",
                                    "Parallel Aware": false,
                                    "Async Capable": false,
                                    "Scan Direction": "Forward",
                                    "Index Name": "_dta_index_store_sales_6_1333579789__k1_k23_k14_k6_k8_k5_k7_3_4",
                                    "Relation Name": "store_sales",
                                    "Schema": "public",
                                    "Alias": "store_sales",
                                    "Startup Cost": 0.56,
                                    "Total Cost": 907.33,
                                    "Plan Rows": 13481,
                                    "Plan Width": 39,
                                    "Actual Startup Time": 0.083,
                                    "Actual Total Time": 17.024,
                                    "Actual Rows": 12649,
                                    "Actual Loops": 365,
                                    "Output": [
                                      "store_sales.ss_sold_date_sk",
                                      "store_sales.ss_net_profit",
                                      "store_sales.ss_sales_price",
                                      "store_sales.ss_hdemo_sk",
                                      "store_sales.ss_store_sk",
                                      "store_sales.ss_cdemo_sk",
                                      "store_sales.ss_addr_sk",
                                      "store_sales.ss_item_sk",
                                      "store_sales.ss_customer_sk",
                                      "store_sales.ss_promo_sk",
                                      "store_sales.ss_ticket_number",
                                      "store_sales.ss_quantity",
                                      "store_sales.ss_wholesale_cost",
                                      "store_sales.ss_list_price",
                                      "store_sales.ss_ext_sales_price",
                                      "store_sales.ss_ext_wholesale_cost",
                                      "store_sales.ss_coupon_amt"
                                    ],
                                    "Index Cond": "(store_sales.ss_sold_date_sk = date_dim.d_date_sk)",
                                    "Rows Removed by Index Recheck": 0,
                                    "Heap Fetches": 0,
                                    "Shared Hit Blocks": 20821,
                                    "Shared Read Blocks": 63058,
                                    "Shared Dirtied Blocks": 0,
                                    "Shared Written Blocks": 0,
                                    "Local Hit Blocks": 0,
                                    "Local Read Blocks": 0,
                                    "Local Dirtied Blocks": 0,
                                    "Local Written Blocks": 0,
                                    "Temp Read Blocks": 0,
                                    "Temp Written Blocks": 0,
                                    "Workers": [
                                      {
                                        "Worker Number": 0,
                                        "Actual Startup Time": 0.122,
                                        "Actual Total Time": 16.309,
                                        "Actual Rows": 9272,
                                        "Actual Loops": 35,
                                        "Shared Hit Blocks": 4588,
                                        "Shared Read Blocks": 4437,
                                        "Shared Dirtied Blocks": 0,
                                        "Shared Written Blocks": 0,
                                        "Local Hit Blocks": 0,
                                        "Local Read Blocks": 0,
                                        "Local Dirtied Blocks": 0,
                                        "Local Written Blocks": 0,
                                        "Temp Read Blocks": 0,
                                        "Temp Written Blocks": 0
                                      },
                                      {
                                        "Worker Number": 1,
                                        "Actual Startup Time": 0.08,
                                        "Actual Total Time": 17.883,
                                        "Actual Rows": 14177,
                                        "Actual Loops": 261,
                                        "Shared Hit Blocks": 15999,
                                        "Shared Read Blocks": 50528,
                                        "Shared Dirtied Blocks": 0,
                                        "Shared Written Blocks": 0,
                                        "Local Hit Blocks": 0,
                                        "Local Read Blocks": 0,
                                        "Local Dirtied Blocks": 0,
                                        "Local Written Blocks": 0,
                                        "Temp Read Blocks": 0,
                                        "Temp Written Blocks": 0
                                      }
                                    ]
                                  }
                                ]
                              },
                              {
                                "Node Type": "Hash",
                                "Parent Relationship": "Inner",
                                "Parallel Aware": false,
                                "Async Capable": false,
                                "Startup Cost": 6.28,
                                "Total Cost": 6.28,
                                "Plan Rows": 4,
                                "Plan Width": 7,
                                "Actual Startup Time": 0.336,
                                "Actual Total Time": 0.337,
                                "Actual Rows": 4,
                                "Actual Loops": 3,
                                "Output": [
                                  "store.s_state",
                                  "store.s_store_sk"
                                ],
                                "Hash Buckets": 1024,
                                "Original Hash Buckets": 1024,
                                "Hash Batches": 1,
                                "Original Hash Batches": 1,
                                "Peak Memory Usage": 9,
                                "Shared Hit Blocks": 12,
                                "Shared Read Blocks": 3,
                                "Shared Dirtied Blocks": 0,
                                "Shared Written Blocks": 0,
                                "Local Hit Blocks": 0,
                                "Local Read Blocks": 0,
                                "Local Dirtied Blocks": 0,
                                "Local Written Blocks": 0,
                                "Temp Read Blocks": 0,
                                "Temp Written Blocks": 0,
                                "Workers": [
                                  {
                                    "Worker Number": 0,
                                    "Actual Startup Time": 0.348,
                                    "Actual Total Time": 0.349,
                                    "Actual Rows": 4,
                                    "Actual Loops": 1,
                                    "Shared Hit Blocks": 5,
                                    "Shared Read Blocks": 0,
                                    "Shared Dirtied Blocks": 0,
                                    "Shared Written Blocks": 0,
                                    "Local Hit Blocks": 0,
                                    "Local Read Blocks": 0,
                                    "Local Dirtied Blocks": 0,
                                    "Local Written Blocks": 0,
                                    "Temp Read Blocks": 0,
                                    "Temp Written Blocks": 0
                                  },
                                  {
                                    "Worker Number": 1,
                                    "Actual Startup Time": 0.337,
                                    "Actual Total Time": 0.338,
                                    "Actual Rows": 4,
                                    "Actual Loops": 1,
                                    "Shared Hit Blocks": 5,
                                    "Shared Read Blocks": 0,
                                    "Shared Dirtied Blocks": 0,
                                    "Shared Written Blocks": 0,
                                    "Local Hit Blocks": 0,
                                    "Local Read Blocks": 0,
                                    "Local Dirtied Blocks": 0,
                                    "Local Written Blocks": 0,
                                    "Temp Read Blocks": 0,
                                    "Temp Written Blocks": 0
                                  }
                                ],
                                "Plans": [
                                  {
                                    "Node Type": "Seq Scan",
                                    "Parent Relationship": "Outer",
                                    "Parallel Aware": false,
                                    "Async Capable": false,
                                    "Relation Name": "store",
                                    "Schema": "public",
                                    "Alias": "store",
                                    "Startup Cost": 0.0,
                                    "Total Cost": 6.28,
                                    "Plan Rows": 4,
                                    "Plan Width": 7,
                                    "Actual Startup Time": 0.206,
                                    "Actual Total Time": 0.329,
                                    "Actual Rows": 4,
                                    "Actual Loops": 3,
                                    "Output": [
                                      "store.s_state",
                                      "store.s_store_sk"
                                    ],
                                    "Filter": "(store.s_state = 'VA'::bpchar)",
                                    "Rows Removed by Filter": 98,
                                    "Shared Hit Blocks": 12,
                                    "Shared Read Blocks": 3,
                                    "Shared Dirtied Blocks": 0,
                                    "Shared Written Blocks": 0,
                                    "Local Hit Blocks": 0,
                                    "Local Read Blocks": 0,
                                    "Local Dirtied Blocks": 0,
                                    "Local Written Blocks": 0,
                                    "Temp Read Blocks": 0,
                                    "Temp Written Blocks": 0,
                                    "Workers": [
                                      {
                                        "Worker Number": 0,
                                        "Actual Startup Time": 0.309,
                                        "Actual Total Time": 0.34,
                                        "Actual Rows": 4,
                                        "Actual Loops": 1,
                                        "Shared Hit Blocks": 5,
                                        "Shared Read Blocks": 0,
                                        "Shared Dirtied Blocks": 0,
                                        "Shared Written Blocks": 0,
                                        "Local Hit Blocks": 0,
                                        "Local Read Blocks": 0,
                                        "Local Dirtied Blocks": 0,
                                        "Local Written Blocks": 0,
                                        "Temp Read Blocks": 0,
                                        "Temp Written Blocks": 0
                                      },
                                      {
                                        "Worker Number": 1,
                                        "Actual Startup Time": 0.298,
                                        "Actual Total Time": 0.329,
                                        "Actual Rows": 4,
                                        "Actual Loops": 1,
                                        "Shared Hit Blocks": 5,
                                        "Shared Read Blocks": 0,
                                        "Shared Dirtied Blocks": 0,
                                        "Shared Written Blocks": 0,
                                        "Local Hit Blocks": 0,
                                        "Local Read Blocks": 0,
                                        "Local Dirtied Blocks": 0,
                                        "Local Written Blocks": 0,
                                        "Temp Read Blocks": 0,
                                        "Temp Written Blocks": 0
                                      }
                                    ]
                                  }
                                ]
                              }
                            ]
                          },
                          {
                            "Node Type": "Index Scan",
                            "Parent Relationship": "Inner",
                            "Parallel Aware": false,
                            "Async Capable": false,
                            "Scan Direction": "Forward",
                            "Index Name": "item_pkey",
                            "Relation Name": "item",
                            "Schema": "public",
                            "Alias": "item",
                            "Startup Cost": 0.29,
                            "Total Cost": 0.6,
                            "Plan Rows": 1,
                            "Plan Width": 21,
                            "Actual Startup Time": 0.03,
                            "Actual Total Time": 0.03,
                            "Actual Rows": 0,
                            "Actual Loops": 34703,
                            "Output": [
                              "item.i_item_sk",
                              "item.i_item_id",
                              "item.i_rec_start_date",
                              "item.i_rec_end_date",
                              "item.i_item_desc",
                              "item.i_current_price",
                              "item.i_wholesale_cost",
                              "item.i_brand_id",
                              "item.i_brand",
                              "item.i_class_id",
                              "item.i_class",
                              "item.i_category_id",
                              "item.i_category",
                              "item.i_manufact_id",
                              "item.i_manufact",
                              "item.i_size",
                              "item.i_formulation",
                              "item.i_color",
                              "item.i_units",
                              "item.i_container",
                              "item.i_manager_id",
                              "item.i_product_name"
                            ],
                            "Index Cond": "(item.i_item_sk = store_sales.ss_item_sk)",
                            "Rows Removed by Index Recheck": 0,
                            "Filter": "(item.i_category = 'Jewelry'::bpchar)",
                            "Rows Removed by Filter": 1,
                            "Shared Hit Blocks": 94213,
                            "Shared Read Blocks": 9898,
                            "Shared Dirtied Blocks": 0,
                            "Shared Written Blocks": 0,
                            "Local Hit Blocks": 0,
                            "Local Read Blocks": 0,
                            "Local Dirtied Blocks": 0,
                            "Local Written Blocks": 0,
                            "Temp Read Blocks": 0,
                            "Temp Written Blocks": 0,
                            "Workers": [
                              {
                                "Worker Number": 0,
                                "Actual Startup Time": 0.035,
                                "Actual Total Time": 0.035,
                                "Actual Rows": 0,
                                "Actual Loops": 2732,
                                "Shared Hit Blocks": 7497,
                                "Shared Read Blocks": 700,
                                "Shared Dirtied Blocks": 0,
                                "Shared Written Blocks": 0,
                                "Local Hit Blocks": 0,
                                "Local Read Blocks": 0,
                                "Local Dirtied Blocks": 0,
                                "Local Written Blocks": 0,
                                "Temp Read Blocks": 0,
                                "Temp Written Blocks": 0
                              },
                              {
                                "Worker Number": 1,
                                "Actual Startup Time": 0.028,
                                "Actual Total Time": 0.028,
                                "Actual Rows": 0,
                                "Actual Loops": 27174,
                                "Shared Hit Blocks": 73569,
                                "Shared Read Blocks": 7954,
                                "Shared Dirtied Blocks": 0,
                                "Shared Written Blocks": 0,
                                "Local Hit Blocks": 0,
                                "Local Read Blocks": 0,
                                "Local Dirtied Blocks": 0,
                                "Local Written Blocks": 0,
                                "Temp Read Blocks": 0,
                                "Temp Written Blocks": 0
                              }
                            ]
                          }
                        ]
                      },
                      {
                        "Node Type": "Index Scan",
                        "Parent Relationship": "Inner",
                        "Parallel Aware": false,
                        "Async Capable": false,
                        "Scan Direction": "Forward",
                        "Index Name": "customer_demographics_pkey",
                        "Relation Name": "customer_demographics",
                        "Schema": "public",
                        "Alias": "customer_demographics",
                        "Startup Cost": 0.43,
                        "Total Cost": 0.81,
                        "Plan Rows": 1,
                        "Plan Width": 4,
                        "Actual Startup Time": 0.157,
                        "Actual Total Time": 0.157,
                        "Actual Rows": 0,
                        "Actual Loops": 2051,
                        "Output": [
                          "customer_demographics.cd_demo_sk",
                          "customer_demographics.cd_gender",
                          "customer_demographics.cd_marital_status",
                          "customer_demographics.cd_education_status",
                          "customer_demographics.cd_purchase_estimate",
                          "customer_demographics.cd_credit_rating",
                          "customer_demographics.cd_dep_count",
                          "customer_demographics.cd_dep_employed_count",
                          "customer_demographics.cd_dep_college_count"
                        ],
                        "Index Cond": "(customer_demographics.cd_demo_sk = store_sales.ss_cdemo_sk)",
                        "Rows Removed by Index Recheck": 0,
                        "Filter": "((customer_demographics.cd_gender = 'M'::bpchar) AND (customer_demographics.cd_marital_status = 'S'::bpchar) AND (customer_demographics.cd_education_status = 'Advanced Degree'::bpchar))",
                        "Rows Removed by Filter": 1,
                        "Shared Hit Blocks": 4815,
                        "Shared Read Blocks": 3311,
                        "Shared Dirtied Blocks": 0,
                        "Shared Written Blocks": 0,
                        "Local Hit Blocks": 0,
                        "Local Read Blocks": 0,
                        "Local Dirtied Blocks": 0,
                        "Local Written Blocks": 0,
                        "Temp Read Blocks": 0,
                        "Temp Written Blocks": 0,
                        "Workers": [
                          {
                            "Worker Number": 0,
                            "Actual Startup Time": 0.201,
                            "Actual Total Time": 0.201,
                            "Actual Rows": 0,
                            "Actual Loops": 164,
                            "Shared Hit Blocks": 402,
                            "Shared Read Blocks": 251,
                            "Shared Dirtied Blocks": 0,
                            "Shared Written Blocks": 0,
                            "Local Hit Blocks": 0,
                            "Local Read Blocks": 0,
                            "Local Dirtied Blocks": 0,
                            "Local Written Blocks": 0,
                            "Temp Read Blocks": 0,
                            "Temp Written Blocks": 0
                          },
                          {
                            "Worker Number": 1,
                            "Actual Startup Time": 0.149,
                            "Actual Total Time": 0.149,
                            "Actual Rows": 0,
                            "Actual Loops": 1607,
                            "Shared Hit Blocks": 3765,
                            "Shared Read Blocks": 2616,
                            "Shared Dirtied Blocks": 0,
                            "Shared Written Blocks": 0,
                            "Local Hit Blocks": 0,
                            "Local Read Blocks": 0,
                            "Local Dirtied Blocks": 0,
                            "Local Written Blocks": 0,
                            "Temp Read Blocks": 0,
                            "Temp Written Blocks": 0
                          }
                        ]
                      }
                    ]
                  }
                ]
              }
            ]
          }
        ]
      },
      "Planning": {
        "Shared Hit Blocks": 13,
        "Shared Read Blocks": 27,
        "Shared Dirtied Blocks": 0,
        "Shared Written Blocks": 0,
        "Local Hit Blocks": 0,
        "Local Read Blocks": 0,
        "Local Dirtied Blocks": 0,
        "Local Written Blocks": 0,
        "Temp Read Blocks": 0,
        "Temp Written Blocks": 0
      },
      "Planning Time": 4.053,
      "Triggers": [],
      "JIT": {
        "Functions": 89,
        "Options": {
          "Inlining": false,
          "Optimization": false,
          "Expressions": true,
          "Deforming": true
        },
        "Timing": {
          "Generation": 9.63,
          "Inlining": 0.0,
          "Optimization": 2.699,
          "Emission": 55.813,
          "Total": 68.143
        }
      },
      "Execution Time": 6255.781
    }
  ],
  "original_sql": "select min(i_item_id),\n        min(s_state),\n        min(ss_quantity),\n        min(ss_list_price),\n        min(ss_coupon_amt),\n        min(ss_sales_price),\n        min(ss_item_sk),\n        min(ss_ticket_number)\n from store_sales, customer_demographics, date_dim, store, item\n where ss_sold_date_sk = d_date_sk and\n       ss_item_sk = i_item_sk and\n       ss_store_sk = s_store_sk and\n       ss_cdemo_sk = cd_demo_sk and\n       cd_gender = 'M' and\n       cd_marital_status = 'S' and\n       cd_education_status = 'Advanced Degree' and\n       d_year = 2002 and\n       s_state = 'VA' and\n      i_category  = 'Jewelry'"
}