{
  "query_id": "query085_spj_spj",
  "engine": "postgresql",
  "benchmark": "dsb",
  "scale_factor": 10,
  "execution_time_ms": 5064.389,
  "planning_time_ms": 9.248,
  "plan_json": [
    {
      "Plan": {
        "Node Type": "Aggregate",
        "Strategy": "Plain",
        "Partial Mode": "Simple",
        "Parallel Aware": false,
        "Async Capable": false,
        "Startup Cost": 85115.37,
        "Total Cost": 85115.38,
        "Plan Rows": 1,
        "Plan Width": 84,
        "Actual Startup Time": 5064.262,
        "Actual Total Time": 5064.319,
        "Actual Rows": 1,
        "Actual Loops": 1,
        "Output": [
          "min(web_sales.ws_quantity)",
          "min(web_returns.wr_refunded_cash)",
          "min(web_returns.wr_fee)",
          "min(web_sales.ws_item_sk)",
          "min(web_returns.wr_order_number)",
          "min(cd1.cd_demo_sk)",
          "min(cd2.cd_demo_sk)"
        ],
        "Shared Hit Blocks": 128712,
        "Shared Read Blocks": 43829,
        "Shared Dirtied Blocks": 0,
        "Shared Written Blocks": 0,
        "Local Hit Blocks": 0,
        "Local Read Blocks": 0,
        "Local Dirtied Blocks": 0,
        "Local Written Blocks": 0,
        "Temp Read Blocks": 0,
        "Temp Written Blocks": 0,
        "Plans": [
          {
            "Node Type": "Nested Loop",
            "Parent Relationship": "Outer",
            "Parallel Aware": false,
            "Async Capable": false,
            "Join Type": "Inner",
            "Startup Cost": 1002.71,
            "Total Cost": 85115.36,
            "Plan Rows": 1,
            "Plan Width": 32,
            "Actual Startup Time": 563.511,
            "Actual Total Time": 5064.184,
            "Actual Rows": 49,
            "Actual Loops": 1,
            "Output": [
              "web_sales.ws_quantity",
              "web_returns.wr_refunded_cash",
              "web_returns.wr_fee",
              "web_sales.ws_item_sk",
              "web_returns.wr_order_number",
              "cd1.cd_demo_sk",
              "cd2.cd_demo_sk"
            ],
            "Inner Unique": true,
            "Shared Hit Blocks": 128712,
            "Shared Read Blocks": 43829,
            "Shared Dirtied Blocks": 0,
            "Shared Written Blocks": 0,
            "Local Hit Blocks": 0,
            "Local Read Blocks": 0,
            "Local Dirtied Blocks": 0,
            "Local Written Blocks": 0,
            "Temp Read Blocks": 0,
            "Temp Written Blocks": 0,
            "Plans": [
              {
                "Node Type": "Nested Loop",
                "Parent Relationship": "Outer",
                "Parallel Aware": false,
                "Async Capable": false,
                "Join Type": "Inner",
                "Startup Cost": 1002.57,
                "Total Cost": 85115.2,
                "Plan Rows": 1,
                "Plan Width": 36,
                "Actual Startup Time": 563.499,
                "Actual Total Time": 5063.955,
                "Actual Rows": 49,
                "Actual Loops": 1,
                "Output": [
                  "web_sales.ws_quantity",
                  "web_sales.ws_item_sk",
                  "web_returns.wr_refunded_cash",
                  "web_returns.wr_fee",
                  "web_returns.wr_order_number",
                  "web_returns.wr_reason_sk",
                  "cd1.cd_demo_sk",
                  "cd2.cd_demo_sk"
                ],
                "Inner Unique": true,
                "Join Filter": "((cd1.cd_marital_status = cd2.cd_marital_status) AND (cd1.cd_education_status = cd2.cd_education_status))",
                "Rows Removed by Join Filter": 0,
                "Shared Hit Blocks": 128614,
                "Shared Read Blocks": 43829,
                "Shared Dirtied Blocks": 0,
                "Shared Written Blocks": 0,
                "Local Hit Blocks": 0,
                "Local Read Blocks": 0,
                "Local Dirtied Blocks": 0,
                "Local Written Blocks": 0,
                "Temp Read Blocks": 0,
                "Temp Written Blocks": 0,
                "Plans": [
                  {
                    "Node Type": "Nested Loop",
                    "Parent Relationship": "Outer",
                    "Parallel Aware": false,
                    "Async Capable": false,
                    "Join Type": "Inner",
                    "Startup Cost": 1002.14,
                    "Total Cost": 85114.66,
                    "Plan Rows": 1,
                    "Plan Width": 59,
                    "Actual Startup Time": 563.119,
                    "Actual Total Time": 5061.641,
                    "Actual Rows": 51,
                    "Actual Loops": 1,
                    "Output": [
                      "web_sales.ws_quantity",
                      "web_sales.ws_item_sk",
                      "web_returns.wr_refunded_cash",
                      "web_returns.wr_fee",
                      "web_returns.wr_order_number",
                      "web_returns.wr_returning_cdemo_sk",
                      "web_returns.wr_reason_sk",
                      "cd1.cd_demo_sk",
                      "cd1.cd_marital_status",
                      "cd1.cd_education_status"
                    ],
                    "Inner Unique": true,
                    "Shared Hit Blocks": 128430,
                    "Shared Read Blocks": 43817,
                    "Shared Dirtied Blocks": 0,
                    "Shared Written Blocks": 0,
                    "Local Hit Blocks": 0,
                    "Local Read Blocks": 0,
                    "Local Dirtied Blocks": 0,
                    "Local Written Blocks": 0,
                    "Temp Read Blocks": 0,
                    "Temp Written Blocks": 0,
                    "Plans": [
                      {
                        "Node Type": "Gather",
                        "Parent Relationship": "Outer",
                        "Parallel Aware": false,
                        "Async Capable": false,
                        "Startup Cost": 1002.0,
                        "Total Cost": 85114.5,
                        "Plan Rows": 1,
                        "Plan Width": 63,
                        "Actual Startup Time": 563.107,
                        "Actual Total Time": 5061.297,
                        "Actual Rows": 51,
                        "Actual Loops": 1,
                        "Output": [
                          "web_sales.ws_quantity",
                          "web_sales.ws_item_sk",
                          "web_sales.ws_web_page_sk",
                          "web_returns.wr_refunded_cash",
                          "web_returns.wr_fee",
                          "web_returns.wr_order_number",
                          "web_returns.wr_returning_cdemo_sk",
                          "web_returns.wr_reason_sk",
                          "cd1.cd_demo_sk",
                          "cd1.cd_marital_status",
                          "cd1.cd_education_status"
                        ],
                        "Workers Planned": 2,
                        "Workers Launched": 2,
                        "Single Copy": false,
                        "Shared Hit Blocks": 128328,
                        "Shared Read Blocks": 43817,
                        "Shared Dirtied Blocks": 0,
                        "Shared Written Blocks": 0,
                        "Local Hit Blocks": 0,
                        "Local Read Blocks": 0,
                        "Local Dirtied Blocks": 0,
                        "Local Written Blocks": 0,
                        "Temp Read Blocks": 0,
                        "Temp Written Blocks": 0,
                        "Plans": [
                          {
                            "Node Type": "Nested Loop",
                            "Parent Relationship": "Outer",
                            "Parallel Aware": false,
                            "Async Capable": false,
                            "Join Type": "Inner",
                            "Startup Cost": 2.0,
                            "Total Cost": 84114.4,
                            "Plan Rows": 1,
                            "Plan Width": 63,
                            "Actual Startup Time": 383.233,
                            "Actual Total Time": 2627.15,
                            "Actual Rows": 17,
                            "Actual Loops": 3,
                            "Output": [
                              "web_sales.ws_quantity",
                              "web_sales.ws_item_sk",
                              "web_sales.ws_web_page_sk",
                              "web_returns.wr_refunded_cash",
                              "web_returns.wr_fee",
                              "web_returns.wr_order_number",
                              "web_returns.wr_returning_cdemo_sk",
                              "web_returns.wr_reason_sk",
                              "cd1.cd_demo_sk",
                              "cd1.cd_marital_status",
                              "cd1.cd_education_status"
                            ],
                            "Inner Unique": true,
                            "Join Filter": "(((cd1.cd_marital_status = 'D'::bpchar) AND (cd1.cd_education_status = 'Secondary'::bpchar) AND (web_sales.ws_sales_price >= 100.00) AND (web_sales.ws_sales_price <= 150.00)) OR ((cd1.cd_marital_status = 'M'::bpchar) AND (cd1.cd_education_status = '4 yr Degree'::bpchar) AND (web_sales.ws_sales_price >= 50.00) AND (web_sales.ws_sales_price <= 100.00)) OR ((cd1.cd_marital_status = 'U'::bpchar) AND (cd1.cd_education_status = 'Unknown'::bpchar) AND (web_sales.ws_sales_price >= 150.00) AND (web_sales.ws_sales_price <= 200.00)))",
                            "Rows Removed by Join Filter": 27,
                            "Shared Hit Blocks": 128328,
                            "Shared Read Blocks": 43817,
                            "Shared Dirtied Blocks": 0,
                            "Shared Written Blocks": 0,
                            "Local Hit Blocks": 0,
                            "Local Read Blocks": 0,
                            "Local Dirtied Blocks": 0,
                            "Local Written Blocks": 0,
                            "Temp Read Blocks": 0,
                            "Temp Written Blocks": 0,
                            "Workers": [
                              {
                                "Worker Number": 0,
                                "Actual Startup Time": 26.724,
                                "Actual Total Time": 26.727,
                                "Actual Rows": 0,
                                "Actual Loops": 1,
                                "Shared Hit Blocks": 0,
                                "Shared Read Blocks": 141,
                                "Shared Dirtied Blocks": 0,
                                "Shared Written Blocks": 0,
                                "Local Hit Blocks": 0,
                                "Local Read Blocks": 0,
                                "Local Dirtied Blocks": 0,
                                "Local Written Blocks": 0,
                                "Temp Read Blocks": 0,
                                "Temp Written Blocks": 0
                              },
                              {
                                "Worker Number": 1,
                                "Actual Startup Time": 560.232,
                                "Actual Total Time": 2793.879,
                                "Actual Rows": 13,
                                "Actual Loops": 1,
                                "Shared Hit Blocks": 38631,
                                "Shared Read Blocks": 13202,
                                "Shared Dirtied Blocks": 0,
                                "Shared Written Blocks": 0,
                                "Local Hit Blocks": 0,
                                "Local Read Blocks": 0,
                                "Local Dirtied Blocks": 0,
                                "Local Written Blocks": 0,
                                "Temp Read Blocks": 0,
                                "Temp Written Blocks": 0
                              }
                            ],
                            "Plans": [
                              {
                                "Node Type": "Nested Loop",
                                "Parent Relationship": "Outer",
                                "Parallel Aware": false,
                                "Async Capable": false,
                                "Join Type": "Inner",
                                "Startup Cost": 1.57,
                                "Total Cost": 84112.1,
                                "Plan Rows": 4,
                                "Plan Width": 46,
                                "Actual Startup Time": 22.097,
                                "Actual Total Time": 2492.146,
                                "Actual Rows": 450,
                                "Actual Loops": 3,
                                "Output": [
                                  "web_sales.ws_quantity",
                                  "web_sales.ws_item_sk",
                                  "web_sales.ws_web_page_sk",
                                  "web_sales.ws_sales_price",
                                  "web_returns.wr_refunded_cash",
                                  "web_returns.wr_fee",
                                  "web_returns.wr_order_number",
                                  "web_returns.wr_refunded_cdemo_sk",
                                  "web_returns.wr_returning_cdemo_sk",
                                  "web_returns.wr_reason_sk"
                                ],
                                "Inner Unique": true,
                                "Join Filter": "(((customer_address.ca_state = ANY ('{IA,PA,TX}'::bpchar[])) AND (web_sales.ws_net_profit >= '100'::numeric) AND (web_sales.ws_net_profit <= '200'::numeric)) OR ((customer_address.ca_state = ANY ('{GA,MO,SD}'::bpchar[])) AND (web_sales.ws_net_profit >= '150'::numeric) AND (web_sales.ws_net_profit <= '300'::numeric)) OR ((customer_address.ca_state = ANY ('{LA,TX,VA}'::bpchar[])) AND (web_sales.ws_net_profit >= '50'::numeric) AND (web_sales.ws_net_profit <= '250'::numeric)))",
                                "Rows Removed by Join Filter": 219,
                                "Shared Hit Blocks": 125361,
                                "Shared Read Blocks": 41487,
                                "Shared Dirtied Blocks": 0,
                                "Shared Written Blocks": 0,
                                "Local Hit Blocks": 0,
                                "Local Read Blocks": 0,
                                "Local Dirtied Blocks": 0,
                                "Local Written Blocks": 0,
                                "Temp Read Blocks": 0,
                                "Temp Written Blocks": 0,
                                "Workers": [
                                  {
                                    "Worker Number": 0,
                                    "Actual Startup Time": 26.724,
                                    "Actual Total Time": 26.726,
                                    "Actual Rows": 0,
                                    "Actual Loops": 1,
                                    "Shared Hit Blocks": 0,
                                    "Shared Read Blocks": 141,
                                    "Shared Dirtied Blocks": 0,
                                    "Shared Written Blocks": 0,
                                    "Local Hit Blocks": 0,
                                    "Local Read Blocks": 0,
                                    "Local Dirtied Blocks": 0,
                                    "Local Written Blocks": 0,
                                    "Temp Read Blocks": 0,
                                    "Temp Written Blocks": 0
                                  },
                                  {
                                    "Worker Number": 1,
                                    "Actual Startup Time": 6.427,
                                    "Actual Total Time": 2640.655,
                                    "Actual Rows": 412,
                                    "Actual Loops": 1,
                                    "Shared Hit Blocks": 37733,
                                    "Shared Read Blocks": 12491,
                                    "Shared Dirtied Blocks": 0,
                                    "Shared Written Blocks": 0,
                                    "Local Hit Blocks": 0,
                                    "Local Read Blocks": 0,
                                    "Local Dirtied Blocks": 0,
                                    "Local Written Blocks": 0,
                                    "Temp Read Blocks": 0,
                                    "Temp Written Blocks": 0
                                  }
                                ],
                                "Plans": [
                                  {
                                    "Node Type": "Nested Loop",
                                    "Parent Relationship": "Outer",
                                    "Parallel Aware": false,
                                    "Async Capable": false,
                                    "Join Type": "Inner",
                                    "Startup Cost": 1.15,
                                    "Total Cost": 84096.96,
                                    "Plan Rows": 30,
                                    "Plan Width": 56,
                                    "Actual Startup Time": 19.134,
                                    "Actual Total Time": 2221.403,
                                    "Actual Rows": 2273,
                                    "Actual Loops": 3,
                                    "Output": [
                                      "web_sales.ws_quantity",
                                      "web_sales.ws_item_sk",
                                      "web_sales.ws_web_page_sk",
                                      "web_sales.ws_sales_price",
                                      "web_sales.ws_net_profit",
                                      "web_returns.wr_refunded_cash",
                                      "web_returns.wr_fee",
                                      "web_returns.wr_order_number",
                                      "web_returns.wr_refunded_cdemo_sk",
                                      "web_returns.wr_returning_cdemo_sk",
                                      "web_returns.wr_refunded_addr_sk",
                                      "web_returns.wr_reason_sk"
                                    ],
                                    "Inner Unique": true,
                                    "Shared Hit Blocks": 103825,
                                    "Shared Read Blocks": 37022,
                                    "Shared Dirtied Blocks": 0,
                                    "Shared Written Blocks": 0,
                                    "Local Hit Blocks": 0,
                                    "Local Read Blocks": 0,
                                    "Local Dirtied Blocks": 0,
                                    "Local Written Blocks": 0,
                                    "Temp Read Blocks": 0,
                                    "Temp Written Blocks": 0,
                                    "Workers": [
                                      {
                                        "Worker Number": 0,
                                        "Actual Startup Time": 26.723,
                                        "Actual Total Time": 26.725,
                                        "Actual Rows": 0,
                                        "Actual Loops": 1,
                                        "Shared Hit Blocks": 0,
                                        "Shared Read Blocks": 141,
                                        "Shared Dirtied Blocks": 0,
                                        "Shared Written Blocks": 0,
                                        "Local Hit Blocks": 0,
                                        "Local Read Blocks": 0,
                                        "Local Dirtied Blocks": 0,
                                        "Local Written Blocks": 0,
                                        "Temp Read Blocks": 0,
                                        "Temp Written Blocks": 0
                                      },
                                      {
                                        "Worker Number": 1,
                                        "Actual Startup Time": 5.365,
                                        "Actual Total Time": 2346.229,
                                        "Actual Rows": 2018,
                                        "Actual Loops": 1,
                                        "Shared Hit Blocks": 31368,
                                        "Shared Read Blocks": 11107,
                                        "Shared Dirtied Blocks": 0,
                                        "Shared Written Blocks": 0,
                                        "Local Hit Blocks": 0,
                                        "Local Read Blocks": 0,
                                        "Local Dirtied Blocks": 0,
                                        "Local Written Blocks": 0,
                                        "Temp Read Blocks": 0,
                                        "Temp Written Blocks": 0
                                      }
                                    ],
                                    "Plans": [
                                      {
                                        "Node Type": "Nested Loop",
                                        "Parent Relationship": "Outer",
                                        "Parallel Aware": false,
                                        "Async Capable": false,
                                        "Join Type": "Inner",
                                        "Startup Cost": 0.72,
                                        "Total Cost": 83515.74,
                                        "Plan Rows": 715,
                                        "Plan Width": 28,
                                        "Actual Startup Time": 17.542,
                                        "Actual Total Time": 1877.213,
                                        "Actual Rows": 11195,
                                        "Actual Loops": 3,
                                        "Output": [
                                          "web_sales.ws_quantity",
                                          "web_sales.ws_item_sk",
                                          "web_sales.ws_web_page_sk",
                                          "web_sales.ws_order_number",
                                          "web_sales.ws_sales_price",
                                          "web_sales.ws_net_profit"
                                        ],
                                        "Inner Unique": false,
                                        "Shared Hit Blocks": 1456,
                                        "Shared Read Blocks": 31814,
                                        "Shared Dirtied Blocks": 0,
                                        "Shared Written Blocks": 0,
                                        "Local Hit Blocks": 0,
                                        "Local Read Blocks": 0,
                                        "Local Dirtied Blocks": 0,
                                        "Local Written Blocks": 0,
                                        "Temp Read Blocks": 0,
                                        "Temp Written Blocks": 0,
                                        "Workers": [
                                          {
                                            "Worker Number": 0,
                                            "Actual Startup Time": 26.723,
                                            "Actual Total Time": 26.724,
                                            "Actual Rows": 0,
                                            "Actual Loops": 1,
                                            "Shared Hit Blocks": 0,
                                            "Shared Read Blocks": 141,
                                            "Shared Dirtied Blocks": 0,
                                            "Shared Written Blocks": 0,
                                            "Local Hit Blocks": 0,
                                            "Local Read Blocks": 0,
                                            "Local Dirtied Blocks": 0,
                                            "Local Written Blocks": 0,
                                            "Temp Read Blocks": 0,
                                            "Temp Written Blocks": 0
                                          },
                                          {
                                            "Worker Number": 1,
                                            "Actual Startup Time": 1.251,
                                            "Actual Total Time": 1967.759,
                                            "Actual Rows": 10118,
                                            "Actual Loops": 1,
                                            "Shared Hit Blocks": 562,
                                            "Shared Read Blocks": 9540,
                                            "Shared Dirtied Blocks": 0,
                                            "Shared Written Blocks": 0,
                                            "Local Hit Blocks": 0,
                                            "Local Read Blocks": 0,
                                            "Local Dirtied Blocks": 0,
                                            "Local Written Blocks": 0,
                                            "Temp Read Blocks": 0,
                                            "Temp Written Blocks": 0
                                          }
                                        ],
                                        "Plans": [
                                          {
                                            "Node Type": "Index Only Scan",
                                            "Parent Relationship": "Outer",
                                            "Parallel Aware": true,
                                            "Async Capable": false,
                                            "Scan Direction": "Forward",
                                            "Index Name": "_dta_index_date_dim_6_661577395__k1_k7_k9",
                                            "Relation Name": "date_dim",
                                            "Schema": "public",
                                            "Alias": "date_dim",
                                            "Startup Cost": 0.29,
                                            "Total Cost": 1688.68,
                                            "Plan Rows": 152,
                                            "Plan Width": 4,
                                            "Actual Startup Time": 17.284,
                                            "Actual Total Time": 17.495,
                                            "Actual Rows": 122,
                                            "Actual Loops": 3,
                                            "Output": [
                                              "date_dim.d_date_sk",
                                              "date_dim.d_year",
                                              "date_dim.d_moy"
                                            ],
                                            "Index Cond": "(date_dim.d_year = 1998)",
                                            "Rows Removed by Index Recheck": 0,
                                            "Heap Fetches": 0,
                                            "Shared Hit Blocks": 3,
                                            "Shared Read Blocks": 280,
                                            "Shared Dirtied Blocks": 0,
                                            "Shared Written Blocks": 0,
                                            "Local Hit Blocks": 0,
                                            "Local Read Blocks": 0,
                                            "Local Dirtied Blocks": 0,
                                            "Local Written Blocks": 0,
                                            "Temp Read Blocks": 0,
                                            "Temp Written Blocks": 0,
                                            "Workers": [
                                              {
                                                "Worker Number": 0,
                                                "Actual Startup Time": 26.722,
                                                "Actual Total Time": 26.722,
                                                "Actual Rows": 0,
                                                "Actual Loops": 1,
                                                "Shared Hit Blocks": 0,
                                                "Shared Read Blocks": 141,
                                                "Shared Dirtied Blocks": 0,
                                                "Shared Written Blocks": 0,
                                                "Local Hit Blocks": 0,
                                                "Local Read Blocks": 0,
                                                "Local Dirtied Blocks": 0,
                                                "Local Written Blocks": 0,
                                                "Temp Read Blocks": 0,
                                                "Temp Written Blocks": 0
                                              },
                                              {
                                                "Worker Number": 1,
                                                "Actual Startup Time": 0.719,
                                                "Actual Total Time": 0.927,
                                                "Actual Rows": 140,
                                                "Actual Loops": 1,
                                                "Shared Hit Blocks": 1,
                                                "Shared Read Blocks": 1,
                                                "Shared Dirtied Blocks": 0,
                                                "Shared Written Blocks": 0,
                                                "Local Hit Blocks": 0,
                                                "Local Read Blocks": 0,
                                                "Local Dirtied Blocks": 0,
                                                "Local Written Blocks": 0,
                                                "Temp Read Blocks": 0,
                                                "Temp Written Blocks": 0
                                              }
                                            ]
                                          },
                                          {
                                            "Node Type": "Index Scan",
                                            "Parent Relationship": "Inner",
                                            "Parallel Aware": false,
                                            "Async Capable": false,
                                            "Scan Direction": "Forward",
                                            "Index Name": "_dta_index_web_sales_6_1269579561__k1_8_24",
                                            "Relation Name": "web_sales",
                                            "Schema": "public",
                                            "Alias": "web_sales",
                                            "Startup Cost": 0.43,
                                            "Total Cost": 536.72,
                                            "Plan Rows": 162,
                                            "Plan Width": 32,
                                            "Actual Startup Time": 0.188,
                                            "Actual Total Time": 15.248,
                                            "Actual Rows": 92,
                                            "Actual Loops": 365,
                                            "Output": [
                                              "web_sales.ws_sold_date_sk",
                                              "web_sales.ws_sold_time_sk",
                                              "web_sales.ws_ship_date_sk",
                                              "web_sales.ws_item_sk",
                                              "web_sales.ws_bill_customer_sk",
                                              "web_sales.ws_bill_cdemo_sk",
                                              "web_sales.ws_bill_hdemo_sk",
                                              "web_sales.ws_bill_addr_sk",
                                              "web_sales.ws_ship_customer_sk",
                                              "web_sales.ws_ship_cdemo_sk",
                                              "web_sales.ws_ship_hdemo_sk",
                                              "web_sales.ws_ship_addr_sk",
                                              "web_sales.ws_web_page_sk",
                                              "web_sales.ws_web_site_sk",
                                              "web_sales.ws_ship_mode_sk",
                                              "web_sales.ws_warehouse_sk",
                                              "web_sales.ws_promo_sk",
                                              "web_sales.ws_order_number",
                                              "web_sales.ws_quantity",
                                              "web_sales.ws_wholesale_cost",
                                              "web_sales.ws_list_price",
                                              "web_sales.ws_sales_price",
                                              "web_sales.ws_ext_discount_amt",
                                              "web_sales.ws_ext_sales_price",
                                              "web_sales.ws_ext_wholesale_cost",
                                              "web_sales.ws_ext_list_price",
                                              "web_sales.ws_ext_tax",
                                              "web_sales.ws_coupon_amt",
                                              "web_sales.ws_ext_ship_cost",
                                              "web_sales.ws_net_paid",
                                              "web_sales.ws_net_paid_inc_tax",
                                              "web_sales.ws_net_paid_inc_ship",
                                              "web_sales.ws_net_paid_inc_ship_tax",
                                              "web_sales.ws_net_profit"
                                            ],
                                            "Index Cond": "(web_sales.ws_sold_date_sk = date_dim.d_date_sk)",
                                            "Rows Removed by Index Recheck": 0,
                                            "Filter": "((((web_sales.ws_sales_price >= 100.00) AND (web_sales.ws_sales_price <= 150.00)) OR ((web_sales.ws_sales_price >= 50.00) AND (web_sales.ws_sales_price <= 100.00)) OR ((web_sales.ws_sales_price >= 150.00) AND (web_sales.ws_sales_price <= 200.00))) AND (((web_sales.ws_net_profit >= '100'::numeric) AND (web_sales.ws_net_profit <= '200'::numeric)) OR ((web_sales.ws_net_profit >= '150'::numeric) AND (web_sales.ws_net_profit <= '300'::numeric)) OR ((web_sales.ws_net_profit >= '50'::numeric) AND (web_sales.ws_net_profit <= '250'::numeric))))",
                                            "Rows Removed by Filter": 2814,
                                            "Shared Hit Blocks": 1453,
                                            "Shared Read Blocks": 31534,
                                            "Shared Dirtied Blocks": 0,
                                            "Shared Written Blocks": 0,
                                            "Local Hit Blocks": 0,
                                            "Local Read Blocks": 0,
                                            "Local Dirtied Blocks": 0,
                                            "Local Written Blocks": 0,
                                            "Temp Read Blocks": 0,
                                            "Temp Written Blocks": 0,
                                            "Workers": [
                                              {
                                                "Worker Number": 1,
                                                "Actual Startup Time": 0.224,
                                                "Actual Total Time": 14.018,
                                                "Actual Rows": 72,
                                                "Actual Loops": 140,
                                                "Shared Hit Blocks": 561,
                                                "Shared Read Blocks": 9539,
                                                "Shared Dirtied Blocks": 0,
                                                "Shared Written Blocks": 0,
                                                "Local Hit Blocks": 0,
                                                "Local Read Blocks": 0,
                                                "Local Dirtied Blocks": 0,
                                                "Local Written Blocks": 0,
                                                "Temp Read Blocks": 0,
                                                "Temp Written Blocks": 0
                                              }
                                            ]
                                          }
                                        ]
                                      },
                                      {
                                        "Node Type": "Index Scan",
                                        "Parent Relationship": "Inner",
                                        "Parallel Aware": false,
                                        "Async Capable": false,
                                        "Scan Direction": "Forward",
                                        "Index Name": "web_returns_pkey",
                                        "Relation Name": "web_returns",
                                        "Schema": "public",
                                        "Alias": "web_returns",
                                        "Startup Cost": 0.43,
                                        "Total Cost": 0.81,
                                        "Plan Rows": 1,
                                        "Plan Width": 36,
                                        "Actual Startup Time": 0.03,
                                        "Actual Total Time": 0.03,
                                        "Actual Rows": 0,
                                        "Actual Loops": 33586,
                                        "Output": [
                                          "web_returns.wr_returned_date_sk",
                                          "web_returns.wr_returned_time_sk",
                                          "web_returns.wr_item_sk",
                                          "web_returns.wr_refunded_customer_sk",
                                          "web_returns.wr_refunded_cdemo_sk",
                                          "web_returns.wr_refunded_hdemo_sk",
                                          "web_returns.wr_refunded_addr_sk",
                                          "web_returns.wr_returning_customer_sk",
                                          "web_returns.wr_returning_cdemo_sk",
                                          "web_returns.wr_returning_hdemo_sk",
                                          "web_returns.wr_returning_addr_sk",
                                          "web_returns.wr_web_page_sk",
                                          "web_returns.wr_reason_sk",
                                          "web_returns.wr_order_number",
                                          "web_returns.wr_return_quantity",
                                          "web_returns.wr_return_amt",
                                          "web_returns.wr_return_tax",
                                          "web_returns.wr_return_amt_inc_tax",
                                          "web_returns.wr_fee",
                                          "web_returns.wr_return_ship_cost",
                                          "web_returns.wr_refunded_cash",
                                          "web_returns.wr_reversed_charge",
                                          "web_returns.wr_account_credit",
                                          "web_returns.wr_net_loss"
                                        ],
                                        "Index Cond": "((web_returns.wr_item_sk = web_sales.ws_item_sk) AND (web_returns.wr_order_number = web_sales.ws_order_number))",
                                        "Rows Removed by Index Recheck": 0,
                                        "Shared Hit Blocks": 102369,
                                        "Shared Read Blocks": 5208,
                                        "Shared Dirtied Blocks": 0,
                                        "Shared Written Blocks": 0,
                                        "Local Hit Blocks": 0,
                                        "Local Read Blocks": 0,
                                        "Local Dirtied Blocks": 0,
                                        "Local Written Blocks": 0,
                                        "Temp Read Blocks": 0,
                                        "Temp Written Blocks": 0,
                                        "Workers": [
                                          {
                                            "Worker Number": 1,
                                            "Actual Startup Time": 0.036,
                                            "Actual Total Time": 0.036,
                                            "Actual Rows": 0,
                                            "Actual Loops": 10118,
                                            "Shared Hit Blocks": 30806,
                                            "Shared Read Blocks": 1567,
                                            "Shared Dirtied Blocks": 0,
                                            "Shared Written Blocks": 0,
                                            "Local Hit Blocks": 0,
                                            "Local Read Blocks": 0,
                                            "Local Dirtied Blocks": 0,
                                            "Local Written Blocks": 0,
                                            "Temp Read Blocks": 0,
                                            "Temp Written Blocks": 0
                                          }
                                        ]
                                      }
                                    ]
                                  },
                                  {
                                    "Node Type": "Index Scan",
                                    "Parent Relationship": "Inner",
                                    "Parallel Aware": false,
                                    "Async Capable": false,
                                    "Scan Direction": "Forward",
                                    "Index Name": "customer_address_pkey",
                                    "Relation Name": "customer_address",
                                    "Schema": "public",
                                    "Alias": "customer_address",
                                    "Startup Cost": 0.42,
                                    "Total Cost": 0.47,
                                    "Plan Rows": 1,
                                    "Plan Width": 7,
                                    "Actual Startup Time": 0.117,
                                    "Actual Total Time": 0.117,
                                    "Actual Rows": 0,
                                    "Actual Loops": 6818,
                                    "Output": [
                                      "customer_address.ca_address_sk",
                                      "customer_address.ca_address_id",
                                      "customer_address.ca_street_number",
                                      "customer_address.ca_street_name",
                                      "customer_address.ca_street_type",
                                      "customer_address.ca_suite_number",
                                      "customer_address.ca_city",
                                      "customer_address.ca_county",
                                      "customer_address.ca_state",
                                      "customer_address.ca_zip",
                                      "customer_address.ca_country",
                                      "customer_address.ca_gmt_offset",
                                      "customer_address.ca_location_type"
                                    ],
                                    "Index Cond": "(customer_address.ca_address_sk = web_returns.wr_refunded_addr_sk)",
                                    "Rows Removed by Index Recheck": 0,
                                    "Filter": "(((customer_address.ca_country)::text = 'United States'::text) AND ((customer_address.ca_state = ANY ('{IA,PA,TX}'::bpchar[])) OR (customer_address.ca_state = ANY ('{GA,MO,SD}'::bpchar[])) OR (customer_address.ca_state = ANY ('{LA,TX,VA}'::bpchar[]))))",
                                    "Rows Removed by Filter": 1,
                                    "Shared Hit Blocks": 21536,
                                    "Shared Read Blocks": 4465,
                                    "Shared Dirtied Blocks": 0,
                                    "Shared Written Blocks": 0,
                                    "Local Hit Blocks": 0,
                                    "Local Read Blocks": 0,
                                    "Local Dirtied Blocks": 0,
                                    "Local Written Blocks": 0,
                                    "Temp Read Blocks": 0,
                                    "Temp Written Blocks": 0,
                                    "Workers": [
                                      {
                                        "Worker Number": 1,
                                        "Actual Startup Time": 0.144,
                                        "Actual Total Time": 0.144,
                                        "Actual Rows": 0,
                                        "Actual Loops": 2018,
                                        "Shared Hit Blocks": 6365,
                                        "Shared Read Blocks": 1384,
                                        "Shared Dirtied Blocks": 0,
                                        "Shared Written Blocks": 0,
                                        "Local Hit Blocks": 0,
                                        "Local Read Blocks": 0,
                                        "Local Dirtied Blocks": 0,
                                        "Local Written Blocks": 0,
                                        "Temp Read Blocks": 0,
                                        "Temp Written Blocks": 0
                                      }
                                    ]
                                  }
                                ]
                              },
                              {
                                "Node Type": "Index Scan",
                                "Parent Relationship": "Inner",
                                "Parallel Aware": false,
                                "Async Capable": false,
                                "Scan Direction": "Forward",
                                "Index Name": "customer_demographics_pkey",
                                "Relation Name": "customer_demographics",
                                "Schema": "public",
                                "Alias": "cd1",
                                "Startup Cost": 0.43,
                                "Total Cost": 0.54,
                                "Plan Rows": 1,
                                "Plan Width": 27,
                                "Actual Startup Time": 0.298,
                                "Actual Total Time": 0.298,
                                "Actual Rows": 0,
                                "Actual Loops": 1350,
                                "Output": [
                                  "cd1.cd_demo_sk",
                                  "cd1.cd_gender",
                                  "cd1.cd_marital_status",
                                  "cd1.cd_education_status",
                                  "cd1.cd_purchase_estimate",
                                  "cd1.cd_credit_rating",
                                  "cd1.cd_dep_count",
                                  "cd1.cd_dep_employed_count",
                                  "cd1.cd_dep_college_count"
                                ],
                                "Index Cond": "(cd1.cd_demo_sk = web_returns.wr_refunded_cdemo_sk)",
                                "Rows Removed by Index Recheck": 0,
                                "Filter": "(((cd1.cd_marital_status = 'D'::bpchar) AND (cd1.cd_education_status = 'Secondary'::bpchar)) OR ((cd1.cd_marital_status = 'M'::bpchar) AND (cd1.cd_education_status = '4 yr Degree'::bpchar)) OR ((cd1.cd_marital_status = 'U'::bpchar) AND (cd1.cd_education_status = 'Unknown'::bpchar)))",
                                "Rows Removed by Filter": 1,
                                "Shared Hit Blocks": 2967,
                                "Shared Read Blocks": 2330,
                                "Shared Dirtied Blocks": 0,
                                "Shared Written Blocks": 0,
                                "Local Hit Blocks": 0,
                                "Local Read Blocks": 0,
                                "Local Dirtied Blocks": 0,
                                "Local Written Blocks": 0,
                                "Temp Read Blocks": 0,
                                "Temp Written Blocks": 0,
                                "Workers": [
                                  {
                                    "Worker Number": 1,
                                    "Actual Startup Time": 0.37,
                                    "Actual Total Time": 0.37,
                                    "Actual Rows": 0,
                                    "Actual Loops": 412,
                                    "Shared Hit Blocks": 898,
                                    "Shared Read Blocks": 711,
                                    "Shared Dirtied Blocks": 0,
                                    "Shared Written Blocks": 0,
                                    "Local Hit Blocks": 0,
                                    "Local Read Blocks": 0,
                                    "Local Dirtied Blocks": 0,
                                    "Local Written Blocks": 0,
                                    "Temp Read Blocks": 0,
                                    "Temp Written Blocks": 0
                                  }
                                ]
                              }
                            ]
                          }
                        ]
                      },
                      {
                        "Node Type": "Index Only Scan",
                        "Parent Relationship": "Inner",
                        "Parallel Aware": false,
                        "Async Capable": false,
                        "Scan Direction": "Forward",
                        "Index Name": "web_page_pkey",
                        "Relation Name": "web_page",
                        "Schema": "public",
                        "Alias": "web_page",
                        "Startup Cost": 0.14,
                        "Total Cost": 0.16,
                        "Plan Rows": 1,
                        "Plan Width": 4,
                        "Actual Startup Time": 0.004,
                        "Actual Total Time": 0.004,
                        "Actual Rows": 1,
                        "Actual Loops": 51,
                        "Output": [
                          "web_page.wp_web_page_sk"
                        ],
                        "Index Cond": "(web_page.wp_web_page_sk = web_sales.ws_web_page_sk)",
                        "Rows Removed by Index Recheck": 0,
                        "Heap Fetches": 51,
                        "Shared Hit Blocks": 102,
                        "Shared Read Blocks": 0,
                        "Shared Dirtied Blocks": 0,
                        "Shared Written Blocks": 0,
                        "Local Hit Blocks": 0,
                        "Local Read Blocks": 0,
                        "Local Dirtied Blocks": 0,
                        "Local Written Blocks": 0,
                        "Temp Read Blocks": 0,
                        "Temp Written Blocks": 0
                      }
                    ]
                  },
                  {
                    "Node Type": "Index Scan",
                    "Parent Relationship": "Inner",
                    "Parallel Aware": false,
                    "Async Capable": false,
                    "Scan Direction": "Forward",
                    "Index Name": "customer_demographics_pkey",
                    "Relation Name": "customer_demographics",
                    "Schema": "public",
                    "Alias": "cd2",
                    "Startup Cost": 0.43,
                    "Total Cost": 0.52,
                    "Plan Rows": 1,
                    "Plan Width": 27,
                    "Actual Startup Time": 0.043,
                    "Actual Total Time": 0.043,
                    "Actual Rows": 1,
                    "Actual Loops": 51,
                    "Output": [
                      "cd2.cd_demo_sk",
                      "cd2.cd_gender",
                      "cd2.cd_marital_status",
                      "cd2.cd_education_status",
                      "cd2.cd_purchase_estimate",
                      "cd2.cd_credit_rating",
                      "cd2.cd_dep_count",
                      "cd2.cd_dep_employed_count",
                      "cd2.cd_dep_college_count"
                    ],
                    "Index Cond": "(cd2.cd_demo_sk = web_returns.wr_returning_cdemo_sk)",
                    "Rows Removed by Index Recheck": 0,
                    "Shared Hit Blocks": 184,
                    "Shared Read Blocks": 12,
                    "Shared Dirtied Blocks": 0,
                    "Shared Written Blocks": 0,
                    "Local Hit Blocks": 0,
                    "Local Read Blocks": 0,
                    "Local Dirtied Blocks": 0,
                    "Local Written Blocks": 0,
                    "Temp Read Blocks": 0,
                    "Temp Written Blocks": 0
                  }
                ]
              },
              {
                "Node Type": "Index Only Scan",
                "Parent Relationship": "Inner",
                "Parallel Aware": false,
                "Async Capable": false,
                "Scan Direction": "Forward",
                "Index Name": "reason_pkey",
                "Relation Name": "reason",
                "Schema": "public",
                "Alias": "reason",
                "Startup Cost": 0.14,
                "Total Cost": 0.16,
                "Plan Rows": 1,
                "Plan Width": 4,
                "Actual Startup Time": 0.003,
                "Actual Total Time": 0.003,
                "Actual Rows": 1,
                "Actual Loops": 49,
                "Output": [
                  "reason.r_reason_sk"
                ],
                "Index Cond": "(reason.r_reason_sk = web_returns.wr_reason_sk)",
                "Rows Removed by Index Recheck": 0,
                "Heap Fetches": 49,
                "Shared Hit Blocks": 98,
                "Shared Read Blocks": 0,
                "Shared Dirtied Blocks": 0,
                "Shared Written Blocks": 0,
                "Local Hit Blocks": 0,
                "Local Read Blocks": 0,
                "Local Dirtied Blocks": 0,
                "Local Written Blocks": 0,
                "Temp Read Blocks": 0,
                "Temp Written Blocks": 0
              }
            ]
          }
        ]
      },
      "Planning": {
        "Shared Hit Blocks": 41,
        "Shared Read Blocks": 31,
        "Shared Dirtied Blocks": 0,
        "Shared Written Blocks": 0,
        "Local Hit Blocks": 0,
        "Local Read Blocks": 0,
        "Local Dirtied Blocks": 0,
        "Local Written Blocks": 0,
        "Temp Read Blocks": 0,
        "Temp Written Blocks": 0
      },
      "Planning Time": 9.248,
      "Triggers": [],
      "Execution Time": 5064.389
    }
  ],
  "original_sql": "select min(ws_quantity)\n       ,min(wr_refunded_cash)\n       ,min(wr_fee)\n       ,min(ws_item_sk)\n       ,min(wr_order_number)\n       ,min(cd1.cd_demo_sk)\n\t   ,min(cd2.cd_demo_sk)\n from web_sales, web_returns, web_page, customer_demographics cd1,\n      customer_demographics cd2, customer_address, date_dim, reason\n where ws_web_page_sk = wp_web_page_sk\n   and ws_item_sk = wr_item_sk\n   and ws_order_number = wr_order_number\n   and ws_sold_date_sk = d_date_sk and d_year = 1998\n   and cd1.cd_demo_sk = wr_refunded_cdemo_sk\n   and cd2.cd_demo_sk = wr_returning_cdemo_sk\n   and ca_address_sk = wr_refunded_addr_sk\n   and r_reason_sk = wr_reason_sk\n   and\n   (\n    (\n     cd1.cd_marital_status = 'D'\n     and\n     cd1.cd_marital_status = cd2.cd_marital_status\n     and\n     cd1.cd_education_status = 'Secondary'\n     and\n     cd1.cd_education_status = cd2.cd_education_status\n     and\n     ws_sales_price between 100.00 and 150.00\n    )\n   or\n    (\n     cd1.cd_marital_status = 'M'\n     and\n     cd1.cd_marital_status = cd2.cd_marital_status\n     and\n     cd1.cd_education_status = '4 yr Degree'\n     and\n     cd1.cd_education_status = cd2.cd_education_status\n     and\n     ws_sales_price between 50.00 and 100.00\n    )\n   or\n    (\n     cd1.cd_marital_status = 'U'\n     and\n     cd1.cd_marital_status = cd2.cd_marital_status\n     and\n     cd1.cd_education_status = 'Unknown'\n     and\n     cd1.cd_education_status = cd2.cd_education_status\n     and\n     ws_sales_price between 150.00 and 200.00\n    )\n   )\n   and\n   (\n    (\n     ca_country = 'United States'\n     and\n     ca_state in ('IA', 'PA', 'TX')\n     and ws_net_profit between 100 and 200\n    )\n    or\n    (\n     ca_country = 'United States'\n     and\n     ca_state in ('GA', 'MO', 'SD')\n     and ws_net_profit between 150 and 300\n    )\n    or\n    (\n     ca_country = 'United States'\n     and\n     ca_state in ('LA', 'TX', 'VA')\n     and ws_net_profit between 50 and 250\n    )\n   )"
}