{
  "query_id": "query050_spj_spj",
  "engine": "postgresql",
  "benchmark": "dsb",
  "scale_factor": 10,
  "execution_time_ms": 16065.113,
  "planning_time_ms": 5.088,
  "plan_json": [
    {
      "Plan": {
        "Node Type": "Aggregate",
        "Strategy": "Plain",
        "Partial Mode": "Simple",
        "Parallel Aware": false,
        "Async Capable": false,
        "Startup Cost": 232671.99,
        "Total Cost": 232672.0,
        "Plan Rows": 1,
        "Plan Width": 216,
        "Actual Startup Time": 16057.818,
        "Actual Total Time": 16063.005,
        "Actual Rows": 1,
        "Actual Loops": 1,
        "Output": [
          "min((store.s_store_name)::text)",
          "min(store.s_company_id)",
          "min((store.s_street_number)::text)",
          "min((store.s_street_name)::text)",
          "min(store.s_suite_number)",
          "min((store.s_city)::text)",
          "min(store.s_zip)",
          "min(store_sales.ss_ticket_number)",
          "min(store_sales.ss_sold_date_sk)",
          "min(store_returns.sr_returned_date_sk)",
          "min(store_sales.ss_item_sk)",
          "min(d1.d_date_sk)"
        ],
        "Shared Hit Blocks": 318264,
        "Shared Read Blocks": 188353,
        "Shared Dirtied Blocks": 0,
        "Shared Written Blocks": 0,
        "Local Hit Blocks": 0,
        "Local Read Blocks": 0,
        "Local Dirtied Blocks": 0,
        "Local Written Blocks": 0,
        "Temp Read Blocks": 0,
        "Temp Written Blocks": 0,
        "Plans": [
          {
            "Node Type": "Nested Loop",
            "Parent Relationship": "Outer",
            "Parallel Aware": false,
            "Async Capable": false,
            "Join Type": "Inner",
            "Startup Cost": 2672.02,
            "Total Cost": 232671.96,
            "Plan Rows": 1,
            "Plan Width": 72,
            "Actual Startup Time": 2536.564,
            "Actual Total Time": 16062.831,
            "Actual Rows": 37,
            "Actual Loops": 1,
            "Output": [
              "store.s_store_name",
              "store.s_company_id",
              "store.s_street_number",
              "store.s_street_name",
              "store.s_suite_number",
              "store.s_city",
              "store.s_zip",
              "store_sales.ss_ticket_number",
              "store_sales.ss_sold_date_sk",
              "store_returns.sr_returned_date_sk",
              "store_sales.ss_item_sk",
              "d1.d_date_sk"
            ],
            "Inner Unique": true,
            "Join Filter": "((d1.d_date <= d2.d_date) AND (d1.d_date >= (d2.d_date - '120 days'::interval)))",
            "Rows Removed by Join Filter": 13,
            "Shared Hit Blocks": 318264,
            "Shared Read Blocks": 188353,
            "Shared Dirtied Blocks": 0,
            "Shared Written Blocks": 0,
            "Local Hit Blocks": 0,
            "Local Read Blocks": 0,
            "Local Dirtied Blocks": 0,
            "Local Written Blocks": 0,
            "Temp Read Blocks": 0,
            "Temp Written Blocks": 0,
            "Plans": [
              {
                "Node Type": "Gather",
                "Parent Relationship": "Outer",
                "Parallel Aware": false,
                "Async Capable": false,
                "Startup Cost": 2671.73,
                "Total Cost": 232670.24,
                "Plan Rows": 1,
                "Plan Width": 72,
                "Actual Startup Time": 1339.972,
                "Actual Total Time": 16054.494,
                "Actual Rows": 378,
                "Actual Loops": 1,
                "Output": [
                  "store_sales.ss_ticket_number",
                  "store_sales.ss_sold_date_sk",
                  "store_sales.ss_item_sk",
                  "store_returns.sr_returned_date_sk",
                  "store.s_store_name",
                  "store.s_company_id",
                  "store.s_street_number",
                  "store.s_street_name",
                  "store.s_suite_number",
                  "store.s_city",
                  "store.s_zip",
                  "d2.d_date"
                ],
                "Workers Planned": 2,
                "Workers Launched": 2,
                "Single Copy": false,
                "Shared Hit Blocks": 317192,
                "Shared Read Blocks": 188309,
                "Shared Dirtied Blocks": 0,
                "Shared Written Blocks": 0,
                "Local Hit Blocks": 0,
                "Local Read Blocks": 0,
                "Local Dirtied Blocks": 0,
                "Local Written Blocks": 0,
                "Temp Read Blocks": 0,
                "Temp Written Blocks": 0,
                "Plans": [
                  {
                    "Node Type": "Nested Loop",
                    "Parent Relationship": "Outer",
                    "Parallel Aware": false,
                    "Async Capable": false,
                    "Join Type": "Inner",
                    "Startup Cost": 1671.73,
                    "Total Cost": 231670.14,
                    "Plan Rows": 1,
                    "Plan Width": 72,
                    "Actual Startup Time": 1420.509,
                    "Actual Total Time": 16021.434,
                    "Actual Rows": 126,
                    "Actual Loops": 3,
                    "Output": [
                      "store_sales.ss_ticket_number",
                      "store_sales.ss_sold_date_sk",
                      "store_sales.ss_item_sk",
                      "store_returns.sr_returned_date_sk",
                      "store.s_store_name",
                      "store.s_company_id",
                      "store.s_street_number",
                      "store.s_street_name",
                      "store.s_suite_number",
                      "store.s_city",
                      "store.s_zip",
                      "d2.d_date"
                    ],
                    "Inner Unique": true,
                    "Join Filter": "(store_sales.ss_store_sk = store.s_store_sk)",
                    "Rows Removed by Join Filter": 0,
                    "Shared Hit Blocks": 317192,
                    "Shared Read Blocks": 188309,
                    "Shared Dirtied Blocks": 0,
                    "Shared Written Blocks": 0,
                    "Local Hit Blocks": 0,
                    "Local Read Blocks": 0,
                    "Local Dirtied Blocks": 0,
                    "Local Written Blocks": 0,
                    "Temp Read Blocks": 0,
                    "Temp Written Blocks": 0,
                    "Workers": [
                      {
                        "Worker Number": 0,
                        "Actual Startup Time": 1579.728,
                        "Actual Total Time": 16007.809,
                        "Actual Rows": 129,
                        "Actual Loops": 1,
                        "JIT": {
                          "Functions": 30,
                          "Options": {
                            "Inlining": false,
                            "Optimization": false,
                            "Expressions": true,
                            "Deforming": true
                          },
                          "Timing": {
                            "Generation": 2.902,
                            "Inlining": 0.0,
                            "Optimization": 1.432,
                            "Emission": 17.426,
                            "Total": 21.759
                          }
                        },
                        "Shared Hit Blocks": 105869,
                        "Shared Read Blocks": 62653,
                        "Shared Dirtied Blocks": 0,
                        "Shared Written Blocks": 0,
                        "Local Hit Blocks": 0,
                        "Local Read Blocks": 0,
                        "Local Dirtied Blocks": 0,
                        "Local Written Blocks": 0,
                        "Temp Read Blocks": 0,
                        "Temp Written Blocks": 0
                      },
                      {
                        "Worker Number": 1,
                        "Actual Startup Time": 1342.059,
                        "Actual Total Time": 16007.709,
                        "Actual Rows": 114,
                        "Actual Loops": 1,
                        "JIT": {
                          "Functions": 30,
                          "Options": {
                            "Inlining": false,
                            "Optimization": false,
                            "Expressions": true,
                            "Deforming": true
                          },
                          "Timing": {
                            "Generation": 2.982,
                            "Inlining": 0.0,
                            "Optimization": 1.318,
                            "Emission": 16.561,
                            "Total": 20.861
                          }
                        },
                        "Shared Hit Blocks": 105494,
                        "Shared Read Blocks": 62714,
                        "Shared Dirtied Blocks": 0,
                        "Shared Written Blocks": 0,
                        "Local Hit Blocks": 0,
                        "Local Read Blocks": 0,
                        "Local Dirtied Blocks": 0,
                        "Local Written Blocks": 0,
                        "Temp Read Blocks": 0,
                        "Temp Written Blocks": 0
                      }
                    ],
                    "Plans": [
                      {
                        "Node Type": "Hash Join",
                        "Parent Relationship": "Outer",
                        "Parallel Aware": false,
                        "Async Capable": false,
                        "Join Type": "Inner",
                        "Startup Cost": 1671.16,
                        "Total Cost": 159265.31,
                        "Plan Rows": 37546,
                        "Plan Width": 80,
                        "Actual Startup Time": 1018.649,
                        "Actual Total Time": 9581.911,
                        "Actual Rows": 32466,
                        "Actual Loops": 3,
                        "Output": [
                          "store_returns.sr_returned_date_sk",
                          "store_returns.sr_ticket_number",
                          "store_returns.sr_item_sk",
                          "store_returns.sr_customer_sk",
                          "store_returns.sr_store_sk",
                          "store.s_store_name",
                          "store.s_company_id",
                          "store.s_street_number",
                          "store.s_street_name",
                          "store.s_suite_number",
                          "store.s_city",
                          "store.s_zip",
                          "store.s_store_sk",
                          "d2.d_date"
                        ],
                        "Inner Unique": true,
                        "Hash Cond": "(store_returns.sr_store_sk = store.s_store_sk)",
                        "Shared Hit Blocks": 71,
                        "Shared Read Blocks": 119404,
                        "Shared Dirtied Blocks": 0,
                        "Shared Written Blocks": 0,
                        "Local Hit Blocks": 0,
                        "Local Read Blocks": 0,
                        "Local Dirtied Blocks": 0,
                        "Local Written Blocks": 0,
                        "Temp Read Blocks": 0,
                        "Temp Written Blocks": 0,
                        "Workers": [
                          {
                            "Worker Number": 0,
                            "Actual Startup Time": 997.761,
                            "Actual Total Time": 9570.183,
                            "Actual Rows": 32466,
                            "Actual Loops": 1,
                            "Shared Hit Blocks": 36,
                            "Shared Read Blocks": 39704,
                            "Shared Dirtied Blocks": 0,
                            "Shared Written Blocks": 0,
                            "Local Hit Blocks": 0,
                            "Local Read Blocks": 0,
                            "Local Dirtied Blocks": 0,
                            "Local Written Blocks": 0,
                            "Temp Read Blocks": 0,
                            "Temp Written Blocks": 0
                          },
                          {
                            "Worker Number": 1,
                            "Actual Startup Time": 1005.966,
                            "Actual Total Time": 9565.903,
                            "Actual Rows": 32413,
                            "Actual Loops": 1,
                            "Shared Hit Blocks": 29,
                            "Shared Read Blocks": 39792,
                            "Shared Dirtied Blocks": 0,
                            "Shared Written Blocks": 0,
                            "Local Hit Blocks": 0,
                            "Local Read Blocks": 0,
                            "Local Dirtied Blocks": 0,
                            "Local Written Blocks": 0,
                            "Temp Read Blocks": 0,
                            "Temp Written Blocks": 0
                          }
                        ],
                        "Plans": [
                          {
                            "Node Type": "Hash Join",
                            "Parent Relationship": "Outer",
                            "Parallel Aware": true,
                            "Async Capable": false,
                            "Join Type": "Inner",
                            "Startup Cost": 1664.56,
                            "Total Cost": 158582.85,
                            "Plan Rows": 247524,
                            "Plan Width": 24,
                            "Actual Startup Time": 983.18,
                            "Actual Total Time": 9503.534,
                            "Actual Rows": 206348,
                            "Actual Loops": 3,
                            "Output": [
                              "store_returns.sr_returned_date_sk",
                              "store_returns.sr_ticket_number",
                              "store_returns.sr_item_sk",
                              "store_returns.sr_customer_sk",
                              "store_returns.sr_store_sk",
                              "d2.d_date"
                            ],
                            "Inner Unique": true,
                            "Hash Cond": "(store_returns.sr_returned_date_sk = d2.d_date_sk)",
                            "Shared Hit Blocks": 4,
                            "Shared Read Blocks": 119398,
                            "Shared Dirtied Blocks": 0,
                            "Shared Written Blocks": 0,
                            "Local Hit Blocks": 0,
                            "Local Read Blocks": 0,
                            "Local Dirtied Blocks": 0,
                            "Local Written Blocks": 0,
                            "Temp Read Blocks": 0,
                            "Temp Written Blocks": 0,
                            "Workers": [
                              {
                                "Worker Number": 0,
                                "Actual Startup Time": 971.596,
                                "Actual Total Time": 9492.127,
                                "Actual Rows": 205829,
                                "Actual Loops": 1,
                                "Shared Hit Blocks": 2,
                                "Shared Read Blocks": 39704,
                                "Shared Dirtied Blocks": 0,
                                "Shared Written Blocks": 0,
                                "Local Hit Blocks": 0,
                                "Local Read Blocks": 0,
                                "Local Dirtied Blocks": 0,
                                "Local Written Blocks": 0,
                                "Temp Read Blocks": 0,
                                "Temp Written Blocks": 0
                              },
                              {
                                "Worker Number": 1,
                                "Actual Startup Time": 979.034,
                                "Actual Total Time": 9487.448,
                                "Actual Rows": 206787,
                                "Actual Loops": 1,
                                "Shared Hit Blocks": 1,
                                "Shared Read Blocks": 39786,
                                "Shared Dirtied Blocks": 0,
                                "Shared Written Blocks": 0,
                                "Local Hit Blocks": 0,
                                "Local Read Blocks": 0,
                                "Local Dirtied Blocks": 0,
                                "Local Written Blocks": 0,
                                "Temp Read Blocks": 0,
                                "Temp Written Blocks": 0
                              }
                            ],
                            "Plans": [
                              {
                                "Node Type": "Seq Scan",
                                "Parent Relationship": "Outer",
                                "Parallel Aware": true,
                                "Async Capable": false,
                                "Relation Name": "store_returns",
                                "Schema": "public",
                                "Alias": "store_returns",
                                "Startup Cost": 0.0,
                                "Total Cost": 149045.58,
                                "Plan Rows": 2998958,
                                "Plan Width": 20,
                                "Actual Startup Time": 0.611,
                                "Actual Total Time": 9071.501,
                                "Actual Rows": 2399398,
                                "Actual Loops": 3,
                                "Output": [
                                  "store_returns.sr_returned_date_sk",
                                  "store_returns.sr_return_time_sk",
                                  "store_returns.sr_item_sk",
                                  "store_returns.sr_customer_sk",
                                  "store_returns.sr_cdemo_sk",
                                  "store_returns.sr_hdemo_sk",
                                  "store_returns.sr_addr_sk",
                                  "store_returns.sr_store_sk",
                                  "store_returns.sr_reason_sk",
                                  "store_returns.sr_ticket_number",
                                  "store_returns.sr_return_quantity",
                                  "store_returns.sr_return_amt",
                                  "store_returns.sr_return_tax",
                                  "store_returns.sr_return_amt_inc_tax",
                                  "store_returns.sr_fee",
                                  "store_returns.sr_return_ship_cost",
                                  "store_returns.sr_refunded_cash",
                                  "store_returns.sr_reversed_charge",
                                  "store_returns.sr_store_credit",
                                  "store_returns.sr_net_loss"
                                ],
                                "Shared Hit Blocks": 2,
                                "Shared Read Blocks": 119054,
                                "Shared Dirtied Blocks": 0,
                                "Shared Written Blocks": 0,
                                "Local Hit Blocks": 0,
                                "Local Read Blocks": 0,
                                "Local Dirtied Blocks": 0,
                                "Local Written Blocks": 0,
                                "Temp Read Blocks": 0,
                                "Temp Written Blocks": 0,
                                "Workers": [
                                  {
                                    "Worker Number": 0,
                                    "Actual Startup Time": 0.679,
                                    "Actual Total Time": 9079.061,
                                    "Actual Rows": 2398314,
                                    "Actual Loops": 1,
                                    "Shared Hit Blocks": 0,
                                    "Shared Read Blocks": 39669,
                                    "Shared Dirtied Blocks": 0,
                                    "Shared Written Blocks": 0,
                                    "Local Hit Blocks": 0,
                                    "Local Read Blocks": 0,
                                    "Local Dirtied Blocks": 0,
                                    "Local Written Blocks": 0,
                                    "Temp Read Blocks": 0,
                                    "Temp Written Blocks": 0
                                  },
                                  {
                                    "Worker Number": 1,
                                    "Actual Startup Time": 0.691,
                                    "Actual Total Time": 9068.447,
                                    "Actual Rows": 2400779,
                                    "Actual Loops": 1,
                                    "Shared Hit Blocks": 1,
                                    "Shared Read Blocks": 39709,
                                    "Shared Dirtied Blocks": 0,
                                    "Shared Written Blocks": 0,
                                    "Local Hit Blocks": 0,
                                    "Local Read Blocks": 0,
                                    "Local Dirtied Blocks": 0,
                                    "Local Written Blocks": 0,
                                    "Temp Read Blocks": 0,
                                    "Temp Written Blocks": 0
                                  }
                                ]
                              },
                              {
                                "Node Type": "Hash",
                                "Parent Relationship": "Inner",
                                "Parallel Aware": true,
                                "Async Capable": false,
                                "Startup Cost": 1618.67,
                                "Total Cost": 1618.67,
                                "Plan Rows": 3671,
                                "Plan Width": 8,
                                "Actual Startup Time": 37.854,
                                "Actual Total Time": 37.856,
                                "Actual Rows": 2067,
                                "Actual Loops": 3,
                                "Output": [
                                  "d2.d_date_sk",
                                  "d2.d_date"
                                ],
                                "Hash Buckets": 8192,
                                "Original Hash Buckets": 8192,
                                "Hash Batches": 1,
                                "Original Hash Batches": 1,
                                "Peak Memory Usage": 352,
                                "Shared Hit Blocks": 2,
                                "Shared Read Blocks": 344,
                                "Shared Dirtied Blocks": 0,
                                "Shared Written Blocks": 0,
                                "Local Hit Blocks": 0,
                                "Local Read Blocks": 0,
                                "Local Dirtied Blocks": 0,
                                "Local Written Blocks": 0,
                                "Temp Read Blocks": 0,
                                "Temp Written Blocks": 0,
                                "Workers": [
                                  {
                                    "Worker Number": 0,
                                    "Actual Startup Time": 22.545,
                                    "Actual Total Time": 22.547,
                                    "Actual Rows": 921,
                                    "Actual Loops": 1,
                                    "Shared Hit Blocks": 2,
                                    "Shared Read Blocks": 35,
                                    "Shared Dirtied Blocks": 0,
                                    "Shared Written Blocks": 0,
                                    "Local Hit Blocks": 0,
                                    "Local Read Blocks": 0,
                                    "Local Dirtied Blocks": 0,
                                    "Local Written Blocks": 0,
                                    "Temp Read Blocks": 0,
                                    "Temp Written Blocks": 0
                                  },
                                  {
                                    "Worker Number": 1,
                                    "Actual Startup Time": 23.57,
                                    "Actual Total Time": 23.571,
                                    "Actual Rows": 1457,
                                    "Actual Loops": 1,
                                    "Shared Hit Blocks": 0,
                                    "Shared Read Blocks": 77,
                                    "Shared Dirtied Blocks": 0,
                                    "Shared Written Blocks": 0,
                                    "Local Hit Blocks": 0,
                                    "Local Read Blocks": 0,
                                    "Local Dirtied Blocks": 0,
                                    "Local Written Blocks": 0,
                                    "Temp Read Blocks": 0,
                                    "Temp Written Blocks": 0
                                  }
                                ],
                                "Plans": [
                                  {
                                    "Node Type": "Bitmap Heap Scan",
                                    "Parent Relationship": "Outer",
                                    "Parallel Aware": true,
                                    "Async Capable": false,
                                    "Relation Name": "date_dim",
                                    "Schema": "public",
                                    "Alias": "d2",
                                    "Startup Cost": 148.79,
                                    "Total Cost": 1618.67,
                                    "Plan Rows": 3671,
                                    "Plan Width": 8,
                                    "Actual Startup Time": 2.762,
                                    "Actual Total Time": 37.289,
                                    "Actual Rows": 2067,
                                    "Actual Loops": 3,
                                    "Output": [
                                      "d2.d_date_sk",
                                      "d2.d_date"
                                    ],
                                    "Recheck Cond": "(d2.d_moy = 12)",
                                    "Rows Removed by Index Recheck": 0,
                                    "Exact Heap Blocks": 206,
                                    "Lossy Heap Blocks": 0,
                                    "Shared Hit Blocks": 2,
                                    "Shared Read Blocks": 344,
                                    "Shared Dirtied Blocks": 0,
                                    "Shared Written Blocks": 0,
                                    "Local Hit Blocks": 0,
                                    "Local Read Blocks": 0,
                                    "Local Dirtied Blocks": 0,
                                    "Local Written Blocks": 0,
                                    "Temp Read Blocks": 0,
                                    "Temp Written Blocks": 0,
                                    "Workers": [
                                      {
                                        "Worker Number": 0,
                                        "Actual Startup Time": 0.132,
                                        "Actual Total Time": 22.294,
                                        "Actual Rows": 921,
                                        "Actual Loops": 1,
                                        "Shared Hit Blocks": 2,
                                        "Shared Read Blocks": 35,
                                        "Shared Dirtied Blocks": 0,
                                        "Shared Written Blocks": 0,
                                        "Local Hit Blocks": 0,
                                        "Local Read Blocks": 0,
                                        "Local Dirtied Blocks": 0,
                                        "Local Written Blocks": 0,
                                        "Temp Read Blocks": 0,
                                        "Temp Written Blocks": 0
                                      },
                                      {
                                        "Worker Number": 1,
                                        "Actual Startup Time": 0.397,
                                        "Actual Total Time": 23.108,
                                        "Actual Rows": 1457,
                                        "Actual Loops": 1,
                                        "Shared Hit Blocks": 0,
                                        "Shared Read Blocks": 77,
                                        "Shared Dirtied Blocks": 0,
                                        "Shared Written Blocks": 0,
                                        "Local Hit Blocks": 0,
                                        "Local Read Blocks": 0,
                                        "Local Dirtied Blocks": 0,
                                        "Local Written Blocks": 0,
                                        "Temp Read Blocks": 0,
                                        "Temp Written Blocks": 0
                                      }
                                    ],
                                    "Plans": [
                                      {
                                        "Node Type": "Bitmap Index Scan",
                                        "Parent Relationship": "Outer",
                                        "Parallel Aware": false,
                                        "Async Capable": false,
                                        "Index Name": "_dta_index_date_dim_6_661577395__k9_k7_k1",
                                        "Startup Cost": 0.0,
                                        "Total Cost": 147.22,
                                        "Plan Rows": 6241,
                                        "Plan Width": 0,
                                        "Actual Startup Time": 7.6,
                                        "Actual Total Time": 7.601,
                                        "Actual Rows": 6200,
                                        "Actual Loops": 1,
                                        "Index Cond": "(d2.d_moy = 12)",
                                        "Shared Hit Blocks": 0,
                                        "Shared Read Blocks": 26,
                                        "Shared Dirtied Blocks": 0,
                                        "Shared Written Blocks": 0,
                                        "Local Hit Blocks": 0,
                                        "Local Read Blocks": 0,
                                        "Local Dirtied Blocks": 0,
                                        "Local Written Blocks": 0,
                                        "Temp Read Blocks": 0,
                                        "Temp Written Blocks": 0,
                                        "Workers": []
                                      }
                                    ]
                                  }
                                ]
                              }
                            ]
                          },
                          {
                            "Node Type": "Hash",
                            "Parent Relationship": "Inner",
                            "Parallel Aware": false,
                            "Async Capable": false,
                            "Startup Cost": 6.4,
                            "Total Cost": 6.4,
                            "Plan Rows": 16,
                            "Plan Width": 56,
                            "Actual Startup Time": 19.683,
                            "Actual Total Time": 19.684,
                            "Actual Rows": 16,
                            "Actual Loops": 3,
                            "Output": [
                              "store.s_store_name",
                              "store.s_company_id",
                              "store.s_street_number",
                              "store.s_street_name",
                              "store.s_suite_number",
                              "store.s_city",
                              "store.s_zip",
                              "store.s_store_sk"
                            ],
                            "Hash Buckets": 1024,
                            "Original Hash Buckets": 1024,
                            "Hash Batches": 1,
                            "Original Hash Batches": 1,
                            "Peak Memory Usage": 10,
                            "Shared Hit Blocks": 15,
                            "Shared Read Blocks": 0,
                            "Shared Dirtied Blocks": 0,
                            "Shared Written Blocks": 0,
                            "Local Hit Blocks": 0,
                            "Local Read Blocks": 0,
                            "Local Dirtied Blocks": 0,
                            "Local Written Blocks": 0,
                            "Temp Read Blocks": 0,
                            "Temp Written Blocks": 0,
                            "Workers": [
                              {
                                "Worker Number": 0,
                                "Actual Startup Time": 19.097,
                                "Actual Total Time": 19.097,
                                "Actual Rows": 16,
                                "Actual Loops": 1,
                                "Shared Hit Blocks": 5,
                                "Shared Read Blocks": 0,
                                "Shared Dirtied Blocks": 0,
                                "Shared Written Blocks": 0,
                                "Local Hit Blocks": 0,
                                "Local Read Blocks": 0,
                                "Local Dirtied Blocks": 0,
                                "Local Written Blocks": 0,
                                "Temp Read Blocks": 0,
                                "Temp Written Blocks": 0
                              },
                              {
                                "Worker Number": 1,
                                "Actual Startup Time": 18.082,
                                "Actual Total Time": 18.083,
                                "Actual Rows": 16,
                                "Actual Loops": 1,
                                "Shared Hit Blocks": 5,
                                "Shared Read Blocks": 0,
                                "Shared Dirtied Blocks": 0,
                                "Shared Written Blocks": 0,
                                "Local Hit Blocks": 0,
                                "Local Read Blocks": 0,
                                "Local Dirtied Blocks": 0,
                                "Local Written Blocks": 0,
                                "Temp Read Blocks": 0,
                                "Temp Written Blocks": 0
                              }
                            ],
                            "Plans": [
                              {
                                "Node Type": "Seq Scan",
                                "Parent Relationship": "Outer",
                                "Parallel Aware": false,
                                "Async Capable": false,
                                "Relation Name": "store",
                                "Schema": "public",
                                "Alias": "store",
                                "Startup Cost": 0.0,
                                "Total Cost": 6.4,
                                "Plan Rows": 16,
                                "Plan Width": 56,
                                "Actual Startup Time": 19.633,
                                "Actual Total Time": 19.67,
                                "Actual Rows": 16,
                                "Actual Loops": 3,
                                "Output": [
                                  "store.s_store_name",
                                  "store.s_company_id",
                                  "store.s_street_number",
                                  "store.s_street_name",
                                  "store.s_suite_number",
                                  "store.s_city",
                                  "store.s_zip",
                                  "store.s_store_sk"
                                ],
                                "Filter": "(store.s_state = ANY ('{LA,TX,VA}'::bpchar[]))",
                                "Rows Removed by Filter": 86,
                                "Shared Hit Blocks": 15,
                                "Shared Read Blocks": 0,
                                "Shared Dirtied Blocks": 0,
                                "Shared Written Blocks": 0,
                                "Local Hit Blocks": 0,
                                "Local Read Blocks": 0,
                                "Local Dirtied Blocks": 0,
                                "Local Written Blocks": 0,
                                "Temp Read Blocks": 0,
                                "Temp Written Blocks": 0,
                                "Workers": [
                                  {
                                    "Worker Number": 0,
                                    "Actual Startup Time": 19.043,
                                    "Actual Total Time": 19.085,
                                    "Actual Rows": 16,
                                    "Actual Loops": 1,
                                    "Shared Hit Blocks": 5,
                                    "Shared Read Blocks": 0,
                                    "Shared Dirtied Blocks": 0,
                                    "Shared Written Blocks": 0,
                                    "Local Hit Blocks": 0,
                                    "Local Read Blocks": 0,
                                    "Local Dirtied Blocks": 0,
                                    "Local Written Blocks": 0,
                                    "Temp Read Blocks": 0,
                                    "Temp Written Blocks": 0
                                  },
                                  {
                                    "Worker Number": 1,
                                    "Actual Startup Time": 18.027,
                                    "Actual Total Time": 18.07,
                                    "Actual Rows": 16,
                                    "Actual Loops": 1,
                                    "Shared Hit Blocks": 5,
                                    "Shared Read Blocks": 0,
                                    "Shared Dirtied Blocks": 0,
                                    "Shared Written Blocks": 0,
                                    "Local Hit Blocks": 0,
                                    "Local Read Blocks": 0,
                                    "Local Dirtied Blocks": 0,
                                    "Local Written Blocks": 0,
                                    "Temp Read Blocks": 0,
                                    "Temp Written Blocks": 0
                                  }
                                ]
                              }
                            ]
                          }
                        ]
                      },
                      {
                        "Node Type": "Index Only Scan",
                        "Parent Relationship": "Inner",
                        "Parallel Aware": false,
                        "Async Capable": false,
                        "Scan Direction": "Forward",
                        "Index Name": "_dta_index_store_sales_6_1333579789__k3_k10_k4_k1_k8",
                        "Relation Name": "store_sales",
                        "Schema": "public",
                        "Alias": "store_sales",
                        "Startup Cost": 0.56,
                        "Total Cost": 1.92,
                        "Plan Rows": 1,
                        "Plan Width": 20,
                        "Actual Startup Time": 0.197,
                        "Actual Total Time": 0.197,
                        "Actual Rows": 0,
                        "Actual Loops": 97399,
                        "Output": [
                          "store_sales.ss_item_sk",
                          "store_sales.ss_ticket_number",
                          "store_sales.ss_customer_sk",
                          "store_sales.ss_sold_date_sk",
                          "store_sales.ss_store_sk"
                        ],
                        "Index Cond": "((store_sales.ss_item_sk = store_returns.sr_item_sk) AND (store_sales.ss_ticket_number = store_returns.sr_ticket_number) AND (store_sales.ss_customer_sk = store_returns.sr_customer_sk) AND (store_sales.ss_store_sk = store_returns.sr_store_sk))",
                        "Rows Removed by Index Recheck": 0,
                        "Heap Fetches": 0,
                        "Shared Hit Blocks": 317121,
                        "Shared Read Blocks": 68905,
                        "Shared Dirtied Blocks": 0,
                        "Shared Written Blocks": 0,
                        "Local Hit Blocks": 0,
                        "Local Read Blocks": 0,
                        "Local Dirtied Blocks": 0,
                        "Local Written Blocks": 0,
                        "Temp Read Blocks": 0,
                        "Temp Written Blocks": 0,
                        "Workers": [
                          {
                            "Worker Number": 0,
                            "Actual Startup Time": 0.197,
                            "Actual Total Time": 0.197,
                            "Actual Rows": 0,
                            "Actual Loops": 32466,
                            "Shared Hit Blocks": 105833,
                            "Shared Read Blocks": 22949,
                            "Shared Dirtied Blocks": 0,
                            "Shared Written Blocks": 0,
                            "Local Hit Blocks": 0,
                            "Local Read Blocks": 0,
                            "Local Dirtied Blocks": 0,
                            "Local Written Blocks": 0,
                            "Temp Read Blocks": 0,
                            "Temp Written Blocks": 0
                          },
                          {
                            "Worker Number": 1,
                            "Actual Startup Time": 0.197,
                            "Actual Total Time": 0.197,
                            "Actual Rows": 0,
                            "Actual Loops": 32413,
                            "Shared Hit Blocks": 105465,
                            "Shared Read Blocks": 22922,
                            "Shared Dirtied Blocks": 0,
                            "Shared Written Blocks": 0,
                            "Local Hit Blocks": 0,
                            "Local Read Blocks": 0,
                            "Local Dirtied Blocks": 0,
                            "Local Written Blocks": 0,
                            "Temp Read Blocks": 0,
                            "Temp Written Blocks": 0
                          }
                        ]
                      }
                    ]
                  }
                ]
              },
              {
                "Node Type": "Index Scan",
                "Parent Relationship": "Inner",
                "Parallel Aware": false,
                "Async Capable": false,
                "Scan Direction": "Forward",
                "Index Name": "date_dim_pkey",
                "Relation Name": "date_dim",
                "Schema": "public",
                "Alias": "d1",
                "Startup Cost": 0.29,
                "Total Cost": 1.7,
                "Plan Rows": 1,
                "Plan Width": 8,
                "Actual Startup Time": 0.02,
                "Actual Total Time": 0.02,
                "Actual Rows": 0,
                "Actual Loops": 378,
                "Output": [
                  "d1.d_date_sk",
                  "d1.d_date_id",
                  "d1.d_date",
                  "d1.d_month_seq",
                  "d1.d_week_seq",
                  "d1.d_quarter_seq",
                  "d1.d_year",
                  "d1.d_dow",
                  "d1.d_moy",
                  "d1.d_dom",
                  "d1.d_qoy",
                  "d1.d_fy_year",
                  "d1.d_fy_quarter_seq",
                  "d1.d_fy_week_seq",
                  "d1.d_day_name",
                  "d1.d_quarter_name",
                  "d1.d_holiday",
                  "d1.d_weekend",
                  "d1.d_following_holiday",
                  "d1.d_first_dom",
                  "d1.d_last_dom",
                  "d1.d_same_day_ly",
                  "d1.d_same_day_lq",
                  "d1.d_current_day",
                  "d1.d_current_week",
                  "d1.d_current_month",
                  "d1.d_current_quarter",
                  "d1.d_current_year"
                ],
                "Index Cond": "(d1.d_date_sk = store_sales.ss_sold_date_sk)",
                "Rows Removed by Index Recheck": 0,
                "Filter": "(d1.d_dow = 1)",
                "Rows Removed by Filter": 1,
                "Shared Hit Blocks": 1072,
                "Shared Read Blocks": 44,
                "Shared Dirtied Blocks": 0,
                "Shared Written Blocks": 0,
                "Local Hit Blocks": 0,
                "Local Read Blocks": 0,
                "Local Dirtied Blocks": 0,
                "Local Written Blocks": 0,
                "Temp Read Blocks": 0,
                "Temp Written Blocks": 0
              }
            ]
          }
        ]
      },
      "Planning": {
        "Shared Hit Blocks": 23,
        "Shared Read Blocks": 46,
        "Shared Dirtied Blocks": 0,
        "Shared Written Blocks": 0,
        "Local Hit Blocks": 0,
        "Local Read Blocks": 0,
        "Local Dirtied Blocks": 0,
        "Local Written Blocks": 0,
        "Temp Read Blocks": 0,
        "Temp Written Blocks": 0
      },
      "Planning Time": 5.088,
      "Triggers": [],
      "JIT": {
        "Functions": 101,
        "Options": {
          "Inlining": false,
          "Optimization": false,
          "Expressions": true,
          "Deforming": true
        },
        "Timing": {
          "Generation": 7.851,
          "Inlining": 0.0,
          "Optimization": 4.02,
          "Emission": 54.71,
          "Total": 66.581
        }
      },
      "Execution Time": 16065.113
    }
  ],
  "original_sql": "select\n   min(s_store_name)\n  ,min(s_company_id)\n  ,min(s_street_number)\n  ,min(s_street_name)\n  ,min(s_suite_number)\n  ,min(s_city)\n  ,min(s_zip)\n  ,min(ss_ticket_number)\n  ,min(ss_sold_date_sk)\n  ,min(sr_returned_date_sk)\n  ,min(ss_item_sk)\n  ,min(d1.d_date_sk)\nfrom\n   store_sales\n  ,store_returns\n  ,store\n  ,date_dim d1\n  ,date_dim d2\nwhere\n    d2.d_moy = 12\nand ss_ticket_number = sr_ticket_number\nand ss_item_sk = sr_item_sk\nand ss_sold_date_sk   = d1.d_date_sk\nand sr_returned_date_sk   = d2.d_date_sk\nand ss_customer_sk = sr_customer_sk\nand ss_store_sk = s_store_sk\nand sr_store_sk = s_store_sk\nand d1.d_date between (d2.d_date - interval '120 day')\n               and d2.d_date\nand d1.d_dow = 1\nand s_state in ('LA','TX','VA')"
}