{
  "query_id": "query058_multi",
  "engine": "postgresql",
  "benchmark": "dsb",
  "scale_factor": 10,
  "execution_time_ms": 2287.966,
  "planning_time_ms": 10.61,
  "plan_json": [
    {
      "Plan": {
        "Node Type": "Limit",
        "Parallel Aware": false,
        "Async Capable": false,
        "Startup Cost": 29322.52,
        "Total Cost": 29323.61,
        "Plan Rows": 2,
        "Plan Width": 245,
        "Actual Startup Time": 2282.378,
        "Actual Total Time": 2287.684,
        "Actual Rows": 0,
        "Actual Loops": 1,
        "Output": [
          "item_1.i_item_id",
          "customer_1.c_birth_year",
          "(sum(store_sales.ss_ext_sales_price))",
          "((((sum(store_sales.ss_ext_sales_price)) / ((((sum(store_sales.ss_ext_sales_price)) + (sum(catalog_sales.cs_ext_sales_price))) + (sum(web_sales.ws_ext_sales_price))) / '3'::numeric)) * '100'::numeric))",
          "(sum(catalog_sales.cs_ext_sales_price))",
          "((((sum(catalog_sales.cs_ext_sales_price)) / ((((sum(store_sales.ss_ext_sales_price)) + (sum(catalog_sales.cs_ext_sales_price))) + (sum(web_sales.ws_ext_sales_price))) / '3'::numeric)) * '100'::numeric))",
          "(sum(web_sales.ws_ext_sales_price))",
          "((((sum(web_sales.ws_ext_sales_price)) / ((((sum(store_sales.ss_ext_sales_price)) + (sum(catalog_sales.cs_ext_sales_price))) + (sum(web_sales.ws_ext_sales_price))) / '3'::numeric)) * '100'::numeric))",
          "(((((sum(store_sales.ss_ext_sales_price)) + (sum(catalog_sales.cs_ext_sales_price))) + (sum(web_sales.ws_ext_sales_price))) / '3'::numeric))"
        ],
        "Shared Hit Blocks": 109299,
        "Shared Read Blocks": 31041,
        "Shared Dirtied Blocks": 0,
        "Shared Written Blocks": 0,
        "Local Hit Blocks": 0,
        "Local Read Blocks": 0,
        "Local Dirtied Blocks": 0,
        "Local Written Blocks": 0,
        "Temp Read Blocks": 0,
        "Temp Written Blocks": 0,
        "Plans": [
          {
            "Node Type": "Incremental Sort",
            "Parent Relationship": "Outer",
            "Parallel Aware": false,
            "Async Capable": false,
            "Startup Cost": 29322.52,
            "Total Cost": 29323.61,
            "Plan Rows": 2,
            "Plan Width": 245,
            "Actual Startup Time": 2282.377,
            "Actual Total Time": 2287.683,
            "Actual Rows": 0,
            "Actual Loops": 1,
            "Output": [
              "item_1.i_item_id",
              "customer_1.c_birth_year",
              "(sum(store_sales.ss_ext_sales_price))",
              "((((sum(store_sales.ss_ext_sales_price)) / ((((sum(store_sales.ss_ext_sales_price)) + (sum(catalog_sales.cs_ext_sales_price))) + (sum(web_sales.ws_ext_sales_price))) / '3'::numeric)) * '100'::numeric))",
              "(sum(catalog_sales.cs_ext_sales_price))",
              "((((sum(catalog_sales.cs_ext_sales_price)) / ((((sum(store_sales.ss_ext_sales_price)) + (sum(catalog_sales.cs_ext_sales_price))) + (sum(web_sales.ws_ext_sales_price))) / '3'::numeric)) * '100'::numeric))",
              "(sum(web_sales.ws_ext_sales_price))",
              "((((sum(web_sales.ws_ext_sales_price)) / ((((sum(store_sales.ss_ext_sales_price)) + (sum(catalog_sales.cs_ext_sales_price))) + (sum(web_sales.ws_ext_sales_price))) / '3'::numeric)) * '100'::numeric))",
              "(((((sum(store_sales.ss_ext_sales_price)) + (sum(catalog_sales.cs_ext_sales_price))) + (sum(web_sales.ws_ext_sales_price))) / '3'::numeric))"
            ],
            "Sort Key": [
              "item_1.i_item_id",
              "customer_1.c_birth_year",
              "(sum(store_sales.ss_ext_sales_price))"
            ],
            "Presorted Key": [
              "item_1.i_item_id",
              "customer_1.c_birth_year"
            ],
            "Full-sort Groups": {
              "Group Count": 1,
              "Sort Methods Used": [
                "quicksort"
              ],
              "Sort Space Memory": {
                "Average Sort Space Used": 25,
                "Peak Sort Space Used": 25
              }
            },
            "Shared Hit Blocks": 109299,
            "Shared Read Blocks": 31041,
            "Shared Dirtied Blocks": 0,
            "Shared Written Blocks": 0,
            "Local Hit Blocks": 0,
            "Local Read Blocks": 0,
            "Local Dirtied Blocks": 0,
            "Local Written Blocks": 0,
            "Temp Read Blocks": 0,
            "Temp Written Blocks": 0,
            "Plans": [
              {
                "Node Type": "Merge Join",
                "Parent Relationship": "Outer",
                "Parallel Aware": false,
                "Async Capable": false,
                "Join Type": "Inner",
                "Startup Cost": 29321.51,
                "Total Cost": 29323.52,
                "Plan Rows": 1,
                "Plan Width": 245,
                "Actual Startup Time": 2282.366,
                "Actual Total Time": 2287.671,
                "Actual Rows": 0,
                "Actual Loops": 1,
                "Output": [
                  "item_1.i_item_id",
                  "customer_1.c_birth_year",
                  "(sum(store_sales.ss_ext_sales_price))",
                  "(((sum(store_sales.ss_ext_sales_price)) / ((((sum(store_sales.ss_ext_sales_price)) + (sum(catalog_sales.cs_ext_sales_price))) + (sum(web_sales.ws_ext_sales_price))) / '3'::numeric)) * '100'::numeric)",
                  "(sum(catalog_sales.cs_ext_sales_price))",
                  "(((sum(catalog_sales.cs_ext_sales_price)) / ((((sum(store_sales.ss_ext_sales_price)) + (sum(catalog_sales.cs_ext_sales_price))) + (sum(web_sales.ws_ext_sales_price))) / '3'::numeric)) * '100'::numeric)",
                  "(sum(web_sales.ws_ext_sales_price))",
                  "(((sum(web_sales.ws_ext_sales_price)) / ((((sum(store_sales.ss_ext_sales_price)) + (sum(catalog_sales.cs_ext_sales_price))) + (sum(web_sales.ws_ext_sales_price))) / '3'::numeric)) * '100'::numeric)",
                  "((((sum(store_sales.ss_ext_sales_price)) + (sum(catalog_sales.cs_ext_sales_price))) + (sum(web_sales.ws_ext_sales_price))) / '3'::numeric)"
                ],
                "Inner Unique": false,
                "Merge Cond": "((item.i_item_id = item_1.i_item_id) AND (customer.c_birth_year = customer_1.c_birth_year))",
                "Join Filter": "(((sum(store_sales.ss_ext_sales_price)) >= (0.9 * (sum(web_sales.ws_ext_sales_price)))) AND ((sum(store_sales.ss_ext_sales_price)) <= (1.1 * (sum(web_sales.ws_ext_sales_price)))) AND ((sum(web_sales.ws_ext_sales_price)) >= (0.9 * (sum(store_sales.ss_ext_sales_price)))) AND ((sum(web_sales.ws_ext_sales_price)) <= (1.1 * (sum(store_sales.ss_ext_sales_price)))) AND ((sum(catalog_sales.cs_ext_sales_price)) >= (0.9 * (sum(web_sales.ws_ext_sales_price)))) AND ((sum(catalog_sales.cs_ext_sales_price)) <= (1.1 * (sum(web_sales.ws_ext_sales_price)))) AND ((sum(web_sales.ws_ext_sales_price)) >= (0.9 * (sum(catalog_sales.cs_ext_sales_price)))) AND ((sum(web_sales.ws_ext_sales_price)) <= (1.1 * (sum(catalog_sales.cs_ext_sales_price)))))",
                "Rows Removed by Join Filter": 0,
                "Shared Hit Blocks": 109299,
                "Shared Read Blocks": 31041,
                "Shared Dirtied Blocks": 0,
                "Shared Written Blocks": 0,
                "Local Hit Blocks": 0,
                "Local Read Blocks": 0,
                "Local Dirtied Blocks": 0,
                "Local Written Blocks": 0,
                "Temp Read Blocks": 0,
                "Temp Written Blocks": 0,
                "Plans": [
                  {
                    "Node Type": "Aggregate",
                    "Strategy": "Sorted",
                    "Partial Mode": "Finalize",
                    "Parent Relationship": "Outer",
                    "Parallel Aware": false,
                    "Async Capable": false,
                    "Startup Cost": 5979.97,
                    "Total Cost": 5980.31,
                    "Plan Rows": 4,
                    "Plan Width": 53,
                    "Actual Startup Time": 896.649,
                    "Actual Total Time": 896.838,
                    "Actual Rows": 1,
                    "Actual Loops": 1,
                    "Output": [
                      "item.i_item_id",
                      "customer.c_birth_year",
                      "sum(web_sales.ws_ext_sales_price)"
                    ],
                    "Group Key": [
                      "item.i_item_id",
                      "customer.c_birth_year"
                    ],
                    "Shared Hit Blocks": 36310,
                    "Shared Read Blocks": 11898,
                    "Shared Dirtied Blocks": 0,
                    "Shared Written Blocks": 0,
                    "Local Hit Blocks": 0,
                    "Local Read Blocks": 0,
                    "Local Dirtied Blocks": 0,
                    "Local Written Blocks": 0,
                    "Temp Read Blocks": 0,
                    "Temp Written Blocks": 0,
                    "Plans": [
                      {
                        "Node Type": "Index Only Scan",
                        "Parent Relationship": "InitPlan",
                        "Subplan Name": "InitPlan 3 (returns $2)",
                        "Parallel Aware": false,
                        "Async Capable": false,
                        "Scan Direction": "Forward",
                        "Index Name": "_dta_index_date_dim_6_661577395__k4_k3",
                        "Relation Name": "date_dim",
                        "Schema": "public",
                        "Alias": "date_dim_8",
                        "Startup Cost": 0.29,
                        "Total Cost": 1360.17,
                        "Plan Rows": 1,
                        "Plan Width": 4,
                        "Actual Startup Time": 18.941,
                        "Actual Total Time": 33.793,
                        "Actual Rows": 1,
                        "Actual Loops": 1,
                        "Output": [
                          "date_dim_8.d_month_seq"
                        ],
                        "Index Cond": "(date_dim_8.d_date = '1999-05-02'::date)",
                        "Rows Removed by Index Recheck": 0,
                        "Heap Fetches": 0,
                        "Shared Hit Blocks": 1,
                        "Shared Read Blocks": 201,
                        "Shared Dirtied Blocks": 0,
                        "Shared Written Blocks": 0,
                        "Local Hit Blocks": 0,
                        "Local Read Blocks": 0,
                        "Local Dirtied Blocks": 0,
                        "Local Written Blocks": 0,
                        "Temp Read Blocks": 0,
                        "Temp Written Blocks": 0
                      },
                      {
                        "Node Type": "Gather Merge",
                        "Parent Relationship": "Outer",
                        "Parallel Aware": false,
                        "Async Capable": false,
                        "Startup Cost": 4619.8,
                        "Total Cost": 4620.07,
                        "Plan Rows": 2,
                        "Plan Width": 53,
                        "Actual Startup Time": 896.633,
                        "Actual Total Time": 896.823,
                        "Actual Rows": 2,
                        "Actual Loops": 1,
                        "Output": [
                          "item.i_item_id",
                          "customer.c_birth_year",
                          "(PARTIAL sum(web_sales.ws_ext_sales_price))"
                        ],
                        "Workers Planned": 1,
                        "Params Evaluated": [
                          "$2"
                        ],
                        "Workers Launched": 1,
                        "Shared Hit Blocks": 36310,
                        "Shared Read Blocks": 11898,
                        "Shared Dirtied Blocks": 0,
                        "Shared Written Blocks": 0,
                        "Local Hit Blocks": 0,
                        "Local Read Blocks": 0,
                        "Local Dirtied Blocks": 0,
                        "Local Written Blocks": 0,
                        "Temp Read Blocks": 0,
                        "Temp Written Blocks": 0,
                        "Plans": [
                          {
                            "Node Type": "Aggregate",
                            "Strategy": "Sorted",
                            "Partial Mode": "Partial",
                            "Parent Relationship": "Outer",
                            "Parallel Aware": false,
                            "Async Capable": false,
                            "Startup Cost": 3619.79,
                            "Total Cost": 3619.84,
                            "Plan Rows": 2,
                            "Plan Width": 53,
                            "Actual Startup Time": 813.576,
                            "Actual Total Time": 813.6,
                            "Actual Rows": 36,
                            "Actual Loops": 2,
                            "Output": [
                              "item.i_item_id",
                              "customer.c_birth_year",
                              "PARTIAL sum(web_sales.ws_ext_sales_price)"
                            ],
                            "Group Key": [
                              "item.i_item_id",
                              "customer.c_birth_year"
                            ],
                            "Shared Hit Blocks": 36309,
                            "Shared Read Blocks": 11697,
                            "Shared Dirtied Blocks": 0,
                            "Shared Written Blocks": 0,
                            "Local Hit Blocks": 0,
                            "Local Read Blocks": 0,
                            "Local Dirtied Blocks": 0,
                            "Local Written Blocks": 0,
                            "Temp Read Blocks": 0,
                            "Temp Written Blocks": 0,
                            "Workers": [
                              {
                                "Worker Number": 0,
                                "Actual Startup Time": 764.733,
                                "Actual Total Time": 764.771,
                                "Actual Rows": 71,
                                "Actual Loops": 1,
                                "Shared Hit Blocks": 15165,
                                "Shared Read Blocks": 5367,
                                "Shared Dirtied Blocks": 0,
                                "Shared Written Blocks": 0,
                                "Local Hit Blocks": 0,
                                "Local Read Blocks": 0,
                                "Local Dirtied Blocks": 0,
                                "Local Written Blocks": 0,
                                "Temp Read Blocks": 0,
                                "Temp Written Blocks": 0
                              }
                            ],
                            "Plans": [
                              {
                                "Node Type": "Sort",
                                "Parent Relationship": "Outer",
                                "Parallel Aware": false,
                                "Async Capable": false,
                                "Startup Cost": 3619.79,
                                "Total Cost": 3619.8,
                                "Plan Rows": 2,
                                "Plan Width": 27,
                                "Actual Startup Time": 813.565,
                                "Actual Total Time": 813.573,
                                "Actual Rows": 48,
                                "Actual Loops": 2,
                                "Output": [
                                  "item.i_item_id",
                                  "customer.c_birth_year",
                                  "web_sales.ws_ext_sales_price"
                                ],
                                "Sort Key": [
                                  "item.i_item_id",
                                  "customer.c_birth_year"
                                ],
                                "Sort Method": "quicksort",
                                "Sort Space Used": 34,
                                "Sort Space Type": "Memory",
                                "Shared Hit Blocks": 36309,
                                "Shared Read Blocks": 11697,
                                "Shared Dirtied Blocks": 0,
                                "Shared Written Blocks": 0,
                                "Local Hit Blocks": 0,
                                "Local Read Blocks": 0,
                                "Local Dirtied Blocks": 0,
                                "Local Written Blocks": 0,
                                "Temp Read Blocks": 0,
                                "Temp Written Blocks": 0,
                                "Workers": [
                                  {
                                    "Worker Number": 0,
                                    "Actual Startup Time": 764.722,
                                    "Actual Total Time": 764.729,
                                    "Actual Rows": 93,
                                    "Actual Loops": 1,
                                    "Sort Method": "quicksort",
                                    "Sort Space Used": 30,
                                    "Sort Space Type": "Memory",
                                    "Shared Hit Blocks": 15165,
                                    "Shared Read Blocks": 5367,
                                    "Shared Dirtied Blocks": 0,
                                    "Shared Written Blocks": 0,
                                    "Local Hit Blocks": 0,
                                    "Local Read Blocks": 0,
                                    "Local Dirtied Blocks": 0,
                                    "Local Written Blocks": 0,
                                    "Temp Read Blocks": 0,
                                    "Temp Written Blocks": 0
                                  }
                                ],
                                "Plans": [
                                  {
                                    "Node Type": "Nested Loop",
                                    "Parent Relationship": "Outer",
                                    "Parallel Aware": false,
                                    "Async Capable": false,
                                    "Join Type": "Inner",
                                    "Startup Cost": 10.34,
                                    "Total Cost": 3619.78,
                                    "Plan Rows": 2,
                                    "Plan Width": 27,
                                    "Actual Startup Time": 54.074,
                                    "Actual Total Time": 812.929,
                                    "Actual Rows": 126,
                                    "Actual Loops": 2,
                                    "Output": [
                                      "item.i_item_id",
                                      "customer.c_birth_year",
                                      "web_sales.ws_ext_sales_price"
                                    ],
                                    "Inner Unique": true,
                                    "Shared Hit Blocks": 36296,
                                    "Shared Read Blocks": 11696,
                                    "Shared Dirtied Blocks": 0,
                                    "Shared Written Blocks": 0,
                                    "Local Hit Blocks": 0,
                                    "Local Read Blocks": 0,
                                    "Local Dirtied Blocks": 0,
                                    "Local Written Blocks": 0,
                                    "Temp Read Blocks": 0,
                                    "Temp Written Blocks": 0,
                                    "Workers": [
                                      {
                                        "Worker Number": 0,
                                        "Actual Startup Time": 31.995,
                                        "Actual Total Time": 763.869,
                                        "Actual Rows": 93,
                                        "Actual Loops": 1,
                                        "Shared Hit Blocks": 15152,
                                        "Shared Read Blocks": 5366,
                                        "Shared Dirtied Blocks": 0,
                                        "Shared Written Blocks": 0,
                                        "Local Hit Blocks": 0,
                                        "Local Read Blocks": 0,
                                        "Local Dirtied Blocks": 0,
                                        "Local Written Blocks": 0,
                                        "Temp Read Blocks": 0,
                                        "Temp Written Blocks": 0
                                      }
                                    ],
                                    "Plans": [
                                      {
                                        "Node Type": "Nested Loop",
                                        "Parent Relationship": "Outer",
                                        "Parallel Aware": false,
                                        "Async Capable": false,
                                        "Join Type": "Inner",
                                        "Startup Cost": 9.92,
                                        "Total Cost": 3604.49,
                                        "Plan Rows": 24,
                                        "Plan Width": 27,
                                        "Actual Startup Time": 47.682,
                                        "Actual Total Time": 615.206,
                                        "Actual Rows": 1215,
                                        "Actual Loops": 2,
                                        "Output": [
                                          "web_sales.ws_ext_sales_price",
                                          "web_sales.ws_bill_customer_sk",
                                          "item.i_item_id"
                                        ],
                                        "Inner Unique": true,
                                        "Shared Hit Blocks": 29617,
                                        "Shared Read Blocks": 8654,
                                        "Shared Dirtied Blocks": 0,
                                        "Shared Written Blocks": 0,
                                        "Local Hit Blocks": 0,
                                        "Local Read Blocks": 0,
                                        "Local Dirtied Blocks": 0,
                                        "Local Written Blocks": 0,
                                        "Temp Read Blocks": 0,
                                        "Temp Written Blocks": 0,
                                        "Workers": [
                                          {
                                            "Worker Number": 0,
                                            "Actual Startup Time": 30.97,
                                            "Actual Total Time": 589.79,
                                            "Actual Rows": 1008,
                                            "Actual Loops": 1,
                                            "Shared Hit Blocks": 12429,
                                            "Shared Read Blocks": 4056,
                                            "Shared Dirtied Blocks": 0,
                                            "Shared Written Blocks": 0,
                                            "Local Hit Blocks": 0,
                                            "Local Read Blocks": 0,
                                            "Local Dirtied Blocks": 0,
                                            "Local Written Blocks": 0,
                                            "Temp Read Blocks": 0,
                                            "Temp Written Blocks": 0
                                          }
                                        ],
                                        "Plans": [
                                          {
                                            "Node Type": "Nested Loop",
                                            "Parent Relationship": "Outer",
                                            "Parallel Aware": false,
                                            "Async Capable": false,
                                            "Join Type": "Inner",
                                            "Startup Cost": 9.62,
                                            "Total Cost": 3573.53,
                                            "Plan Rows": 76,
                                            "Plan Width": 14,
                                            "Actual Startup Time": 45.88,
                                            "Actual Total Time": 418.377,
                                            "Actual Rows": 3155,
                                            "Actual Loops": 2,
                                            "Output": [
                                              "web_sales.ws_ext_sales_price",
                                              "web_sales.ws_item_sk",
                                              "web_sales.ws_bill_customer_sk"
                                            ],
                                            "Inner Unique": false,
                                            "Shared Hit Blocks": 13488,
                                            "Shared Read Blocks": 5852,
                                            "Shared Dirtied Blocks": 0,
                                            "Shared Written Blocks": 0,
                                            "Local Hit Blocks": 0,
                                            "Local Read Blocks": 0,
                                            "Local Dirtied Blocks": 0,
                                            "Local Written Blocks": 0,
                                            "Temp Read Blocks": 0,
                                            "Temp Written Blocks": 0,
                                            "Workers": [
                                              {
                                                "Worker Number": 0,
                                                "Actual Startup Time": 29.023,
                                                "Actual Total Time": 404.715,
                                                "Actual Rows": 2666,
                                                "Actual Loops": 1,
                                                "Shared Hit Blocks": 5686,
                                                "Shared Read Blocks": 2800,
                                                "Shared Dirtied Blocks": 0,
                                                "Shared Written Blocks": 0,
                                                "Local Hit Blocks": 0,
                                                "Local Read Blocks": 0,
                                                "Local Dirtied Blocks": 0,
                                                "Local Written Blocks": 0,
                                                "Temp Read Blocks": 0,
                                                "Temp Written Blocks": 0
                                              }
                                            ],
                                            "Plans": [
                                              {
                                                "Node Type": "Hash Join",
                                                "Parent Relationship": "Outer",
                                                "Parallel Aware": false,
                                                "Async Capable": false,
                                                "Join Type": "Semi",
                                                "Startup Cost": 9.19,
                                                "Total Cost": 1975.89,
                                                "Plan Rows": 18,
                                                "Plan Width": 4,
                                                "Actual Startup Time": 44.42,
                                                "Actual Total Time": 90.236,
                                                "Actual Rows": 16,
                                                "Actual Loops": 2,
                                                "Output": [
                                                  "date_dim.d_date_sk"
                                                ],
                                                "Inner Unique": false,
                                                "Hash Cond": "(date_dim.d_date = date_dim_1.d_date)",
                                                "Shared Hit Blocks": 46,
                                                "Shared Read Blocks": 1400,
                                                "Shared Dirtied Blocks": 0,
                                                "Shared Written Blocks": 0,
                                                "Local Hit Blocks": 0,
                                                "Local Read Blocks": 0,
                                                "Local Dirtied Blocks": 0,
                                                "Local Written Blocks": 0,
                                                "Temp Read Blocks": 0,
                                                "Temp Written Blocks": 0,
                                                "Workers": [
                                                  {
                                                    "Worker Number": 0,
                                                    "Actual Startup Time": 27.001,
                                                    "Actual Total Time": 118.533,
                                                    "Actual Rows": 13,
                                                    "Actual Loops": 1,
                                                    "Shared Hit Blocks": 40,
                                                    "Shared Read Blocks": 925,
                                                    "Shared Dirtied Blocks": 0,
                                                    "Shared Written Blocks": 0,
                                                    "Local Hit Blocks": 0,
                                                    "Local Read Blocks": 0,
                                                    "Local Dirtied Blocks": 0,
                                                    "Local Written Blocks": 0,
                                                    "Temp Read Blocks": 0,
                                                    "Temp Written Blocks": 0
                                                  }
                                                ],
                                                "Plans": [
                                                  {
                                                    "Node Type": "Seq Scan",
                                                    "Parent Relationship": "Outer",
                                                    "Parallel Aware": true,
                                                    "Async Capable": false,
                                                    "Relation Name": "date_dim",
                                                    "Schema": "public",
                                                    "Alias": "date_dim",
                                                    "Startup Cost": 0.0,
                                                    "Total Cost": 1853.7,
                                                    "Plan Rows": 42970,
                                                    "Plan Width": 8,
                                                    "Actual Startup Time": 0.413,
                                                    "Actual Total Time": 86.633,
                                                    "Actual Rows": 36524,
                                                    "Actual Loops": 2,
                                                    "Output": [
                                                      "date_dim.d_date_sk",
                                                      "date_dim.d_date_id",
                                                      "date_dim.d_date",
                                                      "date_dim.d_month_seq",
                                                      "date_dim.d_week_seq",
                                                      "date_dim.d_quarter_seq",
                                                      "date_dim.d_year",
                                                      "date_dim.d_dow",
                                                      "date_dim.d_moy",
                                                      "date_dim.d_dom",
                                                      "date_dim.d_qoy",
                                                      "date_dim.d_fy_year",
                                                      "date_dim.d_fy_quarter_seq",
                                                      "date_dim.d_fy_week_seq",
                                                      "date_dim.d_day_name",
                                                      "date_dim.d_quarter_name",
                                                      "date_dim.d_holiday",
                                                      "date_dim.d_weekend",
                                                      "date_dim.d_following_holiday",
                                                      "date_dim.d_first_dom",
                                                      "date_dim.d_last_dom",
                                                      "date_dim.d_same_day_ly",
                                                      "date_dim.d_same_day_lq",
                                                      "date_dim.d_current_day",
                                                      "date_dim.d_current_week",
                                                      "date_dim.d_current_month",
                                                      "date_dim.d_current_quarter",
                                                      "date_dim.d_current_year"
                                                    ],
                                                    "Shared Hit Blocks": 25,
                                                    "Shared Read Blocks": 1399,
                                                    "Shared Dirtied Blocks": 0,
                                                    "Shared Written Blocks": 0,
                                                    "Local Hit Blocks": 0,
                                                    "Local Read Blocks": 0,
                                                    "Local Dirtied Blocks": 0,
                                                    "Local Written Blocks": 0,
                                                    "Temp Read Blocks": 0,
                                                    "Temp Written Blocks": 0,
                                                    "Workers": [
                                                      {
                                                        "Worker Number": 0,
                                                        "Actual Startup Time": 0.556,
                                                        "Actual Total Time": 113.556,
                                                        "Actual Rows": 48193,
                                                        "Actual Loops": 1,
                                                        "Shared Hit Blocks": 22,
                                                        "Shared Read Blocks": 924,
                                                        "Shared Dirtied Blocks": 0,
                                                        "Shared Written Blocks": 0,
                                                        "Local Hit Blocks": 0,
                                                        "Local Read Blocks": 0,
                                                        "Local Dirtied Blocks": 0,
                                                        "Local Written Blocks": 0,
                                                        "Temp Read Blocks": 0,
                                                        "Temp Written Blocks": 0
                                                      }
                                                    ]
                                                  },
                                                  {
                                                    "Node Type": "Hash",
                                                    "Parent Relationship": "Inner",
                                                    "Parallel Aware": false,
                                                    "Async Capable": false,
                                                    "Startup Cost": 8.82,
                                                    "Total Cost": 8.82,
                                                    "Plan Rows": 30,
                                                    "Plan Width": 4,
                                                    "Actual Startup Time": 0.47,
                                                    "Actual Total Time": 0.471,
                                                    "Actual Rows": 31,
                                                    "Actual Loops": 2,
                                                    "Output": [
                                                      "date_dim_1.d_date"
                                                    ],
                                                    "Hash Buckets": 1024,
                                                    "Original Hash Buckets": 1024,
                                                    "Hash Batches": 1,
                                                    "Original Hash Batches": 1,
                                                    "Peak Memory Usage": 10,
                                                    "Shared Hit Blocks": 6,
                                                    "Shared Read Blocks": 1,
                                                    "Shared Dirtied Blocks": 0,
                                                    "Shared Written Blocks": 0,
                                                    "Local Hit Blocks": 0,
                                                    "Local Read Blocks": 0,
                                                    "Local Dirtied Blocks": 0,
                                                    "Local Written Blocks": 0,
                                                    "Temp Read Blocks": 0,
                                                    "Temp Written Blocks": 0,
                                                    "Workers": [
                                                      {
                                                        "Worker Number": 0,
                                                        "Actual Startup Time": 0.908,
                                                        "Actual Total Time": 0.909,
                                                        "Actual Rows": 31,
                                                        "Actual Loops": 1,
                                                        "Shared Hit Blocks": 3,
                                                        "Shared Read Blocks": 1,
                                                        "Shared Dirtied Blocks": 0,
                                                        "Shared Written Blocks": 0,
                                                        "Local Hit Blocks": 0,
                                                        "Local Read Blocks": 0,
                                                        "Local Dirtied Blocks": 0,
                                                        "Local Written Blocks": 0,
                                                        "Temp Read Blocks": 0,
                                                        "Temp Written Blocks": 0
                                                      }
                                                    ],
                                                    "Plans": [
                                                      {
                                                        "Node Type": "Index Only Scan",
                                                        "Parent Relationship": "Outer",
                                                        "Parallel Aware": false,
                                                        "Async Capable": false,
                                                        "Scan Direction": "Forward",
                                                        "Index Name": "_dta_index_date_dim_6_661577395__k4_k3",
                                                        "Relation Name": "date_dim",
                                                        "Schema": "public",
                                                        "Alias": "date_dim_1",
                                                        "Startup Cost": 0.29,
                                                        "Total Cost": 8.82,
                                                        "Plan Rows": 30,
                                                        "Plan Width": 4,
                                                        "Actual Startup Time": 0.454,
                                                        "Actual Total Time": 0.457,
                                                        "Actual Rows": 31,
                                                        "Actual Loops": 2,
                                                        "Output": [
                                                          "date_dim_1.d_date"
                                                        ],
                                                        "Index Cond": "(date_dim_1.d_month_seq = $2)",
                                                        "Rows Removed by Index Recheck": 0,
                                                        "Heap Fetches": 0,
                                                        "Shared Hit Blocks": 6,
                                                        "Shared Read Blocks": 1,
                                                        "Shared Dirtied Blocks": 0,
                                                        "Shared Written Blocks": 0,
                                                        "Local Hit Blocks": 0,
                                                        "Local Read Blocks": 0,
                                                        "Local Dirtied Blocks": 0,
                                                        "Local Written Blocks": 0,
                                                        "Temp Read Blocks": 0,
                                                        "Temp Written Blocks": 0,
                                                        "Workers": [
                                                          {
                                                            "Worker Number": 0,
                                                            "Actual Startup Time": 0.885,
                                                            "Actual Total Time": 0.89,
                                                            "Actual Rows": 31,
                                                            "Actual Loops": 1,
                                                            "Shared Hit Blocks": 3,
                                                            "Shared Read Blocks": 1,
                                                            "Shared Dirtied Blocks": 0,
                                                            "Shared Written Blocks": 0,
                                                            "Local Hit Blocks": 0,
                                                            "Local Read Blocks": 0,
                                                            "Local Dirtied Blocks": 0,
                                                            "Local Written Blocks": 0,
                                                            "Temp Read Blocks": 0,
                                                            "Temp Written Blocks": 0
                                                          }
                                                        ]
                                                      }
                                                    ]
                                                  }
                                                ]
                                              },
                                              {
                                                "Node Type": "Index Scan",
                                                "Parent Relationship": "Inner",
                                                "Parallel Aware": false,
                                                "Async Capable": false,
                                                "Scan Direction": "Forward",
                                                "Index Name": "_dta_index_web_sales_6_1269579561__k1_k5",
                                                "Relation Name": "web_sales",
                                                "Schema": "public",
                                                "Alias": "web_sales",
                                                "Startup Cost": 0.43,
                                                "Total Cost": 87.27,
                                                "Plan Rows": 149,
                                                "Plan Width": 18,
                                                "Actual Startup Time": 0.585,
                                                "Actual Total Time": 21.089,
                                                "Actual Rows": 204,
                                                "Actual Loops": 31,
                                                "Output": [
                                                  "web_sales.ws_sold_date_sk",
                                                  "web_sales.ws_sold_time_sk",
                                                  "web_sales.ws_ship_date_sk",
                                                  "web_sales.ws_item_sk",
                                                  "web_sales.ws_bill_customer_sk",
                                                  "web_sales.ws_bill_cdemo_sk",
                                                  "web_sales.ws_bill_hdemo_sk",
                                                  "web_sales.ws_bill_addr_sk",
                                                  "web_sales.ws_ship_customer_sk",
                                                  "web_sales.ws_ship_cdemo_sk",
                                                  "web_sales.ws_ship_hdemo_sk",
                                                  "web_sales.ws_ship_addr_sk",
                                                  "web_sales.ws_web_page_sk",
                                                  "web_sales.ws_web_site_sk",
                                                  "web_sales.ws_ship_mode_sk",
                                                  "web_sales.ws_warehouse_sk",
                                                  "web_sales.ws_promo_sk",
                                                  "web_sales.ws_order_number",
                                                  "web_sales.ws_quantity",
                                                  "web_sales.ws_wholesale_cost",
                                                  "web_sales.ws_list_price",
                                                  "web_sales.ws_sales_price",
                                                  "web_sales.ws_ext_discount_amt",
                                                  "web_sales.ws_ext_sales_price",
                                                  "web_sales.ws_ext_wholesale_cost",
                                                  "web_sales.ws_ext_list_price",
                                                  "web_sales.ws_ext_tax",
                                                  "web_sales.ws_coupon_amt",
                                                  "web_sales.ws_ext_ship_cost",
                                                  "web_sales.ws_net_paid",
                                                  "web_sales.ws_net_paid_inc_tax",
                                                  "web_sales.ws_net_paid_inc_ship",
                                                  "web_sales.ws_net_paid_inc_ship_tax",
                                                  "web_sales.ws_net_profit"
                                                ],
                                                "Index Cond": "(web_sales.ws_sold_date_sk = date_dim.d_date_sk)",
                                                "Rows Removed by Index Recheck": 0,
                                                "Filter": "((web_sales.ws_list_price >= '217'::numeric) AND (web_sales.ws_list_price <= '246'::numeric))",
                                                "Rows Removed by Filter": 5128,
                                                "Shared Hit Blocks": 13442,
                                                "Shared Read Blocks": 4452,
                                                "Shared Dirtied Blocks": 0,
                                                "Shared Written Blocks": 0,
                                                "Local Hit Blocks": 0,
                                                "Local Read Blocks": 0,
                                                "Local Dirtied Blocks": 0,
                                                "Local Written Blocks": 0,
                                                "Temp Read Blocks": 0,
                                                "Temp Written Blocks": 0,
                                                "Workers": [
                                                  {
                                                    "Worker Number": 0,
                                                    "Actual Startup Time": 0.522,
                                                    "Actual Total Time": 21.927,
                                                    "Actual Rows": 205,
                                                    "Actual Loops": 13,
                                                    "Shared Hit Blocks": 5646,
                                                    "Shared Read Blocks": 1875,
                                                    "Shared Dirtied Blocks": 0,
                                                    "Shared Written Blocks": 0,
                                                    "Local Hit Blocks": 0,
                                                    "Local Read Blocks": 0,
                                                    "Local Dirtied Blocks": 0,
                                                    "Local Written Blocks": 0,
                                                    "Temp Read Blocks": 0,
                                                    "Temp Written Blocks": 0
                                                  }
                                                ]
                                              }
                                            ]
                                          },
                                          {
                                            "Node Type": "Index Scan",
                                            "Parent Relationship": "Inner",
                                            "Parallel Aware": false,
                                            "Async Capable": false,
                                            "Scan Direction": "Forward",
                                            "Index Name": "item_pkey",
                                            "Relation Name": "item",
                                            "Schema": "public",
                                            "Alias": "item",
                                            "Startup Cost": 0.29,
                                            "Total Cost": 0.41,
                                            "Plan Rows": 1,
                                            "Plan Width": 21,
                                            "Actual Startup Time": 0.061,
                                            "Actual Total Time": 0.061,
                                            "Actual Rows": 0,
                                            "Actual Loops": 6310,
                                            "Output": [
                                              "item.i_item_sk",
                                              "item.i_item_id",
                                              "item.i_rec_start_date",
                                              "item.i_rec_end_date",
                                              "item.i_item_desc",
                                              "item.i_current_price",
                                              "item.i_wholesale_cost",
                                              "item.i_brand_id",
                                              "item.i_brand",
                                              "item.i_class_id",
                                              "item.i_class",
                                              "item.i_category_id",
                                              "item.i_category",
                                              "item.i_manufact_id",
                                              "item.i_manufact",
                                              "item.i_size",
                                              "item.i_formulation",
                                              "item.i_color",
                                              "item.i_units",
                                              "item.i_container",
                                              "item.i_manager_id",
                                              "item.i_product_name"
                                            ],
                                            "Index Cond": "(item.i_item_sk = web_sales.ws_item_sk)",
                                            "Rows Removed by Index Recheck": 0,
                                            "Filter": "((item.i_manager_id >= 25) AND (item.i_manager_id <= 54))",
                                            "Rows Removed by Filter": 1,
                                            "Shared Hit Blocks": 16129,
                                            "Shared Read Blocks": 2802,
                                            "Shared Dirtied Blocks": 0,
                                            "Shared Written Blocks": 0,
                                            "Local Hit Blocks": 0,
                                            "Local Read Blocks": 0,
                                            "Local Dirtied Blocks": 0,
                                            "Local Written Blocks": 0,
                                            "Temp Read Blocks": 0,
                                            "Temp Written Blocks": 0,
                                            "Workers": [
                                              {
                                                "Worker Number": 0,
                                                "Actual Startup Time": 0.068,
                                                "Actual Total Time": 0.068,
                                                "Actual Rows": 0,
                                                "Actual Loops": 2666,
                                                "Shared Hit Blocks": 6743,
                                                "Shared Read Blocks": 1256,
                                                "Shared Dirtied Blocks": 0,
                                                "Shared Written Blocks": 0,
                                                "Local Hit Blocks": 0,
                                                "Local Read Blocks": 0,
                                                "Local Dirtied Blocks": 0,
                                                "Local Written Blocks": 0,
                                                "Temp Read Blocks": 0,
                                                "Temp Written Blocks": 0
                                              }
                                            ]
                                          }
                                        ]
                                      },
                                      {
                                        "Node Type": "Index Scan",
                                        "Parent Relationship": "Inner",
                                        "Parallel Aware": false,
                                        "Async Capable": false,
                                        "Scan Direction": "Forward",
                                        "Index Name": "_dta_index_customer_6_949578421__k1_k5",
                                        "Relation Name": "customer",
                                        "Schema": "public",
                                        "Alias": "customer",
                                        "Startup Cost": 0.42,
                                        "Total Cost": 0.64,
                                        "Plan Rows": 1,
                                        "Plan Width": 8,
                                        "Actual Startup Time": 0.162,
                                        "Actual Total Time": 0.162,
                                        "Actual Rows": 0,
                                        "Actual Loops": 2430,
                                        "Output": [
                                          "customer.c_customer_sk",
                                          "customer.c_customer_id",
                                          "customer.c_current_cdemo_sk",
                                          "customer.c_current_hdemo_sk",
                                          "customer.c_current_addr_sk",
                                          "customer.c_first_shipto_date_sk",
                                          "customer.c_first_sales_date_sk",
                                          "customer.c_salutation",
                                          "customer.c_first_name",
                                          "customer.c_last_name",
                                          "customer.c_preferred_cust_flag",
                                          "customer.c_birth_day",
                                          "customer.c_birth_month",
                                          "customer.c_birth_year",
                                          "customer.c_birth_country",
                                          "customer.c_login",
                                          "customer.c_email_address",
                                          "customer.c_last_review_date_sk"
                                        ],
                                        "Index Cond": "(customer.c_customer_sk = web_sales.ws_bill_customer_sk)",
                                        "Rows Removed by Index Recheck": 0,
                                        "Filter": "((customer.c_birth_year >= 1961) AND (customer.c_birth_year <= 1967))",
                                        "Rows Removed by Filter": 1,
                                        "Shared Hit Blocks": 6679,
                                        "Shared Read Blocks": 3042,
                                        "Shared Dirtied Blocks": 0,
                                        "Shared Written Blocks": 0,
                                        "Local Hit Blocks": 0,
                                        "Local Read Blocks": 0,
                                        "Local Dirtied Blocks": 0,
                                        "Local Written Blocks": 0,
                                        "Temp Read Blocks": 0,
                                        "Temp Written Blocks": 0,
                                        "Workers": [
                                          {
                                            "Worker Number": 0,
                                            "Actual Startup Time": 0.172,
                                            "Actual Total Time": 0.172,
                                            "Actual Rows": 0,
                                            "Actual Loops": 1008,
                                            "Shared Hit Blocks": 2723,
                                            "Shared Read Blocks": 1310,
                                            "Shared Dirtied Blocks": 0,
                                            "Shared Written Blocks": 0,
                                            "Local Hit Blocks": 0,
                                            "Local Read Blocks": 0,
                                            "Local Dirtied Blocks": 0,
                                            "Local Written Blocks": 0,
                                            "Temp Read Blocks": 0,
                                            "Temp Written Blocks": 0
                                          }
                                        ]
                                      }
                                    ]
                                  }
                                ]
                              }
                            ]
                          }
                        ]
                      }
                    ]
                  },
                  {
                    "Node Type": "Materialize",
                    "Parent Relationship": "Inner",
                    "Parallel Aware": false,
                    "Async Capable": false,
                    "Startup Cost": 23341.54,
                    "Total Cost": 23343.04,
                    "Plan Rows": 1,
                    "Plan Width": 106,
                    "Actual Startup Time": 1385.713,
                    "Actual Total Time": 1390.828,
                    "Actual Rows": 0,
                    "Actual Loops": 1,
                    "Output": [
                      "item_1.i_item_id",
                      "customer_1.c_birth_year",
                      "(sum(store_sales.ss_ext_sales_price))",
                      "(sum(catalog_sales.cs_ext_sales_price))",
                      "item_2.i_item_id",
                      "customer_2.c_birth_year"
                    ],
                    "Shared Hit Blocks": 72989,
                    "Shared Read Blocks": 19143,
                    "Shared Dirtied Blocks": 0,
                    "Shared Written Blocks": 0,
                    "Local Hit Blocks": 0,
                    "Local Read Blocks": 0,
                    "Local Dirtied Blocks": 0,
                    "Local Written Blocks": 0,
                    "Temp Read Blocks": 0,
                    "Temp Written Blocks": 0,
                    "Plans": [
                      {
                        "Node Type": "Merge Join",
                        "Parent Relationship": "Outer",
                        "Parallel Aware": false,
                        "Async Capable": false,
                        "Join Type": "Inner",
                        "Startup Cost": 23341.54,
                        "Total Cost": 23343.04,
                        "Plan Rows": 1,
                        "Plan Width": 106,
                        "Actual Startup Time": 1385.707,
                        "Actual Total Time": 1390.821,
                        "Actual Rows": 0,
                        "Actual Loops": 1,
                        "Output": [
                          "item_1.i_item_id",
                          "customer_1.c_birth_year",
                          "(sum(store_sales.ss_ext_sales_price))",
                          "(sum(catalog_sales.cs_ext_sales_price))",
                          "item_2.i_item_id",
                          "customer_2.c_birth_year"
                        ],
                        "Inner Unique": true,
                        "Merge Cond": "((item_1.i_item_id = item_2.i_item_id) AND (customer_1.c_birth_year = customer_2.c_birth_year))",
                        "Join Filter": "(((sum(store_sales.ss_ext_sales_price)) >= (0.9 * (sum(catalog_sales.cs_ext_sales_price)))) AND ((sum(store_sales.ss_ext_sales_price)) <= (1.1 * (sum(catalog_sales.cs_ext_sales_price)))) AND ((sum(catalog_sales.cs_ext_sales_price)) >= (0.9 * (sum(store_sales.ss_ext_sales_price)))) AND ((sum(catalog_sales.cs_ext_sales_price)) <= (1.1 * (sum(store_sales.ss_ext_sales_price)))))",
                        "Rows Removed by Join Filter": 0,
                        "Shared Hit Blocks": 72989,
                        "Shared Read Blocks": 19143,
                        "Shared Dirtied Blocks": 0,
                        "Shared Written Blocks": 0,
                        "Local Hit Blocks": 0,
                        "Local Read Blocks": 0,
                        "Local Dirtied Blocks": 0,
                        "Local Written Blocks": 0,
                        "Temp Read Blocks": 0,
                        "Temp Written Blocks": 0,
                        "Plans": [
                          {
                            "Node Type": "Aggregate",
                            "Strategy": "Sorted",
                            "Partial Mode": "Finalize",
                            "Parent Relationship": "Outer",
                            "Parallel Aware": false,
                            "Async Capable": false,
                            "Startup Cost": 15809.8,
                            "Total Cost": 15810.81,
                            "Plan Rows": 11,
                            "Plan Width": 53,
                            "Actual Startup Time": 1104.144,
                            "Actual Total Time": 1104.825,
                            "Actual Rows": 249,
                            "Actual Loops": 1,
                            "Output": [
                              "item_1.i_item_id",
                              "customer_1.c_birth_year",
                              "sum(store_sales.ss_ext_sales_price)"
                            ],
                            "Group Key": [
                              "item_1.i_item_id",
                              "customer_1.c_birth_year"
                            ],
                            "Shared Hit Blocks": 59661,
                            "Shared Read Blocks": 15650,
                            "Shared Dirtied Blocks": 0,
                            "Shared Written Blocks": 0,
                            "Local Hit Blocks": 0,
                            "Local Read Blocks": 0,
                            "Local Dirtied Blocks": 0,
                            "Local Written Blocks": 0,
                            "Temp Read Blocks": 0,
                            "Temp Written Blocks": 0,
                            "Plans": [
                              {
                                "Node Type": "Index Only Scan",
                                "Parent Relationship": "InitPlan",
                                "Subplan Name": "InitPlan 1 (returns $0)",
                                "Parallel Aware": false,
                                "Async Capable": false,
                                "Scan Direction": "Forward",
                                "Index Name": "_dta_index_date_dim_6_661577395__k4_k3",
                                "Relation Name": "date_dim",
                                "Schema": "public",
                                "Alias": "date_dim_6",
                                "Startup Cost": 0.29,
                                "Total Cost": 1360.17,
                                "Plan Rows": 1,
                                "Plan Width": 4,
                                "Actual Startup Time": 0.269,
                                "Actual Total Time": 0.527,
                                "Actual Rows": 1,
                                "Actual Loops": 1,
                                "Output": [
                                  "date_dim_6.d_month_seq"
                                ],
                                "Index Cond": "(date_dim_6.d_date = '1999-05-02'::date)",
                                "Rows Removed by Index Recheck": 0,
                                "Heap Fetches": 0,
                                "Shared Hit Blocks": 202,
                                "Shared Read Blocks": 0,
                                "Shared Dirtied Blocks": 0,
                                "Shared Written Blocks": 0,
                                "Local Hit Blocks": 0,
                                "Local Read Blocks": 0,
                                "Local Dirtied Blocks": 0,
                                "Local Written Blocks": 0,
                                "Temp Read Blocks": 0,
                                "Temp Written Blocks": 0
                              },
                              {
                                "Node Type": "Gather Merge",
                                "Parent Relationship": "Outer",
                                "Parallel Aware": false,
                                "Async Capable": false,
                                "Startup Cost": 14449.63,
                                "Total Cost": 14450.44,
                                "Plan Rows": 6,
                                "Plan Width": 53,
                                "Actual Startup Time": 1104.136,
                                "Actual Total Time": 1104.611,
                                "Actual Rows": 292,
                                "Actual Loops": 1,
                                "Output": [
                                  "item_1.i_item_id",
                                  "customer_1.c_birth_year",
                                  "(PARTIAL sum(store_sales.ss_ext_sales_price))"
                                ],
                                "Workers Planned": 1,
                                "Params Evaluated": [
                                  "$0"
                                ],
                                "Workers Launched": 1,
                                "Shared Hit Blocks": 59661,
                                "Shared Read Blocks": 15650,
                                "Shared Dirtied Blocks": 0,
                                "Shared Written Blocks": 0,
                                "Local Hit Blocks": 0,
                                "Local Read Blocks": 0,
                                "Local Dirtied Blocks": 0,
                                "Local Written Blocks": 0,
                                "Temp Read Blocks": 0,
                                "Temp Written Blocks": 0,
                                "Plans": [
                                  {
                                    "Node Type": "Aggregate",
                                    "Strategy": "Sorted",
                                    "Partial Mode": "Partial",
                                    "Parent Relationship": "Outer",
                                    "Parallel Aware": false,
                                    "Async Capable": false,
                                    "Startup Cost": 13449.62,
                                    "Total Cost": 13449.76,
                                    "Plan Rows": 6,
                                    "Plan Width": 53,
                                    "Actual Startup Time": 1017.029,
                                    "Actual Total Time": 1017.178,
                                    "Actual Rows": 152,
                                    "Actual Loops": 2,
                                    "Output": [
                                      "item_1.i_item_id",
                                      "customer_1.c_birth_year",
                                      "PARTIAL sum(store_sales.ss_ext_sales_price)"
                                    ],
                                    "Group Key": [
                                      "item_1.i_item_id",
                                      "customer_1.c_birth_year"
                                    ],
                                    "Shared Hit Blocks": 59459,
                                    "Shared Read Blocks": 15650,
                                    "Shared Dirtied Blocks": 0,
                                    "Shared Written Blocks": 0,
                                    "Local Hit Blocks": 0,
                                    "Local Read Blocks": 0,
                                    "Local Dirtied Blocks": 0,
                                    "Local Written Blocks": 0,
                                    "Temp Read Blocks": 0,
                                    "Temp Written Blocks": 0,
                                    "Workers": [
                                      {
                                        "Worker Number": 0,
                                        "Actual Startup Time": 930.84,
                                        "Actual Total Time": 930.944,
                                        "Actual Rows": 120,
                                        "Actual Loops": 1,
                                        "Shared Hit Blocks": 24816,
                                        "Shared Read Blocks": 7032,
                                        "Shared Dirtied Blocks": 0,
                                        "Shared Written Blocks": 0,
                                        "Local Hit Blocks": 0,
                                        "Local Read Blocks": 0,
                                        "Local Dirtied Blocks": 0,
                                        "Local Written Blocks": 0,
                                        "Temp Read Blocks": 0,
                                        "Temp Written Blocks": 0
                                      }
                                    ],
                                    "Plans": [
                                      {
                                        "Node Type": "Sort",
                                        "Parent Relationship": "Outer",
                                        "Parallel Aware": false,
                                        "Async Capable": false,
                                        "Startup Cost": 13449.62,
                                        "Total Cost": 13449.64,
                                        "Plan Rows": 6,
                                        "Plan Width": 27,
                                        "Actual Startup Time": 1017.018,
                                        "Actual Total Time": 1017.044,
                                        "Actual Rows": 306,
                                        "Actual Loops": 2,
                                        "Output": [
                                          "item_1.i_item_id",
                                          "customer_1.c_birth_year",
                                          "store_sales.ss_ext_sales_price"
                                        ],
                                        "Sort Key": [
                                          "item_1.i_item_id",
                                          "customer_1.c_birth_year"
                                        ],
                                        "Sort Method": "quicksort",
                                        "Sort Space Used": 48,
                                        "Sort Space Type": "Memory",
                                        "Shared Hit Blocks": 59459,
                                        "Shared Read Blocks": 15650,
                                        "Shared Dirtied Blocks": 0,
                                        "Shared Written Blocks": 0,
                                        "Local Hit Blocks": 0,
                                        "Local Read Blocks": 0,
                                        "Local Dirtied Blocks": 0,
                                        "Local Written Blocks": 0,
                                        "Temp Read Blocks": 0,
                                        "Temp Written Blocks": 0,
                                        "Workers": [
                                          {
                                            "Worker Number": 0,
                                            "Actual Startup Time": 930.828,
                                            "Actual Total Time": 930.844,
                                            "Actual Rows": 238,
                                            "Actual Loops": 1,
                                            "Sort Method": "quicksort",
                                            "Sort Space Used": 38,
                                            "Sort Space Type": "Memory",
                                            "Shared Hit Blocks": 24816,
                                            "Shared Read Blocks": 7032,
                                            "Shared Dirtied Blocks": 0,
                                            "Shared Written Blocks": 0,
                                            "Local Hit Blocks": 0,
                                            "Local Read Blocks": 0,
                                            "Local Dirtied Blocks": 0,
                                            "Local Written Blocks": 0,
                                            "Temp Read Blocks": 0,
                                            "Temp Written Blocks": 0
                                          }
                                        ],
                                        "Plans": [
                                          {
                                            "Node Type": "Nested Loop",
                                            "Parent Relationship": "Outer",
                                            "Parallel Aware": false,
                                            "Async Capable": false,
                                            "Join Type": "Inner",
                                            "Startup Cost": 10.47,
                                            "Total Cost": 13449.55,
                                            "Plan Rows": 6,
                                            "Plan Width": 27,
                                            "Actual Startup Time": 4.697,
                                            "Actual Total Time": 1016.124,
                                            "Actual Rows": 326,
                                            "Actual Loops": 2,
                                            "Output": [
                                              "item_1.i_item_id",
                                              "customer_1.c_birth_year",
                                              "store_sales.ss_ext_sales_price"
                                            ],
                                            "Inner Unique": true,
                                            "Shared Hit Blocks": 59445,
                                            "Shared Read Blocks": 15650,
                                            "Shared Dirtied Blocks": 0,
                                            "Shared Written Blocks": 0,
                                            "Local Hit Blocks": 0,
                                            "Local Read Blocks": 0,
                                            "Local Dirtied Blocks": 0,
                                            "Local Written Blocks": 0,
                                            "Temp Read Blocks": 0,
                                            "Temp Written Blocks": 0,
                                            "Workers": [
                                              {
                                                "Worker Number": 0,
                                                "Actual Startup Time": 4.192,
                                                "Actual Total Time": 929.931,
                                                "Actual Rows": 238,
                                                "Actual Loops": 1,
                                                "Shared Hit Blocks": 24802,
                                                "Shared Read Blocks": 7032,
                                                "Shared Dirtied Blocks": 0,
                                                "Shared Written Blocks": 0,
                                                "Local Hit Blocks": 0,
                                                "Local Read Blocks": 0,
                                                "Local Dirtied Blocks": 0,
                                                "Local Written Blocks": 0,
                                                "Temp Read Blocks": 0,
                                                "Temp Written Blocks": 0
                                              }
                                            ],
                                            "Plans": [
                                              {
                                                "Node Type": "Nested Loop",
                                                "Parent Relationship": "Outer",
                                                "Parallel Aware": false,
                                                "Async Capable": false,
                                                "Join Type": "Inner",
                                                "Startup Cost": 10.05,
                                                "Total Cost": 13403.33,
                                                "Plan Rows": 65,
                                                "Plan Width": 27,
                                                "Actual Startup Time": 2.994,
                                                "Actual Total Time": 693.617,
                                                "Actual Rows": 3182,
                                                "Actual Loops": 2,
                                                "Output": [
                                                  "store_sales.ss_ext_sales_price",
                                                  "store_sales.ss_customer_sk",
                                                  "item_1.i_item_id"
                                                ],
                                                "Inner Unique": true,
                                                "Shared Hit Blocks": 39354,
                                                "Shared Read Blocks": 10536,
                                                "Shared Dirtied Blocks": 0,
                                                "Shared Written Blocks": 0,
                                                "Local Hit Blocks": 0,
                                                "Local Read Blocks": 0,
                                                "Local Dirtied Blocks": 0,
                                                "Local Written Blocks": 0,
                                                "Temp Read Blocks": 0,
                                                "Temp Written Blocks": 0,
                                                "Workers": [
                                                  {
                                                    "Worker Number": 0,
                                                    "Actual Startup Time": 1.432,
                                                    "Actual Total Time": 643.98,
                                                    "Actual Rows": 2670,
                                                    "Actual Loops": 1,
                                                    "Shared Hit Blocks": 16365,
                                                    "Shared Read Blocks": 4876,
                                                    "Shared Dirtied Blocks": 0,
                                                    "Shared Written Blocks": 0,
                                                    "Local Hit Blocks": 0,
                                                    "Local Read Blocks": 0,
                                                    "Local Dirtied Blocks": 0,
                                                    "Local Written Blocks": 0,
                                                    "Temp Read Blocks": 0,
                                                    "Temp Written Blocks": 0
                                                  }
                                                ],
                                                "Plans": [
                                                  {
                                                    "Node Type": "Nested Loop",
                                                    "Parent Relationship": "Outer",
                                                    "Parallel Aware": false,
                                                    "Async Capable": false,
                                                    "Join Type": "Inner",
                                                    "Startup Cost": 9.76,
                                                    "Total Cost": 13290.42,
                                                    "Plan Rows": 215,
                                                    "Plan Width": 14,
                                                    "Actual Startup Time": 2.836,
                                                    "Actual Total Time": 417.72,
                                                    "Actual Rows": 7094,
                                                    "Actual Loops": 2,
                                                    "Output": [
                                                      "store_sales.ss_ext_sales_price",
                                                      "store_sales.ss_item_sk",
                                                      "store_sales.ss_customer_sk"
                                                    ],
                                                    "Inner Unique": false,
                                                    "Shared Hit Blocks": 828,
                                                    "Shared Read Blocks": 6497,
                                                    "Shared Dirtied Blocks": 0,
                                                    "Shared Written Blocks": 0,
                                                    "Local Hit Blocks": 0,
                                                    "Local Read Blocks": 0,
                                                    "Local Dirtied Blocks": 0,
                                                    "Local Written Blocks": 0,
                                                    "Temp Read Blocks": 0,
                                                    "Temp Written Blocks": 0,
                                                    "Workers": [
                                                      {
                                                        "Worker Number": 0,
                                                        "Actual Startup Time": 1.401,
                                                        "Actual Total Time": 402.53,
                                                        "Actual Rows": 6010,
                                                        "Actual Loops": 1,
                                                        "Shared Hit Blocks": 74,
                                                        "Shared Read Blocks": 3136,
                                                        "Shared Dirtied Blocks": 0,
                                                        "Shared Written Blocks": 0,
                                                        "Local Hit Blocks": 0,
                                                        "Local Read Blocks": 0,
                                                        "Local Dirtied Blocks": 0,
                                                        "Local Written Blocks": 0,
                                                        "Temp Read Blocks": 0,
                                                        "Temp Written Blocks": 0
                                                      }
                                                    ],
                                                    "Plans": [
                                                      {
                                                        "Node Type": "Hash Join",
                                                        "Parent Relationship": "Outer",
                                                        "Parallel Aware": false,
                                                        "Async Capable": false,
                                                        "Join Type": "Semi",
                                                        "Startup Cost": 9.19,
                                                        "Total Cost": 1975.89,
                                                        "Plan Rows": 18,
                                                        "Plan Width": 4,
                                                        "Actual Startup Time": 1.969,
                                                        "Actual Total Time": 43.7,
                                                        "Actual Rows": 16,
                                                        "Actual Loops": 2,
                                                        "Output": [
                                                          "date_dim_2.d_date_sk"
                                                        ],
                                                        "Inner Unique": false,
                                                        "Hash Cond": "(date_dim_2.d_date = date_dim_3.d_date)",
                                                        "Shared Hit Blocks": 736,
                                                        "Shared Read Blocks": 710,
                                                        "Shared Dirtied Blocks": 0,
                                                        "Shared Written Blocks": 0,
                                                        "Local Hit Blocks": 0,
                                                        "Local Read Blocks": 0,
                                                        "Local Dirtied Blocks": 0,
                                                        "Local Written Blocks": 0,
                                                        "Temp Read Blocks": 0,
                                                        "Temp Written Blocks": 0,
                                                        "Workers": [
                                                          {
                                                            "Worker Number": 0,
                                                            "Actual Startup Time": 0.352,
                                                            "Actual Total Time": 83.721,
                                                            "Actual Rows": 13,
                                                            "Actual Loops": 1,
                                                            "Shared Hit Blocks": 35,
                                                            "Shared Read Blocks": 710,
                                                            "Shared Dirtied Blocks": 0,
                                                            "Shared Written Blocks": 0,
                                                            "Local Hit Blocks": 0,
                                                            "Local Read Blocks": 0,
                                                            "Local Dirtied Blocks": 0,
                                                            "Local Written Blocks": 0,
                                                            "Temp Read Blocks": 0,
                                                            "Temp Written Blocks": 0
                                                          }
                                                        ],
                                                        "Plans": [
                                                          {
                                                            "Node Type": "Seq Scan",
                                                            "Parent Relationship": "Outer",
                                                            "Parallel Aware": true,
                                                            "Async Capable": false,
                                                            "Relation Name": "date_dim",
                                                            "Schema": "public",
                                                            "Alias": "date_dim_2",
                                                            "Startup Cost": 0.0,
                                                            "Total Cost": 1853.7,
                                                            "Plan Rows": 42970,
                                                            "Plan Width": 8,
                                                            "Actual Startup Time": 0.003,
                                                            "Actual Total Time": 40.972,
                                                            "Actual Rows": 36524,
                                                            "Actual Loops": 2,
                                                            "Output": [
                                                              "date_dim_2.d_date_sk",
                                                              "date_dim_2.d_date_id",
                                                              "date_dim_2.d_date",
                                                              "date_dim_2.d_month_seq",
                                                              "date_dim_2.d_week_seq",
                                                              "date_dim_2.d_quarter_seq",
                                                              "date_dim_2.d_year",
                                                              "date_dim_2.d_dow",
                                                              "date_dim_2.d_moy",
                                                              "date_dim_2.d_dom",
                                                              "date_dim_2.d_qoy",
                                                              "date_dim_2.d_fy_year",
                                                              "date_dim_2.d_fy_quarter_seq",
                                                              "date_dim_2.d_fy_week_seq",
                                                              "date_dim_2.d_day_name",
                                                              "date_dim_2.d_quarter_name",
                                                              "date_dim_2.d_holiday",
                                                              "date_dim_2.d_weekend",
                                                              "date_dim_2.d_following_holiday",
                                                              "date_dim_2.d_first_dom",
                                                              "date_dim_2.d_last_dom",
                                                              "date_dim_2.d_same_day_ly",
                                                              "date_dim_2.d_same_day_lq",
                                                              "date_dim_2.d_current_day",
                                                              "date_dim_2.d_current_week",
                                                              "date_dim_2.d_current_month",
                                                              "date_dim_2.d_current_quarter",
                                                              "date_dim_2.d_current_year"
                                                            ],
                                                            "Shared Hit Blocks": 714,
                                                            "Shared Read Blocks": 710,
                                                            "Shared Dirtied Blocks": 0,
                                                            "Shared Written Blocks": 0,
                                                            "Local Hit Blocks": 0,
                                                            "Local Read Blocks": 0,
                                                            "Local Dirtied Blocks": 0,
                                                            "Local Written Blocks": 0,
                                                            "Temp Read Blocks": 0,
                                                            "Temp Written Blocks": 0,
                                                            "Workers": [
                                                              {
                                                                "Worker Number": 0,
                                                                "Actual Startup Time": 0.005,
                                                                "Actual Total Time": 80.252,
                                                                "Actual Rows": 36753,
                                                                "Actual Loops": 1,
                                                                "Shared Hit Blocks": 16,
                                                                "Shared Read Blocks": 710,
                                                                "Shared Dirtied Blocks": 0,
                                                                "Shared Written Blocks": 0,
                                                                "Local Hit Blocks": 0,
                                                                "Local Read Blocks": 0,
                                                                "Local Dirtied Blocks": 0,
                                                                "Local Written Blocks": 0,
                                                                "Temp Read Blocks": 0,
                                                                "Temp Written Blocks": 0
                                                              }
                                                            ]
                                                          },
                                                          {
                                                            "Node Type": "Hash",
                                                            "Parent Relationship": "Inner",
                                                            "Parallel Aware": false,
                                                            "Async Capable": false,
                                                            "Startup Cost": 8.82,
                                                            "Total Cost": 8.82,
                                                            "Plan Rows": 30,
                                                            "Plan Width": 4,
                                                            "Actual Startup Time": 0.161,
                                                            "Actual Total Time": 0.162,
                                                            "Actual Rows": 31,
                                                            "Actual Loops": 2,
                                                            "Output": [
                                                              "date_dim_3.d_date"
                                                            ],
                                                            "Hash Buckets": 1024,
                                                            "Original Hash Buckets": 1024,
                                                            "Hash Batches": 1,
                                                            "Original Hash Batches": 1,
                                                            "Peak Memory Usage": 10,
                                                            "Shared Hit Blocks": 7,
                                                            "Shared Read Blocks": 0,
                                                            "Shared Dirtied Blocks": 0,
                                                            "Shared Written Blocks": 0,
                                                            "Local Hit Blocks": 0,
                                                            "Local Read Blocks": 0,
                                                            "Local Dirtied Blocks": 0,
                                                            "Local Written Blocks": 0,
                                                            "Temp Read Blocks": 0,
                                                            "Temp Written Blocks": 0,
                                                            "Workers": [
                                                              {
                                                                "Worker Number": 0,
                                                                "Actual Startup Time": 0.308,
                                                                "Actual Total Time": 0.309,
                                                                "Actual Rows": 31,
                                                                "Actual Loops": 1,
                                                                "Shared Hit Blocks": 4,
                                                                "Shared Read Blocks": 0,
                                                                "Shared Dirtied Blocks": 0,
                                                                "Shared Written Blocks": 0,
                                                                "Local Hit Blocks": 0,
                                                                "Local Read Blocks": 0,
                                                                "Local Dirtied Blocks": 0,
                                                                "Local Written Blocks": 0,
                                                                "Temp Read Blocks": 0,
                                                                "Temp Written Blocks": 0
                                                              }
                                                            ],
                                                            "Plans": [
                                                              {
                                                                "Node Type": "Index Only Scan",
                                                                "Parent Relationship": "Outer",
                                                                "Parallel Aware": false,
                                                                "Async Capable": false,
                                                                "Scan Direction": "Forward",
                                                                "Index Name": "_dta_index_date_dim_6_661577395__k4_k3",
                                                                "Relation Name": "date_dim",
                                                                "Schema": "public",
                                                                "Alias": "date_dim_3",
                                                                "Startup Cost": 0.29,
                                                                "Total Cost": 8.82,
                                                                "Plan Rows": 30,
                                                                "Plan Width": 4,
                                                                "Actual Startup Time": 0.15,
                                                                "Actual Total Time": 0.153,
                                                                "Actual Rows": 31,
                                                                "Actual Loops": 2,
                                                                "Output": [
                                                                  "date_dim_3.d_date"
                                                                ],
                                                                "Index Cond": "(date_dim_3.d_month_seq = $0)",
                                                                "Rows Removed by Index Recheck": 0,
                                                                "Heap Fetches": 0,
                                                                "Shared Hit Blocks": 7,
                                                                "Shared Read Blocks": 0,
                                                                "Shared Dirtied Blocks": 0,
                                                                "Shared Written Blocks": 0,
                                                                "Local Hit Blocks": 0,
                                                                "Local Read Blocks": 0,
                                                                "Local Dirtied Blocks": 0,
                                                                "Local Written Blocks": 0,
                                                                "Temp Read Blocks": 0,
                                                                "Temp Written Blocks": 0,
                                                                "Workers": [
                                                                  {
                                                                    "Worker Number": 0,
                                                                    "Actual Startup Time": 0.293,
                                                                    "Actual Total Time": 0.296,
                                                                    "Actual Rows": 31,
                                                                    "Actual Loops": 1,
                                                                    "Shared Hit Blocks": 4,
                                                                    "Shared Read Blocks": 0,
                                                                    "Shared Dirtied Blocks": 0,
                                                                    "Shared Written Blocks": 0,
                                                                    "Local Hit Blocks": 0,
                                                                    "Local Read Blocks": 0,
                                                                    "Local Dirtied Blocks": 0,
                                                                    "Local Written Blocks": 0,
                                                                    "Temp Read Blocks": 0,
                                                                    "Temp Written Blocks": 0
                                                                  }
                                                                ]
                                                              }
                                                            ]
                                                          }
                                                        ]
                                                      },
                                                      {
                                                        "Node Type": "Index Only Scan",
                                                        "Parent Relationship": "Inner",
                                                        "Parallel Aware": false,
                                                        "Async Capable": false,
                                                        "Scan Direction": "Forward",
                                                        "Index Name": "_dta_index_store_sales_6_1333579789__k1_k23_k14_k6_k8_k5_k7_3_4",
                                                        "Relation Name": "store_sales",
                                                        "Schema": "public",
                                                        "Alias": "store_sales",
                                                        "Startup Cost": 0.56,
                                                        "Total Cost": 624.23,
                                                        "Plan Rows": 435,
                                                        "Plan Width": 18,
                                                        "Actual Startup Time": 0.185,
                                                        "Actual Total Time": 24.003,
                                                        "Actual Rows": 458,
                                                        "Actual Loops": 31,
                                                        "Output": [
                                                          "store_sales.ss_sold_date_sk",
                                                          "store_sales.ss_net_profit",
                                                          "store_sales.ss_sales_price",
                                                          "store_sales.ss_hdemo_sk",
                                                          "store_sales.ss_store_sk",
                                                          "store_sales.ss_cdemo_sk",
                                                          "store_sales.ss_addr_sk",
                                                          "store_sales.ss_item_sk",
                                                          "store_sales.ss_customer_sk",
                                                          "store_sales.ss_promo_sk",
                                                          "store_sales.ss_ticket_number",
                                                          "store_sales.ss_quantity",
                                                          "store_sales.ss_wholesale_cost",
                                                          "store_sales.ss_list_price",
                                                          "store_sales.ss_ext_sales_price",
                                                          "store_sales.ss_ext_wholesale_cost",
                                                          "store_sales.ss_coupon_amt"
                                                        ],
                                                        "Index Cond": "(store_sales.ss_sold_date_sk = date_dim_2.d_date_sk)",
                                                        "Rows Removed by Index Recheck": 0,
                                                        "Filter": "((store_sales.ss_list_price >= '217'::numeric) AND (store_sales.ss_list_price <= '246'::numeric))",
                                                        "Rows Removed by Filter": 13189,
                                                        "Heap Fetches": 0,
                                                        "Shared Hit Blocks": 92,
                                                        "Shared Read Blocks": 5787,
                                                        "Shared Dirtied Blocks": 0,
                                                        "Shared Written Blocks": 0,
                                                        "Local Hit Blocks": 0,
                                                        "Local Read Blocks": 0,
                                                        "Local Dirtied Blocks": 0,
                                                        "Local Written Blocks": 0,
                                                        "Temp Read Blocks": 0,
                                                        "Temp Written Blocks": 0,
                                                        "Workers": [
                                                          {
                                                            "Worker Number": 0,
                                                            "Actual Startup Time": 0.192,
                                                            "Actual Total Time": 24.385,
                                                            "Actual Rows": 462,
                                                            "Actual Loops": 13,
                                                            "Shared Hit Blocks": 39,
                                                            "Shared Read Blocks": 2426,
                                                            "Shared Dirtied Blocks": 0,
                                                            "Shared Written Blocks": 0,
                                                            "Local Hit Blocks": 0,
                                                            "Local Read Blocks": 0,
                                                            "Local Dirtied Blocks": 0,
                                                            "Local Written Blocks": 0,
                                                            "Temp Read Blocks": 0,
                                                            "Temp Written Blocks": 0
                                                          }
                                                        ]
                                                      }
                                                    ]
                                                  },
                                                  {
                                                    "Node Type": "Index Scan",
                                                    "Parent Relationship": "Inner",
                                                    "Parallel Aware": false,
                                                    "Async Capable": false,
                                                    "Scan Direction": "Forward",
                                                    "Index Name": "item_pkey",
                                                    "Relation Name": "item",
                                                    "Schema": "public",
                                                    "Alias": "item_1",
                                                    "Startup Cost": 0.29,
                                                    "Total Cost": 0.53,
                                                    "Plan Rows": 1,
                                                    "Plan Width": 21,
                                                    "Actual Startup Time": 0.038,
                                                    "Actual Total Time": 0.038,
                                                    "Actual Rows": 0,
                                                    "Actual Loops": 14188,
                                                    "Output": [
                                                      "item_1.i_item_sk",
                                                      "item_1.i_item_id",
                                                      "item_1.i_rec_start_date",
                                                      "item_1.i_rec_end_date",
                                                      "item_1.i_item_desc",
                                                      "item_1.i_current_price",
                                                      "item_1.i_wholesale_cost",
                                                      "item_1.i_brand_id",
                                                      "item_1.i_brand",
                                                      "item_1.i_class_id",
                                                      "item_1.i_class",
                                                      "item_1.i_category_id",
                                                      "item_1.i_category",
                                                      "item_1.i_manufact_id",
                                                      "item_1.i_manufact",
                                                      "item_1.i_size",
                                                      "item_1.i_formulation",
                                                      "item_1.i_color",
                                                      "item_1.i_units",
                                                      "item_1.i_container",
                                                      "item_1.i_manager_id",
                                                      "item_1.i_product_name"
                                                    ],
                                                    "Index Cond": "(item_1.i_item_sk = store_sales.ss_item_sk)",
                                                    "Rows Removed by Index Recheck": 0,
                                                    "Filter": "((item_1.i_manager_id >= 25) AND (item_1.i_manager_id <= 54))",
                                                    "Rows Removed by Filter": 1,
                                                    "Shared Hit Blocks": 38526,
                                                    "Shared Read Blocks": 4039,
                                                    "Shared Dirtied Blocks": 0,
                                                    "Shared Written Blocks": 0,
                                                    "Local Hit Blocks": 0,
                                                    "Local Read Blocks": 0,
                                                    "Local Dirtied Blocks": 0,
                                                    "Local Written Blocks": 0,
                                                    "Temp Read Blocks": 0,
                                                    "Temp Written Blocks": 0,
                                                    "Workers": [
                                                      {
                                                        "Worker Number": 0,
                                                        "Actual Startup Time": 0.039,
                                                        "Actual Total Time": 0.039,
                                                        "Actual Rows": 0,
                                                        "Actual Loops": 6010,
                                                        "Shared Hit Blocks": 16291,
                                                        "Shared Read Blocks": 1740,
                                                        "Shared Dirtied Blocks": 0,
                                                        "Shared Written Blocks": 0,
                                                        "Local Hit Blocks": 0,
                                                        "Local Read Blocks": 0,
                                                        "Local Dirtied Blocks": 0,
                                                        "Local Written Blocks": 0,
                                                        "Temp Read Blocks": 0,
                                                        "Temp Written Blocks": 0
                                                      }
                                                    ]
                                                  }
                                                ]
                                              },
                                              {
                                                "Node Type": "Index Scan",
                                                "Parent Relationship": "Inner",
                                                "Parallel Aware": false,
                                                "Async Capable": false,
                                                "Scan Direction": "Forward",
                                                "Index Name": "_dta_index_customer_6_949578421__k1_k5",
                                                "Relation Name": "customer",
                                                "Schema": "public",
                                                "Alias": "customer_1",
                                                "Startup Cost": 0.42,
                                                "Total Cost": 0.71,
                                                "Plan Rows": 1,
                                                "Plan Width": 8,
                                                "Actual Startup Time": 0.101,
                                                "Actual Total Time": 0.101,
                                                "Actual Rows": 0,
                                                "Actual Loops": 6363,
                                                "Output": [
                                                  "customer_1.c_customer_sk",
                                                  "customer_1.c_customer_id",
                                                  "customer_1.c_current_cdemo_sk",
                                                  "customer_1.c_current_hdemo_sk",
                                                  "customer_1.c_current_addr_sk",
                                                  "customer_1.c_first_shipto_date_sk",
                                                  "customer_1.c_first_sales_date_sk",
                                                  "customer_1.c_salutation",
                                                  "customer_1.c_first_name",
                                                  "customer_1.c_last_name",
                                                  "customer_1.c_preferred_cust_flag",
                                                  "customer_1.c_birth_day",
                                                  "customer_1.c_birth_month",
                                                  "customer_1.c_birth_year",
                                                  "customer_1.c_birth_country",
                                                  "customer_1.c_login",
                                                  "customer_1.c_email_address",
                                                  "customer_1.c_last_review_date_sk"
                                                ],
                                                "Index Cond": "(customer_1.c_customer_sk = store_sales.ss_customer_sk)",
                                                "Rows Removed by Index Recheck": 0,
                                                "Filter": "((customer_1.c_birth_year >= 1961) AND (customer_1.c_birth_year <= 1967))",
                                                "Rows Removed by Filter": 1,
                                                "Shared Hit Blocks": 20091,
                                                "Shared Read Blocks": 5114,
                                                "Shared Dirtied Blocks": 0,
                                                "Shared Written Blocks": 0,
                                                "Local Hit Blocks": 0,
                                                "Local Read Blocks": 0,
                                                "Local Dirtied Blocks": 0,
                                                "Local Written Blocks": 0,
                                                "Temp Read Blocks": 0,
                                                "Temp Written Blocks": 0,
                                                "Workers": [
                                                  {
                                                    "Worker Number": 0,
                                                    "Actual Startup Time": 0.106,
                                                    "Actual Total Time": 0.106,
                                                    "Actual Rows": 0,
                                                    "Actual Loops": 2670,
                                                    "Shared Hit Blocks": 8437,
                                                    "Shared Read Blocks": 2156,
                                                    "Shared Dirtied Blocks": 0,
                                                    "Shared Written Blocks": 0,
                                                    "Local Hit Blocks": 0,
                                                    "Local Read Blocks": 0,
                                                    "Local Dirtied Blocks": 0,
                                                    "Local Written Blocks": 0,
                                                    "Temp Read Blocks": 0,
                                                    "Temp Written Blocks": 0
                                                  }
                                                ]
                                              }
                                            ]
                                          }
                                        ]
                                      }
                                    ]
                                  }
                                ]
                              }
                            ]
                          },
                          {
                            "Node Type": "Materialize",
                            "Parent Relationship": "Inner",
                            "Parallel Aware": false,
                            "Async Capable": false,
                            "Startup Cost": 7531.73,
                            "Total Cost": 7532.12,
                            "Plan Rows": 4,
                            "Plan Width": 53,
                            "Actual Startup Time": 281.003,
                            "Actual Total Time": 285.953,
                            "Actual Rows": 37,
                            "Actual Loops": 1,
                            "Output": [
                              "item_2.i_item_id",
                              "customer_2.c_birth_year",
                              "(sum(catalog_sales.cs_ext_sales_price))"
                            ],
                            "Shared Hit Blocks": 13328,
                            "Shared Read Blocks": 3493,
                            "Shared Dirtied Blocks": 0,
                            "Shared Written Blocks": 0,
                            "Local Hit Blocks": 0,
                            "Local Read Blocks": 0,
                            "Local Dirtied Blocks": 0,
                            "Local Written Blocks": 0,
                            "Temp Read Blocks": 0,
                            "Temp Written Blocks": 0,
                            "Plans": [
                              {
                                "Node Type": "Aggregate",
                                "Strategy": "Sorted",
                                "Partial Mode": "Finalize",
                                "Parent Relationship": "Outer",
                                "Parallel Aware": false,
                                "Async Capable": false,
                                "Startup Cost": 7531.73,
                                "Total Cost": 7532.07,
                                "Plan Rows": 4,
                                "Plan Width": 53,
                                "Actual Startup Time": 280.998,
                                "Actual Total Time": 285.939,
                                "Actual Rows": 37,
                                "Actual Loops": 1,
                                "Output": [
                                  "item_2.i_item_id",
                                  "customer_2.c_birth_year",
                                  "sum(catalog_sales.cs_ext_sales_price)"
                                ],
                                "Group Key": [
                                  "item_2.i_item_id",
                                  "customer_2.c_birth_year"
                                ],
                                "Shared Hit Blocks": 13328,
                                "Shared Read Blocks": 3493,
                                "Shared Dirtied Blocks": 0,
                                "Shared Written Blocks": 0,
                                "Local Hit Blocks": 0,
                                "Local Read Blocks": 0,
                                "Local Dirtied Blocks": 0,
                                "Local Written Blocks": 0,
                                "Temp Read Blocks": 0,
                                "Temp Written Blocks": 0,
                                "Plans": [
                                  {
                                    "Node Type": "Index Only Scan",
                                    "Parent Relationship": "InitPlan",
                                    "Subplan Name": "InitPlan 2 (returns $1)",
                                    "Parallel Aware": false,
                                    "Async Capable": false,
                                    "Scan Direction": "Forward",
                                    "Index Name": "_dta_index_date_dim_6_661577395__k4_k3",
                                    "Relation Name": "date_dim",
                                    "Schema": "public",
                                    "Alias": "date_dim_7",
                                    "Startup Cost": 0.29,
                                    "Total Cost": 1360.17,
                                    "Plan Rows": 1,
                                    "Plan Width": 4,
                                    "Actual Startup Time": 9.55,
                                    "Actual Total Time": 18.957,
                                    "Actual Rows": 1,
                                    "Actual Loops": 1,
                                    "Output": [
                                      "date_dim_7.d_month_seq"
                                    ],
                                    "Index Cond": "(date_dim_7.d_date = '1999-05-02'::date)",
                                    "Rows Removed by Index Recheck": 0,
                                    "Heap Fetches": 0,
                                    "Shared Hit Blocks": 3,
                                    "Shared Read Blocks": 199,
                                    "Shared Dirtied Blocks": 0,
                                    "Shared Written Blocks": 0,
                                    "Local Hit Blocks": 0,
                                    "Local Read Blocks": 0,
                                    "Local Dirtied Blocks": 0,
                                    "Local Written Blocks": 0,
                                    "Temp Read Blocks": 0,
                                    "Temp Written Blocks": 0
                                  },
                                  {
                                    "Node Type": "Gather Merge",
                                    "Parent Relationship": "Outer",
                                    "Parallel Aware": false,
                                    "Async Capable": false,
                                    "Startup Cost": 6171.56,
                                    "Total Cost": 6171.83,
                                    "Plan Rows": 2,
                                    "Plan Width": 53,
                                    "Actual Startup Time": 280.982,
                                    "Actual Total Time": 285.893,
                                    "Actual Rows": 41,
                                    "Actual Loops": 1,
                                    "Output": [
                                      "item_2.i_item_id",
                                      "customer_2.c_birth_year",
                                      "(PARTIAL sum(catalog_sales.cs_ext_sales_price))"
                                    ],
                                    "Workers Planned": 1,
                                    "Params Evaluated": [
                                      "$1"
                                    ],
                                    "Workers Launched": 1,
                                    "Shared Hit Blocks": 13328,
                                    "Shared Read Blocks": 3493,
                                    "Shared Dirtied Blocks": 0,
                                    "Shared Written Blocks": 0,
                                    "Local Hit Blocks": 0,
                                    "Local Read Blocks": 0,
                                    "Local Dirtied Blocks": 0,
                                    "Local Written Blocks": 0,
                                    "Temp Read Blocks": 0,
                                    "Temp Written Blocks": 0,
                                    "Plans": [
                                      {
                                        "Node Type": "Aggregate",
                                        "Strategy": "Sorted",
                                        "Partial Mode": "Partial",
                                        "Parent Relationship": "Outer",
                                        "Parallel Aware": false,
                                        "Async Capable": false,
                                        "Startup Cost": 5171.55,
                                        "Total Cost": 5171.6,
                                        "Plan Rows": 2,
                                        "Plan Width": 53,
                                        "Actual Startup Time": 216.925,
                                        "Actual Total Time": 216.948,
                                        "Actual Rows": 20,
                                        "Actual Loops": 2,
                                        "Output": [
                                          "item_2.i_item_id",
                                          "customer_2.c_birth_year",
                                          "PARTIAL sum(catalog_sales.cs_ext_sales_price)"
                                        ],
                                        "Group Key": [
                                          "item_2.i_item_id",
                                          "customer_2.c_birth_year"
                                        ],
                                        "Shared Hit Blocks": 13325,
                                        "Shared Read Blocks": 3294,
                                        "Shared Dirtied Blocks": 0,
                                        "Shared Written Blocks": 0,
                                        "Local Hit Blocks": 0,
                                        "Local Read Blocks": 0,
                                        "Local Dirtied Blocks": 0,
                                        "Local Written Blocks": 0,
                                        "Temp Read Blocks": 0,
                                        "Temp Written Blocks": 0,
                                        "Workers": [
                                          {
                                            "Worker Number": 0,
                                            "Actual Startup Time": 226.918,
                                            "Actual Total Time": 226.941,
                                            "Actual Rows": 24,
                                            "Actual Loops": 1,
                                            "Shared Hit Blocks": 7273,
                                            "Shared Read Blocks": 1693,
                                            "Shared Dirtied Blocks": 0,
                                            "Shared Written Blocks": 0,
                                            "Local Hit Blocks": 0,
                                            "Local Read Blocks": 0,
                                            "Local Dirtied Blocks": 0,
                                            "Local Written Blocks": 0,
                                            "Temp Read Blocks": 0,
                                            "Temp Written Blocks": 0
                                          }
                                        ],
                                        "Plans": [
                                          {
                                            "Node Type": "Sort",
                                            "Parent Relationship": "Outer",
                                            "Parallel Aware": false,
                                            "Async Capable": false,
                                            "Startup Cost": 5171.55,
                                            "Total Cost": 5171.56,
                                            "Plan Rows": 2,
                                            "Plan Width": 27,
                                            "Actual Startup Time": 216.913,
                                            "Actual Total Time": 216.92,
                                            "Actual Rows": 24,
                                            "Actual Loops": 2,
                                            "Output": [
                                              "item_2.i_item_id",
                                              "customer_2.c_birth_year",
                                              "catalog_sales.cs_ext_sales_price"
                                            ],
                                            "Sort Key": [
                                              "item_2.i_item_id",
                                              "customer_2.c_birth_year"
                                            ],
                                            "Sort Method": "quicksort",
                                            "Sort Space Used": 26,
                                            "Sort Space Type": "Memory",
                                            "Shared Hit Blocks": 13325,
                                            "Shared Read Blocks": 3294,
                                            "Shared Dirtied Blocks": 0,
                                            "Shared Written Blocks": 0,
                                            "Local Hit Blocks": 0,
                                            "Local Read Blocks": 0,
                                            "Local Dirtied Blocks": 0,
                                            "Local Written Blocks": 0,
                                            "Temp Read Blocks": 0,
                                            "Temp Written Blocks": 0,
                                            "Workers": [
                                              {
                                                "Worker Number": 0,
                                                "Actual Startup Time": 226.906,
                                                "Actual Total Time": 226.911,
                                                "Actual Rows": 29,
                                                "Actual Loops": 1,
                                                "Sort Method": "quicksort",
                                                "Sort Space Used": 26,
                                                "Sort Space Type": "Memory",
                                                "Shared Hit Blocks": 7273,
                                                "Shared Read Blocks": 1693,
                                                "Shared Dirtied Blocks": 0,
                                                "Shared Written Blocks": 0,
                                                "Local Hit Blocks": 0,
                                                "Local Read Blocks": 0,
                                                "Local Dirtied Blocks": 0,
                                                "Local Written Blocks": 0,
                                                "Temp Read Blocks": 0,
                                                "Temp Written Blocks": 0
                                              }
                                            ],
                                            "Plans": [
                                              {
                                                "Node Type": "Nested Loop",
                                                "Parent Relationship": "Outer",
                                                "Parallel Aware": false,
                                                "Async Capable": false,
                                                "Join Type": "Inner",
                                                "Startup Cost": 10.34,
                                                "Total Cost": 5171.54,
                                                "Plan Rows": 2,
                                                "Plan Width": 27,
                                                "Actual Startup Time": 51.072,
                                                "Actual Total Time": 216.689,
                                                "Actual Rows": 24,
                                                "Actual Loops": 2,
                                                "Output": [
                                                  "item_2.i_item_id",
                                                  "customer_2.c_birth_year",
                                                  "catalog_sales.cs_ext_sales_price"
                                                ],
                                                "Inner Unique": true,
                                                "Shared Hit Blocks": 13312,
                                                "Shared Read Blocks": 3293,
                                                "Shared Dirtied Blocks": 0,
                                                "Shared Written Blocks": 0,
                                                "Local Hit Blocks": 0,
                                                "Local Read Blocks": 0,
                                                "Local Dirtied Blocks": 0,
                                                "Local Written Blocks": 0,
                                                "Temp Read Blocks": 0,
                                                "Temp Written Blocks": 0,
                                                "Workers": [
                                                  {
                                                    "Worker Number": 0,
                                                    "Actual Startup Time": 35.536,
                                                    "Actual Total Time": 226.522,
                                                    "Actual Rows": 29,
                                                    "Actual Loops": 1,
                                                    "Shared Hit Blocks": 7260,
                                                    "Shared Read Blocks": 1692,
                                                    "Shared Dirtied Blocks": 0,
                                                    "Shared Written Blocks": 0,
                                                    "Local Hit Blocks": 0,
                                                    "Local Read Blocks": 0,
                                                    "Local Dirtied Blocks": 0,
                                                    "Local Written Blocks": 0,
                                                    "Temp Read Blocks": 0,
                                                    "Temp Written Blocks": 0
                                                  }
                                                ],
                                                "Plans": [
                                                  {
                                                    "Node Type": "Nested Loop",
                                                    "Parent Relationship": "Outer",
                                                    "Parallel Aware": false,
                                                    "Async Capable": false,
                                                    "Join Type": "Inner",
                                                    "Startup Cost": 9.92,
                                                    "Total Cost": 5157.28,
                                                    "Plan Rows": 22,
                                                    "Plan Width": 27,
                                                    "Actual Startup Time": 45.16,
                                                    "Actual Total Time": 194.752,
                                                    "Actual Rows": 213,
                                                    "Actual Loops": 2,
                                                    "Output": [
                                                      "catalog_sales.cs_ext_sales_price",
                                                      "catalog_sales.cs_bill_customer_sk",
                                                      "item_2.i_item_id"
                                                    ],
                                                    "Inner Unique": true,
                                                    "Shared Hit Blocks": 11959,
                                                    "Shared Read Blocks": 2945,
                                                    "Shared Dirtied Blocks": 0,
                                                    "Shared Written Blocks": 0,
                                                    "Local Hit Blocks": 0,
                                                    "Local Read Blocks": 0,
                                                    "Local Dirtied Blocks": 0,
                                                    "Local Written Blocks": 0,
                                                    "Temp Read Blocks": 0,
                                                    "Temp Written Blocks": 0,
                                                    "Workers": [
                                                      {
                                                        "Worker Number": 0,
                                                        "Actual Startup Time": 28.023,
                                                        "Actual Total Time": 201.985,
                                                        "Actual Rows": 239,
                                                        "Actual Loops": 1,
                                                        "Shared Hit Blocks": 6499,
                                                        "Shared Read Blocks": 1496,
                                                        "Shared Dirtied Blocks": 0,
                                                        "Shared Written Blocks": 0,
                                                        "Local Hit Blocks": 0,
                                                        "Local Read Blocks": 0,
                                                        "Local Dirtied Blocks": 0,
                                                        "Local Written Blocks": 0,
                                                        "Temp Read Blocks": 0,
                                                        "Temp Written Blocks": 0
                                                      }
                                                    ],
                                                    "Plans": [
                                                      {
                                                        "Node Type": "Nested Loop",
                                                        "Parent Relationship": "Outer",
                                                        "Parallel Aware": false,
                                                        "Async Capable": false,
                                                        "Join Type": "Inner",
                                                        "Startup Cost": 9.63,
                                                        "Total Cost": 5127.57,
                                                        "Plan Rows": 72,
                                                        "Plan Width": 14,
                                                        "Actual Startup Time": 40.354,
                                                        "Actual Total Time": 169.104,
                                                        "Actual Rows": 652,
                                                        "Actual Loops": 2,
                                                        "Output": [
                                                          "catalog_sales.cs_ext_sales_price",
                                                          "catalog_sales.cs_item_sk",
                                                          "catalog_sales.cs_bill_customer_sk"
                                                        ],
                                                        "Inner Unique": false,
                                                        "Shared Hit Blocks": 8414,
                                                        "Shared Read Blocks": 2574,
                                                        "Shared Dirtied Blocks": 0,
                                                        "Shared Written Blocks": 0,
                                                        "Local Hit Blocks": 0,
                                                        "Local Read Blocks": 0,
                                                        "Local Dirtied Blocks": 0,
                                                        "Local Written Blocks": 0,
                                                        "Temp Read Blocks": 0,
                                                        "Temp Written Blocks": 0,
                                                        "Workers": [
                                                          {
                                                            "Worker Number": 0,
                                                            "Actual Startup Time": 22.858,
                                                            "Actual Total Time": 171.658,
                                                            "Actual Rows": 752,
                                                            "Actual Loops": 1,
                                                            "Shared Hit Blocks": 4461,
                                                            "Shared Read Blocks": 1277,
                                                            "Shared Dirtied Blocks": 0,
                                                            "Shared Written Blocks": 0,
                                                            "Local Hit Blocks": 0,
                                                            "Local Read Blocks": 0,
                                                            "Local Dirtied Blocks": 0,
                                                            "Local Written Blocks": 0,
                                                            "Temp Read Blocks": 0,
                                                            "Temp Written Blocks": 0
                                                          }
                                                        ],
                                                        "Plans": [
                                                          {
                                                            "Node Type": "Hash Join",
                                                            "Parent Relationship": "Outer",
                                                            "Parallel Aware": false,
                                                            "Async Capable": false,
                                                            "Join Type": "Semi",
                                                            "Startup Cost": 9.19,
                                                            "Total Cost": 1975.89,
                                                            "Plan Rows": 18,
                                                            "Plan Width": 4,
                                                            "Actual Startup Time": 37.416,
                                                            "Actual Total Time": 39.323,
                                                            "Actual Rows": 16,
                                                            "Actual Loops": 2,
                                                            "Output": [
                                                              "date_dim_4.d_date_sk"
                                                            ],
                                                            "Inner Unique": false,
                                                            "Hash Cond": "(date_dim_4.d_date = date_dim_5.d_date)",
                                                            "Shared Hit Blocks": 749,
                                                            "Shared Read Blocks": 697,
                                                            "Shared Dirtied Blocks": 0,
                                                            "Shared Written Blocks": 0,
                                                            "Local Hit Blocks": 0,
                                                            "Local Read Blocks": 0,
                                                            "Local Dirtied Blocks": 0,
                                                            "Local Written Blocks": 0,
                                                            "Temp Read Blocks": 0,
                                                            "Temp Written Blocks": 0,
                                                            "Workers": [
                                                              {
                                                                "Worker Number": 0,
                                                                "Actual Startup Time": 19.993,
                                                                "Actual Total Time": 20.077,
                                                                "Actual Rows": 18,
                                                                "Actual Loops": 1,
                                                                "Shared Hit Blocks": 18,
                                                                "Shared Read Blocks": 183,
                                                                "Shared Dirtied Blocks": 0,
                                                                "Shared Written Blocks": 0,
                                                                "Local Hit Blocks": 0,
                                                                "Local Read Blocks": 0,
                                                                "Local Dirtied Blocks": 0,
                                                                "Local Written Blocks": 0,
                                                                "Temp Read Blocks": 0,
                                                                "Temp Written Blocks": 0
                                                              }
                                                            ],
                                                            "Plans": [
                                                              {
                                                                "Node Type": "Seq Scan",
                                                                "Parent Relationship": "Outer",
                                                                "Parallel Aware": true,
                                                                "Async Capable": false,
                                                                "Relation Name": "date_dim",
                                                                "Schema": "public",
                                                                "Alias": "date_dim_4",
                                                                "Startup Cost": 0.0,
                                                                "Total Cost": 1853.7,
                                                                "Plan Rows": 42970,
                                                                "Plan Width": 8,
                                                                "Actual Startup Time": 0.189,
                                                                "Actual Total Time": 36.446,
                                                                "Actual Rows": 36524,
                                                                "Actual Loops": 2,
                                                                "Output": [
                                                                  "date_dim_4.d_date_sk",
                                                                  "date_dim_4.d_date_id",
                                                                  "date_dim_4.d_date",
                                                                  "date_dim_4.d_month_seq",
                                                                  "date_dim_4.d_week_seq",
                                                                  "date_dim_4.d_quarter_seq",
                                                                  "date_dim_4.d_year",
                                                                  "date_dim_4.d_dow",
                                                                  "date_dim_4.d_moy",
                                                                  "date_dim_4.d_dom",
                                                                  "date_dim_4.d_qoy",
                                                                  "date_dim_4.d_fy_year",
                                                                  "date_dim_4.d_fy_quarter_seq",
                                                                  "date_dim_4.d_fy_week_seq",
                                                                  "date_dim_4.d_day_name",
                                                                  "date_dim_4.d_quarter_name",
                                                                  "date_dim_4.d_holiday",
                                                                  "date_dim_4.d_weekend",
                                                                  "date_dim_4.d_following_holiday",
                                                                  "date_dim_4.d_first_dom",
                                                                  "date_dim_4.d_last_dom",
                                                                  "date_dim_4.d_same_day_ly",
                                                                  "date_dim_4.d_same_day_lq",
                                                                  "date_dim_4.d_current_day",
                                                                  "date_dim_4.d_current_week",
                                                                  "date_dim_4.d_current_month",
                                                                  "date_dim_4.d_current_quarter",
                                                                  "date_dim_4.d_current_year"
                                                                ],
                                                                "Shared Hit Blocks": 731,
                                                                "Shared Read Blocks": 693,
                                                                "Shared Dirtied Blocks": 0,
                                                                "Shared Written Blocks": 0,
                                                                "Local Hit Blocks": 0,
                                                                "Local Read Blocks": 0,
                                                                "Local Dirtied Blocks": 0,
                                                                "Local Written Blocks": 0,
                                                                "Temp Read Blocks": 0,
                                                                "Temp Written Blocks": 0,
                                                                "Workers": [
                                                                  {
                                                                    "Worker Number": 0,
                                                                    "Actual Startup Time": 0.247,
                                                                    "Actual Total Time": 18.355,
                                                                    "Actual Rows": 9464,
                                                                    "Actual Loops": 1,
                                                                    "Shared Hit Blocks": 3,
                                                                    "Shared Read Blocks": 179,
                                                                    "Shared Dirtied Blocks": 0,
                                                                    "Shared Written Blocks": 0,
                                                                    "Local Hit Blocks": 0,
                                                                    "Local Read Blocks": 0,
                                                                    "Local Dirtied Blocks": 0,
                                                                    "Local Written Blocks": 0,
                                                                    "Temp Read Blocks": 0,
                                                                    "Temp Written Blocks": 0
                                                                  }
                                                                ]
                                                              },
                                                              {
                                                                "Node Type": "Hash",
                                                                "Parent Relationship": "Inner",
                                                                "Parallel Aware": false,
                                                                "Async Capable": false,
                                                                "Startup Cost": 8.82,
                                                                "Total Cost": 8.82,
                                                                "Plan Rows": 30,
                                                                "Plan Width": 4,
                                                                "Actual Startup Time": 0.303,
                                                                "Actual Total Time": 0.304,
                                                                "Actual Rows": 31,
                                                                "Actual Loops": 2,
                                                                "Output": [
                                                                  "date_dim_5.d_date"
                                                                ],
                                                                "Hash Buckets": 1024,
                                                                "Original Hash Buckets": 1024,
                                                                "Hash Batches": 1,
                                                                "Original Hash Batches": 1,
                                                                "Peak Memory Usage": 10,
                                                                "Shared Hit Blocks": 6,
                                                                "Shared Read Blocks": 1,
                                                                "Shared Dirtied Blocks": 0,
                                                                "Shared Written Blocks": 0,
                                                                "Local Hit Blocks": 0,
                                                                "Local Read Blocks": 0,
                                                                "Local Dirtied Blocks": 0,
                                                                "Local Written Blocks": 0,
                                                                "Temp Read Blocks": 0,
                                                                "Temp Written Blocks": 0,
                                                                "Workers": [
                                                                  {
                                                                    "Worker Number": 0,
                                                                    "Actual Startup Time": 0.581,
                                                                    "Actual Total Time": 0.582,
                                                                    "Actual Rows": 31,
                                                                    "Actual Loops": 1,
                                                                    "Shared Hit Blocks": 3,
                                                                    "Shared Read Blocks": 1,
                                                                    "Shared Dirtied Blocks": 0,
                                                                    "Shared Written Blocks": 0,
                                                                    "Local Hit Blocks": 0,
                                                                    "Local Read Blocks": 0,
                                                                    "Local Dirtied Blocks": 0,
                                                                    "Local Written Blocks": 0,
                                                                    "Temp Read Blocks": 0,
                                                                    "Temp Written Blocks": 0
                                                                  }
                                                                ],
                                                                "Plans": [
                                                                  {
                                                                    "Node Type": "Index Only Scan",
                                                                    "Parent Relationship": "Outer",
                                                                    "Parallel Aware": false,
                                                                    "Async Capable": false,
                                                                    "Scan Direction": "Forward",
                                                                    "Index Name": "_dta_index_date_dim_6_661577395__k4_k3",
                                                                    "Relation Name": "date_dim",
                                                                    "Schema": "public",
                                                                    "Alias": "date_dim_5",
                                                                    "Startup Cost": 0.29,
                                                                    "Total Cost": 8.82,
                                                                    "Plan Rows": 30,
                                                                    "Plan Width": 4,
                                                                    "Actual Startup Time": 0.291,
                                                                    "Actual Total Time": 0.294,
                                                                    "Actual Rows": 31,
                                                                    "Actual Loops": 2,
                                                                    "Output": [
                                                                      "date_dim_5.d_date"
                                                                    ],
                                                                    "Index Cond": "(date_dim_5.d_month_seq = $1)",
                                                                    "Rows Removed by Index Recheck": 0,
                                                                    "Heap Fetches": 0,
                                                                    "Shared Hit Blocks": 6,
                                                                    "Shared Read Blocks": 1,
                                                                    "Shared Dirtied Blocks": 0,
                                                                    "Shared Written Blocks": 0,
                                                                    "Local Hit Blocks": 0,
                                                                    "Local Read Blocks": 0,
                                                                    "Local Dirtied Blocks": 0,
                                                                    "Local Written Blocks": 0,
                                                                    "Temp Read Blocks": 0,
                                                                    "Temp Written Blocks": 0,
                                                                    "Workers": [
                                                                      {
                                                                        "Worker Number": 0,
                                                                        "Actual Startup Time": 0.564,
                                                                        "Actual Total Time": 0.568,
                                                                        "Actual Rows": 31,
                                                                        "Actual Loops": 1,
                                                                        "Shared Hit Blocks": 3,
                                                                        "Shared Read Blocks": 1,
                                                                        "Shared Dirtied Blocks": 0,
                                                                        "Shared Written Blocks": 0,
                                                                        "Local Hit Blocks": 0,
                                                                        "Local Read Blocks": 0,
                                                                        "Local Dirtied Blocks": 0,
                                                                        "Local Written Blocks": 0,
                                                                        "Temp Read Blocks": 0,
                                                                        "Temp Written Blocks": 0
                                                                      }
                                                                    ]
                                                                  }
                                                                ]
                                                              }
                                                            ]
                                                          },
                                                          {
                                                            "Node Type": "Index Scan",
                                                            "Parent Relationship": "Inner",
                                                            "Parallel Aware": false,
                                                            "Async Capable": false,
                                                            "Scan Direction": "Forward",
                                                            "Index Name": "_dta_index_catalog_sales_6_1301579675__k1_k4",
                                                            "Relation Name": "catalog_sales",
                                                            "Schema": "public",
                                                            "Alias": "catalog_sales",
                                                            "Startup Cost": 0.43,
                                                            "Total Cost": 173.68,
                                                            "Plan Rows": 141,
                                                            "Plan Width": 18,
                                                            "Actual Startup Time": 0.85,
                                                            "Actual Total Time": 8.355,
                                                            "Actual Rows": 42,
                                                            "Actual Loops": 31,
                                                            "Output": [
                                                              "catalog_sales.cs_sold_date_sk",
                                                              "catalog_sales.cs_sold_time_sk",
                                                              "catalog_sales.cs_ship_date_sk",
                                                              "catalog_sales.cs_bill_customer_sk",
                                                              "catalog_sales.cs_bill_cdemo_sk",
                                                              "catalog_sales.cs_bill_hdemo_sk",
                                                              "catalog_sales.cs_bill_addr_sk",
                                                              "catalog_sales.cs_ship_customer_sk",
                                                              "catalog_sales.cs_ship_cdemo_sk",
                                                              "catalog_sales.cs_ship_hdemo_sk",
                                                              "catalog_sales.cs_ship_addr_sk",
                                                              "catalog_sales.cs_call_center_sk",
                                                              "catalog_sales.cs_catalog_page_sk",
                                                              "catalog_sales.cs_ship_mode_sk",
                                                              "catalog_sales.cs_warehouse_sk",
                                                              "catalog_sales.cs_item_sk",
                                                              "catalog_sales.cs_promo_sk",
                                                              "catalog_sales.cs_order_number",
                                                              "catalog_sales.cs_quantity",
                                                              "catalog_sales.cs_wholesale_cost",
                                                              "catalog_sales.cs_list_price",
                                                              "catalog_sales.cs_sales_price",
                                                              "catalog_sales.cs_ext_discount_amt",
                                                              "catalog_sales.cs_ext_sales_price",
                                                              "catalog_sales.cs_ext_wholesale_cost",
                                                              "catalog_sales.cs_ext_list_price",
                                                              "catalog_sales.cs_ext_tax",
                                                              "catalog_sales.cs_coupon_amt",
                                                              "catalog_sales.cs_ext_ship_cost",
                                                              "catalog_sales.cs_net_paid",
                                                              "catalog_sales.cs_net_paid_inc_tax",
                                                              "catalog_sales.cs_net_paid_inc_ship",
                                                              "catalog_sales.cs_net_paid_inc_ship_tax",
                                                              "catalog_sales.cs_net_profit"
                                                            ],
                                                            "Index Cond": "(catalog_sales.cs_sold_date_sk = date_dim_4.d_date_sk)",
                                                            "Rows Removed by Index Recheck": 0,
                                                            "Filter": "((catalog_sales.cs_list_price >= '217'::numeric) AND (catalog_sales.cs_list_price <= '246'::numeric))",
                                                            "Rows Removed by Filter": 2196,
                                                            "Shared Hit Blocks": 7665,
                                                            "Shared Read Blocks": 1877,
                                                            "Shared Dirtied Blocks": 0,
                                                            "Shared Written Blocks": 0,
                                                            "Local Hit Blocks": 0,
                                                            "Local Read Blocks": 0,
                                                            "Local Dirtied Blocks": 0,
                                                            "Local Written Blocks": 0,
                                                            "Temp Read Blocks": 0,
                                                            "Temp Written Blocks": 0,
                                                            "Workers": [
                                                              {
                                                                "Worker Number": 0,
                                                                "Actual Startup Time": 0.873,
                                                                "Actual Total Time": 8.403,
                                                                "Actual Rows": 42,
                                                                "Actual Loops": 18,
                                                                "Shared Hit Blocks": 4443,
                                                                "Shared Read Blocks": 1094,
                                                                "Shared Dirtied Blocks": 0,
                                                                "Shared Written Blocks": 0,
                                                                "Local Hit Blocks": 0,
                                                                "Local Read Blocks": 0,
                                                                "Local Dirtied Blocks": 0,
                                                                "Local Written Blocks": 0,
                                                                "Temp Read Blocks": 0,
                                                                "Temp Written Blocks": 0
                                                              }
                                                            ]
                                                          }
                                                        ]
                                                      },
                                                      {
                                                        "Node Type": "Index Scan",
                                                        "Parent Relationship": "Inner",
                                                        "Parallel Aware": false,
                                                        "Async Capable": false,
                                                        "Scan Direction": "Forward",
                                                        "Index Name": "item_pkey",
                                                        "Relation Name": "item",
                                                        "Schema": "public",
                                                        "Alias": "item_2",
                                                        "Startup Cost": 0.29,
                                                        "Total Cost": 0.41,
                                                        "Plan Rows": 1,
                                                        "Plan Width": 21,
                                                        "Actual Startup Time": 0.038,
                                                        "Actual Total Time": 0.038,
                                                        "Actual Rows": 0,
                                                        "Actual Loops": 1305,
                                                        "Output": [
                                                          "item_2.i_item_sk",
                                                          "item_2.i_item_id",
                                                          "item_2.i_rec_start_date",
                                                          "item_2.i_rec_end_date",
                                                          "item_2.i_item_desc",
                                                          "item_2.i_current_price",
                                                          "item_2.i_wholesale_cost",
                                                          "item_2.i_brand_id",
                                                          "item_2.i_brand",
                                                          "item_2.i_class_id",
                                                          "item_2.i_class",
                                                          "item_2.i_category_id",
                                                          "item_2.i_category",
                                                          "item_2.i_manufact_id",
                                                          "item_2.i_manufact",
                                                          "item_2.i_size",
                                                          "item_2.i_formulation",
                                                          "item_2.i_color",
                                                          "item_2.i_units",
                                                          "item_2.i_container",
                                                          "item_2.i_manager_id",
                                                          "item_2.i_product_name"
                                                        ],
                                                        "Index Cond": "(item_2.i_item_sk = catalog_sales.cs_item_sk)",
                                                        "Rows Removed by Index Recheck": 0,
                                                        "Filter": "((item_2.i_manager_id >= 25) AND (item_2.i_manager_id <= 54))",
                                                        "Rows Removed by Filter": 1,
                                                        "Shared Hit Blocks": 3545,
                                                        "Shared Read Blocks": 371,
                                                        "Shared Dirtied Blocks": 0,
                                                        "Shared Written Blocks": 0,
                                                        "Local Hit Blocks": 0,
                                                        "Local Read Blocks": 0,
                                                        "Local Dirtied Blocks": 0,
                                                        "Local Written Blocks": 0,
                                                        "Temp Read Blocks": 0,
                                                        "Temp Written Blocks": 0,
                                                        "Workers": [
                                                          {
                                                            "Worker Number": 0,
                                                            "Actual Startup Time": 0.039,
                                                            "Actual Total Time": 0.039,
                                                            "Actual Rows": 0,
                                                            "Actual Loops": 752,
                                                            "Shared Hit Blocks": 2038,
                                                            "Shared Read Blocks": 219,
                                                            "Shared Dirtied Blocks": 0,
                                                            "Shared Written Blocks": 0,
                                                            "Local Hit Blocks": 0,
                                                            "Local Read Blocks": 0,
                                                            "Local Dirtied Blocks": 0,
                                                            "Local Written Blocks": 0,
                                                            "Temp Read Blocks": 0,
                                                            "Temp Written Blocks": 0
                                                          }
                                                        ]
                                                      }
                                                    ]
                                                  },
                                                  {
                                                    "Node Type": "Index Scan",
                                                    "Parent Relationship": "Inner",
                                                    "Parallel Aware": false,
                                                    "Async Capable": false,
                                                    "Scan Direction": "Forward",
                                                    "Index Name": "_dta_index_customer_6_949578421__k1_k5",
                                                    "Relation Name": "customer",
                                                    "Schema": "public",
                                                    "Alias": "customer_2",
                                                    "Startup Cost": 0.42,
                                                    "Total Cost": 0.65,
                                                    "Plan Rows": 1,
                                                    "Plan Width": 8,
                                                    "Actual Startup Time": 0.102,
                                                    "Actual Total Time": 0.102,
                                                    "Actual Rows": 0,
                                                    "Actual Loops": 426,
                                                    "Output": [
                                                      "customer_2.c_customer_sk",
                                                      "customer_2.c_customer_id",
                                                      "customer_2.c_current_cdemo_sk",
                                                      "customer_2.c_current_hdemo_sk",
                                                      "customer_2.c_current_addr_sk",
                                                      "customer_2.c_first_shipto_date_sk",
                                                      "customer_2.c_first_sales_date_sk",
                                                      "customer_2.c_salutation",
                                                      "customer_2.c_first_name",
                                                      "customer_2.c_last_name",
                                                      "customer_2.c_preferred_cust_flag",
                                                      "customer_2.c_birth_day",
                                                      "customer_2.c_birth_month",
                                                      "customer_2.c_birth_year",
                                                      "customer_2.c_birth_country",
                                                      "customer_2.c_login",
                                                      "customer_2.c_email_address",
                                                      "customer_2.c_last_review_date_sk"
                                                    ],
                                                    "Index Cond": "(customer_2.c_customer_sk = catalog_sales.cs_bill_customer_sk)",
                                                    "Rows Removed by Index Recheck": 0,
                                                    "Filter": "((customer_2.c_birth_year >= 1961) AND (customer_2.c_birth_year <= 1967))",
                                                    "Rows Removed by Filter": 1,
                                                    "Shared Hit Blocks": 1353,
                                                    "Shared Read Blocks": 348,
                                                    "Shared Dirtied Blocks": 0,
                                                    "Shared Written Blocks": 0,
                                                    "Local Hit Blocks": 0,
                                                    "Local Read Blocks": 0,
                                                    "Local Dirtied Blocks": 0,
                                                    "Local Written Blocks": 0,
                                                    "Temp Read Blocks": 0,
                                                    "Temp Written Blocks": 0,
                                                    "Workers": [
                                                      {
                                                        "Worker Number": 0,
                                                        "Actual Startup Time": 0.102,
                                                        "Actual Total Time": 0.102,
                                                        "Actual Rows": 0,
                                                        "Actual Loops": 239,
                                                        "Shared Hit Blocks": 761,
                                                        "Shared Read Blocks": 196,
                                                        "Shared Dirtied Blocks": 0,
                                                        "Shared Written Blocks": 0,
                                                        "Local Hit Blocks": 0,
                                                        "Local Read Blocks": 0,
                                                        "Local Dirtied Blocks": 0,
                                                        "Local Written Blocks": 0,
                                                        "Temp Read Blocks": 0,
                                                        "Temp Written Blocks": 0
                                                      }
                                                    ]
                                                  }
                                                ]
                                              }
                                            ]
                                          }
                                        ]
                                      }
                                    ]
                                  }
                                ]
                              }
                            ]
                          }
                        ]
                      }
                    ]
                  }
                ]
              }
            ]
          }
        ]
      },
      "Planning": {
        "Shared Hit Blocks": 68,
        "Shared Read Blocks": 56,
        "Shared Dirtied Blocks": 0,
        "Shared Written Blocks": 0,
        "Local Hit Blocks": 0,
        "Local Read Blocks": 0,
        "Local Dirtied Blocks": 0,
        "Local Written Blocks": 0,
        "Temp Read Blocks": 0,
        "Temp Written Blocks": 0
      },
      "Planning Time": 10.61,
      "Triggers": [],
      "Execution Time": 2287.966
    }
  ],
  "original_sql": "with ss_items as\n (select i_item_id item_id\n       ,c_birth_year birth_year\n        ,sum(ss_ext_sales_price) ss_item_rev\n from store_sales\n     ,item\n     ,date_dim\n     ,customer\n where ss_item_sk = i_item_sk\n   and d_date in (select d_date\n                  from date_dim\n                  where d_month_seq = (select d_month_seq\n                                      from date_dim\n                                      where d_date = '1999-05-02'))\n   and ss_sold_date_sk   = d_date_sk\n   and ss_list_price between 217 and 246\n   and i_manager_id BETWEEN 25 and 54\n   and ss_customer_sk = c_customer_sk\n   and c_birth_year BETWEEN 1961 AND 1967\ngroup by i_item_id, c_birth_year),\n cs_items as\n (select i_item_id item_id\n        ,c_birth_year birth_year\n        ,sum(cs_ext_sales_price) cs_item_rev\n  from catalog_sales\n      ,item\n      ,date_dim\n      ,customer\n where cs_item_sk = i_item_sk\n  and  d_date in (select d_date\n                  from date_dim\n                  where d_month_seq = (select d_month_seq\n                                      from date_dim\n                                      where d_date = '1999-05-02'))\n  and  cs_sold_date_sk = d_date_sk\n  and  cs_list_price between 217 and 246\n  and i_manager_id BETWEEN 25 and 54\n  and cs_bill_customer_sk = c_customer_sk\n  and c_birth_year BETWEEN 1961 AND 1967\ngroup by i_item_id, c_birth_year),\n ws_items as\n (select i_item_id item_id\n      ,c_birth_year birth_year\n        ,sum(ws_ext_sales_price) ws_item_rev\n  from web_sales\n      ,item\n      ,date_dim\n      ,customer\n where ws_item_sk = i_item_sk\n  and  d_date in (select d_date\n                  from date_dim\n                  where d_month_seq = (select d_month_seq\n                                     from date_dim\n                                     where d_date = '1999-05-02'))\n  and ws_sold_date_sk   = d_date_sk\n  and ws_list_price between 217 and 246\n  and i_manager_id BETWEEN 25 and 54\n  and ws_bill_customer_sk = c_customer_sk\n  and c_birth_year BETWEEN 1961 AND 1967\ngroup by i_item_id, c_birth_year)\n  select  ss_items.item_id, ss_items.birth_year\n       ,ss_item_rev\n       ,ss_item_rev/((ss_item_rev+cs_item_rev+ws_item_rev)/3) * 100 ss_dev\n       ,cs_item_rev\n       ,cs_item_rev/((ss_item_rev+cs_item_rev+ws_item_rev)/3) * 100 cs_dev\n       ,ws_item_rev\n       ,ws_item_rev/((ss_item_rev+cs_item_rev+ws_item_rev)/3) * 100 ws_dev\n       ,(ss_item_rev+cs_item_rev+ws_item_rev)/3 average\n from ss_items,cs_items,ws_items\n where ss_items.item_id=cs_items.item_id\n   and ss_items.item_id=ws_items.item_id\n   and ss_items.birth_year = cs_items.birth_year\n   and ss_items.birth_year = ws_items.birth_year\n   and ss_item_rev between 0.9 * cs_item_rev and 1.1 * cs_item_rev\n   and ss_item_rev between 0.9 * ws_item_rev and 1.1 * ws_item_rev\n   and cs_item_rev between 0.9 * ss_item_rev and 1.1 * ss_item_rev\n   and cs_item_rev between 0.9 * ws_item_rev and 1.1 * ws_item_rev\n   and ws_item_rev between 0.9 * ss_item_rev and 1.1 * ss_item_rev\n   and ws_item_rev between 0.9 * cs_item_rev and 1.1 * cs_item_rev\n order by item_id, birth_year\n         ,ss_item_rev\n limit 100"
}