{
  "query_id": "query018_agg",
  "engine": "postgresql",
  "benchmark": "dsb",
  "scale_factor": 10,
  "execution_time_ms": 8753.941,
  "planning_time_ms": 6.535,
  "plan_json": [
    {
      "Plan": {
        "Node Type": "Limit",
        "Parallel Aware": false,
        "Async Capable": false,
        "Startup Cost": 134921.02,
        "Total Cost": 134921.03,
        "Plan Rows": 5,
        "Plan Width": 240,
        "Actual Startup Time": 8751.543,
        "Actual Total Time": 8751.613,
        "Actual Rows": 5,
        "Actual Loops": 1,
        "Output": [
          "item.i_item_id",
          "customer_address.ca_country",
          "customer_address.ca_state",
          "customer_address.ca_county",
          "(avg((catalog_sales.cs_quantity)::numeric(12,2)))",
          "(avg((catalog_sales.cs_list_price)::numeric(12,2)))",
          "(avg((catalog_sales.cs_coupon_amt)::numeric(12,2)))",
          "(avg((catalog_sales.cs_sales_price)::numeric(12,2)))",
          "(avg((catalog_sales.cs_net_profit)::numeric(12,2)))",
          "(avg((customer.c_birth_year)::numeric(12,2)))"
        ],
        "Shared Hit Blocks": 263058,
        "Shared Read Blocks": 73994,
        "Shared Dirtied Blocks": 0,
        "Shared Written Blocks": 0,
        "Local Hit Blocks": 0,
        "Local Read Blocks": 0,
        "Local Dirtied Blocks": 0,
        "Local Written Blocks": 0,
        "Temp Read Blocks": 0,
        "Temp Written Blocks": 0,
        "Plans": [
          {
            "Node Type": "Sort",
            "Parent Relationship": "Outer",
            "Parallel Aware": false,
            "Async Capable": false,
            "Startup Cost": 134921.02,
            "Total Cost": 134921.03,
            "Plan Rows": 5,
            "Plan Width": 240,
            "Actual Startup Time": 8727.549,
            "Actual Total Time": 8727.618,
            "Actual Rows": 5,
            "Actual Loops": 1,
            "Output": [
              "item.i_item_id",
              "customer_address.ca_country",
              "customer_address.ca_state",
              "customer_address.ca_county",
              "(avg((catalog_sales.cs_quantity)::numeric(12,2)))",
              "(avg((catalog_sales.cs_list_price)::numeric(12,2)))",
              "(avg((catalog_sales.cs_coupon_amt)::numeric(12,2)))",
              "(avg((catalog_sales.cs_sales_price)::numeric(12,2)))",
              "(avg((catalog_sales.cs_net_profit)::numeric(12,2)))",
              "(avg((customer.c_birth_year)::numeric(12,2)))"
            ],
            "Sort Key": [
              "customer_address.ca_country",
              "customer_address.ca_state",
              "customer_address.ca_county",
              "item.i_item_id"
            ],
            "Sort Method": "quicksort",
            "Sort Space Used": 25,
            "Sort Space Type": "Memory",
            "Shared Hit Blocks": 263058,
            "Shared Read Blocks": 73994,
            "Shared Dirtied Blocks": 0,
            "Shared Written Blocks": 0,
            "Local Hit Blocks": 0,
            "Local Read Blocks": 0,
            "Local Dirtied Blocks": 0,
            "Local Written Blocks": 0,
            "Temp Read Blocks": 0,
            "Temp Written Blocks": 0,
            "Plans": [
              {
                "Node Type": "Aggregate",
                "Strategy": "Sorted",
                "Partial Mode": "Simple",
                "Parent Relationship": "Outer",
                "Parallel Aware": false,
                "Async Capable": false,
                "Startup Cost": 134920.8,
                "Total Cost": 134920.96,
                "Plan Rows": 5,
                "Plan Width": 240,
                "Actual Startup Time": 8727.525,
                "Actual Total Time": 8727.597,
                "Actual Rows": 5,
                "Actual Loops": 1,
                "Output": [
                  "item.i_item_id",
                  "customer_address.ca_country",
                  "customer_address.ca_state",
                  "customer_address.ca_county",
                  "avg((catalog_sales.cs_quantity)::numeric(12,2))",
                  "avg((catalog_sales.cs_list_price)::numeric(12,2))",
                  "avg((catalog_sales.cs_coupon_amt)::numeric(12,2))",
                  "avg((catalog_sales.cs_sales_price)::numeric(12,2))",
                  "avg((catalog_sales.cs_net_profit)::numeric(12,2))",
                  "avg((customer.c_birth_year)::numeric(12,2))"
                ],
                "Grouping Sets": [
                  {
                    "Group Keys": [
                      [
                        "item.i_item_id",
                        "customer_address.ca_country",
                        "customer_address.ca_state",
                        "customer_address.ca_county"
                      ],
                      [
                        "item.i_item_id",
                        "customer_address.ca_country",
                        "customer_address.ca_state"
                      ],
                      [
                        "item.i_item_id",
                        "customer_address.ca_country"
                      ],
                      [
                        "item.i_item_id"
                      ],
                      []
                    ]
                  }
                ],
                "Shared Hit Blocks": 263058,
                "Shared Read Blocks": 73994,
                "Shared Dirtied Blocks": 0,
                "Shared Written Blocks": 0,
                "Local Hit Blocks": 0,
                "Local Read Blocks": 0,
                "Local Dirtied Blocks": 0,
                "Local Written Blocks": 0,
                "Temp Read Blocks": 0,
                "Temp Written Blocks": 0,
                "Plans": [
                  {
                    "Node Type": "Sort",
                    "Parent Relationship": "Outer",
                    "Parallel Aware": false,
                    "Async Capable": false,
                    "Startup Cost": 134920.8,
                    "Total Cost": 134920.8,
                    "Plan Rows": 1,
                    "Plan Width": 77,
                    "Actual Startup Time": 8727.469,
                    "Actual Total Time": 8727.537,
                    "Actual Rows": 1,
                    "Actual Loops": 1,
                    "Output": [
                      "item.i_item_id",
                      "customer_address.ca_country",
                      "customer_address.ca_state",
                      "customer_address.ca_county",
                      "catalog_sales.cs_quantity",
                      "catalog_sales.cs_list_price",
                      "catalog_sales.cs_coupon_amt",
                      "catalog_sales.cs_sales_price",
                      "catalog_sales.cs_net_profit",
                      "customer.c_birth_year"
                    ],
                    "Sort Key": [
                      "item.i_item_id",
                      "customer_address.ca_country",
                      "customer_address.ca_state",
                      "customer_address.ca_county"
                    ],
                    "Sort Method": "quicksort",
                    "Sort Space Used": 25,
                    "Sort Space Type": "Memory",
                    "Shared Hit Blocks": 263058,
                    "Shared Read Blocks": 73994,
                    "Shared Dirtied Blocks": 0,
                    "Shared Written Blocks": 0,
                    "Local Hit Blocks": 0,
                    "Local Read Blocks": 0,
                    "Local Dirtied Blocks": 0,
                    "Local Written Blocks": 0,
                    "Temp Read Blocks": 0,
                    "Temp Written Blocks": 0,
                    "Plans": [
                      {
                        "Node Type": "Nested Loop",
                        "Parent Relationship": "Outer",
                        "Parallel Aware": false,
                        "Async Capable": false,
                        "Join Type": "Inner",
                        "Startup Cost": 1002.29,
                        "Total Cost": 134920.79,
                        "Plan Rows": 1,
                        "Plan Width": 77,
                        "Actual Startup Time": 4727.839,
                        "Actual Total Time": 8727.529,
                        "Actual Rows": 1,
                        "Actual Loops": 1,
                        "Output": [
                          "item.i_item_id",
                          "customer_address.ca_country",
                          "customer_address.ca_state",
                          "customer_address.ca_county",
                          "catalog_sales.cs_quantity",
                          "catalog_sales.cs_list_price",
                          "catalog_sales.cs_coupon_amt",
                          "catalog_sales.cs_sales_price",
                          "catalog_sales.cs_net_profit",
                          "customer.c_birth_year"
                        ],
                        "Inner Unique": true,
                        "Shared Hit Blocks": 263058,
                        "Shared Read Blocks": 73994,
                        "Shared Dirtied Blocks": 0,
                        "Shared Written Blocks": 0,
                        "Local Hit Blocks": 0,
                        "Local Read Blocks": 0,
                        "Local Dirtied Blocks": 0,
                        "Local Written Blocks": 0,
                        "Temp Read Blocks": 0,
                        "Temp Written Blocks": 0,
                        "Plans": [
                          {
                            "Node Type": "Gather",
                            "Parent Relationship": "Outer",
                            "Parallel Aware": false,
                            "Async Capable": false,
                            "Startup Cost": 1001.87,
                            "Total Cost": 134919.84,
                            "Plan Rows": 1,
                            "Plan Width": 50,
                            "Actual Startup Time": 1496.703,
                            "Actual Total Time": 8724.764,
                            "Actual Rows": 11,
                            "Actual Loops": 1,
                            "Output": [
                              "catalog_sales.cs_quantity",
                              "catalog_sales.cs_list_price",
                              "catalog_sales.cs_coupon_amt",
                              "catalog_sales.cs_sales_price",
                              "catalog_sales.cs_net_profit",
                              "customer.c_birth_year",
                              "customer.c_current_addr_sk",
                              "item.i_item_id"
                            ],
                            "Workers Planned": 2,
                            "Workers Launched": 2,
                            "Single Copy": false,
                            "Shared Hit Blocks": 263040,
                            "Shared Read Blocks": 73968,
                            "Shared Dirtied Blocks": 0,
                            "Shared Written Blocks": 0,
                            "Local Hit Blocks": 0,
                            "Local Read Blocks": 0,
                            "Local Dirtied Blocks": 0,
                            "Local Written Blocks": 0,
                            "Temp Read Blocks": 0,
                            "Temp Written Blocks": 0,
                            "Plans": [
                              {
                                "Node Type": "Nested Loop",
                                "Parent Relationship": "Outer",
                                "Parallel Aware": false,
                                "Async Capable": false,
                                "Join Type": "Inner",
                                "Startup Cost": 1.87,
                                "Total Cost": 133919.74,
                                "Plan Rows": 1,
                                "Plan Width": 50,
                                "Actual Startup Time": 983.068,
                                "Actual Total Time": 5523.247,
                                "Actual Rows": 4,
                                "Actual Loops": 3,
                                "Output": [
                                  "catalog_sales.cs_quantity",
                                  "catalog_sales.cs_list_price",
                                  "catalog_sales.cs_coupon_amt",
                                  "catalog_sales.cs_sales_price",
                                  "catalog_sales.cs_net_profit",
                                  "customer.c_birth_year",
                                  "customer.c_current_addr_sk",
                                  "item.i_item_id"
                                ],
                                "Inner Unique": true,
                                "Shared Hit Blocks": 263040,
                                "Shared Read Blocks": 73968,
                                "Shared Dirtied Blocks": 0,
                                "Shared Written Blocks": 0,
                                "Local Hit Blocks": 0,
                                "Local Read Blocks": 0,
                                "Local Dirtied Blocks": 0,
                                "Local Written Blocks": 0,
                                "Temp Read Blocks": 0,
                                "Temp Written Blocks": 0,
                                "Workers": [
                                  {
                                    "Worker Number": 0,
                                    "Actual Startup Time": 15.806,
                                    "Actual Total Time": 15.808,
                                    "Actual Rows": 0,
                                    "Actual Loops": 1,
                                    "JIT": {
                                      "Functions": 28,
                                      "Options": {
                                        "Inlining": false,
                                        "Optimization": false,
                                        "Expressions": true,
                                        "Deforming": true
                                      },
                                      "Timing": {
                                        "Generation": 3.499,
                                        "Inlining": 0.0,
                                        "Optimization": 0.0,
                                        "Emission": 0.0,
                                        "Total": 3.499
                                      }
                                    },
                                    "Shared Hit Blocks": 0,
                                    "Shared Read Blocks": 141,
                                    "Shared Dirtied Blocks": 0,
                                    "Shared Written Blocks": 0,
                                    "Local Hit Blocks": 0,
                                    "Local Read Blocks": 0,
                                    "Local Dirtied Blocks": 0,
                                    "Local Written Blocks": 0,
                                    "Temp Read Blocks": 0,
                                    "Temp Written Blocks": 0
                                  },
                                  {
                                    "Worker Number": 1,
                                    "Actual Startup Time": 1436.95,
                                    "Actual Total Time": 7829.502,
                                    "Actual Rows": 2,
                                    "Actual Loops": 1,
                                    "JIT": {
                                      "Functions": 28,
                                      "Options": {
                                        "Inlining": false,
                                        "Optimization": false,
                                        "Expressions": true,
                                        "Deforming": true
                                      },
                                      "Timing": {
                                        "Generation": 3.45,
                                        "Inlining": 0.0,
                                        "Optimization": 0.987,
                                        "Emission": 16.864,
                                        "Total": 21.301
                                      }
                                    },
                                    "Shared Hit Blocks": 104940,
                                    "Shared Read Blocks": 29624,
                                    "Shared Dirtied Blocks": 0,
                                    "Shared Written Blocks": 0,
                                    "Local Hit Blocks": 0,
                                    "Local Read Blocks": 0,
                                    "Local Dirtied Blocks": 0,
                                    "Local Written Blocks": 0,
                                    "Temp Read Blocks": 0,
                                    "Temp Written Blocks": 0
                                  }
                                ],
                                "Plans": [
                                  {
                                    "Node Type": "Nested Loop",
                                    "Parent Relationship": "Outer",
                                    "Parallel Aware": false,
                                    "Async Capable": false,
                                    "Join Type": "Inner",
                                    "Startup Cost": 1.44,
                                    "Total Cost": 133916.06,
                                    "Plan Rows": 6,
                                    "Plan Width": 54,
                                    "Actual Startup Time": 79.534,
                                    "Actual Total Time": 5495.234,
                                    "Actual Rows": 69,
                                    "Actual Loops": 3,
                                    "Output": [
                                      "catalog_sales.cs_quantity",
                                      "catalog_sales.cs_list_price",
                                      "catalog_sales.cs_coupon_amt",
                                      "catalog_sales.cs_sales_price",
                                      "catalog_sales.cs_net_profit",
                                      "catalog_sales.cs_bill_cdemo_sk",
                                      "customer.c_birth_year",
                                      "customer.c_current_addr_sk",
                                      "item.i_item_id"
                                    ],
                                    "Inner Unique": true,
                                    "Shared Hit Blocks": 262647,
                                    "Shared Read Blocks": 73540,
                                    "Shared Dirtied Blocks": 0,
                                    "Shared Written Blocks": 0,
                                    "Local Hit Blocks": 0,
                                    "Local Read Blocks": 0,
                                    "Local Dirtied Blocks": 0,
                                    "Local Written Blocks": 0,
                                    "Temp Read Blocks": 0,
                                    "Temp Written Blocks": 0,
                                    "Workers": [
                                      {
                                        "Worker Number": 0,
                                        "Actual Startup Time": 15.805,
                                        "Actual Total Time": 15.807,
                                        "Actual Rows": 0,
                                        "Actual Loops": 1,
                                        "Shared Hit Blocks": 0,
                                        "Shared Read Blocks": 141,
                                        "Shared Dirtied Blocks": 0,
                                        "Shared Written Blocks": 0,
                                        "Local Hit Blocks": 0,
                                        "Local Read Blocks": 0,
                                        "Local Dirtied Blocks": 0,
                                        "Local Written Blocks": 0,
                                        "Temp Read Blocks": 0,
                                        "Temp Written Blocks": 0
                                      },
                                      {
                                        "Worker Number": 1,
                                        "Actual Startup Time": 93.134,
                                        "Actual Total Time": 7802.721,
                                        "Actual Rows": 67,
                                        "Actual Loops": 1,
                                        "Shared Hit Blocks": 104806,
                                        "Shared Read Blocks": 29489,
                                        "Shared Dirtied Blocks": 0,
                                        "Shared Written Blocks": 0,
                                        "Local Hit Blocks": 0,
                                        "Local Read Blocks": 0,
                                        "Local Dirtied Blocks": 0,
                                        "Local Written Blocks": 0,
                                        "Temp Read Blocks": 0,
                                        "Temp Written Blocks": 0
                                      }
                                    ],
                                    "Plans": [
                                      {
                                        "Node Type": "Nested Loop",
                                        "Parent Relationship": "Outer",
                                        "Parallel Aware": false,
                                        "Async Capable": false,
                                        "Join Type": "Inner",
                                        "Startup Cost": 1.02,
                                        "Total Cost": 133883.48,
                                        "Plan Rows": 61,
                                        "Plan Width": 50,
                                        "Actual Startup Time": 46.283,
                                        "Actual Total Time": 5281.97,
                                        "Actual Rows": 655,
                                        "Actual Loops": 3,
                                        "Output": [
                                          "catalog_sales.cs_quantity",
                                          "catalog_sales.cs_list_price",
                                          "catalog_sales.cs_coupon_amt",
                                          "catalog_sales.cs_sales_price",
                                          "catalog_sales.cs_net_profit",
                                          "catalog_sales.cs_bill_cdemo_sk",
                                          "catalog_sales.cs_bill_customer_sk",
                                          "item.i_item_id"
                                        ],
                                        "Inner Unique": true,
                                        "Shared Hit Blocks": 258237,
                                        "Shared Read Blocks": 70101,
                                        "Shared Dirtied Blocks": 0,
                                        "Shared Written Blocks": 0,
                                        "Local Hit Blocks": 0,
                                        "Local Read Blocks": 0,
                                        "Local Dirtied Blocks": 0,
                                        "Local Written Blocks": 0,
                                        "Temp Read Blocks": 0,
                                        "Temp Written Blocks": 0,
                                        "Workers": [
                                          {
                                            "Worker Number": 0,
                                            "Actual Startup Time": 15.805,
                                            "Actual Total Time": 15.806,
                                            "Actual Rows": 0,
                                            "Actual Loops": 1,
                                            "Shared Hit Blocks": 0,
                                            "Shared Read Blocks": 141,
                                            "Shared Dirtied Blocks": 0,
                                            "Shared Written Blocks": 0,
                                            "Local Hit Blocks": 0,
                                            "Local Read Blocks": 0,
                                            "Local Dirtied Blocks": 0,
                                            "Local Written Blocks": 0,
                                            "Temp Read Blocks": 0,
                                            "Temp Written Blocks": 0
                                          },
                                          {
                                            "Worker Number": 1,
                                            "Actual Startup Time": 90.251,
                                            "Actual Total Time": 7557.443,
                                            "Actual Rows": 743,
                                            "Actual Loops": 1,
                                            "Shared Hit Blocks": 103149,
                                            "Shared Read Blocks": 28181,
                                            "Shared Dirtied Blocks": 0,
                                            "Shared Written Blocks": 0,
                                            "Local Hit Blocks": 0,
                                            "Local Read Blocks": 0,
                                            "Local Dirtied Blocks": 0,
                                            "Local Written Blocks": 0,
                                            "Temp Read Blocks": 0,
                                            "Temp Written Blocks": 0
                                          }
                                        ],
                                        "Plans": [
                                          {
                                            "Node Type": "Nested Loop",
                                            "Parent Relationship": "Outer",
                                            "Parallel Aware": false,
                                            "Async Capable": false,
                                            "Join Type": "Inner",
                                            "Startup Cost": 0.73,
                                            "Total Cost": 133392.19,
                                            "Plan Rows": 1378,
                                            "Plan Width": 37,
                                            "Actual Startup Time": 17.169,
                                            "Actual Total Time": 4664.18,
                                            "Actual Rows": 30177,
                                            "Actual Loops": 3,
                                            "Output": [
                                              "catalog_sales.cs_quantity",
                                              "catalog_sales.cs_list_price",
                                              "catalog_sales.cs_coupon_amt",
                                              "catalog_sales.cs_sales_price",
                                              "catalog_sales.cs_net_profit",
                                              "catalog_sales.cs_item_sk",
                                              "catalog_sales.cs_bill_cdemo_sk",
                                              "catalog_sales.cs_bill_customer_sk"
                                            ],
                                            "Inner Unique": false,
                                            "Shared Hit Blocks": 1490,
                                            "Shared Read Blocks": 55251,
                                            "Shared Dirtied Blocks": 0,
                                            "Shared Written Blocks": 0,
                                            "Local Hit Blocks": 0,
                                            "Local Read Blocks": 0,
                                            "Local Dirtied Blocks": 0,
                                            "Local Written Blocks": 0,
                                            "Temp Read Blocks": 0,
                                            "Temp Written Blocks": 0,
                                            "Workers": [
                                              {
                                                "Worker Number": 0,
                                                "Actual Startup Time": 15.804,
                                                "Actual Total Time": 15.805,
                                                "Actual Rows": 0,
                                                "Actual Loops": 1,
                                                "Shared Hit Blocks": 0,
                                                "Shared Read Blocks": 141,
                                                "Shared Dirtied Blocks": 0,
                                                "Shared Written Blocks": 0,
                                                "Local Hit Blocks": 0,
                                                "Local Read Blocks": 0,
                                                "Local Dirtied Blocks": 0,
                                                "Local Written Blocks": 0,
                                                "Temp Read Blocks": 0,
                                                "Temp Written Blocks": 0
                                              },
                                              {
                                                "Worker Number": 1,
                                                "Actual Startup Time": 20.357,
                                                "Actual Total Time": 6780.042,
                                                "Actual Rows": 36237,
                                                "Actual Loops": 1,
                                                "Shared Hit Blocks": 561,
                                                "Shared Read Blocks": 22057,
                                                "Shared Dirtied Blocks": 0,
                                                "Shared Written Blocks": 0,
                                                "Local Hit Blocks": 0,
                                                "Local Read Blocks": 0,
                                                "Local Dirtied Blocks": 0,
                                                "Local Written Blocks": 0,
                                                "Temp Read Blocks": 0,
                                                "Temp Written Blocks": 0
                                              }
                                            ],
                                            "Plans": [
                                              {
                                                "Node Type": "Index Only Scan",
                                                "Parent Relationship": "Outer",
                                                "Parallel Aware": true,
                                                "Async Capable": false,
                                                "Scan Direction": "Forward",
                                                "Index Name": "_dta_index_date_dim_6_661577395__k1_k7_k9",
                                                "Relation Name": "date_dim",
                                                "Schema": "public",
                                                "Alias": "date_dim",
                                                "Startup Cost": 0.29,
                                                "Total Cost": 1688.68,
                                                "Plan Rows": 152,
                                                "Plan Width": 4,
                                                "Actual Startup Time": 10.607,
                                                "Actual Total Time": 10.791,
                                                "Actual Rows": 122,
                                                "Actual Loops": 3,
                                                "Output": [
                                                  "date_dim.d_date_sk",
                                                  "date_dim.d_year",
                                                  "date_dim.d_moy"
                                                ],
                                                "Index Cond": "(date_dim.d_year = 1998)",
                                                "Rows Removed by Index Recheck": 0,
                                                "Heap Fetches": 0,
                                                "Shared Hit Blocks": 2,
                                                "Shared Read Blocks": 281,
                                                "Shared Dirtied Blocks": 0,
                                                "Shared Written Blocks": 0,
                                                "Local Hit Blocks": 0,
                                                "Local Read Blocks": 0,
                                                "Local Dirtied Blocks": 0,
                                                "Local Written Blocks": 0,
                                                "Temp Read Blocks": 0,
                                                "Temp Written Blocks": 0,
                                                "Workers": [
                                                  {
                                                    "Worker Number": 0,
                                                    "Actual Startup Time": 15.803,
                                                    "Actual Total Time": 15.804,
                                                    "Actual Rows": 0,
                                                    "Actual Loops": 1,
                                                    "Shared Hit Blocks": 0,
                                                    "Shared Read Blocks": 141,
                                                    "Shared Dirtied Blocks": 0,
                                                    "Shared Written Blocks": 0,
                                                    "Local Hit Blocks": 0,
                                                    "Local Read Blocks": 0,
                                                    "Local Dirtied Blocks": 0,
                                                    "Local Written Blocks": 0,
                                                    "Temp Read Blocks": 0,
                                                    "Temp Written Blocks": 0
                                                  },
                                                  {
                                                    "Worker Number": 1,
                                                    "Actual Startup Time": 0.721,
                                                    "Actual Total Time": 0.901,
                                                    "Actual Rows": 140,
                                                    "Actual Loops": 1,
                                                    "Shared Hit Blocks": 1,
                                                    "Shared Read Blocks": 1,
                                                    "Shared Dirtied Blocks": 0,
                                                    "Shared Written Blocks": 0,
                                                    "Local Hit Blocks": 0,
                                                    "Local Read Blocks": 0,
                                                    "Local Dirtied Blocks": 0,
                                                    "Local Written Blocks": 0,
                                                    "Temp Read Blocks": 0,
                                                    "Temp Written Blocks": 0
                                                  }
                                                ]
                                              },
                                              {
                                                "Node Type": "Index Scan",
                                                "Parent Relationship": "Inner",
                                                "Parallel Aware": false,
                                                "Async Capable": false,
                                                "Scan Direction": "Forward",
                                                "Index Name": "_dta_index_catalog_sales_6_1301579675__k1_4",
                                                "Relation Name": "catalog_sales",
                                                "Schema": "public",
                                                "Alias": "catalog_sales",
                                                "Startup Cost": 0.43,
                                                "Total Cost": 863.34,
                                                "Plan Rows": 313,
                                                "Plan Width": 41,
                                                "Actual Startup Time": 0.148,
                                                "Actual Total Time": 38.064,
                                                "Actual Rows": 248,
                                                "Actual Loops": 365,
                                                "Output": [
                                                  "catalog_sales.cs_sold_date_sk",
                                                  "catalog_sales.cs_sold_time_sk",
                                                  "catalog_sales.cs_ship_date_sk",
                                                  "catalog_sales.cs_bill_customer_sk",
                                                  "catalog_sales.cs_bill_cdemo_sk",
                                                  "catalog_sales.cs_bill_hdemo_sk",
                                                  "catalog_sales.cs_bill_addr_sk",
                                                  "catalog_sales.cs_ship_customer_sk",
                                                  "catalog_sales.cs_ship_cdemo_sk",
                                                  "catalog_sales.cs_ship_hdemo_sk",
                                                  "catalog_sales.cs_ship_addr_sk",
                                                  "catalog_sales.cs_call_center_sk",
                                                  "catalog_sales.cs_catalog_page_sk",
                                                  "catalog_sales.cs_ship_mode_sk",
                                                  "catalog_sales.cs_warehouse_sk",
                                                  "catalog_sales.cs_item_sk",
                                                  "catalog_sales.cs_promo_sk",
                                                  "catalog_sales.cs_order_number",
                                                  "catalog_sales.cs_quantity",
                                                  "catalog_sales.cs_wholesale_cost",
                                                  "catalog_sales.cs_list_price",
                                                  "catalog_sales.cs_sales_price",
                                                  "catalog_sales.cs_ext_discount_amt",
                                                  "catalog_sales.cs_ext_sales_price",
                                                  "catalog_sales.cs_ext_wholesale_cost",
                                                  "catalog_sales.cs_ext_list_price",
                                                  "catalog_sales.cs_ext_tax",
                                                  "catalog_sales.cs_coupon_amt",
                                                  "catalog_sales.cs_ext_ship_cost",
                                                  "catalog_sales.cs_net_paid",
                                                  "catalog_sales.cs_net_paid_inc_tax",
                                                  "catalog_sales.cs_net_paid_inc_ship",
                                                  "catalog_sales.cs_net_paid_inc_ship_tax",
                                                  "catalog_sales.cs_net_profit"
                                                ],
                                                "Index Cond": "(catalog_sales.cs_sold_date_sk = date_dim.d_date_sk)",
                                                "Rows Removed by Index Recheck": 0,
                                                "Filter": "((catalog_sales.cs_wholesale_cost >= '52'::numeric) AND (catalog_sales.cs_wholesale_cost <= '57'::numeric))",
                                                "Rows Removed by Filter": 5030,
                                                "Shared Hit Blocks": 1488,
                                                "Shared Read Blocks": 54970,
                                                "Shared Dirtied Blocks": 0,
                                                "Shared Written Blocks": 0,
                                                "Local Hit Blocks": 0,
                                                "Local Read Blocks": 0,
                                                "Local Dirtied Blocks": 0,
                                                "Local Written Blocks": 0,
                                                "Temp Read Blocks": 0,
                                                "Temp Written Blocks": 0,
                                                "Workers": [
                                                  {
                                                    "Worker Number": 1,
                                                    "Actual Startup Time": 0.195,
                                                    "Actual Total Time": 48.157,
                                                    "Actual Rows": 259,
                                                    "Actual Loops": 140,
                                                    "Shared Hit Blocks": 560,
                                                    "Shared Read Blocks": 22056,
                                                    "Shared Dirtied Blocks": 0,
                                                    "Shared Written Blocks": 0,
                                                    "Local Hit Blocks": 0,
                                                    "Local Read Blocks": 0,
                                                    "Local Dirtied Blocks": 0,
                                                    "Local Written Blocks": 0,
                                                    "Temp Read Blocks": 0,
                                                    "Temp Written Blocks": 0
                                                  }
                                                ]
                                              }
                                            ]
                                          },
                                          {
                                            "Node Type": "Index Scan",
                                            "Parent Relationship": "Inner",
                                            "Parallel Aware": false,
                                            "Async Capable": false,
                                            "Scan Direction": "Forward",
                                            "Index Name": "item_pkey",
                                            "Relation Name": "item",
                                            "Schema": "public",
                                            "Alias": "item",
                                            "Startup Cost": 0.29,
                                            "Total Cost": 0.36,
                                            "Plan Rows": 1,
                                            "Plan Width": 21,
                                            "Actual Startup Time": 0.02,
                                            "Actual Total Time": 0.02,
                                            "Actual Rows": 0,
                                            "Actual Loops": 90532,
                                            "Output": [
                                              "item.i_item_sk",
                                              "item.i_item_id",
                                              "item.i_rec_start_date",
                                              "item.i_rec_end_date",
                                              "item.i_item_desc",
                                              "item.i_current_price",
                                              "item.i_wholesale_cost",
                                              "item.i_brand_id",
                                              "item.i_brand",
                                              "item.i_class_id",
                                              "item.i_class",
                                              "item.i_category_id",
                                              "item.i_category",
                                              "item.i_manufact_id",
                                              "item.i_manufact",
                                              "item.i_size",
                                              "item.i_formulation",
                                              "item.i_color",
                                              "item.i_units",
                                              "item.i_container",
                                              "item.i_manager_id",
                                              "item.i_product_name"
                                            ],
                                            "Index Cond": "(item.i_item_sk = catalog_sales.cs_item_sk)",
                                            "Rows Removed by Index Recheck": 0,
                                            "Filter": "(item.i_category = 'Jewelry'::bpchar)",
                                            "Rows Removed by Filter": 1,
                                            "Shared Hit Blocks": 256747,
                                            "Shared Read Blocks": 14850,
                                            "Shared Dirtied Blocks": 0,
                                            "Shared Written Blocks": 0,
                                            "Local Hit Blocks": 0,
                                            "Local Read Blocks": 0,
                                            "Local Dirtied Blocks": 0,
                                            "Local Written Blocks": 0,
                                            "Temp Read Blocks": 0,
                                            "Temp Written Blocks": 0,
                                            "Workers": [
                                              {
                                                "Worker Number": 1,
                                                "Actual Startup Time": 0.021,
                                                "Actual Total Time": 0.021,
                                                "Actual Rows": 0,
                                                "Actual Loops": 36237,
                                                "Shared Hit Blocks": 102588,
                                                "Shared Read Blocks": 6124,
                                                "Shared Dirtied Blocks": 0,
                                                "Shared Written Blocks": 0,
                                                "Local Hit Blocks": 0,
                                                "Local Read Blocks": 0,
                                                "Local Dirtied Blocks": 0,
                                                "Local Written Blocks": 0,
                                                "Temp Read Blocks": 0,
                                                "Temp Written Blocks": 0
                                              }
                                            ]
                                          }
                                        ]
                                      },
                                      {
                                        "Node Type": "Index Scan",
                                        "Parent Relationship": "Inner",
                                        "Parallel Aware": false,
                                        "Async Capable": false,
                                        "Scan Direction": "Forward",
                                        "Index Name": "_dta_index_customer_6_949578421__k1_k5",
                                        "Relation Name": "customer",
                                        "Schema": "public",
                                        "Alias": "customer",
                                        "Startup Cost": 0.42,
                                        "Total Cost": 0.53,
                                        "Plan Rows": 1,
                                        "Plan Width": 12,
                                        "Actual Startup Time": 0.324,
                                        "Actual Total Time": 0.324,
                                        "Actual Rows": 0,
                                        "Actual Loops": 1965,
                                        "Output": [
                                          "customer.c_customer_sk",
                                          "customer.c_customer_id",
                                          "customer.c_current_cdemo_sk",
                                          "customer.c_current_hdemo_sk",
                                          "customer.c_current_addr_sk",
                                          "customer.c_first_shipto_date_sk",
                                          "customer.c_first_sales_date_sk",
                                          "customer.c_salutation",
                                          "customer.c_first_name",
                                          "customer.c_last_name",
                                          "customer.c_preferred_cust_flag",
                                          "customer.c_birth_day",
                                          "customer.c_birth_month",
                                          "customer.c_birth_year",
                                          "customer.c_birth_country",
                                          "customer.c_login",
                                          "customer.c_email_address",
                                          "customer.c_last_review_date_sk"
                                        ],
                                        "Index Cond": "(customer.c_customer_sk = catalog_sales.cs_bill_customer_sk)",
                                        "Rows Removed by Index Recheck": 0,
                                        "Filter": "(customer.c_birth_month = 1)",
                                        "Rows Removed by Filter": 1,
                                        "Shared Hit Blocks": 4410,
                                        "Shared Read Blocks": 3439,
                                        "Shared Dirtied Blocks": 0,
                                        "Shared Written Blocks": 0,
                                        "Local Hit Blocks": 0,
                                        "Local Read Blocks": 0,
                                        "Local Dirtied Blocks": 0,
                                        "Local Written Blocks": 0,
                                        "Temp Read Blocks": 0,
                                        "Temp Written Blocks": 0,
                                        "Workers": [
                                          {
                                            "Worker Number": 1,
                                            "Actual Startup Time": 0.329,
                                            "Actual Total Time": 0.329,
                                            "Actual Rows": 0,
                                            "Actual Loops": 743,
                                            "Shared Hit Blocks": 1657,
                                            "Shared Read Blocks": 1308,
                                            "Shared Dirtied Blocks": 0,
                                            "Shared Written Blocks": 0,
                                            "Local Hit Blocks": 0,
                                            "Local Read Blocks": 0,
                                            "Local Dirtied Blocks": 0,
                                            "Local Written Blocks": 0,
                                            "Temp Read Blocks": 0,
                                            "Temp Written Blocks": 0
                                          }
                                        ]
                                      }
                                    ]
                                  },
                                  {
                                    "Node Type": "Index Scan",
                                    "Parent Relationship": "Inner",
                                    "Parallel Aware": false,
                                    "Async Capable": false,
                                    "Scan Direction": "Forward",
                                    "Index Name": "customer_demographics_pkey",
                                    "Relation Name": "customer_demographics",
                                    "Schema": "public",
                                    "Alias": "customer_demographics",
                                    "Startup Cost": 0.43,
                                    "Total Cost": 0.61,
                                    "Plan Rows": 1,
                                    "Plan Width": 4,
                                    "Actual Startup Time": 0.405,
                                    "Actual Total Time": 0.405,
                                    "Actual Rows": 0,
                                    "Actual Loops": 206,
                                    "Output": [
                                      "customer_demographics.cd_demo_sk",
                                      "customer_demographics.cd_gender",
                                      "customer_demographics.cd_marital_status",
                                      "customer_demographics.cd_education_status",
                                      "customer_demographics.cd_purchase_estimate",
                                      "customer_demographics.cd_credit_rating",
                                      "customer_demographics.cd_dep_count",
                                      "customer_demographics.cd_dep_employed_count",
                                      "customer_demographics.cd_dep_college_count"
                                    ],
                                    "Index Cond": "(customer_demographics.cd_demo_sk = catalog_sales.cs_bill_cdemo_sk)",
                                    "Rows Removed by Index Recheck": 0,
                                    "Filter": "((customer_demographics.cd_gender = 'F'::bpchar) AND (customer_demographics.cd_education_status = 'College'::bpchar))",
                                    "Rows Removed by Filter": 1,
                                    "Shared Hit Blocks": 393,
                                    "Shared Read Blocks": 428,
                                    "Shared Dirtied Blocks": 0,
                                    "Shared Written Blocks": 0,
                                    "Local Hit Blocks": 0,
                                    "Local Read Blocks": 0,
                                    "Local Dirtied Blocks": 0,
                                    "Local Written Blocks": 0,
                                    "Temp Read Blocks": 0,
                                    "Temp Written Blocks": 0,
                                    "Workers": [
                                      {
                                        "Worker Number": 1,
                                        "Actual Startup Time": 0.397,
                                        "Actual Total Time": 0.397,
                                        "Actual Rows": 0,
                                        "Actual Loops": 67,
                                        "Shared Hit Blocks": 134,
                                        "Shared Read Blocks": 135,
                                        "Shared Dirtied Blocks": 0,
                                        "Shared Written Blocks": 0,
                                        "Local Hit Blocks": 0,
                                        "Local Read Blocks": 0,
                                        "Local Dirtied Blocks": 0,
                                        "Local Written Blocks": 0,
                                        "Temp Read Blocks": 0,
                                        "Temp Written Blocks": 0
                                      }
                                    ]
                                  }
                                ]
                              }
                            ]
                          },
                          {
                            "Node Type": "Index Scan",
                            "Parent Relationship": "Inner",
                            "Parallel Aware": false,
                            "Async Capable": false,
                            "Scan Direction": "Forward",
                            "Index Name": "customer_address_pkey",
                            "Relation Name": "customer_address",
                            "Schema": "public",
                            "Alias": "customer_address",
                            "Startup Cost": 0.42,
                            "Total Cost": 0.95,
                            "Plan Rows": 1,
                            "Plan Width": 35,
                            "Actual Startup Time": 0.246,
                            "Actual Total Time": 0.246,
                            "Actual Rows": 0,
                            "Actual Loops": 11,
                            "Output": [
                              "customer_address.ca_address_sk",
                              "customer_address.ca_address_id",
                              "customer_address.ca_street_number",
                              "customer_address.ca_street_name",
                              "customer_address.ca_street_type",
                              "customer_address.ca_suite_number",
                              "customer_address.ca_city",
                              "customer_address.ca_county",
                              "customer_address.ca_state",
                              "customer_address.ca_zip",
                              "customer_address.ca_country",
                              "customer_address.ca_gmt_offset",
                              "customer_address.ca_location_type"
                            ],
                            "Index Cond": "(customer_address.ca_address_sk = customer.c_current_addr_sk)",
                            "Rows Removed by Index Recheck": 0,
                            "Filter": "(customer_address.ca_state = ANY ('{GA,LA,SD}'::bpchar[]))",
                            "Rows Removed by Filter": 1,
                            "Shared Hit Blocks": 18,
                            "Shared Read Blocks": 26,
                            "Shared Dirtied Blocks": 0,
                            "Shared Written Blocks": 0,
                            "Local Hit Blocks": 0,
                            "Local Read Blocks": 0,
                            "Local Dirtied Blocks": 0,
                            "Local Written Blocks": 0,
                            "Temp Read Blocks": 0,
                            "Temp Written Blocks": 0
                          }
                        ]
                      }
                    ]
                  }
                ]
              }
            ]
          }
        ]
      },
      "Planning": {
        "Shared Hit Blocks": 22,
        "Shared Read Blocks": 45,
        "Shared Dirtied Blocks": 0,
        "Shared Written Blocks": 0,
        "Local Hit Blocks": 0,
        "Local Read Blocks": 0,
        "Local Dirtied Blocks": 0,
        "Local Written Blocks": 0,
        "Temp Read Blocks": 0,
        "Temp Written Blocks": 0
      },
      "Planning Time": 6.535,
      "Triggers": [],
      "JIT": {
        "Functions": 100,
        "Options": {
          "Inlining": false,
          "Optimization": false,
          "Expressions": true,
          "Deforming": true
        },
        "Timing": {
          "Generation": 9.097,
          "Inlining": 0.0,
          "Optimization": 2.523,
          "Emission": 39.503,
          "Total": 51.123
        }
      },
      "Execution Time": 8753.941
    }
  ],
  "original_sql": "select  i_item_id,\n        ca_country,\n        ca_state,\n        ca_county,\n        avg( cast(cs_quantity as decimal(12,2))) agg1,\n        avg( cast(cs_list_price as decimal(12,2))) agg2,\n        avg( cast(cs_coupon_amt as decimal(12,2))) agg3,\n        avg( cast(cs_sales_price as decimal(12,2))) agg4,\n        avg( cast(cs_net_profit as decimal(12,2))) agg5,\n        avg( cast(c_birth_year as decimal(12,2))) agg6\nfrom catalog_sales, customer_demographics, customer, customer_address, date_dim, item\nwhere cs_sold_date_sk = d_date_sk and\n      cs_item_sk = i_item_sk and\n      cs_bill_cdemo_sk = cd_demo_sk and\n      cs_bill_customer_sk = c_customer_sk and\n      cd_gender = 'F' and\n      cd_education_status = 'College' and\n      c_current_addr_sk = ca_address_sk and\n      d_year = 1998 and\n      c_birth_month = 1 and\n      ca_state in ('GA', 'LA', 'SD')\n      and cs_wholesale_cost BETWEEN 52 AND 57\n      AND i_category = 'Jewelry'\n group by rollup (i_item_id, ca_country, ca_state, ca_county)\n order by ca_country,\n        ca_state,\n        ca_county,\n\ti_item_id\n limit 100"
}