{
  "iteration": 0,
  "n_api_calls": 3,
  "beam_cost_usd": 0.0,
  "beam_cost_priced_calls": 0,
  "beam_cost_unpriced_calls": 0,
  "beam_token_totals": {
    "prompt_tokens": 0,
    "completion_tokens": 0,
    "total_tokens": 0,
    "prompt_cache_hit_tokens": 0,
    "prompt_cache_miss_tokens": 0,
    "cached_tokens": 0,
    "reasoning_tokens": 0
  },
  "best_speedup": 1.78,
  "best_patch_id": "compile_p1",
  "best_sql": "WITH revenue_by_store_item AS (\n    SELECT ss_store_sk, ss_item_sk, SUM(ss_sales_price) AS revenue\n    FROM store_sales\n    JOIN date_dim ON ss_sold_date_sk = d_date_sk\n    WHERE d_month_seq BETWEEN 1215 AND 1215+11\n      AND ss_sales_price / ss_list_price BETWEEN 79 * 0.01 AND 89 * 0.01\n    GROUP BY ss_store_sk, ss_item_sk\n),\nstore_average AS (\n    SELECT ss_store_sk, AVG(revenue) AS ave\n    FROM revenue_by_store_item\n    GROUP BY ss_store_sk\n)\nSELECT s.s_store_name, i.i_item_desc, r.revenue, i.i_current_price, i.i_wholesale_cost, i.i_brand\nFROM store s\nJOIN revenue_by_store_item r ON s.s_store_sk = r.ss_store_sk\nJOIN store_average sa ON r.ss_store_sk = sa.ss_store_sk\nJOIN item i ON i.i_item_sk = r.ss_item_sk\nWHERE s.s_state IN ('KS','OH','SD')\n  AND i.i_manager_id BETWEEN 10 AND 14\n  AND r.revenue <= 0.1 * sa.ave\nORDER BY s.s_store_name, i.i_item_desc\nLIMIT 100;",
  "patches": [
    {
      "patch_id": "p01",
      "family": "E",
      "transform": "pg_self_join_decomposition",
      "relevance_score": 0.85,
      "status": "ERROR",
      "speedup": 0.0,
      "semantic_passed": true,
      "correctness_verified": false,
      "error": "column sb.ss_item_sk does not exist\nLINE 1: ...s_item_sk), sb_sc_join AS (SELECT sb.ss_store_sk, sb.ss_item...\n                                                             ^\nHINT:  Perhaps you meant to reference the column \"sc.ss_item_sk\".\n",
      "original_ms": null,
      "patch_ms": null,
      "output_sql": "WITH shared_revenue AS (SELECT ss.ss_store_sk, ss.ss_item_sk, sum(ss.ss_sales_price) as revenue FROM store_sales ss JOIN date_dim d ON ss.ss_sold_date_sk = d.d_date_sk WHERE d.d_month_seq BETWEEN 1215 AND 1215+11 AND ss.ss_sales_price / ss.ss_list_price BETWEEN 79*0.01 AND 89*0.01 GROUP BY ss.ss_store_sk, ss.ss_item_sk), sb_sc_join AS (SELECT sb.ss_store_sk, sb.ss_item_sk, sb.revenue, sb.ave FROM (SELECT ss_store_sk, avg(revenue) as ave FROM shared_revenue GROUP BY ss_store_sk) sb JOIN (SELECT ss_store_sk, ss_item_sk, revenue FROM shared_revenue) sc ON sb.ss_store_sk = sc.ss_store_sk WHERE sc.revenue <= 0.1 * sb.ave) SELECT s.s_store_name, i.i_item_desc, sc.revenue, i.i_current_price, i.i_wholesale_cost, i.i_brand FROM store s, item i, sb_sc_join WHERE sb_sc_join.ss_store_sk = sc.ss_store_sk AND sc.revenue <= 0.1 * sb.ave AND s.s_store_sk = sc.ss_store_sk AND i.i_item_sk = sc.ss_item_sk AND i.i_manager_id BETWEEN 10 AND 14 AND s.s_state IN ('KS','OH','SD') ORDER BY s.s_store_name, i.i_item_desc LIMIT 100;",
      "has_explain": false,
      "description": "[scout:qwen/qwen3-coder] Replace the two identical subqueries (sb and sc) with a single CTE that computes both store-level average and store+item revenue in one pass, then join the CTE to itself to reconstruct sb and sc."
    },
    {
      "patch_id": "p03",
      "family": "F",
      "transform": "date_cte_explicit_join",
      "relevance_score": 0.7,
      "status": "NEUTRAL",
      "speedup": 0.99,
      "semantic_passed": true,
      "correctness_verified": true,
      "error": null,
      "original_ms": 1697.2,
      "patch_ms": 1716.0,
      "output_sql": "WITH date_filtered AS (SELECT d_date_sk FROM date_dim WHERE d_month_seq BETWEEN 1215 AND 1215 + 11), sa AS (SELECT ss_store_sk, ss_item_sk, SUM(ss_sales_price) AS revenue FROM store_sales JOIN date_filtered ON ss_sold_date_sk = d_date_sk WHERE ss_sales_price / ss_list_price BETWEEN 79 * 0.01 AND 89 * 0.01 GROUP BY ss_store_sk, ss_item_sk), sc AS (SELECT ss_store_sk, ss_item_sk, SUM(ss_sales_price) AS revenue FROM store_sales JOIN date_filtered ON ss_sold_date_sk = d_date_sk WHERE ss_sales_price / ss_list_price BETWEEN 79 * 0.01 AND 89 * 0.01 GROUP BY ss_store_sk, ss_item_sk), sb AS (SELECT ss_store_sk, AVG(revenue) AS ave FROM sa GROUP BY ss_store_sk) select \n\ts_store_name,\n\ti_item_desc,\n\tsc.revenue,\n\ti_current_price,\n\ti_wholesale_cost,\n\ti_brand\n from store, item,\n     (select ss_store_sk, avg(revenue) as ave\n \tfrom\n \t    (select  ss_store_sk, ss_item_sk,\n \t\t     sum(ss_sales_price) as revenue\n \t\tfrom store_sales, date_dim\n \t\twhere ss_sold_date_sk = d_date_sk and d_month_seq between 1215 and 1215+11\n    and ss_sales_price / ss_list_price BETWEEN 79 * 0.01 AND 89 * 0.01\n \t\tgroup by ss_store_sk, ss_item_sk) sa\n \tgroup by ss_store_sk) sb,\n     (select  ss_store_sk, ss_item_sk, sum(ss_sales_price) as revenue\n \tfrom store_sales, date_dim\n \twhere ss_sold_date_sk = d_date_sk and d_month_seq between 1215 and 1215+11\n  and ss_sales_price / ss_list_price BETWEEN 79 * 0.01 AND 89 * 0.01\n \tgroup by ss_store_sk, ss_item_sk) sc\n where sb.ss_store_sk = sc.ss_store_sk and\n       sc.revenue <= 0.1 * sb.ave and\n       s_store_sk = sc.ss_store_sk and\n       i_item_sk = sc.ss_item_sk\n       and i_manager_id BETWEEN 10 and 14\n       and s_state in ('KS','OH','SD')\n order by s_store_name, i_item_desc\nlimit 100;",
      "has_explain": true,
      "description": "[scout:qwen/qwen3-coder] Convert comma joins to explicit INNER JOIN syntax and pre-filter date_dim into a CTE to create a small hash table for the store_sales join."
    },
    {
      "patch_id": "p02",
      "family": "C",
      "transform": "single_pass_aggregation",
      "relevance_score": 0.6,
      "status": "FAIL",
      "speedup": null,
      "semantic_passed": false,
      "correctness_verified": false,
      "error": "Retry failed: Missing SQL for tree node `store`",
      "original_ms": null,
      "patch_ms": null,
      "output_sql": null,
      "has_explain": false,
      "description": "[scout:qwen/qwen3-coder] Compute both store-level average and store+item revenue in a single GROUP BY ROLLUP or GROUPING SETS scan, then split into sb and sc equivalents."
    },
    {
      "patch_id": "p04",
      "family": "F",
      "transform": "materialized_dimension_fact_prefilter",
      "relevance_score": 0.55,
      "status": "FAIL",
      "speedup": null,
      "semantic_passed": false,
      "correctness_verified": false,
      "error": "Retry failed: Missing SQL for tree node `store`",
      "original_ms": null,
      "patch_ms": null,
      "output_sql": null,
      "has_explain": false,
      "description": "[scout:qwen/qwen3-coder] Materialize the filtered date_dim and store_sales join result once, then compute both aggregates from that materialized set."
    },
    {
      "patch_id": "compile_p1",
      "family": "?",
      "transform": "tree_rewrite",
      "relevance_score": 1.0,
      "status": "WIN",
      "speedup": 1.78,
      "semantic_passed": true,
      "correctness_verified": true,
      "error": null,
      "original_ms": 1549.2,
      "patch_ms": 868.4,
      "output_sql": "WITH revenue_by_store_item AS (\n    SELECT ss_store_sk, ss_item_sk, SUM(ss_sales_price) AS revenue\n    FROM store_sales\n    JOIN date_dim ON ss_sold_date_sk = d_date_sk\n    WHERE d_month_seq BETWEEN 1215 AND 1215+11\n      AND ss_sales_price / ss_list_price BETWEEN 79 * 0.01 AND 89 * 0.01\n    GROUP BY ss_store_sk, ss_item_sk\n),\nstore_average AS (\n    SELECT ss_store_sk, AVG(revenue) AS ave\n    FROM revenue_by_store_item\n    GROUP BY ss_store_sk\n)\nSELECT s.s_store_name, i.i_item_desc, r.revenue, i.i_current_price, i.i_wholesale_cost, i.i_brand\nFROM store s\nJOIN revenue_by_store_item r ON s.s_store_sk = r.ss_store_sk\nJOIN store_average sa ON r.ss_store_sk = sa.ss_store_sk\nJOIN item i ON i.i_item_sk = r.ss_item_sk\nWHERE s.s_state IN ('KS','OH','SD')\n  AND i.i_manager_id BETWEEN 10 AND 14\n  AND r.revenue <= 0.1 * sa.ave\nORDER BY s.s_store_name, i.i_item_desc\nLIMIT 100;",
      "has_explain": true,
      "description": null
    },
    {
      "patch_id": "compile_p1",
      "family": "?",
      "transform": "tree_rewrite",
      "relevance_score": 1.0,
      "status": "FAIL",
      "speedup": null,
      "semantic_passed": false,
      "correctness_verified": false,
      "error": "Missing SQL for tree node `store`",
      "original_ms": null,
      "patch_ms": null,
      "output_sql": null,
      "has_explain": false,
      "description": null
    },
    {
      "patch_id": "compile_p2",
      "family": "?",
      "transform": "tree_rewrite",
      "relevance_score": 1.0,
      "status": "FAIL",
      "speedup": null,
      "semantic_passed": false,
      "correctness_verified": false,
      "error": "Missing SQL for tree node `store`",
      "original_ms": null,
      "patch_ms": null,
      "output_sql": null,
      "has_explain": false,
      "description": null
    }
  ],
  "explains": {
    "p03": "Limit  (cost=233804.34..233804.34 rows=1 width=202) (actual time=1665.249..1670.906 rows=2 loops=1)\n  CTE date_filtered\n    ->  Index Only Scan using _dta_index_date_dim_6_661577395__k4_1 on date_dim date_dim_2  (cost=0.29..15.83 rows=377 width=4) (never executed)\n          Index Cond: ((d_month_seq >= 1215) AND (d_month_seq <= 1226))\n          Heap Fetches: 0\n  ->  Sort  (cost=233788.50..233788.51 rows=1 width=202) (actual time=1665.247..1670.901 rows=2 loops=1)\n        Sort Key: store.s_store_",
    "compile_p1": "Limit  (cost=116947.84..116947.85 rows=1 width=202) (actual time=943.942..944.013 rows=2 loops=1)\n  CTE revenue_by_store_item\n    ->  Finalize GroupAggregate  (cost=116766.11..116855.61 rows=709 width=40) (actual time=887.764..926.699 rows=50972 loops=1)\n          Group Key: store_sales.ss_store_sk, store_sales.ss_item_sk\n          ->  Gather Merge  (cost=116766.11..116840.85 rows=590 width=40) (actual time=887.738..908.297 rows=54088 loops=1)\n                Workers Planned: 2\n                W"
  }
}