{
  "execution_time_ms": 0.0,
  "plan_text": "\u250c\u2500\u2500\u2500\u2500\u2500\u2500\u2500\u2500\u2500\u2500\u2500\u2500\u2500\u2500\u2500\u2500\u2500\u2500\u2500\u2500\u2500\u2500\u2500\u2500\u2500\u2500\u2500\u2510\n\u2502           TOP_N           \u2502\n\u2502    \u2500\u2500\u2500\u2500\u2500\u2500\u2500\u2500\u2500\u2500\u2500\u2500\u2500\u2500\u2500\u2500\u2500\u2500\u2500\u2500   \u2502\n\u2502          Top: 100         \u2502\n\u2502                           \u2502\n\u2502         Order By:         \u2502\n\u2502   tpcds_sf10.main.store   \u2502\n\u2502     .s_store_name ASC     \u2502\n\u2502   tpcds_sf10.main.store   \u2502\n\u2502     .s_company_id ASC     \u2502\n\u2502   tpcds_sf10.main.store   \u2502\n\u2502    .s_street_number ASC   \u2502\n\u2502   tpcds_sf10.main.store   \u2502\n\u2502     .s_street_name ASC    \u2502\n\u2502   tpcds_sf10.main.store   \u2502\n\u2502     .s_street_type ASC    \u2502\n\u2502   tpcds_sf10.main.store   \u2502\n\u2502    .s_suite_number ASC    \u2502\n\u2502   tpcds_sf10.main.store   \u2502\n\u2502        .s_city ASC        \u2502\n\u2502   tpcds_sf10.main.store   \u2502\n\u2502       .s_county ASC       \u2502\n\u2502   tpcds_sf10.main.store   \u2502\n\u2502        .s_state ASC       \u2502\n\u2502   tpcds_sf10.main.store   \u2502\n\u2502         .s_zip ASC        \u2502\n\u2514\u2500\u2500\u2500\u2500\u2500\u2500\u2500\u2500\u2500\u2500\u2500\u2500\u2500\u252c\u2500\u2500\u2500\u2500\u2500\u2500\u2500\u2500\u2500\u2500\u2500\u2500\u2500\u2518\n\u250c\u2500\u2500\u2500\u2500\u2500\u2500\u2500\u2500\u2500\u2500\u2500\u2500\u2500\u2534\u2500\u2500\u2500\u2500\u2500\u2500\u2500\u2500\u2500\u2500\u2500\u2500\u2500\u2510\n\u2502         PROJECTION        \u2502\n\u2502    \u2500\u2500\u2500\u2500\u2500\u2500\u2500\u2500\u2500\u2500\u2500\u2500\u2500\u2500\u2500\u2500\u2500\u2500\u2500\u2500   \u2502\n\u2502__internal_decompress_strin\u2502\n\u2502           g(#0)           \u2502\n\u2502__internal_decompress_integ\u2502\n\u2502     ral_integer(#1, 1)    \u2502\n\u2502__internal_decompress_strin\u2502\n\u2502           g(#2)           \u2502\n\u2502__internal_decompress_strin\u2502\n\u2502           g(#3)           \u2502\n\u2502__internal_decompress_strin\u2502\n\u2502           g(#4)           \u2502\n\u2502__internal_decompress_strin\u2502\n\u2502           g(#5)           \u2502\n\u2502__internal_decompress_strin\u2502\n\u2502           g(#6)           \u2502\n\u2502             #7            \u2502\n\u2502__internal_decompress_strin\u2502\n\u2502           g(#8)           \u2502\n\u2502__internal_decompress_strin\u2502\n\u2502           g(#9)           \u2502\n\u2502            #10            \u2502\n\u2502            #11            \u2502\n\u2502            #12            \u2502\n\u2502            #13            \u2502\n\u2502            #14            \u2502\n\u2502                           \u2502\n\u2502       ~721,397 rows       \u2502\n\u2514\u2500\u2500\u2500\u2500\u2500\u2500\u2500\u2500\u2500\u2500\u2500\u2500\u2500\u252c\u2500\u2500\u2500\u2500\u2500\u2500\u2500\u2500\u2500\u2500\u2500\u2500\u2500\u2518\n\u250c\u2500\u2500\u2500\u2500\u2500\u2500\u2500\u2500\u2500\u2500\u2500\u2500\u2500\u2534\u2500\u2500\u2500\u2500\u2500\u2500\u2500\u2500\u2500\u2500\u2500\u2500\u2500\u2510\n\u2502       HASH_GROUP_BY       \u2502\n\u2502    \u2500\u2500\u2500\u2500\u2500\u2500\u2500\u2500\u2500\u2500\u2500\u2500\u2500\u2500\u2500\u2500\u2500\u2500\u2500\u2500   \u2502\n\u2502          Groups:          \u2502\n\u2502             #0            \u2502\n\u2502             #1            \u2502\n\u2502             #2            \u2502\n\u2502             #3            \u2502\n\u2502             #4            \u2502\n\u2502             #5            \u2502\n\u2502             #6            \u2502\n\u2502             #7            \u2502\n\u2502             #8            \u2502\n\u2502             #9            \u2502\n\u2502                           \u2502\n\u2502        Aggregates:        \u2502\n\u2502          sum(#10)         \u2502\n\u2502          sum(#11)         \u2502\n\u2502          sum(#12)         \u2502\n\u2502          sum(#13)         \u2502\n\u2502          sum(#14)         \u2502\n\u2502                           \u2502\n\u2502       ~721,397 rows       \u2502\n\u2514\u2500\u2500\u2500\u2500\u2500\u2500\u2500\u2500\u2500\u2500\u2500\u2500\u2500\u252c\u2500\u2500\u2500\u2500\u2500\u2500\u2500\u2500\u2500\u2500\u2500\u2500\u2500\u2518\n\u250c\u2500\u2500\u2500\u2500\u2500\u2500\u2500\u2500\u2500\u2500\u2500\u2500\u2500\u2534\u2500\u2500\u2500\u2500\u2500\u2500\u2500\u2500\u2500\u2500\u2500\u2500\u2500\u2510\n\u2502         PROJECTION        \u2502\n\u2502    \u2500\u2500\u2500\u2500\u2500\u2500\u2500\u2500\u2500\u2500\u2500\u2500\u2500\u2500\u2500\u2500\u2500\u2500\u2500\u2500   \u2502\n\u2502        s_store_name       \u2502\n\u2502        s_company_id       \u2502\n\u2502      s_street_number      \u2502\n\u2502       s_street_name       \u2502\n\u2502       s_street_type       \u2502\n\u2502       s_suite_number      \u2502\n\u2502           s_city          \u2502\n\u2502          s_county         \u2502\n\u2502          s_state          \u2502\n\u2502           s_zip           \u2502\n\u2502  CASE  WHEN ((#10 <= 30)) \u2502\n\u2502     THEN (1) ELSE 0 END   \u2502\n\u2502  CASE  WHEN (((#10 > 30)  \u2502\n\u2502  AND (#10 <= 60))) THEN (1\u2502\n\u2502        ) ELSE 0 END       \u2502\n\u2502  CASE  WHEN (((#10 > 60)  \u2502\n\u2502  AND (#10 <= 90))) THEN (1\u2502\n\u2502        ) ELSE 0 END       \u2502\n\u2502  CASE  WHEN (((#10 > 90)  \u2502\n\u2502  AND (#10 <= 120))) THEN  \u2502\n\u2502       (1) ELSE 0 END      \u2502\n\u2502  CASE  WHEN ((#10 > 120)) \u2502\n\u2502     THEN (1) ELSE 0 END   \u2502\n\u2502                           \u2502\n\u2502       ~721,397 rows       \u2502\n\u2514\u2500\u2500\u2500\u2500\u2500\u2500\u2500\u2500\u2500\u2500\u2500\u2500\u2500\u252c\u2500\u2500\u2500\u2500\u2500\u2500\u2500\u2500\u2500\u2500\u2500\u2500\u2500\u2518\n\u250c\u2500\u2500\u2500\u2500\u2500\u2500\u2500\u2500\u2500\u2500\u2500\u2500\u2500\u2534\u2500\u2500\u2500\u2500\u2500\u2500\u2500\u2500\u2500\u2500\u2500\u2500\u2500\u2510\n\u2502         PROJECTION        \u2502\n\u2502    \u2500\u2500\u2500\u2500\u2500\u2500\u2500\u2500\u2500\u2500\u2500\u2500\u2500\u2500\u2500\u2500\u2500\u2500\u2500\u2500   \u2502\n\u2502__internal_compress_string_\u2502\n\u2502        ubigint(#0)        \u2502\n\u2502__internal_compress_integra\u2502\n\u2502     l_utinyint(#1, 1)     \u2502\n\u2502__internal_compress_string_\u2502\n\u2502        uinteger(#2)       \u2502\n\u2502__internal_compress_string_\u2502\n\u2502        uhugeint(#3)       \u2502\n\u2502__internal_compress_string_\u2502\n\u2502        uhugeint(#4)       \u2502\n\u2502__internal_compress_string_\u2502\n\u2502        uhugeint(#5)       \u2502\n\u2502__internal_compress_string_\u2502\n\u2502        uhugeint(#6)       \u2502\n\u2502             #7            \u2502\n\u2502__internal_compress_string_\u2502\n\u2502        uinteger(#8)       \u2502\n\u2502__internal_compress_string_\u2502\n\u2502        ubigint(#9)        \u2502\n\u2502            #10            \u2502\n\u2502                           \u2502\n\u2502       ~721,397 rows       \u2502\n\u2514\u2500\u2500\u2500\u2500\u2500\u2500\u2500\u2500\u2500\u2500\u2500\u2500\u2500\u252c\u2500\u2500\u2500\u2500\u2500\u2500\u2500\u2500\u2500\u2500\u2500\u2500\u2500\u2518\n\u250c\u2500\u2500\u2500\u2500\u2500\u2500\u2500\u2500\u2500\u2500\u2500\u2500\u2500\u2534\u2500\u2500\u2500\u2500\u2500\u2500\u2500\u2500\u2500\u2500\u2500\u2500\u2500\u2510\n\u2502         PROJECTION        \u2502\n\u2502    \u2500\u2500\u2500\u2500\u2500\u2500\u2500\u2500\u2500\u2500\u2500\u2500\u2500\u2500\u2500\u2500\u2500\u2500\u2500\u2500   \u2502\n\u2502        s_store_name       \u2502\n\u2502        s_company_id       \u2502\n\u2502      s_street_number      \u2502\n\u2502       s_street_name       \u2502\n\u2502       s_street_type       \u2502\n\u2502       s_suite_number      \u2502\n\u2502           s_city          \u2502\n\u2502          s_county         \u2502\n\u2502          s_state          \u2502\n\u2502           s_zip           \u2502\n\u2502   (sr_returned_date_sk -  \u2502\n\u2502      ss_sold_date_sk)     \u2502\n\u2502                           \u2502\n\u2502       ~721,397 rows       \u2502\n\u2514\u2500\u2500\u2500\u2500\u2500\u2500\u2500\u2500\u2500\u2500\u2500\u2500\u2500\u252c\u2500\u2500\u2500\u2500\u2500\u2500\u2500\u2500\u2500\u2500\u2500\u2500\u2500\u2518\n\u250c\u2500\u2500\u2500\u2500\u2500\u2500\u2500\u2500\u2500\u2500\u2500\u2500\u2500\u2534\u2500\u2500\u2500\u2500\u2500\u2500\u2500\u2500\u2500\u2500\u2500\u2500\u2500\u2510\n\u2502         HASH_JOIN         \u2502\n\u2502    \u2500\u2500\u2500\u2500\u2500\u2500\u2500\u2500\u2500\u2500\u2500\u2500\u2500\u2500\u2500\u2500\u2500\u2500\u2500\u2500   \u2502\n\u2502      Join Type: INNER     \u2502\n\u2502                           \u2502\n\u2502        Conditions:        \u251c\u2500\u2500\u2500\u2500\u2500\u2500\u2500\u2500\u2500\u2500\u2500\u2500\u2500\u2500\u2500\u2500\u2500\u2500\u2500\u2500\u2500\u2500\u2500\u2500\u2500\u2500\u2500\u2500\u2500\u2500\u2500\u2500\u2500\u2500\u2500\u2500\u2500\u2500\u2500\u2500\u2500\u2500\u2500\u2500\u2500\u2500\u2500\u2500\u2500\u2500\u2500\u2500\u2500\u2500\u2500\u2500\u2500\u2500\u2500\u2500\u2500\u2500\u2500\u2500\u2500\u2500\u2500\u2500\u2500\u2500\u2500\u2500\u2500\u2500\u2500\u2500\u2500\u2500\u2500\u2500\u2500\u2500\u2500\u2500\u2500\u2500\u2500\u2500\u2500\u2500\u2500\u2500\u2500\u2500\u2500\u2500\u2500\u2500\u2500\u2500\u2500\u2510\n\u2502  ss_store_sk = s_store_sk \u2502                                                                                                     \u2502\n\u2502                           \u2502                                                                                                     \u2502\n\u2502       ~721,397 rows       \u2502                                                                                                     \u2502\n\u2514\u2500\u2500\u2500\u2500\u2500\u2500\u2500\u2500\u2500\u2500\u2500\u2500\u2500\u252c\u2500\u2500\u2500\u2500\u2500\u2500\u2500\u2500\u2500\u2500\u2500\u2500\u2500\u2518                                                                                                     \u2502\n\u250c\u2500\u2500\u2500\u2500\u2500\u2500\u2500\u2500\u2500\u2500\u2500\u2500\u2500\u2534\u2500\u2500\u2500\u2500\u2500\u2500\u2500\u2500\u2500\u2500\u2500\u2500\u2500\u2510                                                                                       \u250c\u2500\u2500\u2500\u2500\u2500\u2500\u2500\u2500\u2500\u2500\u2500\u2500\u2500\u2534\u2500\u2500\u2500\u2500\u2500\u2500\u2500\u2500\u2500\u2500\u2500\u2500\u2500\u2510\n\u2502         HASH_JOIN         \u2502                                                                                       \u2502         SEQ_SCAN          \u2502\n\u2502    \u2500\u2500\u2500\u2500\u2500\u2500\u2500\u2500\u2500\u2500\u2500\u2500\u2500\u2500\u2500\u2500\u2500\u2500\u2500\u2500   \u2502                                                                                       \u2502    \u2500\u2500\u2500\u2500\u2500\u2500\u2500\u2500\u2500\u2500\u2500\u2500\u2500\u2500\u2500\u2500\u2500\u2500\u2500\u2500   \u2502\n\u2502      Join Type: INNER     \u2502                                                                                       \u2502        Table: store       \u2502\n\u2502                           \u2502                                                                                       \u2502   Type: Sequential Scan   \u2502\n\u2502        Conditions:        \u2502                                                                                       \u2502                           \u2502\n\u2502ss_sold_date_sk = d_date_sk\u2502                                                                                       \u2502        Projections:       \u2502\n\u2502                           \u2502                                                                                       \u2502         s_store_sk        \u2502\n\u2502                           \u2502                                                                                       \u2502        s_store_name       \u2502\n\u2502                           \u2502                                                                                       \u2502        s_company_id       \u2502\n\u2502                           \u2502                                                                                       \u2502      s_street_number      \u2502\n\u2502                           \u2502                                                                                       \u2502       s_street_name       \u2502\n\u2502                           \u251c\u2500\u2500\u2500\u2500\u2500\u2500\u2500\u2500\u2500\u2500\u2500\u2500\u2500\u2500\u2500\u2500\u2500\u2500\u2500\u2500\u2500\u2500\u2500\u2500\u2500\u2500\u2500\u2500\u2500\u2500\u2500\u2500\u2500\u2500\u2500\u2500\u2500\u2500\u2500\u2500\u2500\u2500\u2500\u2500\u2500\u2500\u2500\u2500\u2500\u2500\u2500\u2500\u2500\u2500\u2500\u2500\u2500\u2500\u2500\u2500\u2500\u2500\u2500\u2500\u2500\u2500\u2500\u2500\u2500\u2500\u2500\u2500\u2510              \u2502       s_street_type       \u2502\n\u2502                           \u2502                                                                        \u2502              \u2502       s_suite_number      \u2502\n\u2502                           \u2502                                                                        \u2502              \u2502           s_city          \u2502\n\u2502                           \u2502                                                                        \u2502              \u2502          s_county         \u2502\n\u2502                           \u2502                                                                        \u2502              \u2502          s_state          \u2502\n\u2502                           \u2502                                                                        \u2502              \u2502           s_zip           \u2502\n\u2502                           \u2502                                                                        \u2502              \u2502                           \u2502\n\u2502                           \u2502                                                                        \u2502              \u2502          Filters:         \u2502\n\u2502                           \u2502                                                                        \u2502              \u2502      s_store_sk<=100      \u2502\n\u2502                           \u2502                                                                        \u2502              \u2502                           \u2502\n\u2502       ~707,252 rows       \u2502                                                                        \u2502              \u2502         ~102 rows         \u2502\n\u2514\u2500\u2500\u2500\u2500\u2500\u2500\u2500\u2500\u2500\u2500\u2500\u2500\u2500\u252c\u2500\u2500\u2500\u2500\u2500\u2500\u2500\u2500\u2500\u2500\u2500\u2500\u2500\u2518                                                                        \u2502              \u2514\u2500\u2500\u2500\u2500\u2500\u2500\u2500\u2500\u2500\u2500\u2500\u2500\u2500\u2500\u2500\u2500\u2500\u2500\u2500\u2500\u2500\u2500\u2500\u2500\u2500\u2500\u2500\u2518\n\u250c\u2500\u2500\u2500\u2500\u2500\u2500\u2500\u2500\u2500\u2500\u2500\u2500\u2500\u2534\u2500\u2500\u2500\u2500\u2500\u2500\u2500\u2500\u2500\u2500\u2500\u2500\u2500\u2510                                                          \u250c\u2500\u2500\u2500\u2500\u2500\u2500\u2500\u2500\u2500\u2500\u2500\u2500\u2500\u2534\u2500\u2500\u2500\u2500\u2500\u2500\u2500\u2500\u2500\u2500\u2500\u2500\u2500\u2510\n\u2502         HASH_JOIN         \u2502                                                          \u2502         SEQ_SCAN          \u2502\n\u2502    \u2500\u2500\u2500\u2500\u2500\u2500\u2500\u2500\u2500\u2500\u2500\u2500\u2500\u2500\u2500\u2500\u2500\u2500\u2500\u2500   \u2502                                                          \u2502    \u2500\u2500\u2500\u2500\u2500\u2500\u2500\u2500\u2500\u2500\u2500\u2500\u2500\u2500\u2500\u2500\u2500\u2500\u2500\u2500   \u2502\n\u2502      Join Type: INNER     \u2502                                                          \u2502      Table: date_dim      \u2502\n\u2502                           \u2502                                                          \u2502   Type: Sequential Scan   \u2502\n\u2502        Conditions:        \u2502                                                          \u2502                           \u2502\n\u2502     ss_ticket_number =    \u2502                                                          \u2502        Projections:       \u2502\n\u2502      sr_ticket_number     \u251c\u2500\u2500\u2500\u2500\u2500\u2500\u2500\u2500\u2500\u2500\u2500\u2500\u2500\u2500\u2510                                           \u2502         d_date_sk         \u2502\n\u2502  ss_item_sk = sr_item_sk  \u2502              \u2502                                           \u2502                           \u2502\n\u2502      ss_customer_sk =     \u2502              \u2502                                           \u2502          Filters:         \u2502\n\u2502       sr_customer_sk      \u2502              \u2502                                           \u2502   d_date_sk>=2450816 AND  \u2502\n\u2502                           \u2502              \u2502                                           \u2502     d_date_sk<=2452642    \u2502\n\u2502                           \u2502              \u2502                                           \u2502                           \u2502\n\u2502       ~707,252 rows       \u2502              \u2502                                           \u2502        ~73,049 rows       \u2502\n\u2514\u2500\u2500\u2500\u2500\u2500\u2500\u2500\u2500\u2500\u2500\u2500\u2500\u2500\u252c\u2500\u2500\u2500\u2500\u2500\u2500\u2500\u2500\u2500\u2500\u2500\u2500\u2500\u2518              \u2502                                           \u2514\u2500\u2500\u2500\u2500\u2500\u2500\u2500\u2500\u2500\u2500\u2500\u2500\u2500\u2500\u2500\u2500\u2500\u2500\u2500\u2500\u2500\u2500\u2500\u2500\u2500\u2500\u2500\u2518\n\u250c\u2500\u2500\u2500\u2500\u2500\u2500\u2500\u2500\u2500\u2500\u2500\u2500\u2500\u2534\u2500\u2500\u2500\u2500\u2500\u2500\u2500\u2500\u2500\u2500\u2500\u2500\u2500\u2510\u250c\u2500\u2500\u2500\u2500\u2500\u2500\u2500\u2500\u2500\u2500\u2500\u2500\u2500\u2534\u2500\u2500\u2500\u2500\u2500\u2500\u2500\u2500\u2500\u2500\u2500\u2500\u2500\u2510\n\u2502         SEQ_SCAN          \u2502\u2502         HASH_JOIN         \u2502\n\u2502    \u2500\u2500\u2500\u2500\u2500\u2500\u2500\u2500\u2500\u2500\u2500\u2500\u2500\u2500\u2500\u2500\u2500\u2500\u2500\u2500   \u2502\u2502    \u2500\u2500\u2500\u2500\u2500\u2500\u2500\u2500\u2500\u2500\u2500\u2500\u2500\u2500\u2500\u2500\u2500\u2500\u2500\u2500   \u2502\n\u2502     Table: store_sales    \u2502\u2502      Join Type: INNER     \u2502\n\u2502   Type: Sequential Scan   \u2502\u2502                           \u2502\n\u2502                           \u2502\u2502        Conditions:        \u2502\n\u2502        Projections:       \u2502\u2502   sr_returned_date_sk =   \u2502\n\u2502      ss_ticket_number     \u2502\u2502          d_date_sk        \u2502\n\u2502         ss_item_sk        \u2502\u2502                           \u2502\n\u2502      ss_sold_date_sk      \u2502\u2502                           \u251c\u2500\u2500\u2500\u2500\u2500\u2500\u2500\u2500\u2500\u2500\u2500\u2500\u2500\u2500\u2510\n\u2502       ss_customer_sk      \u2502\u2502                           \u2502              \u2502\n\u2502        ss_store_sk        \u2502\u2502                           \u2502              \u2502\n\u2502                           \u2502\u2502                           \u2502              \u2502\n\u2502          Filters:         \u2502\u2502                           \u2502              \u2502\n\u2502 ss_ticket_number<=2399999 \u2502\u2502                           \u2502              \u2502\n\u2502                           \u2502\u2502                           \u2502              \u2502\n\u2502      ~28,800,991 rows     \u2502\u2502        ~23,044 rows       \u2502              \u2502\n\u2514\u2500\u2500\u2500\u2500\u2500\u2500\u2500\u2500\u2500\u2500\u2500\u2500\u2500\u2500\u2500\u2500\u2500\u2500\u2500\u2500\u2500\u2500\u2500\u2500\u2500\u2500\u2500\u2518\u2514\u2500\u2500\u2500\u2500\u2500\u2500\u2500\u2500\u2500\u2500\u2500\u2500\u2500\u252c\u2500\u2500\u2500\u2500\u2500\u2500\u2500\u2500\u2500\u2500\u2500\u2500\u2500\u2518              \u2502\n                             \u250c\u2500\u2500\u2500\u2500\u2500\u2500\u2500\u2500\u2500\u2500\u2500\u2500\u2500\u2534\u2500\u2500\u2500\u2500\u2500\u2500\u2500\u2500\u2500\u2500\u2500\u2500\u2500\u2510\u250c\u2500\u2500\u2500\u2500\u2500\u2500\u2500\u2500\u2500\u2500\u2500\u2500\u2500\u2534\u2500\u2500\u2500\u2500\u2500\u2500\u2500\u2500\u2500\u2500\u2500\u2500\u2500\u2510\n                             \u2502         SEQ_SCAN          \u2502\u2502           FILTER          \u2502\n                             \u2502    \u2500\u2500\u2500\u2500\u2500\u2500\u2500\u2500\u2500\u2500\u2500\u2500\u2500\u2500\u2500\u2500\u2500\u2500\u2500\u2500   \u2502\u2502    \u2500\u2500\u2500\u2500\u2500\u2500\u2500\u2500\u2500\u2500\u2500\u2500\u2500\u2500\u2500\u2500\u2500\u2500\u2500\u2500   \u2502\n                             \u2502    Table: store_returns   \u2502\u2502 (d_date_sk BETWEEN 2450820\u2502\n                             \u2502   Type: Sequential Scan   \u2502\u2502        AND 2452822)       \u2502\n                             \u2502                           \u2502\u2502                           \u2502\n                             \u2502        Projections:       \u2502\u2502                           \u2502\n                             \u2502      sr_ticket_number     \u2502\u2502                           \u2502\n                             \u2502         sr_item_sk        \u2502\u2502                           \u2502\n                             \u2502    sr_returned_date_sk    \u2502\u2502                           \u2502\n                             \u2502       sr_customer_sk      \u2502\u2502                           \u2502\n                             \u2502                           \u2502\u2502                           \u2502\n                             \u2502      ~2,877,532 rows      \u2502\u2502         ~585 rows         \u2502\n                             \u2514\u2500\u2500\u2500\u2500\u2500\u2500\u2500\u2500\u2500\u2500\u2500\u2500\u2500\u2500\u2500\u2500\u2500\u2500\u2500\u2500\u2500\u2500\u2500\u2500\u2500\u2500\u2500\u2518\u2514\u2500\u2500\u2500\u2500\u2500\u2500\u2500\u2500\u2500\u2500\u2500\u2500\u2500\u252c\u2500\u2500\u2500\u2500\u2500\u2500\u2500\u2500\u2500\u2500\u2500\u2500\u2500\u2518\n                                                          \u250c\u2500\u2500\u2500\u2500\u2500\u2500\u2500\u2500\u2500\u2500\u2500\u2500\u2500\u2534\u2500\u2500\u2500\u2500\u2500\u2500\u2500\u2500\u2500\u2500\u2500\u2500\u2500\u2510\n                                                          \u2502         SEQ_SCAN          \u2502\n                                                          \u2502    \u2500\u2500\u2500\u2500\u2500\u2500\u2500\u2500\u2500\u2500\u2500\u2500\u2500\u2500\u2500\u2500\u2500\u2500\u2500\u2500   \u2502\n                                                          \u2502      Table: date_dim      \u2502\n                                                          \u2502   Type: Sequential Scan   \u2502\n                                                          \u2502                           \u2502\n                                                          \u2502        Projections:       \u2502\n                                                          \u2502         d_date_sk         \u2502\n                                                          \u2502                           \u2502\n                                                          \u2502          Filters:         \u2502\n                                                          \u2502        d_year=2001        \u2502\n                                                          \u2502          d_moy=8          \u2502\n                                                          \u2502                           \u2502\n                                                          \u2502         ~585 rows         \u2502\n                                                          \u2514\u2500\u2500\u2500\u2500\u2500\u2500\u2500\u2500\u2500\u2500\u2500\u2500\u2500\u2500\u2500\u2500\u2500\u2500\u2500\u2500\u2500\u2500\u2500\u2500\u2500\u2500\u2500\u2518\n",
  "plan_json": {
    "total_bytes_written": 0,
    "total_bytes_read": 0,
    "rows_returned": 0,
    "latency": 0.0,
    "result_set_size": 0,
    "query_name": "",
    "blocked_thread_time": 0.0,
    "system_peak_buffer_memory": 0,
    "system_peak_temp_dir_size": 0,
    "cpu_time": 0.0,
    "extra_info": {},
    "cumulative_cardinality": 0,
    "cumulative_rows_scanned": 0,
    "children": [
      {
        "total_bytes_written": 0,
        "total_bytes_read": 0,
        "result_set_size": 0,
        "operator_name": "EXPLAIN_ANALYZE",
        "cpu_time": 0.0,
        "extra_info": {},
        "cumulative_cardinality": 0,
        "operator_type": "EXPLAIN_ANALYZE",
        "operator_cardinality": 0,
        "cumulative_rows_scanned": 0,
        "operator_rows_scanned": 0,
        "operator_timing": 4.86e-07,
        "children": [
          {
            "total_bytes_written": 0,
            "total_bytes_read": 0,
            "result_set_size": 11628,
            "operator_name": "TOP_N",
            "cpu_time": 0.0,
            "extra_info": {
              "Top": "100",
              "Order By": [
                "tpcds_sf10.main.store.s_store_name ASC",
                "tpcds_sf10.main.store.s_company_id ASC",
                "tpcds_sf10.main.store.s_street_number ASC",
                "tpcds_sf10.main.store.s_street_name ASC",
                "tpcds_sf10.main.store.s_street_type ASC",
                "tpcds_sf10.main.store.s_suite_number ASC",
                "tpcds_sf10.main.store.s_city ASC",
                "tpcds_sf10.main.store.s_county ASC",
                "tpcds_sf10.main.store.s_state ASC",
                "tpcds_sf10.main.store.s_zip ASC"
              ]
            },
            "cumulative_cardinality": 0,
            "operator_type": "TOP_N",
            "operator_cardinality": 51,
            "cumulative_rows_scanned": 0,
            "operator_rows_scanned": 0,
            "operator_timing": 0.000996483,
            "children": [
              {
                "total_bytes_written": 0,
                "total_bytes_read": 0,
                "result_set_size": 11628,
                "operator_name": "PROJECTION",
                "cpu_time": 0.0,
                "extra_info": {
                  "Projections": [
                    "__internal_decompress_string(#0)",
                    "__internal_decompress_integral_integer(#1, 1)",
                    "__internal_decompress_string(#2)",
                    "__internal_decompress_string(#3)",
                    "__internal_decompress_string(#4)",
                    "__internal_decompress_string(#5)",
                    "__internal_decompress_string(#6)",
                    "#7",
                    "__internal_decompress_string(#8)",
                    "__internal_decompress_string(#9)",
                    "#10",
                    "#11",
                    "#12",
                    "#13",
                    "#14"
                  ],
                  "Estimated Cardinality": "721397"
                },
                "cumulative_cardinality": 0,
                "operator_type": "PROJECTION",
                "operator_cardinality": 51,
                "cumulative_rows_scanned": 0,
                "operator_rows_scanned": 0,
                "operator_timing": 0.00039716299999999996,
                "children": [
                  {
                    "total_bytes_written": 0,
                    "total_bytes_read": 0,
                    "result_set_size": 9435,
                    "operator_name": "HASH_GROUP_BY",
                    "cpu_time": 0.0,
                    "extra_info": {
                      "Groups": [
                        "#0",
                        "#1",
                        "#2",
                        "#3",
                        "#4",
                        "#5",
                        "#6",
                        "#7",
                        "#8",
                        "#9"
                      ],
                      "Aggregates": [
                        "sum(#10)",
                        "sum(#11)",
                        "sum(#12)",
                        "sum(#13)",
                        "sum(#14)"
                      ],
                      "Estimated Cardinality": "721397"
                    },
                    "cumulative_cardinality": 0,
                    "operator_type": "HASH_GROUP_BY",
                    "operator_cardinality": 51,
                    "cumulative_rows_scanned": 0,
                    "operator_rows_scanned": 0,
                    "operator_timing": 0.014104352,
                    "children": [
                      {
                        "total_bytes_written": 0,
                        "total_bytes_read": 0,
                        "result_set_size": 2574125,
                        "operator_name": "PROJECTION",
                        "cpu_time": 0.0,
                        "extra_info": {
                          "Projections": [
                            "s_store_name",
                            "s_company_id",
                            "s_street_number",
                            "s_street_name",
                            "s_street_type",
                            "s_suite_number",
                            "s_city",
                            "s_county",
                            "s_state",
                            "s_zip",
                            "CASE  WHEN ((#10 <= 30)) THEN (1) ELSE 0 END",
                            "CASE  WHEN (((#10 > 30) AND (#10 <= 60))) THEN (1) ELSE 0 END",
                            "CASE  WHEN (((#10 > 60) AND (#10 <= 90))) THEN (1) ELSE 0 END",
                            "CASE  WHEN (((#10 > 90) AND (#10 <= 120))) THEN (1) ELSE 0 END",
                            "CASE  WHEN ((#10 > 120)) THEN (1) ELSE 0 END"
                          ],
                          "Estimated Cardinality": "721397"
                        },
                        "cumulative_cardinality": 0,
                        "operator_type": "PROJECTION",
                        "operator_cardinality": 20593,
                        "cumulative_rows_scanned": 0,
                        "operator_rows_scanned": 0,
                        "operator_timing": 0.00169535,
                        "children": [
                          {
                            "total_bytes_written": 0,
                            "total_bytes_read": 0,
                            "result_set_size": 2244637,
                            "operator_name": "PROJECTION",
                            "cpu_time": 0.0,
                            "extra_info": {
                              "Projections": [
                                "__internal_compress_string_ubigint(#0)",
                                "__internal_compress_integral_utinyint(#1, 1)",
                                "__internal_compress_string_uinteger(#2)",
                                "__internal_compress_string_uhugeint(#3)",
                                "__internal_compress_string_uhugeint(#4)",
                                "__internal_compress_string_uhugeint(#5)",
                                "__internal_compress_string_uhugeint(#6)",
                                "#7",
                                "__internal_compress_string_uinteger(#8)",
                                "__internal_compress_string_ubigint(#9)",
                                "#10"
                              ],
                              "Estimated Cardinality": "721397"
                            },
                            "cumulative_cardinality": 0,
                            "operator_type": "PROJECTION",
                            "operator_cardinality": 20593,
                            "cumulative_rows_scanned": 0,
                            "operator_rows_scanned": 0,
                            "operator_timing": 0.002502908,
                            "children": [
                              {
                                "total_bytes_written": 0,
                                "total_bytes_read": 0,
                                "result_set_size": 3130136,
                                "operator_name": "PROJECTION",
                                "cpu_time": 0.0,
                                "extra_info": {
                                  "Projections": [
                                    "s_store_name",
                                    "s_company_id",
                                    "s_street_number",
                                    "s_street_name",
                                    "s_street_type",
                                    "s_suite_number",
                                    "s_city",
                                    "s_county",
                                    "s_state",
                                    "s_zip",
                                    "(sr_returned_date_sk - ss_sold_date_sk)"
                                  ],
                                  "Estimated Cardinality": "721397"
                                },
                                "cumulative_cardinality": 0,
                                "operator_type": "PROJECTION",
                                "operator_cardinality": 20593,
                                "cumulative_rows_scanned": 0,
                                "operator_rows_scanned": 0,
                                "operator_timing": 0.00018759500000000004,
                                "children": [
                                  {
                                    "total_bytes_written": 0,
                                    "total_bytes_read": 0,
                                    "result_set_size": 3212508,
                                    "operator_name": "HASH_JOIN",
                                    "cpu_time": 0.0,
                                    "extra_info": {
                                      "Join Type": "INNER",
                                      "Conditions": "ss_store_sk = s_store_sk",
                                      "Estimated Cardinality": "721397"
                                    },
                                    "cumulative_cardinality": 0,
                                    "operator_type": "HASH_JOIN",
                                    "operator_cardinality": 20593,
                                    "cumulative_rows_scanned": 0,
                                    "operator_rows_scanned": 0,
                                    "operator_timing": 0.0006267040000000002,
                                    "children": [
                                      {
                                        "total_bytes_written": 0,
                                        "total_bytes_read": 0,
                                        "result_set_size": 329488,
                                        "operator_name": "HASH_JOIN",
                                        "cpu_time": 0.0,
                                        "extra_info": {
                                          "Join Type": "INNER",
                                          "Conditions": "ss_sold_date_sk = d_date_sk",
                                          "Estimated Cardinality": "707252"
                                        },
                                        "cumulative_cardinality": 0,
                                        "operator_type": "HASH_JOIN",
                                        "operator_cardinality": 20593,
                                        "cumulative_rows_scanned": 0,
                                        "operator_rows_scanned": 0,
                                        "operator_timing": 0.00029254499999999996,
                                        "children": [
                                          {
                                            "total_bytes_written": 0,
                                            "total_bytes_read": 0,
                                            "result_set_size": 247116,
                                            "operator_name": "HASH_JOIN",
                                            "cpu_time": 0.0,
                                            "extra_info": {
                                              "Join Type": "INNER",
                                              "Conditions": [
                                                "ss_ticket_number = sr_ticket_number",
                                                "ss_item_sk = sr_item_sk",
                                                "ss_customer_sk = sr_customer_sk"
                                              ],
                                              "Estimated Cardinality": "707252"
                                            },
                                            "cumulative_cardinality": 0,
                                            "operator_type": "HASH_JOIN",
                                            "operator_cardinality": 20593,
                                            "cumulative_rows_scanned": 0,
                                            "operator_rows_scanned": 0,
                                            "operator_timing": 0.5908740500000004,
                                            "children": [
                                              {
                                                "total_bytes_written": 0,
                                                "total_bytes_read": 0,
                                                "result_set_size": 530547880,
                                                "operator_name": "SEQ_SCAN ",
                                                "cpu_time": 0.0,
                                                "extra_info": {
                                                  "Table": "store_sales",
                                                  "Type": "Sequential Scan",
                                                  "Projections": [
                                                    "ss_ticket_number",
                                                    "ss_item_sk",
                                                    "ss_sold_date_sk",
                                                    "ss_customer_sk",
                                                    "ss_store_sk"
                                                  ],
                                                  "Filters": "ss_ticket_number<=2399999",
                                                  "Estimated Cardinality": "28800991"
                                                },
                                                "cumulative_cardinality": 0,
                                                "operator_type": "TABLE_SCAN",
                                                "operator_cardinality": 26527394,
                                                "cumulative_rows_scanned": 0,
                                                "operator_rows_scanned": 345611892,
                                                "operator_timing": 19.009777682000003,
                                                "children": []
                                              },
                                              {
                                                "total_bytes_written": 0,
                                                "total_bytes_read": 0,
                                                "result_set_size": 578280,
                                                "operator_name": "HASH_JOIN",
                                                "cpu_time": 0.0,
                                                "extra_info": {
                                                  "Join Type": "INNER",
                                                  "Conditions": "sr_returned_date_sk = d_date_sk",
                                                  "Estimated Cardinality": "23044"
                                                },
                                                "cumulative_cardinality": 0,
                                                "operator_type": "HASH_JOIN",
                                                "operator_cardinality": 28914,
                                                "cumulative_rows_scanned": 0,
                                                "operator_rows_scanned": 0,
                                                "operator_timing": 0.006539232999999999,
                                                "children": [
                                                  {
                                                    "total_bytes_written": 0,
                                                    "total_bytes_read": 0,
                                                    "result_set_size": 462624,
                                                    "operator_name": "SEQ_SCAN ",
                                                    "cpu_time": 0.0,
                                                    "extra_info": {
                                                      "Table": "store_returns",
                                                      "Type": "Sequential Scan",
                                                      "Projections": [
                                                        "sr_ticket_number",
                                                        "sr_item_sk",
                                                        "sr_returned_date_sk",
                                                        "sr_customer_sk"
                                                      ],
                                                      "Estimated Cardinality": "2877532"
                                                    },
                                                    "cumulative_cardinality": 0,
                                                    "operator_type": "TABLE_SCAN",
                                                    "operator_cardinality": 28914,
                                                    "cumulative_rows_scanned": 0,
                                                    "operator_rows_scanned": 34530384,
                                                    "operator_timing": 0.6129121390000002,
                                                    "children": []
                                                  },
                                                  {
                                                    "total_bytes_written": 0,
                                                    "total_bytes_read": 0,
                                                    "result_set_size": 124,
                                                    "operator_name": "FILTER",
                                                    "cpu_time": 0.0,
                                                    "extra_info": {
                                                      "Expression": "(d_date_sk BETWEEN 2450820 AND 2452822)",
                                                      "Estimated Cardinality": "585"
                                                    },
                                                    "cumulative_cardinality": 0,
                                                    "operator_type": "FILTER",
                                                    "operator_cardinality": 31,
                                                    "cumulative_rows_scanned": 0,
                                                    "operator_rows_scanned": 0,
                                                    "operator_timing": 4.7813000000000005e-05,
                                                    "children": [
                                                      {
                                                        "total_bytes_written": 0,
                                                        "total_bytes_read": 0,
                                                        "result_set_size": 124,
                                                        "operator_name": "SEQ_SCAN ",
                                                        "cpu_time": 0.0,
                                                        "extra_info": {
                                                          "Table": "date_dim",
                                                          "Type": "Sequential Scan",
                                                          "Projections": "d_date_sk",
                                                          "Filters": [
                                                            "d_year=2001",
                                                            "d_moy=8"
                                                          ],
                                                          "Estimated Cardinality": "585"
                                                        },
                                                        "cumulative_cardinality": 0,
                                                        "operator_type": "TABLE_SCAN",
                                                        "operator_cardinality": 31,
                                                        "cumulative_rows_scanned": 0,
                                                        "operator_rows_scanned": 73049,
                                                        "operator_timing": 0.0031855539999999997,
                                                        "children": []
                                                      }
                                                    ]
                                                  }
                                                ]
                                              }
                                            ]
                                          },
                                          {
                                            "total_bytes_written": 0,
                                            "total_bytes_read": 0,
                                            "result_set_size": 7308,
                                            "operator_name": "SEQ_SCAN ",
                                            "cpu_time": 0.0,
                                            "extra_info": {
                                              "Table": "date_dim",
                                              "Type": "Sequential Scan",
                                              "Projections": "d_date_sk",
                                              "Filters": "d_date_sk>=2450816 AND d_date_sk<=2452642",
                                              "Estimated Cardinality": "73049"
                                            },
                                            "cumulative_cardinality": 0,
                                            "operator_type": "TABLE_SCAN",
                                            "operator_cardinality": 1827,
                                            "cumulative_rows_scanned": 0,
                                            "operator_rows_scanned": 73049,
                                            "operator_timing": 0.001886154,
                                            "children": []
                                          }
                                        ]
                                      },
                                      {
                                        "total_bytes_written": 0,
                                        "total_bytes_read": 0,
                                        "result_set_size": 15200,
                                        "operator_name": "SEQ_SCAN ",
                                        "cpu_time": 0.0,
                                        "extra_info": {
                                          "Table": "store",
                                          "Type": "Sequential Scan",
                                          "Projections": [
                                            "s_store_sk",
                                            "s_store_name",
                                            "s_company_id",
                                            "s_street_number",
                                            "s_street_name",
                                            "s_street_type",
                                            "s_suite_number",
                                            "s_city",
                                            "s_county",
                                            "s_state",
                                            "s_zip"
                                          ],
                                          "Filters": "s_store_sk<=100",
                                          "Estimated Cardinality": "102"
                                        },
                                        "cumulative_cardinality": 0,
                                        "operator_type": "TABLE_SCAN",
                                        "operator_cardinality": 100,
                                        "cumulative_rows_scanned": 0,
                                        "operator_rows_scanned": 102,
                                        "operator_timing": 0.001860289,
                                        "children": []
                                      }
                                    ]
                                  }
                                ]
                              }
                            ]
                          }
                        ]
                      }
                    ]
                  }
                ]
              }
            ]
          }
        ]
      }
    ]
  },
  "actual_rows": 0
}