{
  "execution_time_ms": 0.0,
  "plan_text": "\u250c\u2500\u2500\u2500\u2500\u2500\u2500\u2500\u2500\u2500\u2500\u2500\u2500\u2500\u2510\n\u2502  PROJECTION \u2502\n\u2502    \u2500\u2500\u2500\u2500\u2500\u2500   \u2502\n\u2502  h8_30_to_9 \u2502\n\u2502  h9_to_9_30 \u2502\n\u2502 h9_30_to_10 \u2502\n\u2502 h10_to_10_30\u2502\n\u2502 h10_30_to_11\u2502\n\u2502 h11_to_11_30\u2502\n\u2502 h11_30_to_12\u2502\n\u2502 h12_to_12_30\u2502\n\u2502             \u2502\n\u2502    ~1 row   \u2502\n\u2514\u2500\u2500\u2500\u2500\u2500\u2500\u252c\u2500\u2500\u2500\u2500\u2500\u2500\u2518\n\u250c\u2500\u2500\u2500\u2500\u2500\u2500\u2534\u2500\u2500\u2500\u2500\u2500\u2500\u2510\n\u2502CROSS_PRODUCT\u251c\u2500\u2500\u2500\u2500\u2500\u2500\u2500\u2500\u2500\u2500\u2500\u2500\u2500\u2500\u2500\u2500\u2500\u2500\u2500\u2500\u2500\u2500\u2500\u2500\u2500\u2500\u2500\u2500\u2500\u2500\u2500\u2500\u2500\u2500\u2500\u2500\u2500\u2500\u2500\u2500\u2500\u2500\u2500\u2500\u2500\u2500\u2500\u2500\u2500\u2500\u2500\u2500\u2500\u2500\u2500\u2500\u2500\u2500\u2500\u2500\u2500\u2500\u2500\u2500\u2500\u2500\u2500\u2500\u2500\u2500\u2500\u2500\u2500\u2500\u2500\u2500\u2500\u2500\u2500\u2500\u2500\u2500\u2500\u2500\u2500\u2500\u2500\u2500\u2500\u2500\u2500\u2500\u2500\u2500\u2500\u2500\u2500\u2500\u2500\u2500\u2500\u2500\u2500\u2500\u2500\u2500\u2500\u2500\u2500\u2500\u2500\u2500\u2500\u2500\u2500\u2500\u2500\u2500\u2500\u2500\u2500\u2500\u2500\u2500\u2500\u2500\u2500\u2500\u2500\u2500\u2500\u2500\u2500\u2500\u2500\u2500\u2500\u2500\u2500\u2500\u2500\u2500\u2500\u2500\u2500\u2500\u2500\u2500\u2500\u2500\u2500\u2500\u2500\u2500\u2500\u2500\u2500\u2500\u2500\u2500\u2500\u2500\u2500\u2500\u2500\u2500\u2500\u2500\u2500\u2500\u2500\u2500\u2500\u2500\u2500\u2500\u2500\u2500\u2500\u2500\u2500\u2500\u2500\u2500\u2500\u2500\u2500\u2500\u2500\u2500\u2500\u2500\u2500\u2500\u2500\u2500\u2500\u2500\u2500\u2500\u2500\u2500\u2500\u2500\u2500\u2500\u2500\u2500\u2500\u2500\u2500\u2500\u2500\u2500\u2500\u2500\u2500\u2500\u2500\u2500\u2500\u2500\u2500\u2500\u2500\n\u2514\u2500\u2500\u2500\u2500\u2500\u2500\u252c\u2500\u2500\u2500\u2500\u2500\u2500\u2518                                                                                                                                                                                                                                 \n\u250c\u2500\u2500\u2500\u2500\u2500\u2500\u2534\u2500\u2500\u2500\u2500\u2500\u2500\u2510                                                                                                                                                                                                                                 \n\u2502CROSS_PRODUCT\u2502                                                                                                                                                                                                                                 \n\u2502             \u2502                                                                                                                                                                                                                                 \n\u2502             \u251c\u2500\u2500\u2500\u2500\u2500\u2500\u2500\u2500\u2500\u2500\u2500\u2500\u2500\u2500\u2500\u2500\u2500\u2500\u2500\u2500\u2500\u2500\u2500\u2500\u2500\u2500\u2500\u2500\u2500\u2500\u2500\u2500\u2500\u2500\u2500\u2500\u2500\u2500\u2500\u2500\u2500\u2500\u2500\u2500\u2500\u2500\u2500\u2500\u2500\u2500\u2500\u2500\u2500\u2500\u2500\u2500\u2500\u2500\u2500\u2500\u2500\u2500\u2500\u2500\u2500\u2500\u2500\u2500\u2500\u2500\u2500\u2500\u2500\u2500\u2500\u2500\u2500\u2500\u2500\u2500\u2500\u2500\u2500\u2500\u2500\u2500\u2500\u2500\u2500\u2500\u2500\u2500\u2500\u2500\u2500\u2500\u2500\u2500\u2500\u2500\u2500\u2500\u2500\u2500\u2500\u2500\u2500\u2500\u2500\u2500\u2500\u2500\u2500\u2500\u2500\u2500\u2500\u2500\u2500\u2500\u2500\u2500\u2500\u2500\u2500\u2500\u2500\u2500\u2500\u2500\u2500\u2500\u2500\u2500\u2500\u2500\u2500\u2500\u2500\u2500\u2500\u2500\u2500\u2500\u2500\u2500\u2500\u2500\u2500\u2500\u2500\u2500\u2500\u2500\u2500\u2500\u2500\u2500\u2500\u2500\u2500\u2500\u2500\u2500\u2500\u2500\u2500\u2500\u2500\u2500\u2500\u2500\u2500\u2500\u2500\u2500\u2500\u2500\u2500\u2500\u2500\u2500\u2500\u2500\u2500\u2500\u2500\u2500\u2500\u2500\u2500\u2500\u2500\u2500\u2500\u2500\u2500\u2500\u2500\u2500\u2500\u2500\u2500\u2500\u2500\u2500\u2500\u2500\u2500\u2500\u2500\u2500\u2500\u2500\u2500\u2500\u2500\u2500\u2500\u2500\u2500\u2500\u2500\u2500\u2500\n\u2502             \u2502                                                                                                                                                                                                                                 \n\u2514\u2500\u2500\u2500\u2500\u2500\u2500\u252c\u2500\u2500\u2500\u2500\u2500\u2500\u2518                                                                                                                                                                                                                                 \n\u250c\u2500\u2500\u2500\u2500\u2500\u2500\u2534\u2500\u2500\u2500\u2500\u2500\u2500\u2510                                                                                                                                                                                                                                 \n\u2502CROSS_PRODUCT\u2502                                                                                                                                                                                                                                 \n\u2502             \u2502                                                                                                                                                                                                                                 \n\u2502             \u2502                                                                                                                                                                                                                                 \n\u2502             \u2502                                                                                                                                                                                                                                 \n\u2502             \u2502                                                                                                                                                                                                                                 \n\u2502             \u251c\u2500\u2500\u2500\u2500\u2500\u2500\u2500\u2500\u2500\u2500\u2500\u2500\u2500\u2500\u2500\u2500\u2500\u2500\u2500\u2500\u2500\u2500\u2500\u2500\u2500\u2500\u2500\u2500\u2500\u2500\u2500\u2500\u2500\u2500\u2500\u2500\u2500\u2500\u2500\u2500\u2500\u2500\u2500\u2500\u2500\u2500\u2500\u2500\u2500\u2500\u2500\u2500\u2500\u2500\u2500\u2500\u2500\u2500\u2500\u2500\u2500\u2500\u2500\u2500\u2500\u2500\u2500\u2500\u2500\u2500\u2500\u2500\u2500\u2500\u2500\u2500\u2500\u2500\u2500\u2500\u2500\u2500\u2500\u2500\u2500\u2500\u2500\u2500\u2500\u2500\u2500\u2500\u2500\u2500\u2500\u2500\u2500\u2500\u2500\u2500\u2500\u2500\u2500\u2500\u2500\u2500\u2500\u2500\u2500\u2500\u2500\u2500\u2500\u2500\u2500\u2500\u2500\u2500\u2500\u2500\u2500\u2500\u2500\u2500\u2500\u2500\u2500\u2500\u2500\u2500\u2500\u2500\u2500\u2500\u2500\u2500\u2500\u2500\u2500\u2500\u2500\u2500\u2500\u2500\u2500\u2500\u2500\u2500\u2500\u2500\u2500\u2500\u2500\u2500\u2500\u2500\u2500\u2500\u2500\u2500\u2500\u2500\u2500\u2500\u2500\u2500\u2500\u2500\u2500\u2500\u2500\u2500\u2500\u2500\u2500\u2500\u2500\u2500\u2500\u2500\u2500\u2500\u2500\u2500\u2500\u2500\u2500\u2500\u2500\u2500\u2500\u2500\u2500\u2500\u2500\u2500\u2500\u2500\u2500\u2500\u2500\u2500\u2500\u2500\u2500\u2500\u2500\u2500\u2500\u2500\u2500\u2500\u2500\u2500\u2500\u2500\u2500\u2500\u2500\u2500\u2500\u2500\u2500\u2500\u2500\n\u2502             \u2502                                                                                                                                                                                                                                 \n\u2502             \u2502                                                                                                                                                                                                                                 \n\u2502             \u2502                                                                                                                                                                                                                                 \n\u2502             \u2502                                                                                                                                                                                                                                 \n\u2514\u2500\u2500\u2500\u2500\u2500\u2500\u252c\u2500\u2500\u2500\u2500\u2500\u2500\u2518                                                                                                                                                                                                                                 \n\u250c\u2500\u2500\u2500\u2500\u2500\u2500\u2534\u2500\u2500\u2500\u2500\u2500\u2500\u2510                                                                                                                                                                                                                                 \n\u2502CROSS_PRODUCT\u2502                                                                                                                                                                                                                                 \n\u2502             \u2502                                                                                                                                                                                                                                 \n\u2502             \u2502                                                                                                                                                                                                                                 \n\u2502             \u2502                                                                                                                                                                                                                                 \n\u2502             \u2502                                                                                                                                                                                                                                 \n\u2502             \u251c\u2500\u2500\u2500\u2500\u2500\u2500\u2500\u2500\u2500\u2500\u2500\u2500\u2500\u2500\u2500\u2500\u2500\u2500\u2500\u2500\u2500\u2500\u2500\u2500\u2500\u2500\u2500\u2500\u2500\u2500\u2500\u2500\u2500\u2500\u2500\u2500\u2500\u2500\u2500\u2500\u2500\u2500\u2500\u2500\u2500\u2500\u2500\u2500\u2500\u2500\u2500\u2500\u2500\u2500\u2500\u2500\u2500\u2500\u2500\u2500\u2500\u2500\u2500\u2500\u2500\u2500\u2500\u2500\u2500\u2500\u2500\u2500\u2500\u2500\u2500\u2500\u2500\u2500\u2500\u2500\u2500\u2500\u2500\u2500\u2500\u2500\u2500\u2500\u2500\u2500\u2500\u2500\u2500\u2500\u2500\u2500\u2500\u2500\u2500\u2500\u2500\u2500\u2500\u2500\u2500\u2500\u2500\u2500\u2500\u2500\u2500\u2500\u2500\u2500\u2500\u2500\u2500\u2500\u2500\u2500\u2500\u2500\u2500\u2500\u2500\u2500\u2500\u2500\u2500\u2500\u2500\u2500\u2500\u2500\u2500\u2500\u2500\u2500\u2500\u2500\u2500\u2500\u2500\u2500\u2500\u2500\u2500\u2500\u2500\u2500\u2500\u2500\u2500\u2500\u2500\u2500\u2500\u2500\u2500\u2500\u2500\u2500\u2500\u2500\u2500\u2500\u2500\u2500\u2500\u2500\u2500\u2500\u2500\u2500\u2500\u2500\u2500\u2500\u2500\u2500\u2500\u2500\u2500\u2500\u2500\u2500\u2500\u2500\u2500\u2500\u2500\u2500\u2500\u2500\u2500\u2500\u2500\u2500\u2500\u2500\u2500\u2500\u2500\u2500\u2500\u2500\u2500\u2500\u2500\u2500\u2500\u2500\u2500\u2500\u2500\u2500\u2500\u2500\u2500\u2500\u2500\u2500\u2500\u2500\u2500\n\u2502             \u2502                                                                                                                                                                                                                                 \n\u2502             \u2502                                                                                                                                                                                                                                 \n\u2502             \u2502                                                                                                                                                                                                                                 \n\u2502             \u2502                                                                                                                                                                                                                                 \n\u2514\u2500\u2500\u2500\u2500\u2500\u2500\u252c\u2500\u2500\u2500\u2500\u2500\u2500\u2518                                                                                                                                                                                                                                 \n\u250c\u2500\u2500\u2500\u2500\u2500\u2500\u2534\u2500\u2500\u2500\u2500\u2500\u2500\u2510                                                                                                                                                                                                                                 \n\u2502CROSS_PRODUCT\u2502                                                                                                                                                                                                                                 \n\u2502             \u2502                                                                                                                                                                                                                                 \n\u2502             \u2502                                                                                                                                                                                                                                 \n\u2502             \u2502                                                                                                                                                                                                                                 \n\u2502             \u2502                                                                                                                                                                                                                                 \n\u2502             \u251c\u2500\u2500\u2500\u2500\u2500\u2500\u2500\u2500\u2500\u2500\u2500\u2500\u2500\u2500\u2500\u2500\u2500\u2500\u2500\u2500\u2500\u2500\u2500\u2500\u2500\u2500\u2500\u2500\u2500\u2500\u2500\u2500\u2500\u2500\u2500\u2500\u2500\u2500\u2500\u2500\u2500\u2500\u2500\u2500\u2500\u2500\u2500\u2500\u2500\u2500\u2500\u2500\u2500\u2500\u2500\u2500\u2500\u2500\u2500\u2500\u2500\u2500\u2500\u2500\u2500\u2500\u2500\u2500\u2500\u2500\u2500\u2500\u2500\u2500\u2500\u2500\u2500\u2500\u2500\u2500\u2500\u2500\u2500\u2500\u2500\u2500\u2500\u2500\u2500\u2500\u2500\u2500\u2500\u2500\u2500\u2500\u2500\u2500\u2500\u2500\u2500\u2500\u2500\u2500\u2500\u2500\u2500\u2500\u2500\u2500\u2500\u2500\u2500\u2500\u2500\u2500\u2500\u2500\u2500\u2500\u2500\u2500\u2500\u2500\u2500\u2500\u2500\u2500\u2500\u2500\u2500\u2500\u2500\u2500\u2500\u2500\u2500\u2500\u2500\u2500\u2500\u2500\u2500\u2500\u2500\u2500\u2500\u2500\u2500\u2500\u2500\u2500\u2500\u2500\u2500\u2500\u2500\u2500\u2500\u2500\u2500\u2500\u2500\u2500\u2500\u2500\u2500\u2500\u2500\u2500\u2500\u2500\u2510                                                    \n\u2502             \u2502                                                                                                                                                                            \u2502                                                    \n\u2502             \u2502                                                                                                                                                                            \u2502                                                    \n\u2502             \u2502                                                                                                                                                                            \u2502                                                    \n\u2502             \u2502                                                                                                                                                                            \u2502                                                    \n\u2502             \u2502                                                                                                                                                                            \u2502                                                    \n\u2514\u2500\u2500\u2500\u2500\u2500\u2500\u252c\u2500\u2500\u2500\u2500\u2500\u2500\u2518                                                                                                                                                                            \u2502                                                    \n\u250c\u2500\u2500\u2500\u2500\u2500\u2500\u2534\u2500\u2500\u2500\u2500\u2500\u2500\u2510                                                                                                                                                                     \u250c\u2500\u2500\u2500\u2500\u2500\u2500\u2534\u2500\u2500\u2500\u2500\u2500\u2500\u2510                                             \n\u2502CROSS_PRODUCT\u2502                                                                                                                                                                     \u2502UNGROUPE...  \u2502                                             \n\u2502             \u2502                                                                                                                                                                     \u2502    \u2500\u2500\u2500\u2500\u2500\u2500   \u2502                                             \n\u2502             \u2502                                                                                                                                                                     \u2502 Aggregates: \u2502                                             \n\u2502             \u2502                                                                                                                                                                     \u2502 count_star()\u2502                                             \n\u2502             \u2502                                                                                                                                                                     \u2502             \u2502                                             \n\u2502             \u2502                                                                                                                                                                     \u2502             \u2502                                             \n\u2502             \u2502                                                                                                                                                                     \u2502             \u2502                                             \n\u2502             \u2502                                                                                                                                                                     \u2502             \u2502                                             \n\u2502             \u251c\u2500\u2500\u2500\u2500\u2500\u2500\u2500\u2500\u2500\u2500\u2500\u2500\u2500\u2500\u2500\u2500\u2500\u2500\u2500\u2500\u2500\u2500\u2500\u2500\u2500\u2500\u2500\u2500\u2500\u2500\u2500\u2500\u2500\u2500\u2500\u2500\u2500\u2500\u2500\u2500\u2500\u2500\u2500\u2500\u2500\u2500\u2500\u2500\u2500\u2500\u2500\u2500\u2500\u2500\u2500\u2500\u2500\u2500\u2500\u2500\u2500\u2500\u2500\u2500\u2500\u2500\u2500\u2500\u2500\u2500\u2500\u2500\u2500\u2500\u2500\u2500\u2500\u2500\u2500\u2500\u2500\u2500\u2500\u2500\u2500\u2500\u2500\u2500\u2500\u2500\u2500\u2500\u2500\u2500\u2500\u2500\u2500\u2500\u2500\u2500\u2500\u2500\u2500\u2500\u2500\u2500\u2500\u2500\u2500\u2500\u2500\u2500\u2510                                                    \u2502             \u2502                                             \n\u2502             \u2502                                                                                                                \u2502                                                    \u2502             \u2502                                             \n\u2502             \u2502                                                                                                                \u2502                                                    \u2502             \u2502                                             \n\u2502             \u2502                                                                                                                \u2502                                                    \u2502             \u2502                                             \n\u2502             \u2502                                                                                                                \u2502                                                    \u2502             \u2502                                             \n\u2502             \u2502                                                                                                                \u2502                                                    \u2502             \u2502                                             \n\u2502             \u2502                                                                                                                \u2502                                                    \u2502             \u2502                                             \n\u2502             \u2502                                                                                                                \u2502                                                    \u2502             \u2502                                             \n\u2502             \u2502                                                                                                                \u2502                                                    \u2502             \u2502                                             \n\u2514\u2500\u2500\u2500\u2500\u2500\u2500\u252c\u2500\u2500\u2500\u2500\u2500\u2500\u2518                                                                                                                \u2502                                                    \u2514\u2500\u2500\u2500\u2500\u2500\u2500\u252c\u2500\u2500\u2500\u2500\u2500\u2500\u2518                                             \n\u250c\u2500\u2500\u2500\u2500\u2500\u2500\u2534\u2500\u2500\u2500\u2500\u2500\u2500\u2510                                                                                                         \u250c\u2500\u2500\u2500\u2500\u2500\u2500\u2534\u2500\u2500\u2500\u2500\u2500\u2500\u2510                                             \u250c\u2500\u2500\u2500\u2500\u2500\u2500\u2534\u2500\u2500\u2500\u2500\u2500\u2500\u2510                                             \n\u2502CROSS_PRODUCT\u2502                                                                                                         \u2502UNGROUPE...  \u2502                                             \u2502  HASH_JOIN  \u2502                                             \n\u2502             \u2502                                                                                                         \u2502    \u2500\u2500\u2500\u2500\u2500\u2500   \u2502                                             \u2502    \u2500\u2500\u2500\u2500\u2500\u2500   \u2502                                             \n\u2502             \u2502                                                                                                         \u2502 Aggregates: \u2502                                             \u2502  Join Type: \u2502                                             \n\u2502             \u2502                                                                                                         \u2502 count_star()\u2502                                             \u2502    INNER    \u2502                                             \n\u2502             \u2502                                                                                                         \u2502             \u2502                                             \u2502             \u2502                                             \n\u2502             \u2502                                                                                                         \u2502             \u2502                                             \u2502 Conditions: \u2502                                             \n\u2502             \u2502                                                                                                         \u2502             \u2502                                             \u2502 ss_hdemo_sk \u2502                                             \n\u2502             \u2502                                                                                                         \u2502             \u2502                                             \u2502 = hd_demo_sk\u2502                                             \n\u2502             \u251c\u2500\u2500\u2500\u2500\u2500\u2500\u2500\u2500\u2500\u2500\u2500\u2500\u2500\u2500\u2500\u2500\u2500\u2500\u2500\u2500\u2500\u2500\u2500\u2500\u2500\u2500\u2500\u2500\u2500\u2500\u2500\u2500\u2500\u2500\u2500\u2500\u2500\u2500\u2500\u2500\u2500\u2500\u2500\u2500\u2500\u2500\u2500\u2500\u2500\u2500\u2500\u2500\u2510                                                    \u2502             \u2502                                             \u2502             \u251c\u2500\u2500\u2500\u2500\u2500\u2500\u2500\u2500\u2500\u2500\u2500\u2500\u2500\u2500\u2500\u2500\u2500\u2500\u2500\u2500\u2500\u2500\u2500\u2500\u2500\u2500\u2500\u2500\u2500\u2500\u2500\u2500\u2500\u2500\u2500\u2500\u2500\u2510       \n\u2502             \u2502                                                    \u2502                                                    \u2502             \u2502                                             \u2502             \u2502                                     \u2502       \n\u2502             \u2502                                                    \u2502                                                    \u2502             \u2502                                             \u2502             \u2502                                     \u2502       \n\u2502             \u2502                                                    \u2502                                                    \u2502             \u2502                                             \u2502             \u2502                                     \u2502       \n\u2502             \u2502                                                    \u2502                                                    \u2502             \u2502                                             \u2502             \u2502                                     \u2502       \n\u2502             \u2502                                                    \u2502                                                    \u2502             \u2502                                             \u2502             \u2502                                     \u2502       \n\u2502             \u2502                                                    \u2502                                                    \u2502             \u2502                                             \u2502             \u2502                                     \u2502       \n\u2502             \u2502                                                    \u2502                                                    \u2502             \u2502                                             \u2502             \u2502                                     \u2502       \n\u2502             \u2502                                                    \u2502                                                    \u2502             \u2502                                             \u2502 ~30,905 rows\u2502                                     \u2502       \n\u2514\u2500\u2500\u2500\u2500\u2500\u2500\u252c\u2500\u2500\u2500\u2500\u2500\u2500\u2518                                                    \u2502                                                    \u2514\u2500\u2500\u2500\u2500\u2500\u2500\u252c\u2500\u2500\u2500\u2500\u2500\u2500\u2518                                             \u2514\u2500\u2500\u2500\u2500\u2500\u2500\u252c\u2500\u2500\u2500\u2500\u2500\u2500\u2518                                     \u2502       \n\u250c\u2500\u2500\u2500\u2500\u2500\u2500\u2534\u2500\u2500\u2500\u2500\u2500\u2500\u2510                                             \u250c\u2500\u2500\u2500\u2500\u2500\u2500\u2534\u2500\u2500\u2500\u2500\u2500\u2500\u2510                                             \u250c\u2500\u2500\u2500\u2500\u2500\u2500\u2534\u2500\u2500\u2500\u2500\u2500\u2500\u2510                                             \u250c\u2500\u2500\u2500\u2500\u2500\u2500\u2534\u2500\u2500\u2500\u2500\u2500\u2500\u2510                              \u250c\u2500\u2500\u2500\u2500\u2500\u2500\u2534\u2500\u2500\u2500\u2500\u2500\u2500\u2510\n\u2502UNGROUPE...  \u2502                                             \u2502UNGROUPE...  \u2502                                             \u2502  HASH_JOIN  \u2502                                             \u2502  HASH_JOIN  \u2502                              \u2502  PROJECTION \u2502\n\u2502    \u2500\u2500\u2500\u2500\u2500\u2500   \u2502                                             \u2502    \u2500\u2500\u2500\u2500\u2500\u2500   \u2502                                             \u2502    \u2500\u2500\u2500\u2500\u2500\u2500   \u2502                                             \u2502    \u2500\u2500\u2500\u2500\u2500\u2500   \u2502                              \u2502    \u2500\u2500\u2500\u2500\u2500\u2500   \u2502\n\u2502 Aggregates: \u2502                                             \u2502 Aggregates: \u2502                                             \u2502  Join Type: \u2502                                             \u2502  Join Type: \u2502                              \u2502      #0     \u2502\n\u2502 count_star()\u2502                                             \u2502 count_star()\u2502                                             \u2502    INNER    \u2502                                             \u2502    INNER    \u2502                              \u2502             \u2502\n\u2502             \u2502                                             \u2502             \u2502                                             \u2502             \u2502                                             \u2502             \u2502                              \u2502             \u2502\n\u2502             \u2502                                             \u2502             \u2502                                             \u2502 Conditions: \u2502                                             \u2502 Conditions: \u2502                              \u2502             \u2502\n\u2502             \u2502                                             \u2502             \u2502                                             \u2502 ss_hdemo_sk \u2502                                             \u2502 ss_store_sk \u2502                              \u2502             \u2502\n\u2502             \u2502                                             \u2502             \u2502                                             \u2502 = hd_demo_sk\u2502                                             \u2502 = s_store_sk\u2502                              \u2502             \u2502\n\u2502             \u2502                                             \u2502             \u2502                                             \u2502             \u251c\u2500\u2500\u2500\u2500\u2500\u2500\u2500\u2500\u2500\u2500\u2500\u2500\u2500\u2500\u2500\u2500\u2500\u2500\u2500\u2500\u2500\u2500\u2500\u2500\u2500\u2500\u2500\u2500\u2500\u2500\u2500\u2500\u2500\u2500\u2500\u2500\u2500\u2510       \u2502             \u251c\u2500\u2500\u2500\u2500\u2500\u2500\u2500\u2500\u2500\u2500\u2500\u2500\u2500\u2500\u2500\u2500\u2500\u2500\u2500\u2500\u2500\u2500\u2510       \u2502             \u2502\n\u2502             \u2502                                             \u2502             \u2502                                             \u2502             \u2502                                     \u2502       \u2502             \u2502                      \u2502       \u2502             \u2502\n\u2502             \u2502                                             \u2502             \u2502                                             \u2502             \u2502                                     \u2502       \u2502             \u2502                      \u2502       \u2502             \u2502\n\u2502             \u2502                                             \u2502             \u2502                                             \u2502             \u2502                                     \u2502       \u2502             \u2502                      \u2502       \u2502             \u2502\n\u2502             \u2502                                             \u2502             \u2502                                             \u2502             \u2502                                     \u2502       \u2502             \u2502                      \u2502       \u2502             \u2502\n\u2502             \u2502                                             \u2502             \u2502                                             \u2502             \u2502                                     \u2502       \u2502             \u2502                      \u2502       \u2502             \u2502\n\u2502             \u2502                                             \u2502             \u2502                                             \u2502             \u2502                                     \u2502       \u2502             \u2502                      \u2502       \u2502             \u2502\n\u2502             \u2502                                             \u2502             \u2502                                             \u2502             \u2502                                     \u2502       \u2502             \u2502                      \u2502       \u2502             \u2502\n\u2502             \u2502                                             \u2502             \u2502                                             \u2502 ~30,905 rows\u2502                                     \u2502       \u2502~154,525 rows\u2502                      \u2502       \u2502 ~1,440 rows \u2502\n\u2514\u2500\u2500\u2500\u2500\u2500\u2500\u252c\u2500\u2500\u2500\u2500\u2500\u2500\u2518                                             \u2514\u2500\u2500\u2500\u2500\u2500\u2500\u252c\u2500\u2500\u2500\u2500\u2500\u2500\u2518                                             \u2514\u2500\u2500\u2500\u2500\u2500\u2500\u252c\u2500\u2500\u2500\u2500\u2500\u2500\u2518                                     \u2502       \u2514\u2500\u2500\u2500\u2500\u2500\u2500\u252c\u2500\u2500\u2500\u2500\u2500\u2500\u2518                      \u2502       \u2514\u2500\u2500\u2500\u2500\u2500\u2500\u252c\u2500\u2500\u2500\u2500\u2500\u2500\u2518\n\u250c\u2500\u2500\u2500\u2500\u2500\u2500\u2534\u2500\u2500\u2500\u2500\u2500\u2500\u2510                                             \u250c\u2500\u2500\u2500\u2500\u2500\u2500\u2534\u2500\u2500\u2500\u2500\u2500\u2500\u2510                                             \u250c\u2500\u2500\u2500\u2500\u2500\u2500\u2534\u2500\u2500\u2500\u2500\u2500\u2500\u2510                              \u250c\u2500\u2500\u2500\u2500\u2500\u2500\u2534\u2500\u2500\u2500\u2500\u2500\u2500\u2510\u250c\u2500\u2500\u2500\u2500\u2500\u2500\u2534\u2500\u2500\u2500\u2500\u2500\u2500\u2510               \u250c\u2500\u2500\u2500\u2500\u2500\u2500\u2534\u2500\u2500\u2500\u2500\u2500\u2500\u2510\u250c\u2500\u2500\u2500\u2500\u2500\u2500\u2534\u2500\u2500\u2500\u2500\u2500\u2500\u2510\n\u2502  HASH_JOIN  \u2502                                             \u2502  HASH_JOIN  \u2502                                             \u2502  HASH_JOIN  \u2502                              \u2502  PROJECTION \u2502\u2502  HASH_JOIN  \u2502               \u2502    FILTER   \u2502\u2502    FILTER   \u2502\n\u2502    \u2500\u2500\u2500\u2500\u2500\u2500   \u2502                                             \u2502    \u2500\u2500\u2500\u2500\u2500\u2500   \u2502                                             \u2502    \u2500\u2500\u2500\u2500\u2500\u2500   \u2502                              \u2502    \u2500\u2500\u2500\u2500\u2500\u2500   \u2502\u2502    \u2500\u2500\u2500\u2500\u2500\u2500   \u2502               \u2502    \u2500\u2500\u2500\u2500\u2500\u2500   \u2502\u2502    \u2500\u2500\u2500\u2500\u2500\u2500   \u2502\n\u2502  Join Type: \u2502                                             \u2502  Join Type: \u2502                                             \u2502  Join Type: \u2502                              \u2502      #0     \u2502\u2502  Join Type: \u2502               \u2502 (s_store_sk \u2502\u2502((hd_dep_coun\u2502\n\u2502    INNER    \u2502                                             \u2502    INNER    \u2502                                             \u2502    INNER    \u2502                              \u2502             \u2502\u2502    INNER    \u2502               \u2502   <= 100)   \u2502\u2502  t = 4) OR  \u2502\n\u2502             \u2502                                             \u2502             \u2502                                             \u2502             \u2502                              \u2502             \u2502\u2502             \u2502               \u2502             \u2502\u2502(hd_dep_count\u2502\n\u2502 Conditions: \u2502                                             \u2502 Conditions: \u2502                                             \u2502 Conditions: \u2502                              \u2502             \u2502\u2502 Conditions: \u2502               \u2502             \u2502\u2502     = 3))   \u2502\n\u2502 ss_hdemo_sk \u2502                                             \u2502 ss_hdemo_sk \u2502                                             \u2502 ss_store_sk \u2502                              \u2502             \u2502\u2502ss_sold_time_\u2502               \u2502             \u2502\u2502             \u2502\n\u2502 = hd_demo_sk\u2502                                             \u2502 = hd_demo_sk\u2502                                             \u2502 = s_store_sk\u2502                              \u2502             \u2502\u2502sk = t_time_s\u2502               \u2502             \u2502\u2502             \u2502\n\u2502             \u251c\u2500\u2500\u2500\u2500\u2500\u2500\u2500\u2500\u2500\u2500\u2500\u2500\u2500\u2500\u2500\u2500\u2500\u2500\u2500\u2500\u2500\u2500\u2500\u2500\u2500\u2500\u2500\u2500\u2500\u2500\u2500\u2500\u2500\u2500\u2500\u2500\u2500\u2510       \u2502             \u251c\u2500\u2500\u2500\u2500\u2500\u2500\u2500\u2500\u2500\u2500\u2500\u2500\u2500\u2500\u2500\u2500\u2500\u2500\u2500\u2500\u2500\u2500\u2500\u2500\u2500\u2500\u2500\u2500\u2500\u2500\u2500\u2500\u2500\u2500\u2500\u2500\u2500\u2510       \u2502             \u251c\u2500\u2500\u2500\u2500\u2500\u2500\u2500\u2500\u2500\u2500\u2500\u2500\u2500\u2500\u2500\u2500\u2500\u2500\u2500\u2500\u2500\u2500\u2510       \u2502             \u2502\u2502      k      \u251c\u2500\u2500\u2500\u2500\u2500\u2500\u2500\u2510       \u2502             \u2502\u2502             \u2502\n\u2502             \u2502                                     \u2502       \u2502             \u2502                                     \u2502       \u2502             \u2502                      \u2502       \u2502             \u2502\u2502             \u2502       \u2502       \u2502             \u2502\u2502             \u2502\n\u2502             \u2502                                     \u2502       \u2502             \u2502                                     \u2502       \u2502             \u2502                      \u2502       \u2502             \u2502\u2502             \u2502       \u2502       \u2502             \u2502\u2502             \u2502\n\u2502             \u2502                                     \u2502       \u2502             \u2502                                     \u2502       \u2502             \u2502                      \u2502       \u2502             \u2502\u2502             \u2502       \u2502       \u2502             \u2502\u2502             \u2502\n\u2502             \u2502                                     \u2502       \u2502             \u2502                                     \u2502       \u2502             \u2502                      \u2502       \u2502             \u2502\u2502             \u2502       \u2502       \u2502             \u2502\u2502             \u2502\n\u2502             \u2502                                     \u2502       \u2502             \u2502                                     \u2502       \u2502             \u2502                      \u2502       \u2502             \u2502\u2502             \u2502       \u2502       \u2502             \u2502\u2502             \u2502\n\u2502             \u2502                                     \u2502       \u2502             \u2502                                     \u2502       \u2502             \u2502                      \u2502       \u2502             \u2502\u2502             \u2502       \u2502       \u2502             \u2502\u2502             \u2502\n\u2502             \u2502                                     \u2502       \u2502             \u2502                                     \u2502       \u2502             \u2502                      \u2502       \u2502             \u2502\u2502             \u2502       \u2502       \u2502             \u2502\u2502             \u2502\n\u2502 ~30,905 rows\u2502                                     \u2502       \u2502 ~30,905 rows\u2502                                     \u2502       \u2502~154,525 rows\u2502                      \u2502       \u2502 ~1,440 rows \u2502\u2502~1,404,7...  \u2502       \u2502       \u2502   ~11 rows  \u2502\u2502 ~1,440 rows \u2502\n\u2514\u2500\u2500\u2500\u2500\u2500\u2500\u252c\u2500\u2500\u2500\u2500\u2500\u2500\u2518                                     \u2502       \u2514\u2500\u2500\u2500\u2500\u2500\u2500\u252c\u2500\u2500\u2500\u2500\u2500\u2500\u2518                                     \u2502       \u2514\u2500\u2500\u2500\u2500\u2500\u2500\u252c\u2500\u2500\u2500\u2500\u2500\u2500\u2518                      \u2502       \u2514\u2500\u2500\u2500\u2500\u2500\u2500\u252c\u2500\u2500\u2500\u2500\u2500\u2500\u2518\u2514\u2500\u2500\u2500\u2500\u2500\u2500\u252c\u2500\u2500\u2500\u2500\u2500\u2500\u2518       \u2502       \u2514\u2500\u2500\u2500\u2500\u2500\u2500\u252c\u2500\u2500\u2500\u2500\u2500\u2500\u2518\u2514\u2500\u2500\u2500\u2500\u2500\u2500\u252c\u2500\u2500\u2500\u2500\u2500\u2500\u2518\n\u250c\u2500\u2500\u2500\u2500\u2500\u2500\u2534\u2500\u2500\u2500\u2500\u2500\u2500\u2510                              \u250c\u2500\u2500\u2500\u2500\u2500\u2500\u2534\u2500\u2500\u2500\u2500\u2500\u2500\u2510\u250c\u2500\u2500\u2500\u2500\u2500\u2500\u2534\u2500\u2500\u2500\u2500\u2500\u2500\u2510                              \u250c\u2500\u2500\u2500\u2500\u2500\u2500\u2534\u2500\u2500\u2500\u2500\u2500\u2500\u2510\u250c\u2500\u2500\u2500\u2500\u2500\u2500\u2534\u2500\u2500\u2500\u2500\u2500\u2500\u2510               \u250c\u2500\u2500\u2500\u2500\u2500\u2500\u2534\u2500\u2500\u2500\u2500\u2500\u2500\u2510\u250c\u2500\u2500\u2500\u2500\u2500\u2500\u2534\u2500\u2500\u2500\u2500\u2500\u2500\u2510\u250c\u2500\u2500\u2500\u2500\u2500\u2500\u2534\u2500\u2500\u2500\u2500\u2500\u2500\u2510\u250c\u2500\u2500\u2500\u2500\u2500\u2500\u2534\u2500\u2500\u2500\u2500\u2500\u2500\u2510\u250c\u2500\u2500\u2500\u2500\u2500\u2500\u2534\u2500\u2500\u2500\u2500\u2500\u2500\u2510\u250c\u2500\u2500\u2500\u2500\u2500\u2500\u2534\u2500\u2500\u2500\u2500\u2500\u2500\u2510\n\u2502  HASH_JOIN  \u2502                              \u2502  PROJECTION \u2502\u2502  HASH_JOIN  \u2502                              \u2502  PROJECTION \u2502\u2502  HASH_JOIN  \u2502               \u2502    FILTER   \u2502\u2502    FILTER   \u2502\u2502  SEQ_SCAN   \u2502\u2502    FILTER   \u2502\u2502  SEQ_SCAN   \u2502\u2502  SEQ_SCAN   \u2502\n\u2502    \u2500\u2500\u2500\u2500\u2500\u2500   \u2502                              \u2502    \u2500\u2500\u2500\u2500\u2500\u2500   \u2502\u2502    \u2500\u2500\u2500\u2500\u2500\u2500   \u2502                              \u2502    \u2500\u2500\u2500\u2500\u2500\u2500   \u2502\u2502    \u2500\u2500\u2500\u2500\u2500\u2500   \u2502               \u2502    \u2500\u2500\u2500\u2500\u2500\u2500   \u2502\u2502    \u2500\u2500\u2500\u2500\u2500\u2500   \u2502\u2502    \u2500\u2500\u2500\u2500\u2500\u2500   \u2502\u2502    \u2500\u2500\u2500\u2500\u2500\u2500   \u2502\u2502    \u2500\u2500\u2500\u2500\u2500\u2500   \u2502\u2502    \u2500\u2500\u2500\u2500\u2500\u2500   \u2502\n\u2502  Join Type: \u2502                              \u2502      #0     \u2502\u2502  Join Type: \u2502                              \u2502      #0     \u2502\u2502  Join Type: \u2502               \u2502 (s_store_sk \u2502\u2502((hd_dep_coun\u2502\u2502    Table:   \u2502\u2502  (t_time_sk \u2502\u2502    Table:   \u2502\u2502    Table:   \u2502\n\u2502    INNER    \u2502                              \u2502             \u2502\u2502    INNER    \u2502                              \u2502             \u2502\u2502    INNER    \u2502               \u2502   <= 100)   \u2502\u2502  t = 4) OR  \u2502\u2502 store_sales \u2502\u2502    BETWEEN  \u2502\u2502    store    \u2502\u2502household_dem\u2502\n\u2502             \u2502                              \u2502             \u2502\u2502             \u2502                              \u2502             \u2502\u2502             \u2502               \u2502             \u2502\u2502(hd_dep_count\u2502\u2502             \u2502\u2502   28800 AND \u2502\u2502             \u2502\u2502  ographics  \u2502\n\u2502 Conditions: \u2502                              \u2502             \u2502\u2502 Conditions: \u2502                              \u2502             \u2502\u2502 Conditions: \u2502               \u2502             \u2502\u2502     = 3))   \u2502\u2502    Type:    \u2502\u2502    75599)   \u2502\u2502    Type:    \u2502\u2502             \u2502\n\u2502 ss_store_sk \u2502                              \u2502             \u2502\u2502 ss_store_sk \u2502                              \u2502             \u2502\u2502ss_sold_time_\u2502               \u2502             \u2502\u2502             \u2502\u2502  Sequential \u2502\u2502             \u2502\u2502  Sequential \u2502\u2502    Type:    \u2502\n\u2502 = s_store_sk\u2502                              \u2502             \u2502\u2502 = s_store_sk\u2502                              \u2502             \u2502\u2502sk = t_time_s\u2502               \u2502             \u2502\u2502             \u2502\u2502     Scan    \u2502\u2502             \u2502\u2502     Scan    \u2502\u2502  Sequential \u2502\n\u2502             \u251c\u2500\u2500\u2500\u2500\u2500\u2500\u2500\u2500\u2500\u2500\u2500\u2500\u2500\u2500\u2500\u2500\u2500\u2500\u2500\u2500\u2500\u2500\u2510       \u2502             \u2502\u2502             \u251c\u2500\u2500\u2500\u2500\u2500\u2500\u2500\u2500\u2500\u2500\u2500\u2500\u2500\u2500\u2500\u2500\u2500\u2500\u2500\u2500\u2500\u2500\u2510       \u2502             \u2502\u2502      k      \u251c\u2500\u2500\u2500\u2500\u2500\u2500\u2500\u2510       \u2502             \u2502\u2502             \u2502\u2502             \u2502\u2502             \u2502\u2502             \u2502\u2502     Scan    \u2502\n\u2502             \u2502                      \u2502       \u2502             \u2502\u2502             \u2502                      \u2502       \u2502             \u2502\u2502             \u2502       \u2502       \u2502             \u2502\u2502             \u2502\u2502 Projections:\u2502\u2502             \u2502\u2502 Projections:\u2502\u2502             \u2502\n\u2502             \u2502                      \u2502       \u2502             \u2502\u2502             \u2502                      \u2502       \u2502             \u2502\u2502             \u2502       \u2502       \u2502             \u2502\u2502             \u2502\u2502ss_sold_time_\u2502\u2502             \u2502\u2502  s_store_sk \u2502\u2502 Projections:\u2502\n\u2502             \u2502                      \u2502       \u2502             \u2502\u2502             \u2502                      \u2502       \u2502             \u2502\u2502             \u2502       \u2502       \u2502             \u2502\u2502             \u2502\u2502      sk     \u2502\u2502             \u2502\u2502             \u2502\u2502  hd_demo_sk \u2502\n\u2502             \u2502                      \u2502       \u2502             \u2502\u2502             \u2502                      \u2502       \u2502             \u2502\u2502             \u2502       \u2502       \u2502             \u2502\u2502             \u2502\u2502 ss_hdemo_sk \u2502\u2502             \u2502\u2502   Filters:  \u2502\u2502 hd_dep_count\u2502\n\u2502             \u2502                      \u2502       \u2502             \u2502\u2502             \u2502                      \u2502       \u2502             \u2502\u2502             \u2502       \u2502       \u2502             \u2502\u2502             \u2502\u2502 ss_store_sk \u2502\u2502             \u2502\u2502 s_store_name\u2502\u2502hd_vehicle_co\u2502\n\u2502             \u2502                      \u2502       \u2502             \u2502\u2502             \u2502                      \u2502       \u2502             \u2502\u2502             \u2502       \u2502       \u2502             \u2502\u2502             \u2502\u2502             \u2502\u2502             \u2502\u2502    ='ese'   \u2502\u2502     unt     \u2502\n\u2502             \u2502                      \u2502       \u2502             \u2502\u2502             \u2502                      \u2502       \u2502             \u2502\u2502             \u2502       \u2502       \u2502             \u2502\u2502             \u2502\u2502             \u2502\u2502             \u2502\u2502             \u2502\u2502             \u2502\n\u2502~154,525 rows\u2502                      \u2502       \u2502 ~1,440 rows \u2502\u2502~154,525 rows\u2502                      \u2502       \u2502 ~1,440 rows \u2502\u2502~1,404,7...  \u2502       \u2502       \u2502   ~11 rows  \u2502\u2502 ~1,440 rows \u2502\u2502~28,800,...  \u2502\u2502 ~3,600 rows \u2502\u2502   ~11 rows  \u2502\u2502 ~7,200 rows \u2502\n\u2514\u2500\u2500\u2500\u2500\u2500\u2500\u252c\u2500\u2500\u2500\u2500\u2500\u2500\u2518                      \u2502       \u2514\u2500\u2500\u2500\u2500\u2500\u2500\u252c\u2500\u2500\u2500\u2500\u2500\u2500\u2518\u2514\u2500\u2500\u2500\u2500\u2500\u2500\u252c\u2500\u2500\u2500\u2500\u2500\u2500\u2518                      \u2502       \u2514\u2500\u2500\u2500\u2500\u2500\u2500\u252c\u2500\u2500\u2500\u2500\u2500\u2500\u2518\u2514\u2500\u2500\u2500\u2500\u2500\u2500\u252c\u2500\u2500\u2500\u2500\u2500\u2500\u2518       \u2502       \u2514\u2500\u2500\u2500\u2500\u2500\u2500\u252c\u2500\u2500\u2500\u2500\u2500\u2500\u2518\u2514\u2500\u2500\u2500\u2500\u2500\u2500\u252c\u2500\u2500\u2500\u2500\u2500\u2500\u2518\u2514\u2500\u2500\u2500\u2500\u2500\u2500\u2500\u2500\u2500\u2500\u2500\u2500\u2500\u2518\u2514\u2500\u2500\u2500\u2500\u2500\u2500\u252c\u2500\u2500\u2500\u2500\u2500\u2500\u2518\u2514\u2500\u2500\u2500\u2500\u2500\u2500\u2500\u2500\u2500\u2500\u2500\u2500\u2500\u2518\u2514\u2500\u2500\u2500\u2500\u2500\u2500\u2500\u2500\u2500\u2500\u2500\u2500\u2500\u2518\n\u250c\u2500\u2500\u2500\u2500\u2500\u2500\u2534\u2500\u2500\u2500\u2500\u2500\u2500\u2510               \u250c\u2500\u2500\u2500\u2500\u2500\u2500\u2534\u2500\u2500\u2500\u2500\u2500\u2500\u2510\u250c\u2500\u2500\u2500\u2500\u2500\u2500\u2534\u2500\u2500\u2500\u2500\u2500\u2500\u2510\u250c\u2500\u2500\u2500\u2500\u2500\u2500\u2534\u2500\u2500\u2500\u2500\u2500\u2500\u2510               \u250c\u2500\u2500\u2500\u2500\u2500\u2500\u2534\u2500\u2500\u2500\u2500\u2500\u2500\u2510\u250c\u2500\u2500\u2500\u2500\u2500\u2500\u2534\u2500\u2500\u2500\u2500\u2500\u2500\u2510\u250c\u2500\u2500\u2500\u2500\u2500\u2500\u2534\u2500\u2500\u2500\u2500\u2500\u2500\u2510\u250c\u2500\u2500\u2500\u2500\u2500\u2500\u2534\u2500\u2500\u2500\u2500\u2500\u2500\u2510\u250c\u2500\u2500\u2500\u2500\u2500\u2500\u2534\u2500\u2500\u2500\u2500\u2500\u2500\u2510\u250c\u2500\u2500\u2500\u2500\u2500\u2500\u2534\u2500\u2500\u2500\u2500\u2500\u2500\u2510               \u250c\u2500\u2500\u2500\u2500\u2500\u2500\u2534\u2500\u2500\u2500\u2500\u2500\u2500\u2510\n\u2502  HASH_JOIN  \u2502               \u2502    FILTER   \u2502\u2502    FILTER   \u2502\u2502  HASH_JOIN  \u2502               \u2502    FILTER   \u2502\u2502    FILTER   \u2502\u2502  SEQ_SCAN   \u2502\u2502    FILTER   \u2502\u2502  SEQ_SCAN   \u2502\u2502  SEQ_SCAN   \u2502               \u2502  SEQ_SCAN   \u2502\n\u2502    \u2500\u2500\u2500\u2500\u2500\u2500   \u2502               \u2502    \u2500\u2500\u2500\u2500\u2500\u2500   \u2502\u2502    \u2500\u2500\u2500\u2500\u2500\u2500   \u2502\u2502    \u2500\u2500\u2500\u2500\u2500\u2500   \u2502               \u2502    \u2500\u2500\u2500\u2500\u2500\u2500   \u2502\u2502    \u2500\u2500\u2500\u2500\u2500\u2500   \u2502\u2502    \u2500\u2500\u2500\u2500\u2500\u2500   \u2502\u2502    \u2500\u2500\u2500\u2500\u2500\u2500   \u2502\u2502    \u2500\u2500\u2500\u2500\u2500\u2500   \u2502\u2502    \u2500\u2500\u2500\u2500\u2500\u2500   \u2502               \u2502    \u2500\u2500\u2500\u2500\u2500\u2500   \u2502\n\u2502  Join Type: \u2502               \u2502 (s_store_sk \u2502\u2502((hd_dep_coun\u2502\u2502  Join Type: \u2502               \u2502 (s_store_sk \u2502\u2502((hd_dep_coun\u2502\u2502    Table:   \u2502\u2502  (t_time_sk \u2502\u2502    Table:   \u2502\u2502    Table:   \u2502               \u2502    Table:   \u2502\n\u2502    INNER    \u2502               \u2502   <= 100)   \u2502\u2502  t = 4) OR  \u2502\u2502    INNER    \u2502               \u2502   <= 100)   \u2502\u2502  t = 4) OR  \u2502\u2502 store_sales \u2502\u2502    BETWEEN  \u2502\u2502    store    \u2502\u2502household_dem\u2502               \u2502   time_dim  \u2502\n\u2502             \u2502               \u2502             \u2502\u2502(hd_dep_count\u2502\u2502             \u2502               \u2502             \u2502\u2502(hd_dep_count\u2502\u2502             \u2502\u2502   28800 AND \u2502\u2502             \u2502\u2502  ographics  \u2502               \u2502             \u2502\n\u2502 Conditions: \u2502               \u2502             \u2502\u2502     = 3))   \u2502\u2502 Conditions: \u2502               \u2502             \u2502\u2502     = 3))   \u2502\u2502    Type:    \u2502\u2502    75599)   \u2502\u2502    Type:    \u2502\u2502             \u2502               \u2502    Type:    \u2502\n\u2502ss_sold_time_\u2502               \u2502             \u2502\u2502             \u2502\u2502ss_sold_time_\u2502               \u2502             \u2502\u2502             \u2502\u2502  Sequential \u2502\u2502             \u2502\u2502  Sequential \u2502\u2502    Type:    \u2502               \u2502  Sequential \u2502\n\u2502sk = t_time_s\u2502               \u2502             \u2502\u2502             \u2502\u2502sk = t_time_s\u2502               \u2502             \u2502\u2502             \u2502\u2502     Scan    \u2502\u2502             \u2502\u2502     Scan    \u2502\u2502  Sequential \u2502               \u2502     Scan    \u2502\n\u2502      k      \u251c\u2500\u2500\u2500\u2500\u2500\u2500\u2500\u2510       \u2502             \u2502\u2502             \u2502\u2502      k      \u251c\u2500\u2500\u2500\u2500\u2500\u2500\u2500\u2510       \u2502             \u2502\u2502             \u2502\u2502             \u2502\u2502             \u2502\u2502             \u2502\u2502     Scan    \u2502               \u2502             \u2502\n\u2502             \u2502       \u2502       \u2502             \u2502\u2502             \u2502\u2502             \u2502       \u2502       \u2502             \u2502\u2502             \u2502\u2502 Projections:\u2502\u2502             \u2502\u2502 Projections:\u2502\u2502             \u2502               \u2502 Projections:\u2502\n\u2502             \u2502       \u2502       \u2502             \u2502\u2502             \u2502\u2502             \u2502       \u2502       \u2502             \u2502\u2502             \u2502\u2502ss_sold_time_\u2502\u2502             \u2502\u2502  s_store_sk \u2502\u2502 Projections:\u2502               \u2502  t_time_sk  \u2502\n\u2502             \u2502       \u2502       \u2502             \u2502\u2502             \u2502\u2502             \u2502       \u2502       \u2502             \u2502\u2502             \u2502\u2502      sk     \u2502\u2502             \u2502\u2502             \u2502\u2502  hd_demo_sk \u2502               \u2502             \u2502\n\u2502             \u2502       \u2502       \u2502             \u2502\u2502             \u2502\u2502             \u2502       \u2502       \u2502             \u2502\u2502             \u2502\u2502 ss_hdemo_sk \u2502\u2502             \u2502\u2502   Filters:  \u2502\u2502 hd_dep_count\u2502               \u2502   Filters:  \u2502\n\u2502             \u2502       \u2502       \u2502             \u2502\u2502             \u2502\u2502             \u2502       \u2502       \u2502             \u2502\u2502             \u2502\u2502 ss_store_sk \u2502\u2502             \u2502\u2502 s_store_name\u2502\u2502hd_vehicle_co\u2502               \u2502  t_hour=10  \u2502\n\u2502             \u2502       \u2502       \u2502             \u2502\u2502             \u2502\u2502             \u2502       \u2502       \u2502             \u2502\u2502             \u2502\u2502             \u2502\u2502             \u2502\u2502    ='ese'   \u2502\u2502     unt     \u2502               \u2502 t_minute>=30\u2502\n\u2502             \u2502       \u2502       \u2502             \u2502\u2502             \u2502\u2502             \u2502       \u2502       \u2502             \u2502\u2502             \u2502\u2502             \u2502\u2502             \u2502\u2502             \u2502\u2502             \u2502               \u2502             \u2502\n\u2502~1,404,7...  \u2502       \u2502       \u2502   ~11 rows  \u2502\u2502 ~1,440 rows \u2502\u2502~1,404,7...  \u2502       \u2502       \u2502   ~11 rows  \u2502\u2502 ~1,440 rows \u2502\u2502~28,800,...  \u2502\u2502 ~3,600 rows \u2502\u2502   ~11 rows  \u2502\u2502 ~7,200 rows \u2502               \u2502 ~3,600 rows \u2502\n\u2514\u2500\u2500\u2500\u2500\u2500\u2500\u252c\u2500\u2500\u2500\u2500\u2500\u2500\u2518       \u2502       \u2514\u2500\u2500\u2500\u2500\u2500\u2500\u252c\u2500\u2500\u2500\u2500\u2500\u2500\u2518\u2514\u2500\u2500\u2500\u2500\u2500\u2500\u252c\u2500\u2500\u2500\u2500\u2500\u2500\u2518\u2514\u2500\u2500\u2500\u2500\u2500\u2500\u252c\u2500\u2500\u2500\u2500\u2500\u2500\u2518       \u2502       \u2514\u2500\u2500\u2500\u2500\u2500\u2500\u252c\u2500\u2500\u2500\u2500\u2500\u2500\u2518\u2514\u2500\u2500\u2500\u2500\u2500\u2500\u252c\u2500\u2500\u2500\u2500\u2500\u2500\u2518\u2514\u2500\u2500\u2500\u2500\u2500\u2500\u2500\u2500\u2500\u2500\u2500\u2500\u2500\u2518\u2514\u2500\u2500\u2500\u2500\u2500\u2500\u252c\u2500\u2500\u2500\u2500\u2500\u2500\u2518\u2514\u2500\u2500\u2500\u2500\u2500\u2500\u2500\u2500\u2500\u2500\u2500\u2500\u2500\u2518\u2514\u2500\u2500\u2500\u2500\u2500\u2500\u2500\u2500\u2500\u2500\u2500\u2500\u2500\u2518               \u2514\u2500\u2500\u2500\u2500\u2500\u2500\u2500\u2500\u2500\u2500\u2500\u2500\u2500\u2518\n\u250c\u2500\u2500\u2500\u2500\u2500\u2500\u2534\u2500\u2500\u2500\u2500\u2500\u2500\u2510\u250c\u2500\u2500\u2500\u2500\u2500\u2500\u2534\u2500\u2500\u2500\u2500\u2500\u2500\u2510\u250c\u2500\u2500\u2500\u2500\u2500\u2500\u2534\u2500\u2500\u2500\u2500\u2500\u2500\u2510\u250c\u2500\u2500\u2500\u2500\u2500\u2500\u2534\u2500\u2500\u2500\u2500\u2500\u2500\u2510\u250c\u2500\u2500\u2500\u2500\u2500\u2500\u2534\u2500\u2500\u2500\u2500\u2500\u2500\u2510\u250c\u2500\u2500\u2500\u2500\u2500\u2500\u2534\u2500\u2500\u2500\u2500\u2500\u2500\u2510\u250c\u2500\u2500\u2500\u2500\u2500\u2500\u2534\u2500\u2500\u2500\u2500\u2500\u2500\u2510\u250c\u2500\u2500\u2500\u2500\u2500\u2500\u2534\u2500\u2500\u2500\u2500\u2500\u2500\u2510               \u250c\u2500\u2500\u2500\u2500\u2500\u2500\u2534\u2500\u2500\u2500\u2500\u2500\u2500\u2510\n\u2502  SEQ_SCAN   \u2502\u2502    FILTER   \u2502\u2502  SEQ_SCAN   \u2502\u2502  SEQ_SCAN   \u2502\u2502  SEQ_SCAN   \u2502\u2502    FILTER   \u2502\u2502  SEQ_SCAN   \u2502\u2502  SEQ_SCAN   \u2502               \u2502  SEQ_SCAN   \u2502\n\u2502    \u2500\u2500\u2500\u2500\u2500\u2500   \u2502\u2502    \u2500\u2500\u2500\u2500\u2500\u2500   \u2502\u2502    \u2500\u2500\u2500\u2500\u2500\u2500   \u2502\u2502    \u2500\u2500\u2500\u2500\u2500\u2500   \u2502\u2502    \u2500\u2500\u2500\u2500\u2500\u2500   \u2502\u2502    \u2500\u2500\u2500\u2500\u2500\u2500   \u2502\u2502    \u2500\u2500\u2500\u2500\u2500\u2500   \u2502\u2502    \u2500\u2500\u2500\u2500\u2500\u2500   \u2502               \u2502    \u2500\u2500\u2500\u2500\u2500\u2500   \u2502\n\u2502    Table:   \u2502\u2502  (t_time_sk \u2502\u2502    Table:   \u2502\u2502    Table:   \u2502\u2502    Table:   \u2502\u2502  (t_time_sk \u2502\u2502    Table:   \u2502\u2502    Table:   \u2502               \u2502    Table:   \u2502\n\u2502 store_sales \u2502\u2502    BETWEEN  \u2502\u2502    store    \u2502\u2502household_dem\u2502\u2502 store_sales \u2502\u2502    BETWEEN  \u2502\u2502    store    \u2502\u2502household_dem\u2502               \u2502   time_dim  \u2502\n\u2502             \u2502\u2502   28800 AND \u2502\u2502             \u2502\u2502  ographics  \u2502\u2502             \u2502\u2502   28800 AND \u2502\u2502             \u2502\u2502  ographics  \u2502               \u2502             \u2502\n\u2502    Type:    \u2502\u2502    75599)   \u2502\u2502    Type:    \u2502\u2502             \u2502\u2502    Type:    \u2502\u2502    75599)   \u2502\u2502    Type:    \u2502\u2502             \u2502               \u2502    Type:    \u2502\n\u2502  Sequential \u2502\u2502             \u2502\u2502  Sequential \u2502\u2502    Type:    \u2502\u2502  Sequential \u2502\u2502             \u2502\u2502  Sequential \u2502\u2502    Type:    \u2502               \u2502  Sequential \u2502\n\u2502     Scan    \u2502\u2502             \u2502\u2502     Scan    \u2502\u2502  Sequential \u2502\u2502     Scan    \u2502\u2502             \u2502\u2502     Scan    \u2502\u2502  Sequential \u2502               \u2502     Scan    \u2502\n\u2502             \u2502\u2502             \u2502\u2502             \u2502\u2502     Scan    \u2502\u2502             \u2502\u2502             \u2502\u2502             \u2502\u2502     Scan    \u2502               \u2502             \u2502\n\u2502 Projections:\u2502\u2502             \u2502\u2502 Projections:\u2502\u2502             \u2502\u2502 Projections:\u2502\u2502             \u2502\u2502 Projections:\u2502\u2502             \u2502               \u2502 Projections:\u2502\n\u2502ss_sold_time_\u2502\u2502             \u2502\u2502  s_store_sk \u2502\u2502 Projections:\u2502\u2502ss_sold_time_\u2502\u2502             \u2502\u2502  s_store_sk \u2502\u2502 Projections:\u2502               \u2502  t_time_sk  \u2502\n\u2502      sk     \u2502\u2502             \u2502\u2502             \u2502\u2502  hd_demo_sk \u2502\u2502      sk     \u2502\u2502             \u2502\u2502             \u2502\u2502  hd_demo_sk \u2502               \u2502             \u2502\n\u2502 ss_hdemo_sk \u2502\u2502             \u2502\u2502   Filters:  \u2502\u2502 hd_dep_count\u2502\u2502 ss_hdemo_sk \u2502\u2502             \u2502\u2502   Filters:  \u2502\u2502 hd_dep_count\u2502               \u2502   Filters:  \u2502\n\u2502 ss_store_sk \u2502\u2502             \u2502\u2502 s_store_name\u2502\u2502hd_vehicle_co\u2502\u2502 ss_store_sk \u2502\u2502             \u2502\u2502 s_store_name\u2502\u2502hd_vehicle_co\u2502               \u2502  t_hour=11  \u2502\n\u2502             \u2502\u2502             \u2502\u2502    ='ese'   \u2502\u2502     unt     \u2502\u2502             \u2502\u2502             \u2502\u2502    ='ese'   \u2502\u2502     unt     \u2502               \u2502 t_minute<30 \u2502\n\u2502             \u2502\u2502             \u2502\u2502             \u2502\u2502             \u2502\u2502             \u2502\u2502             \u2502\u2502             \u2502\u2502             \u2502               \u2502             \u2502\n\u2502~28,800,...  \u2502\u2502 ~3,600 rows \u2502\u2502   ~11 rows  \u2502\u2502 ~7,200 rows \u2502\u2502~28,800,...  \u2502\u2502 ~3,600 rows \u2502\u2502   ~11 rows  \u2502\u2502 ~7,200 rows \u2502               \u2502 ~3,600 rows \u2502\n\u2514\u2500\u2500\u2500\u2500\u2500\u2500\u2500\u2500\u2500\u2500\u2500\u2500\u2500\u2518\u2514\u2500\u2500\u2500\u2500\u2500\u2500\u252c\u2500\u2500\u2500\u2500\u2500\u2500\u2518\u2514\u2500\u2500\u2500\u2500\u2500\u2500\u2500\u2500\u2500\u2500\u2500\u2500\u2500\u2518\u2514\u2500\u2500\u2500\u2500\u2500\u2500\u2500\u2500\u2500\u2500\u2500\u2500\u2500\u2518\u2514\u2500\u2500\u2500\u2500\u2500\u2500\u2500\u2500\u2500\u2500\u2500\u2500\u2500\u2518\u2514\u2500\u2500\u2500\u2500\u2500\u2500\u252c\u2500\u2500\u2500\u2500\u2500\u2500\u2518\u2514\u2500\u2500\u2500\u2500\u2500\u2500\u2500\u2500\u2500\u2500\u2500\u2500\u2500\u2518\u2514\u2500\u2500\u2500\u2500\u2500\u2500\u2500\u2500\u2500\u2500\u2500\u2500\u2500\u2518               \u2514\u2500\u2500\u2500\u2500\u2500\u2500\u2500\u2500\u2500\u2500\u2500\u2500\u2500\u2518\n               \u250c\u2500\u2500\u2500\u2500\u2500\u2500\u2534\u2500\u2500\u2500\u2500\u2500\u2500\u2510                                             \u250c\u2500\u2500\u2500\u2500\u2500\u2500\u2534\u2500\u2500\u2500\u2500\u2500\u2500\u2510\n               \u2502  SEQ_SCAN   \u2502                                             \u2502  SEQ_SCAN   \u2502\n               \u2502    \u2500\u2500\u2500\u2500\u2500\u2500   \u2502                                             \u2502    \u2500\u2500\u2500\u2500\u2500\u2500   \u2502\n               \u2502    Table:   \u2502                                             \u2502    Table:   \u2502\n               \u2502   time_dim  \u2502                                             \u2502   time_dim  \u2502\n               \u2502             \u2502                                             \u2502             \u2502\n               \u2502    Type:    \u2502                                             \u2502    Type:    \u2502\n               \u2502  Sequential \u2502                                             \u2502  Sequential \u2502\n               \u2502     Scan    \u2502                                             \u2502     Scan    \u2502\n               \u2502             \u2502                                             \u2502             \u2502\n               \u2502 Projections:\u2502                                             \u2502 Projections:\u2502\n               \u2502  t_time_sk  \u2502                                             \u2502  t_time_sk  \u2502\n               \u2502             \u2502                                             \u2502             \u2502\n               \u2502   Filters:  \u2502                                             \u2502   Filters:  \u2502\n               \u2502  t_hour=11  \u2502                                             \u2502  t_hour=12  \u2502\n               \u2502 t_minute>=30\u2502                                             \u2502 t_minute<30 \u2502\n               \u2502             \u2502                                             \u2502             \u2502\n               \u2502 ~3,600 rows \u2502                                             \u2502 ~3,600 rows \u2502\n               \u2514\u2500\u2500\u2500\u2500\u2500\u2500\u2500\u2500\u2500\u2500\u2500\u2500\u2500\u2518                                             \u2514\u2500\u2500\u2500\u2500\u2500\u2500\u2500\u2500\u2500\u2500\u2500\u2500\u2500\u2518\n",
  "plan_json": {
    "total_bytes_written": 0,
    "total_bytes_read": 0,
    "rows_returned": 0,
    "latency": 0.0,
    "result_set_size": 0,
    "query_name": "",
    "blocked_thread_time": 0.0,
    "system_peak_buffer_memory": 0,
    "system_peak_temp_dir_size": 0,
    "cpu_time": 0.0,
    "extra_info": {},
    "cumulative_cardinality": 0,
    "cumulative_rows_scanned": 0,
    "children": [
      {
        "total_bytes_written": 0,
        "total_bytes_read": 0,
        "result_set_size": 0,
        "operator_name": "EXPLAIN_ANALYZE",
        "cpu_time": 0.0,
        "extra_info": {},
        "cumulative_cardinality": 0,
        "operator_type": "EXPLAIN_ANALYZE",
        "operator_cardinality": 0,
        "cumulative_rows_scanned": 0,
        "operator_rows_scanned": 0,
        "operator_timing": 2.96e-07,
        "children": [
          {
            "total_bytes_written": 0,
            "total_bytes_read": 0,
            "result_set_size": 64,
            "operator_name": "PROJECTION",
            "cpu_time": 0.0,
            "extra_info": {
              "Projections": [
                "h8_30_to_9",
                "h9_to_9_30",
                "h9_30_to_10",
                "h10_to_10_30",
                "h10_30_to_11",
                "h11_to_11_30",
                "h11_30_to_12",
                "h12_to_12_30"
              ],
              "Estimated Cardinality": "1"
            },
            "cumulative_cardinality": 0,
            "operator_type": "PROJECTION",
            "operator_cardinality": 1,
            "cumulative_rows_scanned": 0,
            "operator_rows_scanned": 0,
            "operator_timing": 1.007e-06,
            "children": [
              {
                "total_bytes_written": 0,
                "total_bytes_read": 0,
                "result_set_size": 64,
                "operator_name": "CROSS_PRODUCT",
                "cpu_time": 0.0,
                "extra_info": {},
                "cumulative_cardinality": 0,
                "operator_type": "CROSS_PRODUCT",
                "operator_cardinality": 1,
                "cumulative_rows_scanned": 0,
                "operator_rows_scanned": 0,
                "operator_timing": 6.5145e-05,
                "children": [
                  {
                    "total_bytes_written": 0,
                    "total_bytes_read": 0,
                    "result_set_size": 56,
                    "operator_name": "CROSS_PRODUCT",
                    "cpu_time": 0.0,
                    "extra_info": {},
                    "cumulative_cardinality": 0,
                    "operator_type": "CROSS_PRODUCT",
                    "operator_cardinality": 1,
                    "cumulative_rows_scanned": 0,
                    "operator_rows_scanned": 0,
                    "operator_timing": 1.4830999999999999e-05,
                    "children": [
                      {
                        "total_bytes_written": 0,
                        "total_bytes_read": 0,
                        "result_set_size": 48,
                        "operator_name": "CROSS_PRODUCT",
                        "cpu_time": 0.0,
                        "extra_info": {},
                        "cumulative_cardinality": 0,
                        "operator_type": "CROSS_PRODUCT",
                        "operator_cardinality": 1,
                        "cumulative_rows_scanned": 0,
                        "operator_rows_scanned": 0,
                        "operator_timing": 1.4903e-05,
                        "children": [
                          {
                            "total_bytes_written": 0,
                            "total_bytes_read": 0,
                            "result_set_size": 40,
                            "operator_name": "CROSS_PRODUCT",
                            "cpu_time": 0.0,
                            "extra_info": {},
                            "cumulative_cardinality": 0,
                            "operator_type": "CROSS_PRODUCT",
                            "operator_cardinality": 1,
                            "cumulative_rows_scanned": 0,
                            "operator_rows_scanned": 0,
                            "operator_timing": 4.6907e-05,
                            "children": [
                              {
                                "total_bytes_written": 0,
                                "total_bytes_read": 0,
                                "result_set_size": 32,
                                "operator_name": "CROSS_PRODUCT",
                                "cpu_time": 0.0,
                                "extra_info": {},
                                "cumulative_cardinality": 0,
                                "operator_type": "CROSS_PRODUCT",
                                "operator_cardinality": 1,
                                "cumulative_rows_scanned": 0,
                                "operator_rows_scanned": 0,
                                "operator_timing": 1.359e-05,
                                "children": [
                                  {
                                    "total_bytes_written": 0,
                                    "total_bytes_read": 0,
                                    "result_set_size": 24,
                                    "operator_name": "CROSS_PRODUCT",
                                    "cpu_time": 0.0,
                                    "extra_info": {},
                                    "cumulative_cardinality": 0,
                                    "operator_type": "CROSS_PRODUCT",
                                    "operator_cardinality": 1,
                                    "cumulative_rows_scanned": 0,
                                    "operator_rows_scanned": 0,
                                    "operator_timing": 1.1406000000000002e-05,
                                    "children": [
                                      {
                                        "total_bytes_written": 0,
                                        "total_bytes_read": 0,
                                        "result_set_size": 16,
                                        "operator_name": "CROSS_PRODUCT",
                                        "cpu_time": 0.0,
                                        "extra_info": {},
                                        "cumulative_cardinality": 0,
                                        "operator_type": "CROSS_PRODUCT",
                                        "operator_cardinality": 1,
                                        "cumulative_rows_scanned": 0,
                                        "operator_rows_scanned": 0,
                                        "operator_timing": 5.0774e-05,
                                        "children": [
                                          {
                                            "total_bytes_written": 0,
                                            "total_bytes_read": 0,
                                            "result_set_size": 8,
                                            "operator_name": "UNGROUPED_AGGREGATE",
                                            "cpu_time": 0.0,
                                            "extra_info": {
                                              "Aggregates": "count_star()"
                                            },
                                            "cumulative_cardinality": 0,
                                            "operator_type": "UNGROUPED_AGGREGATE",
                                            "operator_cardinality": 1,
                                            "cumulative_rows_scanned": 0,
                                            "operator_rows_scanned": 0,
                                            "operator_timing": 0.000129343,
                                            "children": [
                                              {
                                                "total_bytes_written": 0,
                                                "total_bytes_read": 0,
                                                "result_set_size": 300132,
                                                "operator_name": "HASH_JOIN",
                                                "cpu_time": 0.0,
                                                "extra_info": {
                                                  "Join Type": "INNER",
                                                  "Conditions": "ss_hdemo_sk = hd_demo_sk",
                                                  "Estimated Cardinality": "30905"
                                                },
                                                "cumulative_cardinality": 0,
                                                "operator_type": "HASH_JOIN",
                                                "operator_cardinality": 25011,
                                                "cumulative_rows_scanned": 0,
                                                "operator_rows_scanned": 0,
                                                "operator_timing": 0.004728273999999999,
                                                "children": [
                                                  {
                                                    "total_bytes_written": 0,
                                                    "total_bytes_read": 0,
                                                    "result_set_size": 881320,
                                                    "operator_name": "HASH_JOIN",
                                                    "cpu_time": 0.0,
                                                    "extra_info": {
                                                      "Join Type": "INNER",
                                                      "Conditions": "ss_store_sk = s_store_sk",
                                                      "Estimated Cardinality": "154525"
                                                    },
                                                    "cumulative_cardinality": 0,
                                                    "operator_type": "HASH_JOIN",
                                                    "operator_cardinality": 110165,
                                                    "cumulative_rows_scanned": 0,
                                                    "operator_rows_scanned": 0,
                                                    "operator_timing": 0.009196057999999997,
                                                    "children": [
                                                      {
                                                        "total_bytes_written": 0,
                                                        "total_bytes_read": 0,
                                                        "result_set_size": 8629032,
                                                        "operator_name": "HASH_JOIN",
                                                        "cpu_time": 0.0,
                                                        "extra_info": {
                                                          "Join Type": "INNER",
                                                          "Conditions": "ss_sold_time_sk = t_time_sk",
                                                          "Estimated Cardinality": "1404774"
                                                        },
                                                        "cumulative_cardinality": 0,
                                                        "operator_type": "HASH_JOIN",
                                                        "operator_cardinality": 719086,
                                                        "cumulative_rows_scanned": 0,
                                                        "operator_rows_scanned": 0,
                                                        "operator_timing": 0.04438001699999999,
                                                        "children": [
                                                          {
                                                            "total_bytes_written": 0,
                                                            "total_bytes_read": 0,
                                                            "result_set_size": 8629032,
                                                            "operator_name": "SEQ_SCAN ",
                                                            "cpu_time": 0.0,
                                                            "extra_info": {
                                                              "Table": "store_sales",
                                                              "Type": "Sequential Scan",
                                                              "Projections": [
                                                                "ss_sold_time_sk",
                                                                "ss_hdemo_sk",
                                                                "ss_store_sk"
                                                              ],
                                                              "Estimated Cardinality": "28800991"
                                                            },
                                                            "cumulative_cardinality": 0,
                                                            "operator_type": "TABLE_SCAN",
                                                            "operator_cardinality": 719086,
                                                            "cumulative_rows_scanned": 0,
                                                            "operator_rows_scanned": 345611892,
                                                            "operator_timing": 0.25000000899999997,
                                                            "children": []
                                                          },
                                                          {
                                                            "total_bytes_written": 0,
                                                            "total_bytes_read": 0,
                                                            "result_set_size": 7200,
                                                            "operator_name": "FILTER",
                                                            "cpu_time": 0.0,
                                                            "extra_info": {
                                                              "Expression": "(t_time_sk BETWEEN 28800 AND 75599)",
                                                              "Estimated Cardinality": "3600"
                                                            },
                                                            "cumulative_cardinality": 0,
                                                            "operator_type": "FILTER",
                                                            "operator_cardinality": 1800,
                                                            "cumulative_rows_scanned": 0,
                                                            "operator_rows_scanned": 0,
                                                            "operator_timing": 0.00012408900000000002,
                                                            "children": [
                                                              {
                                                                "total_bytes_written": 0,
                                                                "total_bytes_read": 0,
                                                                "result_set_size": 7200,
                                                                "operator_name": "SEQ_SCAN ",
                                                                "cpu_time": 0.0,
                                                                "extra_info": {
                                                                  "Table": "time_dim",
                                                                  "Type": "Sequential Scan",
                                                                  "Projections": "t_time_sk",
                                                                  "Filters": [
                                                                    "t_hour=11",
                                                                    "t_minute>=30"
                                                                  ],
                                                                  "Estimated Cardinality": "3600"
                                                                },
                                                                "cumulative_cardinality": 0,
                                                                "operator_type": "TABLE_SCAN",
                                                                "operator_cardinality": 1800,
                                                                "cumulative_rows_scanned": 0,
                                                                "operator_rows_scanned": 86400,
                                                                "operator_timing": 0.0072345149999999995,
                                                                "children": []
                                                              }
                                                            ]
                                                          }
                                                        ]
                                                      },
                                                      {
                                                        "total_bytes_written": 0,
                                                        "total_bytes_read": 0,
                                                        "result_set_size": 56,
                                                        "operator_name": "FILTER",
                                                        "cpu_time": 0.0,
                                                        "extra_info": {
                                                          "Expression": "(s_store_sk <= 100)",
                                                          "Estimated Cardinality": "11"
                                                        },
                                                        "cumulative_cardinality": 0,
                                                        "operator_type": "FILTER",
                                                        "operator_cardinality": 14,
                                                        "cumulative_rows_scanned": 0,
                                                        "operator_rows_scanned": 0,
                                                        "operator_timing": 2.5418e-05,
                                                        "children": [
                                                          {
                                                            "total_bytes_written": 0,
                                                            "total_bytes_read": 0,
                                                            "result_set_size": 56,
                                                            "operator_name": "SEQ_SCAN ",
                                                            "cpu_time": 0.0,
                                                            "extra_info": {
                                                              "Table": "store",
                                                              "Type": "Sequential Scan",
                                                              "Projections": "s_store_sk",
                                                              "Filters": "s_store_name='ese'",
                                                              "Estimated Cardinality": "11"
                                                            },
                                                            "cumulative_cardinality": 0,
                                                            "operator_type": "TABLE_SCAN",
                                                            "operator_cardinality": 14,
                                                            "cumulative_rows_scanned": 0,
                                                            "operator_rows_scanned": 102,
                                                            "operator_timing": 2.4131e-05,
                                                            "children": []
                                                          }
                                                        ]
                                                      }
                                                    ]
                                                  },
                                                  {
                                                    "total_bytes_written": 0,
                                                    "total_bytes_read": 0,
                                                    "result_set_size": 5760,
                                                    "operator_name": "PROJECTION",
                                                    "cpu_time": 0.0,
                                                    "extra_info": {
                                                      "Projections": "#0",
                                                      "Estimated Cardinality": "1440"
                                                    },
                                                    "cumulative_cardinality": 0,
                                                    "operator_type": "PROJECTION",
                                                    "operator_cardinality": 1440,
                                                    "cumulative_rows_scanned": 0,
                                                    "operator_rows_scanned": 0,
                                                    "operator_timing": 2.662e-06,
                                                    "children": [
                                                      {
                                                        "total_bytes_written": 0,
                                                        "total_bytes_read": 0,
                                                        "result_set_size": 17280,
                                                        "operator_name": "FILTER",
                                                        "cpu_time": 0.0,
                                                        "extra_info": {
                                                          "Expression": "((hd_dep_count = 4) OR (hd_dep_count = 3))",
                                                          "Estimated Cardinality": "1440"
                                                        },
                                                        "cumulative_cardinality": 0,
                                                        "operator_type": "FILTER",
                                                        "operator_cardinality": 1440,
                                                        "cumulative_rows_scanned": 0,
                                                        "operator_rows_scanned": 0,
                                                        "operator_timing": 0.000105257,
                                                        "children": [
                                                          {
                                                            "total_bytes_written": 0,
                                                            "total_bytes_read": 0,
                                                            "result_set_size": 86400,
                                                            "operator_name": "SEQ_SCAN ",
                                                            "cpu_time": 0.0,
                                                            "extra_info": {
                                                              "Table": "household_demographics",
                                                              "Type": "Sequential Scan",
                                                              "Projections": [
                                                                "hd_demo_sk",
                                                                "hd_dep_count",
                                                                "hd_vehicle_count"
                                                              ],
                                                              "Estimated Cardinality": "7200"
                                                            },
                                                            "cumulative_cardinality": 0,
                                                            "operator_type": "TABLE_SCAN",
                                                            "operator_cardinality": 7200,
                                                            "cumulative_rows_scanned": 0,
                                                            "operator_rows_scanned": 7200,
                                                            "operator_timing": 0.007250368,
                                                            "children": []
                                                          }
                                                        ]
                                                      }
                                                    ]
                                                  }
                                                ]
                                              }
                                            ]
                                          },
                                          {
                                            "total_bytes_written": 0,
                                            "total_bytes_read": 0,
                                            "result_set_size": 8,
                                            "operator_name": "UNGROUPED_AGGREGATE",
                                            "cpu_time": 0.0,
                                            "extra_info": {
                                              "Aggregates": "count_star()"
                                            },
                                            "cumulative_cardinality": 0,
                                            "operator_type": "UNGROUPED_AGGREGATE",
                                            "operator_cardinality": 1,
                                            "cumulative_rows_scanned": 0,
                                            "operator_rows_scanned": 0,
                                            "operator_timing": 0.00012220300000000004,
                                            "children": [
                                              {
                                                "total_bytes_written": 0,
                                                "total_bytes_read": 0,
                                                "result_set_size": 341916,
                                                "operator_name": "HASH_JOIN",
                                                "cpu_time": 0.0,
                                                "extra_info": {
                                                  "Join Type": "INNER",
                                                  "Conditions": "ss_hdemo_sk = hd_demo_sk",
                                                  "Estimated Cardinality": "30905"
                                                },
                                                "cumulative_cardinality": 0,
                                                "operator_type": "HASH_JOIN",
                                                "operator_cardinality": 28493,
                                                "cumulative_rows_scanned": 0,
                                                "operator_rows_scanned": 0,
                                                "operator_timing": 0.005895871,
                                                "children": [
                                                  {
                                                    "total_bytes_written": 0,
                                                    "total_bytes_read": 0,
                                                    "result_set_size": 1008240,
                                                    "operator_name": "HASH_JOIN",
                                                    "cpu_time": 0.0,
                                                    "extra_info": {
                                                      "Join Type": "INNER",
                                                      "Conditions": "ss_store_sk = s_store_sk",
                                                      "Estimated Cardinality": "154525"
                                                    },
                                                    "cumulative_cardinality": 0,
                                                    "operator_type": "HASH_JOIN",
                                                    "operator_cardinality": 126030,
                                                    "cumulative_rows_scanned": 0,
                                                    "operator_rows_scanned": 0,
                                                    "operator_timing": 0.012256941999999998,
                                                    "children": [
                                                      {
                                                        "total_bytes_written": 0,
                                                        "total_bytes_read": 0,
                                                        "result_set_size": 9973872,
                                                        "operator_name": "HASH_JOIN",
                                                        "cpu_time": 0.0,
                                                        "extra_info": {
                                                          "Join Type": "INNER",
                                                          "Conditions": "ss_sold_time_sk = t_time_sk",
                                                          "Estimated Cardinality": "1404774"
                                                        },
                                                        "cumulative_cardinality": 0,
                                                        "operator_type": "HASH_JOIN",
                                                        "operator_cardinality": 831156,
                                                        "cumulative_rows_scanned": 0,
                                                        "operator_rows_scanned": 0,
                                                        "operator_timing": 0.04132518799999998,
                                                        "children": [
                                                          {
                                                            "total_bytes_written": 0,
                                                            "total_bytes_read": 0,
                                                            "result_set_size": 9973872,
                                                            "operator_name": "SEQ_SCAN ",
                                                            "cpu_time": 0.0,
                                                            "extra_info": {
                                                              "Table": "store_sales",
                                                              "Type": "Sequential Scan",
                                                              "Projections": [
                                                                "ss_sold_time_sk",
                                                                "ss_hdemo_sk",
                                                                "ss_store_sk"
                                                              ],
                                                              "Estimated Cardinality": "28800991"
                                                            },
                                                            "cumulative_cardinality": 0,
                                                            "operator_type": "TABLE_SCAN",
                                                            "operator_cardinality": 831156,
                                                            "cumulative_rows_scanned": 0,
                                                            "operator_rows_scanned": 345611892,
                                                            "operator_timing": 0.25242703699999997,
                                                            "children": []
                                                          },
                                                          {
                                                            "total_bytes_written": 0,
                                                            "total_bytes_read": 0,
                                                            "result_set_size": 7200,
                                                            "operator_name": "FILTER",
                                                            "cpu_time": 0.0,
                                                            "extra_info": {
                                                              "Expression": "(t_time_sk BETWEEN 28800 AND 75599)",
                                                              "Estimated Cardinality": "3600"
                                                            },
                                                            "cumulative_cardinality": 0,
                                                            "operator_type": "FILTER",
                                                            "operator_cardinality": 1800,
                                                            "cumulative_rows_scanned": 0,
                                                            "operator_rows_scanned": 0,
                                                            "operator_timing": 0.00031086,
                                                            "children": [
                                                              {
                                                                "total_bytes_written": 0,
                                                                "total_bytes_read": 0,
                                                                "result_set_size": 7200,
                                                                "operator_name": "SEQ_SCAN ",
                                                                "cpu_time": 0.0,
                                                                "extra_info": {
                                                                  "Table": "time_dim",
                                                                  "Type": "Sequential Scan",
                                                                  "Projections": "t_time_sk",
                                                                  "Filters": [
                                                                    "t_hour=12",
                                                                    "t_minute<30"
                                                                  ],
                                                                  "Estimated Cardinality": "3600"
                                                                },
                                                                "cumulative_cardinality": 0,
                                                                "operator_type": "TABLE_SCAN",
                                                                "operator_cardinality": 1800,
                                                                "cumulative_rows_scanned": 0,
                                                                "operator_rows_scanned": 86400,
                                                                "operator_timing": 0.007858197999999999,
                                                                "children": []
                                                              }
                                                            ]
                                                          }
                                                        ]
                                                      },
                                                      {
                                                        "total_bytes_written": 0,
                                                        "total_bytes_read": 0,
                                                        "result_set_size": 56,
                                                        "operator_name": "FILTER",
                                                        "cpu_time": 0.0,
                                                        "extra_info": {
                                                          "Expression": "(s_store_sk <= 100)",
                                                          "Estimated Cardinality": "11"
                                                        },
                                                        "cumulative_cardinality": 0,
                                                        "operator_type": "FILTER",
                                                        "operator_cardinality": 14,
                                                        "cumulative_rows_scanned": 0,
                                                        "operator_rows_scanned": 0,
                                                        "operator_timing": 2.5084000000000002e-05,
                                                        "children": [
                                                          {
                                                            "total_bytes_written": 0,
                                                            "total_bytes_read": 0,
                                                            "result_set_size": 56,
                                                            "operator_name": "SEQ_SCAN ",
                                                            "cpu_time": 0.0,
                                                            "extra_info": {
                                                              "Table": "store",
                                                              "Type": "Sequential Scan",
                                                              "Projections": "s_store_sk",
                                                              "Filters": "s_store_name='ese'",
                                                              "Estimated Cardinality": "11"
                                                            },
                                                            "cumulative_cardinality": 0,
                                                            "operator_type": "TABLE_SCAN",
                                                            "operator_cardinality": 14,
                                                            "cumulative_rows_scanned": 0,
                                                            "operator_rows_scanned": 102,
                                                            "operator_timing": 3.2815000000000003e-05,
                                                            "children": []
                                                          }
                                                        ]
                                                      }
                                                    ]
                                                  },
                                                  {
                                                    "total_bytes_written": 0,
                                                    "total_bytes_read": 0,
                                                    "result_set_size": 5760,
                                                    "operator_name": "PROJECTION",
                                                    "cpu_time": 0.0,
                                                    "extra_info": {
                                                      "Projections": "#0",
                                                      "Estimated Cardinality": "1440"
                                                    },
                                                    "cumulative_cardinality": 0,
                                                    "operator_type": "PROJECTION",
                                                    "operator_cardinality": 1440,
                                                    "cumulative_rows_scanned": 0,
                                                    "operator_rows_scanned": 0,
                                                    "operator_timing": 2.451e-06,
                                                    "children": [
                                                      {
                                                        "total_bytes_written": 0,
                                                        "total_bytes_read": 0,
                                                        "result_set_size": 17280,
                                                        "operator_name": "FILTER",
                                                        "cpu_time": 0.0,
                                                        "extra_info": {
                                                          "Expression": "((hd_dep_count = 4) OR (hd_dep_count = 3))",
                                                          "Estimated Cardinality": "1440"
                                                        },
                                                        "cumulative_cardinality": 0,
                                                        "operator_type": "FILTER",
                                                        "operator_cardinality": 1440,
                                                        "cumulative_rows_scanned": 0,
                                                        "operator_rows_scanned": 0,
                                                        "operator_timing": 0.0005876869999999999,
                                                        "children": [
                                                          {
                                                            "total_bytes_written": 0,
                                                            "total_bytes_read": 0,
                                                            "result_set_size": 86400,
                                                            "operator_name": "SEQ_SCAN ",
                                                            "cpu_time": 0.0,
                                                            "extra_info": {
                                                              "Table": "household_demographics",
                                                              "Type": "Sequential Scan",
                                                              "Projections": [
                                                                "hd_demo_sk",
                                                                "hd_dep_count",
                                                                "hd_vehicle_count"
                                                              ],
                                                              "Estimated Cardinality": "7200"
                                                            },
                                                            "cumulative_cardinality": 0,
                                                            "operator_type": "TABLE_SCAN",
                                                            "operator_cardinality": 7200,
                                                            "cumulative_rows_scanned": 0,
                                                            "operator_rows_scanned": 7200,
                                                            "operator_timing": 0.009730273,
                                                            "children": []
                                                          }
                                                        ]
                                                      }
                                                    ]
                                                  }
                                                ]
                                              }
                                            ]
                                          }
                                        ]
                                      },
                                      {
                                        "total_bytes_written": 0,
                                        "total_bytes_read": 0,
                                        "result_set_size": 8,
                                        "operator_name": "UNGROUPED_AGGREGATE",
                                        "cpu_time": 0.0,
                                        "extra_info": {
                                          "Aggregates": "count_star()"
                                        },
                                        "cumulative_cardinality": 0,
                                        "operator_type": "UNGROUPED_AGGREGATE",
                                        "operator_cardinality": 1,
                                        "cumulative_rows_scanned": 0,
                                        "operator_rows_scanned": 0,
                                        "operator_timing": 0.000134409,
                                        "children": [
                                          {
                                            "total_bytes_written": 0,
                                            "total_bytes_read": 0,
                                            "result_set_size": 315060,
                                            "operator_name": "HASH_JOIN",
                                            "cpu_time": 0.0,
                                            "extra_info": {
                                              "Join Type": "INNER",
                                              "Conditions": "ss_hdemo_sk = hd_demo_sk",
                                              "Estimated Cardinality": "30905"
                                            },
                                            "cumulative_cardinality": 0,
                                            "operator_type": "HASH_JOIN",
                                            "operator_cardinality": 26255,
                                            "cumulative_rows_scanned": 0,
                                            "operator_rows_scanned": 0,
                                            "operator_timing": 0.005318023000000001,
                                            "children": [
                                              {
                                                "total_bytes_written": 0,
                                                "total_bytes_read": 0,
                                                "result_set_size": 884256,
                                                "operator_name": "HASH_JOIN",
                                                "cpu_time": 0.0,
                                                "extra_info": {
                                                  "Join Type": "INNER",
                                                  "Conditions": "ss_store_sk = s_store_sk",
                                                  "Estimated Cardinality": "154525"
                                                },
                                                "cumulative_cardinality": 0,
                                                "operator_type": "HASH_JOIN",
                                                "operator_cardinality": 110532,
                                                "cumulative_rows_scanned": 0,
                                                "operator_rows_scanned": 0,
                                                "operator_timing": 0.00963035,
                                                "children": [
                                                  {
                                                    "total_bytes_written": 0,
                                                    "total_bytes_read": 0,
                                                    "result_set_size": 8655900,
                                                    "operator_name": "HASH_JOIN",
                                                    "cpu_time": 0.0,
                                                    "extra_info": {
                                                      "Join Type": "INNER",
                                                      "Conditions": "ss_sold_time_sk = t_time_sk",
                                                      "Estimated Cardinality": "1404774"
                                                    },
                                                    "cumulative_cardinality": 0,
                                                    "operator_type": "HASH_JOIN",
                                                    "operator_cardinality": 721325,
                                                    "cumulative_rows_scanned": 0,
                                                    "operator_rows_scanned": 0,
                                                    "operator_timing": 0.03699356300000001,
                                                    "children": [
                                                      {
                                                        "total_bytes_written": 0,
                                                        "total_bytes_read": 0,
                                                        "result_set_size": 8655900,
                                                        "operator_name": "SEQ_SCAN ",
                                                        "cpu_time": 0.0,
                                                        "extra_info": {
                                                          "Table": "store_sales",
                                                          "Type": "Sequential Scan",
                                                          "Projections": [
                                                            "ss_sold_time_sk",
                                                            "ss_hdemo_sk",
                                                            "ss_store_sk"
                                                          ],
                                                          "Estimated Cardinality": "28800991"
                                                        },
                                                        "cumulative_cardinality": 0,
                                                        "operator_type": "TABLE_SCAN",
                                                        "operator_cardinality": 721325,
                                                        "cumulative_rows_scanned": 0,
                                                        "operator_rows_scanned": 345611892,
                                                        "operator_timing": 0.253269795,
                                                        "children": []
                                                      },
                                                      {
                                                        "total_bytes_written": 0,
                                                        "total_bytes_read": 0,
                                                        "result_set_size": 7200,
                                                        "operator_name": "FILTER",
                                                        "cpu_time": 0.0,
                                                        "extra_info": {
                                                          "Expression": "(t_time_sk BETWEEN 28800 AND 75599)",
                                                          "Estimated Cardinality": "3600"
                                                        },
                                                        "cumulative_cardinality": 0,
                                                        "operator_type": "FILTER",
                                                        "operator_cardinality": 1800,
                                                        "cumulative_rows_scanned": 0,
                                                        "operator_rows_scanned": 0,
                                                        "operator_timing": 0.000121432,
                                                        "children": [
                                                          {
                                                            "total_bytes_written": 0,
                                                            "total_bytes_read": 0,
                                                            "result_set_size": 7200,
                                                            "operator_name": "SEQ_SCAN ",
                                                            "cpu_time": 0.0,
                                                            "extra_info": {
                                                              "Table": "time_dim",
                                                              "Type": "Sequential Scan",
                                                              "Projections": "t_time_sk",
                                                              "Filters": [
                                                                "t_hour=11",
                                                                "t_minute<30"
                                                              ],
                                                              "Estimated Cardinality": "3600"
                                                            },
                                                            "cumulative_cardinality": 0,
                                                            "operator_type": "TABLE_SCAN",
                                                            "operator_cardinality": 1800,
                                                            "cumulative_rows_scanned": 0,
                                                            "operator_rows_scanned": 86400,
                                                            "operator_timing": 0.01109636,
                                                            "children": []
                                                          }
                                                        ]
                                                      }
                                                    ]
                                                  },
                                                  {
                                                    "total_bytes_written": 0,
                                                    "total_bytes_read": 0,
                                                    "result_set_size": 56,
                                                    "operator_name": "FILTER",
                                                    "cpu_time": 0.0,
                                                    "extra_info": {
                                                      "Expression": "(s_store_sk <= 100)",
                                                      "Estimated Cardinality": "11"
                                                    },
                                                    "cumulative_cardinality": 0,
                                                    "operator_type": "FILTER",
                                                    "operator_cardinality": 14,
                                                    "cumulative_rows_scanned": 0,
                                                    "operator_rows_scanned": 0,
                                                    "operator_timing": 0.000143341,
                                                    "children": [
                                                      {
                                                        "total_bytes_written": 0,
                                                        "total_bytes_read": 0,
                                                        "result_set_size": 56,
                                                        "operator_name": "SEQ_SCAN ",
                                                        "cpu_time": 0.0,
                                                        "extra_info": {
                                                          "Table": "store",
                                                          "Type": "Sequential Scan",
                                                          "Projections": "s_store_sk",
                                                          "Filters": "s_store_name='ese'",
                                                          "Estimated Cardinality": "11"
                                                        },
                                                        "cumulative_cardinality": 0,
                                                        "operator_type": "TABLE_SCAN",
                                                        "operator_cardinality": 14,
                                                        "cumulative_rows_scanned": 0,
                                                        "operator_rows_scanned": 102,
                                                        "operator_timing": 0.0011274730000000001,
                                                        "children": []
                                                      }
                                                    ]
                                                  }
                                                ]
                                              },
                                              {
                                                "total_bytes_written": 0,
                                                "total_bytes_read": 0,
                                                "result_set_size": 5760,
                                                "operator_name": "PROJECTION",
                                                "cpu_time": 0.0,
                                                "extra_info": {
                                                  "Projections": "#0",
                                                  "Estimated Cardinality": "1440"
                                                },
                                                "cumulative_cardinality": 0,
                                                "operator_type": "PROJECTION",
                                                "operator_cardinality": 1440,
                                                "cumulative_rows_scanned": 0,
                                                "operator_rows_scanned": 0,
                                                "operator_timing": 3.278e-06,
                                                "children": [
                                                  {
                                                    "total_bytes_written": 0,
                                                    "total_bytes_read": 0,
                                                    "result_set_size": 17280,
                                                    "operator_name": "FILTER",
                                                    "cpu_time": 0.0,
                                                    "extra_info": {
                                                      "Expression": "((hd_dep_count = 4) OR (hd_dep_count = 3))",
                                                      "Estimated Cardinality": "1440"
                                                    },
                                                    "cumulative_cardinality": 0,
                                                    "operator_type": "FILTER",
                                                    "operator_cardinality": 1440,
                                                    "cumulative_rows_scanned": 0,
                                                    "operator_rows_scanned": 0,
                                                    "operator_timing": 0.00074781,
                                                    "children": [
                                                      {
                                                        "total_bytes_written": 0,
                                                        "total_bytes_read": 0,
                                                        "result_set_size": 86400,
                                                        "operator_name": "SEQ_SCAN ",
                                                        "cpu_time": 0.0,
                                                        "extra_info": {
                                                          "Table": "household_demographics",
                                                          "Type": "Sequential Scan",
                                                          "Projections": [
                                                            "hd_demo_sk",
                                                            "hd_dep_count",
                                                            "hd_vehicle_count"
                                                          ],
                                                          "Estimated Cardinality": "7200"
                                                        },
                                                        "cumulative_cardinality": 0,
                                                        "operator_type": "TABLE_SCAN",
                                                        "operator_cardinality": 7200,
                                                        "cumulative_rows_scanned": 0,
                                                        "operator_rows_scanned": 7200,
                                                        "operator_timing": 0.009904732000000001,
                                                        "children": []
                                                      }
                                                    ]
                                                  }
                                                ]
                                              }
                                            ]
                                          }
                                        ]
                                      }
                                    ]
                                  },
                                  {
                                    "total_bytes_written": 0,
                                    "total_bytes_read": 0,
                                    "result_set_size": 8,
                                    "operator_name": "UNGROUPED_AGGREGATE",
                                    "cpu_time": 0.0,
                                    "extra_info": {
                                      "Aggregates": "count_star()"
                                    },
                                    "cumulative_cardinality": 0,
                                    "operator_type": "UNGROUPED_AGGREGATE",
                                    "operator_cardinality": 1,
                                    "cumulative_rows_scanned": 0,
                                    "operator_rows_scanned": 0,
                                    "operator_timing": 0.00018429700000000004,
                                    "children": [
                                      {
                                        "total_bytes_written": 0,
                                        "total_bytes_read": 0,
                                        "result_set_size": 541944,
                                        "operator_name": "HASH_JOIN",
                                        "cpu_time": 0.0,
                                        "extra_info": {
                                          "Join Type": "INNER",
                                          "Conditions": "ss_hdemo_sk = hd_demo_sk",
                                          "Estimated Cardinality": "30905"
                                        },
                                        "cumulative_cardinality": 0,
                                        "operator_type": "HASH_JOIN",
                                        "operator_cardinality": 45162,
                                        "cumulative_rows_scanned": 0,
                                        "operator_rows_scanned": 0,
                                        "operator_timing": 0.005254929000000001,
                                        "children": [
                                          {
                                            "total_bytes_written": 0,
                                            "total_bytes_read": 0,
                                            "result_set_size": 1535656,
                                            "operator_name": "HASH_JOIN",
                                            "cpu_time": 0.0,
                                            "extra_info": {
                                              "Join Type": "INNER",
                                              "Conditions": "ss_store_sk = s_store_sk",
                                              "Estimated Cardinality": "154525"
                                            },
                                            "cumulative_cardinality": 0,
                                            "operator_type": "HASH_JOIN",
                                            "operator_cardinality": 191957,
                                            "cumulative_rows_scanned": 0,
                                            "operator_rows_scanned": 0,
                                            "operator_timing": 0.023760970000000006,
                                            "children": [
                                              {
                                                "total_bytes_written": 0,
                                                "total_bytes_read": 0,
                                                "result_set_size": 15044064,
                                                "operator_name": "HASH_JOIN",
                                                "cpu_time": 0.0,
                                                "extra_info": {
                                                  "Join Type": "INNER",
                                                  "Conditions": "ss_sold_time_sk = t_time_sk",
                                                  "Estimated Cardinality": "1404774"
                                                },
                                                "cumulative_cardinality": 0,
                                                "operator_type": "HASH_JOIN",
                                                "operator_cardinality": 1253672,
                                                "cumulative_rows_scanned": 0,
                                                "operator_rows_scanned": 0,
                                                "operator_timing": 0.03393797299999998,
                                                "children": [
                                                  {
                                                    "total_bytes_written": 0,
                                                    "total_bytes_read": 0,
                                                    "result_set_size": 15044064,
                                                    "operator_name": "SEQ_SCAN ",
                                                    "cpu_time": 0.0,
                                                    "extra_info": {
                                                      "Table": "store_sales",
                                                      "Type": "Sequential Scan",
                                                      "Projections": [
                                                        "ss_sold_time_sk",
                                                        "ss_hdemo_sk",
                                                        "ss_store_sk"
                                                      ],
                                                      "Estimated Cardinality": "28800991"
                                                    },
                                                    "cumulative_cardinality": 0,
                                                    "operator_type": "TABLE_SCAN",
                                                    "operator_cardinality": 1253672,
                                                    "cumulative_rows_scanned": 0,
                                                    "operator_rows_scanned": 345611892,
                                                    "operator_timing": 0.296421955,
                                                    "children": []
                                                  },
                                                  {
                                                    "total_bytes_written": 0,
                                                    "total_bytes_read": 0,
                                                    "result_set_size": 7200,
                                                    "operator_name": "FILTER",
                                                    "cpu_time": 0.0,
                                                    "extra_info": {
                                                      "Expression": "(t_time_sk BETWEEN 28800 AND 75599)",
                                                      "Estimated Cardinality": "3600"
                                                    },
                                                    "cumulative_cardinality": 0,
                                                    "operator_type": "FILTER",
                                                    "operator_cardinality": 1800,
                                                    "cumulative_rows_scanned": 0,
                                                    "operator_rows_scanned": 0,
                                                    "operator_timing": 0.000385374,
                                                    "children": [
                                                      {
                                                        "total_bytes_written": 0,
                                                        "total_bytes_read": 0,
                                                        "result_set_size": 7200,
                                                        "operator_name": "SEQ_SCAN ",
                                                        "cpu_time": 0.0,
                                                        "extra_info": {
                                                          "Table": "time_dim",
                                                          "Type": "Sequential Scan",
                                                          "Projections": "t_time_sk",
                                                          "Filters": [
                                                            "t_hour=10",
                                                            "t_minute>=30"
                                                          ],
                                                          "Estimated Cardinality": "3600"
                                                        },
                                                        "cumulative_cardinality": 0,
                                                        "operator_type": "TABLE_SCAN",
                                                        "operator_cardinality": 1800,
                                                        "cumulative_rows_scanned": 0,
                                                        "operator_rows_scanned": 86400,
                                                        "operator_timing": 0.01050857,
                                                        "children": []
                                                      }
                                                    ]
                                                  }
                                                ]
                                              },
                                              {
                                                "total_bytes_written": 0,
                                                "total_bytes_read": 0,
                                                "result_set_size": 56,
                                                "operator_name": "FILTER",
                                                "cpu_time": 0.0,
                                                "extra_info": {
                                                  "Expression": "(s_store_sk <= 100)",
                                                  "Estimated Cardinality": "11"
                                                },
                                                "cumulative_cardinality": 0,
                                                "operator_type": "FILTER",
                                                "operator_cardinality": 14,
                                                "cumulative_rows_scanned": 0,
                                                "operator_rows_scanned": 0,
                                                "operator_timing": 0.000112641,
                                                "children": [
                                                  {
                                                    "total_bytes_written": 0,
                                                    "total_bytes_read": 0,
                                                    "result_set_size": 56,
                                                    "operator_name": "SEQ_SCAN ",
                                                    "cpu_time": 0.0,
                                                    "extra_info": {
                                                      "Table": "store",
                                                      "Type": "Sequential Scan",
                                                      "Projections": "s_store_sk",
                                                      "Filters": "s_store_name='ese'",
                                                      "Estimated Cardinality": "11"
                                                    },
                                                    "cumulative_cardinality": 0,
                                                    "operator_type": "TABLE_SCAN",
                                                    "operator_cardinality": 14,
                                                    "cumulative_rows_scanned": 0,
                                                    "operator_rows_scanned": 102,
                                                    "operator_timing": 0.001713021,
                                                    "children": []
                                                  }
                                                ]
                                              }
                                            ]
                                          },
                                          {
                                            "total_bytes_written": 0,
                                            "total_bytes_read": 0,
                                            "result_set_size": 5760,
                                            "operator_name": "PROJECTION",
                                            "cpu_time": 0.0,
                                            "extra_info": {
                                              "Projections": "#0",
                                              "Estimated Cardinality": "1440"
                                            },
                                            "cumulative_cardinality": 0,
                                            "operator_type": "PROJECTION",
                                            "operator_cardinality": 1440,
                                            "cumulative_rows_scanned": 0,
                                            "operator_rows_scanned": 0,
                                            "operator_timing": 2.339e-06,
                                            "children": [
                                              {
                                                "total_bytes_written": 0,
                                                "total_bytes_read": 0,
                                                "result_set_size": 17280,
                                                "operator_name": "FILTER",
                                                "cpu_time": 0.0,
                                                "extra_info": {
                                                  "Expression": "((hd_dep_count = 4) OR (hd_dep_count = 3))",
                                                  "Estimated Cardinality": "1440"
                                                },
                                                "cumulative_cardinality": 0,
                                                "operator_type": "FILTER",
                                                "operator_cardinality": 1440,
                                                "cumulative_rows_scanned": 0,
                                                "operator_rows_scanned": 0,
                                                "operator_timing": 0.000972333,
                                                "children": [
                                                  {
                                                    "total_bytes_written": 0,
                                                    "total_bytes_read": 0,
                                                    "result_set_size": 86400,
                                                    "operator_name": "SEQ_SCAN ",
                                                    "cpu_time": 0.0,
                                                    "extra_info": {
                                                      "Table": "household_demographics",
                                                      "Type": "Sequential Scan",
                                                      "Projections": [
                                                        "hd_demo_sk",
                                                        "hd_dep_count",
                                                        "hd_vehicle_count"
                                                      ],
                                                      "Estimated Cardinality": "7200"
                                                    },
                                                    "cumulative_cardinality": 0,
                                                    "operator_type": "TABLE_SCAN",
                                                    "operator_cardinality": 7200,
                                                    "cumulative_rows_scanned": 0,
                                                    "operator_rows_scanned": 7200,
                                                    "operator_timing": 0.00980796,
                                                    "children": []
                                                  }
                                                ]
                                              }
                                            ]
                                          }
                                        ]
                                      }
                                    ]
                                  }
                                ]
                              },
                              {
                                "total_bytes_written": 0,
                                "total_bytes_read": 0,
                                "result_set_size": 8,
                                "operator_name": "UNGROUPED_AGGREGATE",
                                "cpu_time": 0.0,
                                "extra_info": {
                                  "Aggregates": "count_star()"
                                },
                                "cumulative_cardinality": 0,
                                "operator_type": "UNGROUPED_AGGREGATE",
                                "operator_cardinality": 1,
                                "cumulative_rows_scanned": 0,
                                "operator_rows_scanned": 0,
                                "operator_timing": 0.000124341,
                                "children": [
                                  {
                                    "total_bytes_written": 0,
                                    "total_bytes_read": 0,
                                    "result_set_size": 501300,
                                    "operator_name": "HASH_JOIN",
                                    "cpu_time": 0.0,
                                    "extra_info": {
                                      "Join Type": "INNER",
                                      "Conditions": "ss_hdemo_sk = hd_demo_sk",
                                      "Estimated Cardinality": "30905"
                                    },
                                    "cumulative_cardinality": 0,
                                    "operator_type": "HASH_JOIN",
                                    "operator_cardinality": 41775,
                                    "cumulative_rows_scanned": 0,
                                    "operator_rows_scanned": 0,
                                    "operator_timing": 0.004008159000000001,
                                    "children": [
                                      {
                                        "total_bytes_written": 0,
                                        "total_bytes_read": 0,
                                        "result_set_size": 1505768,
                                        "operator_name": "HASH_JOIN",
                                        "cpu_time": 0.0,
                                        "extra_info": {
                                          "Join Type": "INNER",
                                          "Conditions": "ss_store_sk = s_store_sk",
                                          "Estimated Cardinality": "154525"
                                        },
                                        "cumulative_cardinality": 0,
                                        "operator_type": "HASH_JOIN",
                                        "operator_cardinality": 188221,
                                        "cumulative_rows_scanned": 0,
                                        "operator_rows_scanned": 0,
                                        "operator_timing": 0.024479141,
                                        "children": [
                                          {
                                            "total_bytes_written": 0,
                                            "total_bytes_read": 0,
                                            "result_set_size": 14869812,
                                            "operator_name": "HASH_JOIN",
                                            "cpu_time": 0.0,
                                            "extra_info": {
                                              "Join Type": "INNER",
                                              "Conditions": "ss_sold_time_sk = t_time_sk",
                                              "Estimated Cardinality": "1404774"
                                            },
                                            "cumulative_cardinality": 0,
                                            "operator_type": "HASH_JOIN",
                                            "operator_cardinality": 1239151,
                                            "cumulative_rows_scanned": 0,
                                            "operator_rows_scanned": 0,
                                            "operator_timing": 0.031726147,
                                            "children": [
                                              {
                                                "total_bytes_written": 0,
                                                "total_bytes_read": 0,
                                                "result_set_size": 14869812,
                                                "operator_name": "SEQ_SCAN ",
                                                "cpu_time": 0.0,
                                                "extra_info": {
                                                  "Table": "store_sales",
                                                  "Type": "Sequential Scan",
                                                  "Projections": [
                                                    "ss_sold_time_sk",
                                                    "ss_hdemo_sk",
                                                    "ss_store_sk"
                                                  ],
                                                  "Estimated Cardinality": "28800991"
                                                },
                                                "cumulative_cardinality": 0,
                                                "operator_type": "TABLE_SCAN",
                                                "operator_cardinality": 1239151,
                                                "cumulative_rows_scanned": 0,
                                                "operator_rows_scanned": 345611892,
                                                "operator_timing": 0.28795414199999986,
                                                "children": []
                                              },
                                              {
                                                "total_bytes_written": 0,
                                                "total_bytes_read": 0,
                                                "result_set_size": 7200,
                                                "operator_name": "FILTER",
                                                "cpu_time": 0.0,
                                                "extra_info": {
                                                  "Expression": "(t_time_sk BETWEEN 28800 AND 75599)",
                                                  "Estimated Cardinality": "3600"
                                                },
                                                "cumulative_cardinality": 0,
                                                "operator_type": "FILTER",
                                                "operator_cardinality": 1800,
                                                "cumulative_rows_scanned": 0,
                                                "operator_rows_scanned": 0,
                                                "operator_timing": 4.8303e-05,
                                                "children": [
                                                  {
                                                    "total_bytes_written": 0,
                                                    "total_bytes_read": 0,
                                                    "result_set_size": 7200,
                                                    "operator_name": "SEQ_SCAN ",
                                                    "cpu_time": 0.0,
                                                    "extra_info": {
                                                      "Table": "time_dim",
                                                      "Type": "Sequential Scan",
                                                      "Projections": "t_time_sk",
                                                      "Filters": [
                                                        "t_hour=10",
                                                        "t_minute<30"
                                                      ],
                                                      "Estimated Cardinality": "3600"
                                                    },
                                                    "cumulative_cardinality": 0,
                                                    "operator_type": "TABLE_SCAN",
                                                    "operator_cardinality": 1800,
                                                    "cumulative_rows_scanned": 0,
                                                    "operator_rows_scanned": 86400,
                                                    "operator_timing": 0.010932979,
                                                    "children": []
                                                  }
                                                ]
                                              }
                                            ]
                                          },
                                          {
                                            "total_bytes_written": 0,
                                            "total_bytes_read": 0,
                                            "result_set_size": 56,
                                            "operator_name": "FILTER",
                                            "cpu_time": 0.0,
                                            "extra_info": {
                                              "Expression": "(s_store_sk <= 100)",
                                              "Estimated Cardinality": "11"
                                            },
                                            "cumulative_cardinality": 0,
                                            "operator_type": "FILTER",
                                            "operator_cardinality": 14,
                                            "cumulative_rows_scanned": 0,
                                            "operator_rows_scanned": 0,
                                            "operator_timing": 0.000107624,
                                            "children": [
                                              {
                                                "total_bytes_written": 0,
                                                "total_bytes_read": 0,
                                                "result_set_size": 56,
                                                "operator_name": "SEQ_SCAN ",
                                                "cpu_time": 0.0,
                                                "extra_info": {
                                                  "Table": "store",
                                                  "Type": "Sequential Scan",
                                                  "Projections": "s_store_sk",
                                                  "Filters": "s_store_name='ese'",
                                                  "Estimated Cardinality": "11"
                                                },
                                                "cumulative_cardinality": 0,
                                                "operator_type": "TABLE_SCAN",
                                                "operator_cardinality": 14,
                                                "cumulative_rows_scanned": 0,
                                                "operator_rows_scanned": 102,
                                                "operator_timing": 0.001533151,
                                                "children": []
                                              }
                                            ]
                                          }
                                        ]
                                      },
                                      {
                                        "total_bytes_written": 0,
                                        "total_bytes_read": 0,
                                        "result_set_size": 5760,
                                        "operator_name": "PROJECTION",
                                        "cpu_time": 0.0,
                                        "extra_info": {
                                          "Projections": "#0",
                                          "Estimated Cardinality": "1440"
                                        },
                                        "cumulative_cardinality": 0,
                                        "operator_type": "PROJECTION",
                                        "operator_cardinality": 1440,
                                        "cumulative_rows_scanned": 0,
                                        "operator_rows_scanned": 0,
                                        "operator_timing": 1.8709999999999997e-06,
                                        "children": [
                                          {
                                            "total_bytes_written": 0,
                                            "total_bytes_read": 0,
                                            "result_set_size": 17280,
                                            "operator_name": "FILTER",
                                            "cpu_time": 0.0,
                                            "extra_info": {
                                              "Expression": "((hd_dep_count = 4) OR (hd_dep_count = 3))",
                                              "Estimated Cardinality": "1440"
                                            },
                                            "cumulative_cardinality": 0,
                                            "operator_type": "FILTER",
                                            "operator_cardinality": 1440,
                                            "cumulative_rows_scanned": 0,
                                            "operator_rows_scanned": 0,
                                            "operator_timing": 0.0007146619999999999,
                                            "children": [
                                              {
                                                "total_bytes_written": 0,
                                                "total_bytes_read": 0,
                                                "result_set_size": 86400,
                                                "operator_name": "SEQ_SCAN ",
                                                "cpu_time": 0.0,
                                                "extra_info": {
                                                  "Table": "household_demographics",
                                                  "Type": "Sequential Scan",
                                                  "Projections": [
                                                    "hd_demo_sk",
                                                    "hd_dep_count",
                                                    "hd_vehicle_count"
                                                  ],
                                                  "Estimated Cardinality": "7200"
                                                },
                                                "cumulative_cardinality": 0,
                                                "operator_type": "TABLE_SCAN",
                                                "operator_cardinality": 7200,
                                                "cumulative_rows_scanned": 0,
                                                "operator_rows_scanned": 7200,
                                                "operator_timing": 0.009610695999999998,
                                                "children": []
                                              }
                                            ]
                                          }
                                        ]
                                      }
                                    ]
                                  }
                                ]
                              }
                            ]
                          },
                          {
                            "total_bytes_written": 0,
                            "total_bytes_read": 0,
                            "result_set_size": 8,
                            "operator_name": "UNGROUPED_AGGREGATE",
                            "cpu_time": 0.0,
                            "extra_info": {
                              "Aggregates": "count_star()"
                            },
                            "cumulative_cardinality": 0,
                            "operator_type": "UNGROUPED_AGGREGATE",
                            "operator_cardinality": 1,
                            "cumulative_rows_scanned": 0,
                            "operator_rows_scanned": 0,
                            "operator_timing": 0.000134582,
                            "children": [
                              {
                                "total_bytes_written": 0,
                                "total_bytes_read": 0,
                                "result_set_size": 351060,
                                "operator_name": "HASH_JOIN",
                                "cpu_time": 0.0,
                                "extra_info": {
                                  "Join Type": "INNER",
                                  "Conditions": "ss_hdemo_sk = hd_demo_sk",
                                  "Estimated Cardinality": "30905"
                                },
                                "cumulative_cardinality": 0,
                                "operator_type": "HASH_JOIN",
                                "operator_cardinality": 29255,
                                "cumulative_rows_scanned": 0,
                                "operator_rows_scanned": 0,
                                "operator_timing": 0.00446457,
                                "children": [
                                  {
                                    "total_bytes_written": 0,
                                    "total_bytes_read": 0,
                                    "result_set_size": 1005824,
                                    "operator_name": "HASH_JOIN",
                                    "cpu_time": 0.0,
                                    "extra_info": {
                                      "Join Type": "INNER",
                                      "Conditions": "ss_store_sk = s_store_sk",
                                      "Estimated Cardinality": "154525"
                                    },
                                    "cumulative_cardinality": 0,
                                    "operator_type": "HASH_JOIN",
                                    "operator_cardinality": 125728,
                                    "cumulative_rows_scanned": 0,
                                    "operator_rows_scanned": 0,
                                    "operator_timing": 0.035038430999999995,
                                    "children": [
                                      {
                                        "total_bytes_written": 0,
                                        "total_bytes_read": 0,
                                        "result_set_size": 9981084,
                                        "operator_name": "HASH_JOIN",
                                        "cpu_time": 0.0,
                                        "extra_info": {
                                          "Join Type": "INNER",
                                          "Conditions": "ss_sold_time_sk = t_time_sk",
                                          "Estimated Cardinality": "1404774"
                                        },
                                        "cumulative_cardinality": 0,
                                        "operator_type": "HASH_JOIN",
                                        "operator_cardinality": 831757,
                                        "cumulative_rows_scanned": 0,
                                        "operator_rows_scanned": 0,
                                        "operator_timing": 0.05278799899999991,
                                        "children": [
                                          {
                                            "total_bytes_written": 0,
                                            "total_bytes_read": 0,
                                            "result_set_size": 9981084,
                                            "operator_name": "SEQ_SCAN ",
                                            "cpu_time": 0.0,
                                            "extra_info": {
                                              "Table": "store_sales",
                                              "Type": "Sequential Scan",
                                              "Projections": [
                                                "ss_sold_time_sk",
                                                "ss_hdemo_sk",
                                                "ss_store_sk"
                                              ],
                                              "Estimated Cardinality": "28800991"
                                            },
                                            "cumulative_cardinality": 0,
                                            "operator_type": "TABLE_SCAN",
                                            "operator_cardinality": 831757,
                                            "cumulative_rows_scanned": 0,
                                            "operator_rows_scanned": 345611892,
                                            "operator_timing": 0.27977647999999994,
                                            "children": []
                                          },
                                          {
                                            "total_bytes_written": 0,
                                            "total_bytes_read": 0,
                                            "result_set_size": 7200,
                                            "operator_name": "FILTER",
                                            "cpu_time": 0.0,
                                            "extra_info": {
                                              "Expression": "(t_time_sk BETWEEN 28800 AND 75599)",
                                              "Estimated Cardinality": "3600"
                                            },
                                            "cumulative_cardinality": 0,
                                            "operator_type": "FILTER",
                                            "operator_cardinality": 1800,
                                            "cumulative_rows_scanned": 0,
                                            "operator_rows_scanned": 0,
                                            "operator_timing": 0.000125722,
                                            "children": [
                                              {
                                                "total_bytes_written": 0,
                                                "total_bytes_read": 0,
                                                "result_set_size": 7200,
                                                "operator_name": "SEQ_SCAN ",
                                                "cpu_time": 0.0,
                                                "extra_info": {
                                                  "Table": "time_dim",
                                                  "Type": "Sequential Scan",
                                                  "Projections": "t_time_sk",
                                                  "Filters": [
                                                    "t_hour=9",
                                                    "t_minute>=30"
                                                  ],
                                                  "Estimated Cardinality": "3600"
                                                },
                                                "cumulative_cardinality": 0,
                                                "operator_type": "TABLE_SCAN",
                                                "operator_cardinality": 1800,
                                                "cumulative_rows_scanned": 0,
                                                "operator_rows_scanned": 86400,
                                                "operator_timing": 0.0012212870000000002,
                                                "children": []
                                              }
                                            ]
                                          }
                                        ]
                                      },
                                      {
                                        "total_bytes_written": 0,
                                        "total_bytes_read": 0,
                                        "result_set_size": 56,
                                        "operator_name": "FILTER",
                                        "cpu_time": 0.0,
                                        "extra_info": {
                                          "Expression": "(s_store_sk <= 100)",
                                          "Estimated Cardinality": "11"
                                        },
                                        "cumulative_cardinality": 0,
                                        "operator_type": "FILTER",
                                        "operator_cardinality": 14,
                                        "cumulative_rows_scanned": 0,
                                        "operator_rows_scanned": 0,
                                        "operator_timing": 0.00013665599999999997,
                                        "children": [
                                          {
                                            "total_bytes_written": 0,
                                            "total_bytes_read": 0,
                                            "result_set_size": 56,
                                            "operator_name": "SEQ_SCAN ",
                                            "cpu_time": 0.0,
                                            "extra_info": {
                                              "Table": "store",
                                              "Type": "Sequential Scan",
                                              "Projections": "s_store_sk",
                                              "Filters": "s_store_name='ese'",
                                              "Estimated Cardinality": "11"
                                            },
                                            "cumulative_cardinality": 0,
                                            "operator_type": "TABLE_SCAN",
                                            "operator_cardinality": 14,
                                            "cumulative_rows_scanned": 0,
                                            "operator_rows_scanned": 102,
                                            "operator_timing": 0.0033589749999999997,
                                            "children": []
                                          }
                                        ]
                                      }
                                    ]
                                  },
                                  {
                                    "total_bytes_written": 0,
                                    "total_bytes_read": 0,
                                    "result_set_size": 5760,
                                    "operator_name": "PROJECTION",
                                    "cpu_time": 0.0,
                                    "extra_info": {
                                      "Projections": "#0",
                                      "Estimated Cardinality": "1440"
                                    },
                                    "cumulative_cardinality": 0,
                                    "operator_type": "PROJECTION",
                                    "operator_cardinality": 1440,
                                    "cumulative_rows_scanned": 0,
                                    "operator_rows_scanned": 0,
                                    "operator_timing": 7.136000000000001e-06,
                                    "children": [
                                      {
                                        "total_bytes_written": 0,
                                        "total_bytes_read": 0,
                                        "result_set_size": 17280,
                                        "operator_name": "FILTER",
                                        "cpu_time": 0.0,
                                        "extra_info": {
                                          "Expression": "((hd_dep_count = 4) OR (hd_dep_count = 3))",
                                          "Estimated Cardinality": "1440"
                                        },
                                        "cumulative_cardinality": 0,
                                        "operator_type": "FILTER",
                                        "operator_cardinality": 1440,
                                        "cumulative_rows_scanned": 0,
                                        "operator_rows_scanned": 0,
                                        "operator_timing": 0.00025098700000000004,
                                        "children": [
                                          {
                                            "total_bytes_written": 0,
                                            "total_bytes_read": 0,
                                            "result_set_size": 86400,
                                            "operator_name": "SEQ_SCAN ",
                                            "cpu_time": 0.0,
                                            "extra_info": {
                                              "Table": "household_demographics",
                                              "Type": "Sequential Scan",
                                              "Projections": [
                                                "hd_demo_sk",
                                                "hd_dep_count",
                                                "hd_vehicle_count"
                                              ],
                                              "Estimated Cardinality": "7200"
                                            },
                                            "cumulative_cardinality": 0,
                                            "operator_type": "TABLE_SCAN",
                                            "operator_cardinality": 7200,
                                            "cumulative_rows_scanned": 0,
                                            "operator_rows_scanned": 7200,
                                            "operator_timing": 0.010029643,
                                            "children": []
                                          }
                                        ]
                                      }
                                    ]
                                  }
                                ]
                              }
                            ]
                          }
                        ]
                      },
                      {
                        "total_bytes_written": 0,
                        "total_bytes_read": 0,
                        "result_set_size": 8,
                        "operator_name": "UNGROUPED_AGGREGATE",
                        "cpu_time": 0.0,
                        "extra_info": {
                          "Aggregates": "count_star()"
                        },
                        "cumulative_cardinality": 0,
                        "operator_type": "UNGROUPED_AGGREGATE",
                        "operator_cardinality": 1,
                        "cumulative_rows_scanned": 0,
                        "operator_rows_scanned": 0,
                        "operator_timing": 0.000157374,
                        "children": [
                          {
                            "total_bytes_written": 0,
                            "total_bytes_read": 0,
                            "result_set_size": 348408,
                            "operator_name": "HASH_JOIN",
                            "cpu_time": 0.0,
                            "extra_info": {
                              "Join Type": "INNER",
                              "Conditions": "ss_hdemo_sk = hd_demo_sk",
                              "Estimated Cardinality": "30905"
                            },
                            "cumulative_cardinality": 0,
                            "operator_type": "HASH_JOIN",
                            "operator_cardinality": 29034,
                            "cumulative_rows_scanned": 0,
                            "operator_rows_scanned": 0,
                            "operator_timing": 0.0012616120000000003,
                            "children": [
                              {
                                "total_bytes_written": 0,
                                "total_bytes_read": 0,
                                "result_set_size": 1014472,
                                "operator_name": "HASH_JOIN",
                                "cpu_time": 0.0,
                                "extra_info": {
                                  "Join Type": "INNER",
                                  "Conditions": "ss_store_sk = s_store_sk",
                                  "Estimated Cardinality": "154525"
                                },
                                "cumulative_cardinality": 0,
                                "operator_type": "HASH_JOIN",
                                "operator_cardinality": 126809,
                                "cumulative_rows_scanned": 0,
                                "operator_rows_scanned": 0,
                                "operator_timing": 0.012861016000000006,
                                "children": [
                                  {
                                    "total_bytes_written": 0,
                                    "total_bytes_read": 0,
                                    "result_set_size": 10013808,
                                    "operator_name": "HASH_JOIN",
                                    "cpu_time": 0.0,
                                    "extra_info": {
                                      "Join Type": "INNER",
                                      "Conditions": "ss_sold_time_sk = t_time_sk",
                                      "Estimated Cardinality": "1404774"
                                    },
                                    "cumulative_cardinality": 0,
                                    "operator_type": "HASH_JOIN",
                                    "operator_cardinality": 834484,
                                    "cumulative_rows_scanned": 0,
                                    "operator_rows_scanned": 0,
                                    "operator_timing": 0.035513265,
                                    "children": [
                                      {
                                        "total_bytes_written": 0,
                                        "total_bytes_read": 0,
                                        "result_set_size": 10013808,
                                        "operator_name": "SEQ_SCAN ",
                                        "cpu_time": 0.0,
                                        "extra_info": {
                                          "Table": "store_sales",
                                          "Type": "Sequential Scan",
                                          "Projections": [
                                            "ss_sold_time_sk",
                                            "ss_hdemo_sk",
                                            "ss_store_sk"
                                          ],
                                          "Estimated Cardinality": "28800991"
                                        },
                                        "cumulative_cardinality": 0,
                                        "operator_type": "TABLE_SCAN",
                                        "operator_cardinality": 834484,
                                        "cumulative_rows_scanned": 0,
                                        "operator_rows_scanned": 345611892,
                                        "operator_timing": 0.27804893799999997,
                                        "children": []
                                      },
                                      {
                                        "total_bytes_written": 0,
                                        "total_bytes_read": 0,
                                        "result_set_size": 7200,
                                        "operator_name": "FILTER",
                                        "cpu_time": 0.0,
                                        "extra_info": {
                                          "Expression": "(t_time_sk BETWEEN 28800 AND 75599)",
                                          "Estimated Cardinality": "3600"
                                        },
                                        "cumulative_cardinality": 0,
                                        "operator_type": "FILTER",
                                        "operator_cardinality": 1800,
                                        "cumulative_rows_scanned": 0,
                                        "operator_rows_scanned": 0,
                                        "operator_timing": 3.1812e-05,
                                        "children": [
                                          {
                                            "total_bytes_written": 0,
                                            "total_bytes_read": 0,
                                            "result_set_size": 7200,
                                            "operator_name": "SEQ_SCAN ",
                                            "cpu_time": 0.0,
                                            "extra_info": {
                                              "Table": "time_dim",
                                              "Type": "Sequential Scan",
                                              "Projections": "t_time_sk",
                                              "Filters": [
                                                "t_hour=9",
                                                "t_minute<30"
                                              ],
                                              "Estimated Cardinality": "3600"
                                            },
                                            "cumulative_cardinality": 0,
                                            "operator_type": "TABLE_SCAN",
                                            "operator_cardinality": 1800,
                                            "cumulative_rows_scanned": 0,
                                            "operator_rows_scanned": 86400,
                                            "operator_timing": 0.001034537,
                                            "children": []
                                          }
                                        ]
                                      }
                                    ]
                                  },
                                  {
                                    "total_bytes_written": 0,
                                    "total_bytes_read": 0,
                                    "result_set_size": 56,
                                    "operator_name": "FILTER",
                                    "cpu_time": 0.0,
                                    "extra_info": {
                                      "Expression": "(s_store_sk <= 100)",
                                      "Estimated Cardinality": "11"
                                    },
                                    "cumulative_cardinality": 0,
                                    "operator_type": "FILTER",
                                    "operator_cardinality": 14,
                                    "cumulative_rows_scanned": 0,
                                    "operator_rows_scanned": 0,
                                    "operator_timing": 0.0003017,
                                    "children": [
                                      {
                                        "total_bytes_written": 0,
                                        "total_bytes_read": 0,
                                        "result_set_size": 56,
                                        "operator_name": "SEQ_SCAN ",
                                        "cpu_time": 0.0,
                                        "extra_info": {
                                          "Table": "store",
                                          "Type": "Sequential Scan",
                                          "Projections": "s_store_sk",
                                          "Filters": "s_store_name='ese'",
                                          "Estimated Cardinality": "11"
                                        },
                                        "cumulative_cardinality": 0,
                                        "operator_type": "TABLE_SCAN",
                                        "operator_cardinality": 14,
                                        "cumulative_rows_scanned": 0,
                                        "operator_rows_scanned": 102,
                                        "operator_timing": 0.0005920029999999999,
                                        "children": []
                                      }
                                    ]
                                  }
                                ]
                              },
                              {
                                "total_bytes_written": 0,
                                "total_bytes_read": 0,
                                "result_set_size": 5760,
                                "operator_name": "PROJECTION",
                                "cpu_time": 0.0,
                                "extra_info": {
                                  "Projections": "#0",
                                  "Estimated Cardinality": "1440"
                                },
                                "cumulative_cardinality": 0,
                                "operator_type": "PROJECTION",
                                "operator_cardinality": 1440,
                                "cumulative_rows_scanned": 0,
                                "operator_rows_scanned": 0,
                                "operator_timing": 1.358e-06,
                                "children": [
                                  {
                                    "total_bytes_written": 0,
                                    "total_bytes_read": 0,
                                    "result_set_size": 17280,
                                    "operator_name": "FILTER",
                                    "cpu_time": 0.0,
                                    "extra_info": {
                                      "Expression": "((hd_dep_count = 4) OR (hd_dep_count = 3))",
                                      "Estimated Cardinality": "1440"
                                    },
                                    "cumulative_cardinality": 0,
                                    "operator_type": "FILTER",
                                    "operator_cardinality": 1440,
                                    "cumulative_rows_scanned": 0,
                                    "operator_rows_scanned": 0,
                                    "operator_timing": 7.914099999999998e-05,
                                    "children": [
                                      {
                                        "total_bytes_written": 0,
                                        "total_bytes_read": 0,
                                        "result_set_size": 86400,
                                        "operator_name": "SEQ_SCAN ",
                                        "cpu_time": 0.0,
                                        "extra_info": {
                                          "Table": "household_demographics",
                                          "Type": "Sequential Scan",
                                          "Projections": [
                                            "hd_demo_sk",
                                            "hd_dep_count",
                                            "hd_vehicle_count"
                                          ],
                                          "Estimated Cardinality": "7200"
                                        },
                                        "cumulative_cardinality": 0,
                                        "operator_type": "TABLE_SCAN",
                                        "operator_cardinality": 7200,
                                        "cumulative_rows_scanned": 0,
                                        "operator_rows_scanned": 7200,
                                        "operator_timing": 3.8255999999999994e-05,
                                        "children": []
                                      }
                                    ]
                                  }
                                ]
                              }
                            ]
                          }
                        ]
                      }
                    ]
                  },
                  {
                    "total_bytes_written": 0,
                    "total_bytes_read": 0,
                    "result_set_size": 8,
                    "operator_name": "UNGROUPED_AGGREGATE",
                    "cpu_time": 0.0,
                    "extra_info": {
                      "Aggregates": "count_star()"
                    },
                    "cumulative_cardinality": 0,
                    "operator_type": "UNGROUPED_AGGREGATE",
                    "operator_cardinality": 1,
                    "cumulative_rows_scanned": 0,
                    "operator_rows_scanned": 0,
                    "operator_timing": 0.000302692,
                    "children": [
                      {
                        "total_bytes_written": 0,
                        "total_bytes_read": 0,
                        "result_set_size": 177204,
                        "operator_name": "HASH_JOIN",
                        "cpu_time": 0.0,
                        "extra_info": {
                          "Join Type": "INNER",
                          "Conditions": "ss_hdemo_sk = hd_demo_sk",
                          "Estimated Cardinality": "30905"
                        },
                        "cumulative_cardinality": 0,
                        "operator_type": "HASH_JOIN",
                        "operator_cardinality": 14767,
                        "cumulative_rows_scanned": 0,
                        "operator_rows_scanned": 0,
                        "operator_timing": 0.004814625000000002,
                        "children": [
                          {
                            "total_bytes_written": 0,
                            "total_bytes_read": 0,
                            "result_set_size": 515824,
                            "operator_name": "HASH_JOIN",
                            "cpu_time": 0.0,
                            "extra_info": {
                              "Join Type": "INNER",
                              "Conditions": "ss_store_sk = s_store_sk",
                              "Estimated Cardinality": "154525"
                            },
                            "cumulative_cardinality": 0,
                            "operator_type": "HASH_JOIN",
                            "operator_cardinality": 64478,
                            "cumulative_rows_scanned": 0,
                            "operator_rows_scanned": 0,
                            "operator_timing": 0.003397137999999999,
                            "children": [
                              {
                                "total_bytes_written": 0,
                                "total_bytes_read": 0,
                                "result_set_size": 5022564,
                                "operator_name": "HASH_JOIN",
                                "cpu_time": 0.0,
                                "extra_info": {
                                  "Join Type": "INNER",
                                  "Conditions": "ss_sold_time_sk = t_time_sk",
                                  "Estimated Cardinality": "1404774"
                                },
                                "cumulative_cardinality": 0,
                                "operator_type": "HASH_JOIN",
                                "operator_cardinality": 418547,
                                "cumulative_rows_scanned": 0,
                                "operator_rows_scanned": 0,
                                "operator_timing": 0.038172577999999985,
                                "children": [
                                  {
                                    "total_bytes_written": 0,
                                    "total_bytes_read": 0,
                                    "result_set_size": 5022564,
                                    "operator_name": "SEQ_SCAN ",
                                    "cpu_time": 0.0,
                                    "extra_info": {
                                      "Table": "store_sales",
                                      "Type": "Sequential Scan",
                                      "Projections": [
                                        "ss_sold_time_sk",
                                        "ss_hdemo_sk",
                                        "ss_store_sk"
                                      ],
                                      "Estimated Cardinality": "28800991"
                                    },
                                    "cumulative_cardinality": 0,
                                    "operator_type": "TABLE_SCAN",
                                    "operator_cardinality": 418547,
                                    "cumulative_rows_scanned": 0,
                                    "operator_rows_scanned": 345611892,
                                    "operator_timing": 3.580162688999999,
                                    "children": []
                                  },
                                  {
                                    "total_bytes_written": 0,
                                    "total_bytes_read": 0,
                                    "result_set_size": 7200,
                                    "operator_name": "FILTER",
                                    "cpu_time": 0.0,
                                    "extra_info": {
                                      "Expression": "(t_time_sk BETWEEN 28800 AND 75599)",
                                      "Estimated Cardinality": "3600"
                                    },
                                    "cumulative_cardinality": 0,
                                    "operator_type": "FILTER",
                                    "operator_cardinality": 1800,
                                    "cumulative_rows_scanned": 0,
                                    "operator_rows_scanned": 0,
                                    "operator_timing": 0.000256699,
                                    "children": [
                                      {
                                        "total_bytes_written": 0,
                                        "total_bytes_read": 0,
                                        "result_set_size": 7200,
                                        "operator_name": "SEQ_SCAN ",
                                        "cpu_time": 0.0,
                                        "extra_info": {
                                          "Table": "time_dim",
                                          "Type": "Sequential Scan",
                                          "Projections": "t_time_sk",
                                          "Filters": [
                                            "t_hour=8",
                                            "t_minute>=30"
                                          ],
                                          "Estimated Cardinality": "3600"
                                        },
                                        "cumulative_cardinality": 0,
                                        "operator_type": "TABLE_SCAN",
                                        "operator_cardinality": 1800,
                                        "cumulative_rows_scanned": 0,
                                        "operator_rows_scanned": 86400,
                                        "operator_timing": 0.001265186,
                                        "children": []
                                      }
                                    ]
                                  }
                                ]
                              },
                              {
                                "total_bytes_written": 0,
                                "total_bytes_read": 0,
                                "result_set_size": 56,
                                "operator_name": "FILTER",
                                "cpu_time": 0.0,
                                "extra_info": {
                                  "Expression": "(s_store_sk <= 100)",
                                  "Estimated Cardinality": "11"
                                },
                                "cumulative_cardinality": 0,
                                "operator_type": "FILTER",
                                "operator_cardinality": 14,
                                "cumulative_rows_scanned": 0,
                                "operator_rows_scanned": 0,
                                "operator_timing": 1.6373e-05,
                                "children": [
                                  {
                                    "total_bytes_written": 0,
                                    "total_bytes_read": 0,
                                    "result_set_size": 56,
                                    "operator_name": "SEQ_SCAN ",
                                    "cpu_time": 0.0,
                                    "extra_info": {
                                      "Table": "store",
                                      "Type": "Sequential Scan",
                                      "Projections": "s_store_sk",
                                      "Filters": "s_store_name='ese'",
                                      "Estimated Cardinality": "11"
                                    },
                                    "cumulative_cardinality": 0,
                                    "operator_type": "TABLE_SCAN",
                                    "operator_cardinality": 14,
                                    "cumulative_rows_scanned": 0,
                                    "operator_rows_scanned": 102,
                                    "operator_timing": 2.0772e-05,
                                    "children": []
                                  }
                                ]
                              }
                            ]
                          },
                          {
                            "total_bytes_written": 0,
                            "total_bytes_read": 0,
                            "result_set_size": 5760,
                            "operator_name": "PROJECTION",
                            "cpu_time": 0.0,
                            "extra_info": {
                              "Projections": "#0",
                              "Estimated Cardinality": "1440"
                            },
                            "cumulative_cardinality": 0,
                            "operator_type": "PROJECTION",
                            "operator_cardinality": 1440,
                            "cumulative_rows_scanned": 0,
                            "operator_rows_scanned": 0,
                            "operator_timing": 3.5390000000000003e-06,
                            "children": [
                              {
                                "total_bytes_written": 0,
                                "total_bytes_read": 0,
                                "result_set_size": 17280,
                                "operator_name": "FILTER",
                                "cpu_time": 0.0,
                                "extra_info": {
                                  "Expression": "((hd_dep_count = 4) OR (hd_dep_count = 3))",
                                  "Estimated Cardinality": "1440"
                                },
                                "cumulative_cardinality": 0,
                                "operator_type": "FILTER",
                                "operator_cardinality": 1440,
                                "cumulative_rows_scanned": 0,
                                "operator_rows_scanned": 0,
                                "operator_timing": 0.00044787999999999995,
                                "children": [
                                  {
                                    "total_bytes_written": 0,
                                    "total_bytes_read": 0,
                                    "result_set_size": 86400,
                                    "operator_name": "SEQ_SCAN ",
                                    "cpu_time": 0.0,
                                    "extra_info": {
                                      "Table": "household_demographics",
                                      "Type": "Sequential Scan",
                                      "Projections": [
                                        "hd_demo_sk",
                                        "hd_dep_count",
                                        "hd_vehicle_count"
                                      ],
                                      "Estimated Cardinality": "7200"
                                    },
                                    "cumulative_cardinality": 0,
                                    "operator_type": "TABLE_SCAN",
                                    "operator_cardinality": 7200,
                                    "cumulative_rows_scanned": 0,
                                    "operator_rows_scanned": 7200,
                                    "operator_timing": 0.00654048,
                                    "children": []
                                  }
                                ]
                              }
                            ]
                          }
                        ]
                      }
                    ]
                  }
                ]
              }
            ]
          }
        ]
      }
    ]
  },
  "actual_rows": 0
}