{
  "execution_time_ms": 22.1,
  "plan_text": "\u250c\u2500\u2500\u2500\u2500\u2500\u2500\u2500\u2500\u2500\u2500\u2500\u2500\u2500\u2500\u2500\u2500\u2500\u2500\u2500\u2500\u2500\u2500\u2500\u2500\u2500\u2500\u2500\u2500\u2500\u2500\u2500\u2500\u2500\u2500\u2500\u2500\u2500\u2510\n\u2502\u250c\u2500\u2500\u2500\u2500\u2500\u2500\u2500\u2500\u2500\u2500\u2500\u2500\u2500\u2500\u2500\u2500\u2500\u2500\u2500\u2500\u2500\u2500\u2500\u2500\u2500\u2500\u2500\u2500\u2500\u2500\u2500\u2500\u2500\u2500\u2500\u2510\u2502\n\u2502\u2502    Query Profiling Information    \u2502\u2502\n\u2502\u2514\u2500\u2500\u2500\u2500\u2500\u2500\u2500\u2500\u2500\u2500\u2500\u2500\u2500\u2500\u2500\u2500\u2500\u2500\u2500\u2500\u2500\u2500\u2500\u2500\u2500\u2500\u2500\u2500\u2500\u2500\u2500\u2500\u2500\u2500\u2500\u2518\u2502\n\u2514\u2500\u2500\u2500\u2500\u2500\u2500\u2500\u2500\u2500\u2500\u2500\u2500\u2500\u2500\u2500\u2500\u2500\u2500\u2500\u2500\u2500\u2500\u2500\u2500\u2500\u2500\u2500\u2500\u2500\u2500\u2500\u2500\u2500\u2500\u2500\u2500\u2500\u2518\nEXPLAIN ANALYZE select   i_item_id  ,i_item_desc  ,s_store_id  ,s_store_name  ,stddev_samp(ss_net_profit) as store_sales_profit  ,stddev_samp(sr_net_loss) as store_returns_loss  ,stddev_samp(cs_net_profit) as catalog_sales_profit  from  store_sales  ,store_returns  ,catalog_sales  ,date_dim d1  ,date_dim d2  ,date_dim d3  ,store  ,item  where  d1.d_moy = 2  and d1.d_year = 2000  and d1.d_date_sk = ss_sold_date_sk  and i_item_sk = ss_item_sk  and s_store_sk = ss_store_sk  and ss_customer_sk = sr_customer_sk  and ss_item_sk = sr_item_sk  and ss_ticket_number = sr_ticket_number  and sr_returned_date_sk = d2.d_date_sk  and d2.d_moy               between 2 and  2 + 2  and d2.d_year              = 2000  and sr_customer_sk = cs_bill_customer_sk  and sr_item_sk = cs_item_sk  and cs_sold_date_sk = d3.d_date_sk  and d3.d_moy               between 2 and  2 + 2  and d3.d_year              = 2000  group by  i_item_id  ,i_item_desc  ,s_store_id  ,s_store_name  order by  i_item_id  ,i_item_desc  ,s_store_id  ,s_store_name  limit 100\n\u250c\u2500\u2500\u2500\u2500\u2500\u2500\u2500\u2500\u2500\u2500\u2500\u2500\u2500\u2500\u2500\u2500\u2500\u2500\u2500\u2500\u2500\u2500\u2500\u2500\u2500\u2500\u2500\u2500\u2500\u2500\u2500\u2500\u2500\u2500\u2500\u2500\u2500\u2500\u2500\u2500\u2500\u2500\u2500\u2500\u2500\u2500\u2500\u2500\u2510\n\u2502\u250c\u2500\u2500\u2500\u2500\u2500\u2500\u2500\u2500\u2500\u2500\u2500\u2500\u2500\u2500\u2500\u2500\u2500\u2500\u2500\u2500\u2500\u2500\u2500\u2500\u2500\u2500\u2500\u2500\u2500\u2500\u2500\u2500\u2500\u2500\u2500\u2500\u2500\u2500\u2500\u2500\u2500\u2500\u2500\u2500\u2500\u2500\u2510\u2502\n\u2502\u2502              Total Time: 0.0162s             \u2502\u2502\n\u2502\u2514\u2500\u2500\u2500\u2500\u2500\u2500\u2500\u2500\u2500\u2500\u2500\u2500\u2500\u2500\u2500\u2500\u2500\u2500\u2500\u2500\u2500\u2500\u2500\u2500\u2500\u2500\u2500\u2500\u2500\u2500\u2500\u2500\u2500\u2500\u2500\u2500\u2500\u2500\u2500\u2500\u2500\u2500\u2500\u2500\u2500\u2500\u2518\u2502\n\u2514\u2500\u2500\u2500\u2500\u2500\u2500\u2500\u2500\u2500\u2500\u2500\u2500\u2500\u2500\u2500\u2500\u2500\u2500\u2500\u2500\u2500\u2500\u2500\u2500\u2500\u2500\u2500\u2500\u2500\u2500\u2500\u2500\u2500\u2500\u2500\u2500\u2500\u2500\u2500\u2500\u2500\u2500\u2500\u2500\u2500\u2500\u2500\u2500\u2518\n\u250c\u2500\u2500\u2500\u2500\u2500\u2500\u2500\u2500\u2500\u2500\u2500\u2500\u2500\u2500\u2500\u2500\u2500\u2500\u2500\u2500\u2500\u2500\u2500\u2500\u2500\u2500\u2500\u2510\n\u2502           QUERY           \u2502\n\u2514\u2500\u2500\u2500\u2500\u2500\u2500\u2500\u2500\u2500\u2500\u2500\u2500\u2500\u252c\u2500\u2500\u2500\u2500\u2500\u2500\u2500\u2500\u2500\u2500\u2500\u2500\u2500\u2518\n\u250c\u2500\u2500\u2500\u2500\u2500\u2500\u2500\u2500\u2500\u2500\u2500\u2500\u2500\u2534\u2500\u2500\u2500\u2500\u2500\u2500\u2500\u2500\u2500\u2500\u2500\u2500\u2500\u2510\n\u2502      EXPLAIN_ANALYZE      \u2502\n\u2502    \u2500\u2500\u2500\u2500\u2500\u2500\u2500\u2500\u2500\u2500\u2500\u2500\u2500\u2500\u2500\u2500\u2500\u2500\u2500\u2500   \u2502\n\u2502           0 rows          \u2502\n\u2502          (0.00s)          \u2502\n\u2514\u2500\u2500\u2500\u2500\u2500\u2500\u2500\u2500\u2500\u2500\u2500\u2500\u2500\u252c\u2500\u2500\u2500\u2500\u2500\u2500\u2500\u2500\u2500\u2500\u2500\u2500\u2500\u2518\n\u250c\u2500\u2500\u2500\u2500\u2500\u2500\u2500\u2500\u2500\u2500\u2500\u2500\u2500\u2534\u2500\u2500\u2500\u2500\u2500\u2500\u2500\u2500\u2500\u2500\u2500\u2500\u2500\u2510\n\u2502           TOP_N           \u2502\n\u2502    \u2500\u2500\u2500\u2500\u2500\u2500\u2500\u2500\u2500\u2500\u2500\u2500\u2500\u2500\u2500\u2500\u2500\u2500\u2500\u2500   \u2502\n\u2502          Top: 100         \u2502\n\u2502                           \u2502\n\u2502         Order By:         \u2502\n\u2502   tpcds_sf10_2.main.item  \u2502\n\u2502       .i_item_id ASC      \u2502\n\u2502   tpcds_sf10_2.main.item  \u2502\n\u2502      .i_item_desc ASC     \u2502\n\u2502  tpcds_sf10_2.main.store  \u2502\n\u2502      .s_store_id ASC      \u2502\n\u2502  tpcds_sf10_2.main.store  \u2502\n\u2502     .s_store_name ASC     \u2502\n\u2502                           \u2502\n\u2502           0 rows          \u2502\n\u2502          (0.00s)          \u2502\n\u2514\u2500\u2500\u2500\u2500\u2500\u2500\u2500\u2500\u2500\u2500\u2500\u2500\u2500\u252c\u2500\u2500\u2500\u2500\u2500\u2500\u2500\u2500\u2500\u2500\u2500\u2500\u2500\u2518\n\u250c\u2500\u2500\u2500\u2500\u2500\u2500\u2500\u2500\u2500\u2500\u2500\u2500\u2500\u2534\u2500\u2500\u2500\u2500\u2500\u2500\u2500\u2500\u2500\u2500\u2500\u2500\u2500\u2510\n\u2502         PROJECTION        \u2502\n\u2502    \u2500\u2500\u2500\u2500\u2500\u2500\u2500\u2500\u2500\u2500\u2500\u2500\u2500\u2500\u2500\u2500\u2500\u2500\u2500\u2500   \u2502\n\u2502             #0            \u2502\n\u2502             #1            \u2502\n\u2502             #2            \u2502\n\u2502__internal_decompress_strin\u2502\n\u2502           g(#3)           \u2502\n\u2502             #4            \u2502\n\u2502             #5            \u2502\n\u2502             #6            \u2502\n\u2502                           \u2502\n\u2502           0 rows          \u2502\n\u2502          (0.00s)          \u2502\n\u2514\u2500\u2500\u2500\u2500\u2500\u2500\u2500\u2500\u2500\u2500\u2500\u2500\u2500\u252c\u2500\u2500\u2500\u2500\u2500\u2500\u2500\u2500\u2500\u2500\u2500\u2500\u2500\u2518\n\u250c\u2500\u2500\u2500\u2500\u2500\u2500\u2500\u2500\u2500\u2500\u2500\u2500\u2500\u2534\u2500\u2500\u2500\u2500\u2500\u2500\u2500\u2500\u2500\u2500\u2500\u2500\u2500\u2510\n\u2502       HASH_GROUP_BY       \u2502\n\u2502    \u2500\u2500\u2500\u2500\u2500\u2500\u2500\u2500\u2500\u2500\u2500\u2500\u2500\u2500\u2500\u2500\u2500\u2500\u2500\u2500   \u2502\n\u2502          Groups:          \u2502\n\u2502             #0            \u2502\n\u2502             #1            \u2502\n\u2502             #2            \u2502\n\u2502             #3            \u2502\n\u2502                           \u2502\n\u2502        Aggregates:        \u2502\n\u2502      stddev_samp(#4)      \u2502\n\u2502      stddev_samp(#5)      \u2502\n\u2502      stddev_samp(#6)      \u2502\n\u2502                           \u2502\n\u2502           0 rows          \u2502\n\u2502          (0.00s)          \u2502\n\u2514\u2500\u2500\u2500\u2500\u2500\u2500\u2500\u2500\u2500\u2500\u2500\u2500\u2500\u252c\u2500\u2500\u2500\u2500\u2500\u2500\u2500\u2500\u2500\u2500\u2500\u2500\u2500\u2518\n\u250c\u2500\u2500\u2500\u2500\u2500\u2500\u2500\u2500\u2500\u2500\u2500\u2500\u2500\u2534\u2500\u2500\u2500\u2500\u2500\u2500\u2500\u2500\u2500\u2500\u2500\u2500\u2500\u2510\n\u2502         PROJECTION        \u2502\n\u2502    \u2500\u2500\u2500\u2500\u2500\u2500\u2500\u2500\u2500\u2500\u2500\u2500\u2500\u2500\u2500\u2500\u2500\u2500\u2500\u2500   \u2502\n\u2502         i_item_id         \u2502\n\u2502        i_item_desc        \u2502\n\u2502         s_store_id        \u2502\n\u2502        s_store_name       \u2502\n\u2502   CAST(ss_net_profit AS   \u2502\n\u2502           DOUBLE)         \u2502\n\u2502CAST(sr_net_loss AS DOUBLE)\u2502\n\u2502   CAST(cs_net_profit AS   \u2502\n\u2502           DOUBLE)         \u2502\n\u2502                           \u2502\n\u2502           0 rows          \u2502\n\u2502          (0.00s)          \u2502\n\u2514\u2500\u2500\u2500\u2500\u2500\u2500\u2500\u2500\u2500\u2500\u2500\u2500\u2500\u252c\u2500\u2500\u2500\u2500\u2500\u2500\u2500\u2500\u2500\u2500\u2500\u2500\u2500\u2518\n\u250c\u2500\u2500\u2500\u2500\u2500\u2500\u2500\u2500\u2500\u2500\u2500\u2500\u2500\u2534\u2500\u2500\u2500\u2500\u2500\u2500\u2500\u2500\u2500\u2500\u2500\u2500\u2500\u2510\n\u2502         PROJECTION        \u2502\n\u2502    \u2500\u2500\u2500\u2500\u2500\u2500\u2500\u2500\u2500\u2500\u2500\u2500\u2500\u2500\u2500\u2500\u2500\u2500\u2500\u2500   \u2502\n\u2502             #0            \u2502\n\u2502             #1            \u2502\n\u2502             #2            \u2502\n\u2502             #4            \u2502\n\u2502             #3            \u2502\n\u2502             #5            \u2502\n\u2502__internal_compress_string_\u2502\n\u2502        ubigint(#6)        \u2502\n\u2502                           \u2502\n\u2502           0 rows          \u2502\n\u2502          (0.00s)          \u2502\n\u2514\u2500\u2500\u2500\u2500\u2500\u2500\u2500\u2500\u2500\u2500\u2500\u2500\u2500\u252c\u2500\u2500\u2500\u2500\u2500\u2500\u2500\u2500\u2500\u2500\u2500\u2500\u2500\u2518\n\u250c\u2500\u2500\u2500\u2500\u2500\u2500\u2500\u2500\u2500\u2500\u2500\u2500\u2500\u2534\u2500\u2500\u2500\u2500\u2500\u2500\u2500\u2500\u2500\u2500\u2500\u2500\u2500\u2510\n\u2502         HASH_JOIN         \u2502\n\u2502    \u2500\u2500\u2500\u2500\u2500\u2500\u2500\u2500\u2500\u2500\u2500\u2500\u2500\u2500\u2500\u2500\u2500\u2500\u2500\u2500   \u2502\n\u2502      Join Type: INNER     \u2502\n\u2502                           \u2502\n\u2502        Conditions:        \u251c\u2500\u2500\u2500\u2500\u2500\u2500\u2500\u2500\u2500\u2500\u2500\u2500\u2500\u2500\u2510\n\u2502   i_item_sk = ss_item_sk  \u2502              \u2502\n\u2502                           \u2502              \u2502\n\u2502           0 rows          \u2502              \u2502\n\u2502          (0.00s)          \u2502              \u2502\n\u2514\u2500\u2500\u2500\u2500\u2500\u2500\u2500\u2500\u2500\u2500\u2500\u2500\u2500\u252c\u2500\u2500\u2500\u2500\u2500\u2500\u2500\u2500\u2500\u2500\u2500\u2500\u2500\u2518              \u2502\n\u250c\u2500\u2500\u2500\u2500\u2500\u2500\u2500\u2500\u2500\u2500\u2500\u2500\u2500\u2534\u2500\u2500\u2500\u2500\u2500\u2500\u2500\u2500\u2500\u2500\u2500\u2500\u2500\u2510\u250c\u2500\u2500\u2500\u2500\u2500\u2500\u2500\u2500\u2500\u2500\u2500\u2500\u2500\u2534\u2500\u2500\u2500\u2500\u2500\u2500\u2500\u2500\u2500\u2500\u2500\u2500\u2500\u2510\n\u2502         TABLE_SCAN        \u2502\u2502         HASH_JOIN         \u2502\n\u2502    \u2500\u2500\u2500\u2500\u2500\u2500\u2500\u2500\u2500\u2500\u2500\u2500\u2500\u2500\u2500\u2500\u2500\u2500\u2500\u2500   \u2502\u2502    \u2500\u2500\u2500\u2500\u2500\u2500\u2500\u2500\u2500\u2500\u2500\u2500\u2500\u2500\u2500\u2500\u2500\u2500\u2500\u2500   \u2502\n\u2502        Table: item        \u2502\u2502      Join Type: INNER     \u2502\n\u2502   Type: Sequential Scan   \u2502\u2502                           \u2502\n\u2502                           \u2502\u2502        Conditions:        \u2502\n\u2502        Projections:       \u2502\u2502  ss_store_sk = s_store_sk \u2502\n\u2502         i_item_sk         \u2502\u2502                           \u2502\n\u2502         i_item_id         \u2502\u2502                           \u2502\n\u2502        i_item_desc        \u2502\u2502                           \u251c\u2500\u2500\u2500\u2500\u2500\u2500\u2500\u2500\u2500\u2500\u2500\u2500\u2500\u2500\u2500\u2500\u2500\u2500\u2500\u2500\u2500\u2500\u2500\u2500\u2500\u2500\u2500\u2500\u2500\u2500\u2500\u2500\u2500\u2500\u2500\u2500\u2500\u2500\u2500\u2500\u2500\u2500\u2500\u2500\u2500\u2500\u2500\u2500\u2500\u2500\u2500\u2500\u2500\u2500\u2500\u2500\u2500\u2500\u2500\u2500\u2500\u2500\u2500\u2500\u2500\u2500\u2500\u2500\u2500\u2500\u2500\u2500\u2500\u2500\u2500\u2500\u2500\u2500\u2500\u2500\u2500\u2500\u2500\u2500\u2500\u2500\u2500\u2500\u2500\u2500\u2500\u2500\u2500\u2500\u2500\u2500\u2500\u2500\u2500\u2500\u2500\u2500\u2500\u2500\u2500\u2500\u2500\u2500\u2500\u2500\u2500\u2500\u2500\u2500\u2500\u2500\u2500\u2500\u2500\u2500\u2500\u2500\u2500\u2500\u2500\u2500\u2500\u2500\u2500\u2500\u2500\u2500\u2500\u2500\u2500\u2500\u2500\u2500\u2500\u2500\u2500\u2500\u2500\u2500\u2500\u2500\u2500\u2500\u2500\u2500\u2500\u2500\u2500\u2500\u2500\u2500\u2500\u2500\u2500\u2510\n\u2502                           \u2502\u2502                           \u2502                                                                                                                                                               \u2502\n\u2502          Filters:         \u2502\u2502                           \u2502                                                                                                                                                               \u2502\n\u2502 optional: Dynamic Filter  \u2502\u2502                           \u2502                                                                                                                                                               \u2502\n\u2502        (i_item_id)        \u2502\u2502                           \u2502                                                                                                                                                               \u2502\n\u2502                           \u2502\u2502                           \u2502                                                                                                                                                               \u2502\n\u2502         2,048 rows        \u2502\u2502           0 rows          \u2502                                                                                                                                                               \u2502\n\u2502          (0.00s)          \u2502\u2502          (0.00s)          \u2502                                                                                                                                                               \u2502\n\u2514\u2500\u2500\u2500\u2500\u2500\u2500\u2500\u2500\u2500\u2500\u2500\u2500\u2500\u2500\u2500\u2500\u2500\u2500\u2500\u2500\u2500\u2500\u2500\u2500\u2500\u2500\u2500\u2518\u2514\u2500\u2500\u2500\u2500\u2500\u2500\u2500\u2500\u2500\u2500\u2500\u2500\u2500\u252c\u2500\u2500\u2500\u2500\u2500\u2500\u2500\u2500\u2500\u2500\u2500\u2500\u2500\u2518                                                                                                                                                               \u2502\n                             \u250c\u2500\u2500\u2500\u2500\u2500\u2500\u2500\u2500\u2500\u2500\u2500\u2500\u2500\u2534\u2500\u2500\u2500\u2500\u2500\u2500\u2500\u2500\u2500\u2500\u2500\u2500\u2500\u2510                                                                                                                                                 \u250c\u2500\u2500\u2500\u2500\u2500\u2500\u2500\u2500\u2500\u2500\u2500\u2500\u2500\u2534\u2500\u2500\u2500\u2500\u2500\u2500\u2500\u2500\u2500\u2500\u2500\u2500\u2500\u2510\n                             \u2502         HASH_JOIN         \u2502                                                                                                                                                 \u2502         TABLE_SCAN        \u2502\n                             \u2502    \u2500\u2500\u2500\u2500\u2500\u2500\u2500\u2500\u2500\u2500\u2500\u2500\u2500\u2500\u2500\u2500\u2500\u2500\u2500\u2500   \u2502                                                                                                                                                 \u2502    \u2500\u2500\u2500\u2500\u2500\u2500\u2500\u2500\u2500\u2500\u2500\u2500\u2500\u2500\u2500\u2500\u2500\u2500\u2500\u2500   \u2502\n                             \u2502      Join Type: INNER     \u2502                                                                                                                                                 \u2502        Table: store       \u2502\n                             \u2502                           \u2502                                                                                                                                                 \u2502   Type: Sequential Scan   \u2502\n                             \u2502        Conditions:        \u2502                                                                                                                                                 \u2502                           \u2502\n                             \u2502ss_sold_date_sk = d_date_sk\u2502                                                                                                                                                 \u2502        Projections:       \u2502\n                             \u2502                           \u2502                                                                                                                                                 \u2502         s_store_sk        \u2502\n                             \u2502                           \u251c\u2500\u2500\u2500\u2500\u2500\u2500\u2500\u2500\u2500\u2500\u2500\u2500\u2500\u2500\u2500\u2500\u2500\u2500\u2500\u2500\u2500\u2500\u2500\u2500\u2500\u2500\u2500\u2500\u2500\u2500\u2500\u2500\u2500\u2500\u2500\u2500\u2500\u2500\u2500\u2500\u2500\u2500\u2500\u2500\u2500\u2500\u2500\u2500\u2500\u2500\u2500\u2500\u2500\u2500\u2500\u2500\u2500\u2500\u2500\u2500\u2500\u2500\u2500\u2500\u2500\u2500\u2500\u2500\u2500\u2500\u2500\u2500\u2500\u2500\u2500\u2500\u2500\u2500\u2500\u2500\u2500\u2500\u2500\u2500\u2500\u2500\u2500\u2500\u2500\u2500\u2500\u2500\u2500\u2500\u2500\u2500\u2500\u2500\u2500\u2500\u2500\u2500\u2500\u2500\u2500\u2500\u2500\u2500\u2500\u2500\u2500\u2500\u2500\u2500\u2500\u2500\u2500\u2500\u2500\u2500\u2500\u2500\u2500\u2500\u2500\u2500\u2500\u2500\u2500\u2500\u2510              \u2502         s_store_id        \u2502\n                             \u2502                           \u2502                                                                                                                                  \u2502              \u2502        s_store_name       \u2502\n                             \u2502                           \u2502                                                                                                                                  \u2502              \u2502                           \u2502\n                             \u2502                           \u2502                                                                                                                                  \u2502              \u2502          Filters:         \u2502\n                             \u2502                           \u2502                                                                                                                                  \u2502              \u2502      s_store_sk<=100      \u2502\n                             \u2502                           \u2502                                                                                                                                  \u2502              \u2502                           \u2502\n                             \u2502           0 rows          \u2502                                                                                                                                  \u2502              \u2502          100 rows         \u2502\n                             \u2502          (0.00s)          \u2502                                                                                                                                  \u2502              \u2502          (0.00s)          \u2502\n                             \u2514\u2500\u2500\u2500\u2500\u2500\u2500\u2500\u2500\u2500\u2500\u2500\u2500\u2500\u252c\u2500\u2500\u2500\u2500\u2500\u2500\u2500\u2500\u2500\u2500\u2500\u2500\u2500\u2518                                                                                                                                  \u2502              \u2514\u2500\u2500\u2500\u2500\u2500\u2500\u2500\u2500\u2500\u2500\u2500\u2500\u2500\u2500\u2500\u2500\u2500\u2500\u2500\u2500\u2500\u2500\u2500\u2500\u2500\u2500\u2500\u2518\n                             \u250c\u2500\u2500\u2500\u2500\u2500\u2500\u2500\u2500\u2500\u2500\u2500\u2500\u2500\u2534\u2500\u2500\u2500\u2500\u2500\u2500\u2500\u2500\u2500\u2500\u2500\u2500\u2500\u2510                                                                                                                    \u250c\u2500\u2500\u2500\u2500\u2500\u2500\u2500\u2500\u2500\u2500\u2500\u2500\u2500\u2534\u2500\u2500\u2500\u2500\u2500\u2500\u2500\u2500\u2500\u2500\u2500\u2500\u2500\u2510\n                             \u2502         HASH_JOIN         \u2502                                                                                                                    \u2502           FILTER          \u2502\n                             \u2502    \u2500\u2500\u2500\u2500\u2500\u2500\u2500\u2500\u2500\u2500\u2500\u2500\u2500\u2500\u2500\u2500\u2500\u2500\u2500\u2500   \u2502                                                                                                                    \u2502    \u2500\u2500\u2500\u2500\u2500\u2500\u2500\u2500\u2500\u2500\u2500\u2500\u2500\u2500\u2500\u2500\u2500\u2500\u2500\u2500   \u2502\n                             \u2502      Join Type: INNER     \u2502                                                                                                                    \u2502 (d_date_sk BETWEEN 2450816\u2502\n                             \u2502                           \u2502                                                                                                                    \u2502        AND 2452642)       \u2502\n                             \u2502        Conditions:        \u2502                                                                                                                    \u2502                           \u2502\n                             \u2502  ss_item_sk = cs_item_sk  \u2502                                                                                                                    \u2502                           \u2502\n                             \u2502      ss_customer_sk =     \u251c\u2500\u2500\u2500\u2500\u2500\u2500\u2500\u2500\u2500\u2500\u2500\u2500\u2500\u2500\u2510                                                                                                     \u2502                           \u2502\n                             \u2502     cs_bill_customer_sk   \u2502              \u2502                                                                                                     \u2502                           \u2502\n                             \u2502     ss_ticket_number =    \u2502              \u2502                                                                                                     \u2502                           \u2502\n                             \u2502      sr_ticket_number     \u2502              \u2502                                                                                                     \u2502                           \u2502\n                             \u2502                           \u2502              \u2502                                                                                                     \u2502                           \u2502\n                             \u2502           0 rows          \u2502              \u2502                                                                                                     \u2502          29 rows          \u2502\n                             \u2502          (0.00s)          \u2502              \u2502                                                                                                     \u2502          (0.00s)          \u2502\n                             \u2514\u2500\u2500\u2500\u2500\u2500\u2500\u2500\u2500\u2500\u2500\u2500\u2500\u2500\u252c\u2500\u2500\u2500\u2500\u2500\u2500\u2500\u2500\u2500\u2500\u2500\u2500\u2500\u2518              \u2502                                                                                                     \u2514\u2500\u2500\u2500\u2500\u2500\u2500\u2500\u2500\u2500\u2500\u2500\u2500\u2500\u252c\u2500\u2500\u2500\u2500\u2500\u2500\u2500\u2500\u2500\u2500\u2500\u2500\u2500\u2518\n                             \u250c\u2500\u2500\u2500\u2500\u2500\u2500\u2500\u2500\u2500\u2500\u2500\u2500\u2500\u2534\u2500\u2500\u2500\u2500\u2500\u2500\u2500\u2500\u2500\u2500\u2500\u2500\u2500\u2510\u250c\u2500\u2500\u2500\u2500\u2500\u2500\u2500\u2500\u2500\u2500\u2500\u2500\u2500\u2534\u2500\u2500\u2500\u2500\u2500\u2500\u2500\u2500\u2500\u2500\u2500\u2500\u2500\u2510                                                                                       \u250c\u2500\u2500\u2500\u2500\u2500\u2500\u2500\u2500\u2500\u2500\u2500\u2500\u2500\u2534\u2500\u2500\u2500\u2500\u2500\u2500\u2500\u2500\u2500\u2500\u2500\u2500\u2500\u2510\n                             \u2502         TABLE_SCAN        \u2502\u2502         HASH_JOIN         \u2502                                                                                       \u2502         TABLE_SCAN        \u2502\n                             \u2502    \u2500\u2500\u2500\u2500\u2500\u2500\u2500\u2500\u2500\u2500\u2500\u2500\u2500\u2500\u2500\u2500\u2500\u2500\u2500\u2500   \u2502\u2502    \u2500\u2500\u2500\u2500\u2500\u2500\u2500\u2500\u2500\u2500\u2500\u2500\u2500\u2500\u2500\u2500\u2500\u2500\u2500\u2500   \u2502                                                                                       \u2502    \u2500\u2500\u2500\u2500\u2500\u2500\u2500\u2500\u2500\u2500\u2500\u2500\u2500\u2500\u2500\u2500\u2500\u2500\u2500\u2500   \u2502\n                             \u2502     Table: store_sales    \u2502\u2502      Join Type: INNER     \u2502                                                                                       \u2502      Table: date_dim      \u2502\n                             \u2502   Type: Sequential Scan   \u2502\u2502                           \u2502                                                                                       \u2502   Type: Sequential Scan   \u2502\n                             \u2502                           \u2502\u2502        Conditions:        \u2502                                                                                       \u2502                           \u2502\n                             \u2502        Projections:       \u2502\u2502  cs_item_sk = sr_item_sk  \u2502                                                                                       \u2502        Projections:       \u2502\n                             \u2502      ss_sold_date_sk      \u2502\u2502   cs_bill_customer_sk =   \u2502                                                                                       \u2502         d_date_sk         \u2502\n                             \u2502         ss_item_sk        \u2502\u2502       sr_customer_sk      \u2502                                                                                       \u2502                           \u2502\n                             \u2502        ss_store_sk        \u2502\u2502                           \u2502                                                                                       \u2502          Filters:         \u2502\n                             \u2502       ss_customer_sk      \u2502\u2502                           \u251c\u2500\u2500\u2500\u2500\u2500\u2500\u2500\u2500\u2500\u2500\u2500\u2500\u2500\u2500\u2500\u2500\u2500\u2500\u2500\u2500\u2500\u2500\u2500\u2500\u2500\u2500\u2500\u2500\u2500\u2500\u2500\u2500\u2500\u2500\u2500\u2500\u2500\u2500\u2500\u2500\u2500\u2500\u2500\u2510                                           \u2502          d_moy=2          \u2502\n                             \u2502      ss_ticket_number     \u2502\u2502                           \u2502                                           \u2502                                           \u2502        d_year=2000        \u2502\n                             \u2502       ss_net_profit       \u2502\u2502                           \u2502                                           \u2502                                           \u2502                           \u2502\n                             \u2502                           \u2502\u2502                           \u2502                                           \u2502                                           \u2502                           \u2502\n                             \u2502          Filters:         \u2502\u2502                           \u2502                                           \u2502                                           \u2502                           \u2502\n                             \u2502 ss_ticket_number<=2399999 \u2502\u2502                           \u2502                                           \u2502                                           \u2502                           \u2502\n                             \u2502                           \u2502\u2502                           \u2502                                           \u2502                                           \u2502                           \u2502\n                             \u2502          611 rows         \u2502\u2502           3 rows          \u2502                                           \u2502                                           \u2502          29 rows          \u2502\n                             \u2502          (0.00s)          \u2502\u2502          (0.02s)          \u2502                                           \u2502                                           \u2502          (0.00s)          \u2502\n                             \u2514\u2500\u2500\u2500\u2500\u2500\u2500\u2500\u2500\u2500\u2500\u2500\u2500\u2500\u2500\u2500\u2500\u2500\u2500\u2500\u2500\u2500\u2500\u2500\u2500\u2500\u2500\u2500\u2518\u2514\u2500\u2500\u2500\u2500\u2500\u2500\u2500\u2500\u2500\u2500\u2500\u2500\u2500\u252c\u2500\u2500\u2500\u2500\u2500\u2500\u2500\u2500\u2500\u2500\u2500\u2500\u2500\u2518                                           \u2502                                           \u2514\u2500\u2500\u2500\u2500\u2500\u2500\u2500\u2500\u2500\u2500\u2500\u2500\u2500\u2500\u2500\u2500\u2500\u2500\u2500\u2500\u2500\u2500\u2500\u2500\u2500\u2500\u2500\u2518\n                                                          \u250c\u2500\u2500\u2500\u2500\u2500\u2500\u2500\u2500\u2500\u2500\u2500\u2500\u2500\u2534\u2500\u2500\u2500\u2500\u2500\u2500\u2500\u2500\u2500\u2500\u2500\u2500\u2500\u2510                             \u250c\u2500\u2500\u2500\u2500\u2500\u2500\u2500\u2500\u2500\u2500\u2500\u2500\u2500\u2534\u2500\u2500\u2500\u2500\u2500\u2500\u2500\u2500\u2500\u2500\u2500\u2500\u2500\u2510\n                                                          \u2502         HASH_JOIN         \u2502                             \u2502         HASH_JOIN         \u2502\n                                                          \u2502    \u2500\u2500\u2500\u2500\u2500\u2500\u2500\u2500\u2500\u2500\u2500\u2500\u2500\u2500\u2500\u2500\u2500\u2500\u2500\u2500   \u2502                             \u2502    \u2500\u2500\u2500\u2500\u2500\u2500\u2500\u2500\u2500\u2500\u2500\u2500\u2500\u2500\u2500\u2500\u2500\u2500\u2500\u2500   \u2502\n                                                          \u2502      Join Type: INNER     \u2502                             \u2502      Join Type: INNER     \u2502\n                                                          \u2502                           \u2502                             \u2502                           \u2502\n                                                          \u2502        Conditions:        \u2502                             \u2502        Conditions:        \u2502\n                                                          \u2502cs_sold_date_sk = d_date_sk\u251c\u2500\u2500\u2500\u2500\u2500\u2500\u2500\u2500\u2500\u2500\u2500\u2500\u2500\u2500\u2510              \u2502   sr_returned_date_sk =   \u251c\u2500\u2500\u2500\u2500\u2500\u2500\u2500\u2500\u2500\u2500\u2500\u2500\u2500\u2500\u2510\n                                                          \u2502                           \u2502              \u2502              \u2502          d_date_sk        \u2502              \u2502\n                                                          \u2502                           \u2502              \u2502              \u2502                           \u2502              \u2502\n                                                          \u2502        406,443 rows       \u2502              \u2502              \u2502        172,177 rows       \u2502              \u2502\n                                                          \u2502          (0.00s)          \u2502              \u2502              \u2502          (0.00s)          \u2502              \u2502\n                                                          \u2514\u2500\u2500\u2500\u2500\u2500\u2500\u2500\u2500\u2500\u2500\u2500\u2500\u2500\u252c\u2500\u2500\u2500\u2500\u2500\u2500\u2500\u2500\u2500\u2500\u2500\u2500\u2500\u2518              \u2502              \u2514\u2500\u2500\u2500\u2500\u2500\u2500\u2500\u2500\u2500\u2500\u2500\u2500\u2500\u252c\u2500\u2500\u2500\u2500\u2500\u2500\u2500\u2500\u2500\u2500\u2500\u2500\u2500\u2518              \u2502\n                                                          \u250c\u2500\u2500\u2500\u2500\u2500\u2500\u2500\u2500\u2500\u2500\u2500\u2500\u2500\u2534\u2500\u2500\u2500\u2500\u2500\u2500\u2500\u2500\u2500\u2500\u2500\u2500\u2500\u2510\u250c\u2500\u2500\u2500\u2500\u2500\u2500\u2500\u2500\u2500\u2500\u2500\u2500\u2500\u2534\u2500\u2500\u2500\u2500\u2500\u2500\u2500\u2500\u2500\u2500\u2500\u2500\u2500\u2510\u250c\u2500\u2500\u2500\u2500\u2500\u2500\u2500\u2500\u2500\u2500\u2500\u2500\u2500\u2534\u2500\u2500\u2500\u2500\u2500\u2500\u2500\u2500\u2500\u2500\u2500\u2500\u2500\u2510\u250c\u2500\u2500\u2500\u2500\u2500\u2500\u2500\u2500\u2500\u2500\u2500\u2500\u2500\u2534\u2500\u2500\u2500\u2500\u2500\u2500\u2500\u2500\u2500\u2500\u2500\u2500\u2500\u2510\n                                                          \u2502         TABLE_SCAN        \u2502\u2502           FILTER          \u2502\u2502         TABLE_SCAN        \u2502\u2502           FILTER          \u2502\n                                                          \u2502    \u2500\u2500\u2500\u2500\u2500\u2500\u2500\u2500\u2500\u2500\u2500\u2500\u2500\u2500\u2500\u2500\u2500\u2500\u2500\u2500   \u2502\u2502    \u2500\u2500\u2500\u2500\u2500\u2500\u2500\u2500\u2500\u2500\u2500\u2500\u2500\u2500\u2500\u2500\u2500\u2500\u2500\u2500   \u2502\u2502    \u2500\u2500\u2500\u2500\u2500\u2500\u2500\u2500\u2500\u2500\u2500\u2500\u2500\u2500\u2500\u2500\u2500\u2500\u2500\u2500   \u2502\u2502    \u2500\u2500\u2500\u2500\u2500\u2500\u2500\u2500\u2500\u2500\u2500\u2500\u2500\u2500\u2500\u2500\u2500\u2500\u2500\u2500   \u2502\n                                                          \u2502    Table: catalog_sales   \u2502\u2502 (d_date_sk BETWEEN 2450815\u2502\u2502    Table: store_returns   \u2502\u2502 (d_date_sk BETWEEN 2450820\u2502\n                                                          \u2502   Type: Sequential Scan   \u2502\u2502        AND 2452653)       \u2502\u2502   Type: Sequential Scan   \u2502\u2502        AND 2452822)       \u2502\n                                                          \u2502                           \u2502\u2502                           \u2502\u2502                           \u2502\u2502                           \u2502\n                                                          \u2502        Projections:       \u2502\u2502                           \u2502\u2502        Projections:       \u2502\u2502                           \u2502\n                                                          \u2502    cs_bill_customer_sk    \u2502\u2502                           \u2502\u2502       sr_customer_sk      \u2502\u2502                           \u2502\n                                                          \u2502         cs_item_sk        \u2502\u2502                           \u2502\u2502         sr_item_sk        \u2502\u2502                           \u2502\n                                                          \u2502      cs_sold_date_sk      \u2502\u2502                           \u2502\u2502      sr_ticket_number     \u2502\u2502                           \u2502\n                                                          \u2502       cs_net_profit       \u2502\u2502                           \u2502\u2502    sr_returned_date_sk    \u2502\u2502                           \u2502\n                                                          \u2502                           \u2502\u2502                           \u2502\u2502        sr_net_loss        \u2502\u2502                           \u2502\n                                                          \u2502                           \u2502\u2502                           \u2502\u2502                           \u2502\u2502                           \u2502\n                                                          \u2502        406,443 rows       \u2502\u2502          90 rows          \u2502\u2502        172,177 rows       \u2502\u2502          90 rows          \u2502\n                                                          \u2502          (0.00s)          \u2502\u2502          (0.00s)          \u2502\u2502          (0.02s)          \u2502\u2502          (0.00s)          \u2502\n                                                          \u2514\u2500\u2500\u2500\u2500\u2500\u2500\u2500\u2500\u2500\u2500\u2500\u2500\u2500\u2500\u2500\u2500\u2500\u2500\u2500\u2500\u2500\u2500\u2500\u2500\u2500\u2500\u2500\u2518\u2514\u2500\u2500\u2500\u2500\u2500\u2500\u2500\u2500\u2500\u2500\u2500\u2500\u2500\u252c\u2500\u2500\u2500\u2500\u2500\u2500\u2500\u2500\u2500\u2500\u2500\u2500\u2500\u2518\u2514\u2500\u2500\u2500\u2500\u2500\u2500\u2500\u2500\u2500\u2500\u2500\u2500\u2500\u2500\u2500\u2500\u2500\u2500\u2500\u2500\u2500\u2500\u2500\u2500\u2500\u2500\u2500\u2518\u2514\u2500\u2500\u2500\u2500\u2500\u2500\u2500\u2500\u2500\u2500\u2500\u2500\u2500\u252c\u2500\u2500\u2500\u2500\u2500\u2500\u2500\u2500\u2500\u2500\u2500\u2500\u2500\u2518\n                                                                                       \u250c\u2500\u2500\u2500\u2500\u2500\u2500\u2500\u2500\u2500\u2500\u2500\u2500\u2500\u2534\u2500\u2500\u2500\u2500\u2500\u2500\u2500\u2500\u2500\u2500\u2500\u2500\u2500\u2510                             \u250c\u2500\u2500\u2500\u2500\u2500\u2500\u2500\u2500\u2500\u2500\u2500\u2500\u2500\u2534\u2500\u2500\u2500\u2500\u2500\u2500\u2500\u2500\u2500\u2500\u2500\u2500\u2500\u2510\n                                                                                       \u2502         TABLE_SCAN        \u2502                             \u2502         TABLE_SCAN        \u2502\n                                                                                       \u2502    \u2500\u2500\u2500\u2500\u2500\u2500\u2500\u2500\u2500\u2500\u2500\u2500\u2500\u2500\u2500\u2500\u2500\u2500\u2500\u2500   \u2502                             \u2502    \u2500\u2500\u2500\u2500\u2500\u2500\u2500\u2500\u2500\u2500\u2500\u2500\u2500\u2500\u2500\u2500\u2500\u2500\u2500\u2500   \u2502\n                                                                                       \u2502      Table: date_dim      \u2502                             \u2502      Table: date_dim      \u2502\n                                                                                       \u2502   Type: Sequential Scan   \u2502                             \u2502   Type: Sequential Scan   \u2502\n                                                                                       \u2502                           \u2502                             \u2502                           \u2502\n                                                                                       \u2502        Projections:       \u2502                             \u2502        Projections:       \u2502\n                                                                                       \u2502         d_date_sk         \u2502                             \u2502         d_date_sk         \u2502\n                                                                                       \u2502                           \u2502                             \u2502                           \u2502\n                                                                                       \u2502          Filters:         \u2502                             \u2502          Filters:         \u2502\n                                                                                       \u2502   d_moy>=2 AND d_moy<=4   \u2502                             \u2502   d_moy>=2 AND d_moy<=4   \u2502\n                                                                                       \u2502        d_year=2000        \u2502                             \u2502        d_year=2000        \u2502\n                                                                                       \u2502                           \u2502                             \u2502                           \u2502\n                                                                                       \u2502          90 rows          \u2502                             \u2502          90 rows          \u2502\n                                                                                       \u2502          (0.00s)          \u2502                             \u2502          (0.00s)          \u2502\n                                                                                       \u2514\u2500\u2500\u2500\u2500\u2500\u2500\u2500\u2500\u2500\u2500\u2500\u2500\u2500\u2500\u2500\u2500\u2500\u2500\u2500\u2500\u2500\u2500\u2500\u2500\u2500\u2500\u2500\u2518                             \u2514\u2500\u2500\u2500\u2500\u2500\u2500\u2500\u2500\u2500\u2500\u2500\u2500\u2500\u2500\u2500\u2500\u2500\u2500\u2500\u2500\u2500\u2500\u2500\u2500\u2500\u2500\u2500\u2518\n",
  "plan_json": {
    "total_bytes_written": 0,
    "total_bytes_read": 0,
    "rows_returned": 0,
    "latency": 0.0,
    "result_set_size": 0,
    "query_name": "",
    "blocked_thread_time": 0.0,
    "system_peak_buffer_memory": 0,
    "system_peak_temp_dir_size": 0,
    "cpu_time": 0.0,
    "extra_info": {},
    "cumulative_cardinality": 0,
    "cumulative_rows_scanned": 0,
    "children": [
      {
        "total_bytes_written": 0,
        "total_bytes_read": 0,
        "result_set_size": 0,
        "operator_name": "EXPLAIN_ANALYZE",
        "cpu_time": 0.0,
        "extra_info": {},
        "cumulative_cardinality": 0,
        "operator_type": "EXPLAIN_ANALYZE",
        "operator_cardinality": 0,
        "cumulative_rows_scanned": 0,
        "operator_rows_scanned": 0,
        "operator_timing": 0.0,
        "children": [
          {
            "total_bytes_written": 0,
            "total_bytes_read": 0,
            "result_set_size": 0,
            "operator_name": "TOP_N",
            "cpu_time": 0.0,
            "extra_info": {
              "Top": "100",
              "Order By": [
                "tpcds_sf10_2.main.item.i_item_id ASC",
                "tpcds_sf10_2.main.item.i_item_desc ASC",
                "tpcds_sf10_2.main.store.s_store_id ASC",
                "tpcds_sf10_2.main.store.s_store_name ASC"
              ]
            },
            "cumulative_cardinality": 0,
            "operator_type": "TOP_N",
            "operator_cardinality": 0,
            "cumulative_rows_scanned": 0,
            "operator_rows_scanned": 0,
            "operator_timing": 3.45e-07,
            "children": [
              {
                "total_bytes_written": 0,
                "total_bytes_read": 0,
                "result_set_size": 0,
                "operator_name": "PROJECTION",
                "cpu_time": 0.0,
                "extra_info": {
                  "Projections": [
                    "#0",
                    "#1",
                    "#2",
                    "__internal_decompress_string(#3)",
                    "#4",
                    "#5",
                    "#6"
                  ],
                  "Estimated Cardinality": "1127"
                },
                "cumulative_cardinality": 0,
                "operator_type": "PROJECTION",
                "operator_cardinality": 0,
                "cumulative_rows_scanned": 0,
                "operator_rows_scanned": 0,
                "operator_timing": 0.0,
                "children": [
                  {
                    "total_bytes_written": 0,
                    "total_bytes_read": 0,
                    "result_set_size": 0,
                    "operator_name": "HASH_GROUP_BY",
                    "cpu_time": 0.0,
                    "extra_info": {
                      "Groups": [
                        "#0",
                        "#1",
                        "#2",
                        "#3"
                      ],
                      "Aggregates": [
                        "stddev_samp(#4)",
                        "stddev_samp(#5)",
                        "stddev_samp(#6)"
                      ],
                      "Estimated Cardinality": "1127"
                    },
                    "cumulative_cardinality": 0,
                    "operator_type": "HASH_GROUP_BY",
                    "operator_cardinality": 0,
                    "cumulative_rows_scanned": 0,
                    "operator_rows_scanned": 0,
                    "operator_timing": 9.99e-07,
                    "children": [
                      {
                        "total_bytes_written": 0,
                        "total_bytes_read": 0,
                        "result_set_size": 0,
                        "operator_name": "PROJECTION",
                        "cpu_time": 0.0,
                        "extra_info": {
                          "Projections": [
                            "i_item_id",
                            "i_item_desc",
                            "s_store_id",
                            "s_store_name",
                            "CAST(ss_net_profit AS DOUBLE)",
                            "CAST(sr_net_loss AS DOUBLE)",
                            "CAST(cs_net_profit AS DOUBLE)"
                          ],
                          "Estimated Cardinality": "1128"
                        },
                        "cumulative_cardinality": 0,
                        "operator_type": "PROJECTION",
                        "operator_cardinality": 0,
                        "cumulative_rows_scanned": 0,
                        "operator_rows_scanned": 0,
                        "operator_timing": 0.0,
                        "children": [
                          {
                            "total_bytes_written": 0,
                            "total_bytes_read": 0,
                            "result_set_size": 0,
                            "operator_name": "PROJECTION",
                            "cpu_time": 0.0,
                            "extra_info": {
                              "Projections": [
                                "#0",
                                "#1",
                                "#2",
                                "#4",
                                "#3",
                                "#5",
                                "__internal_compress_string_ubigint(#6)"
                              ],
                              "Estimated Cardinality": "1128"
                            },
                            "cumulative_cardinality": 0,
                            "operator_type": "PROJECTION",
                            "operator_cardinality": 0,
                            "cumulative_rows_scanned": 0,
                            "operator_rows_scanned": 0,
                            "operator_timing": 0.0,
                            "children": [
                              {
                                "total_bytes_written": 0,
                                "total_bytes_read": 0,
                                "result_set_size": 0,
                                "operator_name": "HASH_JOIN",
                                "cpu_time": 0.0,
                                "extra_info": {
                                  "Join Type": "INNER",
                                  "Conditions": "i_item_sk = ss_item_sk",
                                  "Estimated Cardinality": "1128"
                                },
                                "cumulative_cardinality": 0,
                                "operator_type": "HASH_JOIN",
                                "operator_cardinality": 0,
                                "cumulative_rows_scanned": 0,
                                "operator_rows_scanned": 0,
                                "operator_timing": 6.061e-06,
                                "children": [
                                  {
                                    "total_bytes_written": 0,
                                    "total_bytes_read": 0,
                                    "result_set_size": 73728,
                                    "operator_name": "SEQ_SCAN ",
                                    "cpu_time": 0.0,
                                    "extra_info": {
                                      "Table": "item",
                                      "Type": "Sequential Scan",
                                      "Projections": [
                                        "i_item_sk",
                                        "i_item_id",
                                        "i_item_desc"
                                      ],
                                      "Filters": "optional: Dynamic Filter (i_item_id)",
                                      "Estimated Cardinality": "102000"
                                    },
                                    "cumulative_cardinality": 0,
                                    "operator_type": "TABLE_SCAN",
                                    "operator_cardinality": 2048,
                                    "cumulative_rows_scanned": 0,
                                    "operator_rows_scanned": 102000,
                                    "operator_timing": 0.000106445,
                                    "children": []
                                  },
                                  {
                                    "total_bytes_written": 0,
                                    "total_bytes_read": 0,
                                    "result_set_size": 0,
                                    "operator_name": "HASH_JOIN",
                                    "cpu_time": 0.0,
                                    "extra_info": {
                                      "Join Type": "INNER",
                                      "Conditions": "ss_store_sk = s_store_sk",
                                      "Estimated Cardinality": "1092"
                                    },
                                    "cumulative_cardinality": 0,
                                    "operator_type": "HASH_JOIN",
                                    "operator_cardinality": 0,
                                    "cumulative_rows_scanned": 0,
                                    "operator_rows_scanned": 0,
                                    "operator_timing": 6.6234e-05,
                                    "children": [
                                      {
                                        "total_bytes_written": 0,
                                        "total_bytes_read": 0,
                                        "result_set_size": 0,
                                        "operator_name": "HASH_JOIN",
                                        "cpu_time": 0.0,
                                        "extra_info": {
                                          "Join Type": "INNER",
                                          "Conditions": "ss_sold_date_sk = d_date_sk",
                                          "Estimated Cardinality": "1071"
                                        },
                                        "cumulative_cardinality": 0,
                                        "operator_type": "HASH_JOIN",
                                        "operator_cardinality": 0,
                                        "cumulative_rows_scanned": 0,
                                        "operator_rows_scanned": 0,
                                        "operator_timing": 3.8382e-05,
                                        "children": [
                                          {
                                            "total_bytes_written": 0,
                                            "total_bytes_read": 0,
                                            "result_set_size": 0,
                                            "operator_name": "HASH_JOIN",
                                            "cpu_time": 0.0,
                                            "extra_info": {
                                              "Join Type": "INNER",
                                              "Conditions": [
                                                "ss_item_sk = cs_item_sk",
                                                "ss_customer_sk = cs_bill_customer_sk",
                                                "ss_ticket_number = sr_ticket_number"
                                              ],
                                              "Estimated Cardinality": "133768"
                                            },
                                            "cumulative_cardinality": 0,
                                            "operator_type": "HASH_JOIN",
                                            "operator_cardinality": 0,
                                            "cumulative_rows_scanned": 0,
                                            "operator_rows_scanned": 0,
                                            "operator_timing": 0.00043738000000000007,
                                            "children": [
                                              {
                                                "total_bytes_written": 0,
                                                "total_bytes_read": 0,
                                                "result_set_size": 14664,
                                                "operator_name": "SEQ_SCAN ",
                                                "cpu_time": 0.0,
                                                "extra_info": {
                                                  "Table": "store_sales",
                                                  "Type": "Sequential Scan",
                                                  "Projections": [
                                                    "ss_sold_date_sk",
                                                    "ss_item_sk",
                                                    "ss_store_sk",
                                                    "ss_customer_sk",
                                                    "ss_ticket_number",
                                                    "ss_net_profit"
                                                  ],
                                                  "Filters": "ss_ticket_number<=2399999",
                                                  "Estimated Cardinality": "28800991"
                                                },
                                                "cumulative_cardinality": 0,
                                                "operator_type": "TABLE_SCAN",
                                                "operator_cardinality": 611,
                                                "cumulative_rows_scanned": 0,
                                                "operator_rows_scanned": 806427748,
                                                "operator_timing": 0.002493868,
                                                "children": []
                                              },
                                              {
                                                "total_bytes_written": 0,
                                                "total_bytes_read": 0,
                                                "result_set_size": 60,
                                                "operator_name": "HASH_JOIN",
                                                "cpu_time": 0.0,
                                                "extra_info": {
                                                  "Join Type": "INNER",
                                                  "Conditions": [
                                                    "cs_item_sk = sr_item_sk",
                                                    "cs_bill_customer_sk = sr_customer_sk"
                                                  ],
                                                  "Estimated Cardinality": "4358"
                                                },
                                                "cumulative_cardinality": 0,
                                                "operator_type": "HASH_JOIN",
                                                "operator_cardinality": 3,
                                                "cumulative_rows_scanned": 0,
                                                "operator_rows_scanned": 0,
                                                "operator_timing": 0.017664256,
                                                "children": [
                                                  {
                                                    "total_bytes_written": 0,
                                                    "total_bytes_read": 0,
                                                    "result_set_size": 6503088,
                                                    "operator_name": "HASH_JOIN",
                                                    "cpu_time": 0.0,
                                                    "extra_info": {
                                                      "Join Type": "INNER",
                                                      "Conditions": "cs_sold_date_sk = d_date_sk",
                                                      "Estimated Cardinality": "115329"
                                                    },
                                                    "cumulative_cardinality": 0,
                                                    "operator_type": "HASH_JOIN",
                                                    "operator_cardinality": 406443,
                                                    "cumulative_rows_scanned": 0,
                                                    "operator_rows_scanned": 0,
                                                    "operator_timing": 0.000750516,
                                                    "children": [
                                                      {
                                                        "total_bytes_written": 0,
                                                        "total_bytes_read": 0,
                                                        "result_set_size": 6503088,
                                                        "operator_name": "SEQ_SCAN ",
                                                        "cpu_time": 0.0,
                                                        "extra_info": {
                                                          "Table": "catalog_sales",
                                                          "Type": "Sequential Scan",
                                                          "Projections": [
                                                            "cs_bill_customer_sk",
                                                            "cs_item_sk",
                                                            "cs_sold_date_sk",
                                                            "cs_net_profit"
                                                          ],
                                                          "Estimated Cardinality": "14401261"
                                                        },
                                                        "cumulative_cardinality": 0,
                                                        "operator_type": "TABLE_SCAN",
                                                        "operator_cardinality": 406443,
                                                        "cumulative_rows_scanned": 0,
                                                        "operator_rows_scanned": 403235308,
                                                        "operator_timing": 0.004000226000000001,
                                                        "children": []
                                                      },
                                                      {
                                                        "total_bytes_written": 0,
                                                        "total_bytes_read": 0,
                                                        "result_set_size": 360,
                                                        "operator_name": "FILTER",
                                                        "cpu_time": 0.0,
                                                        "extra_info": {
                                                          "Expression": "(d_date_sk BETWEEN 2450815 AND 2452653)",
                                                          "Estimated Cardinality": "585"
                                                        },
                                                        "cumulative_cardinality": 0,
                                                        "operator_type": "FILTER",
                                                        "operator_cardinality": 90,
                                                        "cumulative_rows_scanned": 0,
                                                        "operator_rows_scanned": 0,
                                                        "operator_timing": 6.419e-06,
                                                        "children": [
                                                          {
                                                            "total_bytes_written": 0,
                                                            "total_bytes_read": 0,
                                                            "result_set_size": 360,
                                                            "operator_name": "SEQ_SCAN ",
                                                            "cpu_time": 0.0,
                                                            "extra_info": {
                                                              "Table": "date_dim",
                                                              "Type": "Sequential Scan",
                                                              "Projections": "d_date_sk",
                                                              "Filters": [
                                                                "d_moy>=2 AND d_moy<=4",
                                                                "d_year=2000"
                                                              ],
                                                              "Estimated Cardinality": "585"
                                                            },
                                                            "cumulative_cardinality": 0,
                                                            "operator_type": "TABLE_SCAN",
                                                            "operator_cardinality": 90,
                                                            "cumulative_rows_scanned": 0,
                                                            "operator_rows_scanned": 73049,
                                                            "operator_timing": 3.4737e-05,
                                                            "children": []
                                                          }
                                                        ]
                                                      }
                                                    ]
                                                  },
                                                  {
                                                    "total_bytes_written": 0,
                                                    "total_bytes_read": 0,
                                                    "result_set_size": 3443540,
                                                    "operator_name": "HASH_JOIN",
                                                    "cpu_time": 0.0,
                                                    "extra_info": {
                                                      "Join Type": "INNER",
                                                      "Conditions": "sr_returned_date_sk = d_date_sk",
                                                      "Estimated Cardinality": "23044"
                                                    },
                                                    "cumulative_cardinality": 0,
                                                    "operator_type": "HASH_JOIN",
                                                    "operator_cardinality": 172177,
                                                    "cumulative_rows_scanned": 0,
                                                    "operator_rows_scanned": 0,
                                                    "operator_timing": 0.003128291,
                                                    "children": [
                                                      {
                                                        "total_bytes_written": 0,
                                                        "total_bytes_read": 0,
                                                        "result_set_size": 3443540,
                                                        "operator_name": "SEQ_SCAN ",
                                                        "cpu_time": 0.0,
                                                        "extra_info": {
                                                          "Table": "store_returns",
                                                          "Type": "Sequential Scan",
                                                          "Projections": [
                                                            "sr_customer_sk",
                                                            "sr_item_sk",
                                                            "sr_ticket_number",
                                                            "sr_returned_date_sk",
                                                            "sr_net_loss"
                                                          ],
                                                          "Estimated Cardinality": "2877532"
                                                        },
                                                        "cumulative_cardinality": 0,
                                                        "operator_type": "TABLE_SCAN",
                                                        "operator_cardinality": 172177,
                                                        "cumulative_rows_scanned": 0,
                                                        "operator_rows_scanned": 69060768,
                                                        "operator_timing": 0.021227783,
                                                        "children": []
                                                      },
                                                      {
                                                        "total_bytes_written": 0,
                                                        "total_bytes_read": 0,
                                                        "result_set_size": 360,
                                                        "operator_name": "FILTER",
                                                        "cpu_time": 0.0,
                                                        "extra_info": {
                                                          "Expression": "(d_date_sk BETWEEN 2450820 AND 2452822)",
                                                          "Estimated Cardinality": "585"
                                                        },
                                                        "cumulative_cardinality": 0,
                                                        "operator_type": "FILTER",
                                                        "operator_cardinality": 90,
                                                        "cumulative_rows_scanned": 0,
                                                        "operator_rows_scanned": 0,
                                                        "operator_timing": 6.861e-06,
                                                        "children": [
                                                          {
                                                            "total_bytes_written": 0,
                                                            "total_bytes_read": 0,
                                                            "result_set_size": 360,
                                                            "operator_name": "SEQ_SCAN ",
                                                            "cpu_time": 0.0,
                                                            "extra_info": {
                                                              "Table": "date_dim",
                                                              "Type": "Sequential Scan",
                                                              "Projections": "d_date_sk",
                                                              "Filters": [
                                                                "d_moy>=2 AND d_moy<=4",
                                                                "d_year=2000"
                                                              ],
                                                              "Estimated Cardinality": "585"
                                                            },
                                                            "cumulative_cardinality": 0,
                                                            "operator_type": "TABLE_SCAN",
                                                            "operator_cardinality": 90,
                                                            "cumulative_rows_scanned": 0,
                                                            "operator_rows_scanned": 73049,
                                                            "operator_timing": 3.6581999999999996e-05,
                                                            "children": []
                                                          }
                                                        ]
                                                      }
                                                    ]
                                                  }
                                                ]
                                              }
                                            ]
                                          },
                                          {
                                            "total_bytes_written": 0,
                                            "total_bytes_read": 0,
                                            "result_set_size": 116,
                                            "operator_name": "FILTER",
                                            "cpu_time": 0.0,
                                            "extra_info": {
                                              "Expression": "(d_date_sk BETWEEN 2450816 AND 2452642)",
                                              "Estimated Cardinality": "585"
                                            },
                                            "cumulative_cardinality": 0,
                                            "operator_type": "FILTER",
                                            "operator_cardinality": 29,
                                            "cumulative_rows_scanned": 0,
                                            "operator_rows_scanned": 0,
                                            "operator_timing": 1.0347000000000001e-05,
                                            "children": [
                                              {
                                                "total_bytes_written": 0,
                                                "total_bytes_read": 0,
                                                "result_set_size": 116,
                                                "operator_name": "SEQ_SCAN ",
                                                "cpu_time": 0.0,
                                                "extra_info": {
                                                  "Table": "date_dim",
                                                  "Type": "Sequential Scan",
                                                  "Projections": "d_date_sk",
                                                  "Filters": [
                                                    "d_moy=2",
                                                    "d_year=2000"
                                                  ],
                                                  "Estimated Cardinality": "585"
                                                },
                                                "cumulative_cardinality": 0,
                                                "operator_type": "TABLE_SCAN",
                                                "operator_cardinality": 29,
                                                "cumulative_rows_scanned": 0,
                                                "operator_rows_scanned": 73049,
                                                "operator_timing": 5.7029e-05,
                                                "children": []
                                              }
                                            ]
                                          }
                                        ]
                                      },
                                      {
                                        "total_bytes_written": 0,
                                        "total_bytes_read": 0,
                                        "result_set_size": 3600,
                                        "operator_name": "SEQ_SCAN ",
                                        "cpu_time": 0.0,
                                        "extra_info": {
                                          "Table": "store",
                                          "Type": "Sequential Scan",
                                          "Projections": [
                                            "s_store_sk",
                                            "s_store_id",
                                            "s_store_name"
                                          ],
                                          "Filters": "s_store_sk<=100",
                                          "Estimated Cardinality": "102"
                                        },
                                        "cumulative_cardinality": 0,
                                        "operator_type": "TABLE_SCAN",
                                        "operator_cardinality": 100,
                                        "cumulative_rows_scanned": 0,
                                        "operator_rows_scanned": 102,
                                        "operator_timing": 1.4398999999999999e-05,
                                        "children": []
                                      }
                                    ]
                                  }
                                ]
                              }
                            ]
                          }
                        ]
                      }
                    ]
                  }
                ]
              }
            ]
          }
        ]
      }
    ]
  },
  "actual_rows": 0
}