{
  "execution_time_ms": 182.1,
  "plan_text": "\u250c\u2500\u2500\u2500\u2500\u2500\u2500\u2500\u2500\u2500\u2500\u2500\u2500\u2500\u2500\u2500\u2500\u2500\u2500\u2500\u2500\u2500\u2500\u2500\u2500\u2500\u2500\u2500\u2500\u2500\u2500\u2500\u2500\u2500\u2500\u2500\u2500\u2500\u2510\n\u2502\u250c\u2500\u2500\u2500\u2500\u2500\u2500\u2500\u2500\u2500\u2500\u2500\u2500\u2500\u2500\u2500\u2500\u2500\u2500\u2500\u2500\u2500\u2500\u2500\u2500\u2500\u2500\u2500\u2500\u2500\u2500\u2500\u2500\u2500\u2500\u2500\u2510\u2502\n\u2502\u2502    Query Profiling Information    \u2502\u2502\n\u2502\u2514\u2500\u2500\u2500\u2500\u2500\u2500\u2500\u2500\u2500\u2500\u2500\u2500\u2500\u2500\u2500\u2500\u2500\u2500\u2500\u2500\u2500\u2500\u2500\u2500\u2500\u2500\u2500\u2500\u2500\u2500\u2500\u2500\u2500\u2500\u2500\u2518\u2502\n\u2514\u2500\u2500\u2500\u2500\u2500\u2500\u2500\u2500\u2500\u2500\u2500\u2500\u2500\u2500\u2500\u2500\u2500\u2500\u2500\u2500\u2500\u2500\u2500\u2500\u2500\u2500\u2500\u2500\u2500\u2500\u2500\u2500\u2500\u2500\u2500\u2500\u2500\u2518\nEXPLAIN ANALYZE select  i_item_desc       ,w_warehouse_name       ,d1.d_week_seq       ,sum(case when p_promo_sk is null then 1 else 0 end) no_promo       ,sum(case when p_promo_sk is not null then 1 else 0 end) promo       ,count(*) total_cnt from catalog_sales join inventory on (cs_item_sk = inv_item_sk) join warehouse on (w_warehouse_sk=inv_warehouse_sk) join item on (i_item_sk = cs_item_sk) join customer_demographics on (cs_bill_cdemo_sk = cd_demo_sk) join household_demographics on (cs_bill_hdemo_sk = hd_demo_sk) join date_dim d1 on (cs_sold_date_sk = d1.d_date_sk) join date_dim d2 on (inv_date_sk = d2.d_date_sk) join date_dim d3 on (cs_ship_date_sk = d3.d_date_sk) left outer join promotion on (cs_promo_sk=p_promo_sk) left outer join catalog_returns on (cr_item_sk = cs_item_sk and cr_order_number = cs_order_number) where d1.d_week_seq = d2.d_week_seq   and inv_quantity_on_hand < cs_quantity   and d3.d_date > d1.d_date + interval '3 day'   and hd_buy_potential = '>10000'   and d1.d_year = 1998   and cd_marital_status = 'U'   and cd_dep_count between 9 and 11   and i_category IN ('Children', 'Jewelry', 'Men')   and cs_wholesale_cost BETWEEN 35 AND 55 group by i_item_desc,w_warehouse_name,d1.d_week_seq order by total_cnt desc, i_item_desc, w_warehouse_name, d1.d_week_seq limit 100\n\u250c\u2500\u2500\u2500\u2500\u2500\u2500\u2500\u2500\u2500\u2500\u2500\u2500\u2500\u2500\u2500\u2500\u2500\u2500\u2500\u2500\u2500\u2500\u2500\u2500\u2500\u2500\u2500\u2500\u2500\u2500\u2500\u2500\u2500\u2500\u2500\u2500\u2500\u2500\u2500\u2500\u2500\u2500\u2500\u2500\u2500\u2500\u2500\u2500\u2510\n\u2502\u250c\u2500\u2500\u2500\u2500\u2500\u2500\u2500\u2500\u2500\u2500\u2500\u2500\u2500\u2500\u2500\u2500\u2500\u2500\u2500\u2500\u2500\u2500\u2500\u2500\u2500\u2500\u2500\u2500\u2500\u2500\u2500\u2500\u2500\u2500\u2500\u2500\u2500\u2500\u2500\u2500\u2500\u2500\u2500\u2500\u2500\u2500\u2510\u2502\n\u2502\u2502              Total Time: 0.0383s             \u2502\u2502\n\u2502\u2514\u2500\u2500\u2500\u2500\u2500\u2500\u2500\u2500\u2500\u2500\u2500\u2500\u2500\u2500\u2500\u2500\u2500\u2500\u2500\u2500\u2500\u2500\u2500\u2500\u2500\u2500\u2500\u2500\u2500\u2500\u2500\u2500\u2500\u2500\u2500\u2500\u2500\u2500\u2500\u2500\u2500\u2500\u2500\u2500\u2500\u2500\u2518\u2502\n\u2514\u2500\u2500\u2500\u2500\u2500\u2500\u2500\u2500\u2500\u2500\u2500\u2500\u2500\u2500\u2500\u2500\u2500\u2500\u2500\u2500\u2500\u2500\u2500\u2500\u2500\u2500\u2500\u2500\u2500\u2500\u2500\u2500\u2500\u2500\u2500\u2500\u2500\u2500\u2500\u2500\u2500\u2500\u2500\u2500\u2500\u2500\u2500\u2500\u2518\n\u250c\u2500\u2500\u2500\u2500\u2500\u2500\u2500\u2500\u2500\u2500\u2500\u2500\u2500\u2500\u2500\u2500\u2500\u2500\u2500\u2510\n\u2502       QUERY       \u2502\n\u2514\u2500\u2500\u2500\u2500\u2500\u2500\u2500\u2500\u2500\u252c\u2500\u2500\u2500\u2500\u2500\u2500\u2500\u2500\u2500\u2518\n\u250c\u2500\u2500\u2500\u2500\u2500\u2500\u2500\u2500\u2500\u2534\u2500\u2500\u2500\u2500\u2500\u2500\u2500\u2500\u2500\u2510\n\u2502  EXPLAIN_ANALYZE  \u2502\n\u2502    \u2500\u2500\u2500\u2500\u2500\u2500\u2500\u2500\u2500\u2500\u2500\u2500   \u2502\n\u2502       0 rows      \u2502\n\u2502      (0.00s)      \u2502\n\u2514\u2500\u2500\u2500\u2500\u2500\u2500\u2500\u2500\u2500\u252c\u2500\u2500\u2500\u2500\u2500\u2500\u2500\u2500\u2500\u2518\n\u250c\u2500\u2500\u2500\u2500\u2500\u2500\u2500\u2500\u2500\u2534\u2500\u2500\u2500\u2500\u2500\u2500\u2500\u2500\u2500\u2510\n\u2502       TOP_N       \u2502\n\u2502    \u2500\u2500\u2500\u2500\u2500\u2500\u2500\u2500\u2500\u2500\u2500\u2500   \u2502\n\u2502      Top: 100     \u2502\n\u2502                   \u2502\n\u2502     Order By:     \u2502\n\u2502 count_star() DESC \u2502\n\u2502 tpcds_sf10_2.main \u2502\n\u2502 .item.i_item_desc \u2502\n\u2502         ASC       \u2502\n\u2502 tpcds_sf10_2.main \u2502\n\u2502     .warehouse    \u2502\n\u2502 .w_warehouse_name \u2502\n\u2502         ASC       \u2502\n\u2502 d1.d_week_seq ASC \u2502\n\u2502                   \u2502\n\u2502       0 rows      \u2502\n\u2502      (0.00s)      \u2502\n\u2514\u2500\u2500\u2500\u2500\u2500\u2500\u2500\u2500\u2500\u252c\u2500\u2500\u2500\u2500\u2500\u2500\u2500\u2500\u2500\u2518\n\u250c\u2500\u2500\u2500\u2500\u2500\u2500\u2500\u2500\u2500\u2534\u2500\u2500\u2500\u2500\u2500\u2500\u2500\u2500\u2500\u2510\n\u2502     PROJECTION    \u2502\n\u2502    \u2500\u2500\u2500\u2500\u2500\u2500\u2500\u2500\u2500\u2500\u2500\u2500   \u2502\n\u2502         #0        \u2502\n\u2502         #1        \u2502\n\u2502__internal_decompre\u2502\n\u2502ss_integral_integer\u2502\n\u2502      (#2, 1)      \u2502\n\u2502         #3        \u2502\n\u2502         #4        \u2502\n\u2502         #5        \u2502\n\u2502                   \u2502\n\u2502       0 rows      \u2502\n\u2502      (0.00s)      \u2502\n\u2514\u2500\u2500\u2500\u2500\u2500\u2500\u2500\u2500\u2500\u252c\u2500\u2500\u2500\u2500\u2500\u2500\u2500\u2500\u2500\u2518\n\u250c\u2500\u2500\u2500\u2500\u2500\u2500\u2500\u2500\u2500\u2534\u2500\u2500\u2500\u2500\u2500\u2500\u2500\u2500\u2500\u2510\n\u2502   HASH_GROUP_BY   \u2502\n\u2502    \u2500\u2500\u2500\u2500\u2500\u2500\u2500\u2500\u2500\u2500\u2500\u2500   \u2502\n\u2502      Groups:      \u2502\n\u2502         #0        \u2502\n\u2502         #1        \u2502\n\u2502         #2        \u2502\n\u2502                   \u2502\n\u2502    Aggregates:    \u2502\n\u2502      sum(#3)      \u2502\n\u2502      sum(#4)      \u2502\n\u2502    count_star()   \u2502\n\u2502                   \u2502\n\u2502       0 rows      \u2502\n\u2502      (0.00s)      \u2502\n\u2514\u2500\u2500\u2500\u2500\u2500\u2500\u2500\u2500\u2500\u252c\u2500\u2500\u2500\u2500\u2500\u2500\u2500\u2500\u2500\u2518\n\u250c\u2500\u2500\u2500\u2500\u2500\u2500\u2500\u2500\u2500\u2534\u2500\u2500\u2500\u2500\u2500\u2500\u2500\u2500\u2500\u2510\n\u2502     PROJECTION    \u2502\n\u2502    \u2500\u2500\u2500\u2500\u2500\u2500\u2500\u2500\u2500\u2500\u2500\u2500   \u2502\n\u2502    i_item_desc    \u2502\n\u2502  w_warehouse_name \u2502\n\u2502     d_week_seq    \u2502\n\u2502    CASE  WHEN (   \u2502\n\u2502   (p_promo_sk IS  \u2502\n\u2502   NULL)) THEN (1) \u2502\n\u2502     ELSE 0 END    \u2502\n\u2502    CASE  WHEN (   \u2502\n\u2502 (p_promo_sk IS NOT\u2502\n\u2502   NULL)) THEN (1) \u2502\n\u2502     ELSE 0 END    \u2502\n\u2502                   \u2502\n\u2502       0 rows      \u2502\n\u2502      (0.00s)      \u2502\n\u2514\u2500\u2500\u2500\u2500\u2500\u2500\u2500\u2500\u2500\u252c\u2500\u2500\u2500\u2500\u2500\u2500\u2500\u2500\u2500\u2518\n\u250c\u2500\u2500\u2500\u2500\u2500\u2500\u2500\u2500\u2500\u2534\u2500\u2500\u2500\u2500\u2500\u2500\u2500\u2500\u2500\u2510\n\u2502     PROJECTION    \u2502\n\u2502    \u2500\u2500\u2500\u2500\u2500\u2500\u2500\u2500\u2500\u2500\u2500\u2500   \u2502\n\u2502         #0        \u2502\n\u2502         #1        \u2502\n\u2502__internal_compress\u2502\n\u2502_integral_usmallint\u2502\n\u2502      (#3, 1)      \u2502\n\u2502         #2        \u2502\n\u2502         #4        \u2502\n\u2502         #5        \u2502\n\u2502                   \u2502\n\u2502       0 rows      \u2502\n\u2502      (0.00s)      \u2502\n\u2514\u2500\u2500\u2500\u2500\u2500\u2500\u2500\u2500\u2500\u252c\u2500\u2500\u2500\u2500\u2500\u2500\u2500\u2500\u2500\u2518\n\u250c\u2500\u2500\u2500\u2500\u2500\u2500\u2500\u2500\u2500\u2534\u2500\u2500\u2500\u2500\u2500\u2500\u2500\u2500\u2500\u2510\n\u2502     HASH_JOIN     \u2502\n\u2502    \u2500\u2500\u2500\u2500\u2500\u2500\u2500\u2500\u2500\u2500\u2500\u2500   \u2502\n\u2502     Join Type:    \u2502\n\u2502       RIGHT       \u2502\n\u2502                   \u2502\n\u2502    Conditions:    \u2502\n\u2502    cr_item_sk =   \u251c\u2500\u2500\u2500\u2500\u2500\u2500\u2500\u2500\u2500\u2500\u2510\n\u2502     cs_item_sk    \u2502          \u2502\n\u2502 cr_order_number = \u2502          \u2502\n\u2502   cs_order_number \u2502          \u2502\n\u2502                   \u2502          \u2502\n\u2502       0 rows      \u2502          \u2502\n\u2502      (0.00s)      \u2502          \u2502\n\u2514\u2500\u2500\u2500\u2500\u2500\u2500\u2500\u2500\u2500\u252c\u2500\u2500\u2500\u2500\u2500\u2500\u2500\u2500\u2500\u2518          \u2502\n\u250c\u2500\u2500\u2500\u2500\u2500\u2500\u2500\u2500\u2500\u2534\u2500\u2500\u2500\u2500\u2500\u2500\u2500\u2500\u2500\u2510\u250c\u2500\u2500\u2500\u2500\u2500\u2500\u2500\u2500\u2500\u2534\u2500\u2500\u2500\u2500\u2500\u2500\u2500\u2500\u2500\u2510\n\u2502     TABLE_SCAN    \u2502\u2502     HASH_JOIN     \u2502\n\u2502    \u2500\u2500\u2500\u2500\u2500\u2500\u2500\u2500\u2500\u2500\u2500\u2500   \u2502\u2502    \u2500\u2500\u2500\u2500\u2500\u2500\u2500\u2500\u2500\u2500\u2500\u2500   \u2502\n\u2502       Table:      \u2502\u2502     Join Type:    \u2502\n\u2502  catalog_returns  \u2502\u2502        LEFT       \u2502\n\u2502                   \u2502\u2502                   \u2502\n\u2502       Type:       \u2502\u2502    Conditions:    \u2502\n\u2502  Sequential Scan  \u2502\u2502   cs_promo_sk =   \u2502\n\u2502                   \u2502\u2502     p_promo_sk    \u251c\u2500\u2500\u2500\u2500\u2500\u2500\u2500\u2500\u2500\u2500\u2500\u2500\u2500\u2500\u2500\u2500\u2500\u2500\u2500\u2500\u2500\u2500\u2500\u2500\u2500\u2500\u2500\u2500\u2500\u2500\u2500\u2500\u2500\u2500\u2500\u2500\u2500\u2500\u2500\u2500\u2500\u2500\u2500\u2500\u2500\u2500\u2500\u2500\u2500\u2500\u2500\u2500\u2500\u2500\u2500\u2500\u2500\u2500\u2500\u2500\u2500\u2500\u2500\u2500\u2500\u2500\u2500\u2500\u2500\u2500\u2500\u2500\u2500\u2500\u2500\u2500\u2500\u2500\u2500\u2500\u2500\u2500\u2500\u2500\u2500\u2500\u2500\u2500\u2500\u2500\u2500\u2500\u2500\u2500\u2500\u2500\u2500\u2500\u2500\u2500\u2500\u2500\u2500\u2500\u2500\u2500\u2500\u2500\u2500\u2500\u2500\u2500\u2500\u2500\u2500\u2500\u2500\u2500\u2500\u2500\u2500\u2500\u2500\u2500\u2500\u2500\u2500\u2500\u2500\u2500\u2500\u2500\u2500\u2500\u2500\u2500\u2500\u2500\u2500\u2500\u2500\u2500\u2500\u2500\u2500\u2500\u2500\u2500\u2500\u2500\u2500\u2500\u2500\u2500\u2500\u2500\u2500\u2500\u2500\u2500\u2500\u2500\u2500\u2500\u2500\u2500\u2500\u2500\u2500\u2500\u2500\u2500\u2500\u2500\u2500\u2500\u2500\u2500\u2510\n\u2502    Projections:   \u2502\u2502                   \u2502                                                                                                                                                                                  \u2502\n\u2502     cr_item_sk    \u2502\u2502                   \u2502                                                                                                                                                                                  \u2502\n\u2502  cr_order_number  \u2502\u2502                   \u2502                                                                                                                                                                                  \u2502\n\u2502                   \u2502\u2502                   \u2502                                                                                                                                                                                  \u2502\n\u2502    24,576 rows    \u2502\u2502       0 rows      \u2502                                                                                                                                                                                  \u2502\n\u2502      (0.00s)      \u2502\u2502      (0.00s)      \u2502                                                                                                                                                                                  \u2502\n\u2514\u2500\u2500\u2500\u2500\u2500\u2500\u2500\u2500\u2500\u2500\u2500\u2500\u2500\u2500\u2500\u2500\u2500\u2500\u2500\u2518\u2514\u2500\u2500\u2500\u2500\u2500\u2500\u2500\u2500\u2500\u252c\u2500\u2500\u2500\u2500\u2500\u2500\u2500\u2500\u2500\u2518                                                                                                                                                                                  \u2502\n                     \u250c\u2500\u2500\u2500\u2500\u2500\u2500\u2500\u2500\u2500\u2534\u2500\u2500\u2500\u2500\u2500\u2500\u2500\u2500\u2500\u2510                                                                                                                                                                        \u250c\u2500\u2500\u2500\u2500\u2500\u2500\u2500\u2500\u2500\u2534\u2500\u2500\u2500\u2500\u2500\u2500\u2500\u2500\u2500\u2510\n                     \u2502     HASH_JOIN     \u2502                                                                                                                                                                        \u2502     TABLE_SCAN    \u2502\n                     \u2502    \u2500\u2500\u2500\u2500\u2500\u2500\u2500\u2500\u2500\u2500\u2500\u2500   \u2502                                                                                                                                                                        \u2502    \u2500\u2500\u2500\u2500\u2500\u2500\u2500\u2500\u2500\u2500\u2500\u2500   \u2502\n                     \u2502     Join Type:    \u2502                                                                                                                                                                        \u2502       Table:      \u2502\n                     \u2502       INNER       \u2502                                                                                                                                                                        \u2502     promotion     \u2502\n                     \u2502                   \u2502                                                                                                                                                                        \u2502                   \u2502\n                     \u2502    Conditions:    \u2502                                                                                                                                                                        \u2502       Type:       \u2502\n                     \u2502 inv_warehouse_sk =\u251c\u2500\u2500\u2500\u2500\u2500\u2500\u2500\u2500\u2500\u2500\u2500\u2500\u2500\u2500\u2500\u2500\u2500\u2500\u2500\u2500\u2500\u2500\u2500\u2500\u2500\u2500\u2500\u2500\u2500\u2500\u2500\u2500\u2500\u2500\u2500\u2500\u2500\u2500\u2500\u2500\u2500\u2500\u2500\u2500\u2500\u2500\u2500\u2500\u2500\u2500\u2500\u2500\u2500\u2500\u2500\u2500\u2500\u2500\u2500\u2500\u2500\u2500\u2500\u2500\u2500\u2500\u2500\u2500\u2500\u2500\u2500\u2500\u2500\u2500\u2500\u2500\u2500\u2500\u2500\u2500\u2500\u2500\u2500\u2500\u2500\u2500\u2500\u2500\u2500\u2500\u2500\u2500\u2500\u2500\u2500\u2500\u2500\u2500\u2500\u2500\u2500\u2500\u2500\u2500\u2500\u2500\u2500\u2500\u2500\u2500\u2500\u2500\u2500\u2500\u2500\u2500\u2500\u2500\u2500\u2500\u2500\u2500\u2500\u2500\u2500\u2500\u2500\u2500\u2500\u2500\u2500\u2500\u2500\u2500\u2500\u2500\u2500\u2500\u2500\u2500\u2500\u2500\u2500\u2500\u2500\u2500\u2500\u2500\u2500\u2500\u2500\u2500\u2500\u2500\u2500\u2500\u2500\u2510          \u2502  Sequential Scan  \u2502\n                     \u2502   w_warehouse_sk  \u2502                                                                                                                                                             \u2502          \u2502                   \u2502\n                     \u2502                   \u2502                                                                                                                                                             \u2502          \u2502    Projections:   \u2502\n                     \u2502                   \u2502                                                                                                                                                             \u2502          \u2502     p_promo_sk    \u2502\n                     \u2502                   \u2502                                                                                                                                                             \u2502          \u2502                   \u2502\n                     \u2502       0 rows      \u2502                                                                                                                                                             \u2502          \u2502      500 rows     \u2502\n                     \u2502      (0.00s)      \u2502                                                                                                                                                             \u2502          \u2502      (0.00s)      \u2502\n                     \u2514\u2500\u2500\u2500\u2500\u2500\u2500\u2500\u2500\u2500\u252c\u2500\u2500\u2500\u2500\u2500\u2500\u2500\u2500\u2500\u2518                                                                                                                                                             \u2502          \u2514\u2500\u2500\u2500\u2500\u2500\u2500\u2500\u2500\u2500\u2500\u2500\u2500\u2500\u2500\u2500\u2500\u2500\u2500\u2500\u2518\n                     \u250c\u2500\u2500\u2500\u2500\u2500\u2500\u2500\u2500\u2500\u2534\u2500\u2500\u2500\u2500\u2500\u2500\u2500\u2500\u2500\u2510                                                                                                                                                   \u250c\u2500\u2500\u2500\u2500\u2500\u2500\u2500\u2500\u2500\u2534\u2500\u2500\u2500\u2500\u2500\u2500\u2500\u2500\u2500\u2510\n                     \u2502     HASH_JOIN     \u2502                                                                                                                                                   \u2502     TABLE_SCAN    \u2502\n                     \u2502    \u2500\u2500\u2500\u2500\u2500\u2500\u2500\u2500\u2500\u2500\u2500\u2500   \u2502                                                                                                                                                   \u2502    \u2500\u2500\u2500\u2500\u2500\u2500\u2500\u2500\u2500\u2500\u2500\u2500   \u2502\n                     \u2502     Join Type:    \u2502                                                                                                                                                   \u2502       Table:      \u2502\n                     \u2502       INNER       \u2502                                                                                                                                                   \u2502     warehouse     \u2502\n                     \u2502                   \u2502                                                                                                                                                   \u2502                   \u2502\n                     \u2502    Conditions:    \u2502                                                                                                                                                   \u2502       Type:       \u2502\n                     \u2502   inv_item_sk =   \u2502                                                                                                                                                   \u2502  Sequential Scan  \u2502\n                     \u2502     cs_item_sk    \u251c\u2500\u2500\u2500\u2500\u2500\u2500\u2500\u2500\u2500\u2500\u2510                                                                                                                                        \u2502                   \u2502\n                     \u2502   inv_date_sk =   \u2502          \u2502                                                                                                                                        \u2502    Projections:   \u2502\n                     \u2502      d_date_sk    \u2502          \u2502                                                                                                                                        \u2502   w_warehouse_sk  \u2502\n                     \u2502inv_quantity_on_han\u2502          \u2502                                                                                                                                        \u2502  w_warehouse_name \u2502\n                     \u2502  d < cs_quantity  \u2502          \u2502                                                                                                                                        \u2502                   \u2502\n                     \u2502                   \u2502          \u2502                                                                                                                                        \u2502                   \u2502\n                     \u2502       0 rows      \u2502          \u2502                                                                                                                                        \u2502      10 rows      \u2502\n                     \u2502      (0.00s)      \u2502          \u2502                                                                                                                                        \u2502      (0.00s)      \u2502\n                     \u2514\u2500\u2500\u2500\u2500\u2500\u2500\u2500\u2500\u2500\u252c\u2500\u2500\u2500\u2500\u2500\u2500\u2500\u2500\u2500\u2518          \u2502                                                                                                                                        \u2514\u2500\u2500\u2500\u2500\u2500\u2500\u2500\u2500\u2500\u2500\u2500\u2500\u2500\u2500\u2500\u2500\u2500\u2500\u2500\u2518\n                     \u250c\u2500\u2500\u2500\u2500\u2500\u2500\u2500\u2500\u2500\u2534\u2500\u2500\u2500\u2500\u2500\u2500\u2500\u2500\u2500\u2510\u250c\u2500\u2500\u2500\u2500\u2500\u2500\u2500\u2500\u2500\u2534\u2500\u2500\u2500\u2500\u2500\u2500\u2500\u2500\u2500\u2510\n                     \u2502     TABLE_SCAN    \u2502\u2502     HASH_JOIN     \u2502\n                     \u2502    \u2500\u2500\u2500\u2500\u2500\u2500\u2500\u2500\u2500\u2500\u2500\u2500   \u2502\u2502    \u2500\u2500\u2500\u2500\u2500\u2500\u2500\u2500\u2500\u2500\u2500\u2500   \u2502\n                     \u2502       Table:      \u2502\u2502     Join Type:    \u2502\n                     \u2502     inventory     \u2502\u2502       INNER       \u2502\n                     \u2502                   \u2502\u2502                   \u2502\n                     \u2502       Type:       \u2502\u2502    Conditions:    \u2502\n                     \u2502  Sequential Scan  \u2502\u2502    d_week_seq =   \u2502\n                     \u2502                   \u2502\u2502     d_week_seq    \u2502\n                     \u2502    Projections:   \u2502\u2502                   \u2502\n                     \u2502    inv_item_sk    \u2502\u2502                   \u2502\n                     \u2502  inv_warehouse_sk \u2502\u2502                   \u251c\u2500\u2500\u2500\u2500\u2500\u2500\u2500\u2500\u2500\u2500\u2510\n                     \u2502    inv_date_sk    \u2502\u2502                   \u2502          \u2502\n                     \u2502inv_quantity_on_han\u2502\u2502                   \u2502          \u2502\n                     \u2502         d         \u2502\u2502                   \u2502          \u2502\n                     \u2502                   \u2502\u2502                   \u2502          \u2502\n                     \u2502      Filters:     \u2502\u2502                   \u2502          \u2502\n                     \u2502inv_quantity_on_han\u2502\u2502                   \u2502          \u2502\n                     \u2502       d<=100      \u2502\u2502                   \u2502          \u2502\n                     \u2502                   \u2502\u2502                   \u2502          \u2502\n                     \u2502     5,570 rows    \u2502\u2502       0 rows      \u2502          \u2502\n                     \u2502      (0.00s)      \u2502\u2502      (0.00s)      \u2502          \u2502\n                     \u2514\u2500\u2500\u2500\u2500\u2500\u2500\u2500\u2500\u2500\u2500\u2500\u2500\u2500\u2500\u2500\u2500\u2500\u2500\u2500\u2518\u2514\u2500\u2500\u2500\u2500\u2500\u2500\u2500\u2500\u2500\u252c\u2500\u2500\u2500\u2500\u2500\u2500\u2500\u2500\u2500\u2518          \u2502\n                                          \u250c\u2500\u2500\u2500\u2500\u2500\u2500\u2500\u2500\u2500\u2534\u2500\u2500\u2500\u2500\u2500\u2500\u2500\u2500\u2500\u2510\u250c\u2500\u2500\u2500\u2500\u2500\u2500\u2500\u2500\u2500\u2534\u2500\u2500\u2500\u2500\u2500\u2500\u2500\u2500\u2500\u2510\n                                          \u2502     TABLE_SCAN    \u2502\u2502     HASH_JOIN     \u2502\n                                          \u2502    \u2500\u2500\u2500\u2500\u2500\u2500\u2500\u2500\u2500\u2500\u2500\u2500   \u2502\u2502    \u2500\u2500\u2500\u2500\u2500\u2500\u2500\u2500\u2500\u2500\u2500\u2500   \u2502\n                                          \u2502       Table:      \u2502\u2502     Join Type:    \u2502\n                                          \u2502      date_dim     \u2502\u2502       INNER       \u2502\n                                          \u2502                   \u2502\u2502                   \u2502\n                                          \u2502       Type:       \u2502\u2502    Conditions:    \u2502\n                                          \u2502  Sequential Scan  \u2502\u2502    d_date_sk =    \u2502\n                                          \u2502                   \u2502\u2502   cs_ship_date_sk \u2502\n                                          \u2502    Projections:   \u2502\u2502   CAST(d_date AS  \u2502\n                                          \u2502     d_date_sk     \u2502\u2502    TIMESTAMP) >   \u251c\u2500\u2500\u2500\u2500\u2500\u2500\u2500\u2500\u2500\u2500\u2510\n                                          \u2502     d_week_seq    \u2502\u2502 (d_date + '3 days'\u2502          \u2502\n                                          \u2502                   \u2502\u2502    ::INTERVAL)    \u2502          \u2502\n                                          \u2502      Filters:     \u2502\u2502                   \u2502          \u2502\n                                          \u2502 d_date_sk>=2450815\u2502\u2502                   \u2502          \u2502\n                                          \u2502   AND d_date_sk<  \u2502\u2502                   \u2502          \u2502\n                                          \u2502      =2452635     \u2502\u2502                   \u2502          \u2502\n                                          \u2502                   \u2502\u2502                   \u2502          \u2502\n                                          \u2502     1,071 rows    \u2502\u2502       0 rows      \u2502          \u2502\n                                          \u2502      (0.00s)      \u2502\u2502      (0.00s)      \u2502          \u2502\n                                          \u2514\u2500\u2500\u2500\u2500\u2500\u2500\u2500\u2500\u2500\u2500\u2500\u2500\u2500\u2500\u2500\u2500\u2500\u2500\u2500\u2518\u2514\u2500\u2500\u2500\u2500\u2500\u2500\u2500\u2500\u2500\u252c\u2500\u2500\u2500\u2500\u2500\u2500\u2500\u2500\u2500\u2518          \u2502\n                                                               \u250c\u2500\u2500\u2500\u2500\u2500\u2500\u2500\u2500\u2500\u2534\u2500\u2500\u2500\u2500\u2500\u2500\u2500\u2500\u2500\u2510\u250c\u2500\u2500\u2500\u2500\u2500\u2500\u2500\u2500\u2500\u2534\u2500\u2500\u2500\u2500\u2500\u2500\u2500\u2500\u2500\u2510\n                                                               \u2502     TABLE_SCAN    \u2502\u2502     HASH_JOIN     \u2502\n                                                               \u2502    \u2500\u2500\u2500\u2500\u2500\u2500\u2500\u2500\u2500\u2500\u2500\u2500   \u2502\u2502    \u2500\u2500\u2500\u2500\u2500\u2500\u2500\u2500\u2500\u2500\u2500\u2500   \u2502\n                                                               \u2502       Table:      \u2502\u2502     Join Type:    \u2502\n                                                               \u2502      date_dim     \u2502\u2502       INNER       \u2502\n                                                               \u2502                   \u2502\u2502                   \u2502\n                                                               \u2502       Type:       \u2502\u2502    Conditions:    \u2502\n                                                               \u2502  Sequential Scan  \u2502\u2502 cs_bill_hdemo_sk =\u2502\n                                                               \u2502                   \u2502\u2502     hd_demo_sk    \u2502\n                                                               \u2502    Projections:   \u2502\u2502                   \u2502\n                                                               \u2502     d_date_sk     \u2502\u2502                   \u251c\u2500\u2500\u2500\u2500\u2500\u2500\u2500\u2500\u2500\u2500\u2500\u2500\u2500\u2500\u2500\u2500\u2500\u2500\u2500\u2500\u2500\u2500\u2500\u2500\u2500\u2500\u2500\u2500\u2500\u2500\u2500\u2500\u2500\u2500\u2500\u2500\u2500\u2500\u2500\u2500\u2500\u2500\u2500\u2500\u2500\u2500\u2500\u2500\u2500\u2500\u2500\u2500\u2500\u2500\u2500\u2500\u2500\u2500\u2500\u2500\u2500\u2500\u2500\u2500\u2500\u2500\u2500\u2500\u2500\u2500\u2500\u2500\u2500\u2510\n                                                               \u2502       d_date      \u2502\u2502                   \u2502                                                                         \u2502\n                                                               \u2502                   \u2502\u2502                   \u2502                                                                         \u2502\n                                                               \u2502      Filters:     \u2502\u2502                   \u2502                                                                         \u2502\n                                                               \u2502 d_date_sk>=2450817\u2502\u2502                   \u2502                                                                         \u2502\n                                                               \u2502   AND d_date_sk<  \u2502\u2502                   \u2502                                                                         \u2502\n                                                               \u2502      =2452743     \u2502\u2502                   \u2502                                                                         \u2502\n                                                               \u2502                   \u2502\u2502                   \u2502                                                                         \u2502\n                                                               \u2502     1,069 rows    \u2502\u2502       0 rows      \u2502                                                                         \u2502\n                                                               \u2502      (0.00s)      \u2502\u2502      (0.00s)      \u2502                                                                         \u2502\n                                                               \u2514\u2500\u2500\u2500\u2500\u2500\u2500\u2500\u2500\u2500\u2500\u2500\u2500\u2500\u2500\u2500\u2500\u2500\u2500\u2500\u2518\u2514\u2500\u2500\u2500\u2500\u2500\u2500\u2500\u2500\u2500\u252c\u2500\u2500\u2500\u2500\u2500\u2500\u2500\u2500\u2500\u2518                                                                         \u2502\n                                                                                    \u250c\u2500\u2500\u2500\u2500\u2500\u2500\u2500\u2500\u2500\u2534\u2500\u2500\u2500\u2500\u2500\u2500\u2500\u2500\u2500\u2510                                                               \u250c\u2500\u2500\u2500\u2500\u2500\u2500\u2500\u2500\u2500\u2534\u2500\u2500\u2500\u2500\u2500\u2500\u2500\u2500\u2500\u2510\n                                                                                    \u2502     HASH_JOIN     \u2502                                                               \u2502     TABLE_SCAN    \u2502\n                                                                                    \u2502    \u2500\u2500\u2500\u2500\u2500\u2500\u2500\u2500\u2500\u2500\u2500\u2500   \u2502                                                               \u2502    \u2500\u2500\u2500\u2500\u2500\u2500\u2500\u2500\u2500\u2500\u2500\u2500   \u2502\n                                                                                    \u2502     Join Type:    \u2502                                                               \u2502       Table:      \u2502\n                                                                                    \u2502       INNER       \u2502                                                               \u2502household_demograph\u2502\n                                                                                    \u2502                   \u2502                                                               \u2502        ics        \u2502\n                                                                                    \u2502    Conditions:    \u2502                                                               \u2502                   \u2502\n                                                                                    \u2502    i_item_sk =    \u2502                                                               \u2502       Type:       \u2502\n                                                                                    \u2502     cs_item_sk    \u2502                                                               \u2502  Sequential Scan  \u2502\n                                                                                    \u2502                   \u2502                                                               \u2502                   \u2502\n                                                                                    \u2502                   \u251c\u2500\u2500\u2500\u2500\u2500\u2500\u2500\u2500\u2500\u2500\u2510                                                    \u2502    Projections:   \u2502\n                                                                                    \u2502                   \u2502          \u2502                                                    \u2502     hd_demo_sk    \u2502\n                                                                                    \u2502                   \u2502          \u2502                                                    \u2502                   \u2502\n                                                                                    \u2502                   \u2502          \u2502                                                    \u2502      Filters:     \u2502\n                                                                                    \u2502                   \u2502          \u2502                                                    \u2502 hd_buy_potential='\u2502\n                                                                                    \u2502                   \u2502          \u2502                                                    \u2502      >10000'      \u2502\n                                                                                    \u2502                   \u2502          \u2502                                                    \u2502                   \u2502\n                                                                                    \u2502       0 rows      \u2502          \u2502                                                    \u2502     1,200 rows    \u2502\n                                                                                    \u2502      (0.00s)      \u2502          \u2502                                                    \u2502      (0.00s)      \u2502\n                                                                                    \u2514\u2500\u2500\u2500\u2500\u2500\u2500\u2500\u2500\u2500\u252c\u2500\u2500\u2500\u2500\u2500\u2500\u2500\u2500\u2500\u2518          \u2502                                                    \u2514\u2500\u2500\u2500\u2500\u2500\u2500\u2500\u2500\u2500\u2500\u2500\u2500\u2500\u2500\u2500\u2500\u2500\u2500\u2500\u2518\n                                                                                    \u250c\u2500\u2500\u2500\u2500\u2500\u2500\u2500\u2500\u2500\u2534\u2500\u2500\u2500\u2500\u2500\u2500\u2500\u2500\u2500\u2510\u250c\u2500\u2500\u2500\u2500\u2500\u2500\u2500\u2500\u2500\u2534\u2500\u2500\u2500\u2500\u2500\u2500\u2500\u2500\u2500\u2510\n                                                                                    \u2502     PROJECTION    \u2502\u2502     HASH_JOIN     \u2502\n                                                                                    \u2502    \u2500\u2500\u2500\u2500\u2500\u2500\u2500\u2500\u2500\u2500\u2500\u2500   \u2502\u2502    \u2500\u2500\u2500\u2500\u2500\u2500\u2500\u2500\u2500\u2500\u2500\u2500   \u2502\n                                                                                    \u2502         #0        \u2502\u2502     Join Type:    \u2502\n                                                                                    \u2502         #2        \u2502\u2502       INNER       \u2502\n                                                                                    \u2502                   \u2502\u2502                   \u2502\n                                                                                    \u2502                   \u2502\u2502    Conditions:    \u251c\u2500\u2500\u2500\u2500\u2500\u2500\u2500\u2500\u2500\u2500\u2510\n                                                                                    \u2502                   \u2502\u2502    cd_demo_sk =   \u2502          \u2502\n                                                                                    \u2502                   \u2502\u2502  cs_bill_cdemo_sk \u2502          \u2502\n                                                                                    \u2502                   \u2502\u2502                   \u2502          \u2502\n                                                                                    \u2502      613 rows     \u2502\u2502       0 rows      \u2502          \u2502\n                                                                                    \u2502      (0.00s)      \u2502\u2502      (0.05s)      \u2502          \u2502\n                                                                                    \u2514\u2500\u2500\u2500\u2500\u2500\u2500\u2500\u2500\u2500\u252c\u2500\u2500\u2500\u2500\u2500\u2500\u2500\u2500\u2500\u2518\u2514\u2500\u2500\u2500\u2500\u2500\u2500\u2500\u2500\u2500\u252c\u2500\u2500\u2500\u2500\u2500\u2500\u2500\u2500\u2500\u2518          \u2502\n                                                                                    \u250c\u2500\u2500\u2500\u2500\u2500\u2500\u2500\u2500\u2500\u2534\u2500\u2500\u2500\u2500\u2500\u2500\u2500\u2500\u2500\u2510\u250c\u2500\u2500\u2500\u2500\u2500\u2500\u2500\u2500\u2500\u2534\u2500\u2500\u2500\u2500\u2500\u2500\u2500\u2500\u2500\u2510\u250c\u2500\u2500\u2500\u2500\u2500\u2500\u2500\u2500\u2500\u2534\u2500\u2500\u2500\u2500\u2500\u2500\u2500\u2500\u2500\u2510\n                                                                                    \u2502       FILTER      \u2502\u2502       FILTER      \u2502\u2502     HASH_JOIN     \u2502\n                                                                                    \u2502    \u2500\u2500\u2500\u2500\u2500\u2500\u2500\u2500\u2500\u2500\u2500\u2500   \u2502\u2502    \u2500\u2500\u2500\u2500\u2500\u2500\u2500\u2500\u2500\u2500\u2500\u2500   \u2502\u2502    \u2500\u2500\u2500\u2500\u2500\u2500\u2500\u2500\u2500\u2500\u2500\u2500   \u2502\n                                                                                    \u2502  ((i_category =   \u2502\u2502 (cd_demo_sk >= 2) \u2502\u2502     Join Type:    \u2502\n                                                                                    \u2502  'Children') OR   \u2502\u2502                   \u2502\u2502       INNER       \u2502\n                                                                                    \u2502   (i_category =   \u2502\u2502                   \u2502\u2502                   \u2502\n                                                                                    \u2502   'Jewelry') OR   \u2502\u2502                   \u2502\u2502    Conditions:    \u251c\u2500\u2500\u2500\u2500\u2500\u2500\u2500\u2500\u2500\u2500\u2510\n                                                                                    \u2502 (i_category = 'Men\u2502\u2502                   \u2502\u2502 cs_sold_date_sk = \u2502          \u2502\n                                                                                    \u2502        '))        \u2502\u2502                   \u2502\u2502      d_date_sk    \u2502          \u2502\n                                                                                    \u2502                   \u2502\u2502                   \u2502\u2502                   \u2502          \u2502\n                                                                                    \u2502      613 rows     \u2502\u2502       0 rows      \u2502\u2502    575,873 rows   \u2502          \u2502\n                                                                                    \u2502      (0.00s)      \u2502\u2502      (0.00s)      \u2502\u2502      (0.02s)      \u2502          \u2502\n                                                                                    \u2514\u2500\u2500\u2500\u2500\u2500\u2500\u2500\u2500\u2500\u252c\u2500\u2500\u2500\u2500\u2500\u2500\u2500\u2500\u2500\u2518\u2514\u2500\u2500\u2500\u2500\u2500\u2500\u2500\u2500\u2500\u252c\u2500\u2500\u2500\u2500\u2500\u2500\u2500\u2500\u2500\u2518\u2514\u2500\u2500\u2500\u2500\u2500\u2500\u2500\u2500\u2500\u252c\u2500\u2500\u2500\u2500\u2500\u2500\u2500\u2500\u2500\u2518          \u2502\n                                                                                    \u250c\u2500\u2500\u2500\u2500\u2500\u2500\u2500\u2500\u2500\u2534\u2500\u2500\u2500\u2500\u2500\u2500\u2500\u2500\u2500\u2510\u250c\u2500\u2500\u2500\u2500\u2500\u2500\u2500\u2500\u2500\u2534\u2500\u2500\u2500\u2500\u2500\u2500\u2500\u2500\u2500\u2510\u250c\u2500\u2500\u2500\u2500\u2500\u2500\u2500\u2500\u2500\u2534\u2500\u2500\u2500\u2500\u2500\u2500\u2500\u2500\u2500\u2510\u250c\u2500\u2500\u2500\u2500\u2500\u2500\u2500\u2500\u2500\u2534\u2500\u2500\u2500\u2500\u2500\u2500\u2500\u2500\u2500\u2510\n                                                                                    \u2502     TABLE_SCAN    \u2502\u2502    EMPTY_RESULT   \u2502\u2502     TABLE_SCAN    \u2502\u2502       FILTER      \u2502\n                                                                                    \u2502    \u2500\u2500\u2500\u2500\u2500\u2500\u2500\u2500\u2500\u2500\u2500\u2500   \u2502\u2502    \u2500\u2500\u2500\u2500\u2500\u2500\u2500\u2500\u2500\u2500\u2500\u2500   \u2502\u2502    \u2500\u2500\u2500\u2500\u2500\u2500\u2500\u2500\u2500\u2500\u2500\u2500   \u2502\u2502    \u2500\u2500\u2500\u2500\u2500\u2500\u2500\u2500\u2500\u2500\u2500\u2500   \u2502\n                                                                                    \u2502    Table: item    \u2502\u2502                   \u2502\u2502       Table:      \u2502\u2502 (d_date_sk BETWEEN\u2502\n                                                                                    \u2502                   \u2502\u2502                   \u2502\u2502   catalog_sales   \u2502\u2502     2450815 AND   \u2502\n                                                                                    \u2502       Type:       \u2502\u2502                   \u2502\u2502                   \u2502\u2502      2452653)     \u2502\n                                                                                    \u2502  Sequential Scan  \u2502\u2502                   \u2502\u2502       Type:       \u2502\u2502                   \u2502\n                                                                                    \u2502                   \u2502\u2502                   \u2502\u2502  Sequential Scan  \u2502\u2502                   \u2502\n                                                                                    \u2502    Projections:   \u2502\u2502                   \u2502\u2502                   \u2502\u2502                   \u2502\n                                                                                    \u2502     i_item_sk     \u2502\u2502                   \u2502\u2502    Projections:   \u2502\u2502                   \u2502\n                                                                                    \u2502     i_category    \u2502\u2502                   \u2502\u2502     cs_item_sk    \u2502\u2502                   \u2502\n                                                                                    \u2502    i_item_desc    \u2502\u2502                   \u2502\u2502  cs_bill_cdemo_sk \u2502\u2502                   \u2502\n                                                                                    \u2502                   \u2502\u2502                   \u2502\u2502  cs_bill_hdemo_sk \u2502\u2502                   \u2502\n                                                                                    \u2502      Filters:     \u2502\u2502                   \u2502\u2502  cs_sold_date_sk  \u2502\u2502                   \u2502\n                                                                                    \u2502     optional:     \u2502\u2502                   \u2502\u2502  cs_ship_date_sk  \u2502\u2502                   \u2502\n                                                                                    \u2502   i_category IN ( \u2502\u2502                   \u2502\u2502    cs_promo_sk    \u2502\u2502                   \u2502\n                                                                                    \u2502    'Children',    \u2502\u2502                   \u2502\u2502  cs_order_number  \u2502\u2502                   \u2502\n                                                                                    \u2502 'Jewelry', 'Men') \u2502\u2502                   \u2502\u2502    cs_quantity    \u2502\u2502                   \u2502\n                                                                                    \u2502                   \u2502\u2502                   \u2502\u2502                   \u2502\u2502                   \u2502\n                                                                                    \u2502                   \u2502\u2502                   \u2502\u2502      Filters:     \u2502\u2502                   \u2502\n                                                                                    \u2502                   \u2502\u2502                   \u2502\u2502 cs_wholesale_cost>\u2502\u2502                   \u2502\n                                                                                    \u2502                   \u2502\u2502                   \u2502\u2502     =35.00 AND    \u2502\u2502                   \u2502\n                                                                                    \u2502                   \u2502\u2502                   \u2502\u2502  cs_wholesale_cost\u2502\u2502                   \u2502\n                                                                                    \u2502                   \u2502\u2502                   \u2502\u2502      <=55.00      \u2502\u2502                   \u2502\n                                                                                    \u2502                   \u2502\u2502                   \u2502\u2502                   \u2502\u2502                   \u2502\n                                                                                    \u2502     2,048 rows    \u2502\u2502       0 rows      \u2502\u2502    575,873 rows   \u2502\u2502      365 rows     \u2502\n                                                                                    \u2502      (0.00s)      \u2502\u2502      (0.00s)      \u2502\u2502      (0.04s)      \u2502\u2502      (0.00s)      \u2502\n                                                                                    \u2514\u2500\u2500\u2500\u2500\u2500\u2500\u2500\u2500\u2500\u2500\u2500\u2500\u2500\u2500\u2500\u2500\u2500\u2500\u2500\u2518\u2514\u2500\u2500\u2500\u2500\u2500\u2500\u2500\u2500\u2500\u2500\u2500\u2500\u2500\u2500\u2500\u2500\u2500\u2500\u2500\u2518\u2514\u2500\u2500\u2500\u2500\u2500\u2500\u2500\u2500\u2500\u2500\u2500\u2500\u2500\u2500\u2500\u2500\u2500\u2500\u2500\u2518\u2514\u2500\u2500\u2500\u2500\u2500\u2500\u2500\u2500\u2500\u252c\u2500\u2500\u2500\u2500\u2500\u2500\u2500\u2500\u2500\u2518\n                                                                                                                                                   \u250c\u2500\u2500\u2500\u2500\u2500\u2500\u2500\u2500\u2500\u2534\u2500\u2500\u2500\u2500\u2500\u2500\u2500\u2500\u2500\u2510\n                                                                                                                                                   \u2502     TABLE_SCAN    \u2502\n                                                                                                                                                   \u2502    \u2500\u2500\u2500\u2500\u2500\u2500\u2500\u2500\u2500\u2500\u2500\u2500   \u2502\n                                                                                                                                                   \u2502       Table:      \u2502\n                                                                                                                                                   \u2502      date_dim     \u2502\n                                                                                                                                                   \u2502                   \u2502\n                                                                                                                                                   \u2502       Type:       \u2502\n                                                                                                                                                   \u2502  Sequential Scan  \u2502\n                                                                                                                                                   \u2502                   \u2502\n                                                                                                                                                   \u2502    Projections:   \u2502\n                                                                                                                                                   \u2502     d_date_sk     \u2502\n                                                                                                                                                   \u2502     d_week_seq    \u2502\n                                                                                                                                                   \u2502       d_date      \u2502\n                                                                                                                                                   \u2502                   \u2502\n                                                                                                                                                   \u2502      Filters:     \u2502\n                                                                                                                                                   \u2502    d_year=1998    \u2502\n                                                                                                                                                   \u2502                   \u2502\n                                                                                                                                                   \u2502      365 rows     \u2502\n                                                                                                                                                   \u2502      (0.00s)      \u2502\n                                                                                                                                                   \u2514\u2500\u2500\u2500\u2500\u2500\u2500\u2500\u2500\u2500\u2500\u2500\u2500\u2500\u2500\u2500\u2500\u2500\u2500\u2500\u2518\n",
  "plan_json": {
    "total_bytes_written": 0,
    "total_bytes_read": 0,
    "rows_returned": 0,
    "latency": 0.0,
    "result_set_size": 0,
    "query_name": "",
    "blocked_thread_time": 0.0,
    "system_peak_buffer_memory": 0,
    "system_peak_temp_dir_size": 0,
    "cpu_time": 0.0,
    "extra_info": {},
    "cumulative_cardinality": 0,
    "cumulative_rows_scanned": 0,
    "children": [
      {
        "total_bytes_written": 0,
        "total_bytes_read": 0,
        "result_set_size": 0,
        "operator_name": "EXPLAIN_ANALYZE",
        "cpu_time": 0.0,
        "extra_info": {},
        "cumulative_cardinality": 0,
        "operator_type": "EXPLAIN_ANALYZE",
        "operator_cardinality": 0,
        "cumulative_rows_scanned": 0,
        "operator_rows_scanned": 0,
        "operator_timing": 0.0,
        "children": [
          {
            "total_bytes_written": 0,
            "total_bytes_read": 0,
            "result_set_size": 0,
            "operator_name": "TOP_N",
            "cpu_time": 0.0,
            "extra_info": {
              "Top": "100",
              "Order By": [
                "count_star() DESC",
                "tpcds_sf10_2.main.item.i_item_desc ASC",
                "tpcds_sf10_2.main.warehouse.w_warehouse_name ASC",
                "d1.d_week_seq ASC"
              ]
            },
            "cumulative_cardinality": 0,
            "operator_type": "TOP_N",
            "operator_cardinality": 0,
            "cumulative_rows_scanned": 0,
            "operator_rows_scanned": 0,
            "operator_timing": 4.35e-07,
            "children": [
              {
                "total_bytes_written": 0,
                "total_bytes_read": 0,
                "result_set_size": 0,
                "operator_name": "PROJECTION",
                "cpu_time": 0.0,
                "extra_info": {
                  "Projections": [
                    "#0",
                    "#1",
                    "__internal_decompress_integral_integer(#2, 1)",
                    "#3",
                    "#4",
                    "#5"
                  ],
                  "Estimated Cardinality": "1441224"
                },
                "cumulative_cardinality": 0,
                "operator_type": "PROJECTION",
                "operator_cardinality": 0,
                "cumulative_rows_scanned": 0,
                "operator_rows_scanned": 0,
                "operator_timing": 0.0,
                "children": [
                  {
                    "total_bytes_written": 0,
                    "total_bytes_read": 0,
                    "result_set_size": 0,
                    "operator_name": "HASH_GROUP_BY",
                    "cpu_time": 0.0,
                    "extra_info": {
                      "Groups": [
                        "#0",
                        "#1",
                        "#2"
                      ],
                      "Aggregates": [
                        "sum(#3)",
                        "sum(#4)",
                        "count_star()"
                      ],
                      "Estimated Cardinality": "1441224"
                    },
                    "cumulative_cardinality": 0,
                    "operator_type": "HASH_GROUP_BY",
                    "operator_cardinality": 0,
                    "cumulative_rows_scanned": 0,
                    "operator_rows_scanned": 0,
                    "operator_timing": 1.135e-06,
                    "children": [
                      {
                        "total_bytes_written": 0,
                        "total_bytes_read": 0,
                        "result_set_size": 0,
                        "operator_name": "PROJECTION",
                        "cpu_time": 0.0,
                        "extra_info": {
                          "Projections": [
                            "i_item_desc",
                            "w_warehouse_name",
                            "d_week_seq",
                            "CASE  WHEN ((p_promo_sk IS NULL)) THEN (1) ELSE 0 END",
                            "CASE  WHEN ((p_promo_sk IS NOT NULL)) THEN (1) ELSE 0 END"
                          ],
                          "Estimated Cardinality": "1441224"
                        },
                        "cumulative_cardinality": 0,
                        "operator_type": "PROJECTION",
                        "operator_cardinality": 0,
                        "cumulative_rows_scanned": 0,
                        "operator_rows_scanned": 0,
                        "operator_timing": 0.0,
                        "children": [
                          {
                            "total_bytes_written": 0,
                            "total_bytes_read": 0,
                            "result_set_size": 0,
                            "operator_name": "PROJECTION",
                            "cpu_time": 0.0,
                            "extra_info": {
                              "Projections": [
                                "#0",
                                "#1",
                                "__internal_compress_integral_usmallint(#3, 1)",
                                "#2",
                                "#4",
                                "#5"
                              ],
                              "Estimated Cardinality": "1441224"
                            },
                            "cumulative_cardinality": 0,
                            "operator_type": "PROJECTION",
                            "operator_cardinality": 0,
                            "cumulative_rows_scanned": 0,
                            "operator_rows_scanned": 0,
                            "operator_timing": 0.0,
                            "children": [
                              {
                                "total_bytes_written": 0,
                                "total_bytes_read": 0,
                                "result_set_size": 0,
                                "operator_name": "HASH_JOIN",
                                "cpu_time": 0.0,
                                "extra_info": {
                                  "Join Type": "RIGHT",
                                  "Conditions": [
                                    "cr_item_sk = cs_item_sk",
                                    "cr_order_number = cs_order_number"
                                  ],
                                  "Estimated Cardinality": "1441224"
                                },
                                "cumulative_cardinality": 0,
                                "operator_type": "HASH_JOIN",
                                "operator_cardinality": 0,
                                "cumulative_rows_scanned": 0,
                                "operator_rows_scanned": 0,
                                "operator_timing": 0.00011129599999999997,
                                "children": [
                                  {
                                    "total_bytes_written": 0,
                                    "total_bytes_read": 0,
                                    "result_set_size": 196608,
                                    "operator_name": "SEQ_SCAN ",
                                    "cpu_time": 0.0,
                                    "extra_info": {
                                      "Table": "catalog_returns",
                                      "Type": "Sequential Scan",
                                      "Projections": [
                                        "cr_item_sk",
                                        "cr_order_number"
                                      ],
                                      "Estimated Cardinality": "1441224"
                                    },
                                    "cumulative_cardinality": 0,
                                    "operator_type": "TABLE_SCAN",
                                    "operator_cardinality": 24576,
                                    "cumulative_rows_scanned": 0,
                                    "operator_rows_scanned": 17294688,
                                    "operator_timing": 0.00031109500000000006,
                                    "children": []
                                  },
                                  {
                                    "total_bytes_written": 0,
                                    "total_bytes_read": 0,
                                    "result_set_size": 0,
                                    "operator_name": "HASH_JOIN",
                                    "cpu_time": 0.0,
                                    "extra_info": {
                                      "Join Type": "LEFT",
                                      "Conditions": "cs_promo_sk = p_promo_sk",
                                      "Estimated Cardinality": "308054"
                                    },
                                    "cumulative_cardinality": 0,
                                    "operator_type": "HASH_JOIN",
                                    "operator_cardinality": 0,
                                    "cumulative_rows_scanned": 0,
                                    "operator_rows_scanned": 0,
                                    "operator_timing": 0.00040613199999999997,
                                    "children": [
                                      {
                                        "total_bytes_written": 0,
                                        "total_bytes_read": 0,
                                        "result_set_size": 0,
                                        "operator_name": "HASH_JOIN",
                                        "cpu_time": 0.0,
                                        "extra_info": {
                                          "Join Type": "INNER",
                                          "Conditions": "inv_warehouse_sk = w_warehouse_sk",
                                          "Estimated Cardinality": "308054"
                                        },
                                        "cumulative_cardinality": 0,
                                        "operator_type": "HASH_JOIN",
                                        "operator_cardinality": 0,
                                        "cumulative_rows_scanned": 0,
                                        "operator_rows_scanned": 0,
                                        "operator_timing": 9.515000000000001e-05,
                                        "children": [
                                          {
                                            "total_bytes_written": 0,
                                            "total_bytes_read": 0,
                                            "result_set_size": 0,
                                            "operator_name": "HASH_JOIN",
                                            "cpu_time": 0.0,
                                            "extra_info": {
                                              "Join Type": "INNER",
                                              "Conditions": [
                                                "inv_item_sk = cs_item_sk",
                                                "inv_date_sk = d_date_sk",
                                                "inv_quantity_on_hand < cs_quantity"
                                              ],
                                              "Estimated Cardinality": "112953"
                                            },
                                            "cumulative_cardinality": 0,
                                            "operator_type": "HASH_JOIN",
                                            "operator_cardinality": 0,
                                            "cumulative_rows_scanned": 0,
                                            "operator_rows_scanned": 0,
                                            "operator_timing": 0.000184681,
                                            "children": [
                                              {
                                                "total_bytes_written": 0,
                                                "total_bytes_read": 0,
                                                "result_set_size": 89120,
                                                "operator_name": "SEQ_SCAN ",
                                                "cpu_time": 0.0,
                                                "extra_info": {
                                                  "Table": "inventory",
                                                  "Type": "Sequential Scan",
                                                  "Projections": [
                                                    "inv_item_sk",
                                                    "inv_warehouse_sk",
                                                    "inv_date_sk",
                                                    "inv_quantity_on_hand"
                                                  ],
                                                  "Filters": "inv_quantity_on_hand<=100",
                                                  "Estimated Cardinality": "133110000"
                                                },
                                                "cumulative_cardinality": 0,
                                                "operator_type": "TABLE_SCAN",
                                                "operator_cardinality": 5570,
                                                "cumulative_rows_scanned": 0,
                                                "operator_rows_scanned": 3727080000,
                                                "operator_timing": 0.0006237870000000001,
                                                "children": []
                                              },
                                              {
                                                "total_bytes_written": 0,
                                                "total_bytes_read": 0,
                                                "result_set_size": 0,
                                                "operator_name": "HASH_JOIN",
                                                "cpu_time": 0.0,
                                                "extra_info": {
                                                  "Join Type": "INNER",
                                                  "Conditions": "d_week_seq = d_week_seq",
                                                  "Estimated Cardinality": "5150"
                                                },
                                                "cumulative_cardinality": 0,
                                                "operator_type": "HASH_JOIN",
                                                "operator_cardinality": 0,
                                                "cumulative_rows_scanned": 0,
                                                "operator_rows_scanned": 0,
                                                "operator_timing": 5.694e-06,
                                                "children": [
                                                  {
                                                    "total_bytes_written": 0,
                                                    "total_bytes_read": 0,
                                                    "result_set_size": 8568,
                                                    "operator_name": "SEQ_SCAN ",
                                                    "cpu_time": 0.0,
                                                    "extra_info": {
                                                      "Table": "date_dim",
                                                      "Type": "Sequential Scan",
                                                      "Projections": [
                                                        "d_date_sk",
                                                        "d_week_seq"
                                                      ],
                                                      "Filters": "d_date_sk>=2450815 AND d_date_sk<=2452635",
                                                      "Estimated Cardinality": "73049"
                                                    },
                                                    "cumulative_cardinality": 0,
                                                    "operator_type": "TABLE_SCAN",
                                                    "operator_cardinality": 1071,
                                                    "cumulative_rows_scanned": 0,
                                                    "operator_rows_scanned": 73049,
                                                    "operator_timing": 4.0536e-05,
                                                    "children": []
                                                  },
                                                  {
                                                    "total_bytes_written": 0,
                                                    "total_bytes_read": 0,
                                                    "result_set_size": 0,
                                                    "operator_name": "HASH_JOIN",
                                                    "cpu_time": 0.0,
                                                    "extra_info": {
                                                      "Join Type": "INNER",
                                                      "Conditions": [
                                                        "d_date_sk = cs_ship_date_sk",
                                                        "CAST(d_date AS TIMESTAMP) > (d_date + '3 days'::INTERVAL)"
                                                      ],
                                                      "Estimated Cardinality": "244"
                                                    },
                                                    "cumulative_cardinality": 0,
                                                    "operator_type": "HASH_JOIN",
                                                    "operator_cardinality": 0,
                                                    "cumulative_rows_scanned": 0,
                                                    "operator_rows_scanned": 0,
                                                    "operator_timing": 7.544e-06,
                                                    "children": [
                                                      {
                                                        "total_bytes_written": 0,
                                                        "total_bytes_read": 0,
                                                        "result_set_size": 8552,
                                                        "operator_name": "SEQ_SCAN ",
                                                        "cpu_time": 0.0,
                                                        "extra_info": {
                                                          "Table": "date_dim",
                                                          "Type": "Sequential Scan",
                                                          "Projections": [
                                                            "d_date_sk",
                                                            "d_date"
                                                          ],
                                                          "Filters": "d_date_sk>=2450817 AND d_date_sk<=2452743",
                                                          "Estimated Cardinality": "73049"
                                                        },
                                                        "cumulative_cardinality": 0,
                                                        "operator_type": "TABLE_SCAN",
                                                        "operator_cardinality": 1069,
                                                        "cumulative_rows_scanned": 0,
                                                        "operator_rows_scanned": 73049,
                                                        "operator_timing": 5.9002e-05,
                                                        "children": []
                                                      },
                                                      {
                                                        "total_bytes_written": 0,
                                                        "total_bytes_read": 0,
                                                        "result_set_size": 0,
                                                        "operator_name": "HASH_JOIN",
                                                        "cpu_time": 0.0,
                                                        "extra_info": {
                                                          "Join Type": "INNER",
                                                          "Conditions": "cs_bill_hdemo_sk = hd_demo_sk",
                                                          "Estimated Cardinality": "244"
                                                        },
                                                        "cumulative_cardinality": 0,
                                                        "operator_type": "HASH_JOIN",
                                                        "operator_cardinality": 0,
                                                        "cumulative_rows_scanned": 0,
                                                        "operator_rows_scanned": 0,
                                                        "operator_timing": 6.299999999999999e-05,
                                                        "children": [
                                                          {
                                                            "total_bytes_written": 0,
                                                            "total_bytes_read": 0,
                                                            "result_set_size": 0,
                                                            "operator_name": "HASH_JOIN",
                                                            "cpu_time": 0.0,
                                                            "extra_info": {
                                                              "Join Type": "INNER",
                                                              "Conditions": "i_item_sk = cs_item_sk",
                                                              "Estimated Cardinality": "978"
                                                            },
                                                            "cumulative_cardinality": 0,
                                                            "operator_type": "HASH_JOIN",
                                                            "operator_cardinality": 0,
                                                            "cumulative_rows_scanned": 0,
                                                            "operator_rows_scanned": 0,
                                                            "operator_timing": 1.6909e-05,
                                                            "children": [
                                                              {
                                                                "total_bytes_written": 0,
                                                                "total_bytes_read": 0,
                                                                "result_set_size": 12260,
                                                                "operator_name": "PROJECTION",
                                                                "cpu_time": 0.0,
                                                                "extra_info": {
                                                                  "Projections": [
                                                                    "#0",
                                                                    "#2"
                                                                  ],
                                                                  "Estimated Cardinality": "20400"
                                                                },
                                                                "cumulative_cardinality": 0,
                                                                "operator_type": "PROJECTION",
                                                                "operator_cardinality": 613,
                                                                "cumulative_rows_scanned": 0,
                                                                "operator_rows_scanned": 0,
                                                                "operator_timing": 9.11e-07,
                                                                "children": [
                                                                  {
                                                                    "total_bytes_written": 0,
                                                                    "total_bytes_read": 0,
                                                                    "result_set_size": 22068,
                                                                    "operator_name": "FILTER",
                                                                    "cpu_time": 0.0,
                                                                    "extra_info": {
                                                                      "Expression": "((i_category = 'Children') OR (i_category = 'Jewelry') OR (i_category = 'Men'))",
                                                                      "Estimated Cardinality": "20400"
                                                                    },
                                                                    "cumulative_cardinality": 0,
                                                                    "operator_type": "FILTER",
                                                                    "operator_cardinality": 613,
                                                                    "cumulative_rows_scanned": 0,
                                                                    "operator_rows_scanned": 0,
                                                                    "operator_timing": 3.0513e-05,
                                                                    "children": [
                                                                      {
                                                                        "total_bytes_written": 0,
                                                                        "total_bytes_read": 0,
                                                                        "result_set_size": 73728,
                                                                        "operator_name": "SEQ_SCAN ",
                                                                        "cpu_time": 0.0,
                                                                        "extra_info": {
                                                                          "Table": "item",
                                                                          "Type": "Sequential Scan",
                                                                          "Projections": [
                                                                            "i_item_sk",
                                                                            "i_category",
                                                                            "i_item_desc"
                                                                          ],
                                                                          "Filters": "optional: i_category IN ('Children', 'Jewelry', 'Men')",
                                                                          "Estimated Cardinality": "102000"
                                                                        },
                                                                        "cumulative_cardinality": 0,
                                                                        "operator_type": "TABLE_SCAN",
                                                                        "operator_cardinality": 2048,
                                                                        "cumulative_rows_scanned": 0,
                                                                        "operator_rows_scanned": 102000,
                                                                        "operator_timing": 0.000166871,
                                                                        "children": []
                                                                      }
                                                                    ]
                                                                  }
                                                                ]
                                                              },
                                                              {
                                                                "total_bytes_written": 0,
                                                                "total_bytes_read": 0,
                                                                "result_set_size": 0,
                                                                "operator_name": "HASH_JOIN",
                                                                "cpu_time": 0.0,
                                                                "extra_info": {
                                                                  "Join Type": "INNER",
                                                                  "Conditions": "cd_demo_sk = cs_bill_cdemo_sk",
                                                                  "Estimated Cardinality": "4613"
                                                                },
                                                                "cumulative_cardinality": 0,
                                                                "operator_type": "HASH_JOIN",
                                                                "operator_cardinality": 0,
                                                                "cumulative_rows_scanned": 0,
                                                                "operator_rows_scanned": 0,
                                                                "operator_timing": 0.057625538999999996,
                                                                "children": [
                                                                  {
                                                                    "total_bytes_written": 0,
                                                                    "total_bytes_read": 0,
                                                                    "result_set_size": 0,
                                                                    "operator_name": "FILTER",
                                                                    "cpu_time": 0.0,
                                                                    "extra_info": {
                                                                      "Expression": "(cd_demo_sk >= 2)",
                                                                      "Estimated Cardinality": "0"
                                                                    },
                                                                    "cumulative_cardinality": 0,
                                                                    "operator_type": "FILTER",
                                                                    "operator_cardinality": 0,
                                                                    "cumulative_rows_scanned": 0,
                                                                    "operator_rows_scanned": 0,
                                                                    "operator_timing": 2.11e-07,
                                                                    "children": [
                                                                      {
                                                                        "total_bytes_written": 0,
                                                                        "total_bytes_read": 0,
                                                                        "result_set_size": 0,
                                                                        "operator_name": "EMPTY_RESULT",
                                                                        "cpu_time": 0.0,
                                                                        "extra_info": {},
                                                                        "cumulative_cardinality": 0,
                                                                        "operator_type": "EMPTY_RESULT",
                                                                        "operator_cardinality": 0,
                                                                        "cumulative_rows_scanned": 0,
                                                                        "operator_rows_scanned": 0,
                                                                        "operator_timing": 7.93e-07,
                                                                        "children": []
                                                                      }
                                                                    ]
                                                                  },
                                                                  {
                                                                    "total_bytes_written": 0,
                                                                    "total_bytes_read": 0,
                                                                    "result_set_size": 20731428,
                                                                    "operator_name": "HASH_JOIN",
                                                                    "cpu_time": 0.0,
                                                                    "extra_info": {
                                                                      "Join Type": "INNER",
                                                                      "Conditions": "cs_sold_date_sk = d_date_sk",
                                                                      "Estimated Cardinality": "23065"
                                                                    },
                                                                    "cumulative_cardinality": 0,
                                                                    "operator_type": "HASH_JOIN",
                                                                    "operator_cardinality": 575873,
                                                                    "cumulative_rows_scanned": 0,
                                                                    "operator_rows_scanned": 0,
                                                                    "operator_timing": 0.015339289999999998,
                                                                    "children": [
                                                                      {
                                                                        "total_bytes_written": 0,
                                                                        "total_bytes_read": 0,
                                                                        "result_set_size": 18427936,
                                                                        "operator_name": "SEQ_SCAN ",
                                                                        "cpu_time": 0.0,
                                                                        "extra_info": {
                                                                          "Table": "catalog_sales",
                                                                          "Type": "Sequential Scan",
                                                                          "Projections": [
                                                                            "cs_item_sk",
                                                                            "cs_bill_cdemo_sk",
                                                                            "cs_bill_hdemo_sk",
                                                                            "cs_sold_date_sk",
                                                                            "cs_ship_date_sk",
                                                                            "cs_promo_sk",
                                                                            "cs_order_number",
                                                                            "cs_quantity"
                                                                          ],
                                                                          "Filters": "cs_wholesale_cost>=35.00 AND cs_wholesale_cost<=55.00",
                                                                          "Estimated Cardinality": "2880252"
                                                                        },
                                                                        "cumulative_cardinality": 0,
                                                                        "operator_type": "TABLE_SCAN",
                                                                        "operator_cardinality": 575873,
                                                                        "cumulative_rows_scanned": 0,
                                                                        "operator_rows_scanned": 403235308,
                                                                        "operator_timing": 0.045899297000000006,
                                                                        "children": []
                                                                      },
                                                                      {
                                                                        "total_bytes_written": 0,
                                                                        "total_bytes_read": 0,
                                                                        "result_set_size": 4380,
                                                                        "operator_name": "FILTER",
                                                                        "cpu_time": 0.0,
                                                                        "extra_info": {
                                                                          "Expression": "(d_date_sk BETWEEN 2450815 AND 2452653)",
                                                                          "Estimated Cardinality": "585"
                                                                        },
                                                                        "cumulative_cardinality": 0,
                                                                        "operator_type": "FILTER",
                                                                        "operator_cardinality": 365,
                                                                        "cumulative_rows_scanned": 0,
                                                                        "operator_rows_scanned": 0,
                                                                        "operator_timing": 1.1490999999999999e-05,
                                                                        "children": [
                                                                          {
                                                                            "total_bytes_written": 0,
                                                                            "total_bytes_read": 0,
                                                                            "result_set_size": 4380,
                                                                            "operator_name": "SEQ_SCAN ",
                                                                            "cpu_time": 0.0,
                                                                            "extra_info": {
                                                                              "Table": "date_dim",
                                                                              "Type": "Sequential Scan",
                                                                              "Projections": [
                                                                                "d_date_sk",
                                                                                "d_week_seq",
                                                                                "d_date"
                                                                              ],
                                                                              "Filters": "d_year=1998",
                                                                              "Estimated Cardinality": "585"
                                                                            },
                                                                            "cumulative_cardinality": 0,
                                                                            "operator_type": "TABLE_SCAN",
                                                                            "operator_cardinality": 365,
                                                                            "cumulative_rows_scanned": 0,
                                                                            "operator_rows_scanned": 73049,
                                                                            "operator_timing": 6.333200000000001e-05,
                                                                            "children": []
                                                                          }
                                                                        ]
                                                                      }
                                                                    ]
                                                                  }
                                                                ]
                                                              }
                                                            ]
                                                          },
                                                          {
                                                            "total_bytes_written": 0,
                                                            "total_bytes_read": 0,
                                                            "result_set_size": 4800,
                                                            "operator_name": "SEQ_SCAN ",
                                                            "cpu_time": 0.0,
                                                            "extra_info": {
                                                              "Table": "household_demographics",
                                                              "Type": "Sequential Scan",
                                                              "Projections": "hd_demo_sk",
                                                              "Filters": "hd_buy_potential='>10000'",
                                                              "Estimated Cardinality": "1800"
                                                            },
                                                            "cumulative_cardinality": 0,
                                                            "operator_type": "TABLE_SCAN",
                                                            "operator_cardinality": 1200,
                                                            "cumulative_rows_scanned": 0,
                                                            "operator_rows_scanned": 7200,
                                                            "operator_timing": 4.7223e-05,
                                                            "children": []
                                                          }
                                                        ]
                                                      }
                                                    ]
                                                  }
                                                ]
                                              }
                                            ]
                                          },
                                          {
                                            "total_bytes_written": 0,
                                            "total_bytes_read": 0,
                                            "result_set_size": 200,
                                            "operator_name": "SEQ_SCAN ",
                                            "cpu_time": 0.0,
                                            "extra_info": {
                                              "Table": "warehouse",
                                              "Type": "Sequential Scan",
                                              "Projections": [
                                                "w_warehouse_sk",
                                                "w_warehouse_name"
                                              ],
                                              "Estimated Cardinality": "10"
                                            },
                                            "cumulative_cardinality": 0,
                                            "operator_type": "TABLE_SCAN",
                                            "operator_cardinality": 10,
                                            "cumulative_rows_scanned": 0,
                                            "operator_rows_scanned": 10,
                                            "operator_timing": 1.2053000000000001e-05,
                                            "children": []
                                          }
                                        ]
                                      },
                                      {
                                        "total_bytes_written": 0,
                                        "total_bytes_read": 0,
                                        "result_set_size": 2000,
                                        "operator_name": "SEQ_SCAN ",
                                        "cpu_time": 0.0,
                                        "extra_info": {
                                          "Table": "promotion",
                                          "Type": "Sequential Scan",
                                          "Projections": "p_promo_sk",
                                          "Estimated Cardinality": "500"
                                        },
                                        "cumulative_cardinality": 0,
                                        "operator_type": "TABLE_SCAN",
                                        "operator_cardinality": 500,
                                        "cumulative_rows_scanned": 0,
                                        "operator_rows_scanned": 500,
                                        "operator_timing": 9.744999999999999e-06,
                                        "children": []
                                      }
                                    ]
                                  }
                                ]
                              }
                            ]
                          }
                        ]
                      }
                    ]
                  }
                ]
              }
            ]
          }
        ]
      }
    ]
  },
  "actual_rows": 0
}