{
  "execution_time_ms": 91.3,
  "plan_text": "\u250c\u2500\u2500\u2500\u2500\u2500\u2500\u2500\u2500\u2500\u2500\u2500\u2500\u2500\u2500\u2500\u2500\u2500\u2500\u2500\u2500\u2500\u2500\u2500\u2500\u2500\u2500\u2500\u2500\u2500\u2500\u2500\u2500\u2500\u2500\u2500\u2500\u2500\u2510\n\u2502\u250c\u2500\u2500\u2500\u2500\u2500\u2500\u2500\u2500\u2500\u2500\u2500\u2500\u2500\u2500\u2500\u2500\u2500\u2500\u2500\u2500\u2500\u2500\u2500\u2500\u2500\u2500\u2500\u2500\u2500\u2500\u2500\u2500\u2500\u2500\u2500\u2510\u2502\n\u2502\u2502    Query Profiling Information    \u2502\u2502\n\u2502\u2514\u2500\u2500\u2500\u2500\u2500\u2500\u2500\u2500\u2500\u2500\u2500\u2500\u2500\u2500\u2500\u2500\u2500\u2500\u2500\u2500\u2500\u2500\u2500\u2500\u2500\u2500\u2500\u2500\u2500\u2500\u2500\u2500\u2500\u2500\u2500\u2518\u2502\n\u2514\u2500\u2500\u2500\u2500\u2500\u2500\u2500\u2500\u2500\u2500\u2500\u2500\u2500\u2500\u2500\u2500\u2500\u2500\u2500\u2500\u2500\u2500\u2500\u2500\u2500\u2500\u2500\u2500\u2500\u2500\u2500\u2500\u2500\u2500\u2500\u2500\u2500\u2518\nEXPLAIN ANALYZE with ss as  (select ca_county,d_qoy, d_year,sum(ss_ext_sales_price) as store_sales  from store_sales,date_dim,customer_address, item  where ss_sold_date_sk = d_date_sk   and ss_addr_sk=ca_address_sk   and ss_item_sk = i_item_sk   and i_color IN ('navajo', 'orchid')   and i_manager_id BETWEEN 8 and 27   and ss_list_price between 86 and 100   and ca_state in ('IA','IL')  group by ca_county,d_qoy, d_year),  ws as  (select ca_county,d_qoy, d_year,sum(ws_ext_sales_price) as web_sales  from web_sales,date_dim,customer_address, item  where ws_sold_date_sk = d_date_sk   and ws_bill_addr_sk=ca_address_sk   and ws_item_sk = i_item_sk   and i_color IN ('navajo', 'orchid')   and i_manager_id BETWEEN 8 and 27   and ws_list_price between 86 and 100   and ca_state in ('IA','IL') group by ca_county,d_qoy, d_year)  select         ss1.ca_county        ,ss1.d_year        ,ws2.web_sales/ws1.web_sales web_q1_q2_increase        ,ss2.store_sales/ss1.store_sales store_q1_q2_increase        ,ws3.web_sales/ws2.web_sales web_q2_q3_increase        ,ss3.store_sales/ss2.store_sales store_q2_q3_increase  from         ss ss1        ,ss ss2        ,ss ss3        ,ws ws1        ,ws ws2        ,ws ws3  where     ss1.d_qoy = 1     and ss1.d_year = 1998     and ss1.ca_county = ss2.ca_county     and ss2.d_qoy = 2     and ss2.d_year = 1998  and ss2.ca_county = ss3.ca_county     and ss3.d_qoy = 3     and ss3.d_year = 1998     and ss1.ca_county = ws1.ca_county     and ws1.d_qoy = 1     and ws1.d_year = 1998     and ws1.ca_county = ws2.ca_county     and ws2.d_qoy = 2     and ws2.d_year = 1998     and ws1.ca_county = ws3.ca_county     and ws3.d_qoy = 3     and ws3.d_year =1998     and case when ws1.web_sales > 0 then ws2.web_sales/ws1.web_sales else null end        > case when ss1.store_sales > 0 then ss2.store_sales/ss1.store_sales else null end     and case when ws2.web_sales > 0 then ws3.web_sales/ws2.web_sales else null end        > case when ss2.store_sales > 0 then ss3.store_sales/ss2.store_sales else null end  order by ss1.d_year\n\u250c\u2500\u2500\u2500\u2500\u2500\u2500\u2500\u2500\u2500\u2500\u2500\u2500\u2500\u2500\u2500\u2500\u2500\u2500\u2500\u2500\u2500\u2500\u2500\u2500\u2500\u2500\u2500\u2500\u2500\u2500\u2500\u2500\u2500\u2500\u2500\u2500\u2500\u2500\u2500\u2500\u2500\u2500\u2500\u2500\u2500\u2500\u2500\u2500\u2510\n\u2502\u250c\u2500\u2500\u2500\u2500\u2500\u2500\u2500\u2500\u2500\u2500\u2500\u2500\u2500\u2500\u2500\u2500\u2500\u2500\u2500\u2500\u2500\u2500\u2500\u2500\u2500\u2500\u2500\u2500\u2500\u2500\u2500\u2500\u2500\u2500\u2500\u2500\u2500\u2500\u2500\u2500\u2500\u2500\u2500\u2500\u2500\u2500\u2510\u2502\n\u2502\u2502              Total Time: 0.0303s             \u2502\u2502\n\u2502\u2514\u2500\u2500\u2500\u2500\u2500\u2500\u2500\u2500\u2500\u2500\u2500\u2500\u2500\u2500\u2500\u2500\u2500\u2500\u2500\u2500\u2500\u2500\u2500\u2500\u2500\u2500\u2500\u2500\u2500\u2500\u2500\u2500\u2500\u2500\u2500\u2500\u2500\u2500\u2500\u2500\u2500\u2500\u2500\u2500\u2500\u2500\u2518\u2502\n\u2514\u2500\u2500\u2500\u2500\u2500\u2500\u2500\u2500\u2500\u2500\u2500\u2500\u2500\u2500\u2500\u2500\u2500\u2500\u2500\u2500\u2500\u2500\u2500\u2500\u2500\u2500\u2500\u2500\u2500\u2500\u2500\u2500\u2500\u2500\u2500\u2500\u2500\u2500\u2500\u2500\u2500\u2500\u2500\u2500\u2500\u2500\u2500\u2500\u2518\n\u250c\u2500\u2500\u2500\u2500\u2500\u2500\u2500\u2500\u2500\u2500\u2500\u2500\u2500\u2500\u2500\u2510\n\u2502     QUERY     \u2502\n\u2514\u2500\u2500\u2500\u2500\u2500\u2500\u2500\u252c\u2500\u2500\u2500\u2500\u2500\u2500\u2500\u2518\n\u250c\u2500\u2500\u2500\u2500\u2500\u2500\u2500\u2534\u2500\u2500\u2500\u2500\u2500\u2500\u2500\u2510\n\u2502EXPLAIN_ANALYZE\u2502\n\u2502    \u2500\u2500\u2500\u2500\u2500\u2500\u2500\u2500   \u2502\n\u2502     0 rows    \u2502\n\u2502    (0.00s)    \u2502\n\u2514\u2500\u2500\u2500\u2500\u2500\u2500\u2500\u252c\u2500\u2500\u2500\u2500\u2500\u2500\u2500\u2518\n\u250c\u2500\u2500\u2500\u2500\u2500\u2500\u2500\u2534\u2500\u2500\u2500\u2500\u2500\u2500\u2500\u2510\n\u2502      CTE      \u2502\n\u2502    \u2500\u2500\u2500\u2500\u2500\u2500\u2500\u2500   \u2502\n\u2502   CTE Name:   \u2502\n\u2502       ss      \u2502\n\u2502               \u2502\n\u2502  Table Index: \u251c\u2500\u2500\u2500\u2500\u2500\u2500\u2500\u2500\u2500\u2500\u2500\u2500\u2500\u2500\u2500\u2500\u2500\u2500\u2500\u2500\u2500\u2500\u2500\u2500\u2500\u2500\u2500\u2500\u2500\u2500\u2500\u2500\u2500\u2500\u2500\u2500\u2500\u2500\u2500\u2500\u2500\u2500\u2500\u2500\u2500\u2500\u2500\u2500\u2500\u2500\u2500\u2500\u2500\u2500\u2500\u2500\u2500\u2500\u2500\u2510\n\u2502       0       \u2502                                                           \u2502\n\u2502               \u2502                                                           \u2502\n\u2502     0 rows    \u2502                                                           \u2502\n\u2502    (0.00s)    \u2502                                                           \u2502\n\u2514\u2500\u2500\u2500\u2500\u2500\u2500\u2500\u252c\u2500\u2500\u2500\u2500\u2500\u2500\u2500\u2518                                                           \u2502\n\u250c\u2500\u2500\u2500\u2500\u2500\u2500\u2500\u2534\u2500\u2500\u2500\u2500\u2500\u2500\u2500\u2510                                                   \u250c\u2500\u2500\u2500\u2500\u2500\u2500\u2500\u2534\u2500\u2500\u2500\u2500\u2500\u2500\u2500\u2510\n\u2502   PROJECTION  \u2502                                                   \u2502      CTE      \u2502\n\u2502    \u2500\u2500\u2500\u2500\u2500\u2500\u2500\u2500   \u2502                                                   \u2502    \u2500\u2500\u2500\u2500\u2500\u2500\u2500\u2500   \u2502\n\u2502       #0      \u2502                                                   \u2502   CTE Name:   \u2502\n\u2502__internal_deco\u2502                                                   \u2502       ws      \u2502\n\u2502mpress_integral\u2502                                                   \u2502               \u2502\n\u2502_integer(#1, 1)\u2502                                                   \u2502  Table Index: \u2502\n\u2502__internal_deco\u2502                                                   \u2502       11      \u2502\n\u2502mpress_integral\u2502                                                   \u2502               \u251c\u2500\u2500\u2500\u2500\u2500\u2500\u2500\u2500\u2500\u2500\u2500\u2500\u2500\u2500\u2500\u2500\u2500\u2500\u2500\u2500\u2500\u2500\u2500\u2500\u2500\u2500\u2500\u2500\u2500\u2500\u2500\u2500\u2500\u2500\u2500\u2500\u2500\u2500\u2500\u2500\u2500\u2500\u2500\u2500\u2500\u2500\u2500\u2500\u2500\u2500\u2500\u2500\u2500\u2500\u2500\u2500\u2500\u2500\u2500\u2510\n\u2502  _integer(#2, \u2502                                                   \u2502               \u2502                                                           \u2502\n\u2502      1900)    \u2502                                                   \u2502               \u2502                                                           \u2502\n\u2502       #3      \u2502                                                   \u2502               \u2502                                                           \u2502\n\u2502               \u2502                                                   \u2502               \u2502                                                           \u2502\n\u2502    82 rows    \u2502                                                   \u2502     0 rows    \u2502                                                           \u2502\n\u2502    (0.00s)    \u2502                                                   \u2502    (0.00s)    \u2502                                                           \u2502\n\u2514\u2500\u2500\u2500\u2500\u2500\u2500\u2500\u252c\u2500\u2500\u2500\u2500\u2500\u2500\u2500\u2518                                                   \u2514\u2500\u2500\u2500\u2500\u2500\u2500\u2500\u252c\u2500\u2500\u2500\u2500\u2500\u2500\u2500\u2518                                                           \u2502\n\u250c\u2500\u2500\u2500\u2500\u2500\u2500\u2500\u2534\u2500\u2500\u2500\u2500\u2500\u2500\u2500\u2510                                                   \u250c\u2500\u2500\u2500\u2500\u2500\u2500\u2500\u2534\u2500\u2500\u2500\u2500\u2500\u2500\u2500\u2510                                                   \u250c\u2500\u2500\u2500\u2500\u2500\u2500\u2500\u2534\u2500\u2500\u2500\u2500\u2500\u2500\u2500\u2510\n\u2502 HASH_GROUP_BY \u2502                                                   \u2502   PROJECTION  \u2502                                                   \u2502    ORDER_BY   \u2502\n\u2502    \u2500\u2500\u2500\u2500\u2500\u2500\u2500\u2500   \u2502                                                   \u2502    \u2500\u2500\u2500\u2500\u2500\u2500\u2500\u2500   \u2502                                                   \u2502    \u2500\u2500\u2500\u2500\u2500\u2500\u2500\u2500   \u2502\n\u2502    Groups:    \u2502                                                   \u2502       #0      \u2502                                                   \u2502 ss1.d_year ASC\u2502\n\u2502       #0      \u2502                                                   \u2502__internal_deco\u2502                                                   \u2502               \u2502\n\u2502       #1      \u2502                                                   \u2502mpress_integral\u2502                                                   \u2502               \u2502\n\u2502       #2      \u2502                                                   \u2502_integer(#1, 1)\u2502                                                   \u2502               \u2502\n\u2502               \u2502                                                   \u2502__internal_deco\u2502                                                   \u2502               \u2502\n\u2502  Aggregates:  \u2502                                                   \u2502mpress_integral\u2502                                                   \u2502               \u2502\n\u2502    sum(#3)    \u2502                                                   \u2502  _integer(#2, \u2502                                                   \u2502               \u2502\n\u2502               \u2502                                                   \u2502      1900)    \u2502                                                   \u2502               \u2502\n\u2502               \u2502                                                   \u2502       #3      \u2502                                                   \u2502               \u2502\n\u2502               \u2502                                                   \u2502               \u2502                                                   \u2502               \u2502\n\u2502    82 rows    \u2502                                                   \u2502    24 rows    \u2502                                                   \u2502     0 rows    \u2502\n\u2502    (0.00s)    \u2502                                                   \u2502    (0.00s)    \u2502                                                   \u2502    (0.00s)    \u2502\n\u2514\u2500\u2500\u2500\u2500\u2500\u2500\u2500\u252c\u2500\u2500\u2500\u2500\u2500\u2500\u2500\u2518                                                   \u2514\u2500\u2500\u2500\u2500\u2500\u2500\u2500\u252c\u2500\u2500\u2500\u2500\u2500\u2500\u2500\u2518                                                   \u2514\u2500\u2500\u2500\u2500\u2500\u2500\u2500\u252c\u2500\u2500\u2500\u2500\u2500\u2500\u2500\u2518\n\u250c\u2500\u2500\u2500\u2500\u2500\u2500\u2500\u2534\u2500\u2500\u2500\u2500\u2500\u2500\u2500\u2510                                                   \u250c\u2500\u2500\u2500\u2500\u2500\u2500\u2500\u2534\u2500\u2500\u2500\u2500\u2500\u2500\u2500\u2510                                                   \u250c\u2500\u2500\u2500\u2500\u2500\u2500\u2500\u2534\u2500\u2500\u2500\u2500\u2500\u2500\u2500\u2510\n\u2502   PROJECTION  \u2502                                                   \u2502 HASH_GROUP_BY \u2502                                                   \u2502   PROJECTION  \u2502\n\u2502    \u2500\u2500\u2500\u2500\u2500\u2500\u2500\u2500   \u2502                                                   \u2502    \u2500\u2500\u2500\u2500\u2500\u2500\u2500\u2500   \u2502                                                   \u2502    \u2500\u2500\u2500\u2500\u2500\u2500\u2500\u2500   \u2502\n\u2502   ca_county   \u2502                                                   \u2502    Groups:    \u2502                                                   \u2502   ca_county   \u2502\n\u2502     d_qoy     \u2502                                                   \u2502       #0      \u2502                                                   \u2502     d_year    \u2502\n\u2502     d_year    \u2502                                                   \u2502       #1      \u2502                                                   \u2502web_q1_q2_incre\u2502\n\u2502ss_ext_sales_pr\u2502                                                   \u2502       #2      \u2502                                                   \u2502      ase      \u2502\n\u2502      ice      \u2502                                                   \u2502               \u2502                                                   \u2502store_q1_q2_inc\u2502\n\u2502               \u2502                                                   \u2502  Aggregates:  \u2502                                                   \u2502     rease     \u2502\n\u2502               \u2502                                                   \u2502    sum(#3)    \u2502                                                   \u2502web_q2_q3_incre\u2502\n\u2502               \u2502                                                   \u2502               \u2502                                                   \u2502      ase      \u2502\n\u2502               \u2502                                                   \u2502               \u2502                                                   \u2502store_q2_q3_inc\u2502\n\u2502               \u2502                                                   \u2502               \u2502                                                   \u2502     rease     \u2502\n\u2502               \u2502                                                   \u2502               \u2502                                                   \u2502               \u2502\n\u2502    89 rows    \u2502                                                   \u2502    24 rows    \u2502                                                   \u2502     0 rows    \u2502\n\u2502    (0.00s)    \u2502                                                   \u2502    (0.00s)    \u2502                                                   \u2502    (0.00s)    \u2502\n\u2514\u2500\u2500\u2500\u2500\u2500\u2500\u2500\u252c\u2500\u2500\u2500\u2500\u2500\u2500\u2500\u2518                                                   \u2514\u2500\u2500\u2500\u2500\u2500\u2500\u2500\u252c\u2500\u2500\u2500\u2500\u2500\u2500\u2500\u2518                                                   \u2514\u2500\u2500\u2500\u2500\u2500\u2500\u2500\u252c\u2500\u2500\u2500\u2500\u2500\u2500\u2500\u2518\n\u250c\u2500\u2500\u2500\u2500\u2500\u2500\u2500\u2534\u2500\u2500\u2500\u2500\u2500\u2500\u2500\u2510                                                   \u250c\u2500\u2500\u2500\u2500\u2500\u2500\u2500\u2534\u2500\u2500\u2500\u2500\u2500\u2500\u2500\u2510                                                   \u250c\u2500\u2500\u2500\u2500\u2500\u2500\u2500\u2534\u2500\u2500\u2500\u2500\u2500\u2500\u2500\u2510\n\u2502   PROJECTION  \u2502                                                   \u2502   PROJECTION  \u2502                                                   \u2502   PROJECTION  \u2502\n\u2502    \u2500\u2500\u2500\u2500\u2500\u2500\u2500\u2500   \u2502                                                   \u2502    \u2500\u2500\u2500\u2500\u2500\u2500\u2500\u2500   \u2502                                                   \u2502    \u2500\u2500\u2500\u2500\u2500\u2500\u2500\u2500   \u2502\n\u2502       #0      \u2502                                                   \u2502   ca_county   \u2502                                                   \u2502   ca_county   \u2502\n\u2502       #1      \u2502                                                   \u2502     d_qoy     \u2502                                                   \u2502     d_year    \u2502\n\u2502__internal_comp\u2502                                                   \u2502     d_year    \u2502                                                   \u2502 CAST(web_sales\u2502\n\u2502ress_integral_u\u2502                                                   \u2502ws_ext_sales_pr\u2502                                                   \u2502   AS DOUBLE)  \u2502\n\u2502 tinyint(#2, 1)\u2502                                                   \u2502      ice      \u2502                                                   \u2502   web_sales   \u2502\n\u2502__internal_comp\u2502                                                   \u2502               \u2502                                                   \u2502CAST(store_sale\u2502\n\u2502ress_integral_u\u2502                                                   \u2502               \u2502                                                   \u2502  s AS DOUBLE) \u2502\n\u2502  tinyint(#3,  \u2502                                                   \u2502               \u2502                                                   \u2502  store_sales  \u2502\n\u2502      1900)    \u2502                                                   \u2502               \u2502                                                   \u2502   web_sales   \u2502\n\u2502               \u2502                                                   \u2502               \u2502                                                   \u2502  store_sales  \u2502\n\u2502               \u2502                                                   \u2502               \u2502                                                   \u2502               \u2502\n\u2502    89 rows    \u2502                                                   \u2502    26 rows    \u2502                                                   \u2502     0 rows    \u2502\n\u2502    (0.00s)    \u2502                                                   \u2502    (0.00s)    \u2502                                                   \u2502    (0.00s)    \u2502\n\u2514\u2500\u2500\u2500\u2500\u2500\u2500\u2500\u252c\u2500\u2500\u2500\u2500\u2500\u2500\u2500\u2518                                                   \u2514\u2500\u2500\u2500\u2500\u2500\u2500\u2500\u252c\u2500\u2500\u2500\u2500\u2500\u2500\u2500\u2518                                                   \u2514\u2500\u2500\u2500\u2500\u2500\u2500\u2500\u252c\u2500\u2500\u2500\u2500\u2500\u2500\u2500\u2518\n\u250c\u2500\u2500\u2500\u2500\u2500\u2500\u2500\u2534\u2500\u2500\u2500\u2500\u2500\u2500\u2500\u2510                                                   \u250c\u2500\u2500\u2500\u2500\u2500\u2500\u2500\u2534\u2500\u2500\u2500\u2500\u2500\u2500\u2500\u2510                                                   \u250c\u2500\u2500\u2500\u2500\u2500\u2500\u2500\u2534\u2500\u2500\u2500\u2500\u2500\u2500\u2500\u2510\n\u2502   HASH_JOIN   \u2502                                                   \u2502   PROJECTION  \u2502                                                   \u2502     FILTER    \u2502\n\u2502    \u2500\u2500\u2500\u2500\u2500\u2500\u2500\u2500   \u2502                                                   \u2502    \u2500\u2500\u2500\u2500\u2500\u2500\u2500\u2500   \u2502                                                   \u2502    \u2500\u2500\u2500\u2500\u2500\u2500\u2500\u2500   \u2502\n\u2502   Join Type:  \u2502                                                   \u2502       #0      \u2502                                                   \u2502 ((CASE  WHEN (\u2502\n\u2502     INNER     \u2502                                                   \u2502       #1      \u2502                                                   \u2502 (web_sales > 0\u2502\n\u2502               \u2502                                                   \u2502__internal_comp\u2502                                                   \u2502  .00)) THEN ( \u2502\n\u2502  Conditions:  \u2502                                                   \u2502ress_integral_u\u2502                                                   \u2502(CAST(web_sales\u2502\n\u2502 ca_address_sk \u2502                                                   \u2502 tinyint(#2, 1)\u2502                                                   \u2502  AS DOUBLE) / \u2502\n\u2502  = ss_addr_sk \u2502                                                   \u2502__internal_comp\u2502                                                   \u2502 CAST(web_sales\u2502\n\u2502               \u2502                                                   \u2502ress_integral_u\u2502                                                   \u2502  AS DOUBLE))) \u2502\n\u2502               \u2502                                                   \u2502  tinyint(#3,  \u2502                                                   \u2502  ELSE NULL END\u2502\n\u2502               \u2502                                                   \u2502      1900)    \u2502                                                   \u2502  > CASE  WHEN \u2502\n\u2502               \u2502                                                   \u2502               \u2502                                                   \u2502 ((store_sales \u2502\n\u2502               \u2502                                                   \u2502               \u2502                                                   \u2502 > 0.00)) THEN \u2502\n\u2502               \u2502                                                   \u2502               \u2502                                                   \u2502((CAST(store_sa\u2502\n\u2502               \u2502                                                   \u2502               \u2502                                                   \u2502 les AS DOUBLE)\u2502\n\u2502               \u2502                                                   \u2502               \u2502                                                   \u2502 / CAST(store_s\u2502\n\u2502               \u2502                                                   \u2502               \u2502                                                   \u2502 ales AS DOUBLE\u2502\n\u2502               \u2502                                                   \u2502               \u2502                                                   \u2502 ))) ELSE NULL \u2502\n\u2502               \u2502                                                   \u2502               \u2502                                                   \u2502    END) AND   \u2502\n\u2502               \u251c\u2500\u2500\u2500\u2500\u2500\u2500\u2500\u2500\u2510                                          \u2502               \u2502                                                   \u2502 (CASE  WHEN ( \u2502\n\u2502               \u2502        \u2502                                          \u2502               \u2502                                                   \u2502 (web_sales > 0\u2502\n\u2502               \u2502        \u2502                                          \u2502               \u2502                                                   \u2502  .00)) THEN ( \u2502\n\u2502               \u2502        \u2502                                          \u2502               \u2502                                                   \u2502(CAST(web_sales\u2502\n\u2502               \u2502        \u2502                                          \u2502               \u2502                                                   \u2502  AS DOUBLE) / \u2502\n\u2502               \u2502        \u2502                                          \u2502               \u2502                                                   \u2502 CAST(web_sales\u2502\n\u2502               \u2502        \u2502                                          \u2502               \u2502                                                   \u2502  AS DOUBLE))) \u2502\n\u2502               \u2502        \u2502                                          \u2502               \u2502                                                   \u2502  ELSE NULL END\u2502\n\u2502               \u2502        \u2502                                          \u2502               \u2502                                                   \u2502  > CASE  WHEN \u2502\n\u2502               \u2502        \u2502                                          \u2502               \u2502                                                   \u2502 ((store_sales \u2502\n\u2502               \u2502        \u2502                                          \u2502               \u2502                                                   \u2502 > 0.00)) THEN \u2502\n\u2502               \u2502        \u2502                                          \u2502               \u2502                                                   \u2502((CAST(store_sa\u2502\n\u2502               \u2502        \u2502                                          \u2502               \u2502                                                   \u2502 les AS DOUBLE)\u2502\n\u2502               \u2502        \u2502                                          \u2502               \u2502                                                   \u2502 / CAST(store_s\u2502\n\u2502               \u2502        \u2502                                          \u2502               \u2502                                                   \u2502 ales AS DOUBLE\u2502\n\u2502               \u2502        \u2502                                          \u2502               \u2502                                                   \u2502 ))) ELSE NULL \u2502\n\u2502               \u2502        \u2502                                          \u2502               \u2502                                                   \u2502      END))    \u2502\n\u2502               \u2502        \u2502                                          \u2502               \u2502                                                   \u2502               \u2502\n\u2502    89 rows    \u2502        \u2502                                          \u2502    26 rows    \u2502                                                   \u2502     0 rows    \u2502\n\u2502    (0.00s)    \u2502        \u2502                                          \u2502    (0.00s)    \u2502                                                   \u2502    (0.00s)    \u2502\n\u2514\u2500\u2500\u2500\u2500\u2500\u2500\u2500\u252c\u2500\u2500\u2500\u2500\u2500\u2500\u2500\u2518        \u2502                                          \u2514\u2500\u2500\u2500\u2500\u2500\u2500\u2500\u252c\u2500\u2500\u2500\u2500\u2500\u2500\u2500\u2518                                                   \u2514\u2500\u2500\u2500\u2500\u2500\u2500\u2500\u252c\u2500\u2500\u2500\u2500\u2500\u2500\u2500\u2518\n\u250c\u2500\u2500\u2500\u2500\u2500\u2500\u2500\u2534\u2500\u2500\u2500\u2500\u2500\u2500\u2500\u2510\u250c\u2500\u2500\u2500\u2500\u2500\u2500\u2500\u2534\u2500\u2500\u2500\u2500\u2500\u2500\u2500\u2510                                  \u250c\u2500\u2500\u2500\u2500\u2500\u2500\u2500\u2534\u2500\u2500\u2500\u2500\u2500\u2500\u2500\u2510                                                   \u250c\u2500\u2500\u2500\u2500\u2500\u2500\u2500\u2534\u2500\u2500\u2500\u2500\u2500\u2500\u2500\u2510\n\u2502   PROJECTION  \u2502\u2502   HASH_JOIN   \u2502                                  \u2502   HASH_JOIN   \u2502                                                   \u2502   HASH_JOIN   \u2502\n\u2502    \u2500\u2500\u2500\u2500\u2500\u2500\u2500\u2500   \u2502\u2502    \u2500\u2500\u2500\u2500\u2500\u2500\u2500\u2500   \u2502                                  \u2502    \u2500\u2500\u2500\u2500\u2500\u2500\u2500\u2500   \u2502                                                   \u2502    \u2500\u2500\u2500\u2500\u2500\u2500\u2500\u2500   \u2502\n\u2502       #0      \u2502\u2502   Join Type:  \u2502                                  \u2502   Join Type:  \u2502                                                   \u2502   Join Type:  \u2502\n\u2502       #2      \u2502\u2502     INNER     \u2502                                  \u2502     INNER     \u2502                                                   \u2502     INNER     \u2502\n\u2502               \u2502\u2502               \u2502                                  \u2502               \u2502                                                   \u2502               \u2502\n\u2502               \u2502\u2502  Conditions:  \u2502                                  \u2502  Conditions:  \u2502                                                   \u2502  Conditions:  \u2502\n\u2502               \u2502\u2502ss_sold_date_sk\u2502                                  \u2502 ca_address_sk \u2502                                                   \u2502  ca_county =  \u2502\n\u2502               \u2502\u2502   = d_date_sk \u251c\u2500\u2500\u2500\u2500\u2500\u2500\u2500\u2500\u2500\u2500\u2500\u2500\u2500\u2500\u2500\u2500\u2500\u2500\u2500\u2500\u2500\u2500\u2500\u2500\u2500\u2510        \u2502= ws_bill_addr_\u251c\u2500\u2500\u2500\u2500\u2500\u2500\u2500\u2500\u2510                                          \u2502    ca_county  \u251c\u2500\u2500\u2500\u2500\u2500\u2500\u2500\u2500\u2500\u2500\u2500\u2500\u2500\u2500\u2500\u2500\u2500\u2500\u2500\u2500\u2500\u2500\u2500\u2500\u2500\u2500\u2500\u2500\u2500\u2500\u2500\u2500\u2500\u2500\u2500\u2500\u2500\u2500\u2500\u2500\u2500\u2500\u2510\n\u2502               \u2502\u2502               \u2502                         \u2502        \u2502       sk      \u2502        \u2502                                          \u2502  ca_county =  \u2502                                          \u2502\n\u2502               \u2502\u2502               \u2502                         \u2502        \u2502               \u2502        \u2502                                          \u2502    ca_county  \u2502                                          \u2502\n\u2502               \u2502\u2502               \u2502                         \u2502        \u2502               \u2502        \u2502                                          \u2502  ca_county =  \u2502                                          \u2502\n\u2502               \u2502\u2502               \u2502                         \u2502        \u2502               \u2502        \u2502                                          \u2502    ca_county  \u2502                                          \u2502\n\u2502               \u2502\u2502               \u2502                         \u2502        \u2502               \u2502        \u2502                                          \u2502               \u2502                                          \u2502\n\u2502  15,682 rows  \u2502\u2502   1,547 rows  \u2502                         \u2502        \u2502    26 rows    \u2502        \u2502                                          \u2502     0 rows    \u2502                                          \u2502\n\u2502    (0.00s)    \u2502\u2502    (0.00s)    \u2502                         \u2502        \u2502    (0.00s)    \u2502        \u2502                                          \u2502    (0.00s)    \u2502                                          \u2502\n\u2514\u2500\u2500\u2500\u2500\u2500\u2500\u2500\u252c\u2500\u2500\u2500\u2500\u2500\u2500\u2500\u2518\u2514\u2500\u2500\u2500\u2500\u2500\u2500\u2500\u252c\u2500\u2500\u2500\u2500\u2500\u2500\u2500\u2518                         \u2502        \u2514\u2500\u2500\u2500\u2500\u2500\u2500\u2500\u252c\u2500\u2500\u2500\u2500\u2500\u2500\u2500\u2518        \u2502                                          \u2514\u2500\u2500\u2500\u2500\u2500\u2500\u2500\u252c\u2500\u2500\u2500\u2500\u2500\u2500\u2500\u2518                                          \u2502\n\u250c\u2500\u2500\u2500\u2500\u2500\u2500\u2500\u2534\u2500\u2500\u2500\u2500\u2500\u2500\u2500\u2510\u250c\u2500\u2500\u2500\u2500\u2500\u2500\u2500\u2534\u2500\u2500\u2500\u2500\u2500\u2500\u2500\u2510                 \u250c\u2500\u2500\u2500\u2500\u2500\u2500\u2500\u2534\u2500\u2500\u2500\u2500\u2500\u2500\u2500\u2510\u250c\u2500\u2500\u2500\u2500\u2500\u2500\u2500\u2534\u2500\u2500\u2500\u2500\u2500\u2500\u2500\u2510\u250c\u2500\u2500\u2500\u2500\u2500\u2500\u2500\u2534\u2500\u2500\u2500\u2500\u2500\u2500\u2500\u2510                                  \u250c\u2500\u2500\u2500\u2500\u2500\u2500\u2500\u2534\u2500\u2500\u2500\u2500\u2500\u2500\u2500\u2510                                  \u250c\u2500\u2500\u2500\u2500\u2500\u2500\u2500\u2534\u2500\u2500\u2500\u2500\u2500\u2500\u2500\u2510\n\u2502     FILTER    \u2502\u2502   HASH_JOIN   \u2502                 \u2502     FILTER    \u2502\u2502   PROJECTION  \u2502\u2502   HASH_JOIN   \u2502                                  \u2502   HASH_JOIN   \u2502                                  \u2502   HASH_JOIN   \u2502\n\u2502    \u2500\u2500\u2500\u2500\u2500\u2500\u2500\u2500   \u2502\u2502    \u2500\u2500\u2500\u2500\u2500\u2500\u2500\u2500   \u2502                 \u2502    \u2500\u2500\u2500\u2500\u2500\u2500\u2500\u2500   \u2502\u2502    \u2500\u2500\u2500\u2500\u2500\u2500\u2500\u2500   \u2502\u2502    \u2500\u2500\u2500\u2500\u2500\u2500\u2500\u2500   \u2502                                  \u2502    \u2500\u2500\u2500\u2500\u2500\u2500\u2500\u2500   \u2502                                  \u2502    \u2500\u2500\u2500\u2500\u2500\u2500\u2500\u2500   \u2502\n\u2502 ((ca_state =  \u2502\u2502   Join Type:  \u2502                 \u2502 (((d_qoy = 3) \u2502\u2502       #0      \u2502\u2502   Join Type:  \u2502                                  \u2502   Join Type:  \u2502                                  \u2502   Join Type:  \u2502\n\u2502   'IA') OR    \u2502\u2502     INNER     \u2502                 \u2502  AND (d_year =\u2502\u2502       #2      \u2502\u2502     INNER     \u2502                                  \u2502     INNER     \u2502                                  \u2502     INNER     \u2502\n\u2502  (ca_state =  \u2502\u2502               \u2502                 \u2502  1998)) OR (( \u2502\u2502               \u2502\u2502               \u2502                                  \u2502               \u2502                                  \u2502               \u2502\n\u2502     'IL'))    \u2502\u2502  Conditions:  \u2502                 \u2502  (d_qoy = 1)  \u2502\u2502               \u2502\u2502  Conditions:  \u2502                                  \u2502  Conditions:  \u2502                                  \u2502  Conditions:  \u2502\n\u2502               \u2502\u2502  ss_item_sk = \u2502                 \u2502  AND (d_year =\u2502\u2502               \u2502\u2502ws_sold_date_sk\u2502                                  \u2502  ca_county =  \u2502                                  \u2502  ca_county =  \u2502\n\u2502               \u2502\u2502    i_item_sk  \u251c\u2500\u2500\u2500\u2500\u2500\u2500\u2500\u2500\u2510        \u2502   1998)) OR ( \u2502\u2502               \u2502\u2502   = d_date_sk \u251c\u2500\u2500\u2500\u2500\u2500\u2500\u2500\u2500\u2500\u2500\u2500\u2500\u2500\u2500\u2500\u2500\u2500\u2500\u2500\u2500\u2500\u2500\u2500\u2500\u2500\u2510        \u2502    ca_county  \u251c\u2500\u2500\u2500\u2500\u2500\u2500\u2500\u2500\u2500\u2500\u2500\u2500\u2500\u2500\u2500\u2500\u2500\u2500\u2500\u2500\u2500\u2500\u2500\u2500\u2500\u2510        \u2502    ca_county  \u251c\u2500\u2500\u2500\u2500\u2500\u2500\u2500\u2500\u2510\n\u2502               \u2502\u2502               \u2502        \u2502        \u2502  (d_qoy = 2)  \u2502\u2502               \u2502\u2502               \u2502                         \u2502        \u2502  ca_county =  \u2502                         \u2502        \u2502  ca_county =  \u2502        \u2502\n\u2502               \u2502\u2502               \u2502        \u2502        \u2502  AND (d_year =\u2502\u2502               \u2502\u2502               \u2502                         \u2502        \u2502    ca_county  \u2502                         \u2502        \u2502    ca_county  \u2502        \u2502\n\u2502               \u2502\u2502               \u2502        \u2502        \u2502    1998))))   \u2502\u2502               \u2502\u2502               \u2502                         \u2502        \u2502               \u2502                         \u2502        \u2502               \u2502        \u2502\n\u2502               \u2502\u2502               \u2502        \u2502        \u2502               \u2502\u2502               \u2502\u2502               \u2502                         \u2502        \u2502               \u2502                         \u2502        \u2502               \u2502        \u2502\n\u2502  15,682 rows  \u2502\u2502   1,547 rows  \u2502        \u2502        \u2502    273 rows   \u2502\u2502  15,573 rows  \u2502\u2502    319 rows   \u2502                         \u2502        \u2502     0 rows    \u2502                         \u2502        \u2502     0 rows    \u2502        \u2502\n\u2502    (0.00s)    \u2502\u2502    (0.03s)    \u2502        \u2502        \u2502    (0.00s)    \u2502\u2502    (0.00s)    \u2502\u2502    (0.00s)    \u2502                         \u2502        \u2502    (0.00s)    \u2502                         \u2502        \u2502    (0.00s)    \u2502        \u2502\n\u2514\u2500\u2500\u2500\u2500\u2500\u2500\u2500\u252c\u2500\u2500\u2500\u2500\u2500\u2500\u2500\u2518\u2514\u2500\u2500\u2500\u2500\u2500\u2500\u2500\u252c\u2500\u2500\u2500\u2500\u2500\u2500\u2500\u2518        \u2502        \u2514\u2500\u2500\u2500\u2500\u2500\u2500\u2500\u252c\u2500\u2500\u2500\u2500\u2500\u2500\u2500\u2518\u2514\u2500\u2500\u2500\u2500\u2500\u2500\u2500\u252c\u2500\u2500\u2500\u2500\u2500\u2500\u2500\u2518\u2514\u2500\u2500\u2500\u2500\u2500\u2500\u2500\u252c\u2500\u2500\u2500\u2500\u2500\u2500\u2500\u2518                         \u2502        \u2514\u2500\u2500\u2500\u2500\u2500\u2500\u2500\u252c\u2500\u2500\u2500\u2500\u2500\u2500\u2500\u2518                         \u2502        \u2514\u2500\u2500\u2500\u2500\u2500\u2500\u2500\u252c\u2500\u2500\u2500\u2500\u2500\u2500\u2500\u2518        \u2502\n\u250c\u2500\u2500\u2500\u2500\u2500\u2500\u2500\u2534\u2500\u2500\u2500\u2500\u2500\u2500\u2500\u2510\u250c\u2500\u2500\u2500\u2500\u2500\u2500\u2500\u2534\u2500\u2500\u2500\u2500\u2500\u2500\u2500\u2510\u250c\u2500\u2500\u2500\u2500\u2500\u2500\u2500\u2534\u2500\u2500\u2500\u2500\u2500\u2500\u2500\u2510\u250c\u2500\u2500\u2500\u2500\u2500\u2500\u2500\u2534\u2500\u2500\u2500\u2500\u2500\u2500\u2500\u2510\u250c\u2500\u2500\u2500\u2500\u2500\u2500\u2500\u2534\u2500\u2500\u2500\u2500\u2500\u2500\u2500\u2510\u250c\u2500\u2500\u2500\u2500\u2500\u2500\u2500\u2534\u2500\u2500\u2500\u2500\u2500\u2500\u2500\u2510                 \u250c\u2500\u2500\u2500\u2500\u2500\u2500\u2500\u2534\u2500\u2500\u2500\u2500\u2500\u2500\u2500\u2510\u250c\u2500\u2500\u2500\u2500\u2500\u2500\u2500\u2534\u2500\u2500\u2500\u2500\u2500\u2500\u2500\u2510                 \u250c\u2500\u2500\u2500\u2500\u2500\u2500\u2500\u2534\u2500\u2500\u2500\u2500\u2500\u2500\u2500\u2510\u250c\u2500\u2500\u2500\u2500\u2500\u2500\u2500\u2534\u2500\u2500\u2500\u2500\u2500\u2500\u2500\u2510\u250c\u2500\u2500\u2500\u2500\u2500\u2500\u2500\u2534\u2500\u2500\u2500\u2500\u2500\u2500\u2500\u2510\n\u2502   TABLE_SCAN  \u2502\u2502   TABLE_SCAN  \u2502\u2502   PROJECTION  \u2502\u2502   TABLE_SCAN  \u2502\u2502     FILTER    \u2502\u2502   HASH_JOIN   \u2502                 \u2502     FILTER    \u2502\u2502   HASH_JOIN   \u2502                 \u2502   PROJECTION  \u2502\u2502   PROJECTION  \u2502\u2502   HASH_JOIN   \u2502\n\u2502    \u2500\u2500\u2500\u2500\u2500\u2500\u2500\u2500   \u2502\u2502    \u2500\u2500\u2500\u2500\u2500\u2500\u2500\u2500   \u2502\u2502    \u2500\u2500\u2500\u2500\u2500\u2500\u2500\u2500   \u2502\u2502    \u2500\u2500\u2500\u2500\u2500\u2500\u2500\u2500   \u2502\u2502    \u2500\u2500\u2500\u2500\u2500\u2500\u2500\u2500   \u2502\u2502    \u2500\u2500\u2500\u2500\u2500\u2500\u2500\u2500   \u2502                 \u2502    \u2500\u2500\u2500\u2500\u2500\u2500\u2500\u2500   \u2502\u2502    \u2500\u2500\u2500\u2500\u2500\u2500\u2500\u2500   \u2502                 \u2502    \u2500\u2500\u2500\u2500\u2500\u2500\u2500\u2500   \u2502\u2502    \u2500\u2500\u2500\u2500\u2500\u2500\u2500\u2500   \u2502\u2502    \u2500\u2500\u2500\u2500\u2500\u2500\u2500\u2500   \u2502\n\u2502     Table:    \u2502\u2502     Table:    \u2502\u2502       #0      \u2502\u2502     Table:    \u2502\u2502 ((ca_state =  \u2502\u2502   Join Type:  \u2502                 \u2502 (((d_qoy = 3) \u2502\u2502   Join Type:  \u2502                 \u2502       #0      \u2502\u2502       #0      \u2502\u2502   Join Type:  \u2502\n\u2502customer_addres\u2502\u2502  store_sales  \u2502\u2502               \u2502\u2502    date_dim   \u2502\u2502   'IA') OR    \u2502\u2502     INNER     \u2502                 \u2502  AND (d_year =\u2502\u2502     INNER     \u2502                 \u2502       #2      \u2502\u2502       #3      \u2502\u2502     INNER     \u2502\n\u2502       s       \u2502\u2502               \u2502\u2502               \u2502\u2502               \u2502\u2502  (ca_state =  \u2502\u2502               \u2502                 \u2502  1998)) OR (( \u2502\u2502               \u2502                 \u2502       #3      \u2502\u2502               \u2502\u2502               \u2502\n\u2502               \u2502\u2502     Type:     \u2502\u2502               \u2502\u2502     Type:     \u2502\u2502     'IL'))    \u2502\u2502  Conditions:  \u2502                 \u2502  (d_qoy = 1)  \u2502\u2502  Conditions:  \u2502                 \u2502               \u2502\u2502               \u2502\u2502  Conditions:  \u2502\n\u2502     Type:     \u2502\u2502Sequential Scan\u2502\u2502               \u2502\u2502Sequential Scan\u2502\u2502               \u2502\u2502  ws_item_sk = \u2502                 \u2502  AND (d_year =\u2502\u2502  ca_county =  \u2502                 \u2502               \u2502\u2502               \u2502\u2502  ca_county =  \u2502\n\u2502Sequential Scan\u2502\u2502               \u2502\u2502               \u2502\u2502               \u2502\u2502               \u2502\u2502    i_item_sk  \u2502                 \u2502   1998)) OR ( \u2502\u2502    ca_county  \u2502                 \u2502               \u2502\u2502               \u2502\u2502    ca_county  \u2502\n\u2502               \u2502\u2502  Projections: \u2502\u2502               \u2502\u2502  Projections: \u2502\u2502               \u2502\u2502               \u2502                 \u2502  (d_qoy = 2)  \u2502\u2502               \u2502                 \u2502               \u2502\u2502               \u2502\u2502               \u2502\n\u2502  Projections: \u2502\u2502ss_sold_date_sk\u2502\u2502               \u2502\u2502   d_date_sk   \u2502\u2502               \u2502\u2502               \u2502                 \u2502  AND (d_year =\u2502\u2502               \u2502                 \u2502               \u2502\u2502               \u2502\u2502               \u2502\n\u2502 ca_address_sk \u2502\u2502   ss_addr_sk  \u2502\u2502               \u2502\u2502     d_qoy     \u2502\u2502               \u2502\u2502               \u2502                 \u2502    1998))))   \u2502\u2502               \u2502                 \u2502               \u2502\u2502               \u2502\u2502               \u2502\n\u2502    ca_state   \u2502\u2502   ss_item_sk  \u2502\u2502               \u2502\u2502     d_year    \u2502\u2502               \u2502\u2502               \u251c\u2500\u2500\u2500\u2500\u2500\u2500\u2500\u2500\u2510        \u2502               \u2502\u2502               \u251c\u2500\u2500\u2500\u2500\u2500\u2500\u2500\u2500\u2510        \u2502               \u2502\u2502               \u2502\u2502               \u251c\u2500\u2500\u2500\u2500\u2500\u2500\u2500\u2500\u2510\n\u2502   ca_county   \u2502\u2502ss_ext_sales_pr\u2502\u2502               \u2502\u2502               \u2502\u2502               \u2502\u2502               \u2502        \u2502        \u2502               \u2502\u2502               \u2502        \u2502        \u2502               \u2502\u2502               \u2502\u2502               \u2502        \u2502\n\u2502               \u2502\u2502      ice      \u2502\u2502               \u2502\u2502    Filters:   \u2502\u2502               \u2502\u2502               \u2502        \u2502        \u2502               \u2502\u2502               \u2502        \u2502        \u2502               \u2502\u2502               \u2502\u2502               \u2502        \u2502\n\u2502    Filters:   \u2502\u2502               \u2502\u2502               \u2502\u2502   d_date_sk>  \u2502\u2502               \u2502\u2502               \u2502        \u2502        \u2502               \u2502\u2502               \u2502        \u2502        \u2502               \u2502\u2502               \u2502\u2502               \u2502        \u2502\n\u2502   optional:   \u2502\u2502    Filters:   \u2502\u2502               \u2502\u2502  =2450816 AND \u2502\u2502               \u2502\u2502               \u2502        \u2502        \u2502               \u2502\u2502               \u2502        \u2502        \u2502               \u2502\u2502               \u2502\u2502               \u2502        \u2502\n\u2502  ca_state IN (\u2502\u2502 ss_list_price>\u2502\u2502               \u2502\u2502   d_date_sk<  \u2502\u2502               \u2502\u2502               \u2502        \u2502        \u2502               \u2502\u2502               \u2502        \u2502        \u2502               \u2502\u2502               \u2502\u2502               \u2502        \u2502\n\u2502  'IA', 'IL')  \u2502\u2502   =86.00 AND  \u2502\u2502               \u2502\u2502    =2452642   \u2502\u2502               \u2502\u2502               \u2502        \u2502        \u2502               \u2502\u2502               \u2502        \u2502        \u2502               \u2502\u2502               \u2502\u2502               \u2502        \u2502\n\u2502               \u2502\u2502  ss_list_price\u2502\u2502               \u2502\u2502               \u2502\u2502               \u2502\u2502               \u2502        \u2502        \u2502               \u2502\u2502               \u2502        \u2502        \u2502               \u2502\u2502               \u2502\u2502               \u2502        \u2502\n\u2502               \u2502\u2502    <=100.00   \u2502\u2502               \u2502\u2502               \u2502\u2502               \u2502\u2502               \u2502        \u2502        \u2502               \u2502\u2502               \u2502        \u2502        \u2502               \u2502\u2502               \u2502\u2502               \u2502        \u2502\n\u2502               \u2502\u2502               \u2502\u2502               \u2502\u2502               \u2502\u2502               \u2502\u2502               \u2502        \u2502        \u2502               \u2502\u2502               \u2502        \u2502        \u2502               \u2502\u2502               \u2502\u2502               \u2502        \u2502\n\u2502  248,770 rows \u2502\u2502  289,250 rows \u2502\u2502    530 rows   \u2502\u2502   1,827 rows  \u2502\u2502  15,573 rows  \u2502\u2502    319 rows   \u2502        \u2502        \u2502    273 rows   \u2502\u2502     0 rows    \u2502        \u2502        \u2502    19 rows    \u2502\u2502     0 rows    \u2502\u2502     0 rows    \u2502        \u2502\n\u2502    (0.00s)    \u2502\u2502    (0.27s)    \u2502\u2502    (0.00s)    \u2502\u2502    (0.00s)    \u2502\u2502    (0.00s)    \u2502\u2502    (0.01s)    \u2502        \u2502        \u2502    (0.00s)    \u2502\u2502    (0.00s)    \u2502        \u2502        \u2502    (0.00s)    \u2502\u2502    (0.00s)    \u2502\u2502    (0.00s)    \u2502        \u2502\n\u2514\u2500\u2500\u2500\u2500\u2500\u2500\u2500\u2500\u2500\u2500\u2500\u2500\u2500\u2500\u2500\u2518\u2514\u2500\u2500\u2500\u2500\u2500\u2500\u2500\u2500\u2500\u2500\u2500\u2500\u2500\u2500\u2500\u2518\u2514\u2500\u2500\u2500\u2500\u2500\u2500\u2500\u252c\u2500\u2500\u2500\u2500\u2500\u2500\u2500\u2518\u2514\u2500\u2500\u2500\u2500\u2500\u2500\u2500\u2500\u2500\u2500\u2500\u2500\u2500\u2500\u2500\u2518\u2514\u2500\u2500\u2500\u2500\u2500\u2500\u2500\u252c\u2500\u2500\u2500\u2500\u2500\u2500\u2500\u2518\u2514\u2500\u2500\u2500\u2500\u2500\u2500\u2500\u252c\u2500\u2500\u2500\u2500\u2500\u2500\u2500\u2518        \u2502        \u2514\u2500\u2500\u2500\u2500\u2500\u2500\u2500\u252c\u2500\u2500\u2500\u2500\u2500\u2500\u2500\u2518\u2514\u2500\u2500\u2500\u2500\u2500\u2500\u2500\u252c\u2500\u2500\u2500\u2500\u2500\u2500\u2500\u2518        \u2502        \u2514\u2500\u2500\u2500\u2500\u2500\u2500\u2500\u252c\u2500\u2500\u2500\u2500\u2500\u2500\u2500\u2518\u2514\u2500\u2500\u2500\u2500\u2500\u2500\u2500\u252c\u2500\u2500\u2500\u2500\u2500\u2500\u2500\u2518\u2514\u2500\u2500\u2500\u2500\u2500\u2500\u2500\u252c\u2500\u2500\u2500\u2500\u2500\u2500\u2500\u2518        \u2502\n                                  \u250c\u2500\u2500\u2500\u2500\u2500\u2500\u2500\u2534\u2500\u2500\u2500\u2500\u2500\u2500\u2500\u2510                 \u250c\u2500\u2500\u2500\u2500\u2500\u2500\u2500\u2534\u2500\u2500\u2500\u2500\u2500\u2500\u2500\u2510\u250c\u2500\u2500\u2500\u2500\u2500\u2500\u2500\u2534\u2500\u2500\u2500\u2500\u2500\u2500\u2500\u2510\u250c\u2500\u2500\u2500\u2500\u2500\u2500\u2500\u2534\u2500\u2500\u2500\u2500\u2500\u2500\u2500\u2510\u250c\u2500\u2500\u2500\u2500\u2500\u2500\u2500\u2534\u2500\u2500\u2500\u2500\u2500\u2500\u2500\u2510\u250c\u2500\u2500\u2500\u2500\u2500\u2500\u2500\u2534\u2500\u2500\u2500\u2500\u2500\u2500\u2500\u2510\u250c\u2500\u2500\u2500\u2500\u2500\u2500\u2500\u2534\u2500\u2500\u2500\u2500\u2500\u2500\u2500\u2510\u250c\u2500\u2500\u2500\u2500\u2500\u2500\u2500\u2534\u2500\u2500\u2500\u2500\u2500\u2500\u2500\u2510\u250c\u2500\u2500\u2500\u2500\u2500\u2500\u2500\u2534\u2500\u2500\u2500\u2500\u2500\u2500\u2500\u2510\u250c\u2500\u2500\u2500\u2500\u2500\u2500\u2500\u2534\u2500\u2500\u2500\u2500\u2500\u2500\u2500\u2510\u250c\u2500\u2500\u2500\u2500\u2500\u2500\u2500\u2534\u2500\u2500\u2500\u2500\u2500\u2500\u2500\u2510\n                                  \u2502     FILTER    \u2502                 \u2502   TABLE_SCAN  \u2502\u2502   TABLE_SCAN  \u2502\u2502   PROJECTION  \u2502\u2502   TABLE_SCAN  \u2502\u2502   PROJECTION  \u2502\u2502   PROJECTION  \u2502\u2502     FILTER    \u2502\u2502     FILTER    \u2502\u2502   PROJECTION  \u2502\u2502   PROJECTION  \u2502\n                                  \u2502    \u2500\u2500\u2500\u2500\u2500\u2500\u2500\u2500   \u2502                 \u2502    \u2500\u2500\u2500\u2500\u2500\u2500\u2500\u2500   \u2502\u2502    \u2500\u2500\u2500\u2500\u2500\u2500\u2500\u2500   \u2502\u2502    \u2500\u2500\u2500\u2500\u2500\u2500\u2500\u2500   \u2502\u2502    \u2500\u2500\u2500\u2500\u2500\u2500\u2500\u2500   \u2502\u2502    \u2500\u2500\u2500\u2500\u2500\u2500\u2500\u2500   \u2502\u2502    \u2500\u2500\u2500\u2500\u2500\u2500\u2500\u2500   \u2502\u2502    \u2500\u2500\u2500\u2500\u2500\u2500\u2500\u2500   \u2502\u2502    \u2500\u2500\u2500\u2500\u2500\u2500\u2500\u2500   \u2502\u2502    \u2500\u2500\u2500\u2500\u2500\u2500\u2500\u2500   \u2502\u2502    \u2500\u2500\u2500\u2500\u2500\u2500\u2500\u2500   \u2502\n                                  \u2502  ((i_color =  \u2502                 \u2502     Table:    \u2502\u2502     Table:    \u2502\u2502       #0      \u2502\u2502     Table:    \u2502\u2502       #0      \u2502\u2502       #0      \u2502\u2502  ((d_qoy = 1) \u2502\u2502  ((d_qoy = 3) \u2502\u2502       #0      \u2502\u2502       #0      \u2502\n                                  \u2502 'navajo') OR  \u2502                 \u2502customer_addres\u2502\u2502   web_sales   \u2502\u2502               \u2502\u2502    date_dim   \u2502\u2502       #3      \u2502\u2502       #3      \u2502\u2502  AND (d_year =\u2502\u2502  AND (d_year =\u2502\u2502       #3      \u2502\u2502       #3      \u2502\n                                  \u2502  (i_color =   \u2502                 \u2502       s       \u2502\u2502               \u2502\u2502               \u2502\u2502               \u2502\u2502               \u2502\u2502               \u2502\u2502     1998))    \u2502\u2502     1998))    \u2502\u2502               \u2502\u2502               \u2502\n                                  \u2502   'orchid'))  \u2502                 \u2502               \u2502\u2502     Type:     \u2502\u2502               \u2502\u2502     Type:     \u2502\u2502               \u2502\u2502               \u2502\u2502               \u2502\u2502               \u2502\u2502               \u2502\u2502               \u2502\n                                  \u2502               \u2502                 \u2502     Type:     \u2502\u2502Sequential Scan\u2502\u2502               \u2502\u2502Sequential Scan\u2502\u2502               \u2502\u2502               \u2502\u2502               \u2502\u2502               \u2502\u2502               \u2502\u2502               \u2502\n                                  \u2502               \u2502                 \u2502Sequential Scan\u2502\u2502               \u2502\u2502               \u2502\u2502               \u2502\u2502               \u2502\u2502               \u2502\u2502               \u2502\u2502               \u2502\u2502               \u2502\u2502               \u2502\n                                  \u2502               \u2502                 \u2502               \u2502\u2502  Projections: \u2502\u2502               \u2502\u2502  Projections: \u2502\u2502               \u2502\u2502               \u2502\u2502               \u2502\u2502               \u2502\u2502               \u2502\u2502               \u2502\n                                  \u2502               \u2502                 \u2502  Projections: \u2502\u2502ws_sold_date_sk\u2502\u2502               \u2502\u2502   d_date_sk   \u2502\u2502               \u2502\u2502               \u2502\u2502               \u2502\u2502               \u2502\u2502               \u2502\u2502               \u2502\n                                  \u2502               \u2502                 \u2502 ca_address_sk \u2502\u2502ws_bill_addr_sk\u2502\u2502               \u2502\u2502     d_qoy     \u2502\u2502               \u2502\u2502               \u2502\u2502               \u2502\u2502               \u2502\u2502               \u2502\u2502               \u2502\n                                  \u2502               \u2502                 \u2502    ca_state   \u2502\u2502   ws_item_sk  \u2502\u2502               \u2502\u2502     d_year    \u2502\u2502               \u2502\u2502               \u2502\u2502               \u2502\u2502               \u2502\u2502               \u2502\u2502               \u2502\n                                  \u2502               \u2502                 \u2502   ca_county   \u2502\u2502ws_ext_sales_pr\u2502\u2502               \u2502\u2502               \u2502\u2502               \u2502\u2502               \u2502\u2502               \u2502\u2502               \u2502\u2502               \u2502\u2502               \u2502\n                                  \u2502               \u2502                 \u2502               \u2502\u2502      ice      \u2502\u2502               \u2502\u2502    Filters:   \u2502\u2502               \u2502\u2502               \u2502\u2502               \u2502\u2502               \u2502\u2502               \u2502\u2502               \u2502\n                                  \u2502               \u2502                 \u2502    Filters:   \u2502\u2502               \u2502\u2502               \u2502\u2502   d_date_sk>  \u2502\u2502               \u2502\u2502               \u2502\u2502               \u2502\u2502               \u2502\u2502               \u2502\u2502               \u2502\n                                  \u2502               \u2502                 \u2502   optional:   \u2502\u2502    Filters:   \u2502\u2502               \u2502\u2502  =2450816 AND \u2502\u2502               \u2502\u2502               \u2502\u2502               \u2502\u2502               \u2502\u2502               \u2502\u2502               \u2502\n                                  \u2502               \u2502                 \u2502  ca_state IN (\u2502\u2502 ws_list_price>\u2502\u2502               \u2502\u2502   d_date_sk<  \u2502\u2502               \u2502\u2502               \u2502\u2502               \u2502\u2502               \u2502\u2502               \u2502\u2502               \u2502\n                                  \u2502               \u2502                 \u2502  'IA', 'IL')  \u2502\u2502   =86.00 AND  \u2502\u2502               \u2502\u2502    =2452642   \u2502\u2502               \u2502\u2502               \u2502\u2502               \u2502\u2502               \u2502\u2502               \u2502\u2502               \u2502\n                                  \u2502               \u2502                 \u2502               \u2502\u2502  ws_list_price\u2502\u2502               \u2502\u2502               \u2502\u2502               \u2502\u2502               \u2502\u2502               \u2502\u2502               \u2502\u2502               \u2502\u2502               \u2502\n                                  \u2502               \u2502                 \u2502               \u2502\u2502    <=100.00   \u2502\u2502               \u2502\u2502               \u2502\u2502               \u2502\u2502               \u2502\u2502               \u2502\u2502               \u2502\u2502               \u2502\u2502               \u2502\n                                  \u2502               \u2502                 \u2502               \u2502\u2502               \u2502\u2502               \u2502\u2502               \u2502\u2502               \u2502\u2502               \u2502\u2502               \u2502\u2502               \u2502\u2502               \u2502\u2502               \u2502\n                                  \u2502    530 rows   \u2502                 \u2502  246,970 rows \u2502\u2502  61,196 rows  \u2502\u2502    530 rows   \u2502\u2502   1,827 rows  \u2502\u2502     0 rows    \u2502\u2502     4 rows    \u2502\u2502    19 rows    \u2502\u2502     0 rows    \u2502\u2502     6 rows    \u2502\u2502    14 rows    \u2502\n                                  \u2502    (0.00s)    \u2502                 \u2502    (0.00s)    \u2502\u2502    (0.06s)    \u2502\u2502    (0.00s)    \u2502\u2502    (0.00s)    \u2502\u2502    (0.00s)    \u2502\u2502    (0.00s)    \u2502\u2502    (0.00s)    \u2502\u2502    (0.00s)    \u2502\u2502    (0.00s)    \u2502\u2502    (0.00s)    \u2502\n                                  \u2514\u2500\u2500\u2500\u2500\u2500\u2500\u2500\u252c\u2500\u2500\u2500\u2500\u2500\u2500\u2500\u2518                 \u2514\u2500\u2500\u2500\u2500\u2500\u2500\u2500\u2500\u2500\u2500\u2500\u2500\u2500\u2500\u2500\u2518\u2514\u2500\u2500\u2500\u2500\u2500\u2500\u2500\u2500\u2500\u2500\u2500\u2500\u2500\u2500\u2500\u2518\u2514\u2500\u2500\u2500\u2500\u2500\u2500\u2500\u252c\u2500\u2500\u2500\u2500\u2500\u2500\u2500\u2518\u2514\u2500\u2500\u2500\u2500\u2500\u2500\u2500\u2500\u2500\u2500\u2500\u2500\u2500\u2500\u2500\u2518\u2514\u2500\u2500\u2500\u2500\u2500\u2500\u2500\u252c\u2500\u2500\u2500\u2500\u2500\u2500\u2500\u2518\u2514\u2500\u2500\u2500\u2500\u2500\u2500\u2500\u252c\u2500\u2500\u2500\u2500\u2500\u2500\u2500\u2518\u2514\u2500\u2500\u2500\u2500\u2500\u2500\u2500\u252c\u2500\u2500\u2500\u2500\u2500\u2500\u2500\u2518\u2514\u2500\u2500\u2500\u2500\u2500\u2500\u2500\u252c\u2500\u2500\u2500\u2500\u2500\u2500\u2500\u2518\u2514\u2500\u2500\u2500\u2500\u2500\u2500\u2500\u252c\u2500\u2500\u2500\u2500\u2500\u2500\u2500\u2518\u2514\u2500\u2500\u2500\u2500\u2500\u2500\u2500\u252c\u2500\u2500\u2500\u2500\u2500\u2500\u2500\u2518\n                                  \u250c\u2500\u2500\u2500\u2500\u2500\u2500\u2500\u2534\u2500\u2500\u2500\u2500\u2500\u2500\u2500\u2510                                                   \u250c\u2500\u2500\u2500\u2500\u2500\u2500\u2500\u2534\u2500\u2500\u2500\u2500\u2500\u2500\u2500\u2510                 \u250c\u2500\u2500\u2500\u2500\u2500\u2500\u2500\u2534\u2500\u2500\u2500\u2500\u2500\u2500\u2500\u2510\u250c\u2500\u2500\u2500\u2500\u2500\u2500\u2500\u2534\u2500\u2500\u2500\u2500\u2500\u2500\u2500\u2510\u250c\u2500\u2500\u2500\u2500\u2500\u2500\u2500\u2534\u2500\u2500\u2500\u2500\u2500\u2500\u2500\u2510\u250c\u2500\u2500\u2500\u2500\u2500\u2500\u2500\u2534\u2500\u2500\u2500\u2500\u2500\u2500\u2500\u2510\u250c\u2500\u2500\u2500\u2500\u2500\u2500\u2500\u2534\u2500\u2500\u2500\u2500\u2500\u2500\u2500\u2510\u250c\u2500\u2500\u2500\u2500\u2500\u2500\u2500\u2534\u2500\u2500\u2500\u2500\u2500\u2500\u2500\u2510\n                                  \u2502   TABLE_SCAN  \u2502                                                   \u2502     FILTER    \u2502                 \u2502     FILTER    \u2502\u2502     FILTER    \u2502\u2502    CTE_SCAN   \u2502\u2502    CTE_SCAN   \u2502\u2502     FILTER    \u2502\u2502     FILTER    \u2502\n                                  \u2502    \u2500\u2500\u2500\u2500\u2500\u2500\u2500\u2500   \u2502                                                   \u2502    \u2500\u2500\u2500\u2500\u2500\u2500\u2500\u2500   \u2502                 \u2502    \u2500\u2500\u2500\u2500\u2500\u2500\u2500\u2500   \u2502\u2502    \u2500\u2500\u2500\u2500\u2500\u2500\u2500\u2500   \u2502\u2502    \u2500\u2500\u2500\u2500\u2500\u2500\u2500\u2500   \u2502\u2502    \u2500\u2500\u2500\u2500\u2500\u2500\u2500\u2500   \u2502\u2502    \u2500\u2500\u2500\u2500\u2500\u2500\u2500\u2500   \u2502\u2502    \u2500\u2500\u2500\u2500\u2500\u2500\u2500\u2500   \u2502\n                                  \u2502     Table:    \u2502                                                   \u2502  ((i_color =  \u2502                 \u2502  ((d_qoy = 2) \u2502\u2502  ((d_qoy = 1) \u2502\u2502   CTE Index:  \u2502\u2502   CTE Index:  \u2502\u2502  ((d_qoy = 2) \u2502\u2502  ((d_qoy = 3) \u2502\n                                  \u2502      item     \u2502                                                   \u2502 'navajo') OR  \u2502                 \u2502  AND (d_year =\u2502\u2502  AND (d_year =\u2502\u2502       0       \u2502\u2502       0       \u2502\u2502  AND (d_year =\u2502\u2502  AND (d_year =\u2502\n                                  \u2502               \u2502                                                   \u2502  (i_color =   \u2502                 \u2502     1998))    \u2502\u2502     1998))    \u2502\u2502               \u2502\u2502               \u2502\u2502     1998))    \u2502\u2502     1998))    \u2502\n                                  \u2502     Type:     \u2502                                                   \u2502   'orchid'))  \u2502                 \u2502               \u2502\u2502               \u2502\u2502               \u2502\u2502               \u2502\u2502               \u2502\u2502               \u2502\n                                  \u2502Sequential Scan\u2502                                                   \u2502               \u2502                 \u2502               \u2502\u2502               \u2502\u2502               \u2502\u2502               \u2502\u2502               \u2502\u2502               \u2502\n                                  \u2502               \u2502                                                   \u2502               \u2502                 \u2502               \u2502\u2502               \u2502\u2502               \u2502\u2502               \u2502\u2502               \u2502\u2502               \u2502\n                                  \u2502  Projections: \u2502                                                   \u2502               \u2502                 \u2502               \u2502\u2502               \u2502\u2502               \u2502\u2502               \u2502\u2502               \u2502\u2502               \u2502\n                                  \u2502   i_item_sk   \u2502                                                   \u2502               \u2502                 \u2502               \u2502\u2502               \u2502\u2502               \u2502\u2502               \u2502\u2502               \u2502\u2502               \u2502\n                                  \u2502    i_color    \u2502                                                   \u2502               \u2502                 \u2502               \u2502\u2502               \u2502\u2502               \u2502\u2502               \u2502\u2502               \u2502\u2502               \u2502\n                                  \u2502               \u2502                                                   \u2502               \u2502                 \u2502               \u2502\u2502               \u2502\u2502               \u2502\u2502               \u2502\u2502               \u2502\u2502               \u2502\n                                  \u2502    Filters:   \u2502                                                   \u2502               \u2502                 \u2502               \u2502\u2502               \u2502\u2502               \u2502\u2502               \u2502\u2502               \u2502\u2502               \u2502\n                                  \u2502   optional:   \u2502                                                   \u2502               \u2502                 \u2502               \u2502\u2502               \u2502\u2502               \u2502\u2502               \u2502\u2502               \u2502\u2502               \u2502\n                                  \u2502  i_color IN ( \u2502                                                   \u2502               \u2502                 \u2502               \u2502\u2502               \u2502\u2502               \u2502\u2502               \u2502\u2502               \u2502\u2502               \u2502\n                                  \u2502   'navajo',   \u2502                                                   \u2502               \u2502                 \u2502               \u2502\u2502               \u2502\u2502               \u2502\u2502               \u2502\u2502               \u2502\u2502               \u2502\n                                  \u2502   'orchid')   \u2502                                                   \u2502               \u2502                 \u2502               \u2502\u2502               \u2502\u2502               \u2502\u2502               \u2502\u2502               \u2502\u2502               \u2502\n                                  \u2502 i_manager_id> \u2502                                                   \u2502               \u2502                 \u2502               \u2502\u2502               \u2502\u2502               \u2502\u2502               \u2502\u2502               \u2502\u2502               \u2502\n                                  \u2502=8 AND i_manage\u2502                                                   \u2502               \u2502                 \u2502               \u2502\u2502               \u2502\u2502               \u2502\u2502               \u2502\u2502               \u2502\u2502               \u2502\n                                  \u2502    r_id<=27   \u2502                                                   \u2502               \u2502                 \u2502               \u2502\u2502               \u2502\u2502               \u2502\u2502               \u2502\u2502               \u2502\u2502               \u2502\n                                  \u2502               \u2502                                                   \u2502               \u2502                 \u2502               \u2502\u2502               \u2502\u2502               \u2502\u2502               \u2502\u2502               \u2502\u2502               \u2502\n                                  \u2502  36,847 rows  \u2502                                                   \u2502    530 rows   \u2502                 \u2502     0 rows    \u2502\u2502     4 rows    \u2502\u2502    82 rows    \u2502\u2502    82 rows    \u2502\u2502     6 rows    \u2502\u2502    14 rows    \u2502\n                                  \u2502    (0.00s)    \u2502                                                   \u2502    (0.00s)    \u2502                 \u2502    (0.00s)    \u2502\u2502    (0.00s)    \u2502\u2502    (0.00s)    \u2502\u2502    (0.00s)    \u2502\u2502    (0.00s)    \u2502\u2502    (0.00s)    \u2502\n                                  \u2514\u2500\u2500\u2500\u2500\u2500\u2500\u2500\u2500\u2500\u2500\u2500\u2500\u2500\u2500\u2500\u2518                                                   \u2514\u2500\u2500\u2500\u2500\u2500\u2500\u2500\u252c\u2500\u2500\u2500\u2500\u2500\u2500\u2500\u2518                 \u2514\u2500\u2500\u2500\u2500\u2500\u2500\u2500\u252c\u2500\u2500\u2500\u2500\u2500\u2500\u2500\u2518\u2514\u2500\u2500\u2500\u2500\u2500\u2500\u2500\u252c\u2500\u2500\u2500\u2500\u2500\u2500\u2500\u2518\u2514\u2500\u2500\u2500\u2500\u2500\u2500\u2500\u2500\u2500\u2500\u2500\u2500\u2500\u2500\u2500\u2518\u2514\u2500\u2500\u2500\u2500\u2500\u2500\u2500\u2500\u2500\u2500\u2500\u2500\u2500\u2500\u2500\u2518\u2514\u2500\u2500\u2500\u2500\u2500\u2500\u2500\u252c\u2500\u2500\u2500\u2500\u2500\u2500\u2500\u2518\u2514\u2500\u2500\u2500\u2500\u2500\u2500\u2500\u252c\u2500\u2500\u2500\u2500\u2500\u2500\u2500\u2518\n                                                                                                      \u250c\u2500\u2500\u2500\u2500\u2500\u2500\u2500\u2534\u2500\u2500\u2500\u2500\u2500\u2500\u2500\u2510                 \u250c\u2500\u2500\u2500\u2500\u2500\u2500\u2500\u2534\u2500\u2500\u2500\u2500\u2500\u2500\u2500\u2510\u250c\u2500\u2500\u2500\u2500\u2500\u2500\u2500\u2534\u2500\u2500\u2500\u2500\u2500\u2500\u2500\u2510                                  \u250c\u2500\u2500\u2500\u2500\u2500\u2500\u2500\u2534\u2500\u2500\u2500\u2500\u2500\u2500\u2500\u2510\u250c\u2500\u2500\u2500\u2500\u2500\u2500\u2500\u2534\u2500\u2500\u2500\u2500\u2500\u2500\u2500\u2510\n                                                                                                      \u2502   TABLE_SCAN  \u2502                 \u2502    CTE_SCAN   \u2502\u2502    CTE_SCAN   \u2502                                  \u2502    CTE_SCAN   \u2502\u2502    CTE_SCAN   \u2502\n                                                                                                      \u2502    \u2500\u2500\u2500\u2500\u2500\u2500\u2500\u2500   \u2502                 \u2502    \u2500\u2500\u2500\u2500\u2500\u2500\u2500\u2500   \u2502\u2502    \u2500\u2500\u2500\u2500\u2500\u2500\u2500\u2500   \u2502                                  \u2502    \u2500\u2500\u2500\u2500\u2500\u2500\u2500\u2500   \u2502\u2502    \u2500\u2500\u2500\u2500\u2500\u2500\u2500\u2500   \u2502\n                                                                                                      \u2502     Table:    \u2502                 \u2502   CTE Index:  \u2502\u2502   CTE Index:  \u2502                                  \u2502   CTE Index:  \u2502\u2502   CTE Index:  \u2502\n                                                                                                      \u2502      item     \u2502                 \u2502       0       \u2502\u2502       11      \u2502                                  \u2502       11      \u2502\u2502       11      \u2502\n                                                                                                      \u2502               \u2502                 \u2502               \u2502\u2502               \u2502                                  \u2502               \u2502\u2502               \u2502\n                                                                                                      \u2502     Type:     \u2502                 \u2502               \u2502\u2502               \u2502                                  \u2502               \u2502\u2502               \u2502\n                                                                                                      \u2502Sequential Scan\u2502                 \u2502               \u2502\u2502               \u2502                                  \u2502               \u2502\u2502               \u2502\n                                                                                                      \u2502               \u2502                 \u2502               \u2502\u2502               \u2502                                  \u2502               \u2502\u2502               \u2502\n                                                                                                      \u2502  Projections: \u2502                 \u2502               \u2502\u2502               \u2502                                  \u2502               \u2502\u2502               \u2502\n                                                                                                      \u2502   i_item_sk   \u2502                 \u2502               \u2502\u2502               \u2502                                  \u2502               \u2502\u2502               \u2502\n                                                                                                      \u2502    i_color    \u2502                 \u2502               \u2502\u2502               \u2502                                  \u2502               \u2502\u2502               \u2502\n                                                                                                      \u2502               \u2502                 \u2502               \u2502\u2502               \u2502                                  \u2502               \u2502\u2502               \u2502\n                                                                                                      \u2502    Filters:   \u2502                 \u2502               \u2502\u2502               \u2502                                  \u2502               \u2502\u2502               \u2502\n                                                                                                      \u2502   optional:   \u2502                 \u2502               \u2502\u2502               \u2502                                  \u2502               \u2502\u2502               \u2502\n                                                                                                      \u2502  i_color IN ( \u2502                 \u2502               \u2502\u2502               \u2502                                  \u2502               \u2502\u2502               \u2502\n                                                                                                      \u2502   'navajo',   \u2502                 \u2502               \u2502\u2502               \u2502                                  \u2502               \u2502\u2502               \u2502\n                                                                                                      \u2502   'orchid')   \u2502                 \u2502               \u2502\u2502               \u2502                                  \u2502               \u2502\u2502               \u2502\n                                                                                                      \u2502 i_manager_id> \u2502                 \u2502               \u2502\u2502               \u2502                                  \u2502               \u2502\u2502               \u2502\n                                                                                                      \u2502=8 AND i_manage\u2502                 \u2502               \u2502\u2502               \u2502                                  \u2502               \u2502\u2502               \u2502\n                                                                                                      \u2502    r_id<=27   \u2502                 \u2502               \u2502\u2502               \u2502                                  \u2502               \u2502\u2502               \u2502\n                                                                                                      \u2502               \u2502                 \u2502               \u2502\u2502               \u2502                                  \u2502               \u2502\u2502               \u2502\n                                                                                                      \u2502  36,847 rows  \u2502                 \u2502    82 rows    \u2502\u2502    24 rows    \u2502                                  \u2502    24 rows    \u2502\u2502    24 rows    \u2502\n                                                                                                      \u2502    (0.00s)    \u2502                 \u2502    (0.00s)    \u2502\u2502    (0.00s)    \u2502                                  \u2502    (0.00s)    \u2502\u2502    (0.00s)    \u2502\n                                                                                                      \u2514\u2500\u2500\u2500\u2500\u2500\u2500\u2500\u2500\u2500\u2500\u2500\u2500\u2500\u2500\u2500\u2518                 \u2514\u2500\u2500\u2500\u2500\u2500\u2500\u2500\u2500\u2500\u2500\u2500\u2500\u2500\u2500\u2500\u2518\u2514\u2500\u2500\u2500\u2500\u2500\u2500\u2500\u2500\u2500\u2500\u2500\u2500\u2500\u2500\u2500\u2518                                  \u2514\u2500\u2500\u2500\u2500\u2500\u2500\u2500\u2500\u2500\u2500\u2500\u2500\u2500\u2500\u2500\u2518\u2514\u2500\u2500\u2500\u2500\u2500\u2500\u2500\u2500\u2500\u2500\u2500\u2500\u2500\u2500\u2500\u2518\n",
  "plan_json": {
    "total_bytes_written": 0,
    "total_bytes_read": 0,
    "rows_returned": 0,
    "latency": 0.0,
    "result_set_size": 0,
    "query_name": "",
    "blocked_thread_time": 0.0,
    "system_peak_buffer_memory": 0,
    "system_peak_temp_dir_size": 0,
    "cpu_time": 0.0,
    "extra_info": {},
    "cumulative_cardinality": 0,
    "cumulative_rows_scanned": 0,
    "children": [
      {
        "total_bytes_written": 0,
        "total_bytes_read": 0,
        "result_set_size": 0,
        "operator_name": "EXPLAIN_ANALYZE",
        "cpu_time": 0.0,
        "extra_info": {},
        "cumulative_cardinality": 0,
        "operator_type": "EXPLAIN_ANALYZE",
        "operator_cardinality": 0,
        "cumulative_rows_scanned": 0,
        "operator_rows_scanned": 0,
        "operator_timing": 0.0,
        "children": [
          {
            "total_bytes_written": 0,
            "total_bytes_read": 0,
            "result_set_size": 0,
            "operator_name": "CTE",
            "cpu_time": 0.0,
            "extra_info": {
              "CTE Name": "ss",
              "Table Index": "0",
              "Estimated Cardinality": "23506385642911"
            },
            "cumulative_cardinality": 0,
            "operator_type": "CTE",
            "operator_cardinality": 0,
            "cumulative_rows_scanned": 0,
            "operator_rows_scanned": 0,
            "operator_timing": 5.284799999999999e-05,
            "children": [
              {
                "total_bytes_written": 0,
                "total_bytes_read": 0,
                "result_set_size": 3280,
                "operator_name": "PROJECTION",
                "cpu_time": 0.0,
                "extra_info": {
                  "Projections": [
                    "#0",
                    "__internal_decompress_integral_integer(#1, 1)",
                    "__internal_decompress_integral_integer(#2, 1900)",
                    "#3"
                  ],
                  "Estimated Cardinality": "11129"
                },
                "cumulative_cardinality": 0,
                "operator_type": "PROJECTION",
                "operator_cardinality": 82,
                "cumulative_rows_scanned": 0,
                "operator_rows_scanned": 0,
                "operator_timing": 4.795999999999999e-05,
                "children": [
                  {
                    "total_bytes_written": 0,
                    "total_bytes_read": 0,
                    "result_set_size": 2788,
                    "operator_name": "HASH_GROUP_BY",
                    "cpu_time": 0.0,
                    "extra_info": {
                      "Groups": [
                        "#0",
                        "#1",
                        "#2"
                      ],
                      "Aggregates": "sum(#3)",
                      "Estimated Cardinality": "11129"
                    },
                    "cumulative_cardinality": 0,
                    "operator_type": "HASH_GROUP_BY",
                    "operator_cardinality": 82,
                    "cumulative_rows_scanned": 0,
                    "operator_rows_scanned": 0,
                    "operator_timing": 0.0034669389999999996,
                    "children": [
                      {
                        "total_bytes_written": 0,
                        "total_bytes_read": 0,
                        "result_set_size": 1958,
                        "operator_name": "PROJECTION",
                        "cpu_time": 0.0,
                        "extra_info": {
                          "Projections": [
                            "ca_county",
                            "d_qoy",
                            "d_year",
                            "ss_ext_sales_price"
                          ],
                          "Estimated Cardinality": "11130"
                        },
                        "cumulative_cardinality": 0,
                        "operator_type": "PROJECTION",
                        "operator_cardinality": 89,
                        "cumulative_rows_scanned": 0,
                        "operator_rows_scanned": 0,
                        "operator_timing": 6.51e-07,
                        "children": [
                          {
                            "total_bytes_written": 0,
                            "total_bytes_read": 0,
                            "result_set_size": 1958,
                            "operator_name": "PROJECTION",
                            "cpu_time": 0.0,
                            "extra_info": {
                              "Projections": [
                                "#0",
                                "#1",
                                "__internal_compress_integral_utinyint(#2, 1)",
                                "__internal_compress_integral_utinyint(#3, 1900)"
                              ],
                              "Estimated Cardinality": "11130"
                            },
                            "cumulative_cardinality": 0,
                            "operator_type": "PROJECTION",
                            "operator_cardinality": 89,
                            "cumulative_rows_scanned": 0,
                            "operator_rows_scanned": 0,
                            "operator_timing": 4.161e-06,
                            "children": [
                              {
                                "total_bytes_written": 0,
                                "total_bytes_read": 0,
                                "result_set_size": 2492,
                                "operator_name": "HASH_JOIN",
                                "cpu_time": 0.0,
                                "extra_info": {
                                  "Join Type": "INNER",
                                  "Conditions": "ca_address_sk = ss_addr_sk",
                                  "Estimated Cardinality": "11130"
                                },
                                "cumulative_cardinality": 0,
                                "operator_type": "HASH_JOIN",
                                "operator_cardinality": 89,
                                "cumulative_rows_scanned": 0,
                                "operator_rows_scanned": 0,
                                "operator_timing": 0.0036743270000000007,
                                "children": [
                                  {
                                    "total_bytes_written": 0,
                                    "total_bytes_read": 0,
                                    "result_set_size": 313640,
                                    "operator_name": "PROJECTION",
                                    "cpu_time": 0.0,
                                    "extra_info": {
                                      "Projections": [
                                        "#0",
                                        "#2"
                                      ],
                                      "Estimated Cardinality": "50000"
                                    },
                                    "cumulative_cardinality": 0,
                                    "operator_type": "PROJECTION",
                                    "operator_cardinality": 15682,
                                    "cumulative_rows_scanned": 0,
                                    "operator_rows_scanned": 0,
                                    "operator_timing": 1.1876000000000001e-05,
                                    "children": [
                                      {
                                        "total_bytes_written": 0,
                                        "total_bytes_read": 0,
                                        "result_set_size": 564552,
                                        "operator_name": "FILTER",
                                        "cpu_time": 0.0,
                                        "extra_info": {
                                          "Expression": "((ca_state = 'IA') OR (ca_state = 'IL'))",
                                          "Estimated Cardinality": "50000"
                                        },
                                        "cumulative_cardinality": 0,
                                        "operator_type": "FILTER",
                                        "operator_cardinality": 15682,
                                        "cumulative_rows_scanned": 0,
                                        "operator_rows_scanned": 0,
                                        "operator_timing": 0.0010400189999999997,
                                        "children": [
                                          {
                                            "total_bytes_written": 0,
                                            "total_bytes_read": 0,
                                            "result_set_size": 8955720,
                                            "operator_name": "SEQ_SCAN ",
                                            "cpu_time": 0.0,
                                            "extra_info": {
                                              "Table": "customer_address",
                                              "Type": "Sequential Scan",
                                              "Projections": [
                                                "ca_address_sk",
                                                "ca_state",
                                                "ca_county"
                                              ],
                                              "Filters": "optional: ca_state IN ('IA', 'IL')",
                                              "Estimated Cardinality": "250000"
                                            },
                                            "cumulative_cardinality": 0,
                                            "operator_type": "TABLE_SCAN",
                                            "operator_cardinality": 248770,
                                            "cumulative_rows_scanned": 0,
                                            "operator_rows_scanned": 750000,
                                            "operator_timing": 0.0038657350000000004,
                                            "children": []
                                          }
                                        ]
                                      }
                                    ]
                                  },
                                  {
                                    "total_bytes_written": 0,
                                    "total_bytes_read": 0,
                                    "result_set_size": 24752,
                                    "operator_name": "HASH_JOIN",
                                    "cpu_time": 0.0,
                                    "extra_info": {
                                      "Join Type": "INNER",
                                      "Conditions": "ss_sold_date_sk = d_date_sk",
                                      "Estimated Cardinality": "48932"
                                    },
                                    "cumulative_cardinality": 0,
                                    "operator_type": "HASH_JOIN",
                                    "operator_cardinality": 1547,
                                    "cumulative_rows_scanned": 0,
                                    "operator_rows_scanned": 0,
                                    "operator_timing": 0.000395654,
                                    "children": [
                                      {
                                        "total_bytes_written": 0,
                                        "total_bytes_read": 0,
                                        "result_set_size": 24752,
                                        "operator_name": "HASH_JOIN",
                                        "cpu_time": 0.0,
                                        "extra_info": {
                                          "Join Type": "INNER",
                                          "Conditions": "ss_item_sk = i_item_sk",
                                          "Estimated Cardinality": "244675"
                                        },
                                        "cumulative_cardinality": 0,
                                        "operator_type": "HASH_JOIN",
                                        "operator_cardinality": 1547,
                                        "cumulative_rows_scanned": 0,
                                        "operator_rows_scanned": 0,
                                        "operator_timing": 0.031275056999999995,
                                        "children": [
                                          {
                                            "total_bytes_written": 0,
                                            "total_bytes_read": 0,
                                            "result_set_size": 4628000,
                                            "operator_name": "SEQ_SCAN ",
                                            "cpu_time": 0.0,
                                            "extra_info": {
                                              "Table": "store_sales",
                                              "Type": "Sequential Scan",
                                              "Projections": [
                                                "ss_sold_date_sk",
                                                "ss_addr_sk",
                                                "ss_item_sk",
                                                "ss_ext_sales_price"
                                              ],
                                              "Filters": "ss_list_price>=86.00 AND ss_list_price<=100.00",
                                              "Estimated Cardinality": "5760198"
                                            },
                                            "cumulative_cardinality": 0,
                                            "operator_type": "TABLE_SCAN",
                                            "operator_cardinality": 289250,
                                            "cumulative_rows_scanned": 0,
                                            "operator_rows_scanned": 806427748,
                                            "operator_timing": 0.260830529,
                                            "children": []
                                          },
                                          {
                                            "total_bytes_written": 0,
                                            "total_bytes_read": 0,
                                            "result_set_size": 2120,
                                            "operator_name": "PROJECTION",
                                            "cpu_time": 0.0,
                                            "extra_info": {
                                              "Projections": "#0",
                                              "Estimated Cardinality": "4080"
                                            },
                                            "cumulative_cardinality": 0,
                                            "operator_type": "PROJECTION",
                                            "operator_cardinality": 530,
                                            "cumulative_rows_scanned": 0,
                                            "operator_rows_scanned": 0,
                                            "operator_timing": 2.38e-07,
                                            "children": [
                                              {
                                                "total_bytes_written": 0,
                                                "total_bytes_read": 0,
                                                "result_set_size": 10600,
                                                "operator_name": "FILTER",
                                                "cpu_time": 0.0,
                                                "extra_info": {
                                                  "Expression": "((i_color = 'navajo') OR (i_color = 'orchid'))",
                                                  "Estimated Cardinality": "4080"
                                                },
                                                "cumulative_cardinality": 0,
                                                "operator_type": "FILTER",
                                                "operator_cardinality": 530,
                                                "cumulative_rows_scanned": 0,
                                                "operator_rows_scanned": 0,
                                                "operator_timing": 0.000167362,
                                                "children": [
                                                  {
                                                    "total_bytes_written": 0,
                                                    "total_bytes_read": 0,
                                                    "result_set_size": 736940,
                                                    "operator_name": "SEQ_SCAN ",
                                                    "cpu_time": 0.0,
                                                    "extra_info": {
                                                      "Table": "item",
                                                      "Type": "Sequential Scan",
                                                      "Projections": [
                                                        "i_item_sk",
                                                        "i_color"
                                                      ],
                                                      "Filters": [
                                                        "optional: i_color IN ('navajo', 'orchid')",
                                                        "i_manager_id>=8 AND i_manager_id<=27"
                                                      ],
                                                      "Estimated Cardinality": "20400"
                                                    },
                                                    "cumulative_cardinality": 0,
                                                    "operator_type": "TABLE_SCAN",
                                                    "operator_cardinality": 36847,
                                                    "cumulative_rows_scanned": 0,
                                                    "operator_rows_scanned": 102000,
                                                    "operator_timing": 0.000552401,
                                                    "children": []
                                                  }
                                                ]
                                              }
                                            ]
                                          }
                                        ]
                                      },
                                      {
                                        "total_bytes_written": 0,
                                        "total_bytes_read": 0,
                                        "result_set_size": 3276,
                                        "operator_name": "FILTER",
                                        "cpu_time": 0.0,
                                        "extra_info": {
                                          "Expression": "(((d_qoy = 3) AND (d_year = 1998)) OR (((d_qoy = 1) AND (d_year = 1998)) OR ((d_qoy = 2) AND (d_year = 1998))))",
                                          "Estimated Cardinality": "73049"
                                        },
                                        "cumulative_cardinality": 0,
                                        "operator_type": "FILTER",
                                        "operator_cardinality": 273,
                                        "cumulative_rows_scanned": 0,
                                        "operator_rows_scanned": 0,
                                        "operator_timing": 2.4376000000000002e-05,
                                        "children": [
                                          {
                                            "total_bytes_written": 0,
                                            "total_bytes_read": 0,
                                            "result_set_size": 21924,
                                            "operator_name": "SEQ_SCAN ",
                                            "cpu_time": 0.0,
                                            "extra_info": {
                                              "Table": "date_dim",
                                              "Type": "Sequential Scan",
                                              "Projections": [
                                                "d_date_sk",
                                                "d_qoy",
                                                "d_year"
                                              ],
                                              "Filters": "d_date_sk>=2450816 AND d_date_sk<=2452642",
                                              "Estimated Cardinality": "73049"
                                            },
                                            "cumulative_cardinality": 0,
                                            "operator_type": "TABLE_SCAN",
                                            "operator_cardinality": 1827,
                                            "cumulative_rows_scanned": 0,
                                            "operator_rows_scanned": 73049,
                                            "operator_timing": 9.0994e-05,
                                            "children": []
                                          }
                                        ]
                                      }
                                    ]
                                  }
                                ]
                              }
                            ]
                          }
                        ]
                      }
                    ]
                  }
                ]
              },
              {
                "total_bytes_written": 0,
                "total_bytes_read": 0,
                "result_set_size": 0,
                "operator_name": "CTE",
                "cpu_time": 0.0,
                "extra_info": {
                  "CTE Name": "ws",
                  "Table Index": "11",
                  "Estimated Cardinality": "23506385642911"
                },
                "cumulative_cardinality": 0,
                "operator_type": "CTE",
                "operator_cardinality": 0,
                "cumulative_rows_scanned": 0,
                "operator_rows_scanned": 0,
                "operator_timing": 3.3569e-05,
                "children": [
                  {
                    "total_bytes_written": 0,
                    "total_bytes_read": 0,
                    "result_set_size": 960,
                    "operator_name": "PROJECTION",
                    "cpu_time": 0.0,
                    "extra_info": {
                      "Projections": [
                        "#0",
                        "__internal_decompress_integral_integer(#1, 1)",
                        "__internal_decompress_integral_integer(#2, 1900)",
                        "#3"
                      ],
                      "Estimated Cardinality": "2775"
                    },
                    "cumulative_cardinality": 0,
                    "operator_type": "PROJECTION",
                    "operator_cardinality": 24,
                    "cumulative_rows_scanned": 0,
                    "operator_rows_scanned": 0,
                    "operator_timing": 2.4384999999999998e-05,
                    "children": [
                      {
                        "total_bytes_written": 0,
                        "total_bytes_read": 0,
                        "result_set_size": 816,
                        "operator_name": "HASH_GROUP_BY",
                        "cpu_time": 0.0,
                        "extra_info": {
                          "Groups": [
                            "#0",
                            "#1",
                            "#2"
                          ],
                          "Aggregates": "sum(#3)",
                          "Estimated Cardinality": "2775"
                        },
                        "cumulative_cardinality": 0,
                        "operator_type": "HASH_GROUP_BY",
                        "operator_cardinality": 24,
                        "cumulative_rows_scanned": 0,
                        "operator_rows_scanned": 0,
                        "operator_timing": 0.0016100209999999999,
                        "children": [
                          {
                            "total_bytes_written": 0,
                            "total_bytes_read": 0,
                            "result_set_size": 572,
                            "operator_name": "PROJECTION",
                            "cpu_time": 0.0,
                            "extra_info": {
                              "Projections": [
                                "ca_county",
                                "d_qoy",
                                "d_year",
                                "ws_ext_sales_price"
                              ],
                              "Estimated Cardinality": "2776"
                            },
                            "cumulative_cardinality": 0,
                            "operator_type": "PROJECTION",
                            "operator_cardinality": 26,
                            "cumulative_rows_scanned": 0,
                            "operator_rows_scanned": 0,
                            "operator_timing": 5.85e-07,
                            "children": [
                              {
                                "total_bytes_written": 0,
                                "total_bytes_read": 0,
                                "result_set_size": 572,
                                "operator_name": "PROJECTION",
                                "cpu_time": 0.0,
                                "extra_info": {
                                  "Projections": [
                                    "#0",
                                    "#1",
                                    "__internal_compress_integral_utinyint(#2, 1)",
                                    "__internal_compress_integral_utinyint(#3, 1900)"
                                  ],
                                  "Estimated Cardinality": "2776"
                                },
                                "cumulative_cardinality": 0,
                                "operator_type": "PROJECTION",
                                "operator_cardinality": 26,
                                "cumulative_rows_scanned": 0,
                                "operator_rows_scanned": 0,
                                "operator_timing": 3.4969999999999997e-06,
                                "children": [
                                  {
                                    "total_bytes_written": 0,
                                    "total_bytes_read": 0,
                                    "result_set_size": 728,
                                    "operator_name": "HASH_JOIN",
                                    "cpu_time": 0.0,
                                    "extra_info": {
                                      "Join Type": "INNER",
                                      "Conditions": "ca_address_sk = ws_bill_addr_sk",
                                      "Estimated Cardinality": "2776"
                                    },
                                    "cumulative_cardinality": 0,
                                    "operator_type": "HASH_JOIN",
                                    "operator_cardinality": 26,
                                    "cumulative_rows_scanned": 0,
                                    "operator_rows_scanned": 0,
                                    "operator_timing": 0.0018260989999999999,
                                    "children": [
                                      {
                                        "total_bytes_written": 0,
                                        "total_bytes_read": 0,
                                        "result_set_size": 311460,
                                        "operator_name": "PROJECTION",
                                        "cpu_time": 0.0,
                                        "extra_info": {
                                          "Projections": [
                                            "#0",
                                            "#2"
                                          ],
                                          "Estimated Cardinality": "50000"
                                        },
                                        "cumulative_cardinality": 0,
                                        "operator_type": "PROJECTION",
                                        "operator_cardinality": 15573,
                                        "cumulative_rows_scanned": 0,
                                        "operator_rows_scanned": 0,
                                        "operator_timing": 1.1459000000000003e-05,
                                        "children": [
                                          {
                                            "total_bytes_written": 0,
                                            "total_bytes_read": 0,
                                            "result_set_size": 560628,
                                            "operator_name": "FILTER",
                                            "cpu_time": 0.0,
                                            "extra_info": {
                                              "Expression": "((ca_state = 'IA') OR (ca_state = 'IL'))",
                                              "Estimated Cardinality": "50000"
                                            },
                                            "cumulative_cardinality": 0,
                                            "operator_type": "FILTER",
                                            "operator_cardinality": 15573,
                                            "cumulative_rows_scanned": 0,
                                            "operator_rows_scanned": 0,
                                            "operator_timing": 0.000988622,
                                            "children": [
                                              {
                                                "total_bytes_written": 0,
                                                "total_bytes_read": 0,
                                                "result_set_size": 8890920,
                                                "operator_name": "SEQ_SCAN ",
                                                "cpu_time": 0.0,
                                                "extra_info": {
                                                  "Table": "customer_address",
                                                  "Type": "Sequential Scan",
                                                  "Projections": [
                                                    "ca_address_sk",
                                                    "ca_state",
                                                    "ca_county"
                                                  ],
                                                  "Filters": "optional: ca_state IN ('IA', 'IL')",
                                                  "Estimated Cardinality": "250000"
                                                },
                                                "cumulative_cardinality": 0,
                                                "operator_type": "TABLE_SCAN",
                                                "operator_cardinality": 246970,
                                                "cumulative_rows_scanned": 0,
                                                "operator_rows_scanned": 750000,
                                                "operator_timing": 0.0037592499999999996,
                                                "children": []
                                              }
                                            ]
                                          }
                                        ]
                                      },
                                      {
                                        "total_bytes_written": 0,
                                        "total_bytes_read": 0,
                                        "result_set_size": 5104,
                                        "operator_name": "HASH_JOIN",
                                        "cpu_time": 0.0,
                                        "extra_info": {
                                          "Join Type": "INNER",
                                          "Conditions": "ws_sold_date_sk = d_date_sk",
                                          "Estimated Cardinality": "12175"
                                        },
                                        "cumulative_cardinality": 0,
                                        "operator_type": "HASH_JOIN",
                                        "operator_cardinality": 319,
                                        "cumulative_rows_scanned": 0,
                                        "operator_rows_scanned": 0,
                                        "operator_timing": 0.00028164499999999996,
                                        "children": [
                                          {
                                            "total_bytes_written": 0,
                                            "total_bytes_read": 0,
                                            "result_set_size": 5104,
                                            "operator_name": "HASH_JOIN",
                                            "cpu_time": 0.0,
                                            "extra_info": {
                                              "Join Type": "INNER",
                                              "Conditions": "ws_item_sk = i_item_sk",
                                              "Estimated Cardinality": "60882"
                                            },
                                            "cumulative_cardinality": 0,
                                            "operator_type": "HASH_JOIN",
                                            "operator_cardinality": 319,
                                            "cumulative_rows_scanned": 0,
                                            "operator_rows_scanned": 0,
                                            "operator_timing": 0.007697025,
                                            "children": [
                                              {
                                                "total_bytes_written": 0,
                                                "total_bytes_read": 0,
                                                "result_set_size": 979136,
                                                "operator_name": "SEQ_SCAN ",
                                                "cpu_time": 0.0,
                                                "extra_info": {
                                                  "Table": "web_sales",
                                                  "Type": "Sequential Scan",
                                                  "Projections": [
                                                    "ws_sold_date_sk",
                                                    "ws_bill_addr_sk",
                                                    "ws_item_sk",
                                                    "ws_ext_sales_price"
                                                  ],
                                                  "Filters": "ws_list_price>=86.00 AND ws_list_price<=100.00",
                                                  "Estimated Cardinality": "1439513"
                                                },
                                                "cumulative_cardinality": 0,
                                                "operator_type": "TABLE_SCAN",
                                                "operator_cardinality": 61196,
                                                "cumulative_rows_scanned": 0,
                                                "operator_rows_scanned": 201531848,
                                                "operator_timing": 0.05916195399999999,
                                                "children": []
                                              },
                                              {
                                                "total_bytes_written": 0,
                                                "total_bytes_read": 0,
                                                "result_set_size": 2120,
                                                "operator_name": "PROJECTION",
                                                "cpu_time": 0.0,
                                                "extra_info": {
                                                  "Projections": "#0",
                                                  "Estimated Cardinality": "4080"
                                                },
                                                "cumulative_cardinality": 0,
                                                "operator_type": "PROJECTION",
                                                "operator_cardinality": 530,
                                                "cumulative_rows_scanned": 0,
                                                "operator_rows_scanned": 0,
                                                "operator_timing": 2.06e-07,
                                                "children": [
                                                  {
                                                    "total_bytes_written": 0,
                                                    "total_bytes_read": 0,
                                                    "result_set_size": 10600,
                                                    "operator_name": "FILTER",
                                                    "cpu_time": 0.0,
                                                    "extra_info": {
                                                      "Expression": "((i_color = 'navajo') OR (i_color = 'orchid'))",
                                                      "Estimated Cardinality": "4080"
                                                    },
                                                    "cumulative_cardinality": 0,
                                                    "operator_type": "FILTER",
                                                    "operator_cardinality": 530,
                                                    "cumulative_rows_scanned": 0,
                                                    "operator_rows_scanned": 0,
                                                    "operator_timing": 0.00016554799999999998,
                                                    "children": [
                                                      {
                                                        "total_bytes_written": 0,
                                                        "total_bytes_read": 0,
                                                        "result_set_size": 736940,
                                                        "operator_name": "SEQ_SCAN ",
                                                        "cpu_time": 0.0,
                                                        "extra_info": {
                                                          "Table": "item",
                                                          "Type": "Sequential Scan",
                                                          "Projections": [
                                                            "i_item_sk",
                                                            "i_color"
                                                          ],
                                                          "Filters": [
                                                            "optional: i_color IN ('navajo', 'orchid')",
                                                            "i_manager_id>=8 AND i_manager_id<=27"
                                                          ],
                                                          "Estimated Cardinality": "20400"
                                                        },
                                                        "cumulative_cardinality": 0,
                                                        "operator_type": "TABLE_SCAN",
                                                        "operator_cardinality": 36847,
                                                        "cumulative_rows_scanned": 0,
                                                        "operator_rows_scanned": 102000,
                                                        "operator_timing": 0.000551184,
                                                        "children": []
                                                      }
                                                    ]
                                                  }
                                                ]
                                              }
                                            ]
                                          },
                                          {
                                            "total_bytes_written": 0,
                                            "total_bytes_read": 0,
                                            "result_set_size": 3276,
                                            "operator_name": "FILTER",
                                            "cpu_time": 0.0,
                                            "extra_info": {
                                              "Expression": "(((d_qoy = 3) AND (d_year = 1998)) OR (((d_qoy = 1) AND (d_year = 1998)) OR ((d_qoy = 2) AND (d_year = 1998))))",
                                              "Estimated Cardinality": "73049"
                                            },
                                            "cumulative_cardinality": 0,
                                            "operator_type": "FILTER",
                                            "operator_cardinality": 273,
                                            "cumulative_rows_scanned": 0,
                                            "operator_rows_scanned": 0,
                                            "operator_timing": 2.5922000000000004e-05,
                                            "children": [
                                              {
                                                "total_bytes_written": 0,
                                                "total_bytes_read": 0,
                                                "result_set_size": 21924,
                                                "operator_name": "SEQ_SCAN ",
                                                "cpu_time": 0.0,
                                                "extra_info": {
                                                  "Table": "date_dim",
                                                  "Type": "Sequential Scan",
                                                  "Projections": [
                                                    "d_date_sk",
                                                    "d_qoy",
                                                    "d_year"
                                                  ],
                                                  "Filters": "d_date_sk>=2450816 AND d_date_sk<=2452642",
                                                  "Estimated Cardinality": "73049"
                                                },
                                                "cumulative_cardinality": 0,
                                                "operator_type": "TABLE_SCAN",
                                                "operator_cardinality": 1827,
                                                "cumulative_rows_scanned": 0,
                                                "operator_rows_scanned": 73049,
                                                "operator_timing": 9.5996e-05,
                                                "children": []
                                              }
                                            ]
                                          }
                                        ]
                                      }
                                    ]
                                  }
                                ]
                              }
                            ]
                          }
                        ]
                      }
                    ]
                  },
                  {
                    "total_bytes_written": 0,
                    "total_bytes_read": 0,
                    "result_set_size": 0,
                    "operator_name": "ORDER_BY",
                    "cpu_time": 0.0,
                    "extra_info": {
                      "Order By": "ss1.d_year ASC"
                    },
                    "cumulative_cardinality": 0,
                    "operator_type": "ORDER_BY",
                    "operator_cardinality": 0,
                    "cumulative_rows_scanned": 0,
                    "operator_rows_scanned": 0,
                    "operator_timing": 2.9e-07,
                    "children": [
                      {
                        "total_bytes_written": 0,
                        "total_bytes_read": 0,
                        "result_set_size": 0,
                        "operator_name": "PROJECTION",
                        "cpu_time": 0.0,
                        "extra_info": {
                          "Projections": [
                            "ca_county",
                            "d_year",
                            "web_q1_q2_increase",
                            "store_q1_q2_increase",
                            "web_q2_q3_increase",
                            "store_q2_q3_increase"
                          ],
                          "Estimated Cardinality": "23506385642911"
                        },
                        "cumulative_cardinality": 0,
                        "operator_type": "PROJECTION",
                        "operator_cardinality": 0,
                        "cumulative_rows_scanned": 0,
                        "operator_rows_scanned": 0,
                        "operator_timing": 0.0,
                        "children": [
                          {
                            "total_bytes_written": 0,
                            "total_bytes_read": 0,
                            "result_set_size": 0,
                            "operator_name": "PROJECTION",
                            "cpu_time": 0.0,
                            "extra_info": {
                              "Projections": [
                                "ca_county",
                                "d_year",
                                "CAST(web_sales AS DOUBLE)",
                                "web_sales",
                                "CAST(store_sales AS DOUBLE)",
                                "store_sales",
                                "web_sales",
                                "store_sales"
                              ],
                              "Estimated Cardinality": "23506385642911"
                            },
                            "cumulative_cardinality": 0,
                            "operator_type": "PROJECTION",
                            "operator_cardinality": 0,
                            "cumulative_rows_scanned": 0,
                            "operator_rows_scanned": 0,
                            "operator_timing": 0.0,
                            "children": [
                              {
                                "total_bytes_written": 0,
                                "total_bytes_read": 0,
                                "result_set_size": 0,
                                "operator_name": "FILTER",
                                "cpu_time": 0.0,
                                "extra_info": {
                                  "Expression": "((CASE  WHEN ((web_sales > 0.00)) THEN ((CAST(web_sales AS DOUBLE) / CAST(web_sales AS DOUBLE))) ELSE NULL END > CASE  WHEN ((store_sales > 0.00)) THEN ((CAST(store_sales AS DOUBLE) / CAST(store_sales AS DOUBLE))) ELSE NULL END) AND (CASE  WHEN ((web_sales > 0.00)) THEN ((CAST(web_sales AS DOUBLE) / CAST(web_sales AS DOUBLE))) ELSE NULL END > CASE  WHEN ((store_sales > 0.00)) THEN ((CAST(store_sales AS DOUBLE) / CAST(store_sales AS DOUBLE))) ELSE NULL END))",
                                  "Estimated Cardinality": "23506385642911"
                                },
                                "cumulative_cardinality": 0,
                                "operator_type": "FILTER",
                                "operator_cardinality": 0,
                                "cumulative_rows_scanned": 0,
                                "operator_rows_scanned": 0,
                                "operator_timing": 1.35e-07,
                                "children": [
                                  {
                                    "total_bytes_written": 0,
                                    "total_bytes_read": 0,
                                    "result_set_size": 0,
                                    "operator_name": "HASH_JOIN",
                                    "cpu_time": 0.0,
                                    "extra_info": {
                                      "Join Type": "INNER",
                                      "Conditions": [
                                        "ca_county = ca_county",
                                        "ca_county = ca_county",
                                        "ca_county = ca_county"
                                      ],
                                      "Estimated Cardinality": "23506385642911"
                                    },
                                    "cumulative_cardinality": 0,
                                    "operator_type": "HASH_JOIN",
                                    "operator_cardinality": 0,
                                    "cumulative_rows_scanned": 0,
                                    "operator_rows_scanned": 0,
                                    "operator_timing": 1.391e-06,
                                    "children": [
                                      {
                                        "total_bytes_written": 0,
                                        "total_bytes_read": 0,
                                        "result_set_size": 0,
                                        "operator_name": "HASH_JOIN",
                                        "cpu_time": 0.0,
                                        "extra_info": {
                                          "Join Type": "INNER",
                                          "Conditions": [
                                            "ca_county = ca_county",
                                            "ca_county = ca_county"
                                          ],
                                          "Estimated Cardinality": "43394"
                                        },
                                        "cumulative_cardinality": 0,
                                        "operator_type": "HASH_JOIN",
                                        "operator_cardinality": 0,
                                        "cumulative_rows_scanned": 0,
                                        "operator_rows_scanned": 0,
                                        "operator_timing": 0.00024199699999999998,
                                        "children": [
                                          {
                                            "total_bytes_written": 0,
                                            "total_bytes_read": 0,
                                            "result_set_size": 0,
                                            "operator_name": "HASH_JOIN",
                                            "cpu_time": 0.0,
                                            "extra_info": {
                                              "Join Type": "INNER",
                                              "Conditions": "ca_county = ca_county",
                                              "Estimated Cardinality": "15519"
                                            },
                                            "cumulative_cardinality": 0,
                                            "operator_type": "HASH_JOIN",
                                            "operator_cardinality": 0,
                                            "cumulative_rows_scanned": 0,
                                            "operator_rows_scanned": 0,
                                            "operator_timing": 8.6896e-05,
                                            "children": [
                                              {
                                                "total_bytes_written": 0,
                                                "total_bytes_read": 0,
                                                "result_set_size": 0,
                                                "operator_name": "PROJECTION",
                                                "cpu_time": 0.0,
                                                "extra_info": {
                                                  "Projections": [
                                                    "#0",
                                                    "#3"
                                                  ],
                                                  "Estimated Cardinality": "11129"
                                                },
                                                "cumulative_cardinality": 0,
                                                "operator_type": "PROJECTION",
                                                "operator_cardinality": 0,
                                                "cumulative_rows_scanned": 0,
                                                "operator_rows_scanned": 0,
                                                "operator_timing": 0.0,
                                                "children": [
                                                  {
                                                    "total_bytes_written": 0,
                                                    "total_bytes_read": 0,
                                                    "result_set_size": 0,
                                                    "operator_name": "FILTER",
                                                    "cpu_time": 0.0,
                                                    "extra_info": {
                                                      "Expression": "((d_qoy = 2) AND (d_year = 1998))",
                                                      "Estimated Cardinality": "11129"
                                                    },
                                                    "cumulative_cardinality": 0,
                                                    "operator_type": "FILTER",
                                                    "operator_cardinality": 0,
                                                    "cumulative_rows_scanned": 0,
                                                    "operator_rows_scanned": 0,
                                                    "operator_timing": 4.1599999999999995e-05,
                                                    "children": [
                                                      {
                                                        "total_bytes_written": 0,
                                                        "total_bytes_read": 0,
                                                        "result_set_size": 3280,
                                                        "operator_name": "CTE_SCAN",
                                                        "cpu_time": 0.0,
                                                        "extra_info": {
                                                          "CTE Index": "0",
                                                          "Estimated Cardinality": "11129"
                                                        },
                                                        "cumulative_cardinality": 0,
                                                        "operator_type": "CTE_SCAN",
                                                        "operator_cardinality": 82,
                                                        "cumulative_rows_scanned": 0,
                                                        "operator_rows_scanned": 0,
                                                        "operator_timing": 2.6128999999999997e-05,
                                                        "children": []
                                                      }
                                                    ]
                                                  }
                                                ]
                                              },
                                              {
                                                "total_bytes_written": 0,
                                                "total_bytes_read": 0,
                                                "result_set_size": 128,
                                                "operator_name": "PROJECTION",
                                                "cpu_time": 0.0,
                                                "extra_info": {
                                                  "Projections": [
                                                    "#0",
                                                    "#3"
                                                  ],
                                                  "Estimated Cardinality": "2775"
                                                },
                                                "cumulative_cardinality": 0,
                                                "operator_type": "PROJECTION",
                                                "operator_cardinality": 4,
                                                "cumulative_rows_scanned": 0,
                                                "operator_rows_scanned": 0,
                                                "operator_timing": 4.14e-07,
                                                "children": [
                                                  {
                                                    "total_bytes_written": 0,
                                                    "total_bytes_read": 0,
                                                    "result_set_size": 160,
                                                    "operator_name": "FILTER",
                                                    "cpu_time": 0.0,
                                                    "extra_info": {
                                                      "Expression": "((d_qoy = 1) AND (d_year = 1998))",
                                                      "Estimated Cardinality": "2775"
                                                    },
                                                    "cumulative_cardinality": 0,
                                                    "operator_type": "FILTER",
                                                    "operator_cardinality": 4,
                                                    "cumulative_rows_scanned": 0,
                                                    "operator_rows_scanned": 0,
                                                    "operator_timing": 7.286200000000001e-05,
                                                    "children": [
                                                      {
                                                        "total_bytes_written": 0,
                                                        "total_bytes_read": 0,
                                                        "result_set_size": 960,
                                                        "operator_name": "CTE_SCAN",
                                                        "cpu_time": 0.0,
                                                        "extra_info": {
                                                          "CTE Index": "11",
                                                          "Estimated Cardinality": "2775"
                                                        },
                                                        "cumulative_cardinality": 0,
                                                        "operator_type": "CTE_SCAN",
                                                        "operator_cardinality": 24,
                                                        "cumulative_rows_scanned": 0,
                                                        "operator_rows_scanned": 0,
                                                        "operator_timing": 1.7559e-05,
                                                        "children": []
                                                      }
                                                    ]
                                                  }
                                                ]
                                              }
                                            ]
                                          },
                                          {
                                            "total_bytes_written": 0,
                                            "total_bytes_read": 0,
                                            "result_set_size": 684,
                                            "operator_name": "PROJECTION",
                                            "cpu_time": 0.0,
                                            "extra_info": {
                                              "Projections": [
                                                "#0",
                                                "#2",
                                                "#3"
                                              ],
                                              "Estimated Cardinality": "11129"
                                            },
                                            "cumulative_cardinality": 0,
                                            "operator_type": "PROJECTION",
                                            "operator_cardinality": 19,
                                            "cumulative_rows_scanned": 0,
                                            "operator_rows_scanned": 0,
                                            "operator_timing": 1.154e-06,
                                            "children": [
                                              {
                                                "total_bytes_written": 0,
                                                "total_bytes_read": 0,
                                                "result_set_size": 760,
                                                "operator_name": "FILTER",
                                                "cpu_time": 0.0,
                                                "extra_info": {
                                                  "Expression": "((d_qoy = 1) AND (d_year = 1998))",
                                                  "Estimated Cardinality": "11129"
                                                },
                                                "cumulative_cardinality": 0,
                                                "operator_type": "FILTER",
                                                "operator_cardinality": 19,
                                                "cumulative_rows_scanned": 0,
                                                "operator_rows_scanned": 0,
                                                "operator_timing": 7.7272e-05,
                                                "children": [
                                                  {
                                                    "total_bytes_written": 0,
                                                    "total_bytes_read": 0,
                                                    "result_set_size": 3280,
                                                    "operator_name": "CTE_SCAN",
                                                    "cpu_time": 0.0,
                                                    "extra_info": {
                                                      "CTE Index": "0",
                                                      "Estimated Cardinality": "11129"
                                                    },
                                                    "cumulative_cardinality": 0,
                                                    "operator_type": "CTE_SCAN",
                                                    "operator_cardinality": 82,
                                                    "cumulative_rows_scanned": 0,
                                                    "operator_rows_scanned": 0,
                                                    "operator_timing": 2.8720999999999998e-05,
                                                    "children": []
                                                  }
                                                ]
                                              }
                                            ]
                                          }
                                        ]
                                      },
                                      {
                                        "total_bytes_written": 0,
                                        "total_bytes_read": 0,
                                        "result_set_size": 0,
                                        "operator_name": "HASH_JOIN",
                                        "cpu_time": 0.0,
                                        "extra_info": {
                                          "Join Type": "INNER",
                                          "Conditions": [
                                            "ca_county = ca_county",
                                            "ca_county = ca_county"
                                          ],
                                          "Estimated Cardinality": "10820"
                                        },
                                        "cumulative_cardinality": 0,
                                        "operator_type": "HASH_JOIN",
                                        "operator_cardinality": 0,
                                        "cumulative_rows_scanned": 0,
                                        "operator_rows_scanned": 0,
                                        "operator_timing": 1.175e-06,
                                        "children": [
                                          {
                                            "total_bytes_written": 0,
                                            "total_bytes_read": 0,
                                            "result_set_size": 0,
                                            "operator_name": "PROJECTION",
                                            "cpu_time": 0.0,
                                            "extra_info": {
                                              "Projections": [
                                                "#0",
                                                "#3"
                                              ],
                                              "Estimated Cardinality": "11129"
                                            },
                                            "cumulative_cardinality": 0,
                                            "operator_type": "PROJECTION",
                                            "operator_cardinality": 0,
                                            "cumulative_rows_scanned": 0,
                                            "operator_rows_scanned": 0,
                                            "operator_timing": 0.0,
                                            "children": [
                                              {
                                                "total_bytes_written": 0,
                                                "total_bytes_read": 0,
                                                "result_set_size": 0,
                                                "operator_name": "FILTER",
                                                "cpu_time": 0.0,
                                                "extra_info": {
                                                  "Expression": "((d_qoy = 3) AND (d_year = 1998))",
                                                  "Estimated Cardinality": "11129"
                                                },
                                                "cumulative_cardinality": 0,
                                                "operator_type": "FILTER",
                                                "operator_cardinality": 0,
                                                "cumulative_rows_scanned": 0,
                                                "operator_rows_scanned": 0,
                                                "operator_timing": 6.211e-05,
                                                "children": [
                                                  {
                                                    "total_bytes_written": 0,
                                                    "total_bytes_read": 0,
                                                    "result_set_size": 3280,
                                                    "operator_name": "CTE_SCAN",
                                                    "cpu_time": 0.0,
                                                    "extra_info": {
                                                      "CTE Index": "0",
                                                      "Estimated Cardinality": "11129"
                                                    },
                                                    "cumulative_cardinality": 0,
                                                    "operator_type": "CTE_SCAN",
                                                    "operator_cardinality": 82,
                                                    "cumulative_rows_scanned": 0,
                                                    "operator_rows_scanned": 0,
                                                    "operator_timing": 2.6380999999999997e-05,
                                                    "children": []
                                                  }
                                                ]
                                              }
                                            ]
                                          },
                                          {
                                            "total_bytes_written": 0,
                                            "total_bytes_read": 0,
                                            "result_set_size": 0,
                                            "operator_name": "HASH_JOIN",
                                            "cpu_time": 0.0,
                                            "extra_info": {
                                              "Join Type": "INNER",
                                              "Conditions": "ca_county = ca_county",
                                              "Estimated Cardinality": "3869"
                                            },
                                            "cumulative_cardinality": 0,
                                            "operator_type": "HASH_JOIN",
                                            "operator_cardinality": 0,
                                            "cumulative_rows_scanned": 0,
                                            "operator_rows_scanned": 0,
                                            "operator_timing": 0.0002581,
                                            "children": [
                                              {
                                                "total_bytes_written": 0,
                                                "total_bytes_read": 0,
                                                "result_set_size": 192,
                                                "operator_name": "PROJECTION",
                                                "cpu_time": 0.0,
                                                "extra_info": {
                                                  "Projections": [
                                                    "#0",
                                                    "#3"
                                                  ],
                                                  "Estimated Cardinality": "2775"
                                                },
                                                "cumulative_cardinality": 0,
                                                "operator_type": "PROJECTION",
                                                "operator_cardinality": 6,
                                                "cumulative_rows_scanned": 0,
                                                "operator_rows_scanned": 0,
                                                "operator_timing": 2.13e-07,
                                                "children": [
                                                  {
                                                    "total_bytes_written": 0,
                                                    "total_bytes_read": 0,
                                                    "result_set_size": 240,
                                                    "operator_name": "FILTER",
                                                    "cpu_time": 0.0,
                                                    "extra_info": {
                                                      "Expression": "((d_qoy = 2) AND (d_year = 1998))",
                                                      "Estimated Cardinality": "2775"
                                                    },
                                                    "cumulative_cardinality": 0,
                                                    "operator_type": "FILTER",
                                                    "operator_cardinality": 6,
                                                    "cumulative_rows_scanned": 0,
                                                    "operator_rows_scanned": 0,
                                                    "operator_timing": 1.1386e-05,
                                                    "children": [
                                                      {
                                                        "total_bytes_written": 0,
                                                        "total_bytes_read": 0,
                                                        "result_set_size": 960,
                                                        "operator_name": "CTE_SCAN",
                                                        "cpu_time": 0.0,
                                                        "extra_info": {
                                                          "CTE Index": "11",
                                                          "Estimated Cardinality": "2775"
                                                        },
                                                        "cumulative_cardinality": 0,
                                                        "operator_type": "CTE_SCAN",
                                                        "operator_cardinality": 24,
                                                        "cumulative_rows_scanned": 0,
                                                        "operator_rows_scanned": 0,
                                                        "operator_timing": 8.494000000000002e-06,
                                                        "children": []
                                                      }
                                                    ]
                                                  }
                                                ]
                                              },
                                              {
                                                "total_bytes_written": 0,
                                                "total_bytes_read": 0,
                                                "result_set_size": 448,
                                                "operator_name": "PROJECTION",
                                                "cpu_time": 0.0,
                                                "extra_info": {
                                                  "Projections": [
                                                    "#0",
                                                    "#3"
                                                  ],
                                                  "Estimated Cardinality": "2775"
                                                },
                                                "cumulative_cardinality": 0,
                                                "operator_type": "PROJECTION",
                                                "operator_cardinality": 14,
                                                "cumulative_rows_scanned": 0,
                                                "operator_rows_scanned": 0,
                                                "operator_timing": 4.09e-07,
                                                "children": [
                                                  {
                                                    "total_bytes_written": 0,
                                                    "total_bytes_read": 0,
                                                    "result_set_size": 560,
                                                    "operator_name": "FILTER",
                                                    "cpu_time": 0.0,
                                                    "extra_info": {
                                                      "Expression": "((d_qoy = 3) AND (d_year = 1998))",
                                                      "Estimated Cardinality": "2775"
                                                    },
                                                    "cumulative_cardinality": 0,
                                                    "operator_type": "FILTER",
                                                    "operator_cardinality": 14,
                                                    "cumulative_rows_scanned": 0,
                                                    "operator_rows_scanned": 0,
                                                    "operator_timing": 2.7508e-05,
                                                    "children": [
                                                      {
                                                        "total_bytes_written": 0,
                                                        "total_bytes_read": 0,
                                                        "result_set_size": 960,
                                                        "operator_name": "CTE_SCAN",
                                                        "cpu_time": 0.0,
                                                        "extra_info": {
                                                          "CTE Index": "11",
                                                          "Estimated Cardinality": "2775"
                                                        },
                                                        "cumulative_cardinality": 0,
                                                        "operator_type": "CTE_SCAN",
                                                        "operator_cardinality": 24,
                                                        "cumulative_rows_scanned": 0,
                                                        "operator_rows_scanned": 0,
                                                        "operator_timing": 8.792000000000002e-06,
                                                        "children": []
                                                      }
                                                    ]
                                                  }
                                                ]
                                              }
                                            ]
                                          }
                                        ]
                                      }
                                    ]
                                  }
                                ]
                              }
                            ]
                          }
                        ]
                      }
                    ]
                  }
                ]
              }
            ]
          }
        ]
      }
    ]
  },
  "actual_rows": 0
}