{
  "execution_time_ms": 13.8,
  "plan_text": "\u250c\u2500\u2500\u2500\u2500\u2500\u2500\u2500\u2500\u2500\u2500\u2500\u2500\u2500\u2500\u2500\u2500\u2500\u2500\u2500\u2500\u2500\u2500\u2500\u2500\u2500\u2500\u2500\u2500\u2500\u2500\u2500\u2500\u2500\u2500\u2500\u2500\u2500\u2510\n\u2502\u250c\u2500\u2500\u2500\u2500\u2500\u2500\u2500\u2500\u2500\u2500\u2500\u2500\u2500\u2500\u2500\u2500\u2500\u2500\u2500\u2500\u2500\u2500\u2500\u2500\u2500\u2500\u2500\u2500\u2500\u2500\u2500\u2500\u2500\u2500\u2500\u2510\u2502\n\u2502\u2502    Query Profiling Information    \u2502\u2502\n\u2502\u2514\u2500\u2500\u2500\u2500\u2500\u2500\u2500\u2500\u2500\u2500\u2500\u2500\u2500\u2500\u2500\u2500\u2500\u2500\u2500\u2500\u2500\u2500\u2500\u2500\u2500\u2500\u2500\u2500\u2500\u2500\u2500\u2500\u2500\u2500\u2500\u2518\u2502\n\u2514\u2500\u2500\u2500\u2500\u2500\u2500\u2500\u2500\u2500\u2500\u2500\u2500\u2500\u2500\u2500\u2500\u2500\u2500\u2500\u2500\u2500\u2500\u2500\u2500\u2500\u2500\u2500\u2500\u2500\u2500\u2500\u2500\u2500\u2500\u2500\u2500\u2500\u2518\nEXPLAIN ANALYZE with sr_items as  (select i_item_id item_id,         sum(sr_return_quantity) sr_item_qty  from store_returns,       item,       date_dim  where sr_item_sk = i_item_sk  and   d_date    in \t(select d_date \tfrom date_dim \twhere d_month_seq in \t\t(select d_month_seq \t\tfrom date_dim \t  where d_date in ('1999-01-10','1999-06-17','1999-08-04','1999-11-05')))  and   sr_returned_date_sk   = d_date_sk  and i_category IN ('Children', 'Electronics')  and i_manager_id BETWEEN 15 and 24  and sr_return_amt / sr_return_quantity between 253 and 282  and sr_reason_sk in (7, 18, 19, 22, 36) group by i_item_id),  cr_items as  (select i_item_id item_id,         sum(cr_return_quantity) cr_item_qty  from catalog_returns,       item,       date_dim  where cr_item_sk = i_item_sk  and   d_date    in \t(select d_date \tfrom date_dim   where d_month_seq in \t\t(select d_month_seq \t\tfrom date_dim \t  \t  where d_date in ('1999-01-10','1999-06-17','1999-08-04','1999-11-05')))  and   cr_returned_date_sk   = d_date_sk  and i_category IN ('Children', 'Electronics')  and i_manager_id BETWEEN 15 and 24  and cr_return_amount / cr_return_quantity between 253 and 282  and cr_reason_sk in (7, 18, 19, 22, 36)  group by i_item_id),  wr_items as  (select i_item_id item_id,         sum(wr_return_quantity) wr_item_qty  from web_returns,       item,       date_dim  where wr_item_sk = i_item_sk  and   d_date    in \t(select d_date \tfrom date_dim   where d_month_seq in \t\t(select d_month_seq \t\tfrom date_dim \t\t\t  where d_date in ('1999-01-10','1999-06-17','1999-08-04','1999-11-05')))  and   wr_returned_date_sk   = d_date_sk  and i_category IN ('Children', 'Electronics')  and i_manager_id BETWEEN 15 and 24  and wr_return_amt / wr_return_quantity between 253 and 282  and wr_reason_sk in (7, 18, 19, 22, 36)  group by i_item_id)   select  sr_items.item_id        ,sr_item_qty        ,sr_item_qty/(sr_item_qty+cr_item_qty+wr_item_qty)/3.0 * 100 sr_dev        ,cr_item_qty        ,cr_item_qty/(sr_item_qty+cr_item_qty+wr_item_qty)/3.0 * 100 cr_dev        ,wr_item_qty        ,wr_item_qty/(sr_item_qty+cr_item_qty+wr_item_qty)/3.0 * 100 wr_dev        ,(sr_item_qty+cr_item_qty+wr_item_qty)/3.0 average  from sr_items      ,cr_items      ,wr_items  where sr_items.item_id=cr_items.item_id    and sr_items.item_id=wr_items.item_id  order by sr_items.item_id          ,sr_item_qty  limit 100\n\u250c\u2500\u2500\u2500\u2500\u2500\u2500\u2500\u2500\u2500\u2500\u2500\u2500\u2500\u2500\u2500\u2500\u2500\u2500\u2500\u2500\u2500\u2500\u2500\u2500\u2500\u2500\u2500\u2500\u2500\u2500\u2500\u2500\u2500\u2500\u2500\u2500\u2500\u2500\u2500\u2500\u2500\u2500\u2500\u2500\u2500\u2500\u2500\u2500\u2510\n\u2502\u250c\u2500\u2500\u2500\u2500\u2500\u2500\u2500\u2500\u2500\u2500\u2500\u2500\u2500\u2500\u2500\u2500\u2500\u2500\u2500\u2500\u2500\u2500\u2500\u2500\u2500\u2500\u2500\u2500\u2500\u2500\u2500\u2500\u2500\u2500\u2500\u2500\u2500\u2500\u2500\u2500\u2500\u2500\u2500\u2500\u2500\u2500\u2510\u2502\n\u2502\u2502              Total Time: 0.0124s             \u2502\u2502\n\u2502\u2514\u2500\u2500\u2500\u2500\u2500\u2500\u2500\u2500\u2500\u2500\u2500\u2500\u2500\u2500\u2500\u2500\u2500\u2500\u2500\u2500\u2500\u2500\u2500\u2500\u2500\u2500\u2500\u2500\u2500\u2500\u2500\u2500\u2500\u2500\u2500\u2500\u2500\u2500\u2500\u2500\u2500\u2500\u2500\u2500\u2500\u2500\u2518\u2502\n\u2514\u2500\u2500\u2500\u2500\u2500\u2500\u2500\u2500\u2500\u2500\u2500\u2500\u2500\u2500\u2500\u2500\u2500\u2500\u2500\u2500\u2500\u2500\u2500\u2500\u2500\u2500\u2500\u2500\u2500\u2500\u2500\u2500\u2500\u2500\u2500\u2500\u2500\u2500\u2500\u2500\u2500\u2500\u2500\u2500\u2500\u2500\u2500\u2500\u2518\n\u250c\u2500\u2500\u2500\u2500\u2500\u2500\u2500\u2500\u2500\u2500\u2500\u2500\u2500\u2510\n\u2502    QUERY    \u2502\n\u2514\u2500\u2500\u2500\u2500\u2500\u2500\u252c\u2500\u2500\u2500\u2500\u2500\u2500\u2518\n\u250c\u2500\u2500\u2500\u2500\u2500\u2500\u2534\u2500\u2500\u2500\u2500\u2500\u2500\u2510\n\u2502EXPLAIN_...  \u2502\n\u2502    \u2500\u2500\u2500\u2500\u2500\u2500   \u2502\n\u2502    0 rows   \u2502\n\u2502   (0.00s)   \u2502\n\u2514\u2500\u2500\u2500\u2500\u2500\u2500\u252c\u2500\u2500\u2500\u2500\u2500\u2500\u2518\n\u250c\u2500\u2500\u2500\u2500\u2500\u2500\u2534\u2500\u2500\u2500\u2500\u2500\u2500\u2510\n\u2502    TOP_N    \u2502\n\u2502    \u2500\u2500\u2500\u2500\u2500\u2500   \u2502\n\u2502     Top:    \u2502\n\u2502     100     \u2502\n\u2502             \u2502\n\u2502  Order By:  \u2502\n\u2502   sr_items  \u2502\n\u2502 .item_id ASC\u2502\n\u2502   sr_items  \u2502\n\u2502 .sr_item_qty\u2502\n\u2502      ASC    \u2502\n\u2502             \u2502\n\u2502    0 rows   \u2502\n\u2502   (0.00s)   \u2502\n\u2514\u2500\u2500\u2500\u2500\u2500\u2500\u252c\u2500\u2500\u2500\u2500\u2500\u2500\u2518\n\u250c\u2500\u2500\u2500\u2500\u2500\u2500\u2534\u2500\u2500\u2500\u2500\u2500\u2500\u2510\n\u2502  PROJECTION \u2502\n\u2502    \u2500\u2500\u2500\u2500\u2500\u2500   \u2502\n\u2502   item_id   \u2502\n\u2502 sr_item_qty \u2502\n\u2502    sr_dev   \u2502\n\u2502 cr_item_qty \u2502\n\u2502    cr_dev   \u2502\n\u2502 wr_item_qty \u2502\n\u2502    wr_dev   \u2502\n\u2502   average   \u2502\n\u2502             \u2502\n\u2502    0 rows   \u2502\n\u2502   (0.00s)   \u2502\n\u2514\u2500\u2500\u2500\u2500\u2500\u2500\u252c\u2500\u2500\u2500\u2500\u2500\u2500\u2518\n\u250c\u2500\u2500\u2500\u2500\u2500\u2500\u2534\u2500\u2500\u2500\u2500\u2500\u2500\u2510\n\u2502  PROJECTION \u2502\n\u2502    \u2500\u2500\u2500\u2500\u2500\u2500   \u2502\n\u2502   item_id   \u2502\n\u2502 sr_item_qty \u2502\n\u2502CAST(((sr_ite\u2502\n\u2502m_qty + cr_it\u2502\n\u2502  em_qty) +  \u2502\n\u2502  wr_item_qty\u2502\n\u2502 ) AS DOUBLE)\u2502\n\u2502 cr_item_qty \u2502\n\u2502 wr_item_qty \u2502\n\u2502             \u2502\n\u2502    0 rows   \u2502\n\u2502   (0.00s)   \u2502\n\u2514\u2500\u2500\u2500\u2500\u2500\u2500\u252c\u2500\u2500\u2500\u2500\u2500\u2500\u2518\n\u250c\u2500\u2500\u2500\u2500\u2500\u2500\u2534\u2500\u2500\u2500\u2500\u2500\u2500\u2510\n\u2502  HASH_JOIN  \u2502\n\u2502    \u2500\u2500\u2500\u2500\u2500\u2500   \u2502\n\u2502  Join Type: \u2502\n\u2502    INNER    \u2502\n\u2502             \u2502\n\u2502 Conditions: \u251c\u2500\u2500\u2500\u2500\u2500\u2500\u2500\u2500\u2500\u2500\u2500\u2500\u2500\u2500\u2500\u2500\u2500\u2500\u2500\u2500\u2500\u2500\u2500\u2500\u2500\u2500\u2500\u2500\u2500\u2500\u2500\u2500\u2500\u2500\u2500\u2500\u2500\u2500\u2500\u2500\u2500\u2500\u2500\u2500\u2500\u2500\u2500\u2500\u2500\u2500\u2500\u2500\u2500\u2500\u2500\u2500\u2500\u2500\u2500\u2500\u2500\u2500\u2500\u2500\u2500\u2500\u2500\u2500\u2500\u2500\u2500\u2500\u2500\u2500\u2500\u2500\u2500\u2500\u2500\u2500\u2500\u2500\u2510\n\u2502  item_id =  \u2502                                                                                  \u2502\n\u2502    item_id  \u2502                                                                                  \u2502\n\u2502             \u2502                                                                                  \u2502\n\u2502    0 rows   \u2502                                                                                  \u2502\n\u2502   (0.00s)   \u2502                                                                                  \u2502\n\u2514\u2500\u2500\u2500\u2500\u2500\u2500\u252c\u2500\u2500\u2500\u2500\u2500\u2500\u2518                                                                                  \u2502\n\u250c\u2500\u2500\u2500\u2500\u2500\u2500\u2534\u2500\u2500\u2500\u2500\u2500\u2500\u2510                                                                           \u250c\u2500\u2500\u2500\u2500\u2500\u2500\u2534\u2500\u2500\u2500\u2500\u2500\u2500\u2510\n\u2502HASH_GROUP_BY\u2502                                                                           \u2502  HASH_JOIN  \u2502\n\u2502    \u2500\u2500\u2500\u2500\u2500\u2500   \u2502                                                                           \u2502    \u2500\u2500\u2500\u2500\u2500\u2500   \u2502\n\u2502   Groups:   \u2502                                                                           \u2502  Join Type: \u2502\n\u2502      #0     \u2502                                                                           \u2502    INNER    \u2502\n\u2502             \u2502                                                                           \u2502             \u2502\n\u2502 Aggregates: \u2502                                                                           \u2502 Conditions: \u251c\u2500\u2500\u2500\u2500\u2500\u2500\u2500\u2500\u2500\u2500\u2500\u2500\u2500\u2500\u2500\u2500\u2500\u2500\u2500\u2500\u2500\u2500\u2500\u2500\u2500\u2500\u2500\u2500\u2500\u2500\u2500\u2500\u2500\u2500\u2500\u2500\u2500\u2500\u2500\u2500\u2500\u2500\u2500\u2500\u2500\u2500\u2500\u2500\u2500\u2500\u2500\u2500\u2500\u2500\u2500\u2500\u2500\u2500\u2500\u2500\u2500\u2500\u2500\u2500\u2500\u2500\u2500\u2500\u2500\u2500\u2500\u2500\u2500\u2500\u2500\u2500\u2500\u2500\u2500\u2500\u2500\u2500\u2510\n\u2502   sum(#1)   \u2502                                                                           \u2502  item_id =  \u2502                                                                                  \u2502\n\u2502             \u2502                                                                           \u2502    item_id  \u2502                                                                                  \u2502\n\u2502             \u2502                                                                           \u2502             \u2502                                                                                  \u2502\n\u2502    0 rows   \u2502                                                                           \u2502    0 rows   \u2502                                                                                  \u2502\n\u2502   (0.00s)   \u2502                                                                           \u2502   (0.00s)   \u2502                                                                                  \u2502\n\u2514\u2500\u2500\u2500\u2500\u2500\u2500\u252c\u2500\u2500\u2500\u2500\u2500\u2500\u2518                                                                           \u2514\u2500\u2500\u2500\u2500\u2500\u2500\u252c\u2500\u2500\u2500\u2500\u2500\u2500\u2518                                                                                  \u2502\n\u250c\u2500\u2500\u2500\u2500\u2500\u2500\u2534\u2500\u2500\u2500\u2500\u2500\u2500\u2510                                                                           \u250c\u2500\u2500\u2500\u2500\u2500\u2500\u2534\u2500\u2500\u2500\u2500\u2500\u2500\u2510                                                                           \u250c\u2500\u2500\u2500\u2500\u2500\u2500\u2534\u2500\u2500\u2500\u2500\u2500\u2500\u2510\n\u2502  PROJECTION \u2502                                                                           \u2502HASH_GROUP_BY\u2502                                                                           \u2502HASH_GROUP_BY\u2502\n\u2502    \u2500\u2500\u2500\u2500\u2500\u2500   \u2502                                                                           \u2502    \u2500\u2500\u2500\u2500\u2500\u2500   \u2502                                                                           \u2502    \u2500\u2500\u2500\u2500\u2500\u2500   \u2502\n\u2502  i_item_id  \u2502                                                                           \u2502   Groups:   \u2502                                                                           \u2502   Groups:   \u2502\n\u2502sr_return_qua\u2502                                                                           \u2502      #0     \u2502                                                                           \u2502      #0     \u2502\n\u2502    ntity    \u2502                                                                           \u2502             \u2502                                                                           \u2502             \u2502\n\u2502             \u2502                                                                           \u2502 Aggregates: \u2502                                                                           \u2502 Aggregates: \u2502\n\u2502             \u2502                                                                           \u2502   sum(#1)   \u2502                                                                           \u2502   sum(#1)   \u2502\n\u2502             \u2502                                                                           \u2502             \u2502                                                                           \u2502             \u2502\n\u2502    0 rows   \u2502                                                                           \u2502    0 rows   \u2502                                                                           \u2502    0 rows   \u2502\n\u2502   (0.00s)   \u2502                                                                           \u2502   (0.00s)   \u2502                                                                           \u2502   (0.00s)   \u2502\n\u2514\u2500\u2500\u2500\u2500\u2500\u2500\u252c\u2500\u2500\u2500\u2500\u2500\u2500\u2518                                                                           \u2514\u2500\u2500\u2500\u2500\u2500\u2500\u252c\u2500\u2500\u2500\u2500\u2500\u2500\u2518                                                                           \u2514\u2500\u2500\u2500\u2500\u2500\u2500\u252c\u2500\u2500\u2500\u2500\u2500\u2500\u2518\n\u250c\u2500\u2500\u2500\u2500\u2500\u2500\u2534\u2500\u2500\u2500\u2500\u2500\u2500\u2510                                                                           \u250c\u2500\u2500\u2500\u2500\u2500\u2500\u2534\u2500\u2500\u2500\u2500\u2500\u2500\u2510                                                                           \u250c\u2500\u2500\u2500\u2500\u2500\u2500\u2534\u2500\u2500\u2500\u2500\u2500\u2500\u2510\n\u2502  PROJECTION \u2502                                                                           \u2502  PROJECTION \u2502                                                                           \u2502  PROJECTION \u2502\n\u2502    \u2500\u2500\u2500\u2500\u2500\u2500   \u2502                                                                           \u2502    \u2500\u2500\u2500\u2500\u2500\u2500   \u2502                                                                           \u2502    \u2500\u2500\u2500\u2500\u2500\u2500   \u2502\n\u2502      #0     \u2502                                                                           \u2502  i_item_id  \u2502                                                                           \u2502  i_item_id  \u2502\n\u2502      #1     \u2502                                                                           \u2502cr_return_qua\u2502                                                                           \u2502wr_return_qua\u2502\n\u2502__internal_co\u2502                                                                           \u2502    ntity    \u2502                                                                           \u2502    ntity    \u2502\n\u2502mpress_integr\u2502                                                                           \u2502             \u2502                                                                           \u2502             \u2502\n\u2502 al_usmallint\u2502                                                                           \u2502             \u2502                                                                           \u2502             \u2502\n\u2502(#2, 2450820)\u2502                                                                           \u2502             \u2502                                                                           \u2502             \u2502\n\u2502             \u2502                                                                           \u2502             \u2502                                                                           \u2502             \u2502\n\u2502    0 rows   \u2502                                                                           \u2502    0 rows   \u2502                                                                           \u2502    0 rows   \u2502\n\u2502   (0.00s)   \u2502                                                                           \u2502   (0.00s)   \u2502                                                                           \u2502   (0.00s)   \u2502\n\u2514\u2500\u2500\u2500\u2500\u2500\u2500\u252c\u2500\u2500\u2500\u2500\u2500\u2500\u2518                                                                           \u2514\u2500\u2500\u2500\u2500\u2500\u2500\u252c\u2500\u2500\u2500\u2500\u2500\u2500\u2518                                                                           \u2514\u2500\u2500\u2500\u2500\u2500\u2500\u252c\u2500\u2500\u2500\u2500\u2500\u2500\u2518\n\u250c\u2500\u2500\u2500\u2500\u2500\u2500\u2534\u2500\u2500\u2500\u2500\u2500\u2500\u2510                                                                           \u250c\u2500\u2500\u2500\u2500\u2500\u2500\u2534\u2500\u2500\u2500\u2500\u2500\u2500\u2510                                                                           \u250c\u2500\u2500\u2500\u2500\u2500\u2500\u2534\u2500\u2500\u2500\u2500\u2500\u2500\u2510\n\u2502  HASH_JOIN  \u2502                                                                           \u2502  HASH_JOIN  \u2502                                                                           \u2502  HASH_JOIN  \u2502\n\u2502    \u2500\u2500\u2500\u2500\u2500\u2500   \u2502                                                                           \u2502    \u2500\u2500\u2500\u2500\u2500\u2500   \u2502                                                                           \u2502    \u2500\u2500\u2500\u2500\u2500\u2500   \u2502\n\u2502  Join Type: \u2502                                                                           \u2502  Join Type: \u2502                                                                           \u2502  Join Type: \u2502\n\u2502    INNER    \u2502                                                                           \u2502     SEMI    \u2502                                                                           \u2502  RIGHT_SEMI \u2502\n\u2502             \u2502                                                                           \u2502             \u2502                                                                           \u2502             \u2502\n\u2502 Conditions: \u2502                                                                           \u2502 Conditions: \u2502                                                                           \u2502 Conditions: \u2502\n\u2502sr_returned_d\u251c\u2500\u2500\u2500\u2500\u2500\u2500\u2500\u2500\u2500\u2500\u2500\u2500\u2500\u2500\u2500\u2500\u2500\u2500\u2500\u2500\u2500\u2500\u2500\u2500\u2500\u2500\u2500\u2500\u2500\u2500\u2500\u2500\u2500\u2500\u2500\u2500\u2500\u2510                                     \u2502 d_date = #0 \u251c\u2500\u2500\u2500\u2500\u2500\u2500\u2500\u2500\u2500\u2500\u2500\u2500\u2500\u2500\u2500\u2500\u2500\u2500\u2500\u2500\u2500\u2500\u2500\u2500\u2500\u2500\u2500\u2500\u2500\u2500\u2500\u2500\u2500\u2500\u2500\u2500\u2500\u2500\u2500\u2500\u2500\u2500\u2500\u2500\u2500\u2500\u2500\u2500\u2500\u2500\u2500\u2500\u2510                      \u2502 #0 = d_date \u251c\u2500\u2500\u2500\u2500\u2500\u2500\u2500\u2500\u2500\u2500\u2500\u2500\u2500\u2500\u2500\u2500\u2500\u2500\u2500\u2500\u2500\u2500\u2510\n\u2502   ate_sk =  \u2502                                     \u2502                                     \u2502             \u2502                                                    \u2502                      \u2502             \u2502                      \u2502\n\u2502   d_date_sk \u2502                                     \u2502                                     \u2502             \u2502                                                    \u2502                      \u2502             \u2502                      \u2502\n\u2502             \u2502                                     \u2502                                     \u2502             \u2502                                                    \u2502                      \u2502             \u2502                      \u2502\n\u2502    0 rows   \u2502                                     \u2502                                     \u2502    0 rows   \u2502                                                    \u2502                      \u2502    0 rows   \u2502                      \u2502\n\u2502   (0.00s)   \u2502                                     \u2502                                     \u2502   (0.00s)   \u2502                                                    \u2502                      \u2502   (0.00s)   \u2502                      \u2502\n\u2514\u2500\u2500\u2500\u2500\u2500\u2500\u252c\u2500\u2500\u2500\u2500\u2500\u2500\u2518                                     \u2502                                     \u2514\u2500\u2500\u2500\u2500\u2500\u2500\u252c\u2500\u2500\u2500\u2500\u2500\u2500\u2518                                                    \u2502                      \u2514\u2500\u2500\u2500\u2500\u2500\u2500\u252c\u2500\u2500\u2500\u2500\u2500\u2500\u2518                      \u2502\n\u250c\u2500\u2500\u2500\u2500\u2500\u2500\u2534\u2500\u2500\u2500\u2500\u2500\u2500\u2510                              \u250c\u2500\u2500\u2500\u2500\u2500\u2500\u2534\u2500\u2500\u2500\u2500\u2500\u2500\u2510                              \u250c\u2500\u2500\u2500\u2500\u2500\u2500\u2534\u2500\u2500\u2500\u2500\u2500\u2500\u2510                                             \u250c\u2500\u2500\u2500\u2500\u2500\u2500\u2534\u2500\u2500\u2500\u2500\u2500\u2500\u2510               \u250c\u2500\u2500\u2500\u2500\u2500\u2500\u2534\u2500\u2500\u2500\u2500\u2500\u2500\u2510               \u250c\u2500\u2500\u2500\u2500\u2500\u2500\u2534\u2500\u2500\u2500\u2500\u2500\u2500\u2510\n\u2502  HASH_JOIN  \u2502                              \u2502  HASH_JOIN  \u2502                              \u2502  HASH_JOIN  \u2502                                             \u2502  HASH_JOIN  \u2502               \u2502  HASH_JOIN  \u2502               \u2502  HASH_JOIN  \u2502\n\u2502    \u2500\u2500\u2500\u2500\u2500\u2500   \u2502                              \u2502    \u2500\u2500\u2500\u2500\u2500\u2500   \u2502                              \u2502    \u2500\u2500\u2500\u2500\u2500\u2500   \u2502                                             \u2502    \u2500\u2500\u2500\u2500\u2500\u2500   \u2502               \u2502    \u2500\u2500\u2500\u2500\u2500\u2500   \u2502               \u2502    \u2500\u2500\u2500\u2500\u2500\u2500   \u2502\n\u2502  Join Type: \u2502                              \u2502  Join Type: \u2502                              \u2502  Join Type: \u2502                                             \u2502  Join Type: \u2502               \u2502  Join Type: \u2502               \u2502  Join Type: \u2502\n\u2502    INNER    \u2502                              \u2502     SEMI    \u2502                              \u2502    INNER    \u2502                                             \u2502     SEMI    \u2502               \u2502     SEMI    \u2502               \u2502    INNER    \u2502\n\u2502             \u2502                              \u2502             \u2502                              \u2502             \u2502                                             \u2502             \u2502               \u2502             \u2502               \u2502             \u2502\n\u2502 Conditions: \u2502                              \u2502 Conditions: \u2502                              \u2502 Conditions: \u2502                                             \u2502 Conditions: \u2502               \u2502 Conditions: \u2502               \u2502 Conditions: \u2502\n\u2502 sr_item_sk =\u251c\u2500\u2500\u2500\u2500\u2500\u2500\u2500\u2500\u2500\u2500\u2500\u2500\u2500\u2500\u2500\u2500\u2500\u2500\u2500\u2500\u2500\u2500\u2510       \u2502 d_date = #0 \u251c\u2500\u2500\u2500\u2500\u2500\u2500\u2500\u2510                      \u2502 d_date_sk = \u251c\u2500\u2500\u2500\u2500\u2500\u2500\u2500\u2510                                     \u2502 d_month_seq \u251c\u2500\u2500\u2500\u2500\u2500\u2500\u2500\u2510       \u2502 d_month_seq \u251c\u2500\u2500\u2500\u2500\u2500\u2500\u2500\u2510       \u2502 d_date_sk = \u251c\u2500\u2500\u2500\u2500\u2500\u2500\u2500\u2510\n\u2502   i_item_sk \u2502                      \u2502       \u2502             \u2502       \u2502                      \u2502 cr_returned_\u2502       \u2502                                     \u2502     = #0    \u2502       \u2502       \u2502     = #0    \u2502       \u2502       \u2502 wr_returned_\u2502       \u2502\n\u2502             \u2502                      \u2502       \u2502             \u2502       \u2502                      \u2502   date_sk   \u2502       \u2502                                     \u2502             \u2502       \u2502       \u2502             \u2502       \u2502       \u2502   date_sk   \u2502       \u2502\n\u2502             \u2502                      \u2502       \u2502             \u2502       \u2502                      \u2502             \u2502       \u2502                                     \u2502             \u2502       \u2502       \u2502             \u2502       \u2502       \u2502             \u2502       \u2502\n\u2502    0 rows   \u2502                      \u2502       \u2502   122 rows  \u2502       \u2502                      \u2502    0 rows   \u2502       \u2502                                     \u2502   122 rows  \u2502       \u2502       \u2502   122 rows  \u2502       \u2502       \u2502    4 rows   \u2502       \u2502\n\u2502   (0.00s)   \u2502                      \u2502       \u2502   (0.00s)   \u2502       \u2502                      \u2502   (0.00s)   \u2502       \u2502                                     \u2502   (0.00s)   \u2502       \u2502       \u2502   (0.00s)   \u2502       \u2502       \u2502   (0.00s)   \u2502       \u2502\n\u2514\u2500\u2500\u2500\u2500\u2500\u2500\u252c\u2500\u2500\u2500\u2500\u2500\u2500\u2518                      \u2502       \u2514\u2500\u2500\u2500\u2500\u2500\u2500\u252c\u2500\u2500\u2500\u2500\u2500\u2500\u2518       \u2502                      \u2514\u2500\u2500\u2500\u2500\u2500\u2500\u252c\u2500\u2500\u2500\u2500\u2500\u2500\u2518       \u2502                                     \u2514\u2500\u2500\u2500\u2500\u2500\u2500\u252c\u2500\u2500\u2500\u2500\u2500\u2500\u2518       \u2502       \u2514\u2500\u2500\u2500\u2500\u2500\u2500\u252c\u2500\u2500\u2500\u2500\u2500\u2500\u2518       \u2502       \u2514\u2500\u2500\u2500\u2500\u2500\u2500\u252c\u2500\u2500\u2500\u2500\u2500\u2500\u2518       \u2502\n\u250c\u2500\u2500\u2500\u2500\u2500\u2500\u2534\u2500\u2500\u2500\u2500\u2500\u2500\u2510               \u250c\u2500\u2500\u2500\u2500\u2500\u2500\u2534\u2500\u2500\u2500\u2500\u2500\u2500\u2510\u250c\u2500\u2500\u2500\u2500\u2500\u2500\u2534\u2500\u2500\u2500\u2500\u2500\u2500\u2510\u250c\u2500\u2500\u2500\u2500\u2500\u2500\u2534\u2500\u2500\u2500\u2500\u2500\u2500\u2510               \u250c\u2500\u2500\u2500\u2500\u2500\u2500\u2534\u2500\u2500\u2500\u2500\u2500\u2500\u2510\u250c\u2500\u2500\u2500\u2500\u2500\u2500\u2534\u2500\u2500\u2500\u2500\u2500\u2500\u2510                              \u250c\u2500\u2500\u2500\u2500\u2500\u2500\u2534\u2500\u2500\u2500\u2500\u2500\u2500\u2510\u250c\u2500\u2500\u2500\u2500\u2500\u2500\u2534\u2500\u2500\u2500\u2500\u2500\u2500\u2510\u250c\u2500\u2500\u2500\u2500\u2500\u2500\u2534\u2500\u2500\u2500\u2500\u2500\u2500\u2510\u250c\u2500\u2500\u2500\u2500\u2500\u2500\u2534\u2500\u2500\u2500\u2500\u2500\u2500\u2510\u250c\u2500\u2500\u2500\u2500\u2500\u2500\u2534\u2500\u2500\u2500\u2500\u2500\u2500\u2510\u250c\u2500\u2500\u2500\u2500\u2500\u2500\u2534\u2500\u2500\u2500\u2500\u2500\u2500\u2510\n\u2502  PROJECTION \u2502               \u2502  PROJECTION \u2502\u2502  TABLE_SCAN \u2502\u2502  HASH_JOIN  \u2502               \u2502  TABLE_SCAN \u2502\u2502  HASH_JOIN  \u2502                              \u2502  TABLE_SCAN \u2502\u2502  PROJECTION \u2502\u2502  TABLE_SCAN \u2502\u2502  PROJECTION \u2502\u2502  TABLE_SCAN \u2502\u2502  HASH_JOIN  \u2502\n\u2502    \u2500\u2500\u2500\u2500\u2500\u2500   \u2502               \u2502    \u2500\u2500\u2500\u2500\u2500\u2500   \u2502\u2502    \u2500\u2500\u2500\u2500\u2500\u2500   \u2502\u2502    \u2500\u2500\u2500\u2500\u2500\u2500   \u2502               \u2502    \u2500\u2500\u2500\u2500\u2500\u2500   \u2502\u2502    \u2500\u2500\u2500\u2500\u2500\u2500   \u2502                              \u2502    \u2500\u2500\u2500\u2500\u2500\u2500   \u2502\u2502    \u2500\u2500\u2500\u2500\u2500\u2500   \u2502\u2502    \u2500\u2500\u2500\u2500\u2500\u2500   \u2502\u2502    \u2500\u2500\u2500\u2500\u2500\u2500   \u2502\u2502    \u2500\u2500\u2500\u2500\u2500\u2500   \u2502\u2502    \u2500\u2500\u2500\u2500\u2500\u2500   \u2502\n\u2502      #0     \u2502               \u2502      #0     \u2502\u2502    Table:   \u2502\u2502  Join Type: \u2502               \u2502    Table:   \u2502\u2502  Join Type: \u2502                              \u2502    Table:   \u2502\u2502      #1     \u2502\u2502    Table:   \u2502\u2502      #1     \u2502\u2502    Table:   \u2502\u2502  Join Type: \u2502\n\u2502      #1     \u2502               \u2502      #2     \u2502\u2502   date_dim  \u2502\u2502     SEMI    \u2502               \u2502   date_dim  \u2502\u2502    INNER    \u2502                              \u2502   date_dim  \u2502\u2502             \u2502\u2502   date_dim  \u2502\u2502             \u2502\u2502   date_dim  \u2502\u2502    INNER    \u2502\n\u2502      #3     \u2502               \u2502             \u2502\u2502             \u2502\u2502             \u2502               \u2502             \u2502\u2502             \u2502                              \u2502             \u2502\u2502             \u2502\u2502             \u2502\u2502             \u2502\u2502             \u2502\u2502             \u2502\n\u2502             \u2502               \u2502             \u2502\u2502    Type:    \u2502\u2502 Conditions: \u2502               \u2502    Type:    \u2502\u2502 Conditions: \u2502                              \u2502    Type:    \u2502\u2502             \u2502\u2502    Type:    \u2502\u2502             \u2502\u2502    Type:    \u2502\u2502 Conditions: \u2502\n\u2502             \u2502               \u2502             \u2502\u2502  Sequential \u2502\u2502 d_month_seq \u2502               \u2502  Sequential \u2502\u2502 cr_item_sk =\u2502                              \u2502  Sequential \u2502\u2502             \u2502\u2502  Sequential \u2502\u2502             \u2502\u2502  Sequential \u2502\u2502 wr_item_sk =\u2502\n\u2502             \u2502               \u2502             \u2502\u2502     Scan    \u2502\u2502     = #0    \u2502               \u2502     Scan    \u2502\u2502   i_item_sk \u2502                              \u2502     Scan    \u2502\u2502             \u2502\u2502     Scan    \u2502\u2502             \u2502\u2502     Scan    \u2502\u2502   i_item_sk \u2502\n\u2502             \u2502               \u2502             \u2502\u2502             \u2502\u2502             \u2502               \u2502             \u2502\u2502             \u2502                              \u2502             \u2502\u2502             \u2502\u2502             \u2502\u2502             \u2502\u2502             \u2502\u2502             \u2502\n\u2502             \u2502               \u2502             \u2502\u2502 Projections:\u2502\u2502             \u2502               \u2502 Projections:\u2502\u2502             \u2502                              \u2502 Projections:\u2502\u2502             \u2502\u2502 Projections:\u2502\u2502             \u2502\u2502 Projections:\u2502\u2502             \u2502\n\u2502             \u2502               \u2502             \u2502\u2502    d_date   \u2502\u2502             \u251c\u2500\u2500\u2500\u2500\u2500\u2500\u2500\u2510       \u2502    d_date   \u2502\u2502             \u251c\u2500\u2500\u2500\u2500\u2500\u2500\u2500\u2500\u2500\u2500\u2500\u2500\u2500\u2500\u2500\u2500\u2500\u2500\u2500\u2500\u2500\u2500\u2510       \u2502 d_month_seq \u2502\u2502             \u2502\u2502 d_month_seq \u2502\u2502             \u2502\u2502    d_date   \u2502\u2502             \u251c\n\u2502             \u2502               \u2502             \u2502\u2502  d_date_sk  \u2502\u2502             \u2502       \u2502       \u2502  d_date_sk  \u2502\u2502             \u2502                      \u2502       \u2502    d_date   \u2502\u2502             \u2502\u2502    d_date   \u2502\u2502             \u2502\u2502  d_date_sk  \u2502\u2502             \u2502\n\u2502             \u2502               \u2502             \u2502\u2502             \u2502\u2502             \u2502       \u2502       \u2502             \u2502\u2502             \u2502                      \u2502       \u2502             \u2502\u2502             \u2502\u2502             \u2502\u2502             \u2502\u2502             \u2502\u2502             \u2502\n\u2502             \u2502               \u2502             \u2502\u2502   Filters:  \u2502\u2502             \u2502       \u2502       \u2502   Filters:  \u2502\u2502             \u2502                      \u2502       \u2502             \u2502\u2502             \u2502\u2502             \u2502\u2502             \u2502\u2502   Filters:  \u2502\u2502             \u2502\n\u2502             \u2502               \u2502             \u2502\u2502  d_date_sk> \u2502\u2502             \u2502       \u2502       \u2502  d_date_sk> \u2502\u2502             \u2502                      \u2502       \u2502             \u2502\u2502             \u2502\u2502             \u2502\u2502             \u2502\u2502  d_date_sk> \u2502\u2502             \u2502\n\u2502             \u2502               \u2502             \u2502\u2502 =2450820 AND\u2502\u2502             \u2502       \u2502       \u2502 =2450827 AND\u2502\u2502             \u2502                      \u2502       \u2502             \u2502\u2502             \u2502\u2502             \u2502\u2502             \u2502\u2502 =2450821 AND\u2502\u2502             \u2502\n\u2502             \u2502               \u2502             \u2502\u2502  d_date_sk< \u2502\u2502             \u2502       \u2502       \u2502  d_date_sk< \u2502\u2502             \u2502                      \u2502       \u2502             \u2502\u2502             \u2502\u2502             \u2502\u2502             \u2502\u2502  d_date_sk< \u2502\u2502             \u2502\n\u2502             \u2502               \u2502             \u2502\u2502   =2452822  \u2502\u2502             \u2502       \u2502       \u2502   =2452918  \u2502\u2502             \u2502                      \u2502       \u2502             \u2502\u2502             \u2502\u2502             \u2502\u2502             \u2502\u2502   =2452997  \u2502\u2502             \u2502\n\u2502             \u2502               \u2502             \u2502\u2502             \u2502\u2502             \u2502       \u2502       \u2502             \u2502\u2502             \u2502                      \u2502       \u2502             \u2502\u2502             \u2502\u2502             \u2502\u2502             \u2502\u2502             \u2502\u2502             \u2502\n\u2502    0 rows   \u2502               \u2502  3,687 rows \u2502\u2502   334 rows  \u2502\u2502   122 rows  \u2502       \u2502       \u2502   334 rows  \u2502\u2502    6 rows   \u2502                      \u2502       \u2502   334 rows  \u2502\u2502    4 rows   \u2502\u2502   334 rows  \u2502\u2502    4 rows   \u2502\u2502  1,547 rows \u2502\u2502    4 rows   \u2502\n\u2502   (0.00s)   \u2502               \u2502   (0.00s)   \u2502\u2502   (0.00s)   \u2502\u2502   (0.00s)   \u2502       \u2502       \u2502   (0.00s)   \u2502\u2502   (0.00s)   \u2502                      \u2502       \u2502   (0.00s)   \u2502\u2502   (0.00s)   \u2502\u2502   (0.00s)   \u2502\u2502   (0.00s)   \u2502\u2502   (0.00s)   \u2502\u2502   (0.00s)   \u2502\n\u2514\u2500\u2500\u2500\u2500\u2500\u2500\u252c\u2500\u2500\u2500\u2500\u2500\u2500\u2518               \u2514\u2500\u2500\u2500\u2500\u2500\u2500\u252c\u2500\u2500\u2500\u2500\u2500\u2500\u2518\u2514\u2500\u2500\u2500\u2500\u2500\u2500\u2500\u2500\u2500\u2500\u2500\u2500\u2500\u2518\u2514\u2500\u2500\u2500\u2500\u2500\u2500\u252c\u2500\u2500\u2500\u2500\u2500\u2500\u2518       \u2502       \u2514\u2500\u2500\u2500\u2500\u2500\u2500\u2500\u2500\u2500\u2500\u2500\u2500\u2500\u2518\u2514\u2500\u2500\u2500\u2500\u2500\u2500\u252c\u2500\u2500\u2500\u2500\u2500\u2500\u2518                      \u2502       \u2514\u2500\u2500\u2500\u2500\u2500\u2500\u2500\u2500\u2500\u2500\u2500\u2500\u2500\u2518\u2514\u2500\u2500\u2500\u2500\u2500\u2500\u252c\u2500\u2500\u2500\u2500\u2500\u2500\u2518\u2514\u2500\u2500\u2500\u2500\u2500\u2500\u2500\u2500\u2500\u2500\u2500\u2500\u2500\u2518\u2514\u2500\u2500\u2500\u2500\u2500\u2500\u252c\u2500\u2500\u2500\u2500\u2500\u2500\u2518\u2514\u2500\u2500\u2500\u2500\u2500\u2500\u2500\u2500\u2500\u2500\u2500\u2500\u2500\u2518\u2514\u2500\u2500\u2500\u2500\u2500\u2500\u252c\u2500\u2500\u2500\u2500\u2500\u2500\u2518\n\u250c\u2500\u2500\u2500\u2500\u2500\u2500\u2534\u2500\u2500\u2500\u2500\u2500\u2500\u2510               \u250c\u2500\u2500\u2500\u2500\u2500\u2500\u2534\u2500\u2500\u2500\u2500\u2500\u2500\u2510               \u250c\u2500\u2500\u2500\u2500\u2500\u2500\u2534\u2500\u2500\u2500\u2500\u2500\u2500\u2510\u250c\u2500\u2500\u2500\u2500\u2500\u2500\u2534\u2500\u2500\u2500\u2500\u2500\u2500\u2510               \u250c\u2500\u2500\u2500\u2500\u2500\u2500\u2534\u2500\u2500\u2500\u2500\u2500\u2500\u2510               \u250c\u2500\u2500\u2500\u2500\u2500\u2500\u2534\u2500\u2500\u2500\u2500\u2500\u2500\u2510               \u250c\u2500\u2500\u2500\u2500\u2500\u2500\u2534\u2500\u2500\u2500\u2500\u2500\u2500\u2510               \u250c\u2500\u2500\u2500\u2500\u2500\u2500\u2534\u2500\u2500\u2500\u2500\u2500\u2500\u2510               \u250c\u2500\u2500\u2500\u2500\u2500\u2500\u2534\u2500\u2500\u2500\u2500\u2500\u2500\u2510\n\u2502    FILTER   \u2502               \u2502    FILTER   \u2502               \u2502  TABLE_SCAN \u2502\u2502  PROJECTION \u2502               \u2502  PROJECTION \u2502               \u2502  PROJECTION \u2502               \u2502    FILTER   \u2502               \u2502    FILTER   \u2502               \u2502  PROJECTION \u2502\n\u2502    \u2500\u2500\u2500\u2500\u2500\u2500   \u2502               \u2502    \u2500\u2500\u2500\u2500\u2500\u2500   \u2502               \u2502    \u2500\u2500\u2500\u2500\u2500\u2500   \u2502\u2502    \u2500\u2500\u2500\u2500\u2500\u2500   \u2502               \u2502    \u2500\u2500\u2500\u2500\u2500\u2500   \u2502               \u2502    \u2500\u2500\u2500\u2500\u2500\u2500   \u2502               \u2502    \u2500\u2500\u2500\u2500\u2500\u2500   \u2502               \u2502    \u2500\u2500\u2500\u2500\u2500\u2500   \u2502               \u2502    \u2500\u2500\u2500\u2500\u2500\u2500   \u2502\n\u2502  (IN (...)  \u2502               \u2502 ((i_category\u2502               \u2502    Table:   \u2502\u2502      #1     \u2502               \u2502      #0     \u2502               \u2502      #0     \u2502               \u2502 ((d_date =  \u2502               \u2502 ((d_date =  \u2502               \u2502      #0     \u2502\n\u2502  AND ((CAST \u2502               \u2502  = 'Children\u2502               \u2502   date_dim  \u2502\u2502             \u2502               \u2502      #1     \u2502               \u2502      #2     \u2502               \u2502 '1999-01-10'\u2502               \u2502 '1999-01-10'\u2502               \u2502      #1     \u2502\n\u2502(sr_return_am\u2502               \u2502') OR (i_cate\u2502               \u2502             \u2502\u2502             \u2502               \u2502      #3     \u2502               \u2502             \u2502               \u2502 ::DATE) OR  \u2502               \u2502 ::DATE) OR  \u2502               \u2502      #3     \u2502\n\u2502 t AS DOUBLE)\u2502               \u2502gory = 'Elect\u2502               \u2502    Type:    \u2502\u2502             \u2502               \u2502             \u2502               \u2502             \u2502               \u2502  (d_date =  \u2502               \u2502  (d_date =  \u2502               \u2502             \u2502\n\u2502 / CAST(sr_re\u2502               \u2502  ronics'))  \u2502               \u2502  Sequential \u2502\u2502             \u2502               \u2502             \u2502               \u2502             \u2502               \u2502 '1999-06-17'\u2502               \u2502 '1999-06-17'\u2502               \u2502             \u2502\n\u2502turn_quantity\u2502               \u2502             \u2502               \u2502     Scan    \u2502\u2502             \u2502               \u2502             \u2502               \u2502             \u2502               \u2502 ::DATE) OR  \u2502               \u2502 ::DATE) OR  \u2502               \u2502             \u2502\n\u2502  AS DOUBLE))\u2502               \u2502             \u2502               \u2502             \u2502\u2502             \u2502               \u2502             \u2502               \u2502             \u2502               \u2502  (d_date =  \u2502               \u2502  (d_date =  \u2502               \u2502             \u2502\n\u2502  BETWEEN 253\u2502               \u2502             \u2502               \u2502 Projections:\u2502\u2502             \u2502               \u2502             \u2502               \u2502             \u2502               \u2502 '1999-08-04'\u2502               \u2502 '1999-08-04'\u2502               \u2502             \u2502\n\u2502 .0 AND 282.0\u2502               \u2502             \u2502               \u2502 d_month_seq \u2502\u2502             \u2502               \u2502             \u2502               \u2502             \u2502               \u2502 ::DATE) OR  \u2502               \u2502 ::DATE) OR  \u2502               \u2502             \u2502\n\u2502      ))     \u2502               \u2502             \u2502               \u2502    d_date   \u2502\u2502             \u2502               \u2502             \u2502               \u2502             \u2502               \u2502  (d_date =  \u2502               \u2502  (d_date =  \u2502               \u2502             \u2502\n\u2502             \u2502               \u2502             \u2502               \u2502             \u2502\u2502             \u2502               \u2502             \u2502               \u2502             \u2502               \u2502 '1999-11-05'\u2502               \u2502 '1999-11-05'\u2502               \u2502             \u2502\n\u2502             \u2502               \u2502             \u2502               \u2502             \u2502\u2502             \u2502               \u2502             \u2502               \u2502             \u2502               \u2502   ::DATE))  \u2502               \u2502   ::DATE))  \u2502               \u2502             \u2502\n\u2502             \u2502               \u2502             \u2502               \u2502             \u2502\u2502             \u2502               \u2502             \u2502               \u2502             \u2502               \u2502             \u2502               \u2502             \u2502               \u2502             \u2502\n\u2502    0 rows   \u2502               \u2502  3,687 rows \u2502               \u2502   334 rows  \u2502\u2502    4 rows   \u2502               \u2502   188 rows  \u2502               \u2502  3,687 rows \u2502               \u2502    4 rows   \u2502               \u2502    4 rows   \u2502               \u2502   88 rows   \u2502\n\u2502   (0.01s)   \u2502               \u2502   (0.00s)   \u2502               \u2502   (0.00s)   \u2502\u2502   (0.00s)   \u2502               \u2502   (0.00s)   \u2502               \u2502   (0.00s)   \u2502               \u2502   (0.00s)   \u2502               \u2502   (0.00s)   \u2502               \u2502   (0.00s)   \u2502\n\u2514\u2500\u2500\u2500\u2500\u2500\u2500\u252c\u2500\u2500\u2500\u2500\u2500\u2500\u2518               \u2514\u2500\u2500\u2500\u2500\u2500\u2500\u252c\u2500\u2500\u2500\u2500\u2500\u2500\u2518               \u2514\u2500\u2500\u2500\u2500\u2500\u2500\u2500\u2500\u2500\u2500\u2500\u2500\u2500\u2518\u2514\u2500\u2500\u2500\u2500\u2500\u2500\u252c\u2500\u2500\u2500\u2500\u2500\u2500\u2518               \u2514\u2500\u2500\u2500\u2500\u2500\u2500\u252c\u2500\u2500\u2500\u2500\u2500\u2500\u2518               \u2514\u2500\u2500\u2500\u2500\u2500\u2500\u252c\u2500\u2500\u2500\u2500\u2500\u2500\u2518               \u2514\u2500\u2500\u2500\u2500\u2500\u2500\u252c\u2500\u2500\u2500\u2500\u2500\u2500\u2518               \u2514\u2500\u2500\u2500\u2500\u2500\u2500\u252c\u2500\u2500\u2500\u2500\u2500\u2500\u2518               \u2514\u2500\u2500\u2500\u2500\u2500\u2500\u252c\u2500\u2500\u2500\u2500\u2500\u2500\u2518\n\u250c\u2500\u2500\u2500\u2500\u2500\u2500\u2534\u2500\u2500\u2500\u2500\u2500\u2500\u2510               \u250c\u2500\u2500\u2500\u2500\u2500\u2500\u2534\u2500\u2500\u2500\u2500\u2500\u2500\u2510                              \u250c\u2500\u2500\u2500\u2500\u2500\u2500\u2534\u2500\u2500\u2500\u2500\u2500\u2500\u2510               \u250c\u2500\u2500\u2500\u2500\u2500\u2500\u2534\u2500\u2500\u2500\u2500\u2500\u2500\u2510               \u250c\u2500\u2500\u2500\u2500\u2500\u2500\u2534\u2500\u2500\u2500\u2500\u2500\u2500\u2510               \u250c\u2500\u2500\u2500\u2500\u2500\u2500\u2534\u2500\u2500\u2500\u2500\u2500\u2500\u2510               \u250c\u2500\u2500\u2500\u2500\u2500\u2500\u2534\u2500\u2500\u2500\u2500\u2500\u2500\u2510               \u250c\u2500\u2500\u2500\u2500\u2500\u2500\u2534\u2500\u2500\u2500\u2500\u2500\u2500\u2510\n\u2502  HASH_JOIN  \u2502               \u2502  TABLE_SCAN \u2502                              \u2502    FILTER   \u2502               \u2502    FILTER   \u2502               \u2502    FILTER   \u2502               \u2502  TABLE_SCAN \u2502               \u2502  TABLE_SCAN \u2502               \u2502    FILTER   \u2502\n\u2502    \u2500\u2500\u2500\u2500\u2500\u2500   \u2502               \u2502    \u2500\u2500\u2500\u2500\u2500\u2500   \u2502                              \u2502    \u2500\u2500\u2500\u2500\u2500\u2500   \u2502               \u2502    \u2500\u2500\u2500\u2500\u2500\u2500   \u2502               \u2502    \u2500\u2500\u2500\u2500\u2500\u2500   \u2502               \u2502    \u2500\u2500\u2500\u2500\u2500\u2500   \u2502               \u2502    \u2500\u2500\u2500\u2500\u2500\u2500   \u2502               \u2502    \u2500\u2500\u2500\u2500\u2500\u2500   \u2502\n\u2502  Join Type: \u2502               \u2502    Table:   \u2502                              \u2502 ((d_date =  \u2502               \u2502  (IN (...)  \u2502               \u2502 ((i_category\u2502               \u2502    Table:   \u2502               \u2502    Table:   \u2502               \u2502  (IN (...)  \u2502\n\u2502     MARK    \u2502               \u2502     item    \u2502                              \u2502 '1999-01-10'\u2502               \u2502  AND ((CAST \u2502               \u2502  = 'Children\u2502               \u2502   date_dim  \u2502               \u2502   date_dim  \u2502               \u2502  AND ((CAST \u2502\n\u2502             \u2502               \u2502             \u2502                              \u2502 ::DATE) OR  \u2502               \u2502(cr_return_am\u2502               \u2502') OR (i_cate\u2502               \u2502             \u2502               \u2502             \u2502               \u2502(wr_return_am\u2502\n\u2502 Conditions: \u2502               \u2502    Type:    \u2502                              \u2502  (d_date =  \u2502               \u2502ount AS DOUBL\u2502               \u2502gory = 'Elect\u2502               \u2502    Type:    \u2502               \u2502    Type:    \u2502               \u2502 t AS DOUBLE)\u2502\n\u2502 sr_reason_sk\u2502               \u2502  Sequential \u2502                              \u2502 '1999-06-17'\u2502               \u2502  E) / CAST  \u2502               \u2502  ronics'))  \u2502               \u2502  Sequential \u2502               \u2502  Sequential \u2502               \u2502 / CAST(wr_re\u2502\n\u2502     = #0    \u2502               \u2502     Scan    \u2502                              \u2502 ::DATE) OR  \u2502               \u2502(cr_return_qu\u2502               \u2502             \u2502               \u2502     Scan    \u2502               \u2502     Scan    \u2502               \u2502turn_quantity\u2502\n\u2502             \u2502               \u2502             \u2502                              \u2502  (d_date =  \u2502               \u2502  antity AS  \u2502               \u2502             \u2502               \u2502             \u2502               \u2502             \u2502               \u2502  AS DOUBLE))\u2502\n\u2502             \u2502               \u2502 Projections:\u2502                              \u2502 '1999-08-04'\u2502               \u2502   DOUBLE))  \u2502               \u2502             \u2502               \u2502 Projections:\u2502               \u2502 Projections:\u2502               \u2502  BETWEEN 253\u2502\n\u2502             \u2502               \u2502  i_item_sk  \u2502                              \u2502 ::DATE) OR  \u2502               \u2502  BETWEEN 253\u2502               \u2502             \u2502               \u2502    d_date   \u2502               \u2502    d_date   \u2502               \u2502 .0 AND 282.0\u2502\n\u2502             \u2502               \u2502  i_category \u2502                              \u2502  (d_date =  \u2502               \u2502 .0 AND 282.0\u2502               \u2502             \u2502               \u2502 d_month_seq \u2502               \u2502 d_month_seq \u2502               \u2502      ))     \u2502\n\u2502             \u2502               \u2502  i_item_id  \u2502                              \u2502 '1999-11-05'\u2502               \u2502      ))     \u2502               \u2502             \u2502               \u2502             \u2502               \u2502             \u2502               \u2502             \u2502\n\u2502             \u251c\u2500\u2500\u2500\u2500\u2500\u2500\u2500\u2510       \u2502             \u2502                              \u2502   ::DATE))  \u2502               \u2502             \u2502               \u2502             \u2502               \u2502   Filters:  \u2502               \u2502   Filters:  \u2502               \u2502             \u2502\n\u2502             \u2502       \u2502       \u2502   Filters:  \u2502                              \u2502             \u2502               \u2502             \u2502               \u2502             \u2502               \u2502  optional:  \u2502               \u2502  optional:  \u2502               \u2502             \u2502\n\u2502             \u2502       \u2502       \u2502  optional:  \u2502                              \u2502             \u2502               \u2502             \u2502               \u2502             \u2502               \u2502  d_date IN (\u2502               \u2502  d_date IN (\u2502               \u2502             \u2502\n\u2502             \u2502       \u2502       \u2502  i_category \u2502                              \u2502             \u2502               \u2502             \u2502               \u2502             \u2502               \u2502 '1999-01-10'\u2502               \u2502 '1999-01-10'\u2502               \u2502             \u2502\n\u2502             \u2502       \u2502       \u2502 IN ('Childre\u2502                              \u2502             \u2502               \u2502             \u2502               \u2502             \u2502               \u2502   ::DATE,   \u2502               \u2502   ::DATE,   \u2502               \u2502             \u2502\n\u2502             \u2502       \u2502       \u2502n', 'Electron\u2502                              \u2502             \u2502               \u2502             \u2502               \u2502             \u2502               \u2502 '1999-06-17'\u2502               \u2502 '1999-06-17'\u2502               \u2502             \u2502\n\u2502             \u2502       \u2502       \u2502    ics')    \u2502                              \u2502             \u2502               \u2502             \u2502               \u2502             \u2502               \u2502   ::DATE,   \u2502               \u2502   ::DATE,   \u2502               \u2502             \u2502\n\u2502             \u2502       \u2502       \u2502 i_manager_id\u2502                              \u2502             \u2502               \u2502             \u2502               \u2502             \u2502               \u2502 '1999-08-04'\u2502               \u2502 '1999-08-04'\u2502               \u2502             \u2502\n\u2502             \u2502       \u2502       \u2502   >=15 AND  \u2502                              \u2502             \u2502               \u2502             \u2502               \u2502             \u2502               \u2502   ::DATE,   \u2502               \u2502   ::DATE,   \u2502               \u2502             \u2502\n\u2502             \u2502       \u2502       \u2502 i_manager_id\u2502                              \u2502             \u2502               \u2502             \u2502               \u2502             \u2502               \u2502 '1999-11-05'\u2502               \u2502 '1999-11-05'\u2502               \u2502             \u2502\n\u2502             \u2502       \u2502       \u2502     <=24    \u2502                              \u2502             \u2502               \u2502             \u2502               \u2502             \u2502               \u2502   ::DATE)   \u2502               \u2502   ::DATE)   \u2502               \u2502             \u2502\n\u2502             \u2502       \u2502       \u2502             \u2502                              \u2502             \u2502               \u2502             \u2502               \u2502             \u2502               \u2502             \u2502               \u2502             \u2502               \u2502             \u2502\n\u2502 494,777 rows\u2502       \u2502       \u2502 18,512 rows \u2502                              \u2502    4 rows   \u2502               \u2502   188 rows  \u2502               \u2502  3,687 rows \u2502               \u2502 73,049 rows \u2502               \u2502 73,049 rows \u2502               \u2502   88 rows   \u2502\n\u2502   (0.01s)   \u2502       \u2502       \u2502   (0.00s)   \u2502                              \u2502   (0.00s)   \u2502               \u2502   (0.01s)   \u2502               \u2502   (0.00s)   \u2502               \u2502   (0.00s)   \u2502               \u2502   (0.00s)   \u2502               \u2502   (0.00s)   \u2502\n\u2514\u2500\u2500\u2500\u2500\u2500\u2500\u252c\u2500\u2500\u2500\u2500\u2500\u2500\u2518       \u2502       \u2514\u2500\u2500\u2500\u2500\u2500\u2500\u2500\u2500\u2500\u2500\u2500\u2500\u2500\u2518                              \u2514\u2500\u2500\u2500\u2500\u2500\u2500\u252c\u2500\u2500\u2500\u2500\u2500\u2500\u2518               \u2514\u2500\u2500\u2500\u2500\u2500\u2500\u252c\u2500\u2500\u2500\u2500\u2500\u2500\u2518               \u2514\u2500\u2500\u2500\u2500\u2500\u2500\u252c\u2500\u2500\u2500\u2500\u2500\u2500\u2518               \u2514\u2500\u2500\u2500\u2500\u2500\u2500\u2500\u2500\u2500\u2500\u2500\u2500\u2500\u2518               \u2514\u2500\u2500\u2500\u2500\u2500\u2500\u2500\u2500\u2500\u2500\u2500\u2500\u2500\u2518               \u2514\u2500\u2500\u2500\u2500\u2500\u2500\u252c\u2500\u2500\u2500\u2500\u2500\u2500\u2518\n\u250c\u2500\u2500\u2500\u2500\u2500\u2500\u2534\u2500\u2500\u2500\u2500\u2500\u2500\u2510\u250c\u2500\u2500\u2500\u2500\u2500\u2500\u2534\u2500\u2500\u2500\u2500\u2500\u2500\u2510                                             \u250c\u2500\u2500\u2500\u2500\u2500\u2500\u2534\u2500\u2500\u2500\u2500\u2500\u2500\u2510               \u250c\u2500\u2500\u2500\u2500\u2500\u2500\u2534\u2500\u2500\u2500\u2500\u2500\u2500\u2510               \u250c\u2500\u2500\u2500\u2500\u2500\u2500\u2534\u2500\u2500\u2500\u2500\u2500\u2500\u2510                                                                           \u250c\u2500\u2500\u2500\u2500\u2500\u2500\u2534\u2500\u2500\u2500\u2500\u2500\u2500\u2510\n\u2502  TABLE_SCAN \u2502\u2502COLUMN_D...  \u2502                                             \u2502  TABLE_SCAN \u2502               \u2502  HASH_JOIN  \u2502               \u2502  TABLE_SCAN \u2502                                                                           \u2502  HASH_JOIN  \u2502\n\u2502    \u2500\u2500\u2500\u2500\u2500\u2500   \u2502\u2502             \u2502                                             \u2502    \u2500\u2500\u2500\u2500\u2500\u2500   \u2502               \u2502    \u2500\u2500\u2500\u2500\u2500\u2500   \u2502               \u2502    \u2500\u2500\u2500\u2500\u2500\u2500   \u2502                                                                           \u2502    \u2500\u2500\u2500\u2500\u2500\u2500   \u2502\n\u2502    Table:   \u2502\u2502             \u2502                                             \u2502    Table:   \u2502               \u2502  Join Type: \u2502               \u2502    Table:   \u2502                                                                           \u2502  Join Type: \u2502\n\u2502store_returns\u2502\u2502             \u2502                                             \u2502   date_dim  \u2502               \u2502     MARK    \u2502               \u2502     item    \u2502                                                                           \u2502     MARK    \u2502\n\u2502             \u2502\u2502             \u2502                                             \u2502             \u2502               \u2502             \u2502               \u2502             \u2502                                                                           \u2502             \u2502\n\u2502    Type:    \u2502\u2502             \u2502                                             \u2502    Type:    \u2502               \u2502 Conditions: \u2502               \u2502    Type:    \u2502                                                                           \u2502 Conditions: \u2502\n\u2502  Sequential \u2502\u2502             \u2502                                             \u2502  Sequential \u2502               \u2502 cr_reason_sk\u2502               \u2502  Sequential \u2502                                                                           \u2502 wr_reason_sk\u2502\n\u2502     Scan    \u2502\u2502             \u2502                                             \u2502     Scan    \u2502               \u2502     = #0    \u2502               \u2502     Scan    \u2502                                                                           \u2502     = #0    \u2502\n\u2502             \u2502\u2502             \u2502                                             \u2502             \u2502               \u2502             \u2502               \u2502             \u2502                                                                           \u2502             \u2502\n\u2502 Projections:\u2502\u2502             \u2502                                             \u2502 Projections:\u2502               \u2502             \u2502               \u2502 Projections:\u2502                                                                           \u2502             \u2502\n\u2502  sr_item_sk \u2502\u2502             \u2502                                             \u2502    d_date   \u2502               \u2502             \u2502               \u2502  i_item_sk  \u2502                                                                           \u2502             \u2502\n\u2502sr_returned_d\u2502\u2502             \u2502                                             \u2502 d_month_seq \u2502               \u2502             \u2502               \u2502  i_category \u2502                                                                           \u2502             \u2502\n\u2502    ate_sk   \u2502\u2502             \u2502                                             \u2502             \u2502               \u2502             \u2502               \u2502  i_item_id  \u2502                                                                           \u2502             \u2502\n\u2502sr_return_amt\u2502\u2502             \u2502                                             \u2502   Filters:  \u2502               \u2502             \u251c\u2500\u2500\u2500\u2500\u2500\u2500\u2500\u2510       \u2502             \u2502                                                                           \u2502             \u251c\n\u2502sr_return_qua\u2502\u2502             \u2502                                             \u2502  optional:  \u2502               \u2502             \u2502       \u2502       \u2502   Filters:  \u2502                                                                           \u2502             \u2502\n\u2502    ntity    \u2502\u2502             \u2502                                             \u2502  d_date IN (\u2502               \u2502             \u2502       \u2502       \u2502  optional:  \u2502                                                                           \u2502             \u2502\n\u2502 sr_reason_sk\u2502\u2502             \u2502                                             \u2502 '1999-01-10'\u2502               \u2502             \u2502       \u2502       \u2502  i_category \u2502                                                                           \u2502             \u2502\n\u2502             \u2502\u2502             \u2502                                             \u2502   ::DATE,   \u2502               \u2502             \u2502       \u2502       \u2502 IN ('Childre\u2502                                                                           \u2502             \u2502\n\u2502   Filters:  \u2502\u2502             \u2502                                             \u2502 '1999-06-17'\u2502               \u2502             \u2502       \u2502       \u2502n', 'Electron\u2502                                                                           \u2502             \u2502\n\u2502  optional:  \u2502\u2502             \u2502                                             \u2502   ::DATE,   \u2502               \u2502             \u2502       \u2502       \u2502    ics')    \u2502                                                                           \u2502             \u2502\n\u2502 sr_reason_sk\u2502\u2502             \u2502                                             \u2502 '1999-08-04'\u2502               \u2502             \u2502       \u2502       \u2502 i_manager_id\u2502                                                                           \u2502             \u2502\n\u2502  IN (7, 18, \u2502\u2502             \u2502                                             \u2502   ::DATE,   \u2502               \u2502             \u2502       \u2502       \u2502   >=15 AND  \u2502                                                                           \u2502             \u2502\n\u2502  19, 22, 36)\u2502\u2502             \u2502                                             \u2502 '1999-11-05'\u2502               \u2502             \u2502       \u2502       \u2502 i_manager_id\u2502                                                                           \u2502             \u2502\n\u2502             \u2502\u2502             \u2502                                             \u2502   ::DATE)   \u2502               \u2502             \u2502       \u2502       \u2502     <=24    \u2502                                                                           \u2502             \u2502\n\u2502             \u2502\u2502             \u2502                                             \u2502             \u2502               \u2502             \u2502       \u2502       \u2502             \u2502                                                                           \u2502             \u2502\n\u2502 494,777 rows\u2502\u2502    5 rows   \u2502                                             \u2502 73,049 rows \u2502               \u25021,440,20...  \u2502       \u2502       \u2502 18,512 rows \u2502                                                                           \u2502 718,662 rows\u2502\n\u2502   (0.02s)   \u2502\u2502   (0.00s)   \u2502                                             \u2502   (0.00s)   \u2502               \u2502   (0.01s)   \u2502       \u2502       \u2502   (0.00s)   \u2502                                                                           \u2502   (0.01s)   \u2502\n\u2514\u2500\u2500\u2500\u2500\u2500\u2500\u2500\u2500\u2500\u2500\u2500\u2500\u2500\u2518\u2514\u2500\u2500\u2500\u2500\u2500\u2500\u2500\u2500\u2500\u2500\u2500\u2500\u2500\u2518                                             \u2514\u2500\u2500\u2500\u2500\u2500\u2500\u2500\u2500\u2500\u2500\u2500\u2500\u2500\u2518               \u2514\u2500\u2500\u2500\u2500\u2500\u2500\u252c\u2500\u2500\u2500\u2500\u2500\u2500\u2518       \u2502       \u2514\u2500\u2500\u2500\u2500\u2500\u2500\u2500\u2500\u2500\u2500\u2500\u2500\u2500\u2518                                                                           \u2514\u2500\u2500\u2500\u2500\u2500\u2500\u252c\u2500\u2500\u2500\u2500\u2500\u2500\u2518\n                                                                                                         \u250c\u2500\u2500\u2500\u2500\u2500\u2500\u2534\u2500\u2500\u2500\u2500\u2500\u2500\u2510\u250c\u2500\u2500\u2500\u2500\u2500\u2500\u2534\u2500\u2500\u2500\u2500\u2500\u2500\u2510                                                                                          \u250c\u2500\u2500\u2500\u2500\u2500\u2500\u2534\u2500\u2500\u2500\u2500\u2500\u2500\u2510\n                                                                                                         \u2502  TABLE_SCAN \u2502\u2502COLUMN_D...  \u2502                                                                                          \u2502  TABLE_SCAN \u2502\n                                                                                                         \u2502    \u2500\u2500\u2500\u2500\u2500\u2500   \u2502\u2502             \u2502                                                                                          \u2502    \u2500\u2500\u2500\u2500\u2500\u2500   \u2502\n                                                                                                         \u2502    Table:   \u2502\u2502             \u2502                                                                                          \u2502    Table:   \u2502\n                                                                                                         \u2502catalog_retur\u2502\u2502             \u2502                                                                                          \u2502 web_returns \u2502\n                                                                                                         \u2502      ns     \u2502\u2502             \u2502                                                                                          \u2502             \u2502\n                                                                                                         \u2502             \u2502\u2502             \u2502                                                                                          \u2502    Type:    \u2502\n                                                                                                         \u2502    Type:    \u2502\u2502             \u2502                                                                                          \u2502  Sequential \u2502\n                                                                                                         \u2502  Sequential \u2502\u2502             \u2502                                                                                          \u2502     Scan    \u2502\n                                                                                                         \u2502     Scan    \u2502\u2502             \u2502                                                                                          \u2502             \u2502\n                                                                                                         \u2502             \u2502\u2502             \u2502                                                                                          \u2502 Projections:\u2502\n                                                                                                         \u2502 Projections:\u2502\u2502             \u2502                                                                                          \u2502  wr_item_sk \u2502\n                                                                                                         \u2502  cr_item_sk \u2502\u2502             \u2502                                                                                          \u2502wr_returned_d\u2502\n                                                                                                         \u2502cr_returned_d\u2502\u2502             \u2502                                                                                          \u2502    ate_sk   \u2502\n                                                                                                         \u2502    ate_sk   \u2502\u2502             \u2502                                                                                          \u2502wr_return_amt\u2502\n                                                                                                         \u2502cr_return_amo\u2502\u2502             \u2502                                                                                          \u2502wr_return_qua\u2502\n                                                                                                         \u2502     unt     \u2502\u2502             \u2502                                                                                          \u2502    ntity    \u2502\n                                                                                                         \u2502cr_return_qua\u2502\u2502             \u2502                                                                                          \u2502 wr_reason_sk\u2502\n                                                                                                         \u2502    ntity    \u2502\u2502             \u2502                                                                                          \u2502             \u2502\n                                                                                                         \u2502 cr_reason_sk\u2502\u2502             \u2502                                                                                          \u2502   Filters:  \u2502\n                                                                                                         \u2502             \u2502\u2502             \u2502                                                                                          \u2502  optional:  \u2502\n                                                                                                         \u2502   Filters:  \u2502\u2502             \u2502                                                                                          \u2502 wr_reason_sk\u2502\n                                                                                                         \u2502  optional:  \u2502\u2502             \u2502                                                                                          \u2502  IN (7, 18, \u2502\n                                                                                                         \u2502 cr_reason_sk\u2502\u2502             \u2502                                                                                          \u2502  19, 22, 36)\u2502\n                                                                                                         \u2502  IN (7, 18, \u2502\u2502             \u2502                                                                                          \u2502             \u2502\n                                                                                                         \u2502  19, 22, 36)\u2502\u2502             \u2502                                                                                          \u2502             \u2502\n                                                                                                         \u2502             \u2502\u2502             \u2502                                                                                          \u2502             \u2502\n                                                                                                         \u25021,440,20...  \u2502\u2502    5 rows   \u2502                                                                                          \u2502 718,662 rows\u2502\n                                                                                                         \u2502   (0.01s)   \u2502\u2502   (0.00s)   \u2502                                                                                          \u2502   (0.00s)   \u2502\n                                                                                                         \u2514\u2500\u2500\u2500\u2500\u2500\u2500\u2500\u2500\u2500\u2500\u2500\u2500\u2500\u2518\u2514\u2500\u2500\u2500\u2500\u2500\u2500\u2500\u2500\u2500\u2500\u2500\u2500\u2500\u2518                                                                                          \u2514\u2500\u2500\u2500\u2500\u2500\u2500\u2500\u2500\u2500\u2500\u2500\u2500\u2500\u2518\n",
  "plan_json": {
    "total_bytes_written": 0,
    "total_bytes_read": 0,
    "rows_returned": 0,
    "latency": 0.0,
    "result_set_size": 0,
    "query_name": "",
    "blocked_thread_time": 0.0,
    "system_peak_buffer_memory": 0,
    "system_peak_temp_dir_size": 0,
    "cpu_time": 0.0,
    "extra_info": {},
    "cumulative_cardinality": 0,
    "cumulative_rows_scanned": 0,
    "children": [
      {
        "total_bytes_written": 0,
        "total_bytes_read": 0,
        "result_set_size": 0,
        "operator_name": "EXPLAIN_ANALYZE",
        "cpu_time": 0.0,
        "extra_info": {},
        "cumulative_cardinality": 0,
        "operator_type": "EXPLAIN_ANALYZE",
        "operator_cardinality": 0,
        "cumulative_rows_scanned": 0,
        "operator_rows_scanned": 0,
        "operator_timing": 0.0,
        "children": [
          {
            "total_bytes_written": 0,
            "total_bytes_read": 0,
            "result_set_size": 0,
            "operator_name": "TOP_N",
            "cpu_time": 0.0,
            "extra_info": {
              "Top": "100",
              "Order By": [
                "sr_items.item_id ASC",
                "sr_items.sr_item_qty ASC"
              ]
            },
            "cumulative_cardinality": 0,
            "operator_type": "TOP_N",
            "operator_cardinality": 0,
            "cumulative_rows_scanned": 0,
            "operator_rows_scanned": 0,
            "operator_timing": 2.86e-07,
            "children": [
              {
                "total_bytes_written": 0,
                "total_bytes_read": 0,
                "result_set_size": 0,
                "operator_name": "PROJECTION",
                "cpu_time": 0.0,
                "extra_info": {
                  "Projections": [
                    "item_id",
                    "sr_item_qty",
                    "sr_dev",
                    "cr_item_qty",
                    "cr_dev",
                    "wr_item_qty",
                    "wr_dev",
                    "average"
                  ],
                  "Estimated Cardinality": "0"
                },
                "cumulative_cardinality": 0,
                "operator_type": "PROJECTION",
                "operator_cardinality": 0,
                "cumulative_rows_scanned": 0,
                "operator_rows_scanned": 0,
                "operator_timing": 0.0,
                "children": [
                  {
                    "total_bytes_written": 0,
                    "total_bytes_read": 0,
                    "result_set_size": 0,
                    "operator_name": "PROJECTION",
                    "cpu_time": 0.0,
                    "extra_info": {
                      "Projections": [
                        "item_id",
                        "sr_item_qty",
                        "CAST(((sr_item_qty + cr_item_qty) + wr_item_qty) AS DOUBLE)",
                        "cr_item_qty",
                        "wr_item_qty"
                      ],
                      "Estimated Cardinality": "0"
                    },
                    "cumulative_cardinality": 0,
                    "operator_type": "PROJECTION",
                    "operator_cardinality": 0,
                    "cumulative_rows_scanned": 0,
                    "operator_rows_scanned": 0,
                    "operator_timing": 0.0,
                    "children": [
                      {
                        "total_bytes_written": 0,
                        "total_bytes_read": 0,
                        "result_set_size": 0,
                        "operator_name": "HASH_JOIN",
                        "cpu_time": 0.0,
                        "extra_info": {
                          "Join Type": "INNER",
                          "Conditions": "item_id = item_id",
                          "Estimated Cardinality": "0"
                        },
                        "cumulative_cardinality": 0,
                        "operator_type": "HASH_JOIN",
                        "operator_cardinality": 0,
                        "cumulative_rows_scanned": 0,
                        "operator_rows_scanned": 0,
                        "operator_timing": 1.153e-06,
                        "children": [
                          {
                            "total_bytes_written": 0,
                            "total_bytes_read": 0,
                            "result_set_size": 0,
                            "operator_name": "HASH_GROUP_BY",
                            "cpu_time": 0.0,
                            "extra_info": {
                              "Groups": "#0",
                              "Aggregates": "sum(#1)",
                              "Estimated Cardinality": "96"
                            },
                            "cumulative_cardinality": 0,
                            "operator_type": "HASH_GROUP_BY",
                            "operator_cardinality": 0,
                            "cumulative_rows_scanned": 0,
                            "operator_rows_scanned": 0,
                            "operator_timing": 5.22e-07,
                            "children": [
                              {
                                "total_bytes_written": 0,
                                "total_bytes_read": 0,
                                "result_set_size": 0,
                                "operator_name": "PROJECTION",
                                "cpu_time": 0.0,
                                "extra_info": {
                                  "Projections": [
                                    "i_item_id",
                                    "sr_return_quantity"
                                  ],
                                  "Estimated Cardinality": "4753"
                                },
                                "cumulative_cardinality": 0,
                                "operator_type": "PROJECTION",
                                "operator_cardinality": 0,
                                "cumulative_rows_scanned": 0,
                                "operator_rows_scanned": 0,
                                "operator_timing": 0.0,
                                "children": [
                                  {
                                    "total_bytes_written": 0,
                                    "total_bytes_read": 0,
                                    "result_set_size": 0,
                                    "operator_name": "PROJECTION",
                                    "cpu_time": 0.0,
                                    "extra_info": {
                                      "Projections": [
                                        "#0",
                                        "#1",
                                        "__internal_compress_integral_usmallint(#2, 2450820)"
                                      ],
                                      "Estimated Cardinality": "4753"
                                    },
                                    "cumulative_cardinality": 0,
                                    "operator_type": "PROJECTION",
                                    "operator_cardinality": 0,
                                    "cumulative_rows_scanned": 0,
                                    "operator_rows_scanned": 0,
                                    "operator_timing": 0.0,
                                    "children": [
                                      {
                                        "total_bytes_written": 0,
                                        "total_bytes_read": 0,
                                        "result_set_size": 0,
                                        "operator_name": "HASH_JOIN",
                                        "cpu_time": 0.0,
                                        "extra_info": {
                                          "Join Type": "INNER",
                                          "Conditions": "sr_returned_date_sk = d_date_sk",
                                          "Estimated Cardinality": "4753"
                                        },
                                        "cumulative_cardinality": 0,
                                        "operator_type": "HASH_JOIN",
                                        "operator_cardinality": 0,
                                        "cumulative_rows_scanned": 0,
                                        "operator_rows_scanned": 0,
                                        "operator_timing": 6.095799999999998e-05,
                                        "children": [
                                          {
                                            "total_bytes_written": 0,
                                            "total_bytes_read": 0,
                                            "result_set_size": 0,
                                            "operator_name": "HASH_JOIN",
                                            "cpu_time": 0.0,
                                            "extra_info": {
                                              "Join Type": "INNER",
                                              "Conditions": "sr_item_sk = i_item_sk",
                                              "Estimated Cardinality": "23765"
                                            },
                                            "cumulative_cardinality": 0,
                                            "operator_type": "HASH_JOIN",
                                            "operator_cardinality": 0,
                                            "cumulative_rows_scanned": 0,
                                            "operator_rows_scanned": 0,
                                            "operator_timing": 0.00021907199999999995,
                                            "children": [
                                              {
                                                "total_bytes_written": 0,
                                                "total_bytes_read": 0,
                                                "result_set_size": 0,
                                                "operator_name": "PROJECTION",
                                                "cpu_time": 0.0,
                                                "extra_info": {
                                                  "Projections": [
                                                    "#0",
                                                    "#1",
                                                    "#3"
                                                  ],
                                                  "Estimated Cardinality": "575506"
                                                },
                                                "cumulative_cardinality": 0,
                                                "operator_type": "PROJECTION",
                                                "operator_cardinality": 0,
                                                "cumulative_rows_scanned": 0,
                                                "operator_rows_scanned": 0,
                                                "operator_timing": 0.0,
                                                "children": [
                                                  {
                                                    "total_bytes_written": 0,
                                                    "total_bytes_read": 0,
                                                    "result_set_size": 0,
                                                    "operator_name": "FILTER",
                                                    "cpu_time": 0.0,
                                                    "extra_info": {
                                                      "Expression": "(IN (...) AND ((CAST(sr_return_amt AS DOUBLE) / CAST(sr_return_quantity AS DOUBLE)) BETWEEN 253.0 AND 282.0))",
                                                      "Estimated Cardinality": "575506"
                                                    },
                                                    "cumulative_cardinality": 0,
                                                    "operator_type": "FILTER",
                                                    "operator_cardinality": 0,
                                                    "cumulative_rows_scanned": 0,
                                                    "operator_rows_scanned": 0,
                                                    "operator_timing": 0.0071740929999999994,
                                                    "children": [
                                                      {
                                                        "total_bytes_written": 0,
                                                        "total_bytes_read": 0,
                                                        "result_set_size": 8411209,
                                                        "operator_name": "HASH_JOIN",
                                                        "cpu_time": 0.0,
                                                        "extra_info": {
                                                          "Join Type": "MARK",
                                                          "Conditions": "sr_reason_sk = #0",
                                                          "Estimated Cardinality": "2877532"
                                                        },
                                                        "cumulative_cardinality": 0,
                                                        "operator_type": "HASH_JOIN",
                                                        "operator_cardinality": 494777,
                                                        "cumulative_rows_scanned": 0,
                                                        "operator_rows_scanned": 0,
                                                        "operator_timing": 0.006974972000000001,
                                                        "children": [
                                                          {
                                                            "total_bytes_written": 0,
                                                            "total_bytes_read": 0,
                                                            "result_set_size": 9895540,
                                                            "operator_name": "SEQ_SCAN ",
                                                            "cpu_time": 0.0,
                                                            "extra_info": {
                                                              "Table": "store_returns",
                                                              "Type": "Sequential Scan",
                                                              "Projections": [
                                                                "sr_item_sk",
                                                                "sr_returned_date_sk",
                                                                "sr_return_amt",
                                                                "sr_return_quantity",
                                                                "sr_reason_sk"
                                                              ],
                                                              "Filters": "optional: sr_reason_sk IN (7, 18, 19, 22, 36)",
                                                              "Estimated Cardinality": "2877532"
                                                            },
                                                            "cumulative_cardinality": 0,
                                                            "operator_type": "TABLE_SCAN",
                                                            "operator_cardinality": 494777,
                                                            "cumulative_rows_scanned": 0,
                                                            "operator_rows_scanned": 69060768,
                                                            "operator_timing": 0.024444475999999996,
                                                            "children": []
                                                          },
                                                          {
                                                            "total_bytes_written": 0,
                                                            "total_bytes_read": 0,
                                                            "result_set_size": 20,
                                                            "operator_name": "COLUMN_DATA_SCAN",
                                                            "cpu_time": 0.0,
                                                            "extra_info": {
                                                              "Estimated Cardinality": "0"
                                                            },
                                                            "cumulative_cardinality": 0,
                                                            "operator_type": "COLUMN_DATA_SCAN",
                                                            "operator_cardinality": 5,
                                                            "cumulative_rows_scanned": 0,
                                                            "operator_rows_scanned": 0,
                                                            "operator_timing": 3.0239999999999998e-06,
                                                            "children": []
                                                          }
                                                        ]
                                                      }
                                                    ]
                                                  }
                                                ]
                                              },
                                              {
                                                "total_bytes_written": 0,
                                                "total_bytes_read": 0,
                                                "result_set_size": 73740,
                                                "operator_name": "PROJECTION",
                                                "cpu_time": 0.0,
                                                "extra_info": {
                                                  "Projections": [
                                                    "#0",
                                                    "#2"
                                                  ],
                                                  "Estimated Cardinality": "4080"
                                                },
                                                "cumulative_cardinality": 0,
                                                "operator_type": "PROJECTION",
                                                "operator_cardinality": 3687,
                                                "cumulative_rows_scanned": 0,
                                                "operator_rows_scanned": 0,
                                                "operator_timing": 3.8099999999999995e-06,
                                                "children": [
                                                  {
                                                    "total_bytes_written": 0,
                                                    "total_bytes_read": 0,
                                                    "result_set_size": 132732,
                                                    "operator_name": "FILTER",
                                                    "cpu_time": 0.0,
                                                    "extra_info": {
                                                      "Expression": "((i_category = 'Children') OR (i_category = 'Electronics'))",
                                                      "Estimated Cardinality": "4080"
                                                    },
                                                    "cumulative_cardinality": 0,
                                                    "operator_type": "FILTER",
                                                    "operator_cardinality": 3687,
                                                    "cumulative_rows_scanned": 0,
                                                    "operator_rows_scanned": 0,
                                                    "operator_timing": 0.00019548699999999997,
                                                    "children": [
                                                      {
                                                        "total_bytes_written": 0,
                                                        "total_bytes_read": 0,
                                                        "result_set_size": 666432,
                                                        "operator_name": "SEQ_SCAN ",
                                                        "cpu_time": 0.0,
                                                        "extra_info": {
                                                          "Table": "item",
                                                          "Type": "Sequential Scan",
                                                          "Projections": [
                                                            "i_item_sk",
                                                            "i_category",
                                                            "i_item_id"
                                                          ],
                                                          "Filters": [
                                                            "optional: i_category IN ('Children', 'Electronics')",
                                                            "i_manager_id>=15 AND i_manager_id<=24"
                                                          ],
                                                          "Estimated Cardinality": "20400"
                                                        },
                                                        "cumulative_cardinality": 0,
                                                        "operator_type": "TABLE_SCAN",
                                                        "operator_cardinality": 18512,
                                                        "cumulative_rows_scanned": 0,
                                                        "operator_rows_scanned": 102000,
                                                        "operator_timing": 0.0007622840000000001,
                                                        "children": []
                                                      }
                                                    ]
                                                  }
                                                ]
                                              }
                                            ]
                                          },
                                          {
                                            "total_bytes_written": 0,
                                            "total_bytes_read": 0,
                                            "result_set_size": 488,
                                            "operator_name": "HASH_JOIN",
                                            "cpu_time": 0.0,
                                            "extra_info": {
                                              "Join Type": "SEMI",
                                              "Conditions": "d_date = #0",
                                              "Estimated Cardinality": "14609"
                                            },
                                            "cumulative_cardinality": 0,
                                            "operator_type": "HASH_JOIN",
                                            "operator_cardinality": 122,
                                            "cumulative_rows_scanned": 0,
                                            "operator_rows_scanned": 0,
                                            "operator_timing": 0.000180287,
                                            "children": [
                                              {
                                                "total_bytes_written": 0,
                                                "total_bytes_read": 0,
                                                "result_set_size": 2672,
                                                "operator_name": "SEQ_SCAN ",
                                                "cpu_time": 0.0,
                                                "extra_info": {
                                                  "Table": "date_dim",
                                                  "Type": "Sequential Scan",
                                                  "Projections": [
                                                    "d_date",
                                                    "d_date_sk"
                                                  ],
                                                  "Filters": "d_date_sk>=2450820 AND d_date_sk<=2452822",
                                                  "Estimated Cardinality": "73049"
                                                },
                                                "cumulative_cardinality": 0,
                                                "operator_type": "TABLE_SCAN",
                                                "operator_cardinality": 334,
                                                "cumulative_rows_scanned": 0,
                                                "operator_rows_scanned": 73049,
                                                "operator_timing": 8.939e-05,
                                                "children": []
                                              },
                                              {
                                                "total_bytes_written": 0,
                                                "total_bytes_read": 0,
                                                "result_set_size": 488,
                                                "operator_name": "HASH_JOIN",
                                                "cpu_time": 0.0,
                                                "extra_info": {
                                                  "Join Type": "SEMI",
                                                  "Conditions": "d_month_seq = #0",
                                                  "Estimated Cardinality": "14609"
                                                },
                                                "cumulative_cardinality": 0,
                                                "operator_type": "HASH_JOIN",
                                                "operator_cardinality": 122,
                                                "cumulative_rows_scanned": 0,
                                                "operator_rows_scanned": 0,
                                                "operator_timing": 0.000124855,
                                                "children": [
                                                  {
                                                    "total_bytes_written": 0,
                                                    "total_bytes_read": 0,
                                                    "result_set_size": 2672,
                                                    "operator_name": "SEQ_SCAN ",
                                                    "cpu_time": 0.0,
                                                    "extra_info": {
                                                      "Table": "date_dim",
                                                      "Type": "Sequential Scan",
                                                      "Projections": [
                                                        "d_month_seq",
                                                        "d_date"
                                                      ],
                                                      "Estimated Cardinality": "73049"
                                                    },
                                                    "cumulative_cardinality": 0,
                                                    "operator_type": "TABLE_SCAN",
                                                    "operator_cardinality": 334,
                                                    "cumulative_rows_scanned": 0,
                                                    "operator_rows_scanned": 73049,
                                                    "operator_timing": 9.7413e-05,
                                                    "children": []
                                                  },
                                                  {
                                                    "total_bytes_written": 0,
                                                    "total_bytes_read": 0,
                                                    "result_set_size": 16,
                                                    "operator_name": "PROJECTION",
                                                    "cpu_time": 0.0,
                                                    "extra_info": {
                                                      "Projections": "#1",
                                                      "Estimated Cardinality": "14609"
                                                    },
                                                    "cumulative_cardinality": 0,
                                                    "operator_type": "PROJECTION",
                                                    "operator_cardinality": 4,
                                                    "cumulative_rows_scanned": 0,
                                                    "operator_rows_scanned": 0,
                                                    "operator_timing": 1.75e-07,
                                                    "children": [
                                                      {
                                                        "total_bytes_written": 0,
                                                        "total_bytes_read": 0,
                                                        "result_set_size": 32,
                                                        "operator_name": "FILTER",
                                                        "cpu_time": 0.0,
                                                        "extra_info": {
                                                          "Expression": "((d_date = '1999-01-10'::DATE) OR (d_date = '1999-06-17'::DATE) OR (d_date = '1999-08-04'::DATE) OR (d_date = '1999-11-05'::DATE))",
                                                          "Estimated Cardinality": "14609"
                                                        },
                                                        "cumulative_cardinality": 0,
                                                        "operator_type": "FILTER",
                                                        "operator_cardinality": 4,
                                                        "cumulative_rows_scanned": 0,
                                                        "operator_rows_scanned": 0,
                                                        "operator_timing": 0.000184959,
                                                        "children": [
                                                          {
                                                            "total_bytes_written": 0,
                                                            "total_bytes_read": 0,
                                                            "result_set_size": 584392,
                                                            "operator_name": "SEQ_SCAN ",
                                                            "cpu_time": 0.0,
                                                            "extra_info": {
                                                              "Table": "date_dim",
                                                              "Type": "Sequential Scan",
                                                              "Projections": [
                                                                "d_date",
                                                                "d_month_seq"
                                                              ],
                                                              "Filters": "optional: d_date IN ('1999-01-10'::DATE, '1999-06-17'::DATE, '1999-08-04'::DATE, '1999-11-05'::DATE)",
                                                              "Estimated Cardinality": "73049"
                                                            },
                                                            "cumulative_cardinality": 0,
                                                            "operator_type": "TABLE_SCAN",
                                                            "operator_cardinality": 73049,
                                                            "cumulative_rows_scanned": 0,
                                                            "operator_rows_scanned": 73049,
                                                            "operator_timing": 5.9620000000000015e-05,
                                                            "children": []
                                                          }
                                                        ]
                                                      }
                                                    ]
                                                  }
                                                ]
                                              }
                                            ]
                                          }
                                        ]
                                      }
                                    ]
                                  }
                                ]
                              }
                            ]
                          },
                          {
                            "total_bytes_written": 0,
                            "total_bytes_read": 0,
                            "result_set_size": 0,
                            "operator_name": "HASH_JOIN",
                            "cpu_time": 0.0,
                            "extra_info": {
                              "Join Type": "INNER",
                              "Conditions": "item_id = item_id",
                              "Estimated Cardinality": "0"
                            },
                            "cumulative_cardinality": 0,
                            "operator_type": "HASH_JOIN",
                            "operator_cardinality": 0,
                            "cumulative_rows_scanned": 0,
                            "operator_rows_scanned": 0,
                            "operator_timing": 9.28e-07,
                            "children": [
                              {
                                "total_bytes_written": 0,
                                "total_bytes_read": 0,
                                "result_set_size": 0,
                                "operator_name": "HASH_GROUP_BY",
                                "cpu_time": 0.0,
                                "extra_info": {
                                  "Groups": "#0",
                                  "Aggregates": "sum(#1)",
                                  "Estimated Cardinality": "95"
                                },
                                "cumulative_cardinality": 0,
                                "operator_type": "HASH_GROUP_BY",
                                "operator_cardinality": 0,
                                "cumulative_rows_scanned": 0,
                                "operator_rows_scanned": 0,
                                "operator_timing": 7.31e-07,
                                "children": [
                                  {
                                    "total_bytes_written": 0,
                                    "total_bytes_read": 0,
                                    "result_set_size": 0,
                                    "operator_name": "PROJECTION",
                                    "cpu_time": 0.0,
                                    "extra_info": {
                                      "Projections": [
                                        "i_item_id",
                                        "cr_return_quantity"
                                      ],
                                      "Estimated Cardinality": "2290"
                                    },
                                    "cumulative_cardinality": 0,
                                    "operator_type": "PROJECTION",
                                    "operator_cardinality": 0,
                                    "cumulative_rows_scanned": 0,
                                    "operator_rows_scanned": 0,
                                    "operator_timing": 0.0,
                                    "children": [
                                      {
                                        "total_bytes_written": 0,
                                        "total_bytes_read": 0,
                                        "result_set_size": 0,
                                        "operator_name": "HASH_JOIN",
                                        "cpu_time": 0.0,
                                        "extra_info": {
                                          "Join Type": "SEMI",
                                          "Conditions": "d_date = #0",
                                          "Estimated Cardinality": "2290"
                                        },
                                        "cumulative_cardinality": 0,
                                        "operator_type": "HASH_JOIN",
                                        "operator_cardinality": 0,
                                        "cumulative_rows_scanned": 0,
                                        "operator_rows_scanned": 0,
                                        "operator_timing": 0.00012470799999999999,
                                        "children": [
                                          {
                                            "total_bytes_written": 0,
                                            "total_bytes_read": 0,
                                            "result_set_size": 0,
                                            "operator_name": "HASH_JOIN",
                                            "cpu_time": 0.0,
                                            "extra_info": {
                                              "Join Type": "INNER",
                                              "Conditions": "d_date_sk = cr_returned_date_sk",
                                              "Estimated Cardinality": "11454"
                                            },
                                            "cumulative_cardinality": 0,
                                            "operator_type": "HASH_JOIN",
                                            "operator_cardinality": 0,
                                            "cumulative_rows_scanned": 0,
                                            "operator_rows_scanned": 0,
                                            "operator_timing": 0.000138923,
                                            "children": [
                                              {
                                                "total_bytes_written": 0,
                                                "total_bytes_read": 0,
                                                "result_set_size": 2672,
                                                "operator_name": "SEQ_SCAN ",
                                                "cpu_time": 0.0,
                                                "extra_info": {
                                                  "Table": "date_dim",
                                                  "Type": "Sequential Scan",
                                                  "Projections": [
                                                    "d_date",
                                                    "d_date_sk"
                                                  ],
                                                  "Filters": "d_date_sk>=2450827 AND d_date_sk<=2452918",
                                                  "Estimated Cardinality": "73049"
                                                },
                                                "cumulative_cardinality": 0,
                                                "operator_type": "TABLE_SCAN",
                                                "operator_cardinality": 334,
                                                "cumulative_rows_scanned": 0,
                                                "operator_rows_scanned": 73049,
                                                "operator_timing": 9.122e-05,
                                                "children": []
                                              },
                                              {
                                                "total_bytes_written": 0,
                                                "total_bytes_read": 0,
                                                "result_set_size": 144,
                                                "operator_name": "HASH_JOIN",
                                                "cpu_time": 0.0,
                                                "extra_info": {
                                                  "Join Type": "INNER",
                                                  "Conditions": "cr_item_sk = i_item_sk",
                                                  "Estimated Cardinality": "11454"
                                                },
                                                "cumulative_cardinality": 0,
                                                "operator_type": "HASH_JOIN",
                                                "operator_cardinality": 6,
                                                "cumulative_rows_scanned": 0,
                                                "operator_rows_scanned": 0,
                                                "operator_timing": 0.00036892800000000003,
                                                "children": [
                                                  {
                                                    "total_bytes_written": 0,
                                                    "total_bytes_read": 0,
                                                    "result_set_size": 2256,
                                                    "operator_name": "PROJECTION",
                                                    "cpu_time": 0.0,
                                                    "extra_info": {
                                                      "Projections": [
                                                        "#0",
                                                        "#1",
                                                        "#3"
                                                      ],
                                                      "Estimated Cardinality": "288244"
                                                    },
                                                    "cumulative_cardinality": 0,
                                                    "operator_type": "PROJECTION",
                                                    "operator_cardinality": 188,
                                                    "cumulative_rows_scanned": 0,
                                                    "operator_rows_scanned": 0,
                                                    "operator_timing": 1.3556999999999999e-05,
                                                    "children": [
                                                      {
                                                        "total_bytes_written": 0,
                                                        "total_bytes_read": 0,
                                                        "result_set_size": 3196,
                                                        "operator_name": "FILTER",
                                                        "cpu_time": 0.0,
                                                        "extra_info": {
                                                          "Expression": "(IN (...) AND ((CAST(cr_return_amount AS DOUBLE) / CAST(cr_return_quantity AS DOUBLE)) BETWEEN 253.0 AND 282.0))",
                                                          "Estimated Cardinality": "288244"
                                                        },
                                                        "cumulative_cardinality": 0,
                                                        "operator_type": "FILTER",
                                                        "operator_cardinality": 188,
                                                        "cumulative_rows_scanned": 0,
                                                        "operator_rows_scanned": 0,
                                                        "operator_timing": 0.008970271,
                                                        "children": [
                                                          {
                                                            "total_bytes_written": 0,
                                                            "total_bytes_read": 0,
                                                            "result_set_size": 24483451,
                                                            "operator_name": "HASH_JOIN",
                                                            "cpu_time": 0.0,
                                                            "extra_info": {
                                                              "Join Type": "MARK",
                                                              "Conditions": "cr_reason_sk = #0",
                                                              "Estimated Cardinality": "1441224"
                                                            },
                                                            "cumulative_cardinality": 0,
                                                            "operator_type": "HASH_JOIN",
                                                            "operator_cardinality": 1440203,
                                                            "cumulative_rows_scanned": 0,
                                                            "operator_rows_scanned": 0,
                                                            "operator_timing": 0.011443944000000003,
                                                            "children": [
                                                              {
                                                                "total_bytes_written": 0,
                                                                "total_bytes_read": 0,
                                                                "result_set_size": 28804060,
                                                                "operator_name": "SEQ_SCAN ",
                                                                "cpu_time": 0.0,
                                                                "extra_info": {
                                                                  "Table": "catalog_returns",
                                                                  "Type": "Sequential Scan",
                                                                  "Projections": [
                                                                    "cr_item_sk",
                                                                    "cr_returned_date_sk",
                                                                    "cr_return_amount",
                                                                    "cr_return_quantity",
                                                                    "cr_reason_sk"
                                                                  ],
                                                                  "Filters": "optional: cr_reason_sk IN (7, 18, 19, 22, 36)",
                                                                  "Estimated Cardinality": "1441224"
                                                                },
                                                                "cumulative_cardinality": 0,
                                                                "operator_type": "TABLE_SCAN",
                                                                "operator_cardinality": 1440203,
                                                                "cumulative_rows_scanned": 0,
                                                                "operator_rows_scanned": 17294688,
                                                                "operator_timing": 0.010119836,
                                                                "children": []
                                                              },
                                                              {
                                                                "total_bytes_written": 0,
                                                                "total_bytes_read": 0,
                                                                "result_set_size": 20,
                                                                "operator_name": "COLUMN_DATA_SCAN",
                                                                "cpu_time": 0.0,
                                                                "extra_info": {
                                                                  "Estimated Cardinality": "0"
                                                                },
                                                                "cumulative_cardinality": 0,
                                                                "operator_type": "COLUMN_DATA_SCAN",
                                                                "operator_cardinality": 5,
                                                                "cumulative_rows_scanned": 0,
                                                                "operator_rows_scanned": 0,
                                                                "operator_timing": 2.8269999999999998e-06,
                                                                "children": []
                                                              }
                                                            ]
                                                          }
                                                        ]
                                                      }
                                                    ]
                                                  },
                                                  {
                                                    "total_bytes_written": 0,
                                                    "total_bytes_read": 0,
                                                    "result_set_size": 73740,
                                                    "operator_name": "PROJECTION",
                                                    "cpu_time": 0.0,
                                                    "extra_info": {
                                                      "Projections": [
                                                        "#0",
                                                        "#2"
                                                      ],
                                                      "Estimated Cardinality": "4080"
                                                    },
                                                    "cumulative_cardinality": 0,
                                                    "operator_type": "PROJECTION",
                                                    "operator_cardinality": 3687,
                                                    "cumulative_rows_scanned": 0,
                                                    "operator_rows_scanned": 0,
                                                    "operator_timing": 4.427e-06,
                                                    "children": [
                                                      {
                                                        "total_bytes_written": 0,
                                                        "total_bytes_read": 0,
                                                        "result_set_size": 132732,
                                                        "operator_name": "FILTER",
                                                        "cpu_time": 0.0,
                                                        "extra_info": {
                                                          "Expression": "((i_category = 'Children') OR (i_category = 'Electronics'))",
                                                          "Estimated Cardinality": "4080"
                                                        },
                                                        "cumulative_cardinality": 0,
                                                        "operator_type": "FILTER",
                                                        "operator_cardinality": 3687,
                                                        "cumulative_rows_scanned": 0,
                                                        "operator_rows_scanned": 0,
                                                        "operator_timing": 0.00020364999999999996,
                                                        "children": [
                                                          {
                                                            "total_bytes_written": 0,
                                                            "total_bytes_read": 0,
                                                            "result_set_size": 666432,
                                                            "operator_name": "SEQ_SCAN ",
                                                            "cpu_time": 0.0,
                                                            "extra_info": {
                                                              "Table": "item",
                                                              "Type": "Sequential Scan",
                                                              "Projections": [
                                                                "i_item_sk",
                                                                "i_category",
                                                                "i_item_id"
                                                              ],
                                                              "Filters": [
                                                                "optional: i_category IN ('Children', 'Electronics')",
                                                                "i_manager_id>=15 AND i_manager_id<=24"
                                                              ],
                                                              "Estimated Cardinality": "20400"
                                                            },
                                                            "cumulative_cardinality": 0,
                                                            "operator_type": "TABLE_SCAN",
                                                            "operator_cardinality": 18512,
                                                            "cumulative_rows_scanned": 0,
                                                            "operator_rows_scanned": 102000,
                                                            "operator_timing": 0.0007887730000000002,
                                                            "children": []
                                                          }
                                                        ]
                                                      }
                                                    ]
                                                  }
                                                ]
                                              }
                                            ]
                                          },
                                          {
                                            "total_bytes_written": 0,
                                            "total_bytes_read": 0,
                                            "result_set_size": 488,
                                            "operator_name": "HASH_JOIN",
                                            "cpu_time": 0.0,
                                            "extra_info": {
                                              "Join Type": "SEMI",
                                              "Conditions": "d_month_seq = #0",
                                              "Estimated Cardinality": "14609"
                                            },
                                            "cumulative_cardinality": 0,
                                            "operator_type": "HASH_JOIN",
                                            "operator_cardinality": 122,
                                            "cumulative_rows_scanned": 0,
                                            "operator_rows_scanned": 0,
                                            "operator_timing": 8.995500000000002e-05,
                                            "children": [
                                              {
                                                "total_bytes_written": 0,
                                                "total_bytes_read": 0,
                                                "result_set_size": 2672,
                                                "operator_name": "SEQ_SCAN ",
                                                "cpu_time": 0.0,
                                                "extra_info": {
                                                  "Table": "date_dim",
                                                  "Type": "Sequential Scan",
                                                  "Projections": [
                                                    "d_month_seq",
                                                    "d_date"
                                                  ],
                                                  "Estimated Cardinality": "73049"
                                                },
                                                "cumulative_cardinality": 0,
                                                "operator_type": "TABLE_SCAN",
                                                "operator_cardinality": 334,
                                                "cumulative_rows_scanned": 0,
                                                "operator_rows_scanned": 73049,
                                                "operator_timing": 0.000101744,
                                                "children": []
                                              },
                                              {
                                                "total_bytes_written": 0,
                                                "total_bytes_read": 0,
                                                "result_set_size": 16,
                                                "operator_name": "PROJECTION",
                                                "cpu_time": 0.0,
                                                "extra_info": {
                                                  "Projections": "#1",
                                                  "Estimated Cardinality": "14609"
                                                },
                                                "cumulative_cardinality": 0,
                                                "operator_type": "PROJECTION",
                                                "operator_cardinality": 4,
                                                "cumulative_rows_scanned": 0,
                                                "operator_rows_scanned": 0,
                                                "operator_timing": 1.76e-07,
                                                "children": [
                                                  {
                                                    "total_bytes_written": 0,
                                                    "total_bytes_read": 0,
                                                    "result_set_size": 32,
                                                    "operator_name": "FILTER",
                                                    "cpu_time": 0.0,
                                                    "extra_info": {
                                                      "Expression": "((d_date = '1999-01-10'::DATE) OR (d_date = '1999-06-17'::DATE) OR (d_date = '1999-08-04'::DATE) OR (d_date = '1999-11-05'::DATE))",
                                                      "Estimated Cardinality": "14609"
                                                    },
                                                    "cumulative_cardinality": 0,
                                                    "operator_type": "FILTER",
                                                    "operator_cardinality": 4,
                                                    "cumulative_rows_scanned": 0,
                                                    "operator_rows_scanned": 0,
                                                    "operator_timing": 0.00019241400000000005,
                                                    "children": [
                                                      {
                                                        "total_bytes_written": 0,
                                                        "total_bytes_read": 0,
                                                        "result_set_size": 584392,
                                                        "operator_name": "SEQ_SCAN ",
                                                        "cpu_time": 0.0,
                                                        "extra_info": {
                                                          "Table": "date_dim",
                                                          "Type": "Sequential Scan",
                                                          "Projections": [
                                                            "d_date",
                                                            "d_month_seq"
                                                          ],
                                                          "Filters": "optional: d_date IN ('1999-01-10'::DATE, '1999-06-17'::DATE, '1999-08-04'::DATE, '1999-11-05'::DATE)",
                                                          "Estimated Cardinality": "73049"
                                                        },
                                                        "cumulative_cardinality": 0,
                                                        "operator_type": "TABLE_SCAN",
                                                        "operator_cardinality": 73049,
                                                        "cumulative_rows_scanned": 0,
                                                        "operator_rows_scanned": 73049,
                                                        "operator_timing": 5.9723000000000004e-05,
                                                        "children": []
                                                      }
                                                    ]
                                                  }
                                                ]
                                              }
                                            ]
                                          }
                                        ]
                                      }
                                    ]
                                  }
                                ]
                              },
                              {
                                "total_bytes_written": 0,
                                "total_bytes_read": 0,
                                "result_set_size": 0,
                                "operator_name": "HASH_GROUP_BY",
                                "cpu_time": 0.0,
                                "extra_info": {
                                  "Groups": "#0",
                                  "Aggregates": "sum(#1)",
                                  "Estimated Cardinality": "95"
                                },
                                "cumulative_cardinality": 0,
                                "operator_type": "HASH_GROUP_BY",
                                "operator_cardinality": 0,
                                "cumulative_rows_scanned": 0,
                                "operator_rows_scanned": 0,
                                "operator_timing": 9.72e-07,
                                "children": [
                                  {
                                    "total_bytes_written": 0,
                                    "total_bytes_read": 0,
                                    "result_set_size": 0,
                                    "operator_name": "PROJECTION",
                                    "cpu_time": 0.0,
                                    "extra_info": {
                                      "Projections": [
                                        "i_item_id",
                                        "wr_return_quantity"
                                      ],
                                      "Estimated Cardinality": "1048"
                                    },
                                    "cumulative_cardinality": 0,
                                    "operator_type": "PROJECTION",
                                    "operator_cardinality": 0,
                                    "cumulative_rows_scanned": 0,
                                    "operator_rows_scanned": 0,
                                    "operator_timing": 0.0,
                                    "children": [
                                      {
                                        "total_bytes_written": 0,
                                        "total_bytes_read": 0,
                                        "result_set_size": 0,
                                        "operator_name": "HASH_JOIN",
                                        "cpu_time": 0.0,
                                        "extra_info": {
                                          "Join Type": "RIGHT_SEMI",
                                          "Conditions": "#0 = d_date",
                                          "Estimated Cardinality": "1048"
                                        },
                                        "cumulative_cardinality": 0,
                                        "operator_type": "HASH_JOIN",
                                        "operator_cardinality": 0,
                                        "cumulative_rows_scanned": 0,
                                        "operator_rows_scanned": 0,
                                        "operator_timing": 0.00010124699999999997,
                                        "children": [
                                          {
                                            "total_bytes_written": 0,
                                            "total_bytes_read": 0,
                                            "result_set_size": 488,
                                            "operator_name": "HASH_JOIN",
                                            "cpu_time": 0.0,
                                            "extra_info": {
                                              "Join Type": "SEMI",
                                              "Conditions": "d_month_seq = #0",
                                              "Estimated Cardinality": "14609"
                                            },
                                            "cumulative_cardinality": 0,
                                            "operator_type": "HASH_JOIN",
                                            "operator_cardinality": 122,
                                            "cumulative_rows_scanned": 0,
                                            "operator_rows_scanned": 0,
                                            "operator_timing": 9.181200000000001e-05,
                                            "children": [
                                              {
                                                "total_bytes_written": 0,
                                                "total_bytes_read": 0,
                                                "result_set_size": 2672,
                                                "operator_name": "SEQ_SCAN ",
                                                "cpu_time": 0.0,
                                                "extra_info": {
                                                  "Table": "date_dim",
                                                  "Type": "Sequential Scan",
                                                  "Projections": [
                                                    "d_month_seq",
                                                    "d_date"
                                                  ],
                                                  "Estimated Cardinality": "73049"
                                                },
                                                "cumulative_cardinality": 0,
                                                "operator_type": "TABLE_SCAN",
                                                "operator_cardinality": 334,
                                                "cumulative_rows_scanned": 0,
                                                "operator_rows_scanned": 73049,
                                                "operator_timing": 9.654499999999999e-05,
                                                "children": []
                                              },
                                              {
                                                "total_bytes_written": 0,
                                                "total_bytes_read": 0,
                                                "result_set_size": 16,
                                                "operator_name": "PROJECTION",
                                                "cpu_time": 0.0,
                                                "extra_info": {
                                                  "Projections": "#1",
                                                  "Estimated Cardinality": "14609"
                                                },
                                                "cumulative_cardinality": 0,
                                                "operator_type": "PROJECTION",
                                                "operator_cardinality": 4,
                                                "cumulative_rows_scanned": 0,
                                                "operator_rows_scanned": 0,
                                                "operator_timing": 1.85e-07,
                                                "children": [
                                                  {
                                                    "total_bytes_written": 0,
                                                    "total_bytes_read": 0,
                                                    "result_set_size": 32,
                                                    "operator_name": "FILTER",
                                                    "cpu_time": 0.0,
                                                    "extra_info": {
                                                      "Expression": "((d_date = '1999-01-10'::DATE) OR (d_date = '1999-06-17'::DATE) OR (d_date = '1999-08-04'::DATE) OR (d_date = '1999-11-05'::DATE))",
                                                      "Estimated Cardinality": "14609"
                                                    },
                                                    "cumulative_cardinality": 0,
                                                    "operator_type": "FILTER",
                                                    "operator_cardinality": 4,
                                                    "cumulative_rows_scanned": 0,
                                                    "operator_rows_scanned": 0,
                                                    "operator_timing": 0.00020160000000000005,
                                                    "children": [
                                                      {
                                                        "total_bytes_written": 0,
                                                        "total_bytes_read": 0,
                                                        "result_set_size": 584392,
                                                        "operator_name": "SEQ_SCAN ",
                                                        "cpu_time": 0.0,
                                                        "extra_info": {
                                                          "Table": "date_dim",
                                                          "Type": "Sequential Scan",
                                                          "Projections": [
                                                            "d_date",
                                                            "d_month_seq"
                                                          ],
                                                          "Filters": "optional: d_date IN ('1999-01-10'::DATE, '1999-06-17'::DATE, '1999-08-04'::DATE, '1999-11-05'::DATE)",
                                                          "Estimated Cardinality": "73049"
                                                        },
                                                        "cumulative_cardinality": 0,
                                                        "operator_type": "TABLE_SCAN",
                                                        "operator_cardinality": 73049,
                                                        "cumulative_rows_scanned": 0,
                                                        "operator_rows_scanned": 73049,
                                                        "operator_timing": 5.9894e-05,
                                                        "children": []
                                                      }
                                                    ]
                                                  }
                                                ]
                                              }
                                            ]
                                          },
                                          {
                                            "total_bytes_written": 0,
                                            "total_bytes_read": 0,
                                            "result_set_size": 96,
                                            "operator_name": "HASH_JOIN",
                                            "cpu_time": 0.0,
                                            "extra_info": {
                                              "Join Type": "INNER",
                                              "Conditions": "d_date_sk = wr_returned_date_sk",
                                              "Estimated Cardinality": "5243"
                                            },
                                            "cumulative_cardinality": 0,
                                            "operator_type": "HASH_JOIN",
                                            "operator_cardinality": 4,
                                            "cumulative_rows_scanned": 0,
                                            "operator_rows_scanned": 0,
                                            "operator_timing": 4.6972e-05,
                                            "children": [
                                              {
                                                "total_bytes_written": 0,
                                                "total_bytes_read": 0,
                                                "result_set_size": 12376,
                                                "operator_name": "SEQ_SCAN ",
                                                "cpu_time": 0.0,
                                                "extra_info": {
                                                  "Table": "date_dim",
                                                  "Type": "Sequential Scan",
                                                  "Projections": [
                                                    "d_date",
                                                    "d_date_sk"
                                                  ],
                                                  "Filters": "d_date_sk>=2450821 AND d_date_sk<=2452997",
                                                  "Estimated Cardinality": "73049"
                                                },
                                                "cumulative_cardinality": 0,
                                                "operator_type": "TABLE_SCAN",
                                                "operator_cardinality": 1547,
                                                "cumulative_rows_scanned": 0,
                                                "operator_rows_scanned": 73049,
                                                "operator_timing": 8.9334e-05,
                                                "children": []
                                              },
                                              {
                                                "total_bytes_written": 0,
                                                "total_bytes_read": 0,
                                                "result_set_size": 96,
                                                "operator_name": "HASH_JOIN",
                                                "cpu_time": 0.0,
                                                "extra_info": {
                                                  "Join Type": "INNER",
                                                  "Conditions": "wr_item_sk = i_item_sk",
                                                  "Estimated Cardinality": "5243"
                                                },
                                                "cumulative_cardinality": 0,
                                                "operator_type": "HASH_JOIN",
                                                "operator_cardinality": 4,
                                                "cumulative_rows_scanned": 0,
                                                "operator_rows_scanned": 0,
                                                "operator_timing": 0.0005633269999999999,
                                                "children": [
                                                  {
                                                    "total_bytes_written": 0,
                                                    "total_bytes_read": 0,
                                                    "result_set_size": 1056,
                                                    "operator_name": "PROJECTION",
                                                    "cpu_time": 0.0,
                                                    "extra_info": {
                                                      "Projections": [
                                                        "#0",
                                                        "#1",
                                                        "#3"
                                                      ],
                                                      "Estimated Cardinality": "143844"
                                                    },
                                                    "cumulative_cardinality": 0,
                                                    "operator_type": "PROJECTION",
                                                    "operator_cardinality": 88,
                                                    "cumulative_rows_scanned": 0,
                                                    "operator_rows_scanned": 0,
                                                    "operator_timing": 2.175e-06,
                                                    "children": [
                                                      {
                                                        "total_bytes_written": 0,
                                                        "total_bytes_read": 0,
                                                        "result_set_size": 1496,
                                                        "operator_name": "FILTER",
                                                        "cpu_time": 0.0,
                                                        "extra_info": {
                                                          "Expression": "(IN (...) AND ((CAST(wr_return_amt AS DOUBLE) / CAST(wr_return_quantity AS DOUBLE)) BETWEEN 253.0 AND 282.0))",
                                                          "Estimated Cardinality": "143844"
                                                        },
                                                        "cumulative_cardinality": 0,
                                                        "operator_type": "FILTER",
                                                        "operator_cardinality": 88,
                                                        "cumulative_rows_scanned": 0,
                                                        "operator_rows_scanned": 0,
                                                        "operator_timing": 0.0033138840000000004,
                                                        "children": [
                                                          {
                                                            "total_bytes_written": 0,
                                                            "total_bytes_read": 0,
                                                            "result_set_size": 12217254,
                                                            "operator_name": "HASH_JOIN",
                                                            "cpu_time": 0.0,
                                                            "extra_info": {
                                                              "Join Type": "MARK",
                                                              "Conditions": "wr_reason_sk = #0",
                                                              "Estimated Cardinality": "719222"
                                                            },
                                                            "cumulative_cardinality": 0,
                                                            "operator_type": "HASH_JOIN",
                                                            "operator_cardinality": 718662,
                                                            "cumulative_rows_scanned": 0,
                                                            "operator_rows_scanned": 0,
                                                            "operator_timing": 0.004863314,
                                                            "children": [
                                                              {
                                                                "total_bytes_written": 0,
                                                                "total_bytes_read": 0,
                                                                "result_set_size": 14373240,
                                                                "operator_name": "SEQ_SCAN ",
                                                                "cpu_time": 0.0,
                                                                "extra_info": {
                                                                  "Table": "web_returns",
                                                                  "Type": "Sequential Scan",
                                                                  "Projections": [
                                                                    "wr_item_sk",
                                                                    "wr_returned_date_sk",
                                                                    "wr_return_amt",
                                                                    "wr_return_quantity",
                                                                    "wr_reason_sk"
                                                                  ],
                                                                  "Filters": "optional: wr_reason_sk IN (7, 18, 19, 22, 36)",
                                                                  "Estimated Cardinality": "719222"
                                                                },
                                                                "cumulative_cardinality": 0,
                                                                "operator_type": "TABLE_SCAN",
                                                                "operator_cardinality": 718662,
                                                                "cumulative_rows_scanned": 0,
                                                                "operator_rows_scanned": 4315332,
                                                                "operator_timing": 0.0033325009999999994,
                                                                "children": []
                                                              },
                                                              {
                                                                "total_bytes_written": 0,
                                                                "total_bytes_read": 0,
                                                                "result_set_size": 20,
                                                                "operator_name": "COLUMN_DATA_SCAN",
                                                                "cpu_time": 0.0,
                                                                "extra_info": {
                                                                  "Estimated Cardinality": "0"
                                                                },
                                                                "cumulative_cardinality": 0,
                                                                "operator_type": "COLUMN_DATA_SCAN",
                                                                "operator_cardinality": 5,
                                                                "cumulative_rows_scanned": 0,
                                                                "operator_rows_scanned": 0,
                                                                "operator_timing": 1.274e-06,
                                                                "children": []
                                                              }
                                                            ]
                                                          }
                                                        ]
                                                      }
                                                    ]
                                                  },
                                                  {
                                                    "total_bytes_written": 0,
                                                    "total_bytes_read": 0,
                                                    "result_set_size": 73740,
                                                    "operator_name": "PROJECTION",
                                                    "cpu_time": 0.0,
                                                    "extra_info": {
                                                      "Projections": [
                                                        "#0",
                                                        "#2"
                                                      ],
                                                      "Estimated Cardinality": "4080"
                                                    },
                                                    "cumulative_cardinality": 0,
                                                    "operator_type": "PROJECTION",
                                                    "operator_cardinality": 3687,
                                                    "cumulative_rows_scanned": 0,
                                                    "operator_rows_scanned": 0,
                                                    "operator_timing": 1.8287e-05,
                                                    "children": [
                                                      {
                                                        "total_bytes_written": 0,
                                                        "total_bytes_read": 0,
                                                        "result_set_size": 132732,
                                                        "operator_name": "FILTER",
                                                        "cpu_time": 0.0,
                                                        "extra_info": {
                                                          "Expression": "((i_category = 'Children') OR (i_category = 'Electronics'))",
                                                          "Estimated Cardinality": "4080"
                                                        },
                                                        "cumulative_cardinality": 0,
                                                        "operator_type": "FILTER",
                                                        "operator_cardinality": 3687,
                                                        "cumulative_rows_scanned": 0,
                                                        "operator_rows_scanned": 0,
                                                        "operator_timing": 0.000493044,
                                                        "children": [
                                                          {
                                                            "total_bytes_written": 0,
                                                            "total_bytes_read": 0,
                                                            "result_set_size": 666432,
                                                            "operator_name": "SEQ_SCAN ",
                                                            "cpu_time": 0.0,
                                                            "extra_info": {
                                                              "Table": "item",
                                                              "Type": "Sequential Scan",
                                                              "Projections": [
                                                                "i_item_sk",
                                                                "i_category",
                                                                "i_item_id"
                                                              ],
                                                              "Filters": [
                                                                "optional: i_category IN ('Children', 'Electronics')",
                                                                "i_manager_id>=15 AND i_manager_id<=24"
                                                              ],
                                                              "Estimated Cardinality": "20400"
                                                            },
                                                            "cumulative_cardinality": 0,
                                                            "operator_type": "TABLE_SCAN",
                                                            "operator_cardinality": 18512,
                                                            "cumulative_rows_scanned": 0,
                                                            "operator_rows_scanned": 102000,
                                                            "operator_timing": 0.00168092,
                                                            "children": []
                                                          }
                                                        ]
                                                      }
                                                    ]
                                                  }
                                                ]
                                              }
                                            ]
                                          }
                                        ]
                                      }
                                    ]
                                  }
                                ]
                              }
                            ]
                          }
                        ]
                      }
                    ]
                  }
                ]
              }
            ]
          }
        ]
      }
    ]
  },
  "actual_rows": 0
}