{
  "execution_time_ms": 59.1,
  "plan_text": "\u250c\u2500\u2500\u2500\u2500\u2500\u2500\u2500\u2500\u2500\u2500\u2500\u2500\u2500\u2500\u2500\u2500\u2500\u2500\u2500\u2500\u2500\u2500\u2500\u2500\u2500\u2500\u2500\u2500\u2500\u2500\u2500\u2500\u2500\u2500\u2500\u2500\u2500\u2510\n\u2502\u250c\u2500\u2500\u2500\u2500\u2500\u2500\u2500\u2500\u2500\u2500\u2500\u2500\u2500\u2500\u2500\u2500\u2500\u2500\u2500\u2500\u2500\u2500\u2500\u2500\u2500\u2500\u2500\u2500\u2500\u2500\u2500\u2500\u2500\u2500\u2500\u2510\u2502\n\u2502\u2502    Query Profiling Information    \u2502\u2502\n\u2502\u2514\u2500\u2500\u2500\u2500\u2500\u2500\u2500\u2500\u2500\u2500\u2500\u2500\u2500\u2500\u2500\u2500\u2500\u2500\u2500\u2500\u2500\u2500\u2500\u2500\u2500\u2500\u2500\u2500\u2500\u2500\u2500\u2500\u2500\u2500\u2500\u2518\u2502\n\u2514\u2500\u2500\u2500\u2500\u2500\u2500\u2500\u2500\u2500\u2500\u2500\u2500\u2500\u2500\u2500\u2500\u2500\u2500\u2500\u2500\u2500\u2500\u2500\u2500\u2500\u2500\u2500\u2500\u2500\u2500\u2500\u2500\u2500\u2500\u2500\u2500\u2500\u2518\nEXPLAIN ANALYZE select      cd_gender,     cd_marital_status,     cd_education_status,     hd_vehicle_count,     count(*) as cnt from     store_sales,     web_sales,     date_dim d1,     date_dim d2,     customer,     inventory,     store,     warehouse,     item,     customer_demographics,     household_demographics,     customer_address     where       ss_item_sk = i_item_sk       and ws_item_sk = ss_item_sk       and ss_sold_date_sk = d1.d_date_sk       and ws_sold_date_sk = d2.d_date_sk \t\t\tand d2.d_date between d1.d_date and (d1.d_date + interval '30 day')       and ss_customer_sk = c_customer_sk       and ws_bill_customer_sk = c_customer_sk       and ws_warehouse_sk = inv_warehouse_sk       and ws_warehouse_sk = w_warehouse_sk       and inv_item_sk = ss_item_sk       and inv_date_sk = ss_sold_date_sk       and inv_quantity_on_hand >= ss_quantity       and s_state = w_state       AND i_category IN ('Children', 'Jewelry', 'Men')       and i_manager_id IN (21, 22, 38, 39, 46, 47, 66, 67, 74, 93)       and c_current_cdemo_sk = cd_demo_sk       and c_current_hdemo_sk = hd_demo_sk       and c_current_addr_sk = ca_address_sk       and ca_state in ('AZ', 'KS', 'OH', 'TX', 'WA')       and d1.d_year = 2001       and ws_wholesale_cost BETWEEN 35 AND 55     group by cd_gender, cd_marital_status, cd_education_status, hd_vehicle_count     order by cnt     \n\u250c\u2500\u2500\u2500\u2500\u2500\u2500\u2500\u2500\u2500\u2500\u2500\u2500\u2500\u2500\u2500\u2500\u2500\u2500\u2500\u2500\u2500\u2500\u2500\u2500\u2500\u2500\u2500\u2500\u2500\u2500\u2500\u2500\u2500\u2500\u2500\u2500\u2500\u2500\u2500\u2500\u2500\u2500\u2500\u2500\u2500\u2500\u2500\u2500\u2510\n\u2502\u250c\u2500\u2500\u2500\u2500\u2500\u2500\u2500\u2500\u2500\u2500\u2500\u2500\u2500\u2500\u2500\u2500\u2500\u2500\u2500\u2500\u2500\u2500\u2500\u2500\u2500\u2500\u2500\u2500\u2500\u2500\u2500\u2500\u2500\u2500\u2500\u2500\u2500\u2500\u2500\u2500\u2500\u2500\u2500\u2500\u2500\u2500\u2510\u2502\n\u2502\u2502              Total Time: 0.0476s             \u2502\u2502\n\u2502\u2514\u2500\u2500\u2500\u2500\u2500\u2500\u2500\u2500\u2500\u2500\u2500\u2500\u2500\u2500\u2500\u2500\u2500\u2500\u2500\u2500\u2500\u2500\u2500\u2500\u2500\u2500\u2500\u2500\u2500\u2500\u2500\u2500\u2500\u2500\u2500\u2500\u2500\u2500\u2500\u2500\u2500\u2500\u2500\u2500\u2500\u2500\u2518\u2502\n\u2514\u2500\u2500\u2500\u2500\u2500\u2500\u2500\u2500\u2500\u2500\u2500\u2500\u2500\u2500\u2500\u2500\u2500\u2500\u2500\u2500\u2500\u2500\u2500\u2500\u2500\u2500\u2500\u2500\u2500\u2500\u2500\u2500\u2500\u2500\u2500\u2500\u2500\u2500\u2500\u2500\u2500\u2500\u2500\u2500\u2500\u2500\u2500\u2500\u2518\n\u250c\u2500\u2500\u2500\u2500\u2500\u2500\u2500\u2500\u2500\u2500\u2500\u2500\u2500\u2500\u2500\u2510\n\u2502     QUERY     \u2502\n\u2514\u2500\u2500\u2500\u2500\u2500\u2500\u2500\u252c\u2500\u2500\u2500\u2500\u2500\u2500\u2500\u2518\n\u250c\u2500\u2500\u2500\u2500\u2500\u2500\u2500\u2534\u2500\u2500\u2500\u2500\u2500\u2500\u2500\u2510\n\u2502EXPLAIN_ANALYZE\u2502\n\u2502    \u2500\u2500\u2500\u2500\u2500\u2500\u2500\u2500   \u2502\n\u2502     0 rows    \u2502\n\u2502    (0.00s)    \u2502\n\u2514\u2500\u2500\u2500\u2500\u2500\u2500\u2500\u252c\u2500\u2500\u2500\u2500\u2500\u2500\u2500\u2518\n\u250c\u2500\u2500\u2500\u2500\u2500\u2500\u2500\u2534\u2500\u2500\u2500\u2500\u2500\u2500\u2500\u2510\n\u2502   PROJECTION  \u2502\n\u2502    \u2500\u2500\u2500\u2500\u2500\u2500\u2500\u2500   \u2502\n\u2502__internal_deco\u2502\n\u2502 mpress_string(\u2502\n\u2502      #0)      \u2502\n\u2502__internal_deco\u2502\n\u2502 mpress_string(\u2502\n\u2502      #1)      \u2502\n\u2502__internal_deco\u2502\n\u2502 mpress_string(\u2502\n\u2502      #2)      \u2502\n\u2502__internal_deco\u2502\n\u2502mpress_integral\u2502\n\u2502 _integer(#3,  \u2502\n\u2502      -1)      \u2502\n\u2502       #4      \u2502\n\u2502               \u2502\n\u2502     0 rows    \u2502\n\u2502    (0.00s)    \u2502\n\u2514\u2500\u2500\u2500\u2500\u2500\u2500\u2500\u252c\u2500\u2500\u2500\u2500\u2500\u2500\u2500\u2518\n\u250c\u2500\u2500\u2500\u2500\u2500\u2500\u2500\u2534\u2500\u2500\u2500\u2500\u2500\u2500\u2500\u2510\n\u2502    ORDER_BY   \u2502\n\u2502    \u2500\u2500\u2500\u2500\u2500\u2500\u2500\u2500   \u2502\n\u2502  count_star() \u2502\n\u2502       ASC     \u2502\n\u2502               \u2502\n\u2502     0 rows    \u2502\n\u2502    (0.00s)    \u2502\n\u2514\u2500\u2500\u2500\u2500\u2500\u2500\u2500\u252c\u2500\u2500\u2500\u2500\u2500\u2500\u2500\u2518\n\u250c\u2500\u2500\u2500\u2500\u2500\u2500\u2500\u2534\u2500\u2500\u2500\u2500\u2500\u2500\u2500\u2510\n\u2502   PROJECTION  \u2502\n\u2502    \u2500\u2500\u2500\u2500\u2500\u2500\u2500\u2500   \u2502\n\u2502__internal_comp\u2502\n\u2502ress_string_uti\u2502\n\u2502   nyint(#0)   \u2502\n\u2502__internal_comp\u2502\n\u2502ress_string_uti\u2502\n\u2502   nyint(#1)   \u2502\n\u2502__internal_comp\u2502\n\u2502ress_string_uhu\u2502\n\u2502   geint(#2)   \u2502\n\u2502__internal_comp\u2502\n\u2502ress_integral_u\u2502\n\u2502tinyint(#3, -1)\u2502\n\u2502       #4      \u2502\n\u2502               \u2502\n\u2502     0 rows    \u2502\n\u2502    (0.00s)    \u2502\n\u2514\u2500\u2500\u2500\u2500\u2500\u2500\u2500\u252c\u2500\u2500\u2500\u2500\u2500\u2500\u2500\u2518\n\u250c\u2500\u2500\u2500\u2500\u2500\u2500\u2500\u2534\u2500\u2500\u2500\u2500\u2500\u2500\u2500\u2510\n\u2502   PROJECTION  \u2502\n\u2502    \u2500\u2500\u2500\u2500\u2500\u2500\u2500\u2500   \u2502\n\u2502__internal_deco\u2502\n\u2502 mpress_string(\u2502\n\u2502      #0)      \u2502\n\u2502__internal_deco\u2502\n\u2502 mpress_string(\u2502\n\u2502      #1)      \u2502\n\u2502__internal_deco\u2502\n\u2502 mpress_string(\u2502\n\u2502      #2)      \u2502\n\u2502__internal_deco\u2502\n\u2502mpress_integral\u2502\n\u2502 _integer(#3,  \u2502\n\u2502      -1)      \u2502\n\u2502       #4      \u2502\n\u2502               \u2502\n\u2502     0 rows    \u2502\n\u2502    (0.00s)    \u2502\n\u2514\u2500\u2500\u2500\u2500\u2500\u2500\u2500\u252c\u2500\u2500\u2500\u2500\u2500\u2500\u2500\u2518\n\u250c\u2500\u2500\u2500\u2500\u2500\u2500\u2500\u2534\u2500\u2500\u2500\u2500\u2500\u2500\u2500\u2510\n\u2502 HASH_GROUP_BY \u2502\n\u2502    \u2500\u2500\u2500\u2500\u2500\u2500\u2500\u2500   \u2502\n\u2502    Groups:    \u2502\n\u2502       #0      \u2502\n\u2502       #1      \u2502\n\u2502       #2      \u2502\n\u2502       #3      \u2502\n\u2502               \u2502\n\u2502  Aggregates:  \u2502\n\u2502  count_star() \u2502\n\u2502               \u2502\n\u2502     0 rows    \u2502\n\u2502    (0.00s)    \u2502\n\u2514\u2500\u2500\u2500\u2500\u2500\u2500\u2500\u252c\u2500\u2500\u2500\u2500\u2500\u2500\u2500\u2518\n\u250c\u2500\u2500\u2500\u2500\u2500\u2500\u2500\u2534\u2500\u2500\u2500\u2500\u2500\u2500\u2500\u2510\n\u2502   PROJECTION  \u2502\n\u2502    \u2500\u2500\u2500\u2500\u2500\u2500\u2500\u2500   \u2502\n\u2502   cd_gender   \u2502\n\u2502cd_marital_stat\u2502\n\u2502       us      \u2502\n\u2502cd_education_st\u2502\n\u2502      atus     \u2502\n\u2502hd_vehicle_coun\u2502\n\u2502       t       \u2502\n\u2502               \u2502\n\u2502     0 rows    \u2502\n\u2502    (0.00s)    \u2502\n\u2514\u2500\u2500\u2500\u2500\u2500\u2500\u2500\u252c\u2500\u2500\u2500\u2500\u2500\u2500\u2500\u2518\n\u250c\u2500\u2500\u2500\u2500\u2500\u2500\u2500\u2534\u2500\u2500\u2500\u2500\u2500\u2500\u2500\u2510\n\u2502   PROJECTION  \u2502\n\u2502    \u2500\u2500\u2500\u2500\u2500\u2500\u2500\u2500   \u2502\n\u2502__internal_comp\u2502\n\u2502ress_integral_u\u2502\n\u2502 tinyint(#0, 1)\u2502\n\u2502       #1      \u2502\n\u2502__internal_comp\u2502\n\u2502ress_integral_u\u2502\n\u2502  smallint(#2, \u2502\n\u2502    2450816)   \u2502\n\u2502__internal_comp\u2502\n\u2502ress_integral_u\u2502\n\u2502smallint(#3, 1)\u2502\n\u2502__internal_comp\u2502\n\u2502ress_integral_u\u2502\n\u2502tinyint(#7, -1)\u2502\n\u2502__internal_comp\u2502\n\u2502ress_string_uti\u2502\n\u2502   nyint(#4)   \u2502\n\u2502__internal_comp\u2502\n\u2502ress_string_uti\u2502\n\u2502   nyint(#5)   \u2502\n\u2502__internal_comp\u2502\n\u2502ress_string_uhu\u2502\n\u2502   geint(#6)   \u2502\n\u2502               \u2502\n\u2502     0 rows    \u2502\n\u2502    (0.00s)    \u2502\n\u2514\u2500\u2500\u2500\u2500\u2500\u2500\u2500\u252c\u2500\u2500\u2500\u2500\u2500\u2500\u2500\u2518\n\u250c\u2500\u2500\u2500\u2500\u2500\u2500\u2500\u2534\u2500\u2500\u2500\u2500\u2500\u2500\u2500\u2510\n\u2502   HASH_JOIN   \u2502\n\u2502    \u2500\u2500\u2500\u2500\u2500\u2500\u2500\u2500   \u2502\n\u2502   Join Type:  \u2502\n\u2502     INNER     \u2502\n\u2502               \u2502\n\u2502  Conditions:  \u2502\n\u2502 inv_item_sk = \u2502\n\u2502    i_item_sk  \u2502\n\u2502inv_warehouse_s\u2502\n\u2502k = w_warehouse\u2502\n\u2502      _sk      \u251c\u2500\u2500\u2500\u2500\u2500\u2500\u2500\u2500\u2510\n\u2502 inv_date_sk = \u2502        \u2502\n\u2502 ss_sold_date_s\u2502        \u2502\n\u2502       k       \u2502        \u2502\n\u2502inv_quantity_on\u2502        \u2502\n\u2502    _hand >=   \u2502        \u2502\n\u2502   ss_quantity \u2502        \u2502\n\u2502               \u2502        \u2502\n\u2502     0 rows    \u2502        \u2502\n\u2502    (0.00s)    \u2502        \u2502\n\u2514\u2500\u2500\u2500\u2500\u2500\u2500\u2500\u252c\u2500\u2500\u2500\u2500\u2500\u2500\u2500\u2518        \u2502\n\u250c\u2500\u2500\u2500\u2500\u2500\u2500\u2500\u2534\u2500\u2500\u2500\u2500\u2500\u2500\u2500\u2510\u250c\u2500\u2500\u2500\u2500\u2500\u2500\u2500\u2534\u2500\u2500\u2500\u2500\u2500\u2500\u2500\u2510\n\u2502     FILTER    \u2502\u2502   HASH_JOIN   \u2502\n\u2502    \u2500\u2500\u2500\u2500\u2500\u2500\u2500\u2500   \u2502\u2502    \u2500\u2500\u2500\u2500\u2500\u2500\u2500\u2500   \u2502\n\u2502 (inv_date_sk >\u2502\u2502   Join Type:  \u2502\n\u2502   = 2450816)  \u2502\u2502     INNER     \u2502\n\u2502               \u2502\u2502               \u2502\n\u2502               \u2502\u2502  Conditions:  \u2502\n\u2502               \u2502\u2502ws_warehouse_sk\u251c\u2500\u2500\u2500\u2500\u2500\u2500\u2500\u2500\u2500\u2500\u2500\u2500\u2500\u2500\u2500\u2500\u2500\u2500\u2500\u2500\u2500\u2500\u2500\u2500\u2500\u2500\u2500\u2500\u2500\u2500\u2500\u2500\u2500\u2500\u2500\u2500\u2500\u2500\u2500\u2500\u2500\u2500\u2500\u2500\u2500\u2500\u2500\u2500\u2500\u2500\u2500\u2500\u2500\u2500\u2500\u2500\u2500\u2500\u2500\u2500\u2500\u2500\u2500\u2500\u2500\u2500\u2500\u2500\u2500\u2500\u2500\u2500\u2500\u2500\u2500\u2500\u2500\u2500\u2500\u2500\u2500\u2500\u2500\u2500\u2500\u2500\u2500\u2500\u2500\u2500\u2500\u2500\u2500\u2500\u2500\u2500\u2500\u2500\u2500\u2500\u2500\u2500\u2500\u2500\u2500\u2500\u2500\u2500\u2500\u2500\u2500\u2500\u2500\u2500\u2500\u2500\u2500\u2500\u2500\u2500\u2500\u2500\u2500\u2500\u2500\u2500\u2500\u2500\u2500\u2500\u2500\u2500\u2500\u2500\u2500\u2500\u2500\u2500\u2500\u2500\u2500\u2500\u2500\u2500\u2500\u2500\u2500\u2500\u2500\u2500\u2500\u2500\u2500\u2500\u2500\u2500\u2500\u2500\u2500\u2500\u2500\u2500\u2500\u2500\u2500\u2500\u2500\u2500\u2500\u2500\u2500\u2500\u2500\u2500\u2500\u2500\u2500\u2500\u2510\n\u2502               \u2502\u2502 = w_warehouse_\u2502                                                                                                                                                                                  \u2502\n\u2502               \u2502\u2502       sk      \u2502                                                                                                                                                                                  \u2502\n\u2502               \u2502\u2502               \u2502                                                                                                                                                                                  \u2502\n\u2502  54,413 rows  \u2502\u2502     0 rows    \u2502                                                                                                                                                                                  \u2502\n\u2502    (0.00s)    \u2502\u2502    (0.00s)    \u2502                                                                                                                                                                                  \u2502\n\u2514\u2500\u2500\u2500\u2500\u2500\u2500\u2500\u252c\u2500\u2500\u2500\u2500\u2500\u2500\u2500\u2518\u2514\u2500\u2500\u2500\u2500\u2500\u2500\u2500\u252c\u2500\u2500\u2500\u2500\u2500\u2500\u2500\u2518                                                                                                                                                                                  \u2502\n\u250c\u2500\u2500\u2500\u2500\u2500\u2500\u2500\u2534\u2500\u2500\u2500\u2500\u2500\u2500\u2500\u2510\u250c\u2500\u2500\u2500\u2500\u2500\u2500\u2500\u2534\u2500\u2500\u2500\u2500\u2500\u2500\u2500\u2510                                                                                                                                                                          \u250c\u2500\u2500\u2500\u2500\u2500\u2500\u2500\u2534\u2500\u2500\u2500\u2500\u2500\u2500\u2500\u2510\n\u2502   TABLE_SCAN  \u2502\u2502   HASH_JOIN   \u2502                                                                                                                                                                          \u2502   HASH_JOIN   \u2502\n\u2502    \u2500\u2500\u2500\u2500\u2500\u2500\u2500\u2500   \u2502\u2502    \u2500\u2500\u2500\u2500\u2500\u2500\u2500\u2500   \u2502                                                                                                                                                                          \u2502    \u2500\u2500\u2500\u2500\u2500\u2500\u2500\u2500   \u2502\n\u2502     Table:    \u2502\u2502   Join Type:  \u2502                                                                                                                                                                          \u2502   Join Type:  \u2502\n\u2502   inventory   \u2502\u2502     INNER     \u2502                                                                                                                                                                          \u2502     INNER     \u2502\n\u2502               \u2502\u2502               \u2502                                                                                                                                                                          \u2502               \u2502\n\u2502     Type:     \u2502\u2502  Conditions:  \u2502                                                                                                                                                                          \u2502  Conditions:  \u2502\n\u2502Sequential Scan\u2502\u2502 c_customer_sk \u2502                                                                                                                                                                          \u2502   s_state =   \u2502\n\u2502               \u2502\u2502= ss_customer_s\u2502                                                                                                                                                                          \u2502     w_state   \u2502\n\u2502  Projections: \u2502\u2502       k       \u2502                                                                                                                                                                          \u2502               \u2502\n\u2502inv_warehouse_s\u2502\u2502               \u2502                                                                                                                                                                          \u2502               \u2502\n\u2502       k       \u2502\u2502               \u2502                                                                                                                                                                          \u2502               \u2502\n\u2502  inv_item_sk  \u2502\u2502               \u251c\u2500\u2500\u2500\u2500\u2500\u2500\u2500\u2500\u2500\u2500\u2500\u2500\u2500\u2500\u2500\u2500\u2500\u2500\u2500\u2500\u2500\u2500\u2500\u2500\u2500\u2500\u2500\u2500\u2500\u2500\u2500\u2500\u2500\u2500\u2500\u2500\u2500\u2500\u2500\u2500\u2500\u2500\u2500\u2500\u2500\u2500\u2500\u2500\u2500\u2500\u2500\u2500\u2500\u2500\u2500\u2500\u2500\u2500\u2500\u2500\u2500\u2500\u2500\u2500\u2500\u2500\u2500\u2500\u2500\u2500\u2500\u2500\u2500\u2500\u2500\u2500\u2510                                                                                             \u2502               \u251c\u2500\u2500\u2500\u2500\u2500\u2500\u2500\u2500\u2510\n\u2502  inv_date_sk  \u2502\u2502               \u2502                                                                            \u2502                                                                                             \u2502               \u2502        \u2502\n\u2502inv_quantity_on\u2502\u2502               \u2502                                                                            \u2502                                                                                             \u2502               \u2502        \u2502\n\u2502     _hand     \u2502\u2502               \u2502                                                                            \u2502                                                                                             \u2502               \u2502        \u2502\n\u2502               \u2502\u2502               \u2502                                                                            \u2502                                                                                             \u2502               \u2502        \u2502\n\u2502    Filters:   \u2502\u2502               \u2502                                                                            \u2502                                                                                             \u2502               \u2502        \u2502\n\u2502inv_quantity_on\u2502\u2502               \u2502                                                                            \u2502                                                                                             \u2502               \u2502        \u2502\n\u2502    _hand>=1   \u2502\u2502               \u2502                                                                            \u2502                                                                                             \u2502               \u2502        \u2502\n\u2502               \u2502\u2502               \u2502                                                                            \u2502                                                                                             \u2502               \u2502        \u2502\n\u2502  538,509 rows \u2502\u2502     0 rows    \u2502                                                                            \u2502                                                                                             \u2502    350 rows   \u2502        \u2502\n\u2502    (0.00s)    \u2502\u2502    (0.00s)    \u2502                                                                            \u2502                                                                                             \u2502    (0.00s)    \u2502        \u2502\n\u2514\u2500\u2500\u2500\u2500\u2500\u2500\u2500\u2500\u2500\u2500\u2500\u2500\u2500\u2500\u2500\u2518\u2514\u2500\u2500\u2500\u2500\u2500\u2500\u2500\u252c\u2500\u2500\u2500\u2500\u2500\u2500\u2500\u2518                                                                            \u2502                                                                                             \u2514\u2500\u2500\u2500\u2500\u2500\u2500\u2500\u252c\u2500\u2500\u2500\u2500\u2500\u2500\u2500\u2518        \u2502\n                 \u250c\u2500\u2500\u2500\u2500\u2500\u2500\u2500\u2534\u2500\u2500\u2500\u2500\u2500\u2500\u2500\u2510                                                                    \u250c\u2500\u2500\u2500\u2500\u2500\u2500\u2500\u2534\u2500\u2500\u2500\u2500\u2500\u2500\u2500\u2510                                                                                     \u250c\u2500\u2500\u2500\u2500\u2500\u2500\u2500\u2534\u2500\u2500\u2500\u2500\u2500\u2500\u2500\u2510\u250c\u2500\u2500\u2500\u2500\u2500\u2500\u2500\u2534\u2500\u2500\u2500\u2500\u2500\u2500\u2500\u2510\n                 \u2502   HASH_JOIN   \u2502                                                                    \u2502   HASH_JOIN   \u2502                                                                                     \u2502   TABLE_SCAN  \u2502\u2502   TABLE_SCAN  \u2502\n                 \u2502    \u2500\u2500\u2500\u2500\u2500\u2500\u2500\u2500   \u2502                                                                    \u2502    \u2500\u2500\u2500\u2500\u2500\u2500\u2500\u2500   \u2502                                                                                     \u2502    \u2500\u2500\u2500\u2500\u2500\u2500\u2500\u2500   \u2502\u2502    \u2500\u2500\u2500\u2500\u2500\u2500\u2500\u2500   \u2502\n                 \u2502   Join Type:  \u2502                                                                    \u2502   Join Type:  \u2502                                                                                     \u2502     Table:    \u2502\u2502     Table:    \u2502\n                 \u2502     INNER     \u2502                                                                    \u2502     INNER     \u2502                                                                                     \u2502     store     \u2502\u2502   warehouse   \u2502\n                 \u2502               \u2502                                                                    \u2502               \u2502                                                                                     \u2502               \u2502\u2502               \u2502\n                 \u2502  Conditions:  \u2502                                                                    \u2502  Conditions:  \u2502                                                                                     \u2502     Type:     \u2502\u2502     Type:     \u2502\n                 \u2502c_current_hdemo\u2502                                                                    \u2502ss_sold_date_sk\u2502                                                                                     \u2502Sequential Scan\u2502\u2502Sequential Scan\u2502\n                 \u2502_sk = hd_demo_s\u2502                                                                    \u2502   = d_date_sk \u2502                                                                                     \u2502               \u2502\u2502               \u2502\n                 \u2502       k       \u251c\u2500\u2500\u2500\u2500\u2500\u2500\u2500\u2500\u2500\u2500\u2500\u2500\u2500\u2500\u2500\u2500\u2500\u2500\u2500\u2500\u2500\u2500\u2500\u2500\u2500\u2500\u2500\u2500\u2500\u2500\u2500\u2500\u2500\u2500\u2500\u2500\u2500\u2500\u2500\u2500\u2500\u2500\u2500\u2500\u2500\u2500\u2500\u2500\u2500\u2500\u2500\u2500\u2500\u2500\u2500\u2500\u2500\u2500\u2500\u2510        \u2502  ss_item_sk = \u251c\u2500\u2500\u2500\u2500\u2500\u2500\u2500\u2500\u2510                                                                            \u2502  Projections: \u2502\u2502  Projections: \u2502\n                 \u2502               \u2502                                                           \u2502        \u2502    i_item_sk  \u2502        \u2502                                                                            \u2502    s_state    \u2502\u2502 w_warehouse_sk\u2502\n                 \u2502               \u2502                                                           \u2502        \u2502 ss_customer_sk\u2502        \u2502                                                                            \u2502               \u2502\u2502    w_state    \u2502\n                 \u2502               \u2502                                                           \u2502        \u2502 = ws_bill_cust\u2502        \u2502                                                                            \u2502               \u2502\u2502               \u2502\n                 \u2502               \u2502                                                           \u2502        \u2502    omer_sk    \u2502        \u2502                                                                            \u2502               \u2502\u2502               \u2502\n                 \u2502               \u2502                                                           \u2502        \u2502               \u2502        \u2502                                                                            \u2502               \u2502\u2502               \u2502\n                 \u2502   1,258 rows  \u2502                                                           \u2502        \u2502     0 rows    \u2502        \u2502                                                                            \u2502    70 rows    \u2502\u2502    10 rows    \u2502\n                 \u2502    (0.00s)    \u2502                                                           \u2502        \u2502    (0.16s)    \u2502        \u2502                                                                            \u2502    (0.00s)    \u2502\u2502    (0.00s)    \u2502\n                 \u2514\u2500\u2500\u2500\u2500\u2500\u2500\u2500\u252c\u2500\u2500\u2500\u2500\u2500\u2500\u2500\u2518                                                           \u2502        \u2514\u2500\u2500\u2500\u2500\u2500\u2500\u2500\u252c\u2500\u2500\u2500\u2500\u2500\u2500\u2500\u2518        \u2502                                                                            \u2514\u2500\u2500\u2500\u2500\u2500\u2500\u2500\u2500\u2500\u2500\u2500\u2500\u2500\u2500\u2500\u2518\u2514\u2500\u2500\u2500\u2500\u2500\u2500\u2500\u2500\u2500\u2500\u2500\u2500\u2500\u2500\u2500\u2518\n                 \u250c\u2500\u2500\u2500\u2500\u2500\u2500\u2500\u2534\u2500\u2500\u2500\u2500\u2500\u2500\u2500\u2510                                                   \u250c\u2500\u2500\u2500\u2500\u2500\u2500\u2500\u2534\u2500\u2500\u2500\u2500\u2500\u2500\u2500\u2510\u250c\u2500\u2500\u2500\u2500\u2500\u2500\u2500\u2534\u2500\u2500\u2500\u2500\u2500\u2500\u2500\u2510\u250c\u2500\u2500\u2500\u2500\u2500\u2500\u2500\u2534\u2500\u2500\u2500\u2500\u2500\u2500\u2500\u2510\n                 \u2502   HASH_JOIN   \u2502                                                   \u2502   TABLE_SCAN  \u2502\u2502     FILTER    \u2502\u2502   HASH_JOIN   \u2502\n                 \u2502    \u2500\u2500\u2500\u2500\u2500\u2500\u2500\u2500   \u2502                                                   \u2502    \u2500\u2500\u2500\u2500\u2500\u2500\u2500\u2500   \u2502\u2502    \u2500\u2500\u2500\u2500\u2500\u2500\u2500\u2500   \u2502\u2502    \u2500\u2500\u2500\u2500\u2500\u2500\u2500\u2500   \u2502\n                 \u2502   Join Type:  \u2502                                                   \u2502     Table:    \u2502\u2502(ss_sold_date_s\u2502\u2502   Join Type:  \u2502\n                 \u2502     INNER     \u2502                                                   \u2502household_demog\u2502\u2502 k <= 2452635) \u2502\u2502     INNER     \u2502\n                 \u2502               \u2502                                                   \u2502    raphics    \u2502\u2502               \u2502\u2502               \u2502\n                 \u2502  Conditions:  \u2502                                                   \u2502               \u2502\u2502               \u2502\u2502  Conditions:  \u2502\n                 \u2502  cd_demo_sk = \u2502                                                   \u2502     Type:     \u2502\u2502               \u2502\u2502  ws_item_sk = \u2502\n                 \u2502 c_current_cdem\u2502                                                   \u2502Sequential Scan\u2502\u2502               \u2502\u2502    i_item_sk  \u2502\n                 \u2502      o_sk     \u251c\u2500\u2500\u2500\u2500\u2500\u2500\u2500\u2500\u2510                                          \u2502               \u2502\u2502               \u2502\u2502               \u251c\u2500\u2500\u2500\u2500\u2500\u2500\u2500\u2500\u2500\u2500\u2500\u2500\u2500\u2500\u2500\u2500\u2500\u2500\u2500\u2500\u2500\u2500\u2500\u2500\u2500\u2500\u2500\u2500\u2500\u2500\u2500\u2500\u2500\u2500\u2500\u2500\u2500\u2500\u2500\u2500\u2500\u2500\u2510\n                 \u2502               \u2502        \u2502                                          \u2502  Projections: \u2502\u2502               \u2502\u2502               \u2502                                          \u2502\n                 \u2502               \u2502        \u2502                                          \u2502   hd_demo_sk  \u2502\u2502               \u2502\u2502               \u2502                                          \u2502\n                 \u2502               \u2502        \u2502                                          \u2502hd_vehicle_coun\u2502\u2502               \u2502\u2502               \u2502                                          \u2502\n                 \u2502               \u2502        \u2502                                          \u2502       t       \u2502\u2502               \u2502\u2502               \u2502                                          \u2502\n                 \u2502               \u2502        \u2502                                          \u2502               \u2502\u2502               \u2502\u2502               \u2502                                          \u2502\n                 \u2502   1,277 rows  \u2502        \u2502                                          \u2502   7,200 rows  \u2502\u2502 5,326,460 rows\u2502\u2502  237,195 rows \u2502                                          \u2502\n                 \u2502    (0.00s)    \u2502        \u2502                                          \u2502    (0.00s)    \u2502\u2502    (0.03s)    \u2502\u2502    (0.03s)    \u2502                                          \u2502\n                 \u2514\u2500\u2500\u2500\u2500\u2500\u2500\u2500\u252c\u2500\u2500\u2500\u2500\u2500\u2500\u2500\u2518        \u2502                                          \u2514\u2500\u2500\u2500\u2500\u2500\u2500\u2500\u2500\u2500\u2500\u2500\u2500\u2500\u2500\u2500\u2518\u2514\u2500\u2500\u2500\u2500\u2500\u2500\u2500\u252c\u2500\u2500\u2500\u2500\u2500\u2500\u2500\u2518\u2514\u2500\u2500\u2500\u2500\u2500\u2500\u2500\u252c\u2500\u2500\u2500\u2500\u2500\u2500\u2500\u2518                                          \u2502\n                 \u250c\u2500\u2500\u2500\u2500\u2500\u2500\u2500\u2534\u2500\u2500\u2500\u2500\u2500\u2500\u2500\u2510\u250c\u2500\u2500\u2500\u2500\u2500\u2500\u2500\u2534\u2500\u2500\u2500\u2500\u2500\u2500\u2500\u2510                                                   \u250c\u2500\u2500\u2500\u2500\u2500\u2500\u2500\u2534\u2500\u2500\u2500\u2500\u2500\u2500\u2500\u2510\u250c\u2500\u2500\u2500\u2500\u2500\u2500\u2500\u2534\u2500\u2500\u2500\u2500\u2500\u2500\u2500\u2510                                  \u250c\u2500\u2500\u2500\u2500\u2500\u2500\u2500\u2534\u2500\u2500\u2500\u2500\u2500\u2500\u2500\u2510\n                 \u2502   TABLE_SCAN  \u2502\u2502   HASH_JOIN   \u2502                                                   \u2502   TABLE_SCAN  \u2502\u2502   HASH_JOIN   \u2502                                  \u2502   PROJECTION  \u2502\n                 \u2502    \u2500\u2500\u2500\u2500\u2500\u2500\u2500\u2500   \u2502\u2502    \u2500\u2500\u2500\u2500\u2500\u2500\u2500\u2500   \u2502                                                   \u2502    \u2500\u2500\u2500\u2500\u2500\u2500\u2500\u2500   \u2502\u2502    \u2500\u2500\u2500\u2500\u2500\u2500\u2500\u2500   \u2502                                  \u2502    \u2500\u2500\u2500\u2500\u2500\u2500\u2500\u2500   \u2502\n                 \u2502     Table:    \u2502\u2502   Join Type:  \u2502                                                   \u2502     Table:    \u2502\u2502   Join Type:  \u2502                                  \u2502       #0      \u2502\n                 \u2502customer_demogr\u2502\u2502     INNER     \u2502                                                   \u2502  store_sales  \u2502\u2502     INNER     \u2502                                  \u2502               \u2502\n                 \u2502     aphics    \u2502\u2502               \u2502                                                   \u2502               \u2502\u2502               \u2502                                  \u2502               \u2502\n                 \u2502               \u2502\u2502  Conditions:  \u2502                                                   \u2502     Type:     \u2502\u2502  Conditions:  \u2502                                  \u2502               \u2502\n                 \u2502     Type:     \u2502\u2502c_current_addr_\u2502                                                   \u2502Sequential Scan\u2502\u2502ws_sold_date_sk\u2502                                  \u2502               \u2502\n                 \u2502Sequential Scan\u2502\u2502sk = ca_address\u2502                                                   \u2502               \u2502\u2502   = d_date_sk \u2502                                  \u2502               \u2502\n                 \u2502               \u2502\u2502      _sk      \u2502                                                   \u2502  Projections: \u2502\u2502               \u2502                                  \u2502               \u2502\n                 \u2502  Projections: \u2502\u2502               \u2502                                                   \u2502   ss_item_sk  \u2502\u2502               \u2502                                  \u2502               \u2502\n                 \u2502   cd_demo_sk  \u2502\u2502               \u2502                                                   \u2502ss_sold_date_sk\u2502\u2502               \u2502                                  \u2502               \u2502\n                 \u2502   cd_gender   \u2502\u2502               \u2502                                                   \u2502 ss_customer_sk\u2502\u2502               \u2502                                  \u2502               \u2502\n                 \u2502cd_marital_stat\u2502\u2502               \u251c\u2500\u2500\u2500\u2500\u2500\u2500\u2500\u2500\u2510                                          \u2502  ss_quantity  \u2502\u2502               \u251c\u2500\u2500\u2500\u2500\u2500\u2500\u2500\u2500\u2510                         \u2502               \u2502\n                 \u2502       us      \u2502\u2502               \u2502        \u2502                                          \u2502               \u2502\u2502               \u2502        \u2502                         \u2502               \u2502\n                 \u2502cd_education_st\u2502\u2502               \u2502        \u2502                                          \u2502    Filters:   \u2502\u2502               \u2502        \u2502                         \u2502               \u2502\n                 \u2502      atus     \u2502\u2502               \u2502        \u2502                                          \u2502 ss_customer_sk\u2502\u2502               \u2502        \u2502                         \u2502               \u2502\n                 \u2502               \u2502\u2502               \u2502        \u2502                                          \u2502>=2 AND ss_cust\u2502\u2502               \u2502        \u2502                         \u2502               \u2502\n                 \u2502    Filters:   \u2502\u2502               \u2502        \u2502                                          \u2502omer_sk<=499998\u2502\u2502               \u2502        \u2502                         \u2502               \u2502\n                 \u2502 cd_demo_sk>=4 \u2502\u2502               \u2502        \u2502                                          \u2502               \u2502\u2502               \u2502        \u2502                         \u2502               \u2502\n                 \u2502 AND cd_demo_sk\u2502\u2502               \u2502        \u2502                                          \u2502               \u2502\u2502               \u2502        \u2502                         \u2502               \u2502\n                 \u2502   <=1920791   \u2502\u2502               \u2502        \u2502                                          \u2502               \u2502\u2502               \u2502        \u2502                         \u2502               \u2502\n                 \u2502               \u2502\u2502               \u2502        \u2502                                          \u2502               \u2502\u2502               \u2502        \u2502                         \u2502               \u2502\n                 \u2502  32,754 rows  \u2502\u2502  78,448 rows  \u2502        \u2502                                          \u2502 5,326,460 rows\u2502\u2502 9,002,464 rows\u2502        \u2502                         \u2502   2,761 rows  \u2502\n                 \u2502    (0.00s)    \u2502\u2502    (0.00s)    \u2502        \u2502                                          \u2502    (0.28s)    \u2502\u2502    (0.07s)    \u2502        \u2502                         \u2502    (0.00s)    \u2502\n                 \u2514\u2500\u2500\u2500\u2500\u2500\u2500\u2500\u2500\u2500\u2500\u2500\u2500\u2500\u2500\u2500\u2518\u2514\u2500\u2500\u2500\u2500\u2500\u2500\u2500\u252c\u2500\u2500\u2500\u2500\u2500\u2500\u2500\u2518        \u2502                                          \u2514\u2500\u2500\u2500\u2500\u2500\u2500\u2500\u2500\u2500\u2500\u2500\u2500\u2500\u2500\u2500\u2518\u2514\u2500\u2500\u2500\u2500\u2500\u2500\u2500\u252c\u2500\u2500\u2500\u2500\u2500\u2500\u2500\u2518        \u2502                         \u2514\u2500\u2500\u2500\u2500\u2500\u2500\u2500\u252c\u2500\u2500\u2500\u2500\u2500\u2500\u2500\u2518\n                                  \u250c\u2500\u2500\u2500\u2500\u2500\u2500\u2500\u2534\u2500\u2500\u2500\u2500\u2500\u2500\u2500\u2510\u250c\u2500\u2500\u2500\u2500\u2500\u2500\u2500\u2534\u2500\u2500\u2500\u2500\u2500\u2500\u2500\u2510                                                   \u250c\u2500\u2500\u2500\u2500\u2500\u2500\u2500\u2534\u2500\u2500\u2500\u2500\u2500\u2500\u2500\u2510\u250c\u2500\u2500\u2500\u2500\u2500\u2500\u2500\u2534\u2500\u2500\u2500\u2500\u2500\u2500\u2500\u2510                 \u250c\u2500\u2500\u2500\u2500\u2500\u2500\u2500\u2534\u2500\u2500\u2500\u2500\u2500\u2500\u2500\u2510\n                                  \u2502   TABLE_SCAN  \u2502\u2502   PROJECTION  \u2502                                                   \u2502   TABLE_SCAN  \u2502\u2502PIECEWISE_...  \u2502                 \u2502     FILTER    \u2502\n                                  \u2502    \u2500\u2500\u2500\u2500\u2500\u2500\u2500\u2500   \u2502\u2502    \u2500\u2500\u2500\u2500\u2500\u2500\u2500\u2500   \u2502                                                   \u2502    \u2500\u2500\u2500\u2500\u2500\u2500\u2500\u2500   \u2502\u2502    \u2500\u2500\u2500\u2500\u2500\u2500\u2500\u2500   \u2502                 \u2502    \u2500\u2500\u2500\u2500\u2500\u2500\u2500\u2500   \u2502\n                                  \u2502     Table:    \u2502\u2502       #0      \u2502                                                   \u2502     Table:    \u2502\u2502   Join Type:  \u2502                 \u2502 (IN (...) AND \u2502\n                                  \u2502    customer   \u2502\u2502               \u2502                                                   \u2502   web_sales   \u2502\u2502     INNER     \u2502                 \u2502 ((i_category =\u2502\n                                  \u2502               \u2502\u2502               \u2502                                                   \u2502               \u2502\u2502               \u2502                 \u2502   'Children') \u2502\n                                  \u2502     Type:     \u2502\u2502               \u2502                                                   \u2502     Type:     \u2502\u2502  Conditions:  \u2502                 \u2502 OR (i_category\u2502\n                                  \u2502Sequential Scan\u2502\u2502               \u2502                                                   \u2502Sequential Scan\u2502\u2502 CAST(d_date AS\u2502                 \u2502  = 'Jewelry') \u2502\n                                  \u2502               \u2502\u2502               \u2502                                                   \u2502               \u2502\u2502  TIMESTAMP) >=\u2502                 \u2502 OR (i_category\u2502\n                                  \u2502  Projections: \u2502\u2502               \u2502                                                   \u2502  Projections: \u2502\u2502   CAST(d_date \u2502                 \u2502   = 'Men')))  \u2502\n                                  \u2502 c_customer_sk \u2502\u2502               \u2502                                                   \u2502   ws_item_sk  \u2502\u2502  AS TIMESTAMP)\u2502                 \u2502               \u2502\n                                  \u2502c_current_cdemo\u2502\u2502               \u2502                                                   \u2502ws_sold_date_sk\u2502\u2502 CAST(d_date AS\u2502                 \u2502               \u2502\n                                  \u2502      _sk      \u2502\u2502               \u2502                                                   \u2502ws_bill_custome\u2502\u2502  TIMESTAMP) <=\u2502                 \u2502               \u2502\n                                  \u2502c_current_hdemo\u2502\u2502               \u2502                                                   \u2502      r_sk     \u2502\u2502  (d_date + '30\u251c\u2500\u2500\u2500\u2500\u2500\u2500\u2500\u2500\u2510        \u2502               \u2502\n                                  \u2502      _sk      \u2502\u2502               \u2502                                                   \u2502ws_warehouse_sk\u2502\u2502 days'::INTERVA\u2502        \u2502        \u2502               \u2502\n                                  \u2502c_current_addr_\u2502\u2502               \u2502                                                   \u2502               \u2502\u2502       L)      \u2502        \u2502        \u2502               \u2502\n                                  \u2502       sk      \u2502\u2502               \u2502                                                   \u2502    Filters:   \u2502\u2502               \u2502        \u2502        \u2502               \u2502\n                                  \u2502               \u2502\u2502               \u2502                                                   \u2502ws_wholesale_co\u2502\u2502               \u2502        \u2502        \u2502               \u2502\n                                  \u2502    Filters:   \u2502\u2502               \u2502                                                   \u2502 st>=35.00 AND \u2502\u2502               \u2502        \u2502        \u2502               \u2502\n                                  \u2502 c_customer_sk>\u2502\u2502               \u2502                                                   \u2502 ws_wholesale_c\u2502\u2502               \u2502        \u2502        \u2502               \u2502\n                                  \u2502=2 AND c_custom\u2502\u2502               \u2502                                                   \u2502   ost<=55.00  \u2502\u2502               \u2502        \u2502        \u2502               \u2502\n                                  \u2502 er_sk<=499998 \u2502\u2502               \u2502                                                   \u2502               \u2502\u2502               \u2502        \u2502        \u2502               \u2502\n                                  \u2502               \u2502\u2502               \u2502                                                   \u2502               \u2502\u2502               \u2502        \u2502        \u2502               \u2502\n                                  \u2502  499,981 rows \u2502\u2502  39,402 rows  \u2502                                                   \u2502  305,242 rows \u2502\u2502  11,315 rows  \u2502        \u2502        \u2502   2,761 rows  \u2502\n                                  \u2502    (0.00s)    \u2502\u2502    (0.00s)    \u2502                                                   \u2502    (0.06s)    \u2502\u2502    (0.00s)    \u2502        \u2502        \u2502    (0.00s)    \u2502\n                                  \u2514\u2500\u2500\u2500\u2500\u2500\u2500\u2500\u2500\u2500\u2500\u2500\u2500\u2500\u2500\u2500\u2518\u2514\u2500\u2500\u2500\u2500\u2500\u2500\u2500\u252c\u2500\u2500\u2500\u2500\u2500\u2500\u2500\u2518                                                   \u2514\u2500\u2500\u2500\u2500\u2500\u2500\u2500\u2500\u2500\u2500\u2500\u2500\u2500\u2500\u2500\u2518\u2514\u2500\u2500\u2500\u2500\u2500\u2500\u2500\u252c\u2500\u2500\u2500\u2500\u2500\u2500\u2500\u2518        \u2502        \u2514\u2500\u2500\u2500\u2500\u2500\u2500\u2500\u252c\u2500\u2500\u2500\u2500\u2500\u2500\u2500\u2518\n                                                   \u250c\u2500\u2500\u2500\u2500\u2500\u2500\u2500\u2534\u2500\u2500\u2500\u2500\u2500\u2500\u2500\u2510                                                                    \u250c\u2500\u2500\u2500\u2500\u2500\u2500\u2500\u2534\u2500\u2500\u2500\u2500\u2500\u2500\u2500\u2510\u250c\u2500\u2500\u2500\u2500\u2500\u2500\u2500\u2534\u2500\u2500\u2500\u2500\u2500\u2500\u2500\u2510\u250c\u2500\u2500\u2500\u2500\u2500\u2500\u2500\u2534\u2500\u2500\u2500\u2500\u2500\u2500\u2500\u2510\n                                                   \u2502     FILTER    \u2502                                                                    \u2502   TABLE_SCAN  \u2502\u2502     FILTER    \u2502\u2502   HASH_JOIN   \u2502\n                                                   \u2502    \u2500\u2500\u2500\u2500\u2500\u2500\u2500\u2500   \u2502                                                                    \u2502    \u2500\u2500\u2500\u2500\u2500\u2500\u2500\u2500   \u2502\u2502    \u2500\u2500\u2500\u2500\u2500\u2500\u2500\u2500   \u2502\u2502    \u2500\u2500\u2500\u2500\u2500\u2500\u2500\u2500   \u2502\n                                                   \u2502    IN (...)   \u2502                                                                    \u2502     Table:    \u2502\u2502   (d_date_sk  \u2502\u2502   Join Type:  \u2502\n                                                   \u2502               \u2502                                                                    \u2502    date_dim   \u2502\u2502     BETWEEN   \u2502\u2502      MARK     \u2502\n                                                   \u2502               \u2502                                                                    \u2502               \u2502\u2502   2450816 AND \u2502\u2502               \u2502\n                                                   \u2502               \u2502                                                                    \u2502     Type:     \u2502\u2502    2452635)   \u2502\u2502  Conditions:  \u2502\n                                                   \u2502               \u2502                                                                    \u2502Sequential Scan\u2502\u2502               \u2502\u2502 i_manager_id =\u2502\n                                                   \u2502               \u2502                                                                    \u2502               \u2502\u2502               \u2502\u2502       #0      \u2502\n                                                   \u2502               \u2502                                                                    \u2502  Projections: \u2502\u2502               \u2502\u2502               \u2502\n                                                   \u2502               \u2502                                                                    \u2502   d_date_sk   \u2502\u2502               \u2502\u2502               \u2502\n                                                   \u2502               \u2502                                                                    \u2502     d_date    \u2502\u2502               \u2502\u2502               \u251c\u2500\u2500\u2500\u2500\u2500\u2500\u2500\u2500\u2510\n                                                   \u2502               \u2502                                                                    \u2502               \u2502\u2502               \u2502\u2502               \u2502        \u2502\n                                                   \u2502               \u2502                                                                    \u2502    Filters:   \u2502\u2502               \u2502\u2502               \u2502        \u2502\n                                                   \u2502               \u2502                                                                    \u2502   d_date_sk>  \u2502\u2502               \u2502\u2502               \u2502        \u2502\n                                                   \u2502               \u2502                                                                    \u2502  =2450816 AND \u2502\u2502               \u2502\u2502               \u2502        \u2502\n                                                   \u2502               \u2502                                                                    \u2502   d_date_sk<  \u2502\u2502               \u2502\u2502               \u2502        \u2502\n                                                   \u2502               \u2502                                                                    \u2502    =2452642   \u2502\u2502               \u2502\u2502               \u2502        \u2502\n                                                   \u2502               \u2502                                                                    \u2502               \u2502\u2502               \u2502\u2502               \u2502        \u2502\n                                                   \u2502  39,402 rows  \u2502                                                                    \u2502   1,827 rows  \u2502\u2502    365 rows   \u2502\u2502  102,000 rows \u2502        \u2502\n                                                   \u2502    (0.00s)    \u2502                                                                    \u2502    (0.00s)    \u2502\u2502    (0.00s)    \u2502\u2502    (0.00s)    \u2502        \u2502\n                                                   \u2514\u2500\u2500\u2500\u2500\u2500\u2500\u2500\u252c\u2500\u2500\u2500\u2500\u2500\u2500\u2500\u2518                                                                    \u2514\u2500\u2500\u2500\u2500\u2500\u2500\u2500\u2500\u2500\u2500\u2500\u2500\u2500\u2500\u2500\u2518\u2514\u2500\u2500\u2500\u2500\u2500\u2500\u2500\u252c\u2500\u2500\u2500\u2500\u2500\u2500\u2500\u2518\u2514\u2500\u2500\u2500\u2500\u2500\u2500\u2500\u252c\u2500\u2500\u2500\u2500\u2500\u2500\u2500\u2518        \u2502\n                                                   \u250c\u2500\u2500\u2500\u2500\u2500\u2500\u2500\u2534\u2500\u2500\u2500\u2500\u2500\u2500\u2500\u2510                                                                                     \u250c\u2500\u2500\u2500\u2500\u2500\u2500\u2500\u2534\u2500\u2500\u2500\u2500\u2500\u2500\u2500\u2510\u250c\u2500\u2500\u2500\u2500\u2500\u2500\u2500\u2534\u2500\u2500\u2500\u2500\u2500\u2500\u2500\u2510\u250c\u2500\u2500\u2500\u2500\u2500\u2500\u2500\u2534\u2500\u2500\u2500\u2500\u2500\u2500\u2500\u2510\n                                                   \u2502   HASH_JOIN   \u2502                                                                                     \u2502   TABLE_SCAN  \u2502\u2502   TABLE_SCAN  \u2502\u2502COLUMN_DAT...  \u2502\n                                                   \u2502    \u2500\u2500\u2500\u2500\u2500\u2500\u2500\u2500   \u2502                                                                                     \u2502    \u2500\u2500\u2500\u2500\u2500\u2500\u2500\u2500   \u2502\u2502    \u2500\u2500\u2500\u2500\u2500\u2500\u2500\u2500   \u2502\u2502               \u2502\n                                                   \u2502   Join Type:  \u2502                                                                                     \u2502     Table:    \u2502\u2502     Table:    \u2502\u2502               \u2502\n                                                   \u2502      MARK     \u2502                                                                                     \u2502    date_dim   \u2502\u2502      item     \u2502\u2502               \u2502\n                                                   \u2502               \u2502                                                                                     \u2502               \u2502\u2502               \u2502\u2502               \u2502\n                                                   \u2502  Conditions:  \u2502                                                                                     \u2502     Type:     \u2502\u2502     Type:     \u2502\u2502               \u2502\n                                                   \u2502 ca_state = #0 \u2502                                                                                     \u2502Sequential Scan\u2502\u2502Sequential Scan\u2502\u2502               \u2502\n                                                   \u2502               \u2502                                                                                     \u2502               \u2502\u2502               \u2502\u2502               \u2502\n                                                   \u2502               \u2502                                                                                     \u2502  Projections: \u2502\u2502  Projections: \u2502\u2502               \u2502\n                                                   \u2502               \u2502                                                                                     \u2502   d_date_sk   \u2502\u2502   i_item_sk   \u2502\u2502               \u2502\n                                                   \u2502               \u2502                                                                                     \u2502     d_date    \u2502\u2502   i_category  \u2502\u2502               \u2502\n                                                   \u2502               \u2502                                                                                     \u2502               \u2502\u2502  i_manager_id \u2502\u2502               \u2502\n                                                   \u2502               \u2502                                                                                     \u2502    Filters:   \u2502\u2502               \u2502\u2502               \u2502\n                                                   \u2502               \u2502                                                                                     \u2502  d_year=2001  \u2502\u2502    Filters:   \u2502\u2502               \u2502\n                                                   \u2502               \u251c\u2500\u2500\u2500\u2500\u2500\u2500\u2500\u2500\u2510                                                                            \u2502               \u2502\u2502   optional:   \u2502\u2502               \u2502\n                                                   \u2502               \u2502        \u2502                                                                            \u2502               \u2502\u2502  i_category IN\u2502\u2502               \u2502\n                                                   \u2502               \u2502        \u2502                                                                            \u2502               \u2502\u2502  ('Children', \u2502\u2502               \u2502\n                                                   \u2502               \u2502        \u2502                                                                            \u2502               \u2502\u2502  'Jewelry',   \u2502\u2502               \u2502\n                                                   \u2502               \u2502        \u2502                                                                            \u2502               \u2502\u2502     'Men')    \u2502\u2502               \u2502\n                                                   \u2502               \u2502        \u2502                                                                            \u2502               \u2502\u2502   optional:   \u2502\u2502               \u2502\n                                                   \u2502               \u2502        \u2502                                                                            \u2502               \u2502\u2502  i_manager_id \u2502\u2502               \u2502\n                                                   \u2502               \u2502        \u2502                                                                            \u2502               \u2502\u2502   IN (21, 22, \u2502\u2502               \u2502\n                                                   \u2502               \u2502        \u2502                                                                            \u2502               \u2502\u2502   38, 39, 46, \u2502\u2502               \u2502\n                                                   \u2502               \u2502        \u2502                                                                            \u2502               \u2502\u2502   47, 66, 67, \u2502\u2502               \u2502\n                                                   \u2502               \u2502        \u2502                                                                            \u2502               \u2502\u2502     74, 93)   \u2502\u2502               \u2502\n                                                   \u2502               \u2502        \u2502                                                                            \u2502               \u2502\u2502               \u2502\u2502               \u2502\n                                                   \u2502  250,000 rows \u2502        \u2502                                                                            \u2502    365 rows   \u2502\u2502  102,000 rows \u2502\u2502    10 rows    \u2502\n                                                   \u2502    (0.00s)    \u2502        \u2502                                                                            \u2502    (0.00s)    \u2502\u2502    (0.00s)    \u2502\u2502    (0.00s)    \u2502\n                                                   \u2514\u2500\u2500\u2500\u2500\u2500\u2500\u2500\u252c\u2500\u2500\u2500\u2500\u2500\u2500\u2500\u2518        \u2502                                                                            \u2514\u2500\u2500\u2500\u2500\u2500\u2500\u2500\u2500\u2500\u2500\u2500\u2500\u2500\u2500\u2500\u2518\u2514\u2500\u2500\u2500\u2500\u2500\u2500\u2500\u2500\u2500\u2500\u2500\u2500\u2500\u2500\u2500\u2518\u2514\u2500\u2500\u2500\u2500\u2500\u2500\u2500\u2500\u2500\u2500\u2500\u2500\u2500\u2500\u2500\u2518\n                                                   \u250c\u2500\u2500\u2500\u2500\u2500\u2500\u2500\u2534\u2500\u2500\u2500\u2500\u2500\u2500\u2500\u2510\u250c\u2500\u2500\u2500\u2500\u2500\u2500\u2500\u2534\u2500\u2500\u2500\u2500\u2500\u2500\u2500\u2510\n                                                   \u2502   TABLE_SCAN  \u2502\u2502COLUMN_DAT...  \u2502\n                                                   \u2502    \u2500\u2500\u2500\u2500\u2500\u2500\u2500\u2500   \u2502\u2502               \u2502\n                                                   \u2502     Table:    \u2502\u2502               \u2502\n                                                   \u2502customer_addres\u2502\u2502               \u2502\n                                                   \u2502       s       \u2502\u2502               \u2502\n                                                   \u2502               \u2502\u2502               \u2502\n                                                   \u2502     Type:     \u2502\u2502               \u2502\n                                                   \u2502Sequential Scan\u2502\u2502               \u2502\n                                                   \u2502               \u2502\u2502               \u2502\n                                                   \u2502  Projections: \u2502\u2502               \u2502\n                                                   \u2502 ca_address_sk \u2502\u2502               \u2502\n                                                   \u2502    ca_state   \u2502\u2502               \u2502\n                                                   \u2502               \u2502\u2502               \u2502\n                                                   \u2502    Filters:   \u2502\u2502               \u2502\n                                                   \u2502   optional:   \u2502\u2502               \u2502\n                                                   \u2502  ca_state IN (\u2502\u2502               \u2502\n                                                   \u2502  'AZ', 'KS',  \u2502\u2502               \u2502\n                                                   \u2502  'OH', 'TX',  \u2502\u2502               \u2502\n                                                   \u2502     'WA')     \u2502\u2502               \u2502\n                                                   \u2502               \u2502\u2502               \u2502\n                                                   \u2502  250,000 rows \u2502\u2502     5 rows    \u2502\n                                                   \u2502    (0.00s)    \u2502\u2502    (0.00s)    \u2502\n                                                   \u2514\u2500\u2500\u2500\u2500\u2500\u2500\u2500\u2500\u2500\u2500\u2500\u2500\u2500\u2500\u2500\u2518\u2514\u2500\u2500\u2500\u2500\u2500\u2500\u2500\u2500\u2500\u2500\u2500\u2500\u2500\u2500\u2500\u2518\n",
  "plan_json": {
    "total_bytes_written": 0,
    "total_bytes_read": 0,
    "rows_returned": 0,
    "latency": 0.0,
    "result_set_size": 0,
    "query_name": "",
    "blocked_thread_time": 0.0,
    "system_peak_buffer_memory": 0,
    "system_peak_temp_dir_size": 0,
    "cpu_time": 0.0,
    "extra_info": {},
    "cumulative_cardinality": 0,
    "cumulative_rows_scanned": 0,
    "children": [
      {
        "total_bytes_written": 0,
        "total_bytes_read": 0,
        "result_set_size": 0,
        "operator_name": "EXPLAIN_ANALYZE",
        "cpu_time": 0.0,
        "extra_info": {},
        "cumulative_cardinality": 0,
        "operator_type": "EXPLAIN_ANALYZE",
        "operator_cardinality": 0,
        "cumulative_rows_scanned": 0,
        "operator_rows_scanned": 0,
        "operator_timing": 0.0,
        "children": [
          {
            "total_bytes_written": 0,
            "total_bytes_read": 0,
            "result_set_size": 0,
            "operator_name": "PROJECTION",
            "cpu_time": 0.0,
            "extra_info": {
              "Projections": [
                "__internal_decompress_string(#0)",
                "__internal_decompress_string(#1)",
                "__internal_decompress_string(#2)",
                "__internal_decompress_integral_integer(#3, -1)",
                "#4"
              ],
              "Estimated Cardinality": "0"
            },
            "cumulative_cardinality": 0,
            "operator_type": "PROJECTION",
            "operator_cardinality": 0,
            "cumulative_rows_scanned": 0,
            "operator_rows_scanned": 0,
            "operator_timing": 0.0,
            "children": [
              {
                "total_bytes_written": 0,
                "total_bytes_read": 0,
                "result_set_size": 0,
                "operator_name": "ORDER_BY",
                "cpu_time": 0.0,
                "extra_info": {
                  "Order By": "count_star() ASC"
                },
                "cumulative_cardinality": 0,
                "operator_type": "ORDER_BY",
                "operator_cardinality": 0,
                "cumulative_rows_scanned": 0,
                "operator_rows_scanned": 0,
                "operator_timing": 6.02e-07,
                "children": [
                  {
                    "total_bytes_written": 0,
                    "total_bytes_read": 0,
                    "result_set_size": 0,
                    "operator_name": "PROJECTION",
                    "cpu_time": 0.0,
                    "extra_info": {
                      "Projections": [
                        "__internal_compress_string_utinyint(#0)",
                        "__internal_compress_string_utinyint(#1)",
                        "__internal_compress_string_uhugeint(#2)",
                        "__internal_compress_integral_utinyint(#3, -1)",
                        "#4"
                      ],
                      "Estimated Cardinality": "983726831"
                    },
                    "cumulative_cardinality": 0,
                    "operator_type": "PROJECTION",
                    "operator_cardinality": 0,
                    "cumulative_rows_scanned": 0,
                    "operator_rows_scanned": 0,
                    "operator_timing": 0.0,
                    "children": [
                      {
                        "total_bytes_written": 0,
                        "total_bytes_read": 0,
                        "result_set_size": 0,
                        "operator_name": "PROJECTION",
                        "cpu_time": 0.0,
                        "extra_info": {
                          "Projections": [
                            "__internal_decompress_string(#0)",
                            "__internal_decompress_string(#1)",
                            "__internal_decompress_string(#2)",
                            "__internal_decompress_integral_integer(#3, -1)",
                            "#4"
                          ],
                          "Estimated Cardinality": "983726831"
                        },
                        "cumulative_cardinality": 0,
                        "operator_type": "PROJECTION",
                        "operator_cardinality": 0,
                        "cumulative_rows_scanned": 0,
                        "operator_rows_scanned": 0,
                        "operator_timing": 0.0,
                        "children": [
                          {
                            "total_bytes_written": 0,
                            "total_bytes_read": 0,
                            "result_set_size": 0,
                            "operator_name": "HASH_GROUP_BY",
                            "cpu_time": 0.0,
                            "extra_info": {
                              "Groups": [
                                "#0",
                                "#1",
                                "#2",
                                "#3"
                              ],
                              "Aggregates": "count_star()",
                              "Estimated Cardinality": "983726831"
                            },
                            "cumulative_cardinality": 0,
                            "operator_type": "HASH_GROUP_BY",
                            "operator_cardinality": 0,
                            "cumulative_rows_scanned": 0,
                            "operator_rows_scanned": 0,
                            "operator_timing": 8.99e-07,
                            "children": [
                              {
                                "total_bytes_written": 0,
                                "total_bytes_read": 0,
                                "result_set_size": 0,
                                "operator_name": "PROJECTION",
                                "cpu_time": 0.0,
                                "extra_info": {
                                  "Projections": [
                                    "cd_gender",
                                    "cd_marital_status",
                                    "cd_education_status",
                                    "hd_vehicle_count"
                                  ],
                                  "Estimated Cardinality": "983730686"
                                },
                                "cumulative_cardinality": 0,
                                "operator_type": "PROJECTION",
                                "operator_cardinality": 0,
                                "cumulative_rows_scanned": 0,
                                "operator_rows_scanned": 0,
                                "operator_timing": 0.0,
                                "children": [
                                  {
                                    "total_bytes_written": 0,
                                    "total_bytes_read": 0,
                                    "result_set_size": 0,
                                    "operator_name": "PROJECTION",
                                    "cpu_time": 0.0,
                                    "extra_info": {
                                      "Projections": [
                                        "__internal_compress_integral_utinyint(#0, 1)",
                                        "#1",
                                        "__internal_compress_integral_usmallint(#2, 2450816)",
                                        "__internal_compress_integral_usmallint(#3, 1)",
                                        "__internal_compress_integral_utinyint(#7, -1)",
                                        "__internal_compress_string_utinyint(#4)",
                                        "__internal_compress_string_utinyint(#5)",
                                        "__internal_compress_string_uhugeint(#6)"
                                      ],
                                      "Estimated Cardinality": "983730686"
                                    },
                                    "cumulative_cardinality": 0,
                                    "operator_type": "PROJECTION",
                                    "operator_cardinality": 0,
                                    "cumulative_rows_scanned": 0,
                                    "operator_rows_scanned": 0,
                                    "operator_timing": 0.0,
                                    "children": [
                                      {
                                        "total_bytes_written": 0,
                                        "total_bytes_read": 0,
                                        "result_set_size": 0,
                                        "operator_name": "HASH_JOIN",
                                        "cpu_time": 0.0,
                                        "extra_info": {
                                          "Join Type": "INNER",
                                          "Conditions": [
                                            "inv_item_sk = i_item_sk",
                                            "inv_warehouse_sk = w_warehouse_sk",
                                            "inv_date_sk = ss_sold_date_sk",
                                            "inv_quantity_on_hand >= ss_quantity"
                                          ],
                                          "Estimated Cardinality": "983730686"
                                        },
                                        "cumulative_cardinality": 0,
                                        "operator_type": "HASH_JOIN",
                                        "operator_cardinality": 0,
                                        "cumulative_rows_scanned": 0,
                                        "operator_rows_scanned": 0,
                                        "operator_timing": 0.00036750700000000004,
                                        "children": [
                                          {
                                            "total_bytes_written": 0,
                                            "total_bytes_read": 0,
                                            "result_set_size": 870608,
                                            "operator_name": "FILTER",
                                            "cpu_time": 0.0,
                                            "extra_info": {
                                              "Expression": "(inv_date_sk >= 2450816)",
                                              "Estimated Cardinality": "133110000"
                                            },
                                            "cumulative_cardinality": 0,
                                            "operator_type": "FILTER",
                                            "operator_cardinality": 54413,
                                            "cumulative_rows_scanned": 0,
                                            "operator_rows_scanned": 0,
                                            "operator_timing": 0.00036555500000000005,
                                            "children": [
                                              {
                                                "total_bytes_written": 0,
                                                "total_bytes_read": 0,
                                                "result_set_size": 8616144,
                                                "operator_name": "SEQ_SCAN ",
                                                "cpu_time": 0.0,
                                                "extra_info": {
                                                  "Table": "inventory",
                                                  "Type": "Sequential Scan",
                                                  "Projections": [
                                                    "inv_warehouse_sk",
                                                    "inv_item_sk",
                                                    "inv_date_sk",
                                                    "inv_quantity_on_hand"
                                                  ],
                                                  "Filters": "inv_quantity_on_hand>=1",
                                                  "Estimated Cardinality": "133110000"
                                                },
                                                "cumulative_cardinality": 0,
                                                "operator_type": "TABLE_SCAN",
                                                "operator_cardinality": 538509,
                                                "cumulative_rows_scanned": 0,
                                                "operator_rows_scanned": 3727080000,
                                                "operator_timing": 0.002416927999999999,
                                                "children": []
                                              }
                                            ]
                                          },
                                          {
                                            "total_bytes_written": 0,
                                            "total_bytes_read": 0,
                                            "result_set_size": 0,
                                            "operator_name": "HASH_JOIN",
                                            "cpu_time": 0.0,
                                            "extra_info": {
                                              "Join Type": "INNER",
                                              "Conditions": "ws_warehouse_sk = w_warehouse_sk",
                                              "Estimated Cardinality": "712933"
                                            },
                                            "cumulative_cardinality": 0,
                                            "operator_type": "HASH_JOIN",
                                            "operator_cardinality": 0,
                                            "cumulative_rows_scanned": 0,
                                            "operator_rows_scanned": 0,
                                            "operator_timing": 0.000146028,
                                            "children": [
                                              {
                                                "total_bytes_written": 0,
                                                "total_bytes_read": 0,
                                                "result_set_size": 0,
                                                "operator_name": "HASH_JOIN",
                                                "cpu_time": 0.0,
                                                "extra_info": {
                                                  "Join Type": "INNER",
                                                  "Conditions": "c_customer_sk = ss_customer_sk",
                                                  "Estimated Cardinality": "23065"
                                                },
                                                "cumulative_cardinality": 0,
                                                "operator_type": "HASH_JOIN",
                                                "operator_cardinality": 0,
                                                "cumulative_rows_scanned": 0,
                                                "operator_rows_scanned": 0,
                                                "operator_timing": 0.000203413,
                                                "children": [
                                                  {
                                                    "total_bytes_written": 0,
                                                    "total_bytes_read": 0,
                                                    "result_set_size": 70448,
                                                    "operator_name": "HASH_JOIN",
                                                    "cpu_time": 0.0,
                                                    "extra_info": {
                                                      "Join Type": "INNER",
                                                      "Conditions": "c_current_hdemo_sk = hd_demo_sk",
                                                      "Estimated Cardinality": "82127"
                                                    },
                                                    "cumulative_cardinality": 0,
                                                    "operator_type": "HASH_JOIN",
                                                    "operator_cardinality": 1258,
                                                    "cumulative_rows_scanned": 0,
                                                    "operator_rows_scanned": 0,
                                                    "operator_timing": 0.0007057039999999999,
                                                    "children": [
                                                      {
                                                        "total_bytes_written": 0,
                                                        "total_bytes_read": 0,
                                                        "result_set_size": 71512,
                                                        "operator_name": "HASH_JOIN",
                                                        "cpu_time": 0.0,
                                                        "extra_info": {
                                                          "Join Type": "INNER",
                                                          "Conditions": "cd_demo_sk = c_current_cdemo_sk",
                                                          "Estimated Cardinality": "82127"
                                                        },
                                                        "cumulative_cardinality": 0,
                                                        "operator_type": "HASH_JOIN",
                                                        "operator_cardinality": 1277,
                                                        "cumulative_rows_scanned": 0,
                                                        "operator_rows_scanned": 0,
                                                        "operator_timing": 0.003831807,
                                                        "children": [
                                                          {
                                                            "total_bytes_written": 0,
                                                            "total_bytes_read": 0,
                                                            "result_set_size": 1703208,
                                                            "operator_name": "SEQ_SCAN ",
                                                            "cpu_time": 0.0,
                                                            "extra_info": {
                                                              "Table": "customer_demographics",
                                                              "Type": "Sequential Scan",
                                                              "Projections": [
                                                                "cd_demo_sk",
                                                                "cd_gender",
                                                                "cd_marital_status",
                                                                "cd_education_status"
                                                              ],
                                                              "Filters": "cd_demo_sk>=4 AND cd_demo_sk<=1920791",
                                                              "Estimated Cardinality": "1920800"
                                                            },
                                                            "cumulative_cardinality": 0,
                                                            "operator_type": "TABLE_SCAN",
                                                            "operator_cardinality": 32754,
                                                            "cumulative_rows_scanned": 0,
                                                            "operator_rows_scanned": 30732800,
                                                            "operator_timing": 0.000563235,
                                                            "children": []
                                                          },
                                                          {
                                                            "total_bytes_written": 0,
                                                            "total_bytes_read": 0,
                                                            "result_set_size": 1255168,
                                                            "operator_name": "HASH_JOIN",
                                                            "cpu_time": 0.0,
                                                            "extra_info": {
                                                              "Join Type": "INNER",
                                                              "Conditions": "c_current_addr_sk = ca_address_sk",
                                                              "Estimated Cardinality": "82127"
                                                            },
                                                            "cumulative_cardinality": 0,
                                                            "operator_type": "HASH_JOIN",
                                                            "operator_cardinality": 78448,
                                                            "cumulative_rows_scanned": 0,
                                                            "operator_rows_scanned": 0,
                                                            "operator_timing": 0.0022613199999999994,
                                                            "children": [
                                                              {
                                                                "total_bytes_written": 0,
                                                                "total_bytes_read": 0,
                                                                "result_set_size": 7999696,
                                                                "operator_name": "SEQ_SCAN ",
                                                                "cpu_time": 0.0,
                                                                "extra_info": {
                                                                  "Table": "customer",
                                                                  "Type": "Sequential Scan",
                                                                  "Projections": [
                                                                    "c_customer_sk",
                                                                    "c_current_cdemo_sk",
                                                                    "c_current_hdemo_sk",
                                                                    "c_current_addr_sk"
                                                                  ],
                                                                  "Filters": "c_customer_sk>=2 AND c_customer_sk<=499998",
                                                                  "Estimated Cardinality": "500000"
                                                                },
                                                                "cumulative_cardinality": 0,
                                                                "operator_type": "TABLE_SCAN",
                                                                "operator_cardinality": 499981,
                                                                "cumulative_rows_scanned": 0,
                                                                "operator_rows_scanned": 2500000,
                                                                "operator_timing": 0.0016130769999999999,
                                                                "children": []
                                                              },
                                                              {
                                                                "total_bytes_written": 0,
                                                                "total_bytes_read": 0,
                                                                "result_set_size": 157608,
                                                                "operator_name": "PROJECTION",
                                                                "cpu_time": 0.0,
                                                                "extra_info": {
                                                                  "Projections": "#0",
                                                                  "Estimated Cardinality": "50000"
                                                                },
                                                                "cumulative_cardinality": 0,
                                                                "operator_type": "PROJECTION",
                                                                "operator_cardinality": 39402,
                                                                "cumulative_rows_scanned": 0,
                                                                "operator_rows_scanned": 0,
                                                                "operator_timing": 1.3480999999999997e-05,
                                                                "children": [
                                                                  {
                                                                    "total_bytes_written": 0,
                                                                    "total_bytes_read": 0,
                                                                    "result_set_size": 197010,
                                                                    "operator_name": "FILTER",
                                                                    "cpu_time": 0.0,
                                                                    "extra_info": {
                                                                      "Expression": "IN (...)",
                                                                      "Estimated Cardinality": "50000"
                                                                    },
                                                                    "cumulative_cardinality": 0,
                                                                    "operator_type": "FILTER",
                                                                    "operator_cardinality": 39402,
                                                                    "cumulative_rows_scanned": 0,
                                                                    "operator_rows_scanned": 0,
                                                                    "operator_timing": 0.0005241570000000001,
                                                                    "children": [
                                                                      {
                                                                        "total_bytes_written": 0,
                                                                        "total_bytes_read": 0,
                                                                        "result_set_size": 1250000,
                                                                        "operator_name": "HASH_JOIN",
                                                                        "cpu_time": 0.0,
                                                                        "extra_info": {
                                                                          "Join Type": "MARK",
                                                                          "Conditions": "ca_state = #0",
                                                                          "Estimated Cardinality": "250000"
                                                                        },
                                                                        "cumulative_cardinality": 0,
                                                                        "operator_type": "HASH_JOIN",
                                                                        "operator_cardinality": 250000,
                                                                        "cumulative_rows_scanned": 0,
                                                                        "operator_rows_scanned": 0,
                                                                        "operator_timing": 0.0033596150000000016,
                                                                        "children": [
                                                                          {
                                                                            "total_bytes_written": 0,
                                                                            "total_bytes_read": 0,
                                                                            "result_set_size": 5000000,
                                                                            "operator_name": "SEQ_SCAN ",
                                                                            "cpu_time": 0.0,
                                                                            "extra_info": {
                                                                              "Table": "customer_address",
                                                                              "Type": "Sequential Scan",
                                                                              "Projections": [
                                                                                "ca_address_sk",
                                                                                "ca_state"
                                                                              ],
                                                                              "Filters": "optional: ca_state IN ('AZ', 'KS', 'OH', 'TX', 'WA')",
                                                                              "Estimated Cardinality": "250000"
                                                                            },
                                                                            "cumulative_cardinality": 0,
                                                                            "operator_type": "TABLE_SCAN",
                                                                            "operator_cardinality": 250000,
                                                                            "cumulative_rows_scanned": 0,
                                                                            "operator_rows_scanned": 750000,
                                                                            "operator_timing": 0.0011891160000000005,
                                                                            "children": []
                                                                          },
                                                                          {
                                                                            "total_bytes_written": 0,
                                                                            "total_bytes_read": 0,
                                                                            "result_set_size": 80,
                                                                            "operator_name": "COLUMN_DATA_SCAN",
                                                                            "cpu_time": 0.0,
                                                                            "extra_info": {
                                                                              "Estimated Cardinality": "0"
                                                                            },
                                                                            "cumulative_cardinality": 0,
                                                                            "operator_type": "COLUMN_DATA_SCAN",
                                                                            "operator_cardinality": 5,
                                                                            "cumulative_rows_scanned": 0,
                                                                            "operator_rows_scanned": 0,
                                                                            "operator_timing": 3.113e-06,
                                                                            "children": []
                                                                          }
                                                                        ]
                                                                      }
                                                                    ]
                                                                  }
                                                                ]
                                                              }
                                                            ]
                                                          }
                                                        ]
                                                      },
                                                      {
                                                        "total_bytes_written": 0,
                                                        "total_bytes_read": 0,
                                                        "result_set_size": 57600,
                                                        "operator_name": "SEQ_SCAN ",
                                                        "cpu_time": 0.0,
                                                        "extra_info": {
                                                          "Table": "household_demographics",
                                                          "Type": "Sequential Scan",
                                                          "Projections": [
                                                            "hd_demo_sk",
                                                            "hd_vehicle_count"
                                                          ],
                                                          "Estimated Cardinality": "7200"
                                                        },
                                                        "cumulative_cardinality": 0,
                                                        "operator_type": "TABLE_SCAN",
                                                        "operator_cardinality": 7200,
                                                        "cumulative_rows_scanned": 0,
                                                        "operator_rows_scanned": 7200,
                                                        "operator_timing": 3.1299e-05,
                                                        "children": []
                                                      }
                                                    ]
                                                  },
                                                  {
                                                    "total_bytes_written": 0,
                                                    "total_bytes_read": 0,
                                                    "result_set_size": 0,
                                                    "operator_name": "HASH_JOIN",
                                                    "cpu_time": 0.0,
                                                    "extra_info": {
                                                      "Join Type": "INNER",
                                                      "Conditions": [
                                                        "ss_sold_date_sk = d_date_sk",
                                                        "ss_item_sk = i_item_sk",
                                                        "ss_customer_sk = ws_bill_customer_sk"
                                                      ],
                                                      "Estimated Cardinality": "70212"
                                                    },
                                                    "cumulative_cardinality": 0,
                                                    "operator_type": "HASH_JOIN",
                                                    "operator_cardinality": 0,
                                                    "cumulative_rows_scanned": 0,
                                                    "operator_rows_scanned": 0,
                                                    "operator_timing": 0.17213715999999996,
                                                    "children": [
                                                      {
                                                        "total_bytes_written": 0,
                                                        "total_bytes_read": 0,
                                                        "result_set_size": 85223360,
                                                        "operator_name": "FILTER",
                                                        "cpu_time": 0.0,
                                                        "extra_info": {
                                                          "Expression": "(ss_sold_date_sk <= 2452635)",
                                                          "Estimated Cardinality": "28800991"
                                                        },
                                                        "cumulative_cardinality": 0,
                                                        "operator_type": "FILTER",
                                                        "operator_cardinality": 5326460,
                                                        "cumulative_rows_scanned": 0,
                                                        "operator_rows_scanned": 0,
                                                        "operator_timing": 0.030595897,
                                                        "children": [
                                                          {
                                                            "total_bytes_written": 0,
                                                            "total_bytes_read": 0,
                                                            "result_set_size": 85223360,
                                                            "operator_name": "SEQ_SCAN ",
                                                            "cpu_time": 0.0,
                                                            "extra_info": {
                                                              "Table": "store_sales",
                                                              "Type": "Sequential Scan",
                                                              "Projections": [
                                                                "ss_item_sk",
                                                                "ss_sold_date_sk",
                                                                "ss_customer_sk",
                                                                "ss_quantity"
                                                              ],
                                                              "Filters": "ss_customer_sk>=2 AND ss_customer_sk<=499998",
                                                              "Estimated Cardinality": "28800991"
                                                            },
                                                            "cumulative_cardinality": 0,
                                                            "operator_type": "TABLE_SCAN",
                                                            "operator_cardinality": 5326460,
                                                            "cumulative_rows_scanned": 0,
                                                            "operator_rows_scanned": 806427748,
                                                            "operator_timing": 0.3202248280000001,
                                                            "children": []
                                                          }
                                                        ]
                                                      },
                                                      {
                                                        "total_bytes_written": 0,
                                                        "total_bytes_read": 0,
                                                        "result_set_size": 3795120,
                                                        "operator_name": "HASH_JOIN",
                                                        "cpu_time": 0.0,
                                                        "extra_info": {
                                                          "Join Type": "INNER",
                                                          "Conditions": "ws_item_sk = i_item_sk",
                                                          "Estimated Cardinality": "50993"
                                                        },
                                                        "cumulative_cardinality": 0,
                                                        "operator_type": "HASH_JOIN",
                                                        "operator_cardinality": 237195,
                                                        "cumulative_rows_scanned": 0,
                                                        "operator_rows_scanned": 0,
                                                        "operator_timing": 0.029578329000000004,
                                                        "children": [
                                                          {
                                                            "total_bytes_written": 0,
                                                            "total_bytes_read": 0,
                                                            "result_set_size": 144039424,
                                                            "operator_name": "HASH_JOIN",
                                                            "cpu_time": 0.0,
                                                            "extra_info": {
                                                              "Join Type": "INNER",
                                                              "Conditions": "ws_sold_date_sk = d_date_sk",
                                                              "Estimated Cardinality": "241137"
                                                            },
                                                            "cumulative_cardinality": 0,
                                                            "operator_type": "HASH_JOIN",
                                                            "operator_cardinality": 9002464,
                                                            "cumulative_rows_scanned": 0,
                                                            "operator_rows_scanned": 0,
                                                            "operator_timing": 0.057196539000000005,
                                                            "children": [
                                                              {
                                                                "total_bytes_written": 0,
                                                                "total_bytes_read": 0,
                                                                "result_set_size": 4883872,
                                                                "operator_name": "SEQ_SCAN ",
                                                                "cpu_time": 0.0,
                                                                "extra_info": {
                                                                  "Table": "web_sales",
                                                                  "Type": "Sequential Scan",
                                                                  "Projections": [
                                                                    "ws_item_sk",
                                                                    "ws_sold_date_sk",
                                                                    "ws_bill_customer_sk",
                                                                    "ws_warehouse_sk"
                                                                  ],
                                                                  "Filters": "ws_wholesale_cost>=35.00 AND ws_wholesale_cost<=55.00",
                                                                  "Estimated Cardinality": "1439513"
                                                                },
                                                                "cumulative_cardinality": 0,
                                                                "operator_type": "TABLE_SCAN",
                                                                "operator_cardinality": 305242,
                                                                "cumulative_rows_scanned": 0,
                                                                "operator_rows_scanned": 201531848,
                                                                "operator_timing": 0.066597746,
                                                                "children": []
                                                              },
                                                              {
                                                                "total_bytes_written": 0,
                                                                "total_bytes_read": 0,
                                                                "result_set_size": 181040,
                                                                "operator_name": "PIECEWISE_MERGE_JOIN",
                                                                "cpu_time": 0.0,
                                                                "extra_info": {
                                                                  "Join Type": "INNER",
                                                                  "Conditions": [
                                                                    "CAST(d_date AS TIMESTAMP) >= CAST(d_date AS TIMESTAMP)",
                                                                    "CAST(d_date AS TIMESTAMP) <= (d_date + '30 days'::INTERVAL)"
                                                                  ],
                                                                  "Estimated Cardinality": "12236"
                                                                },
                                                                "cumulative_cardinality": 0,
                                                                "operator_type": "PIECEWISE_MERGE_JOIN",
                                                                "operator_cardinality": 11315,
                                                                "cumulative_rows_scanned": 0,
                                                                "operator_rows_scanned": 0,
                                                                "operator_timing": 0.004656548,
                                                                "children": [
                                                                  {
                                                                    "total_bytes_written": 0,
                                                                    "total_bytes_read": 0,
                                                                    "result_set_size": 14616,
                                                                    "operator_name": "SEQ_SCAN ",
                                                                    "cpu_time": 0.0,
                                                                    "extra_info": {
                                                                      "Table": "date_dim",
                                                                      "Type": "Sequential Scan",
                                                                      "Projections": [
                                                                        "d_date_sk",
                                                                        "d_date"
                                                                      ],
                                                                      "Filters": "d_date_sk>=2450816 AND d_date_sk<=2452642",
                                                                      "Estimated Cardinality": "73049"
                                                                    },
                                                                    "cumulative_cardinality": 0,
                                                                    "operator_type": "TABLE_SCAN",
                                                                    "operator_cardinality": 1827,
                                                                    "cumulative_rows_scanned": 0,
                                                                    "operator_rows_scanned": 73049,
                                                                    "operator_timing": 9.2082e-05,
                                                                    "children": []
                                                                  },
                                                                  {
                                                                    "total_bytes_written": 0,
                                                                    "total_bytes_read": 0,
                                                                    "result_set_size": 2920,
                                                                    "operator_name": "FILTER",
                                                                    "cpu_time": 0.0,
                                                                    "extra_info": {
                                                                      "Expression": "(d_date_sk BETWEEN 2450816 AND 2452635)",
                                                                      "Estimated Cardinality": "585"
                                                                    },
                                                                    "cumulative_cardinality": 0,
                                                                    "operator_type": "FILTER",
                                                                    "operator_cardinality": 365,
                                                                    "cumulative_rows_scanned": 0,
                                                                    "operator_rows_scanned": 0,
                                                                    "operator_timing": 1.5675e-05,
                                                                    "children": [
                                                                      {
                                                                        "total_bytes_written": 0,
                                                                        "total_bytes_read": 0,
                                                                        "result_set_size": 2920,
                                                                        "operator_name": "SEQ_SCAN ",
                                                                        "cpu_time": 0.0,
                                                                        "extra_info": {
                                                                          "Table": "date_dim",
                                                                          "Type": "Sequential Scan",
                                                                          "Projections": [
                                                                            "d_date_sk",
                                                                            "d_date"
                                                                          ],
                                                                          "Filters": "d_year=2001",
                                                                          "Estimated Cardinality": "585"
                                                                        },
                                                                        "cumulative_cardinality": 0,
                                                                        "operator_type": "TABLE_SCAN",
                                                                        "operator_cardinality": 365,
                                                                        "cumulative_rows_scanned": 0,
                                                                        "operator_rows_scanned": 73049,
                                                                        "operator_timing": 0.00011291900000000001,
                                                                        "children": []
                                                                      }
                                                                    ]
                                                                  }
                                                                ]
                                                              }
                                                            ]
                                                          },
                                                          {
                                                            "total_bytes_written": 0,
                                                            "total_bytes_read": 0,
                                                            "result_set_size": 11044,
                                                            "operator_name": "PROJECTION",
                                                            "cpu_time": 0.0,
                                                            "extra_info": {
                                                              "Projections": "#0",
                                                              "Estimated Cardinality": "20400"
                                                            },
                                                            "cumulative_cardinality": 0,
                                                            "operator_type": "PROJECTION",
                                                            "operator_cardinality": 2761,
                                                            "cumulative_rows_scanned": 0,
                                                            "operator_rows_scanned": 0,
                                                            "operator_timing": 7.78e-07,
                                                            "children": [
                                                              {
                                                                "total_bytes_written": 0,
                                                                "total_bytes_read": 0,
                                                                "result_set_size": 57981,
                                                                "operator_name": "FILTER",
                                                                "cpu_time": 0.0,
                                                                "extra_info": {
                                                                  "Expression": "(IN (...) AND ((i_category = 'Children') OR (i_category = 'Jewelry') OR (i_category = 'Men')))",
                                                                  "Estimated Cardinality": "20400"
                                                                },
                                                                "cumulative_cardinality": 0,
                                                                "operator_type": "FILTER",
                                                                "operator_cardinality": 2761,
                                                                "cumulative_rows_scanned": 0,
                                                                "operator_rows_scanned": 0,
                                                                "operator_timing": 0.0004730949999999999,
                                                                "children": [
                                                                  {
                                                                    "total_bytes_written": 0,
                                                                    "total_bytes_read": 0,
                                                                    "result_set_size": 2142000,
                                                                    "operator_name": "HASH_JOIN",
                                                                    "cpu_time": 0.0,
                                                                    "extra_info": {
                                                                      "Join Type": "MARK",
                                                                      "Conditions": "i_manager_id = #0",
                                                                      "Estimated Cardinality": "102000"
                                                                    },
                                                                    "cumulative_cardinality": 0,
                                                                    "operator_type": "HASH_JOIN",
                                                                    "operator_cardinality": 102000,
                                                                    "cumulative_rows_scanned": 0,
                                                                    "operator_rows_scanned": 0,
                                                                    "operator_timing": 0.0006102779999999998,
                                                                    "children": [
                                                                      {
                                                                        "total_bytes_written": 0,
                                                                        "total_bytes_read": 0,
                                                                        "result_set_size": 2448000,
                                                                        "operator_name": "SEQ_SCAN ",
                                                                        "cpu_time": 0.0,
                                                                        "extra_info": {
                                                                          "Table": "item",
                                                                          "Type": "Sequential Scan",
                                                                          "Projections": [
                                                                            "i_item_sk",
                                                                            "i_category",
                                                                            "i_manager_id"
                                                                          ],
                                                                          "Filters": [
                                                                            "optional: i_category IN ('Children', 'Jewelry', 'Men')",
                                                                            "optional: i_manager_id IN (21, 22, 38, 39, 46, 47, 66, 67, 74, 93)"
                                                                          ],
                                                                          "Estimated Cardinality": "102000"
                                                                        },
                                                                        "cumulative_cardinality": 0,
                                                                        "operator_type": "TABLE_SCAN",
                                                                        "operator_cardinality": 102000,
                                                                        "cumulative_rows_scanned": 0,
                                                                        "operator_rows_scanned": 102000,
                                                                        "operator_timing": 0.000379244,
                                                                        "children": []
                                                                      },
                                                                      {
                                                                        "total_bytes_written": 0,
                                                                        "total_bytes_read": 0,
                                                                        "result_set_size": 40,
                                                                        "operator_name": "COLUMN_DATA_SCAN",
                                                                        "cpu_time": 0.0,
                                                                        "extra_info": {
                                                                          "Estimated Cardinality": "0"
                                                                        },
                                                                        "cumulative_cardinality": 0,
                                                                        "operator_type": "COLUMN_DATA_SCAN",
                                                                        "operator_cardinality": 10,
                                                                        "cumulative_rows_scanned": 0,
                                                                        "operator_rows_scanned": 0,
                                                                        "operator_timing": 2.652e-06,
                                                                        "children": []
                                                                      }
                                                                    ]
                                                                  }
                                                                ]
                                                              }
                                                            ]
                                                          }
                                                        ]
                                                      }
                                                    ]
                                                  }
                                                ]
                                              },
                                              {
                                                "total_bytes_written": 0,
                                                "total_bytes_read": 0,
                                                "result_set_size": 7000,
                                                "operator_name": "HASH_JOIN",
                                                "cpu_time": 0.0,
                                                "extra_info": {
                                                  "Join Type": "INNER",
                                                  "Conditions": "s_state = w_state",
                                                  "Estimated Cardinality": "340"
                                                },
                                                "cumulative_cardinality": 0,
                                                "operator_type": "HASH_JOIN",
                                                "operator_cardinality": 350,
                                                "cumulative_rows_scanned": 0,
                                                "operator_rows_scanned": 0,
                                                "operator_timing": 0.000211341,
                                                "children": [
                                                  {
                                                    "total_bytes_written": 0,
                                                    "total_bytes_read": 0,
                                                    "result_set_size": 1120,
                                                    "operator_name": "SEQ_SCAN ",
                                                    "cpu_time": 0.0,
                                                    "extra_info": {
                                                      "Table": "store",
                                                      "Type": "Sequential Scan",
                                                      "Projections": "s_state",
                                                      "Estimated Cardinality": "102"
                                                    },
                                                    "cumulative_cardinality": 0,
                                                    "operator_type": "TABLE_SCAN",
                                                    "operator_cardinality": 70,
                                                    "cumulative_rows_scanned": 0,
                                                    "operator_rows_scanned": 102,
                                                    "operator_timing": 1.4102999999999999e-05,
                                                    "children": []
                                                  },
                                                  {
                                                    "total_bytes_written": 0,
                                                    "total_bytes_read": 0,
                                                    "result_set_size": 200,
                                                    "operator_name": "SEQ_SCAN ",
                                                    "cpu_time": 0.0,
                                                    "extra_info": {
                                                      "Table": "warehouse",
                                                      "Type": "Sequential Scan",
                                                      "Projections": [
                                                        "w_warehouse_sk",
                                                        "w_state"
                                                      ],
                                                      "Estimated Cardinality": "10"
                                                    },
                                                    "cumulative_cardinality": 0,
                                                    "operator_type": "TABLE_SCAN",
                                                    "operator_cardinality": 10,
                                                    "cumulative_rows_scanned": 0,
                                                    "operator_rows_scanned": 10,
                                                    "operator_timing": 9.472e-06,
                                                    "children": []
                                                  }
                                                ]
                                              }
                                            ]
                                          }
                                        ]
                                      }
                                    ]
                                  }
                                ]
                              }
                            ]
                          }
                        ]
                      }
                    ]
                  }
                ]
              }
            ]
          }
        ]
      }
    ]
  },
  "actual_rows": 0
}