{
  "execution_time_ms": 14.6,
  "plan_text": "\u250c\u2500\u2500\u2500\u2500\u2500\u2500\u2500\u2500\u2500\u2500\u2500\u2500\u2500\u2500\u2500\u2500\u2500\u2500\u2500\u2500\u2500\u2500\u2500\u2500\u2500\u2500\u2500\u2500\u2500\u2500\u2500\u2500\u2500\u2500\u2500\u2500\u2500\u2510\n\u2502\u250c\u2500\u2500\u2500\u2500\u2500\u2500\u2500\u2500\u2500\u2500\u2500\u2500\u2500\u2500\u2500\u2500\u2500\u2500\u2500\u2500\u2500\u2500\u2500\u2500\u2500\u2500\u2500\u2500\u2500\u2500\u2500\u2500\u2500\u2500\u2500\u2510\u2502\n\u2502\u2502    Query Profiling Information    \u2502\u2502\n\u2502\u2514\u2500\u2500\u2500\u2500\u2500\u2500\u2500\u2500\u2500\u2500\u2500\u2500\u2500\u2500\u2500\u2500\u2500\u2500\u2500\u2500\u2500\u2500\u2500\u2500\u2500\u2500\u2500\u2500\u2500\u2500\u2500\u2500\u2500\u2500\u2500\u2518\u2502\n\u2514\u2500\u2500\u2500\u2500\u2500\u2500\u2500\u2500\u2500\u2500\u2500\u2500\u2500\u2500\u2500\u2500\u2500\u2500\u2500\u2500\u2500\u2500\u2500\u2500\u2500\u2500\u2500\u2500\u2500\u2500\u2500\u2500\u2500\u2500\u2500\u2500\u2500\u2518\nEXPLAIN ANALYZE with ss as  (select ca_county,d_qoy, d_year,sum(ss_ext_sales_price) as store_sales  from store_sales,date_dim,customer_address, item  where ss_sold_date_sk = d_date_sk   and ss_addr_sk=ca_address_sk   and ss_item_sk = i_item_sk   and i_color IN ('dark', 'puff')   and i_manager_id BETWEEN 15 and 34   and ss_list_price between 244 and 258   and ca_state in ('KS','OH')  group by ca_county,d_qoy, d_year),  ws as  (select ca_county,d_qoy, d_year,sum(ws_ext_sales_price) as web_sales  from web_sales,date_dim,customer_address, item  where ws_sold_date_sk = d_date_sk   and ws_bill_addr_sk=ca_address_sk   and ws_item_sk = i_item_sk   and i_color IN ('dark', 'puff')   and i_manager_id BETWEEN 15 and 34   and ws_list_price between 244 and 258   and ca_state in ('KS','OH') group by ca_county,d_qoy, d_year)  select         ss1.ca_county        ,ss1.d_year        ,ws2.web_sales/ws1.web_sales web_q1_q2_increase        ,ss2.store_sales/ss1.store_sales store_q1_q2_increase        ,ws3.web_sales/ws2.web_sales web_q2_q3_increase        ,ss3.store_sales/ss2.store_sales store_q2_q3_increase  from         ss ss1        ,ss ss2        ,ss ss3        ,ws ws1        ,ws ws2        ,ws ws3  where     ss1.d_qoy = 1     and ss1.d_year = 1999     and ss1.ca_county = ss2.ca_county     and ss2.d_qoy = 2     and ss2.d_year = 1999  and ss2.ca_county = ss3.ca_county     and ss3.d_qoy = 3     and ss3.d_year = 1999     and ss1.ca_county = ws1.ca_county     and ws1.d_qoy = 1     and ws1.d_year = 1999     and ws1.ca_county = ws2.ca_county     and ws2.d_qoy = 2     and ws2.d_year = 1999     and ws1.ca_county = ws3.ca_county     and ws3.d_qoy = 3     and ws3.d_year =1999     and case when ws1.web_sales > 0 then ws2.web_sales/ws1.web_sales else null end        > case when ss1.store_sales > 0 then ss2.store_sales/ss1.store_sales else null end     and case when ws2.web_sales > 0 then ws3.web_sales/ws2.web_sales else null end        > case when ss2.store_sales > 0 then ss3.store_sales/ss2.store_sales else null end  order by ss1.d_year\n\u250c\u2500\u2500\u2500\u2500\u2500\u2500\u2500\u2500\u2500\u2500\u2500\u2500\u2500\u2500\u2500\u2500\u2500\u2500\u2500\u2500\u2500\u2500\u2500\u2500\u2500\u2500\u2500\u2500\u2500\u2500\u2500\u2500\u2500\u2500\u2500\u2500\u2500\u2500\u2500\u2500\u2500\u2500\u2500\u2500\u2500\u2500\u2500\u2500\u2510\n\u2502\u250c\u2500\u2500\u2500\u2500\u2500\u2500\u2500\u2500\u2500\u2500\u2500\u2500\u2500\u2500\u2500\u2500\u2500\u2500\u2500\u2500\u2500\u2500\u2500\u2500\u2500\u2500\u2500\u2500\u2500\u2500\u2500\u2500\u2500\u2500\u2500\u2500\u2500\u2500\u2500\u2500\u2500\u2500\u2500\u2500\u2500\u2500\u2510\u2502\n\u2502\u2502              Total Time: 0.0145s             \u2502\u2502\n\u2502\u2514\u2500\u2500\u2500\u2500\u2500\u2500\u2500\u2500\u2500\u2500\u2500\u2500\u2500\u2500\u2500\u2500\u2500\u2500\u2500\u2500\u2500\u2500\u2500\u2500\u2500\u2500\u2500\u2500\u2500\u2500\u2500\u2500\u2500\u2500\u2500\u2500\u2500\u2500\u2500\u2500\u2500\u2500\u2500\u2500\u2500\u2500\u2518\u2502\n\u2514\u2500\u2500\u2500\u2500\u2500\u2500\u2500\u2500\u2500\u2500\u2500\u2500\u2500\u2500\u2500\u2500\u2500\u2500\u2500\u2500\u2500\u2500\u2500\u2500\u2500\u2500\u2500\u2500\u2500\u2500\u2500\u2500\u2500\u2500\u2500\u2500\u2500\u2500\u2500\u2500\u2500\u2500\u2500\u2500\u2500\u2500\u2500\u2500\u2518\n\u250c\u2500\u2500\u2500\u2500\u2500\u2500\u2500\u2500\u2500\u2500\u2500\u2500\u2500\u2500\u2500\u2510\n\u2502     QUERY     \u2502\n\u2514\u2500\u2500\u2500\u2500\u2500\u2500\u2500\u252c\u2500\u2500\u2500\u2500\u2500\u2500\u2500\u2518\n\u250c\u2500\u2500\u2500\u2500\u2500\u2500\u2500\u2534\u2500\u2500\u2500\u2500\u2500\u2500\u2500\u2510\n\u2502EXPLAIN_ANALYZE\u2502\n\u2502    \u2500\u2500\u2500\u2500\u2500\u2500\u2500\u2500   \u2502\n\u2502     0 rows    \u2502\n\u2502    (0.00s)    \u2502\n\u2514\u2500\u2500\u2500\u2500\u2500\u2500\u2500\u252c\u2500\u2500\u2500\u2500\u2500\u2500\u2500\u2518\n\u250c\u2500\u2500\u2500\u2500\u2500\u2500\u2500\u2534\u2500\u2500\u2500\u2500\u2500\u2500\u2500\u2510\n\u2502      CTE      \u2502\n\u2502    \u2500\u2500\u2500\u2500\u2500\u2500\u2500\u2500   \u2502\n\u2502   CTE Name:   \u2502\n\u2502       ss      \u2502\n\u2502               \u2502\n\u2502  Table Index: \u251c\u2500\u2500\u2500\u2500\u2500\u2500\u2500\u2500\u2500\u2500\u2500\u2500\u2500\u2500\u2500\u2500\u2500\u2500\u2500\u2500\u2500\u2500\u2500\u2500\u2500\u2500\u2500\u2500\u2500\u2500\u2500\u2500\u2500\u2500\u2500\u2500\u2500\u2500\u2500\u2500\u2500\u2500\u2500\u2500\u2500\u2500\u2500\u2500\u2500\u2500\u2500\u2500\u2500\u2500\u2500\u2500\u2500\u2500\u2500\u2510\n\u2502       0       \u2502                                                           \u2502\n\u2502               \u2502                                                           \u2502\n\u2502     0 rows    \u2502                                                           \u2502\n\u2502    (0.00s)    \u2502                                                           \u2502\n\u2514\u2500\u2500\u2500\u2500\u2500\u2500\u2500\u252c\u2500\u2500\u2500\u2500\u2500\u2500\u2500\u2518                                                           \u2502\n\u250c\u2500\u2500\u2500\u2500\u2500\u2500\u2500\u2534\u2500\u2500\u2500\u2500\u2500\u2500\u2500\u2510                                                   \u250c\u2500\u2500\u2500\u2500\u2500\u2500\u2500\u2534\u2500\u2500\u2500\u2500\u2500\u2500\u2500\u2510\n\u2502   PROJECTION  \u2502                                                   \u2502      CTE      \u2502\n\u2502    \u2500\u2500\u2500\u2500\u2500\u2500\u2500\u2500   \u2502                                                   \u2502    \u2500\u2500\u2500\u2500\u2500\u2500\u2500\u2500   \u2502\n\u2502       #0      \u2502                                                   \u2502   CTE Name:   \u2502\n\u2502__internal_deco\u2502                                                   \u2502       ws      \u2502\n\u2502mpress_integral\u2502                                                   \u2502               \u2502\n\u2502_integer(#1, 1)\u2502                                                   \u2502  Table Index: \u2502\n\u2502__internal_deco\u2502                                                   \u2502       11      \u2502\n\u2502mpress_integral\u2502                                                   \u2502               \u251c\u2500\u2500\u2500\u2500\u2500\u2500\u2500\u2500\u2500\u2500\u2500\u2500\u2500\u2500\u2500\u2500\u2500\u2500\u2500\u2500\u2500\u2500\u2500\u2500\u2500\u2500\u2500\u2500\u2500\u2500\u2500\u2500\u2500\u2500\u2500\u2500\u2500\u2500\u2500\u2500\u2500\u2500\u2500\u2500\u2500\u2500\u2500\u2500\u2500\u2500\u2500\u2500\u2500\u2500\u2500\u2500\u2500\u2500\u2500\u2510\n\u2502  _integer(#2, \u2502                                                   \u2502               \u2502                                                           \u2502\n\u2502      1900)    \u2502                                                   \u2502               \u2502                                                           \u2502\n\u2502       #3      \u2502                                                   \u2502               \u2502                                                           \u2502\n\u2502               \u2502                                                   \u2502               \u2502                                                           \u2502\n\u2502     0 rows    \u2502                                                   \u2502     0 rows    \u2502                                                           \u2502\n\u2502    (0.00s)    \u2502                                                   \u2502    (0.00s)    \u2502                                                           \u2502\n\u2514\u2500\u2500\u2500\u2500\u2500\u2500\u2500\u252c\u2500\u2500\u2500\u2500\u2500\u2500\u2500\u2518                                                   \u2514\u2500\u2500\u2500\u2500\u2500\u2500\u2500\u252c\u2500\u2500\u2500\u2500\u2500\u2500\u2500\u2518                                                           \u2502\n\u250c\u2500\u2500\u2500\u2500\u2500\u2500\u2500\u2534\u2500\u2500\u2500\u2500\u2500\u2500\u2500\u2510                                                   \u250c\u2500\u2500\u2500\u2500\u2500\u2500\u2500\u2534\u2500\u2500\u2500\u2500\u2500\u2500\u2500\u2510                                                   \u250c\u2500\u2500\u2500\u2500\u2500\u2500\u2500\u2534\u2500\u2500\u2500\u2500\u2500\u2500\u2500\u2510\n\u2502 HASH_GROUP_BY \u2502                                                   \u2502   PROJECTION  \u2502                                                   \u2502    ORDER_BY   \u2502\n\u2502    \u2500\u2500\u2500\u2500\u2500\u2500\u2500\u2500   \u2502                                                   \u2502    \u2500\u2500\u2500\u2500\u2500\u2500\u2500\u2500   \u2502                                                   \u2502    \u2500\u2500\u2500\u2500\u2500\u2500\u2500\u2500   \u2502\n\u2502    Groups:    \u2502                                                   \u2502       #0      \u2502                                                   \u2502 ss1.d_year ASC\u2502\n\u2502       #0      \u2502                                                   \u2502__internal_deco\u2502                                                   \u2502               \u2502\n\u2502       #1      \u2502                                                   \u2502mpress_integral\u2502                                                   \u2502               \u2502\n\u2502       #2      \u2502                                                   \u2502_integer(#1, 1)\u2502                                                   \u2502               \u2502\n\u2502               \u2502                                                   \u2502__internal_deco\u2502                                                   \u2502               \u2502\n\u2502  Aggregates:  \u2502                                                   \u2502mpress_integral\u2502                                                   \u2502               \u2502\n\u2502    sum(#3)    \u2502                                                   \u2502  _integer(#2, \u2502                                                   \u2502               \u2502\n\u2502               \u2502                                                   \u2502      1900)    \u2502                                                   \u2502               \u2502\n\u2502               \u2502                                                   \u2502       #3      \u2502                                                   \u2502               \u2502\n\u2502               \u2502                                                   \u2502               \u2502                                                   \u2502               \u2502\n\u2502     0 rows    \u2502                                                   \u2502     1 row     \u2502                                                   \u2502     0 rows    \u2502\n\u2502    (0.00s)    \u2502                                                   \u2502    (0.00s)    \u2502                                                   \u2502    (0.00s)    \u2502\n\u2514\u2500\u2500\u2500\u2500\u2500\u2500\u2500\u252c\u2500\u2500\u2500\u2500\u2500\u2500\u2500\u2518                                                   \u2514\u2500\u2500\u2500\u2500\u2500\u2500\u2500\u252c\u2500\u2500\u2500\u2500\u2500\u2500\u2500\u2518                                                   \u2514\u2500\u2500\u2500\u2500\u2500\u2500\u2500\u252c\u2500\u2500\u2500\u2500\u2500\u2500\u2500\u2518\n\u250c\u2500\u2500\u2500\u2500\u2500\u2500\u2500\u2534\u2500\u2500\u2500\u2500\u2500\u2500\u2500\u2510                                                   \u250c\u2500\u2500\u2500\u2500\u2500\u2500\u2500\u2534\u2500\u2500\u2500\u2500\u2500\u2500\u2500\u2510                                                   \u250c\u2500\u2500\u2500\u2500\u2500\u2500\u2500\u2534\u2500\u2500\u2500\u2500\u2500\u2500\u2500\u2510\n\u2502   PROJECTION  \u2502                                                   \u2502 HASH_GROUP_BY \u2502                                                   \u2502   PROJECTION  \u2502\n\u2502    \u2500\u2500\u2500\u2500\u2500\u2500\u2500\u2500   \u2502                                                   \u2502    \u2500\u2500\u2500\u2500\u2500\u2500\u2500\u2500   \u2502                                                   \u2502    \u2500\u2500\u2500\u2500\u2500\u2500\u2500\u2500   \u2502\n\u2502   ca_county   \u2502                                                   \u2502    Groups:    \u2502                                                   \u2502   ca_county   \u2502\n\u2502     d_qoy     \u2502                                                   \u2502       #0      \u2502                                                   \u2502     d_year    \u2502\n\u2502     d_year    \u2502                                                   \u2502       #1      \u2502                                                   \u2502web_q1_q2_incre\u2502\n\u2502ss_ext_sales_pr\u2502                                                   \u2502       #2      \u2502                                                   \u2502      ase      \u2502\n\u2502      ice      \u2502                                                   \u2502               \u2502                                                   \u2502store_q1_q2_inc\u2502\n\u2502               \u2502                                                   \u2502  Aggregates:  \u2502                                                   \u2502     rease     \u2502\n\u2502               \u2502                                                   \u2502    sum(#3)    \u2502                                                   \u2502web_q2_q3_incre\u2502\n\u2502               \u2502                                                   \u2502               \u2502                                                   \u2502      ase      \u2502\n\u2502               \u2502                                                   \u2502               \u2502                                                   \u2502store_q2_q3_inc\u2502\n\u2502               \u2502                                                   \u2502               \u2502                                                   \u2502     rease     \u2502\n\u2502               \u2502                                                   \u2502               \u2502                                                   \u2502               \u2502\n\u2502     0 rows    \u2502                                                   \u2502     1 row     \u2502                                                   \u2502     0 rows    \u2502\n\u2502    (0.00s)    \u2502                                                   \u2502    (0.00s)    \u2502                                                   \u2502    (0.00s)    \u2502\n\u2514\u2500\u2500\u2500\u2500\u2500\u2500\u2500\u252c\u2500\u2500\u2500\u2500\u2500\u2500\u2500\u2518                                                   \u2514\u2500\u2500\u2500\u2500\u2500\u2500\u2500\u252c\u2500\u2500\u2500\u2500\u2500\u2500\u2500\u2518                                                   \u2514\u2500\u2500\u2500\u2500\u2500\u2500\u2500\u252c\u2500\u2500\u2500\u2500\u2500\u2500\u2500\u2518\n\u250c\u2500\u2500\u2500\u2500\u2500\u2500\u2500\u2534\u2500\u2500\u2500\u2500\u2500\u2500\u2500\u2510                                                   \u250c\u2500\u2500\u2500\u2500\u2500\u2500\u2500\u2534\u2500\u2500\u2500\u2500\u2500\u2500\u2500\u2510                                                   \u250c\u2500\u2500\u2500\u2500\u2500\u2500\u2500\u2534\u2500\u2500\u2500\u2500\u2500\u2500\u2500\u2510\n\u2502   PROJECTION  \u2502                                                   \u2502   PROJECTION  \u2502                                                   \u2502   PROJECTION  \u2502\n\u2502    \u2500\u2500\u2500\u2500\u2500\u2500\u2500\u2500   \u2502                                                   \u2502    \u2500\u2500\u2500\u2500\u2500\u2500\u2500\u2500   \u2502                                                   \u2502    \u2500\u2500\u2500\u2500\u2500\u2500\u2500\u2500   \u2502\n\u2502       #0      \u2502                                                   \u2502   ca_county   \u2502                                                   \u2502   ca_county   \u2502\n\u2502       #1      \u2502                                                   \u2502     d_qoy     \u2502                                                   \u2502     d_year    \u2502\n\u2502__internal_comp\u2502                                                   \u2502     d_year    \u2502                                                   \u2502 CAST(web_sales\u2502\n\u2502ress_integral_u\u2502                                                   \u2502ws_ext_sales_pr\u2502                                                   \u2502   AS DOUBLE)  \u2502\n\u2502 tinyint(#2, 1)\u2502                                                   \u2502      ice      \u2502                                                   \u2502   web_sales   \u2502\n\u2502__internal_comp\u2502                                                   \u2502               \u2502                                                   \u2502CAST(store_sale\u2502\n\u2502ress_integral_u\u2502                                                   \u2502               \u2502                                                   \u2502  s AS DOUBLE) \u2502\n\u2502  tinyint(#3,  \u2502                                                   \u2502               \u2502                                                   \u2502  store_sales  \u2502\n\u2502      1900)    \u2502                                                   \u2502               \u2502                                                   \u2502   web_sales   \u2502\n\u2502               \u2502                                                   \u2502               \u2502                                                   \u2502  store_sales  \u2502\n\u2502               \u2502                                                   \u2502               \u2502                                                   \u2502               \u2502\n\u2502     0 rows    \u2502                                                   \u2502     1 row     \u2502                                                   \u2502     0 rows    \u2502\n\u2502    (0.00s)    \u2502                                                   \u2502    (0.00s)    \u2502                                                   \u2502    (0.00s)    \u2502\n\u2514\u2500\u2500\u2500\u2500\u2500\u2500\u2500\u252c\u2500\u2500\u2500\u2500\u2500\u2500\u2500\u2518                                                   \u2514\u2500\u2500\u2500\u2500\u2500\u2500\u2500\u252c\u2500\u2500\u2500\u2500\u2500\u2500\u2500\u2518                                                   \u2514\u2500\u2500\u2500\u2500\u2500\u2500\u2500\u252c\u2500\u2500\u2500\u2500\u2500\u2500\u2500\u2518\n\u250c\u2500\u2500\u2500\u2500\u2500\u2500\u2500\u2534\u2500\u2500\u2500\u2500\u2500\u2500\u2500\u2510                                                   \u250c\u2500\u2500\u2500\u2500\u2500\u2500\u2500\u2534\u2500\u2500\u2500\u2500\u2500\u2500\u2500\u2510                                                   \u250c\u2500\u2500\u2500\u2500\u2500\u2500\u2500\u2534\u2500\u2500\u2500\u2500\u2500\u2500\u2500\u2510\n\u2502   HASH_JOIN   \u2502                                                   \u2502   PROJECTION  \u2502                                                   \u2502     FILTER    \u2502\n\u2502    \u2500\u2500\u2500\u2500\u2500\u2500\u2500\u2500   \u2502                                                   \u2502    \u2500\u2500\u2500\u2500\u2500\u2500\u2500\u2500   \u2502                                                   \u2502    \u2500\u2500\u2500\u2500\u2500\u2500\u2500\u2500   \u2502\n\u2502   Join Type:  \u2502                                                   \u2502       #0      \u2502                                                   \u2502 ((CASE  WHEN (\u2502\n\u2502     INNER     \u2502                                                   \u2502       #1      \u2502                                                   \u2502 (web_sales > 0\u2502\n\u2502               \u2502                                                   \u2502__internal_comp\u2502                                                   \u2502  .00)) THEN ( \u2502\n\u2502  Conditions:  \u2502                                                   \u2502ress_integral_u\u2502                                                   \u2502(CAST(web_sales\u2502\n\u2502 ca_address_sk \u2502                                                   \u2502 tinyint(#2, 1)\u2502                                                   \u2502  AS DOUBLE) / \u2502\n\u2502  = ss_addr_sk \u2502                                                   \u2502__internal_comp\u2502                                                   \u2502 CAST(web_sales\u2502\n\u2502               \u2502                                                   \u2502ress_integral_u\u2502                                                   \u2502  AS DOUBLE))) \u2502\n\u2502               \u2502                                                   \u2502  tinyint(#3,  \u2502                                                   \u2502  ELSE NULL END\u2502\n\u2502               \u2502                                                   \u2502      1900)    \u2502                                                   \u2502  > CASE  WHEN \u2502\n\u2502               \u2502                                                   \u2502               \u2502                                                   \u2502 ((store_sales \u2502\n\u2502               \u2502                                                   \u2502               \u2502                                                   \u2502 > 0.00)) THEN \u2502\n\u2502               \u2502                                                   \u2502               \u2502                                                   \u2502((CAST(store_sa\u2502\n\u2502               \u2502                                                   \u2502               \u2502                                                   \u2502 les AS DOUBLE)\u2502\n\u2502               \u2502                                                   \u2502               \u2502                                                   \u2502 / CAST(store_s\u2502\n\u2502               \u2502                                                   \u2502               \u2502                                                   \u2502 ales AS DOUBLE\u2502\n\u2502               \u2502                                                   \u2502               \u2502                                                   \u2502 ))) ELSE NULL \u2502\n\u2502               \u2502                                                   \u2502               \u2502                                                   \u2502    END) AND   \u2502\n\u2502               \u251c\u2500\u2500\u2500\u2500\u2500\u2500\u2500\u2500\u2510                                          \u2502               \u2502                                                   \u2502 (CASE  WHEN ( \u2502\n\u2502               \u2502        \u2502                                          \u2502               \u2502                                                   \u2502 (web_sales > 0\u2502\n\u2502               \u2502        \u2502                                          \u2502               \u2502                                                   \u2502  .00)) THEN ( \u2502\n\u2502               \u2502        \u2502                                          \u2502               \u2502                                                   \u2502(CAST(web_sales\u2502\n\u2502               \u2502        \u2502                                          \u2502               \u2502                                                   \u2502  AS DOUBLE) / \u2502\n\u2502               \u2502        \u2502                                          \u2502               \u2502                                                   \u2502 CAST(web_sales\u2502\n\u2502               \u2502        \u2502                                          \u2502               \u2502                                                   \u2502  AS DOUBLE))) \u2502\n\u2502               \u2502        \u2502                                          \u2502               \u2502                                                   \u2502  ELSE NULL END\u2502\n\u2502               \u2502        \u2502                                          \u2502               \u2502                                                   \u2502  > CASE  WHEN \u2502\n\u2502               \u2502        \u2502                                          \u2502               \u2502                                                   \u2502 ((store_sales \u2502\n\u2502               \u2502        \u2502                                          \u2502               \u2502                                                   \u2502 > 0.00)) THEN \u2502\n\u2502               \u2502        \u2502                                          \u2502               \u2502                                                   \u2502((CAST(store_sa\u2502\n\u2502               \u2502        \u2502                                          \u2502               \u2502                                                   \u2502 les AS DOUBLE)\u2502\n\u2502               \u2502        \u2502                                          \u2502               \u2502                                                   \u2502 / CAST(store_s\u2502\n\u2502               \u2502        \u2502                                          \u2502               \u2502                                                   \u2502 ales AS DOUBLE\u2502\n\u2502               \u2502        \u2502                                          \u2502               \u2502                                                   \u2502 ))) ELSE NULL \u2502\n\u2502               \u2502        \u2502                                          \u2502               \u2502                                                   \u2502      END))    \u2502\n\u2502               \u2502        \u2502                                          \u2502               \u2502                                                   \u2502               \u2502\n\u2502     0 rows    \u2502        \u2502                                          \u2502     1 row     \u2502                                                   \u2502     0 rows    \u2502\n\u2502    (0.00s)    \u2502        \u2502                                          \u2502    (0.00s)    \u2502                                                   \u2502    (0.00s)    \u2502\n\u2514\u2500\u2500\u2500\u2500\u2500\u2500\u2500\u252c\u2500\u2500\u2500\u2500\u2500\u2500\u2500\u2518        \u2502                                          \u2514\u2500\u2500\u2500\u2500\u2500\u2500\u2500\u252c\u2500\u2500\u2500\u2500\u2500\u2500\u2500\u2518                                                   \u2514\u2500\u2500\u2500\u2500\u2500\u2500\u2500\u252c\u2500\u2500\u2500\u2500\u2500\u2500\u2500\u2518\n\u250c\u2500\u2500\u2500\u2500\u2500\u2500\u2500\u2534\u2500\u2500\u2500\u2500\u2500\u2500\u2500\u2510\u250c\u2500\u2500\u2500\u2500\u2500\u2500\u2500\u2534\u2500\u2500\u2500\u2500\u2500\u2500\u2500\u2510                                  \u250c\u2500\u2500\u2500\u2500\u2500\u2500\u2500\u2534\u2500\u2500\u2500\u2500\u2500\u2500\u2500\u2510                                                   \u250c\u2500\u2500\u2500\u2500\u2500\u2500\u2500\u2534\u2500\u2500\u2500\u2500\u2500\u2500\u2500\u2510\n\u2502   PROJECTION  \u2502\u2502   HASH_JOIN   \u2502                                  \u2502   HASH_JOIN   \u2502                                                   \u2502   HASH_JOIN   \u2502\n\u2502    \u2500\u2500\u2500\u2500\u2500\u2500\u2500\u2500   \u2502\u2502    \u2500\u2500\u2500\u2500\u2500\u2500\u2500\u2500   \u2502                                  \u2502    \u2500\u2500\u2500\u2500\u2500\u2500\u2500\u2500   \u2502                                                   \u2502    \u2500\u2500\u2500\u2500\u2500\u2500\u2500\u2500   \u2502\n\u2502       #0      \u2502\u2502   Join Type:  \u2502                                  \u2502   Join Type:  \u2502                                                   \u2502   Join Type:  \u2502\n\u2502       #2      \u2502\u2502     INNER     \u2502                                  \u2502     INNER     \u2502                                                   \u2502     INNER     \u2502\n\u2502               \u2502\u2502               \u2502                                  \u2502               \u2502                                                   \u2502               \u2502\n\u2502               \u2502\u2502  Conditions:  \u2502                                  \u2502  Conditions:  \u2502                                                   \u2502  Conditions:  \u2502\n\u2502               \u2502\u2502ss_sold_date_sk\u2502                                  \u2502 ca_address_sk \u2502                                                   \u2502  ca_county =  \u2502\n\u2502               \u2502\u2502   = d_date_sk \u251c\u2500\u2500\u2500\u2500\u2500\u2500\u2500\u2500\u2500\u2500\u2500\u2500\u2500\u2500\u2500\u2500\u2500\u2500\u2500\u2500\u2500\u2500\u2500\u2500\u2500\u2510        \u2502= ws_bill_addr_\u251c\u2500\u2500\u2500\u2500\u2500\u2500\u2500\u2500\u2510                                          \u2502    ca_county  \u251c\u2500\u2500\u2500\u2500\u2500\u2500\u2500\u2500\u2500\u2500\u2500\u2500\u2500\u2500\u2500\u2500\u2500\u2500\u2500\u2500\u2500\u2500\u2500\u2500\u2500\u2500\u2500\u2500\u2500\u2500\u2500\u2500\u2500\u2500\u2500\u2500\u2500\u2500\u2500\u2500\u2500\u2500\u2510\n\u2502               \u2502\u2502               \u2502                         \u2502        \u2502       sk      \u2502        \u2502                                          \u2502  ca_county =  \u2502                                          \u2502\n\u2502               \u2502\u2502               \u2502                         \u2502        \u2502               \u2502        \u2502                                          \u2502    ca_county  \u2502                                          \u2502\n\u2502               \u2502\u2502               \u2502                         \u2502        \u2502               \u2502        \u2502                                          \u2502  ca_county =  \u2502                                          \u2502\n\u2502               \u2502\u2502               \u2502                         \u2502        \u2502               \u2502        \u2502                                          \u2502    ca_county  \u2502                                          \u2502\n\u2502               \u2502\u2502               \u2502                         \u2502        \u2502               \u2502        \u2502                                          \u2502               \u2502                                          \u2502\n\u2502    390 rows   \u2502\u2502     0 rows    \u2502                         \u2502        \u2502     1 row     \u2502        \u2502                                          \u2502     0 rows    \u2502                                          \u2502\n\u2502    (0.00s)    \u2502\u2502    (0.00s)    \u2502                         \u2502        \u2502    (0.00s)    \u2502        \u2502                                          \u2502    (0.00s)    \u2502                                          \u2502\n\u2514\u2500\u2500\u2500\u2500\u2500\u2500\u2500\u252c\u2500\u2500\u2500\u2500\u2500\u2500\u2500\u2518\u2514\u2500\u2500\u2500\u2500\u2500\u2500\u2500\u252c\u2500\u2500\u2500\u2500\u2500\u2500\u2500\u2518                         \u2502        \u2514\u2500\u2500\u2500\u2500\u2500\u2500\u2500\u252c\u2500\u2500\u2500\u2500\u2500\u2500\u2500\u2518        \u2502                                          \u2514\u2500\u2500\u2500\u2500\u2500\u2500\u2500\u252c\u2500\u2500\u2500\u2500\u2500\u2500\u2500\u2518                                          \u2502\n\u250c\u2500\u2500\u2500\u2500\u2500\u2500\u2500\u2534\u2500\u2500\u2500\u2500\u2500\u2500\u2500\u2510\u250c\u2500\u2500\u2500\u2500\u2500\u2500\u2500\u2534\u2500\u2500\u2500\u2500\u2500\u2500\u2500\u2510                 \u250c\u2500\u2500\u2500\u2500\u2500\u2500\u2500\u2534\u2500\u2500\u2500\u2500\u2500\u2500\u2500\u2510\u250c\u2500\u2500\u2500\u2500\u2500\u2500\u2500\u2534\u2500\u2500\u2500\u2500\u2500\u2500\u2500\u2510\u250c\u2500\u2500\u2500\u2500\u2500\u2500\u2500\u2534\u2500\u2500\u2500\u2500\u2500\u2500\u2500\u2510                                  \u250c\u2500\u2500\u2500\u2500\u2500\u2500\u2500\u2534\u2500\u2500\u2500\u2500\u2500\u2500\u2500\u2510                                  \u250c\u2500\u2500\u2500\u2500\u2500\u2500\u2500\u2534\u2500\u2500\u2500\u2500\u2500\u2500\u2500\u2510\n\u2502     FILTER    \u2502\u2502   HASH_JOIN   \u2502                 \u2502     FILTER    \u2502\u2502   PROJECTION  \u2502\u2502   HASH_JOIN   \u2502                                  \u2502   HASH_JOIN   \u2502                                  \u2502   HASH_JOIN   \u2502\n\u2502    \u2500\u2500\u2500\u2500\u2500\u2500\u2500\u2500   \u2502\u2502    \u2500\u2500\u2500\u2500\u2500\u2500\u2500\u2500   \u2502                 \u2502    \u2500\u2500\u2500\u2500\u2500\u2500\u2500\u2500   \u2502\u2502    \u2500\u2500\u2500\u2500\u2500\u2500\u2500\u2500   \u2502\u2502    \u2500\u2500\u2500\u2500\u2500\u2500\u2500\u2500   \u2502                                  \u2502    \u2500\u2500\u2500\u2500\u2500\u2500\u2500\u2500   \u2502                                  \u2502    \u2500\u2500\u2500\u2500\u2500\u2500\u2500\u2500   \u2502\n\u2502 ((ca_state =  \u2502\u2502   Join Type:  \u2502                 \u2502 (((d_qoy = 3) \u2502\u2502       #0      \u2502\u2502   Join Type:  \u2502                                  \u2502   Join Type:  \u2502                                  \u2502   Join Type:  \u2502\n\u2502   'KS') OR    \u2502\u2502     INNER     \u2502                 \u2502  AND (d_year =\u2502\u2502       #2      \u2502\u2502     INNER     \u2502                                  \u2502     INNER     \u2502                                  \u2502     INNER     \u2502\n\u2502  (ca_state =  \u2502\u2502               \u2502                 \u2502  1999)) OR (( \u2502\u2502               \u2502\u2502               \u2502                                  \u2502               \u2502                                  \u2502               \u2502\n\u2502     'OH'))    \u2502\u2502  Conditions:  \u2502                 \u2502  (d_qoy = 1)  \u2502\u2502               \u2502\u2502  Conditions:  \u2502                                  \u2502  Conditions:  \u2502                                  \u2502  Conditions:  \u2502\n\u2502               \u2502\u2502  ss_item_sk = \u2502                 \u2502  AND (d_year =\u2502\u2502               \u2502\u2502ws_sold_date_sk\u2502                                  \u2502  ca_county =  \u2502                                  \u2502  ca_county =  \u2502\n\u2502               \u2502\u2502    i_item_sk  \u251c\u2500\u2500\u2500\u2500\u2500\u2500\u2500\u2500\u2510        \u2502   1999)) OR ( \u2502\u2502               \u2502\u2502   = d_date_sk \u251c\u2500\u2500\u2500\u2500\u2500\u2500\u2500\u2500\u2500\u2500\u2500\u2500\u2500\u2500\u2500\u2500\u2500\u2500\u2500\u2500\u2500\u2500\u2500\u2500\u2500\u2510        \u2502    ca_county  \u251c\u2500\u2500\u2500\u2500\u2500\u2500\u2500\u2500\u2500\u2500\u2500\u2500\u2500\u2500\u2500\u2500\u2500\u2500\u2500\u2500\u2500\u2500\u2500\u2500\u2500\u2510        \u2502    ca_county  \u251c\u2500\u2500\u2500\u2500\u2500\u2500\u2500\u2500\u2510\n\u2502               \u2502\u2502               \u2502        \u2502        \u2502  (d_qoy = 2)  \u2502\u2502               \u2502\u2502               \u2502                         \u2502        \u2502  ca_county =  \u2502                         \u2502        \u2502  ca_county =  \u2502        \u2502\n\u2502               \u2502\u2502               \u2502        \u2502        \u2502  AND (d_year =\u2502\u2502               \u2502\u2502               \u2502                         \u2502        \u2502    ca_county  \u2502                         \u2502        \u2502    ca_county  \u2502        \u2502\n\u2502               \u2502\u2502               \u2502        \u2502        \u2502    1999))))   \u2502\u2502               \u2502\u2502               \u2502                         \u2502        \u2502               \u2502                         \u2502        \u2502               \u2502        \u2502\n\u2502               \u2502\u2502               \u2502        \u2502        \u2502               \u2502\u2502               \u2502\u2502               \u2502                         \u2502        \u2502               \u2502                         \u2502        \u2502               \u2502        \u2502\n\u2502    390 rows   \u2502\u2502     0 rows    \u2502        \u2502        \u2502    274 rows   \u2502\u2502  14,850 rows  \u2502\u2502    92 rows    \u2502                         \u2502        \u2502     0 rows    \u2502                         \u2502        \u2502     0 rows    \u2502        \u2502\n\u2502    (0.00s)    \u2502\u2502    (0.00s)    \u2502        \u2502        \u2502    (0.00s)    \u2502\u2502    (0.00s)    \u2502\u2502    (0.00s)    \u2502                         \u2502        \u2502    (0.00s)    \u2502                         \u2502        \u2502    (0.00s)    \u2502        \u2502\n\u2514\u2500\u2500\u2500\u2500\u2500\u2500\u2500\u252c\u2500\u2500\u2500\u2500\u2500\u2500\u2500\u2518\u2514\u2500\u2500\u2500\u2500\u2500\u2500\u2500\u252c\u2500\u2500\u2500\u2500\u2500\u2500\u2500\u2518        \u2502        \u2514\u2500\u2500\u2500\u2500\u2500\u2500\u2500\u252c\u2500\u2500\u2500\u2500\u2500\u2500\u2500\u2518\u2514\u2500\u2500\u2500\u2500\u2500\u2500\u2500\u252c\u2500\u2500\u2500\u2500\u2500\u2500\u2500\u2518\u2514\u2500\u2500\u2500\u2500\u2500\u2500\u2500\u252c\u2500\u2500\u2500\u2500\u2500\u2500\u2500\u2518                         \u2502        \u2514\u2500\u2500\u2500\u2500\u2500\u2500\u2500\u252c\u2500\u2500\u2500\u2500\u2500\u2500\u2500\u2518                         \u2502        \u2514\u2500\u2500\u2500\u2500\u2500\u2500\u2500\u252c\u2500\u2500\u2500\u2500\u2500\u2500\u2500\u2518        \u2502\n\u250c\u2500\u2500\u2500\u2500\u2500\u2500\u2500\u2534\u2500\u2500\u2500\u2500\u2500\u2500\u2500\u2510\u250c\u2500\u2500\u2500\u2500\u2500\u2500\u2500\u2534\u2500\u2500\u2500\u2500\u2500\u2500\u2500\u2510\u250c\u2500\u2500\u2500\u2500\u2500\u2500\u2500\u2534\u2500\u2500\u2500\u2500\u2500\u2500\u2500\u2510\u250c\u2500\u2500\u2500\u2500\u2500\u2500\u2500\u2534\u2500\u2500\u2500\u2500\u2500\u2500\u2500\u2510\u250c\u2500\u2500\u2500\u2500\u2500\u2500\u2500\u2534\u2500\u2500\u2500\u2500\u2500\u2500\u2500\u2510\u250c\u2500\u2500\u2500\u2500\u2500\u2500\u2500\u2534\u2500\u2500\u2500\u2500\u2500\u2500\u2500\u2510                 \u250c\u2500\u2500\u2500\u2500\u2500\u2500\u2500\u2534\u2500\u2500\u2500\u2500\u2500\u2500\u2500\u2510\u250c\u2500\u2500\u2500\u2500\u2500\u2500\u2500\u2534\u2500\u2500\u2500\u2500\u2500\u2500\u2500\u2510                 \u250c\u2500\u2500\u2500\u2500\u2500\u2500\u2500\u2534\u2500\u2500\u2500\u2500\u2500\u2500\u2500\u2510\u250c\u2500\u2500\u2500\u2500\u2500\u2500\u2500\u2534\u2500\u2500\u2500\u2500\u2500\u2500\u2500\u2510\u250c\u2500\u2500\u2500\u2500\u2500\u2500\u2500\u2534\u2500\u2500\u2500\u2500\u2500\u2500\u2500\u2510\n\u2502   TABLE_SCAN  \u2502\u2502  EMPTY_RESULT \u2502\u2502   PROJECTION  \u2502\u2502   TABLE_SCAN  \u2502\u2502     FILTER    \u2502\u2502   HASH_JOIN   \u2502                 \u2502     FILTER    \u2502\u2502   HASH_JOIN   \u2502                 \u2502   PROJECTION  \u2502\u2502   PROJECTION  \u2502\u2502   HASH_JOIN   \u2502\n\u2502    \u2500\u2500\u2500\u2500\u2500\u2500\u2500\u2500   \u2502\u2502    \u2500\u2500\u2500\u2500\u2500\u2500\u2500\u2500   \u2502\u2502    \u2500\u2500\u2500\u2500\u2500\u2500\u2500\u2500   \u2502\u2502    \u2500\u2500\u2500\u2500\u2500\u2500\u2500\u2500   \u2502\u2502    \u2500\u2500\u2500\u2500\u2500\u2500\u2500\u2500   \u2502\u2502    \u2500\u2500\u2500\u2500\u2500\u2500\u2500\u2500   \u2502                 \u2502    \u2500\u2500\u2500\u2500\u2500\u2500\u2500\u2500   \u2502\u2502    \u2500\u2500\u2500\u2500\u2500\u2500\u2500\u2500   \u2502                 \u2502    \u2500\u2500\u2500\u2500\u2500\u2500\u2500\u2500   \u2502\u2502    \u2500\u2500\u2500\u2500\u2500\u2500\u2500\u2500   \u2502\u2502    \u2500\u2500\u2500\u2500\u2500\u2500\u2500\u2500   \u2502\n\u2502     Table:    \u2502\u2502               \u2502\u2502       #0      \u2502\u2502     Table:    \u2502\u2502 ((ca_state =  \u2502\u2502   Join Type:  \u2502                 \u2502 (((d_qoy = 3) \u2502\u2502   Join Type:  \u2502                 \u2502       #0      \u2502\u2502       #0      \u2502\u2502   Join Type:  \u2502\n\u2502customer_addres\u2502\u2502               \u2502\u2502               \u2502\u2502    date_dim   \u2502\u2502   'KS') OR    \u2502\u2502     INNER     \u2502                 \u2502  AND (d_year =\u2502\u2502     INNER     \u2502                 \u2502       #2      \u2502\u2502       #3      \u2502\u2502     INNER     \u2502\n\u2502       s       \u2502\u2502               \u2502\u2502               \u2502\u2502               \u2502\u2502  (ca_state =  \u2502\u2502               \u2502                 \u2502  1999)) OR (( \u2502\u2502               \u2502                 \u2502       #3      \u2502\u2502               \u2502\u2502               \u2502\n\u2502               \u2502\u2502               \u2502\u2502               \u2502\u2502     Type:     \u2502\u2502     'OH'))    \u2502\u2502  Conditions:  \u2502                 \u2502  (d_qoy = 1)  \u2502\u2502  Conditions:  \u2502                 \u2502               \u2502\u2502               \u2502\u2502  Conditions:  \u2502\n\u2502     Type:     \u2502\u2502               \u2502\u2502               \u2502\u2502Sequential Scan\u2502\u2502               \u2502\u2502  ws_item_sk = \u2502                 \u2502  AND (d_year =\u2502\u2502  ca_county =  \u2502                 \u2502               \u2502\u2502               \u2502\u2502  ca_county =  \u2502\n\u2502Sequential Scan\u2502\u2502               \u2502\u2502               \u2502\u2502               \u2502\u2502               \u2502\u2502    i_item_sk  \u2502                 \u2502   1999)) OR ( \u2502\u2502    ca_county  \u2502                 \u2502               \u2502\u2502               \u2502\u2502    ca_county  \u2502\n\u2502               \u2502\u2502               \u2502\u2502               \u2502\u2502  Projections: \u2502\u2502               \u2502\u2502               \u2502                 \u2502  (d_qoy = 2)  \u2502\u2502               \u2502                 \u2502               \u2502\u2502               \u2502\u2502               \u2502\n\u2502  Projections: \u2502\u2502               \u2502\u2502               \u2502\u2502   d_date_sk   \u2502\u2502               \u2502\u2502               \u2502                 \u2502  AND (d_year =\u2502\u2502               \u2502                 \u2502               \u2502\u2502               \u2502\u2502               \u2502\n\u2502 ca_address_sk \u2502\u2502               \u2502\u2502               \u2502\u2502     d_qoy     \u2502\u2502               \u2502\u2502               \u251c\u2500\u2500\u2500\u2500\u2500\u2500\u2500\u2500\u2510        \u2502    1999))))   \u2502\u2502               \u251c\u2500\u2500\u2500\u2500\u2500\u2500\u2500\u2500\u2510        \u2502               \u2502\u2502               \u2502\u2502               \u251c\u2500\u2500\u2500\u2500\u2500\u2500\u2500\u2500\u2510\n\u2502    ca_state   \u2502\u2502               \u2502\u2502               \u2502\u2502     d_year    \u2502\u2502               \u2502\u2502               \u2502        \u2502        \u2502               \u2502\u2502               \u2502        \u2502        \u2502               \u2502\u2502               \u2502\u2502               \u2502        \u2502\n\u2502   ca_county   \u2502\u2502               \u2502\u2502               \u2502\u2502               \u2502\u2502               \u2502\u2502               \u2502        \u2502        \u2502               \u2502\u2502               \u2502        \u2502        \u2502               \u2502\u2502               \u2502\u2502               \u2502        \u2502\n\u2502               \u2502\u2502               \u2502\u2502               \u2502\u2502    Filters:   \u2502\u2502               \u2502\u2502               \u2502        \u2502        \u2502               \u2502\u2502               \u2502        \u2502        \u2502               \u2502\u2502               \u2502\u2502               \u2502        \u2502\n\u2502    Filters:   \u2502\u2502               \u2502\u2502               \u2502\u2502   d_date_sk>  \u2502\u2502               \u2502\u2502               \u2502        \u2502        \u2502               \u2502\u2502               \u2502        \u2502        \u2502               \u2502\u2502               \u2502\u2502               \u2502        \u2502\n\u2502   optional:   \u2502\u2502               \u2502\u2502               \u2502\u2502  =2450816 AND \u2502\u2502               \u2502\u2502               \u2502        \u2502        \u2502               \u2502\u2502               \u2502        \u2502        \u2502               \u2502\u2502               \u2502\u2502               \u2502        \u2502\n\u2502  ca_state IN (\u2502\u2502               \u2502\u2502               \u2502\u2502   d_date_sk<  \u2502\u2502               \u2502\u2502               \u2502        \u2502        \u2502               \u2502\u2502               \u2502        \u2502        \u2502               \u2502\u2502               \u2502\u2502               \u2502        \u2502\n\u2502  'KS', 'OH')  \u2502\u2502               \u2502\u2502               \u2502\u2502    =2452642   \u2502\u2502               \u2502\u2502               \u2502        \u2502        \u2502               \u2502\u2502               \u2502        \u2502        \u2502               \u2502\u2502               \u2502\u2502               \u2502        \u2502\n\u2502               \u2502\u2502               \u2502\u2502               \u2502\u2502               \u2502\u2502               \u2502\u2502               \u2502        \u2502        \u2502               \u2502\u2502               \u2502        \u2502        \u2502               \u2502\u2502               \u2502\u2502               \u2502        \u2502\n\u2502   6,144 rows  \u2502\u2502     0 rows    \u2502\u2502    886 rows   \u2502\u2502   1,827 rows  \u2502\u2502  14,850 rows  \u2502\u2502    92 rows    \u2502        \u2502        \u2502    274 rows   \u2502\u2502     0 rows    \u2502        \u2502        \u2502     0 rows    \u2502\u2502     0 rows    \u2502\u2502     0 rows    \u2502        \u2502\n\u2502    (0.00s)    \u2502\u2502    (0.00s)    \u2502\u2502    (0.00s)    \u2502\u2502    (0.00s)    \u2502\u2502    (0.00s)    \u2502\u2502    (0.01s)    \u2502        \u2502        \u2502    (0.00s)    \u2502\u2502    (0.00s)    \u2502        \u2502        \u2502    (0.00s)    \u2502\u2502    (0.00s)    \u2502\u2502    (0.00s)    \u2502        \u2502\n\u2514\u2500\u2500\u2500\u2500\u2500\u2500\u2500\u2500\u2500\u2500\u2500\u2500\u2500\u2500\u2500\u2518\u2514\u2500\u2500\u2500\u2500\u2500\u2500\u2500\u2500\u2500\u2500\u2500\u2500\u2500\u2500\u2500\u2518\u2514\u2500\u2500\u2500\u2500\u2500\u2500\u2500\u252c\u2500\u2500\u2500\u2500\u2500\u2500\u2500\u2518\u2514\u2500\u2500\u2500\u2500\u2500\u2500\u2500\u2500\u2500\u2500\u2500\u2500\u2500\u2500\u2500\u2518\u2514\u2500\u2500\u2500\u2500\u2500\u2500\u2500\u252c\u2500\u2500\u2500\u2500\u2500\u2500\u2500\u2518\u2514\u2500\u2500\u2500\u2500\u2500\u2500\u2500\u252c\u2500\u2500\u2500\u2500\u2500\u2500\u2500\u2518        \u2502        \u2514\u2500\u2500\u2500\u2500\u2500\u2500\u2500\u252c\u2500\u2500\u2500\u2500\u2500\u2500\u2500\u2518\u2514\u2500\u2500\u2500\u2500\u2500\u2500\u2500\u252c\u2500\u2500\u2500\u2500\u2500\u2500\u2500\u2518        \u2502        \u2514\u2500\u2500\u2500\u2500\u2500\u2500\u2500\u252c\u2500\u2500\u2500\u2500\u2500\u2500\u2500\u2518\u2514\u2500\u2500\u2500\u2500\u2500\u2500\u2500\u252c\u2500\u2500\u2500\u2500\u2500\u2500\u2500\u2518\u2514\u2500\u2500\u2500\u2500\u2500\u2500\u2500\u252c\u2500\u2500\u2500\u2500\u2500\u2500\u2500\u2518        \u2502\n                                  \u250c\u2500\u2500\u2500\u2500\u2500\u2500\u2500\u2534\u2500\u2500\u2500\u2500\u2500\u2500\u2500\u2510                 \u250c\u2500\u2500\u2500\u2500\u2500\u2500\u2500\u2534\u2500\u2500\u2500\u2500\u2500\u2500\u2500\u2510\u250c\u2500\u2500\u2500\u2500\u2500\u2500\u2500\u2534\u2500\u2500\u2500\u2500\u2500\u2500\u2500\u2510\u250c\u2500\u2500\u2500\u2500\u2500\u2500\u2500\u2534\u2500\u2500\u2500\u2500\u2500\u2500\u2500\u2510\u250c\u2500\u2500\u2500\u2500\u2500\u2500\u2500\u2534\u2500\u2500\u2500\u2500\u2500\u2500\u2500\u2510\u250c\u2500\u2500\u2500\u2500\u2500\u2500\u2500\u2534\u2500\u2500\u2500\u2500\u2500\u2500\u2500\u2510\u250c\u2500\u2500\u2500\u2500\u2500\u2500\u2500\u2534\u2500\u2500\u2500\u2500\u2500\u2500\u2500\u2510\u250c\u2500\u2500\u2500\u2500\u2500\u2500\u2500\u2534\u2500\u2500\u2500\u2500\u2500\u2500\u2500\u2510\u250c\u2500\u2500\u2500\u2500\u2500\u2500\u2500\u2534\u2500\u2500\u2500\u2500\u2500\u2500\u2500\u2510\u250c\u2500\u2500\u2500\u2500\u2500\u2500\u2500\u2534\u2500\u2500\u2500\u2500\u2500\u2500\u2500\u2510\u250c\u2500\u2500\u2500\u2500\u2500\u2500\u2500\u2534\u2500\u2500\u2500\u2500\u2500\u2500\u2500\u2510\n                                  \u2502     FILTER    \u2502                 \u2502   TABLE_SCAN  \u2502\u2502   TABLE_SCAN  \u2502\u2502   PROJECTION  \u2502\u2502   TABLE_SCAN  \u2502\u2502   PROJECTION  \u2502\u2502   PROJECTION  \u2502\u2502     FILTER    \u2502\u2502     FILTER    \u2502\u2502   PROJECTION  \u2502\u2502   PROJECTION  \u2502\n                                  \u2502    \u2500\u2500\u2500\u2500\u2500\u2500\u2500\u2500   \u2502                 \u2502    \u2500\u2500\u2500\u2500\u2500\u2500\u2500\u2500   \u2502\u2502    \u2500\u2500\u2500\u2500\u2500\u2500\u2500\u2500   \u2502\u2502    \u2500\u2500\u2500\u2500\u2500\u2500\u2500\u2500   \u2502\u2502    \u2500\u2500\u2500\u2500\u2500\u2500\u2500\u2500   \u2502\u2502    \u2500\u2500\u2500\u2500\u2500\u2500\u2500\u2500   \u2502\u2502    \u2500\u2500\u2500\u2500\u2500\u2500\u2500\u2500   \u2502\u2502    \u2500\u2500\u2500\u2500\u2500\u2500\u2500\u2500   \u2502\u2502    \u2500\u2500\u2500\u2500\u2500\u2500\u2500\u2500   \u2502\u2502    \u2500\u2500\u2500\u2500\u2500\u2500\u2500\u2500   \u2502\u2502    \u2500\u2500\u2500\u2500\u2500\u2500\u2500\u2500   \u2502\n                                  \u2502  ((i_color =  \u2502                 \u2502     Table:    \u2502\u2502     Table:    \u2502\u2502       #0      \u2502\u2502     Table:    \u2502\u2502       #0      \u2502\u2502       #0      \u2502\u2502  ((d_qoy = 1) \u2502\u2502  ((d_qoy = 3) \u2502\u2502       #0      \u2502\u2502       #0      \u2502\n                                  \u2502  'dark') OR   \u2502                 \u2502customer_addres\u2502\u2502   web_sales   \u2502\u2502               \u2502\u2502    date_dim   \u2502\u2502       #3      \u2502\u2502       #3      \u2502\u2502  AND (d_year =\u2502\u2502  AND (d_year =\u2502\u2502       #3      \u2502\u2502       #3      \u2502\n                                  \u2502  (i_color =   \u2502                 \u2502       s       \u2502\u2502               \u2502\u2502               \u2502\u2502               \u2502\u2502               \u2502\u2502               \u2502\u2502     1999))    \u2502\u2502     1999))    \u2502\u2502               \u2502\u2502               \u2502\n                                  \u2502    'puff'))   \u2502                 \u2502               \u2502\u2502     Type:     \u2502\u2502               \u2502\u2502     Type:     \u2502\u2502               \u2502\u2502               \u2502\u2502               \u2502\u2502               \u2502\u2502               \u2502\u2502               \u2502\n                                  \u2502               \u2502                 \u2502     Type:     \u2502\u2502Sequential Scan\u2502\u2502               \u2502\u2502Sequential Scan\u2502\u2502               \u2502\u2502               \u2502\u2502               \u2502\u2502               \u2502\u2502               \u2502\u2502               \u2502\n                                  \u2502               \u2502                 \u2502Sequential Scan\u2502\u2502               \u2502\u2502               \u2502\u2502               \u2502\u2502               \u2502\u2502               \u2502\u2502               \u2502\u2502               \u2502\u2502               \u2502\u2502               \u2502\n                                  \u2502               \u2502                 \u2502               \u2502\u2502  Projections: \u2502\u2502               \u2502\u2502  Projections: \u2502\u2502               \u2502\u2502               \u2502\u2502               \u2502\u2502               \u2502\u2502               \u2502\u2502               \u2502\n                                  \u2502               \u2502                 \u2502  Projections: \u2502\u2502ws_sold_date_sk\u2502\u2502               \u2502\u2502   d_date_sk   \u2502\u2502               \u2502\u2502               \u2502\u2502               \u2502\u2502               \u2502\u2502               \u2502\u2502               \u2502\n                                  \u2502               \u2502                 \u2502 ca_address_sk \u2502\u2502ws_bill_addr_sk\u2502\u2502               \u2502\u2502     d_qoy     \u2502\u2502               \u2502\u2502               \u2502\u2502               \u2502\u2502               \u2502\u2502               \u2502\u2502               \u2502\n                                  \u2502               \u2502                 \u2502    ca_state   \u2502\u2502   ws_item_sk  \u2502\u2502               \u2502\u2502     d_year    \u2502\u2502               \u2502\u2502               \u2502\u2502               \u2502\u2502               \u2502\u2502               \u2502\u2502               \u2502\n                                  \u2502               \u2502                 \u2502   ca_county   \u2502\u2502ws_ext_sales_pr\u2502\u2502               \u2502\u2502               \u2502\u2502               \u2502\u2502               \u2502\u2502               \u2502\u2502               \u2502\u2502               \u2502\u2502               \u2502\n                                  \u2502               \u2502                 \u2502               \u2502\u2502      ice      \u2502\u2502               \u2502\u2502    Filters:   \u2502\u2502               \u2502\u2502               \u2502\u2502               \u2502\u2502               \u2502\u2502               \u2502\u2502               \u2502\n                                  \u2502               \u2502                 \u2502    Filters:   \u2502\u2502               \u2502\u2502               \u2502\u2502   d_date_sk>  \u2502\u2502               \u2502\u2502               \u2502\u2502               \u2502\u2502               \u2502\u2502               \u2502\u2502               \u2502\n                                  \u2502               \u2502                 \u2502   optional:   \u2502\u2502    Filters:   \u2502\u2502               \u2502\u2502  =2450816 AND \u2502\u2502               \u2502\u2502               \u2502\u2502               \u2502\u2502               \u2502\u2502               \u2502\u2502               \u2502\n                                  \u2502               \u2502                 \u2502  ca_state IN (\u2502\u2502 ws_list_price>\u2502\u2502               \u2502\u2502   d_date_sk<  \u2502\u2502               \u2502\u2502               \u2502\u2502               \u2502\u2502               \u2502\u2502               \u2502\u2502               \u2502\n                                  \u2502               \u2502                 \u2502  'KS', 'OH')  \u2502\u2502  =244.00 AND  \u2502\u2502               \u2502\u2502    =2452642   \u2502\u2502               \u2502\u2502               \u2502\u2502               \u2502\u2502               \u2502\u2502               \u2502\u2502               \u2502\n                                  \u2502               \u2502                 \u2502               \u2502\u2502  ws_list_price\u2502\u2502               \u2502\u2502               \u2502\u2502               \u2502\u2502               \u2502\u2502               \u2502\u2502               \u2502\u2502               \u2502\u2502               \u2502\n                                  \u2502               \u2502                 \u2502               \u2502\u2502    <=258.00   \u2502\u2502               \u2502\u2502               \u2502\u2502               \u2502\u2502               \u2502\u2502               \u2502\u2502               \u2502\u2502               \u2502\u2502               \u2502\n                                  \u2502               \u2502                 \u2502               \u2502\u2502               \u2502\u2502               \u2502\u2502               \u2502\u2502               \u2502\u2502               \u2502\u2502               \u2502\u2502               \u2502\u2502               \u2502\u2502               \u2502\n                                  \u2502    886 rows   \u2502                 \u2502  247,023 rows \u2502\u2502  10,165 rows  \u2502\u2502    886 rows   \u2502\u2502   1,827 rows  \u2502\u2502     0 rows    \u2502\u2502     0 rows    \u2502\u2502     0 rows    \u2502\u2502     0 rows    \u2502\u2502     0 rows    \u2502\u2502     0 rows    \u2502\n                                  \u2502    (0.00s)    \u2502                 \u2502    (0.00s)    \u2502\u2502    (0.06s)    \u2502\u2502    (0.00s)    \u2502\u2502    (0.00s)    \u2502\u2502    (0.00s)    \u2502\u2502    (0.00s)    \u2502\u2502    (0.00s)    \u2502\u2502    (0.00s)    \u2502\u2502    (0.00s)    \u2502\u2502    (0.00s)    \u2502\n                                  \u2514\u2500\u2500\u2500\u2500\u2500\u2500\u2500\u252c\u2500\u2500\u2500\u2500\u2500\u2500\u2500\u2518                 \u2514\u2500\u2500\u2500\u2500\u2500\u2500\u2500\u2500\u2500\u2500\u2500\u2500\u2500\u2500\u2500\u2518\u2514\u2500\u2500\u2500\u2500\u2500\u2500\u2500\u2500\u2500\u2500\u2500\u2500\u2500\u2500\u2500\u2518\u2514\u2500\u2500\u2500\u2500\u2500\u2500\u2500\u252c\u2500\u2500\u2500\u2500\u2500\u2500\u2500\u2518\u2514\u2500\u2500\u2500\u2500\u2500\u2500\u2500\u2500\u2500\u2500\u2500\u2500\u2500\u2500\u2500\u2518\u2514\u2500\u2500\u2500\u2500\u2500\u2500\u2500\u252c\u2500\u2500\u2500\u2500\u2500\u2500\u2500\u2518\u2514\u2500\u2500\u2500\u2500\u2500\u2500\u2500\u252c\u2500\u2500\u2500\u2500\u2500\u2500\u2500\u2518\u2514\u2500\u2500\u2500\u2500\u2500\u2500\u2500\u252c\u2500\u2500\u2500\u2500\u2500\u2500\u2500\u2518\u2514\u2500\u2500\u2500\u2500\u2500\u2500\u2500\u252c\u2500\u2500\u2500\u2500\u2500\u2500\u2500\u2518\u2514\u2500\u2500\u2500\u2500\u2500\u2500\u2500\u252c\u2500\u2500\u2500\u2500\u2500\u2500\u2500\u2518\u2514\u2500\u2500\u2500\u2500\u2500\u2500\u2500\u252c\u2500\u2500\u2500\u2500\u2500\u2500\u2500\u2518\n                                  \u250c\u2500\u2500\u2500\u2500\u2500\u2500\u2500\u2534\u2500\u2500\u2500\u2500\u2500\u2500\u2500\u2510                                                   \u250c\u2500\u2500\u2500\u2500\u2500\u2500\u2500\u2534\u2500\u2500\u2500\u2500\u2500\u2500\u2500\u2510                 \u250c\u2500\u2500\u2500\u2500\u2500\u2500\u2500\u2534\u2500\u2500\u2500\u2500\u2500\u2500\u2500\u2510\u250c\u2500\u2500\u2500\u2500\u2500\u2500\u2500\u2534\u2500\u2500\u2500\u2500\u2500\u2500\u2500\u2510\u250c\u2500\u2500\u2500\u2500\u2500\u2500\u2500\u2534\u2500\u2500\u2500\u2500\u2500\u2500\u2500\u2510\u250c\u2500\u2500\u2500\u2500\u2500\u2500\u2500\u2534\u2500\u2500\u2500\u2500\u2500\u2500\u2500\u2510\u250c\u2500\u2500\u2500\u2500\u2500\u2500\u2500\u2534\u2500\u2500\u2500\u2500\u2500\u2500\u2500\u2510\u250c\u2500\u2500\u2500\u2500\u2500\u2500\u2500\u2534\u2500\u2500\u2500\u2500\u2500\u2500\u2500\u2510\n                                  \u2502   TABLE_SCAN  \u2502                                                   \u2502     FILTER    \u2502                 \u2502     FILTER    \u2502\u2502     FILTER    \u2502\u2502    CTE_SCAN   \u2502\u2502    CTE_SCAN   \u2502\u2502     FILTER    \u2502\u2502     FILTER    \u2502\n                                  \u2502    \u2500\u2500\u2500\u2500\u2500\u2500\u2500\u2500   \u2502                                                   \u2502    \u2500\u2500\u2500\u2500\u2500\u2500\u2500\u2500   \u2502                 \u2502    \u2500\u2500\u2500\u2500\u2500\u2500\u2500\u2500   \u2502\u2502    \u2500\u2500\u2500\u2500\u2500\u2500\u2500\u2500   \u2502\u2502    \u2500\u2500\u2500\u2500\u2500\u2500\u2500\u2500   \u2502\u2502    \u2500\u2500\u2500\u2500\u2500\u2500\u2500\u2500   \u2502\u2502    \u2500\u2500\u2500\u2500\u2500\u2500\u2500\u2500   \u2502\u2502    \u2500\u2500\u2500\u2500\u2500\u2500\u2500\u2500   \u2502\n                                  \u2502     Table:    \u2502                                                   \u2502  ((i_color =  \u2502                 \u2502  ((d_qoy = 2) \u2502\u2502  ((d_qoy = 1) \u2502\u2502   CTE Index:  \u2502\u2502   CTE Index:  \u2502\u2502  ((d_qoy = 2) \u2502\u2502  ((d_qoy = 3) \u2502\n                                  \u2502      item     \u2502                                                   \u2502  'dark') OR   \u2502                 \u2502  AND (d_year =\u2502\u2502  AND (d_year =\u2502\u2502       0       \u2502\u2502       0       \u2502\u2502  AND (d_year =\u2502\u2502  AND (d_year =\u2502\n                                  \u2502               \u2502                                                   \u2502  (i_color =   \u2502                 \u2502     1999))    \u2502\u2502     1999))    \u2502\u2502               \u2502\u2502               \u2502\u2502     1999))    \u2502\u2502     1999))    \u2502\n                                  \u2502     Type:     \u2502                                                   \u2502    'puff'))   \u2502                 \u2502               \u2502\u2502               \u2502\u2502               \u2502\u2502               \u2502\u2502               \u2502\u2502               \u2502\n                                  \u2502Sequential Scan\u2502                                                   \u2502               \u2502                 \u2502               \u2502\u2502               \u2502\u2502               \u2502\u2502               \u2502\u2502               \u2502\u2502               \u2502\n                                  \u2502               \u2502                                                   \u2502               \u2502                 \u2502               \u2502\u2502               \u2502\u2502               \u2502\u2502               \u2502\u2502               \u2502\u2502               \u2502\n                                  \u2502  Projections: \u2502                                                   \u2502               \u2502                 \u2502               \u2502\u2502               \u2502\u2502               \u2502\u2502               \u2502\u2502               \u2502\u2502               \u2502\n                                  \u2502   i_item_sk   \u2502                                                   \u2502               \u2502                 \u2502               \u2502\u2502               \u2502\u2502               \u2502\u2502               \u2502\u2502               \u2502\u2502               \u2502\n                                  \u2502    i_color    \u2502                                                   \u2502               \u2502                 \u2502               \u2502\u2502               \u2502\u2502               \u2502\u2502               \u2502\u2502               \u2502\u2502               \u2502\n                                  \u2502               \u2502                                                   \u2502               \u2502                 \u2502               \u2502\u2502               \u2502\u2502               \u2502\u2502               \u2502\u2502               \u2502\u2502               \u2502\n                                  \u2502    Filters:   \u2502                                                   \u2502               \u2502                 \u2502               \u2502\u2502               \u2502\u2502               \u2502\u2502               \u2502\u2502               \u2502\u2502               \u2502\n                                  \u2502   optional:   \u2502                                                   \u2502               \u2502                 \u2502               \u2502\u2502               \u2502\u2502               \u2502\u2502               \u2502\u2502               \u2502\u2502               \u2502\n                                  \u2502  i_color IN ( \u2502                                                   \u2502               \u2502                 \u2502               \u2502\u2502               \u2502\u2502               \u2502\u2502               \u2502\u2502               \u2502\u2502               \u2502\n                                  \u2502'dark', 'puff')\u2502                                                   \u2502               \u2502                 \u2502               \u2502\u2502               \u2502\u2502               \u2502\u2502               \u2502\u2502               \u2502\u2502               \u2502\n                                  \u2502 i_manager_id> \u2502                                                   \u2502               \u2502                 \u2502               \u2502\u2502               \u2502\u2502               \u2502\u2502               \u2502\u2502               \u2502\u2502               \u2502\n                                  \u2502=15 AND i_manag\u2502                                                   \u2502               \u2502                 \u2502               \u2502\u2502               \u2502\u2502               \u2502\u2502               \u2502\u2502               \u2502\u2502               \u2502\n                                  \u2502   er_id<=34   \u2502                                                   \u2502               \u2502                 \u2502               \u2502\u2502               \u2502\u2502               \u2502\u2502               \u2502\u2502               \u2502\u2502               \u2502\n                                  \u2502               \u2502                                                   \u2502               \u2502                 \u2502               \u2502\u2502               \u2502\u2502               \u2502\u2502               \u2502\u2502               \u2502\u2502               \u2502\n                                  \u2502  36,127 rows  \u2502                                                   \u2502    886 rows   \u2502                 \u2502     0 rows    \u2502\u2502     0 rows    \u2502\u2502     0 rows    \u2502\u2502     0 rows    \u2502\u2502     0 rows    \u2502\u2502     0 rows    \u2502\n                                  \u2502    (0.00s)    \u2502                                                   \u2502    (0.00s)    \u2502                 \u2502    (0.00s)    \u2502\u2502    (0.00s)    \u2502\u2502    (0.00s)    \u2502\u2502    (0.00s)    \u2502\u2502    (0.00s)    \u2502\u2502    (0.00s)    \u2502\n                                  \u2514\u2500\u2500\u2500\u2500\u2500\u2500\u2500\u2500\u2500\u2500\u2500\u2500\u2500\u2500\u2500\u2518                                                   \u2514\u2500\u2500\u2500\u2500\u2500\u2500\u2500\u252c\u2500\u2500\u2500\u2500\u2500\u2500\u2500\u2518                 \u2514\u2500\u2500\u2500\u2500\u2500\u2500\u2500\u252c\u2500\u2500\u2500\u2500\u2500\u2500\u2500\u2518\u2514\u2500\u2500\u2500\u2500\u2500\u2500\u2500\u252c\u2500\u2500\u2500\u2500\u2500\u2500\u2500\u2518\u2514\u2500\u2500\u2500\u2500\u2500\u2500\u2500\u2500\u2500\u2500\u2500\u2500\u2500\u2500\u2500\u2518\u2514\u2500\u2500\u2500\u2500\u2500\u2500\u2500\u2500\u2500\u2500\u2500\u2500\u2500\u2500\u2500\u2518\u2514\u2500\u2500\u2500\u2500\u2500\u2500\u2500\u252c\u2500\u2500\u2500\u2500\u2500\u2500\u2500\u2518\u2514\u2500\u2500\u2500\u2500\u2500\u2500\u2500\u252c\u2500\u2500\u2500\u2500\u2500\u2500\u2500\u2518\n                                                                                                      \u250c\u2500\u2500\u2500\u2500\u2500\u2500\u2500\u2534\u2500\u2500\u2500\u2500\u2500\u2500\u2500\u2510                 \u250c\u2500\u2500\u2500\u2500\u2500\u2500\u2500\u2534\u2500\u2500\u2500\u2500\u2500\u2500\u2500\u2510\u250c\u2500\u2500\u2500\u2500\u2500\u2500\u2500\u2534\u2500\u2500\u2500\u2500\u2500\u2500\u2500\u2510                                  \u250c\u2500\u2500\u2500\u2500\u2500\u2500\u2500\u2534\u2500\u2500\u2500\u2500\u2500\u2500\u2500\u2510\u250c\u2500\u2500\u2500\u2500\u2500\u2500\u2500\u2534\u2500\u2500\u2500\u2500\u2500\u2500\u2500\u2510\n                                                                                                      \u2502   TABLE_SCAN  \u2502                 \u2502    CTE_SCAN   \u2502\u2502    CTE_SCAN   \u2502                                  \u2502    CTE_SCAN   \u2502\u2502    CTE_SCAN   \u2502\n                                                                                                      \u2502    \u2500\u2500\u2500\u2500\u2500\u2500\u2500\u2500   \u2502                 \u2502    \u2500\u2500\u2500\u2500\u2500\u2500\u2500\u2500   \u2502\u2502    \u2500\u2500\u2500\u2500\u2500\u2500\u2500\u2500   \u2502                                  \u2502    \u2500\u2500\u2500\u2500\u2500\u2500\u2500\u2500   \u2502\u2502    \u2500\u2500\u2500\u2500\u2500\u2500\u2500\u2500   \u2502\n                                                                                                      \u2502     Table:    \u2502                 \u2502   CTE Index:  \u2502\u2502   CTE Index:  \u2502                                  \u2502   CTE Index:  \u2502\u2502   CTE Index:  \u2502\n                                                                                                      \u2502      item     \u2502                 \u2502       0       \u2502\u2502       11      \u2502                                  \u2502       11      \u2502\u2502       11      \u2502\n                                                                                                      \u2502               \u2502                 \u2502               \u2502\u2502               \u2502                                  \u2502               \u2502\u2502               \u2502\n                                                                                                      \u2502     Type:     \u2502                 \u2502               \u2502\u2502               \u2502                                  \u2502               \u2502\u2502               \u2502\n                                                                                                      \u2502Sequential Scan\u2502                 \u2502               \u2502\u2502               \u2502                                  \u2502               \u2502\u2502               \u2502\n                                                                                                      \u2502               \u2502                 \u2502               \u2502\u2502               \u2502                                  \u2502               \u2502\u2502               \u2502\n                                                                                                      \u2502  Projections: \u2502                 \u2502               \u2502\u2502               \u2502                                  \u2502               \u2502\u2502               \u2502\n                                                                                                      \u2502   i_item_sk   \u2502                 \u2502               \u2502\u2502               \u2502                                  \u2502               \u2502\u2502               \u2502\n                                                                                                      \u2502    i_color    \u2502                 \u2502               \u2502\u2502               \u2502                                  \u2502               \u2502\u2502               \u2502\n                                                                                                      \u2502               \u2502                 \u2502               \u2502\u2502               \u2502                                  \u2502               \u2502\u2502               \u2502\n                                                                                                      \u2502    Filters:   \u2502                 \u2502               \u2502\u2502               \u2502                                  \u2502               \u2502\u2502               \u2502\n                                                                                                      \u2502   optional:   \u2502                 \u2502               \u2502\u2502               \u2502                                  \u2502               \u2502\u2502               \u2502\n                                                                                                      \u2502  i_color IN ( \u2502                 \u2502               \u2502\u2502               \u2502                                  \u2502               \u2502\u2502               \u2502\n                                                                                                      \u2502'dark', 'puff')\u2502                 \u2502               \u2502\u2502               \u2502                                  \u2502               \u2502\u2502               \u2502\n                                                                                                      \u2502 i_manager_id> \u2502                 \u2502               \u2502\u2502               \u2502                                  \u2502               \u2502\u2502               \u2502\n                                                                                                      \u2502=15 AND i_manag\u2502                 \u2502               \u2502\u2502               \u2502                                  \u2502               \u2502\u2502               \u2502\n                                                                                                      \u2502   er_id<=34   \u2502                 \u2502               \u2502\u2502               \u2502                                  \u2502               \u2502\u2502               \u2502\n                                                                                                      \u2502               \u2502                 \u2502               \u2502\u2502               \u2502                                  \u2502               \u2502\u2502               \u2502\n                                                                                                      \u2502  36,127 rows  \u2502                 \u2502     0 rows    \u2502\u2502     1 row     \u2502                                  \u2502     1 row     \u2502\u2502     1 row     \u2502\n                                                                                                      \u2502    (0.00s)    \u2502                 \u2502    (0.00s)    \u2502\u2502    (0.00s)    \u2502                                  \u2502    (0.00s)    \u2502\u2502    (0.00s)    \u2502\n                                                                                                      \u2514\u2500\u2500\u2500\u2500\u2500\u2500\u2500\u2500\u2500\u2500\u2500\u2500\u2500\u2500\u2500\u2518                 \u2514\u2500\u2500\u2500\u2500\u2500\u2500\u2500\u2500\u2500\u2500\u2500\u2500\u2500\u2500\u2500\u2518\u2514\u2500\u2500\u2500\u2500\u2500\u2500\u2500\u2500\u2500\u2500\u2500\u2500\u2500\u2500\u2500\u2518                                  \u2514\u2500\u2500\u2500\u2500\u2500\u2500\u2500\u2500\u2500\u2500\u2500\u2500\u2500\u2500\u2500\u2518\u2514\u2500\u2500\u2500\u2500\u2500\u2500\u2500\u2500\u2500\u2500\u2500\u2500\u2500\u2500\u2500\u2518\n",
  "plan_json": {
    "total_bytes_written": 0,
    "total_bytes_read": 0,
    "rows_returned": 0,
    "latency": 0.0,
    "result_set_size": 0,
    "query_name": "",
    "blocked_thread_time": 0.0,
    "system_peak_buffer_memory": 0,
    "system_peak_temp_dir_size": 0,
    "cpu_time": 0.0,
    "extra_info": {},
    "cumulative_cardinality": 0,
    "cumulative_rows_scanned": 0,
    "children": [
      {
        "total_bytes_written": 0,
        "total_bytes_read": 0,
        "result_set_size": 0,
        "operator_name": "EXPLAIN_ANALYZE",
        "cpu_time": 0.0,
        "extra_info": {},
        "cumulative_cardinality": 0,
        "operator_type": "EXPLAIN_ANALYZE",
        "operator_cardinality": 0,
        "cumulative_rows_scanned": 0,
        "operator_rows_scanned": 0,
        "operator_timing": 0.0,
        "children": [
          {
            "total_bytes_written": 0,
            "total_bytes_read": 0,
            "result_set_size": 0,
            "operator_name": "CTE",
            "cpu_time": 0.0,
            "extra_info": {
              "CTE Name": "ss",
              "Table Index": "0",
              "Estimated Cardinality": "23506385642911"
            },
            "cumulative_cardinality": 0,
            "operator_type": "CTE",
            "operator_cardinality": 0,
            "cumulative_rows_scanned": 0,
            "operator_rows_scanned": 0,
            "operator_timing": 0.0,
            "children": [
              {
                "total_bytes_written": 0,
                "total_bytes_read": 0,
                "result_set_size": 0,
                "operator_name": "PROJECTION",
                "cpu_time": 0.0,
                "extra_info": {
                  "Projections": [
                    "#0",
                    "__internal_decompress_integral_integer(#1, 1)",
                    "__internal_decompress_integral_integer(#2, 1900)",
                    "#3"
                  ],
                  "Estimated Cardinality": "11129"
                },
                "cumulative_cardinality": 0,
                "operator_type": "PROJECTION",
                "operator_cardinality": 0,
                "cumulative_rows_scanned": 0,
                "operator_rows_scanned": 0,
                "operator_timing": 0.0,
                "children": [
                  {
                    "total_bytes_written": 0,
                    "total_bytes_read": 0,
                    "result_set_size": 0,
                    "operator_name": "HASH_GROUP_BY",
                    "cpu_time": 0.0,
                    "extra_info": {
                      "Groups": [
                        "#0",
                        "#1",
                        "#2"
                      ],
                      "Aggregates": "sum(#3)",
                      "Estimated Cardinality": "11129"
                    },
                    "cumulative_cardinality": 0,
                    "operator_type": "HASH_GROUP_BY",
                    "operator_cardinality": 0,
                    "cumulative_rows_scanned": 0,
                    "operator_rows_scanned": 0,
                    "operator_timing": 7.6e-07,
                    "children": [
                      {
                        "total_bytes_written": 0,
                        "total_bytes_read": 0,
                        "result_set_size": 0,
                        "operator_name": "PROJECTION",
                        "cpu_time": 0.0,
                        "extra_info": {
                          "Projections": [
                            "ca_county",
                            "d_qoy",
                            "d_year",
                            "ss_ext_sales_price"
                          ],
                          "Estimated Cardinality": "11130"
                        },
                        "cumulative_cardinality": 0,
                        "operator_type": "PROJECTION",
                        "operator_cardinality": 0,
                        "cumulative_rows_scanned": 0,
                        "operator_rows_scanned": 0,
                        "operator_timing": 0.0,
                        "children": [
                          {
                            "total_bytes_written": 0,
                            "total_bytes_read": 0,
                            "result_set_size": 0,
                            "operator_name": "PROJECTION",
                            "cpu_time": 0.0,
                            "extra_info": {
                              "Projections": [
                                "#0",
                                "#1",
                                "__internal_compress_integral_utinyint(#2, 1)",
                                "__internal_compress_integral_utinyint(#3, 1900)"
                              ],
                              "Estimated Cardinality": "11130"
                            },
                            "cumulative_cardinality": 0,
                            "operator_type": "PROJECTION",
                            "operator_cardinality": 0,
                            "cumulative_rows_scanned": 0,
                            "operator_rows_scanned": 0,
                            "operator_timing": 0.0,
                            "children": [
                              {
                                "total_bytes_written": 0,
                                "total_bytes_read": 0,
                                "result_set_size": 0,
                                "operator_name": "HASH_JOIN",
                                "cpu_time": 0.0,
                                "extra_info": {
                                  "Join Type": "INNER",
                                  "Conditions": "ca_address_sk = ss_addr_sk",
                                  "Estimated Cardinality": "11130"
                                },
                                "cumulative_cardinality": 0,
                                "operator_type": "HASH_JOIN",
                                "operator_cardinality": 0,
                                "cumulative_rows_scanned": 0,
                                "operator_rows_scanned": 0,
                                "operator_timing": 1.5742e-05,
                                "children": [
                                  {
                                    "total_bytes_written": 0,
                                    "total_bytes_read": 0,
                                    "result_set_size": 7800,
                                    "operator_name": "PROJECTION",
                                    "cpu_time": 0.0,
                                    "extra_info": {
                                      "Projections": [
                                        "#0",
                                        "#2"
                                      ],
                                      "Estimated Cardinality": "50000"
                                    },
                                    "cumulative_cardinality": 0,
                                    "operator_type": "PROJECTION",
                                    "operator_cardinality": 390,
                                    "cumulative_rows_scanned": 0,
                                    "operator_rows_scanned": 0,
                                    "operator_timing": 7.58e-07,
                                    "children": [
                                      {
                                        "total_bytes_written": 0,
                                        "total_bytes_read": 0,
                                        "result_set_size": 14040,
                                        "operator_name": "FILTER",
                                        "cpu_time": 0.0,
                                        "extra_info": {
                                          "Expression": "((ca_state = 'KS') OR (ca_state = 'OH'))",
                                          "Estimated Cardinality": "50000"
                                        },
                                        "cumulative_cardinality": 0,
                                        "operator_type": "FILTER",
                                        "operator_cardinality": 390,
                                        "cumulative_rows_scanned": 0,
                                        "operator_rows_scanned": 0,
                                        "operator_timing": 4.8529e-05,
                                        "children": [
                                          {
                                            "total_bytes_written": 0,
                                            "total_bytes_read": 0,
                                            "result_set_size": 221184,
                                            "operator_name": "SEQ_SCAN ",
                                            "cpu_time": 0.0,
                                            "extra_info": {
                                              "Table": "customer_address",
                                              "Type": "Sequential Scan",
                                              "Projections": [
                                                "ca_address_sk",
                                                "ca_state",
                                                "ca_county"
                                              ],
                                              "Filters": "optional: ca_state IN ('KS', 'OH')",
                                              "Estimated Cardinality": "250000"
                                            },
                                            "cumulative_cardinality": 0,
                                            "operator_type": "TABLE_SCAN",
                                            "operator_cardinality": 6144,
                                            "cumulative_rows_scanned": 0,
                                            "operator_rows_scanned": 750000,
                                            "operator_timing": 0.00022788700000000002,
                                            "children": []
                                          }
                                        ]
                                      }
                                    ]
                                  },
                                  {
                                    "total_bytes_written": 0,
                                    "total_bytes_read": 0,
                                    "result_set_size": 0,
                                    "operator_name": "HASH_JOIN",
                                    "cpu_time": 0.0,
                                    "extra_info": {
                                      "Join Type": "INNER",
                                      "Conditions": "ss_sold_date_sk = d_date_sk",
                                      "Estimated Cardinality": "48932"
                                    },
                                    "cumulative_cardinality": 0,
                                    "operator_type": "HASH_JOIN",
                                    "operator_cardinality": 0,
                                    "cumulative_rows_scanned": 0,
                                    "operator_rows_scanned": 0,
                                    "operator_timing": 7.1461e-05,
                                    "children": [
                                      {
                                        "total_bytes_written": 0,
                                        "total_bytes_read": 0,
                                        "result_set_size": 0,
                                        "operator_name": "HASH_JOIN",
                                        "cpu_time": 0.0,
                                        "extra_info": {
                                          "Join Type": "INNER",
                                          "Conditions": "ss_item_sk = i_item_sk",
                                          "Estimated Cardinality": "244675"
                                        },
                                        "cumulative_cardinality": 0,
                                        "operator_type": "HASH_JOIN",
                                        "operator_cardinality": 0,
                                        "cumulative_rows_scanned": 0,
                                        "operator_rows_scanned": 0,
                                        "operator_timing": 4.828100000000001e-05,
                                        "children": [
                                          {
                                            "total_bytes_written": 0,
                                            "total_bytes_read": 0,
                                            "result_set_size": 0,
                                            "operator_name": "EMPTY_RESULT",
                                            "cpu_time": 0.0,
                                            "extra_info": {},
                                            "cumulative_cardinality": 0,
                                            "operator_type": "EMPTY_RESULT",
                                            "operator_cardinality": 0,
                                            "cumulative_rows_scanned": 0,
                                            "operator_rows_scanned": 0,
                                            "operator_timing": 2.72e-07,
                                            "children": []
                                          },
                                          {
                                            "total_bytes_written": 0,
                                            "total_bytes_read": 0,
                                            "result_set_size": 3544,
                                            "operator_name": "PROJECTION",
                                            "cpu_time": 0.0,
                                            "extra_info": {
                                              "Projections": "#0",
                                              "Estimated Cardinality": "4080"
                                            },
                                            "cumulative_cardinality": 0,
                                            "operator_type": "PROJECTION",
                                            "operator_cardinality": 886,
                                            "cumulative_rows_scanned": 0,
                                            "operator_rows_scanned": 0,
                                            "operator_timing": 2.04e-07,
                                            "children": [
                                              {
                                                "total_bytes_written": 0,
                                                "total_bytes_read": 0,
                                                "result_set_size": 17720,
                                                "operator_name": "FILTER",
                                                "cpu_time": 0.0,
                                                "extra_info": {
                                                  "Expression": "((i_color = 'dark') OR (i_color = 'puff'))",
                                                  "Estimated Cardinality": "4080"
                                                },
                                                "cumulative_cardinality": 0,
                                                "operator_type": "FILTER",
                                                "operator_cardinality": 886,
                                                "cumulative_rows_scanned": 0,
                                                "operator_rows_scanned": 0,
                                                "operator_timing": 0.00017661899999999998,
                                                "children": [
                                                  {
                                                    "total_bytes_written": 0,
                                                    "total_bytes_read": 0,
                                                    "result_set_size": 722540,
                                                    "operator_name": "SEQ_SCAN ",
                                                    "cpu_time": 0.0,
                                                    "extra_info": {
                                                      "Table": "item",
                                                      "Type": "Sequential Scan",
                                                      "Projections": [
                                                        "i_item_sk",
                                                        "i_color"
                                                      ],
                                                      "Filters": [
                                                        "optional: i_color IN ('dark', 'puff')",
                                                        "i_manager_id>=15 AND i_manager_id<=34"
                                                      ],
                                                      "Estimated Cardinality": "20400"
                                                    },
                                                    "cumulative_cardinality": 0,
                                                    "operator_type": "TABLE_SCAN",
                                                    "operator_cardinality": 36127,
                                                    "cumulative_rows_scanned": 0,
                                                    "operator_rows_scanned": 102000,
                                                    "operator_timing": 0.000517894,
                                                    "children": []
                                                  }
                                                ]
                                              }
                                            ]
                                          }
                                        ]
                                      },
                                      {
                                        "total_bytes_written": 0,
                                        "total_bytes_read": 0,
                                        "result_set_size": 3288,
                                        "operator_name": "FILTER",
                                        "cpu_time": 0.0,
                                        "extra_info": {
                                          "Expression": "(((d_qoy = 3) AND (d_year = 1999)) OR (((d_qoy = 1) AND (d_year = 1999)) OR ((d_qoy = 2) AND (d_year = 1999))))",
                                          "Estimated Cardinality": "73049"
                                        },
                                        "cumulative_cardinality": 0,
                                        "operator_type": "FILTER",
                                        "operator_cardinality": 274,
                                        "cumulative_rows_scanned": 0,
                                        "operator_rows_scanned": 0,
                                        "operator_timing": 2.4961e-05,
                                        "children": [
                                          {
                                            "total_bytes_written": 0,
                                            "total_bytes_read": 0,
                                            "result_set_size": 21924,
                                            "operator_name": "SEQ_SCAN ",
                                            "cpu_time": 0.0,
                                            "extra_info": {
                                              "Table": "date_dim",
                                              "Type": "Sequential Scan",
                                              "Projections": [
                                                "d_date_sk",
                                                "d_qoy",
                                                "d_year"
                                              ],
                                              "Filters": "d_date_sk>=2450816 AND d_date_sk<=2452642",
                                              "Estimated Cardinality": "73049"
                                            },
                                            "cumulative_cardinality": 0,
                                            "operator_type": "TABLE_SCAN",
                                            "operator_cardinality": 1827,
                                            "cumulative_rows_scanned": 0,
                                            "operator_rows_scanned": 73049,
                                            "operator_timing": 8.5635e-05,
                                            "children": []
                                          }
                                        ]
                                      }
                                    ]
                                  }
                                ]
                              }
                            ]
                          }
                        ]
                      }
                    ]
                  }
                ]
              },
              {
                "total_bytes_written": 0,
                "total_bytes_read": 0,
                "result_set_size": 0,
                "operator_name": "CTE",
                "cpu_time": 0.0,
                "extra_info": {
                  "CTE Name": "ws",
                  "Table Index": "11",
                  "Estimated Cardinality": "23506385642911"
                },
                "cumulative_cardinality": 0,
                "operator_type": "CTE",
                "operator_cardinality": 0,
                "cumulative_rows_scanned": 0,
                "operator_rows_scanned": 0,
                "operator_timing": 3.014e-06,
                "children": [
                  {
                    "total_bytes_written": 0,
                    "total_bytes_read": 0,
                    "result_set_size": 40,
                    "operator_name": "PROJECTION",
                    "cpu_time": 0.0,
                    "extra_info": {
                      "Projections": [
                        "#0",
                        "__internal_decompress_integral_integer(#1, 1)",
                        "__internal_decompress_integral_integer(#2, 1900)",
                        "#3"
                      ],
                      "Estimated Cardinality": "2775"
                    },
                    "cumulative_cardinality": 0,
                    "operator_type": "PROJECTION",
                    "operator_cardinality": 1,
                    "cumulative_rows_scanned": 0,
                    "operator_rows_scanned": 0,
                    "operator_timing": 2.239e-06,
                    "children": [
                      {
                        "total_bytes_written": 0,
                        "total_bytes_read": 0,
                        "result_set_size": 34,
                        "operator_name": "HASH_GROUP_BY",
                        "cpu_time": 0.0,
                        "extra_info": {
                          "Groups": [
                            "#0",
                            "#1",
                            "#2"
                          ],
                          "Aggregates": "sum(#3)",
                          "Estimated Cardinality": "2775"
                        },
                        "cumulative_cardinality": 0,
                        "operator_type": "HASH_GROUP_BY",
                        "operator_cardinality": 1,
                        "cumulative_rows_scanned": 0,
                        "operator_rows_scanned": 0,
                        "operator_timing": 0.00048284500000000003,
                        "children": [
                          {
                            "total_bytes_written": 0,
                            "total_bytes_read": 0,
                            "result_set_size": 22,
                            "operator_name": "PROJECTION",
                            "cpu_time": 0.0,
                            "extra_info": {
                              "Projections": [
                                "ca_county",
                                "d_qoy",
                                "d_year",
                                "ws_ext_sales_price"
                              ],
                              "Estimated Cardinality": "2776"
                            },
                            "cumulative_cardinality": 0,
                            "operator_type": "PROJECTION",
                            "operator_cardinality": 1,
                            "cumulative_rows_scanned": 0,
                            "operator_rows_scanned": 0,
                            "operator_timing": 3.21e-07,
                            "children": [
                              {
                                "total_bytes_written": 0,
                                "total_bytes_read": 0,
                                "result_set_size": 22,
                                "operator_name": "PROJECTION",
                                "cpu_time": 0.0,
                                "extra_info": {
                                  "Projections": [
                                    "#0",
                                    "#1",
                                    "__internal_compress_integral_utinyint(#2, 1)",
                                    "__internal_compress_integral_utinyint(#3, 1900)"
                                  ],
                                  "Estimated Cardinality": "2776"
                                },
                                "cumulative_cardinality": 0,
                                "operator_type": "PROJECTION",
                                "operator_cardinality": 1,
                                "cumulative_rows_scanned": 0,
                                "operator_rows_scanned": 0,
                                "operator_timing": 3.69e-06,
                                "children": [
                                  {
                                    "total_bytes_written": 0,
                                    "total_bytes_read": 0,
                                    "result_set_size": 28,
                                    "operator_name": "HASH_JOIN",
                                    "cpu_time": 0.0,
                                    "extra_info": {
                                      "Join Type": "INNER",
                                      "Conditions": "ca_address_sk = ws_bill_addr_sk",
                                      "Estimated Cardinality": "2776"
                                    },
                                    "cumulative_cardinality": 0,
                                    "operator_type": "HASH_JOIN",
                                    "operator_cardinality": 1,
                                    "cumulative_rows_scanned": 0,
                                    "operator_rows_scanned": 0,
                                    "operator_timing": 0.000981598,
                                    "children": [
                                      {
                                        "total_bytes_written": 0,
                                        "total_bytes_read": 0,
                                        "result_set_size": 297000,
                                        "operator_name": "PROJECTION",
                                        "cpu_time": 0.0,
                                        "extra_info": {
                                          "Projections": [
                                            "#0",
                                            "#2"
                                          ],
                                          "Estimated Cardinality": "50000"
                                        },
                                        "cumulative_cardinality": 0,
                                        "operator_type": "PROJECTION",
                                        "operator_cardinality": 14850,
                                        "cumulative_rows_scanned": 0,
                                        "operator_rows_scanned": 0,
                                        "operator_timing": 1.2032e-05,
                                        "children": [
                                          {
                                            "total_bytes_written": 0,
                                            "total_bytes_read": 0,
                                            "result_set_size": 534600,
                                            "operator_name": "FILTER",
                                            "cpu_time": 0.0,
                                            "extra_info": {
                                              "Expression": "((ca_state = 'KS') OR (ca_state = 'OH'))",
                                              "Estimated Cardinality": "50000"
                                            },
                                            "cumulative_cardinality": 0,
                                            "operator_type": "FILTER",
                                            "operator_cardinality": 14850,
                                            "cumulative_rows_scanned": 0,
                                            "operator_rows_scanned": 0,
                                            "operator_timing": 0.001043316,
                                            "children": [
                                              {
                                                "total_bytes_written": 0,
                                                "total_bytes_read": 0,
                                                "result_set_size": 8892828,
                                                "operator_name": "SEQ_SCAN ",
                                                "cpu_time": 0.0,
                                                "extra_info": {
                                                  "Table": "customer_address",
                                                  "Type": "Sequential Scan",
                                                  "Projections": [
                                                    "ca_address_sk",
                                                    "ca_state",
                                                    "ca_county"
                                                  ],
                                                  "Filters": "optional: ca_state IN ('KS', 'OH')",
                                                  "Estimated Cardinality": "250000"
                                                },
                                                "cumulative_cardinality": 0,
                                                "operator_type": "TABLE_SCAN",
                                                "operator_cardinality": 247023,
                                                "cumulative_rows_scanned": 0,
                                                "operator_rows_scanned": 750000,
                                                "operator_timing": 0.003946229,
                                                "children": []
                                              }
                                            ]
                                          }
                                        ]
                                      },
                                      {
                                        "total_bytes_written": 0,
                                        "total_bytes_read": 0,
                                        "result_set_size": 1472,
                                        "operator_name": "HASH_JOIN",
                                        "cpu_time": 0.0,
                                        "extra_info": {
                                          "Join Type": "INNER",
                                          "Conditions": "ws_sold_date_sk = d_date_sk",
                                          "Estimated Cardinality": "12175"
                                        },
                                        "cumulative_cardinality": 0,
                                        "operator_type": "HASH_JOIN",
                                        "operator_cardinality": 92,
                                        "cumulative_rows_scanned": 0,
                                        "operator_rows_scanned": 0,
                                        "operator_timing": 0.000255929,
                                        "children": [
                                          {
                                            "total_bytes_written": 0,
                                            "total_bytes_read": 0,
                                            "result_set_size": 1472,
                                            "operator_name": "HASH_JOIN",
                                            "cpu_time": 0.0,
                                            "extra_info": {
                                              "Join Type": "INNER",
                                              "Conditions": "ws_item_sk = i_item_sk",
                                              "Estimated Cardinality": "60882"
                                            },
                                            "cumulative_cardinality": 0,
                                            "operator_type": "HASH_JOIN",
                                            "operator_cardinality": 92,
                                            "cumulative_rows_scanned": 0,
                                            "operator_rows_scanned": 0,
                                            "operator_timing": 0.007298283999999999,
                                            "children": [
                                              {
                                                "total_bytes_written": 0,
                                                "total_bytes_read": 0,
                                                "result_set_size": 162640,
                                                "operator_name": "SEQ_SCAN ",
                                                "cpu_time": 0.0,
                                                "extra_info": {
                                                  "Table": "web_sales",
                                                  "Type": "Sequential Scan",
                                                  "Projections": [
                                                    "ws_sold_date_sk",
                                                    "ws_bill_addr_sk",
                                                    "ws_item_sk",
                                                    "ws_ext_sales_price"
                                                  ],
                                                  "Filters": "ws_list_price>=244.00 AND ws_list_price<=258.00",
                                                  "Estimated Cardinality": "1439513"
                                                },
                                                "cumulative_cardinality": 0,
                                                "operator_type": "TABLE_SCAN",
                                                "operator_cardinality": 10165,
                                                "cumulative_rows_scanned": 0,
                                                "operator_rows_scanned": 201531848,
                                                "operator_timing": 0.05742130799999999,
                                                "children": []
                                              },
                                              {
                                                "total_bytes_written": 0,
                                                "total_bytes_read": 0,
                                                "result_set_size": 3544,
                                                "operator_name": "PROJECTION",
                                                "cpu_time": 0.0,
                                                "extra_info": {
                                                  "Projections": "#0",
                                                  "Estimated Cardinality": "4080"
                                                },
                                                "cumulative_cardinality": 0,
                                                "operator_type": "PROJECTION",
                                                "operator_cardinality": 886,
                                                "cumulative_rows_scanned": 0,
                                                "operator_rows_scanned": 0,
                                                "operator_timing": 2.66e-07,
                                                "children": [
                                                  {
                                                    "total_bytes_written": 0,
                                                    "total_bytes_read": 0,
                                                    "result_set_size": 17720,
                                                    "operator_name": "FILTER",
                                                    "cpu_time": 0.0,
                                                    "extra_info": {
                                                      "Expression": "((i_color = 'dark') OR (i_color = 'puff'))",
                                                      "Estimated Cardinality": "4080"
                                                    },
                                                    "cumulative_cardinality": 0,
                                                    "operator_type": "FILTER",
                                                    "operator_cardinality": 886,
                                                    "cumulative_rows_scanned": 0,
                                                    "operator_rows_scanned": 0,
                                                    "operator_timing": 0.00020323499999999993,
                                                    "children": [
                                                      {
                                                        "total_bytes_written": 0,
                                                        "total_bytes_read": 0,
                                                        "result_set_size": 722540,
                                                        "operator_name": "SEQ_SCAN ",
                                                        "cpu_time": 0.0,
                                                        "extra_info": {
                                                          "Table": "item",
                                                          "Type": "Sequential Scan",
                                                          "Projections": [
                                                            "i_item_sk",
                                                            "i_color"
                                                          ],
                                                          "Filters": [
                                                            "optional: i_color IN ('dark', 'puff')",
                                                            "i_manager_id>=15 AND i_manager_id<=34"
                                                          ],
                                                          "Estimated Cardinality": "20400"
                                                        },
                                                        "cumulative_cardinality": 0,
                                                        "operator_type": "TABLE_SCAN",
                                                        "operator_cardinality": 36127,
                                                        "cumulative_rows_scanned": 0,
                                                        "operator_rows_scanned": 102000,
                                                        "operator_timing": 0.000605136,
                                                        "children": []
                                                      }
                                                    ]
                                                  }
                                                ]
                                              }
                                            ]
                                          },
                                          {
                                            "total_bytes_written": 0,
                                            "total_bytes_read": 0,
                                            "result_set_size": 3288,
                                            "operator_name": "FILTER",
                                            "cpu_time": 0.0,
                                            "extra_info": {
                                              "Expression": "(((d_qoy = 3) AND (d_year = 1999)) OR (((d_qoy = 1) AND (d_year = 1999)) OR ((d_qoy = 2) AND (d_year = 1999))))",
                                              "Estimated Cardinality": "73049"
                                            },
                                            "cumulative_cardinality": 0,
                                            "operator_type": "FILTER",
                                            "operator_cardinality": 274,
                                            "cumulative_rows_scanned": 0,
                                            "operator_rows_scanned": 0,
                                            "operator_timing": 2.3655000000000003e-05,
                                            "children": [
                                              {
                                                "total_bytes_written": 0,
                                                "total_bytes_read": 0,
                                                "result_set_size": 21924,
                                                "operator_name": "SEQ_SCAN ",
                                                "cpu_time": 0.0,
                                                "extra_info": {
                                                  "Table": "date_dim",
                                                  "Type": "Sequential Scan",
                                                  "Projections": [
                                                    "d_date_sk",
                                                    "d_qoy",
                                                    "d_year"
                                                  ],
                                                  "Filters": "d_date_sk>=2450816 AND d_date_sk<=2452642",
                                                  "Estimated Cardinality": "73049"
                                                },
                                                "cumulative_cardinality": 0,
                                                "operator_type": "TABLE_SCAN",
                                                "operator_cardinality": 1827,
                                                "cumulative_rows_scanned": 0,
                                                "operator_rows_scanned": 73049,
                                                "operator_timing": 9.0448e-05,
                                                "children": []
                                              }
                                            ]
                                          }
                                        ]
                                      }
                                    ]
                                  }
                                ]
                              }
                            ]
                          }
                        ]
                      }
                    ]
                  },
                  {
                    "total_bytes_written": 0,
                    "total_bytes_read": 0,
                    "result_set_size": 0,
                    "operator_name": "ORDER_BY",
                    "cpu_time": 0.0,
                    "extra_info": {
                      "Order By": "ss1.d_year ASC"
                    },
                    "cumulative_cardinality": 0,
                    "operator_type": "ORDER_BY",
                    "operator_cardinality": 0,
                    "cumulative_rows_scanned": 0,
                    "operator_rows_scanned": 0,
                    "operator_timing": 3.91e-07,
                    "children": [
                      {
                        "total_bytes_written": 0,
                        "total_bytes_read": 0,
                        "result_set_size": 0,
                        "operator_name": "PROJECTION",
                        "cpu_time": 0.0,
                        "extra_info": {
                          "Projections": [
                            "ca_county",
                            "d_year",
                            "web_q1_q2_increase",
                            "store_q1_q2_increase",
                            "web_q2_q3_increase",
                            "store_q2_q3_increase"
                          ],
                          "Estimated Cardinality": "23506385642911"
                        },
                        "cumulative_cardinality": 0,
                        "operator_type": "PROJECTION",
                        "operator_cardinality": 0,
                        "cumulative_rows_scanned": 0,
                        "operator_rows_scanned": 0,
                        "operator_timing": 0.0,
                        "children": [
                          {
                            "total_bytes_written": 0,
                            "total_bytes_read": 0,
                            "result_set_size": 0,
                            "operator_name": "PROJECTION",
                            "cpu_time": 0.0,
                            "extra_info": {
                              "Projections": [
                                "ca_county",
                                "d_year",
                                "CAST(web_sales AS DOUBLE)",
                                "web_sales",
                                "CAST(store_sales AS DOUBLE)",
                                "store_sales",
                                "web_sales",
                                "store_sales"
                              ],
                              "Estimated Cardinality": "23506385642911"
                            },
                            "cumulative_cardinality": 0,
                            "operator_type": "PROJECTION",
                            "operator_cardinality": 0,
                            "cumulative_rows_scanned": 0,
                            "operator_rows_scanned": 0,
                            "operator_timing": 0.0,
                            "children": [
                              {
                                "total_bytes_written": 0,
                                "total_bytes_read": 0,
                                "result_set_size": 0,
                                "operator_name": "FILTER",
                                "cpu_time": 0.0,
                                "extra_info": {
                                  "Expression": "((CASE  WHEN ((web_sales > 0.00)) THEN ((CAST(web_sales AS DOUBLE) / CAST(web_sales AS DOUBLE))) ELSE NULL END > CASE  WHEN ((store_sales > 0.00)) THEN ((CAST(store_sales AS DOUBLE) / CAST(store_sales AS DOUBLE))) ELSE NULL END) AND (CASE  WHEN ((web_sales > 0.00)) THEN ((CAST(web_sales AS DOUBLE) / CAST(web_sales AS DOUBLE))) ELSE NULL END > CASE  WHEN ((store_sales > 0.00)) THEN ((CAST(store_sales AS DOUBLE) / CAST(store_sales AS DOUBLE))) ELSE NULL END))",
                                  "Estimated Cardinality": "23506385642911"
                                },
                                "cumulative_cardinality": 0,
                                "operator_type": "FILTER",
                                "operator_cardinality": 0,
                                "cumulative_rows_scanned": 0,
                                "operator_rows_scanned": 0,
                                "operator_timing": 1.43e-07,
                                "children": [
                                  {
                                    "total_bytes_written": 0,
                                    "total_bytes_read": 0,
                                    "result_set_size": 0,
                                    "operator_name": "HASH_JOIN",
                                    "cpu_time": 0.0,
                                    "extra_info": {
                                      "Join Type": "INNER",
                                      "Conditions": [
                                        "ca_county = ca_county",
                                        "ca_county = ca_county",
                                        "ca_county = ca_county"
                                      ],
                                      "Estimated Cardinality": "23506385642911"
                                    },
                                    "cumulative_cardinality": 0,
                                    "operator_type": "HASH_JOIN",
                                    "operator_cardinality": 0,
                                    "cumulative_rows_scanned": 0,
                                    "operator_rows_scanned": 0,
                                    "operator_timing": 1.298e-06,
                                    "children": [
                                      {
                                        "total_bytes_written": 0,
                                        "total_bytes_read": 0,
                                        "result_set_size": 0,
                                        "operator_name": "HASH_JOIN",
                                        "cpu_time": 0.0,
                                        "extra_info": {
                                          "Join Type": "INNER",
                                          "Conditions": [
                                            "ca_county = ca_county",
                                            "ca_county = ca_county"
                                          ],
                                          "Estimated Cardinality": "43394"
                                        },
                                        "cumulative_cardinality": 0,
                                        "operator_type": "HASH_JOIN",
                                        "operator_cardinality": 0,
                                        "cumulative_rows_scanned": 0,
                                        "operator_rows_scanned": 0,
                                        "operator_timing": 1.533e-06,
                                        "children": [
                                          {
                                            "total_bytes_written": 0,
                                            "total_bytes_read": 0,
                                            "result_set_size": 0,
                                            "operator_name": "HASH_JOIN",
                                            "cpu_time": 0.0,
                                            "extra_info": {
                                              "Join Type": "INNER",
                                              "Conditions": "ca_county = ca_county",
                                              "Estimated Cardinality": "15519"
                                            },
                                            "cumulative_cardinality": 0,
                                            "operator_type": "HASH_JOIN",
                                            "operator_cardinality": 0,
                                            "cumulative_rows_scanned": 0,
                                            "operator_rows_scanned": 0,
                                            "operator_timing": 1.355e-06,
                                            "children": [
                                              {
                                                "total_bytes_written": 0,
                                                "total_bytes_read": 0,
                                                "result_set_size": 0,
                                                "operator_name": "PROJECTION",
                                                "cpu_time": 0.0,
                                                "extra_info": {
                                                  "Projections": [
                                                    "#0",
                                                    "#3"
                                                  ],
                                                  "Estimated Cardinality": "11129"
                                                },
                                                "cumulative_cardinality": 0,
                                                "operator_type": "PROJECTION",
                                                "operator_cardinality": 0,
                                                "cumulative_rows_scanned": 0,
                                                "operator_rows_scanned": 0,
                                                "operator_timing": 0.0,
                                                "children": [
                                                  {
                                                    "total_bytes_written": 0,
                                                    "total_bytes_read": 0,
                                                    "result_set_size": 0,
                                                    "operator_name": "FILTER",
                                                    "cpu_time": 0.0,
                                                    "extra_info": {
                                                      "Expression": "((d_qoy = 2) AND (d_year = 1999))",
                                                      "Estimated Cardinality": "11129"
                                                    },
                                                    "cumulative_cardinality": 0,
                                                    "operator_type": "FILTER",
                                                    "operator_cardinality": 0,
                                                    "cumulative_rows_scanned": 0,
                                                    "operator_rows_scanned": 0,
                                                    "operator_timing": 0.0,
                                                    "children": [
                                                      {
                                                        "total_bytes_written": 0,
                                                        "total_bytes_read": 0,
                                                        "result_set_size": 0,
                                                        "operator_name": "CTE_SCAN",
                                                        "cpu_time": 0.0,
                                                        "extra_info": {
                                                          "CTE Index": "0",
                                                          "Estimated Cardinality": "11129"
                                                        },
                                                        "cumulative_cardinality": 0,
                                                        "operator_type": "CTE_SCAN",
                                                        "operator_cardinality": 0,
                                                        "cumulative_rows_scanned": 0,
                                                        "operator_rows_scanned": 0,
                                                        "operator_timing": 3.37e-07,
                                                        "children": []
                                                      }
                                                    ]
                                                  }
                                                ]
                                              },
                                              {
                                                "total_bytes_written": 0,
                                                "total_bytes_read": 0,
                                                "result_set_size": 0,
                                                "operator_name": "PROJECTION",
                                                "cpu_time": 0.0,
                                                "extra_info": {
                                                  "Projections": [
                                                    "#0",
                                                    "#3"
                                                  ],
                                                  "Estimated Cardinality": "2775"
                                                },
                                                "cumulative_cardinality": 0,
                                                "operator_type": "PROJECTION",
                                                "operator_cardinality": 0,
                                                "cumulative_rows_scanned": 0,
                                                "operator_rows_scanned": 0,
                                                "operator_timing": 0.0,
                                                "children": [
                                                  {
                                                    "total_bytes_written": 0,
                                                    "total_bytes_read": 0,
                                                    "result_set_size": 0,
                                                    "operator_name": "FILTER",
                                                    "cpu_time": 0.0,
                                                    "extra_info": {
                                                      "Expression": "((d_qoy = 1) AND (d_year = 1999))",
                                                      "Estimated Cardinality": "2775"
                                                    },
                                                    "cumulative_cardinality": 0,
                                                    "operator_type": "FILTER",
                                                    "operator_cardinality": 0,
                                                    "cumulative_rows_scanned": 0,
                                                    "operator_rows_scanned": 0,
                                                    "operator_timing": 1.4741e-05,
                                                    "children": [
                                                      {
                                                        "total_bytes_written": 0,
                                                        "total_bytes_read": 0,
                                                        "result_set_size": 40,
                                                        "operator_name": "CTE_SCAN",
                                                        "cpu_time": 0.0,
                                                        "extra_info": {
                                                          "CTE Index": "11",
                                                          "Estimated Cardinality": "2775"
                                                        },
                                                        "cumulative_cardinality": 0,
                                                        "operator_type": "CTE_SCAN",
                                                        "operator_cardinality": 1,
                                                        "cumulative_rows_scanned": 0,
                                                        "operator_rows_scanned": 0,
                                                        "operator_timing": 2.6629999999999997e-06,
                                                        "children": []
                                                      }
                                                    ]
                                                  }
                                                ]
                                              }
                                            ]
                                          },
                                          {
                                            "total_bytes_written": 0,
                                            "total_bytes_read": 0,
                                            "result_set_size": 0,
                                            "operator_name": "PROJECTION",
                                            "cpu_time": 0.0,
                                            "extra_info": {
                                              "Projections": [
                                                "#0",
                                                "#2",
                                                "#3"
                                              ],
                                              "Estimated Cardinality": "11129"
                                            },
                                            "cumulative_cardinality": 0,
                                            "operator_type": "PROJECTION",
                                            "operator_cardinality": 0,
                                            "cumulative_rows_scanned": 0,
                                            "operator_rows_scanned": 0,
                                            "operator_timing": 0.0,
                                            "children": [
                                              {
                                                "total_bytes_written": 0,
                                                "total_bytes_read": 0,
                                                "result_set_size": 0,
                                                "operator_name": "FILTER",
                                                "cpu_time": 0.0,
                                                "extra_info": {
                                                  "Expression": "((d_qoy = 1) AND (d_year = 1999))",
                                                  "Estimated Cardinality": "11129"
                                                },
                                                "cumulative_cardinality": 0,
                                                "operator_type": "FILTER",
                                                "operator_cardinality": 0,
                                                "cumulative_rows_scanned": 0,
                                                "operator_rows_scanned": 0,
                                                "operator_timing": 1.55e-07,
                                                "children": [
                                                  {
                                                    "total_bytes_written": 0,
                                                    "total_bytes_read": 0,
                                                    "result_set_size": 0,
                                                    "operator_name": "CTE_SCAN",
                                                    "cpu_time": 0.0,
                                                    "extra_info": {
                                                      "CTE Index": "0",
                                                      "Estimated Cardinality": "11129"
                                                    },
                                                    "cumulative_cardinality": 0,
                                                    "operator_type": "CTE_SCAN",
                                                    "operator_cardinality": 0,
                                                    "cumulative_rows_scanned": 0,
                                                    "operator_rows_scanned": 0,
                                                    "operator_timing": 6.14e-07,
                                                    "children": []
                                                  }
                                                ]
                                              }
                                            ]
                                          }
                                        ]
                                      },
                                      {
                                        "total_bytes_written": 0,
                                        "total_bytes_read": 0,
                                        "result_set_size": 0,
                                        "operator_name": "HASH_JOIN",
                                        "cpu_time": 0.0,
                                        "extra_info": {
                                          "Join Type": "INNER",
                                          "Conditions": [
                                            "ca_county = ca_county",
                                            "ca_county = ca_county"
                                          ],
                                          "Estimated Cardinality": "10820"
                                        },
                                        "cumulative_cardinality": 0,
                                        "operator_type": "HASH_JOIN",
                                        "operator_cardinality": 0,
                                        "cumulative_rows_scanned": 0,
                                        "operator_rows_scanned": 0,
                                        "operator_timing": 1.023e-06,
                                        "children": [
                                          {
                                            "total_bytes_written": 0,
                                            "total_bytes_read": 0,
                                            "result_set_size": 0,
                                            "operator_name": "PROJECTION",
                                            "cpu_time": 0.0,
                                            "extra_info": {
                                              "Projections": [
                                                "#0",
                                                "#3"
                                              ],
                                              "Estimated Cardinality": "11129"
                                            },
                                            "cumulative_cardinality": 0,
                                            "operator_type": "PROJECTION",
                                            "operator_cardinality": 0,
                                            "cumulative_rows_scanned": 0,
                                            "operator_rows_scanned": 0,
                                            "operator_timing": 0.0,
                                            "children": [
                                              {
                                                "total_bytes_written": 0,
                                                "total_bytes_read": 0,
                                                "result_set_size": 0,
                                                "operator_name": "FILTER",
                                                "cpu_time": 0.0,
                                                "extra_info": {
                                                  "Expression": "((d_qoy = 3) AND (d_year = 1999))",
                                                  "Estimated Cardinality": "11129"
                                                },
                                                "cumulative_cardinality": 0,
                                                "operator_type": "FILTER",
                                                "operator_cardinality": 0,
                                                "cumulative_rows_scanned": 0,
                                                "operator_rows_scanned": 0,
                                                "operator_timing": 0.0,
                                                "children": [
                                                  {
                                                    "total_bytes_written": 0,
                                                    "total_bytes_read": 0,
                                                    "result_set_size": 0,
                                                    "operator_name": "CTE_SCAN",
                                                    "cpu_time": 0.0,
                                                    "extra_info": {
                                                      "CTE Index": "0",
                                                      "Estimated Cardinality": "11129"
                                                    },
                                                    "cumulative_cardinality": 0,
                                                    "operator_type": "CTE_SCAN",
                                                    "operator_cardinality": 0,
                                                    "cumulative_rows_scanned": 0,
                                                    "operator_rows_scanned": 0,
                                                    "operator_timing": 3.74e-07,
                                                    "children": []
                                                  }
                                                ]
                                              }
                                            ]
                                          },
                                          {
                                            "total_bytes_written": 0,
                                            "total_bytes_read": 0,
                                            "result_set_size": 0,
                                            "operator_name": "HASH_JOIN",
                                            "cpu_time": 0.0,
                                            "extra_info": {
                                              "Join Type": "INNER",
                                              "Conditions": "ca_county = ca_county",
                                              "Estimated Cardinality": "3869"
                                            },
                                            "cumulative_cardinality": 0,
                                            "operator_type": "HASH_JOIN",
                                            "operator_cardinality": 0,
                                            "cumulative_rows_scanned": 0,
                                            "operator_rows_scanned": 0,
                                            "operator_timing": 1.359e-06,
                                            "children": [
                                              {
                                                "total_bytes_written": 0,
                                                "total_bytes_read": 0,
                                                "result_set_size": 0,
                                                "operator_name": "PROJECTION",
                                                "cpu_time": 0.0,
                                                "extra_info": {
                                                  "Projections": [
                                                    "#0",
                                                    "#3"
                                                  ],
                                                  "Estimated Cardinality": "2775"
                                                },
                                                "cumulative_cardinality": 0,
                                                "operator_type": "PROJECTION",
                                                "operator_cardinality": 0,
                                                "cumulative_rows_scanned": 0,
                                                "operator_rows_scanned": 0,
                                                "operator_timing": 0.0,
                                                "children": [
                                                  {
                                                    "total_bytes_written": 0,
                                                    "total_bytes_read": 0,
                                                    "result_set_size": 0,
                                                    "operator_name": "FILTER",
                                                    "cpu_time": 0.0,
                                                    "extra_info": {
                                                      "Expression": "((d_qoy = 2) AND (d_year = 1999))",
                                                      "Estimated Cardinality": "2775"
                                                    },
                                                    "cumulative_cardinality": 0,
                                                    "operator_type": "FILTER",
                                                    "operator_cardinality": 0,
                                                    "cumulative_rows_scanned": 0,
                                                    "operator_rows_scanned": 0,
                                                    "operator_timing": 4.84e-06,
                                                    "children": [
                                                      {
                                                        "total_bytes_written": 0,
                                                        "total_bytes_read": 0,
                                                        "result_set_size": 40,
                                                        "operator_name": "CTE_SCAN",
                                                        "cpu_time": 0.0,
                                                        "extra_info": {
                                                          "CTE Index": "11",
                                                          "Estimated Cardinality": "2775"
                                                        },
                                                        "cumulative_cardinality": 0,
                                                        "operator_type": "CTE_SCAN",
                                                        "operator_cardinality": 1,
                                                        "cumulative_rows_scanned": 0,
                                                        "operator_rows_scanned": 0,
                                                        "operator_timing": 2.016e-06,
                                                        "children": []
                                                      }
                                                    ]
                                                  }
                                                ]
                                              },
                                              {
                                                "total_bytes_written": 0,
                                                "total_bytes_read": 0,
                                                "result_set_size": 0,
                                                "operator_name": "PROJECTION",
                                                "cpu_time": 0.0,
                                                "extra_info": {
                                                  "Projections": [
                                                    "#0",
                                                    "#3"
                                                  ],
                                                  "Estimated Cardinality": "2775"
                                                },
                                                "cumulative_cardinality": 0,
                                                "operator_type": "PROJECTION",
                                                "operator_cardinality": 0,
                                                "cumulative_rows_scanned": 0,
                                                "operator_rows_scanned": 0,
                                                "operator_timing": 0.0,
                                                "children": [
                                                  {
                                                    "total_bytes_written": 0,
                                                    "total_bytes_read": 0,
                                                    "result_set_size": 0,
                                                    "operator_name": "FILTER",
                                                    "cpu_time": 0.0,
                                                    "extra_info": {
                                                      "Expression": "((d_qoy = 3) AND (d_year = 1999))",
                                                      "Estimated Cardinality": "2775"
                                                    },
                                                    "cumulative_cardinality": 0,
                                                    "operator_type": "FILTER",
                                                    "operator_cardinality": 0,
                                                    "cumulative_rows_scanned": 0,
                                                    "operator_rows_scanned": 0,
                                                    "operator_timing": 1.3338e-05,
                                                    "children": [
                                                      {
                                                        "total_bytes_written": 0,
                                                        "total_bytes_read": 0,
                                                        "result_set_size": 40,
                                                        "operator_name": "CTE_SCAN",
                                                        "cpu_time": 0.0,
                                                        "extra_info": {
                                                          "CTE Index": "11",
                                                          "Estimated Cardinality": "2775"
                                                        },
                                                        "cumulative_cardinality": 0,
                                                        "operator_type": "CTE_SCAN",
                                                        "operator_cardinality": 1,
                                                        "cumulative_rows_scanned": 0,
                                                        "operator_rows_scanned": 0,
                                                        "operator_timing": 2.222e-06,
                                                        "children": []
                                                      }
                                                    ]
                                                  }
                                                ]
                                              }
                                            ]
                                          }
                                        ]
                                      }
                                    ]
                                  }
                                ]
                              }
                            ]
                          }
                        ]
                      }
                    ]
                  }
                ]
              }
            ]
          }
        ]
      }
    ]
  },
  "actual_rows": 0
}