{
  "execution_time_ms": 15.5,
  "plan_text": "\u250c\u2500\u2500\u2500\u2500\u2500\u2500\u2500\u2500\u2500\u2500\u2500\u2500\u2500\u2500\u2500\u2500\u2500\u2500\u2500\u2500\u2500\u2500\u2500\u2500\u2500\u2500\u2500\u2500\u2500\u2500\u2500\u2500\u2500\u2500\u2500\u2500\u2500\u2510\n\u2502\u250c\u2500\u2500\u2500\u2500\u2500\u2500\u2500\u2500\u2500\u2500\u2500\u2500\u2500\u2500\u2500\u2500\u2500\u2500\u2500\u2500\u2500\u2500\u2500\u2500\u2500\u2500\u2500\u2500\u2500\u2500\u2500\u2500\u2500\u2500\u2500\u2510\u2502\n\u2502\u2502    Query Profiling Information    \u2502\u2502\n\u2502\u2514\u2500\u2500\u2500\u2500\u2500\u2500\u2500\u2500\u2500\u2500\u2500\u2500\u2500\u2500\u2500\u2500\u2500\u2500\u2500\u2500\u2500\u2500\u2500\u2500\u2500\u2500\u2500\u2500\u2500\u2500\u2500\u2500\u2500\u2500\u2500\u2518\u2502\n\u2514\u2500\u2500\u2500\u2500\u2500\u2500\u2500\u2500\u2500\u2500\u2500\u2500\u2500\u2500\u2500\u2500\u2500\u2500\u2500\u2500\u2500\u2500\u2500\u2500\u2500\u2500\u2500\u2500\u2500\u2500\u2500\u2500\u2500\u2500\u2500\u2500\u2500\u2518\nEXPLAIN ANALYZE with my_customers as (  select distinct c_customer_sk         , c_current_addr_sk  from         ( select cs_sold_date_sk sold_date_sk,                  cs_bill_customer_sk customer_sk,                  cs_item_sk item_sk,                  cs_wholesale_cost wholesale_cost           from   catalog_sales           union all           select ws_sold_date_sk sold_date_sk,                  ws_bill_customer_sk customer_sk,                  ws_item_sk item_sk,                  ws_wholesale_cost wholesale_cost           from   web_sales          ) cs_or_ws_sales,          item,          date_dim,          customer  where   sold_date_sk = d_date_sk          and item_sk = i_item_sk          and i_category = 'Home'          and i_class = 'curtains/drapes'          and c_customer_sk = cs_or_ws_sales.customer_sk          and d_moy = 5          and d_year = 1998          and wholesale_cost BETWEEN 70 AND 100          and c_birth_year BETWEEN 1942 AND 1955  )  , my_revenue as (  select c_customer_sk,         sum(ss_ext_sales_price) as revenue  from   my_customers,         store_sales,         customer_address,         store,         date_dim  where  c_current_addr_sk = ca_address_sk         and ca_county = s_county         and ca_state = s_state         and ss_sold_date_sk = d_date_sk         and c_customer_sk = ss_customer_sk         and ss_wholesale_cost BETWEEN 70 AND 100         and s_state in ('AR','GA','IN'                     ,'KS','KY','NC'                     ,'OH','PA','SD'                     ,'VA')         and d_month_seq between (select distinct d_month_seq+1                                  from   date_dim where d_year = 1998 and d_moy = 5)                            and  (select distinct d_month_seq+3                                  from   date_dim where d_year = 1998 and d_moy = 5)  group by c_customer_sk  )  , segments as  (select cast((revenue/50) as int) as segment   from   my_revenue  )   select  segment, count(*) as num_customers, segment*50 as segment_base  from segments  group by segment  order by segment, num_customers  limit 100\n\u250c\u2500\u2500\u2500\u2500\u2500\u2500\u2500\u2500\u2500\u2500\u2500\u2500\u2500\u2500\u2500\u2500\u2500\u2500\u2500\u2500\u2500\u2500\u2500\u2500\u2500\u2500\u2500\u2500\u2500\u2500\u2500\u2500\u2500\u2500\u2500\u2500\u2500\u2500\u2500\u2500\u2500\u2500\u2500\u2500\u2500\u2500\u2500\u2500\u2510\n\u2502\u250c\u2500\u2500\u2500\u2500\u2500\u2500\u2500\u2500\u2500\u2500\u2500\u2500\u2500\u2500\u2500\u2500\u2500\u2500\u2500\u2500\u2500\u2500\u2500\u2500\u2500\u2500\u2500\u2500\u2500\u2500\u2500\u2500\u2500\u2500\u2500\u2500\u2500\u2500\u2500\u2500\u2500\u2500\u2500\u2500\u2500\u2500\u2510\u2502\n\u2502\u2502              Total Time: 0.0164s             \u2502\u2502\n\u2502\u2514\u2500\u2500\u2500\u2500\u2500\u2500\u2500\u2500\u2500\u2500\u2500\u2500\u2500\u2500\u2500\u2500\u2500\u2500\u2500\u2500\u2500\u2500\u2500\u2500\u2500\u2500\u2500\u2500\u2500\u2500\u2500\u2500\u2500\u2500\u2500\u2500\u2500\u2500\u2500\u2500\u2500\u2500\u2500\u2500\u2500\u2500\u2518\u2502\n\u2514\u2500\u2500\u2500\u2500\u2500\u2500\u2500\u2500\u2500\u2500\u2500\u2500\u2500\u2500\u2500\u2500\u2500\u2500\u2500\u2500\u2500\u2500\u2500\u2500\u2500\u2500\u2500\u2500\u2500\u2500\u2500\u2500\u2500\u2500\u2500\u2500\u2500\u2500\u2500\u2500\u2500\u2500\u2500\u2500\u2500\u2500\u2500\u2500\u2518\n\u250c\u2500\u2500\u2500\u2500\u2500\u2500\u2500\u2500\u2500\u2500\u2500\u2500\u2500\u2500\u2500\u2500\u2500\u2510\n\u2502      QUERY      \u2502\n\u2514\u2500\u2500\u2500\u2500\u2500\u2500\u2500\u2500\u252c\u2500\u2500\u2500\u2500\u2500\u2500\u2500\u2500\u2518\n\u250c\u2500\u2500\u2500\u2500\u2500\u2500\u2500\u2500\u2534\u2500\u2500\u2500\u2500\u2500\u2500\u2500\u2500\u2510\n\u2502 EXPLAIN_ANALYZE \u2502\n\u2502    \u2500\u2500\u2500\u2500\u2500\u2500\u2500\u2500\u2500\u2500   \u2502\n\u2502      0 rows     \u2502\n\u2502     (0.00s)     \u2502\n\u2514\u2500\u2500\u2500\u2500\u2500\u2500\u2500\u2500\u252c\u2500\u2500\u2500\u2500\u2500\u2500\u2500\u2500\u2518\n\u250c\u2500\u2500\u2500\u2500\u2500\u2500\u2500\u2500\u2534\u2500\u2500\u2500\u2500\u2500\u2500\u2500\u2500\u2510\n\u2502      TOP_N      \u2502\n\u2502    \u2500\u2500\u2500\u2500\u2500\u2500\u2500\u2500\u2500\u2500   \u2502\n\u2502     Top: 100    \u2502\n\u2502                 \u2502\n\u2502    Order By:    \u2502\n\u2502 segments.segment\u2502\n\u2502        ASC      \u2502\n\u2502 count_star() ASC\u2502\n\u2502                 \u2502\n\u2502      0 rows     \u2502\n\u2502     (0.00s)     \u2502\n\u2514\u2500\u2500\u2500\u2500\u2500\u2500\u2500\u2500\u252c\u2500\u2500\u2500\u2500\u2500\u2500\u2500\u2500\u2518\n\u250c\u2500\u2500\u2500\u2500\u2500\u2500\u2500\u2500\u2534\u2500\u2500\u2500\u2500\u2500\u2500\u2500\u2500\u2510\n\u2502    PROJECTION   \u2502\n\u2502    \u2500\u2500\u2500\u2500\u2500\u2500\u2500\u2500\u2500\u2500   \u2502\n\u2502     segment     \u2502\n\u2502  num_customers  \u2502\n\u2502   segment_base  \u2502\n\u2502                 \u2502\n\u2502      0 rows     \u2502\n\u2502     (0.00s)     \u2502\n\u2514\u2500\u2500\u2500\u2500\u2500\u2500\u2500\u2500\u252c\u2500\u2500\u2500\u2500\u2500\u2500\u2500\u2500\u2518\n\u250c\u2500\u2500\u2500\u2500\u2500\u2500\u2500\u2500\u2534\u2500\u2500\u2500\u2500\u2500\u2500\u2500\u2500\u2510\n\u2502  HASH_GROUP_BY  \u2502\n\u2502    \u2500\u2500\u2500\u2500\u2500\u2500\u2500\u2500\u2500\u2500   \u2502\n\u2502    Groups: #0   \u2502\n\u2502                 \u2502\n\u2502   Aggregates:   \u2502\n\u2502   count_star()  \u2502\n\u2502                 \u2502\n\u2502      0 rows     \u2502\n\u2502     (0.00s)     \u2502\n\u2514\u2500\u2500\u2500\u2500\u2500\u2500\u2500\u2500\u252c\u2500\u2500\u2500\u2500\u2500\u2500\u2500\u2500\u2518\n\u250c\u2500\u2500\u2500\u2500\u2500\u2500\u2500\u2500\u2534\u2500\u2500\u2500\u2500\u2500\u2500\u2500\u2500\u2510\n\u2502    PROJECTION   \u2502\n\u2502    \u2500\u2500\u2500\u2500\u2500\u2500\u2500\u2500\u2500\u2500   \u2502\n\u2502     segment     \u2502\n\u2502                 \u2502\n\u2502      0 rows     \u2502\n\u2502     (0.00s)     \u2502\n\u2514\u2500\u2500\u2500\u2500\u2500\u2500\u2500\u2500\u252c\u2500\u2500\u2500\u2500\u2500\u2500\u2500\u2500\u2518\n\u250c\u2500\u2500\u2500\u2500\u2500\u2500\u2500\u2500\u2534\u2500\u2500\u2500\u2500\u2500\u2500\u2500\u2500\u2510\n\u2502    PROJECTION   \u2502\n\u2502    \u2500\u2500\u2500\u2500\u2500\u2500\u2500\u2500\u2500\u2500   \u2502\n\u2502     segment     \u2502\n\u2502                 \u2502\n\u2502      0 rows     \u2502\n\u2502     (0.00s)     \u2502\n\u2514\u2500\u2500\u2500\u2500\u2500\u2500\u2500\u2500\u252c\u2500\u2500\u2500\u2500\u2500\u2500\u2500\u2500\u2518\n\u250c\u2500\u2500\u2500\u2500\u2500\u2500\u2500\u2500\u2534\u2500\u2500\u2500\u2500\u2500\u2500\u2500\u2500\u2510\n\u2502    PROJECTION   \u2502\n\u2502    \u2500\u2500\u2500\u2500\u2500\u2500\u2500\u2500\u2500\u2500   \u2502\n\u2502     revenue     \u2502\n\u2502                 \u2502\n\u2502      0 rows     \u2502\n\u2502     (0.00s)     \u2502\n\u2514\u2500\u2500\u2500\u2500\u2500\u2500\u2500\u2500\u252c\u2500\u2500\u2500\u2500\u2500\u2500\u2500\u2500\u2518\n\u250c\u2500\u2500\u2500\u2500\u2500\u2500\u2500\u2500\u2534\u2500\u2500\u2500\u2500\u2500\u2500\u2500\u2500\u2510\n\u2502  HASH_GROUP_BY  \u2502\n\u2502    \u2500\u2500\u2500\u2500\u2500\u2500\u2500\u2500\u2500\u2500   \u2502\n\u2502    Groups: #0   \u2502\n\u2502                 \u2502\n\u2502   Aggregates:   \u2502\n\u2502     sum(#1)     \u2502\n\u2502                 \u2502\n\u2502      0 rows     \u2502\n\u2502     (0.00s)     \u2502\n\u2514\u2500\u2500\u2500\u2500\u2500\u2500\u2500\u2500\u252c\u2500\u2500\u2500\u2500\u2500\u2500\u2500\u2500\u2518\n\u250c\u2500\u2500\u2500\u2500\u2500\u2500\u2500\u2500\u2534\u2500\u2500\u2500\u2500\u2500\u2500\u2500\u2500\u2510\n\u2502    PROJECTION   \u2502\n\u2502    \u2500\u2500\u2500\u2500\u2500\u2500\u2500\u2500\u2500\u2500   \u2502\n\u2502  c_customer_sk  \u2502\n\u2502ss_ext_sales_pric\u2502\n\u2502        e        \u2502\n\u2502                 \u2502\n\u2502      0 rows     \u2502\n\u2502     (0.00s)     \u2502\n\u2514\u2500\u2500\u2500\u2500\u2500\u2500\u2500\u2500\u252c\u2500\u2500\u2500\u2500\u2500\u2500\u2500\u2500\u2518\n\u250c\u2500\u2500\u2500\u2500\u2500\u2500\u2500\u2500\u2534\u2500\u2500\u2500\u2500\u2500\u2500\u2500\u2500\u2510\n\u2502    PROJECTION   \u2502\n\u2502    \u2500\u2500\u2500\u2500\u2500\u2500\u2500\u2500\u2500\u2500   \u2502\n\u2502        #0       \u2502\n\u2502__internal_compre\u2502\n\u2502ss_integral_usmal\u2502\n\u2502lint(#1, 2450816)\u2502\n\u2502__internal_compre\u2502\n\u2502ss_integral_usmal\u2502\n\u2502   lint(#2, 0)   \u2502\n\u2502__internal_compre\u2502\n\u2502ss_integral_usmal\u2502\n\u2502lint(#3, 2450816)\u2502\n\u2502        #4       \u2502\n\u2502        #5       \u2502\n\u2502        #6       \u2502\n\u2502        #7       \u2502\n\u2502__internal_compre\u2502\n\u2502ss_string_uintege\u2502\n\u2502      r(#8)      \u2502\n\u2502        #9       \u2502\n\u2502       #10       \u2502\n\u2502       #11       \u2502\n\u2502__internal_compre\u2502\n\u2502ss_string_uintege\u2502\n\u2502      r(#12)     \u2502\n\u2502       #13       \u2502\n\u2502                 \u2502\n\u2502      0 rows     \u2502\n\u2502     (0.00s)     \u2502\n\u2514\u2500\u2500\u2500\u2500\u2500\u2500\u2500\u2500\u252c\u2500\u2500\u2500\u2500\u2500\u2500\u2500\u2500\u2518\n\u250c\u2500\u2500\u2500\u2500\u2500\u2500\u2500\u2500\u2534\u2500\u2500\u2500\u2500\u2500\u2500\u2500\u2500\u2510\n\u2502 NESTED_LOOP_JOIN\u2502\n\u2502    \u2500\u2500\u2500\u2500\u2500\u2500\u2500\u2500\u2500\u2500   \u2502\n\u2502    Join Type:   \u2502\n\u2502      INNER      \u2502\n\u2502                 \u2502\n\u2502   Conditions:   \u251c\u2500\u2500\u2500\u2500\u2500\u2500\u2500\u2500\u2500\u2510\n\u2502   SUBQUERY >=   \u2502         \u2502\n\u2502    d_month_seq  \u2502         \u2502\n\u2502                 \u2502         \u2502\n\u2502      0 rows     \u2502         \u2502\n\u2502     (0.00s)     \u2502         \u2502\n\u2514\u2500\u2500\u2500\u2500\u2500\u2500\u2500\u2500\u252c\u2500\u2500\u2500\u2500\u2500\u2500\u2500\u2500\u2518         \u2502\n\u250c\u2500\u2500\u2500\u2500\u2500\u2500\u2500\u2500\u2534\u2500\u2500\u2500\u2500\u2500\u2500\u2500\u2500\u2510\u250c\u2500\u2500\u2500\u2500\u2500\u2500\u2500\u2500\u2534\u2500\u2500\u2500\u2500\u2500\u2500\u2500\u2500\u2510\n\u2502    PROJECTION   \u2502\u2502 NESTED_LOOP_JOIN\u2502\n\u2502    \u2500\u2500\u2500\u2500\u2500\u2500\u2500\u2500\u2500\u2500   \u2502\u2502    \u2500\u2500\u2500\u2500\u2500\u2500\u2500\u2500\u2500\u2500   \u2502\n\u2502 CASE  WHEN ((#1 \u2502\u2502    Join Type:   \u2502\n\u2502   > 1)) THEN (  \u2502\u2502      INNER      \u2502\n\u2502  \"error\"('More  \u2502\u2502                 \u2502\n\u2502   than one row  \u2502\u2502   Conditions:   \u2502\n\u2502   returned by a \u2502\u2502  d_month_seq >= \u2502\n\u2502   subquery used \u2502\u2502     SUBQUERY    \u2502\n\u2502 as an expression\u2502\u2502                 \u2502\n\u2502     - scalar    \u2502\u2502                 \u2502\n\u2502  subqueries can \u2502\u2502                 \u2502\n\u2502   only return a \u2502\u2502                 \u2502\n\u2502    single row.  \u2502\u2502                 \u2502\n\u2502     Use \"SET    \u2502\u2502                 \u251c\u2500\u2500\u2500\u2500\u2500\u2500\u2500\u2500\u2500\u2500\u2500\u2500\u2500\u2500\u2500\u2500\u2500\u2500\u2500\u2500\u2500\u2500\u2500\u2500\u2500\u2500\u2500\u2500\u2500\u2500\u2500\u2500\u2500\u2500\u2500\u2500\u2500\u2500\u2500\u2500\u2500\u2500\u2500\u2500\u2500\u2500\u2500\u2500\u2500\u2500\u2500\u2500\u2500\u2500\u2500\u2500\u2500\u2500\u2500\u2500\u2500\u2500\u2500\u2500\u2500\u2500\u2500\u2500\u2500\u2500\u2500\u2500\u2500\u2500\u2500\u2500\u2500\u2500\u2500\u2500\u2500\u2500\u2500\u2500\u2500\u2500\u2500\u2500\u2500\u2500\u2500\u2500\u2500\u2500\u2500\u2500\u2500\u2500\u2500\u2500\u2500\u2500\u2500\u2500\u2500\u2500\u2500\u2500\u2500\u2500\u2500\u2500\u2500\u2500\u2500\u2500\u2500\u2500\u2500\u2500\u2500\u2500\u2500\u2500\u2500\u2500\u2500\u2500\u2500\u2500\u2500\u2500\u2500\u2500\u2500\u2500\u2500\u2500\u2500\u2500\u2500\u2500\u2500\u2500\u2500\u2500\u2500\u2500\u2500\u2500\u2500\u2500\u2500\u2500\u2500\u2500\u2500\u2500\u2500\u2500\u2500\u2500\u2500\u2500\u2500\u2500\u2500\u2500\u2500\u2500\u2500\u2500\u2500\u2500\u2500\u2500\u2500\u2500\u2500\u2500\u2510\n\u2502 scalar_subquery_\u2502\u2502                 \u2502                                                                                                                                                                                    \u2502\n\u2502error_on_multiple\u2502\u2502                 \u2502                                                                                                                                                                                    \u2502\n\u2502 _rows=false\" to \u2502\u2502                 \u2502                                                                                                                                                                                    \u2502\n\u2502     revert to   \u2502\u2502                 \u2502                                                                                                                                                                                    \u2502\n\u2502     previous    \u2502\u2502                 \u2502                                                                                                                                                                                    \u2502\n\u2502    behavior of  \u2502\u2502                 \u2502                                                                                                                                                                                    \u2502\n\u2502    returning a  \u2502\u2502                 \u2502                                                                                                                                                                                    \u2502\n\u2502  random row.')) \u2502\u2502                 \u2502                                                                                                                                                                                    \u2502\n\u2502    ELSE #0 END  \u2502\u2502                 \u2502                                                                                                                                                                                    \u2502\n\u2502                 \u2502\u2502                 \u2502                                                                                                                                                                                    \u2502\n\u2502      1 row      \u2502\u2502      0 rows     \u2502                                                                                                                                                                                    \u2502\n\u2502     (0.00s)     \u2502\u2502     (0.00s)     \u2502                                                                                                                                                                                    \u2502\n\u2514\u2500\u2500\u2500\u2500\u2500\u2500\u2500\u2500\u252c\u2500\u2500\u2500\u2500\u2500\u2500\u2500\u2500\u2518\u2514\u2500\u2500\u2500\u2500\u2500\u2500\u2500\u2500\u252c\u2500\u2500\u2500\u2500\u2500\u2500\u2500\u2500\u2518                                                                                                                                                                                    \u2502\n\u250c\u2500\u2500\u2500\u2500\u2500\u2500\u2500\u2500\u2534\u2500\u2500\u2500\u2500\u2500\u2500\u2500\u2500\u2510\u250c\u2500\u2500\u2500\u2500\u2500\u2500\u2500\u2500\u2534\u2500\u2500\u2500\u2500\u2500\u2500\u2500\u2500\u2510                                                                                                                                                                           \u250c\u2500\u2500\u2500\u2500\u2500\u2500\u2500\u2500\u2534\u2500\u2500\u2500\u2500\u2500\u2500\u2500\u2500\u2510\n\u2502UNGROUPED_AG...  \u2502\u2502    HASH_JOIN    \u2502                                                                                                                                                                           \u2502    PROJECTION   \u2502\n\u2502    \u2500\u2500\u2500\u2500\u2500\u2500\u2500\u2500\u2500\u2500   \u2502\u2502    \u2500\u2500\u2500\u2500\u2500\u2500\u2500\u2500\u2500\u2500   \u2502                                                                                                                                                                           \u2502    \u2500\u2500\u2500\u2500\u2500\u2500\u2500\u2500\u2500\u2500   \u2502\n\u2502   Aggregates:   \u2502\u2502    Join Type:   \u2502                                                                                                                                                                           \u2502 CASE  WHEN ((#1 \u2502\n\u2502   \"first\"(#0)   \u2502\u2502      INNER      \u2502                                                                                                                                                                           \u2502   > 1)) THEN (  \u2502\n\u2502   count_star()  \u2502\u2502                 \u2502                                                                                                                                                                           \u2502  \"error\"('More  \u2502\n\u2502                 \u2502\u2502   Conditions:   \u2502                                                                                                                                                                           \u2502   than one row  \u2502\n\u2502                 \u2502\u2502   d_date_sk =   \u2502                                                                                                                                                                           \u2502   returned by a \u2502\n\u2502                 \u2502\u2502  ss_sold_date_sk\u2502                                                                                                                                                                           \u2502   subquery used \u2502\n\u2502                 \u2502\u2502                 \u2502                                                                                                                                                                           \u2502 as an expression\u2502\n\u2502                 \u2502\u2502                 \u2502                                                                                                                                                                           \u2502     - scalar    \u2502\n\u2502                 \u2502\u2502                 \u2502                                                                                                                                                                           \u2502  subqueries can \u2502\n\u2502                 \u2502\u2502                 \u2502                                                                                                                                                                           \u2502   only return a \u2502\n\u2502                 \u2502\u2502                 \u2502                                                                                                                                                                           \u2502    single row.  \u2502\n\u2502                 \u2502\u2502                 \u251c\u2500\u2500\u2500\u2500\u2500\u2500\u2500\u2500\u2500\u2510                                                                                                                                                                 \u2502     Use \"SET    \u2502\n\u2502                 \u2502\u2502                 \u2502         \u2502                                                                                                                                                                 \u2502 scalar_subquery_\u2502\n\u2502                 \u2502\u2502                 \u2502         \u2502                                                                                                                                                                 \u2502error_on_multiple\u2502\n\u2502                 \u2502\u2502                 \u2502         \u2502                                                                                                                                                                 \u2502 _rows=false\" to \u2502\n\u2502                 \u2502\u2502                 \u2502         \u2502                                                                                                                                                                 \u2502     revert to   \u2502\n\u2502                 \u2502\u2502                 \u2502         \u2502                                                                                                                                                                 \u2502     previous    \u2502\n\u2502                 \u2502\u2502                 \u2502         \u2502                                                                                                                                                                 \u2502    behavior of  \u2502\n\u2502                 \u2502\u2502                 \u2502         \u2502                                                                                                                                                                 \u2502    returning a  \u2502\n\u2502                 \u2502\u2502                 \u2502         \u2502                                                                                                                                                                 \u2502  random row.')) \u2502\n\u2502                 \u2502\u2502                 \u2502         \u2502                                                                                                                                                                 \u2502    ELSE #0 END  \u2502\n\u2502                 \u2502\u2502                 \u2502         \u2502                                                                                                                                                                 \u2502                 \u2502\n\u2502      1 row      \u2502\u2502      0 rows     \u2502         \u2502                                                                                                                                                                 \u2502      1 row      \u2502\n\u2502     (0.00s)     \u2502\u2502     (0.00s)     \u2502         \u2502                                                                                                                                                                 \u2502     (0.00s)     \u2502\n\u2514\u2500\u2500\u2500\u2500\u2500\u2500\u2500\u2500\u252c\u2500\u2500\u2500\u2500\u2500\u2500\u2500\u2500\u2518\u2514\u2500\u2500\u2500\u2500\u2500\u2500\u2500\u2500\u252c\u2500\u2500\u2500\u2500\u2500\u2500\u2500\u2500\u2518         \u2502                                                                                                                                                                 \u2514\u2500\u2500\u2500\u2500\u2500\u2500\u2500\u2500\u252c\u2500\u2500\u2500\u2500\u2500\u2500\u2500\u2500\u2518\n\u250c\u2500\u2500\u2500\u2500\u2500\u2500\u2500\u2500\u2534\u2500\u2500\u2500\u2500\u2500\u2500\u2500\u2500\u2510\u250c\u2500\u2500\u2500\u2500\u2500\u2500\u2500\u2500\u2534\u2500\u2500\u2500\u2500\u2500\u2500\u2500\u2500\u2510\u250c\u2500\u2500\u2500\u2500\u2500\u2500\u2500\u2500\u2534\u2500\u2500\u2500\u2500\u2500\u2500\u2500\u2500\u2510                                                                                                                                                        \u250c\u2500\u2500\u2500\u2500\u2500\u2500\u2500\u2500\u2534\u2500\u2500\u2500\u2500\u2500\u2500\u2500\u2500\u2510\n\u2502    PROJECTION   \u2502\u2502    TABLE_SCAN   \u2502\u2502    HASH_JOIN    \u2502                                                                                                                                                        \u2502UNGROUPED_AG...  \u2502\n\u2502    \u2500\u2500\u2500\u2500\u2500\u2500\u2500\u2500\u2500\u2500   \u2502\u2502    \u2500\u2500\u2500\u2500\u2500\u2500\u2500\u2500\u2500\u2500   \u2502\u2502    \u2500\u2500\u2500\u2500\u2500\u2500\u2500\u2500\u2500\u2500   \u2502                                                                                                                                                        \u2502    \u2500\u2500\u2500\u2500\u2500\u2500\u2500\u2500\u2500\u2500   \u2502\n\u2502        #0       \u2502\u2502      Table:     \u2502\u2502    Join Type:   \u2502                                                                                                                                                        \u2502   Aggregates:   \u2502\n\u2502                 \u2502\u2502     date_dim    \u2502\u2502      INNER      \u2502                                                                                                                                                        \u2502   \"first\"(#0)   \u2502\n\u2502                 \u2502\u2502                 \u2502\u2502                 \u2502                                                                                                                                                        \u2502   count_star()  \u2502\n\u2502                 \u2502\u2502      Type:      \u2502\u2502   Conditions:   \u2502                                                                                                                                                        \u2502                 \u2502\n\u2502                 \u2502\u2502 Sequential Scan \u2502\u2502 ss_customer_sk =\u2502                                                                                                                                                        \u2502                 \u2502\n\u2502                 \u2502\u2502                 \u2502\u2502   c_customer_sk \u2502                                                                                                                                                        \u2502                 \u2502\n\u2502                 \u2502\u2502   Projections:  \u2502\u2502                 \u2502                                                                                                                                                        \u2502                 \u2502\n\u2502                 \u2502\u2502    d_date_sk    \u2502\u2502                 \u2502                                                                                                                                                        \u2502                 \u2502\n\u2502                 \u2502\u2502   d_month_seq   \u2502\u2502                 \u251c\u2500\u2500\u2500\u2500\u2500\u2500\u2500\u2500\u2500\u2510                                                                                                                                              \u2502                 \u2502\n\u2502                 \u2502\u2502                 \u2502\u2502                 \u2502         \u2502                                                                                                                                              \u2502                 \u2502\n\u2502                 \u2502\u2502     Filters:    \u2502\u2502                 \u2502         \u2502                                                                                                                                              \u2502                 \u2502\n\u2502                 \u2502\u2502    d_date_sk>   \u2502\u2502                 \u2502         \u2502                                                                                                                                              \u2502                 \u2502\n\u2502                 \u2502\u2502   =2450816 AND  \u2502\u2502                 \u2502         \u2502                                                                                                                                              \u2502                 \u2502\n\u2502                 \u2502\u2502    d_date_sk<   \u2502\u2502                 \u2502         \u2502                                                                                                                                              \u2502                 \u2502\n\u2502                 \u2502\u2502     =2452642    \u2502\u2502                 \u2502         \u2502                                                                                                                                              \u2502                 \u2502\n\u2502                 \u2502\u2502                 \u2502\u2502                 \u2502         \u2502                                                                                                                                              \u2502                 \u2502\n\u2502      1 row      \u2502\u2502     920 rows    \u2502\u2502      0 rows     \u2502         \u2502                                                                                                                                              \u2502      1 row      \u2502\n\u2502     (0.00s)     \u2502\u2502     (0.00s)     \u2502\u2502     (0.00s)     \u2502         \u2502                                                                                                                                              \u2502     (0.00s)     \u2502\n\u2514\u2500\u2500\u2500\u2500\u2500\u2500\u2500\u2500\u252c\u2500\u2500\u2500\u2500\u2500\u2500\u2500\u2500\u2518\u2514\u2500\u2500\u2500\u2500\u2500\u2500\u2500\u2500\u2500\u2500\u2500\u2500\u2500\u2500\u2500\u2500\u2500\u2518\u2514\u2500\u2500\u2500\u2500\u2500\u2500\u2500\u2500\u252c\u2500\u2500\u2500\u2500\u2500\u2500\u2500\u2500\u2518         \u2502                                                                                                                                              \u2514\u2500\u2500\u2500\u2500\u2500\u2500\u2500\u2500\u252c\u2500\u2500\u2500\u2500\u2500\u2500\u2500\u2500\u2518\n\u250c\u2500\u2500\u2500\u2500\u2500\u2500\u2500\u2500\u2534\u2500\u2500\u2500\u2500\u2500\u2500\u2500\u2500\u2510                   \u250c\u2500\u2500\u2500\u2500\u2500\u2500\u2500\u2500\u2534\u2500\u2500\u2500\u2500\u2500\u2500\u2500\u2500\u2510\u250c\u2500\u2500\u2500\u2500\u2500\u2500\u2500\u2500\u2534\u2500\u2500\u2500\u2500\u2500\u2500\u2500\u2500\u2510                                                                                                                                     \u250c\u2500\u2500\u2500\u2500\u2500\u2500\u2500\u2500\u2534\u2500\u2500\u2500\u2500\u2500\u2500\u2500\u2500\u2510\n\u2502    PROJECTION   \u2502                   \u2502    TABLE_SCAN   \u2502\u2502    HASH_JOIN    \u2502                                                                                                                                     \u2502    PROJECTION   \u2502\n\u2502    \u2500\u2500\u2500\u2500\u2500\u2500\u2500\u2500\u2500\u2500   \u2502                   \u2502    \u2500\u2500\u2500\u2500\u2500\u2500\u2500\u2500\u2500\u2500   \u2502\u2502    \u2500\u2500\u2500\u2500\u2500\u2500\u2500\u2500\u2500\u2500   \u2502                                                                                                                                     \u2502    \u2500\u2500\u2500\u2500\u2500\u2500\u2500\u2500\u2500\u2500   \u2502\n\u2502__internal_decomp\u2502                   \u2502      Table:     \u2502\u2502    Join Type:   \u2502                                                                                                                                     \u2502        #0       \u2502\n\u2502ress_integral_int\u2502                   \u2502   store_sales   \u2502\u2502      INNER      \u2502                                                                                                                                     \u2502                 \u2502\n\u2502   eger(#0, 3)   \u2502                   \u2502                 \u2502\u2502                 \u2502                                                                                                                                     \u2502                 \u2502\n\u2502                 \u2502                   \u2502      Type:      \u2502\u2502   Conditions:   \u2502                                                                                                                                     \u2502                 \u2502\n\u2502                 \u2502                   \u2502 Sequential Scan \u2502\u2502   ca_county =   \u2502                                                                                                                                     \u2502                 \u2502\n\u2502                 \u2502                   \u2502                 \u2502\u2502     s_county    \u2502                                                                                                                                     \u2502                 \u2502\n\u2502                 \u2502                   \u2502   Projections:  \u2502\u2502    ca_state =   \u2502                                                                                                                                     \u2502                 \u2502\n\u2502                 \u2502                   \u2502 ss_sold_date_sk \u2502\u2502      s_state    \u2502                                                                                                                                     \u2502                 \u2502\n\u2502                 \u2502                   \u2502  ss_customer_sk \u2502\u2502                 \u2502                                                                                                                                     \u2502                 \u2502\n\u2502                 \u2502                   \u2502ss_ext_sales_pric\u2502\u2502                 \u251c\u2500\u2500\u2500\u2500\u2500\u2500\u2500\u2500\u2500\u2500\u2500\u2500\u2500\u2500\u2500\u2500\u2500\u2500\u2500\u2500\u2500\u2500\u2500\u2500\u2500\u2500\u2500\u2500\u2500\u2500\u2500\u2500\u2500\u2500\u2500\u2500\u2500\u2500\u2500\u2500\u2500\u2500\u2500\u2500\u2500\u2500\u2500\u2500\u2500\u2500\u2500\u2500\u2500\u2500\u2500\u2500\u2500\u2500\u2500\u2500\u2500\u2500\u2500\u2500\u2500\u2500\u2500\u2500\u2500\u2500\u2500\u2500\u2500\u2500\u2500\u2500\u2500\u2500\u2500\u2500\u2500\u2500\u2500\u2500\u2500\u2500\u2500\u2500\u2500\u2500\u2500\u2500\u2500\u2500\u2500\u2500\u2500\u2500\u2500\u2500\u2500\u2500\u2500\u2500\u2510                            \u2502                 \u2502\n\u2502                 \u2502                   \u2502        e        \u2502\u2502                 \u2502                                                                                                        \u2502                            \u2502                 \u2502\n\u2502                 \u2502                   \u2502                 \u2502\u2502                 \u2502                                                                                                        \u2502                            \u2502                 \u2502\n\u2502                 \u2502                   \u2502     Filters:    \u2502\u2502                 \u2502                                                                                                        \u2502                            \u2502                 \u2502\n\u2502                 \u2502                   \u2502ss_wholesale_cost\u2502\u2502                 \u2502                                                                                                        \u2502                            \u2502                 \u2502\n\u2502                 \u2502                   \u2502   >=70.00 AND   \u2502\u2502                 \u2502                                                                                                        \u2502                            \u2502                 \u2502\n\u2502                 \u2502                   \u2502 ss_wholesale_cos\u2502\u2502                 \u2502                                                                                                        \u2502                            \u2502                 \u2502\n\u2502                 \u2502                   \u2502    t<=100.00    \u2502\u2502                 \u2502                                                                                                        \u2502                            \u2502                 \u2502\n\u2502                 \u2502                   \u2502                 \u2502\u2502                 \u2502                                                                                                        \u2502                            \u2502                 \u2502\n\u2502      1 row      \u2502                   \u2502   16,710 rows   \u2502\u2502      0 rows     \u2502                                                                                                        \u2502                            \u2502      1 row      \u2502\n\u2502     (0.00s)     \u2502                   \u2502     (0.00s)     \u2502\u2502     (0.00s)     \u2502                                                                                                        \u2502                            \u2502     (0.00s)     \u2502\n\u2514\u2500\u2500\u2500\u2500\u2500\u2500\u2500\u2500\u252c\u2500\u2500\u2500\u2500\u2500\u2500\u2500\u2500\u2518                   \u2514\u2500\u2500\u2500\u2500\u2500\u2500\u2500\u2500\u2500\u2500\u2500\u2500\u2500\u2500\u2500\u2500\u2500\u2518\u2514\u2500\u2500\u2500\u2500\u2500\u2500\u2500\u2500\u252c\u2500\u2500\u2500\u2500\u2500\u2500\u2500\u2500\u2518                                                                                                        \u2502                            \u2514\u2500\u2500\u2500\u2500\u2500\u2500\u2500\u2500\u252c\u2500\u2500\u2500\u2500\u2500\u2500\u2500\u2500\u2518\n\u250c\u2500\u2500\u2500\u2500\u2500\u2500\u2500\u2500\u2534\u2500\u2500\u2500\u2500\u2500\u2500\u2500\u2500\u2510                                      \u250c\u2500\u2500\u2500\u2500\u2500\u2500\u2500\u2500\u2534\u2500\u2500\u2500\u2500\u2500\u2500\u2500\u2500\u2510                                                                                               \u250c\u2500\u2500\u2500\u2500\u2500\u2500\u2500\u2500\u2534\u2500\u2500\u2500\u2500\u2500\u2500\u2500\u2500\u2510                   \u250c\u2500\u2500\u2500\u2500\u2500\u2500\u2500\u2500\u2534\u2500\u2500\u2500\u2500\u2500\u2500\u2500\u2500\u2510\n\u2502  HASH_GROUP_BY  \u2502                                      \u2502    HASH_JOIN    \u2502                                                                                               \u2502    PROJECTION   \u2502                   \u2502    PROJECTION   \u2502\n\u2502    \u2500\u2500\u2500\u2500\u2500\u2500\u2500\u2500\u2500\u2500   \u2502                                      \u2502    \u2500\u2500\u2500\u2500\u2500\u2500\u2500\u2500\u2500\u2500   \u2502                                                                                               \u2502    \u2500\u2500\u2500\u2500\u2500\u2500\u2500\u2500\u2500\u2500   \u2502                   \u2502    \u2500\u2500\u2500\u2500\u2500\u2500\u2500\u2500\u2500\u2500   \u2502\n\u2502    Groups: #0   \u2502                                      \u2502    Join Type:   \u2502                                                                                               \u2502        #0       \u2502                   \u2502__internal_decomp\u2502\n\u2502                 \u2502                                      \u2502      INNER      \u2502                                                                                               \u2502        #1       \u2502                   \u2502ress_integral_int\u2502\n\u2502                 \u2502                                      \u2502                 \u2502                                                                                               \u2502                 \u2502                   \u2502   eger(#0, 1)   \u2502\n\u2502                 \u2502                                      \u2502   Conditions:   \u2502                                                                                               \u2502                 \u2502                   \u2502                 \u2502\n\u2502                 \u2502                                      \u2502 ca_address_sk = \u251c\u2500\u2500\u2500\u2500\u2500\u2500\u2500\u2500\u2500\u2510                                                                                     \u2502                 \u2502                   \u2502                 \u2502\n\u2502                 \u2502                                      \u2502 c_current_addr_s\u2502         \u2502                                                                                     \u2502                 \u2502                   \u2502                 \u2502\n\u2502                 \u2502                                      \u2502        k        \u2502         \u2502                                                                                     \u2502                 \u2502                   \u2502                 \u2502\n\u2502                 \u2502                                      \u2502                 \u2502         \u2502                                                                                     \u2502                 \u2502                   \u2502                 \u2502\n\u2502      1 row      \u2502                                      \u2502      0 rows     \u2502         \u2502                                                                                     \u2502     35 rows     \u2502                   \u2502      1 row      \u2502\n\u2502     (0.00s)     \u2502                                      \u2502     (0.00s)     \u2502         \u2502                                                                                     \u2502     (0.00s)     \u2502                   \u2502     (0.00s)     \u2502\n\u2514\u2500\u2500\u2500\u2500\u2500\u2500\u2500\u2500\u252c\u2500\u2500\u2500\u2500\u2500\u2500\u2500\u2500\u2518                                      \u2514\u2500\u2500\u2500\u2500\u2500\u2500\u2500\u2500\u252c\u2500\u2500\u2500\u2500\u2500\u2500\u2500\u2500\u2518         \u2502                                                                                     \u2514\u2500\u2500\u2500\u2500\u2500\u2500\u2500\u2500\u252c\u2500\u2500\u2500\u2500\u2500\u2500\u2500\u2500\u2518                   \u2514\u2500\u2500\u2500\u2500\u2500\u2500\u2500\u2500\u252c\u2500\u2500\u2500\u2500\u2500\u2500\u2500\u2500\u2518\n\u250c\u2500\u2500\u2500\u2500\u2500\u2500\u2500\u2500\u2534\u2500\u2500\u2500\u2500\u2500\u2500\u2500\u2500\u2510                                      \u250c\u2500\u2500\u2500\u2500\u2500\u2500\u2500\u2500\u2534\u2500\u2500\u2500\u2500\u2500\u2500\u2500\u2500\u2510\u250c\u2500\u2500\u2500\u2500\u2500\u2500\u2500\u2500\u2534\u2500\u2500\u2500\u2500\u2500\u2500\u2500\u2500\u2510                                                                            \u250c\u2500\u2500\u2500\u2500\u2500\u2500\u2500\u2500\u2534\u2500\u2500\u2500\u2500\u2500\u2500\u2500\u2500\u2510                   \u250c\u2500\u2500\u2500\u2500\u2500\u2500\u2500\u2500\u2534\u2500\u2500\u2500\u2500\u2500\u2500\u2500\u2500\u2510\n\u2502    PROJECTION   \u2502                                      \u2502    TABLE_SCAN   \u2502\u2502  HASH_GROUP_BY  \u2502                                                                            \u2502      FILTER     \u2502                   \u2502  HASH_GROUP_BY  \u2502\n\u2502    \u2500\u2500\u2500\u2500\u2500\u2500\u2500\u2500\u2500\u2500   \u2502                                      \u2502    \u2500\u2500\u2500\u2500\u2500\u2500\u2500\u2500\u2500\u2500   \u2502\u2502    \u2500\u2500\u2500\u2500\u2500\u2500\u2500\u2500\u2500\u2500   \u2502                                                                            \u2502    \u2500\u2500\u2500\u2500\u2500\u2500\u2500\u2500\u2500\u2500   \u2502                   \u2502    \u2500\u2500\u2500\u2500\u2500\u2500\u2500\u2500\u2500\u2500   \u2502\n\u2502(d_month_seq + 3)\u2502                                      \u2502      Table:     \u2502\u2502     Groups:     \u2502                                                                            \u2502     IN (...)    \u2502                   \u2502    Groups: #0   \u2502\n\u2502                 \u2502                                      \u2502 customer_address\u2502\u2502        #0       \u2502                                                                            \u2502                 \u2502                   \u2502                 \u2502\n\u2502                 \u2502                                      \u2502                 \u2502\u2502        #1       \u2502                                                                            \u2502                 \u2502                   \u2502                 \u2502\n\u2502                 \u2502                                      \u2502      Type:      \u2502\u2502                 \u2502                                                                            \u2502                 \u2502                   \u2502                 \u2502\n\u2502                 \u2502                                      \u2502 Sequential Scan \u2502\u2502                 \u2502                                                                            \u2502                 \u2502                   \u2502                 \u2502\n\u2502                 \u2502                                      \u2502                 \u2502\u2502                 \u2502                                                                            \u2502                 \u2502                   \u2502                 \u2502\n\u2502                 \u2502                                      \u2502   Projections:  \u2502\u2502                 \u2502                                                                            \u2502                 \u2502                   \u2502                 \u2502\n\u2502                 \u2502                                      \u2502  ca_address_sk  \u2502\u2502                 \u2502                                                                            \u2502                 \u2502                   \u2502                 \u2502\n\u2502                 \u2502                                      \u2502    ca_county    \u2502\u2502                 \u2502                                                                            \u2502                 \u2502                   \u2502                 \u2502\n\u2502                 \u2502                                      \u2502     ca_state    \u2502\u2502                 \u2502                                                                            \u2502                 \u2502                   \u2502                 \u2502\n\u2502                 \u2502                                      \u2502                 \u2502\u2502                 \u2502                                                                            \u2502                 \u2502                   \u2502                 \u2502\n\u2502     31 rows     \u2502                                      \u2502     66 rows     \u2502\u2502     93 rows     \u2502                                                                            \u2502     35 rows     \u2502                   \u2502      1 row      \u2502\n\u2502     (0.00s)     \u2502                                      \u2502     (0.00s)     \u2502\u2502     (0.00s)     \u2502                                                                            \u2502     (0.00s)     \u2502                   \u2502     (0.00s)     \u2502\n\u2514\u2500\u2500\u2500\u2500\u2500\u2500\u2500\u2500\u252c\u2500\u2500\u2500\u2500\u2500\u2500\u2500\u2500\u2518                                      \u2514\u2500\u2500\u2500\u2500\u2500\u2500\u2500\u2500\u2500\u2500\u2500\u2500\u2500\u2500\u2500\u2500\u2500\u2518\u2514\u2500\u2500\u2500\u2500\u2500\u2500\u2500\u2500\u252c\u2500\u2500\u2500\u2500\u2500\u2500\u2500\u2500\u2518                                                                            \u2514\u2500\u2500\u2500\u2500\u2500\u2500\u2500\u2500\u252c\u2500\u2500\u2500\u2500\u2500\u2500\u2500\u2500\u2518                   \u2514\u2500\u2500\u2500\u2500\u2500\u2500\u2500\u2500\u252c\u2500\u2500\u2500\u2500\u2500\u2500\u2500\u2500\u2518\n\u250c\u2500\u2500\u2500\u2500\u2500\u2500\u2500\u2500\u2534\u2500\u2500\u2500\u2500\u2500\u2500\u2500\u2500\u2510                                                         \u250c\u2500\u2500\u2500\u2500\u2500\u2500\u2500\u2500\u2534\u2500\u2500\u2500\u2500\u2500\u2500\u2500\u2500\u2510                                                                            \u250c\u2500\u2500\u2500\u2500\u2500\u2500\u2500\u2500\u2534\u2500\u2500\u2500\u2500\u2500\u2500\u2500\u2500\u2510                   \u250c\u2500\u2500\u2500\u2500\u2500\u2500\u2500\u2500\u2534\u2500\u2500\u2500\u2500\u2500\u2500\u2500\u2500\u2510\n\u2502    PROJECTION   \u2502                                                         \u2502    PROJECTION   \u2502                                                                            \u2502    HASH_JOIN    \u2502                   \u2502    PROJECTION   \u2502\n\u2502    \u2500\u2500\u2500\u2500\u2500\u2500\u2500\u2500\u2500\u2500   \u2502                                                         \u2502    \u2500\u2500\u2500\u2500\u2500\u2500\u2500\u2500\u2500\u2500   \u2502                                                                            \u2502    \u2500\u2500\u2500\u2500\u2500\u2500\u2500\u2500\u2500\u2500   \u2502                   \u2502    \u2500\u2500\u2500\u2500\u2500\u2500\u2500\u2500\u2500\u2500   \u2502\n\u2502__internal_compre\u2502                                                         \u2502  c_customer_sk  \u2502                                                                            \u2502    Join Type:   \u2502                   \u2502(d_month_seq + 1)\u2502\n\u2502ss_integral_usmal\u2502                                                         \u2502c_current_addr_sk\u2502                                                                            \u2502       MARK      \u2502                   \u2502                 \u2502\n\u2502   lint(#0, 3)   \u2502                                                         \u2502                 \u2502                                                                            \u2502                 \u2502                   \u2502                 \u2502\n\u2502                 \u2502                                                         \u2502                 \u2502                                                                            \u2502   Conditions:   \u251c\u2500\u2500\u2500\u2500\u2500\u2500\u2500\u2500\u2500\u2510         \u2502                 \u2502\n\u2502                 \u2502                                                         \u2502                 \u2502                                                                            \u2502   s_state = #0  \u2502         \u2502         \u2502                 \u2502\n\u2502                 \u2502                                                         \u2502                 \u2502                                                                            \u2502                 \u2502         \u2502         \u2502                 \u2502\n\u2502     31 rows     \u2502                                                         \u2502     95 rows     \u2502                                                                            \u2502     102 rows    \u2502         \u2502         \u2502     31 rows     \u2502\n\u2502     (0.00s)     \u2502                                                         \u2502     (0.00s)     \u2502                                                                            \u2502     (0.00s)     \u2502         \u2502         \u2502     (0.00s)     \u2502\n\u2514\u2500\u2500\u2500\u2500\u2500\u2500\u2500\u2500\u252c\u2500\u2500\u2500\u2500\u2500\u2500\u2500\u2500\u2518                                                         \u2514\u2500\u2500\u2500\u2500\u2500\u2500\u2500\u2500\u252c\u2500\u2500\u2500\u2500\u2500\u2500\u2500\u2500\u2518                                                                            \u2514\u2500\u2500\u2500\u2500\u2500\u2500\u2500\u2500\u252c\u2500\u2500\u2500\u2500\u2500\u2500\u2500\u2500\u2518         \u2502         \u2514\u2500\u2500\u2500\u2500\u2500\u2500\u2500\u2500\u252c\u2500\u2500\u2500\u2500\u2500\u2500\u2500\u2500\u2518\n\u250c\u2500\u2500\u2500\u2500\u2500\u2500\u2500\u2500\u2534\u2500\u2500\u2500\u2500\u2500\u2500\u2500\u2500\u2510                                                         \u250c\u2500\u2500\u2500\u2500\u2500\u2500\u2500\u2500\u2534\u2500\u2500\u2500\u2500\u2500\u2500\u2500\u2500\u2510                                                                            \u250c\u2500\u2500\u2500\u2500\u2500\u2500\u2500\u2500\u2534\u2500\u2500\u2500\u2500\u2500\u2500\u2500\u2500\u2510\u250c\u2500\u2500\u2500\u2500\u2500\u2500\u2500\u2500\u2534\u2500\u2500\u2500\u2500\u2500\u2500\u2500\u2500\u2510\u250c\u2500\u2500\u2500\u2500\u2500\u2500\u2500\u2500\u2534\u2500\u2500\u2500\u2500\u2500\u2500\u2500\u2500\u2510\n\u2502    PROJECTION   \u2502                                                         \u2502    PROJECTION   \u2502                                                                            \u2502    TABLE_SCAN   \u2502\u2502 COLUMN_DATA_SCAN\u2502\u2502    PROJECTION   \u2502\n\u2502    \u2500\u2500\u2500\u2500\u2500\u2500\u2500\u2500\u2500\u2500   \u2502                                                         \u2502    \u2500\u2500\u2500\u2500\u2500\u2500\u2500\u2500\u2500\u2500   \u2502                                                                            \u2502    \u2500\u2500\u2500\u2500\u2500\u2500\u2500\u2500\u2500\u2500   \u2502\u2502                 \u2502\u2502    \u2500\u2500\u2500\u2500\u2500\u2500\u2500\u2500\u2500\u2500   \u2502\n\u2502(d_month_seq + 3)\u2502                                                         \u2502  c_customer_sk  \u2502                                                                            \u2502      Table:     \u2502\u2502                 \u2502\u2502__internal_compre\u2502\n\u2502                 \u2502                                                         \u2502c_current_addr_sk\u2502                                                                            \u2502      store      \u2502\u2502                 \u2502\u2502ss_integral_usmal\u2502\n\u2502                 \u2502                                                         \u2502                 \u2502                                                                            \u2502                 \u2502\u2502                 \u2502\u2502   lint(#0, 1)   \u2502\n\u2502                 \u2502                                                         \u2502                 \u2502                                                                            \u2502      Type:      \u2502\u2502                 \u2502\u2502                 \u2502\n\u2502                 \u2502                                                         \u2502                 \u2502                                                                            \u2502 Sequential Scan \u2502\u2502                 \u2502\u2502                 \u2502\n\u2502                 \u2502                                                         \u2502                 \u2502                                                                            \u2502                 \u2502\u2502                 \u2502\u2502                 \u2502\n\u2502                 \u2502                                                         \u2502                 \u2502                                                                            \u2502   Projections:  \u2502\u2502                 \u2502\u2502                 \u2502\n\u2502                 \u2502                                                         \u2502                 \u2502                                                                            \u2502     s_county    \u2502\u2502                 \u2502\u2502                 \u2502\n\u2502                 \u2502                                                         \u2502                 \u2502                                                                            \u2502     s_state     \u2502\u2502                 \u2502\u2502                 \u2502\n\u2502                 \u2502                                                         \u2502                 \u2502                                                                            \u2502                 \u2502\u2502                 \u2502\u2502                 \u2502\n\u2502                 \u2502                                                         \u2502                 \u2502                                                                            \u2502     Filters:    \u2502\u2502                 \u2502\u2502                 \u2502\n\u2502                 \u2502                                                         \u2502                 \u2502                                                                            \u2502    optional:    \u2502\u2502                 \u2502\u2502                 \u2502\n\u2502                 \u2502                                                         \u2502                 \u2502                                                                            \u2502  s_state IN ('AR\u2502\u2502                 \u2502\u2502                 \u2502\n\u2502                 \u2502                                                         \u2502                 \u2502                                                                            \u2502 ', 'GA', 'IN',  \u2502\u2502                 \u2502\u2502                 \u2502\n\u2502                 \u2502                                                         \u2502                 \u2502                                                                            \u2502 'KS', 'KY', 'NC'\u2502\u2502                 \u2502\u2502                 \u2502\n\u2502                 \u2502                                                         \u2502                 \u2502                                                                            \u2502  , 'OH', 'PA',  \u2502\u2502                 \u2502\u2502                 \u2502\n\u2502                 \u2502                                                         \u2502                 \u2502                                                                            \u2502   'SD', 'VA')   \u2502\u2502                 \u2502\u2502                 \u2502\n\u2502                 \u2502                                                         \u2502                 \u2502                                                                            \u2502                 \u2502\u2502                 \u2502\u2502                 \u2502\n\u2502     31 rows     \u2502                                                         \u2502     95 rows     \u2502                                                                            \u2502     102 rows    \u2502\u2502     10 rows     \u2502\u2502     31 rows     \u2502\n\u2502     (0.00s)     \u2502                                                         \u2502     (0.00s)     \u2502                                                                            \u2502     (0.00s)     \u2502\u2502     (0.00s)     \u2502\u2502     (0.00s)     \u2502\n\u2514\u2500\u2500\u2500\u2500\u2500\u2500\u2500\u2500\u252c\u2500\u2500\u2500\u2500\u2500\u2500\u2500\u2500\u2518                                                         \u2514\u2500\u2500\u2500\u2500\u2500\u2500\u2500\u2500\u252c\u2500\u2500\u2500\u2500\u2500\u2500\u2500\u2500\u2518                                                                            \u2514\u2500\u2500\u2500\u2500\u2500\u2500\u2500\u2500\u2500\u2500\u2500\u2500\u2500\u2500\u2500\u2500\u2500\u2518\u2514\u2500\u2500\u2500\u2500\u2500\u2500\u2500\u2500\u2500\u2500\u2500\u2500\u2500\u2500\u2500\u2500\u2500\u2518\u2514\u2500\u2500\u2500\u2500\u2500\u2500\u2500\u2500\u252c\u2500\u2500\u2500\u2500\u2500\u2500\u2500\u2500\u2518\n\u250c\u2500\u2500\u2500\u2500\u2500\u2500\u2500\u2500\u2534\u2500\u2500\u2500\u2500\u2500\u2500\u2500\u2500\u2510                                                         \u250c\u2500\u2500\u2500\u2500\u2500\u2500\u2500\u2500\u2534\u2500\u2500\u2500\u2500\u2500\u2500\u2500\u2500\u2510                                                                                                                  \u250c\u2500\u2500\u2500\u2500\u2500\u2500\u2500\u2500\u2534\u2500\u2500\u2500\u2500\u2500\u2500\u2500\u2500\u2510\n\u2502    TABLE_SCAN   \u2502                                                         \u2502    HASH_JOIN    \u2502                                                                                                                  \u2502    PROJECTION   \u2502\n\u2502    \u2500\u2500\u2500\u2500\u2500\u2500\u2500\u2500\u2500\u2500   \u2502                                                         \u2502    \u2500\u2500\u2500\u2500\u2500\u2500\u2500\u2500\u2500\u2500   \u2502                                                                                                                  \u2502    \u2500\u2500\u2500\u2500\u2500\u2500\u2500\u2500\u2500\u2500   \u2502\n\u2502      Table:     \u2502                                                         \u2502    Join Type:   \u2502                                                                                                                  \u2502(d_month_seq + 1)\u2502\n\u2502     date_dim    \u2502                                                         \u2502      INNER      \u2502                                                                                                                  \u2502                 \u2502\n\u2502                 \u2502                                                         \u2502                 \u2502                                                                                                                  \u2502                 \u2502\n\u2502      Type:      \u2502                                                         \u2502   Conditions:   \u2502                                                                                                                  \u2502                 \u2502\n\u2502 Sequential Scan \u2502                                                         \u2502 c_customer_sk = \u2502                                                                                                                  \u2502                 \u2502\n\u2502                 \u2502                                                         \u2502    customer_sk  \u2502                                                                                                                  \u2502                 \u2502\n\u2502   Projections:  \u2502                                                         \u2502                 \u251c\u2500\u2500\u2500\u2500\u2500\u2500\u2500\u2500\u2500\u2510                                                                                                        \u2502                 \u2502\n\u2502   d_month_seq   \u2502                                                         \u2502                 \u2502         \u2502                                                                                                        \u2502                 \u2502\n\u2502                 \u2502                                                         \u2502                 \u2502         \u2502                                                                                                        \u2502                 \u2502\n\u2502     Filters:    \u2502                                                         \u2502                 \u2502         \u2502                                                                                                        \u2502                 \u2502\n\u2502   d_year=1998   \u2502                                                         \u2502                 \u2502         \u2502                                                                                                        \u2502                 \u2502\n\u2502     d_moy=5     \u2502                                                         \u2502                 \u2502         \u2502                                                                                                        \u2502                 \u2502\n\u2502                 \u2502                                                         \u2502                 \u2502         \u2502                                                                                                        \u2502                 \u2502\n\u2502     31 rows     \u2502                                                         \u2502     95 rows     \u2502         \u2502                                                                                                        \u2502     31 rows     \u2502\n\u2502     (0.00s)     \u2502                                                         \u2502     (0.00s)     \u2502         \u2502                                                                                                        \u2502     (0.00s)     \u2502\n\u2514\u2500\u2500\u2500\u2500\u2500\u2500\u2500\u2500\u2500\u2500\u2500\u2500\u2500\u2500\u2500\u2500\u2500\u2518                                                         \u2514\u2500\u2500\u2500\u2500\u2500\u2500\u2500\u2500\u252c\u2500\u2500\u2500\u2500\u2500\u2500\u2500\u2500\u2518         \u2502                                                                                                        \u2514\u2500\u2500\u2500\u2500\u2500\u2500\u2500\u2500\u252c\u2500\u2500\u2500\u2500\u2500\u2500\u2500\u2500\u2518\n                                                                            \u250c\u2500\u2500\u2500\u2500\u2500\u2500\u2500\u2500\u2534\u2500\u2500\u2500\u2500\u2500\u2500\u2500\u2500\u2510\u250c\u2500\u2500\u2500\u2500\u2500\u2500\u2500\u2500\u2534\u2500\u2500\u2500\u2500\u2500\u2500\u2500\u2500\u2510                                                                                               \u250c\u2500\u2500\u2500\u2500\u2500\u2500\u2500\u2500\u2534\u2500\u2500\u2500\u2500\u2500\u2500\u2500\u2500\u2510\n                                                                            \u2502    TABLE_SCAN   \u2502\u2502    HASH_JOIN    \u2502                                                                                               \u2502    TABLE_SCAN   \u2502\n                                                                            \u2502    \u2500\u2500\u2500\u2500\u2500\u2500\u2500\u2500\u2500\u2500   \u2502\u2502    \u2500\u2500\u2500\u2500\u2500\u2500\u2500\u2500\u2500\u2500   \u2502                                                                                               \u2502    \u2500\u2500\u2500\u2500\u2500\u2500\u2500\u2500\u2500\u2500   \u2502\n                                                                            \u2502      Table:     \u2502\u2502    Join Type:   \u2502                                                                                               \u2502      Table:     \u2502\n                                                                            \u2502     customer    \u2502\u2502      INNER      \u2502                                                                                               \u2502     date_dim    \u2502\n                                                                            \u2502                 \u2502\u2502                 \u2502                                                                                               \u2502                 \u2502\n                                                                            \u2502      Type:      \u2502\u2502   Conditions:   \u2502                                                                                               \u2502      Type:      \u2502\n                                                                            \u2502 Sequential Scan \u2502\u2502    item_sk =    \u2502                                                                                               \u2502 Sequential Scan \u2502\n                                                                            \u2502                 \u2502\u2502     i_item_sk   \u2502                                                                                               \u2502                 \u2502\n                                                                            \u2502   Projections:  \u2502\u2502                 \u2502                                                                                               \u2502   Projections:  \u2502\n                                                                            \u2502  c_customer_sk  \u2502\u2502                 \u2502                                                                                               \u2502   d_month_seq   \u2502\n                                                                            \u2502c_current_addr_sk\u2502\u2502                 \u251c\u2500\u2500\u2500\u2500\u2500\u2500\u2500\u2500\u2500\u2500\u2500\u2500\u2500\u2500\u2500\u2500\u2500\u2500\u2500\u2500\u2500\u2500\u2500\u2500\u2500\u2500\u2500\u2500\u2500\u2500\u2500\u2500\u2500\u2500\u2500\u2500\u2500\u2500\u2500\u2500\u2500\u2500\u2500\u2500\u2500\u2500\u2500\u2510                                               \u2502                 \u2502\n                                                                            \u2502                 \u2502\u2502                 \u2502                                               \u2502                                               \u2502     Filters:    \u2502\n                                                                            \u2502     Filters:    \u2502\u2502                 \u2502                                               \u2502                                               \u2502   d_year=1998   \u2502\n                                                                            \u2502  c_birth_year>  \u2502\u2502                 \u2502                                               \u2502                                               \u2502     d_moy=5     \u2502\n                                                                            \u2502    =1942 AND    \u2502\u2502                 \u2502                                               \u2502                                               \u2502                 \u2502\n                                                                            \u2502   c_birth_year< \u2502\u2502                 \u2502                                               \u2502                                               \u2502                 \u2502\n                                                                            \u2502      =1955      \u2502\u2502                 \u2502                                               \u2502                                               \u2502                 \u2502\n                                                                            \u2502                 \u2502\u2502                 \u2502                                               \u2502                                               \u2502                 \u2502\n                                                                            \u2502   97,601 rows   \u2502\u2502     442 rows    \u2502                                               \u2502                                               \u2502     31 rows     \u2502\n                                                                            \u2502     (0.00s)     \u2502\u2502     (0.00s)     \u2502                                               \u2502                                               \u2502     (0.00s)     \u2502\n                                                                            \u2514\u2500\u2500\u2500\u2500\u2500\u2500\u2500\u2500\u2500\u2500\u2500\u2500\u2500\u2500\u2500\u2500\u2500\u2518\u2514\u2500\u2500\u2500\u2500\u2500\u2500\u2500\u2500\u252c\u2500\u2500\u2500\u2500\u2500\u2500\u2500\u2500\u2518                                               \u2502                                               \u2514\u2500\u2500\u2500\u2500\u2500\u2500\u2500\u2500\u2500\u2500\u2500\u2500\u2500\u2500\u2500\u2500\u2500\u2518\n                                                                                               \u250c\u2500\u2500\u2500\u2500\u2500\u2500\u2500\u2500\u2534\u2500\u2500\u2500\u2500\u2500\u2500\u2500\u2500\u2510                                      \u250c\u2500\u2500\u2500\u2500\u2500\u2500\u2500\u2500\u2534\u2500\u2500\u2500\u2500\u2500\u2500\u2500\u2500\u2510\n                                                                                               \u2502    HASH_JOIN    \u2502                                      \u2502    TABLE_SCAN   \u2502\n                                                                                               \u2502    \u2500\u2500\u2500\u2500\u2500\u2500\u2500\u2500\u2500\u2500   \u2502                                      \u2502    \u2500\u2500\u2500\u2500\u2500\u2500\u2500\u2500\u2500\u2500   \u2502\n                                                                                               \u2502    Join Type:   \u2502                                      \u2502   Table: item   \u2502\n                                                                                               \u2502      INNER      \u2502                                      \u2502                 \u2502\n                                                                                               \u2502                 \u2502                                      \u2502      Type:      \u2502\n                                                                                               \u2502   Conditions:   \u2502                                      \u2502 Sequential Scan \u2502\n                                                                                               \u2502  sold_date_sk = \u2502                                      \u2502                 \u2502\n                                                                                               \u2502     d_date_sk   \u2502                                      \u2502   Projections:  \u2502\n                                                                                               \u2502                 \u251c\u2500\u2500\u2500\u2500\u2500\u2500\u2500\u2500\u2500\u2500\u2500\u2500\u2500\u2500\u2500\u2500\u2500\u2500\u2500\u2500\u2500\u2500\u2500\u2500\u2500\u2500\u2500\u2500\u2510         \u2502    i_item_sk    \u2502\n                                                                                               \u2502                 \u2502                            \u2502         \u2502                 \u2502\n                                                                                               \u2502                 \u2502                            \u2502         \u2502     Filters:    \u2502\n                                                                                               \u2502                 \u2502                            \u2502         \u2502i_category='Home'\u2502\n                                                                                               \u2502                 \u2502                            \u2502         \u2502     i_class=    \u2502\n                                                                                               \u2502                 \u2502                            \u2502         \u2502'curtains/drapes'\u2502\n                                                                                               \u2502                 \u2502                            \u2502         \u2502                 \u2502\n                                                                                               \u2502   64,435 rows   \u2502                            \u2502         \u2502     640 rows    \u2502\n                                                                                               \u2502     (0.01s)     \u2502                            \u2502         \u2502     (0.00s)     \u2502\n                                                                                               \u2514\u2500\u2500\u2500\u2500\u2500\u2500\u2500\u2500\u252c\u2500\u2500\u2500\u2500\u2500\u2500\u2500\u2500\u2518                            \u2502         \u2514\u2500\u2500\u2500\u2500\u2500\u2500\u2500\u2500\u2500\u2500\u2500\u2500\u2500\u2500\u2500\u2500\u2500\u2518\n                                                                                               \u250c\u2500\u2500\u2500\u2500\u2500\u2500\u2500\u2500\u2534\u2500\u2500\u2500\u2500\u2500\u2500\u2500\u2500\u2510                   \u250c\u2500\u2500\u2500\u2500\u2500\u2500\u2500\u2500\u2534\u2500\u2500\u2500\u2500\u2500\u2500\u2500\u2500\u2510\n                                                                                               \u2502      UNION      \u2502                   \u2502      FILTER     \u2502\n                                                                                               \u2502    \u2500\u2500\u2500\u2500\u2500\u2500\u2500\u2500\u2500\u2500   \u2502                   \u2502    \u2500\u2500\u2500\u2500\u2500\u2500\u2500\u2500\u2500\u2500   \u2502\n                                                                                               \u2502                 \u2502                   \u2502    (d_date_sk   \u2502\n                                                                                               \u2502                 \u2502                   \u2502  BETWEEN 2450815\u2502\n                                                                                               \u2502                 \u251c\u2500\u2500\u2500\u2500\u2500\u2500\u2500\u2500\u2500\u2510         \u2502   AND 2452653)  \u2502\n                                                                                               \u2502                 \u2502         \u2502         \u2502                 \u2502\n                                                                                               \u2502      0 rows     \u2502         \u2502         \u2502     31 rows     \u2502\n                                                                                               \u2502     (0.00s)     \u2502         \u2502         \u2502     (0.00s)     \u2502\n                                                                                               \u2514\u2500\u2500\u2500\u2500\u2500\u2500\u2500\u2500\u252c\u2500\u2500\u2500\u2500\u2500\u2500\u2500\u2500\u2518         \u2502         \u2514\u2500\u2500\u2500\u2500\u2500\u2500\u2500\u2500\u252c\u2500\u2500\u2500\u2500\u2500\u2500\u2500\u2500\u2518\n                                                                                               \u250c\u2500\u2500\u2500\u2500\u2500\u2500\u2500\u2500\u2534\u2500\u2500\u2500\u2500\u2500\u2500\u2500\u2500\u2510\u250c\u2500\u2500\u2500\u2500\u2500\u2500\u2500\u2500\u2534\u2500\u2500\u2500\u2500\u2500\u2500\u2500\u2500\u2510\u250c\u2500\u2500\u2500\u2500\u2500\u2500\u2500\u2500\u2534\u2500\u2500\u2500\u2500\u2500\u2500\u2500\u2500\u2510\n                                                                                               \u2502    TABLE_SCAN   \u2502\u2502    TABLE_SCAN   \u2502\u2502    TABLE_SCAN   \u2502\n                                                                                               \u2502    \u2500\u2500\u2500\u2500\u2500\u2500\u2500\u2500\u2500\u2500   \u2502\u2502    \u2500\u2500\u2500\u2500\u2500\u2500\u2500\u2500\u2500\u2500   \u2502\u2502    \u2500\u2500\u2500\u2500\u2500\u2500\u2500\u2500\u2500\u2500   \u2502\n                                                                                               \u2502      Table:     \u2502\u2502      Table:     \u2502\u2502      Table:     \u2502\n                                                                                               \u2502  catalog_sales  \u2502\u2502    web_sales    \u2502\u2502     date_dim    \u2502\n                                                                                               \u2502                 \u2502\u2502                 \u2502\u2502                 \u2502\n                                                                                               \u2502      Type:      \u2502\u2502      Type:      \u2502\u2502      Type:      \u2502\n                                                                                               \u2502 Sequential Scan \u2502\u2502 Sequential Scan \u2502\u2502 Sequential Scan \u2502\n                                                                                               \u2502                 \u2502\u2502                 \u2502\u2502                 \u2502\n                                                                                               \u2502   Projections:  \u2502\u2502   Projections:  \u2502\u2502   Projections:  \u2502\n                                                                                               \u2502 cs_sold_date_sk \u2502\u2502 ws_sold_date_sk \u2502\u2502    d_date_sk    \u2502\n                                                                                               \u2502cs_bill_customer_\u2502\u2502ws_bill_customer_\u2502\u2502                 \u2502\n                                                                                               \u2502        sk       \u2502\u2502        sk       \u2502\u2502     Filters:    \u2502\n                                                                                               \u2502    cs_item_sk   \u2502\u2502    ws_item_sk   \u2502\u2502     d_moy=5     \u2502\n                                                                                               \u2502                 \u2502\u2502                 \u2502\u2502   d_year=1998   \u2502\n                                                                                               \u2502     Filters:    \u2502\u2502     Filters:    \u2502\u2502                 \u2502\n                                                                                               \u2502cs_wholesale_cost\u2502\u2502ws_wholesale_cost\u2502\u2502                 \u2502\n                                                                                               \u2502   >=70.00 AND   \u2502\u2502   >=70.00 AND   \u2502\u2502                 \u2502\n                                                                                               \u2502 cs_wholesale_cos\u2502\u2502 ws_wholesale_cos\u2502\u2502                 \u2502\n                                                                                               \u2502    t<=100.00    \u2502\u2502    t<=100.00    \u2502\u2502                 \u2502\n                                                                                               \u2502                 \u2502\u2502                 \u2502\u2502                 \u2502\n                                                                                               \u2502   42,768 rows   \u2502\u2502   21,667 rows   \u2502\u2502     31 rows     \u2502\n                                                                                               \u2502     (0.00s)     \u2502\u2502     (0.04s)     \u2502\u2502     (0.00s)     \u2502\n                                                                                               \u2514\u2500\u2500\u2500\u2500\u2500\u2500\u2500\u2500\u2500\u2500\u2500\u2500\u2500\u2500\u2500\u2500\u2500\u2518\u2514\u2500\u2500\u2500\u2500\u2500\u2500\u2500\u2500\u2500\u2500\u2500\u2500\u2500\u2500\u2500\u2500\u2500\u2518\u2514\u2500\u2500\u2500\u2500\u2500\u2500\u2500\u2500\u2500\u2500\u2500\u2500\u2500\u2500\u2500\u2500\u2500\u2518\n",
  "plan_json": {
    "total_bytes_written": 0,
    "total_bytes_read": 0,
    "rows_returned": 0,
    "latency": 0.0,
    "result_set_size": 0,
    "query_name": "",
    "blocked_thread_time": 0.0,
    "system_peak_buffer_memory": 0,
    "system_peak_temp_dir_size": 0,
    "cpu_time": 0.0,
    "extra_info": {},
    "cumulative_cardinality": 0,
    "cumulative_rows_scanned": 0,
    "children": [
      {
        "total_bytes_written": 0,
        "total_bytes_read": 0,
        "result_set_size": 0,
        "operator_name": "EXPLAIN_ANALYZE",
        "cpu_time": 0.0,
        "extra_info": {},
        "cumulative_cardinality": 0,
        "operator_type": "EXPLAIN_ANALYZE",
        "operator_cardinality": 0,
        "cumulative_rows_scanned": 0,
        "operator_rows_scanned": 0,
        "operator_timing": 0.0,
        "children": [
          {
            "total_bytes_written": 0,
            "total_bytes_read": 0,
            "result_set_size": 0,
            "operator_name": "TOP_N",
            "cpu_time": 0.0,
            "extra_info": {
              "Top": "100",
              "Order By": [
                "segments.segment ASC",
                "count_star() ASC"
              ]
            },
            "cumulative_cardinality": 0,
            "operator_type": "TOP_N",
            "operator_cardinality": 0,
            "cumulative_rows_scanned": 0,
            "operator_rows_scanned": 0,
            "operator_timing": 2.61e-07,
            "children": [
              {
                "total_bytes_written": 0,
                "total_bytes_read": 0,
                "result_set_size": 0,
                "operator_name": "PROJECTION",
                "cpu_time": 0.0,
                "extra_info": {
                  "Projections": [
                    "segment",
                    "num_customers",
                    "segment_base"
                  ],
                  "Estimated Cardinality": "0"
                },
                "cumulative_cardinality": 0,
                "operator_type": "PROJECTION",
                "operator_cardinality": 0,
                "cumulative_rows_scanned": 0,
                "operator_rows_scanned": 0,
                "operator_timing": 0.0,
                "children": [
                  {
                    "total_bytes_written": 0,
                    "total_bytes_read": 0,
                    "result_set_size": 0,
                    "operator_name": "HASH_GROUP_BY",
                    "cpu_time": 0.0,
                    "extra_info": {
                      "Groups": "#0",
                      "Aggregates": "count_star()",
                      "Estimated Cardinality": "0"
                    },
                    "cumulative_cardinality": 0,
                    "operator_type": "HASH_GROUP_BY",
                    "operator_cardinality": 0,
                    "cumulative_rows_scanned": 0,
                    "operator_rows_scanned": 0,
                    "operator_timing": 5.08e-07,
                    "children": [
                      {
                        "total_bytes_written": 0,
                        "total_bytes_read": 0,
                        "result_set_size": 0,
                        "operator_name": "PROJECTION",
                        "cpu_time": 0.0,
                        "extra_info": {
                          "Projections": "segment",
                          "Estimated Cardinality": "0"
                        },
                        "cumulative_cardinality": 0,
                        "operator_type": "PROJECTION",
                        "operator_cardinality": 0,
                        "cumulative_rows_scanned": 0,
                        "operator_rows_scanned": 0,
                        "operator_timing": 0.0,
                        "children": [
                          {
                            "total_bytes_written": 0,
                            "total_bytes_read": 0,
                            "result_set_size": 0,
                            "operator_name": "PROJECTION",
                            "cpu_time": 0.0,
                            "extra_info": {
                              "Projections": "segment",
                              "Estimated Cardinality": "0"
                            },
                            "cumulative_cardinality": 0,
                            "operator_type": "PROJECTION",
                            "operator_cardinality": 0,
                            "cumulative_rows_scanned": 0,
                            "operator_rows_scanned": 0,
                            "operator_timing": 0.0,
                            "children": [
                              {
                                "total_bytes_written": 0,
                                "total_bytes_read": 0,
                                "result_set_size": 0,
                                "operator_name": "PROJECTION",
                                "cpu_time": 0.0,
                                "extra_info": {
                                  "Projections": "revenue",
                                  "Estimated Cardinality": "0"
                                },
                                "cumulative_cardinality": 0,
                                "operator_type": "PROJECTION",
                                "operator_cardinality": 0,
                                "cumulative_rows_scanned": 0,
                                "operator_rows_scanned": 0,
                                "operator_timing": 0.0,
                                "children": [
                                  {
                                    "total_bytes_written": 0,
                                    "total_bytes_read": 0,
                                    "result_set_size": 0,
                                    "operator_name": "HASH_GROUP_BY",
                                    "cpu_time": 0.0,
                                    "extra_info": {
                                      "Groups": "#0",
                                      "Aggregates": "sum(#1)",
                                      "Estimated Cardinality": "0"
                                    },
                                    "cumulative_cardinality": 0,
                                    "operator_type": "HASH_GROUP_BY",
                                    "operator_cardinality": 0,
                                    "cumulative_rows_scanned": 0,
                                    "operator_rows_scanned": 0,
                                    "operator_timing": 1.01e-06,
                                    "children": [
                                      {
                                        "total_bytes_written": 0,
                                        "total_bytes_read": 0,
                                        "result_set_size": 0,
                                        "operator_name": "PROJECTION",
                                        "cpu_time": 0.0,
                                        "extra_info": {
                                          "Projections": [
                                            "c_customer_sk",
                                            "ss_ext_sales_price"
                                          ],
                                          "Estimated Cardinality": "0"
                                        },
                                        "cumulative_cardinality": 0,
                                        "operator_type": "PROJECTION",
                                        "operator_cardinality": 0,
                                        "cumulative_rows_scanned": 0,
                                        "operator_rows_scanned": 0,
                                        "operator_timing": 0.0,
                                        "children": [
                                          {
                                            "total_bytes_written": 0,
                                            "total_bytes_read": 0,
                                            "result_set_size": 0,
                                            "operator_name": "PROJECTION",
                                            "cpu_time": 0.0,
                                            "extra_info": {
                                              "Projections": [
                                                "#0",
                                                "__internal_compress_integral_usmallint(#1, 2450816)",
                                                "__internal_compress_integral_usmallint(#2, 0)",
                                                "__internal_compress_integral_usmallint(#3, 2450816)",
                                                "#4",
                                                "#5",
                                                "#6",
                                                "#7",
                                                "__internal_compress_string_uinteger(#8)",
                                                "#9",
                                                "#10",
                                                "#11",
                                                "__internal_compress_string_uinteger(#12)",
                                                "#13"
                                              ],
                                              "Estimated Cardinality": "0"
                                            },
                                            "cumulative_cardinality": 0,
                                            "operator_type": "PROJECTION",
                                            "operator_cardinality": 0,
                                            "cumulative_rows_scanned": 0,
                                            "operator_rows_scanned": 0,
                                            "operator_timing": 0.0,
                                            "children": [
                                              {
                                                "total_bytes_written": 0,
                                                "total_bytes_read": 0,
                                                "result_set_size": 0,
                                                "operator_name": "NESTED_LOOP_JOIN",
                                                "cpu_time": 0.0,
                                                "extra_info": {
                                                  "Join Type": "INNER",
                                                  "Conditions": "SUBQUERY >= d_month_seq",
                                                  "Estimated Cardinality": "0"
                                                },
                                                "cumulative_cardinality": 0,
                                                "operator_type": "NESTED_LOOP_JOIN",
                                                "operator_cardinality": 0,
                                                "cumulative_rows_scanned": 0,
                                                "operator_rows_scanned": 0,
                                                "operator_timing": 1.8424e-05,
                                                "children": [
                                                  {
                                                    "total_bytes_written": 0,
                                                    "total_bytes_read": 0,
                                                    "result_set_size": 4,
                                                    "operator_name": "PROJECTION",
                                                    "cpu_time": 0.0,
                                                    "extra_info": {
                                                      "Projections": [
                                                        "CASE  WHEN ((#1 > 1)) THEN (\"error\"('More than one row returned by a subquery used as an expression - scalar subqueries can only return a single row.",
                                                        "Use \"SET scalar_subquery_error_on_multiple_rows=false\" to revert to previous behavior of returning a random row.')) ELSE #0 END"
                                                      ],
                                                      "Estimated Cardinality": "1"
                                                    },
                                                    "cumulative_cardinality": 0,
                                                    "operator_type": "PROJECTION",
                                                    "operator_cardinality": 1,
                                                    "cumulative_rows_scanned": 0,
                                                    "operator_rows_scanned": 0,
                                                    "operator_timing": 4.397e-06,
                                                    "children": [
                                                      {
                                                        "total_bytes_written": 0,
                                                        "total_bytes_read": 0,
                                                        "result_set_size": 12,
                                                        "operator_name": "UNGROUPED_AGGREGATE",
                                                        "cpu_time": 0.0,
                                                        "extra_info": {
                                                          "Aggregates": [
                                                            "\"first\"(#0)",
                                                            "count_star()"
                                                          ]
                                                        },
                                                        "cumulative_cardinality": 0,
                                                        "operator_type": "UNGROUPED_AGGREGATE",
                                                        "operator_cardinality": 1,
                                                        "cumulative_rows_scanned": 0,
                                                        "operator_rows_scanned": 0,
                                                        "operator_timing": 6.612e-06,
                                                        "children": [
                                                          {
                                                            "total_bytes_written": 0,
                                                            "total_bytes_read": 0,
                                                            "result_set_size": 4,
                                                            "operator_name": "PROJECTION",
                                                            "cpu_time": 0.0,
                                                            "extra_info": {
                                                              "Projections": "#0",
                                                              "Estimated Cardinality": "585"
                                                            },
                                                            "cumulative_cardinality": 0,
                                                            "operator_type": "PROJECTION",
                                                            "operator_cardinality": 1,
                                                            "cumulative_rows_scanned": 0,
                                                            "operator_rows_scanned": 0,
                                                            "operator_timing": 6.8e-08,
                                                            "children": [
                                                              {
                                                                "total_bytes_written": 0,
                                                                "total_bytes_read": 0,
                                                                "result_set_size": 4,
                                                                "operator_name": "PROJECTION",
                                                                "cpu_time": 0.0,
                                                                "extra_info": {
                                                                  "Projections": "__internal_decompress_integral_integer(#0, 3)",
                                                                  "Estimated Cardinality": "585"
                                                                },
                                                                "cumulative_cardinality": 0,
                                                                "operator_type": "PROJECTION",
                                                                "operator_cardinality": 1,
                                                                "cumulative_rows_scanned": 0,
                                                                "operator_rows_scanned": 0,
                                                                "operator_timing": 1.735e-06,
                                                                "children": [
                                                                  {
                                                                    "total_bytes_written": 0,
                                                                    "total_bytes_read": 0,
                                                                    "result_set_size": 2,
                                                                    "operator_name": "HASH_GROUP_BY",
                                                                    "cpu_time": 0.0,
                                                                    "extra_info": {
                                                                      "Groups": "#0",
                                                                      "Aggregates": "",
                                                                      "Estimated Cardinality": "585"
                                                                    },
                                                                    "cumulative_cardinality": 0,
                                                                    "operator_type": "HASH_GROUP_BY",
                                                                    "operator_cardinality": 1,
                                                                    "cumulative_rows_scanned": 0,
                                                                    "operator_rows_scanned": 0,
                                                                    "operator_timing": 0.000193501,
                                                                    "children": [
                                                                      {
                                                                        "total_bytes_written": 0,
                                                                        "total_bytes_read": 0,
                                                                        "result_set_size": 62,
                                                                        "operator_name": "PROJECTION",
                                                                        "cpu_time": 0.0,
                                                                        "extra_info": {
                                                                          "Projections": "(d_month_seq + 3)",
                                                                          "Estimated Cardinality": "585"
                                                                        },
                                                                        "cumulative_cardinality": 0,
                                                                        "operator_type": "PROJECTION",
                                                                        "operator_cardinality": 31,
                                                                        "cumulative_rows_scanned": 0,
                                                                        "operator_rows_scanned": 0,
                                                                        "operator_timing": 1.02e-07,
                                                                        "children": [
                                                                          {
                                                                            "total_bytes_written": 0,
                                                                            "total_bytes_read": 0,
                                                                            "result_set_size": 62,
                                                                            "operator_name": "PROJECTION",
                                                                            "cpu_time": 0.0,
                                                                            "extra_info": {
                                                                              "Projections": "__internal_compress_integral_usmallint(#0, 3)",
                                                                              "Estimated Cardinality": "585"
                                                                            },
                                                                            "cumulative_cardinality": 0,
                                                                            "operator_type": "PROJECTION",
                                                                            "operator_cardinality": 31,
                                                                            "cumulative_rows_scanned": 0,
                                                                            "operator_rows_scanned": 0,
                                                                            "operator_timing": 1.185e-06,
                                                                            "children": [
                                                                              {
                                                                                "total_bytes_written": 0,
                                                                                "total_bytes_read": 0,
                                                                                "result_set_size": 124,
                                                                                "operator_name": "PROJECTION",
                                                                                "cpu_time": 0.0,
                                                                                "extra_info": {
                                                                                  "Projections": "(d_month_seq + 3)",
                                                                                  "Estimated Cardinality": "585"
                                                                                },
                                                                                "cumulative_cardinality": 0,
                                                                                "operator_type": "PROJECTION",
                                                                                "operator_cardinality": 31,
                                                                                "cumulative_rows_scanned": 0,
                                                                                "operator_rows_scanned": 0,
                                                                                "operator_timing": 2.323e-06,
                                                                                "children": [
                                                                                  {
                                                                                    "total_bytes_written": 0,
                                                                                    "total_bytes_read": 0,
                                                                                    "result_set_size": 124,
                                                                                    "operator_name": "SEQ_SCAN ",
                                                                                    "cpu_time": 0.0,
                                                                                    "extra_info": {
                                                                                      "Table": "date_dim",
                                                                                      "Type": "Sequential Scan",
                                                                                      "Projections": "d_month_seq",
                                                                                      "Filters": [
                                                                                        "d_year=1998",
                                                                                        "d_moy=5"
                                                                                      ],
                                                                                      "Estimated Cardinality": "585"
                                                                                    },
                                                                                    "cumulative_cardinality": 0,
                                                                                    "operator_type": "TABLE_SCAN",
                                                                                    "operator_cardinality": 31,
                                                                                    "cumulative_rows_scanned": 0,
                                                                                    "operator_rows_scanned": 73049,
                                                                                    "operator_timing": 3.5026e-05,
                                                                                    "children": []
                                                                                  }
                                                                                ]
                                                                              }
                                                                            ]
                                                                          }
                                                                        ]
                                                                      }
                                                                    ]
                                                                  }
                                                                ]
                                                              }
                                                            ]
                                                          }
                                                        ]
                                                      }
                                                    ]
                                                  },
                                                  {
                                                    "total_bytes_written": 0,
                                                    "total_bytes_read": 0,
                                                    "result_set_size": 0,
                                                    "operator_name": "NESTED_LOOP_JOIN",
                                                    "cpu_time": 0.0,
                                                    "extra_info": {
                                                      "Join Type": "INNER",
                                                      "Conditions": "d_month_seq >= SUBQUERY",
                                                      "Estimated Cardinality": "0"
                                                    },
                                                    "cumulative_cardinality": 0,
                                                    "operator_type": "NESTED_LOOP_JOIN",
                                                    "operator_cardinality": 0,
                                                    "cumulative_rows_scanned": 0,
                                                    "operator_rows_scanned": 0,
                                                    "operator_timing": 1.1756e-05,
                                                    "children": [
                                                      {
                                                        "total_bytes_written": 0,
                                                        "total_bytes_read": 0,
                                                        "result_set_size": 0,
                                                        "operator_name": "HASH_JOIN",
                                                        "cpu_time": 0.0,
                                                        "extra_info": {
                                                          "Join Type": "INNER",
                                                          "Conditions": "d_date_sk = ss_sold_date_sk",
                                                          "Estimated Cardinality": "6"
                                                        },
                                                        "cumulative_cardinality": 0,
                                                        "operator_type": "HASH_JOIN",
                                                        "operator_cardinality": 0,
                                                        "cumulative_rows_scanned": 0,
                                                        "operator_rows_scanned": 0,
                                                        "operator_timing": 9.551e-06,
                                                        "children": [
                                                          {
                                                            "total_bytes_written": 0,
                                                            "total_bytes_read": 0,
                                                            "result_set_size": 7360,
                                                            "operator_name": "SEQ_SCAN ",
                                                            "cpu_time": 0.0,
                                                            "extra_info": {
                                                              "Table": "date_dim",
                                                              "Type": "Sequential Scan",
                                                              "Projections": [
                                                                "d_date_sk",
                                                                "d_month_seq"
                                                              ],
                                                              "Filters": "d_date_sk>=2450816 AND d_date_sk<=2452642",
                                                              "Estimated Cardinality": "73049"
                                                            },
                                                            "cumulative_cardinality": 0,
                                                            "operator_type": "TABLE_SCAN",
                                                            "operator_cardinality": 920,
                                                            "cumulative_rows_scanned": 0,
                                                            "operator_rows_scanned": 73049,
                                                            "operator_timing": 4.706e-05,
                                                            "children": []
                                                          },
                                                          {
                                                            "total_bytes_written": 0,
                                                            "total_bytes_read": 0,
                                                            "result_set_size": 0,
                                                            "operator_name": "HASH_JOIN",
                                                            "cpu_time": 0.0,
                                                            "extra_info": {
                                                              "Join Type": "INNER",
                                                              "Conditions": "ss_customer_sk = c_customer_sk",
                                                              "Estimated Cardinality": "6"
                                                            },
                                                            "cumulative_cardinality": 0,
                                                            "operator_type": "HASH_JOIN",
                                                            "operator_cardinality": 0,
                                                            "cumulative_rows_scanned": 0,
                                                            "operator_rows_scanned": 0,
                                                            "operator_timing": 0.0003485780000000001,
                                                            "children": [
                                                              {
                                                                "total_bytes_written": 0,
                                                                "total_bytes_read": 0,
                                                                "result_set_size": 200520,
                                                                "operator_name": "SEQ_SCAN ",
                                                                "cpu_time": 0.0,
                                                                "extra_info": {
                                                                  "Table": "store_sales",
                                                                  "Type": "Sequential Scan",
                                                                  "Projections": [
                                                                    "ss_sold_date_sk",
                                                                    "ss_customer_sk",
                                                                    "ss_ext_sales_price"
                                                                  ],
                                                                  "Filters": "ss_wholesale_cost>=70.00 AND ss_wholesale_cost<=100.00",
                                                                  "Estimated Cardinality": "5760198"
                                                                },
                                                                "cumulative_cardinality": 0,
                                                                "operator_type": "TABLE_SCAN",
                                                                "operator_cardinality": 16710,
                                                                "cumulative_rows_scanned": 0,
                                                                "operator_rows_scanned": 806427748,
                                                                "operator_timing": 0.000849589,
                                                                "children": []
                                                              },
                                                              {
                                                                "total_bytes_written": 0,
                                                                "total_bytes_read": 0,
                                                                "result_set_size": 0,
                                                                "operator_name": "HASH_JOIN",
                                                                "cpu_time": 0.0,
                                                                "extra_info": {
                                                                  "Join Type": "INNER",
                                                                  "Conditions": [
                                                                    "ca_county = s_county",
                                                                    "ca_state = s_state"
                                                                  ],
                                                                  "Estimated Cardinality": "0"
                                                                },
                                                                "cumulative_cardinality": 0,
                                                                "operator_type": "HASH_JOIN",
                                                                "operator_cardinality": 0,
                                                                "cumulative_rows_scanned": 0,
                                                                "operator_rows_scanned": 0,
                                                                "operator_timing": 9.5055e-05,
                                                                "children": [
                                                                  {
                                                                    "total_bytes_written": 0,
                                                                    "total_bytes_read": 0,
                                                                    "result_set_size": 0,
                                                                    "operator_name": "HASH_JOIN",
                                                                    "cpu_time": 0.0,
                                                                    "extra_info": {
                                                                      "Join Type": "INNER",
                                                                      "Conditions": "ca_address_sk = c_current_addr_sk",
                                                                      "Estimated Cardinality": "83"
                                                                    },
                                                                    "cumulative_cardinality": 0,
                                                                    "operator_type": "HASH_JOIN",
                                                                    "operator_cardinality": 0,
                                                                    "cumulative_rows_scanned": 0,
                                                                    "operator_rows_scanned": 0,
                                                                    "operator_timing": 0.00027489999999999996,
                                                                    "children": [
                                                                      {
                                                                        "total_bytes_written": 0,
                                                                        "total_bytes_read": 0,
                                                                        "result_set_size": 2376,
                                                                        "operator_name": "SEQ_SCAN ",
                                                                        "cpu_time": 0.0,
                                                                        "extra_info": {
                                                                          "Table": "customer_address",
                                                                          "Type": "Sequential Scan",
                                                                          "Projections": [
                                                                            "ca_address_sk",
                                                                            "ca_county",
                                                                            "ca_state"
                                                                          ],
                                                                          "Estimated Cardinality": "250000"
                                                                        },
                                                                        "cumulative_cardinality": 0,
                                                                        "operator_type": "TABLE_SCAN",
                                                                        "operator_cardinality": 66,
                                                                        "cumulative_rows_scanned": 0,
                                                                        "operator_rows_scanned": 750000,
                                                                        "operator_timing": 0.003693066,
                                                                        "children": []
                                                                      },
                                                                      {
                                                                        "total_bytes_written": 0,
                                                                        "total_bytes_read": 0,
                                                                        "result_set_size": 744,
                                                                        "operator_name": "HASH_GROUP_BY",
                                                                        "cpu_time": 0.0,
                                                                        "extra_info": {
                                                                          "Groups": [
                                                                            "#0",
                                                                            "#1"
                                                                          ],
                                                                          "Aggregates": "",
                                                                          "Estimated Cardinality": "73"
                                                                        },
                                                                        "cumulative_cardinality": 0,
                                                                        "operator_type": "HASH_GROUP_BY",
                                                                        "operator_cardinality": 93,
                                                                        "cumulative_rows_scanned": 0,
                                                                        "operator_rows_scanned": 0,
                                                                        "operator_timing": 0.0009596890000000002,
                                                                        "children": [
                                                                          {
                                                                            "total_bytes_written": 0,
                                                                            "total_bytes_read": 0,
                                                                            "result_set_size": 760,
                                                                            "operator_name": "PROJECTION",
                                                                            "cpu_time": 0.0,
                                                                            "extra_info": {
                                                                              "Projections": [
                                                                                "c_customer_sk",
                                                                                "c_current_addr_sk"
                                                                              ],
                                                                              "Estimated Cardinality": "73"
                                                                            },
                                                                            "cumulative_cardinality": 0,
                                                                            "operator_type": "PROJECTION",
                                                                            "operator_cardinality": 95,
                                                                            "cumulative_rows_scanned": 0,
                                                                            "operator_rows_scanned": 0,
                                                                            "operator_timing": 4.01e-07,
                                                                            "children": [
                                                                              {
                                                                                "total_bytes_written": 0,
                                                                                "total_bytes_read": 0,
                                                                                "result_set_size": 760,
                                                                                "operator_name": "PROJECTION",
                                                                                "cpu_time": 0.0,
                                                                                "extra_info": {
                                                                                  "Projections": [
                                                                                    "c_customer_sk",
                                                                                    "c_current_addr_sk"
                                                                                  ],
                                                                                  "Estimated Cardinality": "73"
                                                                                },
                                                                                "cumulative_cardinality": 0,
                                                                                "operator_type": "PROJECTION",
                                                                                "operator_cardinality": 95,
                                                                                "cumulative_rows_scanned": 0,
                                                                                "operator_rows_scanned": 0,
                                                                                "operator_timing": 8.34e-07,
                                                                                "children": [
                                                                                  {
                                                                                    "total_bytes_written": 0,
                                                                                    "total_bytes_read": 0,
                                                                                    "result_set_size": 2660,
                                                                                    "operator_name": "HASH_JOIN",
                                                                                    "cpu_time": 0.0,
                                                                                    "extra_info": {
                                                                                      "Join Type": "INNER",
                                                                                      "Conditions": "c_customer_sk = customer_sk",
                                                                                      "Estimated Cardinality": "73"
                                                                                    },
                                                                                    "cumulative_cardinality": 0,
                                                                                    "operator_type": "HASH_JOIN",
                                                                                    "operator_cardinality": 95,
                                                                                    "cumulative_rows_scanned": 0,
                                                                                    "operator_rows_scanned": 0,
                                                                                    "operator_timing": 0.001849416,
                                                                                    "children": [
                                                                                      {
                                                                                        "total_bytes_written": 0,
                                                                                        "total_bytes_read": 0,
                                                                                        "result_set_size": 780808,
                                                                                        "operator_name": "SEQ_SCAN ",
                                                                                        "cpu_time": 0.0,
                                                                                        "extra_info": {
                                                                                          "Table": "customer",
                                                                                          "Type": "Sequential Scan",
                                                                                          "Projections": [
                                                                                            "c_customer_sk",
                                                                                            "c_current_addr_sk"
                                                                                          ],
                                                                                          "Filters": "c_birth_year>=1942 AND c_birth_year<=1955",
                                                                                          "Estimated Cardinality": "100000"
                                                                                        },
                                                                                        "cumulative_cardinality": 0,
                                                                                        "operator_type": "TABLE_SCAN",
                                                                                        "operator_cardinality": 97601,
                                                                                        "cumulative_rows_scanned": 0,
                                                                                        "operator_rows_scanned": 2500000,
                                                                                        "operator_timing": 0.001465909,
                                                                                        "children": []
                                                                                      },
                                                                                      {
                                                                                        "total_bytes_written": 0,
                                                                                        "total_bytes_read": 0,
                                                                                        "result_set_size": 8840,
                                                                                        "operator_name": "HASH_JOIN",
                                                                                        "cpu_time": 0.0,
                                                                                        "extra_info": {
                                                                                          "Join Type": "INNER",
                                                                                          "Conditions": "item_sk = i_item_sk",
                                                                                          "Estimated Cardinality": "367"
                                                                                        },
                                                                                        "cumulative_cardinality": 0,
                                                                                        "operator_type": "HASH_JOIN",
                                                                                        "operator_cardinality": 442,
                                                                                        "cumulative_rows_scanned": 0,
                                                                                        "operator_rows_scanned": 0,
                                                                                        "operator_timing": 0.0007170219999999999,
                                                                                        "children": [
                                                                                          {
                                                                                            "total_bytes_written": 0,
                                                                                            "total_bytes_read": 0,
                                                                                            "result_set_size": 1030960,
                                                                                            "operator_name": "HASH_JOIN",
                                                                                            "cpu_time": 0.0,
                                                                                            "extra_info": {
                                                                                              "Join Type": "INNER",
                                                                                              "Conditions": "sold_date_sk = d_date_sk",
                                                                                              "Estimated Cardinality": "34594"
                                                                                            },
                                                                                            "cumulative_cardinality": 0,
                                                                                            "operator_type": "HASH_JOIN",
                                                                                            "operator_cardinality": 64435,
                                                                                            "cumulative_rows_scanned": 0,
                                                                                            "operator_rows_scanned": 0,
                                                                                            "operator_timing": 0.007234129000000001,
                                                                                            "children": [
                                                                                              {
                                                                                                "total_bytes_written": 0,
                                                                                                "total_bytes_read": 0,
                                                                                                "result_set_size": 0,
                                                                                                "operator_name": "UNION",
                                                                                                "cpu_time": 0.0,
                                                                                                "extra_info": {},
                                                                                                "cumulative_cardinality": 0,
                                                                                                "operator_type": "UNION",
                                                                                                "operator_cardinality": 0,
                                                                                                "cumulative_rows_scanned": 0,
                                                                                                "operator_rows_scanned": 0,
                                                                                                "operator_timing": 0.0,
                                                                                                "children": [
                                                                                                  {
                                                                                                    "total_bytes_written": 0,
                                                                                                    "total_bytes_read": 0,
                                                                                                    "result_set_size": 513216,
                                                                                                    "operator_name": "SEQ_SCAN ",
                                                                                                    "cpu_time": 0.0,
                                                                                                    "extra_info": {
                                                                                                      "Table": "catalog_sales",
                                                                                                      "Type": "Sequential Scan",
                                                                                                      "Projections": [
                                                                                                        "cs_sold_date_sk",
                                                                                                        "cs_bill_customer_sk",
                                                                                                        "cs_item_sk"
                                                                                                      ],
                                                                                                      "Filters": "cs_wholesale_cost>=70.00 AND cs_wholesale_cost<=100.00",
                                                                                                      "Estimated Cardinality": "2880252"
                                                                                                    },
                                                                                                    "cumulative_cardinality": 0,
                                                                                                    "operator_type": "TABLE_SCAN",
                                                                                                    "operator_cardinality": 42768,
                                                                                                    "cumulative_rows_scanned": 0,
                                                                                                    "operator_rows_scanned": 403235308,
                                                                                                    "operator_timing": 0.0017925299999999999,
                                                                                                    "children": []
                                                                                                  },
                                                                                                  {
                                                                                                    "total_bytes_written": 0,
                                                                                                    "total_bytes_read": 0,
                                                                                                    "result_set_size": 260004,
                                                                                                    "operator_name": "SEQ_SCAN ",
                                                                                                    "cpu_time": 0.0,
                                                                                                    "extra_info": {
                                                                                                      "Table": "web_sales",
                                                                                                      "Type": "Sequential Scan",
                                                                                                      "Projections": [
                                                                                                        "ws_sold_date_sk",
                                                                                                        "ws_bill_customer_sk",
                                                                                                        "ws_item_sk"
                                                                                                      ],
                                                                                                      "Filters": "ws_wholesale_cost>=70.00 AND ws_wholesale_cost<=100.00",
                                                                                                      "Estimated Cardinality": "1439513"
                                                                                                    },
                                                                                                    "cumulative_cardinality": 0,
                                                                                                    "operator_type": "TABLE_SCAN",
                                                                                                    "operator_cardinality": 21667,
                                                                                                    "cumulative_rows_scanned": 0,
                                                                                                    "operator_rows_scanned": 201531848,
                                                                                                    "operator_timing": 0.04330270400000001,
                                                                                                    "children": []
                                                                                                  }
                                                                                                ]
                                                                                              },
                                                                                              {
                                                                                                "total_bytes_written": 0,
                                                                                                "total_bytes_read": 0,
                                                                                                "result_set_size": 124,
                                                                                                "operator_name": "FILTER",
                                                                                                "cpu_time": 0.0,
                                                                                                "extra_info": {
                                                                                                  "Expression": "(d_date_sk BETWEEN 2450815 AND 2452653)",
                                                                                                  "Estimated Cardinality": "585"
                                                                                                },
                                                                                                "cumulative_cardinality": 0,
                                                                                                "operator_type": "FILTER",
                                                                                                "operator_cardinality": 31,
                                                                                                "cumulative_rows_scanned": 0,
                                                                                                "operator_rows_scanned": 0,
                                                                                                "operator_timing": 1.5101e-05,
                                                                                                "children": [
                                                                                                  {
                                                                                                    "total_bytes_written": 0,
                                                                                                    "total_bytes_read": 0,
                                                                                                    "result_set_size": 124,
                                                                                                    "operator_name": "SEQ_SCAN ",
                                                                                                    "cpu_time": 0.0,
                                                                                                    "extra_info": {
                                                                                                      "Table": "date_dim",
                                                                                                      "Type": "Sequential Scan",
                                                                                                      "Projections": "d_date_sk",
                                                                                                      "Filters": [
                                                                                                        "d_moy=5",
                                                                                                        "d_year=1998"
                                                                                                      ],
                                                                                                      "Estimated Cardinality": "585"
                                                                                                    },
                                                                                                    "cumulative_cardinality": 0,
                                                                                                    "operator_type": "TABLE_SCAN",
                                                                                                    "operator_cardinality": 31,
                                                                                                    "cumulative_rows_scanned": 0,
                                                                                                    "operator_rows_scanned": 73049,
                                                                                                    "operator_timing": 5.029e-05,
                                                                                                    "children": []
                                                                                                  }
                                                                                                ]
                                                                                              }
                                                                                            ]
                                                                                          },
                                                                                          {
                                                                                            "total_bytes_written": 0,
                                                                                            "total_bytes_read": 0,
                                                                                            "result_set_size": 2560,
                                                                                            "operator_name": "SEQ_SCAN ",
                                                                                            "cpu_time": 0.0,
                                                                                            "extra_info": {
                                                                                              "Table": "item",
                                                                                              "Type": "Sequential Scan",
                                                                                              "Projections": "i_item_sk",
                                                                                              "Filters": [
                                                                                                "i_category='Home'",
                                                                                                "i_class='curtains/drapes'"
                                                                                              ],
                                                                                              "Estimated Cardinality": "1020"
                                                                                            },
                                                                                            "cumulative_cardinality": 0,
                                                                                            "operator_type": "TABLE_SCAN",
                                                                                            "operator_cardinality": 640,
                                                                                            "cumulative_rows_scanned": 0,
                                                                                            "operator_rows_scanned": 102000,
                                                                                            "operator_timing": 0.0011125409999999997,
                                                                                            "children": []
                                                                                          }
                                                                                        ]
                                                                                      }
                                                                                    ]
                                                                                  }
                                                                                ]
                                                                              }
                                                                            ]
                                                                          }
                                                                        ]
                                                                      }
                                                                    ]
                                                                  },
                                                                  {
                                                                    "total_bytes_written": 0,
                                                                    "total_bytes_read": 0,
                                                                    "result_set_size": 1120,
                                                                    "operator_name": "PROJECTION",
                                                                    "cpu_time": 0.0,
                                                                    "extra_info": {
                                                                      "Projections": [
                                                                        "#0",
                                                                        "#1"
                                                                      ],
                                                                      "Estimated Cardinality": "20"
                                                                    },
                                                                    "cumulative_cardinality": 0,
                                                                    "operator_type": "PROJECTION",
                                                                    "operator_cardinality": 35,
                                                                    "cumulative_rows_scanned": 0,
                                                                    "operator_rows_scanned": 0,
                                                                    "operator_timing": 1.58e-07,
                                                                    "children": [
                                                                      {
                                                                        "total_bytes_written": 0,
                                                                        "total_bytes_read": 0,
                                                                        "result_set_size": 1155,
                                                                        "operator_name": "FILTER",
                                                                        "cpu_time": 0.0,
                                                                        "extra_info": {
                                                                          "Expression": "IN (...)",
                                                                          "Estimated Cardinality": "20"
                                                                        },
                                                                        "cumulative_cardinality": 0,
                                                                        "operator_type": "FILTER",
                                                                        "operator_cardinality": 35,
                                                                        "cumulative_rows_scanned": 0,
                                                                        "operator_rows_scanned": 0,
                                                                        "operator_timing": 7.927e-06,
                                                                        "children": [
                                                                          {
                                                                            "total_bytes_written": 0,
                                                                            "total_bytes_read": 0,
                                                                            "result_set_size": 3366,
                                                                            "operator_name": "HASH_JOIN",
                                                                            "cpu_time": 0.0,
                                                                            "extra_info": {
                                                                              "Join Type": "MARK",
                                                                              "Conditions": "s_state = #0",
                                                                              "Estimated Cardinality": "102"
                                                                            },
                                                                            "cumulative_cardinality": 0,
                                                                            "operator_type": "HASH_JOIN",
                                                                            "operator_cardinality": 102,
                                                                            "cumulative_rows_scanned": 0,
                                                                            "operator_rows_scanned": 0,
                                                                            "operator_timing": 0.000723372,
                                                                            "children": [
                                                                              {
                                                                                "total_bytes_written": 0,
                                                                                "total_bytes_read": 0,
                                                                                "result_set_size": 3264,
                                                                                "operator_name": "SEQ_SCAN ",
                                                                                "cpu_time": 0.0,
                                                                                "extra_info": {
                                                                                  "Table": "store",
                                                                                  "Type": "Sequential Scan",
                                                                                  "Projections": [
                                                                                    "s_county",
                                                                                    "s_state"
                                                                                  ],
                                                                                  "Filters": "optional: s_state IN ('AR', 'GA', 'IN', 'KS', 'KY', 'NC', 'OH', 'PA', 'SD', 'VA')",
                                                                                  "Estimated Cardinality": "102"
                                                                                },
                                                                                "cumulative_cardinality": 0,
                                                                                "operator_type": "TABLE_SCAN",
                                                                                "operator_cardinality": 102,
                                                                                "cumulative_rows_scanned": 0,
                                                                                "operator_rows_scanned": 102,
                                                                                "operator_timing": 1.0991999999999999e-05,
                                                                                "children": []
                                                                              },
                                                                              {
                                                                                "total_bytes_written": 0,
                                                                                "total_bytes_read": 0,
                                                                                "result_set_size": 160,
                                                                                "operator_name": "COLUMN_DATA_SCAN",
                                                                                "cpu_time": 0.0,
                                                                                "extra_info": {
                                                                                  "Estimated Cardinality": "0"
                                                                                },
                                                                                "cumulative_cardinality": 0,
                                                                                "operator_type": "COLUMN_DATA_SCAN",
                                                                                "operator_cardinality": 10,
                                                                                "cumulative_rows_scanned": 0,
                                                                                "operator_rows_scanned": 0,
                                                                                "operator_timing": 3.071e-06,
                                                                                "children": []
                                                                              }
                                                                            ]
                                                                          }
                                                                        ]
                                                                      }
                                                                    ]
                                                                  }
                                                                ]
                                                              }
                                                            ]
                                                          }
                                                        ]
                                                      },
                                                      {
                                                        "total_bytes_written": 0,
                                                        "total_bytes_read": 0,
                                                        "result_set_size": 4,
                                                        "operator_name": "PROJECTION",
                                                        "cpu_time": 0.0,
                                                        "extra_info": {
                                                          "Projections": [
                                                            "CASE  WHEN ((#1 > 1)) THEN (\"error\"('More than one row returned by a subquery used as an expression - scalar subqueries can only return a single row.",
                                                            "Use \"SET scalar_subquery_error_on_multiple_rows=false\" to revert to previous behavior of returning a random row.')) ELSE #0 END"
                                                          ],
                                                          "Estimated Cardinality": "1"
                                                        },
                                                        "cumulative_cardinality": 0,
                                                        "operator_type": "PROJECTION",
                                                        "operator_cardinality": 1,
                                                        "cumulative_rows_scanned": 0,
                                                        "operator_rows_scanned": 0,
                                                        "operator_timing": 2.075e-06,
                                                        "children": [
                                                          {
                                                            "total_bytes_written": 0,
                                                            "total_bytes_read": 0,
                                                            "result_set_size": 12,
                                                            "operator_name": "UNGROUPED_AGGREGATE",
                                                            "cpu_time": 0.0,
                                                            "extra_info": {
                                                              "Aggregates": [
                                                                "\"first\"(#0)",
                                                                "count_star()"
                                                              ]
                                                            },
                                                            "cumulative_cardinality": 0,
                                                            "operator_type": "UNGROUPED_AGGREGATE",
                                                            "operator_cardinality": 1,
                                                            "cumulative_rows_scanned": 0,
                                                            "operator_rows_scanned": 0,
                                                            "operator_timing": 2.756e-06,
                                                            "children": [
                                                              {
                                                                "total_bytes_written": 0,
                                                                "total_bytes_read": 0,
                                                                "result_set_size": 4,
                                                                "operator_name": "PROJECTION",
                                                                "cpu_time": 0.0,
                                                                "extra_info": {
                                                                  "Projections": "#0",
                                                                  "Estimated Cardinality": "585"
                                                                },
                                                                "cumulative_cardinality": 0,
                                                                "operator_type": "PROJECTION",
                                                                "operator_cardinality": 1,
                                                                "cumulative_rows_scanned": 0,
                                                                "operator_rows_scanned": 0,
                                                                "operator_timing": 9.9e-08,
                                                                "children": [
                                                                  {
                                                                    "total_bytes_written": 0,
                                                                    "total_bytes_read": 0,
                                                                    "result_set_size": 4,
                                                                    "operator_name": "PROJECTION",
                                                                    "cpu_time": 0.0,
                                                                    "extra_info": {
                                                                      "Projections": "__internal_decompress_integral_integer(#0, 1)",
                                                                      "Estimated Cardinality": "585"
                                                                    },
                                                                    "cumulative_cardinality": 0,
                                                                    "operator_type": "PROJECTION",
                                                                    "operator_cardinality": 1,
                                                                    "cumulative_rows_scanned": 0,
                                                                    "operator_rows_scanned": 0,
                                                                    "operator_timing": 1.047e-06,
                                                                    "children": [
                                                                      {
                                                                        "total_bytes_written": 0,
                                                                        "total_bytes_read": 0,
                                                                        "result_set_size": 2,
                                                                        "operator_name": "HASH_GROUP_BY",
                                                                        "cpu_time": 0.0,
                                                                        "extra_info": {
                                                                          "Groups": "#0",
                                                                          "Aggregates": "",
                                                                          "Estimated Cardinality": "585"
                                                                        },
                                                                        "cumulative_cardinality": 0,
                                                                        "operator_type": "HASH_GROUP_BY",
                                                                        "operator_cardinality": 1,
                                                                        "cumulative_rows_scanned": 0,
                                                                        "operator_rows_scanned": 0,
                                                                        "operator_timing": 0.00020283900000000004,
                                                                        "children": [
                                                                          {
                                                                            "total_bytes_written": 0,
                                                                            "total_bytes_read": 0,
                                                                            "result_set_size": 62,
                                                                            "operator_name": "PROJECTION",
                                                                            "cpu_time": 0.0,
                                                                            "extra_info": {
                                                                              "Projections": "(d_month_seq + 1)",
                                                                              "Estimated Cardinality": "585"
                                                                            },
                                                                            "cumulative_cardinality": 0,
                                                                            "operator_type": "PROJECTION",
                                                                            "operator_cardinality": 31,
                                                                            "cumulative_rows_scanned": 0,
                                                                            "operator_rows_scanned": 0,
                                                                            "operator_timing": 1.08e-07,
                                                                            "children": [
                                                                              {
                                                                                "total_bytes_written": 0,
                                                                                "total_bytes_read": 0,
                                                                                "result_set_size": 62,
                                                                                "operator_name": "PROJECTION",
                                                                                "cpu_time": 0.0,
                                                                                "extra_info": {
                                                                                  "Projections": "__internal_compress_integral_usmallint(#0, 1)",
                                                                                  "Estimated Cardinality": "585"
                                                                                },
                                                                                "cumulative_cardinality": 0,
                                                                                "operator_type": "PROJECTION",
                                                                                "operator_cardinality": 31,
                                                                                "cumulative_rows_scanned": 0,
                                                                                "operator_rows_scanned": 0,
                                                                                "operator_timing": 5.03e-07,
                                                                                "children": [
                                                                                  {
                                                                                    "total_bytes_written": 0,
                                                                                    "total_bytes_read": 0,
                                                                                    "result_set_size": 124,
                                                                                    "operator_name": "PROJECTION",
                                                                                    "cpu_time": 0.0,
                                                                                    "extra_info": {
                                                                                      "Projections": "(d_month_seq + 1)",
                                                                                      "Estimated Cardinality": "585"
                                                                                    },
                                                                                    "cumulative_cardinality": 0,
                                                                                    "operator_type": "PROJECTION",
                                                                                    "operator_cardinality": 31,
                                                                                    "cumulative_rows_scanned": 0,
                                                                                    "operator_rows_scanned": 0,
                                                                                    "operator_timing": 1.325e-06,
                                                                                    "children": [
                                                                                      {
                                                                                        "total_bytes_written": 0,
                                                                                        "total_bytes_read": 0,
                                                                                        "result_set_size": 124,
                                                                                        "operator_name": "SEQ_SCAN ",
                                                                                        "cpu_time": 0.0,
                                                                                        "extra_info": {
                                                                                          "Table": "date_dim",
                                                                                          "Type": "Sequential Scan",
                                                                                          "Projections": "d_month_seq",
                                                                                          "Filters": [
                                                                                            "d_year=1998",
                                                                                            "d_moy=5"
                                                                                          ],
                                                                                          "Estimated Cardinality": "585"
                                                                                        },
                                                                                        "cumulative_cardinality": 0,
                                                                                        "operator_type": "TABLE_SCAN",
                                                                                        "operator_cardinality": 31,
                                                                                        "cumulative_rows_scanned": 0,
                                                                                        "operator_rows_scanned": 73049,
                                                                                        "operator_timing": 3.5447e-05,
                                                                                        "children": []
                                                                                      }
                                                                                    ]
                                                                                  }
                                                                                ]
                                                                              }
                                                                            ]
                                                                          }
                                                                        ]
                                                                      }
                                                                    ]
                                                                  }
                                                                ]
                                                              }
                                                            ]
                                                          }
                                                        ]
                                                      }
                                                    ]
                                                  }
                                                ]
                                              }
                                            ]
                                          }
                                        ]
                                      }
                                    ]
                                  }
                                ]
                              }
                            ]
                          }
                        ]
                      }
                    ]
                  }
                ]
              }
            ]
          }
        ]
      }
    ]
  },
  "actual_rows": 0
}