{
  "execution_time_ms": 172.8,
  "plan_text": "\u250c\u2500\u2500\u2500\u2500\u2500\u2500\u2500\u2500\u2500\u2500\u2500\u2500\u2500\u2500\u2500\u2500\u2500\u2500\u2500\u2500\u2500\u2500\u2500\u2500\u2500\u2500\u2500\u2500\u2500\u2500\u2500\u2500\u2500\u2500\u2500\u2500\u2500\u2510\n\u2502\u250c\u2500\u2500\u2500\u2500\u2500\u2500\u2500\u2500\u2500\u2500\u2500\u2500\u2500\u2500\u2500\u2500\u2500\u2500\u2500\u2500\u2500\u2500\u2500\u2500\u2500\u2500\u2500\u2500\u2500\u2500\u2500\u2500\u2500\u2500\u2500\u2510\u2502\n\u2502\u2502    Query Profiling Information    \u2502\u2502\n\u2502\u2514\u2500\u2500\u2500\u2500\u2500\u2500\u2500\u2500\u2500\u2500\u2500\u2500\u2500\u2500\u2500\u2500\u2500\u2500\u2500\u2500\u2500\u2500\u2500\u2500\u2500\u2500\u2500\u2500\u2500\u2500\u2500\u2500\u2500\u2500\u2500\u2518\u2502\n\u2514\u2500\u2500\u2500\u2500\u2500\u2500\u2500\u2500\u2500\u2500\u2500\u2500\u2500\u2500\u2500\u2500\u2500\u2500\u2500\u2500\u2500\u2500\u2500\u2500\u2500\u2500\u2500\u2500\u2500\u2500\u2500\u2500\u2500\u2500\u2500\u2500\u2500\u2518\nEXPLAIN ANALYZE with cs_ui as  (select cs_item_sk         ,sum(cs_ext_list_price) as sale,sum(cr_refunded_cash+cr_reversed_charge+cr_store_credit) as refund   from catalog_sales       ,catalog_returns   where cs_item_sk = cr_item_sk     and cs_order_number = cr_order_number     and cs_wholesale_cost BETWEEN 35 AND 55    group by cs_item_sk   having sum(cs_ext_list_price)>2*sum(cr_refunded_cash+cr_reversed_charge+cr_store_credit)), cross_sales as  (select i_product_name product_name      ,i_item_sk item_sk      ,s_store_name store_name      ,s_zip store_zip      ,ad1.ca_street_number b_street_number      ,ad1.ca_street_name b_street_name      ,ad1.ca_city b_city      ,ad1.ca_zip b_zip      ,ad2.ca_street_number c_street_number      ,ad2.ca_street_name c_street_name      ,ad2.ca_city c_city      ,ad2.ca_zip c_zip      ,d1.d_year as syear      ,d2.d_year as fsyear      ,d3.d_year s2year      ,count(*) cnt      ,sum(ss_wholesale_cost) s1      ,sum(ss_list_price) s2      ,sum(ss_coupon_amt) s3   FROM   store_sales         ,store_returns         ,cs_ui         ,date_dim d1         ,date_dim d2         ,date_dim d3         ,store         ,customer         ,customer_demographics cd1         ,customer_demographics cd2         ,promotion         ,household_demographics hd1         ,household_demographics hd2         ,customer_address ad1         ,customer_address ad2         ,income_band ib1         ,income_band ib2         ,item   WHERE  ss_store_sk = s_store_sk AND          ss_sold_date_sk = d1.d_date_sk AND          ss_customer_sk = c_customer_sk AND          ss_cdemo_sk= cd1.cd_demo_sk AND          ss_hdemo_sk = hd1.hd_demo_sk AND          ss_addr_sk = ad1.ca_address_sk and          ss_item_sk = i_item_sk and          ss_item_sk = sr_item_sk and          ss_ticket_number = sr_ticket_number and          ss_item_sk = cs_ui.cs_item_sk and          c_current_cdemo_sk = cd2.cd_demo_sk AND          c_current_hdemo_sk = hd2.hd_demo_sk AND          c_current_addr_sk = ad2.ca_address_sk and          c_first_sales_date_sk = d2.d_date_sk and          c_first_shipto_date_sk = d3.d_date_sk and          ss_promo_sk = p_promo_sk and          hd1.hd_income_band_sk = ib1.ib_income_band_sk and          hd2.hd_income_band_sk = ib2.ib_income_band_sk and          cd1.cd_marital_status <> cd2.cd_marital_status and          i_current_price between 26 and 26 + 10          and p_channel_email = 'N'          and p_channel_tv = 'Y'          and p_channel_radio = 'N'          and ad2.ca_state in ('IA','IL','TX')          and ss_wholesale_cost BETWEEN 35 AND 55          and cd1.cd_marital_status in ('M', 'M', 'U')          and cd1.cd_education_status in ('Unknown', 'Advanced Degree', 'College')          and cd2.cd_marital_status in ('M', 'M', 'U')          and cd2.cd_education_status in ('Unknown', 'Advanced Degree', 'College') group by i_product_name        ,i_item_sk        ,s_store_name        ,s_zip        ,ad1.ca_street_number        ,ad1.ca_street_name        ,ad1.ca_city        ,ad1.ca_zip        ,ad2.ca_street_number        ,ad2.ca_street_name        ,ad2.ca_city        ,ad2.ca_zip        ,d1.d_year        ,d2.d_year        ,d3.d_year ) select cs1.product_name      ,cs1.store_name      ,cs1.store_zip      ,cs1.b_street_number      ,cs1.b_street_name      ,cs1.b_city      ,cs1.b_zip      ,cs1.c_street_number      ,cs1.c_street_name      ,cs1.c_city      ,cs1.c_zip      ,cs1.syear      ,cs1.cnt      ,cs1.s1 as s11      ,cs1.s2 as s21      ,cs1.s3 as s31      ,cs2.s1 as s12      ,cs2.s2 as s22      ,cs2.s3 as s32      ,cs2.syear      ,cs2.cnt from cross_sales cs1,cross_sales cs2 where cs1.item_sk=cs2.item_sk and      cs1.syear = 1998 and      cs2.syear = 1998 + 1 and      cs2.cnt <= cs1.cnt and      cs1.store_name = cs2.store_name and      cs1.store_zip = cs2.store_zip order by cs1.product_name        ,cs1.store_name        ,cs2.cnt        ,cs1.s1        ,cs2.s1 \n\u250c\u2500\u2500\u2500\u2500\u2500\u2500\u2500\u2500\u2500\u2500\u2500\u2500\u2500\u2500\u2500\u2500\u2500\u2500\u2500\u2500\u2500\u2500\u2500\u2500\u2500\u2500\u2500\u2500\u2500\u2500\u2500\u2500\u2500\u2500\u2500\u2500\u2500\u2500\u2500\u2500\u2500\u2500\u2500\u2500\u2500\u2500\u2500\u2500\u2510\n\u2502\u250c\u2500\u2500\u2500\u2500\u2500\u2500\u2500\u2500\u2500\u2500\u2500\u2500\u2500\u2500\u2500\u2500\u2500\u2500\u2500\u2500\u2500\u2500\u2500\u2500\u2500\u2500\u2500\u2500\u2500\u2500\u2500\u2500\u2500\u2500\u2500\u2500\u2500\u2500\u2500\u2500\u2500\u2500\u2500\u2500\u2500\u2500\u2510\u2502\n\u2502\u2502              Total Time: 0.112s              \u2502\u2502\n\u2502\u2514\u2500\u2500\u2500\u2500\u2500\u2500\u2500\u2500\u2500\u2500\u2500\u2500\u2500\u2500\u2500\u2500\u2500\u2500\u2500\u2500\u2500\u2500\u2500\u2500\u2500\u2500\u2500\u2500\u2500\u2500\u2500\u2500\u2500\u2500\u2500\u2500\u2500\u2500\u2500\u2500\u2500\u2500\u2500\u2500\u2500\u2500\u2518\u2502\n\u2514\u2500\u2500\u2500\u2500\u2500\u2500\u2500\u2500\u2500\u2500\u2500\u2500\u2500\u2500\u2500\u2500\u2500\u2500\u2500\u2500\u2500\u2500\u2500\u2500\u2500\u2500\u2500\u2500\u2500\u2500\u2500\u2500\u2500\u2500\u2500\u2500\u2500\u2500\u2500\u2500\u2500\u2500\u2500\u2500\u2500\u2500\u2500\u2500\u2518\n\u250c\u2500\u2500\u2500\u2500\u2500\u2500\u2500\u2500\u2500\u2500\u2500\u2500\u2500\u2510\n\u2502    QUERY    \u2502\n\u2514\u2500\u2500\u2500\u2500\u2500\u2500\u252c\u2500\u2500\u2500\u2500\u2500\u2500\u2518\n\u250c\u2500\u2500\u2500\u2500\u2500\u2500\u2534\u2500\u2500\u2500\u2500\u2500\u2500\u2510\n\u2502EXPLAIN_...  \u2502\n\u2502    \u2500\u2500\u2500\u2500\u2500\u2500   \u2502\n\u2502    0 rows   \u2502\n\u2502   (0.00s)   \u2502\n\u2514\u2500\u2500\u2500\u2500\u2500\u2500\u252c\u2500\u2500\u2500\u2500\u2500\u2500\u2518\n\u250c\u2500\u2500\u2500\u2500\u2500\u2500\u2534\u2500\u2500\u2500\u2500\u2500\u2500\u2510\n\u2502     CTE     \u2502\n\u2502    \u2500\u2500\u2500\u2500\u2500\u2500   \u2502\n\u2502  CTE Name:  \u2502\n\u2502 cross_sales \u2502\n\u2502             \u2502\n\u2502 Table Index:\u251c\u2500\u2500\u2500\u2500\u2500\u2500\u2500\u2500\u2500\u2500\u2500\u2500\u2500\u2500\u2500\u2500\u2500\u2500\u2500\u2500\u2500\u2500\u2500\u2500\u2500\u2500\u2500\u2500\u2500\u2500\u2500\u2500\u2500\u2500\u2500\u2500\u2500\u2500\u2500\u2500\u2500\u2500\u2500\u2500\u2500\u2500\u2500\u2500\u2500\u2500\u2500\u2500\u2500\u2500\u2500\u2500\u2500\u2500\u2500\u2500\u2500\u2500\u2500\u2500\u2500\u2500\u2500\u2500\u2500\u2500\u2500\u2500\u2500\u2500\u2500\u2500\u2500\u2500\u2500\u2500\u2500\u2500\u2500\u2500\u2500\u2500\u2500\u2500\u2500\u2500\u2500\u2500\u2500\u2500\u2500\u2500\u2500\u2500\u2500\u2500\u2500\u2500\u2500\u2500\u2500\u2500\u2500\u2500\u2500\u2500\u2500\u2500\u2500\u2500\u2500\u2500\u2500\u2500\u2500\u2500\u2500\u2500\u2500\u2500\u2500\u2500\u2500\u2500\u2500\u2500\u2500\u2500\u2500\u2500\u2500\u2500\u2500\u2500\u2500\u2500\u2500\u2500\u2500\u2500\u2500\u2500\u2500\u2500\u2500\u2500\u2500\u2500\u2500\u2500\u2500\u2500\u2500\u2500\u2500\u2500\u2500\u2500\u2500\u2500\u2500\u2500\u2500\u2500\u2500\u2500\u2500\u2500\u2500\u2500\u2500\u2500\u2500\u2500\u2500\u2500\u2500\u2500\u2500\u2500\u2500\u2500\u2500\u2500\u2500\u2500\u2500\u2500\u2500\u2500\u2500\u2500\u2500\u2500\u2500\u2500\u2500\u2500\u2500\u2500\u2500\u2500\u2500\u2500\u2500\u2500\u2500\u2500\u2500\u2500\u2500\u2500\u2500\u2500\u2500\u2500\u2500\u2500\u2500\u2500\u2500\n\u2502      9      \u2502                                                                                                                                                                                                                                 \n\u2502             \u2502                                                                                                                                                                                                                                 \n\u2502    0 rows   \u2502                                                                                                                                                                                                                                 \n\u2502   (0.00s)   \u2502                                                                                                                                                                                                                                 \n\u2514\u2500\u2500\u2500\u2500\u2500\u2500\u252c\u2500\u2500\u2500\u2500\u2500\u2500\u2518                                                                                                                                                                                                                                 \n\u250c\u2500\u2500\u2500\u2500\u2500\u2500\u2534\u2500\u2500\u2500\u2500\u2500\u2500\u2510                                                                                                                                                                                                                                 \n\u2502  PROJECTION \u2502                                                                                                                                                                                                                                 \n\u2502    \u2500\u2500\u2500\u2500\u2500\u2500   \u2502                                                                                                                                                                                                                                 \n\u2502      #0     \u2502                                                                                                                                                                                                                                 \n\u2502      #1     \u2502                                                                                                                                                                                                                                 \n\u2502__internal_de\u2502                                                                                                                                                                                                                                 \n\u2502compress_stri\u2502                                                                                                                                                                                                                                 \n\u2502    ng(#2)   \u2502                                                                                                                                                                                                                                 \n\u2502__internal_de\u2502                                                                                                                                                                                                                                 \n\u2502compress_stri\u2502                                                                                                                                                                                                                                 \n\u2502    ng(#3)   \u2502                                                                                                                                                                                                                                 \n\u2502__internal_de\u2502                                                                                                                                                                                                                                 \n\u2502compress_stri\u2502                                                                                                                                                                                                                                 \n\u2502    ng(#4)   \u2502                                                                                                                                                                                                                                 \n\u2502      #5     \u2502                                                                                                                                                                                                                                 \n\u2502      #6     \u2502                                                                                                                                                                                                                                 \n\u2502__internal_de\u2502                                                                                                                                                                                                                                 \n\u2502compress_stri\u2502                                                                                                                                                                                                                                 \n\u2502    ng(#7)   \u2502                                                                                                                                                                                                                                 \n\u2502__internal_de\u2502                                                                                                                                                                                                                                 \n\u2502compress_stri\u2502                                                                                                                                                                                                                                 \n\u2502    ng(#8)   \u2502                                                                                                                                                                                                                                 \n\u2502      #9     \u2502                                                                                                                                                                                                                                 \n\u2502     #10     \u2502                                                                                                                                                                                                                                 \n\u2502__internal_de\u2502                                                                                                                                                                                                                                 \n\u2502compress_stri\u2502                                                                                                                                                                                                                                 \n\u2502   ng(#11)   \u2502                                                                                                                                                                                                                                 \n\u2502__internal_de\u2502                                                                                                                                                                                                                                 \n\u2502compress_inte\u2502                                                                                                                                                                                                                                 \n\u2502 gral_integer\u2502                                                                                                                                                                                                                                 \n\u2502 (#12, 1900) \u2502                                                                                                                                                                                                                                 \n\u2502__internal_de\u2502                                                                                                                                                                                                                                 \n\u2502compress_inte\u2502                                                                                                                                                                                                                                 \n\u2502 gral_integer\u2502                                                                                                                                                                                                                                 \n\u2502 (#13, 1900) \u2502                                                                                                                                                                                                                                 \n\u2502__internal_de\u2502                                                                                                                                                                                                                                 \n\u2502compress_inte\u2502                                                                                                                                                                                                                                 \n\u2502 gral_integer\u2502                                                                                                                                                                                                                                 \n\u2502 (#14, 1900) \u2502                                                                                                                                                                                                                                 \n\u2502     #15     \u2502                                                                                                                                                                                                                                 \n\u2502     #16     \u2502                                                                                                                                                                                                                                 \n\u2502     #17     \u2502                                                                                                                                                                                                                                 \n\u2502     #18     \u2502                                                                                                                                                                                                                                 \n\u2502             \u2502                                                                                                                                                                                                                                 \n\u2502    0 rows   \u2502                                                                                                                                                                                                                                 \n\u2502   (0.00s)   \u2502                                                                                                                                                                                                                                 \n\u2514\u2500\u2500\u2500\u2500\u2500\u2500\u252c\u2500\u2500\u2500\u2500\u2500\u2500\u2518                                                                                                                                                                                                                                 \n\u250c\u2500\u2500\u2500\u2500\u2500\u2500\u2534\u2500\u2500\u2500\u2500\u2500\u2500\u2510                                                                                                                                                                                                                                 \n\u2502HASH_GROUP_BY\u2502                                                                                                                                                                                                                                 \n\u2502    \u2500\u2500\u2500\u2500\u2500\u2500   \u2502                                                                                                                                                                                                                                 \n\u2502   Groups:   \u2502                                                                                                                                                                                                                                 \n\u2502      #0     \u2502                                                                                                                                                                                                                                 \n\u2502      #1     \u2502                                                                                                                                                                                                                                 \n\u2502      #2     \u2502                                                                                                                                                                                                                                 \n\u2502      #3     \u2502                                                                                                                                                                                                                                 \n\u2502      #4     \u2502                                                                                                                                                                                                                                 \n\u2502      #5     \u2502                                                                                                                                                                                                                                 \n\u2502      #6     \u2502                                                                                                                                                                                                                                 \n\u2502      #7     \u2502                                                                                                                                                                                                                                 \n\u2502      #8     \u2502                                                                                                                                                                                                                                 \n\u2502      #9     \u2502                                                                                                                                                                                                                                 \n\u2502     #10     \u2502                                                                                                                                                                                                                                 \n\u2502     #11     \u2502                                                                                                                                                                                                                                 \n\u2502     #12     \u2502                                                                                                                                                                                                                                 \n\u2502     #13     \u2502                                                                                                                                                                                                                                 \n\u2502     #14     \u2502                                                                                                                                                                                                                                 \n\u2502             \u2502                                                                                                                                                                                                                                 \n\u2502 Aggregates: \u2502                                                                                                                                                                                                                                 \n\u2502 count_star()\u2502                                                                                                                                                                                                                                 \n\u2502   sum(#15)  \u2502                                                                                                                                                                                                                                 \n\u2502   sum(#16)  \u2502                                                                                                                                                                                                                                 \n\u2502   sum(#17)  \u2502                                                                                                                                                                                                                                 \n\u2502             \u2502                                                                                                                                                                                                                                 \n\u2502             \u2502                                                                                                                                                                                                                                 \n\u2502    0 rows   \u2502                                                                                                                                                                                                                                 \n\u2502   (0.00s)   \u2502                                                                                                                                                                                                                                 \n\u2514\u2500\u2500\u2500\u2500\u2500\u2500\u252c\u2500\u2500\u2500\u2500\u2500\u2500\u2518                                                                                                                                                                                                                                 \n\u250c\u2500\u2500\u2500\u2500\u2500\u2500\u2534\u2500\u2500\u2500\u2500\u2500\u2500\u2510                                                                                                                                                                                                                                 \n\u2502  PROJECTION \u2502                                                                                                                                                                                                                                 \n\u2502    \u2500\u2500\u2500\u2500\u2500\u2500   \u2502                                                                                                                                                                                                                                 \n\u2502i_product_nam\u2502                                                                                                                                                                                                                                 \n\u2502      e      \u2502                                                                                                                                                                                                                                 \n\u2502  i_item_sk  \u2502                                                                                                                                                                                                                                 \n\u2502 s_store_name\u2502                                                                                                                                                                                                                                 \n\u2502    s_zip    \u2502                                                                                                                                                                                                                                 \n\u2502ca_street_num\u2502                                                                                                                                                                                                                                 \n\u2502     ber     \u2502                                                                                                                                                                                                                                 \n\u2502ca_street_nam\u2502                                                                                                                                                                                                                                 \n\u2502      e      \u2502                                                                                                                                                                                                                                 \n\u2502   ca_city   \u2502                                                                                                                                                                                                                                 \n\u2502    ca_zip   \u2502                                                                                                                                                                                                                                 \n\u2502ca_street_num\u2502                                                                                                                                                                                                                                 \n\u2502     ber     \u2502                                                                                                                                                                                                                                 \n\u2502ca_street_nam\u2502                                                                                                                                                                                                                                 \n\u2502      e      \u2502                                                                                                                                                                                                                                 \n\u2502   ca_city   \u2502                                                                                                                                                                                                                                 \n\u2502    ca_zip   \u2502                                                                                                                                                                                                                                 \n\u2502    d_year   \u2502                                                                                                                                                                                                                                 \n\u2502    d_year   \u2502                                                                                                                                                                                                                                 \n\u2502    d_year   \u2502                                                                                                                                                                                                                                 \n\u2502ss_wholesale_\u2502                                                                                                                                                                                                                                 \n\u2502     cost    \u2502                                                                                                                                                                                                                                 \n\u2502ss_list_price\u2502                                                                                                                                                                                                                                 \n\u2502ss_coupon_amt\u2502                                                                                                                                                                                                                                 \n\u2502             \u2502                                                                                                                                                                                                                                 \n\u2502    0 rows   \u2502                                                                                                                                                                                                                                 \n\u2502   (0.00s)   \u2502                                                                                                                                                                                                                                 \n\u2514\u2500\u2500\u2500\u2500\u2500\u2500\u252c\u2500\u2500\u2500\u2500\u2500\u2500\u2518                                                                                                                                                                                                                                 \n\u250c\u2500\u2500\u2500\u2500\u2500\u2500\u2534\u2500\u2500\u2500\u2500\u2500\u2500\u2510                                                                                                                                                                                                                                 \n\u2502  PROJECTION \u2502                                                                                                                                                                                                                                 \n\u2502    \u2500\u2500\u2500\u2500\u2500\u2500   \u2502                                                                                                                                                                                                                                 \n\u2502      #0     \u2502                                                                                                                                                                                                                                 \n\u2502      #1     \u2502                                                                                                                                                                                                                                 \n\u2502__internal_co\u2502                                                                                                                                                                                                                                 \n\u2502mpress_string\u2502                                                                                                                                                                                                                                 \n\u2502 _ubigint(#2)\u2502                                                                                                                                                                                                                                 \n\u2502      #3     \u2502                                                                                                                                                                                                                                 \n\u2502      #4     \u2502                                                                                                                                                                                                                                 \n\u2502__internal_co\u2502                                                                                                                                                                                                                                 \n\u2502mpress_string\u2502                                                                                                                                                                                                                                 \n\u2502 _ubigint(#5)\u2502                                                                                                                                                                                                                                 \n\u2502__internal_co\u2502                                                                                                                                                                                                                                 \n\u2502mpress_string\u2502                                                                                                                                                                                                                                 \n\u2502_ubigint(#16)\u2502                                                                                                                                                                                                                                 \n\u2502__internal_co\u2502                                                                                                                                                                                                                                 \n\u2502mpress_string\u2502                                                                                                                                                                                                                                 \n\u2502_ubigint(#17)\u2502                                                                                                                                                                                                                                 \n\u2502__internal_co\u2502                                                                                                                                                                                                                                 \n\u2502mpress_integr\u2502                                                                                                                                                                                                                                 \n\u2502 al_utinyint(\u2502                                                                                                                                                                                                                                 \n\u2502  #15, 1900) \u2502                                                                                                                                                                                                                                 \n\u2502      #6     \u2502                                                                                                                                                                                                                                 \n\u2502      #7     \u2502                                                                                                                                                                                                                                 \n\u2502      #8     \u2502                                                                                                                                                                                                                                 \n\u2502__internal_co\u2502                                                                                                                                                                                                                                 \n\u2502mpress_integr\u2502                                                                                                                                                                                                                                 \n\u2502 al_utinyint(\u2502                                                                                                                                                                                                                                 \n\u2502  #9, 1900)  \u2502                                                                                                                                                                                                                                 \n\u2502__internal_co\u2502                                                                                                                                                                                                                                 \n\u2502mpress_integr\u2502                                                                                                                                                                                                                                 \n\u2502 al_utinyint(\u2502                                                                                                                                                                                                                                 \n\u2502  #10, 1900) \u2502                                                                                                                                                                                                                                 \n\u2502__internal_co\u2502                                                                                                                                                                                                                                 \n\u2502mpress_string\u2502                                                                                                                                                                                                                                 \n\u2502_ubigint(#11)\u2502                                                                                                                                                                                                                                 \n\u2502     #12     \u2502                                                                                                                                                                                                                                 \n\u2502     #13     \u2502                                                                                                                                                                                                                                 \n\u2502__internal_co\u2502                                                                                                                                                                                                                                 \n\u2502mpress_string\u2502                                                                                                                                                                                                                                 \n\u2502_ubigint(#14)\u2502                                                                                                                                                                                                                                 \n\u2502             \u2502                                                                                                                                                                                                                                 \n\u2502    0 rows   \u2502                                                                                                                                                                                                                                 \n\u2502   (0.00s)   \u2502                                                                                                                                                                                                                                 \n\u2514\u2500\u2500\u2500\u2500\u2500\u2500\u252c\u2500\u2500\u2500\u2500\u2500\u2500\u2518                                                                                                                                                                                                                                 \n\u250c\u2500\u2500\u2500\u2500\u2500\u2500\u2534\u2500\u2500\u2500\u2500\u2500\u2500\u2510                                                                                                                                                                                                                                 \n\u2502  HASH_JOIN  \u2502                                                                                                                                                                                                                                 \n\u2502    \u2500\u2500\u2500\u2500\u2500\u2500   \u2502                                                                                                                                                                                                                                 \n\u2502  Join Type: \u2502                                                                                                                                                                                                                                 \n\u2502    INNER    \u2502                                                                                                                                                                                                                                 \n\u2502             \u2502                                                                                                                                                                                                                                 \n\u2502 Conditions: \u2502                                                                                                                                                                                                                                 \n\u2502 sr_item_sk =\u2502                                                                                                                                                                                                                                 \n\u2502  ss_item_sk \u251c\u2500\u2500\u2500\u2500\u2500\u2500\u2500\u2500\u2500\u2500\u2500\u2500\u2500\u2500\u2500\u2500\u2500\u2500\u2500\u2500\u2500\u2500\u2500\u2500\u2500\u2500\u2500\u2500\u2500\u2500\u2500\u2500\u2500\u2500\u2500\u2500\u2500\u2500\u2500\u2500\u2500\u2500\u2500\u2500\u2500\u2500\u2500\u2500\u2500\u2500\u2500\u2500\u2510                                                                                                                                                                            \n\u2502sr_ticket_num\u2502                                                    \u2502                                                                                                                                                                            \n\u2502ber = ss_tick\u2502                                                    \u2502                                                                                                                                                                            \n\u2502  et_number  \u2502                                                    \u2502                                                                                                                                                                            \n\u2502             \u2502                                                    \u2502                                                                                                                                                                            \n\u2502    0 rows   \u2502                                                    \u2502                                                                                                                                                                            \n\u2502   (0.00s)   \u2502                                                    \u2502                                                                                                                                                                            \n\u2514\u2500\u2500\u2500\u2500\u2500\u2500\u252c\u2500\u2500\u2500\u2500\u2500\u2500\u2518                                                    \u2502                                                                                                                                                                            \n\u250c\u2500\u2500\u2500\u2500\u2500\u2500\u2534\u2500\u2500\u2500\u2500\u2500\u2500\u2510                                             \u250c\u2500\u2500\u2500\u2500\u2500\u2500\u2534\u2500\u2500\u2500\u2500\u2500\u2500\u2510                                                                                                                                                                     \n\u2502  HASH_JOIN  \u2502                                             \u2502  HASH_JOIN  \u2502                                                                                                                                                                     \n\u2502    \u2500\u2500\u2500\u2500\u2500\u2500   \u2502                                             \u2502    \u2500\u2500\u2500\u2500\u2500\u2500   \u2502                                                                                                                                                                     \n\u2502  Join Type: \u2502                                             \u2502  Join Type: \u2502                                                                                                                                                                     \n\u2502    INNER    \u2502                                             \u2502    INNER    \u2502                                                                                                                                                                     \n\u2502             \u2502                                             \u2502             \u2502                                                                                                                                                                     \n\u2502 Conditions: \u251c\u2500\u2500\u2500\u2500\u2500\u2500\u2500\u2510                                     \u2502 Conditions: \u251c\u2500\u2500\u2500\u2500\u2500\u2500\u2500\u2500\u2500\u2500\u2500\u2500\u2500\u2500\u2500\u2500\u2500\u2500\u2500\u2500\u2500\u2500\u2510                                                                                                                                              \n\u2502 sr_item_sk =\u2502       \u2502                                     \u2502 hd_demo_sk =\u2502                      \u2502                                                                                                                                              \n\u2502   i_item_sk \u2502       \u2502                                     \u2502  ss_hdemo_sk\u2502                      \u2502                                                                                                                                              \n\u2502             \u2502       \u2502                                     \u2502             \u2502                      \u2502                                                                                                                                              \n\u2502    0 rows   \u2502       \u2502                                     \u2502    0 rows   \u2502                      \u2502                                                                                                                                              \n\u2502   (0.01s)   \u2502       \u2502                                     \u2502   (0.00s)   \u2502                      \u2502                                                                                                                                              \n\u2514\u2500\u2500\u2500\u2500\u2500\u2500\u252c\u2500\u2500\u2500\u2500\u2500\u2500\u2518       \u2502                                     \u2514\u2500\u2500\u2500\u2500\u2500\u2500\u252c\u2500\u2500\u2500\u2500\u2500\u2500\u2518                      \u2502                                                                                                                                              \n\u250c\u2500\u2500\u2500\u2500\u2500\u2500\u2534\u2500\u2500\u2500\u2500\u2500\u2500\u2510\u250c\u2500\u2500\u2500\u2500\u2500\u2500\u2534\u2500\u2500\u2500\u2500\u2500\u2500\u2510                              \u250c\u2500\u2500\u2500\u2500\u2500\u2500\u2534\u2500\u2500\u2500\u2500\u2500\u2500\u2510               \u250c\u2500\u2500\u2500\u2500\u2500\u2500\u2534\u2500\u2500\u2500\u2500\u2500\u2500\u2510\n\u2502  TABLE_SCAN \u2502\u2502  HASH_JOIN  \u2502                              \u2502  HASH_JOIN  \u2502               \u2502  HASH_JOIN  \u2502\n\u2502    \u2500\u2500\u2500\u2500\u2500\u2500   \u2502\u2502    \u2500\u2500\u2500\u2500\u2500\u2500   \u2502                              \u2502    \u2500\u2500\u2500\u2500\u2500\u2500   \u2502               \u2502    \u2500\u2500\u2500\u2500\u2500\u2500   \u2502\n\u2502    Table:   \u2502\u2502  Join Type: \u2502                              \u2502  Join Type: \u2502               \u2502  Join Type: \u2502\n\u2502store_returns\u2502\u2502    INNER    \u2502                              \u2502    INNER    \u2502               \u2502    INNER    \u2502\n\u2502             \u2502\u2502             \u2502                              \u2502             \u2502               \u2502             \u2502\n\u2502    Type:    \u2502\u2502 Conditions: \u2502                              \u2502 Conditions: \u2502               \u2502 Conditions: \u2502\n\u2502  Sequential \u2502\u2502 cs_item_sk =\u2502                              \u2502hd_income_ban\u2502               \u2502ca_address_sk\u2502\n\u2502     Scan    \u2502\u2502   i_item_sk \u2502                              \u2502d_sk = ib_inc\u2502               \u2502 = ss_addr_sk\u2502\n\u2502             \u2502\u2502             \u251c\u2500\u2500\u2500\u2500\u2500\u2500\u2500\u2500\u2500\u2500\u2500\u2500\u2500\u2500\u2500\u2500\u2500\u2500\u2500\u2500\u2500\u2500\u2510       \u2502 ome_band_sk \u251c\u2500\u2500\u2500\u2500\u2500\u2500\u2500\u2510       \u2502             \u251c\u2500\u2500\u2500\u2500\u2500\u2500\u2500\u2510\n\u2502 Projections:\u2502\u2502             \u2502                      \u2502       \u2502             \u2502       \u2502       \u2502             \u2502       \u2502\n\u2502  sr_item_sk \u2502\u2502             \u2502                      \u2502       \u2502             \u2502       \u2502       \u2502             \u2502       \u2502\n\u2502sr_ticket_num\u2502\u2502             \u2502                      \u2502       \u2502             \u2502       \u2502       \u2502             \u2502       \u2502\n\u2502     ber     \u2502\u2502             \u2502                      \u2502       \u2502             \u2502       \u2502       \u2502             \u2502       \u2502\n\u2502             \u2502\u2502             \u2502                      \u2502       \u2502             \u2502       \u2502       \u2502             \u2502       \u2502\n\u25022,858,36...  \u2502\u2502   958 rows  \u2502                      \u2502       \u2502  2,048 rows \u2502       \u2502       \u2502    0 rows   \u2502       \u2502\n\u2502   (0.01s)   \u2502\u2502   (0.00s)   \u2502                      \u2502       \u2502   (0.00s)   \u2502       \u2502       \u2502   (0.00s)   \u2502       \u2502\n\u2514\u2500\u2500\u2500\u2500\u2500\u2500\u2500\u2500\u2500\u2500\u2500\u2500\u2500\u2518\u2514\u2500\u2500\u2500\u2500\u2500\u2500\u252c\u2500\u2500\u2500\u2500\u2500\u2500\u2518                      \u2502       \u2514\u2500\u2500\u2500\u2500\u2500\u2500\u252c\u2500\u2500\u2500\u2500\u2500\u2500\u2518       \u2502       \u2514\u2500\u2500\u2500\u2500\u2500\u2500\u252c\u2500\u2500\u2500\u2500\u2500\u2500\u2518       \u2502\n               \u250c\u2500\u2500\u2500\u2500\u2500\u2500\u2534\u2500\u2500\u2500\u2500\u2500\u2500\u2510               \u250c\u2500\u2500\u2500\u2500\u2500\u2500\u2534\u2500\u2500\u2500\u2500\u2500\u2500\u2510\u250c\u2500\u2500\u2500\u2500\u2500\u2500\u2534\u2500\u2500\u2500\u2500\u2500\u2500\u2510\u250c\u2500\u2500\u2500\u2500\u2500\u2500\u2534\u2500\u2500\u2500\u2500\u2500\u2500\u2510\u250c\u2500\u2500\u2500\u2500\u2500\u2500\u2534\u2500\u2500\u2500\u2500\u2500\u2500\u2510\u250c\u2500\u2500\u2500\u2500\u2500\u2500\u2534\u2500\u2500\u2500\u2500\u2500\u2500\u2510\n               \u2502  PROJECTION \u2502               \u2502  TABLE_SCAN \u2502\u2502  TABLE_SCAN \u2502\u2502  TABLE_SCAN \u2502\u2502  TABLE_SCAN \u2502\u2502  HASH_JOIN  \u2502\n               \u2502    \u2500\u2500\u2500\u2500\u2500\u2500   \u2502               \u2502    \u2500\u2500\u2500\u2500\u2500\u2500   \u2502\u2502    \u2500\u2500\u2500\u2500\u2500\u2500   \u2502\u2502    \u2500\u2500\u2500\u2500\u2500\u2500   \u2502\u2502    \u2500\u2500\u2500\u2500\u2500\u2500   \u2502\u2502    \u2500\u2500\u2500\u2500\u2500\u2500   \u2502\n               \u2502      #0     \u2502               \u2502    Table:   \u2502\u2502    Table:   \u2502\u2502    Table:   \u2502\u2502    Table:   \u2502\u2502  Join Type: \u2502\n               \u2502             \u2502               \u2502     item    \u2502\u2502household_dem\u2502\u2502 income_band \u2502\u2502customer_addr\u2502\u2502    INNER    \u2502\n               \u2502             \u2502               \u2502             \u2502\u2502  ographics  \u2502\u2502             \u2502\u2502     ess     \u2502\u2502             \u2502\n               \u2502             \u2502               \u2502    Type:    \u2502\u2502             \u2502\u2502    Type:    \u2502\u2502             \u2502\u2502 Conditions: \u2502\n               \u2502             \u2502               \u2502  Sequential \u2502\u2502    Type:    \u2502\u2502  Sequential \u2502\u2502    Type:    \u2502\u2502 ss_store_sk \u2502\n               \u2502             \u2502               \u2502     Scan    \u2502\u2502  Sequential \u2502\u2502     Scan    \u2502\u2502  Sequential \u2502\u2502 = s_store_sk\u2502\n               \u2502             \u2502               \u2502             \u2502\u2502     Scan    \u2502\u2502             \u2502\u2502     Scan    \u2502\u2502             \u2502\n               \u2502             \u2502               \u2502 Projections:\u2502\u2502             \u2502\u2502 Projections:\u2502\u2502             \u2502\u2502             \u2502\n               \u2502             \u2502               \u2502  i_item_sk  \u2502\u2502 Projections:\u2502\u2502ib_income_ban\u2502\u2502 Projections:\u2502\u2502             \u2502\n               \u2502             \u2502               \u2502i_product_nam\u2502\u2502  hd_demo_sk \u2502\u2502     d_sk    \u2502\u2502ca_address_sk\u2502\u2502             \u251c\u2500\u2500\u2500\u2500\u2500\u2500\u2500\u2500\u2500\u2500\u2500\u2500\u2500\u2500\u2500\u2500\u2500\u2500\u2500\u2500\u2500\u2500\u2500\u2500\u2500\u2500\u2500\u2500\u2500\u2500\u2500\u2500\u2500\u2500\u2500\u2500\u2500\u2500\u2500\u2500\u2500\u2500\u2500\u2500\u2500\u2500\u2500\u2500\u2500\u2500\u2500\u2500\u2500\u2500\u2500\u2500\u2500\u2500\u2500\u2500\u2500\u2500\u2500\u2500\u2500\u2500\u2500\u2500\u2500\u2500\u2500\u2500\u2500\u2500\u2500\u2500\u2500\u2500\u2500\u2500\u2500\u2500\u2500\u2500\u2500\u2500\u2500\u2500\u2500\u2500\u2500\u2500\u2500\u2500\u2500\u2500\u2500\u2500\u2500\u2500\u2500\u2500\u2500\u2500\u2500\u2500\u2500\u2500\u2500\u2500\u2500\u2500\u2500\u2500\u2500\u2500\u2500\u2500\u2500\u2500\n               \u2502             \u2502               \u2502      e      \u2502\u2502hd_income_ban\u2502\u2502             \u2502\u2502ca_street_num\u2502\u2502             \u2502                                                                                                                        \n               \u2502             \u2502               \u2502             \u2502\u2502     d_sk    \u2502\u2502             \u2502\u2502     ber     \u2502\u2502             \u2502                                                                                                                        \n               \u2502             \u2502               \u2502   Filters:  \u2502\u2502             \u2502\u2502             \u2502\u2502ca_street_nam\u2502\u2502             \u2502                                                                                                                        \n               \u2502             \u2502               \u2502i_current_pri\u2502\u2502             \u2502\u2502             \u2502\u2502      e      \u2502\u2502             \u2502                                                                                                                        \n               \u2502             \u2502               \u2502  ce>=26.00  \u2502\u2502             \u2502\u2502             \u2502\u2502   ca_city   \u2502\u2502             \u2502                                                                                                                        \n               \u2502             \u2502               \u2502 AND i_curren\u2502\u2502             \u2502\u2502             \u2502\u2502    ca_zip   \u2502\u2502             \u2502                                                                                                                        \n               \u2502             \u2502               \u2502 t_price<=36 \u2502\u2502             \u2502\u2502             \u2502\u2502             \u2502\u2502             \u2502                                                                                                                        \n               \u2502             \u2502               \u2502     .00     \u2502\u2502             \u2502\u2502             \u2502\u2502             \u2502\u2502             \u2502                                                                                                                        \n               \u2502             \u2502               \u2502             \u2502\u2502             \u2502\u2502             \u2502\u2502             \u2502\u2502             \u2502                                                                                                                        \n               \u2502 82,241 rows \u2502               \u2502  1,211 rows \u2502\u2502  2,048 rows \u2502\u2502   20 rows   \u2502\u2502  6,144 rows \u2502\u2502    0 rows   \u2502                                                                                                                        \n               \u2502   (0.00s)   \u2502               \u2502   (0.00s)   \u2502\u2502   (0.00s)   \u2502\u2502   (0.00s)   \u2502\u2502   (0.00s)   \u2502\u2502   (0.00s)   \u2502                                                                                                                        \n               \u2514\u2500\u2500\u2500\u2500\u2500\u2500\u252c\u2500\u2500\u2500\u2500\u2500\u2500\u2518               \u2514\u2500\u2500\u2500\u2500\u2500\u2500\u2500\u2500\u2500\u2500\u2500\u2500\u2500\u2518\u2514\u2500\u2500\u2500\u2500\u2500\u2500\u2500\u2500\u2500\u2500\u2500\u2500\u2500\u2518\u2514\u2500\u2500\u2500\u2500\u2500\u2500\u2500\u2500\u2500\u2500\u2500\u2500\u2500\u2518\u2514\u2500\u2500\u2500\u2500\u2500\u2500\u2500\u2500\u2500\u2500\u2500\u2500\u2500\u2518\u2514\u2500\u2500\u2500\u2500\u2500\u2500\u252c\u2500\u2500\u2500\u2500\u2500\u2500\u2518                                                                                                                        \n               \u250c\u2500\u2500\u2500\u2500\u2500\u2500\u2534\u2500\u2500\u2500\u2500\u2500\u2500\u2510                                                                           \u250c\u2500\u2500\u2500\u2500\u2500\u2500\u2534\u2500\u2500\u2500\u2500\u2500\u2500\u2510                                                                                                                        \n               \u2502    FILTER   \u2502                                                                           \u2502  HASH_JOIN  \u2502                                                                                                                        \n               \u2502    \u2500\u2500\u2500\u2500\u2500\u2500   \u2502                                                                           \u2502    \u2500\u2500\u2500\u2500\u2500\u2500   \u2502                                                                                                                        \n               \u2502(sum(cs_ext_l\u2502                                                                           \u2502  Join Type: \u2502                                                                                                                        \n               \u2502 ist_price) >\u2502                                                                           \u2502    INNER    \u2502                                                                                                                        \n               \u2502  (2 * sum(( \u2502                                                                           \u2502             \u2502                                                                                                                        \n               \u2502(cr_refunded_\u2502                                                                           \u2502 Conditions: \u2502                                                                                                                        \n               \u2502cash + cr_rev\u2502                                                                           \u2502ss_sold_date_\u2502                                                                                                                        \n               \u2502 ersed_charge\u2502                                                                           \u2502sk = d_date_s\u2502                                                                                                                        \n               \u2502) + cr_store_\u2502                                                                           \u2502      k      \u2502                                                                                                                        \n               \u2502  credit)))) \u2502                                                                           \u2502             \u2502                                                                                                                        \n               \u2502             \u2502                                                                           \u2502             \u251c\u2500\u2500\u2500\u2500\u2500\u2500\u2500\u2500\u2500\u2500\u2500\u2500\u2500\u2500\u2500\u2500\u2500\u2500\u2500\u2500\u2500\u2500\u2500\u2500\u2500\u2500\u2500\u2500\u2500\u2500\u2500\u2500\u2500\u2500\u2500\u2500\u2500\u2500\u2500\u2500\u2500\u2500\u2500\u2500\u2500\u2500\u2500\u2500\u2500\u2500\u2500\u2500\u2500\u2500\u2500\u2500\u2500\u2500\u2500\u2500\u2500\u2500\u2500\u2500\u2500\u2500\u2500\u2500\u2500\u2500\u2500\u2500\u2500\u2500\u2500\u2500\u2500\u2500\u2500\u2500\u2500\u2500\u2500\u2500\u2500\u2500\u2500\u2500\u2500\u2500\u2500\u2500\u2500\u2500\u2500\u2500\u2500\u2500\u2500\u2500\u2500\u2500\u2500\u2500\u2500\u2500\u2500\u2500\u2500\u2500\u2500\u2500\u2500\u2500\u2500\u2500\u2500\u2500\u2500\u2500\n               \u2502             \u2502                                                                           \u2502             \u2502                                                                                                                        \n               \u2502             \u2502                                                                           \u2502             \u2502                                                                                                                        \n               \u2502             \u2502                                                                           \u2502             \u2502                                                                                                                        \n               \u2502             \u2502                                                                           \u2502             \u2502                                                                                                                        \n               \u2502             \u2502                                                                           \u2502             \u2502                                                                                                                        \n               \u2502             \u2502                                                                           \u2502             \u2502                                                                                                                        \n               \u2502             \u2502                                                                           \u2502             \u2502                                                                                                                        \n               \u2502 82,241 rows \u2502                                                                           \u2502    0 rows   \u2502                                                                                                                        \n               \u2502   (0.00s)   \u2502                                                                           \u2502   (0.00s)   \u2502                                                                                                                        \n               \u2514\u2500\u2500\u2500\u2500\u2500\u2500\u252c\u2500\u2500\u2500\u2500\u2500\u2500\u2518                                                                           \u2514\u2500\u2500\u2500\u2500\u2500\u2500\u252c\u2500\u2500\u2500\u2500\u2500\u2500\u2518                                                                                                                        \n               \u250c\u2500\u2500\u2500\u2500\u2500\u2500\u2534\u2500\u2500\u2500\u2500\u2500\u2500\u2510                                                                           \u250c\u2500\u2500\u2500\u2500\u2500\u2500\u2534\u2500\u2500\u2500\u2500\u2500\u2500\u2510                                                                                                                        \n               \u2502HASH_GROUP_BY\u2502                                                                           \u2502  HASH_JOIN  \u2502                                                                                                                        \n               \u2502    \u2500\u2500\u2500\u2500\u2500\u2500   \u2502                                                                           \u2502    \u2500\u2500\u2500\u2500\u2500\u2500   \u2502                                                                                                                        \n               \u2502   Groups:   \u2502                                                                           \u2502  Join Type: \u2502                                                                                                                        \n               \u2502      #0     \u2502                                                                           \u2502    INNER    \u2502                                                                                                                        \n               \u2502             \u2502                                                                           \u2502             \u2502                                                                                                                        \n               \u2502 Aggregates: \u2502                                                                           \u2502 Conditions: \u2502                                                                                                                        \n               \u2502   sum(#1)   \u2502                                                                           \u2502 ss_promo_sk \u251c\u2500\u2500\u2500\u2500\u2500\u2500\u2500\u2500\u2500\u2500\u2500\u2500\u2500\u2500\u2500\u2500\u2500\u2500\u2500\u2500\u2500\u2500\u2500\u2500\u2500\u2500\u2500\u2500\u2500\u2500\u2500\u2500\u2500\u2500\u2500\u2500\u2500\u2500\u2500\u2500\u2500\u2500\u2500\u2500\u2500\u2500\u2500\u2500\u2500\u2500\u2500\u2500\u2500\u2500\u2500\u2500\u2500\u2500\u2500\u2500\u2500\u2500\u2500\u2500\u2500\u2500\u2500\u2500\u2500\u2500\u2500\u2500\u2500\u2500\u2500\u2500\u2500\u2500\u2500\u2500\u2500\u2500\u2500\u2500\u2500\u2500\u2500\u2500\u2500\u2500\u2500\u2500\u2500\u2500\u2500\u2500\u2500\u2500\u2500\u2500\u2500\u2500\u2500\u2500\u2500\u2500\u2500\u2500\u2500\u2500\u2500\u2500\u2500\u2500\u2500\u2500\u2500\u2500\u2500\u2500\n               \u2502   sum(#2)   \u2502                                                                           \u2502 = p_promo_sk\u2502                                                                                                                        \n               \u2502             \u2502                                                                           \u2502             \u2502                                                                                                                        \n               \u2502             \u2502                                                                           \u2502             \u2502                                                                                                                        \n               \u2502             \u2502                                                                           \u2502             \u2502                                                                                                                        \n               \u2502 90,699 rows \u2502                                                                           \u2502    0 rows   \u2502                                                                                                                        \n               \u2502   (0.08s)   \u2502                                                                           \u2502   (0.00s)   \u2502                                                                                                                        \n               \u2514\u2500\u2500\u2500\u2500\u2500\u2500\u252c\u2500\u2500\u2500\u2500\u2500\u2500\u2518                                                                           \u2514\u2500\u2500\u2500\u2500\u2500\u2500\u252c\u2500\u2500\u2500\u2500\u2500\u2500\u2518                                                                                                                        \n               \u250c\u2500\u2500\u2500\u2500\u2500\u2500\u2534\u2500\u2500\u2500\u2500\u2500\u2500\u2510                                                                           \u250c\u2500\u2500\u2500\u2500\u2500\u2500\u2534\u2500\u2500\u2500\u2500\u2500\u2500\u2510                                                                                                                        \n               \u2502  PROJECTION \u2502                                                                           \u2502  HASH_JOIN  \u2502                                                                                                                        \n               \u2502    \u2500\u2500\u2500\u2500\u2500\u2500   \u2502                                                                           \u2502    \u2500\u2500\u2500\u2500\u2500\u2500   \u2502                                                                                                                        \n               \u2502  cs_item_sk \u2502                                                                           \u2502  Join Type: \u2502                                                                                                                        \n               \u2502cs_ext_list_p\u2502                                                                           \u2502    INNER    \u2502                                                                                                                        \n               \u2502     rice    \u2502                                                                           \u2502             \u2502                                                                                                                        \n               \u2502((cr_refunded\u2502                                                                           \u2502 Conditions: \u2502                                                                                                                        \n               \u2502_cash + cr_re\u2502                                                                           \u2502 ss_cdemo_sk \u2502                                                                                                                        \n               \u2502versed_charge\u2502                                                                           \u2502 = cd_demo_sk\u2502                                                                                                                        \n               \u2502) + cr_store_\u2502                                                                           \u2502cd_marital_st\u2502                                                                                                                        \n               \u2502   credit)   \u2502                                                                           \u2502atus != cd_ma\u2502                                                                                                                        \n               \u2502             \u2502                                                                           \u2502 rital_status\u251c\u2500\u2500\u2500\u2500\u2500\u2500\u2500\u2500\u2500\u2500\u2500\u2500\u2500\u2500\u2500\u2500\u2500\u2500\u2500\u2500\u2500\u2500\u2500\u2500\u2500\u2500\u2500\u2500\u2500\u2500\u2500\u2500\u2500\u2500\u2500\u2500\u2500\u2500\u2500\u2500\u2500\u2500\u2500\u2500\u2500\u2500\u2500\u2500\u2500\u2500\u2500\u2500\u2500\u2500\u2500\u2500\u2500\u2500\u2500\u2500\u2500\u2500\u2500\u2500\u2500\u2500\u2500\u2500\u2500\u2500\u2500\u2500\u2500\u2500\u2500\u2500\u2500\u2500\u2500\u2500\u2500\u2500\u2500\u2500\u2500\u2500\u2500\u2500\u2500\u2500\u2500\u2500\u2500\u2500\u2500\u2500\u2500\u2500\u2500\u2500\u2500\u2500\u2500\u2500\u2500\u2500\u2500\u2500\u2500\u2500\u2500\u2500\u2510       \n               \u2502             \u2502                                                                           \u2502             \u2502                                                                                                                \u2502       \n               \u2502             \u2502                                                                           \u2502             \u2502                                                                                                                \u2502       \n               \u2502             \u2502                                                                           \u2502             \u2502                                                                                                                \u2502       \n               \u2502             \u2502                                                                           \u2502             \u2502                                                                                                                \u2502       \n               \u2502             \u2502                                                                           \u2502             \u2502                                                                                                                \u2502       \n               \u2502             \u2502                                                                           \u2502             \u2502                                                                                                                \u2502       \n               \u2502             \u2502                                                                           \u2502             \u2502                                                                                                                \u2502       \n               \u2502             \u2502                                                                           \u2502             \u2502                                                                                                                \u2502       \n               \u2502 289,190 rows\u2502                                                                           \u2502  1,879 rows \u2502                                                                                                                \u2502       \n               \u2502   (0.00s)   \u2502                                                                           \u2502   (0.02s)   \u2502                                                                                                                \u2502       \n               \u2514\u2500\u2500\u2500\u2500\u2500\u2500\u252c\u2500\u2500\u2500\u2500\u2500\u2500\u2518                                                                           \u2514\u2500\u2500\u2500\u2500\u2500\u2500\u252c\u2500\u2500\u2500\u2500\u2500\u2500\u2518                                                                                                                \u2502       \n               \u250c\u2500\u2500\u2500\u2500\u2500\u2500\u2534\u2500\u2500\u2500\u2500\u2500\u2500\u2510                                                                           \u250c\u2500\u2500\u2500\u2500\u2500\u2500\u2534\u2500\u2500\u2500\u2500\u2500\u2500\u2510                                                                                                         \u250c\u2500\u2500\u2500\u2500\u2500\u2500\u2534\u2500\u2500\u2500\u2500\u2500\u2500\u2510\n               \u2502  HASH_JOIN  \u2502                                                                           \u2502  HASH_JOIN  \u2502                                                                                                         \u2502  PROJECTION \u2502\n               \u2502    \u2500\u2500\u2500\u2500\u2500\u2500   \u2502                                                                           \u2502    \u2500\u2500\u2500\u2500\u2500\u2500   \u2502                                                                                                         \u2502    \u2500\u2500\u2500\u2500\u2500\u2500   \u2502\n               \u2502  Join Type: \u2502                                                                           \u2502  Join Type: \u2502                                                                                                         \u2502      #0     \u2502\n               \u2502    INNER    \u2502                                                                           \u2502    INNER    \u2502                                                                                                         \u2502      #1     \u2502\n               \u2502             \u2502                                                                           \u2502             \u2502                                                                                                         \u2502             \u2502\n               \u2502 Conditions: \u2502                                                                           \u2502 Conditions: \u2502                                                                                                         \u2502             \u2502\n               \u2502 cs_item_sk =\u2502                                                                           \u2502ss_customer_s\u2502                                                                                                         \u2502             \u2502\n               \u2502  cr_item_sk \u251c\u2500\u2500\u2500\u2500\u2500\u2500\u2500\u2510                                                                   \u2502k = c_custome\u251c\u2500\u2500\u2500\u2500\u2500\u2500\u2500\u2510                                                                                                 \u2502             \u2502\n               \u2502cs_order_numb\u2502       \u2502                                                                   \u2502     r_sk    \u2502       \u2502                                                                                                 \u2502             \u2502\n               \u2502er = cr_order\u2502       \u2502                                                                   \u2502             \u2502       \u2502                                                                                                 \u2502             \u2502\n               \u2502   _number   \u2502       \u2502                                                                   \u2502             \u2502       \u2502                                                                                                 \u2502             \u2502\n               \u2502             \u2502       \u2502                                                                   \u2502             \u2502       \u2502                                                                                                 \u2502             \u2502\n               \u2502 289,190 rows\u2502       \u2502                                                                   \u2502 21,852 rows \u2502       \u2502                                                                                                 \u2502 329,280 rows\u2502\n               \u2502   (0.39s)   \u2502       \u2502                                                                   \u2502   (0.15s)   \u2502       \u2502                                                                                                 \u2502   (0.00s)   \u2502\n               \u2514\u2500\u2500\u2500\u2500\u2500\u2500\u252c\u2500\u2500\u2500\u2500\u2500\u2500\u2518       \u2502                                                                   \u2514\u2500\u2500\u2500\u2500\u2500\u2500\u252c\u2500\u2500\u2500\u2500\u2500\u2500\u2518       \u2502                                                                                                 \u2514\u2500\u2500\u2500\u2500\u2500\u2500\u252c\u2500\u2500\u2500\u2500\u2500\u2500\u2518\n               \u250c\u2500\u2500\u2500\u2500\u2500\u2500\u2534\u2500\u2500\u2500\u2500\u2500\u2500\u2510\u250c\u2500\u2500\u2500\u2500\u2500\u2500\u2534\u2500\u2500\u2500\u2500\u2500\u2500\u2510                                                            \u250c\u2500\u2500\u2500\u2500\u2500\u2500\u2534\u2500\u2500\u2500\u2500\u2500\u2500\u2510\u250c\u2500\u2500\u2500\u2500\u2500\u2500\u2534\u2500\u2500\u2500\u2500\u2500\u2500\u2510                                                                                          \u250c\u2500\u2500\u2500\u2500\u2500\u2500\u2534\u2500\u2500\u2500\u2500\u2500\u2500\u2510\n               \u2502    FILTER   \u2502\u2502  TABLE_SCAN \u2502                                                            \u2502    FILTER   \u2502\u2502  HASH_JOIN  \u2502                                                                                          \u2502    FILTER   \u2502\n               \u2502    \u2500\u2500\u2500\u2500\u2500\u2500   \u2502\u2502    \u2500\u2500\u2500\u2500\u2500\u2500   \u2502                                                            \u2502    \u2500\u2500\u2500\u2500\u2500\u2500   \u2502\u2502    \u2500\u2500\u2500\u2500\u2500\u2500   \u2502                                                                                          \u2502    \u2500\u2500\u2500\u2500\u2500\u2500   \u2502\n               \u2502(cs_order_num\u2502\u2502    Table:   \u2502                                                            \u2502(ss_ticket_nu\u2502\u2502  Join Type: \u2502                                                                                          \u2502(((cd_marital\u2502\n               \u2502  ber >= 2)  \u2502\u2502catalog_retur\u2502                                                            \u2502mber <= 23999\u2502\u2502    INNER    \u2502                                                                                          \u2502 _status = 'M\u2502\n               \u2502             \u2502\u2502      ns     \u2502                                                            \u2502     99)     \u2502\u2502             \u2502                                                                                          \u2502') OR (cd_mar\u2502\n               \u2502             \u2502\u2502             \u2502                                                            \u2502             \u2502\u2502 Conditions: \u2502                                                                                          \u2502 ital_status \u2502\n               \u2502             \u2502\u2502    Type:    \u2502                                                            \u2502             \u2502\u2502c_current_hde\u2502                                                                                          \u2502  = 'M') OR  \u2502\n               \u2502             \u2502\u2502  Sequential \u2502                                                            \u2502             \u2502\u2502mo_sk = hd_de\u2502                                                                                          \u2502(cd_marital_s\u2502\n               \u2502             \u2502\u2502     Scan    \u2502                                                            \u2502             \u2502\u2502    mo_sk    \u2502                                                                                          \u2502 tatus = 'U')\u2502\n               \u2502             \u2502\u2502             \u2502                                                            \u2502             \u2502\u2502             \u2502                                                                                          \u2502) AND ((cd_ed\u2502\n               \u2502             \u2502\u2502 Projections:\u2502                                                            \u2502             \u2502\u2502             \u2502                                                                                          \u2502ucation_statu\u2502\n               \u2502             \u2502\u2502  cr_item_sk \u2502                                                            \u2502             \u2502\u2502             \u251c\u2500\u2500\u2500\u2500\u2500\u2500\u2500\u2500\u2500\u2500\u2500\u2500\u2500\u2500\u2500\u2500\u2500\u2500\u2500\u2500\u2500\u2500\u2500\u2500\u2500\u2500\u2500\u2500\u2500\u2500\u2500\u2500\u2500\u2500\u2500\u2500\u2500\u2500\u2500\u2500\u2500\u2500\u2500\u2500\u2500\u2500\u2500\u2500\u2500\u2500\u2500\u2500\u2500\u2500\u2500\u2500\u2500\u2500\u2500\u2500\u2500\u2500\u2500\u2500\u2500\u2500\u2500\u2510                      \u2502 s = 'Unknown\u2502\n               \u2502             \u2502\u2502cr_order_numb\u2502                                                            \u2502             \u2502\u2502             \u2502                                                                   \u2502                      \u2502') OR (cd_edu\u2502\n               \u2502             \u2502\u2502      er     \u2502                                                            \u2502             \u2502\u2502             \u2502                                                                   \u2502                      \u2502cation_status\u2502\n               \u2502             \u2502\u2502cr_refunded_c\u2502                                                            \u2502             \u2502\u2502             \u2502                                                                   \u2502                      \u2502  = 'Advanced\u2502\n               \u2502             \u2502\u2502     ash     \u2502                                                            \u2502             \u2502\u2502             \u2502                                                                   \u2502                      \u2502  Degree') OR\u2502\n               \u2502             \u2502\u2502cr_reversed_c\u2502                                                            \u2502             \u2502\u2502             \u2502                                                                   \u2502                      \u2502 (cd_educatio\u2502\n               \u2502             \u2502\u2502    harge    \u2502                                                            \u2502             \u2502\u2502             \u2502                                                                   \u2502                      \u2502 n_status =  \u2502\n               \u2502             \u2502\u2502cr_store_cred\u2502                                                            \u2502             \u2502\u2502             \u2502                                                                   \u2502                      \u2502 'College')))\u2502\n               \u2502             \u2502\u2502      it     \u2502                                                            \u2502             \u2502\u2502             \u2502                                                                   \u2502                      \u2502             \u2502\n               \u2502             \u2502\u2502             \u2502                                                            \u2502             \u2502\u2502             \u2502                                                                   \u2502                      \u2502             \u2502\n               \u25022,892,25...  \u2502\u25021,441,22...  \u2502                                                            \u25022,066,15...  \u2502\u2502 11,481 rows \u2502                                                                   \u2502                      \u2502 329,280 rows\u2502\n               \u2502   (0.01s)   \u2502\u2502   (0.01s)   \u2502                                                            \u2502   (0.02s)   \u2502\u2502   (0.00s)   \u2502                                                                   \u2502                      \u2502   (0.04s)   \u2502\n               \u2514\u2500\u2500\u2500\u2500\u2500\u2500\u252c\u2500\u2500\u2500\u2500\u2500\u2500\u2518\u2514\u2500\u2500\u2500\u2500\u2500\u2500\u2500\u2500\u2500\u2500\u2500\u2500\u2500\u2518                                                            \u2514\u2500\u2500\u2500\u2500\u2500\u2500\u252c\u2500\u2500\u2500\u2500\u2500\u2500\u2518\u2514\u2500\u2500\u2500\u2500\u2500\u2500\u252c\u2500\u2500\u2500\u2500\u2500\u2500\u2518                                                                   \u2502                      \u2514\u2500\u2500\u2500\u2500\u2500\u2500\u252c\u2500\u2500\u2500\u2500\u2500\u2500\u2518\n               \u250c\u2500\u2500\u2500\u2500\u2500\u2500\u2534\u2500\u2500\u2500\u2500\u2500\u2500\u2510                                                                           \u250c\u2500\u2500\u2500\u2500\u2500\u2500\u2534\u2500\u2500\u2500\u2500\u2500\u2500\u2510\u250c\u2500\u2500\u2500\u2500\u2500\u2500\u2534\u2500\u2500\u2500\u2500\u2500\u2500\u2510                                                            \u250c\u2500\u2500\u2500\u2500\u2500\u2500\u2534\u2500\u2500\u2500\u2500\u2500\u2500\u2510               \u250c\u2500\u2500\u2500\u2500\u2500\u2500\u2534\u2500\u2500\u2500\u2500\u2500\u2500\u2510\n               \u2502  TABLE_SCAN \u2502                                                                           \u2502  TABLE_SCAN \u2502\u2502  HASH_JOIN  \u2502                                                            \u2502  HASH_JOIN  \u2502               \u2502  TABLE_SCAN \u2502\n               \u2502    \u2500\u2500\u2500\u2500\u2500\u2500   \u2502                                                                           \u2502    \u2500\u2500\u2500\u2500\u2500\u2500   \u2502\u2502    \u2500\u2500\u2500\u2500\u2500\u2500   \u2502                                                            \u2502    \u2500\u2500\u2500\u2500\u2500\u2500   \u2502               \u2502    \u2500\u2500\u2500\u2500\u2500\u2500   \u2502\n               \u2502    Table:   \u2502                                                                           \u2502    Table:   \u2502\u2502  Join Type: \u2502                                                            \u2502  Join Type: \u2502               \u2502    Table:   \u2502\n               \u2502catalog_sales\u2502                                                                           \u2502 store_sales \u2502\u2502    INNER    \u2502                                                            \u2502    INNER    \u2502               \u2502customer_demo\u2502\n               \u2502             \u2502                                                                           \u2502             \u2502\u2502             \u2502                                                            \u2502             \u2502               \u2502   graphics  \u2502\n               \u2502    Type:    \u2502                                                                           \u2502    Type:    \u2502\u2502 Conditions: \u2502                                                            \u2502 Conditions: \u2502               \u2502             \u2502\n               \u2502  Sequential \u2502                                                                           \u2502  Sequential \u2502\u2502 d_date_sk = \u2502                                                            \u2502hd_income_ban\u2502               \u2502    Type:    \u2502\n               \u2502     Scan    \u2502                                                                           \u2502     Scan    \u2502\u2502 c_first_ship\u2502                                                            \u2502d_sk = ib_inc\u2502               \u2502  Sequential \u2502\n               \u2502             \u2502                                                                           \u2502             \u2502\u2502  to_date_sk \u2502                                                            \u2502 ome_band_sk \u2502               \u2502     Scan    \u2502\n               \u2502 Projections:\u2502                                                                           \u2502 Projections:\u2502\u2502             \u2502                                                            \u2502             \u2502               \u2502             \u2502\n               \u2502  cs_item_sk \u2502                                                                           \u2502 ss_store_sk \u2502\u2502             \u2502                                                            \u2502             \u2502               \u2502 Projections:\u2502\n               \u2502cs_order_numb\u2502                                                                           \u2502ss_sold_date_\u2502\u2502             \u2502                                                            \u2502             \u2502               \u2502  cd_demo_sk \u2502\n               \u2502      er     \u2502                                                                           \u2502      sk     \u2502\u2502             \u2502                                                            \u2502             \u2502               \u2502cd_marital_st\u2502\n               \u2502cs_ext_list_p\u2502                                                                           \u2502ss_customer_s\u2502\u2502             \u2502                                                            \u2502             \u2502               \u2502     atus    \u2502\n               \u2502     rice    \u2502                                                                           \u2502      k      \u2502\u2502             \u2502                                                            \u2502             \u2502               \u2502cd_education_\u2502\n               \u2502             \u2502                                                                           \u2502 ss_cdemo_sk \u2502\u2502             \u2502                                                            \u2502             \u2502               \u2502    status   \u2502\n               \u2502   Filters:  \u2502                                                                           \u2502 ss_hdemo_sk \u2502\u2502             \u2502                                                            \u2502             \u2502               \u2502             \u2502\n               \u2502cs_wholesale_\u2502                                                                           \u2502  ss_addr_sk \u2502\u2502             \u2502                                                            \u2502             \u2502               \u2502   Filters:  \u2502\n               \u2502 cost>=35.00 \u2502                                                                           \u2502  ss_item_sk \u2502\u2502             \u251c\u2500\u2500\u2500\u2500\u2500\u2500\u2500\u2510                                                    \u2502             \u251c\u2500\u2500\u2500\u2500\u2500\u2500\u2500\u2510       \u2502  optional:  \u2502\n               \u2502 AND cs_whole\u2502                                                                           \u2502ss_ticket_num\u2502\u2502             \u2502       \u2502                                                    \u2502             \u2502       \u2502       \u2502 cd_marital_s\u2502\n               \u2502  sale_cost< \u2502                                                                           \u2502     ber     \u2502\u2502             \u2502       \u2502                                                    \u2502             \u2502       \u2502       \u2502 tatus IN ('M\u2502\n               \u2502    =55.00   \u2502                                                                           \u2502 ss_promo_sk \u2502\u2502             \u2502       \u2502                                                    \u2502             \u2502       \u2502       \u2502 ', 'M', 'U')\u2502\n               \u2502             \u2502                                                                           \u2502ss_wholesale_\u2502\u2502             \u2502       \u2502                                                    \u2502             \u2502       \u2502       \u2502  optional:  \u2502\n               \u2502             \u2502                                                                           \u2502     cost    \u2502\u2502             \u2502       \u2502                                                    \u2502             \u2502       \u2502       \u2502 cd_education\u2502\n               \u2502             \u2502                                                                           \u2502ss_list_price\u2502\u2502             \u2502       \u2502                                                    \u2502             \u2502       \u2502       \u2502 _status IN (\u2502\n               \u2502             \u2502                                                                           \u2502ss_coupon_amt\u2502\u2502             \u2502       \u2502                                                    \u2502             \u2502       \u2502       \u2502 'Unknown',  \u2502\n               \u2502             \u2502                                                                           \u2502             \u2502\u2502             \u2502       \u2502                                                    \u2502             \u2502       \u2502       \u2502  'Advanced  \u2502\n               \u2502             \u2502                                                                           \u2502   Filters:  \u2502\u2502             \u2502       \u2502                                                    \u2502             \u2502       \u2502       \u2502   Degree',  \u2502\n               \u2502             \u2502                                                                           \u2502ss_wholesale_\u2502\u2502             \u2502       \u2502                                                    \u2502             \u2502       \u2502       \u2502  'College') \u2502\n               \u2502             \u2502                                                                           \u2502 cost>=35.00 \u2502\u2502             \u2502       \u2502                                                    \u2502             \u2502       \u2502       \u2502             \u2502\n               \u2502             \u2502                                                                           \u2502 AND ss_whole\u2502\u2502             \u2502       \u2502                                                    \u2502             \u2502       \u2502       \u2502             \u2502\n               \u2502             \u2502                                                                           \u2502  sale_cost< \u2502\u2502             \u2502       \u2502                                                    \u2502             \u2502       \u2502       \u2502             \u2502\n               \u2502             \u2502                                                                           \u2502    =55.00   \u2502\u2502             \u2502       \u2502                                                    \u2502             \u2502       \u2502       \u2502             \u2502\n               \u2502             \u2502                                                                           \u2502             \u2502\u2502             \u2502       \u2502                                                    \u2502             \u2502       \u2502       \u2502             \u2502\n               \u25022,892,25...  \u2502                                                                           \u25022,066,15...  \u2502\u2502 11,534 rows \u2502       \u2502                                                    \u2502  7,200 rows \u2502       \u2502       \u25021,920,80...  \u2502\n               \u2502   (0.19s)   \u2502                                                                           \u2502   (0.64s)   \u2502\u2502   (0.00s)   \u2502       \u2502                                                    \u2502   (0.00s)   \u2502       \u2502       \u2502   (0.00s)   \u2502\n               \u2514\u2500\u2500\u2500\u2500\u2500\u2500\u2500\u2500\u2500\u2500\u2500\u2500\u2500\u2518                                                                           \u2514\u2500\u2500\u2500\u2500\u2500\u2500\u2500\u2500\u2500\u2500\u2500\u2500\u2500\u2518\u2514\u2500\u2500\u2500\u2500\u2500\u2500\u252c\u2500\u2500\u2500\u2500\u2500\u2500\u2518       \u2502                                                    \u2514\u2500\u2500\u2500\u2500\u2500\u2500\u252c\u2500\u2500\u2500\u2500\u2500\u2500\u2518       \u2502       \u2514\u2500\u2500\u2500\u2500\u2500\u2500\u2500\u2500\u2500\u2500\u2500\u2500\u2500\u2518\n                                                                                                                        \u250c\u2500\u2500\u2500\u2500\u2500\u2500\u2534\u2500\u2500\u2500\u2500\u2500\u2500\u2510\u250c\u2500\u2500\u2500\u2500\u2500\u2500\u2534\u2500\u2500\u2500\u2500\u2500\u2500\u2510                                             \u250c\u2500\u2500\u2500\u2500\u2500\u2500\u2534\u2500\u2500\u2500\u2500\u2500\u2500\u2510\u250c\u2500\u2500\u2500\u2500\u2500\u2500\u2534\u2500\u2500\u2500\u2500\u2500\u2500\u2510\n                                                                                                                        \u2502  TABLE_SCAN \u2502\u2502  HASH_JOIN  \u2502                                             \u2502  TABLE_SCAN \u2502\u2502  TABLE_SCAN \u2502\n                                                                                                                        \u2502    \u2500\u2500\u2500\u2500\u2500\u2500   \u2502\u2502    \u2500\u2500\u2500\u2500\u2500\u2500   \u2502                                             \u2502    \u2500\u2500\u2500\u2500\u2500\u2500   \u2502\u2502    \u2500\u2500\u2500\u2500\u2500\u2500   \u2502\n                                                                                                                        \u2502    Table:   \u2502\u2502  Join Type: \u2502                                             \u2502    Table:   \u2502\u2502    Table:   \u2502\n                                                                                                                        \u2502   date_dim  \u2502\u2502    INNER    \u2502                                             \u2502household_dem\u2502\u2502 income_band \u2502\n                                                                                                                        \u2502             \u2502\u2502             \u2502                                             \u2502  ographics  \u2502\u2502             \u2502\n                                                                                                                        \u2502    Type:    \u2502\u2502 Conditions: \u2502                                             \u2502             \u2502\u2502    Type:    \u2502\n                                                                                                                        \u2502  Sequential \u2502\u2502 d_date_sk = \u2502                                             \u2502    Type:    \u2502\u2502  Sequential \u2502\n                                                                                                                        \u2502     Scan    \u2502\u2502 c_first_sale\u2502                                             \u2502  Sequential \u2502\u2502     Scan    \u2502\n                                                                                                                        \u2502             \u2502\u2502  s_date_sk  \u2502                                             \u2502     Scan    \u2502\u2502             \u2502\n                                                                                                                        \u2502 Projections:\u2502\u2502             \u2502                                             \u2502             \u2502\u2502 Projections:\u2502\n                                                                                                                        \u2502  d_date_sk  \u2502\u2502             \u251c\u2500\u2500\u2500\u2500\u2500\u2500\u2500\u2510                                     \u2502 Projections:\u2502\u2502ib_income_ban\u2502\n                                                                                                                        \u2502    d_year   \u2502\u2502             \u2502       \u2502                                     \u2502  hd_demo_sk \u2502\u2502     d_sk    \u2502\n                                                                                                                        \u2502             \u2502\u2502             \u2502       \u2502                                     \u2502hd_income_ban\u2502\u2502             \u2502\n                                                                                                                        \u2502   Filters:  \u2502\u2502             \u2502       \u2502                                     \u2502     d_sk    \u2502\u2502             \u2502\n                                                                                                                        \u2502  d_date_sk> \u2502\u2502             \u2502       \u2502                                     \u2502             \u2502\u2502             \u2502\n                                                                                                                        \u2502 =2449028 AND\u2502\u2502             \u2502       \u2502                                     \u2502             \u2502\u2502             \u2502\n                                                                                                                        \u2502  d_date_sk< \u2502\u2502             \u2502       \u2502                                     \u2502             \u2502\u2502             \u2502\n                                                                                                                        \u2502   =2452678  \u2502\u2502             \u2502       \u2502                                     \u2502             \u2502\u2502             \u2502\n                                                                                                                        \u2502             \u2502\u2502             \u2502       \u2502                                     \u2502             \u2502\u2502             \u2502\n                                                                                                                        \u2502  3,651 rows \u2502\u2502 11,618 rows \u2502       \u2502                                     \u2502  7,200 rows \u2502\u2502   20 rows   \u2502\n                                                                                                                        \u2502   (0.00s)   \u2502\u2502   (0.00s)   \u2502       \u2502                                     \u2502   (0.00s)   \u2502\u2502   (0.00s)   \u2502\n                                                                                                                        \u2514\u2500\u2500\u2500\u2500\u2500\u2500\u2500\u2500\u2500\u2500\u2500\u2500\u2500\u2518\u2514\u2500\u2500\u2500\u2500\u2500\u2500\u252c\u2500\u2500\u2500\u2500\u2500\u2500\u2518       \u2502                                     \u2514\u2500\u2500\u2500\u2500\u2500\u2500\u2500\u2500\u2500\u2500\u2500\u2500\u2500\u2518\u2514\u2500\u2500\u2500\u2500\u2500\u2500\u2500\u2500\u2500\u2500\u2500\u2500\u2500\u2518\n                                                                                                                                       \u250c\u2500\u2500\u2500\u2500\u2500\u2500\u2534\u2500\u2500\u2500\u2500\u2500\u2500\u2510\u250c\u2500\u2500\u2500\u2500\u2500\u2500\u2534\u2500\u2500\u2500\u2500\u2500\u2500\u2510\n                                                                                                                                       \u2502  TABLE_SCAN \u2502\u2502  HASH_JOIN  \u2502\n                                                                                                                                       \u2502    \u2500\u2500\u2500\u2500\u2500\u2500   \u2502\u2502    \u2500\u2500\u2500\u2500\u2500\u2500   \u2502\n                                                                                                                                       \u2502    Table:   \u2502\u2502  Join Type: \u2502\n                                                                                                                                       \u2502   date_dim  \u2502\u2502    INNER    \u2502\n                                                                                                                                       \u2502             \u2502\u2502             \u2502\n                                                                                                                                       \u2502    Type:    \u2502\u2502 Conditions: \u2502\n                                                                                                                                       \u2502  Sequential \u2502\u2502 cd_demo_sk =\u2502\n                                                                                                                                       \u2502     Scan    \u2502\u2502 c_current_cd\u2502\n                                                                                                                                       \u2502             \u2502\u2502    emo_sk   \u2502\n                                                                                                                                       \u2502 Projections:\u2502\u2502             \u2502\n                                                                                                                                       \u2502  d_date_sk  \u2502\u2502             \u251c\u2500\u2500\u2500\u2500\u2500\u2500\u2500\u2510\n                                                                                                                                       \u2502    d_year   \u2502\u2502             \u2502       \u2502\n                                                                                                                                       \u2502             \u2502\u2502             \u2502       \u2502\n                                                                                                                                       \u2502   Filters:  \u2502\u2502             \u2502       \u2502\n                                                                                                                                       \u2502  d_date_sk> \u2502\u2502             \u2502       \u2502\n                                                                                                                                       \u2502 =2448998 AND\u2502\u2502             \u2502       \u2502\n                                                                                                                                       \u2502  d_date_sk< \u2502\u2502             \u2502       \u2502\n                                                                                                                                       \u2502   =2452648  \u2502\u2502             \u2502       \u2502\n                                                                                                                                       \u2502             \u2502\u2502             \u2502       \u2502\n                                                                                                                                       \u2502  3,651 rows \u2502\u2502 11,814 rows \u2502       \u2502\n                                                                                                                                       \u2502   (0.00s)   \u2502\u2502   (0.03s)   \u2502       \u2502\n                                                                                                                                       \u2514\u2500\u2500\u2500\u2500\u2500\u2500\u2500\u2500\u2500\u2500\u2500\u2500\u2500\u2518\u2514\u2500\u2500\u2500\u2500\u2500\u2500\u252c\u2500\u2500\u2500\u2500\u2500\u2500\u2518       \u2502\n                                                                                                                                                      \u250c\u2500\u2500\u2500\u2500\u2500\u2500\u2534\u2500\u2500\u2500\u2500\u2500\u2500\u2510\u250c\u2500\u2500\u2500\u2500\u2500\u2500\u2534\u2500\u2500\u2500\u2500\u2500\u2500\u2510\n                                                                                                                                                      \u2502    FILTER   \u2502\u2502  HASH_JOIN  \u2502\n                                                                                                                                                      \u2502    \u2500\u2500\u2500\u2500\u2500\u2500   \u2502\u2502    \u2500\u2500\u2500\u2500\u2500\u2500   \u2502\n                                                                                                                                                      \u2502 (cd_demo_sk \u2502\u2502  Join Type: \u2502\n                                                                                                                                                      \u2502   BETWEEN 4 \u2502\u2502    INNER    \u2502\n                                                                                                                                                      \u2502 AND 1920791)\u2502\u2502             \u2502\n                                                                                                                                                      \u2502             \u2502\u2502 Conditions: \u2502\n                                                                                                                                                      \u2502             \u2502\u2502c_current_add\u251c\u2500\u2500\u2500\u2500\u2500\u2500\u2500\u2510\n                                                                                                                                                      \u2502             \u2502\u2502r_sk = ca_add\u2502       \u2502\n                                                                                                                                                      \u2502             \u2502\u2502   ress_sk   \u2502       \u2502\n                                                                                                                                                      \u2502             \u2502\u2502             \u2502       \u2502\n                                                                                                                                                      \u2502 329,277 rows\u2502\u2502 71,369 rows \u2502       \u2502\n                                                                                                                                                      \u2502   (0.00s)   \u2502\u2502   (0.01s)   \u2502       \u2502\n                                                                                                                                                      \u2514\u2500\u2500\u2500\u2500\u2500\u2500\u252c\u2500\u2500\u2500\u2500\u2500\u2500\u2518\u2514\u2500\u2500\u2500\u2500\u2500\u2500\u252c\u2500\u2500\u2500\u2500\u2500\u2500\u2518       \u2502\n                                                                                                                                                      \u250c\u2500\u2500\u2500\u2500\u2500\u2500\u2534\u2500\u2500\u2500\u2500\u2500\u2500\u2510\u250c\u2500\u2500\u2500\u2500\u2500\u2500\u2534\u2500\u2500\u2500\u2500\u2500\u2500\u2510\u250c\u2500\u2500\u2500\u2500\u2500\u2500\u2534\u2500\u2500\u2500\u2500\u2500\u2500\u2510\n                                                                                                                                                      \u2502  PROJECTION \u2502\u2502  TABLE_SCAN \u2502\u2502  PROJECTION \u2502\n                                                                                                                                                      \u2502    \u2500\u2500\u2500\u2500\u2500\u2500   \u2502\u2502    \u2500\u2500\u2500\u2500\u2500\u2500   \u2502\u2502    \u2500\u2500\u2500\u2500\u2500\u2500   \u2502\n                                                                                                                                                      \u2502      #0     \u2502\u2502    Table:   \u2502\u2502      #0     \u2502\n                                                                                                                                                      \u2502      #1     \u2502\u2502   customer  \u2502\u2502      #2     \u2502\n                                                                                                                                                      \u2502             \u2502\u2502             \u2502\u2502      #3     \u2502\n                                                                                                                                                      \u2502             \u2502\u2502    Type:    \u2502\u2502      #4     \u2502\n                                                                                                                                                      \u2502             \u2502\u2502  Sequential \u2502\u2502      #5     \u2502\n                                                                                                                                                      \u2502             \u2502\u2502     Scan    \u2502\u2502             \u2502\n                                                                                                                                                      \u2502             \u2502\u2502             \u2502\u2502             \u2502\n                                                                                                                                                      \u2502             \u2502\u2502 Projections:\u2502\u2502             \u2502\n                                                                                                                                                      \u2502             \u2502\u2502c_customer_sk\u2502\u2502             \u2502\n                                                                                                                                                      \u2502             \u2502\u2502c_current_cde\u2502\u2502             \u2502\n                                                                                                                                                      \u2502             \u2502\u2502    mo_sk    \u2502\u2502             \u2502\n                                                                                                                                                      \u2502             \u2502\u2502c_current_hde\u2502\u2502             \u2502\n                                                                                                                                                      \u2502             \u2502\u2502    mo_sk    \u2502\u2502             \u2502\n                                                                                                                                                      \u2502             \u2502\u2502c_current_add\u2502\u2502             \u2502\n                                                                                                                                                      \u2502             \u2502\u2502     r_sk    \u2502\u2502             \u2502\n                                                                                                                                                      \u2502             \u2502\u2502c_first_sales\u2502\u2502             \u2502\n                                                                                                                                                      \u2502             \u2502\u2502   _date_sk  \u2502\u2502             \u2502\n                                                                                                                                                      \u2502             \u2502\u2502c_first_shipt\u2502\u2502             \u2502\n                                                                                                                                                      \u2502             \u2502\u2502  o_date_sk  \u2502\u2502             \u2502\n                                                                                                                                                      \u2502             \u2502\u2502             \u2502\u2502             \u2502\n                                                                                                                                                      \u2502 329,277 rows\u2502\u2502 499,958 rows\u2502\u2502 35,807 rows \u2502\n                                                                                                                                                      \u2502   (0.00s)   \u2502\u2502   (0.00s)   \u2502\u2502   (0.00s)   \u2502\n                                                                                                                                                      \u2514\u2500\u2500\u2500\u2500\u2500\u2500\u252c\u2500\u2500\u2500\u2500\u2500\u2500\u2518\u2514\u2500\u2500\u2500\u2500\u2500\u2500\u2500\u2500\u2500\u2500\u2500\u2500\u2500\u2518\u2514\u2500\u2500\u2500\u2500\u2500\u2500\u252c\u2500\u2500\u2500\u2500\u2500\u2500\u2518\n                                                                                                                                                      \u250c\u2500\u2500\u2500\u2500\u2500\u2500\u2534\u2500\u2500\u2500\u2500\u2500\u2500\u2510               \u250c\u2500\u2500\u2500\u2500\u2500\u2500\u2534\u2500\u2500\u2500\u2500\u2500\u2500\u2510\n                                                                                                                                                      \u2502    FILTER   \u2502               \u2502    FILTER   \u2502\n                                                                                                                                                      \u2502    \u2500\u2500\u2500\u2500\u2500\u2500   \u2502               \u2502    \u2500\u2500\u2500\u2500\u2500\u2500   \u2502\n                                                                                                                                                      \u2502(((cd_marital\u2502               \u2502 ((ca_state =\u2502\n                                                                                                                                                      \u2502 _status = 'M\u2502               \u2502   'IA') OR  \u2502\n                                                                                                                                                      \u2502') OR (cd_mar\u2502               \u2502 (ca_state = \u2502\n                                                                                                                                                      \u2502 ital_status \u2502               \u2502  'IL') OR   \u2502\n                                                                                                                                                      \u2502  = 'M') OR  \u2502               \u2502 (ca_state = \u2502\n                                                                                                                                                      \u2502(cd_marital_s\u2502               \u2502    'TX'))   \u2502\n                                                                                                                                                      \u2502 tatus = 'U')\u2502               \u2502             \u2502\n                                                                                                                                                      \u2502) AND ((cd_ed\u2502               \u2502             \u2502\n                                                                                                                                                      \u2502ucation_statu\u2502               \u2502             \u2502\n                                                                                                                                                      \u2502 s = 'Unknown\u2502               \u2502             \u2502\n                                                                                                                                                      \u2502') OR (cd_edu\u2502               \u2502             \u2502\n                                                                                                                                                      \u2502cation_status\u2502               \u2502             \u2502\n                                                                                                                                                      \u2502  = 'Advanced\u2502               \u2502             \u2502\n                                                                                                                                                      \u2502  Degree') OR\u2502               \u2502             \u2502\n                                                                                                                                                      \u2502 (cd_educatio\u2502               \u2502             \u2502\n                                                                                                                                                      \u2502 n_status =  \u2502               \u2502             \u2502\n                                                                                                                                                      \u2502 'College')))\u2502               \u2502             \u2502\n                                                                                                                                                      \u2502             \u2502               \u2502             \u2502\n                                                                                                                                                      \u2502 329,277 rows\u2502               \u2502 35,807 rows \u2502\n                                                                                                                                                      \u2502   (0.03s)   \u2502               \u2502   (0.00s)   \u2502\n                                                                                                                                                      \u2514\u2500\u2500\u2500\u2500\u2500\u2500\u252c\u2500\u2500\u2500\u2500\u2500\u2500\u2518               \u2514\u2500\u2500\u2500\u2500\u2500\u2500\u252c\u2500\u2500\u2500\u2500\u2500\u2500\u2518\n                                                                                                                                                      \u250c\u2500\u2500\u2500\u2500\u2500\u2500\u2534\u2500\u2500\u2500\u2500\u2500\u2500\u2510               \u250c\u2500\u2500\u2500\u2500\u2500\u2500\u2534\u2500\u2500\u2500\u2500\u2500\u2500\u2510\n                                                                                                                                                      \u2502  TABLE_SCAN \u2502               \u2502  TABLE_SCAN \u2502\n                                                                                                                                                      \u2502    \u2500\u2500\u2500\u2500\u2500\u2500   \u2502               \u2502    \u2500\u2500\u2500\u2500\u2500\u2500   \u2502\n                                                                                                                                                      \u2502    Table:   \u2502               \u2502    Table:   \u2502\n                                                                                                                                                      \u2502customer_demo\u2502               \u2502customer_addr\u2502\n                                                                                                                                                      \u2502   graphics  \u2502               \u2502     ess     \u2502\n                                                                                                                                                      \u2502             \u2502               \u2502             \u2502\n                                                                                                                                                      \u2502    Type:    \u2502               \u2502    Type:    \u2502\n                                                                                                                                                      \u2502  Sequential \u2502               \u2502  Sequential \u2502\n                                                                                                                                                      \u2502     Scan    \u2502               \u2502     Scan    \u2502\n                                                                                                                                                      \u2502             \u2502               \u2502             \u2502\n                                                                                                                                                      \u2502 Projections:\u2502               \u2502 Projections:\u2502\n                                                                                                                                                      \u2502  cd_demo_sk \u2502               \u2502ca_address_sk\u2502\n                                                                                                                                                      \u2502cd_marital_st\u2502               \u2502   ca_state  \u2502\n                                                                                                                                                      \u2502     atus    \u2502               \u2502ca_street_num\u2502\n                                                                                                                                                      \u2502cd_education_\u2502               \u2502     ber     \u2502\n                                                                                                                                                      \u2502    status   \u2502               \u2502ca_street_nam\u2502\n                                                                                                                                                      \u2502             \u2502               \u2502      e      \u2502\n                                                                                                                                                      \u2502   Filters:  \u2502               \u2502   ca_city   \u2502\n                                                                                                                                                      \u2502  optional:  \u2502               \u2502    ca_zip   \u2502\n                                                                                                                                                      \u2502 cd_marital_s\u2502               \u2502             \u2502\n                                                                                                                                                      \u2502 tatus IN ('M\u2502               \u2502   Filters:  \u2502\n                                                                                                                                                      \u2502 ', 'M', 'U')\u2502               \u2502  optional:  \u2502\n                                                                                                                                                      \u2502  optional:  \u2502               \u2502  ca_state IN\u2502\n                                                                                                                                                      \u2502 cd_education\u2502               \u2502  ('IA', 'IL'\u2502\n                                                                                                                                                      \u2502 _status IN (\u2502               \u2502   , 'TX')   \u2502\n                                                                                                                                                      \u2502 'Unknown',  \u2502               \u2502             \u2502\n                                                                                                                                                      \u2502  'Advanced  \u2502               \u2502             \u2502\n                                                                                                                                                      \u2502   Degree',  \u2502               \u2502             \u2502\n                                                                                                                                                      \u2502  'College') \u2502               \u2502             \u2502\n                                                                                                                                                      \u2502             \u2502               \u2502             \u2502\n                                                                                                                                                      \u25021,920,77...  \u2502               \u2502 250,000 rows\u2502\n                                                                                                                                                      \u2502   (0.00s)   \u2502               \u2502   (0.01s)   \u2502\n                                                                                                                                                      \u2514\u2500\u2500\u2500\u2500\u2500\u2500\u2500\u2500\u2500\u2500\u2500\u2500\u2500\u2518               \u2514\u2500\u2500\u2500\u2500\u2500\u2500\u2500\u2500\u2500\u2500\u2500\u2500\u2500\u2518\n",
  "plan_json": {
    "total_bytes_written": 0,
    "total_bytes_read": 0,
    "rows_returned": 0,
    "latency": 0.0,
    "result_set_size": 0,
    "query_name": "",
    "blocked_thread_time": 0.0,
    "system_peak_buffer_memory": 0,
    "system_peak_temp_dir_size": 0,
    "cpu_time": 0.0,
    "extra_info": {},
    "cumulative_cardinality": 0,
    "cumulative_rows_scanned": 0,
    "children": [
      {
        "total_bytes_written": 0,
        "total_bytes_read": 0,
        "result_set_size": 0,
        "operator_name": "EXPLAIN_ANALYZE",
        "cpu_time": 0.0,
        "extra_info": {},
        "cumulative_cardinality": 0,
        "operator_type": "EXPLAIN_ANALYZE",
        "operator_cardinality": 0,
        "cumulative_rows_scanned": 0,
        "operator_rows_scanned": 0,
        "operator_timing": 0.0,
        "children": [
          {
            "total_bytes_written": 0,
            "total_bytes_read": 0,
            "result_set_size": 0,
            "operator_name": "CTE",
            "cpu_time": 0.0,
            "extra_info": {
              "CTE Name": "cross_sales",
              "Table Index": "9",
              "Estimated Cardinality": "0"
            },
            "cumulative_cardinality": 0,
            "operator_type": "CTE",
            "operator_cardinality": 0,
            "cumulative_rows_scanned": 0,
            "operator_rows_scanned": 0,
            "operator_timing": 0.0,
            "children": [
              {
                "total_bytes_written": 0,
                "total_bytes_read": 0,
                "result_set_size": 0,
                "operator_name": "PROJECTION",
                "cpu_time": 0.0,
                "extra_info": {
                  "Projections": [
                    "#0",
                    "#1",
                    "__internal_decompress_string(#2)",
                    "__internal_decompress_string(#3)",
                    "__internal_decompress_string(#4)",
                    "#5",
                    "#6",
                    "__internal_decompress_string(#7)",
                    "__internal_decompress_string(#8)",
                    "#9",
                    "#10",
                    "__internal_decompress_string(#11)",
                    "__internal_decompress_integral_integer(#12, 1900)",
                    "__internal_decompress_integral_integer(#13, 1900)",
                    "__internal_decompress_integral_integer(#14, 1900)",
                    "#15",
                    "#16",
                    "#17",
                    "#18"
                  ],
                  "Estimated Cardinality": "471"
                },
                "cumulative_cardinality": 0,
                "operator_type": "PROJECTION",
                "operator_cardinality": 0,
                "cumulative_rows_scanned": 0,
                "operator_rows_scanned": 0,
                "operator_timing": 0.0,
                "children": [
                  {
                    "total_bytes_written": 0,
                    "total_bytes_read": 0,
                    "result_set_size": 0,
                    "operator_name": "HASH_GROUP_BY",
                    "cpu_time": 0.0,
                    "extra_info": {
                      "Groups": [
                        "#0",
                        "#1",
                        "#2",
                        "#3",
                        "#4",
                        "#5",
                        "#6",
                        "#7",
                        "#8",
                        "#9",
                        "#10",
                        "#11",
                        "#12",
                        "#13",
                        "#14"
                      ],
                      "Aggregates": [
                        "count_star()",
                        "sum(#15)",
                        "sum(#16)",
                        "sum(#17)"
                      ],
                      "Estimated Cardinality": "471"
                    },
                    "cumulative_cardinality": 0,
                    "operator_type": "HASH_GROUP_BY",
                    "operator_cardinality": 0,
                    "cumulative_rows_scanned": 0,
                    "operator_rows_scanned": 0,
                    "operator_timing": 9.85e-07,
                    "children": [
                      {
                        "total_bytes_written": 0,
                        "total_bytes_read": 0,
                        "result_set_size": 0,
                        "operator_name": "PROJECTION",
                        "cpu_time": 0.0,
                        "extra_info": {
                          "Projections": [
                            "i_product_name",
                            "i_item_sk",
                            "s_store_name",
                            "s_zip",
                            "ca_street_number",
                            "ca_street_name",
                            "ca_city",
                            "ca_zip",
                            "ca_street_number",
                            "ca_street_name",
                            "ca_city",
                            "ca_zip",
                            "d_year",
                            "d_year",
                            "d_year",
                            "ss_wholesale_cost",
                            "ss_list_price",
                            "ss_coupon_amt"
                          ],
                          "Estimated Cardinality": "471"
                        },
                        "cumulative_cardinality": 0,
                        "operator_type": "PROJECTION",
                        "operator_cardinality": 0,
                        "cumulative_rows_scanned": 0,
                        "operator_rows_scanned": 0,
                        "operator_timing": 0.0,
                        "children": [
                          {
                            "total_bytes_written": 0,
                            "total_bytes_read": 0,
                            "result_set_size": 0,
                            "operator_name": "PROJECTION",
                            "cpu_time": 0.0,
                            "extra_info": {
                              "Projections": [
                                "#0",
                                "#1",
                                "__internal_compress_string_ubigint(#2)",
                                "#3",
                                "#4",
                                "__internal_compress_string_ubigint(#5)",
                                "__internal_compress_string_ubigint(#16)",
                                "__internal_compress_string_ubigint(#17)",
                                "__internal_compress_integral_utinyint(#15, 1900)",
                                "#6",
                                "#7",
                                "#8",
                                "__internal_compress_integral_utinyint(#9, 1900)",
                                "__internal_compress_integral_utinyint(#10, 1900)",
                                "__internal_compress_string_ubigint(#11)",
                                "#12",
                                "#13",
                                "__internal_compress_string_ubigint(#14)"
                              ],
                              "Estimated Cardinality": "471"
                            },
                            "cumulative_cardinality": 0,
                            "operator_type": "PROJECTION",
                            "operator_cardinality": 0,
                            "cumulative_rows_scanned": 0,
                            "operator_rows_scanned": 0,
                            "operator_timing": 0.0,
                            "children": [
                              {
                                "total_bytes_written": 0,
                                "total_bytes_read": 0,
                                "result_set_size": 0,
                                "operator_name": "HASH_JOIN",
                                "cpu_time": 0.0,
                                "extra_info": {
                                  "Join Type": "INNER",
                                  "Conditions": [
                                    "sr_item_sk = ss_item_sk",
                                    "sr_ticket_number = ss_ticket_number"
                                  ],
                                  "Estimated Cardinality": "471"
                                },
                                "cumulative_cardinality": 0,
                                "operator_type": "HASH_JOIN",
                                "operator_cardinality": 0,
                                "cumulative_rows_scanned": 0,
                                "operator_rows_scanned": 0,
                                "operator_timing": 1.594e-06,
                                "children": [
                                  {
                                    "total_bytes_written": 0,
                                    "total_bytes_read": 0,
                                    "result_set_size": 0,
                                    "operator_name": "HASH_JOIN",
                                    "cpu_time": 0.0,
                                    "extra_info": {
                                      "Join Type": "INNER",
                                      "Conditions": "sr_item_sk = i_item_sk",
                                      "Estimated Cardinality": "289048"
                                    },
                                    "cumulative_cardinality": 0,
                                    "operator_type": "HASH_JOIN",
                                    "operator_cardinality": 0,
                                    "cumulative_rows_scanned": 0,
                                    "operator_rows_scanned": 0,
                                    "operator_timing": 0.010820332000000002,
                                    "children": [
                                      {
                                        "total_bytes_written": 0,
                                        "total_bytes_read": 0,
                                        "result_set_size": 23014368,
                                        "operator_name": "SEQ_SCAN ",
                                        "cpu_time": 0.0,
                                        "extra_info": {
                                          "Table": "store_returns",
                                          "Type": "Sequential Scan",
                                          "Projections": [
                                            "sr_item_sk",
                                            "sr_ticket_number"
                                          ],
                                          "Estimated Cardinality": "2877532"
                                        },
                                        "cumulative_cardinality": 0,
                                        "operator_type": "TABLE_SCAN",
                                        "operator_cardinality": 2876796,
                                        "cumulative_rows_scanned": 0,
                                        "operator_rows_scanned": 69060768,
                                        "operator_timing": 0.011499025000000001,
                                        "children": []
                                      },
                                      {
                                        "total_bytes_written": 0,
                                        "total_bytes_read": 0,
                                        "result_set_size": 19160,
                                        "operator_name": "HASH_JOIN",
                                        "cpu_time": 0.0,
                                        "extra_info": {
                                          "Join Type": "INNER",
                                          "Conditions": "cs_item_sk = i_item_sk",
                                          "Estimated Cardinality": "19849"
                                        },
                                        "cumulative_cardinality": 0,
                                        "operator_type": "HASH_JOIN",
                                        "operator_cardinality": 958,
                                        "cumulative_rows_scanned": 0,
                                        "operator_rows_scanned": 0,
                                        "operator_timing": 0.0014573089999999997,
                                        "children": [
                                          {
                                            "total_bytes_written": 0,
                                            "total_bytes_read": 0,
                                            "result_set_size": 328964,
                                            "operator_name": "PROJECTION",
                                            "cpu_time": 0.0,
                                            "extra_info": {
                                              "Projections": "#0",
                                              "Estimated Cardinality": "96135"
                                            },
                                            "cumulative_cardinality": 0,
                                            "operator_type": "PROJECTION",
                                            "operator_cardinality": 82241,
                                            "cumulative_rows_scanned": 0,
                                            "operator_rows_scanned": 0,
                                            "operator_timing": 1.9161000000000002e-05,
                                            "children": [
                                              {
                                                "total_bytes_written": 0,
                                                "total_bytes_read": 0,
                                                "result_set_size": 2960676,
                                                "operator_name": "FILTER",
                                                "cpu_time": 0.0,
                                                "extra_info": {
                                                  "Expression": "(sum(cs_ext_list_price) > (2 * sum(((cr_refunded_cash + cr_reversed_charge) + cr_store_credit))))",
                                                  "Estimated Cardinality": "96135"
                                                },
                                                "cumulative_cardinality": 0,
                                                "operator_type": "FILTER",
                                                "operator_cardinality": 82241,
                                                "cumulative_rows_scanned": 0,
                                                "operator_rows_scanned": 0,
                                                "operator_timing": 0.001572592,
                                                "children": [
                                                  {
                                                    "total_bytes_written": 0,
                                                    "total_bytes_read": 0,
                                                    "result_set_size": 3265164,
                                                    "operator_name": "HASH_GROUP_BY",
                                                    "cpu_time": 0.0,
                                                    "extra_info": {
                                                      "Groups": "#0",
                                                      "Aggregates": [
                                                        "sum(#1)",
                                                        "sum(#2)"
                                                      ],
                                                      "Estimated Cardinality": "96135"
                                                    },
                                                    "cumulative_cardinality": 0,
                                                    "operator_type": "HASH_GROUP_BY",
                                                    "operator_cardinality": 90699,
                                                    "cumulative_rows_scanned": 0,
                                                    "operator_rows_scanned": 0,
                                                    "operator_timing": 0.086787516,
                                                    "children": [
                                                      {
                                                        "total_bytes_written": 0,
                                                        "total_bytes_read": 0,
                                                        "result_set_size": 3470280,
                                                        "operator_name": "PROJECTION",
                                                        "cpu_time": 0.0,
                                                        "extra_info": {
                                                          "Projections": [
                                                            "cs_item_sk",
                                                            "cs_ext_list_price",
                                                            "((cr_refunded_cash + cr_reversed_charge) + cr_store_credit)"
                                                          ],
                                                          "Estimated Cardinality": "3665355"
                                                        },
                                                        "cumulative_cardinality": 0,
                                                        "operator_type": "PROJECTION",
                                                        "operator_cardinality": 289190,
                                                        "cumulative_rows_scanned": 0,
                                                        "operator_rows_scanned": 0,
                                                        "operator_timing": 0.003496472,
                                                        "children": [
                                                          {
                                                            "total_bytes_written": 0,
                                                            "total_bytes_read": 0,
                                                            "result_set_size": 5783800,
                                                            "operator_name": "HASH_JOIN",
                                                            "cpu_time": 0.0,
                                                            "extra_info": {
                                                              "Join Type": "INNER",
                                                              "Conditions": [
                                                                "cs_item_sk = cr_item_sk",
                                                                "cs_order_number = cr_order_number"
                                                              ],
                                                              "Estimated Cardinality": "3665355"
                                                            },
                                                            "cumulative_cardinality": 0,
                                                            "operator_type": "HASH_JOIN",
                                                            "operator_cardinality": 289190,
                                                            "cumulative_rows_scanned": 0,
                                                            "operator_rows_scanned": 0,
                                                            "operator_timing": 0.35974354099999994,
                                                            "children": [
                                                              {
                                                                "total_bytes_written": 0,
                                                                "total_bytes_read": 0,
                                                                "result_set_size": 34707084,
                                                                "operator_name": "FILTER",
                                                                "cpu_time": 0.0,
                                                                "extra_info": {
                                                                  "Expression": "(cs_order_number >= 2)",
                                                                  "Estimated Cardinality": "2880252"
                                                                },
                                                                "cumulative_cardinality": 0,
                                                                "operator_type": "FILTER",
                                                                "operator_cardinality": 2892257,
                                                                "cumulative_rows_scanned": 0,
                                                                "operator_rows_scanned": 0,
                                                                "operator_timing": 0.012282099000000003,
                                                                "children": [
                                                                  {
                                                                    "total_bytes_written": 0,
                                                                    "total_bytes_read": 0,
                                                                    "result_set_size": 34707084,
                                                                    "operator_name": "SEQ_SCAN ",
                                                                    "cpu_time": 0.0,
                                                                    "extra_info": {
                                                                      "Table": "catalog_sales",
                                                                      "Type": "Sequential Scan",
                                                                      "Projections": [
                                                                        "cs_item_sk",
                                                                        "cs_order_number",
                                                                        "cs_ext_list_price"
                                                                      ],
                                                                      "Filters": "cs_wholesale_cost>=35.00 AND cs_wholesale_cost<=55.00",
                                                                      "Estimated Cardinality": "2880252"
                                                                    },
                                                                    "cumulative_cardinality": 0,
                                                                    "operator_type": "TABLE_SCAN",
                                                                    "operator_cardinality": 2892257,
                                                                    "cumulative_rows_scanned": 0,
                                                                    "operator_rows_scanned": 403235308,
                                                                    "operator_timing": 0.17630367300000002,
                                                                    "children": []
                                                                  }
                                                                ]
                                                              },
                                                              {
                                                                "total_bytes_written": 0,
                                                                "total_bytes_read": 0,
                                                                "result_set_size": 28824480,
                                                                "operator_name": "SEQ_SCAN ",
                                                                "cpu_time": 0.0,
                                                                "extra_info": {
                                                                  "Table": "catalog_returns",
                                                                  "Type": "Sequential Scan",
                                                                  "Projections": [
                                                                    "cr_item_sk",
                                                                    "cr_order_number",
                                                                    "cr_refunded_cash",
                                                                    "cr_reversed_charge",
                                                                    "cr_store_credit"
                                                                  ],
                                                                  "Estimated Cardinality": "1441224"
                                                                },
                                                                "cumulative_cardinality": 0,
                                                                "operator_type": "TABLE_SCAN",
                                                                "operator_cardinality": 1441224,
                                                                "cumulative_rows_scanned": 0,
                                                                "operator_rows_scanned": 17294688,
                                                                "operator_timing": 0.008586104999999998,
                                                                "children": []
                                                              }
                                                            ]
                                                          }
                                                        ]
                                                      }
                                                    ]
                                                  }
                                                ]
                                              }
                                            ]
                                          },
                                          {
                                            "total_bytes_written": 0,
                                            "total_bytes_read": 0,
                                            "result_set_size": 24220,
                                            "operator_name": "SEQ_SCAN ",
                                            "cpu_time": 0.0,
                                            "extra_info": {
                                              "Table": "item",
                                              "Type": "Sequential Scan",
                                              "Projections": [
                                                "i_item_sk",
                                                "i_product_name"
                                              ],
                                              "Filters": "i_current_price>=26.00 AND i_current_price<=36.00",
                                              "Estimated Cardinality": "20400"
                                            },
                                            "cumulative_cardinality": 0,
                                            "operator_type": "TABLE_SCAN",
                                            "operator_cardinality": 1211,
                                            "cumulative_rows_scanned": 0,
                                            "operator_rows_scanned": 102000,
                                            "operator_timing": 0.002373051999999999,
                                            "children": []
                                          }
                                        ]
                                      }
                                    ]
                                  },
                                  {
                                    "total_bytes_written": 0,
                                    "total_bytes_read": 0,
                                    "result_set_size": 0,
                                    "operator_name": "HASH_JOIN",
                                    "cpu_time": 0.0,
                                    "extra_info": {
                                      "Join Type": "INNER",
                                      "Conditions": "hd_demo_sk = ss_hdemo_sk",
                                      "Estimated Cardinality": "765"
                                    },
                                    "cumulative_cardinality": 0,
                                    "operator_type": "HASH_JOIN",
                                    "operator_cardinality": 0,
                                    "cumulative_rows_scanned": 0,
                                    "operator_rows_scanned": 0,
                                    "operator_timing": 1.694e-05,
                                    "children": [
                                      {
                                        "total_bytes_written": 0,
                                        "total_bytes_read": 0,
                                        "result_set_size": 16384,
                                        "operator_name": "HASH_JOIN",
                                        "cpu_time": 0.0,
                                        "extra_info": {
                                          "Join Type": "INNER",
                                          "Conditions": "hd_income_band_sk = ib_income_band_sk",
                                          "Estimated Cardinality": "6857"
                                        },
                                        "cumulative_cardinality": 0,
                                        "operator_type": "HASH_JOIN",
                                        "operator_cardinality": 2048,
                                        "cumulative_rows_scanned": 0,
                                        "operator_rows_scanned": 0,
                                        "operator_timing": 0.00018438099999999998,
                                        "children": [
                                          {
                                            "total_bytes_written": 0,
                                            "total_bytes_read": 0,
                                            "result_set_size": 16384,
                                            "operator_name": "SEQ_SCAN ",
                                            "cpu_time": 0.0,
                                            "extra_info": {
                                              "Table": "household_demographics",
                                              "Type": "Sequential Scan",
                                              "Projections": [
                                                "hd_demo_sk",
                                                "hd_income_band_sk"
                                              ],
                                              "Estimated Cardinality": "7200"
                                            },
                                            "cumulative_cardinality": 0,
                                            "operator_type": "TABLE_SCAN",
                                            "operator_cardinality": 2048,
                                            "cumulative_rows_scanned": 0,
                                            "operator_rows_scanned": 7200,
                                            "operator_timing": 2.0752e-05,
                                            "children": []
                                          },
                                          {
                                            "total_bytes_written": 0,
                                            "total_bytes_read": 0,
                                            "result_set_size": 80,
                                            "operator_name": "SEQ_SCAN ",
                                            "cpu_time": 0.0,
                                            "extra_info": {
                                              "Table": "income_band",
                                              "Type": "Sequential Scan",
                                              "Projections": "ib_income_band_sk",
                                              "Estimated Cardinality": "20"
                                            },
                                            "cumulative_cardinality": 0,
                                            "operator_type": "TABLE_SCAN",
                                            "operator_cardinality": 20,
                                            "cumulative_rows_scanned": 0,
                                            "operator_rows_scanned": 20,
                                            "operator_timing": 1.0874000000000001e-05,
                                            "children": []
                                          }
                                        ]
                                      },
                                      {
                                        "total_bytes_written": 0,
                                        "total_bytes_read": 0,
                                        "result_set_size": 0,
                                        "operator_name": "HASH_JOIN",
                                        "cpu_time": 0.0,
                                        "extra_info": {
                                          "Join Type": "INNER",
                                          "Conditions": "ca_address_sk = ss_addr_sk",
                                          "Estimated Cardinality": "804"
                                        },
                                        "cumulative_cardinality": 0,
                                        "operator_type": "HASH_JOIN",
                                        "operator_cardinality": 0,
                                        "cumulative_rows_scanned": 0,
                                        "operator_rows_scanned": 0,
                                        "operator_timing": 5.1808e-05,
                                        "children": [
                                          {
                                            "total_bytes_written": 0,
                                            "total_bytes_read": 0,
                                            "result_set_size": 417792,
                                            "operator_name": "SEQ_SCAN ",
                                            "cpu_time": 0.0,
                                            "extra_info": {
                                              "Table": "customer_address",
                                              "Type": "Sequential Scan",
                                              "Projections": [
                                                "ca_address_sk",
                                                "ca_street_number",
                                                "ca_street_name",
                                                "ca_city",
                                                "ca_zip"
                                              ],
                                              "Estimated Cardinality": "250000"
                                            },
                                            "cumulative_cardinality": 0,
                                            "operator_type": "TABLE_SCAN",
                                            "operator_cardinality": 6144,
                                            "cumulative_rows_scanned": 0,
                                            "operator_rows_scanned": 750000,
                                            "operator_timing": 0.000498163,
                                            "children": []
                                          },
                                          {
                                            "total_bytes_written": 0,
                                            "total_bytes_read": 0,
                                            "result_set_size": 0,
                                            "operator_name": "HASH_JOIN",
                                            "cpu_time": 0.0,
                                            "extra_info": {
                                              "Join Type": "INNER",
                                              "Conditions": "ss_store_sk = s_store_sk",
                                              "Estimated Cardinality": "706"
                                            },
                                            "cumulative_cardinality": 0,
                                            "operator_type": "HASH_JOIN",
                                            "operator_cardinality": 0,
                                            "cumulative_rows_scanned": 0,
                                            "operator_rows_scanned": 0,
                                            "operator_timing": 0.00019148699999999998,
                                            "children": [
                                              {
                                                "total_bytes_written": 0,
                                                "total_bytes_read": 0,
                                                "result_set_size": 0,
                                                "operator_name": "HASH_JOIN",
                                                "cpu_time": 0.0,
                                                "extra_info": {
                                                  "Join Type": "INNER",
                                                  "Conditions": "ss_sold_date_sk = d_date_sk",
                                                  "Estimated Cardinality": "693"
                                                },
                                                "cumulative_cardinality": 0,
                                                "operator_type": "HASH_JOIN",
                                                "operator_cardinality": 0,
                                                "cumulative_rows_scanned": 0,
                                                "operator_rows_scanned": 0,
                                                "operator_timing": 0.000263568,
                                                "children": [
                                                  {
                                                    "total_bytes_written": 0,
                                                    "total_bytes_read": 0,
                                                    "result_set_size": 0,
                                                    "operator_name": "HASH_JOIN",
                                                    "cpu_time": 0.0,
                                                    "extra_info": {
                                                      "Join Type": "INNER",
                                                      "Conditions": "ss_promo_sk = p_promo_sk",
                                                      "Estimated Cardinality": "3465"
                                                    },
                                                    "cumulative_cardinality": 0,
                                                    "operator_type": "HASH_JOIN",
                                                    "operator_cardinality": 0,
                                                    "cumulative_rows_scanned": 0,
                                                    "operator_rows_scanned": 0,
                                                    "operator_timing": 0.00025020199999999993,
                                                    "children": [
                                                      {
                                                        "total_bytes_written": 0,
                                                        "total_bytes_read": 0,
                                                        "result_set_size": 272976,
                                                        "operator_name": "HASH_JOIN",
                                                        "cpu_time": 0.0,
                                                        "extra_info": {
                                                          "Join Type": "INNER",
                                                          "Conditions": [
                                                            "ss_cdemo_sk = cd_demo_sk",
                                                            "cd_marital_status != cd_marital_status"
                                                          ],
                                                          "Estimated Cardinality": "18021"
                                                        },
                                                        "cumulative_cardinality": 0,
                                                        "operator_type": "HASH_JOIN",
                                                        "operator_cardinality": 2068,
                                                        "cumulative_rows_scanned": 0,
                                                        "operator_rows_scanned": 0,
                                                        "operator_timing": 0.019533121000000004,
                                                        "children": [
                                                          {
                                                            "total_bytes_written": 0,
                                                            "total_bytes_read": 0,
                                                            "result_set_size": 3146352,
                                                            "operator_name": "HASH_JOIN",
                                                            "cpu_time": 0.0,
                                                            "extra_info": {
                                                              "Join Type": "INNER",
                                                              "Conditions": "ss_customer_sk = c_customer_sk",
                                                              "Estimated Cardinality": "180218"
                                                            },
                                                            "cumulative_cardinality": 0,
                                                            "operator_type": "HASH_JOIN",
                                                            "operator_cardinality": 23836,
                                                            "cumulative_rows_scanned": 0,
                                                            "operator_rows_scanned": 0,
                                                            "operator_timing": 0.15209946,
                                                            "children": [
                                                              {
                                                                "total_bytes_written": 0,
                                                                "total_bytes_read": 0,
                                                                "result_set_size": 99104976,
                                                                "operator_name": "FILTER",
                                                                "cpu_time": 0.0,
                                                                "extra_info": {
                                                                  "Expression": "(ss_ticket_number <= 2399999)",
                                                                  "Estimated Cardinality": "5760198"
                                                                },
                                                                "cumulative_cardinality": 0,
                                                                "operator_type": "FILTER",
                                                                "operator_cardinality": 2064687,
                                                                "cumulative_rows_scanned": 0,
                                                                "operator_rows_scanned": 0,
                                                                "operator_timing": 0.022484173000000003,
                                                                "children": [
                                                                  {
                                                                    "total_bytes_written": 0,
                                                                    "total_bytes_read": 0,
                                                                    "result_set_size": 99104976,
                                                                    "operator_name": "SEQ_SCAN ",
                                                                    "cpu_time": 0.0,
                                                                    "extra_info": {
                                                                      "Table": "store_sales",
                                                                      "Type": "Sequential Scan",
                                                                      "Projections": [
                                                                        "ss_store_sk",
                                                                        "ss_sold_date_sk",
                                                                        "ss_customer_sk",
                                                                        "ss_cdemo_sk",
                                                                        "ss_hdemo_sk",
                                                                        "ss_addr_sk",
                                                                        "ss_item_sk",
                                                                        "ss_ticket_number",
                                                                        "ss_promo_sk",
                                                                        "ss_wholesale_cost",
                                                                        "ss_list_price",
                                                                        "ss_coupon_amt"
                                                                      ],
                                                                      "Filters": "ss_wholesale_cost>=35.00 AND ss_wholesale_cost<=55.00",
                                                                      "Estimated Cardinality": "5760198"
                                                                    },
                                                                    "cumulative_cardinality": 0,
                                                                    "operator_type": "TABLE_SCAN",
                                                                    "operator_cardinality": 2064687,
                                                                    "cumulative_rows_scanned": 0,
                                                                    "operator_rows_scanned": 806427748,
                                                                    "operator_timing": 0.640869715,
                                                                    "children": []
                                                                  }
                                                                ]
                                                              },
                                                              {
                                                                "total_bytes_written": 0,
                                                                "total_bytes_read": 0,
                                                                "result_set_size": 1148100,
                                                                "operator_name": "HASH_JOIN",
                                                                "cpu_time": 0.0,
                                                                "extra_info": {
                                                                  "Join Type": "INNER",
                                                                  "Conditions": "c_current_hdemo_sk = hd_demo_sk",
                                                                  "Estimated Cardinality": "15643"
                                                                },
                                                                "cumulative_cardinality": 0,
                                                                "operator_type": "HASH_JOIN",
                                                                "operator_cardinality": 11481,
                                                                "cumulative_rows_scanned": 0,
                                                                "operator_rows_scanned": 0,
                                                                "operator_timing": 0.000533934,
                                                                "children": [
                                                                  {
                                                                    "total_bytes_written": 0,
                                                                    "total_bytes_read": 0,
                                                                    "result_set_size": 1107264,
                                                                    "operator_name": "HASH_JOIN",
                                                                    "cpu_time": 0.0,
                                                                    "extra_info": {
                                                                      "Join Type": "INNER",
                                                                      "Conditions": "d_date_sk = c_first_shipto_date_sk",
                                                                      "Estimated Cardinality": "16425"
                                                                    },
                                                                    "cumulative_cardinality": 0,
                                                                    "operator_type": "HASH_JOIN",
                                                                    "operator_cardinality": 11534,
                                                                    "cumulative_rows_scanned": 0,
                                                                    "operator_rows_scanned": 0,
                                                                    "operator_timing": 0.001225512,
                                                                    "children": [
                                                                      {
                                                                        "total_bytes_written": 0,
                                                                        "total_bytes_read": 0,
                                                                        "result_set_size": 29208,
                                                                        "operator_name": "SEQ_SCAN ",
                                                                        "cpu_time": 0.0,
                                                                        "extra_info": {
                                                                          "Table": "date_dim",
                                                                          "Type": "Sequential Scan",
                                                                          "Projections": [
                                                                            "d_date_sk",
                                                                            "d_year"
                                                                          ],
                                                                          "Filters": "d_date_sk>=2449028 AND d_date_sk<=2452678",
                                                                          "Estimated Cardinality": "73049"
                                                                        },
                                                                        "cumulative_cardinality": 0,
                                                                        "operator_type": "TABLE_SCAN",
                                                                        "operator_cardinality": 3651,
                                                                        "cumulative_rows_scanned": 0,
                                                                        "operator_rows_scanned": 73049,
                                                                        "operator_timing": 0.000282044,
                                                                        "children": []
                                                                      },
                                                                      {
                                                                        "total_bytes_written": 0,
                                                                        "total_bytes_read": 0,
                                                                        "result_set_size": 1115328,
                                                                        "operator_name": "HASH_JOIN",
                                                                        "cpu_time": 0.0,
                                                                        "extra_info": {
                                                                          "Join Type": "INNER",
                                                                          "Conditions": "d_date_sk = c_first_sales_date_sk",
                                                                          "Estimated Cardinality": "16425"
                                                                        },
                                                                        "cumulative_cardinality": 0,
                                                                        "operator_type": "HASH_JOIN",
                                                                        "operator_cardinality": 11618,
                                                                        "cumulative_rows_scanned": 0,
                                                                        "operator_rows_scanned": 0,
                                                                        "operator_timing": 0.002629686,
                                                                        "children": [
                                                                          {
                                                                            "total_bytes_written": 0,
                                                                            "total_bytes_read": 0,
                                                                            "result_set_size": 29208,
                                                                            "operator_name": "SEQ_SCAN ",
                                                                            "cpu_time": 0.0,
                                                                            "extra_info": {
                                                                              "Table": "date_dim",
                                                                              "Type": "Sequential Scan",
                                                                              "Projections": [
                                                                                "d_date_sk",
                                                                                "d_year"
                                                                              ],
                                                                              "Filters": "d_date_sk>=2448998 AND d_date_sk<=2452648",
                                                                              "Estimated Cardinality": "73049"
                                                                            },
                                                                            "cumulative_cardinality": 0,
                                                                            "operator_type": "TABLE_SCAN",
                                                                            "operator_cardinality": 3651,
                                                                            "cumulative_rows_scanned": 0,
                                                                            "operator_rows_scanned": 73049,
                                                                            "operator_timing": 0.00010336,
                                                                            "children": []
                                                                          },
                                                                          {
                                                                            "total_bytes_written": 0,
                                                                            "total_bytes_read": 0,
                                                                            "result_set_size": 1134144,
                                                                            "operator_name": "HASH_JOIN",
                                                                            "cpu_time": 0.0,
                                                                            "extra_info": {
                                                                              "Join Type": "INNER",
                                                                              "Conditions": "cd_demo_sk = c_current_cdemo_sk",
                                                                              "Estimated Cardinality": "16425"
                                                                            },
                                                                            "cumulative_cardinality": 0,
                                                                            "operator_type": "HASH_JOIN",
                                                                            "operator_cardinality": 11814,
                                                                            "cumulative_rows_scanned": 0,
                                                                            "operator_rows_scanned": 0,
                                                                            "operator_timing": 0.024142606000000007,
                                                                            "children": [
                                                                              {
                                                                                "total_bytes_written": 0,
                                                                                "total_bytes_read": 0,
                                                                                "result_set_size": 6585540,
                                                                                "operator_name": "FILTER",
                                                                                "cpu_time": 0.0,
                                                                                "extra_info": {
                                                                                  "Expression": "(cd_demo_sk BETWEEN 4 AND 1920791)",
                                                                                  "Estimated Cardinality": "384160"
                                                                                },
                                                                                "cumulative_cardinality": 0,
                                                                                "operator_type": "FILTER",
                                                                                "operator_cardinality": 329277,
                                                                                "cumulative_rows_scanned": 0,
                                                                                "operator_rows_scanned": 0,
                                                                                "operator_timing": 0.0010684730000000001,
                                                                                "children": [
                                                                                  {
                                                                                    "total_bytes_written": 0,
                                                                                    "total_bytes_read": 0,
                                                                                    "result_set_size": 6585540,
                                                                                    "operator_name": "PROJECTION",
                                                                                    "cpu_time": 0.0,
                                                                                    "extra_info": {
                                                                                      "Projections": [
                                                                                        "#0",
                                                                                        "#1"
                                                                                      ],
                                                                                      "Estimated Cardinality": "384160"
                                                                                    },
                                                                                    "cumulative_cardinality": 0,
                                                                                    "operator_type": "PROJECTION",
                                                                                    "operator_cardinality": 329277,
                                                                                    "cumulative_rows_scanned": 0,
                                                                                    "operator_rows_scanned": 0,
                                                                                    "operator_timing": 0.00018137800000000002,
                                                                                    "children": [
                                                                                      {
                                                                                        "total_bytes_written": 0,
                                                                                        "total_bytes_read": 0,
                                                                                        "result_set_size": 11853972,
                                                                                        "operator_name": "FILTER",
                                                                                        "cpu_time": 0.0,
                                                                                        "extra_info": {
                                                                                          "Expression": "(((cd_marital_status = 'M') OR (cd_marital_status = 'M') OR (cd_marital_status = 'U')) AND ((cd_education_status = 'Unknown') OR (cd_education_status = 'Advanced Degree') OR (cd_education_status = 'College')))",
                                                                                          "Estimated Cardinality": "384160"
                                                                                        },
                                                                                        "cumulative_cardinality": 0,
                                                                                        "operator_type": "FILTER",
                                                                                        "operator_cardinality": 329277,
                                                                                        "cumulative_rows_scanned": 0,
                                                                                        "operator_rows_scanned": 0,
                                                                                        "operator_timing": 0.030353087999999997,
                                                                                        "children": [
                                                                                          {
                                                                                            "total_bytes_written": 0,
                                                                                            "total_bytes_read": 0,
                                                                                            "result_set_size": 69147972,
                                                                                            "operator_name": "SEQ_SCAN ",
                                                                                            "cpu_time": 0.0,
                                                                                            "extra_info": {
                                                                                              "Table": "customer_demographics",
                                                                                              "Type": "Sequential Scan",
                                                                                              "Projections": [
                                                                                                "cd_demo_sk",
                                                                                                "cd_marital_status",
                                                                                                "cd_education_status"
                                                                                              ],
                                                                                              "Filters": [
                                                                                                "optional: cd_marital_status IN ('M', 'M', 'U')",
                                                                                                "optional: cd_education_status IN ('Unknown', 'Advanced Degree', 'College')"
                                                                                              ],
                                                                                              "Estimated Cardinality": "1920800"
                                                                                            },
                                                                                            "cumulative_cardinality": 0,
                                                                                            "operator_type": "TABLE_SCAN",
                                                                                            "operator_cardinality": 1920777,
                                                                                            "cumulative_rows_scanned": 0,
                                                                                            "operator_rows_scanned": 30732800,
                                                                                            "operator_timing": 0.0034711599999999996,
                                                                                            "children": []
                                                                                          }
                                                                                        ]
                                                                                      }
                                                                                    ]
                                                                                  }
                                                                                ]
                                                                              },
                                                                              {
                                                                                "total_bytes_written": 0,
                                                                                "total_bytes_read": 0,
                                                                                "result_set_size": 5994996,
                                                                                "operator_name": "HASH_JOIN",
                                                                                "cpu_time": 0.0,
                                                                                "extra_info": {
                                                                                  "Join Type": "INNER",
                                                                                  "Conditions": "c_current_addr_sk = ca_address_sk",
                                                                                  "Estimated Cardinality": "82127"
                                                                                },
                                                                                "cumulative_cardinality": 0,
                                                                                "operator_type": "HASH_JOIN",
                                                                                "operator_cardinality": 71369,
                                                                                "cumulative_rows_scanned": 0,
                                                                                "operator_rows_scanned": 0,
                                                                                "operator_timing": 0.005921579000000001,
                                                                                "children": [
                                                                                  {
                                                                                    "total_bytes_written": 0,
                                                                                    "total_bytes_read": 0,
                                                                                    "result_set_size": 11998992,
                                                                                    "operator_name": "SEQ_SCAN ",
                                                                                    "cpu_time": 0.0,
                                                                                    "extra_info": {
                                                                                      "Table": "customer",
                                                                                      "Type": "Sequential Scan",
                                                                                      "Projections": [
                                                                                        "c_customer_sk",
                                                                                        "c_current_cdemo_sk",
                                                                                        "c_current_hdemo_sk",
                                                                                        "c_current_addr_sk",
                                                                                        "c_first_sales_date_sk",
                                                                                        "c_first_shipto_date_sk"
                                                                                      ],
                                                                                      "Estimated Cardinality": "500000"
                                                                                    },
                                                                                    "cumulative_cardinality": 0,
                                                                                    "operator_type": "TABLE_SCAN",
                                                                                    "operator_cardinality": 499958,
                                                                                    "cumulative_rows_scanned": 0,
                                                                                    "operator_rows_scanned": 2500000,
                                                                                    "operator_timing": 0.0040827730000000005,
                                                                                    "children": []
                                                                                  },
                                                                                  {
                                                                                    "total_bytes_written": 0,
                                                                                    "total_bytes_read": 0,
                                                                                    "result_set_size": 2434876,
                                                                                    "operator_name": "PROJECTION",
                                                                                    "cpu_time": 0.0,
                                                                                    "extra_info": {
                                                                                      "Projections": [
                                                                                        "#0",
                                                                                        "#2",
                                                                                        "#3",
                                                                                        "#4",
                                                                                        "#5"
                                                                                      ],
                                                                                      "Estimated Cardinality": "50000"
                                                                                    },
                                                                                    "cumulative_cardinality": 0,
                                                                                    "operator_type": "PROJECTION",
                                                                                    "operator_cardinality": 35807,
                                                                                    "cumulative_rows_scanned": 0,
                                                                                    "operator_rows_scanned": 0,
                                                                                    "operator_timing": 5.3564e-05,
                                                                                    "children": [
                                                                                      {
                                                                                        "total_bytes_written": 0,
                                                                                        "total_bytes_read": 0,
                                                                                        "result_set_size": 3007788,
                                                                                        "operator_name": "FILTER",
                                                                                        "cpu_time": 0.0,
                                                                                        "extra_info": {
                                                                                          "Expression": "((ca_state = 'IA') OR (ca_state = 'IL') OR (ca_state = 'TX'))",
                                                                                          "Estimated Cardinality": "50000"
                                                                                        },
                                                                                        "cumulative_cardinality": 0,
                                                                                        "operator_type": "FILTER",
                                                                                        "operator_cardinality": 35807,
                                                                                        "cumulative_rows_scanned": 0,
                                                                                        "operator_rows_scanned": 0,
                                                                                        "operator_timing": 0.002485416,
                                                                                        "children": [
                                                                                          {
                                                                                            "total_bytes_written": 0,
                                                                                            "total_bytes_read": 0,
                                                                                            "result_set_size": 21000000,
                                                                                            "operator_name": "SEQ_SCAN ",
                                                                                            "cpu_time": 0.0,
                                                                                            "extra_info": {
                                                                                              "Table": "customer_address",
                                                                                              "Type": "Sequential Scan",
                                                                                              "Projections": [
                                                                                                "ca_address_sk",
                                                                                                "ca_state",
                                                                                                "ca_street_number",
                                                                                                "ca_street_name",
                                                                                                "ca_city",
                                                                                                "ca_zip"
                                                                                              ],
                                                                                              "Filters": "optional: ca_state IN ('IA', 'IL', 'TX')",
                                                                                              "Estimated Cardinality": "250000"
                                                                                            },
                                                                                            "cumulative_cardinality": 0,
                                                                                            "operator_type": "TABLE_SCAN",
                                                                                            "operator_cardinality": 250000,
                                                                                            "cumulative_rows_scanned": 0,
                                                                                            "operator_rows_scanned": 750000,
                                                                                            "operator_timing": 0.011766539999999999,
                                                                                            "children": []
                                                                                          }
                                                                                        ]
                                                                                      }
                                                                                    ]
                                                                                  }
                                                                                ]
                                                                              }
                                                                            ]
                                                                          }
                                                                        ]
                                                                      }
                                                                    ]
                                                                  },
                                                                  {
                                                                    "total_bytes_written": 0,
                                                                    "total_bytes_read": 0,
                                                                    "result_set_size": 57600,
                                                                    "operator_name": "HASH_JOIN",
                                                                    "cpu_time": 0.0,
                                                                    "extra_info": {
                                                                      "Join Type": "INNER",
                                                                      "Conditions": "hd_income_band_sk = ib_income_band_sk",
                                                                      "Estimated Cardinality": "6857"
                                                                    },
                                                                    "cumulative_cardinality": 0,
                                                                    "operator_type": "HASH_JOIN",
                                                                    "operator_cardinality": 7200,
                                                                    "cumulative_rows_scanned": 0,
                                                                    "operator_rows_scanned": 0,
                                                                    "operator_timing": 0.000238742,
                                                                    "children": [
                                                                      {
                                                                        "total_bytes_written": 0,
                                                                        "total_bytes_read": 0,
                                                                        "result_set_size": 57600,
                                                                        "operator_name": "SEQ_SCAN ",
                                                                        "cpu_time": 0.0,
                                                                        "extra_info": {
                                                                          "Table": "household_demographics",
                                                                          "Type": "Sequential Scan",
                                                                          "Projections": [
                                                                            "hd_demo_sk",
                                                                            "hd_income_band_sk"
                                                                          ],
                                                                          "Estimated Cardinality": "7200"
                                                                        },
                                                                        "cumulative_cardinality": 0,
                                                                        "operator_type": "TABLE_SCAN",
                                                                        "operator_cardinality": 7200,
                                                                        "cumulative_rows_scanned": 0,
                                                                        "operator_rows_scanned": 7200,
                                                                        "operator_timing": 2.3356e-05,
                                                                        "children": []
                                                                      },
                                                                      {
                                                                        "total_bytes_written": 0,
                                                                        "total_bytes_read": 0,
                                                                        "result_set_size": 80,
                                                                        "operator_name": "SEQ_SCAN ",
                                                                        "cpu_time": 0.0,
                                                                        "extra_info": {
                                                                          "Table": "income_band",
                                                                          "Type": "Sequential Scan",
                                                                          "Projections": "ib_income_band_sk",
                                                                          "Estimated Cardinality": "20"
                                                                        },
                                                                        "cumulative_cardinality": 0,
                                                                        "operator_type": "TABLE_SCAN",
                                                                        "operator_cardinality": 20,
                                                                        "cumulative_rows_scanned": 0,
                                                                        "operator_rows_scanned": 20,
                                                                        "operator_timing": 5.228e-06,
                                                                        "children": []
                                                                      }
                                                                    ]
                                                                  }
                                                                ]
                                                              }
                                                            ]
                                                          },
                                                          {
                                                            "total_bytes_written": 0,
                                                            "total_bytes_read": 0,
                                                            "result_set_size": 6585600,
                                                            "operator_name": "PROJECTION",
                                                            "cpu_time": 0.0,
                                                            "extra_info": {
                                                              "Projections": [
                                                                "#0",
                                                                "#1"
                                                              ],
                                                              "Estimated Cardinality": "384160"
                                                            },
                                                            "cumulative_cardinality": 0,
                                                            "operator_type": "PROJECTION",
                                                            "operator_cardinality": 329280,
                                                            "cumulative_rows_scanned": 0,
                                                            "operator_rows_scanned": 0,
                                                            "operator_timing": 0.000210704,
                                                            "children": [
                                                              {
                                                                "total_bytes_written": 0,
                                                                "total_bytes_read": 0,
                                                                "result_set_size": 11854080,
                                                                "operator_name": "FILTER",
                                                                "cpu_time": 0.0,
                                                                "extra_info": {
                                                                  "Expression": "(((cd_marital_status = 'M') OR (cd_marital_status = 'M') OR (cd_marital_status = 'U')) AND ((cd_education_status = 'Unknown') OR (cd_education_status = 'Advanced Degree') OR (cd_education_status = 'College')))",
                                                                  "Estimated Cardinality": "384160"
                                                                },
                                                                "cumulative_cardinality": 0,
                                                                "operator_type": "FILTER",
                                                                "operator_cardinality": 329280,
                                                                "cumulative_rows_scanned": 0,
                                                                "operator_rows_scanned": 0,
                                                                "operator_timing": 0.039515595,
                                                                "children": [
                                                                  {
                                                                    "total_bytes_written": 0,
                                                                    "total_bytes_read": 0,
                                                                    "result_set_size": 69148800,
                                                                    "operator_name": "SEQ_SCAN ",
                                                                    "cpu_time": 0.0,
                                                                    "extra_info": {
                                                                      "Table": "customer_demographics",
                                                                      "Type": "Sequential Scan",
                                                                      "Projections": [
                                                                        "cd_demo_sk",
                                                                        "cd_marital_status",
                                                                        "cd_education_status"
                                                                      ],
                                                                      "Filters": [
                                                                        "optional: cd_marital_status IN ('M', 'M', 'U')",
                                                                        "optional: cd_education_status IN ('Unknown', 'Advanced Degree', 'College')"
                                                                      ],
                                                                      "Estimated Cardinality": "1920800"
                                                                    },
                                                                    "cumulative_cardinality": 0,
                                                                    "operator_type": "TABLE_SCAN",
                                                                    "operator_cardinality": 1920800,
                                                                    "cumulative_rows_scanned": 0,
                                                                    "operator_rows_scanned": 30732800,
                                                                    "operator_timing": 0.003813015,
                                                                    "children": []
                                                                  }
                                                                ]
                                                              }
                                                            ]
                                                          }
                                                        ]
                                                      },
                                                      {
                                                        "total_bytes_written": 0,
                                                        "total_bytes_read": 0,
                                                        "result_set_size": 0,
                                                        "operator_name": "EMPTY_RESULT",
                                                        "cpu_time": 0.0,
                                                        "extra_info": {},
                                                        "cumulative_cardinality": 0,
                                                        "operator_type": "EMPTY_RESULT",
                                                        "operator_cardinality": 0,
                                                        "cumulative_rows_scanned": 0,
                                                        "operator_rows_scanned": 0,
                                                        "operator_timing": 6.57e-07,
                                                        "children": []
                                                      }
                                                    ]
                                                  },
                                                  {
                                                    "total_bytes_written": 0,
                                                    "total_bytes_read": 0,
                                                    "result_set_size": 5832,
                                                    "operator_name": "FILTER",
                                                    "cpu_time": 0.0,
                                                    "extra_info": {
                                                      "Expression": "((d_date_sk BETWEEN 2450816 AND 2452642) AND ((d_year = 1998) OR (d_year = 1999)))",
                                                      "Estimated Cardinality": "73049"
                                                    },
                                                    "cumulative_cardinality": 0,
                                                    "operator_type": "FILTER",
                                                    "operator_cardinality": 729,
                                                    "cumulative_rows_scanned": 0,
                                                    "operator_rows_scanned": 0,
                                                    "operator_timing": 0.00024320199999999993,
                                                    "children": [
                                                      {
                                                        "total_bytes_written": 0,
                                                        "total_bytes_read": 0,
                                                        "result_set_size": 584392,
                                                        "operator_name": "SEQ_SCAN ",
                                                        "cpu_time": 0.0,
                                                        "extra_info": {
                                                          "Table": "date_dim",
                                                          "Type": "Sequential Scan",
                                                          "Projections": [
                                                            "d_date_sk",
                                                            "d_year"
                                                          ],
                                                          "Filters": "optional: d_year=1998 OR d_year=1999",
                                                          "Estimated Cardinality": "73049"
                                                        },
                                                        "cumulative_cardinality": 0,
                                                        "operator_type": "TABLE_SCAN",
                                                        "operator_cardinality": 73049,
                                                        "cumulative_rows_scanned": 0,
                                                        "operator_rows_scanned": 73049,
                                                        "operator_timing": 9.2167e-05,
                                                        "children": []
                                                      }
                                                    ]
                                                  }
                                                ]
                                              },
                                              {
                                                "total_bytes_written": 0,
                                                "total_bytes_read": 0,
                                                "result_set_size": 3600,
                                                "operator_name": "SEQ_SCAN ",
                                                "cpu_time": 0.0,
                                                "extra_info": {
                                                  "Table": "store",
                                                  "Type": "Sequential Scan",
                                                  "Projections": [
                                                    "s_store_sk",
                                                    "s_store_name",
                                                    "s_zip"
                                                  ],
                                                  "Filters": "s_store_sk<=100",
                                                  "Estimated Cardinality": "102"
                                                },
                                                "cumulative_cardinality": 0,
                                                "operator_type": "TABLE_SCAN",
                                                "operator_cardinality": 100,
                                                "cumulative_rows_scanned": 0,
                                                "operator_rows_scanned": 102,
                                                "operator_timing": 3.1325e-05,
                                                "children": []
                                              }
                                            ]
                                          }
                                        ]
                                      }
                                    ]
                                  }
                                ]
                              }
                            ]
                          }
                        ]
                      }
                    ]
                  }
                ]
              },
              {
                "total_bytes_written": 0,
                "total_bytes_read": 0,
                "result_set_size": 0,
                "operator_name": "ORDER_BY",
                "cpu_time": 0.0,
                "extra_info": {
                  "Order By": [
                    "cs1.product_name ASC",
                    "cs1.store_name ASC",
                    "cs2.cnt ASC",
                    "cs1.s1 ASC",
                    "cs2.s1 ASC"
                  ]
                },
                "cumulative_cardinality": 0,
                "operator_type": "ORDER_BY",
                "operator_cardinality": 0,
                "cumulative_rows_scanned": 0,
                "operator_rows_scanned": 0,
                "operator_timing": 5.04e-07,
                "children": [
                  {
                    "total_bytes_written": 0,
                    "total_bytes_read": 0,
                    "result_set_size": 0,
                    "operator_name": "PROJECTION",
                    "cpu_time": 0.0,
                    "extra_info": {
                      "Projections": [
                        "product_name",
                        "store_name",
                        "store_zip",
                        "b_street_number",
                        "b_street_name",
                        "b_city",
                        "b_zip",
                        "c_street_number",
                        "c_street_name",
                        "c_city",
                        "c_zip",
                        "syear",
                        "cnt",
                        "s11",
                        "s21",
                        "s31",
                        "s12",
                        "s22",
                        "s32",
                        "syear",
                        "cnt"
                      ],
                      "Estimated Cardinality": "0"
                    },
                    "cumulative_cardinality": 0,
                    "operator_type": "PROJECTION",
                    "operator_cardinality": 0,
                    "cumulative_rows_scanned": 0,
                    "operator_rows_scanned": 0,
                    "operator_timing": 0.0,
                    "children": [
                      {
                        "total_bytes_written": 0,
                        "total_bytes_read": 0,
                        "result_set_size": 0,
                        "operator_name": "HASH_JOIN",
                        "cpu_time": 0.0,
                        "extra_info": {
                          "Join Type": "INNER",
                          "Conditions": [
                            "item_sk = item_sk",
                            "store_name = store_name",
                            "store_zip = store_zip",
                            "cnt >= cnt"
                          ],
                          "Estimated Cardinality": "0"
                        },
                        "cumulative_cardinality": 0,
                        "operator_type": "HASH_JOIN",
                        "operator_cardinality": 0,
                        "cumulative_rows_scanned": 0,
                        "operator_rows_scanned": 0,
                        "operator_timing": 1.483e-06,
                        "children": [
                          {
                            "total_bytes_written": 0,
                            "total_bytes_read": 0,
                            "result_set_size": 0,
                            "operator_name": "PROJECTION",
                            "cpu_time": 0.0,
                            "extra_info": {
                              "Projections": [
                                "#0",
                                "#1",
                                "#2",
                                "#3",
                                "#4",
                                "#5",
                                "#6",
                                "#7",
                                "#8",
                                "#9",
                                "#10",
                                "#11",
                                "#12",
                                "#15",
                                "#16",
                                "#17",
                                "#18"
                              ],
                              "Estimated Cardinality": "471"
                            },
                            "cumulative_cardinality": 0,
                            "operator_type": "PROJECTION",
                            "operator_cardinality": 0,
                            "cumulative_rows_scanned": 0,
                            "operator_rows_scanned": 0,
                            "operator_timing": 0.0,
                            "children": [
                              {
                                "total_bytes_written": 0,
                                "total_bytes_read": 0,
                                "result_set_size": 0,
                                "operator_name": "FILTER",
                                "cpu_time": 0.0,
                                "extra_info": {
                                  "Expression": "(syear = 1998)",
                                  "Estimated Cardinality": "471"
                                },
                                "cumulative_cardinality": 0,
                                "operator_type": "FILTER",
                                "operator_cardinality": 0,
                                "cumulative_rows_scanned": 0,
                                "operator_rows_scanned": 0,
                                "operator_timing": 0.0,
                                "children": [
                                  {
                                    "total_bytes_written": 0,
                                    "total_bytes_read": 0,
                                    "result_set_size": 0,
                                    "operator_name": "CTE_SCAN",
                                    "cpu_time": 0.0,
                                    "extra_info": {
                                      "CTE Index": "9",
                                      "Estimated Cardinality": "471"
                                    },
                                    "cumulative_cardinality": 0,
                                    "operator_type": "CTE_SCAN",
                                    "operator_cardinality": 0,
                                    "cumulative_rows_scanned": 0,
                                    "operator_rows_scanned": 0,
                                    "operator_timing": 6.64e-07,
                                    "children": []
                                  }
                                ]
                              }
                            ]
                          },
                          {
                            "total_bytes_written": 0,
                            "total_bytes_read": 0,
                            "result_set_size": 0,
                            "operator_name": "PROJECTION",
                            "cpu_time": 0.0,
                            "extra_info": {
                              "Projections": [
                                "#1",
                                "#2",
                                "#3",
                                "#12",
                                "#15",
                                "#16",
                                "#17",
                                "#18"
                              ],
                              "Estimated Cardinality": "471"
                            },
                            "cumulative_cardinality": 0,
                            "operator_type": "PROJECTION",
                            "operator_cardinality": 0,
                            "cumulative_rows_scanned": 0,
                            "operator_rows_scanned": 0,
                            "operator_timing": 0.0,
                            "children": [
                              {
                                "total_bytes_written": 0,
                                "total_bytes_read": 0,
                                "result_set_size": 0,
                                "operator_name": "FILTER",
                                "cpu_time": 0.0,
                                "extra_info": {
                                  "Expression": "(syear = 1999)",
                                  "Estimated Cardinality": "471"
                                },
                                "cumulative_cardinality": 0,
                                "operator_type": "FILTER",
                                "operator_cardinality": 0,
                                "cumulative_rows_scanned": 0,
                                "operator_rows_scanned": 0,
                                "operator_timing": 1.55e-07,
                                "children": [
                                  {
                                    "total_bytes_written": 0,
                                    "total_bytes_read": 0,
                                    "result_set_size": 0,
                                    "operator_name": "CTE_SCAN",
                                    "cpu_time": 0.0,
                                    "extra_info": {
                                      "CTE Index": "9",
                                      "Estimated Cardinality": "471"
                                    },
                                    "cumulative_cardinality": 0,
                                    "operator_type": "CTE_SCAN",
                                    "operator_cardinality": 0,
                                    "cumulative_rows_scanned": 0,
                                    "operator_rows_scanned": 0,
                                    "operator_timing": 6.69e-07,
                                    "children": []
                                  }
                                ]
                              }
                            ]
                          }
                        ]
                      }
                    ]
                  }
                ]
              }
            ]
          }
        ]
      }
    ]
  },
  "actual_rows": 0
}