{
  "execution_time_ms": 86.0,
  "plan_text": "\u250c\u2500\u2500\u2500\u2500\u2500\u2500\u2500\u2500\u2500\u2500\u2500\u2500\u2500\u2500\u2500\u2500\u2500\u2500\u2500\u2500\u2500\u2500\u2500\u2500\u2500\u2500\u2500\u2500\u2500\u2500\u2500\u2500\u2500\u2500\u2500\u2500\u2500\u2510\n\u2502\u250c\u2500\u2500\u2500\u2500\u2500\u2500\u2500\u2500\u2500\u2500\u2500\u2500\u2500\u2500\u2500\u2500\u2500\u2500\u2500\u2500\u2500\u2500\u2500\u2500\u2500\u2500\u2500\u2500\u2500\u2500\u2500\u2500\u2500\u2500\u2500\u2510\u2502\n\u2502\u2502    Query Profiling Information    \u2502\u2502\n\u2502\u2514\u2500\u2500\u2500\u2500\u2500\u2500\u2500\u2500\u2500\u2500\u2500\u2500\u2500\u2500\u2500\u2500\u2500\u2500\u2500\u2500\u2500\u2500\u2500\u2500\u2500\u2500\u2500\u2500\u2500\u2500\u2500\u2500\u2500\u2500\u2500\u2518\u2502\n\u2514\u2500\u2500\u2500\u2500\u2500\u2500\u2500\u2500\u2500\u2500\u2500\u2500\u2500\u2500\u2500\u2500\u2500\u2500\u2500\u2500\u2500\u2500\u2500\u2500\u2500\u2500\u2500\u2500\u2500\u2500\u2500\u2500\u2500\u2500\u2500\u2500\u2500\u2518\nEXPLAIN ANALYZE select  c_customer_sk, c_first_name, c_last_name, count(*) as cnt FROM store_sales, store_returns, web_sales, date_dim d1, date_dim d2, item, customer, customer_address, household_demographics WHERE ss_ticket_number = sr_ticket_number AND ss_customer_sk = ws_bill_customer_sk AND ss_customer_sk = c_customer_sk AND c_current_addr_sk = ca_address_sk AND c_current_hdemo_sk = hd_demo_sk AND ss_item_sk = sr_item_sk AND sr_item_sk = ws_item_sk AND i_item_sk = ss_item_sk AND i_category IN ('Children', 'Electronics', 'Music') AND sr_returned_date_sk = d1.d_date_sk AND ws_sold_date_sk = d2.d_date_sk AND d2.d_date between d1.d_date AND (d1.d_date + interval '90 day') AND ca_state in ('AR', 'CO', 'NC', 'NY', 'TX') AND d1.d_year = 1998 AND hd_income_band_sk BETWEEN 7 AND 13 AND hd_buy_potential = '0-500' AND ss_sales_price / ss_list_price BETWEEN 35 * 0.01 AND 55 * 0.01 GROUP BY c_customer_sk, c_first_name, c_last_name ORDER BY cnt \n\u250c\u2500\u2500\u2500\u2500\u2500\u2500\u2500\u2500\u2500\u2500\u2500\u2500\u2500\u2500\u2500\u2500\u2500\u2500\u2500\u2500\u2500\u2500\u2500\u2500\u2500\u2500\u2500\u2500\u2500\u2500\u2500\u2500\u2500\u2500\u2500\u2500\u2500\u2500\u2500\u2500\u2500\u2500\u2500\u2500\u2500\u2500\u2500\u2500\u2510\n\u2502\u250c\u2500\u2500\u2500\u2500\u2500\u2500\u2500\u2500\u2500\u2500\u2500\u2500\u2500\u2500\u2500\u2500\u2500\u2500\u2500\u2500\u2500\u2500\u2500\u2500\u2500\u2500\u2500\u2500\u2500\u2500\u2500\u2500\u2500\u2500\u2500\u2500\u2500\u2500\u2500\u2500\u2500\u2500\u2500\u2500\u2500\u2500\u2510\u2502\n\u2502\u2502              Total Time: 0.0830s             \u2502\u2502\n\u2502\u2514\u2500\u2500\u2500\u2500\u2500\u2500\u2500\u2500\u2500\u2500\u2500\u2500\u2500\u2500\u2500\u2500\u2500\u2500\u2500\u2500\u2500\u2500\u2500\u2500\u2500\u2500\u2500\u2500\u2500\u2500\u2500\u2500\u2500\u2500\u2500\u2500\u2500\u2500\u2500\u2500\u2500\u2500\u2500\u2500\u2500\u2500\u2518\u2502\n\u2514\u2500\u2500\u2500\u2500\u2500\u2500\u2500\u2500\u2500\u2500\u2500\u2500\u2500\u2500\u2500\u2500\u2500\u2500\u2500\u2500\u2500\u2500\u2500\u2500\u2500\u2500\u2500\u2500\u2500\u2500\u2500\u2500\u2500\u2500\u2500\u2500\u2500\u2500\u2500\u2500\u2500\u2500\u2500\u2500\u2500\u2500\u2500\u2500\u2518\n\u250c\u2500\u2500\u2500\u2500\u2500\u2500\u2500\u2500\u2500\u2500\u2500\u2500\u2500\u2500\u2500\u2500\u2500\u2500\u2500\u2500\u2500\u2510\n\u2502        QUERY        \u2502\n\u2514\u2500\u2500\u2500\u2500\u2500\u2500\u2500\u2500\u2500\u2500\u252c\u2500\u2500\u2500\u2500\u2500\u2500\u2500\u2500\u2500\u2500\u2518\n\u250c\u2500\u2500\u2500\u2500\u2500\u2500\u2500\u2500\u2500\u2500\u2534\u2500\u2500\u2500\u2500\u2500\u2500\u2500\u2500\u2500\u2500\u2510\n\u2502   EXPLAIN_ANALYZE   \u2502\n\u2502    \u2500\u2500\u2500\u2500\u2500\u2500\u2500\u2500\u2500\u2500\u2500\u2500\u2500\u2500   \u2502\n\u2502        0 rows       \u2502\n\u2502       (0.00s)       \u2502\n\u2514\u2500\u2500\u2500\u2500\u2500\u2500\u2500\u2500\u2500\u2500\u252c\u2500\u2500\u2500\u2500\u2500\u2500\u2500\u2500\u2500\u2500\u2518\n\u250c\u2500\u2500\u2500\u2500\u2500\u2500\u2500\u2500\u2500\u2500\u2534\u2500\u2500\u2500\u2500\u2500\u2500\u2500\u2500\u2500\u2500\u2510\n\u2502      PROJECTION     \u2502\n\u2502    \u2500\u2500\u2500\u2500\u2500\u2500\u2500\u2500\u2500\u2500\u2500\u2500\u2500\u2500   \u2502\n\u2502          #0         \u2502\n\u2502__internal_decompress\u2502\n\u2502     _string(#1)     \u2502\n\u2502__internal_decompress\u2502\n\u2502     _string(#2)     \u2502\n\u2502          #3         \u2502\n\u2502                     \u2502\n\u2502        0 rows       \u2502\n\u2502       (0.00s)       \u2502\n\u2514\u2500\u2500\u2500\u2500\u2500\u2500\u2500\u2500\u2500\u2500\u252c\u2500\u2500\u2500\u2500\u2500\u2500\u2500\u2500\u2500\u2500\u2518\n\u250c\u2500\u2500\u2500\u2500\u2500\u2500\u2500\u2500\u2500\u2500\u2534\u2500\u2500\u2500\u2500\u2500\u2500\u2500\u2500\u2500\u2500\u2510\n\u2502       ORDER_BY      \u2502\n\u2502    \u2500\u2500\u2500\u2500\u2500\u2500\u2500\u2500\u2500\u2500\u2500\u2500\u2500\u2500   \u2502\n\u2502   count_star() ASC  \u2502\n\u2502                     \u2502\n\u2502        0 rows       \u2502\n\u2502       (0.00s)       \u2502\n\u2514\u2500\u2500\u2500\u2500\u2500\u2500\u2500\u2500\u2500\u2500\u252c\u2500\u2500\u2500\u2500\u2500\u2500\u2500\u2500\u2500\u2500\u2518\n\u250c\u2500\u2500\u2500\u2500\u2500\u2500\u2500\u2500\u2500\u2500\u2534\u2500\u2500\u2500\u2500\u2500\u2500\u2500\u2500\u2500\u2500\u2510\n\u2502      PROJECTION     \u2502\n\u2502    \u2500\u2500\u2500\u2500\u2500\u2500\u2500\u2500\u2500\u2500\u2500\u2500\u2500\u2500   \u2502\n\u2502          #0         \u2502\n\u2502__internal_compress_s\u2502\n\u2502  tring_uhugeint(#1) \u2502\n\u2502__internal_compress_s\u2502\n\u2502  tring_uhugeint(#2) \u2502\n\u2502          #3         \u2502\n\u2502                     \u2502\n\u2502        0 rows       \u2502\n\u2502       (0.00s)       \u2502\n\u2514\u2500\u2500\u2500\u2500\u2500\u2500\u2500\u2500\u2500\u2500\u252c\u2500\u2500\u2500\u2500\u2500\u2500\u2500\u2500\u2500\u2500\u2518\n\u250c\u2500\u2500\u2500\u2500\u2500\u2500\u2500\u2500\u2500\u2500\u2534\u2500\u2500\u2500\u2500\u2500\u2500\u2500\u2500\u2500\u2500\u2510\n\u2502      PROJECTION     \u2502\n\u2502    \u2500\u2500\u2500\u2500\u2500\u2500\u2500\u2500\u2500\u2500\u2500\u2500\u2500\u2500   \u2502\n\u2502          #0         \u2502\n\u2502__internal_decompress\u2502\n\u2502     _string(#1)     \u2502\n\u2502__internal_decompress\u2502\n\u2502     _string(#2)     \u2502\n\u2502          #3         \u2502\n\u2502                     \u2502\n\u2502        0 rows       \u2502\n\u2502       (0.00s)       \u2502\n\u2514\u2500\u2500\u2500\u2500\u2500\u2500\u2500\u2500\u2500\u2500\u252c\u2500\u2500\u2500\u2500\u2500\u2500\u2500\u2500\u2500\u2500\u2518\n\u250c\u2500\u2500\u2500\u2500\u2500\u2500\u2500\u2500\u2500\u2500\u2534\u2500\u2500\u2500\u2500\u2500\u2500\u2500\u2500\u2500\u2500\u2510\n\u2502    HASH_GROUP_BY    \u2502\n\u2502    \u2500\u2500\u2500\u2500\u2500\u2500\u2500\u2500\u2500\u2500\u2500\u2500\u2500\u2500   \u2502\n\u2502       Groups:       \u2502\n\u2502          #0         \u2502\n\u2502          #1         \u2502\n\u2502          #2         \u2502\n\u2502                     \u2502\n\u2502     Aggregates:     \u2502\n\u2502     count_star()    \u2502\n\u2502                     \u2502\n\u2502        0 rows       \u2502\n\u2502       (0.00s)       \u2502\n\u2514\u2500\u2500\u2500\u2500\u2500\u2500\u2500\u2500\u2500\u2500\u252c\u2500\u2500\u2500\u2500\u2500\u2500\u2500\u2500\u2500\u2500\u2518\n\u250c\u2500\u2500\u2500\u2500\u2500\u2500\u2500\u2500\u2500\u2500\u2534\u2500\u2500\u2500\u2500\u2500\u2500\u2500\u2500\u2500\u2500\u2510\n\u2502      PROJECTION     \u2502\n\u2502    \u2500\u2500\u2500\u2500\u2500\u2500\u2500\u2500\u2500\u2500\u2500\u2500\u2500\u2500   \u2502\n\u2502    c_customer_sk    \u2502\n\u2502     c_first_name    \u2502\n\u2502     c_last_name     \u2502\n\u2502                     \u2502\n\u2502        0 rows       \u2502\n\u2502       (0.00s)       \u2502\n\u2514\u2500\u2500\u2500\u2500\u2500\u2500\u2500\u2500\u2500\u2500\u252c\u2500\u2500\u2500\u2500\u2500\u2500\u2500\u2500\u2500\u2500\u2518\n\u250c\u2500\u2500\u2500\u2500\u2500\u2500\u2500\u2500\u2500\u2500\u2534\u2500\u2500\u2500\u2500\u2500\u2500\u2500\u2500\u2500\u2500\u2510\n\u2502      PROJECTION     \u2502\n\u2502    \u2500\u2500\u2500\u2500\u2500\u2500\u2500\u2500\u2500\u2500\u2500\u2500\u2500\u2500   \u2502\n\u2502__internal_compress_i\u2502\n\u2502 ntegral_usmallint(#0\u2502\n\u2502      , 2450816)     \u2502\n\u2502          #1         \u2502\n\u2502          #4         \u2502\n\u2502__internal_compress_s\u2502\n\u2502  tring_uhugeint(#2) \u2502\n\u2502__internal_compress_s\u2502\n\u2502  tring_uhugeint(#3) \u2502\n\u2502                     \u2502\n\u2502        0 rows       \u2502\n\u2502       (0.00s)       \u2502\n\u2514\u2500\u2500\u2500\u2500\u2500\u2500\u2500\u2500\u2500\u2500\u252c\u2500\u2500\u2500\u2500\u2500\u2500\u2500\u2500\u2500\u2500\u2518\n\u250c\u2500\u2500\u2500\u2500\u2500\u2500\u2500\u2500\u2500\u2500\u2534\u2500\u2500\u2500\u2500\u2500\u2500\u2500\u2500\u2500\u2500\u2510\n\u2502      HASH_JOIN      \u2502\n\u2502    \u2500\u2500\u2500\u2500\u2500\u2500\u2500\u2500\u2500\u2500\u2500\u2500\u2500\u2500   \u2502\n\u2502      Join Type:     \u2502\n\u2502        INNER        \u2502\n\u2502                     \u2502\n\u2502     Conditions:     \u2502\n\u2502     d_date_sk =     \u2502\n\u2502    ws_sold_date_sk  \u2502\n\u2502    CAST(d_date AS   \u2502\n\u2502  TIMESTAMP) >= CAST \u251c\u2500\u2500\u2500\u2500\u2500\u2500\u2500\u2500\u2500\u2500\u2500\u2510\n\u2502(d_date AS TIMESTAMP)\u2502           \u2502\n\u2502    CAST(d_date AS   \u2502           \u2502\n\u2502    TIMESTAMP) <=    \u2502           \u2502\n\u2502 (d_date + '90 days':\u2502           \u2502\n\u2502      :INTERVAL)     \u2502           \u2502\n\u2502                     \u2502           \u2502\n\u2502        0 rows       \u2502           \u2502\n\u2502       (0.00s)       \u2502           \u2502\n\u2514\u2500\u2500\u2500\u2500\u2500\u2500\u2500\u2500\u2500\u2500\u252c\u2500\u2500\u2500\u2500\u2500\u2500\u2500\u2500\u2500\u2500\u2518           \u2502\n\u250c\u2500\u2500\u2500\u2500\u2500\u2500\u2500\u2500\u2500\u2500\u2534\u2500\u2500\u2500\u2500\u2500\u2500\u2500\u2500\u2500\u2500\u2510\u250c\u2500\u2500\u2500\u2500\u2500\u2500\u2500\u2500\u2500\u2500\u2534\u2500\u2500\u2500\u2500\u2500\u2500\u2500\u2500\u2500\u2500\u2510\n\u2502      TABLE_SCAN     \u2502\u2502      HASH_JOIN      \u2502\n\u2502    \u2500\u2500\u2500\u2500\u2500\u2500\u2500\u2500\u2500\u2500\u2500\u2500\u2500\u2500   \u2502\u2502    \u2500\u2500\u2500\u2500\u2500\u2500\u2500\u2500\u2500\u2500\u2500\u2500\u2500\u2500   \u2502\n\u2502   Table: date_dim   \u2502\u2502      Join Type:     \u2502\n\u2502                     \u2502\u2502        INNER        \u2502\n\u2502        Type:        \u2502\u2502                     \u2502\n\u2502   Sequential Scan   \u2502\u2502     Conditions:     \u2502\n\u2502                     \u2502\u2502 ws_bill_customer_sk \u2502\n\u2502     Projections:    \u2502\u2502   = ss_customer_sk  \u2502\n\u2502      d_date_sk      \u2502\u2502     ws_item_sk =    \u2502\n\u2502        d_date       \u2502\u2502      ss_item_sk     \u251c\u2500\u2500\u2500\u2500\u2500\u2500\u2500\u2500\u2500\u2500\u2500\u2510\n\u2502                     \u2502\u2502                     \u2502           \u2502\n\u2502       Filters:      \u2502\u2502                     \u2502           \u2502\n\u2502  d_date_sk>=2450816 \u2502\u2502                     \u2502           \u2502\n\u2502    AND d_date_sk<   \u2502\u2502                     \u2502           \u2502\n\u2502       =2452642      \u2502\u2502                     \u2502           \u2502\n\u2502                     \u2502\u2502                     \u2502           \u2502\n\u2502      1,070 rows     \u2502\u2502        0 rows       \u2502           \u2502\n\u2502       (0.00s)       \u2502\u2502       (0.03s)       \u2502           \u2502\n\u2514\u2500\u2500\u2500\u2500\u2500\u2500\u2500\u2500\u2500\u2500\u2500\u2500\u2500\u2500\u2500\u2500\u2500\u2500\u2500\u2500\u2500\u2518\u2514\u2500\u2500\u2500\u2500\u2500\u2500\u2500\u2500\u2500\u2500\u252c\u2500\u2500\u2500\u2500\u2500\u2500\u2500\u2500\u2500\u2500\u2518           \u2502\n                       \u250c\u2500\u2500\u2500\u2500\u2500\u2500\u2500\u2500\u2500\u2500\u2534\u2500\u2500\u2500\u2500\u2500\u2500\u2500\u2500\u2500\u2500\u2510\u250c\u2500\u2500\u2500\u2500\u2500\u2500\u2500\u2500\u2500\u2500\u2534\u2500\u2500\u2500\u2500\u2500\u2500\u2500\u2500\u2500\u2500\u2510\n                       \u2502      TABLE_SCAN     \u2502\u2502      HASH_JOIN      \u2502\n                       \u2502    \u2500\u2500\u2500\u2500\u2500\u2500\u2500\u2500\u2500\u2500\u2500\u2500\u2500\u2500   \u2502\u2502    \u2500\u2500\u2500\u2500\u2500\u2500\u2500\u2500\u2500\u2500\u2500\u2500\u2500\u2500   \u2502\n                       \u2502        Table:       \u2502\u2502      Join Type:     \u2502\n                       \u2502      web_sales      \u2502\u2502        INNER        \u2502\n                       \u2502                     \u2502\u2502                     \u2502\n                       \u2502        Type:        \u2502\u2502     Conditions:     \u2502\n                       \u2502   Sequential Scan   \u2502\u2502 c_current_hdemo_sk =\u2502\n                       \u2502                     \u2502\u2502      hd_demo_sk     \u251c\u2500\u2500\u2500\u2500\u2500\u2500\u2500\u2500\u2500\u2500\u2500\u2500\u2500\u2500\u2500\u2500\u2500\u2500\u2500\u2500\u2500\u2500\u2500\u2500\u2500\u2500\u2500\u2500\u2500\u2500\u2500\u2500\u2500\u2500\u2500\u2500\u2500\u2500\u2500\u2500\u2500\u2500\u2500\u2500\u2500\u2500\u2500\u2500\u2500\u2500\u2500\u2500\u2500\u2500\u2500\u2500\u2500\u2500\u2500\u2500\u2500\u2500\u2500\u2500\u2500\u2500\u2500\u2500\u2500\u2500\u2500\u2500\u2500\u2500\u2500\u2500\u2500\u2500\u2500\u2500\u2500\u2500\u2500\u2500\u2500\u2500\u2500\u2500\u2500\u2500\u2500\u2500\u2500\u2500\u2500\u2500\u2500\u2500\u2500\u2500\u2500\u2500\u2500\u2500\u2500\u2500\u2500\u2500\u2500\u2500\u2500\u2500\u2500\u2500\u2500\u2500\u2500\u2500\u2500\u2500\u2500\u2500\u2500\u2500\u2500\u2500\u2500\u2500\u2500\u2500\u2500\u2500\u2500\u2500\u2500\u2500\u2500\u2500\u2500\u2500\u2500\u2500\u2500\u2500\u2500\u2500\u2500\u2500\u2500\u2510\n                       \u2502     Projections:    \u2502\u2502                     \u2502                                                                                                                                                     \u2502\n                       \u2502 ws_bill_customer_sk \u2502\u2502                     \u2502                                                                                                                                                     \u2502\n                       \u2502      ws_item_sk     \u2502\u2502                     \u2502                                                                                                                                                     \u2502\n                       \u2502   ws_sold_date_sk   \u2502\u2502                     \u2502                                                                                                                                                     \u2502\n                       \u2502                     \u2502\u2502                     \u2502                                                                                                                                                     \u2502\n                       \u2502    6,938,185 rows   \u2502\u2502       191 rows      \u2502                                                                                                                                                     \u2502\n                       \u2502       (0.05s)       \u2502\u2502       (0.00s)       \u2502                                                                                                                                                     \u2502\n                       \u2514\u2500\u2500\u2500\u2500\u2500\u2500\u2500\u2500\u2500\u2500\u2500\u2500\u2500\u2500\u2500\u2500\u2500\u2500\u2500\u2500\u2500\u2518\u2514\u2500\u2500\u2500\u2500\u2500\u2500\u2500\u2500\u2500\u2500\u252c\u2500\u2500\u2500\u2500\u2500\u2500\u2500\u2500\u2500\u2500\u2518                                                                                                                                                     \u2502\n                                              \u250c\u2500\u2500\u2500\u2500\u2500\u2500\u2500\u2500\u2500\u2500\u2534\u2500\u2500\u2500\u2500\u2500\u2500\u2500\u2500\u2500\u2500\u2510                                                                                                                                          \u250c\u2500\u2500\u2500\u2500\u2500\u2500\u2500\u2500\u2500\u2500\u2534\u2500\u2500\u2500\u2500\u2500\u2500\u2500\u2500\u2500\u2500\u2510\n                                              \u2502      HASH_JOIN      \u2502                                                                                                                                          \u2502      TABLE_SCAN     \u2502\n                                              \u2502    \u2500\u2500\u2500\u2500\u2500\u2500\u2500\u2500\u2500\u2500\u2500\u2500\u2500\u2500   \u2502                                                                                                                                          \u2502    \u2500\u2500\u2500\u2500\u2500\u2500\u2500\u2500\u2500\u2500\u2500\u2500\u2500\u2500   \u2502\n                                              \u2502      Join Type:     \u2502                                                                                                                                          \u2502        Table:       \u2502\n                                              \u2502        INNER        \u2502                                                                                                                                          \u2502household_demographic\u2502\n                                              \u2502                     \u2502                                                                                                                                          \u2502          s          \u2502\n                                              \u2502     Conditions:     \u2502                                                                                                                                          \u2502                     \u2502\n                                              \u2502 c_current_addr_sk = \u2502                                                                                                                                          \u2502        Type:        \u2502\n                                              \u2502     ca_address_sk   \u2502                                                                                                                                          \u2502   Sequential Scan   \u2502\n                                              \u2502                     \u2502                                                                                                                                          \u2502                     \u2502\n                                              \u2502                     \u2502                                                                                                                                          \u2502     Projections:    \u2502\n                                              \u2502                     \u251c\u2500\u2500\u2500\u2500\u2500\u2500\u2500\u2500\u2500\u2500\u2500\u2500\u2500\u2500\u2500\u2500\u2500\u2500\u2500\u2500\u2500\u2500\u2500\u2500\u2500\u2500\u2500\u2500\u2500\u2500\u2500\u2500\u2500\u2500\u2500\u2500\u2500\u2500\u2500\u2500\u2500\u2500\u2500\u2500\u2500\u2500\u2500\u2500\u2500\u2500\u2500\u2500\u2500\u2500\u2500\u2500\u2500\u2500\u2500\u2500\u2500\u2500\u2500\u2500\u2500\u2500\u2500\u2500\u2500\u2500\u2500\u2500\u2500\u2500\u2500\u2500\u2500\u2500\u2500\u2500\u2500\u2500\u2500\u2500\u2500\u2500\u2500\u2500\u2500\u2500\u2500\u2500\u2500\u2500\u2500\u2500\u2500\u2500\u2500\u2500\u2500\u2500\u2500\u2510                                  \u2502      hd_demo_sk     \u2502\n                                              \u2502                     \u2502                                                                                                       \u2502                                  \u2502                     \u2502\n                                              \u2502                     \u2502                                                                                                       \u2502                                  \u2502       Filters:      \u2502\n                                              \u2502                     \u2502                                                                                                       \u2502                                  \u2502 hd_income_band_sk>=7\u2502\n                                              \u2502                     \u2502                                                                                                       \u2502                                  \u2502 AND hd_income_band_s\u2502\n                                              \u2502                     \u2502                                                                                                       \u2502                                  \u2502        k<=13        \u2502\n                                              \u2502                     \u2502                                                                                                       \u2502                                  \u2502 hd_buy_potential='0 \u2502\n                                              \u2502                     \u2502                                                                                                       \u2502                                  \u2502        -500'        \u2502\n                                              \u2502                     \u2502                                                                                                       \u2502                                  \u2502                     \u2502\n                                              \u2502      2,822 rows     \u2502                                                                                                       \u2502                                  \u2502       420 rows      \u2502\n                                              \u2502       (0.00s)       \u2502                                                                                                       \u2502                                  \u2502       (0.00s)       \u2502\n                                              \u2514\u2500\u2500\u2500\u2500\u2500\u2500\u2500\u2500\u2500\u2500\u252c\u2500\u2500\u2500\u2500\u2500\u2500\u2500\u2500\u2500\u2500\u2518                                                                                                       \u2502                                  \u2514\u2500\u2500\u2500\u2500\u2500\u2500\u2500\u2500\u2500\u2500\u2500\u2500\u2500\u2500\u2500\u2500\u2500\u2500\u2500\u2500\u2500\u2518\n                                              \u250c\u2500\u2500\u2500\u2500\u2500\u2500\u2500\u2500\u2500\u2500\u2534\u2500\u2500\u2500\u2500\u2500\u2500\u2500\u2500\u2500\u2500\u2510                                                                                            \u250c\u2500\u2500\u2500\u2500\u2500\u2500\u2500\u2500\u2500\u2500\u2534\u2500\u2500\u2500\u2500\u2500\u2500\u2500\u2500\u2500\u2500\u2510\n                                              \u2502      HASH_JOIN      \u2502                                                                                            \u2502      PROJECTION     \u2502\n                                              \u2502    \u2500\u2500\u2500\u2500\u2500\u2500\u2500\u2500\u2500\u2500\u2500\u2500\u2500\u2500   \u2502                                                                                            \u2502    \u2500\u2500\u2500\u2500\u2500\u2500\u2500\u2500\u2500\u2500\u2500\u2500\u2500\u2500   \u2502\n                                              \u2502      Join Type:     \u2502                                                                                            \u2502          #0         \u2502\n                                              \u2502        INNER        \u2502                                                                                            \u2502                     \u2502\n                                              \u2502                     \u2502                                                                                            \u2502                     \u2502\n                                              \u2502     Conditions:     \u251c\u2500\u2500\u2500\u2500\u2500\u2500\u2500\u2500\u2500\u2500\u2500\u2510                                                                                \u2502                     \u2502\n                                              \u2502   c_customer_sk =   \u2502           \u2502                                                                                \u2502                     \u2502\n                                              \u2502    ss_customer_sk   \u2502           \u2502                                                                                \u2502                     \u2502\n                                              \u2502                     \u2502           \u2502                                                                                \u2502                     \u2502\n                                              \u2502     16,403 rows     \u2502           \u2502                                                                                \u2502     43,320 rows     \u2502\n                                              \u2502       (0.01s)       \u2502           \u2502                                                                                \u2502       (0.00s)       \u2502\n                                              \u2514\u2500\u2500\u2500\u2500\u2500\u2500\u2500\u2500\u2500\u2500\u252c\u2500\u2500\u2500\u2500\u2500\u2500\u2500\u2500\u2500\u2500\u2518           \u2502                                                                                \u2514\u2500\u2500\u2500\u2500\u2500\u2500\u2500\u2500\u2500\u2500\u252c\u2500\u2500\u2500\u2500\u2500\u2500\u2500\u2500\u2500\u2500\u2518\n                                              \u250c\u2500\u2500\u2500\u2500\u2500\u2500\u2500\u2500\u2500\u2500\u2534\u2500\u2500\u2500\u2500\u2500\u2500\u2500\u2500\u2500\u2500\u2510\u250c\u2500\u2500\u2500\u2500\u2500\u2500\u2500\u2500\u2500\u2500\u2534\u2500\u2500\u2500\u2500\u2500\u2500\u2500\u2500\u2500\u2500\u2510                                                                     \u250c\u2500\u2500\u2500\u2500\u2500\u2500\u2500\u2500\u2500\u2500\u2534\u2500\u2500\u2500\u2500\u2500\u2500\u2500\u2500\u2500\u2500\u2510\n                                              \u2502      TABLE_SCAN     \u2502\u2502      HASH_JOIN      \u2502                                                                     \u2502        FILTER       \u2502\n                                              \u2502    \u2500\u2500\u2500\u2500\u2500\u2500\u2500\u2500\u2500\u2500\u2500\u2500\u2500\u2500   \u2502\u2502    \u2500\u2500\u2500\u2500\u2500\u2500\u2500\u2500\u2500\u2500\u2500\u2500\u2500\u2500   \u2502                                                                     \u2502    \u2500\u2500\u2500\u2500\u2500\u2500\u2500\u2500\u2500\u2500\u2500\u2500\u2500\u2500   \u2502\n                                              \u2502   Table: customer   \u2502\u2502      Join Type:     \u2502                                                                     \u2502       IN (...)      \u2502\n                                              \u2502                     \u2502\u2502        INNER        \u2502                                                                     \u2502                     \u2502\n                                              \u2502        Type:        \u2502\u2502                     \u2502                                                                     \u2502                     \u2502\n                                              \u2502   Sequential Scan   \u2502\u2502     Conditions:     \u2502                                                                     \u2502                     \u2502\n                                              \u2502                     \u2502\u2502     ss_item_sk =    \u2502                                                                     \u2502                     \u2502\n                                              \u2502     Projections:    \u2502\u2502       i_item_sk     \u2502                                                                     \u2502                     \u2502\n                                              \u2502    c_customer_sk    \u2502\u2502  ss_ticket_number = \u2502                                                                     \u2502                     \u2502\n                                              \u2502  c_current_addr_sk  \u2502\u2502   sr_ticket_number  \u2502                                                                     \u2502                     \u2502\n                                              \u2502  c_current_hdemo_sk \u2502\u2502                     \u251c\u2500\u2500\u2500\u2500\u2500\u2500\u2500\u2500\u2500\u2500\u2500\u2510                                                         \u2502                     \u2502\n                                              \u2502     c_first_name    \u2502\u2502                     \u2502           \u2502                                                         \u2502                     \u2502\n                                              \u2502     c_last_name     \u2502\u2502                     \u2502           \u2502                                                         \u2502                     \u2502\n                                              \u2502                     \u2502\u2502                     \u2502           \u2502                                                         \u2502                     \u2502\n                                              \u2502       Filters:      \u2502\u2502                     \u2502           \u2502                                                         \u2502                     \u2502\n                                              \u2502 c_customer_sk>=2 AND\u2502\u2502                     \u2502           \u2502                                                         \u2502                     \u2502\n                                              \u2502    c_customer_sk<   \u2502\u2502                     \u2502           \u2502                                                         \u2502                     \u2502\n                                              \u2502       =499998       \u2502\u2502                     \u2502           \u2502                                                         \u2502                     \u2502\n                                              \u2502                     \u2502\u2502                     \u2502           \u2502                                                         \u2502                     \u2502\n                                              \u2502     475,008 rows    \u2502\u2502     17,212 rows     \u2502           \u2502                                                         \u2502     43,320 rows     \u2502\n                                              \u2502       (0.01s)       \u2502\u2502       (0.15s)       \u2502           \u2502                                                         \u2502       (0.00s)       \u2502\n                                              \u2514\u2500\u2500\u2500\u2500\u2500\u2500\u2500\u2500\u2500\u2500\u2500\u2500\u2500\u2500\u2500\u2500\u2500\u2500\u2500\u2500\u2500\u2518\u2514\u2500\u2500\u2500\u2500\u2500\u2500\u2500\u2500\u2500\u2500\u252c\u2500\u2500\u2500\u2500\u2500\u2500\u2500\u2500\u2500\u2500\u2518           \u2502                                                         \u2514\u2500\u2500\u2500\u2500\u2500\u2500\u2500\u2500\u2500\u2500\u252c\u2500\u2500\u2500\u2500\u2500\u2500\u2500\u2500\u2500\u2500\u2518\n                                                                     \u250c\u2500\u2500\u2500\u2500\u2500\u2500\u2500\u2500\u2500\u2500\u2534\u2500\u2500\u2500\u2500\u2500\u2500\u2500\u2500\u2500\u2500\u2510\u250c\u2500\u2500\u2500\u2500\u2500\u2500\u2500\u2500\u2500\u2500\u2534\u2500\u2500\u2500\u2500\u2500\u2500\u2500\u2500\u2500\u2500\u2510                                              \u250c\u2500\u2500\u2500\u2500\u2500\u2500\u2500\u2500\u2500\u2500\u2534\u2500\u2500\u2500\u2500\u2500\u2500\u2500\u2500\u2500\u2500\u2510\n                                                                     \u2502        FILTER       \u2502\u2502      HASH_JOIN      \u2502                                              \u2502      HASH_JOIN      \u2502\n                                                                     \u2502    \u2500\u2500\u2500\u2500\u2500\u2500\u2500\u2500\u2500\u2500\u2500\u2500\u2500\u2500   \u2502\u2502    \u2500\u2500\u2500\u2500\u2500\u2500\u2500\u2500\u2500\u2500\u2500\u2500\u2500\u2500   \u2502                                              \u2502    \u2500\u2500\u2500\u2500\u2500\u2500\u2500\u2500\u2500\u2500\u2500\u2500\u2500\u2500   \u2502\n                                                                     \u2502 ((ss_ticket_number <\u2502\u2502      Join Type:     \u2502                                              \u2502   Join Type: MARK   \u2502\n                                                                     \u2502   = 2399999) AND    \u2502\u2502        INNER        \u2502                                              \u2502                     \u2502\n                                                                     \u2502   (ss_customer_sk   \u2502\u2502                     \u2502                                              \u2502     Conditions:     \u2502\n                                                                     \u2502     BETWEEN 2 AND   \u2502\u2502     Conditions:     \u251c\u2500\u2500\u2500\u2500\u2500\u2500\u2500\u2500\u2500\u2500\u2500\u2500\u2500\u2500\u2500\u2500\u2500\u2500\u2500\u2500\u2500\u2500\u2500\u2500\u2500\u2500\u2500\u2500\u2500\u2500\u2500\u2500\u2500\u2500\u2510           \u2502    ca_state = #0    \u251c\u2500\u2500\u2500\u2500\u2500\u2500\u2500\u2500\u2500\u2500\u2500\u2510\n                                                                     \u2502       499998))      \u2502\u2502     sr_item_sk =    \u2502                                  \u2502           \u2502                     \u2502           \u2502\n                                                                     \u2502                     \u2502\u2502       i_item_sk     \u2502                                  \u2502           \u2502                     \u2502           \u2502\n                                                                     \u2502                     \u2502\u2502                     \u2502                                  \u2502           \u2502                     \u2502           \u2502\n                                                                     \u2502    5,267,084 rows   \u2502\u2502     95,658 rows     \u2502                                  \u2502           \u2502     250,000 rows    \u2502           \u2502\n                                                                     \u2502       (0.07s)       \u2502\u2502       (0.01s)       \u2502                                  \u2502           \u2502       (0.00s)       \u2502           \u2502\n                                                                     \u2514\u2500\u2500\u2500\u2500\u2500\u2500\u2500\u2500\u2500\u2500\u252c\u2500\u2500\u2500\u2500\u2500\u2500\u2500\u2500\u2500\u2500\u2518\u2514\u2500\u2500\u2500\u2500\u2500\u2500\u2500\u2500\u2500\u2500\u252c\u2500\u2500\u2500\u2500\u2500\u2500\u2500\u2500\u2500\u2500\u2518                                  \u2502           \u2514\u2500\u2500\u2500\u2500\u2500\u2500\u2500\u2500\u2500\u2500\u252c\u2500\u2500\u2500\u2500\u2500\u2500\u2500\u2500\u2500\u2500\u2518           \u2502\n                                                                     \u250c\u2500\u2500\u2500\u2500\u2500\u2500\u2500\u2500\u2500\u2500\u2534\u2500\u2500\u2500\u2500\u2500\u2500\u2500\u2500\u2500\u2500\u2510\u250c\u2500\u2500\u2500\u2500\u2500\u2500\u2500\u2500\u2500\u2500\u2534\u2500\u2500\u2500\u2500\u2500\u2500\u2500\u2500\u2500\u2500\u2510                       \u250c\u2500\u2500\u2500\u2500\u2500\u2500\u2500\u2500\u2500\u2500\u2534\u2500\u2500\u2500\u2500\u2500\u2500\u2500\u2500\u2500\u2500\u2510\u250c\u2500\u2500\u2500\u2500\u2500\u2500\u2500\u2500\u2500\u2500\u2534\u2500\u2500\u2500\u2500\u2500\u2500\u2500\u2500\u2500\u2500\u2510\u250c\u2500\u2500\u2500\u2500\u2500\u2500\u2500\u2500\u2500\u2500\u2534\u2500\u2500\u2500\u2500\u2500\u2500\u2500\u2500\u2500\u2500\u2510\n                                                                     \u2502      PROJECTION     \u2502\u2502      HASH_JOIN      \u2502                       \u2502      PROJECTION     \u2502\u2502      TABLE_SCAN     \u2502\u2502   COLUMN_DATA_SCAN  \u2502\n                                                                     \u2502    \u2500\u2500\u2500\u2500\u2500\u2500\u2500\u2500\u2500\u2500\u2500\u2500\u2500\u2500   \u2502\u2502    \u2500\u2500\u2500\u2500\u2500\u2500\u2500\u2500\u2500\u2500\u2500\u2500\u2500\u2500   \u2502                       \u2502    \u2500\u2500\u2500\u2500\u2500\u2500\u2500\u2500\u2500\u2500\u2500\u2500\u2500\u2500   \u2502\u2502    \u2500\u2500\u2500\u2500\u2500\u2500\u2500\u2500\u2500\u2500\u2500\u2500\u2500\u2500   \u2502\u2502                     \u2502\n                                                                     \u2502          #0         \u2502\u2502      Join Type:     \u2502                       \u2502          #0         \u2502\u2502        Table:       \u2502\u2502                     \u2502\n                                                                     \u2502          #1         \u2502\u2502        INNER        \u2502                       \u2502                     \u2502\u2502   customer_address  \u2502\u2502                     \u2502\n                                                                     \u2502          #2         \u2502\u2502                     \u2502                       \u2502                     \u2502\u2502                     \u2502\u2502                     \u2502\n                                                                     \u2502                     \u2502\u2502     Conditions:     \u2502                       \u2502                     \u2502\u2502        Type:        \u2502\u2502                     \u2502\n                                                                     \u2502                     \u2502\u2502 sr_returned_date_sk \u2502                       \u2502                     \u2502\u2502   Sequential Scan   \u2502\u2502                     \u2502\n                                                                     \u2502                     \u2502\u2502     = d_date_sk     \u2502                       \u2502                     \u2502\u2502                     \u2502\u2502                     \u2502\n                                                                     \u2502                     \u2502\u2502                     \u2502                       \u2502                     \u2502\u2502     Projections:    \u2502\u2502                     \u2502\n                                                                     \u2502                     \u2502\u2502                     \u251c\u2500\u2500\u2500\u2500\u2500\u2500\u2500\u2500\u2500\u2500\u2500\u2510           \u2502                     \u2502\u2502    ca_address_sk    \u2502\u2502                     \u2502\n                                                                     \u2502                     \u2502\u2502                     \u2502           \u2502           \u2502                     \u2502\u2502       ca_state      \u2502\u2502                     \u2502\n                                                                     \u2502                     \u2502\u2502                     \u2502           \u2502           \u2502                     \u2502\u2502                     \u2502\u2502                     \u2502\n                                                                     \u2502                     \u2502\u2502                     \u2502           \u2502           \u2502                     \u2502\u2502       Filters:      \u2502\u2502                     \u2502\n                                                                     \u2502                     \u2502\u2502                     \u2502           \u2502           \u2502                     \u2502\u2502  optional: ca_state \u2502\u2502                     \u2502\n                                                                     \u2502                     \u2502\u2502                     \u2502           \u2502           \u2502                     \u2502\u2502  IN ('AR', 'CO', 'NC\u2502\u2502                     \u2502\n                                                                     \u2502                     \u2502\u2502                     \u2502           \u2502           \u2502                     \u2502\u2502    ', 'NY', 'TX')   \u2502\u2502                     \u2502\n                                                                     \u2502                     \u2502\u2502                     \u2502           \u2502           \u2502                     \u2502\u2502                     \u2502\u2502                     \u2502\n                                                                     \u2502    5,331,644 rows   \u2502\u2502     316,545 rows    \u2502           \u2502           \u2502     30,521 rows     \u2502\u2502     250,000 rows    \u2502\u2502        5 rows       \u2502\n                                                                     \u2502       (0.01s)       \u2502\u2502       (0.01s)       \u2502           \u2502           \u2502       (0.00s)       \u2502\u2502       (0.00s)       \u2502\u2502       (0.00s)       \u2502\n                                                                     \u2514\u2500\u2500\u2500\u2500\u2500\u2500\u2500\u2500\u2500\u2500\u252c\u2500\u2500\u2500\u2500\u2500\u2500\u2500\u2500\u2500\u2500\u2518\u2514\u2500\u2500\u2500\u2500\u2500\u2500\u2500\u2500\u2500\u2500\u252c\u2500\u2500\u2500\u2500\u2500\u2500\u2500\u2500\u2500\u2500\u2518           \u2502           \u2514\u2500\u2500\u2500\u2500\u2500\u2500\u2500\u2500\u2500\u2500\u252c\u2500\u2500\u2500\u2500\u2500\u2500\u2500\u2500\u2500\u2500\u2518\u2514\u2500\u2500\u2500\u2500\u2500\u2500\u2500\u2500\u2500\u2500\u2500\u2500\u2500\u2500\u2500\u2500\u2500\u2500\u2500\u2500\u2500\u2518\u2514\u2500\u2500\u2500\u2500\u2500\u2500\u2500\u2500\u2500\u2500\u2500\u2500\u2500\u2500\u2500\u2500\u2500\u2500\u2500\u2500\u2500\u2518\n                                                                     \u250c\u2500\u2500\u2500\u2500\u2500\u2500\u2500\u2500\u2500\u2500\u2534\u2500\u2500\u2500\u2500\u2500\u2500\u2500\u2500\u2500\u2500\u2510\u250c\u2500\u2500\u2500\u2500\u2500\u2500\u2500\u2500\u2500\u2500\u2534\u2500\u2500\u2500\u2500\u2500\u2500\u2500\u2500\u2500\u2500\u2510\u250c\u2500\u2500\u2500\u2500\u2500\u2500\u2500\u2500\u2500\u2500\u2534\u2500\u2500\u2500\u2500\u2500\u2500\u2500\u2500\u2500\u2500\u2510\u250c\u2500\u2500\u2500\u2500\u2500\u2500\u2500\u2500\u2500\u2500\u2534\u2500\u2500\u2500\u2500\u2500\u2500\u2500\u2500\u2500\u2500\u2510\n                                                                     \u2502        FILTER       \u2502\u2502      TABLE_SCAN     \u2502\u2502        FILTER       \u2502\u2502        FILTER       \u2502\n                                                                     \u2502    \u2500\u2500\u2500\u2500\u2500\u2500\u2500\u2500\u2500\u2500\u2500\u2500\u2500\u2500   \u2502\u2502    \u2500\u2500\u2500\u2500\u2500\u2500\u2500\u2500\u2500\u2500\u2500\u2500\u2500\u2500   \u2502\u2502    \u2500\u2500\u2500\u2500\u2500\u2500\u2500\u2500\u2500\u2500\u2500\u2500\u2500\u2500   \u2502\u2502    \u2500\u2500\u2500\u2500\u2500\u2500\u2500\u2500\u2500\u2500\u2500\u2500\u2500\u2500   \u2502\n                                                                     \u2502((CAST(ss_sales_price\u2502\u2502        Table:       \u2502\u2502  (d_date_sk BETWEEN \u2502\u2502   ((i_category =    \u2502\n                                                                     \u2502   AS DOUBLE) / CAST \u2502\u2502    store_returns    \u2502\u2502 2450820 AND 2452822)\u2502\u2502   'Children') OR    \u2502\n                                                                     \u2502  (ss_list_price AS  \u2502\u2502                     \u2502\u2502                     \u2502\u2502    (i_category =    \u2502\n                                                                     \u2502  DOUBLE)) BETWEEN 0 \u2502\u2502        Type:        \u2502\u2502                     \u2502\u2502  'Electronics') OR  \u2502\n                                                                     \u2502    .35 AND 0.55)    \u2502\u2502   Sequential Scan   \u2502\u2502                     \u2502\u2502 (i_category = 'Music\u2502\n                                                                     \u2502                     \u2502\u2502                     \u2502\u2502                     \u2502\u2502         '))         \u2502\n                                                                     \u2502                     \u2502\u2502     Projections:    \u2502\u2502                     \u2502\u2502                     \u2502\n                                                                     \u2502                     \u2502\u2502   sr_ticket_number  \u2502\u2502                     \u2502\u2502                     \u2502\n                                                                     \u2502                     \u2502\u2502      sr_item_sk     \u2502\u2502                     \u2502\u2502                     \u2502\n                                                                     \u2502                     \u2502\u2502 sr_returned_date_sk \u2502\u2502                     \u2502\u2502                     \u2502\n                                                                     \u2502                     \u2502\u2502                     \u2502\u2502                     \u2502\u2502                     \u2502\n                                                                     \u2502    5,331,644 rows   \u2502\u2502     316,545 rows    \u2502\u2502       360 rows      \u2502\u2502     30,521 rows     \u2502\n                                                                     \u2502       (1.00s)       \u2502\u2502       (0.02s)       \u2502\u2502       (0.00s)       \u2502\u2502       (0.00s)       \u2502\n                                                                     \u2514\u2500\u2500\u2500\u2500\u2500\u2500\u2500\u2500\u2500\u2500\u252c\u2500\u2500\u2500\u2500\u2500\u2500\u2500\u2500\u2500\u2500\u2518\u2514\u2500\u2500\u2500\u2500\u2500\u2500\u2500\u2500\u2500\u2500\u2500\u2500\u2500\u2500\u2500\u2500\u2500\u2500\u2500\u2500\u2500\u2518\u2514\u2500\u2500\u2500\u2500\u2500\u2500\u2500\u2500\u2500\u2500\u252c\u2500\u2500\u2500\u2500\u2500\u2500\u2500\u2500\u2500\u2500\u2518\u2514\u2500\u2500\u2500\u2500\u2500\u2500\u2500\u2500\u2500\u2500\u252c\u2500\u2500\u2500\u2500\u2500\u2500\u2500\u2500\u2500\u2500\u2518\n                                                                     \u250c\u2500\u2500\u2500\u2500\u2500\u2500\u2500\u2500\u2500\u2500\u2534\u2500\u2500\u2500\u2500\u2500\u2500\u2500\u2500\u2500\u2500\u2510                       \u250c\u2500\u2500\u2500\u2500\u2500\u2500\u2500\u2500\u2500\u2500\u2534\u2500\u2500\u2500\u2500\u2500\u2500\u2500\u2500\u2500\u2500\u2510\u250c\u2500\u2500\u2500\u2500\u2500\u2500\u2500\u2500\u2500\u2500\u2534\u2500\u2500\u2500\u2500\u2500\u2500\u2500\u2500\u2500\u2500\u2510\n                                                                     \u2502      TABLE_SCAN     \u2502                       \u2502      TABLE_SCAN     \u2502\u2502      TABLE_SCAN     \u2502\n                                                                     \u2502    \u2500\u2500\u2500\u2500\u2500\u2500\u2500\u2500\u2500\u2500\u2500\u2500\u2500\u2500   \u2502                       \u2502    \u2500\u2500\u2500\u2500\u2500\u2500\u2500\u2500\u2500\u2500\u2500\u2500\u2500\u2500   \u2502\u2502    \u2500\u2500\u2500\u2500\u2500\u2500\u2500\u2500\u2500\u2500\u2500\u2500\u2500\u2500   \u2502\n                                                                     \u2502        Table:       \u2502                       \u2502   Table: date_dim   \u2502\u2502     Table: item     \u2502\n                                                                     \u2502     store_sales     \u2502                       \u2502                     \u2502\u2502                     \u2502\n                                                                     \u2502                     \u2502                       \u2502        Type:        \u2502\u2502        Type:        \u2502\n                                                                     \u2502        Type:        \u2502                       \u2502   Sequential Scan   \u2502\u2502   Sequential Scan   \u2502\n                                                                     \u2502   Sequential Scan   \u2502                       \u2502                     \u2502\u2502                     \u2502\n                                                                     \u2502                     \u2502                       \u2502     Projections:    \u2502\u2502     Projections:    \u2502\n                                                                     \u2502     Projections:    \u2502                       \u2502      d_date_sk      \u2502\u2502      i_item_sk      \u2502\n                                                                     \u2502   ss_ticket_number  \u2502                       \u2502        d_date       \u2502\u2502      i_category     \u2502\n                                                                     \u2502    ss_customer_sk   \u2502                       \u2502                     \u2502\u2502                     \u2502\n                                                                     \u2502      ss_item_sk     \u2502                       \u2502       Filters:      \u2502\u2502       Filters:      \u2502\n                                                                     \u2502    ss_sales_price   \u2502                       \u2502     d_year=1998     \u2502\u2502 optional: i_category\u2502\n                                                                     \u2502    ss_list_price    \u2502                       \u2502                     \u2502\u2502   IN ('Children',   \u2502\n                                                                     \u2502                     \u2502                       \u2502                     \u2502\u2502   'Electronics',    \u2502\n                                                                     \u2502                     \u2502                       \u2502                     \u2502\u2502       'Music')      \u2502\n                                                                     \u2502                     \u2502                       \u2502                     \u2502\u2502                     \u2502\n                                                                     \u2502   28,798,790 rows   \u2502                       \u2502       365 rows      \u2502\u2502     102,000 rows    \u2502\n                                                                     \u2502       (0.23s)       \u2502                       \u2502       (0.00s)       \u2502\u2502       (0.00s)       \u2502\n                                                                     \u2514\u2500\u2500\u2500\u2500\u2500\u2500\u2500\u2500\u2500\u2500\u2500\u2500\u2500\u2500\u2500\u2500\u2500\u2500\u2500\u2500\u2500\u2518                       \u2514\u2500\u2500\u2500\u2500\u2500\u2500\u2500\u2500\u2500\u2500\u2500\u2500\u2500\u2500\u2500\u2500\u2500\u2500\u2500\u2500\u2500\u2518\u2514\u2500\u2500\u2500\u2500\u2500\u2500\u2500\u2500\u2500\u2500\u2500\u2500\u2500\u2500\u2500\u2500\u2500\u2500\u2500\u2500\u2500\u2518\n",
  "plan_json": {
    "total_bytes_written": 0,
    "total_bytes_read": 0,
    "rows_returned": 0,
    "latency": 0.0,
    "result_set_size": 0,
    "query_name": "",
    "blocked_thread_time": 0.0,
    "system_peak_buffer_memory": 0,
    "system_peak_temp_dir_size": 0,
    "cpu_time": 0.0,
    "extra_info": {},
    "cumulative_cardinality": 0,
    "cumulative_rows_scanned": 0,
    "children": [
      {
        "total_bytes_written": 0,
        "total_bytes_read": 0,
        "result_set_size": 0,
        "operator_name": "EXPLAIN_ANALYZE",
        "cpu_time": 0.0,
        "extra_info": {},
        "cumulative_cardinality": 0,
        "operator_type": "EXPLAIN_ANALYZE",
        "operator_cardinality": 0,
        "cumulative_rows_scanned": 0,
        "operator_rows_scanned": 0,
        "operator_timing": 0.0,
        "children": [
          {
            "total_bytes_written": 0,
            "total_bytes_read": 0,
            "result_set_size": 0,
            "operator_name": "PROJECTION",
            "cpu_time": 0.0,
            "extra_info": {
              "Projections": [
                "#0",
                "__internal_decompress_string(#1)",
                "__internal_decompress_string(#2)",
                "#3"
              ],
              "Estimated Cardinality": "0"
            },
            "cumulative_cardinality": 0,
            "operator_type": "PROJECTION",
            "operator_cardinality": 0,
            "cumulative_rows_scanned": 0,
            "operator_rows_scanned": 0,
            "operator_timing": 0.0,
            "children": [
              {
                "total_bytes_written": 0,
                "total_bytes_read": 0,
                "result_set_size": 0,
                "operator_name": "ORDER_BY",
                "cpu_time": 0.0,
                "extra_info": {
                  "Order By": "count_star() ASC"
                },
                "cumulative_cardinality": 0,
                "operator_type": "ORDER_BY",
                "operator_cardinality": 0,
                "cumulative_rows_scanned": 0,
                "operator_rows_scanned": 0,
                "operator_timing": 5.88e-07,
                "children": [
                  {
                    "total_bytes_written": 0,
                    "total_bytes_read": 0,
                    "result_set_size": 0,
                    "operator_name": "PROJECTION",
                    "cpu_time": 0.0,
                    "extra_info": {
                      "Projections": [
                        "#0",
                        "__internal_compress_string_uhugeint(#1)",
                        "__internal_compress_string_uhugeint(#2)",
                        "#3"
                      ],
                      "Estimated Cardinality": "17263"
                    },
                    "cumulative_cardinality": 0,
                    "operator_type": "PROJECTION",
                    "operator_cardinality": 0,
                    "cumulative_rows_scanned": 0,
                    "operator_rows_scanned": 0,
                    "operator_timing": 0.0,
                    "children": [
                      {
                        "total_bytes_written": 0,
                        "total_bytes_read": 0,
                        "result_set_size": 0,
                        "operator_name": "PROJECTION",
                        "cpu_time": 0.0,
                        "extra_info": {
                          "Projections": [
                            "#0",
                            "__internal_decompress_string(#1)",
                            "__internal_decompress_string(#2)",
                            "#3"
                          ],
                          "Estimated Cardinality": "17263"
                        },
                        "cumulative_cardinality": 0,
                        "operator_type": "PROJECTION",
                        "operator_cardinality": 0,
                        "cumulative_rows_scanned": 0,
                        "operator_rows_scanned": 0,
                        "operator_timing": 0.0,
                        "children": [
                          {
                            "total_bytes_written": 0,
                            "total_bytes_read": 0,
                            "result_set_size": 0,
                            "operator_name": "HASH_GROUP_BY",
                            "cpu_time": 0.0,
                            "extra_info": {
                              "Groups": [
                                "#0",
                                "#1",
                                "#2"
                              ],
                              "Aggregates": "count_star()",
                              "Estimated Cardinality": "17263"
                            },
                            "cumulative_cardinality": 0,
                            "operator_type": "HASH_GROUP_BY",
                            "operator_cardinality": 0,
                            "cumulative_rows_scanned": 0,
                            "operator_rows_scanned": 0,
                            "operator_timing": 8.99e-07,
                            "children": [
                              {
                                "total_bytes_written": 0,
                                "total_bytes_read": 0,
                                "result_set_size": 0,
                                "operator_name": "PROJECTION",
                                "cpu_time": 0.0,
                                "extra_info": {
                                  "Projections": [
                                    "c_customer_sk",
                                    "c_first_name",
                                    "c_last_name"
                                  ],
                                  "Estimated Cardinality": "17264"
                                },
                                "cumulative_cardinality": 0,
                                "operator_type": "PROJECTION",
                                "operator_cardinality": 0,
                                "cumulative_rows_scanned": 0,
                                "operator_rows_scanned": 0,
                                "operator_timing": 0.0,
                                "children": [
                                  {
                                    "total_bytes_written": 0,
                                    "total_bytes_read": 0,
                                    "result_set_size": 0,
                                    "operator_name": "PROJECTION",
                                    "cpu_time": 0.0,
                                    "extra_info": {
                                      "Projections": [
                                        "__internal_compress_integral_usmallint(#0, 2450816)",
                                        "#1",
                                        "#4",
                                        "__internal_compress_string_uhugeint(#2)",
                                        "__internal_compress_string_uhugeint(#3)"
                                      ],
                                      "Estimated Cardinality": "17264"
                                    },
                                    "cumulative_cardinality": 0,
                                    "operator_type": "PROJECTION",
                                    "operator_cardinality": 0,
                                    "cumulative_rows_scanned": 0,
                                    "operator_rows_scanned": 0,
                                    "operator_timing": 0.0,
                                    "children": [
                                      {
                                        "total_bytes_written": 0,
                                        "total_bytes_read": 0,
                                        "result_set_size": 0,
                                        "operator_name": "HASH_JOIN",
                                        "cpu_time": 0.0,
                                        "extra_info": {
                                          "Join Type": "INNER",
                                          "Conditions": [
                                            "d_date_sk = ws_sold_date_sk",
                                            "CAST(d_date AS TIMESTAMP) >= CAST(d_date AS TIMESTAMP)",
                                            "CAST(d_date AS TIMESTAMP) <= (d_date + '90 days'::INTERVAL)"
                                          ],
                                          "Estimated Cardinality": "17264"
                                        },
                                        "cumulative_cardinality": 0,
                                        "operator_type": "HASH_JOIN",
                                        "operator_cardinality": 0,
                                        "cumulative_rows_scanned": 0,
                                        "operator_rows_scanned": 0,
                                        "operator_timing": 6.836e-06,
                                        "children": [
                                          {
                                            "total_bytes_written": 0,
                                            "total_bytes_read": 0,
                                            "result_set_size": 8560,
                                            "operator_name": "SEQ_SCAN ",
                                            "cpu_time": 0.0,
                                            "extra_info": {
                                              "Table": "date_dim",
                                              "Type": "Sequential Scan",
                                              "Projections": [
                                                "d_date_sk",
                                                "d_date"
                                              ],
                                              "Filters": "d_date_sk>=2450816 AND d_date_sk<=2452642",
                                              "Estimated Cardinality": "73049"
                                            },
                                            "cumulative_cardinality": 0,
                                            "operator_type": "TABLE_SCAN",
                                            "operator_cardinality": 1070,
                                            "cumulative_rows_scanned": 0,
                                            "operator_rows_scanned": 73049,
                                            "operator_timing": 4.1457e-05,
                                            "children": []
                                          },
                                          {
                                            "total_bytes_written": 0,
                                            "total_bytes_read": 0,
                                            "result_set_size": 0,
                                            "operator_name": "HASH_JOIN",
                                            "cpu_time": 0.0,
                                            "extra_info": {
                                              "Join Type": "INNER",
                                              "Conditions": [
                                                "ws_bill_customer_sk = ss_customer_sk",
                                                "ws_item_sk = ss_item_sk"
                                              ],
                                              "Estimated Cardinality": "17264"
                                            },
                                            "cumulative_cardinality": 0,
                                            "operator_type": "HASH_JOIN",
                                            "operator_cardinality": 0,
                                            "cumulative_rows_scanned": 0,
                                            "operator_rows_scanned": 0,
                                            "operator_timing": 0.03448527900000001,
                                            "children": [
                                              {
                                                "total_bytes_written": 0,
                                                "total_bytes_read": 0,
                                                "result_set_size": 83258220,
                                                "operator_name": "SEQ_SCAN ",
                                                "cpu_time": 0.0,
                                                "extra_info": {
                                                  "Table": "web_sales",
                                                  "Type": "Sequential Scan",
                                                  "Projections": [
                                                    "ws_bill_customer_sk",
                                                    "ws_item_sk",
                                                    "ws_sold_date_sk"
                                                  ],
                                                  "Estimated Cardinality": "7197566"
                                                },
                                                "cumulative_cardinality": 0,
                                                "operator_type": "TABLE_SCAN",
                                                "operator_cardinality": 6938185,
                                                "cumulative_rows_scanned": 0,
                                                "operator_rows_scanned": 201531848,
                                                "operator_timing": 0.050298979,
                                                "children": []
                                              },
                                              {
                                                "total_bytes_written": 0,
                                                "total_bytes_read": 0,
                                                "result_set_size": 9168,
                                                "operator_name": "HASH_JOIN",
                                                "cpu_time": 0.0,
                                                "extra_info": {
                                                  "Join Type": "INNER",
                                                  "Conditions": "c_current_hdemo_sk = hd_demo_sk",
                                                  "Estimated Cardinality": "1199"
                                                },
                                                "cumulative_cardinality": 0,
                                                "operator_type": "HASH_JOIN",
                                                "operator_cardinality": 191,
                                                "cumulative_rows_scanned": 0,
                                                "operator_rows_scanned": 0,
                                                "operator_timing": 0.000136231,
                                                "children": [
                                                  {
                                                    "total_bytes_written": 0,
                                                    "total_bytes_read": 0,
                                                    "result_set_size": 146744,
                                                    "operator_name": "HASH_JOIN",
                                                    "cpu_time": 0.0,
                                                    "extra_info": {
                                                      "Join Type": "INNER",
                                                      "Conditions": "c_current_addr_sk = ca_address_sk",
                                                      "Estimated Cardinality": "4797"
                                                    },
                                                    "cumulative_cardinality": 0,
                                                    "operator_type": "HASH_JOIN",
                                                    "operator_cardinality": 2822,
                                                    "cumulative_rows_scanned": 0,
                                                    "operator_rows_scanned": 0,
                                                    "operator_timing": 0.0014741040000000002,
                                                    "children": [
                                                      {
                                                        "total_bytes_written": 0,
                                                        "total_bytes_read": 0,
                                                        "result_set_size": 852956,
                                                        "operator_name": "HASH_JOIN",
                                                        "cpu_time": 0.0,
                                                        "extra_info": {
                                                          "Join Type": "INNER",
                                                          "Conditions": "c_customer_sk = ss_customer_sk",
                                                          "Estimated Cardinality": "29205"
                                                        },
                                                        "cumulative_cardinality": 0,
                                                        "operator_type": "HASH_JOIN",
                                                        "operator_cardinality": 16403,
                                                        "cumulative_rows_scanned": 0,
                                                        "operator_rows_scanned": 0,
                                                        "operator_timing": 0.006834725,
                                                        "children": [
                                                          {
                                                            "total_bytes_written": 0,
                                                            "total_bytes_read": 0,
                                                            "result_set_size": 20900352,
                                                            "operator_name": "SEQ_SCAN ",
                                                            "cpu_time": 0.0,
                                                            "extra_info": {
                                                              "Table": "customer",
                                                              "Type": "Sequential Scan",
                                                              "Projections": [
                                                                "c_customer_sk",
                                                                "c_current_addr_sk",
                                                                "c_current_hdemo_sk",
                                                                "c_first_name",
                                                                "c_last_name"
                                                              ],
                                                              "Filters": "c_customer_sk>=2 AND c_customer_sk<=499998",
                                                              "Estimated Cardinality": "500000"
                                                            },
                                                            "cumulative_cardinality": 0,
                                                            "operator_type": "TABLE_SCAN",
                                                            "operator_cardinality": 475008,
                                                            "cumulative_rows_scanned": 0,
                                                            "operator_rows_scanned": 2500000,
                                                            "operator_timing": 0.006487584,
                                                            "children": []
                                                          },
                                                          {
                                                            "total_bytes_written": 0,
                                                            "total_bytes_read": 0,
                                                            "result_set_size": 206544,
                                                            "operator_name": "HASH_JOIN",
                                                            "cpu_time": 0.0,
                                                            "extra_info": {
                                                              "Join Type": "INNER",
                                                              "Conditions": [
                                                                "ss_item_sk = i_item_sk",
                                                                "ss_ticket_number = sr_ticket_number"
                                                              ],
                                                              "Estimated Cardinality": "29205"
                                                            },
                                                            "cumulative_cardinality": 0,
                                                            "operator_type": "HASH_JOIN",
                                                            "operator_cardinality": 17212,
                                                            "cumulative_rows_scanned": 0,
                                                            "operator_rows_scanned": 0,
                                                            "operator_timing": 0.14004582100000004,
                                                            "children": [
                                                              {
                                                                "total_bytes_written": 0,
                                                                "total_bytes_read": 0,
                                                                "result_set_size": 63205008,
                                                                "operator_name": "FILTER",
                                                                "cpu_time": 0.0,
                                                                "extra_info": {
                                                                  "Expression": "((ss_ticket_number <= 2399999) AND (ss_customer_sk BETWEEN 2 AND 499998))",
                                                                  "Estimated Cardinality": "5760198"
                                                                },
                                                                "cumulative_cardinality": 0,
                                                                "operator_type": "FILTER",
                                                                "operator_cardinality": 5267084,
                                                                "cumulative_rows_scanned": 0,
                                                                "operator_rows_scanned": 0,
                                                                "operator_timing": 0.063310494,
                                                                "children": [
                                                                  {
                                                                    "total_bytes_written": 0,
                                                                    "total_bytes_read": 0,
                                                                    "result_set_size": 63979728,
                                                                    "operator_name": "PROJECTION",
                                                                    "cpu_time": 0.0,
                                                                    "extra_info": {
                                                                      "Projections": [
                                                                        "#0",
                                                                        "#1",
                                                                        "#2"
                                                                      ],
                                                                      "Estimated Cardinality": "5760198"
                                                                    },
                                                                    "cumulative_cardinality": 0,
                                                                    "operator_type": "PROJECTION",
                                                                    "operator_cardinality": 5331644,
                                                                    "cumulative_rows_scanned": 0,
                                                                    "operator_rows_scanned": 0,
                                                                    "operator_timing": 0.005362201,
                                                                    "children": [
                                                                      {
                                                                        "total_bytes_written": 0,
                                                                        "total_bytes_read": 0,
                                                                        "result_set_size": 106632880,
                                                                        "operator_name": "FILTER",
                                                                        "cpu_time": 0.0,
                                                                        "extra_info": {
                                                                          "Expression": "((CAST(ss_sales_price AS DOUBLE) / CAST(ss_list_price AS DOUBLE)) BETWEEN 0.35 AND 0.55)",
                                                                          "Estimated Cardinality": "5760198"
                                                                        },
                                                                        "cumulative_cardinality": 0,
                                                                        "operator_type": "FILTER",
                                                                        "operator_cardinality": 5331644,
                                                                        "cumulative_rows_scanned": 0,
                                                                        "operator_rows_scanned": 0,
                                                                        "operator_timing": 0.9784440469999998,
                                                                        "children": [
                                                                          {
                                                                            "total_bytes_written": 0,
                                                                            "total_bytes_read": 0,
                                                                            "result_set_size": 575975800,
                                                                            "operator_name": "SEQ_SCAN ",
                                                                            "cpu_time": 0.0,
                                                                            "extra_info": {
                                                                              "Table": "store_sales",
                                                                              "Type": "Sequential Scan",
                                                                              "Projections": [
                                                                                "ss_ticket_number",
                                                                                "ss_customer_sk",
                                                                                "ss_item_sk",
                                                                                "ss_sales_price",
                                                                                "ss_list_price"
                                                                              ],
                                                                              "Estimated Cardinality": "28800991"
                                                                            },
                                                                            "cumulative_cardinality": 0,
                                                                            "operator_type": "TABLE_SCAN",
                                                                            "operator_cardinality": 28798790,
                                                                            "cumulative_rows_scanned": 0,
                                                                            "operator_rows_scanned": 806427748,
                                                                            "operator_timing": 0.227485504,
                                                                            "children": []
                                                                          }
                                                                        ]
                                                                      }
                                                                    ]
                                                                  }
                                                                ]
                                                              },
                                                              {
                                                                "total_bytes_written": 0,
                                                                "total_bytes_read": 0,
                                                                "result_set_size": 1530528,
                                                                "operator_name": "HASH_JOIN",
                                                                "cpu_time": 0.0,
                                                                "extra_info": {
                                                                  "Join Type": "INNER",
                                                                  "Conditions": "sr_item_sk = i_item_sk",
                                                                  "Estimated Cardinality": "4758"
                                                                },
                                                                "cumulative_cardinality": 0,
                                                                "operator_type": "HASH_JOIN",
                                                                "operator_cardinality": 95658,
                                                                "cumulative_rows_scanned": 0,
                                                                "operator_rows_scanned": 0,
                                                                "operator_timing": 0.005836695,
                                                                "children": [
                                                                  {
                                                                    "total_bytes_written": 0,
                                                                    "total_bytes_read": 0,
                                                                    "result_set_size": 3798540,
                                                                    "operator_name": "HASH_JOIN",
                                                                    "cpu_time": 0.0,
                                                                    "extra_info": {
                                                                      "Join Type": "INNER",
                                                                      "Conditions": "sr_returned_date_sk = d_date_sk",
                                                                      "Estimated Cardinality": "23044"
                                                                    },
                                                                    "cumulative_cardinality": 0,
                                                                    "operator_type": "HASH_JOIN",
                                                                    "operator_cardinality": 316545,
                                                                    "cumulative_rows_scanned": 0,
                                                                    "operator_rows_scanned": 0,
                                                                    "operator_timing": 0.009200258000000001,
                                                                    "children": [
                                                                      {
                                                                        "total_bytes_written": 0,
                                                                        "total_bytes_read": 0,
                                                                        "result_set_size": 3798540,
                                                                        "operator_name": "SEQ_SCAN ",
                                                                        "cpu_time": 0.0,
                                                                        "extra_info": {
                                                                          "Table": "store_returns",
                                                                          "Type": "Sequential Scan",
                                                                          "Projections": [
                                                                            "sr_ticket_number",
                                                                            "sr_item_sk",
                                                                            "sr_returned_date_sk"
                                                                          ],
                                                                          "Estimated Cardinality": "2877532"
                                                                        },
                                                                        "cumulative_cardinality": 0,
                                                                        "operator_type": "TABLE_SCAN",
                                                                        "operator_cardinality": 316545,
                                                                        "cumulative_rows_scanned": 0,
                                                                        "operator_rows_scanned": 69060768,
                                                                        "operator_timing": 0.022669849000000002,
                                                                        "children": []
                                                                      },
                                                                      {
                                                                        "total_bytes_written": 0,
                                                                        "total_bytes_read": 0,
                                                                        "result_set_size": 2880,
                                                                        "operator_name": "FILTER",
                                                                        "cpu_time": 0.0,
                                                                        "extra_info": {
                                                                          "Expression": "(d_date_sk BETWEEN 2450820 AND 2452822)",
                                                                          "Estimated Cardinality": "585"
                                                                        },
                                                                        "cumulative_cardinality": 0,
                                                                        "operator_type": "FILTER",
                                                                        "operator_cardinality": 360,
                                                                        "cumulative_rows_scanned": 0,
                                                                        "operator_rows_scanned": 0,
                                                                        "operator_timing": 1.2538000000000001e-05,
                                                                        "children": [
                                                                          {
                                                                            "total_bytes_written": 0,
                                                                            "total_bytes_read": 0,
                                                                            "result_set_size": 2920,
                                                                            "operator_name": "SEQ_SCAN ",
                                                                            "cpu_time": 0.0,
                                                                            "extra_info": {
                                                                              "Table": "date_dim",
                                                                              "Type": "Sequential Scan",
                                                                              "Projections": [
                                                                                "d_date_sk",
                                                                                "d_date"
                                                                              ],
                                                                              "Filters": "d_year=1998",
                                                                              "Estimated Cardinality": "585"
                                                                            },
                                                                            "cumulative_cardinality": 0,
                                                                            "operator_type": "TABLE_SCAN",
                                                                            "operator_cardinality": 365,
                                                                            "cumulative_rows_scanned": 0,
                                                                            "operator_rows_scanned": 73049,
                                                                            "operator_timing": 3.9536e-05,
                                                                            "children": []
                                                                          }
                                                                        ]
                                                                      }
                                                                    ]
                                                                  },
                                                                  {
                                                                    "total_bytes_written": 0,
                                                                    "total_bytes_read": 0,
                                                                    "result_set_size": 122084,
                                                                    "operator_name": "PROJECTION",
                                                                    "cpu_time": 0.0,
                                                                    "extra_info": {
                                                                      "Projections": "#0",
                                                                      "Estimated Cardinality": "20400"
                                                                    },
                                                                    "cumulative_cardinality": 0,
                                                                    "operator_type": "PROJECTION",
                                                                    "operator_cardinality": 30521,
                                                                    "cumulative_rows_scanned": 0,
                                                                    "operator_rows_scanned": 0,
                                                                    "operator_timing": 4.207e-06,
                                                                    "children": [
                                                                      {
                                                                        "total_bytes_written": 0,
                                                                        "total_bytes_read": 0,
                                                                        "result_set_size": 610420,
                                                                        "operator_name": "FILTER",
                                                                        "cpu_time": 0.0,
                                                                        "extra_info": {
                                                                          "Expression": "((i_category = 'Children') OR (i_category = 'Electronics') OR (i_category = 'Music'))",
                                                                          "Estimated Cardinality": "20400"
                                                                        },
                                                                        "cumulative_cardinality": 0,
                                                                        "operator_type": "FILTER",
                                                                        "operator_cardinality": 30521,
                                                                        "cumulative_rows_scanned": 0,
                                                                        "operator_rows_scanned": 0,
                                                                        "operator_timing": 0.0009518430000000001,
                                                                        "children": [
                                                                          {
                                                                            "total_bytes_written": 0,
                                                                            "total_bytes_read": 0,
                                                                            "result_set_size": 2040000,
                                                                            "operator_name": "SEQ_SCAN ",
                                                                            "cpu_time": 0.0,
                                                                            "extra_info": {
                                                                              "Table": "item",
                                                                              "Type": "Sequential Scan",
                                                                              "Projections": [
                                                                                "i_item_sk",
                                                                                "i_category"
                                                                              ],
                                                                              "Filters": "optional: i_category IN ('Children', 'Electronics', 'Music')",
                                                                              "Estimated Cardinality": "102000"
                                                                            },
                                                                            "cumulative_cardinality": 0,
                                                                            "operator_type": "TABLE_SCAN",
                                                                            "operator_cardinality": 102000,
                                                                            "cumulative_rows_scanned": 0,
                                                                            "operator_rows_scanned": 102000,
                                                                            "operator_timing": 0.0003795730000000001,
                                                                            "children": []
                                                                          }
                                                                        ]
                                                                      }
                                                                    ]
                                                                  }
                                                                ]
                                                              }
                                                            ]
                                                          }
                                                        ]
                                                      },
                                                      {
                                                        "total_bytes_written": 0,
                                                        "total_bytes_read": 0,
                                                        "result_set_size": 173280,
                                                        "operator_name": "PROJECTION",
                                                        "cpu_time": 0.0,
                                                        "extra_info": {
                                                          "Projections": "#0",
                                                          "Estimated Cardinality": "50000"
                                                        },
                                                        "cumulative_cardinality": 0,
                                                        "operator_type": "PROJECTION",
                                                        "operator_cardinality": 43320,
                                                        "cumulative_rows_scanned": 0,
                                                        "operator_rows_scanned": 0,
                                                        "operator_timing": 1.2349000000000003e-05,
                                                        "children": [
                                                          {
                                                            "total_bytes_written": 0,
                                                            "total_bytes_read": 0,
                                                            "result_set_size": 216600,
                                                            "operator_name": "FILTER",
                                                            "cpu_time": 0.0,
                                                            "extra_info": {
                                                              "Expression": "IN (...)",
                                                              "Estimated Cardinality": "50000"
                                                            },
                                                            "cumulative_cardinality": 0,
                                                            "operator_type": "FILTER",
                                                            "operator_cardinality": 43320,
                                                            "cumulative_rows_scanned": 0,
                                                            "operator_rows_scanned": 0,
                                                            "operator_timing": 0.000581458,
                                                            "children": [
                                                              {
                                                                "total_bytes_written": 0,
                                                                "total_bytes_read": 0,
                                                                "result_set_size": 1250000,
                                                                "operator_name": "HASH_JOIN",
                                                                "cpu_time": 0.0,
                                                                "extra_info": {
                                                                  "Join Type": "MARK",
                                                                  "Conditions": "ca_state = #0",
                                                                  "Estimated Cardinality": "250000"
                                                                },
                                                                "cumulative_cardinality": 0,
                                                                "operator_type": "HASH_JOIN",
                                                                "operator_cardinality": 250000,
                                                                "cumulative_rows_scanned": 0,
                                                                "operator_rows_scanned": 0,
                                                                "operator_timing": 0.003413182000000001,
                                                                "children": [
                                                                  {
                                                                    "total_bytes_written": 0,
                                                                    "total_bytes_read": 0,
                                                                    "result_set_size": 5000000,
                                                                    "operator_name": "SEQ_SCAN ",
                                                                    "cpu_time": 0.0,
                                                                    "extra_info": {
                                                                      "Table": "customer_address",
                                                                      "Type": "Sequential Scan",
                                                                      "Projections": [
                                                                        "ca_address_sk",
                                                                        "ca_state"
                                                                      ],
                                                                      "Filters": "optional: ca_state IN ('AR', 'CO', 'NC', 'NY', 'TX')",
                                                                      "Estimated Cardinality": "250000"
                                                                    },
                                                                    "cumulative_cardinality": 0,
                                                                    "operator_type": "TABLE_SCAN",
                                                                    "operator_cardinality": 250000,
                                                                    "cumulative_rows_scanned": 0,
                                                                    "operator_rows_scanned": 750000,
                                                                    "operator_timing": 0.0011658609999999998,
                                                                    "children": []
                                                                  },
                                                                  {
                                                                    "total_bytes_written": 0,
                                                                    "total_bytes_read": 0,
                                                                    "result_set_size": 80,
                                                                    "operator_name": "COLUMN_DATA_SCAN",
                                                                    "cpu_time": 0.0,
                                                                    "extra_info": {
                                                                      "Estimated Cardinality": "0"
                                                                    },
                                                                    "cumulative_cardinality": 0,
                                                                    "operator_type": "COLUMN_DATA_SCAN",
                                                                    "operator_cardinality": 5,
                                                                    "cumulative_rows_scanned": 0,
                                                                    "operator_rows_scanned": 0,
                                                                    "operator_timing": 4.369e-06,
                                                                    "children": []
                                                                  }
                                                                ]
                                                              }
                                                            ]
                                                          }
                                                        ]
                                                      }
                                                    ]
                                                  },
                                                  {
                                                    "total_bytes_written": 0,
                                                    "total_bytes_read": 0,
                                                    "result_set_size": 1680,
                                                    "operator_name": "SEQ_SCAN ",
                                                    "cpu_time": 0.0,
                                                    "extra_info": {
                                                      "Table": "household_demographics",
                                                      "Type": "Sequential Scan",
                                                      "Projections": "hd_demo_sk",
                                                      "Filters": [
                                                        "hd_income_band_sk>=7 AND hd_income_band_sk<=13",
                                                        "hd_buy_potential='0-500'"
                                                      ],
                                                      "Estimated Cardinality": "1800"
                                                    },
                                                    "cumulative_cardinality": 0,
                                                    "operator_type": "TABLE_SCAN",
                                                    "operator_cardinality": 420,
                                                    "cumulative_rows_scanned": 0,
                                                    "operator_rows_scanned": 7200,
                                                    "operator_timing": 6.277399999999999e-05,
                                                    "children": []
                                                  }
                                                ]
                                              }
                                            ]
                                          }
                                        ]
                                      }
                                    ]
                                  }
                                ]
                              }
                            ]
                          }
                        ]
                      }
                    ]
                  }
                ]
              }
            ]
          }
        ]
      }
    ]
  },
  "actual_rows": 0
}