{
  "execution_time_ms": 174.7,
  "plan_text": "\u250c\u2500\u2500\u2500\u2500\u2500\u2500\u2500\u2500\u2500\u2500\u2500\u2500\u2500\u2500\u2500\u2500\u2500\u2500\u2500\u2500\u2500\u2500\u2500\u2500\u2500\u2500\u2500\u2500\u2500\u2500\u2500\u2500\u2500\u2500\u2500\u2500\u2500\u2510\n\u2502\u250c\u2500\u2500\u2500\u2500\u2500\u2500\u2500\u2500\u2500\u2500\u2500\u2500\u2500\u2500\u2500\u2500\u2500\u2500\u2500\u2500\u2500\u2500\u2500\u2500\u2500\u2500\u2500\u2500\u2500\u2500\u2500\u2500\u2500\u2500\u2500\u2510\u2502\n\u2502\u2502    Query Profiling Information    \u2502\u2502\n\u2502\u2514\u2500\u2500\u2500\u2500\u2500\u2500\u2500\u2500\u2500\u2500\u2500\u2500\u2500\u2500\u2500\u2500\u2500\u2500\u2500\u2500\u2500\u2500\u2500\u2500\u2500\u2500\u2500\u2500\u2500\u2500\u2500\u2500\u2500\u2500\u2500\u2518\u2502\n\u2514\u2500\u2500\u2500\u2500\u2500\u2500\u2500\u2500\u2500\u2500\u2500\u2500\u2500\u2500\u2500\u2500\u2500\u2500\u2500\u2500\u2500\u2500\u2500\u2500\u2500\u2500\u2500\u2500\u2500\u2500\u2500\u2500\u2500\u2500\u2500\u2500\u2500\u2518\nEXPLAIN ANALYZE WITH all_sales AS (  SELECT d_year        ,i_brand_id        ,i_class_id        ,i_category_id        ,i_manufact_id        ,SUM(sales_cnt) AS sales_cnt        ,SUM(sales_amt) AS sales_amt  FROM (SELECT d_year              ,i_brand_id              ,i_class_id              ,i_category_id              ,i_manufact_id              ,cs_quantity - COALESCE(cr_return_quantity,0) AS sales_cnt              ,cs_ext_sales_price - COALESCE(cr_return_amount,0.0) AS sales_amt        FROM catalog_sales JOIN item ON i_item_sk=cs_item_sk                           JOIN date_dim ON d_date_sk=cs_sold_date_sk                           LEFT JOIN catalog_returns ON (cs_order_number=cr_order_number                                                     AND cs_item_sk=cr_item_sk)        WHERE i_category='Home'        and cs_sales_price / cs_list_price BETWEEN 34 * 0.01 AND 54 * 0.01        and cr_reason_sk in (7, 25, 26, 52, 69)        UNION        SELECT d_year              ,i_brand_id              ,i_class_id              ,i_category_id              ,i_manufact_id              ,ss_quantity - COALESCE(sr_return_quantity,0) AS sales_cnt              ,ss_ext_sales_price - COALESCE(sr_return_amt,0.0) AS sales_amt        FROM store_sales JOIN item ON i_item_sk=ss_item_sk                         JOIN date_dim ON d_date_sk=ss_sold_date_sk                         LEFT JOIN store_returns ON (ss_ticket_number=sr_ticket_number                                                 AND ss_item_sk=sr_item_sk)        WHERE i_category='Home'        and ss_sales_price / ss_list_price BETWEEN 34 * 0.01 AND 54 * 0.01        and sr_reason_sk in (7, 25, 26, 52, 69)        UNION        SELECT d_year              ,i_brand_id              ,i_class_id              ,i_category_id              ,i_manufact_id              ,ws_quantity - COALESCE(wr_return_quantity,0) AS sales_cnt              ,ws_ext_sales_price - COALESCE(wr_return_amt,0.0) AS sales_amt        FROM web_sales JOIN item ON i_item_sk=ws_item_sk                       JOIN date_dim ON d_date_sk=ws_sold_date_sk                       LEFT JOIN web_returns ON (ws_order_number=wr_order_number                                             AND ws_item_sk=wr_item_sk)        WHERE i_category='Home'        and ws_sales_price / ws_list_price BETWEEN 34 * 0.01 AND 54 * 0.01        and wr_reason_sk in (7, 25, 26, 52, 69)) sales_detail GROUP BY d_year, i_brand_id, i_class_id, i_category_id, i_manufact_id)  SELECT  prev_yr.d_year AS prev_year                           ,curr_yr.d_year AS year                           ,curr_yr.i_brand_id                           ,curr_yr.i_class_id                           ,curr_yr.i_category_id                           ,curr_yr.i_manufact_id                           ,prev_yr.sales_cnt AS prev_yr_cnt                           ,curr_yr.sales_cnt AS curr_yr_cnt                           ,curr_yr.sales_cnt-prev_yr.sales_cnt AS sales_cnt_diff                           ,curr_yr.sales_amt-prev_yr.sales_amt AS sales_amt_diff  FROM all_sales curr_yr, all_sales prev_yr  WHERE curr_yr.i_brand_id=prev_yr.i_brand_id    AND curr_yr.i_class_id=prev_yr.i_class_id    AND curr_yr.i_category_id=prev_yr.i_category_id    AND curr_yr.i_manufact_id=prev_yr.i_manufact_id    AND curr_yr.d_year=1999    AND prev_yr.d_year=1999-1    AND prev_yr.sales_cnt > 0    AND CAST(curr_yr.sales_cnt AS DECIMAL(17,2))/CAST(prev_yr.sales_cnt AS DECIMAL(17,2))<0.9  ORDER BY sales_cnt_diff,sales_amt_diff  limit 100\n\u250c\u2500\u2500\u2500\u2500\u2500\u2500\u2500\u2500\u2500\u2500\u2500\u2500\u2500\u2500\u2500\u2500\u2500\u2500\u2500\u2500\u2500\u2500\u2500\u2500\u2500\u2500\u2500\u2500\u2500\u2500\u2500\u2500\u2500\u2500\u2500\u2500\u2500\u2500\u2500\u2500\u2500\u2500\u2500\u2500\u2500\u2500\u2500\u2500\u2510\n\u2502\u250c\u2500\u2500\u2500\u2500\u2500\u2500\u2500\u2500\u2500\u2500\u2500\u2500\u2500\u2500\u2500\u2500\u2500\u2500\u2500\u2500\u2500\u2500\u2500\u2500\u2500\u2500\u2500\u2500\u2500\u2500\u2500\u2500\u2500\u2500\u2500\u2500\u2500\u2500\u2500\u2500\u2500\u2500\u2500\u2500\u2500\u2500\u2510\u2502\n\u2502\u2502              Total Time: 0.130s              \u2502\u2502\n\u2502\u2514\u2500\u2500\u2500\u2500\u2500\u2500\u2500\u2500\u2500\u2500\u2500\u2500\u2500\u2500\u2500\u2500\u2500\u2500\u2500\u2500\u2500\u2500\u2500\u2500\u2500\u2500\u2500\u2500\u2500\u2500\u2500\u2500\u2500\u2500\u2500\u2500\u2500\u2500\u2500\u2500\u2500\u2500\u2500\u2500\u2500\u2500\u2518\u2502\n\u2514\u2500\u2500\u2500\u2500\u2500\u2500\u2500\u2500\u2500\u2500\u2500\u2500\u2500\u2500\u2500\u2500\u2500\u2500\u2500\u2500\u2500\u2500\u2500\u2500\u2500\u2500\u2500\u2500\u2500\u2500\u2500\u2500\u2500\u2500\u2500\u2500\u2500\u2500\u2500\u2500\u2500\u2500\u2500\u2500\u2500\u2500\u2500\u2500\u2518\n\u250c\u2500\u2500\u2500\u2500\u2500\u2500\u2500\u2500\u2500\u2500\u2500\u2500\u2500\u2510\n\u2502    QUERY    \u2502\n\u2514\u2500\u2500\u2500\u2500\u2500\u2500\u252c\u2500\u2500\u2500\u2500\u2500\u2500\u2518\n\u250c\u2500\u2500\u2500\u2500\u2500\u2500\u2534\u2500\u2500\u2500\u2500\u2500\u2500\u2510\n\u2502EXPLAIN_...  \u2502\n\u2502    \u2500\u2500\u2500\u2500\u2500\u2500   \u2502\n\u2502    0 rows   \u2502\n\u2502   (0.00s)   \u2502\n\u2514\u2500\u2500\u2500\u2500\u2500\u2500\u252c\u2500\u2500\u2500\u2500\u2500\u2500\u2518\n\u250c\u2500\u2500\u2500\u2500\u2500\u2500\u2534\u2500\u2500\u2500\u2500\u2500\u2500\u2510\n\u2502     CTE     \u2502\n\u2502    \u2500\u2500\u2500\u2500\u2500\u2500   \u2502\n\u2502  CTE Name:  \u2502\n\u2502  all_sales  \u2502\n\u2502             \u2502\n\u2502 Table Index:\u251c\u2500\u2500\u2500\u2500\u2500\u2500\u2500\u2500\u2500\u2500\u2500\u2500\u2500\u2500\u2500\u2500\u2500\u2500\u2500\u2500\u2500\u2500\u2500\u2500\u2500\u2500\u2500\u2500\u2500\u2500\u2500\u2500\u2500\u2500\u2500\u2500\u2500\u2500\u2500\u2500\u2500\u2500\u2500\u2500\u2500\u2500\u2500\u2500\u2500\u2500\u2500\u2500\u2500\u2500\u2500\u2500\u2500\u2500\u2500\u2500\u2500\u2500\u2500\u2500\u2500\u2500\u2500\u2500\u2500\u2500\u2500\u2500\u2500\u2500\u2500\u2500\u2500\u2500\u2500\u2500\u2500\u2500\u2500\u2500\u2500\u2500\u2500\u2500\u2500\u2500\u2500\u2500\u2500\u2500\u2500\u2500\u2500\u2500\u2500\u2500\u2500\u2500\u2500\u2500\u2500\u2500\u2500\u2500\u2500\u2500\u2500\u2500\u2500\u2500\u2500\u2500\u2500\u2500\u2500\u2500\u2500\u2500\u2500\u2500\u2500\u2500\u2500\u2500\u2500\u2500\u2500\u2500\u2500\u2500\u2500\u2500\u2500\u2500\u2500\u2500\u2500\u2500\u2500\u2500\u2500\u2500\u2500\u2500\u2500\u2500\u2500\u2500\u2500\u2500\u2500\u2500\u2500\u2500\u2500\u2500\u2500\u2500\u2500\u2500\u2500\u2500\u2500\u2500\u2500\u2500\u2500\u2500\u2500\u2500\u2500\u2500\u2500\u2500\u2500\u2500\u2500\u2500\u2500\u2500\u2500\u2500\u2500\u2500\u2500\u2500\u2500\u2500\u2500\u2500\u2500\u2500\u2500\u2500\u2500\u2500\u2500\u2500\u2500\u2500\u2500\u2500\u2500\u2500\u2500\u2500\u2500\u2500\u2500\u2500\u2500\u2500\u2500\u2510\n\u2502      0      \u2502                                                                                                                                                                                                                         \u2502\n\u2502             \u2502                                                                                                                                                                                                                         \u2502\n\u2502    0 rows   \u2502                                                                                                                                                                                                                         \u2502\n\u2502   (0.00s)   \u2502                                                                                                                                                                                                                         \u2502\n\u2514\u2500\u2500\u2500\u2500\u2500\u2500\u252c\u2500\u2500\u2500\u2500\u2500\u2500\u2518                                                                                                                                                                                                                         \u2502\n\u250c\u2500\u2500\u2500\u2500\u2500\u2500\u2534\u2500\u2500\u2500\u2500\u2500\u2500\u2510                                                                                                                                                                                                                  \u250c\u2500\u2500\u2500\u2500\u2500\u2500\u2534\u2500\u2500\u2500\u2500\u2500\u2500\u2510\n\u2502    FILTER   \u2502                                                                                                                                                                                                                  \u2502    TOP_N    \u2502\n\u2502    \u2500\u2500\u2500\u2500\u2500\u2500   \u2502                                                                                                                                                                                                                  \u2502    \u2500\u2500\u2500\u2500\u2500\u2500   \u2502\n\u2502  ((d_year = \u2502                                                                                                                                                                                                                  \u2502     Top:    \u2502\n\u2502  1999) OR ( \u2502                                                                                                                                                                                                                  \u2502     100     \u2502\n\u2502  (d_year =  \u2502                                                                                                                                                                                                                  \u2502             \u2502\n\u2502  1998) AND  \u2502                                                                                                                                                                                                                  \u2502  Order By:  \u2502\n\u2502 (sales_cnt >\u2502                                                                                                                                                                                                                  \u2502   (curr_yr  \u2502\n\u2502     0)))    \u2502                                                                                                                                                                                                                  \u2502 .sales_cnt -\u2502\n\u2502             \u2502                                                                                                                                                                                                                  \u2502    prev_yr  \u2502\n\u2502             \u2502                                                                                                                                                                                                                  \u2502 .sales_cnt) \u2502\n\u2502             \u2502                                                                                                                                                                                                                  \u2502      ASC    \u2502\n\u2502             \u2502                                                                                                                                                                                                                  \u2502   (curr_yr  \u2502\n\u2502             \u2502                                                                                                                                                                                                                  \u2502 .sales_amt -\u2502\n\u2502             \u2502                                                                                                                                                                                                                  \u2502    prev_yr  \u2502\n\u2502             \u2502                                                                                                                                                                                                                  \u2502 .sales_amt) \u2502\n\u2502             \u2502                                                                                                                                                                                                                  \u2502      ASC    \u2502\n\u2502             \u2502                                                                                                                                                                                                                  \u2502             \u2502\n\u2502  2,106 rows \u2502                                                                                                                                                                                                                  \u2502   100 rows  \u2502\n\u2502   (0.00s)   \u2502                                                                                                                                                                                                                  \u2502   (0.00s)   \u2502\n\u2514\u2500\u2500\u2500\u2500\u2500\u2500\u252c\u2500\u2500\u2500\u2500\u2500\u2500\u2518                                                                                                                                                                                                                  \u2514\u2500\u2500\u2500\u2500\u2500\u2500\u252c\u2500\u2500\u2500\u2500\u2500\u2500\u2518\n\u250c\u2500\u2500\u2500\u2500\u2500\u2500\u2534\u2500\u2500\u2500\u2500\u2500\u2500\u2510                                                                                                                                                                                                                  \u250c\u2500\u2500\u2500\u2500\u2500\u2500\u2534\u2500\u2500\u2500\u2500\u2500\u2500\u2510\n\u2502  PROJECTION \u2502                                                                                                                                                                                                                  \u2502  PROJECTION \u2502\n\u2502    \u2500\u2500\u2500\u2500\u2500\u2500   \u2502                                                                                                                                                                                                                  \u2502    \u2500\u2500\u2500\u2500\u2500\u2500   \u2502\n\u2502__internal_de\u2502                                                                                                                                                                                                                  \u2502  prev_year  \u2502\n\u2502compress_inte\u2502                                                                                                                                                                                                                  \u2502     year    \u2502\n\u2502 gral_integer\u2502                                                                                                                                                                                                                  \u2502  i_brand_id \u2502\n\u2502  (#0, 1900) \u2502                                                                                                                                                                                                                  \u2502  i_class_id \u2502\n\u2502      #1     \u2502                                                                                                                                                                                                                  \u2502i_category_id\u2502\n\u2502__internal_de\u2502                                                                                                                                                                                                                  \u2502i_manufact_id\u2502\n\u2502compress_inte\u2502                                                                                                                                                                                                                  \u2502 prev_yr_cnt \u2502\n\u2502 gral_integer\u2502                                                                                                                                                                                                                  \u2502 curr_yr_cnt \u2502\n\u2502   (#2, 1)   \u2502                                                                                                                                                                                                                  \u2502sales_cnt_dif\u2502\n\u2502__internal_de\u2502                                                                                                                                                                                                                  \u2502      f      \u2502\n\u2502compress_inte\u2502                                                                                                                                                                                                                  \u2502sales_amt_dif\u2502\n\u2502 gral_integer\u2502                                                                                                                                                                                                                  \u2502      f      \u2502\n\u2502   (#3, 1)   \u2502                                                                                                                                                                                                                  \u2502             \u2502\n\u2502__internal_de\u2502                                                                                                                                                                                                                  \u2502             \u2502\n\u2502compress_inte\u2502                                                                                                                                                                                                                  \u2502             \u2502\n\u2502 gral_integer\u2502                                                                                                                                                                                                                  \u2502             \u2502\n\u2502   (#4, 1)   \u2502                                                                                                                                                                                                                  \u2502             \u2502\n\u2502      #5     \u2502                                                                                                                                                                                                                  \u2502             \u2502\n\u2502      #6     \u2502                                                                                                                                                                                                                  \u2502             \u2502\n\u2502             \u2502                                                                                                                                                                                                                  \u2502             \u2502\n\u2502  5,471 rows \u2502                                                                                                                                                                                                                  \u2502   103 rows  \u2502\n\u2502   (0.00s)   \u2502                                                                                                                                                                                                                  \u2502   (0.00s)   \u2502\n\u2514\u2500\u2500\u2500\u2500\u2500\u2500\u252c\u2500\u2500\u2500\u2500\u2500\u2500\u2518                                                                                                                                                                                                                  \u2514\u2500\u2500\u2500\u2500\u2500\u2500\u252c\u2500\u2500\u2500\u2500\u2500\u2500\u2518\n\u250c\u2500\u2500\u2500\u2500\u2500\u2500\u2534\u2500\u2500\u2500\u2500\u2500\u2500\u2510                                                                                                                                                                                                                  \u250c\u2500\u2500\u2500\u2500\u2500\u2500\u2534\u2500\u2500\u2500\u2500\u2500\u2500\u2510\n\u2502HASH_GROUP_BY\u2502                                                                                                                                                                                                                  \u2502    FILTER   \u2502\n\u2502    \u2500\u2500\u2500\u2500\u2500\u2500   \u2502                                                                                                                                                                                                                  \u2502    \u2500\u2500\u2500\u2500\u2500\u2500   \u2502\n\u2502   Groups:   \u2502                                                                                                                                                                                                                  \u2502 ((CAST(CAST \u2502\n\u2502      #0     \u2502                                                                                                                                                                                                                  \u2502  (sales_cnt \u2502\n\u2502      #1     \u2502                                                                                                                                                                                                                  \u2502  AS DECIMAL \u2502\n\u2502      #2     \u2502                                                                                                                                                                                                                  \u2502  (17,2)) AS \u2502\n\u2502      #3     \u2502                                                                                                                                                                                                                  \u2502   DOUBLE) / \u2502\n\u2502      #4     \u2502                                                                                                                                                                                                                  \u2502   CAST(CAST \u2502\n\u2502             \u2502                                                                                                                                                                                                                  \u2502  (sales_cnt \u2502\n\u2502 Aggregates: \u2502                                                                                                                                                                                                                  \u2502  AS DECIMAL \u2502\n\u2502   sum(#5)   \u2502                                                                                                                                                                                                                  \u2502  (17,2)) AS \u2502\n\u2502   sum(#6)   \u2502                                                                                                                                                                                                                  \u2502  DOUBLE)) < \u2502\n\u2502             \u2502                                                                                                                                                                                                                  \u2502     0.9)    \u2502\n\u2502             \u2502                                                                                                                                                                                                                  \u2502             \u2502\n\u2502  5,471 rows \u2502                                                                                                                                                                                                                  \u2502   103 rows  \u2502\n\u2502   (0.01s)   \u2502                                                                                                                                                                                                                  \u2502   (0.00s)   \u2502\n\u2514\u2500\u2500\u2500\u2500\u2500\u2500\u252c\u2500\u2500\u2500\u2500\u2500\u2500\u2518                                                                                                                                                                                                                  \u2514\u2500\u2500\u2500\u2500\u2500\u2500\u252c\u2500\u2500\u2500\u2500\u2500\u2500\u2518\n\u250c\u2500\u2500\u2500\u2500\u2500\u2500\u2534\u2500\u2500\u2500\u2500\u2500\u2500\u2510                                                                                                                                                                                                                  \u250c\u2500\u2500\u2500\u2500\u2500\u2500\u2534\u2500\u2500\u2500\u2500\u2500\u2500\u2510\n\u2502  PROJECTION \u2502                                                                                                                                                                                                                  \u2502  HASH_JOIN  \u2502\n\u2502    \u2500\u2500\u2500\u2500\u2500\u2500   \u2502                                                                                                                                                                                                                  \u2502    \u2500\u2500\u2500\u2500\u2500\u2500   \u2502\n\u2502    d_year   \u2502                                                                                                                                                                                                                  \u2502  Join Type: \u2502\n\u2502  i_brand_id \u2502                                                                                                                                                                                                                  \u2502    INNER    \u2502\n\u2502  i_class_id \u2502                                                                                                                                                                                                                  \u2502             \u2502\n\u2502i_category_id\u2502                                                                                                                                                                                                                  \u2502 Conditions: \u2502\n\u2502i_manufact_id\u2502                                                                                                                                                                                                                  \u2502 i_brand_id =\u2502\n\u2502  sales_cnt  \u2502                                                                                                                                                                                                                  \u2502  i_brand_id \u2502\n\u2502  sales_amt  \u2502                                                                                                                                                                                                                  \u2502 i_class_id =\u2502\n\u2502             \u2502                                                                                                                                                                                                                  \u2502  i_class_id \u251c\n\u2502             \u2502                                                                                                                                                                                                                  \u2502i_category_id\u2502\n\u2502             \u2502                                                                                                                                                                                                                  \u2502 = i_category\u2502\n\u2502             \u2502                                                                                                                                                                                                                  \u2502     _id     \u2502\n\u2502             \u2502                                                                                                                                                                                                                  \u2502i_manufact_id\u2502\n\u2502             \u2502                                                                                                                                                                                                                  \u2502 = i_manufact\u2502\n\u2502             \u2502                                                                                                                                                                                                                  \u2502     _id     \u2502\n\u2502             \u2502                                                                                                                                                                                                                  \u2502             \u2502\n\u2502  6,207 rows \u2502                                                                                                                                                                                                                  \u2502   244 rows  \u2502\n\u2502   (0.00s)   \u2502                                                                                                                                                                                                                  \u2502   (0.00s)   \u2502\n\u2514\u2500\u2500\u2500\u2500\u2500\u2500\u252c\u2500\u2500\u2500\u2500\u2500\u2500\u2518                                                                                                                                                                                                                  \u2514\u2500\u2500\u2500\u2500\u2500\u2500\u252c\u2500\u2500\u2500\u2500\u2500\u2500\u2518\n\u250c\u2500\u2500\u2500\u2500\u2500\u2500\u2534\u2500\u2500\u2500\u2500\u2500\u2500\u2510                                                                                                                                                                                                                  \u250c\u2500\u2500\u2500\u2500\u2500\u2500\u2534\u2500\u2500\u2500\u2500\u2500\u2500\u2510\n\u2502  PROJECTION \u2502                                                                                                                                                                                                                  \u2502    FILTER   \u2502\n\u2502    \u2500\u2500\u2500\u2500\u2500\u2500   \u2502                                                                                                                                                                                                                  \u2502    \u2500\u2500\u2500\u2500\u2500\u2500   \u2502\n\u2502__internal_co\u2502                                                                                                                                                                                                                  \u2502  (d_year =  \u2502\n\u2502mpress_integr\u2502                                                                                                                                                                                                                  \u2502     1999)   \u2502\n\u2502 al_utinyint(\u2502                                                                                                                                                                                                                  \u2502             \u2502\n\u2502  #0, 1900)  \u2502                                                                                                                                                                                                                  \u2502             \u2502\n\u2502      #1     \u2502                                                                                                                                                                                                                  \u2502             \u2502\n\u2502__internal_co\u2502                                                                                                                                                                                                                  \u2502             \u2502\n\u2502mpress_integr\u2502                                                                                                                                                                                                                  \u2502             \u2502\n\u2502 al_utinyint(\u2502                                                                                                                                                                                                                  \u2502             \u2502\n\u2502    #2, 1)   \u2502                                                                                                                                                                                                                  \u2502             \u2502\n\u2502__internal_co\u2502                                                                                                                                                                                                                  \u2502             \u2502\n\u2502mpress_integr\u2502                                                                                                                                                                                                                  \u2502             \u2502\n\u2502 al_utinyint(\u2502                                                                                                                                                                                                                  \u2502             \u2502\n\u2502    #3, 1)   \u2502                                                                                                                                                                                                                  \u2502             \u2502\n\u2502__internal_co\u2502                                                                                                                                                                                                                  \u2502             \u2502\n\u2502mpress_integr\u2502                                                                                                                                                                                                                  \u2502             \u2502\n\u2502 al_usmallint\u2502                                                                                                                                                                                                                  \u2502             \u2502\n\u2502   (#4, 1)   \u2502                                                                                                                                                                                                                  \u2502             \u2502\n\u2502      #5     \u2502                                                                                                                                                                                                                  \u2502             \u2502\n\u2502      #6     \u2502                                                                                                                                                                                                                  \u2502             \u2502\n\u2502             \u2502                                                                                                                                                                                                                  \u2502             \u2502\n\u2502  6,207 rows \u2502                                                                                                                                                                                                                  \u2502  1,084 rows \u2502\n\u2502   (0.00s)   \u2502                                                                                                                                                                                                                  \u2502   (0.00s)   \u2502\n\u2514\u2500\u2500\u2500\u2500\u2500\u2500\u252c\u2500\u2500\u2500\u2500\u2500\u2500\u2518                                                                                                                                                                                                                  \u2514\u2500\u2500\u2500\u2500\u2500\u2500\u252c\u2500\u2500\u2500\u2500\u2500\u2500\u2518\n\u250c\u2500\u2500\u2500\u2500\u2500\u2500\u2534\u2500\u2500\u2500\u2500\u2500\u2500\u2510                                                                                                                                                                                                                  \u250c\u2500\u2500\u2500\u2500\u2500\u2500\u2534\u2500\u2500\u2500\u2500\u2500\u2500\u2510\n\u2502HASH_GROUP_BY\u2502                                                                                                                                                                                                                  \u2502   CTE_SCAN  \u2502\n\u2502    \u2500\u2500\u2500\u2500\u2500\u2500   \u2502                                                                                                                                                                                                                  \u2502    \u2500\u2500\u2500\u2500\u2500\u2500   \u2502\n\u2502   Groups:   \u2502                                                                                                                                                                                                                  \u2502  CTE Index: \u2502\n\u2502      #0     \u2502                                                                                                                                                                                                                  \u2502      0      \u2502\n\u2502      #1     \u2502                                                                                                                                                                                                                  \u2502             \u2502\n\u2502      #2     \u2502                                                                                                                                                                                                                  \u2502             \u2502\n\u2502      #3     \u2502                                                                                                                                                                                                                  \u2502             \u2502\n\u2502      #4     \u2502                                                                                                                                                                                                                  \u2502             \u2502\n\u2502      #5     \u2502                                                                                                                                                                                                                  \u2502             \u2502\n\u2502      #6     \u2502                                                                                                                                                                                                                  \u2502             \u2502\n\u2502             \u2502                                                                                                                                                                                                                  \u2502             \u2502\n\u2502  6,207 rows \u2502                                                                                                                                                                                                                  \u2502  2,106 rows \u2502\n\u2502   (0.00s)   \u2502                                                                                                                                                                                                                  \u2502   (0.00s)   \u2502\n\u2514\u2500\u2500\u2500\u2500\u2500\u2500\u252c\u2500\u2500\u2500\u2500\u2500\u2500\u2518                                                                                                                                                                                                                  \u2514\u2500\u2500\u2500\u2500\u2500\u2500\u2500\u2500\u2500\u2500\u2500\u2500\u2500\u2518\n\u250c\u2500\u2500\u2500\u2500\u2500\u2500\u2534\u2500\u2500\u2500\u2500\u2500\u2500\u2510\n\u2502    UNION    \u2502\n\u2502    \u2500\u2500\u2500\u2500\u2500\u2500   \u2502\n\u2502    0 rows   \u251c\u2500\u2500\u2500\u2500\u2500\u2500\u2500\u2500\u2500\u2500\u2500\u2500\u2500\u2500\u2500\u2500\u2500\u2500\u2500\u2500\u2500\u2500\u2500\u2500\u2500\u2500\u2500\u2500\u2500\u2500\u2500\u2500\u2500\u2500\u2500\u2500\u2500\u2500\u2500\u2500\u2500\u2500\u2500\u2500\u2500\u2500\u2500\u2500\u2500\u2500\u2500\u2500\u2500\u2500\u2500\u2500\u2500\u2500\u2500\u2500\u2500\u2500\u2500\u2500\u2500\u2500\u2500\u2500\u2500\u2500\u2500\u2500\u2500\u2500\u2500\u2500\u2500\u2500\u2500\u2500\u2500\u2500\u2500\u2500\u2500\u2500\u2500\u2500\u2500\u2500\u2500\u2500\u2500\u2500\u2500\u2500\u2500\u2500\u2500\u2500\u2500\u2500\u2500\u2500\u2500\u2500\u2500\u2500\u2500\u2500\u2500\u2500\u2500\u2500\u2500\u2500\u2500\u2500\u2500\u2500\u2500\u2500\u2500\u2500\u2500\u2500\u2500\u2500\u2500\u2500\u2500\u2500\u2500\u2500\u2500\u2500\u2500\u2500\u2500\u2500\u2500\u2500\u2510\n\u2502   (0.00s)   \u2502                                                                                                                                              \u2502\n\u2514\u2500\u2500\u2500\u2500\u2500\u2500\u252c\u2500\u2500\u2500\u2500\u2500\u2500\u2518                                                                                                                                              \u2502\n\u250c\u2500\u2500\u2500\u2500\u2500\u2500\u2534\u2500\u2500\u2500\u2500\u2500\u2500\u2510                                                                                                                                       \u250c\u2500\u2500\u2500\u2500\u2500\u2500\u2534\u2500\u2500\u2500\u2500\u2500\u2500\u2510\n\u2502HASH_GROUP_BY\u2502                                                                                                                                       \u2502  PROJECTION \u2502\n\u2502    \u2500\u2500\u2500\u2500\u2500\u2500   \u2502                                                                                                                                       \u2502    \u2500\u2500\u2500\u2500\u2500\u2500   \u2502\n\u2502   Groups:   \u2502                                                                                                                                       \u2502    d_year   \u2502\n\u2502      #0     \u2502                                                                                                                                       \u2502  i_brand_id \u2502\n\u2502      #1     \u2502                                                                                                                                       \u2502  i_class_id \u2502\n\u2502      #2     \u2502                                                                                                                                       \u2502i_category_id\u2502\n\u2502      #3     \u2502                                                                                                                                       \u2502i_manufact_id\u2502\n\u2502      #4     \u2502                                                                                                                                       \u2502  sales_cnt  \u2502\n\u2502      #5     \u2502                                                                                                                                       \u2502  sales_amt  \u2502\n\u2502      #6     \u2502                                                                                                                                       \u2502             \u2502\n\u2502             \u2502                                                                                                                                       \u2502             \u2502\n\u2502  5,293 rows \u2502                                                                                                                                       \u2502   914 rows  \u2502\n\u2502   (0.02s)   \u2502                                                                                                                                       \u2502   (0.00s)   \u2502\n\u2514\u2500\u2500\u2500\u2500\u2500\u2500\u252c\u2500\u2500\u2500\u2500\u2500\u2500\u2518                                                                                                                                       \u2514\u2500\u2500\u2500\u2500\u2500\u2500\u252c\u2500\u2500\u2500\u2500\u2500\u2500\u2518\n\u250c\u2500\u2500\u2500\u2500\u2500\u2500\u2534\u2500\u2500\u2500\u2500\u2500\u2500\u2510                                                                                                                                       \u250c\u2500\u2500\u2500\u2500\u2500\u2500\u2534\u2500\u2500\u2500\u2500\u2500\u2500\u2510\n\u2502    UNION    \u2502                                                                                                                                       \u2502  HASH_JOIN  \u2502\n\u2502    \u2500\u2500\u2500\u2500\u2500\u2500   \u2502                                                                                                                                       \u2502    \u2500\u2500\u2500\u2500\u2500\u2500   \u2502\n\u2502             \u2502                                                                                                                                       \u2502  Join Type: \u2502\n\u2502             \u2502                                                                                                                                       \u2502    INNER    \u2502\n\u2502             \u2502                                                                                                                                       \u2502             \u2502\n\u2502             \u2502                                                                                                                                       \u2502 Conditions: \u2502\n\u2502             \u251c\u2500\u2500\u2500\u2500\u2500\u2500\u2500\u2500\u2500\u2500\u2500\u2500\u2500\u2500\u2500\u2500\u2500\u2500\u2500\u2500\u2500\u2500\u2500\u2500\u2500\u2500\u2500\u2500\u2500\u2500\u2500\u2500\u2500\u2500\u2500\u2500\u2500\u2500\u2500\u2500\u2500\u2500\u2500\u2500\u2500\u2500\u2500\u2500\u2500\u2500\u2500\u2500\u2500\u2500\u2500\u2500\u2500\u2500\u2500\u2500\u2500\u2500\u2500\u2500\u2500\u2500\u2500\u2510                                                                   \u2502 d_date_sk = \u251c\u2500\u2500\u2500\u2500\u2500\u2500\u2500\u2510\n\u2502             \u2502                                                                   \u2502                                                                   \u2502 ws_sold_date\u2502       \u2502\n\u2502             \u2502                                                                   \u2502                                                                   \u2502     _sk     \u2502       \u2502\n\u2502             \u2502                                                                   \u2502                                                                   \u2502             \u2502       \u2502\n\u2502    0 rows   \u2502                                                                   \u2502                                                                   \u2502   914 rows  \u2502       \u2502\n\u2502   (0.00s)   \u2502                                                                   \u2502                                                                   \u2502   (0.01s)   \u2502       \u2502\n\u2514\u2500\u2500\u2500\u2500\u2500\u2500\u252c\u2500\u2500\u2500\u2500\u2500\u2500\u2518                                                                   \u2502                                                                   \u2514\u2500\u2500\u2500\u2500\u2500\u2500\u252c\u2500\u2500\u2500\u2500\u2500\u2500\u2518       \u2502\n\u250c\u2500\u2500\u2500\u2500\u2500\u2500\u2534\u2500\u2500\u2500\u2500\u2500\u2500\u2510                                                            \u250c\u2500\u2500\u2500\u2500\u2500\u2500\u2534\u2500\u2500\u2500\u2500\u2500\u2500\u2510                                                            \u250c\u2500\u2500\u2500\u2500\u2500\u2500\u2534\u2500\u2500\u2500\u2500\u2500\u2500\u2510\u250c\u2500\u2500\u2500\u2500\u2500\u2500\u2534\u2500\u2500\u2500\u2500\u2500\u2500\u2510\n\u2502  PROJECTION \u2502                                                            \u2502  PROJECTION \u2502                                                            \u2502  TABLE_SCAN \u2502\u2502  HASH_JOIN  \u2502\n\u2502    \u2500\u2500\u2500\u2500\u2500\u2500   \u2502                                                            \u2502    \u2500\u2500\u2500\u2500\u2500\u2500   \u2502                                                            \u2502    \u2500\u2500\u2500\u2500\u2500\u2500   \u2502\u2502    \u2500\u2500\u2500\u2500\u2500\u2500   \u2502\n\u2502    d_year   \u2502                                                            \u2502    d_year   \u2502                                                            \u2502    Table:   \u2502\u2502  Join Type: \u2502\n\u2502  i_brand_id \u2502                                                            \u2502  i_brand_id \u2502                                                            \u2502   date_dim  \u2502\u2502    INNER    \u2502\n\u2502  i_class_id \u2502                                                            \u2502  i_class_id \u2502                                                            \u2502             \u2502\u2502             \u2502\n\u2502i_category_id\u2502                                                            \u2502i_category_id\u2502                                                            \u2502    Type:    \u2502\u2502 Conditions: \u2502\n\u2502i_manufact_id\u2502                                                            \u2502i_manufact_id\u2502                                                            \u2502  Sequential \u2502\u2502 ws_item_sk =\u2502\n\u2502  sales_cnt  \u2502                                                            \u2502  sales_cnt  \u2502                                                            \u2502     Scan    \u2502\u2502  wr_item_sk \u2502\n\u2502  sales_amt  \u2502                                                            \u2502  sales_amt  \u2502                                                            \u2502             \u2502\u2502ws_order_numb\u2502\n\u2502             \u2502                                                            \u2502             \u2502                                                            \u2502 Projections:\u2502\u2502er = wr_order\u2502\n\u2502             \u2502                                                            \u2502             \u2502                                                            \u2502  d_date_sk  \u2502\u2502   _number   \u251c\u2500\u2500\u2500\u2500\u2500\u2500\u2500\u2510\n\u2502             \u2502                                                            \u2502             \u2502                                                            \u2502    d_year   \u2502\u2502             \u2502       \u2502\n\u2502             \u2502                                                            \u2502             \u2502                                                            \u2502             \u2502\u2502             \u2502       \u2502\n\u2502             \u2502                                                            \u2502             \u2502                                                            \u2502   Filters:  \u2502\u2502             \u2502       \u2502\n\u2502             \u2502                                                            \u2502             \u2502                                                            \u2502  d_date_sk> \u2502\u2502             \u2502       \u2502\n\u2502             \u2502                                                            \u2502             \u2502                                                            \u2502 =2450816 AND\u2502\u2502             \u2502       \u2502\n\u2502             \u2502                                                            \u2502             \u2502                                                            \u2502  d_date_sk< \u2502\u2502             \u2502       \u2502\n\u2502             \u2502                                                            \u2502             \u2502                                                            \u2502   =2452642  \u2502\u2502             \u2502       \u2502\n\u2502             \u2502                                                            \u2502             \u2502                                                            \u2502             \u2502\u2502             \u2502       \u2502\n\u2502  1,929 rows \u2502                                                            \u2502  3,365 rows \u2502                                                            \u2502  1,826 rows \u2502\u2502   914 rows  \u2502       \u2502\n\u2502   (0.00s)   \u2502                                                            \u2502   (0.00s)   \u2502                                                            \u2502   (0.00s)   \u2502\u2502   (0.03s)   \u2502       \u2502\n\u2514\u2500\u2500\u2500\u2500\u2500\u2500\u252c\u2500\u2500\u2500\u2500\u2500\u2500\u2518                                                            \u2514\u2500\u2500\u2500\u2500\u2500\u2500\u252c\u2500\u2500\u2500\u2500\u2500\u2500\u2518                                                            \u2514\u2500\u2500\u2500\u2500\u2500\u2500\u2500\u2500\u2500\u2500\u2500\u2500\u2500\u2518\u2514\u2500\u2500\u2500\u2500\u2500\u2500\u252c\u2500\u2500\u2500\u2500\u2500\u2500\u2518       \u2502\n\u250c\u2500\u2500\u2500\u2500\u2500\u2500\u2534\u2500\u2500\u2500\u2500\u2500\u2500\u2510                                                            \u250c\u2500\u2500\u2500\u2500\u2500\u2500\u2534\u2500\u2500\u2500\u2500\u2500\u2500\u2510                                                                           \u250c\u2500\u2500\u2500\u2500\u2500\u2500\u2534\u2500\u2500\u2500\u2500\u2500\u2500\u2510\u250c\u2500\u2500\u2500\u2500\u2500\u2500\u2534\u2500\u2500\u2500\u2500\u2500\u2500\u2510\n\u2502  HASH_JOIN  \u2502                                                            \u2502  HASH_JOIN  \u2502                                                                           \u2502  PROJECTION \u2502\u2502  HASH_JOIN  \u2502\n\u2502    \u2500\u2500\u2500\u2500\u2500\u2500   \u2502                                                            \u2502    \u2500\u2500\u2500\u2500\u2500\u2500   \u2502                                                                           \u2502    \u2500\u2500\u2500\u2500\u2500\u2500   \u2502\u2502    \u2500\u2500\u2500\u2500\u2500\u2500   \u2502\n\u2502  Join Type: \u2502                                                            \u2502  Join Type: \u2502                                                                           \u2502      #0     \u2502\u2502  Join Type: \u2502\n\u2502    INNER    \u2502                                                            \u2502    INNER    \u2502                                                                           \u2502      #1     \u2502\u2502    INNER    \u2502\n\u2502             \u2502                                                            \u2502             \u2502                                                                           \u2502      #2     \u2502\u2502             \u2502\n\u2502 Conditions: \u2502                                                            \u2502 Conditions: \u2502                                                                           \u2502      #5     \u2502\u2502 Conditions: \u2502\n\u2502cs_sold_date_\u251c\u2500\u2500\u2500\u2500\u2500\u2500\u2500\u2500\u2500\u2500\u2500\u2500\u2500\u2500\u2500\u2500\u2500\u2500\u2500\u2500\u2500\u2500\u2500\u2500\u2500\u2500\u2500\u2500\u2500\u2500\u2500\u2500\u2500\u2500\u2500\u2500\u2500\u2500\u2500\u2500\u2500\u2500\u2500\u2500\u2500\u2500\u2500\u2500\u2500\u2500\u2500\u2500\u2510       \u2502ss_sold_date_\u251c\u2500\u2500\u2500\u2500\u2500\u2500\u2500\u2500\u2500\u2500\u2500\u2500\u2500\u2500\u2500\u2500\u2500\u2500\u2500\u2500\u2500\u2500\u2500\u2500\u2500\u2500\u2500\u2500\u2500\u2500\u2500\u2500\u2500\u2500\u2500\u2500\u2500\u2500\u2500\u2500\u2500\u2500\u2500\u2500\u2500\u2500\u2500\u2500\u2500\u2500\u2500\u2500\u2510                      \u2502      #6     \u2502\u2502 wr_item_sk =\u251c\u2500\u2500\u2500\u2500\u2500\u2500\u2500\u2500\u2500\u2500\u2500\u2500\u2500\u2500\u2500\u2500\u2500\u2500\u2500\u2500\u2500\u2500\u2510\n\u2502sk = d_date_s\u2502                                                    \u2502       \u2502sk = d_date_s\u2502                                                    \u2502                      \u2502             \u2502\u2502   i_item_sk \u2502                      \u2502\n\u2502      k      \u2502                                                    \u2502       \u2502      k      \u2502                                                    \u2502                      \u2502             \u2502\u2502             \u2502                      \u2502\n\u2502             \u2502                                                    \u2502       \u2502             \u2502                                                    \u2502                      \u2502             \u2502\u2502             \u2502                      \u2502\n\u2502  1,929 rows \u2502                                                    \u2502       \u2502  3,365 rows \u2502                                                    \u2502                      \u25021,422,94...  \u2502\u2502  4,516 rows \u2502                      \u2502\n\u2502   (0.00s)   \u2502                                                    \u2502       \u2502   (0.00s)   \u2502                                                    \u2502                      \u2502   (0.00s)   \u2502\u2502   (0.00s)   \u2502                      \u2502\n\u2514\u2500\u2500\u2500\u2500\u2500\u2500\u252c\u2500\u2500\u2500\u2500\u2500\u2500\u2518                                                    \u2502       \u2514\u2500\u2500\u2500\u2500\u2500\u2500\u252c\u2500\u2500\u2500\u2500\u2500\u2500\u2518                                                    \u2502                      \u2514\u2500\u2500\u2500\u2500\u2500\u2500\u252c\u2500\u2500\u2500\u2500\u2500\u2500\u2518\u2514\u2500\u2500\u2500\u2500\u2500\u2500\u252c\u2500\u2500\u2500\u2500\u2500\u2500\u2518                      \u2502\n\u250c\u2500\u2500\u2500\u2500\u2500\u2500\u2534\u2500\u2500\u2500\u2500\u2500\u2500\u2510                                             \u250c\u2500\u2500\u2500\u2500\u2500\u2500\u2534\u2500\u2500\u2500\u2500\u2500\u2500\u2510\u250c\u2500\u2500\u2500\u2500\u2500\u2500\u2534\u2500\u2500\u2500\u2500\u2500\u2500\u2510                                             \u250c\u2500\u2500\u2500\u2500\u2500\u2500\u2534\u2500\u2500\u2500\u2500\u2500\u2500\u2510               \u250c\u2500\u2500\u2500\u2500\u2500\u2500\u2534\u2500\u2500\u2500\u2500\u2500\u2500\u2510\u250c\u2500\u2500\u2500\u2500\u2500\u2500\u2534\u2500\u2500\u2500\u2500\u2500\u2500\u2510               \u250c\u2500\u2500\u2500\u2500\u2500\u2500\u2534\u2500\u2500\u2500\u2500\u2500\u2500\u2510\n\u2502  HASH_JOIN  \u2502                                             \u2502  TABLE_SCAN \u2502\u2502  HASH_JOIN  \u2502                                             \u2502  TABLE_SCAN \u2502               \u2502    FILTER   \u2502\u2502  PROJECTION \u2502               \u2502  TABLE_SCAN \u2502\n\u2502    \u2500\u2500\u2500\u2500\u2500\u2500   \u2502                                             \u2502    \u2500\u2500\u2500\u2500\u2500\u2500   \u2502\u2502    \u2500\u2500\u2500\u2500\u2500\u2500   \u2502                                             \u2502    \u2500\u2500\u2500\u2500\u2500\u2500   \u2502               \u2502    \u2500\u2500\u2500\u2500\u2500\u2500   \u2502\u2502    \u2500\u2500\u2500\u2500\u2500\u2500   \u2502               \u2502    \u2500\u2500\u2500\u2500\u2500\u2500   \u2502\n\u2502  Join Type: \u2502                                             \u2502    Table:   \u2502\u2502  Join Type: \u2502                                             \u2502    Table:   \u2502               \u2502((CAST(ws_sal\u2502\u2502      #0     \u2502               \u2502    Table:   \u2502\n\u2502    INNER    \u2502                                             \u2502   date_dim  \u2502\u2502    INNER    \u2502                                             \u2502   date_dim  \u2502               \u2502 es_price AS \u2502\u2502      #1     \u2502               \u2502     item    \u2502\n\u2502             \u2502                                             \u2502             \u2502\u2502             \u2502                                             \u2502             \u2502               \u2502   DOUBLE) / \u2502\u2502      #2     \u2502               \u2502             \u2502\n\u2502 Conditions: \u2502                                             \u2502    Type:    \u2502\u2502 Conditions: \u2502                                             \u2502    Type:    \u2502               \u2502 CAST(ws_list\u2502\u2502      #3     \u2502               \u2502    Type:    \u2502\n\u2502 cs_item_sk =\u2502                                             \u2502  Sequential \u2502\u2502 ss_item_sk =\u2502                                             \u2502  Sequential \u2502               \u2502  _price AS  \u2502\u2502             \u2502               \u2502  Sequential \u2502\n\u2502  cr_item_sk \u2502                                             \u2502     Scan    \u2502\u2502  sr_item_sk \u2502                                             \u2502     Scan    \u2502               \u2502   DOUBLE))  \u2502\u2502             \u2502               \u2502     Scan    \u2502\n\u2502cs_order_numb\u2502                                             \u2502             \u2502\u2502ss_ticket_num\u2502                                             \u2502             \u2502               \u2502   BETWEEN 0 \u2502\u2502             \u2502               \u2502             \u2502\n\u2502er = cr_order\u2502                                             \u2502 Projections:\u2502\u2502ber = sr_tick\u2502                                             \u2502 Projections:\u2502               \u2502.34 AND 0.54)\u2502\u2502             \u2502               \u2502 Projections:\u2502\n\u2502   _number   \u2502                                             \u2502  d_date_sk  \u2502\u2502  et_number  \u2502                                             \u2502  d_date_sk  \u2502               \u2502             \u2502\u2502             \u2502               \u2502  i_item_sk  \u2502\n\u2502             \u251c\u2500\u2500\u2500\u2500\u2500\u2500\u2500\u2510                                     \u2502    d_year   \u2502\u2502             \u251c\u2500\u2500\u2500\u2500\u2500\u2500\u2500\u2510                                     \u2502    d_year   \u2502               \u2502             \u2502\u2502             \u2502               \u2502  i_brand_id \u2502\n\u2502             \u2502       \u2502                                     \u2502             \u2502\u2502             \u2502       \u2502                                     \u2502             \u2502               \u2502             \u2502\u2502             \u2502               \u2502  i_class_id \u2502\n\u2502             \u2502       \u2502                                     \u2502   Filters:  \u2502\u2502             \u2502       \u2502                                     \u2502   Filters:  \u2502               \u2502             \u2502\u2502             \u2502               \u2502i_category_id\u2502\n\u2502             \u2502       \u2502                                     \u2502  d_date_sk> \u2502\u2502             \u2502       \u2502                                     \u2502  d_date_sk> \u2502               \u2502             \u2502\u2502             \u2502               \u2502i_manufact_id\u2502\n\u2502             \u2502       \u2502                                     \u2502 =2450815 AND\u2502\u2502             \u2502       \u2502                                     \u2502 =2450816 AND\u2502               \u2502             \u2502\u2502             \u2502               \u2502             \u2502\n\u2502             \u2502       \u2502                                     \u2502  d_date_sk< \u2502\u2502             \u2502       \u2502                                     \u2502  d_date_sk< \u2502               \u2502             \u2502\u2502             \u2502               \u2502   Filters:  \u2502\n\u2502             \u2502       \u2502                                     \u2502   =2452653  \u2502\u2502             \u2502       \u2502                                     \u2502   =2452642  \u2502               \u2502             \u2502\u2502             \u2502               \u2502 i_category= \u2502\n\u2502             \u2502       \u2502                                     \u2502             \u2502\u2502             \u2502       \u2502                                     \u2502             \u2502               \u2502             \u2502\u2502             \u2502               \u2502    'Home'   \u2502\n\u2502             \u2502       \u2502                                     \u2502             \u2502\u2502             \u2502       \u2502                                     \u2502             \u2502               \u2502             \u2502\u2502             \u2502               \u2502             \u2502\n\u2502  1,929 rows \u2502       \u2502                                     \u2502  1,839 rows \u2502\u2502  3,365 rows \u2502       \u2502                                     \u2502  1,827 rows \u2502               \u25021,422,94...  \u2502\u2502 45,607 rows \u2502               \u2502 10,205 rows \u2502\n\u2502   (0.06s)   \u2502       \u2502                                     \u2502   (0.00s)   \u2502\u2502   (0.11s)   \u2502       \u2502                                     \u2502   (0.00s)   \u2502               \u2502   (0.23s)   \u2502\u2502   (0.00s)   \u2502               \u2502   (0.00s)   \u2502\n\u2514\u2500\u2500\u2500\u2500\u2500\u2500\u252c\u2500\u2500\u2500\u2500\u2500\u2500\u2518       \u2502                                     \u2514\u2500\u2500\u2500\u2500\u2500\u2500\u2500\u2500\u2500\u2500\u2500\u2500\u2500\u2518\u2514\u2500\u2500\u2500\u2500\u2500\u2500\u252c\u2500\u2500\u2500\u2500\u2500\u2500\u2518       \u2502                                     \u2514\u2500\u2500\u2500\u2500\u2500\u2500\u2500\u2500\u2500\u2500\u2500\u2500\u2500\u2518               \u2514\u2500\u2500\u2500\u2500\u2500\u2500\u252c\u2500\u2500\u2500\u2500\u2500\u2500\u2518\u2514\u2500\u2500\u2500\u2500\u2500\u2500\u252c\u2500\u2500\u2500\u2500\u2500\u2500\u2518               \u2514\u2500\u2500\u2500\u2500\u2500\u2500\u2500\u2500\u2500\u2500\u2500\u2500\u2500\u2518\n\u250c\u2500\u2500\u2500\u2500\u2500\u2500\u2534\u2500\u2500\u2500\u2500\u2500\u2500\u2510\u250c\u2500\u2500\u2500\u2500\u2500\u2500\u2534\u2500\u2500\u2500\u2500\u2500\u2500\u2510                                             \u250c\u2500\u2500\u2500\u2500\u2500\u2500\u2534\u2500\u2500\u2500\u2500\u2500\u2500\u2510\u250c\u2500\u2500\u2500\u2500\u2500\u2500\u2534\u2500\u2500\u2500\u2500\u2500\u2500\u2510                                                            \u250c\u2500\u2500\u2500\u2500\u2500\u2500\u2534\u2500\u2500\u2500\u2500\u2500\u2500\u2510\u250c\u2500\u2500\u2500\u2500\u2500\u2500\u2534\u2500\u2500\u2500\u2500\u2500\u2500\u2510\n\u2502    FILTER   \u2502\u2502  HASH_JOIN  \u2502                                             \u2502    FILTER   \u2502\u2502  HASH_JOIN  \u2502                                                            \u2502  TABLE_SCAN \u2502\u2502    FILTER   \u2502\n\u2502    \u2500\u2500\u2500\u2500\u2500\u2500   \u2502\u2502    \u2500\u2500\u2500\u2500\u2500\u2500   \u2502                                             \u2502    \u2500\u2500\u2500\u2500\u2500\u2500   \u2502\u2502    \u2500\u2500\u2500\u2500\u2500\u2500   \u2502                                                            \u2502    \u2500\u2500\u2500\u2500\u2500\u2500   \u2502\u2502    \u2500\u2500\u2500\u2500\u2500\u2500   \u2502\n\u2502(cs_order_num\u2502\u2502  Join Type: \u2502                                             \u2502(ss_ticket_nu\u2502\u2502  Join Type: \u2502                                                            \u2502    Table:   \u2502\u2502   IN (...)  \u2502\n\u2502  ber >= 2)  \u2502\u2502    INNER    \u2502                                             \u2502mber <= 23999\u2502\u2502    INNER    \u2502                                                            \u2502  web_sales  \u2502\u2502             \u2502\n\u2502             \u2502\u2502             \u2502                                             \u2502     99)     \u2502\u2502             \u2502                                                            \u2502             \u2502\u2502             \u2502\n\u2502             \u2502\u2502 Conditions: \u2502                                             \u2502             \u2502\u2502 Conditions: \u2502                                                            \u2502    Type:    \u2502\u2502             \u2502\n\u2502             \u2502\u2502 cr_item_sk =\u2502                                             \u2502             \u2502\u2502 sr_item_sk =\u2502                                                            \u2502  Sequential \u2502\u2502             \u2502\n\u2502             \u2502\u2502   i_item_sk \u2502                                             \u2502             \u2502\u2502   i_item_sk \u2502                                                            \u2502     Scan    \u2502\u2502             \u2502\n\u2502             \u2502\u2502             \u2502                                             \u2502             \u2502\u2502             \u2502                                                            \u2502             \u2502\u2502             \u2502\n\u2502             \u2502\u2502             \u2502                                             \u2502             \u2502\u2502             \u2502                                                            \u2502 Projections:\u2502\u2502             \u2502\n\u2502             \u2502\u2502             \u2502                                             \u2502             \u2502\u2502             \u2502                                                            \u2502  ws_item_sk \u2502\u2502             \u2502\n\u2502             \u2502\u2502             \u2502                                             \u2502             \u2502\u2502             \u2502                                                            \u2502ws_sold_date_\u2502\u2502             \u2502\n\u2502             \u2502\u2502             \u251c\u2500\u2500\u2500\u2500\u2500\u2500\u2500\u2500\u2500\u2500\u2500\u2500\u2500\u2500\u2500\u2500\u2500\u2500\u2500\u2500\u2500\u2500\u2510                      \u2502             \u2502\u2502             \u251c\u2500\u2500\u2500\u2500\u2500\u2500\u2500\u2500\u2500\u2500\u2500\u2500\u2500\u2500\u2500\u2500\u2500\u2500\u2500\u2500\u2500\u2500\u2510                                     \u2502      sk     \u2502\u2502             \u2502\n\u2502             \u2502\u2502             \u2502                      \u2502                      \u2502             \u2502\u2502             \u2502                      \u2502                                     \u2502ws_order_numb\u2502\u2502             \u2502\n\u2502             \u2502\u2502             \u2502                      \u2502                      \u2502             \u2502\u2502             \u2502                      \u2502                                     \u2502      er     \u2502\u2502             \u2502\n\u2502             \u2502\u2502             \u2502                      \u2502                      \u2502             \u2502\u2502             \u2502                      \u2502                                     \u2502ws_sales_pric\u2502\u2502             \u2502\n\u2502             \u2502\u2502             \u2502                      \u2502                      \u2502             \u2502\u2502             \u2502                      \u2502                                     \u2502      e      \u2502\u2502             \u2502\n\u2502             \u2502\u2502             \u2502                      \u2502                      \u2502             \u2502\u2502             \u2502                      \u2502                                     \u2502ws_list_price\u2502\u2502             \u2502\n\u2502             \u2502\u2502             \u2502                      \u2502                      \u2502             \u2502\u2502             \u2502                      \u2502                                     \u2502 ws_quantity \u2502\u2502             \u2502\n\u2502             \u2502\u2502             \u2502                      \u2502                      \u2502             \u2502\u2502             \u2502                      \u2502                                     \u2502ws_ext_sales_\u2502\u2502             \u2502\n\u2502             \u2502\u2502             \u2502                      \u2502                      \u2502             \u2502\u2502             \u2502                      \u2502                                     \u2502    price    \u2502\u2502             \u2502\n\u2502             \u2502\u2502             \u2502                      \u2502                      \u2502             \u2502\u2502             \u2502                      \u2502                                     \u2502             \u2502\u2502             \u2502\n\u25022,829,30...  \u2502\u2502  9,485 rows \u2502                      \u2502                      \u25025,256,24...  \u2502\u2502 18,270 rows \u2502                      \u2502                                     \u25027,182,10...  \u2502\u2502 45,607 rows \u2502\n\u2502   (0.01s)   \u2502\u2502   (0.00s)   \u2502                      \u2502                      \u2502   (0.02s)   \u2502\u2502   (0.01s)   \u2502                      \u2502                                     \u2502   (0.08s)   \u2502\u2502   (0.00s)   \u2502\n\u2514\u2500\u2500\u2500\u2500\u2500\u2500\u252c\u2500\u2500\u2500\u2500\u2500\u2500\u2518\u2514\u2500\u2500\u2500\u2500\u2500\u2500\u252c\u2500\u2500\u2500\u2500\u2500\u2500\u2518                      \u2502                      \u2514\u2500\u2500\u2500\u2500\u2500\u2500\u252c\u2500\u2500\u2500\u2500\u2500\u2500\u2518\u2514\u2500\u2500\u2500\u2500\u2500\u2500\u252c\u2500\u2500\u2500\u2500\u2500\u2500\u2518                      \u2502                                     \u2514\u2500\u2500\u2500\u2500\u2500\u2500\u2500\u2500\u2500\u2500\u2500\u2500\u2500\u2518\u2514\u2500\u2500\u2500\u2500\u2500\u2500\u252c\u2500\u2500\u2500\u2500\u2500\u2500\u2518\n\u250c\u2500\u2500\u2500\u2500\u2500\u2500\u2534\u2500\u2500\u2500\u2500\u2500\u2500\u2510\u250c\u2500\u2500\u2500\u2500\u2500\u2500\u2534\u2500\u2500\u2500\u2500\u2500\u2500\u2510               \u250c\u2500\u2500\u2500\u2500\u2500\u2500\u2534\u2500\u2500\u2500\u2500\u2500\u2500\u2510               \u250c\u2500\u2500\u2500\u2500\u2500\u2500\u2534\u2500\u2500\u2500\u2500\u2500\u2500\u2510\u250c\u2500\u2500\u2500\u2500\u2500\u2500\u2534\u2500\u2500\u2500\u2500\u2500\u2500\u2510               \u250c\u2500\u2500\u2500\u2500\u2500\u2500\u2534\u2500\u2500\u2500\u2500\u2500\u2500\u2510                                             \u250c\u2500\u2500\u2500\u2500\u2500\u2500\u2534\u2500\u2500\u2500\u2500\u2500\u2500\u2510\n\u2502  PROJECTION \u2502\u2502  PROJECTION \u2502               \u2502  TABLE_SCAN \u2502               \u2502  PROJECTION \u2502\u2502  PROJECTION \u2502               \u2502  TABLE_SCAN \u2502                                             \u2502  HASH_JOIN  \u2502\n\u2502    \u2500\u2500\u2500\u2500\u2500\u2500   \u2502\u2502    \u2500\u2500\u2500\u2500\u2500\u2500   \u2502               \u2502    \u2500\u2500\u2500\u2500\u2500\u2500   \u2502               \u2502    \u2500\u2500\u2500\u2500\u2500\u2500   \u2502\u2502    \u2500\u2500\u2500\u2500\u2500\u2500   \u2502               \u2502    \u2500\u2500\u2500\u2500\u2500\u2500   \u2502                                             \u2502    \u2500\u2500\u2500\u2500\u2500\u2500   \u2502\n\u2502      #0     \u2502\u2502      #0     \u2502               \u2502    Table:   \u2502               \u2502      #0     \u2502\u2502      #0     \u2502               \u2502    Table:   \u2502                                             \u2502  Join Type: \u2502\n\u2502      #1     \u2502\u2502      #1     \u2502               \u2502     item    \u2502               \u2502      #1     \u2502\u2502      #1     \u2502               \u2502     item    \u2502                                             \u2502     MARK    \u2502\n\u2502      #2     \u2502\u2502      #2     \u2502               \u2502             \u2502               \u2502      #2     \u2502\u2502      #2     \u2502               \u2502             \u2502                                             \u2502             \u2502\n\u2502      #5     \u2502\u2502      #3     \u2502               \u2502    Type:    \u2502               \u2502      #5     \u2502\u2502      #3     \u2502               \u2502    Type:    \u2502                                             \u2502 Conditions: \u2502\n\u2502      #6     \u2502\u2502             \u2502               \u2502  Sequential \u2502               \u2502      #6     \u2502\u2502             \u2502               \u2502  Sequential \u2502                                             \u2502 wr_reason_sk\u2502\n\u2502             \u2502\u2502             \u2502               \u2502     Scan    \u2502               \u2502             \u2502\u2502             \u2502               \u2502     Scan    \u2502                                             \u2502     = #0    \u2502\n\u2502             \u2502\u2502             \u2502               \u2502             \u2502               \u2502             \u2502\u2502             \u2502               \u2502             \u2502                                             \u2502             \u2502\n\u2502             \u2502\u2502             \u2502               \u2502 Projections:\u2502               \u2502             \u2502\u2502             \u2502               \u2502 Projections:\u2502                                             \u2502             \u2502\n\u2502             \u2502\u2502             \u2502               \u2502  i_item_sk  \u2502               \u2502             \u2502\u2502             \u2502               \u2502  i_item_sk  \u2502                                             \u2502             \u2502\n\u2502             \u2502\u2502             \u2502               \u2502  i_brand_id \u2502               \u2502             \u2502\u2502             \u2502               \u2502  i_brand_id \u2502                                             \u2502             \u251c\u2500\u2500\u2500\u2500\u2500\u2500\u2500\u2510\n\u2502             \u2502\u2502             \u2502               \u2502  i_class_id \u2502               \u2502             \u2502\u2502             \u2502               \u2502  i_class_id \u2502                                             \u2502             \u2502       \u2502\n\u2502             \u2502\u2502             \u2502               \u2502i_category_id\u2502               \u2502             \u2502\u2502             \u2502               \u2502i_category_id\u2502                                             \u2502             \u2502       \u2502\n\u2502             \u2502\u2502             \u2502               \u2502i_manufact_id\u2502               \u2502             \u2502\u2502             \u2502               \u2502i_manufact_id\u2502                                             \u2502             \u2502       \u2502\n\u2502             \u2502\u2502             \u2502               \u2502             \u2502               \u2502             \u2502\u2502             \u2502               \u2502             \u2502                                             \u2502             \u2502       \u2502\n\u2502             \u2502\u2502             \u2502               \u2502   Filters:  \u2502               \u2502             \u2502\u2502             \u2502               \u2502   Filters:  \u2502                                             \u2502             \u2502       \u2502\n\u2502             \u2502\u2502             \u2502               \u2502 i_category= \u2502               \u2502             \u2502\u2502             \u2502               \u2502 i_category= \u2502                                             \u2502             \u2502       \u2502\n\u2502             \u2502\u2502             \u2502               \u2502    'Home'   \u2502               \u2502             \u2502\u2502             \u2502               \u2502    'Home'   \u2502                                             \u2502             \u2502       \u2502\n\u2502             \u2502\u2502             \u2502               \u2502             \u2502               \u2502             \u2502\u2502             \u2502               \u2502             \u2502                                             \u2502             \u2502       \u2502\n\u25022,829,30...  \u2502\u2502 94,556 rows \u2502               \u2502 10,205 rows \u2502               \u25025,256,24...  \u2502\u2502 185,045 rows\u2502               \u2502 10,205 rows \u2502                                             \u2502 719,195 rows\u2502       \u2502\n\u2502   (0.00s)   \u2502\u2502   (0.00s)   \u2502               \u2502   (0.00s)   \u2502               \u2502   (0.01s)   \u2502\u2502   (0.00s)   \u2502               \u2502   (0.00s)   \u2502                                             \u2502   (0.00s)   \u2502       \u2502\n\u2514\u2500\u2500\u2500\u2500\u2500\u2500\u252c\u2500\u2500\u2500\u2500\u2500\u2500\u2518\u2514\u2500\u2500\u2500\u2500\u2500\u2500\u252c\u2500\u2500\u2500\u2500\u2500\u2500\u2518               \u2514\u2500\u2500\u2500\u2500\u2500\u2500\u2500\u2500\u2500\u2500\u2500\u2500\u2500\u2518               \u2514\u2500\u2500\u2500\u2500\u2500\u2500\u252c\u2500\u2500\u2500\u2500\u2500\u2500\u2518\u2514\u2500\u2500\u2500\u2500\u2500\u2500\u252c\u2500\u2500\u2500\u2500\u2500\u2500\u2518               \u2514\u2500\u2500\u2500\u2500\u2500\u2500\u2500\u2500\u2500\u2500\u2500\u2500\u2500\u2518                                             \u2514\u2500\u2500\u2500\u2500\u2500\u2500\u252c\u2500\u2500\u2500\u2500\u2500\u2500\u2518       \u2502\n\u250c\u2500\u2500\u2500\u2500\u2500\u2500\u2534\u2500\u2500\u2500\u2500\u2500\u2500\u2510\u250c\u2500\u2500\u2500\u2500\u2500\u2500\u2534\u2500\u2500\u2500\u2500\u2500\u2500\u2510                                             \u250c\u2500\u2500\u2500\u2500\u2500\u2500\u2534\u2500\u2500\u2500\u2500\u2500\u2500\u2510\u250c\u2500\u2500\u2500\u2500\u2500\u2500\u2534\u2500\u2500\u2500\u2500\u2500\u2500\u2510                                                                           \u250c\u2500\u2500\u2500\u2500\u2500\u2500\u2534\u2500\u2500\u2500\u2500\u2500\u2500\u2510\u250c\u2500\u2500\u2500\u2500\u2500\u2500\u2534\u2500\u2500\u2500\u2500\u2500\u2500\u2510\n\u2502    FILTER   \u2502\u2502    FILTER   \u2502                                             \u2502    FILTER   \u2502\u2502    FILTER   \u2502                                                                           \u2502  TABLE_SCAN \u2502\u2502COLUMN_D...  \u2502\n\u2502    \u2500\u2500\u2500\u2500\u2500\u2500   \u2502\u2502    \u2500\u2500\u2500\u2500\u2500\u2500   \u2502                                             \u2502    \u2500\u2500\u2500\u2500\u2500\u2500   \u2502\u2502    \u2500\u2500\u2500\u2500\u2500\u2500   \u2502                                                                           \u2502    \u2500\u2500\u2500\u2500\u2500\u2500   \u2502\u2502             \u2502\n\u2502((CAST(cs_sal\u2502\u2502   IN (...)  \u2502                                             \u2502((CAST(ss_sal\u2502\u2502   IN (...)  \u2502                                                                           \u2502    Table:   \u2502\u2502             \u2502\n\u2502 es_price AS \u2502\u2502             \u2502                                             \u2502 es_price AS \u2502\u2502             \u2502                                                                           \u2502 web_returns \u2502\u2502             \u2502\n\u2502   DOUBLE) / \u2502\u2502             \u2502                                             \u2502   DOUBLE) / \u2502\u2502             \u2502                                                                           \u2502             \u2502\u2502             \u2502\n\u2502 CAST(cs_list\u2502\u2502             \u2502                                             \u2502 CAST(ss_list\u2502\u2502             \u2502                                                                           \u2502    Type:    \u2502\u2502             \u2502\n\u2502  _price AS  \u2502\u2502             \u2502                                             \u2502  _price AS  \u2502\u2502             \u2502                                                                           \u2502  Sequential \u2502\u2502             \u2502\n\u2502   DOUBLE))  \u2502\u2502             \u2502                                             \u2502   DOUBLE))  \u2502\u2502             \u2502                                                                           \u2502     Scan    \u2502\u2502             \u2502\n\u2502   BETWEEN 0 \u2502\u2502             \u2502                                             \u2502   BETWEEN 0 \u2502\u2502             \u2502                                                                           \u2502             \u2502\u2502             \u2502\n\u2502.34 AND 0.54)\u2502\u2502             \u2502                                             \u2502.34 AND 0.54)\u2502\u2502             \u2502                                                                           \u2502 Projections:\u2502\u2502             \u2502\n\u2502             \u2502\u2502             \u2502                                             \u2502             \u2502\u2502             \u2502                                                                           \u2502wr_order_numb\u2502\u2502             \u2502\n\u2502             \u2502\u2502             \u2502                                             \u2502             \u2502\u2502             \u2502                                                                           \u2502      er     \u2502\u2502             \u2502\n\u2502             \u2502\u2502             \u2502                                             \u2502             \u2502\u2502             \u2502                                                                           \u2502  wr_item_sk \u2502\u2502             \u2502\n\u2502             \u2502\u2502             \u2502                                             \u2502             \u2502\u2502             \u2502                                                                           \u2502 wr_reason_sk\u2502\u2502             \u2502\n\u2502             \u2502\u2502             \u2502                                             \u2502             \u2502\u2502             \u2502                                                                           \u2502wr_return_qua\u2502\u2502             \u2502\n\u2502             \u2502\u2502             \u2502                                             \u2502             \u2502\u2502             \u2502                                                                           \u2502    ntity    \u2502\u2502             \u2502\n\u2502             \u2502\u2502             \u2502                                             \u2502             \u2502\u2502             \u2502                                                                           \u2502wr_return_amt\u2502\u2502             \u2502\n\u2502             \u2502\u2502             \u2502                                             \u2502             \u2502\u2502             \u2502                                                                           \u2502             \u2502\u2502             \u2502\n\u2502             \u2502\u2502             \u2502                                             \u2502             \u2502\u2502             \u2502                                                                           \u2502   Filters:  \u2502\u2502             \u2502\n\u2502             \u2502\u2502             \u2502                                             \u2502             \u2502\u2502             \u2502                                                                           \u2502  optional:  \u2502\u2502             \u2502\n\u2502             \u2502\u2502             \u2502                                             \u2502             \u2502\u2502             \u2502                                                                           \u2502 wr_reason_sk\u2502\u2502             \u2502\n\u2502             \u2502\u2502             \u2502                                             \u2502             \u2502\u2502             \u2502                                                                           \u2502  IN (7, 25, \u2502\u2502             \u2502\n\u2502             \u2502\u2502             \u2502                                             \u2502             \u2502\u2502             \u2502                                                                           \u2502  26, 52, 69)\u2502\u2502             \u2502\n\u2502             \u2502\u2502             \u2502                                             \u2502             \u2502\u2502             \u2502                                                                           \u2502             \u2502\u2502             \u2502\n\u25022,829,30...  \u2502\u2502 94,556 rows \u2502                                             \u25025,256,24...  \u2502\u2502 185,045 rows\u2502                                                                           \u2502 719,195 rows\u2502\u2502    5 rows   \u2502\n\u2502   (0.53s)   \u2502\u2502   (0.00s)   \u2502                                             \u2502   (0.99s)   \u2502\u2502   (0.01s)   \u2502                                                                           \u2502   (0.00s)   \u2502\u2502   (0.00s)   \u2502\n\u2514\u2500\u2500\u2500\u2500\u2500\u2500\u252c\u2500\u2500\u2500\u2500\u2500\u2500\u2518\u2514\u2500\u2500\u2500\u2500\u2500\u2500\u252c\u2500\u2500\u2500\u2500\u2500\u2500\u2518                                             \u2514\u2500\u2500\u2500\u2500\u2500\u2500\u252c\u2500\u2500\u2500\u2500\u2500\u2500\u2518\u2514\u2500\u2500\u2500\u2500\u2500\u2500\u252c\u2500\u2500\u2500\u2500\u2500\u2500\u2518                                                                           \u2514\u2500\u2500\u2500\u2500\u2500\u2500\u2500\u2500\u2500\u2500\u2500\u2500\u2500\u2518\u2514\u2500\u2500\u2500\u2500\u2500\u2500\u2500\u2500\u2500\u2500\u2500\u2500\u2500\u2518\n\u250c\u2500\u2500\u2500\u2500\u2500\u2500\u2534\u2500\u2500\u2500\u2500\u2500\u2500\u2510\u250c\u2500\u2500\u2500\u2500\u2500\u2500\u2534\u2500\u2500\u2500\u2500\u2500\u2500\u2510                                             \u250c\u2500\u2500\u2500\u2500\u2500\u2500\u2534\u2500\u2500\u2500\u2500\u2500\u2500\u2510\u250c\u2500\u2500\u2500\u2500\u2500\u2500\u2534\u2500\u2500\u2500\u2500\u2500\u2500\u2510\n\u2502  TABLE_SCAN \u2502\u2502  HASH_JOIN  \u2502                                             \u2502  TABLE_SCAN \u2502\u2502  HASH_JOIN  \u2502\n\u2502    \u2500\u2500\u2500\u2500\u2500\u2500   \u2502\u2502    \u2500\u2500\u2500\u2500\u2500\u2500   \u2502                                             \u2502    \u2500\u2500\u2500\u2500\u2500\u2500   \u2502\u2502    \u2500\u2500\u2500\u2500\u2500\u2500   \u2502\n\u2502    Table:   \u2502\u2502  Join Type: \u2502                                             \u2502    Table:   \u2502\u2502  Join Type: \u2502\n\u2502catalog_sales\u2502\u2502     MARK    \u2502                                             \u2502 store_sales \u2502\u2502     MARK    \u2502\n\u2502             \u2502\u2502             \u2502                                             \u2502             \u2502\u2502             \u2502\n\u2502    Type:    \u2502\u2502 Conditions: \u2502                                             \u2502    Type:    \u2502\u2502 Conditions: \u2502\n\u2502  Sequential \u2502\u2502 cr_reason_sk\u2502                                             \u2502  Sequential \u2502\u2502 sr_reason_sk\u2502\n\u2502     Scan    \u2502\u2502     = #0    \u2502                                             \u2502     Scan    \u2502\u2502     = #0    \u2502\n\u2502             \u2502\u2502             \u2502                                             \u2502             \u2502\u2502             \u2502\n\u2502 Projections:\u2502\u2502             \u2502                                             \u2502 Projections:\u2502\u2502             \u2502\n\u2502  cs_item_sk \u2502\u2502             \u2502                                             \u2502  ss_item_sk \u2502\u2502             \u2502\n\u2502cs_sold_date_\u2502\u2502             \u2502                                             \u2502ss_sold_date_\u2502\u2502             \u2502\n\u2502      sk     \u2502\u2502             \u251c\u2500\u2500\u2500\u2500\u2500\u2500\u2500\u2510                                     \u2502      sk     \u2502\u2502             \u251c\u2500\u2500\u2500\u2500\u2500\u2500\u2500\u2510\n\u2502cs_order_numb\u2502\u2502             \u2502       \u2502                                     \u2502ss_ticket_num\u2502\u2502             \u2502       \u2502\n\u2502      er     \u2502\u2502             \u2502       \u2502                                     \u2502     ber     \u2502\u2502             \u2502       \u2502\n\u2502cs_sales_pric\u2502\u2502             \u2502       \u2502                                     \u2502ss_sales_pric\u2502\u2502             \u2502       \u2502\n\u2502      e      \u2502\u2502             \u2502       \u2502                                     \u2502      e      \u2502\u2502             \u2502       \u2502\n\u2502cs_list_price\u2502\u2502             \u2502       \u2502                                     \u2502ss_list_price\u2502\u2502             \u2502       \u2502\n\u2502 cs_quantity \u2502\u2502             \u2502       \u2502                                     \u2502 ss_quantity \u2502\u2502             \u2502       \u2502\n\u2502cs_ext_sales_\u2502\u2502             \u2502       \u2502                                     \u2502ss_ext_sales_\u2502\u2502             \u2502       \u2502\n\u2502    price    \u2502\u2502             \u2502       \u2502                                     \u2502    price    \u2502\u2502             \u2502       \u2502\n\u2502             \u2502\u2502             \u2502       \u2502                                     \u2502             \u2502\u2502             \u2502       \u2502\n\u250214,319,5...  \u2502\u25021,441,17...  \u2502       \u2502                                     \u250227,497,3...  \u2502\u25022,877,43...  \u2502       \u2502\n\u2502   (0.18s)   \u2502\u2502   (0.01s)   \u2502       \u2502                                     \u2502   (0.38s)   \u2502\u2502   (0.02s)   \u2502       \u2502\n\u2514\u2500\u2500\u2500\u2500\u2500\u2500\u2500\u2500\u2500\u2500\u2500\u2500\u2500\u2518\u2514\u2500\u2500\u2500\u2500\u2500\u2500\u252c\u2500\u2500\u2500\u2500\u2500\u2500\u2518       \u2502                                     \u2514\u2500\u2500\u2500\u2500\u2500\u2500\u2500\u2500\u2500\u2500\u2500\u2500\u2500\u2518\u2514\u2500\u2500\u2500\u2500\u2500\u2500\u252c\u2500\u2500\u2500\u2500\u2500\u2500\u2518       \u2502\n               \u250c\u2500\u2500\u2500\u2500\u2500\u2500\u2534\u2500\u2500\u2500\u2500\u2500\u2500\u2510\u250c\u2500\u2500\u2500\u2500\u2500\u2500\u2534\u2500\u2500\u2500\u2500\u2500\u2500\u2510                                             \u250c\u2500\u2500\u2500\u2500\u2500\u2500\u2534\u2500\u2500\u2500\u2500\u2500\u2500\u2510\u250c\u2500\u2500\u2500\u2500\u2500\u2500\u2534\u2500\u2500\u2500\u2500\u2500\u2500\u2510\n               \u2502  TABLE_SCAN \u2502\u2502COLUMN_D...  \u2502                                             \u2502  TABLE_SCAN \u2502\u2502COLUMN_D...  \u2502\n               \u2502    \u2500\u2500\u2500\u2500\u2500\u2500   \u2502\u2502             \u2502                                             \u2502    \u2500\u2500\u2500\u2500\u2500\u2500   \u2502\u2502             \u2502\n               \u2502    Table:   \u2502\u2502             \u2502                                             \u2502    Table:   \u2502\u2502             \u2502\n               \u2502catalog_retur\u2502\u2502             \u2502                                             \u2502store_returns\u2502\u2502             \u2502\n               \u2502      ns     \u2502\u2502             \u2502                                             \u2502             \u2502\u2502             \u2502\n               \u2502             \u2502\u2502             \u2502                                             \u2502    Type:    \u2502\u2502             \u2502\n               \u2502    Type:    \u2502\u2502             \u2502                                             \u2502  Sequential \u2502\u2502             \u2502\n               \u2502  Sequential \u2502\u2502             \u2502                                             \u2502     Scan    \u2502\u2502             \u2502\n               \u2502     Scan    \u2502\u2502             \u2502                                             \u2502             \u2502\u2502             \u2502\n               \u2502             \u2502\u2502             \u2502                                             \u2502 Projections:\u2502\u2502             \u2502\n               \u2502 Projections:\u2502\u2502             \u2502                                             \u2502sr_ticket_num\u2502\u2502             \u2502\n               \u2502cr_order_numb\u2502\u2502             \u2502                                             \u2502     ber     \u2502\u2502             \u2502\n               \u2502      er     \u2502\u2502             \u2502                                             \u2502  sr_item_sk \u2502\u2502             \u2502\n               \u2502  cr_item_sk \u2502\u2502             \u2502                                             \u2502 sr_reason_sk\u2502\u2502             \u2502\n               \u2502 cr_reason_sk\u2502\u2502             \u2502                                             \u2502sr_return_qua\u2502\u2502             \u2502\n               \u2502cr_return_qua\u2502\u2502             \u2502                                             \u2502    ntity    \u2502\u2502             \u2502\n               \u2502    ntity    \u2502\u2502             \u2502                                             \u2502sr_return_amt\u2502\u2502             \u2502\n               \u2502cr_return_amo\u2502\u2502             \u2502                                             \u2502             \u2502\u2502             \u2502\n               \u2502     unt     \u2502\u2502             \u2502                                             \u2502   Filters:  \u2502\u2502             \u2502\n               \u2502             \u2502\u2502             \u2502                                             \u2502  optional:  \u2502\u2502             \u2502\n               \u2502   Filters:  \u2502\u2502             \u2502                                             \u2502 sr_reason_sk\u2502\u2502             \u2502\n               \u2502  optional:  \u2502\u2502             \u2502                                             \u2502  IN (7, 25, \u2502\u2502             \u2502\n               \u2502 cr_reason_sk\u2502\u2502             \u2502                                             \u2502  26, 52, 69)\u2502\u2502             \u2502\n               \u2502  IN (7, 25, \u2502\u2502             \u2502                                             \u2502             \u2502\u2502             \u2502\n               \u2502  26, 52, 69)\u2502\u2502             \u2502                                             \u2502             \u2502\u2502             \u2502\n               \u2502             \u2502\u2502             \u2502                                             \u2502             \u2502\u2502             \u2502\n               \u25021,441,17...  \u2502\u2502    5 rows   \u2502                                             \u25022,877,43...  \u2502\u2502    5 rows   \u2502\n               \u2502   (0.01s)   \u2502\u2502   (0.00s)   \u2502                                             \u2502   (0.02s)   \u2502\u2502   (0.00s)   \u2502\n               \u2514\u2500\u2500\u2500\u2500\u2500\u2500\u2500\u2500\u2500\u2500\u2500\u2500\u2500\u2518\u2514\u2500\u2500\u2500\u2500\u2500\u2500\u2500\u2500\u2500\u2500\u2500\u2500\u2500\u2518                                             \u2514\u2500\u2500\u2500\u2500\u2500\u2500\u2500\u2500\u2500\u2500\u2500\u2500\u2500\u2518\u2514\u2500\u2500\u2500\u2500\u2500\u2500\u2500\u2500\u2500\u2500\u2500\u2500\u2500\u2518\n",
  "plan_json": {
    "total_bytes_written": 0,
    "total_bytes_read": 0,
    "rows_returned": 0,
    "latency": 0.0,
    "result_set_size": 0,
    "query_name": "",
    "blocked_thread_time": 0.0,
    "system_peak_buffer_memory": 0,
    "system_peak_temp_dir_size": 0,
    "cpu_time": 0.0,
    "extra_info": {},
    "cumulative_cardinality": 0,
    "cumulative_rows_scanned": 0,
    "children": [
      {
        "total_bytes_written": 0,
        "total_bytes_read": 0,
        "result_set_size": 0,
        "operator_name": "EXPLAIN_ANALYZE",
        "cpu_time": 0.0,
        "extra_info": {},
        "cumulative_cardinality": 0,
        "operator_type": "EXPLAIN_ANALYZE",
        "operator_cardinality": 0,
        "cumulative_rows_scanned": 0,
        "operator_rows_scanned": 0,
        "operator_timing": 2.93e-07,
        "children": [
          {
            "total_bytes_written": 0,
            "total_bytes_read": 0,
            "result_set_size": 0,
            "operator_name": "CTE",
            "cpu_time": 0.0,
            "extra_info": {
              "CTE Name": "all_sales",
              "Table Index": "0",
              "Estimated Cardinality": "100"
            },
            "cumulative_cardinality": 0,
            "operator_type": "CTE",
            "operator_cardinality": 0,
            "cumulative_rows_scanned": 0,
            "operator_rows_scanned": 0,
            "operator_timing": 5.1637999999999996e-05,
            "children": [
              {
                "total_bytes_written": 0,
                "total_bytes_read": 0,
                "result_set_size": 109512,
                "operator_name": "FILTER",
                "cpu_time": 0.0,
                "extra_info": {
                  "Expression": "((d_year = 1999) OR ((d_year = 1998) AND (sales_cnt > 0)))",
                  "Estimated Cardinality": "66309"
                },
                "cumulative_cardinality": 0,
                "operator_type": "FILTER",
                "operator_cardinality": 2106,
                "cumulative_rows_scanned": 0,
                "operator_rows_scanned": 0,
                "operator_timing": 0.00017603899999999999,
                "children": [
                  {
                    "total_bytes_written": 0,
                    "total_bytes_read": 0,
                    "result_set_size": 284492,
                    "operator_name": "PROJECTION",
                    "cpu_time": 0.0,
                    "extra_info": {
                      "Projections": [
                        "__internal_decompress_integral_integer(#0, 1900)",
                        "#1",
                        "__internal_decompress_integral_integer(#2, 1)",
                        "__internal_decompress_integral_integer(#3, 1)",
                        "__internal_decompress_integral_integer(#4, 1)",
                        "#5",
                        "#6"
                      ],
                      "Estimated Cardinality": "331548"
                    },
                    "cumulative_cardinality": 0,
                    "operator_type": "PROJECTION",
                    "operator_cardinality": 5471,
                    "cumulative_rows_scanned": 0,
                    "operator_rows_scanned": 0,
                    "operator_timing": 5.1993e-05,
                    "children": [
                      {
                        "total_bytes_written": 0,
                        "total_bytes_read": 0,
                        "result_set_size": 224311,
                        "operator_name": "HASH_GROUP_BY",
                        "cpu_time": 0.0,
                        "extra_info": {
                          "Groups": [
                            "#0",
                            "#1",
                            "#2",
                            "#3",
                            "#4"
                          ],
                          "Aggregates": [
                            "sum(#5)",
                            "sum(#6)"
                          ],
                          "Estimated Cardinality": "331548"
                        },
                        "cumulative_cardinality": 0,
                        "operator_type": "HASH_GROUP_BY",
                        "operator_cardinality": 5471,
                        "cumulative_rows_scanned": 0,
                        "operator_rows_scanned": 0,
                        "operator_timing": 0.0051428529999999984,
                        "children": [
                          {
                            "total_bytes_written": 0,
                            "total_bytes_read": 0,
                            "result_set_size": 105519,
                            "operator_name": "PROJECTION",
                            "cpu_time": 0.0,
                            "extra_info": {
                              "Projections": [
                                "d_year",
                                "i_brand_id",
                                "i_class_id",
                                "i_category_id",
                                "i_manufact_id",
                                "sales_cnt",
                                "sales_amt"
                              ],
                              "Estimated Cardinality": "331548"
                            },
                            "cumulative_cardinality": 0,
                            "operator_type": "PROJECTION",
                            "operator_cardinality": 6207,
                            "cumulative_rows_scanned": 0,
                            "operator_rows_scanned": 0,
                            "operator_timing": 8.106999999999999e-06,
                            "children": [
                              {
                                "total_bytes_written": 0,
                                "total_bytes_read": 0,
                                "result_set_size": 105519,
                                "operator_name": "PROJECTION",
                                "cpu_time": 0.0,
                                "extra_info": {
                                  "Projections": [
                                    "__internal_compress_integral_utinyint(#0, 1900)",
                                    "#1",
                                    "__internal_compress_integral_utinyint(#2, 1)",
                                    "__internal_compress_integral_utinyint(#3, 1)",
                                    "__internal_compress_integral_usmallint(#4, 1)",
                                    "#5",
                                    "#6"
                                  ],
                                  "Estimated Cardinality": "331548"
                                },
                                "cumulative_cardinality": 0,
                                "operator_type": "PROJECTION",
                                "operator_cardinality": 6207,
                                "cumulative_rows_scanned": 0,
                                "operator_rows_scanned": 0,
                                "operator_timing": 6.8854e-05,
                                "children": [
                                  {
                                    "total_bytes_written": 0,
                                    "total_bytes_read": 0,
                                    "result_set_size": 173796,
                                    "operator_name": "HASH_GROUP_BY",
                                    "cpu_time": 0.0,
                                    "extra_info": {
                                      "Groups": [
                                        "#0",
                                        "#1",
                                        "#2",
                                        "#3",
                                        "#4",
                                        "#5",
                                        "#6"
                                      ],
                                      "Aggregates": "",
                                      "Estimated Cardinality": "331548"
                                    },
                                    "cumulative_cardinality": 0,
                                    "operator_type": "HASH_GROUP_BY",
                                    "operator_cardinality": 6207,
                                    "cumulative_rows_scanned": 0,
                                    "operator_rows_scanned": 0,
                                    "operator_timing": 0.004417346999999999,
                                    "children": [
                                      {
                                        "total_bytes_written": 0,
                                        "total_bytes_read": 0,
                                        "result_set_size": 0,
                                        "operator_name": "UNION",
                                        "cpu_time": 0.0,
                                        "extra_info": {},
                                        "cumulative_cardinality": 0,
                                        "operator_type": "UNION",
                                        "operator_cardinality": 0,
                                        "cumulative_rows_scanned": 0,
                                        "operator_rows_scanned": 0,
                                        "operator_timing": 0.0,
                                        "children": [
                                          {
                                            "total_bytes_written": 0,
                                            "total_bytes_read": 0,
                                            "result_set_size": 148204,
                                            "operator_name": "HASH_GROUP_BY",
                                            "cpu_time": 0.0,
                                            "extra_info": {
                                              "Groups": [
                                                "#0",
                                                "#1",
                                                "#2",
                                                "#3",
                                                "#4",
                                                "#5",
                                                "#6"
                                              ],
                                              "Aggregates": "",
                                              "Estimated Cardinality": "331548"
                                            },
                                            "cumulative_cardinality": 0,
                                            "operator_type": "HASH_GROUP_BY",
                                            "operator_cardinality": 5293,
                                            "cumulative_rows_scanned": 0,
                                            "operator_rows_scanned": 0,
                                            "operator_timing": 0.019221714,
                                            "children": [
                                              {
                                                "total_bytes_written": 0,
                                                "total_bytes_read": 0,
                                                "result_set_size": 0,
                                                "operator_name": "UNION",
                                                "cpu_time": 0.0,
                                                "extra_info": {},
                                                "cumulative_cardinality": 0,
                                                "operator_type": "UNION",
                                                "operator_cardinality": 0,
                                                "cumulative_rows_scanned": 0,
                                                "operator_rows_scanned": 0,
                                                "operator_timing": 0.0,
                                                "children": [
                                                  {
                                                    "total_bytes_written": 0,
                                                    "total_bytes_read": 0,
                                                    "result_set_size": 54012,
                                                    "operator_name": "PROJECTION",
                                                    "cpu_time": 0.0,
                                                    "extra_info": {
                                                      "Projections": [
                                                        "d_year",
                                                        "i_brand_id",
                                                        "i_class_id",
                                                        "i_category_id",
                                                        "i_manufact_id",
                                                        "sales_cnt",
                                                        "sales_amt"
                                                      ],
                                                      "Estimated Cardinality": "132418"
                                                    },
                                                    "cumulative_cardinality": 0,
                                                    "operator_type": "PROJECTION",
                                                    "operator_cardinality": 1929,
                                                    "cumulative_rows_scanned": 0,
                                                    "operator_rows_scanned": 0,
                                                    "operator_timing": 0.00037676699999999997,
                                                    "children": [
                                                      {
                                                        "total_bytes_written": 0,
                                                        "total_bytes_read": 0,
                                                        "result_set_size": 69444,
                                                        "operator_name": "HASH_JOIN",
                                                        "cpu_time": 0.0,
                                                        "extra_info": {
                                                          "Join Type": "INNER",
                                                          "Conditions": "cs_sold_date_sk = d_date_sk",
                                                          "Estimated Cardinality": "132418"
                                                        },
                                                        "cumulative_cardinality": 0,
                                                        "operator_type": "HASH_JOIN",
                                                        "operator_cardinality": 1929,
                                                        "cumulative_rows_scanned": 0,
                                                        "operator_rows_scanned": 0,
                                                        "operator_timing": 0.00041434100000000004,
                                                        "children": [
                                                          {
                                                            "total_bytes_written": 0,
                                                            "total_bytes_read": 0,
                                                            "result_set_size": 69444,
                                                            "operator_name": "HASH_JOIN",
                                                            "cpu_time": 0.0,
                                                            "extra_info": {
                                                              "Join Type": "INNER",
                                                              "Conditions": [
                                                                "cs_item_sk = cr_item_sk",
                                                                "cs_order_number = cr_order_number"
                                                              ],
                                                              "Estimated Cardinality": "66209"
                                                            },
                                                            "cumulative_cardinality": 0,
                                                            "operator_type": "HASH_JOIN",
                                                            "operator_cardinality": 1929,
                                                            "cumulative_rows_scanned": 0,
                                                            "operator_rows_scanned": 0,
                                                            "operator_timing": 0.050339145999999994,
                                                            "children": [
                                                              {
                                                                "total_bytes_written": 0,
                                                                "total_bytes_read": 0,
                                                                "result_set_size": 56586060,
                                                                "operator_name": "FILTER",
                                                                "cpu_time": 0.0,
                                                                "extra_info": {
                                                                  "Expression": "(cs_order_number >= 2)",
                                                                  "Estimated Cardinality": "2880252"
                                                                },
                                                                "cumulative_cardinality": 0,
                                                                "operator_type": "FILTER",
                                                                "operator_cardinality": 2829303,
                                                                "cumulative_rows_scanned": 0,
                                                                "operator_rows_scanned": 0,
                                                                "operator_timing": 0.010000571000000002,
                                                                "children": [
                                                                  {
                                                                    "total_bytes_written": 0,
                                                                    "total_bytes_read": 0,
                                                                    "result_set_size": 56586060,
                                                                    "operator_name": "PROJECTION",
                                                                    "cpu_time": 0.0,
                                                                    "extra_info": {
                                                                      "Projections": [
                                                                        "#0",
                                                                        "#1",
                                                                        "#2",
                                                                        "#5",
                                                                        "#6"
                                                                      ],
                                                                      "Estimated Cardinality": "2880252"
                                                                    },
                                                                    "cumulative_cardinality": 0,
                                                                    "operator_type": "PROJECTION",
                                                                    "operator_cardinality": 2829303,
                                                                    "cumulative_rows_scanned": 0,
                                                                    "operator_rows_scanned": 0,
                                                                    "operator_timing": 0.0034395689999999995,
                                                                    "children": [
                                                                      {
                                                                        "total_bytes_written": 0,
                                                                        "total_bytes_read": 0,
                                                                        "result_set_size": 79220484,
                                                                        "operator_name": "FILTER",
                                                                        "cpu_time": 0.0,
                                                                        "extra_info": {
                                                                          "Expression": "((CAST(cs_sales_price AS DOUBLE) / CAST(cs_list_price AS DOUBLE)) BETWEEN 0.34 AND 0.54)",
                                                                          "Estimated Cardinality": "2880252"
                                                                        },
                                                                        "cumulative_cardinality": 0,
                                                                        "operator_type": "FILTER",
                                                                        "operator_cardinality": 2829303,
                                                                        "cumulative_rows_scanned": 0,
                                                                        "operator_rows_scanned": 0,
                                                                        "operator_timing": 0.4957614370000001,
                                                                        "children": [
                                                                          {
                                                                            "total_bytes_written": 0,
                                                                            "total_bytes_read": 0,
                                                                            "result_set_size": 400948072,
                                                                            "operator_name": "SEQ_SCAN ",
                                                                            "cpu_time": 0.0,
                                                                            "extra_info": {
                                                                              "Table": "catalog_sales",
                                                                              "Type": "Sequential Scan",
                                                                              "Projections": [
                                                                                "cs_item_sk",
                                                                                "cs_sold_date_sk",
                                                                                "cs_order_number",
                                                                                "cs_sales_price",
                                                                                "cs_list_price",
                                                                                "cs_quantity",
                                                                                "cs_ext_sales_price"
                                                                              ],
                                                                              "Estimated Cardinality": "14401261"
                                                                            },
                                                                            "cumulative_cardinality": 0,
                                                                            "operator_type": "TABLE_SCAN",
                                                                            "operator_cardinality": 14319574,
                                                                            "cumulative_rows_scanned": 0,
                                                                            "operator_rows_scanned": 403235308,
                                                                            "operator_timing": 0.16472298899999993,
                                                                            "children": []
                                                                          }
                                                                        ]
                                                                      }
                                                                    ]
                                                                  }
                                                                ]
                                                              },
                                                              {
                                                                "total_bytes_written": 0,
                                                                "total_bytes_read": 0,
                                                                "result_set_size": 303520,
                                                                "operator_name": "HASH_JOIN",
                                                                "cpu_time": 0.0,
                                                                "extra_info": {
                                                                  "Join Type": "INNER",
                                                                  "Conditions": "cr_item_sk = i_item_sk",
                                                                  "Estimated Cardinality": "26033"
                                                                },
                                                                "cumulative_cardinality": 0,
                                                                "operator_type": "HASH_JOIN",
                                                                "operator_cardinality": 9485,
                                                                "cumulative_rows_scanned": 0,
                                                                "operator_rows_scanned": 0,
                                                                "operator_timing": 0.005176544000000001,
                                                                "children": [
                                                                  {
                                                                    "total_bytes_written": 0,
                                                                    "total_bytes_read": 0,
                                                                    "result_set_size": 1512896,
                                                                    "operator_name": "PROJECTION",
                                                                    "cpu_time": 0.0,
                                                                    "extra_info": {
                                                                      "Projections": [
                                                                        "#0",
                                                                        "#1",
                                                                        "#2",
                                                                        "#3"
                                                                      ],
                                                                      "Estimated Cardinality": "288244"
                                                                    },
                                                                    "cumulative_cardinality": 0,
                                                                    "operator_type": "PROJECTION",
                                                                    "operator_cardinality": 94556,
                                                                    "cumulative_rows_scanned": 0,
                                                                    "operator_rows_scanned": 0,
                                                                    "operator_timing": 0.000263127,
                                                                    "children": [
                                                                      {
                                                                        "total_bytes_written": 0,
                                                                        "total_bytes_read": 0,
                                                                        "result_set_size": 1607452,
                                                                        "operator_name": "FILTER",
                                                                        "cpu_time": 0.0,
                                                                        "extra_info": {
                                                                          "Expression": "IN (...)",
                                                                          "Estimated Cardinality": "288244"
                                                                        },
                                                                        "cumulative_cardinality": 0,
                                                                        "operator_type": "FILTER",
                                                                        "operator_cardinality": 94556,
                                                                        "cumulative_rows_scanned": 0,
                                                                        "operator_rows_scanned": 0,
                                                                        "operator_timing": 0.0033153870000000004,
                                                                        "children": [
                                                                          {
                                                                            "total_bytes_written": 0,
                                                                            "total_bytes_read": 0,
                                                                            "result_set_size": 24499924,
                                                                            "operator_name": "HASH_JOIN",
                                                                            "cpu_time": 0.0,
                                                                            "extra_info": {
                                                                              "Join Type": "MARK",
                                                                              "Conditions": "cr_reason_sk = #0",
                                                                              "Estimated Cardinality": "1441224"
                                                                            },
                                                                            "cumulative_cardinality": 0,
                                                                            "operator_type": "HASH_JOIN",
                                                                            "operator_cardinality": 1441172,
                                                                            "cumulative_rows_scanned": 0,
                                                                            "operator_rows_scanned": 0,
                                                                            "operator_timing": 0.010362838000000001,
                                                                            "children": [
                                                                              {
                                                                                "total_bytes_written": 0,
                                                                                "total_bytes_read": 0,
                                                                                "result_set_size": 28823440,
                                                                                "operator_name": "SEQ_SCAN ",
                                                                                "cpu_time": 0.0,
                                                                                "extra_info": {
                                                                                  "Table": "catalog_returns",
                                                                                  "Type": "Sequential Scan",
                                                                                  "Projections": [
                                                                                    "cr_order_number",
                                                                                    "cr_item_sk",
                                                                                    "cr_reason_sk",
                                                                                    "cr_return_quantity",
                                                                                    "cr_return_amount"
                                                                                  ],
                                                                                  "Filters": "optional: cr_reason_sk IN (7, 25, 26, 52, 69)",
                                                                                  "Estimated Cardinality": "1441224"
                                                                                },
                                                                                "cumulative_cardinality": 0,
                                                                                "operator_type": "TABLE_SCAN",
                                                                                "operator_cardinality": 1441172,
                                                                                "cumulative_rows_scanned": 0,
                                                                                "operator_rows_scanned": 17294688,
                                                                                "operator_timing": 0.010121405,
                                                                                "children": []
                                                                              },
                                                                              {
                                                                                "total_bytes_written": 0,
                                                                                "total_bytes_read": 0,
                                                                                "result_set_size": 20,
                                                                                "operator_name": "COLUMN_DATA_SCAN",
                                                                                "cpu_time": 0.0,
                                                                                "extra_info": {
                                                                                  "Estimated Cardinality": "0"
                                                                                },
                                                                                "cumulative_cardinality": 0,
                                                                                "operator_type": "COLUMN_DATA_SCAN",
                                                                                "operator_cardinality": 5,
                                                                                "cumulative_rows_scanned": 0,
                                                                                "operator_rows_scanned": 0,
                                                                                "operator_timing": 1.482e-06,
                                                                                "children": []
                                                                              }
                                                                            ]
                                                                          }
                                                                        ]
                                                                      }
                                                                    ]
                                                                  },
                                                                  {
                                                                    "total_bytes_written": 0,
                                                                    "total_bytes_read": 0,
                                                                    "result_set_size": 204100,
                                                                    "operator_name": "SEQ_SCAN ",
                                                                    "cpu_time": 0.0,
                                                                    "extra_info": {
                                                                      "Table": "item",
                                                                      "Type": "Sequential Scan",
                                                                      "Projections": [
                                                                        "i_item_sk",
                                                                        "i_brand_id",
                                                                        "i_class_id",
                                                                        "i_category_id",
                                                                        "i_manufact_id"
                                                                      ],
                                                                      "Filters": "i_category='Home'",
                                                                      "Estimated Cardinality": "9273"
                                                                    },
                                                                    "cumulative_cardinality": 0,
                                                                    "operator_type": "TABLE_SCAN",
                                                                    "operator_cardinality": 10205,
                                                                    "cumulative_rows_scanned": 0,
                                                                    "operator_rows_scanned": 102000,
                                                                    "operator_timing": 0.0007064970000000002,
                                                                    "children": []
                                                                  }
                                                                ]
                                                              }
                                                            ]
                                                          },
                                                          {
                                                            "total_bytes_written": 0,
                                                            "total_bytes_read": 0,
                                                            "result_set_size": 14712,
                                                            "operator_name": "SEQ_SCAN ",
                                                            "cpu_time": 0.0,
                                                            "extra_info": {
                                                              "Table": "date_dim",
                                                              "Type": "Sequential Scan",
                                                              "Projections": [
                                                                "d_date_sk",
                                                                "d_year"
                                                              ],
                                                              "Filters": "d_date_sk>=2450815 AND d_date_sk<=2452653",
                                                              "Estimated Cardinality": "73049"
                                                            },
                                                            "cumulative_cardinality": 0,
                                                            "operator_type": "TABLE_SCAN",
                                                            "operator_cardinality": 1839,
                                                            "cumulative_rows_scanned": 0,
                                                            "operator_rows_scanned": 73049,
                                                            "operator_timing": 8.5573e-05,
                                                            "children": []
                                                          }
                                                        ]
                                                      }
                                                    ]
                                                  },
                                                  {
                                                    "total_bytes_written": 0,
                                                    "total_bytes_read": 0,
                                                    "result_set_size": 94220,
                                                    "operator_name": "PROJECTION",
                                                    "cpu_time": 0.0,
                                                    "extra_info": {
                                                      "Projections": [
                                                        "d_year",
                                                        "i_brand_id",
                                                        "i_class_id",
                                                        "i_category_id",
                                                        "i_manufact_id",
                                                        "sales_cnt",
                                                        "sales_amt"
                                                      ],
                                                      "Estimated Cardinality": "331548"
                                                    },
                                                    "cumulative_cardinality": 0,
                                                    "operator_type": "PROJECTION",
                                                    "operator_cardinality": 3365,
                                                    "cumulative_rows_scanned": 0,
                                                    "operator_rows_scanned": 0,
                                                    "operator_timing": 0.0003842460000000001,
                                                    "children": [
                                                      {
                                                        "total_bytes_written": 0,
                                                        "total_bytes_read": 0,
                                                        "result_set_size": 121140,
                                                        "operator_name": "HASH_JOIN",
                                                        "cpu_time": 0.0,
                                                        "extra_info": {
                                                          "Join Type": "INNER",
                                                          "Conditions": "ss_sold_date_sk = d_date_sk",
                                                          "Estimated Cardinality": "331548"
                                                        },
                                                        "cumulative_cardinality": 0,
                                                        "operator_type": "HASH_JOIN",
                                                        "operator_cardinality": 3365,
                                                        "cumulative_rows_scanned": 0,
                                                        "operator_rows_scanned": 0,
                                                        "operator_timing": 0.000191252,
                                                        "children": [
                                                          {
                                                            "total_bytes_written": 0,
                                                            "total_bytes_read": 0,
                                                            "result_set_size": 121140,
                                                            "operator_name": "HASH_JOIN",
                                                            "cpu_time": 0.0,
                                                            "extra_info": {
                                                              "Join Type": "INNER",
                                                              "Conditions": [
                                                                "ss_item_sk = sr_item_sk",
                                                                "ss_ticket_number = sr_ticket_number"
                                                              ],
                                                              "Estimated Cardinality": "165774"
                                                            },
                                                            "cumulative_cardinality": 0,
                                                            "operator_type": "HASH_JOIN",
                                                            "operator_cardinality": 3365,
                                                            "cumulative_rows_scanned": 0,
                                                            "operator_rows_scanned": 0,
                                                            "operator_timing": 0.098650544,
                                                            "children": [
                                                              {
                                                                "total_bytes_written": 0,
                                                                "total_bytes_read": 0,
                                                                "result_set_size": 105124840,
                                                                "operator_name": "FILTER",
                                                                "cpu_time": 0.0,
                                                                "extra_info": {
                                                                  "Expression": "(ss_ticket_number <= 2399999)",
                                                                  "Estimated Cardinality": "5760198"
                                                                },
                                                                "cumulative_cardinality": 0,
                                                                "operator_type": "FILTER",
                                                                "operator_cardinality": 5256242,
                                                                "cumulative_rows_scanned": 0,
                                                                "operator_rows_scanned": 0,
                                                                "operator_timing": 0.019811816000000003,
                                                                "children": [
                                                                  {
                                                                    "total_bytes_written": 0,
                                                                    "total_bytes_read": 0,
                                                                    "result_set_size": 105124840,
                                                                    "operator_name": "PROJECTION",
                                                                    "cpu_time": 0.0,
                                                                    "extra_info": {
                                                                      "Projections": [
                                                                        "#0",
                                                                        "#1",
                                                                        "#2",
                                                                        "#5",
                                                                        "#6"
                                                                      ],
                                                                      "Estimated Cardinality": "5760198"
                                                                    },
                                                                    "cumulative_cardinality": 0,
                                                                    "operator_type": "PROJECTION",
                                                                    "operator_cardinality": 5256242,
                                                                    "cumulative_rows_scanned": 0,
                                                                    "operator_rows_scanned": 0,
                                                                    "operator_timing": 0.007254872,
                                                                    "children": [
                                                                      {
                                                                        "total_bytes_written": 0,
                                                                        "total_bytes_read": 0,
                                                                        "result_set_size": 147174776,
                                                                        "operator_name": "FILTER",
                                                                        "cpu_time": 0.0,
                                                                        "extra_info": {
                                                                          "Expression": "((CAST(ss_sales_price AS DOUBLE) / CAST(ss_list_price AS DOUBLE)) BETWEEN 0.34 AND 0.54)",
                                                                          "Estimated Cardinality": "5760198"
                                                                        },
                                                                        "cumulative_cardinality": 0,
                                                                        "operator_type": "FILTER",
                                                                        "operator_cardinality": 5256242,
                                                                        "cumulative_rows_scanned": 0,
                                                                        "operator_rows_scanned": 0,
                                                                        "operator_timing": 0.9577383789999999,
                                                                        "children": [
                                                                          {
                                                                            "total_bytes_written": 0,
                                                                            "total_bytes_read": 0,
                                                                            "result_set_size": 769927116,
                                                                            "operator_name": "SEQ_SCAN ",
                                                                            "cpu_time": 0.0,
                                                                            "extra_info": {
                                                                              "Table": "store_sales",
                                                                              "Type": "Sequential Scan",
                                                                              "Projections": [
                                                                                "ss_item_sk",
                                                                                "ss_sold_date_sk",
                                                                                "ss_ticket_number",
                                                                                "ss_sales_price",
                                                                                "ss_list_price",
                                                                                "ss_quantity",
                                                                                "ss_ext_sales_price"
                                                                              ],
                                                                              "Estimated Cardinality": "28800991"
                                                                            },
                                                                            "cumulative_cardinality": 0,
                                                                            "operator_type": "TABLE_SCAN",
                                                                            "operator_cardinality": 27497397,
                                                                            "cumulative_rows_scanned": 0,
                                                                            "operator_rows_scanned": 806427748,
                                                                            "operator_timing": 0.373564525,
                                                                            "children": []
                                                                          }
                                                                        ]
                                                                      }
                                                                    ]
                                                                  }
                                                                ]
                                                              },
                                                              {
                                                                "total_bytes_written": 0,
                                                                "total_bytes_read": 0,
                                                                "result_set_size": 584640,
                                                                "operator_name": "HASH_JOIN",
                                                                "cpu_time": 0.0,
                                                                "extra_info": {
                                                                  "Join Type": "INNER",
                                                                  "Conditions": "sr_item_sk = i_item_sk",
                                                                  "Estimated Cardinality": "54013"
                                                                },
                                                                "cumulative_cardinality": 0,
                                                                "operator_type": "HASH_JOIN",
                                                                "operator_cardinality": 18270,
                                                                "cumulative_rows_scanned": 0,
                                                                "operator_rows_scanned": 0,
                                                                "operator_timing": 0.010192124,
                                                                "children": [
                                                                  {
                                                                    "total_bytes_written": 0,
                                                                    "total_bytes_read": 0,
                                                                    "result_set_size": 2960720,
                                                                    "operator_name": "PROJECTION",
                                                                    "cpu_time": 0.0,
                                                                    "extra_info": {
                                                                      "Projections": [
                                                                        "#0",
                                                                        "#1",
                                                                        "#2",
                                                                        "#3"
                                                                      ],
                                                                      "Estimated Cardinality": "575506"
                                                                    },
                                                                    "cumulative_cardinality": 0,
                                                                    "operator_type": "PROJECTION",
                                                                    "operator_cardinality": 185045,
                                                                    "cumulative_rows_scanned": 0,
                                                                    "operator_rows_scanned": 0,
                                                                    "operator_timing": 0.0005781599999999999,
                                                                    "children": [
                                                                      {
                                                                        "total_bytes_written": 0,
                                                                        "total_bytes_read": 0,
                                                                        "result_set_size": 3145765,
                                                                        "operator_name": "FILTER",
                                                                        "cpu_time": 0.0,
                                                                        "extra_info": {
                                                                          "Expression": "IN (...)",
                                                                          "Estimated Cardinality": "575506"
                                                                        },
                                                                        "cumulative_cardinality": 0,
                                                                        "operator_type": "FILTER",
                                                                        "operator_cardinality": 185045,
                                                                        "cumulative_rows_scanned": 0,
                                                                        "operator_rows_scanned": 0,
                                                                        "operator_timing": 0.007188625000000001,
                                                                        "children": [
                                                                          {
                                                                            "total_bytes_written": 0,
                                                                            "total_bytes_read": 0,
                                                                            "result_set_size": 48916446,
                                                                            "operator_name": "HASH_JOIN",
                                                                            "cpu_time": 0.0,
                                                                            "extra_info": {
                                                                              "Join Type": "MARK",
                                                                              "Conditions": "sr_reason_sk = #0",
                                                                              "Estimated Cardinality": "2877532"
                                                                            },
                                                                            "cumulative_cardinality": 0,
                                                                            "operator_type": "HASH_JOIN",
                                                                            "operator_cardinality": 2877438,
                                                                            "cumulative_rows_scanned": 0,
                                                                            "operator_rows_scanned": 0,
                                                                            "operator_timing": 0.022538171999999995,
                                                                            "children": [
                                                                              {
                                                                                "total_bytes_written": 0,
                                                                                "total_bytes_read": 0,
                                                                                "result_set_size": 57548760,
                                                                                "operator_name": "SEQ_SCAN ",
                                                                                "cpu_time": 0.0,
                                                                                "extra_info": {
                                                                                  "Table": "store_returns",
                                                                                  "Type": "Sequential Scan",
                                                                                  "Projections": [
                                                                                    "sr_ticket_number",
                                                                                    "sr_item_sk",
                                                                                    "sr_reason_sk",
                                                                                    "sr_return_quantity",
                                                                                    "sr_return_amt"
                                                                                  ],
                                                                                  "Filters": "optional: sr_reason_sk IN (7, 25, 26, 52, 69)",
                                                                                  "Estimated Cardinality": "2877532"
                                                                                },
                                                                                "cumulative_cardinality": 0,
                                                                                "operator_type": "TABLE_SCAN",
                                                                                "operator_cardinality": 2877438,
                                                                                "cumulative_rows_scanned": 0,
                                                                                "operator_rows_scanned": 69060768,
                                                                                "operator_timing": 0.020907368,
                                                                                "children": []
                                                                              },
                                                                              {
                                                                                "total_bytes_written": 0,
                                                                                "total_bytes_read": 0,
                                                                                "result_set_size": 20,
                                                                                "operator_name": "COLUMN_DATA_SCAN",
                                                                                "cpu_time": 0.0,
                                                                                "extra_info": {
                                                                                  "Estimated Cardinality": "0"
                                                                                },
                                                                                "cumulative_cardinality": 0,
                                                                                "operator_type": "COLUMN_DATA_SCAN",
                                                                                "operator_cardinality": 5,
                                                                                "cumulative_rows_scanned": 0,
                                                                                "operator_rows_scanned": 0,
                                                                                "operator_timing": 2.646e-06,
                                                                                "children": []
                                                                              }
                                                                            ]
                                                                          }
                                                                        ]
                                                                      }
                                                                    ]
                                                                  },
                                                                  {
                                                                    "total_bytes_written": 0,
                                                                    "total_bytes_read": 0,
                                                                    "result_set_size": 204100,
                                                                    "operator_name": "SEQ_SCAN ",
                                                                    "cpu_time": 0.0,
                                                                    "extra_info": {
                                                                      "Table": "item",
                                                                      "Type": "Sequential Scan",
                                                                      "Projections": [
                                                                        "i_item_sk",
                                                                        "i_brand_id",
                                                                        "i_class_id",
                                                                        "i_category_id",
                                                                        "i_manufact_id"
                                                                      ],
                                                                      "Filters": "i_category='Home'",
                                                                      "Estimated Cardinality": "9273"
                                                                    },
                                                                    "cumulative_cardinality": 0,
                                                                    "operator_type": "TABLE_SCAN",
                                                                    "operator_cardinality": 10205,
                                                                    "cumulative_rows_scanned": 0,
                                                                    "operator_rows_scanned": 102000,
                                                                    "operator_timing": 0.000740728,
                                                                    "children": []
                                                                  }
                                                                ]
                                                              }
                                                            ]
                                                          },
                                                          {
                                                            "total_bytes_written": 0,
                                                            "total_bytes_read": 0,
                                                            "result_set_size": 14616,
                                                            "operator_name": "SEQ_SCAN ",
                                                            "cpu_time": 0.0,
                                                            "extra_info": {
                                                              "Table": "date_dim",
                                                              "Type": "Sequential Scan",
                                                              "Projections": [
                                                                "d_date_sk",
                                                                "d_year"
                                                              ],
                                                              "Filters": "d_date_sk>=2450816 AND d_date_sk<=2452642",
                                                              "Estimated Cardinality": "73049"
                                                            },
                                                            "cumulative_cardinality": 0,
                                                            "operator_type": "TABLE_SCAN",
                                                            "operator_cardinality": 1827,
                                                            "cumulative_rows_scanned": 0,
                                                            "operator_rows_scanned": 73049,
                                                            "operator_timing": 8.9295e-05,
                                                            "children": []
                                                          }
                                                        ]
                                                      }
                                                    ]
                                                  }
                                                ]
                                              }
                                            ]
                                          },
                                          {
                                            "total_bytes_written": 0,
                                            "total_bytes_read": 0,
                                            "result_set_size": 25592,
                                            "operator_name": "PROJECTION",
                                            "cpu_time": 0.0,
                                            "extra_info": {
                                              "Projections": [
                                                "d_year",
                                                "i_brand_id",
                                                "i_class_id",
                                                "i_category_id",
                                                "i_manufact_id",
                                                "sales_cnt",
                                                "sales_amt"
                                              ],
                                              "Estimated Cardinality": "83899"
                                            },
                                            "cumulative_cardinality": 0,
                                            "operator_type": "PROJECTION",
                                            "operator_cardinality": 914,
                                            "cumulative_rows_scanned": 0,
                                            "operator_rows_scanned": 0,
                                            "operator_timing": 3.4149e-05,
                                            "children": [
                                              {
                                                "total_bytes_written": 0,
                                                "total_bytes_read": 0,
                                                "result_set_size": 32904,
                                                "operator_name": "HASH_JOIN",
                                                "cpu_time": 0.0,
                                                "extra_info": {
                                                  "Join Type": "INNER",
                                                  "Conditions": "d_date_sk = ws_sold_date_sk",
                                                  "Estimated Cardinality": "83899"
                                                },
                                                "cumulative_cardinality": 0,
                                                "operator_type": "HASH_JOIN",
                                                "operator_cardinality": 914,
                                                "cumulative_rows_scanned": 0,
                                                "operator_rows_scanned": 0,
                                                "operator_timing": 0.004815908000000001,
                                                "children": [
                                                  {
                                                    "total_bytes_written": 0,
                                                    "total_bytes_read": 0,
                                                    "result_set_size": 14608,
                                                    "operator_name": "SEQ_SCAN ",
                                                    "cpu_time": 0.0,
                                                    "extra_info": {
                                                      "Table": "date_dim",
                                                      "Type": "Sequential Scan",
                                                      "Projections": [
                                                        "d_date_sk",
                                                        "d_year"
                                                      ],
                                                      "Filters": "d_date_sk>=2450816 AND d_date_sk<=2452642",
                                                      "Estimated Cardinality": "73049"
                                                    },
                                                    "cumulative_cardinality": 0,
                                                    "operator_type": "TABLE_SCAN",
                                                    "operator_cardinality": 1826,
                                                    "cumulative_rows_scanned": 0,
                                                    "operator_rows_scanned": 73049,
                                                    "operator_timing": 0.000259258,
                                                    "children": []
                                                  },
                                                  {
                                                    "total_bytes_written": 0,
                                                    "total_bytes_read": 0,
                                                    "result_set_size": 32904,
                                                    "operator_name": "HASH_JOIN",
                                                    "cpu_time": 0.0,
                                                    "extra_info": {
                                                      "Join Type": "INNER",
                                                      "Conditions": [
                                                        "ws_item_sk = wr_item_sk",
                                                        "ws_order_number = wr_order_number"
                                                      ],
                                                      "Estimated Cardinality": "41949"
                                                    },
                                                    "cumulative_cardinality": 0,
                                                    "operator_type": "HASH_JOIN",
                                                    "operator_cardinality": 914,
                                                    "cumulative_rows_scanned": 0,
                                                    "operator_rows_scanned": 0,
                                                    "operator_timing": 0.04142025399999999,
                                                    "children": [
                                                      {
                                                        "total_bytes_written": 0,
                                                        "total_bytes_read": 0,
                                                        "result_set_size": 28458820,
                                                        "operator_name": "PROJECTION",
                                                        "cpu_time": 0.0,
                                                        "extra_info": {
                                                          "Projections": [
                                                            "#0",
                                                            "#1",
                                                            "#2",
                                                            "#5",
                                                            "#6"
                                                          ],
                                                          "Estimated Cardinality": "1439513"
                                                        },
                                                        "cumulative_cardinality": 0,
                                                        "operator_type": "PROJECTION",
                                                        "operator_cardinality": 1422941,
                                                        "cumulative_rows_scanned": 0,
                                                        "operator_rows_scanned": 0,
                                                        "operator_timing": 0.0017214770000000001,
                                                        "children": [
                                                          {
                                                            "total_bytes_written": 0,
                                                            "total_bytes_read": 0,
                                                            "result_set_size": 39842348,
                                                            "operator_name": "FILTER",
                                                            "cpu_time": 0.0,
                                                            "extra_info": {
                                                              "Expression": "((CAST(ws_sales_price AS DOUBLE) / CAST(ws_list_price AS DOUBLE)) BETWEEN 0.34 AND 0.54)",
                                                              "Estimated Cardinality": "1439513"
                                                            },
                                                            "cumulative_cardinality": 0,
                                                            "operator_type": "FILTER",
                                                            "operator_cardinality": 1422941,
                                                            "cumulative_rows_scanned": 0,
                                                            "operator_rows_scanned": 0,
                                                            "operator_timing": 0.228617999,
                                                            "children": [
                                                              {
                                                                "total_bytes_written": 0,
                                                                "total_bytes_read": 0,
                                                                "result_set_size": 201098968,
                                                                "operator_name": "SEQ_SCAN ",
                                                                "cpu_time": 0.0,
                                                                "extra_info": {
                                                                  "Table": "web_sales",
                                                                  "Type": "Sequential Scan",
                                                                  "Projections": [
                                                                    "ws_item_sk",
                                                                    "ws_sold_date_sk",
                                                                    "ws_order_number",
                                                                    "ws_sales_price",
                                                                    "ws_list_price",
                                                                    "ws_quantity",
                                                                    "ws_ext_sales_price"
                                                                  ],
                                                                  "Estimated Cardinality": "7197566"
                                                                },
                                                                "cumulative_cardinality": 0,
                                                                "operator_type": "TABLE_SCAN",
                                                                "operator_cardinality": 7182106,
                                                                "cumulative_rows_scanned": 0,
                                                                "operator_rows_scanned": 201531848,
                                                                "operator_timing": 0.07040585799999997,
                                                                "children": []
                                                              }
                                                            ]
                                                          }
                                                        ]
                                                      },
                                                      {
                                                        "total_bytes_written": 0,
                                                        "total_bytes_read": 0,
                                                        "result_set_size": 144512,
                                                        "operator_name": "HASH_JOIN",
                                                        "cpu_time": 0.0,
                                                        "extra_info": {
                                                          "Join Type": "INNER",
                                                          "Conditions": "wr_item_sk = i_item_sk",
                                                          "Estimated Cardinality": "11917"
                                                        },
                                                        "cumulative_cardinality": 0,
                                                        "operator_type": "HASH_JOIN",
                                                        "operator_cardinality": 4516,
                                                        "cumulative_rows_scanned": 0,
                                                        "operator_rows_scanned": 0,
                                                        "operator_timing": 0.002579536,
                                                        "children": [
                                                          {
                                                            "total_bytes_written": 0,
                                                            "total_bytes_read": 0,
                                                            "result_set_size": 729712,
                                                            "operator_name": "PROJECTION",
                                                            "cpu_time": 0.0,
                                                            "extra_info": {
                                                              "Projections": [
                                                                "#0",
                                                                "#1",
                                                                "#2",
                                                                "#3"
                                                              ],
                                                              "Estimated Cardinality": "143844"
                                                            },
                                                            "cumulative_cardinality": 0,
                                                            "operator_type": "PROJECTION",
                                                            "operator_cardinality": 45607,
                                                            "cumulative_rows_scanned": 0,
                                                            "operator_rows_scanned": 0,
                                                            "operator_timing": 0.00012030799999999999,
                                                            "children": [
                                                              {
                                                                "total_bytes_written": 0,
                                                                "total_bytes_read": 0,
                                                                "result_set_size": 775319,
                                                                "operator_name": "FILTER",
                                                                "cpu_time": 0.0,
                                                                "extra_info": {
                                                                  "Expression": "IN (...)",
                                                                  "Estimated Cardinality": "143844"
                                                                },
                                                                "cumulative_cardinality": 0,
                                                                "operator_type": "FILTER",
                                                                "operator_cardinality": 45607,
                                                                "cumulative_rows_scanned": 0,
                                                                "operator_rows_scanned": 0,
                                                                "operator_timing": 0.001789675,
                                                                "children": [
                                                                  {
                                                                    "total_bytes_written": 0,
                                                                    "total_bytes_read": 0,
                                                                    "result_set_size": 12226315,
                                                                    "operator_name": "HASH_JOIN",
                                                                    "cpu_time": 0.0,
                                                                    "extra_info": {
                                                                      "Join Type": "MARK",
                                                                      "Conditions": "wr_reason_sk = #0",
                                                                      "Estimated Cardinality": "719222"
                                                                    },
                                                                    "cumulative_cardinality": 0,
                                                                    "operator_type": "HASH_JOIN",
                                                                    "operator_cardinality": 719195,
                                                                    "cumulative_rows_scanned": 0,
                                                                    "operator_rows_scanned": 0,
                                                                    "operator_timing": 0.005252934,
                                                                    "children": [
                                                                      {
                                                                        "total_bytes_written": 0,
                                                                        "total_bytes_read": 0,
                                                                        "result_set_size": 14383900,
                                                                        "operator_name": "SEQ_SCAN ",
                                                                        "cpu_time": 0.0,
                                                                        "extra_info": {
                                                                          "Table": "web_returns",
                                                                          "Type": "Sequential Scan",
                                                                          "Projections": [
                                                                            "wr_order_number",
                                                                            "wr_item_sk",
                                                                            "wr_reason_sk",
                                                                            "wr_return_quantity",
                                                                            "wr_return_amt"
                                                                          ],
                                                                          "Filters": "optional: wr_reason_sk IN (7, 25, 26, 52, 69)",
                                                                          "Estimated Cardinality": "719222"
                                                                        },
                                                                        "cumulative_cardinality": 0,
                                                                        "operator_type": "TABLE_SCAN",
                                                                        "operator_cardinality": 719195,
                                                                        "cumulative_rows_scanned": 0,
                                                                        "operator_rows_scanned": 4315332,
                                                                        "operator_timing": 0.004675134,
                                                                        "children": []
                                                                      },
                                                                      {
                                                                        "total_bytes_written": 0,
                                                                        "total_bytes_read": 0,
                                                                        "result_set_size": 20,
                                                                        "operator_name": "COLUMN_DATA_SCAN",
                                                                        "cpu_time": 0.0,
                                                                        "extra_info": {
                                                                          "Estimated Cardinality": "0"
                                                                        },
                                                                        "cumulative_cardinality": 0,
                                                                        "operator_type": "COLUMN_DATA_SCAN",
                                                                        "operator_cardinality": 5,
                                                                        "cumulative_rows_scanned": 0,
                                                                        "operator_rows_scanned": 0,
                                                                        "operator_timing": 2.261e-06,
                                                                        "children": []
                                                                      }
                                                                    ]
                                                                  }
                                                                ]
                                                              }
                                                            ]
                                                          },
                                                          {
                                                            "total_bytes_written": 0,
                                                            "total_bytes_read": 0,
                                                            "result_set_size": 204100,
                                                            "operator_name": "SEQ_SCAN ",
                                                            "cpu_time": 0.0,
                                                            "extra_info": {
                                                              "Table": "item",
                                                              "Type": "Sequential Scan",
                                                              "Projections": [
                                                                "i_item_sk",
                                                                "i_brand_id",
                                                                "i_class_id",
                                                                "i_category_id",
                                                                "i_manufact_id"
                                                              ],
                                                              "Filters": "i_category='Home'",
                                                              "Estimated Cardinality": "9273"
                                                            },
                                                            "cumulative_cardinality": 0,
                                                            "operator_type": "TABLE_SCAN",
                                                            "operator_cardinality": 10205,
                                                            "cumulative_rows_scanned": 0,
                                                            "operator_rows_scanned": 102000,
                                                            "operator_timing": 0.0007066759999999999,
                                                            "children": []
                                                          }
                                                        ]
                                                      }
                                                    ]
                                                  }
                                                ]
                                              }
                                            ]
                                          }
                                        ]
                                      }
                                    ]
                                  }
                                ]
                              }
                            ]
                          }
                        ]
                      }
                    ]
                  }
                ]
              },
              {
                "total_bytes_written": 0,
                "total_bytes_read": 0,
                "result_set_size": 8800,
                "operator_name": "TOP_N",
                "cpu_time": 0.0,
                "extra_info": {
                  "Top": "100",
                  "Order By": [
                    "(curr_yr.sales_cnt - prev_yr.sales_cnt) ASC",
                    "(curr_yr.sales_amt - prev_yr.sales_amt) ASC"
                  ]
                },
                "cumulative_cardinality": 0,
                "operator_type": "TOP_N",
                "operator_cardinality": 100,
                "cumulative_rows_scanned": 0,
                "operator_rows_scanned": 0,
                "operator_timing": 4.1948000000000006e-05,
                "children": [
                  {
                    "total_bytes_written": 0,
                    "total_bytes_read": 0,
                    "result_set_size": 9064,
                    "operator_name": "PROJECTION",
                    "cpu_time": 0.0,
                    "extra_info": {
                      "Projections": [
                        "prev_year",
                        "year",
                        "i_brand_id",
                        "i_class_id",
                        "i_category_id",
                        "i_manufact_id",
                        "prev_yr_cnt",
                        "curr_yr_cnt",
                        "sales_cnt_diff",
                        "sales_amt_diff"
                      ],
                      "Estimated Cardinality": "2203"
                    },
                    "cumulative_cardinality": 0,
                    "operator_type": "PROJECTION",
                    "operator_cardinality": 103,
                    "cumulative_rows_scanned": 0,
                    "operator_rows_scanned": 0,
                    "operator_timing": 1.5439999999999998e-05,
                    "children": [
                      {
                        "total_bytes_written": 0,
                        "total_bytes_read": 0,
                        "result_set_size": 9064,
                        "operator_name": "FILTER",
                        "cpu_time": 0.0,
                        "extra_info": {
                          "Expression": "((CAST(CAST(sales_cnt AS DECIMAL(17,2)) AS DOUBLE) / CAST(CAST(sales_cnt AS DECIMAL(17,2)) AS DOUBLE)) < 0.9)",
                          "Estimated Cardinality": "2203"
                        },
                        "cumulative_cardinality": 0,
                        "operator_type": "FILTER",
                        "operator_cardinality": 103,
                        "cumulative_rows_scanned": 0,
                        "operator_rows_scanned": 0,
                        "operator_timing": 9.453899999999998e-05,
                        "children": [
                          {
                            "total_bytes_written": 0,
                            "total_bytes_read": 0,
                            "result_set_size": 21472,
                            "operator_name": "HASH_JOIN",
                            "cpu_time": 0.0,
                            "extra_info": {
                              "Join Type": "INNER",
                              "Conditions": [
                                "i_brand_id = i_brand_id",
                                "i_class_id = i_class_id",
                                "i_category_id = i_category_id",
                                "i_manufact_id = i_manufact_id"
                              ],
                              "Estimated Cardinality": "2203"
                            },
                            "cumulative_cardinality": 0,
                            "operator_type": "HASH_JOIN",
                            "operator_cardinality": 244,
                            "cumulative_rows_scanned": 0,
                            "operator_rows_scanned": 0,
                            "operator_timing": 0.000790117,
                            "children": [
                              {
                                "total_bytes_written": 0,
                                "total_bytes_read": 0,
                                "result_set_size": 56368,
                                "operator_name": "FILTER",
                                "cpu_time": 0.0,
                                "extra_info": {
                                  "Expression": "(d_year = 1999)",
                                  "Estimated Cardinality": "66309"
                                },
                                "cumulative_cardinality": 0,
                                "operator_type": "FILTER",
                                "operator_cardinality": 1084,
                                "cumulative_rows_scanned": 0,
                                "operator_rows_scanned": 0,
                                "operator_timing": 4.7075000000000006e-05,
                                "children": [
                                  {
                                    "total_bytes_written": 0,
                                    "total_bytes_read": 0,
                                    "result_set_size": 109512,
                                    "operator_name": "CTE_SCAN",
                                    "cpu_time": 0.0,
                                    "extra_info": {
                                      "CTE Index": "0",
                                      "Estimated Cardinality": "66309"
                                    },
                                    "cumulative_cardinality": 0,
                                    "operator_type": "CTE_SCAN",
                                    "operator_cardinality": 2106,
                                    "cumulative_rows_scanned": 0,
                                    "operator_rows_scanned": 0,
                                    "operator_timing": 3.5633e-05,
                                    "children": []
                                  }
                                ]
                              },
                              {
                                "total_bytes_written": 0,
                                "total_bytes_read": 0,
                                "result_set_size": 53144,
                                "operator_name": "FILTER",
                                "cpu_time": 0.0,
                                "extra_info": {
                                  "Expression": "((d_year = 1998) AND (sales_cnt > 0))",
                                  "Estimated Cardinality": "66309"
                                },
                                "cumulative_cardinality": 0,
                                "operator_type": "FILTER",
                                "operator_cardinality": 1022,
                                "cumulative_rows_scanned": 0,
                                "operator_rows_scanned": 0,
                                "operator_timing": 0.00012037399999999998,
                                "children": [
                                  {
                                    "total_bytes_written": 0,
                                    "total_bytes_read": 0,
                                    "result_set_size": 109512,
                                    "operator_name": "CTE_SCAN",
                                    "cpu_time": 0.0,
                                    "extra_info": {
                                      "CTE Index": "0",
                                      "Estimated Cardinality": "66309"
                                    },
                                    "cumulative_cardinality": 0,
                                    "operator_type": "CTE_SCAN",
                                    "operator_cardinality": 2106,
                                    "cumulative_rows_scanned": 0,
                                    "operator_rows_scanned": 0,
                                    "operator_timing": 4.679699999999999e-05,
                                    "children": []
                                  }
                                ]
                              }
                            ]
                          }
                        ]
                      }
                    ]
                  }
                ]
              }
            ]
          }
        ]
      }
    ]
  },
  "actual_rows": 0
}