{
  "execution_time_ms": 112.7,
  "plan_text": "\u250c\u2500\u2500\u2500\u2500\u2500\u2500\u2500\u2500\u2500\u2500\u2500\u2500\u2500\u2500\u2500\u2500\u2500\u2500\u2500\u2500\u2500\u2500\u2500\u2500\u2500\u2500\u2500\u2500\u2500\u2500\u2500\u2500\u2500\u2500\u2500\u2500\u2500\u2510\n\u2502\u250c\u2500\u2500\u2500\u2500\u2500\u2500\u2500\u2500\u2500\u2500\u2500\u2500\u2500\u2500\u2500\u2500\u2500\u2500\u2500\u2500\u2500\u2500\u2500\u2500\u2500\u2500\u2500\u2500\u2500\u2500\u2500\u2500\u2500\u2500\u2500\u2510\u2502\n\u2502\u2502    Query Profiling Information    \u2502\u2502\n\u2502\u2514\u2500\u2500\u2500\u2500\u2500\u2500\u2500\u2500\u2500\u2500\u2500\u2500\u2500\u2500\u2500\u2500\u2500\u2500\u2500\u2500\u2500\u2500\u2500\u2500\u2500\u2500\u2500\u2500\u2500\u2500\u2500\u2500\u2500\u2500\u2500\u2518\u2502\n\u2514\u2500\u2500\u2500\u2500\u2500\u2500\u2500\u2500\u2500\u2500\u2500\u2500\u2500\u2500\u2500\u2500\u2500\u2500\u2500\u2500\u2500\u2500\u2500\u2500\u2500\u2500\u2500\u2500\u2500\u2500\u2500\u2500\u2500\u2500\u2500\u2500\u2500\u2518\nEXPLAIN ANALYZE WITH all_sales AS (  SELECT d_year        ,i_brand_id        ,i_class_id        ,i_category_id        ,i_manufact_id        ,SUM(sales_cnt) AS sales_cnt        ,SUM(sales_amt) AS sales_amt  FROM (SELECT d_year              ,i_brand_id              ,i_class_id              ,i_category_id              ,i_manufact_id              ,cs_quantity - COALESCE(cr_return_quantity,0) AS sales_cnt              ,cs_ext_sales_price - COALESCE(cr_return_amount,0.0) AS sales_amt        FROM catalog_sales JOIN item ON i_item_sk=cs_item_sk                           JOIN date_dim ON d_date_sk=cs_sold_date_sk                           LEFT JOIN catalog_returns ON (cs_order_number=cr_order_number                                                     AND cs_item_sk=cr_item_sk)        WHERE i_category='Children'        and cs_sales_price / cs_list_price BETWEEN 69 * 0.01 AND 89 * 0.01        and cr_reason_sk in (8, 18, 20, 23, 41)        UNION        SELECT d_year              ,i_brand_id              ,i_class_id              ,i_category_id              ,i_manufact_id              ,ss_quantity - COALESCE(sr_return_quantity,0) AS sales_cnt              ,ss_ext_sales_price - COALESCE(sr_return_amt,0.0) AS sales_amt        FROM store_sales JOIN item ON i_item_sk=ss_item_sk                         JOIN date_dim ON d_date_sk=ss_sold_date_sk                         LEFT JOIN store_returns ON (ss_ticket_number=sr_ticket_number                                                 AND ss_item_sk=sr_item_sk)        WHERE i_category='Children'        and ss_sales_price / ss_list_price BETWEEN 69 * 0.01 AND 89 * 0.01        and sr_reason_sk in (8, 18, 20, 23, 41)        UNION        SELECT d_year              ,i_brand_id              ,i_class_id              ,i_category_id              ,i_manufact_id              ,ws_quantity - COALESCE(wr_return_quantity,0) AS sales_cnt              ,ws_ext_sales_price - COALESCE(wr_return_amt,0.0) AS sales_amt        FROM web_sales JOIN item ON i_item_sk=ws_item_sk                       JOIN date_dim ON d_date_sk=ws_sold_date_sk                       LEFT JOIN web_returns ON (ws_order_number=wr_order_number                                             AND ws_item_sk=wr_item_sk)        WHERE i_category='Children'        and ws_sales_price / ws_list_price BETWEEN 69 * 0.01 AND 89 * 0.01        and wr_reason_sk in (8, 18, 20, 23, 41)) sales_detail GROUP BY d_year, i_brand_id, i_class_id, i_category_id, i_manufact_id)  SELECT  prev_yr.d_year AS prev_year                           ,curr_yr.d_year AS year                           ,curr_yr.i_brand_id                           ,curr_yr.i_class_id                           ,curr_yr.i_category_id                           ,curr_yr.i_manufact_id                           ,prev_yr.sales_cnt AS prev_yr_cnt                           ,curr_yr.sales_cnt AS curr_yr_cnt                           ,curr_yr.sales_cnt-prev_yr.sales_cnt AS sales_cnt_diff                           ,curr_yr.sales_amt-prev_yr.sales_amt AS sales_amt_diff  FROM all_sales curr_yr, all_sales prev_yr  WHERE curr_yr.i_brand_id=prev_yr.i_brand_id    AND curr_yr.i_class_id=prev_yr.i_class_id    AND curr_yr.i_category_id=prev_yr.i_category_id    AND curr_yr.i_manufact_id=prev_yr.i_manufact_id    AND curr_yr.d_year=1999    AND prev_yr.d_year=1999-1    AND prev_yr.sales_cnt > 0    AND CAST(curr_yr.sales_cnt AS DECIMAL(17,2))/CAST(prev_yr.sales_cnt AS DECIMAL(17,2))<0.9  ORDER BY sales_cnt_diff,sales_amt_diff  limit 100\n\u250c\u2500\u2500\u2500\u2500\u2500\u2500\u2500\u2500\u2500\u2500\u2500\u2500\u2500\u2500\u2500\u2500\u2500\u2500\u2500\u2500\u2500\u2500\u2500\u2500\u2500\u2500\u2500\u2500\u2500\u2500\u2500\u2500\u2500\u2500\u2500\u2500\u2500\u2500\u2500\u2500\u2500\u2500\u2500\u2500\u2500\u2500\u2500\u2500\u2510\n\u2502\u250c\u2500\u2500\u2500\u2500\u2500\u2500\u2500\u2500\u2500\u2500\u2500\u2500\u2500\u2500\u2500\u2500\u2500\u2500\u2500\u2500\u2500\u2500\u2500\u2500\u2500\u2500\u2500\u2500\u2500\u2500\u2500\u2500\u2500\u2500\u2500\u2500\u2500\u2500\u2500\u2500\u2500\u2500\u2500\u2500\u2500\u2500\u2510\u2502\n\u2502\u2502              Total Time: 0.114s              \u2502\u2502\n\u2502\u2514\u2500\u2500\u2500\u2500\u2500\u2500\u2500\u2500\u2500\u2500\u2500\u2500\u2500\u2500\u2500\u2500\u2500\u2500\u2500\u2500\u2500\u2500\u2500\u2500\u2500\u2500\u2500\u2500\u2500\u2500\u2500\u2500\u2500\u2500\u2500\u2500\u2500\u2500\u2500\u2500\u2500\u2500\u2500\u2500\u2500\u2500\u2518\u2502\n\u2514\u2500\u2500\u2500\u2500\u2500\u2500\u2500\u2500\u2500\u2500\u2500\u2500\u2500\u2500\u2500\u2500\u2500\u2500\u2500\u2500\u2500\u2500\u2500\u2500\u2500\u2500\u2500\u2500\u2500\u2500\u2500\u2500\u2500\u2500\u2500\u2500\u2500\u2500\u2500\u2500\u2500\u2500\u2500\u2500\u2500\u2500\u2500\u2500\u2518\n\u250c\u2500\u2500\u2500\u2500\u2500\u2500\u2500\u2500\u2500\u2500\u2500\u2500\u2500\u2510\n\u2502    QUERY    \u2502\n\u2514\u2500\u2500\u2500\u2500\u2500\u2500\u252c\u2500\u2500\u2500\u2500\u2500\u2500\u2518\n\u250c\u2500\u2500\u2500\u2500\u2500\u2500\u2534\u2500\u2500\u2500\u2500\u2500\u2500\u2510\n\u2502EXPLAIN_...  \u2502\n\u2502    \u2500\u2500\u2500\u2500\u2500\u2500   \u2502\n\u2502    0 rows   \u2502\n\u2502   (0.00s)   \u2502\n\u2514\u2500\u2500\u2500\u2500\u2500\u2500\u252c\u2500\u2500\u2500\u2500\u2500\u2500\u2518\n\u250c\u2500\u2500\u2500\u2500\u2500\u2500\u2534\u2500\u2500\u2500\u2500\u2500\u2500\u2510\n\u2502     CTE     \u2502\n\u2502    \u2500\u2500\u2500\u2500\u2500\u2500   \u2502\n\u2502  CTE Name:  \u2502\n\u2502  all_sales  \u2502\n\u2502             \u2502\n\u2502 Table Index:\u251c\u2500\u2500\u2500\u2500\u2500\u2500\u2500\u2500\u2500\u2500\u2500\u2500\u2500\u2500\u2500\u2500\u2500\u2500\u2500\u2500\u2500\u2500\u2500\u2500\u2500\u2500\u2500\u2500\u2500\u2500\u2500\u2500\u2500\u2500\u2500\u2500\u2500\u2500\u2500\u2500\u2500\u2500\u2500\u2500\u2500\u2500\u2500\u2500\u2500\u2500\u2500\u2500\u2500\u2500\u2500\u2500\u2500\u2500\u2500\u2500\u2500\u2500\u2500\u2500\u2500\u2500\u2500\u2500\u2500\u2500\u2500\u2500\u2500\u2500\u2500\u2500\u2500\u2500\u2500\u2500\u2500\u2500\u2500\u2500\u2500\u2500\u2500\u2500\u2500\u2500\u2500\u2500\u2500\u2500\u2500\u2500\u2500\u2500\u2500\u2500\u2500\u2500\u2500\u2500\u2500\u2500\u2500\u2500\u2500\u2500\u2500\u2500\u2500\u2500\u2500\u2500\u2500\u2500\u2500\u2500\u2500\u2500\u2500\u2500\u2500\u2500\u2500\u2500\u2500\u2500\u2500\u2500\u2500\u2500\u2500\u2500\u2500\u2500\u2500\u2500\u2500\u2500\u2500\u2500\u2500\u2500\u2500\u2500\u2500\u2500\u2500\u2500\u2500\u2500\u2500\u2500\u2500\u2500\u2500\u2500\u2500\u2500\u2500\u2500\u2500\u2500\u2500\u2500\u2500\u2500\u2500\u2500\u2500\u2500\u2500\u2500\u2500\u2500\u2500\u2500\u2500\u2500\u2500\u2500\u2500\u2500\u2500\u2500\u2500\u2500\u2500\u2500\u2500\u2500\u2500\u2500\u2500\u2500\u2500\u2500\u2500\u2500\u2500\u2500\u2500\u2500\u2500\u2500\u2500\u2500\u2500\u2500\u2500\u2500\u2500\u2500\u2500\u2510\n\u2502      0      \u2502                                                                                                                                                                                                                         \u2502\n\u2502             \u2502                                                                                                                                                                                                                         \u2502\n\u2502    0 rows   \u2502                                                                                                                                                                                                                         \u2502\n\u2502   (0.00s)   \u2502                                                                                                                                                                                                                         \u2502\n\u2514\u2500\u2500\u2500\u2500\u2500\u2500\u252c\u2500\u2500\u2500\u2500\u2500\u2500\u2518                                                                                                                                                                                                                         \u2502\n\u250c\u2500\u2500\u2500\u2500\u2500\u2500\u2534\u2500\u2500\u2500\u2500\u2500\u2500\u2510                                                                                                                                                                                                                  \u250c\u2500\u2500\u2500\u2500\u2500\u2500\u2534\u2500\u2500\u2500\u2500\u2500\u2500\u2510\n\u2502    FILTER   \u2502                                                                                                                                                                                                                  \u2502    TOP_N    \u2502\n\u2502    \u2500\u2500\u2500\u2500\u2500\u2500   \u2502                                                                                                                                                                                                                  \u2502    \u2500\u2500\u2500\u2500\u2500\u2500   \u2502\n\u2502  ((d_year = \u2502                                                                                                                                                                                                                  \u2502     Top:    \u2502\n\u2502  1999) OR ( \u2502                                                                                                                                                                                                                  \u2502     100     \u2502\n\u2502  (d_year =  \u2502                                                                                                                                                                                                                  \u2502             \u2502\n\u2502  1998) AND  \u2502                                                                                                                                                                                                                  \u2502  Order By:  \u2502\n\u2502 (sales_cnt >\u2502                                                                                                                                                                                                                  \u2502   (curr_yr  \u2502\n\u2502     0)))    \u2502                                                                                                                                                                                                                  \u2502 .sales_cnt -\u2502\n\u2502             \u2502                                                                                                                                                                                                                  \u2502    prev_yr  \u2502\n\u2502             \u2502                                                                                                                                                                                                                  \u2502 .sales_cnt) \u2502\n\u2502             \u2502                                                                                                                                                                                                                  \u2502      ASC    \u2502\n\u2502             \u2502                                                                                                                                                                                                                  \u2502   (curr_yr  \u2502\n\u2502             \u2502                                                                                                                                                                                                                  \u2502 .sales_amt -\u2502\n\u2502             \u2502                                                                                                                                                                                                                  \u2502    prev_yr  \u2502\n\u2502             \u2502                                                                                                                                                                                                                  \u2502 .sales_amt) \u2502\n\u2502             \u2502                                                                                                                                                                                                                  \u2502      ASC    \u2502\n\u2502             \u2502                                                                                                                                                                                                                  \u2502             \u2502\n\u2502  2,803 rows \u2502                                                                                                                                                                                                                  \u2502   100 rows  \u2502\n\u2502   (0.00s)   \u2502                                                                                                                                                                                                                  \u2502   (0.00s)   \u2502\n\u2514\u2500\u2500\u2500\u2500\u2500\u2500\u252c\u2500\u2500\u2500\u2500\u2500\u2500\u2518                                                                                                                                                                                                                  \u2514\u2500\u2500\u2500\u2500\u2500\u2500\u252c\u2500\u2500\u2500\u2500\u2500\u2500\u2518\n\u250c\u2500\u2500\u2500\u2500\u2500\u2500\u2534\u2500\u2500\u2500\u2500\u2500\u2500\u2510                                                                                                                                                                                                                  \u250c\u2500\u2500\u2500\u2500\u2500\u2500\u2534\u2500\u2500\u2500\u2500\u2500\u2500\u2510\n\u2502  PROJECTION \u2502                                                                                                                                                                                                                  \u2502  PROJECTION \u2502\n\u2502    \u2500\u2500\u2500\u2500\u2500\u2500   \u2502                                                                                                                                                                                                                  \u2502    \u2500\u2500\u2500\u2500\u2500\u2500   \u2502\n\u2502__internal_de\u2502                                                                                                                                                                                                                  \u2502  prev_year  \u2502\n\u2502compress_inte\u2502                                                                                                                                                                                                                  \u2502     year    \u2502\n\u2502 gral_integer\u2502                                                                                                                                                                                                                  \u2502  i_brand_id \u2502\n\u2502  (#0, 1900) \u2502                                                                                                                                                                                                                  \u2502  i_class_id \u2502\n\u2502      #1     \u2502                                                                                                                                                                                                                  \u2502i_category_id\u2502\n\u2502__internal_de\u2502                                                                                                                                                                                                                  \u2502i_manufact_id\u2502\n\u2502compress_inte\u2502                                                                                                                                                                                                                  \u2502 prev_yr_cnt \u2502\n\u2502 gral_integer\u2502                                                                                                                                                                                                                  \u2502 curr_yr_cnt \u2502\n\u2502   (#2, 1)   \u2502                                                                                                                                                                                                                  \u2502sales_cnt_dif\u2502\n\u2502__internal_de\u2502                                                                                                                                                                                                                  \u2502      f      \u2502\n\u2502compress_inte\u2502                                                                                                                                                                                                                  \u2502sales_amt_dif\u2502\n\u2502 gral_integer\u2502                                                                                                                                                                                                                  \u2502      f      \u2502\n\u2502   (#3, 1)   \u2502                                                                                                                                                                                                                  \u2502             \u2502\n\u2502__internal_de\u2502                                                                                                                                                                                                                  \u2502             \u2502\n\u2502compress_inte\u2502                                                                                                                                                                                                                  \u2502             \u2502\n\u2502 gral_integer\u2502                                                                                                                                                                                                                  \u2502             \u2502\n\u2502   (#4, 1)   \u2502                                                                                                                                                                                                                  \u2502             \u2502\n\u2502      #5     \u2502                                                                                                                                                                                                                  \u2502             \u2502\n\u2502      #6     \u2502                                                                                                                                                                                                                  \u2502             \u2502\n\u2502             \u2502                                                                                                                                                                                                                  \u2502             \u2502\n\u2502  7,516 rows \u2502                                                                                                                                                                                                                  \u2502   315 rows  \u2502\n\u2502   (0.00s)   \u2502                                                                                                                                                                                                                  \u2502   (0.00s)   \u2502\n\u2514\u2500\u2500\u2500\u2500\u2500\u2500\u252c\u2500\u2500\u2500\u2500\u2500\u2500\u2518                                                                                                                                                                                                                  \u2514\u2500\u2500\u2500\u2500\u2500\u2500\u252c\u2500\u2500\u2500\u2500\u2500\u2500\u2518\n\u250c\u2500\u2500\u2500\u2500\u2500\u2500\u2534\u2500\u2500\u2500\u2500\u2500\u2500\u2510                                                                                                                                                                                                                  \u250c\u2500\u2500\u2500\u2500\u2500\u2500\u2534\u2500\u2500\u2500\u2500\u2500\u2500\u2510\n\u2502HASH_GROUP_BY\u2502                                                                                                                                                                                                                  \u2502    FILTER   \u2502\n\u2502    \u2500\u2500\u2500\u2500\u2500\u2500   \u2502                                                                                                                                                                                                                  \u2502    \u2500\u2500\u2500\u2500\u2500\u2500   \u2502\n\u2502   Groups:   \u2502                                                                                                                                                                                                                  \u2502 ((CAST(CAST \u2502\n\u2502      #0     \u2502                                                                                                                                                                                                                  \u2502  (sales_cnt \u2502\n\u2502      #1     \u2502                                                                                                                                                                                                                  \u2502  AS DECIMAL \u2502\n\u2502      #2     \u2502                                                                                                                                                                                                                  \u2502  (17,2)) AS \u2502\n\u2502      #3     \u2502                                                                                                                                                                                                                  \u2502   DOUBLE) / \u2502\n\u2502      #4     \u2502                                                                                                                                                                                                                  \u2502   CAST(CAST \u2502\n\u2502             \u2502                                                                                                                                                                                                                  \u2502  (sales_cnt \u2502\n\u2502 Aggregates: \u2502                                                                                                                                                                                                                  \u2502  AS DECIMAL \u2502\n\u2502   sum(#5)   \u2502                                                                                                                                                                                                                  \u2502  (17,2)) AS \u2502\n\u2502   sum(#6)   \u2502                                                                                                                                                                                                                  \u2502  DOUBLE)) < \u2502\n\u2502             \u2502                                                                                                                                                                                                                  \u2502     0.9)    \u2502\n\u2502             \u2502                                                                                                                                                                                                                  \u2502             \u2502\n\u2502  7,516 rows \u2502                                                                                                                                                                                                                  \u2502   315 rows  \u2502\n\u2502   (0.01s)   \u2502                                                                                                                                                                                                                  \u2502   (0.00s)   \u2502\n\u2514\u2500\u2500\u2500\u2500\u2500\u2500\u252c\u2500\u2500\u2500\u2500\u2500\u2500\u2518                                                                                                                                                                                                                  \u2514\u2500\u2500\u2500\u2500\u2500\u2500\u252c\u2500\u2500\u2500\u2500\u2500\u2500\u2518\n\u250c\u2500\u2500\u2500\u2500\u2500\u2500\u2534\u2500\u2500\u2500\u2500\u2500\u2500\u2510                                                                                                                                                                                                                  \u250c\u2500\u2500\u2500\u2500\u2500\u2500\u2534\u2500\u2500\u2500\u2500\u2500\u2500\u2510\n\u2502  PROJECTION \u2502                                                                                                                                                                                                                  \u2502  HASH_JOIN  \u2502\n\u2502    \u2500\u2500\u2500\u2500\u2500\u2500   \u2502                                                                                                                                                                                                                  \u2502    \u2500\u2500\u2500\u2500\u2500\u2500   \u2502\n\u2502    d_year   \u2502                                                                                                                                                                                                                  \u2502  Join Type: \u2502\n\u2502  i_brand_id \u2502                                                                                                                                                                                                                  \u2502    INNER    \u2502\n\u2502  i_class_id \u2502                                                                                                                                                                                                                  \u2502             \u2502\n\u2502i_category_id\u2502                                                                                                                                                                                                                  \u2502 Conditions: \u2502\n\u2502i_manufact_id\u2502                                                                                                                                                                                                                  \u2502 i_brand_id =\u2502\n\u2502  sales_cnt  \u2502                                                                                                                                                                                                                  \u2502  i_brand_id \u2502\n\u2502  sales_amt  \u2502                                                                                                                                                                                                                  \u2502 i_class_id =\u2502\n\u2502             \u2502                                                                                                                                                                                                                  \u2502  i_class_id \u251c\n\u2502             \u2502                                                                                                                                                                                                                  \u2502i_category_id\u2502\n\u2502             \u2502                                                                                                                                                                                                                  \u2502 = i_category\u2502\n\u2502             \u2502                                                                                                                                                                                                                  \u2502     _id     \u2502\n\u2502             \u2502                                                                                                                                                                                                                  \u2502i_manufact_id\u2502\n\u2502             \u2502                                                                                                                                                                                                                  \u2502 = i_manufact\u2502\n\u2502             \u2502                                                                                                                                                                                                                  \u2502     _id     \u2502\n\u2502             \u2502                                                                                                                                                                                                                  \u2502             \u2502\n\u2502 10,131 rows \u2502                                                                                                                                                                                                                  \u2502   664 rows  \u2502\n\u2502   (0.00s)   \u2502                                                                                                                                                                                                                  \u2502   (0.00s)   \u2502\n\u2514\u2500\u2500\u2500\u2500\u2500\u2500\u252c\u2500\u2500\u2500\u2500\u2500\u2500\u2518                                                                                                                                                                                                                  \u2514\u2500\u2500\u2500\u2500\u2500\u2500\u252c\u2500\u2500\u2500\u2500\u2500\u2500\u2518\n\u250c\u2500\u2500\u2500\u2500\u2500\u2500\u2534\u2500\u2500\u2500\u2500\u2500\u2500\u2510                                                                                                                                                                                                                  \u250c\u2500\u2500\u2500\u2500\u2500\u2500\u2534\u2500\u2500\u2500\u2500\u2500\u2500\u2510\n\u2502  PROJECTION \u2502                                                                                                                                                                                                                  \u2502    FILTER   \u2502\n\u2502    \u2500\u2500\u2500\u2500\u2500\u2500   \u2502                                                                                                                                                                                                                  \u2502    \u2500\u2500\u2500\u2500\u2500\u2500   \u2502\n\u2502__internal_co\u2502                                                                                                                                                                                                                  \u2502  (d_year =  \u2502\n\u2502mpress_integr\u2502                                                                                                                                                                                                                  \u2502     1999)   \u2502\n\u2502 al_utinyint(\u2502                                                                                                                                                                                                                  \u2502             \u2502\n\u2502  #0, 1900)  \u2502                                                                                                                                                                                                                  \u2502             \u2502\n\u2502      #1     \u2502                                                                                                                                                                                                                  \u2502             \u2502\n\u2502__internal_co\u2502                                                                                                                                                                                                                  \u2502             \u2502\n\u2502mpress_integr\u2502                                                                                                                                                                                                                  \u2502             \u2502\n\u2502 al_utinyint(\u2502                                                                                                                                                                                                                  \u2502             \u2502\n\u2502    #2, 1)   \u2502                                                                                                                                                                                                                  \u2502             \u2502\n\u2502__internal_co\u2502                                                                                                                                                                                                                  \u2502             \u2502\n\u2502mpress_integr\u2502                                                                                                                                                                                                                  \u2502             \u2502\n\u2502 al_utinyint(\u2502                                                                                                                                                                                                                  \u2502             \u2502\n\u2502    #3, 1)   \u2502                                                                                                                                                                                                                  \u2502             \u2502\n\u2502__internal_co\u2502                                                                                                                                                                                                                  \u2502             \u2502\n\u2502mpress_integr\u2502                                                                                                                                                                                                                  \u2502             \u2502\n\u2502 al_usmallint\u2502                                                                                                                                                                                                                  \u2502             \u2502\n\u2502   (#4, 1)   \u2502                                                                                                                                                                                                                  \u2502             \u2502\n\u2502      #5     \u2502                                                                                                                                                                                                                  \u2502             \u2502\n\u2502      #6     \u2502                                                                                                                                                                                                                  \u2502             \u2502\n\u2502             \u2502                                                                                                                                                                                                                  \u2502             \u2502\n\u2502 10,131 rows \u2502                                                                                                                                                                                                                  \u2502  1,454 rows \u2502\n\u2502   (0.00s)   \u2502                                                                                                                                                                                                                  \u2502   (0.00s)   \u2502\n\u2514\u2500\u2500\u2500\u2500\u2500\u2500\u252c\u2500\u2500\u2500\u2500\u2500\u2500\u2518                                                                                                                                                                                                                  \u2514\u2500\u2500\u2500\u2500\u2500\u2500\u252c\u2500\u2500\u2500\u2500\u2500\u2500\u2518\n\u250c\u2500\u2500\u2500\u2500\u2500\u2500\u2534\u2500\u2500\u2500\u2500\u2500\u2500\u2510                                                                                                                                                                                                                  \u250c\u2500\u2500\u2500\u2500\u2500\u2500\u2534\u2500\u2500\u2500\u2500\u2500\u2500\u2510\n\u2502HASH_GROUP_BY\u2502                                                                                                                                                                                                                  \u2502   CTE_SCAN  \u2502\n\u2502    \u2500\u2500\u2500\u2500\u2500\u2500   \u2502                                                                                                                                                                                                                  \u2502    \u2500\u2500\u2500\u2500\u2500\u2500   \u2502\n\u2502   Groups:   \u2502                                                                                                                                                                                                                  \u2502  CTE Index: \u2502\n\u2502      #0     \u2502                                                                                                                                                                                                                  \u2502      0      \u2502\n\u2502      #1     \u2502                                                                                                                                                                                                                  \u2502             \u2502\n\u2502      #2     \u2502                                                                                                                                                                                                                  \u2502             \u2502\n\u2502      #3     \u2502                                                                                                                                                                                                                  \u2502             \u2502\n\u2502      #4     \u2502                                                                                                                                                                                                                  \u2502             \u2502\n\u2502      #5     \u2502                                                                                                                                                                                                                  \u2502             \u2502\n\u2502      #6     \u2502                                                                                                                                                                                                                  \u2502             \u2502\n\u2502             \u2502                                                                                                                                                                                                                  \u2502             \u2502\n\u2502 10,131 rows \u2502                                                                                                                                                                                                                  \u2502  2,803 rows \u2502\n\u2502   (0.00s)   \u2502                                                                                                                                                                                                                  \u2502   (0.00s)   \u2502\n\u2514\u2500\u2500\u2500\u2500\u2500\u2500\u252c\u2500\u2500\u2500\u2500\u2500\u2500\u2518                                                                                                                                                                                                                  \u2514\u2500\u2500\u2500\u2500\u2500\u2500\u2500\u2500\u2500\u2500\u2500\u2500\u2500\u2518\n\u250c\u2500\u2500\u2500\u2500\u2500\u2500\u2534\u2500\u2500\u2500\u2500\u2500\u2500\u2510\n\u2502    UNION    \u2502\n\u2502    \u2500\u2500\u2500\u2500\u2500\u2500   \u2502\n\u2502    0 rows   \u251c\u2500\u2500\u2500\u2500\u2500\u2500\u2500\u2500\u2500\u2500\u2500\u2500\u2500\u2500\u2500\u2500\u2500\u2500\u2500\u2500\u2500\u2500\u2500\u2500\u2500\u2500\u2500\u2500\u2500\u2500\u2500\u2500\u2500\u2500\u2500\u2500\u2500\u2500\u2500\u2500\u2500\u2500\u2500\u2500\u2500\u2500\u2500\u2500\u2500\u2500\u2500\u2500\u2500\u2500\u2500\u2500\u2500\u2500\u2500\u2500\u2500\u2500\u2500\u2500\u2500\u2500\u2500\u2500\u2500\u2500\u2500\u2500\u2500\u2500\u2500\u2500\u2500\u2500\u2500\u2500\u2500\u2500\u2500\u2500\u2500\u2500\u2500\u2500\u2500\u2500\u2500\u2500\u2500\u2500\u2500\u2500\u2500\u2500\u2500\u2500\u2500\u2500\u2500\u2500\u2500\u2500\u2500\u2500\u2500\u2500\u2500\u2500\u2500\u2500\u2500\u2500\u2500\u2500\u2500\u2500\u2500\u2500\u2500\u2500\u2500\u2500\u2500\u2500\u2500\u2500\u2500\u2500\u2500\u2500\u2500\u2500\u2500\u2500\u2500\u2500\u2500\u2500\u2510\n\u2502   (0.00s)   \u2502                                                                                                                                              \u2502\n\u2514\u2500\u2500\u2500\u2500\u2500\u2500\u252c\u2500\u2500\u2500\u2500\u2500\u2500\u2518                                                                                                                                              \u2502\n\u250c\u2500\u2500\u2500\u2500\u2500\u2500\u2534\u2500\u2500\u2500\u2500\u2500\u2500\u2510                                                                                                                                       \u250c\u2500\u2500\u2500\u2500\u2500\u2500\u2534\u2500\u2500\u2500\u2500\u2500\u2500\u2510\n\u2502HASH_GROUP_BY\u2502                                                                                                                                       \u2502  PROJECTION \u2502\n\u2502    \u2500\u2500\u2500\u2500\u2500\u2500   \u2502                                                                                                                                       \u2502    \u2500\u2500\u2500\u2500\u2500\u2500   \u2502\n\u2502   Groups:   \u2502                                                                                                                                       \u2502    d_year   \u2502\n\u2502      #0     \u2502                                                                                                                                       \u2502  i_brand_id \u2502\n\u2502      #1     \u2502                                                                                                                                       \u2502  i_class_id \u2502\n\u2502      #2     \u2502                                                                                                                                       \u2502i_category_id\u2502\n\u2502      #3     \u2502                                                                                                                                       \u2502i_manufact_id\u2502\n\u2502      #4     \u2502                                                                                                                                       \u2502  sales_cnt  \u2502\n\u2502      #5     \u2502                                                                                                                                       \u2502  sales_amt  \u2502\n\u2502      #6     \u2502                                                                                                                                       \u2502             \u2502\n\u2502             \u2502                                                                                                                                       \u2502             \u2502\n\u2502  8,643 rows \u2502                                                                                                                                       \u2502  1,491 rows \u2502\n\u2502   (0.02s)   \u2502                                                                                                                                       \u2502   (0.00s)   \u2502\n\u2514\u2500\u2500\u2500\u2500\u2500\u2500\u252c\u2500\u2500\u2500\u2500\u2500\u2500\u2518                                                                                                                                       \u2514\u2500\u2500\u2500\u2500\u2500\u2500\u252c\u2500\u2500\u2500\u2500\u2500\u2500\u2518\n\u250c\u2500\u2500\u2500\u2500\u2500\u2500\u2534\u2500\u2500\u2500\u2500\u2500\u2500\u2510                                                                                                                                       \u250c\u2500\u2500\u2500\u2500\u2500\u2500\u2534\u2500\u2500\u2500\u2500\u2500\u2500\u2510\n\u2502    UNION    \u2502                                                                                                                                       \u2502  HASH_JOIN  \u2502\n\u2502    \u2500\u2500\u2500\u2500\u2500\u2500   \u2502                                                                                                                                       \u2502    \u2500\u2500\u2500\u2500\u2500\u2500   \u2502\n\u2502             \u2502                                                                                                                                       \u2502  Join Type: \u2502\n\u2502             \u2502                                                                                                                                       \u2502    INNER    \u2502\n\u2502             \u2502                                                                                                                                       \u2502             \u2502\n\u2502             \u2502                                                                                                                                       \u2502 Conditions: \u2502\n\u2502             \u251c\u2500\u2500\u2500\u2500\u2500\u2500\u2500\u2500\u2500\u2500\u2500\u2500\u2500\u2500\u2500\u2500\u2500\u2500\u2500\u2500\u2500\u2500\u2500\u2500\u2500\u2500\u2500\u2500\u2500\u2500\u2500\u2500\u2500\u2500\u2500\u2500\u2500\u2500\u2500\u2500\u2500\u2500\u2500\u2500\u2500\u2500\u2500\u2500\u2500\u2500\u2500\u2500\u2500\u2500\u2500\u2500\u2500\u2500\u2500\u2500\u2500\u2500\u2500\u2500\u2500\u2500\u2500\u2510                                                                   \u2502 d_date_sk = \u251c\u2500\u2500\u2500\u2500\u2500\u2500\u2500\u2510\n\u2502             \u2502                                                                   \u2502                                                                   \u2502 ws_sold_date\u2502       \u2502\n\u2502             \u2502                                                                   \u2502                                                                   \u2502     _sk     \u2502       \u2502\n\u2502             \u2502                                                                   \u2502                                                                   \u2502             \u2502       \u2502\n\u2502    0 rows   \u2502                                                                   \u2502                                                                   \u2502  1,491 rows \u2502       \u2502\n\u2502   (0.00s)   \u2502                                                                   \u2502                                                                   \u2502   (0.00s)   \u2502       \u2502\n\u2514\u2500\u2500\u2500\u2500\u2500\u2500\u252c\u2500\u2500\u2500\u2500\u2500\u2500\u2518                                                                   \u2502                                                                   \u2514\u2500\u2500\u2500\u2500\u2500\u2500\u252c\u2500\u2500\u2500\u2500\u2500\u2500\u2518       \u2502\n\u250c\u2500\u2500\u2500\u2500\u2500\u2500\u2534\u2500\u2500\u2500\u2500\u2500\u2500\u2510                                                            \u250c\u2500\u2500\u2500\u2500\u2500\u2500\u2534\u2500\u2500\u2500\u2500\u2500\u2500\u2510                                                            \u250c\u2500\u2500\u2500\u2500\u2500\u2500\u2534\u2500\u2500\u2500\u2500\u2500\u2500\u2510\u250c\u2500\u2500\u2500\u2500\u2500\u2500\u2534\u2500\u2500\u2500\u2500\u2500\u2500\u2510\n\u2502  PROJECTION \u2502                                                            \u2502  PROJECTION \u2502                                                            \u2502  TABLE_SCAN \u2502\u2502  HASH_JOIN  \u2502\n\u2502    \u2500\u2500\u2500\u2500\u2500\u2500   \u2502                                                            \u2502    \u2500\u2500\u2500\u2500\u2500\u2500   \u2502                                                            \u2502    \u2500\u2500\u2500\u2500\u2500\u2500   \u2502\u2502    \u2500\u2500\u2500\u2500\u2500\u2500   \u2502\n\u2502    d_year   \u2502                                                            \u2502    d_year   \u2502                                                            \u2502    Table:   \u2502\u2502  Join Type: \u2502\n\u2502  i_brand_id \u2502                                                            \u2502  i_brand_id \u2502                                                            \u2502   date_dim  \u2502\u2502    INNER    \u2502\n\u2502  i_class_id \u2502                                                            \u2502  i_class_id \u2502                                                            \u2502             \u2502\u2502             \u2502\n\u2502i_category_id\u2502                                                            \u2502i_category_id\u2502                                                            \u2502    Type:    \u2502\u2502 Conditions: \u2502\n\u2502i_manufact_id\u2502                                                            \u2502i_manufact_id\u2502                                                            \u2502  Sequential \u2502\u2502 ws_item_sk =\u2502\n\u2502  sales_cnt  \u2502                                                            \u2502  sales_cnt  \u2502                                                            \u2502     Scan    \u2502\u2502  wr_item_sk \u2502\n\u2502  sales_amt  \u2502                                                            \u2502  sales_amt  \u2502                                                            \u2502             \u2502\u2502ws_order_numb\u2502\n\u2502             \u2502                                                            \u2502             \u2502                                                            \u2502 Projections:\u2502\u2502er = wr_order\u2502\n\u2502             \u2502                                                            \u2502             \u2502                                                            \u2502  d_date_sk  \u2502\u2502   _number   \u251c\u2500\u2500\u2500\u2500\u2500\u2500\u2500\u2510\n\u2502             \u2502                                                            \u2502             \u2502                                                            \u2502    d_year   \u2502\u2502             \u2502       \u2502\n\u2502             \u2502                                                            \u2502             \u2502                                                            \u2502             \u2502\u2502             \u2502       \u2502\n\u2502             \u2502                                                            \u2502             \u2502                                                            \u2502   Filters:  \u2502\u2502             \u2502       \u2502\n\u2502             \u2502                                                            \u2502             \u2502                                                            \u2502  d_date_sk> \u2502\u2502             \u2502       \u2502\n\u2502             \u2502                                                            \u2502             \u2502                                                            \u2502 =2450816 AND\u2502\u2502             \u2502       \u2502\n\u2502             \u2502                                                            \u2502             \u2502                                                            \u2502  d_date_sk< \u2502\u2502             \u2502       \u2502\n\u2502             \u2502                                                            \u2502             \u2502                                                            \u2502   =2452642  \u2502\u2502             \u2502       \u2502\n\u2502             \u2502                                                            \u2502             \u2502                                                            \u2502             \u2502\u2502             \u2502       \u2502\n\u2502  3,032 rows \u2502                                                            \u2502  5,619 rows \u2502                                                            \u2502  1,824 rows \u2502\u2502  1,491 rows \u2502       \u2502\n\u2502   (0.00s)   \u2502                                                            \u2502   (0.00s)   \u2502                                                            \u2502   (0.00s)   \u2502\u2502   (0.03s)   \u2502       \u2502\n\u2514\u2500\u2500\u2500\u2500\u2500\u2500\u252c\u2500\u2500\u2500\u2500\u2500\u2500\u2518                                                            \u2514\u2500\u2500\u2500\u2500\u2500\u2500\u252c\u2500\u2500\u2500\u2500\u2500\u2500\u2518                                                            \u2514\u2500\u2500\u2500\u2500\u2500\u2500\u2500\u2500\u2500\u2500\u2500\u2500\u2500\u2518\u2514\u2500\u2500\u2500\u2500\u2500\u2500\u252c\u2500\u2500\u2500\u2500\u2500\u2500\u2518       \u2502\n\u250c\u2500\u2500\u2500\u2500\u2500\u2500\u2534\u2500\u2500\u2500\u2500\u2500\u2500\u2510                                                            \u250c\u2500\u2500\u2500\u2500\u2500\u2500\u2534\u2500\u2500\u2500\u2500\u2500\u2500\u2510                                                                           \u250c\u2500\u2500\u2500\u2500\u2500\u2500\u2534\u2500\u2500\u2500\u2500\u2500\u2500\u2510\u250c\u2500\u2500\u2500\u2500\u2500\u2500\u2534\u2500\u2500\u2500\u2500\u2500\u2500\u2510\n\u2502  HASH_JOIN  \u2502                                                            \u2502  HASH_JOIN  \u2502                                                                           \u2502  PROJECTION \u2502\u2502  HASH_JOIN  \u2502\n\u2502    \u2500\u2500\u2500\u2500\u2500\u2500   \u2502                                                            \u2502    \u2500\u2500\u2500\u2500\u2500\u2500   \u2502                                                                           \u2502    \u2500\u2500\u2500\u2500\u2500\u2500   \u2502\u2502    \u2500\u2500\u2500\u2500\u2500\u2500   \u2502\n\u2502  Join Type: \u2502                                                            \u2502  Join Type: \u2502                                                                           \u2502      #0     \u2502\u2502  Join Type: \u2502\n\u2502    INNER    \u2502                                                            \u2502    INNER    \u2502                                                                           \u2502      #1     \u2502\u2502    INNER    \u2502\n\u2502             \u2502                                                            \u2502             \u2502                                                                           \u2502      #2     \u2502\u2502             \u2502\n\u2502 Conditions: \u2502                                                            \u2502 Conditions: \u2502                                                                           \u2502      #5     \u2502\u2502 Conditions: \u2502\n\u2502cs_sold_date_\u251c\u2500\u2500\u2500\u2500\u2500\u2500\u2500\u2500\u2500\u2500\u2500\u2500\u2500\u2500\u2500\u2500\u2500\u2500\u2500\u2500\u2500\u2500\u2500\u2500\u2500\u2500\u2500\u2500\u2500\u2500\u2500\u2500\u2500\u2500\u2500\u2500\u2500\u2500\u2500\u2500\u2500\u2500\u2500\u2500\u2500\u2500\u2500\u2500\u2500\u2500\u2500\u2500\u2510       \u2502ss_sold_date_\u251c\u2500\u2500\u2500\u2500\u2500\u2500\u2500\u2500\u2500\u2500\u2500\u2500\u2500\u2500\u2500\u2500\u2500\u2500\u2500\u2500\u2500\u2500\u2500\u2500\u2500\u2500\u2500\u2500\u2500\u2500\u2500\u2500\u2500\u2500\u2500\u2500\u2500\u2500\u2500\u2500\u2500\u2500\u2500\u2500\u2500\u2500\u2500\u2500\u2500\u2500\u2500\u2500\u2510                      \u2502      #6     \u2502\u2502 wr_item_sk =\u251c\u2500\u2500\u2500\u2500\u2500\u2500\u2500\u2500\u2500\u2500\u2500\u2500\u2500\u2500\u2500\u2500\u2500\u2500\u2500\u2500\u2500\u2500\u2510\n\u2502sk = d_date_s\u2502                                                    \u2502       \u2502sk = d_date_s\u2502                                                    \u2502                      \u2502             \u2502\u2502   i_item_sk \u2502                      \u2502\n\u2502      k      \u2502                                                    \u2502       \u2502      k      \u2502                                                    \u2502                      \u2502             \u2502\u2502             \u2502                      \u2502\n\u2502             \u2502                                                    \u2502       \u2502             \u2502                                                    \u2502                      \u2502             \u2502\u2502             \u2502                      \u2502\n\u2502  3,032 rows \u2502                                                    \u2502       \u2502  5,619 rows \u2502                                                    \u2502                      \u25021,425,16...  \u2502\u2502  7,713 rows \u2502                      \u2502\n\u2502   (0.00s)   \u2502                                                    \u2502       \u2502   (0.00s)   \u2502                                                    \u2502                      \u2502   (0.00s)   \u2502\u2502   (0.00s)   \u2502                      \u2502\n\u2514\u2500\u2500\u2500\u2500\u2500\u2500\u252c\u2500\u2500\u2500\u2500\u2500\u2500\u2518                                                    \u2502       \u2514\u2500\u2500\u2500\u2500\u2500\u2500\u252c\u2500\u2500\u2500\u2500\u2500\u2500\u2518                                                    \u2502                      \u2514\u2500\u2500\u2500\u2500\u2500\u2500\u252c\u2500\u2500\u2500\u2500\u2500\u2500\u2518\u2514\u2500\u2500\u2500\u2500\u2500\u2500\u252c\u2500\u2500\u2500\u2500\u2500\u2500\u2518                      \u2502\n\u250c\u2500\u2500\u2500\u2500\u2500\u2500\u2534\u2500\u2500\u2500\u2500\u2500\u2500\u2510                                             \u250c\u2500\u2500\u2500\u2500\u2500\u2500\u2534\u2500\u2500\u2500\u2500\u2500\u2500\u2510\u250c\u2500\u2500\u2500\u2500\u2500\u2500\u2534\u2500\u2500\u2500\u2500\u2500\u2500\u2510                                             \u250c\u2500\u2500\u2500\u2500\u2500\u2500\u2534\u2500\u2500\u2500\u2500\u2500\u2500\u2510               \u250c\u2500\u2500\u2500\u2500\u2500\u2500\u2534\u2500\u2500\u2500\u2500\u2500\u2500\u2510\u250c\u2500\u2500\u2500\u2500\u2500\u2500\u2534\u2500\u2500\u2500\u2500\u2500\u2500\u2510               \u250c\u2500\u2500\u2500\u2500\u2500\u2500\u2534\u2500\u2500\u2500\u2500\u2500\u2500\u2510\n\u2502  HASH_JOIN  \u2502                                             \u2502  TABLE_SCAN \u2502\u2502  HASH_JOIN  \u2502                                             \u2502  TABLE_SCAN \u2502               \u2502    FILTER   \u2502\u2502  PROJECTION \u2502               \u2502  TABLE_SCAN \u2502\n\u2502    \u2500\u2500\u2500\u2500\u2500\u2500   \u2502                                             \u2502    \u2500\u2500\u2500\u2500\u2500\u2500   \u2502\u2502    \u2500\u2500\u2500\u2500\u2500\u2500   \u2502                                             \u2502    \u2500\u2500\u2500\u2500\u2500\u2500   \u2502               \u2502    \u2500\u2500\u2500\u2500\u2500\u2500   \u2502\u2502    \u2500\u2500\u2500\u2500\u2500\u2500   \u2502               \u2502    \u2500\u2500\u2500\u2500\u2500\u2500   \u2502\n\u2502  Join Type: \u2502                                             \u2502    Table:   \u2502\u2502  Join Type: \u2502                                             \u2502    Table:   \u2502               \u2502((CAST(ws_sal\u2502\u2502      #0     \u2502               \u2502    Table:   \u2502\n\u2502    INNER    \u2502                                             \u2502   date_dim  \u2502\u2502    INNER    \u2502                                             \u2502   date_dim  \u2502               \u2502 es_price AS \u2502\u2502      #1     \u2502               \u2502     item    \u2502\n\u2502             \u2502                                             \u2502             \u2502\u2502             \u2502                                             \u2502             \u2502               \u2502   DOUBLE) / \u2502\u2502      #2     \u2502               \u2502             \u2502\n\u2502 Conditions: \u2502                                             \u2502    Type:    \u2502\u2502 Conditions: \u2502                                             \u2502    Type:    \u2502               \u2502 CAST(ws_list\u2502\u2502      #3     \u2502               \u2502    Type:    \u2502\n\u2502 cs_item_sk =\u2502                                             \u2502  Sequential \u2502\u2502 ss_item_sk =\u2502                                             \u2502  Sequential \u2502               \u2502  _price AS  \u2502\u2502             \u2502               \u2502  Sequential \u2502\n\u2502  cr_item_sk \u2502                                             \u2502     Scan    \u2502\u2502  sr_item_sk \u2502                                             \u2502     Scan    \u2502               \u2502   DOUBLE))  \u2502\u2502             \u2502               \u2502     Scan    \u2502\n\u2502cs_order_numb\u2502                                             \u2502             \u2502\u2502ss_ticket_num\u2502                                             \u2502             \u2502               \u2502   BETWEEN 0 \u2502\u2502             \u2502               \u2502             \u2502\n\u2502er = cr_order\u2502                                             \u2502 Projections:\u2502\u2502ber = sr_tick\u2502                                             \u2502 Projections:\u2502               \u2502.69 AND 0.89)\u2502\u2502             \u2502               \u2502 Projections:\u2502\n\u2502   _number   \u2502                                             \u2502  d_date_sk  \u2502\u2502  et_number  \u2502                                             \u2502  d_date_sk  \u2502               \u2502             \u2502\u2502             \u2502               \u2502  i_item_sk  \u2502\n\u2502             \u251c\u2500\u2500\u2500\u2500\u2500\u2500\u2500\u2510                                     \u2502    d_year   \u2502\u2502             \u251c\u2500\u2500\u2500\u2500\u2500\u2500\u2500\u2510                                     \u2502    d_year   \u2502               \u2502             \u2502\u2502             \u2502               \u2502  i_brand_id \u2502\n\u2502             \u2502       \u2502                                     \u2502             \u2502\u2502             \u2502       \u2502                                     \u2502             \u2502               \u2502             \u2502\u2502             \u2502               \u2502  i_class_id \u2502\n\u2502             \u2502       \u2502                                     \u2502   Filters:  \u2502\u2502             \u2502       \u2502                                     \u2502   Filters:  \u2502               \u2502             \u2502\u2502             \u2502               \u2502i_category_id\u2502\n\u2502             \u2502       \u2502                                     \u2502  d_date_sk> \u2502\u2502             \u2502       \u2502                                     \u2502  d_date_sk> \u2502               \u2502             \u2502\u2502             \u2502               \u2502i_manufact_id\u2502\n\u2502             \u2502       \u2502                                     \u2502 =2450815 AND\u2502\u2502             \u2502       \u2502                                     \u2502 =2450816 AND\u2502               \u2502             \u2502\u2502             \u2502               \u2502             \u2502\n\u2502             \u2502       \u2502                                     \u2502  d_date_sk< \u2502\u2502             \u2502       \u2502                                     \u2502  d_date_sk< \u2502               \u2502             \u2502\u2502             \u2502               \u2502   Filters:  \u2502\n\u2502             \u2502       \u2502                                     \u2502   =2452653  \u2502\u2502             \u2502       \u2502                                     \u2502   =2452642  \u2502               \u2502             \u2502\u2502             \u2502               \u2502 i_category= \u2502\n\u2502             \u2502       \u2502                                     \u2502             \u2502\u2502             \u2502       \u2502                                     \u2502             \u2502               \u2502             \u2502\u2502             \u2502               \u2502  'Children' \u2502\n\u2502             \u2502       \u2502                                     \u2502             \u2502\u2502             \u2502       \u2502                                     \u2502             \u2502               \u2502             \u2502\u2502             \u2502               \u2502             \u2502\n\u2502  3,032 rows \u2502       \u2502                                     \u2502  1,839 rows \u2502\u2502  5,619 rows \u2502       \u2502                                     \u2502  1,827 rows \u2502               \u25021,425,16...  \u2502\u2502 76,243 rows \u2502               \u2502 10,149 rows \u2502\n\u2502   (0.07s)   \u2502       \u2502                                     \u2502   (0.00s)   \u2502\u2502   (0.15s)   \u2502       \u2502                                     \u2502   (0.00s)   \u2502               \u2502   (0.21s)   \u2502\u2502   (0.00s)   \u2502               \u2502   (0.00s)   \u2502\n\u2514\u2500\u2500\u2500\u2500\u2500\u2500\u252c\u2500\u2500\u2500\u2500\u2500\u2500\u2518       \u2502                                     \u2514\u2500\u2500\u2500\u2500\u2500\u2500\u2500\u2500\u2500\u2500\u2500\u2500\u2500\u2518\u2514\u2500\u2500\u2500\u2500\u2500\u2500\u252c\u2500\u2500\u2500\u2500\u2500\u2500\u2518       \u2502                                     \u2514\u2500\u2500\u2500\u2500\u2500\u2500\u2500\u2500\u2500\u2500\u2500\u2500\u2500\u2518               \u2514\u2500\u2500\u2500\u2500\u2500\u2500\u252c\u2500\u2500\u2500\u2500\u2500\u2500\u2518\u2514\u2500\u2500\u2500\u2500\u2500\u2500\u252c\u2500\u2500\u2500\u2500\u2500\u2500\u2518               \u2514\u2500\u2500\u2500\u2500\u2500\u2500\u2500\u2500\u2500\u2500\u2500\u2500\u2500\u2518\n\u250c\u2500\u2500\u2500\u2500\u2500\u2500\u2534\u2500\u2500\u2500\u2500\u2500\u2500\u2510\u250c\u2500\u2500\u2500\u2500\u2500\u2500\u2534\u2500\u2500\u2500\u2500\u2500\u2500\u2510                                             \u250c\u2500\u2500\u2500\u2500\u2500\u2500\u2534\u2500\u2500\u2500\u2500\u2500\u2500\u2510\u250c\u2500\u2500\u2500\u2500\u2500\u2500\u2534\u2500\u2500\u2500\u2500\u2500\u2500\u2510                                                            \u250c\u2500\u2500\u2500\u2500\u2500\u2500\u2534\u2500\u2500\u2500\u2500\u2500\u2500\u2510\u250c\u2500\u2500\u2500\u2500\u2500\u2500\u2534\u2500\u2500\u2500\u2500\u2500\u2500\u2510\n\u2502    FILTER   \u2502\u2502  HASH_JOIN  \u2502                                             \u2502    FILTER   \u2502\u2502  HASH_JOIN  \u2502                                                            \u2502  TABLE_SCAN \u2502\u2502    FILTER   \u2502\n\u2502    \u2500\u2500\u2500\u2500\u2500\u2500   \u2502\u2502    \u2500\u2500\u2500\u2500\u2500\u2500   \u2502                                             \u2502    \u2500\u2500\u2500\u2500\u2500\u2500   \u2502\u2502    \u2500\u2500\u2500\u2500\u2500\u2500   \u2502                                                            \u2502    \u2500\u2500\u2500\u2500\u2500\u2500   \u2502\u2502    \u2500\u2500\u2500\u2500\u2500\u2500   \u2502\n\u2502(cs_order_num\u2502\u2502  Join Type: \u2502                                             \u2502(ss_ticket_nu\u2502\u2502  Join Type: \u2502                                                            \u2502    Table:   \u2502\u2502   IN (...)  \u2502\n\u2502  ber >= 2)  \u2502\u2502    INNER    \u2502                                             \u2502mber <= 23999\u2502\u2502    INNER    \u2502                                                            \u2502  web_sales  \u2502\u2502             \u2502\n\u2502             \u2502\u2502             \u2502                                             \u2502     99)     \u2502\u2502             \u2502                                                            \u2502             \u2502\u2502             \u2502\n\u2502             \u2502\u2502 Conditions: \u2502                                             \u2502             \u2502\u2502 Conditions: \u2502                                                            \u2502    Type:    \u2502\u2502             \u2502\n\u2502             \u2502\u2502 cr_item_sk =\u2502                                             \u2502             \u2502\u2502 sr_item_sk =\u2502                                                            \u2502  Sequential \u2502\u2502             \u2502\n\u2502             \u2502\u2502   i_item_sk \u2502                                             \u2502             \u2502\u2502   i_item_sk \u2502                                                            \u2502     Scan    \u2502\u2502             \u2502\n\u2502             \u2502\u2502             \u2502                                             \u2502             \u2502\u2502             \u2502                                                            \u2502             \u2502\u2502             \u2502\n\u2502             \u2502\u2502             \u2502                                             \u2502             \u2502\u2502             \u2502                                                            \u2502 Projections:\u2502\u2502             \u2502\n\u2502             \u2502\u2502             \u2502                                             \u2502             \u2502\u2502             \u2502                                                            \u2502  ws_item_sk \u2502\u2502             \u2502\n\u2502             \u2502\u2502             \u2502                                             \u2502             \u2502\u2502             \u2502                                                            \u2502ws_sold_date_\u2502\u2502             \u2502\n\u2502             \u2502\u2502             \u251c\u2500\u2500\u2500\u2500\u2500\u2500\u2500\u2500\u2500\u2500\u2500\u2500\u2500\u2500\u2500\u2500\u2500\u2500\u2500\u2500\u2500\u2500\u2510                      \u2502             \u2502\u2502             \u251c\u2500\u2500\u2500\u2500\u2500\u2500\u2500\u2500\u2500\u2500\u2500\u2500\u2500\u2500\u2500\u2500\u2500\u2500\u2500\u2500\u2500\u2500\u2510                                     \u2502      sk     \u2502\u2502             \u2502\n\u2502             \u2502\u2502             \u2502                      \u2502                      \u2502             \u2502\u2502             \u2502                      \u2502                                     \u2502ws_order_numb\u2502\u2502             \u2502\n\u2502             \u2502\u2502             \u2502                      \u2502                      \u2502             \u2502\u2502             \u2502                      \u2502                                     \u2502      er     \u2502\u2502             \u2502\n\u2502             \u2502\u2502             \u2502                      \u2502                      \u2502             \u2502\u2502             \u2502                      \u2502                                     \u2502ws_sales_pric\u2502\u2502             \u2502\n\u2502             \u2502\u2502             \u2502                      \u2502                      \u2502             \u2502\u2502             \u2502                      \u2502                                     \u2502      e      \u2502\u2502             \u2502\n\u2502             \u2502\u2502             \u2502                      \u2502                      \u2502             \u2502\u2502             \u2502                      \u2502                                     \u2502ws_list_price\u2502\u2502             \u2502\n\u2502             \u2502\u2502             \u2502                      \u2502                      \u2502             \u2502\u2502             \u2502                      \u2502                                     \u2502 ws_quantity \u2502\u2502             \u2502\n\u2502             \u2502\u2502             \u2502                      \u2502                      \u2502             \u2502\u2502             \u2502                      \u2502                                     \u2502ws_ext_sales_\u2502\u2502             \u2502\n\u2502             \u2502\u2502             \u2502                      \u2502                      \u2502             \u2502\u2502             \u2502                      \u2502                                     \u2502    price    \u2502\u2502             \u2502\n\u2502             \u2502\u2502             \u2502                      \u2502                      \u2502             \u2502\u2502             \u2502                      \u2502                                     \u2502             \u2502\u2502             \u2502\n\u25022,827,14...  \u2502\u2502 15,657 rows \u2502                      \u2502                      \u25025,254,62...  \u2502\u2502 30,640 rows \u2502                      \u2502                                     \u25027,192,86...  \u2502\u2502 76,243 rows \u2502\n\u2502   (0.01s)   \u2502\u2502   (0.01s)   \u2502                      \u2502                      \u2502   (0.02s)   \u2502\u2502   (0.01s)   \u2502                      \u2502                                     \u2502   (0.07s)   \u2502\u2502   (0.00s)   \u2502\n\u2514\u2500\u2500\u2500\u2500\u2500\u2500\u252c\u2500\u2500\u2500\u2500\u2500\u2500\u2518\u2514\u2500\u2500\u2500\u2500\u2500\u2500\u252c\u2500\u2500\u2500\u2500\u2500\u2500\u2518                      \u2502                      \u2514\u2500\u2500\u2500\u2500\u2500\u2500\u252c\u2500\u2500\u2500\u2500\u2500\u2500\u2518\u2514\u2500\u2500\u2500\u2500\u2500\u2500\u252c\u2500\u2500\u2500\u2500\u2500\u2500\u2518                      \u2502                                     \u2514\u2500\u2500\u2500\u2500\u2500\u2500\u2500\u2500\u2500\u2500\u2500\u2500\u2500\u2518\u2514\u2500\u2500\u2500\u2500\u2500\u2500\u252c\u2500\u2500\u2500\u2500\u2500\u2500\u2518\n\u250c\u2500\u2500\u2500\u2500\u2500\u2500\u2534\u2500\u2500\u2500\u2500\u2500\u2500\u2510\u250c\u2500\u2500\u2500\u2500\u2500\u2500\u2534\u2500\u2500\u2500\u2500\u2500\u2500\u2510               \u250c\u2500\u2500\u2500\u2500\u2500\u2500\u2534\u2500\u2500\u2500\u2500\u2500\u2500\u2510               \u250c\u2500\u2500\u2500\u2500\u2500\u2500\u2534\u2500\u2500\u2500\u2500\u2500\u2500\u2510\u250c\u2500\u2500\u2500\u2500\u2500\u2500\u2534\u2500\u2500\u2500\u2500\u2500\u2500\u2510               \u250c\u2500\u2500\u2500\u2500\u2500\u2500\u2534\u2500\u2500\u2500\u2500\u2500\u2500\u2510                                             \u250c\u2500\u2500\u2500\u2500\u2500\u2500\u2534\u2500\u2500\u2500\u2500\u2500\u2500\u2510\n\u2502  PROJECTION \u2502\u2502  PROJECTION \u2502               \u2502  TABLE_SCAN \u2502               \u2502  PROJECTION \u2502\u2502  PROJECTION \u2502               \u2502  TABLE_SCAN \u2502                                             \u2502  HASH_JOIN  \u2502\n\u2502    \u2500\u2500\u2500\u2500\u2500\u2500   \u2502\u2502    \u2500\u2500\u2500\u2500\u2500\u2500   \u2502               \u2502    \u2500\u2500\u2500\u2500\u2500\u2500   \u2502               \u2502    \u2500\u2500\u2500\u2500\u2500\u2500   \u2502\u2502    \u2500\u2500\u2500\u2500\u2500\u2500   \u2502               \u2502    \u2500\u2500\u2500\u2500\u2500\u2500   \u2502                                             \u2502    \u2500\u2500\u2500\u2500\u2500\u2500   \u2502\n\u2502      #0     \u2502\u2502      #0     \u2502               \u2502    Table:   \u2502               \u2502      #0     \u2502\u2502      #0     \u2502               \u2502    Table:   \u2502                                             \u2502  Join Type: \u2502\n\u2502      #1     \u2502\u2502      #1     \u2502               \u2502     item    \u2502               \u2502      #1     \u2502\u2502      #1     \u2502               \u2502     item    \u2502                                             \u2502     MARK    \u2502\n\u2502      #2     \u2502\u2502      #2     \u2502               \u2502             \u2502               \u2502      #2     \u2502\u2502      #2     \u2502               \u2502             \u2502                                             \u2502             \u2502\n\u2502      #5     \u2502\u2502      #3     \u2502               \u2502    Type:    \u2502               \u2502      #5     \u2502\u2502      #3     \u2502               \u2502    Type:    \u2502                                             \u2502 Conditions: \u2502\n\u2502      #6     \u2502\u2502             \u2502               \u2502  Sequential \u2502               \u2502      #6     \u2502\u2502             \u2502               \u2502  Sequential \u2502                                             \u2502 wr_reason_sk\u2502\n\u2502             \u2502\u2502             \u2502               \u2502     Scan    \u2502               \u2502             \u2502\u2502             \u2502               \u2502     Scan    \u2502                                             \u2502     = #0    \u2502\n\u2502             \u2502\u2502             \u2502               \u2502             \u2502               \u2502             \u2502\u2502             \u2502               \u2502             \u2502                                             \u2502             \u2502\n\u2502             \u2502\u2502             \u2502               \u2502 Projections:\u2502               \u2502             \u2502\u2502             \u2502               \u2502 Projections:\u2502                                             \u2502             \u2502\n\u2502             \u2502\u2502             \u2502               \u2502  i_item_sk  \u2502               \u2502             \u2502\u2502             \u2502               \u2502  i_item_sk  \u2502                                             \u2502             \u2502\n\u2502             \u2502\u2502             \u2502               \u2502  i_brand_id \u2502               \u2502             \u2502\u2502             \u2502               \u2502  i_brand_id \u2502                                             \u2502             \u251c\u2500\u2500\u2500\u2500\u2500\u2500\u2500\u2510\n\u2502             \u2502\u2502             \u2502               \u2502  i_class_id \u2502               \u2502             \u2502\u2502             \u2502               \u2502  i_class_id \u2502                                             \u2502             \u2502       \u2502\n\u2502             \u2502\u2502             \u2502               \u2502i_category_id\u2502               \u2502             \u2502\u2502             \u2502               \u2502i_category_id\u2502                                             \u2502             \u2502       \u2502\n\u2502             \u2502\u2502             \u2502               \u2502i_manufact_id\u2502               \u2502             \u2502\u2502             \u2502               \u2502i_manufact_id\u2502                                             \u2502             \u2502       \u2502\n\u2502             \u2502\u2502             \u2502               \u2502             \u2502               \u2502             \u2502\u2502             \u2502               \u2502             \u2502                                             \u2502             \u2502       \u2502\n\u2502             \u2502\u2502             \u2502               \u2502   Filters:  \u2502               \u2502             \u2502\u2502             \u2502               \u2502   Filters:  \u2502                                             \u2502             \u2502       \u2502\n\u2502             \u2502\u2502             \u2502               \u2502 i_category= \u2502               \u2502             \u2502\u2502             \u2502               \u2502 i_category= \u2502                                             \u2502             \u2502       \u2502\n\u2502             \u2502\u2502             \u2502               \u2502  'Children' \u2502               \u2502             \u2502\u2502             \u2502               \u2502  'Children' \u2502                                             \u2502             \u2502       \u2502\n\u2502             \u2502\u2502             \u2502               \u2502             \u2502               \u2502             \u2502\u2502             \u2502               \u2502             \u2502                                             \u2502             \u2502       \u2502\n\u25022,827,14...  \u2502\u2502 157,032 rows\u2502               \u2502 10,149 rows \u2502               \u25025,254,62...  \u2502\u2502 308,159 rows\u2502               \u2502 10,149 rows \u2502                                             \u2502 719,032 rows\u2502       \u2502\n\u2502   (0.00s)   \u2502\u2502   (0.00s)   \u2502               \u2502   (0.00s)   \u2502               \u2502   (0.01s)   \u2502\u2502   (0.00s)   \u2502               \u2502   (0.00s)   \u2502                                             \u2502   (0.01s)   \u2502       \u2502\n\u2514\u2500\u2500\u2500\u2500\u2500\u2500\u252c\u2500\u2500\u2500\u2500\u2500\u2500\u2518\u2514\u2500\u2500\u2500\u2500\u2500\u2500\u252c\u2500\u2500\u2500\u2500\u2500\u2500\u2518               \u2514\u2500\u2500\u2500\u2500\u2500\u2500\u2500\u2500\u2500\u2500\u2500\u2500\u2500\u2518               \u2514\u2500\u2500\u2500\u2500\u2500\u2500\u252c\u2500\u2500\u2500\u2500\u2500\u2500\u2518\u2514\u2500\u2500\u2500\u2500\u2500\u2500\u252c\u2500\u2500\u2500\u2500\u2500\u2500\u2518               \u2514\u2500\u2500\u2500\u2500\u2500\u2500\u2500\u2500\u2500\u2500\u2500\u2500\u2500\u2518                                             \u2514\u2500\u2500\u2500\u2500\u2500\u2500\u252c\u2500\u2500\u2500\u2500\u2500\u2500\u2518       \u2502\n\u250c\u2500\u2500\u2500\u2500\u2500\u2500\u2534\u2500\u2500\u2500\u2500\u2500\u2500\u2510\u250c\u2500\u2500\u2500\u2500\u2500\u2500\u2534\u2500\u2500\u2500\u2500\u2500\u2500\u2510                                             \u250c\u2500\u2500\u2500\u2500\u2500\u2500\u2534\u2500\u2500\u2500\u2500\u2500\u2500\u2510\u250c\u2500\u2500\u2500\u2500\u2500\u2500\u2534\u2500\u2500\u2500\u2500\u2500\u2500\u2510                                                                           \u250c\u2500\u2500\u2500\u2500\u2500\u2500\u2534\u2500\u2500\u2500\u2500\u2500\u2500\u2510\u250c\u2500\u2500\u2500\u2500\u2500\u2500\u2534\u2500\u2500\u2500\u2500\u2500\u2500\u2510\n\u2502    FILTER   \u2502\u2502    FILTER   \u2502                                             \u2502    FILTER   \u2502\u2502    FILTER   \u2502                                                                           \u2502  TABLE_SCAN \u2502\u2502COLUMN_D...  \u2502\n\u2502    \u2500\u2500\u2500\u2500\u2500\u2500   \u2502\u2502    \u2500\u2500\u2500\u2500\u2500\u2500   \u2502                                             \u2502    \u2500\u2500\u2500\u2500\u2500\u2500   \u2502\u2502    \u2500\u2500\u2500\u2500\u2500\u2500   \u2502                                                                           \u2502    \u2500\u2500\u2500\u2500\u2500\u2500   \u2502\u2502             \u2502\n\u2502((CAST(cs_sal\u2502\u2502   IN (...)  \u2502                                             \u2502((CAST(ss_sal\u2502\u2502   IN (...)  \u2502                                                                           \u2502    Table:   \u2502\u2502             \u2502\n\u2502 es_price AS \u2502\u2502             \u2502                                             \u2502 es_price AS \u2502\u2502             \u2502                                                                           \u2502 web_returns \u2502\u2502             \u2502\n\u2502   DOUBLE) / \u2502\u2502             \u2502                                             \u2502   DOUBLE) / \u2502\u2502             \u2502                                                                           \u2502             \u2502\u2502             \u2502\n\u2502 CAST(cs_list\u2502\u2502             \u2502                                             \u2502 CAST(ss_list\u2502\u2502             \u2502                                                                           \u2502    Type:    \u2502\u2502             \u2502\n\u2502  _price AS  \u2502\u2502             \u2502                                             \u2502  _price AS  \u2502\u2502             \u2502                                                                           \u2502  Sequential \u2502\u2502             \u2502\n\u2502   DOUBLE))  \u2502\u2502             \u2502                                             \u2502   DOUBLE))  \u2502\u2502             \u2502                                                                           \u2502     Scan    \u2502\u2502             \u2502\n\u2502   BETWEEN 0 \u2502\u2502             \u2502                                             \u2502   BETWEEN 0 \u2502\u2502             \u2502                                                                           \u2502             \u2502\u2502             \u2502\n\u2502.69 AND 0.89)\u2502\u2502             \u2502                                             \u2502.69 AND 0.89)\u2502\u2502             \u2502                                                                           \u2502 Projections:\u2502\u2502             \u2502\n\u2502             \u2502\u2502             \u2502                                             \u2502             \u2502\u2502             \u2502                                                                           \u2502wr_order_numb\u2502\u2502             \u2502\n\u2502             \u2502\u2502             \u2502                                             \u2502             \u2502\u2502             \u2502                                                                           \u2502      er     \u2502\u2502             \u2502\n\u2502             \u2502\u2502             \u2502                                             \u2502             \u2502\u2502             \u2502                                                                           \u2502  wr_item_sk \u2502\u2502             \u2502\n\u2502             \u2502\u2502             \u2502                                             \u2502             \u2502\u2502             \u2502                                                                           \u2502 wr_reason_sk\u2502\u2502             \u2502\n\u2502             \u2502\u2502             \u2502                                             \u2502             \u2502\u2502             \u2502                                                                           \u2502wr_return_qua\u2502\u2502             \u2502\n\u2502             \u2502\u2502             \u2502                                             \u2502             \u2502\u2502             \u2502                                                                           \u2502    ntity    \u2502\u2502             \u2502\n\u2502             \u2502\u2502             \u2502                                             \u2502             \u2502\u2502             \u2502                                                                           \u2502wr_return_amt\u2502\u2502             \u2502\n\u2502             \u2502\u2502             \u2502                                             \u2502             \u2502\u2502             \u2502                                                                           \u2502             \u2502\u2502             \u2502\n\u2502             \u2502\u2502             \u2502                                             \u2502             \u2502\u2502             \u2502                                                                           \u2502   Filters:  \u2502\u2502             \u2502\n\u2502             \u2502\u2502             \u2502                                             \u2502             \u2502\u2502             \u2502                                                                           \u2502  optional:  \u2502\u2502             \u2502\n\u2502             \u2502\u2502             \u2502                                             \u2502             \u2502\u2502             \u2502                                                                           \u2502 wr_reason_sk\u2502\u2502             \u2502\n\u2502             \u2502\u2502             \u2502                                             \u2502             \u2502\u2502             \u2502                                                                           \u2502  IN (8, 18, \u2502\u2502             \u2502\n\u2502             \u2502\u2502             \u2502                                             \u2502             \u2502\u2502             \u2502                                                                           \u2502  20, 23, 41)\u2502\u2502             \u2502\n\u2502             \u2502\u2502             \u2502                                             \u2502             \u2502\u2502             \u2502                                                                           \u2502             \u2502\u2502             \u2502\n\u25022,827,14...  \u2502\u2502 157,032 rows\u2502                                             \u25025,254,62...  \u2502\u2502 308,159 rows\u2502                                                                           \u2502 719,032 rows\u2502\u2502    5 rows   \u2502\n\u2502   (0.45s)   \u2502\u2502   (0.00s)   \u2502                                             \u2502   (0.90s)   \u2502\u2502   (0.01s)   \u2502                                                                           \u2502   (0.01s)   \u2502\u2502   (0.00s)   \u2502\n\u2514\u2500\u2500\u2500\u2500\u2500\u2500\u252c\u2500\u2500\u2500\u2500\u2500\u2500\u2518\u2514\u2500\u2500\u2500\u2500\u2500\u2500\u252c\u2500\u2500\u2500\u2500\u2500\u2500\u2518                                             \u2514\u2500\u2500\u2500\u2500\u2500\u2500\u252c\u2500\u2500\u2500\u2500\u2500\u2500\u2518\u2514\u2500\u2500\u2500\u2500\u2500\u2500\u252c\u2500\u2500\u2500\u2500\u2500\u2500\u2518                                                                           \u2514\u2500\u2500\u2500\u2500\u2500\u2500\u2500\u2500\u2500\u2500\u2500\u2500\u2500\u2518\u2514\u2500\u2500\u2500\u2500\u2500\u2500\u2500\u2500\u2500\u2500\u2500\u2500\u2500\u2518\n\u250c\u2500\u2500\u2500\u2500\u2500\u2500\u2534\u2500\u2500\u2500\u2500\u2500\u2500\u2510\u250c\u2500\u2500\u2500\u2500\u2500\u2500\u2534\u2500\u2500\u2500\u2500\u2500\u2500\u2510                                             \u250c\u2500\u2500\u2500\u2500\u2500\u2500\u2534\u2500\u2500\u2500\u2500\u2500\u2500\u2510\u250c\u2500\u2500\u2500\u2500\u2500\u2500\u2534\u2500\u2500\u2500\u2500\u2500\u2500\u2510\n\u2502  TABLE_SCAN \u2502\u2502  HASH_JOIN  \u2502                                             \u2502  TABLE_SCAN \u2502\u2502  HASH_JOIN  \u2502\n\u2502    \u2500\u2500\u2500\u2500\u2500\u2500   \u2502\u2502    \u2500\u2500\u2500\u2500\u2500\u2500   \u2502                                             \u2502    \u2500\u2500\u2500\u2500\u2500\u2500   \u2502\u2502    \u2500\u2500\u2500\u2500\u2500\u2500   \u2502\n\u2502    Table:   \u2502\u2502  Join Type: \u2502                                             \u2502    Table:   \u2502\u2502  Join Type: \u2502\n\u2502catalog_sales\u2502\u2502     MARK    \u2502                                             \u2502 store_sales \u2502\u2502     MARK    \u2502\n\u2502             \u2502\u2502             \u2502                                             \u2502             \u2502\u2502             \u2502\n\u2502    Type:    \u2502\u2502 Conditions: \u2502                                             \u2502    Type:    \u2502\u2502 Conditions: \u2502\n\u2502  Sequential \u2502\u2502 cr_reason_sk\u2502                                             \u2502  Sequential \u2502\u2502 sr_reason_sk\u2502\n\u2502     Scan    \u2502\u2502     = #0    \u2502                                             \u2502     Scan    \u2502\u2502     = #0    \u2502\n\u2502             \u2502\u2502             \u2502                                             \u2502             \u2502\u2502             \u2502\n\u2502 Projections:\u2502\u2502             \u2502                                             \u2502 Projections:\u2502\u2502             \u2502\n\u2502  cs_item_sk \u2502\u2502             \u2502                                             \u2502  ss_item_sk \u2502\u2502             \u2502\n\u2502cs_sold_date_\u2502\u2502             \u2502                                             \u2502ss_sold_date_\u2502\u2502             \u2502\n\u2502      sk     \u2502\u2502             \u251c\u2500\u2500\u2500\u2500\u2500\u2500\u2500\u2510                                     \u2502      sk     \u2502\u2502             \u251c\u2500\u2500\u2500\u2500\u2500\u2500\u2500\u2510\n\u2502cs_order_numb\u2502\u2502             \u2502       \u2502                                     \u2502ss_ticket_num\u2502\u2502             \u2502       \u2502\n\u2502      er     \u2502\u2502             \u2502       \u2502                                     \u2502     ber     \u2502\u2502             \u2502       \u2502\n\u2502cs_sales_pric\u2502\u2502             \u2502       \u2502                                     \u2502ss_sales_pric\u2502\u2502             \u2502       \u2502\n\u2502      e      \u2502\u2502             \u2502       \u2502                                     \u2502      e      \u2502\u2502             \u2502       \u2502\n\u2502cs_list_price\u2502\u2502             \u2502       \u2502                                     \u2502ss_list_price\u2502\u2502             \u2502       \u2502\n\u2502 cs_quantity \u2502\u2502             \u2502       \u2502                                     \u2502 ss_quantity \u2502\u2502             \u2502       \u2502\n\u2502cs_ext_sales_\u2502\u2502             \u2502       \u2502                                     \u2502ss_ext_sales_\u2502\u2502             \u2502       \u2502\n\u2502    price    \u2502\u2502             \u2502       \u2502                                     \u2502    price    \u2502\u2502             \u2502       \u2502\n\u2502             \u2502\u2502             \u2502       \u2502                                     \u2502             \u2502\u2502             \u2502       \u2502\n\u250214,323,8...  \u2502\u25021,440,89...  \u2502       \u2502                                     \u250227,496,4...  \u2502\u25022,876,88...  \u2502       \u2502\n\u2502   (0.17s)   \u2502\u2502   (0.01s)   \u2502       \u2502                                     \u2502   (0.37s)   \u2502\u2502   (0.02s)   \u2502       \u2502\n\u2514\u2500\u2500\u2500\u2500\u2500\u2500\u2500\u2500\u2500\u2500\u2500\u2500\u2500\u2518\u2514\u2500\u2500\u2500\u2500\u2500\u2500\u252c\u2500\u2500\u2500\u2500\u2500\u2500\u2518       \u2502                                     \u2514\u2500\u2500\u2500\u2500\u2500\u2500\u2500\u2500\u2500\u2500\u2500\u2500\u2500\u2518\u2514\u2500\u2500\u2500\u2500\u2500\u2500\u252c\u2500\u2500\u2500\u2500\u2500\u2500\u2518       \u2502\n               \u250c\u2500\u2500\u2500\u2500\u2500\u2500\u2534\u2500\u2500\u2500\u2500\u2500\u2500\u2510\u250c\u2500\u2500\u2500\u2500\u2500\u2500\u2534\u2500\u2500\u2500\u2500\u2500\u2500\u2510                                             \u250c\u2500\u2500\u2500\u2500\u2500\u2500\u2534\u2500\u2500\u2500\u2500\u2500\u2500\u2510\u250c\u2500\u2500\u2500\u2500\u2500\u2500\u2534\u2500\u2500\u2500\u2500\u2500\u2500\u2510\n               \u2502  TABLE_SCAN \u2502\u2502COLUMN_D...  \u2502                                             \u2502  TABLE_SCAN \u2502\u2502COLUMN_D...  \u2502\n               \u2502    \u2500\u2500\u2500\u2500\u2500\u2500   \u2502\u2502             \u2502                                             \u2502    \u2500\u2500\u2500\u2500\u2500\u2500   \u2502\u2502             \u2502\n               \u2502    Table:   \u2502\u2502             \u2502                                             \u2502    Table:   \u2502\u2502             \u2502\n               \u2502catalog_retur\u2502\u2502             \u2502                                             \u2502store_returns\u2502\u2502             \u2502\n               \u2502      ns     \u2502\u2502             \u2502                                             \u2502             \u2502\u2502             \u2502\n               \u2502             \u2502\u2502             \u2502                                             \u2502    Type:    \u2502\u2502             \u2502\n               \u2502    Type:    \u2502\u2502             \u2502                                             \u2502  Sequential \u2502\u2502             \u2502\n               \u2502  Sequential \u2502\u2502             \u2502                                             \u2502     Scan    \u2502\u2502             \u2502\n               \u2502     Scan    \u2502\u2502             \u2502                                             \u2502             \u2502\u2502             \u2502\n               \u2502             \u2502\u2502             \u2502                                             \u2502 Projections:\u2502\u2502             \u2502\n               \u2502 Projections:\u2502\u2502             \u2502                                             \u2502sr_ticket_num\u2502\u2502             \u2502\n               \u2502cr_order_numb\u2502\u2502             \u2502                                             \u2502     ber     \u2502\u2502             \u2502\n               \u2502      er     \u2502\u2502             \u2502                                             \u2502  sr_item_sk \u2502\u2502             \u2502\n               \u2502  cr_item_sk \u2502\u2502             \u2502                                             \u2502 sr_reason_sk\u2502\u2502             \u2502\n               \u2502 cr_reason_sk\u2502\u2502             \u2502                                             \u2502sr_return_qua\u2502\u2502             \u2502\n               \u2502cr_return_qua\u2502\u2502             \u2502                                             \u2502    ntity    \u2502\u2502             \u2502\n               \u2502    ntity    \u2502\u2502             \u2502                                             \u2502sr_return_amt\u2502\u2502             \u2502\n               \u2502cr_return_amo\u2502\u2502             \u2502                                             \u2502             \u2502\u2502             \u2502\n               \u2502     unt     \u2502\u2502             \u2502                                             \u2502   Filters:  \u2502\u2502             \u2502\n               \u2502             \u2502\u2502             \u2502                                             \u2502  optional:  \u2502\u2502             \u2502\n               \u2502   Filters:  \u2502\u2502             \u2502                                             \u2502 sr_reason_sk\u2502\u2502             \u2502\n               \u2502  optional:  \u2502\u2502             \u2502                                             \u2502  IN (8, 18, \u2502\u2502             \u2502\n               \u2502 cr_reason_sk\u2502\u2502             \u2502                                             \u2502  20, 23, 41)\u2502\u2502             \u2502\n               \u2502  IN (8, 18, \u2502\u2502             \u2502                                             \u2502             \u2502\u2502             \u2502\n               \u2502  20, 23, 41)\u2502\u2502             \u2502                                             \u2502             \u2502\u2502             \u2502\n               \u2502             \u2502\u2502             \u2502                                             \u2502             \u2502\u2502             \u2502\n               \u25021,440,89...  \u2502\u2502    5 rows   \u2502                                             \u25022,876,88...  \u2502\u2502    5 rows   \u2502\n               \u2502   (0.01s)   \u2502\u2502   (0.00s)   \u2502                                             \u2502   (0.02s)   \u2502\u2502   (0.00s)   \u2502\n               \u2514\u2500\u2500\u2500\u2500\u2500\u2500\u2500\u2500\u2500\u2500\u2500\u2500\u2500\u2518\u2514\u2500\u2500\u2500\u2500\u2500\u2500\u2500\u2500\u2500\u2500\u2500\u2500\u2500\u2518                                             \u2514\u2500\u2500\u2500\u2500\u2500\u2500\u2500\u2500\u2500\u2500\u2500\u2500\u2500\u2518\u2514\u2500\u2500\u2500\u2500\u2500\u2500\u2500\u2500\u2500\u2500\u2500\u2500\u2500\u2518\n",
  "plan_json": {
    "total_bytes_written": 0,
    "total_bytes_read": 0,
    "rows_returned": 0,
    "latency": 0.0,
    "result_set_size": 0,
    "query_name": "",
    "blocked_thread_time": 0.0,
    "system_peak_buffer_memory": 0,
    "system_peak_temp_dir_size": 0,
    "cpu_time": 0.0,
    "extra_info": {},
    "cumulative_cardinality": 0,
    "cumulative_rows_scanned": 0,
    "children": [
      {
        "total_bytes_written": 0,
        "total_bytes_read": 0,
        "result_set_size": 0,
        "operator_name": "EXPLAIN_ANALYZE",
        "cpu_time": 0.0,
        "extra_info": {},
        "cumulative_cardinality": 0,
        "operator_type": "EXPLAIN_ANALYZE",
        "operator_cardinality": 0,
        "cumulative_rows_scanned": 0,
        "operator_rows_scanned": 0,
        "operator_timing": 2.62e-07,
        "children": [
          {
            "total_bytes_written": 0,
            "total_bytes_read": 0,
            "result_set_size": 0,
            "operator_name": "CTE",
            "cpu_time": 0.0,
            "extra_info": {
              "CTE Name": "all_sales",
              "Table Index": "0",
              "Estimated Cardinality": "100"
            },
            "cumulative_cardinality": 0,
            "operator_type": "CTE",
            "operator_cardinality": 0,
            "cumulative_rows_scanned": 0,
            "operator_rows_scanned": 0,
            "operator_timing": 5.9781e-05,
            "children": [
              {
                "total_bytes_written": 0,
                "total_bytes_read": 0,
                "result_set_size": 145756,
                "operator_name": "FILTER",
                "cpu_time": 0.0,
                "extra_info": {
                  "Expression": "((d_year = 1999) OR ((d_year = 1998) AND (sales_cnt > 0)))",
                  "Estimated Cardinality": "66309"
                },
                "cumulative_cardinality": 0,
                "operator_type": "FILTER",
                "operator_cardinality": 2803,
                "cumulative_rows_scanned": 0,
                "operator_rows_scanned": 0,
                "operator_timing": 0.00022375799999999998,
                "children": [
                  {
                    "total_bytes_written": 0,
                    "total_bytes_read": 0,
                    "result_set_size": 390832,
                    "operator_name": "PROJECTION",
                    "cpu_time": 0.0,
                    "extra_info": {
                      "Projections": [
                        "__internal_decompress_integral_integer(#0, 1900)",
                        "#1",
                        "__internal_decompress_integral_integer(#2, 1)",
                        "__internal_decompress_integral_integer(#3, 1)",
                        "__internal_decompress_integral_integer(#4, 1)",
                        "#5",
                        "#6"
                      ],
                      "Estimated Cardinality": "331548"
                    },
                    "cumulative_cardinality": 0,
                    "operator_type": "PROJECTION",
                    "operator_cardinality": 7516,
                    "cumulative_rows_scanned": 0,
                    "operator_rows_scanned": 0,
                    "operator_timing": 6.417800000000001e-05,
                    "children": [
                      {
                        "total_bytes_written": 0,
                        "total_bytes_read": 0,
                        "result_set_size": 308156,
                        "operator_name": "HASH_GROUP_BY",
                        "cpu_time": 0.0,
                        "extra_info": {
                          "Groups": [
                            "#0",
                            "#1",
                            "#2",
                            "#3",
                            "#4"
                          ],
                          "Aggregates": [
                            "sum(#5)",
                            "sum(#6)"
                          ],
                          "Estimated Cardinality": "331548"
                        },
                        "cumulative_cardinality": 0,
                        "operator_type": "HASH_GROUP_BY",
                        "operator_cardinality": 7516,
                        "cumulative_rows_scanned": 0,
                        "operator_rows_scanned": 0,
                        "operator_timing": 0.006284728999999999,
                        "children": [
                          {
                            "total_bytes_written": 0,
                            "total_bytes_read": 0,
                            "result_set_size": 172227,
                            "operator_name": "PROJECTION",
                            "cpu_time": 0.0,
                            "extra_info": {
                              "Projections": [
                                "d_year",
                                "i_brand_id",
                                "i_class_id",
                                "i_category_id",
                                "i_manufact_id",
                                "sales_cnt",
                                "sales_amt"
                              ],
                              "Estimated Cardinality": "331548"
                            },
                            "cumulative_cardinality": 0,
                            "operator_type": "PROJECTION",
                            "operator_cardinality": 10131,
                            "cumulative_rows_scanned": 0,
                            "operator_rows_scanned": 0,
                            "operator_timing": 9.154e-06,
                            "children": [
                              {
                                "total_bytes_written": 0,
                                "total_bytes_read": 0,
                                "result_set_size": 172227,
                                "operator_name": "PROJECTION",
                                "cpu_time": 0.0,
                                "extra_info": {
                                  "Projections": [
                                    "__internal_compress_integral_utinyint(#0, 1900)",
                                    "#1",
                                    "__internal_compress_integral_utinyint(#2, 1)",
                                    "__internal_compress_integral_utinyint(#3, 1)",
                                    "__internal_compress_integral_usmallint(#4, 1)",
                                    "#5",
                                    "#6"
                                  ],
                                  "Estimated Cardinality": "331548"
                                },
                                "cumulative_cardinality": 0,
                                "operator_type": "PROJECTION",
                                "operator_cardinality": 10131,
                                "cumulative_rows_scanned": 0,
                                "operator_rows_scanned": 0,
                                "operator_timing": 0.00014134100000000001,
                                "children": [
                                  {
                                    "total_bytes_written": 0,
                                    "total_bytes_read": 0,
                                    "result_set_size": 283668,
                                    "operator_name": "HASH_GROUP_BY",
                                    "cpu_time": 0.0,
                                    "extra_info": {
                                      "Groups": [
                                        "#0",
                                        "#1",
                                        "#2",
                                        "#3",
                                        "#4",
                                        "#5",
                                        "#6"
                                      ],
                                      "Aggregates": "",
                                      "Estimated Cardinality": "331548"
                                    },
                                    "cumulative_cardinality": 0,
                                    "operator_type": "HASH_GROUP_BY",
                                    "operator_cardinality": 10131,
                                    "cumulative_rows_scanned": 0,
                                    "operator_rows_scanned": 0,
                                    "operator_timing": 0.00442517,
                                    "children": [
                                      {
                                        "total_bytes_written": 0,
                                        "total_bytes_read": 0,
                                        "result_set_size": 0,
                                        "operator_name": "UNION",
                                        "cpu_time": 0.0,
                                        "extra_info": {},
                                        "cumulative_cardinality": 0,
                                        "operator_type": "UNION",
                                        "operator_cardinality": 0,
                                        "cumulative_rows_scanned": 0,
                                        "operator_rows_scanned": 0,
                                        "operator_timing": 0.0,
                                        "children": [
                                          {
                                            "total_bytes_written": 0,
                                            "total_bytes_read": 0,
                                            "result_set_size": 242004,
                                            "operator_name": "HASH_GROUP_BY",
                                            "cpu_time": 0.0,
                                            "extra_info": {
                                              "Groups": [
                                                "#0",
                                                "#1",
                                                "#2",
                                                "#3",
                                                "#4",
                                                "#5",
                                                "#6"
                                              ],
                                              "Aggregates": "",
                                              "Estimated Cardinality": "331548"
                                            },
                                            "cumulative_cardinality": 0,
                                            "operator_type": "HASH_GROUP_BY",
                                            "operator_cardinality": 8643,
                                            "cumulative_rows_scanned": 0,
                                            "operator_rows_scanned": 0,
                                            "operator_timing": 0.018676446000000003,
                                            "children": [
                                              {
                                                "total_bytes_written": 0,
                                                "total_bytes_read": 0,
                                                "result_set_size": 0,
                                                "operator_name": "UNION",
                                                "cpu_time": 0.0,
                                                "extra_info": {},
                                                "cumulative_cardinality": 0,
                                                "operator_type": "UNION",
                                                "operator_cardinality": 0,
                                                "cumulative_rows_scanned": 0,
                                                "operator_rows_scanned": 0,
                                                "operator_timing": 0.0,
                                                "children": [
                                                  {
                                                    "total_bytes_written": 0,
                                                    "total_bytes_read": 0,
                                                    "result_set_size": 84896,
                                                    "operator_name": "PROJECTION",
                                                    "cpu_time": 0.0,
                                                    "extra_info": {
                                                      "Projections": [
                                                        "d_year",
                                                        "i_brand_id",
                                                        "i_class_id",
                                                        "i_category_id",
                                                        "i_manufact_id",
                                                        "sales_cnt",
                                                        "sales_amt"
                                                      ],
                                                      "Estimated Cardinality": "132418"
                                                    },
                                                    "cumulative_cardinality": 0,
                                                    "operator_type": "PROJECTION",
                                                    "operator_cardinality": 3032,
                                                    "cumulative_rows_scanned": 0,
                                                    "operator_rows_scanned": 0,
                                                    "operator_timing": 0.000418582,
                                                    "children": [
                                                      {
                                                        "total_bytes_written": 0,
                                                        "total_bytes_read": 0,
                                                        "result_set_size": 109152,
                                                        "operator_name": "HASH_JOIN",
                                                        "cpu_time": 0.0,
                                                        "extra_info": {
                                                          "Join Type": "INNER",
                                                          "Conditions": "cs_sold_date_sk = d_date_sk",
                                                          "Estimated Cardinality": "132418"
                                                        },
                                                        "cumulative_cardinality": 0,
                                                        "operator_type": "HASH_JOIN",
                                                        "operator_cardinality": 3032,
                                                        "cumulative_rows_scanned": 0,
                                                        "operator_rows_scanned": 0,
                                                        "operator_timing": 0.0002550729999999999,
                                                        "children": [
                                                          {
                                                            "total_bytes_written": 0,
                                                            "total_bytes_read": 0,
                                                            "result_set_size": 109152,
                                                            "operator_name": "HASH_JOIN",
                                                            "cpu_time": 0.0,
                                                            "extra_info": {
                                                              "Join Type": "INNER",
                                                              "Conditions": [
                                                                "cs_item_sk = cr_item_sk",
                                                                "cs_order_number = cr_order_number"
                                                              ],
                                                              "Estimated Cardinality": "66209"
                                                            },
                                                            "cumulative_cardinality": 0,
                                                            "operator_type": "HASH_JOIN",
                                                            "operator_cardinality": 3032,
                                                            "cumulative_rows_scanned": 0,
                                                            "operator_rows_scanned": 0,
                                                            "operator_timing": 0.06832337600000002,
                                                            "children": [
                                                              {
                                                                "total_bytes_written": 0,
                                                                "total_bytes_read": 0,
                                                                "result_set_size": 56542960,
                                                                "operator_name": "FILTER",
                                                                "cpu_time": 0.0,
                                                                "extra_info": {
                                                                  "Expression": "(cs_order_number >= 2)",
                                                                  "Estimated Cardinality": "2880252"
                                                                },
                                                                "cumulative_cardinality": 0,
                                                                "operator_type": "FILTER",
                                                                "operator_cardinality": 2827148,
                                                                "cumulative_rows_scanned": 0,
                                                                "operator_rows_scanned": 0,
                                                                "operator_timing": 0.010013212,
                                                                "children": [
                                                                  {
                                                                    "total_bytes_written": 0,
                                                                    "total_bytes_read": 0,
                                                                    "result_set_size": 56542960,
                                                                    "operator_name": "PROJECTION",
                                                                    "cpu_time": 0.0,
                                                                    "extra_info": {
                                                                      "Projections": [
                                                                        "#0",
                                                                        "#1",
                                                                        "#2",
                                                                        "#5",
                                                                        "#6"
                                                                      ],
                                                                      "Estimated Cardinality": "2880252"
                                                                    },
                                                                    "cumulative_cardinality": 0,
                                                                    "operator_type": "PROJECTION",
                                                                    "operator_cardinality": 2827148,
                                                                    "cumulative_rows_scanned": 0,
                                                                    "operator_rows_scanned": 0,
                                                                    "operator_timing": 0.0033676480000000004,
                                                                    "children": [
                                                                      {
                                                                        "total_bytes_written": 0,
                                                                        "total_bytes_read": 0,
                                                                        "result_set_size": 79160144,
                                                                        "operator_name": "FILTER",
                                                                        "cpu_time": 0.0,
                                                                        "extra_info": {
                                                                          "Expression": "((CAST(cs_sales_price AS DOUBLE) / CAST(cs_list_price AS DOUBLE)) BETWEEN 0.69 AND 0.89)",
                                                                          "Estimated Cardinality": "2880252"
                                                                        },
                                                                        "cumulative_cardinality": 0,
                                                                        "operator_type": "FILTER",
                                                                        "operator_cardinality": 2827148,
                                                                        "cumulative_rows_scanned": 0,
                                                                        "operator_rows_scanned": 0,
                                                                        "operator_timing": 0.45457342500000003,
                                                                        "children": [
                                                                          {
                                                                            "total_bytes_written": 0,
                                                                            "total_bytes_read": 0,
                                                                            "result_set_size": 401067996,
                                                                            "operator_name": "SEQ_SCAN ",
                                                                            "cpu_time": 0.0,
                                                                            "extra_info": {
                                                                              "Table": "catalog_sales",
                                                                              "Type": "Sequential Scan",
                                                                              "Projections": [
                                                                                "cs_item_sk",
                                                                                "cs_sold_date_sk",
                                                                                "cs_order_number",
                                                                                "cs_sales_price",
                                                                                "cs_list_price",
                                                                                "cs_quantity",
                                                                                "cs_ext_sales_price"
                                                                              ],
                                                                              "Estimated Cardinality": "14401261"
                                                                            },
                                                                            "cumulative_cardinality": 0,
                                                                            "operator_type": "TABLE_SCAN",
                                                                            "operator_cardinality": 14323857,
                                                                            "cumulative_rows_scanned": 0,
                                                                            "operator_rows_scanned": 403235308,
                                                                            "operator_timing": 0.164027472,
                                                                            "children": []
                                                                          }
                                                                        ]
                                                                      }
                                                                    ]
                                                                  }
                                                                ]
                                                              },
                                                              {
                                                                "total_bytes_written": 0,
                                                                "total_bytes_read": 0,
                                                                "result_set_size": 501024,
                                                                "operator_name": "HASH_JOIN",
                                                                "cpu_time": 0.0,
                                                                "extra_info": {
                                                                  "Join Type": "INNER",
                                                                  "Conditions": "cr_item_sk = i_item_sk",
                                                                  "Estimated Cardinality": "26033"
                                                                },
                                                                "cumulative_cardinality": 0,
                                                                "operator_type": "HASH_JOIN",
                                                                "operator_cardinality": 15657,
                                                                "cumulative_rows_scanned": 0,
                                                                "operator_rows_scanned": 0,
                                                                "operator_timing": 0.006011588,
                                                                "children": [
                                                                  {
                                                                    "total_bytes_written": 0,
                                                                    "total_bytes_read": 0,
                                                                    "result_set_size": 2512512,
                                                                    "operator_name": "PROJECTION",
                                                                    "cpu_time": 0.0,
                                                                    "extra_info": {
                                                                      "Projections": [
                                                                        "#0",
                                                                        "#1",
                                                                        "#2",
                                                                        "#3"
                                                                      ],
                                                                      "Estimated Cardinality": "288244"
                                                                    },
                                                                    "cumulative_cardinality": 0,
                                                                    "operator_type": "PROJECTION",
                                                                    "operator_cardinality": 157032,
                                                                    "cumulative_rows_scanned": 0,
                                                                    "operator_rows_scanned": 0,
                                                                    "operator_timing": 0.000289646,
                                                                    "children": [
                                                                      {
                                                                        "total_bytes_written": 0,
                                                                        "total_bytes_read": 0,
                                                                        "result_set_size": 2669544,
                                                                        "operator_name": "FILTER",
                                                                        "cpu_time": 0.0,
                                                                        "extra_info": {
                                                                          "Expression": "IN (...)",
                                                                          "Estimated Cardinality": "288244"
                                                                        },
                                                                        "cumulative_cardinality": 0,
                                                                        "operator_type": "FILTER",
                                                                        "operator_cardinality": 157032,
                                                                        "cumulative_rows_scanned": 0,
                                                                        "operator_rows_scanned": 0,
                                                                        "operator_timing": 0.0038194169999999994,
                                                                        "children": [
                                                                          {
                                                                            "total_bytes_written": 0,
                                                                            "total_bytes_read": 0,
                                                                            "result_set_size": 24495181,
                                                                            "operator_name": "HASH_JOIN",
                                                                            "cpu_time": 0.0,
                                                                            "extra_info": {
                                                                              "Join Type": "MARK",
                                                                              "Conditions": "cr_reason_sk = #0",
                                                                              "Estimated Cardinality": "1441224"
                                                                            },
                                                                            "cumulative_cardinality": 0,
                                                                            "operator_type": "HASH_JOIN",
                                                                            "operator_cardinality": 1440893,
                                                                            "cumulative_rows_scanned": 0,
                                                                            "operator_rows_scanned": 0,
                                                                            "operator_timing": 0.011535106000000002,
                                                                            "children": [
                                                                              {
                                                                                "total_bytes_written": 0,
                                                                                "total_bytes_read": 0,
                                                                                "result_set_size": 28817860,
                                                                                "operator_name": "SEQ_SCAN ",
                                                                                "cpu_time": 0.0,
                                                                                "extra_info": {
                                                                                  "Table": "catalog_returns",
                                                                                  "Type": "Sequential Scan",
                                                                                  "Projections": [
                                                                                    "cr_order_number",
                                                                                    "cr_item_sk",
                                                                                    "cr_reason_sk",
                                                                                    "cr_return_quantity",
                                                                                    "cr_return_amount"
                                                                                  ],
                                                                                  "Filters": "optional: cr_reason_sk IN (8, 18, 20, 23, 41)",
                                                                                  "Estimated Cardinality": "1441224"
                                                                                },
                                                                                "cumulative_cardinality": 0,
                                                                                "operator_type": "TABLE_SCAN",
                                                                                "operator_cardinality": 1440893,
                                                                                "cumulative_rows_scanned": 0,
                                                                                "operator_rows_scanned": 17294688,
                                                                                "operator_timing": 0.010834737,
                                                                                "children": []
                                                                              },
                                                                              {
                                                                                "total_bytes_written": 0,
                                                                                "total_bytes_read": 0,
                                                                                "result_set_size": 20,
                                                                                "operator_name": "COLUMN_DATA_SCAN",
                                                                                "cpu_time": 0.0,
                                                                                "extra_info": {
                                                                                  "Estimated Cardinality": "0"
                                                                                },
                                                                                "cumulative_cardinality": 0,
                                                                                "operator_type": "COLUMN_DATA_SCAN",
                                                                                "operator_cardinality": 5,
                                                                                "cumulative_rows_scanned": 0,
                                                                                "operator_rows_scanned": 0,
                                                                                "operator_timing": 2.655e-06,
                                                                                "children": []
                                                                              }
                                                                            ]
                                                                          }
                                                                        ]
                                                                      }
                                                                    ]
                                                                  },
                                                                  {
                                                                    "total_bytes_written": 0,
                                                                    "total_bytes_read": 0,
                                                                    "result_set_size": 202980,
                                                                    "operator_name": "SEQ_SCAN ",
                                                                    "cpu_time": 0.0,
                                                                    "extra_info": {
                                                                      "Table": "item",
                                                                      "Type": "Sequential Scan",
                                                                      "Projections": [
                                                                        "i_item_sk",
                                                                        "i_brand_id",
                                                                        "i_class_id",
                                                                        "i_category_id",
                                                                        "i_manufact_id"
                                                                      ],
                                                                      "Filters": "i_category='Children'",
                                                                      "Estimated Cardinality": "9273"
                                                                    },
                                                                    "cumulative_cardinality": 0,
                                                                    "operator_type": "TABLE_SCAN",
                                                                    "operator_cardinality": 10149,
                                                                    "cumulative_rows_scanned": 0,
                                                                    "operator_rows_scanned": 102000,
                                                                    "operator_timing": 0.000721719,
                                                                    "children": []
                                                                  }
                                                                ]
                                                              }
                                                            ]
                                                          },
                                                          {
                                                            "total_bytes_written": 0,
                                                            "total_bytes_read": 0,
                                                            "result_set_size": 14712,
                                                            "operator_name": "SEQ_SCAN ",
                                                            "cpu_time": 0.0,
                                                            "extra_info": {
                                                              "Table": "date_dim",
                                                              "Type": "Sequential Scan",
                                                              "Projections": [
                                                                "d_date_sk",
                                                                "d_year"
                                                              ],
                                                              "Filters": "d_date_sk>=2450815 AND d_date_sk<=2452653",
                                                              "Estimated Cardinality": "73049"
                                                            },
                                                            "cumulative_cardinality": 0,
                                                            "operator_type": "TABLE_SCAN",
                                                            "operator_cardinality": 1839,
                                                            "cumulative_rows_scanned": 0,
                                                            "operator_rows_scanned": 73049,
                                                            "operator_timing": 9.5917e-05,
                                                            "children": []
                                                          }
                                                        ]
                                                      }
                                                    ]
                                                  },
                                                  {
                                                    "total_bytes_written": 0,
                                                    "total_bytes_read": 0,
                                                    "result_set_size": 157332,
                                                    "operator_name": "PROJECTION",
                                                    "cpu_time": 0.0,
                                                    "extra_info": {
                                                      "Projections": [
                                                        "d_year",
                                                        "i_brand_id",
                                                        "i_class_id",
                                                        "i_category_id",
                                                        "i_manufact_id",
                                                        "sales_cnt",
                                                        "sales_amt"
                                                      ],
                                                      "Estimated Cardinality": "331548"
                                                    },
                                                    "cumulative_cardinality": 0,
                                                    "operator_type": "PROJECTION",
                                                    "operator_cardinality": 5619,
                                                    "cumulative_rows_scanned": 0,
                                                    "operator_rows_scanned": 0,
                                                    "operator_timing": 0.000360522,
                                                    "children": [
                                                      {
                                                        "total_bytes_written": 0,
                                                        "total_bytes_read": 0,
                                                        "result_set_size": 202284,
                                                        "operator_name": "HASH_JOIN",
                                                        "cpu_time": 0.0,
                                                        "extra_info": {
                                                          "Join Type": "INNER",
                                                          "Conditions": "ss_sold_date_sk = d_date_sk",
                                                          "Estimated Cardinality": "331548"
                                                        },
                                                        "cumulative_cardinality": 0,
                                                        "operator_type": "HASH_JOIN",
                                                        "operator_cardinality": 5619,
                                                        "cumulative_rows_scanned": 0,
                                                        "operator_rows_scanned": 0,
                                                        "operator_timing": 0.000261356,
                                                        "children": [
                                                          {
                                                            "total_bytes_written": 0,
                                                            "total_bytes_read": 0,
                                                            "result_set_size": 202284,
                                                            "operator_name": "HASH_JOIN",
                                                            "cpu_time": 0.0,
                                                            "extra_info": {
                                                              "Join Type": "INNER",
                                                              "Conditions": [
                                                                "ss_item_sk = sr_item_sk",
                                                                "ss_ticket_number = sr_ticket_number"
                                                              ],
                                                              "Estimated Cardinality": "165774"
                                                            },
                                                            "cumulative_cardinality": 0,
                                                            "operator_type": "HASH_JOIN",
                                                            "operator_cardinality": 5619,
                                                            "cumulative_rows_scanned": 0,
                                                            "operator_rows_scanned": 0,
                                                            "operator_timing": 0.13363314899999998,
                                                            "children": [
                                                              {
                                                                "total_bytes_written": 0,
                                                                "total_bytes_read": 0,
                                                                "result_set_size": 105092500,
                                                                "operator_name": "FILTER",
                                                                "cpu_time": 0.0,
                                                                "extra_info": {
                                                                  "Expression": "(ss_ticket_number <= 2399999)",
                                                                  "Estimated Cardinality": "5760198"
                                                                },
                                                                "cumulative_cardinality": 0,
                                                                "operator_type": "FILTER",
                                                                "operator_cardinality": 5254625,
                                                                "cumulative_rows_scanned": 0,
                                                                "operator_rows_scanned": 0,
                                                                "operator_timing": 0.020601337,
                                                                "children": [
                                                                  {
                                                                    "total_bytes_written": 0,
                                                                    "total_bytes_read": 0,
                                                                    "result_set_size": 105092500,
                                                                    "operator_name": "PROJECTION",
                                                                    "cpu_time": 0.0,
                                                                    "extra_info": {
                                                                      "Projections": [
                                                                        "#0",
                                                                        "#1",
                                                                        "#2",
                                                                        "#5",
                                                                        "#6"
                                                                      ],
                                                                      "Estimated Cardinality": "5760198"
                                                                    },
                                                                    "cumulative_cardinality": 0,
                                                                    "operator_type": "PROJECTION",
                                                                    "operator_cardinality": 5254625,
                                                                    "cumulative_rows_scanned": 0,
                                                                    "operator_rows_scanned": 0,
                                                                    "operator_timing": 0.006860774,
                                                                    "children": [
                                                                      {
                                                                        "total_bytes_written": 0,
                                                                        "total_bytes_read": 0,
                                                                        "result_set_size": 147129500,
                                                                        "operator_name": "FILTER",
                                                                        "cpu_time": 0.0,
                                                                        "extra_info": {
                                                                          "Expression": "((CAST(ss_sales_price AS DOUBLE) / CAST(ss_list_price AS DOUBLE)) BETWEEN 0.69 AND 0.89)",
                                                                          "Estimated Cardinality": "5760198"
                                                                        },
                                                                        "cumulative_cardinality": 0,
                                                                        "operator_type": "FILTER",
                                                                        "operator_cardinality": 5254625,
                                                                        "cumulative_rows_scanned": 0,
                                                                        "operator_rows_scanned": 0,
                                                                        "operator_timing": 0.879425445,
                                                                        "children": [
                                                                          {
                                                                            "total_bytes_written": 0,
                                                                            "total_bytes_read": 0,
                                                                            "result_set_size": 769900628,
                                                                            "operator_name": "SEQ_SCAN ",
                                                                            "cpu_time": 0.0,
                                                                            "extra_info": {
                                                                              "Table": "store_sales",
                                                                              "Type": "Sequential Scan",
                                                                              "Projections": [
                                                                                "ss_item_sk",
                                                                                "ss_sold_date_sk",
                                                                                "ss_ticket_number",
                                                                                "ss_sales_price",
                                                                                "ss_list_price",
                                                                                "ss_quantity",
                                                                                "ss_ext_sales_price"
                                                                              ],
                                                                              "Estimated Cardinality": "28800991"
                                                                            },
                                                                            "cumulative_cardinality": 0,
                                                                            "operator_type": "TABLE_SCAN",
                                                                            "operator_cardinality": 27496451,
                                                                            "cumulative_rows_scanned": 0,
                                                                            "operator_rows_scanned": 806427748,
                                                                            "operator_timing": 0.36389312100000004,
                                                                            "children": []
                                                                          }
                                                                        ]
                                                                      }
                                                                    ]
                                                                  }
                                                                ]
                                                              },
                                                              {
                                                                "total_bytes_written": 0,
                                                                "total_bytes_read": 0,
                                                                "result_set_size": 980480,
                                                                "operator_name": "HASH_JOIN",
                                                                "cpu_time": 0.0,
                                                                "extra_info": {
                                                                  "Join Type": "INNER",
                                                                  "Conditions": "sr_item_sk = i_item_sk",
                                                                  "Estimated Cardinality": "54013"
                                                                },
                                                                "cumulative_cardinality": 0,
                                                                "operator_type": "HASH_JOIN",
                                                                "operator_cardinality": 30640,
                                                                "cumulative_rows_scanned": 0,
                                                                "operator_rows_scanned": 0,
                                                                "operator_timing": 0.008967992,
                                                                "children": [
                                                                  {
                                                                    "total_bytes_written": 0,
                                                                    "total_bytes_read": 0,
                                                                    "result_set_size": 4930544,
                                                                    "operator_name": "PROJECTION",
                                                                    "cpu_time": 0.0,
                                                                    "extra_info": {
                                                                      "Projections": [
                                                                        "#0",
                                                                        "#1",
                                                                        "#2",
                                                                        "#3"
                                                                      ],
                                                                      "Estimated Cardinality": "575506"
                                                                    },
                                                                    "cumulative_cardinality": 0,
                                                                    "operator_type": "PROJECTION",
                                                                    "operator_cardinality": 308159,
                                                                    "cumulative_rows_scanned": 0,
                                                                    "operator_rows_scanned": 0,
                                                                    "operator_timing": 0.000425299,
                                                                    "children": [
                                                                      {
                                                                        "total_bytes_written": 0,
                                                                        "total_bytes_read": 0,
                                                                        "result_set_size": 5238703,
                                                                        "operator_name": "FILTER",
                                                                        "cpu_time": 0.0,
                                                                        "extra_info": {
                                                                          "Expression": "IN (...)",
                                                                          "Estimated Cardinality": "575506"
                                                                        },
                                                                        "cumulative_cardinality": 0,
                                                                        "operator_type": "FILTER",
                                                                        "operator_cardinality": 308159,
                                                                        "cumulative_rows_scanned": 0,
                                                                        "operator_rows_scanned": 0,
                                                                        "operator_timing": 0.007269027000000002,
                                                                        "children": [
                                                                          {
                                                                            "total_bytes_written": 0,
                                                                            "total_bytes_read": 0,
                                                                            "result_set_size": 48906977,
                                                                            "operator_name": "HASH_JOIN",
                                                                            "cpu_time": 0.0,
                                                                            "extra_info": {
                                                                              "Join Type": "MARK",
                                                                              "Conditions": "sr_reason_sk = #0",
                                                                              "Estimated Cardinality": "2877532"
                                                                            },
                                                                            "cumulative_cardinality": 0,
                                                                            "operator_type": "HASH_JOIN",
                                                                            "operator_cardinality": 2876881,
                                                                            "cumulative_rows_scanned": 0,
                                                                            "operator_rows_scanned": 0,
                                                                            "operator_timing": 0.021331176,
                                                                            "children": [
                                                                              {
                                                                                "total_bytes_written": 0,
                                                                                "total_bytes_read": 0,
                                                                                "result_set_size": 57537620,
                                                                                "operator_name": "SEQ_SCAN ",
                                                                                "cpu_time": 0.0,
                                                                                "extra_info": {
                                                                                  "Table": "store_returns",
                                                                                  "Type": "Sequential Scan",
                                                                                  "Projections": [
                                                                                    "sr_ticket_number",
                                                                                    "sr_item_sk",
                                                                                    "sr_reason_sk",
                                                                                    "sr_return_quantity",
                                                                                    "sr_return_amt"
                                                                                  ],
                                                                                  "Filters": "optional: sr_reason_sk IN (8, 18, 20, 23, 41)",
                                                                                  "Estimated Cardinality": "2877532"
                                                                                },
                                                                                "cumulative_cardinality": 0,
                                                                                "operator_type": "TABLE_SCAN",
                                                                                "operator_cardinality": 2876881,
                                                                                "cumulative_rows_scanned": 0,
                                                                                "operator_rows_scanned": 69060768,
                                                                                "operator_timing": 0.018388645000000002,
                                                                                "children": []
                                                                              },
                                                                              {
                                                                                "total_bytes_written": 0,
                                                                                "total_bytes_read": 0,
                                                                                "result_set_size": 20,
                                                                                "operator_name": "COLUMN_DATA_SCAN",
                                                                                "cpu_time": 0.0,
                                                                                "extra_info": {
                                                                                  "Estimated Cardinality": "0"
                                                                                },
                                                                                "cumulative_cardinality": 0,
                                                                                "operator_type": "COLUMN_DATA_SCAN",
                                                                                "operator_cardinality": 5,
                                                                                "cumulative_rows_scanned": 0,
                                                                                "operator_rows_scanned": 0,
                                                                                "operator_timing": 9.73e-07,
                                                                                "children": []
                                                                              }
                                                                            ]
                                                                          }
                                                                        ]
                                                                      }
                                                                    ]
                                                                  },
                                                                  {
                                                                    "total_bytes_written": 0,
                                                                    "total_bytes_read": 0,
                                                                    "result_set_size": 202980,
                                                                    "operator_name": "SEQ_SCAN ",
                                                                    "cpu_time": 0.0,
                                                                    "extra_info": {
                                                                      "Table": "item",
                                                                      "Type": "Sequential Scan",
                                                                      "Projections": [
                                                                        "i_item_sk",
                                                                        "i_brand_id",
                                                                        "i_class_id",
                                                                        "i_category_id",
                                                                        "i_manufact_id"
                                                                      ],
                                                                      "Filters": "i_category='Children'",
                                                                      "Estimated Cardinality": "9273"
                                                                    },
                                                                    "cumulative_cardinality": 0,
                                                                    "operator_type": "TABLE_SCAN",
                                                                    "operator_cardinality": 10149,
                                                                    "cumulative_rows_scanned": 0,
                                                                    "operator_rows_scanned": 102000,
                                                                    "operator_timing": 0.0006991999999999999,
                                                                    "children": []
                                                                  }
                                                                ]
                                                              }
                                                            ]
                                                          },
                                                          {
                                                            "total_bytes_written": 0,
                                                            "total_bytes_read": 0,
                                                            "result_set_size": 14616,
                                                            "operator_name": "SEQ_SCAN ",
                                                            "cpu_time": 0.0,
                                                            "extra_info": {
                                                              "Table": "date_dim",
                                                              "Type": "Sequential Scan",
                                                              "Projections": [
                                                                "d_date_sk",
                                                                "d_year"
                                                              ],
                                                              "Filters": "d_date_sk>=2450816 AND d_date_sk<=2452642",
                                                              "Estimated Cardinality": "73049"
                                                            },
                                                            "cumulative_cardinality": 0,
                                                            "operator_type": "TABLE_SCAN",
                                                            "operator_cardinality": 1827,
                                                            "cumulative_rows_scanned": 0,
                                                            "operator_rows_scanned": 73049,
                                                            "operator_timing": 0.000154722,
                                                            "children": []
                                                          }
                                                        ]
                                                      }
                                                    ]
                                                  }
                                                ]
                                              }
                                            ]
                                          },
                                          {
                                            "total_bytes_written": 0,
                                            "total_bytes_read": 0,
                                            "result_set_size": 41748,
                                            "operator_name": "PROJECTION",
                                            "cpu_time": 0.0,
                                            "extra_info": {
                                              "Projections": [
                                                "d_year",
                                                "i_brand_id",
                                                "i_class_id",
                                                "i_category_id",
                                                "i_manufact_id",
                                                "sales_cnt",
                                                "sales_amt"
                                              ],
                                              "Estimated Cardinality": "83899"
                                            },
                                            "cumulative_cardinality": 0,
                                            "operator_type": "PROJECTION",
                                            "operator_cardinality": 1491,
                                            "cumulative_rows_scanned": 0,
                                            "operator_rows_scanned": 0,
                                            "operator_timing": 1.725e-05,
                                            "children": [
                                              {
                                                "total_bytes_written": 0,
                                                "total_bytes_read": 0,
                                                "result_set_size": 53676,
                                                "operator_name": "HASH_JOIN",
                                                "cpu_time": 0.0,
                                                "extra_info": {
                                                  "Join Type": "INNER",
                                                  "Conditions": "d_date_sk = ws_sold_date_sk",
                                                  "Estimated Cardinality": "83899"
                                                },
                                                "cumulative_cardinality": 0,
                                                "operator_type": "HASH_JOIN",
                                                "operator_cardinality": 1491,
                                                "cumulative_rows_scanned": 0,
                                                "operator_rows_scanned": 0,
                                                "operator_timing": 0.0033349749999999996,
                                                "children": [
                                                  {
                                                    "total_bytes_written": 0,
                                                    "total_bytes_read": 0,
                                                    "result_set_size": 14592,
                                                    "operator_name": "SEQ_SCAN ",
                                                    "cpu_time": 0.0,
                                                    "extra_info": {
                                                      "Table": "date_dim",
                                                      "Type": "Sequential Scan",
                                                      "Projections": [
                                                        "d_date_sk",
                                                        "d_year"
                                                      ],
                                                      "Filters": "d_date_sk>=2450816 AND d_date_sk<=2452642",
                                                      "Estimated Cardinality": "73049"
                                                    },
                                                    "cumulative_cardinality": 0,
                                                    "operator_type": "TABLE_SCAN",
                                                    "operator_cardinality": 1824,
                                                    "cumulative_rows_scanned": 0,
                                                    "operator_rows_scanned": 73049,
                                                    "operator_timing": 0.000102784,
                                                    "children": []
                                                  },
                                                  {
                                                    "total_bytes_written": 0,
                                                    "total_bytes_read": 0,
                                                    "result_set_size": 53676,
                                                    "operator_name": "HASH_JOIN",
                                                    "cpu_time": 0.0,
                                                    "extra_info": {
                                                      "Join Type": "INNER",
                                                      "Conditions": [
                                                        "ws_item_sk = wr_item_sk",
                                                        "ws_order_number = wr_order_number"
                                                      ],
                                                      "Estimated Cardinality": "41949"
                                                    },
                                                    "cumulative_cardinality": 0,
                                                    "operator_type": "HASH_JOIN",
                                                    "operator_cardinality": 1491,
                                                    "cumulative_rows_scanned": 0,
                                                    "operator_rows_scanned": 0,
                                                    "operator_timing": 0.034253666,
                                                    "children": [
                                                      {
                                                        "total_bytes_written": 0,
                                                        "total_bytes_read": 0,
                                                        "result_set_size": 28503240,
                                                        "operator_name": "PROJECTION",
                                                        "cpu_time": 0.0,
                                                        "extra_info": {
                                                          "Projections": [
                                                            "#0",
                                                            "#1",
                                                            "#2",
                                                            "#5",
                                                            "#6"
                                                          ],
                                                          "Estimated Cardinality": "1439513"
                                                        },
                                                        "cumulative_cardinality": 0,
                                                        "operator_type": "PROJECTION",
                                                        "operator_cardinality": 1425162,
                                                        "cumulative_rows_scanned": 0,
                                                        "operator_rows_scanned": 0,
                                                        "operator_timing": 0.0017694470000000006,
                                                        "children": [
                                                          {
                                                            "total_bytes_written": 0,
                                                            "total_bytes_read": 0,
                                                            "result_set_size": 39904536,
                                                            "operator_name": "FILTER",
                                                            "cpu_time": 0.0,
                                                            "extra_info": {
                                                              "Expression": "((CAST(ws_sales_price AS DOUBLE) / CAST(ws_list_price AS DOUBLE)) BETWEEN 0.69 AND 0.89)",
                                                              "Estimated Cardinality": "1439513"
                                                            },
                                                            "cumulative_cardinality": 0,
                                                            "operator_type": "FILTER",
                                                            "operator_cardinality": 1425162,
                                                            "cumulative_rows_scanned": 0,
                                                            "operator_rows_scanned": 0,
                                                            "operator_timing": 0.217832769,
                                                            "children": [
                                                              {
                                                                "total_bytes_written": 0,
                                                                "total_bytes_read": 0,
                                                                "result_set_size": 201400136,
                                                                "operator_name": "SEQ_SCAN ",
                                                                "cpu_time": 0.0,
                                                                "extra_info": {
                                                                  "Table": "web_sales",
                                                                  "Type": "Sequential Scan",
                                                                  "Projections": [
                                                                    "ws_item_sk",
                                                                    "ws_sold_date_sk",
                                                                    "ws_order_number",
                                                                    "ws_sales_price",
                                                                    "ws_list_price",
                                                                    "ws_quantity",
                                                                    "ws_ext_sales_price"
                                                                  ],
                                                                  "Estimated Cardinality": "7197566"
                                                                },
                                                                "cumulative_cardinality": 0,
                                                                "operator_type": "TABLE_SCAN",
                                                                "operator_cardinality": 7192862,
                                                                "cumulative_rows_scanned": 0,
                                                                "operator_rows_scanned": 201531848,
                                                                "operator_timing": 0.06907778199999999,
                                                                "children": []
                                                              }
                                                            ]
                                                          }
                                                        ]
                                                      },
                                                      {
                                                        "total_bytes_written": 0,
                                                        "total_bytes_read": 0,
                                                        "result_set_size": 246816,
                                                        "operator_name": "HASH_JOIN",
                                                        "cpu_time": 0.0,
                                                        "extra_info": {
                                                          "Join Type": "INNER",
                                                          "Conditions": "wr_item_sk = i_item_sk",
                                                          "Estimated Cardinality": "11917"
                                                        },
                                                        "cumulative_cardinality": 0,
                                                        "operator_type": "HASH_JOIN",
                                                        "operator_cardinality": 7713,
                                                        "cumulative_rows_scanned": 0,
                                                        "operator_rows_scanned": 0,
                                                        "operator_timing": 0.003297650000000001,
                                                        "children": [
                                                          {
                                                            "total_bytes_written": 0,
                                                            "total_bytes_read": 0,
                                                            "result_set_size": 1219888,
                                                            "operator_name": "PROJECTION",
                                                            "cpu_time": 0.0,
                                                            "extra_info": {
                                                              "Projections": [
                                                                "#0",
                                                                "#1",
                                                                "#2",
                                                                "#3"
                                                              ],
                                                              "Estimated Cardinality": "143844"
                                                            },
                                                            "cumulative_cardinality": 0,
                                                            "operator_type": "PROJECTION",
                                                            "operator_cardinality": 76243,
                                                            "cumulative_rows_scanned": 0,
                                                            "operator_rows_scanned": 0,
                                                            "operator_timing": 0.00014439699999999997,
                                                            "children": [
                                                              {
                                                                "total_bytes_written": 0,
                                                                "total_bytes_read": 0,
                                                                "result_set_size": 1296131,
                                                                "operator_name": "FILTER",
                                                                "cpu_time": 0.0,
                                                                "extra_info": {
                                                                  "Expression": "IN (...)",
                                                                  "Estimated Cardinality": "143844"
                                                                },
                                                                "cumulative_cardinality": 0,
                                                                "operator_type": "FILTER",
                                                                "operator_cardinality": 76243,
                                                                "cumulative_rows_scanned": 0,
                                                                "operator_rows_scanned": 0,
                                                                "operator_timing": 0.0022247120000000007,
                                                                "children": [
                                                                  {
                                                                    "total_bytes_written": 0,
                                                                    "total_bytes_read": 0,
                                                                    "result_set_size": 12223544,
                                                                    "operator_name": "HASH_JOIN",
                                                                    "cpu_time": 0.0,
                                                                    "extra_info": {
                                                                      "Join Type": "MARK",
                                                                      "Conditions": "wr_reason_sk = #0",
                                                                      "Estimated Cardinality": "719222"
                                                                    },
                                                                    "cumulative_cardinality": 0,
                                                                    "operator_type": "HASH_JOIN",
                                                                    "operator_cardinality": 719032,
                                                                    "cumulative_rows_scanned": 0,
                                                                    "operator_rows_scanned": 0,
                                                                    "operator_timing": 0.006691773000000001,
                                                                    "children": [
                                                                      {
                                                                        "total_bytes_written": 0,
                                                                        "total_bytes_read": 0,
                                                                        "result_set_size": 14380640,
                                                                        "operator_name": "SEQ_SCAN ",
                                                                        "cpu_time": 0.0,
                                                                        "extra_info": {
                                                                          "Table": "web_returns",
                                                                          "Type": "Sequential Scan",
                                                                          "Projections": [
                                                                            "wr_order_number",
                                                                            "wr_item_sk",
                                                                            "wr_reason_sk",
                                                                            "wr_return_quantity",
                                                                            "wr_return_amt"
                                                                          ],
                                                                          "Filters": "optional: wr_reason_sk IN (8, 18, 20, 23, 41)",
                                                                          "Estimated Cardinality": "719222"
                                                                        },
                                                                        "cumulative_cardinality": 0,
                                                                        "operator_type": "TABLE_SCAN",
                                                                        "operator_cardinality": 719032,
                                                                        "cumulative_rows_scanned": 0,
                                                                        "operator_rows_scanned": 4315332,
                                                                        "operator_timing": 0.00551634,
                                                                        "children": []
                                                                      },
                                                                      {
                                                                        "total_bytes_written": 0,
                                                                        "total_bytes_read": 0,
                                                                        "result_set_size": 20,
                                                                        "operator_name": "COLUMN_DATA_SCAN",
                                                                        "cpu_time": 0.0,
                                                                        "extra_info": {
                                                                          "Estimated Cardinality": "0"
                                                                        },
                                                                        "cumulative_cardinality": 0,
                                                                        "operator_type": "COLUMN_DATA_SCAN",
                                                                        "operator_cardinality": 5,
                                                                        "cumulative_rows_scanned": 0,
                                                                        "operator_rows_scanned": 0,
                                                                        "operator_timing": 2.391e-06,
                                                                        "children": []
                                                                      }
                                                                    ]
                                                                  }
                                                                ]
                                                              }
                                                            ]
                                                          },
                                                          {
                                                            "total_bytes_written": 0,
                                                            "total_bytes_read": 0,
                                                            "result_set_size": 202980,
                                                            "operator_name": "SEQ_SCAN ",
                                                            "cpu_time": 0.0,
                                                            "extra_info": {
                                                              "Table": "item",
                                                              "Type": "Sequential Scan",
                                                              "Projections": [
                                                                "i_item_sk",
                                                                "i_brand_id",
                                                                "i_class_id",
                                                                "i_category_id",
                                                                "i_manufact_id"
                                                              ],
                                                              "Filters": "i_category='Children'",
                                                              "Estimated Cardinality": "9273"
                                                            },
                                                            "cumulative_cardinality": 0,
                                                            "operator_type": "TABLE_SCAN",
                                                            "operator_cardinality": 10149,
                                                            "cumulative_rows_scanned": 0,
                                                            "operator_rows_scanned": 102000,
                                                            "operator_timing": 0.0007013249999999999,
                                                            "children": []
                                                          }
                                                        ]
                                                      }
                                                    ]
                                                  }
                                                ]
                                              }
                                            ]
                                          }
                                        ]
                                      }
                                    ]
                                  }
                                ]
                              }
                            ]
                          }
                        ]
                      }
                    ]
                  }
                ]
              },
              {
                "total_bytes_written": 0,
                "total_bytes_read": 0,
                "result_set_size": 8800,
                "operator_name": "TOP_N",
                "cpu_time": 0.0,
                "extra_info": {
                  "Top": "100",
                  "Order By": [
                    "(curr_yr.sales_cnt - prev_yr.sales_cnt) ASC",
                    "(curr_yr.sales_amt - prev_yr.sales_amt) ASC"
                  ]
                },
                "cumulative_cardinality": 0,
                "operator_type": "TOP_N",
                "operator_cardinality": 100,
                "cumulative_rows_scanned": 0,
                "operator_rows_scanned": 0,
                "operator_timing": 0.00010444899999999999,
                "children": [
                  {
                    "total_bytes_written": 0,
                    "total_bytes_read": 0,
                    "result_set_size": 27720,
                    "operator_name": "PROJECTION",
                    "cpu_time": 0.0,
                    "extra_info": {
                      "Projections": [
                        "prev_year",
                        "year",
                        "i_brand_id",
                        "i_class_id",
                        "i_category_id",
                        "i_manufact_id",
                        "prev_yr_cnt",
                        "curr_yr_cnt",
                        "sales_cnt_diff",
                        "sales_amt_diff"
                      ],
                      "Estimated Cardinality": "2203"
                    },
                    "cumulative_cardinality": 0,
                    "operator_type": "PROJECTION",
                    "operator_cardinality": 315,
                    "cumulative_rows_scanned": 0,
                    "operator_rows_scanned": 0,
                    "operator_timing": 2.7198999999999998e-05,
                    "children": [
                      {
                        "total_bytes_written": 0,
                        "total_bytes_read": 0,
                        "result_set_size": 27720,
                        "operator_name": "FILTER",
                        "cpu_time": 0.0,
                        "extra_info": {
                          "Expression": "((CAST(CAST(sales_cnt AS DECIMAL(17,2)) AS DOUBLE) / CAST(CAST(sales_cnt AS DECIMAL(17,2)) AS DOUBLE)) < 0.9)",
                          "Estimated Cardinality": "2203"
                        },
                        "cumulative_cardinality": 0,
                        "operator_type": "FILTER",
                        "operator_cardinality": 315,
                        "cumulative_rows_scanned": 0,
                        "operator_rows_scanned": 0,
                        "operator_timing": 9.9831e-05,
                        "children": [
                          {
                            "total_bytes_written": 0,
                            "total_bytes_read": 0,
                            "result_set_size": 58432,
                            "operator_name": "HASH_JOIN",
                            "cpu_time": 0.0,
                            "extra_info": {
                              "Join Type": "INNER",
                              "Conditions": [
                                "i_brand_id = i_brand_id",
                                "i_class_id = i_class_id",
                                "i_category_id = i_category_id",
                                "i_manufact_id = i_manufact_id"
                              ],
                              "Estimated Cardinality": "2203"
                            },
                            "cumulative_cardinality": 0,
                            "operator_type": "HASH_JOIN",
                            "operator_cardinality": 664,
                            "cumulative_rows_scanned": 0,
                            "operator_rows_scanned": 0,
                            "operator_timing": 0.0007574260000000001,
                            "children": [
                              {
                                "total_bytes_written": 0,
                                "total_bytes_read": 0,
                                "result_set_size": 75608,
                                "operator_name": "FILTER",
                                "cpu_time": 0.0,
                                "extra_info": {
                                  "Expression": "(d_year = 1999)",
                                  "Estimated Cardinality": "66309"
                                },
                                "cumulative_cardinality": 0,
                                "operator_type": "FILTER",
                                "operator_cardinality": 1454,
                                "cumulative_rows_scanned": 0,
                                "operator_rows_scanned": 0,
                                "operator_timing": 3.2840000000000004e-05,
                                "children": [
                                  {
                                    "total_bytes_written": 0,
                                    "total_bytes_read": 0,
                                    "result_set_size": 145756,
                                    "operator_name": "CTE_SCAN",
                                    "cpu_time": 0.0,
                                    "extra_info": {
                                      "CTE Index": "0",
                                      "Estimated Cardinality": "66309"
                                    },
                                    "cumulative_cardinality": 0,
                                    "operator_type": "CTE_SCAN",
                                    "operator_cardinality": 2803,
                                    "cumulative_rows_scanned": 0,
                                    "operator_rows_scanned": 0,
                                    "operator_timing": 4.2067e-05,
                                    "children": []
                                  }
                                ]
                              },
                              {
                                "total_bytes_written": 0,
                                "total_bytes_read": 0,
                                "result_set_size": 70148,
                                "operator_name": "FILTER",
                                "cpu_time": 0.0,
                                "extra_info": {
                                  "Expression": "((d_year = 1998) AND (sales_cnt > 0))",
                                  "Estimated Cardinality": "66309"
                                },
                                "cumulative_cardinality": 0,
                                "operator_type": "FILTER",
                                "operator_cardinality": 1349,
                                "cumulative_rows_scanned": 0,
                                "operator_rows_scanned": 0,
                                "operator_timing": 9.107700000000001e-05,
                                "children": [
                                  {
                                    "total_bytes_written": 0,
                                    "total_bytes_read": 0,
                                    "result_set_size": 145756,
                                    "operator_name": "CTE_SCAN",
                                    "cpu_time": 0.0,
                                    "extra_info": {
                                      "CTE Index": "0",
                                      "Estimated Cardinality": "66309"
                                    },
                                    "cumulative_cardinality": 0,
                                    "operator_type": "CTE_SCAN",
                                    "operator_cardinality": 2803,
                                    "cumulative_rows_scanned": 0,
                                    "operator_rows_scanned": 0,
                                    "operator_timing": 4.128e-05,
                                    "children": []
                                  }
                                ]
                              }
                            ]
                          }
                        ]
                      }
                    ]
                  }
                ]
              }
            ]
          }
        ]
      }
    ]
  },
  "actual_rows": 0
}