{
  "execution_time_ms": 31.5,
  "plan_text": "\u250c\u2500\u2500\u2500\u2500\u2500\u2500\u2500\u2500\u2500\u2500\u2500\u2500\u2500\u2500\u2500\u2500\u2500\u2500\u2500\u2500\u2500\u2500\u2500\u2500\u2500\u2500\u2500\u2500\u2500\u2500\u2500\u2500\u2500\u2500\u2500\u2500\u2500\u2510\n\u2502\u250c\u2500\u2500\u2500\u2500\u2500\u2500\u2500\u2500\u2500\u2500\u2500\u2500\u2500\u2500\u2500\u2500\u2500\u2500\u2500\u2500\u2500\u2500\u2500\u2500\u2500\u2500\u2500\u2500\u2500\u2500\u2500\u2500\u2500\u2500\u2500\u2510\u2502\n\u2502\u2502    Query Profiling Information    \u2502\u2502\n\u2502\u2514\u2500\u2500\u2500\u2500\u2500\u2500\u2500\u2500\u2500\u2500\u2500\u2500\u2500\u2500\u2500\u2500\u2500\u2500\u2500\u2500\u2500\u2500\u2500\u2500\u2500\u2500\u2500\u2500\u2500\u2500\u2500\u2500\u2500\u2500\u2500\u2518\u2502\n\u2514\u2500\u2500\u2500\u2500\u2500\u2500\u2500\u2500\u2500\u2500\u2500\u2500\u2500\u2500\u2500\u2500\u2500\u2500\u2500\u2500\u2500\u2500\u2500\u2500\u2500\u2500\u2500\u2500\u2500\u2500\u2500\u2500\u2500\u2500\u2500\u2500\u2500\u2518\nEXPLAIN ANALYZE select  count(*) from (     select distinct c_last_name, c_first_name, d_date     from store_sales, date_dim, customer           where store_sales.ss_sold_date_sk = date_dim.d_date_sk       and store_sales.ss_customer_sk = customer.c_customer_sk       and d_month_seq between 1207 and 1207 + 11       and c_birth_month in (2, 3, 4, 10)       and ss_list_price between 241 and 300       and ss_wholesale_cost BETWEEN 76 AND 96   intersect     select distinct c_last_name, c_first_name, d_date     from catalog_sales, date_dim, customer           where catalog_sales.cs_sold_date_sk = date_dim.d_date_sk       and catalog_sales.cs_bill_customer_sk = customer.c_customer_sk       and d_month_seq between 1207 and 1207 + 11       and c_birth_month in (2, 3, 4, 10)       and cs_list_price between 241 and 300       and cs_wholesale_cost BETWEEN 76 AND 96   intersect     select distinct c_last_name, c_first_name, d_date     from web_sales, date_dim, customer           where web_sales.ws_sold_date_sk = date_dim.d_date_sk       and web_sales.ws_bill_customer_sk = customer.c_customer_sk       and d_month_seq between 1207 and 1207 + 11       and c_birth_month in (2, 3, 4, 10)       and ws_list_price between 241 and 300       and ws_wholesale_cost BETWEEN 76 AND 96 ) hot_cust limit 100\n\u250c\u2500\u2500\u2500\u2500\u2500\u2500\u2500\u2500\u2500\u2500\u2500\u2500\u2500\u2500\u2500\u2500\u2500\u2500\u2500\u2500\u2500\u2500\u2500\u2500\u2500\u2500\u2500\u2500\u2500\u2500\u2500\u2500\u2500\u2500\u2500\u2500\u2500\u2500\u2500\u2500\u2500\u2500\u2500\u2500\u2500\u2500\u2500\u2500\u2510\n\u2502\u250c\u2500\u2500\u2500\u2500\u2500\u2500\u2500\u2500\u2500\u2500\u2500\u2500\u2500\u2500\u2500\u2500\u2500\u2500\u2500\u2500\u2500\u2500\u2500\u2500\u2500\u2500\u2500\u2500\u2500\u2500\u2500\u2500\u2500\u2500\u2500\u2500\u2500\u2500\u2500\u2500\u2500\u2500\u2500\u2500\u2500\u2500\u2510\u2502\n\u2502\u2502              Total Time: 0.0264s             \u2502\u2502\n\u2502\u2514\u2500\u2500\u2500\u2500\u2500\u2500\u2500\u2500\u2500\u2500\u2500\u2500\u2500\u2500\u2500\u2500\u2500\u2500\u2500\u2500\u2500\u2500\u2500\u2500\u2500\u2500\u2500\u2500\u2500\u2500\u2500\u2500\u2500\u2500\u2500\u2500\u2500\u2500\u2500\u2500\u2500\u2500\u2500\u2500\u2500\u2500\u2518\u2502\n\u2514\u2500\u2500\u2500\u2500\u2500\u2500\u2500\u2500\u2500\u2500\u2500\u2500\u2500\u2500\u2500\u2500\u2500\u2500\u2500\u2500\u2500\u2500\u2500\u2500\u2500\u2500\u2500\u2500\u2500\u2500\u2500\u2500\u2500\u2500\u2500\u2500\u2500\u2500\u2500\u2500\u2500\u2500\u2500\u2500\u2500\u2500\u2500\u2500\u2518\n\u250c\u2500\u2500\u2500\u2500\u2500\u2500\u2500\u2500\u2500\u2500\u2500\u2500\u2500\u2500\u2500\u2500\u2500\u2500\u2500\u2500\u2500\u2500\u2500\u2510\n\u2502         QUERY         \u2502\n\u2514\u2500\u2500\u2500\u2500\u2500\u2500\u2500\u2500\u2500\u2500\u2500\u252c\u2500\u2500\u2500\u2500\u2500\u2500\u2500\u2500\u2500\u2500\u2500\u2518\n\u250c\u2500\u2500\u2500\u2500\u2500\u2500\u2500\u2500\u2500\u2500\u2500\u2534\u2500\u2500\u2500\u2500\u2500\u2500\u2500\u2500\u2500\u2500\u2500\u2510\n\u2502    EXPLAIN_ANALYZE    \u2502\n\u2502    \u2500\u2500\u2500\u2500\u2500\u2500\u2500\u2500\u2500\u2500\u2500\u2500\u2500\u2500\u2500\u2500   \u2502\n\u2502         0 rows        \u2502\n\u2502        (0.00s)        \u2502\n\u2514\u2500\u2500\u2500\u2500\u2500\u2500\u2500\u2500\u2500\u2500\u2500\u252c\u2500\u2500\u2500\u2500\u2500\u2500\u2500\u2500\u2500\u2500\u2500\u2518\n\u250c\u2500\u2500\u2500\u2500\u2500\u2500\u2500\u2500\u2500\u2500\u2500\u2534\u2500\u2500\u2500\u2500\u2500\u2500\u2500\u2500\u2500\u2500\u2500\u2510\n\u2502    STREAMING_LIMIT    \u2502\n\u2502    \u2500\u2500\u2500\u2500\u2500\u2500\u2500\u2500\u2500\u2500\u2500\u2500\u2500\u2500\u2500\u2500   \u2502\n\u2502         1 row         \u2502\n\u2502        (0.00s)        \u2502\n\u2514\u2500\u2500\u2500\u2500\u2500\u2500\u2500\u2500\u2500\u2500\u2500\u252c\u2500\u2500\u2500\u2500\u2500\u2500\u2500\u2500\u2500\u2500\u2500\u2518\n\u250c\u2500\u2500\u2500\u2500\u2500\u2500\u2500\u2500\u2500\u2500\u2500\u2534\u2500\u2500\u2500\u2500\u2500\u2500\u2500\u2500\u2500\u2500\u2500\u2510\n\u2502  UNGROUPED_AGGREGATE  \u2502\n\u2502    \u2500\u2500\u2500\u2500\u2500\u2500\u2500\u2500\u2500\u2500\u2500\u2500\u2500\u2500\u2500\u2500   \u2502\n\u2502      Aggregates:      \u2502\n\u2502      count_star()     \u2502\n\u2502                       \u2502\n\u2502         1 row         \u2502\n\u2502        (0.00s)        \u2502\n\u2514\u2500\u2500\u2500\u2500\u2500\u2500\u2500\u2500\u2500\u2500\u2500\u252c\u2500\u2500\u2500\u2500\u2500\u2500\u2500\u2500\u2500\u2500\u2500\u2518\n\u250c\u2500\u2500\u2500\u2500\u2500\u2500\u2500\u2500\u2500\u2500\u2500\u2534\u2500\u2500\u2500\u2500\u2500\u2500\u2500\u2500\u2500\u2500\u2500\u2510\n\u2502     HASH_GROUP_BY     \u2502\n\u2502    \u2500\u2500\u2500\u2500\u2500\u2500\u2500\u2500\u2500\u2500\u2500\u2500\u2500\u2500\u2500\u2500   \u2502\n\u2502        Groups:        \u2502\n\u2502           #0          \u2502\n\u2502           #1          \u2502\n\u2502           #2          \u2502\n\u2502                       \u2502\n\u2502         0 rows        \u2502\n\u2502        (0.00s)        \u2502\n\u2514\u2500\u2500\u2500\u2500\u2500\u2500\u2500\u2500\u2500\u2500\u2500\u252c\u2500\u2500\u2500\u2500\u2500\u2500\u2500\u2500\u2500\u2500\u2500\u2518\n\u250c\u2500\u2500\u2500\u2500\u2500\u2500\u2500\u2500\u2500\u2500\u2500\u2534\u2500\u2500\u2500\u2500\u2500\u2500\u2500\u2500\u2500\u2500\u2500\u2510\n\u2502       HASH_JOIN       \u2502\n\u2502    \u2500\u2500\u2500\u2500\u2500\u2500\u2500\u2500\u2500\u2500\u2500\u2500\u2500\u2500\u2500\u2500   \u2502\n\u2502    Join Type: SEMI    \u2502\n\u2502                       \u2502\n\u2502      Conditions:      \u2502\n\u2502   #0 IS NOT DISTINCT  \u2502\n\u2502         FROM #0       \u2502\n\u2502   #1 IS NOT DISTINCT  \u251c\u2500\u2500\u2500\u2500\u2500\u2500\u2500\u2500\u2500\u2500\u2500\u2500\u2500\u2500\u2500\u2500\u2500\u2500\u2500\u2500\u2500\u2500\u2500\u2500\u2500\u2500\u2500\u2500\u2500\u2500\u2500\u2500\u2500\u2500\u2500\u2500\u2500\u2500\u2500\u2500\u2500\u2500\u2500\u2500\u2500\u2500\u2500\u2500\u2500\u2500\u2500\u2500\u2500\u2500\u2500\u2500\u2500\u2500\u2500\u2500\u2500\u2500\u2500\u2500\u2500\u2500\u2500\u2500\u2500\u2500\u2500\u2500\u2500\u2500\u2500\u2500\u2500\u2500\u2500\u2500\u2500\u2500\u2500\u2500\u2500\u2500\u2500\u2500\u2500\u2500\u2500\u2500\u2500\u2500\u2500\u2500\u2500\u2500\u2500\u2500\u2500\u2500\u2500\u2500\u2500\u2500\u2500\u2500\u2500\u2500\u2500\u2500\u2500\u2500\u2500\u2500\u2500\u2500\u2500\u2500\u2500\u2500\u2500\u2500\u2500\u2500\u2500\u2500\u2500\u2500\u2500\u2500\u2500\u2500\u2500\u2500\u2500\u2510\n\u2502         FROM #1       \u2502                                                                                                                                         \u2502\n\u2502   #2 IS NOT DISTINCT  \u2502                                                                                                                                         \u2502\n\u2502         FROM #2       \u2502                                                                                                                                         \u2502\n\u2502                       \u2502                                                                                                                                         \u2502\n\u2502         0 rows        \u2502                                                                                                                                         \u2502\n\u2502        (0.00s)        \u2502                                                                                                                                         \u2502\n\u2514\u2500\u2500\u2500\u2500\u2500\u2500\u2500\u2500\u2500\u2500\u2500\u252c\u2500\u2500\u2500\u2500\u2500\u2500\u2500\u2500\u2500\u2500\u2500\u2518                                                                                                                                         \u2502\n\u250c\u2500\u2500\u2500\u2500\u2500\u2500\u2500\u2500\u2500\u2500\u2500\u2534\u2500\u2500\u2500\u2500\u2500\u2500\u2500\u2500\u2500\u2500\u2500\u2510                                                                                                                             \u250c\u2500\u2500\u2500\u2500\u2500\u2500\u2500\u2500\u2500\u2500\u2500\u2534\u2500\u2500\u2500\u2500\u2500\u2500\u2500\u2500\u2500\u2500\u2500\u2510\n\u2502     HASH_GROUP_BY     \u2502                                                                                                                             \u2502       PROJECTION      \u2502\n\u2502    \u2500\u2500\u2500\u2500\u2500\u2500\u2500\u2500\u2500\u2500\u2500\u2500\u2500\u2500\u2500\u2500   \u2502                                                                                                                             \u2502    \u2500\u2500\u2500\u2500\u2500\u2500\u2500\u2500\u2500\u2500\u2500\u2500\u2500\u2500\u2500\u2500   \u2502\n\u2502        Groups:        \u2502                                                                                                                             \u2502__internal_decompress_s\u2502\n\u2502           #0          \u2502                                                                                                                             \u2502       tring(#0)       \u2502\n\u2502           #1          \u2502                                                                                                                             \u2502__internal_decompress_s\u2502\n\u2502           #2          \u2502                                                                                                                             \u2502       tring(#1)       \u2502\n\u2502                       \u2502                                                                                                                             \u2502           #2          \u2502\n\u2502                       \u2502                                                                                                                             \u2502                       \u2502\n\u2502         0 rows        \u2502                                                                                                                             \u2502       8,558 rows      \u2502\n\u2502        (0.00s)        \u2502                                                                                                                             \u2502        (0.00s)        \u2502\n\u2514\u2500\u2500\u2500\u2500\u2500\u2500\u2500\u2500\u2500\u2500\u2500\u252c\u2500\u2500\u2500\u2500\u2500\u2500\u2500\u2500\u2500\u2500\u2500\u2518                                                                                                                             \u2514\u2500\u2500\u2500\u2500\u2500\u2500\u2500\u2500\u2500\u2500\u2500\u252c\u2500\u2500\u2500\u2500\u2500\u2500\u2500\u2500\u2500\u2500\u2500\u2518\n\u250c\u2500\u2500\u2500\u2500\u2500\u2500\u2500\u2500\u2500\u2500\u2500\u2534\u2500\u2500\u2500\u2500\u2500\u2500\u2500\u2500\u2500\u2500\u2500\u2510                                                                                                                             \u250c\u2500\u2500\u2500\u2500\u2500\u2500\u2500\u2500\u2500\u2500\u2500\u2534\u2500\u2500\u2500\u2500\u2500\u2500\u2500\u2500\u2500\u2500\u2500\u2510\n\u2502       HASH_JOIN       \u2502                                                                                                                             \u2502     HASH_GROUP_BY     \u2502\n\u2502    \u2500\u2500\u2500\u2500\u2500\u2500\u2500\u2500\u2500\u2500\u2500\u2500\u2500\u2500\u2500\u2500   \u2502                                                                                                                             \u2502    \u2500\u2500\u2500\u2500\u2500\u2500\u2500\u2500\u2500\u2500\u2500\u2500\u2500\u2500\u2500\u2500   \u2502\n\u2502    Join Type: SEMI    \u2502                                                                                                                             \u2502        Groups:        \u2502\n\u2502                       \u2502                                                                                                                             \u2502           #0          \u2502\n\u2502      Conditions:      \u2502                                                                                                                             \u2502           #1          \u2502\n\u2502   #0 IS NOT DISTINCT  \u2502                                                                                                                             \u2502           #2          \u2502\n\u2502         FROM #0       \u2502                                                                                                                             \u2502                       \u2502\n\u2502   #1 IS NOT DISTINCT  \u251c\u2500\u2500\u2500\u2500\u2500\u2500\u2500\u2500\u2500\u2500\u2500\u2500\u2500\u2500\u2500\u2500\u2500\u2500\u2500\u2500\u2500\u2500\u2500\u2500\u2500\u2500\u2500\u2500\u2500\u2500\u2500\u2500\u2500\u2500\u2500\u2500\u2500\u2500\u2500\u2500\u2500\u2500\u2500\u2500\u2500\u2500\u2500\u2500\u2500\u2500\u2500\u2500\u2500\u2500\u2500\u2500\u2500\u2500\u2500\u2500\u2500\u2500\u2510                                                              \u2502                       \u2502\n\u2502         FROM #1       \u2502                                                              \u2502                                                              \u2502                       \u2502\n\u2502   #2 IS NOT DISTINCT  \u2502                                                              \u2502                                                              \u2502                       \u2502\n\u2502         FROM #2       \u2502                                                              \u2502                                                              \u2502                       \u2502\n\u2502                       \u2502                                                              \u2502                                                              \u2502                       \u2502\n\u2502         0 rows        \u2502                                                              \u2502                                                              \u2502       8,558 rows      \u2502\n\u2502        (0.00s)        \u2502                                                              \u2502                                                              \u2502        (0.02s)        \u2502\n\u2514\u2500\u2500\u2500\u2500\u2500\u2500\u2500\u2500\u2500\u2500\u2500\u252c\u2500\u2500\u2500\u2500\u2500\u2500\u2500\u2500\u2500\u2500\u2500\u2518                                                              \u2502                                                              \u2514\u2500\u2500\u2500\u2500\u2500\u2500\u2500\u2500\u2500\u2500\u2500\u252c\u2500\u2500\u2500\u2500\u2500\u2500\u2500\u2500\u2500\u2500\u2500\u2518\n\u250c\u2500\u2500\u2500\u2500\u2500\u2500\u2500\u2500\u2500\u2500\u2500\u2534\u2500\u2500\u2500\u2500\u2500\u2500\u2500\u2500\u2500\u2500\u2500\u2510                                                  \u250c\u2500\u2500\u2500\u2500\u2500\u2500\u2500\u2500\u2500\u2500\u2500\u2534\u2500\u2500\u2500\u2500\u2500\u2500\u2500\u2500\u2500\u2500\u2500\u2510                                                  \u250c\u2500\u2500\u2500\u2500\u2500\u2500\u2500\u2500\u2500\u2500\u2500\u2534\u2500\u2500\u2500\u2500\u2500\u2500\u2500\u2500\u2500\u2500\u2500\u2510\n\u2502       PROJECTION      \u2502                                                  \u2502       PROJECTION      \u2502                                                  \u2502       PROJECTION      \u2502\n\u2502    \u2500\u2500\u2500\u2500\u2500\u2500\u2500\u2500\u2500\u2500\u2500\u2500\u2500\u2500\u2500\u2500   \u2502                                                  \u2502    \u2500\u2500\u2500\u2500\u2500\u2500\u2500\u2500\u2500\u2500\u2500\u2500\u2500\u2500\u2500\u2500   \u2502                                                  \u2502    \u2500\u2500\u2500\u2500\u2500\u2500\u2500\u2500\u2500\u2500\u2500\u2500\u2500\u2500\u2500\u2500   \u2502\n\u2502__internal_decompress_s\u2502                                                  \u2502__internal_decompress_s\u2502                                                  \u2502      c_last_name      \u2502\n\u2502       tring(#0)       \u2502                                                  \u2502       tring(#0)       \u2502                                                  \u2502      c_first_name     \u2502\n\u2502__internal_decompress_s\u2502                                                  \u2502__internal_decompress_s\u2502                                                  \u2502         d_date        \u2502\n\u2502       tring(#1)       \u2502                                                  \u2502       tring(#1)       \u2502                                                  \u2502                       \u2502\n\u2502           #2          \u2502                                                  \u2502           #2          \u2502                                                  \u2502                       \u2502\n\u2502                       \u2502                                                  \u2502                       \u2502                                                  \u2502                       \u2502\n\u2502         0 rows        \u2502                                                  \u2502      17,071 rows      \u2502                                                  \u2502       9,637 rows      \u2502\n\u2502        (0.00s)        \u2502                                                  \u2502        (0.00s)        \u2502                                                  \u2502        (0.00s)        \u2502\n\u2514\u2500\u2500\u2500\u2500\u2500\u2500\u2500\u2500\u2500\u2500\u2500\u252c\u2500\u2500\u2500\u2500\u2500\u2500\u2500\u2500\u2500\u2500\u2500\u2518                                                  \u2514\u2500\u2500\u2500\u2500\u2500\u2500\u2500\u2500\u2500\u2500\u2500\u252c\u2500\u2500\u2500\u2500\u2500\u2500\u2500\u2500\u2500\u2500\u2500\u2518                                                  \u2514\u2500\u2500\u2500\u2500\u2500\u2500\u2500\u2500\u2500\u2500\u2500\u252c\u2500\u2500\u2500\u2500\u2500\u2500\u2500\u2500\u2500\u2500\u2500\u2518\n\u250c\u2500\u2500\u2500\u2500\u2500\u2500\u2500\u2500\u2500\u2500\u2500\u2534\u2500\u2500\u2500\u2500\u2500\u2500\u2500\u2500\u2500\u2500\u2500\u2510                                                  \u250c\u2500\u2500\u2500\u2500\u2500\u2500\u2500\u2500\u2500\u2500\u2500\u2534\u2500\u2500\u2500\u2500\u2500\u2500\u2500\u2500\u2500\u2500\u2500\u2510                                                  \u250c\u2500\u2500\u2500\u2500\u2500\u2500\u2500\u2500\u2500\u2500\u2500\u2534\u2500\u2500\u2500\u2500\u2500\u2500\u2500\u2500\u2500\u2500\u2500\u2510\n\u2502     HASH_GROUP_BY     \u2502                                                  \u2502     HASH_GROUP_BY     \u2502                                                  \u2502       PROJECTION      \u2502\n\u2502    \u2500\u2500\u2500\u2500\u2500\u2500\u2500\u2500\u2500\u2500\u2500\u2500\u2500\u2500\u2500\u2500   \u2502                                                  \u2502    \u2500\u2500\u2500\u2500\u2500\u2500\u2500\u2500\u2500\u2500\u2500\u2500\u2500\u2500\u2500\u2500   \u2502                                                  \u2502    \u2500\u2500\u2500\u2500\u2500\u2500\u2500\u2500\u2500\u2500\u2500\u2500\u2500\u2500\u2500\u2500   \u2502\n\u2502        Groups:        \u2502                                                  \u2502        Groups:        \u2502                                                  \u2502__internal_compress_str\u2502\n\u2502           #0          \u2502                                                  \u2502           #0          \u2502                                                  \u2502    ing_uhugeint(#0)   \u2502\n\u2502           #1          \u2502                                                  \u2502           #1          \u2502                                                  \u2502__internal_compress_str\u2502\n\u2502           #2          \u2502                                                  \u2502           #2          \u2502                                                  \u2502    ing_uhugeint(#1)   \u2502\n\u2502                       \u2502                                                  \u2502                       \u2502                                                  \u2502           #2          \u2502\n\u2502                       \u2502                                                  \u2502                       \u2502                                                  \u2502                       \u2502\n\u2502         0 rows        \u2502                                                  \u2502      17,071 rows      \u2502                                                  \u2502       9,637 rows      \u2502\n\u2502        (0.00s)        \u2502                                                  \u2502        (0.01s)        \u2502                                                  \u2502        (0.00s)        \u2502\n\u2514\u2500\u2500\u2500\u2500\u2500\u2500\u2500\u2500\u2500\u2500\u2500\u252c\u2500\u2500\u2500\u2500\u2500\u2500\u2500\u2500\u2500\u2500\u2500\u2518                                                  \u2514\u2500\u2500\u2500\u2500\u2500\u2500\u2500\u2500\u2500\u2500\u2500\u252c\u2500\u2500\u2500\u2500\u2500\u2500\u2500\u2500\u2500\u2500\u2500\u2518                                                  \u2514\u2500\u2500\u2500\u2500\u2500\u2500\u2500\u2500\u2500\u2500\u2500\u252c\u2500\u2500\u2500\u2500\u2500\u2500\u2500\u2500\u2500\u2500\u2500\u2518\n\u250c\u2500\u2500\u2500\u2500\u2500\u2500\u2500\u2500\u2500\u2500\u2500\u2534\u2500\u2500\u2500\u2500\u2500\u2500\u2500\u2500\u2500\u2500\u2500\u2510                                                  \u250c\u2500\u2500\u2500\u2500\u2500\u2500\u2500\u2500\u2500\u2500\u2500\u2534\u2500\u2500\u2500\u2500\u2500\u2500\u2500\u2500\u2500\u2500\u2500\u2510                                                  \u250c\u2500\u2500\u2500\u2500\u2500\u2500\u2500\u2500\u2500\u2500\u2500\u2534\u2500\u2500\u2500\u2500\u2500\u2500\u2500\u2500\u2500\u2500\u2500\u2510\n\u2502       PROJECTION      \u2502                                                  \u2502       PROJECTION      \u2502                                                  \u2502       PROJECTION      \u2502\n\u2502    \u2500\u2500\u2500\u2500\u2500\u2500\u2500\u2500\u2500\u2500\u2500\u2500\u2500\u2500\u2500\u2500   \u2502                                                  \u2502    \u2500\u2500\u2500\u2500\u2500\u2500\u2500\u2500\u2500\u2500\u2500\u2500\u2500\u2500\u2500\u2500   \u2502                                                  \u2502    \u2500\u2500\u2500\u2500\u2500\u2500\u2500\u2500\u2500\u2500\u2500\u2500\u2500\u2500\u2500\u2500   \u2502\n\u2502      c_last_name      \u2502                                                  \u2502      c_last_name      \u2502                                                  \u2502      c_last_name      \u2502\n\u2502      c_first_name     \u2502                                                  \u2502      c_first_name     \u2502                                                  \u2502      c_first_name     \u2502\n\u2502         d_date        \u2502                                                  \u2502         d_date        \u2502                                                  \u2502         d_date        \u2502\n\u2502                       \u2502                                                  \u2502                       \u2502                                                  \u2502                       \u2502\n\u2502         0 rows        \u2502                                                  \u2502      18,861 rows      \u2502                                                  \u2502       9,637 rows      \u2502\n\u2502        (0.00s)        \u2502                                                  \u2502        (0.00s)        \u2502                                                  \u2502        (0.00s)        \u2502\n\u2514\u2500\u2500\u2500\u2500\u2500\u2500\u2500\u2500\u2500\u2500\u2500\u252c\u2500\u2500\u2500\u2500\u2500\u2500\u2500\u2500\u2500\u2500\u2500\u2518                                                  \u2514\u2500\u2500\u2500\u2500\u2500\u2500\u2500\u2500\u2500\u2500\u2500\u252c\u2500\u2500\u2500\u2500\u2500\u2500\u2500\u2500\u2500\u2500\u2500\u2518                                                  \u2514\u2500\u2500\u2500\u2500\u2500\u2500\u2500\u2500\u2500\u2500\u2500\u252c\u2500\u2500\u2500\u2500\u2500\u2500\u2500\u2500\u2500\u2500\u2500\u2518\n\u250c\u2500\u2500\u2500\u2500\u2500\u2500\u2500\u2500\u2500\u2500\u2500\u2534\u2500\u2500\u2500\u2500\u2500\u2500\u2500\u2500\u2500\u2500\u2500\u2510                                                  \u250c\u2500\u2500\u2500\u2500\u2500\u2500\u2500\u2500\u2500\u2500\u2500\u2534\u2500\u2500\u2500\u2500\u2500\u2500\u2500\u2500\u2500\u2500\u2500\u2510                                                  \u250c\u2500\u2500\u2500\u2500\u2500\u2500\u2500\u2500\u2500\u2500\u2500\u2534\u2500\u2500\u2500\u2500\u2500\u2500\u2500\u2500\u2500\u2500\u2500\u2510\n\u2502       PROJECTION      \u2502                                                  \u2502       PROJECTION      \u2502                                                  \u2502       HASH_JOIN       \u2502\n\u2502    \u2500\u2500\u2500\u2500\u2500\u2500\u2500\u2500\u2500\u2500\u2500\u2500\u2500\u2500\u2500\u2500   \u2502                                                  \u2502    \u2500\u2500\u2500\u2500\u2500\u2500\u2500\u2500\u2500\u2500\u2500\u2500\u2500\u2500\u2500\u2500   \u2502                                                  \u2502    \u2500\u2500\u2500\u2500\u2500\u2500\u2500\u2500\u2500\u2500\u2500\u2500\u2500\u2500\u2500\u2500   \u2502\n\u2502__internal_compress_str\u2502                                                  \u2502__internal_compress_str\u2502                                                  \u2502    Join Type: INNER   \u2502\n\u2502    ing_uhugeint(#0)   \u2502                                                  \u2502    ing_uhugeint(#0)   \u2502                                                  \u2502                       \u2502\n\u2502__internal_compress_str\u2502                                                  \u2502__internal_compress_str\u2502                                                  \u2502      Conditions:      \u2502\n\u2502    ing_uhugeint(#1)   \u2502                                                  \u2502    ing_uhugeint(#1)   \u2502                                                  \u2502 ws_bill_customer_sk = \u251c\u2500\u2500\u2500\u2500\u2500\u2500\u2500\u2500\u2500\u2500\u2500\u2500\u2500\u2500\u2500\u2500\u2500\u2500\u2500\u2500\u2500\u2500\u2500\u2500\u2500\u2500\u2500\u2500\u2500\u2500\u2500\u2500\u2500\u2500\u2500\u2500\u2500\u2510\n\u2502           #2          \u2502                                                  \u2502           #2          \u2502                                                  \u2502      c_customer_sk    \u2502                                     \u2502\n\u2502                       \u2502                                                  \u2502                       \u2502                                                  \u2502                       \u2502                                     \u2502\n\u2502         0 rows        \u2502                                                  \u2502      18,861 rows      \u2502                                                  \u2502       9,637 rows      \u2502                                     \u2502\n\u2502        (0.00s)        \u2502                                                  \u2502        (0.00s)        \u2502                                                  \u2502        (0.00s)        \u2502                                     \u2502\n\u2514\u2500\u2500\u2500\u2500\u2500\u2500\u2500\u2500\u2500\u2500\u2500\u252c\u2500\u2500\u2500\u2500\u2500\u2500\u2500\u2500\u2500\u2500\u2500\u2518                                                  \u2514\u2500\u2500\u2500\u2500\u2500\u2500\u2500\u2500\u2500\u2500\u2500\u252c\u2500\u2500\u2500\u2500\u2500\u2500\u2500\u2500\u2500\u2500\u2500\u2518                                                  \u2514\u2500\u2500\u2500\u2500\u2500\u2500\u2500\u2500\u2500\u2500\u2500\u252c\u2500\u2500\u2500\u2500\u2500\u2500\u2500\u2500\u2500\u2500\u2500\u2518                                     \u2502\n\u250c\u2500\u2500\u2500\u2500\u2500\u2500\u2500\u2500\u2500\u2500\u2500\u2534\u2500\u2500\u2500\u2500\u2500\u2500\u2500\u2500\u2500\u2500\u2500\u2510                                                  \u250c\u2500\u2500\u2500\u2500\u2500\u2500\u2500\u2500\u2500\u2500\u2500\u2534\u2500\u2500\u2500\u2500\u2500\u2500\u2500\u2500\u2500\u2500\u2500\u2510                                                  \u250c\u2500\u2500\u2500\u2500\u2500\u2500\u2500\u2500\u2500\u2500\u2500\u2534\u2500\u2500\u2500\u2500\u2500\u2500\u2500\u2500\u2500\u2500\u2500\u2510                         \u250c\u2500\u2500\u2500\u2500\u2500\u2500\u2500\u2500\u2500\u2500\u2500\u2534\u2500\u2500\u2500\u2500\u2500\u2500\u2500\u2500\u2500\u2500\u2500\u2510\n\u2502       PROJECTION      \u2502                                                  \u2502       PROJECTION      \u2502                                                  \u2502       HASH_JOIN       \u2502                         \u2502         FILTER        \u2502\n\u2502    \u2500\u2500\u2500\u2500\u2500\u2500\u2500\u2500\u2500\u2500\u2500\u2500\u2500\u2500\u2500\u2500   \u2502                                                  \u2502    \u2500\u2500\u2500\u2500\u2500\u2500\u2500\u2500\u2500\u2500\u2500\u2500\u2500\u2500\u2500\u2500   \u2502                                                  \u2502    \u2500\u2500\u2500\u2500\u2500\u2500\u2500\u2500\u2500\u2500\u2500\u2500\u2500\u2500\u2500\u2500   \u2502                         \u2502    \u2500\u2500\u2500\u2500\u2500\u2500\u2500\u2500\u2500\u2500\u2500\u2500\u2500\u2500\u2500\u2500   \u2502\n\u2502      c_last_name      \u2502                                                  \u2502      c_last_name      \u2502                                                  \u2502    Join Type: INNER   \u2502                         \u2502 (c_customer_sk BETWEEN\u2502\n\u2502      c_first_name     \u2502                                                  \u2502      c_first_name     \u2502                                                  \u2502                       \u2502                         \u2502      2 AND 499998)    \u2502\n\u2502         d_date        \u2502                                                  \u2502         d_date        \u2502                                                  \u2502      Conditions:      \u2502                         \u2502                       \u2502\n\u2502                       \u2502                                                  \u2502                       \u2502                                                  \u2502   ws_sold_date_sk =   \u251c\u2500\u2500\u2500\u2500\u2500\u2500\u2500\u2500\u2500\u2500\u2500\u2500\u2510            \u2502                       \u2502\n\u2502                       \u2502                                                  \u2502                       \u2502                                                  \u2502        d_date_sk      \u2502            \u2502            \u2502                       \u2502\n\u2502                       \u2502                                                  \u2502                       \u2502                                                  \u2502                       \u2502            \u2502            \u2502                       \u2502\n\u2502         0 rows        \u2502                                                  \u2502      18,861 rows      \u2502                                                  \u2502      30,022 rows      \u2502            \u2502            \u2502      158,825 rows     \u2502\n\u2502        (0.00s)        \u2502                                                  \u2502        (0.00s)        \u2502                                                  \u2502        (0.01s)        \u2502            \u2502            \u2502        (0.00s)        \u2502\n\u2514\u2500\u2500\u2500\u2500\u2500\u2500\u2500\u2500\u2500\u2500\u2500\u252c\u2500\u2500\u2500\u2500\u2500\u2500\u2500\u2500\u2500\u2500\u2500\u2518                                                  \u2514\u2500\u2500\u2500\u2500\u2500\u2500\u2500\u2500\u2500\u2500\u2500\u252c\u2500\u2500\u2500\u2500\u2500\u2500\u2500\u2500\u2500\u2500\u2500\u2518                                                  \u2514\u2500\u2500\u2500\u2500\u2500\u2500\u2500\u2500\u2500\u2500\u2500\u252c\u2500\u2500\u2500\u2500\u2500\u2500\u2500\u2500\u2500\u2500\u2500\u2518            \u2502            \u2514\u2500\u2500\u2500\u2500\u2500\u2500\u2500\u2500\u2500\u2500\u2500\u252c\u2500\u2500\u2500\u2500\u2500\u2500\u2500\u2500\u2500\u2500\u2500\u2518\n\u250c\u2500\u2500\u2500\u2500\u2500\u2500\u2500\u2500\u2500\u2500\u2500\u2534\u2500\u2500\u2500\u2500\u2500\u2500\u2500\u2500\u2500\u2500\u2500\u2510                                                  \u250c\u2500\u2500\u2500\u2500\u2500\u2500\u2500\u2500\u2500\u2500\u2500\u2534\u2500\u2500\u2500\u2500\u2500\u2500\u2500\u2500\u2500\u2500\u2500\u2510                                                  \u250c\u2500\u2500\u2500\u2500\u2500\u2500\u2500\u2500\u2500\u2500\u2500\u2534\u2500\u2500\u2500\u2500\u2500\u2500\u2500\u2500\u2500\u2500\u2500\u2510\u250c\u2500\u2500\u2500\u2500\u2500\u2500\u2500\u2500\u2500\u2500\u2500\u2534\u2500\u2500\u2500\u2500\u2500\u2500\u2500\u2500\u2500\u2500\u2500\u2510\u250c\u2500\u2500\u2500\u2500\u2500\u2500\u2500\u2500\u2500\u2500\u2500\u2534\u2500\u2500\u2500\u2500\u2500\u2500\u2500\u2500\u2500\u2500\u2500\u2510\n\u2502       HASH_JOIN       \u2502                                                  \u2502       HASH_JOIN       \u2502                                                  \u2502       TABLE_SCAN      \u2502\u2502         FILTER        \u2502\u2502       PROJECTION      \u2502\n\u2502    \u2500\u2500\u2500\u2500\u2500\u2500\u2500\u2500\u2500\u2500\u2500\u2500\u2500\u2500\u2500\u2500   \u2502                                                  \u2502    \u2500\u2500\u2500\u2500\u2500\u2500\u2500\u2500\u2500\u2500\u2500\u2500\u2500\u2500\u2500\u2500   \u2502                                                  \u2502    \u2500\u2500\u2500\u2500\u2500\u2500\u2500\u2500\u2500\u2500\u2500\u2500\u2500\u2500\u2500\u2500   \u2502\u2502    \u2500\u2500\u2500\u2500\u2500\u2500\u2500\u2500\u2500\u2500\u2500\u2500\u2500\u2500\u2500\u2500   \u2502\u2502    \u2500\u2500\u2500\u2500\u2500\u2500\u2500\u2500\u2500\u2500\u2500\u2500\u2500\u2500\u2500\u2500   \u2502\n\u2502    Join Type: INNER   \u2502                                                  \u2502    Join Type: INNER   \u2502                                                  \u2502    Table: web_sales   \u2502\u2502   (d_date_sk BETWEEN  \u2502\u2502           #0          \u2502\n\u2502                       \u2502                                                  \u2502                       \u2502                                                  \u2502                       \u2502\u2502  2450816 AND 2452642) \u2502\u2502           #2          \u2502\n\u2502      Conditions:      \u2502                                                  \u2502      Conditions:      \u2502                                                  \u2502         Type:         \u2502\u2502                       \u2502\u2502           #3          \u2502\n\u2502    ss_customer_sk =   \u2502                                                  \u2502 cs_bill_customer_sk = \u2502                                                  \u2502    Sequential Scan    \u2502\u2502                       \u2502\u2502                       \u2502\n\u2502      c_customer_sk    \u2502                                                  \u2502      c_customer_sk    \u2502                                                  \u2502                       \u2502\u2502                       \u2502\u2502                       \u2502\n\u2502                       \u2502                                                  \u2502                       \u2502                                                  \u2502      Projections:     \u2502\u2502                       \u2502\u2502                       \u2502\n\u2502                       \u2502                                                  \u2502                       \u2502                                                  \u2502    ws_sold_date_sk    \u2502\u2502                       \u2502\u2502                       \u2502\n\u2502                       \u2502                                                  \u2502                       \u2502                                                  \u2502  ws_bill_customer_sk  \u2502\u2502                       \u2502\u2502                       \u2502\n\u2502                       \u251c\u2500\u2500\u2500\u2500\u2500\u2500\u2500\u2500\u2500\u2500\u2500\u2500\u2500\u2500\u2500\u2500\u2500\u2500\u2500\u2500\u2500\u2500\u2500\u2500\u2500\u2500\u2500\u2500\u2500\u2500\u2500\u2500\u2500\u2500\u2500\u2500\u2500\u2510            \u2502                       \u251c\u2500\u2500\u2500\u2500\u2500\u2500\u2500\u2500\u2500\u2500\u2500\u2500\u2500\u2500\u2500\u2500\u2500\u2500\u2500\u2500\u2500\u2500\u2500\u2500\u2500\u2500\u2500\u2500\u2500\u2500\u2500\u2500\u2500\u2500\u2500\u2500\u2500\u2510            \u2502                       \u2502\u2502                       \u2502\u2502                       \u2502\n\u2502                       \u2502                                     \u2502            \u2502                       \u2502                                     \u2502            \u2502        Filters:       \u2502\u2502                       \u2502\u2502                       \u2502\n\u2502                       \u2502                                     \u2502            \u2502                       \u2502                                     \u2502            \u2502 ws_list_price>=241.00 \u2502\u2502                       \u2502\u2502                       \u2502\n\u2502                       \u2502                                     \u2502            \u2502                       \u2502                                     \u2502            \u2502   AND ws_list_price<  \u2502\u2502                       \u2502\u2502                       \u2502\n\u2502                       \u2502                                     \u2502            \u2502                       \u2502                                     \u2502            \u2502        =300.00        \u2502\u2502                       \u2502\u2502                       \u2502\n\u2502                       \u2502                                     \u2502            \u2502                       \u2502                                     \u2502            \u2502 ws_wholesale_cost>=76 \u2502\u2502                       \u2502\u2502                       \u2502\n\u2502                       \u2502                                     \u2502            \u2502                       \u2502                                     \u2502            \u2502.00 AND ws_wholesale_co\u2502\u2502                       \u2502\u2502                       \u2502\n\u2502                       \u2502                                     \u2502            \u2502                       \u2502                                     \u2502            \u2502       st<=96.00       \u2502\u2502                       \u2502\u2502                       \u2502\n\u2502                       \u2502                                     \u2502            \u2502                       \u2502                                     \u2502            \u2502                       \u2502\u2502                       \u2502\u2502                       \u2502\n\u2502         0 rows        \u2502                                     \u2502            \u2502      18,861 rows      \u2502                                     \u2502            \u2502      30,022 rows      \u2502\u2502        365 rows       \u2502\u2502      158,826 rows     \u2502\n\u2502        (0.00s)        \u2502                                     \u2502            \u2502        (0.01s)        \u2502                                     \u2502            \u2502        (0.06s)        \u2502\u2502        (0.00s)        \u2502\u2502        (0.00s)        \u2502\n\u2514\u2500\u2500\u2500\u2500\u2500\u2500\u2500\u2500\u2500\u2500\u2500\u252c\u2500\u2500\u2500\u2500\u2500\u2500\u2500\u2500\u2500\u2500\u2500\u2518                                     \u2502            \u2514\u2500\u2500\u2500\u2500\u2500\u2500\u2500\u2500\u2500\u2500\u2500\u252c\u2500\u2500\u2500\u2500\u2500\u2500\u2500\u2500\u2500\u2500\u2500\u2518                                     \u2502            \u2514\u2500\u2500\u2500\u2500\u2500\u2500\u2500\u2500\u2500\u2500\u2500\u2500\u2500\u2500\u2500\u2500\u2500\u2500\u2500\u2500\u2500\u2500\u2500\u2518\u2514\u2500\u2500\u2500\u2500\u2500\u2500\u2500\u2500\u2500\u2500\u2500\u252c\u2500\u2500\u2500\u2500\u2500\u2500\u2500\u2500\u2500\u2500\u2500\u2518\u2514\u2500\u2500\u2500\u2500\u2500\u2500\u2500\u2500\u2500\u2500\u2500\u252c\u2500\u2500\u2500\u2500\u2500\u2500\u2500\u2500\u2500\u2500\u2500\u2518\n\u250c\u2500\u2500\u2500\u2500\u2500\u2500\u2500\u2500\u2500\u2500\u2500\u2534\u2500\u2500\u2500\u2500\u2500\u2500\u2500\u2500\u2500\u2500\u2500\u2510                         \u250c\u2500\u2500\u2500\u2500\u2500\u2500\u2500\u2500\u2500\u2500\u2500\u2534\u2500\u2500\u2500\u2500\u2500\u2500\u2500\u2500\u2500\u2500\u2500\u2510\u250c\u2500\u2500\u2500\u2500\u2500\u2500\u2500\u2500\u2500\u2500\u2500\u2534\u2500\u2500\u2500\u2500\u2500\u2500\u2500\u2500\u2500\u2500\u2500\u2510                         \u250c\u2500\u2500\u2500\u2500\u2500\u2500\u2500\u2500\u2500\u2500\u2500\u2534\u2500\u2500\u2500\u2500\u2500\u2500\u2500\u2500\u2500\u2500\u2500\u2510                         \u250c\u2500\u2500\u2500\u2500\u2500\u2500\u2500\u2500\u2500\u2500\u2500\u2534\u2500\u2500\u2500\u2500\u2500\u2500\u2500\u2500\u2500\u2500\u2500\u2510\u250c\u2500\u2500\u2500\u2500\u2500\u2500\u2500\u2500\u2500\u2500\u2500\u2534\u2500\u2500\u2500\u2500\u2500\u2500\u2500\u2500\u2500\u2500\u2500\u2510\n\u2502       HASH_JOIN       \u2502                         \u2502       PROJECTION      \u2502\u2502       HASH_JOIN       \u2502                         \u2502       PROJECTION      \u2502                         \u2502       TABLE_SCAN      \u2502\u2502         FILTER        \u2502\n\u2502    \u2500\u2500\u2500\u2500\u2500\u2500\u2500\u2500\u2500\u2500\u2500\u2500\u2500\u2500\u2500\u2500   \u2502                         \u2502    \u2500\u2500\u2500\u2500\u2500\u2500\u2500\u2500\u2500\u2500\u2500\u2500\u2500\u2500\u2500\u2500   \u2502\u2502    \u2500\u2500\u2500\u2500\u2500\u2500\u2500\u2500\u2500\u2500\u2500\u2500\u2500\u2500\u2500\u2500   \u2502                         \u2502    \u2500\u2500\u2500\u2500\u2500\u2500\u2500\u2500\u2500\u2500\u2500\u2500\u2500\u2500\u2500\u2500   \u2502                         \u2502    \u2500\u2500\u2500\u2500\u2500\u2500\u2500\u2500\u2500\u2500\u2500\u2500\u2500\u2500\u2500\u2500   \u2502\u2502    \u2500\u2500\u2500\u2500\u2500\u2500\u2500\u2500\u2500\u2500\u2500\u2500\u2500\u2500\u2500\u2500   \u2502\n\u2502    Join Type: INNER   \u2502                         \u2502           #0          \u2502\u2502    Join Type: INNER   \u2502                         \u2502           #0          \u2502                         \u2502    Table: date_dim    \u2502\u2502  ((c_birth_month = 2) \u2502\n\u2502                       \u2502                         \u2502           #2          \u2502\u2502                       \u2502                         \u2502           #2          \u2502                         \u2502                       \u2502\u2502  OR (c_birth_month = 3\u2502\n\u2502      Conditions:      \u2502                         \u2502           #3          \u2502\u2502      Conditions:      \u2502                         \u2502           #3          \u2502                         \u2502         Type:         \u2502\u2502 ) OR (c_birth_month = \u2502\n\u2502   ss_sold_date_sk =   \u2502                         \u2502                       \u2502\u2502   cs_sold_date_sk =   \u2502                         \u2502                       \u2502                         \u2502    Sequential Scan    \u2502\u2502  4) OR (c_birth_month \u2502\n\u2502        d_date_sk      \u2502                         \u2502                       \u2502\u2502        d_date_sk      \u2502                         \u2502                       \u2502                         \u2502                       \u2502\u2502         = 10))        \u2502\n\u2502                       \u2502                         \u2502                       \u2502\u2502                       \u2502                         \u2502                       \u2502                         \u2502      Projections:     \u2502\u2502                       \u2502\n\u2502                       \u251c\u2500\u2500\u2500\u2500\u2500\u2500\u2500\u2500\u2500\u2500\u2500\u2500\u2510            \u2502                       \u2502\u2502                       \u251c\u2500\u2500\u2500\u2500\u2500\u2500\u2500\u2500\u2500\u2500\u2500\u2500\u2510            \u2502                       \u2502                         \u2502       d_date_sk       \u2502\u2502                       \u2502\n\u2502                       \u2502            \u2502            \u2502                       \u2502\u2502                       \u2502            \u2502            \u2502                       \u2502                         \u2502         d_date        \u2502\u2502                       \u2502\n\u2502                       \u2502            \u2502            \u2502                       \u2502\u2502                       \u2502            \u2502            \u2502                       \u2502                         \u2502                       \u2502\u2502                       \u2502\n\u2502                       \u2502            \u2502            \u2502                       \u2502\u2502                       \u2502            \u2502            \u2502                       \u2502                         \u2502        Filters:       \u2502\u2502                       \u2502\n\u2502                       \u2502            \u2502            \u2502                       \u2502\u2502                       \u2502            \u2502            \u2502                       \u2502                         \u2502 d_month_seq>=1207 AND \u2502\u2502                       \u2502\n\u2502                       \u2502            \u2502            \u2502                       \u2502\u2502                       \u2502            \u2502            \u2502                       \u2502                         \u2502    d_month_seq<=1218  \u2502\u2502                       \u2502\n\u2502                       \u2502            \u2502            \u2502                       \u2502\u2502                       \u2502            \u2502            \u2502                       \u2502                         \u2502                       \u2502\u2502                       \u2502\n\u2502         0 rows        \u2502            \u2502            \u2502      158,826 rows     \u2502\u2502      59,302 rows      \u2502            \u2502            \u2502      158,826 rows     \u2502                         \u2502        365 rows       \u2502\u2502      158,826 rows     \u2502\n\u2502        (0.00s)        \u2502            \u2502            \u2502        (0.00s)        \u2502\u2502        (0.00s)        \u2502            \u2502            \u2502        (0.00s)        \u2502                         \u2502        (0.00s)        \u2502\u2502        (0.01s)        \u2502\n\u2514\u2500\u2500\u2500\u2500\u2500\u2500\u2500\u2500\u2500\u2500\u2500\u252c\u2500\u2500\u2500\u2500\u2500\u2500\u2500\u2500\u2500\u2500\u2500\u2518            \u2502            \u2514\u2500\u2500\u2500\u2500\u2500\u2500\u2500\u2500\u2500\u2500\u2500\u252c\u2500\u2500\u2500\u2500\u2500\u2500\u2500\u2500\u2500\u2500\u2500\u2518\u2514\u2500\u2500\u2500\u2500\u2500\u2500\u2500\u2500\u2500\u2500\u2500\u252c\u2500\u2500\u2500\u2500\u2500\u2500\u2500\u2500\u2500\u2500\u2500\u2518            \u2502            \u2514\u2500\u2500\u2500\u2500\u2500\u2500\u2500\u2500\u2500\u2500\u2500\u252c\u2500\u2500\u2500\u2500\u2500\u2500\u2500\u2500\u2500\u2500\u2500\u2518                         \u2514\u2500\u2500\u2500\u2500\u2500\u2500\u2500\u2500\u2500\u2500\u2500\u2500\u2500\u2500\u2500\u2500\u2500\u2500\u2500\u2500\u2500\u2500\u2500\u2518\u2514\u2500\u2500\u2500\u2500\u2500\u2500\u2500\u2500\u2500\u2500\u2500\u252c\u2500\u2500\u2500\u2500\u2500\u2500\u2500\u2500\u2500\u2500\u2500\u2518\n\u250c\u2500\u2500\u2500\u2500\u2500\u2500\u2500\u2500\u2500\u2500\u2500\u2534\u2500\u2500\u2500\u2500\u2500\u2500\u2500\u2500\u2500\u2500\u2500\u2510\u250c\u2500\u2500\u2500\u2500\u2500\u2500\u2500\u2500\u2500\u2500\u2500\u2534\u2500\u2500\u2500\u2500\u2500\u2500\u2500\u2500\u2500\u2500\u2500\u2510\u250c\u2500\u2500\u2500\u2500\u2500\u2500\u2500\u2500\u2500\u2500\u2500\u2534\u2500\u2500\u2500\u2500\u2500\u2500\u2500\u2500\u2500\u2500\u2500\u2510\u250c\u2500\u2500\u2500\u2500\u2500\u2500\u2500\u2500\u2500\u2500\u2500\u2534\u2500\u2500\u2500\u2500\u2500\u2500\u2500\u2500\u2500\u2500\u2500\u2510\u250c\u2500\u2500\u2500\u2500\u2500\u2500\u2500\u2500\u2500\u2500\u2500\u2534\u2500\u2500\u2500\u2500\u2500\u2500\u2500\u2500\u2500\u2500\u2500\u2510\u250c\u2500\u2500\u2500\u2500\u2500\u2500\u2500\u2500\u2500\u2500\u2500\u2534\u2500\u2500\u2500\u2500\u2500\u2500\u2500\u2500\u2500\u2500\u2500\u2510                                                  \u250c\u2500\u2500\u2500\u2500\u2500\u2500\u2500\u2500\u2500\u2500\u2500\u2534\u2500\u2500\u2500\u2500\u2500\u2500\u2500\u2500\u2500\u2500\u2500\u2510\n\u2502      EMPTY_RESULT     \u2502\u2502         FILTER        \u2502\u2502         FILTER        \u2502\u2502       TABLE_SCAN      \u2502\u2502         FILTER        \u2502\u2502         FILTER        \u2502                                                  \u2502       TABLE_SCAN      \u2502\n\u2502    \u2500\u2500\u2500\u2500\u2500\u2500\u2500\u2500\u2500\u2500\u2500\u2500\u2500\u2500\u2500\u2500   \u2502\u2502    \u2500\u2500\u2500\u2500\u2500\u2500\u2500\u2500\u2500\u2500\u2500\u2500\u2500\u2500\u2500\u2500   \u2502\u2502    \u2500\u2500\u2500\u2500\u2500\u2500\u2500\u2500\u2500\u2500\u2500\u2500\u2500\u2500\u2500\u2500   \u2502\u2502    \u2500\u2500\u2500\u2500\u2500\u2500\u2500\u2500\u2500\u2500\u2500\u2500\u2500\u2500\u2500\u2500   \u2502\u2502    \u2500\u2500\u2500\u2500\u2500\u2500\u2500\u2500\u2500\u2500\u2500\u2500\u2500\u2500\u2500\u2500   \u2502\u2502    \u2500\u2500\u2500\u2500\u2500\u2500\u2500\u2500\u2500\u2500\u2500\u2500\u2500\u2500\u2500\u2500   \u2502                                                  \u2502    \u2500\u2500\u2500\u2500\u2500\u2500\u2500\u2500\u2500\u2500\u2500\u2500\u2500\u2500\u2500\u2500   \u2502\n\u2502                       \u2502\u2502   (d_date_sk BETWEEN  \u2502\u2502  ((c_birth_month = 2) \u2502\u2502         Table:        \u2502\u2502   (d_date_sk BETWEEN  \u2502\u2502  ((c_birth_month = 2) \u2502                                                  \u2502    Table: customer    \u2502\n\u2502                       \u2502\u2502  2450816 AND 2452642) \u2502\u2502  OR (c_birth_month = 3\u2502\u2502     catalog_sales     \u2502\u2502  2450815 AND 2452653) \u2502\u2502  OR (c_birth_month = 3\u2502                                                  \u2502                       \u2502\n\u2502                       \u2502\u2502                       \u2502\u2502 ) OR (c_birth_month = \u2502\u2502                       \u2502\u2502                       \u2502\u2502 ) OR (c_birth_month = \u2502                                                  \u2502         Type:         \u2502\n\u2502                       \u2502\u2502                       \u2502\u2502  4) OR (c_birth_month \u2502\u2502         Type:         \u2502\u2502                       \u2502\u2502  4) OR (c_birth_month \u2502                                                  \u2502    Sequential Scan    \u2502\n\u2502                       \u2502\u2502                       \u2502\u2502         = 10))        \u2502\u2502    Sequential Scan    \u2502\u2502                       \u2502\u2502         = 10))        \u2502                                                  \u2502                       \u2502\n\u2502                       \u2502\u2502                       \u2502\u2502                       \u2502\u2502                       \u2502\u2502                       \u2502\u2502                       \u2502                                                  \u2502      Projections:     \u2502\n\u2502                       \u2502\u2502                       \u2502\u2502                       \u2502\u2502      Projections:     \u2502\u2502                       \u2502\u2502                       \u2502                                                  \u2502     c_customer_sk     \u2502\n\u2502                       \u2502\u2502                       \u2502\u2502                       \u2502\u2502    cs_sold_date_sk    \u2502\u2502                       \u2502\u2502                       \u2502                                                  \u2502     c_birth_month     \u2502\n\u2502                       \u2502\u2502                       \u2502\u2502                       \u2502\u2502  cs_bill_customer_sk  \u2502\u2502                       \u2502\u2502                       \u2502                                                  \u2502      c_last_name      \u2502\n\u2502                       \u2502\u2502                       \u2502\u2502                       \u2502\u2502                       \u2502\u2502                       \u2502\u2502                       \u2502                                                  \u2502      c_first_name     \u2502\n\u2502                       \u2502\u2502                       \u2502\u2502                       \u2502\u2502        Filters:       \u2502\u2502                       \u2502\u2502                       \u2502                                                  \u2502                       \u2502\n\u2502                       \u2502\u2502                       \u2502\u2502                       \u2502\u2502 cs_list_price>=241.00 \u2502\u2502                       \u2502\u2502                       \u2502                                                  \u2502        Filters:       \u2502\n\u2502                       \u2502\u2502                       \u2502\u2502                       \u2502\u2502   AND cs_list_price<  \u2502\u2502                       \u2502\u2502                       \u2502                                                  \u2502       optional:       \u2502\n\u2502                       \u2502\u2502                       \u2502\u2502                       \u2502\u2502        =300.00        \u2502\u2502                       \u2502\u2502                       \u2502                                                  \u2502  c_birth_month IN (2, \u2502\n\u2502                       \u2502\u2502                       \u2502\u2502                       \u2502\u2502 cs_wholesale_cost>=76 \u2502\u2502                       \u2502\u2502                       \u2502                                                  \u2502        3, 4, 10)      \u2502\n\u2502                       \u2502\u2502                       \u2502\u2502                       \u2502\u2502.00 AND cs_wholesale_co\u2502\u2502                       \u2502\u2502                       \u2502                                                  \u2502                       \u2502\n\u2502                       \u2502\u2502                       \u2502\u2502                       \u2502\u2502       st<=96.00       \u2502\u2502                       \u2502\u2502                       \u2502                                                  \u2502                       \u2502\n\u2502                       \u2502\u2502                       \u2502\u2502                       \u2502\u2502                       \u2502\u2502                       \u2502\u2502                       \u2502                                                  \u2502                       \u2502\n\u2502         0 rows        \u2502\u2502        365 rows       \u2502\u2502      158,826 rows     \u2502\u2502      59,302 rows      \u2502\u2502        365 rows       \u2502\u2502      158,826 rows     \u2502                                                  \u2502      500,000 rows     \u2502\n\u2502        (0.00s)        \u2502\u2502        (0.00s)        \u2502\u2502        (0.01s)        \u2502\u2502        (0.03s)        \u2502\u2502        (0.00s)        \u2502\u2502        (0.01s)        \u2502                                                  \u2502        (0.00s)        \u2502\n\u2514\u2500\u2500\u2500\u2500\u2500\u2500\u2500\u2500\u2500\u2500\u2500\u2500\u2500\u2500\u2500\u2500\u2500\u2500\u2500\u2500\u2500\u2500\u2500\u2518\u2514\u2500\u2500\u2500\u2500\u2500\u2500\u2500\u2500\u2500\u2500\u2500\u252c\u2500\u2500\u2500\u2500\u2500\u2500\u2500\u2500\u2500\u2500\u2500\u2518\u2514\u2500\u2500\u2500\u2500\u2500\u2500\u2500\u2500\u2500\u2500\u2500\u252c\u2500\u2500\u2500\u2500\u2500\u2500\u2500\u2500\u2500\u2500\u2500\u2518\u2514\u2500\u2500\u2500\u2500\u2500\u2500\u2500\u2500\u2500\u2500\u2500\u2500\u2500\u2500\u2500\u2500\u2500\u2500\u2500\u2500\u2500\u2500\u2500\u2518\u2514\u2500\u2500\u2500\u2500\u2500\u2500\u2500\u2500\u2500\u2500\u2500\u252c\u2500\u2500\u2500\u2500\u2500\u2500\u2500\u2500\u2500\u2500\u2500\u2518\u2514\u2500\u2500\u2500\u2500\u2500\u2500\u2500\u2500\u2500\u2500\u2500\u252c\u2500\u2500\u2500\u2500\u2500\u2500\u2500\u2500\u2500\u2500\u2500\u2518                                                  \u2514\u2500\u2500\u2500\u2500\u2500\u2500\u2500\u2500\u2500\u2500\u2500\u2500\u2500\u2500\u2500\u2500\u2500\u2500\u2500\u2500\u2500\u2500\u2500\u2518\n                         \u250c\u2500\u2500\u2500\u2500\u2500\u2500\u2500\u2500\u2500\u2500\u2500\u2534\u2500\u2500\u2500\u2500\u2500\u2500\u2500\u2500\u2500\u2500\u2500\u2510\u250c\u2500\u2500\u2500\u2500\u2500\u2500\u2500\u2500\u2500\u2500\u2500\u2534\u2500\u2500\u2500\u2500\u2500\u2500\u2500\u2500\u2500\u2500\u2500\u2510                         \u250c\u2500\u2500\u2500\u2500\u2500\u2500\u2500\u2500\u2500\u2500\u2500\u2534\u2500\u2500\u2500\u2500\u2500\u2500\u2500\u2500\u2500\u2500\u2500\u2510\u250c\u2500\u2500\u2500\u2500\u2500\u2500\u2500\u2500\u2500\u2500\u2500\u2534\u2500\u2500\u2500\u2500\u2500\u2500\u2500\u2500\u2500\u2500\u2500\u2510\n                         \u2502       TABLE_SCAN      \u2502\u2502       TABLE_SCAN      \u2502                         \u2502       TABLE_SCAN      \u2502\u2502       TABLE_SCAN      \u2502\n                         \u2502    \u2500\u2500\u2500\u2500\u2500\u2500\u2500\u2500\u2500\u2500\u2500\u2500\u2500\u2500\u2500\u2500   \u2502\u2502    \u2500\u2500\u2500\u2500\u2500\u2500\u2500\u2500\u2500\u2500\u2500\u2500\u2500\u2500\u2500\u2500   \u2502                         \u2502    \u2500\u2500\u2500\u2500\u2500\u2500\u2500\u2500\u2500\u2500\u2500\u2500\u2500\u2500\u2500\u2500   \u2502\u2502    \u2500\u2500\u2500\u2500\u2500\u2500\u2500\u2500\u2500\u2500\u2500\u2500\u2500\u2500\u2500\u2500   \u2502\n                         \u2502    Table: date_dim    \u2502\u2502    Table: customer    \u2502                         \u2502    Table: date_dim    \u2502\u2502    Table: customer    \u2502\n                         \u2502                       \u2502\u2502                       \u2502                         \u2502                       \u2502\u2502                       \u2502\n                         \u2502         Type:         \u2502\u2502         Type:         \u2502                         \u2502         Type:         \u2502\u2502         Type:         \u2502\n                         \u2502    Sequential Scan    \u2502\u2502    Sequential Scan    \u2502                         \u2502    Sequential Scan    \u2502\u2502    Sequential Scan    \u2502\n                         \u2502                       \u2502\u2502                       \u2502                         \u2502                       \u2502\u2502                       \u2502\n                         \u2502      Projections:     \u2502\u2502      Projections:     \u2502                         \u2502      Projections:     \u2502\u2502      Projections:     \u2502\n                         \u2502       d_date_sk       \u2502\u2502     c_customer_sk     \u2502                         \u2502       d_date_sk       \u2502\u2502     c_customer_sk     \u2502\n                         \u2502         d_date        \u2502\u2502     c_birth_month     \u2502                         \u2502         d_date        \u2502\u2502     c_birth_month     \u2502\n                         \u2502                       \u2502\u2502      c_last_name      \u2502                         \u2502                       \u2502\u2502      c_last_name      \u2502\n                         \u2502        Filters:       \u2502\u2502      c_first_name     \u2502                         \u2502        Filters:       \u2502\u2502      c_first_name     \u2502\n                         \u2502 d_month_seq>=1207 AND \u2502\u2502                       \u2502                         \u2502 d_month_seq>=1207 AND \u2502\u2502                       \u2502\n                         \u2502    d_month_seq<=1218  \u2502\u2502        Filters:       \u2502                         \u2502    d_month_seq<=1218  \u2502\u2502        Filters:       \u2502\n                         \u2502                       \u2502\u2502       optional:       \u2502                         \u2502                       \u2502\u2502       optional:       \u2502\n                         \u2502                       \u2502\u2502  c_birth_month IN (2, \u2502                         \u2502                       \u2502\u2502  c_birth_month IN (2, \u2502\n                         \u2502                       \u2502\u2502        3, 4, 10)      \u2502                         \u2502                       \u2502\u2502        3, 4, 10)      \u2502\n                         \u2502                       \u2502\u2502                       \u2502                         \u2502                       \u2502\u2502                       \u2502\n                         \u2502        365 rows       \u2502\u2502      500,000 rows     \u2502                         \u2502        365 rows       \u2502\u2502      500,000 rows     \u2502\n                         \u2502        (0.00s)        \u2502\u2502        (0.01s)        \u2502                         \u2502        (0.00s)        \u2502\u2502        (0.01s)        \u2502\n                         \u2514\u2500\u2500\u2500\u2500\u2500\u2500\u2500\u2500\u2500\u2500\u2500\u2500\u2500\u2500\u2500\u2500\u2500\u2500\u2500\u2500\u2500\u2500\u2500\u2518\u2514\u2500\u2500\u2500\u2500\u2500\u2500\u2500\u2500\u2500\u2500\u2500\u2500\u2500\u2500\u2500\u2500\u2500\u2500\u2500\u2500\u2500\u2500\u2500\u2518                         \u2514\u2500\u2500\u2500\u2500\u2500\u2500\u2500\u2500\u2500\u2500\u2500\u2500\u2500\u2500\u2500\u2500\u2500\u2500\u2500\u2500\u2500\u2500\u2500\u2518\u2514\u2500\u2500\u2500\u2500\u2500\u2500\u2500\u2500\u2500\u2500\u2500\u2500\u2500\u2500\u2500\u2500\u2500\u2500\u2500\u2500\u2500\u2500\u2500\u2518\n",
  "plan_json": {
    "total_bytes_written": 0,
    "total_bytes_read": 0,
    "rows_returned": 0,
    "latency": 0.0,
    "result_set_size": 0,
    "query_name": "",
    "blocked_thread_time": 0.0,
    "system_peak_buffer_memory": 0,
    "system_peak_temp_dir_size": 0,
    "cpu_time": 0.0,
    "extra_info": {},
    "cumulative_cardinality": 0,
    "cumulative_rows_scanned": 0,
    "children": [
      {
        "total_bytes_written": 0,
        "total_bytes_read": 0,
        "result_set_size": 0,
        "operator_name": "EXPLAIN_ANALYZE",
        "cpu_time": 0.0,
        "extra_info": {},
        "cumulative_cardinality": 0,
        "operator_type": "EXPLAIN_ANALYZE",
        "operator_cardinality": 0,
        "cumulative_rows_scanned": 0,
        "operator_rows_scanned": 0,
        "operator_timing": 1.66e-07,
        "children": [
          {
            "total_bytes_written": 0,
            "total_bytes_read": 0,
            "result_set_size": 8,
            "operator_name": "STREAMING_LIMIT",
            "cpu_time": 0.0,
            "extra_info": {},
            "cumulative_cardinality": 0,
            "operator_type": "STREAMING_LIMIT",
            "operator_cardinality": 1,
            "cumulative_rows_scanned": 0,
            "operator_rows_scanned": 0,
            "operator_timing": 7.12e-07,
            "children": [
              {
                "total_bytes_written": 0,
                "total_bytes_read": 0,
                "result_set_size": 8,
                "operator_name": "UNGROUPED_AGGREGATE",
                "cpu_time": 0.0,
                "extra_info": {
                  "Aggregates": "count_star()"
                },
                "cumulative_cardinality": 0,
                "operator_type": "UNGROUPED_AGGREGATE",
                "operator_cardinality": 1,
                "cumulative_rows_scanned": 0,
                "operator_rows_scanned": 0,
                "operator_timing": 3.243e-06,
                "children": [
                  {
                    "total_bytes_written": 0,
                    "total_bytes_read": 0,
                    "result_set_size": 0,
                    "operator_name": "HASH_GROUP_BY",
                    "cpu_time": 0.0,
                    "extra_info": {
                      "Groups": [
                        "#0",
                        "#1",
                        "#2"
                      ],
                      "Aggregates": "",
                      "Estimated Cardinality": "57577"
                    },
                    "cumulative_cardinality": 0,
                    "operator_type": "HASH_GROUP_BY",
                    "operator_cardinality": 0,
                    "cumulative_rows_scanned": 0,
                    "operator_rows_scanned": 0,
                    "operator_timing": 3.49e-07,
                    "children": [
                      {
                        "total_bytes_written": 0,
                        "total_bytes_read": 0,
                        "result_set_size": 0,
                        "operator_name": "HASH_JOIN",
                        "cpu_time": 0.0,
                        "extra_info": {
                          "Join Type": "SEMI",
                          "Conditions": [
                            "#0 IS NOT DISTINCT FROM #0",
                            "#1 IS NOT DISTINCT FROM #1",
                            "#2 IS NOT DISTINCT FROM #2"
                          ],
                          "Estimated Cardinality": "57577"
                        },
                        "cumulative_cardinality": 0,
                        "operator_type": "HASH_JOIN",
                        "operator_cardinality": 0,
                        "cumulative_rows_scanned": 0,
                        "operator_rows_scanned": 0,
                        "operator_timing": 0.0018065040000000004,
                        "children": [
                          {
                            "total_bytes_written": 0,
                            "total_bytes_read": 0,
                            "result_set_size": 0,
                            "operator_name": "HASH_GROUP_BY",
                            "cpu_time": 0.0,
                            "extra_info": {
                              "Groups": [
                                "#0",
                                "#1",
                                "#2"
                              ],
                              "Aggregates": "",
                              "Estimated Cardinality": "115203"
                            },
                            "cumulative_cardinality": 0,
                            "operator_type": "HASH_GROUP_BY",
                            "operator_cardinality": 0,
                            "cumulative_rows_scanned": 0,
                            "operator_rows_scanned": 0,
                            "operator_timing": 4.21e-07,
                            "children": [
                              {
                                "total_bytes_written": 0,
                                "total_bytes_read": 0,
                                "result_set_size": 0,
                                "operator_name": "HASH_JOIN",
                                "cpu_time": 0.0,
                                "extra_info": {
                                  "Join Type": "SEMI",
                                  "Conditions": [
                                    "#0 IS NOT DISTINCT FROM #0",
                                    "#1 IS NOT DISTINCT FROM #1",
                                    "#2 IS NOT DISTINCT FROM #2"
                                  ],
                                  "Estimated Cardinality": "115203"
                                },
                                "cumulative_cardinality": 0,
                                "operator_type": "HASH_JOIN",
                                "operator_cardinality": 0,
                                "cumulative_rows_scanned": 0,
                                "operator_rows_scanned": 0,
                                "operator_timing": 0.001770003,
                                "children": [
                                  {
                                    "total_bytes_written": 0,
                                    "total_bytes_read": 0,
                                    "result_set_size": 0,
                                    "operator_name": "PROJECTION",
                                    "cpu_time": 0.0,
                                    "extra_info": {
                                      "Projections": [
                                        "__internal_decompress_string(#0)",
                                        "__internal_decompress_string(#1)",
                                        "#2"
                                      ],
                                      "Estimated Cardinality": "230395"
                                    },
                                    "cumulative_cardinality": 0,
                                    "operator_type": "PROJECTION",
                                    "operator_cardinality": 0,
                                    "cumulative_rows_scanned": 0,
                                    "operator_rows_scanned": 0,
                                    "operator_timing": 0.0,
                                    "children": [
                                      {
                                        "total_bytes_written": 0,
                                        "total_bytes_read": 0,
                                        "result_set_size": 0,
                                        "operator_name": "HASH_GROUP_BY",
                                        "cpu_time": 0.0,
                                        "extra_info": {
                                          "Groups": [
                                            "#0",
                                            "#1",
                                            "#2"
                                          ],
                                          "Aggregates": "",
                                          "Estimated Cardinality": "230395"
                                        },
                                        "cumulative_cardinality": 0,
                                        "operator_type": "HASH_GROUP_BY",
                                        "operator_cardinality": 0,
                                        "cumulative_rows_scanned": 0,
                                        "operator_rows_scanned": 0,
                                        "operator_timing": 7.99e-07,
                                        "children": [
                                          {
                                            "total_bytes_written": 0,
                                            "total_bytes_read": 0,
                                            "result_set_size": 0,
                                            "operator_name": "PROJECTION",
                                            "cpu_time": 0.0,
                                            "extra_info": {
                                              "Projections": [
                                                "c_last_name",
                                                "c_first_name",
                                                "d_date"
                                              ],
                                              "Estimated Cardinality": "230395"
                                            },
                                            "cumulative_cardinality": 0,
                                            "operator_type": "PROJECTION",
                                            "operator_cardinality": 0,
                                            "cumulative_rows_scanned": 0,
                                            "operator_rows_scanned": 0,
                                            "operator_timing": 0.0,
                                            "children": [
                                              {
                                                "total_bytes_written": 0,
                                                "total_bytes_read": 0,
                                                "result_set_size": 0,
                                                "operator_name": "PROJECTION",
                                                "cpu_time": 0.0,
                                                "extra_info": {
                                                  "Projections": [
                                                    "__internal_compress_string_uhugeint(#0)",
                                                    "__internal_compress_string_uhugeint(#1)",
                                                    "#2"
                                                  ],
                                                  "Estimated Cardinality": "230395"
                                                },
                                                "cumulative_cardinality": 0,
                                                "operator_type": "PROJECTION",
                                                "operator_cardinality": 0,
                                                "cumulative_rows_scanned": 0,
                                                "operator_rows_scanned": 0,
                                                "operator_timing": 0.0,
                                                "children": [
                                                  {
                                                    "total_bytes_written": 0,
                                                    "total_bytes_read": 0,
                                                    "result_set_size": 0,
                                                    "operator_name": "PROJECTION",
                                                    "cpu_time": 0.0,
                                                    "extra_info": {
                                                      "Projections": [
                                                        "c_last_name",
                                                        "c_first_name",
                                                        "d_date"
                                                      ],
                                                      "Estimated Cardinality": "230395"
                                                    },
                                                    "cumulative_cardinality": 0,
                                                    "operator_type": "PROJECTION",
                                                    "operator_cardinality": 0,
                                                    "cumulative_rows_scanned": 0,
                                                    "operator_rows_scanned": 0,
                                                    "operator_timing": 0.0,
                                                    "children": [
                                                      {
                                                        "total_bytes_written": 0,
                                                        "total_bytes_read": 0,
                                                        "result_set_size": 0,
                                                        "operator_name": "HASH_JOIN",
                                                        "cpu_time": 0.0,
                                                        "extra_info": {
                                                          "Join Type": "INNER",
                                                          "Conditions": "ss_customer_sk = c_customer_sk",
                                                          "Estimated Cardinality": "230395"
                                                        },
                                                        "cumulative_cardinality": 0,
                                                        "operator_type": "HASH_JOIN",
                                                        "operator_cardinality": 0,
                                                        "cumulative_rows_scanned": 0,
                                                        "operator_rows_scanned": 0,
                                                        "operator_timing": 0.0052899439999999995,
                                                        "children": [
                                                          {
                                                            "total_bytes_written": 0,
                                                            "total_bytes_read": 0,
                                                            "result_set_size": 0,
                                                            "operator_name": "HASH_JOIN",
                                                            "cpu_time": 0.0,
                                                            "extra_info": {
                                                              "Join Type": "INNER",
                                                              "Conditions": "ss_sold_date_sk = d_date_sk",
                                                              "Estimated Cardinality": "1151976"
                                                            },
                                                            "cumulative_cardinality": 0,
                                                            "operator_type": "HASH_JOIN",
                                                            "operator_cardinality": 0,
                                                            "cumulative_rows_scanned": 0,
                                                            "operator_rows_scanned": 0,
                                                            "operator_timing": 0.000128732,
                                                            "children": [
                                                              {
                                                                "total_bytes_written": 0,
                                                                "total_bytes_read": 0,
                                                                "result_set_size": 0,
                                                                "operator_name": "EMPTY_RESULT",
                                                                "cpu_time": 0.0,
                                                                "extra_info": {},
                                                                "cumulative_cardinality": 0,
                                                                "operator_type": "EMPTY_RESULT",
                                                                "operator_cardinality": 0,
                                                                "cumulative_rows_scanned": 0,
                                                                "operator_rows_scanned": 0,
                                                                "operator_timing": 3.02e-07,
                                                                "children": []
                                                              },
                                                              {
                                                                "total_bytes_written": 0,
                                                                "total_bytes_read": 0,
                                                                "result_set_size": 2920,
                                                                "operator_name": "FILTER",
                                                                "cpu_time": 0.0,
                                                                "extra_info": {
                                                                  "Expression": "(d_date_sk BETWEEN 2450816 AND 2452642)",
                                                                  "Estimated Cardinality": "14609"
                                                                },
                                                                "cumulative_cardinality": 0,
                                                                "operator_type": "FILTER",
                                                                "operator_cardinality": 365,
                                                                "cumulative_rows_scanned": 0,
                                                                "operator_rows_scanned": 0,
                                                                "operator_timing": 1.3865999999999999e-05,
                                                                "children": [
                                                                  {
                                                                    "total_bytes_written": 0,
                                                                    "total_bytes_read": 0,
                                                                    "result_set_size": 2920,
                                                                    "operator_name": "SEQ_SCAN ",
                                                                    "cpu_time": 0.0,
                                                                    "extra_info": {
                                                                      "Table": "date_dim",
                                                                      "Type": "Sequential Scan",
                                                                      "Projections": [
                                                                        "d_date_sk",
                                                                        "d_date"
                                                                      ],
                                                                      "Filters": "d_month_seq>=1207 AND d_month_seq<=1218",
                                                                      "Estimated Cardinality": "14609"
                                                                    },
                                                                    "cumulative_cardinality": 0,
                                                                    "operator_type": "TABLE_SCAN",
                                                                    "operator_cardinality": 365,
                                                                    "cumulative_rows_scanned": 0,
                                                                    "operator_rows_scanned": 73049,
                                                                    "operator_timing": 0.00024099100000000002,
                                                                    "children": []
                                                                  }
                                                                ]
                                                              }
                                                            ]
                                                          },
                                                          {
                                                            "total_bytes_written": 0,
                                                            "total_bytes_read": 0,
                                                            "result_set_size": 5717736,
                                                            "operator_name": "PROJECTION",
                                                            "cpu_time": 0.0,
                                                            "extra_info": {
                                                              "Projections": [
                                                                "#0",
                                                                "#2",
                                                                "#3"
                                                              ],
                                                              "Estimated Cardinality": "100000"
                                                            },
                                                            "cumulative_cardinality": 0,
                                                            "operator_type": "PROJECTION",
                                                            "operator_cardinality": 158826,
                                                            "cumulative_rows_scanned": 0,
                                                            "operator_rows_scanned": 0,
                                                            "operator_timing": 5.1849e-05,
                                                            "children": [
                                                              {
                                                                "total_bytes_written": 0,
                                                                "total_bytes_read": 0,
                                                                "result_set_size": 6353040,
                                                                "operator_name": "FILTER",
                                                                "cpu_time": 0.0,
                                                                "extra_info": {
                                                                  "Expression": "((c_birth_month = 2) OR (c_birth_month = 3) OR (c_birth_month = 4) OR (c_birth_month = 10))",
                                                                  "Estimated Cardinality": "100000"
                                                                },
                                                                "cumulative_cardinality": 0,
                                                                "operator_type": "FILTER",
                                                                "operator_cardinality": 158826,
                                                                "cumulative_rows_scanned": 0,
                                                                "operator_rows_scanned": 0,
                                                                "operator_timing": 0.005892813,
                                                                "children": [
                                                                  {
                                                                    "total_bytes_written": 0,
                                                                    "total_bytes_read": 0,
                                                                    "result_set_size": 20000000,
                                                                    "operator_name": "SEQ_SCAN ",
                                                                    "cpu_time": 0.0,
                                                                    "extra_info": {
                                                                      "Table": "customer",
                                                                      "Type": "Sequential Scan",
                                                                      "Projections": [
                                                                        "c_customer_sk",
                                                                        "c_birth_month",
                                                                        "c_last_name",
                                                                        "c_first_name"
                                                                      ],
                                                                      "Filters": "optional: c_birth_month IN (2, 3, 4, 10)",
                                                                      "Estimated Cardinality": "500000"
                                                                    },
                                                                    "cumulative_cardinality": 0,
                                                                    "operator_type": "TABLE_SCAN",
                                                                    "operator_cardinality": 500000,
                                                                    "cumulative_rows_scanned": 0,
                                                                    "operator_rows_scanned": 2500000,
                                                                    "operator_timing": 0.005286921,
                                                                    "children": []
                                                                  }
                                                                ]
                                                              }
                                                            ]
                                                          }
                                                        ]
                                                      }
                                                    ]
                                                  }
                                                ]
                                              }
                                            ]
                                          }
                                        ]
                                      }
                                    ]
                                  },
                                  {
                                    "total_bytes_written": 0,
                                    "total_bytes_read": 0,
                                    "result_set_size": 614556,
                                    "operator_name": "PROJECTION",
                                    "cpu_time": 0.0,
                                    "extra_info": {
                                      "Projections": [
                                        "__internal_decompress_string(#0)",
                                        "__internal_decompress_string(#1)",
                                        "#2"
                                      ],
                                      "Estimated Cardinality": "115203"
                                    },
                                    "cumulative_cardinality": 0,
                                    "operator_type": "PROJECTION",
                                    "operator_cardinality": 17071,
                                    "cumulative_rows_scanned": 0,
                                    "operator_rows_scanned": 0,
                                    "operator_timing": 0.000229546,
                                    "children": [
                                      {
                                        "total_bytes_written": 0,
                                        "total_bytes_read": 0,
                                        "result_set_size": 614556,
                                        "operator_name": "HASH_GROUP_BY",
                                        "cpu_time": 0.0,
                                        "extra_info": {
                                          "Groups": [
                                            "#0",
                                            "#1",
                                            "#2"
                                          ],
                                          "Aggregates": "",
                                          "Estimated Cardinality": "115203"
                                        },
                                        "cumulative_cardinality": 0,
                                        "operator_type": "HASH_GROUP_BY",
                                        "operator_cardinality": 17071,
                                        "cumulative_rows_scanned": 0,
                                        "operator_rows_scanned": 0,
                                        "operator_timing": 0.010002902999999999,
                                        "children": [
                                          {
                                            "total_bytes_written": 0,
                                            "total_bytes_read": 0,
                                            "result_set_size": 678996,
                                            "operator_name": "PROJECTION",
                                            "cpu_time": 0.0,
                                            "extra_info": {
                                              "Projections": [
                                                "c_last_name",
                                                "c_first_name",
                                                "d_date"
                                              ],
                                              "Estimated Cardinality": "115203"
                                            },
                                            "cumulative_cardinality": 0,
                                            "operator_type": "PROJECTION",
                                            "operator_cardinality": 18861,
                                            "cumulative_rows_scanned": 0,
                                            "operator_rows_scanned": 0,
                                            "operator_timing": 3.2489999999999996e-05,
                                            "children": [
                                              {
                                                "total_bytes_written": 0,
                                                "total_bytes_read": 0,
                                                "result_set_size": 678996,
                                                "operator_name": "PROJECTION",
                                                "cpu_time": 0.0,
                                                "extra_info": {
                                                  "Projections": [
                                                    "__internal_compress_string_uhugeint(#0)",
                                                    "__internal_compress_string_uhugeint(#1)",
                                                    "#2"
                                                  ],
                                                  "Estimated Cardinality": "115203"
                                                },
                                                "cumulative_cardinality": 0,
                                                "operator_type": "PROJECTION",
                                                "operator_cardinality": 18861,
                                                "cumulative_rows_scanned": 0,
                                                "operator_rows_scanned": 0,
                                                "operator_timing": 0.0023289600000000006,
                                                "children": [
                                                  {
                                                    "total_bytes_written": 0,
                                                    "total_bytes_read": 0,
                                                    "result_set_size": 678996,
                                                    "operator_name": "PROJECTION",
                                                    "cpu_time": 0.0,
                                                    "extra_info": {
                                                      "Projections": [
                                                        "c_last_name",
                                                        "c_first_name",
                                                        "d_date"
                                                      ],
                                                      "Estimated Cardinality": "115203"
                                                    },
                                                    "cumulative_cardinality": 0,
                                                    "operator_type": "PROJECTION",
                                                    "operator_cardinality": 18861,
                                                    "cumulative_rows_scanned": 0,
                                                    "operator_rows_scanned": 0,
                                                    "operator_timing": 3.2833e-05,
                                                    "children": [
                                                      {
                                                        "total_bytes_written": 0,
                                                        "total_bytes_read": 0,
                                                        "result_set_size": 678996,
                                                        "operator_name": "HASH_JOIN",
                                                        "cpu_time": 0.0,
                                                        "extra_info": {
                                                          "Join Type": "INNER",
                                                          "Conditions": "cs_bill_customer_sk = c_customer_sk",
                                                          "Estimated Cardinality": "115203"
                                                        },
                                                        "cumulative_cardinality": 0,
                                                        "operator_type": "HASH_JOIN",
                                                        "operator_cardinality": 18861,
                                                        "cumulative_rows_scanned": 0,
                                                        "operator_rows_scanned": 0,
                                                        "operator_timing": 0.00514802,
                                                        "children": [
                                                          {
                                                            "total_bytes_written": 0,
                                                            "total_bytes_read": 0,
                                                            "result_set_size": 474416,
                                                            "operator_name": "HASH_JOIN",
                                                            "cpu_time": 0.0,
                                                            "extra_info": {
                                                              "Join Type": "INNER",
                                                              "Conditions": "cs_sold_date_sk = d_date_sk",
                                                              "Estimated Cardinality": "576018"
                                                            },
                                                            "cumulative_cardinality": 0,
                                                            "operator_type": "HASH_JOIN",
                                                            "operator_cardinality": 59302,
                                                            "cumulative_rows_scanned": 0,
                                                            "operator_rows_scanned": 0,
                                                            "operator_timing": 0.003943435000000001,
                                                            "children": [
                                                              {
                                                                "total_bytes_written": 0,
                                                                "total_bytes_read": 0,
                                                                "result_set_size": 474416,
                                                                "operator_name": "SEQ_SCAN ",
                                                                "cpu_time": 0.0,
                                                                "extra_info": {
                                                                  "Table": "catalog_sales",
                                                                  "Type": "Sequential Scan",
                                                                  "Projections": [
                                                                    "cs_sold_date_sk",
                                                                    "cs_bill_customer_sk"
                                                                  ],
                                                                  "Filters": [
                                                                    "cs_list_price>=241.00 AND cs_list_price<=300.00",
                                                                    "cs_wholesale_cost>=76.00 AND cs_wholesale_cost<=96.00"
                                                                  ],
                                                                  "Estimated Cardinality": "2880252"
                                                                },
                                                                "cumulative_cardinality": 0,
                                                                "operator_type": "TABLE_SCAN",
                                                                "operator_cardinality": 59302,
                                                                "cumulative_rows_scanned": 0,
                                                                "operator_rows_scanned": 403235308,
                                                                "operator_timing": 0.033628015,
                                                                "children": []
                                                              },
                                                              {
                                                                "total_bytes_written": 0,
                                                                "total_bytes_read": 0,
                                                                "result_set_size": 2920,
                                                                "operator_name": "FILTER",
                                                                "cpu_time": 0.0,
                                                                "extra_info": {
                                                                  "Expression": "(d_date_sk BETWEEN 2450815 AND 2452653)",
                                                                  "Estimated Cardinality": "14609"
                                                                },
                                                                "cumulative_cardinality": 0,
                                                                "operator_type": "FILTER",
                                                                "operator_cardinality": 365,
                                                                "cumulative_rows_scanned": 0,
                                                                "operator_rows_scanned": 0,
                                                                "operator_timing": 7.402999999999999e-06,
                                                                "children": [
                                                                  {
                                                                    "total_bytes_written": 0,
                                                                    "total_bytes_read": 0,
                                                                    "result_set_size": 2920,
                                                                    "operator_name": "SEQ_SCAN ",
                                                                    "cpu_time": 0.0,
                                                                    "extra_info": {
                                                                      "Table": "date_dim",
                                                                      "Type": "Sequential Scan",
                                                                      "Projections": [
                                                                        "d_date_sk",
                                                                        "d_date"
                                                                      ],
                                                                      "Filters": "d_month_seq>=1207 AND d_month_seq<=1218",
                                                                      "Estimated Cardinality": "14609"
                                                                    },
                                                                    "cumulative_cardinality": 0,
                                                                    "operator_type": "TABLE_SCAN",
                                                                    "operator_cardinality": 365,
                                                                    "cumulative_rows_scanned": 0,
                                                                    "operator_rows_scanned": 73049,
                                                                    "operator_timing": 0.000102727,
                                                                    "children": []
                                                                  }
                                                                ]
                                                              }
                                                            ]
                                                          },
                                                          {
                                                            "total_bytes_written": 0,
                                                            "total_bytes_read": 0,
                                                            "result_set_size": 5717736,
                                                            "operator_name": "PROJECTION",
                                                            "cpu_time": 0.0,
                                                            "extra_info": {
                                                              "Projections": [
                                                                "#0",
                                                                "#2",
                                                                "#3"
                                                              ],
                                                              "Estimated Cardinality": "100000"
                                                            },
                                                            "cumulative_cardinality": 0,
                                                            "operator_type": "PROJECTION",
                                                            "operator_cardinality": 158826,
                                                            "cumulative_rows_scanned": 0,
                                                            "operator_rows_scanned": 0,
                                                            "operator_timing": 5.9449000000000006e-05,
                                                            "children": [
                                                              {
                                                                "total_bytes_written": 0,
                                                                "total_bytes_read": 0,
                                                                "result_set_size": 6353040,
                                                                "operator_name": "FILTER",
                                                                "cpu_time": 0.0,
                                                                "extra_info": {
                                                                  "Expression": "((c_birth_month = 2) OR (c_birth_month = 3) OR (c_birth_month = 4) OR (c_birth_month = 10))",
                                                                  "Estimated Cardinality": "100000"
                                                                },
                                                                "cumulative_cardinality": 0,
                                                                "operator_type": "FILTER",
                                                                "operator_cardinality": 158826,
                                                                "cumulative_rows_scanned": 0,
                                                                "operator_rows_scanned": 0,
                                                                "operator_timing": 0.006130206,
                                                                "children": [
                                                                  {
                                                                    "total_bytes_written": 0,
                                                                    "total_bytes_read": 0,
                                                                    "result_set_size": 20000000,
                                                                    "operator_name": "SEQ_SCAN ",
                                                                    "cpu_time": 0.0,
                                                                    "extra_info": {
                                                                      "Table": "customer",
                                                                      "Type": "Sequential Scan",
                                                                      "Projections": [
                                                                        "c_customer_sk",
                                                                        "c_birth_month",
                                                                        "c_last_name",
                                                                        "c_first_name"
                                                                      ],
                                                                      "Filters": "optional: c_birth_month IN (2, 3, 4, 10)",
                                                                      "Estimated Cardinality": "500000"
                                                                    },
                                                                    "cumulative_cardinality": 0,
                                                                    "operator_type": "TABLE_SCAN",
                                                                    "operator_cardinality": 500000,
                                                                    "cumulative_rows_scanned": 0,
                                                                    "operator_rows_scanned": 2500000,
                                                                    "operator_timing": 0.005441776000000002,
                                                                    "children": []
                                                                  }
                                                                ]
                                                              }
                                                            ]
                                                          }
                                                        ]
                                                      }
                                                    ]
                                                  }
                                                ]
                                              }
                                            ]
                                          }
                                        ]
                                      }
                                    ]
                                  }
                                ]
                              }
                            ]
                          },
                          {
                            "total_bytes_written": 0,
                            "total_bytes_read": 0,
                            "result_set_size": 308088,
                            "operator_name": "PROJECTION",
                            "cpu_time": 0.0,
                            "extra_info": {
                              "Projections": [
                                "__internal_decompress_string(#0)",
                                "__internal_decompress_string(#1)",
                                "#2"
                              ],
                              "Estimated Cardinality": "57577"
                            },
                            "cumulative_cardinality": 0,
                            "operator_type": "PROJECTION",
                            "operator_cardinality": 8558,
                            "cumulative_rows_scanned": 0,
                            "operator_rows_scanned": 0,
                            "operator_timing": 0.000163185,
                            "children": [
                              {
                                "total_bytes_written": 0,
                                "total_bytes_read": 0,
                                "result_set_size": 308088,
                                "operator_name": "HASH_GROUP_BY",
                                "cpu_time": 0.0,
                                "extra_info": {
                                  "Groups": [
                                    "#0",
                                    "#1",
                                    "#2"
                                  ],
                                  "Aggregates": "",
                                  "Estimated Cardinality": "57577"
                                },
                                "cumulative_cardinality": 0,
                                "operator_type": "HASH_GROUP_BY",
                                "operator_cardinality": 8558,
                                "cumulative_rows_scanned": 0,
                                "operator_rows_scanned": 0,
                                "operator_timing": 0.016392117999999997,
                                "children": [
                                  {
                                    "total_bytes_written": 0,
                                    "total_bytes_read": 0,
                                    "result_set_size": 346932,
                                    "operator_name": "PROJECTION",
                                    "cpu_time": 0.0,
                                    "extra_info": {
                                      "Projections": [
                                        "c_last_name",
                                        "c_first_name",
                                        "d_date"
                                      ],
                                      "Estimated Cardinality": "57577"
                                    },
                                    "cumulative_cardinality": 0,
                                    "operator_type": "PROJECTION",
                                    "operator_cardinality": 9637,
                                    "cumulative_rows_scanned": 0,
                                    "operator_rows_scanned": 0,
                                    "operator_timing": 4.5196e-05,
                                    "children": [
                                      {
                                        "total_bytes_written": 0,
                                        "total_bytes_read": 0,
                                        "result_set_size": 346932,
                                        "operator_name": "PROJECTION",
                                        "cpu_time": 0.0,
                                        "extra_info": {
                                          "Projections": [
                                            "__internal_compress_string_uhugeint(#0)",
                                            "__internal_compress_string_uhugeint(#1)",
                                            "#2"
                                          ],
                                          "Estimated Cardinality": "57577"
                                        },
                                        "cumulative_cardinality": 0,
                                        "operator_type": "PROJECTION",
                                        "operator_cardinality": 9637,
                                        "cumulative_rows_scanned": 0,
                                        "operator_rows_scanned": 0,
                                        "operator_timing": 0.001585188,
                                        "children": [
                                          {
                                            "total_bytes_written": 0,
                                            "total_bytes_read": 0,
                                            "result_set_size": 346932,
                                            "operator_name": "PROJECTION",
                                            "cpu_time": 0.0,
                                            "extra_info": {
                                              "Projections": [
                                                "c_last_name",
                                                "c_first_name",
                                                "d_date"
                                              ],
                                              "Estimated Cardinality": "57577"
                                            },
                                            "cumulative_cardinality": 0,
                                            "operator_type": "PROJECTION",
                                            "operator_cardinality": 9637,
                                            "cumulative_rows_scanned": 0,
                                            "operator_rows_scanned": 0,
                                            "operator_timing": 4.3913999999999986e-05,
                                            "children": [
                                              {
                                                "total_bytes_written": 0,
                                                "total_bytes_read": 0,
                                                "result_set_size": 346932,
                                                "operator_name": "HASH_JOIN",
                                                "cpu_time": 0.0,
                                                "extra_info": {
                                                  "Join Type": "INNER",
                                                  "Conditions": "ws_bill_customer_sk = c_customer_sk",
                                                  "Estimated Cardinality": "57577"
                                                },
                                                "cumulative_cardinality": 0,
                                                "operator_type": "HASH_JOIN",
                                                "operator_cardinality": 9637,
                                                "cumulative_rows_scanned": 0,
                                                "operator_rows_scanned": 0,
                                                "operator_timing": 0.005126800000000001,
                                                "children": [
                                                  {
                                                    "total_bytes_written": 0,
                                                    "total_bytes_read": 0,
                                                    "result_set_size": 240176,
                                                    "operator_name": "HASH_JOIN",
                                                    "cpu_time": 0.0,
                                                    "extra_info": {
                                                      "Join Type": "INNER",
                                                      "Conditions": "ws_sold_date_sk = d_date_sk",
                                                      "Estimated Cardinality": "287886"
                                                    },
                                                    "cumulative_cardinality": 0,
                                                    "operator_type": "HASH_JOIN",
                                                    "operator_cardinality": 30022,
                                                    "cumulative_rows_scanned": 0,
                                                    "operator_rows_scanned": 0,
                                                    "operator_timing": 0.008381978,
                                                    "children": [
                                                      {
                                                        "total_bytes_written": 0,
                                                        "total_bytes_read": 0,
                                                        "result_set_size": 240176,
                                                        "operator_name": "SEQ_SCAN ",
                                                        "cpu_time": 0.0,
                                                        "extra_info": {
                                                          "Table": "web_sales",
                                                          "Type": "Sequential Scan",
                                                          "Projections": [
                                                            "ws_sold_date_sk",
                                                            "ws_bill_customer_sk"
                                                          ],
                                                          "Filters": [
                                                            "ws_list_price>=241.00 AND ws_list_price<=300.00",
                                                            "ws_wholesale_cost>=76.00 AND ws_wholesale_cost<=96.00"
                                                          ],
                                                          "Estimated Cardinality": "1439513"
                                                        },
                                                        "cumulative_cardinality": 0,
                                                        "operator_type": "TABLE_SCAN",
                                                        "operator_cardinality": 30022,
                                                        "cumulative_rows_scanned": 0,
                                                        "operator_rows_scanned": 201531848,
                                                        "operator_timing": 0.06261179099999999,
                                                        "children": []
                                                      },
                                                      {
                                                        "total_bytes_written": 0,
                                                        "total_bytes_read": 0,
                                                        "result_set_size": 2920,
                                                        "operator_name": "FILTER",
                                                        "cpu_time": 0.0,
                                                        "extra_info": {
                                                          "Expression": "(d_date_sk BETWEEN 2450816 AND 2452642)",
                                                          "Estimated Cardinality": "14609"
                                                        },
                                                        "cumulative_cardinality": 0,
                                                        "operator_type": "FILTER",
                                                        "operator_cardinality": 365,
                                                        "cumulative_rows_scanned": 0,
                                                        "operator_rows_scanned": 0,
                                                        "operator_timing": 1.1341e-05,
                                                        "children": [
                                                          {
                                                            "total_bytes_written": 0,
                                                            "total_bytes_read": 0,
                                                            "result_set_size": 2920,
                                                            "operator_name": "SEQ_SCAN ",
                                                            "cpu_time": 0.0,
                                                            "extra_info": {
                                                              "Table": "date_dim",
                                                              "Type": "Sequential Scan",
                                                              "Projections": [
                                                                "d_date_sk",
                                                                "d_date"
                                                              ],
                                                              "Filters": "d_month_seq>=1207 AND d_month_seq<=1218",
                                                              "Estimated Cardinality": "14609"
                                                            },
                                                            "cumulative_cardinality": 0,
                                                            "operator_type": "TABLE_SCAN",
                                                            "operator_cardinality": 365,
                                                            "cumulative_rows_scanned": 0,
                                                            "operator_rows_scanned": 73049,
                                                            "operator_timing": 0.00010862400000000001,
                                                            "children": []
                                                          }
                                                        ]
                                                      }
                                                    ]
                                                  },
                                                  {
                                                    "total_bytes_written": 0,
                                                    "total_bytes_read": 0,
                                                    "result_set_size": 5717700,
                                                    "operator_name": "FILTER",
                                                    "cpu_time": 0.0,
                                                    "extra_info": {
                                                      "Expression": "(c_customer_sk BETWEEN 2 AND 499998)",
                                                      "Estimated Cardinality": "100000"
                                                    },
                                                    "cumulative_cardinality": 0,
                                                    "operator_type": "FILTER",
                                                    "operator_cardinality": 158825,
                                                    "cumulative_rows_scanned": 0,
                                                    "operator_rows_scanned": 0,
                                                    "operator_timing": 0.00026999300000000006,
                                                    "children": [
                                                      {
                                                        "total_bytes_written": 0,
                                                        "total_bytes_read": 0,
                                                        "result_set_size": 5717736,
                                                        "operator_name": "PROJECTION",
                                                        "cpu_time": 0.0,
                                                        "extra_info": {
                                                          "Projections": [
                                                            "#0",
                                                            "#2",
                                                            "#3"
                                                          ],
                                                          "Estimated Cardinality": "100000"
                                                        },
                                                        "cumulative_cardinality": 0,
                                                        "operator_type": "PROJECTION",
                                                        "operator_cardinality": 158826,
                                                        "cumulative_rows_scanned": 0,
                                                        "operator_rows_scanned": 0,
                                                        "operator_timing": 3.258900000000001e-05,
                                                        "children": [
                                                          {
                                                            "total_bytes_written": 0,
                                                            "total_bytes_read": 0,
                                                            "result_set_size": 6353040,
                                                            "operator_name": "FILTER",
                                                            "cpu_time": 0.0,
                                                            "extra_info": {
                                                              "Expression": "((c_birth_month = 2) OR (c_birth_month = 3) OR (c_birth_month = 4) OR (c_birth_month = 10))",
                                                              "Estimated Cardinality": "100000"
                                                            },
                                                            "cumulative_cardinality": 0,
                                                            "operator_type": "FILTER",
                                                            "operator_cardinality": 158826,
                                                            "cumulative_rows_scanned": 0,
                                                            "operator_rows_scanned": 0,
                                                            "operator_timing": 0.005244316,
                                                            "children": [
                                                              {
                                                                "total_bytes_written": 0,
                                                                "total_bytes_read": 0,
                                                                "result_set_size": 20000000,
                                                                "operator_name": "SEQ_SCAN ",
                                                                "cpu_time": 0.0,
                                                                "extra_info": {
                                                                  "Table": "customer",
                                                                  "Type": "Sequential Scan",
                                                                  "Projections": [
                                                                    "c_customer_sk",
                                                                    "c_birth_month",
                                                                    "c_last_name",
                                                                    "c_first_name"
                                                                  ],
                                                                  "Filters": "optional: c_birth_month IN (2, 3, 4, 10)",
                                                                  "Estimated Cardinality": "500000"
                                                                },
                                                                "cumulative_cardinality": 0,
                                                                "operator_type": "TABLE_SCAN",
                                                                "operator_cardinality": 500000,
                                                                "cumulative_rows_scanned": 0,
                                                                "operator_rows_scanned": 2500000,
                                                                "operator_timing": 0.0044203590000000004,
                                                                "children": []
                                                              }
                                                            ]
                                                          }
                                                        ]
                                                      }
                                                    ]
                                                  }
                                                ]
                                              }
                                            ]
                                          }
                                        ]
                                      }
                                    ]
                                  }
                                ]
                              }
                            ]
                          }
                        ]
                      }
                    ]
                  }
                ]
              }
            ]
          }
        ]
      }
    ]
  },
  "actual_rows": 0
}