{
  "execution_time_ms": 22.3,
  "plan_text": "\u250c\u2500\u2500\u2500\u2500\u2500\u2500\u2500\u2500\u2500\u2500\u2500\u2500\u2500\u2500\u2500\u2500\u2500\u2500\u2500\u2500\u2500\u2500\u2500\u2500\u2500\u2500\u2500\u2500\u2500\u2500\u2500\u2500\u2500\u2500\u2500\u2500\u2500\u2510\n\u2502\u250c\u2500\u2500\u2500\u2500\u2500\u2500\u2500\u2500\u2500\u2500\u2500\u2500\u2500\u2500\u2500\u2500\u2500\u2500\u2500\u2500\u2500\u2500\u2500\u2500\u2500\u2500\u2500\u2500\u2500\u2500\u2500\u2500\u2500\u2500\u2500\u2510\u2502\n\u2502\u2502    Query Profiling Information    \u2502\u2502\n\u2502\u2514\u2500\u2500\u2500\u2500\u2500\u2500\u2500\u2500\u2500\u2500\u2500\u2500\u2500\u2500\u2500\u2500\u2500\u2500\u2500\u2500\u2500\u2500\u2500\u2500\u2500\u2500\u2500\u2500\u2500\u2500\u2500\u2500\u2500\u2500\u2500\u2518\u2502\n\u2514\u2500\u2500\u2500\u2500\u2500\u2500\u2500\u2500\u2500\u2500\u2500\u2500\u2500\u2500\u2500\u2500\u2500\u2500\u2500\u2500\u2500\u2500\u2500\u2500\u2500\u2500\u2500\u2500\u2500\u2500\u2500\u2500\u2500\u2500\u2500\u2500\u2500\u2518\nEXPLAIN ANALYZE select     count(distinct ws_order_number) as \"order count\"   ,sum(ws_ext_ship_cost) as \"total shipping cost\"   ,sum(ws_net_profit) as \"total net profit\" from    web_sales ws1   ,date_dim   ,customer_address   ,web_site where     d_date between '1999-10-01' and            cast('1999-10-01' as date) + interval '60 day' and ws1.ws_ship_date_sk = d_date_sk and ws1.ws_ship_addr_sk = ca_address_sk and ca_state in ('MO','MT','OK'             ,'SC' ,'TX' ,'WI') and ws1.ws_web_site_sk = web_site_sk and web_gmt_offset >= -5 and ws1.ws_list_price between 253 and 282 and exists (select *             from web_sales ws2             where ws1.ws_order_number = ws2.ws_order_number               and ws1.ws_warehouse_sk <> ws2.ws_warehouse_sk) and not exists(select *                from web_returns wr1                where ws1.ws_order_number = wr1.wr_order_number                and wr1.wr_reason_sk in (8, 18, 20, 23, 41)                ) order by count(distinct ws_order_number) limit 100\n\u250c\u2500\u2500\u2500\u2500\u2500\u2500\u2500\u2500\u2500\u2500\u2500\u2500\u2500\u2500\u2500\u2500\u2500\u2500\u2500\u2500\u2500\u2500\u2500\u2500\u2500\u2500\u2500\u2500\u2500\u2500\u2500\u2500\u2500\u2500\u2500\u2500\u2500\u2500\u2500\u2500\u2500\u2500\u2500\u2500\u2500\u2500\u2500\u2500\u2510\n\u2502\u250c\u2500\u2500\u2500\u2500\u2500\u2500\u2500\u2500\u2500\u2500\u2500\u2500\u2500\u2500\u2500\u2500\u2500\u2500\u2500\u2500\u2500\u2500\u2500\u2500\u2500\u2500\u2500\u2500\u2500\u2500\u2500\u2500\u2500\u2500\u2500\u2500\u2500\u2500\u2500\u2500\u2500\u2500\u2500\u2500\u2500\u2500\u2510\u2502\n\u2502\u2502              Total Time: 0.0188s             \u2502\u2502\n\u2502\u2514\u2500\u2500\u2500\u2500\u2500\u2500\u2500\u2500\u2500\u2500\u2500\u2500\u2500\u2500\u2500\u2500\u2500\u2500\u2500\u2500\u2500\u2500\u2500\u2500\u2500\u2500\u2500\u2500\u2500\u2500\u2500\u2500\u2500\u2500\u2500\u2500\u2500\u2500\u2500\u2500\u2500\u2500\u2500\u2500\u2500\u2500\u2518\u2502\n\u2514\u2500\u2500\u2500\u2500\u2500\u2500\u2500\u2500\u2500\u2500\u2500\u2500\u2500\u2500\u2500\u2500\u2500\u2500\u2500\u2500\u2500\u2500\u2500\u2500\u2500\u2500\u2500\u2500\u2500\u2500\u2500\u2500\u2500\u2500\u2500\u2500\u2500\u2500\u2500\u2500\u2500\u2500\u2500\u2500\u2500\u2500\u2500\u2500\u2518\n\u250c\u2500\u2500\u2500\u2500\u2500\u2500\u2500\u2500\u2500\u2500\u2500\u2500\u2500\u2500\u2500\u2510\n\u2502     QUERY     \u2502\n\u2514\u2500\u2500\u2500\u2500\u2500\u2500\u2500\u252c\u2500\u2500\u2500\u2500\u2500\u2500\u2500\u2518\n\u250c\u2500\u2500\u2500\u2500\u2500\u2500\u2500\u2534\u2500\u2500\u2500\u2500\u2500\u2500\u2500\u2510\n\u2502EXPLAIN_ANALYZE\u2502\n\u2502    \u2500\u2500\u2500\u2500\u2500\u2500\u2500\u2500   \u2502\n\u2502     0 rows    \u2502\n\u2502    (0.00s)    \u2502\n\u2514\u2500\u2500\u2500\u2500\u2500\u2500\u2500\u252c\u2500\u2500\u2500\u2500\u2500\u2500\u2500\u2518\n\u250c\u2500\u2500\u2500\u2500\u2500\u2500\u2500\u2534\u2500\u2500\u2500\u2500\u2500\u2500\u2500\u2510\n\u2502     TOP_N     \u2502\n\u2502    \u2500\u2500\u2500\u2500\u2500\u2500\u2500\u2500   \u2502\n\u2502    Top: 100   \u2502\n\u2502               \u2502\n\u2502   Order By:   \u2502\n\u2502 count(DISTINCT\u2502\n\u2502 ws1.ws_order_n\u2502\n\u2502   umber) ASC  \u2502\n\u2502               \u2502\n\u2502     1 row     \u2502\n\u2502    (0.00s)    \u2502\n\u2514\u2500\u2500\u2500\u2500\u2500\u2500\u2500\u252c\u2500\u2500\u2500\u2500\u2500\u2500\u2500\u2518\n\u250c\u2500\u2500\u2500\u2500\u2500\u2500\u2500\u2534\u2500\u2500\u2500\u2500\u2500\u2500\u2500\u2510\n\u2502UNGROUPED_...  \u2502\n\u2502    \u2500\u2500\u2500\u2500\u2500\u2500\u2500\u2500   \u2502\n\u2502  Aggregates:  \u2502\n\u2502 count(DISTINCT\u2502\n\u2502       #0)     \u2502\n\u2502    sum(#1)    \u2502\n\u2502    sum(#2)    \u2502\n\u2502               \u2502\n\u2502     1 row     \u2502\n\u2502    (0.00s)    \u2502\n\u2514\u2500\u2500\u2500\u2500\u2500\u2500\u2500\u252c\u2500\u2500\u2500\u2500\u2500\u2500\u2500\u2518\n\u250c\u2500\u2500\u2500\u2500\u2500\u2500\u2500\u2534\u2500\u2500\u2500\u2500\u2500\u2500\u2500\u2510\n\u2502   PROJECTION  \u2502\n\u2502    \u2500\u2500\u2500\u2500\u2500\u2500\u2500\u2500   \u2502\n\u2502ws_order_number\u2502\n\u2502ws_ext_ship_cos\u2502\n\u2502       t       \u2502\n\u2502 ws_net_profit \u2502\n\u2502               \u2502\n\u2502    231 rows   \u2502\n\u2502    (0.00s)    \u2502\n\u2514\u2500\u2500\u2500\u2500\u2500\u2500\u2500\u252c\u2500\u2500\u2500\u2500\u2500\u2500\u2500\u2518\n\u250c\u2500\u2500\u2500\u2500\u2500\u2500\u2500\u2534\u2500\u2500\u2500\u2500\u2500\u2500\u2500\u2510\n\u2502LEFT_DELIM_JOIN\u2502\n\u2502    \u2500\u2500\u2500\u2500\u2500\u2500\u2500\u2500   \u2502\n\u2502   Join Type:  \u2502\n\u2502      ANTI     \u2502\n\u2502               \u2502\n\u2502  Conditions:  \u2502\n\u2502ws_order_number\u2502\n\u2502 IS NOT DISTINC\u2502\n\u2502T FROM ws_order\u251c\u2500\u2500\u2500\u2500\u2500\u2500\u2500\u2500\u2500\u2500\u2500\u2500\u2500\u2500\u2500\u2500\u2500\u2500\u2500\u2500\u2500\u2500\u2500\u2500\u2500\u2500\u2500\u2500\u2500\u2500\u2500\u2500\u2500\u2500\u2500\u2500\u2500\u2500\u2500\u2500\u2500\u2500\u2500\u2500\u2500\u2500\u2500\u2500\u2500\u2500\u2500\u2500\u2500\u2500\u2500\u2500\u2500\u2500\u2500\u2500\u2500\u2500\u2500\u2500\u2500\u2500\u2500\u2500\u2500\u2500\u2500\u2500\u2500\u2500\u2500\u2500\u2500\u2500\u2500\u2500\u2500\u2500\u2500\u2500\u2500\u2500\u2500\u2500\u2500\u2500\u2500\u2500\u2500\u2500\u2500\u2500\u2500\u2500\u2500\u2500\u2500\u2500\u2500\u2500\u2500\u2500\u2500\u2500\u2500\u2500\u2500\u2500\u2500\u2500\u2500\u2500\u2500\u2500\u2500\u2500\u2500\u2500\u2500\u2500\u2500\u2500\u2500\u2500\u2500\u2500\u2500\u2500\u2500\u2500\u2500\u2500\u2500\u2500\u2500\u2500\u2500\u2500\u2500\u2500\u252c\u2500\u2500\u2500\u2500\u2500\u2500\u2500\u2500\u2500\u2500\u2500\u2500\u2500\u2500\u2500\u2500\u2500\u2500\u2500\u2500\u2500\u2500\u2500\u2500\u2500\u2500\u2500\u2500\u2500\u2500\u2500\u2500\u2500\u2500\u2500\u2500\u2500\u2500\u2500\u2500\u2500\u2500\u2500\u2500\u2500\u2500\u2500\u2500\u2500\u2500\u2500\u2500\u2500\u2500\u2500\u2500\u2500\u2500\u2500\u2500\u2500\u2500\u2500\u2500\u2500\u2500\u2500\u2510\n\u2502    _number    \u2502                                                                                                                                                \u2502                                                                   \u2502\n\u2502               \u2502                                                                                                                                                \u2502                                                                   \u2502\n\u2502  Delim Index: \u2502                                                                                                                                                \u2502                                                                   \u2502\n\u2502       2       \u2502                                                                                                                                                \u2502                                                                   \u2502\n\u2502               \u2502                                                                                                                                                \u2502                                                                   \u2502\n\u2502     0 rows    \u2502                                                                                                                                                \u2502                                                                   \u2502\n\u2502    (0.00s)    \u2502                                                                                                                                                \u2502                                                                   \u2502\n\u2514\u2500\u2500\u2500\u2500\u2500\u2500\u2500\u252c\u2500\u2500\u2500\u2500\u2500\u2500\u2500\u2518                                                                                                                                                \u2502                                                                   \u2502\n\u250c\u2500\u2500\u2500\u2500\u2500\u2500\u2500\u2534\u2500\u2500\u2500\u2500\u2500\u2500\u2500\u2510                                                                                                                                        \u250c\u2500\u2500\u2500\u2500\u2500\u2500\u2500\u2534\u2500\u2500\u2500\u2500\u2500\u2500\u2500\u2510                                                   \u250c\u2500\u2500\u2500\u2500\u2500\u2500\u2500\u2534\u2500\u2500\u2500\u2500\u2500\u2500\u2500\u2510\n\u2502RIGHT_DELI...  \u2502                                                                                                                                        \u2502   HASH_JOIN   \u2502                                                   \u2502 HASH_GROUP_BY \u2502\n\u2502    \u2500\u2500\u2500\u2500\u2500\u2500\u2500\u2500   \u2502                                                                                                                                        \u2502    \u2500\u2500\u2500\u2500\u2500\u2500\u2500\u2500   \u2502                                                   \u2502    \u2500\u2500\u2500\u2500\u2500\u2500\u2500\u2500   \u2502\n\u2502   Join Type:  \u2502                                                                                                                                        \u2502   Join Type:  \u2502                                                   \u2502    Groups:    \u2502\n\u2502   RIGHT_SEMI  \u2502                                                                                                                                        \u2502      ANTI     \u2502                                                   \u2502       #0      \u2502\n\u2502               \u2502                                                                                                                                        \u2502               \u2502                                                   \u2502               \u2502\n\u2502  Conditions:  \u2502                                                                                                                                        \u2502  Conditions:  \u2502                                                   \u2502               \u2502\n\u2502ws_warehouse_sk\u2502                                                                                                                                        \u2502ws_order_number\u2502                                                   \u2502               \u2502\n\u2502 IS NOT DISTINC\u2502                                                                                                                                        \u2502 IS NOT DISTINC\u2502                                                   \u2502               \u2502\n\u2502T FROM ws_wareh\u2502                                                                                                                                        \u2502T FROM ws_order\u2502                                                   \u2502               \u2502\n\u2502    ouse_sk    \u2502                                                                                                                                        \u2502    _number    \u2502                                                   \u2502               \u2502\n\u2502ws_order_number\u251c\u2500\u2500\u2500\u2500\u2500\u2500\u2500\u2500\u2500\u2500\u2500\u2500\u2500\u2500\u2500\u2500\u2500\u2500\u2500\u2500\u2500\u2500\u2500\u2500\u2500\u2500\u2500\u2500\u2500\u2500\u2500\u2500\u2500\u2500\u2500\u2500\u2500\u2500\u2500\u2500\u2500\u2500\u2500\u2500\u2500\u2500\u2500\u2500\u2500\u2500\u2500\u2500\u2500\u2500\u2500\u2500\u2500\u2500\u2500\u2500\u2500\u2500\u2500\u2500\u2500\u2500\u2500\u2500\u2500\u2500\u2500\u2500\u2500\u2500\u2500\u2500\u252c\u2500\u2500\u2500\u2500\u2500\u2500\u2500\u2500\u2500\u2500\u2500\u2500\u2500\u2500\u2500\u2500\u2500\u2500\u2500\u2500\u2500\u2500\u2500\u2500\u2500\u2500\u2500\u2500\u2500\u2500\u2500\u2500\u2500\u2500\u2500\u2500\u2500\u2500\u2500\u2500\u2500\u2500\u2500\u2500\u2500\u2500\u2500\u2500\u2500\u2500\u2510        \u2502               \u251c\u2500\u2500\u2500\u2500\u2500\u2500\u2500\u2500\u2510                                          \u2502               \u2502\n\u2502 IS NOT DISTINC\u2502                                                                            \u2502                                                  \u2502        \u2502               \u2502        \u2502                                          \u2502               \u2502\n\u2502T FROM ws_order\u2502                                                                            \u2502                                                  \u2502        \u2502               \u2502        \u2502                                          \u2502               \u2502\n\u2502    _number    \u2502                                                                            \u2502                                                  \u2502        \u2502               \u2502        \u2502                                          \u2502               \u2502\n\u2502               \u2502                                                                            \u2502                                                  \u2502        \u2502               \u2502        \u2502                                          \u2502               \u2502\n\u2502  Delim Index: \u2502                                                                            \u2502                                                  \u2502        \u2502               \u2502        \u2502                                          \u2502               \u2502\n\u2502       1       \u2502                                                                            \u2502                                                  \u2502        \u2502               \u2502        \u2502                                          \u2502               \u2502\n\u2502               \u2502                                                                            \u2502                                                  \u2502        \u2502               \u2502        \u2502                                          \u2502               \u2502\n\u2502     0 rows    \u2502                                                                            \u2502                                                  \u2502        \u2502    231 rows   \u2502        \u2502                                          \u2502    259 rows   \u2502\n\u2502    (0.00s)    \u2502                                                                            \u2502                                                  \u2502        \u2502    (0.00s)    \u2502        \u2502                                          \u2502    (0.00s)    \u2502\n\u2514\u2500\u2500\u2500\u2500\u2500\u2500\u2500\u252c\u2500\u2500\u2500\u2500\u2500\u2500\u2500\u2518                                                                            \u2502                                                  \u2502        \u2514\u2500\u2500\u2500\u2500\u2500\u2500\u2500\u252c\u2500\u2500\u2500\u2500\u2500\u2500\u2500\u2518        \u2502                                          \u2514\u2500\u2500\u2500\u2500\u2500\u2500\u2500\u2500\u2500\u2500\u2500\u2500\u2500\u2500\u2500\u2518\n\u250c\u2500\u2500\u2500\u2500\u2500\u2500\u2500\u2534\u2500\u2500\u2500\u2500\u2500\u2500\u2500\u2510                                                                    \u250c\u2500\u2500\u2500\u2500\u2500\u2500\u2500\u2534\u2500\u2500\u2500\u2500\u2500\u2500\u2500\u2510                                  \u250c\u2500\u2500\u2500\u2500\u2500\u2500\u2500\u2534\u2500\u2500\u2500\u2500\u2500\u2500\u2500\u2510\u250c\u2500\u2500\u2500\u2500\u2500\u2500\u2500\u2534\u2500\u2500\u2500\u2500\u2500\u2500\u2500\u2510\u250c\u2500\u2500\u2500\u2500\u2500\u2500\u2500\u2534\u2500\u2500\u2500\u2500\u2500\u2500\u2500\u2510\n\u2502   HASH_JOIN   \u2502                                                                    \u2502   HASH_JOIN   \u2502                                  \u2502 HASH_GROUP_BY \u2502\u2502COLUMN_DAT...  \u2502\u2502   PROJECTION  \u2502\n\u2502    \u2500\u2500\u2500\u2500\u2500\u2500\u2500\u2500   \u2502                                                                    \u2502    \u2500\u2500\u2500\u2500\u2500\u2500\u2500\u2500   \u2502                                  \u2502    \u2500\u2500\u2500\u2500\u2500\u2500\u2500\u2500   \u2502\u2502               \u2502\u2502    \u2500\u2500\u2500\u2500\u2500\u2500\u2500\u2500   \u2502\n\u2502   Join Type:  \u2502                                                                    \u2502   Join Type:  \u2502                                  \u2502    Groups:    \u2502\u2502               \u2502\u2502ws_order_number\u2502\n\u2502     INNER     \u2502                                                                    \u2502   RIGHT_SEMI  \u2502                                  \u2502       #1      \u2502\u2502               \u2502\u2502               \u2502\n\u2502               \u2502                                                                    \u2502               \u2502                                  \u2502       #0      \u2502\u2502               \u2502\u2502               \u2502\n\u2502  Conditions:  \u2502                                                                    \u2502  Conditions:  \u2502                                  \u2502               \u2502\u2502               \u2502\u2502               \u2502\n\u2502ws_ship_addr_sk\u2502                                                                    \u2502ws_warehouse_sk\u2502                                  \u2502               \u2502\u2502               \u2502\u2502               \u2502\n\u2502 = ca_address_s\u2502                                                                    \u2502 IS NOT DISTINC\u2502                                  \u2502               \u2502\u2502               \u2502\u2502               \u2502\n\u2502       k       \u251c\u2500\u2500\u2500\u2500\u2500\u2500\u2500\u2500\u2500\u2500\u2500\u2500\u2500\u2500\u2500\u2500\u2500\u2500\u2500\u2500\u2500\u2500\u2500\u2500\u2500\u2500\u2500\u2500\u2500\u2500\u2500\u2500\u2500\u2500\u2500\u2500\u2500\u2500\u2500\u2500\u2500\u2500\u2510                         \u2502T FROM ws_wareh\u251c\u2500\u2500\u2500\u2500\u2500\u2500\u2500\u2500\u2500\u2500\u2500\u2500\u2500\u2500\u2500\u2500\u2500\u2500\u2500\u2500\u2500\u2500\u2500\u2500\u2500\u2510        \u2502               \u2502\u2502               \u2502\u2502               \u2502\n\u2502               \u2502                                          \u2502                         \u2502    ouse_sk    \u2502                         \u2502        \u2502               \u2502\u2502               \u2502\u2502               \u2502\n\u2502               \u2502                                          \u2502                         \u2502ws_order_number\u2502                         \u2502        \u2502               \u2502\u2502               \u2502\u2502               \u2502\n\u2502               \u2502                                          \u2502                         \u2502 IS NOT DISTINC\u2502                         \u2502        \u2502               \u2502\u2502               \u2502\u2502               \u2502\n\u2502               \u2502                                          \u2502                         \u2502T FROM ws_order\u2502                         \u2502        \u2502               \u2502\u2502               \u2502\u2502               \u2502\n\u2502               \u2502                                          \u2502                         \u2502    _number    \u2502                         \u2502        \u2502               \u2502\u2502               \u2502\u2502               \u2502\n\u2502               \u2502                                          \u2502                         \u2502               \u2502                         \u2502        \u2502               \u2502\u2502               \u2502\u2502               \u2502\n\u2502    262 rows   \u2502                                          \u2502                         \u2502    262 rows   \u2502                         \u2502        \u2502    261 rows   \u2502\u2502    262 rows   \u2502\u2502    34 rows    \u2502\n\u2502    (0.00s)    \u2502                                          \u2502                         \u2502    (0.00s)    \u2502                         \u2502        \u2502    (0.00s)    \u2502\u2502    (0.00s)    \u2502\u2502    (0.00s)    \u2502\n\u2514\u2500\u2500\u2500\u2500\u2500\u2500\u2500\u252c\u2500\u2500\u2500\u2500\u2500\u2500\u2500\u2518                                          \u2502                         \u2514\u2500\u2500\u2500\u2500\u2500\u2500\u2500\u252c\u2500\u2500\u2500\u2500\u2500\u2500\u2500\u2518                         \u2502        \u2514\u2500\u2500\u2500\u2500\u2500\u2500\u2500\u2500\u2500\u2500\u2500\u2500\u2500\u2500\u2500\u2518\u2514\u2500\u2500\u2500\u2500\u2500\u2500\u2500\u2500\u2500\u2500\u2500\u2500\u2500\u2500\u2500\u2518\u2514\u2500\u2500\u2500\u2500\u2500\u2500\u2500\u252c\u2500\u2500\u2500\u2500\u2500\u2500\u2500\u2518\n\u250c\u2500\u2500\u2500\u2500\u2500\u2500\u2500\u2534\u2500\u2500\u2500\u2500\u2500\u2500\u2500\u2510                                  \u250c\u2500\u2500\u2500\u2500\u2500\u2500\u2500\u2534\u2500\u2500\u2500\u2500\u2500\u2500\u2500\u2510                 \u250c\u2500\u2500\u2500\u2500\u2500\u2500\u2500\u2534\u2500\u2500\u2500\u2500\u2500\u2500\u2500\u2510                 \u250c\u2500\u2500\u2500\u2500\u2500\u2500\u2500\u2534\u2500\u2500\u2500\u2500\u2500\u2500\u2500\u2510                                  \u250c\u2500\u2500\u2500\u2500\u2500\u2500\u2500\u2534\u2500\u2500\u2500\u2500\u2500\u2500\u2500\u2510\n\u2502   HASH_JOIN   \u2502                                  \u2502   PROJECTION  \u2502                 \u2502   PROJECTION  \u2502                 \u2502   DUMMY_SCAN  \u2502                                  \u2502   HASH_JOIN   \u2502\n\u2502    \u2500\u2500\u2500\u2500\u2500\u2500\u2500\u2500   \u2502                                  \u2502    \u2500\u2500\u2500\u2500\u2500\u2500\u2500\u2500   \u2502                 \u2502    \u2500\u2500\u2500\u2500\u2500\u2500\u2500\u2500   \u2502                 \u2502    \u2500\u2500\u2500\u2500\u2500\u2500\u2500\u2500   \u2502                                  \u2502    \u2500\u2500\u2500\u2500\u2500\u2500\u2500\u2500   \u2502\n\u2502   Join Type:  \u2502                                  \u2502       #0      \u2502                 \u2502ws_warehouse_sk\u2502                 \u2502               \u2502                                  \u2502   Join Type:  \u2502\n\u2502     INNER     \u2502                                  \u2502               \u2502                 \u2502ws_order_number\u2502                 \u2502               \u2502                                  \u2502     INNER     \u2502\n\u2502               \u2502                                  \u2502               \u2502                 \u2502               \u2502                 \u2502               \u2502                                  \u2502               \u2502\n\u2502  Conditions:  \u2502                                  \u2502               \u2502                 \u2502               \u2502                 \u2502               \u2502                                  \u2502  Conditions:  \u2502\n\u2502ws_ship_date_sk\u251c\u2500\u2500\u2500\u2500\u2500\u2500\u2500\u2500\u2500\u2500\u2500\u2500\u2500\u2500\u2500\u2500\u2500\u2500\u2500\u2500\u2500\u2500\u2500\u2500\u2500\u2510        \u2502               \u2502                 \u2502               \u2502                 \u2502               \u2502                                  \u2502wr_order_number\u251c\u2500\u2500\u2500\u2500\u2500\u2500\u2500\u2500\u2500\u2500\u2500\u2500\u2500\u2500\u2500\u2500\u2500\u2500\u2500\u2500\u2500\u2500\u2500\u2500\u2500\u2510\n\u2502   = d_date_sk \u2502                         \u2502        \u2502               \u2502                 \u2502               \u2502                 \u2502               \u2502                                  \u2502 = ws_order_num\u2502                         \u2502\n\u2502               \u2502                         \u2502        \u2502               \u2502                 \u2502               \u2502                 \u2502               \u2502                                  \u2502      ber      \u2502                         \u2502\n\u2502               \u2502                         \u2502        \u2502               \u2502                 \u2502               \u2502                 \u2502               \u2502                                  \u2502               \u2502                         \u2502\n\u2502   1,365 rows  \u2502                         \u2502        \u2502  47,943 rows  \u2502                 \u2502   2,667 rows  \u2502                 \u2502     0 rows    \u2502                                  \u2502    34 rows    \u2502                         \u2502\n\u2502    (0.00s)    \u2502                         \u2502        \u2502    (0.00s)    \u2502                 \u2502    (0.00s)    \u2502                 \u2502    (0.00s)    \u2502                                  \u2502    (0.00s)    \u2502                         \u2502\n\u2514\u2500\u2500\u2500\u2500\u2500\u2500\u2500\u252c\u2500\u2500\u2500\u2500\u2500\u2500\u2500\u2518                         \u2502        \u2514\u2500\u2500\u2500\u2500\u2500\u2500\u2500\u252c\u2500\u2500\u2500\u2500\u2500\u2500\u2500\u2518                 \u2514\u2500\u2500\u2500\u2500\u2500\u2500\u2500\u252c\u2500\u2500\u2500\u2500\u2500\u2500\u2500\u2518                 \u2514\u2500\u2500\u2500\u2500\u2500\u2500\u2500\u2500\u2500\u2500\u2500\u2500\u2500\u2500\u2500\u2518                                  \u2514\u2500\u2500\u2500\u2500\u2500\u2500\u2500\u252c\u2500\u2500\u2500\u2500\u2500\u2500\u2500\u2518                         \u2502\n\u250c\u2500\u2500\u2500\u2500\u2500\u2500\u2500\u2534\u2500\u2500\u2500\u2500\u2500\u2500\u2500\u2510                 \u250c\u2500\u2500\u2500\u2500\u2500\u2500\u2500\u2534\u2500\u2500\u2500\u2500\u2500\u2500\u2500\u2510\u250c\u2500\u2500\u2500\u2500\u2500\u2500\u2500\u2534\u2500\u2500\u2500\u2500\u2500\u2500\u2500\u2510                 \u250c\u2500\u2500\u2500\u2500\u2500\u2500\u2500\u2534\u2500\u2500\u2500\u2500\u2500\u2500\u2500\u2510                                                                    \u250c\u2500\u2500\u2500\u2500\u2500\u2500\u2500\u2534\u2500\u2500\u2500\u2500\u2500\u2500\u2500\u2510                 \u250c\u2500\u2500\u2500\u2500\u2500\u2500\u2500\u2534\u2500\u2500\u2500\u2500\u2500\u2500\u2500\u2510\n\u2502   HASH_JOIN   \u2502                 \u2502     FILTER    \u2502\u2502     FILTER    \u2502                 \u2502   HASH_JOIN   \u2502                                                                    \u2502   PROJECTION  \u2502                 \u2502   DELIM_SCAN  \u2502\n\u2502    \u2500\u2500\u2500\u2500\u2500\u2500\u2500\u2500   \u2502                 \u2502    \u2500\u2500\u2500\u2500\u2500\u2500\u2500\u2500   \u2502\u2502    \u2500\u2500\u2500\u2500\u2500\u2500\u2500\u2500   \u2502                 \u2502    \u2500\u2500\u2500\u2500\u2500\u2500\u2500\u2500   \u2502                                                                    \u2502    \u2500\u2500\u2500\u2500\u2500\u2500\u2500\u2500   \u2502                 \u2502    \u2500\u2500\u2500\u2500\u2500\u2500\u2500\u2500   \u2502\n\u2502   Join Type:  \u2502                 \u2502   (d_date_sk  \u2502\u2502    IN (...)   \u2502                 \u2502   Join Type:  \u2502                                                                    \u2502       #0      \u2502                 \u2502  Delim Index: \u2502\n\u2502     INNER     \u2502                 \u2502     BETWEEN   \u2502\u2502               \u2502                 \u2502     INNER     \u2502                                                                    \u2502               \u2502                 \u2502       2       \u2502\n\u2502               \u2502                 \u2502   2450817 AND \u2502\u2502               \u2502                 \u2502               \u2502                                                                    \u2502               \u2502                 \u2502               \u2502\n\u2502  Conditions:  \u2502                 \u2502    2452762)   \u2502\u2502               \u2502                 \u2502  Conditions:  \u2502                                                                    \u2502               \u2502                 \u2502               \u2502\n\u2502 ws_web_site_sk\u2502                 \u2502               \u2502\u2502               \u2502                 \u2502ws_order_number\u2502                                                                    \u2502               \u2502                 \u2502               \u2502\n\u2502  = web_site_sk\u251c\u2500\u2500\u2500\u2500\u2500\u2500\u2500\u2500\u2510        \u2502               \u2502\u2502               \u2502                 \u2502 = ws_order_num\u251c\u2500\u2500\u2500\u2500\u2500\u2500\u2500\u2500\u2510                                                           \u2502               \u2502                 \u2502               \u2502\n\u2502               \u2502        \u2502        \u2502               \u2502\u2502               \u2502                 \u2502      ber      \u2502        \u2502                                                           \u2502               \u2502                 \u2502               \u2502\n\u2502               \u2502        \u2502        \u2502               \u2502\u2502               \u2502                 \u2502ws_warehouse_sk\u2502        \u2502                                                           \u2502               \u2502                 \u2502               \u2502\n\u2502               \u2502        \u2502        \u2502               \u2502\u2502               \u2502                 \u2502 != ws_warehous\u2502        \u2502                                                           \u2502               \u2502                 \u2502               \u2502\n\u2502               \u2502        \u2502        \u2502               \u2502\u2502               \u2502                 \u2502      e_sk     \u2502        \u2502                                                           \u2502               \u2502                 \u2502               \u2502\n\u2502               \u2502        \u2502        \u2502               \u2502\u2502               \u2502                 \u2502               \u2502        \u2502                                                           \u2502               \u2502                 \u2502               \u2502\n\u2502   1,365 rows  \u2502        \u2502        \u2502    61 rows    \u2502\u2502  47,943 rows  \u2502                 \u2502   2,667 rows  \u2502        \u2502                                                           \u2502  75,337 rows  \u2502                 \u2502     0 rows    \u2502\n\u2502    (0.01s)    \u2502        \u2502        \u2502    (0.00s)    \u2502\u2502    (0.00s)    \u2502                 \u2502    (0.02s)    \u2502        \u2502                                                           \u2502    (0.00s)    \u2502                 \u2502    (0.00s)    \u2502\n\u2514\u2500\u2500\u2500\u2500\u2500\u2500\u2500\u252c\u2500\u2500\u2500\u2500\u2500\u2500\u2500\u2518        \u2502        \u2514\u2500\u2500\u2500\u2500\u2500\u2500\u2500\u252c\u2500\u2500\u2500\u2500\u2500\u2500\u2500\u2518\u2514\u2500\u2500\u2500\u2500\u2500\u2500\u2500\u252c\u2500\u2500\u2500\u2500\u2500\u2500\u2500\u2518                 \u2514\u2500\u2500\u2500\u2500\u2500\u2500\u2500\u252c\u2500\u2500\u2500\u2500\u2500\u2500\u2500\u2518        \u2502                                                           \u2514\u2500\u2500\u2500\u2500\u2500\u2500\u2500\u252c\u2500\u2500\u2500\u2500\u2500\u2500\u2500\u2518                 \u2514\u2500\u2500\u2500\u2500\u2500\u2500\u2500\u2500\u2500\u2500\u2500\u2500\u2500\u2500\u2500\u2518\n\u250c\u2500\u2500\u2500\u2500\u2500\u2500\u2500\u2534\u2500\u2500\u2500\u2500\u2500\u2500\u2500\u2510\u250c\u2500\u2500\u2500\u2500\u2500\u2500\u2500\u2534\u2500\u2500\u2500\u2500\u2500\u2500\u2500\u2510\u250c\u2500\u2500\u2500\u2500\u2500\u2500\u2500\u2534\u2500\u2500\u2500\u2500\u2500\u2500\u2500\u2510\u250c\u2500\u2500\u2500\u2500\u2500\u2500\u2500\u2534\u2500\u2500\u2500\u2500\u2500\u2500\u2500\u2510                 \u250c\u2500\u2500\u2500\u2500\u2500\u2500\u2500\u2534\u2500\u2500\u2500\u2500\u2500\u2500\u2500\u2510\u250c\u2500\u2500\u2500\u2500\u2500\u2500\u2500\u2534\u2500\u2500\u2500\u2500\u2500\u2500\u2500\u2510                                                   \u250c\u2500\u2500\u2500\u2500\u2500\u2500\u2500\u2534\u2500\u2500\u2500\u2500\u2500\u2500\u2500\u2510\n\u2502   TABLE_SCAN  \u2502\u2502   TABLE_SCAN  \u2502\u2502   TABLE_SCAN  \u2502\u2502   HASH_JOIN   \u2502                 \u2502   TABLE_SCAN  \u2502\u2502   DELIM_SCAN  \u2502                                                   \u2502     FILTER    \u2502\n\u2502    \u2500\u2500\u2500\u2500\u2500\u2500\u2500\u2500   \u2502\u2502    \u2500\u2500\u2500\u2500\u2500\u2500\u2500\u2500   \u2502\u2502    \u2500\u2500\u2500\u2500\u2500\u2500\u2500\u2500   \u2502\u2502    \u2500\u2500\u2500\u2500\u2500\u2500\u2500\u2500   \u2502                 \u2502    \u2500\u2500\u2500\u2500\u2500\u2500\u2500\u2500   \u2502\u2502    \u2500\u2500\u2500\u2500\u2500\u2500\u2500\u2500   \u2502                                                   \u2502    \u2500\u2500\u2500\u2500\u2500\u2500\u2500\u2500   \u2502\n\u2502     Table:    \u2502\u2502     Table:    \u2502\u2502     Table:    \u2502\u2502   Join Type:  \u2502                 \u2502     Table:    \u2502\u2502  Delim Index: \u2502                                                   \u2502    IN (...)   \u2502\n\u2502   web_sales   \u2502\u2502    web_site   \u2502\u2502    date_dim   \u2502\u2502      MARK     \u2502                 \u2502   web_sales   \u2502\u2502       1       \u2502                                                   \u2502               \u2502\n\u2502               \u2502\u2502               \u2502\u2502               \u2502\u2502               \u2502                 \u2502               \u2502\u2502               \u2502                                                   \u2502               \u2502\n\u2502     Type:     \u2502\u2502     Type:     \u2502\u2502     Type:     \u2502\u2502  Conditions:  \u2502                 \u2502     Type:     \u2502\u2502               \u2502                                                   \u2502               \u2502\n\u2502Sequential Scan\u2502\u2502Sequential Scan\u2502\u2502Sequential Scan\u2502\u2502 ca_state = #0 \u2502                 \u2502Sequential Scan\u2502\u2502               \u2502                                                   \u2502               \u2502\n\u2502               \u2502\u2502               \u2502\u2502               \u2502\u2502               \u2502                 \u2502               \u2502\u2502               \u2502                                                   \u2502               \u2502\n\u2502  Projections: \u2502\u2502  Projections: \u2502\u2502  Projections: \u2502\u2502               \u2502                 \u2502  Projections: \u2502\u2502               \u2502                                                   \u2502               \u2502\n\u2502ws_ship_date_sk\u2502\u2502  web_site_sk  \u2502\u2502   d_date_sk   \u2502\u2502               \u2502                 \u2502ws_order_number\u2502\u2502               \u2502                                                   \u2502               \u2502\n\u2502ws_ship_addr_sk\u2502\u2502               \u2502\u2502               \u2502\u2502               \u2502                 \u2502ws_warehouse_sk\u2502\u2502               \u2502                                                   \u2502               \u2502\n\u2502 ws_web_site_sk\u2502\u2502    Filters:   \u2502\u2502    Filters:   \u2502\u2502               \u2502                 \u2502               \u2502\u2502               \u2502                                                   \u2502               \u2502\n\u2502ws_order_number\u2502\u2502 web_gmt_offset\u2502\u2502  (CAST(d_date \u2502\u2502               \u2502                 \u2502               \u2502\u2502               \u2502                                                   \u2502               \u2502\n\u2502ws_warehouse_sk\u2502\u2502    >=-5.00    \u2502\u2502  AS TIMESTAMP)\u2502\u2502               \u251c\u2500\u2500\u2500\u2500\u2500\u2500\u2500\u2500\u2510        \u2502               \u2502\u2502               \u2502                                                   \u2502               \u2502\n\u2502ws_ext_ship_cos\u2502\u2502               \u2502\u2502  BETWEEN '1999\u2502\u2502               \u2502        \u2502        \u2502               \u2502\u2502               \u2502                                                   \u2502               \u2502\n\u2502       t       \u2502\u2502               \u2502\u2502  -10-01 00:00 \u2502\u2502               \u2502        \u2502        \u2502               \u2502\u2502               \u2502                                                   \u2502               \u2502\n\u2502 ws_net_profit \u2502\u2502               \u2502\u2502:00'::TIMESTAMP\u2502\u2502               \u2502        \u2502        \u2502               \u2502\u2502               \u2502                                                   \u2502               \u2502\n\u2502               \u2502\u2502               \u2502\u2502  AND '1999-11 \u2502\u2502               \u2502        \u2502        \u2502               \u2502\u2502               \u2502                                                   \u2502               \u2502\n\u2502    Filters:   \u2502\u2502               \u2502\u2502 -30 00:00:00':\u2502\u2502               \u2502        \u2502        \u2502               \u2502\u2502               \u2502                                                   \u2502               \u2502\n\u2502 ws_list_price>\u2502\u2502               \u2502\u2502  :TIMESTAMP)  \u2502\u2502               \u2502        \u2502        \u2502               \u2502\u2502               \u2502                                                   \u2502               \u2502\n\u2502  =253.00 AND  \u2502\u2502               \u2502\u2502               \u2502\u2502               \u2502        \u2502        \u2502               \u2502\u2502               \u2502                                                   \u2502               \u2502\n\u2502  ws_list_price\u2502\u2502               \u2502\u2502               \u2502\u2502               \u2502        \u2502        \u2502               \u2502\u2502               \u2502                                                   \u2502               \u2502\n\u2502    <=282.00   \u2502\u2502               \u2502\u2502               \u2502\u2502               \u2502        \u2502        \u2502               \u2502\u2502               \u2502                                                   \u2502               \u2502\n\u2502               \u2502\u2502               \u2502\u2502               \u2502\u2502               \u2502        \u2502        \u2502               \u2502\u2502               \u2502                                                   \u2502               \u2502\n\u2502   4,356 rows  \u2502\u2502    12 rows    \u2502\u2502    61 rows    \u2502\u2502  250,000 rows \u2502        \u2502        \u2502 7,109,549 rows\u2502\u2502     0 rows    \u2502                                                   \u2502  75,337 rows  \u2502\n\u2502    (0.08s)    \u2502\u2502    (0.00s)    \u2502\u2502    (0.00s)    \u2502\u2502    (0.00s)    \u2502        \u2502        \u2502    (0.01s)    \u2502\u2502    (0.00s)    \u2502                                                   \u2502    (0.00s)    \u2502\n\u2514\u2500\u2500\u2500\u2500\u2500\u2500\u2500\u2500\u2500\u2500\u2500\u2500\u2500\u2500\u2500\u2518\u2514\u2500\u2500\u2500\u2500\u2500\u2500\u2500\u2500\u2500\u2500\u2500\u2500\u2500\u2500\u2500\u2518\u2514\u2500\u2500\u2500\u2500\u2500\u2500\u2500\u2500\u2500\u2500\u2500\u2500\u2500\u2500\u2500\u2518\u2514\u2500\u2500\u2500\u2500\u2500\u2500\u2500\u252c\u2500\u2500\u2500\u2500\u2500\u2500\u2500\u2518        \u2502        \u2514\u2500\u2500\u2500\u2500\u2500\u2500\u2500\u2500\u2500\u2500\u2500\u2500\u2500\u2500\u2500\u2518\u2514\u2500\u2500\u2500\u2500\u2500\u2500\u2500\u2500\u2500\u2500\u2500\u2500\u2500\u2500\u2500\u2518                                                   \u2514\u2500\u2500\u2500\u2500\u2500\u2500\u2500\u252c\u2500\u2500\u2500\u2500\u2500\u2500\u2500\u2518\n                                                   \u250c\u2500\u2500\u2500\u2500\u2500\u2500\u2500\u2534\u2500\u2500\u2500\u2500\u2500\u2500\u2500\u2510\u250c\u2500\u2500\u2500\u2500\u2500\u2500\u2500\u2534\u2500\u2500\u2500\u2500\u2500\u2500\u2500\u2510                                                                                     \u250c\u2500\u2500\u2500\u2500\u2500\u2500\u2500\u2534\u2500\u2500\u2500\u2500\u2500\u2500\u2500\u2510\n                                                   \u2502   TABLE_SCAN  \u2502\u2502COLUMN_DAT...  \u2502                                                                                     \u2502   HASH_JOIN   \u2502\n                                                   \u2502    \u2500\u2500\u2500\u2500\u2500\u2500\u2500\u2500   \u2502\u2502               \u2502                                                                                     \u2502    \u2500\u2500\u2500\u2500\u2500\u2500\u2500\u2500   \u2502\n                                                   \u2502     Table:    \u2502\u2502               \u2502                                                                                     \u2502   Join Type:  \u2502\n                                                   \u2502customer_addres\u2502\u2502               \u2502                                                                                     \u2502      MARK     \u2502\n                                                   \u2502       s       \u2502\u2502               \u2502                                                                                     \u2502               \u2502\n                                                   \u2502               \u2502\u2502               \u2502                                                                                     \u2502  Conditions:  \u2502\n                                                   \u2502     Type:     \u2502\u2502               \u2502                                                                                     \u2502 wr_reason_sk =\u2502\n                                                   \u2502Sequential Scan\u2502\u2502               \u2502                                                                                     \u2502       #0      \u2502\n                                                   \u2502               \u2502\u2502               \u2502                                                                                     \u2502               \u2502\n                                                   \u2502  Projections: \u2502\u2502               \u2502                                                                                     \u2502               \u2502\n                                                   \u2502 ca_address_sk \u2502\u2502               \u2502                                                                                     \u2502               \u2502\n                                                   \u2502    ca_state   \u2502\u2502               \u2502                                                                                     \u2502               \u251c\u2500\u2500\u2500\u2500\u2500\u2500\u2500\u2500\u2510\n                                                   \u2502               \u2502\u2502               \u2502                                                                                     \u2502               \u2502        \u2502\n                                                   \u2502    Filters:   \u2502\u2502               \u2502                                                                                     \u2502               \u2502        \u2502\n                                                   \u2502   optional:   \u2502\u2502               \u2502                                                                                     \u2502               \u2502        \u2502\n                                                   \u2502  ca_state IN (\u2502\u2502               \u2502                                                                                     \u2502               \u2502        \u2502\n                                                   \u2502  'MO', 'MT',  \u2502\u2502               \u2502                                                                                     \u2502               \u2502        \u2502\n                                                   \u2502  'OK', 'SC',  \u2502\u2502               \u2502                                                                                     \u2502               \u2502        \u2502\n                                                   \u2502  'TX', 'WI')  \u2502\u2502               \u2502                                                                                     \u2502               \u2502        \u2502\n                                                   \u2502               \u2502\u2502               \u2502                                                                                     \u2502               \u2502        \u2502\n                                                   \u2502  250,000 rows \u2502\u2502     6 rows    \u2502                                                                                     \u2502  710,574 rows \u2502        \u2502\n                                                   \u2502    (0.00s)    \u2502\u2502    (0.00s)    \u2502                                                                                     \u2502    (0.00s)    \u2502        \u2502\n                                                   \u2514\u2500\u2500\u2500\u2500\u2500\u2500\u2500\u2500\u2500\u2500\u2500\u2500\u2500\u2500\u2500\u2518\u2514\u2500\u2500\u2500\u2500\u2500\u2500\u2500\u2500\u2500\u2500\u2500\u2500\u2500\u2500\u2500\u2518                                                                                     \u2514\u2500\u2500\u2500\u2500\u2500\u2500\u2500\u252c\u2500\u2500\u2500\u2500\u2500\u2500\u2500\u2518        \u2502\n                                                                                                                                                                          \u250c\u2500\u2500\u2500\u2500\u2500\u2500\u2500\u2534\u2500\u2500\u2500\u2500\u2500\u2500\u2500\u2510\u250c\u2500\u2500\u2500\u2500\u2500\u2500\u2500\u2534\u2500\u2500\u2500\u2500\u2500\u2500\u2500\u2510\n                                                                                                                                                                          \u2502   TABLE_SCAN  \u2502\u2502COLUMN_DAT...  \u2502\n                                                                                                                                                                          \u2502    \u2500\u2500\u2500\u2500\u2500\u2500\u2500\u2500   \u2502\u2502               \u2502\n                                                                                                                                                                          \u2502     Table:    \u2502\u2502               \u2502\n                                                                                                                                                                          \u2502  web_returns  \u2502\u2502               \u2502\n                                                                                                                                                                          \u2502               \u2502\u2502               \u2502\n                                                                                                                                                                          \u2502     Type:     \u2502\u2502               \u2502\n                                                                                                                                                                          \u2502Sequential Scan\u2502\u2502               \u2502\n                                                                                                                                                                          \u2502               \u2502\u2502               \u2502\n                                                                                                                                                                          \u2502  Projections: \u2502\u2502               \u2502\n                                                                                                                                                                          \u2502wr_order_number\u2502\u2502               \u2502\n                                                                                                                                                                          \u2502  wr_reason_sk \u2502\u2502               \u2502\n                                                                                                                                                                          \u2502               \u2502\u2502               \u2502\n                                                                                                                                                                          \u2502    Filters:   \u2502\u2502               \u2502\n                                                                                                                                                                          \u2502   optional:   \u2502\u2502               \u2502\n                                                                                                                                                                          \u2502  wr_reason_sk \u2502\u2502               \u2502\n                                                                                                                                                                          \u2502  IN (8, 18, 20\u2502\u2502               \u2502\n                                                                                                                                                                          \u2502   , 23, 41)   \u2502\u2502               \u2502\n                                                                                                                                                                          \u2502               \u2502\u2502               \u2502\n                                                                                                                                                                          \u2502  710,574 rows \u2502\u2502     5 rows    \u2502\n                                                                                                                                                                          \u2502    (0.00s)    \u2502\u2502    (0.00s)    \u2502\n                                                                                                                                                                          \u2514\u2500\u2500\u2500\u2500\u2500\u2500\u2500\u2500\u2500\u2500\u2500\u2500\u2500\u2500\u2500\u2518\u2514\u2500\u2500\u2500\u2500\u2500\u2500\u2500\u2500\u2500\u2500\u2500\u2500\u2500\u2500\u2500\u2518\n",
  "plan_json": {
    "total_bytes_written": 0,
    "total_bytes_read": 0,
    "rows_returned": 0,
    "latency": 0.0,
    "result_set_size": 0,
    "query_name": "",
    "blocked_thread_time": 0.0,
    "system_peak_buffer_memory": 0,
    "system_peak_temp_dir_size": 0,
    "cpu_time": 0.0,
    "extra_info": {},
    "cumulative_cardinality": 0,
    "cumulative_rows_scanned": 0,
    "children": [
      {
        "total_bytes_written": 0,
        "total_bytes_read": 0,
        "result_set_size": 0,
        "operator_name": "EXPLAIN_ANALYZE",
        "cpu_time": 0.0,
        "extra_info": {},
        "cumulative_cardinality": 0,
        "operator_type": "EXPLAIN_ANALYZE",
        "operator_cardinality": 0,
        "cumulative_rows_scanned": 0,
        "operator_rows_scanned": 0,
        "operator_timing": 2.66e-07,
        "children": [
          {
            "total_bytes_written": 0,
            "total_bytes_read": 0,
            "result_set_size": 40,
            "operator_name": "TOP_N",
            "cpu_time": 0.0,
            "extra_info": {
              "Top": "100",
              "Order By": "count(DISTINCT ws1.ws_order_number) ASC"
            },
            "cumulative_cardinality": 0,
            "operator_type": "TOP_N",
            "operator_cardinality": 1,
            "cumulative_rows_scanned": 0,
            "operator_rows_scanned": 0,
            "operator_timing": 8.508e-06,
            "children": [
              {
                "total_bytes_written": 0,
                "total_bytes_read": 0,
                "result_set_size": 40,
                "operator_name": "UNGROUPED_AGGREGATE",
                "cpu_time": 0.0,
                "extra_info": {
                  "Aggregates": [
                    "count(DISTINCT #0)",
                    "sum(#1)",
                    "sum(#2)"
                  ]
                },
                "cumulative_cardinality": 0,
                "operator_type": "UNGROUPED_AGGREGATE",
                "operator_cardinality": 1,
                "cumulative_rows_scanned": 0,
                "operator_rows_scanned": 0,
                "operator_timing": 7.209500000000001e-05,
                "children": [
                  {
                    "total_bytes_written": 0,
                    "total_bytes_read": 0,
                    "result_set_size": 2772,
                    "operator_name": "PROJECTION",
                    "cpu_time": 0.0,
                    "extra_info": {
                      "Projections": [
                        "ws_order_number",
                        "ws_ext_ship_cost",
                        "ws_net_profit"
                      ],
                      "Estimated Cardinality": "488"
                    },
                    "cumulative_cardinality": 0,
                    "operator_type": "PROJECTION",
                    "operator_cardinality": 231,
                    "cumulative_rows_scanned": 0,
                    "operator_rows_scanned": 0,
                    "operator_timing": 5.8e-07,
                    "children": [
                      {
                        "total_bytes_written": 0,
                        "total_bytes_read": 0,
                        "result_set_size": 0,
                        "operator_name": "LEFT_DELIM_JOIN",
                        "cpu_time": 0.0,
                        "extra_info": {
                          "Join Type": "ANTI",
                          "Conditions": "ws_order_number IS NOT DISTINCT FROM ws_order_number",
                          "Estimated Cardinality": "488",
                          "Delim Index": "2"
                        },
                        "cumulative_cardinality": 0,
                        "operator_type": "LEFT_DELIM_JOIN",
                        "operator_cardinality": 0,
                        "cumulative_rows_scanned": 0,
                        "operator_rows_scanned": 0,
                        "operator_timing": 7.497400000000002e-05,
                        "children": [
                          {
                            "total_bytes_written": 0,
                            "total_bytes_read": 0,
                            "result_set_size": 0,
                            "operator_name": "RIGHT_DELIM_JOIN",
                            "cpu_time": 0.0,
                            "extra_info": {
                              "Join Type": "RIGHT_SEMI",
                              "Conditions": [
                                "ws_warehouse_sk IS NOT DISTINCT FROM ws_warehouse_sk",
                                "ws_order_number IS NOT DISTINCT FROM ws_order_number"
                              ],
                              "Estimated Cardinality": "2442",
                              "Delim Index": "1"
                            },
                            "cumulative_cardinality": 0,
                            "operator_type": "RIGHT_DELIM_JOIN",
                            "operator_cardinality": 0,
                            "cumulative_rows_scanned": 0,
                            "operator_rows_scanned": 0,
                            "operator_timing": 0.003742344,
                            "children": [
                              {
                                "total_bytes_written": 0,
                                "total_bytes_read": 0,
                                "result_set_size": 5240,
                                "operator_name": "HASH_JOIN",
                                "cpu_time": 0.0,
                                "extra_info": {
                                  "Join Type": "INNER",
                                  "Conditions": "ws_ship_addr_sk = ca_address_sk",
                                  "Estimated Cardinality": "12211"
                                },
                                "cumulative_cardinality": 0,
                                "operator_type": "HASH_JOIN",
                                "operator_cardinality": 262,
                                "cumulative_rows_scanned": 0,
                                "operator_rows_scanned": 0,
                                "operator_timing": 0.0008846669999999999,
                                "children": [
                                  {
                                    "total_bytes_written": 0,
                                    "total_bytes_read": 0,
                                    "result_set_size": 32760,
                                    "operator_name": "HASH_JOIN",
                                    "cpu_time": 0.0,
                                    "extra_info": {
                                      "Join Type": "INNER",
                                      "Conditions": "ws_ship_date_sk = d_date_sk",
                                      "Estimated Cardinality": "53560"
                                    },
                                    "cumulative_cardinality": 0,
                                    "operator_type": "HASH_JOIN",
                                    "operator_cardinality": 1365,
                                    "cumulative_rows_scanned": 0,
                                    "operator_rows_scanned": 0,
                                    "operator_timing": 0.0003390890000000001,
                                    "children": [
                                      {
                                        "total_bytes_written": 0,
                                        "total_bytes_read": 0,
                                        "result_set_size": 38220,
                                        "operator_name": "HASH_JOIN",
                                        "cpu_time": 0.0,
                                        "extra_info": {
                                          "Join Type": "INNER",
                                          "Conditions": "ws_web_site_sk = web_site_sk",
                                          "Estimated Cardinality": "267816"
                                        },
                                        "cumulative_cardinality": 0,
                                        "operator_type": "HASH_JOIN",
                                        "operator_cardinality": 1365,
                                        "cumulative_rows_scanned": 0,
                                        "operator_rows_scanned": 0,
                                        "operator_timing": 0.008781806000000001,
                                        "children": [
                                          {
                                            "total_bytes_written": 0,
                                            "total_bytes_read": 0,
                                            "result_set_size": 121968,
                                            "operator_name": "SEQ_SCAN ",
                                            "cpu_time": 0.0,
                                            "extra_info": {
                                              "Table": "web_sales",
                                              "Type": "Sequential Scan",
                                              "Projections": [
                                                "ws_ship_date_sk",
                                                "ws_ship_addr_sk",
                                                "ws_web_site_sk",
                                                "ws_order_number",
                                                "ws_warehouse_sk",
                                                "ws_ext_ship_cost",
                                                "ws_net_profit"
                                              ],
                                              "Filters": "ws_list_price>=253.00 AND ws_list_price<=282.00",
                                              "Estimated Cardinality": "1439513"
                                            },
                                            "cumulative_cardinality": 0,
                                            "operator_type": "TABLE_SCAN",
                                            "operator_cardinality": 4356,
                                            "cumulative_rows_scanned": 0,
                                            "operator_rows_scanned": 201531848,
                                            "operator_timing": 0.07023088,
                                            "children": []
                                          },
                                          {
                                            "total_bytes_written": 0,
                                            "total_bytes_read": 0,
                                            "result_set_size": 48,
                                            "operator_name": "SEQ_SCAN ",
                                            "cpu_time": 0.0,
                                            "extra_info": {
                                              "Table": "web_site",
                                              "Type": "Sequential Scan",
                                              "Projections": "web_site_sk",
                                              "Filters": "web_gmt_offset>=-5.00",
                                              "Estimated Cardinality": "8"
                                            },
                                            "cumulative_cardinality": 0,
                                            "operator_type": "TABLE_SCAN",
                                            "operator_cardinality": 12,
                                            "cumulative_rows_scanned": 0,
                                            "operator_rows_scanned": 42,
                                            "operator_timing": 1.0022e-05,
                                            "children": []
                                          }
                                        ]
                                      },
                                      {
                                        "total_bytes_written": 0,
                                        "total_bytes_read": 0,
                                        "result_set_size": 244,
                                        "operator_name": "FILTER",
                                        "cpu_time": 0.0,
                                        "extra_info": {
                                          "Expression": "(d_date_sk BETWEEN 2450817 AND 2452762)",
                                          "Estimated Cardinality": "14609"
                                        },
                                        "cumulative_cardinality": 0,
                                        "operator_type": "FILTER",
                                        "operator_cardinality": 61,
                                        "cumulative_rows_scanned": 0,
                                        "operator_rows_scanned": 0,
                                        "operator_timing": 7.976e-06,
                                        "children": [
                                          {
                                            "total_bytes_written": 0,
                                            "total_bytes_read": 0,
                                            "result_set_size": 244,
                                            "operator_name": "SEQ_SCAN ",
                                            "cpu_time": 0.0,
                                            "extra_info": {
                                              "Table": "date_dim",
                                              "Type": "Sequential Scan",
                                              "Projections": "d_date_sk",
                                              "Filters": "(CAST(d_date AS TIMESTAMP) BETWEEN '1999-10-01 00:00:00'::TIMESTAMP AND '1999-11-30 00:00:00'::TIMESTAMP)",
                                              "Estimated Cardinality": "14609"
                                            },
                                            "cumulative_cardinality": 0,
                                            "operator_type": "TABLE_SCAN",
                                            "operator_cardinality": 61,
                                            "cumulative_rows_scanned": 0,
                                            "operator_rows_scanned": 73049,
                                            "operator_timing": 0.00036004,
                                            "children": []
                                          }
                                        ]
                                      }
                                    ]
                                  },
                                  {
                                    "total_bytes_written": 0,
                                    "total_bytes_read": 0,
                                    "result_set_size": 191772,
                                    "operator_name": "PROJECTION",
                                    "cpu_time": 0.0,
                                    "extra_info": {
                                      "Projections": "#0",
                                      "Estimated Cardinality": "50000"
                                    },
                                    "cumulative_cardinality": 0,
                                    "operator_type": "PROJECTION",
                                    "operator_cardinality": 47943,
                                    "cumulative_rows_scanned": 0,
                                    "operator_rows_scanned": 0,
                                    "operator_timing": 8.065e-06,
                                    "children": [
                                      {
                                        "total_bytes_written": 0,
                                        "total_bytes_read": 0,
                                        "result_set_size": 239715,
                                        "operator_name": "FILTER",
                                        "cpu_time": 0.0,
                                        "extra_info": {
                                          "Expression": "IN (...)",
                                          "Estimated Cardinality": "50000"
                                        },
                                        "cumulative_cardinality": 0,
                                        "operator_type": "FILTER",
                                        "operator_cardinality": 47943,
                                        "cumulative_rows_scanned": 0,
                                        "operator_rows_scanned": 0,
                                        "operator_timing": 0.0005410059999999997,
                                        "children": [
                                          {
                                            "total_bytes_written": 0,
                                            "total_bytes_read": 0,
                                            "result_set_size": 1250000,
                                            "operator_name": "HASH_JOIN",
                                            "cpu_time": 0.0,
                                            "extra_info": {
                                              "Join Type": "MARK",
                                              "Conditions": "ca_state = #0",
                                              "Estimated Cardinality": "250000"
                                            },
                                            "cumulative_cardinality": 0,
                                            "operator_type": "HASH_JOIN",
                                            "operator_cardinality": 250000,
                                            "cumulative_rows_scanned": 0,
                                            "operator_rows_scanned": 0,
                                            "operator_timing": 0.003151228999999999,
                                            "children": [
                                              {
                                                "total_bytes_written": 0,
                                                "total_bytes_read": 0,
                                                "result_set_size": 5000000,
                                                "operator_name": "SEQ_SCAN ",
                                                "cpu_time": 0.0,
                                                "extra_info": {
                                                  "Table": "customer_address",
                                                  "Type": "Sequential Scan",
                                                  "Projections": [
                                                    "ca_address_sk",
                                                    "ca_state"
                                                  ],
                                                  "Filters": "optional: ca_state IN ('MO', 'MT', 'OK', 'SC', 'TX', 'WI')",
                                                  "Estimated Cardinality": "250000"
                                                },
                                                "cumulative_cardinality": 0,
                                                "operator_type": "TABLE_SCAN",
                                                "operator_cardinality": 250000,
                                                "cumulative_rows_scanned": 0,
                                                "operator_rows_scanned": 750000,
                                                "operator_timing": 0.0009222049999999997,
                                                "children": []
                                              },
                                              {
                                                "total_bytes_written": 0,
                                                "total_bytes_read": 0,
                                                "result_set_size": 96,
                                                "operator_name": "COLUMN_DATA_SCAN",
                                                "cpu_time": 0.0,
                                                "extra_info": {
                                                  "Estimated Cardinality": "0"
                                                },
                                                "cumulative_cardinality": 0,
                                                "operator_type": "COLUMN_DATA_SCAN",
                                                "operator_cardinality": 6,
                                                "cumulative_rows_scanned": 0,
                                                "operator_rows_scanned": 0,
                                                "operator_timing": 2.531e-06,
                                                "children": []
                                              }
                                            ]
                                          }
                                        ]
                                      }
                                    ]
                                  }
                                ]
                              },
                              {
                                "total_bytes_written": 0,
                                "total_bytes_read": 0,
                                "result_set_size": 3144,
                                "operator_name": "HASH_JOIN",
                                "cpu_time": 0.0,
                                "extra_info": {
                                  "Join Type": "RIGHT_SEMI",
                                  "Conditions": [
                                    "ws_warehouse_sk IS NOT DISTINCT FROM ws_warehouse_sk",
                                    "ws_order_number IS NOT DISTINCT FROM ws_order_number"
                                  ],
                                  "Estimated Cardinality": "2442"
                                },
                                "cumulative_cardinality": 0,
                                "operator_type": "HASH_JOIN",
                                "operator_cardinality": 262,
                                "cumulative_rows_scanned": 0,
                                "operator_rows_scanned": 0,
                                "operator_timing": 0.000728221,
                                "children": [
                                  {
                                    "total_bytes_written": 0,
                                    "total_bytes_read": 0,
                                    "result_set_size": 21336,
                                    "operator_name": "PROJECTION",
                                    "cpu_time": 0.0,
                                    "extra_info": {
                                      "Projections": [
                                        "ws_warehouse_sk",
                                        "ws_order_number"
                                      ],
                                      "Estimated Cardinality": "240597"
                                    },
                                    "cumulative_cardinality": 0,
                                    "operator_type": "PROJECTION",
                                    "operator_cardinality": 2667,
                                    "cumulative_rows_scanned": 0,
                                    "operator_rows_scanned": 0,
                                    "operator_timing": 1.1153999999999999e-05,
                                    "children": [
                                      {
                                        "total_bytes_written": 0,
                                        "total_bytes_read": 0,
                                        "result_set_size": 21336,
                                        "operator_name": "HASH_JOIN",
                                        "cpu_time": 0.0,
                                        "extra_info": {
                                          "Join Type": "INNER",
                                          "Conditions": [
                                            "ws_order_number = ws_order_number",
                                            "ws_warehouse_sk != ws_warehouse_sk"
                                          ],
                                          "Estimated Cardinality": "240597"
                                        },
                                        "cumulative_cardinality": 0,
                                        "operator_type": "HASH_JOIN",
                                        "operator_cardinality": 2667,
                                        "cumulative_rows_scanned": 0,
                                        "operator_rows_scanned": 0,
                                        "operator_timing": 0.021427838,
                                        "children": [
                                          {
                                            "total_bytes_written": 0,
                                            "total_bytes_read": 0,
                                            "result_set_size": 56876392,
                                            "operator_name": "SEQ_SCAN ",
                                            "cpu_time": 0.0,
                                            "extra_info": {
                                              "Table": "web_sales",
                                              "Type": "Sequential Scan",
                                              "Projections": [
                                                "ws_order_number",
                                                "ws_warehouse_sk"
                                              ],
                                              "Estimated Cardinality": "7197566"
                                            },
                                            "cumulative_cardinality": 0,
                                            "operator_type": "TABLE_SCAN",
                                            "operator_cardinality": 7109549,
                                            "cumulative_rows_scanned": 0,
                                            "operator_rows_scanned": 201531848,
                                            "operator_timing": 0.011910644999999997,
                                            "children": []
                                          },
                                          {
                                            "total_bytes_written": 0,
                                            "total_bytes_read": 0,
                                            "result_set_size": 0,
                                            "operator_name": "DELIM_SCAN",
                                            "cpu_time": 0.0,
                                            "extra_info": {
                                              "Delim Index": "1",
                                              "Estimated Cardinality": "12171"
                                            },
                                            "cumulative_cardinality": 0,
                                            "operator_type": "DELIM_SCAN",
                                            "operator_cardinality": 0,
                                            "cumulative_rows_scanned": 0,
                                            "operator_rows_scanned": 0,
                                            "operator_timing": 0.0,
                                            "children": []
                                          }
                                        ]
                                      }
                                    ]
                                  },
                                  {
                                    "total_bytes_written": 0,
                                    "total_bytes_read": 0,
                                    "result_set_size": 0,
                                    "operator_name": "DUMMY_SCAN",
                                    "cpu_time": 0.0,
                                    "extra_info": {},
                                    "cumulative_cardinality": 0,
                                    "operator_type": "DUMMY_SCAN",
                                    "operator_cardinality": 0,
                                    "cumulative_rows_scanned": 0,
                                    "operator_rows_scanned": 0,
                                    "operator_timing": 0.0,
                                    "children": []
                                  }
                                ]
                              },
                              {
                                "total_bytes_written": 0,
                                "total_bytes_read": 0,
                                "result_set_size": 2088,
                                "operator_name": "HASH_GROUP_BY",
                                "cpu_time": 0.0,
                                "extra_info": {
                                  "Groups": [
                                    "#1",
                                    "#0"
                                  ],
                                  "Aggregates": "",
                                  "Estimated Cardinality": "12171"
                                },
                                "cumulative_cardinality": 0,
                                "operator_type": "HASH_GROUP_BY",
                                "operator_cardinality": 261,
                                "cumulative_rows_scanned": 0,
                                "operator_rows_scanned": 0,
                                "operator_timing": 0.002842322,
                                "children": []
                              }
                            ]
                          },
                          {
                            "total_bytes_written": 0,
                            "total_bytes_read": 0,
                            "result_set_size": 2772,
                            "operator_name": "HASH_JOIN",
                            "cpu_time": 0.0,
                            "extra_info": {
                              "Join Type": "ANTI",
                              "Conditions": "ws_order_number IS NOT DISTINCT FROM ws_order_number",
                              "Estimated Cardinality": "488"
                            },
                            "cumulative_cardinality": 0,
                            "operator_type": "HASH_JOIN",
                            "operator_cardinality": 231,
                            "cumulative_rows_scanned": 0,
                            "operator_rows_scanned": 0,
                            "operator_timing": 0.00017149100000000002,
                            "children": [
                              {
                                "total_bytes_written": 0,
                                "total_bytes_read": 0,
                                "result_set_size": 3144,
                                "operator_name": "COLUMN_DATA_SCAN",
                                "cpu_time": 0.0,
                                "extra_info": {
                                  "Estimated Cardinality": "488"
                                },
                                "cumulative_cardinality": 0,
                                "operator_type": "COLUMN_DATA_SCAN",
                                "operator_cardinality": 262,
                                "cumulative_rows_scanned": 0,
                                "operator_rows_scanned": 0,
                                "operator_timing": 3.038e-06,
                                "children": []
                              },
                              {
                                "total_bytes_written": 0,
                                "total_bytes_read": 0,
                                "result_set_size": 136,
                                "operator_name": "PROJECTION",
                                "cpu_time": 0.0,
                                "extra_info": {
                                  "Projections": "ws_order_number",
                                  "Estimated Cardinality": "1705"
                                },
                                "cumulative_cardinality": 0,
                                "operator_type": "PROJECTION",
                                "operator_cardinality": 34,
                                "cumulative_rows_scanned": 0,
                                "operator_rows_scanned": 0,
                                "operator_timing": 5.37e-07,
                                "children": [
                                  {
                                    "total_bytes_written": 0,
                                    "total_bytes_read": 0,
                                    "result_set_size": 272,
                                    "operator_name": "HASH_JOIN",
                                    "cpu_time": 0.0,
                                    "extra_info": {
                                      "Join Type": "INNER",
                                      "Conditions": "wr_order_number = ws_order_number",
                                      "Estimated Cardinality": "1705"
                                    },
                                    "cumulative_cardinality": 0,
                                    "operator_type": "HASH_JOIN",
                                    "operator_cardinality": 34,
                                    "cumulative_rows_scanned": 0,
                                    "operator_rows_scanned": 0,
                                    "operator_timing": 0.00031471499999999997,
                                    "children": [
                                      {
                                        "total_bytes_written": 0,
                                        "total_bytes_read": 0,
                                        "result_set_size": 301348,
                                        "operator_name": "PROJECTION",
                                        "cpu_time": 0.0,
                                        "extra_info": {
                                          "Projections": "#0",
                                          "Estimated Cardinality": "143844"
                                        },
                                        "cumulative_cardinality": 0,
                                        "operator_type": "PROJECTION",
                                        "operator_cardinality": 75337,
                                        "cumulative_rows_scanned": 0,
                                        "operator_rows_scanned": 0,
                                        "operator_timing": 1.9855e-05,
                                        "children": [
                                          {
                                            "total_bytes_written": 0,
                                            "total_bytes_read": 0,
                                            "result_set_size": 376685,
                                            "operator_name": "FILTER",
                                            "cpu_time": 0.0,
                                            "extra_info": {
                                              "Expression": "IN (...)",
                                              "Estimated Cardinality": "143844"
                                            },
                                            "cumulative_cardinality": 0,
                                            "operator_type": "FILTER",
                                            "operator_cardinality": 75337,
                                            "cumulative_rows_scanned": 0,
                                            "operator_rows_scanned": 0,
                                            "operator_timing": 0.001243138,
                                            "children": [
                                              {
                                                "total_bytes_written": 0,
                                                "total_bytes_read": 0,
                                                "result_set_size": 3552870,
                                                "operator_name": "HASH_JOIN",
                                                "cpu_time": 0.0,
                                                "extra_info": {
                                                  "Join Type": "MARK",
                                                  "Conditions": "wr_reason_sk = #0",
                                                  "Estimated Cardinality": "719222"
                                                },
                                                "cumulative_cardinality": 0,
                                                "operator_type": "HASH_JOIN",
                                                "operator_cardinality": 710574,
                                                "cumulative_rows_scanned": 0,
                                                "operator_rows_scanned": 0,
                                                "operator_timing": 0.0030962620000000002,
                                                "children": [
                                                  {
                                                    "total_bytes_written": 0,
                                                    "total_bytes_read": 0,
                                                    "result_set_size": 5684592,
                                                    "operator_name": "SEQ_SCAN ",
                                                    "cpu_time": 0.0,
                                                    "extra_info": {
                                                      "Table": "web_returns",
                                                      "Type": "Sequential Scan",
                                                      "Projections": [
                                                        "wr_order_number",
                                                        "wr_reason_sk"
                                                      ],
                                                      "Filters": "optional: wr_reason_sk IN (8, 18, 20, 23, 41)",
                                                      "Estimated Cardinality": "719222"
                                                    },
                                                    "cumulative_cardinality": 0,
                                                    "operator_type": "TABLE_SCAN",
                                                    "operator_cardinality": 710574,
                                                    "cumulative_rows_scanned": 0,
                                                    "operator_rows_scanned": 4315332,
                                                    "operator_timing": 0.000889371,
                                                    "children": []
                                                  },
                                                  {
                                                    "total_bytes_written": 0,
                                                    "total_bytes_read": 0,
                                                    "result_set_size": 20,
                                                    "operator_name": "COLUMN_DATA_SCAN",
                                                    "cpu_time": 0.0,
                                                    "extra_info": {
                                                      "Estimated Cardinality": "0"
                                                    },
                                                    "cumulative_cardinality": 0,
                                                    "operator_type": "COLUMN_DATA_SCAN",
                                                    "operator_cardinality": 5,
                                                    "cumulative_rows_scanned": 0,
                                                    "operator_rows_scanned": 0,
                                                    "operator_timing": 2.3480000000000002e-06,
                                                    "children": []
                                                  }
                                                ]
                                              }
                                            ]
                                          }
                                        ]
                                      },
                                      {
                                        "total_bytes_written": 0,
                                        "total_bytes_read": 0,
                                        "result_set_size": 0,
                                        "operator_name": "DELIM_SCAN",
                                        "cpu_time": 0.0,
                                        "extra_info": {
                                          "Delim Index": "2",
                                          "Estimated Cardinality": "2425"
                                        },
                                        "cumulative_cardinality": 0,
                                        "operator_type": "DELIM_SCAN",
                                        "operator_cardinality": 0,
                                        "cumulative_rows_scanned": 0,
                                        "operator_rows_scanned": 0,
                                        "operator_timing": 0.0,
                                        "children": []
                                      }
                                    ]
                                  }
                                ]
                              }
                            ]
                          },
                          {
                            "total_bytes_written": 0,
                            "total_bytes_read": 0,
                            "result_set_size": 1036,
                            "operator_name": "HASH_GROUP_BY",
                            "cpu_time": 0.0,
                            "extra_info": {
                              "Groups": "#0",
                              "Aggregates": "",
                              "Estimated Cardinality": "2425"
                            },
                            "cumulative_cardinality": 0,
                            "operator_type": "HASH_GROUP_BY",
                            "operator_cardinality": 259,
                            "cumulative_rows_scanned": 0,
                            "operator_rows_scanned": 0,
                            "operator_timing": 0.000310651,
                            "children": []
                          }
                        ]
                      }
                    ]
                  }
                ]
              }
            ]
          }
        ]
      }
    ]
  },
  "actual_rows": 0
}