{
  "execution_time_ms": 83.1,
  "plan_text": "\u250c\u2500\u2500\u2500\u2500\u2500\u2500\u2500\u2500\u2500\u2500\u2500\u2500\u2500\u2500\u2500\u2500\u2500\u2500\u2500\u2500\u2500\u2500\u2500\u2500\u2500\u2500\u2500\u2500\u2500\u2500\u2500\u2500\u2500\u2500\u2500\u2500\u2500\u2510\n\u2502\u250c\u2500\u2500\u2500\u2500\u2500\u2500\u2500\u2500\u2500\u2500\u2500\u2500\u2500\u2500\u2500\u2500\u2500\u2500\u2500\u2500\u2500\u2500\u2500\u2500\u2500\u2500\u2500\u2500\u2500\u2500\u2500\u2500\u2500\u2500\u2500\u2510\u2502\n\u2502\u2502    Query Profiling Information    \u2502\u2502\n\u2502\u2514\u2500\u2500\u2500\u2500\u2500\u2500\u2500\u2500\u2500\u2500\u2500\u2500\u2500\u2500\u2500\u2500\u2500\u2500\u2500\u2500\u2500\u2500\u2500\u2500\u2500\u2500\u2500\u2500\u2500\u2500\u2500\u2500\u2500\u2500\u2500\u2518\u2502\n\u2514\u2500\u2500\u2500\u2500\u2500\u2500\u2500\u2500\u2500\u2500\u2500\u2500\u2500\u2500\u2500\u2500\u2500\u2500\u2500\u2500\u2500\u2500\u2500\u2500\u2500\u2500\u2500\u2500\u2500\u2500\u2500\u2500\u2500\u2500\u2500\u2500\u2500\u2518\nEXPLAIN ANALYZE with  cross_items as  (select i_item_sk ss_item_sk  from item,  (select iss.i_brand_id brand_id      ,iss.i_class_id class_id      ,iss.i_category_id category_id  from store_sales      ,item iss      ,date_dim d1  where ss_item_sk = iss.i_item_sk    and ss_sold_date_sk = d1.d_date_sk    and d1.d_year between 1999 AND 1999 + 2    and i_category IN ('Electronics', 'Shoes', 'Sports')    and i_manager_id BETWEEN 42 and 51    and ss_wholesale_cost BETWEEN 76 AND 96 intersect  select ics.i_brand_id      ,ics.i_class_id      ,ics.i_category_id  from catalog_sales      ,item ics      ,date_dim d2  where cs_item_sk = ics.i_item_sk    and cs_sold_date_sk = d2.d_date_sk    and d2.d_year between 1999 AND 1999 + 2    and i_category IN ('Electronics', 'Shoes', 'Sports')    and i_manager_id BETWEEN 42 and 51    and cs_wholesale_cost BETWEEN 76 AND 96 intersect  select iws.i_brand_id      ,iws.i_class_id      ,iws.i_category_id  from web_sales      ,item iws      ,date_dim d3  where ws_item_sk = iws.i_item_sk    and ws_sold_date_sk = d3.d_date_sk    and ws_wholesale_cost BETWEEN 76 AND 96    and d3.d_year between 1999 AND 1999 + 2) x  where i_brand_id = brand_id       and i_class_id = class_id       and i_category_id = category_id       and i_category IN ('Electronics', 'Shoes', 'Sports')       and i_manager_id BETWEEN 42 and 51 ),  avg_sales as (select avg(quantity*list_price) average_sales   from (select ss_quantity quantity              ,ss_list_price list_price        from store_sales            ,date_dim        where ss_sold_date_sk = d_date_sk          and d_year between 1999 and 1999 + 2          and ss_wholesale_cost BETWEEN 76 AND 96        union all        select cs_quantity quantity              ,cs_list_price list_price        from catalog_sales            ,date_dim        where cs_sold_date_sk = d_date_sk          and d_year between 1999 and 1999 + 2          and cs_wholesale_cost BETWEEN 76 AND 96        union all        select ws_quantity quantity              ,ws_list_price list_price        from web_sales            ,date_dim        where ws_sold_date_sk = d_date_sk         and ws_wholesale_cost BETWEEN 76 AND 96          and d_year between 1999 and 1999 + 2) x)   select  this_year.channel ty_channel                            ,this_year.i_brand_id ty_brand                            ,this_year.i_class_id ty_class                            ,this_year.i_category_id ty_category                            ,this_year.sales ty_sales                            ,this_year.number_sales ty_number_sales                            ,last_year.channel ly_channel                            ,last_year.i_brand_id ly_brand                            ,last_year.i_class_id ly_class                            ,last_year.i_category_id ly_category                            ,last_year.sales ly_sales                            ,last_year.number_sales ly_number_sales  from  (select 'store' channel, i_brand_id,i_class_id,i_category_id         ,sum(ss_quantity*ss_list_price) sales, count(*) number_sales  from store_sales      ,item      ,date_dim  where ss_item_sk in (select ss_item_sk from cross_items)    and ss_item_sk = i_item_sk    and ss_sold_date_sk = d_date_sk    and d_week_seq = (select d_week_seq                      from date_dim                      where d_year = 1999 + 1                        and d_moy = 12                        and d_dom = 12)    and i_category IN ('Electronics', 'Shoes', 'Sports')    and i_manager_id BETWEEN 42 and 51    and ss_wholesale_cost BETWEEN 76 AND 96  group by i_brand_id,i_class_id,i_category_id  having sum(ss_quantity*ss_list_price) > (select average_sales from avg_sales)) this_year,  (select 'store' channel, i_brand_id,i_class_id         ,i_category_id, sum(ss_quantity*ss_list_price) sales, count(*) number_sales  from store_sales      ,item      ,date_dim  where ss_item_sk in (select ss_item_sk from cross_items)    and ss_item_sk = i_item_sk    and ss_sold_date_sk = d_date_sk    and d_week_seq = (select d_week_seq                      from date_dim                      where d_year = 1999                        and d_moy = 12                        and d_dom = 12)    and i_category IN ('Electronics', 'Shoes', 'Sports')    and ss_wholesale_cost BETWEEN 76 AND 96    and i_manager_id BETWEEN 42 and 51 group by i_brand_id,i_class_id,i_category_id  having sum(ss_quantity*ss_list_price) > (select average_sales from avg_sales)) last_year  where this_year.i_brand_id= last_year.i_brand_id    and this_year.i_class_id = last_year.i_class_id    and this_year.i_category_id = last_year.i_category_id  order by this_year.channel, this_year.i_brand_id, this_year.i_class_id, this_year.i_category_id  limit 100\n\u250c\u2500\u2500\u2500\u2500\u2500\u2500\u2500\u2500\u2500\u2500\u2500\u2500\u2500\u2500\u2500\u2500\u2500\u2500\u2500\u2500\u2500\u2500\u2500\u2500\u2500\u2500\u2500\u2500\u2500\u2500\u2500\u2500\u2500\u2500\u2500\u2500\u2500\u2500\u2500\u2500\u2500\u2500\u2500\u2500\u2500\u2500\u2500\u2500\u2510\n\u2502\u250c\u2500\u2500\u2500\u2500\u2500\u2500\u2500\u2500\u2500\u2500\u2500\u2500\u2500\u2500\u2500\u2500\u2500\u2500\u2500\u2500\u2500\u2500\u2500\u2500\u2500\u2500\u2500\u2500\u2500\u2500\u2500\u2500\u2500\u2500\u2500\u2500\u2500\u2500\u2500\u2500\u2500\u2500\u2500\u2500\u2500\u2500\u2510\u2502\n\u2502\u2502              Total Time: 0.0762s             \u2502\u2502\n\u2502\u2514\u2500\u2500\u2500\u2500\u2500\u2500\u2500\u2500\u2500\u2500\u2500\u2500\u2500\u2500\u2500\u2500\u2500\u2500\u2500\u2500\u2500\u2500\u2500\u2500\u2500\u2500\u2500\u2500\u2500\u2500\u2500\u2500\u2500\u2500\u2500\u2500\u2500\u2500\u2500\u2500\u2500\u2500\u2500\u2500\u2500\u2500\u2518\u2502\n\u2514\u2500\u2500\u2500\u2500\u2500\u2500\u2500\u2500\u2500\u2500\u2500\u2500\u2500\u2500\u2500\u2500\u2500\u2500\u2500\u2500\u2500\u2500\u2500\u2500\u2500\u2500\u2500\u2500\u2500\u2500\u2500\u2500\u2500\u2500\u2500\u2500\u2500\u2500\u2500\u2500\u2500\u2500\u2500\u2500\u2500\u2500\u2500\u2500\u2518\n\u250c\u2500\u2500\u2500\u2500\u2500\u2500\u2500\u2500\u2500\u2500\u2500\u2500\u2500\u2510\n\u2502    QUERY    \u2502\n\u2514\u2500\u2500\u2500\u2500\u2500\u2500\u252c\u2500\u2500\u2500\u2500\u2500\u2500\u2518\n\u250c\u2500\u2500\u2500\u2500\u2500\u2500\u2534\u2500\u2500\u2500\u2500\u2500\u2500\u2510\n\u2502EXPLAIN_...  \u2502\n\u2502    \u2500\u2500\u2500\u2500\u2500\u2500   \u2502\n\u2502    0 rows   \u2502\n\u2502   (0.00s)   \u2502\n\u2514\u2500\u2500\u2500\u2500\u2500\u2500\u252c\u2500\u2500\u2500\u2500\u2500\u2500\u2518\n\u250c\u2500\u2500\u2500\u2500\u2500\u2500\u2534\u2500\u2500\u2500\u2500\u2500\u2500\u2510\n\u2502     CTE     \u2502\n\u2502    \u2500\u2500\u2500\u2500\u2500\u2500   \u2502\n\u2502  CTE Name:  \u2502\n\u2502 cross_items \u2502\n\u2502             \u2502\n\u2502 Table Index:\u251c\u2500\u2500\u2500\u2500\u2500\u2500\u2500\u2500\u2500\u2500\u2500\u2500\u2500\u2500\u2500\u2500\u2500\u2500\u2500\u2500\u2500\u2500\u2500\u2500\u2500\u2500\u2500\u2500\u2500\u2500\u2500\u2500\u2500\u2500\u2500\u2500\u2500\u2500\u2500\u2500\u2500\u2500\u2500\u2500\u2500\u2500\u2500\u2500\u2500\u2500\u2500\u2500\u2500\u2500\u2500\u2500\u2500\u2500\u2500\u2500\u2500\u2500\u2500\u2500\u2500\u2500\u2500\u2500\u2500\u2500\u2500\u2500\u2500\u2500\u2500\u2500\u2500\u2500\u2500\u2500\u2500\u2500\u2500\u2500\u2500\u2500\u2500\u2500\u2500\u2500\u2500\u2500\u2500\u2500\u2500\u2500\u2500\u2500\u2500\u2500\u2500\u2500\u2500\u2500\u2500\u2500\u2500\u2500\u2500\u2500\u2500\u2500\u2500\u2500\u2500\u2500\u2500\u2500\u2500\u2500\u2500\u2500\u2500\u2500\u2500\u2500\u2500\u2500\u2500\u2500\u2500\u2500\u2500\u2500\u2500\u2500\u2500\u2500\u2500\u2500\u2500\u2500\u2510\n\u2502      0      \u2502                                                                                                                                              \u2502\n\u2502             \u2502                                                                                                                                              \u2502\n\u2502    0 rows   \u2502                                                                                                                                              \u2502\n\u2502   (0.00s)   \u2502                                                                                                                                              \u2502\n\u2514\u2500\u2500\u2500\u2500\u2500\u2500\u252c\u2500\u2500\u2500\u2500\u2500\u2500\u2518                                                                                                                                              \u2502\n\u250c\u2500\u2500\u2500\u2500\u2500\u2500\u2534\u2500\u2500\u2500\u2500\u2500\u2500\u2510                                                                                                                                       \u250c\u2500\u2500\u2500\u2500\u2500\u2500\u2534\u2500\u2500\u2500\u2500\u2500\u2500\u2510\n\u2502  PROJECTION \u2502                                                                                                                                       \u2502     CTE     \u2502\n\u2502    \u2500\u2500\u2500\u2500\u2500\u2500   \u2502                                                                                                                                       \u2502    \u2500\u2500\u2500\u2500\u2500\u2500   \u2502\n\u2502  ss_item_sk \u2502                                                                                                                                       \u2502  CTE Name:  \u2502\n\u2502             \u2502                                                                                                                                       \u2502  avg_sales  \u2502\n\u2502             \u2502                                                                                                                                       \u2502             \u2502\n\u2502             \u2502                                                                                                                                       \u2502 Table Index:\u251c\u2500\u2500\u2500\u2500\u2500\u2500\u2500\u2500\u2500\u2500\u2500\u2500\u2500\u2500\u2500\u2500\u2500\u2500\u2500\u2500\u2500\u2500\u2500\u2500\u2500\u2500\u2500\u2500\u2500\u2500\u2500\u2500\u2500\u2500\u2500\u2500\u2500\u2500\u2500\u2500\u2500\u2500\u2500\u2500\u2500\u2500\u2500\u2500\u2500\u2500\u2500\u2500\u2500\u2500\u2500\u2500\u2500\u2500\u2500\u2500\u2500\u2500\u2500\u2500\u2500\u2500\u2500\u2500\u2500\u2500\u2500\u2500\u2500\u2500\u2500\n\u2502             \u2502                                                                                                                                       \u2502      37     \u2502                                                                           \n\u2502             \u2502                                                                                                                                       \u2502             \u2502                                                                           \n\u2502  2,445 rows \u2502                                                                                                                                       \u2502    0 rows   \u2502                                                                           \n\u2502   (0.00s)   \u2502                                                                                                                                       \u2502   (0.00s)   \u2502                                                                           \n\u2514\u2500\u2500\u2500\u2500\u2500\u2500\u252c\u2500\u2500\u2500\u2500\u2500\u2500\u2518                                                                                                                                       \u2514\u2500\u2500\u2500\u2500\u2500\u2500\u252c\u2500\u2500\u2500\u2500\u2500\u2500\u2518                                                                           \n\u250c\u2500\u2500\u2500\u2500\u2500\u2500\u2534\u2500\u2500\u2500\u2500\u2500\u2500\u2510                                                                                                                                       \u250c\u2500\u2500\u2500\u2500\u2500\u2500\u2534\u2500\u2500\u2500\u2500\u2500\u2500\u2510                                                                           \n\u2502  HASH_JOIN  \u2502                                                                                                                                       \u2502UNGROUPE...  \u2502                                                                           \n\u2502    \u2500\u2500\u2500\u2500\u2500\u2500   \u2502                                                                                                                                       \u2502    \u2500\u2500\u2500\u2500\u2500\u2500   \u2502                                                                           \n\u2502  Join Type: \u2502                                                                                                                                       \u2502 Aggregates: \u2502                                                                           \n\u2502    INNER    \u2502                                                                                                                                       \u2502   avg(#0)   \u2502                                                                           \n\u2502             \u2502                                                                                                                                       \u2502             \u2502                                                                           \n\u2502 Conditions: \u2502                                                                                                                                       \u2502             \u2502                                                                           \n\u2502  brand_id = \u2502                                                                                                                                       \u2502             \u2502                                                                           \n\u2502  i_brand_id \u2502                                                                                                                                       \u2502             \u2502                                                                           \n\u2502  class_id = \u2502                                                                                                                                       \u2502             \u2502                                                                           \n\u2502  i_class_id \u2502                                                                                                                                       \u2502             \u2502                                                                           \n\u2502 category_id \u251c\u2500\u2500\u2500\u2500\u2500\u2500\u2500\u2500\u2500\u2500\u2500\u2500\u2500\u2500\u2500\u2500\u2500\u2500\u2500\u2500\u2500\u2500\u2500\u2500\u2500\u2500\u2500\u2500\u2500\u2500\u2500\u2500\u2500\u2500\u2500\u2500\u2500\u2500\u2500\u2500\u2500\u2500\u2500\u2500\u2500\u2500\u2500\u2500\u2500\u2500\u2500\u2500\u2500\u2500\u2500\u2500\u2500\u2500\u2500\u2500\u2500\u2500\u2500\u2500\u2500\u2500\u2500\u2500\u2500\u2500\u2500\u2500\u2500\u2500\u2500\u2500\u2500\u2500\u2500\u2500\u2500\u2500\u2500\u2500\u2500\u2500\u2500\u2500\u2500\u2500\u2500\u2500\u2500\u2500\u2500\u2500\u2500\u2500\u2500\u2500\u2500\u2500\u2500\u2500\u2500\u2500\u2500\u2500\u2500\u2500\u2500\u2500\u2500\u2500\u2500\u2500\u2500\u2500\u2500\u2500\u2500\u2500\u2500\u2500\u2500\u2500\u2500\u2510       \u2502             \u2502                                                                           \n\u2502= i_category_\u2502                                                                                                                               \u2502       \u2502             \u2502                                                                           \n\u2502      id     \u2502                                                                                                                               \u2502       \u2502             \u2502                                                                           \n\u2502             \u2502                                                                                                                               \u2502       \u2502             \u2502                                                                           \n\u2502             \u2502                                                                                                                               \u2502       \u2502             \u2502                                                                           \n\u2502             \u2502                                                                                                                               \u2502       \u2502             \u2502                                                                           \n\u2502             \u2502                                                                                                                               \u2502       \u2502             \u2502                                                                           \n\u2502             \u2502                                                                                                                               \u2502       \u2502             \u2502                                                                           \n\u2502  2,445 rows \u2502                                                                                                                               \u2502       \u2502    1 row    \u2502                                                                           \n\u2502   (0.00s)   \u2502                                                                                                                               \u2502       \u2502   (0.02s)   \u2502                                                                           \n\u2514\u2500\u2500\u2500\u2500\u2500\u2500\u252c\u2500\u2500\u2500\u2500\u2500\u2500\u2518                                                                                                                               \u2502       \u2514\u2500\u2500\u2500\u2500\u2500\u2500\u252c\u2500\u2500\u2500\u2500\u2500\u2500\u2518                                                                           \n\u250c\u2500\u2500\u2500\u2500\u2500\u2500\u2534\u2500\u2500\u2500\u2500\u2500\u2500\u2510                                                                                                                        \u250c\u2500\u2500\u2500\u2500\u2500\u2500\u2534\u2500\u2500\u2500\u2500\u2500\u2500\u2510\u250c\u2500\u2500\u2500\u2500\u2500\u2500\u2534\u2500\u2500\u2500\u2500\u2500\u2500\u2510                                                                           \n\u2502HASH_GROUP_BY\u2502                                                                                                                        \u2502  PROJECTION \u2502\u2502  PROJECTION \u2502                                                                           \n\u2502    \u2500\u2500\u2500\u2500\u2500\u2500   \u2502                                                                                                                        \u2502    \u2500\u2500\u2500\u2500\u2500\u2500   \u2502\u2502    \u2500\u2500\u2500\u2500\u2500\u2500   \u2502                                                                           \n\u2502   Groups:   \u2502                                                                                                                        \u2502      #0     \u2502\u2502(CAST(quantit\u2502                                                                           \n\u2502      #0     \u2502                                                                                                                        \u2502      #1     \u2502\u2502 y AS DECIMAL\u2502                                                                           \n\u2502      #1     \u2502                                                                                                                        \u2502      #2     \u2502\u2502  (17,0)) *  \u2502                                                                           \n\u2502      #2     \u2502                                                                                                                        \u2502      #4     \u2502\u2502 CAST(list_pr\u2502                                                                           \n\u2502             \u2502                                                                                                                        \u2502             \u2502\u2502ice AS DECIMA\u2502                                                                           \n\u2502             \u2502                                                                                                                        \u2502             \u2502\u2502  L(17,2)))  \u2502                                                                           \n\u2502             \u2502                                                                                                                        \u2502             \u2502\u2502             \u2502                                                                           \n\u2502             \u2502                                                                                                                        \u2502             \u2502\u2502             \u2502                                                                           \n\u2502             \u2502                                                                                                                        \u2502             \u2502\u2502             \u2502                                                                           \n\u2502             \u2502                                                                                                                        \u2502             \u2502\u2502             \u2502                                                                           \n\u2502             \u2502                                                                                                                        \u2502             \u2502\u2502             \u2502                                                                           \n\u2502             \u2502                                                                                                                        \u2502             \u2502\u2502             \u2502                                                                           \n\u2502             \u2502                                                                                                                        \u2502             \u2502\u2502             \u2502                                                                           \n\u2502             \u2502                                                                                                                        \u2502             \u2502\u2502             \u2502                                                                           \n\u2502             \u2502                                                                                                                        \u2502             \u2502\u2502             \u2502                                                                           \n\u2502   945 rows  \u2502                                                                                                                        \u2502  2,720 rows \u2502\u25025,857,87...  \u2502                                                                           \n\u2502   (0.00s)   \u2502                                                                                                                        \u2502   (0.00s)   \u2502\u2502   (0.07s)   \u2502                                                                           \n\u2514\u2500\u2500\u2500\u2500\u2500\u2500\u252c\u2500\u2500\u2500\u2500\u2500\u2500\u2518                                                                                                                        \u2514\u2500\u2500\u2500\u2500\u2500\u2500\u252c\u2500\u2500\u2500\u2500\u2500\u2500\u2518\u2514\u2500\u2500\u2500\u2500\u2500\u2500\u252c\u2500\u2500\u2500\u2500\u2500\u2500\u2518                                                                           \n\u250c\u2500\u2500\u2500\u2500\u2500\u2500\u2534\u2500\u2500\u2500\u2500\u2500\u2500\u2510                                                                                                                        \u250c\u2500\u2500\u2500\u2500\u2500\u2500\u2534\u2500\u2500\u2500\u2500\u2500\u2500\u2510\u250c\u2500\u2500\u2500\u2500\u2500\u2500\u2534\u2500\u2500\u2500\u2500\u2500\u2500\u2510                                                                           \n\u2502  HASH_JOIN  \u2502                                                                                                                        \u2502    FILTER   \u2502\u2502    UNION    \u2502                                                                           \n\u2502    \u2500\u2500\u2500\u2500\u2500\u2500   \u2502                                                                                                                        \u2502    \u2500\u2500\u2500\u2500\u2500\u2500   \u2502\u2502    \u2500\u2500\u2500\u2500\u2500\u2500   \u2502                                                                           \n\u2502  Join Type: \u2502                                                                                                                        \u2502 ((i_category\u2502\u2502             \u2502                                                                           \n\u2502     SEMI    \u2502                                                                                                                        \u2502 = 'Electroni\u2502\u2502             \u2502                                                                           \n\u2502             \u2502                                                                                                                        \u2502   cs') OR   \u2502\u2502             \u2502                                                                           \n\u2502 Conditions: \u2502                                                                                                                        \u2502 (i_category \u2502\u2502             \u2502                                                                           \n\u2502  #0 IS NOT  \u2502                                                                                                                        \u2502  = 'Shoes') \u2502\u2502             \u2502                                                                           \n\u2502   DISTINCT  \u2502                                                                                                                        \u2502 OR (i_catego\u2502\u2502             \u2502                                                                           \n\u2502    FROM #0  \u2502                                                                                                                        \u2502 ry = 'Sports\u2502\u2502             \u2502                                                                           \n\u2502  #1 IS NOT  \u251c\u2500\u2500\u2500\u2500\u2500\u2500\u2500\u2500\u2500\u2500\u2500\u2500\u2500\u2500\u2500\u2500\u2500\u2500\u2500\u2500\u2500\u2500\u2500\u2500\u2500\u2500\u2500\u2500\u2500\u2500\u2500\u2500\u2500\u2500\u2500\u2500\u2500\u2500\u2500\u2500\u2500\u2500\u2500\u2500\u2500\u2500\u2500\u2500\u2500\u2500\u2500\u2500\u2500\u2500\u2500\u2500\u2500\u2500\u2500\u2500\u2500\u2500\u2500\u2500\u2500\u2500\u2500\u2500\u2500\u2500\u2500\u2500\u2500\u2500\u2500\u2500\u2500\u2500\u2500\u2500\u2500\u2500\u2510                                     \u2502     '))     \u2502\u2502             \u251c\u2500\u2500\u2500\u2500\u2500\u2500\u2500\u2500\u2500\u2500\u2500\u2500\u2500\u2500\u2500\u2500\u2500\u2500\u2500\u2500\u2500\u2500\u2500\u2500\u2500\u2500\u2500\u2500\u2500\u2500\u2500\u2500\u2500\u2500\u2500\u2500\u2500\u2500\u2500\u2500\u2500\u2500\u2500\u2500\u2500\u2500\u2500\u2500\u2500\u2500\u2500\u2500\u2510                      \n\u2502   DISTINCT  \u2502                                                                                  \u2502                                     \u2502             \u2502\u2502             \u2502                                                    \u2502                      \n\u2502    FROM #1  \u2502                                                                                  \u2502                                     \u2502             \u2502\u2502             \u2502                                                    \u2502                      \n\u2502  #2 IS NOT  \u2502                                                                                  \u2502                                     \u2502             \u2502\u2502             \u2502                                                    \u2502                      \n\u2502   DISTINCT  \u2502                                                                                  \u2502                                     \u2502             \u2502\u2502             \u2502                                                    \u2502                      \n\u2502    FROM #2  \u2502                                                                                  \u2502                                     \u2502             \u2502\u2502             \u2502                                                    \u2502                      \n\u2502             \u2502                                                                                  \u2502                                     \u2502             \u2502\u2502             \u2502                                                    \u2502                      \n\u2502   945 rows  \u2502                                                                                  \u2502                                     \u2502  2,720 rows \u2502\u2502    0 rows   \u2502                                                    \u2502                      \n\u2502   (0.06s)   \u2502                                                                                  \u2502                                     \u2502   (0.00s)   \u2502\u2502   (0.00s)   \u2502                                                    \u2502                      \n\u2514\u2500\u2500\u2500\u2500\u2500\u2500\u252c\u2500\u2500\u2500\u2500\u2500\u2500\u2518                                                                                  \u2502                                     \u2514\u2500\u2500\u2500\u2500\u2500\u2500\u252c\u2500\u2500\u2500\u2500\u2500\u2500\u2518\u2514\u2500\u2500\u2500\u2500\u2500\u2500\u252c\u2500\u2500\u2500\u2500\u2500\u2500\u2518                                                    \u2502                      \n\u250c\u2500\u2500\u2500\u2500\u2500\u2500\u2534\u2500\u2500\u2500\u2500\u2500\u2500\u2510                                                                           \u250c\u2500\u2500\u2500\u2500\u2500\u2500\u2534\u2500\u2500\u2500\u2500\u2500\u2500\u2510                              \u250c\u2500\u2500\u2500\u2500\u2500\u2500\u2534\u2500\u2500\u2500\u2500\u2500\u2500\u2510\u250c\u2500\u2500\u2500\u2500\u2500\u2500\u2534\u2500\u2500\u2500\u2500\u2500\u2500\u2510                                             \u250c\u2500\u2500\u2500\u2500\u2500\u2500\u2534\u2500\u2500\u2500\u2500\u2500\u2500\u2510               \n\u2502HASH_GROUP_BY\u2502                                                                           \u2502  PROJECTION \u2502                              \u2502  TABLE_SCAN \u2502\u2502    UNION    \u2502                                             \u2502  PROJECTION \u2502               \n\u2502    \u2500\u2500\u2500\u2500\u2500\u2500   \u2502                                                                           \u2502    \u2500\u2500\u2500\u2500\u2500\u2500   \u2502                              \u2502    \u2500\u2500\u2500\u2500\u2500\u2500   \u2502\u2502    \u2500\u2500\u2500\u2500\u2500\u2500   \u2502                                             \u2502    \u2500\u2500\u2500\u2500\u2500\u2500   \u2502               \n\u2502   Groups:   \u2502                                                                           \u2502  i_brand_id \u2502                              \u2502    Table:   \u2502\u2502             \u2502                                             \u2502   quantity  \u2502               \n\u2502      #0     \u2502                                                                           \u2502  i_class_id \u2502                              \u2502     item    \u2502\u2502             \u2502                                             \u2502  list_price \u2502               \n\u2502      #1     \u2502                                                                           \u2502i_category_id\u2502                              \u2502             \u2502\u2502             \u2502                                             \u2502             \u2502               \n\u2502      #2     \u2502                                                                           \u2502             \u2502                              \u2502    Type:    \u2502\u2502             \u2502                                             \u2502             \u2502               \n\u2502             \u2502                                                                           \u2502             \u2502                              \u2502  Sequential \u2502\u2502             \u2502                                             \u2502             \u2502               \n\u2502             \u2502                                                                           \u2502             \u2502                              \u2502     Scan    \u2502\u2502             \u2502                                             \u2502             \u2502               \n\u2502             \u2502                                                                           \u2502             \u2502                              \u2502             \u2502\u2502             \u2502                                             \u2502             \u2502               \n\u2502             \u2502                                                                           \u2502             \u2502                              \u2502 Projections:\u2502\u2502             \u2502                                             \u2502             \u2502               \n\u2502             \u2502                                                                           \u2502             \u2502                              \u2502  i_brand_id \u2502\u2502             \u2502                                             \u2502             \u2502               \n\u2502             \u2502                                                                           \u2502             \u2502                              \u2502  i_class_id \u2502\u2502             \u2502                                             \u2502             \u2502               \n\u2502             \u2502                                                                           \u2502             \u2502                              \u2502i_category_id\u2502\u2502             \u2502                                             \u2502             \u2502               \n\u2502             \u2502                                                                           \u2502             \u2502                              \u2502  i_category \u2502\u2502             \u2502                                             \u2502             \u2502               \n\u2502             \u2502                                                                           \u2502             \u2502                              \u2502  i_item_sk  \u2502\u2502             \u251c\u2500\u2500\u2500\u2500\u2500\u2500\u2500\u2500\u2500\u2500\u2500\u2500\u2500\u2500\u2500\u2500\u2500\u2500\u2500\u2500\u2500\u2500\u2510                      \u2502             \u2502               \n\u2502             \u2502                                                                           \u2502             \u2502                              \u2502             \u2502\u2502             \u2502                      \u2502                      \u2502             \u2502               \n\u2502             \u2502                                                                           \u2502             \u2502                              \u2502   Filters:  \u2502\u2502             \u2502                      \u2502                      \u2502             \u2502               \n\u2502             \u2502                                                                           \u2502             \u2502                              \u2502  optional:  \u2502\u2502             \u2502                      \u2502                      \u2502             \u2502               \n\u2502             \u2502                                                                           \u2502             \u2502                              \u2502  i_category \u2502\u2502             \u2502                      \u2502                      \u2502             \u2502               \n\u2502             \u2502                                                                           \u2502             \u2502                              \u2502 IN ('Electro\u2502\u2502             \u2502                      \u2502                      \u2502             \u2502               \n\u2502             \u2502                                                                           \u2502             \u2502                              \u2502nics', 'Shoes\u2502\u2502             \u2502                      \u2502                      \u2502             \u2502               \n\u2502             \u2502                                                                           \u2502             \u2502                              \u2502 ', 'Sports')\u2502\u2502             \u2502                      \u2502                      \u2502             \u2502               \n\u2502             \u2502                                                                           \u2502             \u2502                              \u2502 i_manager_id\u2502\u2502             \u2502                      \u2502                      \u2502             \u2502               \n\u2502             \u2502                                                                           \u2502             \u2502                              \u2502   >=42 AND  \u2502\u2502             \u2502                      \u2502                      \u2502             \u2502               \n\u2502             \u2502                                                                           \u2502             \u2502                              \u2502 i_manager_id\u2502\u2502             \u2502                      \u2502                      \u2502             \u2502               \n\u2502             \u2502                                                                           \u2502             \u2502                              \u2502     <=51    \u2502\u2502             \u2502                      \u2502                      \u2502             \u2502               \n\u2502             \u2502                                                                           \u2502             \u2502                              \u2502             \u2502\u2502             \u2502                      \u2502                      \u2502             \u2502               \n\u2502   945 rows  \u2502                                                                           \u2502 872,202 rows\u2502                              \u2502  9,273 rows \u2502\u2502    0 rows   \u2502                      \u2502                      \u2502 872,202 rows\u2502               \n\u2502   (0.02s)   \u2502                                                                           \u2502   (0.00s)   \u2502                              \u2502   (0.00s)   \u2502\u2502   (0.00s)   \u2502                      \u2502                      \u2502   (0.00s)   \u2502               \n\u2514\u2500\u2500\u2500\u2500\u2500\u2500\u252c\u2500\u2500\u2500\u2500\u2500\u2500\u2518                                                                           \u2514\u2500\u2500\u2500\u2500\u2500\u2500\u252c\u2500\u2500\u2500\u2500\u2500\u2500\u2518                              \u2514\u2500\u2500\u2500\u2500\u2500\u2500\u2500\u2500\u2500\u2500\u2500\u2500\u2500\u2518\u2514\u2500\u2500\u2500\u2500\u2500\u2500\u252c\u2500\u2500\u2500\u2500\u2500\u2500\u2518                      \u2502                      \u2514\u2500\u2500\u2500\u2500\u2500\u2500\u252c\u2500\u2500\u2500\u2500\u2500\u2500\u2518               \n\u250c\u2500\u2500\u2500\u2500\u2500\u2500\u2534\u2500\u2500\u2500\u2500\u2500\u2500\u2510                                                                           \u250c\u2500\u2500\u2500\u2500\u2500\u2500\u2534\u2500\u2500\u2500\u2500\u2500\u2500\u2510                                             \u250c\u2500\u2500\u2500\u2500\u2500\u2500\u2534\u2500\u2500\u2500\u2500\u2500\u2500\u2510               \u250c\u2500\u2500\u2500\u2500\u2500\u2500\u2534\u2500\u2500\u2500\u2500\u2500\u2500\u2510               \u250c\u2500\u2500\u2500\u2500\u2500\u2500\u2534\u2500\u2500\u2500\u2500\u2500\u2500\u2510               \n\u2502  HASH_JOIN  \u2502                                                                           \u2502  HASH_JOIN  \u2502                                             \u2502  PROJECTION \u2502               \u2502  PROJECTION \u2502               \u2502  HASH_JOIN  \u2502               \n\u2502    \u2500\u2500\u2500\u2500\u2500\u2500   \u2502                                                                           \u2502    \u2500\u2500\u2500\u2500\u2500\u2500   \u2502                                             \u2502    \u2500\u2500\u2500\u2500\u2500\u2500   \u2502               \u2502    \u2500\u2500\u2500\u2500\u2500\u2500   \u2502               \u2502    \u2500\u2500\u2500\u2500\u2500\u2500   \u2502               \n\u2502  Join Type: \u2502                                                                           \u2502  Join Type: \u2502                                             \u2502   quantity  \u2502               \u2502   quantity  \u2502               \u2502  Join Type: \u2502               \n\u2502     SEMI    \u2502                                                                           \u2502    INNER    \u2502                                             \u2502  list_price \u2502               \u2502  list_price \u2502               \u2502    INNER    \u2502               \n\u2502             \u2502                                                                           \u2502             \u2502                                             \u2502             \u2502               \u2502             \u2502               \u2502             \u2502               \n\u2502 Conditions: \u2502                                                                           \u2502 Conditions: \u2502                                             \u2502             \u2502               \u2502             \u2502               \u2502 Conditions: \u2502               \n\u2502  #0 IS NOT  \u2502                                                                           \u2502 ws_item_sk =\u2502                                             \u2502             \u2502               \u2502             \u2502               \u2502ws_sold_date_\u2502               \n\u2502   DISTINCT  \u2502                                                                           \u2502   i_item_sk \u2502                                             \u2502             \u2502               \u2502             \u2502               \u2502sk = d_date_s\u2502               \n\u2502    FROM #0  \u2502                                                                           \u2502             \u2502                                             \u2502             \u2502               \u2502             \u2502               \u2502      k      \u2502               \n\u2502  #1 IS NOT  \u251c\u2500\u2500\u2500\u2500\u2500\u2500\u2500\u2500\u2500\u2500\u2500\u2500\u2500\u2500\u2500\u2500\u2500\u2500\u2500\u2500\u2500\u2500\u2500\u2500\u2500\u2500\u2500\u2500\u2500\u2500\u2500\u2500\u2500\u2500\u2500\u2500\u2500\u2510                                     \u2502             \u251c\u2500\u2500\u2500\u2500\u2500\u2500\u2500\u2500\u2500\u2500\u2500\u2500\u2500\u2500\u2500\u2500\u2500\u2500\u2500\u2500\u2500\u2500\u2510                      \u2502             \u2502               \u2502             \u2502               \u2502             \u251c\u2500\u2500\u2500\u2500\u2500\u2500\u2500\u2510       \n\u2502   DISTINCT  \u2502                                     \u2502                                     \u2502             \u2502                      \u2502                      \u2502             \u2502               \u2502             \u2502               \u2502             \u2502       \u2502       \n\u2502    FROM #1  \u2502                                     \u2502                                     \u2502             \u2502                      \u2502                      \u2502             \u2502               \u2502             \u2502               \u2502             \u2502       \u2502       \n\u2502  #2 IS NOT  \u2502                                     \u2502                                     \u2502             \u2502                      \u2502                      \u2502             \u2502               \u2502             \u2502               \u2502             \u2502       \u2502       \n\u2502   DISTINCT  \u2502                                     \u2502                                     \u2502             \u2502                      \u2502                      \u2502             \u2502               \u2502             \u2502               \u2502             \u2502       \u2502       \n\u2502    FROM #2  \u2502                                     \u2502                                     \u2502             \u2502                      \u2502                      \u2502             \u2502               \u2502             \u2502               \u2502             \u2502       \u2502       \n\u2502             \u2502                                     \u2502                                     \u2502             \u2502                      \u2502                      \u2502             \u2502               \u2502             \u2502               \u2502             \u2502       \u2502       \n\u2502             \u2502                                     \u2502                                     \u2502             \u2502                      \u2502                      \u2502             \u2502               \u2502             \u2502               \u2502             \u2502       \u2502       \n\u2502 87,709 rows \u2502                                     \u2502                                     \u2502 872,202 rows\u2502                      \u2502                      \u25023,256,49...  \u2502               \u25021,729,17...  \u2502               \u2502 872,202 rows\u2502       \u2502       \n\u2502   (0.01s)   \u2502                                     \u2502                                     \u2502   (0.01s)   \u2502                      \u2502                      \u2502   (0.00s)   \u2502               \u2502   (0.00s)   \u2502               \u2502   (0.01s)   \u2502       \u2502       \n\u2514\u2500\u2500\u2500\u2500\u2500\u2500\u252c\u2500\u2500\u2500\u2500\u2500\u2500\u2518                                     \u2502                                     \u2514\u2500\u2500\u2500\u2500\u2500\u2500\u252c\u2500\u2500\u2500\u2500\u2500\u2500\u2518                      \u2502                      \u2514\u2500\u2500\u2500\u2500\u2500\u2500\u252c\u2500\u2500\u2500\u2500\u2500\u2500\u2518               \u2514\u2500\u2500\u2500\u2500\u2500\u2500\u252c\u2500\u2500\u2500\u2500\u2500\u2500\u2518               \u2514\u2500\u2500\u2500\u2500\u2500\u2500\u252c\u2500\u2500\u2500\u2500\u2500\u2500\u2518       \u2502       \n\u250c\u2500\u2500\u2500\u2500\u2500\u2500\u2534\u2500\u2500\u2500\u2500\u2500\u2500\u2510                              \u250c\u2500\u2500\u2500\u2500\u2500\u2500\u2534\u2500\u2500\u2500\u2500\u2500\u2500\u2510                              \u250c\u2500\u2500\u2500\u2500\u2500\u2500\u2534\u2500\u2500\u2500\u2500\u2500\u2500\u2510               \u250c\u2500\u2500\u2500\u2500\u2500\u2500\u2534\u2500\u2500\u2500\u2500\u2500\u2500\u2510               \u250c\u2500\u2500\u2500\u2500\u2500\u2500\u2534\u2500\u2500\u2500\u2500\u2500\u2500\u2510               \u250c\u2500\u2500\u2500\u2500\u2500\u2500\u2534\u2500\u2500\u2500\u2500\u2500\u2500\u2510               \u250c\u2500\u2500\u2500\u2500\u2500\u2500\u2534\u2500\u2500\u2500\u2500\u2500\u2500\u2510\u250c\u2500\u2500\u2500\u2500\u2500\u2500\u2534\u2500\u2500\u2500\u2500\u2500\u2500\u2510\n\u2502  PROJECTION \u2502                              \u2502  PROJECTION \u2502                              \u2502  HASH_JOIN  \u2502               \u2502  TABLE_SCAN \u2502               \u2502  HASH_JOIN  \u2502               \u2502  HASH_JOIN  \u2502               \u2502  TABLE_SCAN \u2502\u2502    FILTER   \u2502\n\u2502    \u2500\u2500\u2500\u2500\u2500\u2500   \u2502                              \u2502    \u2500\u2500\u2500\u2500\u2500\u2500   \u2502                              \u2502    \u2500\u2500\u2500\u2500\u2500\u2500   \u2502               \u2502    \u2500\u2500\u2500\u2500\u2500\u2500   \u2502               \u2502    \u2500\u2500\u2500\u2500\u2500\u2500   \u2502               \u2502    \u2500\u2500\u2500\u2500\u2500\u2500   \u2502               \u2502    \u2500\u2500\u2500\u2500\u2500\u2500   \u2502\u2502    \u2500\u2500\u2500\u2500\u2500\u2500   \u2502\n\u2502   brand_id  \u2502                              \u2502  i_brand_id \u2502                              \u2502  Join Type: \u2502               \u2502    Table:   \u2502               \u2502  Join Type: \u2502               \u2502  Join Type: \u2502               \u2502    Table:   \u2502\u2502  (d_date_sk \u2502\n\u2502   class_id  \u2502                              \u2502  i_class_id \u2502                              \u2502    INNER    \u2502               \u2502     item    \u2502               \u2502    INNER    \u2502               \u2502    INNER    \u2502               \u2502  web_sales  \u2502\u2502    BETWEEN  \u2502\n\u2502 category_id \u2502                              \u2502i_category_id\u2502                              \u2502             \u2502               \u2502             \u2502               \u2502             \u2502               \u2502             \u2502               \u2502             \u2502\u2502  2450816 AND\u2502\n\u2502             \u2502                              \u2502             \u2502                              \u2502 Conditions: \u2502               \u2502    Type:    \u2502               \u2502 Conditions: \u2502               \u2502 Conditions: \u2502               \u2502    Type:    \u2502\u2502   2452642)  \u2502\n\u2502             \u2502                              \u2502             \u2502                              \u2502ws_sold_date_\u2502               \u2502  Sequential \u2502               \u2502ss_sold_date_\u2502               \u2502cs_sold_date_\u2502               \u2502  Sequential \u2502\u2502             \u2502\n\u2502             \u2502                              \u2502             \u2502                              \u2502sk = d_date_s\u2502               \u2502     Scan    \u2502               \u2502sk = d_date_s\u2502               \u2502sk = d_date_s\u2502               \u2502     Scan    \u2502\u2502             \u2502\n\u2502             \u2502                              \u2502             \u2502                              \u2502      k      \u2502               \u2502             \u2502               \u2502      k      \u2502               \u2502      k      \u2502               \u2502             \u2502\u2502             \u2502\n\u2502             \u2502                              \u2502             \u2502                              \u2502             \u2502               \u2502 Projections:\u2502               \u2502             \u2502               \u2502             \u2502               \u2502 Projections:\u2502\u2502             \u2502\n\u2502             \u2502                              \u2502             \u2502                              \u2502             \u2502               \u2502  i_item_sk  \u2502               \u2502             \u2502               \u2502             \u2502               \u2502ws_sold_date_\u2502\u2502             \u2502\n\u2502             \u2502                              \u2502             \u2502                              \u2502             \u2502               \u2502  i_brand_id \u2502               \u2502             \u2502               \u2502             \u2502               \u2502      sk     \u2502\u2502             \u2502\n\u2502             \u2502                              \u2502             \u2502                              \u2502             \u2502               \u2502  i_class_id \u2502               \u2502             \u2502               \u2502             \u2502               \u2502 ws_quantity \u2502\u2502             \u2502\n\u2502             \u2502                              \u2502             \u2502                              \u2502             \u2502               \u2502i_category_id\u2502               \u2502             \u2502               \u2502             \u2502               \u2502ws_list_price\u2502\u2502             \u2502\n\u2502             \u2502                              \u2502             \u2502                              \u2502             \u2502               \u2502             \u2502               \u2502             \u2502               \u2502             \u2502               \u2502             \u2502\u2502             \u2502\n\u2502             \u2502                              \u2502             \u2502                              \u2502             \u251c\u2500\u2500\u2500\u2500\u2500\u2500\u2500\u2510       \u2502             \u2502               \u2502             \u251c\u2500\u2500\u2500\u2500\u2500\u2500\u2500\u2510       \u2502             \u251c\u2500\u2500\u2500\u2500\u2500\u2500\u2500\u2510       \u2502   Filters:  \u2502\u2502             \u2502\n\u2502             \u2502                              \u2502             \u2502                              \u2502             \u2502       \u2502       \u2502             \u2502               \u2502             \u2502       \u2502       \u2502             \u2502       \u2502       \u2502ws_wholesale_\u2502\u2502             \u2502\n\u2502             \u2502                              \u2502             \u2502                              \u2502             \u2502       \u2502       \u2502             \u2502               \u2502             \u2502       \u2502       \u2502             \u2502       \u2502       \u2502 cost>=76.00 \u2502\u2502             \u2502\n\u2502             \u2502                              \u2502             \u2502                              \u2502             \u2502       \u2502       \u2502             \u2502               \u2502             \u2502       \u2502       \u2502             \u2502       \u2502       \u2502 AND ws_whole\u2502\u2502             \u2502\n\u2502             \u2502                              \u2502             \u2502                              \u2502             \u2502       \u2502       \u2502             \u2502               \u2502             \u2502       \u2502       \u2502             \u2502       \u2502       \u2502  sale_cost< \u2502\u2502             \u2502\n\u2502             \u2502                              \u2502             \u2502                              \u2502             \u2502       \u2502       \u2502             \u2502               \u2502             \u2502       \u2502       \u2502             \u2502       \u2502       \u2502    =96.00   \u2502\u2502             \u2502\n\u2502             \u2502                              \u2502             \u2502                              \u2502             \u2502       \u2502       \u2502             \u2502               \u2502             \u2502       \u2502       \u2502             \u2502       \u2502       \u2502             \u2502\u2502             \u2502\n\u2502             \u2502                              \u2502             \u2502                              \u2502             \u2502       \u2502       \u2502             \u2502               \u2502             \u2502       \u2502       \u2502             \u2502       \u2502       \u2502             \u2502\u2502             \u2502\n\u2502             \u2502                              \u2502             \u2502                              \u2502             \u2502       \u2502       \u2502             \u2502               \u2502             \u2502       \u2502       \u2502             \u2502       \u2502       \u2502             \u2502\u2502             \u2502\n\u2502             \u2502                              \u2502             \u2502                              \u2502             \u2502       \u2502       \u2502             \u2502               \u2502             \u2502       \u2502       \u2502             \u2502       \u2502       \u2502             \u2502\u2502             \u2502\n\u2502             \u2502                              \u2502             \u2502                              \u2502             \u2502       \u2502       \u2502             \u2502               \u2502             \u2502       \u2502       \u2502             \u2502       \u2502       \u2502             \u2502\u2502             \u2502\n\u2502             \u2502                              \u2502             \u2502                              \u2502             \u2502       \u2502       \u2502             \u2502               \u2502             \u2502       \u2502       \u2502             \u2502       \u2502       \u2502             \u2502\u2502             \u2502\n\u2502             \u2502                              \u2502             \u2502                              \u2502             \u2502       \u2502       \u2502             \u2502               \u2502             \u2502       \u2502       \u2502             \u2502       \u2502       \u2502             \u2502\u2502             \u2502\n\u2502             \u2502                              \u2502             \u2502                              \u2502             \u2502       \u2502       \u2502             \u2502               \u2502             \u2502       \u2502       \u2502             \u2502       \u2502       \u2502             \u2502\u2502             \u2502\n\u2502 87,709 rows \u2502                              \u2502 46,411 rows \u2502                              \u2502 872,202 rows\u2502       \u2502       \u2502 102,000 rows\u2502               \u25023,256,49...  \u2502       \u2502       \u25021,729,17...  \u2502       \u2502       \u2502 872,202 rows\u2502\u2502  1,096 rows \u2502\n\u2502   (0.00s)   \u2502                              \u2502   (0.00s)   \u2502                              \u2502   (0.01s)   \u2502       \u2502       \u2502   (0.00s)   \u2502               \u2502   (0.03s)   \u2502       \u2502       \u2502   (0.01s)   \u2502       \u2502       \u2502   (0.05s)   \u2502\u2502   (0.00s)   \u2502\n\u2514\u2500\u2500\u2500\u2500\u2500\u2500\u252c\u2500\u2500\u2500\u2500\u2500\u2500\u2518                              \u2514\u2500\u2500\u2500\u2500\u2500\u2500\u252c\u2500\u2500\u2500\u2500\u2500\u2500\u2518                              \u2514\u2500\u2500\u2500\u2500\u2500\u2500\u252c\u2500\u2500\u2500\u2500\u2500\u2500\u2518       \u2502       \u2514\u2500\u2500\u2500\u2500\u2500\u2500\u2500\u2500\u2500\u2500\u2500\u2500\u2500\u2518               \u2514\u2500\u2500\u2500\u2500\u2500\u2500\u252c\u2500\u2500\u2500\u2500\u2500\u2500\u2518       \u2502       \u2514\u2500\u2500\u2500\u2500\u2500\u2500\u252c\u2500\u2500\u2500\u2500\u2500\u2500\u2518       \u2502       \u2514\u2500\u2500\u2500\u2500\u2500\u2500\u2500\u2500\u2500\u2500\u2500\u2500\u2500\u2518\u2514\u2500\u2500\u2500\u2500\u2500\u2500\u252c\u2500\u2500\u2500\u2500\u2500\u2500\u2518\n\u250c\u2500\u2500\u2500\u2500\u2500\u2500\u2534\u2500\u2500\u2500\u2500\u2500\u2500\u2510                              \u250c\u2500\u2500\u2500\u2500\u2500\u2500\u2534\u2500\u2500\u2500\u2500\u2500\u2500\u2510                              \u250c\u2500\u2500\u2500\u2500\u2500\u2500\u2534\u2500\u2500\u2500\u2500\u2500\u2500\u2510\u250c\u2500\u2500\u2500\u2500\u2500\u2500\u2534\u2500\u2500\u2500\u2500\u2500\u2500\u2510                              \u250c\u2500\u2500\u2500\u2500\u2500\u2500\u2534\u2500\u2500\u2500\u2500\u2500\u2500\u2510\u250c\u2500\u2500\u2500\u2500\u2500\u2500\u2534\u2500\u2500\u2500\u2500\u2500\u2500\u2510\u250c\u2500\u2500\u2500\u2500\u2500\u2500\u2534\u2500\u2500\u2500\u2500\u2500\u2500\u2510\u250c\u2500\u2500\u2500\u2500\u2500\u2500\u2534\u2500\u2500\u2500\u2500\u2500\u2500\u2510               \u250c\u2500\u2500\u2500\u2500\u2500\u2500\u2534\u2500\u2500\u2500\u2500\u2500\u2500\u2510\n\u2502  HASH_JOIN  \u2502                              \u2502  HASH_JOIN  \u2502                              \u2502  TABLE_SCAN \u2502\u2502    FILTER   \u2502                              \u2502  TABLE_SCAN \u2502\u2502    FILTER   \u2502\u2502  TABLE_SCAN \u2502\u2502    FILTER   \u2502               \u2502  TABLE_SCAN \u2502\n\u2502    \u2500\u2500\u2500\u2500\u2500\u2500   \u2502                              \u2502    \u2500\u2500\u2500\u2500\u2500\u2500   \u2502                              \u2502    \u2500\u2500\u2500\u2500\u2500\u2500   \u2502\u2502    \u2500\u2500\u2500\u2500\u2500\u2500   \u2502                              \u2502    \u2500\u2500\u2500\u2500\u2500\u2500   \u2502\u2502    \u2500\u2500\u2500\u2500\u2500\u2500   \u2502\u2502    \u2500\u2500\u2500\u2500\u2500\u2500   \u2502\u2502    \u2500\u2500\u2500\u2500\u2500\u2500   \u2502               \u2502    \u2500\u2500\u2500\u2500\u2500\u2500   \u2502\n\u2502  Join Type: \u2502                              \u2502  Join Type: \u2502                              \u2502    Table:   \u2502\u2502  (d_date_sk \u2502                              \u2502    Table:   \u2502\u2502  (d_date_sk \u2502\u2502    Table:   \u2502\u2502  (d_date_sk \u2502               \u2502    Table:   \u2502\n\u2502    INNER    \u2502                              \u2502    INNER    \u2502                              \u2502  web_sales  \u2502\u2502    BETWEEN  \u2502                              \u2502 store_sales \u2502\u2502    BETWEEN  \u2502\u2502catalog_sales\u2502\u2502    BETWEEN  \u2502               \u2502   date_dim  \u2502\n\u2502             \u2502                              \u2502             \u2502                              \u2502             \u2502\u2502  2450816 AND\u2502                              \u2502             \u2502\u2502  2450816 AND\u2502\u2502             \u2502\u2502  2450815 AND\u2502               \u2502             \u2502\n\u2502 Conditions: \u2502                              \u2502 Conditions: \u2502                              \u2502    Type:    \u2502\u2502   2452642)  \u2502                              \u2502    Type:    \u2502\u2502   2452642)  \u2502\u2502    Type:    \u2502\u2502   2452653)  \u2502               \u2502    Type:    \u2502\n\u2502ss_sold_date_\u2502                              \u2502cs_sold_date_\u2502                              \u2502  Sequential \u2502\u2502             \u2502                              \u2502  Sequential \u2502\u2502             \u2502\u2502  Sequential \u2502\u2502             \u2502               \u2502  Sequential \u2502\n\u2502sk = d_date_s\u2502                              \u2502sk = d_date_s\u2502                              \u2502     Scan    \u2502\u2502             \u2502                              \u2502     Scan    \u2502\u2502             \u2502\u2502     Scan    \u2502\u2502             \u2502               \u2502     Scan    \u2502\n\u2502      k      \u2502                              \u2502      k      \u2502                              \u2502             \u2502\u2502             \u2502                              \u2502             \u2502\u2502             \u2502\u2502             \u2502\u2502             \u2502               \u2502             \u2502\n\u2502             \u2502                              \u2502             \u2502                              \u2502 Projections:\u2502\u2502             \u2502                              \u2502 Projections:\u2502\u2502             \u2502\u2502 Projections:\u2502\u2502             \u2502               \u2502 Projections:\u2502\n\u2502             \u2502                              \u2502             \u2502                              \u2502  ws_item_sk \u2502\u2502             \u2502                              \u2502ss_sold_date_\u2502\u2502             \u2502\u2502cs_sold_date_\u2502\u2502             \u2502               \u2502  d_date_sk  \u2502\n\u2502             \u2502                              \u2502             \u2502                              \u2502ws_sold_date_\u2502\u2502             \u2502                              \u2502      sk     \u2502\u2502             \u2502\u2502      sk     \u2502\u2502             \u2502               \u2502             \u2502\n\u2502             \u251c\u2500\u2500\u2500\u2500\u2500\u2500\u2500\u2500\u2500\u2500\u2500\u2500\u2500\u2500\u2500\u2500\u2500\u2500\u2500\u2500\u2500\u2500\u2510       \u2502             \u251c\u2500\u2500\u2500\u2500\u2500\u2500\u2500\u2500\u2500\u2500\u2500\u2500\u2500\u2500\u2500\u2500\u2500\u2500\u2500\u2500\u2500\u2500\u2510       \u2502      sk     \u2502\u2502             \u2502                              \u2502 ss_quantity \u2502\u2502             \u2502\u2502 cs_quantity \u2502\u2502             \u2502               \u2502   Filters:  \u2502\n\u2502             \u2502                      \u2502       \u2502             \u2502                      \u2502       \u2502             \u2502\u2502             \u2502                              \u2502ss_list_price\u2502\u2502             \u2502\u2502cs_list_price\u2502\u2502             \u2502               \u2502 d_year>=1999\u2502\n\u2502             \u2502                      \u2502       \u2502             \u2502                      \u2502       \u2502   Filters:  \u2502\u2502             \u2502                              \u2502             \u2502\u2502             \u2502\u2502             \u2502\u2502             \u2502               \u2502  AND d_year<\u2502\n\u2502             \u2502                      \u2502       \u2502             \u2502                      \u2502       \u2502ws_wholesale_\u2502\u2502             \u2502                              \u2502   Filters:  \u2502\u2502             \u2502\u2502   Filters:  \u2502\u2502             \u2502               \u2502    =2001    \u2502\n\u2502             \u2502                      \u2502       \u2502             \u2502                      \u2502       \u2502 cost>=76.00 \u2502\u2502             \u2502                              \u2502ss_wholesale_\u2502\u2502             \u2502\u2502cs_wholesale_\u2502\u2502             \u2502               \u2502             \u2502\n\u2502             \u2502                      \u2502       \u2502             \u2502                      \u2502       \u2502 AND ws_whole\u2502\u2502             \u2502                              \u2502 cost>=76.00 \u2502\u2502             \u2502\u2502 cost>=76.00 \u2502\u2502             \u2502               \u2502             \u2502\n\u2502             \u2502                      \u2502       \u2502             \u2502                      \u2502       \u2502  sale_cost< \u2502\u2502             \u2502                              \u2502 AND ss_whole\u2502\u2502             \u2502\u2502 AND cs_whole\u2502\u2502             \u2502               \u2502             \u2502\n\u2502             \u2502                      \u2502       \u2502             \u2502                      \u2502       \u2502    =96.00   \u2502\u2502             \u2502                              \u2502  sale_cost< \u2502\u2502             \u2502\u2502  sale_cost< \u2502\u2502             \u2502               \u2502             \u2502\n\u2502             \u2502                      \u2502       \u2502             \u2502                      \u2502       \u2502             \u2502\u2502             \u2502                              \u2502    =96.00   \u2502\u2502             \u2502\u2502    =96.00   \u2502\u2502             \u2502               \u2502             \u2502\n\u2502             \u2502                      \u2502       \u2502             \u2502                      \u2502       \u2502             \u2502\u2502             \u2502                              \u2502             \u2502\u2502             \u2502\u2502             \u2502\u2502             \u2502               \u2502             \u2502\n\u2502 87,709 rows \u2502                      \u2502       \u2502 46,411 rows \u2502                      \u2502       \u2502 872,202 rows\u2502\u2502  1,096 rows \u2502                              \u25023,256,49...  \u2502\u2502  1,096 rows \u2502\u25021,729,17...  \u2502\u2502  1,096 rows \u2502               \u2502  1,096 rows \u2502\n\u2502   (0.00s)   \u2502                      \u2502       \u2502   (0.00s)   \u2502                      \u2502       \u2502   (0.04s)   \u2502\u2502   (0.00s)   \u2502                              \u2502   (0.21s)   \u2502\u2502   (0.00s)   \u2502\u2502   (0.05s)   \u2502\u2502   (0.00s)   \u2502               \u2502   (0.00s)   \u2502\n\u2514\u2500\u2500\u2500\u2500\u2500\u2500\u252c\u2500\u2500\u2500\u2500\u2500\u2500\u2518                      \u2502       \u2514\u2500\u2500\u2500\u2500\u2500\u2500\u252c\u2500\u2500\u2500\u2500\u2500\u2500\u2518                      \u2502       \u2514\u2500\u2500\u2500\u2500\u2500\u2500\u2500\u2500\u2500\u2500\u2500\u2500\u2500\u2518\u2514\u2500\u2500\u2500\u2500\u2500\u2500\u252c\u2500\u2500\u2500\u2500\u2500\u2500\u2518                              \u2514\u2500\u2500\u2500\u2500\u2500\u2500\u2500\u2500\u2500\u2500\u2500\u2500\u2500\u2518\u2514\u2500\u2500\u2500\u2500\u2500\u2500\u252c\u2500\u2500\u2500\u2500\u2500\u2500\u2518\u2514\u2500\u2500\u2500\u2500\u2500\u2500\u2500\u2500\u2500\u2500\u2500\u2500\u2500\u2518\u2514\u2500\u2500\u2500\u2500\u2500\u2500\u252c\u2500\u2500\u2500\u2500\u2500\u2500\u2518               \u2514\u2500\u2500\u2500\u2500\u2500\u2500\u2500\u2500\u2500\u2500\u2500\u2500\u2500\u2518\n\u250c\u2500\u2500\u2500\u2500\u2500\u2500\u2534\u2500\u2500\u2500\u2500\u2500\u2500\u2510               \u250c\u2500\u2500\u2500\u2500\u2500\u2500\u2534\u2500\u2500\u2500\u2500\u2500\u2500\u2510\u250c\u2500\u2500\u2500\u2500\u2500\u2500\u2534\u2500\u2500\u2500\u2500\u2500\u2500\u2510               \u250c\u2500\u2500\u2500\u2500\u2500\u2500\u2534\u2500\u2500\u2500\u2500\u2500\u2500\u2510               \u250c\u2500\u2500\u2500\u2500\u2500\u2500\u2534\u2500\u2500\u2500\u2500\u2500\u2500\u2510                                             \u250c\u2500\u2500\u2500\u2500\u2500\u2500\u2534\u2500\u2500\u2500\u2500\u2500\u2500\u2510               \u250c\u2500\u2500\u2500\u2500\u2500\u2500\u2534\u2500\u2500\u2500\u2500\u2500\u2500\u2510                              \n\u2502  HASH_JOIN  \u2502               \u2502    FILTER   \u2502\u2502  HASH_JOIN  \u2502               \u2502    FILTER   \u2502               \u2502  TABLE_SCAN \u2502                                             \u2502  TABLE_SCAN \u2502               \u2502  TABLE_SCAN \u2502                              \n\u2502    \u2500\u2500\u2500\u2500\u2500\u2500   \u2502               \u2502    \u2500\u2500\u2500\u2500\u2500\u2500   \u2502\u2502    \u2500\u2500\u2500\u2500\u2500\u2500   \u2502               \u2502    \u2500\u2500\u2500\u2500\u2500\u2500   \u2502               \u2502    \u2500\u2500\u2500\u2500\u2500\u2500   \u2502                                             \u2502    \u2500\u2500\u2500\u2500\u2500\u2500   \u2502               \u2502    \u2500\u2500\u2500\u2500\u2500\u2500   \u2502                              \n\u2502  Join Type: \u2502               \u2502  (d_date_sk \u2502\u2502  Join Type: \u2502               \u2502  (d_date_sk \u2502               \u2502    Table:   \u2502                                             \u2502    Table:   \u2502               \u2502    Table:   \u2502                              \n\u2502    INNER    \u2502               \u2502    BETWEEN  \u2502\u2502    INNER    \u2502               \u2502    BETWEEN  \u2502               \u2502   date_dim  \u2502                                             \u2502   date_dim  \u2502               \u2502   date_dim  \u2502                              \n\u2502             \u2502               \u2502  2450816 AND\u2502\u2502             \u2502               \u2502  2450815 AND\u2502               \u2502             \u2502                                             \u2502             \u2502               \u2502             \u2502                              \n\u2502 Conditions: \u2502               \u2502   2452642)  \u2502\u2502 Conditions: \u2502               \u2502   2452653)  \u2502               \u2502    Type:    \u2502                                             \u2502    Type:    \u2502               \u2502    Type:    \u2502                              \n\u2502 ss_item_sk =\u2502               \u2502             \u2502\u2502 cs_item_sk =\u2502               \u2502             \u2502               \u2502  Sequential \u2502                                             \u2502  Sequential \u2502               \u2502  Sequential \u2502                              \n\u2502   i_item_sk \u2502               \u2502             \u2502\u2502   i_item_sk \u2502               \u2502             \u2502               \u2502     Scan    \u2502                                             \u2502     Scan    \u2502               \u2502     Scan    \u2502                              \n\u2502             \u2502               \u2502             \u2502\u2502             \u2502               \u2502             \u2502               \u2502             \u2502                                             \u2502             \u2502               \u2502             \u2502                              \n\u2502             \u251c\u2500\u2500\u2500\u2500\u2500\u2500\u2500\u2510       \u2502             \u2502\u2502             \u251c\u2500\u2500\u2500\u2500\u2500\u2500\u2500\u2510       \u2502             \u2502               \u2502 Projections:\u2502                                             \u2502 Projections:\u2502               \u2502 Projections:\u2502                              \n\u2502             \u2502       \u2502       \u2502             \u2502\u2502             \u2502       \u2502       \u2502             \u2502               \u2502  d_date_sk  \u2502                                             \u2502  d_date_sk  \u2502               \u2502  d_date_sk  \u2502                              \n\u2502             \u2502       \u2502       \u2502             \u2502\u2502             \u2502       \u2502       \u2502             \u2502               \u2502             \u2502                                             \u2502             \u2502               \u2502             \u2502                              \n\u2502             \u2502       \u2502       \u2502             \u2502\u2502             \u2502       \u2502       \u2502             \u2502               \u2502   Filters:  \u2502                                             \u2502   Filters:  \u2502               \u2502   Filters:  \u2502                              \n\u2502             \u2502       \u2502       \u2502             \u2502\u2502             \u2502       \u2502       \u2502             \u2502               \u2502 d_year>=1999\u2502                                             \u2502 d_year>=1999\u2502               \u2502 d_year>=1999\u2502                              \n\u2502             \u2502       \u2502       \u2502             \u2502\u2502             \u2502       \u2502       \u2502             \u2502               \u2502  AND d_year<\u2502                                             \u2502  AND d_year<\u2502               \u2502  AND d_year<\u2502                              \n\u2502             \u2502       \u2502       \u2502             \u2502\u2502             \u2502       \u2502       \u2502             \u2502               \u2502    =2001    \u2502                                             \u2502    =2001    \u2502               \u2502    =2001    \u2502                              \n\u2502             \u2502       \u2502       \u2502             \u2502\u2502             \u2502       \u2502       \u2502             \u2502               \u2502             \u2502                                             \u2502             \u2502               \u2502             \u2502                              \n\u2502 87,709 rows \u2502       \u2502       \u2502  1,096 rows \u2502\u2502 46,411 rows \u2502       \u2502       \u2502  1,096 rows \u2502               \u2502  1,096 rows \u2502                                             \u2502  1,096 rows \u2502               \u2502  1,096 rows \u2502                              \n\u2502   (0.05s)   \u2502       \u2502       \u2502   (0.00s)   \u2502\u2502   (0.02s)   \u2502       \u2502       \u2502   (0.00s)   \u2502               \u2502   (0.00s)   \u2502                                             \u2502   (0.00s)   \u2502               \u2502   (0.00s)   \u2502                              \n\u2514\u2500\u2500\u2500\u2500\u2500\u2500\u252c\u2500\u2500\u2500\u2500\u2500\u2500\u2518       \u2502       \u2514\u2500\u2500\u2500\u2500\u2500\u2500\u252c\u2500\u2500\u2500\u2500\u2500\u2500\u2518\u2514\u2500\u2500\u2500\u2500\u2500\u2500\u252c\u2500\u2500\u2500\u2500\u2500\u2500\u2518       \u2502       \u2514\u2500\u2500\u2500\u2500\u2500\u2500\u252c\u2500\u2500\u2500\u2500\u2500\u2500\u2518               \u2514\u2500\u2500\u2500\u2500\u2500\u2500\u2500\u2500\u2500\u2500\u2500\u2500\u2500\u2518                                             \u2514\u2500\u2500\u2500\u2500\u2500\u2500\u2500\u2500\u2500\u2500\u2500\u2500\u2500\u2518               \u2514\u2500\u2500\u2500\u2500\u2500\u2500\u2500\u2500\u2500\u2500\u2500\u2500\u2500\u2518                              \n\u250c\u2500\u2500\u2500\u2500\u2500\u2500\u2534\u2500\u2500\u2500\u2500\u2500\u2500\u2510\u250c\u2500\u2500\u2500\u2500\u2500\u2500\u2534\u2500\u2500\u2500\u2500\u2500\u2500\u2510\u250c\u2500\u2500\u2500\u2500\u2500\u2500\u2534\u2500\u2500\u2500\u2500\u2500\u2500\u2510\u250c\u2500\u2500\u2500\u2500\u2500\u2500\u2534\u2500\u2500\u2500\u2500\u2500\u2500\u2510\u250c\u2500\u2500\u2500\u2500\u2500\u2500\u2534\u2500\u2500\u2500\u2500\u2500\u2500\u2510\u250c\u2500\u2500\u2500\u2500\u2500\u2500\u2534\u2500\u2500\u2500\u2500\u2500\u2500\u2510                                                                                                                                                      \n\u2502  TABLE_SCAN \u2502\u2502  PROJECTION \u2502\u2502  TABLE_SCAN \u2502\u2502  TABLE_SCAN \u2502\u2502  PROJECTION \u2502\u2502  TABLE_SCAN \u2502                                                                                                                                                      \n\u2502    \u2500\u2500\u2500\u2500\u2500\u2500   \u2502\u2502    \u2500\u2500\u2500\u2500\u2500\u2500   \u2502\u2502    \u2500\u2500\u2500\u2500\u2500\u2500   \u2502\u2502    \u2500\u2500\u2500\u2500\u2500\u2500   \u2502\u2502    \u2500\u2500\u2500\u2500\u2500\u2500   \u2502\u2502    \u2500\u2500\u2500\u2500\u2500\u2500   \u2502                                                                                                                                                      \n\u2502    Table:   \u2502\u2502      #0     \u2502\u2502    Table:   \u2502\u2502    Table:   \u2502\u2502      #0     \u2502\u2502    Table:   \u2502                                                                                                                                                      \n\u2502 store_sales \u2502\u2502      #2     \u2502\u2502   date_dim  \u2502\u2502catalog_sales\u2502\u2502      #2     \u2502\u2502   date_dim  \u2502                                                                                                                                                      \n\u2502             \u2502\u2502      #3     \u2502\u2502             \u2502\u2502             \u2502\u2502      #3     \u2502\u2502             \u2502                                                                                                                                                      \n\u2502    Type:    \u2502\u2502      #4     \u2502\u2502    Type:    \u2502\u2502    Type:    \u2502\u2502      #4     \u2502\u2502    Type:    \u2502                                                                                                                                                      \n\u2502  Sequential \u2502\u2502             \u2502\u2502  Sequential \u2502\u2502  Sequential \u2502\u2502             \u2502\u2502  Sequential \u2502                                                                                                                                                      \n\u2502     Scan    \u2502\u2502             \u2502\u2502     Scan    \u2502\u2502     Scan    \u2502\u2502             \u2502\u2502     Scan    \u2502                                                                                                                                                      \n\u2502             \u2502\u2502             \u2502\u2502             \u2502\u2502             \u2502\u2502             \u2502\u2502             \u2502                                                                                                                                                      \n\u2502 Projections:\u2502\u2502             \u2502\u2502 Projections:\u2502\u2502 Projections:\u2502\u2502             \u2502\u2502 Projections:\u2502                                                                                                                                                      \n\u2502  ss_item_sk \u2502\u2502             \u2502\u2502  d_date_sk  \u2502\u2502  cs_item_sk \u2502\u2502             \u2502\u2502  d_date_sk  \u2502                                                                                                                                                      \n\u2502ss_sold_date_\u2502\u2502             \u2502\u2502             \u2502\u2502cs_sold_date_\u2502\u2502             \u2502\u2502             \u2502                                                                                                                                                      \n\u2502      sk     \u2502\u2502             \u2502\u2502   Filters:  \u2502\u2502      sk     \u2502\u2502             \u2502\u2502   Filters:  \u2502                                                                                                                                                      \n\u2502             \u2502\u2502             \u2502\u2502 d_year>=1999\u2502\u2502             \u2502\u2502             \u2502\u2502 d_year>=1999\u2502                                                                                                                                                      \n\u2502   Filters:  \u2502\u2502             \u2502\u2502  AND d_year<\u2502\u2502   Filters:  \u2502\u2502             \u2502\u2502  AND d_year<\u2502                                                                                                                                                      \n\u2502ss_wholesale_\u2502\u2502             \u2502\u2502    =2001    \u2502\u2502cs_wholesale_\u2502\u2502             \u2502\u2502    =2001    \u2502                                                                                                                                                      \n\u2502 cost>=76.00 \u2502\u2502             \u2502\u2502             \u2502\u2502 cost>=76.00 \u2502\u2502             \u2502\u2502             \u2502                                                                                                                                                      \n\u2502 AND ss_whole\u2502\u2502             \u2502\u2502             \u2502\u2502 AND cs_whole\u2502\u2502             \u2502\u2502             \u2502                                                                                                                                                      \n\u2502  sale_cost< \u2502\u2502             \u2502\u2502             \u2502\u2502  sale_cost< \u2502\u2502             \u2502\u2502             \u2502                                                                                                                                                      \n\u2502    =96.00   \u2502\u2502             \u2502\u2502             \u2502\u2502    =96.00   \u2502\u2502             \u2502\u2502             \u2502                                                                                                                                                      \n\u2502             \u2502\u2502             \u2502\u2502             \u2502\u2502             \u2502\u2502             \u2502\u2502             \u2502                                                                                                                                                      \n\u2502             \u2502\u2502             \u2502\u2502             \u2502\u2502             \u2502\u2502             \u2502\u2502             \u2502                                                                                                                                                      \n\u2502             \u2502\u2502             \u2502\u2502             \u2502\u2502             \u2502\u2502             \u2502\u2502             \u2502                                                                                                                                                      \n\u2502             \u2502\u2502             \u2502\u2502             \u2502\u2502             \u2502\u2502             \u2502\u2502             \u2502                                                                                                                                                      \n\u2502             \u2502\u2502             \u2502\u2502             \u2502\u2502             \u2502\u2502             \u2502\u2502             \u2502                                                                                                                                                      \n\u2502             \u2502\u2502             \u2502\u2502             \u2502\u2502             \u2502\u2502             \u2502\u2502             \u2502                                                                                                                                                      \n\u2502             \u2502\u2502             \u2502\u2502             \u2502\u2502             \u2502\u2502             \u2502\u2502             \u2502                                                                                                                                                      \n\u2502             \u2502\u2502             \u2502\u2502             \u2502\u2502             \u2502\u2502             \u2502\u2502             \u2502                                                                                                                                                      \n\u2502             \u2502\u2502             \u2502\u2502             \u2502\u2502             \u2502\u2502             \u2502\u2502             \u2502                                                                                                                                                      \n\u2502             \u2502\u2502             \u2502\u2502             \u2502\u2502             \u2502\u2502             \u2502\u2502             \u2502                                                                                                                                                      \n\u2502             \u2502\u2502             \u2502\u2502             \u2502\u2502             \u2502\u2502             \u2502\u2502             \u2502                                                                                                                                                      \n\u2502             \u2502\u2502             \u2502\u2502             \u2502\u2502             \u2502\u2502             \u2502\u2502             \u2502                                                                                                                                                      \n\u25023,254,55...  \u2502\u2502  2,720 rows \u2502\u2502  1,096 rows \u2502\u25021,728,15...  \u2502\u2502  2,720 rows \u2502\u2502  1,096 rows \u2502                                                                                                                                                      \n\u2502   (0.22s)   \u2502\u2502   (0.00s)   \u2502\u2502   (0.00s)   \u2502\u2502   (0.07s)   \u2502\u2502   (0.00s)   \u2502\u2502   (0.00s)   \u2502                                                                                                                                                      \n\u2514\u2500\u2500\u2500\u2500\u2500\u2500\u2500\u2500\u2500\u2500\u2500\u2500\u2500\u2518\u2514\u2500\u2500\u2500\u2500\u2500\u2500\u252c\u2500\u2500\u2500\u2500\u2500\u2500\u2518\u2514\u2500\u2500\u2500\u2500\u2500\u2500\u2500\u2500\u2500\u2500\u2500\u2500\u2500\u2518\u2514\u2500\u2500\u2500\u2500\u2500\u2500\u2500\u2500\u2500\u2500\u2500\u2500\u2500\u2518\u2514\u2500\u2500\u2500\u2500\u2500\u2500\u252c\u2500\u2500\u2500\u2500\u2500\u2500\u2518\u2514\u2500\u2500\u2500\u2500\u2500\u2500\u2500\u2500\u2500\u2500\u2500\u2500\u2500\u2518                                                                                                                                                      \n               \u250c\u2500\u2500\u2500\u2500\u2500\u2500\u2534\u2500\u2500\u2500\u2500\u2500\u2500\u2510                              \u250c\u2500\u2500\u2500\u2500\u2500\u2500\u2534\u2500\u2500\u2500\u2500\u2500\u2500\u2510                                                                                                                                                                     \n               \u2502    FILTER   \u2502                              \u2502    FILTER   \u2502                                                                                                                                                                     \n               \u2502    \u2500\u2500\u2500\u2500\u2500\u2500   \u2502                              \u2502    \u2500\u2500\u2500\u2500\u2500\u2500   \u2502                                                                                                                                                                     \n               \u2502 ((i_category\u2502                              \u2502 ((i_category\u2502                                                                                                                                                                     \n               \u2502 = 'Electroni\u2502                              \u2502 = 'Electroni\u2502                                                                                                                                                                     \n               \u2502   cs') OR   \u2502                              \u2502   cs') OR   \u2502                                                                                                                                                                     \n               \u2502 (i_category \u2502                              \u2502 (i_category \u2502                                                                                                                                                                     \n               \u2502  = 'Shoes') \u2502                              \u2502  = 'Shoes') \u2502                                                                                                                                                                     \n               \u2502 OR (i_catego\u2502                              \u2502 OR (i_catego\u2502                                                                                                                                                                     \n               \u2502 ry = 'Sports\u2502                              \u2502 ry = 'Sports\u2502                                                                                                                                                                     \n               \u2502     '))     \u2502                              \u2502     '))     \u2502                                                                                                                                                                     \n               \u2502             \u2502                              \u2502             \u2502                                                                                                                                                                     \n               \u2502  2,720 rows \u2502                              \u2502  2,720 rows \u2502                                                                                                                                                                     \n               \u2502   (0.00s)   \u2502                              \u2502   (0.00s)   \u2502                                                                                                                                                                     \n               \u2514\u2500\u2500\u2500\u2500\u2500\u2500\u252c\u2500\u2500\u2500\u2500\u2500\u2500\u2518                              \u2514\u2500\u2500\u2500\u2500\u2500\u2500\u252c\u2500\u2500\u2500\u2500\u2500\u2500\u2518                                                                                                                                                                     \n               \u250c\u2500\u2500\u2500\u2500\u2500\u2500\u2534\u2500\u2500\u2500\u2500\u2500\u2500\u2510                              \u250c\u2500\u2500\u2500\u2500\u2500\u2500\u2534\u2500\u2500\u2500\u2500\u2500\u2500\u2510                                                                                                                                                                     \n               \u2502  TABLE_SCAN \u2502                              \u2502  TABLE_SCAN \u2502                                                                                                                                                                     \n               \u2502    \u2500\u2500\u2500\u2500\u2500\u2500   \u2502                              \u2502    \u2500\u2500\u2500\u2500\u2500\u2500   \u2502                                                                                                                                                                     \n               \u2502    Table:   \u2502                              \u2502    Table:   \u2502                                                                                                                                                                     \n               \u2502     item    \u2502                              \u2502     item    \u2502                                                                                                                                                                     \n               \u2502             \u2502                              \u2502             \u2502                                                                                                                                                                     \n               \u2502    Type:    \u2502                              \u2502    Type:    \u2502                                                                                                                                                                     \n               \u2502  Sequential \u2502                              \u2502  Sequential \u2502                                                                                                                                                                     \n               \u2502     Scan    \u2502                              \u2502     Scan    \u2502                                                                                                                                                                     \n               \u2502             \u2502                              \u2502             \u2502                                                                                                                                                                     \n               \u2502 Projections:\u2502                              \u2502 Projections:\u2502                                                                                                                                                                     \n               \u2502  i_item_sk  \u2502                              \u2502  i_item_sk  \u2502                                                                                                                                                                     \n               \u2502  i_category \u2502                              \u2502  i_category \u2502                                                                                                                                                                     \n               \u2502  i_brand_id \u2502                              \u2502  i_brand_id \u2502                                                                                                                                                                     \n               \u2502  i_class_id \u2502                              \u2502  i_class_id \u2502                                                                                                                                                                     \n               \u2502i_category_id\u2502                              \u2502i_category_id\u2502                                                                                                                                                                     \n               \u2502             \u2502                              \u2502             \u2502                                                                                                                                                                     \n               \u2502   Filters:  \u2502                              \u2502   Filters:  \u2502                                                                                                                                                                     \n               \u2502  optional:  \u2502                              \u2502  optional:  \u2502                                                                                                                                                                     \n               \u2502  i_category \u2502                              \u2502  i_category \u2502                                                                                                                                                                     \n               \u2502 IN ('Electro\u2502                              \u2502 IN ('Electro\u2502                                                                                                                                                                     \n               \u2502nics', 'Shoes\u2502                              \u2502nics', 'Shoes\u2502                                                                                                                                                                     \n               \u2502 ', 'Sports')\u2502                              \u2502 ', 'Sports')\u2502                                                                                                                                                                     \n               \u2502 i_manager_id\u2502                              \u2502 i_manager_id\u2502                                                                                                                                                                     \n               \u2502   >=42 AND  \u2502                              \u2502   >=42 AND  \u2502                                                                                                                                                                     \n               \u2502 i_manager_id\u2502                              \u2502 i_manager_id\u2502                                                                                                                                                                     \n               \u2502     <=51    \u2502                              \u2502     <=51    \u2502                                                                                                                                                                     \n               \u2502             \u2502                              \u2502             \u2502                                                                                                                                                                     \n               \u2502  9,273 rows \u2502                              \u2502  9,273 rows \u2502                                                                                                                                                                     \n               \u2502   (0.00s)   \u2502                              \u2502   (0.00s)   \u2502                                                                                                                                                                     \n               \u2514\u2500\u2500\u2500\u2500\u2500\u2500\u2500\u2500\u2500\u2500\u2500\u2500\u2500\u2518                              \u2514\u2500\u2500\u2500\u2500\u2500\u2500\u2500\u2500\u2500\u2500\u2500\u2500\u2500\u2518                                                                                                                                                                     \n                                                                                                                                                                                                                                                \n                                                                                                                                                                                                                                                \n                                                                                                                                                                                                                                                \n                                                                                                                                                                                                                                                \n                                                                                                                                                                                                                                                \n                                                                                                                                                                                                                                                \n                                                                                                                                                                                                                                                \n                                                                                                                                                                                                                                                \n                                                                                                                                                                                                                                                \n                                                                                                                                                                                                                                                \n                                                                                                                                                                                                                                                \n                                                                                                                                                                                                                                                \n                                                                                                                                                                                                                                                \n                                                                                                                                                                                                                                                \n                                                                                                                                                                                                                                                \n                                                                                                                                                                                                                                                \n                                                                                                                                                                                                                                                \n                                                                                                                                                                                                                                                \n                                                                                                                                                                                                                                                \n                                                                                                                                                                                                                                                \n                                                                                                                                                                                                                                                \n                                                                                                                                                                                                                                                \n                                                                                                                                                                                                                                                \n                                                                                                                                                                                                                                                \n                                                                                                                                                                                                                                                \n                                                                                                                                                                                                                                                \n                                                                                                                                                                                                                                                \n                                                                                                                                                                                                                                                \n                                                                                                                                                                                                                                                \n                                                                                                                                                                                                                                                \n                                                                                                                                                                                                                                                \n                                                                                                                                                                                                                                                \n                                                                                                                                                                                                                                                \n                                                                                                                                                                                                                                                \n                                                                                                                                                                                                                                                \n                                                                                                                                                                                                                                                \n                                                                                                                                                                                                                                                \n                                                                                                                                                                                                                                                \n                                                                                                                                                                                                                                                \n                                                                                                                                                                                                                                                \n                                                                                                                                                                                                                                                \n                                                                                                                                                                                                                                                \n                                                                                                                                                                                                                                                \n                                                                                                                                                                                                                                                \n                                                                                                                                                                                                                                                \n                                                                                                                                                                                                                                                \n                                                                                                                                                                                                                                                \n                                                                                                                                                                                                                                                \n                                                                                                                                                                                                                                                \n                                                                                                                                                                                                                                                \n                                                                                                                                                                                                                                                \n                                                                                                                                                                                                                                                \n                                                                                                                                                                                                                                                \n                                                                                                                                                                                                                                                \n                                                                                                                                                                                                                                                \n                                                                                                                                                                                                                                                \n                                                                                                                                                                                                                                                \n                                                                                                                                                                                                                                                \n                                                                                                                                                                                                                                                \n                                                                                                                                                                                                                                                \n                                                                                                                                                                                                                                                \n                                                                                                                                                                                                                                                \n                                                                                                                                                                                                                                                \n                                                                                                                                                                                                                                                \n                                                                                                                                                                                                                                                \n                                                                                                                                                                                                                                                \n                                                                                                                                                                                                                                                \n                                                                                                                                                                                                                                                \n                                                                                                                                                                                                                                                \n                                                                                                                                                                                                                                                \n                                                                                                                                                                                                                                                \n                                                                                                                                                                                                                                                \n                                                                                                                                                                                                                                                \n                                                                                                                                                                                                                                                \n                                                                                                                                                                                                                                                \n                                                                                                                                                                                                                                                \n                                                                                                                                                                                                                                                \n                                                                                                                                                                                                                                                \n                                                                                                                                                                                                                                                \n                                                                                                                                                                                                                                                \n                                                                                                                                                                                                                                                \n                                                                                                                                                                                                                                                \n                                                                                                                                                                                                                                                \n                                                                                                                                                                                                                                                \n                                                                                                                                                                                                                                                \n                                                                                                                                                                                                                                                \n                                                                                                                                                                                                                                                \n                                                                                                                                                                                                                                                \n                                                                                                                                                                                                                                                \n                                                                                                                                                                                                                                                \n                                                                                                                                                                                                                                                \n                                                                                                                                                                                                                                                \n                                                                                                                                                                                                                                                \n                                                                                                                                                                                                                                                \n                                                                                                                                                                                                                                                \n                                                                                                                                                                                                                                                \n                                                                                                                                                                                                                                                \n                                                                                                                                                                                                                                                \n                                                                                                                                                                                                                                                \n                                                                                                                                                                                                                                                \n                                                                                                                                                                                                                                                \n                                                                                                                                                                                                                                                \n                                                                                                                                                                                                                                                \n                                                                                                                                                                                                                                                \n                                                                                                                                                                                                                                                \n                                                                                                                                                                                                                                                \n                                                                                                                                                                                                                                                \n                                                                                                                                                                                                                                                \n                                                                                                                                                                                                                                                \n                                                                                                                                                                                                                                                \n                                                                                                                                                                                                                                                \n                                                                                                                                                                                                                                                \n                                                                                                                                                                                                                                                \n                                                                                                                                                                                                                                                \n                                                                                                                                                                                                                                                \n                                                                                                                                                                                                                                                \n                                                                                                                                                                                                                                                \n                                                                                                                                                                                                                                                \n",
  "plan_json": {
    "total_bytes_written": 0,
    "total_bytes_read": 0,
    "rows_returned": 0,
    "latency": 0.0,
    "result_set_size": 0,
    "query_name": "",
    "blocked_thread_time": 0.0,
    "system_peak_buffer_memory": 0,
    "system_peak_temp_dir_size": 0,
    "cpu_time": 0.0,
    "extra_info": {},
    "cumulative_cardinality": 0,
    "cumulative_rows_scanned": 0,
    "children": [
      {
        "total_bytes_written": 0,
        "total_bytes_read": 0,
        "result_set_size": 0,
        "operator_name": "EXPLAIN_ANALYZE",
        "cpu_time": 0.0,
        "extra_info": {},
        "cumulative_cardinality": 0,
        "operator_type": "EXPLAIN_ANALYZE",
        "operator_cardinality": 0,
        "cumulative_rows_scanned": 0,
        "operator_rows_scanned": 0,
        "operator_timing": 2.9e-07,
        "children": [
          {
            "total_bytes_written": 0,
            "total_bytes_read": 0,
            "result_set_size": 0,
            "operator_name": "CTE",
            "cpu_time": 0.0,
            "extra_info": {
              "CTE Name": "cross_items",
              "Table Index": "0",
              "Estimated Cardinality": "0"
            },
            "cumulative_cardinality": 0,
            "operator_type": "CTE",
            "operator_cardinality": 0,
            "cumulative_rows_scanned": 0,
            "operator_rows_scanned": 0,
            "operator_timing": 2.1876999999999997e-05,
            "children": [
              {
                "total_bytes_written": 0,
                "total_bytes_read": 0,
                "result_set_size": 9780,
                "operator_name": "PROJECTION",
                "cpu_time": 0.0,
                "extra_info": {
                  "Projections": "ss_item_sk",
                  "Estimated Cardinality": "466"
                },
                "cumulative_cardinality": 0,
                "operator_type": "PROJECTION",
                "operator_cardinality": 2445,
                "cumulative_rows_scanned": 0,
                "operator_rows_scanned": 0,
                "operator_timing": 5.281000000000001e-06,
                "children": [
                  {
                    "total_bytes_written": 0,
                    "total_bytes_read": 0,
                    "result_set_size": 39120,
                    "operator_name": "HASH_JOIN",
                    "cpu_time": 0.0,
                    "extra_info": {
                      "Join Type": "INNER",
                      "Conditions": [
                        "brand_id = i_brand_id",
                        "class_id = i_class_id",
                        "category_id = i_category_id"
                      ],
                      "Estimated Cardinality": "466"
                    },
                    "cumulative_cardinality": 0,
                    "operator_type": "HASH_JOIN",
                    "operator_cardinality": 2445,
                    "cumulative_rows_scanned": 0,
                    "operator_rows_scanned": 0,
                    "operator_timing": 0.0007054780000000002,
                    "children": [
                      {
                        "total_bytes_written": 0,
                        "total_bytes_read": 0,
                        "result_set_size": 11340,
                        "operator_name": "HASH_GROUP_BY",
                        "cpu_time": 0.0,
                        "extra_info": {
                          "Groups": [
                            "#0",
                            "#1",
                            "#2"
                          ],
                          "Aggregates": "",
                          "Estimated Cardinality": "24446"
                        },
                        "cumulative_cardinality": 0,
                        "operator_type": "HASH_GROUP_BY",
                        "operator_cardinality": 945,
                        "cumulative_rows_scanned": 0,
                        "operator_rows_scanned": 0,
                        "operator_timing": 0.0028009429999999997,
                        "children": [
                          {
                            "total_bytes_written": 0,
                            "total_bytes_read": 0,
                            "result_set_size": 11340,
                            "operator_name": "HASH_JOIN",
                            "cpu_time": 0.0,
                            "extra_info": {
                              "Join Type": "SEMI",
                              "Conditions": [
                                "#0 IS NOT DISTINCT FROM #0",
                                "#1 IS NOT DISTINCT FROM #1",
                                "#2 IS NOT DISTINCT FROM #2"
                              ],
                              "Estimated Cardinality": "24446"
                            },
                            "cumulative_cardinality": 0,
                            "operator_type": "HASH_JOIN",
                            "operator_cardinality": 945,
                            "cumulative_rows_scanned": 0,
                            "operator_rows_scanned": 0,
                            "operator_timing": 0.05446019300000001,
                            "children": [
                              {
                                "total_bytes_written": 0,
                                "total_bytes_read": 0,
                                "result_set_size": 11340,
                                "operator_name": "HASH_GROUP_BY",
                                "cpu_time": 0.0,
                                "extra_info": {
                                  "Groups": [
                                    "#0",
                                    "#1",
                                    "#2"
                                  ],
                                  "Aggregates": "",
                                  "Estimated Cardinality": "24446"
                                },
                                "cumulative_cardinality": 0,
                                "operator_type": "HASH_GROUP_BY",
                                "operator_cardinality": 945,
                                "cumulative_rows_scanned": 0,
                                "operator_rows_scanned": 0,
                                "operator_timing": 0.01636532200000001,
                                "children": [
                                  {
                                    "total_bytes_written": 0,
                                    "total_bytes_read": 0,
                                    "result_set_size": 1052508,
                                    "operator_name": "HASH_JOIN",
                                    "cpu_time": 0.0,
                                    "extra_info": {
                                      "Join Type": "SEMI",
                                      "Conditions": [
                                        "#0 IS NOT DISTINCT FROM #0",
                                        "#1 IS NOT DISTINCT FROM #1",
                                        "#2 IS NOT DISTINCT FROM #2"
                                      ],
                                      "Estimated Cardinality": "24446"
                                    },
                                    "cumulative_cardinality": 0,
                                    "operator_type": "HASH_JOIN",
                                    "operator_cardinality": 87709,
                                    "cumulative_rows_scanned": 0,
                                    "operator_rows_scanned": 0,
                                    "operator_timing": 0.010287395000000001,
                                    "children": [
                                      {
                                        "total_bytes_written": 0,
                                        "total_bytes_read": 0,
                                        "result_set_size": 1052508,
                                        "operator_name": "PROJECTION",
                                        "cpu_time": 0.0,
                                        "extra_info": {
                                          "Projections": [
                                            "brand_id",
                                            "class_id",
                                            "category_id"
                                          ],
                                          "Estimated Cardinality": "48932"
                                        },
                                        "cumulative_cardinality": 0,
                                        "operator_type": "PROJECTION",
                                        "operator_cardinality": 87709,
                                        "cumulative_rows_scanned": 0,
                                        "operator_rows_scanned": 0,
                                        "operator_timing": 7.368400000000001e-05,
                                        "children": [
                                          {
                                            "total_bytes_written": 0,
                                            "total_bytes_read": 0,
                                            "result_set_size": 1403344,
                                            "operator_name": "HASH_JOIN",
                                            "cpu_time": 0.0,
                                            "extra_info": {
                                              "Join Type": "INNER",
                                              "Conditions": "ss_sold_date_sk = d_date_sk",
                                              "Estimated Cardinality": "48932"
                                            },
                                            "cumulative_cardinality": 0,
                                            "operator_type": "HASH_JOIN",
                                            "operator_cardinality": 87709,
                                            "cumulative_rows_scanned": 0,
                                            "operator_rows_scanned": 0,
                                            "operator_timing": 0.0005718920000000001,
                                            "children": [
                                              {
                                                "total_bytes_written": 0,
                                                "total_bytes_read": 0,
                                                "result_set_size": 1403344,
                                                "operator_name": "HASH_JOIN",
                                                "cpu_time": 0.0,
                                                "extra_info": {
                                                  "Join Type": "INNER",
                                                  "Conditions": "ss_item_sk = i_item_sk",
                                                  "Estimated Cardinality": "244675"
                                                },
                                                "cumulative_cardinality": 0,
                                                "operator_type": "HASH_JOIN",
                                                "operator_cardinality": 87709,
                                                "cumulative_rows_scanned": 0,
                                                "operator_rows_scanned": 0,
                                                "operator_timing": 0.051535306999999975,
                                                "children": [
                                                  {
                                                    "total_bytes_written": 0,
                                                    "total_bytes_read": 0,
                                                    "result_set_size": 26036424,
                                                    "operator_name": "SEQ_SCAN ",
                                                    "cpu_time": 0.0,
                                                    "extra_info": {
                                                      "Table": "store_sales",
                                                      "Type": "Sequential Scan",
                                                      "Projections": [
                                                        "ss_item_sk",
                                                        "ss_sold_date_sk"
                                                      ],
                                                      "Filters": "ss_wholesale_cost>=76.00 AND ss_wholesale_cost<=96.00",
                                                      "Estimated Cardinality": "5760198"
                                                    },
                                                    "cumulative_cardinality": 0,
                                                    "operator_type": "TABLE_SCAN",
                                                    "operator_cardinality": 3254553,
                                                    "cumulative_rows_scanned": 0,
                                                    "operator_rows_scanned": 806427748,
                                                    "operator_timing": 0.22191604300000004,
                                                    "children": []
                                                  },
                                                  {
                                                    "total_bytes_written": 0,
                                                    "total_bytes_read": 0,
                                                    "result_set_size": 43520,
                                                    "operator_name": "PROJECTION",
                                                    "cpu_time": 0.0,
                                                    "extra_info": {
                                                      "Projections": [
                                                        "#0",
                                                        "#2",
                                                        "#3",
                                                        "#4"
                                                      ],
                                                      "Estimated Cardinality": "4080"
                                                    },
                                                    "cumulative_cardinality": 0,
                                                    "operator_type": "PROJECTION",
                                                    "operator_cardinality": 2720,
                                                    "cumulative_rows_scanned": 0,
                                                    "operator_rows_scanned": 0,
                                                    "operator_timing": 5.748e-06,
                                                    "children": [
                                                      {
                                                        "total_bytes_written": 0,
                                                        "total_bytes_read": 0,
                                                        "result_set_size": 87040,
                                                        "operator_name": "FILTER",
                                                        "cpu_time": 0.0,
                                                        "extra_info": {
                                                          "Expression": "((i_category = 'Electronics') OR (i_category = 'Shoes') OR (i_category = 'Sports'))",
                                                          "Estimated Cardinality": "4080"
                                                        },
                                                        "cumulative_cardinality": 0,
                                                        "operator_type": "FILTER",
                                                        "operator_cardinality": 2720,
                                                        "cumulative_rows_scanned": 0,
                                                        "operator_rows_scanned": 0,
                                                        "operator_timing": 0.0006752199999999999,
                                                        "children": [
                                                          {
                                                            "total_bytes_written": 0,
                                                            "total_bytes_read": 0,
                                                            "result_set_size": 296736,
                                                            "operator_name": "SEQ_SCAN ",
                                                            "cpu_time": 0.0,
                                                            "extra_info": {
                                                              "Table": "item",
                                                              "Type": "Sequential Scan",
                                                              "Projections": [
                                                                "i_item_sk",
                                                                "i_category",
                                                                "i_brand_id",
                                                                "i_class_id",
                                                                "i_category_id"
                                                              ],
                                                              "Filters": [
                                                                "optional: i_category IN ('Electronics', 'Shoes', 'Sports')",
                                                                "i_manager_id>=42 AND i_manager_id<=51"
                                                              ],
                                                              "Estimated Cardinality": "20400"
                                                            },
                                                            "cumulative_cardinality": 0,
                                                            "operator_type": "TABLE_SCAN",
                                                            "operator_cardinality": 9273,
                                                            "cumulative_rows_scanned": 0,
                                                            "operator_rows_scanned": 102000,
                                                            "operator_timing": 0.0015811749999999998,
                                                            "children": []
                                                          }
                                                        ]
                                                      }
                                                    ]
                                                  }
                                                ]
                                              },
                                              {
                                                "total_bytes_written": 0,
                                                "total_bytes_read": 0,
                                                "result_set_size": 4384,
                                                "operator_name": "FILTER",
                                                "cpu_time": 0.0,
                                                "extra_info": {
                                                  "Expression": "(d_date_sk BETWEEN 2450816 AND 2452642)",
                                                  "Estimated Cardinality": "14609"
                                                },
                                                "cumulative_cardinality": 0,
                                                "operator_type": "FILTER",
                                                "operator_cardinality": 1096,
                                                "cumulative_rows_scanned": 0,
                                                "operator_rows_scanned": 0,
                                                "operator_timing": 1.6369999999999997e-05,
                                                "children": [
                                                  {
                                                    "total_bytes_written": 0,
                                                    "total_bytes_read": 0,
                                                    "result_set_size": 4384,
                                                    "operator_name": "SEQ_SCAN ",
                                                    "cpu_time": 0.0,
                                                    "extra_info": {
                                                      "Table": "date_dim",
                                                      "Type": "Sequential Scan",
                                                      "Projections": "d_date_sk",
                                                      "Filters": "d_year>=1999 AND d_year<=2001",
                                                      "Estimated Cardinality": "14609"
                                                    },
                                                    "cumulative_cardinality": 0,
                                                    "operator_type": "TABLE_SCAN",
                                                    "operator_cardinality": 1096,
                                                    "cumulative_rows_scanned": 0,
                                                    "operator_rows_scanned": 73049,
                                                    "operator_timing": 8.381e-05,
                                                    "children": []
                                                  }
                                                ]
                                              }
                                            ]
                                          }
                                        ]
                                      },
                                      {
                                        "total_bytes_written": 0,
                                        "total_bytes_read": 0,
                                        "result_set_size": 556932,
                                        "operator_name": "PROJECTION",
                                        "cpu_time": 0.0,
                                        "extra_info": {
                                          "Projections": [
                                            "i_brand_id",
                                            "i_class_id",
                                            "i_category_id"
                                          ],
                                          "Estimated Cardinality": "24446"
                                        },
                                        "cumulative_cardinality": 0,
                                        "operator_type": "PROJECTION",
                                        "operator_cardinality": 46411,
                                        "cumulative_rows_scanned": 0,
                                        "operator_rows_scanned": 0,
                                        "operator_timing": 2.8132e-05,
                                        "children": [
                                          {
                                            "total_bytes_written": 0,
                                            "total_bytes_read": 0,
                                            "result_set_size": 742576,
                                            "operator_name": "HASH_JOIN",
                                            "cpu_time": 0.0,
                                            "extra_info": {
                                              "Join Type": "INNER",
                                              "Conditions": "cs_sold_date_sk = d_date_sk",
                                              "Estimated Cardinality": "24446"
                                            },
                                            "cumulative_cardinality": 0,
                                            "operator_type": "HASH_JOIN",
                                            "operator_cardinality": 46411,
                                            "cumulative_rows_scanned": 0,
                                            "operator_rows_scanned": 0,
                                            "operator_timing": 0.000338703,
                                            "children": [
                                              {
                                                "total_bytes_written": 0,
                                                "total_bytes_read": 0,
                                                "result_set_size": 742576,
                                                "operator_name": "HASH_JOIN",
                                                "cpu_time": 0.0,
                                                "extra_info": {
                                                  "Join Type": "INNER",
                                                  "Conditions": "cs_item_sk = i_item_sk",
                                                  "Estimated Cardinality": "122238"
                                                },
                                                "cumulative_cardinality": 0,
                                                "operator_type": "HASH_JOIN",
                                                "operator_cardinality": 46411,
                                                "cumulative_rows_scanned": 0,
                                                "operator_rows_scanned": 0,
                                                "operator_timing": 0.014879742000000003,
                                                "children": [
                                                  {
                                                    "total_bytes_written": 0,
                                                    "total_bytes_read": 0,
                                                    "result_set_size": 13825224,
                                                    "operator_name": "SEQ_SCAN ",
                                                    "cpu_time": 0.0,
                                                    "extra_info": {
                                                      "Table": "catalog_sales",
                                                      "Type": "Sequential Scan",
                                                      "Projections": [
                                                        "cs_item_sk",
                                                        "cs_sold_date_sk"
                                                      ],
                                                      "Filters": "cs_wholesale_cost>=76.00 AND cs_wholesale_cost<=96.00",
                                                      "Estimated Cardinality": "2880252"
                                                    },
                                                    "cumulative_cardinality": 0,
                                                    "operator_type": "TABLE_SCAN",
                                                    "operator_cardinality": 1728153,
                                                    "cumulative_rows_scanned": 0,
                                                    "operator_rows_scanned": 403235308,
                                                    "operator_timing": 0.056350992999999995,
                                                    "children": []
                                                  },
                                                  {
                                                    "total_bytes_written": 0,
                                                    "total_bytes_read": 0,
                                                    "result_set_size": 43520,
                                                    "operator_name": "PROJECTION",
                                                    "cpu_time": 0.0,
                                                    "extra_info": {
                                                      "Projections": [
                                                        "#0",
                                                        "#2",
                                                        "#3",
                                                        "#4"
                                                      ],
                                                      "Estimated Cardinality": "4080"
                                                    },
                                                    "cumulative_cardinality": 0,
                                                    "operator_type": "PROJECTION",
                                                    "operator_cardinality": 2720,
                                                    "cumulative_rows_scanned": 0,
                                                    "operator_rows_scanned": 0,
                                                    "operator_timing": 2.054e-06,
                                                    "children": [
                                                      {
                                                        "total_bytes_written": 0,
                                                        "total_bytes_read": 0,
                                                        "result_set_size": 87040,
                                                        "operator_name": "FILTER",
                                                        "cpu_time": 0.0,
                                                        "extra_info": {
                                                          "Expression": "((i_category = 'Electronics') OR (i_category = 'Shoes') OR (i_category = 'Sports'))",
                                                          "Estimated Cardinality": "4080"
                                                        },
                                                        "cumulative_cardinality": 0,
                                                        "operator_type": "FILTER",
                                                        "operator_cardinality": 2720,
                                                        "cumulative_rows_scanned": 0,
                                                        "operator_rows_scanned": 0,
                                                        "operator_timing": 0.00025275899999999997,
                                                        "children": [
                                                          {
                                                            "total_bytes_written": 0,
                                                            "total_bytes_read": 0,
                                                            "result_set_size": 296736,
                                                            "operator_name": "SEQ_SCAN ",
                                                            "cpu_time": 0.0,
                                                            "extra_info": {
                                                              "Table": "item",
                                                              "Type": "Sequential Scan",
                                                              "Projections": [
                                                                "i_item_sk",
                                                                "i_category",
                                                                "i_brand_id",
                                                                "i_class_id",
                                                                "i_category_id"
                                                              ],
                                                              "Filters": [
                                                                "optional: i_category IN ('Electronics', 'Shoes', 'Sports')",
                                                                "i_manager_id>=42 AND i_manager_id<=51"
                                                              ],
                                                              "Estimated Cardinality": "20400"
                                                            },
                                                            "cumulative_cardinality": 0,
                                                            "operator_type": "TABLE_SCAN",
                                                            "operator_cardinality": 9273,
                                                            "cumulative_rows_scanned": 0,
                                                            "operator_rows_scanned": 102000,
                                                            "operator_timing": 0.000674949,
                                                            "children": []
                                                          }
                                                        ]
                                                      }
                                                    ]
                                                  }
                                                ]
                                              },
                                              {
                                                "total_bytes_written": 0,
                                                "total_bytes_read": 0,
                                                "result_set_size": 4384,
                                                "operator_name": "FILTER",
                                                "cpu_time": 0.0,
                                                "extra_info": {
                                                  "Expression": "(d_date_sk BETWEEN 2450815 AND 2452653)",
                                                  "Estimated Cardinality": "14609"
                                                },
                                                "cumulative_cardinality": 0,
                                                "operator_type": "FILTER",
                                                "operator_cardinality": 1096,
                                                "cumulative_rows_scanned": 0,
                                                "operator_rows_scanned": 0,
                                                "operator_timing": 1.0366e-05,
                                                "children": [
                                                  {
                                                    "total_bytes_written": 0,
                                                    "total_bytes_read": 0,
                                                    "result_set_size": 4384,
                                                    "operator_name": "SEQ_SCAN ",
                                                    "cpu_time": 0.0,
                                                    "extra_info": {
                                                      "Table": "date_dim",
                                                      "Type": "Sequential Scan",
                                                      "Projections": "d_date_sk",
                                                      "Filters": "d_year>=1999 AND d_year<=2001",
                                                      "Estimated Cardinality": "14609"
                                                    },
                                                    "cumulative_cardinality": 0,
                                                    "operator_type": "TABLE_SCAN",
                                                    "operator_cardinality": 1096,
                                                    "cumulative_rows_scanned": 0,
                                                    "operator_rows_scanned": 73049,
                                                    "operator_timing": 4.0163e-05,
                                                    "children": []
                                                  }
                                                ]
                                              }
                                            ]
                                          }
                                        ]
                                      }
                                    ]
                                  }
                                ]
                              },
                              {
                                "total_bytes_written": 0,
                                "total_bytes_read": 0,
                                "result_set_size": 10466424,
                                "operator_name": "PROJECTION",
                                "cpu_time": 0.0,
                                "extra_info": {
                                  "Projections": [
                                    "i_brand_id",
                                    "i_class_id",
                                    "i_category_id"
                                  ],
                                  "Estimated Cardinality": "304395"
                                },
                                "cumulative_cardinality": 0,
                                "operator_type": "PROJECTION",
                                "operator_cardinality": 872202,
                                "cumulative_rows_scanned": 0,
                                "operator_rows_scanned": 0,
                                "operator_timing": 0.001208544,
                                "children": [
                                  {
                                    "total_bytes_written": 0,
                                    "total_bytes_read": 0,
                                    "result_set_size": 17444040,
                                    "operator_name": "HASH_JOIN",
                                    "cpu_time": 0.0,
                                    "extra_info": {
                                      "Join Type": "INNER",
                                      "Conditions": "ws_item_sk = i_item_sk",
                                      "Estimated Cardinality": "304395"
                                    },
                                    "cumulative_cardinality": 0,
                                    "operator_type": "HASH_JOIN",
                                    "operator_cardinality": 872202,
                                    "cumulative_rows_scanned": 0,
                                    "operator_rows_scanned": 0,
                                    "operator_timing": 0.007812755999999999,
                                    "children": [
                                      {
                                        "total_bytes_written": 0,
                                        "total_bytes_read": 0,
                                        "result_set_size": 6977616,
                                        "operator_name": "HASH_JOIN",
                                        "cpu_time": 0.0,
                                        "extra_info": {
                                          "Join Type": "INNER",
                                          "Conditions": "ws_sold_date_sk = d_date_sk",
                                          "Estimated Cardinality": "287886"
                                        },
                                        "cumulative_cardinality": 0,
                                        "operator_type": "HASH_JOIN",
                                        "operator_cardinality": 872202,
                                        "cumulative_rows_scanned": 0,
                                        "operator_rows_scanned": 0,
                                        "operator_timing": 0.007617628999999999,
                                        "children": [
                                          {
                                            "total_bytes_written": 0,
                                            "total_bytes_read": 0,
                                            "result_set_size": 6977616,
                                            "operator_name": "SEQ_SCAN ",
                                            "cpu_time": 0.0,
                                            "extra_info": {
                                              "Table": "web_sales",
                                              "Type": "Sequential Scan",
                                              "Projections": [
                                                "ws_item_sk",
                                                "ws_sold_date_sk"
                                              ],
                                              "Filters": "ws_wholesale_cost>=76.00 AND ws_wholesale_cost<=96.00",
                                              "Estimated Cardinality": "1439513"
                                            },
                                            "cumulative_cardinality": 0,
                                            "operator_type": "TABLE_SCAN",
                                            "operator_cardinality": 872202,
                                            "cumulative_rows_scanned": 0,
                                            "operator_rows_scanned": 201531848,
                                            "operator_timing": 0.045617218,
                                            "children": []
                                          },
                                          {
                                            "total_bytes_written": 0,
                                            "total_bytes_read": 0,
                                            "result_set_size": 4384,
                                            "operator_name": "FILTER",
                                            "cpu_time": 0.0,
                                            "extra_info": {
                                              "Expression": "(d_date_sk BETWEEN 2450816 AND 2452642)",
                                              "Estimated Cardinality": "14609"
                                            },
                                            "cumulative_cardinality": 0,
                                            "operator_type": "FILTER",
                                            "operator_cardinality": 1096,
                                            "cumulative_rows_scanned": 0,
                                            "operator_rows_scanned": 0,
                                            "operator_timing": 1.6264999999999998e-05,
                                            "children": [
                                              {
                                                "total_bytes_written": 0,
                                                "total_bytes_read": 0,
                                                "result_set_size": 4384,
                                                "operator_name": "SEQ_SCAN ",
                                                "cpu_time": 0.0,
                                                "extra_info": {
                                                  "Table": "date_dim",
                                                  "Type": "Sequential Scan",
                                                  "Projections": "d_date_sk",
                                                  "Filters": "d_year>=1999 AND d_year<=2001",
                                                  "Estimated Cardinality": "14609"
                                                },
                                                "cumulative_cardinality": 0,
                                                "operator_type": "TABLE_SCAN",
                                                "operator_cardinality": 1096,
                                                "cumulative_rows_scanned": 0,
                                                "operator_rows_scanned": 73049,
                                                "operator_timing": 9.0814e-05,
                                                "children": []
                                              }
                                            ]
                                          }
                                        ]
                                      },
                                      {
                                        "total_bytes_written": 0,
                                        "total_bytes_read": 0,
                                        "result_set_size": 1632000,
                                        "operator_name": "SEQ_SCAN ",
                                        "cpu_time": 0.0,
                                        "extra_info": {
                                          "Table": "item",
                                          "Type": "Sequential Scan",
                                          "Projections": [
                                            "i_item_sk",
                                            "i_brand_id",
                                            "i_class_id",
                                            "i_category_id"
                                          ],
                                          "Estimated Cardinality": "102000"
                                        },
                                        "cumulative_cardinality": 0,
                                        "operator_type": "TABLE_SCAN",
                                        "operator_cardinality": 102000,
                                        "cumulative_rows_scanned": 0,
                                        "operator_rows_scanned": 102000,
                                        "operator_timing": 0.000175465,
                                        "children": []
                                      }
                                    ]
                                  }
                                ]
                              }
                            ]
                          }
                        ]
                      },
                      {
                        "total_bytes_written": 0,
                        "total_bytes_read": 0,
                        "result_set_size": 43520,
                        "operator_name": "PROJECTION",
                        "cpu_time": 0.0,
                        "extra_info": {
                          "Projections": [
                            "#0",
                            "#1",
                            "#2",
                            "#4"
                          ],
                          "Estimated Cardinality": "4080"
                        },
                        "cumulative_cardinality": 0,
                        "operator_type": "PROJECTION",
                        "operator_cardinality": 2720,
                        "cumulative_rows_scanned": 0,
                        "operator_rows_scanned": 0,
                        "operator_timing": 2.3519999999999997e-06,
                        "children": [
                          {
                            "total_bytes_written": 0,
                            "total_bytes_read": 0,
                            "result_set_size": 87040,
                            "operator_name": "FILTER",
                            "cpu_time": 0.0,
                            "extra_info": {
                              "Expression": "((i_category = 'Electronics') OR (i_category = 'Shoes') OR (i_category = 'Sports'))",
                              "Estimated Cardinality": "4080"
                            },
                            "cumulative_cardinality": 0,
                            "operator_type": "FILTER",
                            "operator_cardinality": 2720,
                            "cumulative_rows_scanned": 0,
                            "operator_rows_scanned": 0,
                            "operator_timing": 0.00025685899999999996,
                            "children": [
                              {
                                "total_bytes_written": 0,
                                "total_bytes_read": 0,
                                "result_set_size": 296736,
                                "operator_name": "SEQ_SCAN ",
                                "cpu_time": 0.0,
                                "extra_info": {
                                  "Table": "item",
                                  "Type": "Sequential Scan",
                                  "Projections": [
                                    "i_brand_id",
                                    "i_class_id",
                                    "i_category_id",
                                    "i_category",
                                    "i_item_sk"
                                  ],
                                  "Filters": [
                                    "optional: i_category IN ('Electronics', 'Shoes', 'Sports')",
                                    "i_manager_id>=42 AND i_manager_id<=51"
                                  ],
                                  "Estimated Cardinality": "20400"
                                },
                                "cumulative_cardinality": 0,
                                "operator_type": "TABLE_SCAN",
                                "operator_cardinality": 9273,
                                "cumulative_rows_scanned": 0,
                                "operator_rows_scanned": 102000,
                                "operator_timing": 0.00069509,
                                "children": []
                              }
                            ]
                          }
                        ]
                      }
                    ]
                  }
                ]
              },
              {
                "total_bytes_written": 0,
                "total_bytes_read": 0,
                "result_set_size": 0,
                "operator_name": "CTE",
                "cpu_time": 0.0,
                "extra_info": {
                  "CTE Name": "avg_sales",
                  "Table Index": "37",
                  "Estimated Cardinality": "0"
                },
                "cumulative_cardinality": 0,
                "operator_type": "CTE",
                "operator_cardinality": 0,
                "cumulative_rows_scanned": 0,
                "operator_rows_scanned": 0,
                "operator_timing": 7.843e-06,
                "children": [
                  {
                    "total_bytes_written": 0,
                    "total_bytes_read": 0,
                    "result_set_size": 8,
                    "operator_name": "UNGROUPED_AGGREGATE",
                    "cpu_time": 0.0,
                    "extra_info": {
                      "Aggregates": "avg(#0)"
                    },
                    "cumulative_cardinality": 0,
                    "operator_type": "UNGROUPED_AGGREGATE",
                    "operator_cardinality": 1,
                    "cumulative_rows_scanned": 0,
                    "operator_rows_scanned": 0,
                    "operator_timing": 0.019353363,
                    "children": [
                      {
                        "total_bytes_written": 0,
                        "total_bytes_read": 0,
                        "result_set_size": 46863024,
                        "operator_name": "PROJECTION",
                        "cpu_time": 0.0,
                        "extra_info": {
                          "Projections": "(CAST(quantity AS DECIMAL(17,0)) * CAST(list_price AS DECIMAL(17,2)))",
                          "Estimated Cardinality": "2015880"
                        },
                        "cumulative_cardinality": 0,
                        "operator_type": "PROJECTION",
                        "operator_cardinality": 5857878,
                        "cumulative_rows_scanned": 0,
                        "operator_rows_scanned": 0,
                        "operator_timing": 0.07424710599999995,
                        "children": [
                          {
                            "total_bytes_written": 0,
                            "total_bytes_read": 0,
                            "result_set_size": 0,
                            "operator_name": "UNION",
                            "cpu_time": 0.0,
                            "extra_info": {},
                            "cumulative_cardinality": 0,
                            "operator_type": "UNION",
                            "operator_cardinality": 0,
                            "cumulative_rows_scanned": 0,
                            "operator_rows_scanned": 0,
                            "operator_timing": 0.0,
                            "children": [
                              {
                                "total_bytes_written": 0,
                                "total_bytes_read": 0,
                                "result_set_size": 0,
                                "operator_name": "UNION",
                                "cpu_time": 0.0,
                                "extra_info": {},
                                "cumulative_cardinality": 0,
                                "operator_type": "UNION",
                                "operator_cardinality": 0,
                                "cumulative_rows_scanned": 0,
                                "operator_rows_scanned": 0,
                                "operator_timing": 0.0,
                                "children": [
                                  {
                                    "total_bytes_written": 0,
                                    "total_bytes_read": 0,
                                    "result_set_size": 26051976,
                                    "operator_name": "PROJECTION",
                                    "cpu_time": 0.0,
                                    "extra_info": {
                                      "Projections": [
                                        "quantity",
                                        "list_price"
                                      ],
                                      "Estimated Cardinality": "1151976"
                                    },
                                    "cumulative_cardinality": 0,
                                    "operator_type": "PROJECTION",
                                    "operator_cardinality": 3256497,
                                    "cumulative_rows_scanned": 0,
                                    "operator_rows_scanned": 0,
                                    "operator_timing": 0.0031303439999999997,
                                    "children": [
                                      {
                                        "total_bytes_written": 0,
                                        "total_bytes_read": 0,
                                        "result_set_size": 39077964,
                                        "operator_name": "HASH_JOIN",
                                        "cpu_time": 0.0,
                                        "extra_info": {
                                          "Join Type": "INNER",
                                          "Conditions": "ss_sold_date_sk = d_date_sk",
                                          "Estimated Cardinality": "1151976"
                                        },
                                        "cumulative_cardinality": 0,
                                        "operator_type": "HASH_JOIN",
                                        "operator_cardinality": 3256497,
                                        "cumulative_rows_scanned": 0,
                                        "operator_rows_scanned": 0,
                                        "operator_timing": 0.028185556999999997,
                                        "children": [
                                          {
                                            "total_bytes_written": 0,
                                            "total_bytes_read": 0,
                                            "result_set_size": 39077964,
                                            "operator_name": "SEQ_SCAN ",
                                            "cpu_time": 0.0,
                                            "extra_info": {
                                              "Table": "store_sales",
                                              "Type": "Sequential Scan",
                                              "Projections": [
                                                "ss_sold_date_sk",
                                                "ss_quantity",
                                                "ss_list_price"
                                              ],
                                              "Filters": "ss_wholesale_cost>=76.00 AND ss_wholesale_cost<=96.00",
                                              "Estimated Cardinality": "5760198"
                                            },
                                            "cumulative_cardinality": 0,
                                            "operator_type": "TABLE_SCAN",
                                            "operator_cardinality": 3256497,
                                            "cumulative_rows_scanned": 0,
                                            "operator_rows_scanned": 806427748,
                                            "operator_timing": 0.20947011399999996,
                                            "children": []
                                          },
                                          {
                                            "total_bytes_written": 0,
                                            "total_bytes_read": 0,
                                            "result_set_size": 4384,
                                            "operator_name": "FILTER",
                                            "cpu_time": 0.0,
                                            "extra_info": {
                                              "Expression": "(d_date_sk BETWEEN 2450816 AND 2452642)",
                                              "Estimated Cardinality": "14609"
                                            },
                                            "cumulative_cardinality": 0,
                                            "operator_type": "FILTER",
                                            "operator_cardinality": 1096,
                                            "cumulative_rows_scanned": 0,
                                            "operator_rows_scanned": 0,
                                            "operator_timing": 1.4598000000000002e-05,
                                            "children": [
                                              {
                                                "total_bytes_written": 0,
                                                "total_bytes_read": 0,
                                                "result_set_size": 4384,
                                                "operator_name": "SEQ_SCAN ",
                                                "cpu_time": 0.0,
                                                "extra_info": {
                                                  "Table": "date_dim",
                                                  "Type": "Sequential Scan",
                                                  "Projections": "d_date_sk",
                                                  "Filters": "d_year>=1999 AND d_year<=2001",
                                                  "Estimated Cardinality": "14609"
                                                },
                                                "cumulative_cardinality": 0,
                                                "operator_type": "TABLE_SCAN",
                                                "operator_cardinality": 1096,
                                                "cumulative_rows_scanned": 0,
                                                "operator_rows_scanned": 73049,
                                                "operator_timing": 7.5315e-05,
                                                "children": []
                                              }
                                            ]
                                          }
                                        ]
                                      }
                                    ]
                                  },
                                  {
                                    "total_bytes_written": 0,
                                    "total_bytes_read": 0,
                                    "result_set_size": 13833432,
                                    "operator_name": "PROJECTION",
                                    "cpu_time": 0.0,
                                    "extra_info": {
                                      "Projections": [
                                        "quantity",
                                        "list_price"
                                      ],
                                      "Estimated Cardinality": "576018"
                                    },
                                    "cumulative_cardinality": 0,
                                    "operator_type": "PROJECTION",
                                    "operator_cardinality": 1729179,
                                    "cumulative_rows_scanned": 0,
                                    "operator_rows_scanned": 0,
                                    "operator_timing": 0.0009309480000000001,
                                    "children": [
                                      {
                                        "total_bytes_written": 0,
                                        "total_bytes_read": 0,
                                        "result_set_size": 20750148,
                                        "operator_name": "HASH_JOIN",
                                        "cpu_time": 0.0,
                                        "extra_info": {
                                          "Join Type": "INNER",
                                          "Conditions": "cs_sold_date_sk = d_date_sk",
                                          "Estimated Cardinality": "576018"
                                        },
                                        "cumulative_cardinality": 0,
                                        "operator_type": "HASH_JOIN",
                                        "operator_cardinality": 1729179,
                                        "cumulative_rows_scanned": 0,
                                        "operator_rows_scanned": 0,
                                        "operator_timing": 0.010459367,
                                        "children": [
                                          {
                                            "total_bytes_written": 0,
                                            "total_bytes_read": 0,
                                            "result_set_size": 20750148,
                                            "operator_name": "SEQ_SCAN ",
                                            "cpu_time": 0.0,
                                            "extra_info": {
                                              "Table": "catalog_sales",
                                              "Type": "Sequential Scan",
                                              "Projections": [
                                                "cs_sold_date_sk",
                                                "cs_quantity",
                                                "cs_list_price"
                                              ],
                                              "Filters": "cs_wholesale_cost>=76.00 AND cs_wholesale_cost<=96.00",
                                              "Estimated Cardinality": "2880252"
                                            },
                                            "cumulative_cardinality": 0,
                                            "operator_type": "TABLE_SCAN",
                                            "operator_cardinality": 1729179,
                                            "cumulative_rows_scanned": 0,
                                            "operator_rows_scanned": 403235308,
                                            "operator_timing": 0.061846378,
                                            "children": []
                                          },
                                          {
                                            "total_bytes_written": 0,
                                            "total_bytes_read": 0,
                                            "result_set_size": 4384,
                                            "operator_name": "FILTER",
                                            "cpu_time": 0.0,
                                            "extra_info": {
                                              "Expression": "(d_date_sk BETWEEN 2450815 AND 2452653)",
                                              "Estimated Cardinality": "14609"
                                            },
                                            "cumulative_cardinality": 0,
                                            "operator_type": "FILTER",
                                            "operator_cardinality": 1096,
                                            "cumulative_rows_scanned": 0,
                                            "operator_rows_scanned": 0,
                                            "operator_timing": 1.151e-05,
                                            "children": [
                                              {
                                                "total_bytes_written": 0,
                                                "total_bytes_read": 0,
                                                "result_set_size": 4384,
                                                "operator_name": "SEQ_SCAN ",
                                                "cpu_time": 0.0,
                                                "extra_info": {
                                                  "Table": "date_dim",
                                                  "Type": "Sequential Scan",
                                                  "Projections": "d_date_sk",
                                                  "Filters": "d_year>=1999 AND d_year<=2001",
                                                  "Estimated Cardinality": "14609"
                                                },
                                                "cumulative_cardinality": 0,
                                                "operator_type": "TABLE_SCAN",
                                                "operator_cardinality": 1096,
                                                "cumulative_rows_scanned": 0,
                                                "operator_rows_scanned": 73049,
                                                "operator_timing": 5.798399999999999e-05,
                                                "children": []
                                              }
                                            ]
                                          }
                                        ]
                                      }
                                    ]
                                  }
                                ]
                              },
                              {
                                "total_bytes_written": 0,
                                "total_bytes_read": 0,
                                "result_set_size": 6977616,
                                "operator_name": "PROJECTION",
                                "cpu_time": 0.0,
                                "extra_info": {
                                  "Projections": [
                                    "quantity",
                                    "list_price"
                                  ],
                                  "Estimated Cardinality": "287886"
                                },
                                "cumulative_cardinality": 0,
                                "operator_type": "PROJECTION",
                                "operator_cardinality": 872202,
                                "cumulative_rows_scanned": 0,
                                "operator_rows_scanned": 0,
                                "operator_timing": 0.000877905,
                                "children": [
                                  {
                                    "total_bytes_written": 0,
                                    "total_bytes_read": 0,
                                    "result_set_size": 10466424,
                                    "operator_name": "HASH_JOIN",
                                    "cpu_time": 0.0,
                                    "extra_info": {
                                      "Join Type": "INNER",
                                      "Conditions": "ws_sold_date_sk = d_date_sk",
                                      "Estimated Cardinality": "287886"
                                    },
                                    "cumulative_cardinality": 0,
                                    "operator_type": "HASH_JOIN",
                                    "operator_cardinality": 872202,
                                    "cumulative_rows_scanned": 0,
                                    "operator_rows_scanned": 0,
                                    "operator_timing": 0.007668595999999998,
                                    "children": [
                                      {
                                        "total_bytes_written": 0,
                                        "total_bytes_read": 0,
                                        "result_set_size": 10466424,
                                        "operator_name": "SEQ_SCAN ",
                                        "cpu_time": 0.0,
                                        "extra_info": {
                                          "Table": "web_sales",
                                          "Type": "Sequential Scan",
                                          "Projections": [
                                            "ws_sold_date_sk",
                                            "ws_quantity",
                                            "ws_list_price"
                                          ],
                                          "Filters": "ws_wholesale_cost>=76.00 AND ws_wholesale_cost<=96.00",
                                          "Estimated Cardinality": "1439513"
                                        },
                                        "cumulative_cardinality": 0,
                                        "operator_type": "TABLE_SCAN",
                                        "operator_cardinality": 872202,
                                        "cumulative_rows_scanned": 0,
                                        "operator_rows_scanned": 201531848,
                                        "operator_timing": 0.049402074,
                                        "children": []
                                      },
                                      {
                                        "total_bytes_written": 0,
                                        "total_bytes_read": 0,
                                        "result_set_size": 4384,
                                        "operator_name": "FILTER",
                                        "cpu_time": 0.0,
                                        "extra_info": {
                                          "Expression": "(d_date_sk BETWEEN 2450816 AND 2452642)",
                                          "Estimated Cardinality": "14609"
                                        },
                                        "cumulative_cardinality": 0,
                                        "operator_type": "FILTER",
                                        "operator_cardinality": 1096,
                                        "cumulative_rows_scanned": 0,
                                        "operator_rows_scanned": 0,
                                        "operator_timing": 1.9872e-05,
                                        "children": [
                                          {
                                            "total_bytes_written": 0,
                                            "total_bytes_read": 0,
                                            "result_set_size": 4384,
                                            "operator_name": "SEQ_SCAN ",
                                            "cpu_time": 0.0,
                                            "extra_info": {
                                              "Table": "date_dim",
                                              "Type": "Sequential Scan",
                                              "Projections": "d_date_sk",
                                              "Filters": "d_year>=1999 AND d_year<=2001",
                                              "Estimated Cardinality": "14609"
                                            },
                                            "cumulative_cardinality": 0,
                                            "operator_type": "TABLE_SCAN",
                                            "operator_cardinality": 1096,
                                            "cumulative_rows_scanned": 0,
                                            "operator_rows_scanned": 73049,
                                            "operator_timing": 9.551500000000001e-05,
                                            "children": []
                                          }
                                        ]
                                      }
                                    ]
                                  }
                                ]
                              }
                            ]
                          }
                        ]
                      }
                    ]
                  },
                  {
                    "total_bytes_written": 0,
                    "total_bytes_read": 0,
                    "result_set_size": 10400,
                    "operator_name": "TOP_N",
                    "cpu_time": 0.0,
                    "extra_info": {
                      "Top": "100",
                      "Order By": [
                        "this_year.channel ASC",
                        "this_year.i_brand_id ASC",
                        "this_year.i_class_id ASC",
                        "this_year.i_category_id ASC"
                      ]
                    },
                    "cumulative_cardinality": 0,
                    "operator_type": "TOP_N",
                    "operator_cardinality": 100,
                    "cumulative_rows_scanned": 0,
                    "operator_rows_scanned": 0,
                    "operator_timing": 0.00012179700000000001,
                    "children": [
                      {
                        "total_bytes_written": 0,
                        "total_bytes_read": 0,
                        "result_set_size": 12272,
                        "operator_name": "PROJECTION",
                        "cpu_time": 0.0,
                        "extra_info": {
                          "Projections": [
                            "ty_channel",
                            "ty_brand",
                            "ty_class",
                            "ty_category",
                            "ty_sales",
                            "ty_number_sales",
                            "ly_channel",
                            "ly_brand",
                            "ly_class",
                            "ly_category",
                            "ly_sales",
                            "ly_number_sales"
                          ],
                          "Estimated Cardinality": "0"
                        },
                        "cumulative_cardinality": 0,
                        "operator_type": "PROJECTION",
                        "operator_cardinality": 118,
                        "cumulative_rows_scanned": 0,
                        "operator_rows_scanned": 0,
                        "operator_timing": 6.902000000000001e-06,
                        "children": [
                          {
                            "total_bytes_written": 0,
                            "total_bytes_read": 0,
                            "result_set_size": 10856,
                            "operator_name": "HASH_JOIN",
                            "cpu_time": 0.0,
                            "extra_info": {
                              "Join Type": "INNER",
                              "Conditions": [
                                "i_brand_id = i_brand_id",
                                "i_class_id = i_class_id",
                                "i_category_id = i_category_id"
                              ],
                              "Estimated Cardinality": "0"
                            },
                            "cumulative_cardinality": 0,
                            "operator_type": "HASH_JOIN",
                            "operator_cardinality": 118,
                            "cumulative_rows_scanned": 0,
                            "operator_rows_scanned": 0,
                            "operator_timing": 0.0007195129999999999,
                            "children": [
                              {
                                "total_bytes_written": 0,
                                "total_bytes_read": 0,
                                "result_set_size": 15392,
                                "operator_name": "PROJECTION",
                                "cpu_time": 0.0,
                                "extra_info": {
                                  "Projections": [
                                    "channel",
                                    "i_brand_id",
                                    "i_class_id",
                                    "i_category_id",
                                    "sales",
                                    "number_sales"
                                  ],
                                  "Estimated Cardinality": "0"
                                },
                                "cumulative_cardinality": 0,
                                "operator_type": "PROJECTION",
                                "operator_cardinality": 296,
                                "cumulative_rows_scanned": 0,
                                "operator_rows_scanned": 0,
                                "operator_timing": 1.9597e-05,
                                "children": [
                                  {
                                    "total_bytes_written": 0,
                                    "total_bytes_read": 0,
                                    "result_set_size": 13024,
                                    "operator_name": "NESTED_LOOP_JOIN",
                                    "cpu_time": 0.0,
                                    "extra_info": {
                                      "Join Type": "INNER",
                                      "Conditions": "CAST(sum((CAST(ss_quantity AS DECIMAL(17,0)) * CAST(ss_list_price AS DECIMAL(17,2)))) AS DOUBLE) > SUBQUERY",
                                      "Estimated Cardinality": "0"
                                    },
                                    "cumulative_cardinality": 0,
                                    "operator_type": "NESTED_LOOP_JOIN",
                                    "operator_cardinality": 296,
                                    "cumulative_rows_scanned": 0,
                                    "operator_rows_scanned": 0,
                                    "operator_timing": 0.000289651,
                                    "children": [
                                      {
                                        "total_bytes_written": 0,
                                        "total_bytes_read": 0,
                                        "result_set_size": 15912,
                                        "operator_name": "PROJECTION",
                                        "cpu_time": 0.0,
                                        "extra_info": {
                                          "Projections": [
                                            "#0",
                                            "__internal_decompress_integral_integer(#1, 1)",
                                            "__internal_decompress_integral_integer(#2, 1)",
                                            "#3",
                                            "#4"
                                          ],
                                          "Estimated Cardinality": "14"
                                        },
                                        "cumulative_cardinality": 0,
                                        "operator_type": "PROJECTION",
                                        "operator_cardinality": 442,
                                        "cumulative_rows_scanned": 0,
                                        "operator_rows_scanned": 0,
                                        "operator_timing": 3.0181999999999997e-05,
                                        "children": [
                                          {
                                            "total_bytes_written": 0,
                                            "total_bytes_read": 0,
                                            "result_set_size": 13260,
                                            "operator_name": "HASH_GROUP_BY",
                                            "cpu_time": 0.0,
                                            "extra_info": {
                                              "Groups": [
                                                "#0",
                                                "#1",
                                                "#2"
                                              ],
                                              "Aggregates": [
                                                "sum(#3)",
                                                "count_star()"
                                              ],
                                              "Estimated Cardinality": "14"
                                            },
                                            "cumulative_cardinality": 0,
                                            "operator_type": "HASH_GROUP_BY",
                                            "operator_cardinality": 442,
                                            "cumulative_rows_scanned": 0,
                                            "operator_rows_scanned": 0,
                                            "operator_timing": 0.002506144,
                                            "children": [
                                              {
                                                "total_bytes_written": 0,
                                                "total_bytes_read": 0,
                                                "result_set_size": 15722,
                                                "operator_name": "PROJECTION",
                                                "cpu_time": 0.0,
                                                "extra_info": {
                                                  "Projections": [
                                                    "i_brand_id",
                                                    "i_class_id",
                                                    "i_category_id",
                                                    "(CAST(ss_quantity AS DECIMAL(17,0)) * CAST(ss_list_price AS DECIMAL(17,2)))"
                                                  ],
                                                  "Estimated Cardinality": "14"
                                                },
                                                "cumulative_cardinality": 0,
                                                "operator_type": "PROJECTION",
                                                "operator_cardinality": 1123,
                                                "cumulative_rows_scanned": 0,
                                                "operator_rows_scanned": 0,
                                                "operator_timing": 1.4727000000000001e-05,
                                                "children": [
                                                  {
                                                    "total_bytes_written": 0,
                                                    "total_bytes_read": 0,
                                                    "result_set_size": 53904,
                                                    "operator_name": "PROJECTION",
                                                    "cpu_time": 0.0,
                                                    "extra_info": {
                                                      "Projections": [
                                                        "#0",
                                                        "__internal_compress_string_uhugeint(#1)",
                                                        "#2",
                                                        "__internal_compress_integral_utinyint(#3, 1)",
                                                        "__internal_compress_integral_utinyint(#4, 1)",
                                                        "#5",
                                                        "__internal_compress_integral_usmallint(#6, 2450816)",
                                                        "#7",
                                                        "#8",
                                                        "__internal_compress_integral_usmallint(#9, 2450816)",
                                                        "__internal_compress_integral_usmallint(#10, 1)",
                                                        "#11"
                                                      ],
                                                      "Estimated Cardinality": "14"
                                                    },
                                                    "cumulative_cardinality": 0,
                                                    "operator_type": "PROJECTION",
                                                    "operator_cardinality": 1123,
                                                    "cumulative_rows_scanned": 0,
                                                    "operator_rows_scanned": 0,
                                                    "operator_timing": 2.3753000000000004e-05,
                                                    "children": [
                                                      {
                                                        "total_bytes_written": 0,
                                                        "total_bytes_read": 0,
                                                        "result_set_size": 67380,
                                                        "operator_name": "HASH_JOIN",
                                                        "cpu_time": 0.0,
                                                        "extra_info": {
                                                          "Join Type": "RIGHT_SEMI",
                                                          "Conditions": "#0 = ss_item_sk",
                                                          "Estimated Cardinality": "14"
                                                        },
                                                        "cumulative_cardinality": 0,
                                                        "operator_type": "HASH_JOIN",
                                                        "operator_cardinality": 1123,
                                                        "cumulative_rows_scanned": 0,
                                                        "operator_rows_scanned": 0,
                                                        "operator_timing": 0.00031758000000000003,
                                                        "children": [
                                                          {
                                                            "total_bytes_written": 0,
                                                            "total_bytes_read": 0,
                                                            "result_set_size": 9780,
                                                            "operator_name": "CTE_SCAN",
                                                            "cpu_time": 0.0,
                                                            "extra_info": {
                                                              "CTE Index": "0",
                                                              "Estimated Cardinality": "466"
                                                            },
                                                            "cumulative_cardinality": 0,
                                                            "operator_type": "CTE_SCAN",
                                                            "operator_cardinality": 2445,
                                                            "cumulative_rows_scanned": 0,
                                                            "operator_rows_scanned": 0,
                                                            "operator_timing": 2.9316e-05,
                                                            "children": []
                                                          },
                                                          {
                                                            "total_bytes_written": 0,
                                                            "total_bytes_read": 0,
                                                            "result_set_size": 67440,
                                                            "operator_name": "HASH_JOIN",
                                                            "cpu_time": 0.0,
                                                            "extra_info": {
                                                              "Join Type": "INNER",
                                                              "Conditions": "i_item_sk = ss_item_sk",
                                                              "Estimated Cardinality": "70"
                                                            },
                                                            "cumulative_cardinality": 0,
                                                            "operator_type": "HASH_JOIN",
                                                            "operator_cardinality": 1124,
                                                            "cumulative_rows_scanned": 0,
                                                            "operator_rows_scanned": 0,
                                                            "operator_timing": 0.009013750000000001,
                                                            "children": [
                                                              {
                                                                "total_bytes_written": 0,
                                                                "total_bytes_read": 0,
                                                                "result_set_size": 87040,
                                                                "operator_name": "FILTER",
                                                                "cpu_time": 0.0,
                                                                "extra_info": {
                                                                  "Expression": "((i_category = 'Electronics') OR (i_category = 'Shoes') OR (i_category = 'Sports'))",
                                                                  "Estimated Cardinality": "4080"
                                                                },
                                                                "cumulative_cardinality": 0,
                                                                "operator_type": "FILTER",
                                                                "operator_cardinality": 2720,
                                                                "cumulative_rows_scanned": 0,
                                                                "operator_rows_scanned": 0,
                                                                "operator_timing": 0.000232254,
                                                                "children": [
                                                                  {
                                                                    "total_bytes_written": 0,
                                                                    "total_bytes_read": 0,
                                                                    "result_set_size": 296704,
                                                                    "operator_name": "SEQ_SCAN ",
                                                                    "cpu_time": 0.0,
                                                                    "extra_info": {
                                                                      "Table": "item",
                                                                      "Type": "Sequential Scan",
                                                                      "Projections": [
                                                                        "i_item_sk",
                                                                        "i_category",
                                                                        "i_brand_id",
                                                                        "i_class_id",
                                                                        "i_category_id"
                                                                      ],
                                                                      "Filters": [
                                                                        "optional: i_category IN ('Electronics', 'Shoes', 'Sports')",
                                                                        "i_manager_id>=42 AND i_manager_id<=51"
                                                                      ],
                                                                      "Estimated Cardinality": "20400"
                                                                    },
                                                                    "cumulative_cardinality": 0,
                                                                    "operator_type": "TABLE_SCAN",
                                                                    "operator_cardinality": 9272,
                                                                    "cumulative_rows_scanned": 0,
                                                                    "operator_rows_scanned": 102000,
                                                                    "operator_timing": 0.0007409089999999999,
                                                                    "children": []
                                                                  }
                                                                ]
                                                              },
                                                              {
                                                                "total_bytes_written": 0,
                                                                "total_bytes_read": 0,
                                                                "result_set_size": 1164016,
                                                                "operator_name": "HASH_JOIN",
                                                                "cpu_time": 0.0,
                                                                "extra_info": {
                                                                  "Join Type": "INNER",
                                                                  "Conditions": "ss_sold_date_sk = d_date_sk",
                                                                  "Estimated Cardinality": "1659"
                                                                },
                                                                "cumulative_cardinality": 0,
                                                                "operator_type": "HASH_JOIN",
                                                                "operator_cardinality": 41572,
                                                                "cumulative_rows_scanned": 0,
                                                                "operator_rows_scanned": 0,
                                                                "operator_timing": 0.041743420999999996,
                                                                "children": [
                                                                  {
                                                                    "total_bytes_written": 0,
                                                                    "total_bytes_read": 0,
                                                                    "result_set_size": 665152,
                                                                    "operator_name": "SEQ_SCAN ",
                                                                    "cpu_time": 0.0,
                                                                    "extra_info": {
                                                                      "Table": "store_sales",
                                                                      "Type": "Sequential Scan",
                                                                      "Projections": [
                                                                        "ss_item_sk",
                                                                        "ss_sold_date_sk",
                                                                        "ss_quantity",
                                                                        "ss_list_price"
                                                                      ],
                                                                      "Filters": "ss_wholesale_cost>=76.00 AND ss_wholesale_cost<=96.00",
                                                                      "Estimated Cardinality": "5760198"
                                                                    },
                                                                    "cumulative_cardinality": 0,
                                                                    "operator_type": "TABLE_SCAN",
                                                                    "operator_cardinality": 41572,
                                                                    "cumulative_rows_scanned": 0,
                                                                    "operator_rows_scanned": 806427748,
                                                                    "operator_timing": 0.21703404099999996,
                                                                    "children": []
                                                                  },
                                                                  {
                                                                    "total_bytes_written": 0,
                                                                    "total_bytes_read": 0,
                                                                    "result_set_size": 84,
                                                                    "operator_name": "HASH_JOIN",
                                                                    "cpu_time": 0.0,
                                                                    "extra_info": {
                                                                      "Join Type": "INNER",
                                                                      "Conditions": "d_week_seq = SUBQUERY",
                                                                      "Estimated Cardinality": "21"
                                                                    },
                                                                    "cumulative_cardinality": 0,
                                                                    "operator_type": "HASH_JOIN",
                                                                    "operator_cardinality": 7,
                                                                    "cumulative_rows_scanned": 0,
                                                                    "operator_rows_scanned": 0,
                                                                    "operator_timing": 0.000142864,
                                                                    "children": [
                                                                      {
                                                                        "total_bytes_written": 0,
                                                                        "total_bytes_read": 0,
                                                                        "result_set_size": 56,
                                                                        "operator_name": "SEQ_SCAN ",
                                                                        "cpu_time": 0.0,
                                                                        "extra_info": {
                                                                          "Table": "date_dim",
                                                                          "Type": "Sequential Scan",
                                                                          "Projections": [
                                                                            "d_date_sk",
                                                                            "d_week_seq"
                                                                          ],
                                                                          "Filters": "d_date_sk>=2450816 AND d_date_sk<=2452642",
                                                                          "Estimated Cardinality": "73049"
                                                                        },
                                                                        "cumulative_cardinality": 0,
                                                                        "operator_type": "TABLE_SCAN",
                                                                        "operator_cardinality": 7,
                                                                        "cumulative_rows_scanned": 0,
                                                                        "operator_rows_scanned": 73049,
                                                                        "operator_timing": 0.00012415199999999999,
                                                                        "children": []
                                                                      },
                                                                      {
                                                                        "total_bytes_written": 0,
                                                                        "total_bytes_read": 0,
                                                                        "result_set_size": 4,
                                                                        "operator_name": "PROJECTION",
                                                                        "cpu_time": 0.0,
                                                                        "extra_info": {
                                                                          "Projections": [
                                                                            "CASE  WHEN ((#1 > 1)) THEN (\"error\"('More than one row returned by a subquery used as an expression - scalar subqueries can only return a single row.",
                                                                            "Use \"SET scalar_subquery_error_on_multiple_rows=false\" to revert to previous behavior of returning a random row.')) ELSE #0 END"
                                                                          ],
                                                                          "Estimated Cardinality": "1"
                                                                        },
                                                                        "cumulative_cardinality": 0,
                                                                        "operator_type": "PROJECTION",
                                                                        "operator_cardinality": 1,
                                                                        "cumulative_rows_scanned": 0,
                                                                        "operator_rows_scanned": 0,
                                                                        "operator_timing": 4.697e-06,
                                                                        "children": [
                                                                          {
                                                                            "total_bytes_written": 0,
                                                                            "total_bytes_read": 0,
                                                                            "result_set_size": 12,
                                                                            "operator_name": "UNGROUPED_AGGREGATE",
                                                                            "cpu_time": 0.0,
                                                                            "extra_info": {
                                                                              "Aggregates": [
                                                                                "\"first\"(#0)",
                                                                                "count_star()"
                                                                              ]
                                                                            },
                                                                            "cumulative_cardinality": 0,
                                                                            "operator_type": "UNGROUPED_AGGREGATE",
                                                                            "operator_cardinality": 1,
                                                                            "cumulative_rows_scanned": 0,
                                                                            "operator_rows_scanned": 0,
                                                                            "operator_timing": 3.774e-06,
                                                                            "children": [
                                                                              {
                                                                                "total_bytes_written": 0,
                                                                                "total_bytes_read": 0,
                                                                                "result_set_size": 4,
                                                                                "operator_name": "PROJECTION",
                                                                                "cpu_time": 0.0,
                                                                                "extra_info": {
                                                                                  "Projections": "#0",
                                                                                  "Estimated Cardinality": "585"
                                                                                },
                                                                                "cumulative_cardinality": 0,
                                                                                "operator_type": "PROJECTION",
                                                                                "operator_cardinality": 1,
                                                                                "cumulative_rows_scanned": 0,
                                                                                "operator_rows_scanned": 0,
                                                                                "operator_timing": 2.32e-07,
                                                                                "children": [
                                                                                  {
                                                                                    "total_bytes_written": 0,
                                                                                    "total_bytes_read": 0,
                                                                                    "result_set_size": 4,
                                                                                    "operator_name": "SEQ_SCAN ",
                                                                                    "cpu_time": 0.0,
                                                                                    "extra_info": {
                                                                                      "Table": "date_dim",
                                                                                      "Type": "Sequential Scan",
                                                                                      "Projections": "d_week_seq",
                                                                                      "Filters": [
                                                                                        "d_year=2000",
                                                                                        "d_moy=12",
                                                                                        "d_dom=12"
                                                                                      ],
                                                                                      "Estimated Cardinality": "585"
                                                                                    },
                                                                                    "cumulative_cardinality": 0,
                                                                                    "operator_type": "TABLE_SCAN",
                                                                                    "operator_cardinality": 1,
                                                                                    "cumulative_rows_scanned": 0,
                                                                                    "operator_rows_scanned": 73049,
                                                                                    "operator_timing": 6.4506e-05,
                                                                                    "children": []
                                                                                  }
                                                                                ]
                                                                              }
                                                                            ]
                                                                          }
                                                                        ]
                                                                      }
                                                                    ]
                                                                  }
                                                                ]
                                                              }
                                                            ]
                                                          }
                                                        ]
                                                      }
                                                    ]
                                                  }
                                                ]
                                              }
                                            ]
                                          }
                                        ]
                                      },
                                      {
                                        "total_bytes_written": 0,
                                        "total_bytes_read": 0,
                                        "result_set_size": 8,
                                        "operator_name": "PROJECTION",
                                        "cpu_time": 0.0,
                                        "extra_info": {
                                          "Projections": [
                                            "CASE  WHEN ((#1 > 1)) THEN (\"error\"('More than one row returned by a subquery used as an expression - scalar subqueries can only return a single row.",
                                            "Use \"SET scalar_subquery_error_on_multiple_rows=false\" to revert to previous behavior of returning a random row.')) ELSE #0 END"
                                          ],
                                          "Estimated Cardinality": "1"
                                        },
                                        "cumulative_cardinality": 0,
                                        "operator_type": "PROJECTION",
                                        "operator_cardinality": 1,
                                        "cumulative_rows_scanned": 0,
                                        "operator_rows_scanned": 0,
                                        "operator_timing": 5.846e-06,
                                        "children": [
                                          {
                                            "total_bytes_written": 0,
                                            "total_bytes_read": 0,
                                            "result_set_size": 16,
                                            "operator_name": "UNGROUPED_AGGREGATE",
                                            "cpu_time": 0.0,
                                            "extra_info": {
                                              "Aggregates": [
                                                "\"first\"(#0)",
                                                "count_star()"
                                              ]
                                            },
                                            "cumulative_cardinality": 0,
                                            "operator_type": "UNGROUPED_AGGREGATE",
                                            "operator_cardinality": 1,
                                            "cumulative_rows_scanned": 0,
                                            "operator_rows_scanned": 0,
                                            "operator_timing": 6.972e-06,
                                            "children": [
                                              {
                                                "total_bytes_written": 0,
                                                "total_bytes_read": 0,
                                                "result_set_size": 8,
                                                "operator_name": "PROJECTION",
                                                "cpu_time": 0.0,
                                                "extra_info": {
                                                  "Projections": "#0",
                                                  "Estimated Cardinality": "1"
                                                },
                                                "cumulative_cardinality": 0,
                                                "operator_type": "PROJECTION",
                                                "operator_cardinality": 1,
                                                "cumulative_rows_scanned": 0,
                                                "operator_rows_scanned": 0,
                                                "operator_timing": 4.62e-07,
                                                "children": [
                                                  {
                                                    "total_bytes_written": 0,
                                                    "total_bytes_read": 0,
                                                    "result_set_size": 8,
                                                    "operator_name": "CTE_SCAN",
                                                    "cpu_time": 0.0,
                                                    "extra_info": {
                                                      "CTE Index": "37",
                                                      "Estimated Cardinality": "1"
                                                    },
                                                    "cumulative_cardinality": 0,
                                                    "operator_type": "CTE_SCAN",
                                                    "operator_cardinality": 1,
                                                    "cumulative_rows_scanned": 0,
                                                    "operator_rows_scanned": 0,
                                                    "operator_timing": 6.030000000000001e-06,
                                                    "children": []
                                                  }
                                                ]
                                              }
                                            ]
                                          }
                                        ]
                                      }
                                    ]
                                  }
                                ]
                              },
                              {
                                "total_bytes_written": 0,
                                "total_bytes_read": 0,
                                "result_set_size": 10816,
                                "operator_name": "PROJECTION",
                                "cpu_time": 0.0,
                                "extra_info": {
                                  "Projections": [
                                    "channel",
                                    "i_brand_id",
                                    "i_class_id",
                                    "i_category_id",
                                    "sales",
                                    "number_sales"
                                  ],
                                  "Estimated Cardinality": "0"
                                },
                                "cumulative_cardinality": 0,
                                "operator_type": "PROJECTION",
                                "operator_cardinality": 208,
                                "cumulative_rows_scanned": 0,
                                "operator_rows_scanned": 0,
                                "operator_timing": 5.7390000000000004e-06,
                                "children": [
                                  {
                                    "total_bytes_written": 0,
                                    "total_bytes_read": 0,
                                    "result_set_size": 9152,
                                    "operator_name": "NESTED_LOOP_JOIN",
                                    "cpu_time": 0.0,
                                    "extra_info": {
                                      "Join Type": "INNER",
                                      "Conditions": "CAST(sum((CAST(ss_quantity AS DECIMAL(17,0)) * CAST(ss_list_price AS DECIMAL(17,2)))) AS DOUBLE) > SUBQUERY",
                                      "Estimated Cardinality": "0"
                                    },
                                    "cumulative_cardinality": 0,
                                    "operator_type": "NESTED_LOOP_JOIN",
                                    "operator_cardinality": 208,
                                    "cumulative_rows_scanned": 0,
                                    "operator_rows_scanned": 0,
                                    "operator_timing": 0.00015132400000000002,
                                    "children": [
                                      {
                                        "total_bytes_written": 0,
                                        "total_bytes_read": 0,
                                        "result_set_size": 10152,
                                        "operator_name": "PROJECTION",
                                        "cpu_time": 0.0,
                                        "extra_info": {
                                          "Projections": [
                                            "#0",
                                            "__internal_decompress_integral_integer(#1, 1)",
                                            "__internal_decompress_integral_integer(#2, 1)",
                                            "#3",
                                            "#4"
                                          ],
                                          "Estimated Cardinality": "14"
                                        },
                                        "cumulative_cardinality": 0,
                                        "operator_type": "PROJECTION",
                                        "operator_cardinality": 282,
                                        "cumulative_rows_scanned": 0,
                                        "operator_rows_scanned": 0,
                                        "operator_timing": 1.9312e-05,
                                        "children": [
                                          {
                                            "total_bytes_written": 0,
                                            "total_bytes_read": 0,
                                            "result_set_size": 8460,
                                            "operator_name": "HASH_GROUP_BY",
                                            "cpu_time": 0.0,
                                            "extra_info": {
                                              "Groups": [
                                                "#0",
                                                "#1",
                                                "#2"
                                              ],
                                              "Aggregates": [
                                                "sum(#3)",
                                                "count_star()"
                                              ],
                                              "Estimated Cardinality": "14"
                                            },
                                            "cumulative_cardinality": 0,
                                            "operator_type": "HASH_GROUP_BY",
                                            "operator_cardinality": 282,
                                            "cumulative_rows_scanned": 0,
                                            "operator_rows_scanned": 0,
                                            "operator_timing": 0.000580101,
                                            "children": [
                                              {
                                                "total_bytes_written": 0,
                                                "total_bytes_read": 0,
                                                "result_set_size": 15162,
                                                "operator_name": "PROJECTION",
                                                "cpu_time": 0.0,
                                                "extra_info": {
                                                  "Projections": [
                                                    "i_brand_id",
                                                    "i_class_id",
                                                    "i_category_id",
                                                    "(CAST(ss_quantity AS DECIMAL(17,0)) * CAST(ss_list_price AS DECIMAL(17,2)))"
                                                  ],
                                                  "Estimated Cardinality": "14"
                                                },
                                                "cumulative_cardinality": 0,
                                                "operator_type": "PROJECTION",
                                                "operator_cardinality": 1083,
                                                "cumulative_rows_scanned": 0,
                                                "operator_rows_scanned": 0,
                                                "operator_timing": 1.2469999999999997e-05,
                                                "children": [
                                                  {
                                                    "total_bytes_written": 0,
                                                    "total_bytes_read": 0,
                                                    "result_set_size": 51984,
                                                    "operator_name": "PROJECTION",
                                                    "cpu_time": 0.0,
                                                    "extra_info": {
                                                      "Projections": [
                                                        "#0",
                                                        "__internal_compress_string_uhugeint(#1)",
                                                        "#2",
                                                        "__internal_compress_integral_utinyint(#3, 1)",
                                                        "__internal_compress_integral_utinyint(#4, 1)",
                                                        "#5",
                                                        "__internal_compress_integral_usmallint(#6, 2450816)",
                                                        "#7",
                                                        "#8",
                                                        "__internal_compress_integral_usmallint(#9, 2450816)",
                                                        "__internal_compress_integral_usmallint(#10, 1)",
                                                        "#11"
                                                      ],
                                                      "Estimated Cardinality": "14"
                                                    },
                                                    "cumulative_cardinality": 0,
                                                    "operator_type": "PROJECTION",
                                                    "operator_cardinality": 1083,
                                                    "cumulative_rows_scanned": 0,
                                                    "operator_rows_scanned": 0,
                                                    "operator_timing": 2.1371e-05,
                                                    "children": [
                                                      {
                                                        "total_bytes_written": 0,
                                                        "total_bytes_read": 0,
                                                        "result_set_size": 64980,
                                                        "operator_name": "HASH_JOIN",
                                                        "cpu_time": 0.0,
                                                        "extra_info": {
                                                          "Join Type": "RIGHT_SEMI",
                                                          "Conditions": "#0 = ss_item_sk",
                                                          "Estimated Cardinality": "14"
                                                        },
                                                        "cumulative_cardinality": 0,
                                                        "operator_type": "HASH_JOIN",
                                                        "operator_cardinality": 1083,
                                                        "cumulative_rows_scanned": 0,
                                                        "operator_rows_scanned": 0,
                                                        "operator_timing": 0.00030898899999999997,
                                                        "children": [
                                                          {
                                                            "total_bytes_written": 0,
                                                            "total_bytes_read": 0,
                                                            "result_set_size": 9780,
                                                            "operator_name": "CTE_SCAN",
                                                            "cpu_time": 0.0,
                                                            "extra_info": {
                                                              "CTE Index": "0",
                                                              "Estimated Cardinality": "466"
                                                            },
                                                            "cumulative_cardinality": 0,
                                                            "operator_type": "CTE_SCAN",
                                                            "operator_cardinality": 2445,
                                                            "cumulative_rows_scanned": 0,
                                                            "operator_rows_scanned": 0,
                                                            "operator_timing": 2.2968e-05,
                                                            "children": []
                                                          },
                                                          {
                                                            "total_bytes_written": 0,
                                                            "total_bytes_read": 0,
                                                            "result_set_size": 65100,
                                                            "operator_name": "HASH_JOIN",
                                                            "cpu_time": 0.0,
                                                            "extra_info": {
                                                              "Join Type": "INNER",
                                                              "Conditions": "i_item_sk = ss_item_sk",
                                                              "Estimated Cardinality": "70"
                                                            },
                                                            "cumulative_cardinality": 0,
                                                            "operator_type": "HASH_JOIN",
                                                            "operator_cardinality": 1085,
                                                            "cumulative_rows_scanned": 0,
                                                            "operator_rows_scanned": 0,
                                                            "operator_timing": 0.006584110999999999,
                                                            "children": [
                                                              {
                                                                "total_bytes_written": 0,
                                                                "total_bytes_read": 0,
                                                                "result_set_size": 87040,
                                                                "operator_name": "FILTER",
                                                                "cpu_time": 0.0,
                                                                "extra_info": {
                                                                  "Expression": "((i_category = 'Electronics') OR (i_category = 'Shoes') OR (i_category = 'Sports'))",
                                                                  "Estimated Cardinality": "4080"
                                                                },
                                                                "cumulative_cardinality": 0,
                                                                "operator_type": "FILTER",
                                                                "operator_cardinality": 2720,
                                                                "cumulative_rows_scanned": 0,
                                                                "operator_rows_scanned": 0,
                                                                "operator_timing": 0.00022840899999999995,
                                                                "children": [
                                                                  {
                                                                    "total_bytes_written": 0,
                                                                    "total_bytes_read": 0,
                                                                    "result_set_size": 296704,
                                                                    "operator_name": "SEQ_SCAN ",
                                                                    "cpu_time": 0.0,
                                                                    "extra_info": {
                                                                      "Table": "item",
                                                                      "Type": "Sequential Scan",
                                                                      "Projections": [
                                                                        "i_item_sk",
                                                                        "i_category",
                                                                        "i_brand_id",
                                                                        "i_class_id",
                                                                        "i_category_id"
                                                                      ],
                                                                      "Filters": [
                                                                        "optional: i_category IN ('Electronics', 'Shoes', 'Sports')",
                                                                        "i_manager_id>=42 AND i_manager_id<=51"
                                                                      ],
                                                                      "Estimated Cardinality": "20400"
                                                                    },
                                                                    "cumulative_cardinality": 0,
                                                                    "operator_type": "TABLE_SCAN",
                                                                    "operator_cardinality": 9272,
                                                                    "cumulative_rows_scanned": 0,
                                                                    "operator_rows_scanned": 102000,
                                                                    "operator_timing": 0.0007682430000000002,
                                                                    "children": []
                                                                  }
                                                                ]
                                                              },
                                                              {
                                                                "total_bytes_written": 0,
                                                                "total_bytes_read": 0,
                                                                "result_set_size": 1161104,
                                                                "operator_name": "HASH_JOIN",
                                                                "cpu_time": 0.0,
                                                                "extra_info": {
                                                                  "Join Type": "INNER",
                                                                  "Conditions": "ss_sold_date_sk = d_date_sk",
                                                                  "Estimated Cardinality": "1659"
                                                                },
                                                                "cumulative_cardinality": 0,
                                                                "operator_type": "HASH_JOIN",
                                                                "operator_cardinality": 41468,
                                                                "cumulative_rows_scanned": 0,
                                                                "operator_rows_scanned": 0,
                                                                "operator_timing": 0.037756099,
                                                                "children": [
                                                                  {
                                                                    "total_bytes_written": 0,
                                                                    "total_bytes_read": 0,
                                                                    "result_set_size": 663488,
                                                                    "operator_name": "SEQ_SCAN ",
                                                                    "cpu_time": 0.0,
                                                                    "extra_info": {
                                                                      "Table": "store_sales",
                                                                      "Type": "Sequential Scan",
                                                                      "Projections": [
                                                                        "ss_item_sk",
                                                                        "ss_sold_date_sk",
                                                                        "ss_quantity",
                                                                        "ss_list_price"
                                                                      ],
                                                                      "Filters": "ss_wholesale_cost>=76.00 AND ss_wholesale_cost<=96.00",
                                                                      "Estimated Cardinality": "5760198"
                                                                    },
                                                                    "cumulative_cardinality": 0,
                                                                    "operator_type": "TABLE_SCAN",
                                                                    "operator_cardinality": 41468,
                                                                    "cumulative_rows_scanned": 0,
                                                                    "operator_rows_scanned": 806427748,
                                                                    "operator_timing": 0.218401995,
                                                                    "children": []
                                                                  },
                                                                  {
                                                                    "total_bytes_written": 0,
                                                                    "total_bytes_read": 0,
                                                                    "result_set_size": 84,
                                                                    "operator_name": "HASH_JOIN",
                                                                    "cpu_time": 0.0,
                                                                    "extra_info": {
                                                                      "Join Type": "INNER",
                                                                      "Conditions": "d_week_seq = SUBQUERY",
                                                                      "Estimated Cardinality": "21"
                                                                    },
                                                                    "cumulative_cardinality": 0,
                                                                    "operator_type": "HASH_JOIN",
                                                                    "operator_cardinality": 7,
                                                                    "cumulative_rows_scanned": 0,
                                                                    "operator_rows_scanned": 0,
                                                                    "operator_timing": 0.000102388,
                                                                    "children": [
                                                                      {
                                                                        "total_bytes_written": 0,
                                                                        "total_bytes_read": 0,
                                                                        "result_set_size": 56,
                                                                        "operator_name": "SEQ_SCAN ",
                                                                        "cpu_time": 0.0,
                                                                        "extra_info": {
                                                                          "Table": "date_dim",
                                                                          "Type": "Sequential Scan",
                                                                          "Projections": [
                                                                            "d_date_sk",
                                                                            "d_week_seq"
                                                                          ],
                                                                          "Filters": "d_date_sk>=2450816 AND d_date_sk<=2452642",
                                                                          "Estimated Cardinality": "73049"
                                                                        },
                                                                        "cumulative_cardinality": 0,
                                                                        "operator_type": "TABLE_SCAN",
                                                                        "operator_cardinality": 7,
                                                                        "cumulative_rows_scanned": 0,
                                                                        "operator_rows_scanned": 73049,
                                                                        "operator_timing": 0.000109673,
                                                                        "children": []
                                                                      },
                                                                      {
                                                                        "total_bytes_written": 0,
                                                                        "total_bytes_read": 0,
                                                                        "result_set_size": 4,
                                                                        "operator_name": "PROJECTION",
                                                                        "cpu_time": 0.0,
                                                                        "extra_info": {
                                                                          "Projections": [
                                                                            "CASE  WHEN ((#1 > 1)) THEN (\"error\"('More than one row returned by a subquery used as an expression - scalar subqueries can only return a single row.",
                                                                            "Use \"SET scalar_subquery_error_on_multiple_rows=false\" to revert to previous behavior of returning a random row.')) ELSE #0 END"
                                                                          ],
                                                                          "Estimated Cardinality": "1"
                                                                        },
                                                                        "cumulative_cardinality": 0,
                                                                        "operator_type": "PROJECTION",
                                                                        "operator_cardinality": 1,
                                                                        "cumulative_rows_scanned": 0,
                                                                        "operator_rows_scanned": 0,
                                                                        "operator_timing": 3.755e-06,
                                                                        "children": [
                                                                          {
                                                                            "total_bytes_written": 0,
                                                                            "total_bytes_read": 0,
                                                                            "result_set_size": 12,
                                                                            "operator_name": "UNGROUPED_AGGREGATE",
                                                                            "cpu_time": 0.0,
                                                                            "extra_info": {
                                                                              "Aggregates": [
                                                                                "\"first\"(#0)",
                                                                                "count_star()"
                                                                              ]
                                                                            },
                                                                            "cumulative_cardinality": 0,
                                                                            "operator_type": "UNGROUPED_AGGREGATE",
                                                                            "operator_cardinality": 1,
                                                                            "cumulative_rows_scanned": 0,
                                                                            "operator_rows_scanned": 0,
                                                                            "operator_timing": 6.784000000000001e-06,
                                                                            "children": [
                                                                              {
                                                                                "total_bytes_written": 0,
                                                                                "total_bytes_read": 0,
                                                                                "result_set_size": 4,
                                                                                "operator_name": "PROJECTION",
                                                                                "cpu_time": 0.0,
                                                                                "extra_info": {
                                                                                  "Projections": "#0",
                                                                                  "Estimated Cardinality": "585"
                                                                                },
                                                                                "cumulative_cardinality": 0,
                                                                                "operator_type": "PROJECTION",
                                                                                "operator_cardinality": 1,
                                                                                "cumulative_rows_scanned": 0,
                                                                                "operator_rows_scanned": 0,
                                                                                "operator_timing": 8.48e-07,
                                                                                "children": [
                                                                                  {
                                                                                    "total_bytes_written": 0,
                                                                                    "total_bytes_read": 0,
                                                                                    "result_set_size": 4,
                                                                                    "operator_name": "SEQ_SCAN ",
                                                                                    "cpu_time": 0.0,
                                                                                    "extra_info": {
                                                                                      "Table": "date_dim",
                                                                                      "Type": "Sequential Scan",
                                                                                      "Projections": "d_week_seq",
                                                                                      "Filters": [
                                                                                        "d_year=1999",
                                                                                        "d_moy=12",
                                                                                        "d_dom=12"
                                                                                      ],
                                                                                      "Estimated Cardinality": "585"
                                                                                    },
                                                                                    "cumulative_cardinality": 0,
                                                                                    "operator_type": "TABLE_SCAN",
                                                                                    "operator_cardinality": 1,
                                                                                    "cumulative_rows_scanned": 0,
                                                                                    "operator_rows_scanned": 73049,
                                                                                    "operator_timing": 8.1379e-05,
                                                                                    "children": []
                                                                                  }
                                                                                ]
                                                                              }
                                                                            ]
                                                                          }
                                                                        ]
                                                                      }
                                                                    ]
                                                                  }
                                                                ]
                                                              }
                                                            ]
                                                          }
                                                        ]
                                                      }
                                                    ]
                                                  }
                                                ]
                                              }
                                            ]
                                          }
                                        ]
                                      },
                                      {
                                        "total_bytes_written": 0,
                                        "total_bytes_read": 0,
                                        "result_set_size": 8,
                                        "operator_name": "PROJECTION",
                                        "cpu_time": 0.0,
                                        "extra_info": {
                                          "Projections": [
                                            "CASE  WHEN ((#1 > 1)) THEN (\"error\"('More than one row returned by a subquery used as an expression - scalar subqueries can only return a single row.",
                                            "Use \"SET scalar_subquery_error_on_multiple_rows=false\" to revert to previous behavior of returning a random row.')) ELSE #0 END"
                                          ],
                                          "Estimated Cardinality": "1"
                                        },
                                        "cumulative_cardinality": 0,
                                        "operator_type": "PROJECTION",
                                        "operator_cardinality": 1,
                                        "cumulative_rows_scanned": 0,
                                        "operator_rows_scanned": 0,
                                        "operator_timing": 2.652e-06,
                                        "children": [
                                          {
                                            "total_bytes_written": 0,
                                            "total_bytes_read": 0,
                                            "result_set_size": 16,
                                            "operator_name": "UNGROUPED_AGGREGATE",
                                            "cpu_time": 0.0,
                                            "extra_info": {
                                              "Aggregates": [
                                                "\"first\"(#0)",
                                                "count_star()"
                                              ]
                                            },
                                            "cumulative_cardinality": 0,
                                            "operator_type": "UNGROUPED_AGGREGATE",
                                            "operator_cardinality": 1,
                                            "cumulative_rows_scanned": 0,
                                            "operator_rows_scanned": 0,
                                            "operator_timing": 5.572e-06,
                                            "children": [
                                              {
                                                "total_bytes_written": 0,
                                                "total_bytes_read": 0,
                                                "result_set_size": 8,
                                                "operator_name": "PROJECTION",
                                                "cpu_time": 0.0,
                                                "extra_info": {
                                                  "Projections": "#0",
                                                  "Estimated Cardinality": "1"
                                                },
                                                "cumulative_cardinality": 0,
                                                "operator_type": "PROJECTION",
                                                "operator_cardinality": 1,
                                                "cumulative_rows_scanned": 0,
                                                "operator_rows_scanned": 0,
                                                "operator_timing": 9.08e-07,
                                                "children": [
                                                  {
                                                    "total_bytes_written": 0,
                                                    "total_bytes_read": 0,
                                                    "result_set_size": 8,
                                                    "operator_name": "CTE_SCAN",
                                                    "cpu_time": 0.0,
                                                    "extra_info": {
                                                      "CTE Index": "37",
                                                      "Estimated Cardinality": "1"
                                                    },
                                                    "cumulative_cardinality": 0,
                                                    "operator_type": "CTE_SCAN",
                                                    "operator_cardinality": 1,
                                                    "cumulative_rows_scanned": 0,
                                                    "operator_rows_scanned": 0,
                                                    "operator_timing": 2.954e-06,
                                                    "children": []
                                                  }
                                                ]
                                              }
                                            ]
                                          }
                                        ]
                                      }
                                    ]
                                  }
                                ]
                              }
                            ]
                          }
                        ]
                      }
                    ]
                  }
                ]
              }
            ]
          }
        ]
      }
    ]
  },
  "actual_rows": 0
}