{
  "execution_time_ms": 79.3,
  "plan_text": "\u250c\u2500\u2500\u2500\u2500\u2500\u2500\u2500\u2500\u2500\u2500\u2500\u2500\u2500\u2500\u2500\u2500\u2500\u2500\u2500\u2500\u2500\u2500\u2500\u2500\u2500\u2500\u2500\u2500\u2500\u2500\u2500\u2500\u2500\u2500\u2500\u2500\u2500\u2510\n\u2502\u250c\u2500\u2500\u2500\u2500\u2500\u2500\u2500\u2500\u2500\u2500\u2500\u2500\u2500\u2500\u2500\u2500\u2500\u2500\u2500\u2500\u2500\u2500\u2500\u2500\u2500\u2500\u2500\u2500\u2500\u2500\u2500\u2500\u2500\u2500\u2500\u2510\u2502\n\u2502\u2502    Query Profiling Information    \u2502\u2502\n\u2502\u2514\u2500\u2500\u2500\u2500\u2500\u2500\u2500\u2500\u2500\u2500\u2500\u2500\u2500\u2500\u2500\u2500\u2500\u2500\u2500\u2500\u2500\u2500\u2500\u2500\u2500\u2500\u2500\u2500\u2500\u2500\u2500\u2500\u2500\u2500\u2500\u2518\u2502\n\u2514\u2500\u2500\u2500\u2500\u2500\u2500\u2500\u2500\u2500\u2500\u2500\u2500\u2500\u2500\u2500\u2500\u2500\u2500\u2500\u2500\u2500\u2500\u2500\u2500\u2500\u2500\u2500\u2500\u2500\u2500\u2500\u2500\u2500\u2500\u2500\u2500\u2500\u2518\nEXPLAIN ANALYZE select  c_customer_sk, c_first_name, c_last_name, count(*) as cnt FROM store_sales, store_returns, web_sales, date_dim d1, date_dim d2, item, customer, customer_address, household_demographics WHERE ss_ticket_number = sr_ticket_number AND ss_customer_sk = ws_bill_customer_sk AND ss_customer_sk = c_customer_sk AND c_current_addr_sk = ca_address_sk AND c_current_hdemo_sk = hd_demo_sk AND ss_item_sk = sr_item_sk AND sr_item_sk = ws_item_sk AND i_item_sk = ss_item_sk AND i_category IN ('Children', 'Home', 'Women') AND sr_returned_date_sk = d1.d_date_sk AND ws_sold_date_sk = d2.d_date_sk AND d2.d_date between d1.d_date AND (d1.d_date + interval '90 day') AND ca_state in ('AR', 'GA', 'IN', 'KY', 'VA') AND d1.d_year = 2000 AND hd_income_band_sk BETWEEN 8 AND 14 AND hd_buy_potential = '501-1000' AND ss_sales_price / ss_list_price BETWEEN 76 * 0.01 AND 96 * 0.01 GROUP BY c_customer_sk, c_first_name, c_last_name ORDER BY cnt \n\u250c\u2500\u2500\u2500\u2500\u2500\u2500\u2500\u2500\u2500\u2500\u2500\u2500\u2500\u2500\u2500\u2500\u2500\u2500\u2500\u2500\u2500\u2500\u2500\u2500\u2500\u2500\u2500\u2500\u2500\u2500\u2500\u2500\u2500\u2500\u2500\u2500\u2500\u2500\u2500\u2500\u2500\u2500\u2500\u2500\u2500\u2500\u2500\u2500\u2510\n\u2502\u250c\u2500\u2500\u2500\u2500\u2500\u2500\u2500\u2500\u2500\u2500\u2500\u2500\u2500\u2500\u2500\u2500\u2500\u2500\u2500\u2500\u2500\u2500\u2500\u2500\u2500\u2500\u2500\u2500\u2500\u2500\u2500\u2500\u2500\u2500\u2500\u2500\u2500\u2500\u2500\u2500\u2500\u2500\u2500\u2500\u2500\u2500\u2510\u2502\n\u2502\u2502              Total Time: 0.0813s             \u2502\u2502\n\u2502\u2514\u2500\u2500\u2500\u2500\u2500\u2500\u2500\u2500\u2500\u2500\u2500\u2500\u2500\u2500\u2500\u2500\u2500\u2500\u2500\u2500\u2500\u2500\u2500\u2500\u2500\u2500\u2500\u2500\u2500\u2500\u2500\u2500\u2500\u2500\u2500\u2500\u2500\u2500\u2500\u2500\u2500\u2500\u2500\u2500\u2500\u2500\u2518\u2502\n\u2514\u2500\u2500\u2500\u2500\u2500\u2500\u2500\u2500\u2500\u2500\u2500\u2500\u2500\u2500\u2500\u2500\u2500\u2500\u2500\u2500\u2500\u2500\u2500\u2500\u2500\u2500\u2500\u2500\u2500\u2500\u2500\u2500\u2500\u2500\u2500\u2500\u2500\u2500\u2500\u2500\u2500\u2500\u2500\u2500\u2500\u2500\u2500\u2500\u2518\n\u250c\u2500\u2500\u2500\u2500\u2500\u2500\u2500\u2500\u2500\u2500\u2500\u2500\u2500\u2500\u2500\u2500\u2500\u2500\u2500\u2500\u2500\u2510\n\u2502        QUERY        \u2502\n\u2514\u2500\u2500\u2500\u2500\u2500\u2500\u2500\u2500\u2500\u2500\u252c\u2500\u2500\u2500\u2500\u2500\u2500\u2500\u2500\u2500\u2500\u2518\n\u250c\u2500\u2500\u2500\u2500\u2500\u2500\u2500\u2500\u2500\u2500\u2534\u2500\u2500\u2500\u2500\u2500\u2500\u2500\u2500\u2500\u2500\u2510\n\u2502   EXPLAIN_ANALYZE   \u2502\n\u2502    \u2500\u2500\u2500\u2500\u2500\u2500\u2500\u2500\u2500\u2500\u2500\u2500\u2500\u2500   \u2502\n\u2502        0 rows       \u2502\n\u2502       (0.00s)       \u2502\n\u2514\u2500\u2500\u2500\u2500\u2500\u2500\u2500\u2500\u2500\u2500\u252c\u2500\u2500\u2500\u2500\u2500\u2500\u2500\u2500\u2500\u2500\u2518\n\u250c\u2500\u2500\u2500\u2500\u2500\u2500\u2500\u2500\u2500\u2500\u2534\u2500\u2500\u2500\u2500\u2500\u2500\u2500\u2500\u2500\u2500\u2510\n\u2502      PROJECTION     \u2502\n\u2502    \u2500\u2500\u2500\u2500\u2500\u2500\u2500\u2500\u2500\u2500\u2500\u2500\u2500\u2500   \u2502\n\u2502          #0         \u2502\n\u2502__internal_decompress\u2502\n\u2502     _string(#1)     \u2502\n\u2502__internal_decompress\u2502\n\u2502     _string(#2)     \u2502\n\u2502          #3         \u2502\n\u2502                     \u2502\n\u2502        0 rows       \u2502\n\u2502       (0.00s)       \u2502\n\u2514\u2500\u2500\u2500\u2500\u2500\u2500\u2500\u2500\u2500\u2500\u252c\u2500\u2500\u2500\u2500\u2500\u2500\u2500\u2500\u2500\u2500\u2518\n\u250c\u2500\u2500\u2500\u2500\u2500\u2500\u2500\u2500\u2500\u2500\u2534\u2500\u2500\u2500\u2500\u2500\u2500\u2500\u2500\u2500\u2500\u2510\n\u2502       ORDER_BY      \u2502\n\u2502    \u2500\u2500\u2500\u2500\u2500\u2500\u2500\u2500\u2500\u2500\u2500\u2500\u2500\u2500   \u2502\n\u2502   count_star() ASC  \u2502\n\u2502                     \u2502\n\u2502        0 rows       \u2502\n\u2502       (0.00s)       \u2502\n\u2514\u2500\u2500\u2500\u2500\u2500\u2500\u2500\u2500\u2500\u2500\u252c\u2500\u2500\u2500\u2500\u2500\u2500\u2500\u2500\u2500\u2500\u2518\n\u250c\u2500\u2500\u2500\u2500\u2500\u2500\u2500\u2500\u2500\u2500\u2534\u2500\u2500\u2500\u2500\u2500\u2500\u2500\u2500\u2500\u2500\u2510\n\u2502      PROJECTION     \u2502\n\u2502    \u2500\u2500\u2500\u2500\u2500\u2500\u2500\u2500\u2500\u2500\u2500\u2500\u2500\u2500   \u2502\n\u2502          #0         \u2502\n\u2502__internal_compress_s\u2502\n\u2502  tring_uhugeint(#1) \u2502\n\u2502__internal_compress_s\u2502\n\u2502  tring_uhugeint(#2) \u2502\n\u2502          #3         \u2502\n\u2502                     \u2502\n\u2502        0 rows       \u2502\n\u2502       (0.00s)       \u2502\n\u2514\u2500\u2500\u2500\u2500\u2500\u2500\u2500\u2500\u2500\u2500\u252c\u2500\u2500\u2500\u2500\u2500\u2500\u2500\u2500\u2500\u2500\u2518\n\u250c\u2500\u2500\u2500\u2500\u2500\u2500\u2500\u2500\u2500\u2500\u2534\u2500\u2500\u2500\u2500\u2500\u2500\u2500\u2500\u2500\u2500\u2510\n\u2502      PROJECTION     \u2502\n\u2502    \u2500\u2500\u2500\u2500\u2500\u2500\u2500\u2500\u2500\u2500\u2500\u2500\u2500\u2500   \u2502\n\u2502          #0         \u2502\n\u2502__internal_decompress\u2502\n\u2502     _string(#1)     \u2502\n\u2502__internal_decompress\u2502\n\u2502     _string(#2)     \u2502\n\u2502          #3         \u2502\n\u2502                     \u2502\n\u2502        0 rows       \u2502\n\u2502       (0.00s)       \u2502\n\u2514\u2500\u2500\u2500\u2500\u2500\u2500\u2500\u2500\u2500\u2500\u252c\u2500\u2500\u2500\u2500\u2500\u2500\u2500\u2500\u2500\u2500\u2518\n\u250c\u2500\u2500\u2500\u2500\u2500\u2500\u2500\u2500\u2500\u2500\u2534\u2500\u2500\u2500\u2500\u2500\u2500\u2500\u2500\u2500\u2500\u2510\n\u2502    HASH_GROUP_BY    \u2502\n\u2502    \u2500\u2500\u2500\u2500\u2500\u2500\u2500\u2500\u2500\u2500\u2500\u2500\u2500\u2500   \u2502\n\u2502       Groups:       \u2502\n\u2502          #0         \u2502\n\u2502          #1         \u2502\n\u2502          #2         \u2502\n\u2502                     \u2502\n\u2502     Aggregates:     \u2502\n\u2502     count_star()    \u2502\n\u2502                     \u2502\n\u2502        0 rows       \u2502\n\u2502       (0.00s)       \u2502\n\u2514\u2500\u2500\u2500\u2500\u2500\u2500\u2500\u2500\u2500\u2500\u252c\u2500\u2500\u2500\u2500\u2500\u2500\u2500\u2500\u2500\u2500\u2518\n\u250c\u2500\u2500\u2500\u2500\u2500\u2500\u2500\u2500\u2500\u2500\u2534\u2500\u2500\u2500\u2500\u2500\u2500\u2500\u2500\u2500\u2500\u2510\n\u2502      PROJECTION     \u2502\n\u2502    \u2500\u2500\u2500\u2500\u2500\u2500\u2500\u2500\u2500\u2500\u2500\u2500\u2500\u2500   \u2502\n\u2502    c_customer_sk    \u2502\n\u2502     c_first_name    \u2502\n\u2502     c_last_name     \u2502\n\u2502                     \u2502\n\u2502        0 rows       \u2502\n\u2502       (0.00s)       \u2502\n\u2514\u2500\u2500\u2500\u2500\u2500\u2500\u2500\u2500\u2500\u2500\u252c\u2500\u2500\u2500\u2500\u2500\u2500\u2500\u2500\u2500\u2500\u2518\n\u250c\u2500\u2500\u2500\u2500\u2500\u2500\u2500\u2500\u2500\u2500\u2534\u2500\u2500\u2500\u2500\u2500\u2500\u2500\u2500\u2500\u2500\u2510\n\u2502      PROJECTION     \u2502\n\u2502    \u2500\u2500\u2500\u2500\u2500\u2500\u2500\u2500\u2500\u2500\u2500\u2500\u2500\u2500   \u2502\n\u2502__internal_compress_i\u2502\n\u2502 ntegral_usmallint(#0\u2502\n\u2502      , 2450816)     \u2502\n\u2502          #1         \u2502\n\u2502          #4         \u2502\n\u2502__internal_compress_s\u2502\n\u2502  tring_uhugeint(#2) \u2502\n\u2502__internal_compress_s\u2502\n\u2502  tring_uhugeint(#3) \u2502\n\u2502                     \u2502\n\u2502        0 rows       \u2502\n\u2502       (0.00s)       \u2502\n\u2514\u2500\u2500\u2500\u2500\u2500\u2500\u2500\u2500\u2500\u2500\u252c\u2500\u2500\u2500\u2500\u2500\u2500\u2500\u2500\u2500\u2500\u2518\n\u250c\u2500\u2500\u2500\u2500\u2500\u2500\u2500\u2500\u2500\u2500\u2534\u2500\u2500\u2500\u2500\u2500\u2500\u2500\u2500\u2500\u2500\u2510\n\u2502      HASH_JOIN      \u2502\n\u2502    \u2500\u2500\u2500\u2500\u2500\u2500\u2500\u2500\u2500\u2500\u2500\u2500\u2500\u2500   \u2502\n\u2502      Join Type:     \u2502\n\u2502        INNER        \u2502\n\u2502                     \u2502\n\u2502     Conditions:     \u2502\n\u2502     d_date_sk =     \u2502\n\u2502    ws_sold_date_sk  \u2502\n\u2502    CAST(d_date AS   \u2502\n\u2502  TIMESTAMP) >= CAST \u251c\u2500\u2500\u2500\u2500\u2500\u2500\u2500\u2500\u2500\u2500\u2500\u2510\n\u2502(d_date AS TIMESTAMP)\u2502           \u2502\n\u2502    CAST(d_date AS   \u2502           \u2502\n\u2502    TIMESTAMP) <=    \u2502           \u2502\n\u2502 (d_date + '90 days':\u2502           \u2502\n\u2502      :INTERVAL)     \u2502           \u2502\n\u2502                     \u2502           \u2502\n\u2502        0 rows       \u2502           \u2502\n\u2502       (0.00s)       \u2502           \u2502\n\u2514\u2500\u2500\u2500\u2500\u2500\u2500\u2500\u2500\u2500\u2500\u252c\u2500\u2500\u2500\u2500\u2500\u2500\u2500\u2500\u2500\u2500\u2518           \u2502\n\u250c\u2500\u2500\u2500\u2500\u2500\u2500\u2500\u2500\u2500\u2500\u2534\u2500\u2500\u2500\u2500\u2500\u2500\u2500\u2500\u2500\u2500\u2510\u250c\u2500\u2500\u2500\u2500\u2500\u2500\u2500\u2500\u2500\u2500\u2534\u2500\u2500\u2500\u2500\u2500\u2500\u2500\u2500\u2500\u2500\u2510\n\u2502      TABLE_SCAN     \u2502\u2502      HASH_JOIN      \u2502\n\u2502    \u2500\u2500\u2500\u2500\u2500\u2500\u2500\u2500\u2500\u2500\u2500\u2500\u2500\u2500   \u2502\u2502    \u2500\u2500\u2500\u2500\u2500\u2500\u2500\u2500\u2500\u2500\u2500\u2500\u2500\u2500   \u2502\n\u2502   Table: date_dim   \u2502\u2502      Join Type:     \u2502\n\u2502                     \u2502\u2502        INNER        \u2502\n\u2502        Type:        \u2502\u2502                     \u2502\n\u2502   Sequential Scan   \u2502\u2502     Conditions:     \u2502\n\u2502                     \u2502\u2502 ws_bill_customer_sk \u2502\n\u2502     Projections:    \u2502\u2502   = ss_customer_sk  \u2502\n\u2502      d_date_sk      \u2502\u2502     ws_item_sk =    \u2502\n\u2502        d_date       \u2502\u2502      ss_item_sk     \u251c\u2500\u2500\u2500\u2500\u2500\u2500\u2500\u2500\u2500\u2500\u2500\u2510\n\u2502                     \u2502\u2502                     \u2502           \u2502\n\u2502       Filters:      \u2502\u2502                     \u2502           \u2502\n\u2502  d_date_sk>=2450816 \u2502\u2502                     \u2502           \u2502\n\u2502    AND d_date_sk<   \u2502\u2502                     \u2502           \u2502\n\u2502       =2452642      \u2502\u2502                     \u2502           \u2502\n\u2502                     \u2502\u2502                     \u2502           \u2502\n\u2502      1,070 rows     \u2502\u2502        0 rows       \u2502           \u2502\n\u2502       (0.00s)       \u2502\u2502       (0.04s)       \u2502           \u2502\n\u2514\u2500\u2500\u2500\u2500\u2500\u2500\u2500\u2500\u2500\u2500\u2500\u2500\u2500\u2500\u2500\u2500\u2500\u2500\u2500\u2500\u2500\u2518\u2514\u2500\u2500\u2500\u2500\u2500\u2500\u2500\u2500\u2500\u2500\u252c\u2500\u2500\u2500\u2500\u2500\u2500\u2500\u2500\u2500\u2500\u2518           \u2502\n                       \u250c\u2500\u2500\u2500\u2500\u2500\u2500\u2500\u2500\u2500\u2500\u2534\u2500\u2500\u2500\u2500\u2500\u2500\u2500\u2500\u2500\u2500\u2510\u250c\u2500\u2500\u2500\u2500\u2500\u2500\u2500\u2500\u2500\u2500\u2534\u2500\u2500\u2500\u2500\u2500\u2500\u2500\u2500\u2500\u2500\u2510\n                       \u2502      TABLE_SCAN     \u2502\u2502      HASH_JOIN      \u2502\n                       \u2502    \u2500\u2500\u2500\u2500\u2500\u2500\u2500\u2500\u2500\u2500\u2500\u2500\u2500\u2500   \u2502\u2502    \u2500\u2500\u2500\u2500\u2500\u2500\u2500\u2500\u2500\u2500\u2500\u2500\u2500\u2500   \u2502\n                       \u2502        Table:       \u2502\u2502      Join Type:     \u2502\n                       \u2502      web_sales      \u2502\u2502        INNER        \u2502\n                       \u2502                     \u2502\u2502                     \u2502\n                       \u2502        Type:        \u2502\u2502     Conditions:     \u2502\n                       \u2502   Sequential Scan   \u2502\u2502 c_current_hdemo_sk =\u2502\n                       \u2502                     \u2502\u2502      hd_demo_sk     \u251c\u2500\u2500\u2500\u2500\u2500\u2500\u2500\u2500\u2500\u2500\u2500\u2500\u2500\u2500\u2500\u2500\u2500\u2500\u2500\u2500\u2500\u2500\u2500\u2500\u2500\u2500\u2500\u2500\u2500\u2500\u2500\u2500\u2500\u2500\u2500\u2500\u2500\u2500\u2500\u2500\u2500\u2500\u2500\u2500\u2500\u2500\u2500\u2500\u2500\u2500\u2500\u2500\u2500\u2500\u2500\u2500\u2500\u2500\u2500\u2500\u2500\u2500\u2500\u2500\u2500\u2500\u2500\u2500\u2500\u2500\u2500\u2500\u2500\u2500\u2500\u2500\u2500\u2500\u2500\u2500\u2500\u2500\u2500\u2500\u2500\u2500\u2500\u2500\u2500\u2500\u2500\u2500\u2500\u2500\u2500\u2500\u2500\u2500\u2500\u2500\u2500\u2500\u2500\u2500\u2500\u2500\u2500\u2500\u2500\u2500\u2500\u2500\u2500\u2500\u2500\u2500\u2500\u2500\u2500\u2500\u2500\u2500\u2500\u2500\u2500\u2500\u2500\u2500\u2500\u2500\u2500\u2500\u2500\u2500\u2500\u2500\u2500\u2500\u2500\u2500\u2500\u2500\u2500\u2500\u2500\u2500\u2500\u2500\u2500\u2510\n                       \u2502     Projections:    \u2502\u2502                     \u2502                                                                                                                                                     \u2502\n                       \u2502 ws_bill_customer_sk \u2502\u2502                     \u2502                                                                                                                                                     \u2502\n                       \u2502      ws_item_sk     \u2502\u2502                     \u2502                                                                                                                                                     \u2502\n                       \u2502   ws_sold_date_sk   \u2502\u2502                     \u2502                                                                                                                                                     \u2502\n                       \u2502                     \u2502\u2502                     \u2502                                                                                                                                                     \u2502\n                       \u2502    7,158,808 rows   \u2502\u2502       302 rows      \u2502                                                                                                                                                     \u2502\n                       \u2502       (0.05s)       \u2502\u2502       (0.00s)       \u2502                                                                                                                                                     \u2502\n                       \u2514\u2500\u2500\u2500\u2500\u2500\u2500\u2500\u2500\u2500\u2500\u2500\u2500\u2500\u2500\u2500\u2500\u2500\u2500\u2500\u2500\u2500\u2518\u2514\u2500\u2500\u2500\u2500\u2500\u2500\u2500\u2500\u2500\u2500\u252c\u2500\u2500\u2500\u2500\u2500\u2500\u2500\u2500\u2500\u2500\u2518                                                                                                                                                     \u2502\n                                              \u250c\u2500\u2500\u2500\u2500\u2500\u2500\u2500\u2500\u2500\u2500\u2534\u2500\u2500\u2500\u2500\u2500\u2500\u2500\u2500\u2500\u2500\u2510                                                                                                                                          \u250c\u2500\u2500\u2500\u2500\u2500\u2500\u2500\u2500\u2500\u2500\u2534\u2500\u2500\u2500\u2500\u2500\u2500\u2500\u2500\u2500\u2500\u2510\n                                              \u2502      HASH_JOIN      \u2502                                                                                                                                          \u2502      TABLE_SCAN     \u2502\n                                              \u2502    \u2500\u2500\u2500\u2500\u2500\u2500\u2500\u2500\u2500\u2500\u2500\u2500\u2500\u2500   \u2502                                                                                                                                          \u2502    \u2500\u2500\u2500\u2500\u2500\u2500\u2500\u2500\u2500\u2500\u2500\u2500\u2500\u2500   \u2502\n                                              \u2502      Join Type:     \u2502                                                                                                                                          \u2502        Table:       \u2502\n                                              \u2502        INNER        \u2502                                                                                                                                          \u2502household_demographic\u2502\n                                              \u2502                     \u2502                                                                                                                                          \u2502          s          \u2502\n                                              \u2502     Conditions:     \u2502                                                                                                                                          \u2502                     \u2502\n                                              \u2502 c_current_addr_sk = \u2502                                                                                                                                          \u2502        Type:        \u2502\n                                              \u2502     ca_address_sk   \u2502                                                                                                                                          \u2502   Sequential Scan   \u2502\n                                              \u2502                     \u2502                                                                                                                                          \u2502                     \u2502\n                                              \u2502                     \u2502                                                                                                                                          \u2502     Projections:    \u2502\n                                              \u2502                     \u251c\u2500\u2500\u2500\u2500\u2500\u2500\u2500\u2500\u2500\u2500\u2500\u2500\u2500\u2500\u2500\u2500\u2500\u2500\u2500\u2500\u2500\u2500\u2500\u2500\u2500\u2500\u2500\u2500\u2500\u2500\u2500\u2500\u2500\u2500\u2500\u2500\u2500\u2500\u2500\u2500\u2500\u2500\u2500\u2500\u2500\u2500\u2500\u2500\u2500\u2500\u2500\u2500\u2500\u2500\u2500\u2500\u2500\u2500\u2500\u2500\u2500\u2500\u2500\u2500\u2500\u2500\u2500\u2500\u2500\u2500\u2500\u2500\u2500\u2500\u2500\u2500\u2500\u2500\u2500\u2500\u2500\u2500\u2500\u2500\u2500\u2500\u2500\u2500\u2500\u2500\u2500\u2500\u2500\u2500\u2500\u2500\u2500\u2500\u2500\u2500\u2500\u2500\u2500\u2510                                  \u2502      hd_demo_sk     \u2502\n                                              \u2502                     \u2502                                                                                                       \u2502                                  \u2502                     \u2502\n                                              \u2502                     \u2502                                                                                                       \u2502                                  \u2502       Filters:      \u2502\n                                              \u2502                     \u2502                                                                                                       \u2502                                  \u2502 hd_income_band_sk>=8\u2502\n                                              \u2502                     \u2502                                                                                                       \u2502                                  \u2502 AND hd_income_band_s\u2502\n                                              \u2502                     \u2502                                                                                                       \u2502                                  \u2502        k<=14        \u2502\n                                              \u2502                     \u2502                                                                                                       \u2502                                  \u2502  hd_buy_potential=  \u2502\n                                              \u2502                     \u2502                                                                                                       \u2502                                  \u2502      '501-1000'     \u2502\n                                              \u2502                     \u2502                                                                                                       \u2502                                  \u2502                     \u2502\n                                              \u2502      5,071 rows     \u2502                                                                                                       \u2502                                  \u2502       420 rows      \u2502\n                                              \u2502       (0.00s)       \u2502                                                                                                       \u2502                                  \u2502       (0.00s)       \u2502\n                                              \u2514\u2500\u2500\u2500\u2500\u2500\u2500\u2500\u2500\u2500\u2500\u252c\u2500\u2500\u2500\u2500\u2500\u2500\u2500\u2500\u2500\u2500\u2518                                                                                                       \u2502                                  \u2514\u2500\u2500\u2500\u2500\u2500\u2500\u2500\u2500\u2500\u2500\u2500\u2500\u2500\u2500\u2500\u2500\u2500\u2500\u2500\u2500\u2500\u2518\n                                              \u250c\u2500\u2500\u2500\u2500\u2500\u2500\u2500\u2500\u2500\u2500\u2534\u2500\u2500\u2500\u2500\u2500\u2500\u2500\u2500\u2500\u2500\u2510                                                                                            \u250c\u2500\u2500\u2500\u2500\u2500\u2500\u2500\u2500\u2500\u2500\u2534\u2500\u2500\u2500\u2500\u2500\u2500\u2500\u2500\u2500\u2500\u2510\n                                              \u2502      HASH_JOIN      \u2502                                                                                            \u2502      PROJECTION     \u2502\n                                              \u2502    \u2500\u2500\u2500\u2500\u2500\u2500\u2500\u2500\u2500\u2500\u2500\u2500\u2500\u2500   \u2502                                                                                            \u2502    \u2500\u2500\u2500\u2500\u2500\u2500\u2500\u2500\u2500\u2500\u2500\u2500\u2500\u2500   \u2502\n                                              \u2502      Join Type:     \u2502                                                                                            \u2502          #0         \u2502\n                                              \u2502        INNER        \u2502                                                                                            \u2502                     \u2502\n                                              \u2502                     \u2502                                                                                            \u2502                     \u2502\n                                              \u2502     Conditions:     \u251c\u2500\u2500\u2500\u2500\u2500\u2500\u2500\u2500\u2500\u2500\u2500\u2510                                                                                \u2502                     \u2502\n                                              \u2502   c_customer_sk =   \u2502           \u2502                                                                                \u2502                     \u2502\n                                              \u2502    ss_customer_sk   \u2502           \u2502                                                                                \u2502                     \u2502\n                                              \u2502                     \u2502           \u2502                                                                                \u2502                     \u2502\n                                              \u2502     28,817 rows     \u2502           \u2502                                                                                \u2502     44,742 rows     \u2502\n                                              \u2502       (0.01s)       \u2502           \u2502                                                                                \u2502       (0.00s)       \u2502\n                                              \u2514\u2500\u2500\u2500\u2500\u2500\u2500\u2500\u2500\u2500\u2500\u252c\u2500\u2500\u2500\u2500\u2500\u2500\u2500\u2500\u2500\u2500\u2518           \u2502                                                                                \u2514\u2500\u2500\u2500\u2500\u2500\u2500\u2500\u2500\u2500\u2500\u252c\u2500\u2500\u2500\u2500\u2500\u2500\u2500\u2500\u2500\u2500\u2518\n                                              \u250c\u2500\u2500\u2500\u2500\u2500\u2500\u2500\u2500\u2500\u2500\u2534\u2500\u2500\u2500\u2500\u2500\u2500\u2500\u2500\u2500\u2500\u2510\u250c\u2500\u2500\u2500\u2500\u2500\u2500\u2500\u2500\u2500\u2500\u2534\u2500\u2500\u2500\u2500\u2500\u2500\u2500\u2500\u2500\u2500\u2510                                                                     \u250c\u2500\u2500\u2500\u2500\u2500\u2500\u2500\u2500\u2500\u2500\u2534\u2500\u2500\u2500\u2500\u2500\u2500\u2500\u2500\u2500\u2500\u2510\n                                              \u2502      TABLE_SCAN     \u2502\u2502      HASH_JOIN      \u2502                                                                     \u2502        FILTER       \u2502\n                                              \u2502    \u2500\u2500\u2500\u2500\u2500\u2500\u2500\u2500\u2500\u2500\u2500\u2500\u2500\u2500   \u2502\u2502    \u2500\u2500\u2500\u2500\u2500\u2500\u2500\u2500\u2500\u2500\u2500\u2500\u2500\u2500   \u2502                                                                     \u2502    \u2500\u2500\u2500\u2500\u2500\u2500\u2500\u2500\u2500\u2500\u2500\u2500\u2500\u2500   \u2502\n                                              \u2502   Table: customer   \u2502\u2502      Join Type:     \u2502                                                                     \u2502       IN (...)      \u2502\n                                              \u2502                     \u2502\u2502        INNER        \u2502                                                                     \u2502                     \u2502\n                                              \u2502        Type:        \u2502\u2502                     \u2502                                                                     \u2502                     \u2502\n                                              \u2502   Sequential Scan   \u2502\u2502     Conditions:     \u2502                                                                     \u2502                     \u2502\n                                              \u2502                     \u2502\u2502     ss_item_sk =    \u2502                                                                     \u2502                     \u2502\n                                              \u2502     Projections:    \u2502\u2502       i_item_sk     \u2502                                                                     \u2502                     \u2502\n                                              \u2502    c_customer_sk    \u2502\u2502  ss_ticket_number = \u2502                                                                     \u2502                     \u2502\n                                              \u2502  c_current_addr_sk  \u2502\u2502   sr_ticket_number  \u2502                                                                     \u2502                     \u2502\n                                              \u2502  c_current_hdemo_sk \u2502\u2502                     \u251c\u2500\u2500\u2500\u2500\u2500\u2500\u2500\u2500\u2500\u2500\u2500\u2510                                                         \u2502                     \u2502\n                                              \u2502     c_first_name    \u2502\u2502                     \u2502           \u2502                                                         \u2502                     \u2502\n                                              \u2502     c_last_name     \u2502\u2502                     \u2502           \u2502                                                         \u2502                     \u2502\n                                              \u2502                     \u2502\u2502                     \u2502           \u2502                                                         \u2502                     \u2502\n                                              \u2502       Filters:      \u2502\u2502                     \u2502           \u2502                                                         \u2502                     \u2502\n                                              \u2502 c_customer_sk>=2 AND\u2502\u2502                     \u2502           \u2502                                                         \u2502                     \u2502\n                                              \u2502    c_customer_sk<   \u2502\u2502                     \u2502           \u2502                                                         \u2502                     \u2502\n                                              \u2502       =499998       \u2502\u2502                     \u2502           \u2502                                                         \u2502                     \u2502\n                                              \u2502                     \u2502\u2502                     \u2502           \u2502                                                         \u2502                     \u2502\n                                              \u2502     474,988 rows    \u2502\u2502     30,379 rows     \u2502           \u2502                                                         \u2502     44,742 rows     \u2502\n                                              \u2502       (0.01s)       \u2502\u2502       (0.15s)       \u2502           \u2502                                                         \u2502       (0.00s)       \u2502\n                                              \u2514\u2500\u2500\u2500\u2500\u2500\u2500\u2500\u2500\u2500\u2500\u2500\u2500\u2500\u2500\u2500\u2500\u2500\u2500\u2500\u2500\u2500\u2518\u2514\u2500\u2500\u2500\u2500\u2500\u2500\u2500\u2500\u2500\u2500\u252c\u2500\u2500\u2500\u2500\u2500\u2500\u2500\u2500\u2500\u2500\u2518           \u2502                                                         \u2514\u2500\u2500\u2500\u2500\u2500\u2500\u2500\u2500\u2500\u2500\u252c\u2500\u2500\u2500\u2500\u2500\u2500\u2500\u2500\u2500\u2500\u2518\n                                                                     \u250c\u2500\u2500\u2500\u2500\u2500\u2500\u2500\u2500\u2500\u2500\u2534\u2500\u2500\u2500\u2500\u2500\u2500\u2500\u2500\u2500\u2500\u2510\u250c\u2500\u2500\u2500\u2500\u2500\u2500\u2500\u2500\u2500\u2500\u2534\u2500\u2500\u2500\u2500\u2500\u2500\u2500\u2500\u2500\u2500\u2510                                              \u250c\u2500\u2500\u2500\u2500\u2500\u2500\u2500\u2500\u2500\u2500\u2534\u2500\u2500\u2500\u2500\u2500\u2500\u2500\u2500\u2500\u2500\u2510\n                                                                     \u2502        FILTER       \u2502\u2502      HASH_JOIN      \u2502                                              \u2502      HASH_JOIN      \u2502\n                                                                     \u2502    \u2500\u2500\u2500\u2500\u2500\u2500\u2500\u2500\u2500\u2500\u2500\u2500\u2500\u2500   \u2502\u2502    \u2500\u2500\u2500\u2500\u2500\u2500\u2500\u2500\u2500\u2500\u2500\u2500\u2500\u2500   \u2502                                              \u2502    \u2500\u2500\u2500\u2500\u2500\u2500\u2500\u2500\u2500\u2500\u2500\u2500\u2500\u2500   \u2502\n                                                                     \u2502 ((ss_ticket_number <\u2502\u2502      Join Type:     \u2502                                              \u2502   Join Type: MARK   \u2502\n                                                                     \u2502   = 2399999) AND    \u2502\u2502        INNER        \u2502                                              \u2502                     \u2502\n                                                                     \u2502   (ss_customer_sk   \u2502\u2502                     \u2502                                              \u2502     Conditions:     \u2502\n                                                                     \u2502     BETWEEN 2 AND   \u2502\u2502     Conditions:     \u251c\u2500\u2500\u2500\u2500\u2500\u2500\u2500\u2500\u2500\u2500\u2500\u2500\u2500\u2500\u2500\u2500\u2500\u2500\u2500\u2500\u2500\u2500\u2500\u2500\u2500\u2500\u2500\u2500\u2500\u2500\u2500\u2500\u2500\u2500\u2510           \u2502    ca_state = #0    \u251c\u2500\u2500\u2500\u2500\u2500\u2500\u2500\u2500\u2500\u2500\u2500\u2510\n                                                                     \u2502       499998))      \u2502\u2502     sr_item_sk =    \u2502                                  \u2502           \u2502                     \u2502           \u2502\n                                                                     \u2502                     \u2502\u2502       i_item_sk     \u2502                                  \u2502           \u2502                     \u2502           \u2502\n                                                                     \u2502                     \u2502\u2502                     \u2502                                  \u2502           \u2502                     \u2502           \u2502\n                                                                     \u2502    5,257,642 rows   \u2502\u2502     166,895 rows    \u2502                                  \u2502           \u2502     250,000 rows    \u2502           \u2502\n                                                                     \u2502       (0.07s)       \u2502\u2502       (0.01s)       \u2502                                  \u2502           \u2502       (0.00s)       \u2502           \u2502\n                                                                     \u2514\u2500\u2500\u2500\u2500\u2500\u2500\u2500\u2500\u2500\u2500\u252c\u2500\u2500\u2500\u2500\u2500\u2500\u2500\u2500\u2500\u2500\u2518\u2514\u2500\u2500\u2500\u2500\u2500\u2500\u2500\u2500\u2500\u2500\u252c\u2500\u2500\u2500\u2500\u2500\u2500\u2500\u2500\u2500\u2500\u2518                                  \u2502           \u2514\u2500\u2500\u2500\u2500\u2500\u2500\u2500\u2500\u2500\u2500\u252c\u2500\u2500\u2500\u2500\u2500\u2500\u2500\u2500\u2500\u2500\u2518           \u2502\n                                                                     \u250c\u2500\u2500\u2500\u2500\u2500\u2500\u2500\u2500\u2500\u2500\u2534\u2500\u2500\u2500\u2500\u2500\u2500\u2500\u2500\u2500\u2500\u2510\u250c\u2500\u2500\u2500\u2500\u2500\u2500\u2500\u2500\u2500\u2500\u2534\u2500\u2500\u2500\u2500\u2500\u2500\u2500\u2500\u2500\u2500\u2510                       \u250c\u2500\u2500\u2500\u2500\u2500\u2500\u2500\u2500\u2500\u2500\u2534\u2500\u2500\u2500\u2500\u2500\u2500\u2500\u2500\u2500\u2500\u2510\u250c\u2500\u2500\u2500\u2500\u2500\u2500\u2500\u2500\u2500\u2500\u2534\u2500\u2500\u2500\u2500\u2500\u2500\u2500\u2500\u2500\u2500\u2510\u250c\u2500\u2500\u2500\u2500\u2500\u2500\u2500\u2500\u2500\u2500\u2534\u2500\u2500\u2500\u2500\u2500\u2500\u2500\u2500\u2500\u2500\u2510\n                                                                     \u2502      PROJECTION     \u2502\u2502      HASH_JOIN      \u2502                       \u2502      PROJECTION     \u2502\u2502      TABLE_SCAN     \u2502\u2502   COLUMN_DATA_SCAN  \u2502\n                                                                     \u2502    \u2500\u2500\u2500\u2500\u2500\u2500\u2500\u2500\u2500\u2500\u2500\u2500\u2500\u2500   \u2502\u2502    \u2500\u2500\u2500\u2500\u2500\u2500\u2500\u2500\u2500\u2500\u2500\u2500\u2500\u2500   \u2502                       \u2502    \u2500\u2500\u2500\u2500\u2500\u2500\u2500\u2500\u2500\u2500\u2500\u2500\u2500\u2500   \u2502\u2502    \u2500\u2500\u2500\u2500\u2500\u2500\u2500\u2500\u2500\u2500\u2500\u2500\u2500\u2500   \u2502\u2502                     \u2502\n                                                                     \u2502          #0         \u2502\u2502      Join Type:     \u2502                       \u2502          #0         \u2502\u2502        Table:       \u2502\u2502                     \u2502\n                                                                     \u2502          #1         \u2502\u2502        INNER        \u2502                       \u2502                     \u2502\u2502   customer_address  \u2502\u2502                     \u2502\n                                                                     \u2502          #2         \u2502\u2502                     \u2502                       \u2502                     \u2502\u2502                     \u2502\u2502                     \u2502\n                                                                     \u2502                     \u2502\u2502     Conditions:     \u2502                       \u2502                     \u2502\u2502        Type:        \u2502\u2502                     \u2502\n                                                                     \u2502                     \u2502\u2502 sr_returned_date_sk \u2502                       \u2502                     \u2502\u2502   Sequential Scan   \u2502\u2502                     \u2502\n                                                                     \u2502                     \u2502\u2502     = d_date_sk     \u2502                       \u2502                     \u2502\u2502                     \u2502\u2502                     \u2502\n                                                                     \u2502                     \u2502\u2502                     \u2502                       \u2502                     \u2502\u2502     Projections:    \u2502\u2502                     \u2502\n                                                                     \u2502                     \u2502\u2502                     \u251c\u2500\u2500\u2500\u2500\u2500\u2500\u2500\u2500\u2500\u2500\u2500\u2510           \u2502                     \u2502\u2502    ca_address_sk    \u2502\u2502                     \u2502\n                                                                     \u2502                     \u2502\u2502                     \u2502           \u2502           \u2502                     \u2502\u2502       ca_state      \u2502\u2502                     \u2502\n                                                                     \u2502                     \u2502\u2502                     \u2502           \u2502           \u2502                     \u2502\u2502                     \u2502\u2502                     \u2502\n                                                                     \u2502                     \u2502\u2502                     \u2502           \u2502           \u2502                     \u2502\u2502       Filters:      \u2502\u2502                     \u2502\n                                                                     \u2502                     \u2502\u2502                     \u2502           \u2502           \u2502                     \u2502\u2502  optional: ca_state \u2502\u2502                     \u2502\n                                                                     \u2502                     \u2502\u2502                     \u2502           \u2502           \u2502                     \u2502\u2502  IN ('AR', 'GA', 'IN\u2502\u2502                     \u2502\n                                                                     \u2502                     \u2502\u2502                     \u2502           \u2502           \u2502                     \u2502\u2502    ', 'KY', 'VA')   \u2502\u2502                     \u2502\n                                                                     \u2502                     \u2502\u2502                     \u2502           \u2502           \u2502                     \u2502\u2502                     \u2502\u2502                     \u2502\n                                                                     \u2502    5,322,330 rows   \u2502\u2502     557,699 rows    \u2502           \u2502           \u2502     30,581 rows     \u2502\u2502     250,000 rows    \u2502\u2502        5 rows       \u2502\n                                                                     \u2502       (0.01s)       \u2502\u2502       (0.01s)       \u2502           \u2502           \u2502       (0.00s)       \u2502\u2502       (0.00s)       \u2502\u2502       (0.00s)       \u2502\n                                                                     \u2514\u2500\u2500\u2500\u2500\u2500\u2500\u2500\u2500\u2500\u2500\u252c\u2500\u2500\u2500\u2500\u2500\u2500\u2500\u2500\u2500\u2500\u2518\u2514\u2500\u2500\u2500\u2500\u2500\u2500\u2500\u2500\u2500\u2500\u252c\u2500\u2500\u2500\u2500\u2500\u2500\u2500\u2500\u2500\u2500\u2518           \u2502           \u2514\u2500\u2500\u2500\u2500\u2500\u2500\u2500\u2500\u2500\u2500\u252c\u2500\u2500\u2500\u2500\u2500\u2500\u2500\u2500\u2500\u2500\u2518\u2514\u2500\u2500\u2500\u2500\u2500\u2500\u2500\u2500\u2500\u2500\u2500\u2500\u2500\u2500\u2500\u2500\u2500\u2500\u2500\u2500\u2500\u2518\u2514\u2500\u2500\u2500\u2500\u2500\u2500\u2500\u2500\u2500\u2500\u2500\u2500\u2500\u2500\u2500\u2500\u2500\u2500\u2500\u2500\u2500\u2518\n                                                                     \u250c\u2500\u2500\u2500\u2500\u2500\u2500\u2500\u2500\u2500\u2500\u2534\u2500\u2500\u2500\u2500\u2500\u2500\u2500\u2500\u2500\u2500\u2510\u250c\u2500\u2500\u2500\u2500\u2500\u2500\u2500\u2500\u2500\u2500\u2534\u2500\u2500\u2500\u2500\u2500\u2500\u2500\u2500\u2500\u2500\u2510\u250c\u2500\u2500\u2500\u2500\u2500\u2500\u2500\u2500\u2500\u2500\u2534\u2500\u2500\u2500\u2500\u2500\u2500\u2500\u2500\u2500\u2500\u2510\u250c\u2500\u2500\u2500\u2500\u2500\u2500\u2500\u2500\u2500\u2500\u2534\u2500\u2500\u2500\u2500\u2500\u2500\u2500\u2500\u2500\u2500\u2510\n                                                                     \u2502        FILTER       \u2502\u2502      TABLE_SCAN     \u2502\u2502        FILTER       \u2502\u2502        FILTER       \u2502\n                                                                     \u2502    \u2500\u2500\u2500\u2500\u2500\u2500\u2500\u2500\u2500\u2500\u2500\u2500\u2500\u2500   \u2502\u2502    \u2500\u2500\u2500\u2500\u2500\u2500\u2500\u2500\u2500\u2500\u2500\u2500\u2500\u2500   \u2502\u2502    \u2500\u2500\u2500\u2500\u2500\u2500\u2500\u2500\u2500\u2500\u2500\u2500\u2500\u2500   \u2502\u2502    \u2500\u2500\u2500\u2500\u2500\u2500\u2500\u2500\u2500\u2500\u2500\u2500\u2500\u2500   \u2502\n                                                                     \u2502((CAST(ss_sales_price\u2502\u2502        Table:       \u2502\u2502  (d_date_sk BETWEEN \u2502\u2502   ((i_category =    \u2502\n                                                                     \u2502   AS DOUBLE) / CAST \u2502\u2502    store_returns    \u2502\u2502 2450820 AND 2452822)\u2502\u2502   'Children') OR    \u2502\n                                                                     \u2502  (ss_list_price AS  \u2502\u2502                     \u2502\u2502                     \u2502\u2502 (i_category = 'Home'\u2502\n                                                                     \u2502  DOUBLE)) BETWEEN 0 \u2502\u2502        Type:        \u2502\u2502                     \u2502\u2502 ) OR (i_category =  \u2502\n                                                                     \u2502    .76 AND 0.96)    \u2502\u2502   Sequential Scan   \u2502\u2502                     \u2502\u2502      'Women'))      \u2502\n                                                                     \u2502                     \u2502\u2502                     \u2502\u2502                     \u2502\u2502                     \u2502\n                                                                     \u2502                     \u2502\u2502     Projections:    \u2502\u2502                     \u2502\u2502                     \u2502\n                                                                     \u2502                     \u2502\u2502   sr_ticket_number  \u2502\u2502                     \u2502\u2502                     \u2502\n                                                                     \u2502                     \u2502\u2502      sr_item_sk     \u2502\u2502                     \u2502\u2502                     \u2502\n                                                                     \u2502                     \u2502\u2502 sr_returned_date_sk \u2502\u2502                     \u2502\u2502                     \u2502\n                                                                     \u2502                     \u2502\u2502                     \u2502\u2502                     \u2502\u2502                     \u2502\n                                                                     \u2502    5,322,330 rows   \u2502\u2502     557,699 rows    \u2502\u2502       366 rows      \u2502\u2502     30,581 rows     \u2502\n                                                                     \u2502       (0.88s)       \u2502\u2502       (0.02s)       \u2502\u2502       (0.00s)       \u2502\u2502       (0.00s)       \u2502\n                                                                     \u2514\u2500\u2500\u2500\u2500\u2500\u2500\u2500\u2500\u2500\u2500\u252c\u2500\u2500\u2500\u2500\u2500\u2500\u2500\u2500\u2500\u2500\u2518\u2514\u2500\u2500\u2500\u2500\u2500\u2500\u2500\u2500\u2500\u2500\u2500\u2500\u2500\u2500\u2500\u2500\u2500\u2500\u2500\u2500\u2500\u2518\u2514\u2500\u2500\u2500\u2500\u2500\u2500\u2500\u2500\u2500\u2500\u252c\u2500\u2500\u2500\u2500\u2500\u2500\u2500\u2500\u2500\u2500\u2518\u2514\u2500\u2500\u2500\u2500\u2500\u2500\u2500\u2500\u2500\u2500\u252c\u2500\u2500\u2500\u2500\u2500\u2500\u2500\u2500\u2500\u2500\u2518\n                                                                     \u250c\u2500\u2500\u2500\u2500\u2500\u2500\u2500\u2500\u2500\u2500\u2534\u2500\u2500\u2500\u2500\u2500\u2500\u2500\u2500\u2500\u2500\u2510                       \u250c\u2500\u2500\u2500\u2500\u2500\u2500\u2500\u2500\u2500\u2500\u2534\u2500\u2500\u2500\u2500\u2500\u2500\u2500\u2500\u2500\u2500\u2510\u250c\u2500\u2500\u2500\u2500\u2500\u2500\u2500\u2500\u2500\u2500\u2534\u2500\u2500\u2500\u2500\u2500\u2500\u2500\u2500\u2500\u2500\u2510\n                                                                     \u2502      TABLE_SCAN     \u2502                       \u2502      TABLE_SCAN     \u2502\u2502      TABLE_SCAN     \u2502\n                                                                     \u2502    \u2500\u2500\u2500\u2500\u2500\u2500\u2500\u2500\u2500\u2500\u2500\u2500\u2500\u2500   \u2502                       \u2502    \u2500\u2500\u2500\u2500\u2500\u2500\u2500\u2500\u2500\u2500\u2500\u2500\u2500\u2500   \u2502\u2502    \u2500\u2500\u2500\u2500\u2500\u2500\u2500\u2500\u2500\u2500\u2500\u2500\u2500\u2500   \u2502\n                                                                     \u2502        Table:       \u2502                       \u2502   Table: date_dim   \u2502\u2502     Table: item     \u2502\n                                                                     \u2502     store_sales     \u2502                       \u2502                     \u2502\u2502                     \u2502\n                                                                     \u2502                     \u2502                       \u2502        Type:        \u2502\u2502        Type:        \u2502\n                                                                     \u2502        Type:        \u2502                       \u2502   Sequential Scan   \u2502\u2502   Sequential Scan   \u2502\n                                                                     \u2502   Sequential Scan   \u2502                       \u2502                     \u2502\u2502                     \u2502\n                                                                     \u2502                     \u2502                       \u2502     Projections:    \u2502\u2502     Projections:    \u2502\n                                                                     \u2502     Projections:    \u2502                       \u2502      d_date_sk      \u2502\u2502      i_item_sk      \u2502\n                                                                     \u2502   ss_ticket_number  \u2502                       \u2502        d_date       \u2502\u2502      i_category     \u2502\n                                                                     \u2502    ss_customer_sk   \u2502                       \u2502                     \u2502\u2502                     \u2502\n                                                                     \u2502      ss_item_sk     \u2502                       \u2502       Filters:      \u2502\u2502       Filters:      \u2502\n                                                                     \u2502    ss_sales_price   \u2502                       \u2502     d_year=2000     \u2502\u2502 optional: i_category\u2502\n                                                                     \u2502    ss_list_price    \u2502                       \u2502                     \u2502\u2502   IN ('Children',   \u2502\n                                                                     \u2502                     \u2502                       \u2502                     \u2502\u2502   'Home', 'Women')  \u2502\n                                                                     \u2502                     \u2502                       \u2502                     \u2502\u2502                     \u2502\n                                                                     \u2502   28,799,803 rows   \u2502                       \u2502       366 rows      \u2502\u2502     102,000 rows    \u2502\n                                                                     \u2502       (0.24s)       \u2502                       \u2502       (0.00s)       \u2502\u2502       (0.00s)       \u2502\n                                                                     \u2514\u2500\u2500\u2500\u2500\u2500\u2500\u2500\u2500\u2500\u2500\u2500\u2500\u2500\u2500\u2500\u2500\u2500\u2500\u2500\u2500\u2500\u2518                       \u2514\u2500\u2500\u2500\u2500\u2500\u2500\u2500\u2500\u2500\u2500\u2500\u2500\u2500\u2500\u2500\u2500\u2500\u2500\u2500\u2500\u2500\u2518\u2514\u2500\u2500\u2500\u2500\u2500\u2500\u2500\u2500\u2500\u2500\u2500\u2500\u2500\u2500\u2500\u2500\u2500\u2500\u2500\u2500\u2500\u2518\n",
  "plan_json": {
    "total_bytes_written": 0,
    "total_bytes_read": 0,
    "rows_returned": 0,
    "latency": 0.0,
    "result_set_size": 0,
    "query_name": "",
    "blocked_thread_time": 0.0,
    "system_peak_buffer_memory": 0,
    "system_peak_temp_dir_size": 0,
    "cpu_time": 0.0,
    "extra_info": {},
    "cumulative_cardinality": 0,
    "cumulative_rows_scanned": 0,
    "children": [
      {
        "total_bytes_written": 0,
        "total_bytes_read": 0,
        "result_set_size": 0,
        "operator_name": "EXPLAIN_ANALYZE",
        "cpu_time": 0.0,
        "extra_info": {},
        "cumulative_cardinality": 0,
        "operator_type": "EXPLAIN_ANALYZE",
        "operator_cardinality": 0,
        "cumulative_rows_scanned": 0,
        "operator_rows_scanned": 0,
        "operator_timing": 0.0,
        "children": [
          {
            "total_bytes_written": 0,
            "total_bytes_read": 0,
            "result_set_size": 0,
            "operator_name": "PROJECTION",
            "cpu_time": 0.0,
            "extra_info": {
              "Projections": [
                "#0",
                "__internal_decompress_string(#1)",
                "__internal_decompress_string(#2)",
                "#3"
              ],
              "Estimated Cardinality": "0"
            },
            "cumulative_cardinality": 0,
            "operator_type": "PROJECTION",
            "operator_cardinality": 0,
            "cumulative_rows_scanned": 0,
            "operator_rows_scanned": 0,
            "operator_timing": 0.0,
            "children": [
              {
                "total_bytes_written": 0,
                "total_bytes_read": 0,
                "result_set_size": 0,
                "operator_name": "ORDER_BY",
                "cpu_time": 0.0,
                "extra_info": {
                  "Order By": "count_star() ASC"
                },
                "cumulative_cardinality": 0,
                "operator_type": "ORDER_BY",
                "operator_cardinality": 0,
                "cumulative_rows_scanned": 0,
                "operator_rows_scanned": 0,
                "operator_timing": 7.9e-07,
                "children": [
                  {
                    "total_bytes_written": 0,
                    "total_bytes_read": 0,
                    "result_set_size": 0,
                    "operator_name": "PROJECTION",
                    "cpu_time": 0.0,
                    "extra_info": {
                      "Projections": [
                        "#0",
                        "__internal_compress_string_uhugeint(#1)",
                        "__internal_compress_string_uhugeint(#2)",
                        "#3"
                      ],
                      "Estimated Cardinality": "17263"
                    },
                    "cumulative_cardinality": 0,
                    "operator_type": "PROJECTION",
                    "operator_cardinality": 0,
                    "cumulative_rows_scanned": 0,
                    "operator_rows_scanned": 0,
                    "operator_timing": 0.0,
                    "children": [
                      {
                        "total_bytes_written": 0,
                        "total_bytes_read": 0,
                        "result_set_size": 0,
                        "operator_name": "PROJECTION",
                        "cpu_time": 0.0,
                        "extra_info": {
                          "Projections": [
                            "#0",
                            "__internal_decompress_string(#1)",
                            "__internal_decompress_string(#2)",
                            "#3"
                          ],
                          "Estimated Cardinality": "17263"
                        },
                        "cumulative_cardinality": 0,
                        "operator_type": "PROJECTION",
                        "operator_cardinality": 0,
                        "cumulative_rows_scanned": 0,
                        "operator_rows_scanned": 0,
                        "operator_timing": 0.0,
                        "children": [
                          {
                            "total_bytes_written": 0,
                            "total_bytes_read": 0,
                            "result_set_size": 0,
                            "operator_name": "HASH_GROUP_BY",
                            "cpu_time": 0.0,
                            "extra_info": {
                              "Groups": [
                                "#0",
                                "#1",
                                "#2"
                              ],
                              "Aggregates": "count_star()",
                              "Estimated Cardinality": "17263"
                            },
                            "cumulative_cardinality": 0,
                            "operator_type": "HASH_GROUP_BY",
                            "operator_cardinality": 0,
                            "cumulative_rows_scanned": 0,
                            "operator_rows_scanned": 0,
                            "operator_timing": 8.91e-07,
                            "children": [
                              {
                                "total_bytes_written": 0,
                                "total_bytes_read": 0,
                                "result_set_size": 0,
                                "operator_name": "PROJECTION",
                                "cpu_time": 0.0,
                                "extra_info": {
                                  "Projections": [
                                    "c_customer_sk",
                                    "c_first_name",
                                    "c_last_name"
                                  ],
                                  "Estimated Cardinality": "17264"
                                },
                                "cumulative_cardinality": 0,
                                "operator_type": "PROJECTION",
                                "operator_cardinality": 0,
                                "cumulative_rows_scanned": 0,
                                "operator_rows_scanned": 0,
                                "operator_timing": 0.0,
                                "children": [
                                  {
                                    "total_bytes_written": 0,
                                    "total_bytes_read": 0,
                                    "result_set_size": 0,
                                    "operator_name": "PROJECTION",
                                    "cpu_time": 0.0,
                                    "extra_info": {
                                      "Projections": [
                                        "__internal_compress_integral_usmallint(#0, 2450816)",
                                        "#1",
                                        "#4",
                                        "__internal_compress_string_uhugeint(#2)",
                                        "__internal_compress_string_uhugeint(#3)"
                                      ],
                                      "Estimated Cardinality": "17264"
                                    },
                                    "cumulative_cardinality": 0,
                                    "operator_type": "PROJECTION",
                                    "operator_cardinality": 0,
                                    "cumulative_rows_scanned": 0,
                                    "operator_rows_scanned": 0,
                                    "operator_timing": 0.0,
                                    "children": [
                                      {
                                        "total_bytes_written": 0,
                                        "total_bytes_read": 0,
                                        "result_set_size": 0,
                                        "operator_name": "HASH_JOIN",
                                        "cpu_time": 0.0,
                                        "extra_info": {
                                          "Join Type": "INNER",
                                          "Conditions": [
                                            "d_date_sk = ws_sold_date_sk",
                                            "CAST(d_date AS TIMESTAMP) >= CAST(d_date AS TIMESTAMP)",
                                            "CAST(d_date AS TIMESTAMP) <= (d_date + '90 days'::INTERVAL)"
                                          ],
                                          "Estimated Cardinality": "17264"
                                        },
                                        "cumulative_cardinality": 0,
                                        "operator_type": "HASH_JOIN",
                                        "operator_cardinality": 0,
                                        "cumulative_rows_scanned": 0,
                                        "operator_rows_scanned": 0,
                                        "operator_timing": 6.706e-06,
                                        "children": [
                                          {
                                            "total_bytes_written": 0,
                                            "total_bytes_read": 0,
                                            "result_set_size": 8560,
                                            "operator_name": "SEQ_SCAN ",
                                            "cpu_time": 0.0,
                                            "extra_info": {
                                              "Table": "date_dim",
                                              "Type": "Sequential Scan",
                                              "Projections": [
                                                "d_date_sk",
                                                "d_date"
                                              ],
                                              "Filters": "d_date_sk>=2450816 AND d_date_sk<=2452642",
                                              "Estimated Cardinality": "73049"
                                            },
                                            "cumulative_cardinality": 0,
                                            "operator_type": "TABLE_SCAN",
                                            "operator_cardinality": 1070,
                                            "cumulative_rows_scanned": 0,
                                            "operator_rows_scanned": 73049,
                                            "operator_timing": 4.2727e-05,
                                            "children": []
                                          },
                                          {
                                            "total_bytes_written": 0,
                                            "total_bytes_read": 0,
                                            "result_set_size": 0,
                                            "operator_name": "HASH_JOIN",
                                            "cpu_time": 0.0,
                                            "extra_info": {
                                              "Join Type": "INNER",
                                              "Conditions": [
                                                "ws_bill_customer_sk = ss_customer_sk",
                                                "ws_item_sk = ss_item_sk"
                                              ],
                                              "Estimated Cardinality": "17264"
                                            },
                                            "cumulative_cardinality": 0,
                                            "operator_type": "HASH_JOIN",
                                            "operator_cardinality": 0,
                                            "cumulative_rows_scanned": 0,
                                            "operator_rows_scanned": 0,
                                            "operator_timing": 0.035357077,
                                            "children": [
                                              {
                                                "total_bytes_written": 0,
                                                "total_bytes_read": 0,
                                                "result_set_size": 85905696,
                                                "operator_name": "SEQ_SCAN ",
                                                "cpu_time": 0.0,
                                                "extra_info": {
                                                  "Table": "web_sales",
                                                  "Type": "Sequential Scan",
                                                  "Projections": [
                                                    "ws_bill_customer_sk",
                                                    "ws_item_sk",
                                                    "ws_sold_date_sk"
                                                  ],
                                                  "Estimated Cardinality": "7197566"
                                                },
                                                "cumulative_cardinality": 0,
                                                "operator_type": "TABLE_SCAN",
                                                "operator_cardinality": 7158808,
                                                "cumulative_rows_scanned": 0,
                                                "operator_rows_scanned": 201531848,
                                                "operator_timing": 0.051038048,
                                                "children": []
                                              },
                                              {
                                                "total_bytes_written": 0,
                                                "total_bytes_read": 0,
                                                "result_set_size": 14496,
                                                "operator_name": "HASH_JOIN",
                                                "cpu_time": 0.0,
                                                "extra_info": {
                                                  "Join Type": "INNER",
                                                  "Conditions": "c_current_hdemo_sk = hd_demo_sk",
                                                  "Estimated Cardinality": "1199"
                                                },
                                                "cumulative_cardinality": 0,
                                                "operator_type": "HASH_JOIN",
                                                "operator_cardinality": 302,
                                                "cumulative_rows_scanned": 0,
                                                "operator_rows_scanned": 0,
                                                "operator_timing": 9.420699999999999e-05,
                                                "children": [
                                                  {
                                                    "total_bytes_written": 0,
                                                    "total_bytes_read": 0,
                                                    "result_set_size": 263692,
                                                    "operator_name": "HASH_JOIN",
                                                    "cpu_time": 0.0,
                                                    "extra_info": {
                                                      "Join Type": "INNER",
                                                      "Conditions": "c_current_addr_sk = ca_address_sk",
                                                      "Estimated Cardinality": "4797"
                                                    },
                                                    "cumulative_cardinality": 0,
                                                    "operator_type": "HASH_JOIN",
                                                    "operator_cardinality": 5071,
                                                    "cumulative_rows_scanned": 0,
                                                    "operator_rows_scanned": 0,
                                                    "operator_timing": 0.0018587430000000002,
                                                    "children": [
                                                      {
                                                        "total_bytes_written": 0,
                                                        "total_bytes_read": 0,
                                                        "result_set_size": 1498484,
                                                        "operator_name": "HASH_JOIN",
                                                        "cpu_time": 0.0,
                                                        "extra_info": {
                                                          "Join Type": "INNER",
                                                          "Conditions": "c_customer_sk = ss_customer_sk",
                                                          "Estimated Cardinality": "29205"
                                                        },
                                                        "cumulative_cardinality": 0,
                                                        "operator_type": "HASH_JOIN",
                                                        "operator_cardinality": 28817,
                                                        "cumulative_rows_scanned": 0,
                                                        "operator_rows_scanned": 0,
                                                        "operator_timing": 0.009010292999999999,
                                                        "children": [
                                                          {
                                                            "total_bytes_written": 0,
                                                            "total_bytes_read": 0,
                                                            "result_set_size": 20899472,
                                                            "operator_name": "SEQ_SCAN ",
                                                            "cpu_time": 0.0,
                                                            "extra_info": {
                                                              "Table": "customer",
                                                              "Type": "Sequential Scan",
                                                              "Projections": [
                                                                "c_customer_sk",
                                                                "c_current_addr_sk",
                                                                "c_current_hdemo_sk",
                                                                "c_first_name",
                                                                "c_last_name"
                                                              ],
                                                              "Filters": "c_customer_sk>=2 AND c_customer_sk<=499998",
                                                              "Estimated Cardinality": "500000"
                                                            },
                                                            "cumulative_cardinality": 0,
                                                            "operator_type": "TABLE_SCAN",
                                                            "operator_cardinality": 474988,
                                                            "cumulative_rows_scanned": 0,
                                                            "operator_rows_scanned": 2500000,
                                                            "operator_timing": 0.006977332000000001,
                                                            "children": []
                                                          },
                                                          {
                                                            "total_bytes_written": 0,
                                                            "total_bytes_read": 0,
                                                            "result_set_size": 364548,
                                                            "operator_name": "HASH_JOIN",
                                                            "cpu_time": 0.0,
                                                            "extra_info": {
                                                              "Join Type": "INNER",
                                                              "Conditions": [
                                                                "ss_item_sk = i_item_sk",
                                                                "ss_ticket_number = sr_ticket_number"
                                                              ],
                                                              "Estimated Cardinality": "29205"
                                                            },
                                                            "cumulative_cardinality": 0,
                                                            "operator_type": "HASH_JOIN",
                                                            "operator_cardinality": 30379,
                                                            "cumulative_rows_scanned": 0,
                                                            "operator_rows_scanned": 0,
                                                            "operator_timing": 0.144731352,
                                                            "children": [
                                                              {
                                                                "total_bytes_written": 0,
                                                                "total_bytes_read": 0,
                                                                "result_set_size": 63091704,
                                                                "operator_name": "FILTER",
                                                                "cpu_time": 0.0,
                                                                "extra_info": {
                                                                  "Expression": "((ss_ticket_number <= 2399999) AND (ss_customer_sk BETWEEN 2 AND 499998))",
                                                                  "Estimated Cardinality": "5760198"
                                                                },
                                                                "cumulative_cardinality": 0,
                                                                "operator_type": "FILTER",
                                                                "operator_cardinality": 5257642,
                                                                "cumulative_rows_scanned": 0,
                                                                "operator_rows_scanned": 0,
                                                                "operator_timing": 0.06392186400000001,
                                                                "children": [
                                                                  {
                                                                    "total_bytes_written": 0,
                                                                    "total_bytes_read": 0,
                                                                    "result_set_size": 63867960,
                                                                    "operator_name": "PROJECTION",
                                                                    "cpu_time": 0.0,
                                                                    "extra_info": {
                                                                      "Projections": [
                                                                        "#0",
                                                                        "#1",
                                                                        "#2"
                                                                      ],
                                                                      "Estimated Cardinality": "5760198"
                                                                    },
                                                                    "cumulative_cardinality": 0,
                                                                    "operator_type": "PROJECTION",
                                                                    "operator_cardinality": 5322330,
                                                                    "cumulative_rows_scanned": 0,
                                                                    "operator_rows_scanned": 0,
                                                                    "operator_timing": 0.005436720000000001,
                                                                    "children": [
                                                                      {
                                                                        "total_bytes_written": 0,
                                                                        "total_bytes_read": 0,
                                                                        "result_set_size": 106446600,
                                                                        "operator_name": "FILTER",
                                                                        "cpu_time": 0.0,
                                                                        "extra_info": {
                                                                          "Expression": "((CAST(ss_sales_price AS DOUBLE) / CAST(ss_list_price AS DOUBLE)) BETWEEN 0.76 AND 0.96)",
                                                                          "Estimated Cardinality": "5760198"
                                                                        },
                                                                        "cumulative_cardinality": 0,
                                                                        "operator_type": "FILTER",
                                                                        "operator_cardinality": 5322330,
                                                                        "cumulative_rows_scanned": 0,
                                                                        "operator_rows_scanned": 0,
                                                                        "operator_timing": 0.8365558569999999,
                                                                        "children": [
                                                                          {
                                                                            "total_bytes_written": 0,
                                                                            "total_bytes_read": 0,
                                                                            "result_set_size": 575996060,
                                                                            "operator_name": "SEQ_SCAN ",
                                                                            "cpu_time": 0.0,
                                                                            "extra_info": {
                                                                              "Table": "store_sales",
                                                                              "Type": "Sequential Scan",
                                                                              "Projections": [
                                                                                "ss_ticket_number",
                                                                                "ss_customer_sk",
                                                                                "ss_item_sk",
                                                                                "ss_sales_price",
                                                                                "ss_list_price"
                                                                              ],
                                                                              "Estimated Cardinality": "28800991"
                                                                            },
                                                                            "cumulative_cardinality": 0,
                                                                            "operator_type": "TABLE_SCAN",
                                                                            "operator_cardinality": 28799803,
                                                                            "cumulative_rows_scanned": 0,
                                                                            "operator_rows_scanned": 806427748,
                                                                            "operator_timing": 0.23879539000000005,
                                                                            "children": []
                                                                          }
                                                                        ]
                                                                      }
                                                                    ]
                                                                  }
                                                                ]
                                                              },
                                                              {
                                                                "total_bytes_written": 0,
                                                                "total_bytes_read": 0,
                                                                "result_set_size": 2670320,
                                                                "operator_name": "HASH_JOIN",
                                                                "cpu_time": 0.0,
                                                                "extra_info": {
                                                                  "Join Type": "INNER",
                                                                  "Conditions": "sr_item_sk = i_item_sk",
                                                                  "Estimated Cardinality": "4758"
                                                                },
                                                                "cumulative_cardinality": 0,
                                                                "operator_type": "HASH_JOIN",
                                                                "operator_cardinality": 166895,
                                                                "cumulative_rows_scanned": 0,
                                                                "operator_rows_scanned": 0,
                                                                "operator_timing": 0.005874787999999999,
                                                                "children": [
                                                                  {
                                                                    "total_bytes_written": 0,
                                                                    "total_bytes_read": 0,
                                                                    "result_set_size": 6692388,
                                                                    "operator_name": "HASH_JOIN",
                                                                    "cpu_time": 0.0,
                                                                    "extra_info": {
                                                                      "Join Type": "INNER",
                                                                      "Conditions": "sr_returned_date_sk = d_date_sk",
                                                                      "Estimated Cardinality": "23044"
                                                                    },
                                                                    "cumulative_cardinality": 0,
                                                                    "operator_type": "HASH_JOIN",
                                                                    "operator_cardinality": 557699,
                                                                    "cumulative_rows_scanned": 0,
                                                                    "operator_rows_scanned": 0,
                                                                    "operator_timing": 0.011500947999999999,
                                                                    "children": [
                                                                      {
                                                                        "total_bytes_written": 0,
                                                                        "total_bytes_read": 0,
                                                                        "result_set_size": 6692388,
                                                                        "operator_name": "SEQ_SCAN ",
                                                                        "cpu_time": 0.0,
                                                                        "extra_info": {
                                                                          "Table": "store_returns",
                                                                          "Type": "Sequential Scan",
                                                                          "Projections": [
                                                                            "sr_ticket_number",
                                                                            "sr_item_sk",
                                                                            "sr_returned_date_sk"
                                                                          ],
                                                                          "Estimated Cardinality": "2877532"
                                                                        },
                                                                        "cumulative_cardinality": 0,
                                                                        "operator_type": "TABLE_SCAN",
                                                                        "operator_cardinality": 557699,
                                                                        "cumulative_rows_scanned": 0,
                                                                        "operator_rows_scanned": 69060768,
                                                                        "operator_timing": 0.020888607000000003,
                                                                        "children": []
                                                                      },
                                                                      {
                                                                        "total_bytes_written": 0,
                                                                        "total_bytes_read": 0,
                                                                        "result_set_size": 2928,
                                                                        "operator_name": "FILTER",
                                                                        "cpu_time": 0.0,
                                                                        "extra_info": {
                                                                          "Expression": "(d_date_sk BETWEEN 2450820 AND 2452822)",
                                                                          "Estimated Cardinality": "585"
                                                                        },
                                                                        "cumulative_cardinality": 0,
                                                                        "operator_type": "FILTER",
                                                                        "operator_cardinality": 366,
                                                                        "cumulative_rows_scanned": 0,
                                                                        "operator_rows_scanned": 0,
                                                                        "operator_timing": 1.0566e-05,
                                                                        "children": [
                                                                          {
                                                                            "total_bytes_written": 0,
                                                                            "total_bytes_read": 0,
                                                                            "result_set_size": 2928,
                                                                            "operator_name": "SEQ_SCAN ",
                                                                            "cpu_time": 0.0,
                                                                            "extra_info": {
                                                                              "Table": "date_dim",
                                                                              "Type": "Sequential Scan",
                                                                              "Projections": [
                                                                                "d_date_sk",
                                                                                "d_date"
                                                                              ],
                                                                              "Filters": "d_year=2000",
                                                                              "Estimated Cardinality": "585"
                                                                            },
                                                                            "cumulative_cardinality": 0,
                                                                            "operator_type": "TABLE_SCAN",
                                                                            "operator_cardinality": 366,
                                                                            "cumulative_rows_scanned": 0,
                                                                            "operator_rows_scanned": 73049,
                                                                            "operator_timing": 2.5925e-05,
                                                                            "children": []
                                                                          }
                                                                        ]
                                                                      }
                                                                    ]
                                                                  },
                                                                  {
                                                                    "total_bytes_written": 0,
                                                                    "total_bytes_read": 0,
                                                                    "result_set_size": 122324,
                                                                    "operator_name": "PROJECTION",
                                                                    "cpu_time": 0.0,
                                                                    "extra_info": {
                                                                      "Projections": "#0",
                                                                      "Estimated Cardinality": "20400"
                                                                    },
                                                                    "cumulative_cardinality": 0,
                                                                    "operator_type": "PROJECTION",
                                                                    "operator_cardinality": 30581,
                                                                    "cumulative_rows_scanned": 0,
                                                                    "operator_rows_scanned": 0,
                                                                    "operator_timing": 3.394000000000003e-06,
                                                                    "children": [
                                                                      {
                                                                        "total_bytes_written": 0,
                                                                        "total_bytes_read": 0,
                                                                        "result_set_size": 611620,
                                                                        "operator_name": "FILTER",
                                                                        "cpu_time": 0.0,
                                                                        "extra_info": {
                                                                          "Expression": "((i_category = 'Children') OR (i_category = 'Home') OR (i_category = 'Women'))",
                                                                          "Estimated Cardinality": "20400"
                                                                        },
                                                                        "cumulative_cardinality": 0,
                                                                        "operator_type": "FILTER",
                                                                        "operator_cardinality": 30581,
                                                                        "cumulative_rows_scanned": 0,
                                                                        "operator_rows_scanned": 0,
                                                                        "operator_timing": 0.000922324,
                                                                        "children": [
                                                                          {
                                                                            "total_bytes_written": 0,
                                                                            "total_bytes_read": 0,
                                                                            "result_set_size": 2040000,
                                                                            "operator_name": "SEQ_SCAN ",
                                                                            "cpu_time": 0.0,
                                                                            "extra_info": {
                                                                              "Table": "item",
                                                                              "Type": "Sequential Scan",
                                                                              "Projections": [
                                                                                "i_item_sk",
                                                                                "i_category"
                                                                              ],
                                                                              "Filters": "optional: i_category IN ('Children', 'Home', 'Women')",
                                                                              "Estimated Cardinality": "102000"
                                                                            },
                                                                            "cumulative_cardinality": 0,
                                                                            "operator_type": "TABLE_SCAN",
                                                                            "operator_cardinality": 102000,
                                                                            "cumulative_rows_scanned": 0,
                                                                            "operator_rows_scanned": 102000,
                                                                            "operator_timing": 0.000346442,
                                                                            "children": []
                                                                          }
                                                                        ]
                                                                      }
                                                                    ]
                                                                  }
                                                                ]
                                                              }
                                                            ]
                                                          }
                                                        ]
                                                      },
                                                      {
                                                        "total_bytes_written": 0,
                                                        "total_bytes_read": 0,
                                                        "result_set_size": 178968,
                                                        "operator_name": "PROJECTION",
                                                        "cpu_time": 0.0,
                                                        "extra_info": {
                                                          "Projections": "#0",
                                                          "Estimated Cardinality": "50000"
                                                        },
                                                        "cumulative_cardinality": 0,
                                                        "operator_type": "PROJECTION",
                                                        "operator_cardinality": 44742,
                                                        "cumulative_rows_scanned": 0,
                                                        "operator_rows_scanned": 0,
                                                        "operator_timing": 1.1370000000000001e-05,
                                                        "children": [
                                                          {
                                                            "total_bytes_written": 0,
                                                            "total_bytes_read": 0,
                                                            "result_set_size": 223710,
                                                            "operator_name": "FILTER",
                                                            "cpu_time": 0.0,
                                                            "extra_info": {
                                                              "Expression": "IN (...)",
                                                              "Estimated Cardinality": "50000"
                                                            },
                                                            "cumulative_cardinality": 0,
                                                            "operator_type": "FILTER",
                                                            "operator_cardinality": 44742,
                                                            "cumulative_rows_scanned": 0,
                                                            "operator_rows_scanned": 0,
                                                            "operator_timing": 0.0005793710000000002,
                                                            "children": [
                                                              {
                                                                "total_bytes_written": 0,
                                                                "total_bytes_read": 0,
                                                                "result_set_size": 1250000,
                                                                "operator_name": "HASH_JOIN",
                                                                "cpu_time": 0.0,
                                                                "extra_info": {
                                                                  "Join Type": "MARK",
                                                                  "Conditions": "ca_state = #0",
                                                                  "Estimated Cardinality": "250000"
                                                                },
                                                                "cumulative_cardinality": 0,
                                                                "operator_type": "HASH_JOIN",
                                                                "operator_cardinality": 250000,
                                                                "cumulative_rows_scanned": 0,
                                                                "operator_rows_scanned": 0,
                                                                "operator_timing": 0.0032151310000000013,
                                                                "children": [
                                                                  {
                                                                    "total_bytes_written": 0,
                                                                    "total_bytes_read": 0,
                                                                    "result_set_size": 5000000,
                                                                    "operator_name": "SEQ_SCAN ",
                                                                    "cpu_time": 0.0,
                                                                    "extra_info": {
                                                                      "Table": "customer_address",
                                                                      "Type": "Sequential Scan",
                                                                      "Projections": [
                                                                        "ca_address_sk",
                                                                        "ca_state"
                                                                      ],
                                                                      "Filters": "optional: ca_state IN ('AR', 'GA', 'IN', 'KY', 'VA')",
                                                                      "Estimated Cardinality": "250000"
                                                                    },
                                                                    "cumulative_cardinality": 0,
                                                                    "operator_type": "TABLE_SCAN",
                                                                    "operator_cardinality": 250000,
                                                                    "cumulative_rows_scanned": 0,
                                                                    "operator_rows_scanned": 750000,
                                                                    "operator_timing": 0.001091357,
                                                                    "children": []
                                                                  },
                                                                  {
                                                                    "total_bytes_written": 0,
                                                                    "total_bytes_read": 0,
                                                                    "result_set_size": 80,
                                                                    "operator_name": "COLUMN_DATA_SCAN",
                                                                    "cpu_time": 0.0,
                                                                    "extra_info": {
                                                                      "Estimated Cardinality": "0"
                                                                    },
                                                                    "cumulative_cardinality": 0,
                                                                    "operator_type": "COLUMN_DATA_SCAN",
                                                                    "operator_cardinality": 5,
                                                                    "cumulative_rows_scanned": 0,
                                                                    "operator_rows_scanned": 0,
                                                                    "operator_timing": 2.897e-06,
                                                                    "children": []
                                                                  }
                                                                ]
                                                              }
                                                            ]
                                                          }
                                                        ]
                                                      }
                                                    ]
                                                  },
                                                  {
                                                    "total_bytes_written": 0,
                                                    "total_bytes_read": 0,
                                                    "result_set_size": 1680,
                                                    "operator_name": "SEQ_SCAN ",
                                                    "cpu_time": 0.0,
                                                    "extra_info": {
                                                      "Table": "household_demographics",
                                                      "Type": "Sequential Scan",
                                                      "Projections": "hd_demo_sk",
                                                      "Filters": [
                                                        "hd_income_band_sk>=8 AND hd_income_band_sk<=14",
                                                        "hd_buy_potential='501-1000'"
                                                      ],
                                                      "Estimated Cardinality": "1800"
                                                    },
                                                    "cumulative_cardinality": 0,
                                                    "operator_type": "TABLE_SCAN",
                                                    "operator_cardinality": 420,
                                                    "cumulative_rows_scanned": 0,
                                                    "operator_rows_scanned": 7200,
                                                    "operator_timing": 5.2607e-05,
                                                    "children": []
                                                  }
                                                ]
                                              }
                                            ]
                                          }
                                        ]
                                      }
                                    ]
                                  }
                                ]
                              }
                            ]
                          }
                        ]
                      }
                    ]
                  }
                ]
              }
            ]
          }
        ]
      }
    ]
  },
  "actual_rows": 0
}