{
  "execution_time_ms": 12.5,
  "plan_text": "\u250c\u2500\u2500\u2500\u2500\u2500\u2500\u2500\u2500\u2500\u2500\u2500\u2500\u2500\u2500\u2500\u2500\u2500\u2500\u2500\u2500\u2500\u2500\u2500\u2500\u2500\u2500\u2500\u2500\u2500\u2500\u2500\u2500\u2500\u2500\u2500\u2500\u2500\u2510\n\u2502\u250c\u2500\u2500\u2500\u2500\u2500\u2500\u2500\u2500\u2500\u2500\u2500\u2500\u2500\u2500\u2500\u2500\u2500\u2500\u2500\u2500\u2500\u2500\u2500\u2500\u2500\u2500\u2500\u2500\u2500\u2500\u2500\u2500\u2500\u2500\u2500\u2510\u2502\n\u2502\u2502    Query Profiling Information    \u2502\u2502\n\u2502\u2514\u2500\u2500\u2500\u2500\u2500\u2500\u2500\u2500\u2500\u2500\u2500\u2500\u2500\u2500\u2500\u2500\u2500\u2500\u2500\u2500\u2500\u2500\u2500\u2500\u2500\u2500\u2500\u2500\u2500\u2500\u2500\u2500\u2500\u2500\u2500\u2518\u2502\n\u2514\u2500\u2500\u2500\u2500\u2500\u2500\u2500\u2500\u2500\u2500\u2500\u2500\u2500\u2500\u2500\u2500\u2500\u2500\u2500\u2500\u2500\u2500\u2500\u2500\u2500\u2500\u2500\u2500\u2500\u2500\u2500\u2500\u2500\u2500\u2500\u2500\u2500\u2518\nEXPLAIN ANALYZE with sr_items as  (select i_item_id item_id,         sum(sr_return_quantity) sr_item_qty  from store_returns,       item,       date_dim  where sr_item_sk = i_item_sk  and   d_date    in \t(select d_date \tfrom date_dim \twhere d_month_seq in \t\t(select d_month_seq \t\tfrom date_dim \t  where d_date in ('2002-02-26','2002-05-03','2002-08-19','2002-11-18')))  and   sr_returned_date_sk   = d_date_sk  and i_category IN ('Home', 'Men')  and i_manager_id BETWEEN 8 and 17  and sr_return_amt / sr_return_quantity between 237 and 266  and sr_reason_sk in (6, 7, 25, 45, 51) group by i_item_id),  cr_items as  (select i_item_id item_id,         sum(cr_return_quantity) cr_item_qty  from catalog_returns,       item,       date_dim  where cr_item_sk = i_item_sk  and   d_date    in \t(select d_date \tfrom date_dim   where d_month_seq in \t\t(select d_month_seq \t\tfrom date_dim \t  \t  where d_date in ('2002-02-26','2002-05-03','2002-08-19','2002-11-18')))  and   cr_returned_date_sk   = d_date_sk  and i_category IN ('Home', 'Men')  and i_manager_id BETWEEN 8 and 17  and cr_return_amount / cr_return_quantity between 237 and 266  and cr_reason_sk in (6, 7, 25, 45, 51)  group by i_item_id),  wr_items as  (select i_item_id item_id,         sum(wr_return_quantity) wr_item_qty  from web_returns,       item,       date_dim  where wr_item_sk = i_item_sk  and   d_date    in \t(select d_date \tfrom date_dim   where d_month_seq in \t\t(select d_month_seq \t\tfrom date_dim \t\t\t  where d_date in ('2002-02-26','2002-05-03','2002-08-19','2002-11-18')))  and   wr_returned_date_sk   = d_date_sk  and i_category IN ('Home', 'Men')  and i_manager_id BETWEEN 8 and 17  and wr_return_amt / wr_return_quantity between 237 and 266  and wr_reason_sk in (6, 7, 25, 45, 51)  group by i_item_id)   select  sr_items.item_id        ,sr_item_qty        ,sr_item_qty/(sr_item_qty+cr_item_qty+wr_item_qty)/3.0 * 100 sr_dev        ,cr_item_qty        ,cr_item_qty/(sr_item_qty+cr_item_qty+wr_item_qty)/3.0 * 100 cr_dev        ,wr_item_qty        ,wr_item_qty/(sr_item_qty+cr_item_qty+wr_item_qty)/3.0 * 100 wr_dev        ,(sr_item_qty+cr_item_qty+wr_item_qty)/3.0 average  from sr_items      ,cr_items      ,wr_items  where sr_items.item_id=cr_items.item_id    and sr_items.item_id=wr_items.item_id  order by sr_items.item_id          ,sr_item_qty  limit 100\n\u250c\u2500\u2500\u2500\u2500\u2500\u2500\u2500\u2500\u2500\u2500\u2500\u2500\u2500\u2500\u2500\u2500\u2500\u2500\u2500\u2500\u2500\u2500\u2500\u2500\u2500\u2500\u2500\u2500\u2500\u2500\u2500\u2500\u2500\u2500\u2500\u2500\u2500\u2500\u2500\u2500\u2500\u2500\u2500\u2500\u2500\u2500\u2500\u2500\u2510\n\u2502\u250c\u2500\u2500\u2500\u2500\u2500\u2500\u2500\u2500\u2500\u2500\u2500\u2500\u2500\u2500\u2500\u2500\u2500\u2500\u2500\u2500\u2500\u2500\u2500\u2500\u2500\u2500\u2500\u2500\u2500\u2500\u2500\u2500\u2500\u2500\u2500\u2500\u2500\u2500\u2500\u2500\u2500\u2500\u2500\u2500\u2500\u2500\u2510\u2502\n\u2502\u2502              Total Time: 0.0131s             \u2502\u2502\n\u2502\u2514\u2500\u2500\u2500\u2500\u2500\u2500\u2500\u2500\u2500\u2500\u2500\u2500\u2500\u2500\u2500\u2500\u2500\u2500\u2500\u2500\u2500\u2500\u2500\u2500\u2500\u2500\u2500\u2500\u2500\u2500\u2500\u2500\u2500\u2500\u2500\u2500\u2500\u2500\u2500\u2500\u2500\u2500\u2500\u2500\u2500\u2500\u2518\u2502\n\u2514\u2500\u2500\u2500\u2500\u2500\u2500\u2500\u2500\u2500\u2500\u2500\u2500\u2500\u2500\u2500\u2500\u2500\u2500\u2500\u2500\u2500\u2500\u2500\u2500\u2500\u2500\u2500\u2500\u2500\u2500\u2500\u2500\u2500\u2500\u2500\u2500\u2500\u2500\u2500\u2500\u2500\u2500\u2500\u2500\u2500\u2500\u2500\u2500\u2518\n\u250c\u2500\u2500\u2500\u2500\u2500\u2500\u2500\u2500\u2500\u2500\u2500\u2500\u2500\u2510\n\u2502    QUERY    \u2502\n\u2514\u2500\u2500\u2500\u2500\u2500\u2500\u252c\u2500\u2500\u2500\u2500\u2500\u2500\u2518\n\u250c\u2500\u2500\u2500\u2500\u2500\u2500\u2534\u2500\u2500\u2500\u2500\u2500\u2500\u2510\n\u2502EXPLAIN_...  \u2502\n\u2502    \u2500\u2500\u2500\u2500\u2500\u2500   \u2502\n\u2502    0 rows   \u2502\n\u2502   (0.00s)   \u2502\n\u2514\u2500\u2500\u2500\u2500\u2500\u2500\u252c\u2500\u2500\u2500\u2500\u2500\u2500\u2518\n\u250c\u2500\u2500\u2500\u2500\u2500\u2500\u2534\u2500\u2500\u2500\u2500\u2500\u2500\u2510\n\u2502    TOP_N    \u2502\n\u2502    \u2500\u2500\u2500\u2500\u2500\u2500   \u2502\n\u2502     Top:    \u2502\n\u2502     100     \u2502\n\u2502             \u2502\n\u2502  Order By:  \u2502\n\u2502   sr_items  \u2502\n\u2502 .item_id ASC\u2502\n\u2502   sr_items  \u2502\n\u2502 .sr_item_qty\u2502\n\u2502      ASC    \u2502\n\u2502             \u2502\n\u2502    0 rows   \u2502\n\u2502   (0.00s)   \u2502\n\u2514\u2500\u2500\u2500\u2500\u2500\u2500\u252c\u2500\u2500\u2500\u2500\u2500\u2500\u2518\n\u250c\u2500\u2500\u2500\u2500\u2500\u2500\u2534\u2500\u2500\u2500\u2500\u2500\u2500\u2510\n\u2502  PROJECTION \u2502\n\u2502    \u2500\u2500\u2500\u2500\u2500\u2500   \u2502\n\u2502   item_id   \u2502\n\u2502 sr_item_qty \u2502\n\u2502    sr_dev   \u2502\n\u2502 cr_item_qty \u2502\n\u2502    cr_dev   \u2502\n\u2502 wr_item_qty \u2502\n\u2502    wr_dev   \u2502\n\u2502   average   \u2502\n\u2502             \u2502\n\u2502    0 rows   \u2502\n\u2502   (0.00s)   \u2502\n\u2514\u2500\u2500\u2500\u2500\u2500\u2500\u252c\u2500\u2500\u2500\u2500\u2500\u2500\u2518\n\u250c\u2500\u2500\u2500\u2500\u2500\u2500\u2534\u2500\u2500\u2500\u2500\u2500\u2500\u2510\n\u2502  PROJECTION \u2502\n\u2502    \u2500\u2500\u2500\u2500\u2500\u2500   \u2502\n\u2502   item_id   \u2502\n\u2502 sr_item_qty \u2502\n\u2502CAST(((sr_ite\u2502\n\u2502m_qty + cr_it\u2502\n\u2502  em_qty) +  \u2502\n\u2502  wr_item_qty\u2502\n\u2502 ) AS DOUBLE)\u2502\n\u2502 cr_item_qty \u2502\n\u2502 wr_item_qty \u2502\n\u2502             \u2502\n\u2502    0 rows   \u2502\n\u2502   (0.00s)   \u2502\n\u2514\u2500\u2500\u2500\u2500\u2500\u2500\u252c\u2500\u2500\u2500\u2500\u2500\u2500\u2518\n\u250c\u2500\u2500\u2500\u2500\u2500\u2500\u2534\u2500\u2500\u2500\u2500\u2500\u2500\u2510\n\u2502  HASH_JOIN  \u2502\n\u2502    \u2500\u2500\u2500\u2500\u2500\u2500   \u2502\n\u2502  Join Type: \u2502\n\u2502    INNER    \u2502\n\u2502             \u2502\n\u2502 Conditions: \u251c\u2500\u2500\u2500\u2500\u2500\u2500\u2500\u2500\u2500\u2500\u2500\u2500\u2500\u2500\u2500\u2500\u2500\u2500\u2500\u2500\u2500\u2500\u2500\u2500\u2500\u2500\u2500\u2500\u2500\u2500\u2500\u2500\u2500\u2500\u2500\u2500\u2500\u2500\u2500\u2500\u2500\u2500\u2500\u2500\u2500\u2500\u2500\u2500\u2500\u2500\u2500\u2500\u2500\u2500\u2500\u2500\u2500\u2500\u2500\u2500\u2500\u2500\u2500\u2500\u2500\u2500\u2500\u2500\u2500\u2500\u2500\u2500\u2500\u2500\u2500\u2500\u2500\u2500\u2500\u2500\u2500\u2500\u2510\n\u2502  item_id =  \u2502                                                                                  \u2502\n\u2502    item_id  \u2502                                                                                  \u2502\n\u2502             \u2502                                                                                  \u2502\n\u2502    0 rows   \u2502                                                                                  \u2502\n\u2502   (0.00s)   \u2502                                                                                  \u2502\n\u2514\u2500\u2500\u2500\u2500\u2500\u2500\u252c\u2500\u2500\u2500\u2500\u2500\u2500\u2518                                                                                  \u2502\n\u250c\u2500\u2500\u2500\u2500\u2500\u2500\u2534\u2500\u2500\u2500\u2500\u2500\u2500\u2510                                                                           \u250c\u2500\u2500\u2500\u2500\u2500\u2500\u2534\u2500\u2500\u2500\u2500\u2500\u2500\u2510\n\u2502HASH_GROUP_BY\u2502                                                                           \u2502  HASH_JOIN  \u2502\n\u2502    \u2500\u2500\u2500\u2500\u2500\u2500   \u2502                                                                           \u2502    \u2500\u2500\u2500\u2500\u2500\u2500   \u2502\n\u2502   Groups:   \u2502                                                                           \u2502  Join Type: \u2502\n\u2502      #0     \u2502                                                                           \u2502    INNER    \u2502\n\u2502             \u2502                                                                           \u2502             \u2502\n\u2502 Aggregates: \u2502                                                                           \u2502 Conditions: \u251c\u2500\u2500\u2500\u2500\u2500\u2500\u2500\u2500\u2500\u2500\u2500\u2500\u2500\u2500\u2500\u2500\u2500\u2500\u2500\u2500\u2500\u2500\u2500\u2500\u2500\u2500\u2500\u2500\u2500\u2500\u2500\u2500\u2500\u2500\u2500\u2500\u2500\u2500\u2500\u2500\u2500\u2500\u2500\u2500\u2500\u2500\u2500\u2500\u2500\u2500\u2500\u2500\u2500\u2500\u2500\u2500\u2500\u2500\u2500\u2500\u2500\u2500\u2500\u2500\u2500\u2500\u2500\u2500\u2500\u2500\u2500\u2500\u2500\u2500\u2500\u2500\u2500\u2500\u2500\u2500\u2500\u2500\u2510\n\u2502   sum(#1)   \u2502                                                                           \u2502  item_id =  \u2502                                                                                  \u2502\n\u2502             \u2502                                                                           \u2502    item_id  \u2502                                                                                  \u2502\n\u2502             \u2502                                                                           \u2502             \u2502                                                                                  \u2502\n\u2502    0 rows   \u2502                                                                           \u2502    0 rows   \u2502                                                                                  \u2502\n\u2502   (0.00s)   \u2502                                                                           \u2502   (0.00s)   \u2502                                                                                  \u2502\n\u2514\u2500\u2500\u2500\u2500\u2500\u2500\u252c\u2500\u2500\u2500\u2500\u2500\u2500\u2518                                                                           \u2514\u2500\u2500\u2500\u2500\u2500\u2500\u252c\u2500\u2500\u2500\u2500\u2500\u2500\u2518                                                                                  \u2502\n\u250c\u2500\u2500\u2500\u2500\u2500\u2500\u2534\u2500\u2500\u2500\u2500\u2500\u2500\u2510                                                                           \u250c\u2500\u2500\u2500\u2500\u2500\u2500\u2534\u2500\u2500\u2500\u2500\u2500\u2500\u2510                                                                           \u250c\u2500\u2500\u2500\u2500\u2500\u2500\u2534\u2500\u2500\u2500\u2500\u2500\u2500\u2510\n\u2502  PROJECTION \u2502                                                                           \u2502HASH_GROUP_BY\u2502                                                                           \u2502HASH_GROUP_BY\u2502\n\u2502    \u2500\u2500\u2500\u2500\u2500\u2500   \u2502                                                                           \u2502    \u2500\u2500\u2500\u2500\u2500\u2500   \u2502                                                                           \u2502    \u2500\u2500\u2500\u2500\u2500\u2500   \u2502\n\u2502  i_item_id  \u2502                                                                           \u2502   Groups:   \u2502                                                                           \u2502   Groups:   \u2502\n\u2502sr_return_qua\u2502                                                                           \u2502      #0     \u2502                                                                           \u2502      #0     \u2502\n\u2502    ntity    \u2502                                                                           \u2502             \u2502                                                                           \u2502             \u2502\n\u2502             \u2502                                                                           \u2502 Aggregates: \u2502                                                                           \u2502 Aggregates: \u2502\n\u2502             \u2502                                                                           \u2502   sum(#1)   \u2502                                                                           \u2502   sum(#1)   \u2502\n\u2502             \u2502                                                                           \u2502             \u2502                                                                           \u2502             \u2502\n\u2502    0 rows   \u2502                                                                           \u2502    1 row    \u2502                                                                           \u2502    0 rows   \u2502\n\u2502   (0.00s)   \u2502                                                                           \u2502   (0.00s)   \u2502                                                                           \u2502   (0.00s)   \u2502\n\u2514\u2500\u2500\u2500\u2500\u2500\u2500\u252c\u2500\u2500\u2500\u2500\u2500\u2500\u2518                                                                           \u2514\u2500\u2500\u2500\u2500\u2500\u2500\u252c\u2500\u2500\u2500\u2500\u2500\u2500\u2518                                                                           \u2514\u2500\u2500\u2500\u2500\u2500\u2500\u252c\u2500\u2500\u2500\u2500\u2500\u2500\u2518\n\u250c\u2500\u2500\u2500\u2500\u2500\u2500\u2534\u2500\u2500\u2500\u2500\u2500\u2500\u2510                                                                           \u250c\u2500\u2500\u2500\u2500\u2500\u2500\u2534\u2500\u2500\u2500\u2500\u2500\u2500\u2510                                                                           \u250c\u2500\u2500\u2500\u2500\u2500\u2500\u2534\u2500\u2500\u2500\u2500\u2500\u2500\u2510\n\u2502  PROJECTION \u2502                                                                           \u2502  PROJECTION \u2502                                                                           \u2502  PROJECTION \u2502\n\u2502    \u2500\u2500\u2500\u2500\u2500\u2500   \u2502                                                                           \u2502    \u2500\u2500\u2500\u2500\u2500\u2500   \u2502                                                                           \u2502    \u2500\u2500\u2500\u2500\u2500\u2500   \u2502\n\u2502      #0     \u2502                                                                           \u2502  i_item_id  \u2502                                                                           \u2502  i_item_id  \u2502\n\u2502      #1     \u2502                                                                           \u2502cr_return_qua\u2502                                                                           \u2502wr_return_qua\u2502\n\u2502__internal_co\u2502                                                                           \u2502    ntity    \u2502                                                                           \u2502    ntity    \u2502\n\u2502mpress_integr\u2502                                                                           \u2502             \u2502                                                                           \u2502             \u2502\n\u2502 al_usmallint\u2502                                                                           \u2502             \u2502                                                                           \u2502             \u2502\n\u2502(#2, 2450820)\u2502                                                                           \u2502             \u2502                                                                           \u2502             \u2502\n\u2502             \u2502                                                                           \u2502             \u2502                                                                           \u2502             \u2502\n\u2502    0 rows   \u2502                                                                           \u2502    1 row    \u2502                                                                           \u2502    0 rows   \u2502\n\u2502   (0.00s)   \u2502                                                                           \u2502   (0.00s)   \u2502                                                                           \u2502   (0.00s)   \u2502\n\u2514\u2500\u2500\u2500\u2500\u2500\u2500\u252c\u2500\u2500\u2500\u2500\u2500\u2500\u2518                                                                           \u2514\u2500\u2500\u2500\u2500\u2500\u2500\u252c\u2500\u2500\u2500\u2500\u2500\u2500\u2518                                                                           \u2514\u2500\u2500\u2500\u2500\u2500\u2500\u252c\u2500\u2500\u2500\u2500\u2500\u2500\u2518\n\u250c\u2500\u2500\u2500\u2500\u2500\u2500\u2534\u2500\u2500\u2500\u2500\u2500\u2500\u2510                                                                           \u250c\u2500\u2500\u2500\u2500\u2500\u2500\u2534\u2500\u2500\u2500\u2500\u2500\u2500\u2510                                                                           \u250c\u2500\u2500\u2500\u2500\u2500\u2500\u2534\u2500\u2500\u2500\u2500\u2500\u2500\u2510\n\u2502  HASH_JOIN  \u2502                                                                           \u2502  HASH_JOIN  \u2502                                                                           \u2502  HASH_JOIN  \u2502\n\u2502    \u2500\u2500\u2500\u2500\u2500\u2500   \u2502                                                                           \u2502    \u2500\u2500\u2500\u2500\u2500\u2500   \u2502                                                                           \u2502    \u2500\u2500\u2500\u2500\u2500\u2500   \u2502\n\u2502  Join Type: \u2502                                                                           \u2502  Join Type: \u2502                                                                           \u2502  Join Type: \u2502\n\u2502    INNER    \u2502                                                                           \u2502     SEMI    \u2502                                                                           \u2502  RIGHT_SEMI \u2502\n\u2502             \u2502                                                                           \u2502             \u2502                                                                           \u2502             \u2502\n\u2502 Conditions: \u2502                                                                           \u2502 Conditions: \u2502                                                                           \u2502 Conditions: \u2502\n\u2502sr_returned_d\u251c\u2500\u2500\u2500\u2500\u2500\u2500\u2500\u2500\u2500\u2500\u2500\u2500\u2500\u2500\u2500\u2500\u2500\u2500\u2500\u2500\u2500\u2500\u2500\u2500\u2500\u2500\u2500\u2500\u2500\u2500\u2500\u2500\u2500\u2500\u2500\u2500\u2500\u2510                                     \u2502 d_date = #0 \u251c\u2500\u2500\u2500\u2500\u2500\u2500\u2500\u2500\u2500\u2500\u2500\u2500\u2500\u2500\u2500\u2500\u2500\u2500\u2500\u2500\u2500\u2500\u2500\u2500\u2500\u2500\u2500\u2500\u2500\u2500\u2500\u2500\u2500\u2500\u2500\u2500\u2500\u2500\u2500\u2500\u2500\u2500\u2500\u2500\u2500\u2500\u2500\u2500\u2500\u2500\u2500\u2500\u2510                      \u2502 #0 = d_date \u251c\u2500\u2500\u2500\u2500\u2500\u2500\u2500\u2500\u2500\u2500\u2500\u2500\u2500\u2500\u2500\u2500\u2500\u2500\u2500\u2500\u2500\u2500\u2510\n\u2502   ate_sk =  \u2502                                     \u2502                                     \u2502             \u2502                                                    \u2502                      \u2502             \u2502                      \u2502\n\u2502   d_date_sk \u2502                                     \u2502                                     \u2502             \u2502                                                    \u2502                      \u2502             \u2502                      \u2502\n\u2502             \u2502                                     \u2502                                     \u2502             \u2502                                                    \u2502                      \u2502             \u2502                      \u2502\n\u2502    0 rows   \u2502                                     \u2502                                     \u2502    1 row    \u2502                                                    \u2502                      \u2502    0 rows   \u2502                      \u2502\n\u2502   (0.00s)   \u2502                                     \u2502                                     \u2502   (0.00s)   \u2502                                                    \u2502                      \u2502   (0.00s)   \u2502                      \u2502\n\u2514\u2500\u2500\u2500\u2500\u2500\u2500\u252c\u2500\u2500\u2500\u2500\u2500\u2500\u2518                                     \u2502                                     \u2514\u2500\u2500\u2500\u2500\u2500\u2500\u252c\u2500\u2500\u2500\u2500\u2500\u2500\u2518                                                    \u2502                      \u2514\u2500\u2500\u2500\u2500\u2500\u2500\u252c\u2500\u2500\u2500\u2500\u2500\u2500\u2518                      \u2502\n\u250c\u2500\u2500\u2500\u2500\u2500\u2500\u2534\u2500\u2500\u2500\u2500\u2500\u2500\u2510                              \u250c\u2500\u2500\u2500\u2500\u2500\u2500\u2534\u2500\u2500\u2500\u2500\u2500\u2500\u2510                              \u250c\u2500\u2500\u2500\u2500\u2500\u2500\u2534\u2500\u2500\u2500\u2500\u2500\u2500\u2510                                             \u250c\u2500\u2500\u2500\u2500\u2500\u2500\u2534\u2500\u2500\u2500\u2500\u2500\u2500\u2510               \u250c\u2500\u2500\u2500\u2500\u2500\u2500\u2534\u2500\u2500\u2500\u2500\u2500\u2500\u2510               \u250c\u2500\u2500\u2500\u2500\u2500\u2500\u2534\u2500\u2500\u2500\u2500\u2500\u2500\u2510\n\u2502  HASH_JOIN  \u2502                              \u2502  HASH_JOIN  \u2502                              \u2502  HASH_JOIN  \u2502                                             \u2502  HASH_JOIN  \u2502               \u2502  HASH_JOIN  \u2502               \u2502  HASH_JOIN  \u2502\n\u2502    \u2500\u2500\u2500\u2500\u2500\u2500   \u2502                              \u2502    \u2500\u2500\u2500\u2500\u2500\u2500   \u2502                              \u2502    \u2500\u2500\u2500\u2500\u2500\u2500   \u2502                                             \u2502    \u2500\u2500\u2500\u2500\u2500\u2500   \u2502               \u2502    \u2500\u2500\u2500\u2500\u2500\u2500   \u2502               \u2502    \u2500\u2500\u2500\u2500\u2500\u2500   \u2502\n\u2502  Join Type: \u2502                              \u2502  Join Type: \u2502                              \u2502  Join Type: \u2502                                             \u2502  Join Type: \u2502               \u2502  Join Type: \u2502               \u2502  Join Type: \u2502\n\u2502    INNER    \u2502                              \u2502     SEMI    \u2502                              \u2502    INNER    \u2502                                             \u2502     SEMI    \u2502               \u2502     SEMI    \u2502               \u2502    INNER    \u2502\n\u2502             \u2502                              \u2502             \u2502                              \u2502             \u2502                                             \u2502             \u2502               \u2502             \u2502               \u2502             \u2502\n\u2502 Conditions: \u2502                              \u2502 Conditions: \u2502                              \u2502 Conditions: \u2502                                             \u2502 Conditions: \u2502               \u2502 Conditions: \u2502               \u2502 Conditions: \u2502\n\u2502 sr_item_sk =\u251c\u2500\u2500\u2500\u2500\u2500\u2500\u2500\u2500\u2500\u2500\u2500\u2500\u2500\u2500\u2500\u2500\u2500\u2500\u2500\u2500\u2500\u2500\u2510       \u2502 d_date = #0 \u251c\u2500\u2500\u2500\u2500\u2500\u2500\u2500\u2510                      \u2502 d_date_sk = \u251c\u2500\u2500\u2500\u2500\u2500\u2500\u2500\u2510                                     \u2502 d_month_seq \u251c\u2500\u2500\u2500\u2500\u2500\u2500\u2500\u2510       \u2502 d_month_seq \u251c\u2500\u2500\u2500\u2500\u2500\u2500\u2500\u2510       \u2502 d_date_sk = \u251c\u2500\u2500\u2500\u2500\u2500\u2500\u2500\u2510\n\u2502   i_item_sk \u2502                      \u2502       \u2502             \u2502       \u2502                      \u2502 cr_returned_\u2502       \u2502                                     \u2502     = #0    \u2502       \u2502       \u2502     = #0    \u2502       \u2502       \u2502 wr_returned_\u2502       \u2502\n\u2502             \u2502                      \u2502       \u2502             \u2502       \u2502                      \u2502   date_sk   \u2502       \u2502                                     \u2502             \u2502       \u2502       \u2502             \u2502       \u2502       \u2502   date_sk   \u2502       \u2502\n\u2502             \u2502                      \u2502       \u2502             \u2502       \u2502                      \u2502             \u2502       \u2502                                     \u2502             \u2502       \u2502       \u2502             \u2502       \u2502       \u2502             \u2502       \u2502\n\u2502    0 rows   \u2502                      \u2502       \u2502   120 rows  \u2502       \u2502                      \u2502    1 row    \u2502       \u2502                                     \u2502   120 rows  \u2502       \u2502       \u2502   120 rows  \u2502       \u2502       \u2502    6 rows   \u2502       \u2502\n\u2502   (0.00s)   \u2502                      \u2502       \u2502   (0.00s)   \u2502       \u2502                      \u2502   (0.00s)   \u2502       \u2502                                     \u2502   (0.00s)   \u2502       \u2502       \u2502   (0.00s)   \u2502       \u2502       \u2502   (0.00s)   \u2502       \u2502\n\u2514\u2500\u2500\u2500\u2500\u2500\u2500\u252c\u2500\u2500\u2500\u2500\u2500\u2500\u2518                      \u2502       \u2514\u2500\u2500\u2500\u2500\u2500\u2500\u252c\u2500\u2500\u2500\u2500\u2500\u2500\u2518       \u2502                      \u2514\u2500\u2500\u2500\u2500\u2500\u2500\u252c\u2500\u2500\u2500\u2500\u2500\u2500\u2518       \u2502                                     \u2514\u2500\u2500\u2500\u2500\u2500\u2500\u252c\u2500\u2500\u2500\u2500\u2500\u2500\u2518       \u2502       \u2514\u2500\u2500\u2500\u2500\u2500\u2500\u252c\u2500\u2500\u2500\u2500\u2500\u2500\u2518       \u2502       \u2514\u2500\u2500\u2500\u2500\u2500\u2500\u252c\u2500\u2500\u2500\u2500\u2500\u2500\u2518       \u2502\n\u250c\u2500\u2500\u2500\u2500\u2500\u2500\u2534\u2500\u2500\u2500\u2500\u2500\u2500\u2510               \u250c\u2500\u2500\u2500\u2500\u2500\u2500\u2534\u2500\u2500\u2500\u2500\u2500\u2500\u2510\u250c\u2500\u2500\u2500\u2500\u2500\u2500\u2534\u2500\u2500\u2500\u2500\u2500\u2500\u2510\u250c\u2500\u2500\u2500\u2500\u2500\u2500\u2534\u2500\u2500\u2500\u2500\u2500\u2500\u2510               \u250c\u2500\u2500\u2500\u2500\u2500\u2500\u2534\u2500\u2500\u2500\u2500\u2500\u2500\u2510\u250c\u2500\u2500\u2500\u2500\u2500\u2500\u2534\u2500\u2500\u2500\u2500\u2500\u2500\u2510                              \u250c\u2500\u2500\u2500\u2500\u2500\u2500\u2534\u2500\u2500\u2500\u2500\u2500\u2500\u2510\u250c\u2500\u2500\u2500\u2500\u2500\u2500\u2534\u2500\u2500\u2500\u2500\u2500\u2500\u2510\u250c\u2500\u2500\u2500\u2500\u2500\u2500\u2534\u2500\u2500\u2500\u2500\u2500\u2500\u2510\u250c\u2500\u2500\u2500\u2500\u2500\u2500\u2534\u2500\u2500\u2500\u2500\u2500\u2500\u2510\u250c\u2500\u2500\u2500\u2500\u2500\u2500\u2534\u2500\u2500\u2500\u2500\u2500\u2500\u2510\u250c\u2500\u2500\u2500\u2500\u2500\u2500\u2534\u2500\u2500\u2500\u2500\u2500\u2500\u2510\n\u2502  PROJECTION \u2502               \u2502  PROJECTION \u2502\u2502  TABLE_SCAN \u2502\u2502  HASH_JOIN  \u2502               \u2502  TABLE_SCAN \u2502\u2502  HASH_JOIN  \u2502                              \u2502  TABLE_SCAN \u2502\u2502  PROJECTION \u2502\u2502  TABLE_SCAN \u2502\u2502  PROJECTION \u2502\u2502  TABLE_SCAN \u2502\u2502  HASH_JOIN  \u2502\n\u2502    \u2500\u2500\u2500\u2500\u2500\u2500   \u2502               \u2502    \u2500\u2500\u2500\u2500\u2500\u2500   \u2502\u2502    \u2500\u2500\u2500\u2500\u2500\u2500   \u2502\u2502    \u2500\u2500\u2500\u2500\u2500\u2500   \u2502               \u2502    \u2500\u2500\u2500\u2500\u2500\u2500   \u2502\u2502    \u2500\u2500\u2500\u2500\u2500\u2500   \u2502                              \u2502    \u2500\u2500\u2500\u2500\u2500\u2500   \u2502\u2502    \u2500\u2500\u2500\u2500\u2500\u2500   \u2502\u2502    \u2500\u2500\u2500\u2500\u2500\u2500   \u2502\u2502    \u2500\u2500\u2500\u2500\u2500\u2500   \u2502\u2502    \u2500\u2500\u2500\u2500\u2500\u2500   \u2502\u2502    \u2500\u2500\u2500\u2500\u2500\u2500   \u2502\n\u2502      #0     \u2502               \u2502      #0     \u2502\u2502    Table:   \u2502\u2502  Join Type: \u2502               \u2502    Table:   \u2502\u2502  Join Type: \u2502                              \u2502    Table:   \u2502\u2502      #1     \u2502\u2502    Table:   \u2502\u2502      #1     \u2502\u2502    Table:   \u2502\u2502  Join Type: \u2502\n\u2502      #1     \u2502               \u2502      #2     \u2502\u2502   date_dim  \u2502\u2502     SEMI    \u2502               \u2502   date_dim  \u2502\u2502    INNER    \u2502                              \u2502   date_dim  \u2502\u2502             \u2502\u2502   date_dim  \u2502\u2502             \u2502\u2502   date_dim  \u2502\u2502    INNER    \u2502\n\u2502      #3     \u2502               \u2502             \u2502\u2502             \u2502\u2502             \u2502               \u2502             \u2502\u2502             \u2502                              \u2502             \u2502\u2502             \u2502\u2502             \u2502\u2502             \u2502\u2502             \u2502\u2502             \u2502\n\u2502             \u2502               \u2502             \u2502\u2502    Type:    \u2502\u2502 Conditions: \u2502               \u2502    Type:    \u2502\u2502 Conditions: \u2502                              \u2502    Type:    \u2502\u2502             \u2502\u2502    Type:    \u2502\u2502             \u2502\u2502    Type:    \u2502\u2502 Conditions: \u2502\n\u2502             \u2502               \u2502             \u2502\u2502  Sequential \u2502\u2502 d_month_seq \u2502               \u2502  Sequential \u2502\u2502 cr_item_sk =\u2502                              \u2502  Sequential \u2502\u2502             \u2502\u2502  Sequential \u2502\u2502             \u2502\u2502  Sequential \u2502\u2502 wr_item_sk =\u2502\n\u2502             \u2502               \u2502             \u2502\u2502     Scan    \u2502\u2502     = #0    \u2502               \u2502     Scan    \u2502\u2502   i_item_sk \u2502                              \u2502     Scan    \u2502\u2502             \u2502\u2502     Scan    \u2502\u2502             \u2502\u2502     Scan    \u2502\u2502   i_item_sk \u2502\n\u2502             \u2502               \u2502             \u2502\u2502             \u2502\u2502             \u2502               \u2502             \u2502\u2502             \u2502                              \u2502             \u2502\u2502             \u2502\u2502             \u2502\u2502             \u2502\u2502             \u2502\u2502             \u2502\n\u2502             \u2502               \u2502             \u2502\u2502 Projections:\u2502\u2502             \u2502               \u2502 Projections:\u2502\u2502             \u2502                              \u2502 Projections:\u2502\u2502             \u2502\u2502 Projections:\u2502\u2502             \u2502\u2502 Projections:\u2502\u2502             \u2502\n\u2502             \u2502               \u2502             \u2502\u2502    d_date   \u2502\u2502             \u251c\u2500\u2500\u2500\u2500\u2500\u2500\u2500\u2510       \u2502    d_date   \u2502\u2502             \u251c\u2500\u2500\u2500\u2500\u2500\u2500\u2500\u2500\u2500\u2500\u2500\u2500\u2500\u2500\u2500\u2500\u2500\u2500\u2500\u2500\u2500\u2500\u2510       \u2502 d_month_seq \u2502\u2502             \u2502\u2502 d_month_seq \u2502\u2502             \u2502\u2502    d_date   \u2502\u2502             \u251c\n\u2502             \u2502               \u2502             \u2502\u2502  d_date_sk  \u2502\u2502             \u2502       \u2502       \u2502  d_date_sk  \u2502\u2502             \u2502                      \u2502       \u2502    d_date   \u2502\u2502             \u2502\u2502    d_date   \u2502\u2502             \u2502\u2502  d_date_sk  \u2502\u2502             \u2502\n\u2502             \u2502               \u2502             \u2502\u2502             \u2502\u2502             \u2502       \u2502       \u2502             \u2502\u2502             \u2502                      \u2502       \u2502             \u2502\u2502             \u2502\u2502             \u2502\u2502             \u2502\u2502             \u2502\u2502             \u2502\n\u2502             \u2502               \u2502             \u2502\u2502   Filters:  \u2502\u2502             \u2502       \u2502       \u2502   Filters:  \u2502\u2502             \u2502                      \u2502       \u2502             \u2502\u2502             \u2502\u2502             \u2502\u2502             \u2502\u2502   Filters:  \u2502\u2502             \u2502\n\u2502             \u2502               \u2502             \u2502\u2502  d_date_sk> \u2502\u2502             \u2502       \u2502       \u2502  d_date_sk> \u2502\u2502             \u2502                      \u2502       \u2502             \u2502\u2502             \u2502\u2502             \u2502\u2502             \u2502\u2502  d_date_sk> \u2502\u2502             \u2502\n\u2502             \u2502               \u2502             \u2502\u2502 =2450820 AND\u2502\u2502             \u2502       \u2502       \u2502 =2450827 AND\u2502\u2502             \u2502                      \u2502       \u2502             \u2502\u2502             \u2502\u2502             \u2502\u2502             \u2502\u2502 =2450821 AND\u2502\u2502             \u2502\n\u2502             \u2502               \u2502             \u2502\u2502  d_date_sk< \u2502\u2502             \u2502       \u2502       \u2502  d_date_sk< \u2502\u2502             \u2502                      \u2502       \u2502             \u2502\u2502             \u2502\u2502             \u2502\u2502             \u2502\u2502  d_date_sk< \u2502\u2502             \u2502\n\u2502             \u2502               \u2502             \u2502\u2502   =2452822  \u2502\u2502             \u2502       \u2502       \u2502   =2452918  \u2502\u2502             \u2502                      \u2502       \u2502             \u2502\u2502             \u2502\u2502             \u2502\u2502             \u2502\u2502   =2452997  \u2502\u2502             \u2502\n\u2502             \u2502               \u2502             \u2502\u2502             \u2502\u2502             \u2502       \u2502       \u2502             \u2502\u2502             \u2502                      \u2502       \u2502             \u2502\u2502             \u2502\u2502             \u2502\u2502             \u2502\u2502             \u2502\u2502             \u2502\n\u2502    0 rows   \u2502               \u2502  3,670 rows \u2502\u2502   303 rows  \u2502\u2502   120 rows  \u2502       \u2502       \u2502   303 rows  \u2502\u2502    7 rows   \u2502                      \u2502       \u2502   303 rows  \u2502\u2502    4 rows   \u2502\u2502   303 rows  \u2502\u2502    4 rows   \u2502\u2502  1,283 rows \u2502\u2502    6 rows   \u2502\n\u2502   (0.00s)   \u2502               \u2502   (0.00s)   \u2502\u2502   (0.00s)   \u2502\u2502   (0.00s)   \u2502       \u2502       \u2502   (0.00s)   \u2502\u2502   (0.00s)   \u2502                      \u2502       \u2502   (0.00s)   \u2502\u2502   (0.00s)   \u2502\u2502   (0.00s)   \u2502\u2502   (0.00s)   \u2502\u2502   (0.00s)   \u2502\u2502   (0.00s)   \u2502\n\u2514\u2500\u2500\u2500\u2500\u2500\u2500\u252c\u2500\u2500\u2500\u2500\u2500\u2500\u2518               \u2514\u2500\u2500\u2500\u2500\u2500\u2500\u252c\u2500\u2500\u2500\u2500\u2500\u2500\u2518\u2514\u2500\u2500\u2500\u2500\u2500\u2500\u2500\u2500\u2500\u2500\u2500\u2500\u2500\u2518\u2514\u2500\u2500\u2500\u2500\u2500\u2500\u252c\u2500\u2500\u2500\u2500\u2500\u2500\u2518       \u2502       \u2514\u2500\u2500\u2500\u2500\u2500\u2500\u2500\u2500\u2500\u2500\u2500\u2500\u2500\u2518\u2514\u2500\u2500\u2500\u2500\u2500\u2500\u252c\u2500\u2500\u2500\u2500\u2500\u2500\u2518                      \u2502       \u2514\u2500\u2500\u2500\u2500\u2500\u2500\u2500\u2500\u2500\u2500\u2500\u2500\u2500\u2518\u2514\u2500\u2500\u2500\u2500\u2500\u2500\u252c\u2500\u2500\u2500\u2500\u2500\u2500\u2518\u2514\u2500\u2500\u2500\u2500\u2500\u2500\u2500\u2500\u2500\u2500\u2500\u2500\u2500\u2518\u2514\u2500\u2500\u2500\u2500\u2500\u2500\u252c\u2500\u2500\u2500\u2500\u2500\u2500\u2518\u2514\u2500\u2500\u2500\u2500\u2500\u2500\u2500\u2500\u2500\u2500\u2500\u2500\u2500\u2518\u2514\u2500\u2500\u2500\u2500\u2500\u2500\u252c\u2500\u2500\u2500\u2500\u2500\u2500\u2518\n\u250c\u2500\u2500\u2500\u2500\u2500\u2500\u2534\u2500\u2500\u2500\u2500\u2500\u2500\u2510               \u250c\u2500\u2500\u2500\u2500\u2500\u2500\u2534\u2500\u2500\u2500\u2500\u2500\u2500\u2510               \u250c\u2500\u2500\u2500\u2500\u2500\u2500\u2534\u2500\u2500\u2500\u2500\u2500\u2500\u2510\u250c\u2500\u2500\u2500\u2500\u2500\u2500\u2534\u2500\u2500\u2500\u2500\u2500\u2500\u2510               \u250c\u2500\u2500\u2500\u2500\u2500\u2500\u2534\u2500\u2500\u2500\u2500\u2500\u2500\u2510               \u250c\u2500\u2500\u2500\u2500\u2500\u2500\u2534\u2500\u2500\u2500\u2500\u2500\u2500\u2510               \u250c\u2500\u2500\u2500\u2500\u2500\u2500\u2534\u2500\u2500\u2500\u2500\u2500\u2500\u2510               \u250c\u2500\u2500\u2500\u2500\u2500\u2500\u2534\u2500\u2500\u2500\u2500\u2500\u2500\u2510               \u250c\u2500\u2500\u2500\u2500\u2500\u2500\u2534\u2500\u2500\u2500\u2500\u2500\u2500\u2510\n\u2502    FILTER   \u2502               \u2502    FILTER   \u2502               \u2502  TABLE_SCAN \u2502\u2502  PROJECTION \u2502               \u2502  PROJECTION \u2502               \u2502  PROJECTION \u2502               \u2502    FILTER   \u2502               \u2502    FILTER   \u2502               \u2502  PROJECTION \u2502\n\u2502    \u2500\u2500\u2500\u2500\u2500\u2500   \u2502               \u2502    \u2500\u2500\u2500\u2500\u2500\u2500   \u2502               \u2502    \u2500\u2500\u2500\u2500\u2500\u2500   \u2502\u2502    \u2500\u2500\u2500\u2500\u2500\u2500   \u2502               \u2502    \u2500\u2500\u2500\u2500\u2500\u2500   \u2502               \u2502    \u2500\u2500\u2500\u2500\u2500\u2500   \u2502               \u2502    \u2500\u2500\u2500\u2500\u2500\u2500   \u2502               \u2502    \u2500\u2500\u2500\u2500\u2500\u2500   \u2502               \u2502    \u2500\u2500\u2500\u2500\u2500\u2500   \u2502\n\u2502  (IN (...)  \u2502               \u2502 ((i_category\u2502               \u2502    Table:   \u2502\u2502      #1     \u2502               \u2502      #0     \u2502               \u2502      #0     \u2502               \u2502 ((d_date =  \u2502               \u2502 ((d_date =  \u2502               \u2502      #0     \u2502\n\u2502  AND ((CAST \u2502               \u2502   = 'Home') \u2502               \u2502   date_dim  \u2502\u2502             \u2502               \u2502      #1     \u2502               \u2502      #2     \u2502               \u2502 '2002-02-26'\u2502               \u2502 '2002-02-26'\u2502               \u2502      #1     \u2502\n\u2502(sr_return_am\u2502               \u2502 OR (i_catego\u2502               \u2502             \u2502\u2502             \u2502               \u2502      #3     \u2502               \u2502             \u2502               \u2502 ::DATE) OR  \u2502               \u2502 ::DATE) OR  \u2502               \u2502      #3     \u2502\n\u2502 t AS DOUBLE)\u2502               \u2502 ry = 'Men'))\u2502               \u2502    Type:    \u2502\u2502             \u2502               \u2502             \u2502               \u2502             \u2502               \u2502  (d_date =  \u2502               \u2502  (d_date =  \u2502               \u2502             \u2502\n\u2502 / CAST(sr_re\u2502               \u2502             \u2502               \u2502  Sequential \u2502\u2502             \u2502               \u2502             \u2502               \u2502             \u2502               \u2502 '2002-05-03'\u2502               \u2502 '2002-05-03'\u2502               \u2502             \u2502\n\u2502turn_quantity\u2502               \u2502             \u2502               \u2502     Scan    \u2502\u2502             \u2502               \u2502             \u2502               \u2502             \u2502               \u2502 ::DATE) OR  \u2502               \u2502 ::DATE) OR  \u2502               \u2502             \u2502\n\u2502  AS DOUBLE))\u2502               \u2502             \u2502               \u2502             \u2502\u2502             \u2502               \u2502             \u2502               \u2502             \u2502               \u2502  (d_date =  \u2502               \u2502  (d_date =  \u2502               \u2502             \u2502\n\u2502  BETWEEN 237\u2502               \u2502             \u2502               \u2502 Projections:\u2502\u2502             \u2502               \u2502             \u2502               \u2502             \u2502               \u2502 '2002-08-19'\u2502               \u2502 '2002-08-19'\u2502               \u2502             \u2502\n\u2502 .0 AND 266.0\u2502               \u2502             \u2502               \u2502 d_month_seq \u2502\u2502             \u2502               \u2502             \u2502               \u2502             \u2502               \u2502 ::DATE) OR  \u2502               \u2502 ::DATE) OR  \u2502               \u2502             \u2502\n\u2502      ))     \u2502               \u2502             \u2502               \u2502    d_date   \u2502\u2502             \u2502               \u2502             \u2502               \u2502             \u2502               \u2502  (d_date =  \u2502               \u2502  (d_date =  \u2502               \u2502             \u2502\n\u2502             \u2502               \u2502             \u2502               \u2502             \u2502\u2502             \u2502               \u2502             \u2502               \u2502             \u2502               \u2502 '2002-11-18'\u2502               \u2502 '2002-11-18'\u2502               \u2502             \u2502\n\u2502             \u2502               \u2502             \u2502               \u2502             \u2502\u2502             \u2502               \u2502             \u2502               \u2502             \u2502               \u2502   ::DATE))  \u2502               \u2502   ::DATE))  \u2502               \u2502             \u2502\n\u2502             \u2502               \u2502             \u2502               \u2502             \u2502\u2502             \u2502               \u2502             \u2502               \u2502             \u2502               \u2502             \u2502               \u2502             \u2502               \u2502             \u2502\n\u2502    0 rows   \u2502               \u2502  3,670 rows \u2502               \u2502   303 rows  \u2502\u2502    4 rows   \u2502               \u2502   313 rows  \u2502               \u2502  3,670 rows \u2502               \u2502    4 rows   \u2502               \u2502    4 rows   \u2502               \u2502   156 rows  \u2502\n\u2502   (0.01s)   \u2502               \u2502   (0.00s)   \u2502               \u2502   (0.00s)   \u2502\u2502   (0.00s)   \u2502               \u2502   (0.00s)   \u2502               \u2502   (0.00s)   \u2502               \u2502   (0.00s)   \u2502               \u2502   (0.00s)   \u2502               \u2502   (0.00s)   \u2502\n\u2514\u2500\u2500\u2500\u2500\u2500\u2500\u252c\u2500\u2500\u2500\u2500\u2500\u2500\u2518               \u2514\u2500\u2500\u2500\u2500\u2500\u2500\u252c\u2500\u2500\u2500\u2500\u2500\u2500\u2518               \u2514\u2500\u2500\u2500\u2500\u2500\u2500\u2500\u2500\u2500\u2500\u2500\u2500\u2500\u2518\u2514\u2500\u2500\u2500\u2500\u2500\u2500\u252c\u2500\u2500\u2500\u2500\u2500\u2500\u2518               \u2514\u2500\u2500\u2500\u2500\u2500\u2500\u252c\u2500\u2500\u2500\u2500\u2500\u2500\u2518               \u2514\u2500\u2500\u2500\u2500\u2500\u2500\u252c\u2500\u2500\u2500\u2500\u2500\u2500\u2518               \u2514\u2500\u2500\u2500\u2500\u2500\u2500\u252c\u2500\u2500\u2500\u2500\u2500\u2500\u2518               \u2514\u2500\u2500\u2500\u2500\u2500\u2500\u252c\u2500\u2500\u2500\u2500\u2500\u2500\u2518               \u2514\u2500\u2500\u2500\u2500\u2500\u2500\u252c\u2500\u2500\u2500\u2500\u2500\u2500\u2518\n\u250c\u2500\u2500\u2500\u2500\u2500\u2500\u2534\u2500\u2500\u2500\u2500\u2500\u2500\u2510               \u250c\u2500\u2500\u2500\u2500\u2500\u2500\u2534\u2500\u2500\u2500\u2500\u2500\u2500\u2510                              \u250c\u2500\u2500\u2500\u2500\u2500\u2500\u2534\u2500\u2500\u2500\u2500\u2500\u2500\u2510               \u250c\u2500\u2500\u2500\u2500\u2500\u2500\u2534\u2500\u2500\u2500\u2500\u2500\u2500\u2510               \u250c\u2500\u2500\u2500\u2500\u2500\u2500\u2534\u2500\u2500\u2500\u2500\u2500\u2500\u2510               \u250c\u2500\u2500\u2500\u2500\u2500\u2500\u2534\u2500\u2500\u2500\u2500\u2500\u2500\u2510               \u250c\u2500\u2500\u2500\u2500\u2500\u2500\u2534\u2500\u2500\u2500\u2500\u2500\u2500\u2510               \u250c\u2500\u2500\u2500\u2500\u2500\u2500\u2534\u2500\u2500\u2500\u2500\u2500\u2500\u2510\n\u2502  HASH_JOIN  \u2502               \u2502  TABLE_SCAN \u2502                              \u2502    FILTER   \u2502               \u2502    FILTER   \u2502               \u2502    FILTER   \u2502               \u2502  TABLE_SCAN \u2502               \u2502  TABLE_SCAN \u2502               \u2502    FILTER   \u2502\n\u2502    \u2500\u2500\u2500\u2500\u2500\u2500   \u2502               \u2502    \u2500\u2500\u2500\u2500\u2500\u2500   \u2502                              \u2502    \u2500\u2500\u2500\u2500\u2500\u2500   \u2502               \u2502    \u2500\u2500\u2500\u2500\u2500\u2500   \u2502               \u2502    \u2500\u2500\u2500\u2500\u2500\u2500   \u2502               \u2502    \u2500\u2500\u2500\u2500\u2500\u2500   \u2502               \u2502    \u2500\u2500\u2500\u2500\u2500\u2500   \u2502               \u2502    \u2500\u2500\u2500\u2500\u2500\u2500   \u2502\n\u2502  Join Type: \u2502               \u2502    Table:   \u2502                              \u2502 ((d_date =  \u2502               \u2502  (IN (...)  \u2502               \u2502 ((i_category\u2502               \u2502    Table:   \u2502               \u2502    Table:   \u2502               \u2502  (IN (...)  \u2502\n\u2502     MARK    \u2502               \u2502     item    \u2502                              \u2502 '2002-02-26'\u2502               \u2502  AND ((CAST \u2502               \u2502   = 'Home') \u2502               \u2502   date_dim  \u2502               \u2502   date_dim  \u2502               \u2502  AND ((CAST \u2502\n\u2502             \u2502               \u2502             \u2502                              \u2502 ::DATE) OR  \u2502               \u2502(cr_return_am\u2502               \u2502 OR (i_catego\u2502               \u2502             \u2502               \u2502             \u2502               \u2502(wr_return_am\u2502\n\u2502 Conditions: \u2502               \u2502    Type:    \u2502                              \u2502  (d_date =  \u2502               \u2502ount AS DOUBL\u2502               \u2502 ry = 'Men'))\u2502               \u2502    Type:    \u2502               \u2502    Type:    \u2502               \u2502 t AS DOUBLE)\u2502\n\u2502 sr_reason_sk\u2502               \u2502  Sequential \u2502                              \u2502 '2002-05-03'\u2502               \u2502  E) / CAST  \u2502               \u2502             \u2502               \u2502  Sequential \u2502               \u2502  Sequential \u2502               \u2502 / CAST(wr_re\u2502\n\u2502     = #0    \u2502               \u2502     Scan    \u2502                              \u2502 ::DATE) OR  \u2502               \u2502(cr_return_qu\u2502               \u2502             \u2502               \u2502     Scan    \u2502               \u2502     Scan    \u2502               \u2502turn_quantity\u2502\n\u2502             \u2502               \u2502             \u2502                              \u2502  (d_date =  \u2502               \u2502  antity AS  \u2502               \u2502             \u2502               \u2502             \u2502               \u2502             \u2502               \u2502  AS DOUBLE))\u2502\n\u2502             \u2502               \u2502 Projections:\u2502                              \u2502 '2002-08-19'\u2502               \u2502   DOUBLE))  \u2502               \u2502             \u2502               \u2502 Projections:\u2502               \u2502 Projections:\u2502               \u2502  BETWEEN 237\u2502\n\u2502             \u2502               \u2502  i_item_sk  \u2502                              \u2502 ::DATE) OR  \u2502               \u2502  BETWEEN 237\u2502               \u2502             \u2502               \u2502    d_date   \u2502               \u2502    d_date   \u2502               \u2502 .0 AND 266.0\u2502\n\u2502             \u2502               \u2502  i_category \u2502                              \u2502  (d_date =  \u2502               \u2502 .0 AND 266.0\u2502               \u2502             \u2502               \u2502 d_month_seq \u2502               \u2502 d_month_seq \u2502               \u2502      ))     \u2502\n\u2502             \u2502               \u2502  i_item_id  \u2502                              \u2502 '2002-11-18'\u2502               \u2502      ))     \u2502               \u2502             \u2502               \u2502             \u2502               \u2502             \u2502               \u2502             \u2502\n\u2502             \u251c\u2500\u2500\u2500\u2500\u2500\u2500\u2500\u2510       \u2502             \u2502                              \u2502   ::DATE))  \u2502               \u2502             \u2502               \u2502             \u2502               \u2502   Filters:  \u2502               \u2502   Filters:  \u2502               \u2502             \u2502\n\u2502             \u2502       \u2502       \u2502   Filters:  \u2502                              \u2502             \u2502               \u2502             \u2502               \u2502             \u2502               \u2502  optional:  \u2502               \u2502  optional:  \u2502               \u2502             \u2502\n\u2502             \u2502       \u2502       \u2502  optional:  \u2502                              \u2502             \u2502               \u2502             \u2502               \u2502             \u2502               \u2502  d_date IN (\u2502               \u2502  d_date IN (\u2502               \u2502             \u2502\n\u2502             \u2502       \u2502       \u2502  i_category \u2502                              \u2502             \u2502               \u2502             \u2502               \u2502             \u2502               \u2502 '2002-02-26'\u2502               \u2502 '2002-02-26'\u2502               \u2502             \u2502\n\u2502             \u2502       \u2502       \u2502  IN ('Home',\u2502                              \u2502             \u2502               \u2502             \u2502               \u2502             \u2502               \u2502   ::DATE,   \u2502               \u2502   ::DATE,   \u2502               \u2502             \u2502\n\u2502             \u2502       \u2502       \u2502    'Men')   \u2502                              \u2502             \u2502               \u2502             \u2502               \u2502             \u2502               \u2502 '2002-05-03'\u2502               \u2502 '2002-05-03'\u2502               \u2502             \u2502\n\u2502             \u2502       \u2502       \u2502 i_manager_id\u2502                              \u2502             \u2502               \u2502             \u2502               \u2502             \u2502               \u2502   ::DATE,   \u2502               \u2502   ::DATE,   \u2502               \u2502             \u2502\n\u2502             \u2502       \u2502       \u2502>=8 AND i_man\u2502                              \u2502             \u2502               \u2502             \u2502               \u2502             \u2502               \u2502 '2002-08-19'\u2502               \u2502 '2002-08-19'\u2502               \u2502             \u2502\n\u2502             \u2502       \u2502       \u2502 ager_id<=17 \u2502                              \u2502             \u2502               \u2502             \u2502               \u2502             \u2502               \u2502   ::DATE,   \u2502               \u2502   ::DATE,   \u2502               \u2502             \u2502\n\u2502             \u2502       \u2502       \u2502             \u2502                              \u2502             \u2502               \u2502             \u2502               \u2502             \u2502               \u2502 '2002-11-18'\u2502               \u2502 '2002-11-18'\u2502               \u2502             \u2502\n\u2502             \u2502       \u2502       \u2502             \u2502                              \u2502             \u2502               \u2502             \u2502               \u2502             \u2502               \u2502   ::DATE)   \u2502               \u2502   ::DATE)   \u2502               \u2502             \u2502\n\u2502             \u2502       \u2502       \u2502             \u2502                              \u2502             \u2502               \u2502             \u2502               \u2502             \u2502               \u2502             \u2502               \u2502             \u2502               \u2502             \u2502\n\u2502 426,679 rows\u2502       \u2502       \u2502 18,317 rows \u2502                              \u2502    4 rows   \u2502               \u2502   313 rows  \u2502               \u2502  3,670 rows \u2502               \u2502 73,049 rows \u2502               \u2502 73,049 rows \u2502               \u2502   156 rows  \u2502\n\u2502   (0.01s)   \u2502       \u2502       \u2502   (0.00s)   \u2502                              \u2502   (0.00s)   \u2502               \u2502   (0.01s)   \u2502               \u2502   (0.00s)   \u2502               \u2502   (0.00s)   \u2502               \u2502   (0.00s)   \u2502               \u2502   (0.00s)   \u2502\n\u2514\u2500\u2500\u2500\u2500\u2500\u2500\u252c\u2500\u2500\u2500\u2500\u2500\u2500\u2518       \u2502       \u2514\u2500\u2500\u2500\u2500\u2500\u2500\u2500\u2500\u2500\u2500\u2500\u2500\u2500\u2518                              \u2514\u2500\u2500\u2500\u2500\u2500\u2500\u252c\u2500\u2500\u2500\u2500\u2500\u2500\u2518               \u2514\u2500\u2500\u2500\u2500\u2500\u2500\u252c\u2500\u2500\u2500\u2500\u2500\u2500\u2518               \u2514\u2500\u2500\u2500\u2500\u2500\u2500\u252c\u2500\u2500\u2500\u2500\u2500\u2500\u2518               \u2514\u2500\u2500\u2500\u2500\u2500\u2500\u2500\u2500\u2500\u2500\u2500\u2500\u2500\u2518               \u2514\u2500\u2500\u2500\u2500\u2500\u2500\u2500\u2500\u2500\u2500\u2500\u2500\u2500\u2518               \u2514\u2500\u2500\u2500\u2500\u2500\u2500\u252c\u2500\u2500\u2500\u2500\u2500\u2500\u2518\n\u250c\u2500\u2500\u2500\u2500\u2500\u2500\u2534\u2500\u2500\u2500\u2500\u2500\u2500\u2510\u250c\u2500\u2500\u2500\u2500\u2500\u2500\u2534\u2500\u2500\u2500\u2500\u2500\u2500\u2510                                             \u250c\u2500\u2500\u2500\u2500\u2500\u2500\u2534\u2500\u2500\u2500\u2500\u2500\u2500\u2510               \u250c\u2500\u2500\u2500\u2500\u2500\u2500\u2534\u2500\u2500\u2500\u2500\u2500\u2500\u2510               \u250c\u2500\u2500\u2500\u2500\u2500\u2500\u2534\u2500\u2500\u2500\u2500\u2500\u2500\u2510                                                                           \u250c\u2500\u2500\u2500\u2500\u2500\u2500\u2534\u2500\u2500\u2500\u2500\u2500\u2500\u2510\n\u2502  TABLE_SCAN \u2502\u2502COLUMN_D...  \u2502                                             \u2502  TABLE_SCAN \u2502               \u2502  HASH_JOIN  \u2502               \u2502  TABLE_SCAN \u2502                                                                           \u2502  HASH_JOIN  \u2502\n\u2502    \u2500\u2500\u2500\u2500\u2500\u2500   \u2502\u2502             \u2502                                             \u2502    \u2500\u2500\u2500\u2500\u2500\u2500   \u2502               \u2502    \u2500\u2500\u2500\u2500\u2500\u2500   \u2502               \u2502    \u2500\u2500\u2500\u2500\u2500\u2500   \u2502                                                                           \u2502    \u2500\u2500\u2500\u2500\u2500\u2500   \u2502\n\u2502    Table:   \u2502\u2502             \u2502                                             \u2502    Table:   \u2502               \u2502  Join Type: \u2502               \u2502    Table:   \u2502                                                                           \u2502  Join Type: \u2502\n\u2502store_returns\u2502\u2502             \u2502                                             \u2502   date_dim  \u2502               \u2502     MARK    \u2502               \u2502     item    \u2502                                                                           \u2502     MARK    \u2502\n\u2502             \u2502\u2502             \u2502                                             \u2502             \u2502               \u2502             \u2502               \u2502             \u2502                                                                           \u2502             \u2502\n\u2502    Type:    \u2502\u2502             \u2502                                             \u2502    Type:    \u2502               \u2502 Conditions: \u2502               \u2502    Type:    \u2502                                                                           \u2502 Conditions: \u2502\n\u2502  Sequential \u2502\u2502             \u2502                                             \u2502  Sequential \u2502               \u2502 cr_reason_sk\u2502               \u2502  Sequential \u2502                                                                           \u2502 wr_reason_sk\u2502\n\u2502     Scan    \u2502\u2502             \u2502                                             \u2502     Scan    \u2502               \u2502     = #0    \u2502               \u2502     Scan    \u2502                                                                           \u2502     = #0    \u2502\n\u2502             \u2502\u2502             \u2502                                             \u2502             \u2502               \u2502             \u2502               \u2502             \u2502                                                                           \u2502             \u2502\n\u2502 Projections:\u2502\u2502             \u2502                                             \u2502 Projections:\u2502               \u2502             \u2502               \u2502 Projections:\u2502                                                                           \u2502             \u2502\n\u2502  sr_item_sk \u2502\u2502             \u2502                                             \u2502    d_date   \u2502               \u2502             \u2502               \u2502  i_item_sk  \u2502                                                                           \u2502             \u2502\n\u2502sr_returned_d\u2502\u2502             \u2502                                             \u2502 d_month_seq \u2502               \u2502             \u2502               \u2502  i_category \u2502                                                                           \u2502             \u2502\n\u2502    ate_sk   \u2502\u2502             \u2502                                             \u2502             \u2502               \u2502             \u2502               \u2502  i_item_id  \u2502                                                                           \u2502             \u2502\n\u2502sr_return_amt\u2502\u2502             \u2502                                             \u2502   Filters:  \u2502               \u2502             \u251c\u2500\u2500\u2500\u2500\u2500\u2500\u2500\u2510       \u2502             \u2502                                                                           \u2502             \u251c\n\u2502sr_return_qua\u2502\u2502             \u2502                                             \u2502  optional:  \u2502               \u2502             \u2502       \u2502       \u2502   Filters:  \u2502                                                                           \u2502             \u2502\n\u2502    ntity    \u2502\u2502             \u2502                                             \u2502  d_date IN (\u2502               \u2502             \u2502       \u2502       \u2502  optional:  \u2502                                                                           \u2502             \u2502\n\u2502 sr_reason_sk\u2502\u2502             \u2502                                             \u2502 '2002-02-26'\u2502               \u2502             \u2502       \u2502       \u2502  i_category \u2502                                                                           \u2502             \u2502\n\u2502             \u2502\u2502             \u2502                                             \u2502   ::DATE,   \u2502               \u2502             \u2502       \u2502       \u2502  IN ('Home',\u2502                                                                           \u2502             \u2502\n\u2502   Filters:  \u2502\u2502             \u2502                                             \u2502 '2002-05-03'\u2502               \u2502             \u2502       \u2502       \u2502    'Men')   \u2502                                                                           \u2502             \u2502\n\u2502  optional:  \u2502\u2502             \u2502                                             \u2502   ::DATE,   \u2502               \u2502             \u2502       \u2502       \u2502 i_manager_id\u2502                                                                           \u2502             \u2502\n\u2502 sr_reason_sk\u2502\u2502             \u2502                                             \u2502 '2002-08-19'\u2502               \u2502             \u2502       \u2502       \u2502>=8 AND i_man\u2502                                                                           \u2502             \u2502\n\u2502   IN (6, 7, \u2502\u2502             \u2502                                             \u2502   ::DATE,   \u2502               \u2502             \u2502       \u2502       \u2502 ager_id<=17 \u2502                                                                           \u2502             \u2502\n\u2502  25, 45, 51)\u2502\u2502             \u2502                                             \u2502 '2002-11-18'\u2502               \u2502             \u2502       \u2502       \u2502             \u2502                                                                           \u2502             \u2502\n\u2502             \u2502\u2502             \u2502                                             \u2502   ::DATE)   \u2502               \u2502             \u2502       \u2502       \u2502             \u2502                                                                           \u2502             \u2502\n\u2502             \u2502\u2502             \u2502                                             \u2502             \u2502               \u2502             \u2502       \u2502       \u2502             \u2502                                                                           \u2502             \u2502\n\u2502 426,679 rows\u2502\u2502    5 rows   \u2502                                             \u2502 73,049 rows \u2502               \u25021,440,97...  \u2502       \u2502       \u2502 18,317 rows \u2502                                                                           \u2502 719,089 rows\u2502\n\u2502   (0.02s)   \u2502\u2502   (0.00s)   \u2502                                             \u2502   (0.00s)   \u2502               \u2502   (0.01s)   \u2502       \u2502       \u2502   (0.00s)   \u2502                                                                           \u2502   (0.01s)   \u2502\n\u2514\u2500\u2500\u2500\u2500\u2500\u2500\u2500\u2500\u2500\u2500\u2500\u2500\u2500\u2518\u2514\u2500\u2500\u2500\u2500\u2500\u2500\u2500\u2500\u2500\u2500\u2500\u2500\u2500\u2518                                             \u2514\u2500\u2500\u2500\u2500\u2500\u2500\u2500\u2500\u2500\u2500\u2500\u2500\u2500\u2518               \u2514\u2500\u2500\u2500\u2500\u2500\u2500\u252c\u2500\u2500\u2500\u2500\u2500\u2500\u2518       \u2502       \u2514\u2500\u2500\u2500\u2500\u2500\u2500\u2500\u2500\u2500\u2500\u2500\u2500\u2500\u2518                                                                           \u2514\u2500\u2500\u2500\u2500\u2500\u2500\u252c\u2500\u2500\u2500\u2500\u2500\u2500\u2518\n                                                                                                         \u250c\u2500\u2500\u2500\u2500\u2500\u2500\u2534\u2500\u2500\u2500\u2500\u2500\u2500\u2510\u250c\u2500\u2500\u2500\u2500\u2500\u2500\u2534\u2500\u2500\u2500\u2500\u2500\u2500\u2510                                                                                          \u250c\u2500\u2500\u2500\u2500\u2500\u2500\u2534\u2500\u2500\u2500\u2500\u2500\u2500\u2510\n                                                                                                         \u2502  TABLE_SCAN \u2502\u2502COLUMN_D...  \u2502                                                                                          \u2502  TABLE_SCAN \u2502\n                                                                                                         \u2502    \u2500\u2500\u2500\u2500\u2500\u2500   \u2502\u2502             \u2502                                                                                          \u2502    \u2500\u2500\u2500\u2500\u2500\u2500   \u2502\n                                                                                                         \u2502    Table:   \u2502\u2502             \u2502                                                                                          \u2502    Table:   \u2502\n                                                                                                         \u2502catalog_retur\u2502\u2502             \u2502                                                                                          \u2502 web_returns \u2502\n                                                                                                         \u2502      ns     \u2502\u2502             \u2502                                                                                          \u2502             \u2502\n                                                                                                         \u2502             \u2502\u2502             \u2502                                                                                          \u2502    Type:    \u2502\n                                                                                                         \u2502    Type:    \u2502\u2502             \u2502                                                                                          \u2502  Sequential \u2502\n                                                                                                         \u2502  Sequential \u2502\u2502             \u2502                                                                                          \u2502     Scan    \u2502\n                                                                                                         \u2502     Scan    \u2502\u2502             \u2502                                                                                          \u2502             \u2502\n                                                                                                         \u2502             \u2502\u2502             \u2502                                                                                          \u2502 Projections:\u2502\n                                                                                                         \u2502 Projections:\u2502\u2502             \u2502                                                                                          \u2502  wr_item_sk \u2502\n                                                                                                         \u2502  cr_item_sk \u2502\u2502             \u2502                                                                                          \u2502wr_returned_d\u2502\n                                                                                                         \u2502cr_returned_d\u2502\u2502             \u2502                                                                                          \u2502    ate_sk   \u2502\n                                                                                                         \u2502    ate_sk   \u2502\u2502             \u2502                                                                                          \u2502wr_return_amt\u2502\n                                                                                                         \u2502cr_return_amo\u2502\u2502             \u2502                                                                                          \u2502wr_return_qua\u2502\n                                                                                                         \u2502     unt     \u2502\u2502             \u2502                                                                                          \u2502    ntity    \u2502\n                                                                                                         \u2502cr_return_qua\u2502\u2502             \u2502                                                                                          \u2502 wr_reason_sk\u2502\n                                                                                                         \u2502    ntity    \u2502\u2502             \u2502                                                                                          \u2502             \u2502\n                                                                                                         \u2502 cr_reason_sk\u2502\u2502             \u2502                                                                                          \u2502   Filters:  \u2502\n                                                                                                         \u2502             \u2502\u2502             \u2502                                                                                          \u2502  optional:  \u2502\n                                                                                                         \u2502   Filters:  \u2502\u2502             \u2502                                                                                          \u2502 wr_reason_sk\u2502\n                                                                                                         \u2502  optional:  \u2502\u2502             \u2502                                                                                          \u2502   IN (6, 7, \u2502\n                                                                                                         \u2502 cr_reason_sk\u2502\u2502             \u2502                                                                                          \u2502  25, 45, 51)\u2502\n                                                                                                         \u2502   IN (6, 7, \u2502\u2502             \u2502                                                                                          \u2502             \u2502\n                                                                                                         \u2502  25, 45, 51)\u2502\u2502             \u2502                                                                                          \u2502             \u2502\n                                                                                                         \u2502             \u2502\u2502             \u2502                                                                                          \u2502             \u2502\n                                                                                                         \u25021,440,97...  \u2502\u2502    5 rows   \u2502                                                                                          \u2502 719,089 rows\u2502\n                                                                                                         \u2502   (0.01s)   \u2502\u2502   (0.00s)   \u2502                                                                                          \u2502   (0.01s)   \u2502\n                                                                                                         \u2514\u2500\u2500\u2500\u2500\u2500\u2500\u2500\u2500\u2500\u2500\u2500\u2500\u2500\u2518\u2514\u2500\u2500\u2500\u2500\u2500\u2500\u2500\u2500\u2500\u2500\u2500\u2500\u2500\u2518                                                                                          \u2514\u2500\u2500\u2500\u2500\u2500\u2500\u2500\u2500\u2500\u2500\u2500\u2500\u2500\u2518\n",
  "plan_json": {
    "total_bytes_written": 0,
    "total_bytes_read": 0,
    "rows_returned": 0,
    "latency": 0.0,
    "result_set_size": 0,
    "query_name": "",
    "blocked_thread_time": 0.0,
    "system_peak_buffer_memory": 0,
    "system_peak_temp_dir_size": 0,
    "cpu_time": 0.0,
    "extra_info": {},
    "cumulative_cardinality": 0,
    "cumulative_rows_scanned": 0,
    "children": [
      {
        "total_bytes_written": 0,
        "total_bytes_read": 0,
        "result_set_size": 0,
        "operator_name": "EXPLAIN_ANALYZE",
        "cpu_time": 0.0,
        "extra_info": {},
        "cumulative_cardinality": 0,
        "operator_type": "EXPLAIN_ANALYZE",
        "operator_cardinality": 0,
        "cumulative_rows_scanned": 0,
        "operator_rows_scanned": 0,
        "operator_timing": 0.0,
        "children": [
          {
            "total_bytes_written": 0,
            "total_bytes_read": 0,
            "result_set_size": 0,
            "operator_name": "TOP_N",
            "cpu_time": 0.0,
            "extra_info": {
              "Top": "100",
              "Order By": [
                "sr_items.item_id ASC",
                "sr_items.sr_item_qty ASC"
              ]
            },
            "cumulative_cardinality": 0,
            "operator_type": "TOP_N",
            "operator_cardinality": 0,
            "cumulative_rows_scanned": 0,
            "operator_rows_scanned": 0,
            "operator_timing": 2.84e-07,
            "children": [
              {
                "total_bytes_written": 0,
                "total_bytes_read": 0,
                "result_set_size": 0,
                "operator_name": "PROJECTION",
                "cpu_time": 0.0,
                "extra_info": {
                  "Projections": [
                    "item_id",
                    "sr_item_qty",
                    "sr_dev",
                    "cr_item_qty",
                    "cr_dev",
                    "wr_item_qty",
                    "wr_dev",
                    "average"
                  ],
                  "Estimated Cardinality": "0"
                },
                "cumulative_cardinality": 0,
                "operator_type": "PROJECTION",
                "operator_cardinality": 0,
                "cumulative_rows_scanned": 0,
                "operator_rows_scanned": 0,
                "operator_timing": 0.0,
                "children": [
                  {
                    "total_bytes_written": 0,
                    "total_bytes_read": 0,
                    "result_set_size": 0,
                    "operator_name": "PROJECTION",
                    "cpu_time": 0.0,
                    "extra_info": {
                      "Projections": [
                        "item_id",
                        "sr_item_qty",
                        "CAST(((sr_item_qty + cr_item_qty) + wr_item_qty) AS DOUBLE)",
                        "cr_item_qty",
                        "wr_item_qty"
                      ],
                      "Estimated Cardinality": "0"
                    },
                    "cumulative_cardinality": 0,
                    "operator_type": "PROJECTION",
                    "operator_cardinality": 0,
                    "cumulative_rows_scanned": 0,
                    "operator_rows_scanned": 0,
                    "operator_timing": 0.0,
                    "children": [
                      {
                        "total_bytes_written": 0,
                        "total_bytes_read": 0,
                        "result_set_size": 0,
                        "operator_name": "HASH_JOIN",
                        "cpu_time": 0.0,
                        "extra_info": {
                          "Join Type": "INNER",
                          "Conditions": "item_id = item_id",
                          "Estimated Cardinality": "0"
                        },
                        "cumulative_cardinality": 0,
                        "operator_type": "HASH_JOIN",
                        "operator_cardinality": 0,
                        "cumulative_rows_scanned": 0,
                        "operator_rows_scanned": 0,
                        "operator_timing": 1.295e-06,
                        "children": [
                          {
                            "total_bytes_written": 0,
                            "total_bytes_read": 0,
                            "result_set_size": 0,
                            "operator_name": "HASH_GROUP_BY",
                            "cpu_time": 0.0,
                            "extra_info": {
                              "Groups": "#0",
                              "Aggregates": "sum(#1)",
                              "Estimated Cardinality": "96"
                            },
                            "cumulative_cardinality": 0,
                            "operator_type": "HASH_GROUP_BY",
                            "operator_cardinality": 0,
                            "cumulative_rows_scanned": 0,
                            "operator_rows_scanned": 0,
                            "operator_timing": 5.98e-07,
                            "children": [
                              {
                                "total_bytes_written": 0,
                                "total_bytes_read": 0,
                                "result_set_size": 0,
                                "operator_name": "PROJECTION",
                                "cpu_time": 0.0,
                                "extra_info": {
                                  "Projections": [
                                    "i_item_id",
                                    "sr_return_quantity"
                                  ],
                                  "Estimated Cardinality": "4753"
                                },
                                "cumulative_cardinality": 0,
                                "operator_type": "PROJECTION",
                                "operator_cardinality": 0,
                                "cumulative_rows_scanned": 0,
                                "operator_rows_scanned": 0,
                                "operator_timing": 0.0,
                                "children": [
                                  {
                                    "total_bytes_written": 0,
                                    "total_bytes_read": 0,
                                    "result_set_size": 0,
                                    "operator_name": "PROJECTION",
                                    "cpu_time": 0.0,
                                    "extra_info": {
                                      "Projections": [
                                        "#0",
                                        "#1",
                                        "__internal_compress_integral_usmallint(#2, 2450820)"
                                      ],
                                      "Estimated Cardinality": "4753"
                                    },
                                    "cumulative_cardinality": 0,
                                    "operator_type": "PROJECTION",
                                    "operator_cardinality": 0,
                                    "cumulative_rows_scanned": 0,
                                    "operator_rows_scanned": 0,
                                    "operator_timing": 0.0,
                                    "children": [
                                      {
                                        "total_bytes_written": 0,
                                        "total_bytes_read": 0,
                                        "result_set_size": 0,
                                        "operator_name": "HASH_JOIN",
                                        "cpu_time": 0.0,
                                        "extra_info": {
                                          "Join Type": "INNER",
                                          "Conditions": "sr_returned_date_sk = d_date_sk",
                                          "Estimated Cardinality": "4753"
                                        },
                                        "cumulative_cardinality": 0,
                                        "operator_type": "HASH_JOIN",
                                        "operator_cardinality": 0,
                                        "cumulative_rows_scanned": 0,
                                        "operator_rows_scanned": 0,
                                        "operator_timing": 5.4212e-05,
                                        "children": [
                                          {
                                            "total_bytes_written": 0,
                                            "total_bytes_read": 0,
                                            "result_set_size": 0,
                                            "operator_name": "HASH_JOIN",
                                            "cpu_time": 0.0,
                                            "extra_info": {
                                              "Join Type": "INNER",
                                              "Conditions": "sr_item_sk = i_item_sk",
                                              "Estimated Cardinality": "23765"
                                            },
                                            "cumulative_cardinality": 0,
                                            "operator_type": "HASH_JOIN",
                                            "operator_cardinality": 0,
                                            "cumulative_rows_scanned": 0,
                                            "operator_rows_scanned": 0,
                                            "operator_timing": 0.00026991700000000005,
                                            "children": [
                                              {
                                                "total_bytes_written": 0,
                                                "total_bytes_read": 0,
                                                "result_set_size": 0,
                                                "operator_name": "PROJECTION",
                                                "cpu_time": 0.0,
                                                "extra_info": {
                                                  "Projections": [
                                                    "#0",
                                                    "#1",
                                                    "#3"
                                                  ],
                                                  "Estimated Cardinality": "575506"
                                                },
                                                "cumulative_cardinality": 0,
                                                "operator_type": "PROJECTION",
                                                "operator_cardinality": 0,
                                                "cumulative_rows_scanned": 0,
                                                "operator_rows_scanned": 0,
                                                "operator_timing": 0.0,
                                                "children": [
                                                  {
                                                    "total_bytes_written": 0,
                                                    "total_bytes_read": 0,
                                                    "result_set_size": 0,
                                                    "operator_name": "FILTER",
                                                    "cpu_time": 0.0,
                                                    "extra_info": {
                                                      "Expression": "(IN (...) AND ((CAST(sr_return_amt AS DOUBLE) / CAST(sr_return_quantity AS DOUBLE)) BETWEEN 237.0 AND 266.0))",
                                                      "Estimated Cardinality": "575506"
                                                    },
                                                    "cumulative_cardinality": 0,
                                                    "operator_type": "FILTER",
                                                    "operator_cardinality": 0,
                                                    "cumulative_rows_scanned": 0,
                                                    "operator_rows_scanned": 0,
                                                    "operator_timing": 0.007907117000000002,
                                                    "children": [
                                                      {
                                                        "total_bytes_written": 0,
                                                        "total_bytes_read": 0,
                                                        "result_set_size": 7253543,
                                                        "operator_name": "HASH_JOIN",
                                                        "cpu_time": 0.0,
                                                        "extra_info": {
                                                          "Join Type": "MARK",
                                                          "Conditions": "sr_reason_sk = #0",
                                                          "Estimated Cardinality": "2877532"
                                                        },
                                                        "cumulative_cardinality": 0,
                                                        "operator_type": "HASH_JOIN",
                                                        "operator_cardinality": 426679,
                                                        "cumulative_rows_scanned": 0,
                                                        "operator_rows_scanned": 0,
                                                        "operator_timing": 0.008285466,
                                                        "children": [
                                                          {
                                                            "total_bytes_written": 0,
                                                            "total_bytes_read": 0,
                                                            "result_set_size": 8533580,
                                                            "operator_name": "SEQ_SCAN ",
                                                            "cpu_time": 0.0,
                                                            "extra_info": {
                                                              "Table": "store_returns",
                                                              "Type": "Sequential Scan",
                                                              "Projections": [
                                                                "sr_item_sk",
                                                                "sr_returned_date_sk",
                                                                "sr_return_amt",
                                                                "sr_return_quantity",
                                                                "sr_reason_sk"
                                                              ],
                                                              "Filters": "optional: sr_reason_sk IN (6, 7, 25, 45, 51)",
                                                              "Estimated Cardinality": "2877532"
                                                            },
                                                            "cumulative_cardinality": 0,
                                                            "operator_type": "TABLE_SCAN",
                                                            "operator_cardinality": 426679,
                                                            "cumulative_rows_scanned": 0,
                                                            "operator_rows_scanned": 69060768,
                                                            "operator_timing": 0.023927516,
                                                            "children": []
                                                          },
                                                          {
                                                            "total_bytes_written": 0,
                                                            "total_bytes_read": 0,
                                                            "result_set_size": 20,
                                                            "operator_name": "COLUMN_DATA_SCAN",
                                                            "cpu_time": 0.0,
                                                            "extra_info": {
                                                              "Estimated Cardinality": "0"
                                                            },
                                                            "cumulative_cardinality": 0,
                                                            "operator_type": "COLUMN_DATA_SCAN",
                                                            "operator_cardinality": 5,
                                                            "cumulative_rows_scanned": 0,
                                                            "operator_rows_scanned": 0,
                                                            "operator_timing": 5.226e-06,
                                                            "children": []
                                                          }
                                                        ]
                                                      }
                                                    ]
                                                  }
                                                ]
                                              },
                                              {
                                                "total_bytes_written": 0,
                                                "total_bytes_read": 0,
                                                "result_set_size": 73400,
                                                "operator_name": "PROJECTION",
                                                "cpu_time": 0.0,
                                                "extra_info": {
                                                  "Projections": [
                                                    "#0",
                                                    "#2"
                                                  ],
                                                  "Estimated Cardinality": "4080"
                                                },
                                                "cumulative_cardinality": 0,
                                                "operator_type": "PROJECTION",
                                                "operator_cardinality": 3670,
                                                "cumulative_rows_scanned": 0,
                                                "operator_rows_scanned": 0,
                                                "operator_timing": 3.916000000000002e-06,
                                                "children": [
                                                  {
                                                    "total_bytes_written": 0,
                                                    "total_bytes_read": 0,
                                                    "result_set_size": 132120,
                                                    "operator_name": "FILTER",
                                                    "cpu_time": 0.0,
                                                    "extra_info": {
                                                      "Expression": "((i_category = 'Home') OR (i_category = 'Men'))",
                                                      "Estimated Cardinality": "4080"
                                                    },
                                                    "cumulative_cardinality": 0,
                                                    "operator_type": "FILTER",
                                                    "operator_cardinality": 3670,
                                                    "cumulative_rows_scanned": 0,
                                                    "operator_rows_scanned": 0,
                                                    "operator_timing": 0.00020294900000000004,
                                                    "children": [
                                                      {
                                                        "total_bytes_written": 0,
                                                        "total_bytes_read": 0,
                                                        "result_set_size": 659412,
                                                        "operator_name": "SEQ_SCAN ",
                                                        "cpu_time": 0.0,
                                                        "extra_info": {
                                                          "Table": "item",
                                                          "Type": "Sequential Scan",
                                                          "Projections": [
                                                            "i_item_sk",
                                                            "i_category",
                                                            "i_item_id"
                                                          ],
                                                          "Filters": [
                                                            "optional: i_category IN ('Home', 'Men')",
                                                            "i_manager_id>=8 AND i_manager_id<=17"
                                                          ],
                                                          "Estimated Cardinality": "20400"
                                                        },
                                                        "cumulative_cardinality": 0,
                                                        "operator_type": "TABLE_SCAN",
                                                        "operator_cardinality": 18317,
                                                        "cumulative_rows_scanned": 0,
                                                        "operator_rows_scanned": 102000,
                                                        "operator_timing": 0.0007776870000000002,
                                                        "children": []
                                                      }
                                                    ]
                                                  }
                                                ]
                                              }
                                            ]
                                          },
                                          {
                                            "total_bytes_written": 0,
                                            "total_bytes_read": 0,
                                            "result_set_size": 480,
                                            "operator_name": "HASH_JOIN",
                                            "cpu_time": 0.0,
                                            "extra_info": {
                                              "Join Type": "SEMI",
                                              "Conditions": "d_date = #0",
                                              "Estimated Cardinality": "14609"
                                            },
                                            "cumulative_cardinality": 0,
                                            "operator_type": "HASH_JOIN",
                                            "operator_cardinality": 120,
                                            "cumulative_rows_scanned": 0,
                                            "operator_rows_scanned": 0,
                                            "operator_timing": 0.00015442699999999998,
                                            "children": [
                                              {
                                                "total_bytes_written": 0,
                                                "total_bytes_read": 0,
                                                "result_set_size": 2424,
                                                "operator_name": "SEQ_SCAN ",
                                                "cpu_time": 0.0,
                                                "extra_info": {
                                                  "Table": "date_dim",
                                                  "Type": "Sequential Scan",
                                                  "Projections": [
                                                    "d_date",
                                                    "d_date_sk"
                                                  ],
                                                  "Filters": "d_date_sk>=2450820 AND d_date_sk<=2452822",
                                                  "Estimated Cardinality": "73049"
                                                },
                                                "cumulative_cardinality": 0,
                                                "operator_type": "TABLE_SCAN",
                                                "operator_cardinality": 303,
                                                "cumulative_rows_scanned": 0,
                                                "operator_rows_scanned": 73049,
                                                "operator_timing": 8.5288e-05,
                                                "children": []
                                              },
                                              {
                                                "total_bytes_written": 0,
                                                "total_bytes_read": 0,
                                                "result_set_size": 480,
                                                "operator_name": "HASH_JOIN",
                                                "cpu_time": 0.0,
                                                "extra_info": {
                                                  "Join Type": "SEMI",
                                                  "Conditions": "d_month_seq = #0",
                                                  "Estimated Cardinality": "14609"
                                                },
                                                "cumulative_cardinality": 0,
                                                "operator_type": "HASH_JOIN",
                                                "operator_cardinality": 120,
                                                "cumulative_rows_scanned": 0,
                                                "operator_rows_scanned": 0,
                                                "operator_timing": 0.00012332,
                                                "children": [
                                                  {
                                                    "total_bytes_written": 0,
                                                    "total_bytes_read": 0,
                                                    "result_set_size": 2424,
                                                    "operator_name": "SEQ_SCAN ",
                                                    "cpu_time": 0.0,
                                                    "extra_info": {
                                                      "Table": "date_dim",
                                                      "Type": "Sequential Scan",
                                                      "Projections": [
                                                        "d_month_seq",
                                                        "d_date"
                                                      ],
                                                      "Estimated Cardinality": "73049"
                                                    },
                                                    "cumulative_cardinality": 0,
                                                    "operator_type": "TABLE_SCAN",
                                                    "operator_cardinality": 303,
                                                    "cumulative_rows_scanned": 0,
                                                    "operator_rows_scanned": 73049,
                                                    "operator_timing": 0.00010094100000000001,
                                                    "children": []
                                                  },
                                                  {
                                                    "total_bytes_written": 0,
                                                    "total_bytes_read": 0,
                                                    "result_set_size": 16,
                                                    "operator_name": "PROJECTION",
                                                    "cpu_time": 0.0,
                                                    "extra_info": {
                                                      "Projections": "#1",
                                                      "Estimated Cardinality": "14609"
                                                    },
                                                    "cumulative_cardinality": 0,
                                                    "operator_type": "PROJECTION",
                                                    "operator_cardinality": 4,
                                                    "cumulative_rows_scanned": 0,
                                                    "operator_rows_scanned": 0,
                                                    "operator_timing": 1.88e-07,
                                                    "children": [
                                                      {
                                                        "total_bytes_written": 0,
                                                        "total_bytes_read": 0,
                                                        "result_set_size": 32,
                                                        "operator_name": "FILTER",
                                                        "cpu_time": 0.0,
                                                        "extra_info": {
                                                          "Expression": "((d_date = '2002-02-26'::DATE) OR (d_date = '2002-05-03'::DATE) OR (d_date = '2002-08-19'::DATE) OR (d_date = '2002-11-18'::DATE))",
                                                          "Estimated Cardinality": "14609"
                                                        },
                                                        "cumulative_cardinality": 0,
                                                        "operator_type": "FILTER",
                                                        "operator_cardinality": 4,
                                                        "cumulative_rows_scanned": 0,
                                                        "operator_rows_scanned": 0,
                                                        "operator_timing": 0.000191438,
                                                        "children": [
                                                          {
                                                            "total_bytes_written": 0,
                                                            "total_bytes_read": 0,
                                                            "result_set_size": 584392,
                                                            "operator_name": "SEQ_SCAN ",
                                                            "cpu_time": 0.0,
                                                            "extra_info": {
                                                              "Table": "date_dim",
                                                              "Type": "Sequential Scan",
                                                              "Projections": [
                                                                "d_date",
                                                                "d_month_seq"
                                                              ],
                                                              "Filters": "optional: d_date IN ('2002-02-26'::DATE, '2002-05-03'::DATE, '2002-08-19'::DATE, '2002-11-18'::DATE)",
                                                              "Estimated Cardinality": "73049"
                                                            },
                                                            "cumulative_cardinality": 0,
                                                            "operator_type": "TABLE_SCAN",
                                                            "operator_cardinality": 73049,
                                                            "cumulative_rows_scanned": 0,
                                                            "operator_rows_scanned": 73049,
                                                            "operator_timing": 6.238100000000001e-05,
                                                            "children": []
                                                          }
                                                        ]
                                                      }
                                                    ]
                                                  }
                                                ]
                                              }
                                            ]
                                          }
                                        ]
                                      }
                                    ]
                                  }
                                ]
                              }
                            ]
                          },
                          {
                            "total_bytes_written": 0,
                            "total_bytes_read": 0,
                            "result_set_size": 0,
                            "operator_name": "HASH_JOIN",
                            "cpu_time": 0.0,
                            "extra_info": {
                              "Join Type": "INNER",
                              "Conditions": "item_id = item_id",
                              "Estimated Cardinality": "0"
                            },
                            "cumulative_cardinality": 0,
                            "operator_type": "HASH_JOIN",
                            "operator_cardinality": 0,
                            "cumulative_rows_scanned": 0,
                            "operator_rows_scanned": 0,
                            "operator_timing": 5.994e-06,
                            "children": [
                              {
                                "total_bytes_written": 0,
                                "total_bytes_read": 0,
                                "result_set_size": 32,
                                "operator_name": "HASH_GROUP_BY",
                                "cpu_time": 0.0,
                                "extra_info": {
                                  "Groups": "#0",
                                  "Aggregates": "sum(#1)",
                                  "Estimated Cardinality": "95"
                                },
                                "cumulative_cardinality": 0,
                                "operator_type": "HASH_GROUP_BY",
                                "operator_cardinality": 1,
                                "cumulative_rows_scanned": 0,
                                "operator_rows_scanned": 0,
                                "operator_timing": 0.00036324,
                                "children": [
                                  {
                                    "total_bytes_written": 0,
                                    "total_bytes_read": 0,
                                    "result_set_size": 20,
                                    "operator_name": "PROJECTION",
                                    "cpu_time": 0.0,
                                    "extra_info": {
                                      "Projections": [
                                        "i_item_id",
                                        "cr_return_quantity"
                                      ],
                                      "Estimated Cardinality": "2290"
                                    },
                                    "cumulative_cardinality": 0,
                                    "operator_type": "PROJECTION",
                                    "operator_cardinality": 1,
                                    "cumulative_rows_scanned": 0,
                                    "operator_rows_scanned": 0,
                                    "operator_timing": 1.65e-07,
                                    "children": [
                                      {
                                        "total_bytes_written": 0,
                                        "total_bytes_read": 0,
                                        "result_set_size": 20,
                                        "operator_name": "HASH_JOIN",
                                        "cpu_time": 0.0,
                                        "extra_info": {
                                          "Join Type": "SEMI",
                                          "Conditions": "d_date = #0",
                                          "Estimated Cardinality": "2290"
                                        },
                                        "cumulative_cardinality": 0,
                                        "operator_type": "HASH_JOIN",
                                        "operator_cardinality": 1,
                                        "cumulative_rows_scanned": 0,
                                        "operator_rows_scanned": 0,
                                        "operator_timing": 0.000506067,
                                        "children": [
                                          {
                                            "total_bytes_written": 0,
                                            "total_bytes_read": 0,
                                            "result_set_size": 24,
                                            "operator_name": "HASH_JOIN",
                                            "cpu_time": 0.0,
                                            "extra_info": {
                                              "Join Type": "INNER",
                                              "Conditions": "d_date_sk = cr_returned_date_sk",
                                              "Estimated Cardinality": "11454"
                                            },
                                            "cumulative_cardinality": 0,
                                            "operator_type": "HASH_JOIN",
                                            "operator_cardinality": 1,
                                            "cumulative_rows_scanned": 0,
                                            "operator_rows_scanned": 0,
                                            "operator_timing": 0.00016655100000000003,
                                            "children": [
                                              {
                                                "total_bytes_written": 0,
                                                "total_bytes_read": 0,
                                                "result_set_size": 2424,
                                                "operator_name": "SEQ_SCAN ",
                                                "cpu_time": 0.0,
                                                "extra_info": {
                                                  "Table": "date_dim",
                                                  "Type": "Sequential Scan",
                                                  "Projections": [
                                                    "d_date",
                                                    "d_date_sk"
                                                  ],
                                                  "Filters": "d_date_sk>=2450827 AND d_date_sk<=2452918",
                                                  "Estimated Cardinality": "73049"
                                                },
                                                "cumulative_cardinality": 0,
                                                "operator_type": "TABLE_SCAN",
                                                "operator_cardinality": 303,
                                                "cumulative_rows_scanned": 0,
                                                "operator_rows_scanned": 73049,
                                                "operator_timing": 8.8976e-05,
                                                "children": []
                                              },
                                              {
                                                "total_bytes_written": 0,
                                                "total_bytes_read": 0,
                                                "result_set_size": 168,
                                                "operator_name": "HASH_JOIN",
                                                "cpu_time": 0.0,
                                                "extra_info": {
                                                  "Join Type": "INNER",
                                                  "Conditions": "cr_item_sk = i_item_sk",
                                                  "Estimated Cardinality": "11454"
                                                },
                                                "cumulative_cardinality": 0,
                                                "operator_type": "HASH_JOIN",
                                                "operator_cardinality": 7,
                                                "cumulative_rows_scanned": 0,
                                                "operator_rows_scanned": 0,
                                                "operator_timing": 0.0004398459999999999,
                                                "children": [
                                                  {
                                                    "total_bytes_written": 0,
                                                    "total_bytes_read": 0,
                                                    "result_set_size": 3756,
                                                    "operator_name": "PROJECTION",
                                                    "cpu_time": 0.0,
                                                    "extra_info": {
                                                      "Projections": [
                                                        "#0",
                                                        "#1",
                                                        "#3"
                                                      ],
                                                      "Estimated Cardinality": "288244"
                                                    },
                                                    "cumulative_cardinality": 0,
                                                    "operator_type": "PROJECTION",
                                                    "operator_cardinality": 313,
                                                    "cumulative_rows_scanned": 0,
                                                    "operator_rows_scanned": 0,
                                                    "operator_timing": 1.2832999999999999e-05,
                                                    "children": [
                                                      {
                                                        "total_bytes_written": 0,
                                                        "total_bytes_read": 0,
                                                        "result_set_size": 5321,
                                                        "operator_name": "FILTER",
                                                        "cpu_time": 0.0,
                                                        "extra_info": {
                                                          "Expression": "(IN (...) AND ((CAST(cr_return_amount AS DOUBLE) / CAST(cr_return_quantity AS DOUBLE)) BETWEEN 237.0 AND 266.0))",
                                                          "Estimated Cardinality": "288244"
                                                        },
                                                        "cumulative_cardinality": 0,
                                                        "operator_type": "FILTER",
                                                        "operator_cardinality": 313,
                                                        "cumulative_rows_scanned": 0,
                                                        "operator_rows_scanned": 0,
                                                        "operator_timing": 0.00905283,
                                                        "children": [
                                                          {
                                                            "total_bytes_written": 0,
                                                            "total_bytes_read": 0,
                                                            "result_set_size": 24496507,
                                                            "operator_name": "HASH_JOIN",
                                                            "cpu_time": 0.0,
                                                            "extra_info": {
                                                              "Join Type": "MARK",
                                                              "Conditions": "cr_reason_sk = #0",
                                                              "Estimated Cardinality": "1441224"
                                                            },
                                                            "cumulative_cardinality": 0,
                                                            "operator_type": "HASH_JOIN",
                                                            "operator_cardinality": 1440971,
                                                            "cumulative_rows_scanned": 0,
                                                            "operator_rows_scanned": 0,
                                                            "operator_timing": 0.010465140999999997,
                                                            "children": [
                                                              {
                                                                "total_bytes_written": 0,
                                                                "total_bytes_read": 0,
                                                                "result_set_size": 28819420,
                                                                "operator_name": "SEQ_SCAN ",
                                                                "cpu_time": 0.0,
                                                                "extra_info": {
                                                                  "Table": "catalog_returns",
                                                                  "Type": "Sequential Scan",
                                                                  "Projections": [
                                                                    "cr_item_sk",
                                                                    "cr_returned_date_sk",
                                                                    "cr_return_amount",
                                                                    "cr_return_quantity",
                                                                    "cr_reason_sk"
                                                                  ],
                                                                  "Filters": "optional: cr_reason_sk IN (6, 7, 25, 45, 51)",
                                                                  "Estimated Cardinality": "1441224"
                                                                },
                                                                "cumulative_cardinality": 0,
                                                                "operator_type": "TABLE_SCAN",
                                                                "operator_cardinality": 1440971,
                                                                "cumulative_rows_scanned": 0,
                                                                "operator_rows_scanned": 17294688,
                                                                "operator_timing": 0.009446353,
                                                                "children": []
                                                              },
                                                              {
                                                                "total_bytes_written": 0,
                                                                "total_bytes_read": 0,
                                                                "result_set_size": 20,
                                                                "operator_name": "COLUMN_DATA_SCAN",
                                                                "cpu_time": 0.0,
                                                                "extra_info": {
                                                                  "Estimated Cardinality": "0"
                                                                },
                                                                "cumulative_cardinality": 0,
                                                                "operator_type": "COLUMN_DATA_SCAN",
                                                                "operator_cardinality": 5,
                                                                "cumulative_rows_scanned": 0,
                                                                "operator_rows_scanned": 0,
                                                                "operator_timing": 3.3e-06,
                                                                "children": []
                                                              }
                                                            ]
                                                          }
                                                        ]
                                                      }
                                                    ]
                                                  },
                                                  {
                                                    "total_bytes_written": 0,
                                                    "total_bytes_read": 0,
                                                    "result_set_size": 73400,
                                                    "operator_name": "PROJECTION",
                                                    "cpu_time": 0.0,
                                                    "extra_info": {
                                                      "Projections": [
                                                        "#0",
                                                        "#2"
                                                      ],
                                                      "Estimated Cardinality": "4080"
                                                    },
                                                    "cumulative_cardinality": 0,
                                                    "operator_type": "PROJECTION",
                                                    "operator_cardinality": 3670,
                                                    "cumulative_rows_scanned": 0,
                                                    "operator_rows_scanned": 0,
                                                    "operator_timing": 3.452e-06,
                                                    "children": [
                                                      {
                                                        "total_bytes_written": 0,
                                                        "total_bytes_read": 0,
                                                        "result_set_size": 132120,
                                                        "operator_name": "FILTER",
                                                        "cpu_time": 0.0,
                                                        "extra_info": {
                                                          "Expression": "((i_category = 'Home') OR (i_category = 'Men'))",
                                                          "Estimated Cardinality": "4080"
                                                        },
                                                        "cumulative_cardinality": 0,
                                                        "operator_type": "FILTER",
                                                        "operator_cardinality": 3670,
                                                        "cumulative_rows_scanned": 0,
                                                        "operator_rows_scanned": 0,
                                                        "operator_timing": 0.00020461699999999993,
                                                        "children": [
                                                          {
                                                            "total_bytes_written": 0,
                                                            "total_bytes_read": 0,
                                                            "result_set_size": 659412,
                                                            "operator_name": "SEQ_SCAN ",
                                                            "cpu_time": 0.0,
                                                            "extra_info": {
                                                              "Table": "item",
                                                              "Type": "Sequential Scan",
                                                              "Projections": [
                                                                "i_item_sk",
                                                                "i_category",
                                                                "i_item_id"
                                                              ],
                                                              "Filters": [
                                                                "optional: i_category IN ('Home', 'Men')",
                                                                "i_manager_id>=8 AND i_manager_id<=17"
                                                              ],
                                                              "Estimated Cardinality": "20400"
                                                            },
                                                            "cumulative_cardinality": 0,
                                                            "operator_type": "TABLE_SCAN",
                                                            "operator_cardinality": 18317,
                                                            "cumulative_rows_scanned": 0,
                                                            "operator_rows_scanned": 102000,
                                                            "operator_timing": 0.000786385,
                                                            "children": []
                                                          }
                                                        ]
                                                      }
                                                    ]
                                                  }
                                                ]
                                              }
                                            ]
                                          },
                                          {
                                            "total_bytes_written": 0,
                                            "total_bytes_read": 0,
                                            "result_set_size": 480,
                                            "operator_name": "HASH_JOIN",
                                            "cpu_time": 0.0,
                                            "extra_info": {
                                              "Join Type": "SEMI",
                                              "Conditions": "d_month_seq = #0",
                                              "Estimated Cardinality": "14609"
                                            },
                                            "cumulative_cardinality": 0,
                                            "operator_type": "HASH_JOIN",
                                            "operator_cardinality": 120,
                                            "cumulative_rows_scanned": 0,
                                            "operator_rows_scanned": 0,
                                            "operator_timing": 0.00012275,
                                            "children": [
                                              {
                                                "total_bytes_written": 0,
                                                "total_bytes_read": 0,
                                                "result_set_size": 2424,
                                                "operator_name": "SEQ_SCAN ",
                                                "cpu_time": 0.0,
                                                "extra_info": {
                                                  "Table": "date_dim",
                                                  "Type": "Sequential Scan",
                                                  "Projections": [
                                                    "d_month_seq",
                                                    "d_date"
                                                  ],
                                                  "Estimated Cardinality": "73049"
                                                },
                                                "cumulative_cardinality": 0,
                                                "operator_type": "TABLE_SCAN",
                                                "operator_cardinality": 303,
                                                "cumulative_rows_scanned": 0,
                                                "operator_rows_scanned": 73049,
                                                "operator_timing": 0.00010221899999999999,
                                                "children": []
                                              },
                                              {
                                                "total_bytes_written": 0,
                                                "total_bytes_read": 0,
                                                "result_set_size": 16,
                                                "operator_name": "PROJECTION",
                                                "cpu_time": 0.0,
                                                "extra_info": {
                                                  "Projections": "#1",
                                                  "Estimated Cardinality": "14609"
                                                },
                                                "cumulative_cardinality": 0,
                                                "operator_type": "PROJECTION",
                                                "operator_cardinality": 4,
                                                "cumulative_rows_scanned": 0,
                                                "operator_rows_scanned": 0,
                                                "operator_timing": 2.27e-07,
                                                "children": [
                                                  {
                                                    "total_bytes_written": 0,
                                                    "total_bytes_read": 0,
                                                    "result_set_size": 32,
                                                    "operator_name": "FILTER",
                                                    "cpu_time": 0.0,
                                                    "extra_info": {
                                                      "Expression": "((d_date = '2002-02-26'::DATE) OR (d_date = '2002-05-03'::DATE) OR (d_date = '2002-08-19'::DATE) OR (d_date = '2002-11-18'::DATE))",
                                                      "Estimated Cardinality": "14609"
                                                    },
                                                    "cumulative_cardinality": 0,
                                                    "operator_type": "FILTER",
                                                    "operator_cardinality": 4,
                                                    "cumulative_rows_scanned": 0,
                                                    "operator_rows_scanned": 0,
                                                    "operator_timing": 0.00020168699999999998,
                                                    "children": [
                                                      {
                                                        "total_bytes_written": 0,
                                                        "total_bytes_read": 0,
                                                        "result_set_size": 584392,
                                                        "operator_name": "SEQ_SCAN ",
                                                        "cpu_time": 0.0,
                                                        "extra_info": {
                                                          "Table": "date_dim",
                                                          "Type": "Sequential Scan",
                                                          "Projections": [
                                                            "d_date",
                                                            "d_month_seq"
                                                          ],
                                                          "Filters": "optional: d_date IN ('2002-02-26'::DATE, '2002-05-03'::DATE, '2002-08-19'::DATE, '2002-11-18'::DATE)",
                                                          "Estimated Cardinality": "73049"
                                                        },
                                                        "cumulative_cardinality": 0,
                                                        "operator_type": "TABLE_SCAN",
                                                        "operator_cardinality": 73049,
                                                        "cumulative_rows_scanned": 0,
                                                        "operator_rows_scanned": 73049,
                                                        "operator_timing": 6.247e-05,
                                                        "children": []
                                                      }
                                                    ]
                                                  }
                                                ]
                                              }
                                            ]
                                          }
                                        ]
                                      }
                                    ]
                                  }
                                ]
                              },
                              {
                                "total_bytes_written": 0,
                                "total_bytes_read": 0,
                                "result_set_size": 0,
                                "operator_name": "HASH_GROUP_BY",
                                "cpu_time": 0.0,
                                "extra_info": {
                                  "Groups": "#0",
                                  "Aggregates": "sum(#1)",
                                  "Estimated Cardinality": "95"
                                },
                                "cumulative_cardinality": 0,
                                "operator_type": "HASH_GROUP_BY",
                                "operator_cardinality": 0,
                                "cumulative_rows_scanned": 0,
                                "operator_rows_scanned": 0,
                                "operator_timing": 1.054e-06,
                                "children": [
                                  {
                                    "total_bytes_written": 0,
                                    "total_bytes_read": 0,
                                    "result_set_size": 0,
                                    "operator_name": "PROJECTION",
                                    "cpu_time": 0.0,
                                    "extra_info": {
                                      "Projections": [
                                        "i_item_id",
                                        "wr_return_quantity"
                                      ],
                                      "Estimated Cardinality": "1048"
                                    },
                                    "cumulative_cardinality": 0,
                                    "operator_type": "PROJECTION",
                                    "operator_cardinality": 0,
                                    "cumulative_rows_scanned": 0,
                                    "operator_rows_scanned": 0,
                                    "operator_timing": 0.0,
                                    "children": [
                                      {
                                        "total_bytes_written": 0,
                                        "total_bytes_read": 0,
                                        "result_set_size": 0,
                                        "operator_name": "HASH_JOIN",
                                        "cpu_time": 0.0,
                                        "extra_info": {
                                          "Join Type": "RIGHT_SEMI",
                                          "Conditions": "#0 = d_date",
                                          "Estimated Cardinality": "1048"
                                        },
                                        "cumulative_cardinality": 0,
                                        "operator_type": "HASH_JOIN",
                                        "operator_cardinality": 0,
                                        "cumulative_rows_scanned": 0,
                                        "operator_rows_scanned": 0,
                                        "operator_timing": 0.00010603699999999999,
                                        "children": [
                                          {
                                            "total_bytes_written": 0,
                                            "total_bytes_read": 0,
                                            "result_set_size": 480,
                                            "operator_name": "HASH_JOIN",
                                            "cpu_time": 0.0,
                                            "extra_info": {
                                              "Join Type": "SEMI",
                                              "Conditions": "d_month_seq = #0",
                                              "Estimated Cardinality": "14609"
                                            },
                                            "cumulative_cardinality": 0,
                                            "operator_type": "HASH_JOIN",
                                            "operator_cardinality": 120,
                                            "cumulative_rows_scanned": 0,
                                            "operator_rows_scanned": 0,
                                            "operator_timing": 0.00010758999999999999,
                                            "children": [
                                              {
                                                "total_bytes_written": 0,
                                                "total_bytes_read": 0,
                                                "result_set_size": 2424,
                                                "operator_name": "SEQ_SCAN ",
                                                "cpu_time": 0.0,
                                                "extra_info": {
                                                  "Table": "date_dim",
                                                  "Type": "Sequential Scan",
                                                  "Projections": [
                                                    "d_month_seq",
                                                    "d_date"
                                                  ],
                                                  "Estimated Cardinality": "73049"
                                                },
                                                "cumulative_cardinality": 0,
                                                "operator_type": "TABLE_SCAN",
                                                "operator_cardinality": 303,
                                                "cumulative_rows_scanned": 0,
                                                "operator_rows_scanned": 73049,
                                                "operator_timing": 9.941e-05,
                                                "children": []
                                              },
                                              {
                                                "total_bytes_written": 0,
                                                "total_bytes_read": 0,
                                                "result_set_size": 16,
                                                "operator_name": "PROJECTION",
                                                "cpu_time": 0.0,
                                                "extra_info": {
                                                  "Projections": "#1",
                                                  "Estimated Cardinality": "14609"
                                                },
                                                "cumulative_cardinality": 0,
                                                "operator_type": "PROJECTION",
                                                "operator_cardinality": 4,
                                                "cumulative_rows_scanned": 0,
                                                "operator_rows_scanned": 0,
                                                "operator_timing": 4.89e-07,
                                                "children": [
                                                  {
                                                    "total_bytes_written": 0,
                                                    "total_bytes_read": 0,
                                                    "result_set_size": 32,
                                                    "operator_name": "FILTER",
                                                    "cpu_time": 0.0,
                                                    "extra_info": {
                                                      "Expression": "((d_date = '2002-02-26'::DATE) OR (d_date = '2002-05-03'::DATE) OR (d_date = '2002-08-19'::DATE) OR (d_date = '2002-11-18'::DATE))",
                                                      "Estimated Cardinality": "14609"
                                                    },
                                                    "cumulative_cardinality": 0,
                                                    "operator_type": "FILTER",
                                                    "operator_cardinality": 4,
                                                    "cumulative_rows_scanned": 0,
                                                    "operator_rows_scanned": 0,
                                                    "operator_timing": 0.000405123,
                                                    "children": [
                                                      {
                                                        "total_bytes_written": 0,
                                                        "total_bytes_read": 0,
                                                        "result_set_size": 584392,
                                                        "operator_name": "SEQ_SCAN ",
                                                        "cpu_time": 0.0,
                                                        "extra_info": {
                                                          "Table": "date_dim",
                                                          "Type": "Sequential Scan",
                                                          "Projections": [
                                                            "d_date",
                                                            "d_month_seq"
                                                          ],
                                                          "Filters": "optional: d_date IN ('2002-02-26'::DATE, '2002-05-03'::DATE, '2002-08-19'::DATE, '2002-11-18'::DATE)",
                                                          "Estimated Cardinality": "73049"
                                                        },
                                                        "cumulative_cardinality": 0,
                                                        "operator_type": "TABLE_SCAN",
                                                        "operator_cardinality": 73049,
                                                        "cumulative_rows_scanned": 0,
                                                        "operator_rows_scanned": 73049,
                                                        "operator_timing": 0.000128484,
                                                        "children": []
                                                      }
                                                    ]
                                                  }
                                                ]
                                              }
                                            ]
                                          },
                                          {
                                            "total_bytes_written": 0,
                                            "total_bytes_read": 0,
                                            "result_set_size": 144,
                                            "operator_name": "HASH_JOIN",
                                            "cpu_time": 0.0,
                                            "extra_info": {
                                              "Join Type": "INNER",
                                              "Conditions": "d_date_sk = wr_returned_date_sk",
                                              "Estimated Cardinality": "5243"
                                            },
                                            "cumulative_cardinality": 0,
                                            "operator_type": "HASH_JOIN",
                                            "operator_cardinality": 6,
                                            "cumulative_rows_scanned": 0,
                                            "operator_rows_scanned": 0,
                                            "operator_timing": 8.5695e-05,
                                            "children": [
                                              {
                                                "total_bytes_written": 0,
                                                "total_bytes_read": 0,
                                                "result_set_size": 10264,
                                                "operator_name": "SEQ_SCAN ",
                                                "cpu_time": 0.0,
                                                "extra_info": {
                                                  "Table": "date_dim",
                                                  "Type": "Sequential Scan",
                                                  "Projections": [
                                                    "d_date",
                                                    "d_date_sk"
                                                  ],
                                                  "Filters": "d_date_sk>=2450821 AND d_date_sk<=2452997",
                                                  "Estimated Cardinality": "73049"
                                                },
                                                "cumulative_cardinality": 0,
                                                "operator_type": "TABLE_SCAN",
                                                "operator_cardinality": 1283,
                                                "cumulative_rows_scanned": 0,
                                                "operator_rows_scanned": 73049,
                                                "operator_timing": 0.000127748,
                                                "children": []
                                              },
                                              {
                                                "total_bytes_written": 0,
                                                "total_bytes_read": 0,
                                                "result_set_size": 144,
                                                "operator_name": "HASH_JOIN",
                                                "cpu_time": 0.0,
                                                "extra_info": {
                                                  "Join Type": "INNER",
                                                  "Conditions": "wr_item_sk = i_item_sk",
                                                  "Estimated Cardinality": "5243"
                                                },
                                                "cumulative_cardinality": 0,
                                                "operator_type": "HASH_JOIN",
                                                "operator_cardinality": 6,
                                                "cumulative_rows_scanned": 0,
                                                "operator_rows_scanned": 0,
                                                "operator_timing": 0.00031219699999999995,
                                                "children": [
                                                  {
                                                    "total_bytes_written": 0,
                                                    "total_bytes_read": 0,
                                                    "result_set_size": 1872,
                                                    "operator_name": "PROJECTION",
                                                    "cpu_time": 0.0,
                                                    "extra_info": {
                                                      "Projections": [
                                                        "#0",
                                                        "#1",
                                                        "#3"
                                                      ],
                                                      "Estimated Cardinality": "143844"
                                                    },
                                                    "cumulative_cardinality": 0,
                                                    "operator_type": "PROJECTION",
                                                    "operator_cardinality": 156,
                                                    "cumulative_rows_scanned": 0,
                                                    "operator_rows_scanned": 0,
                                                    "operator_timing": 3.6700000000000004e-06,
                                                    "children": [
                                                      {
                                                        "total_bytes_written": 0,
                                                        "total_bytes_read": 0,
                                                        "result_set_size": 2652,
                                                        "operator_name": "FILTER",
                                                        "cpu_time": 0.0,
                                                        "extra_info": {
                                                          "Expression": "(IN (...) AND ((CAST(wr_return_amt AS DOUBLE) / CAST(wr_return_quantity AS DOUBLE)) BETWEEN 237.0 AND 266.0))",
                                                          "Estimated Cardinality": "143844"
                                                        },
                                                        "cumulative_cardinality": 0,
                                                        "operator_type": "FILTER",
                                                        "operator_cardinality": 156,
                                                        "cumulative_rows_scanned": 0,
                                                        "operator_rows_scanned": 0,
                                                        "operator_timing": 0.0029794129999999998,
                                                        "children": [
                                                          {
                                                            "total_bytes_written": 0,
                                                            "total_bytes_read": 0,
                                                            "result_set_size": 12224513,
                                                            "operator_name": "HASH_JOIN",
                                                            "cpu_time": 0.0,
                                                            "extra_info": {
                                                              "Join Type": "MARK",
                                                              "Conditions": "wr_reason_sk = #0",
                                                              "Estimated Cardinality": "719222"
                                                            },
                                                            "cumulative_cardinality": 0,
                                                            "operator_type": "HASH_JOIN",
                                                            "operator_cardinality": 719089,
                                                            "cumulative_rows_scanned": 0,
                                                            "operator_rows_scanned": 0,
                                                            "operator_timing": 0.004196058999999999,
                                                            "children": [
                                                              {
                                                                "total_bytes_written": 0,
                                                                "total_bytes_read": 0,
                                                                "result_set_size": 14381780,
                                                                "operator_name": "SEQ_SCAN ",
                                                                "cpu_time": 0.0,
                                                                "extra_info": {
                                                                  "Table": "web_returns",
                                                                  "Type": "Sequential Scan",
                                                                  "Projections": [
                                                                    "wr_item_sk",
                                                                    "wr_returned_date_sk",
                                                                    "wr_return_amt",
                                                                    "wr_return_quantity",
                                                                    "wr_reason_sk"
                                                                  ],
                                                                  "Filters": "optional: wr_reason_sk IN (6, 7, 25, 45, 51)",
                                                                  "Estimated Cardinality": "719222"
                                                                },
                                                                "cumulative_cardinality": 0,
                                                                "operator_type": "TABLE_SCAN",
                                                                "operator_cardinality": 719089,
                                                                "cumulative_rows_scanned": 0,
                                                                "operator_rows_scanned": 4315332,
                                                                "operator_timing": 0.003134603,
                                                                "children": []
                                                              },
                                                              {
                                                                "total_bytes_written": 0,
                                                                "total_bytes_read": 0,
                                                                "result_set_size": 20,
                                                                "operator_name": "COLUMN_DATA_SCAN",
                                                                "cpu_time": 0.0,
                                                                "extra_info": {
                                                                  "Estimated Cardinality": "0"
                                                                },
                                                                "cumulative_cardinality": 0,
                                                                "operator_type": "COLUMN_DATA_SCAN",
                                                                "operator_cardinality": 5,
                                                                "cumulative_rows_scanned": 0,
                                                                "operator_rows_scanned": 0,
                                                                "operator_timing": 3.0409999999999998e-06,
                                                                "children": []
                                                              }
                                                            ]
                                                          }
                                                        ]
                                                      }
                                                    ]
                                                  },
                                                  {
                                                    "total_bytes_written": 0,
                                                    "total_bytes_read": 0,
                                                    "result_set_size": 73400,
                                                    "operator_name": "PROJECTION",
                                                    "cpu_time": 0.0,
                                                    "extra_info": {
                                                      "Projections": [
                                                        "#0",
                                                        "#2"
                                                      ],
                                                      "Estimated Cardinality": "4080"
                                                    },
                                                    "cumulative_cardinality": 0,
                                                    "operator_type": "PROJECTION",
                                                    "operator_cardinality": 3670,
                                                    "cumulative_rows_scanned": 0,
                                                    "operator_rows_scanned": 0,
                                                    "operator_timing": 3.573e-06,
                                                    "children": [
                                                      {
                                                        "total_bytes_written": 0,
                                                        "total_bytes_read": 0,
                                                        "result_set_size": 132120,
                                                        "operator_name": "FILTER",
                                                        "cpu_time": 0.0,
                                                        "extra_info": {
                                                          "Expression": "((i_category = 'Home') OR (i_category = 'Men'))",
                                                          "Estimated Cardinality": "4080"
                                                        },
                                                        "cumulative_cardinality": 0,
                                                        "operator_type": "FILTER",
                                                        "operator_cardinality": 3670,
                                                        "cumulative_rows_scanned": 0,
                                                        "operator_rows_scanned": 0,
                                                        "operator_timing": 0.00020492700000000004,
                                                        "children": [
                                                          {
                                                            "total_bytes_written": 0,
                                                            "total_bytes_read": 0,
                                                            "result_set_size": 659412,
                                                            "operator_name": "SEQ_SCAN ",
                                                            "cpu_time": 0.0,
                                                            "extra_info": {
                                                              "Table": "item",
                                                              "Type": "Sequential Scan",
                                                              "Projections": [
                                                                "i_item_sk",
                                                                "i_category",
                                                                "i_item_id"
                                                              ],
                                                              "Filters": [
                                                                "optional: i_category IN ('Home', 'Men')",
                                                                "i_manager_id>=8 AND i_manager_id<=17"
                                                              ],
                                                              "Estimated Cardinality": "20400"
                                                            },
                                                            "cumulative_cardinality": 0,
                                                            "operator_type": "TABLE_SCAN",
                                                            "operator_cardinality": 18317,
                                                            "cumulative_rows_scanned": 0,
                                                            "operator_rows_scanned": 102000,
                                                            "operator_timing": 0.0008034929999999997,
                                                            "children": []
                                                          }
                                                        ]
                                                      }
                                                    ]
                                                  }
                                                ]
                                              }
                                            ]
                                          }
                                        ]
                                      }
                                    ]
                                  }
                                ]
                              }
                            ]
                          }
                        ]
                      }
                    ]
                  }
                ]
              }
            ]
          }
        ]
      }
    ]
  },
  "actual_rows": 0
}