{
  "execution_time_ms": 292.2,
  "plan_text": "\u250c\u2500\u2500\u2500\u2500\u2500\u2500\u2500\u2500\u2500\u2500\u2500\u2500\u2500\u2500\u2500\u2500\u2500\u2500\u2500\u2500\u2500\u2500\u2500\u2500\u2500\u2500\u2500\u2500\u2500\u2500\u2500\u2500\u2500\u2500\u2500\u2500\u2500\u2510\n\u2502\u250c\u2500\u2500\u2500\u2500\u2500\u2500\u2500\u2500\u2500\u2500\u2500\u2500\u2500\u2500\u2500\u2500\u2500\u2500\u2500\u2500\u2500\u2500\u2500\u2500\u2500\u2500\u2500\u2500\u2500\u2500\u2500\u2500\u2500\u2500\u2500\u2510\u2502\n\u2502\u2502    Query Profiling Information    \u2502\u2502\n\u2502\u2514\u2500\u2500\u2500\u2500\u2500\u2500\u2500\u2500\u2500\u2500\u2500\u2500\u2500\u2500\u2500\u2500\u2500\u2500\u2500\u2500\u2500\u2500\u2500\u2500\u2500\u2500\u2500\u2500\u2500\u2500\u2500\u2500\u2500\u2500\u2500\u2518\u2502\n\u2514\u2500\u2500\u2500\u2500\u2500\u2500\u2500\u2500\u2500\u2500\u2500\u2500\u2500\u2500\u2500\u2500\u2500\u2500\u2500\u2500\u2500\u2500\u2500\u2500\u2500\u2500\u2500\u2500\u2500\u2500\u2500\u2500\u2500\u2500\u2500\u2500\u2500\u2518\nEXPLAIN ANALYZE with  cross_items as  (select i_item_sk ss_item_sk  from item,  (select iss.i_brand_id brand_id      ,iss.i_class_id class_id      ,iss.i_category_id category_id  from store_sales      ,item iss      ,date_dim d1  where ss_item_sk = iss.i_item_sk    and ss_sold_date_sk = d1.d_date_sk    and d1.d_year between 1999 AND 1999 + 2    and i_category IN ('Electronics', 'Jewelry', 'Men')    and i_manager_id BETWEEN 91 and 100    and ss_wholesale_cost BETWEEN 35 AND 55 intersect  select ics.i_brand_id      ,ics.i_class_id      ,ics.i_category_id  from catalog_sales      ,item ics      ,date_dim d2  where cs_item_sk = ics.i_item_sk    and cs_sold_date_sk = d2.d_date_sk    and d2.d_year between 1999 AND 1999 + 2    and i_category IN ('Electronics', 'Jewelry', 'Men')    and i_manager_id BETWEEN 91 and 100    and cs_wholesale_cost BETWEEN 35 AND 55 intersect  select iws.i_brand_id      ,iws.i_class_id      ,iws.i_category_id  from web_sales      ,item iws      ,date_dim d3  where ws_item_sk = iws.i_item_sk    and ws_sold_date_sk = d3.d_date_sk    and ws_wholesale_cost BETWEEN 35 AND 55    and d3.d_year between 1999 AND 1999 + 2) x  where i_brand_id = brand_id       and i_class_id = class_id       and i_category_id = category_id       and i_category IN ('Electronics', 'Jewelry', 'Men')       and i_manager_id BETWEEN 91 and 100 ),  avg_sales as (select avg(quantity*list_price) average_sales   from (select ss_quantity quantity              ,ss_list_price list_price        from store_sales            ,date_dim        where ss_sold_date_sk = d_date_sk          and d_year between 1999 and 1999 + 2          and ss_wholesale_cost BETWEEN 35 AND 55        union all        select cs_quantity quantity              ,cs_list_price list_price        from catalog_sales            ,date_dim        where cs_sold_date_sk = d_date_sk          and d_year between 1999 and 1999 + 2          and cs_wholesale_cost BETWEEN 35 AND 55        union all        select ws_quantity quantity              ,ws_list_price list_price        from web_sales            ,date_dim        where ws_sold_date_sk = d_date_sk         and ws_wholesale_cost BETWEEN 35 AND 55          and d_year between 1999 and 1999 + 2) x)   select  this_year.channel ty_channel                            ,this_year.i_brand_id ty_brand                            ,this_year.i_class_id ty_class                            ,this_year.i_category_id ty_category                            ,this_year.sales ty_sales                            ,this_year.number_sales ty_number_sales                            ,last_year.channel ly_channel                            ,last_year.i_brand_id ly_brand                            ,last_year.i_class_id ly_class                            ,last_year.i_category_id ly_category                            ,last_year.sales ly_sales                            ,last_year.number_sales ly_number_sales  from  (select 'store' channel, i_brand_id,i_class_id,i_category_id         ,sum(ss_quantity*ss_list_price) sales, count(*) number_sales  from store_sales      ,item      ,date_dim  where ss_item_sk in (select ss_item_sk from cross_items)    and ss_item_sk = i_item_sk    and ss_sold_date_sk = d_date_sk    and d_week_seq = (select d_week_seq                      from date_dim                      where d_year = 1999 + 1                        and d_moy = 12                        and d_dom = 20)    and i_category IN ('Electronics', 'Jewelry', 'Men')    and i_manager_id BETWEEN 91 and 100    and ss_wholesale_cost BETWEEN 35 AND 55  group by i_brand_id,i_class_id,i_category_id  having sum(ss_quantity*ss_list_price) > (select average_sales from avg_sales)) this_year,  (select 'store' channel, i_brand_id,i_class_id         ,i_category_id, sum(ss_quantity*ss_list_price) sales, count(*) number_sales  from store_sales      ,item      ,date_dim  where ss_item_sk in (select ss_item_sk from cross_items)    and ss_item_sk = i_item_sk    and ss_sold_date_sk = d_date_sk    and d_week_seq = (select d_week_seq                      from date_dim                      where d_year = 1999                        and d_moy = 12                        and d_dom = 20)    and i_category IN ('Electronics', 'Jewelry', 'Men')    and ss_wholesale_cost BETWEEN 35 AND 55    and i_manager_id BETWEEN 91 and 100 group by i_brand_id,i_class_id,i_category_id  having sum(ss_quantity*ss_list_price) > (select average_sales from avg_sales)) last_year  where this_year.i_brand_id= last_year.i_brand_id    and this_year.i_class_id = last_year.i_class_id    and this_year.i_category_id = last_year.i_category_id  order by this_year.channel, this_year.i_brand_id, this_year.i_class_id, this_year.i_category_id  limit 100\n\u250c\u2500\u2500\u2500\u2500\u2500\u2500\u2500\u2500\u2500\u2500\u2500\u2500\u2500\u2500\u2500\u2500\u2500\u2500\u2500\u2500\u2500\u2500\u2500\u2500\u2500\u2500\u2500\u2500\u2500\u2500\u2500\u2500\u2500\u2500\u2500\u2500\u2500\u2500\u2500\u2500\u2500\u2500\u2500\u2500\u2500\u2500\u2500\u2500\u2510\n\u2502\u250c\u2500\u2500\u2500\u2500\u2500\u2500\u2500\u2500\u2500\u2500\u2500\u2500\u2500\u2500\u2500\u2500\u2500\u2500\u2500\u2500\u2500\u2500\u2500\u2500\u2500\u2500\u2500\u2500\u2500\u2500\u2500\u2500\u2500\u2500\u2500\u2500\u2500\u2500\u2500\u2500\u2500\u2500\u2500\u2500\u2500\u2500\u2510\u2502\n\u2502\u2502              Total Time: 0.0860s             \u2502\u2502\n\u2502\u2514\u2500\u2500\u2500\u2500\u2500\u2500\u2500\u2500\u2500\u2500\u2500\u2500\u2500\u2500\u2500\u2500\u2500\u2500\u2500\u2500\u2500\u2500\u2500\u2500\u2500\u2500\u2500\u2500\u2500\u2500\u2500\u2500\u2500\u2500\u2500\u2500\u2500\u2500\u2500\u2500\u2500\u2500\u2500\u2500\u2500\u2500\u2518\u2502\n\u2514\u2500\u2500\u2500\u2500\u2500\u2500\u2500\u2500\u2500\u2500\u2500\u2500\u2500\u2500\u2500\u2500\u2500\u2500\u2500\u2500\u2500\u2500\u2500\u2500\u2500\u2500\u2500\u2500\u2500\u2500\u2500\u2500\u2500\u2500\u2500\u2500\u2500\u2500\u2500\u2500\u2500\u2500\u2500\u2500\u2500\u2500\u2500\u2500\u2518\n\u250c\u2500\u2500\u2500\u2500\u2500\u2500\u2500\u2500\u2500\u2500\u2500\u2500\u2500\u2510\n\u2502    QUERY    \u2502\n\u2514\u2500\u2500\u2500\u2500\u2500\u2500\u252c\u2500\u2500\u2500\u2500\u2500\u2500\u2518\n\u250c\u2500\u2500\u2500\u2500\u2500\u2500\u2534\u2500\u2500\u2500\u2500\u2500\u2500\u2510\n\u2502EXPLAIN_...  \u2502\n\u2502    \u2500\u2500\u2500\u2500\u2500\u2500   \u2502\n\u2502    0 rows   \u2502\n\u2502   (0.00s)   \u2502\n\u2514\u2500\u2500\u2500\u2500\u2500\u2500\u252c\u2500\u2500\u2500\u2500\u2500\u2500\u2518\n\u250c\u2500\u2500\u2500\u2500\u2500\u2500\u2534\u2500\u2500\u2500\u2500\u2500\u2500\u2510\n\u2502     CTE     \u2502\n\u2502    \u2500\u2500\u2500\u2500\u2500\u2500   \u2502\n\u2502  CTE Name:  \u2502\n\u2502 cross_items \u2502\n\u2502             \u2502\n\u2502 Table Index:\u251c\u2500\u2500\u2500\u2500\u2500\u2500\u2500\u2500\u2500\u2500\u2500\u2500\u2500\u2500\u2500\u2500\u2500\u2500\u2500\u2500\u2500\u2500\u2500\u2500\u2500\u2500\u2500\u2500\u2500\u2500\u2500\u2500\u2500\u2500\u2500\u2500\u2500\u2500\u2500\u2500\u2500\u2500\u2500\u2500\u2500\u2500\u2500\u2500\u2500\u2500\u2500\u2500\u2500\u2500\u2500\u2500\u2500\u2500\u2500\u2500\u2500\u2500\u2500\u2500\u2500\u2500\u2500\u2500\u2500\u2500\u2500\u2500\u2500\u2500\u2500\u2500\u2500\u2500\u2500\u2500\u2500\u2500\u2500\u2500\u2500\u2500\u2500\u2500\u2500\u2500\u2500\u2500\u2500\u2500\u2500\u2500\u2500\u2500\u2500\u2500\u2500\u2500\u2500\u2500\u2500\u2500\u2500\u2500\u2500\u2500\u2500\u2500\u2500\u2500\u2500\u2500\u2500\u2500\u2500\u2500\u2500\u2500\u2500\u2500\u2500\u2500\u2500\u2500\u2500\u2500\u2500\u2500\u2500\u2500\u2500\u2500\u2500\u2500\u2500\u2500\u2500\u2500\u2510\n\u2502      0      \u2502                                                                                                                                              \u2502\n\u2502             \u2502                                                                                                                                              \u2502\n\u2502    0 rows   \u2502                                                                                                                                              \u2502\n\u2502   (0.00s)   \u2502                                                                                                                                              \u2502\n\u2514\u2500\u2500\u2500\u2500\u2500\u2500\u252c\u2500\u2500\u2500\u2500\u2500\u2500\u2518                                                                                                                                              \u2502\n\u250c\u2500\u2500\u2500\u2500\u2500\u2500\u2534\u2500\u2500\u2500\u2500\u2500\u2500\u2510                                                                                                                                       \u250c\u2500\u2500\u2500\u2500\u2500\u2500\u2534\u2500\u2500\u2500\u2500\u2500\u2500\u2510\n\u2502  PROJECTION \u2502                                                                                                                                       \u2502     CTE     \u2502\n\u2502    \u2500\u2500\u2500\u2500\u2500\u2500   \u2502                                                                                                                                       \u2502    \u2500\u2500\u2500\u2500\u2500\u2500   \u2502\n\u2502  ss_item_sk \u2502                                                                                                                                       \u2502  CTE Name:  \u2502\n\u2502             \u2502                                                                                                                                       \u2502  avg_sales  \u2502\n\u2502             \u2502                                                                                                                                       \u2502             \u2502\n\u2502             \u2502                                                                                                                                       \u2502 Table Index:\u251c\u2500\u2500\u2500\u2500\u2500\u2500\u2500\u2500\u2500\u2500\u2500\u2500\u2500\u2500\u2500\u2500\u2500\u2500\u2500\u2500\u2500\u2500\u2500\u2500\u2500\u2500\u2500\u2500\u2500\u2500\u2500\u2500\u2500\u2500\u2500\u2500\u2500\u2500\u2500\u2500\u2500\u2500\u2500\u2500\u2500\u2500\u2500\u2500\u2500\u2500\u2500\u2500\u2500\u2500\u2500\u2500\u2500\u2500\u2500\u2500\u2500\u2500\u2500\u2500\u2500\u2500\u2500\u2500\u2500\u2500\u2500\u2500\u2500\u2500\u2500\n\u2502             \u2502                                                                                                                                       \u2502      37     \u2502                                                                           \n\u2502             \u2502                                                                                                                                       \u2502             \u2502                                                                           \n\u2502   726 rows  \u2502                                                                                                                                       \u2502    0 rows   \u2502                                                                           \n\u2502   (0.00s)   \u2502                                                                                                                                       \u2502   (0.00s)   \u2502                                                                           \n\u2514\u2500\u2500\u2500\u2500\u2500\u2500\u252c\u2500\u2500\u2500\u2500\u2500\u2500\u2518                                                                                                                                       \u2514\u2500\u2500\u2500\u2500\u2500\u2500\u252c\u2500\u2500\u2500\u2500\u2500\u2500\u2518                                                                           \n\u250c\u2500\u2500\u2500\u2500\u2500\u2500\u2534\u2500\u2500\u2500\u2500\u2500\u2500\u2510                                                                                                                                       \u250c\u2500\u2500\u2500\u2500\u2500\u2500\u2534\u2500\u2500\u2500\u2500\u2500\u2500\u2510                                                                           \n\u2502  HASH_JOIN  \u2502                                                                                                                                       \u2502UNGROUPE...  \u2502                                                                           \n\u2502    \u2500\u2500\u2500\u2500\u2500\u2500   \u2502                                                                                                                                       \u2502    \u2500\u2500\u2500\u2500\u2500\u2500   \u2502                                                                           \n\u2502  Join Type: \u2502                                                                                                                                       \u2502 Aggregates: \u2502                                                                           \n\u2502    INNER    \u2502                                                                                                                                       \u2502   avg(#0)   \u2502                                                                           \n\u2502             \u2502                                                                                                                                       \u2502             \u2502                                                                           \n\u2502 Conditions: \u2502                                                                                                                                       \u2502             \u2502                                                                           \n\u2502  brand_id = \u2502                                                                                                                                       \u2502             \u2502                                                                           \n\u2502  i_brand_id \u2502                                                                                                                                       \u2502             \u2502                                                                           \n\u2502  class_id = \u2502                                                                                                                                       \u2502             \u2502                                                                           \n\u2502  i_class_id \u2502                                                                                                                                       \u2502             \u2502                                                                           \n\u2502 category_id \u251c\u2500\u2500\u2500\u2500\u2500\u2500\u2500\u2500\u2500\u2500\u2500\u2500\u2500\u2500\u2500\u2500\u2500\u2500\u2500\u2500\u2500\u2500\u2500\u2500\u2500\u2500\u2500\u2500\u2500\u2500\u2500\u2500\u2500\u2500\u2500\u2500\u2500\u2500\u2500\u2500\u2500\u2500\u2500\u2500\u2500\u2500\u2500\u2500\u2500\u2500\u2500\u2500\u2500\u2500\u2500\u2500\u2500\u2500\u2500\u2500\u2500\u2500\u2500\u2500\u2500\u2500\u2500\u2500\u2500\u2500\u2500\u2500\u2500\u2500\u2500\u2500\u2500\u2500\u2500\u2500\u2500\u2500\u2500\u2500\u2500\u2500\u2500\u2500\u2500\u2500\u2500\u2500\u2500\u2500\u2500\u2500\u2500\u2500\u2500\u2500\u2500\u2500\u2500\u2500\u2500\u2500\u2500\u2500\u2500\u2500\u2500\u2500\u2500\u2500\u2500\u2500\u2500\u2500\u2500\u2500\u2500\u2500\u2500\u2500\u2500\u2500\u2500\u2510       \u2502             \u2502                                                                           \n\u2502= i_category_\u2502                                                                                                                               \u2502       \u2502             \u2502                                                                           \n\u2502      id     \u2502                                                                                                                               \u2502       \u2502             \u2502                                                                           \n\u2502             \u2502                                                                                                                               \u2502       \u2502             \u2502                                                                           \n\u2502             \u2502                                                                                                                               \u2502       \u2502             \u2502                                                                           \n\u2502             \u2502                                                                                                                               \u2502       \u2502             \u2502                                                                           \n\u2502             \u2502                                                                                                                               \u2502       \u2502             \u2502                                                                           \n\u2502             \u2502                                                                                                                               \u2502       \u2502             \u2502                                                                           \n\u2502   726 rows  \u2502                                                                                                                               \u2502       \u2502    1 row    \u2502                                                                           \n\u2502   (0.00s)   \u2502                                                                                                                               \u2502       \u2502   (0.02s)   \u2502                                                                           \n\u2514\u2500\u2500\u2500\u2500\u2500\u2500\u252c\u2500\u2500\u2500\u2500\u2500\u2500\u2518                                                                                                                               \u2502       \u2514\u2500\u2500\u2500\u2500\u2500\u2500\u252c\u2500\u2500\u2500\u2500\u2500\u2500\u2518                                                                           \n\u250c\u2500\u2500\u2500\u2500\u2500\u2500\u2534\u2500\u2500\u2500\u2500\u2500\u2500\u2510                                                                                                                        \u250c\u2500\u2500\u2500\u2500\u2500\u2500\u2534\u2500\u2500\u2500\u2500\u2500\u2500\u2510\u250c\u2500\u2500\u2500\u2500\u2500\u2500\u2534\u2500\u2500\u2500\u2500\u2500\u2500\u2510                                                                           \n\u2502HASH_GROUP_BY\u2502                                                                                                                        \u2502  PROJECTION \u2502\u2502  PROJECTION \u2502                                                                           \n\u2502    \u2500\u2500\u2500\u2500\u2500\u2500   \u2502                                                                                                                        \u2502    \u2500\u2500\u2500\u2500\u2500\u2500   \u2502\u2502    \u2500\u2500\u2500\u2500\u2500\u2500   \u2502                                                                           \n\u2502   Groups:   \u2502                                                                                                                        \u2502      #0     \u2502\u2502(CAST(quantit\u2502                                                                           \n\u2502      #0     \u2502                                                                                                                        \u2502      #1     \u2502\u2502 y AS DECIMAL\u2502                                                                           \n\u2502      #1     \u2502                                                                                                                        \u2502      #2     \u2502\u2502  (17,0)) *  \u2502                                                                           \n\u2502      #2     \u2502                                                                                                                        \u2502      #4     \u2502\u2502 CAST(list_pr\u2502                                                                           \n\u2502             \u2502                                                                                                                        \u2502             \u2502\u2502ice AS DECIMA\u2502                                                                           \n\u2502             \u2502                                                                                                                        \u2502             \u2502\u2502  L(17,2)))  \u2502                                                                           \n\u2502             \u2502                                                                                                                        \u2502             \u2502\u2502             \u2502                                                                           \n\u2502             \u2502                                                                                                                        \u2502             \u2502\u2502             \u2502                                                                           \n\u2502             \u2502                                                                                                                        \u2502             \u2502\u2502             \u2502                                                                           \n\u2502             \u2502                                                                                                                        \u2502             \u2502\u2502             \u2502                                                                           \n\u2502             \u2502                                                                                                                        \u2502             \u2502\u2502             \u2502                                                                           \n\u2502             \u2502                                                                                                                        \u2502             \u2502\u2502             \u2502                                                                           \n\u2502             \u2502                                                                                                                        \u2502             \u2502\u2502             \u2502                                                                           \n\u2502             \u2502                                                                                                                        \u2502             \u2502\u2502             \u2502                                                                           \n\u2502             \u2502                                                                                                                        \u2502             \u2502\u2502             \u2502                                                                           \n\u2502   386 rows  \u2502                                                                                                                        \u2502   840 rows  \u2502\u25025,852,11...  \u2502                                                                           \n\u2502   (0.00s)   \u2502                                                                                                                        \u2502   (0.00s)   \u2502\u2502   (0.08s)   \u2502                                                                           \n\u2514\u2500\u2500\u2500\u2500\u2500\u2500\u252c\u2500\u2500\u2500\u2500\u2500\u2500\u2518                                                                                                                        \u2514\u2500\u2500\u2500\u2500\u2500\u2500\u252c\u2500\u2500\u2500\u2500\u2500\u2500\u2518\u2514\u2500\u2500\u2500\u2500\u2500\u2500\u252c\u2500\u2500\u2500\u2500\u2500\u2500\u2518                                                                           \n\u250c\u2500\u2500\u2500\u2500\u2500\u2500\u2534\u2500\u2500\u2500\u2500\u2500\u2500\u2510                                                                                                                        \u250c\u2500\u2500\u2500\u2500\u2500\u2500\u2534\u2500\u2500\u2500\u2500\u2500\u2500\u2510\u250c\u2500\u2500\u2500\u2500\u2500\u2500\u2534\u2500\u2500\u2500\u2500\u2500\u2500\u2510                                                                           \n\u2502  HASH_JOIN  \u2502                                                                                                                        \u2502    FILTER   \u2502\u2502    UNION    \u2502                                                                           \n\u2502    \u2500\u2500\u2500\u2500\u2500\u2500   \u2502                                                                                                                        \u2502    \u2500\u2500\u2500\u2500\u2500\u2500   \u2502\u2502    \u2500\u2500\u2500\u2500\u2500\u2500   \u2502                                                                           \n\u2502  Join Type: \u2502                                                                                                                        \u2502 ((i_category\u2502\u2502             \u2502                                                                           \n\u2502     SEMI    \u2502                                                                                                                        \u2502 = 'Electroni\u2502\u2502             \u2502                                                                           \n\u2502             \u2502                                                                                                                        \u2502   cs') OR   \u2502\u2502             \u2502                                                                           \n\u2502 Conditions: \u2502                                                                                                                        \u2502 (i_category \u2502\u2502             \u2502                                                                           \n\u2502  #0 IS NOT  \u2502                                                                                                                        \u2502 = 'Jewelry')\u2502\u2502             \u2502                                                                           \n\u2502   DISTINCT  \u2502                                                                                                                        \u2502 OR (i_catego\u2502\u2502             \u2502                                                                           \n\u2502    FROM #0  \u2502                                                                                                                        \u2502 ry = 'Men'))\u2502\u2502             \u2502                                                                           \n\u2502  #1 IS NOT  \u251c\u2500\u2500\u2500\u2500\u2500\u2500\u2500\u2500\u2500\u2500\u2500\u2500\u2500\u2500\u2500\u2500\u2500\u2500\u2500\u2500\u2500\u2500\u2500\u2500\u2500\u2500\u2500\u2500\u2500\u2500\u2500\u2500\u2500\u2500\u2500\u2500\u2500\u2500\u2500\u2500\u2500\u2500\u2500\u2500\u2500\u2500\u2500\u2500\u2500\u2500\u2500\u2500\u2500\u2500\u2500\u2500\u2500\u2500\u2500\u2500\u2500\u2500\u2500\u2500\u2500\u2500\u2500\u2500\u2500\u2500\u2500\u2500\u2500\u2500\u2500\u2500\u2500\u2500\u2500\u2500\u2500\u2500\u2510                                     \u2502             \u2502\u2502             \u251c\u2500\u2500\u2500\u2500\u2500\u2500\u2500\u2500\u2500\u2500\u2500\u2500\u2500\u2500\u2500\u2500\u2500\u2500\u2500\u2500\u2500\u2500\u2500\u2500\u2500\u2500\u2500\u2500\u2500\u2500\u2500\u2500\u2500\u2500\u2500\u2500\u2500\u2500\u2500\u2500\u2500\u2500\u2500\u2500\u2500\u2500\u2500\u2500\u2500\u2500\u2500\u2500\u2510                      \n\u2502   DISTINCT  \u2502                                                                                  \u2502                                     \u2502             \u2502\u2502             \u2502                                                    \u2502                      \n\u2502    FROM #1  \u2502                                                                                  \u2502                                     \u2502             \u2502\u2502             \u2502                                                    \u2502                      \n\u2502  #2 IS NOT  \u2502                                                                                  \u2502                                     \u2502             \u2502\u2502             \u2502                                                    \u2502                      \n\u2502   DISTINCT  \u2502                                                                                  \u2502                                     \u2502             \u2502\u2502             \u2502                                                    \u2502                      \n\u2502    FROM #2  \u2502                                                                                  \u2502                                     \u2502             \u2502\u2502             \u2502                                                    \u2502                      \n\u2502             \u2502                                                                                  \u2502                                     \u2502             \u2502\u2502             \u2502                                                    \u2502                      \n\u2502   386 rows  \u2502                                                                                  \u2502                                     \u2502   840 rows  \u2502\u2502    0 rows   \u2502                                                    \u2502                      \n\u2502   (0.07s)   \u2502                                                                                  \u2502                                     \u2502   (0.00s)   \u2502\u2502   (0.00s)   \u2502                                                    \u2502                      \n\u2514\u2500\u2500\u2500\u2500\u2500\u2500\u252c\u2500\u2500\u2500\u2500\u2500\u2500\u2518                                                                                  \u2502                                     \u2514\u2500\u2500\u2500\u2500\u2500\u2500\u252c\u2500\u2500\u2500\u2500\u2500\u2500\u2518\u2514\u2500\u2500\u2500\u2500\u2500\u2500\u252c\u2500\u2500\u2500\u2500\u2500\u2500\u2518                                                    \u2502                      \n\u250c\u2500\u2500\u2500\u2500\u2500\u2500\u2534\u2500\u2500\u2500\u2500\u2500\u2500\u2510                                                                           \u250c\u2500\u2500\u2500\u2500\u2500\u2500\u2534\u2500\u2500\u2500\u2500\u2500\u2500\u2510                              \u250c\u2500\u2500\u2500\u2500\u2500\u2500\u2534\u2500\u2500\u2500\u2500\u2500\u2500\u2510\u250c\u2500\u2500\u2500\u2500\u2500\u2500\u2534\u2500\u2500\u2500\u2500\u2500\u2500\u2510                                             \u250c\u2500\u2500\u2500\u2500\u2500\u2500\u2534\u2500\u2500\u2500\u2500\u2500\u2500\u2510               \n\u2502HASH_GROUP_BY\u2502                                                                           \u2502  PROJECTION \u2502                              \u2502  TABLE_SCAN \u2502\u2502    UNION    \u2502                                             \u2502  PROJECTION \u2502               \n\u2502    \u2500\u2500\u2500\u2500\u2500\u2500   \u2502                                                                           \u2502    \u2500\u2500\u2500\u2500\u2500\u2500   \u2502                              \u2502    \u2500\u2500\u2500\u2500\u2500\u2500   \u2502\u2502    \u2500\u2500\u2500\u2500\u2500\u2500   \u2502                                             \u2502    \u2500\u2500\u2500\u2500\u2500\u2500   \u2502               \n\u2502   Groups:   \u2502                                                                           \u2502  i_brand_id \u2502                              \u2502    Table:   \u2502\u2502             \u2502                                             \u2502   quantity  \u2502               \n\u2502      #0     \u2502                                                                           \u2502  i_class_id \u2502                              \u2502     item    \u2502\u2502             \u2502                                             \u2502  list_price \u2502               \n\u2502      #1     \u2502                                                                           \u2502i_category_id\u2502                              \u2502             \u2502\u2502             \u2502                                             \u2502             \u2502               \n\u2502      #2     \u2502                                                                           \u2502             \u2502                              \u2502    Type:    \u2502\u2502             \u2502                                             \u2502             \u2502               \n\u2502             \u2502                                                                           \u2502             \u2502                              \u2502  Sequential \u2502\u2502             \u2502                                             \u2502             \u2502               \n\u2502             \u2502                                                                           \u2502             \u2502                              \u2502     Scan    \u2502\u2502             \u2502                                             \u2502             \u2502               \n\u2502             \u2502                                                                           \u2502             \u2502                              \u2502             \u2502\u2502             \u2502                                             \u2502             \u2502               \n\u2502             \u2502                                                                           \u2502             \u2502                              \u2502 Projections:\u2502\u2502             \u2502                                             \u2502             \u2502               \n\u2502             \u2502                                                                           \u2502             \u2502                              \u2502  i_brand_id \u2502\u2502             \u2502                                             \u2502             \u2502               \n\u2502             \u2502                                                                           \u2502             \u2502                              \u2502  i_class_id \u2502\u2502             \u2502                                             \u2502             \u2502               \n\u2502             \u2502                                                                           \u2502             \u2502                              \u2502i_category_id\u2502\u2502             \u2502                                             \u2502             \u2502               \n\u2502             \u2502                                                                           \u2502             \u2502                              \u2502  i_category \u2502\u2502             \u2502                                             \u2502             \u2502               \n\u2502             \u2502                                                                           \u2502             \u2502                              \u2502  i_item_sk  \u2502\u2502             \u251c\u2500\u2500\u2500\u2500\u2500\u2500\u2500\u2500\u2500\u2500\u2500\u2500\u2500\u2500\u2500\u2500\u2500\u2500\u2500\u2500\u2500\u2500\u2510                      \u2502             \u2502               \n\u2502             \u2502                                                                           \u2502             \u2502                              \u2502             \u2502\u2502             \u2502                      \u2502                      \u2502             \u2502               \n\u2502             \u2502                                                                           \u2502             \u2502                              \u2502   Filters:  \u2502\u2502             \u2502                      \u2502                      \u2502             \u2502               \n\u2502             \u2502                                                                           \u2502             \u2502                              \u2502  optional:  \u2502\u2502             \u2502                      \u2502                      \u2502             \u2502               \n\u2502             \u2502                                                                           \u2502             \u2502                              \u2502  i_category \u2502\u2502             \u2502                      \u2502                      \u2502             \u2502               \n\u2502             \u2502                                                                           \u2502             \u2502                              \u2502 IN ('Electro\u2502\u2502             \u2502                      \u2502                      \u2502             \u2502               \n\u2502             \u2502                                                                           \u2502             \u2502                              \u2502nics', 'Jewel\u2502\u2502             \u2502                      \u2502                      \u2502             \u2502               \n\u2502             \u2502                                                                           \u2502             \u2502                              \u2502 ry', 'Men') \u2502\u2502             \u2502                      \u2502                      \u2502             \u2502               \n\u2502             \u2502                                                                           \u2502             \u2502                              \u2502 i_manager_id\u2502\u2502             \u2502                      \u2502                      \u2502             \u2502               \n\u2502             \u2502                                                                           \u2502             \u2502                              \u2502   >=91 AND  \u2502\u2502             \u2502                      \u2502                      \u2502             \u2502               \n\u2502             \u2502                                                                           \u2502             \u2502                              \u2502 i_manager_id\u2502\u2502             \u2502                      \u2502                      \u2502             \u2502               \n\u2502             \u2502                                                                           \u2502             \u2502                              \u2502    <=100    \u2502\u2502             \u2502                      \u2502                      \u2502             \u2502               \n\u2502             \u2502                                                                           \u2502             \u2502                              \u2502             \u2502\u2502             \u2502                      \u2502                      \u2502             \u2502               \n\u2502   386 rows  \u2502                                                                           \u2502 872,586 rows\u2502                              \u2502  2,941 rows \u2502\u2502    0 rows   \u2502                      \u2502                      \u2502 872,586 rows\u2502               \n\u2502   (0.07s)   \u2502                                                                           \u2502   (0.00s)   \u2502                              \u2502   (0.00s)   \u2502\u2502   (0.00s)   \u2502                      \u2502                      \u2502   (0.00s)   \u2502               \n\u2514\u2500\u2500\u2500\u2500\u2500\u2500\u252c\u2500\u2500\u2500\u2500\u2500\u2500\u2518                                                                           \u2514\u2500\u2500\u2500\u2500\u2500\u2500\u252c\u2500\u2500\u2500\u2500\u2500\u2500\u2518                              \u2514\u2500\u2500\u2500\u2500\u2500\u2500\u2500\u2500\u2500\u2500\u2500\u2500\u2500\u2518\u2514\u2500\u2500\u2500\u2500\u2500\u2500\u252c\u2500\u2500\u2500\u2500\u2500\u2500\u2518                      \u2502                      \u2514\u2500\u2500\u2500\u2500\u2500\u2500\u252c\u2500\u2500\u2500\u2500\u2500\u2500\u2518               \n\u250c\u2500\u2500\u2500\u2500\u2500\u2500\u2534\u2500\u2500\u2500\u2500\u2500\u2500\u2510                                                                           \u250c\u2500\u2500\u2500\u2500\u2500\u2500\u2534\u2500\u2500\u2500\u2500\u2500\u2500\u2510                                             \u250c\u2500\u2500\u2500\u2500\u2500\u2500\u2534\u2500\u2500\u2500\u2500\u2500\u2500\u2510               \u250c\u2500\u2500\u2500\u2500\u2500\u2500\u2534\u2500\u2500\u2500\u2500\u2500\u2500\u2510               \u250c\u2500\u2500\u2500\u2500\u2500\u2500\u2534\u2500\u2500\u2500\u2500\u2500\u2500\u2510               \n\u2502  HASH_JOIN  \u2502                                                                           \u2502  HASH_JOIN  \u2502                                             \u2502  PROJECTION \u2502               \u2502  PROJECTION \u2502               \u2502  HASH_JOIN  \u2502               \n\u2502    \u2500\u2500\u2500\u2500\u2500\u2500   \u2502                                                                           \u2502    \u2500\u2500\u2500\u2500\u2500\u2500   \u2502                                             \u2502    \u2500\u2500\u2500\u2500\u2500\u2500   \u2502               \u2502    \u2500\u2500\u2500\u2500\u2500\u2500   \u2502               \u2502    \u2500\u2500\u2500\u2500\u2500\u2500   \u2502               \n\u2502  Join Type: \u2502                                                                           \u2502  Join Type: \u2502                                             \u2502   quantity  \u2502               \u2502   quantity  \u2502               \u2502  Join Type: \u2502               \n\u2502     SEMI    \u2502                                                                           \u2502    INNER    \u2502                                             \u2502  list_price \u2502               \u2502  list_price \u2502               \u2502    INNER    \u2502               \n\u2502             \u2502                                                                           \u2502             \u2502                                             \u2502             \u2502               \u2502             \u2502               \u2502             \u2502               \n\u2502 Conditions: \u2502                                                                           \u2502 Conditions: \u2502                                             \u2502             \u2502               \u2502             \u2502               \u2502 Conditions: \u2502               \n\u2502  #0 IS NOT  \u2502                                                                           \u2502 ws_item_sk =\u2502                                             \u2502             \u2502               \u2502             \u2502               \u2502ws_sold_date_\u2502               \n\u2502   DISTINCT  \u2502                                                                           \u2502   i_item_sk \u2502                                             \u2502             \u2502               \u2502             \u2502               \u2502sk = d_date_s\u2502               \n\u2502    FROM #0  \u2502                                                                           \u2502             \u2502                                             \u2502             \u2502               \u2502             \u2502               \u2502      k      \u2502               \n\u2502  #1 IS NOT  \u251c\u2500\u2500\u2500\u2500\u2500\u2500\u2500\u2500\u2500\u2500\u2500\u2500\u2500\u2500\u2500\u2500\u2500\u2500\u2500\u2500\u2500\u2500\u2500\u2500\u2500\u2500\u2500\u2500\u2500\u2500\u2500\u2500\u2500\u2500\u2500\u2500\u2500\u2510                                     \u2502             \u251c\u2500\u2500\u2500\u2500\u2500\u2500\u2500\u2500\u2500\u2500\u2500\u2500\u2500\u2500\u2500\u2500\u2500\u2500\u2500\u2500\u2500\u2500\u2510                      \u2502             \u2502               \u2502             \u2502               \u2502             \u251c\u2500\u2500\u2500\u2500\u2500\u2500\u2500\u2510       \n\u2502   DISTINCT  \u2502                                     \u2502                                     \u2502             \u2502                      \u2502                      \u2502             \u2502               \u2502             \u2502               \u2502             \u2502       \u2502       \n\u2502    FROM #1  \u2502                                     \u2502                                     \u2502             \u2502                      \u2502                      \u2502             \u2502               \u2502             \u2502               \u2502             \u2502       \u2502       \n\u2502  #2 IS NOT  \u2502                                     \u2502                                     \u2502             \u2502                      \u2502                      \u2502             \u2502               \u2502             \u2502               \u2502             \u2502       \u2502       \n\u2502   DISTINCT  \u2502                                     \u2502                                     \u2502             \u2502                      \u2502                      \u2502             \u2502               \u2502             \u2502               \u2502             \u2502       \u2502       \n\u2502    FROM #2  \u2502                                     \u2502                                     \u2502             \u2502                      \u2502                      \u2502             \u2502               \u2502             \u2502               \u2502             \u2502       \u2502       \n\u2502             \u2502                                     \u2502                                     \u2502             \u2502                      \u2502                      \u2502             \u2502               \u2502             \u2502               \u2502             \u2502       \u2502       \n\u2502             \u2502                                     \u2502                                     \u2502             \u2502                      \u2502                      \u2502             \u2502               \u2502             \u2502               \u2502             \u2502       \u2502       \n\u2502 25,550 rows \u2502                                     \u2502                                     \u2502 872,586 rows\u2502                      \u2502                      \u25023,255,00...  \u2502               \u25021,724,52...  \u2502               \u2502 872,586 rows\u2502       \u2502       \n\u2502   (0.01s)   \u2502                                     \u2502                                     \u2502   (0.01s)   \u2502                      \u2502                      \u2502   (0.00s)   \u2502               \u2502   (0.00s)   \u2502               \u2502   (0.01s)   \u2502       \u2502       \n\u2514\u2500\u2500\u2500\u2500\u2500\u2500\u252c\u2500\u2500\u2500\u2500\u2500\u2500\u2518                                     \u2502                                     \u2514\u2500\u2500\u2500\u2500\u2500\u2500\u252c\u2500\u2500\u2500\u2500\u2500\u2500\u2518                      \u2502                      \u2514\u2500\u2500\u2500\u2500\u2500\u2500\u252c\u2500\u2500\u2500\u2500\u2500\u2500\u2518               \u2514\u2500\u2500\u2500\u2500\u2500\u2500\u252c\u2500\u2500\u2500\u2500\u2500\u2500\u2518               \u2514\u2500\u2500\u2500\u2500\u2500\u2500\u252c\u2500\u2500\u2500\u2500\u2500\u2500\u2518       \u2502       \n\u250c\u2500\u2500\u2500\u2500\u2500\u2500\u2534\u2500\u2500\u2500\u2500\u2500\u2500\u2510                              \u250c\u2500\u2500\u2500\u2500\u2500\u2500\u2534\u2500\u2500\u2500\u2500\u2500\u2500\u2510                              \u250c\u2500\u2500\u2500\u2500\u2500\u2500\u2534\u2500\u2500\u2500\u2500\u2500\u2500\u2510               \u250c\u2500\u2500\u2500\u2500\u2500\u2500\u2534\u2500\u2500\u2500\u2500\u2500\u2500\u2510               \u250c\u2500\u2500\u2500\u2500\u2500\u2500\u2534\u2500\u2500\u2500\u2500\u2500\u2500\u2510               \u250c\u2500\u2500\u2500\u2500\u2500\u2500\u2534\u2500\u2500\u2500\u2500\u2500\u2500\u2510               \u250c\u2500\u2500\u2500\u2500\u2500\u2500\u2534\u2500\u2500\u2500\u2500\u2500\u2500\u2510\u250c\u2500\u2500\u2500\u2500\u2500\u2500\u2534\u2500\u2500\u2500\u2500\u2500\u2500\u2510\n\u2502  PROJECTION \u2502                              \u2502  PROJECTION \u2502                              \u2502  HASH_JOIN  \u2502               \u2502  TABLE_SCAN \u2502               \u2502  HASH_JOIN  \u2502               \u2502  HASH_JOIN  \u2502               \u2502  TABLE_SCAN \u2502\u2502    FILTER   \u2502\n\u2502    \u2500\u2500\u2500\u2500\u2500\u2500   \u2502                              \u2502    \u2500\u2500\u2500\u2500\u2500\u2500   \u2502                              \u2502    \u2500\u2500\u2500\u2500\u2500\u2500   \u2502               \u2502    \u2500\u2500\u2500\u2500\u2500\u2500   \u2502               \u2502    \u2500\u2500\u2500\u2500\u2500\u2500   \u2502               \u2502    \u2500\u2500\u2500\u2500\u2500\u2500   \u2502               \u2502    \u2500\u2500\u2500\u2500\u2500\u2500   \u2502\u2502    \u2500\u2500\u2500\u2500\u2500\u2500   \u2502\n\u2502   brand_id  \u2502                              \u2502  i_brand_id \u2502                              \u2502  Join Type: \u2502               \u2502    Table:   \u2502               \u2502  Join Type: \u2502               \u2502  Join Type: \u2502               \u2502    Table:   \u2502\u2502  (d_date_sk \u2502\n\u2502   class_id  \u2502                              \u2502  i_class_id \u2502                              \u2502    INNER    \u2502               \u2502     item    \u2502               \u2502    INNER    \u2502               \u2502    INNER    \u2502               \u2502  web_sales  \u2502\u2502    BETWEEN  \u2502\n\u2502 category_id \u2502                              \u2502i_category_id\u2502                              \u2502             \u2502               \u2502             \u2502               \u2502             \u2502               \u2502             \u2502               \u2502             \u2502\u2502  2450816 AND\u2502\n\u2502             \u2502                              \u2502             \u2502                              \u2502 Conditions: \u2502               \u2502    Type:    \u2502               \u2502 Conditions: \u2502               \u2502 Conditions: \u2502               \u2502    Type:    \u2502\u2502   2452642)  \u2502\n\u2502             \u2502                              \u2502             \u2502                              \u2502ws_sold_date_\u2502               \u2502  Sequential \u2502               \u2502ss_sold_date_\u2502               \u2502cs_sold_date_\u2502               \u2502  Sequential \u2502\u2502             \u2502\n\u2502             \u2502                              \u2502             \u2502                              \u2502sk = d_date_s\u2502               \u2502     Scan    \u2502               \u2502sk = d_date_s\u2502               \u2502sk = d_date_s\u2502               \u2502     Scan    \u2502\u2502             \u2502\n\u2502             \u2502                              \u2502             \u2502                              \u2502      k      \u2502               \u2502             \u2502               \u2502      k      \u2502               \u2502      k      \u2502               \u2502             \u2502\u2502             \u2502\n\u2502             \u2502                              \u2502             \u2502                              \u2502             \u2502               \u2502 Projections:\u2502               \u2502             \u2502               \u2502             \u2502               \u2502 Projections:\u2502\u2502             \u2502\n\u2502             \u2502                              \u2502             \u2502                              \u2502             \u2502               \u2502  i_item_sk  \u2502               \u2502             \u2502               \u2502             \u2502               \u2502ws_sold_date_\u2502\u2502             \u2502\n\u2502             \u2502                              \u2502             \u2502                              \u2502             \u2502               \u2502  i_brand_id \u2502               \u2502             \u2502               \u2502             \u2502               \u2502      sk     \u2502\u2502             \u2502\n\u2502             \u2502                              \u2502             \u2502                              \u2502             \u2502               \u2502  i_class_id \u2502               \u2502             \u2502               \u2502             \u2502               \u2502 ws_quantity \u2502\u2502             \u2502\n\u2502             \u2502                              \u2502             \u2502                              \u2502             \u2502               \u2502i_category_id\u2502               \u2502             \u2502               \u2502             \u2502               \u2502ws_list_price\u2502\u2502             \u2502\n\u2502             \u2502                              \u2502             \u2502                              \u2502             \u2502               \u2502             \u2502               \u2502             \u2502               \u2502             \u2502               \u2502             \u2502\u2502             \u2502\n\u2502             \u2502                              \u2502             \u2502                              \u2502             \u251c\u2500\u2500\u2500\u2500\u2500\u2500\u2500\u2510       \u2502             \u2502               \u2502             \u251c\u2500\u2500\u2500\u2500\u2500\u2500\u2500\u2510       \u2502             \u251c\u2500\u2500\u2500\u2500\u2500\u2500\u2500\u2510       \u2502   Filters:  \u2502\u2502             \u2502\n\u2502             \u2502                              \u2502             \u2502                              \u2502             \u2502       \u2502       \u2502             \u2502               \u2502             \u2502       \u2502       \u2502             \u2502       \u2502       \u2502ws_wholesale_\u2502\u2502             \u2502\n\u2502             \u2502                              \u2502             \u2502                              \u2502             \u2502       \u2502       \u2502             \u2502               \u2502             \u2502       \u2502       \u2502             \u2502       \u2502       \u2502 cost>=35.00 \u2502\u2502             \u2502\n\u2502             \u2502                              \u2502             \u2502                              \u2502             \u2502       \u2502       \u2502             \u2502               \u2502             \u2502       \u2502       \u2502             \u2502       \u2502       \u2502 AND ws_whole\u2502\u2502             \u2502\n\u2502             \u2502                              \u2502             \u2502                              \u2502             \u2502       \u2502       \u2502             \u2502               \u2502             \u2502       \u2502       \u2502             \u2502       \u2502       \u2502  sale_cost< \u2502\u2502             \u2502\n\u2502             \u2502                              \u2502             \u2502                              \u2502             \u2502       \u2502       \u2502             \u2502               \u2502             \u2502       \u2502       \u2502             \u2502       \u2502       \u2502    =55.00   \u2502\u2502             \u2502\n\u2502             \u2502                              \u2502             \u2502                              \u2502             \u2502       \u2502       \u2502             \u2502               \u2502             \u2502       \u2502       \u2502             \u2502       \u2502       \u2502             \u2502\u2502             \u2502\n\u2502             \u2502                              \u2502             \u2502                              \u2502             \u2502       \u2502       \u2502             \u2502               \u2502             \u2502       \u2502       \u2502             \u2502       \u2502       \u2502             \u2502\u2502             \u2502\n\u2502             \u2502                              \u2502             \u2502                              \u2502             \u2502       \u2502       \u2502             \u2502               \u2502             \u2502       \u2502       \u2502             \u2502       \u2502       \u2502             \u2502\u2502             \u2502\n\u2502             \u2502                              \u2502             \u2502                              \u2502             \u2502       \u2502       \u2502             \u2502               \u2502             \u2502       \u2502       \u2502             \u2502       \u2502       \u2502             \u2502\u2502             \u2502\n\u2502             \u2502                              \u2502             \u2502                              \u2502             \u2502       \u2502       \u2502             \u2502               \u2502             \u2502       \u2502       \u2502             \u2502       \u2502       \u2502             \u2502\u2502             \u2502\n\u2502             \u2502                              \u2502             \u2502                              \u2502             \u2502       \u2502       \u2502             \u2502               \u2502             \u2502       \u2502       \u2502             \u2502       \u2502       \u2502             \u2502\u2502             \u2502\n\u2502             \u2502                              \u2502             \u2502                              \u2502             \u2502       \u2502       \u2502             \u2502               \u2502             \u2502       \u2502       \u2502             \u2502       \u2502       \u2502             \u2502\u2502             \u2502\n\u2502             \u2502                              \u2502             \u2502                              \u2502             \u2502       \u2502       \u2502             \u2502               \u2502             \u2502       \u2502       \u2502             \u2502       \u2502       \u2502             \u2502\u2502             \u2502\n\u2502 25,550 rows \u2502                              \u2502 13,739 rows \u2502                              \u2502 872,586 rows\u2502       \u2502       \u2502 102,000 rows\u2502               \u25023,255,00...  \u2502       \u2502       \u25021,724,52...  \u2502       \u2502       \u2502 872,586 rows\u2502\u2502  1,096 rows \u2502\n\u2502   (0.00s)   \u2502                              \u2502   (0.00s)   \u2502                              \u2502   (0.01s)   \u2502       \u2502       \u2502   (0.00s)   \u2502               \u2502   (0.03s)   \u2502       \u2502       \u2502   (0.01s)   \u2502       \u2502       \u2502   (0.05s)   \u2502\u2502   (0.00s)   \u2502\n\u2514\u2500\u2500\u2500\u2500\u2500\u2500\u252c\u2500\u2500\u2500\u2500\u2500\u2500\u2518                              \u2514\u2500\u2500\u2500\u2500\u2500\u2500\u252c\u2500\u2500\u2500\u2500\u2500\u2500\u2518                              \u2514\u2500\u2500\u2500\u2500\u2500\u2500\u252c\u2500\u2500\u2500\u2500\u2500\u2500\u2518       \u2502       \u2514\u2500\u2500\u2500\u2500\u2500\u2500\u2500\u2500\u2500\u2500\u2500\u2500\u2500\u2518               \u2514\u2500\u2500\u2500\u2500\u2500\u2500\u252c\u2500\u2500\u2500\u2500\u2500\u2500\u2518       \u2502       \u2514\u2500\u2500\u2500\u2500\u2500\u2500\u252c\u2500\u2500\u2500\u2500\u2500\u2500\u2518       \u2502       \u2514\u2500\u2500\u2500\u2500\u2500\u2500\u2500\u2500\u2500\u2500\u2500\u2500\u2500\u2518\u2514\u2500\u2500\u2500\u2500\u2500\u2500\u252c\u2500\u2500\u2500\u2500\u2500\u2500\u2518\n\u250c\u2500\u2500\u2500\u2500\u2500\u2500\u2534\u2500\u2500\u2500\u2500\u2500\u2500\u2510                              \u250c\u2500\u2500\u2500\u2500\u2500\u2500\u2534\u2500\u2500\u2500\u2500\u2500\u2500\u2510                              \u250c\u2500\u2500\u2500\u2500\u2500\u2500\u2534\u2500\u2500\u2500\u2500\u2500\u2500\u2510\u250c\u2500\u2500\u2500\u2500\u2500\u2500\u2534\u2500\u2500\u2500\u2500\u2500\u2500\u2510                              \u250c\u2500\u2500\u2500\u2500\u2500\u2500\u2534\u2500\u2500\u2500\u2500\u2500\u2500\u2510\u250c\u2500\u2500\u2500\u2500\u2500\u2500\u2534\u2500\u2500\u2500\u2500\u2500\u2500\u2510\u250c\u2500\u2500\u2500\u2500\u2500\u2500\u2534\u2500\u2500\u2500\u2500\u2500\u2500\u2510\u250c\u2500\u2500\u2500\u2500\u2500\u2500\u2534\u2500\u2500\u2500\u2500\u2500\u2500\u2510               \u250c\u2500\u2500\u2500\u2500\u2500\u2500\u2534\u2500\u2500\u2500\u2500\u2500\u2500\u2510\n\u2502  HASH_JOIN  \u2502                              \u2502  HASH_JOIN  \u2502                              \u2502  TABLE_SCAN \u2502\u2502    FILTER   \u2502                              \u2502  TABLE_SCAN \u2502\u2502    FILTER   \u2502\u2502  TABLE_SCAN \u2502\u2502    FILTER   \u2502               \u2502  TABLE_SCAN \u2502\n\u2502    \u2500\u2500\u2500\u2500\u2500\u2500   \u2502                              \u2502    \u2500\u2500\u2500\u2500\u2500\u2500   \u2502                              \u2502    \u2500\u2500\u2500\u2500\u2500\u2500   \u2502\u2502    \u2500\u2500\u2500\u2500\u2500\u2500   \u2502                              \u2502    \u2500\u2500\u2500\u2500\u2500\u2500   \u2502\u2502    \u2500\u2500\u2500\u2500\u2500\u2500   \u2502\u2502    \u2500\u2500\u2500\u2500\u2500\u2500   \u2502\u2502    \u2500\u2500\u2500\u2500\u2500\u2500   \u2502               \u2502    \u2500\u2500\u2500\u2500\u2500\u2500   \u2502\n\u2502  Join Type: \u2502                              \u2502  Join Type: \u2502                              \u2502    Table:   \u2502\u2502  (d_date_sk \u2502                              \u2502    Table:   \u2502\u2502  (d_date_sk \u2502\u2502    Table:   \u2502\u2502  (d_date_sk \u2502               \u2502    Table:   \u2502\n\u2502    INNER    \u2502                              \u2502    INNER    \u2502                              \u2502  web_sales  \u2502\u2502    BETWEEN  \u2502                              \u2502 store_sales \u2502\u2502    BETWEEN  \u2502\u2502catalog_sales\u2502\u2502    BETWEEN  \u2502               \u2502   date_dim  \u2502\n\u2502             \u2502                              \u2502             \u2502                              \u2502             \u2502\u2502  2450816 AND\u2502                              \u2502             \u2502\u2502  2450816 AND\u2502\u2502             \u2502\u2502  2450815 AND\u2502               \u2502             \u2502\n\u2502 Conditions: \u2502                              \u2502 Conditions: \u2502                              \u2502    Type:    \u2502\u2502   2452642)  \u2502                              \u2502    Type:    \u2502\u2502   2452642)  \u2502\u2502    Type:    \u2502\u2502   2452653)  \u2502               \u2502    Type:    \u2502\n\u2502ss_sold_date_\u2502                              \u2502cs_sold_date_\u2502                              \u2502  Sequential \u2502\u2502             \u2502                              \u2502  Sequential \u2502\u2502             \u2502\u2502  Sequential \u2502\u2502             \u2502               \u2502  Sequential \u2502\n\u2502sk = d_date_s\u2502                              \u2502sk = d_date_s\u2502                              \u2502     Scan    \u2502\u2502             \u2502                              \u2502     Scan    \u2502\u2502             \u2502\u2502     Scan    \u2502\u2502             \u2502               \u2502     Scan    \u2502\n\u2502      k      \u2502                              \u2502      k      \u2502                              \u2502             \u2502\u2502             \u2502                              \u2502             \u2502\u2502             \u2502\u2502             \u2502\u2502             \u2502               \u2502             \u2502\n\u2502             \u2502                              \u2502             \u2502                              \u2502 Projections:\u2502\u2502             \u2502                              \u2502 Projections:\u2502\u2502             \u2502\u2502 Projections:\u2502\u2502             \u2502               \u2502 Projections:\u2502\n\u2502             \u2502                              \u2502             \u2502                              \u2502  ws_item_sk \u2502\u2502             \u2502                              \u2502ss_sold_date_\u2502\u2502             \u2502\u2502cs_sold_date_\u2502\u2502             \u2502               \u2502  d_date_sk  \u2502\n\u2502             \u2502                              \u2502             \u2502                              \u2502ws_sold_date_\u2502\u2502             \u2502                              \u2502      sk     \u2502\u2502             \u2502\u2502      sk     \u2502\u2502             \u2502               \u2502             \u2502\n\u2502             \u251c\u2500\u2500\u2500\u2500\u2500\u2500\u2500\u2500\u2500\u2500\u2500\u2500\u2500\u2500\u2500\u2500\u2500\u2500\u2500\u2500\u2500\u2500\u2510       \u2502             \u251c\u2500\u2500\u2500\u2500\u2500\u2500\u2500\u2500\u2500\u2500\u2500\u2500\u2500\u2500\u2500\u2500\u2500\u2500\u2500\u2500\u2500\u2500\u2510       \u2502      sk     \u2502\u2502             \u2502                              \u2502 ss_quantity \u2502\u2502             \u2502\u2502 cs_quantity \u2502\u2502             \u2502               \u2502   Filters:  \u2502\n\u2502             \u2502                      \u2502       \u2502             \u2502                      \u2502       \u2502             \u2502\u2502             \u2502                              \u2502ss_list_price\u2502\u2502             \u2502\u2502cs_list_price\u2502\u2502             \u2502               \u2502 d_year>=1999\u2502\n\u2502             \u2502                      \u2502       \u2502             \u2502                      \u2502       \u2502   Filters:  \u2502\u2502             \u2502                              \u2502             \u2502\u2502             \u2502\u2502             \u2502\u2502             \u2502               \u2502  AND d_year<\u2502\n\u2502             \u2502                      \u2502       \u2502             \u2502                      \u2502       \u2502ws_wholesale_\u2502\u2502             \u2502                              \u2502   Filters:  \u2502\u2502             \u2502\u2502   Filters:  \u2502\u2502             \u2502               \u2502    =2001    \u2502\n\u2502             \u2502                      \u2502       \u2502             \u2502                      \u2502       \u2502 cost>=35.00 \u2502\u2502             \u2502                              \u2502ss_wholesale_\u2502\u2502             \u2502\u2502cs_wholesale_\u2502\u2502             \u2502               \u2502             \u2502\n\u2502             \u2502                      \u2502       \u2502             \u2502                      \u2502       \u2502 AND ws_whole\u2502\u2502             \u2502                              \u2502 cost>=35.00 \u2502\u2502             \u2502\u2502 cost>=35.00 \u2502\u2502             \u2502               \u2502             \u2502\n\u2502             \u2502                      \u2502       \u2502             \u2502                      \u2502       \u2502  sale_cost< \u2502\u2502             \u2502                              \u2502 AND ss_whole\u2502\u2502             \u2502\u2502 AND cs_whole\u2502\u2502             \u2502               \u2502             \u2502\n\u2502             \u2502                      \u2502       \u2502             \u2502                      \u2502       \u2502    =55.00   \u2502\u2502             \u2502                              \u2502  sale_cost< \u2502\u2502             \u2502\u2502  sale_cost< \u2502\u2502             \u2502               \u2502             \u2502\n\u2502             \u2502                      \u2502       \u2502             \u2502                      \u2502       \u2502             \u2502\u2502             \u2502                              \u2502    =55.00   \u2502\u2502             \u2502\u2502    =55.00   \u2502\u2502             \u2502               \u2502             \u2502\n\u2502             \u2502                      \u2502       \u2502             \u2502                      \u2502       \u2502             \u2502\u2502             \u2502                              \u2502             \u2502\u2502             \u2502\u2502             \u2502\u2502             \u2502               \u2502             \u2502\n\u2502 25,550 rows \u2502                      \u2502       \u2502 13,739 rows \u2502                      \u2502       \u2502 872,586 rows\u2502\u2502  1,096 rows \u2502                              \u25023,255,00...  \u2502\u2502  1,096 rows \u2502\u25021,724,52...  \u2502\u2502  1,096 rows \u2502               \u2502  1,096 rows \u2502\n\u2502   (0.00s)   \u2502                      \u2502       \u2502   (0.00s)   \u2502                      \u2502       \u2502   (0.05s)   \u2502\u2502   (0.00s)   \u2502                              \u2502   (0.23s)   \u2502\u2502   (0.00s)   \u2502\u2502   (0.07s)   \u2502\u2502   (0.00s)   \u2502               \u2502   (0.00s)   \u2502\n\u2514\u2500\u2500\u2500\u2500\u2500\u2500\u252c\u2500\u2500\u2500\u2500\u2500\u2500\u2518                      \u2502       \u2514\u2500\u2500\u2500\u2500\u2500\u2500\u252c\u2500\u2500\u2500\u2500\u2500\u2500\u2518                      \u2502       \u2514\u2500\u2500\u2500\u2500\u2500\u2500\u2500\u2500\u2500\u2500\u2500\u2500\u2500\u2518\u2514\u2500\u2500\u2500\u2500\u2500\u2500\u252c\u2500\u2500\u2500\u2500\u2500\u2500\u2518                              \u2514\u2500\u2500\u2500\u2500\u2500\u2500\u2500\u2500\u2500\u2500\u2500\u2500\u2500\u2518\u2514\u2500\u2500\u2500\u2500\u2500\u2500\u252c\u2500\u2500\u2500\u2500\u2500\u2500\u2518\u2514\u2500\u2500\u2500\u2500\u2500\u2500\u2500\u2500\u2500\u2500\u2500\u2500\u2500\u2518\u2514\u2500\u2500\u2500\u2500\u2500\u2500\u252c\u2500\u2500\u2500\u2500\u2500\u2500\u2518               \u2514\u2500\u2500\u2500\u2500\u2500\u2500\u2500\u2500\u2500\u2500\u2500\u2500\u2500\u2518\n\u250c\u2500\u2500\u2500\u2500\u2500\u2500\u2534\u2500\u2500\u2500\u2500\u2500\u2500\u2510               \u250c\u2500\u2500\u2500\u2500\u2500\u2500\u2534\u2500\u2500\u2500\u2500\u2500\u2500\u2510\u250c\u2500\u2500\u2500\u2500\u2500\u2500\u2534\u2500\u2500\u2500\u2500\u2500\u2500\u2510               \u250c\u2500\u2500\u2500\u2500\u2500\u2500\u2534\u2500\u2500\u2500\u2500\u2500\u2500\u2510               \u250c\u2500\u2500\u2500\u2500\u2500\u2500\u2534\u2500\u2500\u2500\u2500\u2500\u2500\u2510                                             \u250c\u2500\u2500\u2500\u2500\u2500\u2500\u2534\u2500\u2500\u2500\u2500\u2500\u2500\u2510               \u250c\u2500\u2500\u2500\u2500\u2500\u2500\u2534\u2500\u2500\u2500\u2500\u2500\u2500\u2510                              \n\u2502  HASH_JOIN  \u2502               \u2502    FILTER   \u2502\u2502  HASH_JOIN  \u2502               \u2502    FILTER   \u2502               \u2502  TABLE_SCAN \u2502                                             \u2502  TABLE_SCAN \u2502               \u2502  TABLE_SCAN \u2502                              \n\u2502    \u2500\u2500\u2500\u2500\u2500\u2500   \u2502               \u2502    \u2500\u2500\u2500\u2500\u2500\u2500   \u2502\u2502    \u2500\u2500\u2500\u2500\u2500\u2500   \u2502               \u2502    \u2500\u2500\u2500\u2500\u2500\u2500   \u2502               \u2502    \u2500\u2500\u2500\u2500\u2500\u2500   \u2502                                             \u2502    \u2500\u2500\u2500\u2500\u2500\u2500   \u2502               \u2502    \u2500\u2500\u2500\u2500\u2500\u2500   \u2502                              \n\u2502  Join Type: \u2502               \u2502  (d_date_sk \u2502\u2502  Join Type: \u2502               \u2502  (d_date_sk \u2502               \u2502    Table:   \u2502                                             \u2502    Table:   \u2502               \u2502    Table:   \u2502                              \n\u2502    INNER    \u2502               \u2502    BETWEEN  \u2502\u2502    INNER    \u2502               \u2502    BETWEEN  \u2502               \u2502   date_dim  \u2502                                             \u2502   date_dim  \u2502               \u2502   date_dim  \u2502                              \n\u2502             \u2502               \u2502  2450816 AND\u2502\u2502             \u2502               \u2502  2450815 AND\u2502               \u2502             \u2502                                             \u2502             \u2502               \u2502             \u2502                              \n\u2502 Conditions: \u2502               \u2502   2452642)  \u2502\u2502 Conditions: \u2502               \u2502   2452653)  \u2502               \u2502    Type:    \u2502                                             \u2502    Type:    \u2502               \u2502    Type:    \u2502                              \n\u2502 ss_item_sk =\u2502               \u2502             \u2502\u2502 cs_item_sk =\u2502               \u2502             \u2502               \u2502  Sequential \u2502                                             \u2502  Sequential \u2502               \u2502  Sequential \u2502                              \n\u2502   i_item_sk \u2502               \u2502             \u2502\u2502   i_item_sk \u2502               \u2502             \u2502               \u2502     Scan    \u2502                                             \u2502     Scan    \u2502               \u2502     Scan    \u2502                              \n\u2502             \u2502               \u2502             \u2502\u2502             \u2502               \u2502             \u2502               \u2502             \u2502                                             \u2502             \u2502               \u2502             \u2502                              \n\u2502             \u251c\u2500\u2500\u2500\u2500\u2500\u2500\u2500\u2510       \u2502             \u2502\u2502             \u251c\u2500\u2500\u2500\u2500\u2500\u2500\u2500\u2510       \u2502             \u2502               \u2502 Projections:\u2502                                             \u2502 Projections:\u2502               \u2502 Projections:\u2502                              \n\u2502             \u2502       \u2502       \u2502             \u2502\u2502             \u2502       \u2502       \u2502             \u2502               \u2502  d_date_sk  \u2502                                             \u2502  d_date_sk  \u2502               \u2502  d_date_sk  \u2502                              \n\u2502             \u2502       \u2502       \u2502             \u2502\u2502             \u2502       \u2502       \u2502             \u2502               \u2502             \u2502                                             \u2502             \u2502               \u2502             \u2502                              \n\u2502             \u2502       \u2502       \u2502             \u2502\u2502             \u2502       \u2502       \u2502             \u2502               \u2502   Filters:  \u2502                                             \u2502   Filters:  \u2502               \u2502   Filters:  \u2502                              \n\u2502             \u2502       \u2502       \u2502             \u2502\u2502             \u2502       \u2502       \u2502             \u2502               \u2502 d_year>=1999\u2502                                             \u2502 d_year>=1999\u2502               \u2502 d_year>=1999\u2502                              \n\u2502             \u2502       \u2502       \u2502             \u2502\u2502             \u2502       \u2502       \u2502             \u2502               \u2502  AND d_year<\u2502                                             \u2502  AND d_year<\u2502               \u2502  AND d_year<\u2502                              \n\u2502             \u2502       \u2502       \u2502             \u2502\u2502             \u2502       \u2502       \u2502             \u2502               \u2502    =2001    \u2502                                             \u2502    =2001    \u2502               \u2502    =2001    \u2502                              \n\u2502             \u2502       \u2502       \u2502             \u2502\u2502             \u2502       \u2502       \u2502             \u2502               \u2502             \u2502                                             \u2502             \u2502               \u2502             \u2502                              \n\u2502 25,550 rows \u2502       \u2502       \u2502  1,096 rows \u2502\u2502 13,739 rows \u2502       \u2502       \u2502  1,096 rows \u2502               \u2502  1,096 rows \u2502                                             \u2502  1,096 rows \u2502               \u2502  1,096 rows \u2502                              \n\u2502   (0.05s)   \u2502       \u2502       \u2502   (0.00s)   \u2502\u2502   (0.01s)   \u2502       \u2502       \u2502   (0.00s)   \u2502               \u2502   (0.00s)   \u2502                                             \u2502   (0.00s)   \u2502               \u2502   (0.00s)   \u2502                              \n\u2514\u2500\u2500\u2500\u2500\u2500\u2500\u252c\u2500\u2500\u2500\u2500\u2500\u2500\u2518       \u2502       \u2514\u2500\u2500\u2500\u2500\u2500\u2500\u252c\u2500\u2500\u2500\u2500\u2500\u2500\u2518\u2514\u2500\u2500\u2500\u2500\u2500\u2500\u252c\u2500\u2500\u2500\u2500\u2500\u2500\u2518       \u2502       \u2514\u2500\u2500\u2500\u2500\u2500\u2500\u252c\u2500\u2500\u2500\u2500\u2500\u2500\u2518               \u2514\u2500\u2500\u2500\u2500\u2500\u2500\u2500\u2500\u2500\u2500\u2500\u2500\u2500\u2518                                             \u2514\u2500\u2500\u2500\u2500\u2500\u2500\u2500\u2500\u2500\u2500\u2500\u2500\u2500\u2518               \u2514\u2500\u2500\u2500\u2500\u2500\u2500\u2500\u2500\u2500\u2500\u2500\u2500\u2500\u2518                              \n\u250c\u2500\u2500\u2500\u2500\u2500\u2500\u2534\u2500\u2500\u2500\u2500\u2500\u2500\u2510\u250c\u2500\u2500\u2500\u2500\u2500\u2500\u2534\u2500\u2500\u2500\u2500\u2500\u2500\u2510\u250c\u2500\u2500\u2500\u2500\u2500\u2500\u2534\u2500\u2500\u2500\u2500\u2500\u2500\u2510\u250c\u2500\u2500\u2500\u2500\u2500\u2500\u2534\u2500\u2500\u2500\u2500\u2500\u2500\u2510\u250c\u2500\u2500\u2500\u2500\u2500\u2500\u2534\u2500\u2500\u2500\u2500\u2500\u2500\u2510\u250c\u2500\u2500\u2500\u2500\u2500\u2500\u2534\u2500\u2500\u2500\u2500\u2500\u2500\u2510                                                                                                                                                      \n\u2502  TABLE_SCAN \u2502\u2502  PROJECTION \u2502\u2502  TABLE_SCAN \u2502\u2502  TABLE_SCAN \u2502\u2502  PROJECTION \u2502\u2502  TABLE_SCAN \u2502                                                                                                                                                      \n\u2502    \u2500\u2500\u2500\u2500\u2500\u2500   \u2502\u2502    \u2500\u2500\u2500\u2500\u2500\u2500   \u2502\u2502    \u2500\u2500\u2500\u2500\u2500\u2500   \u2502\u2502    \u2500\u2500\u2500\u2500\u2500\u2500   \u2502\u2502    \u2500\u2500\u2500\u2500\u2500\u2500   \u2502\u2502    \u2500\u2500\u2500\u2500\u2500\u2500   \u2502                                                                                                                                                      \n\u2502    Table:   \u2502\u2502      #0     \u2502\u2502    Table:   \u2502\u2502    Table:   \u2502\u2502      #0     \u2502\u2502    Table:   \u2502                                                                                                                                                      \n\u2502 store_sales \u2502\u2502      #2     \u2502\u2502   date_dim  \u2502\u2502catalog_sales\u2502\u2502      #2     \u2502\u2502   date_dim  \u2502                                                                                                                                                      \n\u2502             \u2502\u2502      #3     \u2502\u2502             \u2502\u2502             \u2502\u2502      #3     \u2502\u2502             \u2502                                                                                                                                                      \n\u2502    Type:    \u2502\u2502      #4     \u2502\u2502    Type:    \u2502\u2502    Type:    \u2502\u2502      #4     \u2502\u2502    Type:    \u2502                                                                                                                                                      \n\u2502  Sequential \u2502\u2502             \u2502\u2502  Sequential \u2502\u2502  Sequential \u2502\u2502             \u2502\u2502  Sequential \u2502                                                                                                                                                      \n\u2502     Scan    \u2502\u2502             \u2502\u2502     Scan    \u2502\u2502     Scan    \u2502\u2502             \u2502\u2502     Scan    \u2502                                                                                                                                                      \n\u2502             \u2502\u2502             \u2502\u2502             \u2502\u2502             \u2502\u2502             \u2502\u2502             \u2502                                                                                                                                                      \n\u2502 Projections:\u2502\u2502             \u2502\u2502 Projections:\u2502\u2502 Projections:\u2502\u2502             \u2502\u2502 Projections:\u2502                                                                                                                                                      \n\u2502  ss_item_sk \u2502\u2502             \u2502\u2502  d_date_sk  \u2502\u2502  cs_item_sk \u2502\u2502             \u2502\u2502  d_date_sk  \u2502                                                                                                                                                      \n\u2502ss_sold_date_\u2502\u2502             \u2502\u2502             \u2502\u2502cs_sold_date_\u2502\u2502             \u2502\u2502             \u2502                                                                                                                                                      \n\u2502      sk     \u2502\u2502             \u2502\u2502   Filters:  \u2502\u2502      sk     \u2502\u2502             \u2502\u2502   Filters:  \u2502                                                                                                                                                      \n\u2502             \u2502\u2502             \u2502\u2502 d_year>=1999\u2502\u2502             \u2502\u2502             \u2502\u2502 d_year>=1999\u2502                                                                                                                                                      \n\u2502   Filters:  \u2502\u2502             \u2502\u2502  AND d_year<\u2502\u2502   Filters:  \u2502\u2502             \u2502\u2502  AND d_year<\u2502                                                                                                                                                      \n\u2502ss_wholesale_\u2502\u2502             \u2502\u2502    =2001    \u2502\u2502cs_wholesale_\u2502\u2502             \u2502\u2502    =2001    \u2502                                                                                                                                                      \n\u2502 cost>=35.00 \u2502\u2502             \u2502\u2502             \u2502\u2502 cost>=35.00 \u2502\u2502             \u2502\u2502             \u2502                                                                                                                                                      \n\u2502 AND ss_whole\u2502\u2502             \u2502\u2502             \u2502\u2502 AND cs_whole\u2502\u2502             \u2502\u2502             \u2502                                                                                                                                                      \n\u2502  sale_cost< \u2502\u2502             \u2502\u2502             \u2502\u2502  sale_cost< \u2502\u2502             \u2502\u2502             \u2502                                                                                                                                                      \n\u2502    =55.00   \u2502\u2502             \u2502\u2502             \u2502\u2502    =55.00   \u2502\u2502             \u2502\u2502             \u2502                                                                                                                                                      \n\u2502             \u2502\u2502             \u2502\u2502             \u2502\u2502             \u2502\u2502             \u2502\u2502             \u2502                                                                                                                                                      \n\u2502             \u2502\u2502             \u2502\u2502             \u2502\u2502             \u2502\u2502             \u2502\u2502             \u2502                                                                                                                                                      \n\u2502             \u2502\u2502             \u2502\u2502             \u2502\u2502             \u2502\u2502             \u2502\u2502             \u2502                                                                                                                                                      \n\u2502             \u2502\u2502             \u2502\u2502             \u2502\u2502             \u2502\u2502             \u2502\u2502             \u2502                                                                                                                                                      \n\u2502             \u2502\u2502             \u2502\u2502             \u2502\u2502             \u2502\u2502             \u2502\u2502             \u2502                                                                                                                                                      \n\u2502             \u2502\u2502             \u2502\u2502             \u2502\u2502             \u2502\u2502             \u2502\u2502             \u2502                                                                                                                                                      \n\u2502             \u2502\u2502             \u2502\u2502             \u2502\u2502             \u2502\u2502             \u2502\u2502             \u2502                                                                                                                                                      \n\u2502             \u2502\u2502             \u2502\u2502             \u2502\u2502             \u2502\u2502             \u2502\u2502             \u2502                                                                                                                                                      \n\u2502             \u2502\u2502             \u2502\u2502             \u2502\u2502             \u2502\u2502             \u2502\u2502             \u2502                                                                                                                                                      \n\u2502             \u2502\u2502             \u2502\u2502             \u2502\u2502             \u2502\u2502             \u2502\u2502             \u2502                                                                                                                                                      \n\u2502             \u2502\u2502             \u2502\u2502             \u2502\u2502             \u2502\u2502             \u2502\u2502             \u2502                                                                                                                                                      \n\u2502             \u2502\u2502             \u2502\u2502             \u2502\u2502             \u2502\u2502             \u2502\u2502             \u2502                                                                                                                                                      \n\u25023,242,06...  \u2502\u2502   840 rows  \u2502\u2502  1,096 rows \u2502\u25021,717,66...  \u2502\u2502   840 rows  \u2502\u2502  1,096 rows \u2502                                                                                                                                                      \n\u2502   (0.23s)   \u2502\u2502   (0.00s)   \u2502\u2502   (0.00s)   \u2502\u2502   (0.07s)   \u2502\u2502   (0.00s)   \u2502\u2502   (0.00s)   \u2502                                                                                                                                                      \n\u2514\u2500\u2500\u2500\u2500\u2500\u2500\u2500\u2500\u2500\u2500\u2500\u2500\u2500\u2518\u2514\u2500\u2500\u2500\u2500\u2500\u2500\u252c\u2500\u2500\u2500\u2500\u2500\u2500\u2518\u2514\u2500\u2500\u2500\u2500\u2500\u2500\u2500\u2500\u2500\u2500\u2500\u2500\u2500\u2518\u2514\u2500\u2500\u2500\u2500\u2500\u2500\u2500\u2500\u2500\u2500\u2500\u2500\u2500\u2518\u2514\u2500\u2500\u2500\u2500\u2500\u2500\u252c\u2500\u2500\u2500\u2500\u2500\u2500\u2518\u2514\u2500\u2500\u2500\u2500\u2500\u2500\u2500\u2500\u2500\u2500\u2500\u2500\u2500\u2518                                                                                                                                                      \n               \u250c\u2500\u2500\u2500\u2500\u2500\u2500\u2534\u2500\u2500\u2500\u2500\u2500\u2500\u2510                              \u250c\u2500\u2500\u2500\u2500\u2500\u2500\u2534\u2500\u2500\u2500\u2500\u2500\u2500\u2510                                                                                                                                                                     \n               \u2502    FILTER   \u2502                              \u2502    FILTER   \u2502                                                                                                                                                                     \n               \u2502    \u2500\u2500\u2500\u2500\u2500\u2500   \u2502                              \u2502    \u2500\u2500\u2500\u2500\u2500\u2500   \u2502                                                                                                                                                                     \n               \u2502 ((i_category\u2502                              \u2502 ((i_category\u2502                                                                                                                                                                     \n               \u2502 = 'Electroni\u2502                              \u2502 = 'Electroni\u2502                                                                                                                                                                     \n               \u2502   cs') OR   \u2502                              \u2502   cs') OR   \u2502                                                                                                                                                                     \n               \u2502 (i_category \u2502                              \u2502 (i_category \u2502                                                                                                                                                                     \n               \u2502 = 'Jewelry')\u2502                              \u2502 = 'Jewelry')\u2502                                                                                                                                                                     \n               \u2502 OR (i_catego\u2502                              \u2502 OR (i_catego\u2502                                                                                                                                                                     \n               \u2502 ry = 'Men'))\u2502                              \u2502 ry = 'Men'))\u2502                                                                                                                                                                     \n               \u2502             \u2502                              \u2502             \u2502                                                                                                                                                                     \n               \u2502   840 rows  \u2502                              \u2502   840 rows  \u2502                                                                                                                                                                     \n               \u2502   (0.00s)   \u2502                              \u2502   (0.00s)   \u2502                                                                                                                                                                     \n               \u2514\u2500\u2500\u2500\u2500\u2500\u2500\u252c\u2500\u2500\u2500\u2500\u2500\u2500\u2518                              \u2514\u2500\u2500\u2500\u2500\u2500\u2500\u252c\u2500\u2500\u2500\u2500\u2500\u2500\u2518                                                                                                                                                                     \n               \u250c\u2500\u2500\u2500\u2500\u2500\u2500\u2534\u2500\u2500\u2500\u2500\u2500\u2500\u2510                              \u250c\u2500\u2500\u2500\u2500\u2500\u2500\u2534\u2500\u2500\u2500\u2500\u2500\u2500\u2510                                                                                                                                                                     \n               \u2502  TABLE_SCAN \u2502                              \u2502  TABLE_SCAN \u2502                                                                                                                                                                     \n               \u2502    \u2500\u2500\u2500\u2500\u2500\u2500   \u2502                              \u2502    \u2500\u2500\u2500\u2500\u2500\u2500   \u2502                                                                                                                                                                     \n               \u2502    Table:   \u2502                              \u2502    Table:   \u2502                                                                                                                                                                     \n               \u2502     item    \u2502                              \u2502     item    \u2502                                                                                                                                                                     \n               \u2502             \u2502                              \u2502             \u2502                                                                                                                                                                     \n               \u2502    Type:    \u2502                              \u2502    Type:    \u2502                                                                                                                                                                     \n               \u2502  Sequential \u2502                              \u2502  Sequential \u2502                                                                                                                                                                     \n               \u2502     Scan    \u2502                              \u2502     Scan    \u2502                                                                                                                                                                     \n               \u2502             \u2502                              \u2502             \u2502                                                                                                                                                                     \n               \u2502 Projections:\u2502                              \u2502 Projections:\u2502                                                                                                                                                                     \n               \u2502  i_item_sk  \u2502                              \u2502  i_item_sk  \u2502                                                                                                                                                                     \n               \u2502  i_category \u2502                              \u2502  i_category \u2502                                                                                                                                                                     \n               \u2502  i_brand_id \u2502                              \u2502  i_brand_id \u2502                                                                                                                                                                     \n               \u2502  i_class_id \u2502                              \u2502  i_class_id \u2502                                                                                                                                                                     \n               \u2502i_category_id\u2502                              \u2502i_category_id\u2502                                                                                                                                                                     \n               \u2502             \u2502                              \u2502             \u2502                                                                                                                                                                     \n               \u2502   Filters:  \u2502                              \u2502   Filters:  \u2502                                                                                                                                                                     \n               \u2502  optional:  \u2502                              \u2502  optional:  \u2502                                                                                                                                                                     \n               \u2502  i_category \u2502                              \u2502  i_category \u2502                                                                                                                                                                     \n               \u2502 IN ('Electro\u2502                              \u2502 IN ('Electro\u2502                                                                                                                                                                     \n               \u2502nics', 'Jewel\u2502                              \u2502nics', 'Jewel\u2502                                                                                                                                                                     \n               \u2502 ry', 'Men') \u2502                              \u2502 ry', 'Men') \u2502                                                                                                                                                                     \n               \u2502 i_manager_id\u2502                              \u2502 i_manager_id\u2502                                                                                                                                                                     \n               \u2502   >=91 AND  \u2502                              \u2502   >=91 AND  \u2502                                                                                                                                                                     \n               \u2502 i_manager_id\u2502                              \u2502 i_manager_id\u2502                                                                                                                                                                     \n               \u2502    <=100    \u2502                              \u2502    <=100    \u2502                                                                                                                                                                     \n               \u2502             \u2502                              \u2502             \u2502                                                                                                                                                                     \n               \u2502  2,941 rows \u2502                              \u2502  2,941 rows \u2502                                                                                                                                                                     \n               \u2502   (0.00s)   \u2502                              \u2502   (0.00s)   \u2502                                                                                                                                                                     \n               \u2514\u2500\u2500\u2500\u2500\u2500\u2500\u2500\u2500\u2500\u2500\u2500\u2500\u2500\u2518                              \u2514\u2500\u2500\u2500\u2500\u2500\u2500\u2500\u2500\u2500\u2500\u2500\u2500\u2500\u2518                                                                                                                                                                     \n                                                                                                                                                                                                                                                \n                                                                                                                                                                                                                                                \n                                                                                                                                                                                                                                                \n                                                                                                                                                                                                                                                \n                                                                                                                                                                                                                                                \n                                                                                                                                                                                                                                                \n                                                                                                                                                                                                                                                \n                                                                                                                                                                                                                                                \n                                                                                                                                                                                                                                                \n                                                                                                                                                                                                                                                \n                                                                                                                                                                                                                                                \n                                                                                                                                                                                                                                                \n                                                                                                                                                                                                                                                \n                                                                                                                                                                                                                                                \n                                                                                                                                                                                                                                                \n                                                                                                                                                                                                                                                \n                                                                                                                                                                                                                                                \n                                                                                                                                                                                                                                                \n                                                                                                                                                                                                                                                \n                                                                                                                                                                                                                                                \n                                                                                                                                                                                                                                                \n                                                                                                                                                                                                                                                \n                                                                                                                                                                                                                                                \n                                                                                                                                                                                                                                                \n                                                                                                                                                                                                                                                \n                                                                                                                                                                                                                                                \n                                                                                                                                                                                                                                                \n                                                                                                                                                                                                                                                \n                                                                                                                                                                                                                                                \n                                                                                                                                                                                                                                                \n                                                                                                                                                                                                                                                \n                                                                                                                                                                                                                                                \n                                                                                                                                                                                                                                                \n                                                                                                                                                                                                                                                \n                                                                                                                                                                                                                                                \n                                                                                                                                                                                                                                                \n                                                                                                                                                                                                                                                \n                                                                                                                                                                                                                                                \n                                                                                                                                                                                                                                                \n                                                                                                                                                                                                                                                \n                                                                                                                                                                                                                                                \n                                                                                                                                                                                                                                                \n                                                                                                                                                                                                                                                \n                                                                                                                                                                                                                                                \n                                                                                                                                                                                                                                                \n                                                                                                                                                                                                                                                \n                                                                                                                                                                                                                                                \n                                                                                                                                                                                                                                                \n                                                                                                                                                                                                                                                \n                                                                                                                                                                                                                                                \n                                                                                                                                                                                                                                                \n                                                                                                                                                                                                                                                \n                                                                                                                                                                                                                                                \n                                                                                                                                                                                                                                                \n                                                                                                                                                                                                                                                \n                                                                                                                                                                                                                                                \n                                                                                                                                                                                                                                                \n                                                                                                                                                                                                                                                \n                                                                                                                                                                                                                                                \n                                                                                                                                                                                                                                                \n                                                                                                                                                                                                                                                \n                                                                                                                                                                                                                                                \n                                                                                                                                                                                                                                                \n                                                                                                                                                                                                                                                \n                                                                                                                                                                                                                                                \n                                                                                                                                                                                                                                                \n                                                                                                                                                                                                                                                \n                                                                                                                                                                                                                                                \n                                                                                                                                                                                                                                                \n                                                                                                                                                                                                                                                \n                                                                                                                                                                                                                                                \n                                                                                                                                                                                                                                                \n                                                                                                                                                                                                                                                \n                                                                                                                                                                                                                                                \n                                                                                                                                                                                                                                                \n                                                                                                                                                                                                                                                \n                                                                                                                                                                                                                                                \n                                                                                                                                                                                                                                                \n                                                                                                                                                                                                                                                \n                                                                                                                                                                                                                                                \n                                                                                                                                                                                                                                                \n                                                                                                                                                                                                                                                \n                                                                                                                                                                                                                                                \n                                                                                                                                                                                                                                                \n                                                                                                                                                                                                                                                \n                                                                                                                                                                                                                                                \n                                                                                                                                                                                                                                                \n                                                                                                                                                                                                                                                \n                                                                                                                                                                                                                                                \n                                                                                                                                                                                                                                                \n                                                                                                                                                                                                                                                \n                                                                                                                                                                                                                                                \n                                                                                                                                                                                                                                                \n                                                                                                                                                                                                                                                \n                                                                                                                                                                                                                                                \n                                                                                                                                                                                                                                                \n                                                                                                                                                                                                                                                \n                                                                                                                                                                                                                                                \n                                                                                                                                                                                                                                                \n                                                                                                                                                                                                                                                \n                                                                                                                                                                                                                                                \n                                                                                                                                                                                                                                                \n                                                                                                                                                                                                                                                \n                                                                                                                                                                                                                                                \n                                                                                                                                                                                                                                                \n                                                                                                                                                                                                                                                \n                                                                                                                                                                                                                                                \n                                                                                                                                                                                                                                                \n                                                                                                                                                                                                                                                \n                                                                                                                                                                                                                                                \n                                                                                                                                                                                                                                                \n                                                                                                                                                                                                                                                \n                                                                                                                                                                                                                                                \n                                                                                                                                                                                                                                                \n                                                                                                                                                                                                                                                \n                                                                                                                                                                                                                                                \n                                                                                                                                                                                                                                                \n",
  "plan_json": {
    "total_bytes_written": 0,
    "total_bytes_read": 0,
    "rows_returned": 0,
    "latency": 0.0,
    "result_set_size": 0,
    "query_name": "",
    "blocked_thread_time": 0.0,
    "system_peak_buffer_memory": 0,
    "system_peak_temp_dir_size": 0,
    "cpu_time": 0.0,
    "extra_info": {},
    "cumulative_cardinality": 0,
    "cumulative_rows_scanned": 0,
    "children": [
      {
        "total_bytes_written": 0,
        "total_bytes_read": 0,
        "result_set_size": 0,
        "operator_name": "EXPLAIN_ANALYZE",
        "cpu_time": 0.0,
        "extra_info": {},
        "cumulative_cardinality": 0,
        "operator_type": "EXPLAIN_ANALYZE",
        "operator_cardinality": 0,
        "cumulative_rows_scanned": 0,
        "operator_rows_scanned": 0,
        "operator_timing": 2.71e-07,
        "children": [
          {
            "total_bytes_written": 0,
            "total_bytes_read": 0,
            "result_set_size": 0,
            "operator_name": "CTE",
            "cpu_time": 0.0,
            "extra_info": {
              "CTE Name": "cross_items",
              "Table Index": "0",
              "Estimated Cardinality": "0"
            },
            "cumulative_cardinality": 0,
            "operator_type": "CTE",
            "operator_cardinality": 0,
            "cumulative_rows_scanned": 0,
            "operator_rows_scanned": 0,
            "operator_timing": 1.0215e-05,
            "children": [
              {
                "total_bytes_written": 0,
                "total_bytes_read": 0,
                "result_set_size": 2904,
                "operator_name": "PROJECTION",
                "cpu_time": 0.0,
                "extra_info": {
                  "Projections": "ss_item_sk",
                  "Estimated Cardinality": "466"
                },
                "cumulative_cardinality": 0,
                "operator_type": "PROJECTION",
                "operator_cardinality": 726,
                "cumulative_rows_scanned": 0,
                "operator_rows_scanned": 0,
                "operator_timing": 1.883e-06,
                "children": [
                  {
                    "total_bytes_written": 0,
                    "total_bytes_read": 0,
                    "result_set_size": 11616,
                    "operator_name": "HASH_JOIN",
                    "cpu_time": 0.0,
                    "extra_info": {
                      "Join Type": "INNER",
                      "Conditions": [
                        "brand_id = i_brand_id",
                        "class_id = i_class_id",
                        "category_id = i_category_id"
                      ],
                      "Estimated Cardinality": "466"
                    },
                    "cumulative_cardinality": 0,
                    "operator_type": "HASH_JOIN",
                    "operator_cardinality": 726,
                    "cumulative_rows_scanned": 0,
                    "operator_rows_scanned": 0,
                    "operator_timing": 0.00041101600000000005,
                    "children": [
                      {
                        "total_bytes_written": 0,
                        "total_bytes_read": 0,
                        "result_set_size": 4632,
                        "operator_name": "HASH_GROUP_BY",
                        "cpu_time": 0.0,
                        "extra_info": {
                          "Groups": [
                            "#0",
                            "#1",
                            "#2"
                          ],
                          "Aggregates": "",
                          "Estimated Cardinality": "24446"
                        },
                        "cumulative_cardinality": 0,
                        "operator_type": "HASH_GROUP_BY",
                        "operator_cardinality": 386,
                        "cumulative_rows_scanned": 0,
                        "operator_rows_scanned": 0,
                        "operator_timing": 0.002448311,
                        "children": [
                          {
                            "total_bytes_written": 0,
                            "total_bytes_read": 0,
                            "result_set_size": 4632,
                            "operator_name": "HASH_JOIN",
                            "cpu_time": 0.0,
                            "extra_info": {
                              "Join Type": "SEMI",
                              "Conditions": [
                                "#0 IS NOT DISTINCT FROM #0",
                                "#1 IS NOT DISTINCT FROM #1",
                                "#2 IS NOT DISTINCT FROM #2"
                              ],
                              "Estimated Cardinality": "24446"
                            },
                            "cumulative_cardinality": 0,
                            "operator_type": "HASH_JOIN",
                            "operator_cardinality": 386,
                            "cumulative_rows_scanned": 0,
                            "operator_rows_scanned": 0,
                            "operator_timing": 0.06945701700000001,
                            "children": [
                              {
                                "total_bytes_written": 0,
                                "total_bytes_read": 0,
                                "result_set_size": 4632,
                                "operator_name": "HASH_GROUP_BY",
                                "cpu_time": 0.0,
                                "extra_info": {
                                  "Groups": [
                                    "#0",
                                    "#1",
                                    "#2"
                                  ],
                                  "Aggregates": "",
                                  "Estimated Cardinality": "24446"
                                },
                                "cumulative_cardinality": 0,
                                "operator_type": "HASH_GROUP_BY",
                                "operator_cardinality": 386,
                                "cumulative_rows_scanned": 0,
                                "operator_rows_scanned": 0,
                                "operator_timing": 0.15652689800000003,
                                "children": [
                                  {
                                    "total_bytes_written": 0,
                                    "total_bytes_read": 0,
                                    "result_set_size": 306600,
                                    "operator_name": "HASH_JOIN",
                                    "cpu_time": 0.0,
                                    "extra_info": {
                                      "Join Type": "SEMI",
                                      "Conditions": [
                                        "#0 IS NOT DISTINCT FROM #0",
                                        "#1 IS NOT DISTINCT FROM #1",
                                        "#2 IS NOT DISTINCT FROM #2"
                                      ],
                                      "Estimated Cardinality": "24446"
                                    },
                                    "cumulative_cardinality": 0,
                                    "operator_type": "HASH_JOIN",
                                    "operator_cardinality": 25550,
                                    "cumulative_rows_scanned": 0,
                                    "operator_rows_scanned": 0,
                                    "operator_timing": 0.006134428999999999,
                                    "children": [
                                      {
                                        "total_bytes_written": 0,
                                        "total_bytes_read": 0,
                                        "result_set_size": 306600,
                                        "operator_name": "PROJECTION",
                                        "cpu_time": 0.0,
                                        "extra_info": {
                                          "Projections": [
                                            "brand_id",
                                            "class_id",
                                            "category_id"
                                          ],
                                          "Estimated Cardinality": "48932"
                                        },
                                        "cumulative_cardinality": 0,
                                        "operator_type": "PROJECTION",
                                        "operator_cardinality": 25550,
                                        "cumulative_rows_scanned": 0,
                                        "operator_rows_scanned": 0,
                                        "operator_timing": 2.6549999999999998e-05,
                                        "children": [
                                          {
                                            "total_bytes_written": 0,
                                            "total_bytes_read": 0,
                                            "result_set_size": 408800,
                                            "operator_name": "HASH_JOIN",
                                            "cpu_time": 0.0,
                                            "extra_info": {
                                              "Join Type": "INNER",
                                              "Conditions": "ss_sold_date_sk = d_date_sk",
                                              "Estimated Cardinality": "48932"
                                            },
                                            "cumulative_cardinality": 0,
                                            "operator_type": "HASH_JOIN",
                                            "operator_cardinality": 25550,
                                            "cumulative_rows_scanned": 0,
                                            "operator_rows_scanned": 0,
                                            "operator_timing": 0.00022111000000000003,
                                            "children": [
                                              {
                                                "total_bytes_written": 0,
                                                "total_bytes_read": 0,
                                                "result_set_size": 408800,
                                                "operator_name": "HASH_JOIN",
                                                "cpu_time": 0.0,
                                                "extra_info": {
                                                  "Join Type": "INNER",
                                                  "Conditions": "ss_item_sk = i_item_sk",
                                                  "Estimated Cardinality": "244675"
                                                },
                                                "cumulative_cardinality": 0,
                                                "operator_type": "HASH_JOIN",
                                                "operator_cardinality": 25550,
                                                "cumulative_rows_scanned": 0,
                                                "operator_rows_scanned": 0,
                                                "operator_timing": 0.043843415000000004,
                                                "children": [
                                                  {
                                                    "total_bytes_written": 0,
                                                    "total_bytes_read": 0,
                                                    "result_set_size": 25936512,
                                                    "operator_name": "SEQ_SCAN ",
                                                    "cpu_time": 0.0,
                                                    "extra_info": {
                                                      "Table": "store_sales",
                                                      "Type": "Sequential Scan",
                                                      "Projections": [
                                                        "ss_item_sk",
                                                        "ss_sold_date_sk"
                                                      ],
                                                      "Filters": "ss_wholesale_cost>=35.00 AND ss_wholesale_cost<=55.00",
                                                      "Estimated Cardinality": "5760198"
                                                    },
                                                    "cumulative_cardinality": 0,
                                                    "operator_type": "TABLE_SCAN",
                                                    "operator_cardinality": 3242064,
                                                    "cumulative_rows_scanned": 0,
                                                    "operator_rows_scanned": 806427748,
                                                    "operator_timing": 0.23031004300000005,
                                                    "children": []
                                                  },
                                                  {
                                                    "total_bytes_written": 0,
                                                    "total_bytes_read": 0,
                                                    "result_set_size": 13440,
                                                    "operator_name": "PROJECTION",
                                                    "cpu_time": 0.0,
                                                    "extra_info": {
                                                      "Projections": [
                                                        "#0",
                                                        "#2",
                                                        "#3",
                                                        "#4"
                                                      ],
                                                      "Estimated Cardinality": "4080"
                                                    },
                                                    "cumulative_cardinality": 0,
                                                    "operator_type": "PROJECTION",
                                                    "operator_cardinality": 840,
                                                    "cumulative_rows_scanned": 0,
                                                    "operator_rows_scanned": 0,
                                                    "operator_timing": 3.08e-07,
                                                    "children": [
                                                      {
                                                        "total_bytes_written": 0,
                                                        "total_bytes_read": 0,
                                                        "result_set_size": 26880,
                                                        "operator_name": "FILTER",
                                                        "cpu_time": 0.0,
                                                        "extra_info": {
                                                          "Expression": "((i_category = 'Electronics') OR (i_category = 'Jewelry') OR (i_category = 'Men'))",
                                                          "Estimated Cardinality": "4080"
                                                        },
                                                        "cumulative_cardinality": 0,
                                                        "operator_type": "FILTER",
                                                        "operator_cardinality": 840,
                                                        "cumulative_rows_scanned": 0,
                                                        "operator_rows_scanned": 0,
                                                        "operator_timing": 0.0003500979999999999,
                                                        "children": [
                                                          {
                                                            "total_bytes_written": 0,
                                                            "total_bytes_read": 0,
                                                            "result_set_size": 94112,
                                                            "operator_name": "SEQ_SCAN ",
                                                            "cpu_time": 0.0,
                                                            "extra_info": {
                                                              "Table": "item",
                                                              "Type": "Sequential Scan",
                                                              "Projections": [
                                                                "i_item_sk",
                                                                "i_category",
                                                                "i_brand_id",
                                                                "i_class_id",
                                                                "i_category_id"
                                                              ],
                                                              "Filters": [
                                                                "optional: i_category IN ('Electronics', 'Jewelry', 'Men')",
                                                                "i_manager_id>=91 AND i_manager_id<=100"
                                                              ],
                                                              "Estimated Cardinality": "20400"
                                                            },
                                                            "cumulative_cardinality": 0,
                                                            "operator_type": "TABLE_SCAN",
                                                            "operator_cardinality": 2941,
                                                            "cumulative_rows_scanned": 0,
                                                            "operator_rows_scanned": 102000,
                                                            "operator_timing": 0.0013807850000000003,
                                                            "children": []
                                                          }
                                                        ]
                                                      }
                                                    ]
                                                  }
                                                ]
                                              },
                                              {
                                                "total_bytes_written": 0,
                                                "total_bytes_read": 0,
                                                "result_set_size": 4384,
                                                "operator_name": "FILTER",
                                                "cpu_time": 0.0,
                                                "extra_info": {
                                                  "Expression": "(d_date_sk BETWEEN 2450816 AND 2452642)",
                                                  "Estimated Cardinality": "14609"
                                                },
                                                "cumulative_cardinality": 0,
                                                "operator_type": "FILTER",
                                                "operator_cardinality": 1096,
                                                "cumulative_rows_scanned": 0,
                                                "operator_rows_scanned": 0,
                                                "operator_timing": 4.469000000000001e-06,
                                                "children": [
                                                  {
                                                    "total_bytes_written": 0,
                                                    "total_bytes_read": 0,
                                                    "result_set_size": 4384,
                                                    "operator_name": "SEQ_SCAN ",
                                                    "cpu_time": 0.0,
                                                    "extra_info": {
                                                      "Table": "date_dim",
                                                      "Type": "Sequential Scan",
                                                      "Projections": "d_date_sk",
                                                      "Filters": "d_year>=1999 AND d_year<=2001",
                                                      "Estimated Cardinality": "14609"
                                                    },
                                                    "cumulative_cardinality": 0,
                                                    "operator_type": "TABLE_SCAN",
                                                    "operator_cardinality": 1096,
                                                    "cumulative_rows_scanned": 0,
                                                    "operator_rows_scanned": 73049,
                                                    "operator_timing": 1.3170000000000001e-05,
                                                    "children": []
                                                  }
                                                ]
                                              }
                                            ]
                                          }
                                        ]
                                      },
                                      {
                                        "total_bytes_written": 0,
                                        "total_bytes_read": 0,
                                        "result_set_size": 164868,
                                        "operator_name": "PROJECTION",
                                        "cpu_time": 0.0,
                                        "extra_info": {
                                          "Projections": [
                                            "i_brand_id",
                                            "i_class_id",
                                            "i_category_id"
                                          ],
                                          "Estimated Cardinality": "24446"
                                        },
                                        "cumulative_cardinality": 0,
                                        "operator_type": "PROJECTION",
                                        "operator_cardinality": 13739,
                                        "cumulative_rows_scanned": 0,
                                        "operator_rows_scanned": 0,
                                        "operator_timing": 2.7921000000000003e-05,
                                        "children": [
                                          {
                                            "total_bytes_written": 0,
                                            "total_bytes_read": 0,
                                            "result_set_size": 219824,
                                            "operator_name": "HASH_JOIN",
                                            "cpu_time": 0.0,
                                            "extra_info": {
                                              "Join Type": "INNER",
                                              "Conditions": "cs_sold_date_sk = d_date_sk",
                                              "Estimated Cardinality": "24446"
                                            },
                                            "cumulative_cardinality": 0,
                                            "operator_type": "HASH_JOIN",
                                            "operator_cardinality": 13739,
                                            "cumulative_rows_scanned": 0,
                                            "operator_rows_scanned": 0,
                                            "operator_timing": 0.000361275,
                                            "children": [
                                              {
                                                "total_bytes_written": 0,
                                                "total_bytes_read": 0,
                                                "result_set_size": 219824,
                                                "operator_name": "HASH_JOIN",
                                                "cpu_time": 0.0,
                                                "extra_info": {
                                                  "Join Type": "INNER",
                                                  "Conditions": "cs_item_sk = i_item_sk",
                                                  "Estimated Cardinality": "122238"
                                                },
                                                "cumulative_cardinality": 0,
                                                "operator_type": "HASH_JOIN",
                                                "operator_cardinality": 13739,
                                                "cumulative_rows_scanned": 0,
                                                "operator_rows_scanned": 0,
                                                "operator_timing": 0.01615552,
                                                "children": [
                                                  {
                                                    "total_bytes_written": 0,
                                                    "total_bytes_read": 0,
                                                    "result_set_size": 13741320,
                                                    "operator_name": "SEQ_SCAN ",
                                                    "cpu_time": 0.0,
                                                    "extra_info": {
                                                      "Table": "catalog_sales",
                                                      "Type": "Sequential Scan",
                                                      "Projections": [
                                                        "cs_item_sk",
                                                        "cs_sold_date_sk"
                                                      ],
                                                      "Filters": "cs_wholesale_cost>=35.00 AND cs_wholesale_cost<=55.00",
                                                      "Estimated Cardinality": "2880252"
                                                    },
                                                    "cumulative_cardinality": 0,
                                                    "operator_type": "TABLE_SCAN",
                                                    "operator_cardinality": 1717665,
                                                    "cumulative_rows_scanned": 0,
                                                    "operator_rows_scanned": 403235308,
                                                    "operator_timing": 0.07514264200000001,
                                                    "children": []
                                                  },
                                                  {
                                                    "total_bytes_written": 0,
                                                    "total_bytes_read": 0,
                                                    "result_set_size": 13440,
                                                    "operator_name": "PROJECTION",
                                                    "cpu_time": 0.0,
                                                    "extra_info": {
                                                      "Projections": [
                                                        "#0",
                                                        "#2",
                                                        "#3",
                                                        "#4"
                                                      ],
                                                      "Estimated Cardinality": "4080"
                                                    },
                                                    "cumulative_cardinality": 0,
                                                    "operator_type": "PROJECTION",
                                                    "operator_cardinality": 840,
                                                    "cumulative_rows_scanned": 0,
                                                    "operator_rows_scanned": 0,
                                                    "operator_timing": 6.2e-07,
                                                    "children": [
                                                      {
                                                        "total_bytes_written": 0,
                                                        "total_bytes_read": 0,
                                                        "result_set_size": 26880,
                                                        "operator_name": "FILTER",
                                                        "cpu_time": 0.0,
                                                        "extra_info": {
                                                          "Expression": "((i_category = 'Electronics') OR (i_category = 'Jewelry') OR (i_category = 'Men'))",
                                                          "Estimated Cardinality": "4080"
                                                        },
                                                        "cumulative_cardinality": 0,
                                                        "operator_type": "FILTER",
                                                        "operator_cardinality": 840,
                                                        "cumulative_rows_scanned": 0,
                                                        "operator_rows_scanned": 0,
                                                        "operator_timing": 0.00015620300000000002,
                                                        "children": [
                                                          {
                                                            "total_bytes_written": 0,
                                                            "total_bytes_read": 0,
                                                            "result_set_size": 94112,
                                                            "operator_name": "SEQ_SCAN ",
                                                            "cpu_time": 0.0,
                                                            "extra_info": {
                                                              "Table": "item",
                                                              "Type": "Sequential Scan",
                                                              "Projections": [
                                                                "i_item_sk",
                                                                "i_category",
                                                                "i_brand_id",
                                                                "i_class_id",
                                                                "i_category_id"
                                                              ],
                                                              "Filters": [
                                                                "optional: i_category IN ('Electronics', 'Jewelry', 'Men')",
                                                                "i_manager_id>=91 AND i_manager_id<=100"
                                                              ],
                                                              "Estimated Cardinality": "20400"
                                                            },
                                                            "cumulative_cardinality": 0,
                                                            "operator_type": "TABLE_SCAN",
                                                            "operator_cardinality": 2941,
                                                            "cumulative_rows_scanned": 0,
                                                            "operator_rows_scanned": 102000,
                                                            "operator_timing": 0.0006720780000000001,
                                                            "children": []
                                                          }
                                                        ]
                                                      }
                                                    ]
                                                  }
                                                ]
                                              },
                                              {
                                                "total_bytes_written": 0,
                                                "total_bytes_read": 0,
                                                "result_set_size": 4384,
                                                "operator_name": "FILTER",
                                                "cpu_time": 0.0,
                                                "extra_info": {
                                                  "Expression": "(d_date_sk BETWEEN 2450815 AND 2452653)",
                                                  "Estimated Cardinality": "14609"
                                                },
                                                "cumulative_cardinality": 0,
                                                "operator_type": "FILTER",
                                                "operator_cardinality": 1096,
                                                "cumulative_rows_scanned": 0,
                                                "operator_rows_scanned": 0,
                                                "operator_timing": 7.0420000000000005e-06,
                                                "children": [
                                                  {
                                                    "total_bytes_written": 0,
                                                    "total_bytes_read": 0,
                                                    "result_set_size": 4384,
                                                    "operator_name": "SEQ_SCAN ",
                                                    "cpu_time": 0.0,
                                                    "extra_info": {
                                                      "Table": "date_dim",
                                                      "Type": "Sequential Scan",
                                                      "Projections": "d_date_sk",
                                                      "Filters": "d_year>=1999 AND d_year<=2001",
                                                      "Estimated Cardinality": "14609"
                                                    },
                                                    "cumulative_cardinality": 0,
                                                    "operator_type": "TABLE_SCAN",
                                                    "operator_cardinality": 1096,
                                                    "cumulative_rows_scanned": 0,
                                                    "operator_rows_scanned": 73049,
                                                    "operator_timing": 2.3928e-05,
                                                    "children": []
                                                  }
                                                ]
                                              }
                                            ]
                                          }
                                        ]
                                      }
                                    ]
                                  }
                                ]
                              },
                              {
                                "total_bytes_written": 0,
                                "total_bytes_read": 0,
                                "result_set_size": 10471032,
                                "operator_name": "PROJECTION",
                                "cpu_time": 0.0,
                                "extra_info": {
                                  "Projections": [
                                    "i_brand_id",
                                    "i_class_id",
                                    "i_category_id"
                                  ],
                                  "Estimated Cardinality": "304395"
                                },
                                "cumulative_cardinality": 0,
                                "operator_type": "PROJECTION",
                                "operator_cardinality": 872586,
                                "cumulative_rows_scanned": 0,
                                "operator_rows_scanned": 0,
                                "operator_timing": 0.0013185059999999999,
                                "children": [
                                  {
                                    "total_bytes_written": 0,
                                    "total_bytes_read": 0,
                                    "result_set_size": 17451720,
                                    "operator_name": "HASH_JOIN",
                                    "cpu_time": 0.0,
                                    "extra_info": {
                                      "Join Type": "INNER",
                                      "Conditions": "ws_item_sk = i_item_sk",
                                      "Estimated Cardinality": "304395"
                                    },
                                    "cumulative_cardinality": 0,
                                    "operator_type": "HASH_JOIN",
                                    "operator_cardinality": 872586,
                                    "cumulative_rows_scanned": 0,
                                    "operator_rows_scanned": 0,
                                    "operator_timing": 0.009384517999999998,
                                    "children": [
                                      {
                                        "total_bytes_written": 0,
                                        "total_bytes_read": 0,
                                        "result_set_size": 6980688,
                                        "operator_name": "HASH_JOIN",
                                        "cpu_time": 0.0,
                                        "extra_info": {
                                          "Join Type": "INNER",
                                          "Conditions": "ws_sold_date_sk = d_date_sk",
                                          "Estimated Cardinality": "287886"
                                        },
                                        "cumulative_cardinality": 0,
                                        "operator_type": "HASH_JOIN",
                                        "operator_cardinality": 872586,
                                        "cumulative_rows_scanned": 0,
                                        "operator_rows_scanned": 0,
                                        "operator_timing": 0.008735277,
                                        "children": [
                                          {
                                            "total_bytes_written": 0,
                                            "total_bytes_read": 0,
                                            "result_set_size": 6980688,
                                            "operator_name": "SEQ_SCAN ",
                                            "cpu_time": 0.0,
                                            "extra_info": {
                                              "Table": "web_sales",
                                              "Type": "Sequential Scan",
                                              "Projections": [
                                                "ws_item_sk",
                                                "ws_sold_date_sk"
                                              ],
                                              "Filters": "ws_wholesale_cost>=35.00 AND ws_wholesale_cost<=55.00",
                                              "Estimated Cardinality": "1439513"
                                            },
                                            "cumulative_cardinality": 0,
                                            "operator_type": "TABLE_SCAN",
                                            "operator_cardinality": 872586,
                                            "cumulative_rows_scanned": 0,
                                            "operator_rows_scanned": 201531848,
                                            "operator_timing": 0.05196277299999998,
                                            "children": []
                                          },
                                          {
                                            "total_bytes_written": 0,
                                            "total_bytes_read": 0,
                                            "result_set_size": 4384,
                                            "operator_name": "FILTER",
                                            "cpu_time": 0.0,
                                            "extra_info": {
                                              "Expression": "(d_date_sk BETWEEN 2450816 AND 2452642)",
                                              "Estimated Cardinality": "14609"
                                            },
                                            "cumulative_cardinality": 0,
                                            "operator_type": "FILTER",
                                            "operator_cardinality": 1096,
                                            "cumulative_rows_scanned": 0,
                                            "operator_rows_scanned": 0,
                                            "operator_timing": 8.777e-06,
                                            "children": [
                                              {
                                                "total_bytes_written": 0,
                                                "total_bytes_read": 0,
                                                "result_set_size": 4384,
                                                "operator_name": "SEQ_SCAN ",
                                                "cpu_time": 0.0,
                                                "extra_info": {
                                                  "Table": "date_dim",
                                                  "Type": "Sequential Scan",
                                                  "Projections": "d_date_sk",
                                                  "Filters": "d_year>=1999 AND d_year<=2001",
                                                  "Estimated Cardinality": "14609"
                                                },
                                                "cumulative_cardinality": 0,
                                                "operator_type": "TABLE_SCAN",
                                                "operator_cardinality": 1096,
                                                "cumulative_rows_scanned": 0,
                                                "operator_rows_scanned": 73049,
                                                "operator_timing": 3.2923e-05,
                                                "children": []
                                              }
                                            ]
                                          }
                                        ]
                                      },
                                      {
                                        "total_bytes_written": 0,
                                        "total_bytes_read": 0,
                                        "result_set_size": 1632000,
                                        "operator_name": "SEQ_SCAN ",
                                        "cpu_time": 0.0,
                                        "extra_info": {
                                          "Table": "item",
                                          "Type": "Sequential Scan",
                                          "Projections": [
                                            "i_item_sk",
                                            "i_brand_id",
                                            "i_class_id",
                                            "i_category_id"
                                          ],
                                          "Estimated Cardinality": "102000"
                                        },
                                        "cumulative_cardinality": 0,
                                        "operator_type": "TABLE_SCAN",
                                        "operator_cardinality": 102000,
                                        "cumulative_rows_scanned": 0,
                                        "operator_rows_scanned": 102000,
                                        "operator_timing": 0.00023661899999999998,
                                        "children": []
                                      }
                                    ]
                                  }
                                ]
                              }
                            ]
                          }
                        ]
                      },
                      {
                        "total_bytes_written": 0,
                        "total_bytes_read": 0,
                        "result_set_size": 13440,
                        "operator_name": "PROJECTION",
                        "cpu_time": 0.0,
                        "extra_info": {
                          "Projections": [
                            "#0",
                            "#1",
                            "#2",
                            "#4"
                          ],
                          "Estimated Cardinality": "4080"
                        },
                        "cumulative_cardinality": 0,
                        "operator_type": "PROJECTION",
                        "operator_cardinality": 840,
                        "cumulative_rows_scanned": 0,
                        "operator_rows_scanned": 0,
                        "operator_timing": 2.98e-07,
                        "children": [
                          {
                            "total_bytes_written": 0,
                            "total_bytes_read": 0,
                            "result_set_size": 26880,
                            "operator_name": "FILTER",
                            "cpu_time": 0.0,
                            "extra_info": {
                              "Expression": "((i_category = 'Electronics') OR (i_category = 'Jewelry') OR (i_category = 'Men'))",
                              "Estimated Cardinality": "4080"
                            },
                            "cumulative_cardinality": 0,
                            "operator_type": "FILTER",
                            "operator_cardinality": 840,
                            "cumulative_rows_scanned": 0,
                            "operator_rows_scanned": 0,
                            "operator_timing": 0.00015332300000000005,
                            "children": [
                              {
                                "total_bytes_written": 0,
                                "total_bytes_read": 0,
                                "result_set_size": 94112,
                                "operator_name": "SEQ_SCAN ",
                                "cpu_time": 0.0,
                                "extra_info": {
                                  "Table": "item",
                                  "Type": "Sequential Scan",
                                  "Projections": [
                                    "i_brand_id",
                                    "i_class_id",
                                    "i_category_id",
                                    "i_category",
                                    "i_item_sk"
                                  ],
                                  "Filters": [
                                    "optional: i_category IN ('Electronics', 'Jewelry', 'Men')",
                                    "i_manager_id>=91 AND i_manager_id<=100"
                                  ],
                                  "Estimated Cardinality": "20400"
                                },
                                "cumulative_cardinality": 0,
                                "operator_type": "TABLE_SCAN",
                                "operator_cardinality": 2941,
                                "cumulative_rows_scanned": 0,
                                "operator_rows_scanned": 102000,
                                "operator_timing": 0.0006043490000000003,
                                "children": []
                              }
                            ]
                          }
                        ]
                      }
                    ]
                  }
                ]
              },
              {
                "total_bytes_written": 0,
                "total_bytes_read": 0,
                "result_set_size": 0,
                "operator_name": "CTE",
                "cpu_time": 0.0,
                "extra_info": {
                  "CTE Name": "avg_sales",
                  "Table Index": "37",
                  "Estimated Cardinality": "0"
                },
                "cumulative_cardinality": 0,
                "operator_type": "CTE",
                "operator_cardinality": 0,
                "cumulative_rows_scanned": 0,
                "operator_rows_scanned": 0,
                "operator_timing": 6.526e-06,
                "children": [
                  {
                    "total_bytes_written": 0,
                    "total_bytes_read": 0,
                    "result_set_size": 8,
                    "operator_name": "UNGROUPED_AGGREGATE",
                    "cpu_time": 0.0,
                    "extra_info": {
                      "Aggregates": "avg(#0)"
                    },
                    "cumulative_cardinality": 0,
                    "operator_type": "UNGROUPED_AGGREGATE",
                    "operator_cardinality": 1,
                    "cumulative_rows_scanned": 0,
                    "operator_rows_scanned": 0,
                    "operator_timing": 0.018298123000000003,
                    "children": [
                      {
                        "total_bytes_written": 0,
                        "total_bytes_read": 0,
                        "result_set_size": 46816920,
                        "operator_name": "PROJECTION",
                        "cpu_time": 0.0,
                        "extra_info": {
                          "Projections": "(CAST(quantity AS DECIMAL(17,0)) * CAST(list_price AS DECIMAL(17,2)))",
                          "Estimated Cardinality": "2015880"
                        },
                        "cumulative_cardinality": 0,
                        "operator_type": "PROJECTION",
                        "operator_cardinality": 5852115,
                        "cumulative_rows_scanned": 0,
                        "operator_rows_scanned": 0,
                        "operator_timing": 0.07730633299999995,
                        "children": [
                          {
                            "total_bytes_written": 0,
                            "total_bytes_read": 0,
                            "result_set_size": 0,
                            "operator_name": "UNION",
                            "cpu_time": 0.0,
                            "extra_info": {},
                            "cumulative_cardinality": 0,
                            "operator_type": "UNION",
                            "operator_cardinality": 0,
                            "cumulative_rows_scanned": 0,
                            "operator_rows_scanned": 0,
                            "operator_timing": 0.0,
                            "children": [
                              {
                                "total_bytes_written": 0,
                                "total_bytes_read": 0,
                                "result_set_size": 0,
                                "operator_name": "UNION",
                                "cpu_time": 0.0,
                                "extra_info": {},
                                "cumulative_cardinality": 0,
                                "operator_type": "UNION",
                                "operator_cardinality": 0,
                                "cumulative_rows_scanned": 0,
                                "operator_rows_scanned": 0,
                                "operator_timing": 0.0,
                                "children": [
                                  {
                                    "total_bytes_written": 0,
                                    "total_bytes_read": 0,
                                    "result_set_size": 26040008,
                                    "operator_name": "PROJECTION",
                                    "cpu_time": 0.0,
                                    "extra_info": {
                                      "Projections": [
                                        "quantity",
                                        "list_price"
                                      ],
                                      "Estimated Cardinality": "1151976"
                                    },
                                    "cumulative_cardinality": 0,
                                    "operator_type": "PROJECTION",
                                    "operator_cardinality": 3255001,
                                    "cumulative_rows_scanned": 0,
                                    "operator_rows_scanned": 0,
                                    "operator_timing": 0.0033030599999999996,
                                    "children": [
                                      {
                                        "total_bytes_written": 0,
                                        "total_bytes_read": 0,
                                        "result_set_size": 39060012,
                                        "operator_name": "HASH_JOIN",
                                        "cpu_time": 0.0,
                                        "extra_info": {
                                          "Join Type": "INNER",
                                          "Conditions": "ss_sold_date_sk = d_date_sk",
                                          "Estimated Cardinality": "1151976"
                                        },
                                        "cumulative_cardinality": 0,
                                        "operator_type": "HASH_JOIN",
                                        "operator_cardinality": 3255001,
                                        "cumulative_rows_scanned": 0,
                                        "operator_rows_scanned": 0,
                                        "operator_timing": 0.030216835,
                                        "children": [
                                          {
                                            "total_bytes_written": 0,
                                            "total_bytes_read": 0,
                                            "result_set_size": 39060012,
                                            "operator_name": "SEQ_SCAN ",
                                            "cpu_time": 0.0,
                                            "extra_info": {
                                              "Table": "store_sales",
                                              "Type": "Sequential Scan",
                                              "Projections": [
                                                "ss_sold_date_sk",
                                                "ss_quantity",
                                                "ss_list_price"
                                              ],
                                              "Filters": "ss_wholesale_cost>=35.00 AND ss_wholesale_cost<=55.00",
                                              "Estimated Cardinality": "5760198"
                                            },
                                            "cumulative_cardinality": 0,
                                            "operator_type": "TABLE_SCAN",
                                            "operator_cardinality": 3255001,
                                            "cumulative_rows_scanned": 0,
                                            "operator_rows_scanned": 806427748,
                                            "operator_timing": 0.23292462800000005,
                                            "children": []
                                          },
                                          {
                                            "total_bytes_written": 0,
                                            "total_bytes_read": 0,
                                            "result_set_size": 4384,
                                            "operator_name": "FILTER",
                                            "cpu_time": 0.0,
                                            "extra_info": {
                                              "Expression": "(d_date_sk BETWEEN 2450816 AND 2452642)",
                                              "Estimated Cardinality": "14609"
                                            },
                                            "cumulative_cardinality": 0,
                                            "operator_type": "FILTER",
                                            "operator_cardinality": 1096,
                                            "cumulative_rows_scanned": 0,
                                            "operator_rows_scanned": 0,
                                            "operator_timing": 7.4750000000000004e-06,
                                            "children": [
                                              {
                                                "total_bytes_written": 0,
                                                "total_bytes_read": 0,
                                                "result_set_size": 4384,
                                                "operator_name": "SEQ_SCAN ",
                                                "cpu_time": 0.0,
                                                "extra_info": {
                                                  "Table": "date_dim",
                                                  "Type": "Sequential Scan",
                                                  "Projections": "d_date_sk",
                                                  "Filters": "d_year>=1999 AND d_year<=2001",
                                                  "Estimated Cardinality": "14609"
                                                },
                                                "cumulative_cardinality": 0,
                                                "operator_type": "TABLE_SCAN",
                                                "operator_cardinality": 1096,
                                                "cumulative_rows_scanned": 0,
                                                "operator_rows_scanned": 73049,
                                                "operator_timing": 2.7092000000000004e-05,
                                                "children": []
                                              }
                                            ]
                                          }
                                        ]
                                      }
                                    ]
                                  },
                                  {
                                    "total_bytes_written": 0,
                                    "total_bytes_read": 0,
                                    "result_set_size": 13796224,
                                    "operator_name": "PROJECTION",
                                    "cpu_time": 0.0,
                                    "extra_info": {
                                      "Projections": [
                                        "quantity",
                                        "list_price"
                                      ],
                                      "Estimated Cardinality": "576018"
                                    },
                                    "cumulative_cardinality": 0,
                                    "operator_type": "PROJECTION",
                                    "operator_cardinality": 1724528,
                                    "cumulative_rows_scanned": 0,
                                    "operator_rows_scanned": 0,
                                    "operator_timing": 0.0009313069999999997,
                                    "children": [
                                      {
                                        "total_bytes_written": 0,
                                        "total_bytes_read": 0,
                                        "result_set_size": 20694336,
                                        "operator_name": "HASH_JOIN",
                                        "cpu_time": 0.0,
                                        "extra_info": {
                                          "Join Type": "INNER",
                                          "Conditions": "cs_sold_date_sk = d_date_sk",
                                          "Estimated Cardinality": "576018"
                                        },
                                        "cumulative_cardinality": 0,
                                        "operator_type": "HASH_JOIN",
                                        "operator_cardinality": 1724528,
                                        "cumulative_rows_scanned": 0,
                                        "operator_rows_scanned": 0,
                                        "operator_timing": 0.010048848,
                                        "children": [
                                          {
                                            "total_bytes_written": 0,
                                            "total_bytes_read": 0,
                                            "result_set_size": 20694336,
                                            "operator_name": "SEQ_SCAN ",
                                            "cpu_time": 0.0,
                                            "extra_info": {
                                              "Table": "catalog_sales",
                                              "Type": "Sequential Scan",
                                              "Projections": [
                                                "cs_sold_date_sk",
                                                "cs_quantity",
                                                "cs_list_price"
                                              ],
                                              "Filters": "cs_wholesale_cost>=35.00 AND cs_wholesale_cost<=55.00",
                                              "Estimated Cardinality": "2880252"
                                            },
                                            "cumulative_cardinality": 0,
                                            "operator_type": "TABLE_SCAN",
                                            "operator_cardinality": 1724528,
                                            "cumulative_rows_scanned": 0,
                                            "operator_rows_scanned": 403235308,
                                            "operator_timing": 0.06242392400000001,
                                            "children": []
                                          },
                                          {
                                            "total_bytes_written": 0,
                                            "total_bytes_read": 0,
                                            "result_set_size": 4384,
                                            "operator_name": "FILTER",
                                            "cpu_time": 0.0,
                                            "extra_info": {
                                              "Expression": "(d_date_sk BETWEEN 2450815 AND 2452653)",
                                              "Estimated Cardinality": "14609"
                                            },
                                            "cumulative_cardinality": 0,
                                            "operator_type": "FILTER",
                                            "operator_cardinality": 1096,
                                            "cumulative_rows_scanned": 0,
                                            "operator_rows_scanned": 0,
                                            "operator_timing": 5.554e-06,
                                            "children": [
                                              {
                                                "total_bytes_written": 0,
                                                "total_bytes_read": 0,
                                                "result_set_size": 4384,
                                                "operator_name": "SEQ_SCAN ",
                                                "cpu_time": 0.0,
                                                "extra_info": {
                                                  "Table": "date_dim",
                                                  "Type": "Sequential Scan",
                                                  "Projections": "d_date_sk",
                                                  "Filters": "d_year>=1999 AND d_year<=2001",
                                                  "Estimated Cardinality": "14609"
                                                },
                                                "cumulative_cardinality": 0,
                                                "operator_type": "TABLE_SCAN",
                                                "operator_cardinality": 1096,
                                                "cumulative_rows_scanned": 0,
                                                "operator_rows_scanned": 73049,
                                                "operator_timing": 2.3932e-05,
                                                "children": []
                                              }
                                            ]
                                          }
                                        ]
                                      }
                                    ]
                                  }
                                ]
                              },
                              {
                                "total_bytes_written": 0,
                                "total_bytes_read": 0,
                                "result_set_size": 6980688,
                                "operator_name": "PROJECTION",
                                "cpu_time": 0.0,
                                "extra_info": {
                                  "Projections": [
                                    "quantity",
                                    "list_price"
                                  ],
                                  "Estimated Cardinality": "287886"
                                },
                                "cumulative_cardinality": 0,
                                "operator_type": "PROJECTION",
                                "operator_cardinality": 872586,
                                "cumulative_rows_scanned": 0,
                                "operator_rows_scanned": 0,
                                "operator_timing": 0.000970723,
                                "children": [
                                  {
                                    "total_bytes_written": 0,
                                    "total_bytes_read": 0,
                                    "result_set_size": 10471032,
                                    "operator_name": "HASH_JOIN",
                                    "cpu_time": 0.0,
                                    "extra_info": {
                                      "Join Type": "INNER",
                                      "Conditions": "ws_sold_date_sk = d_date_sk",
                                      "Estimated Cardinality": "287886"
                                    },
                                    "cumulative_cardinality": 0,
                                    "operator_type": "HASH_JOIN",
                                    "operator_cardinality": 872586,
                                    "cumulative_rows_scanned": 0,
                                    "operator_rows_scanned": 0,
                                    "operator_timing": 0.008849141,
                                    "children": [
                                      {
                                        "total_bytes_written": 0,
                                        "total_bytes_read": 0,
                                        "result_set_size": 10471032,
                                        "operator_name": "SEQ_SCAN ",
                                        "cpu_time": 0.0,
                                        "extra_info": {
                                          "Table": "web_sales",
                                          "Type": "Sequential Scan",
                                          "Projections": [
                                            "ws_sold_date_sk",
                                            "ws_quantity",
                                            "ws_list_price"
                                          ],
                                          "Filters": "ws_wholesale_cost>=35.00 AND ws_wholesale_cost<=55.00",
                                          "Estimated Cardinality": "1439513"
                                        },
                                        "cumulative_cardinality": 0,
                                        "operator_type": "TABLE_SCAN",
                                        "operator_cardinality": 872586,
                                        "cumulative_rows_scanned": 0,
                                        "operator_rows_scanned": 201531848,
                                        "operator_timing": 0.05825593500000001,
                                        "children": []
                                      },
                                      {
                                        "total_bytes_written": 0,
                                        "total_bytes_read": 0,
                                        "result_set_size": 4384,
                                        "operator_name": "FILTER",
                                        "cpu_time": 0.0,
                                        "extra_info": {
                                          "Expression": "(d_date_sk BETWEEN 2450816 AND 2452642)",
                                          "Estimated Cardinality": "14609"
                                        },
                                        "cumulative_cardinality": 0,
                                        "operator_type": "FILTER",
                                        "operator_cardinality": 1096,
                                        "cumulative_rows_scanned": 0,
                                        "operator_rows_scanned": 0,
                                        "operator_timing": 6.525600000000001e-05,
                                        "children": [
                                          {
                                            "total_bytes_written": 0,
                                            "total_bytes_read": 0,
                                            "result_set_size": 4384,
                                            "operator_name": "SEQ_SCAN ",
                                            "cpu_time": 0.0,
                                            "extra_info": {
                                              "Table": "date_dim",
                                              "Type": "Sequential Scan",
                                              "Projections": "d_date_sk",
                                              "Filters": "d_year>=1999 AND d_year<=2001",
                                              "Estimated Cardinality": "14609"
                                            },
                                            "cumulative_cardinality": 0,
                                            "operator_type": "TABLE_SCAN",
                                            "operator_cardinality": 1096,
                                            "cumulative_rows_scanned": 0,
                                            "operator_rows_scanned": 73049,
                                            "operator_timing": 0.000210412,
                                            "children": []
                                          }
                                        ]
                                      }
                                    ]
                                  }
                                ]
                              }
                            ]
                          }
                        ]
                      }
                    ]
                  },
                  {
                    "total_bytes_written": 0,
                    "total_bytes_read": 0,
                    "result_set_size": 3328,
                    "operator_name": "TOP_N",
                    "cpu_time": 0.0,
                    "extra_info": {
                      "Top": "100",
                      "Order By": [
                        "this_year.channel ASC",
                        "this_year.i_brand_id ASC",
                        "this_year.i_class_id ASC",
                        "this_year.i_category_id ASC"
                      ]
                    },
                    "cumulative_cardinality": 0,
                    "operator_type": "TOP_N",
                    "operator_cardinality": 32,
                    "cumulative_rows_scanned": 0,
                    "operator_rows_scanned": 0,
                    "operator_timing": 0.000259959,
                    "children": [
                      {
                        "total_bytes_written": 0,
                        "total_bytes_read": 0,
                        "result_set_size": 3328,
                        "operator_name": "PROJECTION",
                        "cpu_time": 0.0,
                        "extra_info": {
                          "Projections": [
                            "ty_channel",
                            "ty_brand",
                            "ty_class",
                            "ty_category",
                            "ty_sales",
                            "ty_number_sales",
                            "ly_channel",
                            "ly_brand",
                            "ly_class",
                            "ly_category",
                            "ly_sales",
                            "ly_number_sales"
                          ],
                          "Estimated Cardinality": "0"
                        },
                        "cumulative_cardinality": 0,
                        "operator_type": "PROJECTION",
                        "operator_cardinality": 32,
                        "cumulative_rows_scanned": 0,
                        "operator_rows_scanned": 0,
                        "operator_timing": 1.1849e-05,
                        "children": [
                          {
                            "total_bytes_written": 0,
                            "total_bytes_read": 0,
                            "result_set_size": 2944,
                            "operator_name": "HASH_JOIN",
                            "cpu_time": 0.0,
                            "extra_info": {
                              "Join Type": "INNER",
                              "Conditions": [
                                "i_brand_id = i_brand_id",
                                "i_class_id = i_class_id",
                                "i_category_id = i_category_id"
                              ],
                              "Estimated Cardinality": "0"
                            },
                            "cumulative_cardinality": 0,
                            "operator_type": "HASH_JOIN",
                            "operator_cardinality": 32,
                            "cumulative_rows_scanned": 0,
                            "operator_rows_scanned": 0,
                            "operator_timing": 0.0008373779999999997,
                            "children": [
                              {
                                "total_bytes_written": 0,
                                "total_bytes_read": 0,
                                "result_set_size": 4212,
                                "operator_name": "PROJECTION",
                                "cpu_time": 0.0,
                                "extra_info": {
                                  "Projections": [
                                    "channel",
                                    "i_brand_id",
                                    "i_class_id",
                                    "i_category_id",
                                    "sales",
                                    "number_sales"
                                  ],
                                  "Estimated Cardinality": "0"
                                },
                                "cumulative_cardinality": 0,
                                "operator_type": "PROJECTION",
                                "operator_cardinality": 81,
                                "cumulative_rows_scanned": 0,
                                "operator_rows_scanned": 0,
                                "operator_timing": 2.8539999999999998e-05,
                                "children": [
                                  {
                                    "total_bytes_written": 0,
                                    "total_bytes_read": 0,
                                    "result_set_size": 3564,
                                    "operator_name": "NESTED_LOOP_JOIN",
                                    "cpu_time": 0.0,
                                    "extra_info": {
                                      "Join Type": "INNER",
                                      "Conditions": "CAST(sum((CAST(ss_quantity AS DECIMAL(17,0)) * CAST(ss_list_price AS DECIMAL(17,2)))) AS DOUBLE) > SUBQUERY",
                                      "Estimated Cardinality": "0"
                                    },
                                    "cumulative_cardinality": 0,
                                    "operator_type": "NESTED_LOOP_JOIN",
                                    "operator_cardinality": 81,
                                    "cumulative_rows_scanned": 0,
                                    "operator_rows_scanned": 0,
                                    "operator_timing": 0.00033013899999999996,
                                    "children": [
                                      {
                                        "total_bytes_written": 0,
                                        "total_bytes_read": 0,
                                        "result_set_size": 5076,
                                        "operator_name": "PROJECTION",
                                        "cpu_time": 0.0,
                                        "extra_info": {
                                          "Projections": [
                                            "#0",
                                            "__internal_decompress_integral_integer(#1, 1)",
                                            "__internal_decompress_integral_integer(#2, 1)",
                                            "#3",
                                            "#4"
                                          ],
                                          "Estimated Cardinality": "14"
                                        },
                                        "cumulative_cardinality": 0,
                                        "operator_type": "PROJECTION",
                                        "operator_cardinality": 141,
                                        "cumulative_rows_scanned": 0,
                                        "operator_rows_scanned": 0,
                                        "operator_timing": 4.1795e-05,
                                        "children": [
                                          {
                                            "total_bytes_written": 0,
                                            "total_bytes_read": 0,
                                            "result_set_size": 4230,
                                            "operator_name": "HASH_GROUP_BY",
                                            "cpu_time": 0.0,
                                            "extra_info": {
                                              "Groups": [
                                                "#0",
                                                "#1",
                                                "#2"
                                              ],
                                              "Aggregates": [
                                                "sum(#3)",
                                                "count_star()"
                                              ],
                                              "Estimated Cardinality": "14"
                                            },
                                            "cumulative_cardinality": 0,
                                            "operator_type": "HASH_GROUP_BY",
                                            "operator_cardinality": 141,
                                            "cumulative_rows_scanned": 0,
                                            "operator_rows_scanned": 0,
                                            "operator_timing": 0.005821746999999999,
                                            "children": [
                                              {
                                                "total_bytes_written": 0,
                                                "total_bytes_read": 0,
                                                "result_set_size": 4228,
                                                "operator_name": "PROJECTION",
                                                "cpu_time": 0.0,
                                                "extra_info": {
                                                  "Projections": [
                                                    "i_brand_id",
                                                    "i_class_id",
                                                    "i_category_id",
                                                    "(CAST(ss_quantity AS DECIMAL(17,0)) * CAST(ss_list_price AS DECIMAL(17,2)))"
                                                  ],
                                                  "Estimated Cardinality": "14"
                                                },
                                                "cumulative_cardinality": 0,
                                                "operator_type": "PROJECTION",
                                                "operator_cardinality": 302,
                                                "cumulative_rows_scanned": 0,
                                                "operator_rows_scanned": 0,
                                                "operator_timing": 1.0829e-05,
                                                "children": [
                                                  {
                                                    "total_bytes_written": 0,
                                                    "total_bytes_read": 0,
                                                    "result_set_size": 14496,
                                                    "operator_name": "PROJECTION",
                                                    "cpu_time": 0.0,
                                                    "extra_info": {
                                                      "Projections": [
                                                        "#0",
                                                        "__internal_compress_string_uhugeint(#1)",
                                                        "#2",
                                                        "__internal_compress_integral_utinyint(#3, 1)",
                                                        "__internal_compress_integral_utinyint(#4, 1)",
                                                        "#5",
                                                        "__internal_compress_integral_usmallint(#6, 2450816)",
                                                        "#7",
                                                        "#8",
                                                        "__internal_compress_integral_usmallint(#9, 2450816)",
                                                        "__internal_compress_integral_usmallint(#10, 1)",
                                                        "#11"
                                                      ],
                                                      "Estimated Cardinality": "14"
                                                    },
                                                    "cumulative_cardinality": 0,
                                                    "operator_type": "PROJECTION",
                                                    "operator_cardinality": 302,
                                                    "cumulative_rows_scanned": 0,
                                                    "operator_rows_scanned": 0,
                                                    "operator_timing": 1.785e-05,
                                                    "children": [
                                                      {
                                                        "total_bytes_written": 0,
                                                        "total_bytes_read": 0,
                                                        "result_set_size": 18120,
                                                        "operator_name": "HASH_JOIN",
                                                        "cpu_time": 0.0,
                                                        "extra_info": {
                                                          "Join Type": "RIGHT_SEMI",
                                                          "Conditions": "#0 = ss_item_sk",
                                                          "Estimated Cardinality": "14"
                                                        },
                                                        "cumulative_cardinality": 0,
                                                        "operator_type": "HASH_JOIN",
                                                        "operator_cardinality": 302,
                                                        "cumulative_rows_scanned": 0,
                                                        "operator_rows_scanned": 0,
                                                        "operator_timing": 0.00018900900000000002,
                                                        "children": [
                                                          {
                                                            "total_bytes_written": 0,
                                                            "total_bytes_read": 0,
                                                            "result_set_size": 2904,
                                                            "operator_name": "CTE_SCAN",
                                                            "cpu_time": 0.0,
                                                            "extra_info": {
                                                              "CTE Index": "0",
                                                              "Estimated Cardinality": "466"
                                                            },
                                                            "cumulative_cardinality": 0,
                                                            "operator_type": "CTE_SCAN",
                                                            "operator_cardinality": 726,
                                                            "cumulative_rows_scanned": 0,
                                                            "operator_rows_scanned": 0,
                                                            "operator_timing": 1.2969e-05,
                                                            "children": []
                                                          },
                                                          {
                                                            "total_bytes_written": 0,
                                                            "total_bytes_read": 0,
                                                            "result_set_size": 18120,
                                                            "operator_name": "HASH_JOIN",
                                                            "cpu_time": 0.0,
                                                            "extra_info": {
                                                              "Join Type": "INNER",
                                                              "Conditions": "i_item_sk = ss_item_sk",
                                                              "Estimated Cardinality": "70"
                                                            },
                                                            "cumulative_cardinality": 0,
                                                            "operator_type": "HASH_JOIN",
                                                            "operator_cardinality": 302,
                                                            "cumulative_rows_scanned": 0,
                                                            "operator_rows_scanned": 0,
                                                            "operator_timing": 0.015284969,
                                                            "children": [
                                                              {
                                                                "total_bytes_written": 0,
                                                                "total_bytes_read": 0,
                                                                "result_set_size": 26880,
                                                                "operator_name": "FILTER",
                                                                "cpu_time": 0.0,
                                                                "extra_info": {
                                                                  "Expression": "((i_category = 'Electronics') OR (i_category = 'Jewelry') OR (i_category = 'Men'))",
                                                                  "Estimated Cardinality": "4080"
                                                                },
                                                                "cumulative_cardinality": 0,
                                                                "operator_type": "FILTER",
                                                                "operator_cardinality": 840,
                                                                "cumulative_rows_scanned": 0,
                                                                "operator_rows_scanned": 0,
                                                                "operator_timing": 0.000133441,
                                                                "children": [
                                                                  {
                                                                    "total_bytes_written": 0,
                                                                    "total_bytes_read": 0,
                                                                    "result_set_size": 94112,
                                                                    "operator_name": "SEQ_SCAN ",
                                                                    "cpu_time": 0.0,
                                                                    "extra_info": {
                                                                      "Table": "item",
                                                                      "Type": "Sequential Scan",
                                                                      "Projections": [
                                                                        "i_item_sk",
                                                                        "i_category",
                                                                        "i_brand_id",
                                                                        "i_class_id",
                                                                        "i_category_id"
                                                                      ],
                                                                      "Filters": [
                                                                        "optional: i_category IN ('Electronics', 'Jewelry', 'Men')",
                                                                        "i_manager_id>=91 AND i_manager_id<=100"
                                                                      ],
                                                                      "Estimated Cardinality": "20400"
                                                                    },
                                                                    "cumulative_cardinality": 0,
                                                                    "operator_type": "TABLE_SCAN",
                                                                    "operator_cardinality": 2941,
                                                                    "cumulative_rows_scanned": 0,
                                                                    "operator_rows_scanned": 102000,
                                                                    "operator_timing": 0.000678341,
                                                                    "children": []
                                                                  }
                                                                ]
                                                              },
                                                              {
                                                                "total_bytes_written": 0,
                                                                "total_bytes_read": 0,
                                                                "result_set_size": 1163596,
                                                                "operator_name": "HASH_JOIN",
                                                                "cpu_time": 0.0,
                                                                "extra_info": {
                                                                  "Join Type": "INNER",
                                                                  "Conditions": "ss_sold_date_sk = d_date_sk",
                                                                  "Estimated Cardinality": "1659"
                                                                },
                                                                "cumulative_cardinality": 0,
                                                                "operator_type": "HASH_JOIN",
                                                                "operator_cardinality": 41557,
                                                                "cumulative_rows_scanned": 0,
                                                                "operator_rows_scanned": 0,
                                                                "operator_timing": 0.04109528100000001,
                                                                "children": [
                                                                  {
                                                                    "total_bytes_written": 0,
                                                                    "total_bytes_read": 0,
                                                                    "result_set_size": 664912,
                                                                    "operator_name": "SEQ_SCAN ",
                                                                    "cpu_time": 0.0,
                                                                    "extra_info": {
                                                                      "Table": "store_sales",
                                                                      "Type": "Sequential Scan",
                                                                      "Projections": [
                                                                        "ss_item_sk",
                                                                        "ss_sold_date_sk",
                                                                        "ss_quantity",
                                                                        "ss_list_price"
                                                                      ],
                                                                      "Filters": "ss_wholesale_cost>=35.00 AND ss_wholesale_cost<=55.00",
                                                                      "Estimated Cardinality": "5760198"
                                                                    },
                                                                    "cumulative_cardinality": 0,
                                                                    "operator_type": "TABLE_SCAN",
                                                                    "operator_cardinality": 41557,
                                                                    "cumulative_rows_scanned": 0,
                                                                    "operator_rows_scanned": 806427748,
                                                                    "operator_timing": 0.21091737600000007,
                                                                    "children": []
                                                                  },
                                                                  {
                                                                    "total_bytes_written": 0,
                                                                    "total_bytes_read": 0,
                                                                    "result_set_size": 84,
                                                                    "operator_name": "HASH_JOIN",
                                                                    "cpu_time": 0.0,
                                                                    "extra_info": {
                                                                      "Join Type": "INNER",
                                                                      "Conditions": "d_week_seq = SUBQUERY",
                                                                      "Estimated Cardinality": "21"
                                                                    },
                                                                    "cumulative_cardinality": 0,
                                                                    "operator_type": "HASH_JOIN",
                                                                    "operator_cardinality": 7,
                                                                    "cumulative_rows_scanned": 0,
                                                                    "operator_rows_scanned": 0,
                                                                    "operator_timing": 0.00014425600000000002,
                                                                    "children": [
                                                                      {
                                                                        "total_bytes_written": 0,
                                                                        "total_bytes_read": 0,
                                                                        "result_set_size": 56,
                                                                        "operator_name": "SEQ_SCAN ",
                                                                        "cpu_time": 0.0,
                                                                        "extra_info": {
                                                                          "Table": "date_dim",
                                                                          "Type": "Sequential Scan",
                                                                          "Projections": [
                                                                            "d_date_sk",
                                                                            "d_week_seq"
                                                                          ],
                                                                          "Filters": "d_date_sk>=2450816 AND d_date_sk<=2452642",
                                                                          "Estimated Cardinality": "73049"
                                                                        },
                                                                        "cumulative_cardinality": 0,
                                                                        "operator_type": "TABLE_SCAN",
                                                                        "operator_cardinality": 7,
                                                                        "cumulative_rows_scanned": 0,
                                                                        "operator_rows_scanned": 73049,
                                                                        "operator_timing": 0.00019957599999999997,
                                                                        "children": []
                                                                      },
                                                                      {
                                                                        "total_bytes_written": 0,
                                                                        "total_bytes_read": 0,
                                                                        "result_set_size": 4,
                                                                        "operator_name": "PROJECTION",
                                                                        "cpu_time": 0.0,
                                                                        "extra_info": {
                                                                          "Projections": [
                                                                            "CASE  WHEN ((#1 > 1)) THEN (\"error\"('More than one row returned by a subquery used as an expression - scalar subqueries can only return a single row.",
                                                                            "Use \"SET scalar_subquery_error_on_multiple_rows=false\" to revert to previous behavior of returning a random row.')) ELSE #0 END"
                                                                          ],
                                                                          "Estimated Cardinality": "1"
                                                                        },
                                                                        "cumulative_cardinality": 0,
                                                                        "operator_type": "PROJECTION",
                                                                        "operator_cardinality": 1,
                                                                        "cumulative_rows_scanned": 0,
                                                                        "operator_rows_scanned": 0,
                                                                        "operator_timing": 4.639e-06,
                                                                        "children": [
                                                                          {
                                                                            "total_bytes_written": 0,
                                                                            "total_bytes_read": 0,
                                                                            "result_set_size": 12,
                                                                            "operator_name": "UNGROUPED_AGGREGATE",
                                                                            "cpu_time": 0.0,
                                                                            "extra_info": {
                                                                              "Aggregates": [
                                                                                "\"first\"(#0)",
                                                                                "count_star()"
                                                                              ]
                                                                            },
                                                                            "cumulative_cardinality": 0,
                                                                            "operator_type": "UNGROUPED_AGGREGATE",
                                                                            "operator_cardinality": 1,
                                                                            "cumulative_rows_scanned": 0,
                                                                            "operator_rows_scanned": 0,
                                                                            "operator_timing": 4.867e-06,
                                                                            "children": [
                                                                              {
                                                                                "total_bytes_written": 0,
                                                                                "total_bytes_read": 0,
                                                                                "result_set_size": 4,
                                                                                "operator_name": "PROJECTION",
                                                                                "cpu_time": 0.0,
                                                                                "extra_info": {
                                                                                  "Projections": "#0",
                                                                                  "Estimated Cardinality": "585"
                                                                                },
                                                                                "cumulative_cardinality": 0,
                                                                                "operator_type": "PROJECTION",
                                                                                "operator_cardinality": 1,
                                                                                "cumulative_rows_scanned": 0,
                                                                                "operator_rows_scanned": 0,
                                                                                "operator_timing": 9.4e-07,
                                                                                "children": [
                                                                                  {
                                                                                    "total_bytes_written": 0,
                                                                                    "total_bytes_read": 0,
                                                                                    "result_set_size": 4,
                                                                                    "operator_name": "SEQ_SCAN ",
                                                                                    "cpu_time": 0.0,
                                                                                    "extra_info": {
                                                                                      "Table": "date_dim",
                                                                                      "Type": "Sequential Scan",
                                                                                      "Projections": "d_week_seq",
                                                                                      "Filters": [
                                                                                        "d_year=2000",
                                                                                        "d_moy=12",
                                                                                        "d_dom=20"
                                                                                      ],
                                                                                      "Estimated Cardinality": "585"
                                                                                    },
                                                                                    "cumulative_cardinality": 0,
                                                                                    "operator_type": "TABLE_SCAN",
                                                                                    "operator_cardinality": 1,
                                                                                    "cumulative_rows_scanned": 0,
                                                                                    "operator_rows_scanned": 73049,
                                                                                    "operator_timing": 6.1924e-05,
                                                                                    "children": []
                                                                                  }
                                                                                ]
                                                                              }
                                                                            ]
                                                                          }
                                                                        ]
                                                                      }
                                                                    ]
                                                                  }
                                                                ]
                                                              }
                                                            ]
                                                          }
                                                        ]
                                                      }
                                                    ]
                                                  }
                                                ]
                                              }
                                            ]
                                          }
                                        ]
                                      },
                                      {
                                        "total_bytes_written": 0,
                                        "total_bytes_read": 0,
                                        "result_set_size": 8,
                                        "operator_name": "PROJECTION",
                                        "cpu_time": 0.0,
                                        "extra_info": {
                                          "Projections": [
                                            "CASE  WHEN ((#1 > 1)) THEN (\"error\"('More than one row returned by a subquery used as an expression - scalar subqueries can only return a single row.",
                                            "Use \"SET scalar_subquery_error_on_multiple_rows=false\" to revert to previous behavior of returning a random row.')) ELSE #0 END"
                                          ],
                                          "Estimated Cardinality": "1"
                                        },
                                        "cumulative_cardinality": 0,
                                        "operator_type": "PROJECTION",
                                        "operator_cardinality": 1,
                                        "cumulative_rows_scanned": 0,
                                        "operator_rows_scanned": 0,
                                        "operator_timing": 2.015e-06,
                                        "children": [
                                          {
                                            "total_bytes_written": 0,
                                            "total_bytes_read": 0,
                                            "result_set_size": 16,
                                            "operator_name": "UNGROUPED_AGGREGATE",
                                            "cpu_time": 0.0,
                                            "extra_info": {
                                              "Aggregates": [
                                                "\"first\"(#0)",
                                                "count_star()"
                                              ]
                                            },
                                            "cumulative_cardinality": 0,
                                            "operator_type": "UNGROUPED_AGGREGATE",
                                            "operator_cardinality": 1,
                                            "cumulative_rows_scanned": 0,
                                            "operator_rows_scanned": 0,
                                            "operator_timing": 4.439e-06,
                                            "children": [
                                              {
                                                "total_bytes_written": 0,
                                                "total_bytes_read": 0,
                                                "result_set_size": 8,
                                                "operator_name": "PROJECTION",
                                                "cpu_time": 0.0,
                                                "extra_info": {
                                                  "Projections": "#0",
                                                  "Estimated Cardinality": "1"
                                                },
                                                "cumulative_cardinality": 0,
                                                "operator_type": "PROJECTION",
                                                "operator_cardinality": 1,
                                                "cumulative_rows_scanned": 0,
                                                "operator_rows_scanned": 0,
                                                "operator_timing": 8.8e-07,
                                                "children": [
                                                  {
                                                    "total_bytes_written": 0,
                                                    "total_bytes_read": 0,
                                                    "result_set_size": 8,
                                                    "operator_name": "CTE_SCAN",
                                                    "cpu_time": 0.0,
                                                    "extra_info": {
                                                      "CTE Index": "37",
                                                      "Estimated Cardinality": "1"
                                                    },
                                                    "cumulative_cardinality": 0,
                                                    "operator_type": "CTE_SCAN",
                                                    "operator_cardinality": 1,
                                                    "cumulative_rows_scanned": 0,
                                                    "operator_rows_scanned": 0,
                                                    "operator_timing": 4.729e-06,
                                                    "children": []
                                                  }
                                                ]
                                              }
                                            ]
                                          }
                                        ]
                                      }
                                    ]
                                  }
                                ]
                              },
                              {
                                "total_bytes_written": 0,
                                "total_bytes_read": 0,
                                "result_set_size": 4212,
                                "operator_name": "PROJECTION",
                                "cpu_time": 0.0,
                                "extra_info": {
                                  "Projections": [
                                    "channel",
                                    "i_brand_id",
                                    "i_class_id",
                                    "i_category_id",
                                    "sales",
                                    "number_sales"
                                  ],
                                  "Estimated Cardinality": "0"
                                },
                                "cumulative_cardinality": 0,
                                "operator_type": "PROJECTION",
                                "operator_cardinality": 81,
                                "cumulative_rows_scanned": 0,
                                "operator_rows_scanned": 0,
                                "operator_timing": 1.0333e-05,
                                "children": [
                                  {
                                    "total_bytes_written": 0,
                                    "total_bytes_read": 0,
                                    "result_set_size": 3564,
                                    "operator_name": "NESTED_LOOP_JOIN",
                                    "cpu_time": 0.0,
                                    "extra_info": {
                                      "Join Type": "INNER",
                                      "Conditions": "CAST(sum((CAST(ss_quantity AS DECIMAL(17,0)) * CAST(ss_list_price AS DECIMAL(17,2)))) AS DOUBLE) > SUBQUERY",
                                      "Estimated Cardinality": "0"
                                    },
                                    "cumulative_cardinality": 0,
                                    "operator_type": "NESTED_LOOP_JOIN",
                                    "operator_cardinality": 81,
                                    "cumulative_rows_scanned": 0,
                                    "operator_rows_scanned": 0,
                                    "operator_timing": 0.00020445900000000002,
                                    "children": [
                                      {
                                        "total_bytes_written": 0,
                                        "total_bytes_read": 0,
                                        "result_set_size": 4536,
                                        "operator_name": "PROJECTION",
                                        "cpu_time": 0.0,
                                        "extra_info": {
                                          "Projections": [
                                            "#0",
                                            "__internal_decompress_integral_integer(#1, 1)",
                                            "__internal_decompress_integral_integer(#2, 1)",
                                            "#3",
                                            "#4"
                                          ],
                                          "Estimated Cardinality": "14"
                                        },
                                        "cumulative_cardinality": 0,
                                        "operator_type": "PROJECTION",
                                        "operator_cardinality": 126,
                                        "cumulative_rows_scanned": 0,
                                        "operator_rows_scanned": 0,
                                        "operator_timing": 2.3450999999999996e-05,
                                        "children": [
                                          {
                                            "total_bytes_written": 0,
                                            "total_bytes_read": 0,
                                            "result_set_size": 3780,
                                            "operator_name": "HASH_GROUP_BY",
                                            "cpu_time": 0.0,
                                            "extra_info": {
                                              "Groups": [
                                                "#0",
                                                "#1",
                                                "#2"
                                              ],
                                              "Aggregates": [
                                                "sum(#3)",
                                                "count_star()"
                                              ],
                                              "Estimated Cardinality": "14"
                                            },
                                            "cumulative_cardinality": 0,
                                            "operator_type": "HASH_GROUP_BY",
                                            "operator_cardinality": 126,
                                            "cumulative_rows_scanned": 0,
                                            "operator_rows_scanned": 0,
                                            "operator_timing": 0.0008225319999999998,
                                            "children": [
                                              {
                                                "total_bytes_written": 0,
                                                "total_bytes_read": 0,
                                                "result_set_size": 4424,
                                                "operator_name": "PROJECTION",
                                                "cpu_time": 0.0,
                                                "extra_info": {
                                                  "Projections": [
                                                    "i_brand_id",
                                                    "i_class_id",
                                                    "i_category_id",
                                                    "(CAST(ss_quantity AS DECIMAL(17,0)) * CAST(ss_list_price AS DECIMAL(17,2)))"
                                                  ],
                                                  "Estimated Cardinality": "14"
                                                },
                                                "cumulative_cardinality": 0,
                                                "operator_type": "PROJECTION",
                                                "operator_cardinality": 316,
                                                "cumulative_rows_scanned": 0,
                                                "operator_rows_scanned": 0,
                                                "operator_timing": 1.089e-05,
                                                "children": [
                                                  {
                                                    "total_bytes_written": 0,
                                                    "total_bytes_read": 0,
                                                    "result_set_size": 15168,
                                                    "operator_name": "PROJECTION",
                                                    "cpu_time": 0.0,
                                                    "extra_info": {
                                                      "Projections": [
                                                        "#0",
                                                        "__internal_compress_string_uhugeint(#1)",
                                                        "#2",
                                                        "__internal_compress_integral_utinyint(#3, 1)",
                                                        "__internal_compress_integral_utinyint(#4, 1)",
                                                        "#5",
                                                        "__internal_compress_integral_usmallint(#6, 2450816)",
                                                        "#7",
                                                        "#8",
                                                        "__internal_compress_integral_usmallint(#9, 2450816)",
                                                        "__internal_compress_integral_usmallint(#10, 1)",
                                                        "#11"
                                                      ],
                                                      "Estimated Cardinality": "14"
                                                    },
                                                    "cumulative_cardinality": 0,
                                                    "operator_type": "PROJECTION",
                                                    "operator_cardinality": 316,
                                                    "cumulative_rows_scanned": 0,
                                                    "operator_rows_scanned": 0,
                                                    "operator_timing": 2.0733000000000003e-05,
                                                    "children": [
                                                      {
                                                        "total_bytes_written": 0,
                                                        "total_bytes_read": 0,
                                                        "result_set_size": 18960,
                                                        "operator_name": "HASH_JOIN",
                                                        "cpu_time": 0.0,
                                                        "extra_info": {
                                                          "Join Type": "RIGHT_SEMI",
                                                          "Conditions": "#0 = ss_item_sk",
                                                          "Estimated Cardinality": "14"
                                                        },
                                                        "cumulative_cardinality": 0,
                                                        "operator_type": "HASH_JOIN",
                                                        "operator_cardinality": 316,
                                                        "cumulative_rows_scanned": 0,
                                                        "operator_rows_scanned": 0,
                                                        "operator_timing": 0.004006612,
                                                        "children": [
                                                          {
                                                            "total_bytes_written": 0,
                                                            "total_bytes_read": 0,
                                                            "result_set_size": 2904,
                                                            "operator_name": "CTE_SCAN",
                                                            "cpu_time": 0.0,
                                                            "extra_info": {
                                                              "CTE Index": "0",
                                                              "Estimated Cardinality": "466"
                                                            },
                                                            "cumulative_cardinality": 0,
                                                            "operator_type": "CTE_SCAN",
                                                            "operator_cardinality": 726,
                                                            "cumulative_rows_scanned": 0,
                                                            "operator_rows_scanned": 0,
                                                            "operator_timing": 8.886e-06,
                                                            "children": []
                                                          },
                                                          {
                                                            "total_bytes_written": 0,
                                                            "total_bytes_read": 0,
                                                            "result_set_size": 18960,
                                                            "operator_name": "HASH_JOIN",
                                                            "cpu_time": 0.0,
                                                            "extra_info": {
                                                              "Join Type": "INNER",
                                                              "Conditions": "i_item_sk = ss_item_sk",
                                                              "Estimated Cardinality": "70"
                                                            },
                                                            "cumulative_cardinality": 0,
                                                            "operator_type": "HASH_JOIN",
                                                            "operator_cardinality": 316,
                                                            "cumulative_rows_scanned": 0,
                                                            "operator_rows_scanned": 0,
                                                            "operator_timing": 0.009918869,
                                                            "children": [
                                                              {
                                                                "total_bytes_written": 0,
                                                                "total_bytes_read": 0,
                                                                "result_set_size": 26880,
                                                                "operator_name": "FILTER",
                                                                "cpu_time": 0.0,
                                                                "extra_info": {
                                                                  "Expression": "((i_category = 'Electronics') OR (i_category = 'Jewelry') OR (i_category = 'Men'))",
                                                                  "Estimated Cardinality": "4080"
                                                                },
                                                                "cumulative_cardinality": 0,
                                                                "operator_type": "FILTER",
                                                                "operator_cardinality": 840,
                                                                "cumulative_rows_scanned": 0,
                                                                "operator_rows_scanned": 0,
                                                                "operator_timing": 0.00017012699999999995,
                                                                "children": [
                                                                  {
                                                                    "total_bytes_written": 0,
                                                                    "total_bytes_read": 0,
                                                                    "result_set_size": 94080,
                                                                    "operator_name": "SEQ_SCAN ",
                                                                    "cpu_time": 0.0,
                                                                    "extra_info": {
                                                                      "Table": "item",
                                                                      "Type": "Sequential Scan",
                                                                      "Projections": [
                                                                        "i_item_sk",
                                                                        "i_category",
                                                                        "i_brand_id",
                                                                        "i_class_id",
                                                                        "i_category_id"
                                                                      ],
                                                                      "Filters": [
                                                                        "optional: i_category IN ('Electronics', 'Jewelry', 'Men')",
                                                                        "i_manager_id>=91 AND i_manager_id<=100"
                                                                      ],
                                                                      "Estimated Cardinality": "20400"
                                                                    },
                                                                    "cumulative_cardinality": 0,
                                                                    "operator_type": "TABLE_SCAN",
                                                                    "operator_cardinality": 2940,
                                                                    "cumulative_rows_scanned": 0,
                                                                    "operator_rows_scanned": 102000,
                                                                    "operator_timing": 0.0009160739999999999,
                                                                    "children": []
                                                                  }
                                                                ]
                                                              },
                                                              {
                                                                "total_bytes_written": 0,
                                                                "total_bytes_read": 0,
                                                                "result_set_size": 1159004,
                                                                "operator_name": "HASH_JOIN",
                                                                "cpu_time": 0.0,
                                                                "extra_info": {
                                                                  "Join Type": "INNER",
                                                                  "Conditions": "ss_sold_date_sk = d_date_sk",
                                                                  "Estimated Cardinality": "1659"
                                                                },
                                                                "cumulative_cardinality": 0,
                                                                "operator_type": "HASH_JOIN",
                                                                "operator_cardinality": 41393,
                                                                "cumulative_rows_scanned": 0,
                                                                "operator_rows_scanned": 0,
                                                                "operator_timing": 0.03763395199999999,
                                                                "children": [
                                                                  {
                                                                    "total_bytes_written": 0,
                                                                    "total_bytes_read": 0,
                                                                    "result_set_size": 662288,
                                                                    "operator_name": "SEQ_SCAN ",
                                                                    "cpu_time": 0.0,
                                                                    "extra_info": {
                                                                      "Table": "store_sales",
                                                                      "Type": "Sequential Scan",
                                                                      "Projections": [
                                                                        "ss_item_sk",
                                                                        "ss_sold_date_sk",
                                                                        "ss_quantity",
                                                                        "ss_list_price"
                                                                      ],
                                                                      "Filters": "ss_wholesale_cost>=35.00 AND ss_wholesale_cost<=55.00",
                                                                      "Estimated Cardinality": "5760198"
                                                                    },
                                                                    "cumulative_cardinality": 0,
                                                                    "operator_type": "TABLE_SCAN",
                                                                    "operator_cardinality": 41393,
                                                                    "cumulative_rows_scanned": 0,
                                                                    "operator_rows_scanned": 806427748,
                                                                    "operator_timing": 0.213022444,
                                                                    "children": []
                                                                  },
                                                                  {
                                                                    "total_bytes_written": 0,
                                                                    "total_bytes_read": 0,
                                                                    "result_set_size": 84,
                                                                    "operator_name": "HASH_JOIN",
                                                                    "cpu_time": 0.0,
                                                                    "extra_info": {
                                                                      "Join Type": "INNER",
                                                                      "Conditions": "d_week_seq = SUBQUERY",
                                                                      "Estimated Cardinality": "21"
                                                                    },
                                                                    "cumulative_cardinality": 0,
                                                                    "operator_type": "HASH_JOIN",
                                                                    "operator_cardinality": 7,
                                                                    "cumulative_rows_scanned": 0,
                                                                    "operator_rows_scanned": 0,
                                                                    "operator_timing": 0.000113779,
                                                                    "children": [
                                                                      {
                                                                        "total_bytes_written": 0,
                                                                        "total_bytes_read": 0,
                                                                        "result_set_size": 56,
                                                                        "operator_name": "SEQ_SCAN ",
                                                                        "cpu_time": 0.0,
                                                                        "extra_info": {
                                                                          "Table": "date_dim",
                                                                          "Type": "Sequential Scan",
                                                                          "Projections": [
                                                                            "d_date_sk",
                                                                            "d_week_seq"
                                                                          ],
                                                                          "Filters": "d_date_sk>=2450816 AND d_date_sk<=2452642",
                                                                          "Estimated Cardinality": "73049"
                                                                        },
                                                                        "cumulative_cardinality": 0,
                                                                        "operator_type": "TABLE_SCAN",
                                                                        "operator_cardinality": 7,
                                                                        "cumulative_rows_scanned": 0,
                                                                        "operator_rows_scanned": 73049,
                                                                        "operator_timing": 0.00010329600000000001,
                                                                        "children": []
                                                                      },
                                                                      {
                                                                        "total_bytes_written": 0,
                                                                        "total_bytes_read": 0,
                                                                        "result_set_size": 4,
                                                                        "operator_name": "PROJECTION",
                                                                        "cpu_time": 0.0,
                                                                        "extra_info": {
                                                                          "Projections": [
                                                                            "CASE  WHEN ((#1 > 1)) THEN (\"error\"('More than one row returned by a subquery used as an expression - scalar subqueries can only return a single row.",
                                                                            "Use \"SET scalar_subquery_error_on_multiple_rows=false\" to revert to previous behavior of returning a random row.')) ELSE #0 END"
                                                                          ],
                                                                          "Estimated Cardinality": "1"
                                                                        },
                                                                        "cumulative_cardinality": 0,
                                                                        "operator_type": "PROJECTION",
                                                                        "operator_cardinality": 1,
                                                                        "cumulative_rows_scanned": 0,
                                                                        "operator_rows_scanned": 0,
                                                                        "operator_timing": 5.308e-06,
                                                                        "children": [
                                                                          {
                                                                            "total_bytes_written": 0,
                                                                            "total_bytes_read": 0,
                                                                            "result_set_size": 12,
                                                                            "operator_name": "UNGROUPED_AGGREGATE",
                                                                            "cpu_time": 0.0,
                                                                            "extra_info": {
                                                                              "Aggregates": [
                                                                                "\"first\"(#0)",
                                                                                "count_star()"
                                                                              ]
                                                                            },
                                                                            "cumulative_cardinality": 0,
                                                                            "operator_type": "UNGROUPED_AGGREGATE",
                                                                            "operator_cardinality": 1,
                                                                            "cumulative_rows_scanned": 0,
                                                                            "operator_rows_scanned": 0,
                                                                            "operator_timing": 8.081e-06,
                                                                            "children": [
                                                                              {
                                                                                "total_bytes_written": 0,
                                                                                "total_bytes_read": 0,
                                                                                "result_set_size": 4,
                                                                                "operator_name": "PROJECTION",
                                                                                "cpu_time": 0.0,
                                                                                "extra_info": {
                                                                                  "Projections": "#0",
                                                                                  "Estimated Cardinality": "585"
                                                                                },
                                                                                "cumulative_cardinality": 0,
                                                                                "operator_type": "PROJECTION",
                                                                                "operator_cardinality": 1,
                                                                                "cumulative_rows_scanned": 0,
                                                                                "operator_rows_scanned": 0,
                                                                                "operator_timing": 2.228e-06,
                                                                                "children": [
                                                                                  {
                                                                                    "total_bytes_written": 0,
                                                                                    "total_bytes_read": 0,
                                                                                    "result_set_size": 4,
                                                                                    "operator_name": "SEQ_SCAN ",
                                                                                    "cpu_time": 0.0,
                                                                                    "extra_info": {
                                                                                      "Table": "date_dim",
                                                                                      "Type": "Sequential Scan",
                                                                                      "Projections": "d_week_seq",
                                                                                      "Filters": [
                                                                                        "d_year=1999",
                                                                                        "d_moy=12",
                                                                                        "d_dom=20"
                                                                                      ],
                                                                                      "Estimated Cardinality": "585"
                                                                                    },
                                                                                    "cumulative_cardinality": 0,
                                                                                    "operator_type": "TABLE_SCAN",
                                                                                    "operator_cardinality": 1,
                                                                                    "cumulative_rows_scanned": 0,
                                                                                    "operator_rows_scanned": 73049,
                                                                                    "operator_timing": 0.000327834,
                                                                                    "children": []
                                                                                  }
                                                                                ]
                                                                              }
                                                                            ]
                                                                          }
                                                                        ]
                                                                      }
                                                                    ]
                                                                  }
                                                                ]
                                                              }
                                                            ]
                                                          }
                                                        ]
                                                      }
                                                    ]
                                                  }
                                                ]
                                              }
                                            ]
                                          }
                                        ]
                                      },
                                      {
                                        "total_bytes_written": 0,
                                        "total_bytes_read": 0,
                                        "result_set_size": 8,
                                        "operator_name": "PROJECTION",
                                        "cpu_time": 0.0,
                                        "extra_info": {
                                          "Projections": [
                                            "CASE  WHEN ((#1 > 1)) THEN (\"error\"('More than one row returned by a subquery used as an expression - scalar subqueries can only return a single row.",
                                            "Use \"SET scalar_subquery_error_on_multiple_rows=false\" to revert to previous behavior of returning a random row.')) ELSE #0 END"
                                          ],
                                          "Estimated Cardinality": "1"
                                        },
                                        "cumulative_cardinality": 0,
                                        "operator_type": "PROJECTION",
                                        "operator_cardinality": 1,
                                        "cumulative_rows_scanned": 0,
                                        "operator_rows_scanned": 0,
                                        "operator_timing": 3.205e-06,
                                        "children": [
                                          {
                                            "total_bytes_written": 0,
                                            "total_bytes_read": 0,
                                            "result_set_size": 16,
                                            "operator_name": "UNGROUPED_AGGREGATE",
                                            "cpu_time": 0.0,
                                            "extra_info": {
                                              "Aggregates": [
                                                "\"first\"(#0)",
                                                "count_star()"
                                              ]
                                            },
                                            "cumulative_cardinality": 0,
                                            "operator_type": "UNGROUPED_AGGREGATE",
                                            "operator_cardinality": 1,
                                            "cumulative_rows_scanned": 0,
                                            "operator_rows_scanned": 0,
                                            "operator_timing": 4.938e-06,
                                            "children": [
                                              {
                                                "total_bytes_written": 0,
                                                "total_bytes_read": 0,
                                                "result_set_size": 8,
                                                "operator_name": "PROJECTION",
                                                "cpu_time": 0.0,
                                                "extra_info": {
                                                  "Projections": "#0",
                                                  "Estimated Cardinality": "1"
                                                },
                                                "cumulative_cardinality": 0,
                                                "operator_type": "PROJECTION",
                                                "operator_cardinality": 1,
                                                "cumulative_rows_scanned": 0,
                                                "operator_rows_scanned": 0,
                                                "operator_timing": 8.75e-07,
                                                "children": [
                                                  {
                                                    "total_bytes_written": 0,
                                                    "total_bytes_read": 0,
                                                    "result_set_size": 8,
                                                    "operator_name": "CTE_SCAN",
                                                    "cpu_time": 0.0,
                                                    "extra_info": {
                                                      "CTE Index": "37",
                                                      "Estimated Cardinality": "1"
                                                    },
                                                    "cumulative_cardinality": 0,
                                                    "operator_type": "CTE_SCAN",
                                                    "operator_cardinality": 1,
                                                    "cumulative_rows_scanned": 0,
                                                    "operator_rows_scanned": 0,
                                                    "operator_timing": 7.027e-06,
                                                    "children": []
                                                  }
                                                ]
                                              }
                                            ]
                                          }
                                        ]
                                      }
                                    ]
                                  }
                                ]
                              }
                            ]
                          }
                        ]
                      }
                    ]
                  }
                ]
              }
            ]
          }
        ]
      }
    ]
  },
  "actual_rows": 0
}