{
  "execution_time_ms": 116.3,
  "plan_text": "\u250c\u2500\u2500\u2500\u2500\u2500\u2500\u2500\u2500\u2500\u2500\u2500\u2500\u2500\u2500\u2500\u2500\u2500\u2500\u2500\u2500\u2500\u2500\u2500\u2500\u2500\u2500\u2500\u2500\u2500\u2500\u2500\u2500\u2500\u2500\u2500\u2500\u2500\u2510\n\u2502\u250c\u2500\u2500\u2500\u2500\u2500\u2500\u2500\u2500\u2500\u2500\u2500\u2500\u2500\u2500\u2500\u2500\u2500\u2500\u2500\u2500\u2500\u2500\u2500\u2500\u2500\u2500\u2500\u2500\u2500\u2500\u2500\u2500\u2500\u2500\u2500\u2510\u2502\n\u2502\u2502    Query Profiling Information    \u2502\u2502\n\u2502\u2514\u2500\u2500\u2500\u2500\u2500\u2500\u2500\u2500\u2500\u2500\u2500\u2500\u2500\u2500\u2500\u2500\u2500\u2500\u2500\u2500\u2500\u2500\u2500\u2500\u2500\u2500\u2500\u2500\u2500\u2500\u2500\u2500\u2500\u2500\u2500\u2518\u2502\n\u2514\u2500\u2500\u2500\u2500\u2500\u2500\u2500\u2500\u2500\u2500\u2500\u2500\u2500\u2500\u2500\u2500\u2500\u2500\u2500\u2500\u2500\u2500\u2500\u2500\u2500\u2500\u2500\u2500\u2500\u2500\u2500\u2500\u2500\u2500\u2500\u2500\u2500\u2518\nEXPLAIN ANALYZE with frequent_ss_items as  (select substring(i_item_desc,1,30) itemdesc,i_item_sk item_sk,d_date solddate,count(*) cnt   from store_sales       ,date_dim       ,item   where ss_sold_date_sk = d_date_sk     and ss_item_sk = i_item_sk     and d_year = 1999     and i_manager_id BETWEEN 44 and 63      AND i_category IN ('Men', 'Music', 'Sports')   group by substring(i_item_desc,1,30),i_item_sk,d_date   having count(*) >4),  max_store_sales as  (select max(csales) tpcds_cmax   from (select c_customer_sk,sum(ss_quantity*ss_sales_price) csales         from store_sales             ,customer             ,date_dim         where ss_customer_sk = c_customer_sk          and ss_sold_date_sk = d_date_sk          and d_year = 1999          and ss_wholesale_cost BETWEEN 26 AND 36         group by c_customer_sk) tmp1),  best_ss_customer as  (select c_customer_sk,sum(ss_quantity*ss_sales_price) ssales   from store_sales       ,customer   where ss_customer_sk = c_customer_sk   and c_birth_year BETWEEN 1987 AND 1993   group by c_customer_sk   having sum(ss_quantity*ss_sales_price) > (95/100.0) * (select   * from  max_store_sales))   select  sum(sales)  from (select cs_quantity*cs_list_price sales        from catalog_sales            ,date_dim        where d_year = 1999          and d_moy = 5          and cs_sold_date_sk = d_date_sk          and cs_item_sk in (select item_sk from frequent_ss_items)          and cs_bill_customer_sk in (select c_customer_sk from best_ss_customer)          and cs_wholesale_cost BETWEEN 26 AND 36       union all       select ws_quantity*ws_list_price sales        from web_sales            ,date_dim        where d_year = 1999          and d_moy = 5          and ws_sold_date_sk = d_date_sk          and ws_item_sk in (select item_sk from frequent_ss_items)          and ws_bill_customer_sk in (select c_customer_sk from best_ss_customer)          and ws_wholesale_cost BETWEEN 26 AND 36) tmp2  limit 100\n\u250c\u2500\u2500\u2500\u2500\u2500\u2500\u2500\u2500\u2500\u2500\u2500\u2500\u2500\u2500\u2500\u2500\u2500\u2500\u2500\u2500\u2500\u2500\u2500\u2500\u2500\u2500\u2500\u2500\u2500\u2500\u2500\u2500\u2500\u2500\u2500\u2500\u2500\u2500\u2500\u2500\u2500\u2500\u2500\u2500\u2500\u2500\u2500\u2500\u2510\n\u2502\u250c\u2500\u2500\u2500\u2500\u2500\u2500\u2500\u2500\u2500\u2500\u2500\u2500\u2500\u2500\u2500\u2500\u2500\u2500\u2500\u2500\u2500\u2500\u2500\u2500\u2500\u2500\u2500\u2500\u2500\u2500\u2500\u2500\u2500\u2500\u2500\u2500\u2500\u2500\u2500\u2500\u2500\u2500\u2500\u2500\u2500\u2500\u2510\u2502\n\u2502\u2502              Total Time: 0.125s              \u2502\u2502\n\u2502\u2514\u2500\u2500\u2500\u2500\u2500\u2500\u2500\u2500\u2500\u2500\u2500\u2500\u2500\u2500\u2500\u2500\u2500\u2500\u2500\u2500\u2500\u2500\u2500\u2500\u2500\u2500\u2500\u2500\u2500\u2500\u2500\u2500\u2500\u2500\u2500\u2500\u2500\u2500\u2500\u2500\u2500\u2500\u2500\u2500\u2500\u2500\u2518\u2502\n\u2514\u2500\u2500\u2500\u2500\u2500\u2500\u2500\u2500\u2500\u2500\u2500\u2500\u2500\u2500\u2500\u2500\u2500\u2500\u2500\u2500\u2500\u2500\u2500\u2500\u2500\u2500\u2500\u2500\u2500\u2500\u2500\u2500\u2500\u2500\u2500\u2500\u2500\u2500\u2500\u2500\u2500\u2500\u2500\u2500\u2500\u2500\u2500\u2500\u2518\n\u250c\u2500\u2500\u2500\u2500\u2500\u2500\u2500\u2500\u2500\u2500\u2500\u2500\u2500\u2510\n\u2502    QUERY    \u2502\n\u2514\u2500\u2500\u2500\u2500\u2500\u2500\u252c\u2500\u2500\u2500\u2500\u2500\u2500\u2518\n\u250c\u2500\u2500\u2500\u2500\u2500\u2500\u2534\u2500\u2500\u2500\u2500\u2500\u2500\u2510\n\u2502EXPLAIN_...  \u2502\n\u2502    \u2500\u2500\u2500\u2500\u2500\u2500   \u2502\n\u2502    0 rows   \u2502\n\u2502   (0.00s)   \u2502\n\u2514\u2500\u2500\u2500\u2500\u2500\u2500\u252c\u2500\u2500\u2500\u2500\u2500\u2500\u2518\n\u250c\u2500\u2500\u2500\u2500\u2500\u2500\u2534\u2500\u2500\u2500\u2500\u2500\u2500\u2510\n\u2502     CTE     \u2502\n\u2502    \u2500\u2500\u2500\u2500\u2500\u2500   \u2502\n\u2502  CTE Name:  \u2502\n\u2502frequent_ss_i\u2502\n\u2502     tems    \u2502\n\u2502             \u251c\u2500\u2500\u2500\u2500\u2500\u2500\u2500\u2500\u2500\u2500\u2500\u2500\u2500\u2500\u2500\u2500\u2500\u2500\u2500\u2500\u2500\u2500\u2500\u2500\u2500\u2500\u2500\u2500\u2500\u2500\u2500\u2500\u2500\u2500\u2500\u2500\u2500\u2510\n\u2502 Table Index:\u2502                                     \u2502\n\u2502      0      \u2502                                     \u2502\n\u2502             \u2502                                     \u2502\n\u2502    0 rows   \u2502                                     \u2502\n\u2502   (0.00s)   \u2502                                     \u2502\n\u2514\u2500\u2500\u2500\u2500\u2500\u2500\u252c\u2500\u2500\u2500\u2500\u2500\u2500\u2518                                     \u2502\n\u250c\u2500\u2500\u2500\u2500\u2500\u2500\u2534\u2500\u2500\u2500\u2500\u2500\u2500\u2510                              \u250c\u2500\u2500\u2500\u2500\u2500\u2500\u2534\u2500\u2500\u2500\u2500\u2500\u2500\u2510\n\u2502    FILTER   \u2502                              \u2502     CTE     \u2502\n\u2502    \u2500\u2500\u2500\u2500\u2500\u2500   \u2502                              \u2502    \u2500\u2500\u2500\u2500\u2500\u2500   \u2502\n\u2502 (count_star(\u2502                              \u2502  CTE Name:  \u2502\n\u2502    ) > 4)   \u2502                              \u2502max_store_sal\u2502\n\u2502             \u2502                              \u2502      es     \u2502\n\u2502             \u2502                              \u2502             \u251c\u2500\u2500\u2500\u2500\u2500\u2500\u2500\u2500\u2500\u2500\u2500\u2500\u2500\u2500\u2500\u2500\u2500\u2500\u2500\u2500\u2500\u2500\u2500\u2500\u2500\u2500\u2500\u2500\u2500\u2500\u2500\u2500\u2500\u2500\u2500\u2500\u2500\u2510\n\u2502             \u2502                              \u2502 Table Index:\u2502                                     \u2502\n\u2502             \u2502                              \u2502      10     \u2502                                     \u2502\n\u2502             \u2502                              \u2502             \u2502                                     \u2502\n\u2502   60 rows   \u2502                              \u2502    0 rows   \u2502                                     \u2502\n\u2502   (0.00s)   \u2502                              \u2502   (0.00s)   \u2502                                     \u2502\n\u2514\u2500\u2500\u2500\u2500\u2500\u2500\u252c\u2500\u2500\u2500\u2500\u2500\u2500\u2518                              \u2514\u2500\u2500\u2500\u2500\u2500\u2500\u252c\u2500\u2500\u2500\u2500\u2500\u2500\u2518                                     \u2502\n\u250c\u2500\u2500\u2500\u2500\u2500\u2500\u2534\u2500\u2500\u2500\u2500\u2500\u2500\u2510                              \u250c\u2500\u2500\u2500\u2500\u2500\u2500\u2534\u2500\u2500\u2500\u2500\u2500\u2500\u2510                              \u250c\u2500\u2500\u2500\u2500\u2500\u2500\u2534\u2500\u2500\u2500\u2500\u2500\u2500\u2510\n\u2502HASH_GROUP_BY\u2502                              \u2502UNGROUPE...  \u2502                              \u2502STREAMIN...  \u2502\n\u2502    \u2500\u2500\u2500\u2500\u2500\u2500   \u2502                              \u2502    \u2500\u2500\u2500\u2500\u2500\u2500   \u2502                              \u2502    \u2500\u2500\u2500\u2500\u2500\u2500   \u2502\n\u2502   Groups:   \u2502                              \u2502 Aggregates: \u2502                              \u2502             \u2502\n\u2502      #0     \u2502                              \u2502   max(#0)   \u2502                              \u2502             \u2502\n\u2502      #1     \u2502                              \u2502             \u2502                              \u2502             \u2502\n\u2502      #2     \u2502                              \u2502             \u2502                              \u2502             \u2502\n\u2502             \u2502                              \u2502             \u2502                              \u2502             \u2502\n\u2502 Aggregates: \u2502                              \u2502             \u2502                              \u2502             \u2502\n\u2502 count_star()\u2502                              \u2502             \u2502                              \u2502             \u2502\n\u2502             \u2502                              \u2502             \u2502                              \u2502             \u2502\n\u2502 249,206 rows\u2502                              \u2502    1 row    \u2502                              \u2502    1 row    \u2502\n\u2502   (0.12s)   \u2502                              \u2502   (0.00s)   \u2502                              \u2502   (0.00s)   \u2502\n\u2514\u2500\u2500\u2500\u2500\u2500\u2500\u252c\u2500\u2500\u2500\u2500\u2500\u2500\u2518                              \u2514\u2500\u2500\u2500\u2500\u2500\u2500\u252c\u2500\u2500\u2500\u2500\u2500\u2500\u2518                              \u2514\u2500\u2500\u2500\u2500\u2500\u2500\u252c\u2500\u2500\u2500\u2500\u2500\u2500\u2518\n\u250c\u2500\u2500\u2500\u2500\u2500\u2500\u2534\u2500\u2500\u2500\u2500\u2500\u2500\u2510                              \u250c\u2500\u2500\u2500\u2500\u2500\u2500\u2534\u2500\u2500\u2500\u2500\u2500\u2500\u2510                              \u250c\u2500\u2500\u2500\u2500\u2500\u2500\u2534\u2500\u2500\u2500\u2500\u2500\u2500\u2510\n\u2502  PROJECTION \u2502                              \u2502  PROJECTION \u2502                              \u2502UNGROUPE...  \u2502\n\u2502    \u2500\u2500\u2500\u2500\u2500\u2500   \u2502                              \u2502    \u2500\u2500\u2500\u2500\u2500\u2500   \u2502                              \u2502    \u2500\u2500\u2500\u2500\u2500\u2500   \u2502\n\u2502 \"substring\" \u2502                              \u2502    csales   \u2502                              \u2502 Aggregates: \u2502\n\u2502 (i_item_desc\u2502                              \u2502             \u2502                              \u2502   sum(#0)   \u2502\n\u2502   , 1, 30)  \u2502                              \u2502             \u2502                              \u2502             \u2502\n\u2502  i_item_sk  \u2502                              \u2502             \u2502                              \u2502             \u2502\n\u2502    d_date   \u2502                              \u2502             \u2502                              \u2502             \u2502\n\u2502             \u2502                              \u2502             \u2502                              \u2502             \u2502\n\u2502 299,073 rows\u2502                              \u2502 239,440 rows\u2502                              \u2502    1 row    \u2502\n\u2502   (0.02s)   \u2502                              \u2502   (0.00s)   \u2502                              \u2502   (0.00s)   \u2502\n\u2514\u2500\u2500\u2500\u2500\u2500\u2500\u252c\u2500\u2500\u2500\u2500\u2500\u2500\u2518                              \u2514\u2500\u2500\u2500\u2500\u2500\u2500\u252c\u2500\u2500\u2500\u2500\u2500\u2500\u2518                              \u2514\u2500\u2500\u2500\u2500\u2500\u2500\u252c\u2500\u2500\u2500\u2500\u2500\u2500\u2518\n\u250c\u2500\u2500\u2500\u2500\u2500\u2500\u2534\u2500\u2500\u2500\u2500\u2500\u2500\u2510                              \u250c\u2500\u2500\u2500\u2500\u2500\u2500\u2534\u2500\u2500\u2500\u2500\u2500\u2500\u2510                              \u250c\u2500\u2500\u2500\u2500\u2500\u2500\u2534\u2500\u2500\u2500\u2500\u2500\u2500\u2510\n\u2502  HASH_JOIN  \u2502                              \u2502  PROJECTION \u2502                              \u2502  PROJECTION \u2502\n\u2502    \u2500\u2500\u2500\u2500\u2500\u2500   \u2502                              \u2502    \u2500\u2500\u2500\u2500\u2500\u2500   \u2502                              \u2502    \u2500\u2500\u2500\u2500\u2500\u2500   \u2502\n\u2502  Join Type: \u2502                              \u2502    csales   \u2502                              \u2502    sales    \u2502\n\u2502    INNER    \u2502                              \u2502             \u2502                              \u2502             \u2502\n\u2502             \u2502                              \u2502             \u2502                              \u2502             \u2502\n\u2502 Conditions: \u251c\u2500\u2500\u2500\u2500\u2500\u2500\u2500\u2500\u2500\u2500\u2500\u2500\u2500\u2500\u2500\u2500\u2500\u2500\u2500\u2500\u2500\u2500\u2510       \u2502             \u2502                              \u2502             \u2502\n\u2502 ss_item_sk =\u2502                      \u2502       \u2502             \u2502                              \u2502             \u2502\n\u2502   i_item_sk \u2502                      \u2502       \u2502             \u2502                              \u2502             \u2502\n\u2502             \u2502                      \u2502       \u2502             \u2502                              \u2502             \u2502\n\u2502 299,073 rows\u2502                      \u2502       \u2502 239,440 rows\u2502                              \u2502    3 rows   \u2502\n\u2502   (0.08s)   \u2502                      \u2502       \u2502   (0.00s)   \u2502                              \u2502   (0.00s)   \u2502\n\u2514\u2500\u2500\u2500\u2500\u2500\u2500\u252c\u2500\u2500\u2500\u2500\u2500\u2500\u2518                      \u2502       \u2514\u2500\u2500\u2500\u2500\u2500\u2500\u252c\u2500\u2500\u2500\u2500\u2500\u2500\u2518                              \u2514\u2500\u2500\u2500\u2500\u2500\u2500\u252c\u2500\u2500\u2500\u2500\u2500\u2500\u2518\n\u250c\u2500\u2500\u2500\u2500\u2500\u2500\u2534\u2500\u2500\u2500\u2500\u2500\u2500\u2510               \u250c\u2500\u2500\u2500\u2500\u2500\u2500\u2534\u2500\u2500\u2500\u2500\u2500\u2500\u2510\u250c\u2500\u2500\u2500\u2500\u2500\u2500\u2534\u2500\u2500\u2500\u2500\u2500\u2500\u2510                              \u250c\u2500\u2500\u2500\u2500\u2500\u2500\u2534\u2500\u2500\u2500\u2500\u2500\u2500\u2510\n\u2502  HASH_JOIN  \u2502               \u2502  PROJECTION \u2502\u2502HASH_GROUP_BY\u2502                              \u2502    UNION    \u2502\n\u2502    \u2500\u2500\u2500\u2500\u2500\u2500   \u2502               \u2502    \u2500\u2500\u2500\u2500\u2500\u2500   \u2502\u2502    \u2500\u2500\u2500\u2500\u2500\u2500   \u2502                              \u2502    \u2500\u2500\u2500\u2500\u2500\u2500   \u2502\n\u2502  Join Type: \u2502               \u2502      #0     \u2502\u2502   Groups:   \u2502                              \u2502             \u2502\n\u2502    INNER    \u2502               \u2502      #2     \u2502\u2502      #0     \u2502                              \u2502             \u2502\n\u2502             \u2502               \u2502             \u2502\u2502             \u2502                              \u2502             \u2502\n\u2502 Conditions: \u2502               \u2502             \u2502\u2502 Aggregates: \u2502                              \u2502             \u2502\n\u2502ss_sold_date_\u251c\u2500\u2500\u2500\u2500\u2500\u2500\u2500\u2510       \u2502             \u2502\u2502   sum(#1)   \u2502                              \u2502             \u251c\u2500\u2500\u2500\u2500\u2500\u2500\u2500\u2500\u2500\u2500\u2500\u2500\u2500\u2500\u2500\u2500\u2500\u2500\u2500\u2500\u2500\u2500\u2500\u2500\u2500\u2500\u2500\u2500\u2500\u2500\u2500\u2500\u2500\u2500\u2500\u2500\u2500\u2500\u2500\u2500\u2500\u2500\u2500\u2500\u2500\u2500\u2500\u2500\u2500\u2500\u2500\u2500\u2500\u2500\u2500\u2500\u2500\u2500\u2500\u2500\u2500\u2500\u2500\u2500\u2500\u2500\u2500\u2500\u2500\u2500\u2500\u2500\u2500\u2500\u2500\u2500\u2500\u2500\u2500\u2500\u2500\u2500\u2510\n\u2502sk = d_date_s\u2502       \u2502       \u2502             \u2502\u2502             \u2502                              \u2502             \u2502                                                                                  \u2502\n\u2502      k      \u2502       \u2502       \u2502             \u2502\u2502             \u2502                              \u2502             \u2502                                                                                  \u2502\n\u2502             \u2502       \u2502       \u2502             \u2502\u2502             \u2502                              \u2502             \u2502                                                                                  \u2502\n\u25025,502,41...  \u2502       \u2502       \u2502  5,585 rows \u2502\u2502 239,440 rows\u2502                              \u2502    0 rows   \u2502                                                                                  \u2502\n\u2502   (0.03s)   \u2502       \u2502       \u2502   (0.00s)   \u2502\u2502   (0.03s)   \u2502                              \u2502   (0.00s)   \u2502                                                                                  \u2502\n\u2514\u2500\u2500\u2500\u2500\u2500\u2500\u252c\u2500\u2500\u2500\u2500\u2500\u2500\u2518       \u2502       \u2514\u2500\u2500\u2500\u2500\u2500\u2500\u252c\u2500\u2500\u2500\u2500\u2500\u2500\u2518\u2514\u2500\u2500\u2500\u2500\u2500\u2500\u252c\u2500\u2500\u2500\u2500\u2500\u2500\u2518                              \u2514\u2500\u2500\u2500\u2500\u2500\u2500\u252c\u2500\u2500\u2500\u2500\u2500\u2500\u2518                                                                                  \u2502\n\u250c\u2500\u2500\u2500\u2500\u2500\u2500\u2534\u2500\u2500\u2500\u2500\u2500\u2500\u2510\u250c\u2500\u2500\u2500\u2500\u2500\u2500\u2534\u2500\u2500\u2500\u2500\u2500\u2500\u2510\u250c\u2500\u2500\u2500\u2500\u2500\u2500\u2534\u2500\u2500\u2500\u2500\u2500\u2500\u2510\u250c\u2500\u2500\u2500\u2500\u2500\u2500\u2534\u2500\u2500\u2500\u2500\u2500\u2500\u2510                              \u250c\u2500\u2500\u2500\u2500\u2500\u2500\u2534\u2500\u2500\u2500\u2500\u2500\u2500\u2510                                                                           \u250c\u2500\u2500\u2500\u2500\u2500\u2500\u2534\u2500\u2500\u2500\u2500\u2500\u2500\u2510\n\u2502  TABLE_SCAN \u2502\u2502    FILTER   \u2502\u2502    FILTER   \u2502\u2502  PROJECTION \u2502                              \u2502  PROJECTION \u2502                                                                           \u2502  PROJECTION \u2502\n\u2502    \u2500\u2500\u2500\u2500\u2500\u2500   \u2502\u2502    \u2500\u2500\u2500\u2500\u2500\u2500   \u2502\u2502    \u2500\u2500\u2500\u2500\u2500\u2500   \u2502\u2502    \u2500\u2500\u2500\u2500\u2500\u2500   \u2502                              \u2502    \u2500\u2500\u2500\u2500\u2500\u2500   \u2502                                                                           \u2502    \u2500\u2500\u2500\u2500\u2500\u2500   \u2502\n\u2502    Table:   \u2502\u2502  (d_date_sk \u2502\u2502 ((i_category\u2502\u2502c_customer_sk\u2502                              \u2502    sales    \u2502                                                                           \u2502    sales    \u2502\n\u2502 store_sales \u2502\u2502    BETWEEN  \u2502\u2502  = 'Men') OR\u2502\u2502(CAST(ss_quan\u2502                              \u2502             \u2502                                                                           \u2502             \u2502\n\u2502             \u2502\u2502  2450816 AND\u2502\u2502  (i_category\u2502\u2502tity AS DECIM\u2502                              \u2502             \u2502                                                                           \u2502             \u2502\n\u2502    Type:    \u2502\u2502   2452642)  \u2502\u2502  = 'Music') \u2502\u2502 AL(17,0)) * \u2502                              \u2502             \u2502                                                                           \u2502             \u2502\n\u2502  Sequential \u2502\u2502             \u2502\u2502 OR (i_catego\u2502\u2502 CAST(ss_sale\u2502                              \u2502             \u2502                                                                           \u2502             \u2502\n\u2502     Scan    \u2502\u2502             \u2502\u2502 ry = 'Sports\u2502\u2502  s_price AS \u2502                              \u2502             \u2502                                                                           \u2502             \u2502\n\u2502             \u2502\u2502             \u2502\u2502     '))     \u2502\u2502  DECIMAL(17 \u2502                              \u2502             \u2502                                                                           \u2502             \u2502\n\u2502 Projections:\u2502\u2502             \u2502\u2502             \u2502\u2502    ,2)))    \u2502                              \u2502             \u2502                                                                           \u2502             \u2502\n\u2502ss_sold_date_\u2502\u2502             \u2502\u2502             \u2502\u2502             \u2502                              \u2502             \u2502                                                                           \u2502             \u2502\n\u2502      sk     \u2502\u2502             \u2502\u2502             \u2502\u2502             \u2502                              \u2502             \u2502                                                                           \u2502             \u2502\n\u2502  ss_item_sk \u2502\u2502             \u2502\u2502             \u2502\u2502             \u2502                              \u2502             \u2502                                                                           \u2502             \u2502\n\u2502             \u2502\u2502             \u2502\u2502             \u2502\u2502             \u2502                              \u2502             \u2502                                                                           \u2502             \u2502\n\u25025,502,41...  \u2502\u2502   365 rows  \u2502\u2502  5,585 rows \u2502\u2502 535,665 rows\u2502                              \u2502    2 rows   \u2502                                                                           \u2502    1 row    \u2502\n\u2502   (0.21s)   \u2502\u2502   (0.00s)   \u2502\u2502   (0.00s)   \u2502\u2502   (0.00s)   \u2502                              \u2502   (0.00s)   \u2502                                                                           \u2502   (0.00s)   \u2502\n\u2514\u2500\u2500\u2500\u2500\u2500\u2500\u2500\u2500\u2500\u2500\u2500\u2500\u2500\u2518\u2514\u2500\u2500\u2500\u2500\u2500\u2500\u252c\u2500\u2500\u2500\u2500\u2500\u2500\u2518\u2514\u2500\u2500\u2500\u2500\u2500\u2500\u252c\u2500\u2500\u2500\u2500\u2500\u2500\u2518\u2514\u2500\u2500\u2500\u2500\u2500\u2500\u252c\u2500\u2500\u2500\u2500\u2500\u2500\u2518                              \u2514\u2500\u2500\u2500\u2500\u2500\u2500\u252c\u2500\u2500\u2500\u2500\u2500\u2500\u2518                                                                           \u2514\u2500\u2500\u2500\u2500\u2500\u2500\u252c\u2500\u2500\u2500\u2500\u2500\u2500\u2518\n               \u250c\u2500\u2500\u2500\u2500\u2500\u2500\u2534\u2500\u2500\u2500\u2500\u2500\u2500\u2510\u250c\u2500\u2500\u2500\u2500\u2500\u2500\u2534\u2500\u2500\u2500\u2500\u2500\u2500\u2510\u250c\u2500\u2500\u2500\u2500\u2500\u2500\u2534\u2500\u2500\u2500\u2500\u2500\u2500\u2510                              \u250c\u2500\u2500\u2500\u2500\u2500\u2500\u2534\u2500\u2500\u2500\u2500\u2500\u2500\u2510                                                                           \u250c\u2500\u2500\u2500\u2500\u2500\u2500\u2534\u2500\u2500\u2500\u2500\u2500\u2500\u2510\n               \u2502  TABLE_SCAN \u2502\u2502  TABLE_SCAN \u2502\u2502  HASH_JOIN  \u2502                              \u2502  HASH_JOIN  \u2502                                                                           \u2502  HASH_JOIN  \u2502\n               \u2502    \u2500\u2500\u2500\u2500\u2500\u2500   \u2502\u2502    \u2500\u2500\u2500\u2500\u2500\u2500   \u2502\u2502    \u2500\u2500\u2500\u2500\u2500\u2500   \u2502                              \u2502    \u2500\u2500\u2500\u2500\u2500\u2500   \u2502                                                                           \u2502    \u2500\u2500\u2500\u2500\u2500\u2500   \u2502\n               \u2502    Table:   \u2502\u2502    Table:   \u2502\u2502  Join Type: \u2502                              \u2502  Join Type: \u2502                                                                           \u2502  Join Type: \u2502\n               \u2502   date_dim  \u2502\u2502     item    \u2502\u2502    INNER    \u2502                              \u2502     SEMI    \u2502                                                                           \u2502     SEMI    \u2502\n               \u2502             \u2502\u2502             \u2502\u2502             \u2502                              \u2502             \u2502                                                                           \u2502             \u2502\n               \u2502    Type:    \u2502\u2502    Type:    \u2502\u2502 Conditions: \u2502                              \u2502 Conditions: \u2502                                                                           \u2502 Conditions: \u2502\n               \u2502  Sequential \u2502\u2502  Sequential \u2502\u2502c_customer_sk\u2502                              \u2502cs_bill_custo\u2502                                                                           \u2502ws_bill_custo\u2502\n               \u2502     Scan    \u2502\u2502     Scan    \u2502\u2502 = ss_custome\u2502                              \u2502 mer_sk = #0 \u2502                                                                           \u2502 mer_sk = #0 \u2502\n               \u2502             \u2502\u2502             \u2502\u2502     r_sk    \u2502                              \u2502             \u2502                                                                           \u2502             \u2502\n               \u2502 Projections:\u2502\u2502 Projections:\u2502\u2502             \u2502                              \u2502             \u2502                                                                           \u2502             \u2502\n               \u2502  d_date_sk  \u2502\u2502  i_item_sk  \u2502\u2502             \u2502                              \u2502             \u2502                                                                           \u2502             \u2502\n               \u2502    d_date   \u2502\u2502  i_category \u2502\u2502             \u2502                              \u2502             \u2502                                                                           \u2502             \u2502\n               \u2502             \u2502\u2502 i_item_desc \u2502\u2502             \u2502                              \u2502             \u2502                                                                           \u2502             \u2502\n               \u2502   Filters:  \u2502\u2502             \u2502\u2502             \u251c\u2500\u2500\u2500\u2500\u2500\u2500\u2500\u2510                      \u2502             \u251c\u2500\u2500\u2500\u2500\u2500\u2500\u2500\u2500\u2500\u2500\u2500\u2500\u2500\u2500\u2500\u2500\u2500\u2500\u2500\u2500\u2500\u2500\u2500\u2500\u2500\u2500\u2500\u2500\u2500\u2500\u2500\u2500\u2500\u2500\u2500\u2500\u2500\u2510                                     \u2502             \u251c\u2500\u2500\u2500\u2500\u2500\u2500\u2500\u2500\u2500\u2500\u2500\u2500\u2500\u2500\u2500\u2500\u2500\u2500\u2500\u2500\u2500\u2500\u2500\u2500\u2500\u2500\u2500\u2500\u2500\u2500\u2500\u2500\u2500\u2500\u2500\u2500\u2500\u2510\n               \u2502 d_year=1999 \u2502\u2502   Filters:  \u2502\u2502             \u2502       \u2502                      \u2502             \u2502                                     \u2502                                     \u2502             \u2502                                     \u2502\n               \u2502             \u2502\u2502 i_manager_id\u2502\u2502             \u2502       \u2502                      \u2502             \u2502                                     \u2502                                     \u2502             \u2502                                     \u2502\n               \u2502             \u2502\u2502   >=44 AND  \u2502\u2502             \u2502       \u2502                      \u2502             \u2502                                     \u2502                                     \u2502             \u2502                                     \u2502\n               \u2502             \u2502\u2502 i_manager_id\u2502\u2502             \u2502       \u2502                      \u2502             \u2502                                     \u2502                                     \u2502             \u2502                                     \u2502\n               \u2502             \u2502\u2502     <=63    \u2502\u2502             \u2502       \u2502                      \u2502             \u2502                                     \u2502                                     \u2502             \u2502                                     \u2502\n               \u2502             \u2502\u2502  optional:  \u2502\u2502             \u2502       \u2502                      \u2502             \u2502                                     \u2502                                     \u2502             \u2502                                     \u2502\n               \u2502             \u2502\u2502  i_category \u2502\u2502             \u2502       \u2502                      \u2502             \u2502                                     \u2502                                     \u2502             \u2502                                     \u2502\n               \u2502             \u2502\u2502  IN ('Men', \u2502\u2502             \u2502       \u2502                      \u2502             \u2502                                     \u2502                                     \u2502             \u2502                                     \u2502\n               \u2502             \u2502\u2502  'Music',   \u2502\u2502             \u2502       \u2502                      \u2502             \u2502                                     \u2502                                     \u2502             \u2502                                     \u2502\n               \u2502             \u2502\u2502  'Sports')  \u2502\u2502             \u2502       \u2502                      \u2502             \u2502                                     \u2502                                     \u2502             \u2502                                     \u2502\n               \u2502             \u2502\u2502             \u2502\u2502             \u2502       \u2502                      \u2502             \u2502                                     \u2502                                     \u2502             \u2502                                     \u2502\n               \u2502   365 rows  \u2502\u2502 18,508 rows \u2502\u2502 535,665 rows\u2502       \u2502                      \u2502    2 rows   \u2502                                     \u2502                                     \u2502    1 row    \u2502                                     \u2502\n               \u2502   (0.00s)   \u2502\u2502   (0.01s)   \u2502\u2502   (0.06s)   \u2502       \u2502                      \u2502   (0.00s)   \u2502                                     \u2502                                     \u2502   (0.00s)   \u2502                                     \u2502\n               \u2514\u2500\u2500\u2500\u2500\u2500\u2500\u2500\u2500\u2500\u2500\u2500\u2500\u2500\u2518\u2514\u2500\u2500\u2500\u2500\u2500\u2500\u2500\u2500\u2500\u2500\u2500\u2500\u2500\u2518\u2514\u2500\u2500\u2500\u2500\u2500\u2500\u252c\u2500\u2500\u2500\u2500\u2500\u2500\u2518       \u2502                      \u2514\u2500\u2500\u2500\u2500\u2500\u2500\u252c\u2500\u2500\u2500\u2500\u2500\u2500\u2518                                     \u2502                                     \u2514\u2500\u2500\u2500\u2500\u2500\u2500\u252c\u2500\u2500\u2500\u2500\u2500\u2500\u2518                                     \u2502\n                                             \u250c\u2500\u2500\u2500\u2500\u2500\u2500\u2534\u2500\u2500\u2500\u2500\u2500\u2500\u2510\u250c\u2500\u2500\u2500\u2500\u2500\u2500\u2534\u2500\u2500\u2500\u2500\u2500\u2500\u2510               \u250c\u2500\u2500\u2500\u2500\u2500\u2500\u2534\u2500\u2500\u2500\u2500\u2500\u2500\u2510                              \u250c\u2500\u2500\u2500\u2500\u2500\u2500\u2534\u2500\u2500\u2500\u2500\u2500\u2500\u2510                              \u250c\u2500\u2500\u2500\u2500\u2500\u2500\u2534\u2500\u2500\u2500\u2500\u2500\u2500\u2510                              \u250c\u2500\u2500\u2500\u2500\u2500\u2500\u2534\u2500\u2500\u2500\u2500\u2500\u2500\u2510\n                                             \u2502  TABLE_SCAN \u2502\u2502  HASH_JOIN  \u2502               \u2502  HASH_JOIN  \u2502                              \u2502  PROJECTION \u2502                              \u2502  HASH_JOIN  \u2502                              \u2502  PROJECTION \u2502\n                                             \u2502    \u2500\u2500\u2500\u2500\u2500\u2500   \u2502\u2502    \u2500\u2500\u2500\u2500\u2500\u2500   \u2502               \u2502    \u2500\u2500\u2500\u2500\u2500\u2500   \u2502                              \u2502    \u2500\u2500\u2500\u2500\u2500\u2500   \u2502                              \u2502    \u2500\u2500\u2500\u2500\u2500\u2500   \u2502                              \u2502    \u2500\u2500\u2500\u2500\u2500\u2500   \u2502\n                                             \u2502    Table:   \u2502\u2502  Join Type: \u2502               \u2502  Join Type: \u2502                              \u2502c_customer_sk\u2502                              \u2502  Join Type: \u2502                              \u2502c_customer_sk\u2502\n                                             \u2502   customer  \u2502\u2502    INNER    \u2502               \u2502     SEMI    \u2502                              \u2502             \u2502                              \u2502     SEMI    \u2502                              \u2502             \u2502\n                                             \u2502             \u2502\u2502             \u2502               \u2502             \u2502                              \u2502             \u2502                              \u2502             \u2502                              \u2502             \u2502\n                                             \u2502    Type:    \u2502\u2502 Conditions: \u2502               \u2502 Conditions: \u2502                              \u2502             \u2502                              \u2502 Conditions: \u2502                              \u2502             \u2502\n                                             \u2502  Sequential \u2502\u2502ss_sold_date_\u2502               \u2502 cs_item_sk =\u2502                              \u2502             \u2502                              \u2502 ws_item_sk =\u2502                              \u2502             \u2502\n                                             \u2502     Scan    \u2502\u2502sk = d_date_s\u251c\u2500\u2500\u2500\u2500\u2500\u2500\u2500\u2510       \u2502      #0     \u251c\u2500\u2500\u2500\u2500\u2500\u2500\u2500\u2500\u2500\u2500\u2500\u2500\u2500\u2500\u2500\u2500\u2500\u2500\u2500\u2500\u2500\u2500\u2510       \u2502             \u2502                              \u2502      #0     \u251c\u2500\u2500\u2500\u2500\u2500\u2500\u2500\u2500\u2500\u2500\u2500\u2500\u2500\u2500\u2500\u2500\u2500\u2500\u2500\u2500\u2500\u2500\u2510       \u2502             \u2502\n                                             \u2502             \u2502\u2502      k      \u2502       \u2502       \u2502             \u2502                      \u2502       \u2502             \u2502                              \u2502             \u2502                      \u2502       \u2502             \u2502\n                                             \u2502 Projections:\u2502\u2502             \u2502       \u2502       \u2502             \u2502                      \u2502       \u2502             \u2502                              \u2502             \u2502                      \u2502       \u2502             \u2502\n                                             \u2502c_customer_sk\u2502\u2502             \u2502       \u2502       \u2502             \u2502                      \u2502       \u2502             \u2502                              \u2502             \u2502                      \u2502       \u2502             \u2502\n                                             \u2502             \u2502\u2502             \u2502       \u2502       \u2502             \u2502                      \u2502       \u2502             \u2502                              \u2502             \u2502                      \u2502       \u2502             \u2502\n                                             \u2502 499,998 rows\u2502\u2502 542,254 rows\u2502       \u2502       \u2502   19 rows   \u2502                      \u2502       \u2502 39,019 rows \u2502                              \u2502    8 rows   \u2502                      \u2502       \u2502 39,019 rows \u2502\n                                             \u2502   (0.00s)   \u2502\u2502   (0.05s)   \u2502       \u2502       \u2502   (0.00s)   \u2502                      \u2502       \u2502   (0.00s)   \u2502                              \u2502   (0.00s)   \u2502                      \u2502       \u2502   (0.00s)   \u2502\n                                             \u2514\u2500\u2500\u2500\u2500\u2500\u2500\u2500\u2500\u2500\u2500\u2500\u2500\u2500\u2518\u2514\u2500\u2500\u2500\u2500\u2500\u2500\u252c\u2500\u2500\u2500\u2500\u2500\u2500\u2518       \u2502       \u2514\u2500\u2500\u2500\u2500\u2500\u2500\u252c\u2500\u2500\u2500\u2500\u2500\u2500\u2518                      \u2502       \u2514\u2500\u2500\u2500\u2500\u2500\u2500\u252c\u2500\u2500\u2500\u2500\u2500\u2500\u2518                              \u2514\u2500\u2500\u2500\u2500\u2500\u2500\u252c\u2500\u2500\u2500\u2500\u2500\u2500\u2518                      \u2502       \u2514\u2500\u2500\u2500\u2500\u2500\u2500\u252c\u2500\u2500\u2500\u2500\u2500\u2500\u2518\n                                                            \u250c\u2500\u2500\u2500\u2500\u2500\u2500\u2534\u2500\u2500\u2500\u2500\u2500\u2500\u2510\u250c\u2500\u2500\u2500\u2500\u2500\u2500\u2534\u2500\u2500\u2500\u2500\u2500\u2500\u2510\u250c\u2500\u2500\u2500\u2500\u2500\u2500\u2534\u2500\u2500\u2500\u2500\u2500\u2500\u2510               \u250c\u2500\u2500\u2500\u2500\u2500\u2500\u2534\u2500\u2500\u2500\u2500\u2500\u2500\u2510\u250c\u2500\u2500\u2500\u2500\u2500\u2500\u2534\u2500\u2500\u2500\u2500\u2500\u2500\u2510                              \u250c\u2500\u2500\u2500\u2500\u2500\u2500\u2534\u2500\u2500\u2500\u2500\u2500\u2500\u2510               \u250c\u2500\u2500\u2500\u2500\u2500\u2500\u2534\u2500\u2500\u2500\u2500\u2500\u2500\u2510\u250c\u2500\u2500\u2500\u2500\u2500\u2500\u2534\u2500\u2500\u2500\u2500\u2500\u2500\u2510\n                                                            \u2502  TABLE_SCAN \u2502\u2502    FILTER   \u2502\u2502  HASH_JOIN  \u2502               \u2502  PROJECTION \u2502\u2502NESTED_L...  \u2502                              \u2502  HASH_JOIN  \u2502               \u2502  PROJECTION \u2502\u2502NESTED_L...  \u2502\n                                                            \u2502    \u2500\u2500\u2500\u2500\u2500\u2500   \u2502\u2502    \u2500\u2500\u2500\u2500\u2500\u2500   \u2502\u2502    \u2500\u2500\u2500\u2500\u2500\u2500   \u2502               \u2502    \u2500\u2500\u2500\u2500\u2500\u2500   \u2502\u2502    \u2500\u2500\u2500\u2500\u2500\u2500   \u2502                              \u2502    \u2500\u2500\u2500\u2500\u2500\u2500   \u2502               \u2502    \u2500\u2500\u2500\u2500\u2500\u2500   \u2502\u2502    \u2500\u2500\u2500\u2500\u2500\u2500   \u2502\n                                                            \u2502    Table:   \u2502\u2502  (d_date_sk \u2502\u2502  Join Type: \u2502               \u2502   item_sk   \u2502\u2502  Join Type: \u2502                              \u2502  Join Type: \u2502               \u2502   item_sk   \u2502\u2502  Join Type: \u2502\n                                                            \u2502 store_sales \u2502\u2502    BETWEEN  \u2502\u2502    INNER    \u2502               \u2502             \u2502\u2502    INNER    \u2502                              \u2502    INNER    \u2502               \u2502             \u2502\u2502    INNER    \u2502\n                                                            \u2502             \u2502\u2502  2450816 AND\u2502\u2502             \u2502               \u2502             \u2502\u2502             \u2502                              \u2502             \u2502               \u2502             \u2502\u2502             \u2502\n                                                            \u2502    Type:    \u2502\u2502   2452642)  \u2502\u2502 Conditions: \u2502               \u2502             \u2502\u2502 Conditions: \u2502                              \u2502 Conditions: \u2502               \u2502             \u2502\u2502 Conditions: \u2502\n                                                            \u2502  Sequential \u2502\u2502             \u2502\u2502cs_sold_date_\u2502               \u2502             \u2502\u2502  CAST(sum(  \u2502                              \u2502ws_sold_date_\u2502               \u2502             \u2502\u2502  CAST(sum(  \u2502\n                                                            \u2502     Scan    \u2502\u2502             \u2502\u2502sk = d_date_s\u2502               \u2502             \u2502\u2502(CAST(ss_quan\u2502                              \u2502sk = d_date_s\u2502               \u2502             \u2502\u2502(CAST(ss_quan\u2502\n                                                            \u2502             \u2502\u2502             \u2502\u2502      k      \u2502               \u2502             \u2502\u2502tity AS DECIM\u2502                              \u2502      k      \u2502               \u2502             \u2502\u2502tity AS DECIM\u2502\n                                                            \u2502 Projections:\u2502\u2502             \u2502\u2502             \u2502               \u2502             \u2502\u2502 AL(17,0)) * \u2502                              \u2502             \u2502               \u2502             \u2502\u2502 AL(17,0)) * \u2502\n                                                            \u2502ss_customer_s\u2502\u2502             \u2502\u2502             \u2502               \u2502             \u2502\u2502 CAST(ss_sale\u2502                              \u2502             \u2502               \u2502             \u2502\u2502 CAST(ss_sale\u2502\n                                                            \u2502      k      \u2502\u2502             \u2502\u2502             \u2502               \u2502             \u2502\u2502  s_price AS \u2502                              \u2502             \u2502               \u2502             \u2502\u2502  s_price AS \u2502\n                                                            \u2502ss_sold_date_\u2502\u2502             \u2502\u2502             \u2502               \u2502             \u2502\u2502  DECIMAL(17 \u2502                              \u2502             \u2502               \u2502             \u2502\u2502  DECIMAL(17 \u2502\n                                                            \u2502      sk     \u2502\u2502             \u2502\u2502             \u251c\u2500\u2500\u2500\u2500\u2500\u2500\u2500\u2510       \u2502             \u2502\u2502  ,2)))) AS  \u251c\u2500\u2500\u2500\u2500\u2500\u2500\u2500\u2500\u2500\u2500\u2500\u2500\u2500\u2500\u2500\u2500\u2500\u2500\u2500\u2500\u2500\u2500\u2510       \u2502             \u251c\u2500\u2500\u2500\u2500\u2500\u2500\u2500\u2510       \u2502             \u2502\u2502  ,2)))) AS  \u251c\n                                                            \u2502 ss_quantity \u2502\u2502             \u2502\u2502             \u2502       \u2502       \u2502             \u2502\u2502  DOUBLE) >  \u2502                      \u2502       \u2502             \u2502       \u2502       \u2502             \u2502\u2502  DOUBLE) >  \u2502\n                                                            \u2502ss_sales_pric\u2502\u2502             \u2502\u2502             \u2502       \u2502       \u2502             \u2502\u2502 (0.95 * CAST\u2502                      \u2502       \u2502             \u2502       \u2502       \u2502             \u2502\u2502 (0.95 * CAST\u2502\n                                                            \u2502      e      \u2502\u2502             \u2502\u2502             \u2502       \u2502       \u2502             \u2502\u2502 (SUBQUERY AS\u2502                      \u2502       \u2502             \u2502       \u2502       \u2502             \u2502\u2502 (SUBQUERY AS\u2502\n                                                            \u2502             \u2502\u2502             \u2502\u2502             \u2502       \u2502       \u2502             \u2502\u2502   DOUBLE))  \u2502                      \u2502       \u2502             \u2502       \u2502       \u2502             \u2502\u2502   DOUBLE))  \u2502\n                                                            \u2502   Filters:  \u2502\u2502             \u2502\u2502             \u2502       \u2502       \u2502             \u2502\u2502             \u2502                      \u2502       \u2502             \u2502       \u2502       \u2502             \u2502\u2502             \u2502\n                                                            \u2502ss_wholesale_\u2502\u2502             \u2502\u2502             \u2502       \u2502       \u2502             \u2502\u2502             \u2502                      \u2502       \u2502             \u2502       \u2502       \u2502             \u2502\u2502             \u2502\n                                                            \u2502 cost>=26.00 \u2502\u2502             \u2502\u2502             \u2502       \u2502       \u2502             \u2502\u2502             \u2502                      \u2502       \u2502             \u2502       \u2502       \u2502             \u2502\u2502             \u2502\n                                                            \u2502 AND ss_whole\u2502\u2502             \u2502\u2502             \u2502       \u2502       \u2502             \u2502\u2502             \u2502                      \u2502       \u2502             \u2502       \u2502       \u2502             \u2502\u2502             \u2502\n                                                            \u2502  sale_cost< \u2502\u2502             \u2502\u2502             \u2502       \u2502       \u2502             \u2502\u2502             \u2502                      \u2502       \u2502             \u2502       \u2502       \u2502             \u2502\u2502             \u2502\n                                                            \u2502    =36.00   \u2502\u2502             \u2502\u2502             \u2502       \u2502       \u2502             \u2502\u2502             \u2502                      \u2502       \u2502             \u2502       \u2502       \u2502             \u2502\u2502             \u2502\n                                                            \u2502             \u2502\u2502             \u2502\u2502             \u2502       \u2502       \u2502             \u2502\u2502             \u2502                      \u2502       \u2502             \u2502       \u2502       \u2502             \u2502\u2502             \u2502\n                                                            \u2502 542,254 rows\u2502\u2502   365 rows  \u2502\u2502 13,634 rows \u2502       \u2502       \u2502   60 rows   \u2502\u2502 39,019 rows \u2502                      \u2502       \u2502  7,086 rows \u2502       \u2502       \u2502   60 rows   \u2502\u2502 39,019 rows \u2502\n                                                            \u2502   (0.28s)   \u2502\u2502   (0.00s)   \u2502\u2502   (0.00s)   \u2502       \u2502       \u2502   (0.00s)   \u2502\u2502   (0.00s)   \u2502                      \u2502       \u2502   (0.01s)   \u2502       \u2502       \u2502   (0.00s)   \u2502\u2502   (0.00s)   \u2502\n                                                            \u2514\u2500\u2500\u2500\u2500\u2500\u2500\u2500\u2500\u2500\u2500\u2500\u2500\u2500\u2518\u2514\u2500\u2500\u2500\u2500\u2500\u2500\u252c\u2500\u2500\u2500\u2500\u2500\u2500\u2518\u2514\u2500\u2500\u2500\u2500\u2500\u2500\u252c\u2500\u2500\u2500\u2500\u2500\u2500\u2518       \u2502       \u2514\u2500\u2500\u2500\u2500\u2500\u2500\u252c\u2500\u2500\u2500\u2500\u2500\u2500\u2518\u2514\u2500\u2500\u2500\u2500\u2500\u2500\u252c\u2500\u2500\u2500\u2500\u2500\u2500\u2518                      \u2502       \u2514\u2500\u2500\u2500\u2500\u2500\u2500\u252c\u2500\u2500\u2500\u2500\u2500\u2500\u2518       \u2502       \u2514\u2500\u2500\u2500\u2500\u2500\u2500\u252c\u2500\u2500\u2500\u2500\u2500\u2500\u2518\u2514\u2500\u2500\u2500\u2500\u2500\u2500\u252c\u2500\u2500\u2500\u2500\u2500\u2500\u2518\n                                                                           \u250c\u2500\u2500\u2500\u2500\u2500\u2500\u2534\u2500\u2500\u2500\u2500\u2500\u2500\u2510\u250c\u2500\u2500\u2500\u2500\u2500\u2500\u2534\u2500\u2500\u2500\u2500\u2500\u2500\u2510\u250c\u2500\u2500\u2500\u2500\u2500\u2500\u2534\u2500\u2500\u2500\u2500\u2500\u2500\u2510\u250c\u2500\u2500\u2500\u2500\u2500\u2500\u2534\u2500\u2500\u2500\u2500\u2500\u2500\u2510\u250c\u2500\u2500\u2500\u2500\u2500\u2500\u2534\u2500\u2500\u2500\u2500\u2500\u2500\u2510               \u250c\u2500\u2500\u2500\u2500\u2500\u2500\u2534\u2500\u2500\u2500\u2500\u2500\u2500\u2510\u250c\u2500\u2500\u2500\u2500\u2500\u2500\u2534\u2500\u2500\u2500\u2500\u2500\u2500\u2510\u250c\u2500\u2500\u2500\u2500\u2500\u2500\u2534\u2500\u2500\u2500\u2500\u2500\u2500\u2510\u250c\u2500\u2500\u2500\u2500\u2500\u2500\u2534\u2500\u2500\u2500\u2500\u2500\u2500\u2510\u250c\u2500\u2500\u2500\u2500\u2500\u2500\u2534\u2500\u2500\u2500\u2500\u2500\u2500\u2510\n                                                                           \u2502  TABLE_SCAN \u2502\u2502  TABLE_SCAN \u2502\u2502    FILTER   \u2502\u2502   CTE_SCAN  \u2502\u2502HASH_GROUP_BY\u2502               \u2502  PROJECTION \u2502\u2502  TABLE_SCAN \u2502\u2502    FILTER   \u2502\u2502   CTE_SCAN  \u2502\u2502HASH_GROUP_BY\u2502\n                                                                           \u2502    \u2500\u2500\u2500\u2500\u2500\u2500   \u2502\u2502    \u2500\u2500\u2500\u2500\u2500\u2500   \u2502\u2502    \u2500\u2500\u2500\u2500\u2500\u2500   \u2502\u2502    \u2500\u2500\u2500\u2500\u2500\u2500   \u2502\u2502    \u2500\u2500\u2500\u2500\u2500\u2500   \u2502               \u2502    \u2500\u2500\u2500\u2500\u2500\u2500   \u2502\u2502    \u2500\u2500\u2500\u2500\u2500\u2500   \u2502\u2502    \u2500\u2500\u2500\u2500\u2500\u2500   \u2502\u2502    \u2500\u2500\u2500\u2500\u2500\u2500   \u2502\u2502    \u2500\u2500\u2500\u2500\u2500\u2500   \u2502\n                                                                           \u2502    Table:   \u2502\u2502    Table:   \u2502\u2502  (d_date_sk \u2502\u2502  CTE Index: \u2502\u2502   Groups:   \u2502               \u2502 CASE  WHEN (\u2502\u2502    Table:   \u2502\u2502  (d_date_sk \u2502\u2502  CTE Index: \u2502\u2502   Groups:   \u2502\n                                                                           \u2502   date_dim  \u2502\u2502catalog_sales\u2502\u2502    BETWEEN  \u2502\u2502      0      \u2502\u2502      #0     \u2502               \u2502  (#1 > 1))  \u2502\u2502  web_sales  \u2502\u2502    BETWEEN  \u2502\u2502      0      \u2502\u2502      #0     \u2502\n                                                                           \u2502             \u2502\u2502             \u2502\u2502  2450815 AND\u2502\u2502             \u2502\u2502             \u2502               \u2502 THEN (\"error\u2502\u2502             \u2502\u2502  2450816 AND\u2502\u2502             \u2502\u2502             \u2502\n                                                                           \u2502    Type:    \u2502\u2502    Type:    \u2502\u2502   2452653)  \u2502\u2502             \u2502\u2502 Aggregates: \u2502               \u2502 \"('More than\u2502\u2502    Type:    \u2502\u2502   2452642)  \u2502\u2502             \u2502\u2502 Aggregates: \u2502\n                                                                           \u2502  Sequential \u2502\u2502  Sequential \u2502\u2502             \u2502\u2502             \u2502\u2502   sum(#1)   \u2502               \u2502    one row  \u2502\u2502  Sequential \u2502\u2502             \u2502\u2502             \u2502\u2502   sum(#1)   \u2502\n                                                                           \u2502     Scan    \u2502\u2502     Scan    \u2502\u2502             \u2502\u2502             \u2502\u2502             \u2502               \u2502  returned by\u2502\u2502     Scan    \u2502\u2502             \u2502\u2502             \u2502\u2502             \u2502\n                                                                           \u2502             \u2502\u2502             \u2502\u2502             \u2502\u2502             \u2502\u2502             \u2502               \u2502  a subquery \u2502\u2502             \u2502\u2502             \u2502\u2502             \u2502\u2502             \u2502\n                                                                           \u2502 Projections:\u2502\u2502 Projections:\u2502\u2502             \u2502\u2502             \u2502\u2502             \u2502               \u2502  used as an \u2502\u2502 Projections:\u2502\u2502             \u2502\u2502             \u2502\u2502             \u2502\n                                                                           \u2502  d_date_sk  \u2502\u2502cs_sold_date_\u2502\u2502             \u2502\u2502             \u2502\u2502             \u2502               \u2502  expression \u2502\u2502ws_sold_date_\u2502\u2502             \u2502\u2502             \u2502\u2502             \u2502\n                                                                           \u2502             \u2502\u2502      sk     \u2502\u2502             \u2502\u2502             \u2502\u2502             \u2502               \u2502   - scalar  \u2502\u2502      sk     \u2502\u2502             \u2502\u2502             \u2502\u2502             \u2502\n                                                                           \u2502   Filters:  \u2502\u2502  cs_item_sk \u2502\u2502             \u2502\u2502             \u2502\u2502             \u2502               \u2502  subqueries \u2502\u2502  ws_item_sk \u2502\u2502             \u2502\u2502             \u2502\u2502             \u2502\n                                                                           \u2502 d_year=1999 \u2502\u2502cs_bill_custo\u2502\u2502             \u2502\u2502             \u2502\u2502             \u2502               \u2502   can only  \u2502\u2502ws_bill_custo\u2502\u2502             \u2502\u2502             \u2502\u2502             \u2502\n                                                                           \u2502             \u2502\u2502    mer_sk   \u2502\u2502             \u2502\u2502             \u2502\u2502             \u2502               \u2502   return a  \u2502\u2502    mer_sk   \u2502\u2502             \u2502\u2502             \u2502\u2502             \u2502\n                                                                           \u2502             \u2502\u2502 cs_quantity \u2502\u2502             \u2502\u2502             \u2502\u2502             \u2502               \u2502  single row.\u2502\u2502 ws_quantity \u2502\u2502             \u2502\u2502             \u2502\u2502             \u2502\n                                                                           \u2502             \u2502\u2502cs_list_price\u2502\u2502             \u2502\u2502             \u2502\u2502             \u2502               \u2502   Use \"SET  \u2502\u2502ws_list_price\u2502\u2502             \u2502\u2502             \u2502\u2502             \u2502\n                                                                           \u2502             \u2502\u2502             \u2502\u2502             \u2502\u2502             \u2502\u2502             \u2502               \u2502 scalar_subqu\u2502\u2502             \u2502\u2502             \u2502\u2502             \u2502\u2502             \u2502\n                                                                           \u2502             \u2502\u2502   Filters:  \u2502\u2502             \u2502\u2502             \u2502\u2502             \u2502               \u2502ery_error_on_\u2502\u2502   Filters:  \u2502\u2502             \u2502\u2502             \u2502\u2502             \u2502\n                                                                           \u2502             \u2502\u2502cs_wholesale_\u2502\u2502             \u2502\u2502             \u2502\u2502             \u2502               \u2502multiple_rows\u2502\u2502ws_wholesale_\u2502\u2502             \u2502\u2502             \u2502\u2502             \u2502\n                                                                           \u2502             \u2502\u2502 cost>=26.00 \u2502\u2502             \u2502\u2502             \u2502\u2502             \u2502               \u2502  =false\" to \u2502\u2502 cost>=26.00 \u2502\u2502             \u2502\u2502             \u2502\u2502             \u2502\n                                                                           \u2502             \u2502\u2502 AND cs_whole\u2502\u2502             \u2502\u2502             \u2502\u2502             \u2502               \u2502   revert to \u2502\u2502 AND ws_whole\u2502\u2502             \u2502\u2502             \u2502\u2502             \u2502\n                                                                           \u2502             \u2502\u2502  sale_cost< \u2502\u2502             \u2502\u2502             \u2502\u2502             \u2502               \u2502   previous  \u2502\u2502  sale_cost< \u2502\u2502             \u2502\u2502             \u2502\u2502             \u2502\n                                                                           \u2502             \u2502\u2502    =36.00   \u2502\u2502             \u2502\u2502             \u2502\u2502             \u2502               \u2502  behavior of\u2502\u2502    =36.00   \u2502\u2502             \u2502\u2502             \u2502\u2502             \u2502\n                                                                           \u2502             \u2502\u2502             \u2502\u2502             \u2502\u2502             \u2502\u2502             \u2502               \u2502  returning a\u2502\u2502             \u2502\u2502             \u2502\u2502             \u2502\u2502             \u2502\n                                                                           \u2502             \u2502\u2502             \u2502\u2502             \u2502\u2502             \u2502\u2502             \u2502               \u2502  random row.\u2502\u2502             \u2502\u2502             \u2502\u2502             \u2502\u2502             \u2502\n                                                                           \u2502             \u2502\u2502             \u2502\u2502             \u2502\u2502             \u2502\u2502             \u2502               \u2502 ')) ELSE #0 \u2502\u2502             \u2502\u2502             \u2502\u2502             \u2502\u2502             \u2502\n                                                                           \u2502             \u2502\u2502             \u2502\u2502             \u2502\u2502             \u2502\u2502             \u2502               \u2502      END    \u2502\u2502             \u2502\u2502             \u2502\u2502             \u2502\u2502             \u2502\n                                                                           \u2502             \u2502\u2502             \u2502\u2502             \u2502\u2502             \u2502\u2502             \u2502               \u2502             \u2502\u2502             \u2502\u2502             \u2502\u2502             \u2502\u2502             \u2502\n                                                                           \u2502   365 rows  \u2502\u2502 13,634 rows \u2502\u2502   31 rows   \u2502\u2502   60 rows   \u2502\u2502 41,447 rows \u2502               \u2502    1 row    \u2502\u2502  7,086 rows \u2502\u2502   31 rows   \u2502\u2502   60 rows   \u2502\u2502 41,447 rows \u2502\n                                                                           \u2502   (0.00s)   \u2502\u2502   (0.00s)   \u2502\u2502   (0.00s)   \u2502\u2502   (0.00s)   \u2502\u2502   (0.12s)   \u2502               \u2502   (0.00s)   \u2502\u2502   (0.06s)   \u2502\u2502   (0.00s)   \u2502\u2502   (0.00s)   \u2502\u2502   (0.12s)   \u2502\n                                                                           \u2514\u2500\u2500\u2500\u2500\u2500\u2500\u2500\u2500\u2500\u2500\u2500\u2500\u2500\u2518\u2514\u2500\u2500\u2500\u2500\u2500\u2500\u2500\u2500\u2500\u2500\u2500\u2500\u2500\u2518\u2514\u2500\u2500\u2500\u2500\u2500\u2500\u252c\u2500\u2500\u2500\u2500\u2500\u2500\u2518\u2514\u2500\u2500\u2500\u2500\u2500\u2500\u2500\u2500\u2500\u2500\u2500\u2500\u2500\u2518\u2514\u2500\u2500\u2500\u2500\u2500\u2500\u252c\u2500\u2500\u2500\u2500\u2500\u2500\u2518               \u2514\u2500\u2500\u2500\u2500\u2500\u2500\u252c\u2500\u2500\u2500\u2500\u2500\u2500\u2518\u2514\u2500\u2500\u2500\u2500\u2500\u2500\u2500\u2500\u2500\u2500\u2500\u2500\u2500\u2518\u2514\u2500\u2500\u2500\u2500\u2500\u2500\u252c\u2500\u2500\u2500\u2500\u2500\u2500\u2518\u2514\u2500\u2500\u2500\u2500\u2500\u2500\u2500\u2500\u2500\u2500\u2500\u2500\u2500\u2518\u2514\u2500\u2500\u2500\u2500\u2500\u2500\u252c\u2500\u2500\u2500\u2500\u2500\u2500\u2518\n                                                                                                         \u250c\u2500\u2500\u2500\u2500\u2500\u2500\u2534\u2500\u2500\u2500\u2500\u2500\u2500\u2510               \u250c\u2500\u2500\u2500\u2500\u2500\u2500\u2534\u2500\u2500\u2500\u2500\u2500\u2500\u2510               \u250c\u2500\u2500\u2500\u2500\u2500\u2500\u2534\u2500\u2500\u2500\u2500\u2500\u2500\u2510               \u250c\u2500\u2500\u2500\u2500\u2500\u2500\u2534\u2500\u2500\u2500\u2500\u2500\u2500\u2510               \u250c\u2500\u2500\u2500\u2500\u2500\u2500\u2534\u2500\u2500\u2500\u2500\u2500\u2500\u2510\n                                                                                                         \u2502  TABLE_SCAN \u2502               \u2502  PROJECTION \u2502               \u2502UNGROUPE...  \u2502               \u2502  TABLE_SCAN \u2502               \u2502  PROJECTION \u2502\n                                                                                                         \u2502    \u2500\u2500\u2500\u2500\u2500\u2500   \u2502               \u2502    \u2500\u2500\u2500\u2500\u2500\u2500   \u2502               \u2502    \u2500\u2500\u2500\u2500\u2500\u2500   \u2502               \u2502    \u2500\u2500\u2500\u2500\u2500\u2500   \u2502               \u2502    \u2500\u2500\u2500\u2500\u2500\u2500   \u2502\n                                                                                                         \u2502    Table:   \u2502               \u2502c_customer_sk\u2502               \u2502 Aggregates: \u2502               \u2502    Table:   \u2502               \u2502c_customer_sk\u2502\n                                                                                                         \u2502   date_dim  \u2502               \u2502(CAST(ss_quan\u2502               \u2502 \"first\"(#0) \u2502               \u2502   date_dim  \u2502               \u2502(CAST(ss_quan\u2502\n                                                                                                         \u2502             \u2502               \u2502tity AS DECIM\u2502               \u2502 count_star()\u2502               \u2502             \u2502               \u2502tity AS DECIM\u2502\n                                                                                                         \u2502    Type:    \u2502               \u2502 AL(17,0)) * \u2502               \u2502             \u2502               \u2502    Type:    \u2502               \u2502 AL(17,0)) * \u2502\n                                                                                                         \u2502  Sequential \u2502               \u2502 CAST(ss_sale\u2502               \u2502             \u2502               \u2502  Sequential \u2502               \u2502 CAST(ss_sale\u2502\n                                                                                                         \u2502     Scan    \u2502               \u2502  s_price AS \u2502               \u2502             \u2502               \u2502     Scan    \u2502               \u2502  s_price AS \u2502\n                                                                                                         \u2502             \u2502               \u2502  DECIMAL(17 \u2502               \u2502             \u2502               \u2502             \u2502               \u2502  DECIMAL(17 \u2502\n                                                                                                         \u2502 Projections:\u2502               \u2502    ,2)))    \u2502               \u2502             \u2502               \u2502 Projections:\u2502               \u2502    ,2)))    \u2502\n                                                                                                         \u2502  d_date_sk  \u2502               \u2502             \u2502               \u2502             \u2502               \u2502  d_date_sk  \u2502               \u2502             \u2502\n                                                                                                         \u2502             \u2502               \u2502             \u2502               \u2502             \u2502               \u2502             \u2502               \u2502             \u2502\n                                                                                                         \u2502   Filters:  \u2502               \u2502             \u2502               \u2502             \u2502               \u2502   Filters:  \u2502               \u2502             \u2502\n                                                                                                         \u2502 d_year=1999 \u2502               \u2502             \u2502               \u2502             \u2502               \u2502 d_year=1999 \u2502               \u2502             \u2502\n                                                                                                         \u2502   d_moy=5   \u2502               \u2502             \u2502               \u2502             \u2502               \u2502   d_moy=5   \u2502               \u2502             \u2502\n                                                                                                         \u2502             \u2502               \u2502             \u2502               \u2502             \u2502               \u2502             \u2502               \u2502             \u2502\n                                                                                                         \u2502   31 rows   \u2502               \u25022,299,69...  \u2502               \u2502    1 row    \u2502               \u2502   31 rows   \u2502               \u25022,299,69...  \u2502\n                                                                                                         \u2502   (0.00s)   \u2502               \u2502   (0.05s)   \u2502               \u2502   (0.00s)   \u2502               \u2502   (0.00s)   \u2502               \u2502   (0.04s)   \u2502\n                                                                                                         \u2514\u2500\u2500\u2500\u2500\u2500\u2500\u2500\u2500\u2500\u2500\u2500\u2500\u2500\u2518               \u2514\u2500\u2500\u2500\u2500\u2500\u2500\u252c\u2500\u2500\u2500\u2500\u2500\u2500\u2518               \u2514\u2500\u2500\u2500\u2500\u2500\u2500\u252c\u2500\u2500\u2500\u2500\u2500\u2500\u2518               \u2514\u2500\u2500\u2500\u2500\u2500\u2500\u2500\u2500\u2500\u2500\u2500\u2500\u2500\u2518               \u2514\u2500\u2500\u2500\u2500\u2500\u2500\u252c\u2500\u2500\u2500\u2500\u2500\u2500\u2518\n                                                                                                                                       \u250c\u2500\u2500\u2500\u2500\u2500\u2500\u2534\u2500\u2500\u2500\u2500\u2500\u2500\u2510               \u250c\u2500\u2500\u2500\u2500\u2500\u2500\u2534\u2500\u2500\u2500\u2500\u2500\u2500\u2510                                             \u250c\u2500\u2500\u2500\u2500\u2500\u2500\u2534\u2500\u2500\u2500\u2500\u2500\u2500\u2510\n                                                                                                                                       \u2502  HASH_JOIN  \u2502               \u2502  PROJECTION \u2502                                             \u2502  HASH_JOIN  \u2502\n                                                                                                                                       \u2502    \u2500\u2500\u2500\u2500\u2500\u2500   \u2502               \u2502    \u2500\u2500\u2500\u2500\u2500\u2500   \u2502                                             \u2502    \u2500\u2500\u2500\u2500\u2500\u2500   \u2502\n                                                                                                                                       \u2502  Join Type: \u2502               \u2502      #0     \u2502                                             \u2502  Join Type: \u2502\n                                                                                                                                       \u2502    INNER    \u2502               \u2502             \u2502                                             \u2502    INNER    \u2502\n                                                                                                                                       \u2502             \u2502               \u2502             \u2502                                             \u2502             \u2502\n                                                                                                                                       \u2502 Conditions: \u2502               \u2502             \u2502                                             \u2502 Conditions: \u2502\n                                                                                                                                       \u2502ss_customer_s\u251c\u2500\u2500\u2500\u2500\u2500\u2500\u2500\u2510       \u2502             \u2502                                             \u2502c_customer_sk\u251c\n                                                                                                                                       \u2502k = c_custome\u2502       \u2502       \u2502             \u2502                                             \u2502 = c_customer\u2502\n                                                                                                                                       \u2502     r_sk    \u2502       \u2502       \u2502             \u2502                                             \u2502     _sk     \u2502\n                                                                                                                                       \u2502             \u2502       \u2502       \u2502             \u2502                                             \u2502             \u2502\n                                                                                                                                       \u25022,299,69...  \u2502       \u2502       \u2502    1 row    \u2502                                             \u25022,299,69...  \u2502\n                                                                                                                                       \u2502   (0.08s)   \u2502       \u2502       \u2502   (0.00s)   \u2502                                             \u2502   (0.08s)   \u2502\n                                                                                                                                       \u2514\u2500\u2500\u2500\u2500\u2500\u2500\u252c\u2500\u2500\u2500\u2500\u2500\u2500\u2518       \u2502       \u2514\u2500\u2500\u2500\u2500\u2500\u2500\u252c\u2500\u2500\u2500\u2500\u2500\u2500\u2518                                             \u2514\u2500\u2500\u2500\u2500\u2500\u2500\u252c\u2500\u2500\u2500\u2500\u2500\u2500\u2518\n                                                                                                                                       \u250c\u2500\u2500\u2500\u2500\u2500\u2500\u2534\u2500\u2500\u2500\u2500\u2500\u2500\u2510\u250c\u2500\u2500\u2500\u2500\u2500\u2500\u2534\u2500\u2500\u2500\u2500\u2500\u2500\u2510\u250c\u2500\u2500\u2500\u2500\u2500\u2500\u2534\u2500\u2500\u2500\u2500\u2500\u2500\u2510                                             \u250c\u2500\u2500\u2500\u2500\u2500\u2500\u2534\u2500\u2500\u2500\u2500\u2500\u2500\u2510\n                                                                                                                                       \u2502  TABLE_SCAN \u2502\u2502  TABLE_SCAN \u2502\u2502   CTE_SCAN  \u2502                                             \u2502  TABLE_SCAN \u2502\n                                                                                                                                       \u2502    \u2500\u2500\u2500\u2500\u2500\u2500   \u2502\u2502    \u2500\u2500\u2500\u2500\u2500\u2500   \u2502\u2502    \u2500\u2500\u2500\u2500\u2500\u2500   \u2502                                             \u2502    \u2500\u2500\u2500\u2500\u2500\u2500   \u2502\n                                                                                                                                       \u2502    Table:   \u2502\u2502    Table:   \u2502\u2502  CTE Index: \u2502                                             \u2502    Table:   \u2502\n                                                                                                                                       \u2502 store_sales \u2502\u2502   customer  \u2502\u2502      10     \u2502                                             \u2502 store_sales \u2502\n                                                                                                                                       \u2502             \u2502\u2502             \u2502\u2502             \u2502                                             \u2502             \u2502\n                                                                                                                                       \u2502    Type:    \u2502\u2502    Type:    \u2502\u2502             \u2502                                             \u2502    Type:    \u2502\n                                                                                                                                       \u2502  Sequential \u2502\u2502  Sequential \u2502\u2502             \u2502                                             \u2502  Sequential \u2502\n                                                                                                                                       \u2502     Scan    \u2502\u2502     Scan    \u2502\u2502             \u2502                                             \u2502     Scan    \u2502\n                                                                                                                                       \u2502             \u2502\u2502             \u2502\u2502             \u2502                                             \u2502             \u2502\n                                                                                                                                       \u2502 Projections:\u2502\u2502 Projections:\u2502\u2502             \u2502                                             \u2502 Projections:\u2502\n                                                                                                                                       \u2502ss_customer_s\u2502\u2502c_customer_sk\u2502\u2502             \u2502                                             \u2502ss_customer_s\u2502\n                                                                                                                                       \u2502      k      \u2502\u2502             \u2502\u2502             \u2502                                             \u2502      k      \u2502\n                                                                                                                                       \u2502 ss_quantity \u2502\u2502   Filters:  \u2502\u2502             \u2502                                             \u2502 ss_quantity \u2502\n                                                                                                                                       \u2502ss_sales_pric\u2502\u2502 c_birth_year\u2502\u2502             \u2502                                             \u2502ss_sales_pric\u2502\n                                                                                                                                       \u2502      e      \u2502\u2502  >=1987 AND \u2502\u2502             \u2502                                             \u2502      e      \u2502\n                                                                                                                                       \u2502             \u2502\u2502 c_birth_year\u2502\u2502             \u2502                                             \u2502             \u2502\n                                                                                                                                       \u2502             \u2502\u2502    <=1993   \u2502\u2502             \u2502                                             \u2502   Filters:  \u2502\n                                                                                                                                       \u2502             \u2502\u2502             \u2502\u2502             \u2502                                             \u2502ss_customer_s\u2502\n                                                                                                                                       \u2502             \u2502\u2502             \u2502\u2502             \u2502                                             \u2502   k>=2 AND  \u2502\n                                                                                                                                       \u2502             \u2502\u2502             \u2502\u2502             \u2502                                             \u2502 ss_customer_\u2502\n                                                                                                                                       \u2502             \u2502\u2502             \u2502\u2502             \u2502                                             \u2502  sk<=499998 \u2502\n                                                                                                                                       \u2502             \u2502\u2502             \u2502\u2502             \u2502                                             \u2502             \u2502\n                                                                                                                                       \u250227,502,3...  \u2502\u2502 41,811 rows \u2502\u2502    1 row    \u2502                                             \u250227,502,3...  \u2502\n                                                                                                                                       \u2502   (0.20s)   \u2502\u2502   (0.00s)   \u2502\u2502   (0.00s)   \u2502                                             \u2502   (0.27s)   \u2502\n                                                                                                                                       \u2514\u2500\u2500\u2500\u2500\u2500\u2500\u2500\u2500\u2500\u2500\u2500\u2500\u2500\u2518\u2514\u2500\u2500\u2500\u2500\u2500\u2500\u2500\u2500\u2500\u2500\u2500\u2500\u2500\u2518\u2514\u2500\u2500\u2500\u2500\u2500\u2500\u2500\u2500\u2500\u2500\u2500\u2500\u2500\u2518                                             \u2514\u2500\u2500\u2500\u2500\u2500\u2500\u2500\u2500\u2500\u2500\u2500\u2500\u2500\u2518\n                                                                                                                                                                                                                                                \n                                                                                                                                                                                                                                                \n                                                                                                                                                                                                                                                \n                                                                                                                                                                                                                                                \n                                                                                                                                                                                                                                                \n                                                                                                                                                                                                                                                \n                                                                                                                                                                                                                                                \n                                                                                                                                                                                                                                                \n                                                                                                                                                                                                                                                \n                                                                                                                                                                                                                                                \n                                                                                                                                                                                                                                                \n                                                                                                                                                                                                                                                \n                                                                                                                                                                                                                                                \n                                                                                                                                                                                                                                                \n                                                                                                                                                                                                                                                \n                                                                                                                                                                                                                                                \n                                                                                                                                                                                                                                                \n                                                                                                                                                                                                                                                \n                                                                                                                                                                                                                                                \n                                                                                                                                                                                                                                                \n                                                                                                                                                                                                                                                \n                                                                                                                                                                                                                                                \n",
  "plan_json": {
    "total_bytes_written": 0,
    "total_bytes_read": 0,
    "rows_returned": 0,
    "latency": 0.0,
    "result_set_size": 0,
    "query_name": "",
    "blocked_thread_time": 0.0,
    "system_peak_buffer_memory": 0,
    "system_peak_temp_dir_size": 0,
    "cpu_time": 0.0,
    "extra_info": {},
    "cumulative_cardinality": 0,
    "cumulative_rows_scanned": 0,
    "children": [
      {
        "total_bytes_written": 0,
        "total_bytes_read": 0,
        "result_set_size": 0,
        "operator_name": "EXPLAIN_ANALYZE",
        "cpu_time": 0.0,
        "extra_info": {},
        "cumulative_cardinality": 0,
        "operator_type": "EXPLAIN_ANALYZE",
        "operator_cardinality": 0,
        "cumulative_rows_scanned": 0,
        "operator_rows_scanned": 0,
        "operator_timing": 1.88e-07,
        "children": [
          {
            "total_bytes_written": 0,
            "total_bytes_read": 0,
            "result_set_size": 0,
            "operator_name": "CTE",
            "cpu_time": 0.0,
            "extra_info": {
              "CTE Name": "frequent_ss_items",
              "Table Index": "0",
              "Estimated Cardinality": "1"
            },
            "cumulative_cardinality": 0,
            "operator_type": "CTE",
            "operator_cardinality": 0,
            "cumulative_rows_scanned": 0,
            "operator_rows_scanned": 0,
            "operator_timing": 0.00013394,
            "children": [
              {
                "total_bytes_written": 0,
                "total_bytes_read": 0,
                "result_set_size": 1920,
                "operator_name": "FILTER",
                "cpu_time": 0.0,
                "extra_info": {
                  "Expression": "(count_star() > 4)",
                  "Estimated Cardinality": "1959"
                },
                "cumulative_cardinality": 0,
                "operator_type": "FILTER",
                "operator_cardinality": 60,
                "cumulative_rows_scanned": 0,
                "operator_rows_scanned": 0,
                "operator_timing": 0.000684492,
                "children": [
                  {
                    "total_bytes_written": 0,
                    "total_bytes_read": 0,
                    "result_set_size": 7974592,
                    "operator_name": "HASH_GROUP_BY",
                    "cpu_time": 0.0,
                    "extra_info": {
                      "Groups": [
                        "#0",
                        "#1",
                        "#2"
                      ],
                      "Aggregates": "count_star()",
                      "Estimated Cardinality": "9796"
                    },
                    "cumulative_cardinality": 0,
                    "operator_type": "HASH_GROUP_BY",
                    "operator_cardinality": 249206,
                    "cumulative_rows_scanned": 0,
                    "operator_rows_scanned": 0,
                    "operator_timing": 0.12065430999999999,
                    "children": [
                      {
                        "total_bytes_written": 0,
                        "total_bytes_read": 0,
                        "result_set_size": 7177752,
                        "operator_name": "PROJECTION",
                        "cpu_time": 0.0,
                        "extra_info": {
                          "Projections": [
                            "\"substring\"(i_item_desc, 1, 30)",
                            "i_item_sk",
                            "d_date"
                          ],
                          "Estimated Cardinality": "9797"
                        },
                        "cumulative_cardinality": 0,
                        "operator_type": "PROJECTION",
                        "operator_cardinality": 299073,
                        "cumulative_rows_scanned": 0,
                        "operator_rows_scanned": 0,
                        "operator_timing": 0.014613851,
                        "children": [
                          {
                            "total_bytes_written": 0,
                            "total_bytes_read": 0,
                            "result_set_size": 7177752,
                            "operator_name": "HASH_JOIN",
                            "cpu_time": 0.0,
                            "extra_info": {
                              "Join Type": "INNER",
                              "Conditions": "ss_item_sk = i_item_sk",
                              "Estimated Cardinality": "9797"
                            },
                            "cumulative_cardinality": 0,
                            "operator_type": "HASH_JOIN",
                            "operator_cardinality": 299073,
                            "cumulative_rows_scanned": 0,
                            "operator_rows_scanned": 0,
                            "operator_timing": 0.076187043,
                            "children": [
                              {
                                "total_bytes_written": 0,
                                "total_bytes_read": 0,
                                "result_set_size": 44019328,
                                "operator_name": "HASH_JOIN",
                                "cpu_time": 0.0,
                                "extra_info": {
                                  "Join Type": "INNER",
                                  "Conditions": "ss_sold_date_sk = d_date_sk",
                                  "Estimated Cardinality": "230647"
                                },
                                "cumulative_cardinality": 0,
                                "operator_type": "HASH_JOIN",
                                "operator_cardinality": 5502416,
                                "cumulative_rows_scanned": 0,
                                "operator_rows_scanned": 0,
                                "operator_timing": 0.034280618,
                                "children": [
                                  {
                                    "total_bytes_written": 0,
                                    "total_bytes_read": 0,
                                    "result_set_size": 44019328,
                                    "operator_name": "SEQ_SCAN ",
                                    "cpu_time": 0.0,
                                    "extra_info": {
                                      "Table": "store_sales",
                                      "Type": "Sequential Scan",
                                      "Projections": [
                                        "ss_sold_date_sk",
                                        "ss_item_sk"
                                      ],
                                      "Estimated Cardinality": "28800991"
                                    },
                                    "cumulative_cardinality": 0,
                                    "operator_type": "TABLE_SCAN",
                                    "operator_cardinality": 5502416,
                                    "cumulative_rows_scanned": 0,
                                    "operator_rows_scanned": 806427748,
                                    "operator_timing": 0.19451106999999998,
                                    "children": []
                                  },
                                  {
                                    "total_bytes_written": 0,
                                    "total_bytes_read": 0,
                                    "result_set_size": 2920,
                                    "operator_name": "FILTER",
                                    "cpu_time": 0.0,
                                    "extra_info": {
                                      "Expression": "(d_date_sk BETWEEN 2450816 AND 2452642)",
                                      "Estimated Cardinality": "585"
                                    },
                                    "cumulative_cardinality": 0,
                                    "operator_type": "FILTER",
                                    "operator_cardinality": 365,
                                    "cumulative_rows_scanned": 0,
                                    "operator_rows_scanned": 0,
                                    "operator_timing": 6.791e-06,
                                    "children": [
                                      {
                                        "total_bytes_written": 0,
                                        "total_bytes_read": 0,
                                        "result_set_size": 2920,
                                        "operator_name": "SEQ_SCAN ",
                                        "cpu_time": 0.0,
                                        "extra_info": {
                                          "Table": "date_dim",
                                          "Type": "Sequential Scan",
                                          "Projections": [
                                            "d_date_sk",
                                            "d_date"
                                          ],
                                          "Filters": "d_year=1999",
                                          "Estimated Cardinality": "585"
                                        },
                                        "cumulative_cardinality": 0,
                                        "operator_type": "TABLE_SCAN",
                                        "operator_cardinality": 365,
                                        "cumulative_rows_scanned": 0,
                                        "operator_rows_scanned": 73049,
                                        "operator_timing": 2.3838e-05,
                                        "children": []
                                      }
                                    ]
                                  }
                                ]
                              },
                              {
                                "total_bytes_written": 0,
                                "total_bytes_read": 0,
                                "result_set_size": 111700,
                                "operator_name": "PROJECTION",
                                "cpu_time": 0.0,
                                "extra_info": {
                                  "Projections": [
                                    "#0",
                                    "#2"
                                  ],
                                  "Estimated Cardinality": "4080"
                                },
                                "cumulative_cardinality": 0,
                                "operator_type": "PROJECTION",
                                "operator_cardinality": 5585,
                                "cumulative_rows_scanned": 0,
                                "operator_rows_scanned": 0,
                                "operator_timing": 2.4142000000000004e-05,
                                "children": [
                                  {
                                    "total_bytes_written": 0,
                                    "total_bytes_read": 0,
                                    "result_set_size": 201060,
                                    "operator_name": "FILTER",
                                    "cpu_time": 0.0,
                                    "extra_info": {
                                      "Expression": "((i_category = 'Men') OR (i_category = 'Music') OR (i_category = 'Sports'))",
                                      "Estimated Cardinality": "4080"
                                    },
                                    "cumulative_cardinality": 0,
                                    "operator_type": "FILTER",
                                    "operator_cardinality": 5585,
                                    "cumulative_rows_scanned": 0,
                                    "operator_rows_scanned": 0,
                                    "operator_timing": 0.000734241,
                                    "children": [
                                      {
                                        "total_bytes_written": 0,
                                        "total_bytes_read": 0,
                                        "result_set_size": 666288,
                                        "operator_name": "SEQ_SCAN ",
                                        "cpu_time": 0.0,
                                        "extra_info": {
                                          "Table": "item",
                                          "Type": "Sequential Scan",
                                          "Projections": [
                                            "i_item_sk",
                                            "i_category",
                                            "i_item_desc"
                                          ],
                                          "Filters": [
                                            "i_manager_id>=44 AND i_manager_id<=63",
                                            "optional: i_category IN ('Men', 'Music', 'Sports')"
                                          ],
                                          "Estimated Cardinality": "20400"
                                        },
                                        "cumulative_cardinality": 0,
                                        "operator_type": "TABLE_SCAN",
                                        "operator_cardinality": 18508,
                                        "cumulative_rows_scanned": 0,
                                        "operator_rows_scanned": 102000,
                                        "operator_timing": 0.007658141,
                                        "children": []
                                      }
                                    ]
                                  }
                                ]
                              }
                            ]
                          }
                        ]
                      }
                    ]
                  }
                ]
              },
              {
                "total_bytes_written": 0,
                "total_bytes_read": 0,
                "result_set_size": 0,
                "operator_name": "CTE",
                "cpu_time": 0.0,
                "extra_info": {
                  "CTE Name": "max_store_sales",
                  "Table Index": "10",
                  "Estimated Cardinality": "1"
                },
                "cumulative_cardinality": 0,
                "operator_type": "CTE",
                "operator_cardinality": 0,
                "cumulative_rows_scanned": 0,
                "operator_rows_scanned": 0,
                "operator_timing": 1.774e-06,
                "children": [
                  {
                    "total_bytes_written": 0,
                    "total_bytes_read": 0,
                    "result_set_size": 16,
                    "operator_name": "UNGROUPED_AGGREGATE",
                    "cpu_time": 0.0,
                    "extra_info": {
                      "Aggregates": "max(#0)"
                    },
                    "cumulative_cardinality": 0,
                    "operator_type": "UNGROUPED_AGGREGATE",
                    "operator_cardinality": 1,
                    "cumulative_rows_scanned": 0,
                    "operator_rows_scanned": 0,
                    "operator_timing": 0.00044089100000000006,
                    "children": [
                      {
                        "total_bytes_written": 0,
                        "total_bytes_read": 0,
                        "result_set_size": 3831040,
                        "operator_name": "PROJECTION",
                        "cpu_time": 0.0,
                        "extra_info": {
                          "Projections": "csales",
                          "Estimated Cardinality": "43473"
                        },
                        "cumulative_cardinality": 0,
                        "operator_type": "PROJECTION",
                        "operator_cardinality": 239440,
                        "cumulative_rows_scanned": 0,
                        "operator_rows_scanned": 0,
                        "operator_timing": 1.3054e-05,
                        "children": [
                          {
                            "total_bytes_written": 0,
                            "total_bytes_read": 0,
                            "result_set_size": 3831040,
                            "operator_name": "PROJECTION",
                            "cpu_time": 0.0,
                            "extra_info": {
                              "Projections": "csales",
                              "Estimated Cardinality": "43473"
                            },
                            "cumulative_cardinality": 0,
                            "operator_type": "PROJECTION",
                            "operator_cardinality": 239440,
                            "cumulative_rows_scanned": 0,
                            "operator_rows_scanned": 0,
                            "operator_timing": 2.6792e-05,
                            "children": [
                              {
                                "total_bytes_written": 0,
                                "total_bytes_read": 0,
                                "result_set_size": 4788800,
                                "operator_name": "HASH_GROUP_BY",
                                "cpu_time": 0.0,
                                "extra_info": {
                                  "Groups": "#0",
                                  "Aggregates": "sum(#1)",
                                  "Estimated Cardinality": "43473"
                                },
                                "cumulative_cardinality": 0,
                                "operator_type": "HASH_GROUP_BY",
                                "operator_cardinality": 239440,
                                "cumulative_rows_scanned": 0,
                                "operator_rows_scanned": 0,
                                "operator_timing": 0.031983523,
                                "children": [
                                  {
                                    "total_bytes_written": 0,
                                    "total_bytes_read": 0,
                                    "result_set_size": 6427980,
                                    "operator_name": "PROJECTION",
                                    "cpu_time": 0.0,
                                    "extra_info": {
                                      "Projections": [
                                        "c_customer_sk",
                                        "(CAST(ss_quantity AS DECIMAL(17,0)) * CAST(ss_sales_price AS DECIMAL(17,2)))"
                                      ],
                                      "Estimated Cardinality": "46129"
                                    },
                                    "cumulative_cardinality": 0,
                                    "operator_type": "PROJECTION",
                                    "operator_cardinality": 535665,
                                    "cumulative_rows_scanned": 0,
                                    "operator_rows_scanned": 0,
                                    "operator_timing": 0.0021659120000000003,
                                    "children": [
                                      {
                                        "total_bytes_written": 0,
                                        "total_bytes_read": 0,
                                        "result_set_size": 8570640,
                                        "operator_name": "HASH_JOIN",
                                        "cpu_time": 0.0,
                                        "extra_info": {
                                          "Join Type": "INNER",
                                          "Conditions": "c_customer_sk = ss_customer_sk",
                                          "Estimated Cardinality": "46129"
                                        },
                                        "cumulative_cardinality": 0,
                                        "operator_type": "HASH_JOIN",
                                        "operator_cardinality": 535665,
                                        "cumulative_rows_scanned": 0,
                                        "operator_rows_scanned": 0,
                                        "operator_timing": 0.047131593000000006,
                                        "children": [
                                          {
                                            "total_bytes_written": 0,
                                            "total_bytes_read": 0,
                                            "result_set_size": 1999992,
                                            "operator_name": "SEQ_SCAN ",
                                            "cpu_time": 0.0,
                                            "extra_info": {
                                              "Table": "customer",
                                              "Type": "Sequential Scan",
                                              "Projections": "c_customer_sk",
                                              "Estimated Cardinality": "500000"
                                            },
                                            "cumulative_cardinality": 0,
                                            "operator_type": "TABLE_SCAN",
                                            "operator_cardinality": 499998,
                                            "cumulative_rows_scanned": 0,
                                            "operator_rows_scanned": 2500000,
                                            "operator_timing": 0.000641713,
                                            "children": []
                                          },
                                          {
                                            "total_bytes_written": 0,
                                            "total_bytes_read": 0,
                                            "result_set_size": 8676064,
                                            "operator_name": "HASH_JOIN",
                                            "cpu_time": 0.0,
                                            "extra_info": {
                                              "Join Type": "INNER",
                                              "Conditions": "ss_sold_date_sk = d_date_sk",
                                              "Estimated Cardinality": "46129"
                                            },
                                            "cumulative_cardinality": 0,
                                            "operator_type": "HASH_JOIN",
                                            "operator_cardinality": 542254,
                                            "cumulative_rows_scanned": 0,
                                            "operator_rows_scanned": 0,
                                            "operator_timing": 0.049806389000000006,
                                            "children": [
                                              {
                                                "total_bytes_written": 0,
                                                "total_bytes_read": 0,
                                                "result_set_size": 8676064,
                                                "operator_name": "SEQ_SCAN ",
                                                "cpu_time": 0.0,
                                                "extra_info": {
                                                  "Table": "store_sales",
                                                  "Type": "Sequential Scan",
                                                  "Projections": [
                                                    "ss_customer_sk",
                                                    "ss_sold_date_sk",
                                                    "ss_quantity",
                                                    "ss_sales_price"
                                                  ],
                                                  "Filters": "ss_wholesale_cost>=26.00 AND ss_wholesale_cost<=36.00",
                                                  "Estimated Cardinality": "5760198"
                                                },
                                                "cumulative_cardinality": 0,
                                                "operator_type": "TABLE_SCAN",
                                                "operator_cardinality": 542254,
                                                "cumulative_rows_scanned": 0,
                                                "operator_rows_scanned": 806427748,
                                                "operator_timing": 0.261539987,
                                                "children": []
                                              },
                                              {
                                                "total_bytes_written": 0,
                                                "total_bytes_read": 0,
                                                "result_set_size": 1460,
                                                "operator_name": "FILTER",
                                                "cpu_time": 0.0,
                                                "extra_info": {
                                                  "Expression": "(d_date_sk BETWEEN 2450816 AND 2452642)",
                                                  "Estimated Cardinality": "585"
                                                },
                                                "cumulative_cardinality": 0,
                                                "operator_type": "FILTER",
                                                "operator_cardinality": 365,
                                                "cumulative_rows_scanned": 0,
                                                "operator_rows_scanned": 0,
                                                "operator_timing": 7.93e-06,
                                                "children": [
                                                  {
                                                    "total_bytes_written": 0,
                                                    "total_bytes_read": 0,
                                                    "result_set_size": 1460,
                                                    "operator_name": "SEQ_SCAN ",
                                                    "cpu_time": 0.0,
                                                    "extra_info": {
                                                      "Table": "date_dim",
                                                      "Type": "Sequential Scan",
                                                      "Projections": "d_date_sk",
                                                      "Filters": "d_year=1999",
                                                      "Estimated Cardinality": "585"
                                                    },
                                                    "cumulative_cardinality": 0,
                                                    "operator_type": "TABLE_SCAN",
                                                    "operator_cardinality": 365,
                                                    "cumulative_rows_scanned": 0,
                                                    "operator_rows_scanned": 73049,
                                                    "operator_timing": 2.126e-05,
                                                    "children": []
                                                  }
                                                ]
                                              }
                                            ]
                                          }
                                        ]
                                      }
                                    ]
                                  }
                                ]
                              }
                            ]
                          }
                        ]
                      }
                    ]
                  },
                  {
                    "total_bytes_written": 0,
                    "total_bytes_read": 0,
                    "result_set_size": 16,
                    "operator_name": "STREAMING_LIMIT",
                    "cpu_time": 0.0,
                    "extra_info": {},
                    "cumulative_cardinality": 0,
                    "operator_type": "STREAMING_LIMIT",
                    "operator_cardinality": 1,
                    "cumulative_rows_scanned": 0,
                    "operator_rows_scanned": 0,
                    "operator_timing": 1.21e-06,
                    "children": [
                      {
                        "total_bytes_written": 0,
                        "total_bytes_read": 0,
                        "result_set_size": 16,
                        "operator_name": "UNGROUPED_AGGREGATE",
                        "cpu_time": 0.0,
                        "extra_info": {
                          "Aggregates": "sum(#0)"
                        },
                        "cumulative_cardinality": 0,
                        "operator_type": "UNGROUPED_AGGREGATE",
                        "operator_cardinality": 1,
                        "cumulative_rows_scanned": 0,
                        "operator_rows_scanned": 0,
                        "operator_timing": 5.63e-06,
                        "children": [
                          {
                            "total_bytes_written": 0,
                            "total_bytes_read": 0,
                            "result_set_size": 24,
                            "operator_name": "PROJECTION",
                            "cpu_time": 0.0,
                            "extra_info": {
                              "Projections": "sales",
                              "Estimated Cardinality": "1383"
                            },
                            "cumulative_cardinality": 0,
                            "operator_type": "PROJECTION",
                            "operator_cardinality": 3,
                            "cumulative_rows_scanned": 0,
                            "operator_rows_scanned": 0,
                            "operator_timing": 2.77e-07,
                            "children": [
                              {
                                "total_bytes_written": 0,
                                "total_bytes_read": 0,
                                "result_set_size": 0,
                                "operator_name": "UNION",
                                "cpu_time": 0.0,
                                "extra_info": {},
                                "cumulative_cardinality": 0,
                                "operator_type": "UNION",
                                "operator_cardinality": 0,
                                "cumulative_rows_scanned": 0,
                                "operator_rows_scanned": 0,
                                "operator_timing": 0.0,
                                "children": [
                                  {
                                    "total_bytes_written": 0,
                                    "total_bytes_read": 0,
                                    "result_set_size": 16,
                                    "operator_name": "PROJECTION",
                                    "cpu_time": 0.0,
                                    "extra_info": {
                                      "Projections": "sales",
                                      "Estimated Cardinality": "922"
                                    },
                                    "cumulative_cardinality": 0,
                                    "operator_type": "PROJECTION",
                                    "operator_cardinality": 2,
                                    "cumulative_rows_scanned": 0,
                                    "operator_rows_scanned": 0,
                                    "operator_timing": 4.997e-06,
                                    "children": [
                                      {
                                        "total_bytes_written": 0,
                                        "total_bytes_read": 0,
                                        "result_set_size": 16,
                                        "operator_name": "HASH_JOIN",
                                        "cpu_time": 0.0,
                                        "extra_info": {
                                          "Join Type": "SEMI",
                                          "Conditions": "cs_bill_customer_sk = #0",
                                          "Estimated Cardinality": "922"
                                        },
                                        "cumulative_cardinality": 0,
                                        "operator_type": "HASH_JOIN",
                                        "operator_cardinality": 2,
                                        "cumulative_rows_scanned": 0,
                                        "operator_rows_scanned": 0,
                                        "operator_timing": 0.0012781959999999999,
                                        "children": [
                                          {
                                            "total_bytes_written": 0,
                                            "total_bytes_read": 0,
                                            "result_set_size": 228,
                                            "operator_name": "HASH_JOIN",
                                            "cpu_time": 0.0,
                                            "extra_info": {
                                              "Join Type": "SEMI",
                                              "Conditions": "cs_item_sk = #0",
                                              "Estimated Cardinality": "4613"
                                            },
                                            "cumulative_cardinality": 0,
                                            "operator_type": "HASH_JOIN",
                                            "operator_cardinality": 19,
                                            "cumulative_rows_scanned": 0,
                                            "operator_rows_scanned": 0,
                                            "operator_timing": 0.00041997699999999987,
                                            "children": [
                                              {
                                                "total_bytes_written": 0,
                                                "total_bytes_read": 0,
                                                "result_set_size": 272680,
                                                "operator_name": "HASH_JOIN",
                                                "cpu_time": 0.0,
                                                "extra_info": {
                                                  "Join Type": "INNER",
                                                  "Conditions": "cs_sold_date_sk = d_date_sk",
                                                  "Estimated Cardinality": "23065"
                                                },
                                                "cumulative_cardinality": 0,
                                                "operator_type": "HASH_JOIN",
                                                "operator_cardinality": 13634,
                                                "cumulative_rows_scanned": 0,
                                                "operator_rows_scanned": 0,
                                                "operator_timing": 0.00018573100000000001,
                                                "children": [
                                                  {
                                                    "total_bytes_written": 0,
                                                    "total_bytes_read": 0,
                                                    "result_set_size": 272680,
                                                    "operator_name": "SEQ_SCAN ",
                                                    "cpu_time": 0.0,
                                                    "extra_info": {
                                                      "Table": "catalog_sales",
                                                      "Type": "Sequential Scan",
                                                      "Projections": [
                                                        "cs_sold_date_sk",
                                                        "cs_item_sk",
                                                        "cs_bill_customer_sk",
                                                        "cs_quantity",
                                                        "cs_list_price"
                                                      ],
                                                      "Filters": "cs_wholesale_cost>=26.00 AND cs_wholesale_cost<=36.00",
                                                      "Estimated Cardinality": "2880252"
                                                    },
                                                    "cumulative_cardinality": 0,
                                                    "operator_type": "TABLE_SCAN",
                                                    "operator_cardinality": 13634,
                                                    "cumulative_rows_scanned": 0,
                                                    "operator_rows_scanned": 403235308,
                                                    "operator_timing": 0.0016741019999999994,
                                                    "children": []
                                                  },
                                                  {
                                                    "total_bytes_written": 0,
                                                    "total_bytes_read": 0,
                                                    "result_set_size": 124,
                                                    "operator_name": "FILTER",
                                                    "cpu_time": 0.0,
                                                    "extra_info": {
                                                      "Expression": "(d_date_sk BETWEEN 2450815 AND 2452653)",
                                                      "Estimated Cardinality": "585"
                                                    },
                                                    "cumulative_cardinality": 0,
                                                    "operator_type": "FILTER",
                                                    "operator_cardinality": 31,
                                                    "cumulative_rows_scanned": 0,
                                                    "operator_rows_scanned": 0,
                                                    "operator_timing": 1.0641e-05,
                                                    "children": [
                                                      {
                                                        "total_bytes_written": 0,
                                                        "total_bytes_read": 0,
                                                        "result_set_size": 124,
                                                        "operator_name": "SEQ_SCAN ",
                                                        "cpu_time": 0.0,
                                                        "extra_info": {
                                                          "Table": "date_dim",
                                                          "Type": "Sequential Scan",
                                                          "Projections": "d_date_sk",
                                                          "Filters": [
                                                            "d_year=1999",
                                                            "d_moy=5"
                                                          ],
                                                          "Estimated Cardinality": "585"
                                                        },
                                                        "cumulative_cardinality": 0,
                                                        "operator_type": "TABLE_SCAN",
                                                        "operator_cardinality": 31,
                                                        "cumulative_rows_scanned": 0,
                                                        "operator_rows_scanned": 73049,
                                                        "operator_timing": 3.6302e-05,
                                                        "children": []
                                                      }
                                                    ]
                                                  }
                                                ]
                                              },
                                              {
                                                "total_bytes_written": 0,
                                                "total_bytes_read": 0,
                                                "result_set_size": 240,
                                                "operator_name": "PROJECTION",
                                                "cpu_time": 0.0,
                                                "extra_info": {
                                                  "Projections": "item_sk",
                                                  "Estimated Cardinality": "1959"
                                                },
                                                "cumulative_cardinality": 0,
                                                "operator_type": "PROJECTION",
                                                "operator_cardinality": 60,
                                                "cumulative_rows_scanned": 0,
                                                "operator_rows_scanned": 0,
                                                "operator_timing": 2.726e-06,
                                                "children": [
                                                  {
                                                    "total_bytes_written": 0,
                                                    "total_bytes_read": 0,
                                                    "result_set_size": 1920,
                                                    "operator_name": "CTE_SCAN",
                                                    "cpu_time": 0.0,
                                                    "extra_info": {
                                                      "CTE Index": "0",
                                                      "Estimated Cardinality": "1959"
                                                    },
                                                    "cumulative_cardinality": 0,
                                                    "operator_type": "CTE_SCAN",
                                                    "operator_cardinality": 60,
                                                    "cumulative_rows_scanned": 0,
                                                    "operator_rows_scanned": 0,
                                                    "operator_timing": 6.8518e-05,
                                                    "children": []
                                                  }
                                                ]
                                              }
                                            ]
                                          },
                                          {
                                            "total_bytes_written": 0,
                                            "total_bytes_read": 0,
                                            "result_set_size": 156076,
                                            "operator_name": "PROJECTION",
                                            "cpu_time": 0.0,
                                            "extra_info": {
                                              "Projections": "c_customer_sk",
                                              "Estimated Cardinality": "72"
                                            },
                                            "cumulative_cardinality": 0,
                                            "operator_type": "PROJECTION",
                                            "operator_cardinality": 39019,
                                            "cumulative_rows_scanned": 0,
                                            "operator_rows_scanned": 0,
                                            "operator_timing": 1.0661999999999999e-05,
                                            "children": [
                                              {
                                                "total_bytes_written": 0,
                                                "total_bytes_read": 0,
                                                "result_set_size": 1404684,
                                                "operator_name": "NESTED_LOOP_JOIN",
                                                "cpu_time": 0.0,
                                                "extra_info": {
                                                  "Join Type": "INNER",
                                                  "Conditions": "CAST(sum((CAST(ss_quantity AS DECIMAL(17,0)) * CAST(ss_sales_price AS DECIMAL(17,2)))) AS DOUBLE) > (0.95 * CAST(SUBQUERY AS DOUBLE))",
                                                  "Estimated Cardinality": "72"
                                                },
                                                "cumulative_cardinality": 0,
                                                "operator_type": "NESTED_LOOP_JOIN",
                                                "operator_cardinality": 39019,
                                                "cumulative_rows_scanned": 0,
                                                "operator_rows_scanned": 0,
                                                "operator_timing": 0.000980435,
                                                "children": [
                                                  {
                                                    "total_bytes_written": 0,
                                                    "total_bytes_read": 0,
                                                    "result_set_size": 828940,
                                                    "operator_name": "HASH_GROUP_BY",
                                                    "cpu_time": 0.0,
                                                    "extra_info": {
                                                      "Groups": "#0",
                                                      "Aggregates": "sum(#1)",
                                                      "Estimated Cardinality": "385153"
                                                    },
                                                    "cumulative_cardinality": 0,
                                                    "operator_type": "HASH_GROUP_BY",
                                                    "operator_cardinality": 41447,
                                                    "cumulative_rows_scanned": 0,
                                                    "operator_rows_scanned": 0,
                                                    "operator_timing": 0.11463639799999999,
                                                    "children": [
                                                      {
                                                        "total_bytes_written": 0,
                                                        "total_bytes_read": 0,
                                                        "result_set_size": 27596364,
                                                        "operator_name": "PROJECTION",
                                                        "cpu_time": 0.0,
                                                        "extra_info": {
                                                          "Projections": [
                                                            "c_customer_sk",
                                                            "(CAST(ss_quantity AS DECIMAL(17,0)) * CAST(ss_sales_price AS DECIMAL(17,2)))"
                                                          ],
                                                          "Estimated Cardinality": "5760198"
                                                        },
                                                        "cumulative_cardinality": 0,
                                                        "operator_type": "PROJECTION",
                                                        "operator_cardinality": 2299697,
                                                        "cumulative_rows_scanned": 0,
                                                        "operator_rows_scanned": 0,
                                                        "operator_timing": 0.0417748,
                                                        "children": [
                                                          {
                                                            "total_bytes_written": 0,
                                                            "total_bytes_read": 0,
                                                            "result_set_size": 36795152,
                                                            "operator_name": "HASH_JOIN",
                                                            "cpu_time": 0.0,
                                                            "extra_info": {
                                                              "Join Type": "INNER",
                                                              "Conditions": "ss_customer_sk = c_customer_sk",
                                                              "Estimated Cardinality": "5760198"
                                                            },
                                                            "cumulative_cardinality": 0,
                                                            "operator_type": "HASH_JOIN",
                                                            "operator_cardinality": 2299697,
                                                            "cumulative_rows_scanned": 0,
                                                            "operator_rows_scanned": 0,
                                                            "operator_timing": 0.08361017999999999,
                                                            "children": [
                                                              {
                                                                "total_bytes_written": 0,
                                                                "total_bytes_read": 0,
                                                                "result_set_size": 330027636,
                                                                "operator_name": "SEQ_SCAN ",
                                                                "cpu_time": 0.0,
                                                                "extra_info": {
                                                                  "Table": "store_sales",
                                                                  "Type": "Sequential Scan",
                                                                  "Projections": [
                                                                    "ss_customer_sk",
                                                                    "ss_quantity",
                                                                    "ss_sales_price"
                                                                  ],
                                                                  "Estimated Cardinality": "28800991"
                                                                },
                                                                "cumulative_cardinality": 0,
                                                                "operator_type": "TABLE_SCAN",
                                                                "operator_cardinality": 27502303,
                                                                "cumulative_rows_scanned": 0,
                                                                "operator_rows_scanned": 806427748,
                                                                "operator_timing": 0.19690510299999997,
                                                                "children": []
                                                              },
                                                              {
                                                                "total_bytes_written": 0,
                                                                "total_bytes_read": 0,
                                                                "result_set_size": 167244,
                                                                "operator_name": "SEQ_SCAN ",
                                                                "cpu_time": 0.0,
                                                                "extra_info": {
                                                                  "Table": "customer",
                                                                  "Type": "Sequential Scan",
                                                                  "Projections": "c_customer_sk",
                                                                  "Filters": "c_birth_year>=1987 AND c_birth_year<=1993",
                                                                  "Estimated Cardinality": "100000"
                                                                },
                                                                "cumulative_cardinality": 0,
                                                                "operator_type": "TABLE_SCAN",
                                                                "operator_cardinality": 41811,
                                                                "cumulative_rows_scanned": 0,
                                                                "operator_rows_scanned": 2500000,
                                                                "operator_timing": 0.0009705279999999999,
                                                                "children": []
                                                              }
                                                            ]
                                                          }
                                                        ]
                                                      }
                                                    ]
                                                  },
                                                  {
                                                    "total_bytes_written": 0,
                                                    "total_bytes_read": 0,
                                                    "result_set_size": 16,
                                                    "operator_name": "PROJECTION",
                                                    "cpu_time": 0.0,
                                                    "extra_info": {
                                                      "Projections": [
                                                        "CASE  WHEN ((#1 > 1)) THEN (\"error\"('More than one row returned by a subquery used as an expression - scalar subqueries can only return a single row.",
                                                        "Use \"SET scalar_subquery_error_on_multiple_rows=false\" to revert to previous behavior of returning a random row.')) ELSE #0 END"
                                                      ],
                                                      "Estimated Cardinality": "1"
                                                    },
                                                    "cumulative_cardinality": 0,
                                                    "operator_type": "PROJECTION",
                                                    "operator_cardinality": 1,
                                                    "cumulative_rows_scanned": 0,
                                                    "operator_rows_scanned": 0,
                                                    "operator_timing": 2.354e-06,
                                                    "children": [
                                                      {
                                                        "total_bytes_written": 0,
                                                        "total_bytes_read": 0,
                                                        "result_set_size": 24,
                                                        "operator_name": "UNGROUPED_AGGREGATE",
                                                        "cpu_time": 0.0,
                                                        "extra_info": {
                                                          "Aggregates": [
                                                            "\"first\"(#0)",
                                                            "count_star()"
                                                          ]
                                                        },
                                                        "cumulative_cardinality": 0,
                                                        "operator_type": "UNGROUPED_AGGREGATE",
                                                        "operator_cardinality": 1,
                                                        "cumulative_rows_scanned": 0,
                                                        "operator_rows_scanned": 0,
                                                        "operator_timing": 3.121e-06,
                                                        "children": [
                                                          {
                                                            "total_bytes_written": 0,
                                                            "total_bytes_read": 0,
                                                            "result_set_size": 16,
                                                            "operator_name": "PROJECTION",
                                                            "cpu_time": 0.0,
                                                            "extra_info": {
                                                              "Projections": "#0",
                                                              "Estimated Cardinality": "1"
                                                            },
                                                            "cumulative_cardinality": 0,
                                                            "operator_type": "PROJECTION",
                                                            "operator_cardinality": 1,
                                                            "cumulative_rows_scanned": 0,
                                                            "operator_rows_scanned": 0,
                                                            "operator_timing": 6.16e-07,
                                                            "children": [
                                                              {
                                                                "total_bytes_written": 0,
                                                                "total_bytes_read": 0,
                                                                "result_set_size": 16,
                                                                "operator_name": "CTE_SCAN",
                                                                "cpu_time": 0.0,
                                                                "extra_info": {
                                                                  "CTE Index": "10",
                                                                  "Estimated Cardinality": "1"
                                                                },
                                                                "cumulative_cardinality": 0,
                                                                "operator_type": "CTE_SCAN",
                                                                "operator_cardinality": 1,
                                                                "cumulative_rows_scanned": 0,
                                                                "operator_rows_scanned": 0,
                                                                "operator_timing": 3.373e-06,
                                                                "children": []
                                                              }
                                                            ]
                                                          }
                                                        ]
                                                      }
                                                    ]
                                                  }
                                                ]
                                              }
                                            ]
                                          }
                                        ]
                                      }
                                    ]
                                  },
                                  {
                                    "total_bytes_written": 0,
                                    "total_bytes_read": 0,
                                    "result_set_size": 8,
                                    "operator_name": "PROJECTION",
                                    "cpu_time": 0.0,
                                    "extra_info": {
                                      "Projections": "sales",
                                      "Estimated Cardinality": "461"
                                    },
                                    "cumulative_cardinality": 0,
                                    "operator_type": "PROJECTION",
                                    "operator_cardinality": 1,
                                    "cumulative_rows_scanned": 0,
                                    "operator_rows_scanned": 0,
                                    "operator_timing": 5.831e-06,
                                    "children": [
                                      {
                                        "total_bytes_written": 0,
                                        "total_bytes_read": 0,
                                        "result_set_size": 8,
                                        "operator_name": "HASH_JOIN",
                                        "cpu_time": 0.0,
                                        "extra_info": {
                                          "Join Type": "SEMI",
                                          "Conditions": "ws_bill_customer_sk = #0",
                                          "Estimated Cardinality": "461"
                                        },
                                        "cumulative_cardinality": 0,
                                        "operator_type": "HASH_JOIN",
                                        "operator_cardinality": 1,
                                        "cumulative_rows_scanned": 0,
                                        "operator_rows_scanned": 0,
                                        "operator_timing": 0.001391425,
                                        "children": [
                                          {
                                            "total_bytes_written": 0,
                                            "total_bytes_read": 0,
                                            "result_set_size": 96,
                                            "operator_name": "HASH_JOIN",
                                            "cpu_time": 0.0,
                                            "extra_info": {
                                              "Join Type": "SEMI",
                                              "Conditions": "ws_item_sk = #0",
                                              "Estimated Cardinality": "2305"
                                            },
                                            "cumulative_cardinality": 0,
                                            "operator_type": "HASH_JOIN",
                                            "operator_cardinality": 8,
                                            "cumulative_rows_scanned": 0,
                                            "operator_rows_scanned": 0,
                                            "operator_timing": 0.0008756369999999999,
                                            "children": [
                                              {
                                                "total_bytes_written": 0,
                                                "total_bytes_read": 0,
                                                "result_set_size": 141720,
                                                "operator_name": "HASH_JOIN",
                                                "cpu_time": 0.0,
                                                "extra_info": {
                                                  "Join Type": "INNER",
                                                  "Conditions": "ws_sold_date_sk = d_date_sk",
                                                  "Estimated Cardinality": "11528"
                                                },
                                                "cumulative_cardinality": 0,
                                                "operator_type": "HASH_JOIN",
                                                "operator_cardinality": 7086,
                                                "cumulative_rows_scanned": 0,
                                                "operator_rows_scanned": 0,
                                                "operator_timing": 0.01024837,
                                                "children": [
                                                  {
                                                    "total_bytes_written": 0,
                                                    "total_bytes_read": 0,
                                                    "result_set_size": 141720,
                                                    "operator_name": "SEQ_SCAN ",
                                                    "cpu_time": 0.0,
                                                    "extra_info": {
                                                      "Table": "web_sales",
                                                      "Type": "Sequential Scan",
                                                      "Projections": [
                                                        "ws_sold_date_sk",
                                                        "ws_item_sk",
                                                        "ws_bill_customer_sk",
                                                        "ws_quantity",
                                                        "ws_list_price"
                                                      ],
                                                      "Filters": "ws_wholesale_cost>=26.00 AND ws_wholesale_cost<=36.00",
                                                      "Estimated Cardinality": "1439513"
                                                    },
                                                    "cumulative_cardinality": 0,
                                                    "operator_type": "TABLE_SCAN",
                                                    "operator_cardinality": 7086,
                                                    "cumulative_rows_scanned": 0,
                                                    "operator_rows_scanned": 201531848,
                                                    "operator_timing": 0.057433036000000014,
                                                    "children": []
                                                  },
                                                  {
                                                    "total_bytes_written": 0,
                                                    "total_bytes_read": 0,
                                                    "result_set_size": 124,
                                                    "operator_name": "FILTER",
                                                    "cpu_time": 0.0,
                                                    "extra_info": {
                                                      "Expression": "(d_date_sk BETWEEN 2450816 AND 2452642)",
                                                      "Estimated Cardinality": "585"
                                                    },
                                                    "cumulative_cardinality": 0,
                                                    "operator_type": "FILTER",
                                                    "operator_cardinality": 31,
                                                    "cumulative_rows_scanned": 0,
                                                    "operator_rows_scanned": 0,
                                                    "operator_timing": 2.5552999999999997e-05,
                                                    "children": [
                                                      {
                                                        "total_bytes_written": 0,
                                                        "total_bytes_read": 0,
                                                        "result_set_size": 124,
                                                        "operator_name": "SEQ_SCAN ",
                                                        "cpu_time": 0.0,
                                                        "extra_info": {
                                                          "Table": "date_dim",
                                                          "Type": "Sequential Scan",
                                                          "Projections": "d_date_sk",
                                                          "Filters": [
                                                            "d_year=1999",
                                                            "d_moy=5"
                                                          ],
                                                          "Estimated Cardinality": "585"
                                                        },
                                                        "cumulative_cardinality": 0,
                                                        "operator_type": "TABLE_SCAN",
                                                        "operator_cardinality": 31,
                                                        "cumulative_rows_scanned": 0,
                                                        "operator_rows_scanned": 73049,
                                                        "operator_timing": 8.8939e-05,
                                                        "children": []
                                                      }
                                                    ]
                                                  }
                                                ]
                                              },
                                              {
                                                "total_bytes_written": 0,
                                                "total_bytes_read": 0,
                                                "result_set_size": 240,
                                                "operator_name": "PROJECTION",
                                                "cpu_time": 0.0,
                                                "extra_info": {
                                                  "Projections": "item_sk",
                                                  "Estimated Cardinality": "1959"
                                                },
                                                "cumulative_cardinality": 0,
                                                "operator_type": "PROJECTION",
                                                "operator_cardinality": 60,
                                                "cumulative_rows_scanned": 0,
                                                "operator_rows_scanned": 0,
                                                "operator_timing": 5.335e-06,
                                                "children": [
                                                  {
                                                    "total_bytes_written": 0,
                                                    "total_bytes_read": 0,
                                                    "result_set_size": 1920,
                                                    "operator_name": "CTE_SCAN",
                                                    "cpu_time": 0.0,
                                                    "extra_info": {
                                                      "CTE Index": "0",
                                                      "Estimated Cardinality": "1959"
                                                    },
                                                    "cumulative_cardinality": 0,
                                                    "operator_type": "CTE_SCAN",
                                                    "operator_cardinality": 60,
                                                    "cumulative_rows_scanned": 0,
                                                    "operator_rows_scanned": 0,
                                                    "operator_timing": 0.00011190800000000001,
                                                    "children": []
                                                  }
                                                ]
                                              }
                                            ]
                                          },
                                          {
                                            "total_bytes_written": 0,
                                            "total_bytes_read": 0,
                                            "result_set_size": 156076,
                                            "operator_name": "PROJECTION",
                                            "cpu_time": 0.0,
                                            "extra_info": {
                                              "Projections": "c_customer_sk",
                                              "Estimated Cardinality": "72"
                                            },
                                            "cumulative_cardinality": 0,
                                            "operator_type": "PROJECTION",
                                            "operator_cardinality": 39019,
                                            "cumulative_rows_scanned": 0,
                                            "operator_rows_scanned": 0,
                                            "operator_timing": 8.074000000000001e-06,
                                            "children": [
                                              {
                                                "total_bytes_written": 0,
                                                "total_bytes_read": 0,
                                                "result_set_size": 1404684,
                                                "operator_name": "NESTED_LOOP_JOIN",
                                                "cpu_time": 0.0,
                                                "extra_info": {
                                                  "Join Type": "INNER",
                                                  "Conditions": "CAST(sum((CAST(ss_quantity AS DECIMAL(17,0)) * CAST(ss_sales_price AS DECIMAL(17,2)))) AS DOUBLE) > (0.95 * CAST(SUBQUERY AS DOUBLE))",
                                                  "Estimated Cardinality": "72"
                                                },
                                                "cumulative_cardinality": 0,
                                                "operator_type": "NESTED_LOOP_JOIN",
                                                "operator_cardinality": 39019,
                                                "cumulative_rows_scanned": 0,
                                                "operator_rows_scanned": 0,
                                                "operator_timing": 0.0009438989999999999,
                                                "children": [
                                                  {
                                                    "total_bytes_written": 0,
                                                    "total_bytes_read": 0,
                                                    "result_set_size": 828940,
                                                    "operator_name": "HASH_GROUP_BY",
                                                    "cpu_time": 0.0,
                                                    "extra_info": {
                                                      "Groups": "#0",
                                                      "Aggregates": "sum(#1)",
                                                      "Estimated Cardinality": "385153"
                                                    },
                                                    "cumulative_cardinality": 0,
                                                    "operator_type": "HASH_GROUP_BY",
                                                    "operator_cardinality": 41447,
                                                    "cumulative_rows_scanned": 0,
                                                    "operator_rows_scanned": 0,
                                                    "operator_timing": 0.10198967299999999,
                                                    "children": [
                                                      {
                                                        "total_bytes_written": 0,
                                                        "total_bytes_read": 0,
                                                        "result_set_size": 27596364,
                                                        "operator_name": "PROJECTION",
                                                        "cpu_time": 0.0,
                                                        "extra_info": {
                                                          "Projections": [
                                                            "c_customer_sk",
                                                            "(CAST(ss_quantity AS DECIMAL(17,0)) * CAST(ss_sales_price AS DECIMAL(17,2)))"
                                                          ],
                                                          "Estimated Cardinality": "5760198"
                                                        },
                                                        "cumulative_cardinality": 0,
                                                        "operator_type": "PROJECTION",
                                                        "operator_cardinality": 2299697,
                                                        "cumulative_rows_scanned": 0,
                                                        "operator_rows_scanned": 0,
                                                        "operator_timing": 0.043932114,
                                                        "children": [
                                                          {
                                                            "total_bytes_written": 0,
                                                            "total_bytes_read": 0,
                                                            "result_set_size": 36795152,
                                                            "operator_name": "HASH_JOIN",
                                                            "cpu_time": 0.0,
                                                            "extra_info": {
                                                              "Join Type": "INNER",
                                                              "Conditions": "c_customer_sk = c_customer_sk",
                                                              "Estimated Cardinality": "5760198"
                                                            },
                                                            "cumulative_cardinality": 0,
                                                            "operator_type": "HASH_JOIN",
                                                            "operator_cardinality": 2299697,
                                                            "cumulative_rows_scanned": 0,
                                                            "operator_rows_scanned": 0,
                                                            "operator_timing": 0.07663267,
                                                            "children": [
                                                              {
                                                                "total_bytes_written": 0,
                                                                "total_bytes_read": 0,
                                                                "result_set_size": 330027636,
                                                                "operator_name": "SEQ_SCAN ",
                                                                "cpu_time": 0.0,
                                                                "extra_info": {
                                                                  "Table": "store_sales",
                                                                  "Type": "Sequential Scan",
                                                                  "Projections": [
                                                                    "ss_customer_sk",
                                                                    "ss_quantity",
                                                                    "ss_sales_price"
                                                                  ],
                                                                  "Filters": "ss_customer_sk>=2 AND ss_customer_sk<=499998",
                                                                  "Estimated Cardinality": "28800991"
                                                                },
                                                                "cumulative_cardinality": 0,
                                                                "operator_type": "TABLE_SCAN",
                                                                "operator_cardinality": 27502303,
                                                                "cumulative_rows_scanned": 0,
                                                                "operator_rows_scanned": 806427748,
                                                                "operator_timing": 0.254850768,
                                                                "children": []
                                                              },
                                                              {
                                                                "total_bytes_written": 0,
                                                                "total_bytes_read": 0,
                                                                "result_set_size": 167244,
                                                                "operator_name": "FILTER",
                                                                "cpu_time": 0.0,
                                                                "extra_info": {
                                                                  "Expression": "(c_customer_sk BETWEEN 2 AND 499998)",
                                                                  "Estimated Cardinality": "100000"
                                                                },
                                                                "cumulative_cardinality": 0,
                                                                "operator_type": "FILTER",
                                                                "operator_cardinality": 41811,
                                                                "cumulative_rows_scanned": 0,
                                                                "operator_rows_scanned": 0,
                                                                "operator_timing": 0.00032324999999999997,
                                                                "children": [
                                                                  {
                                                                    "total_bytes_written": 0,
                                                                    "total_bytes_read": 0,
                                                                    "result_set_size": 167244,
                                                                    "operator_name": "SEQ_SCAN ",
                                                                    "cpu_time": 0.0,
                                                                    "extra_info": {
                                                                      "Table": "customer",
                                                                      "Type": "Sequential Scan",
                                                                      "Projections": "c_customer_sk",
                                                                      "Filters": "c_birth_year>=1987 AND c_birth_year<=1993",
                                                                      "Estimated Cardinality": "100000"
                                                                    },
                                                                    "cumulative_cardinality": 0,
                                                                    "operator_type": "TABLE_SCAN",
                                                                    "operator_cardinality": 41811,
                                                                    "cumulative_rows_scanned": 0,
                                                                    "operator_rows_scanned": 2500000,
                                                                    "operator_timing": 0.0017554699999999999,
                                                                    "children": []
                                                                  }
                                                                ]
                                                              }
                                                            ]
                                                          }
                                                        ]
                                                      }
                                                    ]
                                                  },
                                                  {
                                                    "total_bytes_written": 0,
                                                    "total_bytes_read": 0,
                                                    "result_set_size": 16,
                                                    "operator_name": "PROJECTION",
                                                    "cpu_time": 0.0,
                                                    "extra_info": {
                                                      "Projections": [
                                                        "CASE  WHEN ((#1 > 1)) THEN (\"error\"('More than one row returned by a subquery used as an expression - scalar subqueries can only return a single row.",
                                                        "Use \"SET scalar_subquery_error_on_multiple_rows=false\" to revert to previous behavior of returning a random row.')) ELSE #0 END"
                                                      ],
                                                      "Estimated Cardinality": "1"
                                                    },
                                                    "cumulative_cardinality": 0,
                                                    "operator_type": "PROJECTION",
                                                    "operator_cardinality": 1,
                                                    "cumulative_rows_scanned": 0,
                                                    "operator_rows_scanned": 0,
                                                    "operator_timing": 1.965e-06,
                                                    "children": [
                                                      {
                                                        "total_bytes_written": 0,
                                                        "total_bytes_read": 0,
                                                        "result_set_size": 24,
                                                        "operator_name": "UNGROUPED_AGGREGATE",
                                                        "cpu_time": 0.0,
                                                        "extra_info": {
                                                          "Aggregates": [
                                                            "\"first\"(#0)",
                                                            "count_star()"
                                                          ]
                                                        },
                                                        "cumulative_cardinality": 0,
                                                        "operator_type": "UNGROUPED_AGGREGATE",
                                                        "operator_cardinality": 1,
                                                        "cumulative_rows_scanned": 0,
                                                        "operator_rows_scanned": 0,
                                                        "operator_timing": 3.407e-06,
                                                        "children": [
                                                          {
                                                            "total_bytes_written": 0,
                                                            "total_bytes_read": 0,
                                                            "result_set_size": 16,
                                                            "operator_name": "PROJECTION",
                                                            "cpu_time": 0.0,
                                                            "extra_info": {
                                                              "Projections": "#0",
                                                              "Estimated Cardinality": "1"
                                                            },
                                                            "cumulative_cardinality": 0,
                                                            "operator_type": "PROJECTION",
                                                            "operator_cardinality": 1,
                                                            "cumulative_rows_scanned": 0,
                                                            "operator_rows_scanned": 0,
                                                            "operator_timing": 6e-07,
                                                            "children": [
                                                              {
                                                                "total_bytes_written": 0,
                                                                "total_bytes_read": 0,
                                                                "result_set_size": 16,
                                                                "operator_name": "CTE_SCAN",
                                                                "cpu_time": 0.0,
                                                                "extra_info": {
                                                                  "CTE Index": "10",
                                                                  "Estimated Cardinality": "1"
                                                                },
                                                                "cumulative_cardinality": 0,
                                                                "operator_type": "CTE_SCAN",
                                                                "operator_cardinality": 1,
                                                                "cumulative_rows_scanned": 0,
                                                                "operator_rows_scanned": 0,
                                                                "operator_timing": 2.827e-06,
                                                                "children": []
                                                              }
                                                            ]
                                                          }
                                                        ]
                                                      }
                                                    ]
                                                  }
                                                ]
                                              }
                                            ]
                                          }
                                        ]
                                      }
                                    ]
                                  }
                                ]
                              }
                            ]
                          }
                        ]
                      }
                    ]
                  }
                ]
              }
            ]
          }
        ]
      }
    ]
  },
  "actual_rows": 0
}