{
  "execution_time_ms": 641.5,
  "plan_text": "\u250c\u2500\u2500\u2500\u2500\u2500\u2500\u2500\u2500\u2500\u2500\u2500\u2500\u2500\u2500\u2500\u2500\u2500\u2500\u2500\u2500\u2500\u2500\u2500\u2500\u2500\u2500\u2500\u2500\u2500\u2500\u2500\u2500\u2500\u2500\u2500\u2500\u2500\u2510\n\u2502\u250c\u2500\u2500\u2500\u2500\u2500\u2500\u2500\u2500\u2500\u2500\u2500\u2500\u2500\u2500\u2500\u2500\u2500\u2500\u2500\u2500\u2500\u2500\u2500\u2500\u2500\u2500\u2500\u2500\u2500\u2500\u2500\u2500\u2500\u2500\u2500\u2510\u2502\n\u2502\u2502    Query Profiling Information    \u2502\u2502\n\u2502\u2514\u2500\u2500\u2500\u2500\u2500\u2500\u2500\u2500\u2500\u2500\u2500\u2500\u2500\u2500\u2500\u2500\u2500\u2500\u2500\u2500\u2500\u2500\u2500\u2500\u2500\u2500\u2500\u2500\u2500\u2500\u2500\u2500\u2500\u2500\u2500\u2518\u2502\n\u2514\u2500\u2500\u2500\u2500\u2500\u2500\u2500\u2500\u2500\u2500\u2500\u2500\u2500\u2500\u2500\u2500\u2500\u2500\u2500\u2500\u2500\u2500\u2500\u2500\u2500\u2500\u2500\u2500\u2500\u2500\u2500\u2500\u2500\u2500\u2500\u2500\u2500\u2518\nEXPLAIN ANALYZE select    cd_gender,   cd_marital_status,   cd_education_status,   count(*) cnt1,   cd_purchase_estimate,   count(*) cnt2,   cd_credit_rating,   count(*) cnt3,   cd_dep_count,   count(*) cnt4,   cd_dep_employed_count,   count(*) cnt5,   cd_dep_college_count,   count(*) cnt6  from   customer c,customer_address ca,customer_demographics  where   c.c_current_addr_sk = ca.ca_address_sk and   ca_county in ('Grays Harbor County','Kootenai County','Pike County','Thomas County','Uinta County') and   c.c_birth_month in (1, 5) and   cd_demo_sk = c.c_current_cdemo_sk   and cd_marital_status in ('U', 'U', 'M')   and cd_education_status in ('College', 'Primary', '2 yr Degree')   and cd_gender = 'M' and   exists (select *           from store_sales,date_dim, item           where c.c_customer_sk = ss_customer_sk and                 ss_sold_date_sk = d_date_sk and                 d_year = 1999 and                 d_moy between 8 and 8+3 and                 ss_item_sk = i_item_sk and                 i_category in ('Children', 'Electronics', 'Music')                 and ss_sales_price / ss_list_price BETWEEN 20 * 0.01 AND 30 * 0.01                 and i_manager_id BETWEEN 66 and 75                 ) and    (exists (select *             from web_sales,date_dim, item             where c.c_customer_sk = ws_bill_customer_sk and                   ws_sold_date_sk = d_date_sk and                   d_year = 1999 and                   d_moy between 8 ANd 8+3 and                   ws_item_sk = i_item_sk and                   i_category in ('Children', 'Electronics', 'Music')                   and i_manager_id BETWEEN 66 and 75                   and ws_sales_price / ws_list_price BETWEEN 20 * 0.01 AND 30 * 0.01                   ) or     exists (select *             from catalog_sales,date_dim, item             where c.c_customer_sk = cs_ship_customer_sk and                   cs_sold_date_sk = d_date_sk and                   d_year = 1999 and                   d_moy between 8 and 8+3 and                   cs_item_sk = i_item_sk and                   i_category in ('Children', 'Electronics', 'Music')                   and i_manager_id BETWEEN 66 and 75                   and cs_sales_price / cs_list_price BETWEEN 20 * 0.01 AND 30 * 0.01                   ))  group by cd_gender,           cd_marital_status,           cd_education_status,           cd_purchase_estimate,           cd_credit_rating,           cd_dep_count,           cd_dep_employed_count,           cd_dep_college_count  order by cd_gender,           cd_marital_status,           cd_education_status,           cd_purchase_estimate,           cd_credit_rating,           cd_dep_count,           cd_dep_employed_count,           cd_dep_college_count limit 100\n\u250c\u2500\u2500\u2500\u2500\u2500\u2500\u2500\u2500\u2500\u2500\u2500\u2500\u2500\u2500\u2500\u2500\u2500\u2500\u2500\u2500\u2500\u2500\u2500\u2500\u2500\u2500\u2500\u2500\u2500\u2500\u2500\u2500\u2500\u2500\u2500\u2500\u2500\u2500\u2500\u2500\u2500\u2500\u2500\u2500\u2500\u2500\u2500\u2500\u2510\n\u2502\u250c\u2500\u2500\u2500\u2500\u2500\u2500\u2500\u2500\u2500\u2500\u2500\u2500\u2500\u2500\u2500\u2500\u2500\u2500\u2500\u2500\u2500\u2500\u2500\u2500\u2500\u2500\u2500\u2500\u2500\u2500\u2500\u2500\u2500\u2500\u2500\u2500\u2500\u2500\u2500\u2500\u2500\u2500\u2500\u2500\u2500\u2500\u2510\u2502\n\u2502\u2502              Total Time: 0.0450s             \u2502\u2502\n\u2502\u2514\u2500\u2500\u2500\u2500\u2500\u2500\u2500\u2500\u2500\u2500\u2500\u2500\u2500\u2500\u2500\u2500\u2500\u2500\u2500\u2500\u2500\u2500\u2500\u2500\u2500\u2500\u2500\u2500\u2500\u2500\u2500\u2500\u2500\u2500\u2500\u2500\u2500\u2500\u2500\u2500\u2500\u2500\u2500\u2500\u2500\u2500\u2518\u2502\n\u2514\u2500\u2500\u2500\u2500\u2500\u2500\u2500\u2500\u2500\u2500\u2500\u2500\u2500\u2500\u2500\u2500\u2500\u2500\u2500\u2500\u2500\u2500\u2500\u2500\u2500\u2500\u2500\u2500\u2500\u2500\u2500\u2500\u2500\u2500\u2500\u2500\u2500\u2500\u2500\u2500\u2500\u2500\u2500\u2500\u2500\u2500\u2500\u2500\u2518\n\u250c\u2500\u2500\u2500\u2500\u2500\u2500\u2500\u2500\u2500\u2500\u2500\u2500\u2500\u2510\n\u2502    QUERY    \u2502\n\u2514\u2500\u2500\u2500\u2500\u2500\u2500\u252c\u2500\u2500\u2500\u2500\u2500\u2500\u2518\n\u250c\u2500\u2500\u2500\u2500\u2500\u2500\u2534\u2500\u2500\u2500\u2500\u2500\u2500\u2510\n\u2502EXPLAIN_...  \u2502\n\u2502    \u2500\u2500\u2500\u2500\u2500\u2500   \u2502\n\u2502    0 rows   \u2502\n\u2502   (0.00s)   \u2502\n\u2514\u2500\u2500\u2500\u2500\u2500\u2500\u252c\u2500\u2500\u2500\u2500\u2500\u2500\u2518\n\u250c\u2500\u2500\u2500\u2500\u2500\u2500\u2534\u2500\u2500\u2500\u2500\u2500\u2500\u2510\n\u2502    TOP_N    \u2502\n\u2502    \u2500\u2500\u2500\u2500\u2500\u2500   \u2502\n\u2502     Top:    \u2502\n\u2502     100     \u2502\n\u2502             \u2502\n\u2502  Order By:  \u2502\n\u2502 tpcds_sf10_2\u2502\n\u2502.main.custome\u2502\n\u2502r_demographic\u2502\n\u2502 s.cd_gender \u2502\n\u2502      ASC    \u2502\n\u2502 tpcds_sf10_2\u2502\n\u2502.main.custome\u2502\n\u2502r_demographic\u2502\n\u2502s.cd_marital_\u2502\n\u2502  status ASC \u2502\n\u2502 tpcds_sf10_2\u2502\n\u2502.main.custome\u2502\n\u2502r_demographic\u2502\n\u2502s.cd_educatio\u2502\n\u2502 n_status ASC\u2502\n\u2502 tpcds_sf10_2\u2502\n\u2502.main.custome\u2502\n\u2502r_demographic\u2502\n\u2502s.cd_purchase\u2502\n\u2502_estimate ASC\u2502\n\u2502 tpcds_sf10_2\u2502\n\u2502.main.custome\u2502\n\u2502r_demographic\u2502\n\u2502s.cd_credit_r\u2502\n\u2502  ating ASC  \u2502\n\u2502 tpcds_sf10_2\u2502\n\u2502.main.custome\u2502\n\u2502r_demographic\u2502\n\u2502s.cd_dep_coun\u2502\n\u2502    t ASC    \u2502\n\u2502 tpcds_sf10_2\u2502\n\u2502.main.custome\u2502\n\u2502r_demographic\u2502\n\u2502s.cd_dep_empl\u2502\n\u2502  oyed_count \u2502\n\u2502      ASC    \u2502\n\u2502 tpcds_sf10_2\u2502\n\u2502.main.custome\u2502\n\u2502r_demographic\u2502\n\u2502s.cd_dep_coll\u2502\n\u2502ege_count ASC\u2502\n\u2502             \u2502\n\u2502    0 rows   \u2502\n\u2502   (0.00s)   \u2502\n\u2514\u2500\u2500\u2500\u2500\u2500\u2500\u252c\u2500\u2500\u2500\u2500\u2500\u2500\u2518\n\u250c\u2500\u2500\u2500\u2500\u2500\u2500\u2534\u2500\u2500\u2500\u2500\u2500\u2500\u2510\n\u2502  PROJECTION \u2502\n\u2502    \u2500\u2500\u2500\u2500\u2500\u2500   \u2502\n\u2502  cd_gender  \u2502\n\u2502cd_marital_st\u2502\n\u2502     atus    \u2502\n\u2502cd_education_\u2502\n\u2502    status   \u2502\n\u2502     cnt1    \u2502\n\u2502cd_purchase_e\u2502\n\u2502   stimate   \u2502\n\u2502     cnt2    \u2502\n\u2502cd_credit_rat\u2502\n\u2502     ing     \u2502\n\u2502     cnt3    \u2502\n\u2502 cd_dep_count\u2502\n\u2502     cnt4    \u2502\n\u2502cd_dep_employ\u2502\n\u2502   ed_count  \u2502\n\u2502     cnt5    \u2502\n\u2502cd_dep_colleg\u2502\n\u2502   e_count   \u2502\n\u2502     cnt6    \u2502\n\u2502             \u2502\n\u2502    0 rows   \u2502\n\u2502   (0.00s)   \u2502\n\u2514\u2500\u2500\u2500\u2500\u2500\u2500\u252c\u2500\u2500\u2500\u2500\u2500\u2500\u2518\n\u250c\u2500\u2500\u2500\u2500\u2500\u2500\u2534\u2500\u2500\u2500\u2500\u2500\u2500\u2510\n\u2502  PROJECTION \u2502\n\u2502    \u2500\u2500\u2500\u2500\u2500\u2500   \u2502\n\u2502__internal_de\u2502\n\u2502compress_stri\u2502\n\u2502    ng(#0)   \u2502\n\u2502__internal_de\u2502\n\u2502compress_stri\u2502\n\u2502    ng(#1)   \u2502\n\u2502__internal_de\u2502\n\u2502compress_stri\u2502\n\u2502    ng(#2)   \u2502\n\u2502__internal_de\u2502\n\u2502compress_inte\u2502\n\u2502 gral_integer\u2502\n\u2502  (#3, 500)  \u2502\n\u2502__internal_de\u2502\n\u2502compress_stri\u2502\n\u2502    ng(#4)   \u2502\n\u2502__internal_de\u2502\n\u2502compress_inte\u2502\n\u2502 gral_integer\u2502\n\u2502   (#5, 0)   \u2502\n\u2502__internal_de\u2502\n\u2502compress_inte\u2502\n\u2502 gral_integer\u2502\n\u2502   (#6, 0)   \u2502\n\u2502__internal_de\u2502\n\u2502compress_inte\u2502\n\u2502 gral_integer\u2502\n\u2502   (#7, 0)   \u2502\n\u2502      #8     \u2502\n\u2502             \u2502\n\u2502    0 rows   \u2502\n\u2502   (0.00s)   \u2502\n\u2514\u2500\u2500\u2500\u2500\u2500\u2500\u252c\u2500\u2500\u2500\u2500\u2500\u2500\u2518\n\u250c\u2500\u2500\u2500\u2500\u2500\u2500\u2534\u2500\u2500\u2500\u2500\u2500\u2500\u2510\n\u2502HASH_GROUP_BY\u2502\n\u2502    \u2500\u2500\u2500\u2500\u2500\u2500   \u2502\n\u2502   Groups:   \u2502\n\u2502      #0     \u2502\n\u2502      #1     \u2502\n\u2502      #2     \u2502\n\u2502      #3     \u2502\n\u2502      #4     \u2502\n\u2502      #5     \u2502\n\u2502      #6     \u2502\n\u2502      #7     \u2502\n\u2502             \u2502\n\u2502 Aggregates: \u2502\n\u2502 count_star()\u2502\n\u2502             \u2502\n\u2502    0 rows   \u2502\n\u2502   (0.00s)   \u2502\n\u2514\u2500\u2500\u2500\u2500\u2500\u2500\u252c\u2500\u2500\u2500\u2500\u2500\u2500\u2518\n\u250c\u2500\u2500\u2500\u2500\u2500\u2500\u2534\u2500\u2500\u2500\u2500\u2500\u2500\u2510\n\u2502  PROJECTION \u2502\n\u2502    \u2500\u2500\u2500\u2500\u2500\u2500   \u2502\n\u2502  cd_gender  \u2502\n\u2502cd_marital_st\u2502\n\u2502     atus    \u2502\n\u2502cd_education_\u2502\n\u2502    status   \u2502\n\u2502cd_purchase_e\u2502\n\u2502   stimate   \u2502\n\u2502cd_credit_rat\u2502\n\u2502     ing     \u2502\n\u2502 cd_dep_count\u2502\n\u2502cd_dep_employ\u2502\n\u2502   ed_count  \u2502\n\u2502cd_dep_colleg\u2502\n\u2502   e_count   \u2502\n\u2502             \u2502\n\u2502    0 rows   \u2502\n\u2502   (0.00s)   \u2502\n\u2514\u2500\u2500\u2500\u2500\u2500\u2500\u252c\u2500\u2500\u2500\u2500\u2500\u2500\u2518\n\u250c\u2500\u2500\u2500\u2500\u2500\u2500\u2534\u2500\u2500\u2500\u2500\u2500\u2500\u2510\n\u2502  PROJECTION \u2502\n\u2502    \u2500\u2500\u2500\u2500\u2500\u2500   \u2502\n\u2502__internal_co\u2502\n\u2502mpress_string\u2502\n\u2502_utinyint(#0)\u2502\n\u2502__internal_co\u2502\n\u2502mpress_string\u2502\n\u2502_uhugeint(#1)\u2502\n\u2502__internal_co\u2502\n\u2502mpress_string\u2502\n\u2502_utinyint(#2)\u2502\n\u2502__internal_co\u2502\n\u2502mpress_integr\u2502\n\u2502 al_usmallint\u2502\n\u2502  (#3, 500)  \u2502\n\u2502__internal_co\u2502\n\u2502mpress_string\u2502\n\u2502_uhugeint(#4)\u2502\n\u2502__internal_co\u2502\n\u2502mpress_integr\u2502\n\u2502 al_utinyint(\u2502\n\u2502    #5, 0)   \u2502\n\u2502__internal_co\u2502\n\u2502mpress_integr\u2502\n\u2502 al_utinyint(\u2502\n\u2502    #6, 0)   \u2502\n\u2502__internal_co\u2502\n\u2502mpress_integr\u2502\n\u2502 al_utinyint(\u2502\n\u2502    #7, 0)   \u2502\n\u2502             \u2502\n\u2502    0 rows   \u2502\n\u2502   (0.00s)   \u2502\n\u2514\u2500\u2500\u2500\u2500\u2500\u2500\u252c\u2500\u2500\u2500\u2500\u2500\u2500\u2518\n\u250c\u2500\u2500\u2500\u2500\u2500\u2500\u2534\u2500\u2500\u2500\u2500\u2500\u2500\u2510\n\u2502  PROJECTION \u2502\n\u2502    \u2500\u2500\u2500\u2500\u2500\u2500   \u2502\n\u2502      #0     \u2502\n\u2502      #1     \u2502\n\u2502      #2     \u2502\n\u2502      #3     \u2502\n\u2502      #4     \u2502\n\u2502      #5     \u2502\n\u2502      #6     \u2502\n\u2502      #7     \u2502\n\u2502             \u2502\n\u2502    0 rows   \u2502\n\u2502   (0.00s)   \u2502\n\u2514\u2500\u2500\u2500\u2500\u2500\u2500\u252c\u2500\u2500\u2500\u2500\u2500\u2500\u2518\n\u250c\u2500\u2500\u2500\u2500\u2500\u2500\u2534\u2500\u2500\u2500\u2500\u2500\u2500\u2510\n\u2502    FILTER   \u2502\n\u2502    \u2500\u2500\u2500\u2500\u2500\u2500   \u2502\n\u2502 (SUBQUERY OR\u2502\n\u2502   SUBQUERY) \u2502\n\u2502             \u2502\n\u2502    0 rows   \u2502\n\u2502   (0.00s)   \u2502\n\u2514\u2500\u2500\u2500\u2500\u2500\u2500\u252c\u2500\u2500\u2500\u2500\u2500\u2500\u2518\n\u250c\u2500\u2500\u2500\u2500\u2500\u2500\u2534\u2500\u2500\u2500\u2500\u2500\u2500\u2510\n\u2502LEFT_DEL...  \u2502\n\u2502    \u2500\u2500\u2500\u2500\u2500\u2500   \u2502\n\u2502  Join Type: \u2502\n\u2502     MARK    \u2502\n\u2502             \u2502\n\u2502 Conditions: \u2502\n\u2502c_customer_sk\u2502\n\u2502 IS NOT DISTI\u2502\n\u2502   NCT FROM  \u251c\u2500\u2500\u2500\u2500\u2500\u2500\u2500\u2500\u2500\u2500\u2500\u2500\u2500\u2500\u2500\u2500\u2500\u2500\u2500\u2500\u2500\u2500\u2500\u2500\u2500\u2500\u2500\u2500\u2500\u2500\u2500\u2500\u2500\u2500\u2500\u2500\u2500\u2500\u2500\u2500\u2500\u2500\u2500\u2500\u2500\u2500\u2500\u2500\u2500\u2500\u2500\u2500\u2500\u2500\u2500\u2500\u2500\u2500\u2500\u2500\u2500\u2500\u2500\u2500\u2500\u2500\u2500\u2500\u2500\u2500\u2500\u2500\u2500\u2500\u2500\u2500\u2500\u2500\u2500\u2500\u2500\u2500\u2500\u2500\u2500\u2500\u2500\u2500\u2500\u2500\u2500\u2500\u2500\u2500\u2500\u2500\u2500\u2500\u2500\u2500\u2500\u2500\u2500\u2500\u2500\u2500\u2500\u2500\u2500\u2500\u2500\u2500\u2500\u2500\u2500\u2500\u2500\u2500\u2500\u2500\u2500\u2500\u2500\u2500\u2500\u2500\u2500\u2500\u2500\u2500\u2500\u2500\u2500\u2500\u2500\u2500\u2500\u2500\u2500\u2500\u2500\u2500\u2500\u2500\u2500\u2500\u2500\u2500\u2500\u2500\u2500\u2500\u2500\u2500\u2500\u2500\u2500\u2500\u2500\u2500\u2500\u2500\u2500\u2500\u2500\u2500\u2500\u2500\u2500\u2500\u2500\u2500\u2500\u2500\u2500\u2500\u2500\u2500\u2500\u2500\u2500\u2500\u2500\u2500\u2500\u2500\u2500\u2500\u2500\u2500\u2500\u2500\u2500\u2500\u2500\u2500\u2500\u2500\u2500\u2500\u2500\u2500\u2500\u2500\u2500\u2500\u2500\u2500\u2500\u2500\u2500\u2500\u2500\u2500\u2500\u2500\u2500\u2500\u2500\u2500\u2500\u2500\u2500\u2500\u2500\n\u2502 c_customer_s\u2502                                                                                                                                                                                                                                 \n\u2502      k      \u2502                                                                                                                                                                                                                                 \n\u2502             \u2502                                                                                                                                                                                                                                 \n\u2502 Delim Index:\u2502                                                                                                                                                                                                                                 \n\u2502      3      \u2502                                                                                                                                                                                                                                 \n\u2502             \u2502                                                                                                                                                                                                                                 \n\u2502    0 rows   \u2502                                                                                                                                                                                                                                 \n\u2502   (0.00s)   \u2502                                                                                                                                                                                                                                 \n\u2514\u2500\u2500\u2500\u2500\u2500\u2500\u252c\u2500\u2500\u2500\u2500\u2500\u2500\u2518                                                                                                                                                                                                                                 \n\u250c\u2500\u2500\u2500\u2500\u2500\u2500\u2534\u2500\u2500\u2500\u2500\u2500\u2500\u2510                                                                                                                                                                                                                                 \n\u2502LEFT_DEL...  \u2502                                                                                                                                                                                                                                 \n\u2502    \u2500\u2500\u2500\u2500\u2500\u2500   \u2502                                                                                                                                                                                                                                 \n\u2502  Join Type: \u2502                                                                                                                                                                                                                                 \n\u2502     MARK    \u2502                                                                                                                                                                                                                                 \n\u2502             \u2502                                                                                                                                                                                                                                 \n\u2502 Conditions: \u2502                                                                                                                                                                                                                                 \n\u2502c_customer_sk\u2502                                                                                                                                                                                                                                 \n\u2502 IS NOT DISTI\u2502                                                                                                                                                                                                                                 \n\u2502   NCT FROM  \u251c\u2500\u2500\u2500\u2500\u2500\u2500\u2500\u2500\u2500\u2500\u2500\u2500\u2500\u2500\u2500\u2500\u2500\u2500\u2500\u2500\u2500\u2500\u2500\u2500\u2500\u2500\u2500\u2500\u2500\u2500\u2500\u2500\u2500\u2500\u2500\u2500\u2500\u2500\u2500\u2500\u2500\u2500\u2500\u2500\u2500\u2500\u2500\u2500\u2500\u2500\u2500\u2500\u2500\u2500\u2500\u2500\u2500\u2500\u2500\u2500\u2500\u2500\u2500\u2500\u2500\u2500\u2500\u2500\u2500\u2500\u2500\u2500\u2500\u2500\u2500\u2500\u2500\u2500\u2500\u2500\u2500\u2500\u2500\u2500\u2500\u2500\u2500\u2500\u2500\u2500\u2500\u2500\u2500\u2500\u2500\u2500\u2500\u2500\u2500\u2500\u2500\u2500\u2500\u2500\u2500\u2500\u2500\u2500\u2500\u2500\u2500\u2500\u2500\u2500\u2500\u2500\u2500\u2500\u2500\u2500\u2500\u2500\u2500\u2500\u2500\u2500\u2500\u2500\u2500\u2500\u2500\u2500\u2500\u2500\u2500\u2500\u2500\u2500\u2500\u2500\u2500\u2500\u252c\u2500\u2500\u2500\u2500\u2500\u2500\u2500\u2500\u2500\u2500\u2500\u2500\u2500\u2500\u2500\u2500\u2500\u2500\u2500\u2500\u2500\u2500\u2500\u2500\u2500\u2500\u2500\u2500\u2500\u2500\u2500\u2500\u2500\u2500\u2500\u2500\u2500\u2500\u2500\u2500\u2500\u2500\u2500\u2500\u2500\u2500\u2500\u2500\u2500\u2500\u2500\u2500\u2500\u2500\u2500\u2500\u2500\u2500\u2500\u2500\u2500\u2500\u2500\u2500\u2500\u2500\u2500\u2500\u2500\u2500\u2500\u2500\u2500\u2500\u2510       \n\u2502 c_customer_s\u2502                                                                                                                                              \u2502                                                                          \u2502       \n\u2502      k      \u2502                                                                                                                                              \u2502                                                                          \u2502       \n\u2502             \u2502                                                                                                                                              \u2502                                                                          \u2502       \n\u2502 Delim Index:\u2502                                                                                                                                              \u2502                                                                          \u2502       \n\u2502      2      \u2502                                                                                                                                              \u2502                                                                          \u2502       \n\u2502             \u2502                                                                                                                                              \u2502                                                                          \u2502       \n\u2502    0 rows   \u2502                                                                                                                                              \u2502                                                                          \u2502       \n\u2502   (0.00s)   \u2502                                                                                                                                              \u2502                                                                          \u2502       \n\u2514\u2500\u2500\u2500\u2500\u2500\u2500\u252c\u2500\u2500\u2500\u2500\u2500\u2500\u2518                                                                                                                                              \u2502                                                                          \u2502       \n\u250c\u2500\u2500\u2500\u2500\u2500\u2500\u2534\u2500\u2500\u2500\u2500\u2500\u2500\u2510                                                                                                                                       \u250c\u2500\u2500\u2500\u2500\u2500\u2500\u2534\u2500\u2500\u2500\u2500\u2500\u2500\u2510                                                            \u250c\u2500\u2500\u2500\u2500\u2500\u2500\u2534\u2500\u2500\u2500\u2500\u2500\u2500\u2510\n\u2502LEFT_DEL...  \u2502                                                                                                                                       \u2502  HASH_JOIN  \u2502                                                            \u2502HASH_GROUP_BY\u2502\n\u2502    \u2500\u2500\u2500\u2500\u2500\u2500   \u2502                                                                                                                                       \u2502    \u2500\u2500\u2500\u2500\u2500\u2500   \u2502                                                            \u2502    \u2500\u2500\u2500\u2500\u2500\u2500   \u2502\n\u2502  Join Type: \u2502                                                                                                                                       \u2502  Join Type: \u2502                                                            \u2502   Groups:   \u2502\n\u2502     SEMI    \u2502                                                                                                                                       \u2502     MARK    \u2502                                                            \u2502      #8     \u2502\n\u2502             \u2502                                                                                                                                       \u2502             \u2502                                                            \u2502             \u2502\n\u2502 Conditions: \u2502                                                                                                                                       \u2502 Conditions: \u2502                                                            \u2502             \u2502\n\u2502c_customer_sk\u2502                                                                                                                                       \u2502c_customer_sk\u2502                                                            \u2502             \u2502\n\u2502 IS NOT DISTI\u2502                                                                                                                                       \u2502 IS NOT DISTI\u2502                                                            \u2502             \u2502\n\u2502   NCT FROM  \u251c\u2500\u2500\u2500\u2500\u2500\u2500\u2500\u2500\u2500\u2500\u2500\u2500\u2500\u2500\u2500\u2500\u2500\u2500\u2500\u2500\u2500\u2500\u2500\u2500\u2500\u2500\u2500\u2500\u2500\u2500\u2500\u2500\u2500\u2500\u2500\u2500\u2500\u2500\u2500\u2500\u2500\u2500\u2500\u2500\u2500\u2500\u2500\u2500\u2500\u2500\u2500\u2500\u252c\u2500\u2500\u2500\u2500\u2500\u2500\u2500\u2500\u2500\u2500\u2500\u2500\u2500\u2500\u2500\u2500\u2500\u2500\u2500\u2500\u2500\u2500\u2500\u2500\u2500\u2500\u2500\u2500\u2500\u2500\u2500\u2500\u2500\u2500\u2500\u2500\u2500\u2500\u2500\u2500\u2500\u2500\u2500\u2500\u2500\u2500\u2500\u2500\u2500\u2500\u2500\u2500\u2500\u2500\u2500\u2500\u2500\u2500\u2500\u2500\u2500\u2500\u2500\u2500\u2500\u2500\u2500\u2500\u2500\u2500\u2500\u2500\u2500\u2500\u2510       \u2502   NCT FROM  \u251c\u2500\u2500\u2500\u2500\u2500\u2500\u2500\u2510                                                    \u2502             \u2502\n\u2502 c_customer_s\u2502                                                    \u2502                                                                          \u2502       \u2502 c_customer_s\u2502       \u2502                                                    \u2502             \u2502\n\u2502      k      \u2502                                                    \u2502                                                                          \u2502       \u2502      k      \u2502       \u2502                                                    \u2502             \u2502\n\u2502             \u2502                                                    \u2502                                                                          \u2502       \u2502             \u2502       \u2502                                                    \u2502             \u2502\n\u2502 Delim Index:\u2502                                                    \u2502                                                                          \u2502       \u2502             \u2502       \u2502                                                    \u2502             \u2502\n\u2502      1      \u2502                                                    \u2502                                                                          \u2502       \u2502             \u2502       \u2502                                                    \u2502             \u2502\n\u2502             \u2502                                                    \u2502                                                                          \u2502       \u2502             \u2502       \u2502                                                    \u2502             \u2502\n\u2502    0 rows   \u2502                                                    \u2502                                                                          \u2502       \u2502    0 rows   \u2502       \u2502                                                    \u2502    0 rows   \u2502\n\u2502   (0.00s)   \u2502                                                    \u2502                                                                          \u2502       \u2502   (0.00s)   \u2502       \u2502                                                    \u2502   (0.00s)   \u2502\n\u2514\u2500\u2500\u2500\u2500\u2500\u2500\u252c\u2500\u2500\u2500\u2500\u2500\u2500\u2518                                                    \u2502                                                                          \u2502       \u2514\u2500\u2500\u2500\u2500\u2500\u2500\u252c\u2500\u2500\u2500\u2500\u2500\u2500\u2518       \u2502                                                    \u2514\u2500\u2500\u2500\u2500\u2500\u2500\u2500\u2500\u2500\u2500\u2500\u2500\u2500\u2518\n\u250c\u2500\u2500\u2500\u2500\u2500\u2500\u2534\u2500\u2500\u2500\u2500\u2500\u2500\u2510                                             \u250c\u2500\u2500\u2500\u2500\u2500\u2500\u2534\u2500\u2500\u2500\u2500\u2500\u2500\u2510                                                            \u250c\u2500\u2500\u2500\u2500\u2500\u2500\u2534\u2500\u2500\u2500\u2500\u2500\u2500\u2510\u250c\u2500\u2500\u2500\u2500\u2500\u2500\u2534\u2500\u2500\u2500\u2500\u2500\u2500\u2510\u250c\u2500\u2500\u2500\u2500\u2500\u2500\u2534\u2500\u2500\u2500\u2500\u2500\u2500\u2510                                                            \n\u2502  HASH_JOIN  \u2502                                             \u2502  HASH_JOIN  \u2502                                                            \u2502HASH_GROUP_BY\u2502\u2502COLUMN_D...  \u2502\u2502  PROJECTION \u2502                                                            \n\u2502    \u2500\u2500\u2500\u2500\u2500\u2500   \u2502                                             \u2502    \u2500\u2500\u2500\u2500\u2500\u2500   \u2502                                                            \u2502    \u2500\u2500\u2500\u2500\u2500\u2500   \u2502\u2502             \u2502\u2502    \u2500\u2500\u2500\u2500\u2500\u2500   \u2502                                                            \n\u2502  Join Type: \u2502                                             \u2502  Join Type: \u2502                                                            \u2502   Groups:   \u2502\u2502             \u2502\u2502c_customer_sk\u2502                                                            \n\u2502    INNER    \u2502                                             \u2502     SEMI    \u2502                                                            \u2502      #9     \u2502\u2502             \u2502\u2502             \u2502                                                            \n\u2502             \u2502                                             \u2502             \u2502                                                            \u2502             \u2502\u2502             \u2502\u2502             \u2502                                                            \n\u2502 Conditions: \u2502                                             \u2502 Conditions: \u2502                                                            \u2502             \u2502\u2502             \u2502\u2502             \u2502                                                            \n\u2502ca_address_sk\u2502                                             \u2502c_customer_sk\u2502                                                            \u2502             \u2502\u2502             \u2502\u2502             \u2502                                                            \n\u2502 = c_current_\u251c\u2500\u2500\u2500\u2500\u2500\u2500\u2500\u2500\u2500\u2500\u2500\u2500\u2500\u2500\u2500\u2500\u2500\u2500\u2500\u2500\u2500\u2500\u2510                      \u2502 IS NOT DISTI\u251c\u2500\u2500\u2500\u2500\u2500\u2500\u2500\u2510                                                    \u2502             \u2502\u2502             \u2502\u2502             \u2502                                                            \n\u2502   addr_sk   \u2502                      \u2502                      \u2502   NCT FROM  \u2502       \u2502                                                    \u2502             \u2502\u2502             \u2502\u2502             \u2502                                                            \n\u2502             \u2502                      \u2502                      \u2502 c_customer_s\u2502       \u2502                                                    \u2502             \u2502\u2502             \u2502\u2502             \u2502                                                            \n\u2502             \u2502                      \u2502                      \u2502      k      \u2502       \u2502                                                    \u2502             \u2502\u2502             \u2502\u2502             \u2502                                                            \n\u2502             \u2502                      \u2502                      \u2502             \u2502       \u2502                                                    \u2502             \u2502\u2502             \u2502\u2502             \u2502                                                            \n\u2502   35 rows   \u2502                      \u2502                      \u2502    0 rows   \u2502       \u2502                                                    \u2502   35 rows   \u2502\u2502    0 rows   \u2502\u2502    0 rows   \u2502                                                            \n\u2502   (0.00s)   \u2502                      \u2502                      \u2502   (0.00s)   \u2502       \u2502                                                    \u2502   (0.00s)   \u2502\u2502   (0.00s)   \u2502\u2502   (0.00s)   \u2502                                                            \n\u2514\u2500\u2500\u2500\u2500\u2500\u2500\u252c\u2500\u2500\u2500\u2500\u2500\u2500\u2518                      \u2502                      \u2514\u2500\u2500\u2500\u2500\u2500\u2500\u252c\u2500\u2500\u2500\u2500\u2500\u2500\u2518       \u2502                                                    \u2514\u2500\u2500\u2500\u2500\u2500\u2500\u2500\u2500\u2500\u2500\u2500\u2500\u2500\u2518\u2514\u2500\u2500\u2500\u2500\u2500\u2500\u2500\u2500\u2500\u2500\u2500\u2500\u2500\u2518\u2514\u2500\u2500\u2500\u2500\u2500\u2500\u252c\u2500\u2500\u2500\u2500\u2500\u2500\u2518                                                            \n\u250c\u2500\u2500\u2500\u2500\u2500\u2500\u2534\u2500\u2500\u2500\u2500\u2500\u2500\u2510               \u250c\u2500\u2500\u2500\u2500\u2500\u2500\u2534\u2500\u2500\u2500\u2500\u2500\u2500\u2510               \u250c\u2500\u2500\u2500\u2500\u2500\u2500\u2534\u2500\u2500\u2500\u2500\u2500\u2500\u2510\u250c\u2500\u2500\u2500\u2500\u2500\u2500\u2534\u2500\u2500\u2500\u2500\u2500\u2500\u2510                                                                           \u250c\u2500\u2500\u2500\u2500\u2500\u2500\u2534\u2500\u2500\u2500\u2500\u2500\u2500\u2510                                                            \n\u2502  PROJECTION \u2502               \u2502  HASH_JOIN  \u2502               \u2502COLUMN_D...  \u2502\u2502  PROJECTION \u2502                                                                           \u2502  HASH_JOIN  \u2502                                                            \n\u2502    \u2500\u2500\u2500\u2500\u2500\u2500   \u2502               \u2502    \u2500\u2500\u2500\u2500\u2500\u2500   \u2502               \u2502             \u2502\u2502    \u2500\u2500\u2500\u2500\u2500\u2500   \u2502                                                                           \u2502    \u2500\u2500\u2500\u2500\u2500\u2500   \u2502                                                            \n\u2502      #0     \u2502               \u2502  Join Type: \u2502               \u2502             \u2502\u2502c_customer_sk\u2502                                                                           \u2502  Join Type: \u2502                                                            \n\u2502             \u2502               \u2502    INNER    \u2502               \u2502             \u2502\u2502             \u2502                                                                           \u2502    INNER    \u2502                                                            \n\u2502             \u2502               \u2502             \u2502               \u2502             \u2502\u2502             \u2502                                                                           \u2502             \u2502                                                            \n\u2502             \u2502               \u2502 Conditions: \u2502               \u2502             \u2502\u2502             \u2502                                                                           \u2502 Conditions: \u2502                                                            \n\u2502             \u2502               \u2502 cd_demo_sk =\u251c\u2500\u2500\u2500\u2500\u2500\u2500\u2500\u2510       \u2502             \u2502\u2502             \u2502                                                                           \u2502 i_item_sk = \u251c\u2500\u2500\u2500\u2500\u2500\u2500\u2500\u2510                                                    \n\u2502             \u2502               \u2502 c_current_cd\u2502       \u2502       \u2502             \u2502\u2502             \u2502                                                                           \u2502  ws_item_sk \u2502       \u2502                                                    \n\u2502             \u2502               \u2502    emo_sk   \u2502       \u2502       \u2502             \u2502\u2502             \u2502                                                                           \u2502             \u2502       \u2502                                                    \n\u2502             \u2502               \u2502             \u2502       \u2502       \u2502             \u2502\u2502             \u2502                                                                           \u2502             \u2502       \u2502                                                    \n\u2502  1,268 rows \u2502               \u2502  6,950 rows \u2502       \u2502       \u2502   35 rows   \u2502\u2502    0 rows   \u2502                                                                           \u2502    0 rows   \u2502       \u2502                                                    \n\u2502   (0.00s)   \u2502               \u2502   (0.01s)   \u2502       \u2502       \u2502   (0.00s)   \u2502\u2502   (0.00s)   \u2502                                                                           \u2502   (0.00s)   \u2502       \u2502                                                    \n\u2514\u2500\u2500\u2500\u2500\u2500\u2500\u252c\u2500\u2500\u2500\u2500\u2500\u2500\u2518               \u2514\u2500\u2500\u2500\u2500\u2500\u2500\u252c\u2500\u2500\u2500\u2500\u2500\u2500\u2518       \u2502       \u2514\u2500\u2500\u2500\u2500\u2500\u2500\u2500\u2500\u2500\u2500\u2500\u2500\u2500\u2518\u2514\u2500\u2500\u2500\u2500\u2500\u2500\u252c\u2500\u2500\u2500\u2500\u2500\u2500\u2518                                                                           \u2514\u2500\u2500\u2500\u2500\u2500\u2500\u252c\u2500\u2500\u2500\u2500\u2500\u2500\u2518       \u2502                                                    \n\u250c\u2500\u2500\u2500\u2500\u2500\u2500\u2534\u2500\u2500\u2500\u2500\u2500\u2500\u2510               \u250c\u2500\u2500\u2500\u2500\u2500\u2500\u2534\u2500\u2500\u2500\u2500\u2500\u2500\u2510\u250c\u2500\u2500\u2500\u2500\u2500\u2500\u2534\u2500\u2500\u2500\u2500\u2500\u2500\u2510               \u250c\u2500\u2500\u2500\u2500\u2500\u2500\u2534\u2500\u2500\u2500\u2500\u2500\u2500\u2510                                                                           \u250c\u2500\u2500\u2500\u2500\u2500\u2500\u2534\u2500\u2500\u2500\u2500\u2500\u2500\u2510\u250c\u2500\u2500\u2500\u2500\u2500\u2500\u2534\u2500\u2500\u2500\u2500\u2500\u2500\u2510                                             \n\u2502    FILTER   \u2502               \u2502    FILTER   \u2502\u2502  PROJECTION \u2502               \u2502  HASH_JOIN  \u2502                                                                           \u2502  PROJECTION \u2502\u2502  HASH_JOIN  \u2502                                             \n\u2502    \u2500\u2500\u2500\u2500\u2500\u2500   \u2502               \u2502    \u2500\u2500\u2500\u2500\u2500\u2500   \u2502\u2502    \u2500\u2500\u2500\u2500\u2500\u2500   \u2502               \u2502    \u2500\u2500\u2500\u2500\u2500\u2500   \u2502                                                                           \u2502    \u2500\u2500\u2500\u2500\u2500\u2500   \u2502\u2502    \u2500\u2500\u2500\u2500\u2500\u2500   \u2502                                             \n\u2502   IN (...)  \u2502               \u2502 ((cd_demo_sk\u2502\u2502      #0     \u2502               \u2502  Join Type: \u2502                                                                           \u2502      #0     \u2502\u2502  Join Type: \u2502                                             \n\u2502             \u2502               \u2502   BETWEEN 4 \u2502\u2502      #2     \u2502               \u2502    INNER    \u2502                                                                           \u2502             \u2502\u2502    INNER    \u2502                                             \n\u2502             \u2502               \u2502  AND 1920791\u2502\u2502      #3     \u2502               \u2502             \u2502                                                                           \u2502             \u2502\u2502             \u2502                                             \n\u2502             \u2502               \u2502) AND ((cd_ma\u2502\u2502             \u2502               \u2502 Conditions: \u2502                                                                           \u2502             \u2502\u2502 Conditions: \u2502                                             \n\u2502             \u2502               \u2502 rital_status\u2502\u2502             \u2502               \u2502 i_item_sk = \u2502                                                                           \u2502             \u2502\u2502ws_sold_date_\u2502                                             \n\u2502             \u2502               \u2502  = 'U') OR  \u2502\u2502             \u2502               \u2502  ss_item_sk \u2502                                                                           \u2502             \u2502\u2502sk = d_date_s\u2502                                             \n\u2502             \u2502               \u2502(cd_marital_s\u2502\u2502             \u2502               \u2502             \u2502                                                                           \u2502             \u2502\u2502      k      \u2502                                             \n\u2502             \u2502               \u2502 tatus = 'U')\u2502\u2502             \u2502               \u2502             \u2502                                                                           \u2502             \u2502\u2502             \u2502                                             \n\u2502             \u2502               \u2502 OR (cd_marit\u2502\u2502             \u2502               \u2502             \u2502                                                                           \u2502             \u2502\u2502             \u2502                                             \n\u2502             \u2502               \u2502 al_status = \u2502\u2502             \u2502               \u2502             \u2502                                                                           \u2502             \u2502\u2502             \u2502                                             \n\u2502             \u2502               \u2502 'M')) AND ( \u2502\u2502             \u2502               \u2502             \u2502                                                                           \u2502             \u2502\u2502             \u2502                                             \n\u2502             \u2502               \u2502(cd_education\u2502\u2502             \u2502               \u2502             \u251c\u2500\u2500\u2500\u2500\u2500\u2500\u2500\u2510                                                                   \u2502             \u2502\u2502             \u251c\u2500\u2500\u2500\u2500\u2500\u2500\u2500\u2500\u2500\u2500\u2500\u2500\u2500\u2500\u2500\u2500\u2500\u2500\u2500\u2500\u2500\u2500\u2510                      \n\u2502             \u2502               \u2502  _status =  \u2502\u2502             \u2502               \u2502             \u2502       \u2502                                                                   \u2502             \u2502\u2502             \u2502                      \u2502                      \n\u2502             \u2502               \u2502  'College') \u2502\u2502             \u2502               \u2502             \u2502       \u2502                                                                   \u2502             \u2502\u2502             \u2502                      \u2502                      \n\u2502             \u2502               \u2502 OR (cd_educa\u2502\u2502             \u2502               \u2502             \u2502       \u2502                                                                   \u2502             \u2502\u2502             \u2502                      \u2502                      \n\u2502             \u2502               \u2502 tion_status \u2502\u2502             \u2502               \u2502             \u2502       \u2502                                                                   \u2502             \u2502\u2502             \u2502                      \u2502                      \n\u2502             \u2502               \u2502 = 'Primary')\u2502\u2502             \u2502               \u2502             \u2502       \u2502                                                                   \u2502             \u2502\u2502             \u2502                      \u2502                      \n\u2502             \u2502               \u2502 OR (cd_educa\u2502\u2502             \u2502               \u2502             \u2502       \u2502                                                                   \u2502             \u2502\u2502             \u2502                      \u2502                      \n\u2502             \u2502               \u2502 tion_status \u2502\u2502             \u2502               \u2502             \u2502       \u2502                                                                   \u2502             \u2502\u2502             \u2502                      \u2502                      \n\u2502             \u2502               \u2502= '2 yr Degre\u2502\u2502             \u2502               \u2502             \u2502       \u2502                                                                   \u2502             \u2502\u2502             \u2502                      \u2502                      \n\u2502             \u2502               \u2502    e')))    \u2502\u2502             \u2502               \u2502             \u2502       \u2502                                                                   \u2502             \u2502\u2502             \u2502                      \u2502                      \n\u2502             \u2502               \u2502             \u2502\u2502             \u2502               \u2502             \u2502       \u2502                                                                   \u2502             \u2502\u2502             \u2502                      \u2502                      \n\u2502  1,268 rows \u2502               \u2502 164,638 rows\u2502\u2502 82,157 rows \u2502               \u2502    0 rows   \u2502       \u2502                                                                   \u2502    0 rows   \u2502\u2502    0 rows   \u2502                      \u2502                      \n\u2502   (0.00s)   \u2502               \u2502   (0.02s)   \u2502\u2502   (0.00s)   \u2502               \u2502   (0.00s)   \u2502       \u2502                                                                   \u2502   (0.00s)   \u2502\u2502   (0.00s)   \u2502                      \u2502                      \n\u2514\u2500\u2500\u2500\u2500\u2500\u2500\u252c\u2500\u2500\u2500\u2500\u2500\u2500\u2518               \u2514\u2500\u2500\u2500\u2500\u2500\u2500\u252c\u2500\u2500\u2500\u2500\u2500\u2500\u2518\u2514\u2500\u2500\u2500\u2500\u2500\u2500\u252c\u2500\u2500\u2500\u2500\u2500\u2500\u2518               \u2514\u2500\u2500\u2500\u2500\u2500\u2500\u252c\u2500\u2500\u2500\u2500\u2500\u2500\u2518       \u2502                                                                   \u2514\u2500\u2500\u2500\u2500\u2500\u2500\u252c\u2500\u2500\u2500\u2500\u2500\u2500\u2518\u2514\u2500\u2500\u2500\u2500\u2500\u2500\u252c\u2500\u2500\u2500\u2500\u2500\u2500\u2518                      \u2502                      \n\u250c\u2500\u2500\u2500\u2500\u2500\u2500\u2534\u2500\u2500\u2500\u2500\u2500\u2500\u2510               \u250c\u2500\u2500\u2500\u2500\u2500\u2500\u2534\u2500\u2500\u2500\u2500\u2500\u2500\u2510\u250c\u2500\u2500\u2500\u2500\u2500\u2500\u2534\u2500\u2500\u2500\u2500\u2500\u2500\u2510               \u250c\u2500\u2500\u2500\u2500\u2500\u2500\u2534\u2500\u2500\u2500\u2500\u2500\u2500\u2510\u250c\u2500\u2500\u2500\u2500\u2500\u2500\u2534\u2500\u2500\u2500\u2500\u2500\u2500\u2510                                                            \u250c\u2500\u2500\u2500\u2500\u2500\u2500\u2534\u2500\u2500\u2500\u2500\u2500\u2500\u2510\u250c\u2500\u2500\u2500\u2500\u2500\u2500\u2534\u2500\u2500\u2500\u2500\u2500\u2500\u2510               \u250c\u2500\u2500\u2500\u2500\u2500\u2500\u2534\u2500\u2500\u2500\u2500\u2500\u2500\u2510               \n\u2502  HASH_JOIN  \u2502               \u2502  TABLE_SCAN \u2502\u2502    FILTER   \u2502               \u2502  PROJECTION \u2502\u2502  HASH_JOIN  \u2502                                                            \u2502    FILTER   \u2502\u2502  HASH_JOIN  \u2502               \u2502    FILTER   \u2502               \n\u2502    \u2500\u2500\u2500\u2500\u2500\u2500   \u2502               \u2502    \u2500\u2500\u2500\u2500\u2500\u2500   \u2502\u2502    \u2500\u2500\u2500\u2500\u2500\u2500   \u2502               \u2502    \u2500\u2500\u2500\u2500\u2500\u2500   \u2502\u2502    \u2500\u2500\u2500\u2500\u2500\u2500   \u2502                                                            \u2502    \u2500\u2500\u2500\u2500\u2500\u2500   \u2502\u2502    \u2500\u2500\u2500\u2500\u2500\u2500   \u2502               \u2502    \u2500\u2500\u2500\u2500\u2500\u2500   \u2502               \n\u2502  Join Type: \u2502               \u2502    Table:   \u2502\u2502((c_birth_mon\u2502               \u2502      #0     \u2502\u2502  Join Type: \u2502                                                            \u2502 ((i_category\u2502\u2502  Join Type: \u2502               \u2502  (d_date_sk \u2502               \n\u2502     MARK    \u2502               \u2502customer_demo\u2502\u2502 th = 1) OR  \u2502               \u2502             \u2502\u2502    INNER    \u2502                                                            \u2502  = 'Children\u2502\u2502    INNER    \u2502               \u2502    BETWEEN  \u2502               \n\u2502             \u2502               \u2502   graphics  \u2502\u2502(c_birth_mont\u2502               \u2502             \u2502\u2502             \u2502                                                            \u2502') OR (i_cate\u2502\u2502             \u2502               \u2502  2450816 AND\u2502               \n\u2502 Conditions: \u2502               \u2502             \u2502\u2502   h = 5))   \u2502               \u2502             \u2502\u2502 Conditions: \u2502                                                            \u2502gory = 'Elect\u2502\u2502 Conditions: \u2502               \u2502   2452642)  \u2502               \n\u2502 ca_county = \u2502               \u2502    Type:    \u2502\u2502             \u2502               \u2502             \u2502\u2502ss_sold_date_\u2502                                                            \u2502 ronics') OR \u2502\u2502ws_bill_custo\u2502               \u2502             \u2502               \n\u2502      #0     \u2502               \u2502  Sequential \u2502\u2502             \u2502               \u2502             \u2502\u2502sk = d_date_s\u2502                                                            \u2502 (i_category \u2502\u2502   mer_sk =  \u2502               \u2502             \u2502               \n\u2502             \u2502               \u2502     Scan    \u2502\u2502             \u2502               \u2502             \u2502\u2502      k      \u2502                                                            \u2502 = 'Music')) \u2502\u2502 c_customer_s\u2502               \u2502             \u2502               \n\u2502             \u2502               \u2502             \u2502\u2502             \u2502               \u2502             \u2502\u2502             \u2502                                                            \u2502             \u2502\u2502      k      \u2502               \u2502             \u2502               \n\u2502             \u2502               \u2502 Projections:\u2502\u2502             \u2502               \u2502             \u2502\u2502             \u2502                                                            \u2502             \u2502\u2502             \u2502               \u2502             \u2502               \n\u2502             \u2502               \u2502  cd_demo_sk \u2502\u2502             \u2502               \u2502             \u2502\u2502             \u2502                                                            \u2502             \u2502\u2502             \u2502               \u2502             \u2502               \n\u2502             \u2502               \u2502cd_marital_st\u2502\u2502             \u2502               \u2502             \u2502\u2502             \u2502                                                            \u2502             \u2502\u2502             \u2502               \u2502             \u2502               \n\u2502             \u2502               \u2502     atus    \u2502\u2502             \u2502               \u2502             \u2502\u2502             \u2502                                                            \u2502             \u2502\u2502             \u2502               \u2502             \u2502               \n\u2502             \u2502               \u2502cd_education_\u2502\u2502             \u2502               \u2502             \u2502\u2502             \u2502                                                            \u2502             \u2502\u2502             \u2502               \u2502             \u2502               \n\u2502             \u2502               \u2502    status   \u2502\u2502             \u2502               \u2502             \u2502\u2502             \u2502                                                            \u2502             \u2502\u2502             \u2502               \u2502             \u2502               \n\u2502             \u2502               \u2502  cd_gender  \u2502\u2502             \u2502               \u2502             \u2502\u2502             \u2502                                                            \u2502             \u2502\u2502             \u2502               \u2502             \u2502               \n\u2502             \u2502               \u2502cd_purchase_e\u2502\u2502             \u2502               \u2502             \u2502\u2502             \u2502                                                            \u2502             \u2502\u2502             \u2502               \u2502             \u2502               \n\u2502             \u2502               \u2502   stimate   \u2502\u2502             \u2502               \u2502             \u2502\u2502             \u2502                                                            \u2502             \u2502\u2502             \u2502               \u2502             \u2502               \n\u2502             \u2502               \u2502cd_credit_rat\u2502\u2502             \u2502               \u2502             \u2502\u2502             \u2502                                                            \u2502             \u2502\u2502             \u2502               \u2502             \u2502               \n\u2502             \u2502               \u2502     ing     \u2502\u2502             \u2502               \u2502             \u2502\u2502             \u2502                                                            \u2502             \u2502\u2502             \u2502               \u2502             \u2502               \n\u2502             \u251c\u2500\u2500\u2500\u2500\u2500\u2500\u2500\u2510       \u2502 cd_dep_count\u2502\u2502             \u2502               \u2502             \u2502\u2502             \u251c\u2500\u2500\u2500\u2500\u2500\u2500\u2500\u2500\u2500\u2500\u2500\u2500\u2500\u2500\u2500\u2500\u2500\u2500\u2500\u2500\u2500\u2500\u2510                                     \u2502             \u2502\u2502             \u251c\u2500\u2500\u2500\u2500\u2500\u2500\u2500\u2510       \u2502             \u2502               \n\u2502             \u2502       \u2502       \u2502cd_dep_employ\u2502\u2502             \u2502               \u2502             \u2502\u2502             \u2502                      \u2502                                     \u2502             \u2502\u2502             \u2502       \u2502       \u2502             \u2502               \n\u2502             \u2502       \u2502       \u2502   ed_count  \u2502\u2502             \u2502               \u2502             \u2502\u2502             \u2502                      \u2502                                     \u2502             \u2502\u2502             \u2502       \u2502       \u2502             \u2502               \n\u2502             \u2502       \u2502       \u2502cd_dep_colleg\u2502\u2502             \u2502               \u2502             \u2502\u2502             \u2502                      \u2502                                     \u2502             \u2502\u2502             \u2502       \u2502       \u2502             \u2502               \n\u2502             \u2502       \u2502       \u2502   e_count   \u2502\u2502             \u2502               \u2502             \u2502\u2502             \u2502                      \u2502                                     \u2502             \u2502\u2502             \u2502       \u2502       \u2502             \u2502               \n\u2502             \u2502       \u2502       \u2502             \u2502\u2502             \u2502               \u2502             \u2502\u2502             \u2502                      \u2502                                     \u2502             \u2502\u2502             \u2502       \u2502       \u2502             \u2502               \n\u2502             \u2502       \u2502       \u2502   Filters:  \u2502\u2502             \u2502               \u2502             \u2502\u2502             \u2502                      \u2502                                     \u2502             \u2502\u2502             \u2502       \u2502       \u2502             \u2502               \n\u2502             \u2502       \u2502       \u2502  optional:  \u2502\u2502             \u2502               \u2502             \u2502\u2502             \u2502                      \u2502                                     \u2502             \u2502\u2502             \u2502       \u2502       \u2502             \u2502               \n\u2502             \u2502       \u2502       \u2502 cd_marital_s\u2502\u2502             \u2502               \u2502             \u2502\u2502             \u2502                      \u2502                                     \u2502             \u2502\u2502             \u2502       \u2502       \u2502             \u2502               \n\u2502             \u2502       \u2502       \u2502 tatus IN ('U\u2502\u2502             \u2502               \u2502             \u2502\u2502             \u2502                      \u2502                                     \u2502             \u2502\u2502             \u2502       \u2502       \u2502             \u2502               \n\u2502             \u2502       \u2502       \u2502 ', 'U', 'M')\u2502\u2502             \u2502               \u2502             \u2502\u2502             \u2502                      \u2502                                     \u2502             \u2502\u2502             \u2502       \u2502       \u2502             \u2502               \n\u2502             \u2502       \u2502       \u2502  optional:  \u2502\u2502             \u2502               \u2502             \u2502\u2502             \u2502                      \u2502                                     \u2502             \u2502\u2502             \u2502       \u2502       \u2502             \u2502               \n\u2502             \u2502       \u2502       \u2502 cd_education\u2502\u2502             \u2502               \u2502             \u2502\u2502             \u2502                      \u2502                                     \u2502             \u2502\u2502             \u2502       \u2502       \u2502             \u2502               \n\u2502             \u2502       \u2502       \u2502 _status IN (\u2502\u2502             \u2502               \u2502             \u2502\u2502             \u2502                      \u2502                                     \u2502             \u2502\u2502             \u2502       \u2502       \u2502             \u2502               \n\u2502             \u2502       \u2502       \u2502 'College',  \u2502\u2502             \u2502               \u2502             \u2502\u2502             \u2502                      \u2502                                     \u2502             \u2502\u2502             \u2502       \u2502       \u2502             \u2502               \n\u2502             \u2502       \u2502       \u2502 'Primary',  \u2502\u2502             \u2502               \u2502             \u2502\u2502             \u2502                      \u2502                                     \u2502             \u2502\u2502             \u2502       \u2502       \u2502             \u2502               \n\u2502             \u2502       \u2502       \u2502 '2 yr Degree\u2502\u2502             \u2502               \u2502             \u2502\u2502             \u2502                      \u2502                                     \u2502             \u2502\u2502             \u2502       \u2502       \u2502             \u2502               \n\u2502             \u2502       \u2502       \u2502      ')     \u2502\u2502             \u2502               \u2502             \u2502\u2502             \u2502                      \u2502                                     \u2502             \u2502\u2502             \u2502       \u2502       \u2502             \u2502               \n\u2502             \u2502       \u2502       \u2502cd_gender='M'\u2502\u2502             \u2502               \u2502             \u2502\u2502             \u2502                      \u2502                                     \u2502             \u2502\u2502             \u2502       \u2502       \u2502             \u2502               \n\u2502             \u2502       \u2502       \u2502             \u2502\u2502             \u2502               \u2502             \u2502\u2502             \u2502                      \u2502                                     \u2502             \u2502\u2502             \u2502       \u2502       \u2502             \u2502               \n\u2502 249,877 rows\u2502       \u2502       \u2502 960,391 rows\u2502\u2502 82,157 rows \u2502               \u2502   902 rows  \u2502\u2502   14 rows   \u2502                      \u2502                                     \u2502    0 rows   \u2502\u2502    0 rows   \u2502       \u2502       \u2502   122 rows  \u2502               \n\u2502   (0.00s)   \u2502       \u2502       \u2502   (0.01s)   \u2502\u2502   (0.00s)   \u2502               \u2502   (0.00s)   \u2502\u2502   (0.00s)   \u2502                      \u2502                                     \u2502   (0.00s)   \u2502\u2502   (0.00s)   \u2502       \u2502       \u2502   (0.00s)   \u2502               \n\u2514\u2500\u2500\u2500\u2500\u2500\u2500\u252c\u2500\u2500\u2500\u2500\u2500\u2500\u2518       \u2502       \u2514\u2500\u2500\u2500\u2500\u2500\u2500\u2500\u2500\u2500\u2500\u2500\u2500\u2500\u2518\u2514\u2500\u2500\u2500\u2500\u2500\u2500\u252c\u2500\u2500\u2500\u2500\u2500\u2500\u2518               \u2514\u2500\u2500\u2500\u2500\u2500\u2500\u252c\u2500\u2500\u2500\u2500\u2500\u2500\u2518\u2514\u2500\u2500\u2500\u2500\u2500\u2500\u252c\u2500\u2500\u2500\u2500\u2500\u2500\u2518                      \u2502                                     \u2514\u2500\u2500\u2500\u2500\u2500\u2500\u252c\u2500\u2500\u2500\u2500\u2500\u2500\u2518\u2514\u2500\u2500\u2500\u2500\u2500\u2500\u252c\u2500\u2500\u2500\u2500\u2500\u2500\u2518       \u2502       \u2514\u2500\u2500\u2500\u2500\u2500\u2500\u252c\u2500\u2500\u2500\u2500\u2500\u2500\u2518               \n\u250c\u2500\u2500\u2500\u2500\u2500\u2500\u2534\u2500\u2500\u2500\u2500\u2500\u2500\u2510\u250c\u2500\u2500\u2500\u2500\u2500\u2500\u2534\u2500\u2500\u2500\u2500\u2500\u2500\u2510               \u250c\u2500\u2500\u2500\u2500\u2500\u2500\u2534\u2500\u2500\u2500\u2500\u2500\u2500\u2510               \u250c\u2500\u2500\u2500\u2500\u2500\u2500\u2534\u2500\u2500\u2500\u2500\u2500\u2500\u2510\u250c\u2500\u2500\u2500\u2500\u2500\u2500\u2534\u2500\u2500\u2500\u2500\u2500\u2500\u2510               \u250c\u2500\u2500\u2500\u2500\u2500\u2500\u2534\u2500\u2500\u2500\u2500\u2500\u2500\u2510                              \u250c\u2500\u2500\u2500\u2500\u2500\u2500\u2534\u2500\u2500\u2500\u2500\u2500\u2500\u2510\u250c\u2500\u2500\u2500\u2500\u2500\u2500\u2534\u2500\u2500\u2500\u2500\u2500\u2500\u2510\u250c\u2500\u2500\u2500\u2500\u2500\u2500\u2534\u2500\u2500\u2500\u2500\u2500\u2500\u2510\u250c\u2500\u2500\u2500\u2500\u2500\u2500\u2534\u2500\u2500\u2500\u2500\u2500\u2500\u2510               \n\u2502  TABLE_SCAN \u2502\u2502COLUMN_D...  \u2502               \u2502  TABLE_SCAN \u2502               \u2502    FILTER   \u2502\u2502  HASH_JOIN  \u2502               \u2502    FILTER   \u2502                              \u2502  TABLE_SCAN \u2502\u2502  PROJECTION \u2502\u2502  DELIM_SCAN \u2502\u2502  TABLE_SCAN \u2502               \n\u2502    \u2500\u2500\u2500\u2500\u2500\u2500   \u2502\u2502             \u2502               \u2502    \u2500\u2500\u2500\u2500\u2500\u2500   \u2502               \u2502    \u2500\u2500\u2500\u2500\u2500\u2500   \u2502\u2502    \u2500\u2500\u2500\u2500\u2500\u2500   \u2502               \u2502    \u2500\u2500\u2500\u2500\u2500\u2500   \u2502                              \u2502    \u2500\u2500\u2500\u2500\u2500\u2500   \u2502\u2502    \u2500\u2500\u2500\u2500\u2500\u2500   \u2502\u2502    \u2500\u2500\u2500\u2500\u2500\u2500   \u2502\u2502    \u2500\u2500\u2500\u2500\u2500\u2500   \u2502               \n\u2502    Table:   \u2502\u2502             \u2502               \u2502    Table:   \u2502               \u2502 ((i_category\u2502\u2502  Join Type: \u2502               \u2502  (d_date_sk \u2502                              \u2502    Table:   \u2502\u2502      #0     \u2502\u2502 Delim Index:\u2502\u2502    Table:   \u2502               \n\u2502customer_addr\u2502\u2502             \u2502               \u2502   customer  \u2502               \u2502  = 'Children\u2502\u2502    INNER    \u2502               \u2502    BETWEEN  \u2502                              \u2502     item    \u2502\u2502      #1     \u2502\u2502      2      \u2502\u2502   date_dim  \u2502               \n\u2502     ess     \u2502\u2502             \u2502               \u2502             \u2502               \u2502') OR (i_cate\u2502\u2502             \u2502               \u2502  2450816 AND\u2502                              \u2502             \u2502\u2502      #2     \u2502\u2502             \u2502\u2502             \u2502               \n\u2502             \u2502\u2502             \u2502               \u2502    Type:    \u2502               \u2502gory = 'Elect\u2502\u2502 Conditions: \u2502               \u2502   2452642)  \u2502                              \u2502    Type:    \u2502\u2502             \u2502\u2502             \u2502\u2502    Type:    \u2502               \n\u2502    Type:    \u2502\u2502             \u2502               \u2502  Sequential \u2502               \u2502 ronics') OR \u2502\u2502ss_customer_s\u2502               \u2502             \u2502                              \u2502  Sequential \u2502\u2502             \u2502\u2502             \u2502\u2502  Sequential \u2502               \n\u2502  Sequential \u2502\u2502             \u2502               \u2502     Scan    \u2502               \u2502 (i_category \u2502\u2502k = c_custome\u2502               \u2502             \u2502                              \u2502     Scan    \u2502\u2502             \u2502\u2502             \u2502\u2502     Scan    \u2502               \n\u2502     Scan    \u2502\u2502             \u2502               \u2502             \u2502               \u2502 = 'Music')) \u2502\u2502     r_sk    \u2502               \u2502             \u2502                              \u2502             \u2502\u2502             \u2502\u2502             \u2502\u2502             \u2502               \n\u2502             \u2502\u2502             \u2502               \u2502 Projections:\u2502               \u2502             \u2502\u2502             \u2502               \u2502             \u2502                              \u2502 Projections:\u2502\u2502             \u2502\u2502             \u2502\u2502 Projections:\u2502               \n\u2502 Projections:\u2502\u2502             \u2502               \u2502c_current_add\u2502               \u2502             \u2502\u2502             \u2502               \u2502             \u2502                              \u2502  i_item_sk  \u2502\u2502             \u2502\u2502             \u2502\u2502  d_date_sk  \u2502               \n\u2502ca_address_sk\u2502\u2502             \u2502               \u2502     r_sk    \u2502               \u2502             \u2502\u2502             \u2502               \u2502             \u2502                              \u2502  i_category \u2502\u2502             \u2502\u2502             \u2502\u2502             \u2502               \n\u2502  ca_county  \u2502\u2502             \u2502               \u2502c_birth_month\u2502               \u2502             \u2502\u2502             \u2502               \u2502             \u2502                              \u2502             \u2502\u2502             \u2502\u2502             \u2502\u2502   Filters:  \u2502               \n\u2502             \u2502\u2502             \u2502               \u2502c_current_cde\u2502               \u2502             \u2502\u2502             \u2502               \u2502             \u2502                              \u2502   Filters:  \u2502\u2502             \u2502\u2502             \u2502\u2502 d_year=1999 \u2502               \n\u2502   Filters:  \u2502\u2502             \u2502               \u2502    mo_sk    \u2502               \u2502             \u2502\u2502             \u251c\u2500\u2500\u2500\u2500\u2500\u2500\u2500\u2510       \u2502             \u2502                              \u2502  optional:  \u2502\u2502             \u2502\u2502             \u2502\u2502 d_moy>=8 AND\u2502               \n\u2502  optional:  \u2502\u2502             \u2502               \u2502c_customer_sk\u2502               \u2502             \u2502\u2502             \u2502       \u2502       \u2502             \u2502                              \u2502  i_category \u2502\u2502             \u2502\u2502             \u2502\u2502   d_moy<=11 \u2502               \n\u2502   ca_county \u2502\u2502             \u2502               \u2502             \u2502               \u2502             \u2502\u2502             \u2502       \u2502       \u2502             \u2502                              \u2502 IN ('Childre\u2502\u2502             \u2502\u2502             \u2502\u2502             \u2502               \n\u2502  IN ('Grays \u2502\u2502             \u2502               \u2502   Filters:  \u2502               \u2502             \u2502\u2502             \u2502       \u2502       \u2502             \u2502                              \u2502n', 'Electron\u2502\u2502             \u2502\u2502             \u2502\u2502             \u2502               \n\u2502 Harbor Count\u2502\u2502             \u2502               \u2502  optional:  \u2502               \u2502             \u2502\u2502             \u2502       \u2502       \u2502             \u2502                              \u2502 ics', 'Music\u2502\u2502             \u2502\u2502             \u2502\u2502             \u2502               \n\u2502y', 'Kootenai\u2502\u2502             \u2502               \u2502 c_birth_mont\u2502               \u2502             \u2502\u2502             \u2502       \u2502       \u2502             \u2502                              \u2502      ')     \u2502\u2502             \u2502\u2502             \u2502\u2502             \u2502               \n\u2502   County',  \u2502\u2502             \u2502               \u2502 h IN (1, 5) \u2502               \u2502             \u2502\u2502             \u2502       \u2502       \u2502             \u2502                              \u2502 i_manager_id\u2502\u2502             \u2502\u2502             \u2502\u2502             \u2502               \n\u2502 'Pike County\u2502\u2502             \u2502               \u2502             \u2502               \u2502             \u2502\u2502             \u2502       \u2502       \u2502             \u2502                              \u2502   >=66 AND  \u2502\u2502             \u2502\u2502             \u2502\u2502             \u2502               \n\u2502  ', 'Thomas \u2502\u2502             \u2502               \u2502             \u2502               \u2502             \u2502\u2502             \u2502       \u2502       \u2502             \u2502                              \u2502 i_manager_id\u2502\u2502             \u2502\u2502             \u2502\u2502             \u2502               \n\u2502   County',  \u2502\u2502             \u2502               \u2502             \u2502               \u2502             \u2502\u2502             \u2502       \u2502       \u2502             \u2502                              \u2502     <=75    \u2502\u2502             \u2502\u2502             \u2502\u2502             \u2502               \n\u2502'Uinta County\u2502\u2502             \u2502               \u2502             \u2502               \u2502             \u2502\u2502             \u2502       \u2502       \u2502             \u2502                              \u2502             \u2502\u2502             \u2502\u2502             \u2502\u2502             \u2502               \n\u2502      ')     \u2502\u2502             \u2502               \u2502             \u2502               \u2502             \u2502\u2502             \u2502       \u2502       \u2502             \u2502                              \u2502             \u2502\u2502             \u2502\u2502             \u2502\u2502             \u2502               \n\u2502             \u2502\u2502             \u2502               \u2502             \u2502               \u2502             \u2502\u2502             \u2502       \u2502       \u2502             \u2502                              \u2502             \u2502\u2502             \u2502\u2502             \u2502\u2502             \u2502               \n\u2502 249,877 rows\u2502\u2502    5 rows   \u2502               \u2502 500,000 rows\u2502               \u2502   902 rows  \u2502\u2502   14 rows   \u2502       \u2502       \u2502   122 rows  \u2502                              \u2502  3,582 rows \u2502\u2502 53,831 rows \u2502\u2502    0 rows   \u2502\u2502   122 rows  \u2502               \n\u2502   (0.00s)   \u2502\u2502   (0.00s)   \u2502               \u2502   (0.00s)   \u2502               \u2502   (0.00s)   \u2502\u2502   (0.00s)   \u2502       \u2502       \u2502   (0.00s)   \u2502                              \u2502   (0.00s)   \u2502\u2502   (0.00s)   \u2502\u2502   (0.00s)   \u2502\u2502   (0.00s)   \u2502               \n\u2514\u2500\u2500\u2500\u2500\u2500\u2500\u2500\u2500\u2500\u2500\u2500\u2500\u2500\u2518\u2514\u2500\u2500\u2500\u2500\u2500\u2500\u2500\u2500\u2500\u2500\u2500\u2500\u2500\u2518               \u2514\u2500\u2500\u2500\u2500\u2500\u2500\u2500\u2500\u2500\u2500\u2500\u2500\u2500\u2518               \u2514\u2500\u2500\u2500\u2500\u2500\u2500\u252c\u2500\u2500\u2500\u2500\u2500\u2500\u2518\u2514\u2500\u2500\u2500\u2500\u2500\u2500\u252c\u2500\u2500\u2500\u2500\u2500\u2500\u2518       \u2502       \u2514\u2500\u2500\u2500\u2500\u2500\u2500\u252c\u2500\u2500\u2500\u2500\u2500\u2500\u2518                              \u2514\u2500\u2500\u2500\u2500\u2500\u2500\u2500\u2500\u2500\u2500\u2500\u2500\u2500\u2518\u2514\u2500\u2500\u2500\u2500\u2500\u2500\u252c\u2500\u2500\u2500\u2500\u2500\u2500\u2518\u2514\u2500\u2500\u2500\u2500\u2500\u2500\u2500\u2500\u2500\u2500\u2500\u2500\u2500\u2518\u2514\u2500\u2500\u2500\u2500\u2500\u2500\u2500\u2500\u2500\u2500\u2500\u2500\u2500\u2518               \n                                                                           \u250c\u2500\u2500\u2500\u2500\u2500\u2500\u2534\u2500\u2500\u2500\u2500\u2500\u2500\u2510\u250c\u2500\u2500\u2500\u2500\u2500\u2500\u2534\u2500\u2500\u2500\u2500\u2500\u2500\u2510\u250c\u2500\u2500\u2500\u2500\u2500\u2500\u2534\u2500\u2500\u2500\u2500\u2500\u2500\u2510\u250c\u2500\u2500\u2500\u2500\u2500\u2500\u2534\u2500\u2500\u2500\u2500\u2500\u2500\u2510                                             \u250c\u2500\u2500\u2500\u2500\u2500\u2500\u2534\u2500\u2500\u2500\u2500\u2500\u2500\u2510                                             \n                                                                           \u2502  TABLE_SCAN \u2502\u2502  PROJECTION \u2502\u2502  DELIM_SCAN \u2502\u2502  TABLE_SCAN \u2502                                             \u2502    FILTER   \u2502                                             \n                                                                           \u2502    \u2500\u2500\u2500\u2500\u2500\u2500   \u2502\u2502    \u2500\u2500\u2500\u2500\u2500\u2500   \u2502\u2502    \u2500\u2500\u2500\u2500\u2500\u2500   \u2502\u2502    \u2500\u2500\u2500\u2500\u2500\u2500   \u2502                                             \u2502    \u2500\u2500\u2500\u2500\u2500\u2500   \u2502                                             \n                                                                           \u2502    Table:   \u2502\u2502      #0     \u2502\u2502 Delim Index:\u2502\u2502    Table:   \u2502                                             \u2502((CAST(ws_sal\u2502                                             \n                                                                           \u2502     item    \u2502\u2502      #1     \u2502\u2502      1      \u2502\u2502   date_dim  \u2502                                             \u2502 es_price AS \u2502                                             \n                                                                           \u2502             \u2502\u2502      #2     \u2502\u2502             \u2502\u2502             \u2502                                             \u2502   DOUBLE) / \u2502                                             \n                                                                           \u2502    Type:    \u2502\u2502             \u2502\u2502             \u2502\u2502    Type:    \u2502                                             \u2502 CAST(ws_list\u2502                                             \n                                                                           \u2502  Sequential \u2502\u2502             \u2502\u2502             \u2502\u2502  Sequential \u2502                                             \u2502  _price AS  \u2502                                             \n                                                                           \u2502     Scan    \u2502\u2502             \u2502\u2502             \u2502\u2502     Scan    \u2502                                             \u2502   DOUBLE))  \u2502                                             \n                                                                           \u2502             \u2502\u2502             \u2502\u2502             \u2502\u2502             \u2502                                             \u2502  BETWEEN 0.2\u2502                                             \n                                                                           \u2502 Projections:\u2502\u2502             \u2502\u2502             \u2502\u2502 Projections:\u2502                                             \u2502   AND 0.3)  \u2502                                             \n                                                                           \u2502  i_item_sk  \u2502\u2502             \u2502\u2502             \u2502\u2502  d_date_sk  \u2502                                             \u2502             \u2502                                             \n                                                                           \u2502  i_category \u2502\u2502             \u2502\u2502             \u2502\u2502             \u2502                                             \u2502             \u2502                                             \n                                                                           \u2502             \u2502\u2502             \u2502\u2502             \u2502\u2502   Filters:  \u2502                                             \u2502             \u2502                                             \n                                                                           \u2502   Filters:  \u2502\u2502             \u2502\u2502             \u2502\u2502 d_year=1999 \u2502                                             \u2502             \u2502                                             \n                                                                           \u2502  optional:  \u2502\u2502             \u2502\u2502             \u2502\u2502 d_moy>=8 AND\u2502                                             \u2502             \u2502                                             \n                                                                           \u2502  i_category \u2502\u2502             \u2502\u2502             \u2502\u2502   d_moy<=11 \u2502                                             \u2502             \u2502                                             \n                                                                           \u2502 IN ('Childre\u2502\u2502             \u2502\u2502             \u2502\u2502             \u2502                                             \u2502             \u2502                                             \n                                                                           \u2502n', 'Electron\u2502\u2502             \u2502\u2502             \u2502\u2502             \u2502                                             \u2502             \u2502                                             \n                                                                           \u2502 ics', 'Music\u2502\u2502             \u2502\u2502             \u2502\u2502             \u2502                                             \u2502             \u2502                                             \n                                                                           \u2502      ')     \u2502\u2502             \u2502\u2502             \u2502\u2502             \u2502                                             \u2502             \u2502                                             \n                                                                           \u2502 i_manager_id\u2502\u2502             \u2502\u2502             \u2502\u2502             \u2502                                             \u2502             \u2502                                             \n                                                                           \u2502   >=66 AND  \u2502\u2502             \u2502\u2502             \u2502\u2502             \u2502                                             \u2502             \u2502                                             \n                                                                           \u2502 i_manager_id\u2502\u2502             \u2502\u2502             \u2502\u2502             \u2502                                             \u2502             \u2502                                             \n                                                                           \u2502     <=75    \u2502\u2502             \u2502\u2502             \u2502\u2502             \u2502                                             \u2502             \u2502                                             \n                                                                           \u2502             \u2502\u2502             \u2502\u2502             \u2502\u2502             \u2502                                             \u2502             \u2502                                             \n                                                                           \u2502  2,986 rows \u2502\u2502 244,931 rows\u2502\u2502    0 rows   \u2502\u2502   122 rows  \u2502                                             \u2502 53,831 rows \u2502                                             \n                                                                           \u2502   (0.00s)   \u2502\u2502   (0.00s)   \u2502\u2502   (0.00s)   \u2502\u2502   (0.00s)   \u2502                                             \u2502   (0.03s)   \u2502                                             \n                                                                           \u2514\u2500\u2500\u2500\u2500\u2500\u2500\u2500\u2500\u2500\u2500\u2500\u2500\u2500\u2518\u2514\u2500\u2500\u2500\u2500\u2500\u2500\u252c\u2500\u2500\u2500\u2500\u2500\u2500\u2518\u2514\u2500\u2500\u2500\u2500\u2500\u2500\u2500\u2500\u2500\u2500\u2500\u2500\u2500\u2518\u2514\u2500\u2500\u2500\u2500\u2500\u2500\u2500\u2500\u2500\u2500\u2500\u2500\u2500\u2518                                             \u2514\u2500\u2500\u2500\u2500\u2500\u2500\u252c\u2500\u2500\u2500\u2500\u2500\u2500\u2518                                             \n                                                                                          \u250c\u2500\u2500\u2500\u2500\u2500\u2500\u2534\u2500\u2500\u2500\u2500\u2500\u2500\u2510                                                                           \u250c\u2500\u2500\u2500\u2500\u2500\u2500\u2534\u2500\u2500\u2500\u2500\u2500\u2500\u2510\n                                                                                          \u2502    FILTER   \u2502                                                                           \u2502  TABLE_SCAN \u2502\n                                                                                          \u2502    \u2500\u2500\u2500\u2500\u2500\u2500   \u2502                                                                           \u2502    \u2500\u2500\u2500\u2500\u2500\u2500   \u2502\n                                                                                          \u2502((CAST(ss_sal\u2502                                                                           \u2502    Table:   \u2502\n                                                                                          \u2502 es_price AS \u2502                                                                           \u2502  web_sales  \u2502\n                                                                                          \u2502   DOUBLE) / \u2502                                                                           \u2502             \u2502\n                                                                                          \u2502 CAST(ss_list\u2502                                                                           \u2502    Type:    \u2502\n                                                                                          \u2502  _price AS  \u2502                                                                           \u2502  Sequential \u2502\n                                                                                          \u2502   DOUBLE))  \u2502                                                                           \u2502     Scan    \u2502\n                                                                                          \u2502  BETWEEN 0.2\u2502                                                                           \u2502             \u2502\n                                                                                          \u2502   AND 0.3)  \u2502                                                                           \u2502 Projections:\u2502\n                                                                                          \u2502             \u2502                                                                           \u2502ws_bill_custo\u2502\n                                                                                          \u2502             \u2502                                                                           \u2502    mer_sk   \u2502\n                                                                                          \u2502             \u2502                                                                           \u2502ws_sold_date_\u2502\n                                                                                          \u2502             \u2502                                                                           \u2502      sk     \u2502\n                                                                                          \u2502             \u2502                                                                           \u2502  ws_item_sk \u2502\n                                                                                          \u2502             \u2502                                                                           \u2502ws_sales_pric\u2502\n                                                                                          \u2502             \u2502                                                                           \u2502      e      \u2502\n                                                                                          \u2502             \u2502                                                                           \u2502ws_list_price\u2502\n                                                                                          \u2502             \u2502                                                                           \u2502             \u2502\n                                                                                          \u2502 244,931 rows\u2502                                                                           \u2502 550,224 rows\u2502\n                                                                                          \u2502   (0.14s)   \u2502                                                                           \u2502   (0.04s)   \u2502\n                                                                                          \u2514\u2500\u2500\u2500\u2500\u2500\u2500\u252c\u2500\u2500\u2500\u2500\u2500\u2500\u2518                                                                           \u2514\u2500\u2500\u2500\u2500\u2500\u2500\u2500\u2500\u2500\u2500\u2500\u2500\u2500\u2518\n                                                                                          \u250c\u2500\u2500\u2500\u2500\u2500\u2500\u2534\u2500\u2500\u2500\u2500\u2500\u2500\u2510\n                                                                                          \u2502  TABLE_SCAN \u2502\n                                                                                          \u2502    \u2500\u2500\u2500\u2500\u2500\u2500   \u2502\n                                                                                          \u2502    Table:   \u2502\n                                                                                          \u2502 store_sales \u2502\n                                                                                          \u2502             \u2502\n                                                                                          \u2502    Type:    \u2502\n                                                                                          \u2502  Sequential \u2502\n                                                                                          \u2502     Scan    \u2502\n                                                                                          \u2502             \u2502\n                                                                                          \u2502 Projections:\u2502\n                                                                                          \u2502ss_customer_s\u2502\n                                                                                          \u2502      k      \u2502\n                                                                                          \u2502ss_sold_date_\u2502\n                                                                                          \u2502      sk     \u2502\n                                                                                          \u2502  ss_item_sk \u2502\n                                                                                          \u2502ss_sales_pric\u2502\n                                                                                          \u2502      e      \u2502\n                                                                                          \u2502ss_list_price\u2502\n                                                                                          \u2502             \u2502\n                                                                                          \u25022,491,73...  \u2502\n                                                                                          \u2502   (0.26s)   \u2502\n                                                                                          \u2514\u2500\u2500\u2500\u2500\u2500\u2500\u2500\u2500\u2500\u2500\u2500\u2500\u2500\u2518\n",
  "plan_json": {
    "total_bytes_written": 0,
    "total_bytes_read": 0,
    "rows_returned": 0,
    "latency": 0.0,
    "result_set_size": 0,
    "query_name": "",
    "blocked_thread_time": 0.0,
    "system_peak_buffer_memory": 0,
    "system_peak_temp_dir_size": 0,
    "cpu_time": 0.0,
    "extra_info": {},
    "cumulative_cardinality": 0,
    "cumulative_rows_scanned": 0,
    "children": [
      {
        "total_bytes_written": 0,
        "total_bytes_read": 0,
        "result_set_size": 0,
        "operator_name": "EXPLAIN_ANALYZE",
        "cpu_time": 0.0,
        "extra_info": {},
        "cumulative_cardinality": 0,
        "operator_type": "EXPLAIN_ANALYZE",
        "operator_cardinality": 0,
        "cumulative_rows_scanned": 0,
        "operator_rows_scanned": 0,
        "operator_timing": 0.0,
        "children": [
          {
            "total_bytes_written": 0,
            "total_bytes_read": 0,
            "result_set_size": 0,
            "operator_name": "TOP_N",
            "cpu_time": 0.0,
            "extra_info": {
              "Top": "100",
              "Order By": [
                "tpcds_sf10_2.main.customer_demographics.cd_gender ASC",
                "tpcds_sf10_2.main.customer_demographics.cd_marital_status ASC",
                "tpcds_sf10_2.main.customer_demographics.cd_education_status ASC",
                "tpcds_sf10_2.main.customer_demographics.cd_purchase_estimate ASC",
                "tpcds_sf10_2.main.customer_demographics.cd_credit_rating ASC",
                "tpcds_sf10_2.main.customer_demographics.cd_dep_count ASC",
                "tpcds_sf10_2.main.customer_demographics.cd_dep_employed_count ASC",
                "tpcds_sf10_2.main.customer_demographics.cd_dep_college_count ASC"
              ]
            },
            "cumulative_cardinality": 0,
            "operator_type": "TOP_N",
            "operator_cardinality": 0,
            "cumulative_rows_scanned": 0,
            "operator_rows_scanned": 0,
            "operator_timing": 4.15e-07,
            "children": [
              {
                "total_bytes_written": 0,
                "total_bytes_read": 0,
                "result_set_size": 0,
                "operator_name": "PROJECTION",
                "cpu_time": 0.0,
                "extra_info": {
                  "Projections": [
                    "cd_gender",
                    "cd_marital_status",
                    "cd_education_status",
                    "cnt1",
                    "cd_purchase_estimate",
                    "cnt2",
                    "cd_credit_rating",
                    "cnt3",
                    "cd_dep_count",
                    "cnt4",
                    "cd_dep_employed_count",
                    "cnt5",
                    "cd_dep_college_count",
                    "cnt6"
                  ],
                  "Estimated Cardinality": "328"
                },
                "cumulative_cardinality": 0,
                "operator_type": "PROJECTION",
                "operator_cardinality": 0,
                "cumulative_rows_scanned": 0,
                "operator_rows_scanned": 0,
                "operator_timing": 0.0,
                "children": [
                  {
                    "total_bytes_written": 0,
                    "total_bytes_read": 0,
                    "result_set_size": 0,
                    "operator_name": "PROJECTION",
                    "cpu_time": 0.0,
                    "extra_info": {
                      "Projections": [
                        "__internal_decompress_string(#0)",
                        "__internal_decompress_string(#1)",
                        "__internal_decompress_string(#2)",
                        "__internal_decompress_integral_integer(#3, 500)",
                        "__internal_decompress_string(#4)",
                        "__internal_decompress_integral_integer(#5, 0)",
                        "__internal_decompress_integral_integer(#6, 0)",
                        "__internal_decompress_integral_integer(#7, 0)",
                        "#8"
                      ],
                      "Estimated Cardinality": "328"
                    },
                    "cumulative_cardinality": 0,
                    "operator_type": "PROJECTION",
                    "operator_cardinality": 0,
                    "cumulative_rows_scanned": 0,
                    "operator_rows_scanned": 0,
                    "operator_timing": 0.0,
                    "children": [
                      {
                        "total_bytes_written": 0,
                        "total_bytes_read": 0,
                        "result_set_size": 0,
                        "operator_name": "HASH_GROUP_BY",
                        "cpu_time": 0.0,
                        "extra_info": {
                          "Groups": [
                            "#0",
                            "#1",
                            "#2",
                            "#3",
                            "#4",
                            "#5",
                            "#6",
                            "#7"
                          ],
                          "Aggregates": "count_star()",
                          "Estimated Cardinality": "328"
                        },
                        "cumulative_cardinality": 0,
                        "operator_type": "HASH_GROUP_BY",
                        "operator_cardinality": 0,
                        "cumulative_rows_scanned": 0,
                        "operator_rows_scanned": 0,
                        "operator_timing": 6.71e-07,
                        "children": [
                          {
                            "total_bytes_written": 0,
                            "total_bytes_read": 0,
                            "result_set_size": 0,
                            "operator_name": "PROJECTION",
                            "cpu_time": 0.0,
                            "extra_info": {
                              "Projections": [
                                "cd_gender",
                                "cd_marital_status",
                                "cd_education_status",
                                "cd_purchase_estimate",
                                "cd_credit_rating",
                                "cd_dep_count",
                                "cd_dep_employed_count",
                                "cd_dep_college_count"
                              ],
                              "Estimated Cardinality": "328"
                            },
                            "cumulative_cardinality": 0,
                            "operator_type": "PROJECTION",
                            "operator_cardinality": 0,
                            "cumulative_rows_scanned": 0,
                            "operator_rows_scanned": 0,
                            "operator_timing": 0.0,
                            "children": [
                              {
                                "total_bytes_written": 0,
                                "total_bytes_read": 0,
                                "result_set_size": 0,
                                "operator_name": "PROJECTION",
                                "cpu_time": 0.0,
                                "extra_info": {
                                  "Projections": [
                                    "__internal_compress_string_utinyint(#0)",
                                    "__internal_compress_string_uhugeint(#1)",
                                    "__internal_compress_string_utinyint(#2)",
                                    "__internal_compress_integral_usmallint(#3, 500)",
                                    "__internal_compress_string_uhugeint(#4)",
                                    "__internal_compress_integral_utinyint(#5, 0)",
                                    "__internal_compress_integral_utinyint(#6, 0)",
                                    "__internal_compress_integral_utinyint(#7, 0)"
                                  ],
                                  "Estimated Cardinality": "328"
                                },
                                "cumulative_cardinality": 0,
                                "operator_type": "PROJECTION",
                                "operator_cardinality": 0,
                                "cumulative_rows_scanned": 0,
                                "operator_rows_scanned": 0,
                                "operator_timing": 0.0,
                                "children": [
                                  {
                                    "total_bytes_written": 0,
                                    "total_bytes_read": 0,
                                    "result_set_size": 0,
                                    "operator_name": "PROJECTION",
                                    "cpu_time": 0.0,
                                    "extra_info": {
                                      "Projections": [
                                        "#0",
                                        "#1",
                                        "#2",
                                        "#3",
                                        "#4",
                                        "#5",
                                        "#6",
                                        "#7"
                                      ],
                                      "Estimated Cardinality": "328"
                                    },
                                    "cumulative_cardinality": 0,
                                    "operator_type": "PROJECTION",
                                    "operator_cardinality": 0,
                                    "cumulative_rows_scanned": 0,
                                    "operator_rows_scanned": 0,
                                    "operator_timing": 0.0,
                                    "children": [
                                      {
                                        "total_bytes_written": 0,
                                        "total_bytes_read": 0,
                                        "result_set_size": 0,
                                        "operator_name": "FILTER",
                                        "cpu_time": 0.0,
                                        "extra_info": {
                                          "Expression": "(SUBQUERY OR SUBQUERY)",
                                          "Estimated Cardinality": "328"
                                        },
                                        "cumulative_cardinality": 0,
                                        "operator_type": "FILTER",
                                        "operator_cardinality": 0,
                                        "cumulative_rows_scanned": 0,
                                        "operator_rows_scanned": 0,
                                        "operator_timing": 1.29e-07,
                                        "children": [
                                          {
                                            "total_bytes_written": 0,
                                            "total_bytes_read": 0,
                                            "result_set_size": 0,
                                            "operator_name": "LEFT_DELIM_JOIN",
                                            "cpu_time": 0.0,
                                            "extra_info": {
                                              "Join Type": "MARK",
                                              "Conditions": "c_customer_sk IS NOT DISTINCT FROM c_customer_sk",
                                              "Estimated Cardinality": "0",
                                              "Delim Index": "3"
                                            },
                                            "cumulative_cardinality": 0,
                                            "operator_type": "LEFT_DELIM_JOIN",
                                            "operator_cardinality": 0,
                                            "cumulative_rows_scanned": 0,
                                            "operator_rows_scanned": 0,
                                            "operator_timing": 0.0,
                                            "children": [
                                              {
                                                "total_bytes_written": 0,
                                                "total_bytes_read": 0,
                                                "result_set_size": 0,
                                                "operator_name": "LEFT_DELIM_JOIN",
                                                "cpu_time": 0.0,
                                                "extra_info": {
                                                  "Join Type": "MARK",
                                                  "Conditions": "c_customer_sk IS NOT DISTINCT FROM c_customer_sk",
                                                  "Estimated Cardinality": "328",
                                                  "Delim Index": "2"
                                                },
                                                "cumulative_cardinality": 0,
                                                "operator_type": "LEFT_DELIM_JOIN",
                                                "operator_cardinality": 0,
                                                "cumulative_rows_scanned": 0,
                                                "operator_rows_scanned": 0,
                                                "operator_timing": 0.0,
                                                "children": [
                                                  {
                                                    "total_bytes_written": 0,
                                                    "total_bytes_read": 0,
                                                    "result_set_size": 0,
                                                    "operator_name": "LEFT_DELIM_JOIN",
                                                    "cpu_time": 0.0,
                                                    "extra_info": {
                                                      "Join Type": "SEMI",
                                                      "Conditions": "c_customer_sk IS NOT DISTINCT FROM c_customer_sk",
                                                      "Estimated Cardinality": "328",
                                                      "Delim Index": "1"
                                                    },
                                                    "cumulative_cardinality": 0,
                                                    "operator_type": "LEFT_DELIM_JOIN",
                                                    "operator_cardinality": 0,
                                                    "cumulative_rows_scanned": 0,
                                                    "operator_rows_scanned": 0,
                                                    "operator_timing": 0.000381144,
                                                    "children": [
                                                      {
                                                        "total_bytes_written": 0,
                                                        "total_bytes_read": 0,
                                                        "result_set_size": 3080,
                                                        "operator_name": "HASH_JOIN",
                                                        "cpu_time": 0.0,
                                                        "extra_info": {
                                                          "Join Type": "INNER",
                                                          "Conditions": "ca_address_sk = c_current_addr_sk",
                                                          "Estimated Cardinality": "1642"
                                                        },
                                                        "cumulative_cardinality": 0,
                                                        "operator_type": "HASH_JOIN",
                                                        "operator_cardinality": 35,
                                                        "cumulative_rows_scanned": 0,
                                                        "operator_rows_scanned": 0,
                                                        "operator_timing": 0.0032338419999999994,
                                                        "children": [
                                                          {
                                                            "total_bytes_written": 0,
                                                            "total_bytes_read": 0,
                                                            "result_set_size": 5072,
                                                            "operator_name": "PROJECTION",
                                                            "cpu_time": 0.0,
                                                            "extra_info": {
                                                              "Projections": "#0",
                                                              "Estimated Cardinality": "50000"
                                                            },
                                                            "cumulative_cardinality": 0,
                                                            "operator_type": "PROJECTION",
                                                            "operator_cardinality": 1268,
                                                            "cumulative_rows_scanned": 0,
                                                            "operator_rows_scanned": 0,
                                                            "operator_timing": 6.34e-07,
                                                            "children": [
                                                              {
                                                                "total_bytes_written": 0,
                                                                "total_bytes_read": 0,
                                                                "result_set_size": 6340,
                                                                "operator_name": "FILTER",
                                                                "cpu_time": 0.0,
                                                                "extra_info": {
                                                                  "Expression": "IN (...)",
                                                                  "Estimated Cardinality": "50000"
                                                                },
                                                                "cumulative_cardinality": 0,
                                                                "operator_type": "FILTER",
                                                                "operator_cardinality": 1268,
                                                                "cumulative_rows_scanned": 0,
                                                                "operator_rows_scanned": 0,
                                                                "operator_timing": 0.00029426,
                                                                "children": [
                                                                  {
                                                                    "total_bytes_written": 0,
                                                                    "total_bytes_read": 0,
                                                                    "result_set_size": 1249385,
                                                                    "operator_name": "HASH_JOIN",
                                                                    "cpu_time": 0.0,
                                                                    "extra_info": {
                                                                      "Join Type": "MARK",
                                                                      "Conditions": "ca_county = #0",
                                                                      "Estimated Cardinality": "250000"
                                                                    },
                                                                    "cumulative_cardinality": 0,
                                                                    "operator_type": "HASH_JOIN",
                                                                    "operator_cardinality": 249877,
                                                                    "cumulative_rows_scanned": 0,
                                                                    "operator_rows_scanned": 0,
                                                                    "operator_timing": 0.002188191,
                                                                    "children": [
                                                                      {
                                                                        "total_bytes_written": 0,
                                                                        "total_bytes_read": 0,
                                                                        "result_set_size": 4997540,
                                                                        "operator_name": "SEQ_SCAN ",
                                                                        "cpu_time": 0.0,
                                                                        "extra_info": {
                                                                          "Table": "customer_address",
                                                                          "Type": "Sequential Scan",
                                                                          "Projections": [
                                                                            "ca_address_sk",
                                                                            "ca_county"
                                                                          ],
                                                                          "Filters": "optional: ca_county IN ('Grays Harbor County', 'Kootenai County', 'Pike County', 'Thomas County', 'Uinta County')",
                                                                          "Estimated Cardinality": "250000"
                                                                        },
                                                                        "cumulative_cardinality": 0,
                                                                        "operator_type": "TABLE_SCAN",
                                                                        "operator_cardinality": 249877,
                                                                        "cumulative_rows_scanned": 0,
                                                                        "operator_rows_scanned": 750000,
                                                                        "operator_timing": 0.0033087680000000006,
                                                                        "children": []
                                                                      },
                                                                      {
                                                                        "total_bytes_written": 0,
                                                                        "total_bytes_read": 0,
                                                                        "result_set_size": 80,
                                                                        "operator_name": "COLUMN_DATA_SCAN",
                                                                        "cpu_time": 0.0,
                                                                        "extra_info": {
                                                                          "Estimated Cardinality": "0"
                                                                        },
                                                                        "cumulative_cardinality": 0,
                                                                        "operator_type": "COLUMN_DATA_SCAN",
                                                                        "operator_cardinality": 5,
                                                                        "cumulative_rows_scanned": 0,
                                                                        "operator_rows_scanned": 0,
                                                                        "operator_timing": 3.128e-06,
                                                                        "children": []
                                                                      }
                                                                    ]
                                                                  }
                                                                ]
                                                              }
                                                            ]
                                                          },
                                                          {
                                                            "total_bytes_written": 0,
                                                            "total_bytes_read": 0,
                                                            "result_set_size": 611600,
                                                            "operator_name": "HASH_JOIN",
                                                            "cpu_time": 0.0,
                                                            "extra_info": {
                                                              "Join Type": "INNER",
                                                              "Conditions": "cd_demo_sk = c_current_cdemo_sk",
                                                              "Estimated Cardinality": "10000"
                                                            },
                                                            "cumulative_cardinality": 0,
                                                            "operator_type": "HASH_JOIN",
                                                            "operator_cardinality": 6950,
                                                            "cumulative_rows_scanned": 0,
                                                            "operator_rows_scanned": 0,
                                                            "operator_timing": 0.017251752000000002,
                                                            "children": [
                                                              {
                                                                "total_bytes_written": 0,
                                                                "total_bytes_read": 0,
                                                                "result_set_size": 13829592,
                                                                "operator_name": "FILTER",
                                                                "cpu_time": 0.0,
                                                                "extra_info": {
                                                                  "Expression": "((cd_demo_sk BETWEEN 4 AND 1920791) AND ((cd_marital_status = 'U') OR (cd_marital_status = 'U') OR (cd_marital_status = 'M')) AND ((cd_education_status = 'College') OR (cd_education_status = 'Primary') OR (cd_education_status = '2 yr Degree')))",
                                                                  "Estimated Cardinality": "960400"
                                                                },
                                                                "cumulative_cardinality": 0,
                                                                "operator_type": "FILTER",
                                                                "operator_cardinality": 164638,
                                                                "cumulative_rows_scanned": 0,
                                                                "operator_rows_scanned": 0,
                                                                "operator_timing": 0.019087305,
                                                                "children": [
                                                                  {
                                                                    "total_bytes_written": 0,
                                                                    "total_bytes_read": 0,
                                                                    "result_set_size": 80672844,
                                                                    "operator_name": "SEQ_SCAN ",
                                                                    "cpu_time": 0.0,
                                                                    "extra_info": {
                                                                      "Table": "customer_demographics",
                                                                      "Type": "Sequential Scan",
                                                                      "Projections": [
                                                                        "cd_demo_sk",
                                                                        "cd_marital_status",
                                                                        "cd_education_status",
                                                                        "cd_gender",
                                                                        "cd_purchase_estimate",
                                                                        "cd_credit_rating",
                                                                        "cd_dep_count",
                                                                        "cd_dep_employed_count",
                                                                        "cd_dep_college_count"
                                                                      ],
                                                                      "Filters": [
                                                                        "optional: cd_marital_status IN ('U', 'U', 'M')",
                                                                        "optional: cd_education_status IN ('College', 'Primary', '2 yr Degree')",
                                                                        "cd_gender='M'"
                                                                      ],
                                                                      "Estimated Cardinality": "960400"
                                                                    },
                                                                    "cumulative_cardinality": 0,
                                                                    "operator_type": "TABLE_SCAN",
                                                                    "operator_cardinality": 960391,
                                                                    "cumulative_rows_scanned": 0,
                                                                    "operator_rows_scanned": 30732800,
                                                                    "operator_timing": 0.016534308000000005,
                                                                    "children": []
                                                                  }
                                                                ]
                                                              },
                                                              {
                                                                "total_bytes_written": 0,
                                                                "total_bytes_read": 0,
                                                                "result_set_size": 985884,
                                                                "operator_name": "PROJECTION",
                                                                "cpu_time": 0.0,
                                                                "extra_info": {
                                                                  "Projections": [
                                                                    "#0",
                                                                    "#2",
                                                                    "#3"
                                                                  ],
                                                                  "Estimated Cardinality": "100000"
                                                                },
                                                                "cumulative_cardinality": 0,
                                                                "operator_type": "PROJECTION",
                                                                "operator_cardinality": 82157,
                                                                "cumulative_rows_scanned": 0,
                                                                "operator_rows_scanned": 0,
                                                                "operator_timing": 3.367199999999999e-05,
                                                                "children": [
                                                                  {
                                                                    "total_bytes_written": 0,
                                                                    "total_bytes_read": 0,
                                                                    "result_set_size": 1314512,
                                                                    "operator_name": "FILTER",
                                                                    "cpu_time": 0.0,
                                                                    "extra_info": {
                                                                      "Expression": "((c_birth_month = 1) OR (c_birth_month = 5))",
                                                                      "Estimated Cardinality": "100000"
                                                                    },
                                                                    "cumulative_cardinality": 0,
                                                                    "operator_type": "FILTER",
                                                                    "operator_cardinality": 82157,
                                                                    "cumulative_rows_scanned": 0,
                                                                    "operator_rows_scanned": 0,
                                                                    "operator_timing": 0.0025765980000000003,
                                                                    "children": [
                                                                      {
                                                                        "total_bytes_written": 0,
                                                                        "total_bytes_read": 0,
                                                                        "result_set_size": 8000000,
                                                                        "operator_name": "SEQ_SCAN ",
                                                                        "cpu_time": 0.0,
                                                                        "extra_info": {
                                                                          "Table": "customer",
                                                                          "Type": "Sequential Scan",
                                                                          "Projections": [
                                                                            "c_current_addr_sk",
                                                                            "c_birth_month",
                                                                            "c_current_cdemo_sk",
                                                                            "c_customer_sk"
                                                                          ],
                                                                          "Filters": "optional: c_birth_month IN (1, 5)",
                                                                          "Estimated Cardinality": "500000"
                                                                        },
                                                                        "cumulative_cardinality": 0,
                                                                        "operator_type": "TABLE_SCAN",
                                                                        "operator_cardinality": 500000,
                                                                        "cumulative_rows_scanned": 0,
                                                                        "operator_rows_scanned": 2500000,
                                                                        "operator_timing": 0.0008485330000000001,
                                                                        "children": []
                                                                      }
                                                                    ]
                                                                  }
                                                                ]
                                                              }
                                                            ]
                                                          }
                                                        ]
                                                      },
                                                      {
                                                        "total_bytes_written": 0,
                                                        "total_bytes_read": 0,
                                                        "result_set_size": 0,
                                                        "operator_name": "HASH_JOIN",
                                                        "cpu_time": 0.0,
                                                        "extra_info": {
                                                          "Join Type": "SEMI",
                                                          "Conditions": "c_customer_sk IS NOT DISTINCT FROM c_customer_sk",
                                                          "Estimated Cardinality": "328"
                                                        },
                                                        "cumulative_cardinality": 0,
                                                        "operator_type": "HASH_JOIN",
                                                        "operator_cardinality": 0,
                                                        "cumulative_rows_scanned": 0,
                                                        "operator_rows_scanned": 0,
                                                        "operator_timing": 1.6296e-05,
                                                        "children": [
                                                          {
                                                            "total_bytes_written": 0,
                                                            "total_bytes_read": 0,
                                                            "result_set_size": 3080,
                                                            "operator_name": "COLUMN_DATA_SCAN",
                                                            "cpu_time": 0.0,
                                                            "extra_info": {
                                                              "Estimated Cardinality": "328"
                                                            },
                                                            "cumulative_cardinality": 0,
                                                            "operator_type": "COLUMN_DATA_SCAN",
                                                            "operator_cardinality": 35,
                                                            "cumulative_rows_scanned": 0,
                                                            "operator_rows_scanned": 0,
                                                            "operator_timing": 4.361e-06,
                                                            "children": []
                                                          },
                                                          {
                                                            "total_bytes_written": 0,
                                                            "total_bytes_read": 0,
                                                            "result_set_size": 0,
                                                            "operator_name": "PROJECTION",
                                                            "cpu_time": 0.0,
                                                            "extra_info": {
                                                              "Projections": "c_customer_sk",
                                                              "Estimated Cardinality": "8"
                                                            },
                                                            "cumulative_cardinality": 0,
                                                            "operator_type": "PROJECTION",
                                                            "operator_cardinality": 0,
                                                            "cumulative_rows_scanned": 0,
                                                            "operator_rows_scanned": 0,
                                                            "operator_timing": 0.0,
                                                            "children": [
                                                              {
                                                                "total_bytes_written": 0,
                                                                "total_bytes_read": 0,
                                                                "result_set_size": 0,
                                                                "operator_name": "HASH_JOIN",
                                                                "cpu_time": 0.0,
                                                                "extra_info": {
                                                                  "Join Type": "INNER",
                                                                  "Conditions": "i_item_sk = ss_item_sk",
                                                                  "Estimated Cardinality": "8"
                                                                },
                                                                "cumulative_cardinality": 0,
                                                                "operator_type": "HASH_JOIN",
                                                                "operator_cardinality": 0,
                                                                "cumulative_rows_scanned": 0,
                                                                "operator_rows_scanned": 0,
                                                                "operator_timing": 0.000216895,
                                                                "children": [
                                                                  {
                                                                    "total_bytes_written": 0,
                                                                    "total_bytes_read": 0,
                                                                    "result_set_size": 3608,
                                                                    "operator_name": "PROJECTION",
                                                                    "cpu_time": 0.0,
                                                                    "extra_info": {
                                                                      "Projections": "#0",
                                                                      "Estimated Cardinality": "4080"
                                                                    },
                                                                    "cumulative_cardinality": 0,
                                                                    "operator_type": "PROJECTION",
                                                                    "operator_cardinality": 902,
                                                                    "cumulative_rows_scanned": 0,
                                                                    "operator_rows_scanned": 0,
                                                                    "operator_timing": 2.16e-07,
                                                                    "children": [
                                                                      {
                                                                        "total_bytes_written": 0,
                                                                        "total_bytes_read": 0,
                                                                        "result_set_size": 18040,
                                                                        "operator_name": "FILTER",
                                                                        "cpu_time": 0.0,
                                                                        "extra_info": {
                                                                          "Expression": "((i_category = 'Children') OR (i_category = 'Electronics') OR (i_category = 'Music'))",
                                                                          "Estimated Cardinality": "4080"
                                                                        },
                                                                        "cumulative_cardinality": 0,
                                                                        "operator_type": "FILTER",
                                                                        "operator_cardinality": 902,
                                                                        "cumulative_rows_scanned": 0,
                                                                        "operator_rows_scanned": 0,
                                                                        "operator_timing": 0.000138507,
                                                                        "children": [
                                                                          {
                                                                            "total_bytes_written": 0,
                                                                            "total_bytes_read": 0,
                                                                            "result_set_size": 59720,
                                                                            "operator_name": "SEQ_SCAN ",
                                                                            "cpu_time": 0.0,
                                                                            "extra_info": {
                                                                              "Table": "item",
                                                                              "Type": "Sequential Scan",
                                                                              "Projections": [
                                                                                "i_item_sk",
                                                                                "i_category"
                                                                              ],
                                                                              "Filters": [
                                                                                "optional: i_category IN ('Children', 'Electronics', 'Music')",
                                                                                "i_manager_id>=66 AND i_manager_id<=75"
                                                                              ],
                                                                              "Estimated Cardinality": "20400"
                                                                            },
                                                                            "cumulative_cardinality": 0,
                                                                            "operator_type": "TABLE_SCAN",
                                                                            "operator_cardinality": 2986,
                                                                            "cumulative_rows_scanned": 0,
                                                                            "operator_rows_scanned": 102000,
                                                                            "operator_timing": 0.0005413609999999999,
                                                                            "children": []
                                                                          }
                                                                        ]
                                                                      }
                                                                    ]
                                                                  },
                                                                  {
                                                                    "total_bytes_written": 0,
                                                                    "total_bytes_read": 0,
                                                                    "result_set_size": 168,
                                                                    "operator_name": "HASH_JOIN",
                                                                    "cpu_time": 0.0,
                                                                    "extra_info": {
                                                                      "Join Type": "INNER",
                                                                      "Conditions": "ss_sold_date_sk = d_date_sk",
                                                                      "Estimated Cardinality": "196"
                                                                    },
                                                                    "cumulative_cardinality": 0,
                                                                    "operator_type": "HASH_JOIN",
                                                                    "operator_cardinality": 14,
                                                                    "cumulative_rows_scanned": 0,
                                                                    "operator_rows_scanned": 0,
                                                                    "operator_timing": 0.000190372,
                                                                    "children": [
                                                                      {
                                                                        "total_bytes_written": 0,
                                                                        "total_bytes_read": 0,
                                                                        "result_set_size": 224,
                                                                        "operator_name": "HASH_JOIN",
                                                                        "cpu_time": 0.0,
                                                                        "extra_info": {
                                                                          "Join Type": "INNER",
                                                                          "Conditions": "ss_customer_sk = c_customer_sk",
                                                                          "Estimated Cardinality": "24512"
                                                                        },
                                                                        "cumulative_cardinality": 0,
                                                                        "operator_type": "HASH_JOIN",
                                                                        "operator_cardinality": 14,
                                                                        "cumulative_rows_scanned": 0,
                                                                        "operator_rows_scanned": 0,
                                                                        "operator_timing": 0.0013427460000000001,
                                                                        "children": [
                                                                          {
                                                                            "total_bytes_written": 0,
                                                                            "total_bytes_read": 0,
                                                                            "result_set_size": 2939172,
                                                                            "operator_name": "PROJECTION",
                                                                            "cpu_time": 0.0,
                                                                            "extra_info": {
                                                                              "Projections": [
                                                                                "#0",
                                                                                "#1",
                                                                                "#2"
                                                                              ],
                                                                              "Estimated Cardinality": "5760198"
                                                                            },
                                                                            "cumulative_cardinality": 0,
                                                                            "operator_type": "PROJECTION",
                                                                            "operator_cardinality": 244931,
                                                                            "cumulative_rows_scanned": 0,
                                                                            "operator_rows_scanned": 0,
                                                                            "operator_timing": 0.000104397,
                                                                            "children": [
                                                                              {
                                                                                "total_bytes_written": 0,
                                                                                "total_bytes_read": 0,
                                                                                "result_set_size": 4898620,
                                                                                "operator_name": "FILTER",
                                                                                "cpu_time": 0.0,
                                                                                "extra_info": {
                                                                                  "Expression": "((CAST(ss_sales_price AS DOUBLE) / CAST(ss_list_price AS DOUBLE)) BETWEEN 0.2 AND 0.3)",
                                                                                  "Estimated Cardinality": "5760198"
                                                                                },
                                                                                "cumulative_cardinality": 0,
                                                                                "operator_type": "FILTER",
                                                                                "operator_cardinality": 244931,
                                                                                "cumulative_rows_scanned": 0,
                                                                                "operator_rows_scanned": 0,
                                                                                "operator_timing": 0.14383511200000001,
                                                                                "children": [
                                                                                  {
                                                                                    "total_bytes_written": 0,
                                                                                    "total_bytes_read": 0,
                                                                                    "result_set_size": 49834620,
                                                                                    "operator_name": "SEQ_SCAN ",
                                                                                    "cpu_time": 0.0,
                                                                                    "extra_info": {
                                                                                      "Table": "store_sales",
                                                                                      "Type": "Sequential Scan",
                                                                                      "Projections": [
                                                                                        "ss_customer_sk",
                                                                                        "ss_sold_date_sk",
                                                                                        "ss_item_sk",
                                                                                        "ss_sales_price",
                                                                                        "ss_list_price"
                                                                                      ],
                                                                                      "Estimated Cardinality": "28800991"
                                                                                    },
                                                                                    "cumulative_cardinality": 0,
                                                                                    "operator_type": "TABLE_SCAN",
                                                                                    "operator_cardinality": 2491731,
                                                                                    "cumulative_rows_scanned": 0,
                                                                                    "operator_rows_scanned": 806427748,
                                                                                    "operator_timing": 0.25851803700000003,
                                                                                    "children": []
                                                                                  }
                                                                                ]
                                                                              }
                                                                            ]
                                                                          },
                                                                          {
                                                                            "total_bytes_written": 0,
                                                                            "total_bytes_read": 0,
                                                                            "result_set_size": 0,
                                                                            "operator_name": "DELIM_SCAN",
                                                                            "cpu_time": 0.0,
                                                                            "extra_info": {
                                                                              "Delim Index": "1",
                                                                              "Estimated Cardinality": "1639"
                                                                            },
                                                                            "cumulative_cardinality": 0,
                                                                            "operator_type": "DELIM_SCAN",
                                                                            "operator_cardinality": 0,
                                                                            "cumulative_rows_scanned": 0,
                                                                            "operator_rows_scanned": 0,
                                                                            "operator_timing": 0.0,
                                                                            "children": []
                                                                          }
                                                                        ]
                                                                      },
                                                                      {
                                                                        "total_bytes_written": 0,
                                                                        "total_bytes_read": 0,
                                                                        "result_set_size": 488,
                                                                        "operator_name": "FILTER",
                                                                        "cpu_time": 0.0,
                                                                        "extra_info": {
                                                                          "Expression": "(d_date_sk BETWEEN 2450816 AND 2452642)",
                                                                          "Estimated Cardinality": "585"
                                                                        },
                                                                        "cumulative_cardinality": 0,
                                                                        "operator_type": "FILTER",
                                                                        "operator_cardinality": 122,
                                                                        "cumulative_rows_scanned": 0,
                                                                        "operator_rows_scanned": 0,
                                                                        "operator_timing": 8.519e-06,
                                                                        "children": [
                                                                          {
                                                                            "total_bytes_written": 0,
                                                                            "total_bytes_read": 0,
                                                                            "result_set_size": 488,
                                                                            "operator_name": "SEQ_SCAN ",
                                                                            "cpu_time": 0.0,
                                                                            "extra_info": {
                                                                              "Table": "date_dim",
                                                                              "Type": "Sequential Scan",
                                                                              "Projections": "d_date_sk",
                                                                              "Filters": [
                                                                                "d_year=1999",
                                                                                "d_moy>=8 AND d_moy<=11"
                                                                              ],
                                                                              "Estimated Cardinality": "585"
                                                                            },
                                                                            "cumulative_cardinality": 0,
                                                                            "operator_type": "TABLE_SCAN",
                                                                            "operator_cardinality": 122,
                                                                            "cumulative_rows_scanned": 0,
                                                                            "operator_rows_scanned": 73049,
                                                                            "operator_timing": 0.000115006,
                                                                            "children": []
                                                                          }
                                                                        ]
                                                                      }
                                                                    ]
                                                                  }
                                                                ]
                                                              }
                                                            ]
                                                          }
                                                        ]
                                                      },
                                                      {
                                                        "total_bytes_written": 0,
                                                        "total_bytes_read": 0,
                                                        "result_set_size": 140,
                                                        "operator_name": "HASH_GROUP_BY",
                                                        "cpu_time": 0.0,
                                                        "extra_info": {
                                                          "Groups": "#9",
                                                          "Aggregates": "",
                                                          "Estimated Cardinality": "1639"
                                                        },
                                                        "cumulative_cardinality": 0,
                                                        "operator_type": "HASH_GROUP_BY",
                                                        "operator_cardinality": 35,
                                                        "cumulative_rows_scanned": 0,
                                                        "operator_rows_scanned": 0,
                                                        "operator_timing": 0.0006111459999999999,
                                                        "children": []
                                                      }
                                                    ]
                                                  },
                                                  {
                                                    "total_bytes_written": 0,
                                                    "total_bytes_read": 0,
                                                    "result_set_size": 0,
                                                    "operator_name": "HASH_JOIN",
                                                    "cpu_time": 0.0,
                                                    "extra_info": {
                                                      "Join Type": "MARK",
                                                      "Conditions": "c_customer_sk IS NOT DISTINCT FROM c_customer_sk",
                                                      "Estimated Cardinality": "328"
                                                    },
                                                    "cumulative_cardinality": 0,
                                                    "operator_type": "HASH_JOIN",
                                                    "operator_cardinality": 0,
                                                    "cumulative_rows_scanned": 0,
                                                    "operator_rows_scanned": 0,
                                                    "operator_timing": 1.241e-06,
                                                    "children": [
                                                      {
                                                        "total_bytes_written": 0,
                                                        "total_bytes_read": 0,
                                                        "result_set_size": 0,
                                                        "operator_name": "COLUMN_DATA_SCAN",
                                                        "cpu_time": 0.0,
                                                        "extra_info": {
                                                          "Estimated Cardinality": "328"
                                                        },
                                                        "cumulative_cardinality": 0,
                                                        "operator_type": "COLUMN_DATA_SCAN",
                                                        "operator_cardinality": 0,
                                                        "cumulative_rows_scanned": 0,
                                                        "operator_rows_scanned": 0,
                                                        "operator_timing": 3.18e-07,
                                                        "children": []
                                                      },
                                                      {
                                                        "total_bytes_written": 0,
                                                        "total_bytes_read": 0,
                                                        "result_set_size": 0,
                                                        "operator_name": "PROJECTION",
                                                        "cpu_time": 0.0,
                                                        "extra_info": {
                                                          "Projections": "c_customer_sk",
                                                          "Estimated Cardinality": "0"
                                                        },
                                                        "cumulative_cardinality": 0,
                                                        "operator_type": "PROJECTION",
                                                        "operator_cardinality": 0,
                                                        "cumulative_rows_scanned": 0,
                                                        "operator_rows_scanned": 0,
                                                        "operator_timing": 0.0,
                                                        "children": [
                                                          {
                                                            "total_bytes_written": 0,
                                                            "total_bytes_read": 0,
                                                            "result_set_size": 0,
                                                            "operator_name": "HASH_JOIN",
                                                            "cpu_time": 0.0,
                                                            "extra_info": {
                                                              "Join Type": "INNER",
                                                              "Conditions": "i_item_sk = ws_item_sk",
                                                              "Estimated Cardinality": "0"
                                                            },
                                                            "cumulative_cardinality": 0,
                                                            "operator_type": "HASH_JOIN",
                                                            "operator_cardinality": 0,
                                                            "cumulative_rows_scanned": 0,
                                                            "operator_rows_scanned": 0,
                                                            "operator_timing": 1.216e-06,
                                                            "children": [
                                                              {
                                                                "total_bytes_written": 0,
                                                                "total_bytes_read": 0,
                                                                "result_set_size": 0,
                                                                "operator_name": "PROJECTION",
                                                                "cpu_time": 0.0,
                                                                "extra_info": {
                                                                  "Projections": "#0",
                                                                  "Estimated Cardinality": "4080"
                                                                },
                                                                "cumulative_cardinality": 0,
                                                                "operator_type": "PROJECTION",
                                                                "operator_cardinality": 0,
                                                                "cumulative_rows_scanned": 0,
                                                                "operator_rows_scanned": 0,
                                                                "operator_timing": 0.0,
                                                                "children": [
                                                                  {
                                                                    "total_bytes_written": 0,
                                                                    "total_bytes_read": 0,
                                                                    "result_set_size": 0,
                                                                    "operator_name": "FILTER",
                                                                    "cpu_time": 0.0,
                                                                    "extra_info": {
                                                                      "Expression": "((i_category = 'Children') OR (i_category = 'Electronics') OR (i_category = 'Music'))",
                                                                      "Estimated Cardinality": "4080"
                                                                    },
                                                                    "cumulative_cardinality": 0,
                                                                    "operator_type": "FILTER",
                                                                    "operator_cardinality": 0,
                                                                    "cumulative_rows_scanned": 0,
                                                                    "operator_rows_scanned": 0,
                                                                    "operator_timing": 0.00012076099999999996,
                                                                    "children": [
                                                                      {
                                                                        "total_bytes_written": 0,
                                                                        "total_bytes_read": 0,
                                                                        "result_set_size": 71640,
                                                                        "operator_name": "SEQ_SCAN ",
                                                                        "cpu_time": 0.0,
                                                                        "extra_info": {
                                                                          "Table": "item",
                                                                          "Type": "Sequential Scan",
                                                                          "Projections": [
                                                                            "i_item_sk",
                                                                            "i_category"
                                                                          ],
                                                                          "Filters": [
                                                                            "optional: i_category IN ('Children', 'Electronics', 'Music')",
                                                                            "i_manager_id>=66 AND i_manager_id<=75"
                                                                          ],
                                                                          "Estimated Cardinality": "20400"
                                                                        },
                                                                        "cumulative_cardinality": 0,
                                                                        "operator_type": "TABLE_SCAN",
                                                                        "operator_cardinality": 3582,
                                                                        "cumulative_rows_scanned": 0,
                                                                        "operator_rows_scanned": 102000,
                                                                        "operator_timing": 0.0004915219999999998,
                                                                        "children": []
                                                                      }
                                                                    ]
                                                                  }
                                                                ]
                                                              },
                                                              {
                                                                "total_bytes_written": 0,
                                                                "total_bytes_read": 0,
                                                                "result_set_size": 0,
                                                                "operator_name": "HASH_JOIN",
                                                                "cpu_time": 0.0,
                                                                "extra_info": {
                                                                  "Join Type": "INNER",
                                                                  "Conditions": "ws_sold_date_sk = d_date_sk",
                                                                  "Estimated Cardinality": "12"
                                                                },
                                                                "cumulative_cardinality": 0,
                                                                "operator_type": "HASH_JOIN",
                                                                "operator_cardinality": 0,
                                                                "cumulative_rows_scanned": 0,
                                                                "operator_rows_scanned": 0,
                                                                "operator_timing": 0.00018275899999999998,
                                                                "children": [
                                                                  {
                                                                    "total_bytes_written": 0,
                                                                    "total_bytes_read": 0,
                                                                    "result_set_size": 0,
                                                                    "operator_name": "HASH_JOIN",
                                                                    "cpu_time": 0.0,
                                                                    "extra_info": {
                                                                      "Join Type": "INNER",
                                                                      "Conditions": "ws_bill_customer_sk = c_customer_sk",
                                                                      "Estimated Cardinality": "1546"
                                                                    },
                                                                    "cumulative_cardinality": 0,
                                                                    "operator_type": "HASH_JOIN",
                                                                    "operator_cardinality": 0,
                                                                    "cumulative_rows_scanned": 0,
                                                                    "operator_rows_scanned": 0,
                                                                    "operator_timing": 0.00019106899999999998,
                                                                    "children": [
                                                                      {
                                                                        "total_bytes_written": 0,
                                                                        "total_bytes_read": 0,
                                                                        "result_set_size": 645492,
                                                                        "operator_name": "PROJECTION",
                                                                        "cpu_time": 0.0,
                                                                        "extra_info": {
                                                                          "Projections": [
                                                                            "#0",
                                                                            "#1",
                                                                            "#2"
                                                                          ],
                                                                          "Estimated Cardinality": "1439513"
                                                                        },
                                                                        "cumulative_cardinality": 0,
                                                                        "operator_type": "PROJECTION",
                                                                        "operator_cardinality": 53791,
                                                                        "cumulative_rows_scanned": 0,
                                                                        "operator_rows_scanned": 0,
                                                                        "operator_timing": 1.8572000000000004e-05,
                                                                        "children": [
                                                                          {
                                                                            "total_bytes_written": 0,
                                                                            "total_bytes_read": 0,
                                                                            "result_set_size": 1075820,
                                                                            "operator_name": "FILTER",
                                                                            "cpu_time": 0.0,
                                                                            "extra_info": {
                                                                              "Expression": "((CAST(ws_sales_price AS DOUBLE) / CAST(ws_list_price AS DOUBLE)) BETWEEN 0.2 AND 0.3)",
                                                                              "Estimated Cardinality": "1439513"
                                                                            },
                                                                            "cumulative_cardinality": 0,
                                                                            "operator_type": "FILTER",
                                                                            "operator_cardinality": 53791,
                                                                            "cumulative_rows_scanned": 0,
                                                                            "operator_rows_scanned": 0,
                                                                            "operator_timing": 0.024745282,
                                                                            "children": [
                                                                              {
                                                                                "total_bytes_written": 0,
                                                                                "total_bytes_read": 0,
                                                                                "result_set_size": 10990640,
                                                                                "operator_name": "SEQ_SCAN ",
                                                                                "cpu_time": 0.0,
                                                                                "extra_info": {
                                                                                  "Table": "web_sales",
                                                                                  "Type": "Sequential Scan",
                                                                                  "Projections": [
                                                                                    "ws_bill_customer_sk",
                                                                                    "ws_sold_date_sk",
                                                                                    "ws_item_sk",
                                                                                    "ws_sales_price",
                                                                                    "ws_list_price"
                                                                                  ],
                                                                                  "Estimated Cardinality": "7197566"
                                                                                },
                                                                                "cumulative_cardinality": 0,
                                                                                "operator_type": "TABLE_SCAN",
                                                                                "operator_cardinality": 549532,
                                                                                "cumulative_rows_scanned": 0,
                                                                                "operator_rows_scanned": 201531848,
                                                                                "operator_timing": 0.036582716999999994,
                                                                                "children": []
                                                                              }
                                                                            ]
                                                                          }
                                                                        ]
                                                                      },
                                                                      {
                                                                        "total_bytes_written": 0,
                                                                        "total_bytes_read": 0,
                                                                        "result_set_size": 0,
                                                                        "operator_name": "DELIM_SCAN",
                                                                        "cpu_time": 0.0,
                                                                        "extra_info": {
                                                                          "Delim Index": "2",
                                                                          "Estimated Cardinality": "327"
                                                                        },
                                                                        "cumulative_cardinality": 0,
                                                                        "operator_type": "DELIM_SCAN",
                                                                        "operator_cardinality": 0,
                                                                        "cumulative_rows_scanned": 0,
                                                                        "operator_rows_scanned": 0,
                                                                        "operator_timing": 0.0,
                                                                        "children": []
                                                                      }
                                                                    ]
                                                                  },
                                                                  {
                                                                    "total_bytes_written": 0,
                                                                    "total_bytes_read": 0,
                                                                    "result_set_size": 488,
                                                                    "operator_name": "FILTER",
                                                                    "cpu_time": 0.0,
                                                                    "extra_info": {
                                                                      "Expression": "(d_date_sk BETWEEN 2450816 AND 2452642)",
                                                                      "Estimated Cardinality": "585"
                                                                    },
                                                                    "cumulative_cardinality": 0,
                                                                    "operator_type": "FILTER",
                                                                    "operator_cardinality": 122,
                                                                    "cumulative_rows_scanned": 0,
                                                                    "operator_rows_scanned": 0,
                                                                    "operator_timing": 1.398e-05,
                                                                    "children": [
                                                                      {
                                                                        "total_bytes_written": 0,
                                                                        "total_bytes_read": 0,
                                                                        "result_set_size": 488,
                                                                        "operator_name": "SEQ_SCAN ",
                                                                        "cpu_time": 0.0,
                                                                        "extra_info": {
                                                                          "Table": "date_dim",
                                                                          "Type": "Sequential Scan",
                                                                          "Projections": "d_date_sk",
                                                                          "Filters": [
                                                                            "d_year=1999",
                                                                            "d_moy>=8 AND d_moy<=11"
                                                                          ],
                                                                          "Estimated Cardinality": "585"
                                                                        },
                                                                        "cumulative_cardinality": 0,
                                                                        "operator_type": "TABLE_SCAN",
                                                                        "operator_cardinality": 122,
                                                                        "cumulative_rows_scanned": 0,
                                                                        "operator_rows_scanned": 73049,
                                                                        "operator_timing": 0.000107959,
                                                                        "children": []
                                                                      }
                                                                    ]
                                                                  }
                                                                ]
                                                              }
                                                            ]
                                                          }
                                                        ]
                                                      }
                                                    ]
                                                  },
                                                  {
                                                    "total_bytes_written": 0,
                                                    "total_bytes_read": 0,
                                                    "result_set_size": 0,
                                                    "operator_name": "HASH_GROUP_BY",
                                                    "cpu_time": 0.0,
                                                    "extra_info": {
                                                      "Groups": "#8",
                                                      "Aggregates": "",
                                                      "Estimated Cardinality": "327"
                                                    },
                                                    "cumulative_cardinality": 0,
                                                    "operator_type": "HASH_GROUP_BY",
                                                    "operator_cardinality": 0,
                                                    "cumulative_rows_scanned": 0,
                                                    "operator_rows_scanned": 0,
                                                    "operator_timing": 7.49e-07,
                                                    "children": []
                                                  }
                                                ]
                                              },
                                              {
                                                "total_bytes_written": 0,
                                                "total_bytes_read": 0,
                                                "result_set_size": 0,
                                                "operator_name": "HASH_JOIN",
                                                "cpu_time": 0.0,
                                                "extra_info": {
                                                  "Join Type": "MARK",
                                                  "Conditions": "c_customer_sk IS NOT DISTINCT FROM c_customer_sk",
                                                  "Estimated Cardinality": "0"
                                                },
                                                "cumulative_cardinality": 0,
                                                "operator_type": "HASH_JOIN",
                                                "operator_cardinality": 0,
                                                "cumulative_rows_scanned": 0,
                                                "operator_rows_scanned": 0,
                                                "operator_timing": 1.091e-06,
                                                "children": [
                                                  {
                                                    "total_bytes_written": 0,
                                                    "total_bytes_read": 0,
                                                    "result_set_size": 0,
                                                    "operator_name": "COLUMN_DATA_SCAN",
                                                    "cpu_time": 0.0,
                                                    "extra_info": {
                                                      "Estimated Cardinality": "0"
                                                    },
                                                    "cumulative_cardinality": 0,
                                                    "operator_type": "COLUMN_DATA_SCAN",
                                                    "operator_cardinality": 0,
                                                    "cumulative_rows_scanned": 0,
                                                    "operator_rows_scanned": 0,
                                                    "operator_timing": 5.71e-07,
                                                    "children": []
                                                  },
                                                  {
                                                    "total_bytes_written": 0,
                                                    "total_bytes_read": 0,
                                                    "result_set_size": 0,
                                                    "operator_name": "PROJECTION",
                                                    "cpu_time": 0.0,
                                                    "extra_info": {
                                                      "Projections": "c_customer_sk",
                                                      "Estimated Cardinality": "0"
                                                    },
                                                    "cumulative_cardinality": 0,
                                                    "operator_type": "PROJECTION",
                                                    "operator_cardinality": 0,
                                                    "cumulative_rows_scanned": 0,
                                                    "operator_rows_scanned": 0,
                                                    "operator_timing": 0.0,
                                                    "children": [
                                                      {
                                                        "total_bytes_written": 0,
                                                        "total_bytes_read": 0,
                                                        "result_set_size": 0,
                                                        "operator_name": "HASH_JOIN",
                                                        "cpu_time": 0.0,
                                                        "extra_info": {
                                                          "Join Type": "INNER",
                                                          "Conditions": "i_item_sk = cs_item_sk",
                                                          "Estimated Cardinality": "0"
                                                        },
                                                        "cumulative_cardinality": 0,
                                                        "operator_type": "HASH_JOIN",
                                                        "operator_cardinality": 0,
                                                        "cumulative_rows_scanned": 0,
                                                        "operator_rows_scanned": 0,
                                                        "operator_timing": 1.236e-06,
                                                        "children": [
                                                          {
                                                            "total_bytes_written": 0,
                                                            "total_bytes_read": 0,
                                                            "result_set_size": 0,
                                                            "operator_name": "PROJECTION",
                                                            "cpu_time": 0.0,
                                                            "extra_info": {
                                                              "Projections": "#0",
                                                              "Estimated Cardinality": "4080"
                                                            },
                                                            "cumulative_cardinality": 0,
                                                            "operator_type": "PROJECTION",
                                                            "operator_cardinality": 0,
                                                            "cumulative_rows_scanned": 0,
                                                            "operator_rows_scanned": 0,
                                                            "operator_timing": 0.0,
                                                            "children": [
                                                              {
                                                                "total_bytes_written": 0,
                                                                "total_bytes_read": 0,
                                                                "result_set_size": 0,
                                                                "operator_name": "FILTER",
                                                                "cpu_time": 0.0,
                                                                "extra_info": {
                                                                  "Expression": "((i_category = 'Children') OR (i_category = 'Electronics') OR (i_category = 'Music'))",
                                                                  "Estimated Cardinality": "4080"
                                                                },
                                                                "cumulative_cardinality": 0,
                                                                "operator_type": "FILTER",
                                                                "operator_cardinality": 0,
                                                                "cumulative_rows_scanned": 0,
                                                                "operator_rows_scanned": 0,
                                                                "operator_timing": 0.000125995,
                                                                "children": [
                                                                  {
                                                                    "total_bytes_written": 0,
                                                                    "total_bytes_read": 0,
                                                                    "result_set_size": 71640,
                                                                    "operator_name": "SEQ_SCAN ",
                                                                    "cpu_time": 0.0,
                                                                    "extra_info": {
                                                                      "Table": "item",
                                                                      "Type": "Sequential Scan",
                                                                      "Projections": [
                                                                        "i_item_sk",
                                                                        "i_category"
                                                                      ],
                                                                      "Filters": [
                                                                        "optional: i_category IN ('Children', 'Electronics', 'Music')",
                                                                        "i_manager_id>=66 AND i_manager_id<=75"
                                                                      ],
                                                                      "Estimated Cardinality": "20400"
                                                                    },
                                                                    "cumulative_cardinality": 0,
                                                                    "operator_type": "TABLE_SCAN",
                                                                    "operator_cardinality": 3582,
                                                                    "cumulative_rows_scanned": 0,
                                                                    "operator_rows_scanned": 102000,
                                                                    "operator_timing": 0.000497194,
                                                                    "children": []
                                                                  }
                                                                ]
                                                              }
                                                            ]
                                                          },
                                                          {
                                                            "total_bytes_written": 0,
                                                            "total_bytes_read": 0,
                                                            "result_set_size": 0,
                                                            "operator_name": "HASH_JOIN",
                                                            "cpu_time": 0.0,
                                                            "extra_info": {
                                                              "Join Type": "INNER",
                                                              "Conditions": "cs_sold_date_sk = d_date_sk",
                                                              "Estimated Cardinality": "23"
                                                            },
                                                            "cumulative_cardinality": 0,
                                                            "operator_type": "HASH_JOIN",
                                                            "operator_cardinality": 0,
                                                            "cumulative_rows_scanned": 0,
                                                            "operator_rows_scanned": 0,
                                                            "operator_timing": 0.00013942000000000002,
                                                            "children": [
                                                              {
                                                                "total_bytes_written": 0,
                                                                "total_bytes_read": 0,
                                                                "result_set_size": 0,
                                                                "operator_name": "HASH_JOIN",
                                                                "cpu_time": 0.0,
                                                                "extra_info": {
                                                                  "Join Type": "INNER",
                                                                  "Conditions": "cs_ship_customer_sk = c_customer_sk",
                                                                  "Estimated Cardinality": "2900"
                                                                },
                                                                "cumulative_cardinality": 0,
                                                                "operator_type": "HASH_JOIN",
                                                                "operator_cardinality": 0,
                                                                "cumulative_rows_scanned": 0,
                                                                "operator_rows_scanned": 0,
                                                                "operator_timing": 5.083500000000001e-05,
                                                                "children": [
                                                                  {
                                                                    "total_bytes_written": 0,
                                                                    "total_bytes_read": 0,
                                                                    "result_set_size": 28332,
                                                                    "operator_name": "PROJECTION",
                                                                    "cpu_time": 0.0,
                                                                    "extra_info": {
                                                                      "Projections": [
                                                                        "#0",
                                                                        "#1",
                                                                        "#2"
                                                                      ],
                                                                      "Estimated Cardinality": "2880252"
                                                                    },
                                                                    "cumulative_cardinality": 0,
                                                                    "operator_type": "PROJECTION",
                                                                    "operator_cardinality": 2361,
                                                                    "cumulative_rows_scanned": 0,
                                                                    "operator_rows_scanned": 0,
                                                                    "operator_timing": 5.026000000000001e-06,
                                                                    "children": [
                                                                      {
                                                                        "total_bytes_written": 0,
                                                                        "total_bytes_read": 0,
                                                                        "result_set_size": 47220,
                                                                        "operator_name": "FILTER",
                                                                        "cpu_time": 0.0,
                                                                        "extra_info": {
                                                                          "Expression": "((CAST(cs_sales_price AS DOUBLE) / CAST(cs_list_price AS DOUBLE)) BETWEEN 0.2 AND 0.3)",
                                                                          "Estimated Cardinality": "2880252"
                                                                        },
                                                                        "cumulative_cardinality": 0,
                                                                        "operator_type": "FILTER",
                                                                        "operator_cardinality": 2361,
                                                                        "cumulative_rows_scanned": 0,
                                                                        "operator_rows_scanned": 0,
                                                                        "operator_timing": 0.00095395,
                                                                        "children": [
                                                                          {
                                                                            "total_bytes_written": 0,
                                                                            "total_bytes_read": 0,
                                                                            "result_set_size": 490500,
                                                                            "operator_name": "SEQ_SCAN ",
                                                                            "cpu_time": 0.0,
                                                                            "extra_info": {
                                                                              "Table": "catalog_sales",
                                                                              "Type": "Sequential Scan",
                                                                              "Projections": [
                                                                                "cs_ship_customer_sk",
                                                                                "cs_sold_date_sk",
                                                                                "cs_item_sk",
                                                                                "cs_sales_price",
                                                                                "cs_list_price"
                                                                              ],
                                                                              "Estimated Cardinality": "14401261"
                                                                            },
                                                                            "cumulative_cardinality": 0,
                                                                            "operator_type": "TABLE_SCAN",
                                                                            "operator_cardinality": 24525,
                                                                            "cumulative_rows_scanned": 0,
                                                                            "operator_rows_scanned": 403235308,
                                                                            "operator_timing": 0.0004490050000000001,
                                                                            "children": []
                                                                          }
                                                                        ]
                                                                      }
                                                                    ]
                                                                  },
                                                                  {
                                                                    "total_bytes_written": 0,
                                                                    "total_bytes_read": 0,
                                                                    "result_set_size": 0,
                                                                    "operator_name": "DELIM_SCAN",
                                                                    "cpu_time": 0.0,
                                                                    "extra_info": {
                                                                      "Delim Index": "3",
                                                                      "Estimated Cardinality": "327"
                                                                    },
                                                                    "cumulative_cardinality": 0,
                                                                    "operator_type": "DELIM_SCAN",
                                                                    "operator_cardinality": 0,
                                                                    "cumulative_rows_scanned": 0,
                                                                    "operator_rows_scanned": 0,
                                                                    "operator_timing": 0.0,
                                                                    "children": []
                                                                  }
                                                                ]
                                                              },
                                                              {
                                                                "total_bytes_written": 0,
                                                                "total_bytes_read": 0,
                                                                "result_set_size": 488,
                                                                "operator_name": "FILTER",
                                                                "cpu_time": 0.0,
                                                                "extra_info": {
                                                                  "Expression": "(d_date_sk BETWEEN 2450815 AND 2452653)",
                                                                  "Estimated Cardinality": "585"
                                                                },
                                                                "cumulative_cardinality": 0,
                                                                "operator_type": "FILTER",
                                                                "operator_cardinality": 122,
                                                                "cumulative_rows_scanned": 0,
                                                                "operator_rows_scanned": 0,
                                                                "operator_timing": 7.228e-06,
                                                                "children": [
                                                                  {
                                                                    "total_bytes_written": 0,
                                                                    "total_bytes_read": 0,
                                                                    "result_set_size": 488,
                                                                    "operator_name": "SEQ_SCAN ",
                                                                    "cpu_time": 0.0,
                                                                    "extra_info": {
                                                                      "Table": "date_dim",
                                                                      "Type": "Sequential Scan",
                                                                      "Projections": "d_date_sk",
                                                                      "Filters": [
                                                                        "d_year=1999",
                                                                        "d_moy>=8 AND d_moy<=11"
                                                                      ],
                                                                      "Estimated Cardinality": "585"
                                                                    },
                                                                    "cumulative_cardinality": 0,
                                                                    "operator_type": "TABLE_SCAN",
                                                                    "operator_cardinality": 122,
                                                                    "cumulative_rows_scanned": 0,
                                                                    "operator_rows_scanned": 73049,
                                                                    "operator_timing": 3.7408e-05,
                                                                    "children": []
                                                                  }
                                                                ]
                                                              }
                                                            ]
                                                          }
                                                        ]
                                                      }
                                                    ]
                                                  }
                                                ]
                                              },
                                              {
                                                "total_bytes_written": 0,
                                                "total_bytes_read": 0,
                                                "result_set_size": 0,
                                                "operator_name": "HASH_GROUP_BY",
                                                "cpu_time": 0.0,
                                                "extra_info": {
                                                  "Groups": "#8",
                                                  "Aggregates": "",
                                                  "Estimated Cardinality": "327"
                                                },
                                                "cumulative_cardinality": 0,
                                                "operator_type": "HASH_GROUP_BY",
                                                "operator_cardinality": 0,
                                                "cumulative_rows_scanned": 0,
                                                "operator_rows_scanned": 0,
                                                "operator_timing": 6.02e-07,
                                                "children": []
                                              }
                                            ]
                                          }
                                        ]
                                      }
                                    ]
                                  }
                                ]
                              }
                            ]
                          }
                        ]
                      }
                    ]
                  }
                ]
              }
            ]
          }
        ]
      }
    ]
  },
  "actual_rows": 0
}