{
  "execution_time_ms": 37.4,
  "plan_text": "\u250c\u2500\u2500\u2500\u2500\u2500\u2500\u2500\u2500\u2500\u2500\u2500\u2500\u2500\u2500\u2500\u2500\u2500\u2500\u2500\u2500\u2500\u2500\u2500\u2500\u2500\u2500\u2500\u2500\u2500\u2500\u2500\u2500\u2500\u2500\u2500\u2500\u2500\u2510\n\u2502\u250c\u2500\u2500\u2500\u2500\u2500\u2500\u2500\u2500\u2500\u2500\u2500\u2500\u2500\u2500\u2500\u2500\u2500\u2500\u2500\u2500\u2500\u2500\u2500\u2500\u2500\u2500\u2500\u2500\u2500\u2500\u2500\u2500\u2500\u2500\u2500\u2510\u2502\n\u2502\u2502    Query Profiling Information    \u2502\u2502\n\u2502\u2514\u2500\u2500\u2500\u2500\u2500\u2500\u2500\u2500\u2500\u2500\u2500\u2500\u2500\u2500\u2500\u2500\u2500\u2500\u2500\u2500\u2500\u2500\u2500\u2500\u2500\u2500\u2500\u2500\u2500\u2500\u2500\u2500\u2500\u2500\u2500\u2518\u2502\n\u2514\u2500\u2500\u2500\u2500\u2500\u2500\u2500\u2500\u2500\u2500\u2500\u2500\u2500\u2500\u2500\u2500\u2500\u2500\u2500\u2500\u2500\u2500\u2500\u2500\u2500\u2500\u2500\u2500\u2500\u2500\u2500\u2500\u2500\u2500\u2500\u2500\u2500\u2518\nEXPLAIN ANALYZE select    cd_gender,   cd_marital_status,   cd_education_status,   count(*) cnt1,   cd_purchase_estimate,   count(*) cnt2,   cd_credit_rating,   count(*) cnt3  from   customer c,customer_address ca,customer_demographics  where   c.c_current_addr_sk = ca.ca_address_sk and   ca_state in ('GA','KY','SD') and   cd_demo_sk = c.c_current_cdemo_sk   and cd_marital_status in ('D', 'W', 'U')   and cd_education_status in ('Primary', 'College') and   exists (select *           from store_sales,date_dim           where c.c_customer_sk = ss_customer_sk and                 ss_sold_date_sk = d_date_sk and                 d_year = 1999 and                 d_moy between 3 and 3+2                 and ss_list_price between 52 and 141           ) and    (not exists (select *             from web_sales,date_dim             where c.c_customer_sk = ws_bill_customer_sk and                   ws_sold_date_sk = d_date_sk and                   d_year = 1999 and                   d_moy between 3 and 3+2                   and ws_list_price between 52 and 141             ) and     not exists (select *             from catalog_sales,date_dim             where c.c_customer_sk = cs_ship_customer_sk and                   cs_sold_date_sk = d_date_sk and                   d_year = 1999 and                   d_moy between 3 and 3+2                   and cs_list_price between 52 and 141)             )  group by cd_gender,           cd_marital_status,           cd_education_status,           cd_purchase_estimate,           cd_credit_rating  order by cd_gender,           cd_marital_status,           cd_education_status,           cd_purchase_estimate,           cd_credit_rating  limit 100\n\u250c\u2500\u2500\u2500\u2500\u2500\u2500\u2500\u2500\u2500\u2500\u2500\u2500\u2500\u2500\u2500\u2500\u2500\u2500\u2500\u2500\u2500\u2500\u2500\u2500\u2500\u2500\u2500\u2500\u2500\u2500\u2500\u2500\u2500\u2500\u2500\u2500\u2500\u2500\u2500\u2500\u2500\u2500\u2500\u2500\u2500\u2500\u2500\u2500\u2510\n\u2502\u250c\u2500\u2500\u2500\u2500\u2500\u2500\u2500\u2500\u2500\u2500\u2500\u2500\u2500\u2500\u2500\u2500\u2500\u2500\u2500\u2500\u2500\u2500\u2500\u2500\u2500\u2500\u2500\u2500\u2500\u2500\u2500\u2500\u2500\u2500\u2500\u2500\u2500\u2500\u2500\u2500\u2500\u2500\u2500\u2500\u2500\u2500\u2510\u2502\n\u2502\u2502              Total Time: 0.0359s             \u2502\u2502\n\u2502\u2514\u2500\u2500\u2500\u2500\u2500\u2500\u2500\u2500\u2500\u2500\u2500\u2500\u2500\u2500\u2500\u2500\u2500\u2500\u2500\u2500\u2500\u2500\u2500\u2500\u2500\u2500\u2500\u2500\u2500\u2500\u2500\u2500\u2500\u2500\u2500\u2500\u2500\u2500\u2500\u2500\u2500\u2500\u2500\u2500\u2500\u2500\u2518\u2502\n\u2514\u2500\u2500\u2500\u2500\u2500\u2500\u2500\u2500\u2500\u2500\u2500\u2500\u2500\u2500\u2500\u2500\u2500\u2500\u2500\u2500\u2500\u2500\u2500\u2500\u2500\u2500\u2500\u2500\u2500\u2500\u2500\u2500\u2500\u2500\u2500\u2500\u2500\u2500\u2500\u2500\u2500\u2500\u2500\u2500\u2500\u2500\u2500\u2500\u2518\n\u250c\u2500\u2500\u2500\u2500\u2500\u2500\u2500\u2500\u2500\u2500\u2500\u2500\u2500\u2510\n\u2502    QUERY    \u2502\n\u2514\u2500\u2500\u2500\u2500\u2500\u2500\u252c\u2500\u2500\u2500\u2500\u2500\u2500\u2518\n\u250c\u2500\u2500\u2500\u2500\u2500\u2500\u2534\u2500\u2500\u2500\u2500\u2500\u2500\u2510\n\u2502EXPLAIN_...  \u2502\n\u2502    \u2500\u2500\u2500\u2500\u2500\u2500   \u2502\n\u2502    0 rows   \u2502\n\u2502   (0.00s)   \u2502\n\u2514\u2500\u2500\u2500\u2500\u2500\u2500\u252c\u2500\u2500\u2500\u2500\u2500\u2500\u2518\n\u250c\u2500\u2500\u2500\u2500\u2500\u2500\u2534\u2500\u2500\u2500\u2500\u2500\u2500\u2510\n\u2502    TOP_N    \u2502\n\u2502    \u2500\u2500\u2500\u2500\u2500\u2500   \u2502\n\u2502     Top:    \u2502\n\u2502     100     \u2502\n\u2502             \u2502\n\u2502  Order By:  \u2502\n\u2502 tpcds_sf10_2\u2502\n\u2502.main.custome\u2502\n\u2502r_demographic\u2502\n\u2502 s.cd_gender \u2502\n\u2502      ASC    \u2502\n\u2502 tpcds_sf10_2\u2502\n\u2502.main.custome\u2502\n\u2502r_demographic\u2502\n\u2502s.cd_marital_\u2502\n\u2502  status ASC \u2502\n\u2502 tpcds_sf10_2\u2502\n\u2502.main.custome\u2502\n\u2502r_demographic\u2502\n\u2502s.cd_educatio\u2502\n\u2502 n_status ASC\u2502\n\u2502 tpcds_sf10_2\u2502\n\u2502.main.custome\u2502\n\u2502r_demographic\u2502\n\u2502s.cd_purchase\u2502\n\u2502_estimate ASC\u2502\n\u2502 tpcds_sf10_2\u2502\n\u2502.main.custome\u2502\n\u2502r_demographic\u2502\n\u2502s.cd_credit_r\u2502\n\u2502  ating ASC  \u2502\n\u2502             \u2502\n\u2502   100 rows  \u2502\n\u2502   (0.00s)   \u2502\n\u2514\u2500\u2500\u2500\u2500\u2500\u2500\u252c\u2500\u2500\u2500\u2500\u2500\u2500\u2518\n\u250c\u2500\u2500\u2500\u2500\u2500\u2500\u2534\u2500\u2500\u2500\u2500\u2500\u2500\u2510\n\u2502  PROJECTION \u2502\n\u2502    \u2500\u2500\u2500\u2500\u2500\u2500   \u2502\n\u2502  cd_gender  \u2502\n\u2502cd_marital_st\u2502\n\u2502     atus    \u2502\n\u2502cd_education_\u2502\n\u2502    status   \u2502\n\u2502     cnt1    \u2502\n\u2502cd_purchase_e\u2502\n\u2502   stimate   \u2502\n\u2502     cnt2    \u2502\n\u2502cd_credit_rat\u2502\n\u2502     ing     \u2502\n\u2502     cnt3    \u2502\n\u2502             \u2502\n\u2502   626 rows  \u2502\n\u2502   (0.00s)   \u2502\n\u2514\u2500\u2500\u2500\u2500\u2500\u2500\u252c\u2500\u2500\u2500\u2500\u2500\u2500\u2518\n\u250c\u2500\u2500\u2500\u2500\u2500\u2500\u2534\u2500\u2500\u2500\u2500\u2500\u2500\u2510\n\u2502  PROJECTION \u2502\n\u2502    \u2500\u2500\u2500\u2500\u2500\u2500   \u2502\n\u2502__internal_de\u2502\n\u2502compress_stri\u2502\n\u2502    ng(#0)   \u2502\n\u2502__internal_de\u2502\n\u2502compress_stri\u2502\n\u2502    ng(#1)   \u2502\n\u2502__internal_de\u2502\n\u2502compress_stri\u2502\n\u2502    ng(#2)   \u2502\n\u2502__internal_de\u2502\n\u2502compress_inte\u2502\n\u2502 gral_integer\u2502\n\u2502  (#3, 500)  \u2502\n\u2502__internal_de\u2502\n\u2502compress_stri\u2502\n\u2502    ng(#4)   \u2502\n\u2502      #5     \u2502\n\u2502             \u2502\n\u2502   626 rows  \u2502\n\u2502   (0.00s)   \u2502\n\u2514\u2500\u2500\u2500\u2500\u2500\u2500\u252c\u2500\u2500\u2500\u2500\u2500\u2500\u2518\n\u250c\u2500\u2500\u2500\u2500\u2500\u2500\u2534\u2500\u2500\u2500\u2500\u2500\u2500\u2510\n\u2502HASH_GROUP_BY\u2502\n\u2502    \u2500\u2500\u2500\u2500\u2500\u2500   \u2502\n\u2502   Groups:   \u2502\n\u2502      #0     \u2502\n\u2502      #1     \u2502\n\u2502      #2     \u2502\n\u2502      #3     \u2502\n\u2502      #4     \u2502\n\u2502             \u2502\n\u2502 Aggregates: \u2502\n\u2502 count_star()\u2502\n\u2502             \u2502\n\u2502   626 rows  \u2502\n\u2502   (0.00s)   \u2502\n\u2514\u2500\u2500\u2500\u2500\u2500\u2500\u252c\u2500\u2500\u2500\u2500\u2500\u2500\u2518\n\u250c\u2500\u2500\u2500\u2500\u2500\u2500\u2534\u2500\u2500\u2500\u2500\u2500\u2500\u2510\n\u2502  PROJECTION \u2502\n\u2502    \u2500\u2500\u2500\u2500\u2500\u2500   \u2502\n\u2502  cd_gender  \u2502\n\u2502cd_marital_st\u2502\n\u2502     atus    \u2502\n\u2502cd_education_\u2502\n\u2502    status   \u2502\n\u2502cd_purchase_e\u2502\n\u2502   stimate   \u2502\n\u2502cd_credit_rat\u2502\n\u2502     ing     \u2502\n\u2502             \u2502\n\u2502  1,023 rows \u2502\n\u2502   (0.00s)   \u2502\n\u2514\u2500\u2500\u2500\u2500\u2500\u2500\u252c\u2500\u2500\u2500\u2500\u2500\u2500\u2518\n\u250c\u2500\u2500\u2500\u2500\u2500\u2500\u2534\u2500\u2500\u2500\u2500\u2500\u2500\u2510\n\u2502  PROJECTION \u2502\n\u2502    \u2500\u2500\u2500\u2500\u2500\u2500   \u2502\n\u2502__internal_co\u2502\n\u2502mpress_string\u2502\n\u2502_utinyint(#0)\u2502\n\u2502__internal_co\u2502\n\u2502mpress_string\u2502\n\u2502_uhugeint(#1)\u2502\n\u2502__internal_co\u2502\n\u2502mpress_string\u2502\n\u2502_utinyint(#2)\u2502\n\u2502__internal_co\u2502\n\u2502mpress_integr\u2502\n\u2502 al_usmallint\u2502\n\u2502  (#3, 500)  \u2502\n\u2502__internal_co\u2502\n\u2502mpress_string\u2502\n\u2502_uhugeint(#4)\u2502\n\u2502             \u2502\n\u2502  1,023 rows \u2502\n\u2502   (0.00s)   \u2502\n\u2514\u2500\u2500\u2500\u2500\u2500\u2500\u252c\u2500\u2500\u2500\u2500\u2500\u2500\u2518\n\u250c\u2500\u2500\u2500\u2500\u2500\u2500\u2534\u2500\u2500\u2500\u2500\u2500\u2500\u2510\n\u2502LEFT_DEL...  \u2502\n\u2502    \u2500\u2500\u2500\u2500\u2500\u2500   \u2502\n\u2502  Join Type: \u2502\n\u2502     ANTI    \u2502\n\u2502             \u2502\n\u2502 Conditions: \u2502\n\u2502c_customer_sk\u2502\n\u2502 IS NOT DISTI\u2502\n\u2502   NCT FROM  \u251c\u2500\u2500\u2500\u2500\u2500\u2500\u2500\u2500\u2500\u2500\u2500\u2500\u2500\u2500\u2500\u2500\u2500\u2500\u2500\u2500\u2500\u2500\u2500\u2500\u2500\u2500\u2500\u2500\u2500\u2500\u2500\u2500\u2500\u2500\u2500\u2500\u2500\u2500\u2500\u2500\u2500\u2500\u2500\u2500\u2500\u2500\u2500\u2500\u2500\u2500\u2500\u2500\u2500\u2500\u2500\u2500\u2500\u2500\u2500\u2500\u2500\u2500\u2500\u2500\u2500\u2500\u2500\u2500\u2500\u2500\u2500\u2500\u2500\u2500\u2500\u2500\u2500\u2500\u2500\u2500\u2500\u2500\u2500\u2500\u2500\u2500\u2500\u2500\u2500\u2500\u2500\u2500\u2500\u2500\u2500\u2500\u2500\u2500\u2500\u2500\u2500\u2500\u2500\u2500\u2500\u2500\u2500\u2500\u2500\u2500\u2500\u2500\u2500\u2500\u2500\u2500\u2500\u2500\u2500\u2500\u2500\u2500\u2500\u2500\u2500\u2500\u2500\u2500\u2500\u2500\u2500\u2500\u2500\u2500\u2500\u2500\u2500\u2500\u2500\u2500\u2500\u2500\u2500\u2500\u2500\u2500\u2500\u2500\u2500\u2500\u2500\u2500\u2500\u2500\u2500\u2500\u2500\u2500\u2500\u2500\u2500\u2500\u2500\u2500\u2500\u2500\u2500\u2500\u2500\u2500\u2500\u2500\u2500\u2500\u2500\u2500\u2500\u2500\u2500\u2500\u2500\u2500\u2500\u2500\u2500\u2500\u2500\u252c\u2500\u2500\u2500\u2500\u2500\u2500\u2500\u2500\u2500\u2500\u2500\u2500\u2500\u2500\u2500\u2500\u2500\u2500\u2500\u2500\u2500\u2500\u2500\u2500\u2500\u2500\u2500\u2500\u2500\u2500\u2500\u2500\u2500\u2500\u2500\u2500\u2500\n\u2502 c_customer_s\u2502                                                                                                                                                                                           \u2502                                     \n\u2502      k      \u2502                                                                                                                                                                                           \u2502                                     \n\u2502             \u2502                                                                                                                                                                                           \u2502                                     \n\u2502 Delim Index:\u2502                                                                                                                                                                                           \u2502                                     \n\u2502      3      \u2502                                                                                                                                                                                           \u2502                                     \n\u2502             \u2502                                                                                                                                                                                           \u2502                                     \n\u2502    0 rows   \u2502                                                                                                                                                                                           \u2502                                     \n\u2502   (0.00s)   \u2502                                                                                                                                                                                           \u2502                                     \n\u2514\u2500\u2500\u2500\u2500\u2500\u2500\u252c\u2500\u2500\u2500\u2500\u2500\u2500\u2518                                                                                                                                                                                           \u2502                                     \n\u250c\u2500\u2500\u2500\u2500\u2500\u2500\u2534\u2500\u2500\u2500\u2500\u2500\u2500\u2510                                                                                                                                                                                    \u250c\u2500\u2500\u2500\u2500\u2500\u2500\u2534\u2500\u2500\u2500\u2500\u2500\u2500\u2510                              \n\u2502LEFT_DEL...  \u2502                                                                                                                                                                                    \u2502  HASH_JOIN  \u2502                              \n\u2502    \u2500\u2500\u2500\u2500\u2500\u2500   \u2502                                                                                                                                                                                    \u2502    \u2500\u2500\u2500\u2500\u2500\u2500   \u2502                              \n\u2502  Join Type: \u2502                                                                                                                                                                                    \u2502  Join Type: \u2502                              \n\u2502     ANTI    \u2502                                                                                                                                                                                    \u2502     ANTI    \u2502                              \n\u2502             \u2502                                                                                                                                                                                    \u2502             \u2502                              \n\u2502 Conditions: \u2502                                                                                                                                                                                    \u2502 Conditions: \u2502                              \n\u2502c_customer_sk\u2502                                                                                                                                                                                    \u2502c_customer_sk\u2502                              \n\u2502 IS NOT DISTI\u2502                                                                                                                                                                                    \u2502 IS NOT DISTI\u2502                              \n\u2502   NCT FROM  \u251c\u2500\u2500\u2500\u2500\u2500\u2500\u2500\u2500\u2500\u2500\u2500\u2500\u2500\u2500\u2500\u2500\u2500\u2500\u2500\u2500\u2500\u2500\u2500\u2500\u2500\u2500\u2500\u2500\u2500\u2500\u2500\u2500\u2500\u2500\u2500\u2500\u2500\u2500\u2500\u2500\u2500\u2500\u2500\u2500\u2500\u2500\u2500\u2500\u2500\u2500\u2500\u2500\u2500\u2500\u2500\u2500\u2500\u2500\u2500\u2500\u2500\u2500\u2500\u2500\u2500\u2500\u2500\u2500\u2500\u2500\u2500\u2500\u2500\u2500\u2500\u2500\u2500\u2500\u2500\u2500\u2500\u2500\u2500\u2500\u2500\u2500\u2500\u2500\u2500\u2500\u2500\u2500\u2500\u2500\u2500\u2500\u2500\u2500\u2500\u2500\u2500\u2500\u2500\u2500\u2500\u2500\u2500\u2500\u2500\u2500\u2500\u2500\u252c\u2500\u2500\u2500\u2500\u2500\u2500\u2500\u2500\u2500\u2500\u2500\u2500\u2500\u2500\u2500\u2500\u2500\u2500\u2500\u2500\u2500\u2500\u2500\u2500\u2500\u2500\u2500\u2500\u2500\u2500\u2500\u2500\u2500\u2500\u2500\u2500\u2500\u2500\u2500\u2500\u2500\u2500\u2500\u2500\u2500\u2500\u2500\u2500\u2500\u2500\u2500\u2500\u2500\u2500\u2500\u2500\u2500\u2500\u2500\u2510       \u2502   NCT FROM  \u251c\u2500\u2500\u2500\u2500\u2500\u2500\u2500\u2510                      \n\u2502 c_customer_s\u2502                                                                                                                \u2502                                                           \u2502       \u2502 c_customer_s\u2502       \u2502                      \n\u2502      k      \u2502                                                                                                                \u2502                                                           \u2502       \u2502      k      \u2502       \u2502                      \n\u2502             \u2502                                                                                                                \u2502                                                           \u2502       \u2502             \u2502       \u2502                      \n\u2502 Delim Index:\u2502                                                                                                                \u2502                                                           \u2502       \u2502             \u2502       \u2502                      \n\u2502      2      \u2502                                                                                                                \u2502                                                           \u2502       \u2502             \u2502       \u2502                      \n\u2502             \u2502                                                                                                                \u2502                                                           \u2502       \u2502             \u2502       \u2502                      \n\u2502    0 rows   \u2502                                                                                                                \u2502                                                           \u2502       \u2502  1,023 rows \u2502       \u2502                      \n\u2502   (0.00s)   \u2502                                                                                                                \u2502                                                           \u2502       \u2502   (0.00s)   \u2502       \u2502                      \n\u2514\u2500\u2500\u2500\u2500\u2500\u2500\u252c\u2500\u2500\u2500\u2500\u2500\u2500\u2518                                                                                                                \u2502                                                           \u2502       \u2514\u2500\u2500\u2500\u2500\u2500\u2500\u252c\u2500\u2500\u2500\u2500\u2500\u2500\u2518       \u2502                      \n\u250c\u2500\u2500\u2500\u2500\u2500\u2500\u2534\u2500\u2500\u2500\u2500\u2500\u2500\u2510                                                                                                         \u250c\u2500\u2500\u2500\u2500\u2500\u2500\u2534\u2500\u2500\u2500\u2500\u2500\u2500\u2510                                             \u250c\u2500\u2500\u2500\u2500\u2500\u2500\u2534\u2500\u2500\u2500\u2500\u2500\u2500\u2510\u250c\u2500\u2500\u2500\u2500\u2500\u2500\u2534\u2500\u2500\u2500\u2500\u2500\u2500\u2510\u250c\u2500\u2500\u2500\u2500\u2500\u2500\u2534\u2500\u2500\u2500\u2500\u2500\u2500\u2510\n\u2502LEFT_DEL...  \u2502                                                                                                         \u2502  HASH_JOIN  \u2502                                             \u2502HASH_GROUP_BY\u2502\u2502COLUMN_D...  \u2502\u2502  PROJECTION \u2502\n\u2502    \u2500\u2500\u2500\u2500\u2500\u2500   \u2502                                                                                                         \u2502    \u2500\u2500\u2500\u2500\u2500\u2500   \u2502                                             \u2502    \u2500\u2500\u2500\u2500\u2500\u2500   \u2502\u2502             \u2502\u2502    \u2500\u2500\u2500\u2500\u2500\u2500   \u2502\n\u2502  Join Type: \u2502                                                                                                         \u2502  Join Type: \u2502                                             \u2502   Groups:   \u2502\u2502             \u2502\u2502c_customer_sk\u2502\n\u2502     SEMI    \u2502                                                                                                         \u2502     ANTI    \u2502                                             \u2502      #5     \u2502\u2502             \u2502\u2502             \u2502\n\u2502             \u2502                                                                                                         \u2502             \u2502                                             \u2502             \u2502\u2502             \u2502\u2502             \u2502\n\u2502 Conditions: \u2502                                                                                                         \u2502 Conditions: \u2502                                             \u2502             \u2502\u2502             \u2502\u2502             \u2502\n\u2502c_customer_sk\u2502                                                                                                         \u2502c_customer_sk\u2502                                             \u2502             \u2502\u2502             \u2502\u2502             \u2502\n\u2502 IS NOT DISTI\u2502                                                                                                         \u2502 IS NOT DISTI\u2502                                             \u2502             \u2502\u2502             \u2502\u2502             \u2502\n\u2502   NCT FROM  \u251c\u2500\u2500\u2500\u2500\u2500\u2500\u2500\u2500\u2500\u2500\u2500\u2500\u2500\u2500\u2500\u2500\u2500\u2500\u2500\u2500\u2500\u2500\u2500\u2500\u2500\u2500\u2500\u2500\u2500\u2500\u2500\u2500\u2500\u2500\u2500\u2500\u2500\u252c\u2500\u2500\u2500\u2500\u2500\u2500\u2500\u2500\u2500\u2500\u2500\u2500\u2500\u2500\u2500\u2500\u2500\u2500\u2500\u2500\u2500\u2500\u2500\u2500\u2500\u2500\u2500\u2500\u2500\u2500\u2500\u2500\u2500\u2500\u2500\u2500\u2500\u2500\u2500\u2500\u2500\u2500\u2500\u2500\u2500\u2500\u2500\u2500\u2500\u2500\u2500\u2500\u2500\u2500\u2500\u2500\u2500\u2500\u2500\u2510       \u2502   NCT FROM  \u251c\u2500\u2500\u2500\u2500\u2500\u2500\u2500\u2510                                     \u2502             \u2502\u2502             \u2502\u2502             \u2502\n\u2502 c_customer_s\u2502                                     \u2502                                                           \u2502       \u2502 c_customer_s\u2502       \u2502                                     \u2502             \u2502\u2502             \u2502\u2502             \u2502\n\u2502      k      \u2502                                     \u2502                                                           \u2502       \u2502      k      \u2502       \u2502                                     \u2502             \u2502\u2502             \u2502\u2502             \u2502\n\u2502             \u2502                                     \u2502                                                           \u2502       \u2502             \u2502       \u2502                                     \u2502             \u2502\u2502             \u2502\u2502             \u2502\n\u2502 Delim Index:\u2502                                     \u2502                                                           \u2502       \u2502             \u2502       \u2502                                     \u2502             \u2502\u2502             \u2502\u2502             \u2502\n\u2502      1      \u2502                                     \u2502                                                           \u2502       \u2502             \u2502       \u2502                                     \u2502             \u2502\u2502             \u2502\u2502             \u2502\n\u2502             \u2502                                     \u2502                                                           \u2502       \u2502             \u2502       \u2502                                     \u2502             \u2502\u2502             \u2502\u2502             \u2502\n\u2502    0 rows   \u2502                                     \u2502                                                           \u2502       \u2502  1,111 rows \u2502       \u2502                                     \u2502  1,136 rows \u2502\u2502  1,111 rows \u2502\u2502   386 rows  \u2502\n\u2502   (0.00s)   \u2502                                     \u2502                                                           \u2502       \u2502   (0.00s)   \u2502       \u2502                                     \u2502   (0.00s)   \u2502\u2502   (0.00s)   \u2502\u2502   (0.00s)   \u2502\n\u2514\u2500\u2500\u2500\u2500\u2500\u2500\u252c\u2500\u2500\u2500\u2500\u2500\u2500\u2518                                     \u2502                                                           \u2502       \u2514\u2500\u2500\u2500\u2500\u2500\u2500\u252c\u2500\u2500\u2500\u2500\u2500\u2500\u2518       \u2502                                     \u2514\u2500\u2500\u2500\u2500\u2500\u2500\u2500\u2500\u2500\u2500\u2500\u2500\u2500\u2518\u2514\u2500\u2500\u2500\u2500\u2500\u2500\u2500\u2500\u2500\u2500\u2500\u2500\u2500\u2518\u2514\u2500\u2500\u2500\u2500\u2500\u2500\u252c\u2500\u2500\u2500\u2500\u2500\u2500\u2518\n\u250c\u2500\u2500\u2500\u2500\u2500\u2500\u2534\u2500\u2500\u2500\u2500\u2500\u2500\u2510                              \u250c\u2500\u2500\u2500\u2500\u2500\u2500\u2534\u2500\u2500\u2500\u2500\u2500\u2500\u2510                                             \u250c\u2500\u2500\u2500\u2500\u2500\u2500\u2534\u2500\u2500\u2500\u2500\u2500\u2500\u2510\u250c\u2500\u2500\u2500\u2500\u2500\u2500\u2534\u2500\u2500\u2500\u2500\u2500\u2500\u2510\u250c\u2500\u2500\u2500\u2500\u2500\u2500\u2534\u2500\u2500\u2500\u2500\u2500\u2500\u2510                                                            \u250c\u2500\u2500\u2500\u2500\u2500\u2500\u2534\u2500\u2500\u2500\u2500\u2500\u2500\u2510\n\u2502  HASH_JOIN  \u2502                              \u2502  HASH_JOIN  \u2502                                             \u2502HASH_GROUP_BY\u2502\u2502COLUMN_D...  \u2502\u2502  PROJECTION \u2502                                                            \u2502  HASH_JOIN  \u2502\n\u2502    \u2500\u2500\u2500\u2500\u2500\u2500   \u2502                              \u2502    \u2500\u2500\u2500\u2500\u2500\u2500   \u2502                                             \u2502    \u2500\u2500\u2500\u2500\u2500\u2500   \u2502\u2502             \u2502\u2502    \u2500\u2500\u2500\u2500\u2500\u2500   \u2502                                                            \u2502    \u2500\u2500\u2500\u2500\u2500\u2500   \u2502\n\u2502  Join Type: \u2502                              \u2502  Join Type: \u2502                                             \u2502   Groups:   \u2502\u2502             \u2502\u2502c_customer_sk\u2502                                                            \u2502  Join Type: \u2502\n\u2502    INNER    \u2502                              \u2502     SEMI    \u2502                                             \u2502      #5     \u2502\u2502             \u2502\u2502             \u2502                                                            \u2502    INNER    \u2502\n\u2502             \u2502                              \u2502             \u2502                                             \u2502             \u2502\u2502             \u2502\u2502             \u2502                                                            \u2502             \u2502\n\u2502 Conditions: \u2502                              \u2502 Conditions: \u2502                                             \u2502             \u2502\u2502             \u2502\u2502             \u2502                                                            \u2502 Conditions: \u2502\n\u2502 cd_demo_sk =\u2502                              \u2502c_customer_sk\u2502                                             \u2502             \u2502\u2502             \u2502\u2502             \u2502                                                            \u2502cs_sold_date_\u2502\n\u2502 c_current_cd\u251c\u2500\u2500\u2500\u2500\u2500\u2500\u2500\u2510                      \u2502 IS NOT DISTI\u251c\u2500\u2500\u2500\u2500\u2500\u2500\u2500\u2510                                     \u2502             \u2502\u2502             \u2502\u2502             \u2502                                                            \u2502sk = d_date_s\u251c\u2500\u2500\u2500\u2500\u2500\u2500\u2500\u2500\u2500\u2500\u2500\u2500\u2500\u2500\u2500\n\u2502    emo_sk   \u2502       \u2502                      \u2502   NCT FROM  \u2502       \u2502                                     \u2502             \u2502\u2502             \u2502\u2502             \u2502                                                            \u2502      k      \u2502               \n\u2502             \u2502       \u2502                      \u2502 c_customer_s\u2502       \u2502                                     \u2502             \u2502\u2502             \u2502\u2502             \u2502                                                            \u2502             \u2502               \n\u2502             \u2502       \u2502                      \u2502      k      \u2502       \u2502                                     \u2502             \u2502\u2502             \u2502\u2502             \u2502                                                            \u2502             \u2502               \n\u2502             \u2502       \u2502                      \u2502             \u2502       \u2502                                     \u2502             \u2502\u2502             \u2502\u2502             \u2502                                                            \u2502             \u2502               \n\u2502  8,889 rows \u2502       \u2502                      \u2502  1,136 rows \u2502       \u2502                                     \u2502  8,889 rows \u2502\u2502  1,136 rows \u2502\u2502   133 rows  \u2502                                                            \u2502   386 rows  \u2502               \n\u2502   (0.01s)   \u2502       \u2502                      \u2502   (0.00s)   \u2502       \u2502                                     \u2502   (0.00s)   \u2502\u2502   (0.00s)   \u2502\u2502   (0.00s)   \u2502                                                            \u2502   (0.00s)   \u2502               \n\u2514\u2500\u2500\u2500\u2500\u2500\u2500\u252c\u2500\u2500\u2500\u2500\u2500\u2500\u2518       \u2502                      \u2514\u2500\u2500\u2500\u2500\u2500\u2500\u252c\u2500\u2500\u2500\u2500\u2500\u2500\u2518       \u2502                                     \u2514\u2500\u2500\u2500\u2500\u2500\u2500\u2500\u2500\u2500\u2500\u2500\u2500\u2500\u2518\u2514\u2500\u2500\u2500\u2500\u2500\u2500\u2500\u2500\u2500\u2500\u2500\u2500\u2500\u2518\u2514\u2500\u2500\u2500\u2500\u2500\u2500\u252c\u2500\u2500\u2500\u2500\u2500\u2500\u2518                                                            \u2514\u2500\u2500\u2500\u2500\u2500\u2500\u252c\u2500\u2500\u2500\u2500\u2500\u2500\u2518               \n\u250c\u2500\u2500\u2500\u2500\u2500\u2500\u2534\u2500\u2500\u2500\u2500\u2500\u2500\u2510\u250c\u2500\u2500\u2500\u2500\u2500\u2500\u2534\u2500\u2500\u2500\u2500\u2500\u2500\u2510               \u250c\u2500\u2500\u2500\u2500\u2500\u2500\u2534\u2500\u2500\u2500\u2500\u2500\u2500\u2510\u250c\u2500\u2500\u2500\u2500\u2500\u2500\u2534\u2500\u2500\u2500\u2500\u2500\u2500\u2510                                                            \u250c\u2500\u2500\u2500\u2500\u2500\u2500\u2534\u2500\u2500\u2500\u2500\u2500\u2500\u2510                                                            \u250c\u2500\u2500\u2500\u2500\u2500\u2500\u2534\u2500\u2500\u2500\u2500\u2500\u2500\u2510               \n\u2502    FILTER   \u2502\u2502  HASH_JOIN  \u2502               \u2502COLUMN_D...  \u2502\u2502  PROJECTION \u2502                                                            \u2502  HASH_JOIN  \u2502                                                            \u2502  HASH_JOIN  \u2502               \n\u2502    \u2500\u2500\u2500\u2500\u2500\u2500   \u2502\u2502    \u2500\u2500\u2500\u2500\u2500\u2500   \u2502               \u2502             \u2502\u2502    \u2500\u2500\u2500\u2500\u2500\u2500   \u2502                                                            \u2502    \u2500\u2500\u2500\u2500\u2500\u2500   \u2502                                                            \u2502    \u2500\u2500\u2500\u2500\u2500\u2500   \u2502               \n\u2502 ((cd_demo_sk\u2502\u2502  Join Type: \u2502               \u2502             \u2502\u2502c_customer_sk\u2502                                                            \u2502  Join Type: \u2502                                                            \u2502  Join Type: \u2502               \n\u2502   BETWEEN 4 \u2502\u2502    INNER    \u2502               \u2502             \u2502\u2502             \u2502                                                            \u2502    INNER    \u2502                                                            \u2502    INNER    \u2502               \n\u2502  AND 1920791\u2502\u2502             \u2502               \u2502             \u2502\u2502             \u2502                                                            \u2502             \u2502                                                            \u2502             \u2502               \n\u2502) AND ((cd_ed\u2502\u2502 Conditions: \u2502               \u2502             \u2502\u2502             \u2502                                                            \u2502 Conditions: \u2502                                                            \u2502 Conditions: \u2502               \n\u2502ucation_statu\u2502\u2502c_current_add\u2502               \u2502             \u2502\u2502             \u2502                                                            \u2502ws_bill_custo\u2502                                                            \u2502cs_ship_custo\u2502               \n\u2502 s = 'Primary\u2502\u2502r_sk = ca_add\u2502               \u2502             \u2502\u2502             \u2502                                                            \u2502   mer_sk =  \u2502                                                            \u2502   mer_sk =  \u2502               \n\u2502') OR (cd_edu\u2502\u2502   ress_sk   \u2502               \u2502             \u2502\u2502             \u2502                                                            \u2502 c_customer_s\u2502                                                            \u2502 c_customer_s\u2502               \n\u2502cation_status\u2502\u2502             \u2502               \u2502             \u2502\u2502             \u2502                                                            \u2502      k      \u2502                                                            \u2502      k      \u2502               \n\u2502  = 'College'\u2502\u2502             \u2502               \u2502             \u2502\u2502             \u2502                                                            \u2502             \u2502                                                            \u2502             \u2502               \n\u2502   )) AND (  \u2502\u2502             \u251c\u2500\u2500\u2500\u2500\u2500\u2500\u2500\u2510       \u2502             \u2502\u2502             \u2502                                                            \u2502             \u251c\u2500\u2500\u2500\u2500\u2500\u2500\u2500\u2500\u2500\u2500\u2500\u2500\u2500\u2500\u2500\u2500\u2500\u2500\u2500\u2500\u2500\u2500\u2510                                     \u2502             \u251c\u2500\u2500\u2500\u2500\u2500\u2500\u2500\u2510       \n\u2502(cd_marital_s\u2502\u2502             \u2502       \u2502       \u2502             \u2502\u2502             \u2502                                                            \u2502             \u2502                      \u2502                                     \u2502             \u2502       \u2502       \n\u2502 tatus = 'D')\u2502\u2502             \u2502       \u2502       \u2502             \u2502\u2502             \u2502                                                            \u2502             \u2502                      \u2502                                     \u2502             \u2502       \u2502       \n\u2502 OR (cd_marit\u2502\u2502             \u2502       \u2502       \u2502             \u2502\u2502             \u2502                                                            \u2502             \u2502                      \u2502                                     \u2502             \u2502       \u2502       \n\u2502 al_status = \u2502\u2502             \u2502       \u2502       \u2502             \u2502\u2502             \u2502                                                            \u2502             \u2502                      \u2502                                     \u2502             \u2502       \u2502       \n\u2502   'W') OR   \u2502\u2502             \u2502       \u2502       \u2502             \u2502\u2502             \u2502                                                            \u2502             \u2502                      \u2502                                     \u2502             \u2502       \u2502       \n\u2502(cd_marital_s\u2502\u2502             \u2502       \u2502       \u2502             \u2502\u2502             \u2502                                                            \u2502             \u2502                      \u2502                                     \u2502             \u2502       \u2502       \n\u2502 tatus = 'U')\u2502\u2502             \u2502       \u2502       \u2502             \u2502\u2502             \u2502                                                            \u2502             \u2502                      \u2502                                     \u2502             \u2502       \u2502       \n\u2502      ))     \u2502\u2502             \u2502       \u2502       \u2502             \u2502\u2502             \u2502                                                            \u2502             \u2502                      \u2502                                     \u2502             \u2502       \u2502       \n\u2502             \u2502\u2502             \u2502       \u2502       \u2502             \u2502\u2502             \u2502                                                            \u2502             \u2502                      \u2502                                     \u2502             \u2502       \u2502       \n\u2502 329,280 rows\u2502\u2502 52,879 rows \u2502       \u2502       \u2502  8,889 rows \u2502\u2502  7,352 rows \u2502                                                            \u2502   133 rows  \u2502                      \u2502                                     \u2502   386 rows  \u2502       \u2502       \n\u2502   (0.03s)   \u2502\u2502   (0.00s)   \u2502       \u2502       \u2502   (0.00s)   \u2502\u2502   (0.00s)   \u2502                                                            \u2502   (0.00s)   \u2502                      \u2502                                     \u2502   (0.00s)   \u2502       \u2502       \n\u2514\u2500\u2500\u2500\u2500\u2500\u2500\u252c\u2500\u2500\u2500\u2500\u2500\u2500\u2518\u2514\u2500\u2500\u2500\u2500\u2500\u2500\u252c\u2500\u2500\u2500\u2500\u2500\u2500\u2518       \u2502       \u2514\u2500\u2500\u2500\u2500\u2500\u2500\u2500\u2500\u2500\u2500\u2500\u2500\u2500\u2518\u2514\u2500\u2500\u2500\u2500\u2500\u2500\u252c\u2500\u2500\u2500\u2500\u2500\u2500\u2518                                                            \u2514\u2500\u2500\u2500\u2500\u2500\u2500\u252c\u2500\u2500\u2500\u2500\u2500\u2500\u2518                      \u2502                                     \u2514\u2500\u2500\u2500\u2500\u2500\u2500\u252c\u2500\u2500\u2500\u2500\u2500\u2500\u2518       \u2502       \n\u250c\u2500\u2500\u2500\u2500\u2500\u2500\u2534\u2500\u2500\u2500\u2500\u2500\u2500\u2510\u250c\u2500\u2500\u2500\u2500\u2500\u2500\u2534\u2500\u2500\u2500\u2500\u2500\u2500\u2510\u250c\u2500\u2500\u2500\u2500\u2500\u2500\u2534\u2500\u2500\u2500\u2500\u2500\u2500\u2510               \u250c\u2500\u2500\u2500\u2500\u2500\u2500\u2534\u2500\u2500\u2500\u2500\u2500\u2500\u2510                                                            \u250c\u2500\u2500\u2500\u2500\u2500\u2500\u2534\u2500\u2500\u2500\u2500\u2500\u2500\u2510               \u250c\u2500\u2500\u2500\u2500\u2500\u2500\u2534\u2500\u2500\u2500\u2500\u2500\u2500\u2510                              \u250c\u2500\u2500\u2500\u2500\u2500\u2500\u2534\u2500\u2500\u2500\u2500\u2500\u2500\u2510\u250c\u2500\u2500\u2500\u2500\u2500\u2500\u2534\u2500\u2500\u2500\u2500\u2500\u2500\u2510\n\u2502  TABLE_SCAN \u2502\u2502  TABLE_SCAN \u2502\u2502  PROJECTION \u2502               \u2502  HASH_JOIN  \u2502                                                            \u2502  HASH_JOIN  \u2502               \u2502  DELIM_SCAN \u2502                              \u2502  TABLE_SCAN \u2502\u2502  DELIM_SCAN \u2502\n\u2502    \u2500\u2500\u2500\u2500\u2500\u2500   \u2502\u2502    \u2500\u2500\u2500\u2500\u2500\u2500   \u2502\u2502    \u2500\u2500\u2500\u2500\u2500\u2500   \u2502               \u2502    \u2500\u2500\u2500\u2500\u2500\u2500   \u2502                                                            \u2502    \u2500\u2500\u2500\u2500\u2500\u2500   \u2502               \u2502    \u2500\u2500\u2500\u2500\u2500\u2500   \u2502                              \u2502    \u2500\u2500\u2500\u2500\u2500\u2500   \u2502\u2502    \u2500\u2500\u2500\u2500\u2500\u2500   \u2502\n\u2502    Table:   \u2502\u2502    Table:   \u2502\u2502      #0     \u2502               \u2502  Join Type: \u2502                                                            \u2502  Join Type: \u2502               \u2502 Delim Index:\u2502                              \u2502    Table:   \u2502\u2502 Delim Index:\u2502\n\u2502customer_demo\u2502\u2502   customer  \u2502\u2502             \u2502               \u2502    INNER    \u2502                                                            \u2502    INNER    \u2502               \u2502      2      \u2502                              \u2502catalog_sales\u2502\u2502      3      \u2502\n\u2502   graphics  \u2502\u2502             \u2502\u2502             \u2502               \u2502             \u2502                                                            \u2502             \u2502               \u2502             \u2502                              \u2502             \u2502\u2502             \u2502\n\u2502             \u2502\u2502    Type:    \u2502\u2502             \u2502               \u2502 Conditions: \u2502                                                            \u2502 Conditions: \u2502               \u2502             \u2502                              \u2502    Type:    \u2502\u2502             \u2502\n\u2502    Type:    \u2502\u2502  Sequential \u2502\u2502             \u2502               \u2502ss_customer_s\u2502                                                            \u2502ws_sold_date_\u2502               \u2502             \u2502                              \u2502  Sequential \u2502\u2502             \u2502\n\u2502  Sequential \u2502\u2502     Scan    \u2502\u2502             \u2502               \u2502k = c_custome\u2502                                                            \u2502sk = d_date_s\u2502               \u2502             \u2502                              \u2502     Scan    \u2502\u2502             \u2502\n\u2502     Scan    \u2502\u2502             \u2502\u2502             \u2502               \u2502     r_sk    \u2502                                                            \u2502      k      \u2502               \u2502             \u2502                              \u2502             \u2502\u2502             \u2502\n\u2502             \u2502\u2502 Projections:\u2502\u2502             \u2502               \u2502             \u2502                                                            \u2502             \u2502               \u2502             \u2502                              \u2502 Projections:\u2502\u2502             \u2502\n\u2502 Projections:\u2502\u2502c_current_add\u2502\u2502             \u2502               \u2502             \u2502                                                            \u2502             \u2502               \u2502             \u2502                              \u2502cs_ship_custo\u2502\u2502             \u2502\n\u2502  cd_demo_sk \u2502\u2502     r_sk    \u2502\u2502             \u2502               \u2502             \u2502                                                            \u2502             \u2502               \u2502             \u2502                              \u2502    mer_sk   \u2502\u2502             \u2502\n\u2502cd_marital_st\u2502\u2502c_current_cde\u2502\u2502             \u2502               \u2502             \u2502                                                            \u2502             \u2502               \u2502             \u2502                              \u2502cs_sold_date_\u2502\u2502             \u2502\n\u2502     atus    \u2502\u2502    mo_sk    \u2502\u2502             \u2502               \u2502             \u2502                                                            \u2502             \u2502               \u2502             \u2502                              \u2502      sk     \u2502\u2502             \u2502\n\u2502cd_education_\u2502\u2502c_customer_sk\u2502\u2502             \u2502               \u2502             \u2502                                                            \u2502             \u2502               \u2502             \u2502                              \u2502             \u2502\u2502             \u2502\n\u2502    status   \u2502\u2502             \u2502\u2502             \u2502               \u2502             \u2502                                                            \u2502             \u2502               \u2502             \u2502                              \u2502   Filters:  \u2502\u2502             \u2502\n\u2502  cd_gender  \u2502\u2502             \u2502\u2502             \u2502               \u2502             \u2502                                                            \u2502             \u2502               \u2502             \u2502                              \u2502cs_list_price\u2502\u2502             \u2502\n\u2502cd_purchase_e\u2502\u2502             \u2502\u2502             \u2502               \u2502             \u251c\u2500\u2500\u2500\u2500\u2500\u2500\u2500\u2500\u2500\u2500\u2500\u2500\u2500\u2500\u2500\u2500\u2500\u2500\u2500\u2500\u2500\u2500\u2510                                     \u2502             \u251c\u2500\u2500\u2500\u2500\u2500\u2500\u2500\u2510       \u2502             \u2502                              \u2502 >=52.00 AND \u2502\u2502             \u2502\n\u2502   stimate   \u2502\u2502             \u2502\u2502             \u2502               \u2502             \u2502                      \u2502                                     \u2502             \u2502       \u2502       \u2502             \u2502                              \u2502 cs_list_pric\u2502\u2502             \u2502\n\u2502cd_credit_rat\u2502\u2502             \u2502\u2502             \u2502               \u2502             \u2502                      \u2502                                     \u2502             \u2502       \u2502       \u2502             \u2502                              \u2502  e<=141.00  \u2502\u2502             \u2502\n\u2502     ing     \u2502\u2502             \u2502\u2502             \u2502               \u2502             \u2502                      \u2502                                     \u2502             \u2502       \u2502       \u2502             \u2502                              \u2502             \u2502\u2502             \u2502\n\u2502             \u2502\u2502             \u2502\u2502             \u2502               \u2502             \u2502                      \u2502                                     \u2502             \u2502       \u2502       \u2502             \u2502                              \u2502             \u2502\u2502             \u2502\n\u2502   Filters:  \u2502\u2502             \u2502\u2502             \u2502               \u2502             \u2502                      \u2502                                     \u2502             \u2502       \u2502       \u2502             \u2502                              \u2502             \u2502\u2502             \u2502\n\u2502  optional:  \u2502\u2502             \u2502\u2502             \u2502               \u2502             \u2502                      \u2502                                     \u2502             \u2502       \u2502       \u2502             \u2502                              \u2502             \u2502\u2502             \u2502\n\u2502 cd_marital_s\u2502\u2502             \u2502\u2502             \u2502               \u2502             \u2502                      \u2502                                     \u2502             \u2502       \u2502       \u2502             \u2502                              \u2502             \u2502\u2502             \u2502\n\u2502 tatus IN ('D\u2502\u2502             \u2502\u2502             \u2502               \u2502             \u2502                      \u2502                                     \u2502             \u2502       \u2502       \u2502             \u2502                              \u2502             \u2502\u2502             \u2502\n\u2502 ', 'W', 'U')\u2502\u2502             \u2502\u2502             \u2502               \u2502             \u2502                      \u2502                                     \u2502             \u2502       \u2502       \u2502             \u2502                              \u2502             \u2502\u2502             \u2502\n\u2502  optional:  \u2502\u2502             \u2502\u2502             \u2502               \u2502             \u2502                      \u2502                                     \u2502             \u2502       \u2502       \u2502             \u2502                              \u2502             \u2502\u2502             \u2502\n\u2502 cd_education\u2502\u2502             \u2502\u2502             \u2502               \u2502             \u2502                      \u2502                                     \u2502             \u2502       \u2502       \u2502             \u2502                              \u2502             \u2502\u2502             \u2502\n\u2502 _status IN (\u2502\u2502             \u2502\u2502             \u2502               \u2502             \u2502                      \u2502                                     \u2502             \u2502       \u2502       \u2502             \u2502                              \u2502             \u2502\u2502             \u2502\n\u2502 'Primary',  \u2502\u2502             \u2502\u2502             \u2502               \u2502             \u2502                      \u2502                                     \u2502             \u2502       \u2502       \u2502             \u2502                              \u2502             \u2502\u2502             \u2502\n\u2502  'College') \u2502\u2502             \u2502\u2502             \u2502               \u2502             \u2502                      \u2502                                     \u2502             \u2502       \u2502       \u2502             \u2502                              \u2502             \u2502\u2502             \u2502\n\u2502             \u2502\u2502             \u2502\u2502             \u2502               \u2502             \u2502                      \u2502                                     \u2502             \u2502       \u2502       \u2502             \u2502                              \u2502             \u2502\u2502             \u2502\n\u25021,920,78...  \u2502\u2502 499,966 rows\u2502\u2502 26,313 rows \u2502               \u2502  7,352 rows \u2502                      \u2502                                     \u2502 95,331 rows \u2502       \u2502       \u2502    0 rows   \u2502                              \u2502 187,329 rows\u2502\u2502    0 rows   \u2502\n\u2502   (0.01s)   \u2502\u2502   (0.00s)   \u2502\u2502   (0.00s)   \u2502               \u2502   (0.00s)   \u2502                      \u2502                                     \u2502   (0.01s)   \u2502       \u2502       \u2502   (0.00s)   \u2502                              \u2502   (0.00s)   \u2502\u2502   (0.00s)   \u2502\n\u2514\u2500\u2500\u2500\u2500\u2500\u2500\u2500\u2500\u2500\u2500\u2500\u2500\u2500\u2518\u2514\u2500\u2500\u2500\u2500\u2500\u2500\u2500\u2500\u2500\u2500\u2500\u2500\u2500\u2518\u2514\u2500\u2500\u2500\u2500\u2500\u2500\u252c\u2500\u2500\u2500\u2500\u2500\u2500\u2518               \u2514\u2500\u2500\u2500\u2500\u2500\u2500\u252c\u2500\u2500\u2500\u2500\u2500\u2500\u2518                      \u2502                                     \u2514\u2500\u2500\u2500\u2500\u2500\u2500\u252c\u2500\u2500\u2500\u2500\u2500\u2500\u2518       \u2502       \u2514\u2500\u2500\u2500\u2500\u2500\u2500\u2500\u2500\u2500\u2500\u2500\u2500\u2500\u2518                              \u2514\u2500\u2500\u2500\u2500\u2500\u2500\u2500\u2500\u2500\u2500\u2500\u2500\u2500\u2518\u2514\u2500\u2500\u2500\u2500\u2500\u2500\u2500\u2500\u2500\u2500\u2500\u2500\u2500\u2518\n                              \u250c\u2500\u2500\u2500\u2500\u2500\u2500\u2534\u2500\u2500\u2500\u2500\u2500\u2500\u2510               \u250c\u2500\u2500\u2500\u2500\u2500\u2500\u2534\u2500\u2500\u2500\u2500\u2500\u2500\u2510               \u250c\u2500\u2500\u2500\u2500\u2500\u2500\u2534\u2500\u2500\u2500\u2500\u2500\u2500\u2510                              \u250c\u2500\u2500\u2500\u2500\u2500\u2500\u2534\u2500\u2500\u2500\u2500\u2500\u2500\u2510\u250c\u2500\u2500\u2500\u2500\u2500\u2500\u2534\u2500\u2500\u2500\u2500\u2500\u2500\u2510\n                              \u2502    FILTER   \u2502               \u2502  HASH_JOIN  \u2502               \u2502  DELIM_SCAN \u2502                              \u2502  TABLE_SCAN \u2502\u2502    FILTER   \u2502\n                              \u2502    \u2500\u2500\u2500\u2500\u2500\u2500   \u2502               \u2502    \u2500\u2500\u2500\u2500\u2500\u2500   \u2502               \u2502    \u2500\u2500\u2500\u2500\u2500\u2500   \u2502                              \u2502    \u2500\u2500\u2500\u2500\u2500\u2500   \u2502\u2502    \u2500\u2500\u2500\u2500\u2500\u2500   \u2502\n                              \u2502 ((ca_state =\u2502               \u2502  Join Type: \u2502               \u2502 Delim Index:\u2502                              \u2502    Table:   \u2502\u2502  (d_date_sk \u2502\n                              \u2502   'GA') OR  \u2502               \u2502    INNER    \u2502               \u2502      1      \u2502                              \u2502  web_sales  \u2502\u2502    BETWEEN  \u2502\n                              \u2502 (ca_state = \u2502               \u2502             \u2502               \u2502             \u2502                              \u2502             \u2502\u2502  2450816 AND\u2502\n                              \u2502  'KY') OR   \u2502               \u2502 Conditions: \u2502               \u2502             \u2502                              \u2502    Type:    \u2502\u2502   2452642)  \u2502\n                              \u2502 (ca_state = \u2502               \u2502ss_sold_date_\u2502               \u2502             \u2502                              \u2502  Sequential \u2502\u2502             \u2502\n                              \u2502    'SD'))   \u2502               \u2502sk = d_date_s\u2502               \u2502             \u2502                              \u2502     Scan    \u2502\u2502             \u2502\n                              \u2502             \u2502               \u2502      k      \u2502               \u2502             \u2502                              \u2502             \u2502\u2502             \u2502\n                              \u2502             \u2502               \u2502             \u2502               \u2502             \u2502                              \u2502 Projections:\u2502\u2502             \u2502\n                              \u2502             \u2502               \u2502             \u2502               \u2502             \u2502                              \u2502ws_bill_custo\u2502\u2502             \u2502\n                              \u2502             \u2502               \u2502             \u251c\u2500\u2500\u2500\u2500\u2500\u2500\u2500\u2510       \u2502             \u2502                              \u2502    mer_sk   \u2502\u2502             \u2502\n                              \u2502             \u2502               \u2502             \u2502       \u2502       \u2502             \u2502                              \u2502ws_sold_date_\u2502\u2502             \u2502\n                              \u2502             \u2502               \u2502             \u2502       \u2502       \u2502             \u2502                              \u2502      sk     \u2502\u2502             \u2502\n                              \u2502             \u2502               \u2502             \u2502       \u2502       \u2502             \u2502                              \u2502             \u2502\u2502             \u2502\n                              \u2502             \u2502               \u2502             \u2502       \u2502       \u2502             \u2502                              \u2502   Filters:  \u2502\u2502             \u2502\n                              \u2502             \u2502               \u2502             \u2502       \u2502       \u2502             \u2502                              \u2502ws_list_price\u2502\u2502             \u2502\n                              \u2502             \u2502               \u2502             \u2502       \u2502       \u2502             \u2502                              \u2502 >=52.00 AND \u2502\u2502             \u2502\n                              \u2502             \u2502               \u2502             \u2502       \u2502       \u2502             \u2502                              \u2502 ws_list_pric\u2502\u2502             \u2502\n                              \u2502             \u2502               \u2502             \u2502       \u2502       \u2502             \u2502                              \u2502  e<=141.00  \u2502\u2502             \u2502\n                              \u2502             \u2502               \u2502             \u2502       \u2502       \u2502             \u2502                              \u2502             \u2502\u2502             \u2502\n                              \u2502 26,313 rows \u2502               \u2502 419,429 rows\u2502       \u2502       \u2502    0 rows   \u2502                              \u2502 95,331 rows \u2502\u2502   92 rows   \u2502\n                              \u2502   (0.00s)   \u2502               \u2502   (0.03s)   \u2502       \u2502       \u2502   (0.00s)   \u2502                              \u2502   (0.04s)   \u2502\u2502   (0.00s)   \u2502\n                              \u2514\u2500\u2500\u2500\u2500\u2500\u2500\u252c\u2500\u2500\u2500\u2500\u2500\u2500\u2518               \u2514\u2500\u2500\u2500\u2500\u2500\u2500\u252c\u2500\u2500\u2500\u2500\u2500\u2500\u2518       \u2502       \u2514\u2500\u2500\u2500\u2500\u2500\u2500\u2500\u2500\u2500\u2500\u2500\u2500\u2500\u2518                              \u2514\u2500\u2500\u2500\u2500\u2500\u2500\u2500\u2500\u2500\u2500\u2500\u2500\u2500\u2518\u2514\u2500\u2500\u2500\u2500\u2500\u2500\u252c\u2500\u2500\u2500\u2500\u2500\u2500\u2518\n                              \u250c\u2500\u2500\u2500\u2500\u2500\u2500\u2534\u2500\u2500\u2500\u2500\u2500\u2500\u2510               \u250c\u2500\u2500\u2500\u2500\u2500\u2500\u2534\u2500\u2500\u2500\u2500\u2500\u2500\u2510\u250c\u2500\u2500\u2500\u2500\u2500\u2500\u2534\u2500\u2500\u2500\u2500\u2500\u2500\u2510                                                            \u250c\u2500\u2500\u2500\u2500\u2500\u2500\u2534\u2500\u2500\u2500\u2500\u2500\u2500\u2510\n                              \u2502  TABLE_SCAN \u2502               \u2502  TABLE_SCAN \u2502\u2502    FILTER   \u2502                                                            \u2502  TABLE_SCAN \u2502\n                              \u2502    \u2500\u2500\u2500\u2500\u2500\u2500   \u2502               \u2502    \u2500\u2500\u2500\u2500\u2500\u2500   \u2502\u2502    \u2500\u2500\u2500\u2500\u2500\u2500   \u2502                                                            \u2502    \u2500\u2500\u2500\u2500\u2500\u2500   \u2502\n                              \u2502    Table:   \u2502               \u2502    Table:   \u2502\u2502  (d_date_sk \u2502                                                            \u2502    Table:   \u2502\n                              \u2502customer_addr\u2502               \u2502 store_sales \u2502\u2502    BETWEEN  \u2502                                                            \u2502   date_dim  \u2502\n                              \u2502     ess     \u2502               \u2502             \u2502\u2502  2450816 AND\u2502                                                            \u2502             \u2502\n                              \u2502             \u2502               \u2502    Type:    \u2502\u2502   2452642)  \u2502                                                            \u2502    Type:    \u2502\n                              \u2502    Type:    \u2502               \u2502  Sequential \u2502\u2502             \u2502                                                            \u2502  Sequential \u2502\n                              \u2502  Sequential \u2502               \u2502     Scan    \u2502\u2502             \u2502                                                            \u2502     Scan    \u2502\n                              \u2502     Scan    \u2502               \u2502             \u2502\u2502             \u2502                                                            \u2502             \u2502\n                              \u2502             \u2502               \u2502 Projections:\u2502\u2502             \u2502                                                            \u2502 Projections:\u2502\n                              \u2502 Projections:\u2502               \u2502ss_customer_s\u2502\u2502             \u2502                                                            \u2502  d_date_sk  \u2502\n                              \u2502ca_address_sk\u2502               \u2502      k      \u2502\u2502             \u2502                                                            \u2502             \u2502\n                              \u2502   ca_state  \u2502               \u2502ss_sold_date_\u2502\u2502             \u2502                                                            \u2502   Filters:  \u2502\n                              \u2502             \u2502               \u2502      sk     \u2502\u2502             \u2502                                                            \u2502 d_year=1999 \u2502\n                              \u2502   Filters:  \u2502               \u2502             \u2502\u2502             \u2502                                                            \u2502 d_moy>=3 AND\u2502\n                              \u2502  optional:  \u2502               \u2502   Filters:  \u2502\u2502             \u2502                                                            \u2502   d_moy<=5  \u2502\n                              \u2502  ca_state IN\u2502               \u2502ss_list_price\u2502\u2502             \u2502                                                            \u2502             \u2502\n                              \u2502  ('GA', 'KY'\u2502               \u2502 >=52.00 AND \u2502\u2502             \u2502                                                            \u2502             \u2502\n                              \u2502   , 'SD')   \u2502               \u2502 ss_list_pric\u2502\u2502             \u2502                                                            \u2502             \u2502\n                              \u2502             \u2502               \u2502  e<=141.00  \u2502\u2502             \u2502                                                            \u2502             \u2502\n                              \u2502             \u2502               \u2502             \u2502\u2502             \u2502                                                            \u2502             \u2502\n                              \u2502 250,000 rows\u2502               \u2502 419,429 rows\u2502\u2502   92 rows   \u2502                                                            \u2502   92 rows   \u2502\n                              \u2502   (0.00s)   \u2502               \u2502   (0.21s)   \u2502\u2502   (0.00s)   \u2502                                                            \u2502   (0.00s)   \u2502\n                              \u2514\u2500\u2500\u2500\u2500\u2500\u2500\u2500\u2500\u2500\u2500\u2500\u2500\u2500\u2518               \u2514\u2500\u2500\u2500\u2500\u2500\u2500\u2500\u2500\u2500\u2500\u2500\u2500\u2500\u2518\u2514\u2500\u2500\u2500\u2500\u2500\u2500\u252c\u2500\u2500\u2500\u2500\u2500\u2500\u2518                                                            \u2514\u2500\u2500\u2500\u2500\u2500\u2500\u2500\u2500\u2500\u2500\u2500\u2500\u2500\u2518\n                                                                           \u250c\u2500\u2500\u2500\u2500\u2500\u2500\u2534\u2500\u2500\u2500\u2500\u2500\u2500\u2510\n                                                                           \u2502  TABLE_SCAN \u2502\n                                                                           \u2502    \u2500\u2500\u2500\u2500\u2500\u2500   \u2502\n                                                                           \u2502    Table:   \u2502\n                                                                           \u2502   date_dim  \u2502\n                                                                           \u2502             \u2502\n                                                                           \u2502    Type:    \u2502\n                                                                           \u2502  Sequential \u2502\n                                                                           \u2502     Scan    \u2502\n                                                                           \u2502             \u2502\n                                                                           \u2502 Projections:\u2502\n                                                                           \u2502  d_date_sk  \u2502\n                                                                           \u2502             \u2502\n                                                                           \u2502   Filters:  \u2502\n                                                                           \u2502 d_year=1999 \u2502\n                                                                           \u2502 d_moy>=3 AND\u2502\n                                                                           \u2502   d_moy<=5  \u2502\n                                                                           \u2502             \u2502\n                                                                           \u2502   92 rows   \u2502\n                                                                           \u2502   (0.00s)   \u2502\n                                                                           \u2514\u2500\u2500\u2500\u2500\u2500\u2500\u2500\u2500\u2500\u2500\u2500\u2500\u2500\u2518\n",
  "plan_json": {
    "total_bytes_written": 0,
    "total_bytes_read": 0,
    "rows_returned": 0,
    "latency": 0.0,
    "result_set_size": 0,
    "query_name": "",
    "blocked_thread_time": 0.0,
    "system_peak_buffer_memory": 0,
    "system_peak_temp_dir_size": 0,
    "cpu_time": 0.0,
    "extra_info": {},
    "cumulative_cardinality": 0,
    "cumulative_rows_scanned": 0,
    "children": [
      {
        "total_bytes_written": 0,
        "total_bytes_read": 0,
        "result_set_size": 0,
        "operator_name": "EXPLAIN_ANALYZE",
        "cpu_time": 0.0,
        "extra_info": {},
        "cumulative_cardinality": 0,
        "operator_type": "EXPLAIN_ANALYZE",
        "operator_cardinality": 0,
        "cumulative_rows_scanned": 0,
        "operator_rows_scanned": 0,
        "operator_timing": 4.02e-07,
        "children": [
          {
            "total_bytes_written": 0,
            "total_bytes_read": 0,
            "result_set_size": 9200,
            "operator_name": "TOP_N",
            "cpu_time": 0.0,
            "extra_info": {
              "Top": "100",
              "Order By": [
                "tpcds_sf10_2.main.customer_demographics.cd_gender ASC",
                "tpcds_sf10_2.main.customer_demographics.cd_marital_status ASC",
                "tpcds_sf10_2.main.customer_demographics.cd_education_status ASC",
                "tpcds_sf10_2.main.customer_demographics.cd_purchase_estimate ASC",
                "tpcds_sf10_2.main.customer_demographics.cd_credit_rating ASC"
              ]
            },
            "cumulative_cardinality": 0,
            "operator_type": "TOP_N",
            "operator_cardinality": 100,
            "cumulative_rows_scanned": 0,
            "operator_rows_scanned": 0,
            "operator_timing": 0.00019926799999999998,
            "children": [
              {
                "total_bytes_written": 0,
                "total_bytes_read": 0,
                "result_set_size": 57592,
                "operator_name": "PROJECTION",
                "cpu_time": 0.0,
                "extra_info": {
                  "Projections": [
                    "cd_gender",
                    "cd_marital_status",
                    "cd_education_status",
                    "cnt1",
                    "cd_purchase_estimate",
                    "cnt2",
                    "cd_credit_rating",
                    "cnt3"
                  ],
                  "Estimated Cardinality": "131"
                },
                "cumulative_cardinality": 0,
                "operator_type": "PROJECTION",
                "operator_cardinality": 626,
                "cumulative_rows_scanned": 0,
                "operator_rows_scanned": 0,
                "operator_timing": 3.8069999999999997e-06,
                "children": [
                  {
                    "total_bytes_written": 0,
                    "total_bytes_read": 0,
                    "result_set_size": 47576,
                    "operator_name": "PROJECTION",
                    "cpu_time": 0.0,
                    "extra_info": {
                      "Projections": [
                        "__internal_decompress_string(#0)",
                        "__internal_decompress_string(#1)",
                        "__internal_decompress_string(#2)",
                        "__internal_decompress_integral_integer(#3, 500)",
                        "__internal_decompress_string(#4)",
                        "#5"
                      ],
                      "Estimated Cardinality": "131"
                    },
                    "cumulative_cardinality": 0,
                    "operator_type": "PROJECTION",
                    "operator_cardinality": 626,
                    "cumulative_rows_scanned": 0,
                    "operator_rows_scanned": 0,
                    "operator_timing": 4.6767e-05,
                    "children": [
                      {
                        "total_bytes_written": 0,
                        "total_bytes_read": 0,
                        "result_set_size": 27544,
                        "operator_name": "HASH_GROUP_BY",
                        "cpu_time": 0.0,
                        "extra_info": {
                          "Groups": [
                            "#0",
                            "#1",
                            "#2",
                            "#3",
                            "#4"
                          ],
                          "Aggregates": "count_star()",
                          "Estimated Cardinality": "131"
                        },
                        "cumulative_cardinality": 0,
                        "operator_type": "HASH_GROUP_BY",
                        "operator_cardinality": 626,
                        "cumulative_rows_scanned": 0,
                        "operator_rows_scanned": 0,
                        "operator_timing": 0.001289088,
                        "children": [
                          {
                            "total_bytes_written": 0,
                            "total_bytes_read": 0,
                            "result_set_size": 36828,
                            "operator_name": "PROJECTION",
                            "cpu_time": 0.0,
                            "extra_info": {
                              "Projections": [
                                "cd_gender",
                                "cd_marital_status",
                                "cd_education_status",
                                "cd_purchase_estimate",
                                "cd_credit_rating"
                              ],
                              "Estimated Cardinality": "131"
                            },
                            "cumulative_cardinality": 0,
                            "operator_type": "PROJECTION",
                            "operator_cardinality": 1023,
                            "cumulative_rows_scanned": 0,
                            "operator_rows_scanned": 0,
                            "operator_timing": 1.342e-06,
                            "children": [
                              {
                                "total_bytes_written": 0,
                                "total_bytes_read": 0,
                                "result_set_size": 36828,
                                "operator_name": "PROJECTION",
                                "cpu_time": 0.0,
                                "extra_info": {
                                  "Projections": [
                                    "__internal_compress_string_utinyint(#0)",
                                    "__internal_compress_string_uhugeint(#1)",
                                    "__internal_compress_string_utinyint(#2)",
                                    "__internal_compress_integral_usmallint(#3, 500)",
                                    "__internal_compress_string_uhugeint(#4)"
                                  ],
                                  "Estimated Cardinality": "131"
                                },
                                "cumulative_cardinality": 0,
                                "operator_type": "PROJECTION",
                                "operator_cardinality": 1023,
                                "cumulative_rows_scanned": 0,
                                "operator_rows_scanned": 0,
                                "operator_timing": 3.6938e-05,
                                "children": [
                                  {
                                    "total_bytes_written": 0,
                                    "total_bytes_read": 0,
                                    "result_set_size": 0,
                                    "operator_name": "LEFT_DELIM_JOIN",
                                    "cpu_time": 0.0,
                                    "extra_info": {
                                      "Join Type": "ANTI",
                                      "Conditions": "c_customer_sk IS NOT DISTINCT FROM c_customer_sk",
                                      "Estimated Cardinality": "131",
                                      "Delim Index": "3"
                                    },
                                    "cumulative_cardinality": 0,
                                    "operator_type": "LEFT_DELIM_JOIN",
                                    "operator_cardinality": 0,
                                    "cumulative_rows_scanned": 0,
                                    "operator_rows_scanned": 0,
                                    "operator_timing": 0.000545777,
                                    "children": [
                                      {
                                        "total_bytes_written": 0,
                                        "total_bytes_read": 0,
                                        "result_set_size": 0,
                                        "operator_name": "LEFT_DELIM_JOIN",
                                        "cpu_time": 0.0,
                                        "extra_info": {
                                          "Join Type": "ANTI",
                                          "Conditions": "c_customer_sk IS NOT DISTINCT FROM c_customer_sk",
                                          "Estimated Cardinality": "657",
                                          "Delim Index": "2"
                                        },
                                        "cumulative_cardinality": 0,
                                        "operator_type": "LEFT_DELIM_JOIN",
                                        "operator_cardinality": 0,
                                        "cumulative_rows_scanned": 0,
                                        "operator_rows_scanned": 0,
                                        "operator_timing": 0.001278786,
                                        "children": [
                                          {
                                            "total_bytes_written": 0,
                                            "total_bytes_read": 0,
                                            "result_set_size": 0,
                                            "operator_name": "LEFT_DELIM_JOIN",
                                            "cpu_time": 0.0,
                                            "extra_info": {
                                              "Join Type": "SEMI",
                                              "Conditions": "c_customer_sk IS NOT DISTINCT FROM c_customer_sk",
                                              "Estimated Cardinality": "3285",
                                              "Delim Index": "1"
                                            },
                                            "cumulative_cardinality": 0,
                                            "operator_type": "LEFT_DELIM_JOIN",
                                            "operator_cardinality": 0,
                                            "cumulative_rows_scanned": 0,
                                            "operator_rows_scanned": 0,
                                            "operator_timing": 0.002121931,
                                            "children": [
                                              {
                                                "total_bytes_written": 0,
                                                "total_bytes_read": 0,
                                                "result_set_size": 640008,
                                                "operator_name": "HASH_JOIN",
                                                "cpu_time": 0.0,
                                                "extra_info": {
                                                  "Join Type": "INNER",
                                                  "Conditions": "cd_demo_sk = c_current_cdemo_sk",
                                                  "Estimated Cardinality": "16425"
                                                },
                                                "cumulative_cardinality": 0,
                                                "operator_type": "HASH_JOIN",
                                                "operator_cardinality": 8889,
                                                "cumulative_rows_scanned": 0,
                                                "operator_rows_scanned": 0,
                                                "operator_timing": 0.009787154999999999,
                                                "children": [
                                                  {
                                                    "total_bytes_written": 0,
                                                    "total_bytes_read": 0,
                                                    "result_set_size": 23708160,
                                                    "operator_name": "FILTER",
                                                    "cpu_time": 0.0,
                                                    "extra_info": {
                                                      "Expression": "((cd_demo_sk BETWEEN 4 AND 1920791) AND ((cd_education_status = 'Primary') OR (cd_education_status = 'College')) AND ((cd_marital_status = 'D') OR (cd_marital_status = 'W') OR (cd_marital_status = 'U')))",
                                                      "Estimated Cardinality": "1920800"
                                                    },
                                                    "cumulative_cardinality": 0,
                                                    "operator_type": "FILTER",
                                                    "operator_cardinality": 329280,
                                                    "cumulative_rows_scanned": 0,
                                                    "operator_rows_scanned": 0,
                                                    "operator_timing": 0.025761754999999997,
                                                    "children": [
                                                      {
                                                        "total_bytes_written": 0,
                                                        "total_bytes_read": 0,
                                                        "result_set_size": 138296520,
                                                        "operator_name": "SEQ_SCAN ",
                                                        "cpu_time": 0.0,
                                                        "extra_info": {
                                                          "Table": "customer_demographics",
                                                          "Type": "Sequential Scan",
                                                          "Projections": [
                                                            "cd_demo_sk",
                                                            "cd_marital_status",
                                                            "cd_education_status",
                                                            "cd_gender",
                                                            "cd_purchase_estimate",
                                                            "cd_credit_rating"
                                                          ],
                                                          "Filters": [
                                                            "optional: cd_marital_status IN ('D', 'W', 'U')",
                                                            "optional: cd_education_status IN ('Primary', 'College')"
                                                          ],
                                                          "Estimated Cardinality": "1920800"
                                                        },
                                                        "cumulative_cardinality": 0,
                                                        "operator_type": "TABLE_SCAN",
                                                        "operator_cardinality": 1920785,
                                                        "cumulative_rows_scanned": 0,
                                                        "operator_rows_scanned": 30732800,
                                                        "operator_timing": 0.005934212999999999,
                                                        "children": []
                                                      }
                                                    ]
                                                  },
                                                  {
                                                    "total_bytes_written": 0,
                                                    "total_bytes_read": 0,
                                                    "result_set_size": 634548,
                                                    "operator_name": "HASH_JOIN",
                                                    "cpu_time": 0.0,
                                                    "extra_info": {
                                                      "Join Type": "INNER",
                                                      "Conditions": "c_current_addr_sk = ca_address_sk",
                                                      "Estimated Cardinality": "82127"
                                                    },
                                                    "cumulative_cardinality": 0,
                                                    "operator_type": "HASH_JOIN",
                                                    "operator_cardinality": 52879,
                                                    "cumulative_rows_scanned": 0,
                                                    "operator_rows_scanned": 0,
                                                    "operator_timing": 0.0013251940000000002,
                                                    "children": [
                                                      {
                                                        "total_bytes_written": 0,
                                                        "total_bytes_read": 0,
                                                        "result_set_size": 5999592,
                                                        "operator_name": "SEQ_SCAN ",
                                                        "cpu_time": 0.0,
                                                        "extra_info": {
                                                          "Table": "customer",
                                                          "Type": "Sequential Scan",
                                                          "Projections": [
                                                            "c_current_addr_sk",
                                                            "c_current_cdemo_sk",
                                                            "c_customer_sk"
                                                          ],
                                                          "Estimated Cardinality": "500000"
                                                        },
                                                        "cumulative_cardinality": 0,
                                                        "operator_type": "TABLE_SCAN",
                                                        "operator_cardinality": 499966,
                                                        "cumulative_rows_scanned": 0,
                                                        "operator_rows_scanned": 2500000,
                                                        "operator_timing": 0.001101114,
                                                        "children": []
                                                      },
                                                      {
                                                        "total_bytes_written": 0,
                                                        "total_bytes_read": 0,
                                                        "result_set_size": 105252,
                                                        "operator_name": "PROJECTION",
                                                        "cpu_time": 0.0,
                                                        "extra_info": {
                                                          "Projections": "#0",
                                                          "Estimated Cardinality": "50000"
                                                        },
                                                        "cumulative_cardinality": 0,
                                                        "operator_type": "PROJECTION",
                                                        "operator_cardinality": 26313,
                                                        "cumulative_rows_scanned": 0,
                                                        "operator_rows_scanned": 0,
                                                        "operator_timing": 8.147000000000002e-06,
                                                        "children": [
                                                          {
                                                            "total_bytes_written": 0,
                                                            "total_bytes_read": 0,
                                                            "result_set_size": 526260,
                                                            "operator_name": "FILTER",
                                                            "cpu_time": 0.0,
                                                            "extra_info": {
                                                              "Expression": "((ca_state = 'GA') OR (ca_state = 'KY') OR (ca_state = 'SD'))",
                                                              "Estimated Cardinality": "50000"
                                                            },
                                                            "cumulative_cardinality": 0,
                                                            "operator_type": "FILTER",
                                                            "operator_cardinality": 26313,
                                                            "cumulative_rows_scanned": 0,
                                                            "operator_rows_scanned": 0,
                                                            "operator_timing": 0.0014609669999999996,
                                                            "children": [
                                                              {
                                                                "total_bytes_written": 0,
                                                                "total_bytes_read": 0,
                                                                "result_set_size": 5000000,
                                                                "operator_name": "SEQ_SCAN ",
                                                                "cpu_time": 0.0,
                                                                "extra_info": {
                                                                  "Table": "customer_address",
                                                                  "Type": "Sequential Scan",
                                                                  "Projections": [
                                                                    "ca_address_sk",
                                                                    "ca_state"
                                                                  ],
                                                                  "Filters": "optional: ca_state IN ('GA', 'KY', 'SD')",
                                                                  "Estimated Cardinality": "250000"
                                                                },
                                                                "cumulative_cardinality": 0,
                                                                "operator_type": "TABLE_SCAN",
                                                                "operator_cardinality": 250000,
                                                                "cumulative_rows_scanned": 0,
                                                                "operator_rows_scanned": 750000,
                                                                "operator_timing": 0.000976961,
                                                                "children": []
                                                              }
                                                            ]
                                                          }
                                                        ]
                                                      }
                                                    ]
                                                  }
                                                ]
                                              },
                                              {
                                                "total_bytes_written": 0,
                                                "total_bytes_read": 0,
                                                "result_set_size": 81792,
                                                "operator_name": "HASH_JOIN",
                                                "cpu_time": 0.0,
                                                "extra_info": {
                                                  "Join Type": "SEMI",
                                                  "Conditions": "c_customer_sk IS NOT DISTINCT FROM c_customer_sk",
                                                  "Estimated Cardinality": "3285"
                                                },
                                                "cumulative_cardinality": 0,
                                                "operator_type": "HASH_JOIN",
                                                "operator_cardinality": 1136,
                                                "cumulative_rows_scanned": 0,
                                                "operator_rows_scanned": 0,
                                                "operator_timing": 0.0032069489999999993,
                                                "children": [
                                                  {
                                                    "total_bytes_written": 0,
                                                    "total_bytes_read": 0,
                                                    "result_set_size": 640008,
                                                    "operator_name": "COLUMN_DATA_SCAN",
                                                    "cpu_time": 0.0,
                                                    "extra_info": {
                                                      "Estimated Cardinality": "3285"
                                                    },
                                                    "cumulative_cardinality": 0,
                                                    "operator_type": "COLUMN_DATA_SCAN",
                                                    "operator_cardinality": 8889,
                                                    "cumulative_rows_scanned": 0,
                                                    "operator_rows_scanned": 0,
                                                    "operator_timing": 7.4225e-05,
                                                    "children": []
                                                  },
                                                  {
                                                    "total_bytes_written": 0,
                                                    "total_bytes_read": 0,
                                                    "result_set_size": 29408,
                                                    "operator_name": "PROJECTION",
                                                    "cpu_time": 0.0,
                                                    "extra_info": {
                                                      "Projections": "c_customer_sk",
                                                      "Estimated Cardinality": "1935"
                                                    },
                                                    "cumulative_cardinality": 0,
                                                    "operator_type": "PROJECTION",
                                                    "operator_cardinality": 7352,
                                                    "cumulative_rows_scanned": 0,
                                                    "operator_rows_scanned": 0,
                                                    "operator_timing": 2.7348e-05,
                                                    "children": [
                                                      {
                                                        "total_bytes_written": 0,
                                                        "total_bytes_read": 0,
                                                        "result_set_size": 58816,
                                                        "operator_name": "HASH_JOIN",
                                                        "cpu_time": 0.0,
                                                        "extra_info": {
                                                          "Join Type": "INNER",
                                                          "Conditions": "ss_customer_sk = c_customer_sk",
                                                          "Estimated Cardinality": "1935"
                                                        },
                                                        "cumulative_cardinality": 0,
                                                        "operator_type": "HASH_JOIN",
                                                        "operator_cardinality": 7352,
                                                        "cumulative_rows_scanned": 0,
                                                        "operator_rows_scanned": 0,
                                                        "operator_timing": 0.002158251,
                                                        "children": [
                                                          {
                                                            "total_bytes_written": 0,
                                                            "total_bytes_read": 0,
                                                            "result_set_size": 3355432,
                                                            "operator_name": "HASH_JOIN",
                                                            "cpu_time": 0.0,
                                                            "extra_info": {
                                                              "Join Type": "INNER",
                                                              "Conditions": "ss_sold_date_sk = d_date_sk",
                                                              "Estimated Cardinality": "46129"
                                                            },
                                                            "cumulative_cardinality": 0,
                                                            "operator_type": "HASH_JOIN",
                                                            "operator_cardinality": 419429,
                                                            "cumulative_rows_scanned": 0,
                                                            "operator_rows_scanned": 0,
                                                            "operator_timing": 0.030902590000000004,
                                                            "children": [
                                                              {
                                                                "total_bytes_written": 0,
                                                                "total_bytes_read": 0,
                                                                "result_set_size": 3355432,
                                                                "operator_name": "SEQ_SCAN ",
                                                                "cpu_time": 0.0,
                                                                "extra_info": {
                                                                  "Table": "store_sales",
                                                                  "Type": "Sequential Scan",
                                                                  "Projections": [
                                                                    "ss_customer_sk",
                                                                    "ss_sold_date_sk"
                                                                  ],
                                                                  "Filters": "ss_list_price>=52.00 AND ss_list_price<=141.00",
                                                                  "Estimated Cardinality": "5760198"
                                                                },
                                                                "cumulative_cardinality": 0,
                                                                "operator_type": "TABLE_SCAN",
                                                                "operator_cardinality": 419429,
                                                                "cumulative_rows_scanned": 0,
                                                                "operator_rows_scanned": 806427748,
                                                                "operator_timing": 0.216981186,
                                                                "children": []
                                                              },
                                                              {
                                                                "total_bytes_written": 0,
                                                                "total_bytes_read": 0,
                                                                "result_set_size": 368,
                                                                "operator_name": "FILTER",
                                                                "cpu_time": 0.0,
                                                                "extra_info": {
                                                                  "Expression": "(d_date_sk BETWEEN 2450816 AND 2452642)",
                                                                  "Estimated Cardinality": "585"
                                                                },
                                                                "cumulative_cardinality": 0,
                                                                "operator_type": "FILTER",
                                                                "operator_cardinality": 92,
                                                                "cumulative_rows_scanned": 0,
                                                                "operator_rows_scanned": 0,
                                                                "operator_timing": 8.165e-06,
                                                                "children": [
                                                                  {
                                                                    "total_bytes_written": 0,
                                                                    "total_bytes_read": 0,
                                                                    "result_set_size": 368,
                                                                    "operator_name": "SEQ_SCAN ",
                                                                    "cpu_time": 0.0,
                                                                    "extra_info": {
                                                                      "Table": "date_dim",
                                                                      "Type": "Sequential Scan",
                                                                      "Projections": "d_date_sk",
                                                                      "Filters": [
                                                                        "d_year=1999",
                                                                        "d_moy>=3 AND d_moy<=5"
                                                                      ],
                                                                      "Estimated Cardinality": "585"
                                                                    },
                                                                    "cumulative_cardinality": 0,
                                                                    "operator_type": "TABLE_SCAN",
                                                                    "operator_cardinality": 92,
                                                                    "cumulative_rows_scanned": 0,
                                                                    "operator_rows_scanned": 73049,
                                                                    "operator_timing": 4.3617e-05,
                                                                    "children": []
                                                                  }
                                                                ]
                                                              }
                                                            ]
                                                          },
                                                          {
                                                            "total_bytes_written": 0,
                                                            "total_bytes_read": 0,
                                                            "result_set_size": 0,
                                                            "operator_name": "DELIM_SCAN",
                                                            "cpu_time": 0.0,
                                                            "extra_info": {
                                                              "Delim Index": "1",
                                                              "Estimated Cardinality": "16158"
                                                            },
                                                            "cumulative_cardinality": 0,
                                                            "operator_type": "DELIM_SCAN",
                                                            "operator_cardinality": 0,
                                                            "cumulative_rows_scanned": 0,
                                                            "operator_rows_scanned": 0,
                                                            "operator_timing": 0.0,
                                                            "children": []
                                                          }
                                                        ]
                                                      }
                                                    ]
                                                  }
                                                ]
                                              },
                                              {
                                                "total_bytes_written": 0,
                                                "total_bytes_read": 0,
                                                "result_set_size": 35556,
                                                "operator_name": "HASH_GROUP_BY",
                                                "cpu_time": 0.0,
                                                "extra_info": {
                                                  "Groups": "#5",
                                                  "Aggregates": "",
                                                  "Estimated Cardinality": "16158"
                                                },
                                                "cumulative_cardinality": 0,
                                                "operator_type": "HASH_GROUP_BY",
                                                "operator_cardinality": 8889,
                                                "cumulative_rows_scanned": 0,
                                                "operator_rows_scanned": 0,
                                                "operator_timing": 0.0028391889999999998,
                                                "children": []
                                              }
                                            ]
                                          },
                                          {
                                            "total_bytes_written": 0,
                                            "total_bytes_read": 0,
                                            "result_set_size": 79992,
                                            "operator_name": "HASH_JOIN",
                                            "cpu_time": 0.0,
                                            "extra_info": {
                                              "Join Type": "ANTI",
                                              "Conditions": "c_customer_sk IS NOT DISTINCT FROM c_customer_sk",
                                              "Estimated Cardinality": "657"
                                            },
                                            "cumulative_cardinality": 0,
                                            "operator_type": "HASH_JOIN",
                                            "operator_cardinality": 1111,
                                            "cumulative_rows_scanned": 0,
                                            "operator_rows_scanned": 0,
                                            "operator_timing": 0.000560262,
                                            "children": [
                                              {
                                                "total_bytes_written": 0,
                                                "total_bytes_read": 0,
                                                "result_set_size": 81792,
                                                "operator_name": "COLUMN_DATA_SCAN",
                                                "cpu_time": 0.0,
                                                "extra_info": {
                                                  "Estimated Cardinality": "657"
                                                },
                                                "cumulative_cardinality": 0,
                                                "operator_type": "COLUMN_DATA_SCAN",
                                                "operator_cardinality": 1136,
                                                "cumulative_rows_scanned": 0,
                                                "operator_rows_scanned": 0,
                                                "operator_timing": 2.6491e-05,
                                                "children": []
                                              },
                                              {
                                                "total_bytes_written": 0,
                                                "total_bytes_read": 0,
                                                "result_set_size": 532,
                                                "operator_name": "PROJECTION",
                                                "cpu_time": 0.0,
                                                "extra_info": {
                                                  "Projections": "c_customer_sk",
                                                  "Estimated Cardinality": "123"
                                                },
                                                "cumulative_cardinality": 0,
                                                "operator_type": "PROJECTION",
                                                "operator_cardinality": 133,
                                                "cumulative_rows_scanned": 0,
                                                "operator_rows_scanned": 0,
                                                "operator_timing": 7.419e-06,
                                                "children": [
                                                  {
                                                    "total_bytes_written": 0,
                                                    "total_bytes_read": 0,
                                                    "result_set_size": 1064,
                                                    "operator_name": "HASH_JOIN",
                                                    "cpu_time": 0.0,
                                                    "extra_info": {
                                                      "Join Type": "INNER",
                                                      "Conditions": "ws_bill_customer_sk = c_customer_sk",
                                                      "Estimated Cardinality": "123"
                                                    },
                                                    "cumulative_cardinality": 0,
                                                    "operator_type": "HASH_JOIN",
                                                    "operator_cardinality": 133,
                                                    "cumulative_rows_scanned": 0,
                                                    "operator_rows_scanned": 0,
                                                    "operator_timing": 0.0008366830000000001,
                                                    "children": [
                                                      {
                                                        "total_bytes_written": 0,
                                                        "total_bytes_read": 0,
                                                        "result_set_size": 762648,
                                                        "operator_name": "HASH_JOIN",
                                                        "cpu_time": 0.0,
                                                        "extra_info": {
                                                          "Join Type": "INNER",
                                                          "Conditions": "ws_sold_date_sk = d_date_sk",
                                                          "Estimated Cardinality": "11528"
                                                        },
                                                        "cumulative_cardinality": 0,
                                                        "operator_type": "HASH_JOIN",
                                                        "operator_cardinality": 95331,
                                                        "cumulative_rows_scanned": 0,
                                                        "operator_rows_scanned": 0,
                                                        "operator_timing": 0.009333979999999997,
                                                        "children": [
                                                          {
                                                            "total_bytes_written": 0,
                                                            "total_bytes_read": 0,
                                                            "result_set_size": 762648,
                                                            "operator_name": "SEQ_SCAN ",
                                                            "cpu_time": 0.0,
                                                            "extra_info": {
                                                              "Table": "web_sales",
                                                              "Type": "Sequential Scan",
                                                              "Projections": [
                                                                "ws_bill_customer_sk",
                                                                "ws_sold_date_sk"
                                                              ],
                                                              "Filters": "ws_list_price>=52.00 AND ws_list_price<=141.00",
                                                              "Estimated Cardinality": "1439513"
                                                            },
                                                            "cumulative_cardinality": 0,
                                                            "operator_type": "TABLE_SCAN",
                                                            "operator_cardinality": 95331,
                                                            "cumulative_rows_scanned": 0,
                                                            "operator_rows_scanned": 201531848,
                                                            "operator_timing": 0.051564215,
                                                            "children": []
                                                          },
                                                          {
                                                            "total_bytes_written": 0,
                                                            "total_bytes_read": 0,
                                                            "result_set_size": 368,
                                                            "operator_name": "FILTER",
                                                            "cpu_time": 0.0,
                                                            "extra_info": {
                                                              "Expression": "(d_date_sk BETWEEN 2450816 AND 2452642)",
                                                              "Estimated Cardinality": "585"
                                                            },
                                                            "cumulative_cardinality": 0,
                                                            "operator_type": "FILTER",
                                                            "operator_cardinality": 92,
                                                            "cumulative_rows_scanned": 0,
                                                            "operator_rows_scanned": 0,
                                                            "operator_timing": 6.2350000000000004e-06,
                                                            "children": [
                                                              {
                                                                "total_bytes_written": 0,
                                                                "total_bytes_read": 0,
                                                                "result_set_size": 368,
                                                                "operator_name": "SEQ_SCAN ",
                                                                "cpu_time": 0.0,
                                                                "extra_info": {
                                                                  "Table": "date_dim",
                                                                  "Type": "Sequential Scan",
                                                                  "Projections": "d_date_sk",
                                                                  "Filters": [
                                                                    "d_year=1999",
                                                                    "d_moy>=3 AND d_moy<=5"
                                                                  ],
                                                                  "Estimated Cardinality": "585"
                                                                },
                                                                "cumulative_cardinality": 0,
                                                                "operator_type": "TABLE_SCAN",
                                                                "operator_cardinality": 92,
                                                                "cumulative_rows_scanned": 0,
                                                                "operator_rows_scanned": 73049,
                                                                "operator_timing": 3.3891e-05,
                                                                "children": []
                                                              }
                                                            ]
                                                          }
                                                        ]
                                                      },
                                                      {
                                                        "total_bytes_written": 0,
                                                        "total_bytes_read": 0,
                                                        "result_set_size": 0,
                                                        "operator_name": "DELIM_SCAN",
                                                        "cpu_time": 0.0,
                                                        "extra_info": {
                                                          "Delim Index": "2",
                                                          "Estimated Cardinality": "3274"
                                                        },
                                                        "cumulative_cardinality": 0,
                                                        "operator_type": "DELIM_SCAN",
                                                        "operator_cardinality": 0,
                                                        "cumulative_rows_scanned": 0,
                                                        "operator_rows_scanned": 0,
                                                        "operator_timing": 0.0,
                                                        "children": []
                                                      }
                                                    ]
                                                  }
                                                ]
                                              }
                                            ]
                                          },
                                          {
                                            "total_bytes_written": 0,
                                            "total_bytes_read": 0,
                                            "result_set_size": 4544,
                                            "operator_name": "HASH_GROUP_BY",
                                            "cpu_time": 0.0,
                                            "extra_info": {
                                              "Groups": "#5",
                                              "Aggregates": "",
                                              "Estimated Cardinality": "3274"
                                            },
                                            "cumulative_cardinality": 0,
                                            "operator_type": "HASH_GROUP_BY",
                                            "operator_cardinality": 1136,
                                            "cumulative_rows_scanned": 0,
                                            "operator_rows_scanned": 0,
                                            "operator_timing": 0.00256663,
                                            "children": []
                                          }
                                        ]
                                      },
                                      {
                                        "total_bytes_written": 0,
                                        "total_bytes_read": 0,
                                        "result_set_size": 69564,
                                        "operator_name": "HASH_JOIN",
                                        "cpu_time": 0.0,
                                        "extra_info": {
                                          "Join Type": "ANTI",
                                          "Conditions": "c_customer_sk IS NOT DISTINCT FROM c_customer_sk",
                                          "Estimated Cardinality": "131"
                                        },
                                        "cumulative_cardinality": 0,
                                        "operator_type": "HASH_JOIN",
                                        "operator_cardinality": 1023,
                                        "cumulative_rows_scanned": 0,
                                        "operator_rows_scanned": 0,
                                        "operator_timing": 0.00035971400000000013,
                                        "children": [
                                          {
                                            "total_bytes_written": 0,
                                            "total_bytes_read": 0,
                                            "result_set_size": 79992,
                                            "operator_name": "COLUMN_DATA_SCAN",
                                            "cpu_time": 0.0,
                                            "extra_info": {
                                              "Estimated Cardinality": "131"
                                            },
                                            "cumulative_cardinality": 0,
                                            "operator_type": "COLUMN_DATA_SCAN",
                                            "operator_cardinality": 1111,
                                            "cumulative_rows_scanned": 0,
                                            "operator_rows_scanned": 0,
                                            "operator_timing": 2.9793000000000004e-05,
                                            "children": []
                                          },
                                          {
                                            "total_bytes_written": 0,
                                            "total_bytes_read": 0,
                                            "result_set_size": 1544,
                                            "operator_name": "PROJECTION",
                                            "cpu_time": 0.0,
                                            "extra_info": {
                                              "Projections": "c_customer_sk",
                                              "Estimated Cardinality": "46"
                                            },
                                            "cumulative_cardinality": 0,
                                            "operator_type": "PROJECTION",
                                            "operator_cardinality": 386,
                                            "cumulative_rows_scanned": 0,
                                            "operator_rows_scanned": 0,
                                            "operator_timing": 6.75e-07,
                                            "children": [
                                              {
                                                "total_bytes_written": 0,
                                                "total_bytes_read": 0,
                                                "result_set_size": 3088,
                                                "operator_name": "HASH_JOIN",
                                                "cpu_time": 0.0,
                                                "extra_info": {
                                                  "Join Type": "INNER",
                                                  "Conditions": "cs_sold_date_sk = d_date_sk",
                                                  "Estimated Cardinality": "46"
                                                },
                                                "cumulative_cardinality": 0,
                                                "operator_type": "HASH_JOIN",
                                                "operator_cardinality": 386,
                                                "cumulative_rows_scanned": 0,
                                                "operator_rows_scanned": 0,
                                                "operator_timing": 8.781099999999998e-05,
                                                "children": [
                                                  {
                                                    "total_bytes_written": 0,
                                                    "total_bytes_read": 0,
                                                    "result_set_size": 4632,
                                                    "operator_name": "HASH_JOIN",
                                                    "cpu_time": 0.0,
                                                    "extra_info": {
                                                      "Join Type": "INNER",
                                                      "Conditions": "cs_ship_customer_sk = c_customer_sk",
                                                      "Estimated Cardinality": "5819"
                                                    },
                                                    "cumulative_cardinality": 0,
                                                    "operator_type": "HASH_JOIN",
                                                    "operator_cardinality": 386,
                                                    "cumulative_rows_scanned": 0,
                                                    "operator_rows_scanned": 0,
                                                    "operator_timing": 0.000598836,
                                                    "children": [
                                                      {
                                                        "total_bytes_written": 0,
                                                        "total_bytes_read": 0,
                                                        "result_set_size": 1498632,
                                                        "operator_name": "SEQ_SCAN ",
                                                        "cpu_time": 0.0,
                                                        "extra_info": {
                                                          "Table": "catalog_sales",
                                                          "Type": "Sequential Scan",
                                                          "Projections": [
                                                            "cs_ship_customer_sk",
                                                            "cs_sold_date_sk"
                                                          ],
                                                          "Filters": "cs_list_price>=52.00 AND cs_list_price<=141.00",
                                                          "Estimated Cardinality": "2880252"
                                                        },
                                                        "cumulative_cardinality": 0,
                                                        "operator_type": "TABLE_SCAN",
                                                        "operator_cardinality": 187329,
                                                        "cumulative_rows_scanned": 0,
                                                        "operator_rows_scanned": 403235308,
                                                        "operator_timing": 0.0029047809999999995,
                                                        "children": []
                                                      },
                                                      {
                                                        "total_bytes_written": 0,
                                                        "total_bytes_read": 0,
                                                        "result_set_size": 0,
                                                        "operator_name": "DELIM_SCAN",
                                                        "cpu_time": 0.0,
                                                        "extra_info": {
                                                          "Delim Index": "3",
                                                          "Estimated Cardinality": "656"
                                                        },
                                                        "cumulative_cardinality": 0,
                                                        "operator_type": "DELIM_SCAN",
                                                        "operator_cardinality": 0,
                                                        "cumulative_rows_scanned": 0,
                                                        "operator_rows_scanned": 0,
                                                        "operator_timing": 0.0,
                                                        "children": []
                                                      }
                                                    ]
                                                  },
                                                  {
                                                    "total_bytes_written": 0,
                                                    "total_bytes_read": 0,
                                                    "result_set_size": 368,
                                                    "operator_name": "FILTER",
                                                    "cpu_time": 0.0,
                                                    "extra_info": {
                                                      "Expression": "(d_date_sk BETWEEN 2450815 AND 2452653)",
                                                      "Estimated Cardinality": "585"
                                                    },
                                                    "cumulative_cardinality": 0,
                                                    "operator_type": "FILTER",
                                                    "operator_cardinality": 92,
                                                    "cumulative_rows_scanned": 0,
                                                    "operator_rows_scanned": 0,
                                                    "operator_timing": 1.2817e-05,
                                                    "children": [
                                                      {
                                                        "total_bytes_written": 0,
                                                        "total_bytes_read": 0,
                                                        "result_set_size": 368,
                                                        "operator_name": "SEQ_SCAN ",
                                                        "cpu_time": 0.0,
                                                        "extra_info": {
                                                          "Table": "date_dim",
                                                          "Type": "Sequential Scan",
                                                          "Projections": "d_date_sk",
                                                          "Filters": [
                                                            "d_year=1999",
                                                            "d_moy>=3 AND d_moy<=5"
                                                          ],
                                                          "Estimated Cardinality": "585"
                                                        },
                                                        "cumulative_cardinality": 0,
                                                        "operator_type": "TABLE_SCAN",
                                                        "operator_cardinality": 92,
                                                        "cumulative_rows_scanned": 0,
                                                        "operator_rows_scanned": 73049,
                                                        "operator_timing": 9.2268e-05,
                                                        "children": []
                                                      }
                                                    ]
                                                  }
                                                ]
                                              }
                                            ]
                                          }
                                        ]
                                      },
                                      {
                                        "total_bytes_written": 0,
                                        "total_bytes_read": 0,
                                        "result_set_size": 4444,
                                        "operator_name": "HASH_GROUP_BY",
                                        "cpu_time": 0.0,
                                        "extra_info": {
                                          "Groups": "#5",
                                          "Aggregates": "",
                                          "Estimated Cardinality": "656"
                                        },
                                        "cumulative_cardinality": 0,
                                        "operator_type": "HASH_GROUP_BY",
                                        "operator_cardinality": 1111,
                                        "cumulative_rows_scanned": 0,
                                        "operator_rows_scanned": 0,
                                        "operator_timing": 0.0005996500000000001,
                                        "children": []
                                      }
                                    ]
                                  }
                                ]
                              }
                            ]
                          }
                        ]
                      }
                    ]
                  }
                ]
              }
            ]
          }
        ]
      }
    ]
  },
  "actual_rows": 0
}