{
  "execution_time_ms": 38.3,
  "plan_text": "\u250c\u2500\u2500\u2500\u2500\u2500\u2500\u2500\u2500\u2500\u2500\u2500\u2500\u2500\u2500\u2500\u2500\u2500\u2500\u2500\u2500\u2500\u2500\u2500\u2500\u2500\u2500\u2500\u2500\u2500\u2500\u2500\u2500\u2500\u2500\u2500\u2500\u2500\u2510\n\u2502\u250c\u2500\u2500\u2500\u2500\u2500\u2500\u2500\u2500\u2500\u2500\u2500\u2500\u2500\u2500\u2500\u2500\u2500\u2500\u2500\u2500\u2500\u2500\u2500\u2500\u2500\u2500\u2500\u2500\u2500\u2500\u2500\u2500\u2500\u2500\u2500\u2510\u2502\n\u2502\u2502    Query Profiling Information    \u2502\u2502\n\u2502\u2514\u2500\u2500\u2500\u2500\u2500\u2500\u2500\u2500\u2500\u2500\u2500\u2500\u2500\u2500\u2500\u2500\u2500\u2500\u2500\u2500\u2500\u2500\u2500\u2500\u2500\u2500\u2500\u2500\u2500\u2500\u2500\u2500\u2500\u2500\u2500\u2518\u2502\n\u2514\u2500\u2500\u2500\u2500\u2500\u2500\u2500\u2500\u2500\u2500\u2500\u2500\u2500\u2500\u2500\u2500\u2500\u2500\u2500\u2500\u2500\u2500\u2500\u2500\u2500\u2500\u2500\u2500\u2500\u2500\u2500\u2500\u2500\u2500\u2500\u2500\u2500\u2518\nEXPLAIN ANALYZE select  substring(r_reason_desc,1,20)        ,avg(ws_quantity)        ,avg(wr_refunded_cash)        ,avg(wr_fee)  from web_sales, web_returns, web_page, customer_demographics cd1,       customer_demographics cd2, customer_address, date_dim, reason  where ws_web_page_sk = wp_web_page_sk    and ws_item_sk = wr_item_sk    and ws_order_number = wr_order_number    and ws_sold_date_sk = d_date_sk and d_year = 2002    and cd1.cd_demo_sk = wr_refunded_cdemo_sk    and cd2.cd_demo_sk = wr_returning_cdemo_sk    and ca_address_sk = wr_refunded_addr_sk    and r_reason_sk = wr_reason_sk    and    (     (      cd1.cd_marital_status = 'S'      and      cd1.cd_marital_status = cd2.cd_marital_status      and      cd1.cd_education_status = 'Primary'      and      cd1.cd_education_status = cd2.cd_education_status      and      ws_sales_price between 100.00 and 150.00     )    or     (      cd1.cd_marital_status = 'M'      and      cd1.cd_marital_status = cd2.cd_marital_status      and      cd1.cd_education_status = 'Secondary'      and      cd1.cd_education_status = cd2.cd_education_status      and      ws_sales_price between 50.00 and 100.00     )    or     (      cd1.cd_marital_status = 'U'      and      cd1.cd_marital_status = cd2.cd_marital_status      and      cd1.cd_education_status = '2 yr Degree'      and      cd1.cd_education_status = cd2.cd_education_status      and      ws_sales_price between 150.00 and 200.00     )    )    and    (     (      ca_country = 'United States'      and      ca_state in ('KY', 'NC', 'SD')      and ws_net_profit between 100 and 200     )     or     (      ca_country = 'United States'      and      ca_state in ('AR', 'GA', 'IN')      and ws_net_profit between 150 and 300     )     or     (      ca_country = 'United States'      and      ca_state in ('KS', 'OH', 'VA')      and ws_net_profit between 50 and 250     )    ) group by r_reason_desc order by substring(r_reason_desc,1,20)         ,avg(ws_quantity)         ,avg(wr_refunded_cash)         ,avg(wr_fee) limit 100\n\u250c\u2500\u2500\u2500\u2500\u2500\u2500\u2500\u2500\u2500\u2500\u2500\u2500\u2500\u2500\u2500\u2500\u2500\u2500\u2500\u2500\u2500\u2500\u2500\u2500\u2500\u2500\u2500\u2500\u2500\u2500\u2500\u2500\u2500\u2500\u2500\u2500\u2500\u2500\u2500\u2500\u2500\u2500\u2500\u2500\u2500\u2500\u2500\u2500\u2510\n\u2502\u250c\u2500\u2500\u2500\u2500\u2500\u2500\u2500\u2500\u2500\u2500\u2500\u2500\u2500\u2500\u2500\u2500\u2500\u2500\u2500\u2500\u2500\u2500\u2500\u2500\u2500\u2500\u2500\u2500\u2500\u2500\u2500\u2500\u2500\u2500\u2500\u2500\u2500\u2500\u2500\u2500\u2500\u2500\u2500\u2500\u2500\u2500\u2510\u2502\n\u2502\u2502              Total Time: 0.0365s             \u2502\u2502\n\u2502\u2514\u2500\u2500\u2500\u2500\u2500\u2500\u2500\u2500\u2500\u2500\u2500\u2500\u2500\u2500\u2500\u2500\u2500\u2500\u2500\u2500\u2500\u2500\u2500\u2500\u2500\u2500\u2500\u2500\u2500\u2500\u2500\u2500\u2500\u2500\u2500\u2500\u2500\u2500\u2500\u2500\u2500\u2500\u2500\u2500\u2500\u2500\u2518\u2502\n\u2514\u2500\u2500\u2500\u2500\u2500\u2500\u2500\u2500\u2500\u2500\u2500\u2500\u2500\u2500\u2500\u2500\u2500\u2500\u2500\u2500\u2500\u2500\u2500\u2500\u2500\u2500\u2500\u2500\u2500\u2500\u2500\u2500\u2500\u2500\u2500\u2500\u2500\u2500\u2500\u2500\u2500\u2500\u2500\u2500\u2500\u2500\u2500\u2500\u2518\n\u250c\u2500\u2500\u2500\u2500\u2500\u2500\u2500\u2500\u2500\u2500\u2500\u2500\u2500\u2500\u2500\u2500\u2500\u2500\u2500\u2500\u2500\u2500\u2500\u2500\u2500\u2500\u2500\u2510\n\u2502           QUERY           \u2502\n\u2514\u2500\u2500\u2500\u2500\u2500\u2500\u2500\u2500\u2500\u2500\u2500\u2500\u2500\u252c\u2500\u2500\u2500\u2500\u2500\u2500\u2500\u2500\u2500\u2500\u2500\u2500\u2500\u2518\n\u250c\u2500\u2500\u2500\u2500\u2500\u2500\u2500\u2500\u2500\u2500\u2500\u2500\u2500\u2534\u2500\u2500\u2500\u2500\u2500\u2500\u2500\u2500\u2500\u2500\u2500\u2500\u2500\u2510\n\u2502      EXPLAIN_ANALYZE      \u2502\n\u2502    \u2500\u2500\u2500\u2500\u2500\u2500\u2500\u2500\u2500\u2500\u2500\u2500\u2500\u2500\u2500\u2500\u2500\u2500\u2500\u2500   \u2502\n\u2502           0 rows          \u2502\n\u2502          (0.00s)          \u2502\n\u2514\u2500\u2500\u2500\u2500\u2500\u2500\u2500\u2500\u2500\u2500\u2500\u2500\u2500\u252c\u2500\u2500\u2500\u2500\u2500\u2500\u2500\u2500\u2500\u2500\u2500\u2500\u2500\u2518\n\u250c\u2500\u2500\u2500\u2500\u2500\u2500\u2500\u2500\u2500\u2500\u2500\u2500\u2500\u2534\u2500\u2500\u2500\u2500\u2500\u2500\u2500\u2500\u2500\u2500\u2500\u2500\u2500\u2510\n\u2502           TOP_N           \u2502\n\u2502    \u2500\u2500\u2500\u2500\u2500\u2500\u2500\u2500\u2500\u2500\u2500\u2500\u2500\u2500\u2500\u2500\u2500\u2500\u2500\u2500   \u2502\n\u2502          Top: 100         \u2502\n\u2502                           \u2502\n\u2502         Order By:         \u2502\n\u2502      main.\"substring\"     \u2502\n\u2502 (tpcds_sf10_2.main.reason \u2502\n\u2502 .r_reason_desc, 1, 20) ASC\u2502\n\u2502   avg(tpcds_sf10_2.main   \u2502\n\u2502.web_sales.ws_quantity) ASC\u2502\n\u2502   avg(tpcds_sf10_2.main   \u2502\n\u2502        .web_returns       \u2502\n\u2502   .wr_refunded_cash) ASC  \u2502\n\u2502   avg(tpcds_sf10_2.main   \u2502\n\u2502  .web_returns.wr_fee) ASC \u2502\n\u2502                           \u2502\n\u2502          21 rows          \u2502\n\u2502          (0.00s)          \u2502\n\u2514\u2500\u2500\u2500\u2500\u2500\u2500\u2500\u2500\u2500\u2500\u2500\u2500\u2500\u252c\u2500\u2500\u2500\u2500\u2500\u2500\u2500\u2500\u2500\u2500\u2500\u2500\u2500\u2518\n\u250c\u2500\u2500\u2500\u2500\u2500\u2500\u2500\u2500\u2500\u2500\u2500\u2500\u2500\u2534\u2500\u2500\u2500\u2500\u2500\u2500\u2500\u2500\u2500\u2500\u2500\u2500\u2500\u2510\n\u2502         PROJECTION        \u2502\n\u2502    \u2500\u2500\u2500\u2500\u2500\u2500\u2500\u2500\u2500\u2500\u2500\u2500\u2500\u2500\u2500\u2500\u2500\u2500\u2500\u2500   \u2502\n\u2502 \"substring\"(r_reason_desc,\u2502\n\u2502           1, 20)          \u2502\n\u2502      avg(ws_quantity)     \u2502\n\u2502   avg(wr_refunded_cash)   \u2502\n\u2502        avg(wr_fee)        \u2502\n\u2502                           \u2502\n\u2502          21 rows          \u2502\n\u2502          (0.00s)          \u2502\n\u2514\u2500\u2500\u2500\u2500\u2500\u2500\u2500\u2500\u2500\u2500\u2500\u2500\u2500\u252c\u2500\u2500\u2500\u2500\u2500\u2500\u2500\u2500\u2500\u2500\u2500\u2500\u2500\u2518\n\u250c\u2500\u2500\u2500\u2500\u2500\u2500\u2500\u2500\u2500\u2500\u2500\u2500\u2500\u2534\u2500\u2500\u2500\u2500\u2500\u2500\u2500\u2500\u2500\u2500\u2500\u2500\u2500\u2510\n\u2502       HASH_GROUP_BY       \u2502\n\u2502    \u2500\u2500\u2500\u2500\u2500\u2500\u2500\u2500\u2500\u2500\u2500\u2500\u2500\u2500\u2500\u2500\u2500\u2500\u2500\u2500   \u2502\n\u2502         Groups: #0        \u2502\n\u2502                           \u2502\n\u2502        Aggregates:        \u2502\n\u2502          avg(#1)          \u2502\n\u2502          avg(#2)          \u2502\n\u2502          avg(#3)          \u2502\n\u2502                           \u2502\n\u2502          21 rows          \u2502\n\u2502          (0.00s)          \u2502\n\u2514\u2500\u2500\u2500\u2500\u2500\u2500\u2500\u2500\u2500\u2500\u2500\u2500\u2500\u252c\u2500\u2500\u2500\u2500\u2500\u2500\u2500\u2500\u2500\u2500\u2500\u2500\u2500\u2518\n\u250c\u2500\u2500\u2500\u2500\u2500\u2500\u2500\u2500\u2500\u2500\u2500\u2500\u2500\u2534\u2500\u2500\u2500\u2500\u2500\u2500\u2500\u2500\u2500\u2500\u2500\u2500\u2500\u2510\n\u2502         PROJECTION        \u2502\n\u2502    \u2500\u2500\u2500\u2500\u2500\u2500\u2500\u2500\u2500\u2500\u2500\u2500\u2500\u2500\u2500\u2500\u2500\u2500\u2500\u2500   \u2502\n\u2502       r_reason_desc       \u2502\n\u2502        ws_quantity        \u2502\n\u2502      wr_refunded_cash     \u2502\n\u2502           wr_fee          \u2502\n\u2502                           \u2502\n\u2502          26 rows          \u2502\n\u2502          (0.00s)          \u2502\n\u2514\u2500\u2500\u2500\u2500\u2500\u2500\u2500\u2500\u2500\u2500\u2500\u2500\u2500\u252c\u2500\u2500\u2500\u2500\u2500\u2500\u2500\u2500\u2500\u2500\u2500\u2500\u2500\u2518\n\u250c\u2500\u2500\u2500\u2500\u2500\u2500\u2500\u2500\u2500\u2500\u2500\u2500\u2500\u2534\u2500\u2500\u2500\u2500\u2500\u2500\u2500\u2500\u2500\u2500\u2500\u2500\u2500\u2510\n\u2502         HASH_JOIN         \u2502\n\u2502    \u2500\u2500\u2500\u2500\u2500\u2500\u2500\u2500\u2500\u2500\u2500\u2500\u2500\u2500\u2500\u2500\u2500\u2500\u2500\u2500   \u2502\n\u2502      Join Type: INNER     \u2502\n\u2502                           \u2502\n\u2502        Conditions:        \u251c\u2500\u2500\u2500\u2500\u2500\u2500\u2500\u2500\u2500\u2500\u2500\u2500\u2500\u2500\u2500\u2500\u2500\u2500\u2500\u2500\u2500\u2500\u2500\u2500\u2500\u2500\u2500\u2500\u2500\u2500\u2500\u2500\u2500\u2500\u2500\u2500\u2500\u2500\u2500\u2500\u2500\u2500\u2500\u2500\u2500\u2500\u2500\u2500\u2500\u2500\u2500\u2500\u2500\u2500\u2500\u2500\u2500\u2500\u2500\u2500\u2500\u2500\u2500\u2500\u2500\u2500\u2500\u2500\u2500\u2500\u2500\u2500\u2500\u2500\u2500\u2500\u2500\u2500\u2500\u2500\u2500\u2500\u2500\u2500\u2500\u2500\u2500\u2500\u2500\u2500\u2500\u2500\u2500\u2500\u2500\u2500\u2500\u2500\u2500\u2500\u2500\u2500\u2500\u2500\u2500\u2500\u2500\u2500\u2500\u2500\u2500\u2500\u2500\u2500\u2500\u2500\u2500\u2500\u2500\u2500\u2500\u2500\u2500\u2500\u2500\u2500\u2500\u2500\u2500\u2500\u2500\u2500\u2500\u2500\u2500\u2500\u2500\u2500\u2500\u2500\u2500\u2500\u2500\u2500\u2500\u2500\u2500\u2500\u2500\u2500\u2500\u2500\u2500\u2500\u2500\u2500\u2500\u2500\u2500\u2500\u2500\u2500\u2500\u2500\u2500\u2500\u2500\u2500\u2500\u2500\u2500\u2500\u2500\u2500\u2500\u2500\u2500\u2500\u2500\u2500\u2500\u2500\u2500\u2500\u2500\u2500\u2500\u2500\u2510\n\u2502 wr_reason_sk = r_reason_sk\u2502                                                                                                                                                                                            \u2502\n\u2502                           \u2502                                                                                                                                                                                            \u2502\n\u2502          26 rows          \u2502                                                                                                                                                                                            \u2502\n\u2502          (0.00s)          \u2502                                                                                                                                                                                            \u2502\n\u2514\u2500\u2500\u2500\u2500\u2500\u2500\u2500\u2500\u2500\u2500\u2500\u2500\u2500\u252c\u2500\u2500\u2500\u2500\u2500\u2500\u2500\u2500\u2500\u2500\u2500\u2500\u2500\u2518                                                                                                                                                                                            \u2502\n\u250c\u2500\u2500\u2500\u2500\u2500\u2500\u2500\u2500\u2500\u2500\u2500\u2500\u2500\u2534\u2500\u2500\u2500\u2500\u2500\u2500\u2500\u2500\u2500\u2500\u2500\u2500\u2500\u2510                                                                                                                                                                              \u250c\u2500\u2500\u2500\u2500\u2500\u2500\u2500\u2500\u2500\u2500\u2500\u2500\u2500\u2534\u2500\u2500\u2500\u2500\u2500\u2500\u2500\u2500\u2500\u2500\u2500\u2500\u2500\u2510\n\u2502         HASH_JOIN         \u2502                                                                                                                                                                              \u2502         TABLE_SCAN        \u2502\n\u2502    \u2500\u2500\u2500\u2500\u2500\u2500\u2500\u2500\u2500\u2500\u2500\u2500\u2500\u2500\u2500\u2500\u2500\u2500\u2500\u2500   \u2502                                                                                                                                                                              \u2502    \u2500\u2500\u2500\u2500\u2500\u2500\u2500\u2500\u2500\u2500\u2500\u2500\u2500\u2500\u2500\u2500\u2500\u2500\u2500\u2500   \u2502\n\u2502      Join Type: INNER     \u2502                                                                                                                                                                              \u2502       Table: reason       \u2502\n\u2502                           \u2502                                                                                                                                                                              \u2502   Type: Sequential Scan   \u2502\n\u2502        Conditions:        \u2502                                                                                                                                                                              \u2502                           \u2502\n\u2502      ws_web_page_sk =     \u251c\u2500\u2500\u2500\u2500\u2500\u2500\u2500\u2500\u2500\u2500\u2500\u2500\u2500\u2500\u2500\u2500\u2500\u2500\u2500\u2500\u2500\u2500\u2500\u2500\u2500\u2500\u2500\u2500\u2500\u2500\u2500\u2500\u2500\u2500\u2500\u2500\u2500\u2500\u2500\u2500\u2500\u2500\u2500\u2500\u2500\u2500\u2500\u2500\u2500\u2500\u2500\u2500\u2500\u2500\u2500\u2500\u2500\u2500\u2500\u2500\u2500\u2500\u2500\u2500\u2500\u2500\u2500\u2500\u2500\u2500\u2500\u2500\u2500\u2500\u2500\u2500\u2500\u2500\u2500\u2500\u2500\u2500\u2500\u2500\u2500\u2500\u2500\u2500\u2500\u2500\u2500\u2500\u2500\u2500\u2500\u2500\u2500\u2500\u2500\u2500\u2500\u2500\u2500\u2500\u2500\u2500\u2500\u2500\u2500\u2500\u2500\u2500\u2500\u2500\u2500\u2500\u2500\u2500\u2500\u2500\u2500\u2500\u2500\u2500\u2500\u2500\u2500\u2500\u2500\u2500\u2500\u2500\u2500\u2500\u2500\u2500\u2500\u2500\u2500\u2500\u2500\u2500\u2500\u2500\u2500\u2500\u2500\u2500\u2500\u2500\u2500\u2500\u2500\u2500\u2500\u2500\u2500\u2500\u2500\u2510              \u2502        Projections:       \u2502\n\u2502       wp_web_page_sk      \u2502                                                                                                                                                               \u2502              \u2502        r_reason_sk        \u2502\n\u2502                           \u2502                                                                                                                                                               \u2502              \u2502       r_reason_desc       \u2502\n\u2502                           \u2502                                                                                                                                                               \u2502              \u2502                           \u2502\n\u2502          26 rows          \u2502                                                                                                                                                               \u2502              \u2502          45 rows          \u2502\n\u2502          (0.00s)          \u2502                                                                                                                                                               \u2502              \u2502          (0.00s)          \u2502\n\u2514\u2500\u2500\u2500\u2500\u2500\u2500\u2500\u2500\u2500\u2500\u2500\u2500\u2500\u252c\u2500\u2500\u2500\u2500\u2500\u2500\u2500\u2500\u2500\u2500\u2500\u2500\u2500\u2518                                                                                                                                                               \u2502              \u2514\u2500\u2500\u2500\u2500\u2500\u2500\u2500\u2500\u2500\u2500\u2500\u2500\u2500\u2500\u2500\u2500\u2500\u2500\u2500\u2500\u2500\u2500\u2500\u2500\u2500\u2500\u2500\u2518\n\u250c\u2500\u2500\u2500\u2500\u2500\u2500\u2500\u2500\u2500\u2500\u2500\u2500\u2500\u2534\u2500\u2500\u2500\u2500\u2500\u2500\u2500\u2500\u2500\u2500\u2500\u2500\u2500\u2510                                                                                                                                                 \u250c\u2500\u2500\u2500\u2500\u2500\u2500\u2500\u2500\u2500\u2500\u2500\u2500\u2500\u2534\u2500\u2500\u2500\u2500\u2500\u2500\u2500\u2500\u2500\u2500\u2500\u2500\u2500\u2510\n\u2502         HASH_JOIN         \u2502                                                                                                                                                 \u2502         TABLE_SCAN        \u2502\n\u2502    \u2500\u2500\u2500\u2500\u2500\u2500\u2500\u2500\u2500\u2500\u2500\u2500\u2500\u2500\u2500\u2500\u2500\u2500\u2500\u2500   \u2502                                                                                                                                                 \u2502    \u2500\u2500\u2500\u2500\u2500\u2500\u2500\u2500\u2500\u2500\u2500\u2500\u2500\u2500\u2500\u2500\u2500\u2500\u2500\u2500   \u2502\n\u2502      Join Type: INNER     \u2502                                                                                                                                                 \u2502      Table: web_page      \u2502\n\u2502                           \u2502                                                                                                                                                 \u2502   Type: Sequential Scan   \u2502\n\u2502        Conditions:        \u2502                                                                                                                                                 \u2502                           \u2502\n\u2502        cd_demo_sk =       \u2502                                                                                                                                                 \u2502        Projections:       \u2502\n\u2502    wr_returning_cdemo_sk  \u2502                                                                                                                                                 \u2502       wp_web_page_sk      \u2502\n\u2502   cd_education_status =   \u251c\u2500\u2500\u2500\u2500\u2500\u2500\u2500\u2500\u2500\u2500\u2500\u2500\u2500\u2500\u2510                                                                                                                                  \u2502                           \u2502\n\u2502     cd_education_status   \u2502              \u2502                                                                                                                                  \u2502                           \u2502\n\u2502    cd_marital_status =    \u2502              \u2502                                                                                                                                  \u2502                           \u2502\n\u2502      cd_marital_status    \u2502              \u2502                                                                                                                                  \u2502                           \u2502\n\u2502                           \u2502              \u2502                                                                                                                                  \u2502                           \u2502\n\u2502          26 rows          \u2502              \u2502                                                                                                                                  \u2502          200 rows         \u2502\n\u2502          (0.00s)          \u2502              \u2502                                                                                                                                  \u2502          (0.00s)          \u2502\n\u2514\u2500\u2500\u2500\u2500\u2500\u2500\u2500\u2500\u2500\u2500\u2500\u2500\u2500\u252c\u2500\u2500\u2500\u2500\u2500\u2500\u2500\u2500\u2500\u2500\u2500\u2500\u2500\u2518              \u2502                                                                                                                                  \u2514\u2500\u2500\u2500\u2500\u2500\u2500\u2500\u2500\u2500\u2500\u2500\u2500\u2500\u2500\u2500\u2500\u2500\u2500\u2500\u2500\u2500\u2500\u2500\u2500\u2500\u2500\u2500\u2518\n\u250c\u2500\u2500\u2500\u2500\u2500\u2500\u2500\u2500\u2500\u2500\u2500\u2500\u2500\u2534\u2500\u2500\u2500\u2500\u2500\u2500\u2500\u2500\u2500\u2500\u2500\u2500\u2500\u2510\u250c\u2500\u2500\u2500\u2500\u2500\u2500\u2500\u2500\u2500\u2500\u2500\u2500\u2500\u2534\u2500\u2500\u2500\u2500\u2500\u2500\u2500\u2500\u2500\u2500\u2500\u2500\u2500\u2510\n\u2502         TABLE_SCAN        \u2502\u2502         PROJECTION        \u2502\n\u2502    \u2500\u2500\u2500\u2500\u2500\u2500\u2500\u2500\u2500\u2500\u2500\u2500\u2500\u2500\u2500\u2500\u2500\u2500\u2500\u2500   \u2502\u2502    \u2500\u2500\u2500\u2500\u2500\u2500\u2500\u2500\u2500\u2500\u2500\u2500\u2500\u2500\u2500\u2500\u2500\u2500\u2500\u2500   \u2502\n\u2502           Table:          \u2502\u2502             #0            \u2502\n\u2502   customer_demographics   \u2502\u2502             #1            \u2502\n\u2502                           \u2502\u2502             #2            \u2502\n\u2502   Type: Sequential Scan   \u2502\u2502             #3            \u2502\n\u2502                           \u2502\u2502             #4            \u2502\n\u2502        Projections:       \u2502\u2502             #5            \u2502\n\u2502         cd_demo_sk        \u2502\u2502             #6            \u2502\n\u2502     cd_marital_status     \u2502\u2502             #8            \u2502\n\u2502    cd_education_status    \u2502\u2502                           \u2502\n\u2502                           \u2502\u2502                           \u2502\n\u2502          Filters:         \u2502\u2502                           \u2502\n\u2502     cd_demo_sk>=3 AND     \u2502\u2502                           \u2502\n\u2502     cd_demo_sk<=1920799   \u2502\u2502                           \u2502\n\u2502                           \u2502\u2502                           \u2502\n\u2502        733,718 rows       \u2502\u2502          27 rows          \u2502\n\u2502          (0.02s)          \u2502\u2502          (0.00s)          \u2502\n\u2514\u2500\u2500\u2500\u2500\u2500\u2500\u2500\u2500\u2500\u2500\u2500\u2500\u2500\u2500\u2500\u2500\u2500\u2500\u2500\u2500\u2500\u2500\u2500\u2500\u2500\u2500\u2500\u2518\u2514\u2500\u2500\u2500\u2500\u2500\u2500\u2500\u2500\u2500\u2500\u2500\u2500\u2500\u252c\u2500\u2500\u2500\u2500\u2500\u2500\u2500\u2500\u2500\u2500\u2500\u2500\u2500\u2518\n                             \u250c\u2500\u2500\u2500\u2500\u2500\u2500\u2500\u2500\u2500\u2500\u2500\u2500\u2500\u2534\u2500\u2500\u2500\u2500\u2500\u2500\u2500\u2500\u2500\u2500\u2500\u2500\u2500\u2510\n                             \u2502           FILTER          \u2502\n                             \u2502    \u2500\u2500\u2500\u2500\u2500\u2500\u2500\u2500\u2500\u2500\u2500\u2500\u2500\u2500\u2500\u2500\u2500\u2500\u2500\u2500   \u2502\n                             \u2502 ((((ws_sales_price >= 100 \u2502\n                             \u2502 .00) AND (ws_sales_price <\u2502\n                             \u2502      = 150.00)) AND       \u2502\n                             \u2502 (cd_marital_status = 'S') \u2502\n                             \u2502  AND (cd_education_status \u2502\n                             \u2502    = 'Primary')) OR ((    \u2502\n                             \u2502 (ws_sales_price >= 50.00) \u2502\n                             \u2502   AND (ws_sales_price <=  \u2502\n                             \u2502        100.00)) AND       \u2502\n                             \u2502 (cd_marital_status = 'M') \u2502\n                             \u2502  AND (cd_education_status \u2502\n                             \u2502   = 'Secondary')) OR ((   \u2502\n                             \u2502 (ws_sales_price >= 150.00)\u2502\n                             \u2502   AND (ws_sales_price <=  \u2502\n                             \u2502        200.00)) AND       \u2502\n                             \u2502 (cd_marital_status = 'U') \u2502\n                             \u2502  AND (cd_education_status \u2502\n                             \u2502     = '2 yr Degree')))    \u2502\n                             \u2502                           \u2502\n                             \u2502          27 rows          \u2502\n                             \u2502          (0.00s)          \u2502\n                             \u2514\u2500\u2500\u2500\u2500\u2500\u2500\u2500\u2500\u2500\u2500\u2500\u2500\u2500\u252c\u2500\u2500\u2500\u2500\u2500\u2500\u2500\u2500\u2500\u2500\u2500\u2500\u2500\u2518\n                             \u250c\u2500\u2500\u2500\u2500\u2500\u2500\u2500\u2500\u2500\u2500\u2500\u2500\u2500\u2534\u2500\u2500\u2500\u2500\u2500\u2500\u2500\u2500\u2500\u2500\u2500\u2500\u2500\u2510\n                             \u2502         HASH_JOIN         \u2502\n                             \u2502    \u2500\u2500\u2500\u2500\u2500\u2500\u2500\u2500\u2500\u2500\u2500\u2500\u2500\u2500\u2500\u2500\u2500\u2500\u2500\u2500   \u2502\n                             \u2502      Join Type: INNER     \u2502\n                             \u2502                           \u2502\n                             \u2502        Conditions:        \u2502\n                             \u2502        cd_demo_sk =       \u251c\u2500\u2500\u2500\u2500\u2500\u2500\u2500\u2500\u2500\u2500\u2500\u2500\u2500\u2500\u2510\n                             \u2502    wr_refunded_cdemo_sk   \u2502              \u2502\n                             \u2502                           \u2502              \u2502\n                             \u2502         1,946 rows        \u2502              \u2502\n                             \u2502          (0.01s)          \u2502              \u2502\n                             \u2514\u2500\u2500\u2500\u2500\u2500\u2500\u2500\u2500\u2500\u2500\u2500\u2500\u2500\u252c\u2500\u2500\u2500\u2500\u2500\u2500\u2500\u2500\u2500\u2500\u2500\u2500\u2500\u2518              \u2502\n                             \u250c\u2500\u2500\u2500\u2500\u2500\u2500\u2500\u2500\u2500\u2500\u2500\u2500\u2500\u2534\u2500\u2500\u2500\u2500\u2500\u2500\u2500\u2500\u2500\u2500\u2500\u2500\u2500\u2510\u250c\u2500\u2500\u2500\u2500\u2500\u2500\u2500\u2500\u2500\u2500\u2500\u2500\u2500\u2534\u2500\u2500\u2500\u2500\u2500\u2500\u2500\u2500\u2500\u2500\u2500\u2500\u2500\u2510\n                             \u2502         TABLE_SCAN        \u2502\u2502         PROJECTION        \u2502\n                             \u2502    \u2500\u2500\u2500\u2500\u2500\u2500\u2500\u2500\u2500\u2500\u2500\u2500\u2500\u2500\u2500\u2500\u2500\u2500\u2500\u2500   \u2502\u2502    \u2500\u2500\u2500\u2500\u2500\u2500\u2500\u2500\u2500\u2500\u2500\u2500\u2500\u2500\u2500\u2500\u2500\u2500\u2500\u2500   \u2502\n                             \u2502           Table:          \u2502\u2502             #0            \u2502\n                             \u2502   customer_demographics   \u2502\u2502             #1            \u2502\n                             \u2502                           \u2502\u2502             #2            \u2502\n                             \u2502   Type: Sequential Scan   \u2502\u2502             #3            \u2502\n                             \u2502                           \u2502\u2502             #4            \u2502\n                             \u2502        Projections:       \u2502\u2502             #6            \u2502\n                             \u2502         cd_demo_sk        \u2502\u2502             #7            \u2502\n                             \u2502     cd_marital_status     \u2502\u2502             #9            \u2502\n                             \u2502    cd_education_status    \u2502\u2502                           \u2502\n                             \u2502                           \u2502\u2502                           \u2502\n                             \u2502          Filters:         \u2502\u2502                           \u2502\n                             \u2502     cd_demo_sk>=3 AND     \u2502\u2502                           \u2502\n                             \u2502     cd_demo_sk<=1920799   \u2502\u2502                           \u2502\n                             \u2502                           \u2502\u2502                           \u2502\n                             \u2502       1,918,280 rows      \u2502\u2502         2,010 rows        \u2502\n                             \u2502          (0.00s)          \u2502\u2502          (0.00s)          \u2502\n                             \u2514\u2500\u2500\u2500\u2500\u2500\u2500\u2500\u2500\u2500\u2500\u2500\u2500\u2500\u2500\u2500\u2500\u2500\u2500\u2500\u2500\u2500\u2500\u2500\u2500\u2500\u2500\u2500\u2518\u2514\u2500\u2500\u2500\u2500\u2500\u2500\u2500\u2500\u2500\u2500\u2500\u2500\u2500\u252c\u2500\u2500\u2500\u2500\u2500\u2500\u2500\u2500\u2500\u2500\u2500\u2500\u2500\u2518\n                                                          \u250c\u2500\u2500\u2500\u2500\u2500\u2500\u2500\u2500\u2500\u2500\u2500\u2500\u2500\u2534\u2500\u2500\u2500\u2500\u2500\u2500\u2500\u2500\u2500\u2500\u2500\u2500\u2500\u2510\n                                                          \u2502           FILTER          \u2502\n                                                          \u2502    \u2500\u2500\u2500\u2500\u2500\u2500\u2500\u2500\u2500\u2500\u2500\u2500\u2500\u2500\u2500\u2500\u2500\u2500\u2500\u2500   \u2502\n                                                          \u2502  ((((ws_net_profit >= 100 \u2502\n                                                          \u2502 .00) AND (ws_net_profit <=\u2502\n                                                          \u2502  200.00)) AND ((ca_state =\u2502\n                                                          \u2502  'KY') OR (ca_state = 'NC'\u2502\n                                                          \u2502  ) OR (ca_state = 'SD'))) \u2502\n                                                          \u2502   OR (((ws_net_profit >=  \u2502\n                                                          \u2502        150.00) AND        \u2502\n                                                          \u2502 (ws_net_profit <= 300.00))\u2502\n                                                          \u2502  AND ((ca_state = 'AR') OR\u2502\n                                                          \u2502    (ca_state = 'GA') OR   \u2502\n                                                          \u2502 (ca_state = 'IN'))) OR (( \u2502\n                                                          \u2502  (ws_net_profit >= 50.00) \u2502\n                                                          \u2502  AND (ws_net_profit <= 250\u2502\n                                                          \u2502 .00)) AND ((ca_state = 'KS\u2502\n                                                          \u2502 ') OR (ca_state = 'OH') OR\u2502\n                                                          \u2502    (ca_state = 'VA'))))   \u2502\n                                                          \u2502                           \u2502\n                                                          \u2502         2,010 rows        \u2502\n                                                          \u2502          (0.01s)          \u2502\n                                                          \u2514\u2500\u2500\u2500\u2500\u2500\u2500\u2500\u2500\u2500\u2500\u2500\u2500\u2500\u252c\u2500\u2500\u2500\u2500\u2500\u2500\u2500\u2500\u2500\u2500\u2500\u2500\u2500\u2518\n                                                          \u250c\u2500\u2500\u2500\u2500\u2500\u2500\u2500\u2500\u2500\u2500\u2500\u2500\u2500\u2534\u2500\u2500\u2500\u2500\u2500\u2500\u2500\u2500\u2500\u2500\u2500\u2500\u2500\u2510\n                                                          \u2502         HASH_JOIN         \u2502\n                                                          \u2502    \u2500\u2500\u2500\u2500\u2500\u2500\u2500\u2500\u2500\u2500\u2500\u2500\u2500\u2500\u2500\u2500\u2500\u2500\u2500\u2500   \u2502\n                                                          \u2502      Join Type: INNER     \u2502\n                                                          \u2502                           \u2502\n                                                          \u2502        Conditions:        \u2502\n                                                          \u2502  wr_item_sk = ws_item_sk  \u251c\u2500\u2500\u2500\u2500\u2500\u2500\u2500\u2500\u2500\u2500\u2500\u2500\u2500\u2500\u2500\u2500\u2500\u2500\u2500\u2500\u2500\u2500\u2500\u2500\u2500\u2500\u2500\u2500\u2500\u2500\u2500\u2500\u2500\u2500\u2500\u2500\u2500\u2500\u2500\u2500\u2500\u2500\u2500\u2510\n                                                          \u2502     wr_order_number =     \u2502                                           \u2502\n                                                          \u2502       ws_order_number     \u2502                                           \u2502\n                                                          \u2502                           \u2502                                           \u2502\n                                                          \u2502        133,562 rows       \u2502                                           \u2502\n                                                          \u2502          (0.20s)          \u2502                                           \u2502\n                                                          \u2514\u2500\u2500\u2500\u2500\u2500\u2500\u2500\u2500\u2500\u2500\u2500\u2500\u2500\u252c\u2500\u2500\u2500\u2500\u2500\u2500\u2500\u2500\u2500\u2500\u2500\u2500\u2500\u2518                                           \u2502\n                                                          \u250c\u2500\u2500\u2500\u2500\u2500\u2500\u2500\u2500\u2500\u2500\u2500\u2500\u2500\u2534\u2500\u2500\u2500\u2500\u2500\u2500\u2500\u2500\u2500\u2500\u2500\u2500\u2500\u2510                             \u250c\u2500\u2500\u2500\u2500\u2500\u2500\u2500\u2500\u2500\u2500\u2500\u2500\u2500\u2534\u2500\u2500\u2500\u2500\u2500\u2500\u2500\u2500\u2500\u2500\u2500\u2500\u2500\u2510\n                                                          \u2502         HASH_JOIN         \u2502                             \u2502         HASH_JOIN         \u2502\n                                                          \u2502    \u2500\u2500\u2500\u2500\u2500\u2500\u2500\u2500\u2500\u2500\u2500\u2500\u2500\u2500\u2500\u2500\u2500\u2500\u2500\u2500   \u2502                             \u2502    \u2500\u2500\u2500\u2500\u2500\u2500\u2500\u2500\u2500\u2500\u2500\u2500\u2500\u2500\u2500\u2500\u2500\u2500\u2500\u2500   \u2502\n                                                          \u2502      Join Type: INNER     \u2502                             \u2502      Join Type: INNER     \u2502\n                                                          \u2502                           \u2502                             \u2502                           \u2502\n                                                          \u2502        Conditions:        \u2502                             \u2502        Conditions:        \u2502\n                                                          \u2502   wr_refunded_addr_sk =   \u251c\u2500\u2500\u2500\u2500\u2500\u2500\u2500\u2500\u2500\u2500\u2500\u2500\u2500\u2500\u2510              \u2502ws_sold_date_sk = d_date_sk\u251c\u2500\u2500\u2500\u2500\u2500\u2500\u2500\u2500\u2500\u2500\u2500\u2500\u2500\u2500\u2510\n                                                          \u2502        ca_address_sk      \u2502              \u2502              \u2502                           \u2502              \u2502\n                                                          \u2502                           \u2502              \u2502              \u2502                           \u2502              \u2502\n                                                          \u2502        666,038 rows       \u2502              \u2502              \u2502       1,438,827 rows      \u2502              \u2502\n                                                          \u2502          (0.01s)          \u2502              \u2502              \u2502          (0.01s)          \u2502              \u2502\n                                                          \u2514\u2500\u2500\u2500\u2500\u2500\u2500\u2500\u2500\u2500\u2500\u2500\u2500\u2500\u252c\u2500\u2500\u2500\u2500\u2500\u2500\u2500\u2500\u2500\u2500\u2500\u2500\u2500\u2518              \u2502              \u2514\u2500\u2500\u2500\u2500\u2500\u2500\u2500\u2500\u2500\u2500\u2500\u2500\u2500\u252c\u2500\u2500\u2500\u2500\u2500\u2500\u2500\u2500\u2500\u2500\u2500\u2500\u2500\u2518              \u2502\n                                                          \u250c\u2500\u2500\u2500\u2500\u2500\u2500\u2500\u2500\u2500\u2500\u2500\u2500\u2500\u2534\u2500\u2500\u2500\u2500\u2500\u2500\u2500\u2500\u2500\u2500\u2500\u2500\u2500\u2510\u250c\u2500\u2500\u2500\u2500\u2500\u2500\u2500\u2500\u2500\u2500\u2500\u2500\u2500\u2534\u2500\u2500\u2500\u2500\u2500\u2500\u2500\u2500\u2500\u2500\u2500\u2500\u2500\u2510\u250c\u2500\u2500\u2500\u2500\u2500\u2500\u2500\u2500\u2500\u2500\u2500\u2500\u2500\u2534\u2500\u2500\u2500\u2500\u2500\u2500\u2500\u2500\u2500\u2500\u2500\u2500\u2500\u2510\u250c\u2500\u2500\u2500\u2500\u2500\u2500\u2500\u2500\u2500\u2500\u2500\u2500\u2500\u2534\u2500\u2500\u2500\u2500\u2500\u2500\u2500\u2500\u2500\u2500\u2500\u2500\u2500\u2510\n                                                          \u2502         TABLE_SCAN        \u2502\u2502         TABLE_SCAN        \u2502\u2502         TABLE_SCAN        \u2502\u2502           FILTER          \u2502\n                                                          \u2502    \u2500\u2500\u2500\u2500\u2500\u2500\u2500\u2500\u2500\u2500\u2500\u2500\u2500\u2500\u2500\u2500\u2500\u2500\u2500\u2500   \u2502\u2502    \u2500\u2500\u2500\u2500\u2500\u2500\u2500\u2500\u2500\u2500\u2500\u2500\u2500\u2500\u2500\u2500\u2500\u2500\u2500\u2500   \u2502\u2502    \u2500\u2500\u2500\u2500\u2500\u2500\u2500\u2500\u2500\u2500\u2500\u2500\u2500\u2500\u2500\u2500\u2500\u2500\u2500\u2500   \u2502\u2502    \u2500\u2500\u2500\u2500\u2500\u2500\u2500\u2500\u2500\u2500\u2500\u2500\u2500\u2500\u2500\u2500\u2500\u2500\u2500\u2500   \u2502\n                                                          \u2502     Table: web_returns    \u2502\u2502           Table:          \u2502\u2502      Table: web_sales     \u2502\u2502 (d_date_sk BETWEEN 2450816\u2502\n                                                          \u2502   Type: Sequential Scan   \u2502\u2502      customer_address     \u2502\u2502   Type: Sequential Scan   \u2502\u2502        AND 2452642)       \u2502\n                                                          \u2502                           \u2502\u2502                           \u2502\u2502                           \u2502\u2502                           \u2502\n                                                          \u2502        Projections:       \u2502\u2502   Type: Sequential Scan   \u2502\u2502        Projections:       \u2502\u2502                           \u2502\n                                                          \u2502         wr_item_sk        \u2502\u2502                           \u2502\u2502       ws_web_page_sk      \u2502\u2502                           \u2502\n                                                          \u2502      wr_order_number      \u2502\u2502        Projections:       \u2502\u2502         ws_item_sk        \u2502\u2502                           \u2502\n                                                          \u2502    wr_refunded_cdemo_sk   \u2502\u2502       ca_address_sk       \u2502\u2502      ws_order_number      \u2502\u2502                           \u2502\n                                                          \u2502   wr_returning_cdemo_sk   \u2502\u2502          ca_state         \u2502\u2502      ws_sold_date_sk      \u2502\u2502                           \u2502\n                                                          \u2502    wr_refunded_addr_sk    \u2502\u2502                           \u2502\u2502       ws_sales_price      \u2502\u2502                           \u2502\n                                                          \u2502        wr_reason_sk       \u2502\u2502          Filters:         \u2502\u2502       ws_net_profit       \u2502\u2502                           \u2502\n                                                          \u2502      wr_refunded_cash     \u2502\u2502 ca_country='United States'\u2502\u2502        ws_quantity        \u2502\u2502                           \u2502\n                                                          \u2502           wr_fee          \u2502\u2502                           \u2502\u2502                           \u2502\u2502                           \u2502\n                                                          \u2502                           \u2502\u2502                           \u2502\u2502                           \u2502\u2502                           \u2502\n                                                          \u2502        687,194 rows       \u2502\u2502        242,351 rows       \u2502\u2502       1,438,827 rows      \u2502\u2502          365 rows         \u2502\n                                                          \u2502          (0.01s)          \u2502\u2502          (0.01s)          \u2502\u2502          (0.09s)          \u2502\u2502          (0.00s)          \u2502\n                                                          \u2514\u2500\u2500\u2500\u2500\u2500\u2500\u2500\u2500\u2500\u2500\u2500\u2500\u2500\u2500\u2500\u2500\u2500\u2500\u2500\u2500\u2500\u2500\u2500\u2500\u2500\u2500\u2500\u2518\u2514\u2500\u2500\u2500\u2500\u2500\u2500\u2500\u2500\u2500\u2500\u2500\u2500\u2500\u2500\u2500\u2500\u2500\u2500\u2500\u2500\u2500\u2500\u2500\u2500\u2500\u2500\u2500\u2518\u2514\u2500\u2500\u2500\u2500\u2500\u2500\u2500\u2500\u2500\u2500\u2500\u2500\u2500\u2500\u2500\u2500\u2500\u2500\u2500\u2500\u2500\u2500\u2500\u2500\u2500\u2500\u2500\u2518\u2514\u2500\u2500\u2500\u2500\u2500\u2500\u2500\u2500\u2500\u2500\u2500\u2500\u2500\u252c\u2500\u2500\u2500\u2500\u2500\u2500\u2500\u2500\u2500\u2500\u2500\u2500\u2500\u2518\n                                                                                                                                                 \u250c\u2500\u2500\u2500\u2500\u2500\u2500\u2500\u2500\u2500\u2500\u2500\u2500\u2500\u2534\u2500\u2500\u2500\u2500\u2500\u2500\u2500\u2500\u2500\u2500\u2500\u2500\u2500\u2510\n                                                                                                                                                 \u2502         TABLE_SCAN        \u2502\n                                                                                                                                                 \u2502    \u2500\u2500\u2500\u2500\u2500\u2500\u2500\u2500\u2500\u2500\u2500\u2500\u2500\u2500\u2500\u2500\u2500\u2500\u2500\u2500   \u2502\n                                                                                                                                                 \u2502      Table: date_dim      \u2502\n                                                                                                                                                 \u2502   Type: Sequential Scan   \u2502\n                                                                                                                                                 \u2502                           \u2502\n                                                                                                                                                 \u2502        Projections:       \u2502\n                                                                                                                                                 \u2502         d_date_sk         \u2502\n                                                                                                                                                 \u2502                           \u2502\n                                                                                                                                                 \u2502    Filters: d_year=2002   \u2502\n                                                                                                                                                 \u2502                           \u2502\n                                                                                                                                                 \u2502          365 rows         \u2502\n                                                                                                                                                 \u2502          (0.00s)          \u2502\n                                                                                                                                                 \u2514\u2500\u2500\u2500\u2500\u2500\u2500\u2500\u2500\u2500\u2500\u2500\u2500\u2500\u2500\u2500\u2500\u2500\u2500\u2500\u2500\u2500\u2500\u2500\u2500\u2500\u2500\u2500\u2518\n",
  "plan_json": {
    "total_bytes_written": 0,
    "total_bytes_read": 0,
    "rows_returned": 0,
    "latency": 0.0,
    "result_set_size": 0,
    "query_name": "",
    "blocked_thread_time": 0.0,
    "system_peak_buffer_memory": 0,
    "system_peak_temp_dir_size": 0,
    "cpu_time": 0.0,
    "extra_info": {},
    "cumulative_cardinality": 0,
    "cumulative_rows_scanned": 0,
    "children": [
      {
        "total_bytes_written": 0,
        "total_bytes_read": 0,
        "result_set_size": 0,
        "operator_name": "EXPLAIN_ANALYZE",
        "cpu_time": 0.0,
        "extra_info": {},
        "cumulative_cardinality": 0,
        "operator_type": "EXPLAIN_ANALYZE",
        "operator_cardinality": 0,
        "cumulative_rows_scanned": 0,
        "operator_rows_scanned": 0,
        "operator_timing": 2.87e-07,
        "children": [
          {
            "total_bytes_written": 0,
            "total_bytes_read": 0,
            "result_set_size": 840,
            "operator_name": "TOP_N",
            "cpu_time": 0.0,
            "extra_info": {
              "Top": "100",
              "Order By": [
                "main.\"substring\"(tpcds_sf10_2.main.reason.r_reason_desc, 1, 20) ASC",
                "avg(tpcds_sf10_2.main.web_sales.ws_quantity) ASC",
                "avg(tpcds_sf10_2.main.web_returns.wr_refunded_cash) ASC",
                "avg(tpcds_sf10_2.main.web_returns.wr_fee) ASC"
              ]
            },
            "cumulative_cardinality": 0,
            "operator_type": "TOP_N",
            "operator_cardinality": 21,
            "cumulative_rows_scanned": 0,
            "operator_rows_scanned": 0,
            "operator_timing": 6.420099999999999e-05,
            "children": [
              {
                "total_bytes_written": 0,
                "total_bytes_read": 0,
                "result_set_size": 840,
                "operator_name": "PROJECTION",
                "cpu_time": 0.0,
                "extra_info": {
                  "Projections": [
                    "\"substring\"(r_reason_desc, 1, 20)",
                    "avg(ws_quantity)",
                    "avg(wr_refunded_cash)",
                    "avg(wr_fee)"
                  ],
                  "Estimated Cardinality": "10335"
                },
                "cumulative_cardinality": 0,
                "operator_type": "PROJECTION",
                "operator_cardinality": 21,
                "cumulative_rows_scanned": 0,
                "operator_rows_scanned": 0,
                "operator_timing": 3.1354000000000005e-05,
                "children": [
                  {
                    "total_bytes_written": 0,
                    "total_bytes_read": 0,
                    "result_set_size": 840,
                    "operator_name": "HASH_GROUP_BY",
                    "cpu_time": 0.0,
                    "extra_info": {
                      "Groups": "#0",
                      "Aggregates": [
                        "avg(#1)",
                        "avg(#2)",
                        "avg(#3)"
                      ],
                      "Estimated Cardinality": "10335"
                    },
                    "cumulative_cardinality": 0,
                    "operator_type": "HASH_GROUP_BY",
                    "operator_cardinality": 21,
                    "cumulative_rows_scanned": 0,
                    "operator_rows_scanned": 0,
                    "operator_timing": 0.0015543889999999998,
                    "children": [
                      {
                        "total_bytes_written": 0,
                        "total_bytes_read": 0,
                        "result_set_size": 728,
                        "operator_name": "PROJECTION",
                        "cpu_time": 0.0,
                        "extra_info": {
                          "Projections": [
                            "r_reason_desc",
                            "ws_quantity",
                            "wr_refunded_cash",
                            "wr_fee"
                          ],
                          "Estimated Cardinality": "10932"
                        },
                        "cumulative_cardinality": 0,
                        "operator_type": "PROJECTION",
                        "operator_cardinality": 26,
                        "cumulative_rows_scanned": 0,
                        "operator_rows_scanned": 0,
                        "operator_timing": 3.849e-06,
                        "children": [
                          {
                            "total_bytes_written": 0,
                            "total_bytes_read": 0,
                            "result_set_size": 728,
                            "operator_name": "HASH_JOIN",
                            "cpu_time": 0.0,
                            "extra_info": {
                              "Join Type": "INNER",
                              "Conditions": "wr_reason_sk = r_reason_sk",
                              "Estimated Cardinality": "10932"
                            },
                            "cumulative_cardinality": 0,
                            "operator_type": "HASH_JOIN",
                            "operator_cardinality": 26,
                            "cumulative_rows_scanned": 0,
                            "operator_rows_scanned": 0,
                            "operator_timing": 0.000115072,
                            "children": [
                              {
                                "total_bytes_written": 0,
                                "total_bytes_read": 0,
                                "result_set_size": 520,
                                "operator_name": "HASH_JOIN",
                                "cpu_time": 0.0,
                                "extra_info": {
                                  "Join Type": "INNER",
                                  "Conditions": "ws_web_page_sk = wp_web_page_sk",
                                  "Estimated Cardinality": "10932"
                                },
                                "cumulative_cardinality": 0,
                                "operator_type": "HASH_JOIN",
                                "operator_cardinality": 26,
                                "cumulative_rows_scanned": 0,
                                "operator_rows_scanned": 0,
                                "operator_timing": 0.000106945,
                                "children": [
                                  {
                                    "total_bytes_written": 0,
                                    "total_bytes_read": 0,
                                    "result_set_size": 1456,
                                    "operator_name": "HASH_JOIN",
                                    "cpu_time": 0.0,
                                    "extra_info": {
                                      "Join Type": "INNER",
                                      "Conditions": [
                                        "cd_demo_sk = wr_returning_cdemo_sk",
                                        "cd_education_status = cd_education_status",
                                        "cd_marital_status = cd_marital_status"
                                      ],
                                      "Estimated Cardinality": "12189"
                                    },
                                    "cumulative_cardinality": 0,
                                    "operator_type": "HASH_JOIN",
                                    "operator_cardinality": 26,
                                    "cumulative_rows_scanned": 0,
                                    "operator_rows_scanned": 0,
                                    "operator_timing": 0.004175957,
                                    "children": [
                                      {
                                        "total_bytes_written": 0,
                                        "total_bytes_read": 0,
                                        "result_set_size": 26413848,
                                        "operator_name": "SEQ_SCAN ",
                                        "cpu_time": 0.0,
                                        "extra_info": {
                                          "Table": "customer_demographics",
                                          "Type": "Sequential Scan",
                                          "Projections": [
                                            "cd_demo_sk",
                                            "cd_marital_status",
                                            "cd_education_status"
                                          ],
                                          "Filters": "cd_demo_sk>=3 AND cd_demo_sk<=1920799",
                                          "Estimated Cardinality": "1920800"
                                        },
                                        "cumulative_cardinality": 0,
                                        "operator_type": "TABLE_SCAN",
                                        "operator_cardinality": 733718,
                                        "cumulative_rows_scanned": 0,
                                        "operator_rows_scanned": 30732800,
                                        "operator_timing": 0.015580352,
                                        "children": []
                                      },
                                      {
                                        "total_bytes_written": 0,
                                        "total_bytes_read": 0,
                                        "result_set_size": 1512,
                                        "operator_name": "PROJECTION",
                                        "cpu_time": 0.0,
                                        "extra_info": {
                                          "Projections": [
                                            "#0",
                                            "#1",
                                            "#2",
                                            "#3",
                                            "#4",
                                            "#5",
                                            "#6",
                                            "#8"
                                          ],
                                          "Estimated Cardinality": "36569"
                                        },
                                        "cumulative_cardinality": 0,
                                        "operator_type": "PROJECTION",
                                        "operator_cardinality": 27,
                                        "cumulative_rows_scanned": 0,
                                        "operator_rows_scanned": 0,
                                        "operator_timing": 5.123e-06,
                                        "children": [
                                          {
                                            "total_bytes_written": 0,
                                            "total_bytes_read": 0,
                                            "result_set_size": 1620,
                                            "operator_name": "FILTER",
                                            "cpu_time": 0.0,
                                            "extra_info": {
                                              "Expression": "((((ws_sales_price >= 100.00) AND (ws_sales_price <= 150.00)) AND (cd_marital_status = 'S') AND (cd_education_status = 'Primary')) OR (((ws_sales_price >= 50.00) AND (ws_sales_price <= 100.00)) AND (cd_marital_status = 'M') AND (cd_education_status = 'Secondary')) OR (((ws_sales_price >= 150.00) AND (ws_sales_price <= 200.00)) AND (cd_marital_status = 'U') AND (cd_education_status = '2 yr Degree')))",
                                              "Estimated Cardinality": "36569"
                                            },
                                            "cumulative_cardinality": 0,
                                            "operator_type": "FILTER",
                                            "operator_cardinality": 27,
                                            "cumulative_rows_scanned": 0,
                                            "operator_rows_scanned": 0,
                                            "operator_timing": 0.00042343,
                                            "children": [
                                              {
                                                "total_bytes_written": 0,
                                                "total_bytes_read": 0,
                                                "result_set_size": 116760,
                                                "operator_name": "HASH_JOIN",
                                                "cpu_time": 0.0,
                                                "extra_info": {
                                                  "Join Type": "INNER",
                                                  "Conditions": "cd_demo_sk = wr_refunded_cdemo_sk",
                                                  "Estimated Cardinality": "36569"
                                                },
                                                "cumulative_cardinality": 0,
                                                "operator_type": "HASH_JOIN",
                                                "operator_cardinality": 1946,
                                                "cumulative_rows_scanned": 0,
                                                "operator_rows_scanned": 0,
                                                "operator_timing": 0.009061807000000002,
                                                "children": [
                                                  {
                                                    "total_bytes_written": 0,
                                                    "total_bytes_read": 0,
                                                    "result_set_size": 69058080,
                                                    "operator_name": "SEQ_SCAN ",
                                                    "cpu_time": 0.0,
                                                    "extra_info": {
                                                      "Table": "customer_demographics",
                                                      "Type": "Sequential Scan",
                                                      "Projections": [
                                                        "cd_demo_sk",
                                                        "cd_marital_status",
                                                        "cd_education_status"
                                                      ],
                                                      "Filters": "cd_demo_sk>=3 AND cd_demo_sk<=1920799",
                                                      "Estimated Cardinality": "1920800"
                                                    },
                                                    "cumulative_cardinality": 0,
                                                    "operator_type": "TABLE_SCAN",
                                                    "operator_cardinality": 1918280,
                                                    "cumulative_rows_scanned": 0,
                                                    "operator_rows_scanned": 30732800,
                                                    "operator_timing": 0.0033746580000000004,
                                                    "children": []
                                                  },
                                                  {
                                                    "total_bytes_written": 0,
                                                    "total_bytes_read": 0,
                                                    "result_set_size": 64320,
                                                    "operator_name": "PROJECTION",
                                                    "cpu_time": 0.0,
                                                    "extra_info": {
                                                      "Projections": [
                                                        "#0",
                                                        "#1",
                                                        "#2",
                                                        "#3",
                                                        "#4",
                                                        "#6",
                                                        "#7",
                                                        "#9"
                                                      ],
                                                      "Estimated Cardinality": "36569"
                                                    },
                                                    "cumulative_cardinality": 0,
                                                    "operator_type": "PROJECTION",
                                                    "operator_cardinality": 2010,
                                                    "cumulative_rows_scanned": 0,
                                                    "operator_rows_scanned": 0,
                                                    "operator_timing": 6.857000000000001e-06,
                                                    "children": [
                                                      {
                                                        "total_bytes_written": 0,
                                                        "total_bytes_read": 0,
                                                        "result_set_size": 104520,
                                                        "operator_name": "FILTER",
                                                        "cpu_time": 0.0,
                                                        "extra_info": {
                                                          "Expression": "((((ws_net_profit >= 100.00) AND (ws_net_profit <= 200.00)) AND ((ca_state = 'KY') OR (ca_state = 'NC') OR (ca_state = 'SD'))) OR (((ws_net_profit >= 150.00) AND (ws_net_profit <= 300.00)) AND ((ca_state = 'AR') OR (ca_state = 'GA') OR (ca_state = 'IN'))) OR (((ws_net_profit >= 50.00) AND (ws_net_profit <= 250.00)) AND ((ca_state = 'KS') OR (ca_state = 'OH') OR (ca_state = 'VA'))))",
                                                          "Estimated Cardinality": "36569"
                                                        },
                                                        "cumulative_cardinality": 0,
                                                        "operator_type": "FILTER",
                                                        "operator_cardinality": 2010,
                                                        "cumulative_rows_scanned": 0,
                                                        "operator_rows_scanned": 0,
                                                        "operator_timing": 0.007520358999999999,
                                                        "children": [
                                                          {
                                                            "total_bytes_written": 0,
                                                            "total_bytes_read": 0,
                                                            "result_set_size": 6945224,
                                                            "operator_name": "HASH_JOIN",
                                                            "cpu_time": 0.0,
                                                            "extra_info": {
                                                              "Join Type": "INNER",
                                                              "Conditions": [
                                                                "wr_item_sk = ws_item_sk",
                                                                "wr_order_number = ws_order_number"
                                                              ],
                                                              "Estimated Cardinality": "36569"
                                                            },
                                                            "cumulative_cardinality": 0,
                                                            "operator_type": "HASH_JOIN",
                                                            "operator_cardinality": 133562,
                                                            "cumulative_rows_scanned": 0,
                                                            "operator_rows_scanned": 0,
                                                            "operator_timing": 0.21386821399999997,
                                                            "children": [
                                                              {
                                                                "total_bytes_written": 0,
                                                                "total_bytes_read": 0,
                                                                "result_set_size": 29305672,
                                                                "operator_name": "HASH_JOIN",
                                                                "cpu_time": 0.0,
                                                                "extra_info": {
                                                                  "Join Type": "INNER",
                                                                  "Conditions": "wr_refunded_addr_sk = ca_address_sk",
                                                                  "Estimated Cardinality": "129726"
                                                                },
                                                                "cumulative_cardinality": 0,
                                                                "operator_type": "HASH_JOIN",
                                                                "operator_cardinality": 666038,
                                                                "cumulative_rows_scanned": 0,
                                                                "operator_rows_scanned": 0,
                                                                "operator_timing": 0.009289136999999998,
                                                                "children": [
                                                                  {
                                                                    "total_bytes_written": 0,
                                                                    "total_bytes_read": 0,
                                                                    "result_set_size": 21990208,
                                                                    "operator_name": "SEQ_SCAN ",
                                                                    "cpu_time": 0.0,
                                                                    "extra_info": {
                                                                      "Table": "web_returns",
                                                                      "Type": "Sequential Scan",
                                                                      "Projections": [
                                                                        "wr_item_sk",
                                                                        "wr_order_number",
                                                                        "wr_refunded_cdemo_sk",
                                                                        "wr_returning_cdemo_sk",
                                                                        "wr_refunded_addr_sk",
                                                                        "wr_reason_sk",
                                                                        "wr_refunded_cash",
                                                                        "wr_fee"
                                                                      ],
                                                                      "Estimated Cardinality": "719222"
                                                                    },
                                                                    "cumulative_cardinality": 0,
                                                                    "operator_type": "TABLE_SCAN",
                                                                    "operator_cardinality": 687194,
                                                                    "cumulative_rows_scanned": 0,
                                                                    "operator_rows_scanned": 4315332,
                                                                    "operator_timing": 0.007209835,
                                                                    "children": []
                                                                  },
                                                                  {
                                                                    "total_bytes_written": 0,
                                                                    "total_bytes_read": 0,
                                                                    "result_set_size": 4847020,
                                                                    "operator_name": "SEQ_SCAN ",
                                                                    "cpu_time": 0.0,
                                                                    "extra_info": {
                                                                      "Table": "customer_address",
                                                                      "Type": "Sequential Scan",
                                                                      "Projections": [
                                                                        "ca_address_sk",
                                                                        "ca_state"
                                                                      ],
                                                                      "Filters": "ca_country='United States'",
                                                                      "Estimated Cardinality": "50000"
                                                                    },
                                                                    "cumulative_cardinality": 0,
                                                                    "operator_type": "TABLE_SCAN",
                                                                    "operator_cardinality": 242351,
                                                                    "cumulative_rows_scanned": 0,
                                                                    "operator_rows_scanned": 750000,
                                                                    "operator_timing": 0.007699385000000001,
                                                                    "children": []
                                                                  }
                                                                ]
                                                              },
                                                              {
                                                                "total_bytes_written": 0,
                                                                "total_bytes_read": 0,
                                                                "result_set_size": 40287156,
                                                                "operator_name": "HASH_JOIN",
                                                                "cpu_time": 0.0,
                                                                "extra_info": {
                                                                  "Join Type": "INNER",
                                                                  "Conditions": "ws_sold_date_sk = d_date_sk",
                                                                  "Estimated Cardinality": "57640"
                                                                },
                                                                "cumulative_cardinality": 0,
                                                                "operator_type": "HASH_JOIN",
                                                                "operator_cardinality": 1438827,
                                                                "cumulative_rows_scanned": 0,
                                                                "operator_rows_scanned": 0,
                                                                "operator_timing": 0.013538824999999997,
                                                                "children": [
                                                                  {
                                                                    "total_bytes_written": 0,
                                                                    "total_bytes_read": 0,
                                                                    "result_set_size": 40287156,
                                                                    "operator_name": "SEQ_SCAN ",
                                                                    "cpu_time": 0.0,
                                                                    "extra_info": {
                                                                      "Table": "web_sales",
                                                                      "Type": "Sequential Scan",
                                                                      "Projections": [
                                                                        "ws_web_page_sk",
                                                                        "ws_item_sk",
                                                                        "ws_order_number",
                                                                        "ws_sold_date_sk",
                                                                        "ws_sales_price",
                                                                        "ws_net_profit",
                                                                        "ws_quantity"
                                                                      ],
                                                                      "Estimated Cardinality": "7197566"
                                                                    },
                                                                    "cumulative_cardinality": 0,
                                                                    "operator_type": "TABLE_SCAN",
                                                                    "operator_cardinality": 1438827,
                                                                    "cumulative_rows_scanned": 0,
                                                                    "operator_rows_scanned": 201531848,
                                                                    "operator_timing": 0.08459391799999999,
                                                                    "children": []
                                                                  },
                                                                  {
                                                                    "total_bytes_written": 0,
                                                                    "total_bytes_read": 0,
                                                                    "result_set_size": 1460,
                                                                    "operator_name": "FILTER",
                                                                    "cpu_time": 0.0,
                                                                    "extra_info": {
                                                                      "Expression": "(d_date_sk BETWEEN 2450816 AND 2452642)",
                                                                      "Estimated Cardinality": "585"
                                                                    },
                                                                    "cumulative_cardinality": 0,
                                                                    "operator_type": "FILTER",
                                                                    "operator_cardinality": 365,
                                                                    "cumulative_rows_scanned": 0,
                                                                    "operator_rows_scanned": 0,
                                                                    "operator_timing": 8.595e-06,
                                                                    "children": [
                                                                      {
                                                                        "total_bytes_written": 0,
                                                                        "total_bytes_read": 0,
                                                                        "result_set_size": 1460,
                                                                        "operator_name": "SEQ_SCAN ",
                                                                        "cpu_time": 0.0,
                                                                        "extra_info": {
                                                                          "Table": "date_dim",
                                                                          "Type": "Sequential Scan",
                                                                          "Projections": "d_date_sk",
                                                                          "Filters": "d_year=2002",
                                                                          "Estimated Cardinality": "585"
                                                                        },
                                                                        "cumulative_cardinality": 0,
                                                                        "operator_type": "TABLE_SCAN",
                                                                        "operator_cardinality": 365,
                                                                        "cumulative_rows_scanned": 0,
                                                                        "operator_rows_scanned": 73049,
                                                                        "operator_timing": 2.1832e-05,
                                                                        "children": []
                                                                      }
                                                                    ]
                                                                  }
                                                                ]
                                                              }
                                                            ]
                                                          }
                                                        ]
                                                      }
                                                    ]
                                                  }
                                                ]
                                              }
                                            ]
                                          }
                                        ]
                                      }
                                    ]
                                  },
                                  {
                                    "total_bytes_written": 0,
                                    "total_bytes_read": 0,
                                    "result_set_size": 800,
                                    "operator_name": "SEQ_SCAN ",
                                    "cpu_time": 0.0,
                                    "extra_info": {
                                      "Table": "web_page",
                                      "Type": "Sequential Scan",
                                      "Projections": "wp_web_page_sk",
                                      "Estimated Cardinality": "200"
                                    },
                                    "cumulative_cardinality": 0,
                                    "operator_type": "TABLE_SCAN",
                                    "operator_cardinality": 200,
                                    "cumulative_rows_scanned": 0,
                                    "operator_rows_scanned": 200,
                                    "operator_timing": 5.154e-06,
                                    "children": []
                                  }
                                ]
                              },
                              {
                                "total_bytes_written": 0,
                                "total_bytes_read": 0,
                                "result_set_size": 900,
                                "operator_name": "SEQ_SCAN ",
                                "cpu_time": 0.0,
                                "extra_info": {
                                  "Table": "reason",
                                  "Type": "Sequential Scan",
                                  "Projections": [
                                    "r_reason_sk",
                                    "r_reason_desc"
                                  ],
                                  "Estimated Cardinality": "45"
                                },
                                "cumulative_cardinality": 0,
                                "operator_type": "TABLE_SCAN",
                                "operator_cardinality": 45,
                                "cumulative_rows_scanned": 0,
                                "operator_rows_scanned": 45,
                                "operator_timing": 5.721e-06,
                                "children": []
                              }
                            ]
                          }
                        ]
                      }
                    ]
                  }
                ]
              }
            ]
          }
        ]
      }
    ]
  },
  "actual_rows": 0
}