{
  "execution_time_ms": 146.9,
  "plan_text": "\u250c\u2500\u2500\u2500\u2500\u2500\u2500\u2500\u2500\u2500\u2500\u2500\u2500\u2500\u2500\u2500\u2500\u2500\u2500\u2500\u2500\u2500\u2500\u2500\u2500\u2500\u2500\u2500\u2500\u2500\u2500\u2500\u2500\u2500\u2500\u2500\u2500\u2500\u2510\n\u2502\u250c\u2500\u2500\u2500\u2500\u2500\u2500\u2500\u2500\u2500\u2500\u2500\u2500\u2500\u2500\u2500\u2500\u2500\u2500\u2500\u2500\u2500\u2500\u2500\u2500\u2500\u2500\u2500\u2500\u2500\u2500\u2500\u2500\u2500\u2500\u2500\u2510\u2502\n\u2502\u2502    Query Profiling Information    \u2502\u2502\n\u2502\u2514\u2500\u2500\u2500\u2500\u2500\u2500\u2500\u2500\u2500\u2500\u2500\u2500\u2500\u2500\u2500\u2500\u2500\u2500\u2500\u2500\u2500\u2500\u2500\u2500\u2500\u2500\u2500\u2500\u2500\u2500\u2500\u2500\u2500\u2500\u2500\u2518\u2502\n\u2514\u2500\u2500\u2500\u2500\u2500\u2500\u2500\u2500\u2500\u2500\u2500\u2500\u2500\u2500\u2500\u2500\u2500\u2500\u2500\u2500\u2500\u2500\u2500\u2500\u2500\u2500\u2500\u2500\u2500\u2500\u2500\u2500\u2500\u2500\u2500\u2500\u2500\u2518\nEXPLAIN ANALYZE with ssr as  (select  s_store_id as store_id,           sum(ss_ext_sales_price) as sales,           sum(coalesce(sr_return_amt, 0)) as returns,           sum(ss_net_profit - coalesce(sr_net_loss, 0)) as profit   from store_sales left outer join store_returns on          (ss_item_sk = sr_item_sk and ss_ticket_number = sr_ticket_number),      date_dim,      store,      item,      promotion  where ss_sold_date_sk = d_date_sk        and d_date between cast('1998-08-29' as date)                   and cast('1998-08-29' as date) + interval '30 day'        and ss_store_sk = s_store_sk        and ss_item_sk = i_item_sk        and i_current_price > 50        and ss_promo_sk = p_promo_sk        and p_channel_email = 'N'        and p_channel_tv = 'N'        and p_channel_radio = 'N'        and p_channel_press = 'N'        and p_channel_event = 'N'        and ss_wholesale_cost BETWEEN 23 AND 38        and i_category IN ('Children', 'Sports')  group by s_store_id)  ,  csr as  (select  cp_catalog_page_id as catalog_page_id,           sum(cs_ext_sales_price) as sales,           sum(coalesce(cr_return_amount, 0)) as returns,           sum(cs_net_profit - coalesce(cr_net_loss, 0)) as profit   from catalog_sales left outer join catalog_returns on          (cs_item_sk = cr_item_sk and cs_order_number = cr_order_number),      date_dim,      catalog_page,      item,      promotion  where cs_sold_date_sk = d_date_sk        and d_date between cast('1998-08-29' as date)                   and cast('1998-08-29' as date) + interval '30 day'         and cs_catalog_page_sk = cp_catalog_page_sk        and cs_item_sk = i_item_sk        and i_current_price > 50        and cs_promo_sk = p_promo_sk        and p_channel_email = 'N'        and p_channel_tv = 'N'        and p_channel_radio = 'N'        and p_channel_press = 'N'        and p_channel_event = 'N'        and cs_wholesale_cost BETWEEN 23 AND 38        and i_category IN ('Children', 'Sports') group by cp_catalog_page_id)  ,  wsr as  (select  web_site_id,           sum(ws_ext_sales_price) as sales,           sum(coalesce(wr_return_amt, 0)) as returns,           sum(ws_net_profit - coalesce(wr_net_loss, 0)) as profit   from web_sales left outer join web_returns on          (ws_item_sk = wr_item_sk and ws_order_number = wr_order_number),      date_dim,      web_site,      item,      promotion  where ws_sold_date_sk = d_date_sk        and d_date between cast('1998-08-29' as date)                   and cast('1998-08-29' as date) + interval '30 day'         and ws_web_site_sk = web_site_sk        and ws_item_sk = i_item_sk        and i_current_price > 50        and ws_promo_sk = p_promo_sk        and p_channel_email = 'N'        and p_channel_tv = 'N'        and p_channel_radio = 'N'        and p_channel_press = 'N'        and p_channel_event = 'N'        and ws_wholesale_cost BETWEEN 23 AND 38        and i_category IN ('Children', 'Sports') group by web_site_id)   select  channel         , id         , sum(sales) as sales         , sum(returns) as returns         , sum(profit) as profit  from  (select 'store channel' as channel         , 'store' || store_id as id         , sales         , returns         , profit  from   ssr  union all  select 'catalog channel' as channel         , 'catalog_page' || catalog_page_id as id         , sales         , returns         , profit  from  csr  union all  select 'web channel' as channel         , 'web_site' || web_site_id as id         , sales         , returns         , profit  from   wsr  ) x  group by rollup (channel, id)  order by channel          ,id  limit 100\n\u250c\u2500\u2500\u2500\u2500\u2500\u2500\u2500\u2500\u2500\u2500\u2500\u2500\u2500\u2500\u2500\u2500\u2500\u2500\u2500\u2500\u2500\u2500\u2500\u2500\u2500\u2500\u2500\u2500\u2500\u2500\u2500\u2500\u2500\u2500\u2500\u2500\u2500\u2500\u2500\u2500\u2500\u2500\u2500\u2500\u2500\u2500\u2500\u2500\u2510\n\u2502\u250c\u2500\u2500\u2500\u2500\u2500\u2500\u2500\u2500\u2500\u2500\u2500\u2500\u2500\u2500\u2500\u2500\u2500\u2500\u2500\u2500\u2500\u2500\u2500\u2500\u2500\u2500\u2500\u2500\u2500\u2500\u2500\u2500\u2500\u2500\u2500\u2500\u2500\u2500\u2500\u2500\u2500\u2500\u2500\u2500\u2500\u2500\u2510\u2502\n\u2502\u2502              Total Time: 0.0883s             \u2502\u2502\n\u2502\u2514\u2500\u2500\u2500\u2500\u2500\u2500\u2500\u2500\u2500\u2500\u2500\u2500\u2500\u2500\u2500\u2500\u2500\u2500\u2500\u2500\u2500\u2500\u2500\u2500\u2500\u2500\u2500\u2500\u2500\u2500\u2500\u2500\u2500\u2500\u2500\u2500\u2500\u2500\u2500\u2500\u2500\u2500\u2500\u2500\u2500\u2500\u2518\u2502\n\u2514\u2500\u2500\u2500\u2500\u2500\u2500\u2500\u2500\u2500\u2500\u2500\u2500\u2500\u2500\u2500\u2500\u2500\u2500\u2500\u2500\u2500\u2500\u2500\u2500\u2500\u2500\u2500\u2500\u2500\u2500\u2500\u2500\u2500\u2500\u2500\u2500\u2500\u2500\u2500\u2500\u2500\u2500\u2500\u2500\u2500\u2500\u2500\u2500\u2518\n\u250c\u2500\u2500\u2500\u2500\u2500\u2500\u2500\u2500\u2500\u2500\u2500\u2500\u2500\u2510\n\u2502    QUERY    \u2502\n\u2514\u2500\u2500\u2500\u2500\u2500\u2500\u252c\u2500\u2500\u2500\u2500\u2500\u2500\u2518\n\u250c\u2500\u2500\u2500\u2500\u2500\u2500\u2534\u2500\u2500\u2500\u2500\u2500\u2500\u2510\n\u2502EXPLAIN_...  \u2502\n\u2502    \u2500\u2500\u2500\u2500\u2500\u2500   \u2502\n\u2502    0 rows   \u2502\n\u2502   (0.00s)   \u2502\n\u2514\u2500\u2500\u2500\u2500\u2500\u2500\u252c\u2500\u2500\u2500\u2500\u2500\u2500\u2518\n\u250c\u2500\u2500\u2500\u2500\u2500\u2500\u2534\u2500\u2500\u2500\u2500\u2500\u2500\u2510\n\u2502    TOP_N    \u2502\n\u2502    \u2500\u2500\u2500\u2500\u2500\u2500   \u2502\n\u2502     Top:    \u2502\n\u2502     100     \u2502\n\u2502             \u2502\n\u2502  Order By:  \u2502\n\u2502x.channel ASC\u2502\n\u2502   x.id ASC  \u2502\n\u2502             \u2502\n\u2502   100 rows  \u2502\n\u2502   (0.00s)   \u2502\n\u2514\u2500\u2500\u2500\u2500\u2500\u2500\u252c\u2500\u2500\u2500\u2500\u2500\u2500\u2518\n\u250c\u2500\u2500\u2500\u2500\u2500\u2500\u2534\u2500\u2500\u2500\u2500\u2500\u2500\u2510\n\u2502HASH_GROUP_BY\u2502\n\u2502    \u2500\u2500\u2500\u2500\u2500\u2500   \u2502\n\u2502   Groups:   \u2502\n\u2502      #0     \u2502\n\u2502      #1     \u2502\n\u2502             \u2502\n\u2502 Aggregates: \u2502\n\u2502   sum(#2)   \u2502\n\u2502   sum(#3)   \u2502\n\u2502   sum(#4)   \u2502\n\u2502             \u2502\n\u2502   350 rows  \u2502\n\u2502   (0.03s)   \u2502\n\u2514\u2500\u2500\u2500\u2500\u2500\u2500\u252c\u2500\u2500\u2500\u2500\u2500\u2500\u2518\n\u250c\u2500\u2500\u2500\u2500\u2500\u2500\u2534\u2500\u2500\u2500\u2500\u2500\u2500\u2510\n\u2502  PROJECTION \u2502\n\u2502    \u2500\u2500\u2500\u2500\u2500\u2500   \u2502\n\u2502   channel   \u2502\n\u2502      id     \u2502\n\u2502    sales    \u2502\n\u2502   returns   \u2502\n\u2502    profit   \u2502\n\u2502             \u2502\n\u2502   346 rows  \u2502\n\u2502   (0.00s)   \u2502\n\u2514\u2500\u2500\u2500\u2500\u2500\u2500\u252c\u2500\u2500\u2500\u2500\u2500\u2500\u2518\n\u250c\u2500\u2500\u2500\u2500\u2500\u2500\u2534\u2500\u2500\u2500\u2500\u2500\u2500\u2510\n\u2502    UNION    \u2502\n\u2502    \u2500\u2500\u2500\u2500\u2500\u2500   \u2502\n\u2502    0 rows   \u251c\u2500\u2500\u2500\u2500\u2500\u2500\u2500\u2500\u2500\u2500\u2500\u2500\u2500\u2500\u2500\u2500\u2500\u2500\u2500\u2500\u2500\u2500\u2500\u2500\u2500\u2500\u2500\u2500\u2500\u2500\u2500\u2500\u2500\u2500\u2500\u2500\u2500\u2500\u2500\u2500\u2500\u2500\u2500\u2500\u2500\u2500\u2500\u2500\u2500\u2500\u2500\u2500\u2500\u2500\u2500\u2500\u2500\u2500\u2500\u2500\u2500\u2500\u2500\u2500\u2500\u2500\u2500\u2500\u2500\u2500\u2500\u2500\u2500\u2500\u2500\u2500\u2500\u2500\u2500\u2500\u2500\u2500\u2500\u2500\u2500\u2500\u2500\u2500\u2500\u2500\u2500\u2500\u2500\u2500\u2500\u2500\u2500\u2500\u2500\u2500\u2500\u2500\u2500\u2500\u2500\u2500\u2500\u2500\u2500\u2500\u2500\u2500\u2500\u2500\u2500\u2500\u2500\u2500\u2500\u2500\u2500\u2500\u2500\u2500\u2500\u2500\u2500\u2500\u2500\u2500\u2500\u2500\u2500\u2500\u2500\u2500\u2500\u2500\u2500\u2500\u2500\u2500\u2500\u2500\u2500\u2500\u2500\u2500\u2500\u2500\u2500\u2500\u2500\u2500\u2500\u2500\u2500\u2500\u2500\u2500\u2500\u2500\u2500\u2500\u2500\u2500\u2500\u2500\u2500\u2500\u2500\u2500\u2510\n\u2502   (0.00s)   \u2502                                                                                                                                                                            \u2502\n\u2514\u2500\u2500\u2500\u2500\u2500\u2500\u252c\u2500\u2500\u2500\u2500\u2500\u2500\u2518                                                                                                                                                                            \u2502\n\u250c\u2500\u2500\u2500\u2500\u2500\u2500\u2534\u2500\u2500\u2500\u2500\u2500\u2500\u2510                                                                                                                                                                     \u250c\u2500\u2500\u2500\u2500\u2500\u2500\u2534\u2500\u2500\u2500\u2500\u2500\u2500\u2510\n\u2502    UNION    \u2502                                                                                                                                                                     \u2502  PROJECTION \u2502\n\u2502    \u2500\u2500\u2500\u2500\u2500\u2500   \u2502                                                                                                                                                                     \u2502    \u2500\u2500\u2500\u2500\u2500\u2500   \u2502\n\u2502             \u2502                                                                                                                                                                     \u2502   channel   \u2502\n\u2502             \u2502                                                                                                                                                                     \u2502      id     \u2502\n\u2502             \u2502                                                                                                                                                                     \u2502    sales    \u2502\n\u2502             \u251c\u2500\u2500\u2500\u2500\u2500\u2500\u2500\u2500\u2500\u2500\u2500\u2500\u2500\u2500\u2500\u2500\u2500\u2500\u2500\u2500\u2500\u2500\u2500\u2500\u2500\u2500\u2500\u2500\u2500\u2500\u2500\u2500\u2500\u2500\u2500\u2500\u2500\u2500\u2500\u2500\u2500\u2500\u2500\u2500\u2500\u2500\u2500\u2500\u2500\u2500\u2500\u2500\u2500\u2500\u2500\u2500\u2500\u2500\u2500\u2500\u2500\u2500\u2500\u2500\u2500\u2500\u2500\u2500\u2500\u2500\u2500\u2500\u2500\u2500\u2500\u2500\u2500\u2500\u2500\u2500\u2500\u2500\u2510                                                                                  \u2502   returns   \u2502\n\u2502             \u2502                                                                                  \u2502                                                                                  \u2502    profit   \u2502\n\u2502             \u2502                                                                                  \u2502                                                                                  \u2502             \u2502\n\u2502    0 rows   \u2502                                                                                  \u2502                                                                                  \u2502   21 rows   \u2502\n\u2502   (0.00s)   \u2502                                                                                  \u2502                                                                                  \u2502   (0.00s)   \u2502\n\u2514\u2500\u2500\u2500\u2500\u2500\u2500\u252c\u2500\u2500\u2500\u2500\u2500\u2500\u2518                                                                                  \u2502                                                                                  \u2514\u2500\u2500\u2500\u2500\u2500\u2500\u252c\u2500\u2500\u2500\u2500\u2500\u2500\u2518\n\u250c\u2500\u2500\u2500\u2500\u2500\u2500\u2534\u2500\u2500\u2500\u2500\u2500\u2500\u2510                                                                           \u250c\u2500\u2500\u2500\u2500\u2500\u2500\u2534\u2500\u2500\u2500\u2500\u2500\u2500\u2510                                                                           \u250c\u2500\u2500\u2500\u2500\u2500\u2500\u2534\u2500\u2500\u2500\u2500\u2500\u2500\u2510\n\u2502  PROJECTION \u2502                                                                           \u2502  PROJECTION \u2502                                                                           \u2502HASH_GROUP_BY\u2502\n\u2502    \u2500\u2500\u2500\u2500\u2500\u2500   \u2502                                                                           \u2502    \u2500\u2500\u2500\u2500\u2500\u2500   \u2502                                                                           \u2502    \u2500\u2500\u2500\u2500\u2500\u2500   \u2502\n\u2502   channel   \u2502                                                                           \u2502   channel   \u2502                                                                           \u2502   Groups:   \u2502\n\u2502      id     \u2502                                                                           \u2502      id     \u2502                                                                           \u2502      #0     \u2502\n\u2502    sales    \u2502                                                                           \u2502    sales    \u2502                                                                           \u2502             \u2502\n\u2502   returns   \u2502                                                                           \u2502   returns   \u2502                                                                           \u2502 Aggregates: \u2502\n\u2502    profit   \u2502                                                                           \u2502    profit   \u2502                                                                           \u2502   sum(#1)   \u2502\n\u2502             \u2502                                                                           \u2502             \u2502                                                                           \u2502   sum(#2)   \u2502\n\u2502             \u2502                                                                           \u2502             \u2502                                                                           \u2502   sum(#3)   \u2502\n\u2502             \u2502                                                                           \u2502             \u2502                                                                           \u2502             \u2502\n\u2502   51 rows   \u2502                                                                           \u2502   274 rows  \u2502                                                                           \u2502   21 rows   \u2502\n\u2502   (0.00s)   \u2502                                                                           \u2502   (0.00s)   \u2502                                                                           \u2502   (0.01s)   \u2502\n\u2514\u2500\u2500\u2500\u2500\u2500\u2500\u252c\u2500\u2500\u2500\u2500\u2500\u2500\u2518                                                                           \u2514\u2500\u2500\u2500\u2500\u2500\u2500\u252c\u2500\u2500\u2500\u2500\u2500\u2500\u2518                                                                           \u2514\u2500\u2500\u2500\u2500\u2500\u2500\u252c\u2500\u2500\u2500\u2500\u2500\u2500\u2518\n\u250c\u2500\u2500\u2500\u2500\u2500\u2500\u2534\u2500\u2500\u2500\u2500\u2500\u2500\u2510                                                                           \u250c\u2500\u2500\u2500\u2500\u2500\u2500\u2534\u2500\u2500\u2500\u2500\u2500\u2500\u2510                                                                           \u250c\u2500\u2500\u2500\u2500\u2500\u2500\u2534\u2500\u2500\u2500\u2500\u2500\u2500\u2510\n\u2502HASH_GROUP_BY\u2502                                                                           \u2502HASH_GROUP_BY\u2502                                                                           \u2502  PROJECTION \u2502\n\u2502    \u2500\u2500\u2500\u2500\u2500\u2500   \u2502                                                                           \u2502    \u2500\u2500\u2500\u2500\u2500\u2500   \u2502                                                                           \u2502    \u2500\u2500\u2500\u2500\u2500\u2500   \u2502\n\u2502   Groups:   \u2502                                                                           \u2502   Groups:   \u2502                                                                           \u2502 web_site_id \u2502\n\u2502      #0     \u2502                                                                           \u2502      #0     \u2502                                                                           \u2502ws_ext_sales_\u2502\n\u2502             \u2502                                                                           \u2502             \u2502                                                                           \u2502    price    \u2502\n\u2502 Aggregates: \u2502                                                                           \u2502 Aggregates: \u2502                                                                           \u2502   COALESCE  \u2502\n\u2502   sum(#1)   \u2502                                                                           \u2502   sum(#1)   \u2502                                                                           \u2502(CAST(wr_retu\u2502\n\u2502   sum(#2)   \u2502                                                                           \u2502   sum(#2)   \u2502                                                                           \u2502  rn_amt AS  \u2502\n\u2502   sum(#3)   \u2502                                                                           \u2502   sum(#3)   \u2502                                                                           \u2502  DECIMAL(12 \u2502\n\u2502             \u2502                                                                           \u2502             \u2502                                                                           \u2502 ,2)), 0.00) \u2502\n\u2502             \u2502                                                                           \u2502             \u2502                                                                           \u2502(CAST(ws_net_\u2502\n\u2502             \u2502                                                                           \u2502             \u2502                                                                           \u2502  profit AS  \u2502\n\u2502             \u2502                                                                           \u2502             \u2502                                                                           \u2502  DECIMAL(13 \u2502\n\u2502             \u2502                                                                           \u2502             \u2502                                                                           \u2502,2)) - COALES\u2502\n\u2502             \u2502                                                                           \u2502             \u2502                                                                           \u2502CE(CAST(wr_ne\u2502\n\u2502             \u2502                                                                           \u2502             \u2502                                                                           \u2502  t_loss AS  \u2502\n\u2502             \u2502                                                                           \u2502             \u2502                                                                           \u2502  DECIMAL(12 \u2502\n\u2502             \u2502                                                                           \u2502             \u2502                                                                           \u2502 ,2)), 0.00))\u2502\n\u2502             \u2502                                                                           \u2502             \u2502                                                                           \u2502             \u2502\n\u2502   51 rows   \u2502                                                                           \u2502   274 rows  \u2502                                                                           \u2502   257 rows  \u2502\n\u2502   (0.01s)   \u2502                                                                           \u2502   (0.00s)   \u2502                                                                           \u2502   (0.00s)   \u2502\n\u2514\u2500\u2500\u2500\u2500\u2500\u2500\u252c\u2500\u2500\u2500\u2500\u2500\u2500\u2518                                                                           \u2514\u2500\u2500\u2500\u2500\u2500\u2500\u252c\u2500\u2500\u2500\u2500\u2500\u2500\u2518                                                                           \u2514\u2500\u2500\u2500\u2500\u2500\u2500\u252c\u2500\u2500\u2500\u2500\u2500\u2500\u2518\n\u250c\u2500\u2500\u2500\u2500\u2500\u2500\u2534\u2500\u2500\u2500\u2500\u2500\u2500\u2510                                                                           \u250c\u2500\u2500\u2500\u2500\u2500\u2500\u2534\u2500\u2500\u2500\u2500\u2500\u2500\u2510                                                                           \u250c\u2500\u2500\u2500\u2500\u2500\u2500\u2534\u2500\u2500\u2500\u2500\u2500\u2500\u2510\n\u2502  PROJECTION \u2502                                                                           \u2502  PROJECTION \u2502                                                                           \u2502  HASH_JOIN  \u2502\n\u2502    \u2500\u2500\u2500\u2500\u2500\u2500   \u2502                                                                           \u2502    \u2500\u2500\u2500\u2500\u2500\u2500   \u2502                                                                           \u2502    \u2500\u2500\u2500\u2500\u2500\u2500   \u2502\n\u2502  s_store_id \u2502                                                                           \u2502cp_catalog_pa\u2502                                                                           \u2502  Join Type: \u2502\n\u2502ss_ext_sales_\u2502                                                                           \u2502    ge_id    \u2502                                                                           \u2502    INNER    \u2502\n\u2502    price    \u2502                                                                           \u2502cs_ext_sales_\u2502                                                                           \u2502             \u2502\n\u2502   COALESCE  \u2502                                                                           \u2502    price    \u2502                                                                           \u2502 Conditions: \u2502\n\u2502(CAST(sr_retu\u2502                                                                           \u2502   COALESCE  \u2502                                                                           \u2502ws_web_site_s\u2502\n\u2502  rn_amt AS  \u2502                                                                           \u2502(CAST(cr_retu\u2502                                                                           \u2502k = web_site_\u2502\n\u2502  DECIMAL(12 \u2502                                                                           \u2502 rn_amount AS\u2502                                                                           \u2502      sk     \u2502\n\u2502 ,2)), 0.00) \u2502                                                                           \u2502  DECIMAL(12 \u2502                                                                           \u2502             \u2502\n\u2502(CAST(ss_net_\u2502                                                                           \u2502 ,2)), 0.00) \u2502                                                                           \u2502             \u2502\n\u2502  profit AS  \u2502                                                                           \u2502(CAST(cs_net_\u2502                                                                           \u2502             \u251c\u2500\u2500\u2500\u2500\u2500\u2500\u2500\u2500\u2500\u2500\u2500\u2500\u2500\u2500\u2500\u2500\u2500\u2500\u2500\u2500\u2500\u2500\u2500\u2500\u2500\u2500\u2500\u2500\u2500\u2500\u2500\u2500\u2500\u2500\u2500\u2500\u2500\u2500\u2500\u2500\u2500\u2500\u2500\u2500\u2500\n\u2502  DECIMAL(13 \u2502                                                                           \u2502  profit AS  \u2502                                                                           \u2502             \u2502                                             \n\u2502,2)) - COALES\u2502                                                                           \u2502  DECIMAL(13 \u2502                                                                           \u2502             \u2502                                             \n\u2502CE(CAST(sr_ne\u2502                                                                           \u2502,2)) - COALES\u2502                                                                           \u2502             \u2502                                             \n\u2502  t_loss AS  \u2502                                                                           \u2502CE(CAST(cr_ne\u2502                                                                           \u2502             \u2502                                             \n\u2502  DECIMAL(12 \u2502                                                                           \u2502  t_loss AS  \u2502                                                                           \u2502             \u2502                                             \n\u2502 ,2)), 0.00))\u2502                                                                           \u2502  DECIMAL(12 \u2502                                                                           \u2502             \u2502                                             \n\u2502             \u2502                                                                           \u2502 ,2)), 0.00))\u2502                                                                           \u2502             \u2502                                             \n\u2502             \u2502                                                                           \u2502             \u2502                                                                           \u2502             \u2502                                             \n\u2502  1,014 rows \u2502                                                                           \u2502   519 rows  \u2502                                                                           \u2502   257 rows  \u2502                                             \n\u2502   (0.00s)   \u2502                                                                           \u2502   (0.00s)   \u2502                                                                           \u2502   (0.00s)   \u2502                                             \n\u2514\u2500\u2500\u2500\u2500\u2500\u2500\u252c\u2500\u2500\u2500\u2500\u2500\u2500\u2518                                                                           \u2514\u2500\u2500\u2500\u2500\u2500\u2500\u252c\u2500\u2500\u2500\u2500\u2500\u2500\u2518                                                                           \u2514\u2500\u2500\u2500\u2500\u2500\u2500\u252c\u2500\u2500\u2500\u2500\u2500\u2500\u2518                                             \n\u250c\u2500\u2500\u2500\u2500\u2500\u2500\u2534\u2500\u2500\u2500\u2500\u2500\u2500\u2510                                                                           \u250c\u2500\u2500\u2500\u2500\u2500\u2500\u2534\u2500\u2500\u2500\u2500\u2500\u2500\u2510                                                                           \u250c\u2500\u2500\u2500\u2500\u2500\u2500\u2534\u2500\u2500\u2500\u2500\u2500\u2500\u2510                                             \n\u2502  HASH_JOIN  \u2502                                                                           \u2502  HASH_JOIN  \u2502                                                                           \u2502  HASH_JOIN  \u2502                                             \n\u2502    \u2500\u2500\u2500\u2500\u2500\u2500   \u2502                                                                           \u2502    \u2500\u2500\u2500\u2500\u2500\u2500   \u2502                                                                           \u2502    \u2500\u2500\u2500\u2500\u2500\u2500   \u2502                                             \n\u2502  Join Type: \u2502                                                                           \u2502  Join Type: \u2502                                                                           \u2502  Join Type: \u2502                                             \n\u2502    INNER    \u2502                                                                           \u2502    INNER    \u2502                                                                           \u2502    INNER    \u2502                                             \n\u2502             \u2502                                                                           \u2502             \u2502                                                                           \u2502             \u2502                                             \n\u2502 Conditions: \u2502                                                                           \u2502 Conditions: \u2502                                                                           \u2502 Conditions: \u2502                                             \n\u2502 ss_store_sk \u2502                                                                           \u2502cp_catalog_pa\u2502                                                                           \u2502ws_sold_date_\u2502                                             \n\u2502 = s_store_sk\u251c\u2500\u2500\u2500\u2500\u2500\u2500\u2500\u2500\u2500\u2500\u2500\u2500\u2500\u2500\u2500\u2500\u2500\u2500\u2500\u2500\u2500\u2500\u2500\u2500\u2500\u2500\u2500\u2500\u2500\u2500\u2500\u2500\u2500\u2500\u2500\u2500\u2500\u2500\u2500\u2500\u2500\u2500\u2500\u2500\u2500\u2500\u2500\u2500\u2500\u2500\u2500\u2500\u2500\u2500\u2500\u2500\u2500\u2500\u2500\u2500\u2500\u2500\u2500\u2500\u2500\u2500\u2500\u2510       \u2502ge_sk = cs_ca\u251c\u2500\u2500\u2500\u2500\u2500\u2500\u2500\u2510                                                                   \u2502sk = d_date_s\u251c\u2500\u2500\u2500\u2500\u2500\u2500\u2500\u2500\u2500\u2500\u2500\u2500\u2500\u2500\u2500\u2500\u2500\u2500\u2500\u2500\u2500\u2500\u2500\u2500\u2500\u2500\u2500\u2500\u2500\u2500\u2500\u2500\u2500\u2500\u2500\u2500\u2500\u2500\u2500\u2500\u2500\u2500\u2500\u2500\u2500\n\u2502             \u2502                                                                   \u2502       \u2502talog_page_sk\u2502       \u2502                                                                   \u2502      k      \u2502                                             \n\u2502             \u2502                                                                   \u2502       \u2502             \u2502       \u2502                                                                   \u2502             \u2502                                             \n\u2502             \u2502                                                                   \u2502       \u2502             \u2502       \u2502                                                                   \u2502             \u2502                                             \n\u2502             \u2502                                                                   \u2502       \u2502             \u2502       \u2502                                                                   \u2502             \u2502                                             \n\u2502             \u2502                                                                   \u2502       \u2502             \u2502       \u2502                                                                   \u2502             \u2502                                             \n\u2502  1,014 rows \u2502                                                                   \u2502       \u2502   519 rows  \u2502       \u2502                                                                   \u2502   257 rows  \u2502                                             \n\u2502   (0.00s)   \u2502                                                                   \u2502       \u2502   (0.00s)   \u2502       \u2502                                                                   \u2502   (0.00s)   \u2502                                             \n\u2514\u2500\u2500\u2500\u2500\u2500\u2500\u252c\u2500\u2500\u2500\u2500\u2500\u2500\u2518                                                                   \u2502       \u2514\u2500\u2500\u2500\u2500\u2500\u2500\u252c\u2500\u2500\u2500\u2500\u2500\u2500\u2518       \u2502                                                                   \u2514\u2500\u2500\u2500\u2500\u2500\u2500\u252c\u2500\u2500\u2500\u2500\u2500\u2500\u2518                                             \n\u250c\u2500\u2500\u2500\u2500\u2500\u2500\u2534\u2500\u2500\u2500\u2500\u2500\u2500\u2510                                                            \u250c\u2500\u2500\u2500\u2500\u2500\u2500\u2534\u2500\u2500\u2500\u2500\u2500\u2500\u2510\u250c\u2500\u2500\u2500\u2500\u2500\u2500\u2534\u2500\u2500\u2500\u2500\u2500\u2500\u2510\u250c\u2500\u2500\u2500\u2500\u2500\u2500\u2534\u2500\u2500\u2500\u2500\u2500\u2500\u2510                                                            \u250c\u2500\u2500\u2500\u2500\u2500\u2500\u2534\u2500\u2500\u2500\u2500\u2500\u2500\u2510                                             \n\u2502  HASH_JOIN  \u2502                                                            \u2502  TABLE_SCAN \u2502\u2502  TABLE_SCAN \u2502\u2502  HASH_JOIN  \u2502                                                            \u2502  HASH_JOIN  \u2502                                             \n\u2502    \u2500\u2500\u2500\u2500\u2500\u2500   \u2502                                                            \u2502    \u2500\u2500\u2500\u2500\u2500\u2500   \u2502\u2502    \u2500\u2500\u2500\u2500\u2500\u2500   \u2502\u2502    \u2500\u2500\u2500\u2500\u2500\u2500   \u2502                                                            \u2502    \u2500\u2500\u2500\u2500\u2500\u2500   \u2502                                             \n\u2502  Join Type: \u2502                                                            \u2502    Table:   \u2502\u2502    Table:   \u2502\u2502  Join Type: \u2502                                                            \u2502  Join Type: \u2502                                             \n\u2502    INNER    \u2502                                                            \u2502    store    \u2502\u2502 catalog_page\u2502\u2502    INNER    \u2502                                                            \u2502    INNER    \u2502                                             \n\u2502             \u2502                                                            \u2502             \u2502\u2502             \u2502\u2502             \u2502                                                            \u2502             \u2502                                             \n\u2502 Conditions: \u2502                                                            \u2502    Type:    \u2502\u2502    Type:    \u2502\u2502 Conditions: \u2502                                                            \u2502 Conditions: \u2502                                             \n\u2502ss_sold_date_\u2502                                                            \u2502  Sequential \u2502\u2502  Sequential \u2502\u2502cs_sold_date_\u2502                                                            \u2502 ws_promo_sk \u2502                                             \n\u2502sk = d_date_s\u2502                                                            \u2502     Scan    \u2502\u2502     Scan    \u2502\u2502sk = d_date_s\u2502                                                            \u2502 = p_promo_sk\u2502                                             \n\u2502      k      \u2502                                                            \u2502             \u2502\u2502             \u2502\u2502      k      \u2502                                                            \u2502             \u2502                                             \n\u2502             \u2502                                                            \u2502 Projections:\u2502\u2502 Projections:\u2502\u2502             \u2502                                                            \u2502             \u2502                                             \n\u2502             \u251c\u2500\u2500\u2500\u2500\u2500\u2500\u2500\u2500\u2500\u2500\u2500\u2500\u2500\u2500\u2500\u2500\u2500\u2500\u2500\u2500\u2500\u2500\u2500\u2500\u2500\u2500\u2500\u2500\u2500\u2500\u2500\u2500\u2500\u2500\u2500\u2500\u2500\u2500\u2500\u2500\u2500\u2500\u2500\u2500\u2500\u2500\u2500\u2500\u2500\u2500\u2500\u2500\u2510       \u2502  s_store_sk \u2502\u2502cp_catalog_pa\u2502\u2502             \u251c\u2500\u2500\u2500\u2500\u2500\u2500\u2500\u2500\u2500\u2500\u2500\u2500\u2500\u2500\u2500\u2500\u2500\u2500\u2500\u2500\u2500\u2500\u2500\u2500\u2500\u2500\u2500\u2500\u2500\u2500\u2500\u2500\u2500\u2500\u2500\u2500\u2500\u2500\u2500\u2500\u2500\u2500\u2500\u2500\u2500\u2500\u2500\u2500\u2500\u2500\u2500\u2500\u2510       \u2502             \u251c\u2500\u2500\u2500\u2500\u2500\u2500\u2500\u2500\u2500\u2500\u2500\u2500\u2500\u2500\u2500\u2500\u2500\u2500\u2500\u2500\u2500\u2500\u2500\u2500\u2500\u2500\u2500\u2500\u2500\u2500\u2500\u2500\u2500\u2500\u2500\u2500\u2500\u2510       \n\u2502             \u2502                                                    \u2502       \u2502  s_store_id \u2502\u2502    ge_sk    \u2502\u2502             \u2502                                                    \u2502       \u2502             \u2502                                     \u2502       \n\u2502             \u2502                                                    \u2502       \u2502             \u2502\u2502cp_catalog_pa\u2502\u2502             \u2502                                                    \u2502       \u2502             \u2502                                     \u2502       \n\u2502             \u2502                                                    \u2502       \u2502   Filters:  \u2502\u2502    ge_id    \u2502\u2502             \u2502                                                    \u2502       \u2502             \u2502                                     \u2502       \n\u2502             \u2502                                                    \u2502       \u2502 s_store_sk< \u2502\u2502             \u2502\u2502             \u2502                                                    \u2502       \u2502             \u2502                                     \u2502       \n\u2502             \u2502                                                    \u2502       \u2502     =100    \u2502\u2502   Filters:  \u2502\u2502             \u2502                                                    \u2502       \u2502             \u2502                                     \u2502       \n\u2502             \u2502                                                    \u2502       \u2502             \u2502\u2502cp_catalog_pa\u2502\u2502             \u2502                                                    \u2502       \u2502             \u2502                                     \u2502       \n\u2502             \u2502                                                    \u2502       \u2502             \u2502\u2502 ge_sk<=10101\u2502\u2502             \u2502                                                    \u2502       \u2502             \u2502                                     \u2502       \n\u2502             \u2502                                                    \u2502       \u2502             \u2502\u2502             \u2502\u2502             \u2502                                                    \u2502       \u2502             \u2502                                     \u2502       \n\u2502  1,014 rows \u2502                                                    \u2502       \u2502   100 rows  \u2502\u2502   888 rows  \u2502\u2502   519 rows  \u2502                                                    \u2502       \u2502   257 rows  \u2502                                     \u2502       \n\u2502   (0.00s)   \u2502                                                    \u2502       \u2502   (0.00s)   \u2502\u2502   (0.00s)   \u2502\u2502   (0.00s)   \u2502                                                    \u2502       \u2502   (0.00s)   \u2502                                     \u2502       \n\u2514\u2500\u2500\u2500\u2500\u2500\u2500\u252c\u2500\u2500\u2500\u2500\u2500\u2500\u2518                                                    \u2502       \u2514\u2500\u2500\u2500\u2500\u2500\u2500\u2500\u2500\u2500\u2500\u2500\u2500\u2500\u2518\u2514\u2500\u2500\u2500\u2500\u2500\u2500\u2500\u2500\u2500\u2500\u2500\u2500\u2500\u2518\u2514\u2500\u2500\u2500\u2500\u2500\u2500\u252c\u2500\u2500\u2500\u2500\u2500\u2500\u2518                                                    \u2502       \u2514\u2500\u2500\u2500\u2500\u2500\u2500\u252c\u2500\u2500\u2500\u2500\u2500\u2500\u2518                                     \u2502       \n\u250c\u2500\u2500\u2500\u2500\u2500\u2500\u2534\u2500\u2500\u2500\u2500\u2500\u2500\u2510                                             \u250c\u2500\u2500\u2500\u2500\u2500\u2500\u2534\u2500\u2500\u2500\u2500\u2500\u2500\u2510                              \u250c\u2500\u2500\u2500\u2500\u2500\u2500\u2534\u2500\u2500\u2500\u2500\u2500\u2500\u2510                                             \u250c\u2500\u2500\u2500\u2500\u2500\u2500\u2534\u2500\u2500\u2500\u2500\u2500\u2500\u2510\u250c\u2500\u2500\u2500\u2500\u2500\u2500\u2534\u2500\u2500\u2500\u2500\u2500\u2500\u2510                              \u250c\u2500\u2500\u2500\u2500\u2500\u2500\u2534\u2500\u2500\u2500\u2500\u2500\u2500\u2510\n\u2502  HASH_JOIN  \u2502                                             \u2502    FILTER   \u2502                              \u2502  HASH_JOIN  \u2502                                             \u2502    FILTER   \u2502\u2502  HASH_JOIN  \u2502                              \u2502  TABLE_SCAN \u2502\n\u2502    \u2500\u2500\u2500\u2500\u2500\u2500   \u2502                                             \u2502    \u2500\u2500\u2500\u2500\u2500\u2500   \u2502                              \u2502    \u2500\u2500\u2500\u2500\u2500\u2500   \u2502                                             \u2502    \u2500\u2500\u2500\u2500\u2500\u2500   \u2502\u2502    \u2500\u2500\u2500\u2500\u2500\u2500   \u2502                              \u2502    \u2500\u2500\u2500\u2500\u2500\u2500   \u2502\n\u2502  Join Type: \u2502                                             \u2502  (d_date_sk \u2502                              \u2502  Join Type: \u2502                                             \u2502  (d_date_sk \u2502\u2502  Join Type: \u2502                              \u2502    Table:   \u2502\n\u2502    INNER    \u2502                                             \u2502    BETWEEN  \u2502                              \u2502    INNER    \u2502                                             \u2502    BETWEEN  \u2502\u2502    INNER    \u2502                              \u2502  promotion  \u2502\n\u2502             \u2502                                             \u2502  2450816 AND\u2502                              \u2502             \u2502                                             \u2502  2450815 AND\u2502\u2502             \u2502                              \u2502             \u2502\n\u2502 Conditions: \u2502                                             \u2502   2452642)  \u2502                              \u2502 Conditions: \u2502                                             \u2502   2452653)  \u2502\u2502 Conditions: \u2502                              \u2502    Type:    \u2502\n\u2502 ss_promo_sk \u2502                                             \u2502             \u2502                              \u2502 cs_promo_sk \u2502                                             \u2502             \u2502\u2502 ws_item_sk =\u2502                              \u2502  Sequential \u2502\n\u2502 = p_promo_sk\u2502                                             \u2502             \u2502                              \u2502 = p_promo_sk\u2502                                             \u2502             \u2502\u2502   i_item_sk \u2502                              \u2502     Scan    \u2502\n\u2502             \u2502                                             \u2502             \u2502                              \u2502             \u2502                                             \u2502             \u2502\u2502             \u2502                              \u2502             \u2502\n\u2502             \u2502                                             \u2502             \u2502                              \u2502             \u2502                                             \u2502             \u2502\u2502             \u2502                              \u2502 Projections:\u2502\n\u2502             \u2502                                             \u2502             \u2502                              \u2502             \u2502                                             \u2502             \u2502\u2502             \u2502                              \u2502  p_promo_sk \u2502\n\u2502             \u2502                                             \u2502             \u2502                              \u2502             \u2502                                             \u2502             \u2502\u2502             \u2502                              \u2502             \u2502\n\u2502             \u2502                                             \u2502             \u2502                              \u2502             \u2502                                             \u2502             \u2502\u2502             \u2502                              \u2502   Filters:  \u2502\n\u2502             \u251c\u2500\u2500\u2500\u2500\u2500\u2500\u2500\u2500\u2500\u2500\u2500\u2500\u2500\u2500\u2500\u2500\u2500\u2500\u2500\u2500\u2500\u2500\u2500\u2500\u2500\u2500\u2500\u2500\u2500\u2500\u2500\u2500\u2500\u2500\u2500\u2500\u2500\u2510       \u2502             \u2502                              \u2502             \u251c\u2500\u2500\u2500\u2500\u2500\u2500\u2500\u2500\u2500\u2500\u2500\u2500\u2500\u2500\u2500\u2500\u2500\u2500\u2500\u2500\u2500\u2500\u2500\u2500\u2500\u2500\u2500\u2500\u2500\u2500\u2500\u2500\u2500\u2500\u2500\u2500\u2500\u2510       \u2502             \u2502\u2502             \u251c\u2500\u2500\u2500\u2500\u2500\u2500\u2500\u2500\u2500\u2500\u2500\u2500\u2500\u2500\u2500\u2500\u2500\u2500\u2500\u2500\u2500\u2500\u2510       \u2502p_channel_ema\u2502\n\u2502             \u2502                                     \u2502       \u2502             \u2502                              \u2502             \u2502                                     \u2502       \u2502             \u2502\u2502             \u2502                      \u2502       \u2502    il='N'   \u2502\n\u2502             \u2502                                     \u2502       \u2502             \u2502                              \u2502             \u2502                                     \u2502       \u2502             \u2502\u2502             \u2502                      \u2502       \u2502 p_channel_tv\u2502\n\u2502             \u2502                                     \u2502       \u2502             \u2502                              \u2502             \u2502                                     \u2502       \u2502             \u2502\u2502             \u2502                      \u2502       \u2502     ='N'    \u2502\n\u2502             \u2502                                     \u2502       \u2502             \u2502                              \u2502             \u2502                                     \u2502       \u2502             \u2502\u2502             \u2502                      \u2502       \u2502p_channel_rad\u2502\n\u2502             \u2502                                     \u2502       \u2502             \u2502                              \u2502             \u2502                                     \u2502       \u2502             \u2502\u2502             \u2502                      \u2502       \u2502    io='N'   \u2502\n\u2502             \u2502                                     \u2502       \u2502             \u2502                              \u2502             \u2502                                     \u2502       \u2502             \u2502\u2502             \u2502                      \u2502       \u2502p_channel_pre\u2502\n\u2502             \u2502                                     \u2502       \u2502             \u2502                              \u2502             \u2502                                     \u2502       \u2502             \u2502\u2502             \u2502                      \u2502       \u2502    ss='N'   \u2502\n\u2502             \u2502                                     \u2502       \u2502             \u2502                              \u2502             \u2502                                     \u2502       \u2502             \u2502\u2502             \u2502                      \u2502       \u2502p_channel_eve\u2502\n\u2502             \u2502                                     \u2502       \u2502             \u2502                              \u2502             \u2502                                     \u2502       \u2502             \u2502\u2502             \u2502                      \u2502       \u2502    nt='N'   \u2502\n\u2502             \u2502                                     \u2502       \u2502             \u2502                              \u2502             \u2502                                     \u2502       \u2502             \u2502\u2502             \u2502                      \u2502       \u2502             \u2502\n\u2502  1,014 rows \u2502                                     \u2502       \u2502   31 rows   \u2502                              \u2502   519 rows  \u2502                                     \u2502       \u2502   31 rows   \u2502\u2502   269 rows  \u2502                      \u2502       \u2502   485 rows  \u2502\n\u2502   (0.00s)   \u2502                                     \u2502       \u2502   (0.00s)   \u2502                              \u2502   (0.00s)   \u2502                                     \u2502       \u2502   (0.00s)   \u2502\u2502   (0.00s)   \u2502                      \u2502       \u2502   (0.00s)   \u2502\n\u2514\u2500\u2500\u2500\u2500\u2500\u2500\u252c\u2500\u2500\u2500\u2500\u2500\u2500\u2518                                     \u2502       \u2514\u2500\u2500\u2500\u2500\u2500\u2500\u252c\u2500\u2500\u2500\u2500\u2500\u2500\u2518                              \u2514\u2500\u2500\u2500\u2500\u2500\u2500\u252c\u2500\u2500\u2500\u2500\u2500\u2500\u2518                                     \u2502       \u2514\u2500\u2500\u2500\u2500\u2500\u2500\u252c\u2500\u2500\u2500\u2500\u2500\u2500\u2518\u2514\u2500\u2500\u2500\u2500\u2500\u2500\u252c\u2500\u2500\u2500\u2500\u2500\u2500\u2518                      \u2502       \u2514\u2500\u2500\u2500\u2500\u2500\u2500\u2500\u2500\u2500\u2500\u2500\u2500\u2500\u2518\n\u250c\u2500\u2500\u2500\u2500\u2500\u2500\u2534\u2500\u2500\u2500\u2500\u2500\u2500\u2510                              \u250c\u2500\u2500\u2500\u2500\u2500\u2500\u2534\u2500\u2500\u2500\u2500\u2500\u2500\u2510\u250c\u2500\u2500\u2500\u2500\u2500\u2500\u2534\u2500\u2500\u2500\u2500\u2500\u2500\u2510                              \u250c\u2500\u2500\u2500\u2500\u2500\u2500\u2534\u2500\u2500\u2500\u2500\u2500\u2500\u2510                              \u250c\u2500\u2500\u2500\u2500\u2500\u2500\u2534\u2500\u2500\u2500\u2500\u2500\u2500\u2510\u250c\u2500\u2500\u2500\u2500\u2500\u2500\u2534\u2500\u2500\u2500\u2500\u2500\u2500\u2510\u250c\u2500\u2500\u2500\u2500\u2500\u2500\u2534\u2500\u2500\u2500\u2500\u2500\u2500\u2510               \u250c\u2500\u2500\u2500\u2500\u2500\u2500\u2534\u2500\u2500\u2500\u2500\u2500\u2500\u2510\n\u2502  HASH_JOIN  \u2502                              \u2502  TABLE_SCAN \u2502\u2502  TABLE_SCAN \u2502                              \u2502  HASH_JOIN  \u2502                              \u2502  TABLE_SCAN \u2502\u2502  TABLE_SCAN \u2502\u2502  HASH_JOIN  \u2502               \u2502  PROJECTION \u2502\n\u2502    \u2500\u2500\u2500\u2500\u2500\u2500   \u2502                              \u2502    \u2500\u2500\u2500\u2500\u2500\u2500   \u2502\u2502    \u2500\u2500\u2500\u2500\u2500\u2500   \u2502                              \u2502    \u2500\u2500\u2500\u2500\u2500\u2500   \u2502                              \u2502    \u2500\u2500\u2500\u2500\u2500\u2500   \u2502\u2502    \u2500\u2500\u2500\u2500\u2500\u2500   \u2502\u2502    \u2500\u2500\u2500\u2500\u2500\u2500   \u2502               \u2502    \u2500\u2500\u2500\u2500\u2500\u2500   \u2502\n\u2502  Join Type: \u2502                              \u2502    Table:   \u2502\u2502    Table:   \u2502                              \u2502  Join Type: \u2502                              \u2502    Table:   \u2502\u2502    Table:   \u2502\u2502  Join Type: \u2502               \u2502      #0     \u2502\n\u2502    INNER    \u2502                              \u2502  promotion  \u2502\u2502   date_dim  \u2502                              \u2502    INNER    \u2502                              \u2502  promotion  \u2502\u2502   date_dim  \u2502\u2502     LEFT    \u2502               \u2502             \u2502\n\u2502             \u2502                              \u2502             \u2502\u2502             \u2502                              \u2502             \u2502                              \u2502             \u2502\u2502             \u2502\u2502             \u2502               \u2502             \u2502\n\u2502 Conditions: \u2502                              \u2502    Type:    \u2502\u2502    Type:    \u2502                              \u2502 Conditions: \u2502                              \u2502    Type:    \u2502\u2502    Type:    \u2502\u2502 Conditions: \u2502               \u2502             \u2502\n\u2502 ss_item_sk =\u2502                              \u2502  Sequential \u2502\u2502  Sequential \u2502                              \u2502 cs_item_sk =\u2502                              \u2502  Sequential \u2502\u2502  Sequential \u2502\u2502 ws_item_sk =\u2502               \u2502             \u2502\n\u2502   i_item_sk \u2502                              \u2502     Scan    \u2502\u2502     Scan    \u2502                              \u2502   i_item_sk \u2502                              \u2502     Scan    \u2502\u2502     Scan    \u2502\u2502  wr_item_sk \u2502               \u2502             \u2502\n\u2502             \u2502                              \u2502             \u2502\u2502             \u2502                              \u2502             \u2502                              \u2502             \u2502\u2502             \u2502\u2502ws_order_numb\u2502               \u2502             \u2502\n\u2502             \u2502                              \u2502 Projections:\u2502\u2502 Projections:\u2502                              \u2502             \u2502                              \u2502 Projections:\u2502\u2502 Projections:\u2502\u2502er = wr_order\u2502               \u2502             \u2502\n\u2502             \u2502                              \u2502  p_promo_sk \u2502\u2502  d_date_sk  \u2502                              \u2502             \u2502                              \u2502  p_promo_sk \u2502\u2502  d_date_sk  \u2502\u2502   _number   \u2502               \u2502             \u2502\n\u2502             \u2502                              \u2502             \u2502\u2502             \u2502                              \u2502             \u2502                              \u2502             \u2502\u2502             \u2502\u2502             \u2502               \u2502             \u2502\n\u2502             \u2502                              \u2502   Filters:  \u2502\u2502   Filters:  \u2502                              \u2502             \u2502                              \u2502   Filters:  \u2502\u2502   Filters:  \u2502\u2502             \u2502               \u2502             \u2502\n\u2502             \u251c\u2500\u2500\u2500\u2500\u2500\u2500\u2500\u2500\u2500\u2500\u2500\u2500\u2500\u2500\u2500\u2500\u2500\u2500\u2500\u2500\u2500\u2500\u2510       \u2502p_channel_ema\u2502\u2502 (CAST(d_date\u2502                              \u2502             \u251c\u2500\u2500\u2500\u2500\u2500\u2500\u2500\u2500\u2500\u2500\u2500\u2500\u2500\u2500\u2500\u2500\u2500\u2500\u2500\u2500\u2500\u2500\u2510       \u2502p_channel_ema\u2502\u2502 (CAST(d_date\u2502\u2502             \u251c\u2500\u2500\u2500\u2500\u2500\u2500\u2500\u2510       \u2502             \u2502\n\u2502             \u2502                      \u2502       \u2502    il='N'   \u2502\u2502 AS TIMESTAMP\u2502                              \u2502             \u2502                      \u2502       \u2502    il='N'   \u2502\u2502 AS TIMESTAMP\u2502\u2502             \u2502       \u2502       \u2502             \u2502\n\u2502             \u2502                      \u2502       \u2502 p_channel_tv\u2502\u2502  ) BETWEEN  \u2502                              \u2502             \u2502                      \u2502       \u2502 p_channel_tv\u2502\u2502  ) BETWEEN  \u2502\u2502             \u2502       \u2502       \u2502             \u2502\n\u2502             \u2502                      \u2502       \u2502     ='N'    \u2502\u2502 '1998-08-29 \u2502                              \u2502             \u2502                      \u2502       \u2502     ='N'    \u2502\u2502 '1998-08-29 \u2502\u2502             \u2502       \u2502       \u2502             \u2502\n\u2502             \u2502                      \u2502       \u2502p_channel_rad\u2502\u2502  00:00:00': \u2502                              \u2502             \u2502                      \u2502       \u2502p_channel_rad\u2502\u2502  00:00:00': \u2502\u2502             \u2502       \u2502       \u2502             \u2502\n\u2502             \u2502                      \u2502       \u2502    io='N'   \u2502\u2502  :TIMESTAMP \u2502                              \u2502             \u2502                      \u2502       \u2502    io='N'   \u2502\u2502  :TIMESTAMP \u2502\u2502             \u2502       \u2502       \u2502             \u2502\n\u2502             \u2502                      \u2502       \u2502p_channel_pre\u2502\u2502   AND '1998 \u2502                              \u2502             \u2502                      \u2502       \u2502p_channel_pre\u2502\u2502   AND '1998 \u2502\u2502             \u2502       \u2502       \u2502             \u2502\n\u2502             \u2502                      \u2502       \u2502    ss='N'   \u2502\u2502 -09-28 00:00\u2502                              \u2502             \u2502                      \u2502       \u2502    ss='N'   \u2502\u2502 -09-28 00:00\u2502\u2502             \u2502       \u2502       \u2502             \u2502\n\u2502             \u2502                      \u2502       \u2502p_channel_eve\u2502\u2502:00'::TIMESTA\u2502                              \u2502             \u2502                      \u2502       \u2502p_channel_eve\u2502\u2502:00'::TIMESTA\u2502\u2502             \u2502       \u2502       \u2502             \u2502\n\u2502             \u2502                      \u2502       \u2502    nt='N'   \u2502\u2502     MP)     \u2502                              \u2502             \u2502                      \u2502       \u2502    nt='N'   \u2502\u2502     MP)     \u2502\u2502             \u2502       \u2502       \u2502             \u2502\n\u2502             \u2502                      \u2502       \u2502             \u2502\u2502             \u2502                              \u2502             \u2502                      \u2502       \u2502             \u2502\u2502             \u2502\u2502             \u2502       \u2502       \u2502             \u2502\n\u2502  1,040 rows \u2502                      \u2502       \u2502   485 rows  \u2502\u2502   31 rows   \u2502                              \u2502   538 rows  \u2502                      \u2502       \u2502   485 rows  \u2502\u2502   31 rows   \u2502\u2502 24,050 rows \u2502       \u2502       \u2502  1,150 rows \u2502\n\u2502   (0.00s)   \u2502                      \u2502       \u2502   (0.00s)   \u2502\u2502   (0.00s)   \u2502                              \u2502   (0.00s)   \u2502                      \u2502       \u2502   (0.00s)   \u2502\u2502   (0.00s)   \u2502\u2502   (0.11s)   \u2502       \u2502       \u2502   (0.00s)   \u2502\n\u2514\u2500\u2500\u2500\u2500\u2500\u2500\u252c\u2500\u2500\u2500\u2500\u2500\u2500\u2518                      \u2502       \u2514\u2500\u2500\u2500\u2500\u2500\u2500\u2500\u2500\u2500\u2500\u2500\u2500\u2500\u2518\u2514\u2500\u2500\u2500\u2500\u2500\u2500\u2500\u2500\u2500\u2500\u2500\u2500\u2500\u2518                              \u2514\u2500\u2500\u2500\u2500\u2500\u2500\u252c\u2500\u2500\u2500\u2500\u2500\u2500\u2518                      \u2502       \u2514\u2500\u2500\u2500\u2500\u2500\u2500\u2500\u2500\u2500\u2500\u2500\u2500\u2500\u2518\u2514\u2500\u2500\u2500\u2500\u2500\u2500\u2500\u2500\u2500\u2500\u2500\u2500\u2500\u2518\u2514\u2500\u2500\u2500\u2500\u2500\u2500\u252c\u2500\u2500\u2500\u2500\u2500\u2500\u2518       \u2502       \u2514\u2500\u2500\u2500\u2500\u2500\u2500\u252c\u2500\u2500\u2500\u2500\u2500\u2500\u2518\n\u250c\u2500\u2500\u2500\u2500\u2500\u2500\u2534\u2500\u2500\u2500\u2500\u2500\u2500\u2510               \u250c\u2500\u2500\u2500\u2500\u2500\u2500\u2534\u2500\u2500\u2500\u2500\u2500\u2500\u2510                                                            \u250c\u2500\u2500\u2500\u2500\u2500\u2500\u2534\u2500\u2500\u2500\u2500\u2500\u2500\u2510               \u250c\u2500\u2500\u2500\u2500\u2500\u2500\u2534\u2500\u2500\u2500\u2500\u2500\u2500\u2510                              \u250c\u2500\u2500\u2500\u2500\u2500\u2500\u2534\u2500\u2500\u2500\u2500\u2500\u2500\u2510\u250c\u2500\u2500\u2500\u2500\u2500\u2500\u2534\u2500\u2500\u2500\u2500\u2500\u2500\u2510\u250c\u2500\u2500\u2500\u2500\u2500\u2500\u2534\u2500\u2500\u2500\u2500\u2500\u2500\u2510\n\u2502  HASH_JOIN  \u2502               \u2502  PROJECTION \u2502                                                            \u2502  HASH_JOIN  \u2502               \u2502  PROJECTION \u2502                              \u2502  TABLE_SCAN \u2502\u2502  TABLE_SCAN \u2502\u2502    FILTER   \u2502\n\u2502    \u2500\u2500\u2500\u2500\u2500\u2500   \u2502               \u2502    \u2500\u2500\u2500\u2500\u2500\u2500   \u2502                                                            \u2502    \u2500\u2500\u2500\u2500\u2500\u2500   \u2502               \u2502    \u2500\u2500\u2500\u2500\u2500\u2500   \u2502                              \u2502    \u2500\u2500\u2500\u2500\u2500\u2500   \u2502\u2502    \u2500\u2500\u2500\u2500\u2500\u2500   \u2502\u2502    \u2500\u2500\u2500\u2500\u2500\u2500   \u2502\n\u2502  Join Type: \u2502               \u2502      #0     \u2502                                                            \u2502  Join Type: \u2502               \u2502      #0     \u2502                              \u2502    Table:   \u2502\u2502    Table:   \u2502\u2502 ((i_category\u2502\n\u2502     LEFT    \u2502               \u2502             \u2502                                                            \u2502     LEFT    \u2502               \u2502             \u2502                              \u2502  web_sales  \u2502\u2502 web_returns \u2502\u2502  = 'Children\u2502\n\u2502             \u2502               \u2502             \u2502                                                            \u2502             \u2502               \u2502             \u2502                              \u2502             \u2502\u2502             \u2502\u2502') OR (i_cate\u2502\n\u2502 Conditions: \u2502               \u2502             \u2502                                                            \u2502 Conditions: \u2502               \u2502             \u2502                              \u2502    Type:    \u2502\u2502    Type:    \u2502\u2502gory = 'Sport\u2502\n\u2502 ss_item_sk =\u2502               \u2502             \u2502                                                            \u2502 cs_item_sk =\u2502               \u2502             \u2502                              \u2502  Sequential \u2502\u2502  Sequential \u2502\u2502     s'))    \u2502\n\u2502  sr_item_sk \u2502               \u2502             \u2502                                                            \u2502  cr_item_sk \u2502               \u2502             \u2502                              \u2502     Scan    \u2502\u2502     Scan    \u2502\u2502             \u2502\n\u2502ss_ticket_num\u2502               \u2502             \u2502                                                            \u2502cs_order_numb\u2502               \u2502             \u2502                              \u2502             \u2502\u2502             \u2502\u2502             \u2502\n\u2502ber = sr_tick\u2502               \u2502             \u2502                                                            \u2502er = cr_order\u2502               \u2502             \u2502                              \u2502 Projections:\u2502\u2502 Projections:\u2502\u2502             \u2502\n\u2502  et_number  \u2502               \u2502             \u2502                                                            \u2502   _number   \u2502               \u2502             \u2502                              \u2502  ws_item_sk \u2502\u2502  wr_item_sk \u2502\u2502             \u2502\n\u2502             \u2502               \u2502             \u2502                                                            \u2502             \u2502               \u2502             \u2502                              \u2502ws_order_numb\u2502\u2502wr_order_numb\u2502\u2502             \u2502\n\u2502             \u2502               \u2502             \u2502                                                            \u2502             \u2502               \u2502             \u2502                              \u2502      er     \u2502\u2502      er     \u2502\u2502             \u2502\n\u2502             \u2502               \u2502             \u2502                                                            \u2502             \u2502               \u2502             \u2502                              \u2502ws_sold_date_\u2502\u2502wr_return_amt\u2502\u2502             \u2502\n\u2502             \u2502               \u2502             \u2502                                                            \u2502             \u2502               \u2502             \u2502                              \u2502      sk     \u2502\u2502 wr_net_loss \u2502\u2502             \u2502\n\u2502             \u251c\u2500\u2500\u2500\u2500\u2500\u2500\u2500\u2510       \u2502             \u2502                                                            \u2502             \u251c\u2500\u2500\u2500\u2500\u2500\u2500\u2500\u2510       \u2502             \u2502                              \u2502ws_web_site_s\u2502\u2502             \u2502\u2502             \u2502\n\u2502             \u2502       \u2502       \u2502             \u2502                                                            \u2502             \u2502       \u2502       \u2502             \u2502                              \u2502      k      \u2502\u2502             \u2502\u2502             \u2502\n\u2502             \u2502       \u2502       \u2502             \u2502                                                            \u2502             \u2502       \u2502       \u2502             \u2502                              \u2502 ws_promo_sk \u2502\u2502             \u2502\u2502             \u2502\n\u2502             \u2502       \u2502       \u2502             \u2502                                                            \u2502             \u2502       \u2502       \u2502             \u2502                              \u2502ws_ext_sales_\u2502\u2502             \u2502\u2502             \u2502\n\u2502             \u2502       \u2502       \u2502             \u2502                                                            \u2502             \u2502       \u2502       \u2502             \u2502                              \u2502    price    \u2502\u2502             \u2502\u2502             \u2502\n\u2502             \u2502       \u2502       \u2502             \u2502                                                            \u2502             \u2502       \u2502       \u2502             \u2502                              \u2502ws_net_profit\u2502\u2502             \u2502\u2502             \u2502\n\u2502             \u2502       \u2502       \u2502             \u2502                                                            \u2502             \u2502       \u2502       \u2502             \u2502                              \u2502             \u2502\u2502             \u2502\u2502             \u2502\n\u2502             \u2502       \u2502       \u2502             \u2502                                                            \u2502             \u2502       \u2502       \u2502             \u2502                              \u2502   Filters:  \u2502\u2502             \u2502\u2502             \u2502\n\u2502             \u2502       \u2502       \u2502             \u2502                                                            \u2502             \u2502       \u2502       \u2502             \u2502                              \u2502ws_wholesale_\u2502\u2502             \u2502\u2502             \u2502\n\u2502             \u2502       \u2502       \u2502             \u2502                                                            \u2502             \u2502       \u2502       \u2502             \u2502                              \u2502 cost>=23.00 \u2502\u2502             \u2502\u2502             \u2502\n\u2502             \u2502       \u2502       \u2502             \u2502                                                            \u2502             \u2502       \u2502       \u2502             \u2502                              \u2502 AND ws_whole\u2502\u2502             \u2502\u2502             \u2502\n\u2502             \u2502       \u2502       \u2502             \u2502                                                            \u2502             \u2502       \u2502       \u2502             \u2502                              \u2502  sale_cost< \u2502\u2502             \u2502\u2502             \u2502\n\u2502             \u2502       \u2502       \u2502             \u2502                                                            \u2502             \u2502       \u2502       \u2502             \u2502                              \u2502    =38.00   \u2502\u2502             \u2502\u2502             \u2502\n\u2502             \u2502       \u2502       \u2502             \u2502                                                            \u2502             \u2502       \u2502       \u2502             \u2502                              \u2502             \u2502\u2502             \u2502\u2502             \u2502\n\u2502 88,682 rows \u2502       \u2502       \u2502  1,150 rows \u2502                                                            \u2502 48,137 rows \u2502       \u2502       \u2502  1,150 rows \u2502                              \u2502 24,050 rows \u2502\u2502 719,222 rows\u2502\u2502  1,150 rows \u2502\n\u2502   (0.68s)   \u2502       \u2502       \u2502   (0.00s)   \u2502                                                            \u2502   (0.26s)   \u2502       \u2502       \u2502   (0.00s)   \u2502                              \u2502   (0.11s)   \u2502\u2502   (0.01s)   \u2502\u2502   (0.00s)   \u2502\n\u2514\u2500\u2500\u2500\u2500\u2500\u2500\u252c\u2500\u2500\u2500\u2500\u2500\u2500\u2518       \u2502       \u2514\u2500\u2500\u2500\u2500\u2500\u2500\u252c\u2500\u2500\u2500\u2500\u2500\u2500\u2518                                                            \u2514\u2500\u2500\u2500\u2500\u2500\u2500\u252c\u2500\u2500\u2500\u2500\u2500\u2500\u2518       \u2502       \u2514\u2500\u2500\u2500\u2500\u2500\u2500\u252c\u2500\u2500\u2500\u2500\u2500\u2500\u2518                              \u2514\u2500\u2500\u2500\u2500\u2500\u2500\u2500\u2500\u2500\u2500\u2500\u2500\u2500\u2518\u2514\u2500\u2500\u2500\u2500\u2500\u2500\u2500\u2500\u2500\u2500\u2500\u2500\u2500\u2518\u2514\u2500\u2500\u2500\u2500\u2500\u2500\u252c\u2500\u2500\u2500\u2500\u2500\u2500\u2518\n\u250c\u2500\u2500\u2500\u2500\u2500\u2500\u2534\u2500\u2500\u2500\u2500\u2500\u2500\u2510\u250c\u2500\u2500\u2500\u2500\u2500\u2500\u2534\u2500\u2500\u2500\u2500\u2500\u2500\u2510\u250c\u2500\u2500\u2500\u2500\u2500\u2500\u2534\u2500\u2500\u2500\u2500\u2500\u2500\u2510                                                            \u250c\u2500\u2500\u2500\u2500\u2500\u2500\u2534\u2500\u2500\u2500\u2500\u2500\u2500\u2510\u250c\u2500\u2500\u2500\u2500\u2500\u2500\u2534\u2500\u2500\u2500\u2500\u2500\u2500\u2510\u250c\u2500\u2500\u2500\u2500\u2500\u2500\u2534\u2500\u2500\u2500\u2500\u2500\u2500\u2510                                                            \u250c\u2500\u2500\u2500\u2500\u2500\u2500\u2534\u2500\u2500\u2500\u2500\u2500\u2500\u2510\n\u2502  TABLE_SCAN \u2502\u2502  TABLE_SCAN \u2502\u2502    FILTER   \u2502                                                            \u2502  TABLE_SCAN \u2502\u2502  TABLE_SCAN \u2502\u2502    FILTER   \u2502                                                            \u2502  TABLE_SCAN \u2502\n\u2502    \u2500\u2500\u2500\u2500\u2500\u2500   \u2502\u2502    \u2500\u2500\u2500\u2500\u2500\u2500   \u2502\u2502    \u2500\u2500\u2500\u2500\u2500\u2500   \u2502                                                            \u2502    \u2500\u2500\u2500\u2500\u2500\u2500   \u2502\u2502    \u2500\u2500\u2500\u2500\u2500\u2500   \u2502\u2502    \u2500\u2500\u2500\u2500\u2500\u2500   \u2502                                                            \u2502    \u2500\u2500\u2500\u2500\u2500\u2500   \u2502\n\u2502    Table:   \u2502\u2502    Table:   \u2502\u2502 ((i_category\u2502                                                            \u2502    Table:   \u2502\u2502    Table:   \u2502\u2502 ((i_category\u2502                                                            \u2502    Table:   \u2502\n\u2502 store_sales \u2502\u2502store_returns\u2502\u2502  = 'Children\u2502                                                            \u2502catalog_sales\u2502\u2502catalog_retur\u2502\u2502  = 'Children\u2502                                                            \u2502     item    \u2502\n\u2502             \u2502\u2502             \u2502\u2502') OR (i_cate\u2502                                                            \u2502             \u2502\u2502      ns     \u2502\u2502') OR (i_cate\u2502                                                            \u2502             \u2502\n\u2502    Type:    \u2502\u2502    Type:    \u2502\u2502gory = 'Sport\u2502                                                            \u2502    Type:    \u2502\u2502             \u2502\u2502gory = 'Sport\u2502                                                            \u2502    Type:    \u2502\n\u2502  Sequential \u2502\u2502  Sequential \u2502\u2502     s'))    \u2502                                                            \u2502  Sequential \u2502\u2502    Type:    \u2502\u2502     s'))    \u2502                                                            \u2502  Sequential \u2502\n\u2502     Scan    \u2502\u2502     Scan    \u2502\u2502             \u2502                                                            \u2502     Scan    \u2502\u2502  Sequential \u2502\u2502             \u2502                                                            \u2502     Scan    \u2502\n\u2502             \u2502\u2502             \u2502\u2502             \u2502                                                            \u2502             \u2502\u2502     Scan    \u2502\u2502             \u2502                                                            \u2502             \u2502\n\u2502 Projections:\u2502\u2502 Projections:\u2502\u2502             \u2502                                                            \u2502 Projections:\u2502\u2502             \u2502\u2502             \u2502                                                            \u2502 Projections:\u2502\n\u2502  ss_item_sk \u2502\u2502  sr_item_sk \u2502\u2502             \u2502                                                            \u2502  cs_item_sk \u2502\u2502 Projections:\u2502\u2502             \u2502                                                            \u2502  i_item_sk  \u2502\n\u2502ss_ticket_num\u2502\u2502sr_ticket_num\u2502\u2502             \u2502                                                            \u2502cs_order_numb\u2502\u2502  cr_item_sk \u2502\u2502             \u2502                                                            \u2502  i_category \u2502\n\u2502     ber     \u2502\u2502     ber     \u2502\u2502             \u2502                                                            \u2502      er     \u2502\u2502cr_order_numb\u2502\u2502             \u2502                                                            \u2502             \u2502\n\u2502ss_sold_date_\u2502\u2502sr_return_amt\u2502\u2502             \u2502                                                            \u2502cs_sold_date_\u2502\u2502      er     \u2502\u2502             \u2502                                                            \u2502   Filters:  \u2502\n\u2502      sk     \u2502\u2502 sr_net_loss \u2502\u2502             \u2502                                                            \u2502      sk     \u2502\u2502cr_return_amo\u2502\u2502             \u2502                                                            \u2502i_current_pri\u2502\n\u2502 ss_store_sk \u2502\u2502             \u2502\u2502             \u2502                                                            \u2502cs_catalog_pa\u2502\u2502     unt     \u2502\u2502             \u2502                                                            \u2502   ce>50.00  \u2502\n\u2502 ss_promo_sk \u2502\u2502             \u2502\u2502             \u2502                                                            \u2502    ge_sk    \u2502\u2502 cr_net_loss \u2502\u2502             \u2502                                                            \u2502  optional:  \u2502\n\u2502ss_ext_sales_\u2502\u2502             \u2502\u2502             \u2502                                                            \u2502 cs_promo_sk \u2502\u2502             \u2502\u2502             \u2502                                                            \u2502  i_category \u2502\n\u2502    price    \u2502\u2502             \u2502\u2502             \u2502                                                            \u2502cs_ext_sales_\u2502\u2502             \u2502\u2502             \u2502                                                            \u2502 IN ('Childre\u2502\n\u2502ss_net_profit\u2502\u2502             \u2502\u2502             \u2502                                                            \u2502    price    \u2502\u2502             \u2502\u2502             \u2502                                                            \u2502n', 'Sports')\u2502\n\u2502             \u2502\u2502             \u2502\u2502             \u2502                                                            \u2502cs_net_profit\u2502\u2502             \u2502\u2502             \u2502                                                            \u2502             \u2502\n\u2502   Filters:  \u2502\u2502             \u2502\u2502             \u2502                                                            \u2502             \u2502\u2502             \u2502\u2502             \u2502                                                            \u2502             \u2502\n\u2502ss_wholesale_\u2502\u2502             \u2502\u2502             \u2502                                                            \u2502   Filters:  \u2502\u2502             \u2502\u2502             \u2502                                                            \u2502             \u2502\n\u2502 cost>=23.00 \u2502\u2502             \u2502\u2502             \u2502                                                            \u2502cs_wholesale_\u2502\u2502             \u2502\u2502             \u2502                                                            \u2502             \u2502\n\u2502 AND ss_whole\u2502\u2502             \u2502\u2502             \u2502                                                            \u2502 cost>=23.00 \u2502\u2502             \u2502\u2502             \u2502                                                            \u2502             \u2502\n\u2502  sale_cost< \u2502\u2502             \u2502\u2502             \u2502                                                            \u2502 AND cs_whole\u2502\u2502             \u2502\u2502             \u2502                                                            \u2502             \u2502\n\u2502    =38.00   \u2502\u2502             \u2502\u2502             \u2502                                                            \u2502  sale_cost< \u2502\u2502             \u2502\u2502             \u2502                                                            \u2502             \u2502\n\u2502             \u2502\u2502             \u2502\u2502             \u2502                                                            \u2502    =38.00   \u2502\u2502             \u2502\u2502             \u2502                                                            \u2502             \u2502\n\u2502             \u2502\u2502             \u2502\u2502             \u2502                                                            \u2502             \u2502\u2502             \u2502\u2502             \u2502                                                            \u2502             \u2502\n\u2502 88,682 rows \u2502\u25022,877,53...  \u2502\u2502  1,150 rows \u2502                                                            \u2502 48,137 rows \u2502\u25021,441,22...  \u2502\u2502  1,150 rows \u2502                                                            \u2502  5,691 rows \u2502\n\u2502   (0.40s)   \u2502\u2502   (0.03s)   \u2502\u2502   (0.00s)   \u2502                                                            \u2502   (0.01s)   \u2502\u2502   (0.01s)   \u2502\u2502   (0.00s)   \u2502                                                            \u2502   (0.00s)   \u2502\n\u2514\u2500\u2500\u2500\u2500\u2500\u2500\u2500\u2500\u2500\u2500\u2500\u2500\u2500\u2518\u2514\u2500\u2500\u2500\u2500\u2500\u2500\u2500\u2500\u2500\u2500\u2500\u2500\u2500\u2518\u2514\u2500\u2500\u2500\u2500\u2500\u2500\u252c\u2500\u2500\u2500\u2500\u2500\u2500\u2518                                                            \u2514\u2500\u2500\u2500\u2500\u2500\u2500\u2500\u2500\u2500\u2500\u2500\u2500\u2500\u2518\u2514\u2500\u2500\u2500\u2500\u2500\u2500\u2500\u2500\u2500\u2500\u2500\u2500\u2500\u2518\u2514\u2500\u2500\u2500\u2500\u2500\u2500\u252c\u2500\u2500\u2500\u2500\u2500\u2500\u2518                                                            \u2514\u2500\u2500\u2500\u2500\u2500\u2500\u2500\u2500\u2500\u2500\u2500\u2500\u2500\u2518\n                              \u250c\u2500\u2500\u2500\u2500\u2500\u2500\u2534\u2500\u2500\u2500\u2500\u2500\u2500\u2510                                                                                          \u250c\u2500\u2500\u2500\u2500\u2500\u2500\u2534\u2500\u2500\u2500\u2500\u2500\u2500\u2510\n                              \u2502  TABLE_SCAN \u2502                                                                                          \u2502  TABLE_SCAN \u2502\n                              \u2502    \u2500\u2500\u2500\u2500\u2500\u2500   \u2502                                                                                          \u2502    \u2500\u2500\u2500\u2500\u2500\u2500   \u2502\n                              \u2502    Table:   \u2502                                                                                          \u2502    Table:   \u2502\n                              \u2502     item    \u2502                                                                                          \u2502     item    \u2502\n                              \u2502             \u2502                                                                                          \u2502             \u2502\n                              \u2502    Type:    \u2502                                                                                          \u2502    Type:    \u2502\n                              \u2502  Sequential \u2502                                                                                          \u2502  Sequential \u2502\n                              \u2502     Scan    \u2502                                                                                          \u2502     Scan    \u2502\n                              \u2502             \u2502                                                                                          \u2502             \u2502\n                              \u2502 Projections:\u2502                                                                                          \u2502 Projections:\u2502\n                              \u2502  i_item_sk  \u2502                                                                                          \u2502  i_item_sk  \u2502\n                              \u2502  i_category \u2502                                                                                          \u2502  i_category \u2502\n                              \u2502             \u2502                                                                                          \u2502             \u2502\n                              \u2502   Filters:  \u2502                                                                                          \u2502   Filters:  \u2502\n                              \u2502i_current_pri\u2502                                                                                          \u2502i_current_pri\u2502\n                              \u2502   ce>50.00  \u2502                                                                                          \u2502   ce>50.00  \u2502\n                              \u2502  optional:  \u2502                                                                                          \u2502  optional:  \u2502\n                              \u2502  i_category \u2502                                                                                          \u2502  i_category \u2502\n                              \u2502 IN ('Childre\u2502                                                                                          \u2502 IN ('Childre\u2502\n                              \u2502n', 'Sports')\u2502                                                                                          \u2502n', 'Sports')\u2502\n                              \u2502             \u2502                                                                                          \u2502             \u2502\n                              \u2502  5,691 rows \u2502                                                                                          \u2502  5,691 rows \u2502\n                              \u2502   (0.00s)   \u2502                                                                                          \u2502   (0.00s)   \u2502\n                              \u2514\u2500\u2500\u2500\u2500\u2500\u2500\u2500\u2500\u2500\u2500\u2500\u2500\u2500\u2518                                                                                          \u2514\u2500\u2500\u2500\u2500\u2500\u2500\u2500\u2500\u2500\u2500\u2500\u2500\u2500\u2518\n",
  "plan_json": {
    "total_bytes_written": 0,
    "total_bytes_read": 0,
    "rows_returned": 0,
    "latency": 0.0,
    "result_set_size": 0,
    "query_name": "",
    "blocked_thread_time": 0.0,
    "system_peak_buffer_memory": 0,
    "system_peak_temp_dir_size": 0,
    "cpu_time": 0.0,
    "extra_info": {},
    "cumulative_cardinality": 0,
    "cumulative_rows_scanned": 0,
    "children": [
      {
        "total_bytes_written": 0,
        "total_bytes_read": 0,
        "result_set_size": 0,
        "operator_name": "EXPLAIN_ANALYZE",
        "cpu_time": 0.0,
        "extra_info": {},
        "cumulative_cardinality": 0,
        "operator_type": "EXPLAIN_ANALYZE",
        "operator_cardinality": 0,
        "cumulative_rows_scanned": 0,
        "operator_rows_scanned": 0,
        "operator_timing": 2.75e-07,
        "children": [
          {
            "total_bytes_written": 0,
            "total_bytes_read": 0,
            "result_set_size": 8000,
            "operator_name": "TOP_N",
            "cpu_time": 0.0,
            "extra_info": {
              "Top": "100",
              "Order By": [
                "x.channel ASC",
                "x.id ASC"
              ]
            },
            "cumulative_cardinality": 0,
            "operator_type": "TOP_N",
            "operator_cardinality": 100,
            "cumulative_rows_scanned": 0,
            "operator_rows_scanned": 0,
            "operator_timing": 0.000401285,
            "children": [
              {
                "total_bytes_written": 0,
                "total_bytes_read": 0,
                "result_set_size": 28000,
                "operator_name": "HASH_GROUP_BY",
                "cpu_time": 0.0,
                "extra_info": {
                  "Groups": [
                    "#0",
                    "#1"
                  ],
                  "Aggregates": [
                    "sum(#2)",
                    "sum(#3)",
                    "sum(#4)"
                  ],
                  "Estimated Cardinality": "15663"
                },
                "cumulative_cardinality": 0,
                "operator_type": "HASH_GROUP_BY",
                "operator_cardinality": 350,
                "cumulative_rows_scanned": 0,
                "operator_rows_scanned": 0,
                "operator_timing": 0.025419101,
                "children": [
                  {
                    "total_bytes_written": 0,
                    "total_bytes_read": 0,
                    "result_set_size": 27680,
                    "operator_name": "PROJECTION",
                    "cpu_time": 0.0,
                    "extra_info": {
                      "Projections": [
                        "channel",
                        "id",
                        "sales",
                        "returns",
                        "profit"
                      ],
                      "Estimated Cardinality": "17185"
                    },
                    "cumulative_cardinality": 0,
                    "operator_type": "PROJECTION",
                    "operator_cardinality": 346,
                    "cumulative_rows_scanned": 0,
                    "operator_rows_scanned": 0,
                    "operator_timing": 2.5491000000000007e-05,
                    "children": [
                      {
                        "total_bytes_written": 0,
                        "total_bytes_read": 0,
                        "result_set_size": 0,
                        "operator_name": "UNION",
                        "cpu_time": 0.0,
                        "extra_info": {},
                        "cumulative_cardinality": 0,
                        "operator_type": "UNION",
                        "operator_cardinality": 0,
                        "cumulative_rows_scanned": 0,
                        "operator_rows_scanned": 0,
                        "operator_timing": 0.0,
                        "children": [
                          {
                            "total_bytes_written": 0,
                            "total_bytes_read": 0,
                            "result_set_size": 0,
                            "operator_name": "UNION",
                            "cpu_time": 0.0,
                            "extra_info": {},
                            "cumulative_cardinality": 0,
                            "operator_type": "UNION",
                            "operator_cardinality": 0,
                            "cumulative_rows_scanned": 0,
                            "operator_rows_scanned": 0,
                            "operator_timing": 0.0,
                            "children": [
                              {
                                "total_bytes_written": 0,
                                "total_bytes_read": 0,
                                "result_set_size": 4080,
                                "operator_name": "PROJECTION",
                                "cpu_time": 0.0,
                                "extra_info": {
                                  "Projections": [
                                    "channel",
                                    "id",
                                    "sales",
                                    "returns",
                                    "profit"
                                  ],
                                  "Estimated Cardinality": "9529"
                                },
                                "cumulative_cardinality": 0,
                                "operator_type": "PROJECTION",
                                "operator_cardinality": 51,
                                "cumulative_rows_scanned": 0,
                                "operator_rows_scanned": 0,
                                "operator_timing": 0.00018225499999999998,
                                "children": [
                                  {
                                    "total_bytes_written": 0,
                                    "total_bytes_read": 0,
                                    "result_set_size": 3264,
                                    "operator_name": "HASH_GROUP_BY",
                                    "cpu_time": 0.0,
                                    "extra_info": {
                                      "Groups": "#0",
                                      "Aggregates": [
                                        "sum(#1)",
                                        "sum(#2)",
                                        "sum(#3)"
                                      ],
                                      "Estimated Cardinality": "9529"
                                    },
                                    "cumulative_cardinality": 0,
                                    "operator_type": "HASH_GROUP_BY",
                                    "operator_cardinality": 51,
                                    "cumulative_rows_scanned": 0,
                                    "operator_rows_scanned": 0,
                                    "operator_timing": 0.014103544,
                                    "children": [
                                      {
                                        "total_bytes_written": 0,
                                        "total_bytes_read": 0,
                                        "result_set_size": 36504,
                                        "operator_name": "PROJECTION",
                                        "cpu_time": 0.0,
                                        "extra_info": {
                                          "Projections": [
                                            "s_store_id",
                                            "ss_ext_sales_price",
                                            "COALESCE(CAST(sr_return_amt AS DECIMAL(12,2)), 0.00)",
                                            "(CAST(ss_net_profit AS DECIMAL(13,2)) - COALESCE(CAST(sr_net_loss AS DECIMAL(12,2)), 0.00))"
                                          ],
                                          "Estimated Cardinality": "9598"
                                        },
                                        "cumulative_cardinality": 0,
                                        "operator_type": "PROJECTION",
                                        "operator_cardinality": 1014,
                                        "cumulative_rows_scanned": 0,
                                        "operator_rows_scanned": 0,
                                        "operator_timing": 0.000513192,
                                        "children": [
                                          {
                                            "total_bytes_written": 0,
                                            "total_bytes_read": 0,
                                            "result_set_size": 32448,
                                            "operator_name": "HASH_JOIN",
                                            "cpu_time": 0.0,
                                            "extra_info": {
                                              "Join Type": "INNER",
                                              "Conditions": "ss_store_sk = s_store_sk",
                                              "Estimated Cardinality": "9598"
                                            },
                                            "cumulative_cardinality": 0,
                                            "operator_type": "HASH_JOIN",
                                            "operator_cardinality": 1014,
                                            "cumulative_rows_scanned": 0,
                                            "operator_rows_scanned": 0,
                                            "operator_timing": 0.0009618950000000002,
                                            "children": [
                                              {
                                                "total_bytes_written": 0,
                                                "total_bytes_read": 0,
                                                "result_set_size": 24336,
                                                "operator_name": "HASH_JOIN",
                                                "cpu_time": 0.0,
                                                "extra_info": {
                                                  "Join Type": "INNER",
                                                  "Conditions": "ss_sold_date_sk = d_date_sk",
                                                  "Estimated Cardinality": "9410"
                                                },
                                                "cumulative_cardinality": 0,
                                                "operator_type": "HASH_JOIN",
                                                "operator_cardinality": 1014,
                                                "cumulative_rows_scanned": 0,
                                                "operator_rows_scanned": 0,
                                                "operator_timing": 0.0012690230000000004,
                                                "children": [
                                                  {
                                                    "total_bytes_written": 0,
                                                    "total_bytes_read": 0,
                                                    "result_set_size": 28392,
                                                    "operator_name": "HASH_JOIN",
                                                    "cpu_time": 0.0,
                                                    "extra_info": {
                                                      "Join Type": "INNER",
                                                      "Conditions": "ss_promo_sk = p_promo_sk",
                                                      "Estimated Cardinality": "47053"
                                                    },
                                                    "cumulative_cardinality": 0,
                                                    "operator_type": "HASH_JOIN",
                                                    "operator_cardinality": 1014,
                                                    "cumulative_rows_scanned": 0,
                                                    "operator_rows_scanned": 0,
                                                    "operator_timing": 0.0008187129999999999,
                                                    "children": [
                                                      {
                                                        "total_bytes_written": 0,
                                                        "total_bytes_read": 0,
                                                        "result_set_size": 33280,
                                                        "operator_name": "HASH_JOIN",
                                                        "cpu_time": 0.0,
                                                        "extra_info": {
                                                          "Join Type": "INNER",
                                                          "Conditions": "ss_item_sk = i_item_sk",
                                                          "Estimated Cardinality": "244675"
                                                        },
                                                        "cumulative_cardinality": 0,
                                                        "operator_type": "HASH_JOIN",
                                                        "operator_cardinality": 1040,
                                                        "cumulative_rows_scanned": 0,
                                                        "operator_rows_scanned": 0,
                                                        "operator_timing": 0.0021785370000000004,
                                                        "children": [
                                                          {
                                                            "total_bytes_written": 0,
                                                            "total_bytes_read": 0,
                                                            "result_set_size": 2837824,
                                                            "operator_name": "HASH_JOIN",
                                                            "cpu_time": 0.0,
                                                            "extra_info": {
                                                              "Join Type": "LEFT",
                                                              "Conditions": [
                                                                "ss_item_sk = sr_item_sk",
                                                                "ss_ticket_number = sr_ticket_number"
                                                              ],
                                                              "Estimated Cardinality": "5760198"
                                                            },
                                                            "cumulative_cardinality": 0,
                                                            "operator_type": "HASH_JOIN",
                                                            "operator_cardinality": 88682,
                                                            "cumulative_rows_scanned": 0,
                                                            "operator_rows_scanned": 0,
                                                            "operator_timing": 0.6417335029999999,
                                                            "children": [
                                                              {
                                                                "total_bytes_written": 0,
                                                                "total_bytes_read": 0,
                                                                "result_set_size": 2483096,
                                                                "operator_name": "SEQ_SCAN ",
                                                                "cpu_time": 0.0,
                                                                "extra_info": {
                                                                  "Table": "store_sales",
                                                                  "Type": "Sequential Scan",
                                                                  "Projections": [
                                                                    "ss_item_sk",
                                                                    "ss_ticket_number",
                                                                    "ss_sold_date_sk",
                                                                    "ss_store_sk",
                                                                    "ss_promo_sk",
                                                                    "ss_ext_sales_price",
                                                                    "ss_net_profit"
                                                                  ],
                                                                  "Filters": "ss_wholesale_cost>=23.00 AND ss_wholesale_cost<=38.00",
                                                                  "Estimated Cardinality": "5760198"
                                                                },
                                                                "cumulative_cardinality": 0,
                                                                "operator_type": "TABLE_SCAN",
                                                                "operator_cardinality": 88682,
                                                                "cumulative_rows_scanned": 0,
                                                                "operator_rows_scanned": 806427748,
                                                                "operator_timing": 0.45421768400000007,
                                                                "children": []
                                                              },
                                                              {
                                                                "total_bytes_written": 0,
                                                                "total_bytes_read": 0,
                                                                "result_set_size": 46040512,
                                                                "operator_name": "SEQ_SCAN ",
                                                                "cpu_time": 0.0,
                                                                "extra_info": {
                                                                  "Table": "store_returns",
                                                                  "Type": "Sequential Scan",
                                                                  "Projections": [
                                                                    "sr_item_sk",
                                                                    "sr_ticket_number",
                                                                    "sr_return_amt",
                                                                    "sr_net_loss"
                                                                  ],
                                                                  "Estimated Cardinality": "2877532"
                                                                },
                                                                "cumulative_cardinality": 0,
                                                                "operator_type": "TABLE_SCAN",
                                                                "operator_cardinality": 2877532,
                                                                "cumulative_rows_scanned": 0,
                                                                "operator_rows_scanned": 69060768,
                                                                "operator_timing": 0.026443544999999995,
                                                                "children": []
                                                              }
                                                            ]
                                                          },
                                                          {
                                                            "total_bytes_written": 0,
                                                            "total_bytes_read": 0,
                                                            "result_set_size": 4600,
                                                            "operator_name": "PROJECTION",
                                                            "cpu_time": 0.0,
                                                            "extra_info": {
                                                              "Projections": "#0",
                                                              "Estimated Cardinality": "4080"
                                                            },
                                                            "cumulative_cardinality": 0,
                                                            "operator_type": "PROJECTION",
                                                            "operator_cardinality": 1150,
                                                            "cumulative_rows_scanned": 0,
                                                            "operator_rows_scanned": 0,
                                                            "operator_timing": 1.58e-07,
                                                            "children": [
                                                              {
                                                                "total_bytes_written": 0,
                                                                "total_bytes_read": 0,
                                                                "result_set_size": 23000,
                                                                "operator_name": "FILTER",
                                                                "cpu_time": 0.0,
                                                                "extra_info": {
                                                                  "Expression": "((i_category = 'Children') OR (i_category = 'Sports'))",
                                                                  "Estimated Cardinality": "4080"
                                                                },
                                                                "cumulative_cardinality": 0,
                                                                "operator_type": "FILTER",
                                                                "operator_cardinality": 1150,
                                                                "cumulative_rows_scanned": 0,
                                                                "operator_rows_scanned": 0,
                                                                "operator_timing": 0.00018185200000000003,
                                                                "children": [
                                                                  {
                                                                    "total_bytes_written": 0,
                                                                    "total_bytes_read": 0,
                                                                    "result_set_size": 113820,
                                                                    "operator_name": "SEQ_SCAN ",
                                                                    "cpu_time": 0.0,
                                                                    "extra_info": {
                                                                      "Table": "item",
                                                                      "Type": "Sequential Scan",
                                                                      "Projections": [
                                                                        "i_item_sk",
                                                                        "i_category"
                                                                      ],
                                                                      "Filters": [
                                                                        "i_current_price>50.00",
                                                                        "optional: i_category IN ('Children', 'Sports')"
                                                                      ],
                                                                      "Estimated Cardinality": "20400"
                                                                    },
                                                                    "cumulative_cardinality": 0,
                                                                    "operator_type": "TABLE_SCAN",
                                                                    "operator_cardinality": 5691,
                                                                    "cumulative_rows_scanned": 0,
                                                                    "operator_rows_scanned": 102000,
                                                                    "operator_timing": 0.0005072540000000001,
                                                                    "children": []
                                                                  }
                                                                ]
                                                              }
                                                            ]
                                                          }
                                                        ]
                                                      },
                                                      {
                                                        "total_bytes_written": 0,
                                                        "total_bytes_read": 0,
                                                        "result_set_size": 1940,
                                                        "operator_name": "SEQ_SCAN ",
                                                        "cpu_time": 0.0,
                                                        "extra_info": {
                                                          "Table": "promotion",
                                                          "Type": "Sequential Scan",
                                                          "Projections": "p_promo_sk",
                                                          "Filters": [
                                                            "p_channel_email='N'",
                                                            "p_channel_tv='N'",
                                                            "p_channel_radio='N'",
                                                            "p_channel_press='N'",
                                                            "p_channel_event='N'"
                                                          ],
                                                          "Estimated Cardinality": "100"
                                                        },
                                                        "cumulative_cardinality": 0,
                                                        "operator_type": "TABLE_SCAN",
                                                        "operator_cardinality": 485,
                                                        "cumulative_rows_scanned": 0,
                                                        "operator_rows_scanned": 500,
                                                        "operator_timing": 0.00014766699999999998,
                                                        "children": []
                                                      }
                                                    ]
                                                  },
                                                  {
                                                    "total_bytes_written": 0,
                                                    "total_bytes_read": 0,
                                                    "result_set_size": 124,
                                                    "operator_name": "FILTER",
                                                    "cpu_time": 0.0,
                                                    "extra_info": {
                                                      "Expression": "(d_date_sk BETWEEN 2450816 AND 2452642)",
                                                      "Estimated Cardinality": "14609"
                                                    },
                                                    "cumulative_cardinality": 0,
                                                    "operator_type": "FILTER",
                                                    "operator_cardinality": 31,
                                                    "cumulative_rows_scanned": 0,
                                                    "operator_rows_scanned": 0,
                                                    "operator_timing": 2.6457e-05,
                                                    "children": [
                                                      {
                                                        "total_bytes_written": 0,
                                                        "total_bytes_read": 0,
                                                        "result_set_size": 124,
                                                        "operator_name": "SEQ_SCAN ",
                                                        "cpu_time": 0.0,
                                                        "extra_info": {
                                                          "Table": "date_dim",
                                                          "Type": "Sequential Scan",
                                                          "Projections": "d_date_sk",
                                                          "Filters": "(CAST(d_date AS TIMESTAMP) BETWEEN '1998-08-29 00:00:00'::TIMESTAMP AND '1998-09-28 00:00:00'::TIMESTAMP)",
                                                          "Estimated Cardinality": "14609"
                                                        },
                                                        "cumulative_cardinality": 0,
                                                        "operator_type": "TABLE_SCAN",
                                                        "operator_cardinality": 31,
                                                        "cumulative_rows_scanned": 0,
                                                        "operator_rows_scanned": 73049,
                                                        "operator_timing": 0.000818647,
                                                        "children": []
                                                      }
                                                    ]
                                                  }
                                                ]
                                              },
                                              {
                                                "total_bytes_written": 0,
                                                "total_bytes_read": 0,
                                                "result_set_size": 2000,
                                                "operator_name": "SEQ_SCAN ",
                                                "cpu_time": 0.0,
                                                "extra_info": {
                                                  "Table": "store",
                                                  "Type": "Sequential Scan",
                                                  "Projections": [
                                                    "s_store_sk",
                                                    "s_store_id"
                                                  ],
                                                  "Filters": "s_store_sk<=100",
                                                  "Estimated Cardinality": "102"
                                                },
                                                "cumulative_cardinality": 0,
                                                "operator_type": "TABLE_SCAN",
                                                "operator_cardinality": 100,
                                                "cumulative_rows_scanned": 0,
                                                "operator_rows_scanned": 102,
                                                "operator_timing": 2.6101e-05,
                                                "children": []
                                              }
                                            ]
                                          }
                                        ]
                                      }
                                    ]
                                  }
                                ]
                              },
                              {
                                "total_bytes_written": 0,
                                "total_bytes_read": 0,
                                "result_set_size": 21920,
                                "operator_name": "PROJECTION",
                                "cpu_time": 0.0,
                                "extra_info": {
                                  "Projections": [
                                    "channel",
                                    "id",
                                    "sales",
                                    "returns",
                                    "profit"
                                  ],
                                  "Estimated Cardinality": "5384"
                                },
                                "cumulative_cardinality": 0,
                                "operator_type": "PROJECTION",
                                "operator_cardinality": 274,
                                "cumulative_rows_scanned": 0,
                                "operator_rows_scanned": 0,
                                "operator_timing": 0.00015882899999999998,
                                "children": [
                                  {
                                    "total_bytes_written": 0,
                                    "total_bytes_read": 0,
                                    "result_set_size": 17536,
                                    "operator_name": "HASH_GROUP_BY",
                                    "cpu_time": 0.0,
                                    "extra_info": {
                                      "Groups": "#0",
                                      "Aggregates": [
                                        "sum(#1)",
                                        "sum(#2)",
                                        "sum(#3)"
                                      ],
                                      "Estimated Cardinality": "5384"
                                    },
                                    "cumulative_cardinality": 0,
                                    "operator_type": "HASH_GROUP_BY",
                                    "operator_cardinality": 274,
                                    "cumulative_rows_scanned": 0,
                                    "operator_rows_scanned": 0,
                                    "operator_timing": 0.0020514,
                                    "children": [
                                      {
                                        "total_bytes_written": 0,
                                        "total_bytes_read": 0,
                                        "result_set_size": 18684,
                                        "operator_name": "PROJECTION",
                                        "cpu_time": 0.0,
                                        "extra_info": {
                                          "Projections": [
                                            "cp_catalog_page_id",
                                            "cs_ext_sales_price",
                                            "COALESCE(CAST(cr_return_amount AS DECIMAL(12,2)), 0.00)",
                                            "(CAST(cs_net_profit AS DECIMAL(13,2)) - COALESCE(CAST(cr_net_loss AS DECIMAL(12,2)), 0.00))"
                                          ],
                                          "Estimated Cardinality": "5414"
                                        },
                                        "cumulative_cardinality": 0,
                                        "operator_type": "PROJECTION",
                                        "operator_cardinality": 519,
                                        "cumulative_rows_scanned": 0,
                                        "operator_rows_scanned": 0,
                                        "operator_timing": 2.4507e-05,
                                        "children": [
                                          {
                                            "total_bytes_written": 0,
                                            "total_bytes_read": 0,
                                            "result_set_size": 16608,
                                            "operator_name": "HASH_JOIN",
                                            "cpu_time": 0.0,
                                            "extra_info": {
                                              "Join Type": "INNER",
                                              "Conditions": "cp_catalog_page_sk = cs_catalog_page_sk",
                                              "Estimated Cardinality": "5414"
                                            },
                                            "cumulative_cardinality": 0,
                                            "operator_type": "HASH_JOIN",
                                            "operator_cardinality": 519,
                                            "cumulative_rows_scanned": 0,
                                            "operator_rows_scanned": 0,
                                            "operator_timing": 0.000771885,
                                            "children": [
                                              {
                                                "total_bytes_written": 0,
                                                "total_bytes_read": 0,
                                                "result_set_size": 17760,
                                                "operator_name": "SEQ_SCAN ",
                                                "cpu_time": 0.0,
                                                "extra_info": {
                                                  "Table": "catalog_page",
                                                  "Type": "Sequential Scan",
                                                  "Projections": [
                                                    "cp_catalog_page_sk",
                                                    "cp_catalog_page_id"
                                                  ],
                                                  "Filters": "cp_catalog_page_sk<=10101",
                                                  "Estimated Cardinality": "12000"
                                                },
                                                "cumulative_cardinality": 0,
                                                "operator_type": "TABLE_SCAN",
                                                "operator_cardinality": 888,
                                                "cumulative_rows_scanned": 0,
                                                "operator_rows_scanned": 12000,
                                                "operator_timing": 0.00010846599999999999,
                                                "children": []
                                              },
                                              {
                                                "total_bytes_written": 0,
                                                "total_bytes_read": 0,
                                                "result_set_size": 12456,
                                                "operator_name": "HASH_JOIN",
                                                "cpu_time": 0.0,
                                                "extra_info": {
                                                  "Join Type": "INNER",
                                                  "Conditions": "cs_sold_date_sk = d_date_sk",
                                                  "Estimated Cardinality": "4701"
                                                },
                                                "cumulative_cardinality": 0,
                                                "operator_type": "HASH_JOIN",
                                                "operator_cardinality": 519,
                                                "cumulative_rows_scanned": 0,
                                                "operator_rows_scanned": 0,
                                                "operator_timing": 0.00019840000000000002,
                                                "children": [
                                                  {
                                                    "total_bytes_written": 0,
                                                    "total_bytes_read": 0,
                                                    "result_set_size": 14532,
                                                    "operator_name": "HASH_JOIN",
                                                    "cpu_time": 0.0,
                                                    "extra_info": {
                                                      "Join Type": "INNER",
                                                      "Conditions": "cs_promo_sk = p_promo_sk",
                                                      "Estimated Cardinality": "23507"
                                                    },
                                                    "cumulative_cardinality": 0,
                                                    "operator_type": "HASH_JOIN",
                                                    "operator_cardinality": 519,
                                                    "cumulative_rows_scanned": 0,
                                                    "operator_rows_scanned": 0,
                                                    "operator_timing": 9.728499999999997e-05,
                                                    "children": [
                                                      {
                                                        "total_bytes_written": 0,
                                                        "total_bytes_read": 0,
                                                        "result_set_size": 17216,
                                                        "operator_name": "HASH_JOIN",
                                                        "cpu_time": 0.0,
                                                        "extra_info": {
                                                          "Join Type": "INNER",
                                                          "Conditions": "cs_item_sk = i_item_sk",
                                                          "Estimated Cardinality": "122238"
                                                        },
                                                        "cumulative_cardinality": 0,
                                                        "operator_type": "HASH_JOIN",
                                                        "operator_cardinality": 538,
                                                        "cumulative_rows_scanned": 0,
                                                        "operator_rows_scanned": 0,
                                                        "operator_timing": 0.0009729719999999999,
                                                        "children": [
                                                          {
                                                            "total_bytes_written": 0,
                                                            "total_bytes_read": 0,
                                                            "result_set_size": 1540384,
                                                            "operator_name": "HASH_JOIN",
                                                            "cpu_time": 0.0,
                                                            "extra_info": {
                                                              "Join Type": "LEFT",
                                                              "Conditions": [
                                                                "cs_item_sk = cr_item_sk",
                                                                "cs_order_number = cr_order_number"
                                                              ],
                                                              "Estimated Cardinality": "2880252"
                                                            },
                                                            "cumulative_cardinality": 0,
                                                            "operator_type": "HASH_JOIN",
                                                            "operator_cardinality": 48137,
                                                            "cumulative_rows_scanned": 0,
                                                            "operator_rows_scanned": 0,
                                                            "operator_timing": 0.18996529400000003,
                                                            "children": [
                                                              {
                                                                "total_bytes_written": 0,
                                                                "total_bytes_read": 0,
                                                                "result_set_size": 1347836,
                                                                "operator_name": "SEQ_SCAN ",
                                                                "cpu_time": 0.0,
                                                                "extra_info": {
                                                                  "Table": "catalog_sales",
                                                                  "Type": "Sequential Scan",
                                                                  "Projections": [
                                                                    "cs_item_sk",
                                                                    "cs_order_number",
                                                                    "cs_sold_date_sk",
                                                                    "cs_catalog_page_sk",
                                                                    "cs_promo_sk",
                                                                    "cs_ext_sales_price",
                                                                    "cs_net_profit"
                                                                  ],
                                                                  "Filters": "cs_wholesale_cost>=23.00 AND cs_wholesale_cost<=38.00",
                                                                  "Estimated Cardinality": "2880252"
                                                                },
                                                                "cumulative_cardinality": 0,
                                                                "operator_type": "TABLE_SCAN",
                                                                "operator_cardinality": 48137,
                                                                "cumulative_rows_scanned": 0,
                                                                "operator_rows_scanned": 403235308,
                                                                "operator_timing": 0.004678038,
                                                                "children": []
                                                              },
                                                              {
                                                                "total_bytes_written": 0,
                                                                "total_bytes_read": 0,
                                                                "result_set_size": 23059584,
                                                                "operator_name": "SEQ_SCAN ",
                                                                "cpu_time": 0.0,
                                                                "extra_info": {
                                                                  "Table": "catalog_returns",
                                                                  "Type": "Sequential Scan",
                                                                  "Projections": [
                                                                    "cr_item_sk",
                                                                    "cr_order_number",
                                                                    "cr_return_amount",
                                                                    "cr_net_loss"
                                                                  ],
                                                                  "Estimated Cardinality": "1441224"
                                                                },
                                                                "cumulative_cardinality": 0,
                                                                "operator_type": "TABLE_SCAN",
                                                                "operator_cardinality": 1441224,
                                                                "cumulative_rows_scanned": 0,
                                                                "operator_rows_scanned": 17294688,
                                                                "operator_timing": 0.012150195000000003,
                                                                "children": []
                                                              }
                                                            ]
                                                          },
                                                          {
                                                            "total_bytes_written": 0,
                                                            "total_bytes_read": 0,
                                                            "result_set_size": 4600,
                                                            "operator_name": "PROJECTION",
                                                            "cpu_time": 0.0,
                                                            "extra_info": {
                                                              "Projections": "#0",
                                                              "Estimated Cardinality": "4080"
                                                            },
                                                            "cumulative_cardinality": 0,
                                                            "operator_type": "PROJECTION",
                                                            "operator_cardinality": 1150,
                                                            "cumulative_rows_scanned": 0,
                                                            "operator_rows_scanned": 0,
                                                            "operator_timing": 9.23e-07,
                                                            "children": [
                                                              {
                                                                "total_bytes_written": 0,
                                                                "total_bytes_read": 0,
                                                                "result_set_size": 23000,
                                                                "operator_name": "FILTER",
                                                                "cpu_time": 0.0,
                                                                "extra_info": {
                                                                  "Expression": "((i_category = 'Children') OR (i_category = 'Sports'))",
                                                                  "Estimated Cardinality": "4080"
                                                                },
                                                                "cumulative_cardinality": 0,
                                                                "operator_type": "FILTER",
                                                                "operator_cardinality": 1150,
                                                                "cumulative_rows_scanned": 0,
                                                                "operator_rows_scanned": 0,
                                                                "operator_timing": 0.0005061669999999999,
                                                                "children": [
                                                                  {
                                                                    "total_bytes_written": 0,
                                                                    "total_bytes_read": 0,
                                                                    "result_set_size": 113820,
                                                                    "operator_name": "SEQ_SCAN ",
                                                                    "cpu_time": 0.0,
                                                                    "extra_info": {
                                                                      "Table": "item",
                                                                      "Type": "Sequential Scan",
                                                                      "Projections": [
                                                                        "i_item_sk",
                                                                        "i_category"
                                                                      ],
                                                                      "Filters": [
                                                                        "i_current_price>50.00",
                                                                        "optional: i_category IN ('Children', 'Sports')"
                                                                      ],
                                                                      "Estimated Cardinality": "20400"
                                                                    },
                                                                    "cumulative_cardinality": 0,
                                                                    "operator_type": "TABLE_SCAN",
                                                                    "operator_cardinality": 5691,
                                                                    "cumulative_rows_scanned": 0,
                                                                    "operator_rows_scanned": 102000,
                                                                    "operator_timing": 0.0013740510000000003,
                                                                    "children": []
                                                                  }
                                                                ]
                                                              }
                                                            ]
                                                          }
                                                        ]
                                                      },
                                                      {
                                                        "total_bytes_written": 0,
                                                        "total_bytes_read": 0,
                                                        "result_set_size": 1940,
                                                        "operator_name": "SEQ_SCAN ",
                                                        "cpu_time": 0.0,
                                                        "extra_info": {
                                                          "Table": "promotion",
                                                          "Type": "Sequential Scan",
                                                          "Projections": "p_promo_sk",
                                                          "Filters": [
                                                            "p_channel_email='N'",
                                                            "p_channel_tv='N'",
                                                            "p_channel_radio='N'",
                                                            "p_channel_press='N'",
                                                            "p_channel_event='N'"
                                                          ],
                                                          "Estimated Cardinality": "100"
                                                        },
                                                        "cumulative_cardinality": 0,
                                                        "operator_type": "TABLE_SCAN",
                                                        "operator_cardinality": 485,
                                                        "cumulative_rows_scanned": 0,
                                                        "operator_rows_scanned": 500,
                                                        "operator_timing": 7.334500000000001e-05,
                                                        "children": []
                                                      }
                                                    ]
                                                  },
                                                  {
                                                    "total_bytes_written": 0,
                                                    "total_bytes_read": 0,
                                                    "result_set_size": 124,
                                                    "operator_name": "FILTER",
                                                    "cpu_time": 0.0,
                                                    "extra_info": {
                                                      "Expression": "(d_date_sk BETWEEN 2450815 AND 2452653)",
                                                      "Estimated Cardinality": "14609"
                                                    },
                                                    "cumulative_cardinality": 0,
                                                    "operator_type": "FILTER",
                                                    "operator_cardinality": 31,
                                                    "cumulative_rows_scanned": 0,
                                                    "operator_rows_scanned": 0,
                                                    "operator_timing": 1.6442e-05,
                                                    "children": [
                                                      {
                                                        "total_bytes_written": 0,
                                                        "total_bytes_read": 0,
                                                        "result_set_size": 124,
                                                        "operator_name": "SEQ_SCAN ",
                                                        "cpu_time": 0.0,
                                                        "extra_info": {
                                                          "Table": "date_dim",
                                                          "Type": "Sequential Scan",
                                                          "Projections": "d_date_sk",
                                                          "Filters": "(CAST(d_date AS TIMESTAMP) BETWEEN '1998-08-29 00:00:00'::TIMESTAMP AND '1998-09-28 00:00:00'::TIMESTAMP)",
                                                          "Estimated Cardinality": "14609"
                                                        },
                                                        "cumulative_cardinality": 0,
                                                        "operator_type": "TABLE_SCAN",
                                                        "operator_cardinality": 31,
                                                        "cumulative_rows_scanned": 0,
                                                        "operator_rows_scanned": 73049,
                                                        "operator_timing": 0.0008041680000000001,
                                                        "children": []
                                                      }
                                                    ]
                                                  }
                                                ]
                                              }
                                            ]
                                          }
                                        ]
                                      }
                                    ]
                                  }
                                ]
                              }
                            ]
                          },
                          {
                            "total_bytes_written": 0,
                            "total_bytes_read": 0,
                            "result_set_size": 1680,
                            "operator_name": "PROJECTION",
                            "cpu_time": 0.0,
                            "extra_info": {
                              "Projections": [
                                "channel",
                                "id",
                                "sales",
                                "returns",
                                "profit"
                              ],
                              "Estimated Cardinality": "2272"
                            },
                            "cumulative_cardinality": 0,
                            "operator_type": "PROJECTION",
                            "operator_cardinality": 21,
                            "cumulative_rows_scanned": 0,
                            "operator_rows_scanned": 0,
                            "operator_timing": 0.000107743,
                            "children": [
                              {
                                "total_bytes_written": 0,
                                "total_bytes_read": 0,
                                "result_set_size": 1344,
                                "operator_name": "HASH_GROUP_BY",
                                "cpu_time": 0.0,
                                "extra_info": {
                                  "Groups": "#0",
                                  "Aggregates": [
                                    "sum(#1)",
                                    "sum(#2)",
                                    "sum(#3)"
                                  ],
                                  "Estimated Cardinality": "2272"
                                },
                                "cumulative_cardinality": 0,
                                "operator_type": "HASH_GROUP_BY",
                                "operator_cardinality": 21,
                                "cumulative_rows_scanned": 0,
                                "operator_rows_scanned": 0,
                                "operator_timing": 0.0052436620000000005,
                                "children": [
                                  {
                                    "total_bytes_written": 0,
                                    "total_bytes_read": 0,
                                    "result_set_size": 9252,
                                    "operator_name": "PROJECTION",
                                    "cpu_time": 0.0,
                                    "extra_info": {
                                      "Projections": [
                                        "web_site_id",
                                        "ws_ext_sales_price",
                                        "COALESCE(CAST(wr_return_amt AS DECIMAL(12,2)), 0.00)",
                                        "(CAST(ws_net_profit AS DECIMAL(13,2)) - COALESCE(CAST(wr_net_loss AS DECIMAL(12,2)), 0.00))"
                                      ],
                                      "Estimated Cardinality": "2287"
                                    },
                                    "cumulative_cardinality": 0,
                                    "operator_type": "PROJECTION",
                                    "operator_cardinality": 257,
                                    "cumulative_rows_scanned": 0,
                                    "operator_rows_scanned": 0,
                                    "operator_timing": 0.00032912800000000004,
                                    "children": [
                                      {
                                        "total_bytes_written": 0,
                                        "total_bytes_read": 0,
                                        "result_set_size": 8224,
                                        "operator_name": "HASH_JOIN",
                                        "cpu_time": 0.0,
                                        "extra_info": {
                                          "Join Type": "INNER",
                                          "Conditions": "ws_web_site_sk = web_site_sk",
                                          "Estimated Cardinality": "2287"
                                        },
                                        "cumulative_cardinality": 0,
                                        "operator_type": "HASH_JOIN",
                                        "operator_cardinality": 257,
                                        "cumulative_rows_scanned": 0,
                                        "operator_rows_scanned": 0,
                                        "operator_timing": 0.0007345800000000001,
                                        "children": [
                                          {
                                            "total_bytes_written": 0,
                                            "total_bytes_read": 0,
                                            "result_set_size": 6168,
                                            "operator_name": "HASH_JOIN",
                                            "cpu_time": 0.0,
                                            "extra_info": {
                                              "Join Type": "INNER",
                                              "Conditions": "ws_sold_date_sk = d_date_sk",
                                              "Estimated Cardinality": "2341"
                                            },
                                            "cumulative_cardinality": 0,
                                            "operator_type": "HASH_JOIN",
                                            "operator_cardinality": 257,
                                            "cumulative_rows_scanned": 0,
                                            "operator_rows_scanned": 0,
                                            "operator_timing": 0.0005467909999999998,
                                            "children": [
                                              {
                                                "total_bytes_written": 0,
                                                "total_bytes_read": 0,
                                                "result_set_size": 7196,
                                                "operator_name": "HASH_JOIN",
                                                "cpu_time": 0.0,
                                                "extra_info": {
                                                  "Join Type": "INNER",
                                                  "Conditions": "ws_promo_sk = p_promo_sk",
                                                  "Estimated Cardinality": "11708"
                                                },
                                                "cumulative_cardinality": 0,
                                                "operator_type": "HASH_JOIN",
                                                "operator_cardinality": 257,
                                                "cumulative_rows_scanned": 0,
                                                "operator_rows_scanned": 0,
                                                "operator_timing": 0.000435133,
                                                "children": [
                                                  {
                                                    "total_bytes_written": 0,
                                                    "total_bytes_read": 0,
                                                    "result_set_size": 8608,
                                                    "operator_name": "HASH_JOIN",
                                                    "cpu_time": 0.0,
                                                    "extra_info": {
                                                      "Join Type": "INNER",
                                                      "Conditions": "ws_item_sk = i_item_sk",
                                                      "Estimated Cardinality": "60882"
                                                    },
                                                    "cumulative_cardinality": 0,
                                                    "operator_type": "HASH_JOIN",
                                                    "operator_cardinality": 269,
                                                    "cumulative_rows_scanned": 0,
                                                    "operator_rows_scanned": 0,
                                                    "operator_timing": 0.000724702,
                                                    "children": [
                                                      {
                                                        "total_bytes_written": 0,
                                                        "total_bytes_read": 0,
                                                        "result_set_size": 769600,
                                                        "operator_name": "HASH_JOIN",
                                                        "cpu_time": 0.0,
                                                        "extra_info": {
                                                          "Join Type": "LEFT",
                                                          "Conditions": [
                                                            "ws_item_sk = wr_item_sk",
                                                            "ws_order_number = wr_order_number"
                                                          ],
                                                          "Estimated Cardinality": "1439513"
                                                        },
                                                        "cumulative_cardinality": 0,
                                                        "operator_type": "HASH_JOIN",
                                                        "operator_cardinality": 24050,
                                                        "cumulative_rows_scanned": 0,
                                                        "operator_rows_scanned": 0,
                                                        "operator_timing": 0.10217512599999998,
                                                        "children": [
                                                          {
                                                            "total_bytes_written": 0,
                                                            "total_bytes_read": 0,
                                                            "result_set_size": 673400,
                                                            "operator_name": "SEQ_SCAN ",
                                                            "cpu_time": 0.0,
                                                            "extra_info": {
                                                              "Table": "web_sales",
                                                              "Type": "Sequential Scan",
                                                              "Projections": [
                                                                "ws_item_sk",
                                                                "ws_order_number",
                                                                "ws_sold_date_sk",
                                                                "ws_web_site_sk",
                                                                "ws_promo_sk",
                                                                "ws_ext_sales_price",
                                                                "ws_net_profit"
                                                              ],
                                                              "Filters": "ws_wholesale_cost>=23.00 AND ws_wholesale_cost<=38.00",
                                                              "Estimated Cardinality": "1439513"
                                                            },
                                                            "cumulative_cardinality": 0,
                                                            "operator_type": "TABLE_SCAN",
                                                            "operator_cardinality": 24050,
                                                            "cumulative_rows_scanned": 0,
                                                            "operator_rows_scanned": 201531848,
                                                            "operator_timing": 0.09604576899999999,
                                                            "children": []
                                                          },
                                                          {
                                                            "total_bytes_written": 0,
                                                            "total_bytes_read": 0,
                                                            "result_set_size": 11507552,
                                                            "operator_name": "SEQ_SCAN ",
                                                            "cpu_time": 0.0,
                                                            "extra_info": {
                                                              "Table": "web_returns",
                                                              "Type": "Sequential Scan",
                                                              "Projections": [
                                                                "wr_item_sk",
                                                                "wr_order_number",
                                                                "wr_return_amt",
                                                                "wr_net_loss"
                                                              ],
                                                              "Estimated Cardinality": "719222"
                                                            },
                                                            "cumulative_cardinality": 0,
                                                            "operator_type": "TABLE_SCAN",
                                                            "operator_cardinality": 719222,
                                                            "cumulative_rows_scanned": 0,
                                                            "operator_rows_scanned": 4315332,
                                                            "operator_timing": 0.004754382,
                                                            "children": []
                                                          }
                                                        ]
                                                      },
                                                      {
                                                        "total_bytes_written": 0,
                                                        "total_bytes_read": 0,
                                                        "result_set_size": 4600,
                                                        "operator_name": "PROJECTION",
                                                        "cpu_time": 0.0,
                                                        "extra_info": {
                                                          "Projections": "#0",
                                                          "Estimated Cardinality": "4080"
                                                        },
                                                        "cumulative_cardinality": 0,
                                                        "operator_type": "PROJECTION",
                                                        "operator_cardinality": 1150,
                                                        "cumulative_rows_scanned": 0,
                                                        "operator_rows_scanned": 0,
                                                        "operator_timing": 1.151e-06,
                                                        "children": [
                                                          {
                                                            "total_bytes_written": 0,
                                                            "total_bytes_read": 0,
                                                            "result_set_size": 23000,
                                                            "operator_name": "FILTER",
                                                            "cpu_time": 0.0,
                                                            "extra_info": {
                                                              "Expression": "((i_category = 'Children') OR (i_category = 'Sports'))",
                                                              "Estimated Cardinality": "4080"
                                                            },
                                                            "cumulative_cardinality": 0,
                                                            "operator_type": "FILTER",
                                                            "operator_cardinality": 1150,
                                                            "cumulative_rows_scanned": 0,
                                                            "operator_rows_scanned": 0,
                                                            "operator_timing": 0.000664551,
                                                            "children": [
                                                              {
                                                                "total_bytes_written": 0,
                                                                "total_bytes_read": 0,
                                                                "result_set_size": 113820,
                                                                "operator_name": "SEQ_SCAN ",
                                                                "cpu_time": 0.0,
                                                                "extra_info": {
                                                                  "Table": "item",
                                                                  "Type": "Sequential Scan",
                                                                  "Projections": [
                                                                    "i_item_sk",
                                                                    "i_category"
                                                                  ],
                                                                  "Filters": [
                                                                    "i_current_price>50.00",
                                                                    "optional: i_category IN ('Children', 'Sports')"
                                                                  ],
                                                                  "Estimated Cardinality": "20400"
                                                                },
                                                                "cumulative_cardinality": 0,
                                                                "operator_type": "TABLE_SCAN",
                                                                "operator_cardinality": 5691,
                                                                "cumulative_rows_scanned": 0,
                                                                "operator_rows_scanned": 102000,
                                                                "operator_timing": 0.0012710499999999997,
                                                                "children": []
                                                              }
                                                            ]
                                                          }
                                                        ]
                                                      }
                                                    ]
                                                  },
                                                  {
                                                    "total_bytes_written": 0,
                                                    "total_bytes_read": 0,
                                                    "result_set_size": 1940,
                                                    "operator_name": "SEQ_SCAN ",
                                                    "cpu_time": 0.0,
                                                    "extra_info": {
                                                      "Table": "promotion",
                                                      "Type": "Sequential Scan",
                                                      "Projections": "p_promo_sk",
                                                      "Filters": [
                                                        "p_channel_email='N'",
                                                        "p_channel_tv='N'",
                                                        "p_channel_radio='N'",
                                                        "p_channel_press='N'",
                                                        "p_channel_event='N'"
                                                      ],
                                                      "Estimated Cardinality": "100"
                                                    },
                                                    "cumulative_cardinality": 0,
                                                    "operator_type": "TABLE_SCAN",
                                                    "operator_cardinality": 485,
                                                    "cumulative_rows_scanned": 0,
                                                    "operator_rows_scanned": 500,
                                                    "operator_timing": 9.4087e-05,
                                                    "children": []
                                                  }
                                                ]
                                              },
                                              {
                                                "total_bytes_written": 0,
                                                "total_bytes_read": 0,
                                                "result_set_size": 124,
                                                "operator_name": "FILTER",
                                                "cpu_time": 0.0,
                                                "extra_info": {
                                                  "Expression": "(d_date_sk BETWEEN 2450816 AND 2452642)",
                                                  "Estimated Cardinality": "14609"
                                                },
                                                "cumulative_cardinality": 0,
                                                "operator_type": "FILTER",
                                                "operator_cardinality": 31,
                                                "cumulative_rows_scanned": 0,
                                                "operator_rows_scanned": 0,
                                                "operator_timing": 4.1166e-05,
                                                "children": [
                                                  {
                                                    "total_bytes_written": 0,
                                                    "total_bytes_read": 0,
                                                    "result_set_size": 124,
                                                    "operator_name": "SEQ_SCAN ",
                                                    "cpu_time": 0.0,
                                                    "extra_info": {
                                                      "Table": "date_dim",
                                                      "Type": "Sequential Scan",
                                                      "Projections": "d_date_sk",
                                                      "Filters": "(CAST(d_date AS TIMESTAMP) BETWEEN '1998-08-29 00:00:00'::TIMESTAMP AND '1998-09-28 00:00:00'::TIMESTAMP)",
                                                      "Estimated Cardinality": "14609"
                                                    },
                                                    "cumulative_cardinality": 0,
                                                    "operator_type": "TABLE_SCAN",
                                                    "operator_cardinality": 31,
                                                    "cumulative_rows_scanned": 0,
                                                    "operator_rows_scanned": 73049,
                                                    "operator_timing": 0.000851048,
                                                    "children": []
                                                  }
                                                ]
                                              }
                                            ]
                                          },
                                          {
                                            "total_bytes_written": 0,
                                            "total_bytes_read": 0,
                                            "result_set_size": 840,
                                            "operator_name": "SEQ_SCAN ",
                                            "cpu_time": 0.0,
                                            "extra_info": {
                                              "Table": "web_site",
                                              "Type": "Sequential Scan",
                                              "Projections": [
                                                "web_site_sk",
                                                "web_site_id"
                                              ],
                                              "Estimated Cardinality": "42"
                                            },
                                            "cumulative_cardinality": 0,
                                            "operator_type": "TABLE_SCAN",
                                            "operator_cardinality": 42,
                                            "cumulative_rows_scanned": 0,
                                            "operator_rows_scanned": 42,
                                            "operator_timing": 4.2072e-05,
                                            "children": []
                                          }
                                        ]
                                      }
                                    ]
                                  }
                                ]
                              }
                            ]
                          }
                        ]
                      }
                    ]
                  }
                ]
              }
            ]
          }
        ]
      }
    ]
  },
  "actual_rows": 0
}