{
  "execution_time_ms": 11.9,
  "plan_text": "\u250c\u2500\u2500\u2500\u2500\u2500\u2500\u2500\u2500\u2500\u2500\u2500\u2500\u2500\u2500\u2500\u2500\u2500\u2500\u2500\u2500\u2500\u2500\u2500\u2500\u2500\u2500\u2500\u2500\u2500\u2500\u2500\u2500\u2500\u2500\u2500\u2500\u2500\u2510\n\u2502\u250c\u2500\u2500\u2500\u2500\u2500\u2500\u2500\u2500\u2500\u2500\u2500\u2500\u2500\u2500\u2500\u2500\u2500\u2500\u2500\u2500\u2500\u2500\u2500\u2500\u2500\u2500\u2500\u2500\u2500\u2500\u2500\u2500\u2500\u2500\u2500\u2510\u2502\n\u2502\u2502    Query Profiling Information    \u2502\u2502\n\u2502\u2514\u2500\u2500\u2500\u2500\u2500\u2500\u2500\u2500\u2500\u2500\u2500\u2500\u2500\u2500\u2500\u2500\u2500\u2500\u2500\u2500\u2500\u2500\u2500\u2500\u2500\u2500\u2500\u2500\u2500\u2500\u2500\u2500\u2500\u2500\u2500\u2518\u2502\n\u2514\u2500\u2500\u2500\u2500\u2500\u2500\u2500\u2500\u2500\u2500\u2500\u2500\u2500\u2500\u2500\u2500\u2500\u2500\u2500\u2500\u2500\u2500\u2500\u2500\u2500\u2500\u2500\u2500\u2500\u2500\u2500\u2500\u2500\u2500\u2500\u2500\u2500\u2518\nEXPLAIN ANALYZE select  sum(cs_ext_discount_amt)  as \"excess discount amount\" from    catalog_sales    ,item    ,date_dim where (i_manufact_id in (47, 226, 612, 676, 818) or i_manager_id BETWEEN 71 and 100) and i_item_sk = cs_item_sk and d_date between '1998-01-06' and         cast('1998-01-06' as date) + interval '90 day' and d_date_sk = cs_sold_date_sk and cs_ext_discount_amt      > (          select             1.3 * avg(cs_ext_discount_amt)          from             catalog_sales            ,date_dim          where               cs_item_sk = i_item_sk           and d_date between '1998-01-06' and                              cast('1998-01-06' as date) + interval '90 day'           and d_date_sk = cs_sold_date_sk           and cs_list_price between 108 and 137           and cs_sales_price / cs_list_price BETWEEN 23 * 0.01 AND 43 * 0.01       ) order by sum(cs_ext_discount_amt) limit 100\n\u250c\u2500\u2500\u2500\u2500\u2500\u2500\u2500\u2500\u2500\u2500\u2500\u2500\u2500\u2500\u2500\u2500\u2500\u2500\u2500\u2500\u2500\u2500\u2500\u2500\u2500\u2500\u2500\u2500\u2500\u2500\u2500\u2500\u2500\u2500\u2500\u2500\u2500\u2500\u2500\u2500\u2500\u2500\u2500\u2500\u2500\u2500\u2500\u2500\u2510\n\u2502\u250c\u2500\u2500\u2500\u2500\u2500\u2500\u2500\u2500\u2500\u2500\u2500\u2500\u2500\u2500\u2500\u2500\u2500\u2500\u2500\u2500\u2500\u2500\u2500\u2500\u2500\u2500\u2500\u2500\u2500\u2500\u2500\u2500\u2500\u2500\u2500\u2500\u2500\u2500\u2500\u2500\u2500\u2500\u2500\u2500\u2500\u2500\u2510\u2502\n\u2502\u2502              Total Time: 0.0083s             \u2502\u2502\n\u2502\u2514\u2500\u2500\u2500\u2500\u2500\u2500\u2500\u2500\u2500\u2500\u2500\u2500\u2500\u2500\u2500\u2500\u2500\u2500\u2500\u2500\u2500\u2500\u2500\u2500\u2500\u2500\u2500\u2500\u2500\u2500\u2500\u2500\u2500\u2500\u2500\u2500\u2500\u2500\u2500\u2500\u2500\u2500\u2500\u2500\u2500\u2500\u2518\u2502\n\u2514\u2500\u2500\u2500\u2500\u2500\u2500\u2500\u2500\u2500\u2500\u2500\u2500\u2500\u2500\u2500\u2500\u2500\u2500\u2500\u2500\u2500\u2500\u2500\u2500\u2500\u2500\u2500\u2500\u2500\u2500\u2500\u2500\u2500\u2500\u2500\u2500\u2500\u2500\u2500\u2500\u2500\u2500\u2500\u2500\u2500\u2500\u2500\u2500\u2518\n\u250c\u2500\u2500\u2500\u2500\u2500\u2500\u2500\u2500\u2500\u2500\u2500\u2500\u2500\u2500\u2500\u2500\u2500\u2500\u2500\u2500\u2500\u2500\u2500\u2510\n\u2502         QUERY         \u2502\n\u2514\u2500\u2500\u2500\u2500\u2500\u2500\u2500\u2500\u2500\u2500\u2500\u252c\u2500\u2500\u2500\u2500\u2500\u2500\u2500\u2500\u2500\u2500\u2500\u2518\n\u250c\u2500\u2500\u2500\u2500\u2500\u2500\u2500\u2500\u2500\u2500\u2500\u2534\u2500\u2500\u2500\u2500\u2500\u2500\u2500\u2500\u2500\u2500\u2500\u2510\n\u2502    EXPLAIN_ANALYZE    \u2502\n\u2502    \u2500\u2500\u2500\u2500\u2500\u2500\u2500\u2500\u2500\u2500\u2500\u2500\u2500\u2500\u2500\u2500   \u2502\n\u2502         0 rows        \u2502\n\u2502        (0.00s)        \u2502\n\u2514\u2500\u2500\u2500\u2500\u2500\u2500\u2500\u2500\u2500\u2500\u2500\u252c\u2500\u2500\u2500\u2500\u2500\u2500\u2500\u2500\u2500\u2500\u2500\u2518\n\u250c\u2500\u2500\u2500\u2500\u2500\u2500\u2500\u2500\u2500\u2500\u2500\u2534\u2500\u2500\u2500\u2500\u2500\u2500\u2500\u2500\u2500\u2500\u2500\u2510\n\u2502         TOP_N         \u2502\n\u2502    \u2500\u2500\u2500\u2500\u2500\u2500\u2500\u2500\u2500\u2500\u2500\u2500\u2500\u2500\u2500\u2500   \u2502\n\u2502        Top: 100       \u2502\n\u2502                       \u2502\n\u2502       Order By:       \u2502\n\u2502 sum(tpcds_sf10_2.main \u2502\n\u2502     .catalog_sales    \u2502\n\u2502 .cs_ext_discount_amt) \u2502\n\u2502           ASC         \u2502\n\u2502                       \u2502\n\u2502         1 row         \u2502\n\u2502        (0.00s)        \u2502\n\u2514\u2500\u2500\u2500\u2500\u2500\u2500\u2500\u2500\u2500\u2500\u2500\u252c\u2500\u2500\u2500\u2500\u2500\u2500\u2500\u2500\u2500\u2500\u2500\u2518\n\u250c\u2500\u2500\u2500\u2500\u2500\u2500\u2500\u2500\u2500\u2500\u2500\u2534\u2500\u2500\u2500\u2500\u2500\u2500\u2500\u2500\u2500\u2500\u2500\u2510\n\u2502  UNGROUPED_AGGREGATE  \u2502\n\u2502    \u2500\u2500\u2500\u2500\u2500\u2500\u2500\u2500\u2500\u2500\u2500\u2500\u2500\u2500\u2500\u2500   \u2502\n\u2502      Aggregates:      \u2502\n\u2502        sum(#0)        \u2502\n\u2502                       \u2502\n\u2502         1 row         \u2502\n\u2502        (0.00s)        \u2502\n\u2514\u2500\u2500\u2500\u2500\u2500\u2500\u2500\u2500\u2500\u2500\u2500\u252c\u2500\u2500\u2500\u2500\u2500\u2500\u2500\u2500\u2500\u2500\u2500\u2518\n\u250c\u2500\u2500\u2500\u2500\u2500\u2500\u2500\u2500\u2500\u2500\u2500\u2534\u2500\u2500\u2500\u2500\u2500\u2500\u2500\u2500\u2500\u2500\u2500\u2510\n\u2502       PROJECTION      \u2502\n\u2502    \u2500\u2500\u2500\u2500\u2500\u2500\u2500\u2500\u2500\u2500\u2500\u2500\u2500\u2500\u2500\u2500   \u2502\n\u2502  cs_ext_discount_amt  \u2502\n\u2502                       \u2502\n\u2502       1,522 rows      \u2502\n\u2502        (0.00s)        \u2502\n\u2514\u2500\u2500\u2500\u2500\u2500\u2500\u2500\u2500\u2500\u2500\u2500\u252c\u2500\u2500\u2500\u2500\u2500\u2500\u2500\u2500\u2500\u2500\u2500\u2518\n\u250c\u2500\u2500\u2500\u2500\u2500\u2500\u2500\u2500\u2500\u2500\u2500\u2534\u2500\u2500\u2500\u2500\u2500\u2500\u2500\u2500\u2500\u2500\u2500\u2510\n\u2502       PROJECTION      \u2502\n\u2502    \u2500\u2500\u2500\u2500\u2500\u2500\u2500\u2500\u2500\u2500\u2500\u2500\u2500\u2500\u2500\u2500   \u2502\n\u2502           #0          \u2502\n\u2502                       \u2502\n\u2502       1,522 rows      \u2502\n\u2502        (0.00s)        \u2502\n\u2514\u2500\u2500\u2500\u2500\u2500\u2500\u2500\u2500\u2500\u2500\u2500\u252c\u2500\u2500\u2500\u2500\u2500\u2500\u2500\u2500\u2500\u2500\u2500\u2518\n\u250c\u2500\u2500\u2500\u2500\u2500\u2500\u2500\u2500\u2500\u2500\u2500\u2534\u2500\u2500\u2500\u2500\u2500\u2500\u2500\u2500\u2500\u2500\u2500\u2510\n\u2502         FILTER        \u2502\n\u2502    \u2500\u2500\u2500\u2500\u2500\u2500\u2500\u2500\u2500\u2500\u2500\u2500\u2500\u2500\u2500\u2500   \u2502\n\u2502(CAST(cs_ext_discount_a\u2502\n\u2502    mt AS DOUBLE) >    \u2502\n\u2502        SUBQUERY)      \u2502\n\u2502                       \u2502\n\u2502       1,522 rows      \u2502\n\u2502        (0.00s)        \u2502\n\u2514\u2500\u2500\u2500\u2500\u2500\u2500\u2500\u2500\u2500\u2500\u2500\u252c\u2500\u2500\u2500\u2500\u2500\u2500\u2500\u2500\u2500\u2500\u2500\u2518\n\u250c\u2500\u2500\u2500\u2500\u2500\u2500\u2500\u2500\u2500\u2500\u2500\u2534\u2500\u2500\u2500\u2500\u2500\u2500\u2500\u2500\u2500\u2500\u2500\u2510\n\u2502    LEFT_DELIM_JOIN    \u2502\n\u2502    \u2500\u2500\u2500\u2500\u2500\u2500\u2500\u2500\u2500\u2500\u2500\u2500\u2500\u2500\u2500\u2500   \u2502\n\u2502    Join Type: LEFT    \u2502\n\u2502                       \u2502\n\u2502      Conditions:      \u2502\n\u2502    i_item_sk IS NOT   \u2502\n\u2502      DISTINCT FROM    \u251c\u2500\u2500\u2500\u2500\u2500\u2500\u2500\u2500\u2500\u2500\u2500\u2500\u2500\u2500\u2500\u2500\u2500\u2500\u2500\u2500\u2500\u2500\u2500\u2500\u2500\u2500\u2500\u2500\u2500\u2500\u2500\u2500\u2500\u2500\u2500\u2500\u2500\u2500\u2500\u2500\u2500\u2500\u2500\u2500\u2500\u2500\u2500\u2500\u2500\u2500\u2500\u2500\u2500\u2500\u2500\u2500\u2500\u2500\u2500\u2500\u2500\u2500\u2500\u2500\u2500\u2500\u2500\u2500\u2500\u2500\u2500\u2500\u2500\u2500\u2500\u2500\u2500\u2500\u2500\u2500\u2500\u2500\u2500\u2500\u2500\u2500\u2500\u252c\u2500\u2500\u2500\u2500\u2500\u2500\u2500\u2500\u2500\u2500\u2500\u2500\u2500\u2500\u2500\u2500\u2500\u2500\u2500\u2500\u2500\u2500\u2500\u2500\u2500\u2500\u2500\u2500\u2500\u2500\u2500\u2500\u2500\u2500\u2500\u2500\u2500\u2500\u2500\u2500\u2500\u2500\u2500\u2500\u2500\u2500\u2500\u2500\u2500\u2500\u2500\u2500\u2500\u2500\u2500\u2500\u2500\u2500\u2500\u2500\u2500\u2500\u2500\u2500\u2500\u2500\u2500\u2500\u2500\u2500\u2500\u2500\u2500\u2500\u2500\u2500\u2500\u2500\u2500\u2500\u2500\u2500\u2500\u2500\u2500\u2500\u2500\u2500\u2500\u2500\u2500\u2500\u2500\u2500\u2500\u2500\u2500\u2500\u2500\u2510\n\u2502        i_item_sk      \u2502                                                                                       \u2502                                                                                                   \u2502\n\u2502                       \u2502                                                                                       \u2502                                                                                                   \u2502\n\u2502     Delim Index: 1    \u2502                                                                                       \u2502                                                                                                   \u2502\n\u2502                       \u2502                                                                                       \u2502                                                                                                   \u2502\n\u2502         0 rows        \u2502                                                                                       \u2502                                                                                                   \u2502\n\u2502        (0.00s)        \u2502                                                                                       \u2502                                                                                                   \u2502\n\u2514\u2500\u2500\u2500\u2500\u2500\u2500\u2500\u2500\u2500\u2500\u2500\u252c\u2500\u2500\u2500\u2500\u2500\u2500\u2500\u2500\u2500\u2500\u2500\u2518                                                                                       \u2502                                                                                                   \u2502\n\u250c\u2500\u2500\u2500\u2500\u2500\u2500\u2500\u2500\u2500\u2500\u2500\u2534\u2500\u2500\u2500\u2500\u2500\u2500\u2500\u2500\u2500\u2500\u2500\u2510                                                                           \u250c\u2500\u2500\u2500\u2500\u2500\u2500\u2500\u2500\u2500\u2500\u2500\u2534\u2500\u2500\u2500\u2500\u2500\u2500\u2500\u2500\u2500\u2500\u2500\u2510                                                                           \u250c\u2500\u2500\u2500\u2500\u2500\u2500\u2500\u2500\u2500\u2500\u2500\u2534\u2500\u2500\u2500\u2500\u2500\u2500\u2500\u2500\u2500\u2500\u2500\u2510\n\u2502       HASH_JOIN       \u2502                                                                           \u2502       HASH_JOIN       \u2502                                                                           \u2502     HASH_GROUP_BY     \u2502\n\u2502    \u2500\u2500\u2500\u2500\u2500\u2500\u2500\u2500\u2500\u2500\u2500\u2500\u2500\u2500\u2500\u2500   \u2502                                                                           \u2502    \u2500\u2500\u2500\u2500\u2500\u2500\u2500\u2500\u2500\u2500\u2500\u2500\u2500\u2500\u2500\u2500   \u2502                                                                           \u2502    \u2500\u2500\u2500\u2500\u2500\u2500\u2500\u2500\u2500\u2500\u2500\u2500\u2500\u2500\u2500\u2500   \u2502\n\u2502    Join Type: INNER   \u2502                                                                           \u2502    Join Type: LEFT    \u2502                                                                           \u2502       Groups: #0      \u2502\n\u2502                       \u2502                                                                           \u2502                       \u2502                                                                           \u2502                       \u2502\n\u2502      Conditions:      \u2502                                                                           \u2502      Conditions:      \u2502                                                                           \u2502                       \u2502\n\u2502 cs_item_sk = i_item_sk\u251c\u2500\u2500\u2500\u2500\u2500\u2500\u2500\u2500\u2500\u2500\u2500\u2500\u2500\u2500\u2500\u2500\u2500\u2500\u2500\u2500\u2500\u2500\u2500\u2500\u2500\u2500\u2500\u2500\u2500\u2500\u2500\u2500\u2500\u2500\u2500\u2500\u2500\u2510                                     \u2502    i_item_sk IS NOT   \u251c\u2500\u2500\u2500\u2500\u2500\u2500\u2500\u2500\u2500\u2500\u2500\u2500\u2510                                                              \u2502                       \u2502\n\u2502                       \u2502                                     \u2502                                     \u2502      DISTINCT FROM    \u2502            \u2502                                                              \u2502                       \u2502\n\u2502                       \u2502                                     \u2502                                     \u2502        i_item_sk      \u2502            \u2502                                                              \u2502                       \u2502\n\u2502                       \u2502                                     \u2502                                     \u2502                       \u2502            \u2502                                                              \u2502                       \u2502\n\u2502      37,742 rows      \u2502                                     \u2502                                     \u2502      37,742 rows      \u2502            \u2502                                                              \u2502       4,711 rows      \u2502\n\u2502        (0.00s)        \u2502                                     \u2502                                     \u2502        (0.00s)        \u2502            \u2502                                                              \u2502        (0.00s)        \u2502\n\u2514\u2500\u2500\u2500\u2500\u2500\u2500\u2500\u2500\u2500\u2500\u2500\u252c\u2500\u2500\u2500\u2500\u2500\u2500\u2500\u2500\u2500\u2500\u2500\u2518                                     \u2502                                     \u2514\u2500\u2500\u2500\u2500\u2500\u2500\u2500\u2500\u2500\u2500\u2500\u252c\u2500\u2500\u2500\u2500\u2500\u2500\u2500\u2500\u2500\u2500\u2500\u2518            \u2502                                                              \u2514\u2500\u2500\u2500\u2500\u2500\u2500\u2500\u2500\u2500\u2500\u2500\u2500\u2500\u2500\u2500\u2500\u2500\u2500\u2500\u2500\u2500\u2500\u2500\u2518\n\u250c\u2500\u2500\u2500\u2500\u2500\u2500\u2500\u2500\u2500\u2500\u2500\u2534\u2500\u2500\u2500\u2500\u2500\u2500\u2500\u2500\u2500\u2500\u2500\u2510                         \u250c\u2500\u2500\u2500\u2500\u2500\u2500\u2500\u2500\u2500\u2500\u2500\u2534\u2500\u2500\u2500\u2500\u2500\u2500\u2500\u2500\u2500\u2500\u2500\u2510                         \u250c\u2500\u2500\u2500\u2500\u2500\u2500\u2500\u2500\u2500\u2500\u2500\u2534\u2500\u2500\u2500\u2500\u2500\u2500\u2500\u2500\u2500\u2500\u2500\u2510\u250c\u2500\u2500\u2500\u2500\u2500\u2500\u2500\u2500\u2500\u2500\u2500\u2534\u2500\u2500\u2500\u2500\u2500\u2500\u2500\u2500\u2500\u2500\u2500\u2510\n\u2502       HASH_JOIN       \u2502                         \u2502       PROJECTION      \u2502                         \u2502    COLUMN_DATA_SCAN   \u2502\u2502       PROJECTION      \u2502\n\u2502    \u2500\u2500\u2500\u2500\u2500\u2500\u2500\u2500\u2500\u2500\u2500\u2500\u2500\u2500\u2500\u2500   \u2502                         \u2502    \u2500\u2500\u2500\u2500\u2500\u2500\u2500\u2500\u2500\u2500\u2500\u2500\u2500\u2500\u2500\u2500   \u2502                         \u2502                       \u2502\u2502    \u2500\u2500\u2500\u2500\u2500\u2500\u2500\u2500\u2500\u2500\u2500\u2500\u2500\u2500\u2500\u2500   \u2502\n\u2502    Join Type: INNER   \u2502                         \u2502           #1          \u2502                         \u2502                       \u2502\u2502       (1.3 * avg      \u2502\n\u2502                       \u2502                         \u2502                       \u2502                         \u2502                       \u2502\u2502 (cs_ext_discount_amt))\u2502\n\u2502      Conditions:      \u2502                         \u2502                       \u2502                         \u2502                       \u2502\u2502       i_item_sk       \u2502\n\u2502   cs_sold_date_sk =   \u251c\u2500\u2500\u2500\u2500\u2500\u2500\u2500\u2500\u2500\u2500\u2500\u2500\u2510            \u2502                       \u2502                         \u2502                       \u2502\u2502                       \u2502\n\u2502        d_date_sk      \u2502            \u2502            \u2502                       \u2502                         \u2502                       \u2502\u2502                       \u2502\n\u2502                       \u2502            \u2502            \u2502                       \u2502                         \u2502                       \u2502\u2502                       \u2502\n\u2502      408,539 rows     \u2502            \u2502            \u2502       9,422 rows      \u2502                         \u2502      37,742 rows      \u2502\u2502        880 rows       \u2502\n\u2502        (0.00s)        \u2502            \u2502            \u2502        (0.00s)        \u2502                         \u2502        (0.00s)        \u2502\u2502        (0.00s)        \u2502\n\u2514\u2500\u2500\u2500\u2500\u2500\u2500\u2500\u2500\u2500\u2500\u2500\u252c\u2500\u2500\u2500\u2500\u2500\u2500\u2500\u2500\u2500\u2500\u2500\u2518            \u2502            \u2514\u2500\u2500\u2500\u2500\u2500\u2500\u2500\u2500\u2500\u2500\u2500\u252c\u2500\u2500\u2500\u2500\u2500\u2500\u2500\u2500\u2500\u2500\u2500\u2518                         \u2514\u2500\u2500\u2500\u2500\u2500\u2500\u2500\u2500\u2500\u2500\u2500\u2500\u2500\u2500\u2500\u2500\u2500\u2500\u2500\u2500\u2500\u2500\u2500\u2518\u2514\u2500\u2500\u2500\u2500\u2500\u2500\u2500\u2500\u2500\u2500\u2500\u252c\u2500\u2500\u2500\u2500\u2500\u2500\u2500\u2500\u2500\u2500\u2500\u2518\n\u250c\u2500\u2500\u2500\u2500\u2500\u2500\u2500\u2500\u2500\u2500\u2500\u2534\u2500\u2500\u2500\u2500\u2500\u2500\u2500\u2500\u2500\u2500\u2500\u2510\u250c\u2500\u2500\u2500\u2500\u2500\u2500\u2500\u2500\u2500\u2500\u2500\u2534\u2500\u2500\u2500\u2500\u2500\u2500\u2500\u2500\u2500\u2500\u2500\u2510\u250c\u2500\u2500\u2500\u2500\u2500\u2500\u2500\u2500\u2500\u2500\u2500\u2534\u2500\u2500\u2500\u2500\u2500\u2500\u2500\u2500\u2500\u2500\u2500\u2510                                                  \u250c\u2500\u2500\u2500\u2500\u2500\u2500\u2500\u2500\u2500\u2500\u2500\u2534\u2500\u2500\u2500\u2500\u2500\u2500\u2500\u2500\u2500\u2500\u2500\u2510\n\u2502       TABLE_SCAN      \u2502\u2502         FILTER        \u2502\u2502         FILTER        \u2502                                                  \u2502     HASH_GROUP_BY     \u2502\n\u2502    \u2500\u2500\u2500\u2500\u2500\u2500\u2500\u2500\u2500\u2500\u2500\u2500\u2500\u2500\u2500\u2500   \u2502\u2502    \u2500\u2500\u2500\u2500\u2500\u2500\u2500\u2500\u2500\u2500\u2500\u2500\u2500\u2500\u2500\u2500   \u2502\u2502    \u2500\u2500\u2500\u2500\u2500\u2500\u2500\u2500\u2500\u2500\u2500\u2500\u2500\u2500\u2500\u2500   \u2502                                                  \u2502    \u2500\u2500\u2500\u2500\u2500\u2500\u2500\u2500\u2500\u2500\u2500\u2500\u2500\u2500\u2500\u2500   \u2502\n\u2502         Table:        \u2502\u2502   (d_date_sk BETWEEN  \u2502\u2502     (IN (...) OR (    \u2502                                                  \u2502       Groups: #0      \u2502\n\u2502     catalog_sales     \u2502\u2502  2450815 AND 2452653) \u2502\u2502  (i_manager_id >= 71) \u2502                                                  \u2502                       \u2502\n\u2502                       \u2502\u2502                       \u2502\u2502  AND constant_or_null \u2502                                                  \u2502      Aggregates:      \u2502\n\u2502         Type:         \u2502\u2502                       \u2502\u2502  (true, i_manager_id, \u2502                                                  \u2502        avg(#1)        \u2502\n\u2502    Sequential Scan    \u2502\u2502                       \u2502\u2502         100)))        \u2502                                                  \u2502                       \u2502\n\u2502                       \u2502\u2502                       \u2502\u2502                       \u2502                                                  \u2502                       \u2502\n\u2502      Projections:     \u2502\u2502                       \u2502\u2502                       \u2502                                                  \u2502                       \u2502\n\u2502       cs_item_sk      \u2502\u2502                       \u2502\u2502                       \u2502                                                  \u2502                       \u2502\n\u2502    cs_sold_date_sk    \u2502\u2502                       \u2502\u2502                       \u2502                                                  \u2502                       \u2502\n\u2502  cs_ext_discount_amt  \u2502\u2502                       \u2502\u2502                       \u2502                                                  \u2502                       \u2502\n\u2502                       \u2502\u2502                       \u2502\u2502                       \u2502                                                  \u2502                       \u2502\n\u2502      408,539 rows     \u2502\u2502        91 rows        \u2502\u2502       9,422 rows      \u2502                                                  \u2502        880 rows       \u2502\n\u2502        (0.00s)        \u2502\u2502        (0.00s)        \u2502\u2502        (0.00s)        \u2502                                                  \u2502        (0.00s)        \u2502\n\u2514\u2500\u2500\u2500\u2500\u2500\u2500\u2500\u2500\u2500\u2500\u2500\u2500\u2500\u2500\u2500\u2500\u2500\u2500\u2500\u2500\u2500\u2500\u2500\u2518\u2514\u2500\u2500\u2500\u2500\u2500\u2500\u2500\u2500\u2500\u2500\u2500\u252c\u2500\u2500\u2500\u2500\u2500\u2500\u2500\u2500\u2500\u2500\u2500\u2518\u2514\u2500\u2500\u2500\u2500\u2500\u2500\u2500\u2500\u2500\u2500\u2500\u252c\u2500\u2500\u2500\u2500\u2500\u2500\u2500\u2500\u2500\u2500\u2500\u2518                                                  \u2514\u2500\u2500\u2500\u2500\u2500\u2500\u2500\u2500\u2500\u2500\u2500\u252c\u2500\u2500\u2500\u2500\u2500\u2500\u2500\u2500\u2500\u2500\u2500\u2518\n                         \u250c\u2500\u2500\u2500\u2500\u2500\u2500\u2500\u2500\u2500\u2500\u2500\u2534\u2500\u2500\u2500\u2500\u2500\u2500\u2500\u2500\u2500\u2500\u2500\u2510\u250c\u2500\u2500\u2500\u2500\u2500\u2500\u2500\u2500\u2500\u2500\u2500\u2534\u2500\u2500\u2500\u2500\u2500\u2500\u2500\u2500\u2500\u2500\u2500\u2510                                                  \u250c\u2500\u2500\u2500\u2500\u2500\u2500\u2500\u2500\u2500\u2500\u2500\u2534\u2500\u2500\u2500\u2500\u2500\u2500\u2500\u2500\u2500\u2500\u2500\u2510\n                         \u2502       TABLE_SCAN      \u2502\u2502       HASH_JOIN       \u2502                                                  \u2502       PROJECTION      \u2502\n                         \u2502    \u2500\u2500\u2500\u2500\u2500\u2500\u2500\u2500\u2500\u2500\u2500\u2500\u2500\u2500\u2500\u2500   \u2502\u2502    \u2500\u2500\u2500\u2500\u2500\u2500\u2500\u2500\u2500\u2500\u2500\u2500\u2500\u2500\u2500\u2500   \u2502                                                  \u2502    \u2500\u2500\u2500\u2500\u2500\u2500\u2500\u2500\u2500\u2500\u2500\u2500\u2500\u2500\u2500\u2500   \u2502\n                         \u2502    Table: date_dim    \u2502\u2502    Join Type: MARK    \u2502                                                  \u2502       i_item_sk       \u2502\n                         \u2502                       \u2502\u2502                       \u2502                                                  \u2502  cs_ext_discount_amt  \u2502\n                         \u2502         Type:         \u2502\u2502      Conditions:      \u2502                                                  \u2502                       \u2502\n                         \u2502    Sequential Scan    \u2502\u2502   i_manufact_id = #0  \u2502                                                  \u2502                       \u2502\n                         \u2502                       \u2502\u2502                       \u2502                                                  \u2502                       \u2502\n                         \u2502      Projections:     \u2502\u2502                       \u2502                                                  \u2502                       \u2502\n                         \u2502       d_date_sk       \u2502\u2502                       \u2502                                                  \u2502                       \u2502\n                         \u2502                       \u2502\u2502                       \u2502                                                  \u2502                       \u2502\n                         \u2502        Filters:       \u2502\u2502                       \u251c\u2500\u2500\u2500\u2500\u2500\u2500\u2500\u2500\u2500\u2500\u2500\u2500\u2510                                     \u2502                       \u2502\n                         \u2502    (CAST(d_date AS    \u2502\u2502                       \u2502            \u2502                                     \u2502                       \u2502\n                         \u2502   TIMESTAMP) BETWEEN  \u2502\u2502                       \u2502            \u2502                                     \u2502                       \u2502\n                         \u2502 '1998-01-06 00:00:00':\u2502\u2502                       \u2502            \u2502                                     \u2502                       \u2502\n                         \u2502  :TIMESTAMP AND '1998 \u2502\u2502                       \u2502            \u2502                                     \u2502                       \u2502\n                         \u2502   -04-06 00:00:00':   \u2502\u2502                       \u2502            \u2502                                     \u2502                       \u2502\n                         \u2502      :TIMESTAMP)      \u2502\u2502                       \u2502            \u2502                                     \u2502                       \u2502\n                         \u2502                       \u2502\u2502                       \u2502            \u2502                                     \u2502                       \u2502\n                         \u2502        91 rows        \u2502\u2502      102,000 rows     \u2502            \u2502                                     \u2502        970 rows       \u2502\n                         \u2502        (0.00s)        \u2502\u2502        (0.00s)        \u2502            \u2502                                     \u2502        (0.00s)        \u2502\n                         \u2514\u2500\u2500\u2500\u2500\u2500\u2500\u2500\u2500\u2500\u2500\u2500\u2500\u2500\u2500\u2500\u2500\u2500\u2500\u2500\u2500\u2500\u2500\u2500\u2518\u2514\u2500\u2500\u2500\u2500\u2500\u2500\u2500\u2500\u2500\u2500\u2500\u252c\u2500\u2500\u2500\u2500\u2500\u2500\u2500\u2500\u2500\u2500\u2500\u2518            \u2502                                     \u2514\u2500\u2500\u2500\u2500\u2500\u2500\u2500\u2500\u2500\u2500\u2500\u252c\u2500\u2500\u2500\u2500\u2500\u2500\u2500\u2500\u2500\u2500\u2500\u2518\n                                                  \u250c\u2500\u2500\u2500\u2500\u2500\u2500\u2500\u2500\u2500\u2500\u2500\u2534\u2500\u2500\u2500\u2500\u2500\u2500\u2500\u2500\u2500\u2500\u2500\u2510\u250c\u2500\u2500\u2500\u2500\u2500\u2500\u2500\u2500\u2500\u2500\u2500\u2534\u2500\u2500\u2500\u2500\u2500\u2500\u2500\u2500\u2500\u2500\u2500\u2510                         \u250c\u2500\u2500\u2500\u2500\u2500\u2500\u2500\u2500\u2500\u2500\u2500\u2534\u2500\u2500\u2500\u2500\u2500\u2500\u2500\u2500\u2500\u2500\u2500\u2510\n                                                  \u2502       TABLE_SCAN      \u2502\u2502    COLUMN_DATA_SCAN   \u2502                         \u2502       HASH_JOIN       \u2502\n                                                  \u2502    \u2500\u2500\u2500\u2500\u2500\u2500\u2500\u2500\u2500\u2500\u2500\u2500\u2500\u2500\u2500\u2500   \u2502\u2502                       \u2502                         \u2502    \u2500\u2500\u2500\u2500\u2500\u2500\u2500\u2500\u2500\u2500\u2500\u2500\u2500\u2500\u2500\u2500   \u2502\n                                                  \u2502      Table: item      \u2502\u2502                       \u2502                         \u2502    Join Type: INNER   \u2502\n                                                  \u2502                       \u2502\u2502                       \u2502                         \u2502                       \u2502\n                                                  \u2502         Type:         \u2502\u2502                       \u2502                         \u2502      Conditions:      \u2502\n                                                  \u2502    Sequential Scan    \u2502\u2502                       \u2502                         \u2502 i_item_sk = cs_item_sk\u2502\n                                                  \u2502                       \u2502\u2502                       \u2502                         \u2502                       \u2502\n                                                  \u2502      Projections:     \u2502\u2502                       \u2502                         \u2502                       \u251c\u2500\u2500\u2500\u2500\u2500\u2500\u2500\u2500\u2500\u2500\u2500\u2500\u2510\n                                                  \u2502     i_manufact_id     \u2502\u2502                       \u2502                         \u2502                       \u2502            \u2502\n                                                  \u2502      i_manager_id     \u2502\u2502                       \u2502                         \u2502                       \u2502            \u2502\n                                                  \u2502       i_item_sk       \u2502\u2502                       \u2502                         \u2502                       \u2502            \u2502\n                                                  \u2502                       \u2502\u2502                       \u2502                         \u2502                       \u2502            \u2502\n                                                  \u2502      102,000 rows     \u2502\u2502         5 rows        \u2502                         \u2502        970 rows       \u2502            \u2502\n                                                  \u2502        (0.00s)        \u2502\u2502        (0.00s)        \u2502                         \u2502        (0.00s)        \u2502            \u2502\n                                                  \u2514\u2500\u2500\u2500\u2500\u2500\u2500\u2500\u2500\u2500\u2500\u2500\u2500\u2500\u2500\u2500\u2500\u2500\u2500\u2500\u2500\u2500\u2500\u2500\u2518\u2514\u2500\u2500\u2500\u2500\u2500\u2500\u2500\u2500\u2500\u2500\u2500\u2500\u2500\u2500\u2500\u2500\u2500\u2500\u2500\u2500\u2500\u2500\u2500\u2518                         \u2514\u2500\u2500\u2500\u2500\u2500\u2500\u2500\u2500\u2500\u2500\u2500\u252c\u2500\u2500\u2500\u2500\u2500\u2500\u2500\u2500\u2500\u2500\u2500\u2518            \u2502\n                                                                                                                             \u250c\u2500\u2500\u2500\u2500\u2500\u2500\u2500\u2500\u2500\u2500\u2500\u2534\u2500\u2500\u2500\u2500\u2500\u2500\u2500\u2500\u2500\u2500\u2500\u2510\u250c\u2500\u2500\u2500\u2500\u2500\u2500\u2500\u2500\u2500\u2500\u2500\u2534\u2500\u2500\u2500\u2500\u2500\u2500\u2500\u2500\u2500\u2500\u2500\u2510\n                                                                                                                             \u2502       DELIM_SCAN      \u2502\u2502       HASH_JOIN       \u2502\n                                                                                                                             \u2502    \u2500\u2500\u2500\u2500\u2500\u2500\u2500\u2500\u2500\u2500\u2500\u2500\u2500\u2500\u2500\u2500   \u2502\u2502    \u2500\u2500\u2500\u2500\u2500\u2500\u2500\u2500\u2500\u2500\u2500\u2500\u2500\u2500\u2500\u2500   \u2502\n                                                                                                                             \u2502     Delim Index: 1    \u2502\u2502    Join Type: INNER   \u2502\n                                                                                                                             \u2502                       \u2502\u2502                       \u2502\n                                                                                                                             \u2502                       \u2502\u2502      Conditions:      \u2502\n                                                                                                                             \u2502                       \u2502\u2502   cs_sold_date_sk =   \u251c\u2500\u2500\u2500\u2500\u2500\u2500\u2500\u2500\u2500\u2500\u2500\u2500\u2510\n                                                                                                                             \u2502                       \u2502\u2502        d_date_sk      \u2502            \u2502\n                                                                                                                             \u2502                       \u2502\u2502                       \u2502            \u2502\n                                                                                                                             \u2502         0 rows        \u2502\u2502      10,691 rows      \u2502            \u2502\n                                                                                                                             \u2502        (0.00s)        \u2502\u2502        (0.00s)        \u2502            \u2502\n                                                                                                                             \u2514\u2500\u2500\u2500\u2500\u2500\u2500\u2500\u2500\u2500\u2500\u2500\u2500\u2500\u2500\u2500\u2500\u2500\u2500\u2500\u2500\u2500\u2500\u2500\u2518\u2514\u2500\u2500\u2500\u2500\u2500\u2500\u2500\u2500\u2500\u2500\u2500\u252c\u2500\u2500\u2500\u2500\u2500\u2500\u2500\u2500\u2500\u2500\u2500\u2518            \u2502\n                                                                                                                                                      \u250c\u2500\u2500\u2500\u2500\u2500\u2500\u2500\u2500\u2500\u2500\u2500\u2534\u2500\u2500\u2500\u2500\u2500\u2500\u2500\u2500\u2500\u2500\u2500\u2510\u250c\u2500\u2500\u2500\u2500\u2500\u2500\u2500\u2500\u2500\u2500\u2500\u2534\u2500\u2500\u2500\u2500\u2500\u2500\u2500\u2500\u2500\u2500\u2500\u2510\n                                                                                                                                                      \u2502       PROJECTION      \u2502\u2502         FILTER        \u2502\n                                                                                                                                                      \u2502    \u2500\u2500\u2500\u2500\u2500\u2500\u2500\u2500\u2500\u2500\u2500\u2500\u2500\u2500\u2500\u2500   \u2502\u2502    \u2500\u2500\u2500\u2500\u2500\u2500\u2500\u2500\u2500\u2500\u2500\u2500\u2500\u2500\u2500\u2500   \u2502\n                                                                                                                                                      \u2502           #0          \u2502\u2502   (d_date_sk BETWEEN  \u2502\n                                                                                                                                                      \u2502           #1          \u2502\u2502  2450815 AND 2452653) \u2502\n                                                                                                                                                      \u2502           #4          \u2502\u2502                       \u2502\n                                                                                                                                                      \u2502                       \u2502\u2502                       \u2502\n                                                                                                                                                      \u2502      10,691 rows      \u2502\u2502        91 rows        \u2502\n                                                                                                                                                      \u2502        (0.00s)        \u2502\u2502        (0.00s)        \u2502\n                                                                                                                                                      \u2514\u2500\u2500\u2500\u2500\u2500\u2500\u2500\u2500\u2500\u2500\u2500\u252c\u2500\u2500\u2500\u2500\u2500\u2500\u2500\u2500\u2500\u2500\u2500\u2518\u2514\u2500\u2500\u2500\u2500\u2500\u2500\u2500\u2500\u2500\u2500\u2500\u252c\u2500\u2500\u2500\u2500\u2500\u2500\u2500\u2500\u2500\u2500\u2500\u2518\n                                                                                                                                                      \u250c\u2500\u2500\u2500\u2500\u2500\u2500\u2500\u2500\u2500\u2500\u2500\u2534\u2500\u2500\u2500\u2500\u2500\u2500\u2500\u2500\u2500\u2500\u2500\u2510\u250c\u2500\u2500\u2500\u2500\u2500\u2500\u2500\u2500\u2500\u2500\u2500\u2534\u2500\u2500\u2500\u2500\u2500\u2500\u2500\u2500\u2500\u2500\u2500\u2510\n                                                                                                                                                      \u2502         FILTER        \u2502\u2502       TABLE_SCAN      \u2502\n                                                                                                                                                      \u2502    \u2500\u2500\u2500\u2500\u2500\u2500\u2500\u2500\u2500\u2500\u2500\u2500\u2500\u2500\u2500\u2500   \u2502\u2502    \u2500\u2500\u2500\u2500\u2500\u2500\u2500\u2500\u2500\u2500\u2500\u2500\u2500\u2500\u2500\u2500   \u2502\n                                                                                                                                                      \u2502 ((CAST(cs_sales_price \u2502\u2502    Table: date_dim    \u2502\n                                                                                                                                                      \u2502    AS DOUBLE) / CAST  \u2502\u2502                       \u2502\n                                                                                                                                                      \u2502   (cs_list_price AS   \u2502\u2502         Type:         \u2502\n                                                                                                                                                      \u2502  DOUBLE)) BETWEEN 0.23\u2502\u2502    Sequential Scan    \u2502\n                                                                                                                                                      \u2502        AND 0.43)      \u2502\u2502                       \u2502\n                                                                                                                                                      \u2502                       \u2502\u2502      Projections:     \u2502\n                                                                                                                                                      \u2502                       \u2502\u2502       d_date_sk       \u2502\n                                                                                                                                                      \u2502                       \u2502\u2502                       \u2502\n                                                                                                                                                      \u2502                       \u2502\u2502        Filters:       \u2502\n                                                                                                                                                      \u2502                       \u2502\u2502    (CAST(d_date AS    \u2502\n                                                                                                                                                      \u2502                       \u2502\u2502   TIMESTAMP) BETWEEN  \u2502\n                                                                                                                                                      \u2502                       \u2502\u2502 '1998-01-06 00:00:00':\u2502\n                                                                                                                                                      \u2502                       \u2502\u2502  :TIMESTAMP AND '1998 \u2502\n                                                                                                                                                      \u2502                       \u2502\u2502   -04-06 00:00:00':   \u2502\n                                                                                                                                                      \u2502                       \u2502\u2502      :TIMESTAMP)      \u2502\n                                                                                                                                                      \u2502                       \u2502\u2502                       \u2502\n                                                                                                                                                      \u2502      10,691 rows      \u2502\u2502        91 rows        \u2502\n                                                                                                                                                      \u2502        (0.00s)        \u2502\u2502        (0.00s)        \u2502\n                                                                                                                                                      \u2514\u2500\u2500\u2500\u2500\u2500\u2500\u2500\u2500\u2500\u2500\u2500\u252c\u2500\u2500\u2500\u2500\u2500\u2500\u2500\u2500\u2500\u2500\u2500\u2518\u2514\u2500\u2500\u2500\u2500\u2500\u2500\u2500\u2500\u2500\u2500\u2500\u2500\u2500\u2500\u2500\u2500\u2500\u2500\u2500\u2500\u2500\u2500\u2500\u2518\n                                                                                                                                                      \u250c\u2500\u2500\u2500\u2500\u2500\u2500\u2500\u2500\u2500\u2500\u2500\u2534\u2500\u2500\u2500\u2500\u2500\u2500\u2500\u2500\u2500\u2500\u2500\u2510\n                                                                                                                                                      \u2502       TABLE_SCAN      \u2502\n                                                                                                                                                      \u2502    \u2500\u2500\u2500\u2500\u2500\u2500\u2500\u2500\u2500\u2500\u2500\u2500\u2500\u2500\u2500\u2500   \u2502\n                                                                                                                                                      \u2502         Table:        \u2502\n                                                                                                                                                      \u2502     catalog_sales     \u2502\n                                                                                                                                                      \u2502                       \u2502\n                                                                                                                                                      \u2502         Type:         \u2502\n                                                                                                                                                      \u2502    Sequential Scan    \u2502\n                                                                                                                                                      \u2502                       \u2502\n                                                                                                                                                      \u2502      Projections:     \u2502\n                                                                                                                                                      \u2502       cs_item_sk      \u2502\n                                                                                                                                                      \u2502    cs_sold_date_sk    \u2502\n                                                                                                                                                      \u2502     cs_list_price     \u2502\n                                                                                                                                                      \u2502     cs_sales_price    \u2502\n                                                                                                                                                      \u2502  cs_ext_discount_amt  \u2502\n                                                                                                                                                      \u2502                       \u2502\n                                                                                                                                                      \u2502        Filters:       \u2502\n                                                                                                                                                      \u2502 cs_list_price>=108.00 \u2502\n                                                                                                                                                      \u2502   AND cs_list_price<  \u2502\n                                                                                                                                                      \u2502        =137.00        \u2502\n                                                                                                                                                      \u2502                       \u2502\n                                                                                                                                                      \u2502      53,546 rows      \u2502\n                                                                                                                                                      \u2502        (0.00s)        \u2502\n                                                                                                                                                      \u2514\u2500\u2500\u2500\u2500\u2500\u2500\u2500\u2500\u2500\u2500\u2500\u2500\u2500\u2500\u2500\u2500\u2500\u2500\u2500\u2500\u2500\u2500\u2500\u2518\n",
  "plan_json": {
    "total_bytes_written": 0,
    "total_bytes_read": 0,
    "rows_returned": 0,
    "latency": 0.0,
    "result_set_size": 0,
    "query_name": "",
    "blocked_thread_time": 0.0,
    "system_peak_buffer_memory": 0,
    "system_peak_temp_dir_size": 0,
    "cpu_time": 0.0,
    "extra_info": {},
    "cumulative_cardinality": 0,
    "cumulative_rows_scanned": 0,
    "children": [
      {
        "total_bytes_written": 0,
        "total_bytes_read": 0,
        "result_set_size": 0,
        "operator_name": "EXPLAIN_ANALYZE",
        "cpu_time": 0.0,
        "extra_info": {},
        "cumulative_cardinality": 0,
        "operator_type": "EXPLAIN_ANALYZE",
        "operator_cardinality": 0,
        "cumulative_rows_scanned": 0,
        "operator_rows_scanned": 0,
        "operator_timing": 2.88e-07,
        "children": [
          {
            "total_bytes_written": 0,
            "total_bytes_read": 0,
            "result_set_size": 16,
            "operator_name": "TOP_N",
            "cpu_time": 0.0,
            "extra_info": {
              "Top": "100",
              "Order By": "sum(tpcds_sf10_2.main.catalog_sales.cs_ext_discount_amt) ASC"
            },
            "cumulative_cardinality": 0,
            "operator_type": "TOP_N",
            "operator_cardinality": 1,
            "cumulative_rows_scanned": 0,
            "operator_rows_scanned": 0,
            "operator_timing": 8.127e-06,
            "children": [
              {
                "total_bytes_written": 0,
                "total_bytes_read": 0,
                "result_set_size": 16,
                "operator_name": "UNGROUPED_AGGREGATE",
                "cpu_time": 0.0,
                "extra_info": {
                  "Aggregates": "sum(#0)"
                },
                "cumulative_cardinality": 0,
                "operator_type": "UNGROUPED_AGGREGATE",
                "operator_cardinality": 1,
                "cumulative_rows_scanned": 0,
                "operator_rows_scanned": 0,
                "operator_timing": 1.6247000000000002e-05,
                "children": [
                  {
                    "total_bytes_written": 0,
                    "total_bytes_read": 0,
                    "result_set_size": 6088,
                    "operator_name": "PROJECTION",
                    "cpu_time": 0.0,
                    "extra_info": {
                      "Projections": "cs_ext_discount_amt",
                      "Estimated Cardinality": "611160"
                    },
                    "cumulative_cardinality": 0,
                    "operator_type": "PROJECTION",
                    "operator_cardinality": 1522,
                    "cumulative_rows_scanned": 0,
                    "operator_rows_scanned": 0,
                    "operator_timing": 2.1099999999999997e-06,
                    "children": [
                      {
                        "total_bytes_written": 0,
                        "total_bytes_read": 0,
                        "result_set_size": 6088,
                        "operator_name": "PROJECTION",
                        "cpu_time": 0.0,
                        "extra_info": {
                          "Projections": "#0",
                          "Estimated Cardinality": "611160"
                        },
                        "cumulative_cardinality": 0,
                        "operator_type": "PROJECTION",
                        "operator_cardinality": 1522,
                        "cumulative_rows_scanned": 0,
                        "operator_rows_scanned": 0,
                        "operator_timing": 2.936e-06,
                        "children": [
                          {
                            "total_bytes_written": 0,
                            "total_bytes_read": 0,
                            "result_set_size": 18264,
                            "operator_name": "FILTER",
                            "cpu_time": 0.0,
                            "extra_info": {
                              "Expression": "(CAST(cs_ext_discount_amt AS DOUBLE) > SUBQUERY)",
                              "Estimated Cardinality": "611160"
                            },
                            "cumulative_cardinality": 0,
                            "operator_type": "FILTER",
                            "operator_cardinality": 1522,
                            "cumulative_rows_scanned": 0,
                            "operator_rows_scanned": 0,
                            "operator_timing": 0.000289423,
                            "children": [
                              {
                                "total_bytes_written": 0,
                                "total_bytes_read": 0,
                                "result_set_size": 0,
                                "operator_name": "LEFT_DELIM_JOIN",
                                "cpu_time": 0.0,
                                "extra_info": {
                                  "Join Type": "LEFT",
                                  "Conditions": "i_item_sk IS NOT DISTINCT FROM i_item_sk",
                                  "Estimated Cardinality": "0",
                                  "Delim Index": "1"
                                },
                                "cumulative_cardinality": 0,
                                "operator_type": "LEFT_DELIM_JOIN",
                                "operator_cardinality": 0,
                                "cumulative_rows_scanned": 0,
                                "operator_rows_scanned": 0,
                                "operator_timing": 0.0018391209999999998,
                                "children": [
                                  {
                                    "total_bytes_written": 0,
                                    "total_bytes_read": 0,
                                    "result_set_size": 452904,
                                    "operator_name": "HASH_JOIN",
                                    "cpu_time": 0.0,
                                    "extra_info": {
                                      "Join Type": "INNER",
                                      "Conditions": "cs_item_sk = i_item_sk",
                                      "Estimated Cardinality": "611160"
                                    },
                                    "cumulative_cardinality": 0,
                                    "operator_type": "HASH_JOIN",
                                    "operator_cardinality": 37742,
                                    "cumulative_rows_scanned": 0,
                                    "operator_rows_scanned": 0,
                                    "operator_timing": 0.001094873,
                                    "children": [
                                      {
                                        "total_bytes_written": 0,
                                        "total_bytes_read": 0,
                                        "result_set_size": 4902468,
                                        "operator_name": "HASH_JOIN",
                                        "cpu_time": 0.0,
                                        "extra_info": {
                                          "Join Type": "INNER",
                                          "Conditions": "cs_sold_date_sk = d_date_sk",
                                          "Estimated Cardinality": "2880094"
                                        },
                                        "cumulative_cardinality": 0,
                                        "operator_type": "HASH_JOIN",
                                        "operator_cardinality": 408539,
                                        "cumulative_rows_scanned": 0,
                                        "operator_rows_scanned": 0,
                                        "operator_timing": 0.000744993,
                                        "children": [
                                          {
                                            "total_bytes_written": 0,
                                            "total_bytes_read": 0,
                                            "result_set_size": 4902468,
                                            "operator_name": "SEQ_SCAN ",
                                            "cpu_time": 0.0,
                                            "extra_info": {
                                              "Table": "catalog_sales",
                                              "Type": "Sequential Scan",
                                              "Projections": [
                                                "cs_item_sk",
                                                "cs_sold_date_sk",
                                                "cs_ext_discount_amt"
                                              ],
                                              "Estimated Cardinality": "14401261"
                                            },
                                            "cumulative_cardinality": 0,
                                            "operator_type": "TABLE_SCAN",
                                            "operator_cardinality": 408539,
                                            "cumulative_rows_scanned": 0,
                                            "operator_rows_scanned": 403235308,
                                            "operator_timing": 0.001894422,
                                            "children": []
                                          },
                                          {
                                            "total_bytes_written": 0,
                                            "total_bytes_read": 0,
                                            "result_set_size": 364,
                                            "operator_name": "FILTER",
                                            "cpu_time": 0.0,
                                            "extra_info": {
                                              "Expression": "(d_date_sk BETWEEN 2450815 AND 2452653)",
                                              "Estimated Cardinality": "14609"
                                            },
                                            "cumulative_cardinality": 0,
                                            "operator_type": "FILTER",
                                            "operator_cardinality": 91,
                                            "cumulative_rows_scanned": 0,
                                            "operator_rows_scanned": 0,
                                            "operator_timing": 5.3110000000000005e-06,
                                            "children": [
                                              {
                                                "total_bytes_written": 0,
                                                "total_bytes_read": 0,
                                                "result_set_size": 364,
                                                "operator_name": "SEQ_SCAN ",
                                                "cpu_time": 0.0,
                                                "extra_info": {
                                                  "Table": "date_dim",
                                                  "Type": "Sequential Scan",
                                                  "Projections": "d_date_sk",
                                                  "Filters": "(CAST(d_date AS TIMESTAMP) BETWEEN '1998-01-06 00:00:00'::TIMESTAMP AND '1998-04-06 00:00:00'::TIMESTAMP)",
                                                  "Estimated Cardinality": "14609"
                                                },
                                                "cumulative_cardinality": 0,
                                                "operator_type": "TABLE_SCAN",
                                                "operator_cardinality": 91,
                                                "cumulative_rows_scanned": 0,
                                                "operator_rows_scanned": 73049,
                                                "operator_timing": 0.000327955,
                                                "children": []
                                              }
                                            ]
                                          }
                                        ]
                                      },
                                      {
                                        "total_bytes_written": 0,
                                        "total_bytes_read": 0,
                                        "result_set_size": 37688,
                                        "operator_name": "PROJECTION",
                                        "cpu_time": 0.0,
                                        "extra_info": {
                                          "Projections": "#1",
                                          "Estimated Cardinality": "20400"
                                        },
                                        "cumulative_cardinality": 0,
                                        "operator_type": "PROJECTION",
                                        "operator_cardinality": 9422,
                                        "cumulative_rows_scanned": 0,
                                        "operator_rows_scanned": 0,
                                        "operator_timing": 1.1377000000000001e-05,
                                        "children": [
                                          {
                                            "total_bytes_written": 0,
                                            "total_bytes_read": 0,
                                            "result_set_size": 84798,
                                            "operator_name": "FILTER",
                                            "cpu_time": 0.0,
                                            "extra_info": {
                                              "Expression": "(IN (...) OR ((i_manager_id >= 71) AND constant_or_null(true, i_manager_id, 100)))",
                                              "Estimated Cardinality": "20400"
                                            },
                                            "cumulative_cardinality": 0,
                                            "operator_type": "FILTER",
                                            "operator_cardinality": 9422,
                                            "cumulative_rows_scanned": 0,
                                            "operator_rows_scanned": 0,
                                            "operator_timing": 0.0006711180000000001,
                                            "children": [
                                              {
                                                "total_bytes_written": 0,
                                                "total_bytes_read": 0,
                                                "result_set_size": 918000,
                                                "operator_name": "HASH_JOIN",
                                                "cpu_time": 0.0,
                                                "extra_info": {
                                                  "Join Type": "MARK",
                                                  "Conditions": "i_manufact_id = #0",
                                                  "Estimated Cardinality": "102000"
                                                },
                                                "cumulative_cardinality": 0,
                                                "operator_type": "HASH_JOIN",
                                                "operator_cardinality": 102000,
                                                "cumulative_rows_scanned": 0,
                                                "operator_rows_scanned": 0,
                                                "operator_timing": 0.0006004820000000003,
                                                "children": [
                                                  {
                                                    "total_bytes_written": 0,
                                                    "total_bytes_read": 0,
                                                    "result_set_size": 1224000,
                                                    "operator_name": "SEQ_SCAN ",
                                                    "cpu_time": 0.0,
                                                    "extra_info": {
                                                      "Table": "item",
                                                      "Type": "Sequential Scan",
                                                      "Projections": [
                                                        "i_manufact_id",
                                                        "i_manager_id",
                                                        "i_item_sk"
                                                      ],
                                                      "Estimated Cardinality": "102000"
                                                    },
                                                    "cumulative_cardinality": 0,
                                                    "operator_type": "TABLE_SCAN",
                                                    "operator_cardinality": 102000,
                                                    "cumulative_rows_scanned": 0,
                                                    "operator_rows_scanned": 102000,
                                                    "operator_timing": 0.00022080599999999996,
                                                    "children": []
                                                  },
                                                  {
                                                    "total_bytes_written": 0,
                                                    "total_bytes_read": 0,
                                                    "result_set_size": 20,
                                                    "operator_name": "COLUMN_DATA_SCAN",
                                                    "cpu_time": 0.0,
                                                    "extra_info": {
                                                      "Estimated Cardinality": "0"
                                                    },
                                                    "cumulative_cardinality": 0,
                                                    "operator_type": "COLUMN_DATA_SCAN",
                                                    "operator_cardinality": 5,
                                                    "cumulative_rows_scanned": 0,
                                                    "operator_rows_scanned": 0,
                                                    "operator_timing": 2.5920000000000003e-06,
                                                    "children": []
                                                  }
                                                ]
                                              }
                                            ]
                                          }
                                        ]
                                      }
                                    ]
                                  },
                                  {
                                    "total_bytes_written": 0,
                                    "total_bytes_read": 0,
                                    "result_set_size": 452904,
                                    "operator_name": "HASH_JOIN",
                                    "cpu_time": 0.0,
                                    "extra_info": {
                                      "Join Type": "LEFT",
                                      "Conditions": "i_item_sk IS NOT DISTINCT FROM i_item_sk",
                                      "Estimated Cardinality": "0"
                                    },
                                    "cumulative_cardinality": 0,
                                    "operator_type": "HASH_JOIN",
                                    "operator_cardinality": 37742,
                                    "cumulative_rows_scanned": 0,
                                    "operator_rows_scanned": 0,
                                    "operator_timing": 0.000784829,
                                    "children": [
                                      {
                                        "total_bytes_written": 0,
                                        "total_bytes_read": 0,
                                        "result_set_size": 452904,
                                        "operator_name": "COLUMN_DATA_SCAN",
                                        "cpu_time": 0.0,
                                        "extra_info": {
                                          "Estimated Cardinality": "0"
                                        },
                                        "cumulative_cardinality": 0,
                                        "operator_type": "COLUMN_DATA_SCAN",
                                        "operator_cardinality": 37742,
                                        "cumulative_rows_scanned": 0,
                                        "operator_rows_scanned": 0,
                                        "operator_timing": 4.8061999999999995e-05,
                                        "children": []
                                      },
                                      {
                                        "total_bytes_written": 0,
                                        "total_bytes_read": 0,
                                        "result_set_size": 10560,
                                        "operator_name": "PROJECTION",
                                        "cpu_time": 0.0,
                                        "extra_info": {
                                          "Projections": [
                                            "(1.3 * avg(cs_ext_discount_amt))",
                                            "i_item_sk"
                                          ],
                                          "Estimated Cardinality": "255435"
                                        },
                                        "cumulative_cardinality": 0,
                                        "operator_type": "PROJECTION",
                                        "operator_cardinality": 880,
                                        "cumulative_rows_scanned": 0,
                                        "operator_rows_scanned": 0,
                                        "operator_timing": 2.8442000000000003e-05,
                                        "children": [
                                          {
                                            "total_bytes_written": 0,
                                            "total_bytes_read": 0,
                                            "result_set_size": 10560,
                                            "operator_name": "HASH_GROUP_BY",
                                            "cpu_time": 0.0,
                                            "extra_info": {
                                              "Groups": "#0",
                                              "Aggregates": "avg(#1)",
                                              "Estimated Cardinality": "255435"
                                            },
                                            "cumulative_cardinality": 0,
                                            "operator_type": "HASH_GROUP_BY",
                                            "operator_cardinality": 880,
                                            "cumulative_rows_scanned": 0,
                                            "operator_rows_scanned": 0,
                                            "operator_timing": 0.0019902710000000005,
                                            "children": [
                                              {
                                                "total_bytes_written": 0,
                                                "total_bytes_read": 0,
                                                "result_set_size": 7760,
                                                "operator_name": "PROJECTION",
                                                "cpu_time": 0.0,
                                                "extra_info": {
                                                  "Projections": [
                                                    "i_item_sk",
                                                    "cs_ext_discount_amt"
                                                  ],
                                                  "Estimated Cardinality": "510871"
                                                },
                                                "cumulative_cardinality": 0,
                                                "operator_type": "PROJECTION",
                                                "operator_cardinality": 970,
                                                "cumulative_rows_scanned": 0,
                                                "operator_rows_scanned": 0,
                                                "operator_timing": 1.609e-06,
                                                "children": [
                                                  {
                                                    "total_bytes_written": 0,
                                                    "total_bytes_read": 0,
                                                    "result_set_size": 11640,
                                                    "operator_name": "HASH_JOIN",
                                                    "cpu_time": 0.0,
                                                    "extra_info": {
                                                      "Join Type": "INNER",
                                                      "Conditions": "i_item_sk = cs_item_sk",
                                                      "Estimated Cardinality": "510871"
                                                    },
                                                    "cumulative_cardinality": 0,
                                                    "operator_type": "HASH_JOIN",
                                                    "operator_cardinality": 970,
                                                    "cumulative_rows_scanned": 0,
                                                    "operator_rows_scanned": 0,
                                                    "operator_timing": 0.0006651999999999999,
                                                    "children": [
                                                      {
                                                        "total_bytes_written": 0,
                                                        "total_bytes_read": 0,
                                                        "result_set_size": 0,
                                                        "operator_name": "DELIM_SCAN",
                                                        "cpu_time": 0.0,
                                                        "extra_info": {
                                                          "Delim Index": "1",
                                                          "Estimated Cardinality": "426311"
                                                        },
                                                        "cumulative_cardinality": 0,
                                                        "operator_type": "DELIM_SCAN",
                                                        "operator_cardinality": 0,
                                                        "cumulative_rows_scanned": 0,
                                                        "operator_rows_scanned": 0,
                                                        "operator_timing": 0.0,
                                                        "children": []
                                                      },
                                                      {
                                                        "total_bytes_written": 0,
                                                        "total_bytes_read": 0,
                                                        "result_set_size": 128292,
                                                        "operator_name": "HASH_JOIN",
                                                        "cpu_time": 0.0,
                                                        "extra_info": {
                                                          "Join Type": "INNER",
                                                          "Conditions": "cs_sold_date_sk = d_date_sk",
                                                          "Estimated Cardinality": "115203"
                                                        },
                                                        "cumulative_cardinality": 0,
                                                        "operator_type": "HASH_JOIN",
                                                        "operator_cardinality": 10691,
                                                        "cumulative_rows_scanned": 0,
                                                        "operator_rows_scanned": 0,
                                                        "operator_timing": 7.4265e-05,
                                                        "children": [
                                                          {
                                                            "total_bytes_written": 0,
                                                            "total_bytes_read": 0,
                                                            "result_set_size": 128292,
                                                            "operator_name": "PROJECTION",
                                                            "cpu_time": 0.0,
                                                            "extra_info": {
                                                              "Projections": [
                                                                "#0",
                                                                "#1",
                                                                "#4"
                                                              ],
                                                              "Estimated Cardinality": "576050"
                                                            },
                                                            "cumulative_cardinality": 0,
                                                            "operator_type": "PROJECTION",
                                                            "operator_cardinality": 10691,
                                                            "cumulative_rows_scanned": 0,
                                                            "operator_rows_scanned": 0,
                                                            "operator_timing": 5.343e-06,
                                                            "children": [
                                                              {
                                                                "total_bytes_written": 0,
                                                                "total_bytes_read": 0,
                                                                "result_set_size": 213820,
                                                                "operator_name": "FILTER",
                                                                "cpu_time": 0.0,
                                                                "extra_info": {
                                                                  "Expression": "((CAST(cs_sales_price AS DOUBLE) / CAST(cs_list_price AS DOUBLE)) BETWEEN 0.23 AND 0.43)",
                                                                  "Estimated Cardinality": "576050"
                                                                },
                                                                "cumulative_cardinality": 0,
                                                                "operator_type": "FILTER",
                                                                "operator_cardinality": 10691,
                                                                "cumulative_rows_scanned": 0,
                                                                "operator_rows_scanned": 0,
                                                                "operator_timing": 0.0014010339999999998,
                                                                "children": [
                                                                  {
                                                                    "total_bytes_written": 0,
                                                                    "total_bytes_read": 0,
                                                                    "result_set_size": 1070920,
                                                                    "operator_name": "SEQ_SCAN ",
                                                                    "cpu_time": 0.0,
                                                                    "extra_info": {
                                                                      "Table": "catalog_sales",
                                                                      "Type": "Sequential Scan",
                                                                      "Projections": [
                                                                        "cs_item_sk",
                                                                        "cs_sold_date_sk",
                                                                        "cs_list_price",
                                                                        "cs_sales_price",
                                                                        "cs_ext_discount_amt"
                                                                      ],
                                                                      "Filters": "cs_list_price>=108.00 AND cs_list_price<=137.00",
                                                                      "Estimated Cardinality": "2880252"
                                                                    },
                                                                    "cumulative_cardinality": 0,
                                                                    "operator_type": "TABLE_SCAN",
                                                                    "operator_cardinality": 53546,
                                                                    "cumulative_rows_scanned": 0,
                                                                    "operator_rows_scanned": 403235308,
                                                                    "operator_timing": 0.0019443420000000002,
                                                                    "children": []
                                                                  }
                                                                ]
                                                              }
                                                            ]
                                                          },
                                                          {
                                                            "total_bytes_written": 0,
                                                            "total_bytes_read": 0,
                                                            "result_set_size": 364,
                                                            "operator_name": "FILTER",
                                                            "cpu_time": 0.0,
                                                            "extra_info": {
                                                              "Expression": "(d_date_sk BETWEEN 2450815 AND 2452653)",
                                                              "Estimated Cardinality": "14609"
                                                            },
                                                            "cumulative_cardinality": 0,
                                                            "operator_type": "FILTER",
                                                            "operator_cardinality": 91,
                                                            "cumulative_rows_scanned": 0,
                                                            "operator_rows_scanned": 0,
                                                            "operator_timing": 6.038e-06,
                                                            "children": [
                                                              {
                                                                "total_bytes_written": 0,
                                                                "total_bytes_read": 0,
                                                                "result_set_size": 364,
                                                                "operator_name": "SEQ_SCAN ",
                                                                "cpu_time": 0.0,
                                                                "extra_info": {
                                                                  "Table": "date_dim",
                                                                  "Type": "Sequential Scan",
                                                                  "Projections": "d_date_sk",
                                                                  "Filters": "(CAST(d_date AS TIMESTAMP) BETWEEN '1998-01-06 00:00:00'::TIMESTAMP AND '1998-04-06 00:00:00'::TIMESTAMP)",
                                                                  "Estimated Cardinality": "14609"
                                                                },
                                                                "cumulative_cardinality": 0,
                                                                "operator_type": "TABLE_SCAN",
                                                                "operator_cardinality": 91,
                                                                "cumulative_rows_scanned": 0,
                                                                "operator_rows_scanned": 73049,
                                                                "operator_timing": 0.000331976,
                                                                "children": []
                                                              }
                                                            ]
                                                          }
                                                        ]
                                                      }
                                                    ]
                                                  }
                                                ]
                                              }
                                            ]
                                          }
                                        ]
                                      }
                                    ]
                                  },
                                  {
                                    "total_bytes_written": 0,
                                    "total_bytes_read": 0,
                                    "result_set_size": 18844,
                                    "operator_name": "HASH_GROUP_BY",
                                    "cpu_time": 0.0,
                                    "extra_info": {
                                      "Groups": "#0",
                                      "Aggregates": "",
                                      "Estimated Cardinality": "426311"
                                    },
                                    "cumulative_cardinality": 0,
                                    "operator_type": "HASH_GROUP_BY",
                                    "operator_cardinality": 4711,
                                    "cumulative_rows_scanned": 0,
                                    "operator_rows_scanned": 0,
                                    "operator_timing": 0.0006447730000000001,
                                    "children": []
                                  }
                                ]
                              }
                            ]
                          }
                        ]
                      }
                    ]
                  }
                ]
              }
            ]
          }
        ]
      }
    ]
  },
  "actual_rows": 0
}