{
  "execution_time_ms": 64.2,
  "plan_text": "\u250c\u2500\u2500\u2500\u2500\u2500\u2500\u2500\u2500\u2500\u2500\u2500\u2500\u2500\u2500\u2500\u2500\u2500\u2500\u2500\u2500\u2500\u2500\u2500\u2500\u2500\u2500\u2500\u2500\u2500\u2500\u2500\u2500\u2500\u2500\u2500\u2500\u2500\u2510\n\u2502\u250c\u2500\u2500\u2500\u2500\u2500\u2500\u2500\u2500\u2500\u2500\u2500\u2500\u2500\u2500\u2500\u2500\u2500\u2500\u2500\u2500\u2500\u2500\u2500\u2500\u2500\u2500\u2500\u2500\u2500\u2500\u2500\u2500\u2500\u2500\u2500\u2510\u2502\n\u2502\u2502    Query Profiling Information    \u2502\u2502\n\u2502\u2514\u2500\u2500\u2500\u2500\u2500\u2500\u2500\u2500\u2500\u2500\u2500\u2500\u2500\u2500\u2500\u2500\u2500\u2500\u2500\u2500\u2500\u2500\u2500\u2500\u2500\u2500\u2500\u2500\u2500\u2500\u2500\u2500\u2500\u2500\u2500\u2518\u2502\n\u2514\u2500\u2500\u2500\u2500\u2500\u2500\u2500\u2500\u2500\u2500\u2500\u2500\u2500\u2500\u2500\u2500\u2500\u2500\u2500\u2500\u2500\u2500\u2500\u2500\u2500\u2500\u2500\u2500\u2500\u2500\u2500\u2500\u2500\u2500\u2500\u2500\u2500\u2518\nEXPLAIN ANALYZE select  \ts_store_name, \ti_item_desc, \tsc.revenue, \ti_current_price, \ti_wholesale_cost, \ti_brand  from store, item,      (select ss_store_sk, avg(revenue) as ave  \tfrom  \t    (select  ss_store_sk, ss_item_sk,  \t\t     sum(ss_sales_price) as revenue  \t\tfrom store_sales, date_dim  \t\twhere ss_sold_date_sk = d_date_sk and d_month_seq between 1215 and 1215+11     and ss_sales_price / ss_list_price BETWEEN 79 * 0.01 AND 89 * 0.01  \t\tgroup by ss_store_sk, ss_item_sk) sa  \tgroup by ss_store_sk) sb,      (select  ss_store_sk, ss_item_sk, sum(ss_sales_price) as revenue  \tfrom store_sales, date_dim  \twhere ss_sold_date_sk = d_date_sk and d_month_seq between 1215 and 1215+11   and ss_sales_price / ss_list_price BETWEEN 79 * 0.01 AND 89 * 0.01  \tgroup by ss_store_sk, ss_item_sk) sc  where sb.ss_store_sk = sc.ss_store_sk and        sc.revenue <= 0.1 * sb.ave and        s_store_sk = sc.ss_store_sk and        i_item_sk = sc.ss_item_sk        and i_manager_id BETWEEN 10 and 14        and s_state in ('KS','OH','SD')  order by s_store_name, i_item_desc limit 100\n\u250c\u2500\u2500\u2500\u2500\u2500\u2500\u2500\u2500\u2500\u2500\u2500\u2500\u2500\u2500\u2500\u2500\u2500\u2500\u2500\u2500\u2500\u2500\u2500\u2500\u2500\u2500\u2500\u2500\u2500\u2500\u2500\u2500\u2500\u2500\u2500\u2500\u2500\u2500\u2500\u2500\u2500\u2500\u2500\u2500\u2500\u2500\u2500\u2500\u2510\n\u2502\u250c\u2500\u2500\u2500\u2500\u2500\u2500\u2500\u2500\u2500\u2500\u2500\u2500\u2500\u2500\u2500\u2500\u2500\u2500\u2500\u2500\u2500\u2500\u2500\u2500\u2500\u2500\u2500\u2500\u2500\u2500\u2500\u2500\u2500\u2500\u2500\u2500\u2500\u2500\u2500\u2500\u2500\u2500\u2500\u2500\u2500\u2500\u2510\u2502\n\u2502\u2502              Total Time: 0.0650s             \u2502\u2502\n\u2502\u2514\u2500\u2500\u2500\u2500\u2500\u2500\u2500\u2500\u2500\u2500\u2500\u2500\u2500\u2500\u2500\u2500\u2500\u2500\u2500\u2500\u2500\u2500\u2500\u2500\u2500\u2500\u2500\u2500\u2500\u2500\u2500\u2500\u2500\u2500\u2500\u2500\u2500\u2500\u2500\u2500\u2500\u2500\u2500\u2500\u2500\u2500\u2518\u2502\n\u2514\u2500\u2500\u2500\u2500\u2500\u2500\u2500\u2500\u2500\u2500\u2500\u2500\u2500\u2500\u2500\u2500\u2500\u2500\u2500\u2500\u2500\u2500\u2500\u2500\u2500\u2500\u2500\u2500\u2500\u2500\u2500\u2500\u2500\u2500\u2500\u2500\u2500\u2500\u2500\u2500\u2500\u2500\u2500\u2500\u2500\u2500\u2500\u2500\u2518\n\u250c\u2500\u2500\u2500\u2500\u2500\u2500\u2500\u2500\u2500\u2500\u2500\u2500\u2500\u2500\u2500\u2500\u2500\u2500\u2500\u2500\u2500\u2500\u2500\u2500\u2500\u2500\u2500\u2510\n\u2502           QUERY           \u2502\n\u2514\u2500\u2500\u2500\u2500\u2500\u2500\u2500\u2500\u2500\u2500\u2500\u2500\u2500\u252c\u2500\u2500\u2500\u2500\u2500\u2500\u2500\u2500\u2500\u2500\u2500\u2500\u2500\u2518\n\u250c\u2500\u2500\u2500\u2500\u2500\u2500\u2500\u2500\u2500\u2500\u2500\u2500\u2500\u2534\u2500\u2500\u2500\u2500\u2500\u2500\u2500\u2500\u2500\u2500\u2500\u2500\u2500\u2510\n\u2502      EXPLAIN_ANALYZE      \u2502\n\u2502    \u2500\u2500\u2500\u2500\u2500\u2500\u2500\u2500\u2500\u2500\u2500\u2500\u2500\u2500\u2500\u2500\u2500\u2500\u2500\u2500   \u2502\n\u2502           0 rows          \u2502\n\u2502          (0.00s)          \u2502\n\u2514\u2500\u2500\u2500\u2500\u2500\u2500\u2500\u2500\u2500\u2500\u2500\u2500\u2500\u252c\u2500\u2500\u2500\u2500\u2500\u2500\u2500\u2500\u2500\u2500\u2500\u2500\u2500\u2518\n\u250c\u2500\u2500\u2500\u2500\u2500\u2500\u2500\u2500\u2500\u2500\u2500\u2500\u2500\u2534\u2500\u2500\u2500\u2500\u2500\u2500\u2500\u2500\u2500\u2500\u2500\u2500\u2500\u2510\n\u2502           TOP_N           \u2502\n\u2502    \u2500\u2500\u2500\u2500\u2500\u2500\u2500\u2500\u2500\u2500\u2500\u2500\u2500\u2500\u2500\u2500\u2500\u2500\u2500\u2500   \u2502\n\u2502          Top: 100         \u2502\n\u2502                           \u2502\n\u2502         Order By:         \u2502\n\u2502  tpcds_sf10_2.main.store  \u2502\n\u2502     .s_store_name ASC     \u2502\n\u2502   tpcds_sf10_2.main.item  \u2502\n\u2502      .i_item_desc ASC     \u2502\n\u2502                           \u2502\n\u2502          100 rows         \u2502\n\u2502          (0.00s)          \u2502\n\u2514\u2500\u2500\u2500\u2500\u2500\u2500\u2500\u2500\u2500\u2500\u2500\u2500\u2500\u252c\u2500\u2500\u2500\u2500\u2500\u2500\u2500\u2500\u2500\u2500\u2500\u2500\u2500\u2518\n\u250c\u2500\u2500\u2500\u2500\u2500\u2500\u2500\u2500\u2500\u2500\u2500\u2500\u2500\u2534\u2500\u2500\u2500\u2500\u2500\u2500\u2500\u2500\u2500\u2500\u2500\u2500\u2500\u2510\n\u2502         PROJECTION        \u2502\n\u2502    \u2500\u2500\u2500\u2500\u2500\u2500\u2500\u2500\u2500\u2500\u2500\u2500\u2500\u2500\u2500\u2500\u2500\u2500\u2500\u2500   \u2502\n\u2502        s_store_name       \u2502\n\u2502        i_item_desc        \u2502\n\u2502          revenue          \u2502\n\u2502      i_current_price      \u2502\n\u2502      i_wholesale_cost     \u2502\n\u2502          i_brand          \u2502\n\u2502                           \u2502\n\u2502          543 rows         \u2502\n\u2502          (0.00s)          \u2502\n\u2514\u2500\u2500\u2500\u2500\u2500\u2500\u2500\u2500\u2500\u2500\u2500\u2500\u2500\u252c\u2500\u2500\u2500\u2500\u2500\u2500\u2500\u2500\u2500\u2500\u2500\u2500\u2500\u2518\n\u250c\u2500\u2500\u2500\u2500\u2500\u2500\u2500\u2500\u2500\u2500\u2500\u2500\u2500\u2534\u2500\u2500\u2500\u2500\u2500\u2500\u2500\u2500\u2500\u2500\u2500\u2500\u2500\u2510\n\u2502         HASH_JOIN         \u2502\n\u2502    \u2500\u2500\u2500\u2500\u2500\u2500\u2500\u2500\u2500\u2500\u2500\u2500\u2500\u2500\u2500\u2500\u2500\u2500\u2500\u2500   \u2502\n\u2502      Join Type: INNER     \u2502\n\u2502                           \u2502\n\u2502        Conditions:        \u2502\n\u2502  s_store_sk = ss_store_sk \u251c\u2500\u2500\u2500\u2500\u2500\u2500\u2500\u2500\u2500\u2500\u2500\u2500\u2500\u2500\u2500\u2500\u2500\u2500\u2500\u2500\u2500\u2500\u2500\u2500\u2500\u2500\u2500\u2500\u2500\u2500\u2500\u2500\u2500\u2500\u2500\u2500\u2500\u2500\u2500\u2500\u2500\u2500\u2500\u2500\u2500\u2500\u2500\u2500\u2500\u2500\u2500\u2500\u2500\u2500\u2500\u2500\u2500\u2500\u2500\u2500\u2500\u2500\u2500\u2500\u2500\u2500\u2500\u2500\u2500\u2500\u2500\u2500\u2500\u2500\u2500\u2500\u2500\u2500\u2500\u2500\u2500\u2500\u2500\u2500\u2500\u2500\u2500\u2500\u2500\u2500\u2500\u2500\u2500\u2500\u2500\u2500\u2500\u2500\u2500\u2500\u2500\u2510\n\u2502 CAST(revenue AS DOUBLE) <=\u2502                                                                                                     \u2502\n\u2502         (0.1 * ave)       \u2502                                                                                                     \u2502\n\u2502                           \u2502                                                                                                     \u2502\n\u2502          543 rows         \u2502                                                                                                     \u2502\n\u2502          (0.00s)          \u2502                                                                                                     \u2502\n\u2514\u2500\u2500\u2500\u2500\u2500\u2500\u2500\u2500\u2500\u2500\u2500\u2500\u2500\u252c\u2500\u2500\u2500\u2500\u2500\u2500\u2500\u2500\u2500\u2500\u2500\u2500\u2500\u2518                                                                                                     \u2502\n\u250c\u2500\u2500\u2500\u2500\u2500\u2500\u2500\u2500\u2500\u2500\u2500\u2500\u2500\u2534\u2500\u2500\u2500\u2500\u2500\u2500\u2500\u2500\u2500\u2500\u2500\u2500\u2500\u2510                                                                                       \u250c\u2500\u2500\u2500\u2500\u2500\u2500\u2500\u2500\u2500\u2500\u2500\u2500\u2500\u2534\u2500\u2500\u2500\u2500\u2500\u2500\u2500\u2500\u2500\u2500\u2500\u2500\u2500\u2510\n\u2502         HASH_JOIN         \u2502                                                                                       \u2502         PROJECTION        \u2502\n\u2502    \u2500\u2500\u2500\u2500\u2500\u2500\u2500\u2500\u2500\u2500\u2500\u2500\u2500\u2500\u2500\u2500\u2500\u2500\u2500\u2500   \u2502                                                                                       \u2502    \u2500\u2500\u2500\u2500\u2500\u2500\u2500\u2500\u2500\u2500\u2500\u2500\u2500\u2500\u2500\u2500\u2500\u2500\u2500\u2500   \u2502\n\u2502      Join Type: INNER     \u2502                                                                                       \u2502__internal_decompress_integ\u2502\n\u2502                           \u2502                                                                                       \u2502     ral_integer(#0, 1)    \u2502\n\u2502        Conditions:        \u251c\u2500\u2500\u2500\u2500\u2500\u2500\u2500\u2500\u2500\u2500\u2500\u2500\u2500\u2500\u2510                                                                        \u2502             #1            \u2502\n\u2502   i_item_sk = ss_item_sk  \u2502              \u2502                                                                        \u2502                           \u2502\n\u2502                           \u2502              \u2502                                                                        \u2502                           \u2502\n\u2502        12,393 rows        \u2502              \u2502                                                                        \u2502          52 rows          \u2502\n\u2502          (0.01s)          \u2502              \u2502                                                                        \u2502          (0.00s)          \u2502\n\u2514\u2500\u2500\u2500\u2500\u2500\u2500\u2500\u2500\u2500\u2500\u2500\u2500\u2500\u252c\u2500\u2500\u2500\u2500\u2500\u2500\u2500\u2500\u2500\u2500\u2500\u2500\u2500\u2518              \u2502                                                                        \u2514\u2500\u2500\u2500\u2500\u2500\u2500\u2500\u2500\u2500\u2500\u2500\u2500\u2500\u252c\u2500\u2500\u2500\u2500\u2500\u2500\u2500\u2500\u2500\u2500\u2500\u2500\u2500\u2518\n\u250c\u2500\u2500\u2500\u2500\u2500\u2500\u2500\u2500\u2500\u2500\u2500\u2500\u2500\u2534\u2500\u2500\u2500\u2500\u2500\u2500\u2500\u2500\u2500\u2500\u2500\u2500\u2500\u2510\u250c\u2500\u2500\u2500\u2500\u2500\u2500\u2500\u2500\u2500\u2500\u2500\u2500\u2500\u2534\u2500\u2500\u2500\u2500\u2500\u2500\u2500\u2500\u2500\u2500\u2500\u2500\u2500\u2510                                                          \u250c\u2500\u2500\u2500\u2500\u2500\u2500\u2500\u2500\u2500\u2500\u2500\u2500\u2500\u2534\u2500\u2500\u2500\u2500\u2500\u2500\u2500\u2500\u2500\u2500\u2500\u2500\u2500\u2510\n\u2502         TABLE_SCAN        \u2502\u2502         HASH_JOIN         \u2502                                                          \u2502   PERFECT_HASH_GROUP_BY   \u2502\n\u2502    \u2500\u2500\u2500\u2500\u2500\u2500\u2500\u2500\u2500\u2500\u2500\u2500\u2500\u2500\u2500\u2500\u2500\u2500\u2500\u2500   \u2502\u2502    \u2500\u2500\u2500\u2500\u2500\u2500\u2500\u2500\u2500\u2500\u2500\u2500\u2500\u2500\u2500\u2500\u2500\u2500\u2500\u2500   \u2502                                                          \u2502    \u2500\u2500\u2500\u2500\u2500\u2500\u2500\u2500\u2500\u2500\u2500\u2500\u2500\u2500\u2500\u2500\u2500\u2500\u2500\u2500   \u2502\n\u2502        Table: item        \u2502\u2502      Join Type: INNER     \u2502                                                          \u2502         Groups: #0        \u2502\n\u2502   Type: Sequential Scan   \u2502\u2502                           \u2502                                                          \u2502    Aggregates: avg(#1)    \u2502\n\u2502                           \u2502\u2502        Conditions:        \u2502                                                          \u2502                           \u2502\n\u2502        Projections:       \u2502\u2502  ss_store_sk = s_store_sk \u2502                                                          \u2502                           \u2502\n\u2502         i_item_sk         \u2502\u2502                           \u2502                                                          \u2502                           \u2502\n\u2502        i_item_desc        \u2502\u2502                           \u2502                                                          \u2502                           \u2502\n\u2502      i_current_price      \u2502\u2502                           \u2502                                                          \u2502                           \u2502\n\u2502      i_wholesale_cost     \u2502\u2502                           \u251c\u2500\u2500\u2500\u2500\u2500\u2500\u2500\u2500\u2500\u2500\u2500\u2500\u2500\u2500\u2500\u2500\u2500\u2500\u2500\u2500\u2500\u2500\u2500\u2500\u2500\u2500\u2500\u2500\u2500\u2500\u2500\u2500\u2500\u2500\u2500\u2500\u2500\u2500\u2500\u2500\u2500\u2500\u2500\u2510              \u2502                           \u2502\n\u2502          i_brand          \u2502\u2502                           \u2502                                           \u2502              \u2502                           \u2502\n\u2502                           \u2502\u2502                           \u2502                                           \u2502              \u2502                           \u2502\n\u2502          Filters:         \u2502\u2502                           \u2502                                           \u2502              \u2502                           \u2502\n\u2502    i_manager_id>=10 AND   \u2502\u2502                           \u2502                                           \u2502              \u2502                           \u2502\n\u2502      i_manager_id<=14     \u2502\u2502                           \u2502                                           \u2502              \u2502                           \u2502\n\u2502                           \u2502\u2502                           \u2502                                           \u2502              \u2502                           \u2502\n\u2502         9,127 rows        \u2502\u2502        140,948 rows       \u2502                                           \u2502              \u2502          52 rows          \u2502\n\u2502          (0.01s)          \u2502\u2502          (0.00s)          \u2502                                           \u2502              \u2502          (0.00s)          \u2502\n\u2514\u2500\u2500\u2500\u2500\u2500\u2500\u2500\u2500\u2500\u2500\u2500\u2500\u2500\u2500\u2500\u2500\u2500\u2500\u2500\u2500\u2500\u2500\u2500\u2500\u2500\u2500\u2500\u2518\u2514\u2500\u2500\u2500\u2500\u2500\u2500\u2500\u2500\u2500\u2500\u2500\u2500\u2500\u252c\u2500\u2500\u2500\u2500\u2500\u2500\u2500\u2500\u2500\u2500\u2500\u2500\u2500\u2518                                           \u2502              \u2514\u2500\u2500\u2500\u2500\u2500\u2500\u2500\u2500\u2500\u2500\u2500\u2500\u2500\u252c\u2500\u2500\u2500\u2500\u2500\u2500\u2500\u2500\u2500\u2500\u2500\u2500\u2500\u2518\n                             \u250c\u2500\u2500\u2500\u2500\u2500\u2500\u2500\u2500\u2500\u2500\u2500\u2500\u2500\u2534\u2500\u2500\u2500\u2500\u2500\u2500\u2500\u2500\u2500\u2500\u2500\u2500\u2500\u2510                             \u250c\u2500\u2500\u2500\u2500\u2500\u2500\u2500\u2500\u2500\u2500\u2500\u2500\u2500\u2534\u2500\u2500\u2500\u2500\u2500\u2500\u2500\u2500\u2500\u2500\u2500\u2500\u2500\u2510\u250c\u2500\u2500\u2500\u2500\u2500\u2500\u2500\u2500\u2500\u2500\u2500\u2500\u2500\u2534\u2500\u2500\u2500\u2500\u2500\u2500\u2500\u2500\u2500\u2500\u2500\u2500\u2500\u2510\n                             \u2502         PROJECTION        \u2502                             \u2502         PROJECTION        \u2502\u2502         PROJECTION        \u2502\n                             \u2502    \u2500\u2500\u2500\u2500\u2500\u2500\u2500\u2500\u2500\u2500\u2500\u2500\u2500\u2500\u2500\u2500\u2500\u2500\u2500\u2500   \u2502                             \u2502    \u2500\u2500\u2500\u2500\u2500\u2500\u2500\u2500\u2500\u2500\u2500\u2500\u2500\u2500\u2500\u2500\u2500\u2500\u2500\u2500   \u2502\u2502    \u2500\u2500\u2500\u2500\u2500\u2500\u2500\u2500\u2500\u2500\u2500\u2500\u2500\u2500\u2500\u2500\u2500\u2500\u2500\u2500   \u2502\n                             \u2502__internal_decompress_integ\u2502                             \u2502             #0            \u2502\u2502        ss_store_sk        \u2502\n                             \u2502     ral_integer(#0, 1)    \u2502                             \u2502             #2            \u2502\u2502          revenue          \u2502\n                             \u2502             #1            \u2502                             \u2502                           \u2502\u2502                           \u2502\n                             \u2502             #2            \u2502                             \u2502                           \u2502\u2502                           \u2502\n                             \u2502                           \u2502                             \u2502                           \u2502\u2502                           \u2502\n                             \u2502        480,988 rows       \u2502                             \u2502          34 rows          \u2502\u2502        480,988 rows       \u2502\n                             \u2502          (0.00s)          \u2502                             \u2502          (0.00s)          \u2502\u2502          (0.00s)          \u2502\n                             \u2514\u2500\u2500\u2500\u2500\u2500\u2500\u2500\u2500\u2500\u2500\u2500\u2500\u2500\u252c\u2500\u2500\u2500\u2500\u2500\u2500\u2500\u2500\u2500\u2500\u2500\u2500\u2500\u2518                             \u2514\u2500\u2500\u2500\u2500\u2500\u2500\u2500\u2500\u2500\u2500\u2500\u2500\u2500\u252c\u2500\u2500\u2500\u2500\u2500\u2500\u2500\u2500\u2500\u2500\u2500\u2500\u2500\u2518\u2514\u2500\u2500\u2500\u2500\u2500\u2500\u2500\u2500\u2500\u2500\u2500\u2500\u2500\u252c\u2500\u2500\u2500\u2500\u2500\u2500\u2500\u2500\u2500\u2500\u2500\u2500\u2500\u2518\n                             \u250c\u2500\u2500\u2500\u2500\u2500\u2500\u2500\u2500\u2500\u2500\u2500\u2500\u2500\u2534\u2500\u2500\u2500\u2500\u2500\u2500\u2500\u2500\u2500\u2500\u2500\u2500\u2500\u2510                             \u250c\u2500\u2500\u2500\u2500\u2500\u2500\u2500\u2500\u2500\u2500\u2500\u2500\u2500\u2534\u2500\u2500\u2500\u2500\u2500\u2500\u2500\u2500\u2500\u2500\u2500\u2500\u2500\u2510\u250c\u2500\u2500\u2500\u2500\u2500\u2500\u2500\u2500\u2500\u2500\u2500\u2500\u2500\u2534\u2500\u2500\u2500\u2500\u2500\u2500\u2500\u2500\u2500\u2500\u2500\u2500\u2500\u2510\n                             \u2502       HASH_GROUP_BY       \u2502                             \u2502           FILTER          \u2502\u2502         PROJECTION        \u2502\n                             \u2502    \u2500\u2500\u2500\u2500\u2500\u2500\u2500\u2500\u2500\u2500\u2500\u2500\u2500\u2500\u2500\u2500\u2500\u2500\u2500\u2500   \u2502                             \u2502    \u2500\u2500\u2500\u2500\u2500\u2500\u2500\u2500\u2500\u2500\u2500\u2500\u2500\u2500\u2500\u2500\u2500\u2500\u2500\u2500   \u2502\u2502    \u2500\u2500\u2500\u2500\u2500\u2500\u2500\u2500\u2500\u2500\u2500\u2500\u2500\u2500\u2500\u2500\u2500\u2500\u2500\u2500   \u2502\n                             \u2502          Groups:          \u2502                             \u2502 ((s_store_sk <= 100) AND (\u2502\u2502__internal_compress_integra\u2502\n                             \u2502             #0            \u2502                             \u2502    (s_state = 'KS') OR    \u2502\u2502     l_utinyint(#0, 1)     \u2502\n                             \u2502             #1            \u2502                             \u2502    (s_state = 'OH') OR    \u2502\u2502             #1            \u2502\n                             \u2502                           \u2502                             \u2502     (s_state = 'SD')))    \u2502\u2502                           \u2502\n                             \u2502    Aggregates: sum(#2)    \u2502                             \u2502                           \u2502\u2502                           \u2502\n                             \u2502                           \u2502                             \u2502                           \u2502\u2502                           \u2502\n                             \u2502        480,988 rows       \u2502                             \u2502          34 rows          \u2502\u2502        480,988 rows       \u2502\n                             \u2502          (0.10s)          \u2502                             \u2502          (0.00s)          \u2502\u2502          (0.00s)          \u2502\n                             \u2514\u2500\u2500\u2500\u2500\u2500\u2500\u2500\u2500\u2500\u2500\u2500\u2500\u2500\u252c\u2500\u2500\u2500\u2500\u2500\u2500\u2500\u2500\u2500\u2500\u2500\u2500\u2500\u2518                             \u2514\u2500\u2500\u2500\u2500\u2500\u2500\u2500\u2500\u2500\u2500\u2500\u2500\u2500\u252c\u2500\u2500\u2500\u2500\u2500\u2500\u2500\u2500\u2500\u2500\u2500\u2500\u2500\u2518\u2514\u2500\u2500\u2500\u2500\u2500\u2500\u2500\u2500\u2500\u2500\u2500\u2500\u2500\u252c\u2500\u2500\u2500\u2500\u2500\u2500\u2500\u2500\u2500\u2500\u2500\u2500\u2500\u2518\n                             \u250c\u2500\u2500\u2500\u2500\u2500\u2500\u2500\u2500\u2500\u2500\u2500\u2500\u2500\u2534\u2500\u2500\u2500\u2500\u2500\u2500\u2500\u2500\u2500\u2500\u2500\u2500\u2500\u2510                             \u250c\u2500\u2500\u2500\u2500\u2500\u2500\u2500\u2500\u2500\u2500\u2500\u2500\u2500\u2534\u2500\u2500\u2500\u2500\u2500\u2500\u2500\u2500\u2500\u2500\u2500\u2500\u2500\u2510\u250c\u2500\u2500\u2500\u2500\u2500\u2500\u2500\u2500\u2500\u2500\u2500\u2500\u2500\u2534\u2500\u2500\u2500\u2500\u2500\u2500\u2500\u2500\u2500\u2500\u2500\u2500\u2500\u2510\n                             \u2502         PROJECTION        \u2502                             \u2502         TABLE_SCAN        \u2502\u2502         PROJECTION        \u2502\n                             \u2502    \u2500\u2500\u2500\u2500\u2500\u2500\u2500\u2500\u2500\u2500\u2500\u2500\u2500\u2500\u2500\u2500\u2500\u2500\u2500\u2500   \u2502                             \u2502    \u2500\u2500\u2500\u2500\u2500\u2500\u2500\u2500\u2500\u2500\u2500\u2500\u2500\u2500\u2500\u2500\u2500\u2500\u2500\u2500   \u2502\u2502    \u2500\u2500\u2500\u2500\u2500\u2500\u2500\u2500\u2500\u2500\u2500\u2500\u2500\u2500\u2500\u2500\u2500\u2500\u2500\u2500   \u2502\n                             \u2502        ss_store_sk        \u2502                             \u2502        Table: store       \u2502\u2502        ss_store_sk        \u2502\n                             \u2502         ss_item_sk        \u2502                             \u2502   Type: Sequential Scan   \u2502\u2502          revenue          \u2502\n                             \u2502       ss_sales_price      \u2502                             \u2502                           \u2502\u2502                           \u2502\n                             \u2502                           \u2502                             \u2502        Projections:       \u2502\u2502                           \u2502\n                             \u2502                           \u2502                             \u2502         s_store_sk        \u2502\u2502                           \u2502\n                             \u2502                           \u2502                             \u2502          s_state          \u2502\u2502                           \u2502\n                             \u2502                           \u2502                             \u2502        s_store_name       \u2502\u2502                           \u2502\n                             \u2502                           \u2502                             \u2502                           \u2502\u2502                           \u2502\n                             \u2502                           \u2502                             \u2502          Filters:         \u2502\u2502                           \u2502\n                             \u2502                           \u2502                             \u2502 optional: s_state IN ('KS'\u2502\u2502                           \u2502\n                             \u2502                           \u2502                             \u2502       , 'OH', 'SD')       \u2502\u2502                           \u2502\n                             \u2502                           \u2502                             \u2502                           \u2502\u2502                           \u2502\n                             \u2502        526,452 rows       \u2502                             \u2502          102 rows         \u2502\u2502        480,988 rows       \u2502\n                             \u2502          (0.00s)          \u2502                             \u2502          (0.00s)          \u2502\u2502          (0.00s)          \u2502\n                             \u2514\u2500\u2500\u2500\u2500\u2500\u2500\u2500\u2500\u2500\u2500\u2500\u2500\u2500\u252c\u2500\u2500\u2500\u2500\u2500\u2500\u2500\u2500\u2500\u2500\u2500\u2500\u2500\u2518                             \u2514\u2500\u2500\u2500\u2500\u2500\u2500\u2500\u2500\u2500\u2500\u2500\u2500\u2500\u2500\u2500\u2500\u2500\u2500\u2500\u2500\u2500\u2500\u2500\u2500\u2500\u2500\u2500\u2518\u2514\u2500\u2500\u2500\u2500\u2500\u2500\u2500\u2500\u2500\u2500\u2500\u2500\u2500\u252c\u2500\u2500\u2500\u2500\u2500\u2500\u2500\u2500\u2500\u2500\u2500\u2500\u2500\u2518\n                             \u250c\u2500\u2500\u2500\u2500\u2500\u2500\u2500\u2500\u2500\u2500\u2500\u2500\u2500\u2534\u2500\u2500\u2500\u2500\u2500\u2500\u2500\u2500\u2500\u2500\u2500\u2500\u2500\u2510                                                          \u250c\u2500\u2500\u2500\u2500\u2500\u2500\u2500\u2500\u2500\u2500\u2500\u2500\u2500\u2534\u2500\u2500\u2500\u2500\u2500\u2500\u2500\u2500\u2500\u2500\u2500\u2500\u2500\u2510\n                             \u2502         PROJECTION        \u2502                                                          \u2502         PROJECTION        \u2502\n                             \u2502    \u2500\u2500\u2500\u2500\u2500\u2500\u2500\u2500\u2500\u2500\u2500\u2500\u2500\u2500\u2500\u2500\u2500\u2500\u2500\u2500   \u2502                                                          \u2502    \u2500\u2500\u2500\u2500\u2500\u2500\u2500\u2500\u2500\u2500\u2500\u2500\u2500\u2500\u2500\u2500\u2500\u2500\u2500\u2500   \u2502\n                             \u2502             #0            \u2502                                                          \u2502__internal_decompress_integ\u2502\n                             \u2502__internal_compress_integra\u2502                                                          \u2502     ral_integer(#0, 1)    \u2502\n                             \u2502     l_utinyint(#1, 1)     \u2502                                                          \u2502             #1            \u2502\n                             \u2502             #2            \u2502                                                          \u2502             #2            \u2502\n                             \u2502__internal_compress_integra\u2502                                                          \u2502                           \u2502\n                             \u2502  l_usmallint(#3, 2450816) \u2502                                                          \u2502                           \u2502\n                             \u2502                           \u2502                                                          \u2502                           \u2502\n                             \u2502        526,452 rows       \u2502                                                          \u2502        480,988 rows       \u2502\n                             \u2502          (0.00s)          \u2502                                                          \u2502          (0.00s)          \u2502\n                             \u2514\u2500\u2500\u2500\u2500\u2500\u2500\u2500\u2500\u2500\u2500\u2500\u2500\u2500\u252c\u2500\u2500\u2500\u2500\u2500\u2500\u2500\u2500\u2500\u2500\u2500\u2500\u2500\u2518                                                          \u2514\u2500\u2500\u2500\u2500\u2500\u2500\u2500\u2500\u2500\u2500\u2500\u2500\u2500\u252c\u2500\u2500\u2500\u2500\u2500\u2500\u2500\u2500\u2500\u2500\u2500\u2500\u2500\u2518\n                             \u250c\u2500\u2500\u2500\u2500\u2500\u2500\u2500\u2500\u2500\u2500\u2500\u2500\u2500\u2534\u2500\u2500\u2500\u2500\u2500\u2500\u2500\u2500\u2500\u2500\u2500\u2500\u2500\u2510                                                          \u250c\u2500\u2500\u2500\u2500\u2500\u2500\u2500\u2500\u2500\u2500\u2500\u2500\u2500\u2534\u2500\u2500\u2500\u2500\u2500\u2500\u2500\u2500\u2500\u2500\u2500\u2500\u2500\u2510\n                             \u2502         HASH_JOIN         \u2502                                                          \u2502       HASH_GROUP_BY       \u2502\n                             \u2502    \u2500\u2500\u2500\u2500\u2500\u2500\u2500\u2500\u2500\u2500\u2500\u2500\u2500\u2500\u2500\u2500\u2500\u2500\u2500\u2500   \u2502                                                          \u2502    \u2500\u2500\u2500\u2500\u2500\u2500\u2500\u2500\u2500\u2500\u2500\u2500\u2500\u2500\u2500\u2500\u2500\u2500\u2500\u2500   \u2502\n                             \u2502      Join Type: INNER     \u2502                                                          \u2502          Groups:          \u2502\n                             \u2502                           \u2502                                                          \u2502             #0            \u2502\n                             \u2502        Conditions:        \u2502                                                          \u2502             #1            \u2502\n                             \u2502ss_sold_date_sk = d_date_sk\u251c\u2500\u2500\u2500\u2500\u2500\u2500\u2500\u2500\u2500\u2500\u2500\u2500\u2500\u2500\u2510                                           \u2502                           \u2502\n                             \u2502                           \u2502              \u2502                                           \u2502    Aggregates: sum(#2)    \u2502\n                             \u2502                           \u2502              \u2502                                           \u2502                           \u2502\n                             \u2502        526,452 rows       \u2502              \u2502                                           \u2502        480,988 rows       \u2502\n                             \u2502          (0.00s)          \u2502              \u2502                                           \u2502          (0.09s)          \u2502\n                             \u2514\u2500\u2500\u2500\u2500\u2500\u2500\u2500\u2500\u2500\u2500\u2500\u2500\u2500\u252c\u2500\u2500\u2500\u2500\u2500\u2500\u2500\u2500\u2500\u2500\u2500\u2500\u2500\u2518              \u2502                                           \u2514\u2500\u2500\u2500\u2500\u2500\u2500\u2500\u2500\u2500\u2500\u2500\u2500\u2500\u252c\u2500\u2500\u2500\u2500\u2500\u2500\u2500\u2500\u2500\u2500\u2500\u2500\u2500\u2518\n                             \u250c\u2500\u2500\u2500\u2500\u2500\u2500\u2500\u2500\u2500\u2500\u2500\u2500\u2500\u2534\u2500\u2500\u2500\u2500\u2500\u2500\u2500\u2500\u2500\u2500\u2500\u2500\u2500\u2510\u250c\u2500\u2500\u2500\u2500\u2500\u2500\u2500\u2500\u2500\u2500\u2500\u2500\u2500\u2534\u2500\u2500\u2500\u2500\u2500\u2500\u2500\u2500\u2500\u2500\u2500\u2500\u2500\u2510                             \u250c\u2500\u2500\u2500\u2500\u2500\u2500\u2500\u2500\u2500\u2500\u2500\u2500\u2500\u2534\u2500\u2500\u2500\u2500\u2500\u2500\u2500\u2500\u2500\u2500\u2500\u2500\u2500\u2510\n                             \u2502         PROJECTION        \u2502\u2502           FILTER          \u2502                             \u2502         PROJECTION        \u2502\n                             \u2502    \u2500\u2500\u2500\u2500\u2500\u2500\u2500\u2500\u2500\u2500\u2500\u2500\u2500\u2500\u2500\u2500\u2500\u2500\u2500\u2500   \u2502\u2502    \u2500\u2500\u2500\u2500\u2500\u2500\u2500\u2500\u2500\u2500\u2500\u2500\u2500\u2500\u2500\u2500\u2500\u2500\u2500\u2500   \u2502                             \u2502    \u2500\u2500\u2500\u2500\u2500\u2500\u2500\u2500\u2500\u2500\u2500\u2500\u2500\u2500\u2500\u2500\u2500\u2500\u2500\u2500   \u2502\n                             \u2502             #0            \u2502\u2502 (d_date_sk BETWEEN 2450816\u2502                             \u2502        ss_store_sk        \u2502\n                             \u2502             #1            \u2502\u2502        AND 2452642)       \u2502                             \u2502         ss_item_sk        \u2502\n                             \u2502             #3            \u2502\u2502                           \u2502                             \u2502       ss_sales_price      \u2502\n                             \u2502             #4            \u2502\u2502                           \u2502                             \u2502                           \u2502\n                             \u2502                           \u2502\u2502                           \u2502                             \u2502                           \u2502\n                             \u2502        526,452 rows       \u2502\u2502          365 rows         \u2502                             \u2502        526,452 rows       \u2502\n                             \u2502          (0.00s)          \u2502\u2502          (0.00s)          \u2502                             \u2502          (0.00s)          \u2502\n                             \u2514\u2500\u2500\u2500\u2500\u2500\u2500\u2500\u2500\u2500\u2500\u2500\u2500\u2500\u252c\u2500\u2500\u2500\u2500\u2500\u2500\u2500\u2500\u2500\u2500\u2500\u2500\u2500\u2518\u2514\u2500\u2500\u2500\u2500\u2500\u2500\u2500\u2500\u2500\u2500\u2500\u2500\u2500\u252c\u2500\u2500\u2500\u2500\u2500\u2500\u2500\u2500\u2500\u2500\u2500\u2500\u2500\u2518                             \u2514\u2500\u2500\u2500\u2500\u2500\u2500\u2500\u2500\u2500\u2500\u2500\u2500\u2500\u252c\u2500\u2500\u2500\u2500\u2500\u2500\u2500\u2500\u2500\u2500\u2500\u2500\u2500\u2518\n                             \u250c\u2500\u2500\u2500\u2500\u2500\u2500\u2500\u2500\u2500\u2500\u2500\u2500\u2500\u2534\u2500\u2500\u2500\u2500\u2500\u2500\u2500\u2500\u2500\u2500\u2500\u2500\u2500\u2510\u250c\u2500\u2500\u2500\u2500\u2500\u2500\u2500\u2500\u2500\u2500\u2500\u2500\u2500\u2534\u2500\u2500\u2500\u2500\u2500\u2500\u2500\u2500\u2500\u2500\u2500\u2500\u2500\u2510                             \u250c\u2500\u2500\u2500\u2500\u2500\u2500\u2500\u2500\u2500\u2500\u2500\u2500\u2500\u2534\u2500\u2500\u2500\u2500\u2500\u2500\u2500\u2500\u2500\u2500\u2500\u2500\u2500\u2510\n                             \u2502           FILTER          \u2502\u2502         TABLE_SCAN        \u2502                             \u2502         PROJECTION        \u2502\n                             \u2502    \u2500\u2500\u2500\u2500\u2500\u2500\u2500\u2500\u2500\u2500\u2500\u2500\u2500\u2500\u2500\u2500\u2500\u2500\u2500\u2500   \u2502\u2502    \u2500\u2500\u2500\u2500\u2500\u2500\u2500\u2500\u2500\u2500\u2500\u2500\u2500\u2500\u2500\u2500\u2500\u2500\u2500\u2500   \u2502                             \u2502    \u2500\u2500\u2500\u2500\u2500\u2500\u2500\u2500\u2500\u2500\u2500\u2500\u2500\u2500\u2500\u2500\u2500\u2500\u2500\u2500   \u2502\n                             \u2502  ((CAST(ss_sales_price AS \u2502\u2502      Table: date_dim      \u2502                             \u2502             #0            \u2502\n                             \u2502       DOUBLE) / CAST      \u2502\u2502   Type: Sequential Scan   \u2502                             \u2502__internal_compress_integra\u2502\n                             \u2502 (ss_list_price AS DOUBLE))\u2502\u2502                           \u2502                             \u2502     l_utinyint(#1, 1)     \u2502\n                             \u2502   BETWEEN 0.79 AND 0.89)  \u2502\u2502        Projections:       \u2502                             \u2502             #2            \u2502\n                             \u2502                           \u2502\u2502         d_date_sk         \u2502                             \u2502__internal_compress_integra\u2502\n                             \u2502                           \u2502\u2502                           \u2502                             \u2502  l_usmallint(#3, 2450816) \u2502\n                             \u2502                           \u2502\u2502          Filters:         \u2502                             \u2502                           \u2502\n                             \u2502                           \u2502\u2502   d_month_seq>=1215 AND   \u2502                             \u2502                           \u2502\n                             \u2502                           \u2502\u2502      d_month_seq<=1226    \u2502                             \u2502                           \u2502\n                             \u2502                           \u2502\u2502                           \u2502                             \u2502                           \u2502\n                             \u2502        526,452 rows       \u2502\u2502          365 rows         \u2502                             \u2502        526,452 rows       \u2502\n                             \u2502          (0.24s)          \u2502\u2502          (0.00s)          \u2502                             \u2502          (0.00s)          \u2502\n                             \u2514\u2500\u2500\u2500\u2500\u2500\u2500\u2500\u2500\u2500\u2500\u2500\u2500\u2500\u252c\u2500\u2500\u2500\u2500\u2500\u2500\u2500\u2500\u2500\u2500\u2500\u2500\u2500\u2518\u2514\u2500\u2500\u2500\u2500\u2500\u2500\u2500\u2500\u2500\u2500\u2500\u2500\u2500\u2500\u2500\u2500\u2500\u2500\u2500\u2500\u2500\u2500\u2500\u2500\u2500\u2500\u2500\u2518                             \u2514\u2500\u2500\u2500\u2500\u2500\u2500\u2500\u2500\u2500\u2500\u2500\u2500\u2500\u252c\u2500\u2500\u2500\u2500\u2500\u2500\u2500\u2500\u2500\u2500\u2500\u2500\u2500\u2518\n                             \u250c\u2500\u2500\u2500\u2500\u2500\u2500\u2500\u2500\u2500\u2500\u2500\u2500\u2500\u2534\u2500\u2500\u2500\u2500\u2500\u2500\u2500\u2500\u2500\u2500\u2500\u2500\u2500\u2510                                                          \u250c\u2500\u2500\u2500\u2500\u2500\u2500\u2500\u2500\u2500\u2500\u2500\u2500\u2500\u2534\u2500\u2500\u2500\u2500\u2500\u2500\u2500\u2500\u2500\u2500\u2500\u2500\u2500\u2510\n                             \u2502         TABLE_SCAN        \u2502                                                          \u2502         HASH_JOIN         \u2502\n                             \u2502    \u2500\u2500\u2500\u2500\u2500\u2500\u2500\u2500\u2500\u2500\u2500\u2500\u2500\u2500\u2500\u2500\u2500\u2500\u2500\u2500   \u2502                                                          \u2502    \u2500\u2500\u2500\u2500\u2500\u2500\u2500\u2500\u2500\u2500\u2500\u2500\u2500\u2500\u2500\u2500\u2500\u2500\u2500\u2500   \u2502\n                             \u2502     Table: store_sales    \u2502                                                          \u2502      Join Type: INNER     \u2502\n                             \u2502   Type: Sequential Scan   \u2502                                                          \u2502                           \u2502\n                             \u2502                           \u2502                                                          \u2502        Conditions:        \u2502\n                             \u2502        Projections:       \u2502                                                          \u2502ss_sold_date_sk = d_date_sk\u2502\n                             \u2502      ss_sold_date_sk      \u2502                                                          \u2502                           \u2502\n                             \u2502       ss_sales_price      \u2502                                                          \u2502                           \u251c\u2500\u2500\u2500\u2500\u2500\u2500\u2500\u2500\u2500\u2500\u2500\u2500\u2500\u2500\u2510\n                             \u2502       ss_list_price       \u2502                                                          \u2502                           \u2502              \u2502\n                             \u2502        ss_store_sk        \u2502                                                          \u2502                           \u2502              \u2502\n                             \u2502         ss_item_sk        \u2502                                                          \u2502                           \u2502              \u2502\n                             \u2502                           \u2502                                                          \u2502                           \u2502              \u2502\n                             \u2502       5,506,993 rows      \u2502                                                          \u2502        526,452 rows       \u2502              \u2502\n                             \u2502          (0.24s)          \u2502                                                          \u2502          (0.00s)          \u2502              \u2502\n                             \u2514\u2500\u2500\u2500\u2500\u2500\u2500\u2500\u2500\u2500\u2500\u2500\u2500\u2500\u2500\u2500\u2500\u2500\u2500\u2500\u2500\u2500\u2500\u2500\u2500\u2500\u2500\u2500\u2518                                                          \u2514\u2500\u2500\u2500\u2500\u2500\u2500\u2500\u2500\u2500\u2500\u2500\u2500\u2500\u252c\u2500\u2500\u2500\u2500\u2500\u2500\u2500\u2500\u2500\u2500\u2500\u2500\u2500\u2518              \u2502\n                                                                                                                    \u250c\u2500\u2500\u2500\u2500\u2500\u2500\u2500\u2500\u2500\u2500\u2500\u2500\u2500\u2534\u2500\u2500\u2500\u2500\u2500\u2500\u2500\u2500\u2500\u2500\u2500\u2500\u2500\u2510\u250c\u2500\u2500\u2500\u2500\u2500\u2500\u2500\u2500\u2500\u2500\u2500\u2500\u2500\u2534\u2500\u2500\u2500\u2500\u2500\u2500\u2500\u2500\u2500\u2500\u2500\u2500\u2500\u2510\n                                                                                                                    \u2502         PROJECTION        \u2502\u2502           FILTER          \u2502\n                                                                                                                    \u2502    \u2500\u2500\u2500\u2500\u2500\u2500\u2500\u2500\u2500\u2500\u2500\u2500\u2500\u2500\u2500\u2500\u2500\u2500\u2500\u2500   \u2502\u2502    \u2500\u2500\u2500\u2500\u2500\u2500\u2500\u2500\u2500\u2500\u2500\u2500\u2500\u2500\u2500\u2500\u2500\u2500\u2500\u2500   \u2502\n                                                                                                                    \u2502             #0            \u2502\u2502 (d_date_sk BETWEEN 2450816\u2502\n                                                                                                                    \u2502             #1            \u2502\u2502        AND 2452642)       \u2502\n                                                                                                                    \u2502             #3            \u2502\u2502                           \u2502\n                                                                                                                    \u2502             #4            \u2502\u2502                           \u2502\n                                                                                                                    \u2502                           \u2502\u2502                           \u2502\n                                                                                                                    \u2502        526,452 rows       \u2502\u2502          365 rows         \u2502\n                                                                                                                    \u2502          (0.00s)          \u2502\u2502          (0.00s)          \u2502\n                                                                                                                    \u2514\u2500\u2500\u2500\u2500\u2500\u2500\u2500\u2500\u2500\u2500\u2500\u2500\u2500\u252c\u2500\u2500\u2500\u2500\u2500\u2500\u2500\u2500\u2500\u2500\u2500\u2500\u2500\u2518\u2514\u2500\u2500\u2500\u2500\u2500\u2500\u2500\u2500\u2500\u2500\u2500\u2500\u2500\u252c\u2500\u2500\u2500\u2500\u2500\u2500\u2500\u2500\u2500\u2500\u2500\u2500\u2500\u2518\n                                                                                                                    \u250c\u2500\u2500\u2500\u2500\u2500\u2500\u2500\u2500\u2500\u2500\u2500\u2500\u2500\u2534\u2500\u2500\u2500\u2500\u2500\u2500\u2500\u2500\u2500\u2500\u2500\u2500\u2500\u2510\u250c\u2500\u2500\u2500\u2500\u2500\u2500\u2500\u2500\u2500\u2500\u2500\u2500\u2500\u2534\u2500\u2500\u2500\u2500\u2500\u2500\u2500\u2500\u2500\u2500\u2500\u2500\u2500\u2510\n                                                                                                                    \u2502           FILTER          \u2502\u2502         TABLE_SCAN        \u2502\n                                                                                                                    \u2502    \u2500\u2500\u2500\u2500\u2500\u2500\u2500\u2500\u2500\u2500\u2500\u2500\u2500\u2500\u2500\u2500\u2500\u2500\u2500\u2500   \u2502\u2502    \u2500\u2500\u2500\u2500\u2500\u2500\u2500\u2500\u2500\u2500\u2500\u2500\u2500\u2500\u2500\u2500\u2500\u2500\u2500\u2500   \u2502\n                                                                                                                    \u2502  ((CAST(ss_sales_price AS \u2502\u2502      Table: date_dim      \u2502\n                                                                                                                    \u2502       DOUBLE) / CAST      \u2502\u2502   Type: Sequential Scan   \u2502\n                                                                                                                    \u2502 (ss_list_price AS DOUBLE))\u2502\u2502                           \u2502\n                                                                                                                    \u2502   BETWEEN 0.79 AND 0.89)  \u2502\u2502        Projections:       \u2502\n                                                                                                                    \u2502                           \u2502\u2502         d_date_sk         \u2502\n                                                                                                                    \u2502                           \u2502\u2502                           \u2502\n                                                                                                                    \u2502                           \u2502\u2502          Filters:         \u2502\n                                                                                                                    \u2502                           \u2502\u2502   d_month_seq>=1215 AND   \u2502\n                                                                                                                    \u2502                           \u2502\u2502      d_month_seq<=1226    \u2502\n                                                                                                                    \u2502                           \u2502\u2502                           \u2502\n                                                                                                                    \u2502        526,452 rows       \u2502\u2502          365 rows         \u2502\n                                                                                                                    \u2502          (0.22s)          \u2502\u2502          (0.00s)          \u2502\n                                                                                                                    \u2514\u2500\u2500\u2500\u2500\u2500\u2500\u2500\u2500\u2500\u2500\u2500\u2500\u2500\u252c\u2500\u2500\u2500\u2500\u2500\u2500\u2500\u2500\u2500\u2500\u2500\u2500\u2500\u2518\u2514\u2500\u2500\u2500\u2500\u2500\u2500\u2500\u2500\u2500\u2500\u2500\u2500\u2500\u2500\u2500\u2500\u2500\u2500\u2500\u2500\u2500\u2500\u2500\u2500\u2500\u2500\u2500\u2518\n                                                                                                                    \u250c\u2500\u2500\u2500\u2500\u2500\u2500\u2500\u2500\u2500\u2500\u2500\u2500\u2500\u2534\u2500\u2500\u2500\u2500\u2500\u2500\u2500\u2500\u2500\u2500\u2500\u2500\u2500\u2510\n                                                                                                                    \u2502         TABLE_SCAN        \u2502\n                                                                                                                    \u2502    \u2500\u2500\u2500\u2500\u2500\u2500\u2500\u2500\u2500\u2500\u2500\u2500\u2500\u2500\u2500\u2500\u2500\u2500\u2500\u2500   \u2502\n                                                                                                                    \u2502     Table: store_sales    \u2502\n                                                                                                                    \u2502   Type: Sequential Scan   \u2502\n                                                                                                                    \u2502                           \u2502\n                                                                                                                    \u2502        Projections:       \u2502\n                                                                                                                    \u2502      ss_sold_date_sk      \u2502\n                                                                                                                    \u2502       ss_sales_price      \u2502\n                                                                                                                    \u2502       ss_list_price       \u2502\n                                                                                                                    \u2502        ss_store_sk        \u2502\n                                                                                                                    \u2502         ss_item_sk        \u2502\n                                                                                                                    \u2502                           \u2502\n                                                                                                                    \u2502       5,506,993 rows      \u2502\n                                                                                                                    \u2502          (0.23s)          \u2502\n                                                                                                                    \u2514\u2500\u2500\u2500\u2500\u2500\u2500\u2500\u2500\u2500\u2500\u2500\u2500\u2500\u2500\u2500\u2500\u2500\u2500\u2500\u2500\u2500\u2500\u2500\u2500\u2500\u2500\u2500\u2518\n",
  "plan_json": {
    "total_bytes_written": 0,
    "total_bytes_read": 0,
    "rows_returned": 0,
    "latency": 0.0,
    "result_set_size": 0,
    "query_name": "",
    "blocked_thread_time": 0.0,
    "system_peak_buffer_memory": 0,
    "system_peak_temp_dir_size": 0,
    "cpu_time": 0.0,
    "extra_info": {},
    "cumulative_cardinality": 0,
    "cumulative_rows_scanned": 0,
    "children": [
      {
        "total_bytes_written": 0,
        "total_bytes_read": 0,
        "result_set_size": 0,
        "operator_name": "EXPLAIN_ANALYZE",
        "cpu_time": 0.0,
        "extra_info": {},
        "cumulative_cardinality": 0,
        "operator_type": "EXPLAIN_ANALYZE",
        "operator_cardinality": 0,
        "cumulative_rows_scanned": 0,
        "operator_rows_scanned": 0,
        "operator_timing": 5.28e-07,
        "children": [
          {
            "total_bytes_written": 0,
            "total_bytes_read": 0,
            "result_set_size": 7200,
            "operator_name": "TOP_N",
            "cpu_time": 0.0,
            "extra_info": {
              "Top": "100",
              "Order By": [
                "tpcds_sf10_2.main.store.s_store_name ASC",
                "tpcds_sf10_2.main.item.i_item_desc ASC"
              ]
            },
            "cumulative_cardinality": 0,
            "operator_type": "TOP_N",
            "operator_cardinality": 100,
            "cumulative_rows_scanned": 0,
            "operator_rows_scanned": 0,
            "operator_timing": 9.601e-05,
            "children": [
              {
                "total_bytes_written": 0,
                "total_bytes_read": 0,
                "result_set_size": 39096,
                "operator_name": "PROJECTION",
                "cpu_time": 0.0,
                "extra_info": {
                  "Projections": [
                    "s_store_name",
                    "i_item_desc",
                    "revenue",
                    "i_current_price",
                    "i_wholesale_cost",
                    "i_brand"
                  ],
                  "Estimated Cardinality": "18671"
                },
                "cumulative_cardinality": 0,
                "operator_type": "PROJECTION",
                "operator_cardinality": 543,
                "cumulative_rows_scanned": 0,
                "operator_rows_scanned": 0,
                "operator_timing": 5.99e-07,
                "children": [
                  {
                    "total_bytes_written": 0,
                    "total_bytes_read": 0,
                    "result_set_size": 45612,
                    "operator_name": "HASH_JOIN",
                    "cpu_time": 0.0,
                    "extra_info": {
                      "Join Type": "INNER",
                      "Conditions": [
                        "s_store_sk = ss_store_sk",
                        "CAST(revenue AS DOUBLE) <= (0.1 * ave)"
                      ],
                      "Estimated Cardinality": "18671"
                    },
                    "cumulative_cardinality": 0,
                    "operator_type": "HASH_JOIN",
                    "operator_cardinality": 543,
                    "cumulative_rows_scanned": 0,
                    "operator_rows_scanned": 0,
                    "operator_timing": 0.0006192140000000001,
                    "children": [
                      {
                        "total_bytes_written": 0,
                        "total_bytes_read": 0,
                        "result_set_size": 941868,
                        "operator_name": "HASH_JOIN",
                        "cpu_time": 0.0,
                        "extra_info": {
                          "Join Type": "INNER",
                          "Conditions": "i_item_sk = ss_item_sk",
                          "Estimated Cardinality": "2968"
                        },
                        "cumulative_cardinality": 0,
                        "operator_type": "HASH_JOIN",
                        "operator_cardinality": 12393,
                        "cumulative_rows_scanned": 0,
                        "operator_rows_scanned": 0,
                        "operator_timing": 0.008775964,
                        "children": [
                          {
                            "total_bytes_written": 0,
                            "total_bytes_read": 0,
                            "result_set_size": 401588,
                            "operator_name": "SEQ_SCAN ",
                            "cpu_time": 0.0,
                            "extra_info": {
                              "Table": "item",
                              "Type": "Sequential Scan",
                              "Projections": [
                                "i_item_sk",
                                "i_item_desc",
                                "i_current_price",
                                "i_wholesale_cost",
                                "i_brand"
                              ],
                              "Filters": "i_manager_id>=10 AND i_manager_id<=14",
                              "Estimated Cardinality": "20400"
                            },
                            "cumulative_cardinality": 0,
                            "operator_type": "TABLE_SCAN",
                            "operator_cardinality": 9127,
                            "cumulative_rows_scanned": 0,
                            "operator_rows_scanned": 102000,
                            "operator_timing": 0.005388662999999999,
                            "children": []
                          },
                          {
                            "total_bytes_written": 0,
                            "total_bytes_read": 0,
                            "result_set_size": 5637920,
                            "operator_name": "HASH_JOIN",
                            "cpu_time": 0.0,
                            "extra_info": {
                              "Join Type": "INNER",
                              "Conditions": "ss_store_sk = s_store_sk",
                              "Estimated Cardinality": "10365"
                            },
                            "cumulative_cardinality": 0,
                            "operator_type": "HASH_JOIN",
                            "operator_cardinality": 140948,
                            "cumulative_rows_scanned": 0,
                            "operator_rows_scanned": 0,
                            "operator_timing": 0.002071232,
                            "children": [
                              {
                                "total_bytes_written": 0,
                                "total_bytes_read": 0,
                                "result_set_size": 11543712,
                                "operator_name": "PROJECTION",
                                "cpu_time": 0.0,
                                "extra_info": {
                                  "Projections": [
                                    "__internal_decompress_integral_integer(#0, 1)",
                                    "#1",
                                    "#2"
                                  ],
                                  "Estimated Cardinality": "1031358"
                                },
                                "cumulative_cardinality": 0,
                                "operator_type": "PROJECTION",
                                "operator_cardinality": 480988,
                                "cumulative_rows_scanned": 0,
                                "operator_rows_scanned": 0,
                                "operator_timing": 0.00042482500000000004,
                                "children": [
                                  {
                                    "total_bytes_written": 0,
                                    "total_bytes_read": 0,
                                    "result_set_size": 10100748,
                                    "operator_name": "HASH_GROUP_BY",
                                    "cpu_time": 0.0,
                                    "extra_info": {
                                      "Groups": [
                                        "#0",
                                        "#1"
                                      ],
                                      "Aggregates": "sum(#2)",
                                      "Estimated Cardinality": "1031358"
                                    },
                                    "cumulative_cardinality": 0,
                                    "operator_type": "HASH_GROUP_BY",
                                    "operator_cardinality": 480988,
                                    "cumulative_rows_scanned": 0,
                                    "operator_rows_scanned": 0,
                                    "operator_timing": 0.09980416600000001,
                                    "children": [
                                      {
                                        "total_bytes_written": 0,
                                        "total_bytes_read": 0,
                                        "result_set_size": 4738068,
                                        "operator_name": "PROJECTION",
                                        "cpu_time": 0.0,
                                        "extra_info": {
                                          "Projections": [
                                            "ss_store_sk",
                                            "ss_item_sk",
                                            "ss_sales_price"
                                          ],
                                          "Estimated Cardinality": "1151976"
                                        },
                                        "cumulative_cardinality": 0,
                                        "operator_type": "PROJECTION",
                                        "operator_cardinality": 526452,
                                        "cumulative_rows_scanned": 0,
                                        "operator_rows_scanned": 0,
                                        "operator_timing": 0.000281101,
                                        "children": [
                                          {
                                            "total_bytes_written": 0,
                                            "total_bytes_read": 0,
                                            "result_set_size": 5790972,
                                            "operator_name": "PROJECTION",
                                            "cpu_time": 0.0,
                                            "extra_info": {
                                              "Projections": [
                                                "#0",
                                                "__internal_compress_integral_utinyint(#1, 1)",
                                                "#2",
                                                "__internal_compress_integral_usmallint(#3, 2450816)"
                                              ],
                                              "Estimated Cardinality": "1151976"
                                            },
                                            "cumulative_cardinality": 0,
                                            "operator_type": "PROJECTION",
                                            "operator_cardinality": 526452,
                                            "cumulative_rows_scanned": 0,
                                            "operator_rows_scanned": 0,
                                            "operator_timing": 0.002320698,
                                            "children": [
                                              {
                                                "total_bytes_written": 0,
                                                "total_bytes_read": 0,
                                                "result_set_size": 8423232,
                                                "operator_name": "HASH_JOIN",
                                                "cpu_time": 0.0,
                                                "extra_info": {
                                                  "Join Type": "INNER",
                                                  "Conditions": "ss_sold_date_sk = d_date_sk",
                                                  "Estimated Cardinality": "1151976"
                                                },
                                                "cumulative_cardinality": 0,
                                                "operator_type": "HASH_JOIN",
                                                "operator_cardinality": 526452,
                                                "cumulative_rows_scanned": 0,
                                                "operator_rows_scanned": 0,
                                                "operator_timing": 0.002258564,
                                                "children": [
                                                  {
                                                    "total_bytes_written": 0,
                                                    "total_bytes_read": 0,
                                                    "result_set_size": 8423232,
                                                    "operator_name": "PROJECTION",
                                                    "cpu_time": 0.0,
                                                    "extra_info": {
                                                      "Projections": [
                                                        "#0",
                                                        "#1",
                                                        "#3",
                                                        "#4"
                                                      ],
                                                      "Estimated Cardinality": "5760198"
                                                    },
                                                    "cumulative_cardinality": 0,
                                                    "operator_type": "PROJECTION",
                                                    "operator_cardinality": 526452,
                                                    "cumulative_rows_scanned": 0,
                                                    "operator_rows_scanned": 0,
                                                    "operator_timing": 0.000359551,
                                                    "children": [
                                                      {
                                                        "total_bytes_written": 0,
                                                        "total_bytes_read": 0,
                                                        "result_set_size": 10529040,
                                                        "operator_name": "FILTER",
                                                        "cpu_time": 0.0,
                                                        "extra_info": {
                                                          "Expression": "((CAST(ss_sales_price AS DOUBLE) / CAST(ss_list_price AS DOUBLE)) BETWEEN 0.79 AND 0.89)",
                                                          "Estimated Cardinality": "5760198"
                                                        },
                                                        "cumulative_cardinality": 0,
                                                        "operator_type": "FILTER",
                                                        "operator_cardinality": 526452,
                                                        "cumulative_rows_scanned": 0,
                                                        "operator_rows_scanned": 0,
                                                        "operator_timing": 0.22473316399999999,
                                                        "children": [
                                                          {
                                                            "total_bytes_written": 0,
                                                            "total_bytes_read": 0,
                                                            "result_set_size": 110139860,
                                                            "operator_name": "SEQ_SCAN ",
                                                            "cpu_time": 0.0,
                                                            "extra_info": {
                                                              "Table": "store_sales",
                                                              "Type": "Sequential Scan",
                                                              "Projections": [
                                                                "ss_sold_date_sk",
                                                                "ss_sales_price",
                                                                "ss_list_price",
                                                                "ss_store_sk",
                                                                "ss_item_sk"
                                                              ],
                                                              "Estimated Cardinality": "28800991"
                                                            },
                                                            "cumulative_cardinality": 0,
                                                            "operator_type": "TABLE_SCAN",
                                                            "operator_cardinality": 5506993,
                                                            "cumulative_rows_scanned": 0,
                                                            "operator_rows_scanned": 806427748,
                                                            "operator_timing": 0.24287212400000005,
                                                            "children": []
                                                          }
                                                        ]
                                                      }
                                                    ]
                                                  },
                                                  {
                                                    "total_bytes_written": 0,
                                                    "total_bytes_read": 0,
                                                    "result_set_size": 1460,
                                                    "operator_name": "FILTER",
                                                    "cpu_time": 0.0,
                                                    "extra_info": {
                                                      "Expression": "(d_date_sk BETWEEN 2450816 AND 2452642)",
                                                      "Estimated Cardinality": "14609"
                                                    },
                                                    "cumulative_cardinality": 0,
                                                    "operator_type": "FILTER",
                                                    "operator_cardinality": 365,
                                                    "cumulative_rows_scanned": 0,
                                                    "operator_rows_scanned": 0,
                                                    "operator_timing": 7.845e-06,
                                                    "children": [
                                                      {
                                                        "total_bytes_written": 0,
                                                        "total_bytes_read": 0,
                                                        "result_set_size": 1460,
                                                        "operator_name": "SEQ_SCAN ",
                                                        "cpu_time": 0.0,
                                                        "extra_info": {
                                                          "Table": "date_dim",
                                                          "Type": "Sequential Scan",
                                                          "Projections": "d_date_sk",
                                                          "Filters": "d_month_seq>=1215 AND d_month_seq<=1226",
                                                          "Estimated Cardinality": "14609"
                                                        },
                                                        "cumulative_cardinality": 0,
                                                        "operator_type": "TABLE_SCAN",
                                                        "operator_cardinality": 365,
                                                        "cumulative_rows_scanned": 0,
                                                        "operator_rows_scanned": 73049,
                                                        "operator_timing": 9.9085e-05,
                                                        "children": []
                                                      }
                                                    ]
                                                  }
                                                ]
                                              }
                                            ]
                                          }
                                        ]
                                      }
                                    ]
                                  }
                                ]
                              },
                              {
                                "total_bytes_written": 0,
                                "total_bytes_read": 0,
                                "result_set_size": 680,
                                "operator_name": "PROJECTION",
                                "cpu_time": 0.0,
                                "extra_info": {
                                  "Projections": [
                                    "#0",
                                    "#2"
                                  ],
                                  "Estimated Cardinality": "102"
                                },
                                "cumulative_cardinality": 0,
                                "operator_type": "PROJECTION",
                                "operator_cardinality": 34,
                                "cumulative_rows_scanned": 0,
                                "operator_rows_scanned": 0,
                                "operator_timing": 2.3e-07,
                                "children": [
                                  {
                                    "total_bytes_written": 0,
                                    "total_bytes_read": 0,
                                    "result_set_size": 1224,
                                    "operator_name": "FILTER",
                                    "cpu_time": 0.0,
                                    "extra_info": {
                                      "Expression": "((s_store_sk <= 100) AND ((s_state = 'KS') OR (s_state = 'OH') OR (s_state = 'SD')))",
                                      "Estimated Cardinality": "102"
                                    },
                                    "cumulative_cardinality": 0,
                                    "operator_type": "FILTER",
                                    "operator_cardinality": 34,
                                    "cumulative_rows_scanned": 0,
                                    "operator_rows_scanned": 0,
                                    "operator_timing": 1.9352e-05,
                                    "children": [
                                      {
                                        "total_bytes_written": 0,
                                        "total_bytes_read": 0,
                                        "result_set_size": 3672,
                                        "operator_name": "SEQ_SCAN ",
                                        "cpu_time": 0.0,
                                        "extra_info": {
                                          "Table": "store",
                                          "Type": "Sequential Scan",
                                          "Projections": [
                                            "s_store_sk",
                                            "s_state",
                                            "s_store_name"
                                          ],
                                          "Filters": "optional: s_state IN ('KS', 'OH', 'SD')",
                                          "Estimated Cardinality": "102"
                                        },
                                        "cumulative_cardinality": 0,
                                        "operator_type": "TABLE_SCAN",
                                        "operator_cardinality": 102,
                                        "cumulative_rows_scanned": 0,
                                        "operator_rows_scanned": 102,
                                        "operator_timing": 1.2427e-05,
                                        "children": []
                                      }
                                    ]
                                  }
                                ]
                              }
                            ]
                          }
                        ]
                      },
                      {
                        "total_bytes_written": 0,
                        "total_bytes_read": 0,
                        "result_set_size": 624,
                        "operator_name": "PROJECTION",
                        "cpu_time": 0.0,
                        "extra_info": {
                          "Projections": [
                            "__internal_decompress_integral_integer(#0, 1)",
                            "#1"
                          ],
                          "Estimated Cardinality": "1990"
                        },
                        "cumulative_cardinality": 0,
                        "operator_type": "PROJECTION",
                        "operator_cardinality": 52,
                        "cumulative_rows_scanned": 0,
                        "operator_rows_scanned": 0,
                        "operator_timing": 1.375e-06,
                        "children": [
                          {
                            "total_bytes_written": 0,
                            "total_bytes_read": 0,
                            "result_set_size": 468,
                            "operator_name": "PERFECT_HASH_GROUP_BY",
                            "cpu_time": 0.0,
                            "extra_info": {
                              "Groups": "#0",
                              "Aggregates": "avg(#1)"
                            },
                            "cumulative_cardinality": 0,
                            "operator_type": "PERFECT_HASH_GROUP_BY",
                            "operator_cardinality": 52,
                            "cumulative_rows_scanned": 0,
                            "operator_rows_scanned": 0,
                            "operator_timing": 0.002126782,
                            "children": [
                              {
                                "total_bytes_written": 0,
                                "total_bytes_read": 0,
                                "result_set_size": 8176796,
                                "operator_name": "PROJECTION",
                                "cpu_time": 0.0,
                                "extra_info": {
                                  "Projections": [
                                    "ss_store_sk",
                                    "revenue"
                                  ],
                                  "Estimated Cardinality": "1031358"
                                },
                                "cumulative_cardinality": 0,
                                "operator_type": "PROJECTION",
                                "operator_cardinality": 480988,
                                "cumulative_rows_scanned": 0,
                                "operator_rows_scanned": 0,
                                "operator_timing": 3.8079999999999995e-05,
                                "children": [
                                  {
                                    "total_bytes_written": 0,
                                    "total_bytes_read": 0,
                                    "result_set_size": 8176796,
                                    "operator_name": "PROJECTION",
                                    "cpu_time": 0.0,
                                    "extra_info": {
                                      "Projections": [
                                        "__internal_compress_integral_utinyint(#0, 1)",
                                        "#1"
                                      ],
                                      "Estimated Cardinality": "1031358"
                                    },
                                    "cumulative_cardinality": 0,
                                    "operator_type": "PROJECTION",
                                    "operator_cardinality": 480988,
                                    "cumulative_rows_scanned": 0,
                                    "operator_rows_scanned": 0,
                                    "operator_timing": 0.000244228,
                                    "children": [
                                      {
                                        "total_bytes_written": 0,
                                        "total_bytes_read": 0,
                                        "result_set_size": 9619760,
                                        "operator_name": "PROJECTION",
                                        "cpu_time": 0.0,
                                        "extra_info": {
                                          "Projections": [
                                            "ss_store_sk",
                                            "revenue"
                                          ],
                                          "Estimated Cardinality": "1031358"
                                        },
                                        "cumulative_cardinality": 0,
                                        "operator_type": "PROJECTION",
                                        "operator_cardinality": 480988,
                                        "cumulative_rows_scanned": 0,
                                        "operator_rows_scanned": 0,
                                        "operator_timing": 4.6075e-05,
                                        "children": [
                                          {
                                            "total_bytes_written": 0,
                                            "total_bytes_read": 0,
                                            "result_set_size": 11543712,
                                            "operator_name": "PROJECTION",
                                            "cpu_time": 0.0,
                                            "extra_info": {
                                              "Projections": [
                                                "__internal_decompress_integral_integer(#0, 1)",
                                                "#1",
                                                "#2"
                                              ],
                                              "Estimated Cardinality": "1031358"
                                            },
                                            "cumulative_cardinality": 0,
                                            "operator_type": "PROJECTION",
                                            "operator_cardinality": 480988,
                                            "cumulative_rows_scanned": 0,
                                            "operator_rows_scanned": 0,
                                            "operator_timing": 0.0003841640000000001,
                                            "children": [
                                              {
                                                "total_bytes_written": 0,
                                                "total_bytes_read": 0,
                                                "result_set_size": 10100748,
                                                "operator_name": "HASH_GROUP_BY",
                                                "cpu_time": 0.0,
                                                "extra_info": {
                                                  "Groups": [
                                                    "#0",
                                                    "#1"
                                                  ],
                                                  "Aggregates": "sum(#2)",
                                                  "Estimated Cardinality": "1031358"
                                                },
                                                "cumulative_cardinality": 0,
                                                "operator_type": "HASH_GROUP_BY",
                                                "operator_cardinality": 480988,
                                                "cumulative_rows_scanned": 0,
                                                "operator_rows_scanned": 0,
                                                "operator_timing": 0.09071585799999997,
                                                "children": [
                                                  {
                                                    "total_bytes_written": 0,
                                                    "total_bytes_read": 0,
                                                    "result_set_size": 4738068,
                                                    "operator_name": "PROJECTION",
                                                    "cpu_time": 0.0,
                                                    "extra_info": {
                                                      "Projections": [
                                                        "ss_store_sk",
                                                        "ss_item_sk",
                                                        "ss_sales_price"
                                                      ],
                                                      "Estimated Cardinality": "1151976"
                                                    },
                                                    "cumulative_cardinality": 0,
                                                    "operator_type": "PROJECTION",
                                                    "operator_cardinality": 526452,
                                                    "cumulative_rows_scanned": 0,
                                                    "operator_rows_scanned": 0,
                                                    "operator_timing": 0.00022762100000000004,
                                                    "children": [
                                                      {
                                                        "total_bytes_written": 0,
                                                        "total_bytes_read": 0,
                                                        "result_set_size": 5790972,
                                                        "operator_name": "PROJECTION",
                                                        "cpu_time": 0.0,
                                                        "extra_info": {
                                                          "Projections": [
                                                            "#0",
                                                            "__internal_compress_integral_utinyint(#1, 1)",
                                                            "#2",
                                                            "__internal_compress_integral_usmallint(#3, 2450816)"
                                                          ],
                                                          "Estimated Cardinality": "1151976"
                                                        },
                                                        "cumulative_cardinality": 0,
                                                        "operator_type": "PROJECTION",
                                                        "operator_cardinality": 526452,
                                                        "cumulative_rows_scanned": 0,
                                                        "operator_rows_scanned": 0,
                                                        "operator_timing": 0.002022917,
                                                        "children": [
                                                          {
                                                            "total_bytes_written": 0,
                                                            "total_bytes_read": 0,
                                                            "result_set_size": 8423232,
                                                            "operator_name": "HASH_JOIN",
                                                            "cpu_time": 0.0,
                                                            "extra_info": {
                                                              "Join Type": "INNER",
                                                              "Conditions": "ss_sold_date_sk = d_date_sk",
                                                              "Estimated Cardinality": "1151976"
                                                            },
                                                            "cumulative_cardinality": 0,
                                                            "operator_type": "HASH_JOIN",
                                                            "operator_cardinality": 526452,
                                                            "cumulative_rows_scanned": 0,
                                                            "operator_rows_scanned": 0,
                                                            "operator_timing": 0.0020343740000000003,
                                                            "children": [
                                                              {
                                                                "total_bytes_written": 0,
                                                                "total_bytes_read": 0,
                                                                "result_set_size": 8423232,
                                                                "operator_name": "PROJECTION",
                                                                "cpu_time": 0.0,
                                                                "extra_info": {
                                                                  "Projections": [
                                                                    "#0",
                                                                    "#1",
                                                                    "#3",
                                                                    "#4"
                                                                  ],
                                                                  "Estimated Cardinality": "5760198"
                                                                },
                                                                "cumulative_cardinality": 0,
                                                                "operator_type": "PROJECTION",
                                                                "operator_cardinality": 526452,
                                                                "cumulative_rows_scanned": 0,
                                                                "operator_rows_scanned": 0,
                                                                "operator_timing": 0.00033972999999999995,
                                                                "children": [
                                                                  {
                                                                    "total_bytes_written": 0,
                                                                    "total_bytes_read": 0,
                                                                    "result_set_size": 10529040,
                                                                    "operator_name": "FILTER",
                                                                    "cpu_time": 0.0,
                                                                    "extra_info": {
                                                                      "Expression": "((CAST(ss_sales_price AS DOUBLE) / CAST(ss_list_price AS DOUBLE)) BETWEEN 0.79 AND 0.89)",
                                                                      "Estimated Cardinality": "5760198"
                                                                    },
                                                                    "cumulative_cardinality": 0,
                                                                    "operator_type": "FILTER",
                                                                    "operator_cardinality": 526452,
                                                                    "cumulative_rows_scanned": 0,
                                                                    "operator_rows_scanned": 0,
                                                                    "operator_timing": 0.22160136900000008,
                                                                    "children": [
                                                                      {
                                                                        "total_bytes_written": 0,
                                                                        "total_bytes_read": 0,
                                                                        "result_set_size": 110139860,
                                                                        "operator_name": "SEQ_SCAN ",
                                                                        "cpu_time": 0.0,
                                                                        "extra_info": {
                                                                          "Table": "store_sales",
                                                                          "Type": "Sequential Scan",
                                                                          "Projections": [
                                                                            "ss_sold_date_sk",
                                                                            "ss_sales_price",
                                                                            "ss_list_price",
                                                                            "ss_store_sk",
                                                                            "ss_item_sk"
                                                                          ],
                                                                          "Estimated Cardinality": "28800991"
                                                                        },
                                                                        "cumulative_cardinality": 0,
                                                                        "operator_type": "TABLE_SCAN",
                                                                        "operator_cardinality": 5506993,
                                                                        "cumulative_rows_scanned": 0,
                                                                        "operator_rows_scanned": 806427748,
                                                                        "operator_timing": 0.220476576,
                                                                        "children": []
                                                                      }
                                                                    ]
                                                                  }
                                                                ]
                                                              },
                                                              {
                                                                "total_bytes_written": 0,
                                                                "total_bytes_read": 0,
                                                                "result_set_size": 1460,
                                                                "operator_name": "FILTER",
                                                                "cpu_time": 0.0,
                                                                "extra_info": {
                                                                  "Expression": "(d_date_sk BETWEEN 2450816 AND 2452642)",
                                                                  "Estimated Cardinality": "14609"
                                                                },
                                                                "cumulative_cardinality": 0,
                                                                "operator_type": "FILTER",
                                                                "operator_cardinality": 365,
                                                                "cumulative_rows_scanned": 0,
                                                                "operator_rows_scanned": 0,
                                                                "operator_timing": 9.529e-06,
                                                                "children": [
                                                                  {
                                                                    "total_bytes_written": 0,
                                                                    "total_bytes_read": 0,
                                                                    "result_set_size": 1460,
                                                                    "operator_name": "SEQ_SCAN ",
                                                                    "cpu_time": 0.0,
                                                                    "extra_info": {
                                                                      "Table": "date_dim",
                                                                      "Type": "Sequential Scan",
                                                                      "Projections": "d_date_sk",
                                                                      "Filters": "d_month_seq>=1215 AND d_month_seq<=1226",
                                                                      "Estimated Cardinality": "14609"
                                                                    },
                                                                    "cumulative_cardinality": 0,
                                                                    "operator_type": "TABLE_SCAN",
                                                                    "operator_cardinality": 365,
                                                                    "cumulative_rows_scanned": 0,
                                                                    "operator_rows_scanned": 73049,
                                                                    "operator_timing": 0.000108866,
                                                                    "children": []
                                                                  }
                                                                ]
                                                              }
                                                            ]
                                                          }
                                                        ]
                                                      }
                                                    ]
                                                  }
                                                ]
                                              }
                                            ]
                                          }
                                        ]
                                      }
                                    ]
                                  }
                                ]
                              }
                            ]
                          }
                        ]
                      }
                    ]
                  }
                ]
              }
            ]
          }
        ]
      }
    ]
  },
  "actual_rows": 0
}