{
  "execution_time_ms": 7.9,
  "plan_text": "\u250c\u2500\u2500\u2500\u2500\u2500\u2500\u2500\u2500\u2500\u2500\u2500\u2500\u2500\u2500\u2500\u2500\u2500\u2500\u2500\u2500\u2500\u2500\u2500\u2500\u2500\u2500\u2500\u2500\u2500\u2500\u2500\u2500\u2500\u2500\u2500\u2500\u2500\u2510\n\u2502\u250c\u2500\u2500\u2500\u2500\u2500\u2500\u2500\u2500\u2500\u2500\u2500\u2500\u2500\u2500\u2500\u2500\u2500\u2500\u2500\u2500\u2500\u2500\u2500\u2500\u2500\u2500\u2500\u2500\u2500\u2500\u2500\u2500\u2500\u2500\u2500\u2510\u2502\n\u2502\u2502    Query Profiling Information    \u2502\u2502\n\u2502\u2514\u2500\u2500\u2500\u2500\u2500\u2500\u2500\u2500\u2500\u2500\u2500\u2500\u2500\u2500\u2500\u2500\u2500\u2500\u2500\u2500\u2500\u2500\u2500\u2500\u2500\u2500\u2500\u2500\u2500\u2500\u2500\u2500\u2500\u2500\u2500\u2518\u2502\n\u2514\u2500\u2500\u2500\u2500\u2500\u2500\u2500\u2500\u2500\u2500\u2500\u2500\u2500\u2500\u2500\u2500\u2500\u2500\u2500\u2500\u2500\u2500\u2500\u2500\u2500\u2500\u2500\u2500\u2500\u2500\u2500\u2500\u2500\u2500\u2500\u2500\u2500\u2518\nEXPLAIN ANALYZE with customer_total_return as  (select wr_returning_customer_sk as ctr_customer_sk  ,ca_state as ctr_state ,wr_reason_sk as ctr_reason_sk ,sum(wr_return_amt) as ctr_total_return  from web_returns      ,date_dim      ,customer_address      ,item  where wr_returned_date_sk = d_date_sk    and d_year =2002    and wr_returning_addr_sk = ca_address_sk    and wr_item_sk = i_item_sk    and i_manager_id BETWEEN 68 and 77    and wr_return_amt / wr_return_quantity between 242 and 271  group by wr_returning_customer_sk          ,ca_state, wr_reason_sk)   select  c_customer_id,c_salutation,c_first_name,c_last_name,c_preferred_cust_flag        ,c_birth_day,c_birth_month,c_birth_year,c_birth_country,c_login,c_email_address        ,c_last_review_date_sk,ctr_total_return  from customer_total_return ctr1      ,customer_address      ,customer  where ctr1.ctr_total_return > (select avg(ctr_total_return)*1.2  \t\t\t  from customer_total_return ctr2                   \t  where ctr1.ctr_state = ctr2.ctr_state)        and ca_address_sk = c_current_addr_sk        and ca_state in ('OK', 'SC', 'TX', 'WI')        and ctr1.ctr_customer_sk = c_customer_sk        and ctr1.ctr_reason_sk in (20, 36)       and c_birth_year BETWEEN 1985 AND 1991  order by c_customer_id,c_salutation,c_first_name,c_last_name,c_preferred_cust_flag                   ,c_birth_day,c_birth_month,c_birth_year,c_birth_country,c_login,c_email_address                   ,c_last_review_date_sk,ctr_total_return limit 100\n\u250c\u2500\u2500\u2500\u2500\u2500\u2500\u2500\u2500\u2500\u2500\u2500\u2500\u2500\u2500\u2500\u2500\u2500\u2500\u2500\u2500\u2500\u2500\u2500\u2500\u2500\u2500\u2500\u2500\u2500\u2500\u2500\u2500\u2500\u2500\u2500\u2500\u2500\u2500\u2500\u2500\u2500\u2500\u2500\u2500\u2500\u2500\u2500\u2500\u2510\n\u2502\u250c\u2500\u2500\u2500\u2500\u2500\u2500\u2500\u2500\u2500\u2500\u2500\u2500\u2500\u2500\u2500\u2500\u2500\u2500\u2500\u2500\u2500\u2500\u2500\u2500\u2500\u2500\u2500\u2500\u2500\u2500\u2500\u2500\u2500\u2500\u2500\u2500\u2500\u2500\u2500\u2500\u2500\u2500\u2500\u2500\u2500\u2500\u2510\u2502\n\u2502\u2502              Total Time: 0.0085s             \u2502\u2502\n\u2502\u2514\u2500\u2500\u2500\u2500\u2500\u2500\u2500\u2500\u2500\u2500\u2500\u2500\u2500\u2500\u2500\u2500\u2500\u2500\u2500\u2500\u2500\u2500\u2500\u2500\u2500\u2500\u2500\u2500\u2500\u2500\u2500\u2500\u2500\u2500\u2500\u2500\u2500\u2500\u2500\u2500\u2500\u2500\u2500\u2500\u2500\u2500\u2518\u2502\n\u2514\u2500\u2500\u2500\u2500\u2500\u2500\u2500\u2500\u2500\u2500\u2500\u2500\u2500\u2500\u2500\u2500\u2500\u2500\u2500\u2500\u2500\u2500\u2500\u2500\u2500\u2500\u2500\u2500\u2500\u2500\u2500\u2500\u2500\u2500\u2500\u2500\u2500\u2500\u2500\u2500\u2500\u2500\u2500\u2500\u2500\u2500\u2500\u2500\u2518\n\u250c\u2500\u2500\u2500\u2500\u2500\u2500\u2500\u2500\u2500\u2500\u2500\u2500\u2500\u2500\u2500\u2500\u2500\u2500\u2500\u2510\n\u2502       QUERY       \u2502\n\u2514\u2500\u2500\u2500\u2500\u2500\u2500\u2500\u2500\u2500\u252c\u2500\u2500\u2500\u2500\u2500\u2500\u2500\u2500\u2500\u2518\n\u250c\u2500\u2500\u2500\u2500\u2500\u2500\u2500\u2500\u2500\u2534\u2500\u2500\u2500\u2500\u2500\u2500\u2500\u2500\u2500\u2510\n\u2502  EXPLAIN_ANALYZE  \u2502\n\u2502    \u2500\u2500\u2500\u2500\u2500\u2500\u2500\u2500\u2500\u2500\u2500\u2500   \u2502\n\u2502       0 rows      \u2502\n\u2502      (0.00s)      \u2502\n\u2514\u2500\u2500\u2500\u2500\u2500\u2500\u2500\u2500\u2500\u252c\u2500\u2500\u2500\u2500\u2500\u2500\u2500\u2500\u2500\u2518\n\u250c\u2500\u2500\u2500\u2500\u2500\u2500\u2500\u2500\u2500\u2534\u2500\u2500\u2500\u2500\u2500\u2500\u2500\u2500\u2500\u2510\n\u2502        CTE        \u2502\n\u2502    \u2500\u2500\u2500\u2500\u2500\u2500\u2500\u2500\u2500\u2500\u2500\u2500   \u2502\n\u2502     CTE Name:     \u2502\n\u2502customer_total_retu\u2502\n\u2502         rn        \u2502\n\u2502                   \u251c\u2500\u2500\u2500\u2500\u2500\u2500\u2500\u2500\u2500\u2500\u2500\u2500\u2500\u2500\u2500\u2500\u2500\u2500\u2500\u2500\u2500\u2500\u2500\u2500\u2500\u2500\u2500\u2500\u2500\u2500\u2500\u2500\u2500\u2500\u2500\u2500\u2500\u2500\u2500\u2500\u2500\u2500\u2500\u2500\u2500\u2500\u2500\u2500\u2500\u2500\u2500\u2500\u2500\u2500\u2500\u2500\u2500\u2500\u2500\u2500\u2500\u2500\u2500\u2500\u2500\u2500\u2500\u2500\u2500\u2500\u2500\u2500\u2500\u2510\n\u2502    Table Index:   \u2502                                                                         \u2502\n\u2502         0         \u2502                                                                         \u2502\n\u2502                   \u2502                                                                         \u2502\n\u2502       0 rows      \u2502                                                                         \u2502\n\u2502      (0.00s)      \u2502                                                                         \u2502\n\u2514\u2500\u2500\u2500\u2500\u2500\u2500\u2500\u2500\u2500\u252c\u2500\u2500\u2500\u2500\u2500\u2500\u2500\u2500\u2500\u2518                                                                         \u2502\n\u250c\u2500\u2500\u2500\u2500\u2500\u2500\u2500\u2500\u2500\u2534\u2500\u2500\u2500\u2500\u2500\u2500\u2500\u2500\u2500\u2510                                                               \u250c\u2500\u2500\u2500\u2500\u2500\u2500\u2500\u2500\u2500\u2534\u2500\u2500\u2500\u2500\u2500\u2500\u2500\u2500\u2500\u2510\n\u2502     PROJECTION    \u2502                                                               \u2502       TOP_N       \u2502\n\u2502    \u2500\u2500\u2500\u2500\u2500\u2500\u2500\u2500\u2500\u2500\u2500\u2500   \u2502                                                               \u2502    \u2500\u2500\u2500\u2500\u2500\u2500\u2500\u2500\u2500\u2500\u2500\u2500   \u2502\n\u2502         #0        \u2502                                                               \u2502      Top: 100     \u2502\n\u2502__internal_decompre\u2502                                                               \u2502                   \u2502\n\u2502   ss_string(#1)   \u2502                                                               \u2502     Order By:     \u2502\n\u2502__internal_decompre\u2502                                                               \u2502 tpcds_sf10_2.main \u2502\n\u2502ss_integral_integer\u2502                                                               \u2502     .customer     \u2502\n\u2502      (#2, 1)      \u2502                                                               \u2502 .c_customer_id ASC\u2502\n\u2502         #3        \u2502                                                               \u2502 tpcds_sf10_2.main \u2502\n\u2502                   \u2502                                                               \u2502     .customer     \u2502\n\u2502                   \u2502                                                               \u2502 .c_salutation ASC \u2502\n\u2502                   \u2502                                                               \u2502 tpcds_sf10_2.main \u2502\n\u2502                   \u2502                                                               \u2502     .customer     \u2502\n\u2502                   \u2502                                                               \u2502 .c_first_name ASC \u2502\n\u2502                   \u2502                                                               \u2502 tpcds_sf10_2.main \u2502\n\u2502                   \u2502                                                               \u2502     .customer     \u2502\n\u2502                   \u2502                                                               \u2502  .c_last_name ASC \u2502\n\u2502                   \u2502                                                               \u2502 tpcds_sf10_2.main \u2502\n\u2502                   \u2502                                                               \u2502     .customer     \u2502\n\u2502                   \u2502                                                               \u2502.c_preferred_cust_f\u2502\n\u2502                   \u2502                                                               \u2502      lag ASC      \u2502\n\u2502                   \u2502                                                               \u2502 tpcds_sf10_2.main \u2502\n\u2502                   \u2502                                                               \u2502     .customer     \u2502\n\u2502                   \u2502                                                               \u2502  .c_birth_day ASC \u2502\n\u2502                   \u2502                                                               \u2502 tpcds_sf10_2.main \u2502\n\u2502                   \u2502                                                               \u2502     .customer     \u2502\n\u2502                   \u2502                                                               \u2502 .c_birth_month ASC\u2502\n\u2502                   \u2502                                                               \u2502 tpcds_sf10_2.main \u2502\n\u2502                   \u2502                                                               \u2502     .customer     \u2502\n\u2502                   \u2502                                                               \u2502 .c_birth_year ASC \u2502\n\u2502                   \u2502                                                               \u2502 tpcds_sf10_2.main \u2502\n\u2502                   \u2502                                                               \u2502     .customer     \u2502\n\u2502                   \u2502                                                               \u2502  .c_birth_country \u2502\n\u2502                   \u2502                                                               \u2502         ASC       \u2502\n\u2502                   \u2502                                                               \u2502 tpcds_sf10_2.main \u2502\n\u2502                   \u2502                                                               \u2502 .customer.c_login \u2502\n\u2502                   \u2502                                                               \u2502         ASC       \u2502\n\u2502                   \u2502                                                               \u2502 tpcds_sf10_2.main \u2502\n\u2502                   \u2502                                                               \u2502     .customer     \u2502\n\u2502                   \u2502                                                               \u2502  .c_email_address \u2502\n\u2502                   \u2502                                                               \u2502         ASC       \u2502\n\u2502                   \u2502                                                               \u2502 tpcds_sf10_2.main \u2502\n\u2502                   \u2502                                                               \u2502     .customer     \u2502\n\u2502                   \u2502                                                               \u2502.c_last_review_date\u2502\n\u2502                   \u2502                                                               \u2502      _sk ASC      \u2502\n\u2502                   \u2502                                                               \u2502ctr1.ctr_total_retu\u2502\n\u2502                   \u2502                                                               \u2502       rn ASC      \u2502\n\u2502                   \u2502                                                               \u2502                   \u2502\n\u2502       3 rows      \u2502                                                               \u2502       0 rows      \u2502\n\u2502      (0.00s)      \u2502                                                               \u2502      (0.00s)      \u2502\n\u2514\u2500\u2500\u2500\u2500\u2500\u2500\u2500\u2500\u2500\u252c\u2500\u2500\u2500\u2500\u2500\u2500\u2500\u2500\u2500\u2518                                                               \u2514\u2500\u2500\u2500\u2500\u2500\u2500\u2500\u2500\u2500\u252c\u2500\u2500\u2500\u2500\u2500\u2500\u2500\u2500\u2500\u2518\n\u250c\u2500\u2500\u2500\u2500\u2500\u2500\u2500\u2500\u2500\u2534\u2500\u2500\u2500\u2500\u2500\u2500\u2500\u2500\u2500\u2510                                                               \u250c\u2500\u2500\u2500\u2500\u2500\u2500\u2500\u2500\u2500\u2534\u2500\u2500\u2500\u2500\u2500\u2500\u2500\u2500\u2500\u2510\n\u2502   HASH_GROUP_BY   \u2502                                                               \u2502     PROJECTION    \u2502\n\u2502    \u2500\u2500\u2500\u2500\u2500\u2500\u2500\u2500\u2500\u2500\u2500\u2500   \u2502                                                               \u2502    \u2500\u2500\u2500\u2500\u2500\u2500\u2500\u2500\u2500\u2500\u2500\u2500   \u2502\n\u2502      Groups:      \u2502                                                               \u2502   c_customer_id   \u2502\n\u2502         #0        \u2502                                                               \u2502    c_salutation   \u2502\n\u2502         #1        \u2502                                                               \u2502    c_first_name   \u2502\n\u2502         #2        \u2502                                                               \u2502    c_last_name    \u2502\n\u2502                   \u2502                                                               \u2502c_preferred_cust_fl\u2502\n\u2502    Aggregates:    \u2502                                                               \u2502         ag        \u2502\n\u2502      sum(#3)      \u2502                                                               \u2502    c_birth_day    \u2502\n\u2502                   \u2502                                                               \u2502   c_birth_month   \u2502\n\u2502                   \u2502                                                               \u2502    c_birth_year   \u2502\n\u2502                   \u2502                                                               \u2502  c_birth_country  \u2502\n\u2502                   \u2502                                                               \u2502      c_login      \u2502\n\u2502                   \u2502                                                               \u2502  c_email_address  \u2502\n\u2502                   \u2502                                                               \u2502c_last_review_date_\u2502\n\u2502                   \u2502                                                               \u2502         sk        \u2502\n\u2502                   \u2502                                                               \u2502  ctr_total_return \u2502\n\u2502                   \u2502                                                               \u2502                   \u2502\n\u2502       3 rows      \u2502                                                               \u2502       0 rows      \u2502\n\u2502      (0.00s)      \u2502                                                               \u2502      (0.00s)      \u2502\n\u2514\u2500\u2500\u2500\u2500\u2500\u2500\u2500\u2500\u2500\u252c\u2500\u2500\u2500\u2500\u2500\u2500\u2500\u2500\u2500\u2518                                                               \u2514\u2500\u2500\u2500\u2500\u2500\u2500\u2500\u2500\u2500\u252c\u2500\u2500\u2500\u2500\u2500\u2500\u2500\u2500\u2500\u2518\n\u250c\u2500\u2500\u2500\u2500\u2500\u2500\u2500\u2500\u2500\u2534\u2500\u2500\u2500\u2500\u2500\u2500\u2500\u2500\u2500\u2510                                                               \u250c\u2500\u2500\u2500\u2500\u2500\u2500\u2500\u2500\u2500\u2534\u2500\u2500\u2500\u2500\u2500\u2500\u2500\u2500\u2500\u2510\n\u2502     PROJECTION    \u2502                                                               \u2502     PROJECTION    \u2502\n\u2502    \u2500\u2500\u2500\u2500\u2500\u2500\u2500\u2500\u2500\u2500\u2500\u2500   \u2502                                                               \u2502    \u2500\u2500\u2500\u2500\u2500\u2500\u2500\u2500\u2500\u2500\u2500\u2500   \u2502\n\u2502wr_returning_custom\u2502                                                               \u2502         #0        \u2502\n\u2502       er_sk       \u2502                                                               \u2502         #1        \u2502\n\u2502      ca_state     \u2502                                                               \u2502         #2        \u2502\n\u2502    wr_reason_sk   \u2502                                                               \u2502         #3        \u2502\n\u2502   wr_return_amt   \u2502                                                               \u2502         #4        \u2502\n\u2502                   \u2502                                                               \u2502         #5        \u2502\n\u2502                   \u2502                                                               \u2502         #6        \u2502\n\u2502                   \u2502                                                               \u2502         #7        \u2502\n\u2502                   \u2502                                                               \u2502         #8        \u2502\n\u2502                   \u2502                                                               \u2502         #9        \u2502\n\u2502                   \u2502                                                               \u2502        #10        \u2502\n\u2502                   \u2502                                                               \u2502        #11        \u2502\n\u2502                   \u2502                                                               \u2502        #12        \u2502\n\u2502                   \u2502                                                               \u2502                   \u2502\n\u2502       3 rows      \u2502                                                               \u2502       0 rows      \u2502\n\u2502      (0.00s)      \u2502                                                               \u2502      (0.00s)      \u2502\n\u2514\u2500\u2500\u2500\u2500\u2500\u2500\u2500\u2500\u2500\u252c\u2500\u2500\u2500\u2500\u2500\u2500\u2500\u2500\u2500\u2518                                                               \u2514\u2500\u2500\u2500\u2500\u2500\u2500\u2500\u2500\u2500\u252c\u2500\u2500\u2500\u2500\u2500\u2500\u2500\u2500\u2500\u2518\n\u250c\u2500\u2500\u2500\u2500\u2500\u2500\u2500\u2500\u2500\u2534\u2500\u2500\u2500\u2500\u2500\u2500\u2500\u2500\u2500\u2510                                                               \u250c\u2500\u2500\u2500\u2500\u2500\u2500\u2500\u2500\u2500\u2534\u2500\u2500\u2500\u2500\u2500\u2500\u2500\u2500\u2500\u2510\n\u2502     PROJECTION    \u2502                                                               \u2502       FILTER      \u2502\n\u2502    \u2500\u2500\u2500\u2500\u2500\u2500\u2500\u2500\u2500\u2500\u2500\u2500   \u2502                                                               \u2502    \u2500\u2500\u2500\u2500\u2500\u2500\u2500\u2500\u2500\u2500\u2500\u2500   \u2502\n\u2502__internal_compress\u2502                                                               \u2502(CAST(ctr_total_ret\u2502\n\u2502 _string_uinteger( \u2502                                                               \u2502  urn AS DOUBLE) > \u2502\n\u2502        #0)        \u2502                                                               \u2502      SUBQUERY)    \u2502\n\u2502         #1        \u2502                                                               \u2502                   \u2502\n\u2502         #2        \u2502                                                               \u2502                   \u2502\n\u2502__internal_compress\u2502                                                               \u2502                   \u2502\n\u2502 _integral_utinyint\u2502                                                               \u2502                   \u2502\n\u2502      (#3, 1)      \u2502                                                               \u2502                   \u2502\n\u2502                   \u2502                                                               \u2502                   \u2502\n\u2502       3 rows      \u2502                                                               \u2502       0 rows      \u2502\n\u2502      (0.00s)      \u2502                                                               \u2502      (0.00s)      \u2502\n\u2514\u2500\u2500\u2500\u2500\u2500\u2500\u2500\u2500\u2500\u252c\u2500\u2500\u2500\u2500\u2500\u2500\u2500\u2500\u2500\u2518                                                               \u2514\u2500\u2500\u2500\u2500\u2500\u2500\u2500\u2500\u2500\u252c\u2500\u2500\u2500\u2500\u2500\u2500\u2500\u2500\u2500\u2518\n\u250c\u2500\u2500\u2500\u2500\u2500\u2500\u2500\u2500\u2500\u2534\u2500\u2500\u2500\u2500\u2500\u2500\u2500\u2500\u2500\u2510                                                               \u250c\u2500\u2500\u2500\u2500\u2500\u2500\u2500\u2500\u2500\u2534\u2500\u2500\u2500\u2500\u2500\u2500\u2500\u2500\u2500\u2510\n\u2502     HASH_JOIN     \u2502                                                               \u2502  LEFT_DELIM_JOIN  \u2502\n\u2502    \u2500\u2500\u2500\u2500\u2500\u2500\u2500\u2500\u2500\u2500\u2500\u2500   \u2502                                                               \u2502    \u2500\u2500\u2500\u2500\u2500\u2500\u2500\u2500\u2500\u2500\u2500\u2500   \u2502\n\u2502     Join Type:    \u2502                                                               \u2502     Join Type:    \u2502\n\u2502       INNER       \u2502                                                               \u2502        LEFT       \u2502\n\u2502                   \u2502                                                               \u2502                   \u2502\n\u2502    Conditions:    \u2502                                                               \u2502    Conditions:    \u2502\n\u2502  ca_address_sk =  \u2502                                                               \u2502  ctr_state IS NOT \u2502\n\u2502 wr_returning_addr_\u251c\u2500\u2500\u2500\u2500\u2500\u2500\u2500\u2500\u2500\u2500\u2510                                                    \u2502    DISTINCT FROM  \u251c\u2500\u2500\u2500\u2500\u2500\u2500\u2500\u2500\u2500\u2500\u2500\u2500\u2500\u2500\u2500\u2500\u2500\u2500\u2500\u2500\u2500\u2500\u2500\u2500\u2500\u2500\u2500\u2500\u2500\u2500\u2500\u2500\u2500\u2500\u2500\u2500\u2500\u2500\u2500\u2500\u2500\u2500\u2500\u2500\u2500\u2500\u2500\u2500\u2500\u2500\u2500\u2500\u252c\u2500\u2500\u2500\u2500\u2500\u2500\u2500\u2500\u2500\u2500\u2500\u2500\u2500\u2500\u2500\u2500\u2500\u2500\u2500\u2500\u2500\u2500\u2500\u2500\u2500\u2500\u2500\u2500\u2500\u2500\u2500\u2500\u2500\u2500\u2500\u2500\u2500\u2500\u2500\u2500\u2500\u2500\u2500\u2500\u2500\u2500\u2500\u2500\u2500\u2500\u2500\u2500\u2500\u2500\u2500\u2500\u2500\u2500\u2500\u2500\u2500\u2500\u2510\n\u2502         sk        \u2502          \u2502                                                    \u2502      ctr_state    \u2502                                                    \u2502                                                              \u2502\n\u2502                   \u2502          \u2502                                                    \u2502                   \u2502                                                    \u2502                                                              \u2502\n\u2502                   \u2502          \u2502                                                    \u2502    Delim Index:   \u2502                                                    \u2502                                                              \u2502\n\u2502                   \u2502          \u2502                                                    \u2502         1         \u2502                                                    \u2502                                                              \u2502\n\u2502                   \u2502          \u2502                                                    \u2502                   \u2502                                                    \u2502                                                              \u2502\n\u2502       3 rows      \u2502          \u2502                                                    \u2502       0 rows      \u2502                                                    \u2502                                                              \u2502\n\u2502      (0.00s)      \u2502          \u2502                                                    \u2502      (0.00s)      \u2502                                                    \u2502                                                              \u2502\n\u2514\u2500\u2500\u2500\u2500\u2500\u2500\u2500\u2500\u2500\u252c\u2500\u2500\u2500\u2500\u2500\u2500\u2500\u2500\u2500\u2518          \u2502                                                    \u2514\u2500\u2500\u2500\u2500\u2500\u2500\u2500\u2500\u2500\u252c\u2500\u2500\u2500\u2500\u2500\u2500\u2500\u2500\u2500\u2518                                                    \u2502                                                              \u2502\n\u250c\u2500\u2500\u2500\u2500\u2500\u2500\u2500\u2500\u2500\u2534\u2500\u2500\u2500\u2500\u2500\u2500\u2500\u2500\u2500\u2510\u250c\u2500\u2500\u2500\u2500\u2500\u2500\u2500\u2500\u2500\u2534\u2500\u2500\u2500\u2500\u2500\u2500\u2500\u2500\u2500\u2510                                          \u250c\u2500\u2500\u2500\u2500\u2500\u2500\u2500\u2500\u2500\u2534\u2500\u2500\u2500\u2500\u2500\u2500\u2500\u2500\u2500\u2510                                          \u250c\u2500\u2500\u2500\u2500\u2500\u2500\u2500\u2500\u2500\u2534\u2500\u2500\u2500\u2500\u2500\u2500\u2500\u2500\u2500\u2510                                          \u250c\u2500\u2500\u2500\u2500\u2500\u2500\u2500\u2500\u2500\u2534\u2500\u2500\u2500\u2500\u2500\u2500\u2500\u2500\u2500\u2510\n\u2502     TABLE_SCAN    \u2502\u2502     HASH_JOIN     \u2502                                          \u2502     HASH_JOIN     \u2502                                          \u2502     HASH_JOIN     \u2502                                          \u2502   HASH_GROUP_BY   \u2502\n\u2502    \u2500\u2500\u2500\u2500\u2500\u2500\u2500\u2500\u2500\u2500\u2500\u2500   \u2502\u2502    \u2500\u2500\u2500\u2500\u2500\u2500\u2500\u2500\u2500\u2500\u2500\u2500   \u2502                                          \u2502    \u2500\u2500\u2500\u2500\u2500\u2500\u2500\u2500\u2500\u2500\u2500\u2500   \u2502                                          \u2502    \u2500\u2500\u2500\u2500\u2500\u2500\u2500\u2500\u2500\u2500\u2500\u2500   \u2502                                          \u2502    \u2500\u2500\u2500\u2500\u2500\u2500\u2500\u2500\u2500\u2500\u2500\u2500   \u2502\n\u2502       Table:      \u2502\u2502     Join Type:    \u2502                                          \u2502     Join Type:    \u2502                                          \u2502     Join Type:    \u2502                                          \u2502    Groups: #13    \u2502\n\u2502  customer_address \u2502\u2502       INNER       \u2502                                          \u2502       INNER       \u2502                                          \u2502        LEFT       \u2502                                          \u2502                   \u2502\n\u2502                   \u2502\u2502                   \u2502                                          \u2502                   \u2502                                          \u2502                   \u2502                                          \u2502                   \u2502\n\u2502       Type:       \u2502\u2502    Conditions:    \u2502                                          \u2502    Conditions:    \u2502                                          \u2502    Conditions:    \u2502                                          \u2502                   \u2502\n\u2502  Sequential Scan  \u2502\u2502    i_item_sk =    \u2502                                          \u2502  ca_address_sk =  \u2502                                          \u2502  ctr_state IS NOT \u2502                                          \u2502                   \u2502\n\u2502                   \u2502\u2502     wr_item_sk    \u251c\u2500\u2500\u2500\u2500\u2500\u2500\u2500\u2500\u2500\u2500\u2510                               \u2502  c_current_addr_sk\u251c\u2500\u2500\u2500\u2500\u2500\u2500\u2500\u2500\u2500\u2500\u2510                               \u2502    DISTINCT FROM  \u251c\u2500\u2500\u2500\u2500\u2500\u2500\u2500\u2500\u2500\u2500\u2510                               \u2502                   \u2502\n\u2502    Projections:   \u2502\u2502                   \u2502          \u2502                               \u2502                   \u2502          \u2502                               \u2502      ctr_state    \u2502          \u2502                               \u2502                   \u2502\n\u2502   ca_address_sk   \u2502\u2502                   \u2502          \u2502                               \u2502                   \u2502          \u2502                               \u2502                   \u2502          \u2502                               \u2502                   \u2502\n\u2502      ca_state     \u2502\u2502                   \u2502          \u2502                               \u2502                   \u2502          \u2502                               \u2502                   \u2502          \u2502                               \u2502                   \u2502\n\u2502                   \u2502\u2502                   \u2502          \u2502                               \u2502                   \u2502          \u2502                               \u2502                   \u2502          \u2502                               \u2502                   \u2502\n\u2502    212,389 rows   \u2502\u2502       3 rows      \u2502          \u2502                               \u2502       0 rows      \u2502          \u2502                               \u2502       0 rows      \u2502          \u2502                               \u2502       0 rows      \u2502\n\u2502      (0.00s)      \u2502\u2502      (0.00s)      \u2502          \u2502                               \u2502      (0.00s)      \u2502          \u2502                               \u2502      (0.00s)      \u2502          \u2502                               \u2502      (0.00s)      \u2502\n\u2514\u2500\u2500\u2500\u2500\u2500\u2500\u2500\u2500\u2500\u2500\u2500\u2500\u2500\u2500\u2500\u2500\u2500\u2500\u2500\u2518\u2514\u2500\u2500\u2500\u2500\u2500\u2500\u2500\u2500\u2500\u252c\u2500\u2500\u2500\u2500\u2500\u2500\u2500\u2500\u2500\u2518          \u2502                               \u2514\u2500\u2500\u2500\u2500\u2500\u2500\u2500\u2500\u2500\u252c\u2500\u2500\u2500\u2500\u2500\u2500\u2500\u2500\u2500\u2518          \u2502                               \u2514\u2500\u2500\u2500\u2500\u2500\u2500\u2500\u2500\u2500\u252c\u2500\u2500\u2500\u2500\u2500\u2500\u2500\u2500\u2500\u2518          \u2502                               \u2514\u2500\u2500\u2500\u2500\u2500\u2500\u2500\u2500\u2500\u2500\u2500\u2500\u2500\u2500\u2500\u2500\u2500\u2500\u2500\u2518\n                     \u250c\u2500\u2500\u2500\u2500\u2500\u2500\u2500\u2500\u2500\u2534\u2500\u2500\u2500\u2500\u2500\u2500\u2500\u2500\u2500\u2510\u250c\u2500\u2500\u2500\u2500\u2500\u2500\u2500\u2500\u2500\u2534\u2500\u2500\u2500\u2500\u2500\u2500\u2500\u2500\u2500\u2510                     \u250c\u2500\u2500\u2500\u2500\u2500\u2500\u2500\u2500\u2500\u2534\u2500\u2500\u2500\u2500\u2500\u2500\u2500\u2500\u2500\u2510\u250c\u2500\u2500\u2500\u2500\u2500\u2500\u2500\u2500\u2500\u2534\u2500\u2500\u2500\u2500\u2500\u2500\u2500\u2500\u2500\u2510                     \u250c\u2500\u2500\u2500\u2500\u2500\u2500\u2500\u2500\u2500\u2534\u2500\u2500\u2500\u2500\u2500\u2500\u2500\u2500\u2500\u2510\u250c\u2500\u2500\u2500\u2500\u2500\u2500\u2500\u2500\u2500\u2534\u2500\u2500\u2500\u2500\u2500\u2500\u2500\u2500\u2500\u2510\n                     \u2502     TABLE_SCAN    \u2502\u2502     HASH_JOIN     \u2502                     \u2502     PROJECTION    \u2502\u2502     HASH_JOIN     \u2502                     \u2502  COLUMN_DATA_SCAN \u2502\u2502     PROJECTION    \u2502\n                     \u2502    \u2500\u2500\u2500\u2500\u2500\u2500\u2500\u2500\u2500\u2500\u2500\u2500   \u2502\u2502    \u2500\u2500\u2500\u2500\u2500\u2500\u2500\u2500\u2500\u2500\u2500\u2500   \u2502                     \u2502    \u2500\u2500\u2500\u2500\u2500\u2500\u2500\u2500\u2500\u2500\u2500\u2500   \u2502\u2502    \u2500\u2500\u2500\u2500\u2500\u2500\u2500\u2500\u2500\u2500\u2500\u2500   \u2502                     \u2502                   \u2502\u2502    \u2500\u2500\u2500\u2500\u2500\u2500\u2500\u2500\u2500\u2500\u2500\u2500   \u2502\n                     \u2502    Table: item    \u2502\u2502     Join Type:    \u2502                     \u2502         #0        \u2502\u2502     Join Type:    \u2502                     \u2502                   \u2502\u2502(avg(ctr_total_retu\u2502\n                     \u2502                   \u2502\u2502       INNER       \u2502                     \u2502                   \u2502\u2502       INNER       \u2502                     \u2502                   \u2502\u2502     rn) * 1.2)    \u2502\n                     \u2502       Type:       \u2502\u2502                   \u2502                     \u2502                   \u2502\u2502                   \u2502                     \u2502                   \u2502\u2502     ctr_state     \u2502\n                     \u2502  Sequential Scan  \u2502\u2502    Conditions:    \u2502                     \u2502                   \u2502\u2502    Conditions:    \u2502                     \u2502                   \u2502\u2502                   \u2502\n                     \u2502                   \u2502\u2502wr_returned_date_sk\u2502                     \u2502                   \u2502\u2502  c_customer_sk =  \u2502                     \u2502                   \u2502\u2502                   \u2502\n                     \u2502    Projections:   \u2502\u2502     = d_date_sk   \u2502                     \u2502                   \u2502\u2502   ctr_customer_sk \u2502                     \u2502                   \u2502\u2502                   \u2502\n                     \u2502     i_item_sk     \u2502\u2502                   \u251c\u2500\u2500\u2500\u2500\u2500\u2500\u2500\u2500\u2500\u2500\u2510          \u2502                   \u2502\u2502                   \u251c\u2500\u2500\u2500\u2500\u2500\u2500\u2500\u2500\u2500\u2500\u2510          \u2502                   \u2502\u2502                   \u2502\n                     \u2502                   \u2502\u2502                   \u2502          \u2502          \u2502                   \u2502\u2502                   \u2502          \u2502          \u2502                   \u2502\u2502                   \u2502\n                     \u2502      Filters:     \u2502\u2502                   \u2502          \u2502          \u2502                   \u2502\u2502                   \u2502          \u2502          \u2502                   \u2502\u2502                   \u2502\n                     \u2502  i_manager_id>=68 \u2502\u2502                   \u2502          \u2502          \u2502                   \u2502\u2502                   \u2502          \u2502          \u2502                   \u2502\u2502                   \u2502\n                     \u2502  AND i_manager_id<\u2502\u2502                   \u2502          \u2502          \u2502                   \u2502\u2502                   \u2502          \u2502          \u2502                   \u2502\u2502                   \u2502\n                     \u2502        =77        \u2502\u2502                   \u2502          \u2502          \u2502                   \u2502\u2502                   \u2502          \u2502          \u2502                   \u2502\u2502                   \u2502\n                     \u2502                   \u2502\u2502                   \u2502          \u2502          \u2502                   \u2502\u2502                   \u2502          \u2502          \u2502                   \u2502\u2502                   \u2502\n                     \u2502     2,996 rows    \u2502\u2502      258 rows     \u2502          \u2502          \u2502      851 rows     \u2502\u2502       0 rows      \u2502          \u2502          \u2502       0 rows      \u2502\u2502       0 rows      \u2502\n                     \u2502      (0.00s)      \u2502\u2502      (0.00s)      \u2502          \u2502          \u2502      (0.00s)      \u2502\u2502      (0.00s)      \u2502          \u2502          \u2502      (0.00s)      \u2502\u2502      (0.00s)      \u2502\n                     \u2514\u2500\u2500\u2500\u2500\u2500\u2500\u2500\u2500\u2500\u2500\u2500\u2500\u2500\u2500\u2500\u2500\u2500\u2500\u2500\u2518\u2514\u2500\u2500\u2500\u2500\u2500\u2500\u2500\u2500\u2500\u252c\u2500\u2500\u2500\u2500\u2500\u2500\u2500\u2500\u2500\u2518          \u2502          \u2514\u2500\u2500\u2500\u2500\u2500\u2500\u2500\u2500\u2500\u252c\u2500\u2500\u2500\u2500\u2500\u2500\u2500\u2500\u2500\u2518\u2514\u2500\u2500\u2500\u2500\u2500\u2500\u2500\u2500\u2500\u252c\u2500\u2500\u2500\u2500\u2500\u2500\u2500\u2500\u2500\u2518          \u2502          \u2514\u2500\u2500\u2500\u2500\u2500\u2500\u2500\u2500\u2500\u2500\u2500\u2500\u2500\u2500\u2500\u2500\u2500\u2500\u2500\u2518\u2514\u2500\u2500\u2500\u2500\u2500\u2500\u2500\u2500\u2500\u252c\u2500\u2500\u2500\u2500\u2500\u2500\u2500\u2500\u2500\u2518\n                                          \u250c\u2500\u2500\u2500\u2500\u2500\u2500\u2500\u2500\u2500\u2534\u2500\u2500\u2500\u2500\u2500\u2500\u2500\u2500\u2500\u2510\u250c\u2500\u2500\u2500\u2500\u2500\u2500\u2500\u2500\u2500\u2534\u2500\u2500\u2500\u2500\u2500\u2500\u2500\u2500\u2500\u2510\u250c\u2500\u2500\u2500\u2500\u2500\u2500\u2500\u2500\u2500\u2534\u2500\u2500\u2500\u2500\u2500\u2500\u2500\u2500\u2500\u2510\u250c\u2500\u2500\u2500\u2500\u2500\u2500\u2500\u2500\u2500\u2534\u2500\u2500\u2500\u2500\u2500\u2500\u2500\u2500\u2500\u2510\u250c\u2500\u2500\u2500\u2500\u2500\u2500\u2500\u2500\u2500\u2534\u2500\u2500\u2500\u2500\u2500\u2500\u2500\u2500\u2500\u2510                     \u250c\u2500\u2500\u2500\u2500\u2500\u2500\u2500\u2500\u2500\u2534\u2500\u2500\u2500\u2500\u2500\u2500\u2500\u2500\u2500\u2510\n                                          \u2502     PROJECTION    \u2502\u2502       FILTER      \u2502\u2502       FILTER      \u2502\u2502     TABLE_SCAN    \u2502\u2502     PROJECTION    \u2502                     \u2502   HASH_GROUP_BY   \u2502\n                                          \u2502    \u2500\u2500\u2500\u2500\u2500\u2500\u2500\u2500\u2500\u2500\u2500\u2500   \u2502\u2502    \u2500\u2500\u2500\u2500\u2500\u2500\u2500\u2500\u2500\u2500\u2500\u2500   \u2502\u2502    \u2500\u2500\u2500\u2500\u2500\u2500\u2500\u2500\u2500\u2500\u2500\u2500   \u2502\u2502    \u2500\u2500\u2500\u2500\u2500\u2500\u2500\u2500\u2500\u2500\u2500\u2500   \u2502\u2502    \u2500\u2500\u2500\u2500\u2500\u2500\u2500\u2500\u2500\u2500\u2500\u2500   \u2502                     \u2502    \u2500\u2500\u2500\u2500\u2500\u2500\u2500\u2500\u2500\u2500\u2500\u2500   \u2502\n                                          \u2502         #0        \u2502\u2502 (d_date_sk BETWEEN\u2502\u2502 ((ca_state = 'OK')\u2502\u2502       Table:      \u2502\u2502         #0        \u2502                     \u2502     Groups: #0    \u2502\n                                          \u2502         #1        \u2502\u2502     2450821 AND   \u2502\u2502   OR (ca_state =  \u2502\u2502      customer     \u2502\u2502         #1        \u2502                     \u2502                   \u2502\n                                          \u2502         #2        \u2502\u2502      2452997)     \u2502\u2502 'SC') OR (ca_state\u2502\u2502                   \u2502\u2502         #3        \u2502                     \u2502    Aggregates:    \u2502\n                                          \u2502         #3        \u2502\u2502                   \u2502\u2502     = 'TX') OR    \u2502\u2502       Type:       \u2502\u2502                   \u2502                     \u2502      avg(#1)      \u2502\n                                          \u2502         #5        \u2502\u2502                   \u2502\u2502 (ca_state = 'WI'))\u2502\u2502  Sequential Scan  \u2502\u2502                   \u2502                     \u2502                   \u2502\n                                          \u2502         #6        \u2502\u2502                   \u2502\u2502                   \u2502\u2502                   \u2502\u2502                   \u2502                     \u2502                   \u2502\n                                          \u2502                   \u2502\u2502                   \u2502\u2502                   \u2502\u2502      Filters:     \u2502\u2502                   \u2502                     \u2502                   \u2502\n                                          \u2502                   \u2502\u2502                   \u2502\u2502                   \u2502\u2502 c_birth_year>=1985\u2502\u2502                   \u2502                     \u2502                   \u2502\n                                          \u2502                   \u2502\u2502                   \u2502\u2502                   \u2502\u2502  AND c_birth_year<\u2502\u2502                   \u2502                     \u2502                   \u2502\n                                          \u2502                   \u2502\u2502                   \u2502\u2502                   \u2502\u2502       =1991       \u2502\u2502                   \u2502                     \u2502                   \u2502\n                                          \u2502                   \u2502\u2502                   \u2502\u2502                   \u2502\u2502                   \u2502\u2502                   \u2502                     \u2502                   \u2502\n                                          \u2502      258 rows     \u2502\u2502      365 rows     \u2502\u2502      851 rows     \u2502\u2502       0 rows      \u2502\u2502       1 row       \u2502                     \u2502       0 rows      \u2502\n                                          \u2502      (0.00s)      \u2502\u2502      (0.00s)      \u2502\u2502      (0.00s)      \u2502\u2502      (0.00s)      \u2502\u2502      (0.00s)      \u2502                     \u2502      (0.00s)      \u2502\n                                          \u2514\u2500\u2500\u2500\u2500\u2500\u2500\u2500\u2500\u2500\u252c\u2500\u2500\u2500\u2500\u2500\u2500\u2500\u2500\u2500\u2518\u2514\u2500\u2500\u2500\u2500\u2500\u2500\u2500\u2500\u2500\u252c\u2500\u2500\u2500\u2500\u2500\u2500\u2500\u2500\u2500\u2518\u2514\u2500\u2500\u2500\u2500\u2500\u2500\u2500\u2500\u2500\u252c\u2500\u2500\u2500\u2500\u2500\u2500\u2500\u2500\u2500\u2518\u2514\u2500\u2500\u2500\u2500\u2500\u2500\u2500\u2500\u2500\u2500\u2500\u2500\u2500\u2500\u2500\u2500\u2500\u2500\u2500\u2518\u2514\u2500\u2500\u2500\u2500\u2500\u2500\u2500\u2500\u2500\u252c\u2500\u2500\u2500\u2500\u2500\u2500\u2500\u2500\u2500\u2518                     \u2514\u2500\u2500\u2500\u2500\u2500\u2500\u2500\u2500\u2500\u252c\u2500\u2500\u2500\u2500\u2500\u2500\u2500\u2500\u2500\u2518\n                                          \u250c\u2500\u2500\u2500\u2500\u2500\u2500\u2500\u2500\u2500\u2534\u2500\u2500\u2500\u2500\u2500\u2500\u2500\u2500\u2500\u2510\u250c\u2500\u2500\u2500\u2500\u2500\u2500\u2500\u2500\u2500\u2534\u2500\u2500\u2500\u2500\u2500\u2500\u2500\u2500\u2500\u2510\u250c\u2500\u2500\u2500\u2500\u2500\u2500\u2500\u2500\u2500\u2534\u2500\u2500\u2500\u2500\u2500\u2500\u2500\u2500\u2500\u2510                     \u250c\u2500\u2500\u2500\u2500\u2500\u2500\u2500\u2500\u2500\u2534\u2500\u2500\u2500\u2500\u2500\u2500\u2500\u2500\u2500\u2510                     \u250c\u2500\u2500\u2500\u2500\u2500\u2500\u2500\u2500\u2500\u2534\u2500\u2500\u2500\u2500\u2500\u2500\u2500\u2500\u2500\u2510\n                                          \u2502       FILTER      \u2502\u2502     TABLE_SCAN    \u2502\u2502     TABLE_SCAN    \u2502                     \u2502       FILTER      \u2502                     \u2502     PROJECTION    \u2502\n                                          \u2502    \u2500\u2500\u2500\u2500\u2500\u2500\u2500\u2500\u2500\u2500\u2500\u2500   \u2502\u2502    \u2500\u2500\u2500\u2500\u2500\u2500\u2500\u2500\u2500\u2500\u2500\u2500   \u2502\u2502    \u2500\u2500\u2500\u2500\u2500\u2500\u2500\u2500\u2500\u2500\u2500\u2500   \u2502                     \u2502    \u2500\u2500\u2500\u2500\u2500\u2500\u2500\u2500\u2500\u2500\u2500\u2500   \u2502                     \u2502    \u2500\u2500\u2500\u2500\u2500\u2500\u2500\u2500\u2500\u2500\u2500\u2500   \u2502\n                                          \u2502((CAST(wr_return_am\u2502\u2502       Table:      \u2502\u2502       Table:      \u2502                     \u2502 ((ctr_reason_sk = \u2502                     \u2502     ctr_state     \u2502\n                                          \u2502   t AS DOUBLE) /  \u2502\u2502      date_dim     \u2502\u2502  customer_address \u2502                     \u2502       20) OR      \u2502                     \u2502  ctr_total_return \u2502\n                                          \u2502 CAST(wr_return_qua\u2502\u2502                   \u2502\u2502                   \u2502                     \u2502  (ctr_reason_sk = \u2502                     \u2502                   \u2502\n                                          \u2502 ntity AS DOUBLE)) \u2502\u2502       Type:       \u2502\u2502       Type:       \u2502                     \u2502        36))       \u2502                     \u2502                   \u2502\n                                          \u2502  BETWEEN 242.0 AND\u2502\u2502  Sequential Scan  \u2502\u2502  Sequential Scan  \u2502                     \u2502                   \u2502                     \u2502                   \u2502\n                                          \u2502       271.0)      \u2502\u2502                   \u2502\u2502                   \u2502                     \u2502                   \u2502                     \u2502                   \u2502\n                                          \u2502                   \u2502\u2502    Projections:   \u2502\u2502      Filters:     \u2502                     \u2502                   \u2502                     \u2502                   \u2502\n                                          \u2502                   \u2502\u2502     d_date_sk     \u2502\u2502 optional: ca_state\u2502                     \u2502                   \u2502                     \u2502                   \u2502\n                                          \u2502                   \u2502\u2502                   \u2502\u2502  IN ('OK', 'SC',  \u2502                     \u2502                   \u2502                     \u2502                   \u2502\n                                          \u2502                   \u2502\u2502      Filters:     \u2502\u2502    'TX', 'WI')    \u2502                     \u2502                   \u2502                     \u2502                   \u2502\n                                          \u2502                   \u2502\u2502    d_year=2002    \u2502\u2502                   \u2502                     \u2502                   \u2502                     \u2502                   \u2502\n                                          \u2502                   \u2502\u2502                   \u2502\u2502                   \u2502                     \u2502                   \u2502                     \u2502                   \u2502\n                                          \u2502      258 rows     \u2502\u2502      365 rows     \u2502\u2502     6,144 rows    \u2502                     \u2502       1 row       \u2502                     \u2502       0 rows      \u2502\n                                          \u2502      (0.00s)      \u2502\u2502      (0.00s)      \u2502\u2502      (0.00s)      \u2502                     \u2502      (0.00s)      \u2502                     \u2502      (0.00s)      \u2502\n                                          \u2514\u2500\u2500\u2500\u2500\u2500\u2500\u2500\u2500\u2500\u252c\u2500\u2500\u2500\u2500\u2500\u2500\u2500\u2500\u2500\u2518\u2514\u2500\u2500\u2500\u2500\u2500\u2500\u2500\u2500\u2500\u2500\u2500\u2500\u2500\u2500\u2500\u2500\u2500\u2500\u2500\u2518\u2514\u2500\u2500\u2500\u2500\u2500\u2500\u2500\u2500\u2500\u2500\u2500\u2500\u2500\u2500\u2500\u2500\u2500\u2500\u2500\u2518                     \u2514\u2500\u2500\u2500\u2500\u2500\u2500\u2500\u2500\u2500\u252c\u2500\u2500\u2500\u2500\u2500\u2500\u2500\u2500\u2500\u2518                     \u2514\u2500\u2500\u2500\u2500\u2500\u2500\u2500\u2500\u2500\u252c\u2500\u2500\u2500\u2500\u2500\u2500\u2500\u2500\u2500\u2518\n                                          \u250c\u2500\u2500\u2500\u2500\u2500\u2500\u2500\u2500\u2500\u2534\u2500\u2500\u2500\u2500\u2500\u2500\u2500\u2500\u2500\u2510                                                               \u250c\u2500\u2500\u2500\u2500\u2500\u2500\u2500\u2500\u2500\u2534\u2500\u2500\u2500\u2500\u2500\u2500\u2500\u2500\u2500\u2510                     \u250c\u2500\u2500\u2500\u2500\u2500\u2500\u2500\u2500\u2500\u2534\u2500\u2500\u2500\u2500\u2500\u2500\u2500\u2500\u2500\u2510\n                                          \u2502     TABLE_SCAN    \u2502                                                               \u2502      CTE_SCAN     \u2502                     \u2502     HASH_JOIN     \u2502\n                                          \u2502    \u2500\u2500\u2500\u2500\u2500\u2500\u2500\u2500\u2500\u2500\u2500\u2500   \u2502                                                               \u2502    \u2500\u2500\u2500\u2500\u2500\u2500\u2500\u2500\u2500\u2500\u2500\u2500   \u2502                     \u2502    \u2500\u2500\u2500\u2500\u2500\u2500\u2500\u2500\u2500\u2500\u2500\u2500   \u2502\n                                          \u2502       Table:      \u2502                                                               \u2502    CTE Index: 0   \u2502                     \u2502     Join Type:    \u2502\n                                          \u2502    web_returns    \u2502                                                               \u2502                   \u2502                     \u2502       INNER       \u2502\n                                          \u2502                   \u2502                                                               \u2502                   \u2502                     \u2502                   \u2502\n                                          \u2502       Type:       \u2502                                                               \u2502                   \u2502                     \u2502    Conditions:    \u2502\n                                          \u2502  Sequential Scan  \u2502                                                               \u2502                   \u2502                     \u2502    ctr_state =    \u2502\n                                          \u2502                   \u2502                                                               \u2502                   \u2502                     \u2502      ctr_state    \u2502\n                                          \u2502    Projections:   \u2502                                                               \u2502                   \u2502                     \u2502                   \u2502\n                                          \u2502wr_returned_date_sk\u2502                                                               \u2502                   \u2502                     \u2502                   \u2502\n                                          \u2502wr_returning_addr_s\u2502                                                               \u2502                   \u2502                     \u2502                   \u251c\u2500\u2500\u2500\u2500\u2500\u2500\u2500\u2500\u2500\u2500\u2510\n                                          \u2502         k         \u2502                                                               \u2502                   \u2502                     \u2502                   \u2502          \u2502\n                                          \u2502     wr_item_sk    \u2502                                                               \u2502                   \u2502                     \u2502                   \u2502          \u2502\n                                          \u2502   wr_return_amt   \u2502                                                               \u2502                   \u2502                     \u2502                   \u2502          \u2502\n                                          \u2502 wr_return_quantity\u2502                                                               \u2502                   \u2502                     \u2502                   \u2502          \u2502\n                                          \u2502wr_returning_custom\u2502                                                               \u2502                   \u2502                     \u2502                   \u2502          \u2502\n                                          \u2502       er_sk       \u2502                                                               \u2502                   \u2502                     \u2502                   \u2502          \u2502\n                                          \u2502    wr_reason_sk   \u2502                                                               \u2502                   \u2502                     \u2502                   \u2502          \u2502\n                                          \u2502                   \u2502                                                               \u2502                   \u2502                     \u2502                   \u2502          \u2502\n                                          \u2502    137,371 rows   \u2502                                                               \u2502       3 rows      \u2502                     \u2502       0 rows      \u2502          \u2502\n                                          \u2502      (0.00s)      \u2502                                                               \u2502      (0.00s)      \u2502                     \u2502      (0.00s)      \u2502          \u2502\n                                          \u2514\u2500\u2500\u2500\u2500\u2500\u2500\u2500\u2500\u2500\u2500\u2500\u2500\u2500\u2500\u2500\u2500\u2500\u2500\u2500\u2518                                                               \u2514\u2500\u2500\u2500\u2500\u2500\u2500\u2500\u2500\u2500\u2500\u2500\u2500\u2500\u2500\u2500\u2500\u2500\u2500\u2500\u2518                     \u2514\u2500\u2500\u2500\u2500\u2500\u2500\u2500\u2500\u2500\u252c\u2500\u2500\u2500\u2500\u2500\u2500\u2500\u2500\u2500\u2518          \u2502\n                                                                                                                                                                        \u250c\u2500\u2500\u2500\u2500\u2500\u2500\u2500\u2500\u2500\u2534\u2500\u2500\u2500\u2500\u2500\u2500\u2500\u2500\u2500\u2510\u250c\u2500\u2500\u2500\u2500\u2500\u2500\u2500\u2500\u2500\u2534\u2500\u2500\u2500\u2500\u2500\u2500\u2500\u2500\u2500\u2510\n                                                                                                                                                                        \u2502      CTE_SCAN     \u2502\u2502     DELIM_SCAN    \u2502\n                                                                                                                                                                        \u2502    \u2500\u2500\u2500\u2500\u2500\u2500\u2500\u2500\u2500\u2500\u2500\u2500   \u2502\u2502    \u2500\u2500\u2500\u2500\u2500\u2500\u2500\u2500\u2500\u2500\u2500\u2500   \u2502\n                                                                                                                                                                        \u2502    CTE Index: 0   \u2502\u2502    Delim Index:   \u2502\n                                                                                                                                                                        \u2502                   \u2502\u2502         1         \u2502\n                                                                                                                                                                        \u2502                   \u2502\u2502                   \u2502\n                                                                                                                                                                        \u2502       3 rows      \u2502\u2502       0 rows      \u2502\n                                                                                                                                                                        \u2502      (0.00s)      \u2502\u2502      (0.00s)      \u2502\n                                                                                                                                                                        \u2514\u2500\u2500\u2500\u2500\u2500\u2500\u2500\u2500\u2500\u2500\u2500\u2500\u2500\u2500\u2500\u2500\u2500\u2500\u2500\u2518\u2514\u2500\u2500\u2500\u2500\u2500\u2500\u2500\u2500\u2500\u2500\u2500\u2500\u2500\u2500\u2500\u2500\u2500\u2500\u2500\u2518\n",
  "plan_json": {
    "total_bytes_written": 0,
    "total_bytes_read": 0,
    "rows_returned": 0,
    "latency": 0.0,
    "result_set_size": 0,
    "query_name": "",
    "blocked_thread_time": 0.0,
    "system_peak_buffer_memory": 0,
    "system_peak_temp_dir_size": 0,
    "cpu_time": 0.0,
    "extra_info": {},
    "cumulative_cardinality": 0,
    "cumulative_rows_scanned": 0,
    "children": [
      {
        "total_bytes_written": 0,
        "total_bytes_read": 0,
        "result_set_size": 0,
        "operator_name": "EXPLAIN_ANALYZE",
        "cpu_time": 0.0,
        "extra_info": {},
        "cumulative_cardinality": 0,
        "operator_type": "EXPLAIN_ANALYZE",
        "operator_cardinality": 0,
        "cumulative_rows_scanned": 0,
        "operator_rows_scanned": 0,
        "operator_timing": 0.0,
        "children": [
          {
            "total_bytes_written": 0,
            "total_bytes_read": 0,
            "result_set_size": 0,
            "operator_name": "CTE",
            "cpu_time": 0.0,
            "extra_info": {
              "CTE Name": "customer_total_return",
              "Table Index": "0",
              "Estimated Cardinality": "6"
            },
            "cumulative_cardinality": 0,
            "operator_type": "CTE",
            "operator_cardinality": 0,
            "cumulative_rows_scanned": 0,
            "operator_rows_scanned": 0,
            "operator_timing": 5.199999999999999e-06,
            "children": [
              {
                "total_bytes_written": 0,
                "total_bytes_read": 0,
                "result_set_size": 120,
                "operator_name": "PROJECTION",
                "cpu_time": 0.0,
                "extra_info": {
                  "Projections": [
                    "#0",
                    "__internal_decompress_string(#1)",
                    "__internal_decompress_integral_integer(#2, 1)",
                    "#3"
                  ],
                  "Estimated Cardinality": "189"
                },
                "cumulative_cardinality": 0,
                "operator_type": "PROJECTION",
                "operator_cardinality": 3,
                "cumulative_rows_scanned": 0,
                "operator_rows_scanned": 0,
                "operator_timing": 7.128e-06,
                "children": [
                  {
                    "total_bytes_written": 0,
                    "total_bytes_read": 0,
                    "result_set_size": 75,
                    "operator_name": "HASH_GROUP_BY",
                    "cpu_time": 0.0,
                    "extra_info": {
                      "Groups": [
                        "#0",
                        "#1",
                        "#2"
                      ],
                      "Aggregates": "sum(#3)",
                      "Estimated Cardinality": "189"
                    },
                    "cumulative_cardinality": 0,
                    "operator_type": "HASH_GROUP_BY",
                    "operator_cardinality": 3,
                    "cumulative_rows_scanned": 0,
                    "operator_rows_scanned": 0,
                    "operator_timing": 0.00046114400000000014,
                    "children": [
                      {
                        "total_bytes_written": 0,
                        "total_bytes_read": 0,
                        "result_set_size": 39,
                        "operator_name": "PROJECTION",
                        "cpu_time": 0.0,
                        "extra_info": {
                          "Projections": [
                            "wr_returning_customer_sk",
                            "ca_state",
                            "wr_reason_sk",
                            "wr_return_amt"
                          ],
                          "Estimated Cardinality": "189"
                        },
                        "cumulative_cardinality": 0,
                        "operator_type": "PROJECTION",
                        "operator_cardinality": 3,
                        "cumulative_rows_scanned": 0,
                        "operator_rows_scanned": 0,
                        "operator_timing": 4.2900000000000004e-07,
                        "children": [
                          {
                            "total_bytes_written": 0,
                            "total_bytes_read": 0,
                            "result_set_size": 39,
                            "operator_name": "PROJECTION",
                            "cpu_time": 0.0,
                            "extra_info": {
                              "Projections": [
                                "__internal_compress_string_uinteger(#0)",
                                "#1",
                                "#2",
                                "__internal_compress_integral_utinyint(#3, 1)"
                              ],
                              "Estimated Cardinality": "189"
                            },
                            "cumulative_cardinality": 0,
                            "operator_type": "PROJECTION",
                            "operator_cardinality": 3,
                            "cumulative_rows_scanned": 0,
                            "operator_rows_scanned": 0,
                            "operator_timing": 2.819e-06,
                            "children": [
                              {
                                "total_bytes_written": 0,
                                "total_bytes_read": 0,
                                "result_set_size": 84,
                                "operator_name": "HASH_JOIN",
                                "cpu_time": 0.0,
                                "extra_info": {
                                  "Join Type": "INNER",
                                  "Conditions": "ca_address_sk = wr_returning_addr_sk",
                                  "Estimated Cardinality": "189"
                                },
                                "cumulative_cardinality": 0,
                                "operator_type": "HASH_JOIN",
                                "operator_cardinality": 3,
                                "cumulative_rows_scanned": 0,
                                "operator_rows_scanned": 0,
                                "operator_timing": 0.00020469200000000002,
                                "children": [
                                  {
                                    "total_bytes_written": 0,
                                    "total_bytes_read": 0,
                                    "result_set_size": 4247780,
                                    "operator_name": "SEQ_SCAN ",
                                    "cpu_time": 0.0,
                                    "extra_info": {
                                      "Table": "customer_address",
                                      "Type": "Sequential Scan",
                                      "Projections": [
                                        "ca_address_sk",
                                        "ca_state"
                                      ],
                                      "Estimated Cardinality": "250000"
                                    },
                                    "cumulative_cardinality": 0,
                                    "operator_type": "TABLE_SCAN",
                                    "operator_cardinality": 212389,
                                    "cumulative_rows_scanned": 0,
                                    "operator_rows_scanned": 750000,
                                    "operator_timing": 0.0009772499999999998,
                                    "children": []
                                  },
                                  {
                                    "total_bytes_written": 0,
                                    "total_bytes_read": 0,
                                    "result_set_size": 60,
                                    "operator_name": "HASH_JOIN",
                                    "cpu_time": 0.0,
                                    "extra_info": {
                                      "Join Type": "INNER",
                                      "Conditions": "i_item_sk = wr_item_sk",
                                      "Estimated Cardinality": "209"
                                    },
                                    "cumulative_cardinality": 0,
                                    "operator_type": "HASH_JOIN",
                                    "operator_cardinality": 3,
                                    "cumulative_rows_scanned": 0,
                                    "operator_rows_scanned": 0,
                                    "operator_timing": 0.00029347099999999996,
                                    "children": [
                                      {
                                        "total_bytes_written": 0,
                                        "total_bytes_read": 0,
                                        "result_set_size": 11984,
                                        "operator_name": "SEQ_SCAN ",
                                        "cpu_time": 0.0,
                                        "extra_info": {
                                          "Table": "item",
                                          "Type": "Sequential Scan",
                                          "Projections": "i_item_sk",
                                          "Filters": "i_manager_id>=68 AND i_manager_id<=77",
                                          "Estimated Cardinality": "20400"
                                        },
                                        "cumulative_cardinality": 0,
                                        "operator_type": "TABLE_SCAN",
                                        "operator_cardinality": 2996,
                                        "cumulative_rows_scanned": 0,
                                        "operator_rows_scanned": 102000,
                                        "operator_timing": 0.00021810099999999992,
                                        "children": []
                                      },
                                      {
                                        "total_bytes_written": 0,
                                        "total_bytes_read": 0,
                                        "result_set_size": 6192,
                                        "operator_name": "HASH_JOIN",
                                        "cpu_time": 0.0,
                                        "extra_info": {
                                          "Join Type": "INNER",
                                          "Conditions": "wr_returned_date_sk = d_date_sk",
                                          "Estimated Cardinality": "1151"
                                        },
                                        "cumulative_cardinality": 0,
                                        "operator_type": "HASH_JOIN",
                                        "operator_cardinality": 258,
                                        "cumulative_rows_scanned": 0,
                                        "operator_rows_scanned": 0,
                                        "operator_timing": 9.610699999999999e-05,
                                        "children": [
                                          {
                                            "total_bytes_written": 0,
                                            "total_bytes_read": 0,
                                            "result_set_size": 6192,
                                            "operator_name": "PROJECTION",
                                            "cpu_time": 0.0,
                                            "extra_info": {
                                              "Projections": [
                                                "#0",
                                                "#1",
                                                "#2",
                                                "#3",
                                                "#5",
                                                "#6"
                                              ],
                                              "Estimated Cardinality": "143844"
                                            },
                                            "cumulative_cardinality": 0,
                                            "operator_type": "PROJECTION",
                                            "operator_cardinality": 258,
                                            "cumulative_rows_scanned": 0,
                                            "operator_rows_scanned": 0,
                                            "operator_timing": 3.1600000000000002e-06,
                                            "children": [
                                              {
                                                "total_bytes_written": 0,
                                                "total_bytes_read": 0,
                                                "result_set_size": 7224,
                                                "operator_name": "FILTER",
                                                "cpu_time": 0.0,
                                                "extra_info": {
                                                  "Expression": "((CAST(wr_return_amt AS DOUBLE) / CAST(wr_return_quantity AS DOUBLE)) BETWEEN 242.0 AND 271.0)",
                                                  "Estimated Cardinality": "143844"
                                                },
                                                "cumulative_cardinality": 0,
                                                "operator_type": "FILTER",
                                                "operator_cardinality": 258,
                                                "cumulative_rows_scanned": 0,
                                                "operator_rows_scanned": 0,
                                                "operator_timing": 0.00206929,
                                                "children": [
                                                  {
                                                    "total_bytes_written": 0,
                                                    "total_bytes_read": 0,
                                                    "result_set_size": 3846388,
                                                    "operator_name": "SEQ_SCAN ",
                                                    "cpu_time": 0.0,
                                                    "extra_info": {
                                                      "Table": "web_returns",
                                                      "Type": "Sequential Scan",
                                                      "Projections": [
                                                        "wr_returned_date_sk",
                                                        "wr_returning_addr_sk",
                                                        "wr_item_sk",
                                                        "wr_return_amt",
                                                        "wr_return_quantity",
                                                        "wr_returning_customer_sk",
                                                        "wr_reason_sk"
                                                      ],
                                                      "Estimated Cardinality": "719222"
                                                    },
                                                    "cumulative_cardinality": 0,
                                                    "operator_type": "TABLE_SCAN",
                                                    "operator_cardinality": 137371,
                                                    "cumulative_rows_scanned": 0,
                                                    "operator_rows_scanned": 4315332,
                                                    "operator_timing": 0.0037076270000000007,
                                                    "children": []
                                                  }
                                                ]
                                              }
                                            ]
                                          },
                                          {
                                            "total_bytes_written": 0,
                                            "total_bytes_read": 0,
                                            "result_set_size": 1460,
                                            "operator_name": "FILTER",
                                            "cpu_time": 0.0,
                                            "extra_info": {
                                              "Expression": "(d_date_sk BETWEEN 2450821 AND 2452997)",
                                              "Estimated Cardinality": "585"
                                            },
                                            "cumulative_cardinality": 0,
                                            "operator_type": "FILTER",
                                            "operator_cardinality": 365,
                                            "cumulative_rows_scanned": 0,
                                            "operator_rows_scanned": 0,
                                            "operator_timing": 5.7630000000000006e-06,
                                            "children": [
                                              {
                                                "total_bytes_written": 0,
                                                "total_bytes_read": 0,
                                                "result_set_size": 1460,
                                                "operator_name": "SEQ_SCAN ",
                                                "cpu_time": 0.0,
                                                "extra_info": {
                                                  "Table": "date_dim",
                                                  "Type": "Sequential Scan",
                                                  "Projections": "d_date_sk",
                                                  "Filters": "d_year=2002",
                                                  "Estimated Cardinality": "585"
                                                },
                                                "cumulative_cardinality": 0,
                                                "operator_type": "TABLE_SCAN",
                                                "operator_cardinality": 365,
                                                "cumulative_rows_scanned": 0,
                                                "operator_rows_scanned": 73049,
                                                "operator_timing": 2.2026999999999998e-05,
                                                "children": []
                                              }
                                            ]
                                          }
                                        ]
                                      }
                                    ]
                                  }
                                ]
                              }
                            ]
                          }
                        ]
                      }
                    ]
                  }
                ]
              },
              {
                "total_bytes_written": 0,
                "total_bytes_read": 0,
                "result_set_size": 0,
                "operator_name": "TOP_N",
                "cpu_time": 0.0,
                "extra_info": {
                  "Top": "100",
                  "Order By": [
                    "tpcds_sf10_2.main.customer.c_customer_id ASC",
                    "tpcds_sf10_2.main.customer.c_salutation ASC",
                    "tpcds_sf10_2.main.customer.c_first_name ASC",
                    "tpcds_sf10_2.main.customer.c_last_name ASC",
                    "tpcds_sf10_2.main.customer.c_preferred_cust_flag ASC",
                    "tpcds_sf10_2.main.customer.c_birth_day ASC",
                    "tpcds_sf10_2.main.customer.c_birth_month ASC",
                    "tpcds_sf10_2.main.customer.c_birth_year ASC",
                    "tpcds_sf10_2.main.customer.c_birth_country ASC",
                    "tpcds_sf10_2.main.customer.c_login ASC",
                    "tpcds_sf10_2.main.customer.c_email_address ASC",
                    "tpcds_sf10_2.main.customer.c_last_review_date_sk ASC",
                    "ctr1.ctr_total_return ASC"
                  ]
                },
                "cumulative_cardinality": 0,
                "operator_type": "TOP_N",
                "operator_cardinality": 0,
                "cumulative_rows_scanned": 0,
                "operator_rows_scanned": 0,
                "operator_timing": 5e-07,
                "children": [
                  {
                    "total_bytes_written": 0,
                    "total_bytes_read": 0,
                    "result_set_size": 0,
                    "operator_name": "PROJECTION",
                    "cpu_time": 0.0,
                    "extra_info": {
                      "Projections": [
                        "c_customer_id",
                        "c_salutation",
                        "c_first_name",
                        "c_last_name",
                        "c_preferred_cust_flag",
                        "c_birth_day",
                        "c_birth_month",
                        "c_birth_year",
                        "c_birth_country",
                        "c_login",
                        "c_email_address",
                        "c_last_review_date_sk",
                        "ctr_total_return"
                      ],
                      "Estimated Cardinality": "6"
                    },
                    "cumulative_cardinality": 0,
                    "operator_type": "PROJECTION",
                    "operator_cardinality": 0,
                    "cumulative_rows_scanned": 0,
                    "operator_rows_scanned": 0,
                    "operator_timing": 0.0,
                    "children": [
                      {
                        "total_bytes_written": 0,
                        "total_bytes_read": 0,
                        "result_set_size": 0,
                        "operator_name": "PROJECTION",
                        "cpu_time": 0.0,
                        "extra_info": {
                          "Projections": [
                            "#0",
                            "#1",
                            "#2",
                            "#3",
                            "#4",
                            "#5",
                            "#6",
                            "#7",
                            "#8",
                            "#9",
                            "#10",
                            "#11",
                            "#12"
                          ],
                          "Estimated Cardinality": "6"
                        },
                        "cumulative_cardinality": 0,
                        "operator_type": "PROJECTION",
                        "operator_cardinality": 0,
                        "cumulative_rows_scanned": 0,
                        "operator_rows_scanned": 0,
                        "operator_timing": 0.0,
                        "children": [
                          {
                            "total_bytes_written": 0,
                            "total_bytes_read": 0,
                            "result_set_size": 0,
                            "operator_name": "FILTER",
                            "cpu_time": 0.0,
                            "extra_info": {
                              "Expression": "(CAST(ctr_total_return AS DOUBLE) > SUBQUERY)",
                              "Estimated Cardinality": "6"
                            },
                            "cumulative_cardinality": 0,
                            "operator_type": "FILTER",
                            "operator_cardinality": 0,
                            "cumulative_rows_scanned": 0,
                            "operator_rows_scanned": 0,
                            "operator_timing": 1.65e-07,
                            "children": [
                              {
                                "total_bytes_written": 0,
                                "total_bytes_read": 0,
                                "result_set_size": 0,
                                "operator_name": "LEFT_DELIM_JOIN",
                                "cpu_time": 0.0,
                                "extra_info": {
                                  "Join Type": "LEFT",
                                  "Conditions": "ctr_state IS NOT DISTINCT FROM ctr_state",
                                  "Estimated Cardinality": "0",
                                  "Delim Index": "1"
                                },
                                "cumulative_cardinality": 0,
                                "operator_type": "LEFT_DELIM_JOIN",
                                "operator_cardinality": 0,
                                "cumulative_rows_scanned": 0,
                                "operator_rows_scanned": 0,
                                "operator_timing": 0.0,
                                "children": [
                                  {
                                    "total_bytes_written": 0,
                                    "total_bytes_read": 0,
                                    "result_set_size": 0,
                                    "operator_name": "HASH_JOIN",
                                    "cpu_time": 0.0,
                                    "extra_info": {
                                      "Join Type": "INNER",
                                      "Conditions": "ca_address_sk = c_current_addr_sk",
                                      "Estimated Cardinality": "6"
                                    },
                                    "cumulative_cardinality": 0,
                                    "operator_type": "HASH_JOIN",
                                    "operator_cardinality": 0,
                                    "cumulative_rows_scanned": 0,
                                    "operator_rows_scanned": 0,
                                    "operator_timing": 3.4284e-05,
                                    "children": [
                                      {
                                        "total_bytes_written": 0,
                                        "total_bytes_read": 0,
                                        "result_set_size": 3404,
                                        "operator_name": "PROJECTION",
                                        "cpu_time": 0.0,
                                        "extra_info": {
                                          "Projections": "#0",
                                          "Estimated Cardinality": "50000"
                                        },
                                        "cumulative_cardinality": 0,
                                        "operator_type": "PROJECTION",
                                        "operator_cardinality": 851,
                                        "cumulative_rows_scanned": 0,
                                        "operator_rows_scanned": 0,
                                        "operator_timing": 7.25e-07,
                                        "children": [
                                          {
                                            "total_bytes_written": 0,
                                            "total_bytes_read": 0,
                                            "result_set_size": 17020,
                                            "operator_name": "FILTER",
                                            "cpu_time": 0.0,
                                            "extra_info": {
                                              "Expression": "((ca_state = 'OK') OR (ca_state = 'SC') OR (ca_state = 'TX') OR (ca_state = 'WI'))",
                                              "Estimated Cardinality": "50000"
                                            },
                                            "cumulative_cardinality": 0,
                                            "operator_type": "FILTER",
                                            "operator_cardinality": 851,
                                            "cumulative_rows_scanned": 0,
                                            "operator_rows_scanned": 0,
                                            "operator_timing": 6.614899999999999e-05,
                                            "children": [
                                              {
                                                "total_bytes_written": 0,
                                                "total_bytes_read": 0,
                                                "result_set_size": 122880,
                                                "operator_name": "SEQ_SCAN ",
                                                "cpu_time": 0.0,
                                                "extra_info": {
                                                  "Table": "customer_address",
                                                  "Type": "Sequential Scan",
                                                  "Projections": "",
                                                  "Filters": "optional: ca_state IN ('OK', 'SC', 'TX', 'WI')",
                                                  "Estimated Cardinality": "250000"
                                                },
                                                "cumulative_cardinality": 0,
                                                "operator_type": "TABLE_SCAN",
                                                "operator_cardinality": 6144,
                                                "cumulative_rows_scanned": 0,
                                                "operator_rows_scanned": 750000,
                                                "operator_timing": 6.198799999999999e-05,
                                                "children": []
                                              }
                                            ]
                                          }
                                        ]
                                      },
                                      {
                                        "total_bytes_written": 0,
                                        "total_bytes_read": 0,
                                        "result_set_size": 0,
                                        "operator_name": "HASH_JOIN",
                                        "cpu_time": 0.0,
                                        "extra_info": {
                                          "Join Type": "INNER",
                                          "Conditions": "c_customer_sk = ctr_customer_sk",
                                          "Estimated Cardinality": "37"
                                        },
                                        "cumulative_cardinality": 0,
                                        "operator_type": "HASH_JOIN",
                                        "operator_cardinality": 0,
                                        "cumulative_rows_scanned": 0,
                                        "operator_rows_scanned": 0,
                                        "operator_timing": 0.00010228800000000001,
                                        "children": [
                                          {
                                            "total_bytes_written": 0,
                                            "total_bytes_read": 0,
                                            "result_set_size": 0,
                                            "operator_name": "SEQ_SCAN ",
                                            "cpu_time": 0.0,
                                            "extra_info": {
                                              "Table": "customer",
                                              "Type": "Sequential Scan",
                                              "Projections": "",
                                              "Filters": "c_birth_year>=1985 AND c_birth_year<=1991",
                                              "Estimated Cardinality": "100000"
                                            },
                                            "cumulative_cardinality": 0,
                                            "operator_type": "TABLE_SCAN",
                                            "operator_cardinality": 0,
                                            "cumulative_rows_scanned": 0,
                                            "operator_rows_scanned": 2500000,
                                            "operator_timing": 0.00012885700000000002,
                                            "children": []
                                          },
                                          {
                                            "total_bytes_written": 0,
                                            "total_bytes_read": 0,
                                            "result_set_size": 36,
                                            "operator_name": "PROJECTION",
                                            "cpu_time": 0.0,
                                            "extra_info": {
                                              "Projections": [
                                                "#0",
                                                "#1",
                                                "#3"
                                              ],
                                              "Estimated Cardinality": "189"
                                            },
                                            "cumulative_cardinality": 0,
                                            "operator_type": "PROJECTION",
                                            "operator_cardinality": 1,
                                            "cumulative_rows_scanned": 0,
                                            "operator_rows_scanned": 0,
                                            "operator_timing": 2.37e-07,
                                            "children": [
                                              {
                                                "total_bytes_written": 0,
                                                "total_bytes_read": 0,
                                                "result_set_size": 40,
                                                "operator_name": "FILTER",
                                                "cpu_time": 0.0,
                                                "extra_info": {
                                                  "Expression": "((ctr_reason_sk = 20) OR (ctr_reason_sk = 36))",
                                                  "Estimated Cardinality": "189"
                                                },
                                                "cumulative_cardinality": 0,
                                                "operator_type": "FILTER",
                                                "operator_cardinality": 1,
                                                "cumulative_rows_scanned": 0,
                                                "operator_rows_scanned": 0,
                                                "operator_timing": 1.3715e-05,
                                                "children": [
                                                  {
                                                    "total_bytes_written": 0,
                                                    "total_bytes_read": 0,
                                                    "result_set_size": 120,
                                                    "operator_name": "CTE_SCAN",
                                                    "cpu_time": 0.0,
                                                    "extra_info": {
                                                      "CTE Index": "0",
                                                      "Estimated Cardinality": "189"
                                                    },
                                                    "cumulative_cardinality": 0,
                                                    "operator_type": "CTE_SCAN",
                                                    "operator_cardinality": 3,
                                                    "cumulative_rows_scanned": 0,
                                                    "operator_rows_scanned": 0,
                                                    "operator_timing": 5.672999999999999e-06,
                                                    "children": []
                                                  }
                                                ]
                                              }
                                            ]
                                          }
                                        ]
                                      }
                                    ]
                                  },
                                  {
                                    "total_bytes_written": 0,
                                    "total_bytes_read": 0,
                                    "result_set_size": 0,
                                    "operator_name": "HASH_JOIN",
                                    "cpu_time": 0.0,
                                    "extra_info": {
                                      "Join Type": "LEFT",
                                      "Conditions": "ctr_state IS NOT DISTINCT FROM ctr_state",
                                      "Estimated Cardinality": "0"
                                    },
                                    "cumulative_cardinality": 0,
                                    "operator_type": "HASH_JOIN",
                                    "operator_cardinality": 0,
                                    "cumulative_rows_scanned": 0,
                                    "operator_rows_scanned": 0,
                                    "operator_timing": 1.6299999999999999e-06,
                                    "children": [
                                      {
                                        "total_bytes_written": 0,
                                        "total_bytes_read": 0,
                                        "result_set_size": 0,
                                        "operator_name": "COLUMN_DATA_SCAN",
                                        "cpu_time": 0.0,
                                        "extra_info": {
                                          "Estimated Cardinality": "0"
                                        },
                                        "cumulative_cardinality": 0,
                                        "operator_type": "COLUMN_DATA_SCAN",
                                        "operator_cardinality": 0,
                                        "cumulative_rows_scanned": 0,
                                        "operator_rows_scanned": 0,
                                        "operator_timing": 5.1e-07,
                                        "children": []
                                      },
                                      {
                                        "total_bytes_written": 0,
                                        "total_bytes_read": 0,
                                        "result_set_size": 0,
                                        "operator_name": "PROJECTION",
                                        "cpu_time": 0.0,
                                        "extra_info": {
                                          "Projections": [
                                            "(avg(ctr_total_return) * 1.2)",
                                            "ctr_state"
                                          ],
                                          "Estimated Cardinality": "0"
                                        },
                                        "cumulative_cardinality": 0,
                                        "operator_type": "PROJECTION",
                                        "operator_cardinality": 0,
                                        "cumulative_rows_scanned": 0,
                                        "operator_rows_scanned": 0,
                                        "operator_timing": 0.0,
                                        "children": [
                                          {
                                            "total_bytes_written": 0,
                                            "total_bytes_read": 0,
                                            "result_set_size": 0,
                                            "operator_name": "HASH_GROUP_BY",
                                            "cpu_time": 0.0,
                                            "extra_info": {
                                              "Groups": "#0",
                                              "Aggregates": "avg(#1)",
                                              "Estimated Cardinality": "0"
                                            },
                                            "cumulative_cardinality": 0,
                                            "operator_type": "HASH_GROUP_BY",
                                            "operator_cardinality": 0,
                                            "cumulative_rows_scanned": 0,
                                            "operator_rows_scanned": 0,
                                            "operator_timing": 5.95e-07,
                                            "children": [
                                              {
                                                "total_bytes_written": 0,
                                                "total_bytes_read": 0,
                                                "result_set_size": 0,
                                                "operator_name": "PROJECTION",
                                                "cpu_time": 0.0,
                                                "extra_info": {
                                                  "Projections": [
                                                    "ctr_state",
                                                    "ctr_total_return"
                                                  ],
                                                  "Estimated Cardinality": "0"
                                                },
                                                "cumulative_cardinality": 0,
                                                "operator_type": "PROJECTION",
                                                "operator_cardinality": 0,
                                                "cumulative_rows_scanned": 0,
                                                "operator_rows_scanned": 0,
                                                "operator_timing": 0.0,
                                                "children": [
                                                  {
                                                    "total_bytes_written": 0,
                                                    "total_bytes_read": 0,
                                                    "result_set_size": 0,
                                                    "operator_name": "HASH_JOIN",
                                                    "cpu_time": 0.0,
                                                    "extra_info": {
                                                      "Join Type": "INNER",
                                                      "Conditions": "ctr_state = ctr_state",
                                                      "Estimated Cardinality": "0"
                                                    },
                                                    "cumulative_cardinality": 0,
                                                    "operator_type": "HASH_JOIN",
                                                    "operator_cardinality": 0,
                                                    "cumulative_rows_scanned": 0,
                                                    "operator_rows_scanned": 0,
                                                    "operator_timing": 1.4909e-05,
                                                    "children": [
                                                      {
                                                        "total_bytes_written": 0,
                                                        "total_bytes_read": 0,
                                                        "result_set_size": 120,
                                                        "operator_name": "CTE_SCAN",
                                                        "cpu_time": 0.0,
                                                        "extra_info": {
                                                          "CTE Index": "0",
                                                          "Estimated Cardinality": "189"
                                                        },
                                                        "cumulative_cardinality": 0,
                                                        "operator_type": "CTE_SCAN",
                                                        "operator_cardinality": 3,
                                                        "cumulative_rows_scanned": 0,
                                                        "operator_rows_scanned": 0,
                                                        "operator_timing": 6.7310000000000004e-06,
                                                        "children": []
                                                      },
                                                      {
                                                        "total_bytes_written": 0,
                                                        "total_bytes_read": 0,
                                                        "result_set_size": 0,
                                                        "operator_name": "DELIM_SCAN",
                                                        "cpu_time": 0.0,
                                                        "extra_info": {
                                                          "Delim Index": "1",
                                                          "Estimated Cardinality": "5"
                                                        },
                                                        "cumulative_cardinality": 0,
                                                        "operator_type": "DELIM_SCAN",
                                                        "operator_cardinality": 0,
                                                        "cumulative_rows_scanned": 0,
                                                        "operator_rows_scanned": 0,
                                                        "operator_timing": 0.0,
                                                        "children": []
                                                      }
                                                    ]
                                                  }
                                                ]
                                              }
                                            ]
                                          }
                                        ]
                                      }
                                    ]
                                  },
                                  {
                                    "total_bytes_written": 0,
                                    "total_bytes_read": 0,
                                    "result_set_size": 0,
                                    "operator_name": "HASH_GROUP_BY",
                                    "cpu_time": 0.0,
                                    "extra_info": {
                                      "Groups": "#13",
                                      "Aggregates": "",
                                      "Estimated Cardinality": "5"
                                    },
                                    "cumulative_cardinality": 0,
                                    "operator_type": "HASH_GROUP_BY",
                                    "operator_cardinality": 0,
                                    "cumulative_rows_scanned": 0,
                                    "operator_rows_scanned": 0,
                                    "operator_timing": 5.79e-07,
                                    "children": []
                                  }
                                ]
                              }
                            ]
                          }
                        ]
                      }
                    ]
                  }
                ]
              }
            ]
          }
        ]
      }
    ]
  },
  "actual_rows": 0
}