{
  "execution_time_ms": 50.1,
  "plan_text": "\u250c\u2500\u2500\u2500\u2500\u2500\u2500\u2500\u2500\u2500\u2500\u2500\u2500\u2500\u2500\u2500\u2500\u2500\u2500\u2500\u2500\u2500\u2500\u2500\u2500\u2500\u2500\u2500\u2500\u2500\u2500\u2500\u2500\u2500\u2500\u2500\u2500\u2500\u2510\n\u2502\u250c\u2500\u2500\u2500\u2500\u2500\u2500\u2500\u2500\u2500\u2500\u2500\u2500\u2500\u2500\u2500\u2500\u2500\u2500\u2500\u2500\u2500\u2500\u2500\u2500\u2500\u2500\u2500\u2500\u2500\u2500\u2500\u2500\u2500\u2500\u2500\u2510\u2502\n\u2502\u2502    Query Profiling Information    \u2502\u2502\n\u2502\u2514\u2500\u2500\u2500\u2500\u2500\u2500\u2500\u2500\u2500\u2500\u2500\u2500\u2500\u2500\u2500\u2500\u2500\u2500\u2500\u2500\u2500\u2500\u2500\u2500\u2500\u2500\u2500\u2500\u2500\u2500\u2500\u2500\u2500\u2500\u2500\u2518\u2502\n\u2514\u2500\u2500\u2500\u2500\u2500\u2500\u2500\u2500\u2500\u2500\u2500\u2500\u2500\u2500\u2500\u2500\u2500\u2500\u2500\u2500\u2500\u2500\u2500\u2500\u2500\u2500\u2500\u2500\u2500\u2500\u2500\u2500\u2500\u2500\u2500\u2500\u2500\u2518\nEXPLAIN ANALYZE select    cd_gender,   cd_marital_status,   cd_education_status,   count(*) cnt1,   cd_purchase_estimate,   count(*) cnt2,   cd_credit_rating,   count(*) cnt3  from   customer c,customer_address ca,customer_demographics  where   c.c_current_addr_sk = ca.ca_address_sk and   ca_state in ('CO','NC','TX') and   cd_demo_sk = c.c_current_cdemo_sk   and cd_marital_status in ('S', 'M', 'U')   and cd_education_status in ('Primary', 'College') and   exists (select *           from store_sales,date_dim           where c.c_customer_sk = ss_customer_sk and                 ss_sold_date_sk = d_date_sk and                 d_year = 2002 and                 d_moy between 10 and 10+2                 and ss_list_price between 80 and 169           ) and    (not exists (select *             from web_sales,date_dim             where c.c_customer_sk = ws_bill_customer_sk and                   ws_sold_date_sk = d_date_sk and                   d_year = 2002 and                   d_moy between 10 and 10+2                   and ws_list_price between 80 and 169             ) and     not exists (select *             from catalog_sales,date_dim             where c.c_customer_sk = cs_ship_customer_sk and                   cs_sold_date_sk = d_date_sk and                   d_year = 2002 and                   d_moy between 10 and 10+2                   and cs_list_price between 80 and 169)             )  group by cd_gender,           cd_marital_status,           cd_education_status,           cd_purchase_estimate,           cd_credit_rating  order by cd_gender,           cd_marital_status,           cd_education_status,           cd_purchase_estimate,           cd_credit_rating  limit 100\n\u250c\u2500\u2500\u2500\u2500\u2500\u2500\u2500\u2500\u2500\u2500\u2500\u2500\u2500\u2500\u2500\u2500\u2500\u2500\u2500\u2500\u2500\u2500\u2500\u2500\u2500\u2500\u2500\u2500\u2500\u2500\u2500\u2500\u2500\u2500\u2500\u2500\u2500\u2500\u2500\u2500\u2500\u2500\u2500\u2500\u2500\u2500\u2500\u2500\u2510\n\u2502\u250c\u2500\u2500\u2500\u2500\u2500\u2500\u2500\u2500\u2500\u2500\u2500\u2500\u2500\u2500\u2500\u2500\u2500\u2500\u2500\u2500\u2500\u2500\u2500\u2500\u2500\u2500\u2500\u2500\u2500\u2500\u2500\u2500\u2500\u2500\u2500\u2500\u2500\u2500\u2500\u2500\u2500\u2500\u2500\u2500\u2500\u2500\u2510\u2502\n\u2502\u2502              Total Time: 0.0391s             \u2502\u2502\n\u2502\u2514\u2500\u2500\u2500\u2500\u2500\u2500\u2500\u2500\u2500\u2500\u2500\u2500\u2500\u2500\u2500\u2500\u2500\u2500\u2500\u2500\u2500\u2500\u2500\u2500\u2500\u2500\u2500\u2500\u2500\u2500\u2500\u2500\u2500\u2500\u2500\u2500\u2500\u2500\u2500\u2500\u2500\u2500\u2500\u2500\u2500\u2500\u2518\u2502\n\u2514\u2500\u2500\u2500\u2500\u2500\u2500\u2500\u2500\u2500\u2500\u2500\u2500\u2500\u2500\u2500\u2500\u2500\u2500\u2500\u2500\u2500\u2500\u2500\u2500\u2500\u2500\u2500\u2500\u2500\u2500\u2500\u2500\u2500\u2500\u2500\u2500\u2500\u2500\u2500\u2500\u2500\u2500\u2500\u2500\u2500\u2500\u2500\u2500\u2518\n\u250c\u2500\u2500\u2500\u2500\u2500\u2500\u2500\u2500\u2500\u2500\u2500\u2500\u2500\u2510\n\u2502    QUERY    \u2502\n\u2514\u2500\u2500\u2500\u2500\u2500\u2500\u252c\u2500\u2500\u2500\u2500\u2500\u2500\u2518\n\u250c\u2500\u2500\u2500\u2500\u2500\u2500\u2534\u2500\u2500\u2500\u2500\u2500\u2500\u2510\n\u2502EXPLAIN_...  \u2502\n\u2502    \u2500\u2500\u2500\u2500\u2500\u2500   \u2502\n\u2502    0 rows   \u2502\n\u2502   (0.00s)   \u2502\n\u2514\u2500\u2500\u2500\u2500\u2500\u2500\u252c\u2500\u2500\u2500\u2500\u2500\u2500\u2518\n\u250c\u2500\u2500\u2500\u2500\u2500\u2500\u2534\u2500\u2500\u2500\u2500\u2500\u2500\u2510\n\u2502    TOP_N    \u2502\n\u2502    \u2500\u2500\u2500\u2500\u2500\u2500   \u2502\n\u2502     Top:    \u2502\n\u2502     100     \u2502\n\u2502             \u2502\n\u2502  Order By:  \u2502\n\u2502 tpcds_sf10_2\u2502\n\u2502.main.custome\u2502\n\u2502r_demographic\u2502\n\u2502 s.cd_gender \u2502\n\u2502      ASC    \u2502\n\u2502 tpcds_sf10_2\u2502\n\u2502.main.custome\u2502\n\u2502r_demographic\u2502\n\u2502s.cd_marital_\u2502\n\u2502  status ASC \u2502\n\u2502 tpcds_sf10_2\u2502\n\u2502.main.custome\u2502\n\u2502r_demographic\u2502\n\u2502s.cd_educatio\u2502\n\u2502 n_status ASC\u2502\n\u2502 tpcds_sf10_2\u2502\n\u2502.main.custome\u2502\n\u2502r_demographic\u2502\n\u2502s.cd_purchase\u2502\n\u2502_estimate ASC\u2502\n\u2502 tpcds_sf10_2\u2502\n\u2502.main.custome\u2502\n\u2502r_demographic\u2502\n\u2502s.cd_credit_r\u2502\n\u2502  ating ASC  \u2502\n\u2502             \u2502\n\u2502   100 rows  \u2502\n\u2502   (0.00s)   \u2502\n\u2514\u2500\u2500\u2500\u2500\u2500\u2500\u252c\u2500\u2500\u2500\u2500\u2500\u2500\u2518\n\u250c\u2500\u2500\u2500\u2500\u2500\u2500\u2534\u2500\u2500\u2500\u2500\u2500\u2500\u2510\n\u2502  PROJECTION \u2502\n\u2502    \u2500\u2500\u2500\u2500\u2500\u2500   \u2502\n\u2502  cd_gender  \u2502\n\u2502cd_marital_st\u2502\n\u2502     atus    \u2502\n\u2502cd_education_\u2502\n\u2502    status   \u2502\n\u2502     cnt1    \u2502\n\u2502cd_purchase_e\u2502\n\u2502   stimate   \u2502\n\u2502     cnt2    \u2502\n\u2502cd_credit_rat\u2502\n\u2502     ing     \u2502\n\u2502     cnt3    \u2502\n\u2502             \u2502\n\u2502   890 rows  \u2502\n\u2502   (0.00s)   \u2502\n\u2514\u2500\u2500\u2500\u2500\u2500\u2500\u252c\u2500\u2500\u2500\u2500\u2500\u2500\u2518\n\u250c\u2500\u2500\u2500\u2500\u2500\u2500\u2534\u2500\u2500\u2500\u2500\u2500\u2500\u2510\n\u2502  PROJECTION \u2502\n\u2502    \u2500\u2500\u2500\u2500\u2500\u2500   \u2502\n\u2502__internal_de\u2502\n\u2502compress_stri\u2502\n\u2502    ng(#0)   \u2502\n\u2502__internal_de\u2502\n\u2502compress_stri\u2502\n\u2502    ng(#1)   \u2502\n\u2502__internal_de\u2502\n\u2502compress_stri\u2502\n\u2502    ng(#2)   \u2502\n\u2502__internal_de\u2502\n\u2502compress_inte\u2502\n\u2502 gral_integer\u2502\n\u2502  (#3, 500)  \u2502\n\u2502__internal_de\u2502\n\u2502compress_stri\u2502\n\u2502    ng(#4)   \u2502\n\u2502      #5     \u2502\n\u2502             \u2502\n\u2502   890 rows  \u2502\n\u2502   (0.00s)   \u2502\n\u2514\u2500\u2500\u2500\u2500\u2500\u2500\u252c\u2500\u2500\u2500\u2500\u2500\u2500\u2518\n\u250c\u2500\u2500\u2500\u2500\u2500\u2500\u2534\u2500\u2500\u2500\u2500\u2500\u2500\u2510\n\u2502HASH_GROUP_BY\u2502\n\u2502    \u2500\u2500\u2500\u2500\u2500\u2500   \u2502\n\u2502   Groups:   \u2502\n\u2502      #0     \u2502\n\u2502      #1     \u2502\n\u2502      #2     \u2502\n\u2502      #3     \u2502\n\u2502      #4     \u2502\n\u2502             \u2502\n\u2502 Aggregates: \u2502\n\u2502 count_star()\u2502\n\u2502             \u2502\n\u2502   890 rows  \u2502\n\u2502   (0.00s)   \u2502\n\u2514\u2500\u2500\u2500\u2500\u2500\u2500\u252c\u2500\u2500\u2500\u2500\u2500\u2500\u2518\n\u250c\u2500\u2500\u2500\u2500\u2500\u2500\u2534\u2500\u2500\u2500\u2500\u2500\u2500\u2510\n\u2502  PROJECTION \u2502\n\u2502    \u2500\u2500\u2500\u2500\u2500\u2500   \u2502\n\u2502  cd_gender  \u2502\n\u2502cd_marital_st\u2502\n\u2502     atus    \u2502\n\u2502cd_education_\u2502\n\u2502    status   \u2502\n\u2502cd_purchase_e\u2502\n\u2502   stimate   \u2502\n\u2502cd_credit_rat\u2502\n\u2502     ing     \u2502\n\u2502             \u2502\n\u2502  2,540 rows \u2502\n\u2502   (0.00s)   \u2502\n\u2514\u2500\u2500\u2500\u2500\u2500\u2500\u252c\u2500\u2500\u2500\u2500\u2500\u2500\u2518\n\u250c\u2500\u2500\u2500\u2500\u2500\u2500\u2534\u2500\u2500\u2500\u2500\u2500\u2500\u2510\n\u2502  PROJECTION \u2502\n\u2502    \u2500\u2500\u2500\u2500\u2500\u2500   \u2502\n\u2502__internal_co\u2502\n\u2502mpress_string\u2502\n\u2502_utinyint(#0)\u2502\n\u2502__internal_co\u2502\n\u2502mpress_string\u2502\n\u2502_uhugeint(#1)\u2502\n\u2502__internal_co\u2502\n\u2502mpress_string\u2502\n\u2502_utinyint(#2)\u2502\n\u2502__internal_co\u2502\n\u2502mpress_integr\u2502\n\u2502 al_usmallint\u2502\n\u2502  (#3, 500)  \u2502\n\u2502__internal_co\u2502\n\u2502mpress_string\u2502\n\u2502_uhugeint(#4)\u2502\n\u2502             \u2502\n\u2502  2,540 rows \u2502\n\u2502   (0.00s)   \u2502\n\u2514\u2500\u2500\u2500\u2500\u2500\u2500\u252c\u2500\u2500\u2500\u2500\u2500\u2500\u2518\n\u250c\u2500\u2500\u2500\u2500\u2500\u2500\u2534\u2500\u2500\u2500\u2500\u2500\u2500\u2510\n\u2502LEFT_DEL...  \u2502\n\u2502    \u2500\u2500\u2500\u2500\u2500\u2500   \u2502\n\u2502  Join Type: \u2502\n\u2502     ANTI    \u2502\n\u2502             \u2502\n\u2502 Conditions: \u2502\n\u2502c_customer_sk\u2502\n\u2502 IS NOT DISTI\u2502\n\u2502   NCT FROM  \u251c\u2500\u2500\u2500\u2500\u2500\u2500\u2500\u2500\u2500\u2500\u2500\u2500\u2500\u2500\u2500\u2500\u2500\u2500\u2500\u2500\u2500\u2500\u2500\u2500\u2500\u2500\u2500\u2500\u2500\u2500\u2500\u2500\u2500\u2500\u2500\u2500\u2500\u2500\u2500\u2500\u2500\u2500\u2500\u2500\u2500\u2500\u2500\u2500\u2500\u2500\u2500\u2500\u2500\u2500\u2500\u2500\u2500\u2500\u2500\u2500\u2500\u2500\u2500\u2500\u2500\u2500\u2500\u2500\u2500\u2500\u2500\u2500\u2500\u2500\u2500\u2500\u2500\u2500\u2500\u2500\u2500\u2500\u2500\u2500\u2500\u2500\u2500\u2500\u2500\u2500\u2500\u2500\u2500\u2500\u2500\u2500\u2500\u2500\u2500\u2500\u2500\u2500\u2500\u2500\u2500\u2500\u2500\u2500\u2500\u2500\u2500\u2500\u2500\u2500\u2500\u2500\u2500\u2500\u2500\u2500\u2500\u2500\u2500\u2500\u2500\u2500\u2500\u2500\u2500\u2500\u2500\u2500\u2500\u2500\u2500\u2500\u2500\u2500\u2500\u2500\u2500\u2500\u2500\u2500\u2500\u2500\u2500\u2500\u2500\u2500\u2500\u2500\u2500\u2500\u2500\u2500\u2500\u2500\u2500\u2500\u2500\u2500\u2500\u2500\u2500\u2500\u2500\u2500\u2500\u2500\u2500\u2500\u2500\u2500\u2500\u2500\u2500\u2500\u2500\u2500\u2500\u2500\u2500\u2500\u2500\u2500\u2500\u252c\u2500\u2500\u2500\u2500\u2500\u2500\u2500\u2500\u2500\u2500\u2500\u2500\u2500\u2500\u2500\u2500\u2500\u2500\u2500\u2500\u2500\u2500\u2500\u2500\u2500\u2500\u2500\u2500\u2500\u2500\u2500\u2500\u2500\u2500\u2500\u2500\u2500\n\u2502 c_customer_s\u2502                                                                                                                                                                                           \u2502                                     \n\u2502      k      \u2502                                                                                                                                                                                           \u2502                                     \n\u2502             \u2502                                                                                                                                                                                           \u2502                                     \n\u2502 Delim Index:\u2502                                                                                                                                                                                           \u2502                                     \n\u2502      3      \u2502                                                                                                                                                                                           \u2502                                     \n\u2502             \u2502                                                                                                                                                                                           \u2502                                     \n\u2502    0 rows   \u2502                                                                                                                                                                                           \u2502                                     \n\u2502   (0.00s)   \u2502                                                                                                                                                                                           \u2502                                     \n\u2514\u2500\u2500\u2500\u2500\u2500\u2500\u252c\u2500\u2500\u2500\u2500\u2500\u2500\u2518                                                                                                                                                                                           \u2502                                     \n\u250c\u2500\u2500\u2500\u2500\u2500\u2500\u2534\u2500\u2500\u2500\u2500\u2500\u2500\u2510                                                                                                                                                                                    \u250c\u2500\u2500\u2500\u2500\u2500\u2500\u2534\u2500\u2500\u2500\u2500\u2500\u2500\u2510                              \n\u2502LEFT_DEL...  \u2502                                                                                                                                                                                    \u2502  HASH_JOIN  \u2502                              \n\u2502    \u2500\u2500\u2500\u2500\u2500\u2500   \u2502                                                                                                                                                                                    \u2502    \u2500\u2500\u2500\u2500\u2500\u2500   \u2502                              \n\u2502  Join Type: \u2502                                                                                                                                                                                    \u2502  Join Type: \u2502                              \n\u2502     ANTI    \u2502                                                                                                                                                                                    \u2502     ANTI    \u2502                              \n\u2502             \u2502                                                                                                                                                                                    \u2502             \u2502                              \n\u2502 Conditions: \u2502                                                                                                                                                                                    \u2502 Conditions: \u2502                              \n\u2502c_customer_sk\u2502                                                                                                                                                                                    \u2502c_customer_sk\u2502                              \n\u2502 IS NOT DISTI\u2502                                                                                                                                                                                    \u2502 IS NOT DISTI\u2502                              \n\u2502   NCT FROM  \u251c\u2500\u2500\u2500\u2500\u2500\u2500\u2500\u2500\u2500\u2500\u2500\u2500\u2500\u2500\u2500\u2500\u2500\u2500\u2500\u2500\u2500\u2500\u2500\u2500\u2500\u2500\u2500\u2500\u2500\u2500\u2500\u2500\u2500\u2500\u2500\u2500\u2500\u2500\u2500\u2500\u2500\u2500\u2500\u2500\u2500\u2500\u2500\u2500\u2500\u2500\u2500\u2500\u2500\u2500\u2500\u2500\u2500\u2500\u2500\u2500\u2500\u2500\u2500\u2500\u2500\u2500\u2500\u2500\u2500\u2500\u2500\u2500\u2500\u2500\u2500\u2500\u2500\u2500\u2500\u2500\u2500\u2500\u2500\u2500\u2500\u2500\u2500\u2500\u2500\u2500\u2500\u2500\u2500\u2500\u2500\u2500\u2500\u2500\u2500\u2500\u2500\u2500\u2500\u2500\u2500\u2500\u2500\u2500\u2500\u2500\u2500\u2500\u252c\u2500\u2500\u2500\u2500\u2500\u2500\u2500\u2500\u2500\u2500\u2500\u2500\u2500\u2500\u2500\u2500\u2500\u2500\u2500\u2500\u2500\u2500\u2500\u2500\u2500\u2500\u2500\u2500\u2500\u2500\u2500\u2500\u2500\u2500\u2500\u2500\u2500\u2500\u2500\u2500\u2500\u2500\u2500\u2500\u2500\u2500\u2500\u2500\u2500\u2500\u2500\u2500\u2500\u2500\u2500\u2500\u2500\u2500\u2500\u2510       \u2502   NCT FROM  \u251c\u2500\u2500\u2500\u2500\u2500\u2500\u2500\u2510                      \n\u2502 c_customer_s\u2502                                                                                                                \u2502                                                           \u2502       \u2502 c_customer_s\u2502       \u2502                      \n\u2502      k      \u2502                                                                                                                \u2502                                                           \u2502       \u2502      k      \u2502       \u2502                      \n\u2502             \u2502                                                                                                                \u2502                                                           \u2502       \u2502             \u2502       \u2502                      \n\u2502 Delim Index:\u2502                                                                                                                \u2502                                                           \u2502       \u2502             \u2502       \u2502                      \n\u2502      2      \u2502                                                                                                                \u2502                                                           \u2502       \u2502             \u2502       \u2502                      \n\u2502             \u2502                                                                                                                \u2502                                                           \u2502       \u2502             \u2502       \u2502                      \n\u2502    0 rows   \u2502                                                                                                                \u2502                                                           \u2502       \u2502  2,540 rows \u2502       \u2502                      \n\u2502   (0.00s)   \u2502                                                                                                                \u2502                                                           \u2502       \u2502   (0.00s)   \u2502       \u2502                      \n\u2514\u2500\u2500\u2500\u2500\u2500\u2500\u252c\u2500\u2500\u2500\u2500\u2500\u2500\u2518                                                                                                                \u2502                                                           \u2502       \u2514\u2500\u2500\u2500\u2500\u2500\u2500\u252c\u2500\u2500\u2500\u2500\u2500\u2500\u2518       \u2502                      \n\u250c\u2500\u2500\u2500\u2500\u2500\u2500\u2534\u2500\u2500\u2500\u2500\u2500\u2500\u2510                                                                                                         \u250c\u2500\u2500\u2500\u2500\u2500\u2500\u2534\u2500\u2500\u2500\u2500\u2500\u2500\u2510                                             \u250c\u2500\u2500\u2500\u2500\u2500\u2500\u2534\u2500\u2500\u2500\u2500\u2500\u2500\u2510\u250c\u2500\u2500\u2500\u2500\u2500\u2500\u2534\u2500\u2500\u2500\u2500\u2500\u2500\u2510\u250c\u2500\u2500\u2500\u2500\u2500\u2500\u2534\u2500\u2500\u2500\u2500\u2500\u2500\u2510\n\u2502LEFT_DEL...  \u2502                                                                                                         \u2502  HASH_JOIN  \u2502                                             \u2502HASH_GROUP_BY\u2502\u2502COLUMN_D...  \u2502\u2502  PROJECTION \u2502\n\u2502    \u2500\u2500\u2500\u2500\u2500\u2500   \u2502                                                                                                         \u2502    \u2500\u2500\u2500\u2500\u2500\u2500   \u2502                                             \u2502    \u2500\u2500\u2500\u2500\u2500\u2500   \u2502\u2502             \u2502\u2502    \u2500\u2500\u2500\u2500\u2500\u2500   \u2502\n\u2502  Join Type: \u2502                                                                                                         \u2502  Join Type: \u2502                                             \u2502   Groups:   \u2502\u2502             \u2502\u2502c_customer_sk\u2502\n\u2502     SEMI    \u2502                                                                                                         \u2502     ANTI    \u2502                                             \u2502      #5     \u2502\u2502             \u2502\u2502             \u2502\n\u2502             \u2502                                                                                                         \u2502             \u2502                                             \u2502             \u2502\u2502             \u2502\u2502             \u2502\n\u2502 Conditions: \u2502                                                                                                         \u2502 Conditions: \u2502                                             \u2502             \u2502\u2502             \u2502\u2502             \u2502\n\u2502c_customer_sk\u2502                                                                                                         \u2502c_customer_sk\u2502                                             \u2502             \u2502\u2502             \u2502\u2502             \u2502\n\u2502 IS NOT DISTI\u2502                                                                                                         \u2502 IS NOT DISTI\u2502                                             \u2502             \u2502\u2502             \u2502\u2502             \u2502\n\u2502   NCT FROM  \u251c\u2500\u2500\u2500\u2500\u2500\u2500\u2500\u2500\u2500\u2500\u2500\u2500\u2500\u2500\u2500\u2500\u2500\u2500\u2500\u2500\u2500\u2500\u2500\u2500\u2500\u2500\u2500\u2500\u2500\u2500\u2500\u2500\u2500\u2500\u2500\u2500\u2500\u252c\u2500\u2500\u2500\u2500\u2500\u2500\u2500\u2500\u2500\u2500\u2500\u2500\u2500\u2500\u2500\u2500\u2500\u2500\u2500\u2500\u2500\u2500\u2500\u2500\u2500\u2500\u2500\u2500\u2500\u2500\u2500\u2500\u2500\u2500\u2500\u2500\u2500\u2500\u2500\u2500\u2500\u2500\u2500\u2500\u2500\u2500\u2500\u2500\u2500\u2500\u2500\u2500\u2500\u2500\u2500\u2500\u2500\u2500\u2500\u2510       \u2502   NCT FROM  \u251c\u2500\u2500\u2500\u2500\u2500\u2500\u2500\u2510                                     \u2502             \u2502\u2502             \u2502\u2502             \u2502\n\u2502 c_customer_s\u2502                                     \u2502                                                           \u2502       \u2502 c_customer_s\u2502       \u2502                                     \u2502             \u2502\u2502             \u2502\u2502             \u2502\n\u2502      k      \u2502                                     \u2502                                                           \u2502       \u2502      k      \u2502       \u2502                                     \u2502             \u2502\u2502             \u2502\u2502             \u2502\n\u2502             \u2502                                     \u2502                                                           \u2502       \u2502             \u2502       \u2502                                     \u2502             \u2502\u2502             \u2502\u2502             \u2502\n\u2502 Delim Index:\u2502                                     \u2502                                                           \u2502       \u2502             \u2502       \u2502                                     \u2502             \u2502\u2502             \u2502\u2502             \u2502\n\u2502      1      \u2502                                     \u2502                                                           \u2502       \u2502             \u2502       \u2502                                     \u2502             \u2502\u2502             \u2502\u2502             \u2502\n\u2502             \u2502                                     \u2502                                                           \u2502       \u2502             \u2502       \u2502                                     \u2502             \u2502\u2502             \u2502\u2502             \u2502\n\u2502    0 rows   \u2502                                     \u2502                                                           \u2502       \u2502  3,335 rows \u2502       \u2502                                     \u2502  3,705 rows \u2502\u2502  3,335 rows \u2502\u2502  3,219 rows \u2502\n\u2502   (0.00s)   \u2502                                     \u2502                                                           \u2502       \u2502   (0.00s)   \u2502       \u2502                                     \u2502   (0.00s)   \u2502\u2502   (0.00s)   \u2502\u2502   (0.00s)   \u2502\n\u2514\u2500\u2500\u2500\u2500\u2500\u2500\u252c\u2500\u2500\u2500\u2500\u2500\u2500\u2518                                     \u2502                                                           \u2502       \u2514\u2500\u2500\u2500\u2500\u2500\u2500\u252c\u2500\u2500\u2500\u2500\u2500\u2500\u2518       \u2502                                     \u2514\u2500\u2500\u2500\u2500\u2500\u2500\u2500\u2500\u2500\u2500\u2500\u2500\u2500\u2518\u2514\u2500\u2500\u2500\u2500\u2500\u2500\u2500\u2500\u2500\u2500\u2500\u2500\u2500\u2518\u2514\u2500\u2500\u2500\u2500\u2500\u2500\u252c\u2500\u2500\u2500\u2500\u2500\u2500\u2518\n\u250c\u2500\u2500\u2500\u2500\u2500\u2500\u2534\u2500\u2500\u2500\u2500\u2500\u2500\u2510                              \u250c\u2500\u2500\u2500\u2500\u2500\u2500\u2534\u2500\u2500\u2500\u2500\u2500\u2500\u2510                                             \u250c\u2500\u2500\u2500\u2500\u2500\u2500\u2534\u2500\u2500\u2500\u2500\u2500\u2500\u2510\u250c\u2500\u2500\u2500\u2500\u2500\u2500\u2534\u2500\u2500\u2500\u2500\u2500\u2500\u2510\u250c\u2500\u2500\u2500\u2500\u2500\u2500\u2534\u2500\u2500\u2500\u2500\u2500\u2500\u2510                                                            \u250c\u2500\u2500\u2500\u2500\u2500\u2500\u2534\u2500\u2500\u2500\u2500\u2500\u2500\u2510\n\u2502  HASH_JOIN  \u2502                              \u2502  HASH_JOIN  \u2502                                             \u2502HASH_GROUP_BY\u2502\u2502COLUMN_D...  \u2502\u2502  PROJECTION \u2502                                                            \u2502  HASH_JOIN  \u2502\n\u2502    \u2500\u2500\u2500\u2500\u2500\u2500   \u2502                              \u2502    \u2500\u2500\u2500\u2500\u2500\u2500   \u2502                                             \u2502    \u2500\u2500\u2500\u2500\u2500\u2500   \u2502\u2502             \u2502\u2502    \u2500\u2500\u2500\u2500\u2500\u2500   \u2502                                                            \u2502    \u2500\u2500\u2500\u2500\u2500\u2500   \u2502\n\u2502  Join Type: \u2502                              \u2502  Join Type: \u2502                                             \u2502   Groups:   \u2502\u2502             \u2502\u2502c_customer_sk\u2502                                                            \u2502  Join Type: \u2502\n\u2502    INNER    \u2502                              \u2502     SEMI    \u2502                                             \u2502      #5     \u2502\u2502             \u2502\u2502             \u2502                                                            \u2502    INNER    \u2502\n\u2502             \u2502                              \u2502             \u2502                                             \u2502             \u2502\u2502             \u2502\u2502             \u2502                                                            \u2502             \u2502\n\u2502 Conditions: \u2502                              \u2502 Conditions: \u2502                                             \u2502             \u2502\u2502             \u2502\u2502             \u2502                                                            \u2502 Conditions: \u2502\n\u2502 cd_demo_sk =\u2502                              \u2502c_customer_sk\u2502                                             \u2502             \u2502\u2502             \u2502\u2502             \u2502                                                            \u2502cs_sold_date_\u2502\n\u2502 c_current_cd\u251c\u2500\u2500\u2500\u2500\u2500\u2500\u2500\u2510                      \u2502 IS NOT DISTI\u251c\u2500\u2500\u2500\u2500\u2500\u2500\u2500\u2510                                     \u2502             \u2502\u2502             \u2502\u2502             \u2502                                                            \u2502sk = d_date_s\u251c\u2500\u2500\u2500\u2500\u2500\u2500\u2500\u2500\u2500\u2500\u2500\u2500\u2500\u2500\u2500\n\u2502    emo_sk   \u2502       \u2502                      \u2502   NCT FROM  \u2502       \u2502                                     \u2502             \u2502\u2502             \u2502\u2502             \u2502                                                            \u2502      k      \u2502               \n\u2502             \u2502       \u2502                      \u2502 c_customer_s\u2502       \u2502                                     \u2502             \u2502\u2502             \u2502\u2502             \u2502                                                            \u2502             \u2502               \n\u2502             \u2502       \u2502                      \u2502      k      \u2502       \u2502                                     \u2502             \u2502\u2502             \u2502\u2502             \u2502                                                            \u2502             \u2502               \n\u2502             \u2502       \u2502                      \u2502             \u2502       \u2502                                     \u2502             \u2502\u2502             \u2502\u2502             \u2502                                                            \u2502             \u2502               \n\u2502 10,888 rows \u2502       \u2502                      \u2502  3,705 rows \u2502       \u2502                                     \u2502 10,888 rows \u2502\u2502  3,705 rows \u2502\u2502  1,786 rows \u2502                                                            \u2502  3,219 rows \u2502               \n\u2502   (0.01s)   \u2502       \u2502                      \u2502   (0.00s)   \u2502       \u2502                                     \u2502   (0.00s)   \u2502\u2502   (0.00s)   \u2502\u2502   (0.00s)   \u2502                                                            \u2502   (0.00s)   \u2502               \n\u2514\u2500\u2500\u2500\u2500\u2500\u2500\u252c\u2500\u2500\u2500\u2500\u2500\u2500\u2518       \u2502                      \u2514\u2500\u2500\u2500\u2500\u2500\u2500\u252c\u2500\u2500\u2500\u2500\u2500\u2500\u2518       \u2502                                     \u2514\u2500\u2500\u2500\u2500\u2500\u2500\u2500\u2500\u2500\u2500\u2500\u2500\u2500\u2518\u2514\u2500\u2500\u2500\u2500\u2500\u2500\u2500\u2500\u2500\u2500\u2500\u2500\u2500\u2518\u2514\u2500\u2500\u2500\u2500\u2500\u2500\u252c\u2500\u2500\u2500\u2500\u2500\u2500\u2518                                                            \u2514\u2500\u2500\u2500\u2500\u2500\u2500\u252c\u2500\u2500\u2500\u2500\u2500\u2500\u2518               \n\u250c\u2500\u2500\u2500\u2500\u2500\u2500\u2534\u2500\u2500\u2500\u2500\u2500\u2500\u2510\u250c\u2500\u2500\u2500\u2500\u2500\u2500\u2534\u2500\u2500\u2500\u2500\u2500\u2500\u2510               \u250c\u2500\u2500\u2500\u2500\u2500\u2500\u2534\u2500\u2500\u2500\u2500\u2500\u2500\u2510\u250c\u2500\u2500\u2500\u2500\u2500\u2500\u2534\u2500\u2500\u2500\u2500\u2500\u2500\u2510                                                            \u250c\u2500\u2500\u2500\u2500\u2500\u2500\u2534\u2500\u2500\u2500\u2500\u2500\u2500\u2510                                                            \u250c\u2500\u2500\u2500\u2500\u2500\u2500\u2534\u2500\u2500\u2500\u2500\u2500\u2500\u2510               \n\u2502    FILTER   \u2502\u2502  HASH_JOIN  \u2502               \u2502COLUMN_D...  \u2502\u2502  PROJECTION \u2502                                                            \u2502  HASH_JOIN  \u2502                                                            \u2502  HASH_JOIN  \u2502               \n\u2502    \u2500\u2500\u2500\u2500\u2500\u2500   \u2502\u2502    \u2500\u2500\u2500\u2500\u2500\u2500   \u2502               \u2502             \u2502\u2502    \u2500\u2500\u2500\u2500\u2500\u2500   \u2502                                                            \u2502    \u2500\u2500\u2500\u2500\u2500\u2500   \u2502                                                            \u2502    \u2500\u2500\u2500\u2500\u2500\u2500   \u2502               \n\u2502 ((cd_demo_sk\u2502\u2502  Join Type: \u2502               \u2502             \u2502\u2502c_customer_sk\u2502                                                            \u2502  Join Type: \u2502                                                            \u2502  Join Type: \u2502               \n\u2502   BETWEEN 4 \u2502\u2502    INNER    \u2502               \u2502             \u2502\u2502             \u2502                                                            \u2502    INNER    \u2502                                                            \u2502    INNER    \u2502               \n\u2502  AND 1920791\u2502\u2502             \u2502               \u2502             \u2502\u2502             \u2502                                                            \u2502             \u2502                                                            \u2502             \u2502               \n\u2502) AND ((cd_ed\u2502\u2502 Conditions: \u2502               \u2502             \u2502\u2502             \u2502                                                            \u2502 Conditions: \u2502                                                            \u2502 Conditions: \u2502               \n\u2502ucation_statu\u2502\u2502c_current_add\u2502               \u2502             \u2502\u2502             \u2502                                                            \u2502ws_bill_custo\u2502                                                            \u2502cs_ship_custo\u2502               \n\u2502 s = 'Primary\u2502\u2502r_sk = ca_add\u2502               \u2502             \u2502\u2502             \u2502                                                            \u2502   mer_sk =  \u2502                                                            \u2502   mer_sk =  \u2502               \n\u2502') OR (cd_edu\u2502\u2502   ress_sk   \u2502               \u2502             \u2502\u2502             \u2502                                                            \u2502 c_customer_s\u2502                                                            \u2502 c_customer_s\u2502               \n\u2502cation_status\u2502\u2502             \u2502               \u2502             \u2502\u2502             \u2502                                                            \u2502      k      \u2502                                                            \u2502      k      \u2502               \n\u2502  = 'College'\u2502\u2502             \u2502               \u2502             \u2502\u2502             \u2502                                                            \u2502             \u2502                                                            \u2502             \u2502               \n\u2502   )) AND (  \u2502\u2502             \u251c\u2500\u2500\u2500\u2500\u2500\u2500\u2500\u2510       \u2502             \u2502\u2502             \u2502                                                            \u2502             \u251c\u2500\u2500\u2500\u2500\u2500\u2500\u2500\u2500\u2500\u2500\u2500\u2500\u2500\u2500\u2500\u2500\u2500\u2500\u2500\u2500\u2500\u2500\u2510                                     \u2502             \u251c\u2500\u2500\u2500\u2500\u2500\u2500\u2500\u2510       \n\u2502(cd_marital_s\u2502\u2502             \u2502       \u2502       \u2502             \u2502\u2502             \u2502                                                            \u2502             \u2502                      \u2502                                     \u2502             \u2502       \u2502       \n\u2502 tatus = 'S')\u2502\u2502             \u2502       \u2502       \u2502             \u2502\u2502             \u2502                                                            \u2502             \u2502                      \u2502                                     \u2502             \u2502       \u2502       \n\u2502 OR (cd_marit\u2502\u2502             \u2502       \u2502       \u2502             \u2502\u2502             \u2502                                                            \u2502             \u2502                      \u2502                                     \u2502             \u2502       \u2502       \n\u2502 al_status = \u2502\u2502             \u2502       \u2502       \u2502             \u2502\u2502             \u2502                                                            \u2502             \u2502                      \u2502                                     \u2502             \u2502       \u2502       \n\u2502   'M') OR   \u2502\u2502             \u2502       \u2502       \u2502             \u2502\u2502             \u2502                                                            \u2502             \u2502                      \u2502                                     \u2502             \u2502       \u2502       \n\u2502(cd_marital_s\u2502\u2502             \u2502       \u2502       \u2502             \u2502\u2502             \u2502                                                            \u2502             \u2502                      \u2502                                     \u2502             \u2502       \u2502       \n\u2502 tatus = 'U')\u2502\u2502             \u2502       \u2502       \u2502             \u2502\u2502             \u2502                                                            \u2502             \u2502                      \u2502                                     \u2502             \u2502       \u2502       \n\u2502      ))     \u2502\u2502             \u2502       \u2502       \u2502             \u2502\u2502             \u2502                                                            \u2502             \u2502                      \u2502                                     \u2502             \u2502       \u2502       \n\u2502             \u2502\u2502             \u2502       \u2502       \u2502             \u2502\u2502             \u2502                                                            \u2502             \u2502                      \u2502                                     \u2502             \u2502       \u2502       \n\u2502 329,268 rows\u2502\u2502 65,486 rows \u2502       \u2502       \u2502 10,888 rows \u2502\u2502 21,058 rows \u2502                                                            \u2502  1,786 rows \u2502                      \u2502                                     \u2502  3,219 rows \u2502       \u2502       \n\u2502   (0.03s)   \u2502\u2502   (0.00s)   \u2502       \u2502       \u2502   (0.00s)   \u2502\u2502   (0.00s)   \u2502                                                            \u2502   (0.00s)   \u2502                      \u2502                                     \u2502   (0.00s)   \u2502       \u2502       \n\u2514\u2500\u2500\u2500\u2500\u2500\u2500\u252c\u2500\u2500\u2500\u2500\u2500\u2500\u2518\u2514\u2500\u2500\u2500\u2500\u2500\u2500\u252c\u2500\u2500\u2500\u2500\u2500\u2500\u2518       \u2502       \u2514\u2500\u2500\u2500\u2500\u2500\u2500\u2500\u2500\u2500\u2500\u2500\u2500\u2500\u2518\u2514\u2500\u2500\u2500\u2500\u2500\u2500\u252c\u2500\u2500\u2500\u2500\u2500\u2500\u2518                                                            \u2514\u2500\u2500\u2500\u2500\u2500\u2500\u252c\u2500\u2500\u2500\u2500\u2500\u2500\u2518                      \u2502                                     \u2514\u2500\u2500\u2500\u2500\u2500\u2500\u252c\u2500\u2500\u2500\u2500\u2500\u2500\u2518       \u2502       \n\u250c\u2500\u2500\u2500\u2500\u2500\u2500\u2534\u2500\u2500\u2500\u2500\u2500\u2500\u2510\u250c\u2500\u2500\u2500\u2500\u2500\u2500\u2534\u2500\u2500\u2500\u2500\u2500\u2500\u2510\u250c\u2500\u2500\u2500\u2500\u2500\u2500\u2534\u2500\u2500\u2500\u2500\u2500\u2500\u2510               \u250c\u2500\u2500\u2500\u2500\u2500\u2500\u2534\u2500\u2500\u2500\u2500\u2500\u2500\u2510                                                            \u250c\u2500\u2500\u2500\u2500\u2500\u2500\u2534\u2500\u2500\u2500\u2500\u2500\u2500\u2510               \u250c\u2500\u2500\u2500\u2500\u2500\u2500\u2534\u2500\u2500\u2500\u2500\u2500\u2500\u2510                              \u250c\u2500\u2500\u2500\u2500\u2500\u2500\u2534\u2500\u2500\u2500\u2500\u2500\u2500\u2510\u250c\u2500\u2500\u2500\u2500\u2500\u2500\u2534\u2500\u2500\u2500\u2500\u2500\u2500\u2510\n\u2502  TABLE_SCAN \u2502\u2502  TABLE_SCAN \u2502\u2502  PROJECTION \u2502               \u2502  HASH_JOIN  \u2502                                                            \u2502  HASH_JOIN  \u2502               \u2502  DELIM_SCAN \u2502                              \u2502  TABLE_SCAN \u2502\u2502  DELIM_SCAN \u2502\n\u2502    \u2500\u2500\u2500\u2500\u2500\u2500   \u2502\u2502    \u2500\u2500\u2500\u2500\u2500\u2500   \u2502\u2502    \u2500\u2500\u2500\u2500\u2500\u2500   \u2502               \u2502    \u2500\u2500\u2500\u2500\u2500\u2500   \u2502                                                            \u2502    \u2500\u2500\u2500\u2500\u2500\u2500   \u2502               \u2502    \u2500\u2500\u2500\u2500\u2500\u2500   \u2502                              \u2502    \u2500\u2500\u2500\u2500\u2500\u2500   \u2502\u2502    \u2500\u2500\u2500\u2500\u2500\u2500   \u2502\n\u2502    Table:   \u2502\u2502    Table:   \u2502\u2502      #0     \u2502               \u2502  Join Type: \u2502                                                            \u2502  Join Type: \u2502               \u2502 Delim Index:\u2502                              \u2502    Table:   \u2502\u2502 Delim Index:\u2502\n\u2502customer_demo\u2502\u2502   customer  \u2502\u2502             \u2502               \u2502    INNER    \u2502                                                            \u2502    INNER    \u2502               \u2502      2      \u2502                              \u2502catalog_sales\u2502\u2502      3      \u2502\n\u2502   graphics  \u2502\u2502             \u2502\u2502             \u2502               \u2502             \u2502                                                            \u2502             \u2502               \u2502             \u2502                              \u2502             \u2502\u2502             \u2502\n\u2502             \u2502\u2502    Type:    \u2502\u2502             \u2502               \u2502 Conditions: \u2502                                                            \u2502 Conditions: \u2502               \u2502             \u2502                              \u2502    Type:    \u2502\u2502             \u2502\n\u2502    Type:    \u2502\u2502  Sequential \u2502\u2502             \u2502               \u2502ss_customer_s\u2502                                                            \u2502ws_sold_date_\u2502               \u2502             \u2502                              \u2502  Sequential \u2502\u2502             \u2502\n\u2502  Sequential \u2502\u2502     Scan    \u2502\u2502             \u2502               \u2502k = c_custome\u2502                                                            \u2502sk = d_date_s\u2502               \u2502             \u2502                              \u2502     Scan    \u2502\u2502             \u2502\n\u2502     Scan    \u2502\u2502             \u2502\u2502             \u2502               \u2502     r_sk    \u2502                                                            \u2502      k      \u2502               \u2502             \u2502                              \u2502             \u2502\u2502             \u2502\n\u2502             \u2502\u2502 Projections:\u2502\u2502             \u2502               \u2502             \u2502                                                            \u2502             \u2502               \u2502             \u2502                              \u2502 Projections:\u2502\u2502             \u2502\n\u2502 Projections:\u2502\u2502c_current_add\u2502\u2502             \u2502               \u2502             \u2502                                                            \u2502             \u2502               \u2502             \u2502                              \u2502cs_ship_custo\u2502\u2502             \u2502\n\u2502  cd_demo_sk \u2502\u2502     r_sk    \u2502\u2502             \u2502               \u2502             \u2502                                                            \u2502             \u2502               \u2502             \u2502                              \u2502    mer_sk   \u2502\u2502             \u2502\n\u2502cd_marital_st\u2502\u2502c_current_cde\u2502\u2502             \u2502               \u2502             \u2502                                                            \u2502             \u2502               \u2502             \u2502                              \u2502cs_sold_date_\u2502\u2502             \u2502\n\u2502     atus    \u2502\u2502    mo_sk    \u2502\u2502             \u2502               \u2502             \u2502                                                            \u2502             \u2502               \u2502             \u2502                              \u2502      sk     \u2502\u2502             \u2502\n\u2502cd_education_\u2502\u2502c_customer_sk\u2502\u2502             \u2502               \u2502             \u2502                                                            \u2502             \u2502               \u2502             \u2502                              \u2502             \u2502\u2502             \u2502\n\u2502    status   \u2502\u2502             \u2502\u2502             \u2502               \u2502             \u2502                                                            \u2502             \u2502               \u2502             \u2502                              \u2502   Filters:  \u2502\u2502             \u2502\n\u2502  cd_gender  \u2502\u2502             \u2502\u2502             \u2502               \u2502             \u2502                                                            \u2502             \u2502               \u2502             \u2502                              \u2502cs_list_price\u2502\u2502             \u2502\n\u2502cd_purchase_e\u2502\u2502             \u2502\u2502             \u2502               \u2502             \u251c\u2500\u2500\u2500\u2500\u2500\u2500\u2500\u2500\u2500\u2500\u2500\u2500\u2500\u2500\u2500\u2500\u2500\u2500\u2500\u2500\u2500\u2500\u2510                                     \u2502             \u251c\u2500\u2500\u2500\u2500\u2500\u2500\u2500\u2510       \u2502             \u2502                              \u2502 >=80.00 AND \u2502\u2502             \u2502\n\u2502   stimate   \u2502\u2502             \u2502\u2502             \u2502               \u2502             \u2502                      \u2502                                     \u2502             \u2502       \u2502       \u2502             \u2502                              \u2502 cs_list_pric\u2502\u2502             \u2502\n\u2502cd_credit_rat\u2502\u2502             \u2502\u2502             \u2502               \u2502             \u2502                      \u2502                                     \u2502             \u2502       \u2502       \u2502             \u2502                              \u2502  e<=169.00  \u2502\u2502             \u2502\n\u2502     ing     \u2502\u2502             \u2502\u2502             \u2502               \u2502             \u2502                      \u2502                                     \u2502             \u2502       \u2502       \u2502             \u2502                              \u2502             \u2502\u2502             \u2502\n\u2502             \u2502\u2502             \u2502\u2502             \u2502               \u2502             \u2502                      \u2502                                     \u2502             \u2502       \u2502       \u2502             \u2502                              \u2502             \u2502\u2502             \u2502\n\u2502   Filters:  \u2502\u2502             \u2502\u2502             \u2502               \u2502             \u2502                      \u2502                                     \u2502             \u2502       \u2502       \u2502             \u2502                              \u2502             \u2502\u2502             \u2502\n\u2502  optional:  \u2502\u2502             \u2502\u2502             \u2502               \u2502             \u2502                      \u2502                                     \u2502             \u2502       \u2502       \u2502             \u2502                              \u2502             \u2502\u2502             \u2502\n\u2502 cd_marital_s\u2502\u2502             \u2502\u2502             \u2502               \u2502             \u2502                      \u2502                                     \u2502             \u2502       \u2502       \u2502             \u2502                              \u2502             \u2502\u2502             \u2502\n\u2502 tatus IN ('S\u2502\u2502             \u2502\u2502             \u2502               \u2502             \u2502                      \u2502                                     \u2502             \u2502       \u2502       \u2502             \u2502                              \u2502             \u2502\u2502             \u2502\n\u2502 ', 'M', 'U')\u2502\u2502             \u2502\u2502             \u2502               \u2502             \u2502                      \u2502                                     \u2502             \u2502       \u2502       \u2502             \u2502                              \u2502             \u2502\u2502             \u2502\n\u2502  optional:  \u2502\u2502             \u2502\u2502             \u2502               \u2502             \u2502                      \u2502                                     \u2502             \u2502       \u2502       \u2502             \u2502                              \u2502             \u2502\u2502             \u2502\n\u2502 cd_education\u2502\u2502             \u2502\u2502             \u2502               \u2502             \u2502                      \u2502                                     \u2502             \u2502       \u2502       \u2502             \u2502                              \u2502             \u2502\u2502             \u2502\n\u2502 _status IN (\u2502\u2502             \u2502\u2502             \u2502               \u2502             \u2502                      \u2502                                     \u2502             \u2502       \u2502       \u2502             \u2502                              \u2502             \u2502\u2502             \u2502\n\u2502 'Primary',  \u2502\u2502             \u2502\u2502             \u2502               \u2502             \u2502                      \u2502                                     \u2502             \u2502       \u2502       \u2502             \u2502                              \u2502             \u2502\u2502             \u2502\n\u2502  'College') \u2502\u2502             \u2502\u2502             \u2502               \u2502             \u2502                      \u2502                                     \u2502             \u2502       \u2502       \u2502             \u2502                              \u2502             \u2502\u2502             \u2502\n\u2502             \u2502\u2502             \u2502\u2502             \u2502               \u2502             \u2502                      \u2502                                     \u2502             \u2502       \u2502       \u2502             \u2502                              \u2502             \u2502\u2502             \u2502\n\u25021,920,73...  \u2502\u2502 499,981 rows\u2502\u2502 32,874 rows \u2502               \u2502 21,058 rows \u2502                      \u2502                                     \u2502 251,211 rows\u2502       \u2502       \u2502    0 rows   \u2502                              \u2502 497,081 rows\u2502\u2502    0 rows   \u2502\n\u2502   (0.01s)   \u2502\u2502   (0.00s)   \u2502\u2502   (0.00s)   \u2502               \u2502   (0.02s)   \u2502                      \u2502                                     \u2502   (0.01s)   \u2502       \u2502       \u2502   (0.00s)   \u2502                              \u2502   (0.01s)   \u2502\u2502   (0.00s)   \u2502\n\u2514\u2500\u2500\u2500\u2500\u2500\u2500\u2500\u2500\u2500\u2500\u2500\u2500\u2500\u2518\u2514\u2500\u2500\u2500\u2500\u2500\u2500\u2500\u2500\u2500\u2500\u2500\u2500\u2500\u2518\u2514\u2500\u2500\u2500\u2500\u2500\u2500\u252c\u2500\u2500\u2500\u2500\u2500\u2500\u2518               \u2514\u2500\u2500\u2500\u2500\u2500\u2500\u252c\u2500\u2500\u2500\u2500\u2500\u2500\u2518                      \u2502                                     \u2514\u2500\u2500\u2500\u2500\u2500\u2500\u252c\u2500\u2500\u2500\u2500\u2500\u2500\u2518       \u2502       \u2514\u2500\u2500\u2500\u2500\u2500\u2500\u2500\u2500\u2500\u2500\u2500\u2500\u2500\u2518                              \u2514\u2500\u2500\u2500\u2500\u2500\u2500\u2500\u2500\u2500\u2500\u2500\u2500\u2500\u2518\u2514\u2500\u2500\u2500\u2500\u2500\u2500\u2500\u2500\u2500\u2500\u2500\u2500\u2500\u2518\n                              \u250c\u2500\u2500\u2500\u2500\u2500\u2500\u2534\u2500\u2500\u2500\u2500\u2500\u2500\u2510               \u250c\u2500\u2500\u2500\u2500\u2500\u2500\u2534\u2500\u2500\u2500\u2500\u2500\u2500\u2510               \u250c\u2500\u2500\u2500\u2500\u2500\u2500\u2534\u2500\u2500\u2500\u2500\u2500\u2500\u2510                              \u250c\u2500\u2500\u2500\u2500\u2500\u2500\u2534\u2500\u2500\u2500\u2500\u2500\u2500\u2510\u250c\u2500\u2500\u2500\u2500\u2500\u2500\u2534\u2500\u2500\u2500\u2500\u2500\u2500\u2510\n                              \u2502    FILTER   \u2502               \u2502  HASH_JOIN  \u2502               \u2502  DELIM_SCAN \u2502                              \u2502  TABLE_SCAN \u2502\u2502    FILTER   \u2502\n                              \u2502    \u2500\u2500\u2500\u2500\u2500\u2500   \u2502               \u2502    \u2500\u2500\u2500\u2500\u2500\u2500   \u2502               \u2502    \u2500\u2500\u2500\u2500\u2500\u2500   \u2502                              \u2502    \u2500\u2500\u2500\u2500\u2500\u2500   \u2502\u2502    \u2500\u2500\u2500\u2500\u2500\u2500   \u2502\n                              \u2502 ((ca_state =\u2502               \u2502  Join Type: \u2502               \u2502 Delim Index:\u2502                              \u2502    Table:   \u2502\u2502  (d_date_sk \u2502\n                              \u2502   'CO') OR  \u2502               \u2502    INNER    \u2502               \u2502      1      \u2502                              \u2502  web_sales  \u2502\u2502    BETWEEN  \u2502\n                              \u2502 (ca_state = \u2502               \u2502             \u2502               \u2502             \u2502                              \u2502             \u2502\u2502  2450816 AND\u2502\n                              \u2502  'NC') OR   \u2502               \u2502 Conditions: \u2502               \u2502             \u2502                              \u2502    Type:    \u2502\u2502   2452642)  \u2502\n                              \u2502 (ca_state = \u2502               \u2502ss_sold_date_\u2502               \u2502             \u2502                              \u2502  Sequential \u2502\u2502             \u2502\n                              \u2502    'TX'))   \u2502               \u2502sk = d_date_s\u2502               \u2502             \u2502                              \u2502     Scan    \u2502\u2502             \u2502\n                              \u2502             \u2502               \u2502      k      \u2502               \u2502             \u2502                              \u2502             \u2502\u2502             \u2502\n                              \u2502             \u2502               \u2502             \u2502               \u2502             \u2502                              \u2502 Projections:\u2502\u2502             \u2502\n                              \u2502             \u2502               \u2502             \u2502               \u2502             \u2502                              \u2502ws_bill_custo\u2502\u2502             \u2502\n                              \u2502             \u2502               \u2502             \u251c\u2500\u2500\u2500\u2500\u2500\u2500\u2500\u2510       \u2502             \u2502                              \u2502    mer_sk   \u2502\u2502             \u2502\n                              \u2502             \u2502               \u2502             \u2502       \u2502       \u2502             \u2502                              \u2502ws_sold_date_\u2502\u2502             \u2502\n                              \u2502             \u2502               \u2502             \u2502       \u2502       \u2502             \u2502                              \u2502      sk     \u2502\u2502             \u2502\n                              \u2502             \u2502               \u2502             \u2502       \u2502       \u2502             \u2502                              \u2502             \u2502\u2502             \u2502\n                              \u2502             \u2502               \u2502             \u2502       \u2502       \u2502             \u2502                              \u2502   Filters:  \u2502\u2502             \u2502\n                              \u2502             \u2502               \u2502             \u2502       \u2502       \u2502             \u2502                              \u2502ws_list_price\u2502\u2502             \u2502\n                              \u2502             \u2502               \u2502             \u2502       \u2502       \u2502             \u2502                              \u2502 >=80.00 AND \u2502\u2502             \u2502\n                              \u2502             \u2502               \u2502             \u2502       \u2502       \u2502             \u2502                              \u2502 ws_list_pric\u2502\u2502             \u2502\n                              \u2502             \u2502               \u2502             \u2502       \u2502       \u2502             \u2502                              \u2502  e<=169.00  \u2502\u2502             \u2502\n                              \u2502             \u2502               \u2502             \u2502       \u2502       \u2502             \u2502                              \u2502             \u2502\u2502             \u2502\n                              \u2502 32,874 rows \u2502               \u2502 991,732 rows\u2502       \u2502       \u2502    0 rows   \u2502                              \u2502 251,211 rows\u2502\u2502   92 rows   \u2502\n                              \u2502   (0.00s)   \u2502               \u2502   (0.03s)   \u2502       \u2502       \u2502   (0.00s)   \u2502                              \u2502   (0.04s)   \u2502\u2502   (0.00s)   \u2502\n                              \u2514\u2500\u2500\u2500\u2500\u2500\u2500\u252c\u2500\u2500\u2500\u2500\u2500\u2500\u2518               \u2514\u2500\u2500\u2500\u2500\u2500\u2500\u252c\u2500\u2500\u2500\u2500\u2500\u2500\u2518       \u2502       \u2514\u2500\u2500\u2500\u2500\u2500\u2500\u2500\u2500\u2500\u2500\u2500\u2500\u2500\u2518                              \u2514\u2500\u2500\u2500\u2500\u2500\u2500\u2500\u2500\u2500\u2500\u2500\u2500\u2500\u2518\u2514\u2500\u2500\u2500\u2500\u2500\u2500\u252c\u2500\u2500\u2500\u2500\u2500\u2500\u2518\n                              \u250c\u2500\u2500\u2500\u2500\u2500\u2500\u2534\u2500\u2500\u2500\u2500\u2500\u2500\u2510               \u250c\u2500\u2500\u2500\u2500\u2500\u2500\u2534\u2500\u2500\u2500\u2500\u2500\u2500\u2510\u250c\u2500\u2500\u2500\u2500\u2500\u2500\u2534\u2500\u2500\u2500\u2500\u2500\u2500\u2510                                                            \u250c\u2500\u2500\u2500\u2500\u2500\u2500\u2534\u2500\u2500\u2500\u2500\u2500\u2500\u2510\n                              \u2502  TABLE_SCAN \u2502               \u2502  TABLE_SCAN \u2502\u2502    FILTER   \u2502                                                            \u2502  TABLE_SCAN \u2502\n                              \u2502    \u2500\u2500\u2500\u2500\u2500\u2500   \u2502               \u2502    \u2500\u2500\u2500\u2500\u2500\u2500   \u2502\u2502    \u2500\u2500\u2500\u2500\u2500\u2500   \u2502                                                            \u2502    \u2500\u2500\u2500\u2500\u2500\u2500   \u2502\n                              \u2502    Table:   \u2502               \u2502    Table:   \u2502\u2502  (d_date_sk \u2502                                                            \u2502    Table:   \u2502\n                              \u2502customer_addr\u2502               \u2502 store_sales \u2502\u2502    BETWEEN  \u2502                                                            \u2502   date_dim  \u2502\n                              \u2502     ess     \u2502               \u2502             \u2502\u2502  2450816 AND\u2502                                                            \u2502             \u2502\n                              \u2502             \u2502               \u2502    Type:    \u2502\u2502   2452642)  \u2502                                                            \u2502    Type:    \u2502\n                              \u2502    Type:    \u2502               \u2502  Sequential \u2502\u2502             \u2502                                                            \u2502  Sequential \u2502\n                              \u2502  Sequential \u2502               \u2502     Scan    \u2502\u2502             \u2502                                                            \u2502     Scan    \u2502\n                              \u2502     Scan    \u2502               \u2502             \u2502\u2502             \u2502                                                            \u2502             \u2502\n                              \u2502             \u2502               \u2502 Projections:\u2502\u2502             \u2502                                                            \u2502 Projections:\u2502\n                              \u2502 Projections:\u2502               \u2502ss_customer_s\u2502\u2502             \u2502                                                            \u2502  d_date_sk  \u2502\n                              \u2502ca_address_sk\u2502               \u2502      k      \u2502\u2502             \u2502                                                            \u2502             \u2502\n                              \u2502   ca_state  \u2502               \u2502ss_sold_date_\u2502\u2502             \u2502                                                            \u2502   Filters:  \u2502\n                              \u2502             \u2502               \u2502      sk     \u2502\u2502             \u2502                                                            \u2502 d_year=2002 \u2502\n                              \u2502   Filters:  \u2502               \u2502             \u2502\u2502             \u2502                                                            \u2502  d_moy>=10  \u2502\n                              \u2502  optional:  \u2502               \u2502   Filters:  \u2502\u2502             \u2502                                                            \u2502  AND d_moy< \u2502\n                              \u2502  ca_state IN\u2502               \u2502ss_list_price\u2502\u2502             \u2502                                                            \u2502     =12     \u2502\n                              \u2502  ('CO', 'NC'\u2502               \u2502 >=80.00 AND \u2502\u2502             \u2502                                                            \u2502             \u2502\n                              \u2502   , 'TX')   \u2502               \u2502 ss_list_pric\u2502\u2502             \u2502                                                            \u2502             \u2502\n                              \u2502             \u2502               \u2502  e<=169.00  \u2502\u2502             \u2502                                                            \u2502             \u2502\n                              \u2502             \u2502               \u2502             \u2502\u2502             \u2502                                                            \u2502             \u2502\n                              \u2502 250,000 rows\u2502               \u2502 991,732 rows\u2502\u2502   92 rows   \u2502                                                            \u2502   92 rows   \u2502\n                              \u2502   (0.00s)   \u2502               \u2502   (0.21s)   \u2502\u2502   (0.00s)   \u2502                                                            \u2502   (0.00s)   \u2502\n                              \u2514\u2500\u2500\u2500\u2500\u2500\u2500\u2500\u2500\u2500\u2500\u2500\u2500\u2500\u2518               \u2514\u2500\u2500\u2500\u2500\u2500\u2500\u2500\u2500\u2500\u2500\u2500\u2500\u2500\u2518\u2514\u2500\u2500\u2500\u2500\u2500\u2500\u252c\u2500\u2500\u2500\u2500\u2500\u2500\u2518                                                            \u2514\u2500\u2500\u2500\u2500\u2500\u2500\u2500\u2500\u2500\u2500\u2500\u2500\u2500\u2518\n                                                                           \u250c\u2500\u2500\u2500\u2500\u2500\u2500\u2534\u2500\u2500\u2500\u2500\u2500\u2500\u2510\n                                                                           \u2502  TABLE_SCAN \u2502\n                                                                           \u2502    \u2500\u2500\u2500\u2500\u2500\u2500   \u2502\n                                                                           \u2502    Table:   \u2502\n                                                                           \u2502   date_dim  \u2502\n                                                                           \u2502             \u2502\n                                                                           \u2502    Type:    \u2502\n                                                                           \u2502  Sequential \u2502\n                                                                           \u2502     Scan    \u2502\n                                                                           \u2502             \u2502\n                                                                           \u2502 Projections:\u2502\n                                                                           \u2502  d_date_sk  \u2502\n                                                                           \u2502             \u2502\n                                                                           \u2502   Filters:  \u2502\n                                                                           \u2502 d_year=2002 \u2502\n                                                                           \u2502  d_moy>=10  \u2502\n                                                                           \u2502  AND d_moy< \u2502\n                                                                           \u2502     =12     \u2502\n                                                                           \u2502             \u2502\n                                                                           \u2502   92 rows   \u2502\n                                                                           \u2502   (0.00s)   \u2502\n                                                                           \u2514\u2500\u2500\u2500\u2500\u2500\u2500\u2500\u2500\u2500\u2500\u2500\u2500\u2500\u2518\n",
  "plan_json": {
    "total_bytes_written": 0,
    "total_bytes_read": 0,
    "rows_returned": 0,
    "latency": 0.0,
    "result_set_size": 0,
    "query_name": "",
    "blocked_thread_time": 0.0,
    "system_peak_buffer_memory": 0,
    "system_peak_temp_dir_size": 0,
    "cpu_time": 0.0,
    "extra_info": {},
    "cumulative_cardinality": 0,
    "cumulative_rows_scanned": 0,
    "children": [
      {
        "total_bytes_written": 0,
        "total_bytes_read": 0,
        "result_set_size": 0,
        "operator_name": "EXPLAIN_ANALYZE",
        "cpu_time": 0.0,
        "extra_info": {},
        "cumulative_cardinality": 0,
        "operator_type": "EXPLAIN_ANALYZE",
        "operator_cardinality": 0,
        "cumulative_rows_scanned": 0,
        "operator_rows_scanned": 0,
        "operator_timing": 3.03e-07,
        "children": [
          {
            "total_bytes_written": 0,
            "total_bytes_read": 0,
            "result_set_size": 9200,
            "operator_name": "TOP_N",
            "cpu_time": 0.0,
            "extra_info": {
              "Top": "100",
              "Order By": [
                "tpcds_sf10_2.main.customer_demographics.cd_gender ASC",
                "tpcds_sf10_2.main.customer_demographics.cd_marital_status ASC",
                "tpcds_sf10_2.main.customer_demographics.cd_education_status ASC",
                "tpcds_sf10_2.main.customer_demographics.cd_purchase_estimate ASC",
                "tpcds_sf10_2.main.customer_demographics.cd_credit_rating ASC"
              ]
            },
            "cumulative_cardinality": 0,
            "operator_type": "TOP_N",
            "operator_cardinality": 100,
            "cumulative_rows_scanned": 0,
            "operator_rows_scanned": 0,
            "operator_timing": 0.00023581099999999997,
            "children": [
              {
                "total_bytes_written": 0,
                "total_bytes_read": 0,
                "result_set_size": 81880,
                "operator_name": "PROJECTION",
                "cpu_time": 0.0,
                "extra_info": {
                  "Projections": [
                    "cd_gender",
                    "cd_marital_status",
                    "cd_education_status",
                    "cnt1",
                    "cd_purchase_estimate",
                    "cnt2",
                    "cd_credit_rating",
                    "cnt3"
                  ],
                  "Estimated Cardinality": "131"
                },
                "cumulative_cardinality": 0,
                "operator_type": "PROJECTION",
                "operator_cardinality": 890,
                "cumulative_rows_scanned": 0,
                "operator_rows_scanned": 0,
                "operator_timing": 3.4770000000000003e-06,
                "children": [
                  {
                    "total_bytes_written": 0,
                    "total_bytes_read": 0,
                    "result_set_size": 67640,
                    "operator_name": "PROJECTION",
                    "cpu_time": 0.0,
                    "extra_info": {
                      "Projections": [
                        "__internal_decompress_string(#0)",
                        "__internal_decompress_string(#1)",
                        "__internal_decompress_string(#2)",
                        "__internal_decompress_integral_integer(#3, 500)",
                        "__internal_decompress_string(#4)",
                        "#5"
                      ],
                      "Estimated Cardinality": "131"
                    },
                    "cumulative_cardinality": 0,
                    "operator_type": "PROJECTION",
                    "operator_cardinality": 890,
                    "cumulative_rows_scanned": 0,
                    "operator_rows_scanned": 0,
                    "operator_timing": 4.138e-05,
                    "children": [
                      {
                        "total_bytes_written": 0,
                        "total_bytes_read": 0,
                        "result_set_size": 39160,
                        "operator_name": "HASH_GROUP_BY",
                        "cpu_time": 0.0,
                        "extra_info": {
                          "Groups": [
                            "#0",
                            "#1",
                            "#2",
                            "#3",
                            "#4"
                          ],
                          "Aggregates": "count_star()",
                          "Estimated Cardinality": "131"
                        },
                        "cumulative_cardinality": 0,
                        "operator_type": "HASH_GROUP_BY",
                        "operator_cardinality": 890,
                        "cumulative_rows_scanned": 0,
                        "operator_rows_scanned": 0,
                        "operator_timing": 0.0012838499999999998,
                        "children": [
                          {
                            "total_bytes_written": 0,
                            "total_bytes_read": 0,
                            "result_set_size": 91440,
                            "operator_name": "PROJECTION",
                            "cpu_time": 0.0,
                            "extra_info": {
                              "Projections": [
                                "cd_gender",
                                "cd_marital_status",
                                "cd_education_status",
                                "cd_purchase_estimate",
                                "cd_credit_rating"
                              ],
                              "Estimated Cardinality": "131"
                            },
                            "cumulative_cardinality": 0,
                            "operator_type": "PROJECTION",
                            "operator_cardinality": 2540,
                            "cumulative_rows_scanned": 0,
                            "operator_rows_scanned": 0,
                            "operator_timing": 1.0859999999999999e-06,
                            "children": [
                              {
                                "total_bytes_written": 0,
                                "total_bytes_read": 0,
                                "result_set_size": 91440,
                                "operator_name": "PROJECTION",
                                "cpu_time": 0.0,
                                "extra_info": {
                                  "Projections": [
                                    "__internal_compress_string_utinyint(#0)",
                                    "__internal_compress_string_uhugeint(#1)",
                                    "__internal_compress_string_utinyint(#2)",
                                    "__internal_compress_integral_usmallint(#3, 500)",
                                    "__internal_compress_string_uhugeint(#4)"
                                  ],
                                  "Estimated Cardinality": "131"
                                },
                                "cumulative_cardinality": 0,
                                "operator_type": "PROJECTION",
                                "operator_cardinality": 2540,
                                "cumulative_rows_scanned": 0,
                                "operator_rows_scanned": 0,
                                "operator_timing": 6.0551e-05,
                                "children": [
                                  {
                                    "total_bytes_written": 0,
                                    "total_bytes_read": 0,
                                    "result_set_size": 0,
                                    "operator_name": "LEFT_DELIM_JOIN",
                                    "cpu_time": 0.0,
                                    "extra_info": {
                                      "Join Type": "ANTI",
                                      "Conditions": "c_customer_sk IS NOT DISTINCT FROM c_customer_sk",
                                      "Estimated Cardinality": "131",
                                      "Delim Index": "3"
                                    },
                                    "cumulative_cardinality": 0,
                                    "operator_type": "LEFT_DELIM_JOIN",
                                    "operator_cardinality": 0,
                                    "cumulative_rows_scanned": 0,
                                    "operator_rows_scanned": 0,
                                    "operator_timing": 0.0006811710000000001,
                                    "children": [
                                      {
                                        "total_bytes_written": 0,
                                        "total_bytes_read": 0,
                                        "result_set_size": 0,
                                        "operator_name": "LEFT_DELIM_JOIN",
                                        "cpu_time": 0.0,
                                        "extra_info": {
                                          "Join Type": "ANTI",
                                          "Conditions": "c_customer_sk IS NOT DISTINCT FROM c_customer_sk",
                                          "Estimated Cardinality": "657",
                                          "Delim Index": "2"
                                        },
                                        "cumulative_cardinality": 0,
                                        "operator_type": "LEFT_DELIM_JOIN",
                                        "operator_cardinality": 0,
                                        "cumulative_rows_scanned": 0,
                                        "operator_rows_scanned": 0,
                                        "operator_timing": 0.00105605,
                                        "children": [
                                          {
                                            "total_bytes_written": 0,
                                            "total_bytes_read": 0,
                                            "result_set_size": 0,
                                            "operator_name": "LEFT_DELIM_JOIN",
                                            "cpu_time": 0.0,
                                            "extra_info": {
                                              "Join Type": "SEMI",
                                              "Conditions": "c_customer_sk IS NOT DISTINCT FROM c_customer_sk",
                                              "Estimated Cardinality": "3285",
                                              "Delim Index": "1"
                                            },
                                            "cumulative_cardinality": 0,
                                            "operator_type": "LEFT_DELIM_JOIN",
                                            "operator_cardinality": 0,
                                            "cumulative_rows_scanned": 0,
                                            "operator_rows_scanned": 0,
                                            "operator_timing": 0.001626029,
                                            "children": [
                                              {
                                                "total_bytes_written": 0,
                                                "total_bytes_read": 0,
                                                "result_set_size": 783936,
                                                "operator_name": "HASH_JOIN",
                                                "cpu_time": 0.0,
                                                "extra_info": {
                                                  "Join Type": "INNER",
                                                  "Conditions": "cd_demo_sk = c_current_cdemo_sk",
                                                  "Estimated Cardinality": "16425"
                                                },
                                                "cumulative_cardinality": 0,
                                                "operator_type": "HASH_JOIN",
                                                "operator_cardinality": 10888,
                                                "cumulative_rows_scanned": 0,
                                                "operator_rows_scanned": 0,
                                                "operator_timing": 0.01089439,
                                                "children": [
                                                  {
                                                    "total_bytes_written": 0,
                                                    "total_bytes_read": 0,
                                                    "result_set_size": 23707296,
                                                    "operator_name": "FILTER",
                                                    "cpu_time": 0.0,
                                                    "extra_info": {
                                                      "Expression": "((cd_demo_sk BETWEEN 4 AND 1920791) AND ((cd_education_status = 'Primary') OR (cd_education_status = 'College')) AND ((cd_marital_status = 'S') OR (cd_marital_status = 'M') OR (cd_marital_status = 'U')))",
                                                      "Estimated Cardinality": "1920800"
                                                    },
                                                    "cumulative_cardinality": 0,
                                                    "operator_type": "FILTER",
                                                    "operator_cardinality": 329268,
                                                    "cumulative_rows_scanned": 0,
                                                    "operator_rows_scanned": 0,
                                                    "operator_timing": 0.026343603999999993,
                                                    "children": [
                                                      {
                                                        "total_bytes_written": 0,
                                                        "total_bytes_read": 0,
                                                        "result_set_size": 138292632,
                                                        "operator_name": "SEQ_SCAN ",
                                                        "cpu_time": 0.0,
                                                        "extra_info": {
                                                          "Table": "customer_demographics",
                                                          "Type": "Sequential Scan",
                                                          "Projections": [
                                                            "cd_demo_sk",
                                                            "cd_marital_status",
                                                            "cd_education_status",
                                                            "cd_gender",
                                                            "cd_purchase_estimate",
                                                            "cd_credit_rating"
                                                          ],
                                                          "Filters": [
                                                            "optional: cd_marital_status IN ('S', 'M', 'U')",
                                                            "optional: cd_education_status IN ('Primary', 'College')"
                                                          ],
                                                          "Estimated Cardinality": "1920800"
                                                        },
                                                        "cumulative_cardinality": 0,
                                                        "operator_type": "TABLE_SCAN",
                                                        "operator_cardinality": 1920731,
                                                        "cumulative_rows_scanned": 0,
                                                        "operator_rows_scanned": 30732800,
                                                        "operator_timing": 0.006181543,
                                                        "children": []
                                                      }
                                                    ]
                                                  },
                                                  {
                                                    "total_bytes_written": 0,
                                                    "total_bytes_read": 0,
                                                    "result_set_size": 785832,
                                                    "operator_name": "HASH_JOIN",
                                                    "cpu_time": 0.0,
                                                    "extra_info": {
                                                      "Join Type": "INNER",
                                                      "Conditions": "c_current_addr_sk = ca_address_sk",
                                                      "Estimated Cardinality": "82127"
                                                    },
                                                    "cumulative_cardinality": 0,
                                                    "operator_type": "HASH_JOIN",
                                                    "operator_cardinality": 65486,
                                                    "cumulative_rows_scanned": 0,
                                                    "operator_rows_scanned": 0,
                                                    "operator_timing": 0.0015797489999999997,
                                                    "children": [
                                                      {
                                                        "total_bytes_written": 0,
                                                        "total_bytes_read": 0,
                                                        "result_set_size": 5999772,
                                                        "operator_name": "SEQ_SCAN ",
                                                        "cpu_time": 0.0,
                                                        "extra_info": {
                                                          "Table": "customer",
                                                          "Type": "Sequential Scan",
                                                          "Projections": [
                                                            "c_current_addr_sk",
                                                            "c_current_cdemo_sk",
                                                            "c_customer_sk"
                                                          ],
                                                          "Estimated Cardinality": "500000"
                                                        },
                                                        "cumulative_cardinality": 0,
                                                        "operator_type": "TABLE_SCAN",
                                                        "operator_cardinality": 499981,
                                                        "cumulative_rows_scanned": 0,
                                                        "operator_rows_scanned": 2500000,
                                                        "operator_timing": 0.001117866,
                                                        "children": []
                                                      },
                                                      {
                                                        "total_bytes_written": 0,
                                                        "total_bytes_read": 0,
                                                        "result_set_size": 131496,
                                                        "operator_name": "PROJECTION",
                                                        "cpu_time": 0.0,
                                                        "extra_info": {
                                                          "Projections": "#0",
                                                          "Estimated Cardinality": "50000"
                                                        },
                                                        "cumulative_cardinality": 0,
                                                        "operator_type": "PROJECTION",
                                                        "operator_cardinality": 32874,
                                                        "cumulative_rows_scanned": 0,
                                                        "operator_rows_scanned": 0,
                                                        "operator_timing": 1.5568e-05,
                                                        "children": [
                                                          {
                                                            "total_bytes_written": 0,
                                                            "total_bytes_read": 0,
                                                            "result_set_size": 657480,
                                                            "operator_name": "FILTER",
                                                            "cpu_time": 0.0,
                                                            "extra_info": {
                                                              "Expression": "((ca_state = 'CO') OR (ca_state = 'NC') OR (ca_state = 'TX'))",
                                                              "Estimated Cardinality": "50000"
                                                            },
                                                            "cumulative_cardinality": 0,
                                                            "operator_type": "FILTER",
                                                            "operator_cardinality": 32874,
                                                            "cumulative_rows_scanned": 0,
                                                            "operator_rows_scanned": 0,
                                                            "operator_timing": 0.0018883540000000003,
                                                            "children": [
                                                              {
                                                                "total_bytes_written": 0,
                                                                "total_bytes_read": 0,
                                                                "result_set_size": 5000000,
                                                                "operator_name": "SEQ_SCAN ",
                                                                "cpu_time": 0.0,
                                                                "extra_info": {
                                                                  "Table": "customer_address",
                                                                  "Type": "Sequential Scan",
                                                                  "Projections": [
                                                                    "ca_address_sk",
                                                                    "ca_state"
                                                                  ],
                                                                  "Filters": "optional: ca_state IN ('CO', 'NC', 'TX')",
                                                                  "Estimated Cardinality": "250000"
                                                                },
                                                                "cumulative_cardinality": 0,
                                                                "operator_type": "TABLE_SCAN",
                                                                "operator_cardinality": 250000,
                                                                "cumulative_rows_scanned": 0,
                                                                "operator_rows_scanned": 750000,
                                                                "operator_timing": 0.0012507400000000002,
                                                                "children": []
                                                              }
                                                            ]
                                                          }
                                                        ]
                                                      }
                                                    ]
                                                  }
                                                ]
                                              },
                                              {
                                                "total_bytes_written": 0,
                                                "total_bytes_read": 0,
                                                "result_set_size": 266760,
                                                "operator_name": "HASH_JOIN",
                                                "cpu_time": 0.0,
                                                "extra_info": {
                                                  "Join Type": "SEMI",
                                                  "Conditions": "c_customer_sk IS NOT DISTINCT FROM c_customer_sk",
                                                  "Estimated Cardinality": "3285"
                                                },
                                                "cumulative_cardinality": 0,
                                                "operator_type": "HASH_JOIN",
                                                "operator_cardinality": 3705,
                                                "cumulative_rows_scanned": 0,
                                                "operator_rows_scanned": 0,
                                                "operator_timing": 0.003951916,
                                                "children": [
                                                  {
                                                    "total_bytes_written": 0,
                                                    "total_bytes_read": 0,
                                                    "result_set_size": 783936,
                                                    "operator_name": "COLUMN_DATA_SCAN",
                                                    "cpu_time": 0.0,
                                                    "extra_info": {
                                                      "Estimated Cardinality": "3285"
                                                    },
                                                    "cumulative_cardinality": 0,
                                                    "operator_type": "COLUMN_DATA_SCAN",
                                                    "operator_cardinality": 10888,
                                                    "cumulative_rows_scanned": 0,
                                                    "operator_rows_scanned": 0,
                                                    "operator_timing": 7.3241e-05,
                                                    "children": []
                                                  },
                                                  {
                                                    "total_bytes_written": 0,
                                                    "total_bytes_read": 0,
                                                    "result_set_size": 84232,
                                                    "operator_name": "PROJECTION",
                                                    "cpu_time": 0.0,
                                                    "extra_info": {
                                                      "Projections": "c_customer_sk",
                                                      "Estimated Cardinality": "1935"
                                                    },
                                                    "cumulative_cardinality": 0,
                                                    "operator_type": "PROJECTION",
                                                    "operator_cardinality": 21058,
                                                    "cumulative_rows_scanned": 0,
                                                    "operator_rows_scanned": 0,
                                                    "operator_timing": 2.4200999999999997e-05,
                                                    "children": [
                                                      {
                                                        "total_bytes_written": 0,
                                                        "total_bytes_read": 0,
                                                        "result_set_size": 168464,
                                                        "operator_name": "HASH_JOIN",
                                                        "cpu_time": 0.0,
                                                        "extra_info": {
                                                          "Join Type": "INNER",
                                                          "Conditions": "ss_customer_sk = c_customer_sk",
                                                          "Estimated Cardinality": "1935"
                                                        },
                                                        "cumulative_cardinality": 0,
                                                        "operator_type": "HASH_JOIN",
                                                        "operator_cardinality": 21058,
                                                        "cumulative_rows_scanned": 0,
                                                        "operator_rows_scanned": 0,
                                                        "operator_timing": 0.019028656,
                                                        "children": [
                                                          {
                                                            "total_bytes_written": 0,
                                                            "total_bytes_read": 0,
                                                            "result_set_size": 7933856,
                                                            "operator_name": "HASH_JOIN",
                                                            "cpu_time": 0.0,
                                                            "extra_info": {
                                                              "Join Type": "INNER",
                                                              "Conditions": "ss_sold_date_sk = d_date_sk",
                                                              "Estimated Cardinality": "46129"
                                                            },
                                                            "cumulative_cardinality": 0,
                                                            "operator_type": "HASH_JOIN",
                                                            "operator_cardinality": 991732,
                                                            "cumulative_rows_scanned": 0,
                                                            "operator_rows_scanned": 0,
                                                            "operator_timing": 0.028784700999999996,
                                                            "children": [
                                                              {
                                                                "total_bytes_written": 0,
                                                                "total_bytes_read": 0,
                                                                "result_set_size": 7933856,
                                                                "operator_name": "SEQ_SCAN ",
                                                                "cpu_time": 0.0,
                                                                "extra_info": {
                                                                  "Table": "store_sales",
                                                                  "Type": "Sequential Scan",
                                                                  "Projections": [
                                                                    "ss_customer_sk",
                                                                    "ss_sold_date_sk"
                                                                  ],
                                                                  "Filters": "ss_list_price>=80.00 AND ss_list_price<=169.00",
                                                                  "Estimated Cardinality": "5760198"
                                                                },
                                                                "cumulative_cardinality": 0,
                                                                "operator_type": "TABLE_SCAN",
                                                                "operator_cardinality": 991732,
                                                                "cumulative_rows_scanned": 0,
                                                                "operator_rows_scanned": 806427748,
                                                                "operator_timing": 0.19596604899999998,
                                                                "children": []
                                                              },
                                                              {
                                                                "total_bytes_written": 0,
                                                                "total_bytes_read": 0,
                                                                "result_set_size": 368,
                                                                "operator_name": "FILTER",
                                                                "cpu_time": 0.0,
                                                                "extra_info": {
                                                                  "Expression": "(d_date_sk BETWEEN 2450816 AND 2452642)",
                                                                  "Estimated Cardinality": "585"
                                                                },
                                                                "cumulative_cardinality": 0,
                                                                "operator_type": "FILTER",
                                                                "operator_cardinality": 92,
                                                                "cumulative_rows_scanned": 0,
                                                                "operator_rows_scanned": 0,
                                                                "operator_timing": 6.523e-06,
                                                                "children": [
                                                                  {
                                                                    "total_bytes_written": 0,
                                                                    "total_bytes_read": 0,
                                                                    "result_set_size": 368,
                                                                    "operator_name": "SEQ_SCAN ",
                                                                    "cpu_time": 0.0,
                                                                    "extra_info": {
                                                                      "Table": "date_dim",
                                                                      "Type": "Sequential Scan",
                                                                      "Projections": "d_date_sk",
                                                                      "Filters": [
                                                                        "d_year=2002",
                                                                        "d_moy>=10 AND d_moy<=12"
                                                                      ],
                                                                      "Estimated Cardinality": "585"
                                                                    },
                                                                    "cumulative_cardinality": 0,
                                                                    "operator_type": "TABLE_SCAN",
                                                                    "operator_cardinality": 92,
                                                                    "cumulative_rows_scanned": 0,
                                                                    "operator_rows_scanned": 73049,
                                                                    "operator_timing": 3.6136999999999996e-05,
                                                                    "children": []
                                                                  }
                                                                ]
                                                              }
                                                            ]
                                                          },
                                                          {
                                                            "total_bytes_written": 0,
                                                            "total_bytes_read": 0,
                                                            "result_set_size": 0,
                                                            "operator_name": "DELIM_SCAN",
                                                            "cpu_time": 0.0,
                                                            "extra_info": {
                                                              "Delim Index": "1",
                                                              "Estimated Cardinality": "16158"
                                                            },
                                                            "cumulative_cardinality": 0,
                                                            "operator_type": "DELIM_SCAN",
                                                            "operator_cardinality": 0,
                                                            "cumulative_rows_scanned": 0,
                                                            "operator_rows_scanned": 0,
                                                            "operator_timing": 0.0,
                                                            "children": []
                                                          }
                                                        ]
                                                      }
                                                    ]
                                                  }
                                                ]
                                              },
                                              {
                                                "total_bytes_written": 0,
                                                "total_bytes_read": 0,
                                                "result_set_size": 43552,
                                                "operator_name": "HASH_GROUP_BY",
                                                "cpu_time": 0.0,
                                                "extra_info": {
                                                  "Groups": "#5",
                                                  "Aggregates": "",
                                                  "Estimated Cardinality": "16158"
                                                },
                                                "cumulative_cardinality": 0,
                                                "operator_type": "HASH_GROUP_BY",
                                                "operator_cardinality": 10888,
                                                "cumulative_rows_scanned": 0,
                                                "operator_rows_scanned": 0,
                                                "operator_timing": 0.003529785,
                                                "children": []
                                              }
                                            ]
                                          },
                                          {
                                            "total_bytes_written": 0,
                                            "total_bytes_read": 0,
                                            "result_set_size": 240120,
                                            "operator_name": "HASH_JOIN",
                                            "cpu_time": 0.0,
                                            "extra_info": {
                                              "Join Type": "ANTI",
                                              "Conditions": "c_customer_sk IS NOT DISTINCT FROM c_customer_sk",
                                              "Estimated Cardinality": "657"
                                            },
                                            "cumulative_cardinality": 0,
                                            "operator_type": "HASH_JOIN",
                                            "operator_cardinality": 3335,
                                            "cumulative_rows_scanned": 0,
                                            "operator_rows_scanned": 0,
                                            "operator_timing": 0.0014018940000000003,
                                            "children": [
                                              {
                                                "total_bytes_written": 0,
                                                "total_bytes_read": 0,
                                                "result_set_size": 266760,
                                                "operator_name": "COLUMN_DATA_SCAN",
                                                "cpu_time": 0.0,
                                                "extra_info": {
                                                  "Estimated Cardinality": "657"
                                                },
                                                "cumulative_cardinality": 0,
                                                "operator_type": "COLUMN_DATA_SCAN",
                                                "operator_cardinality": 3705,
                                                "cumulative_rows_scanned": 0,
                                                "operator_rows_scanned": 0,
                                                "operator_timing": 2.0934e-05,
                                                "children": []
                                              },
                                              {
                                                "total_bytes_written": 0,
                                                "total_bytes_read": 0,
                                                "result_set_size": 7144,
                                                "operator_name": "PROJECTION",
                                                "cpu_time": 0.0,
                                                "extra_info": {
                                                  "Projections": "c_customer_sk",
                                                  "Estimated Cardinality": "123"
                                                },
                                                "cumulative_cardinality": 0,
                                                "operator_type": "PROJECTION",
                                                "operator_cardinality": 1786,
                                                "cumulative_rows_scanned": 0,
                                                "operator_rows_scanned": 0,
                                                "operator_timing": 1.0603e-05,
                                                "children": [
                                                  {
                                                    "total_bytes_written": 0,
                                                    "total_bytes_read": 0,
                                                    "result_set_size": 14288,
                                                    "operator_name": "HASH_JOIN",
                                                    "cpu_time": 0.0,
                                                    "extra_info": {
                                                      "Join Type": "INNER",
                                                      "Conditions": "ws_bill_customer_sk = c_customer_sk",
                                                      "Estimated Cardinality": "123"
                                                    },
                                                    "cumulative_cardinality": 0,
                                                    "operator_type": "HASH_JOIN",
                                                    "operator_cardinality": 1786,
                                                    "cumulative_rows_scanned": 0,
                                                    "operator_rows_scanned": 0,
                                                    "operator_timing": 0.005145726999999999,
                                                    "children": [
                                                      {
                                                        "total_bytes_written": 0,
                                                        "total_bytes_read": 0,
                                                        "result_set_size": 2009688,
                                                        "operator_name": "HASH_JOIN",
                                                        "cpu_time": 0.0,
                                                        "extra_info": {
                                                          "Join Type": "INNER",
                                                          "Conditions": "ws_sold_date_sk = d_date_sk",
                                                          "Estimated Cardinality": "11528"
                                                        },
                                                        "cumulative_cardinality": 0,
                                                        "operator_type": "HASH_JOIN",
                                                        "operator_cardinality": 251211,
                                                        "cumulative_rows_scanned": 0,
                                                        "operator_rows_scanned": 0,
                                                        "operator_timing": 0.007055107999999999,
                                                        "children": [
                                                          {
                                                            "total_bytes_written": 0,
                                                            "total_bytes_read": 0,
                                                            "result_set_size": 2009688,
                                                            "operator_name": "SEQ_SCAN ",
                                                            "cpu_time": 0.0,
                                                            "extra_info": {
                                                              "Table": "web_sales",
                                                              "Type": "Sequential Scan",
                                                              "Projections": [
                                                                "ws_bill_customer_sk",
                                                                "ws_sold_date_sk"
                                                              ],
                                                              "Filters": "ws_list_price>=80.00 AND ws_list_price<=169.00",
                                                              "Estimated Cardinality": "1439513"
                                                            },
                                                            "cumulative_cardinality": 0,
                                                            "operator_type": "TABLE_SCAN",
                                                            "operator_cardinality": 251211,
                                                            "cumulative_rows_scanned": 0,
                                                            "operator_rows_scanned": 201531848,
                                                            "operator_timing": 0.044342553999999985,
                                                            "children": []
                                                          },
                                                          {
                                                            "total_bytes_written": 0,
                                                            "total_bytes_read": 0,
                                                            "result_set_size": 368,
                                                            "operator_name": "FILTER",
                                                            "cpu_time": 0.0,
                                                            "extra_info": {
                                                              "Expression": "(d_date_sk BETWEEN 2450816 AND 2452642)",
                                                              "Estimated Cardinality": "585"
                                                            },
                                                            "cumulative_cardinality": 0,
                                                            "operator_type": "FILTER",
                                                            "operator_cardinality": 92,
                                                            "cumulative_rows_scanned": 0,
                                                            "operator_rows_scanned": 0,
                                                            "operator_timing": 7.373e-06,
                                                            "children": [
                                                              {
                                                                "total_bytes_written": 0,
                                                                "total_bytes_read": 0,
                                                                "result_set_size": 368,
                                                                "operator_name": "SEQ_SCAN ",
                                                                "cpu_time": 0.0,
                                                                "extra_info": {
                                                                  "Table": "date_dim",
                                                                  "Type": "Sequential Scan",
                                                                  "Projections": "d_date_sk",
                                                                  "Filters": [
                                                                    "d_year=2002",
                                                                    "d_moy>=10 AND d_moy<=12"
                                                                  ],
                                                                  "Estimated Cardinality": "585"
                                                                },
                                                                "cumulative_cardinality": 0,
                                                                "operator_type": "TABLE_SCAN",
                                                                "operator_cardinality": 92,
                                                                "cumulative_rows_scanned": 0,
                                                                "operator_rows_scanned": 73049,
                                                                "operator_timing": 3.855e-05,
                                                                "children": []
                                                              }
                                                            ]
                                                          }
                                                        ]
                                                      },
                                                      {
                                                        "total_bytes_written": 0,
                                                        "total_bytes_read": 0,
                                                        "result_set_size": 0,
                                                        "operator_name": "DELIM_SCAN",
                                                        "cpu_time": 0.0,
                                                        "extra_info": {
                                                          "Delim Index": "2",
                                                          "Estimated Cardinality": "3274"
                                                        },
                                                        "cumulative_cardinality": 0,
                                                        "operator_type": "DELIM_SCAN",
                                                        "operator_cardinality": 0,
                                                        "cumulative_rows_scanned": 0,
                                                        "operator_rows_scanned": 0,
                                                        "operator_timing": 0.0,
                                                        "children": []
                                                      }
                                                    ]
                                                  }
                                                ]
                                              }
                                            ]
                                          },
                                          {
                                            "total_bytes_written": 0,
                                            "total_bytes_read": 0,
                                            "result_set_size": 14820,
                                            "operator_name": "HASH_GROUP_BY",
                                            "cpu_time": 0.0,
                                            "extra_info": {
                                              "Groups": "#5",
                                              "Aggregates": "",
                                              "Estimated Cardinality": "3274"
                                            },
                                            "cumulative_cardinality": 0,
                                            "operator_type": "HASH_GROUP_BY",
                                            "operator_cardinality": 3705,
                                            "cumulative_rows_scanned": 0,
                                            "operator_rows_scanned": 0,
                                            "operator_timing": 0.0010262459999999995,
                                            "children": []
                                          }
                                        ]
                                      },
                                      {
                                        "total_bytes_written": 0,
                                        "total_bytes_read": 0,
                                        "result_set_size": 172720,
                                        "operator_name": "HASH_JOIN",
                                        "cpu_time": 0.0,
                                        "extra_info": {
                                          "Join Type": "ANTI",
                                          "Conditions": "c_customer_sk IS NOT DISTINCT FROM c_customer_sk",
                                          "Estimated Cardinality": "131"
                                        },
                                        "cumulative_cardinality": 0,
                                        "operator_type": "HASH_JOIN",
                                        "operator_cardinality": 2540,
                                        "cumulative_rows_scanned": 0,
                                        "operator_rows_scanned": 0,
                                        "operator_timing": 0.0013015310000000003,
                                        "children": [
                                          {
                                            "total_bytes_written": 0,
                                            "total_bytes_read": 0,
                                            "result_set_size": 240120,
                                            "operator_name": "COLUMN_DATA_SCAN",
                                            "cpu_time": 0.0,
                                            "extra_info": {
                                              "Estimated Cardinality": "131"
                                            },
                                            "cumulative_cardinality": 0,
                                            "operator_type": "COLUMN_DATA_SCAN",
                                            "operator_cardinality": 3335,
                                            "cumulative_rows_scanned": 0,
                                            "operator_rows_scanned": 0,
                                            "operator_timing": 2.1662e-05,
                                            "children": []
                                          },
                                          {
                                            "total_bytes_written": 0,
                                            "total_bytes_read": 0,
                                            "result_set_size": 12876,
                                            "operator_name": "PROJECTION",
                                            "cpu_time": 0.0,
                                            "extra_info": {
                                              "Projections": "c_customer_sk",
                                              "Estimated Cardinality": "46"
                                            },
                                            "cumulative_cardinality": 0,
                                            "operator_type": "PROJECTION",
                                            "operator_cardinality": 3219,
                                            "cumulative_rows_scanned": 0,
                                            "operator_rows_scanned": 0,
                                            "operator_timing": 2.378e-06,
                                            "children": [
                                              {
                                                "total_bytes_written": 0,
                                                "total_bytes_read": 0,
                                                "result_set_size": 25752,
                                                "operator_name": "HASH_JOIN",
                                                "cpu_time": 0.0,
                                                "extra_info": {
                                                  "Join Type": "INNER",
                                                  "Conditions": "cs_sold_date_sk = d_date_sk",
                                                  "Estimated Cardinality": "46"
                                                },
                                                "cumulative_cardinality": 0,
                                                "operator_type": "HASH_JOIN",
                                                "operator_cardinality": 3219,
                                                "cumulative_rows_scanned": 0,
                                                "operator_rows_scanned": 0,
                                                "operator_timing": 6.878499999999999e-05,
                                                "children": [
                                                  {
                                                    "total_bytes_written": 0,
                                                    "total_bytes_read": 0,
                                                    "result_set_size": 38628,
                                                    "operator_name": "HASH_JOIN",
                                                    "cpu_time": 0.0,
                                                    "extra_info": {
                                                      "Join Type": "INNER",
                                                      "Conditions": "cs_ship_customer_sk = c_customer_sk",
                                                      "Estimated Cardinality": "5819"
                                                    },
                                                    "cumulative_cardinality": 0,
                                                    "operator_type": "HASH_JOIN",
                                                    "operator_cardinality": 3219,
                                                    "cumulative_rows_scanned": 0,
                                                    "operator_rows_scanned": 0,
                                                    "operator_timing": 0.0024984999999999994,
                                                    "children": [
                                                      {
                                                        "total_bytes_written": 0,
                                                        "total_bytes_read": 0,
                                                        "result_set_size": 3976648,
                                                        "operator_name": "SEQ_SCAN ",
                                                        "cpu_time": 0.0,
                                                        "extra_info": {
                                                          "Table": "catalog_sales",
                                                          "Type": "Sequential Scan",
                                                          "Projections": [
                                                            "cs_ship_customer_sk",
                                                            "cs_sold_date_sk"
                                                          ],
                                                          "Filters": "cs_list_price>=80.00 AND cs_list_price<=169.00",
                                                          "Estimated Cardinality": "2880252"
                                                        },
                                                        "cumulative_cardinality": 0,
                                                        "operator_type": "TABLE_SCAN",
                                                        "operator_cardinality": 497081,
                                                        "cumulative_rows_scanned": 0,
                                                        "operator_rows_scanned": 403235308,
                                                        "operator_timing": 0.012091961,
                                                        "children": []
                                                      },
                                                      {
                                                        "total_bytes_written": 0,
                                                        "total_bytes_read": 0,
                                                        "result_set_size": 0,
                                                        "operator_name": "DELIM_SCAN",
                                                        "cpu_time": 0.0,
                                                        "extra_info": {
                                                          "Delim Index": "3",
                                                          "Estimated Cardinality": "656"
                                                        },
                                                        "cumulative_cardinality": 0,
                                                        "operator_type": "DELIM_SCAN",
                                                        "operator_cardinality": 0,
                                                        "cumulative_rows_scanned": 0,
                                                        "operator_rows_scanned": 0,
                                                        "operator_timing": 0.0,
                                                        "children": []
                                                      }
                                                    ]
                                                  },
                                                  {
                                                    "total_bytes_written": 0,
                                                    "total_bytes_read": 0,
                                                    "result_set_size": 368,
                                                    "operator_name": "FILTER",
                                                    "cpu_time": 0.0,
                                                    "extra_info": {
                                                      "Expression": "(d_date_sk BETWEEN 2450815 AND 2452653)",
                                                      "Estimated Cardinality": "585"
                                                    },
                                                    "cumulative_cardinality": 0,
                                                    "operator_type": "FILTER",
                                                    "operator_cardinality": 92,
                                                    "cumulative_rows_scanned": 0,
                                                    "operator_rows_scanned": 0,
                                                    "operator_timing": 7.3219999999999995e-06,
                                                    "children": [
                                                      {
                                                        "total_bytes_written": 0,
                                                        "total_bytes_read": 0,
                                                        "result_set_size": 368,
                                                        "operator_name": "SEQ_SCAN ",
                                                        "cpu_time": 0.0,
                                                        "extra_info": {
                                                          "Table": "date_dim",
                                                          "Type": "Sequential Scan",
                                                          "Projections": "d_date_sk",
                                                          "Filters": [
                                                            "d_year=2002",
                                                            "d_moy>=10 AND d_moy<=12"
                                                          ],
                                                          "Estimated Cardinality": "585"
                                                        },
                                                        "cumulative_cardinality": 0,
                                                        "operator_type": "TABLE_SCAN",
                                                        "operator_cardinality": 92,
                                                        "cumulative_rows_scanned": 0,
                                                        "operator_rows_scanned": 73049,
                                                        "operator_timing": 3.3438999999999996e-05,
                                                        "children": []
                                                      }
                                                    ]
                                                  }
                                                ]
                                              }
                                            ]
                                          }
                                        ]
                                      },
                                      {
                                        "total_bytes_written": 0,
                                        "total_bytes_read": 0,
                                        "result_set_size": 13340,
                                        "operator_name": "HASH_GROUP_BY",
                                        "cpu_time": 0.0,
                                        "extra_info": {
                                          "Groups": "#5",
                                          "Aggregates": "",
                                          "Estimated Cardinality": "656"
                                        },
                                        "cumulative_cardinality": 0,
                                        "operator_type": "HASH_GROUP_BY",
                                        "operator_cardinality": 3335,
                                        "cumulative_rows_scanned": 0,
                                        "operator_rows_scanned": 0,
                                        "operator_timing": 0.0009353200000000001,
                                        "children": []
                                      }
                                    ]
                                  }
                                ]
                              }
                            ]
                          }
                        ]
                      }
                    ]
                  }
                ]
              }
            ]
          }
        ]
      }
    ]
  },
  "actual_rows": 0
}