{
  "execution_time_ms": 78.5,
  "plan_text": "\u250c\u2500\u2500\u2500\u2500\u2500\u2500\u2500\u2500\u2500\u2500\u2500\u2500\u2500\u2500\u2500\u2500\u2500\u2500\u2500\u2500\u2500\u2500\u2500\u2500\u2500\u2500\u2500\u2500\u2500\u2500\u2500\u2500\u2500\u2500\u2500\u2500\u2500\u2510\n\u2502\u250c\u2500\u2500\u2500\u2500\u2500\u2500\u2500\u2500\u2500\u2500\u2500\u2500\u2500\u2500\u2500\u2500\u2500\u2500\u2500\u2500\u2500\u2500\u2500\u2500\u2500\u2500\u2500\u2500\u2500\u2500\u2500\u2500\u2500\u2500\u2500\u2510\u2502\n\u2502\u2502    Query Profiling Information    \u2502\u2502\n\u2502\u2514\u2500\u2500\u2500\u2500\u2500\u2500\u2500\u2500\u2500\u2500\u2500\u2500\u2500\u2500\u2500\u2500\u2500\u2500\u2500\u2500\u2500\u2500\u2500\u2500\u2500\u2500\u2500\u2500\u2500\u2500\u2500\u2500\u2500\u2500\u2500\u2518\u2502\n\u2514\u2500\u2500\u2500\u2500\u2500\u2500\u2500\u2500\u2500\u2500\u2500\u2500\u2500\u2500\u2500\u2500\u2500\u2500\u2500\u2500\u2500\u2500\u2500\u2500\u2500\u2500\u2500\u2500\u2500\u2500\u2500\u2500\u2500\u2500\u2500\u2500\u2500\u2518\nEXPLAIN ANALYZE select     count(distinct ws_order_number) as \"order count\"   ,sum(ws_ext_ship_cost) as \"total shipping cost\"   ,sum(ws_net_profit) as \"total net profit\" from    web_sales ws1   ,date_dim   ,customer_address   ,web_site where     d_date between '2002-9-01' and            cast('2002-9-01' as date) + interval '60 day' and ws1.ws_ship_date_sk = d_date_sk and ws1.ws_ship_addr_sk = ca_address_sk and ca_state in ('CA','MI','OH'             ,'SD' ,'TX' ,'VA') and ws1.ws_web_site_sk = web_site_sk and web_gmt_offset >= -5 and ws1.ws_list_price between 237 and 266 and exists (select *             from web_sales ws2             where ws1.ws_order_number = ws2.ws_order_number               and ws1.ws_warehouse_sk <> ws2.ws_warehouse_sk) and not exists(select *                from web_returns wr1                where ws1.ws_order_number = wr1.wr_order_number                and wr1.wr_reason_sk in (7, 25, 26, 52, 69)                ) order by count(distinct ws_order_number) limit 100\n\u250c\u2500\u2500\u2500\u2500\u2500\u2500\u2500\u2500\u2500\u2500\u2500\u2500\u2500\u2500\u2500\u2500\u2500\u2500\u2500\u2500\u2500\u2500\u2500\u2500\u2500\u2500\u2500\u2500\u2500\u2500\u2500\u2500\u2500\u2500\u2500\u2500\u2500\u2500\u2500\u2500\u2500\u2500\u2500\u2500\u2500\u2500\u2500\u2500\u2510\n\u2502\u250c\u2500\u2500\u2500\u2500\u2500\u2500\u2500\u2500\u2500\u2500\u2500\u2500\u2500\u2500\u2500\u2500\u2500\u2500\u2500\u2500\u2500\u2500\u2500\u2500\u2500\u2500\u2500\u2500\u2500\u2500\u2500\u2500\u2500\u2500\u2500\u2500\u2500\u2500\u2500\u2500\u2500\u2500\u2500\u2500\u2500\u2500\u2510\u2502\n\u2502\u2502              Total Time: 0.0191s             \u2502\u2502\n\u2502\u2514\u2500\u2500\u2500\u2500\u2500\u2500\u2500\u2500\u2500\u2500\u2500\u2500\u2500\u2500\u2500\u2500\u2500\u2500\u2500\u2500\u2500\u2500\u2500\u2500\u2500\u2500\u2500\u2500\u2500\u2500\u2500\u2500\u2500\u2500\u2500\u2500\u2500\u2500\u2500\u2500\u2500\u2500\u2500\u2500\u2500\u2500\u2518\u2502\n\u2514\u2500\u2500\u2500\u2500\u2500\u2500\u2500\u2500\u2500\u2500\u2500\u2500\u2500\u2500\u2500\u2500\u2500\u2500\u2500\u2500\u2500\u2500\u2500\u2500\u2500\u2500\u2500\u2500\u2500\u2500\u2500\u2500\u2500\u2500\u2500\u2500\u2500\u2500\u2500\u2500\u2500\u2500\u2500\u2500\u2500\u2500\u2500\u2500\u2518\n\u250c\u2500\u2500\u2500\u2500\u2500\u2500\u2500\u2500\u2500\u2500\u2500\u2500\u2500\u2500\u2500\u2510\n\u2502     QUERY     \u2502\n\u2514\u2500\u2500\u2500\u2500\u2500\u2500\u2500\u252c\u2500\u2500\u2500\u2500\u2500\u2500\u2500\u2518\n\u250c\u2500\u2500\u2500\u2500\u2500\u2500\u2500\u2534\u2500\u2500\u2500\u2500\u2500\u2500\u2500\u2510\n\u2502EXPLAIN_ANALYZE\u2502\n\u2502    \u2500\u2500\u2500\u2500\u2500\u2500\u2500\u2500   \u2502\n\u2502     0 rows    \u2502\n\u2502    (0.00s)    \u2502\n\u2514\u2500\u2500\u2500\u2500\u2500\u2500\u2500\u252c\u2500\u2500\u2500\u2500\u2500\u2500\u2500\u2518\n\u250c\u2500\u2500\u2500\u2500\u2500\u2500\u2500\u2534\u2500\u2500\u2500\u2500\u2500\u2500\u2500\u2510\n\u2502     TOP_N     \u2502\n\u2502    \u2500\u2500\u2500\u2500\u2500\u2500\u2500\u2500   \u2502\n\u2502    Top: 100   \u2502\n\u2502               \u2502\n\u2502   Order By:   \u2502\n\u2502 count(DISTINCT\u2502\n\u2502 ws1.ws_order_n\u2502\n\u2502   umber) ASC  \u2502\n\u2502               \u2502\n\u2502     1 row     \u2502\n\u2502    (0.00s)    \u2502\n\u2514\u2500\u2500\u2500\u2500\u2500\u2500\u2500\u252c\u2500\u2500\u2500\u2500\u2500\u2500\u2500\u2518\n\u250c\u2500\u2500\u2500\u2500\u2500\u2500\u2500\u2534\u2500\u2500\u2500\u2500\u2500\u2500\u2500\u2510\n\u2502UNGROUPED_...  \u2502\n\u2502    \u2500\u2500\u2500\u2500\u2500\u2500\u2500\u2500   \u2502\n\u2502  Aggregates:  \u2502\n\u2502 count(DISTINCT\u2502\n\u2502       #0)     \u2502\n\u2502    sum(#1)    \u2502\n\u2502    sum(#2)    \u2502\n\u2502               \u2502\n\u2502     1 row     \u2502\n\u2502    (0.00s)    \u2502\n\u2514\u2500\u2500\u2500\u2500\u2500\u2500\u2500\u252c\u2500\u2500\u2500\u2500\u2500\u2500\u2500\u2518\n\u250c\u2500\u2500\u2500\u2500\u2500\u2500\u2500\u2534\u2500\u2500\u2500\u2500\u2500\u2500\u2500\u2510\n\u2502   PROJECTION  \u2502\n\u2502    \u2500\u2500\u2500\u2500\u2500\u2500\u2500\u2500   \u2502\n\u2502ws_order_number\u2502\n\u2502ws_ext_ship_cos\u2502\n\u2502       t       \u2502\n\u2502 ws_net_profit \u2502\n\u2502               \u2502\n\u2502    222 rows   \u2502\n\u2502    (0.00s)    \u2502\n\u2514\u2500\u2500\u2500\u2500\u2500\u2500\u2500\u252c\u2500\u2500\u2500\u2500\u2500\u2500\u2500\u2518\n\u250c\u2500\u2500\u2500\u2500\u2500\u2500\u2500\u2534\u2500\u2500\u2500\u2500\u2500\u2500\u2500\u2510\n\u2502LEFT_DELIM_JOIN\u2502\n\u2502    \u2500\u2500\u2500\u2500\u2500\u2500\u2500\u2500   \u2502\n\u2502   Join Type:  \u2502\n\u2502      ANTI     \u2502\n\u2502               \u2502\n\u2502  Conditions:  \u2502\n\u2502ws_order_number\u2502\n\u2502 IS NOT DISTINC\u2502\n\u2502T FROM ws_order\u251c\u2500\u2500\u2500\u2500\u2500\u2500\u2500\u2500\u2500\u2500\u2500\u2500\u2500\u2500\u2500\u2500\u2500\u2500\u2500\u2500\u2500\u2500\u2500\u2500\u2500\u2500\u2500\u2500\u2500\u2500\u2500\u2500\u2500\u2500\u2500\u2500\u2500\u2500\u2500\u2500\u2500\u2500\u2500\u2500\u2500\u2500\u2500\u2500\u2500\u2500\u2500\u2500\u2500\u2500\u2500\u2500\u2500\u2500\u2500\u2500\u2500\u2500\u2500\u2500\u2500\u2500\u2500\u2500\u2500\u2500\u2500\u2500\u2500\u2500\u2500\u2500\u2500\u2500\u2500\u2500\u2500\u2500\u2500\u2500\u2500\u2500\u2500\u2500\u2500\u2500\u2500\u2500\u2500\u2500\u2500\u2500\u2500\u2500\u2500\u2500\u2500\u2500\u2500\u2500\u2500\u2500\u2500\u2500\u2500\u2500\u2500\u2500\u2500\u2500\u2500\u2500\u2500\u2500\u2500\u2500\u2500\u2500\u2500\u2500\u2500\u2500\u2500\u2500\u2500\u2500\u2500\u2500\u2500\u2500\u2500\u2500\u2500\u2500\u2500\u2500\u2500\u2500\u2500\u2500\u252c\u2500\u2500\u2500\u2500\u2500\u2500\u2500\u2500\u2500\u2500\u2500\u2500\u2500\u2500\u2500\u2500\u2500\u2500\u2500\u2500\u2500\u2500\u2500\u2500\u2500\u2500\u2500\u2500\u2500\u2500\u2500\u2500\u2500\u2500\u2500\u2500\u2500\u2500\u2500\u2500\u2500\u2500\u2500\u2500\u2500\u2500\u2500\u2500\u2500\u2500\u2500\u2500\u2500\u2500\u2500\u2500\u2500\u2500\u2500\u2500\u2500\u2500\u2500\u2500\u2500\u2500\u2500\u2510\n\u2502    _number    \u2502                                                                                                                                                \u2502                                                                   \u2502\n\u2502               \u2502                                                                                                                                                \u2502                                                                   \u2502\n\u2502  Delim Index: \u2502                                                                                                                                                \u2502                                                                   \u2502\n\u2502       2       \u2502                                                                                                                                                \u2502                                                                   \u2502\n\u2502               \u2502                                                                                                                                                \u2502                                                                   \u2502\n\u2502     0 rows    \u2502                                                                                                                                                \u2502                                                                   \u2502\n\u2502    (0.00s)    \u2502                                                                                                                                                \u2502                                                                   \u2502\n\u2514\u2500\u2500\u2500\u2500\u2500\u2500\u2500\u252c\u2500\u2500\u2500\u2500\u2500\u2500\u2500\u2518                                                                                                                                                \u2502                                                                   \u2502\n\u250c\u2500\u2500\u2500\u2500\u2500\u2500\u2500\u2534\u2500\u2500\u2500\u2500\u2500\u2500\u2500\u2510                                                                                                                                        \u250c\u2500\u2500\u2500\u2500\u2500\u2500\u2500\u2534\u2500\u2500\u2500\u2500\u2500\u2500\u2500\u2510                                                   \u250c\u2500\u2500\u2500\u2500\u2500\u2500\u2500\u2534\u2500\u2500\u2500\u2500\u2500\u2500\u2500\u2510\n\u2502RIGHT_DELI...  \u2502                                                                                                                                        \u2502   HASH_JOIN   \u2502                                                   \u2502 HASH_GROUP_BY \u2502\n\u2502    \u2500\u2500\u2500\u2500\u2500\u2500\u2500\u2500   \u2502                                                                                                                                        \u2502    \u2500\u2500\u2500\u2500\u2500\u2500\u2500\u2500   \u2502                                                   \u2502    \u2500\u2500\u2500\u2500\u2500\u2500\u2500\u2500   \u2502\n\u2502   Join Type:  \u2502                                                                                                                                        \u2502   Join Type:  \u2502                                                   \u2502    Groups:    \u2502\n\u2502   RIGHT_SEMI  \u2502                                                                                                                                        \u2502      ANTI     \u2502                                                   \u2502       #0      \u2502\n\u2502               \u2502                                                                                                                                        \u2502               \u2502                                                   \u2502               \u2502\n\u2502  Conditions:  \u2502                                                                                                                                        \u2502  Conditions:  \u2502                                                   \u2502               \u2502\n\u2502ws_warehouse_sk\u2502                                                                                                                                        \u2502ws_order_number\u2502                                                   \u2502               \u2502\n\u2502 IS NOT DISTINC\u2502                                                                                                                                        \u2502 IS NOT DISTINC\u2502                                                   \u2502               \u2502\n\u2502T FROM ws_wareh\u2502                                                                                                                                        \u2502T FROM ws_order\u2502                                                   \u2502               \u2502\n\u2502    ouse_sk    \u2502                                                                                                                                        \u2502    _number    \u2502                                                   \u2502               \u2502\n\u2502ws_order_number\u251c\u2500\u2500\u2500\u2500\u2500\u2500\u2500\u2500\u2500\u2500\u2500\u2500\u2500\u2500\u2500\u2500\u2500\u2500\u2500\u2500\u2500\u2500\u2500\u2500\u2500\u2500\u2500\u2500\u2500\u2500\u2500\u2500\u2500\u2500\u2500\u2500\u2500\u2500\u2500\u2500\u2500\u2500\u2500\u2500\u2500\u2500\u2500\u2500\u2500\u2500\u2500\u2500\u2500\u2500\u2500\u2500\u2500\u2500\u2500\u2500\u2500\u2500\u2500\u2500\u2500\u2500\u2500\u2500\u2500\u2500\u2500\u2500\u2500\u2500\u2500\u2500\u252c\u2500\u2500\u2500\u2500\u2500\u2500\u2500\u2500\u2500\u2500\u2500\u2500\u2500\u2500\u2500\u2500\u2500\u2500\u2500\u2500\u2500\u2500\u2500\u2500\u2500\u2500\u2500\u2500\u2500\u2500\u2500\u2500\u2500\u2500\u2500\u2500\u2500\u2500\u2500\u2500\u2500\u2500\u2500\u2500\u2500\u2500\u2500\u2500\u2500\u2500\u2510        \u2502               \u251c\u2500\u2500\u2500\u2500\u2500\u2500\u2500\u2500\u2510                                          \u2502               \u2502\n\u2502 IS NOT DISTINC\u2502                                                                            \u2502                                                  \u2502        \u2502               \u2502        \u2502                                          \u2502               \u2502\n\u2502T FROM ws_order\u2502                                                                            \u2502                                                  \u2502        \u2502               \u2502        \u2502                                          \u2502               \u2502\n\u2502    _number    \u2502                                                                            \u2502                                                  \u2502        \u2502               \u2502        \u2502                                          \u2502               \u2502\n\u2502               \u2502                                                                            \u2502                                                  \u2502        \u2502               \u2502        \u2502                                          \u2502               \u2502\n\u2502  Delim Index: \u2502                                                                            \u2502                                                  \u2502        \u2502               \u2502        \u2502                                          \u2502               \u2502\n\u2502       1       \u2502                                                                            \u2502                                                  \u2502        \u2502               \u2502        \u2502                                          \u2502               \u2502\n\u2502               \u2502                                                                            \u2502                                                  \u2502        \u2502               \u2502        \u2502                                          \u2502               \u2502\n\u2502     0 rows    \u2502                                                                            \u2502                                                  \u2502        \u2502    222 rows   \u2502        \u2502                                          \u2502    237 rows   \u2502\n\u2502    (0.00s)    \u2502                                                                            \u2502                                                  \u2502        \u2502    (0.00s)    \u2502        \u2502                                          \u2502    (0.00s)    \u2502\n\u2514\u2500\u2500\u2500\u2500\u2500\u2500\u2500\u252c\u2500\u2500\u2500\u2500\u2500\u2500\u2500\u2518                                                                            \u2502                                                  \u2502        \u2514\u2500\u2500\u2500\u2500\u2500\u2500\u2500\u252c\u2500\u2500\u2500\u2500\u2500\u2500\u2500\u2518        \u2502                                          \u2514\u2500\u2500\u2500\u2500\u2500\u2500\u2500\u2500\u2500\u2500\u2500\u2500\u2500\u2500\u2500\u2518\n\u250c\u2500\u2500\u2500\u2500\u2500\u2500\u2500\u2534\u2500\u2500\u2500\u2500\u2500\u2500\u2500\u2510                                                                    \u250c\u2500\u2500\u2500\u2500\u2500\u2500\u2500\u2534\u2500\u2500\u2500\u2500\u2500\u2500\u2500\u2510                                  \u250c\u2500\u2500\u2500\u2500\u2500\u2500\u2500\u2534\u2500\u2500\u2500\u2500\u2500\u2500\u2500\u2510\u250c\u2500\u2500\u2500\u2500\u2500\u2500\u2500\u2534\u2500\u2500\u2500\u2500\u2500\u2500\u2500\u2510\u250c\u2500\u2500\u2500\u2500\u2500\u2500\u2500\u2534\u2500\u2500\u2500\u2500\u2500\u2500\u2500\u2510\n\u2502   HASH_JOIN   \u2502                                                                    \u2502   HASH_JOIN   \u2502                                  \u2502 HASH_GROUP_BY \u2502\u2502COLUMN_DAT...  \u2502\u2502   PROJECTION  \u2502\n\u2502    \u2500\u2500\u2500\u2500\u2500\u2500\u2500\u2500   \u2502                                                                    \u2502    \u2500\u2500\u2500\u2500\u2500\u2500\u2500\u2500   \u2502                                  \u2502    \u2500\u2500\u2500\u2500\u2500\u2500\u2500\u2500   \u2502\u2502               \u2502\u2502    \u2500\u2500\u2500\u2500\u2500\u2500\u2500\u2500   \u2502\n\u2502   Join Type:  \u2502                                                                    \u2502   Join Type:  \u2502                                  \u2502    Groups:    \u2502\u2502               \u2502\u2502ws_order_number\u2502\n\u2502     INNER     \u2502                                                                    \u2502   RIGHT_SEMI  \u2502                                  \u2502       #1      \u2502\u2502               \u2502\u2502               \u2502\n\u2502               \u2502                                                                    \u2502               \u2502                                  \u2502       #0      \u2502\u2502               \u2502\u2502               \u2502\n\u2502  Conditions:  \u2502                                                                    \u2502  Conditions:  \u2502                                  \u2502               \u2502\u2502               \u2502\u2502               \u2502\n\u2502ws_ship_addr_sk\u2502                                                                    \u2502ws_warehouse_sk\u2502                                  \u2502               \u2502\u2502               \u2502\u2502               \u2502\n\u2502 = ca_address_s\u2502                                                                    \u2502 IS NOT DISTINC\u2502                                  \u2502               \u2502\u2502               \u2502\u2502               \u2502\n\u2502       k       \u251c\u2500\u2500\u2500\u2500\u2500\u2500\u2500\u2500\u2500\u2500\u2500\u2500\u2500\u2500\u2500\u2500\u2500\u2500\u2500\u2500\u2500\u2500\u2500\u2500\u2500\u2500\u2500\u2500\u2500\u2500\u2500\u2500\u2500\u2500\u2500\u2500\u2500\u2500\u2500\u2500\u2500\u2500\u2510                         \u2502T FROM ws_wareh\u251c\u2500\u2500\u2500\u2500\u2500\u2500\u2500\u2500\u2500\u2500\u2500\u2500\u2500\u2500\u2500\u2500\u2500\u2500\u2500\u2500\u2500\u2500\u2500\u2500\u2500\u2510        \u2502               \u2502\u2502               \u2502\u2502               \u2502\n\u2502               \u2502                                          \u2502                         \u2502    ouse_sk    \u2502                         \u2502        \u2502               \u2502\u2502               \u2502\u2502               \u2502\n\u2502               \u2502                                          \u2502                         \u2502ws_order_number\u2502                         \u2502        \u2502               \u2502\u2502               \u2502\u2502               \u2502\n\u2502               \u2502                                          \u2502                         \u2502 IS NOT DISTINC\u2502                         \u2502        \u2502               \u2502\u2502               \u2502\u2502               \u2502\n\u2502               \u2502                                          \u2502                         \u2502T FROM ws_order\u2502                         \u2502        \u2502               \u2502\u2502               \u2502\u2502               \u2502\n\u2502               \u2502                                          \u2502                         \u2502    _number    \u2502                         \u2502        \u2502               \u2502\u2502               \u2502\u2502               \u2502\n\u2502               \u2502                                          \u2502                         \u2502               \u2502                         \u2502        \u2502               \u2502\u2502               \u2502\u2502               \u2502\n\u2502    239 rows   \u2502                                          \u2502                         \u2502    239 rows   \u2502                         \u2502        \u2502    239 rows   \u2502\u2502    239 rows   \u2502\u2502    18 rows    \u2502\n\u2502    (0.00s)    \u2502                                          \u2502                         \u2502    (0.00s)    \u2502                         \u2502        \u2502    (0.00s)    \u2502\u2502    (0.00s)    \u2502\u2502    (0.00s)    \u2502\n\u2514\u2500\u2500\u2500\u2500\u2500\u2500\u2500\u252c\u2500\u2500\u2500\u2500\u2500\u2500\u2500\u2518                                          \u2502                         \u2514\u2500\u2500\u2500\u2500\u2500\u2500\u2500\u252c\u2500\u2500\u2500\u2500\u2500\u2500\u2500\u2518                         \u2502        \u2514\u2500\u2500\u2500\u2500\u2500\u2500\u2500\u2500\u2500\u2500\u2500\u2500\u2500\u2500\u2500\u2518\u2514\u2500\u2500\u2500\u2500\u2500\u2500\u2500\u2500\u2500\u2500\u2500\u2500\u2500\u2500\u2500\u2518\u2514\u2500\u2500\u2500\u2500\u2500\u2500\u2500\u252c\u2500\u2500\u2500\u2500\u2500\u2500\u2500\u2518\n\u250c\u2500\u2500\u2500\u2500\u2500\u2500\u2500\u2534\u2500\u2500\u2500\u2500\u2500\u2500\u2500\u2510                                  \u250c\u2500\u2500\u2500\u2500\u2500\u2500\u2500\u2534\u2500\u2500\u2500\u2500\u2500\u2500\u2500\u2510                 \u250c\u2500\u2500\u2500\u2500\u2500\u2500\u2500\u2534\u2500\u2500\u2500\u2500\u2500\u2500\u2500\u2510                 \u250c\u2500\u2500\u2500\u2500\u2500\u2500\u2500\u2534\u2500\u2500\u2500\u2500\u2500\u2500\u2500\u2510                                  \u250c\u2500\u2500\u2500\u2500\u2500\u2500\u2500\u2534\u2500\u2500\u2500\u2500\u2500\u2500\u2500\u2510\n\u2502   HASH_JOIN   \u2502                                  \u2502   PROJECTION  \u2502                 \u2502   PROJECTION  \u2502                 \u2502   DUMMY_SCAN  \u2502                                  \u2502   HASH_JOIN   \u2502\n\u2502    \u2500\u2500\u2500\u2500\u2500\u2500\u2500\u2500   \u2502                                  \u2502    \u2500\u2500\u2500\u2500\u2500\u2500\u2500\u2500   \u2502                 \u2502    \u2500\u2500\u2500\u2500\u2500\u2500\u2500\u2500   \u2502                 \u2502    \u2500\u2500\u2500\u2500\u2500\u2500\u2500\u2500   \u2502                                  \u2502    \u2500\u2500\u2500\u2500\u2500\u2500\u2500\u2500   \u2502\n\u2502   Join Type:  \u2502                                  \u2502       #0      \u2502                 \u2502ws_warehouse_sk\u2502                 \u2502               \u2502                                  \u2502   Join Type:  \u2502\n\u2502     INNER     \u2502                                  \u2502               \u2502                 \u2502ws_order_number\u2502                 \u2502               \u2502                                  \u2502     INNER     \u2502\n\u2502               \u2502                                  \u2502               \u2502                 \u2502               \u2502                 \u2502               \u2502                                  \u2502               \u2502\n\u2502  Conditions:  \u2502                                  \u2502               \u2502                 \u2502               \u2502                 \u2502               \u2502                                  \u2502  Conditions:  \u2502\n\u2502ws_ship_date_sk\u251c\u2500\u2500\u2500\u2500\u2500\u2500\u2500\u2500\u2500\u2500\u2500\u2500\u2500\u2500\u2500\u2500\u2500\u2500\u2500\u2500\u2500\u2500\u2500\u2500\u2500\u2510        \u2502               \u2502                 \u2502               \u2502                 \u2502               \u2502                                  \u2502wr_order_number\u251c\u2500\u2500\u2500\u2500\u2500\u2500\u2500\u2500\u2500\u2500\u2500\u2500\u2500\u2500\u2500\u2500\u2500\u2500\u2500\u2500\u2500\u2500\u2500\u2500\u2500\u2510\n\u2502   = d_date_sk \u2502                         \u2502        \u2502               \u2502                 \u2502               \u2502                 \u2502               \u2502                                  \u2502 = ws_order_num\u2502                         \u2502\n\u2502               \u2502                         \u2502        \u2502               \u2502                 \u2502               \u2502                 \u2502               \u2502                                  \u2502      ber      \u2502                         \u2502\n\u2502               \u2502                         \u2502        \u2502               \u2502                 \u2502               \u2502                 \u2502               \u2502                                  \u2502               \u2502                         \u2502\n\u2502   1,088 rows  \u2502                         \u2502        \u2502  53,524 rows  \u2502                 \u2502   2,492 rows  \u2502                 \u2502     0 rows    \u2502                                  \u2502    18 rows    \u2502                         \u2502\n\u2502    (0.00s)    \u2502                         \u2502        \u2502    (0.00s)    \u2502                 \u2502    (0.00s)    \u2502                 \u2502    (0.00s)    \u2502                                  \u2502    (0.00s)    \u2502                         \u2502\n\u2514\u2500\u2500\u2500\u2500\u2500\u2500\u2500\u252c\u2500\u2500\u2500\u2500\u2500\u2500\u2500\u2518                         \u2502        \u2514\u2500\u2500\u2500\u2500\u2500\u2500\u2500\u252c\u2500\u2500\u2500\u2500\u2500\u2500\u2500\u2518                 \u2514\u2500\u2500\u2500\u2500\u2500\u2500\u2500\u252c\u2500\u2500\u2500\u2500\u2500\u2500\u2500\u2518                 \u2514\u2500\u2500\u2500\u2500\u2500\u2500\u2500\u2500\u2500\u2500\u2500\u2500\u2500\u2500\u2500\u2518                                  \u2514\u2500\u2500\u2500\u2500\u2500\u2500\u2500\u252c\u2500\u2500\u2500\u2500\u2500\u2500\u2500\u2518                         \u2502\n\u250c\u2500\u2500\u2500\u2500\u2500\u2500\u2500\u2534\u2500\u2500\u2500\u2500\u2500\u2500\u2500\u2510                 \u250c\u2500\u2500\u2500\u2500\u2500\u2500\u2500\u2534\u2500\u2500\u2500\u2500\u2500\u2500\u2500\u2510\u250c\u2500\u2500\u2500\u2500\u2500\u2500\u2500\u2534\u2500\u2500\u2500\u2500\u2500\u2500\u2500\u2510                 \u250c\u2500\u2500\u2500\u2500\u2500\u2500\u2500\u2534\u2500\u2500\u2500\u2500\u2500\u2500\u2500\u2510                                                                    \u250c\u2500\u2500\u2500\u2500\u2500\u2500\u2500\u2534\u2500\u2500\u2500\u2500\u2500\u2500\u2500\u2510                 \u250c\u2500\u2500\u2500\u2500\u2500\u2500\u2500\u2534\u2500\u2500\u2500\u2500\u2500\u2500\u2500\u2510\n\u2502   HASH_JOIN   \u2502                 \u2502     FILTER    \u2502\u2502     FILTER    \u2502                 \u2502   HASH_JOIN   \u2502                                                                    \u2502   PROJECTION  \u2502                 \u2502   DELIM_SCAN  \u2502\n\u2502    \u2500\u2500\u2500\u2500\u2500\u2500\u2500\u2500   \u2502                 \u2502    \u2500\u2500\u2500\u2500\u2500\u2500\u2500\u2500   \u2502\u2502    \u2500\u2500\u2500\u2500\u2500\u2500\u2500\u2500   \u2502                 \u2502    \u2500\u2500\u2500\u2500\u2500\u2500\u2500\u2500   \u2502                                                                    \u2502    \u2500\u2500\u2500\u2500\u2500\u2500\u2500\u2500   \u2502                 \u2502    \u2500\u2500\u2500\u2500\u2500\u2500\u2500\u2500   \u2502\n\u2502   Join Type:  \u2502                 \u2502   (d_date_sk  \u2502\u2502    IN (...)   \u2502                 \u2502   Join Type:  \u2502                                                                    \u2502       #0      \u2502                 \u2502  Delim Index: \u2502\n\u2502     INNER     \u2502                 \u2502     BETWEEN   \u2502\u2502               \u2502                 \u2502     INNER     \u2502                                                                    \u2502               \u2502                 \u2502       2       \u2502\n\u2502               \u2502                 \u2502   2450817 AND \u2502\u2502               \u2502                 \u2502               \u2502                                                                    \u2502               \u2502                 \u2502               \u2502\n\u2502  Conditions:  \u2502                 \u2502    2452762)   \u2502\u2502               \u2502                 \u2502  Conditions:  \u2502                                                                    \u2502               \u2502                 \u2502               \u2502\n\u2502 ws_web_site_sk\u2502                 \u2502               \u2502\u2502               \u2502                 \u2502ws_order_number\u2502                                                                    \u2502               \u2502                 \u2502               \u2502\n\u2502  = web_site_sk\u251c\u2500\u2500\u2500\u2500\u2500\u2500\u2500\u2500\u2510        \u2502               \u2502\u2502               \u2502                 \u2502 = ws_order_num\u251c\u2500\u2500\u2500\u2500\u2500\u2500\u2500\u2500\u2510                                                           \u2502               \u2502                 \u2502               \u2502\n\u2502               \u2502        \u2502        \u2502               \u2502\u2502               \u2502                 \u2502      ber      \u2502        \u2502                                                           \u2502               \u2502                 \u2502               \u2502\n\u2502               \u2502        \u2502        \u2502               \u2502\u2502               \u2502                 \u2502ws_warehouse_sk\u2502        \u2502                                                           \u2502               \u2502                 \u2502               \u2502\n\u2502               \u2502        \u2502        \u2502               \u2502\u2502               \u2502                 \u2502 != ws_warehous\u2502        \u2502                                                           \u2502               \u2502                 \u2502               \u2502\n\u2502               \u2502        \u2502        \u2502               \u2502\u2502               \u2502                 \u2502      e_sk     \u2502        \u2502                                                           \u2502               \u2502                 \u2502               \u2502\n\u2502               \u2502        \u2502        \u2502               \u2502\u2502               \u2502                 \u2502               \u2502        \u2502                                                           \u2502               \u2502                 \u2502               \u2502\n\u2502   1,088 rows  \u2502        \u2502        \u2502    61 rows    \u2502\u2502  53,524 rows  \u2502                 \u2502   2,492 rows  \u2502        \u2502                                                           \u2502  45,211 rows  \u2502                 \u2502     0 rows    \u2502\n\u2502    (0.01s)    \u2502        \u2502        \u2502    (0.00s)    \u2502\u2502    (0.00s)    \u2502                 \u2502    (0.02s)    \u2502        \u2502                                                           \u2502    (0.00s)    \u2502                 \u2502    (0.00s)    \u2502\n\u2514\u2500\u2500\u2500\u2500\u2500\u2500\u2500\u252c\u2500\u2500\u2500\u2500\u2500\u2500\u2500\u2518        \u2502        \u2514\u2500\u2500\u2500\u2500\u2500\u2500\u2500\u252c\u2500\u2500\u2500\u2500\u2500\u2500\u2500\u2518\u2514\u2500\u2500\u2500\u2500\u2500\u2500\u2500\u252c\u2500\u2500\u2500\u2500\u2500\u2500\u2500\u2518                 \u2514\u2500\u2500\u2500\u2500\u2500\u2500\u2500\u252c\u2500\u2500\u2500\u2500\u2500\u2500\u2500\u2518        \u2502                                                           \u2514\u2500\u2500\u2500\u2500\u2500\u2500\u2500\u252c\u2500\u2500\u2500\u2500\u2500\u2500\u2500\u2518                 \u2514\u2500\u2500\u2500\u2500\u2500\u2500\u2500\u2500\u2500\u2500\u2500\u2500\u2500\u2500\u2500\u2518\n\u250c\u2500\u2500\u2500\u2500\u2500\u2500\u2500\u2534\u2500\u2500\u2500\u2500\u2500\u2500\u2500\u2510\u250c\u2500\u2500\u2500\u2500\u2500\u2500\u2500\u2534\u2500\u2500\u2500\u2500\u2500\u2500\u2500\u2510\u250c\u2500\u2500\u2500\u2500\u2500\u2500\u2500\u2534\u2500\u2500\u2500\u2500\u2500\u2500\u2500\u2510\u250c\u2500\u2500\u2500\u2500\u2500\u2500\u2500\u2534\u2500\u2500\u2500\u2500\u2500\u2500\u2500\u2510                 \u250c\u2500\u2500\u2500\u2500\u2500\u2500\u2500\u2534\u2500\u2500\u2500\u2500\u2500\u2500\u2500\u2510\u250c\u2500\u2500\u2500\u2500\u2500\u2500\u2500\u2534\u2500\u2500\u2500\u2500\u2500\u2500\u2500\u2510                                                   \u250c\u2500\u2500\u2500\u2500\u2500\u2500\u2500\u2534\u2500\u2500\u2500\u2500\u2500\u2500\u2500\u2510\n\u2502   TABLE_SCAN  \u2502\u2502   TABLE_SCAN  \u2502\u2502   TABLE_SCAN  \u2502\u2502   HASH_JOIN   \u2502                 \u2502   TABLE_SCAN  \u2502\u2502   DELIM_SCAN  \u2502                                                   \u2502     FILTER    \u2502\n\u2502    \u2500\u2500\u2500\u2500\u2500\u2500\u2500\u2500   \u2502\u2502    \u2500\u2500\u2500\u2500\u2500\u2500\u2500\u2500   \u2502\u2502    \u2500\u2500\u2500\u2500\u2500\u2500\u2500\u2500   \u2502\u2502    \u2500\u2500\u2500\u2500\u2500\u2500\u2500\u2500   \u2502                 \u2502    \u2500\u2500\u2500\u2500\u2500\u2500\u2500\u2500   \u2502\u2502    \u2500\u2500\u2500\u2500\u2500\u2500\u2500\u2500   \u2502                                                   \u2502    \u2500\u2500\u2500\u2500\u2500\u2500\u2500\u2500   \u2502\n\u2502     Table:    \u2502\u2502     Table:    \u2502\u2502     Table:    \u2502\u2502   Join Type:  \u2502                 \u2502     Table:    \u2502\u2502  Delim Index: \u2502                                                   \u2502    IN (...)   \u2502\n\u2502   web_sales   \u2502\u2502    web_site   \u2502\u2502    date_dim   \u2502\u2502      MARK     \u2502                 \u2502   web_sales   \u2502\u2502       1       \u2502                                                   \u2502               \u2502\n\u2502               \u2502\u2502               \u2502\u2502               \u2502\u2502               \u2502                 \u2502               \u2502\u2502               \u2502                                                   \u2502               \u2502\n\u2502     Type:     \u2502\u2502     Type:     \u2502\u2502     Type:     \u2502\u2502  Conditions:  \u2502                 \u2502     Type:     \u2502\u2502               \u2502                                                   \u2502               \u2502\n\u2502Sequential Scan\u2502\u2502Sequential Scan\u2502\u2502Sequential Scan\u2502\u2502 ca_state = #0 \u2502                 \u2502Sequential Scan\u2502\u2502               \u2502                                                   \u2502               \u2502\n\u2502               \u2502\u2502               \u2502\u2502               \u2502\u2502               \u2502                 \u2502               \u2502\u2502               \u2502                                                   \u2502               \u2502\n\u2502  Projections: \u2502\u2502  Projections: \u2502\u2502  Projections: \u2502\u2502               \u2502                 \u2502  Projections: \u2502\u2502               \u2502                                                   \u2502               \u2502\n\u2502ws_ship_date_sk\u2502\u2502  web_site_sk  \u2502\u2502   d_date_sk   \u2502\u2502               \u2502                 \u2502ws_order_number\u2502\u2502               \u2502                                                   \u2502               \u2502\n\u2502ws_ship_addr_sk\u2502\u2502               \u2502\u2502               \u2502\u2502               \u2502                 \u2502ws_warehouse_sk\u2502\u2502               \u2502                                                   \u2502               \u2502\n\u2502 ws_web_site_sk\u2502\u2502    Filters:   \u2502\u2502    Filters:   \u2502\u2502               \u2502                 \u2502               \u2502\u2502               \u2502                                                   \u2502               \u2502\n\u2502ws_order_number\u2502\u2502 web_gmt_offset\u2502\u2502  (CAST(d_date \u2502\u2502               \u2502                 \u2502               \u2502\u2502               \u2502                                                   \u2502               \u2502\n\u2502ws_warehouse_sk\u2502\u2502    >=-5.00    \u2502\u2502  AS TIMESTAMP)\u2502\u2502               \u251c\u2500\u2500\u2500\u2500\u2500\u2500\u2500\u2500\u2510        \u2502               \u2502\u2502               \u2502                                                   \u2502               \u2502\n\u2502ws_ext_ship_cos\u2502\u2502               \u2502\u2502  BETWEEN '2002\u2502\u2502               \u2502        \u2502        \u2502               \u2502\u2502               \u2502                                                   \u2502               \u2502\n\u2502       t       \u2502\u2502               \u2502\u2502  -09-01 00:00 \u2502\u2502               \u2502        \u2502        \u2502               \u2502\u2502               \u2502                                                   \u2502               \u2502\n\u2502 ws_net_profit \u2502\u2502               \u2502\u2502:00'::TIMESTAMP\u2502\u2502               \u2502        \u2502        \u2502               \u2502\u2502               \u2502                                                   \u2502               \u2502\n\u2502               \u2502\u2502               \u2502\u2502  AND '2002-10 \u2502\u2502               \u2502        \u2502        \u2502               \u2502\u2502               \u2502                                                   \u2502               \u2502\n\u2502    Filters:   \u2502\u2502               \u2502\u2502 -31 00:00:00':\u2502\u2502               \u2502        \u2502        \u2502               \u2502\u2502               \u2502                                                   \u2502               \u2502\n\u2502 ws_list_price>\u2502\u2502               \u2502\u2502  :TIMESTAMP)  \u2502\u2502               \u2502        \u2502        \u2502               \u2502\u2502               \u2502                                                   \u2502               \u2502\n\u2502  =237.00 AND  \u2502\u2502               \u2502\u2502               \u2502\u2502               \u2502        \u2502        \u2502               \u2502\u2502               \u2502                                                   \u2502               \u2502\n\u2502  ws_list_price\u2502\u2502               \u2502\u2502               \u2502\u2502               \u2502        \u2502        \u2502               \u2502\u2502               \u2502                                                   \u2502               \u2502\n\u2502    <=266.00   \u2502\u2502               \u2502\u2502               \u2502\u2502               \u2502        \u2502        \u2502               \u2502\u2502               \u2502                                                   \u2502               \u2502\n\u2502               \u2502\u2502               \u2502\u2502               \u2502\u2502               \u2502        \u2502        \u2502               \u2502\u2502               \u2502                                                   \u2502               \u2502\n\u2502   5,007 rows  \u2502\u2502    12 rows    \u2502\u2502    61 rows    \u2502\u2502  250,000 rows \u2502        \u2502        \u2502 7,132,021 rows\u2502\u2502     0 rows    \u2502                                                   \u2502  45,211 rows  \u2502\n\u2502    (0.07s)    \u2502\u2502    (0.00s)    \u2502\u2502    (0.00s)    \u2502\u2502    (0.00s)    \u2502        \u2502        \u2502    (0.01s)    \u2502\u2502    (0.00s)    \u2502                                                   \u2502    (0.00s)    \u2502\n\u2514\u2500\u2500\u2500\u2500\u2500\u2500\u2500\u2500\u2500\u2500\u2500\u2500\u2500\u2500\u2500\u2518\u2514\u2500\u2500\u2500\u2500\u2500\u2500\u2500\u2500\u2500\u2500\u2500\u2500\u2500\u2500\u2500\u2518\u2514\u2500\u2500\u2500\u2500\u2500\u2500\u2500\u2500\u2500\u2500\u2500\u2500\u2500\u2500\u2500\u2518\u2514\u2500\u2500\u2500\u2500\u2500\u2500\u2500\u252c\u2500\u2500\u2500\u2500\u2500\u2500\u2500\u2518        \u2502        \u2514\u2500\u2500\u2500\u2500\u2500\u2500\u2500\u2500\u2500\u2500\u2500\u2500\u2500\u2500\u2500\u2518\u2514\u2500\u2500\u2500\u2500\u2500\u2500\u2500\u2500\u2500\u2500\u2500\u2500\u2500\u2500\u2500\u2518                                                   \u2514\u2500\u2500\u2500\u2500\u2500\u2500\u2500\u252c\u2500\u2500\u2500\u2500\u2500\u2500\u2500\u2518\n                                                   \u250c\u2500\u2500\u2500\u2500\u2500\u2500\u2500\u2534\u2500\u2500\u2500\u2500\u2500\u2500\u2500\u2510\u250c\u2500\u2500\u2500\u2500\u2500\u2500\u2500\u2534\u2500\u2500\u2500\u2500\u2500\u2500\u2500\u2510                                                                                     \u250c\u2500\u2500\u2500\u2500\u2500\u2500\u2500\u2534\u2500\u2500\u2500\u2500\u2500\u2500\u2500\u2510\n                                                   \u2502   TABLE_SCAN  \u2502\u2502COLUMN_DAT...  \u2502                                                                                     \u2502   HASH_JOIN   \u2502\n                                                   \u2502    \u2500\u2500\u2500\u2500\u2500\u2500\u2500\u2500   \u2502\u2502               \u2502                                                                                     \u2502    \u2500\u2500\u2500\u2500\u2500\u2500\u2500\u2500   \u2502\n                                                   \u2502     Table:    \u2502\u2502               \u2502                                                                                     \u2502   Join Type:  \u2502\n                                                   \u2502customer_addres\u2502\u2502               \u2502                                                                                     \u2502      MARK     \u2502\n                                                   \u2502       s       \u2502\u2502               \u2502                                                                                     \u2502               \u2502\n                                                   \u2502               \u2502\u2502               \u2502                                                                                     \u2502  Conditions:  \u2502\n                                                   \u2502     Type:     \u2502\u2502               \u2502                                                                                     \u2502 wr_reason_sk =\u2502\n                                                   \u2502Sequential Scan\u2502\u2502               \u2502                                                                                     \u2502       #0      \u2502\n                                                   \u2502               \u2502\u2502               \u2502                                                                                     \u2502               \u2502\n                                                   \u2502  Projections: \u2502\u2502               \u2502                                                                                     \u2502               \u2502\n                                                   \u2502 ca_address_sk \u2502\u2502               \u2502                                                                                     \u2502               \u2502\n                                                   \u2502    ca_state   \u2502\u2502               \u2502                                                                                     \u2502               \u251c\u2500\u2500\u2500\u2500\u2500\u2500\u2500\u2500\u2510\n                                                   \u2502               \u2502\u2502               \u2502                                                                                     \u2502               \u2502        \u2502\n                                                   \u2502    Filters:   \u2502\u2502               \u2502                                                                                     \u2502               \u2502        \u2502\n                                                   \u2502   optional:   \u2502\u2502               \u2502                                                                                     \u2502               \u2502        \u2502\n                                                   \u2502  ca_state IN (\u2502\u2502               \u2502                                                                                     \u2502               \u2502        \u2502\n                                                   \u2502  'CA', 'MI',  \u2502\u2502               \u2502                                                                                     \u2502               \u2502        \u2502\n                                                   \u2502  'OH', 'SD',  \u2502\u2502               \u2502                                                                                     \u2502               \u2502        \u2502\n                                                   \u2502  'TX', 'VA')  \u2502\u2502               \u2502                                                                                     \u2502               \u2502        \u2502\n                                                   \u2502               \u2502\u2502               \u2502                                                                                     \u2502               \u2502        \u2502\n                                                   \u2502  250,000 rows \u2502\u2502     6 rows    \u2502                                                                                     \u2502  712,818 rows \u2502        \u2502\n                                                   \u2502    (0.00s)    \u2502\u2502    (0.00s)    \u2502                                                                                     \u2502    (0.00s)    \u2502        \u2502\n                                                   \u2514\u2500\u2500\u2500\u2500\u2500\u2500\u2500\u2500\u2500\u2500\u2500\u2500\u2500\u2500\u2500\u2518\u2514\u2500\u2500\u2500\u2500\u2500\u2500\u2500\u2500\u2500\u2500\u2500\u2500\u2500\u2500\u2500\u2518                                                                                     \u2514\u2500\u2500\u2500\u2500\u2500\u2500\u2500\u252c\u2500\u2500\u2500\u2500\u2500\u2500\u2500\u2518        \u2502\n                                                                                                                                                                          \u250c\u2500\u2500\u2500\u2500\u2500\u2500\u2500\u2534\u2500\u2500\u2500\u2500\u2500\u2500\u2500\u2510\u250c\u2500\u2500\u2500\u2500\u2500\u2500\u2500\u2534\u2500\u2500\u2500\u2500\u2500\u2500\u2500\u2510\n                                                                                                                                                                          \u2502   TABLE_SCAN  \u2502\u2502COLUMN_DAT...  \u2502\n                                                                                                                                                                          \u2502    \u2500\u2500\u2500\u2500\u2500\u2500\u2500\u2500   \u2502\u2502               \u2502\n                                                                                                                                                                          \u2502     Table:    \u2502\u2502               \u2502\n                                                                                                                                                                          \u2502  web_returns  \u2502\u2502               \u2502\n                                                                                                                                                                          \u2502               \u2502\u2502               \u2502\n                                                                                                                                                                          \u2502     Type:     \u2502\u2502               \u2502\n                                                                                                                                                                          \u2502Sequential Scan\u2502\u2502               \u2502\n                                                                                                                                                                          \u2502               \u2502\u2502               \u2502\n                                                                                                                                                                          \u2502  Projections: \u2502\u2502               \u2502\n                                                                                                                                                                          \u2502wr_order_number\u2502\u2502               \u2502\n                                                                                                                                                                          \u2502  wr_reason_sk \u2502\u2502               \u2502\n                                                                                                                                                                          \u2502               \u2502\u2502               \u2502\n                                                                                                                                                                          \u2502    Filters:   \u2502\u2502               \u2502\n                                                                                                                                                                          \u2502   optional:   \u2502\u2502               \u2502\n                                                                                                                                                                          \u2502  wr_reason_sk \u2502\u2502               \u2502\n                                                                                                                                                                          \u2502  IN (7, 25, 26\u2502\u2502               \u2502\n                                                                                                                                                                          \u2502   , 52, 69)   \u2502\u2502               \u2502\n                                                                                                                                                                          \u2502               \u2502\u2502               \u2502\n                                                                                                                                                                          \u2502  712,818 rows \u2502\u2502     5 rows    \u2502\n                                                                                                                                                                          \u2502    (0.00s)    \u2502\u2502    (0.00s)    \u2502\n                                                                                                                                                                          \u2514\u2500\u2500\u2500\u2500\u2500\u2500\u2500\u2500\u2500\u2500\u2500\u2500\u2500\u2500\u2500\u2518\u2514\u2500\u2500\u2500\u2500\u2500\u2500\u2500\u2500\u2500\u2500\u2500\u2500\u2500\u2500\u2500\u2518\n",
  "plan_json": {
    "total_bytes_written": 0,
    "total_bytes_read": 0,
    "rows_returned": 0,
    "latency": 0.0,
    "result_set_size": 0,
    "query_name": "",
    "blocked_thread_time": 0.0,
    "system_peak_buffer_memory": 0,
    "system_peak_temp_dir_size": 0,
    "cpu_time": 0.0,
    "extra_info": {},
    "cumulative_cardinality": 0,
    "cumulative_rows_scanned": 0,
    "children": [
      {
        "total_bytes_written": 0,
        "total_bytes_read": 0,
        "result_set_size": 0,
        "operator_name": "EXPLAIN_ANALYZE",
        "cpu_time": 0.0,
        "extra_info": {},
        "cumulative_cardinality": 0,
        "operator_type": "EXPLAIN_ANALYZE",
        "operator_cardinality": 0,
        "cumulative_rows_scanned": 0,
        "operator_rows_scanned": 0,
        "operator_timing": 3.35e-07,
        "children": [
          {
            "total_bytes_written": 0,
            "total_bytes_read": 0,
            "result_set_size": 40,
            "operator_name": "TOP_N",
            "cpu_time": 0.0,
            "extra_info": {
              "Top": "100",
              "Order By": "count(DISTINCT ws1.ws_order_number) ASC"
            },
            "cumulative_cardinality": 0,
            "operator_type": "TOP_N",
            "operator_cardinality": 1,
            "cumulative_rows_scanned": 0,
            "operator_rows_scanned": 0,
            "operator_timing": 7.355e-06,
            "children": [
              {
                "total_bytes_written": 0,
                "total_bytes_read": 0,
                "result_set_size": 40,
                "operator_name": "UNGROUPED_AGGREGATE",
                "cpu_time": 0.0,
                "extra_info": {
                  "Aggregates": [
                    "count(DISTINCT #0)",
                    "sum(#1)",
                    "sum(#2)"
                  ]
                },
                "cumulative_cardinality": 0,
                "operator_type": "UNGROUPED_AGGREGATE",
                "operator_cardinality": 1,
                "cumulative_rows_scanned": 0,
                "operator_rows_scanned": 0,
                "operator_timing": 7.7228e-05,
                "children": [
                  {
                    "total_bytes_written": 0,
                    "total_bytes_read": 0,
                    "result_set_size": 2664,
                    "operator_name": "PROJECTION",
                    "cpu_time": 0.0,
                    "extra_info": {
                      "Projections": [
                        "ws_order_number",
                        "ws_ext_ship_cost",
                        "ws_net_profit"
                      ],
                      "Estimated Cardinality": "488"
                    },
                    "cumulative_cardinality": 0,
                    "operator_type": "PROJECTION",
                    "operator_cardinality": 222,
                    "cumulative_rows_scanned": 0,
                    "operator_rows_scanned": 0,
                    "operator_timing": 6.56e-07,
                    "children": [
                      {
                        "total_bytes_written": 0,
                        "total_bytes_read": 0,
                        "result_set_size": 0,
                        "operator_name": "LEFT_DELIM_JOIN",
                        "cpu_time": 0.0,
                        "extra_info": {
                          "Join Type": "ANTI",
                          "Conditions": "ws_order_number IS NOT DISTINCT FROM ws_order_number",
                          "Estimated Cardinality": "488",
                          "Delim Index": "2"
                        },
                        "cumulative_cardinality": 0,
                        "operator_type": "LEFT_DELIM_JOIN",
                        "operator_cardinality": 0,
                        "cumulative_rows_scanned": 0,
                        "operator_rows_scanned": 0,
                        "operator_timing": 0.00011007899999999999,
                        "children": [
                          {
                            "total_bytes_written": 0,
                            "total_bytes_read": 0,
                            "result_set_size": 0,
                            "operator_name": "RIGHT_DELIM_JOIN",
                            "cpu_time": 0.0,
                            "extra_info": {
                              "Join Type": "RIGHT_SEMI",
                              "Conditions": [
                                "ws_warehouse_sk IS NOT DISTINCT FROM ws_warehouse_sk",
                                "ws_order_number IS NOT DISTINCT FROM ws_order_number"
                              ],
                              "Estimated Cardinality": "2442",
                              "Delim Index": "1"
                            },
                            "cumulative_cardinality": 0,
                            "operator_type": "RIGHT_DELIM_JOIN",
                            "operator_cardinality": 0,
                            "cumulative_rows_scanned": 0,
                            "operator_rows_scanned": 0,
                            "operator_timing": 0.004889407,
                            "children": [
                              {
                                "total_bytes_written": 0,
                                "total_bytes_read": 0,
                                "result_set_size": 4780,
                                "operator_name": "HASH_JOIN",
                                "cpu_time": 0.0,
                                "extra_info": {
                                  "Join Type": "INNER",
                                  "Conditions": "ws_ship_addr_sk = ca_address_sk",
                                  "Estimated Cardinality": "12211"
                                },
                                "cumulative_cardinality": 0,
                                "operator_type": "HASH_JOIN",
                                "operator_cardinality": 239,
                                "cumulative_rows_scanned": 0,
                                "operator_rows_scanned": 0,
                                "operator_timing": 0.001018951,
                                "children": [
                                  {
                                    "total_bytes_written": 0,
                                    "total_bytes_read": 0,
                                    "result_set_size": 26112,
                                    "operator_name": "HASH_JOIN",
                                    "cpu_time": 0.0,
                                    "extra_info": {
                                      "Join Type": "INNER",
                                      "Conditions": "ws_ship_date_sk = d_date_sk",
                                      "Estimated Cardinality": "53560"
                                    },
                                    "cumulative_cardinality": 0,
                                    "operator_type": "HASH_JOIN",
                                    "operator_cardinality": 1088,
                                    "cumulative_rows_scanned": 0,
                                    "operator_rows_scanned": 0,
                                    "operator_timing": 0.00046221300000000006,
                                    "children": [
                                      {
                                        "total_bytes_written": 0,
                                        "total_bytes_read": 0,
                                        "result_set_size": 30464,
                                        "operator_name": "HASH_JOIN",
                                        "cpu_time": 0.0,
                                        "extra_info": {
                                          "Join Type": "INNER",
                                          "Conditions": "ws_web_site_sk = web_site_sk",
                                          "Estimated Cardinality": "267816"
                                        },
                                        "cumulative_cardinality": 0,
                                        "operator_type": "HASH_JOIN",
                                        "operator_cardinality": 1088,
                                        "cumulative_rows_scanned": 0,
                                        "operator_rows_scanned": 0,
                                        "operator_timing": 0.010701163,
                                        "children": [
                                          {
                                            "total_bytes_written": 0,
                                            "total_bytes_read": 0,
                                            "result_set_size": 140196,
                                            "operator_name": "SEQ_SCAN ",
                                            "cpu_time": 0.0,
                                            "extra_info": {
                                              "Table": "web_sales",
                                              "Type": "Sequential Scan",
                                              "Projections": [
                                                "ws_ship_date_sk",
                                                "ws_ship_addr_sk",
                                                "ws_web_site_sk",
                                                "ws_order_number",
                                                "ws_warehouse_sk",
                                                "ws_ext_ship_cost",
                                                "ws_net_profit"
                                              ],
                                              "Filters": "ws_list_price>=237.00 AND ws_list_price<=266.00",
                                              "Estimated Cardinality": "1439513"
                                            },
                                            "cumulative_cardinality": 0,
                                            "operator_type": "TABLE_SCAN",
                                            "operator_cardinality": 5007,
                                            "cumulative_rows_scanned": 0,
                                            "operator_rows_scanned": 201531848,
                                            "operator_timing": 0.08463946500000001,
                                            "children": []
                                          },
                                          {
                                            "total_bytes_written": 0,
                                            "total_bytes_read": 0,
                                            "result_set_size": 48,
                                            "operator_name": "SEQ_SCAN ",
                                            "cpu_time": 0.0,
                                            "extra_info": {
                                              "Table": "web_site",
                                              "Type": "Sequential Scan",
                                              "Projections": "web_site_sk",
                                              "Filters": "web_gmt_offset>=-5.00",
                                              "Estimated Cardinality": "8"
                                            },
                                            "cumulative_cardinality": 0,
                                            "operator_type": "TABLE_SCAN",
                                            "operator_cardinality": 12,
                                            "cumulative_rows_scanned": 0,
                                            "operator_rows_scanned": 42,
                                            "operator_timing": 3.5922e-05,
                                            "children": []
                                          }
                                        ]
                                      },
                                      {
                                        "total_bytes_written": 0,
                                        "total_bytes_read": 0,
                                        "result_set_size": 244,
                                        "operator_name": "FILTER",
                                        "cpu_time": 0.0,
                                        "extra_info": {
                                          "Expression": "(d_date_sk BETWEEN 2450817 AND 2452762)",
                                          "Estimated Cardinality": "14609"
                                        },
                                        "cumulative_cardinality": 0,
                                        "operator_type": "FILTER",
                                        "operator_cardinality": 61,
                                        "cumulative_rows_scanned": 0,
                                        "operator_rows_scanned": 0,
                                        "operator_timing": 8.947000000000001e-06,
                                        "children": [
                                          {
                                            "total_bytes_written": 0,
                                            "total_bytes_read": 0,
                                            "result_set_size": 244,
                                            "operator_name": "SEQ_SCAN ",
                                            "cpu_time": 0.0,
                                            "extra_info": {
                                              "Table": "date_dim",
                                              "Type": "Sequential Scan",
                                              "Projections": "d_date_sk",
                                              "Filters": "(CAST(d_date AS TIMESTAMP) BETWEEN '2002-09-01 00:00:00'::TIMESTAMP AND '2002-10-31 00:00:00'::TIMESTAMP)",
                                              "Estimated Cardinality": "14609"
                                            },
                                            "cumulative_cardinality": 0,
                                            "operator_type": "TABLE_SCAN",
                                            "operator_cardinality": 61,
                                            "cumulative_rows_scanned": 0,
                                            "operator_rows_scanned": 73049,
                                            "operator_timing": 0.000335881,
                                            "children": []
                                          }
                                        ]
                                      }
                                    ]
                                  },
                                  {
                                    "total_bytes_written": 0,
                                    "total_bytes_read": 0,
                                    "result_set_size": 214096,
                                    "operator_name": "PROJECTION",
                                    "cpu_time": 0.0,
                                    "extra_info": {
                                      "Projections": "#0",
                                      "Estimated Cardinality": "50000"
                                    },
                                    "cumulative_cardinality": 0,
                                    "operator_type": "PROJECTION",
                                    "operator_cardinality": 53524,
                                    "cumulative_rows_scanned": 0,
                                    "operator_rows_scanned": 0,
                                    "operator_timing": 8.038999999999999e-06,
                                    "children": [
                                      {
                                        "total_bytes_written": 0,
                                        "total_bytes_read": 0,
                                        "result_set_size": 267620,
                                        "operator_name": "FILTER",
                                        "cpu_time": 0.0,
                                        "extra_info": {
                                          "Expression": "IN (...)",
                                          "Estimated Cardinality": "50000"
                                        },
                                        "cumulative_cardinality": 0,
                                        "operator_type": "FILTER",
                                        "operator_cardinality": 53524,
                                        "cumulative_rows_scanned": 0,
                                        "operator_rows_scanned": 0,
                                        "operator_timing": 0.00058753,
                                        "children": [
                                          {
                                            "total_bytes_written": 0,
                                            "total_bytes_read": 0,
                                            "result_set_size": 1250000,
                                            "operator_name": "HASH_JOIN",
                                            "cpu_time": 0.0,
                                            "extra_info": {
                                              "Join Type": "MARK",
                                              "Conditions": "ca_state = #0",
                                              "Estimated Cardinality": "250000"
                                            },
                                            "cumulative_cardinality": 0,
                                            "operator_type": "HASH_JOIN",
                                            "operator_cardinality": 250000,
                                            "cumulative_rows_scanned": 0,
                                            "operator_rows_scanned": 0,
                                            "operator_timing": 0.0030469679999999984,
                                            "children": [
                                              {
                                                "total_bytes_written": 0,
                                                "total_bytes_read": 0,
                                                "result_set_size": 5000000,
                                                "operator_name": "SEQ_SCAN ",
                                                "cpu_time": 0.0,
                                                "extra_info": {
                                                  "Table": "customer_address",
                                                  "Type": "Sequential Scan",
                                                  "Projections": [
                                                    "ca_address_sk",
                                                    "ca_state"
                                                  ],
                                                  "Filters": "optional: ca_state IN ('CA', 'MI', 'OH', 'SD', 'TX', 'VA')",
                                                  "Estimated Cardinality": "250000"
                                                },
                                                "cumulative_cardinality": 0,
                                                "operator_type": "TABLE_SCAN",
                                                "operator_cardinality": 250000,
                                                "cumulative_rows_scanned": 0,
                                                "operator_rows_scanned": 750000,
                                                "operator_timing": 0.000916534,
                                                "children": []
                                              },
                                              {
                                                "total_bytes_written": 0,
                                                "total_bytes_read": 0,
                                                "result_set_size": 96,
                                                "operator_name": "COLUMN_DATA_SCAN",
                                                "cpu_time": 0.0,
                                                "extra_info": {
                                                  "Estimated Cardinality": "0"
                                                },
                                                "cumulative_cardinality": 0,
                                                "operator_type": "COLUMN_DATA_SCAN",
                                                "operator_cardinality": 6,
                                                "cumulative_rows_scanned": 0,
                                                "operator_rows_scanned": 0,
                                                "operator_timing": 2.916e-06,
                                                "children": []
                                              }
                                            ]
                                          }
                                        ]
                                      }
                                    ]
                                  }
                                ]
                              },
                              {
                                "total_bytes_written": 0,
                                "total_bytes_read": 0,
                                "result_set_size": 2868,
                                "operator_name": "HASH_JOIN",
                                "cpu_time": 0.0,
                                "extra_info": {
                                  "Join Type": "RIGHT_SEMI",
                                  "Conditions": [
                                    "ws_warehouse_sk IS NOT DISTINCT FROM ws_warehouse_sk",
                                    "ws_order_number IS NOT DISTINCT FROM ws_order_number"
                                  ],
                                  "Estimated Cardinality": "2442"
                                },
                                "cumulative_cardinality": 0,
                                "operator_type": "HASH_JOIN",
                                "operator_cardinality": 239,
                                "cumulative_rows_scanned": 0,
                                "operator_rows_scanned": 0,
                                "operator_timing": 0.000664852,
                                "children": [
                                  {
                                    "total_bytes_written": 0,
                                    "total_bytes_read": 0,
                                    "result_set_size": 19936,
                                    "operator_name": "PROJECTION",
                                    "cpu_time": 0.0,
                                    "extra_info": {
                                      "Projections": [
                                        "ws_warehouse_sk",
                                        "ws_order_number"
                                      ],
                                      "Estimated Cardinality": "240597"
                                    },
                                    "cumulative_cardinality": 0,
                                    "operator_type": "PROJECTION",
                                    "operator_cardinality": 2492,
                                    "cumulative_rows_scanned": 0,
                                    "operator_rows_scanned": 0,
                                    "operator_timing": 8.811e-06,
                                    "children": [
                                      {
                                        "total_bytes_written": 0,
                                        "total_bytes_read": 0,
                                        "result_set_size": 19936,
                                        "operator_name": "HASH_JOIN",
                                        "cpu_time": 0.0,
                                        "extra_info": {
                                          "Join Type": "INNER",
                                          "Conditions": [
                                            "ws_order_number = ws_order_number",
                                            "ws_warehouse_sk != ws_warehouse_sk"
                                          ],
                                          "Estimated Cardinality": "240597"
                                        },
                                        "cumulative_cardinality": 0,
                                        "operator_type": "HASH_JOIN",
                                        "operator_cardinality": 2492,
                                        "cumulative_rows_scanned": 0,
                                        "operator_rows_scanned": 0,
                                        "operator_timing": 0.020568301000000004,
                                        "children": [
                                          {
                                            "total_bytes_written": 0,
                                            "total_bytes_read": 0,
                                            "result_set_size": 57056168,
                                            "operator_name": "SEQ_SCAN ",
                                            "cpu_time": 0.0,
                                            "extra_info": {
                                              "Table": "web_sales",
                                              "Type": "Sequential Scan",
                                              "Projections": [
                                                "ws_order_number",
                                                "ws_warehouse_sk"
                                              ],
                                              "Estimated Cardinality": "7197566"
                                            },
                                            "cumulative_cardinality": 0,
                                            "operator_type": "TABLE_SCAN",
                                            "operator_cardinality": 7132021,
                                            "cumulative_rows_scanned": 0,
                                            "operator_rows_scanned": 201531848,
                                            "operator_timing": 0.011764476,
                                            "children": []
                                          },
                                          {
                                            "total_bytes_written": 0,
                                            "total_bytes_read": 0,
                                            "result_set_size": 0,
                                            "operator_name": "DELIM_SCAN",
                                            "cpu_time": 0.0,
                                            "extra_info": {
                                              "Delim Index": "1",
                                              "Estimated Cardinality": "12171"
                                            },
                                            "cumulative_cardinality": 0,
                                            "operator_type": "DELIM_SCAN",
                                            "operator_cardinality": 0,
                                            "cumulative_rows_scanned": 0,
                                            "operator_rows_scanned": 0,
                                            "operator_timing": 0.0,
                                            "children": []
                                          }
                                        ]
                                      }
                                    ]
                                  },
                                  {
                                    "total_bytes_written": 0,
                                    "total_bytes_read": 0,
                                    "result_set_size": 0,
                                    "operator_name": "DUMMY_SCAN",
                                    "cpu_time": 0.0,
                                    "extra_info": {},
                                    "cumulative_cardinality": 0,
                                    "operator_type": "DUMMY_SCAN",
                                    "operator_cardinality": 0,
                                    "cumulative_rows_scanned": 0,
                                    "operator_rows_scanned": 0,
                                    "operator_timing": 0.0,
                                    "children": []
                                  }
                                ]
                              },
                              {
                                "total_bytes_written": 0,
                                "total_bytes_read": 0,
                                "result_set_size": 1912,
                                "operator_name": "HASH_GROUP_BY",
                                "cpu_time": 0.0,
                                "extra_info": {
                                  "Groups": [
                                    "#1",
                                    "#0"
                                  ],
                                  "Aggregates": "",
                                  "Estimated Cardinality": "12171"
                                },
                                "cumulative_cardinality": 0,
                                "operator_type": "HASH_GROUP_BY",
                                "operator_cardinality": 239,
                                "cumulative_rows_scanned": 0,
                                "operator_rows_scanned": 0,
                                "operator_timing": 0.002086294,
                                "children": []
                              }
                            ]
                          },
                          {
                            "total_bytes_written": 0,
                            "total_bytes_read": 0,
                            "result_set_size": 2664,
                            "operator_name": "HASH_JOIN",
                            "cpu_time": 0.0,
                            "extra_info": {
                              "Join Type": "ANTI",
                              "Conditions": "ws_order_number IS NOT DISTINCT FROM ws_order_number",
                              "Estimated Cardinality": "488"
                            },
                            "cumulative_cardinality": 0,
                            "operator_type": "HASH_JOIN",
                            "operator_cardinality": 222,
                            "cumulative_rows_scanned": 0,
                            "operator_rows_scanned": 0,
                            "operator_timing": 0.00015761800000000002,
                            "children": [
                              {
                                "total_bytes_written": 0,
                                "total_bytes_read": 0,
                                "result_set_size": 2868,
                                "operator_name": "COLUMN_DATA_SCAN",
                                "cpu_time": 0.0,
                                "extra_info": {
                                  "Estimated Cardinality": "488"
                                },
                                "cumulative_cardinality": 0,
                                "operator_type": "COLUMN_DATA_SCAN",
                                "operator_cardinality": 239,
                                "cumulative_rows_scanned": 0,
                                "operator_rows_scanned": 0,
                                "operator_timing": 3.328e-06,
                                "children": []
                              },
                              {
                                "total_bytes_written": 0,
                                "total_bytes_read": 0,
                                "result_set_size": 72,
                                "operator_name": "PROJECTION",
                                "cpu_time": 0.0,
                                "extra_info": {
                                  "Projections": "ws_order_number",
                                  "Estimated Cardinality": "1705"
                                },
                                "cumulative_cardinality": 0,
                                "operator_type": "PROJECTION",
                                "operator_cardinality": 18,
                                "cumulative_rows_scanned": 0,
                                "operator_rows_scanned": 0,
                                "operator_timing": 7.14e-07,
                                "children": [
                                  {
                                    "total_bytes_written": 0,
                                    "total_bytes_read": 0,
                                    "result_set_size": 144,
                                    "operator_name": "HASH_JOIN",
                                    "cpu_time": 0.0,
                                    "extra_info": {
                                      "Join Type": "INNER",
                                      "Conditions": "wr_order_number = ws_order_number",
                                      "Estimated Cardinality": "1705"
                                    },
                                    "cumulative_cardinality": 0,
                                    "operator_type": "HASH_JOIN",
                                    "operator_cardinality": 18,
                                    "cumulative_rows_scanned": 0,
                                    "operator_rows_scanned": 0,
                                    "operator_timing": 0.00040827899999999994,
                                    "children": [
                                      {
                                        "total_bytes_written": 0,
                                        "total_bytes_read": 0,
                                        "result_set_size": 180844,
                                        "operator_name": "PROJECTION",
                                        "cpu_time": 0.0,
                                        "extra_info": {
                                          "Projections": "#0",
                                          "Estimated Cardinality": "143844"
                                        },
                                        "cumulative_cardinality": 0,
                                        "operator_type": "PROJECTION",
                                        "operator_cardinality": 45211,
                                        "cumulative_rows_scanned": 0,
                                        "operator_rows_scanned": 0,
                                        "operator_timing": 2.6833999999999994e-05,
                                        "children": [
                                          {
                                            "total_bytes_written": 0,
                                            "total_bytes_read": 0,
                                            "result_set_size": 226055,
                                            "operator_name": "FILTER",
                                            "cpu_time": 0.0,
                                            "extra_info": {
                                              "Expression": "IN (...)",
                                              "Estimated Cardinality": "143844"
                                            },
                                            "cumulative_cardinality": 0,
                                            "operator_type": "FILTER",
                                            "operator_cardinality": 45211,
                                            "cumulative_rows_scanned": 0,
                                            "operator_rows_scanned": 0,
                                            "operator_timing": 0.0011709539999999999,
                                            "children": [
                                              {
                                                "total_bytes_written": 0,
                                                "total_bytes_read": 0,
                                                "result_set_size": 3564090,
                                                "operator_name": "HASH_JOIN",
                                                "cpu_time": 0.0,
                                                "extra_info": {
                                                  "Join Type": "MARK",
                                                  "Conditions": "wr_reason_sk = #0",
                                                  "Estimated Cardinality": "719222"
                                                },
                                                "cumulative_cardinality": 0,
                                                "operator_type": "HASH_JOIN",
                                                "operator_cardinality": 712818,
                                                "cumulative_rows_scanned": 0,
                                                "operator_rows_scanned": 0,
                                                "operator_timing": 0.0034023950000000008,
                                                "children": [
                                                  {
                                                    "total_bytes_written": 0,
                                                    "total_bytes_read": 0,
                                                    "result_set_size": 5702544,
                                                    "operator_name": "SEQ_SCAN ",
                                                    "cpu_time": 0.0,
                                                    "extra_info": {
                                                      "Table": "web_returns",
                                                      "Type": "Sequential Scan",
                                                      "Projections": [
                                                        "wr_order_number",
                                                        "wr_reason_sk"
                                                      ],
                                                      "Filters": "optional: wr_reason_sk IN (7, 25, 26, 52, 69)",
                                                      "Estimated Cardinality": "719222"
                                                    },
                                                    "cumulative_cardinality": 0,
                                                    "operator_type": "TABLE_SCAN",
                                                    "operator_cardinality": 712818,
                                                    "cumulative_rows_scanned": 0,
                                                    "operator_rows_scanned": 4315332,
                                                    "operator_timing": 0.0010752469999999999,
                                                    "children": []
                                                  },
                                                  {
                                                    "total_bytes_written": 0,
                                                    "total_bytes_read": 0,
                                                    "result_set_size": 20,
                                                    "operator_name": "COLUMN_DATA_SCAN",
                                                    "cpu_time": 0.0,
                                                    "extra_info": {
                                                      "Estimated Cardinality": "0"
                                                    },
                                                    "cumulative_cardinality": 0,
                                                    "operator_type": "COLUMN_DATA_SCAN",
                                                    "operator_cardinality": 5,
                                                    "cumulative_rows_scanned": 0,
                                                    "operator_rows_scanned": 0,
                                                    "operator_timing": 2.818e-06,
                                                    "children": []
                                                  }
                                                ]
                                              }
                                            ]
                                          }
                                        ]
                                      },
                                      {
                                        "total_bytes_written": 0,
                                        "total_bytes_read": 0,
                                        "result_set_size": 0,
                                        "operator_name": "DELIM_SCAN",
                                        "cpu_time": 0.0,
                                        "extra_info": {
                                          "Delim Index": "2",
                                          "Estimated Cardinality": "2425"
                                        },
                                        "cumulative_cardinality": 0,
                                        "operator_type": "DELIM_SCAN",
                                        "operator_cardinality": 0,
                                        "cumulative_rows_scanned": 0,
                                        "operator_rows_scanned": 0,
                                        "operator_timing": 0.0,
                                        "children": []
                                      }
                                    ]
                                  }
                                ]
                              }
                            ]
                          },
                          {
                            "total_bytes_written": 0,
                            "total_bytes_read": 0,
                            "result_set_size": 948,
                            "operator_name": "HASH_GROUP_BY",
                            "cpu_time": 0.0,
                            "extra_info": {
                              "Groups": "#0",
                              "Aggregates": "",
                              "Estimated Cardinality": "2425"
                            },
                            "cumulative_cardinality": 0,
                            "operator_type": "HASH_GROUP_BY",
                            "operator_cardinality": 237,
                            "cumulative_rows_scanned": 0,
                            "operator_rows_scanned": 0,
                            "operator_timing": 0.000536618,
                            "children": []
                          }
                        ]
                      }
                    ]
                  }
                ]
              }
            ]
          }
        ]
      }
    ]
  },
  "actual_rows": 0
}