{
  "execution_time_ms": 57.3,
  "plan_text": "\u250c\u2500\u2500\u2500\u2500\u2500\u2500\u2500\u2500\u2500\u2500\u2500\u2500\u2500\u2500\u2500\u2500\u2500\u2500\u2500\u2500\u2500\u2500\u2500\u2500\u2500\u2500\u2500\u2500\u2500\u2500\u2500\u2500\u2500\u2500\u2500\u2500\u2500\u2510\n\u2502\u250c\u2500\u2500\u2500\u2500\u2500\u2500\u2500\u2500\u2500\u2500\u2500\u2500\u2500\u2500\u2500\u2500\u2500\u2500\u2500\u2500\u2500\u2500\u2500\u2500\u2500\u2500\u2500\u2500\u2500\u2500\u2500\u2500\u2500\u2500\u2500\u2510\u2502\n\u2502\u2502    Query Profiling Information    \u2502\u2502\n\u2502\u2514\u2500\u2500\u2500\u2500\u2500\u2500\u2500\u2500\u2500\u2500\u2500\u2500\u2500\u2500\u2500\u2500\u2500\u2500\u2500\u2500\u2500\u2500\u2500\u2500\u2500\u2500\u2500\u2500\u2500\u2500\u2500\u2500\u2500\u2500\u2500\u2518\u2502\n\u2514\u2500\u2500\u2500\u2500\u2500\u2500\u2500\u2500\u2500\u2500\u2500\u2500\u2500\u2500\u2500\u2500\u2500\u2500\u2500\u2500\u2500\u2500\u2500\u2500\u2500\u2500\u2500\u2500\u2500\u2500\u2500\u2500\u2500\u2500\u2500\u2500\u2500\u2518\nEXPLAIN ANALYZE with customer_total_return as  (select cr_returning_customer_sk as ctr_customer_sk         ,ca_state as ctr_state,   \tsum(cr_return_amt_inc_tax) as ctr_total_return  from catalog_returns      ,date_dim      ,customer_address  where cr_returned_date_sk = d_date_sk     and d_year =2002    and cr_returning_addr_sk = ca_address_sk   group by cr_returning_customer_sk          ,ca_state )   select  c_customer_id,c_salutation,c_first_name,c_last_name,ca_street_number,ca_street_name                    ,ca_street_type,ca_suite_number,ca_city,ca_county,ca_state,ca_zip,ca_country,ca_gmt_offset                   ,ca_location_type,ctr_total_return  from customer_total_return ctr1      ,customer_address      ,customer  where ctr1.ctr_total_return > (select avg(ctr_total_return)*1.2  \t\t\t  from customer_total_return ctr2                    \t  where ctr1.ctr_state = ctr2.ctr_state)        and ca_address_sk = c_current_addr_sk        and ca_state = 'OH'        and ctr1.ctr_customer_sk = c_customer_sk  order by c_customer_id,c_salutation,c_first_name,c_last_name,ca_street_number,ca_street_name                    ,ca_street_type,ca_suite_number,ca_city,ca_county,ca_state,ca_zip,ca_country,ca_gmt_offset                   ,ca_location_type,ctr_total_return  limit 100\n\u250c\u2500\u2500\u2500\u2500\u2500\u2500\u2500\u2500\u2500\u2500\u2500\u2500\u2500\u2500\u2500\u2500\u2500\u2500\u2500\u2500\u2500\u2500\u2500\u2500\u2500\u2500\u2500\u2500\u2500\u2500\u2500\u2500\u2500\u2500\u2500\u2500\u2500\u2500\u2500\u2500\u2500\u2500\u2500\u2500\u2500\u2500\u2500\u2500\u2510\n\u2502\u250c\u2500\u2500\u2500\u2500\u2500\u2500\u2500\u2500\u2500\u2500\u2500\u2500\u2500\u2500\u2500\u2500\u2500\u2500\u2500\u2500\u2500\u2500\u2500\u2500\u2500\u2500\u2500\u2500\u2500\u2500\u2500\u2500\u2500\u2500\u2500\u2500\u2500\u2500\u2500\u2500\u2500\u2500\u2500\u2500\u2500\u2500\u2510\u2502\n\u2502\u2502              Total Time: 0.0517s             \u2502\u2502\n\u2502\u2514\u2500\u2500\u2500\u2500\u2500\u2500\u2500\u2500\u2500\u2500\u2500\u2500\u2500\u2500\u2500\u2500\u2500\u2500\u2500\u2500\u2500\u2500\u2500\u2500\u2500\u2500\u2500\u2500\u2500\u2500\u2500\u2500\u2500\u2500\u2500\u2500\u2500\u2500\u2500\u2500\u2500\u2500\u2500\u2500\u2500\u2500\u2518\u2502\n\u2514\u2500\u2500\u2500\u2500\u2500\u2500\u2500\u2500\u2500\u2500\u2500\u2500\u2500\u2500\u2500\u2500\u2500\u2500\u2500\u2500\u2500\u2500\u2500\u2500\u2500\u2500\u2500\u2500\u2500\u2500\u2500\u2500\u2500\u2500\u2500\u2500\u2500\u2500\u2500\u2500\u2500\u2500\u2500\u2500\u2500\u2500\u2500\u2500\u2518\n\u250c\u2500\u2500\u2500\u2500\u2500\u2500\u2500\u2500\u2500\u2500\u2500\u2500\u2500\u2500\u2500\u2500\u2500\u2500\u2500\u2500\u2500\u2510\n\u2502        QUERY        \u2502\n\u2514\u2500\u2500\u2500\u2500\u2500\u2500\u2500\u2500\u2500\u2500\u252c\u2500\u2500\u2500\u2500\u2500\u2500\u2500\u2500\u2500\u2500\u2518\n\u250c\u2500\u2500\u2500\u2500\u2500\u2500\u2500\u2500\u2500\u2500\u2534\u2500\u2500\u2500\u2500\u2500\u2500\u2500\u2500\u2500\u2500\u2510\n\u2502   EXPLAIN_ANALYZE   \u2502\n\u2502    \u2500\u2500\u2500\u2500\u2500\u2500\u2500\u2500\u2500\u2500\u2500\u2500\u2500\u2500   \u2502\n\u2502        0 rows       \u2502\n\u2502       (0.00s)       \u2502\n\u2514\u2500\u2500\u2500\u2500\u2500\u2500\u2500\u2500\u2500\u2500\u252c\u2500\u2500\u2500\u2500\u2500\u2500\u2500\u2500\u2500\u2500\u2518\n\u250c\u2500\u2500\u2500\u2500\u2500\u2500\u2500\u2500\u2500\u2500\u2534\u2500\u2500\u2500\u2500\u2500\u2500\u2500\u2500\u2500\u2500\u2510\n\u2502         CTE         \u2502\n\u2502    \u2500\u2500\u2500\u2500\u2500\u2500\u2500\u2500\u2500\u2500\u2500\u2500\u2500\u2500   \u2502\n\u2502      CTE Name:      \u2502\n\u2502customer_total_return\u2502\n\u2502                     \u251c\u2500\u2500\u2500\u2500\u2500\u2500\u2500\u2500\u2500\u2500\u2500\u2500\u2500\u2500\u2500\u2500\u2500\u2500\u2500\u2500\u2500\u2500\u2500\u2500\u2500\u2500\u2500\u2500\u2500\u2500\u2500\u2500\u2500\u2500\u2500\u2500\u2500\u2500\u2500\u2500\u2500\u2500\u2500\u2500\u2500\u2500\u2500\u2500\u2500\u2500\u2500\u2500\u2500\u2500\u2500\u2500\u2500\u2510\n\u2502    Table Index: 0   \u2502                                                         \u2502\n\u2502                     \u2502                                                         \u2502\n\u2502        0 rows       \u2502                                                         \u2502\n\u2502       (0.00s)       \u2502                                                         \u2502\n\u2514\u2500\u2500\u2500\u2500\u2500\u2500\u2500\u2500\u2500\u2500\u252c\u2500\u2500\u2500\u2500\u2500\u2500\u2500\u2500\u2500\u2500\u2518                                                         \u2502\n\u250c\u2500\u2500\u2500\u2500\u2500\u2500\u2500\u2500\u2500\u2500\u2534\u2500\u2500\u2500\u2500\u2500\u2500\u2500\u2500\u2500\u2500\u2510                                              \u250c\u2500\u2500\u2500\u2500\u2500\u2500\u2500\u2500\u2500\u2500\u2534\u2500\u2500\u2500\u2500\u2500\u2500\u2500\u2500\u2500\u2500\u2510\n\u2502      PROJECTION     \u2502                                              \u2502        TOP_N        \u2502\n\u2502    \u2500\u2500\u2500\u2500\u2500\u2500\u2500\u2500\u2500\u2500\u2500\u2500\u2500\u2500   \u2502                                              \u2502    \u2500\u2500\u2500\u2500\u2500\u2500\u2500\u2500\u2500\u2500\u2500\u2500\u2500\u2500   \u2502\n\u2502          #0         \u2502                                              \u2502       Top: 100      \u2502\n\u2502__internal_decompress\u2502                                              \u2502                     \u2502\n\u2502     _string(#1)     \u2502                                              \u2502      Order By:      \u2502\n\u2502          #2         \u2502                                              \u2502  tpcds_sf10_2.main  \u2502\n\u2502                     \u2502                                              \u2502      .customer      \u2502\n\u2502                     \u2502                                              \u2502  .c_customer_id ASC \u2502\n\u2502                     \u2502                                              \u2502  tpcds_sf10_2.main  \u2502\n\u2502                     \u2502                                              \u2502      .customer      \u2502\n\u2502                     \u2502                                              \u2502  .c_salutation ASC  \u2502\n\u2502                     \u2502                                              \u2502  tpcds_sf10_2.main  \u2502\n\u2502                     \u2502                                              \u2502      .customer      \u2502\n\u2502                     \u2502                                              \u2502  .c_first_name ASC  \u2502\n\u2502                     \u2502                                              \u2502  tpcds_sf10_2.main  \u2502\n\u2502                     \u2502                                              \u2502      .customer      \u2502\n\u2502                     \u2502                                              \u2502   .c_last_name ASC  \u2502\n\u2502                     \u2502                                              \u2502  tpcds_sf10_2.main  \u2502\n\u2502                     \u2502                                              \u2502  .customer_address  \u2502\n\u2502                     \u2502                                              \u2502.ca_street_number ASC\u2502\n\u2502                     \u2502                                              \u2502  tpcds_sf10_2.main  \u2502\n\u2502                     \u2502                                              \u2502  .customer_address  \u2502\n\u2502                     \u2502                                              \u2502 .ca_street_name ASC \u2502\n\u2502                     \u2502                                              \u2502  tpcds_sf10_2.main  \u2502\n\u2502                     \u2502                                              \u2502  .customer_address  \u2502\n\u2502                     \u2502                                              \u2502 .ca_street_type ASC \u2502\n\u2502                     \u2502                                              \u2502  tpcds_sf10_2.main  \u2502\n\u2502                     \u2502                                              \u2502  .customer_address  \u2502\n\u2502                     \u2502                                              \u2502 .ca_suite_number ASC\u2502\n\u2502                     \u2502                                              \u2502  tpcds_sf10_2.main  \u2502\n\u2502                     \u2502                                              \u2502  .customer_address  \u2502\n\u2502                     \u2502                                              \u2502     .ca_city ASC    \u2502\n\u2502                     \u2502                                              \u2502  tpcds_sf10_2.main  \u2502\n\u2502                     \u2502                                              \u2502  .customer_address  \u2502\n\u2502                     \u2502                                              \u2502    .ca_county ASC   \u2502\n\u2502                     \u2502                                              \u2502  tpcds_sf10_2.main  \u2502\n\u2502                     \u2502                                              \u2502  .customer_address  \u2502\n\u2502                     \u2502                                              \u2502    .ca_state ASC    \u2502\n\u2502                     \u2502                                              \u2502  tpcds_sf10_2.main  \u2502\n\u2502                     \u2502                                              \u2502  .customer_address  \u2502\n\u2502                     \u2502                                              \u2502     .ca_zip ASC     \u2502\n\u2502                     \u2502                                              \u2502  tpcds_sf10_2.main  \u2502\n\u2502                     \u2502                                              \u2502  .customer_address  \u2502\n\u2502                     \u2502                                              \u2502   .ca_country ASC   \u2502\n\u2502                     \u2502                                              \u2502  tpcds_sf10_2.main  \u2502\n\u2502                     \u2502                                              \u2502  .customer_address  \u2502\n\u2502                     \u2502                                              \u2502  .ca_gmt_offset ASC \u2502\n\u2502                     \u2502                                              \u2502  tpcds_sf10_2.main  \u2502\n\u2502                     \u2502                                              \u2502  .customer_address  \u2502\n\u2502                     \u2502                                              \u2502.ca_location_type ASC\u2502\n\u2502                     \u2502                                              \u2502ctr1.ctr_total_return\u2502\n\u2502                     \u2502                                              \u2502          ASC        \u2502\n\u2502                     \u2502                                              \u2502                     \u2502\n\u2502     275,579 rows    \u2502                                              \u2502       100 rows      \u2502\n\u2502       (0.00s)       \u2502                                              \u2502       (0.00s)       \u2502\n\u2514\u2500\u2500\u2500\u2500\u2500\u2500\u2500\u2500\u2500\u2500\u252c\u2500\u2500\u2500\u2500\u2500\u2500\u2500\u2500\u2500\u2500\u2518                                              \u2514\u2500\u2500\u2500\u2500\u2500\u2500\u2500\u2500\u2500\u2500\u252c\u2500\u2500\u2500\u2500\u2500\u2500\u2500\u2500\u2500\u2500\u2518\n\u250c\u2500\u2500\u2500\u2500\u2500\u2500\u2500\u2500\u2500\u2500\u2534\u2500\u2500\u2500\u2500\u2500\u2500\u2500\u2500\u2500\u2500\u2510                                              \u250c\u2500\u2500\u2500\u2500\u2500\u2500\u2500\u2500\u2500\u2500\u2534\u2500\u2500\u2500\u2500\u2500\u2500\u2500\u2500\u2500\u2500\u2510\n\u2502    HASH_GROUP_BY    \u2502                                              \u2502      PROJECTION     \u2502\n\u2502    \u2500\u2500\u2500\u2500\u2500\u2500\u2500\u2500\u2500\u2500\u2500\u2500\u2500\u2500   \u2502                                              \u2502    \u2500\u2500\u2500\u2500\u2500\u2500\u2500\u2500\u2500\u2500\u2500\u2500\u2500\u2500   \u2502\n\u2502       Groups:       \u2502                                              \u2502    c_customer_id    \u2502\n\u2502          #0         \u2502                                              \u2502     c_salutation    \u2502\n\u2502          #1         \u2502                                              \u2502     c_first_name    \u2502\n\u2502                     \u2502                                              \u2502     c_last_name     \u2502\n\u2502     Aggregates:     \u2502                                              \u2502   ca_street_number  \u2502\n\u2502       sum(#2)       \u2502                                              \u2502    ca_street_name   \u2502\n\u2502                     \u2502                                              \u2502    ca_street_type   \u2502\n\u2502                     \u2502                                              \u2502   ca_suite_number   \u2502\n\u2502                     \u2502                                              \u2502       ca_city       \u2502\n\u2502                     \u2502                                              \u2502      ca_county      \u2502\n\u2502                     \u2502                                              \u2502       ca_state      \u2502\n\u2502                     \u2502                                              \u2502        ca_zip       \u2502\n\u2502                     \u2502                                              \u2502      ca_country     \u2502\n\u2502                     \u2502                                              \u2502    ca_gmt_offset    \u2502\n\u2502                     \u2502                                              \u2502   ca_location_type  \u2502\n\u2502                     \u2502                                              \u2502   ctr_total_return  \u2502\n\u2502                     \u2502                                              \u2502                     \u2502\n\u2502     275,579 rows    \u2502                                              \u2502      1,820 rows     \u2502\n\u2502       (0.03s)       \u2502                                              \u2502       (0.00s)       \u2502\n\u2514\u2500\u2500\u2500\u2500\u2500\u2500\u2500\u2500\u2500\u2500\u252c\u2500\u2500\u2500\u2500\u2500\u2500\u2500\u2500\u2500\u2500\u2518                                              \u2514\u2500\u2500\u2500\u2500\u2500\u2500\u2500\u2500\u2500\u2500\u252c\u2500\u2500\u2500\u2500\u2500\u2500\u2500\u2500\u2500\u2500\u2518\n\u250c\u2500\u2500\u2500\u2500\u2500\u2500\u2500\u2500\u2500\u2500\u2534\u2500\u2500\u2500\u2500\u2500\u2500\u2500\u2500\u2500\u2500\u2510                                              \u250c\u2500\u2500\u2500\u2500\u2500\u2500\u2500\u2500\u2500\u2500\u2534\u2500\u2500\u2500\u2500\u2500\u2500\u2500\u2500\u2500\u2500\u2510\n\u2502      PROJECTION     \u2502                                              \u2502      PROJECTION     \u2502\n\u2502    \u2500\u2500\u2500\u2500\u2500\u2500\u2500\u2500\u2500\u2500\u2500\u2500\u2500\u2500   \u2502                                              \u2502    \u2500\u2500\u2500\u2500\u2500\u2500\u2500\u2500\u2500\u2500\u2500\u2500\u2500\u2500   \u2502\n\u2502cr_returning_customer\u2502                                              \u2502          #0         \u2502\n\u2502         _sk         \u2502                                              \u2502          #1         \u2502\n\u2502       ca_state      \u2502                                              \u2502          #2         \u2502\n\u2502cr_return_amt_inc_tax\u2502                                              \u2502          #3         \u2502\n\u2502                     \u2502                                              \u2502          #4         \u2502\n\u2502                     \u2502                                              \u2502          #5         \u2502\n\u2502                     \u2502                                              \u2502          #6         \u2502\n\u2502                     \u2502                                              \u2502          #7         \u2502\n\u2502                     \u2502                                              \u2502          #8         \u2502\n\u2502                     \u2502                                              \u2502          #9         \u2502\n\u2502                     \u2502                                              \u2502         #10         \u2502\n\u2502                     \u2502                                              \u2502         #11         \u2502\n\u2502                     \u2502                                              \u2502         #12         \u2502\n\u2502                     \u2502                                              \u2502         #13         \u2502\n\u2502                     \u2502                                              \u2502         #14         \u2502\n\u2502                     \u2502                                              \u2502         #15         \u2502\n\u2502                     \u2502                                              \u2502                     \u2502\n\u2502     281,584 rows    \u2502                                              \u2502      1,820 rows     \u2502\n\u2502       (0.00s)       \u2502                                              \u2502       (0.00s)       \u2502\n\u2514\u2500\u2500\u2500\u2500\u2500\u2500\u2500\u2500\u2500\u2500\u252c\u2500\u2500\u2500\u2500\u2500\u2500\u2500\u2500\u2500\u2500\u2518                                              \u2514\u2500\u2500\u2500\u2500\u2500\u2500\u2500\u2500\u2500\u2500\u252c\u2500\u2500\u2500\u2500\u2500\u2500\u2500\u2500\u2500\u2500\u2518\n\u250c\u2500\u2500\u2500\u2500\u2500\u2500\u2500\u2500\u2500\u2500\u2534\u2500\u2500\u2500\u2500\u2500\u2500\u2500\u2500\u2500\u2500\u2510                                              \u250c\u2500\u2500\u2500\u2500\u2500\u2500\u2500\u2500\u2500\u2500\u2534\u2500\u2500\u2500\u2500\u2500\u2500\u2500\u2500\u2500\u2500\u2510\n\u2502      PROJECTION     \u2502                                              \u2502        FILTER       \u2502\n\u2502    \u2500\u2500\u2500\u2500\u2500\u2500\u2500\u2500\u2500\u2500\u2500\u2500\u2500\u2500   \u2502                                              \u2502    \u2500\u2500\u2500\u2500\u2500\u2500\u2500\u2500\u2500\u2500\u2500\u2500\u2500\u2500   \u2502\n\u2502__internal_compress_s\u2502                                              \u2502(CAST(ctr_total_retur\u2502\n\u2502  tring_uinteger(#0) \u2502                                              \u2502    n AS DOUBLE) >   \u2502\n\u2502          #1         \u2502                                              \u2502       SUBQUERY)     \u2502\n\u2502          #2         \u2502                                              \u2502                     \u2502\n\u2502                     \u2502                                              \u2502                     \u2502\n\u2502     281,584 rows    \u2502                                              \u2502      1,820 rows     \u2502\n\u2502       (0.00s)       \u2502                                              \u2502       (0.00s)       \u2502\n\u2514\u2500\u2500\u2500\u2500\u2500\u2500\u2500\u2500\u2500\u2500\u252c\u2500\u2500\u2500\u2500\u2500\u2500\u2500\u2500\u2500\u2500\u2518                                              \u2514\u2500\u2500\u2500\u2500\u2500\u2500\u2500\u2500\u2500\u2500\u252c\u2500\u2500\u2500\u2500\u2500\u2500\u2500\u2500\u2500\u2500\u2518\n\u250c\u2500\u2500\u2500\u2500\u2500\u2500\u2500\u2500\u2500\u2500\u2534\u2500\u2500\u2500\u2500\u2500\u2500\u2500\u2500\u2500\u2500\u2510                                              \u250c\u2500\u2500\u2500\u2500\u2500\u2500\u2500\u2500\u2500\u2500\u2534\u2500\u2500\u2500\u2500\u2500\u2500\u2500\u2500\u2500\u2500\u2510\n\u2502      HASH_JOIN      \u2502                                              \u2502   LEFT_DELIM_JOIN   \u2502\n\u2502    \u2500\u2500\u2500\u2500\u2500\u2500\u2500\u2500\u2500\u2500\u2500\u2500\u2500\u2500   \u2502                                              \u2502    \u2500\u2500\u2500\u2500\u2500\u2500\u2500\u2500\u2500\u2500\u2500\u2500\u2500\u2500   \u2502\n\u2502      Join Type:     \u2502                                              \u2502   Join Type: LEFT   \u2502\n\u2502        INNER        \u2502                                              \u2502                     \u2502\n\u2502                     \u2502                                              \u2502     Conditions:     \u2502\n\u2502     Conditions:     \u2502                                              \u2502   ctr_state IS NOT  \u2502\n\u2502   ca_address_sk =   \u251c\u2500\u2500\u2500\u2500\u2500\u2500\u2500\u2500\u2500\u2500\u2500\u2510                                  \u2502     DISTINCT FROM   \u251c\u2500\u2500\u2500\u2500\u2500\u2500\u2500\u2500\u2500\u2500\u2500\u2500\u2500\u2500\u2500\u2500\u2500\u2500\u2500\u2500\u2500\u2500\u2500\u2500\u2500\u2500\u2500\u2500\u2500\u2500\u2500\u2500\u2500\u2500\u2500\u2500\u2500\u2500\u2500\u2500\u2500\u2500\u2500\u2500\u2500\u2500\u2500\u2500\u2500\u2500\u2500\u2500\u2500\u2500\u2500\u2500\u2500\u252c\u2500\u2500\u2500\u2500\u2500\u2500\u2500\u2500\u2500\u2500\u2500\u2500\u2500\u2500\u2500\u2500\u2500\u2500\u2500\u2500\u2500\u2500\u2500\u2500\u2500\u2500\u2500\u2500\u2500\u2500\u2500\u2500\u2500\u2500\u2500\u2500\u2500\u2500\u2500\u2500\u2500\u2500\u2500\u2500\u2500\u2500\u2500\u2500\u2500\u2500\u2500\u2500\u2500\u2500\u2500\u2500\u2500\u2500\u2500\u2500\u2500\u2500\u2500\u2500\u2500\u2500\u2500\u2500\u2510\n\u2502 cr_returning_addr_sk\u2502           \u2502                                  \u2502       ctr_state     \u2502                                                         \u2502                                                                    \u2502\n\u2502                     \u2502           \u2502                                  \u2502                     \u2502                                                         \u2502                                                                    \u2502\n\u2502                     \u2502           \u2502                                  \u2502    Delim Index: 1   \u2502                                                         \u2502                                                                    \u2502\n\u2502                     \u2502           \u2502                                  \u2502                     \u2502                                                         \u2502                                                                    \u2502\n\u2502     281,584 rows    \u2502           \u2502                                  \u2502        0 rows       \u2502                                                         \u2502                                                                    \u2502\n\u2502       (0.02s)       \u2502           \u2502                                  \u2502       (0.00s)       \u2502                                                         \u2502                                                                    \u2502\n\u2514\u2500\u2500\u2500\u2500\u2500\u2500\u2500\u2500\u2500\u2500\u252c\u2500\u2500\u2500\u2500\u2500\u2500\u2500\u2500\u2500\u2500\u2518           \u2502                                  \u2514\u2500\u2500\u2500\u2500\u2500\u2500\u2500\u2500\u2500\u2500\u252c\u2500\u2500\u2500\u2500\u2500\u2500\u2500\u2500\u2500\u2500\u2518                                                         \u2502                                                                    \u2502\n\u250c\u2500\u2500\u2500\u2500\u2500\u2500\u2500\u2500\u2500\u2500\u2534\u2500\u2500\u2500\u2500\u2500\u2500\u2500\u2500\u2500\u2500\u2510\u250c\u2500\u2500\u2500\u2500\u2500\u2500\u2500\u2500\u2500\u2500\u2534\u2500\u2500\u2500\u2500\u2500\u2500\u2500\u2500\u2500\u2500\u2510                       \u250c\u2500\u2500\u2500\u2500\u2500\u2500\u2500\u2500\u2500\u2500\u2534\u2500\u2500\u2500\u2500\u2500\u2500\u2500\u2500\u2500\u2500\u2510                                              \u250c\u2500\u2500\u2500\u2500\u2500\u2500\u2500\u2500\u2500\u2500\u2534\u2500\u2500\u2500\u2500\u2500\u2500\u2500\u2500\u2500\u2500\u2510                                              \u250c\u2500\u2500\u2500\u2500\u2500\u2500\u2500\u2500\u2500\u2500\u2534\u2500\u2500\u2500\u2500\u2500\u2500\u2500\u2500\u2500\u2500\u2510\n\u2502      TABLE_SCAN     \u2502\u2502      HASH_JOIN      \u2502                       \u2502      HASH_JOIN      \u2502                                              \u2502      HASH_JOIN      \u2502                                              \u2502    HASH_GROUP_BY    \u2502\n\u2502    \u2500\u2500\u2500\u2500\u2500\u2500\u2500\u2500\u2500\u2500\u2500\u2500\u2500\u2500   \u2502\u2502    \u2500\u2500\u2500\u2500\u2500\u2500\u2500\u2500\u2500\u2500\u2500\u2500\u2500\u2500   \u2502                       \u2502    \u2500\u2500\u2500\u2500\u2500\u2500\u2500\u2500\u2500\u2500\u2500\u2500\u2500\u2500   \u2502                                              \u2502    \u2500\u2500\u2500\u2500\u2500\u2500\u2500\u2500\u2500\u2500\u2500\u2500\u2500\u2500   \u2502                                              \u2502    \u2500\u2500\u2500\u2500\u2500\u2500\u2500\u2500\u2500\u2500\u2500\u2500\u2500\u2500   \u2502\n\u2502        Table:       \u2502\u2502      Join Type:     \u2502                       \u2502      Join Type:     \u2502                                              \u2502   Join Type: LEFT   \u2502                                              \u2502     Groups: #15     \u2502\n\u2502   customer_address  \u2502\u2502        INNER        \u2502                       \u2502        INNER        \u2502                                              \u2502                     \u2502                                              \u2502                     \u2502\n\u2502                     \u2502\u2502                     \u2502                       \u2502                     \u2502                                              \u2502     Conditions:     \u2502                                              \u2502                     \u2502\n\u2502        Type:        \u2502\u2502     Conditions:     \u2502                       \u2502     Conditions:     \u2502                                              \u2502   ctr_state IS NOT  \u2502                                              \u2502                     \u2502\n\u2502   Sequential Scan   \u2502\u2502 cr_returned_date_sk \u2502                       \u2502   c_customer_sk =   \u2502                                              \u2502     DISTINCT FROM   \u2502                                              \u2502                     \u2502\n\u2502                     \u2502\u2502     = d_date_sk     \u251c\u2500\u2500\u2500\u2500\u2500\u2500\u2500\u2500\u2500\u2500\u2500\u2510           \u2502    ctr_customer_sk  \u251c\u2500\u2500\u2500\u2500\u2500\u2500\u2500\u2500\u2500\u2500\u2500\u2500\u2500\u2500\u2500\u2500\u2500\u2500\u2500\u2500\u2500\u2500\u2500\u2500\u2500\u2500\u2500\u2500\u2500\u2500\u2500\u2500\u2500\u2500\u2510           \u2502       ctr_state     \u251c\u2500\u2500\u2500\u2500\u2500\u2500\u2500\u2500\u2500\u2500\u2500\u2510                                  \u2502                     \u2502\n\u2502     Projections:    \u2502\u2502                     \u2502           \u2502           \u2502                     \u2502                                  \u2502           \u2502                     \u2502           \u2502                                  \u2502                     \u2502\n\u2502    ca_address_sk    \u2502\u2502                     \u2502           \u2502           \u2502                     \u2502                                  \u2502           \u2502                     \u2502           \u2502                                  \u2502                     \u2502\n\u2502       ca_state      \u2502\u2502                     \u2502           \u2502           \u2502                     \u2502                                  \u2502           \u2502                     \u2502           \u2502                                  \u2502                     \u2502\n\u2502                     \u2502\u2502                     \u2502           \u2502           \u2502                     \u2502                                  \u2502           \u2502                     \u2502           \u2502                                  \u2502                     \u2502\n\u2502     250,000 rows    \u2502\u2502     287,252 rows    \u2502           \u2502           \u2502      7,370 rows     \u2502                                  \u2502           \u2502      7,370 rows     \u2502           \u2502                                  \u2502       51 rows       \u2502\n\u2502       (0.00s)       \u2502\u2502       (0.00s)       \u2502           \u2502           \u2502       (0.03s)       \u2502                                  \u2502           \u2502       (0.00s)       \u2502           \u2502                                  \u2502       (0.00s)       \u2502\n\u2514\u2500\u2500\u2500\u2500\u2500\u2500\u2500\u2500\u2500\u2500\u2500\u2500\u2500\u2500\u2500\u2500\u2500\u2500\u2500\u2500\u2500\u2518\u2514\u2500\u2500\u2500\u2500\u2500\u2500\u2500\u2500\u2500\u2500\u252c\u2500\u2500\u2500\u2500\u2500\u2500\u2500\u2500\u2500\u2500\u2518           \u2502           \u2514\u2500\u2500\u2500\u2500\u2500\u2500\u2500\u2500\u2500\u2500\u252c\u2500\u2500\u2500\u2500\u2500\u2500\u2500\u2500\u2500\u2500\u2518                                  \u2502           \u2514\u2500\u2500\u2500\u2500\u2500\u2500\u2500\u2500\u2500\u2500\u252c\u2500\u2500\u2500\u2500\u2500\u2500\u2500\u2500\u2500\u2500\u2518           \u2502                                  \u2514\u2500\u2500\u2500\u2500\u2500\u2500\u2500\u2500\u2500\u2500\u2500\u2500\u2500\u2500\u2500\u2500\u2500\u2500\u2500\u2500\u2500\u2518\n                       \u250c\u2500\u2500\u2500\u2500\u2500\u2500\u2500\u2500\u2500\u2500\u2534\u2500\u2500\u2500\u2500\u2500\u2500\u2500\u2500\u2500\u2500\u2510\u250c\u2500\u2500\u2500\u2500\u2500\u2500\u2500\u2500\u2500\u2500\u2534\u2500\u2500\u2500\u2500\u2500\u2500\u2500\u2500\u2500\u2500\u2510\u250c\u2500\u2500\u2500\u2500\u2500\u2500\u2500\u2500\u2500\u2500\u2534\u2500\u2500\u2500\u2500\u2500\u2500\u2500\u2500\u2500\u2500\u2510                       \u250c\u2500\u2500\u2500\u2500\u2500\u2500\u2500\u2500\u2500\u2500\u2534\u2500\u2500\u2500\u2500\u2500\u2500\u2500\u2500\u2500\u2500\u2510\u250c\u2500\u2500\u2500\u2500\u2500\u2500\u2500\u2500\u2500\u2500\u2534\u2500\u2500\u2500\u2500\u2500\u2500\u2500\u2500\u2500\u2500\u2510\u250c\u2500\u2500\u2500\u2500\u2500\u2500\u2500\u2500\u2500\u2500\u2534\u2500\u2500\u2500\u2500\u2500\u2500\u2500\u2500\u2500\u2500\u2510\n                       \u2502      TABLE_SCAN     \u2502\u2502        FILTER       \u2502\u2502      HASH_JOIN      \u2502                       \u2502       CTE_SCAN      \u2502\u2502   COLUMN_DATA_SCAN  \u2502\u2502      PROJECTION     \u2502\n                       \u2502    \u2500\u2500\u2500\u2500\u2500\u2500\u2500\u2500\u2500\u2500\u2500\u2500\u2500\u2500   \u2502\u2502    \u2500\u2500\u2500\u2500\u2500\u2500\u2500\u2500\u2500\u2500\u2500\u2500\u2500\u2500   \u2502\u2502    \u2500\u2500\u2500\u2500\u2500\u2500\u2500\u2500\u2500\u2500\u2500\u2500\u2500\u2500   \u2502                       \u2502    \u2500\u2500\u2500\u2500\u2500\u2500\u2500\u2500\u2500\u2500\u2500\u2500\u2500\u2500   \u2502\u2502                     \u2502\u2502    \u2500\u2500\u2500\u2500\u2500\u2500\u2500\u2500\u2500\u2500\u2500\u2500\u2500\u2500   \u2502\n                       \u2502        Table:       \u2502\u2502  (d_date_sk BETWEEN \u2502\u2502      Join Type:     \u2502                       \u2502     CTE Index: 0    \u2502\u2502                     \u2502\u2502(avg(ctr_total_return\u2502\n                       \u2502   catalog_returns   \u2502\u2502 2450827 AND 2452918)\u2502\u2502        INNER        \u2502                       \u2502                     \u2502\u2502                     \u2502\u2502       ) * 1.2)      \u2502\n                       \u2502                     \u2502\u2502                     \u2502\u2502                     \u2502                       \u2502                     \u2502\u2502                     \u2502\u2502      ctr_state      \u2502\n                       \u2502        Type:        \u2502\u2502                     \u2502\u2502     Conditions:     \u2502                       \u2502                     \u2502\u2502                     \u2502\u2502                     \u2502\n                       \u2502   Sequential Scan   \u2502\u2502                     \u2502\u2502 c_current_addr_sk = \u2502                       \u2502                     \u2502\u2502                     \u2502\u2502                     \u2502\n                       \u2502                     \u2502\u2502                     \u2502\u2502     ca_address_sk   \u2502                       \u2502                     \u2502\u2502                     \u2502\u2502                     \u2502\n                       \u2502     Projections:    \u2502\u2502                     \u2502\u2502                     \u251c\u2500\u2500\u2500\u2500\u2500\u2500\u2500\u2500\u2500\u2500\u2500\u2510           \u2502                     \u2502\u2502                     \u2502\u2502                     \u2502\n                       \u2502 cr_returned_date_sk \u2502\u2502                     \u2502\u2502                     \u2502           \u2502           \u2502                     \u2502\u2502                     \u2502\u2502                     \u2502\n                       \u2502 cr_returning_addr_sk\u2502\u2502                     \u2502\u2502                     \u2502           \u2502           \u2502                     \u2502\u2502                     \u2502\u2502                     \u2502\n                       \u2502cr_returning_customer\u2502\u2502                     \u2502\u2502                     \u2502           \u2502           \u2502                     \u2502\u2502                     \u2502\u2502                     \u2502\n                       \u2502         _sk         \u2502\u2502                     \u2502\u2502                     \u2502           \u2502           \u2502                     \u2502\u2502                     \u2502\u2502                     \u2502\n                       \u2502cr_return_amt_inc_tax\u2502\u2502                     \u2502\u2502                     \u2502           \u2502           \u2502                     \u2502\u2502                     \u2502\u2502                     \u2502\n                       \u2502                     \u2502\u2502                     \u2502\u2502                     \u2502           \u2502           \u2502                     \u2502\u2502                     \u2502\u2502                     \u2502\n                       \u2502     287,252 rows    \u2502\u2502       365 rows      \u2502\u2502     13,513 rows     \u2502           \u2502           \u2502     275,579 rows    \u2502\u2502      7,370 rows     \u2502\u2502       50 rows       \u2502\n                       \u2502       (0.00s)       \u2502\u2502       (0.00s)       \u2502\u2502       (0.01s)       \u2502           \u2502           \u2502       (0.00s)       \u2502\u2502       (0.00s)       \u2502\u2502       (0.00s)       \u2502\n                       \u2514\u2500\u2500\u2500\u2500\u2500\u2500\u2500\u2500\u2500\u2500\u2500\u2500\u2500\u2500\u2500\u2500\u2500\u2500\u2500\u2500\u2500\u2518\u2514\u2500\u2500\u2500\u2500\u2500\u2500\u2500\u2500\u2500\u2500\u252c\u2500\u2500\u2500\u2500\u2500\u2500\u2500\u2500\u2500\u2500\u2518\u2514\u2500\u2500\u2500\u2500\u2500\u2500\u2500\u2500\u2500\u2500\u252c\u2500\u2500\u2500\u2500\u2500\u2500\u2500\u2500\u2500\u2500\u2518           \u2502           \u2514\u2500\u2500\u2500\u2500\u2500\u2500\u2500\u2500\u2500\u2500\u2500\u2500\u2500\u2500\u2500\u2500\u2500\u2500\u2500\u2500\u2500\u2518\u2514\u2500\u2500\u2500\u2500\u2500\u2500\u2500\u2500\u2500\u2500\u2500\u2500\u2500\u2500\u2500\u2500\u2500\u2500\u2500\u2500\u2500\u2518\u2514\u2500\u2500\u2500\u2500\u2500\u2500\u2500\u2500\u2500\u2500\u252c\u2500\u2500\u2500\u2500\u2500\u2500\u2500\u2500\u2500\u2500\u2518\n                                              \u250c\u2500\u2500\u2500\u2500\u2500\u2500\u2500\u2500\u2500\u2500\u2534\u2500\u2500\u2500\u2500\u2500\u2500\u2500\u2500\u2500\u2500\u2510\u250c\u2500\u2500\u2500\u2500\u2500\u2500\u2500\u2500\u2500\u2500\u2534\u2500\u2500\u2500\u2500\u2500\u2500\u2500\u2500\u2500\u2500\u2510\u250c\u2500\u2500\u2500\u2500\u2500\u2500\u2500\u2500\u2500\u2500\u2534\u2500\u2500\u2500\u2500\u2500\u2500\u2500\u2500\u2500\u2500\u2510                                              \u250c\u2500\u2500\u2500\u2500\u2500\u2500\u2500\u2500\u2500\u2500\u2534\u2500\u2500\u2500\u2500\u2500\u2500\u2500\u2500\u2500\u2500\u2510\n                                              \u2502      TABLE_SCAN     \u2502\u2502      TABLE_SCAN     \u2502\u2502      TABLE_SCAN     \u2502                                              \u2502    HASH_GROUP_BY    \u2502\n                                              \u2502    \u2500\u2500\u2500\u2500\u2500\u2500\u2500\u2500\u2500\u2500\u2500\u2500\u2500\u2500   \u2502\u2502    \u2500\u2500\u2500\u2500\u2500\u2500\u2500\u2500\u2500\u2500\u2500\u2500\u2500\u2500   \u2502\u2502    \u2500\u2500\u2500\u2500\u2500\u2500\u2500\u2500\u2500\u2500\u2500\u2500\u2500\u2500   \u2502                                              \u2502    \u2500\u2500\u2500\u2500\u2500\u2500\u2500\u2500\u2500\u2500\u2500\u2500\u2500\u2500   \u2502\n                                              \u2502   Table: date_dim   \u2502\u2502   Table: customer   \u2502\u2502        Table:       \u2502                                              \u2502      Groups: #0     \u2502\n                                              \u2502                     \u2502\u2502                     \u2502\u2502   customer_address  \u2502                                              \u2502                     \u2502\n                                              \u2502        Type:        \u2502\u2502        Type:        \u2502\u2502                     \u2502                                              \u2502     Aggregates:     \u2502\n                                              \u2502   Sequential Scan   \u2502\u2502   Sequential Scan   \u2502\u2502        Type:        \u2502                                              \u2502       avg(#1)       \u2502\n                                              \u2502                     \u2502\u2502                     \u2502\u2502   Sequential Scan   \u2502                                              \u2502                     \u2502\n                                              \u2502     Projections:    \u2502\u2502                     \u2502\u2502                     \u2502                                              \u2502                     \u2502\n                                              \u2502      d_date_sk      \u2502\u2502                     \u2502\u2502       Filters:      \u2502                                              \u2502                     \u2502\n                                              \u2502                     \u2502\u2502                     \u2502\u2502    ca_state='OH'    \u2502                                              \u2502                     \u2502\n                                              \u2502       Filters:      \u2502\u2502                     \u2502\u2502                     \u2502                                              \u2502                     \u2502\n                                              \u2502     d_year=2002     \u2502\u2502                     \u2502\u2502                     \u2502                                              \u2502                     \u2502\n                                              \u2502                     \u2502\u2502                     \u2502\u2502                     \u2502                                              \u2502                     \u2502\n                                              \u2502       365 rows      \u2502\u2502     499,946 rows    \u2502\u2502      6,803 rows     \u2502                                              \u2502       50 rows       \u2502\n                                              \u2502       (0.00s)       \u2502\u2502       (0.01s)       \u2502\u2502       (0.02s)       \u2502                                              \u2502       (0.02s)       \u2502\n                                              \u2514\u2500\u2500\u2500\u2500\u2500\u2500\u2500\u2500\u2500\u2500\u2500\u2500\u2500\u2500\u2500\u2500\u2500\u2500\u2500\u2500\u2500\u2518\u2514\u2500\u2500\u2500\u2500\u2500\u2500\u2500\u2500\u2500\u2500\u2500\u2500\u2500\u2500\u2500\u2500\u2500\u2500\u2500\u2500\u2500\u2518\u2514\u2500\u2500\u2500\u2500\u2500\u2500\u2500\u2500\u2500\u2500\u2500\u2500\u2500\u2500\u2500\u2500\u2500\u2500\u2500\u2500\u2500\u2518                                              \u2514\u2500\u2500\u2500\u2500\u2500\u2500\u2500\u2500\u2500\u2500\u252c\u2500\u2500\u2500\u2500\u2500\u2500\u2500\u2500\u2500\u2500\u2518\n                                                                                                                                                                 \u250c\u2500\u2500\u2500\u2500\u2500\u2500\u2500\u2500\u2500\u2500\u2534\u2500\u2500\u2500\u2500\u2500\u2500\u2500\u2500\u2500\u2500\u2510\n                                                                                                                                                                 \u2502      PROJECTION     \u2502\n                                                                                                                                                                 \u2502    \u2500\u2500\u2500\u2500\u2500\u2500\u2500\u2500\u2500\u2500\u2500\u2500\u2500\u2500   \u2502\n                                                                                                                                                                 \u2502      ctr_state      \u2502\n                                                                                                                                                                 \u2502   ctr_total_return  \u2502\n                                                                                                                                                                 \u2502                     \u2502\n                                                                                                                                                                 \u2502     267,154 rows    \u2502\n                                                                                                                                                                 \u2502       (0.00s)       \u2502\n                                                                                                                                                                 \u2514\u2500\u2500\u2500\u2500\u2500\u2500\u2500\u2500\u2500\u2500\u252c\u2500\u2500\u2500\u2500\u2500\u2500\u2500\u2500\u2500\u2500\u2518\n                                                                                                                                                                 \u250c\u2500\u2500\u2500\u2500\u2500\u2500\u2500\u2500\u2500\u2500\u2534\u2500\u2500\u2500\u2500\u2500\u2500\u2500\u2500\u2500\u2500\u2510\n                                                                                                                                                                 \u2502      HASH_JOIN      \u2502\n                                                                                                                                                                 \u2502    \u2500\u2500\u2500\u2500\u2500\u2500\u2500\u2500\u2500\u2500\u2500\u2500\u2500\u2500   \u2502\n                                                                                                                                                                 \u2502      Join Type:     \u2502\n                                                                                                                                                                 \u2502        INNER        \u2502\n                                                                                                                                                                 \u2502                     \u2502\n                                                                                                                                                                 \u2502     Conditions:     \u251c\u2500\u2500\u2500\u2500\u2500\u2500\u2500\u2500\u2500\u2500\u2500\u2510\n                                                                                                                                                                 \u2502ctr_state = ctr_state\u2502           \u2502\n                                                                                                                                                                 \u2502                     \u2502           \u2502\n                                                                                                                                                                 \u2502     267,154 rows    \u2502           \u2502\n                                                                                                                                                                 \u2502       (0.01s)       \u2502           \u2502\n                                                                                                                                                                 \u2514\u2500\u2500\u2500\u2500\u2500\u2500\u2500\u2500\u2500\u2500\u252c\u2500\u2500\u2500\u2500\u2500\u2500\u2500\u2500\u2500\u2500\u2518           \u2502\n                                                                                                                                                                 \u250c\u2500\u2500\u2500\u2500\u2500\u2500\u2500\u2500\u2500\u2500\u2534\u2500\u2500\u2500\u2500\u2500\u2500\u2500\u2500\u2500\u2500\u2510\u250c\u2500\u2500\u2500\u2500\u2500\u2500\u2500\u2500\u2500\u2500\u2534\u2500\u2500\u2500\u2500\u2500\u2500\u2500\u2500\u2500\u2500\u2510\n                                                                                                                                                                 \u2502       CTE_SCAN      \u2502\u2502      DELIM_SCAN     \u2502\n                                                                                                                                                                 \u2502    \u2500\u2500\u2500\u2500\u2500\u2500\u2500\u2500\u2500\u2500\u2500\u2500\u2500\u2500   \u2502\u2502    \u2500\u2500\u2500\u2500\u2500\u2500\u2500\u2500\u2500\u2500\u2500\u2500\u2500\u2500   \u2502\n                                                                                                                                                                 \u2502     CTE Index: 0    \u2502\u2502    Delim Index: 1   \u2502\n                                                                                                                                                                 \u2502                     \u2502\u2502                     \u2502\n                                                                                                                                                                 \u2502     275,579 rows    \u2502\u2502        0 rows       \u2502\n                                                                                                                                                                 \u2502       (0.00s)       \u2502\u2502       (0.00s)       \u2502\n                                                                                                                                                                 \u2514\u2500\u2500\u2500\u2500\u2500\u2500\u2500\u2500\u2500\u2500\u2500\u2500\u2500\u2500\u2500\u2500\u2500\u2500\u2500\u2500\u2500\u2518\u2514\u2500\u2500\u2500\u2500\u2500\u2500\u2500\u2500\u2500\u2500\u2500\u2500\u2500\u2500\u2500\u2500\u2500\u2500\u2500\u2500\u2500\u2518\n",
  "plan_json": {
    "total_bytes_written": 0,
    "total_bytes_read": 0,
    "rows_returned": 0,
    "latency": 0.0,
    "result_set_size": 0,
    "query_name": "",
    "blocked_thread_time": 0.0,
    "system_peak_buffer_memory": 0,
    "system_peak_temp_dir_size": 0,
    "cpu_time": 0.0,
    "extra_info": {},
    "cumulative_cardinality": 0,
    "cumulative_rows_scanned": 0,
    "children": [
      {
        "total_bytes_written": 0,
        "total_bytes_read": 0,
        "result_set_size": 0,
        "operator_name": "EXPLAIN_ANALYZE",
        "cpu_time": 0.0,
        "extra_info": {},
        "cumulative_cardinality": 0,
        "operator_type": "EXPLAIN_ANALYZE",
        "operator_cardinality": 0,
        "cumulative_rows_scanned": 0,
        "operator_rows_scanned": 0,
        "operator_timing": 3.11e-07,
        "children": [
          {
            "total_bytes_written": 0,
            "total_bytes_read": 0,
            "result_set_size": 0,
            "operator_name": "CTE",
            "cpu_time": 0.0,
            "extra_info": {
              "CTE Name": "customer_total_return",
              "Table Index": "0",
              "Estimated Cardinality": "100"
            },
            "cumulative_cardinality": 0,
            "operator_type": "CTE",
            "operator_cardinality": 0,
            "cumulative_rows_scanned": 0,
            "operator_rows_scanned": 0,
            "operator_timing": 0.0018685280000000002,
            "children": [
              {
                "total_bytes_written": 0,
                "total_bytes_read": 0,
                "result_set_size": 9920844,
                "operator_name": "PROJECTION",
                "cpu_time": 0.0,
                "extra_info": {
                  "Projections": [
                    "#0",
                    "__internal_decompress_string(#1)",
                    "#2"
                  ],
                  "Estimated Cardinality": "9794"
                },
                "cumulative_cardinality": 0,
                "operator_type": "PROJECTION",
                "operator_cardinality": 275579,
                "cumulative_rows_scanned": 0,
                "operator_rows_scanned": 0,
                "operator_timing": 0.0015263350000000002,
                "children": [
                  {
                    "total_bytes_written": 0,
                    "total_bytes_read": 0,
                    "result_set_size": 6613896,
                    "operator_name": "HASH_GROUP_BY",
                    "cpu_time": 0.0,
                    "extra_info": {
                      "Groups": [
                        "#0",
                        "#1"
                      ],
                      "Aggregates": "sum(#2)",
                      "Estimated Cardinality": "9794"
                    },
                    "cumulative_cardinality": 0,
                    "operator_type": "HASH_GROUP_BY",
                    "operator_cardinality": 275579,
                    "cumulative_rows_scanned": 0,
                    "operator_rows_scanned": 0,
                    "operator_timing": 0.035020568,
                    "children": [
                      {
                        "total_bytes_written": 0,
                        "total_bytes_read": 0,
                        "result_set_size": 3379008,
                        "operator_name": "PROJECTION",
                        "cpu_time": 0.0,
                        "extra_info": {
                          "Projections": [
                            "cr_returning_customer_sk",
                            "ca_state",
                            "cr_return_amt_inc_tax"
                          ],
                          "Estimated Cardinality": "9795"
                        },
                        "cumulative_cardinality": 0,
                        "operator_type": "PROJECTION",
                        "operator_cardinality": 281584,
                        "cumulative_rows_scanned": 0,
                        "operator_rows_scanned": 0,
                        "operator_timing": 3.068e-05,
                        "children": [
                          {
                            "total_bytes_written": 0,
                            "total_bytes_read": 0,
                            "result_set_size": 3379008,
                            "operator_name": "PROJECTION",
                            "cpu_time": 0.0,
                            "extra_info": {
                              "Projections": [
                                "__internal_compress_string_uinteger(#0)",
                                "#1",
                                "#2"
                              ],
                              "Estimated Cardinality": "9795"
                            },
                            "cumulative_cardinality": 0,
                            "operator_type": "PROJECTION",
                            "operator_cardinality": 281584,
                            "cumulative_rows_scanned": 0,
                            "operator_rows_scanned": 0,
                            "operator_timing": 0.0005540670000000001,
                            "children": [
                              {
                                "total_bytes_written": 0,
                                "total_bytes_read": 0,
                                "result_set_size": 6758016,
                                "operator_name": "HASH_JOIN",
                                "cpu_time": 0.0,
                                "extra_info": {
                                  "Join Type": "INNER",
                                  "Conditions": "ca_address_sk = cr_returning_addr_sk",
                                  "Estimated Cardinality": "9795"
                                },
                                "cumulative_cardinality": 0,
                                "operator_type": "HASH_JOIN",
                                "operator_cardinality": 281584,
                                "cumulative_rows_scanned": 0,
                                "operator_rows_scanned": 0,
                                "operator_timing": 0.014461771,
                                "children": [
                                  {
                                    "total_bytes_written": 0,
                                    "total_bytes_read": 0,
                                    "result_set_size": 5000000,
                                    "operator_name": "SEQ_SCAN ",
                                    "cpu_time": 0.0,
                                    "extra_info": {
                                      "Table": "customer_address",
                                      "Type": "Sequential Scan",
                                      "Projections": [
                                        "ca_address_sk",
                                        "ca_state"
                                      ],
                                      "Estimated Cardinality": "250000"
                                    },
                                    "cumulative_cardinality": 0,
                                    "operator_type": "TABLE_SCAN",
                                    "operator_cardinality": 250000,
                                    "cumulative_rows_scanned": 0,
                                    "operator_rows_scanned": 750000,
                                    "operator_timing": 0.0011696460000000003,
                                    "children": []
                                  },
                                  {
                                    "total_bytes_written": 0,
                                    "total_bytes_read": 0,
                                    "result_set_size": 4596032,
                                    "operator_name": "HASH_JOIN",
                                    "cpu_time": 0.0,
                                    "extra_info": {
                                      "Join Type": "INNER",
                                      "Conditions": "cr_returned_date_sk = d_date_sk",
                                      "Estimated Cardinality": "11541"
                                    },
                                    "cumulative_cardinality": 0,
                                    "operator_type": "HASH_JOIN",
                                    "operator_cardinality": 287252,
                                    "cumulative_rows_scanned": 0,
                                    "operator_rows_scanned": 0,
                                    "operator_timing": 0.0005930800000000001,
                                    "children": [
                                      {
                                        "total_bytes_written": 0,
                                        "total_bytes_read": 0,
                                        "result_set_size": 4596032,
                                        "operator_name": "SEQ_SCAN ",
                                        "cpu_time": 0.0,
                                        "extra_info": {
                                          "Table": "catalog_returns",
                                          "Type": "Sequential Scan",
                                          "Projections": [
                                            "cr_returned_date_sk",
                                            "cr_returning_addr_sk",
                                            "cr_returning_customer_sk",
                                            "cr_return_amt_inc_tax"
                                          ],
                                          "Estimated Cardinality": "1441224"
                                        },
                                        "cumulative_cardinality": 0,
                                        "operator_type": "TABLE_SCAN",
                                        "operator_cardinality": 287252,
                                        "cumulative_rows_scanned": 0,
                                        "operator_rows_scanned": 17294688,
                                        "operator_timing": 0.0019481449999999997,
                                        "children": []
                                      },
                                      {
                                        "total_bytes_written": 0,
                                        "total_bytes_read": 0,
                                        "result_set_size": 1460,
                                        "operator_name": "FILTER",
                                        "cpu_time": 0.0,
                                        "extra_info": {
                                          "Expression": "(d_date_sk BETWEEN 2450827 AND 2452918)",
                                          "Estimated Cardinality": "585"
                                        },
                                        "cumulative_cardinality": 0,
                                        "operator_type": "FILTER",
                                        "operator_cardinality": 365,
                                        "cumulative_rows_scanned": 0,
                                        "operator_rows_scanned": 0,
                                        "operator_timing": 7.336e-06,
                                        "children": [
                                          {
                                            "total_bytes_written": 0,
                                            "total_bytes_read": 0,
                                            "result_set_size": 1460,
                                            "operator_name": "SEQ_SCAN ",
                                            "cpu_time": 0.0,
                                            "extra_info": {
                                              "Table": "date_dim",
                                              "Type": "Sequential Scan",
                                              "Projections": "d_date_sk",
                                              "Filters": "d_year=2002",
                                              "Estimated Cardinality": "585"
                                            },
                                            "cumulative_cardinality": 0,
                                            "operator_type": "TABLE_SCAN",
                                            "operator_cardinality": 365,
                                            "cumulative_rows_scanned": 0,
                                            "operator_rows_scanned": 73049,
                                            "operator_timing": 2.5493e-05,
                                            "children": []
                                          }
                                        ]
                                      }
                                    ]
                                  }
                                ]
                              }
                            ]
                          }
                        ]
                      }
                    ]
                  }
                ]
              },
              {
                "total_bytes_written": 0,
                "total_bytes_read": 0,
                "result_set_size": 24400,
                "operator_name": "TOP_N",
                "cpu_time": 0.0,
                "extra_info": {
                  "Top": "100",
                  "Order By": [
                    "tpcds_sf10_2.main.customer.c_customer_id ASC",
                    "tpcds_sf10_2.main.customer.c_salutation ASC",
                    "tpcds_sf10_2.main.customer.c_first_name ASC",
                    "tpcds_sf10_2.main.customer.c_last_name ASC",
                    "tpcds_sf10_2.main.customer_address.ca_street_number ASC",
                    "tpcds_sf10_2.main.customer_address.ca_street_name ASC",
                    "tpcds_sf10_2.main.customer_address.ca_street_type ASC",
                    "tpcds_sf10_2.main.customer_address.ca_suite_number ASC",
                    "tpcds_sf10_2.main.customer_address.ca_city ASC",
                    "tpcds_sf10_2.main.customer_address.ca_county ASC",
                    "tpcds_sf10_2.main.customer_address.ca_state ASC",
                    "tpcds_sf10_2.main.customer_address.ca_zip ASC",
                    "tpcds_sf10_2.main.customer_address.ca_country ASC",
                    "tpcds_sf10_2.main.customer_address.ca_gmt_offset ASC",
                    "tpcds_sf10_2.main.customer_address.ca_location_type ASC",
                    "ctr1.ctr_total_return ASC"
                  ]
                },
                "cumulative_cardinality": 0,
                "operator_type": "TOP_N",
                "operator_cardinality": 100,
                "cumulative_rows_scanned": 0,
                "operator_rows_scanned": 0,
                "operator_timing": 0.0010972619999999999,
                "children": [
                  {
                    "total_bytes_written": 0,
                    "total_bytes_read": 0,
                    "result_set_size": 444080,
                    "operator_name": "PROJECTION",
                    "cpu_time": 0.0,
                    "extra_info": {
                      "Projections": [
                        "c_customer_id",
                        "c_salutation",
                        "c_first_name",
                        "c_last_name",
                        "ca_street_number",
                        "ca_street_name",
                        "ca_street_type",
                        "ca_suite_number",
                        "ca_city",
                        "ca_county",
                        "ca_state",
                        "ca_zip",
                        "ca_country",
                        "ca_gmt_offset",
                        "ca_location_type",
                        "ctr_total_return"
                      ],
                      "Estimated Cardinality": "146"
                    },
                    "cumulative_cardinality": 0,
                    "operator_type": "PROJECTION",
                    "operator_cardinality": 1820,
                    "cumulative_rows_scanned": 0,
                    "operator_rows_scanned": 0,
                    "operator_timing": 1.94e-06,
                    "children": [
                      {
                        "total_bytes_written": 0,
                        "total_bytes_read": 0,
                        "result_set_size": 444080,
                        "operator_name": "PROJECTION",
                        "cpu_time": 0.0,
                        "extra_info": {
                          "Projections": [
                            "#0",
                            "#1",
                            "#2",
                            "#3",
                            "#4",
                            "#5",
                            "#6",
                            "#7",
                            "#8",
                            "#9",
                            "#10",
                            "#11",
                            "#12",
                            "#13",
                            "#14",
                            "#15"
                          ],
                          "Estimated Cardinality": "146"
                        },
                        "cumulative_cardinality": 0,
                        "operator_type": "PROJECTION",
                        "operator_cardinality": 1820,
                        "cumulative_rows_scanned": 0,
                        "operator_rows_scanned": 0,
                        "operator_timing": 2.307e-06,
                        "children": [
                          {
                            "total_bytes_written": 0,
                            "total_bytes_read": 0,
                            "result_set_size": 458640,
                            "operator_name": "FILTER",
                            "cpu_time": 0.0,
                            "extra_info": {
                              "Expression": "(CAST(ctr_total_return AS DOUBLE) > SUBQUERY)",
                              "Estimated Cardinality": "146"
                            },
                            "cumulative_cardinality": 0,
                            "operator_type": "FILTER",
                            "operator_cardinality": 1820,
                            "cumulative_rows_scanned": 0,
                            "operator_rows_scanned": 0,
                            "operator_timing": 0.000262243,
                            "children": [
                              {
                                "total_bytes_written": 0,
                                "total_bytes_read": 0,
                                "result_set_size": 0,
                                "operator_name": "LEFT_DELIM_JOIN",
                                "cpu_time": 0.0,
                                "extra_info": {
                                  "Join Type": "LEFT",
                                  "Conditions": "ctr_state IS NOT DISTINCT FROM ctr_state",
                                  "Estimated Cardinality": "0",
                                  "Delim Index": "1"
                                },
                                "cumulative_cardinality": 0,
                                "operator_type": "LEFT_DELIM_JOIN",
                                "operator_cardinality": 0,
                                "cumulative_rows_scanned": 0,
                                "operator_rows_scanned": 0,
                                "operator_timing": 0.001591732,
                                "children": [
                                  {
                                    "total_bytes_written": 0,
                                    "total_bytes_read": 0,
                                    "result_set_size": 1916200,
                                    "operator_name": "HASH_JOIN",
                                    "cpu_time": 0.0,
                                    "extra_info": {
                                      "Join Type": "INNER",
                                      "Conditions": "c_customer_sk = ctr_customer_sk",
                                      "Estimated Cardinality": "146"
                                    },
                                    "cumulative_cardinality": 0,
                                    "operator_type": "HASH_JOIN",
                                    "operator_cardinality": 7370,
                                    "cumulative_rows_scanned": 0,
                                    "operator_rows_scanned": 0,
                                    "operator_timing": 0.029280778,
                                    "children": [
                                      {
                                        "total_bytes_written": 0,
                                        "total_bytes_read": 0,
                                        "result_set_size": 3135016,
                                        "operator_name": "HASH_JOIN",
                                        "cpu_time": 0.0,
                                        "extra_info": {
                                          "Join Type": "INNER",
                                          "Conditions": "c_current_addr_sk = ca_address_sk",
                                          "Estimated Cardinality": "7467"
                                        },
                                        "cumulative_cardinality": 0,
                                        "operator_type": "HASH_JOIN",
                                        "operator_cardinality": 13513,
                                        "cumulative_rows_scanned": 0,
                                        "operator_rows_scanned": 0,
                                        "operator_timing": 0.007225511000000001,
                                        "children": [
                                          {
                                            "total_bytes_written": 0,
                                            "total_bytes_read": 0,
                                            "result_set_size": 35996112,
                                            "operator_name": "SEQ_SCAN ",
                                            "cpu_time": 0.0,
                                            "extra_info": {
                                              "Table": "customer",
                                              "Type": "Sequential Scan",
                                              "Projections": "",
                                              "Estimated Cardinality": "500000"
                                            },
                                            "cumulative_cardinality": 0,
                                            "operator_type": "TABLE_SCAN",
                                            "operator_cardinality": 499946,
                                            "cumulative_rows_scanned": 0,
                                            "operator_rows_scanned": 2500000,
                                            "operator_timing": 0.012104156000000001,
                                            "children": []
                                          },
                                          {
                                            "total_bytes_written": 0,
                                            "total_bytes_read": 0,
                                            "result_set_size": 1142904,
                                            "operator_name": "SEQ_SCAN ",
                                            "cpu_time": 0.0,
                                            "extra_info": {
                                              "Table": "customer_address",
                                              "Type": "Sequential Scan",
                                              "Projections": "",
                                              "Filters": "ca_state='OH'",
                                              "Estimated Cardinality": "4546"
                                            },
                                            "cumulative_cardinality": 0,
                                            "operator_type": "TABLE_SCAN",
                                            "operator_cardinality": 6803,
                                            "cumulative_rows_scanned": 0,
                                            "operator_rows_scanned": 750000,
                                            "operator_timing": 0.019071172,
                                            "children": []
                                          }
                                        ]
                                      },
                                      {
                                        "total_bytes_written": 0,
                                        "total_bytes_read": 0,
                                        "result_set_size": 9920844,
                                        "operator_name": "CTE_SCAN",
                                        "cpu_time": 0.0,
                                        "extra_info": {
                                          "CTE Index": "0",
                                          "Estimated Cardinality": "9794"
                                        },
                                        "cumulative_cardinality": 0,
                                        "operator_type": "CTE_SCAN",
                                        "operator_cardinality": 275579,
                                        "cumulative_rows_scanned": 0,
                                        "operator_rows_scanned": 0,
                                        "operator_timing": 0.0007909069999999999,
                                        "children": []
                                      }
                                    ]
                                  },
                                  {
                                    "total_bytes_written": 0,
                                    "total_bytes_read": 0,
                                    "result_set_size": 1857240,
                                    "operator_name": "HASH_JOIN",
                                    "cpu_time": 0.0,
                                    "extra_info": {
                                      "Join Type": "LEFT",
                                      "Conditions": "ctr_state IS NOT DISTINCT FROM ctr_state",
                                      "Estimated Cardinality": "0"
                                    },
                                    "cumulative_cardinality": 0,
                                    "operator_type": "HASH_JOIN",
                                    "operator_cardinality": 7370,
                                    "cumulative_rows_scanned": 0,
                                    "operator_rows_scanned": 0,
                                    "operator_timing": 0.000730956,
                                    "children": [
                                      {
                                        "total_bytes_written": 0,
                                        "total_bytes_read": 0,
                                        "result_set_size": 1916200,
                                        "operator_name": "COLUMN_DATA_SCAN",
                                        "cpu_time": 0.0,
                                        "extra_info": {
                                          "Estimated Cardinality": "0"
                                        },
                                        "cumulative_cardinality": 0,
                                        "operator_type": "COLUMN_DATA_SCAN",
                                        "operator_cardinality": 7370,
                                        "cumulative_rows_scanned": 0,
                                        "operator_rows_scanned": 0,
                                        "operator_timing": 3.9644e-05,
                                        "children": []
                                      },
                                      {
                                        "total_bytes_written": 0,
                                        "total_bytes_read": 0,
                                        "result_set_size": 1200,
                                        "operator_name": "PROJECTION",
                                        "cpu_time": 0.0,
                                        "extra_info": {
                                          "Projections": [
                                            "(avg(ctr_total_return) * 1.2)",
                                            "ctr_state"
                                          ],
                                          "Estimated Cardinality": "2"
                                        },
                                        "cumulative_cardinality": 0,
                                        "operator_type": "PROJECTION",
                                        "operator_cardinality": 50,
                                        "cumulative_rows_scanned": 0,
                                        "operator_rows_scanned": 0,
                                        "operator_timing": 3.081899999999999e-05,
                                        "children": [
                                          {
                                            "total_bytes_written": 0,
                                            "total_bytes_read": 0,
                                            "result_set_size": 1200,
                                            "operator_name": "HASH_GROUP_BY",
                                            "cpu_time": 0.0,
                                            "extra_info": {
                                              "Groups": "#0",
                                              "Aggregates": "avg(#1)",
                                              "Estimated Cardinality": "2"
                                            },
                                            "cumulative_cardinality": 0,
                                            "operator_type": "HASH_GROUP_BY",
                                            "operator_cardinality": 50,
                                            "cumulative_rows_scanned": 0,
                                            "operator_rows_scanned": 0,
                                            "operator_timing": 0.018539239999999995,
                                            "children": [
                                              {
                                                "total_bytes_written": 0,
                                                "total_bytes_read": 0,
                                                "result_set_size": 8548928,
                                                "operator_name": "PROJECTION",
                                                "cpu_time": 0.0,
                                                "extra_info": {
                                                  "Projections": [
                                                    "ctr_state",
                                                    "ctr_total_return"
                                                  ],
                                                  "Estimated Cardinality": "4"
                                                },
                                                "cumulative_cardinality": 0,
                                                "operator_type": "PROJECTION",
                                                "operator_cardinality": 267154,
                                                "cumulative_rows_scanned": 0,
                                                "operator_rows_scanned": 0,
                                                "operator_timing": 9.445999999999999e-05,
                                                "children": [
                                                  {
                                                    "total_bytes_written": 0,
                                                    "total_bytes_read": 0,
                                                    "result_set_size": 12823392,
                                                    "operator_name": "HASH_JOIN",
                                                    "cpu_time": 0.0,
                                                    "extra_info": {
                                                      "Join Type": "INNER",
                                                      "Conditions": "ctr_state = ctr_state",
                                                      "Estimated Cardinality": "4"
                                                    },
                                                    "cumulative_cardinality": 0,
                                                    "operator_type": "HASH_JOIN",
                                                    "operator_cardinality": 267154,
                                                    "cumulative_rows_scanned": 0,
                                                    "operator_rows_scanned": 0,
                                                    "operator_timing": 0.008334477,
                                                    "children": [
                                                      {
                                                        "total_bytes_written": 0,
                                                        "total_bytes_read": 0,
                                                        "result_set_size": 9920844,
                                                        "operator_name": "CTE_SCAN",
                                                        "cpu_time": 0.0,
                                                        "extra_info": {
                                                          "CTE Index": "0",
                                                          "Estimated Cardinality": "9794"
                                                        },
                                                        "cumulative_cardinality": 0,
                                                        "operator_type": "CTE_SCAN",
                                                        "operator_cardinality": 275579,
                                                        "cumulative_rows_scanned": 0,
                                                        "operator_rows_scanned": 0,
                                                        "operator_timing": 0.0007027599999999998,
                                                        "children": []
                                                      },
                                                      {
                                                        "total_bytes_written": 0,
                                                        "total_bytes_read": 0,
                                                        "result_set_size": 0,
                                                        "operator_name": "DELIM_SCAN",
                                                        "cpu_time": 0.0,
                                                        "extra_info": {
                                                          "Delim Index": "1",
                                                          "Estimated Cardinality": "145"
                                                        },
                                                        "cumulative_cardinality": 0,
                                                        "operator_type": "DELIM_SCAN",
                                                        "operator_cardinality": 0,
                                                        "cumulative_rows_scanned": 0,
                                                        "operator_rows_scanned": 0,
                                                        "operator_timing": 0.0,
                                                        "children": []
                                                      }
                                                    ]
                                                  }
                                                ]
                                              }
                                            ]
                                          }
                                        ]
                                      }
                                    ]
                                  },
                                  {
                                    "total_bytes_written": 0,
                                    "total_bytes_read": 0,
                                    "result_set_size": 816,
                                    "operator_name": "HASH_GROUP_BY",
                                    "cpu_time": 0.0,
                                    "extra_info": {
                                      "Groups": "#15",
                                      "Aggregates": "",
                                      "Estimated Cardinality": "145"
                                    },
                                    "cumulative_cardinality": 0,
                                    "operator_type": "HASH_GROUP_BY",
                                    "operator_cardinality": 51,
                                    "cumulative_rows_scanned": 0,
                                    "operator_rows_scanned": 0,
                                    "operator_timing": 0.0006072080000000001,
                                    "children": []
                                  }
                                ]
                              }
                            ]
                          }
                        ]
                      }
                    ]
                  }
                ]
              }
            ]
          }
        ]
      }
    ]
  },
  "actual_rows": 0
}