{
  "execution_time_ms": 29.6,
  "plan_text": "\u250c\u2500\u2500\u2500\u2500\u2500\u2500\u2500\u2500\u2500\u2500\u2500\u2500\u2500\u2500\u2500\u2500\u2500\u2500\u2500\u2500\u2500\u2500\u2500\u2500\u2500\u2500\u2500\u2500\u2500\u2500\u2500\u2500\u2500\u2500\u2500\u2500\u2500\u2510\n\u2502\u250c\u2500\u2500\u2500\u2500\u2500\u2500\u2500\u2500\u2500\u2500\u2500\u2500\u2500\u2500\u2500\u2500\u2500\u2500\u2500\u2500\u2500\u2500\u2500\u2500\u2500\u2500\u2500\u2500\u2500\u2500\u2500\u2500\u2500\u2500\u2500\u2510\u2502\n\u2502\u2502    Query Profiling Information    \u2502\u2502\n\u2502\u2514\u2500\u2500\u2500\u2500\u2500\u2500\u2500\u2500\u2500\u2500\u2500\u2500\u2500\u2500\u2500\u2500\u2500\u2500\u2500\u2500\u2500\u2500\u2500\u2500\u2500\u2500\u2500\u2500\u2500\u2500\u2500\u2500\u2500\u2500\u2500\u2518\u2502\n\u2514\u2500\u2500\u2500\u2500\u2500\u2500\u2500\u2500\u2500\u2500\u2500\u2500\u2500\u2500\u2500\u2500\u2500\u2500\u2500\u2500\u2500\u2500\u2500\u2500\u2500\u2500\u2500\u2500\u2500\u2500\u2500\u2500\u2500\u2500\u2500\u2500\u2500\u2518\nEXPLAIN ANALYZE select count(*) from ((select distinct c_last_name, c_first_name, d_date        from store_sales, date_dim, customer        where store_sales.ss_sold_date_sk = date_dim.d_date_sk          and store_sales.ss_customer_sk = customer.c_customer_sk          and d_month_seq between 1213 and 1213+11          and ss_list_price between 168 and 197          and c_birth_year BETWEEN 1968 AND 1974          and ss_wholesale_cost BETWEEN 76 AND 86          )        except       (select distinct c_last_name, c_first_name, d_date        from catalog_sales, date_dim, customer        where catalog_sales.cs_sold_date_sk = date_dim.d_date_sk          and catalog_sales.cs_bill_customer_sk = customer.c_customer_sk          and d_month_seq between 1213 and 1213+11          and cs_list_price between 168 and 197          and c_birth_year BETWEEN 1968 AND 1974          and cs_wholesale_cost BETWEEN 76 AND 86          )        except       (select distinct c_last_name, c_first_name, d_date        from web_sales, date_dim, customer        where web_sales.ws_sold_date_sk = date_dim.d_date_sk          and web_sales.ws_bill_customer_sk = customer.c_customer_sk          and d_month_seq between 1213 and 1213+11          and ws_list_price between 168 and 197          and c_birth_year BETWEEN 1968 AND 1974          and ws_wholesale_cost BETWEEN 76 AND 86          ) ) cool_cust \n\u250c\u2500\u2500\u2500\u2500\u2500\u2500\u2500\u2500\u2500\u2500\u2500\u2500\u2500\u2500\u2500\u2500\u2500\u2500\u2500\u2500\u2500\u2500\u2500\u2500\u2500\u2500\u2500\u2500\u2500\u2500\u2500\u2500\u2500\u2500\u2500\u2500\u2500\u2500\u2500\u2500\u2500\u2500\u2500\u2500\u2500\u2500\u2500\u2500\u2510\n\u2502\u250c\u2500\u2500\u2500\u2500\u2500\u2500\u2500\u2500\u2500\u2500\u2500\u2500\u2500\u2500\u2500\u2500\u2500\u2500\u2500\u2500\u2500\u2500\u2500\u2500\u2500\u2500\u2500\u2500\u2500\u2500\u2500\u2500\u2500\u2500\u2500\u2500\u2500\u2500\u2500\u2500\u2500\u2500\u2500\u2500\u2500\u2500\u2510\u2502\n\u2502\u2502              Total Time: 0.0282s             \u2502\u2502\n\u2502\u2514\u2500\u2500\u2500\u2500\u2500\u2500\u2500\u2500\u2500\u2500\u2500\u2500\u2500\u2500\u2500\u2500\u2500\u2500\u2500\u2500\u2500\u2500\u2500\u2500\u2500\u2500\u2500\u2500\u2500\u2500\u2500\u2500\u2500\u2500\u2500\u2500\u2500\u2500\u2500\u2500\u2500\u2500\u2500\u2500\u2500\u2500\u2518\u2502\n\u2514\u2500\u2500\u2500\u2500\u2500\u2500\u2500\u2500\u2500\u2500\u2500\u2500\u2500\u2500\u2500\u2500\u2500\u2500\u2500\u2500\u2500\u2500\u2500\u2500\u2500\u2500\u2500\u2500\u2500\u2500\u2500\u2500\u2500\u2500\u2500\u2500\u2500\u2500\u2500\u2500\u2500\u2500\u2500\u2500\u2500\u2500\u2500\u2500\u2518\n\u250c\u2500\u2500\u2500\u2500\u2500\u2500\u2500\u2500\u2500\u2500\u2500\u2500\u2500\u2500\u2500\u2500\u2500\u2500\u2500\u2500\u2500\u2500\u2500\u2510\n\u2502         QUERY         \u2502\n\u2514\u2500\u2500\u2500\u2500\u2500\u2500\u2500\u2500\u2500\u2500\u2500\u252c\u2500\u2500\u2500\u2500\u2500\u2500\u2500\u2500\u2500\u2500\u2500\u2518\n\u250c\u2500\u2500\u2500\u2500\u2500\u2500\u2500\u2500\u2500\u2500\u2500\u2534\u2500\u2500\u2500\u2500\u2500\u2500\u2500\u2500\u2500\u2500\u2500\u2510\n\u2502    EXPLAIN_ANALYZE    \u2502\n\u2502    \u2500\u2500\u2500\u2500\u2500\u2500\u2500\u2500\u2500\u2500\u2500\u2500\u2500\u2500\u2500\u2500   \u2502\n\u2502         0 rows        \u2502\n\u2502        (0.00s)        \u2502\n\u2514\u2500\u2500\u2500\u2500\u2500\u2500\u2500\u2500\u2500\u2500\u2500\u252c\u2500\u2500\u2500\u2500\u2500\u2500\u2500\u2500\u2500\u2500\u2500\u2518\n\u250c\u2500\u2500\u2500\u2500\u2500\u2500\u2500\u2500\u2500\u2500\u2500\u2534\u2500\u2500\u2500\u2500\u2500\u2500\u2500\u2500\u2500\u2500\u2500\u2510\n\u2502  UNGROUPED_AGGREGATE  \u2502\n\u2502    \u2500\u2500\u2500\u2500\u2500\u2500\u2500\u2500\u2500\u2500\u2500\u2500\u2500\u2500\u2500\u2500   \u2502\n\u2502      Aggregates:      \u2502\n\u2502      count_star()     \u2502\n\u2502                       \u2502\n\u2502         1 row         \u2502\n\u2502        (0.00s)        \u2502\n\u2514\u2500\u2500\u2500\u2500\u2500\u2500\u2500\u2500\u2500\u2500\u2500\u252c\u2500\u2500\u2500\u2500\u2500\u2500\u2500\u2500\u2500\u2500\u2500\u2518\n\u250c\u2500\u2500\u2500\u2500\u2500\u2500\u2500\u2500\u2500\u2500\u2500\u2534\u2500\u2500\u2500\u2500\u2500\u2500\u2500\u2500\u2500\u2500\u2500\u2510\n\u2502     HASH_GROUP_BY     \u2502\n\u2502    \u2500\u2500\u2500\u2500\u2500\u2500\u2500\u2500\u2500\u2500\u2500\u2500\u2500\u2500\u2500\u2500   \u2502\n\u2502        Groups:        \u2502\n\u2502           #0          \u2502\n\u2502           #1          \u2502\n\u2502           #2          \u2502\n\u2502                       \u2502\n\u2502        279 rows       \u2502\n\u2502        (0.00s)        \u2502\n\u2514\u2500\u2500\u2500\u2500\u2500\u2500\u2500\u2500\u2500\u2500\u2500\u252c\u2500\u2500\u2500\u2500\u2500\u2500\u2500\u2500\u2500\u2500\u2500\u2518\n\u250c\u2500\u2500\u2500\u2500\u2500\u2500\u2500\u2500\u2500\u2500\u2500\u2534\u2500\u2500\u2500\u2500\u2500\u2500\u2500\u2500\u2500\u2500\u2500\u2510\n\u2502       HASH_JOIN       \u2502\n\u2502    \u2500\u2500\u2500\u2500\u2500\u2500\u2500\u2500\u2500\u2500\u2500\u2500\u2500\u2500\u2500\u2500   \u2502\n\u2502    Join Type: ANTI    \u2502\n\u2502                       \u2502\n\u2502      Conditions:      \u2502\n\u2502   #0 IS NOT DISTINCT  \u2502\n\u2502         FROM #0       \u2502\n\u2502   #1 IS NOT DISTINCT  \u251c\u2500\u2500\u2500\u2500\u2500\u2500\u2500\u2500\u2500\u2500\u2500\u2500\u2500\u2500\u2500\u2500\u2500\u2500\u2500\u2500\u2500\u2500\u2500\u2500\u2500\u2500\u2500\u2500\u2500\u2500\u2500\u2500\u2500\u2500\u2500\u2500\u2500\u2500\u2500\u2500\u2500\u2500\u2500\u2500\u2500\u2500\u2500\u2500\u2500\u2500\u2500\u2500\u2500\u2500\u2500\u2500\u2500\u2500\u2500\u2500\u2500\u2500\u2500\u2500\u2500\u2500\u2500\u2500\u2500\u2500\u2500\u2500\u2500\u2500\u2500\u2500\u2500\u2500\u2500\u2500\u2500\u2500\u2500\u2500\u2500\u2500\u2500\u2500\u2500\u2500\u2500\u2500\u2500\u2500\u2500\u2500\u2500\u2500\u2500\u2500\u2500\u2500\u2500\u2500\u2500\u2500\u2500\u2500\u2500\u2500\u2500\u2500\u2500\u2500\u2500\u2500\u2500\u2500\u2500\u2500\u2500\u2500\u2500\u2500\u2500\u2500\u2500\u2500\u2500\u2500\u2500\u2500\u2500\u2500\u2500\u2500\u2500\u2510\n\u2502         FROM #1       \u2502                                                                                                                                         \u2502\n\u2502   #2 IS NOT DISTINCT  \u2502                                                                                                                                         \u2502\n\u2502         FROM #2       \u2502                                                                                                                                         \u2502\n\u2502                       \u2502                                                                                                                                         \u2502\n\u2502        279 rows       \u2502                                                                                                                                         \u2502\n\u2502        (0.00s)        \u2502                                                                                                                                         \u2502\n\u2514\u2500\u2500\u2500\u2500\u2500\u2500\u2500\u2500\u2500\u2500\u2500\u252c\u2500\u2500\u2500\u2500\u2500\u2500\u2500\u2500\u2500\u2500\u2500\u2518                                                                                                                                         \u2502\n\u250c\u2500\u2500\u2500\u2500\u2500\u2500\u2500\u2500\u2500\u2500\u2500\u2534\u2500\u2500\u2500\u2500\u2500\u2500\u2500\u2500\u2500\u2500\u2500\u2510                                                                                                                             \u250c\u2500\u2500\u2500\u2500\u2500\u2500\u2500\u2500\u2500\u2500\u2500\u2534\u2500\u2500\u2500\u2500\u2500\u2500\u2500\u2500\u2500\u2500\u2500\u2510\n\u2502     HASH_GROUP_BY     \u2502                                                                                                                             \u2502       PROJECTION      \u2502\n\u2502    \u2500\u2500\u2500\u2500\u2500\u2500\u2500\u2500\u2500\u2500\u2500\u2500\u2500\u2500\u2500\u2500   \u2502                                                                                                                             \u2502    \u2500\u2500\u2500\u2500\u2500\u2500\u2500\u2500\u2500\u2500\u2500\u2500\u2500\u2500\u2500\u2500   \u2502\n\u2502        Groups:        \u2502                                                                                                                             \u2502__internal_decompress_s\u2502\n\u2502           #0          \u2502                                                                                                                             \u2502       tring(#0)       \u2502\n\u2502           #1          \u2502                                                                                                                             \u2502__internal_decompress_s\u2502\n\u2502           #2          \u2502                                                                                                                             \u2502       tring(#1)       \u2502\n\u2502                       \u2502                                                                                                                             \u2502           #2          \u2502\n\u2502                       \u2502                                                                                                                             \u2502                       \u2502\n\u2502        279 rows       \u2502                                                                                                                             \u2502       2,228 rows      \u2502\n\u2502        (0.00s)        \u2502                                                                                                                             \u2502        (0.00s)        \u2502\n\u2514\u2500\u2500\u2500\u2500\u2500\u2500\u2500\u2500\u2500\u2500\u2500\u252c\u2500\u2500\u2500\u2500\u2500\u2500\u2500\u2500\u2500\u2500\u2500\u2518                                                                                                                             \u2514\u2500\u2500\u2500\u2500\u2500\u2500\u2500\u2500\u2500\u2500\u2500\u252c\u2500\u2500\u2500\u2500\u2500\u2500\u2500\u2500\u2500\u2500\u2500\u2518\n\u250c\u2500\u2500\u2500\u2500\u2500\u2500\u2500\u2500\u2500\u2500\u2500\u2534\u2500\u2500\u2500\u2500\u2500\u2500\u2500\u2500\u2500\u2500\u2500\u2510                                                                                                                             \u250c\u2500\u2500\u2500\u2500\u2500\u2500\u2500\u2500\u2500\u2500\u2500\u2534\u2500\u2500\u2500\u2500\u2500\u2500\u2500\u2500\u2500\u2500\u2500\u2510\n\u2502       HASH_JOIN       \u2502                                                                                                                             \u2502     HASH_GROUP_BY     \u2502\n\u2502    \u2500\u2500\u2500\u2500\u2500\u2500\u2500\u2500\u2500\u2500\u2500\u2500\u2500\u2500\u2500\u2500   \u2502                                                                                                                             \u2502    \u2500\u2500\u2500\u2500\u2500\u2500\u2500\u2500\u2500\u2500\u2500\u2500\u2500\u2500\u2500\u2500   \u2502\n\u2502    Join Type: ANTI    \u2502                                                                                                                             \u2502        Groups:        \u2502\n\u2502                       \u2502                                                                                                                             \u2502           #0          \u2502\n\u2502      Conditions:      \u2502                                                                                                                             \u2502           #1          \u2502\n\u2502   #0 IS NOT DISTINCT  \u2502                                                                                                                             \u2502           #2          \u2502\n\u2502         FROM #0       \u2502                                                                                                                             \u2502                       \u2502\n\u2502   #1 IS NOT DISTINCT  \u251c\u2500\u2500\u2500\u2500\u2500\u2500\u2500\u2500\u2500\u2500\u2500\u2500\u2500\u2500\u2500\u2500\u2500\u2500\u2500\u2500\u2500\u2500\u2500\u2500\u2500\u2500\u2500\u2500\u2500\u2500\u2500\u2500\u2500\u2500\u2500\u2500\u2500\u2500\u2500\u2500\u2500\u2500\u2500\u2500\u2500\u2500\u2500\u2500\u2500\u2500\u2500\u2500\u2500\u2500\u2500\u2500\u2500\u2500\u2500\u2500\u2500\u2500\u2510                                                              \u2502                       \u2502\n\u2502         FROM #1       \u2502                                                              \u2502                                                              \u2502                       \u2502\n\u2502   #2 IS NOT DISTINCT  \u2502                                                              \u2502                                                              \u2502                       \u2502\n\u2502         FROM #2       \u2502                                                              \u2502                                                              \u2502                       \u2502\n\u2502                       \u2502                                                              \u2502                                                              \u2502                       \u2502\n\u2502        279 rows       \u2502                                                              \u2502                                                              \u2502       2,228 rows      \u2502\n\u2502        (0.00s)        \u2502                                                              \u2502                                                              \u2502        (0.01s)        \u2502\n\u2514\u2500\u2500\u2500\u2500\u2500\u2500\u2500\u2500\u2500\u2500\u2500\u252c\u2500\u2500\u2500\u2500\u2500\u2500\u2500\u2500\u2500\u2500\u2500\u2518                                                              \u2502                                                              \u2514\u2500\u2500\u2500\u2500\u2500\u2500\u2500\u2500\u2500\u2500\u2500\u252c\u2500\u2500\u2500\u2500\u2500\u2500\u2500\u2500\u2500\u2500\u2500\u2518\n\u250c\u2500\u2500\u2500\u2500\u2500\u2500\u2500\u2500\u2500\u2500\u2500\u2534\u2500\u2500\u2500\u2500\u2500\u2500\u2500\u2500\u2500\u2500\u2500\u2510                                                  \u250c\u2500\u2500\u2500\u2500\u2500\u2500\u2500\u2500\u2500\u2500\u2500\u2534\u2500\u2500\u2500\u2500\u2500\u2500\u2500\u2500\u2500\u2500\u2500\u2510                                                  \u250c\u2500\u2500\u2500\u2500\u2500\u2500\u2500\u2500\u2500\u2500\u2500\u2534\u2500\u2500\u2500\u2500\u2500\u2500\u2500\u2500\u2500\u2500\u2500\u2510\n\u2502       PROJECTION      \u2502                                                  \u2502       PROJECTION      \u2502                                                  \u2502       PROJECTION      \u2502\n\u2502    \u2500\u2500\u2500\u2500\u2500\u2500\u2500\u2500\u2500\u2500\u2500\u2500\u2500\u2500\u2500\u2500   \u2502                                                  \u2502    \u2500\u2500\u2500\u2500\u2500\u2500\u2500\u2500\u2500\u2500\u2500\u2500\u2500\u2500\u2500\u2500   \u2502                                                  \u2502    \u2500\u2500\u2500\u2500\u2500\u2500\u2500\u2500\u2500\u2500\u2500\u2500\u2500\u2500\u2500\u2500   \u2502\n\u2502__internal_decompress_s\u2502                                                  \u2502__internal_decompress_s\u2502                                                  \u2502      c_last_name      \u2502\n\u2502       tring(#0)       \u2502                                                  \u2502       tring(#0)       \u2502                                                  \u2502      c_first_name     \u2502\n\u2502__internal_decompress_s\u2502                                                  \u2502__internal_decompress_s\u2502                                                  \u2502         d_date        \u2502\n\u2502       tring(#1)       \u2502                                                  \u2502       tring(#1)       \u2502                                                  \u2502                       \u2502\n\u2502           #2          \u2502                                                  \u2502           #2          \u2502                                                  \u2502                       \u2502\n\u2502                       \u2502                                                  \u2502                       \u2502                                                  \u2502                       \u2502\n\u2502        280 rows       \u2502                                                  \u2502       4,592 rows      \u2502                                                  \u2502       2,472 rows      \u2502\n\u2502        (0.00s)        \u2502                                                  \u2502        (0.00s)        \u2502                                                  \u2502        (0.00s)        \u2502\n\u2514\u2500\u2500\u2500\u2500\u2500\u2500\u2500\u2500\u2500\u2500\u2500\u252c\u2500\u2500\u2500\u2500\u2500\u2500\u2500\u2500\u2500\u2500\u2500\u2518                                                  \u2514\u2500\u2500\u2500\u2500\u2500\u2500\u2500\u2500\u2500\u2500\u2500\u252c\u2500\u2500\u2500\u2500\u2500\u2500\u2500\u2500\u2500\u2500\u2500\u2518                                                  \u2514\u2500\u2500\u2500\u2500\u2500\u2500\u2500\u2500\u2500\u2500\u2500\u252c\u2500\u2500\u2500\u2500\u2500\u2500\u2500\u2500\u2500\u2500\u2500\u2518\n\u250c\u2500\u2500\u2500\u2500\u2500\u2500\u2500\u2500\u2500\u2500\u2500\u2534\u2500\u2500\u2500\u2500\u2500\u2500\u2500\u2500\u2500\u2500\u2500\u2510                                                  \u250c\u2500\u2500\u2500\u2500\u2500\u2500\u2500\u2500\u2500\u2500\u2500\u2534\u2500\u2500\u2500\u2500\u2500\u2500\u2500\u2500\u2500\u2500\u2500\u2510                                                  \u250c\u2500\u2500\u2500\u2500\u2500\u2500\u2500\u2500\u2500\u2500\u2500\u2534\u2500\u2500\u2500\u2500\u2500\u2500\u2500\u2500\u2500\u2500\u2500\u2510\n\u2502     HASH_GROUP_BY     \u2502                                                  \u2502     HASH_GROUP_BY     \u2502                                                  \u2502       PROJECTION      \u2502\n\u2502    \u2500\u2500\u2500\u2500\u2500\u2500\u2500\u2500\u2500\u2500\u2500\u2500\u2500\u2500\u2500\u2500   \u2502                                                  \u2502    \u2500\u2500\u2500\u2500\u2500\u2500\u2500\u2500\u2500\u2500\u2500\u2500\u2500\u2500\u2500\u2500   \u2502                                                  \u2502    \u2500\u2500\u2500\u2500\u2500\u2500\u2500\u2500\u2500\u2500\u2500\u2500\u2500\u2500\u2500\u2500   \u2502\n\u2502        Groups:        \u2502                                                  \u2502        Groups:        \u2502                                                  \u2502__internal_compress_str\u2502\n\u2502           #0          \u2502                                                  \u2502           #0          \u2502                                                  \u2502    ing_uhugeint(#0)   \u2502\n\u2502           #1          \u2502                                                  \u2502           #1          \u2502                                                  \u2502__internal_compress_str\u2502\n\u2502           #2          \u2502                                                  \u2502           #2          \u2502                                                  \u2502    ing_uhugeint(#1)   \u2502\n\u2502                       \u2502                                                  \u2502                       \u2502                                                  \u2502           #2          \u2502\n\u2502                       \u2502                                                  \u2502                       \u2502                                                  \u2502                       \u2502\n\u2502        280 rows       \u2502                                                  \u2502       4,592 rows      \u2502                                                  \u2502       2,472 rows      \u2502\n\u2502        (0.01s)        \u2502                                                  \u2502        (0.01s)        \u2502                                                  \u2502        (0.00s)        \u2502\n\u2514\u2500\u2500\u2500\u2500\u2500\u2500\u2500\u2500\u2500\u2500\u2500\u252c\u2500\u2500\u2500\u2500\u2500\u2500\u2500\u2500\u2500\u2500\u2500\u2518                                                  \u2514\u2500\u2500\u2500\u2500\u2500\u2500\u2500\u2500\u2500\u2500\u2500\u252c\u2500\u2500\u2500\u2500\u2500\u2500\u2500\u2500\u2500\u2500\u2500\u2518                                                  \u2514\u2500\u2500\u2500\u2500\u2500\u2500\u2500\u2500\u2500\u2500\u2500\u252c\u2500\u2500\u2500\u2500\u2500\u2500\u2500\u2500\u2500\u2500\u2500\u2518\n\u250c\u2500\u2500\u2500\u2500\u2500\u2500\u2500\u2500\u2500\u2500\u2500\u2534\u2500\u2500\u2500\u2500\u2500\u2500\u2500\u2500\u2500\u2500\u2500\u2510                                                  \u250c\u2500\u2500\u2500\u2500\u2500\u2500\u2500\u2500\u2500\u2500\u2500\u2534\u2500\u2500\u2500\u2500\u2500\u2500\u2500\u2500\u2500\u2500\u2500\u2510                                                  \u250c\u2500\u2500\u2500\u2500\u2500\u2500\u2500\u2500\u2500\u2500\u2500\u2534\u2500\u2500\u2500\u2500\u2500\u2500\u2500\u2500\u2500\u2500\u2500\u2510\n\u2502       PROJECTION      \u2502                                                  \u2502       PROJECTION      \u2502                                                  \u2502       PROJECTION      \u2502\n\u2502    \u2500\u2500\u2500\u2500\u2500\u2500\u2500\u2500\u2500\u2500\u2500\u2500\u2500\u2500\u2500\u2500   \u2502                                                  \u2502    \u2500\u2500\u2500\u2500\u2500\u2500\u2500\u2500\u2500\u2500\u2500\u2500\u2500\u2500\u2500\u2500   \u2502                                                  \u2502    \u2500\u2500\u2500\u2500\u2500\u2500\u2500\u2500\u2500\u2500\u2500\u2500\u2500\u2500\u2500\u2500   \u2502\n\u2502      c_last_name      \u2502                                                  \u2502      c_last_name      \u2502                                                  \u2502      c_last_name      \u2502\n\u2502      c_first_name     \u2502                                                  \u2502      c_first_name     \u2502                                                  \u2502      c_first_name     \u2502\n\u2502         d_date        \u2502                                                  \u2502         d_date        \u2502                                                  \u2502         d_date        \u2502\n\u2502                       \u2502                                                  \u2502                       \u2502                                                  \u2502                       \u2502\n\u2502        280 rows       \u2502                                                  \u2502       4,983 rows      \u2502                                                  \u2502       2,472 rows      \u2502\n\u2502        (0.00s)        \u2502                                                  \u2502        (0.00s)        \u2502                                                  \u2502        (0.00s)        \u2502\n\u2514\u2500\u2500\u2500\u2500\u2500\u2500\u2500\u2500\u2500\u2500\u2500\u252c\u2500\u2500\u2500\u2500\u2500\u2500\u2500\u2500\u2500\u2500\u2500\u2518                                                  \u2514\u2500\u2500\u2500\u2500\u2500\u2500\u2500\u2500\u2500\u2500\u2500\u252c\u2500\u2500\u2500\u2500\u2500\u2500\u2500\u2500\u2500\u2500\u2500\u2518                                                  \u2514\u2500\u2500\u2500\u2500\u2500\u2500\u2500\u2500\u2500\u2500\u2500\u252c\u2500\u2500\u2500\u2500\u2500\u2500\u2500\u2500\u2500\u2500\u2500\u2518\n\u250c\u2500\u2500\u2500\u2500\u2500\u2500\u2500\u2500\u2500\u2500\u2500\u2534\u2500\u2500\u2500\u2500\u2500\u2500\u2500\u2500\u2500\u2500\u2500\u2510                                                  \u250c\u2500\u2500\u2500\u2500\u2500\u2500\u2500\u2500\u2500\u2500\u2500\u2534\u2500\u2500\u2500\u2500\u2500\u2500\u2500\u2500\u2500\u2500\u2500\u2510                                                  \u250c\u2500\u2500\u2500\u2500\u2500\u2500\u2500\u2500\u2500\u2500\u2500\u2534\u2500\u2500\u2500\u2500\u2500\u2500\u2500\u2500\u2500\u2500\u2500\u2510\n\u2502       PROJECTION      \u2502                                                  \u2502       PROJECTION      \u2502                                                  \u2502       HASH_JOIN       \u2502\n\u2502    \u2500\u2500\u2500\u2500\u2500\u2500\u2500\u2500\u2500\u2500\u2500\u2500\u2500\u2500\u2500\u2500   \u2502                                                  \u2502    \u2500\u2500\u2500\u2500\u2500\u2500\u2500\u2500\u2500\u2500\u2500\u2500\u2500\u2500\u2500\u2500   \u2502                                                  \u2502    \u2500\u2500\u2500\u2500\u2500\u2500\u2500\u2500\u2500\u2500\u2500\u2500\u2500\u2500\u2500\u2500   \u2502\n\u2502__internal_compress_str\u2502                                                  \u2502__internal_compress_str\u2502                                                  \u2502    Join Type: INNER   \u2502\n\u2502    ing_uhugeint(#0)   \u2502                                                  \u2502    ing_uhugeint(#0)   \u2502                                                  \u2502                       \u2502\n\u2502__internal_compress_str\u2502                                                  \u2502__internal_compress_str\u2502                                                  \u2502      Conditions:      \u2502\n\u2502    ing_uhugeint(#1)   \u2502                                                  \u2502    ing_uhugeint(#1)   \u2502                                                  \u2502 ws_bill_customer_sk = \u251c\u2500\u2500\u2500\u2500\u2500\u2500\u2500\u2500\u2500\u2500\u2500\u2500\u2500\u2500\u2500\u2500\u2500\u2500\u2500\u2500\u2500\u2500\u2500\u2500\u2500\u2500\u2500\u2500\u2500\u2500\u2500\u2500\u2500\u2500\u2500\u2500\u2500\u2510\n\u2502           #2          \u2502                                                  \u2502           #2          \u2502                                                  \u2502      c_customer_sk    \u2502                                     \u2502\n\u2502                       \u2502                                                  \u2502                       \u2502                                                  \u2502                       \u2502                                     \u2502\n\u2502        280 rows       \u2502                                                  \u2502       4,983 rows      \u2502                                                  \u2502       2,472 rows      \u2502                                     \u2502\n\u2502        (0.00s)        \u2502                                                  \u2502        (0.00s)        \u2502                                                  \u2502        (0.00s)        \u2502                                     \u2502\n\u2514\u2500\u2500\u2500\u2500\u2500\u2500\u2500\u2500\u2500\u2500\u2500\u252c\u2500\u2500\u2500\u2500\u2500\u2500\u2500\u2500\u2500\u2500\u2500\u2518                                                  \u2514\u2500\u2500\u2500\u2500\u2500\u2500\u2500\u2500\u2500\u2500\u2500\u252c\u2500\u2500\u2500\u2500\u2500\u2500\u2500\u2500\u2500\u2500\u2500\u2518                                                  \u2514\u2500\u2500\u2500\u2500\u2500\u2500\u2500\u2500\u2500\u2500\u2500\u252c\u2500\u2500\u2500\u2500\u2500\u2500\u2500\u2500\u2500\u2500\u2500\u2518                                     \u2502\n\u250c\u2500\u2500\u2500\u2500\u2500\u2500\u2500\u2500\u2500\u2500\u2500\u2534\u2500\u2500\u2500\u2500\u2500\u2500\u2500\u2500\u2500\u2500\u2500\u2510                                                  \u250c\u2500\u2500\u2500\u2500\u2500\u2500\u2500\u2500\u2500\u2500\u2500\u2534\u2500\u2500\u2500\u2500\u2500\u2500\u2500\u2500\u2500\u2500\u2500\u2510                                                  \u250c\u2500\u2500\u2500\u2500\u2500\u2500\u2500\u2500\u2500\u2500\u2500\u2534\u2500\u2500\u2500\u2500\u2500\u2500\u2500\u2500\u2500\u2500\u2500\u2510                         \u250c\u2500\u2500\u2500\u2500\u2500\u2500\u2500\u2500\u2500\u2500\u2500\u2534\u2500\u2500\u2500\u2500\u2500\u2500\u2500\u2500\u2500\u2500\u2500\u2510\n\u2502       PROJECTION      \u2502                                                  \u2502       PROJECTION      \u2502                                                  \u2502       HASH_JOIN       \u2502                         \u2502         FILTER        \u2502\n\u2502    \u2500\u2500\u2500\u2500\u2500\u2500\u2500\u2500\u2500\u2500\u2500\u2500\u2500\u2500\u2500\u2500   \u2502                                                  \u2502    \u2500\u2500\u2500\u2500\u2500\u2500\u2500\u2500\u2500\u2500\u2500\u2500\u2500\u2500\u2500\u2500   \u2502                                                  \u2502    \u2500\u2500\u2500\u2500\u2500\u2500\u2500\u2500\u2500\u2500\u2500\u2500\u2500\u2500\u2500\u2500   \u2502                         \u2502    \u2500\u2500\u2500\u2500\u2500\u2500\u2500\u2500\u2500\u2500\u2500\u2500\u2500\u2500\u2500\u2500   \u2502\n\u2502      c_last_name      \u2502                                                  \u2502      c_last_name      \u2502                                                  \u2502    Join Type: INNER   \u2502                         \u2502 (c_customer_sk BETWEEN\u2502\n\u2502      c_first_name     \u2502                                                  \u2502      c_first_name     \u2502                                                  \u2502                       \u2502                         \u2502      2 AND 499998)    \u2502\n\u2502         d_date        \u2502                                                  \u2502         d_date        \u2502                                                  \u2502      Conditions:      \u2502                         \u2502                       \u2502\n\u2502                       \u2502                                                  \u2502                       \u2502                                                  \u2502   ws_sold_date_sk =   \u251c\u2500\u2500\u2500\u2500\u2500\u2500\u2500\u2500\u2500\u2500\u2500\u2500\u2510            \u2502                       \u2502\n\u2502                       \u2502                                                  \u2502                       \u2502                                                  \u2502        d_date_sk      \u2502            \u2502            \u2502                       \u2502\n\u2502                       \u2502                                                  \u2502                       \u2502                                                  \u2502                       \u2502            \u2502            \u2502                       \u2502\n\u2502        280 rows       \u2502                                                  \u2502       4,983 rows      \u2502                                                  \u2502      25,987 rows      \u2502            \u2502            \u2502      49,028 rows      \u2502\n\u2502        (0.00s)        \u2502                                                  \u2502        (0.00s)        \u2502                                                  \u2502        (0.01s)        \u2502            \u2502            \u2502        (0.00s)        \u2502\n\u2514\u2500\u2500\u2500\u2500\u2500\u2500\u2500\u2500\u2500\u2500\u2500\u252c\u2500\u2500\u2500\u2500\u2500\u2500\u2500\u2500\u2500\u2500\u2500\u2518                                                  \u2514\u2500\u2500\u2500\u2500\u2500\u2500\u2500\u2500\u2500\u2500\u2500\u252c\u2500\u2500\u2500\u2500\u2500\u2500\u2500\u2500\u2500\u2500\u2500\u2518                                                  \u2514\u2500\u2500\u2500\u2500\u2500\u2500\u2500\u2500\u2500\u2500\u2500\u252c\u2500\u2500\u2500\u2500\u2500\u2500\u2500\u2500\u2500\u2500\u2500\u2518            \u2502            \u2514\u2500\u2500\u2500\u2500\u2500\u2500\u2500\u2500\u2500\u2500\u2500\u252c\u2500\u2500\u2500\u2500\u2500\u2500\u2500\u2500\u2500\u2500\u2500\u2518\n\u250c\u2500\u2500\u2500\u2500\u2500\u2500\u2500\u2500\u2500\u2500\u2500\u2534\u2500\u2500\u2500\u2500\u2500\u2500\u2500\u2500\u2500\u2500\u2500\u2510                                                  \u250c\u2500\u2500\u2500\u2500\u2500\u2500\u2500\u2500\u2500\u2500\u2500\u2534\u2500\u2500\u2500\u2500\u2500\u2500\u2500\u2500\u2500\u2500\u2500\u2510                                                  \u250c\u2500\u2500\u2500\u2500\u2500\u2500\u2500\u2500\u2500\u2500\u2500\u2534\u2500\u2500\u2500\u2500\u2500\u2500\u2500\u2500\u2500\u2500\u2500\u2510\u250c\u2500\u2500\u2500\u2500\u2500\u2500\u2500\u2500\u2500\u2500\u2500\u2534\u2500\u2500\u2500\u2500\u2500\u2500\u2500\u2500\u2500\u2500\u2500\u2510\u250c\u2500\u2500\u2500\u2500\u2500\u2500\u2500\u2500\u2500\u2500\u2500\u2534\u2500\u2500\u2500\u2500\u2500\u2500\u2500\u2500\u2500\u2500\u2500\u2510\n\u2502       HASH_JOIN       \u2502                                                  \u2502       HASH_JOIN       \u2502                                                  \u2502       TABLE_SCAN      \u2502\u2502         FILTER        \u2502\u2502       TABLE_SCAN      \u2502\n\u2502    \u2500\u2500\u2500\u2500\u2500\u2500\u2500\u2500\u2500\u2500\u2500\u2500\u2500\u2500\u2500\u2500   \u2502                                                  \u2502    \u2500\u2500\u2500\u2500\u2500\u2500\u2500\u2500\u2500\u2500\u2500\u2500\u2500\u2500\u2500\u2500   \u2502                                                  \u2502    \u2500\u2500\u2500\u2500\u2500\u2500\u2500\u2500\u2500\u2500\u2500\u2500\u2500\u2500\u2500\u2500   \u2502\u2502    \u2500\u2500\u2500\u2500\u2500\u2500\u2500\u2500\u2500\u2500\u2500\u2500\u2500\u2500\u2500\u2500   \u2502\u2502    \u2500\u2500\u2500\u2500\u2500\u2500\u2500\u2500\u2500\u2500\u2500\u2500\u2500\u2500\u2500\u2500   \u2502\n\u2502    Join Type: INNER   \u2502                                                  \u2502    Join Type: INNER   \u2502                                                  \u2502    Table: web_sales   \u2502\u2502   (d_date_sk BETWEEN  \u2502\u2502    Table: customer    \u2502\n\u2502                       \u2502                                                  \u2502                       \u2502                                                  \u2502                       \u2502\u2502  2450816 AND 2452642) \u2502\u2502                       \u2502\n\u2502      Conditions:      \u2502                                                  \u2502      Conditions:      \u2502                                                  \u2502         Type:         \u2502\u2502                       \u2502\u2502         Type:         \u2502\n\u2502    ss_customer_sk =   \u2502                                                  \u2502 cs_bill_customer_sk = \u2502                                                  \u2502    Sequential Scan    \u2502\u2502                       \u2502\u2502    Sequential Scan    \u2502\n\u2502      c_customer_sk    \u2502                                                  \u2502      c_customer_sk    \u2502                                                  \u2502                       \u2502\u2502                       \u2502\u2502                       \u2502\n\u2502                       \u2502                                                  \u2502                       \u2502                                                  \u2502      Projections:     \u2502\u2502                       \u2502\u2502      Projections:     \u2502\n\u2502                       \u2502                                                  \u2502                       \u2502                                                  \u2502    ws_sold_date_sk    \u2502\u2502                       \u2502\u2502     c_customer_sk     \u2502\n\u2502                       \u2502                                                  \u2502                       \u2502                                                  \u2502  ws_bill_customer_sk  \u2502\u2502                       \u2502\u2502      c_last_name      \u2502\n\u2502                       \u251c\u2500\u2500\u2500\u2500\u2500\u2500\u2500\u2500\u2500\u2500\u2500\u2500\u2500\u2500\u2500\u2500\u2500\u2500\u2500\u2500\u2500\u2500\u2500\u2500\u2500\u2500\u2500\u2500\u2500\u2500\u2500\u2500\u2500\u2500\u2500\u2500\u2500\u2510            \u2502                       \u251c\u2500\u2500\u2500\u2500\u2500\u2500\u2500\u2500\u2500\u2500\u2500\u2500\u2500\u2500\u2500\u2500\u2500\u2500\u2500\u2500\u2500\u2500\u2500\u2500\u2500\u2500\u2500\u2500\u2500\u2500\u2500\u2500\u2500\u2500\u2500\u2500\u2500\u2510            \u2502                       \u2502\u2502                       \u2502\u2502      c_first_name     \u2502\n\u2502                       \u2502                                     \u2502            \u2502                       \u2502                                     \u2502            \u2502        Filters:       \u2502\u2502                       \u2502\u2502                       \u2502\n\u2502                       \u2502                                     \u2502            \u2502                       \u2502                                     \u2502            \u2502 ws_list_price>=168.00 \u2502\u2502                       \u2502\u2502        Filters:       \u2502\n\u2502                       \u2502                                     \u2502            \u2502                       \u2502                                     \u2502            \u2502   AND ws_list_price<  \u2502\u2502                       \u2502\u2502 c_birth_year>=1968 AND\u2502\n\u2502                       \u2502                                     \u2502            \u2502                       \u2502                                     \u2502            \u2502        =197.00        \u2502\u2502                       \u2502\u2502   c_birth_year<=1974  \u2502\n\u2502                       \u2502                                     \u2502            \u2502                       \u2502                                     \u2502            \u2502 ws_wholesale_cost>=76 \u2502\u2502                       \u2502\u2502                       \u2502\n\u2502                       \u2502                                     \u2502            \u2502                       \u2502                                     \u2502            \u2502.00 AND ws_wholesale_co\u2502\u2502                       \u2502\u2502                       \u2502\n\u2502                       \u2502                                     \u2502            \u2502                       \u2502                                     \u2502            \u2502       st<=86.00       \u2502\u2502                       \u2502\u2502                       \u2502\n\u2502                       \u2502                                     \u2502            \u2502                       \u2502                                     \u2502            \u2502                       \u2502\u2502                       \u2502\u2502                       \u2502\n\u2502        280 rows       \u2502                                     \u2502            \u2502       4,983 rows      \u2502                                     \u2502            \u2502      25,987 rows      \u2502\u2502        365 rows       \u2502\u2502      49,028 rows      \u2502\n\u2502        (0.00s)        \u2502                                     \u2502            \u2502        (0.00s)        \u2502                                     \u2502            \u2502        (0.06s)        \u2502\u2502        (0.00s)        \u2502\u2502        (0.01s)        \u2502\n\u2514\u2500\u2500\u2500\u2500\u2500\u2500\u2500\u2500\u2500\u2500\u2500\u252c\u2500\u2500\u2500\u2500\u2500\u2500\u2500\u2500\u2500\u2500\u2500\u2518                                     \u2502            \u2514\u2500\u2500\u2500\u2500\u2500\u2500\u2500\u2500\u2500\u2500\u2500\u252c\u2500\u2500\u2500\u2500\u2500\u2500\u2500\u2500\u2500\u2500\u2500\u2518                                     \u2502            \u2514\u2500\u2500\u2500\u2500\u2500\u2500\u2500\u2500\u2500\u2500\u2500\u2500\u2500\u2500\u2500\u2500\u2500\u2500\u2500\u2500\u2500\u2500\u2500\u2518\u2514\u2500\u2500\u2500\u2500\u2500\u2500\u2500\u2500\u2500\u2500\u2500\u252c\u2500\u2500\u2500\u2500\u2500\u2500\u2500\u2500\u2500\u2500\u2500\u2518\u2514\u2500\u2500\u2500\u2500\u2500\u2500\u2500\u2500\u2500\u2500\u2500\u2500\u2500\u2500\u2500\u2500\u2500\u2500\u2500\u2500\u2500\u2500\u2500\u2518\n\u250c\u2500\u2500\u2500\u2500\u2500\u2500\u2500\u2500\u2500\u2500\u2500\u2534\u2500\u2500\u2500\u2500\u2500\u2500\u2500\u2500\u2500\u2500\u2500\u2510                         \u250c\u2500\u2500\u2500\u2500\u2500\u2500\u2500\u2500\u2500\u2500\u2500\u2534\u2500\u2500\u2500\u2500\u2500\u2500\u2500\u2500\u2500\u2500\u2500\u2510\u250c\u2500\u2500\u2500\u2500\u2500\u2500\u2500\u2500\u2500\u2500\u2500\u2534\u2500\u2500\u2500\u2500\u2500\u2500\u2500\u2500\u2500\u2500\u2500\u2510                         \u250c\u2500\u2500\u2500\u2500\u2500\u2500\u2500\u2500\u2500\u2500\u2500\u2534\u2500\u2500\u2500\u2500\u2500\u2500\u2500\u2500\u2500\u2500\u2500\u2510                         \u250c\u2500\u2500\u2500\u2500\u2500\u2500\u2500\u2500\u2500\u2500\u2500\u2534\u2500\u2500\u2500\u2500\u2500\u2500\u2500\u2500\u2500\u2500\u2500\u2510\n\u2502       HASH_JOIN       \u2502                         \u2502       TABLE_SCAN      \u2502\u2502       HASH_JOIN       \u2502                         \u2502       TABLE_SCAN      \u2502                         \u2502       TABLE_SCAN      \u2502\n\u2502    \u2500\u2500\u2500\u2500\u2500\u2500\u2500\u2500\u2500\u2500\u2500\u2500\u2500\u2500\u2500\u2500   \u2502                         \u2502    \u2500\u2500\u2500\u2500\u2500\u2500\u2500\u2500\u2500\u2500\u2500\u2500\u2500\u2500\u2500\u2500   \u2502\u2502    \u2500\u2500\u2500\u2500\u2500\u2500\u2500\u2500\u2500\u2500\u2500\u2500\u2500\u2500\u2500\u2500   \u2502                         \u2502    \u2500\u2500\u2500\u2500\u2500\u2500\u2500\u2500\u2500\u2500\u2500\u2500\u2500\u2500\u2500\u2500   \u2502                         \u2502    \u2500\u2500\u2500\u2500\u2500\u2500\u2500\u2500\u2500\u2500\u2500\u2500\u2500\u2500\u2500\u2500   \u2502\n\u2502    Join Type: INNER   \u2502                         \u2502    Table: customer    \u2502\u2502    Join Type: INNER   \u2502                         \u2502    Table: customer    \u2502                         \u2502    Table: date_dim    \u2502\n\u2502                       \u2502                         \u2502                       \u2502\u2502                       \u2502                         \u2502                       \u2502                         \u2502                       \u2502\n\u2502      Conditions:      \u2502                         \u2502         Type:         \u2502\u2502      Conditions:      \u2502                         \u2502         Type:         \u2502                         \u2502         Type:         \u2502\n\u2502   ss_sold_date_sk =   \u2502                         \u2502    Sequential Scan    \u2502\u2502   cs_sold_date_sk =   \u2502                         \u2502    Sequential Scan    \u2502                         \u2502    Sequential Scan    \u2502\n\u2502        d_date_sk      \u2502                         \u2502                       \u2502\u2502        d_date_sk      \u2502                         \u2502                       \u2502                         \u2502                       \u2502\n\u2502                       \u2502                         \u2502      Projections:     \u2502\u2502                       \u2502                         \u2502      Projections:     \u2502                         \u2502      Projections:     \u2502\n\u2502                       \u2502                         \u2502     c_customer_sk     \u2502\u2502                       \u2502                         \u2502     c_customer_sk     \u2502                         \u2502       d_date_sk       \u2502\n\u2502                       \u251c\u2500\u2500\u2500\u2500\u2500\u2500\u2500\u2500\u2500\u2500\u2500\u2500\u2510            \u2502      c_last_name      \u2502\u2502                       \u251c\u2500\u2500\u2500\u2500\u2500\u2500\u2500\u2500\u2500\u2500\u2500\u2500\u2510            \u2502      c_last_name      \u2502                         \u2502         d_date        \u2502\n\u2502                       \u2502            \u2502            \u2502      c_first_name     \u2502\u2502                       \u2502            \u2502            \u2502      c_first_name     \u2502                         \u2502                       \u2502\n\u2502                       \u2502            \u2502            \u2502                       \u2502\u2502                       \u2502            \u2502            \u2502                       \u2502                         \u2502        Filters:       \u2502\n\u2502                       \u2502            \u2502            \u2502        Filters:       \u2502\u2502                       \u2502            \u2502            \u2502        Filters:       \u2502                         \u2502 d_month_seq>=1213 AND \u2502\n\u2502                       \u2502            \u2502            \u2502 c_birth_year>=1968 AND\u2502\u2502                       \u2502            \u2502            \u2502 c_birth_year>=1968 AND\u2502                         \u2502    d_month_seq<=1224  \u2502\n\u2502                       \u2502            \u2502            \u2502   c_birth_year<=1974  \u2502\u2502                       \u2502            \u2502            \u2502   c_birth_year<=1974  \u2502                         \u2502                       \u2502\n\u2502                       \u2502            \u2502            \u2502                       \u2502\u2502                       \u2502            \u2502            \u2502                       \u2502                         \u2502                       \u2502\n\u2502       3,085 rows      \u2502            \u2502            \u2502      49,028 rows      \u2502\u2502      51,417 rows      \u2502            \u2502            \u2502      49,028 rows      \u2502                         \u2502        365 rows       \u2502\n\u2502        (0.01s)        \u2502            \u2502            \u2502        (0.01s)        \u2502\u2502        (0.00s)        \u2502            \u2502            \u2502        (0.00s)        \u2502                         \u2502        (0.00s)        \u2502\n\u2514\u2500\u2500\u2500\u2500\u2500\u2500\u2500\u2500\u2500\u2500\u2500\u252c\u2500\u2500\u2500\u2500\u2500\u2500\u2500\u2500\u2500\u2500\u2500\u2518            \u2502            \u2514\u2500\u2500\u2500\u2500\u2500\u2500\u2500\u2500\u2500\u2500\u2500\u2500\u2500\u2500\u2500\u2500\u2500\u2500\u2500\u2500\u2500\u2500\u2500\u2518\u2514\u2500\u2500\u2500\u2500\u2500\u2500\u2500\u2500\u2500\u2500\u2500\u252c\u2500\u2500\u2500\u2500\u2500\u2500\u2500\u2500\u2500\u2500\u2500\u2518            \u2502            \u2514\u2500\u2500\u2500\u2500\u2500\u2500\u2500\u2500\u2500\u2500\u2500\u2500\u2500\u2500\u2500\u2500\u2500\u2500\u2500\u2500\u2500\u2500\u2500\u2518                         \u2514\u2500\u2500\u2500\u2500\u2500\u2500\u2500\u2500\u2500\u2500\u2500\u2500\u2500\u2500\u2500\u2500\u2500\u2500\u2500\u2500\u2500\u2500\u2500\u2518\n\u250c\u2500\u2500\u2500\u2500\u2500\u2500\u2500\u2500\u2500\u2500\u2500\u2534\u2500\u2500\u2500\u2500\u2500\u2500\u2500\u2500\u2500\u2500\u2500\u2510\u250c\u2500\u2500\u2500\u2500\u2500\u2500\u2500\u2500\u2500\u2500\u2500\u2534\u2500\u2500\u2500\u2500\u2500\u2500\u2500\u2500\u2500\u2500\u2500\u2510                         \u250c\u2500\u2500\u2500\u2500\u2500\u2500\u2500\u2500\u2500\u2500\u2500\u2534\u2500\u2500\u2500\u2500\u2500\u2500\u2500\u2500\u2500\u2500\u2500\u2510\u250c\u2500\u2500\u2500\u2500\u2500\u2500\u2500\u2500\u2500\u2500\u2500\u2534\u2500\u2500\u2500\u2500\u2500\u2500\u2500\u2500\u2500\u2500\u2500\u2510\n\u2502       TABLE_SCAN      \u2502\u2502         FILTER        \u2502                         \u2502       TABLE_SCAN      \u2502\u2502         FILTER        \u2502\n\u2502    \u2500\u2500\u2500\u2500\u2500\u2500\u2500\u2500\u2500\u2500\u2500\u2500\u2500\u2500\u2500\u2500   \u2502\u2502    \u2500\u2500\u2500\u2500\u2500\u2500\u2500\u2500\u2500\u2500\u2500\u2500\u2500\u2500\u2500\u2500   \u2502                         \u2502    \u2500\u2500\u2500\u2500\u2500\u2500\u2500\u2500\u2500\u2500\u2500\u2500\u2500\u2500\u2500\u2500   \u2502\u2502    \u2500\u2500\u2500\u2500\u2500\u2500\u2500\u2500\u2500\u2500\u2500\u2500\u2500\u2500\u2500\u2500   \u2502\n\u2502         Table:        \u2502\u2502   (d_date_sk BETWEEN  \u2502                         \u2502         Table:        \u2502\u2502   (d_date_sk BETWEEN  \u2502\n\u2502      store_sales      \u2502\u2502  2450816 AND 2452642) \u2502                         \u2502     catalog_sales     \u2502\u2502  2450815 AND 2452653) \u2502\n\u2502                       \u2502\u2502                       \u2502                         \u2502                       \u2502\u2502                       \u2502\n\u2502         Type:         \u2502\u2502                       \u2502                         \u2502         Type:         \u2502\u2502                       \u2502\n\u2502    Sequential Scan    \u2502\u2502                       \u2502                         \u2502    Sequential Scan    \u2502\u2502                       \u2502\n\u2502                       \u2502\u2502                       \u2502                         \u2502                       \u2502\u2502                       \u2502\n\u2502      Projections:     \u2502\u2502                       \u2502                         \u2502      Projections:     \u2502\u2502                       \u2502\n\u2502    ss_sold_date_sk    \u2502\u2502                       \u2502                         \u2502    cs_sold_date_sk    \u2502\u2502                       \u2502\n\u2502     ss_customer_sk    \u2502\u2502                       \u2502                         \u2502  cs_bill_customer_sk  \u2502\u2502                       \u2502\n\u2502                       \u2502\u2502                       \u2502                         \u2502                       \u2502\u2502                       \u2502\n\u2502        Filters:       \u2502\u2502                       \u2502                         \u2502        Filters:       \u2502\u2502                       \u2502\n\u2502 ss_list_price>=168.00 \u2502\u2502                       \u2502                         \u2502 cs_list_price>=168.00 \u2502\u2502                       \u2502\n\u2502   AND ss_list_price<  \u2502\u2502                       \u2502                         \u2502   AND cs_list_price<  \u2502\u2502                       \u2502\n\u2502        =197.00        \u2502\u2502                       \u2502                         \u2502        =197.00        \u2502\u2502                       \u2502\n\u2502 ss_wholesale_cost>=76 \u2502\u2502                       \u2502                         \u2502 cs_wholesale_cost>=76 \u2502\u2502                       \u2502\n\u2502.00 AND ss_wholesale_co\u2502\u2502                       \u2502                         \u2502.00 AND cs_wholesale_co\u2502\u2502                       \u2502\n\u2502       st<=86.00       \u2502\u2502                       \u2502                         \u2502       st<=86.00       \u2502\u2502                       \u2502\n\u2502                       \u2502\u2502                       \u2502                         \u2502                       \u2502\u2502                       \u2502\n\u2502       3,085 rows      \u2502\u2502        365 rows       \u2502                         \u2502      51,417 rows      \u2502\u2502        365 rows       \u2502\n\u2502        (0.24s)        \u2502\u2502        (0.00s)        \u2502                         \u2502        (0.04s)        \u2502\u2502        (0.00s)        \u2502\n\u2514\u2500\u2500\u2500\u2500\u2500\u2500\u2500\u2500\u2500\u2500\u2500\u2500\u2500\u2500\u2500\u2500\u2500\u2500\u2500\u2500\u2500\u2500\u2500\u2518\u2514\u2500\u2500\u2500\u2500\u2500\u2500\u2500\u2500\u2500\u2500\u2500\u252c\u2500\u2500\u2500\u2500\u2500\u2500\u2500\u2500\u2500\u2500\u2500\u2518                         \u2514\u2500\u2500\u2500\u2500\u2500\u2500\u2500\u2500\u2500\u2500\u2500\u2500\u2500\u2500\u2500\u2500\u2500\u2500\u2500\u2500\u2500\u2500\u2500\u2518\u2514\u2500\u2500\u2500\u2500\u2500\u2500\u2500\u2500\u2500\u2500\u2500\u252c\u2500\u2500\u2500\u2500\u2500\u2500\u2500\u2500\u2500\u2500\u2500\u2518\n                         \u250c\u2500\u2500\u2500\u2500\u2500\u2500\u2500\u2500\u2500\u2500\u2500\u2534\u2500\u2500\u2500\u2500\u2500\u2500\u2500\u2500\u2500\u2500\u2500\u2510                                                  \u250c\u2500\u2500\u2500\u2500\u2500\u2500\u2500\u2500\u2500\u2500\u2500\u2534\u2500\u2500\u2500\u2500\u2500\u2500\u2500\u2500\u2500\u2500\u2500\u2510\n                         \u2502       TABLE_SCAN      \u2502                                                  \u2502       TABLE_SCAN      \u2502\n                         \u2502    \u2500\u2500\u2500\u2500\u2500\u2500\u2500\u2500\u2500\u2500\u2500\u2500\u2500\u2500\u2500\u2500   \u2502                                                  \u2502    \u2500\u2500\u2500\u2500\u2500\u2500\u2500\u2500\u2500\u2500\u2500\u2500\u2500\u2500\u2500\u2500   \u2502\n                         \u2502    Table: date_dim    \u2502                                                  \u2502    Table: date_dim    \u2502\n                         \u2502                       \u2502                                                  \u2502                       \u2502\n                         \u2502         Type:         \u2502                                                  \u2502         Type:         \u2502\n                         \u2502    Sequential Scan    \u2502                                                  \u2502    Sequential Scan    \u2502\n                         \u2502                       \u2502                                                  \u2502                       \u2502\n                         \u2502      Projections:     \u2502                                                  \u2502      Projections:     \u2502\n                         \u2502       d_date_sk       \u2502                                                  \u2502       d_date_sk       \u2502\n                         \u2502         d_date        \u2502                                                  \u2502         d_date        \u2502\n                         \u2502                       \u2502                                                  \u2502                       \u2502\n                         \u2502        Filters:       \u2502                                                  \u2502        Filters:       \u2502\n                         \u2502 d_month_seq>=1213 AND \u2502                                                  \u2502 d_month_seq>=1213 AND \u2502\n                         \u2502    d_month_seq<=1224  \u2502                                                  \u2502    d_month_seq<=1224  \u2502\n                         \u2502                       \u2502                                                  \u2502                       \u2502\n                         \u2502        365 rows       \u2502                                                  \u2502        365 rows       \u2502\n                         \u2502        (0.00s)        \u2502                                                  \u2502        (0.00s)        \u2502\n                         \u2514\u2500\u2500\u2500\u2500\u2500\u2500\u2500\u2500\u2500\u2500\u2500\u2500\u2500\u2500\u2500\u2500\u2500\u2500\u2500\u2500\u2500\u2500\u2500\u2518                                                  \u2514\u2500\u2500\u2500\u2500\u2500\u2500\u2500\u2500\u2500\u2500\u2500\u2500\u2500\u2500\u2500\u2500\u2500\u2500\u2500\u2500\u2500\u2500\u2500\u2518\n",
  "plan_json": {
    "total_bytes_written": 0,
    "total_bytes_read": 0,
    "rows_returned": 0,
    "latency": 0.0,
    "result_set_size": 0,
    "query_name": "",
    "blocked_thread_time": 0.0,
    "system_peak_buffer_memory": 0,
    "system_peak_temp_dir_size": 0,
    "cpu_time": 0.0,
    "extra_info": {},
    "cumulative_cardinality": 0,
    "cumulative_rows_scanned": 0,
    "children": [
      {
        "total_bytes_written": 0,
        "total_bytes_read": 0,
        "result_set_size": 0,
        "operator_name": "EXPLAIN_ANALYZE",
        "cpu_time": 0.0,
        "extra_info": {},
        "cumulative_cardinality": 0,
        "operator_type": "EXPLAIN_ANALYZE",
        "operator_cardinality": 0,
        "cumulative_rows_scanned": 0,
        "operator_rows_scanned": 0,
        "operator_timing": 4.61e-07,
        "children": [
          {
            "total_bytes_written": 0,
            "total_bytes_read": 0,
            "result_set_size": 8,
            "operator_name": "UNGROUPED_AGGREGATE",
            "cpu_time": 0.0,
            "extra_info": {
              "Aggregates": "count_star()"
            },
            "cumulative_cardinality": 0,
            "operator_type": "UNGROUPED_AGGREGATE",
            "operator_cardinality": 1,
            "cumulative_rows_scanned": 0,
            "operator_rows_scanned": 0,
            "operator_timing": 1.2859999999999999e-05,
            "children": [
              {
                "total_bytes_written": 0,
                "total_bytes_read": 0,
                "result_set_size": 10044,
                "operator_name": "HASH_GROUP_BY",
                "cpu_time": 0.0,
                "extra_info": {
                  "Groups": [
                    "#0",
                    "#1",
                    "#2"
                  ],
                  "Aggregates": "",
                  "Estimated Cardinality": "230395"
                },
                "cumulative_cardinality": 0,
                "operator_type": "HASH_GROUP_BY",
                "operator_cardinality": 279,
                "cumulative_rows_scanned": 0,
                "operator_rows_scanned": 0,
                "operator_timing": 0.001022486,
                "children": [
                  {
                    "total_bytes_written": 0,
                    "total_bytes_read": 0,
                    "result_set_size": 10044,
                    "operator_name": "HASH_JOIN",
                    "cpu_time": 0.0,
                    "extra_info": {
                      "Join Type": "ANTI",
                      "Conditions": [
                        "#0 IS NOT DISTINCT FROM #0",
                        "#1 IS NOT DISTINCT FROM #1",
                        "#2 IS NOT DISTINCT FROM #2"
                      ],
                      "Estimated Cardinality": "230395"
                    },
                    "cumulative_cardinality": 0,
                    "operator_type": "HASH_JOIN",
                    "operator_cardinality": 279,
                    "cumulative_rows_scanned": 0,
                    "operator_rows_scanned": 0,
                    "operator_timing": 0.00139828,
                    "children": [
                      {
                        "total_bytes_written": 0,
                        "total_bytes_read": 0,
                        "result_set_size": 10044,
                        "operator_name": "HASH_GROUP_BY",
                        "cpu_time": 0.0,
                        "extra_info": {
                          "Groups": [
                            "#0",
                            "#1",
                            "#2"
                          ],
                          "Aggregates": "",
                          "Estimated Cardinality": "230395"
                        },
                        "cumulative_cardinality": 0,
                        "operator_type": "HASH_GROUP_BY",
                        "operator_cardinality": 279,
                        "cumulative_rows_scanned": 0,
                        "operator_rows_scanned": 0,
                        "operator_timing": 0.0011028750000000001,
                        "children": [
                          {
                            "total_bytes_written": 0,
                            "total_bytes_read": 0,
                            "result_set_size": 10044,
                            "operator_name": "HASH_JOIN",
                            "cpu_time": 0.0,
                            "extra_info": {
                              "Join Type": "ANTI",
                              "Conditions": [
                                "#0 IS NOT DISTINCT FROM #0",
                                "#1 IS NOT DISTINCT FROM #1",
                                "#2 IS NOT DISTINCT FROM #2"
                              ],
                              "Estimated Cardinality": "230395"
                            },
                            "cumulative_cardinality": 0,
                            "operator_type": "HASH_JOIN",
                            "operator_cardinality": 279,
                            "cumulative_rows_scanned": 0,
                            "operator_rows_scanned": 0,
                            "operator_timing": 0.0020145819999999996,
                            "children": [
                              {
                                "total_bytes_written": 0,
                                "total_bytes_read": 0,
                                "result_set_size": 10080,
                                "operator_name": "PROJECTION",
                                "cpu_time": 0.0,
                                "extra_info": {
                                  "Projections": [
                                    "__internal_decompress_string(#0)",
                                    "__internal_decompress_string(#1)",
                                    "#2"
                                  ],
                                  "Estimated Cardinality": "230395"
                                },
                                "cumulative_cardinality": 0,
                                "operator_type": "PROJECTION",
                                "operator_cardinality": 280,
                                "cumulative_rows_scanned": 0,
                                "operator_rows_scanned": 0,
                                "operator_timing": 2.3725999999999996e-05,
                                "children": [
                                  {
                                    "total_bytes_written": 0,
                                    "total_bytes_read": 0,
                                    "result_set_size": 10080,
                                    "operator_name": "HASH_GROUP_BY",
                                    "cpu_time": 0.0,
                                    "extra_info": {
                                      "Groups": [
                                        "#0",
                                        "#1",
                                        "#2"
                                      ],
                                      "Aggregates": "",
                                      "Estimated Cardinality": "230395"
                                    },
                                    "cumulative_cardinality": 0,
                                    "operator_type": "HASH_GROUP_BY",
                                    "operator_cardinality": 280,
                                    "cumulative_rows_scanned": 0,
                                    "operator_rows_scanned": 0,
                                    "operator_timing": 0.006718404000000001,
                                    "children": [
                                      {
                                        "total_bytes_written": 0,
                                        "total_bytes_read": 0,
                                        "result_set_size": 10080,
                                        "operator_name": "PROJECTION",
                                        "cpu_time": 0.0,
                                        "extra_info": {
                                          "Projections": [
                                            "c_last_name",
                                            "c_first_name",
                                            "d_date"
                                          ],
                                          "Estimated Cardinality": "230395"
                                        },
                                        "cumulative_cardinality": 0,
                                        "operator_type": "PROJECTION",
                                        "operator_cardinality": 280,
                                        "cumulative_rows_scanned": 0,
                                        "operator_rows_scanned": 0,
                                        "operator_timing": 4.996800000000001e-05,
                                        "children": [
                                          {
                                            "total_bytes_written": 0,
                                            "total_bytes_read": 0,
                                            "result_set_size": 10080,
                                            "operator_name": "PROJECTION",
                                            "cpu_time": 0.0,
                                            "extra_info": {
                                              "Projections": [
                                                "__internal_compress_string_uhugeint(#0)",
                                                "__internal_compress_string_uhugeint(#1)",
                                                "#2"
                                              ],
                                              "Estimated Cardinality": "230395"
                                            },
                                            "cumulative_cardinality": 0,
                                            "operator_type": "PROJECTION",
                                            "operator_cardinality": 280,
                                            "cumulative_rows_scanned": 0,
                                            "operator_rows_scanned": 0,
                                            "operator_timing": 0.00013958300000000004,
                                            "children": [
                                              {
                                                "total_bytes_written": 0,
                                                "total_bytes_read": 0,
                                                "result_set_size": 10080,
                                                "operator_name": "PROJECTION",
                                                "cpu_time": 0.0,
                                                "extra_info": {
                                                  "Projections": [
                                                    "c_last_name",
                                                    "c_first_name",
                                                    "d_date"
                                                  ],
                                                  "Estimated Cardinality": "230395"
                                                },
                                                "cumulative_cardinality": 0,
                                                "operator_type": "PROJECTION",
                                                "operator_cardinality": 280,
                                                "cumulative_rows_scanned": 0,
                                                "operator_rows_scanned": 0,
                                                "operator_timing": 5.2863e-05,
                                                "children": [
                                                  {
                                                    "total_bytes_written": 0,
                                                    "total_bytes_read": 0,
                                                    "result_set_size": 10080,
                                                    "operator_name": "HASH_JOIN",
                                                    "cpu_time": 0.0,
                                                    "extra_info": {
                                                      "Join Type": "INNER",
                                                      "Conditions": "ss_customer_sk = c_customer_sk",
                                                      "Estimated Cardinality": "230395"
                                                    },
                                                    "cumulative_cardinality": 0,
                                                    "operator_type": "HASH_JOIN",
                                                    "operator_cardinality": 280,
                                                    "cumulative_rows_scanned": 0,
                                                    "operator_rows_scanned": 0,
                                                    "operator_timing": 0.002710728,
                                                    "children": [
                                                      {
                                                        "total_bytes_written": 0,
                                                        "total_bytes_read": 0,
                                                        "result_set_size": 24680,
                                                        "operator_name": "HASH_JOIN",
                                                        "cpu_time": 0.0,
                                                        "extra_info": {
                                                          "Join Type": "INNER",
                                                          "Conditions": "ss_sold_date_sk = d_date_sk",
                                                          "Estimated Cardinality": "1151976"
                                                        },
                                                        "cumulative_cardinality": 0,
                                                        "operator_type": "HASH_JOIN",
                                                        "operator_cardinality": 3085,
                                                        "cumulative_rows_scanned": 0,
                                                        "operator_rows_scanned": 0,
                                                        "operator_timing": 0.006800876000000002,
                                                        "children": [
                                                          {
                                                            "total_bytes_written": 0,
                                                            "total_bytes_read": 0,
                                                            "result_set_size": 24680,
                                                            "operator_name": "SEQ_SCAN ",
                                                            "cpu_time": 0.0,
                                                            "extra_info": {
                                                              "Table": "store_sales",
                                                              "Type": "Sequential Scan",
                                                              "Projections": [
                                                                "ss_sold_date_sk",
                                                                "ss_customer_sk"
                                                              ],
                                                              "Filters": [
                                                                "ss_list_price>=168.00 AND ss_list_price<=197.00",
                                                                "ss_wholesale_cost>=76.00 AND ss_wholesale_cost<=86.00"
                                                              ],
                                                              "Estimated Cardinality": "5760198"
                                                            },
                                                            "cumulative_cardinality": 0,
                                                            "operator_type": "TABLE_SCAN",
                                                            "operator_cardinality": 3085,
                                                            "cumulative_rows_scanned": 0,
                                                            "operator_rows_scanned": 806427748,
                                                            "operator_timing": 0.233144031,
                                                            "children": []
                                                          },
                                                          {
                                                            "total_bytes_written": 0,
                                                            "total_bytes_read": 0,
                                                            "result_set_size": 2920,
                                                            "operator_name": "FILTER",
                                                            "cpu_time": 0.0,
                                                            "extra_info": {
                                                              "Expression": "(d_date_sk BETWEEN 2450816 AND 2452642)",
                                                              "Estimated Cardinality": "14609"
                                                            },
                                                            "cumulative_cardinality": 0,
                                                            "operator_type": "FILTER",
                                                            "operator_cardinality": 365,
                                                            "cumulative_rows_scanned": 0,
                                                            "operator_rows_scanned": 0,
                                                            "operator_timing": 1.3603999999999999e-05,
                                                            "children": [
                                                              {
                                                                "total_bytes_written": 0,
                                                                "total_bytes_read": 0,
                                                                "result_set_size": 2920,
                                                                "operator_name": "SEQ_SCAN ",
                                                                "cpu_time": 0.0,
                                                                "extra_info": {
                                                                  "Table": "date_dim",
                                                                  "Type": "Sequential Scan",
                                                                  "Projections": [
                                                                    "d_date_sk",
                                                                    "d_date"
                                                                  ],
                                                                  "Filters": "d_month_seq>=1213 AND d_month_seq<=1224",
                                                                  "Estimated Cardinality": "14609"
                                                                },
                                                                "cumulative_cardinality": 0,
                                                                "operator_type": "TABLE_SCAN",
                                                                "operator_cardinality": 365,
                                                                "cumulative_rows_scanned": 0,
                                                                "operator_rows_scanned": 73049,
                                                                "operator_timing": 0.000201186,
                                                                "children": []
                                                              }
                                                            ]
                                                          }
                                                        ]
                                                      },
                                                      {
                                                        "total_bytes_written": 0,
                                                        "total_bytes_read": 0,
                                                        "result_set_size": 1765008,
                                                        "operator_name": "SEQ_SCAN ",
                                                        "cpu_time": 0.0,
                                                        "extra_info": {
                                                          "Table": "customer",
                                                          "Type": "Sequential Scan",
                                                          "Projections": [
                                                            "c_customer_sk",
                                                            "c_last_name",
                                                            "c_first_name"
                                                          ],
                                                          "Filters": "c_birth_year>=1968 AND c_birth_year<=1974",
                                                          "Estimated Cardinality": "100000"
                                                        },
                                                        "cumulative_cardinality": 0,
                                                        "operator_type": "TABLE_SCAN",
                                                        "operator_cardinality": 49028,
                                                        "cumulative_rows_scanned": 0,
                                                        "operator_rows_scanned": 2500000,
                                                        "operator_timing": 0.005617446000000002,
                                                        "children": []
                                                      }
                                                    ]
                                                  }
                                                ]
                                              }
                                            ]
                                          }
                                        ]
                                      }
                                    ]
                                  }
                                ]
                              },
                              {
                                "total_bytes_written": 0,
                                "total_bytes_read": 0,
                                "result_set_size": 165312,
                                "operator_name": "PROJECTION",
                                "cpu_time": 0.0,
                                "extra_info": {
                                  "Projections": [
                                    "__internal_decompress_string(#0)",
                                    "__internal_decompress_string(#1)",
                                    "#2"
                                  ],
                                  "Estimated Cardinality": "115203"
                                },
                                "cumulative_cardinality": 0,
                                "operator_type": "PROJECTION",
                                "operator_cardinality": 4592,
                                "cumulative_rows_scanned": 0,
                                "operator_rows_scanned": 0,
                                "operator_timing": 0.00011580699999999998,
                                "children": [
                                  {
                                    "total_bytes_written": 0,
                                    "total_bytes_read": 0,
                                    "result_set_size": 165312,
                                    "operator_name": "HASH_GROUP_BY",
                                    "cpu_time": 0.0,
                                    "extra_info": {
                                      "Groups": [
                                        "#0",
                                        "#1",
                                        "#2"
                                      ],
                                      "Aggregates": "",
                                      "Estimated Cardinality": "115203"
                                    },
                                    "cumulative_cardinality": 0,
                                    "operator_type": "HASH_GROUP_BY",
                                    "operator_cardinality": 4592,
                                    "cumulative_rows_scanned": 0,
                                    "operator_rows_scanned": 0,
                                    "operator_timing": 0.012661295000000001,
                                    "children": [
                                      {
                                        "total_bytes_written": 0,
                                        "total_bytes_read": 0,
                                        "result_set_size": 179388,
                                        "operator_name": "PROJECTION",
                                        "cpu_time": 0.0,
                                        "extra_info": {
                                          "Projections": [
                                            "c_last_name",
                                            "c_first_name",
                                            "d_date"
                                          ],
                                          "Estimated Cardinality": "115203"
                                        },
                                        "cumulative_cardinality": 0,
                                        "operator_type": "PROJECTION",
                                        "operator_cardinality": 4983,
                                        "cumulative_rows_scanned": 0,
                                        "operator_rows_scanned": 0,
                                        "operator_timing": 3.314999999999999e-05,
                                        "children": [
                                          {
                                            "total_bytes_written": 0,
                                            "total_bytes_read": 0,
                                            "result_set_size": 179388,
                                            "operator_name": "PROJECTION",
                                            "cpu_time": 0.0,
                                            "extra_info": {
                                              "Projections": [
                                                "__internal_compress_string_uhugeint(#0)",
                                                "__internal_compress_string_uhugeint(#1)",
                                                "#2"
                                              ],
                                              "Estimated Cardinality": "115203"
                                            },
                                            "cumulative_cardinality": 0,
                                            "operator_type": "PROJECTION",
                                            "operator_cardinality": 4983,
                                            "cumulative_rows_scanned": 0,
                                            "operator_rows_scanned": 0,
                                            "operator_timing": 0.00066753,
                                            "children": [
                                              {
                                                "total_bytes_written": 0,
                                                "total_bytes_read": 0,
                                                "result_set_size": 179388,
                                                "operator_name": "PROJECTION",
                                                "cpu_time": 0.0,
                                                "extra_info": {
                                                  "Projections": [
                                                    "c_last_name",
                                                    "c_first_name",
                                                    "d_date"
                                                  ],
                                                  "Estimated Cardinality": "115203"
                                                },
                                                "cumulative_cardinality": 0,
                                                "operator_type": "PROJECTION",
                                                "operator_cardinality": 4983,
                                                "cumulative_rows_scanned": 0,
                                                "operator_rows_scanned": 0,
                                                "operator_timing": 4.118200000000001e-05,
                                                "children": [
                                                  {
                                                    "total_bytes_written": 0,
                                                    "total_bytes_read": 0,
                                                    "result_set_size": 179388,
                                                    "operator_name": "HASH_JOIN",
                                                    "cpu_time": 0.0,
                                                    "extra_info": {
                                                      "Join Type": "INNER",
                                                      "Conditions": "cs_bill_customer_sk = c_customer_sk",
                                                      "Estimated Cardinality": "115203"
                                                    },
                                                    "cumulative_cardinality": 0,
                                                    "operator_type": "HASH_JOIN",
                                                    "operator_cardinality": 4983,
                                                    "cumulative_rows_scanned": 0,
                                                    "operator_rows_scanned": 0,
                                                    "operator_timing": 0.003725234,
                                                    "children": [
                                                      {
                                                        "total_bytes_written": 0,
                                                        "total_bytes_read": 0,
                                                        "result_set_size": 411336,
                                                        "operator_name": "HASH_JOIN",
                                                        "cpu_time": 0.0,
                                                        "extra_info": {
                                                          "Join Type": "INNER",
                                                          "Conditions": "cs_sold_date_sk = d_date_sk",
                                                          "Estimated Cardinality": "576018"
                                                        },
                                                        "cumulative_cardinality": 0,
                                                        "operator_type": "HASH_JOIN",
                                                        "operator_cardinality": 51417,
                                                        "cumulative_rows_scanned": 0,
                                                        "operator_rows_scanned": 0,
                                                        "operator_timing": 0.003888167,
                                                        "children": [
                                                          {
                                                            "total_bytes_written": 0,
                                                            "total_bytes_read": 0,
                                                            "result_set_size": 411336,
                                                            "operator_name": "SEQ_SCAN ",
                                                            "cpu_time": 0.0,
                                                            "extra_info": {
                                                              "Table": "catalog_sales",
                                                              "Type": "Sequential Scan",
                                                              "Projections": [
                                                                "cs_sold_date_sk",
                                                                "cs_bill_customer_sk"
                                                              ],
                                                              "Filters": [
                                                                "cs_list_price>=168.00 AND cs_list_price<=197.00",
                                                                "cs_wholesale_cost>=76.00 AND cs_wholesale_cost<=86.00"
                                                              ],
                                                              "Estimated Cardinality": "2880252"
                                                            },
                                                            "cumulative_cardinality": 0,
                                                            "operator_type": "TABLE_SCAN",
                                                            "operator_cardinality": 51417,
                                                            "cumulative_rows_scanned": 0,
                                                            "operator_rows_scanned": 403235308,
                                                            "operator_timing": 0.033885628,
                                                            "children": []
                                                          },
                                                          {
                                                            "total_bytes_written": 0,
                                                            "total_bytes_read": 0,
                                                            "result_set_size": 2920,
                                                            "operator_name": "FILTER",
                                                            "cpu_time": 0.0,
                                                            "extra_info": {
                                                              "Expression": "(d_date_sk BETWEEN 2450815 AND 2452653)",
                                                              "Estimated Cardinality": "14609"
                                                            },
                                                            "cumulative_cardinality": 0,
                                                            "operator_type": "FILTER",
                                                            "operator_cardinality": 365,
                                                            "cumulative_rows_scanned": 0,
                                                            "operator_rows_scanned": 0,
                                                            "operator_timing": 7.372e-06,
                                                            "children": [
                                                              {
                                                                "total_bytes_written": 0,
                                                                "total_bytes_read": 0,
                                                                "result_set_size": 2920,
                                                                "operator_name": "SEQ_SCAN ",
                                                                "cpu_time": 0.0,
                                                                "extra_info": {
                                                                  "Table": "date_dim",
                                                                  "Type": "Sequential Scan",
                                                                  "Projections": [
                                                                    "d_date_sk",
                                                                    "d_date"
                                                                  ],
                                                                  "Filters": "d_month_seq>=1213 AND d_month_seq<=1224",
                                                                  "Estimated Cardinality": "14609"
                                                                },
                                                                "cumulative_cardinality": 0,
                                                                "operator_type": "TABLE_SCAN",
                                                                "operator_cardinality": 365,
                                                                "cumulative_rows_scanned": 0,
                                                                "operator_rows_scanned": 73049,
                                                                "operator_timing": 0.000162373,
                                                                "children": []
                                                              }
                                                            ]
                                                          }
                                                        ]
                                                      },
                                                      {
                                                        "total_bytes_written": 0,
                                                        "total_bytes_read": 0,
                                                        "result_set_size": 1765008,
                                                        "operator_name": "SEQ_SCAN ",
                                                        "cpu_time": 0.0,
                                                        "extra_info": {
                                                          "Table": "customer",
                                                          "Type": "Sequential Scan",
                                                          "Projections": [
                                                            "c_customer_sk",
                                                            "c_last_name",
                                                            "c_first_name"
                                                          ],
                                                          "Filters": "c_birth_year>=1968 AND c_birth_year<=1974",
                                                          "Estimated Cardinality": "100000"
                                                        },
                                                        "cumulative_cardinality": 0,
                                                        "operator_type": "TABLE_SCAN",
                                                        "operator_cardinality": 49028,
                                                        "cumulative_rows_scanned": 0,
                                                        "operator_rows_scanned": 2500000,
                                                        "operator_timing": 0.007529962,
                                                        "children": []
                                                      }
                                                    ]
                                                  }
                                                ]
                                              }
                                            ]
                                          }
                                        ]
                                      }
                                    ]
                                  }
                                ]
                              }
                            ]
                          }
                        ]
                      },
                      {
                        "total_bytes_written": 0,
                        "total_bytes_read": 0,
                        "result_set_size": 80208,
                        "operator_name": "PROJECTION",
                        "cpu_time": 0.0,
                        "extra_info": {
                          "Projections": [
                            "__internal_decompress_string(#0)",
                            "__internal_decompress_string(#1)",
                            "#2"
                          ],
                          "Estimated Cardinality": "57577"
                        },
                        "cumulative_cardinality": 0,
                        "operator_type": "PROJECTION",
                        "operator_cardinality": 2228,
                        "cumulative_rows_scanned": 0,
                        "operator_rows_scanned": 0,
                        "operator_timing": 6.0721000000000004e-05,
                        "children": [
                          {
                            "total_bytes_written": 0,
                            "total_bytes_read": 0,
                            "result_set_size": 80208,
                            "operator_name": "HASH_GROUP_BY",
                            "cpu_time": 0.0,
                            "extra_info": {
                              "Groups": [
                                "#0",
                                "#1",
                                "#2"
                              ],
                              "Aggregates": "",
                              "Estimated Cardinality": "57577"
                            },
                            "cumulative_cardinality": 0,
                            "operator_type": "HASH_GROUP_BY",
                            "operator_cardinality": 2228,
                            "cumulative_rows_scanned": 0,
                            "operator_rows_scanned": 0,
                            "operator_timing": 0.013213350999999998,
                            "children": [
                              {
                                "total_bytes_written": 0,
                                "total_bytes_read": 0,
                                "result_set_size": 88992,
                                "operator_name": "PROJECTION",
                                "cpu_time": 0.0,
                                "extra_info": {
                                  "Projections": [
                                    "c_last_name",
                                    "c_first_name",
                                    "d_date"
                                  ],
                                  "Estimated Cardinality": "57577"
                                },
                                "cumulative_cardinality": 0,
                                "operator_type": "PROJECTION",
                                "operator_cardinality": 2472,
                                "cumulative_rows_scanned": 0,
                                "operator_rows_scanned": 0,
                                "operator_timing": 3.0291999999999997e-05,
                                "children": [
                                  {
                                    "total_bytes_written": 0,
                                    "total_bytes_read": 0,
                                    "result_set_size": 88992,
                                    "operator_name": "PROJECTION",
                                    "cpu_time": 0.0,
                                    "extra_info": {
                                      "Projections": [
                                        "__internal_compress_string_uhugeint(#0)",
                                        "__internal_compress_string_uhugeint(#1)",
                                        "#2"
                                      ],
                                      "Estimated Cardinality": "57577"
                                    },
                                    "cumulative_cardinality": 0,
                                    "operator_type": "PROJECTION",
                                    "operator_cardinality": 2472,
                                    "cumulative_rows_scanned": 0,
                                    "operator_rows_scanned": 0,
                                    "operator_timing": 0.000660468,
                                    "children": [
                                      {
                                        "total_bytes_written": 0,
                                        "total_bytes_read": 0,
                                        "result_set_size": 88992,
                                        "operator_name": "PROJECTION",
                                        "cpu_time": 0.0,
                                        "extra_info": {
                                          "Projections": [
                                            "c_last_name",
                                            "c_first_name",
                                            "d_date"
                                          ],
                                          "Estimated Cardinality": "57577"
                                        },
                                        "cumulative_cardinality": 0,
                                        "operator_type": "PROJECTION",
                                        "operator_cardinality": 2472,
                                        "cumulative_rows_scanned": 0,
                                        "operator_rows_scanned": 0,
                                        "operator_timing": 3.4351000000000004e-05,
                                        "children": [
                                          {
                                            "total_bytes_written": 0,
                                            "total_bytes_read": 0,
                                            "result_set_size": 88992,
                                            "operator_name": "HASH_JOIN",
                                            "cpu_time": 0.0,
                                            "extra_info": {
                                              "Join Type": "INNER",
                                              "Conditions": "ws_bill_customer_sk = c_customer_sk",
                                              "Estimated Cardinality": "57577"
                                            },
                                            "cumulative_cardinality": 0,
                                            "operator_type": "HASH_JOIN",
                                            "operator_cardinality": 2472,
                                            "cumulative_rows_scanned": 0,
                                            "operator_rows_scanned": 0,
                                            "operator_timing": 0.0034763100000000003,
                                            "children": [
                                              {
                                                "total_bytes_written": 0,
                                                "total_bytes_read": 0,
                                                "result_set_size": 207896,
                                                "operator_name": "HASH_JOIN",
                                                "cpu_time": 0.0,
                                                "extra_info": {
                                                  "Join Type": "INNER",
                                                  "Conditions": "ws_sold_date_sk = d_date_sk",
                                                  "Estimated Cardinality": "287886"
                                                },
                                                "cumulative_cardinality": 0,
                                                "operator_type": "HASH_JOIN",
                                                "operator_cardinality": 25987,
                                                "cumulative_rows_scanned": 0,
                                                "operator_rows_scanned": 0,
                                                "operator_timing": 0.010741489,
                                                "children": [
                                                  {
                                                    "total_bytes_written": 0,
                                                    "total_bytes_read": 0,
                                                    "result_set_size": 207896,
                                                    "operator_name": "SEQ_SCAN ",
                                                    "cpu_time": 0.0,
                                                    "extra_info": {
                                                      "Table": "web_sales",
                                                      "Type": "Sequential Scan",
                                                      "Projections": [
                                                        "ws_sold_date_sk",
                                                        "ws_bill_customer_sk"
                                                      ],
                                                      "Filters": [
                                                        "ws_list_price>=168.00 AND ws_list_price<=197.00",
                                                        "ws_wholesale_cost>=76.00 AND ws_wholesale_cost<=86.00"
                                                      ],
                                                      "Estimated Cardinality": "1439513"
                                                    },
                                                    "cumulative_cardinality": 0,
                                                    "operator_type": "TABLE_SCAN",
                                                    "operator_cardinality": 25987,
                                                    "cumulative_rows_scanned": 0,
                                                    "operator_rows_scanned": 201531848,
                                                    "operator_timing": 0.057427100999999994,
                                                    "children": []
                                                  },
                                                  {
                                                    "total_bytes_written": 0,
                                                    "total_bytes_read": 0,
                                                    "result_set_size": 2920,
                                                    "operator_name": "FILTER",
                                                    "cpu_time": 0.0,
                                                    "extra_info": {
                                                      "Expression": "(d_date_sk BETWEEN 2450816 AND 2452642)",
                                                      "Estimated Cardinality": "14609"
                                                    },
                                                    "cumulative_cardinality": 0,
                                                    "operator_type": "FILTER",
                                                    "operator_cardinality": 365,
                                                    "cumulative_rows_scanned": 0,
                                                    "operator_rows_scanned": 0,
                                                    "operator_timing": 1.4020000000000001e-05,
                                                    "children": [
                                                      {
                                                        "total_bytes_written": 0,
                                                        "total_bytes_read": 0,
                                                        "result_set_size": 2920,
                                                        "operator_name": "SEQ_SCAN ",
                                                        "cpu_time": 0.0,
                                                        "extra_info": {
                                                          "Table": "date_dim",
                                                          "Type": "Sequential Scan",
                                                          "Projections": [
                                                            "d_date_sk",
                                                            "d_date"
                                                          ],
                                                          "Filters": "d_month_seq>=1213 AND d_month_seq<=1224",
                                                          "Estimated Cardinality": "14609"
                                                        },
                                                        "cumulative_cardinality": 0,
                                                        "operator_type": "TABLE_SCAN",
                                                        "operator_cardinality": 365,
                                                        "cumulative_rows_scanned": 0,
                                                        "operator_rows_scanned": 73049,
                                                        "operator_timing": 0.00020319799999999997,
                                                        "children": []
                                                      }
                                                    ]
                                                  }
                                                ]
                                              },
                                              {
                                                "total_bytes_written": 0,
                                                "total_bytes_read": 0,
                                                "result_set_size": 1765008,
                                                "operator_name": "FILTER",
                                                "cpu_time": 0.0,
                                                "extra_info": {
                                                  "Expression": "(c_customer_sk BETWEEN 2 AND 499998)",
                                                  "Estimated Cardinality": "100000"
                                                },
                                                "cumulative_cardinality": 0,
                                                "operator_type": "FILTER",
                                                "operator_cardinality": 49028,
                                                "cumulative_rows_scanned": 0,
                                                "operator_rows_scanned": 0,
                                                "operator_timing": 0.000277862,
                                                "children": [
                                                  {
                                                    "total_bytes_written": 0,
                                                    "total_bytes_read": 0,
                                                    "result_set_size": 1765008,
                                                    "operator_name": "SEQ_SCAN ",
                                                    "cpu_time": 0.0,
                                                    "extra_info": {
                                                      "Table": "customer",
                                                      "Type": "Sequential Scan",
                                                      "Projections": [
                                                        "c_customer_sk",
                                                        "c_last_name",
                                                        "c_first_name"
                                                      ],
                                                      "Filters": "c_birth_year>=1968 AND c_birth_year<=1974",
                                                      "Estimated Cardinality": "100000"
                                                    },
                                                    "cumulative_cardinality": 0,
                                                    "operator_type": "TABLE_SCAN",
                                                    "operator_cardinality": 49028,
                                                    "cumulative_rows_scanned": 0,
                                                    "operator_rows_scanned": 2500000,
                                                    "operator_timing": 0.006486588999999999,
                                                    "children": []
                                                  }
                                                ]
                                              }
                                            ]
                                          }
                                        ]
                                      }
                                    ]
                                  }
                                ]
                              }
                            ]
                          }
                        ]
                      }
                    ]
                  }
                ]
              }
            ]
          }
        ]
      }
    ]
  },
  "actual_rows": 0
}