{
  "execution_time_ms": 281.7,
  "plan_text": "\u250c\u2500\u2500\u2500\u2500\u2500\u2500\u2500\u2500\u2500\u2500\u2500\u2500\u2500\u2500\u2500\u2500\u2500\u2500\u2500\u2500\u2500\u2500\u2500\u2500\u2500\u2500\u2500\u2500\u2500\u2500\u2500\u2500\u2500\u2500\u2500\u2500\u2500\u2510\n\u2502\u250c\u2500\u2500\u2500\u2500\u2500\u2500\u2500\u2500\u2500\u2500\u2500\u2500\u2500\u2500\u2500\u2500\u2500\u2500\u2500\u2500\u2500\u2500\u2500\u2500\u2500\u2500\u2500\u2500\u2500\u2500\u2500\u2500\u2500\u2500\u2500\u2510\u2502\n\u2502\u2502    Query Profiling Information    \u2502\u2502\n\u2502\u2514\u2500\u2500\u2500\u2500\u2500\u2500\u2500\u2500\u2500\u2500\u2500\u2500\u2500\u2500\u2500\u2500\u2500\u2500\u2500\u2500\u2500\u2500\u2500\u2500\u2500\u2500\u2500\u2500\u2500\u2500\u2500\u2500\u2500\u2500\u2500\u2518\u2502\n\u2514\u2500\u2500\u2500\u2500\u2500\u2500\u2500\u2500\u2500\u2500\u2500\u2500\u2500\u2500\u2500\u2500\u2500\u2500\u2500\u2500\u2500\u2500\u2500\u2500\u2500\u2500\u2500\u2500\u2500\u2500\u2500\u2500\u2500\u2500\u2500\u2500\u2500\u2518\nEXPLAIN ANALYZE with ss_items as  (select i_item_id item_id        ,c_birth_year birth_year         ,sum(ss_ext_sales_price) ss_item_rev  from store_sales      ,item      ,date_dim      ,customer  where ss_item_sk = i_item_sk    and d_date in (select d_date                   from date_dim                   where d_month_seq = (select d_month_seq                                       from date_dim                                       where d_date = '1998-05-19'))    and ss_sold_date_sk   = d_date_sk    and ss_list_price between 242 and 271    and i_manager_id BETWEEN 71 and 100    and ss_customer_sk = c_customer_sk    and c_birth_year BETWEEN 1945 AND 1951 group by i_item_id, c_birth_year),  cs_items as  (select i_item_id item_id         ,c_birth_year birth_year         ,sum(cs_ext_sales_price) cs_item_rev   from catalog_sales       ,item       ,date_dim       ,customer  where cs_item_sk = i_item_sk   and  d_date in (select d_date                   from date_dim                   where d_month_seq = (select d_month_seq                                       from date_dim                                       where d_date = '1998-05-19'))   and  cs_sold_date_sk = d_date_sk   and  cs_list_price between 242 and 271   and i_manager_id BETWEEN 71 and 100   and cs_bill_customer_sk = c_customer_sk   and c_birth_year BETWEEN 1945 AND 1951 group by i_item_id, c_birth_year),  ws_items as  (select i_item_id item_id       ,c_birth_year birth_year         ,sum(ws_ext_sales_price) ws_item_rev   from web_sales       ,item       ,date_dim       ,customer  where ws_item_sk = i_item_sk   and  d_date in (select d_date                   from date_dim                   where d_month_seq = (select d_month_seq                                      from date_dim                                      where d_date = '1998-05-19'))   and ws_sold_date_sk   = d_date_sk   and ws_list_price between 242 and 271   and i_manager_id BETWEEN 71 and 100   and ws_bill_customer_sk = c_customer_sk   and c_birth_year BETWEEN 1945 AND 1951 group by i_item_id, c_birth_year)   select  ss_items.item_id, ss_items.birth_year        ,ss_item_rev        ,ss_item_rev/((ss_item_rev+cs_item_rev+ws_item_rev)/3) * 100 ss_dev        ,cs_item_rev        ,cs_item_rev/((ss_item_rev+cs_item_rev+ws_item_rev)/3) * 100 cs_dev        ,ws_item_rev        ,ws_item_rev/((ss_item_rev+cs_item_rev+ws_item_rev)/3) * 100 ws_dev        ,(ss_item_rev+cs_item_rev+ws_item_rev)/3 average  from ss_items,cs_items,ws_items  where ss_items.item_id=cs_items.item_id    and ss_items.item_id=ws_items.item_id    and ss_items.birth_year = cs_items.birth_year    and ss_items.birth_year = ws_items.birth_year    and ss_item_rev between 0.9 * cs_item_rev and 1.1 * cs_item_rev    and ss_item_rev between 0.9 * ws_item_rev and 1.1 * ws_item_rev    and cs_item_rev between 0.9 * ss_item_rev and 1.1 * ss_item_rev    and cs_item_rev between 0.9 * ws_item_rev and 1.1 * ws_item_rev    and ws_item_rev between 0.9 * ss_item_rev and 1.1 * ss_item_rev    and ws_item_rev between 0.9 * cs_item_rev and 1.1 * cs_item_rev  order by ss_items.item_id, ss_items.birth_year          ,ss_item_rev  limit 100\n\u250c\u2500\u2500\u2500\u2500\u2500\u2500\u2500\u2500\u2500\u2500\u2500\u2500\u2500\u2500\u2500\u2500\u2500\u2500\u2500\u2500\u2500\u2500\u2500\u2500\u2500\u2500\u2500\u2500\u2500\u2500\u2500\u2500\u2500\u2500\u2500\u2500\u2500\u2500\u2500\u2500\u2500\u2500\u2500\u2500\u2500\u2500\u2500\u2500\u2510\n\u2502\u250c\u2500\u2500\u2500\u2500\u2500\u2500\u2500\u2500\u2500\u2500\u2500\u2500\u2500\u2500\u2500\u2500\u2500\u2500\u2500\u2500\u2500\u2500\u2500\u2500\u2500\u2500\u2500\u2500\u2500\u2500\u2500\u2500\u2500\u2500\u2500\u2500\u2500\u2500\u2500\u2500\u2500\u2500\u2500\u2500\u2500\u2500\u2510\u2502\n\u2502\u2502              Total Time: 0.0196s             \u2502\u2502\n\u2502\u2514\u2500\u2500\u2500\u2500\u2500\u2500\u2500\u2500\u2500\u2500\u2500\u2500\u2500\u2500\u2500\u2500\u2500\u2500\u2500\u2500\u2500\u2500\u2500\u2500\u2500\u2500\u2500\u2500\u2500\u2500\u2500\u2500\u2500\u2500\u2500\u2500\u2500\u2500\u2500\u2500\u2500\u2500\u2500\u2500\u2500\u2500\u2518\u2502\n\u2514\u2500\u2500\u2500\u2500\u2500\u2500\u2500\u2500\u2500\u2500\u2500\u2500\u2500\u2500\u2500\u2500\u2500\u2500\u2500\u2500\u2500\u2500\u2500\u2500\u2500\u2500\u2500\u2500\u2500\u2500\u2500\u2500\u2500\u2500\u2500\u2500\u2500\u2500\u2500\u2500\u2500\u2500\u2500\u2500\u2500\u2500\u2500\u2500\u2518\n\u250c\u2500\u2500\u2500\u2500\u2500\u2500\u2500\u2500\u2500\u2500\u2500\u2500\u2500\u2510\n\u2502    QUERY    \u2502\n\u2514\u2500\u2500\u2500\u2500\u2500\u2500\u252c\u2500\u2500\u2500\u2500\u2500\u2500\u2518\n\u250c\u2500\u2500\u2500\u2500\u2500\u2500\u2534\u2500\u2500\u2500\u2500\u2500\u2500\u2510\n\u2502EXPLAIN_...  \u2502\n\u2502    \u2500\u2500\u2500\u2500\u2500\u2500   \u2502\n\u2502    0 rows   \u2502\n\u2502   (0.00s)   \u2502\n\u2514\u2500\u2500\u2500\u2500\u2500\u2500\u252c\u2500\u2500\u2500\u2500\u2500\u2500\u2518\n\u250c\u2500\u2500\u2500\u2500\u2500\u2500\u2534\u2500\u2500\u2500\u2500\u2500\u2500\u2510\n\u2502    TOP_N    \u2502\n\u2502    \u2500\u2500\u2500\u2500\u2500\u2500   \u2502\n\u2502     Top:    \u2502\n\u2502     100     \u2502\n\u2502             \u2502\n\u2502  Order By:  \u2502\n\u2502   ss_items  \u2502\n\u2502 .item_id ASC\u2502\n\u2502   ss_items  \u2502\n\u2502 .birth_year \u2502\n\u2502      ASC    \u2502\n\u2502   ss_items  \u2502\n\u2502 .ss_item_rev\u2502\n\u2502      ASC    \u2502\n\u2502             \u2502\n\u2502    0 rows   \u2502\n\u2502   (0.00s)   \u2502\n\u2514\u2500\u2500\u2500\u2500\u2500\u2500\u252c\u2500\u2500\u2500\u2500\u2500\u2500\u2518\n\u250c\u2500\u2500\u2500\u2500\u2500\u2500\u2534\u2500\u2500\u2500\u2500\u2500\u2500\u2510\n\u2502  PROJECTION \u2502\n\u2502    \u2500\u2500\u2500\u2500\u2500\u2500   \u2502\n\u2502   item_id   \u2502\n\u2502  birth_year \u2502\n\u2502 ss_item_rev \u2502\n\u2502    ss_dev   \u2502\n\u2502 cs_item_rev \u2502\n\u2502    cs_dev   \u2502\n\u2502 ws_item_rev \u2502\n\u2502    ws_dev   \u2502\n\u2502   average   \u2502\n\u2502             \u2502\n\u2502    0 rows   \u2502\n\u2502   (0.00s)   \u2502\n\u2514\u2500\u2500\u2500\u2500\u2500\u2500\u252c\u2500\u2500\u2500\u2500\u2500\u2500\u2518\n\u250c\u2500\u2500\u2500\u2500\u2500\u2500\u2534\u2500\u2500\u2500\u2500\u2500\u2500\u2510\n\u2502  PROJECTION \u2502\n\u2502    \u2500\u2500\u2500\u2500\u2500\u2500   \u2502\n\u2502   item_id   \u2502\n\u2502  birth_year \u2502\n\u2502 ss_item_rev \u2502\n\u2502(CAST(((ss_it\u2502\n\u2502   em_rev +  \u2502\n\u2502  cs_item_rev\u2502\n\u2502) + ws_item_r\u2502\n\u2502ev) AS DOUBLE\u2502\n\u2502   ) / 3.0)  \u2502\n\u2502 cs_item_rev \u2502\n\u2502 ws_item_rev \u2502\n\u2502             \u2502\n\u2502    0 rows   \u2502\n\u2502   (0.00s)   \u2502\n\u2514\u2500\u2500\u2500\u2500\u2500\u2500\u252c\u2500\u2500\u2500\u2500\u2500\u2500\u2518\n\u250c\u2500\u2500\u2500\u2500\u2500\u2500\u2534\u2500\u2500\u2500\u2500\u2500\u2500\u2510\n\u2502  HASH_JOIN  \u2502\n\u2502    \u2500\u2500\u2500\u2500\u2500\u2500   \u2502\n\u2502  Join Type: \u2502\n\u2502    INNER    \u2502\n\u2502             \u2502\n\u2502 Conditions: \u2502\n\u2502  item_id =  \u2502\n\u2502    item_id  \u2502\n\u2502 birth_year =\u2502\n\u2502  birth_year \u2502\n\u2502(0.9 * ws_ite\u2502\n\u2502  m_rev) <=  \u2502\n\u2502 CAST(ss_item\u2502\n\u2502_rev AS DECIM\u2502\n\u2502  AL(38,3))  \u2502\n\u2502CAST(ws_item_\u2502\n\u2502rev AS DECIMA\u2502\n\u2502 L(38,3)) >= \u2502\n\u2502(0.9 * ss_ite\u2502\n\u2502    m_rev)   \u2502\n\u2502(1.1 * ws_ite\u2502\n\u2502  m_rev) >=  \u2502\n\u2502 CAST(ss_item\u2502\n\u2502_rev AS DECIM\u2502\n\u2502  AL(38,3))  \u2502\n\u2502CAST(ws_item_\u2502\n\u2502rev AS DECIMA\u251c\u2500\u2500\u2500\u2500\u2500\u2500\u2500\u2500\u2500\u2500\u2500\u2500\u2500\u2500\u2500\u2500\u2500\u2500\u2500\u2500\u2500\u2500\u2500\u2500\u2500\u2500\u2500\u2500\u2500\u2500\u2500\u2500\u2500\u2500\u2500\u2500\u2500\u2500\u2500\u2500\u2500\u2500\u2500\u2500\u2500\u2500\u2500\u2500\u2500\u2500\u2500\u2500\u2500\u2500\u2500\u2500\u2500\u2500\u2500\u2500\u2500\u2500\u2500\u2500\u2500\u2500\u2500\u2500\u2500\u2500\u2500\u2500\u2500\u2500\u2500\u2500\u2500\u2500\u2500\u2500\u2500\u2500\u2500\u2500\u2500\u2500\u2500\u2500\u2500\u2500\u2500\u2500\u2500\u2500\u2500\u2500\u2500\u2500\u2500\u2500\u2500\u2500\u2500\u2500\u2500\u2500\u2500\u2500\u2500\u2500\u2500\u2500\u2500\u2500\u2500\u2500\u2500\u2500\u2500\u2500\u2500\u2500\u2500\u2500\u2500\u2500\u2500\u2500\u2500\u2500\u2500\u2500\u2500\u2500\u2500\u2500\u2500\u2500\u2500\u2500\u2500\u2500\u2500\u2500\u2500\u2500\u2500\u2500\u2500\u2500\u2500\u2500\u2500\u2500\u2500\u2500\u2500\u2500\u2500\u2500\u2500\u2500\u2500\u2500\u2500\u2500\u2500\u2500\u2500\u2500\u2500\u2500\u2510\n\u2502 L(38,3)) <= \u2502                                                                                                                                                                            \u2502\n\u2502(1.1 * ss_ite\u2502                                                                                                                                                                            \u2502\n\u2502    m_rev)   \u2502                                                                                                                                                                            \u2502\n\u2502(0.9 * cs_ite\u2502                                                                                                                                                                            \u2502\n\u2502  m_rev) <=  \u2502                                                                                                                                                                            \u2502\n\u2502 CAST(ss_item\u2502                                                                                                                                                                            \u2502\n\u2502_rev AS DECIM\u2502                                                                                                                                                                            \u2502\n\u2502  AL(38,3))  \u2502                                                                                                                                                                            \u2502\n\u2502CAST(cs_item_\u2502                                                                                                                                                                            \u2502\n\u2502rev AS DECIMA\u2502                                                                                                                                                                            \u2502\n\u2502 L(38,3)) >= \u2502                                                                                                                                                                            \u2502\n\u2502(0.9 * ss_ite\u2502                                                                                                                                                                            \u2502\n\u2502    m_rev)   \u2502                                                                                                                                                                            \u2502\n\u2502(1.1 * cs_ite\u2502                                                                                                                                                                            \u2502\n\u2502  m_rev) >=  \u2502                                                                                                                                                                            \u2502\n\u2502 CAST(ss_item\u2502                                                                                                                                                                            \u2502\n\u2502_rev AS DECIM\u2502                                                                                                                                                                            \u2502\n\u2502  AL(38,3))  \u2502                                                                                                                                                                            \u2502\n\u2502CAST(cs_item_\u2502                                                                                                                                                                            \u2502\n\u2502rev AS DECIMA\u2502                                                                                                                                                                            \u2502\n\u2502 L(38,3)) <= \u2502                                                                                                                                                                            \u2502\n\u2502(1.1 * ss_ite\u2502                                                                                                                                                                            \u2502\n\u2502    m_rev)   \u2502                                                                                                                                                                            \u2502\n\u2502             \u2502                                                                                                                                                                            \u2502\n\u2502    0 rows   \u2502                                                                                                                                                                            \u2502\n\u2502   (0.00s)   \u2502                                                                                                                                                                            \u2502\n\u2514\u2500\u2500\u2500\u2500\u2500\u2500\u252c\u2500\u2500\u2500\u2500\u2500\u2500\u2518                                                                                                                                                                            \u2502\n\u250c\u2500\u2500\u2500\u2500\u2500\u2500\u2534\u2500\u2500\u2500\u2500\u2500\u2500\u2510                                                                                                                                                                     \u250c\u2500\u2500\u2500\u2500\u2500\u2500\u2534\u2500\u2500\u2500\u2500\u2500\u2500\u2510\n\u2502  HASH_JOIN  \u2502                                                                                                                                                                     \u2502  PROJECTION \u2502\n\u2502    \u2500\u2500\u2500\u2500\u2500\u2500   \u2502                                                                                                                                                                     \u2502    \u2500\u2500\u2500\u2500\u2500\u2500   \u2502\n\u2502  Join Type: \u2502                                                                                                                                                                     \u2502      #0     \u2502\n\u2502    INNER    \u2502                                                                                                                                                                     \u2502__internal_de\u2502\n\u2502             \u2502                                                                                                                                                                     \u2502compress_inte\u2502\n\u2502 Conditions: \u2502                                                                                                                                                                     \u2502 gral_integer\u2502\n\u2502  item_id =  \u2502                                                                                                                                                                     \u2502  (#1, 1945) \u2502\n\u2502    item_id  \u2502                                                                                                                                                                     \u2502      #2     \u2502\n\u2502 birth_year =\u2502                                                                                                                                                                     \u2502             \u2502\n\u2502  birth_year \u2502                                                                                                                                                                     \u2502             \u2502\n\u2502CAST(cs_item_\u2502                                                                                                                                                                     \u2502             \u2502\n\u2502rev AS DECIMA\u2502                                                                                                                                                                     \u2502             \u2502\n\u2502 L(38,3)) >= \u2502                                                                                                                                                                     \u2502             \u2502\n\u2502(0.9 * ws_ite\u2502                                                                                                                                                                     \u2502             \u2502\n\u2502    m_rev)   \u2502                                                                                                                                                                     \u2502             \u2502\n\u2502(0.9 * cs_ite\u2502                                                                                                                                                                     \u2502             \u2502\n\u2502  m_rev) <=  \u251c\u2500\u2500\u2500\u2500\u2500\u2500\u2500\u2500\u2500\u2500\u2500\u2500\u2500\u2500\u2500\u2500\u2500\u2500\u2500\u2500\u2500\u2500\u2500\u2500\u2500\u2500\u2500\u2500\u2500\u2500\u2500\u2500\u2500\u2500\u2500\u2500\u2500\u2500\u2500\u2500\u2500\u2500\u2500\u2500\u2500\u2500\u2500\u2500\u2500\u2500\u2500\u2500\u2500\u2500\u2500\u2500\u2500\u2500\u2500\u2500\u2500\u2500\u2500\u2500\u2500\u2500\u2500\u2500\u2500\u2500\u2500\u2500\u2500\u2500\u2500\u2500\u2500\u2500\u2500\u2500\u2500\u2500\u2510                                                                                  \u2502             \u2502\n\u2502 CAST(ws_item\u2502                                                                                  \u2502                                                                                  \u2502             \u2502\n\u2502_rev AS DECIM\u2502                                                                                  \u2502                                                                                  \u2502             \u2502\n\u2502  AL(38,3))  \u2502                                                                                  \u2502                                                                                  \u2502             \u2502\n\u2502CAST(cs_item_\u2502                                                                                  \u2502                                                                                  \u2502             \u2502\n\u2502rev AS DECIMA\u2502                                                                                  \u2502                                                                                  \u2502             \u2502\n\u2502 L(38,3)) <= \u2502                                                                                  \u2502                                                                                  \u2502             \u2502\n\u2502(1.1 * ws_ite\u2502                                                                                  \u2502                                                                                  \u2502             \u2502\n\u2502    m_rev)   \u2502                                                                                  \u2502                                                                                  \u2502             \u2502\n\u2502(1.1 * cs_ite\u2502                                                                                  \u2502                                                                                  \u2502             \u2502\n\u2502  m_rev) >=  \u2502                                                                                  \u2502                                                                                  \u2502             \u2502\n\u2502 CAST(ws_item\u2502                                                                                  \u2502                                                                                  \u2502             \u2502\n\u2502_rev AS DECIM\u2502                                                                                  \u2502                                                                                  \u2502             \u2502\n\u2502  AL(38,3))  \u2502                                                                                  \u2502                                                                                  \u2502             \u2502\n\u2502             \u2502                                                                                  \u2502                                                                                  \u2502             \u2502\n\u2502    0 rows   \u2502                                                                                  \u2502                                                                                  \u2502    0 rows   \u2502\n\u2502   (0.00s)   \u2502                                                                                  \u2502                                                                                  \u2502   (0.00s)   \u2502\n\u2514\u2500\u2500\u2500\u2500\u2500\u2500\u252c\u2500\u2500\u2500\u2500\u2500\u2500\u2518                                                                                  \u2502                                                                                  \u2514\u2500\u2500\u2500\u2500\u2500\u2500\u252c\u2500\u2500\u2500\u2500\u2500\u2500\u2518\n\u250c\u2500\u2500\u2500\u2500\u2500\u2500\u2534\u2500\u2500\u2500\u2500\u2500\u2500\u2510                                                                           \u250c\u2500\u2500\u2500\u2500\u2500\u2500\u2534\u2500\u2500\u2500\u2500\u2500\u2500\u2510                                                                           \u250c\u2500\u2500\u2500\u2500\u2500\u2500\u2534\u2500\u2500\u2500\u2500\u2500\u2500\u2510\n\u2502  PROJECTION \u2502                                                                           \u2502  PROJECTION \u2502                                                                           \u2502HASH_GROUP_BY\u2502\n\u2502    \u2500\u2500\u2500\u2500\u2500\u2500   \u2502                                                                           \u2502    \u2500\u2500\u2500\u2500\u2500\u2500   \u2502                                                                           \u2502    \u2500\u2500\u2500\u2500\u2500\u2500   \u2502\n\u2502      #0     \u2502                                                                           \u2502      #0     \u2502                                                                           \u2502   Groups:   \u2502\n\u2502__internal_de\u2502                                                                           \u2502__internal_de\u2502                                                                           \u2502      #0     \u2502\n\u2502compress_inte\u2502                                                                           \u2502compress_inte\u2502                                                                           \u2502      #1     \u2502\n\u2502 gral_integer\u2502                                                                           \u2502 gral_integer\u2502                                                                           \u2502             \u2502\n\u2502  (#1, 1945) \u2502                                                                           \u2502  (#1, 1945) \u2502                                                                           \u2502 Aggregates: \u2502\n\u2502      #2     \u2502                                                                           \u2502      #2     \u2502                                                                           \u2502   sum(#2)   \u2502\n\u2502             \u2502                                                                           \u2502             \u2502                                                                           \u2502             \u2502\n\u2502   25 rows   \u2502                                                                           \u2502   13 rows   \u2502                                                                           \u2502    0 rows   \u2502\n\u2502   (0.00s)   \u2502                                                                           \u2502   (0.00s)   \u2502                                                                           \u2502   (0.00s)   \u2502\n\u2514\u2500\u2500\u2500\u2500\u2500\u2500\u252c\u2500\u2500\u2500\u2500\u2500\u2500\u2518                                                                           \u2514\u2500\u2500\u2500\u2500\u2500\u2500\u252c\u2500\u2500\u2500\u2500\u2500\u2500\u2518                                                                           \u2514\u2500\u2500\u2500\u2500\u2500\u2500\u252c\u2500\u2500\u2500\u2500\u2500\u2500\u2518\n\u250c\u2500\u2500\u2500\u2500\u2500\u2500\u2534\u2500\u2500\u2500\u2500\u2500\u2500\u2510                                                                           \u250c\u2500\u2500\u2500\u2500\u2500\u2500\u2534\u2500\u2500\u2500\u2500\u2500\u2500\u2510                                                                           \u250c\u2500\u2500\u2500\u2500\u2500\u2500\u2534\u2500\u2500\u2500\u2500\u2500\u2500\u2510\n\u2502HASH_GROUP_BY\u2502                                                                           \u2502HASH_GROUP_BY\u2502                                                                           \u2502  PROJECTION \u2502\n\u2502    \u2500\u2500\u2500\u2500\u2500\u2500   \u2502                                                                           \u2502    \u2500\u2500\u2500\u2500\u2500\u2500   \u2502                                                                           \u2502    \u2500\u2500\u2500\u2500\u2500\u2500   \u2502\n\u2502   Groups:   \u2502                                                                           \u2502   Groups:   \u2502                                                                           \u2502  i_item_id  \u2502\n\u2502      #0     \u2502                                                                           \u2502      #0     \u2502                                                                           \u2502 c_birth_year\u2502\n\u2502      #1     \u2502                                                                           \u2502      #1     \u2502                                                                           \u2502ss_ext_sales_\u2502\n\u2502             \u2502                                                                           \u2502             \u2502                                                                           \u2502    price    \u2502\n\u2502 Aggregates: \u2502                                                                           \u2502 Aggregates: \u2502                                                                           \u2502             \u2502\n\u2502   sum(#2)   \u2502                                                                           \u2502   sum(#2)   \u2502                                                                           \u2502             \u2502\n\u2502             \u2502                                                                           \u2502             \u2502                                                                           \u2502             \u2502\n\u2502   25 rows   \u2502                                                                           \u2502   13 rows   \u2502                                                                           \u2502    0 rows   \u2502\n\u2502   (0.00s)   \u2502                                                                           \u2502   (0.00s)   \u2502                                                                           \u2502   (0.00s)   \u2502\n\u2514\u2500\u2500\u2500\u2500\u2500\u2500\u252c\u2500\u2500\u2500\u2500\u2500\u2500\u2518                                                                           \u2514\u2500\u2500\u2500\u2500\u2500\u2500\u252c\u2500\u2500\u2500\u2500\u2500\u2500\u2518                                                                           \u2514\u2500\u2500\u2500\u2500\u2500\u2500\u252c\u2500\u2500\u2500\u2500\u2500\u2500\u2518\n\u250c\u2500\u2500\u2500\u2500\u2500\u2500\u2534\u2500\u2500\u2500\u2500\u2500\u2500\u2510                                                                           \u250c\u2500\u2500\u2500\u2500\u2500\u2500\u2534\u2500\u2500\u2500\u2500\u2500\u2500\u2510                                                                           \u250c\u2500\u2500\u2500\u2500\u2500\u2500\u2534\u2500\u2500\u2500\u2500\u2500\u2500\u2510\n\u2502  PROJECTION \u2502                                                                           \u2502  PROJECTION \u2502                                                                           \u2502  PROJECTION \u2502\n\u2502    \u2500\u2500\u2500\u2500\u2500\u2500   \u2502                                                                           \u2502    \u2500\u2500\u2500\u2500\u2500\u2500   \u2502                                                                           \u2502    \u2500\u2500\u2500\u2500\u2500\u2500   \u2502\n\u2502  i_item_id  \u2502                                                                           \u2502  i_item_id  \u2502                                                                           \u2502      #0     \u2502\n\u2502 c_birth_year\u2502                                                                           \u2502 c_birth_year\u2502                                                                           \u2502__internal_co\u2502\n\u2502cs_ext_sales_\u2502                                                                           \u2502ws_ext_sales_\u2502                                                                           \u2502mpress_integr\u2502\n\u2502    price    \u2502                                                                           \u2502    price    \u2502                                                                           \u2502 al_utinyint(\u2502\n\u2502             \u2502                                                                           \u2502             \u2502                                                                           \u2502  #1, 1945)  \u2502\n\u2502             \u2502                                                                           \u2502             \u2502                                                                           \u2502      #2     \u2502\n\u2502             \u2502                                                                           \u2502             \u2502                                                                           \u2502             \u2502\n\u2502   25 rows   \u2502                                                                           \u2502   13 rows   \u2502                                                                           \u2502    0 rows   \u2502\n\u2502   (0.00s)   \u2502                                                                           \u2502   (0.00s)   \u2502                                                                           \u2502   (0.00s)   \u2502\n\u2514\u2500\u2500\u2500\u2500\u2500\u2500\u252c\u2500\u2500\u2500\u2500\u2500\u2500\u2518                                                                           \u2514\u2500\u2500\u2500\u2500\u2500\u2500\u252c\u2500\u2500\u2500\u2500\u2500\u2500\u2518                                                                           \u2514\u2500\u2500\u2500\u2500\u2500\u2500\u252c\u2500\u2500\u2500\u2500\u2500\u2500\u2518\n\u250c\u2500\u2500\u2500\u2500\u2500\u2500\u2534\u2500\u2500\u2500\u2500\u2500\u2500\u2510                                                                           \u250c\u2500\u2500\u2500\u2500\u2500\u2500\u2534\u2500\u2500\u2500\u2500\u2500\u2500\u2510                                                                           \u250c\u2500\u2500\u2500\u2500\u2500\u2500\u2534\u2500\u2500\u2500\u2500\u2500\u2500\u2510\n\u2502  PROJECTION \u2502                                                                           \u2502  PROJECTION \u2502                                                                           \u2502  HASH_JOIN  \u2502\n\u2502    \u2500\u2500\u2500\u2500\u2500\u2500   \u2502                                                                           \u2502    \u2500\u2500\u2500\u2500\u2500\u2500   \u2502                                                                           \u2502    \u2500\u2500\u2500\u2500\u2500\u2500   \u2502\n\u2502      #0     \u2502                                                                           \u2502      #0     \u2502                                                                           \u2502  Join Type: \u2502\n\u2502__internal_co\u2502                                                                           \u2502__internal_co\u2502                                                                           \u2502    INNER    \u2502\n\u2502mpress_integr\u2502                                                                           \u2502mpress_integr\u2502                                                                           \u2502             \u2502\n\u2502 al_utinyint(\u2502                                                                           \u2502 al_utinyint(\u2502                                                                           \u2502 Conditions: \u251c\u2500\u2500\u2500\u2500\u2500\u2500\u2500\u2500\u2500\u2500\u2500\u2500\u2500\u2500\u2500\u2500\u2500\u2500\u2500\u2500\u2500\u2500\u2500\u2500\u2500\u2500\u2500\u2500\u2500\u2500\u2500\u2500\u2500\u2500\u2500\u2500\u2500\u2500\u2500\u2500\u2500\u2500\u2500\u2500\u2500\n\u2502  #1, 1945)  \u2502                                                                           \u2502  #1, 1945)  \u2502                                                                           \u2502 ss_item_sk =\u2502                                             \n\u2502      #2     \u2502                                                                           \u2502      #2     \u2502                                                                           \u2502   i_item_sk \u2502                                             \n\u2502             \u2502                                                                           \u2502             \u2502                                                                           \u2502             \u2502                                             \n\u2502   25 rows   \u2502                                                                           \u2502   13 rows   \u2502                                                                           \u2502    0 rows   \u2502                                             \n\u2502   (0.00s)   \u2502                                                                           \u2502   (0.00s)   \u2502                                                                           \u2502   (0.00s)   \u2502                                             \n\u2514\u2500\u2500\u2500\u2500\u2500\u2500\u252c\u2500\u2500\u2500\u2500\u2500\u2500\u2518                                                                           \u2514\u2500\u2500\u2500\u2500\u2500\u2500\u252c\u2500\u2500\u2500\u2500\u2500\u2500\u2518                                                                           \u2514\u2500\u2500\u2500\u2500\u2500\u2500\u252c\u2500\u2500\u2500\u2500\u2500\u2500\u2518                                             \n\u250c\u2500\u2500\u2500\u2500\u2500\u2500\u2534\u2500\u2500\u2500\u2500\u2500\u2500\u2510                                                                           \u250c\u2500\u2500\u2500\u2500\u2500\u2500\u2534\u2500\u2500\u2500\u2500\u2500\u2500\u2510                                                                           \u250c\u2500\u2500\u2500\u2500\u2500\u2500\u2534\u2500\u2500\u2500\u2500\u2500\u2500\u2510                                             \n\u2502  HASH_JOIN  \u2502                                                                           \u2502  HASH_JOIN  \u2502                                                                           \u2502  HASH_JOIN  \u2502                                             \n\u2502    \u2500\u2500\u2500\u2500\u2500\u2500   \u2502                                                                           \u2502    \u2500\u2500\u2500\u2500\u2500\u2500   \u2502                                                                           \u2502    \u2500\u2500\u2500\u2500\u2500\u2500   \u2502                                             \n\u2502  Join Type: \u2502                                                                           \u2502  Join Type: \u2502                                                                           \u2502  Join Type: \u2502                                             \n\u2502    INNER    \u2502                                                                           \u2502    INNER    \u2502                                                                           \u2502    INNER    \u2502                                             \n\u2502             \u2502                                                                           \u2502             \u2502                                                                           \u2502             \u2502                                             \n\u2502 Conditions: \u2502                                                                           \u2502 Conditions: \u2502                                                                           \u2502 Conditions: \u2502                                             \n\u2502 cs_item_sk =\u2502                                                                           \u2502 ws_item_sk =\u2502                                                                           \u2502ss_sold_date_\u2502                                             \n\u2502   i_item_sk \u2502                                                                           \u2502   i_item_sk \u2502                                                                           \u2502sk = d_date_s\u2502                                             \n\u2502             \u2502                                                                           \u2502             \u2502                                                                           \u2502      k      \u2502                                             \n\u2502             \u2502                                                                           \u2502             \u2502                                                                           \u2502             \u2502                                             \n\u2502             \u251c\u2500\u2500\u2500\u2500\u2500\u2500\u2500\u2500\u2500\u2500\u2500\u2500\u2500\u2500\u2500\u2500\u2500\u2500\u2500\u2500\u2500\u2500\u2500\u2500\u2500\u2500\u2500\u2500\u2500\u2500\u2500\u2500\u2500\u2500\u2500\u2500\u2500\u2500\u2500\u2500\u2500\u2500\u2500\u2500\u2500\u2500\u2500\u2500\u2500\u2500\u2500\u2500\u2500\u2500\u2500\u2500\u2500\u2500\u2500\u2500\u2500\u2500\u2500\u2500\u2500\u2500\u2500\u2510       \u2502             \u251c\u2500\u2500\u2500\u2500\u2500\u2500\u2500\u2500\u2500\u2500\u2500\u2500\u2500\u2500\u2500\u2500\u2500\u2500\u2500\u2500\u2500\u2500\u2500\u2500\u2500\u2500\u2500\u2500\u2500\u2500\u2500\u2500\u2500\u2500\u2500\u2500\u2500\u2500\u2500\u2500\u2500\u2500\u2500\u2500\u2500\u2500\u2500\u2500\u2500\u2500\u2500\u2500\u2500\u2500\u2500\u2500\u2500\u2500\u2500\u2500\u2500\u2500\u2500\u2500\u2500\u2500\u2500\u2510       \u2502             \u251c\u2500\u2500\u2500\u2500\u2500\u2500\u2500\u2500\u2500\u2500\u2500\u2500\u2500\u2500\u2500\u2500\u2500\u2500\u2500\u2500\u2500\u2500\u2510                      \n\u2502             \u2502                                                                   \u2502       \u2502             \u2502                                                                   \u2502       \u2502             \u2502                      \u2502                      \n\u2502             \u2502                                                                   \u2502       \u2502             \u2502                                                                   \u2502       \u2502             \u2502                      \u2502                      \n\u2502             \u2502                                                                   \u2502       \u2502             \u2502                                                                   \u2502       \u2502             \u2502                      \u2502                      \n\u2502             \u2502                                                                   \u2502       \u2502             \u2502                                                                   \u2502       \u2502             \u2502                      \u2502                      \n\u2502             \u2502                                                                   \u2502       \u2502             \u2502                                                                   \u2502       \u2502             \u2502                      \u2502                      \n\u2502             \u2502                                                                   \u2502       \u2502             \u2502                                                                   \u2502       \u2502             \u2502                      \u2502                      \n\u2502             \u2502                                                                   \u2502       \u2502             \u2502                                                                   \u2502       \u2502             \u2502                      \u2502                      \n\u2502             \u2502                                                                   \u2502       \u2502             \u2502                                                                   \u2502       \u2502             \u2502                      \u2502                      \n\u2502   25 rows   \u2502                                                                   \u2502       \u2502   13 rows   \u2502                                                                   \u2502       \u2502    0 rows   \u2502                      \u2502                      \n\u2502   (0.00s)   \u2502                                                                   \u2502       \u2502   (0.00s)   \u2502                                                                   \u2502       \u2502   (0.00s)   \u2502                      \u2502                      \n\u2514\u2500\u2500\u2500\u2500\u2500\u2500\u252c\u2500\u2500\u2500\u2500\u2500\u2500\u2518                                                                   \u2502       \u2514\u2500\u2500\u2500\u2500\u2500\u2500\u252c\u2500\u2500\u2500\u2500\u2500\u2500\u2518                                                                   \u2502       \u2514\u2500\u2500\u2500\u2500\u2500\u2500\u252c\u2500\u2500\u2500\u2500\u2500\u2500\u2518                      \u2502                      \n\u250c\u2500\u2500\u2500\u2500\u2500\u2500\u2534\u2500\u2500\u2500\u2500\u2500\u2500\u2510                                                            \u250c\u2500\u2500\u2500\u2500\u2500\u2500\u2534\u2500\u2500\u2500\u2500\u2500\u2500\u2510\u250c\u2500\u2500\u2500\u2500\u2500\u2500\u2534\u2500\u2500\u2500\u2500\u2500\u2500\u2510                                                            \u250c\u2500\u2500\u2500\u2500\u2500\u2500\u2534\u2500\u2500\u2500\u2500\u2500\u2500\u2510\u250c\u2500\u2500\u2500\u2500\u2500\u2500\u2534\u2500\u2500\u2500\u2500\u2500\u2500\u2510               \u250c\u2500\u2500\u2500\u2500\u2500\u2500\u2534\u2500\u2500\u2500\u2500\u2500\u2500\u2510\n\u2502  HASH_JOIN  \u2502                                                            \u2502  TABLE_SCAN \u2502\u2502  HASH_JOIN  \u2502                                                            \u2502  TABLE_SCAN \u2502\u2502  HASH_JOIN  \u2502               \u2502  HASH_JOIN  \u2502\n\u2502    \u2500\u2500\u2500\u2500\u2500\u2500   \u2502                                                            \u2502    \u2500\u2500\u2500\u2500\u2500\u2500   \u2502\u2502    \u2500\u2500\u2500\u2500\u2500\u2500   \u2502                                                            \u2502    \u2500\u2500\u2500\u2500\u2500\u2500   \u2502\u2502    \u2500\u2500\u2500\u2500\u2500\u2500   \u2502               \u2502    \u2500\u2500\u2500\u2500\u2500\u2500   \u2502\n\u2502  Join Type: \u2502                                                            \u2502    Table:   \u2502\u2502  Join Type: \u2502                                                            \u2502    Table:   \u2502\u2502  Join Type: \u2502               \u2502  Join Type: \u2502\n\u2502    INNER    \u2502                                                            \u2502     item    \u2502\u2502    INNER    \u2502                                                            \u2502     item    \u2502\u2502    INNER    \u2502               \u2502     SEMI    \u2502\n\u2502             \u2502                                                            \u2502             \u2502\u2502             \u2502                                                            \u2502             \u2502\u2502             \u2502               \u2502             \u2502\n\u2502 Conditions: \u2502                                                            \u2502    Type:    \u2502\u2502 Conditions: \u2502                                                            \u2502    Type:    \u2502\u2502 Conditions: \u2502               \u2502 Conditions: \u2502\n\u2502cs_sold_date_\u2502                                                            \u2502  Sequential \u2502\u2502ws_sold_date_\u2502                                                            \u2502  Sequential \u2502\u2502ss_customer_s\u2502               \u2502 d_date = #0 \u2502\n\u2502sk = d_date_s\u2502                                                            \u2502     Scan    \u2502\u2502sk = d_date_s\u2502                                                            \u2502     Scan    \u2502\u2502k = c_custome\u2502               \u2502             \u2502\n\u2502      k      \u2502                                                            \u2502             \u2502\u2502      k      \u2502                                                            \u2502             \u2502\u2502     r_sk    \u2502               \u2502             \u2502\n\u2502             \u2502                                                            \u2502 Projections:\u2502\u2502             \u2502                                                            \u2502 Projections:\u2502\u2502             \u2502               \u2502             \u2502\n\u2502             \u251c\u2500\u2500\u2500\u2500\u2500\u2500\u2500\u2500\u2500\u2500\u2500\u2500\u2500\u2500\u2500\u2500\u2500\u2500\u2500\u2500\u2500\u2500\u2510                                     \u2502  i_item_sk  \u2502\u2502             \u251c\u2500\u2500\u2500\u2500\u2500\u2500\u2500\u2500\u2500\u2500\u2500\u2500\u2500\u2500\u2500\u2500\u2500\u2500\u2500\u2500\u2500\u2500\u2510                                     \u2502  i_item_sk  \u2502\u2502             \u251c\u2500\u2500\u2500\u2500\u2500\u2500\u2500\u2510       \u2502             \u251c\u2500\u2500\u2500\u2500\u2500\u2500\u2500\u2510\n\u2502             \u2502                      \u2502                                     \u2502  i_item_id  \u2502\u2502             \u2502                      \u2502                                     \u2502  i_item_id  \u2502\u2502             \u2502       \u2502       \u2502             \u2502       \u2502\n\u2502             \u2502                      \u2502                                     \u2502             \u2502\u2502             \u2502                      \u2502                                     \u2502             \u2502\u2502             \u2502       \u2502       \u2502             \u2502       \u2502\n\u2502             \u2502                      \u2502                                     \u2502   Filters:  \u2502\u2502             \u2502                      \u2502                                     \u2502   Filters:  \u2502\u2502             \u2502       \u2502       \u2502             \u2502       \u2502\n\u2502             \u2502                      \u2502                                     \u2502 i_manager_id\u2502\u2502             \u2502                      \u2502                                     \u2502 i_manager_id\u2502\u2502             \u2502       \u2502       \u2502             \u2502       \u2502\n\u2502             \u2502                      \u2502                                     \u2502   >=71 AND  \u2502\u2502             \u2502                      \u2502                                     \u2502   >=71 AND  \u2502\u2502             \u2502       \u2502       \u2502             \u2502       \u2502\n\u2502             \u2502                      \u2502                                     \u2502 i_manager_id\u2502\u2502             \u2502                      \u2502                                     \u2502 i_manager_id\u2502\u2502             \u2502       \u2502       \u2502             \u2502       \u2502\n\u2502             \u2502                      \u2502                                     \u2502    <=100    \u2502\u2502             \u2502                      \u2502                                     \u2502    <=100    \u2502\u2502             \u2502       \u2502       \u2502             \u2502       \u2502\n\u2502             \u2502                      \u2502                                     \u2502             \u2502\u2502             \u2502                      \u2502                                     \u2502             \u2502\u2502             \u2502       \u2502       \u2502             \u2502       \u2502\n\u2502   331 rows  \u2502                      \u2502                                     \u2502  8,970 rows \u2502\u2502   184 rows  \u2502                      \u2502                                     \u2502  8,970 rows \u2502\u2502    0 rows   \u2502       \u2502       \u2502   31 rows   \u2502       \u2502\n\u2502   (0.00s)   \u2502                      \u2502                                     \u2502   (0.00s)   \u2502\u2502   (0.00s)   \u2502                      \u2502                                     \u2502   (0.00s)   \u2502\u2502   (0.00s)   \u2502       \u2502       \u2502   (0.00s)   \u2502       \u2502\n\u2514\u2500\u2500\u2500\u2500\u2500\u2500\u252c\u2500\u2500\u2500\u2500\u2500\u2500\u2518                      \u2502                                     \u2514\u2500\u2500\u2500\u2500\u2500\u2500\u2500\u2500\u2500\u2500\u2500\u2500\u2500\u2518\u2514\u2500\u2500\u2500\u2500\u2500\u2500\u252c\u2500\u2500\u2500\u2500\u2500\u2500\u2518                      \u2502                                     \u2514\u2500\u2500\u2500\u2500\u2500\u2500\u2500\u2500\u2500\u2500\u2500\u2500\u2500\u2518\u2514\u2500\u2500\u2500\u2500\u2500\u2500\u252c\u2500\u2500\u2500\u2500\u2500\u2500\u2518       \u2502       \u2514\u2500\u2500\u2500\u2500\u2500\u2500\u252c\u2500\u2500\u2500\u2500\u2500\u2500\u2518       \u2502\n\u250c\u2500\u2500\u2500\u2500\u2500\u2500\u2534\u2500\u2500\u2500\u2500\u2500\u2500\u2510               \u250c\u2500\u2500\u2500\u2500\u2500\u2500\u2534\u2500\u2500\u2500\u2500\u2500\u2500\u2510                                             \u250c\u2500\u2500\u2500\u2500\u2500\u2500\u2534\u2500\u2500\u2500\u2500\u2500\u2500\u2510               \u250c\u2500\u2500\u2500\u2500\u2500\u2500\u2534\u2500\u2500\u2500\u2500\u2500\u2500\u2510                                             \u250c\u2500\u2500\u2500\u2500\u2500\u2500\u2534\u2500\u2500\u2500\u2500\u2500\u2500\u2510\u250c\u2500\u2500\u2500\u2500\u2500\u2500\u2534\u2500\u2500\u2500\u2500\u2500\u2500\u2510\u250c\u2500\u2500\u2500\u2500\u2500\u2500\u2534\u2500\u2500\u2500\u2500\u2500\u2500\u2510\u250c\u2500\u2500\u2500\u2500\u2500\u2500\u2534\u2500\u2500\u2500\u2500\u2500\u2500\u2510\n\u2502  HASH_JOIN  \u2502               \u2502  HASH_JOIN  \u2502                                             \u2502  HASH_JOIN  \u2502               \u2502  HASH_JOIN  \u2502                                             \u2502 EMPTY_RESULT\u2502\u2502  TABLE_SCAN \u2502\u2502  TABLE_SCAN \u2502\u2502  PROJECTION \u2502\n\u2502    \u2500\u2500\u2500\u2500\u2500\u2500   \u2502               \u2502    \u2500\u2500\u2500\u2500\u2500\u2500   \u2502                                             \u2502    \u2500\u2500\u2500\u2500\u2500\u2500   \u2502               \u2502    \u2500\u2500\u2500\u2500\u2500\u2500   \u2502                                             \u2502    \u2500\u2500\u2500\u2500\u2500\u2500   \u2502\u2502    \u2500\u2500\u2500\u2500\u2500\u2500   \u2502\u2502    \u2500\u2500\u2500\u2500\u2500\u2500   \u2502\u2502    \u2500\u2500\u2500\u2500\u2500\u2500   \u2502\n\u2502  Join Type: \u2502               \u2502  Join Type: \u2502                                             \u2502  Join Type: \u2502               \u2502  Join Type: \u2502                                             \u2502             \u2502\u2502    Table:   \u2502\u2502    Table:   \u2502\u2502    d_date   \u2502\n\u2502    INNER    \u2502               \u2502     SEMI    \u2502                                             \u2502    INNER    \u2502               \u2502     SEMI    \u2502                                             \u2502             \u2502\u2502   customer  \u2502\u2502   date_dim  \u2502\u2502             \u2502\n\u2502             \u2502               \u2502             \u2502                                             \u2502             \u2502               \u2502             \u2502                                             \u2502             \u2502\u2502             \u2502\u2502             \u2502\u2502             \u2502\n\u2502 Conditions: \u2502               \u2502 Conditions: \u2502                                             \u2502 Conditions: \u2502               \u2502 Conditions: \u2502                                             \u2502             \u2502\u2502    Type:    \u2502\u2502    Type:    \u2502\u2502             \u2502\n\u2502cs_bill_custo\u2502               \u2502 d_date = #0 \u2502                                             \u2502ws_bill_custo\u2502               \u2502 d_date = #0 \u2502                                             \u2502             \u2502\u2502  Sequential \u2502\u2502  Sequential \u2502\u2502             \u2502\n\u2502   mer_sk =  \u2502               \u2502             \u2502                                             \u2502   mer_sk =  \u2502               \u2502             \u2502                                             \u2502             \u2502\u2502     Scan    \u2502\u2502     Scan    \u2502\u2502             \u2502\n\u2502 c_customer_s\u2502               \u2502             \u2502                                             \u2502 c_customer_s\u2502               \u2502             \u2502                                             \u2502             \u2502\u2502             \u2502\u2502             \u2502\u2502             \u2502\n\u2502      k      \u2502               \u2502             \u2502                                             \u2502      k      \u2502               \u2502             \u2502                                             \u2502             \u2502\u2502 Projections:\u2502\u2502 Projections:\u2502\u2502             \u2502\n\u2502             \u251c\u2500\u2500\u2500\u2500\u2500\u2500\u2500\u2510       \u2502             \u251c\u2500\u2500\u2500\u2500\u2500\u2500\u2500\u2510                                     \u2502             \u251c\u2500\u2500\u2500\u2500\u2500\u2500\u2500\u2510       \u2502             \u251c\u2500\u2500\u2500\u2500\u2500\u2500\u2500\u2510                                     \u2502             \u2502\u2502c_customer_sk\u2502\u2502    d_date   \u2502\u2502             \u2502\n\u2502             \u2502       \u2502       \u2502             \u2502       \u2502                                     \u2502             \u2502       \u2502       \u2502             \u2502       \u2502                                     \u2502             \u2502\u2502 c_birth_year\u2502\u2502  d_date_sk  \u2502\u2502             \u2502\n\u2502             \u2502       \u2502       \u2502             \u2502       \u2502                                     \u2502             \u2502       \u2502       \u2502             \u2502       \u2502                                     \u2502             \u2502\u2502             \u2502\u2502             \u2502\u2502             \u2502\n\u2502             \u2502       \u2502       \u2502             \u2502       \u2502                                     \u2502             \u2502       \u2502       \u2502             \u2502       \u2502                                     \u2502             \u2502\u2502   Filters:  \u2502\u2502   Filters:  \u2502\u2502             \u2502\n\u2502             \u2502       \u2502       \u2502             \u2502       \u2502                                     \u2502             \u2502       \u2502       \u2502             \u2502       \u2502                                     \u2502             \u2502\u2502 c_birth_year\u2502\u2502  d_date_sk> \u2502\u2502             \u2502\n\u2502             \u2502       \u2502       \u2502             \u2502       \u2502                                     \u2502             \u2502       \u2502       \u2502             \u2502       \u2502                                     \u2502             \u2502\u2502  >=1945 AND \u2502\u2502 =2450816 AND\u2502\u2502             \u2502\n\u2502             \u2502       \u2502       \u2502             \u2502       \u2502                                     \u2502             \u2502       \u2502       \u2502             \u2502       \u2502                                     \u2502             \u2502\u2502 c_birth_year\u2502\u2502  d_date_sk< \u2502\u2502             \u2502\n\u2502             \u2502       \u2502       \u2502             \u2502       \u2502                                     \u2502             \u2502       \u2502       \u2502             \u2502       \u2502                                     \u2502             \u2502\u2502    <=1951   \u2502\u2502   =2452642  \u2502\u2502             \u2502\n\u2502             \u2502       \u2502       \u2502             \u2502       \u2502                                     \u2502             \u2502       \u2502       \u2502             \u2502       \u2502                                     \u2502             \u2502\u2502             \u2502\u2502             \u2502\u2502             \u2502\n\u2502   331 rows  \u2502       \u2502       \u2502   31 rows   \u2502       \u2502                                     \u2502   184 rows  \u2502       \u2502       \u2502   31 rows   \u2502       \u2502                                     \u2502    0 rows   \u2502\u2502 48,931 rows \u2502\u2502   31 rows   \u2502\u2502   31 rows   \u2502\n\u2502   (0.00s)   \u2502       \u2502       \u2502   (0.00s)   \u2502       \u2502                                     \u2502   (0.01s)   \u2502       \u2502       \u2502   (0.00s)   \u2502       \u2502                                     \u2502   (0.00s)   \u2502\u2502   (0.00s)   \u2502\u2502   (0.00s)   \u2502\u2502   (0.00s)   \u2502\n\u2514\u2500\u2500\u2500\u2500\u2500\u2500\u252c\u2500\u2500\u2500\u2500\u2500\u2500\u2518       \u2502       \u2514\u2500\u2500\u2500\u2500\u2500\u2500\u252c\u2500\u2500\u2500\u2500\u2500\u2500\u2518       \u2502                                     \u2514\u2500\u2500\u2500\u2500\u2500\u2500\u252c\u2500\u2500\u2500\u2500\u2500\u2500\u2518       \u2502       \u2514\u2500\u2500\u2500\u2500\u2500\u2500\u252c\u2500\u2500\u2500\u2500\u2500\u2500\u2518       \u2502                                     \u2514\u2500\u2500\u2500\u2500\u2500\u2500\u2500\u2500\u2500\u2500\u2500\u2500\u2500\u2518\u2514\u2500\u2500\u2500\u2500\u2500\u2500\u2500\u2500\u2500\u2500\u2500\u2500\u2500\u2518\u2514\u2500\u2500\u2500\u2500\u2500\u2500\u2500\u2500\u2500\u2500\u2500\u2500\u2500\u2518\u2514\u2500\u2500\u2500\u2500\u2500\u2500\u252c\u2500\u2500\u2500\u2500\u2500\u2500\u2518\n\u250c\u2500\u2500\u2500\u2500\u2500\u2500\u2534\u2500\u2500\u2500\u2500\u2500\u2500\u2510\u250c\u2500\u2500\u2500\u2500\u2500\u2500\u2534\u2500\u2500\u2500\u2500\u2500\u2500\u2510\u250c\u2500\u2500\u2500\u2500\u2500\u2500\u2534\u2500\u2500\u2500\u2500\u2500\u2500\u2510\u250c\u2500\u2500\u2500\u2500\u2500\u2500\u2534\u2500\u2500\u2500\u2500\u2500\u2500\u2510                              \u250c\u2500\u2500\u2500\u2500\u2500\u2500\u2534\u2500\u2500\u2500\u2500\u2500\u2500\u2510\u250c\u2500\u2500\u2500\u2500\u2500\u2500\u2534\u2500\u2500\u2500\u2500\u2500\u2500\u2510\u250c\u2500\u2500\u2500\u2500\u2500\u2500\u2534\u2500\u2500\u2500\u2500\u2500\u2500\u2510\u250c\u2500\u2500\u2500\u2500\u2500\u2500\u2534\u2500\u2500\u2500\u2500\u2500\u2500\u2510                                                                           \u250c\u2500\u2500\u2500\u2500\u2500\u2500\u2534\u2500\u2500\u2500\u2500\u2500\u2500\u2510\n\u2502  TABLE_SCAN \u2502\u2502  TABLE_SCAN \u2502\u2502  TABLE_SCAN \u2502\u2502  PROJECTION \u2502                              \u2502  TABLE_SCAN \u2502\u2502    FILTER   \u2502\u2502  TABLE_SCAN \u2502\u2502  PROJECTION \u2502                                                                           \u2502  HASH_JOIN  \u2502\n\u2502    \u2500\u2500\u2500\u2500\u2500\u2500   \u2502\u2502    \u2500\u2500\u2500\u2500\u2500\u2500   \u2502\u2502    \u2500\u2500\u2500\u2500\u2500\u2500   \u2502\u2502    \u2500\u2500\u2500\u2500\u2500\u2500   \u2502                              \u2502    \u2500\u2500\u2500\u2500\u2500\u2500   \u2502\u2502    \u2500\u2500\u2500\u2500\u2500\u2500   \u2502\u2502    \u2500\u2500\u2500\u2500\u2500\u2500   \u2502\u2502    \u2500\u2500\u2500\u2500\u2500\u2500   \u2502                                                                           \u2502    \u2500\u2500\u2500\u2500\u2500\u2500   \u2502\n\u2502    Table:   \u2502\u2502    Table:   \u2502\u2502    Table:   \u2502\u2502    d_date   \u2502                              \u2502    Table:   \u2502\u2502(c_customer_s\u2502\u2502    Table:   \u2502\u2502    d_date   \u2502                                                                           \u2502  Join Type: \u2502\n\u2502catalog_sales\u2502\u2502   customer  \u2502\u2502   date_dim  \u2502\u2502             \u2502                              \u2502  web_sales  \u2502\u2502 k BETWEEN 2 \u2502\u2502   date_dim  \u2502\u2502             \u2502                                                                           \u2502    INNER    \u2502\n\u2502             \u2502\u2502             \u2502\u2502             \u2502\u2502             \u2502                              \u2502             \u2502\u2502  AND 499998)\u2502\u2502             \u2502\u2502             \u2502                                                                           \u2502             \u2502\n\u2502    Type:    \u2502\u2502    Type:    \u2502\u2502    Type:    \u2502\u2502             \u2502                              \u2502    Type:    \u2502\u2502             \u2502\u2502    Type:    \u2502\u2502             \u2502                                                                           \u2502 Conditions: \u2502\n\u2502  Sequential \u2502\u2502  Sequential \u2502\u2502  Sequential \u2502\u2502             \u2502                              \u2502  Sequential \u2502\u2502             \u2502\u2502  Sequential \u2502\u2502             \u2502                                                                           \u2502 d_month_seq \u2502\n\u2502     Scan    \u2502\u2502     Scan    \u2502\u2502     Scan    \u2502\u2502             \u2502                              \u2502     Scan    \u2502\u2502             \u2502\u2502     Scan    \u2502\u2502             \u2502                                                                           \u2502  = SUBQUERY \u2502\n\u2502             \u2502\u2502             \u2502\u2502             \u2502\u2502             \u2502                              \u2502             \u2502\u2502             \u2502\u2502             \u2502\u2502             \u2502                                                                           \u2502             \u2502\n\u2502 Projections:\u2502\u2502 Projections:\u2502\u2502 Projections:\u2502\u2502             \u2502                              \u2502 Projections:\u2502\u2502             \u2502\u2502 Projections:\u2502\u2502             \u2502                                                                           \u2502             \u2502\n\u2502  cs_item_sk \u2502\u2502c_customer_sk\u2502\u2502    d_date   \u2502\u2502             \u2502                              \u2502  ws_item_sk \u2502\u2502             \u2502\u2502    d_date   \u2502\u2502             \u2502                                                                           \u2502             \u2502\n\u2502cs_sold_date_\u2502\u2502 c_birth_year\u2502\u2502  d_date_sk  \u2502\u2502             \u2502                              \u2502ws_sold_date_\u2502\u2502             \u2502\u2502  d_date_sk  \u2502\u2502             \u2502                                                                           \u2502             \u2502\n\u2502      sk     \u2502\u2502             \u2502\u2502             \u2502\u2502             \u2502                              \u2502      sk     \u2502\u2502             \u2502\u2502             \u2502\u2502             \u2502                                                                           \u2502             \u2502\n\u2502cs_bill_custo\u2502\u2502   Filters:  \u2502\u2502   Filters:  \u2502\u2502             \u2502                              \u2502ws_bill_custo\u2502\u2502             \u2502\u2502   Filters:  \u2502\u2502             \u2502                                                                           \u2502             \u251c\n\u2502    mer_sk   \u2502\u2502 c_birth_year\u2502\u2502  d_date_sk> \u2502\u2502             \u2502                              \u2502    mer_sk   \u2502\u2502             \u2502\u2502  d_date_sk> \u2502\u2502             \u2502                                                                           \u2502             \u2502\n\u2502cs_ext_sales_\u2502\u2502  >=1945 AND \u2502\u2502 =2450815 AND\u2502\u2502             \u2502                              \u2502ws_ext_sales_\u2502\u2502             \u2502\u2502 =2450816 AND\u2502\u2502             \u2502                                                                           \u2502             \u2502\n\u2502    price    \u2502\u2502 c_birth_year\u2502\u2502  d_date_sk< \u2502\u2502             \u2502                              \u2502    price    \u2502\u2502             \u2502\u2502  d_date_sk< \u2502\u2502             \u2502                                                                           \u2502             \u2502\n\u2502             \u2502\u2502    <=1951   \u2502\u2502   =2452653  \u2502\u2502             \u2502                              \u2502             \u2502\u2502             \u2502\u2502   =2452642  \u2502\u2502             \u2502                                                                           \u2502             \u2502\n\u2502   Filters:  \u2502\u2502             \u2502\u2502             \u2502\u2502             \u2502                              \u2502   Filters:  \u2502\u2502             \u2502\u2502             \u2502\u2502             \u2502                                                                           \u2502             \u2502\n\u2502cs_list_price\u2502\u2502             \u2502\u2502             \u2502\u2502             \u2502                              \u2502ws_list_price\u2502\u2502             \u2502\u2502             \u2502\u2502             \u2502                                                                           \u2502             \u2502\n\u2502 >=242.00 AND\u2502\u2502             \u2502\u2502             \u2502\u2502             \u2502                              \u2502 >=242.00 AND\u2502\u2502             \u2502\u2502             \u2502\u2502             \u2502                                                                           \u2502             \u2502\n\u2502 cs_list_pric\u2502\u2502             \u2502\u2502             \u2502\u2502             \u2502                              \u2502 ws_list_pric\u2502\u2502             \u2502\u2502             \u2502\u2502             \u2502                                                                           \u2502             \u2502\n\u2502  e<=271.00  \u2502\u2502             \u2502\u2502             \u2502\u2502             \u2502                              \u2502  e<=271.00  \u2502\u2502             \u2502\u2502             \u2502\u2502             \u2502                                                                           \u2502             \u2502\n\u2502             \u2502\u2502             \u2502\u2502             \u2502\u2502             \u2502                              \u2502             \u2502\u2502             \u2502\u2502             \u2502\u2502             \u2502                                                                           \u2502             \u2502\n\u2502  3,333 rows \u2502\u2502 48,931 rows \u2502\u2502   31 rows   \u2502\u2502   31 rows   \u2502                              \u2502  1,668 rows \u2502\u2502 48,930 rows \u2502\u2502   31 rows   \u2502\u2502   31 rows   \u2502                                                                           \u2502   31 rows   \u2502\n\u2502   (0.00s)   \u2502\u2502   (0.00s)   \u2502\u2502   (0.00s)   \u2502\u2502   (0.00s)   \u2502                              \u2502   (0.06s)   \u2502\u2502   (0.00s)   \u2502\u2502   (0.00s)   \u2502\u2502   (0.00s)   \u2502                                                                           \u2502   (0.00s)   \u2502\n\u2514\u2500\u2500\u2500\u2500\u2500\u2500\u2500\u2500\u2500\u2500\u2500\u2500\u2500\u2518\u2514\u2500\u2500\u2500\u2500\u2500\u2500\u2500\u2500\u2500\u2500\u2500\u2500\u2500\u2518\u2514\u2500\u2500\u2500\u2500\u2500\u2500\u2500\u2500\u2500\u2500\u2500\u2500\u2500\u2518\u2514\u2500\u2500\u2500\u2500\u2500\u2500\u252c\u2500\u2500\u2500\u2500\u2500\u2500\u2518                              \u2514\u2500\u2500\u2500\u2500\u2500\u2500\u2500\u2500\u2500\u2500\u2500\u2500\u2500\u2518\u2514\u2500\u2500\u2500\u2500\u2500\u2500\u252c\u2500\u2500\u2500\u2500\u2500\u2500\u2518\u2514\u2500\u2500\u2500\u2500\u2500\u2500\u2500\u2500\u2500\u2500\u2500\u2500\u2500\u2518\u2514\u2500\u2500\u2500\u2500\u2500\u2500\u252c\u2500\u2500\u2500\u2500\u2500\u2500\u2518                                                                           \u2514\u2500\u2500\u2500\u2500\u2500\u2500\u252c\u2500\u2500\u2500\u2500\u2500\u2500\u2518\n                                             \u250c\u2500\u2500\u2500\u2500\u2500\u2500\u2534\u2500\u2500\u2500\u2500\u2500\u2500\u2510                                             \u250c\u2500\u2500\u2500\u2500\u2500\u2500\u2534\u2500\u2500\u2500\u2500\u2500\u2500\u2510               \u250c\u2500\u2500\u2500\u2500\u2500\u2500\u2534\u2500\u2500\u2500\u2500\u2500\u2500\u2510                                                                           \u250c\u2500\u2500\u2500\u2500\u2500\u2500\u2534\u2500\u2500\u2500\u2500\u2500\u2500\u2510\n                                             \u2502  HASH_JOIN  \u2502                                             \u2502  TABLE_SCAN \u2502               \u2502  HASH_JOIN  \u2502                                                                           \u2502  TABLE_SCAN \u2502\n                                             \u2502    \u2500\u2500\u2500\u2500\u2500\u2500   \u2502                                             \u2502    \u2500\u2500\u2500\u2500\u2500\u2500   \u2502               \u2502    \u2500\u2500\u2500\u2500\u2500\u2500   \u2502                                                                           \u2502    \u2500\u2500\u2500\u2500\u2500\u2500   \u2502\n                                             \u2502  Join Type: \u2502                                             \u2502    Table:   \u2502               \u2502  Join Type: \u2502                                                                           \u2502    Table:   \u2502\n                                             \u2502    INNER    \u2502                                             \u2502   customer  \u2502               \u2502    INNER    \u2502                                                                           \u2502   date_dim  \u2502\n                                             \u2502             \u2502                                             \u2502             \u2502               \u2502             \u2502                                                                           \u2502             \u2502\n                                             \u2502 Conditions: \u2502                                             \u2502    Type:    \u2502               \u2502 Conditions: \u2502                                                                           \u2502    Type:    \u2502\n                                             \u2502 d_month_seq \u2502                                             \u2502  Sequential \u2502               \u2502 d_month_seq \u2502                                                                           \u2502  Sequential \u2502\n                                             \u2502  = SUBQUERY \u2502                                             \u2502     Scan    \u2502               \u2502  = SUBQUERY \u2502                                                                           \u2502     Scan    \u2502\n                                             \u2502             \u2502                                             \u2502             \u2502               \u2502             \u2502                                                                           \u2502             \u2502\n                                             \u2502             \u2502                                             \u2502 Projections:\u2502               \u2502             \u2502                                                                           \u2502 Projections:\u2502\n                                             \u2502             \u2502                                             \u2502c_customer_sk\u2502               \u2502             \u2502                                                                           \u2502 d_month_seq \u2502\n                                             \u2502             \u2502                                             \u2502 c_birth_year\u2502               \u2502             \u2502                                                                           \u2502    d_date   \u2502\n                                             \u2502             \u2502                                             \u2502             \u2502               \u2502             \u2502                                                                           \u2502             \u2502\n                                             \u2502             \u2502                                             \u2502   Filters:  \u2502               \u2502             \u2502                                                                           \u2502             \u2502\n                                             \u2502             \u2502                                             \u2502 c_birth_year\u2502               \u2502             \u2502                                                                           \u2502             \u2502\n                                             \u2502             \u251c\u2500\u2500\u2500\u2500\u2500\u2500\u2500\u2510                                     \u2502  >=1945 AND \u2502               \u2502             \u251c\u2500\u2500\u2500\u2500\u2500\u2500\u2500\u2510                                                                   \u2502             \u2502\n                                             \u2502             \u2502       \u2502                                     \u2502 c_birth_year\u2502               \u2502             \u2502       \u2502                                                                   \u2502             \u2502\n                                             \u2502             \u2502       \u2502                                     \u2502    <=1951   \u2502               \u2502             \u2502       \u2502                                                                   \u2502             \u2502\n                                             \u2502             \u2502       \u2502                                     \u2502             \u2502               \u2502             \u2502       \u2502                                                                   \u2502             \u2502\n                                             \u2502             \u2502       \u2502                                     \u2502             \u2502               \u2502             \u2502       \u2502                                                                   \u2502             \u2502\n                                             \u2502             \u2502       \u2502                                     \u2502             \u2502               \u2502             \u2502       \u2502                                                                   \u2502             \u2502\n                                             \u2502             \u2502       \u2502                                     \u2502             \u2502               \u2502             \u2502       \u2502                                                                   \u2502             \u2502\n                                             \u2502             \u2502       \u2502                                     \u2502             \u2502               \u2502             \u2502       \u2502                                                                   \u2502             \u2502\n                                             \u2502             \u2502       \u2502                                     \u2502             \u2502               \u2502             \u2502       \u2502                                                                   \u2502             \u2502\n                                             \u2502             \u2502       \u2502                                     \u2502             \u2502               \u2502             \u2502       \u2502                                                                   \u2502             \u2502\n                                             \u2502             \u2502       \u2502                                     \u2502             \u2502               \u2502             \u2502       \u2502                                                                   \u2502             \u2502\n                                             \u2502             \u2502       \u2502                                     \u2502             \u2502               \u2502             \u2502       \u2502                                                                   \u2502             \u2502\n                                             \u2502             \u2502       \u2502                                     \u2502             \u2502               \u2502             \u2502       \u2502                                                                   \u2502             \u2502\n                                             \u2502             \u2502       \u2502                                     \u2502             \u2502               \u2502             \u2502       \u2502                                                                   \u2502             \u2502\n                                             \u2502   31 rows   \u2502       \u2502                                     \u2502 48,931 rows \u2502               \u2502   31 rows   \u2502       \u2502                                                                   \u2502   31 rows   \u2502\n                                             \u2502   (0.00s)   \u2502       \u2502                                     \u2502   (0.00s)   \u2502               \u2502   (0.00s)   \u2502       \u2502                                                                   \u2502   (0.00s)   \u2502\n                                             \u2514\u2500\u2500\u2500\u2500\u2500\u2500\u252c\u2500\u2500\u2500\u2500\u2500\u2500\u2518       \u2502                                     \u2514\u2500\u2500\u2500\u2500\u2500\u2500\u2500\u2500\u2500\u2500\u2500\u2500\u2500\u2518               \u2514\u2500\u2500\u2500\u2500\u2500\u2500\u252c\u2500\u2500\u2500\u2500\u2500\u2500\u2518       \u2502                                                                   \u2514\u2500\u2500\u2500\u2500\u2500\u2500\u2500\u2500\u2500\u2500\u2500\u2500\u2500\u2518\n                                             \u250c\u2500\u2500\u2500\u2500\u2500\u2500\u2534\u2500\u2500\u2500\u2500\u2500\u2500\u2510\u250c\u2500\u2500\u2500\u2500\u2500\u2500\u2534\u2500\u2500\u2500\u2500\u2500\u2500\u2510                                                            \u250c\u2500\u2500\u2500\u2500\u2500\u2500\u2534\u2500\u2500\u2500\u2500\u2500\u2500\u2510\u250c\u2500\u2500\u2500\u2500\u2500\u2500\u2534\u2500\u2500\u2500\u2500\u2500\u2500\u2510                                                                           \n                                             \u2502  TABLE_SCAN \u2502\u2502  PROJECTION \u2502                                                            \u2502  TABLE_SCAN \u2502\u2502  PROJECTION \u2502                                                                           \n                                             \u2502    \u2500\u2500\u2500\u2500\u2500\u2500   \u2502\u2502    \u2500\u2500\u2500\u2500\u2500\u2500   \u2502                                                            \u2502    \u2500\u2500\u2500\u2500\u2500\u2500   \u2502\u2502    \u2500\u2500\u2500\u2500\u2500\u2500   \u2502                                                                           \n                                             \u2502    Table:   \u2502\u2502 CASE  WHEN (\u2502                                                            \u2502    Table:   \u2502\u2502 CASE  WHEN (\u2502                                                                           \n                                             \u2502   date_dim  \u2502\u2502  (#1 > 1))  \u2502                                                            \u2502   date_dim  \u2502\u2502  (#1 > 1))  \u2502                                                                           \n                                             \u2502             \u2502\u2502 THEN (\"error\u2502                                                            \u2502             \u2502\u2502 THEN (\"error\u2502                                                                           \n                                             \u2502    Type:    \u2502\u2502 \"('More than\u2502                                                            \u2502    Type:    \u2502\u2502 \"('More than\u2502                                                                           \n                                             \u2502  Sequential \u2502\u2502    one row  \u2502                                                            \u2502  Sequential \u2502\u2502    one row  \u2502                                                                           \n                                             \u2502     Scan    \u2502\u2502  returned by\u2502                                                            \u2502     Scan    \u2502\u2502  returned by\u2502                                                                           \n                                             \u2502             \u2502\u2502  a subquery \u2502                                                            \u2502             \u2502\u2502  a subquery \u2502                                                                           \n                                             \u2502 Projections:\u2502\u2502  used as an \u2502                                                            \u2502 Projections:\u2502\u2502  used as an \u2502                                                                           \n                                             \u2502 d_month_seq \u2502\u2502  expression \u2502                                                            \u2502 d_month_seq \u2502\u2502  expression \u2502                                                                           \n                                             \u2502    d_date   \u2502\u2502   - scalar  \u2502                                                            \u2502    d_date   \u2502\u2502   - scalar  \u2502                                                                           \n                                             \u2502             \u2502\u2502  subqueries \u2502                                                            \u2502             \u2502\u2502  subqueries \u2502                                                                           \n                                             \u2502             \u2502\u2502   can only  \u2502                                                            \u2502             \u2502\u2502   can only  \u2502                                                                           \n                                             \u2502             \u2502\u2502   return a  \u2502                                                            \u2502             \u2502\u2502   return a  \u2502                                                                           \n                                             \u2502             \u2502\u2502  single row.\u2502                                                            \u2502             \u2502\u2502  single row.\u2502                                                                           \n                                             \u2502             \u2502\u2502   Use \"SET  \u2502                                                            \u2502             \u2502\u2502   Use \"SET  \u2502                                                                           \n                                             \u2502             \u2502\u2502 scalar_subqu\u2502                                                            \u2502             \u2502\u2502 scalar_subqu\u2502                                                                           \n                                             \u2502             \u2502\u2502ery_error_on_\u2502                                                            \u2502             \u2502\u2502ery_error_on_\u2502                                                                           \n                                             \u2502             \u2502\u2502multiple_rows\u2502                                                            \u2502             \u2502\u2502multiple_rows\u2502                                                                           \n                                             \u2502             \u2502\u2502  =false\" to \u2502                                                            \u2502             \u2502\u2502  =false\" to \u2502                                                                           \n                                             \u2502             \u2502\u2502   revert to \u2502                                                            \u2502             \u2502\u2502   revert to \u2502                                                                           \n                                             \u2502             \u2502\u2502   previous  \u2502                                                            \u2502             \u2502\u2502   previous  \u2502                                                                           \n                                             \u2502             \u2502\u2502  behavior of\u2502                                                            \u2502             \u2502\u2502  behavior of\u2502                                                                           \n                                             \u2502             \u2502\u2502  returning a\u2502                                                            \u2502             \u2502\u2502  returning a\u2502                                                                           \n                                             \u2502             \u2502\u2502  random row.\u2502                                                            \u2502             \u2502\u2502  random row.\u2502                                                                           \n                                             \u2502             \u2502\u2502 ')) ELSE #0 \u2502                                                            \u2502             \u2502\u2502 ')) ELSE #0 \u2502                                                                           \n                                             \u2502             \u2502\u2502      END    \u2502                                                            \u2502             \u2502\u2502      END    \u2502                                                                           \n                                             \u2502             \u2502\u2502             \u2502                                                            \u2502             \u2502\u2502             \u2502                                                                           \n                                             \u2502   31 rows   \u2502\u2502    1 row    \u2502                                                            \u2502   31 rows   \u2502\u2502    1 row    \u2502                                                                           \n                                             \u2502   (0.00s)   \u2502\u2502   (0.00s)   \u2502                                                            \u2502   (0.00s)   \u2502\u2502   (0.00s)   \u2502                                                                           \n                                             \u2514\u2500\u2500\u2500\u2500\u2500\u2500\u2500\u2500\u2500\u2500\u2500\u2500\u2500\u2518\u2514\u2500\u2500\u2500\u2500\u2500\u2500\u252c\u2500\u2500\u2500\u2500\u2500\u2500\u2518                                                            \u2514\u2500\u2500\u2500\u2500\u2500\u2500\u2500\u2500\u2500\u2500\u2500\u2500\u2500\u2518\u2514\u2500\u2500\u2500\u2500\u2500\u2500\u252c\u2500\u2500\u2500\u2500\u2500\u2500\u2518                                                                           \n                                                            \u250c\u2500\u2500\u2500\u2500\u2500\u2500\u2534\u2500\u2500\u2500\u2500\u2500\u2500\u2510                                                                           \u250c\u2500\u2500\u2500\u2500\u2500\u2500\u2534\u2500\u2500\u2500\u2500\u2500\u2500\u2510                                                                           \n                                                            \u2502UNGROUPE...  \u2502                                                                           \u2502UNGROUPE...  \u2502                                                                           \n                                                            \u2502    \u2500\u2500\u2500\u2500\u2500\u2500   \u2502                                                                           \u2502    \u2500\u2500\u2500\u2500\u2500\u2500   \u2502                                                                           \n                                                            \u2502 Aggregates: \u2502                                                                           \u2502 Aggregates: \u2502                                                                           \n                                                            \u2502 \"first\"(#0) \u2502                                                                           \u2502 \"first\"(#0) \u2502                                                                           \n                                                            \u2502 count_star()\u2502                                                                           \u2502 count_star()\u2502                                                                           \n                                                            \u2502             \u2502                                                                           \u2502             \u2502                                                                           \n                                                            \u2502    1 row    \u2502                                                                           \u2502    1 row    \u2502                                                                           \n                                                            \u2502   (0.00s)   \u2502                                                                           \u2502   (0.00s)   \u2502                                                                           \n                                                            \u2514\u2500\u2500\u2500\u2500\u2500\u2500\u252c\u2500\u2500\u2500\u2500\u2500\u2500\u2518                                                                           \u2514\u2500\u2500\u2500\u2500\u2500\u2500\u252c\u2500\u2500\u2500\u2500\u2500\u2500\u2518                                                                           \n                                                            \u250c\u2500\u2500\u2500\u2500\u2500\u2500\u2534\u2500\u2500\u2500\u2500\u2500\u2500\u2510                                                                           \u250c\u2500\u2500\u2500\u2500\u2500\u2500\u2534\u2500\u2500\u2500\u2500\u2500\u2500\u2510                                                                           \n                                                            \u2502  PROJECTION \u2502                                                                           \u2502  PROJECTION \u2502                                                                           \n                                                            \u2502    \u2500\u2500\u2500\u2500\u2500\u2500   \u2502                                                                           \u2502    \u2500\u2500\u2500\u2500\u2500\u2500   \u2502                                                                           \n                                                            \u2502      #0     \u2502                                                                           \u2502      #0     \u2502                                                                           \n                                                            \u2502             \u2502                                                                           \u2502             \u2502                                                                           \n                                                            \u2502             \u2502                                                                           \u2502             \u2502                                                                           \n                                                            \u2502             \u2502                                                                           \u2502             \u2502                                                                           \n                                                            \u2502             \u2502                                                                           \u2502             \u2502                                                                           \n                                                            \u2502             \u2502                                                                           \u2502             \u2502                                                                           \n                                                            \u2502             \u2502                                                                           \u2502             \u2502                                                                           \n                                                            \u2502             \u2502                                                                           \u2502             \u2502                                                                           \n                                                            \u2502             \u2502                                                                           \u2502             \u2502                                                                           \n                                                            \u2502             \u2502                                                                           \u2502             \u2502                                                                           \n                                                            \u2502             \u2502                                                                           \u2502             \u2502                                                                           \n                                                            \u2502             \u2502                                                                           \u2502             \u2502                                                                           \n                                                            \u2502             \u2502                                                                           \u2502             \u2502                                                                           \n                                                            \u2502             \u2502                                                                           \u2502             \u2502                                                                           \n                                                            \u2502    1 row    \u2502                                                                           \u2502    1 row    \u2502                                                                           \n                                                            \u2502   (0.00s)   \u2502                                                                           \u2502   (0.00s)   \u2502                                                                           \n                                                            \u2514\u2500\u2500\u2500\u2500\u2500\u2500\u252c\u2500\u2500\u2500\u2500\u2500\u2500\u2518                                                                           \u2514\u2500\u2500\u2500\u2500\u2500\u2500\u252c\u2500\u2500\u2500\u2500\u2500\u2500\u2518                                                                           \n                                                            \u250c\u2500\u2500\u2500\u2500\u2500\u2500\u2534\u2500\u2500\u2500\u2500\u2500\u2500\u2510                                                                           \u250c\u2500\u2500\u2500\u2500\u2500\u2500\u2534\u2500\u2500\u2500\u2500\u2500\u2500\u2510\n                                                            \u2502  TABLE_SCAN \u2502                                                                           \u2502  TABLE_SCAN \u2502\n                                                            \u2502    \u2500\u2500\u2500\u2500\u2500\u2500   \u2502                                                                           \u2502    \u2500\u2500\u2500\u2500\u2500\u2500   \u2502\n                                                            \u2502    Table:   \u2502                                                                           \u2502    Table:   \u2502\n                                                            \u2502   date_dim  \u2502                                                                           \u2502   date_dim  \u2502\n                                                            \u2502             \u2502                                                                           \u2502             \u2502\n                                                            \u2502    Type:    \u2502                                                                           \u2502    Type:    \u2502\n                                                            \u2502  Sequential \u2502                                                                           \u2502  Sequential \u2502\n                                                            \u2502     Scan    \u2502                                                                           \u2502     Scan    \u2502\n                                                            \u2502             \u2502                                                                           \u2502             \u2502\n                                                            \u2502 Projections:\u2502                                                                           \u2502 Projections:\u2502\n                                                            \u2502 d_month_seq \u2502                                                                           \u2502 d_month_seq \u2502\n                                                            \u2502             \u2502                                                                           \u2502             \u2502\n                                                            \u2502   Filters:  \u2502                                                                           \u2502   Filters:  \u2502\n                                                            \u2502 d_date='1998\u2502                                                                           \u2502 d_date='1998\u2502\n                                                            \u2502-05-19'::DATE\u2502                                                                           \u2502-05-19'::DATE\u2502\n                                                            \u2502             \u2502                                                                           \u2502             \u2502\n                                                            \u2502    1 row    \u2502                                                                           \u2502    1 row    \u2502\n                                                            \u2502   (0.00s)   \u2502                                                                           \u2502   (0.00s)   \u2502\n                                                            \u2514\u2500\u2500\u2500\u2500\u2500\u2500\u2500\u2500\u2500\u2500\u2500\u2500\u2500\u2518                                                                           \u2514\u2500\u2500\u2500\u2500\u2500\u2500\u2500\u2500\u2500\u2500\u2500\u2500\u2500\u2518\n",
  "plan_json": {
    "total_bytes_written": 0,
    "total_bytes_read": 0,
    "rows_returned": 0,
    "latency": 0.0,
    "result_set_size": 0,
    "query_name": "",
    "blocked_thread_time": 0.0,
    "system_peak_buffer_memory": 0,
    "system_peak_temp_dir_size": 0,
    "cpu_time": 0.0,
    "extra_info": {},
    "cumulative_cardinality": 0,
    "cumulative_rows_scanned": 0,
    "children": [
      {
        "total_bytes_written": 0,
        "total_bytes_read": 0,
        "result_set_size": 0,
        "operator_name": "EXPLAIN_ANALYZE",
        "cpu_time": 0.0,
        "extra_info": {},
        "cumulative_cardinality": 0,
        "operator_type": "EXPLAIN_ANALYZE",
        "operator_cardinality": 0,
        "cumulative_rows_scanned": 0,
        "operator_rows_scanned": 0,
        "operator_timing": 0.0,
        "children": [
          {
            "total_bytes_written": 0,
            "total_bytes_read": 0,
            "result_set_size": 0,
            "operator_name": "TOP_N",
            "cpu_time": 0.0,
            "extra_info": {
              "Top": "100",
              "Order By": [
                "ss_items.item_id ASC",
                "ss_items.birth_year ASC",
                "ss_items.ss_item_rev ASC"
              ]
            },
            "cumulative_cardinality": 0,
            "operator_type": "TOP_N",
            "operator_cardinality": 0,
            "cumulative_rows_scanned": 0,
            "operator_rows_scanned": 0,
            "operator_timing": 2.55e-07,
            "children": [
              {
                "total_bytes_written": 0,
                "total_bytes_read": 0,
                "result_set_size": 0,
                "operator_name": "PROJECTION",
                "cpu_time": 0.0,
                "extra_info": {
                  "Projections": [
                    "item_id",
                    "birth_year",
                    "ss_item_rev",
                    "ss_dev",
                    "cs_item_rev",
                    "cs_dev",
                    "ws_item_rev",
                    "ws_dev",
                    "average"
                  ],
                  "Estimated Cardinality": "1096124"
                },
                "cumulative_cardinality": 0,
                "operator_type": "PROJECTION",
                "operator_cardinality": 0,
                "cumulative_rows_scanned": 0,
                "operator_rows_scanned": 0,
                "operator_timing": 0.0,
                "children": [
                  {
                    "total_bytes_written": 0,
                    "total_bytes_read": 0,
                    "result_set_size": 0,
                    "operator_name": "PROJECTION",
                    "cpu_time": 0.0,
                    "extra_info": {
                      "Projections": [
                        "item_id",
                        "birth_year",
                        "ss_item_rev",
                        "(CAST(((ss_item_rev + cs_item_rev) + ws_item_rev) AS DOUBLE) / 3.0)",
                        "cs_item_rev",
                        "ws_item_rev"
                      ],
                      "Estimated Cardinality": "1096124"
                    },
                    "cumulative_cardinality": 0,
                    "operator_type": "PROJECTION",
                    "operator_cardinality": 0,
                    "cumulative_rows_scanned": 0,
                    "operator_rows_scanned": 0,
                    "operator_timing": 0.0,
                    "children": [
                      {
                        "total_bytes_written": 0,
                        "total_bytes_read": 0,
                        "result_set_size": 0,
                        "operator_name": "HASH_JOIN",
                        "cpu_time": 0.0,
                        "extra_info": {
                          "Join Type": "INNER",
                          "Conditions": [
                            "item_id = item_id",
                            "birth_year = birth_year",
                            "(0.9 * ws_item_rev) <= CAST(ss_item_rev AS DECIMAL(38,3))",
                            "CAST(ws_item_rev AS DECIMAL(38,3)) >= (0.9 * ss_item_rev)",
                            "(1.1 * ws_item_rev) >= CAST(ss_item_rev AS DECIMAL(38,3))",
                            "CAST(ws_item_rev AS DECIMAL(38,3)) <= (1.1 * ss_item_rev)",
                            "(0.9 * cs_item_rev) <= CAST(ss_item_rev AS DECIMAL(38,3))",
                            "CAST(cs_item_rev AS DECIMAL(38,3)) >= (0.9 * ss_item_rev)",
                            "(1.1 * cs_item_rev) >= CAST(ss_item_rev AS DECIMAL(38,3))",
                            "CAST(cs_item_rev AS DECIMAL(38,3)) <= (1.1 * ss_item_rev)"
                          ],
                          "Estimated Cardinality": "1096124"
                        },
                        "cumulative_cardinality": 0,
                        "operator_type": "HASH_JOIN",
                        "operator_cardinality": 0,
                        "cumulative_rows_scanned": 0,
                        "operator_rows_scanned": 0,
                        "operator_timing": 1.59e-06,
                        "children": [
                          {
                            "total_bytes_written": 0,
                            "total_bytes_read": 0,
                            "result_set_size": 0,
                            "operator_name": "HASH_JOIN",
                            "cpu_time": 0.0,
                            "extra_info": {
                              "Join Type": "INNER",
                              "Conditions": [
                                "item_id = item_id",
                                "birth_year = birth_year",
                                "CAST(cs_item_rev AS DECIMAL(38,3)) >= (0.9 * ws_item_rev)",
                                "(0.9 * cs_item_rev) <= CAST(ws_item_rev AS DECIMAL(38,3))",
                                "CAST(cs_item_rev AS DECIMAL(38,3)) <= (1.1 * ws_item_rev)",
                                "(1.1 * cs_item_rev) >= CAST(ws_item_rev AS DECIMAL(38,3))"
                              ],
                              "Estimated Cardinality": "47152"
                            },
                            "cumulative_cardinality": 0,
                            "operator_type": "HASH_JOIN",
                            "operator_cardinality": 0,
                            "cumulative_rows_scanned": 0,
                            "operator_rows_scanned": 0,
                            "operator_timing": 0.0008188999999999999,
                            "children": [
                              {
                                "total_bytes_written": 0,
                                "total_bytes_read": 0,
                                "result_set_size": 900,
                                "operator_name": "PROJECTION",
                                "cpu_time": 0.0,
                                "extra_info": {
                                  "Projections": [
                                    "#0",
                                    "__internal_decompress_integral_integer(#1, 1945)",
                                    "#2"
                                  ],
                                  "Estimated Cardinality": "24441"
                                },
                                "cumulative_cardinality": 0,
                                "operator_type": "PROJECTION",
                                "operator_cardinality": 25,
                                "cumulative_rows_scanned": 0,
                                "operator_rows_scanned": 0,
                                "operator_timing": 6.0349999999999996e-05,
                                "children": [
                                  {
                                    "total_bytes_written": 0,
                                    "total_bytes_read": 0,
                                    "result_set_size": 825,
                                    "operator_name": "HASH_GROUP_BY",
                                    "cpu_time": 0.0,
                                    "extra_info": {
                                      "Groups": [
                                        "#0",
                                        "#1"
                                      ],
                                      "Aggregates": "sum(#2)",
                                      "Estimated Cardinality": "24441"
                                    },
                                    "cumulative_cardinality": 0,
                                    "operator_type": "HASH_GROUP_BY",
                                    "operator_cardinality": 25,
                                    "cumulative_rows_scanned": 0,
                                    "operator_rows_scanned": 0,
                                    "operator_timing": 0.008986502,
                                    "children": [
                                      {
                                        "total_bytes_written": 0,
                                        "total_bytes_read": 0,
                                        "result_set_size": 525,
                                        "operator_name": "PROJECTION",
                                        "cpu_time": 0.0,
                                        "extra_info": {
                                          "Projections": [
                                            "i_item_id",
                                            "c_birth_year",
                                            "cs_ext_sales_price"
                                          ],
                                          "Estimated Cardinality": "24447"
                                        },
                                        "cumulative_cardinality": 0,
                                        "operator_type": "PROJECTION",
                                        "operator_cardinality": 25,
                                        "cumulative_rows_scanned": 0,
                                        "operator_rows_scanned": 0,
                                        "operator_timing": 4.4300000000000004e-07,
                                        "children": [
                                          {
                                            "total_bytes_written": 0,
                                            "total_bytes_read": 0,
                                            "result_set_size": 525,
                                            "operator_name": "PROJECTION",
                                            "cpu_time": 0.0,
                                            "extra_info": {
                                              "Projections": [
                                                "#0",
                                                "__internal_compress_integral_utinyint(#1, 1945)",
                                                "#2"
                                              ],
                                              "Estimated Cardinality": "24447"
                                            },
                                            "cumulative_cardinality": 0,
                                            "operator_type": "PROJECTION",
                                            "operator_cardinality": 25,
                                            "cumulative_rows_scanned": 0,
                                            "operator_rows_scanned": 0,
                                            "operator_timing": 4.9419999999999994e-06,
                                            "children": [
                                              {
                                                "total_bytes_written": 0,
                                                "total_bytes_read": 0,
                                                "result_set_size": 600,
                                                "operator_name": "HASH_JOIN",
                                                "cpu_time": 0.0,
                                                "extra_info": {
                                                  "Join Type": "INNER",
                                                  "Conditions": "cs_item_sk = i_item_sk",
                                                  "Estimated Cardinality": "24447"
                                                },
                                                "cumulative_cardinality": 0,
                                                "operator_type": "HASH_JOIN",
                                                "operator_cardinality": 25,
                                                "cumulative_rows_scanned": 0,
                                                "operator_rows_scanned": 0,
                                                "operator_timing": 0.0022441529999999987,
                                                "children": [
                                                  {
                                                    "total_bytes_written": 0,
                                                    "total_bytes_read": 0,
                                                    "result_set_size": 5296,
                                                    "operator_name": "HASH_JOIN",
                                                    "cpu_time": 0.0,
                                                    "extra_info": {
                                                      "Join Type": "INNER",
                                                      "Conditions": "cs_sold_date_sk = d_date_sk",
                                                      "Estimated Cardinality": "115210"
                                                    },
                                                    "cumulative_cardinality": 0,
                                                    "operator_type": "HASH_JOIN",
                                                    "operator_cardinality": 331,
                                                    "cumulative_rows_scanned": 0,
                                                    "operator_rows_scanned": 0,
                                                    "operator_timing": 0.00033907399999999997,
                                                    "children": [
                                                      {
                                                        "total_bytes_written": 0,
                                                        "total_bytes_read": 0,
                                                        "result_set_size": 5296,
                                                        "operator_name": "HASH_JOIN",
                                                        "cpu_time": 0.0,
                                                        "extra_info": {
                                                          "Join Type": "INNER",
                                                          "Conditions": "cs_bill_customer_sk = c_customer_sk",
                                                          "Estimated Cardinality": "576050"
                                                        },
                                                        "cumulative_cardinality": 0,
                                                        "operator_type": "HASH_JOIN",
                                                        "operator_cardinality": 331,
                                                        "cumulative_rows_scanned": 0,
                                                        "operator_rows_scanned": 0,
                                                        "operator_timing": 0.005955242000000001,
                                                        "children": [
                                                          {
                                                            "total_bytes_written": 0,
                                                            "total_bytes_read": 0,
                                                            "result_set_size": 53328,
                                                            "operator_name": "SEQ_SCAN ",
                                                            "cpu_time": 0.0,
                                                            "extra_info": {
                                                              "Table": "catalog_sales",
                                                              "Type": "Sequential Scan",
                                                              "Projections": [
                                                                "cs_item_sk",
                                                                "cs_sold_date_sk",
                                                                "cs_bill_customer_sk",
                                                                "cs_ext_sales_price"
                                                              ],
                                                              "Filters": "cs_list_price>=242.00 AND cs_list_price<=271.00",
                                                              "Estimated Cardinality": "2880252"
                                                            },
                                                            "cumulative_cardinality": 0,
                                                            "operator_type": "TABLE_SCAN",
                                                            "operator_cardinality": 3333,
                                                            "cumulative_rows_scanned": 0,
                                                            "operator_rows_scanned": 403235308,
                                                            "operator_timing": 0.0039047200000000004,
                                                            "children": []
                                                          },
                                                          {
                                                            "total_bytes_written": 0,
                                                            "total_bytes_read": 0,
                                                            "result_set_size": 391448,
                                                            "operator_name": "SEQ_SCAN ",
                                                            "cpu_time": 0.0,
                                                            "extra_info": {
                                                              "Table": "customer",
                                                              "Type": "Sequential Scan",
                                                              "Projections": [
                                                                "c_customer_sk",
                                                                "c_birth_year"
                                                              ],
                                                              "Filters": "c_birth_year>=1945 AND c_birth_year<=1951",
                                                              "Estimated Cardinality": "100000"
                                                            },
                                                            "cumulative_cardinality": 0,
                                                            "operator_type": "TABLE_SCAN",
                                                            "operator_cardinality": 48931,
                                                            "cumulative_rows_scanned": 0,
                                                            "operator_rows_scanned": 2500000,
                                                            "operator_timing": 0.0027857010000000002,
                                                            "children": []
                                                          }
                                                        ]
                                                      },
                                                      {
                                                        "total_bytes_written": 0,
                                                        "total_bytes_read": 0,
                                                        "result_set_size": 124,
                                                        "operator_name": "HASH_JOIN",
                                                        "cpu_time": 0.0,
                                                        "extra_info": {
                                                          "Join Type": "SEMI",
                                                          "Conditions": "d_date = #0",
                                                          "Estimated Cardinality": "14609"
                                                        },
                                                        "cumulative_cardinality": 0,
                                                        "operator_type": "HASH_JOIN",
                                                        "operator_cardinality": 31,
                                                        "cumulative_rows_scanned": 0,
                                                        "operator_rows_scanned": 0,
                                                        "operator_timing": 0.000317324,
                                                        "children": [
                                                          {
                                                            "total_bytes_written": 0,
                                                            "total_bytes_read": 0,
                                                            "result_set_size": 248,
                                                            "operator_name": "SEQ_SCAN ",
                                                            "cpu_time": 0.0,
                                                            "extra_info": {
                                                              "Table": "date_dim",
                                                              "Type": "Sequential Scan",
                                                              "Projections": [
                                                                "d_date",
                                                                "d_date_sk"
                                                              ],
                                                              "Filters": "d_date_sk>=2450815 AND d_date_sk<=2452653",
                                                              "Estimated Cardinality": "73049"
                                                            },
                                                            "cumulative_cardinality": 0,
                                                            "operator_type": "TABLE_SCAN",
                                                            "operator_cardinality": 31,
                                                            "cumulative_rows_scanned": 0,
                                                            "operator_rows_scanned": 73049,
                                                            "operator_timing": 9.2026e-05,
                                                            "children": []
                                                          },
                                                          {
                                                            "total_bytes_written": 0,
                                                            "total_bytes_read": 0,
                                                            "result_set_size": 124,
                                                            "operator_name": "PROJECTION",
                                                            "cpu_time": 0.0,
                                                            "extra_info": {
                                                              "Projections": "d_date",
                                                              "Estimated Cardinality": "87"
                                                            },
                                                            "cumulative_cardinality": 0,
                                                            "operator_type": "PROJECTION",
                                                            "operator_cardinality": 31,
                                                            "cumulative_rows_scanned": 0,
                                                            "operator_rows_scanned": 0,
                                                            "operator_timing": 2.24e-07,
                                                            "children": [
                                                              {
                                                                "total_bytes_written": 0,
                                                                "total_bytes_read": 0,
                                                                "result_set_size": 248,
                                                                "operator_name": "HASH_JOIN",
                                                                "cpu_time": 0.0,
                                                                "extra_info": {
                                                                  "Join Type": "INNER",
                                                                  "Conditions": "d_month_seq = SUBQUERY",
                                                                  "Estimated Cardinality": "87"
                                                                },
                                                                "cumulative_cardinality": 0,
                                                                "operator_type": "HASH_JOIN",
                                                                "operator_cardinality": 31,
                                                                "cumulative_rows_scanned": 0,
                                                                "operator_rows_scanned": 0,
                                                                "operator_timing": 0.000961527,
                                                                "children": [
                                                                  {
                                                                    "total_bytes_written": 0,
                                                                    "total_bytes_read": 0,
                                                                    "result_set_size": 248,
                                                                    "operator_name": "SEQ_SCAN ",
                                                                    "cpu_time": 0.0,
                                                                    "extra_info": {
                                                                      "Table": "date_dim",
                                                                      "Type": "Sequential Scan",
                                                                      "Projections": [
                                                                        "d_month_seq",
                                                                        "d_date"
                                                                      ],
                                                                      "Estimated Cardinality": "73049"
                                                                    },
                                                                    "cumulative_cardinality": 0,
                                                                    "operator_type": "TABLE_SCAN",
                                                                    "operator_cardinality": 31,
                                                                    "cumulative_rows_scanned": 0,
                                                                    "operator_rows_scanned": 73049,
                                                                    "operator_timing": 0.000100517,
                                                                    "children": []
                                                                  },
                                                                  {
                                                                    "total_bytes_written": 0,
                                                                    "total_bytes_read": 0,
                                                                    "result_set_size": 4,
                                                                    "operator_name": "PROJECTION",
                                                                    "cpu_time": 0.0,
                                                                    "extra_info": {
                                                                      "Projections": [
                                                                        "CASE  WHEN ((#1 > 1)) THEN (\"error\"('More than one row returned by a subquery used as an expression - scalar subqueries can only return a single row.",
                                                                        "Use \"SET scalar_subquery_error_on_multiple_rows=false\" to revert to previous behavior of returning a random row.')) ELSE #0 END"
                                                                      ],
                                                                      "Estimated Cardinality": "1"
                                                                    },
                                                                    "cumulative_cardinality": 0,
                                                                    "operator_type": "PROJECTION",
                                                                    "operator_cardinality": 1,
                                                                    "cumulative_rows_scanned": 0,
                                                                    "operator_rows_scanned": 0,
                                                                    "operator_timing": 3.31e-06,
                                                                    "children": [
                                                                      {
                                                                        "total_bytes_written": 0,
                                                                        "total_bytes_read": 0,
                                                                        "result_set_size": 12,
                                                                        "operator_name": "UNGROUPED_AGGREGATE",
                                                                        "cpu_time": 0.0,
                                                                        "extra_info": {
                                                                          "Aggregates": [
                                                                            "\"first\"(#0)",
                                                                            "count_star()"
                                                                          ]
                                                                        },
                                                                        "cumulative_cardinality": 0,
                                                                        "operator_type": "UNGROUPED_AGGREGATE",
                                                                        "operator_cardinality": 1,
                                                                        "cumulative_rows_scanned": 0,
                                                                        "operator_rows_scanned": 0,
                                                                        "operator_timing": 0.00015782,
                                                                        "children": [
                                                                          {
                                                                            "total_bytes_written": 0,
                                                                            "total_bytes_read": 0,
                                                                            "result_set_size": 4,
                                                                            "operator_name": "PROJECTION",
                                                                            "cpu_time": 0.0,
                                                                            "extra_info": {
                                                                              "Projections": "#0",
                                                                              "Estimated Cardinality": "2"
                                                                            },
                                                                            "cumulative_cardinality": 0,
                                                                            "operator_type": "PROJECTION",
                                                                            "operator_cardinality": 1,
                                                                            "cumulative_rows_scanned": 0,
                                                                            "operator_rows_scanned": 0,
                                                                            "operator_timing": 6.09e-07,
                                                                            "children": [
                                                                              {
                                                                                "total_bytes_written": 0,
                                                                                "total_bytes_read": 0,
                                                                                "result_set_size": 4,
                                                                                "operator_name": "SEQ_SCAN ",
                                                                                "cpu_time": 0.0,
                                                                                "extra_info": {
                                                                                  "Table": "date_dim",
                                                                                  "Type": "Sequential Scan",
                                                                                  "Projections": "d_month_seq",
                                                                                  "Filters": "d_date='1998-05-19'::DATE",
                                                                                  "Estimated Cardinality": "2"
                                                                                },
                                                                                "cumulative_cardinality": 0,
                                                                                "operator_type": "TABLE_SCAN",
                                                                                "operator_cardinality": 1,
                                                                                "cumulative_rows_scanned": 0,
                                                                                "operator_rows_scanned": 73049,
                                                                                "operator_timing": 7.668200000000001e-05,
                                                                                "children": []
                                                                              }
                                                                            ]
                                                                          }
                                                                        ]
                                                                      }
                                                                    ]
                                                                  }
                                                                ]
                                                              }
                                                            ]
                                                          }
                                                        ]
                                                      }
                                                    ]
                                                  },
                                                  {
                                                    "total_bytes_written": 0,
                                                    "total_bytes_read": 0,
                                                    "result_set_size": 179400,
                                                    "operator_name": "SEQ_SCAN ",
                                                    "cpu_time": 0.0,
                                                    "extra_info": {
                                                      "Table": "item",
                                                      "Type": "Sequential Scan",
                                                      "Projections": [
                                                        "i_item_sk",
                                                        "i_item_id"
                                                      ],
                                                      "Filters": "i_manager_id>=71 AND i_manager_id<=100",
                                                      "Estimated Cardinality": "20400"
                                                    },
                                                    "cumulative_cardinality": 0,
                                                    "operator_type": "TABLE_SCAN",
                                                    "operator_cardinality": 8970,
                                                    "cumulative_rows_scanned": 0,
                                                    "operator_rows_scanned": 102000,
                                                    "operator_timing": 0.000665453,
                                                    "children": []
                                                  }
                                                ]
                                              }
                                            ]
                                          }
                                        ]
                                      }
                                    ]
                                  }
                                ]
                              },
                              {
                                "total_bytes_written": 0,
                                "total_bytes_read": 0,
                                "result_set_size": 468,
                                "operator_name": "PROJECTION",
                                "cpu_time": 0.0,
                                "extra_info": {
                                  "Projections": [
                                    "#0",
                                    "__internal_decompress_integral_integer(#1, 1945)",
                                    "#2"
                                  ],
                                  "Estimated Cardinality": "12174"
                                },
                                "cumulative_cardinality": 0,
                                "operator_type": "PROJECTION",
                                "operator_cardinality": 13,
                                "cumulative_rows_scanned": 0,
                                "operator_rows_scanned": 0,
                                "operator_timing": 1.7232e-05,
                                "children": [
                                  {
                                    "total_bytes_written": 0,
                                    "total_bytes_read": 0,
                                    "result_set_size": 429,
                                    "operator_name": "HASH_GROUP_BY",
                                    "cpu_time": 0.0,
                                    "extra_info": {
                                      "Groups": [
                                        "#0",
                                        "#1"
                                      ],
                                      "Aggregates": "sum(#2)",
                                      "Estimated Cardinality": "12174"
                                    },
                                    "cumulative_cardinality": 0,
                                    "operator_type": "HASH_GROUP_BY",
                                    "operator_cardinality": 13,
                                    "cumulative_rows_scanned": 0,
                                    "operator_rows_scanned": 0,
                                    "operator_timing": 0.03532269800000002,
                                    "children": [
                                      {
                                        "total_bytes_written": 0,
                                        "total_bytes_read": 0,
                                        "result_set_size": 273,
                                        "operator_name": "PROJECTION",
                                        "cpu_time": 0.0,
                                        "extra_info": {
                                          "Projections": [
                                            "i_item_id",
                                            "c_birth_year",
                                            "ws_ext_sales_price"
                                          ],
                                          "Estimated Cardinality": "12176"
                                        },
                                        "cumulative_cardinality": 0,
                                        "operator_type": "PROJECTION",
                                        "operator_cardinality": 13,
                                        "cumulative_rows_scanned": 0,
                                        "operator_rows_scanned": 0,
                                        "operator_timing": 1.0511000000000002e-05,
                                        "children": [
                                          {
                                            "total_bytes_written": 0,
                                            "total_bytes_read": 0,
                                            "result_set_size": 273,
                                            "operator_name": "PROJECTION",
                                            "cpu_time": 0.0,
                                            "extra_info": {
                                              "Projections": [
                                                "#0",
                                                "__internal_compress_integral_utinyint(#1, 1945)",
                                                "#2"
                                              ],
                                              "Estimated Cardinality": "12176"
                                            },
                                            "cumulative_cardinality": 0,
                                            "operator_type": "PROJECTION",
                                            "operator_cardinality": 13,
                                            "cumulative_rows_scanned": 0,
                                            "operator_rows_scanned": 0,
                                            "operator_timing": 0.000527125,
                                            "children": [
                                              {
                                                "total_bytes_written": 0,
                                                "total_bytes_read": 0,
                                                "result_set_size": 312,
                                                "operator_name": "HASH_JOIN",
                                                "cpu_time": 0.0,
                                                "extra_info": {
                                                  "Join Type": "INNER",
                                                  "Conditions": "ws_item_sk = i_item_sk",
                                                  "Estimated Cardinality": "12176"
                                                },
                                                "cumulative_cardinality": 0,
                                                "operator_type": "HASH_JOIN",
                                                "operator_cardinality": 13,
                                                "cumulative_rows_scanned": 0,
                                                "operator_rows_scanned": 0,
                                                "operator_timing": 0.005429891000000002,
                                                "children": [
                                                  {
                                                    "total_bytes_written": 0,
                                                    "total_bytes_read": 0,
                                                    "result_set_size": 2944,
                                                    "operator_name": "HASH_JOIN",
                                                    "cpu_time": 0.0,
                                                    "extra_info": {
                                                      "Join Type": "INNER",
                                                      "Conditions": "ws_sold_date_sk = d_date_sk",
                                                      "Estimated Cardinality": "57580"
                                                    },
                                                    "cumulative_cardinality": 0,
                                                    "operator_type": "HASH_JOIN",
                                                    "operator_cardinality": 184,
                                                    "cumulative_rows_scanned": 0,
                                                    "operator_rows_scanned": 0,
                                                    "operator_timing": 0.017830385999999993,
                                                    "children": [
                                                      {
                                                        "total_bytes_written": 0,
                                                        "total_bytes_read": 0,
                                                        "result_set_size": 2944,
                                                        "operator_name": "HASH_JOIN",
                                                        "cpu_time": 0.0,
                                                        "extra_info": {
                                                          "Join Type": "INNER",
                                                          "Conditions": "ws_bill_customer_sk = c_customer_sk",
                                                          "Estimated Cardinality": "287902"
                                                        },
                                                        "cumulative_cardinality": 0,
                                                        "operator_type": "HASH_JOIN",
                                                        "operator_cardinality": 184,
                                                        "cumulative_rows_scanned": 0,
                                                        "operator_rows_scanned": 0,
                                                        "operator_timing": 0.016564826,
                                                        "children": [
                                                          {
                                                            "total_bytes_written": 0,
                                                            "total_bytes_read": 0,
                                                            "result_set_size": 26688,
                                                            "operator_name": "SEQ_SCAN ",
                                                            "cpu_time": 0.0,
                                                            "extra_info": {
                                                              "Table": "web_sales",
                                                              "Type": "Sequential Scan",
                                                              "Projections": [
                                                                "ws_item_sk",
                                                                "ws_sold_date_sk",
                                                                "ws_bill_customer_sk",
                                                                "ws_ext_sales_price"
                                                              ],
                                                              "Filters": "ws_list_price>=242.00 AND ws_list_price<=271.00",
                                                              "Estimated Cardinality": "1439513"
                                                            },
                                                            "cumulative_cardinality": 0,
                                                            "operator_type": "TABLE_SCAN",
                                                            "operator_cardinality": 1668,
                                                            "cumulative_rows_scanned": 0,
                                                            "operator_rows_scanned": 201531848,
                                                            "operator_timing": 0.11341866899999997,
                                                            "children": []
                                                          },
                                                          {
                                                            "total_bytes_written": 0,
                                                            "total_bytes_read": 0,
                                                            "result_set_size": 391440,
                                                            "operator_name": "FILTER",
                                                            "cpu_time": 0.0,
                                                            "extra_info": {
                                                              "Expression": "(c_customer_sk BETWEEN 2 AND 499998)",
                                                              "Estimated Cardinality": "100000"
                                                            },
                                                            "cumulative_cardinality": 0,
                                                            "operator_type": "FILTER",
                                                            "operator_cardinality": 48930,
                                                            "cumulative_rows_scanned": 0,
                                                            "operator_rows_scanned": 0,
                                                            "operator_timing": 0.00034684600000000005,
                                                            "children": [
                                                              {
                                                                "total_bytes_written": 0,
                                                                "total_bytes_read": 0,
                                                                "result_set_size": 391448,
                                                                "operator_name": "SEQ_SCAN ",
                                                                "cpu_time": 0.0,
                                                                "extra_info": {
                                                                  "Table": "customer",
                                                                  "Type": "Sequential Scan",
                                                                  "Projections": [
                                                                    "c_customer_sk",
                                                                    "c_birth_year"
                                                                  ],
                                                                  "Filters": "c_birth_year>=1945 AND c_birth_year<=1951",
                                                                  "Estimated Cardinality": "100000"
                                                                },
                                                                "cumulative_cardinality": 0,
                                                                "operator_type": "TABLE_SCAN",
                                                                "operator_cardinality": 48931,
                                                                "cumulative_rows_scanned": 0,
                                                                "operator_rows_scanned": 2500000,
                                                                "operator_timing": 0.0018848050000000002,
                                                                "children": []
                                                              }
                                                            ]
                                                          }
                                                        ]
                                                      },
                                                      {
                                                        "total_bytes_written": 0,
                                                        "total_bytes_read": 0,
                                                        "result_set_size": 124,
                                                        "operator_name": "HASH_JOIN",
                                                        "cpu_time": 0.0,
                                                        "extra_info": {
                                                          "Join Type": "SEMI",
                                                          "Conditions": "d_date = #0",
                                                          "Estimated Cardinality": "14609"
                                                        },
                                                        "cumulative_cardinality": 0,
                                                        "operator_type": "HASH_JOIN",
                                                        "operator_cardinality": 31,
                                                        "cumulative_rows_scanned": 0,
                                                        "operator_rows_scanned": 0,
                                                        "operator_timing": 0.000273668,
                                                        "children": [
                                                          {
                                                            "total_bytes_written": 0,
                                                            "total_bytes_read": 0,
                                                            "result_set_size": 248,
                                                            "operator_name": "SEQ_SCAN ",
                                                            "cpu_time": 0.0,
                                                            "extra_info": {
                                                              "Table": "date_dim",
                                                              "Type": "Sequential Scan",
                                                              "Projections": [
                                                                "d_date",
                                                                "d_date_sk"
                                                              ],
                                                              "Filters": "d_date_sk>=2450816 AND d_date_sk<=2452642",
                                                              "Estimated Cardinality": "73049"
                                                            },
                                                            "cumulative_cardinality": 0,
                                                            "operator_type": "TABLE_SCAN",
                                                            "operator_cardinality": 31,
                                                            "cumulative_rows_scanned": 0,
                                                            "operator_rows_scanned": 73049,
                                                            "operator_timing": 9.633e-05,
                                                            "children": []
                                                          },
                                                          {
                                                            "total_bytes_written": 0,
                                                            "total_bytes_read": 0,
                                                            "result_set_size": 124,
                                                            "operator_name": "PROJECTION",
                                                            "cpu_time": 0.0,
                                                            "extra_info": {
                                                              "Projections": "d_date",
                                                              "Estimated Cardinality": "87"
                                                            },
                                                            "cumulative_cardinality": 0,
                                                            "operator_type": "PROJECTION",
                                                            "operator_cardinality": 31,
                                                            "cumulative_rows_scanned": 0,
                                                            "operator_rows_scanned": 0,
                                                            "operator_timing": 1.16e-07,
                                                            "children": [
                                                              {
                                                                "total_bytes_written": 0,
                                                                "total_bytes_read": 0,
                                                                "result_set_size": 248,
                                                                "operator_name": "HASH_JOIN",
                                                                "cpu_time": 0.0,
                                                                "extra_info": {
                                                                  "Join Type": "INNER",
                                                                  "Conditions": "d_month_seq = SUBQUERY",
                                                                  "Estimated Cardinality": "87"
                                                                },
                                                                "cumulative_cardinality": 0,
                                                                "operator_type": "HASH_JOIN",
                                                                "operator_cardinality": 31,
                                                                "cumulative_rows_scanned": 0,
                                                                "operator_rows_scanned": 0,
                                                                "operator_timing": 0.000310717,
                                                                "children": [
                                                                  {
                                                                    "total_bytes_written": 0,
                                                                    "total_bytes_read": 0,
                                                                    "result_set_size": 248,
                                                                    "operator_name": "SEQ_SCAN ",
                                                                    "cpu_time": 0.0,
                                                                    "extra_info": {
                                                                      "Table": "date_dim",
                                                                      "Type": "Sequential Scan",
                                                                      "Projections": [
                                                                        "d_month_seq",
                                                                        "d_date"
                                                                      ],
                                                                      "Estimated Cardinality": "73049"
                                                                    },
                                                                    "cumulative_cardinality": 0,
                                                                    "operator_type": "TABLE_SCAN",
                                                                    "operator_cardinality": 31,
                                                                    "cumulative_rows_scanned": 0,
                                                                    "operator_rows_scanned": 73049,
                                                                    "operator_timing": 0.00011286799999999999,
                                                                    "children": []
                                                                  },
                                                                  {
                                                                    "total_bytes_written": 0,
                                                                    "total_bytes_read": 0,
                                                                    "result_set_size": 4,
                                                                    "operator_name": "PROJECTION",
                                                                    "cpu_time": 0.0,
                                                                    "extra_info": {
                                                                      "Projections": [
                                                                        "CASE  WHEN ((#1 > 1)) THEN (\"error\"('More than one row returned by a subquery used as an expression - scalar subqueries can only return a single row.",
                                                                        "Use \"SET scalar_subquery_error_on_multiple_rows=false\" to revert to previous behavior of returning a random row.')) ELSE #0 END"
                                                                      ],
                                                                      "Estimated Cardinality": "1"
                                                                    },
                                                                    "cumulative_cardinality": 0,
                                                                    "operator_type": "PROJECTION",
                                                                    "operator_cardinality": 1,
                                                                    "cumulative_rows_scanned": 0,
                                                                    "operator_rows_scanned": 0,
                                                                    "operator_timing": 1.871e-06,
                                                                    "children": [
                                                                      {
                                                                        "total_bytes_written": 0,
                                                                        "total_bytes_read": 0,
                                                                        "result_set_size": 12,
                                                                        "operator_name": "UNGROUPED_AGGREGATE",
                                                                        "cpu_time": 0.0,
                                                                        "extra_info": {
                                                                          "Aggregates": [
                                                                            "\"first\"(#0)",
                                                                            "count_star()"
                                                                          ]
                                                                        },
                                                                        "cumulative_cardinality": 0,
                                                                        "operator_type": "UNGROUPED_AGGREGATE",
                                                                        "operator_cardinality": 1,
                                                                        "cumulative_rows_scanned": 0,
                                                                        "operator_rows_scanned": 0,
                                                                        "operator_timing": 4.185e-06,
                                                                        "children": [
                                                                          {
                                                                            "total_bytes_written": 0,
                                                                            "total_bytes_read": 0,
                                                                            "result_set_size": 4,
                                                                            "operator_name": "PROJECTION",
                                                                            "cpu_time": 0.0,
                                                                            "extra_info": {
                                                                              "Projections": "#0",
                                                                              "Estimated Cardinality": "2"
                                                                            },
                                                                            "cumulative_cardinality": 0,
                                                                            "operator_type": "PROJECTION",
                                                                            "operator_cardinality": 1,
                                                                            "cumulative_rows_scanned": 0,
                                                                            "operator_rows_scanned": 0,
                                                                            "operator_timing": 5.42e-07,
                                                                            "children": [
                                                                              {
                                                                                "total_bytes_written": 0,
                                                                                "total_bytes_read": 0,
                                                                                "result_set_size": 4,
                                                                                "operator_name": "SEQ_SCAN ",
                                                                                "cpu_time": 0.0,
                                                                                "extra_info": {
                                                                                  "Table": "date_dim",
                                                                                  "Type": "Sequential Scan",
                                                                                  "Projections": "d_month_seq",
                                                                                  "Filters": "d_date='1998-05-19'::DATE",
                                                                                  "Estimated Cardinality": "2"
                                                                                },
                                                                                "cumulative_cardinality": 0,
                                                                                "operator_type": "TABLE_SCAN",
                                                                                "operator_cardinality": 1,
                                                                                "cumulative_rows_scanned": 0,
                                                                                "operator_rows_scanned": 73049,
                                                                                "operator_timing": 0.000225524,
                                                                                "children": []
                                                                              }
                                                                            ]
                                                                          }
                                                                        ]
                                                                      }
                                                                    ]
                                                                  }
                                                                ]
                                                              }
                                                            ]
                                                          }
                                                        ]
                                                      }
                                                    ]
                                                  },
                                                  {
                                                    "total_bytes_written": 0,
                                                    "total_bytes_read": 0,
                                                    "result_set_size": 179400,
                                                    "operator_name": "SEQ_SCAN ",
                                                    "cpu_time": 0.0,
                                                    "extra_info": {
                                                      "Table": "item",
                                                      "Type": "Sequential Scan",
                                                      "Projections": [
                                                        "i_item_sk",
                                                        "i_item_id"
                                                      ],
                                                      "Filters": "i_manager_id>=71 AND i_manager_id<=100",
                                                      "Estimated Cardinality": "20400"
                                                    },
                                                    "cumulative_cardinality": 0,
                                                    "operator_type": "TABLE_SCAN",
                                                    "operator_cardinality": 8970,
                                                    "cumulative_rows_scanned": 0,
                                                    "operator_rows_scanned": 102000,
                                                    "operator_timing": 0.0016609320000000002,
                                                    "children": []
                                                  }
                                                ]
                                              }
                                            ]
                                          }
                                        ]
                                      }
                                    ]
                                  }
                                ]
                              }
                            ]
                          },
                          {
                            "total_bytes_written": 0,
                            "total_bytes_read": 0,
                            "result_set_size": 0,
                            "operator_name": "PROJECTION",
                            "cpu_time": 0.0,
                            "extra_info": {
                              "Projections": [
                                "#0",
                                "__internal_decompress_integral_integer(#1, 1945)",
                                "#2"
                              ],
                              "Estimated Cardinality": "48896"
                            },
                            "cumulative_cardinality": 0,
                            "operator_type": "PROJECTION",
                            "operator_cardinality": 0,
                            "cumulative_rows_scanned": 0,
                            "operator_rows_scanned": 0,
                            "operator_timing": 0.0,
                            "children": [
                              {
                                "total_bytes_written": 0,
                                "total_bytes_read": 0,
                                "result_set_size": 0,
                                "operator_name": "HASH_GROUP_BY",
                                "cpu_time": 0.0,
                                "extra_info": {
                                  "Groups": [
                                    "#0",
                                    "#1"
                                  ],
                                  "Aggregates": "sum(#2)",
                                  "Estimated Cardinality": "48896"
                                },
                                "cumulative_cardinality": 0,
                                "operator_type": "HASH_GROUP_BY",
                                "operator_cardinality": 0,
                                "cumulative_rows_scanned": 0,
                                "operator_rows_scanned": 0,
                                "operator_timing": 1.212e-06,
                                "children": [
                                  {
                                    "total_bytes_written": 0,
                                    "total_bytes_read": 0,
                                    "result_set_size": 0,
                                    "operator_name": "PROJECTION",
                                    "cpu_time": 0.0,
                                    "extra_info": {
                                      "Projections": [
                                        "i_item_id",
                                        "c_birth_year",
                                        "ss_ext_sales_price"
                                      ],
                                      "Estimated Cardinality": "48935"
                                    },
                                    "cumulative_cardinality": 0,
                                    "operator_type": "PROJECTION",
                                    "operator_cardinality": 0,
                                    "cumulative_rows_scanned": 0,
                                    "operator_rows_scanned": 0,
                                    "operator_timing": 0.0,
                                    "children": [
                                      {
                                        "total_bytes_written": 0,
                                        "total_bytes_read": 0,
                                        "result_set_size": 0,
                                        "operator_name": "PROJECTION",
                                        "cpu_time": 0.0,
                                        "extra_info": {
                                          "Projections": [
                                            "#0",
                                            "__internal_compress_integral_utinyint(#1, 1945)",
                                            "#2"
                                          ],
                                          "Estimated Cardinality": "48935"
                                        },
                                        "cumulative_cardinality": 0,
                                        "operator_type": "PROJECTION",
                                        "operator_cardinality": 0,
                                        "cumulative_rows_scanned": 0,
                                        "operator_rows_scanned": 0,
                                        "operator_timing": 0.0,
                                        "children": [
                                          {
                                            "total_bytes_written": 0,
                                            "total_bytes_read": 0,
                                            "result_set_size": 0,
                                            "operator_name": "HASH_JOIN",
                                            "cpu_time": 0.0,
                                            "extra_info": {
                                              "Join Type": "INNER",
                                              "Conditions": "ss_item_sk = i_item_sk",
                                              "Estimated Cardinality": "48935"
                                            },
                                            "cumulative_cardinality": 0,
                                            "operator_type": "HASH_JOIN",
                                            "operator_cardinality": 0,
                                            "cumulative_rows_scanned": 0,
                                            "operator_rows_scanned": 0,
                                            "operator_timing": 0.0017206020000000003,
                                            "children": [
                                              {
                                                "total_bytes_written": 0,
                                                "total_bytes_read": 0,
                                                "result_set_size": 0,
                                                "operator_name": "HASH_JOIN",
                                                "cpu_time": 0.0,
                                                "extra_info": {
                                                  "Join Type": "INNER",
                                                  "Conditions": "ss_sold_date_sk = d_date_sk",
                                                  "Estimated Cardinality": "230407"
                                                },
                                                "cumulative_cardinality": 0,
                                                "operator_type": "HASH_JOIN",
                                                "operator_cardinality": 0,
                                                "cumulative_rows_scanned": 0,
                                                "operator_rows_scanned": 0,
                                                "operator_timing": 0.000139434,
                                                "children": [
                                                  {
                                                    "total_bytes_written": 0,
                                                    "total_bytes_read": 0,
                                                    "result_set_size": 0,
                                                    "operator_name": "HASH_JOIN",
                                                    "cpu_time": 0.0,
                                                    "extra_info": {
                                                      "Join Type": "INNER",
                                                      "Conditions": "ss_customer_sk = c_customer_sk",
                                                      "Estimated Cardinality": "1152039"
                                                    },
                                                    "cumulative_cardinality": 0,
                                                    "operator_type": "HASH_JOIN",
                                                    "operator_cardinality": 0,
                                                    "cumulative_rows_scanned": 0,
                                                    "operator_rows_scanned": 0,
                                                    "operator_timing": 0.014948277999999999,
                                                    "children": [
                                                      {
                                                        "total_bytes_written": 0,
                                                        "total_bytes_read": 0,
                                                        "result_set_size": 0,
                                                        "operator_name": "EMPTY_RESULT",
                                                        "cpu_time": 0.0,
                                                        "extra_info": {},
                                                        "cumulative_cardinality": 0,
                                                        "operator_type": "EMPTY_RESULT",
                                                        "operator_cardinality": 0,
                                                        "cumulative_rows_scanned": 0,
                                                        "operator_rows_scanned": 0,
                                                        "operator_timing": 1.29e-07,
                                                        "children": []
                                                      },
                                                      {
                                                        "total_bytes_written": 0,
                                                        "total_bytes_read": 0,
                                                        "result_set_size": 391448,
                                                        "operator_name": "SEQ_SCAN ",
                                                        "cpu_time": 0.0,
                                                        "extra_info": {
                                                          "Table": "customer",
                                                          "Type": "Sequential Scan",
                                                          "Projections": [
                                                            "c_customer_sk",
                                                            "c_birth_year"
                                                          ],
                                                          "Filters": "c_birth_year>=1945 AND c_birth_year<=1951",
                                                          "Estimated Cardinality": "100000"
                                                        },
                                                        "cumulative_cardinality": 0,
                                                        "operator_type": "TABLE_SCAN",
                                                        "operator_cardinality": 48931,
                                                        "cumulative_rows_scanned": 0,
                                                        "operator_rows_scanned": 2500000,
                                                        "operator_timing": 0.002438385,
                                                        "children": []
                                                      }
                                                    ]
                                                  },
                                                  {
                                                    "total_bytes_written": 0,
                                                    "total_bytes_read": 0,
                                                    "result_set_size": 124,
                                                    "operator_name": "HASH_JOIN",
                                                    "cpu_time": 0.0,
                                                    "extra_info": {
                                                      "Join Type": "SEMI",
                                                      "Conditions": "d_date = #0",
                                                      "Estimated Cardinality": "14609"
                                                    },
                                                    "cumulative_cardinality": 0,
                                                    "operator_type": "HASH_JOIN",
                                                    "operator_cardinality": 31,
                                                    "cumulative_rows_scanned": 0,
                                                    "operator_rows_scanned": 0,
                                                    "operator_timing": 0.000501942,
                                                    "children": [
                                                      {
                                                        "total_bytes_written": 0,
                                                        "total_bytes_read": 0,
                                                        "result_set_size": 248,
                                                        "operator_name": "SEQ_SCAN ",
                                                        "cpu_time": 0.0,
                                                        "extra_info": {
                                                          "Table": "date_dim",
                                                          "Type": "Sequential Scan",
                                                          "Projections": [
                                                            "d_date",
                                                            "d_date_sk"
                                                          ],
                                                          "Filters": "d_date_sk>=2450816 AND d_date_sk<=2452642",
                                                          "Estimated Cardinality": "73049"
                                                        },
                                                        "cumulative_cardinality": 0,
                                                        "operator_type": "TABLE_SCAN",
                                                        "operator_cardinality": 31,
                                                        "cumulative_rows_scanned": 0,
                                                        "operator_rows_scanned": 73049,
                                                        "operator_timing": 0.00011677000000000001,
                                                        "children": []
                                                      },
                                                      {
                                                        "total_bytes_written": 0,
                                                        "total_bytes_read": 0,
                                                        "result_set_size": 124,
                                                        "operator_name": "PROJECTION",
                                                        "cpu_time": 0.0,
                                                        "extra_info": {
                                                          "Projections": "d_date",
                                                          "Estimated Cardinality": "87"
                                                        },
                                                        "cumulative_cardinality": 0,
                                                        "operator_type": "PROJECTION",
                                                        "operator_cardinality": 31,
                                                        "cumulative_rows_scanned": 0,
                                                        "operator_rows_scanned": 0,
                                                        "operator_timing": 7.11e-07,
                                                        "children": [
                                                          {
                                                            "total_bytes_written": 0,
                                                            "total_bytes_read": 0,
                                                            "result_set_size": 248,
                                                            "operator_name": "HASH_JOIN",
                                                            "cpu_time": 0.0,
                                                            "extra_info": {
                                                              "Join Type": "INNER",
                                                              "Conditions": "d_month_seq = SUBQUERY",
                                                              "Estimated Cardinality": "87"
                                                            },
                                                            "cumulative_cardinality": 0,
                                                            "operator_type": "HASH_JOIN",
                                                            "operator_cardinality": 31,
                                                            "cumulative_rows_scanned": 0,
                                                            "operator_rows_scanned": 0,
                                                            "operator_timing": 0.000299761,
                                                            "children": [
                                                              {
                                                                "total_bytes_written": 0,
                                                                "total_bytes_read": 0,
                                                                "result_set_size": 248,
                                                                "operator_name": "SEQ_SCAN ",
                                                                "cpu_time": 0.0,
                                                                "extra_info": {
                                                                  "Table": "date_dim",
                                                                  "Type": "Sequential Scan",
                                                                  "Projections": [
                                                                    "d_month_seq",
                                                                    "d_date"
                                                                  ],
                                                                  "Estimated Cardinality": "73049"
                                                                },
                                                                "cumulative_cardinality": 0,
                                                                "operator_type": "TABLE_SCAN",
                                                                "operator_cardinality": 31,
                                                                "cumulative_rows_scanned": 0,
                                                                "operator_rows_scanned": 73049,
                                                                "operator_timing": 0.001164565,
                                                                "children": []
                                                              },
                                                              {
                                                                "total_bytes_written": 0,
                                                                "total_bytes_read": 0,
                                                                "result_set_size": 4,
                                                                "operator_name": "PROJECTION",
                                                                "cpu_time": 0.0,
                                                                "extra_info": {
                                                                  "Projections": [
                                                                    "CASE  WHEN ((#1 > 1)) THEN (\"error\"('More than one row returned by a subquery used as an expression - scalar subqueries can only return a single row.",
                                                                    "Use \"SET scalar_subquery_error_on_multiple_rows=false\" to revert to previous behavior of returning a random row.')) ELSE #0 END"
                                                                  ],
                                                                  "Estimated Cardinality": "1"
                                                                },
                                                                "cumulative_cardinality": 0,
                                                                "operator_type": "PROJECTION",
                                                                "operator_cardinality": 1,
                                                                "cumulative_rows_scanned": 0,
                                                                "operator_rows_scanned": 0,
                                                                "operator_timing": 1.0338e-05,
                                                                "children": [
                                                                  {
                                                                    "total_bytes_written": 0,
                                                                    "total_bytes_read": 0,
                                                                    "result_set_size": 12,
                                                                    "operator_name": "UNGROUPED_AGGREGATE",
                                                                    "cpu_time": 0.0,
                                                                    "extra_info": {
                                                                      "Aggregates": [
                                                                        "\"first\"(#0)",
                                                                        "count_star()"
                                                                      ]
                                                                    },
                                                                    "cumulative_cardinality": 0,
                                                                    "operator_type": "UNGROUPED_AGGREGATE",
                                                                    "operator_cardinality": 1,
                                                                    "cumulative_rows_scanned": 0,
                                                                    "operator_rows_scanned": 0,
                                                                    "operator_timing": 1.4371e-05,
                                                                    "children": [
                                                                      {
                                                                        "total_bytes_written": 0,
                                                                        "total_bytes_read": 0,
                                                                        "result_set_size": 4,
                                                                        "operator_name": "PROJECTION",
                                                                        "cpu_time": 0.0,
                                                                        "extra_info": {
                                                                          "Projections": "#0",
                                                                          "Estimated Cardinality": "2"
                                                                        },
                                                                        "cumulative_cardinality": 0,
                                                                        "operator_type": "PROJECTION",
                                                                        "operator_cardinality": 1,
                                                                        "cumulative_rows_scanned": 0,
                                                                        "operator_rows_scanned": 0,
                                                                        "operator_timing": 6.27e-07,
                                                                        "children": [
                                                                          {
                                                                            "total_bytes_written": 0,
                                                                            "total_bytes_read": 0,
                                                                            "result_set_size": 4,
                                                                            "operator_name": "SEQ_SCAN ",
                                                                            "cpu_time": 0.0,
                                                                            "extra_info": {
                                                                              "Table": "date_dim",
                                                                              "Type": "Sequential Scan",
                                                                              "Projections": "d_month_seq",
                                                                              "Filters": "d_date='1998-05-19'::DATE",
                                                                              "Estimated Cardinality": "2"
                                                                            },
                                                                            "cumulative_cardinality": 0,
                                                                            "operator_type": "TABLE_SCAN",
                                                                            "operator_cardinality": 1,
                                                                            "cumulative_rows_scanned": 0,
                                                                            "operator_rows_scanned": 73049,
                                                                            "operator_timing": 8.4139e-05,
                                                                            "children": []
                                                                          }
                                                                        ]
                                                                      }
                                                                    ]
                                                                  }
                                                                ]
                                                              }
                                                            ]
                                                          }
                                                        ]
                                                      }
                                                    ]
                                                  }
                                                ]
                                              },
                                              {
                                                "total_bytes_written": 0,
                                                "total_bytes_read": 0,
                                                "result_set_size": 179400,
                                                "operator_name": "SEQ_SCAN ",
                                                "cpu_time": 0.0,
                                                "extra_info": {
                                                  "Table": "item",
                                                  "Type": "Sequential Scan",
                                                  "Projections": [
                                                    "i_item_sk",
                                                    "i_item_id"
                                                  ],
                                                  "Filters": "i_manager_id>=71 AND i_manager_id<=100",
                                                  "Estimated Cardinality": "20400"
                                                },
                                                "cumulative_cardinality": 0,
                                                "operator_type": "TABLE_SCAN",
                                                "operator_cardinality": 8970,
                                                "cumulative_rows_scanned": 0,
                                                "operator_rows_scanned": 102000,
                                                "operator_timing": 0.002298853999999999,
                                                "children": []
                                              }
                                            ]
                                          }
                                        ]
                                      }
                                    ]
                                  }
                                ]
                              }
                            ]
                          }
                        ]
                      }
                    ]
                  }
                ]
              }
            ]
          }
        ]
      }
    ]
  },
  "actual_rows": 0
}