{
  "execution_time_ms": 0.0,
  "plan_text": "\u250c\u2500\u2500\u2500\u2500\u2500\u2500\u2500\u2500\u2500\u2500\u2500\u2500\u2500\u2510\n\u2502    TOP_N    \u2502\n\u2502    \u2500\u2500\u2500\u2500\u2500\u2500   \u2502\n\u2502     Top:    \u2502\n\u2502     100     \u2502\n\u2502             \u2502\n\u2502  Order By:  \u2502\n\u2502tmp1.i_item_i\u2502\n\u2502    d ASC    \u2502\n\u2502   sum(tmp1  \u2502\n\u2502 .total_sales\u2502\n\u2502    ) ASC    \u2502\n\u2514\u2500\u2500\u2500\u2500\u2500\u2500\u252c\u2500\u2500\u2500\u2500\u2500\u2500\u2518\n\u250c\u2500\u2500\u2500\u2500\u2500\u2500\u2534\u2500\u2500\u2500\u2500\u2500\u2500\u2510\n\u2502HASH_GROUP_BY\u2502\n\u2502    \u2500\u2500\u2500\u2500\u2500\u2500   \u2502\n\u2502   Groups:   \u2502\n\u2502      #0     \u2502\n\u2502             \u2502\n\u2502 Aggregates: \u2502\n\u2502   sum(#1)   \u2502\n\u2502             \u2502\n\u2502 ~14,462 rows\u2502\n\u2514\u2500\u2500\u2500\u2500\u2500\u2500\u252c\u2500\u2500\u2500\u2500\u2500\u2500\u2518\n\u250c\u2500\u2500\u2500\u2500\u2500\u2500\u2534\u2500\u2500\u2500\u2500\u2500\u2500\u2510\n\u2502  PROJECTION \u2502\n\u2502    \u2500\u2500\u2500\u2500\u2500\u2500   \u2502\n\u2502  i_item_id  \u2502\n\u2502 total_sales \u2502\n\u2502             \u2502\n\u2502 ~15,675 rows\u2502\n\u2514\u2500\u2500\u2500\u2500\u2500\u2500\u252c\u2500\u2500\u2500\u2500\u2500\u2500\u2518\n\u250c\u2500\u2500\u2500\u2500\u2500\u2500\u2534\u2500\u2500\u2500\u2500\u2500\u2500\u2510\n\u2502    UNION    \u251c\u2500\u2500\u2500\u2500\u2500\u2500\u2500\u2500\u2500\u2500\u2500\u2500\u2500\u2500\u2500\u2500\u2500\u2500\u2500\u2500\u2500\u2500\u2500\u2500\u2500\u2500\u2500\u2500\u2500\u2500\u2500\u2500\u2500\u2500\u2500\u2500\u2500\u2500\u2500\u2500\u2500\u2500\u2500\u2500\u2500\u2500\u2500\u2500\u2500\u2500\u2500\u2500\u2500\u2500\u2500\u2500\u2500\u2500\u2500\u2500\u2500\u2500\u2500\u2500\u2500\u2500\u2500\u2500\u2500\u2500\u2500\u2500\u2500\u2500\u2500\u2500\u2500\u2500\u2500\u2500\u2500\u2500\u2500\u2500\u2500\u2500\u2500\u2500\u2500\u2500\u2500\u2500\u2500\u2500\u2500\u2500\u2500\u2500\u2500\u2500\u2500\u2500\u2500\u2500\u2500\u2500\u2500\u2500\u2500\u2500\u2500\u2500\u2500\u2500\u2500\u2500\u2500\u2500\u2500\u2500\u2500\u2500\u2500\u2500\u2500\u2500\u2500\u2500\u2500\u2500\u2500\u2500\u2500\u2500\u2500\u2500\u2500\u2500\u2500\u2500\u2500\u2500\u2510\n\u2514\u2500\u2500\u2500\u2500\u2500\u2500\u252c\u2500\u2500\u2500\u2500\u2500\u2500\u2518                                                                                                                                              \u2502\n\u250c\u2500\u2500\u2500\u2500\u2500\u2500\u2534\u2500\u2500\u2500\u2500\u2500\u2500\u2510                                                                                                                                       \u250c\u2500\u2500\u2500\u2500\u2500\u2500\u2534\u2500\u2500\u2500\u2500\u2500\u2500\u2510\n\u2502    UNION    \u2502                                                                                                                                       \u2502HASH_GROUP_BY\u2502\n\u2502             \u2502                                                                                                                                       \u2502    \u2500\u2500\u2500\u2500\u2500\u2500   \u2502\n\u2502             \u2502                                                                                                                                       \u2502   Groups:   \u2502\n\u2502             \u2502                                                                                                                                       \u2502      #0     \u2502\n\u2502             \u251c\u2500\u2500\u2500\u2500\u2500\u2500\u2500\u2500\u2500\u2500\u2500\u2500\u2500\u2500\u2500\u2500\u2500\u2500\u2500\u2500\u2500\u2500\u2500\u2500\u2500\u2500\u2500\u2500\u2500\u2500\u2500\u2500\u2500\u2500\u2500\u2500\u2500\u2500\u2500\u2500\u2500\u2500\u2500\u2500\u2500\u2500\u2500\u2500\u2500\u2500\u2500\u2500\u2500\u2500\u2500\u2500\u2500\u2500\u2500\u2500\u2500\u2500\u2500\u2500\u2500\u2500\u2500\u2510                                                                   \u2502             \u2502\n\u2502             \u2502                                                                   \u2502                                                                   \u2502 Aggregates: \u2502\n\u2502             \u2502                                                                   \u2502                                                                   \u2502   sum(#1)   \u2502\n\u2502             \u2502                                                                   \u2502                                                                   \u2502             \u2502\n\u2502             \u2502                                                                   \u2502                                                                   \u2502 ~2,287 rows \u2502\n\u2514\u2500\u2500\u2500\u2500\u2500\u2500\u252c\u2500\u2500\u2500\u2500\u2500\u2500\u2518                                                                   \u2502                                                                   \u2514\u2500\u2500\u2500\u2500\u2500\u2500\u252c\u2500\u2500\u2500\u2500\u2500\u2500\u2518\n\u250c\u2500\u2500\u2500\u2500\u2500\u2500\u2534\u2500\u2500\u2500\u2500\u2500\u2500\u2510                                                            \u250c\u2500\u2500\u2500\u2500\u2500\u2500\u2534\u2500\u2500\u2500\u2500\u2500\u2500\u2510                                                            \u250c\u2500\u2500\u2500\u2500\u2500\u2500\u2534\u2500\u2500\u2500\u2500\u2500\u2500\u2510\n\u2502HASH_GROUP_BY\u2502                                                            \u2502HASH_GROUP_BY\u2502                                                            \u2502  PROJECTION \u2502\n\u2502    \u2500\u2500\u2500\u2500\u2500\u2500   \u2502                                                            \u2502    \u2500\u2500\u2500\u2500\u2500\u2500   \u2502                                                            \u2502    \u2500\u2500\u2500\u2500\u2500\u2500   \u2502\n\u2502   Groups:   \u2502                                                            \u2502   Groups:   \u2502                                                            \u2502  i_item_id  \u2502\n\u2502      #0     \u2502                                                            \u2502      #0     \u2502                                                            \u2502ws_ext_sales_\u2502\n\u2502             \u2502                                                            \u2502             \u2502                                                            \u2502    price    \u2502\n\u2502 Aggregates: \u2502                                                            \u2502 Aggregates: \u2502                                                            \u2502             \u2502\n\u2502   sum(#1)   \u2502                                                            \u2502   sum(#1)   \u2502                                                            \u2502             \u2502\n\u2502             \u2502                                                            \u2502             \u2502                                                            \u2502             \u2502\n\u2502 ~8,850 rows \u2502                                                            \u2502 ~4,538 rows \u2502                                                            \u2502 ~2,315 rows \u2502\n\u2514\u2500\u2500\u2500\u2500\u2500\u2500\u252c\u2500\u2500\u2500\u2500\u2500\u2500\u2518                                                            \u2514\u2500\u2500\u2500\u2500\u2500\u2500\u252c\u2500\u2500\u2500\u2500\u2500\u2500\u2518                                                            \u2514\u2500\u2500\u2500\u2500\u2500\u2500\u252c\u2500\u2500\u2500\u2500\u2500\u2500\u2518\n\u250c\u2500\u2500\u2500\u2500\u2500\u2500\u2534\u2500\u2500\u2500\u2500\u2500\u2500\u2510                                                            \u250c\u2500\u2500\u2500\u2500\u2500\u2500\u2534\u2500\u2500\u2500\u2500\u2500\u2500\u2510                                                            \u250c\u2500\u2500\u2500\u2500\u2500\u2500\u2534\u2500\u2500\u2500\u2500\u2500\u2500\u2510\n\u2502  PROJECTION \u2502                                                            \u2502  PROJECTION \u2502                                                            \u2502  HASH_JOIN  \u2502\n\u2502    \u2500\u2500\u2500\u2500\u2500\u2500   \u2502                                                            \u2502    \u2500\u2500\u2500\u2500\u2500\u2500   \u2502                                                            \u2502    \u2500\u2500\u2500\u2500\u2500\u2500   \u2502\n\u2502  i_item_id  \u2502                                                            \u2502  i_item_id  \u2502                                                            \u2502  Join Type: \u2502\n\u2502ss_ext_sales_\u2502                                                            \u2502cs_ext_sales_\u2502                                                            \u2502     SEMI    \u2502\n\u2502    price    \u2502                                                            \u2502    price    \u2502                                                            \u2502             \u2502\n\u2502             \u2502                                                            \u2502             \u2502                                                            \u2502 Conditions: \u251c\u2500\u2500\u2500\u2500\u2500\u2500\u2500\u2500\u2500\u2500\u2500\u2500\u2500\u2500\u2500\u2500\u2500\u2500\u2500\u2500\u2500\u2500\u2500\u2500\u2500\u2500\u2500\u2500\u2500\u2500\u2500\u2500\u2500\u2500\u2500\u2500\u2500\u2500\u2500\u2500\u2500\u2500\u2500\u2500\u2500\u2500\u2500\u2500\u2500\u2500\u2500\u2500\u2510\n\u2502             \u2502                                                            \u2502             \u2502                                                            \u2502 i_item_id = \u2502                                                    \u2502\n\u2502             \u2502                                                            \u2502             \u2502                                                            \u2502      #0     \u2502                                                    \u2502\n\u2502             \u2502                                                            \u2502             \u2502                                                            \u2502             \u2502                                                    \u2502\n\u2502 ~9,285 rows \u2502                                                            \u2502 ~4,649 rows \u2502                                                            \u2502 ~2,315 rows \u2502                                                    \u2502\n\u2514\u2500\u2500\u2500\u2500\u2500\u2500\u252c\u2500\u2500\u2500\u2500\u2500\u2500\u2518                                                            \u2514\u2500\u2500\u2500\u2500\u2500\u2500\u252c\u2500\u2500\u2500\u2500\u2500\u2500\u2518                                                            \u2514\u2500\u2500\u2500\u2500\u2500\u2500\u252c\u2500\u2500\u2500\u2500\u2500\u2500\u2518                                                    \u2502\n\u250c\u2500\u2500\u2500\u2500\u2500\u2500\u2534\u2500\u2500\u2500\u2500\u2500\u2500\u2510                                                            \u250c\u2500\u2500\u2500\u2500\u2500\u2500\u2534\u2500\u2500\u2500\u2500\u2500\u2500\u2510                                                            \u250c\u2500\u2500\u2500\u2500\u2500\u2500\u2534\u2500\u2500\u2500\u2500\u2500\u2500\u2510                                             \u250c\u2500\u2500\u2500\u2500\u2500\u2500\u2534\u2500\u2500\u2500\u2500\u2500\u2500\u2510\n\u2502  HASH_JOIN  \u2502                                                            \u2502  HASH_JOIN  \u2502                                                            \u2502  HASH_JOIN  \u2502                                             \u2502  SEQ_SCAN   \u2502\n\u2502    \u2500\u2500\u2500\u2500\u2500\u2500   \u2502                                                            \u2502    \u2500\u2500\u2500\u2500\u2500\u2500   \u2502                                                            \u2502    \u2500\u2500\u2500\u2500\u2500\u2500   \u2502                                             \u2502    \u2500\u2500\u2500\u2500\u2500\u2500   \u2502\n\u2502  Join Type: \u2502                                                            \u2502  Join Type: \u2502                                                            \u2502  Join Type: \u2502                                             \u2502    Table:   \u2502\n\u2502    INNER    \u2502                                                            \u2502    INNER    \u2502                                                            \u2502    INNER    \u2502                                             \u2502     item    \u2502\n\u2502             \u2502                                                            \u2502             \u2502                                                            \u2502             \u2502                                             \u2502             \u2502\n\u2502 Conditions: \u2502                                                            \u2502 Conditions: \u2502                                                            \u2502 Conditions: \u2502                                             \u2502    Type:    \u2502\n\u2502 ss_item_sk =\u2502                                                            \u2502 i_item_sk = \u2502                                                            \u2502 i_item_sk = \u2502                                             \u2502  Sequential \u2502\n\u2502   i_item_sk \u2502                                                            \u2502  cs_item_sk \u2502                                                            \u2502  ws_item_sk \u2502                                             \u2502     Scan    \u2502\n\u2502             \u251c\u2500\u2500\u2500\u2500\u2500\u2500\u2500\u2500\u2500\u2500\u2500\u2500\u2500\u2500\u2500\u2500\u2500\u2500\u2500\u2500\u2500\u2500\u2500\u2500\u2500\u2500\u2500\u2500\u2500\u2500\u2500\u2500\u2500\u2500\u2500\u2500\u2500\u2510                      \u2502             \u251c\u2500\u2500\u2500\u2500\u2500\u2500\u2500\u2500\u2500\u2500\u2500\u2500\u2500\u2500\u2500\u2500\u2500\u2500\u2500\u2500\u2500\u2500\u2510                                     \u2502             \u251c\u2500\u2500\u2500\u2500\u2500\u2500\u2500\u2510                                     \u2502             \u2502\n\u2502             \u2502                                     \u2502                      \u2502             \u2502                      \u2502                                     \u2502             \u2502       \u2502                                     \u2502 Projections:\u2502\n\u2502             \u2502                                     \u2502                      \u2502             \u2502                      \u2502                                     \u2502             \u2502       \u2502                                     \u2502  i_item_id  \u2502\n\u2502             \u2502                                     \u2502                      \u2502             \u2502                      \u2502                                     \u2502             \u2502       \u2502                                     \u2502             \u2502\n\u2502             \u2502                                     \u2502                      \u2502             \u2502                      \u2502                                     \u2502             \u2502       \u2502                                     \u2502   Filters:  \u2502\n\u2502             \u2502                                     \u2502                      \u2502             \u2502                      \u2502                                     \u2502             \u2502       \u2502                                     \u2502 i_category= \u2502\n\u2502             \u2502                                     \u2502                      \u2502             \u2502                      \u2502                                     \u2502             \u2502       \u2502                                     \u2502  'Children' \u2502\n\u2502             \u2502                                     \u2502                      \u2502             \u2502                      \u2502                                     \u2502             \u2502       \u2502                                     \u2502             \u2502\n\u2502 ~9,285 rows \u2502                                     \u2502                      \u2502 ~4,649 rows \u2502                      \u2502                                     \u2502 ~11,579 rows\u2502       \u2502                                     \u2502 ~9,273 rows \u2502\n\u2514\u2500\u2500\u2500\u2500\u2500\u2500\u252c\u2500\u2500\u2500\u2500\u2500\u2500\u2518                                     \u2502                      \u2514\u2500\u2500\u2500\u2500\u2500\u2500\u252c\u2500\u2500\u2500\u2500\u2500\u2500\u2518                      \u2502                                     \u2514\u2500\u2500\u2500\u2500\u2500\u2500\u252c\u2500\u2500\u2500\u2500\u2500\u2500\u2518       \u2502                                     \u2514\u2500\u2500\u2500\u2500\u2500\u2500\u2500\u2500\u2500\u2500\u2500\u2500\u2500\u2518\n\u250c\u2500\u2500\u2500\u2500\u2500\u2500\u2534\u2500\u2500\u2500\u2500\u2500\u2500\u2510                              \u250c\u2500\u2500\u2500\u2500\u2500\u2500\u2534\u2500\u2500\u2500\u2500\u2500\u2500\u2510               \u250c\u2500\u2500\u2500\u2500\u2500\u2500\u2534\u2500\u2500\u2500\u2500\u2500\u2500\u2510               \u250c\u2500\u2500\u2500\u2500\u2500\u2500\u2534\u2500\u2500\u2500\u2500\u2500\u2500\u2510                              \u250c\u2500\u2500\u2500\u2500\u2500\u2500\u2534\u2500\u2500\u2500\u2500\u2500\u2500\u2510\u250c\u2500\u2500\u2500\u2500\u2500\u2500\u2534\u2500\u2500\u2500\u2500\u2500\u2500\u2510\n\u2502  HASH_JOIN  \u2502                              \u2502  HASH_JOIN  \u2502               \u2502  HASH_JOIN  \u2502               \u2502  HASH_JOIN  \u2502                              \u2502  SEQ_SCAN   \u2502\u2502  HASH_JOIN  \u2502\n\u2502    \u2500\u2500\u2500\u2500\u2500\u2500   \u2502                              \u2502    \u2500\u2500\u2500\u2500\u2500\u2500   \u2502               \u2502    \u2500\u2500\u2500\u2500\u2500\u2500   \u2502               \u2502    \u2500\u2500\u2500\u2500\u2500\u2500   \u2502                              \u2502    \u2500\u2500\u2500\u2500\u2500\u2500   \u2502\u2502    \u2500\u2500\u2500\u2500\u2500\u2500   \u2502\n\u2502  Join Type: \u2502                              \u2502  Join Type: \u2502               \u2502  Join Type: \u2502               \u2502  Join Type: \u2502                              \u2502    Table:   \u2502\u2502  Join Type: \u2502\n\u2502    INNER    \u2502                              \u2502     SEMI    \u2502               \u2502     SEMI    \u2502               \u2502    INNER    \u2502                              \u2502     item    \u2502\u2502    INNER    \u2502\n\u2502             \u2502                              \u2502             \u2502               \u2502             \u2502               \u2502             \u2502                              \u2502             \u2502\u2502             \u2502\n\u2502 Conditions: \u2502                              \u2502 Conditions: \u2502               \u2502 Conditions: \u2502               \u2502 Conditions: \u2502                              \u2502    Type:    \u2502\u2502 Conditions: \u2502\n\u2502 ss_addr_sk =\u2502                              \u2502 i_item_id = \u2502               \u2502 i_item_id = \u2502               \u2502cs_bill_addr_\u2502                              \u2502  Sequential \u2502\u2502ws_bill_addr_\u2502\n\u2502 ca_address_s\u2502                              \u2502      #0     \u2502               \u2502      #0     \u2502               \u2502sk = ca_addre\u2502                              \u2502     Scan    \u2502\u2502sk = ca_addre\u2502\n\u2502      k      \u2502                              \u2502             \u2502               \u2502             \u2502               \u2502    ss_sk    \u2502                              \u2502             \u2502\u2502    ss_sk    \u2502\n\u2502             \u2502                              \u2502             \u2502               \u2502             \u2502               \u2502             \u2502                              \u2502 Projections:\u2502\u2502             \u2502\n\u2502             \u251c\u2500\u2500\u2500\u2500\u2500\u2500\u2500\u2500\u2500\u2500\u2500\u2500\u2500\u2500\u2500\u2500\u2500\u2500\u2500\u2500\u2500\u2500\u2510       \u2502             \u251c\u2500\u2500\u2500\u2500\u2500\u2500\u2500\u2510       \u2502             \u251c\u2500\u2500\u2500\u2500\u2500\u2500\u2500\u2510       \u2502             \u251c\u2500\u2500\u2500\u2500\u2500\u2500\u2500\u2500\u2500\u2500\u2500\u2500\u2500\u2500\u2500\u2500\u2500\u2500\u2500\u2500\u2500\u2500\u2510       \u2502  i_item_id  \u2502\u2502             \u251c\u2500\u2500\u2500\u2500\u2500\u2500\u2500\u2500\u2500\u2500\u2500\u2500\u2500\u2500\u2500\u2500\u2500\u2500\u2500\u2500\u2500\u2500\u2510\n\u2502             \u2502                      \u2502       \u2502             \u2502       \u2502       \u2502             \u2502       \u2502       \u2502             \u2502                      \u2502       \u2502  i_item_sk  \u2502\u2502             \u2502                      \u2502\n\u2502             \u2502                      \u2502       \u2502             \u2502       \u2502       \u2502             \u2502       \u2502       \u2502             \u2502                      \u2502       \u2502             \u2502\u2502             \u2502                      \u2502\n\u2502             \u2502                      \u2502       \u2502             \u2502       \u2502       \u2502             \u2502       \u2502       \u2502             \u2502                      \u2502       \u2502   Filters:  \u2502\u2502             \u2502                      \u2502\n\u2502             \u2502                      \u2502       \u2502             \u2502       \u2502       \u2502             \u2502       \u2502       \u2502             \u2502                      \u2502       \u2502  optional:  \u2502\u2502             \u2502                      \u2502\n\u2502             \u2502                      \u2502       \u2502             \u2502       \u2502       \u2502             \u2502       \u2502       \u2502             \u2502                      \u2502       \u2502    Dynamic  \u2502\u2502             \u2502                      \u2502\n\u2502             \u2502                      \u2502       \u2502             \u2502       \u2502       \u2502             \u2502       \u2502       \u2502             \u2502                      \u2502       \u2502    Filter   \u2502\u2502             \u2502                      \u2502\n\u2502             \u2502                      \u2502       \u2502             \u2502       \u2502       \u2502             \u2502       \u2502       \u2502             \u2502                      \u2502       \u2502 (i_item_id) \u2502\u2502             \u2502                      \u2502\n\u2502             \u2502                      \u2502       \u2502             \u2502       \u2502       \u2502             \u2502       \u2502       \u2502             \u2502                      \u2502       \u2502             \u2502\u2502             \u2502                      \u2502\n\u2502 ~43,721 rows\u2502                      \u2502       \u2502 ~20,400 rows\u2502       \u2502       \u2502 ~20,400 rows\u2502       \u2502       \u2502 ~21,912 rows\u2502                      \u2502       \u2502~102,000 rows\u2502\u2502 ~10,951 rows\u2502                      \u2502\n\u2514\u2500\u2500\u2500\u2500\u2500\u2500\u252c\u2500\u2500\u2500\u2500\u2500\u2500\u2518                      \u2502       \u2514\u2500\u2500\u2500\u2500\u2500\u2500\u252c\u2500\u2500\u2500\u2500\u2500\u2500\u2518       \u2502       \u2514\u2500\u2500\u2500\u2500\u2500\u2500\u252c\u2500\u2500\u2500\u2500\u2500\u2500\u2518       \u2502       \u2514\u2500\u2500\u2500\u2500\u2500\u2500\u252c\u2500\u2500\u2500\u2500\u2500\u2500\u2518                      \u2502       \u2514\u2500\u2500\u2500\u2500\u2500\u2500\u2500\u2500\u2500\u2500\u2500\u2500\u2500\u2518\u2514\u2500\u2500\u2500\u2500\u2500\u2500\u252c\u2500\u2500\u2500\u2500\u2500\u2500\u2518                      \u2502\n\u250c\u2500\u2500\u2500\u2500\u2500\u2500\u2534\u2500\u2500\u2500\u2500\u2500\u2500\u2510               \u250c\u2500\u2500\u2500\u2500\u2500\u2500\u2534\u2500\u2500\u2500\u2500\u2500\u2500\u2510\u250c\u2500\u2500\u2500\u2500\u2500\u2500\u2534\u2500\u2500\u2500\u2500\u2500\u2500\u2510\u250c\u2500\u2500\u2500\u2500\u2500\u2500\u2534\u2500\u2500\u2500\u2500\u2500\u2500\u2510\u250c\u2500\u2500\u2500\u2500\u2500\u2500\u2534\u2500\u2500\u2500\u2500\u2500\u2500\u2510\u250c\u2500\u2500\u2500\u2500\u2500\u2500\u2534\u2500\u2500\u2500\u2500\u2500\u2500\u2510\u250c\u2500\u2500\u2500\u2500\u2500\u2500\u2534\u2500\u2500\u2500\u2500\u2500\u2500\u2510               \u250c\u2500\u2500\u2500\u2500\u2500\u2500\u2534\u2500\u2500\u2500\u2500\u2500\u2500\u2510               \u250c\u2500\u2500\u2500\u2500\u2500\u2500\u2534\u2500\u2500\u2500\u2500\u2500\u2500\u2510               \u250c\u2500\u2500\u2500\u2500\u2500\u2500\u2534\u2500\u2500\u2500\u2500\u2500\u2500\u2510\n\u2502  HASH_JOIN  \u2502               \u2502  SEQ_SCAN   \u2502\u2502  SEQ_SCAN   \u2502\u2502  SEQ_SCAN   \u2502\u2502  SEQ_SCAN   \u2502\u2502  SEQ_SCAN   \u2502\u2502  HASH_JOIN  \u2502               \u2502  SEQ_SCAN   \u2502               \u2502  HASH_JOIN  \u2502               \u2502  SEQ_SCAN   \u2502\n\u2502    \u2500\u2500\u2500\u2500\u2500\u2500   \u2502               \u2502    \u2500\u2500\u2500\u2500\u2500\u2500   \u2502\u2502    \u2500\u2500\u2500\u2500\u2500\u2500   \u2502\u2502    \u2500\u2500\u2500\u2500\u2500\u2500   \u2502\u2502    \u2500\u2500\u2500\u2500\u2500\u2500   \u2502\u2502    \u2500\u2500\u2500\u2500\u2500\u2500   \u2502\u2502    \u2500\u2500\u2500\u2500\u2500\u2500   \u2502               \u2502    \u2500\u2500\u2500\u2500\u2500\u2500   \u2502               \u2502    \u2500\u2500\u2500\u2500\u2500\u2500   \u2502               \u2502    \u2500\u2500\u2500\u2500\u2500\u2500   \u2502\n\u2502  Join Type: \u2502               \u2502    Table:   \u2502\u2502    Table:   \u2502\u2502    Table:   \u2502\u2502    Table:   \u2502\u2502    Table:   \u2502\u2502  Join Type: \u2502               \u2502    Table:   \u2502               \u2502  Join Type: \u2502               \u2502    Table:   \u2502\n\u2502    INNER    \u2502               \u2502customer_addr\u2502\u2502     item    \u2502\u2502     item    \u2502\u2502     item    \u2502\u2502     item    \u2502\u2502    INNER    \u2502               \u2502customer_addr\u2502               \u2502    INNER    \u2502               \u2502customer_addr\u2502\n\u2502             \u2502               \u2502     ess     \u2502\u2502             \u2502\u2502             \u2502\u2502             \u2502\u2502             \u2502\u2502             \u2502               \u2502     ess     \u2502               \u2502             \u2502               \u2502     ess     \u2502\n\u2502 Conditions: \u2502               \u2502             \u2502\u2502    Type:    \u2502\u2502    Type:    \u2502\u2502    Type:    \u2502\u2502    Type:    \u2502\u2502 Conditions: \u2502               \u2502             \u2502               \u2502 Conditions: \u2502               \u2502             \u2502\n\u2502ss_sold_date_\u2502               \u2502    Type:    \u2502\u2502  Sequential \u2502\u2502  Sequential \u2502\u2502  Sequential \u2502\u2502  Sequential \u2502\u2502cs_sold_date_\u2502               \u2502    Type:    \u2502               \u2502ws_sold_date_\u2502               \u2502    Type:    \u2502\n\u2502sk = d_date_s\u2502               \u2502  Sequential \u2502\u2502     Scan    \u2502\u2502     Scan    \u2502\u2502     Scan    \u2502\u2502     Scan    \u2502\u2502sk = d_date_s\u2502               \u2502  Sequential \u2502               \u2502sk = d_date_s\u2502               \u2502  Sequential \u2502\n\u2502      k      \u2502               \u2502     Scan    \u2502\u2502             \u2502\u2502             \u2502\u2502             \u2502\u2502             \u2502\u2502      k      \u2502               \u2502     Scan    \u2502               \u2502      k      \u2502               \u2502     Scan    \u2502\n\u2502             \u2502               \u2502             \u2502\u2502 Projections:\u2502\u2502 Projections:\u2502\u2502 Projections:\u2502\u2502 Projections:\u2502\u2502             \u2502               \u2502             \u2502               \u2502             \u2502               \u2502             \u2502\n\u2502             \u251c\u2500\u2500\u2500\u2500\u2500\u2500\u2500\u2510       \u2502 Projections:\u2502\u2502  i_item_id  \u2502\u2502  i_item_id  \u2502\u2502  i_item_id  \u2502\u2502  i_item_id  \u2502\u2502             \u251c\u2500\u2500\u2500\u2500\u2500\u2500\u2500\u2510       \u2502 Projections:\u2502               \u2502             \u251c\u2500\u2500\u2500\u2500\u2500\u2500\u2500\u2510       \u2502 Projections:\u2502\n\u2502             \u2502       \u2502       \u2502ca_address_sk\u2502\u2502  i_item_sk  \u2502\u2502             \u2502\u2502  i_item_sk  \u2502\u2502             \u2502\u2502             \u2502       \u2502       \u2502ca_address_sk\u2502               \u2502             \u2502       \u2502       \u2502ca_address_sk\u2502\n\u2502             \u2502       \u2502       \u2502             \u2502\u2502             \u2502\u2502   Filters:  \u2502\u2502             \u2502\u2502   Filters:  \u2502\u2502             \u2502       \u2502       \u2502             \u2502               \u2502             \u2502       \u2502       \u2502             \u2502\n\u2502             \u2502       \u2502       \u2502   Filters:  \u2502\u2502             \u2502\u2502 i_category= \u2502\u2502   Filters:  \u2502\u2502 i_category= \u2502\u2502             \u2502       \u2502       \u2502   Filters:  \u2502               \u2502             \u2502       \u2502       \u2502   Filters:  \u2502\n\u2502             \u2502       \u2502       \u2502ca_gmt_offset\u2502\u2502             \u2502\u2502  'Children' \u2502\u2502  optional:  \u2502\u2502  'Children' \u2502\u2502             \u2502       \u2502       \u2502ca_gmt_offset\u2502               \u2502             \u2502       \u2502       \u2502ca_gmt_offset\u2502\n\u2502             \u2502       \u2502       \u2502    =-7.00   \u2502\u2502             \u2502\u2502             \u2502\u2502    Dynamic  \u2502\u2502             \u2502\u2502             \u2502       \u2502       \u2502    =-7.00   \u2502               \u2502             \u2502       \u2502       \u2502    =-7.00   \u2502\n\u2502             \u2502       \u2502       \u2502             \u2502\u2502             \u2502\u2502             \u2502\u2502    Filter   \u2502\u2502             \u2502\u2502             \u2502       \u2502       \u2502             \u2502               \u2502             \u2502       \u2502       \u2502             \u2502\n\u2502             \u2502       \u2502       \u2502             \u2502\u2502             \u2502\u2502             \u2502\u2502 (i_item_id) \u2502\u2502             \u2502\u2502             \u2502       \u2502       \u2502             \u2502               \u2502             \u2502       \u2502       \u2502             \u2502\n\u2502             \u2502       \u2502       \u2502             \u2502\u2502             \u2502\u2502             \u2502\u2502             \u2502\u2502             \u2502\u2502             \u2502       \u2502       \u2502             \u2502               \u2502             \u2502       \u2502       \u2502             \u2502\n\u2502~230,647 rows\u2502       \u2502       \u2502 ~41,667 rows\u2502\u2502~102,000 rows\u2502\u2502 ~9,273 rows \u2502\u2502~102,000 rows\u2502\u2502 ~9,273 rows \u2502\u2502~115,329 rows\u2502       \u2502       \u2502 ~41,667 rows\u2502               \u2502 ~57,640 rows\u2502       \u2502       \u2502 ~41,667 rows\u2502\n\u2514\u2500\u2500\u2500\u2500\u2500\u2500\u252c\u2500\u2500\u2500\u2500\u2500\u2500\u2518       \u2502       \u2514\u2500\u2500\u2500\u2500\u2500\u2500\u2500\u2500\u2500\u2500\u2500\u2500\u2500\u2518\u2514\u2500\u2500\u2500\u2500\u2500\u2500\u2500\u2500\u2500\u2500\u2500\u2500\u2500\u2518\u2514\u2500\u2500\u2500\u2500\u2500\u2500\u2500\u2500\u2500\u2500\u2500\u2500\u2500\u2518\u2514\u2500\u2500\u2500\u2500\u2500\u2500\u2500\u2500\u2500\u2500\u2500\u2500\u2500\u2518\u2514\u2500\u2500\u2500\u2500\u2500\u2500\u2500\u2500\u2500\u2500\u2500\u2500\u2500\u2518\u2514\u2500\u2500\u2500\u2500\u2500\u2500\u252c\u2500\u2500\u2500\u2500\u2500\u2500\u2518       \u2502       \u2514\u2500\u2500\u2500\u2500\u2500\u2500\u2500\u2500\u2500\u2500\u2500\u2500\u2500\u2518               \u2514\u2500\u2500\u2500\u2500\u2500\u2500\u252c\u2500\u2500\u2500\u2500\u2500\u2500\u2518       \u2502       \u2514\u2500\u2500\u2500\u2500\u2500\u2500\u2500\u2500\u2500\u2500\u2500\u2500\u2500\u2518\n\u250c\u2500\u2500\u2500\u2500\u2500\u2500\u2534\u2500\u2500\u2500\u2500\u2500\u2500\u2510\u250c\u2500\u2500\u2500\u2500\u2500\u2500\u2534\u2500\u2500\u2500\u2500\u2500\u2500\u2510                                                                           \u250c\u2500\u2500\u2500\u2500\u2500\u2500\u2534\u2500\u2500\u2500\u2500\u2500\u2500\u2510\u250c\u2500\u2500\u2500\u2500\u2500\u2500\u2534\u2500\u2500\u2500\u2500\u2500\u2500\u2510                              \u250c\u2500\u2500\u2500\u2500\u2500\u2500\u2534\u2500\u2500\u2500\u2500\u2500\u2500\u2510\u250c\u2500\u2500\u2500\u2500\u2500\u2500\u2534\u2500\u2500\u2500\u2500\u2500\u2500\u2510\n\u2502  SEQ_SCAN   \u2502\u2502    FILTER   \u2502                                                                           \u2502  SEQ_SCAN   \u2502\u2502    FILTER   \u2502                              \u2502  SEQ_SCAN   \u2502\u2502    FILTER   \u2502\n\u2502    \u2500\u2500\u2500\u2500\u2500\u2500   \u2502\u2502    \u2500\u2500\u2500\u2500\u2500\u2500   \u2502                                                                           \u2502    \u2500\u2500\u2500\u2500\u2500\u2500   \u2502\u2502    \u2500\u2500\u2500\u2500\u2500\u2500   \u2502                              \u2502    \u2500\u2500\u2500\u2500\u2500\u2500   \u2502\u2502    \u2500\u2500\u2500\u2500\u2500\u2500   \u2502\n\u2502    Table:   \u2502\u2502  (d_date_sk \u2502                                                                           \u2502    Table:   \u2502\u2502  (d_date_sk \u2502                              \u2502    Table:   \u2502\u2502  (d_date_sk \u2502\n\u2502 store_sales \u2502\u2502    BETWEEN  \u2502                                                                           \u2502catalog_sales\u2502\u2502    BETWEEN  \u2502                              \u2502  web_sales  \u2502\u2502    BETWEEN  \u2502\n\u2502             \u2502\u2502  2450816 AND\u2502                                                                           \u2502             \u2502\u2502  2450815 AND\u2502                              \u2502             \u2502\u2502  2450816 AND\u2502\n\u2502    Type:    \u2502\u2502   2452642)  \u2502                                                                           \u2502    Type:    \u2502\u2502   2452653)  \u2502                              \u2502    Type:    \u2502\u2502   2452642)  \u2502\n\u2502  Sequential \u2502\u2502             \u2502                                                                           \u2502  Sequential \u2502\u2502             \u2502                              \u2502  Sequential \u2502\u2502             \u2502\n\u2502     Scan    \u2502\u2502             \u2502                                                                           \u2502     Scan    \u2502\u2502             \u2502                              \u2502     Scan    \u2502\u2502             \u2502\n\u2502             \u2502\u2502             \u2502                                                                           \u2502             \u2502\u2502             \u2502                              \u2502             \u2502\u2502             \u2502\n\u2502 Projections:\u2502\u2502             \u2502                                                                           \u2502 Projections:\u2502\u2502             \u2502                              \u2502 Projections:\u2502\u2502             \u2502\n\u2502  ss_item_sk \u2502\u2502             \u2502                                                                           \u2502  cs_item_sk \u2502\u2502             \u2502                              \u2502  ws_item_sk \u2502\u2502             \u2502\n\u2502ss_sold_date_\u2502\u2502             \u2502                                                                           \u2502cs_sold_date_\u2502\u2502             \u2502                              \u2502ws_sold_date_\u2502\u2502             \u2502\n\u2502      sk     \u2502\u2502             \u2502                                                                           \u2502      sk     \u2502\u2502             \u2502                              \u2502      sk     \u2502\u2502             \u2502\n\u2502  ss_addr_sk \u2502\u2502             \u2502                                                                           \u2502cs_bill_addr_\u2502\u2502             \u2502                              \u2502ws_bill_addr_\u2502\u2502             \u2502\n\u2502ss_ext_sales_\u2502\u2502             \u2502                                                                           \u2502      sk     \u2502\u2502             \u2502                              \u2502      sk     \u2502\u2502             \u2502\n\u2502    price    \u2502\u2502             \u2502                                                                           \u2502cs_ext_sales_\u2502\u2502             \u2502                              \u2502ws_ext_sales_\u2502\u2502             \u2502\n\u2502             \u2502\u2502             \u2502                                                                           \u2502    price    \u2502\u2502             \u2502                              \u2502    price    \u2502\u2502             \u2502\n\u2502             \u2502\u2502             \u2502                                                                           \u2502             \u2502\u2502             \u2502                              \u2502             \u2502\u2502             \u2502\n\u2502~28,800,...  \u2502\u2502  ~585 rows  \u2502                                                                           \u2502~14,401,...  \u2502\u2502  ~585 rows  \u2502                              \u2502~7,197,5...  \u2502\u2502  ~585 rows  \u2502\n\u2514\u2500\u2500\u2500\u2500\u2500\u2500\u2500\u2500\u2500\u2500\u2500\u2500\u2500\u2518\u2514\u2500\u2500\u2500\u2500\u2500\u2500\u252c\u2500\u2500\u2500\u2500\u2500\u2500\u2518                                                                           \u2514\u2500\u2500\u2500\u2500\u2500\u2500\u2500\u2500\u2500\u2500\u2500\u2500\u2500\u2518\u2514\u2500\u2500\u2500\u2500\u2500\u2500\u252c\u2500\u2500\u2500\u2500\u2500\u2500\u2518                              \u2514\u2500\u2500\u2500\u2500\u2500\u2500\u2500\u2500\u2500\u2500\u2500\u2500\u2500\u2518\u2514\u2500\u2500\u2500\u2500\u2500\u2500\u252c\u2500\u2500\u2500\u2500\u2500\u2500\u2518\n               \u250c\u2500\u2500\u2500\u2500\u2500\u2500\u2534\u2500\u2500\u2500\u2500\u2500\u2500\u2510                                                                                          \u250c\u2500\u2500\u2500\u2500\u2500\u2500\u2534\u2500\u2500\u2500\u2500\u2500\u2500\u2510                                             \u250c\u2500\u2500\u2500\u2500\u2500\u2500\u2534\u2500\u2500\u2500\u2500\u2500\u2500\u2510\n               \u2502  SEQ_SCAN   \u2502                                                                                          \u2502  SEQ_SCAN   \u2502                                             \u2502  SEQ_SCAN   \u2502\n               \u2502    \u2500\u2500\u2500\u2500\u2500\u2500   \u2502                                                                                          \u2502    \u2500\u2500\u2500\u2500\u2500\u2500   \u2502                                             \u2502    \u2500\u2500\u2500\u2500\u2500\u2500   \u2502\n               \u2502    Table:   \u2502                                                                                          \u2502    Table:   \u2502                                             \u2502    Table:   \u2502\n               \u2502   date_dim  \u2502                                                                                          \u2502   date_dim  \u2502                                             \u2502   date_dim  \u2502\n               \u2502             \u2502                                                                                          \u2502             \u2502                                             \u2502             \u2502\n               \u2502    Type:    \u2502                                                                                          \u2502    Type:    \u2502                                             \u2502    Type:    \u2502\n               \u2502  Sequential \u2502                                                                                          \u2502  Sequential \u2502                                             \u2502  Sequential \u2502\n               \u2502     Scan    \u2502                                                                                          \u2502     Scan    \u2502                                             \u2502     Scan    \u2502\n               \u2502             \u2502                                                                                          \u2502             \u2502                                             \u2502             \u2502\n               \u2502 Projections:\u2502                                                                                          \u2502 Projections:\u2502                                             \u2502 Projections:\u2502\n               \u2502  d_date_sk  \u2502                                                                                          \u2502  d_date_sk  \u2502                                             \u2502  d_date_sk  \u2502\n               \u2502             \u2502                                                                                          \u2502             \u2502                                             \u2502             \u2502\n               \u2502   Filters:  \u2502                                                                                          \u2502   Filters:  \u2502                                             \u2502   Filters:  \u2502\n               \u2502 d_year=2000 \u2502                                                                                          \u2502 d_year=2000 \u2502                                             \u2502 d_year=2000 \u2502\n               \u2502   d_moy=8   \u2502                                                                                          \u2502   d_moy=8   \u2502                                             \u2502   d_moy=8   \u2502\n               \u2502             \u2502                                                                                          \u2502             \u2502                                             \u2502             \u2502\n               \u2502  ~585 rows  \u2502                                                                                          \u2502  ~585 rows  \u2502                                             \u2502  ~585 rows  \u2502\n               \u2514\u2500\u2500\u2500\u2500\u2500\u2500\u2500\u2500\u2500\u2500\u2500\u2500\u2500\u2518                                                                                          \u2514\u2500\u2500\u2500\u2500\u2500\u2500\u2500\u2500\u2500\u2500\u2500\u2500\u2500\u2518                                             \u2514\u2500\u2500\u2500\u2500\u2500\u2500\u2500\u2500\u2500\u2500\u2500\u2500\u2500\u2518\n",
  "plan_json": {
    "total_bytes_written": 0,
    "total_bytes_read": 0,
    "rows_returned": 0,
    "latency": 0.0,
    "result_set_size": 0,
    "query_name": "",
    "blocked_thread_time": 0.0,
    "system_peak_buffer_memory": 0,
    "system_peak_temp_dir_size": 0,
    "cpu_time": 0.0,
    "extra_info": {},
    "cumulative_cardinality": 0,
    "cumulative_rows_scanned": 0,
    "children": [
      {
        "total_bytes_written": 0,
        "total_bytes_read": 0,
        "result_set_size": 0,
        "operator_name": "EXPLAIN_ANALYZE",
        "cpu_time": 0.0,
        "extra_info": {},
        "cumulative_cardinality": 0,
        "operator_type": "EXPLAIN_ANALYZE",
        "operator_cardinality": 0,
        "cumulative_rows_scanned": 0,
        "operator_rows_scanned": 0,
        "operator_timing": 2.84e-07,
        "children": [
          {
            "total_bytes_written": 0,
            "total_bytes_read": 0,
            "result_set_size": 3200,
            "operator_name": "TOP_N",
            "cpu_time": 0.0,
            "extra_info": {
              "Top": "100",
              "Order By": [
                "tmp1.i_item_id ASC",
                "sum(tmp1.total_sales) ASC"
              ]
            },
            "cumulative_cardinality": 0,
            "operator_type": "TOP_N",
            "operator_cardinality": 100,
            "cumulative_rows_scanned": 0,
            "operator_rows_scanned": 0,
            "operator_timing": 0.0011243660000000001,
            "children": [
              {
                "total_bytes_written": 0,
                "total_bytes_read": 0,
                "result_set_size": 273792,
                "operator_name": "HASH_GROUP_BY",
                "cpu_time": 0.0,
                "extra_info": {
                  "Groups": "#0",
                  "Aggregates": "sum(#1)",
                  "Estimated Cardinality": "14462"
                },
                "cumulative_cardinality": 0,
                "operator_type": "HASH_GROUP_BY",
                "operator_cardinality": 8556,
                "cumulative_rows_scanned": 0,
                "operator_rows_scanned": 0,
                "operator_timing": 0.008170192000000003,
                "children": [
                  {
                    "total_bytes_written": 0,
                    "total_bytes_read": 0,
                    "result_set_size": 460640,
                    "operator_name": "PROJECTION",
                    "cpu_time": 0.0,
                    "extra_info": {
                      "Projections": [
                        "i_item_id",
                        "total_sales"
                      ],
                      "Estimated Cardinality": "15675"
                    },
                    "cumulative_cardinality": 0,
                    "operator_type": "PROJECTION",
                    "operator_cardinality": 14395,
                    "cumulative_rows_scanned": 0,
                    "operator_rows_scanned": 0,
                    "operator_timing": 2.3858999999999996e-05,
                    "children": [
                      {
                        "total_bytes_written": 0,
                        "total_bytes_read": 0,
                        "result_set_size": 0,
                        "operator_name": "UNION",
                        "cpu_time": 0.0,
                        "extra_info": {},
                        "cumulative_cardinality": 0,
                        "operator_type": "UNION",
                        "operator_cardinality": 0,
                        "cumulative_rows_scanned": 0,
                        "operator_rows_scanned": 0,
                        "operator_timing": 0.0,
                        "children": [
                          {
                            "total_bytes_written": 0,
                            "total_bytes_read": 0,
                            "result_set_size": 0,
                            "operator_name": "UNION",
                            "cpu_time": 0.0,
                            "extra_info": {},
                            "cumulative_cardinality": 0,
                            "operator_type": "UNION",
                            "operator_cardinality": 0,
                            "cumulative_rows_scanned": 0,
                            "operator_rows_scanned": 0,
                            "operator_timing": 0.0,
                            "children": [
                              {
                                "total_bytes_written": 0,
                                "total_bytes_read": 0,
                                "result_set_size": 217504,
                                "operator_name": "HASH_GROUP_BY",
                                "cpu_time": 0.0,
                                "extra_info": {
                                  "Groups": "#0",
                                  "Aggregates": "sum(#1)",
                                  "Estimated Cardinality": "8850"
                                },
                                "cumulative_cardinality": 0,
                                "operator_type": "HASH_GROUP_BY",
                                "operator_cardinality": 6797,
                                "cumulative_rows_scanned": 0,
                                "operator_rows_scanned": 0,
                                "operator_timing": 0.011419171999999998,
                                "children": [
                                  {
                                    "total_bytes_written": 0,
                                    "total_bytes_read": 0,
                                    "result_set_size": 241500,
                                    "operator_name": "PROJECTION",
                                    "cpu_time": 0.0,
                                    "extra_info": {
                                      "Projections": [
                                        "i_item_id",
                                        "ss_ext_sales_price"
                                      ],
                                      "Estimated Cardinality": "9285"
                                    },
                                    "cumulative_cardinality": 0,
                                    "operator_type": "PROJECTION",
                                    "operator_cardinality": 12075,
                                    "cumulative_rows_scanned": 0,
                                    "operator_rows_scanned": 0,
                                    "operator_timing": 3.1259999999999995e-05,
                                    "children": [
                                      {
                                        "total_bytes_written": 0,
                                        "total_bytes_read": 0,
                                        "result_set_size": 241500,
                                        "operator_name": "HASH_JOIN",
                                        "cpu_time": 0.0,
                                        "extra_info": {
                                          "Join Type": "INNER",
                                          "Conditions": "ss_item_sk = i_item_sk",
                                          "Estimated Cardinality": "9285"
                                        },
                                        "cumulative_cardinality": 0,
                                        "operator_type": "HASH_JOIN",
                                        "operator_cardinality": 12075,
                                        "cumulative_rows_scanned": 0,
                                        "operator_rows_scanned": 0,
                                        "operator_timing": 0.004200059999999999,
                                        "children": [
                                          {
                                            "total_bytes_written": 0,
                                            "total_bytes_read": 0,
                                            "result_set_size": 783888,
                                            "operator_name": "HASH_JOIN",
                                            "cpu_time": 0.0,
                                            "extra_info": {
                                              "Join Type": "INNER",
                                              "Conditions": "ss_addr_sk = ca_address_sk",
                                              "Estimated Cardinality": "43721"
                                            },
                                            "cumulative_cardinality": 0,
                                            "operator_type": "HASH_JOIN",
                                            "operator_cardinality": 65324,
                                            "cumulative_rows_scanned": 0,
                                            "operator_rows_scanned": 0,
                                            "operator_timing": 0.008808003000000002,
                                            "children": [
                                              {
                                                "total_bytes_written": 0,
                                                "total_bytes_read": 0,
                                                "result_set_size": 9405536,
                                                "operator_name": "HASH_JOIN",
                                                "cpu_time": 0.0,
                                                "extra_info": {
                                                  "Join Type": "INNER",
                                                  "Conditions": "ss_sold_date_sk = d_date_sk",
                                                  "Estimated Cardinality": "230647"
                                                },
                                                "cumulative_cardinality": 0,
                                                "operator_type": "HASH_JOIN",
                                                "operator_cardinality": 587846,
                                                "cumulative_rows_scanned": 0,
                                                "operator_rows_scanned": 0,
                                                "operator_timing": 0.031648991999999994,
                                                "children": [
                                                  {
                                                    "total_bytes_written": 0,
                                                    "total_bytes_read": 0,
                                                    "result_set_size": 9405536,
                                                    "operator_name": "SEQ_SCAN ",
                                                    "cpu_time": 0.0,
                                                    "extra_info": {
                                                      "Table": "store_sales",
                                                      "Type": "Sequential Scan",
                                                      "Projections": [
                                                        "ss_item_sk",
                                                        "ss_sold_date_sk",
                                                        "ss_addr_sk",
                                                        "ss_ext_sales_price"
                                                      ],
                                                      "Estimated Cardinality": "28800991"
                                                    },
                                                    "cumulative_cardinality": 0,
                                                    "operator_type": "TABLE_SCAN",
                                                    "operator_cardinality": 587846,
                                                    "cumulative_rows_scanned": 0,
                                                    "operator_rows_scanned": 806427748,
                                                    "operator_timing": 13.737047875999995,
                                                    "children": []
                                                  },
                                                  {
                                                    "total_bytes_written": 0,
                                                    "total_bytes_read": 0,
                                                    "result_set_size": 124,
                                                    "operator_name": "FILTER",
                                                    "cpu_time": 0.0,
                                                    "extra_info": {
                                                      "Expression": "(d_date_sk BETWEEN 2450816 AND 2452642)",
                                                      "Estimated Cardinality": "585"
                                                    },
                                                    "cumulative_cardinality": 0,
                                                    "operator_type": "FILTER",
                                                    "operator_cardinality": 31,
                                                    "cumulative_rows_scanned": 0,
                                                    "operator_rows_scanned": 0,
                                                    "operator_timing": 3.7122e-05,
                                                    "children": [
                                                      {
                                                        "total_bytes_written": 0,
                                                        "total_bytes_read": 0,
                                                        "result_set_size": 124,
                                                        "operator_name": "SEQ_SCAN ",
                                                        "cpu_time": 0.0,
                                                        "extra_info": {
                                                          "Table": "date_dim",
                                                          "Type": "Sequential Scan",
                                                          "Projections": "d_date_sk",
                                                          "Filters": [
                                                            "d_year=2000",
                                                            "d_moy=8"
                                                          ],
                                                          "Estimated Cardinality": "585"
                                                        },
                                                        "cumulative_cardinality": 0,
                                                        "operator_type": "TABLE_SCAN",
                                                        "operator_cardinality": 31,
                                                        "cumulative_rows_scanned": 0,
                                                        "operator_rows_scanned": 73049,
                                                        "operator_timing": 0.016507,
                                                        "children": []
                                                      }
                                                    ]
                                                  }
                                                ]
                                              },
                                              {
                                                "total_bytes_written": 0,
                                                "total_bytes_read": 0,
                                                "result_set_size": 109392,
                                                "operator_name": "SEQ_SCAN ",
                                                "cpu_time": 0.0,
                                                "extra_info": {
                                                  "Table": "customer_address",
                                                  "Type": "Sequential Scan",
                                                  "Projections": "ca_address_sk",
                                                  "Filters": "ca_gmt_offset=-7.00",
                                                  "Estimated Cardinality": "41667"
                                                },
                                                "cumulative_cardinality": 0,
                                                "operator_type": "TABLE_SCAN",
                                                "operator_cardinality": 27348,
                                                "cumulative_rows_scanned": 0,
                                                "operator_rows_scanned": 750000,
                                                "operator_timing": 0.05029940600000002,
                                                "children": []
                                              }
                                            ]
                                          },
                                          {
                                            "total_bytes_written": 0,
                                            "total_bytes_read": 0,
                                            "result_set_size": 436900,
                                            "operator_name": "HASH_JOIN",
                                            "cpu_time": 0.0,
                                            "extra_info": {
                                              "Join Type": "SEMI",
                                              "Conditions": "i_item_id = #0",
                                              "Estimated Cardinality": "20400"
                                            },
                                            "cumulative_cardinality": 0,
                                            "operator_type": "HASH_JOIN",
                                            "operator_cardinality": 21845,
                                            "cumulative_rows_scanned": 0,
                                            "operator_rows_scanned": 0,
                                            "operator_timing": 0.0024145099999999995,
                                            "children": [
                                              {
                                                "total_bytes_written": 0,
                                                "total_bytes_read": 0,
                                                "result_set_size": 2039560,
                                                "operator_name": "SEQ_SCAN ",
                                                "cpu_time": 0.0,
                                                "extra_info": {
                                                  "Table": "item",
                                                  "Type": "Sequential Scan",
                                                  "Projections": [
                                                    "i_item_id",
                                                    "i_item_sk"
                                                  ],
                                                  "Estimated Cardinality": "102000"
                                                },
                                                "cumulative_cardinality": 0,
                                                "operator_type": "TABLE_SCAN",
                                                "operator_cardinality": 101978,
                                                "cumulative_rows_scanned": 0,
                                                "operator_rows_scanned": 102000,
                                                "operator_timing": 0.0017447980000000005,
                                                "children": []
                                              },
                                              {
                                                "total_bytes_written": 0,
                                                "total_bytes_read": 0,
                                                "result_set_size": 162384,
                                                "operator_name": "SEQ_SCAN ",
                                                "cpu_time": 0.0,
                                                "extra_info": {
                                                  "Table": "item",
                                                  "Type": "Sequential Scan",
                                                  "Projections": "i_item_id",
                                                  "Filters": "i_category='Children'",
                                                  "Estimated Cardinality": "9273"
                                                },
                                                "cumulative_cardinality": 0,
                                                "operator_type": "TABLE_SCAN",
                                                "operator_cardinality": 10149,
                                                "cumulative_rows_scanned": 0,
                                                "operator_rows_scanned": 102000,
                                                "operator_timing": 0.018483464999999987,
                                                "children": []
                                              }
                                            ]
                                          }
                                        ]
                                      }
                                    ]
                                  }
                                ]
                              },
                              {
                                "total_bytes_written": 0,
                                "total_bytes_read": 0,
                                "result_set_size": 151328,
                                "operator_name": "HASH_GROUP_BY",
                                "cpu_time": 0.0,
                                "extra_info": {
                                  "Groups": "#0",
                                  "Aggregates": "sum(#1)",
                                  "Estimated Cardinality": "4538"
                                },
                                "cumulative_cardinality": 0,
                                "operator_type": "HASH_GROUP_BY",
                                "operator_cardinality": 4729,
                                "cumulative_rows_scanned": 0,
                                "operator_rows_scanned": 0,
                                "operator_timing": 0.0023983750000000003,
                                "children": [
                                  {
                                    "total_bytes_written": 0,
                                    "total_bytes_read": 0,
                                    "result_set_size": 130860,
                                    "operator_name": "PROJECTION",
                                    "cpu_time": 0.0,
                                    "extra_info": {
                                      "Projections": [
                                        "i_item_id",
                                        "cs_ext_sales_price"
                                      ],
                                      "Estimated Cardinality": "4649"
                                    },
                                    "cumulative_cardinality": 0,
                                    "operator_type": "PROJECTION",
                                    "operator_cardinality": 6543,
                                    "cumulative_rows_scanned": 0,
                                    "operator_rows_scanned": 0,
                                    "operator_timing": 5.1280000000000016e-06,
                                    "children": [
                                      {
                                        "total_bytes_written": 0,
                                        "total_bytes_read": 0,
                                        "result_set_size": 130860,
                                        "operator_name": "HASH_JOIN",
                                        "cpu_time": 0.0,
                                        "extra_info": {
                                          "Join Type": "INNER",
                                          "Conditions": "i_item_sk = cs_item_sk",
                                          "Estimated Cardinality": "4649"
                                        },
                                        "cumulative_cardinality": 0,
                                        "operator_type": "HASH_JOIN",
                                        "operator_cardinality": 6543,
                                        "cumulative_rows_scanned": 0,
                                        "operator_rows_scanned": 0,
                                        "operator_timing": 0.0021526429999999997,
                                        "children": [
                                          {
                                            "total_bytes_written": 0,
                                            "total_bytes_read": 0,
                                            "result_set_size": 436900,
                                            "operator_name": "HASH_JOIN",
                                            "cpu_time": 0.0,
                                            "extra_info": {
                                              "Join Type": "SEMI",
                                              "Conditions": "i_item_id = #0",
                                              "Estimated Cardinality": "20400"
                                            },
                                            "cumulative_cardinality": 0,
                                            "operator_type": "HASH_JOIN",
                                            "operator_cardinality": 21845,
                                            "cumulative_rows_scanned": 0,
                                            "operator_rows_scanned": 0,
                                            "operator_timing": 0.0019372540000000002,
                                            "children": [
                                              {
                                                "total_bytes_written": 0,
                                                "total_bytes_read": 0,
                                                "result_set_size": 2039440,
                                                "operator_name": "SEQ_SCAN ",
                                                "cpu_time": 0.0,
                                                "extra_info": {
                                                  "Table": "item",
                                                  "Type": "Sequential Scan",
                                                  "Projections": [
                                                    "i_item_id",
                                                    "i_item_sk"
                                                  ],
                                                  "Filters": "optional: Dynamic Filter (i_item_id)",
                                                  "Estimated Cardinality": "102000"
                                                },
                                                "cumulative_cardinality": 0,
                                                "operator_type": "TABLE_SCAN",
                                                "operator_cardinality": 101972,
                                                "cumulative_rows_scanned": 0,
                                                "operator_rows_scanned": 102000,
                                                "operator_timing": 0.0018158440000000003,
                                                "children": []
                                              },
                                              {
                                                "total_bytes_written": 0,
                                                "total_bytes_read": 0,
                                                "result_set_size": 162384,
                                                "operator_name": "SEQ_SCAN ",
                                                "cpu_time": 0.0,
                                                "extra_info": {
                                                  "Table": "item",
                                                  "Type": "Sequential Scan",
                                                  "Projections": "i_item_id",
                                                  "Filters": "i_category='Children'",
                                                  "Estimated Cardinality": "9273"
                                                },
                                                "cumulative_cardinality": 0,
                                                "operator_type": "TABLE_SCAN",
                                                "operator_cardinality": 10149,
                                                "cumulative_rows_scanned": 0,
                                                "operator_rows_scanned": 102000,
                                                "operator_timing": 0.019176370999999987,
                                                "children": []
                                              }
                                            ]
                                          },
                                          {
                                            "total_bytes_written": 0,
                                            "total_bytes_read": 0,
                                            "result_set_size": 422292,
                                            "operator_name": "HASH_JOIN",
                                            "cpu_time": 0.0,
                                            "extra_info": {
                                              "Join Type": "INNER",
                                              "Conditions": "cs_bill_addr_sk = ca_address_sk",
                                              "Estimated Cardinality": "21912"
                                            },
                                            "cumulative_cardinality": 0,
                                            "operator_type": "HASH_JOIN",
                                            "operator_cardinality": 35191,
                                            "cumulative_rows_scanned": 0,
                                            "operator_rows_scanned": 0,
                                            "operator_timing": 0.0014826359999999998,
                                            "children": [
                                              {
                                                "total_bytes_written": 0,
                                                "total_bytes_read": 0,
                                                "result_set_size": 5097520,
                                                "operator_name": "HASH_JOIN",
                                                "cpu_time": 0.0,
                                                "extra_info": {
                                                  "Join Type": "INNER",
                                                  "Conditions": "cs_sold_date_sk = d_date_sk",
                                                  "Estimated Cardinality": "115329"
                                                },
                                                "cumulative_cardinality": 0,
                                                "operator_type": "HASH_JOIN",
                                                "operator_cardinality": 318595,
                                                "cumulative_rows_scanned": 0,
                                                "operator_rows_scanned": 0,
                                                "operator_timing": 0.0006561980000000001,
                                                "children": [
                                                  {
                                                    "total_bytes_written": 0,
                                                    "total_bytes_read": 0,
                                                    "result_set_size": 5097520,
                                                    "operator_name": "SEQ_SCAN ",
                                                    "cpu_time": 0.0,
                                                    "extra_info": {
                                                      "Table": "catalog_sales",
                                                      "Type": "Sequential Scan",
                                                      "Projections": [
                                                        "cs_item_sk",
                                                        "cs_sold_date_sk",
                                                        "cs_bill_addr_sk",
                                                        "cs_ext_sales_price"
                                                      ],
                                                      "Estimated Cardinality": "14401261"
                                                    },
                                                    "cumulative_cardinality": 0,
                                                    "operator_type": "TABLE_SCAN",
                                                    "operator_cardinality": 318595,
                                                    "cumulative_rows_scanned": 0,
                                                    "operator_rows_scanned": 403235308,
                                                    "operator_timing": 0.05626956900000001,
                                                    "children": []
                                                  },
                                                  {
                                                    "total_bytes_written": 0,
                                                    "total_bytes_read": 0,
                                                    "result_set_size": 124,
                                                    "operator_name": "FILTER",
                                                    "cpu_time": 0.0,
                                                    "extra_info": {
                                                      "Expression": "(d_date_sk BETWEEN 2450815 AND 2452653)",
                                                      "Estimated Cardinality": "585"
                                                    },
                                                    "cumulative_cardinality": 0,
                                                    "operator_type": "FILTER",
                                                    "operator_cardinality": 31,
                                                    "cumulative_rows_scanned": 0,
                                                    "operator_rows_scanned": 0,
                                                    "operator_timing": 4.8765000000000005e-05,
                                                    "children": [
                                                      {
                                                        "total_bytes_written": 0,
                                                        "total_bytes_read": 0,
                                                        "result_set_size": 124,
                                                        "operator_name": "SEQ_SCAN ",
                                                        "cpu_time": 0.0,
                                                        "extra_info": {
                                                          "Table": "date_dim",
                                                          "Type": "Sequential Scan",
                                                          "Projections": "d_date_sk",
                                                          "Filters": [
                                                            "d_year=2000",
                                                            "d_moy=8"
                                                          ],
                                                          "Estimated Cardinality": "585"
                                                        },
                                                        "cumulative_cardinality": 0,
                                                        "operator_type": "TABLE_SCAN",
                                                        "operator_cardinality": 31,
                                                        "cumulative_rows_scanned": 0,
                                                        "operator_rows_scanned": 73049,
                                                        "operator_timing": 0.016694672,
                                                        "children": []
                                                      }
                                                    ]
                                                  }
                                                ]
                                              },
                                              {
                                                "total_bytes_written": 0,
                                                "total_bytes_read": 0,
                                                "result_set_size": 109392,
                                                "operator_name": "SEQ_SCAN ",
                                                "cpu_time": 0.0,
                                                "extra_info": {
                                                  "Table": "customer_address",
                                                  "Type": "Sequential Scan",
                                                  "Projections": "ca_address_sk",
                                                  "Filters": "ca_gmt_offset=-7.00",
                                                  "Estimated Cardinality": "41667"
                                                },
                                                "cumulative_cardinality": 0,
                                                "operator_type": "TABLE_SCAN",
                                                "operator_cardinality": 27348,
                                                "cumulative_rows_scanned": 0,
                                                "operator_rows_scanned": 750000,
                                                "operator_timing": 0.050247517000000005,
                                                "children": []
                                              }
                                            ]
                                          }
                                        ]
                                      }
                                    ]
                                  }
                                ]
                              }
                            ]
                          },
                          {
                            "total_bytes_written": 0,
                            "total_bytes_read": 0,
                            "result_set_size": 91808,
                            "operator_name": "HASH_GROUP_BY",
                            "cpu_time": 0.0,
                            "extra_info": {
                              "Groups": "#0",
                              "Aggregates": "sum(#1)",
                              "Estimated Cardinality": "2287"
                            },
                            "cumulative_cardinality": 0,
                            "operator_type": "HASH_GROUP_BY",
                            "operator_cardinality": 2869,
                            "cumulative_rows_scanned": 0,
                            "operator_rows_scanned": 0,
                            "operator_timing": 0.0024068790000000002,
                            "children": [
                              {
                                "total_bytes_written": 0,
                                "total_bytes_read": 0,
                                "result_set_size": 67860,
                                "operator_name": "PROJECTION",
                                "cpu_time": 0.0,
                                "extra_info": {
                                  "Projections": [
                                    "i_item_id",
                                    "ws_ext_sales_price"
                                  ],
                                  "Estimated Cardinality": "2315"
                                },
                                "cumulative_cardinality": 0,
                                "operator_type": "PROJECTION",
                                "operator_cardinality": 3393,
                                "cumulative_rows_scanned": 0,
                                "operator_rows_scanned": 0,
                                "operator_timing": 5.188999999999999e-06,
                                "children": [
                                  {
                                    "total_bytes_written": 0,
                                    "total_bytes_read": 0,
                                    "result_set_size": 67860,
                                    "operator_name": "HASH_JOIN",
                                    "cpu_time": 0.0,
                                    "extra_info": {
                                      "Join Type": "SEMI",
                                      "Conditions": "i_item_id = #0",
                                      "Estimated Cardinality": "2315"
                                    },
                                    "cumulative_cardinality": 0,
                                    "operator_type": "HASH_JOIN",
                                    "operator_cardinality": 3393,
                                    "cumulative_rows_scanned": 0,
                                    "operator_rows_scanned": 0,
                                    "operator_timing": 0.0014465150000000002,
                                    "children": [
                                      {
                                        "total_bytes_written": 0,
                                        "total_bytes_read": 0,
                                        "result_set_size": 366280,
                                        "operator_name": "HASH_JOIN",
                                        "cpu_time": 0.0,
                                        "extra_info": {
                                          "Join Type": "INNER",
                                          "Conditions": "i_item_sk = ws_item_sk",
                                          "Estimated Cardinality": "11579"
                                        },
                                        "cumulative_cardinality": 0,
                                        "operator_type": "HASH_JOIN",
                                        "operator_cardinality": 18314,
                                        "cumulative_rows_scanned": 0,
                                        "operator_rows_scanned": 0,
                                        "operator_timing": 0.005393978,
                                        "children": [
                                          {
                                            "total_bytes_written": 0,
                                            "total_bytes_read": 0,
                                            "result_set_size": 2039460,
                                            "operator_name": "SEQ_SCAN ",
                                            "cpu_time": 0.0,
                                            "extra_info": {
                                              "Table": "item",
                                              "Type": "Sequential Scan",
                                              "Projections": [
                                                "i_item_id",
                                                "i_item_sk"
                                              ],
                                              "Filters": "optional: Dynamic Filter (i_item_id)",
                                              "Estimated Cardinality": "102000"
                                            },
                                            "cumulative_cardinality": 0,
                                            "operator_type": "TABLE_SCAN",
                                            "operator_cardinality": 101973,
                                            "cumulative_rows_scanned": 0,
                                            "operator_rows_scanned": 102000,
                                            "operator_timing": 0.0017853560000000007,
                                            "children": []
                                          },
                                          {
                                            "total_bytes_written": 0,
                                            "total_bytes_read": 0,
                                            "result_set_size": 219876,
                                            "operator_name": "HASH_JOIN",
                                            "cpu_time": 0.0,
                                            "extra_info": {
                                              "Join Type": "INNER",
                                              "Conditions": "ws_bill_addr_sk = ca_address_sk",
                                              "Estimated Cardinality": "10951"
                                            },
                                            "cumulative_cardinality": 0,
                                            "operator_type": "HASH_JOIN",
                                            "operator_cardinality": 18323,
                                            "cumulative_rows_scanned": 0,
                                            "operator_rows_scanned": 0,
                                            "operator_timing": 0.004054847000000001,
                                            "children": [
                                              {
                                                "total_bytes_written": 0,
                                                "total_bytes_read": 0,
                                                "result_set_size": 2543360,
                                                "operator_name": "HASH_JOIN",
                                                "cpu_time": 0.0,
                                                "extra_info": {
                                                  "Join Type": "INNER",
                                                  "Conditions": "ws_sold_date_sk = d_date_sk",
                                                  "Estimated Cardinality": "57640"
                                                },
                                                "cumulative_cardinality": 0,
                                                "operator_type": "HASH_JOIN",
                                                "operator_cardinality": 158960,
                                                "cumulative_rows_scanned": 0,
                                                "operator_rows_scanned": 0,
                                                "operator_timing": 0.008252603000000002,
                                                "children": [
                                                  {
                                                    "total_bytes_written": 0,
                                                    "total_bytes_read": 0,
                                                    "result_set_size": 2543360,
                                                    "operator_name": "SEQ_SCAN ",
                                                    "cpu_time": 0.0,
                                                    "extra_info": {
                                                      "Table": "web_sales",
                                                      "Type": "Sequential Scan",
                                                      "Projections": [
                                                        "ws_item_sk",
                                                        "ws_sold_date_sk",
                                                        "ws_bill_addr_sk",
                                                        "ws_ext_sales_price"
                                                      ],
                                                      "Estimated Cardinality": "7197566"
                                                    },
                                                    "cumulative_cardinality": 0,
                                                    "operator_type": "TABLE_SCAN",
                                                    "operator_cardinality": 158960,
                                                    "cumulative_rows_scanned": 0,
                                                    "operator_rows_scanned": 201531848,
                                                    "operator_timing": 2.9364035459999998,
                                                    "children": []
                                                  },
                                                  {
                                                    "total_bytes_written": 0,
                                                    "total_bytes_read": 0,
                                                    "result_set_size": 124,
                                                    "operator_name": "FILTER",
                                                    "cpu_time": 0.0,
                                                    "extra_info": {
                                                      "Expression": "(d_date_sk BETWEEN 2450816 AND 2452642)",
                                                      "Estimated Cardinality": "585"
                                                    },
                                                    "cumulative_cardinality": 0,
                                                    "operator_type": "FILTER",
                                                    "operator_cardinality": 31,
                                                    "cumulative_rows_scanned": 0,
                                                    "operator_rows_scanned": 0,
                                                    "operator_timing": 6.5671e-05,
                                                    "children": [
                                                      {
                                                        "total_bytes_written": 0,
                                                        "total_bytes_read": 0,
                                                        "result_set_size": 124,
                                                        "operator_name": "SEQ_SCAN ",
                                                        "cpu_time": 0.0,
                                                        "extra_info": {
                                                          "Table": "date_dim",
                                                          "Type": "Sequential Scan",
                                                          "Projections": "d_date_sk",
                                                          "Filters": [
                                                            "d_year=2000",
                                                            "d_moy=8"
                                                          ],
                                                          "Estimated Cardinality": "585"
                                                        },
                                                        "cumulative_cardinality": 0,
                                                        "operator_type": "TABLE_SCAN",
                                                        "operator_cardinality": 31,
                                                        "cumulative_rows_scanned": 0,
                                                        "operator_rows_scanned": 73049,
                                                        "operator_timing": 0.016602644,
                                                        "children": []
                                                      }
                                                    ]
                                                  }
                                                ]
                                              },
                                              {
                                                "total_bytes_written": 0,
                                                "total_bytes_read": 0,
                                                "result_set_size": 109392,
                                                "operator_name": "SEQ_SCAN ",
                                                "cpu_time": 0.0,
                                                "extra_info": {
                                                  "Table": "customer_address",
                                                  "Type": "Sequential Scan",
                                                  "Projections": "ca_address_sk",
                                                  "Filters": "ca_gmt_offset=-7.00",
                                                  "Estimated Cardinality": "41667"
                                                },
                                                "cumulative_cardinality": 0,
                                                "operator_type": "TABLE_SCAN",
                                                "operator_cardinality": 27348,
                                                "cumulative_rows_scanned": 0,
                                                "operator_rows_scanned": 750000,
                                                "operator_timing": 0.050060011,
                                                "children": []
                                              }
                                            ]
                                          }
                                        ]
                                      },
                                      {
                                        "total_bytes_written": 0,
                                        "total_bytes_read": 0,
                                        "result_set_size": 162384,
                                        "operator_name": "SEQ_SCAN ",
                                        "cpu_time": 0.0,
                                        "extra_info": {
                                          "Table": "item",
                                          "Type": "Sequential Scan",
                                          "Projections": "i_item_id",
                                          "Filters": "i_category='Children'",
                                          "Estimated Cardinality": "9273"
                                        },
                                        "cumulative_cardinality": 0,
                                        "operator_type": "TABLE_SCAN",
                                        "operator_cardinality": 10149,
                                        "cumulative_rows_scanned": 0,
                                        "operator_rows_scanned": 102000,
                                        "operator_timing": 0.018708272000000005,
                                        "children": []
                                      }
                                    ]
                                  }
                                ]
                              }
                            ]
                          }
                        ]
                      }
                    ]
                  }
                ]
              }
            ]
          }
        ]
      }
    ]
  },
  "actual_rows": 0,
  "provenance": {
    "database": "/mnt/d/TPC-DS/tpcds_sf10.duckdb",
    "scale_factor": 10,
    "engine": "duckdb",
    "engine_version": "1.4.3",
    "cached_at": "2026-02-08T10:21:15.762150"
  }
}