{
  "execution_time_ms": 0.0,
  "plan_text": "\u250c\u2500\u2500\u2500\u2500\u2500\u2500\u2500\u2500\u2500\u2500\u2500\u2500\u2500\u2500\u2500\u2510\n\u2502     TOP_N     \u2502\n\u2502    \u2500\u2500\u2500\u2500\u2500\u2500\u2500\u2500   \u2502\n\u2502    Top: 100   \u2502\n\u2502               \u2502\n\u2502   Order By:   \u2502\n\u2502 x.channel ASC \u2502\n\u2502    x.id ASC   \u2502\n\u2514\u2500\u2500\u2500\u2500\u2500\u2500\u2500\u252c\u2500\u2500\u2500\u2500\u2500\u2500\u2500\u2518\n\u250c\u2500\u2500\u2500\u2500\u2500\u2500\u2500\u2534\u2500\u2500\u2500\u2500\u2500\u2500\u2500\u2510\n\u2502 HASH_GROUP_BY \u2502\n\u2502    \u2500\u2500\u2500\u2500\u2500\u2500\u2500\u2500   \u2502\n\u2502    Groups:    \u2502\n\u2502       #0      \u2502\n\u2502       #1      \u2502\n\u2502               \u2502\n\u2502  Aggregates:  \u2502\n\u2502    sum(#2)    \u2502\n\u2502    sum(#3)    \u2502\n\u2502    sum(#4)    \u2502\n\u2502               \u2502\n\u2502    ~53 rows   \u2502\n\u2514\u2500\u2500\u2500\u2500\u2500\u2500\u2500\u252c\u2500\u2500\u2500\u2500\u2500\u2500\u2500\u2518\n\u250c\u2500\u2500\u2500\u2500\u2500\u2500\u2500\u2534\u2500\u2500\u2500\u2500\u2500\u2500\u2500\u2510\n\u2502   PROJECTION  \u2502\n\u2502    \u2500\u2500\u2500\u2500\u2500\u2500\u2500\u2500   \u2502\n\u2502    channel    \u2502\n\u2502       id      \u2502\n\u2502     sales     \u2502\n\u2502    returns    \u2502\n\u2502     profit    \u2502\n\u2502               \u2502\n\u2502  ~5,970 rows  \u2502\n\u2514\u2500\u2500\u2500\u2500\u2500\u2500\u2500\u252c\u2500\u2500\u2500\u2500\u2500\u2500\u2500\u2518\n\u250c\u2500\u2500\u2500\u2500\u2500\u2500\u2500\u2534\u2500\u2500\u2500\u2500\u2500\u2500\u2500\u2510\n\u2502     UNION     \u251c\u2500\u2500\u2500\u2500\u2500\u2500\u2500\u2500\u2500\u2500\u2500\u2500\u2500\u2500\u2500\u2500\u2500\u2500\u2500\u2500\u2500\u2500\u2500\u2500\u2500\u2500\u2500\u2500\u2500\u2500\u2500\u2500\u2500\u2500\u2500\u2500\u2500\u2500\u2500\u2500\u2500\u2500\u2500\u2500\u2500\u2500\u2500\u2500\u2500\u2500\u2500\u2500\u2500\u2500\u2500\u2500\u2500\u2500\u2500\u2500\u2500\u2500\u2500\u2500\u2500\u2500\u2500\u2500\u2500\u2500\u2500\u2500\u2500\u2500\u2500\u2500\u2500\u2500\u2500\u2500\u2500\u2500\u2500\u2500\u2500\u2500\u2500\u2500\u2500\u2500\u2500\u2500\u2500\u2500\u2500\u2500\u2500\u2500\u2500\u2500\u2500\u2500\u2500\u2500\u2500\u2500\u2500\u2500\u2500\u2500\u2500\u2500\u2500\u2500\u2500\u2500\u2500\u2500\u2500\u2500\u2500\u2500\u2500\u2500\u2500\u2500\u2500\u2510\n\u2514\u2500\u2500\u2500\u2500\u2500\u2500\u2500\u252c\u2500\u2500\u2500\u2500\u2500\u2500\u2500\u2518                                                                                                                               \u2502\n\u250c\u2500\u2500\u2500\u2500\u2500\u2500\u2500\u2534\u2500\u2500\u2500\u2500\u2500\u2500\u2500\u2510                                                                                                                       \u250c\u2500\u2500\u2500\u2500\u2500\u2500\u2500\u2534\u2500\u2500\u2500\u2500\u2500\u2500\u2500\u2510\n\u2502     UNION     \u2502                                                                                                                       \u2502   PROJECTION  \u2502\n\u2502               \u2502                                                                                                                       \u2502    \u2500\u2500\u2500\u2500\u2500\u2500\u2500\u2500   \u2502\n\u2502               \u2502                                                                                                                       \u2502    channel    \u2502\n\u2502               \u2502                                                                                                                       \u2502       id      \u2502\n\u2502               \u251c\u2500\u2500\u2500\u2500\u2500\u2500\u2500\u2500\u2500\u2500\u2500\u2500\u2500\u2500\u2500\u2500\u2500\u2500\u2500\u2500\u2500\u2500\u2500\u2500\u2500\u2500\u2500\u2500\u2500\u2500\u2500\u2500\u2500\u2500\u2500\u2500\u2500\u2500\u2500\u2500\u2500\u2500\u2500\u2500\u2500\u2500\u2500\u2500\u2500\u2500\u2500\u2500\u2500\u2500\u2500\u2500\u2500\u2500\u2500\u2510                                                           \u2502     sales     \u2502\n\u2502               \u2502                                                           \u2502                                                           \u2502    returns    \u2502\n\u2502               \u2502                                                           \u2502                                                           \u2502     profit    \u2502\n\u2502               \u2502                                                           \u2502                                                           \u2502               \u2502\n\u2502               \u2502                                                           \u2502                                                           \u2502  ~1,990 rows  \u2502\n\u2514\u2500\u2500\u2500\u2500\u2500\u2500\u2500\u252c\u2500\u2500\u2500\u2500\u2500\u2500\u2500\u2518                                                           \u2502                                                           \u2514\u2500\u2500\u2500\u2500\u2500\u2500\u2500\u252c\u2500\u2500\u2500\u2500\u2500\u2500\u2500\u2518\n\u250c\u2500\u2500\u2500\u2500\u2500\u2500\u2500\u2534\u2500\u2500\u2500\u2500\u2500\u2500\u2500\u2510                                                   \u250c\u2500\u2500\u2500\u2500\u2500\u2500\u2500\u2534\u2500\u2500\u2500\u2500\u2500\u2500\u2500\u2510                                                   \u250c\u2500\u2500\u2500\u2500\u2500\u2500\u2500\u2534\u2500\u2500\u2500\u2500\u2500\u2500\u2500\u2510\n\u2502   PROJECTION  \u2502                                                   \u2502   PROJECTION  \u2502                                                   \u2502 HASH_GROUP_BY \u2502\n\u2502    \u2500\u2500\u2500\u2500\u2500\u2500\u2500\u2500   \u2502                                                   \u2502    \u2500\u2500\u2500\u2500\u2500\u2500\u2500\u2500   \u2502                                                   \u2502    \u2500\u2500\u2500\u2500\u2500\u2500\u2500\u2500   \u2502\n\u2502    channel    \u2502                                                   \u2502    channel    \u2502                                                   \u2502    Groups:    \u2502\n\u2502       id      \u2502                                                   \u2502       id      \u2502                                                   \u2502       #0      \u2502\n\u2502     sales     \u2502                                                   \u2502     sales     \u2502                                                   \u2502               \u2502\n\u2502    returns    \u2502                                                   \u2502    returns    \u2502                                                   \u2502  Aggregates:  \u2502\n\u2502     profit    \u2502                                                   \u2502     profit    \u2502                                                   \u2502    sum(#1)    \u2502\n\u2502               \u2502                                                   \u2502               \u2502                                                   \u2502    sum(#2)    \u2502\n\u2502               \u2502                                                   \u2502               \u2502                                                   \u2502    sum(#3)    \u2502\n\u2502               \u2502                                                   \u2502               \u2502                                                   \u2502    sum(#4)    \u2502\n\u2502               \u2502                                                   \u2502               \u2502                                                   \u2502               \u2502\n\u2502  ~1,990 rows  \u2502                                                   \u2502  ~1,990 rows  \u2502                                                   \u2502  ~1,990 rows  \u2502\n\u2514\u2500\u2500\u2500\u2500\u2500\u2500\u2500\u252c\u2500\u2500\u2500\u2500\u2500\u2500\u2500\u2518                                                   \u2514\u2500\u2500\u2500\u2500\u2500\u2500\u2500\u252c\u2500\u2500\u2500\u2500\u2500\u2500\u2500\u2518                                                   \u2514\u2500\u2500\u2500\u2500\u2500\u2500\u2500\u252c\u2500\u2500\u2500\u2500\u2500\u2500\u2500\u2518\n\u250c\u2500\u2500\u2500\u2500\u2500\u2500\u2500\u2534\u2500\u2500\u2500\u2500\u2500\u2500\u2500\u2510                                                   \u250c\u2500\u2500\u2500\u2500\u2500\u2500\u2500\u2534\u2500\u2500\u2500\u2500\u2500\u2500\u2500\u2510                                                   \u250c\u2500\u2500\u2500\u2500\u2500\u2500\u2500\u2534\u2500\u2500\u2500\u2500\u2500\u2500\u2500\u2510\n\u2502 HASH_GROUP_BY \u2502                                                   \u2502 HASH_GROUP_BY \u2502                                                   \u2502   PROJECTION  \u2502\n\u2502    \u2500\u2500\u2500\u2500\u2500\u2500\u2500\u2500   \u2502                                                   \u2502    \u2500\u2500\u2500\u2500\u2500\u2500\u2500\u2500   \u2502                                                   \u2502    \u2500\u2500\u2500\u2500\u2500\u2500\u2500\u2500   \u2502\n\u2502    Groups:    \u2502                                                   \u2502    Groups:    \u2502                                                   \u2502  web_site_id  \u2502\n\u2502       #0      \u2502                                                   \u2502       #0      \u2502                                                   \u2502  sales_price  \u2502\n\u2502               \u2502                                                   \u2502               \u2502                                                   \u2502     profit    \u2502\n\u2502  Aggregates:  \u2502                                                   \u2502  Aggregates:  \u2502                                                   \u2502   return_amt  \u2502\n\u2502    sum(#1)    \u2502                                                   \u2502    sum(#1)    \u2502                                                   \u2502    net_loss   \u2502\n\u2502    sum(#2)    \u2502                                                   \u2502    sum(#2)    \u2502                                                   \u2502               \u2502\n\u2502    sum(#3)    \u2502                                                   \u2502    sum(#3)    \u2502                                                   \u2502               \u2502\n\u2502    sum(#4)    \u2502                                                   \u2502    sum(#4)    \u2502                                                   \u2502               \u2502\n\u2502               \u2502                                                   \u2502               \u2502                                                   \u2502               \u2502\n\u2502  ~1,990 rows  \u2502                                                   \u2502  ~1,990 rows  \u2502                                                   \u2502~2,811,918 rows\u2502\n\u2514\u2500\u2500\u2500\u2500\u2500\u2500\u2500\u252c\u2500\u2500\u2500\u2500\u2500\u2500\u2500\u2518                                                   \u2514\u2500\u2500\u2500\u2500\u2500\u2500\u2500\u252c\u2500\u2500\u2500\u2500\u2500\u2500\u2500\u2518                                                   \u2514\u2500\u2500\u2500\u2500\u2500\u2500\u2500\u252c\u2500\u2500\u2500\u2500\u2500\u2500\u2500\u2518\n\u250c\u2500\u2500\u2500\u2500\u2500\u2500\u2500\u2534\u2500\u2500\u2500\u2500\u2500\u2500\u2500\u2510                                                   \u250c\u2500\u2500\u2500\u2500\u2500\u2500\u2500\u2534\u2500\u2500\u2500\u2500\u2500\u2500\u2500\u2510                                                   \u250c\u2500\u2500\u2500\u2500\u2500\u2500\u2500\u2534\u2500\u2500\u2500\u2500\u2500\u2500\u2500\u2510\n\u2502   PROJECTION  \u2502                                                   \u2502   PROJECTION  \u2502                                                   \u2502   HASH_JOIN   \u2502\n\u2502    \u2500\u2500\u2500\u2500\u2500\u2500\u2500\u2500   \u2502                                                   \u2502    \u2500\u2500\u2500\u2500\u2500\u2500\u2500\u2500   \u2502                                                   \u2502    \u2500\u2500\u2500\u2500\u2500\u2500\u2500\u2500   \u2502\n\u2502   s_store_id  \u2502                                                   \u2502cp_catalog_page\u2502                                                   \u2502   Join Type:  \u2502\n\u2502  sales_price  \u2502                                                   \u2502      _id      \u2502                                                   \u2502     INNER     \u2502\n\u2502     profit    \u2502                                                   \u2502  sales_price  \u2502                                                   \u2502               \u2502\n\u2502   return_amt  \u2502                                                   \u2502     profit    \u2502                                                   \u2502  Conditions:  \u251c\u2500\u2500\u2500\u2500\u2500\u2500\u2500\u2500\u2500\u2500\u2500\u2500\u2500\u2500\u2500\u2500\u2500\u2500\u2500\u2500\u2500\u2500\u2500\u2500\u2500\u2500\u2500\u2500\u2500\u2500\u2500\u2500\u2500\u2500\u2500\u2500\u2500\u2500\u2500\u2500\u2500\u2500\u2500\u2500\u2500\u2500\u2500\u2500\u2500\u2500\u2500\u2500\u2500\u2500\u2500\u2500\u2500\u2500\u2500\u2510\n\u2502    net_loss   \u2502                                                   \u2502   return_amt  \u2502                                                   \u2502wsr_web_site_sk\u2502                                                           \u2502\n\u2502               \u2502                                                   \u2502    net_loss   \u2502                                                   \u2502  = web_site_sk\u2502                                                           \u2502\n\u2502               \u2502                                                   \u2502               \u2502                                                   \u2502               \u2502                                                           \u2502\n\u2502~6,462,064 rows\u2502                                                   \u2502~3,649,091 rows\u2502                                                   \u2502~2,811,918 rows\u2502                                                           \u2502\n\u2514\u2500\u2500\u2500\u2500\u2500\u2500\u2500\u252c\u2500\u2500\u2500\u2500\u2500\u2500\u2500\u2518                                                   \u2514\u2500\u2500\u2500\u2500\u2500\u2500\u2500\u252c\u2500\u2500\u2500\u2500\u2500\u2500\u2500\u2518                                                   \u2514\u2500\u2500\u2500\u2500\u2500\u2500\u2500\u252c\u2500\u2500\u2500\u2500\u2500\u2500\u2500\u2518                                                           \u2502\n\u250c\u2500\u2500\u2500\u2500\u2500\u2500\u2500\u2534\u2500\u2500\u2500\u2500\u2500\u2500\u2500\u2510                                                   \u250c\u2500\u2500\u2500\u2500\u2500\u2500\u2500\u2534\u2500\u2500\u2500\u2500\u2500\u2500\u2500\u2510                                                   \u250c\u2500\u2500\u2500\u2500\u2500\u2500\u2500\u2534\u2500\u2500\u2500\u2500\u2500\u2500\u2500\u2510                                                   \u250c\u2500\u2500\u2500\u2500\u2500\u2500\u2500\u2534\u2500\u2500\u2500\u2500\u2500\u2500\u2500\u2510\n\u2502   HASH_JOIN   \u2502                                                   \u2502   HASH_JOIN   \u2502                                                   \u2502   HASH_JOIN   \u2502                                                   \u2502   SEQ_SCAN    \u2502\n\u2502    \u2500\u2500\u2500\u2500\u2500\u2500\u2500\u2500   \u2502                                                   \u2502    \u2500\u2500\u2500\u2500\u2500\u2500\u2500\u2500   \u2502                                                   \u2502    \u2500\u2500\u2500\u2500\u2500\u2500\u2500\u2500   \u2502                                                   \u2502    \u2500\u2500\u2500\u2500\u2500\u2500\u2500\u2500   \u2502\n\u2502   Join Type:  \u2502                                                   \u2502   Join Type:  \u2502                                                   \u2502   Join Type:  \u2502                                                   \u2502     Table:    \u2502\n\u2502     INNER     \u2502                                                   \u2502     INNER     \u2502                                                   \u2502     INNER     \u2502                                                   \u2502    web_site   \u2502\n\u2502               \u2502                                                   \u2502               \u2502                                                   \u2502               \u2502                                                   \u2502               \u2502\n\u2502  Conditions:  \u2502                                                   \u2502  Conditions:  \u2502                                                   \u2502  Conditions:  \u2502                                                   \u2502     Type:     \u2502\n\u2502   store_sk =  \u251c\u2500\u2500\u2500\u2500\u2500\u2500\u2500\u2500\u2500\u2500\u2500\u2500\u2500\u2500\u2500\u2500\u2500\u2500\u2500\u2500\u2500\u2500\u2500\u2500\u2500\u2500\u2500\u2500\u2500\u2500\u2500\u2500\u2500\u2500\u2500\u2500\u2500\u2500\u2500\u2500\u2500\u2500\u2510        \u2502   page_sk =   \u251c\u2500\u2500\u2500\u2500\u2500\u2500\u2500\u2500\u2500\u2500\u2500\u2500\u2500\u2500\u2500\u2500\u2500\u2500\u2500\u2500\u2500\u2500\u2500\u2500\u2500\u2500\u2500\u2500\u2500\u2500\u2500\u2500\u2500\u2500\u2500\u2500\u2500\u2500\u2500\u2500\u2500\u2500\u2510        \u2502   date_sk =   \u251c\u2500\u2500\u2500\u2500\u2500\u2500\u2500\u2500\u2500\u2500\u2500\u2500\u2500\u2500\u2500\u2500\u2500\u2500\u2500\u2500\u2500\u2500\u2500\u2500\u2500\u2500\u2500\u2500\u2500\u2500\u2500\u2500\u2500\u2500\u2500\u2500\u2500\u2500\u2500\u2500\u2500\u2500\u2510        \u2502Sequential Scan\u2502\n\u2502   s_store_sk  \u2502                                          \u2502        \u2502 cp_catalog_pag\u2502                                          \u2502        \u2502    d_date_sk  \u2502                                          \u2502        \u2502               \u2502\n\u2502               \u2502                                          \u2502        \u2502      e_sk     \u2502                                          \u2502        \u2502               \u2502                                          \u2502        \u2502  Projections: \u2502\n\u2502               \u2502                                          \u2502        \u2502               \u2502                                          \u2502        \u2502               \u2502                                          \u2502        \u2502  web_site_sk  \u2502\n\u2502               \u2502                                          \u2502        \u2502               \u2502                                          \u2502        \u2502               \u2502                                          \u2502        \u2502  web_site_id  \u2502\n\u2502               \u2502                                          \u2502        \u2502               \u2502                                          \u2502        \u2502               \u2502                                          \u2502        \u2502               \u2502\n\u2502~6,462,064 rows\u2502                                          \u2502        \u2502~3,649,091 rows\u2502                                          \u2502        \u2502~2,878,868 rows\u2502                                          \u2502        \u2502    ~42 rows   \u2502\n\u2514\u2500\u2500\u2500\u2500\u2500\u2500\u2500\u252c\u2500\u2500\u2500\u2500\u2500\u2500\u2500\u2518                                          \u2502        \u2514\u2500\u2500\u2500\u2500\u2500\u2500\u2500\u252c\u2500\u2500\u2500\u2500\u2500\u2500\u2500\u2518                                          \u2502        \u2514\u2500\u2500\u2500\u2500\u2500\u2500\u2500\u252c\u2500\u2500\u2500\u2500\u2500\u2500\u2500\u2518                                          \u2502        \u2514\u2500\u2500\u2500\u2500\u2500\u2500\u2500\u2500\u2500\u2500\u2500\u2500\u2500\u2500\u2500\u2518\n\u250c\u2500\u2500\u2500\u2500\u2500\u2500\u2500\u2534\u2500\u2500\u2500\u2500\u2500\u2500\u2500\u2510                                  \u250c\u2500\u2500\u2500\u2500\u2500\u2500\u2500\u2534\u2500\u2500\u2500\u2500\u2500\u2500\u2500\u2510\u250c\u2500\u2500\u2500\u2500\u2500\u2500\u2500\u2534\u2500\u2500\u2500\u2500\u2500\u2500\u2500\u2510                                  \u250c\u2500\u2500\u2500\u2500\u2500\u2500\u2500\u2534\u2500\u2500\u2500\u2500\u2500\u2500\u2500\u2510\u250c\u2500\u2500\u2500\u2500\u2500\u2500\u2500\u2534\u2500\u2500\u2500\u2500\u2500\u2500\u2500\u2510                                  \u250c\u2500\u2500\u2500\u2500\u2500\u2500\u2500\u2534\u2500\u2500\u2500\u2500\u2500\u2500\u2500\u2510\n\u2502   HASH_JOIN   \u2502                                  \u2502   SEQ_SCAN    \u2502\u2502   HASH_JOIN   \u2502                                  \u2502   SEQ_SCAN    \u2502\u2502     UNION     \u2502                                  \u2502     FILTER    \u2502\n\u2502    \u2500\u2500\u2500\u2500\u2500\u2500\u2500\u2500   \u2502                                  \u2502    \u2500\u2500\u2500\u2500\u2500\u2500\u2500\u2500   \u2502\u2502    \u2500\u2500\u2500\u2500\u2500\u2500\u2500\u2500   \u2502                                  \u2502    \u2500\u2500\u2500\u2500\u2500\u2500\u2500\u2500   \u2502\u2502               \u2502                                  \u2502    \u2500\u2500\u2500\u2500\u2500\u2500\u2500\u2500   \u2502\n\u2502   Join Type:  \u2502                                  \u2502     Table:    \u2502\u2502   Join Type:  \u2502                                  \u2502     Table:    \u2502\u2502               \u2502                                  \u2502   (d_date_sk  \u2502\n\u2502     INNER     \u2502                                  \u2502     store     \u2502\u2502     INNER     \u2502                                  \u2502  catalog_page \u2502\u2502               \u2502                                  \u2502     BETWEEN   \u2502\n\u2502               \u2502                                  \u2502               \u2502\u2502               \u2502                                  \u2502               \u2502\u2502               \u2502                                  \u2502   2450816 AND \u2502\n\u2502  Conditions:  \u2502                                  \u2502     Type:     \u2502\u2502  Conditions:  \u2502                                  \u2502     Type:     \u2502\u2502               \u2502                                  \u2502    2452997)   \u2502\n\u2502   date_sk =   \u2502                                  \u2502Sequential Scan\u2502\u2502   date_sk =   \u2502                                  \u2502Sequential Scan\u2502\u2502               \u2502                                  \u2502               \u2502\n\u2502    d_date_sk  \u2502                                  \u2502               \u2502\u2502    d_date_sk  \u2502                                  \u2502               \u2502\u2502               \u2502                                  \u2502               \u2502\n\u2502               \u2502                                  \u2502  Projections: \u2502\u2502               \u2502                                  \u2502  Projections: \u2502\u2502               \u2502                                  \u2502               \u2502\n\u2502               \u251c\u2500\u2500\u2500\u2500\u2500\u2500\u2500\u2500\u2500\u2500\u2500\u2500\u2500\u2500\u2500\u2500\u2500\u2500\u2500\u2500\u2500\u2500\u2500\u2500\u2500\u2510        \u2502   s_store_sk  \u2502\u2502               \u251c\u2500\u2500\u2500\u2500\u2500\u2500\u2500\u2500\u2500\u2500\u2500\u2500\u2500\u2500\u2500\u2500\u2500\u2500\u2500\u2500\u2500\u2500\u2500\u2500\u2500\u2510        \u2502cp_catalog_page\u2502\u2502               \u251c\u2500\u2500\u2500\u2500\u2500\u2500\u2500\u2500\u2510                         \u2502               \u2502\n\u2502               \u2502                         \u2502        \u2502   s_store_id  \u2502\u2502               \u2502                         \u2502        \u2502      _sk      \u2502\u2502               \u2502        \u2502                         \u2502               \u2502\n\u2502               \u2502                         \u2502        \u2502               \u2502\u2502               \u2502                         \u2502        \u2502cp_catalog_page\u2502\u2502               \u2502        \u2502                         \u2502               \u2502\n\u2502               \u2502                         \u2502        \u2502    Filters:   \u2502\u2502               \u2502                         \u2502        \u2502      _id      \u2502\u2502               \u2502        \u2502                         \u2502               \u2502\n\u2502               \u2502                         \u2502        \u2502s_store_sk<=100\u2502\u2502               \u2502                         \u2502        \u2502               \u2502\u2502               \u2502        \u2502                         \u2502               \u2502\n\u2502               \u2502                         \u2502        \u2502               \u2502\u2502               \u2502                         \u2502        \u2502    Filters:   \u2502\u2502               \u2502        \u2502                         \u2502               \u2502\n\u2502               \u2502                         \u2502        \u2502               \u2502\u2502               \u2502                         \u2502        \u2502cp_catalog_page\u2502\u2502               \u2502        \u2502                         \u2502               \u2502\n\u2502               \u2502                         \u2502        \u2502               \u2502\u2502               \u2502                         \u2502        \u2502   _sk<=10101  \u2502\u2502               \u2502        \u2502                         \u2502               \u2502\n\u2502               \u2502                         \u2502        \u2502               \u2502\u2502               \u2502                         \u2502        \u2502               \u2502\u2502               \u2502        \u2502                         \u2502               \u2502\n\u2502~6,335,357 rows\u2502                         \u2502        \u2502   ~102 rows   \u2502\u2502~3,168,323 rows\u2502                         \u2502        \u2502  ~12,000 rows \u2502\u2502               \u2502        \u2502                         \u2502  ~14,609 rows \u2502\n\u2514\u2500\u2500\u2500\u2500\u2500\u2500\u2500\u252c\u2500\u2500\u2500\u2500\u2500\u2500\u2500\u2518                         \u2502        \u2514\u2500\u2500\u2500\u2500\u2500\u2500\u2500\u2500\u2500\u2500\u2500\u2500\u2500\u2500\u2500\u2518\u2514\u2500\u2500\u2500\u2500\u2500\u2500\u2500\u252c\u2500\u2500\u2500\u2500\u2500\u2500\u2500\u2518                         \u2502        \u2514\u2500\u2500\u2500\u2500\u2500\u2500\u2500\u2500\u2500\u2500\u2500\u2500\u2500\u2500\u2500\u2518\u2514\u2500\u2500\u2500\u2500\u2500\u2500\u2500\u252c\u2500\u2500\u2500\u2500\u2500\u2500\u2500\u2518        \u2502                         \u2514\u2500\u2500\u2500\u2500\u2500\u2500\u2500\u252c\u2500\u2500\u2500\u2500\u2500\u2500\u2500\u2518\n\u250c\u2500\u2500\u2500\u2500\u2500\u2500\u2500\u2534\u2500\u2500\u2500\u2500\u2500\u2500\u2500\u2510                 \u250c\u2500\u2500\u2500\u2500\u2500\u2500\u2500\u2534\u2500\u2500\u2500\u2500\u2500\u2500\u2500\u2510                 \u250c\u2500\u2500\u2500\u2500\u2500\u2500\u2500\u2534\u2500\u2500\u2500\u2500\u2500\u2500\u2500\u2510                 \u250c\u2500\u2500\u2500\u2500\u2500\u2500\u2500\u2534\u2500\u2500\u2500\u2500\u2500\u2500\u2500\u2510                 \u250c\u2500\u2500\u2500\u2500\u2500\u2500\u2500\u2534\u2500\u2500\u2500\u2500\u2500\u2500\u2500\u2510\u250c\u2500\u2500\u2500\u2500\u2500\u2500\u2500\u2534\u2500\u2500\u2500\u2500\u2500\u2500\u2500\u2510                 \u250c\u2500\u2500\u2500\u2500\u2500\u2500\u2500\u2534\u2500\u2500\u2500\u2500\u2500\u2500\u2500\u2510\n\u2502     UNION     \u2502                 \u2502     FILTER    \u2502                 \u2502     UNION     \u2502                 \u2502     FILTER    \u2502                 \u2502   PROJECTION  \u2502\u2502   PROJECTION  \u2502                 \u2502   SEQ_SCAN    \u2502\n\u2502               \u2502                 \u2502    \u2500\u2500\u2500\u2500\u2500\u2500\u2500\u2500   \u2502                 \u2502               \u2502                 \u2502    \u2500\u2500\u2500\u2500\u2500\u2500\u2500\u2500   \u2502                 \u2502    \u2500\u2500\u2500\u2500\u2500\u2500\u2500\u2500   \u2502\u2502    \u2500\u2500\u2500\u2500\u2500\u2500\u2500\u2500   \u2502                 \u2502    \u2500\u2500\u2500\u2500\u2500\u2500\u2500\u2500   \u2502\n\u2502               \u2502                 \u2502   (d_date_sk  \u2502                 \u2502               \u2502                 \u2502   (d_date_sk  \u2502                 \u2502wsr_web_site_sk\u2502\u2502wsr_web_site_sk\u2502                 \u2502     Table:    \u2502\n\u2502               \u2502                 \u2502     BETWEEN   \u2502                 \u2502               \u2502                 \u2502     BETWEEN   \u2502                 \u2502    date_sk    \u2502\u2502    date_sk    \u2502                 \u2502    date_dim   \u2502\n\u2502               \u2502                 \u2502   2450816 AND \u2502                 \u2502               \u2502                 \u2502   2450815 AND \u2502                 \u2502  sales_price  \u2502\u2502  sales_price  \u2502                 \u2502               \u2502\n\u2502               \u2502                 \u2502    2452822)   \u2502                 \u2502               \u2502                 \u2502    2452918)   \u2502                 \u2502     profit    \u2502\u2502     profit    \u2502                 \u2502     Type:     \u2502\n\u2502               \u2502                 \u2502               \u2502                 \u2502               \u2502                 \u2502               \u2502                 \u2502   return_amt  \u2502\u2502   return_amt  \u2502                 \u2502Sequential Scan\u2502\n\u2502               \u2502                 \u2502               \u2502                 \u2502               \u2502                 \u2502               \u2502                 \u2502    net_loss   \u2502\u2502    net_loss   \u2502                 \u2502               \u2502\n\u2502               \u2502                 \u2502               \u2502                 \u2502               \u2502                 \u2502               \u2502                 \u2502               \u2502\u2502               \u2502                 \u2502  Projections: \u2502\n\u2502               \u2502                 \u2502               \u2502                 \u2502               \u2502                 \u2502               \u2502                 \u2502               \u2502\u2502               \u2502                 \u2502   d_date_sk   \u2502\n\u2502               \u2502                 \u2502               \u2502                 \u2502               \u2502                 \u2502               \u2502                 \u2502               \u2502\u2502               \u2502                 \u2502               \u2502\n\u2502               \u251c\u2500\u2500\u2500\u2500\u2500\u2500\u2500\u2500\u2510        \u2502               \u2502                 \u2502               \u251c\u2500\u2500\u2500\u2500\u2500\u2500\u2500\u2500\u2510        \u2502               \u2502                 \u2502               \u2502\u2502               \u2502                 \u2502    Filters:   \u2502\n\u2502               \u2502        \u2502        \u2502               \u2502                 \u2502               \u2502        \u2502        \u2502               \u2502                 \u2502               \u2502\u2502               \u2502                 \u2502  (CAST(d_date \u2502\n\u2502               \u2502        \u2502        \u2502               \u2502                 \u2502               \u2502        \u2502        \u2502               \u2502                 \u2502               \u2502\u2502               \u2502                 \u2502  AS TIMESTAMP)\u2502\n\u2502               \u2502        \u2502        \u2502               \u2502                 \u2502               \u2502        \u2502        \u2502               \u2502                 \u2502               \u2502\u2502               \u2502                 \u2502  BETWEEN '2000\u2502\n\u2502               \u2502        \u2502        \u2502               \u2502                 \u2502               \u2502        \u2502        \u2502               \u2502                 \u2502               \u2502\u2502               \u2502                 \u2502  -08-19 00:00 \u2502\n\u2502               \u2502        \u2502        \u2502               \u2502                 \u2502               \u2502        \u2502        \u2502               \u2502                 \u2502               \u2502\u2502               \u2502                 \u2502:00'::TIMESTAMP\u2502\n\u2502               \u2502        \u2502        \u2502               \u2502                 \u2502               \u2502        \u2502        \u2502               \u2502                 \u2502               \u2502\u2502               \u2502                 \u2502  AND '2000-09 \u2502\n\u2502               \u2502        \u2502        \u2502               \u2502                 \u2502               \u2502        \u2502        \u2502               \u2502                 \u2502               \u2502\u2502               \u2502                 \u2502 -02 00:00:00':\u2502\n\u2502               \u2502        \u2502        \u2502               \u2502                 \u2502               \u2502        \u2502        \u2502               \u2502                 \u2502               \u2502\u2502               \u2502                 \u2502  :TIMESTAMP)  \u2502\n\u2502               \u2502        \u2502        \u2502               \u2502                 \u2502               \u2502        \u2502        \u2502               \u2502                 \u2502               \u2502\u2502               \u2502                 \u2502               \u2502\n\u2502               \u2502        \u2502        \u2502  ~14,609 rows \u2502                 \u2502               \u2502        \u2502        \u2502  ~14,609 rows \u2502                 \u2502~7,197,566 rows\u2502\u2502~7,197,566 rows\u2502                 \u2502  ~14,609 rows \u2502\n\u2514\u2500\u2500\u2500\u2500\u2500\u2500\u2500\u252c\u2500\u2500\u2500\u2500\u2500\u2500\u2500\u2518        \u2502        \u2514\u2500\u2500\u2500\u2500\u2500\u2500\u2500\u252c\u2500\u2500\u2500\u2500\u2500\u2500\u2500\u2518                 \u2514\u2500\u2500\u2500\u2500\u2500\u2500\u2500\u252c\u2500\u2500\u2500\u2500\u2500\u2500\u2500\u2518        \u2502        \u2514\u2500\u2500\u2500\u2500\u2500\u2500\u2500\u252c\u2500\u2500\u2500\u2500\u2500\u2500\u2500\u2518                 \u2514\u2500\u2500\u2500\u2500\u2500\u2500\u2500\u252c\u2500\u2500\u2500\u2500\u2500\u2500\u2500\u2518\u2514\u2500\u2500\u2500\u2500\u2500\u2500\u2500\u252c\u2500\u2500\u2500\u2500\u2500\u2500\u2500\u2518                 \u2514\u2500\u2500\u2500\u2500\u2500\u2500\u2500\u2500\u2500\u2500\u2500\u2500\u2500\u2500\u2500\u2518\n\u250c\u2500\u2500\u2500\u2500\u2500\u2500\u2500\u2534\u2500\u2500\u2500\u2500\u2500\u2500\u2500\u2510\u250c\u2500\u2500\u2500\u2500\u2500\u2500\u2500\u2534\u2500\u2500\u2500\u2500\u2500\u2500\u2500\u2510\u250c\u2500\u2500\u2500\u2500\u2500\u2500\u2500\u2534\u2500\u2500\u2500\u2500\u2500\u2500\u2500\u2510                 \u250c\u2500\u2500\u2500\u2500\u2500\u2500\u2500\u2534\u2500\u2500\u2500\u2500\u2500\u2500\u2500\u2510\u250c\u2500\u2500\u2500\u2500\u2500\u2500\u2500\u2534\u2500\u2500\u2500\u2500\u2500\u2500\u2500\u2510\u250c\u2500\u2500\u2500\u2500\u2500\u2500\u2500\u2534\u2500\u2500\u2500\u2500\u2500\u2500\u2500\u2510                 \u250c\u2500\u2500\u2500\u2500\u2500\u2500\u2500\u2534\u2500\u2500\u2500\u2500\u2500\u2500\u2500\u2510\u250c\u2500\u2500\u2500\u2500\u2500\u2500\u2500\u2534\u2500\u2500\u2500\u2500\u2500\u2500\u2500\u2510\n\u2502   PROJECTION  \u2502\u2502   PROJECTION  \u2502\u2502   SEQ_SCAN    \u2502                 \u2502   PROJECTION  \u2502\u2502   PROJECTION  \u2502\u2502   SEQ_SCAN    \u2502                 \u2502   SEQ_SCAN    \u2502\u2502   HASH_JOIN   \u2502\n\u2502    \u2500\u2500\u2500\u2500\u2500\u2500\u2500\u2500   \u2502\u2502    \u2500\u2500\u2500\u2500\u2500\u2500\u2500\u2500   \u2502\u2502    \u2500\u2500\u2500\u2500\u2500\u2500\u2500\u2500   \u2502                 \u2502    \u2500\u2500\u2500\u2500\u2500\u2500\u2500\u2500   \u2502\u2502    \u2500\u2500\u2500\u2500\u2500\u2500\u2500\u2500   \u2502\u2502    \u2500\u2500\u2500\u2500\u2500\u2500\u2500\u2500   \u2502                 \u2502    \u2500\u2500\u2500\u2500\u2500\u2500\u2500\u2500   \u2502\u2502    \u2500\u2500\u2500\u2500\u2500\u2500\u2500\u2500   \u2502\n\u2502    store_sk   \u2502\u2502    store_sk   \u2502\u2502     Table:    \u2502                 \u2502    page_sk    \u2502\u2502    page_sk    \u2502\u2502     Table:    \u2502                 \u2502     Table:    \u2502\u2502   Join Type:  \u2502\n\u2502    date_sk    \u2502\u2502    date_sk    \u2502\u2502    date_dim   \u2502                 \u2502    date_sk    \u2502\u2502    date_sk    \u2502\u2502    date_dim   \u2502                 \u2502   web_sales   \u2502\u2502     RIGHT     \u2502\n\u2502  sales_price  \u2502\u2502  sales_price  \u2502\u2502               \u2502                 \u2502  sales_price  \u2502\u2502  sales_price  \u2502\u2502               \u2502                 \u2502               \u2502\u2502               \u2502\n\u2502     profit    \u2502\u2502     profit    \u2502\u2502     Type:     \u2502                 \u2502     profit    \u2502\u2502     profit    \u2502\u2502     Type:     \u2502                 \u2502     Type:     \u2502\u2502  Conditions:  \u2502\n\u2502   return_amt  \u2502\u2502   return_amt  \u2502\u2502Sequential Scan\u2502                 \u2502   return_amt  \u2502\u2502   return_amt  \u2502\u2502Sequential Scan\u2502                 \u2502Sequential Scan\u2502\u2502  ws_item_sk = \u2502\n\u2502    net_loss   \u2502\u2502    net_loss   \u2502\u2502               \u2502                 \u2502    net_loss   \u2502\u2502    net_loss   \u2502\u2502               \u2502                 \u2502               \u2502\u2502   wr_item_sk  \u2502\n\u2502               \u2502\u2502               \u2502\u2502  Projections: \u2502                 \u2502               \u2502\u2502               \u2502\u2502  Projections: \u2502                 \u2502  Projections: \u2502\u2502ws_order_number\u2502\n\u2502               \u2502\u2502               \u2502\u2502   d_date_sk   \u2502                 \u2502               \u2502\u2502               \u2502\u2502   d_date_sk   \u2502                 \u2502 ws_web_site_sk\u2502\u2502 = wr_order_num\u2502\n\u2502               \u2502\u2502               \u2502\u2502               \u2502                 \u2502               \u2502\u2502               \u2502\u2502               \u2502                 \u2502ws_sold_date_sk\u2502\u2502      ber      \u2502\n\u2502               \u2502\u2502               \u2502\u2502    Filters:   \u2502                 \u2502               \u2502\u2502               \u2502\u2502    Filters:   \u2502                 \u2502ws_ext_sales_pr\u2502\u2502               \u251c\u2500\u2500\u2500\u2500\u2500\u2500\u2500\u2500\u2510\n\u2502               \u2502\u2502               \u2502\u2502  (CAST(d_date \u2502                 \u2502               \u2502\u2502               \u2502\u2502  (CAST(d_date \u2502                 \u2502      ice      \u2502\u2502               \u2502        \u2502\n\u2502               \u2502\u2502               \u2502\u2502  AS TIMESTAMP)\u2502                 \u2502               \u2502\u2502               \u2502\u2502  AS TIMESTAMP)\u2502                 \u2502 ws_net_profit \u2502\u2502               \u2502        \u2502\n\u2502               \u2502\u2502               \u2502\u2502  BETWEEN '2000\u2502                 \u2502               \u2502\u2502               \u2502\u2502  BETWEEN '2000\u2502                 \u2502               \u2502\u2502               \u2502        \u2502\n\u2502               \u2502\u2502               \u2502\u2502  -08-19 00:00 \u2502                 \u2502               \u2502\u2502               \u2502\u2502  -08-19 00:00 \u2502                 \u2502               \u2502\u2502               \u2502        \u2502\n\u2502               \u2502\u2502               \u2502\u2502:00'::TIMESTAMP\u2502                 \u2502               \u2502\u2502               \u2502\u2502:00'::TIMESTAMP\u2502                 \u2502               \u2502\u2502               \u2502        \u2502\n\u2502               \u2502\u2502               \u2502\u2502  AND '2000-09 \u2502                 \u2502               \u2502\u2502               \u2502\u2502  AND '2000-09 \u2502                 \u2502               \u2502\u2502               \u2502        \u2502\n\u2502               \u2502\u2502               \u2502\u2502 -02 00:00:00':\u2502                 \u2502               \u2502\u2502               \u2502\u2502 -02 00:00:00':\u2502                 \u2502               \u2502\u2502               \u2502        \u2502\n\u2502               \u2502\u2502               \u2502\u2502  :TIMESTAMP)  \u2502                 \u2502               \u2502\u2502               \u2502\u2502  :TIMESTAMP)  \u2502                 \u2502               \u2502\u2502               \u2502        \u2502\n\u2502               \u2502\u2502               \u2502\u2502               \u2502                 \u2502               \u2502\u2502               \u2502\u2502               \u2502                 \u2502               \u2502\u2502               \u2502        \u2502\n\u2502~28,800,99...  \u2502\u2502~2,877,532 rows\u2502\u2502  ~14,609 rows \u2502                 \u2502~14,401,26...  \u2502\u2502~1,441,224 rows\u2502\u2502  ~14,609 rows \u2502                 \u2502~7,197,566 rows\u2502\u2502~7,197,566 rows\u2502        \u2502\n\u2514\u2500\u2500\u2500\u2500\u2500\u2500\u2500\u252c\u2500\u2500\u2500\u2500\u2500\u2500\u2500\u2518\u2514\u2500\u2500\u2500\u2500\u2500\u2500\u2500\u252c\u2500\u2500\u2500\u2500\u2500\u2500\u2500\u2518\u2514\u2500\u2500\u2500\u2500\u2500\u2500\u2500\u2500\u2500\u2500\u2500\u2500\u2500\u2500\u2500\u2518                 \u2514\u2500\u2500\u2500\u2500\u2500\u2500\u2500\u252c\u2500\u2500\u2500\u2500\u2500\u2500\u2500\u2518\u2514\u2500\u2500\u2500\u2500\u2500\u2500\u2500\u252c\u2500\u2500\u2500\u2500\u2500\u2500\u2500\u2518\u2514\u2500\u2500\u2500\u2500\u2500\u2500\u2500\u2500\u2500\u2500\u2500\u2500\u2500\u2500\u2500\u2518                 \u2514\u2500\u2500\u2500\u2500\u2500\u2500\u2500\u2500\u2500\u2500\u2500\u2500\u2500\u2500\u2500\u2518\u2514\u2500\u2500\u2500\u2500\u2500\u2500\u2500\u252c\u2500\u2500\u2500\u2500\u2500\u2500\u2500\u2518        \u2502\n\u250c\u2500\u2500\u2500\u2500\u2500\u2500\u2500\u2534\u2500\u2500\u2500\u2500\u2500\u2500\u2500\u2510\u250c\u2500\u2500\u2500\u2500\u2500\u2500\u2500\u2534\u2500\u2500\u2500\u2500\u2500\u2500\u2500\u2510                                  \u250c\u2500\u2500\u2500\u2500\u2500\u2500\u2500\u2534\u2500\u2500\u2500\u2500\u2500\u2500\u2500\u2510\u250c\u2500\u2500\u2500\u2500\u2500\u2500\u2500\u2534\u2500\u2500\u2500\u2500\u2500\u2500\u2500\u2510                                                   \u250c\u2500\u2500\u2500\u2500\u2500\u2500\u2500\u2534\u2500\u2500\u2500\u2500\u2500\u2500\u2500\u2510\u250c\u2500\u2500\u2500\u2500\u2500\u2500\u2500\u2534\u2500\u2500\u2500\u2500\u2500\u2500\u2500\u2510\n\u2502   SEQ_SCAN    \u2502\u2502   SEQ_SCAN    \u2502                                  \u2502   SEQ_SCAN    \u2502\u2502   SEQ_SCAN    \u2502                                                   \u2502   SEQ_SCAN    \u2502\u2502   SEQ_SCAN    \u2502\n\u2502    \u2500\u2500\u2500\u2500\u2500\u2500\u2500\u2500   \u2502\u2502    \u2500\u2500\u2500\u2500\u2500\u2500\u2500\u2500   \u2502                                  \u2502    \u2500\u2500\u2500\u2500\u2500\u2500\u2500\u2500   \u2502\u2502    \u2500\u2500\u2500\u2500\u2500\u2500\u2500\u2500   \u2502                                                   \u2502    \u2500\u2500\u2500\u2500\u2500\u2500\u2500\u2500   \u2502\u2502    \u2500\u2500\u2500\u2500\u2500\u2500\u2500\u2500   \u2502\n\u2502     Table:    \u2502\u2502     Table:    \u2502                                  \u2502     Table:    \u2502\u2502     Table:    \u2502                                                   \u2502     Table:    \u2502\u2502     Table:    \u2502\n\u2502  store_sales  \u2502\u2502 store_returns \u2502                                  \u2502 catalog_sales \u2502\u2502catalog_returns\u2502                                                   \u2502   web_sales   \u2502\u2502  web_returns  \u2502\n\u2502               \u2502\u2502               \u2502                                  \u2502               \u2502\u2502               \u2502                                                   \u2502               \u2502\u2502               \u2502\n\u2502     Type:     \u2502\u2502     Type:     \u2502                                  \u2502     Type:     \u2502\u2502     Type:     \u2502                                                   \u2502     Type:     \u2502\u2502     Type:     \u2502\n\u2502Sequential Scan\u2502\u2502Sequential Scan\u2502                                  \u2502Sequential Scan\u2502\u2502Sequential Scan\u2502                                                   \u2502Sequential Scan\u2502\u2502Sequential Scan\u2502\n\u2502               \u2502\u2502               \u2502                                  \u2502               \u2502\u2502               \u2502                                                   \u2502               \u2502\u2502               \u2502\n\u2502  Projections: \u2502\u2502  Projections: \u2502                                  \u2502  Projections: \u2502\u2502  Projections: \u2502                                                   \u2502  Projections: \u2502\u2502  Projections: \u2502\n\u2502  ss_store_sk  \u2502\u2502  sr_store_sk  \u2502                                  \u2502cs_catalog_page\u2502\u2502cr_catalog_page\u2502                                                   \u2502   ws_item_sk  \u2502\u2502   wr_item_sk  \u2502\n\u2502ss_sold_date_sk\u2502\u2502sr_returned_dat\u2502                                  \u2502      _sk      \u2502\u2502      _sk      \u2502                                                   \u2502ws_order_number\u2502\u2502wr_order_number\u2502\n\u2502ss_ext_sales_pr\u2502\u2502      e_sk     \u2502                                  \u2502cs_sold_date_sk\u2502\u2502cr_returned_dat\u2502                                                   \u2502 ws_web_site_sk\u2502\u2502wr_returned_dat\u2502\n\u2502      ice      \u2502\u2502 sr_return_amt \u2502                                  \u2502cs_ext_sales_pr\u2502\u2502      e_sk     \u2502                                                   \u2502               \u2502\u2502      e_sk     \u2502\n\u2502 ss_net_profit \u2502\u2502  sr_net_loss  \u2502                                  \u2502      ice      \u2502\u2502cr_return_amoun\u2502                                                   \u2502               \u2502\u2502 wr_return_amt \u2502\n\u2502               \u2502\u2502               \u2502                                  \u2502 cs_net_profit \u2502\u2502       t       \u2502                                                   \u2502               \u2502\u2502  wr_net_loss  \u2502\n\u2502               \u2502\u2502               \u2502                                  \u2502               \u2502\u2502  cr_net_loss  \u2502                                                   \u2502               \u2502\u2502               \u2502\n\u2502               \u2502\u2502               \u2502                                  \u2502               \u2502\u2502               \u2502                                                   \u2502               \u2502\u2502               \u2502\n\u2502~28,800,99...  \u2502\u2502~2,877,532 rows\u2502                                  \u2502~14,401,26...  \u2502\u2502~1,441,224 rows\u2502                                                   \u2502~7,197,566 rows\u2502\u2502 ~719,222 rows \u2502\n\u2514\u2500\u2500\u2500\u2500\u2500\u2500\u2500\u2500\u2500\u2500\u2500\u2500\u2500\u2500\u2500\u2518\u2514\u2500\u2500\u2500\u2500\u2500\u2500\u2500\u2500\u2500\u2500\u2500\u2500\u2500\u2500\u2500\u2518                                  \u2514\u2500\u2500\u2500\u2500\u2500\u2500\u2500\u2500\u2500\u2500\u2500\u2500\u2500\u2500\u2500\u2518\u2514\u2500\u2500\u2500\u2500\u2500\u2500\u2500\u2500\u2500\u2500\u2500\u2500\u2500\u2500\u2500\u2518                                                   \u2514\u2500\u2500\u2500\u2500\u2500\u2500\u2500\u2500\u2500\u2500\u2500\u2500\u2500\u2500\u2500\u2518\u2514\u2500\u2500\u2500\u2500\u2500\u2500\u2500\u2500\u2500\u2500\u2500\u2500\u2500\u2500\u2500\u2518\n",
  "plan_json": {
    "total_bytes_written": 0,
    "total_bytes_read": 0,
    "rows_returned": 0,
    "latency": 0.0,
    "result_set_size": 0,
    "query_name": "",
    "blocked_thread_time": 0.0,
    "system_peak_buffer_memory": 0,
    "system_peak_temp_dir_size": 0,
    "cpu_time": 0.0,
    "extra_info": {},
    "cumulative_cardinality": 0,
    "cumulative_rows_scanned": 0,
    "children": [
      {
        "total_bytes_written": 0,
        "total_bytes_read": 0,
        "result_set_size": 0,
        "operator_name": "EXPLAIN_ANALYZE",
        "cpu_time": 0.0,
        "extra_info": {},
        "cumulative_cardinality": 0,
        "operator_type": "EXPLAIN_ANALYZE",
        "operator_cardinality": 0,
        "cumulative_rows_scanned": 0,
        "operator_rows_scanned": 0,
        "operator_timing": 3.19e-07,
        "children": [
          {
            "total_bytes_written": 0,
            "total_bytes_read": 0,
            "result_set_size": 8000,
            "operator_name": "TOP_N",
            "cpu_time": 0.0,
            "extra_info": {
              "Top": "100",
              "Order By": [
                "x.channel ASC",
                "x.id ASC"
              ]
            },
            "cumulative_cardinality": 0,
            "operator_type": "TOP_N",
            "operator_cardinality": 100,
            "cumulative_rows_scanned": 0,
            "operator_rows_scanned": 0,
            "operator_timing": 0.0009456380000000003,
            "children": [
              {
                "total_bytes_written": 0,
                "total_bytes_read": 0,
                "result_set_size": 96720,
                "operator_name": "HASH_GROUP_BY",
                "cpu_time": 0.0,
                "extra_info": {
                  "Groups": [
                    "#0",
                    "#1"
                  ],
                  "Aggregates": [
                    "sum(#2)",
                    "sum(#3)",
                    "sum(#4)"
                  ],
                  "Estimated Cardinality": "53"
                },
                "cumulative_cardinality": 0,
                "operator_type": "HASH_GROUP_BY",
                "operator_cardinality": 1209,
                "cumulative_rows_scanned": 0,
                "operator_rows_scanned": 0,
                "operator_timing": 0.03419700700000001,
                "children": [
                  {
                    "total_bytes_written": 0,
                    "total_bytes_read": 0,
                    "result_set_size": 96400,
                    "operator_name": "PROJECTION",
                    "cpu_time": 0.0,
                    "extra_info": {
                      "Projections": [
                        "channel",
                        "id",
                        "sales",
                        "returns",
                        "profit"
                      ],
                      "Estimated Cardinality": "5970"
                    },
                    "cumulative_cardinality": 0,
                    "operator_type": "PROJECTION",
                    "operator_cardinality": 1205,
                    "cumulative_rows_scanned": 0,
                    "operator_rows_scanned": 0,
                    "operator_timing": 3.3607000000000005e-05,
                    "children": [
                      {
                        "total_bytes_written": 0,
                        "total_bytes_read": 0,
                        "result_set_size": 0,
                        "operator_name": "UNION",
                        "cpu_time": 0.0,
                        "extra_info": {},
                        "cumulative_cardinality": 0,
                        "operator_type": "UNION",
                        "operator_cardinality": 0,
                        "cumulative_rows_scanned": 0,
                        "operator_rows_scanned": 0,
                        "operator_timing": 0.0,
                        "children": [
                          {
                            "total_bytes_written": 0,
                            "total_bytes_read": 0,
                            "result_set_size": 0,
                            "operator_name": "UNION",
                            "cpu_time": 0.0,
                            "extra_info": {},
                            "cumulative_cardinality": 0,
                            "operator_type": "UNION",
                            "operator_cardinality": 0,
                            "cumulative_rows_scanned": 0,
                            "operator_rows_scanned": 0,
                            "operator_timing": 0.0,
                            "children": [
                              {
                                "total_bytes_written": 0,
                                "total_bytes_read": 0,
                                "result_set_size": 4080,
                                "operator_name": "PROJECTION",
                                "cpu_time": 0.0,
                                "extra_info": {
                                  "Projections": [
                                    "channel",
                                    "id",
                                    "sales",
                                    "returns",
                                    "profit"
                                  ],
                                  "Estimated Cardinality": "1990"
                                },
                                "cumulative_cardinality": 0,
                                "operator_type": "PROJECTION",
                                "operator_cardinality": 51,
                                "cumulative_rows_scanned": 0,
                                "operator_rows_scanned": 0,
                                "operator_timing": 0.0006008360000000001,
                                "children": [
                                  {
                                    "total_bytes_written": 0,
                                    "total_bytes_read": 0,
                                    "result_set_size": 4080,
                                    "operator_name": "HASH_GROUP_BY",
                                    "cpu_time": 0.0,
                                    "extra_info": {
                                      "Groups": "#0",
                                      "Aggregates": [
                                        "sum(#1)",
                                        "sum(#2)",
                                        "sum(#3)",
                                        "sum(#4)"
                                      ],
                                      "Estimated Cardinality": "1990"
                                    },
                                    "cumulative_cardinality": 0,
                                    "operator_type": "HASH_GROUP_BY",
                                    "operator_cardinality": 51,
                                    "cumulative_rows_scanned": 0,
                                    "operator_rows_scanned": 0,
                                    "operator_timing": 0.029472930999999994,
                                    "children": [
                                      {
                                        "total_bytes_written": 0,
                                        "total_bytes_read": 0,
                                        "result_set_size": 9731616,
                                        "operator_name": "PROJECTION",
                                        "cpu_time": 0.0,
                                        "extra_info": {
                                          "Projections": [
                                            "s_store_id",
                                            "sales_price",
                                            "profit",
                                            "return_amt",
                                            "net_loss"
                                          ],
                                          "Estimated Cardinality": "6462064"
                                        },
                                        "cumulative_cardinality": 0,
                                        "operator_type": "PROJECTION",
                                        "operator_cardinality": 304113,
                                        "cumulative_rows_scanned": 0,
                                        "operator_rows_scanned": 0,
                                        "operator_timing": 0.00018551500000000003,
                                        "children": [
                                          {
                                            "total_bytes_written": 0,
                                            "total_bytes_read": 0,
                                            "result_set_size": 9731616,
                                            "operator_name": "HASH_JOIN",
                                            "cpu_time": 0.0,
                                            "extra_info": {
                                              "Join Type": "INNER",
                                              "Conditions": "store_sk = s_store_sk",
                                              "Estimated Cardinality": "6462064"
                                            },
                                            "cumulative_cardinality": 0,
                                            "operator_type": "HASH_JOIN",
                                            "operator_cardinality": 304113,
                                            "cumulative_rows_scanned": 0,
                                            "operator_rows_scanned": 0,
                                            "operator_timing": 0.001429017,
                                            "children": [
                                              {
                                                "total_bytes_written": 0,
                                                "total_bytes_read": 0,
                                                "result_set_size": 7298712,
                                                "operator_name": "HASH_JOIN",
                                                "cpu_time": 0.0,
                                                "extra_info": {
                                                  "Join Type": "INNER",
                                                  "Conditions": "date_sk = d_date_sk",
                                                  "Estimated Cardinality": "6335357"
                                                },
                                                "cumulative_cardinality": 0,
                                                "operator_type": "HASH_JOIN",
                                                "operator_cardinality": 304113,
                                                "cumulative_rows_scanned": 0,
                                                "operator_rows_scanned": 0,
                                                "operator_timing": 0.03510553000000001,
                                                "children": [
                                                  {
                                                    "total_bytes_written": 0,
                                                    "total_bytes_read": 0,
                                                    "result_set_size": 0,
                                                    "operator_name": "UNION",
                                                    "cpu_time": 0.0,
                                                    "extra_info": {},
                                                    "cumulative_cardinality": 0,
                                                    "operator_type": "UNION",
                                                    "operator_cardinality": 0,
                                                    "cumulative_rows_scanned": 0,
                                                    "operator_rows_scanned": 0,
                                                    "operator_timing": 0.0,
                                                    "children": [
                                                      {
                                                        "total_bytes_written": 0,
                                                        "total_bytes_read": 0,
                                                        "result_set_size": 6937536,
                                                        "operator_name": "PROJECTION",
                                                        "cpu_time": 0.0,
                                                        "extra_info": {
                                                          "Projections": [
                                                            "store_sk",
                                                            "date_sk",
                                                            "sales_price",
                                                            "profit",
                                                            "return_amt",
                                                            "net_loss"
                                                          ],
                                                          "Estimated Cardinality": "28800991"
                                                        },
                                                        "cumulative_cardinality": 0,
                                                        "operator_type": "PROJECTION",
                                                        "operator_cardinality": 289064,
                                                        "cumulative_rows_scanned": 0,
                                                        "operator_rows_scanned": 0,
                                                        "operator_timing": 0.006827865999999999,
                                                        "children": [
                                                          {
                                                            "total_bytes_written": 0,
                                                            "total_bytes_read": 0,
                                                            "result_set_size": 4625024,
                                                            "operator_name": "SEQ_SCAN ",
                                                            "cpu_time": 0.0,
                                                            "extra_info": {
                                                              "Table": "store_sales",
                                                              "Type": "Sequential Scan",
                                                              "Projections": [
                                                                "ss_store_sk",
                                                                "ss_sold_date_sk",
                                                                "ss_ext_sales_price",
                                                                "ss_net_profit"
                                                              ],
                                                              "Estimated Cardinality": "28800991"
                                                            },
                                                            "cumulative_cardinality": 0,
                                                            "operator_type": "TABLE_SCAN",
                                                            "operator_cardinality": 289064,
                                                            "cumulative_rows_scanned": 0,
                                                            "operator_rows_scanned": 806427748,
                                                            "operator_timing": 13.447330669999994,
                                                            "children": []
                                                          }
                                                        ]
                                                      },
                                                      {
                                                        "total_bytes_written": 0,
                                                        "total_bytes_read": 0,
                                                        "result_set_size": 361176,
                                                        "operator_name": "PROJECTION",
                                                        "cpu_time": 0.0,
                                                        "extra_info": {
                                                          "Projections": [
                                                            "store_sk",
                                                            "date_sk",
                                                            "sales_price",
                                                            "profit",
                                                            "return_amt",
                                                            "net_loss"
                                                          ],
                                                          "Estimated Cardinality": "2877532"
                                                        },
                                                        "cumulative_cardinality": 0,
                                                        "operator_type": "PROJECTION",
                                                        "operator_cardinality": 15049,
                                                        "cumulative_rows_scanned": 0,
                                                        "operator_rows_scanned": 0,
                                                        "operator_timing": 0.0009187490000000004,
                                                        "children": [
                                                          {
                                                            "total_bytes_written": 0,
                                                            "total_bytes_read": 0,
                                                            "result_set_size": 240784,
                                                            "operator_name": "SEQ_SCAN ",
                                                            "cpu_time": 0.0,
                                                            "extra_info": {
                                                              "Table": "store_returns",
                                                              "Type": "Sequential Scan",
                                                              "Projections": [
                                                                "sr_store_sk",
                                                                "sr_returned_date_sk",
                                                                "sr_return_amt",
                                                                "sr_net_loss"
                                                              ],
                                                              "Estimated Cardinality": "2877532"
                                                            },
                                                            "cumulative_cardinality": 0,
                                                            "operator_type": "TABLE_SCAN",
                                                            "operator_cardinality": 15049,
                                                            "cumulative_rows_scanned": 0,
                                                            "operator_rows_scanned": 69060768,
                                                            "operator_timing": 1.4735508129999995,
                                                            "children": []
                                                          }
                                                        ]
                                                      }
                                                    ]
                                                  },
                                                  {
                                                    "total_bytes_written": 0,
                                                    "total_bytes_read": 0,
                                                    "result_set_size": 60,
                                                    "operator_name": "FILTER",
                                                    "cpu_time": 0.0,
                                                    "extra_info": {
                                                      "Expression": "(d_date_sk BETWEEN 2450816 AND 2452822)",
                                                      "Estimated Cardinality": "14609"
                                                    },
                                                    "cumulative_cardinality": 0,
                                                    "operator_type": "FILTER",
                                                    "operator_cardinality": 15,
                                                    "cumulative_rows_scanned": 0,
                                                    "operator_rows_scanned": 0,
                                                    "operator_timing": 4.0681e-05,
                                                    "children": [
                                                      {
                                                        "total_bytes_written": 0,
                                                        "total_bytes_read": 0,
                                                        "result_set_size": 60,
                                                        "operator_name": "SEQ_SCAN ",
                                                        "cpu_time": 0.0,
                                                        "extra_info": {
                                                          "Table": "date_dim",
                                                          "Type": "Sequential Scan",
                                                          "Projections": "d_date_sk",
                                                          "Filters": "(CAST(d_date AS TIMESTAMP) BETWEEN '2000-08-19 00:00:00'::TIMESTAMP AND '2000-09-02 00:00:00'::TIMESTAMP)",
                                                          "Estimated Cardinality": "14609"
                                                        },
                                                        "cumulative_cardinality": 0,
                                                        "operator_type": "TABLE_SCAN",
                                                        "operator_cardinality": 15,
                                                        "cumulative_rows_scanned": 0,
                                                        "operator_rows_scanned": 73049,
                                                        "operator_timing": 0.004865656,
                                                        "children": []
                                                      }
                                                    ]
                                                  }
                                                ]
                                              },
                                              {
                                                "total_bytes_written": 0,
                                                "total_bytes_read": 0,
                                                "result_set_size": 2000,
                                                "operator_name": "SEQ_SCAN ",
                                                "cpu_time": 0.0,
                                                "extra_info": {
                                                  "Table": "store",
                                                  "Type": "Sequential Scan",
                                                  "Projections": [
                                                    "s_store_sk",
                                                    "s_store_id"
                                                  ],
                                                  "Filters": "s_store_sk<=100",
                                                  "Estimated Cardinality": "102"
                                                },
                                                "cumulative_cardinality": 0,
                                                "operator_type": "TABLE_SCAN",
                                                "operator_cardinality": 100,
                                                "cumulative_rows_scanned": 0,
                                                "operator_rows_scanned": 102,
                                                "operator_timing": 0.004326715,
                                                "children": []
                                              }
                                            ]
                                          }
                                        ]
                                      }
                                    ]
                                  }
                                ]
                              },
                              {
                                "total_bytes_written": 0,
                                "total_bytes_read": 0,
                                "result_set_size": 90640,
                                "operator_name": "PROJECTION",
                                "cpu_time": 0.0,
                                "extra_info": {
                                  "Projections": [
                                    "channel",
                                    "id",
                                    "sales",
                                    "returns",
                                    "profit"
                                  ],
                                  "Estimated Cardinality": "1990"
                                },
                                "cumulative_cardinality": 0,
                                "operator_type": "PROJECTION",
                                "operator_cardinality": 1133,
                                "cumulative_rows_scanned": 0,
                                "operator_rows_scanned": 0,
                                "operator_timing": 0.000448287,
                                "children": [
                                  {
                                    "total_bytes_written": 0,
                                    "total_bytes_read": 0,
                                    "result_set_size": 90640,
                                    "operator_name": "HASH_GROUP_BY",
                                    "cpu_time": 0.0,
                                    "extra_info": {
                                      "Groups": "#0",
                                      "Aggregates": [
                                        "sum(#1)",
                                        "sum(#2)",
                                        "sum(#3)",
                                        "sum(#4)"
                                      ],
                                      "Estimated Cardinality": "1990"
                                    },
                                    "cumulative_cardinality": 0,
                                    "operator_type": "HASH_GROUP_BY",
                                    "operator_cardinality": 1133,
                                    "cumulative_rows_scanned": 0,
                                    "operator_rows_scanned": 0,
                                    "operator_timing": 0.006908420000000001,
                                    "children": [
                                      {
                                        "total_bytes_written": 0,
                                        "total_bytes_read": 0,
                                        "result_set_size": 5176608,
                                        "operator_name": "PROJECTION",
                                        "cpu_time": 0.0,
                                        "extra_info": {
                                          "Projections": [
                                            "cp_catalog_page_id",
                                            "sales_price",
                                            "profit",
                                            "return_amt",
                                            "net_loss"
                                          ],
                                          "Estimated Cardinality": "3649091"
                                        },
                                        "cumulative_cardinality": 0,
                                        "operator_type": "PROJECTION",
                                        "operator_cardinality": 161769,
                                        "cumulative_rows_scanned": 0,
                                        "operator_rows_scanned": 0,
                                        "operator_timing": 2.0278e-05,
                                        "children": [
                                          {
                                            "total_bytes_written": 0,
                                            "total_bytes_read": 0,
                                            "result_set_size": 5176608,
                                            "operator_name": "HASH_JOIN",
                                            "cpu_time": 0.0,
                                            "extra_info": {
                                              "Join Type": "INNER",
                                              "Conditions": "page_sk = cp_catalog_page_sk",
                                              "Estimated Cardinality": "3649091"
                                            },
                                            "cumulative_cardinality": 0,
                                            "operator_type": "HASH_JOIN",
                                            "operator_cardinality": 161769,
                                            "cumulative_rows_scanned": 0,
                                            "operator_rows_scanned": 0,
                                            "operator_timing": 0.0006930670000000001,
                                            "children": [
                                              {
                                                "total_bytes_written": 0,
                                                "total_bytes_read": 0,
                                                "result_set_size": 3882456,
                                                "operator_name": "HASH_JOIN",
                                                "cpu_time": 0.0,
                                                "extra_info": {
                                                  "Join Type": "INNER",
                                                  "Conditions": "date_sk = d_date_sk",
                                                  "Estimated Cardinality": "3168323"
                                                },
                                                "cumulative_cardinality": 0,
                                                "operator_type": "HASH_JOIN",
                                                "operator_cardinality": 161769,
                                                "cumulative_rows_scanned": 0,
                                                "operator_rows_scanned": 0,
                                                "operator_timing": 0.000475885,
                                                "children": [
                                                  {
                                                    "total_bytes_written": 0,
                                                    "total_bytes_read": 0,
                                                    "result_set_size": 0,
                                                    "operator_name": "UNION",
                                                    "cpu_time": 0.0,
                                                    "extra_info": {},
                                                    "cumulative_cardinality": 0,
                                                    "operator_type": "UNION",
                                                    "operator_cardinality": 0,
                                                    "cumulative_rows_scanned": 0,
                                                    "operator_rows_scanned": 0,
                                                    "operator_timing": 0.0,
                                                    "children": [
                                                      {
                                                        "total_bytes_written": 0,
                                                        "total_bytes_read": 0,
                                                        "result_set_size": 3702096,
                                                        "operator_name": "PROJECTION",
                                                        "cpu_time": 0.0,
                                                        "extra_info": {
                                                          "Projections": [
                                                            "page_sk",
                                                            "date_sk",
                                                            "sales_price",
                                                            "profit",
                                                            "return_amt",
                                                            "net_loss"
                                                          ],
                                                          "Estimated Cardinality": "14401261"
                                                        },
                                                        "cumulative_cardinality": 0,
                                                        "operator_type": "PROJECTION",
                                                        "operator_cardinality": 154254,
                                                        "cumulative_rows_scanned": 0,
                                                        "operator_rows_scanned": 0,
                                                        "operator_timing": 3.2437e-05,
                                                        "children": [
                                                          {
                                                            "total_bytes_written": 0,
                                                            "total_bytes_read": 0,
                                                            "result_set_size": 2468064,
                                                            "operator_name": "SEQ_SCAN ",
                                                            "cpu_time": 0.0,
                                                            "extra_info": {
                                                              "Table": "catalog_sales",
                                                              "Type": "Sequential Scan",
                                                              "Projections": [
                                                                "cs_catalog_page_sk",
                                                                "cs_sold_date_sk",
                                                                "cs_ext_sales_price",
                                                                "cs_net_profit"
                                                              ],
                                                              "Estimated Cardinality": "14401261"
                                                            },
                                                            "cumulative_cardinality": 0,
                                                            "operator_type": "TABLE_SCAN",
                                                            "operator_cardinality": 154254,
                                                            "cumulative_rows_scanned": 0,
                                                            "operator_rows_scanned": 403235308,
                                                            "operator_timing": 0.071458042,
                                                            "children": []
                                                          }
                                                        ]
                                                      },
                                                      {
                                                        "total_bytes_written": 0,
                                                        "total_bytes_read": 0,
                                                        "result_set_size": 180360,
                                                        "operator_name": "PROJECTION",
                                                        "cpu_time": 0.0,
                                                        "extra_info": {
                                                          "Projections": [
                                                            "page_sk",
                                                            "date_sk",
                                                            "sales_price",
                                                            "profit",
                                                            "return_amt",
                                                            "net_loss"
                                                          ],
                                                          "Estimated Cardinality": "1441224"
                                                        },
                                                        "cumulative_cardinality": 0,
                                                        "operator_type": "PROJECTION",
                                                        "operator_cardinality": 7515,
                                                        "cumulative_rows_scanned": 0,
                                                        "operator_rows_scanned": 0,
                                                        "operator_timing": 3.1759e-05,
                                                        "children": [
                                                          {
                                                            "total_bytes_written": 0,
                                                            "total_bytes_read": 0,
                                                            "result_set_size": 120240,
                                                            "operator_name": "SEQ_SCAN ",
                                                            "cpu_time": 0.0,
                                                            "extra_info": {
                                                              "Table": "catalog_returns",
                                                              "Type": "Sequential Scan",
                                                              "Projections": [
                                                                "cr_catalog_page_sk",
                                                                "cr_returned_date_sk",
                                                                "cr_return_amount",
                                                                "cr_net_loss"
                                                              ],
                                                              "Estimated Cardinality": "1441224"
                                                            },
                                                            "cumulative_cardinality": 0,
                                                            "operator_type": "TABLE_SCAN",
                                                            "operator_cardinality": 7515,
                                                            "cumulative_rows_scanned": 0,
                                                            "operator_rows_scanned": 17294688,
                                                            "operator_timing": 0.06915661299999998,
                                                            "children": []
                                                          }
                                                        ]
                                                      }
                                                    ]
                                                  },
                                                  {
                                                    "total_bytes_written": 0,
                                                    "total_bytes_read": 0,
                                                    "result_set_size": 60,
                                                    "operator_name": "FILTER",
                                                    "cpu_time": 0.0,
                                                    "extra_info": {
                                                      "Expression": "(d_date_sk BETWEEN 2450815 AND 2452918)",
                                                      "Estimated Cardinality": "14609"
                                                    },
                                                    "cumulative_cardinality": 0,
                                                    "operator_type": "FILTER",
                                                    "operator_cardinality": 15,
                                                    "cumulative_rows_scanned": 0,
                                                    "operator_rows_scanned": 0,
                                                    "operator_timing": 3.3254000000000004e-05,
                                                    "children": [
                                                      {
                                                        "total_bytes_written": 0,
                                                        "total_bytes_read": 0,
                                                        "result_set_size": 60,
                                                        "operator_name": "SEQ_SCAN ",
                                                        "cpu_time": 0.0,
                                                        "extra_info": {
                                                          "Table": "date_dim",
                                                          "Type": "Sequential Scan",
                                                          "Projections": "d_date_sk",
                                                          "Filters": "(CAST(d_date AS TIMESTAMP) BETWEEN '2000-08-19 00:00:00'::TIMESTAMP AND '2000-09-02 00:00:00'::TIMESTAMP)",
                                                          "Estimated Cardinality": "14609"
                                                        },
                                                        "cumulative_cardinality": 0,
                                                        "operator_type": "TABLE_SCAN",
                                                        "operator_cardinality": 15,
                                                        "cumulative_rows_scanned": 0,
                                                        "operator_rows_scanned": 73049,
                                                        "operator_timing": 0.004773404,
                                                        "children": []
                                                      }
                                                    ]
                                                  }
                                                ]
                                              },
                                              {
                                                "total_bytes_written": 0,
                                                "total_bytes_read": 0,
                                                "result_set_size": 202020,
                                                "operator_name": "SEQ_SCAN ",
                                                "cpu_time": 0.0,
                                                "extra_info": {
                                                  "Table": "catalog_page",
                                                  "Type": "Sequential Scan",
                                                  "Projections": [
                                                    "cp_catalog_page_sk",
                                                    "cp_catalog_page_id"
                                                  ],
                                                  "Filters": "cp_catalog_page_sk<=10101",
                                                  "Estimated Cardinality": "12000"
                                                },
                                                "cumulative_cardinality": 0,
                                                "operator_type": "TABLE_SCAN",
                                                "operator_cardinality": 10101,
                                                "cumulative_rows_scanned": 0,
                                                "operator_rows_scanned": 12000,
                                                "operator_timing": 0.004469717000000001,
                                                "children": []
                                              }
                                            ]
                                          }
                                        ]
                                      }
                                    ]
                                  }
                                ]
                              }
                            ]
                          },
                          {
                            "total_bytes_written": 0,
                            "total_bytes_read": 0,
                            "result_set_size": 1680,
                            "operator_name": "PROJECTION",
                            "cpu_time": 0.0,
                            "extra_info": {
                              "Projections": [
                                "channel",
                                "id",
                                "sales",
                                "returns",
                                "profit"
                              ],
                              "Estimated Cardinality": "1990"
                            },
                            "cumulative_cardinality": 0,
                            "operator_type": "PROJECTION",
                            "operator_cardinality": 21,
                            "cumulative_rows_scanned": 0,
                            "operator_rows_scanned": 0,
                            "operator_timing": 0.00023985799999999997,
                            "children": [
                              {
                                "total_bytes_written": 0,
                                "total_bytes_read": 0,
                                "result_set_size": 1680,
                                "operator_name": "HASH_GROUP_BY",
                                "cpu_time": 0.0,
                                "extra_info": {
                                  "Groups": "#0",
                                  "Aggregates": [
                                    "sum(#1)",
                                    "sum(#2)",
                                    "sum(#3)",
                                    "sum(#4)"
                                  ],
                                  "Estimated Cardinality": "1990"
                                },
                                "cumulative_cardinality": 0,
                                "operator_type": "HASH_GROUP_BY",
                                "operator_cardinality": 21,
                                "cumulative_rows_scanned": 0,
                                "operator_rows_scanned": 0,
                                "operator_timing": 0.021712417999999994,
                                "children": [
                                  {
                                    "total_bytes_written": 0,
                                    "total_bytes_read": 0,
                                    "result_set_size": 2696160,
                                    "operator_name": "PROJECTION",
                                    "cpu_time": 0.0,
                                    "extra_info": {
                                      "Projections": [
                                        "web_site_id",
                                        "sales_price",
                                        "profit",
                                        "return_amt",
                                        "net_loss"
                                      ],
                                      "Estimated Cardinality": "2811918"
                                    },
                                    "cumulative_cardinality": 0,
                                    "operator_type": "PROJECTION",
                                    "operator_cardinality": 84255,
                                    "cumulative_rows_scanned": 0,
                                    "operator_rows_scanned": 0,
                                    "operator_timing": 0.00013585900000000003,
                                    "children": [
                                      {
                                        "total_bytes_written": 0,
                                        "total_bytes_read": 0,
                                        "result_set_size": 2696160,
                                        "operator_name": "HASH_JOIN",
                                        "cpu_time": 0.0,
                                        "extra_info": {
                                          "Join Type": "INNER",
                                          "Conditions": "wsr_web_site_sk = web_site_sk",
                                          "Estimated Cardinality": "2811918"
                                        },
                                        "cumulative_cardinality": 0,
                                        "operator_type": "HASH_JOIN",
                                        "operator_cardinality": 84255,
                                        "cumulative_rows_scanned": 0,
                                        "operator_rows_scanned": 0,
                                        "operator_timing": 0.0009408449999999999,
                                        "children": [
                                          {
                                            "total_bytes_written": 0,
                                            "total_bytes_read": 0,
                                            "result_set_size": 2022168,
                                            "operator_name": "HASH_JOIN",
                                            "cpu_time": 0.0,
                                            "extra_info": {
                                              "Join Type": "INNER",
                                              "Conditions": "date_sk = d_date_sk",
                                              "Estimated Cardinality": "2878868"
                                            },
                                            "cumulative_cardinality": 0,
                                            "operator_type": "HASH_JOIN",
                                            "operator_cardinality": 84257,
                                            "cumulative_rows_scanned": 0,
                                            "operator_rows_scanned": 0,
                                            "operator_timing": 0.02691568699999999,
                                            "children": [
                                              {
                                                "total_bytes_written": 0,
                                                "total_bytes_read": 0,
                                                "result_set_size": 0,
                                                "operator_name": "UNION",
                                                "cpu_time": 0.0,
                                                "extra_info": {},
                                                "cumulative_cardinality": 0,
                                                "operator_type": "UNION",
                                                "operator_cardinality": 0,
                                                "cumulative_rows_scanned": 0,
                                                "operator_rows_scanned": 0,
                                                "operator_timing": 0.0,
                                                "children": [
                                                  {
                                                    "total_bytes_written": 0,
                                                    "total_bytes_read": 0,
                                                    "result_set_size": 1896816,
                                                    "operator_name": "PROJECTION",
                                                    "cpu_time": 0.0,
                                                    "extra_info": {
                                                      "Projections": [
                                                        "wsr_web_site_sk",
                                                        "date_sk",
                                                        "sales_price",
                                                        "profit",
                                                        "return_amt",
                                                        "net_loss"
                                                      ],
                                                      "Estimated Cardinality": "7197566"
                                                    },
                                                    "cumulative_cardinality": 0,
                                                    "operator_type": "PROJECTION",
                                                    "operator_cardinality": 79034,
                                                    "cumulative_rows_scanned": 0,
                                                    "operator_rows_scanned": 0,
                                                    "operator_timing": 0.0025747030000000002,
                                                    "children": [
                                                      {
                                                        "total_bytes_written": 0,
                                                        "total_bytes_read": 0,
                                                        "result_set_size": 1264544,
                                                        "operator_name": "SEQ_SCAN ",
                                                        "cpu_time": 0.0,
                                                        "extra_info": {
                                                          "Table": "web_sales",
                                                          "Type": "Sequential Scan",
                                                          "Projections": [
                                                            "ws_web_site_sk",
                                                            "ws_sold_date_sk",
                                                            "ws_ext_sales_price",
                                                            "ws_net_profit"
                                                          ],
                                                          "Estimated Cardinality": "7197566"
                                                        },
                                                        "cumulative_cardinality": 0,
                                                        "operator_type": "TABLE_SCAN",
                                                        "operator_cardinality": 79034,
                                                        "cumulative_rows_scanned": 0,
                                                        "operator_rows_scanned": 201531848,
                                                        "operator_timing": 3.353367873000001,
                                                        "children": []
                                                      }
                                                    ]
                                                  },
                                                  {
                                                    "total_bytes_written": 0,
                                                    "total_bytes_read": 0,
                                                    "result_set_size": 17261328,
                                                    "operator_name": "PROJECTION",
                                                    "cpu_time": 0.0,
                                                    "extra_info": {
                                                      "Projections": [
                                                        "wsr_web_site_sk",
                                                        "date_sk",
                                                        "sales_price",
                                                        "profit",
                                                        "return_amt",
                                                        "net_loss"
                                                      ],
                                                      "Estimated Cardinality": "7197566"
                                                    },
                                                    "cumulative_cardinality": 0,
                                                    "operator_type": "PROJECTION",
                                                    "operator_cardinality": 719222,
                                                    "cumulative_rows_scanned": 0,
                                                    "operator_rows_scanned": 0,
                                                    "operator_timing": 0.004656832,
                                                    "children": [
                                                      {
                                                        "total_bytes_written": 0,
                                                        "total_bytes_read": 0,
                                                        "result_set_size": 11507552,
                                                        "operator_name": "HASH_JOIN",
                                                        "cpu_time": 0.0,
                                                        "extra_info": {
                                                          "Join Type": "RIGHT",
                                                          "Conditions": [
                                                            "ws_item_sk = wr_item_sk",
                                                            "ws_order_number = wr_order_number"
                                                          ],
                                                          "Estimated Cardinality": "7197566"
                                                        },
                                                        "cumulative_cardinality": 0,
                                                        "operator_type": "HASH_JOIN",
                                                        "operator_cardinality": 719222,
                                                        "cumulative_rows_scanned": 0,
                                                        "operator_rows_scanned": 0,
                                                        "operator_timing": 0.25209897000000003,
                                                        "children": [
                                                          {
                                                            "total_bytes_written": 0,
                                                            "total_bytes_read": 0,
                                                            "result_set_size": 86348652,
                                                            "operator_name": "SEQ_SCAN ",
                                                            "cpu_time": 0.0,
                                                            "extra_info": {
                                                              "Table": "web_sales",
                                                              "Type": "Sequential Scan",
                                                              "Projections": [
                                                                "ws_item_sk",
                                                                "ws_order_number",
                                                                "ws_web_site_sk"
                                                              ],
                                                              "Estimated Cardinality": "7197566"
                                                            },
                                                            "cumulative_cardinality": 0,
                                                            "operator_type": "TABLE_SCAN",
                                                            "operator_cardinality": 7195721,
                                                            "cumulative_rows_scanned": 0,
                                                            "operator_rows_scanned": 201531848,
                                                            "operator_timing": 1.8403558709999999,
                                                            "children": []
                                                          },
                                                          {
                                                            "total_bytes_written": 0,
                                                            "total_bytes_read": 0,
                                                            "result_set_size": 14384440,
                                                            "operator_name": "SEQ_SCAN ",
                                                            "cpu_time": 0.0,
                                                            "extra_info": {
                                                              "Table": "web_returns",
                                                              "Type": "Sequential Scan",
                                                              "Projections": [
                                                                "wr_item_sk",
                                                                "wr_order_number",
                                                                "wr_returned_date_sk",
                                                                "wr_return_amt",
                                                                "wr_net_loss"
                                                              ],
                                                              "Estimated Cardinality": "719222"
                                                            },
                                                            "cumulative_cardinality": 0,
                                                            "operator_type": "TABLE_SCAN",
                                                            "operator_cardinality": 719222,
                                                            "cumulative_rows_scanned": 0,
                                                            "operator_rows_scanned": 4315332,
                                                            "operator_timing": 0.33610232000000007,
                                                            "children": []
                                                          }
                                                        ]
                                                      }
                                                    ]
                                                  }
                                                ]
                                              },
                                              {
                                                "total_bytes_written": 0,
                                                "total_bytes_read": 0,
                                                "result_set_size": 60,
                                                "operator_name": "FILTER",
                                                "cpu_time": 0.0,
                                                "extra_info": {
                                                  "Expression": "(d_date_sk BETWEEN 2450816 AND 2452997)",
                                                  "Estimated Cardinality": "14609"
                                                },
                                                "cumulative_cardinality": 0,
                                                "operator_type": "FILTER",
                                                "operator_cardinality": 15,
                                                "cumulative_rows_scanned": 0,
                                                "operator_rows_scanned": 0,
                                                "operator_timing": 8.245e-05,
                                                "children": [
                                                  {
                                                    "total_bytes_written": 0,
                                                    "total_bytes_read": 0,
                                                    "result_set_size": 60,
                                                    "operator_name": "SEQ_SCAN ",
                                                    "cpu_time": 0.0,
                                                    "extra_info": {
                                                      "Table": "date_dim",
                                                      "Type": "Sequential Scan",
                                                      "Projections": "d_date_sk",
                                                      "Filters": "(CAST(d_date AS TIMESTAMP) BETWEEN '2000-08-19 00:00:00'::TIMESTAMP AND '2000-09-02 00:00:00'::TIMESTAMP)",
                                                      "Estimated Cardinality": "14609"
                                                    },
                                                    "cumulative_cardinality": 0,
                                                    "operator_type": "TABLE_SCAN",
                                                    "operator_cardinality": 15,
                                                    "cumulative_rows_scanned": 0,
                                                    "operator_rows_scanned": 73049,
                                                    "operator_timing": 0.0057861349999999995,
                                                    "children": []
                                                  }
                                                ]
                                              }
                                            ]
                                          },
                                          {
                                            "total_bytes_written": 0,
                                            "total_bytes_read": 0,
                                            "result_set_size": 840,
                                            "operator_name": "SEQ_SCAN ",
                                            "cpu_time": 0.0,
                                            "extra_info": {
                                              "Table": "web_site",
                                              "Type": "Sequential Scan",
                                              "Projections": [
                                                "web_site_sk",
                                                "web_site_id"
                                              ],
                                              "Estimated Cardinality": "42"
                                            },
                                            "cumulative_cardinality": 0,
                                            "operator_type": "TABLE_SCAN",
                                            "operator_cardinality": 42,
                                            "cumulative_rows_scanned": 0,
                                            "operator_rows_scanned": 42,
                                            "operator_timing": 0.004562514,
                                            "children": []
                                          }
                                        ]
                                      }
                                    ]
                                  }
                                ]
                              }
                            ]
                          }
                        ]
                      }
                    ]
                  }
                ]
              }
            ]
          }
        ]
      }
    ]
  },
  "actual_rows": 0,
  "provenance": {
    "database": "/mnt/d/TPC-DS/tpcds_sf10.duckdb",
    "scale_factor": 10,
    "engine": "duckdb",
    "engine_version": "1.4.3",
    "cached_at": "2026-02-08T10:21:10.497826"
  }
}