{
  "execution_time_ms": 876.0,
  "plan_text": "\u250c\u2500\u2500\u2500\u2500\u2500\u2500\u2500\u2500\u2500\u2500\u2500\u2500\u2500\u2500\u2500\u2500\u2500\u2500\u2500\u2500\u2500\u2500\u2500\u2500\u2500\u2500\u2500\u2500\u2500\u2500\u2500\u2500\u2500\u2500\u2500\u2500\u2500\u2510\n\u2502\u250c\u2500\u2500\u2500\u2500\u2500\u2500\u2500\u2500\u2500\u2500\u2500\u2500\u2500\u2500\u2500\u2500\u2500\u2500\u2500\u2500\u2500\u2500\u2500\u2500\u2500\u2500\u2500\u2500\u2500\u2500\u2500\u2500\u2500\u2500\u2500\u2510\u2502\n\u2502\u2502    Query Profiling Information    \u2502\u2502\n\u2502\u2514\u2500\u2500\u2500\u2500\u2500\u2500\u2500\u2500\u2500\u2500\u2500\u2500\u2500\u2500\u2500\u2500\u2500\u2500\u2500\u2500\u2500\u2500\u2500\u2500\u2500\u2500\u2500\u2500\u2500\u2500\u2500\u2500\u2500\u2500\u2500\u2518\u2502\n\u2514\u2500\u2500\u2500\u2500\u2500\u2500\u2500\u2500\u2500\u2500\u2500\u2500\u2500\u2500\u2500\u2500\u2500\u2500\u2500\u2500\u2500\u2500\u2500\u2500\u2500\u2500\u2500\u2500\u2500\u2500\u2500\u2500\u2500\u2500\u2500\u2500\u2500\u2518\nEXPLAIN ANALYZE -- start query 74 in stream 0 using template query74.tpl with year_total as (  select c_customer_id customer_id        ,c_first_name customer_first_name        ,c_last_name customer_last_name        ,d_year as year        ,stddev_samp(ss_net_paid) year_total        ,'s' sale_type  from customer      ,store_sales      ,date_dim  where c_customer_sk = ss_customer_sk    and ss_sold_date_sk = d_date_sk    and d_year in (1999,1999+1)  group by c_customer_id          ,c_first_name          ,c_last_name          ,d_year  union all  select c_customer_id customer_id        ,c_first_name customer_first_name        ,c_last_name customer_last_name        ,d_year as year        ,stddev_samp(ws_net_paid) year_total        ,'w' sale_type  from customer      ,web_sales      ,date_dim  where c_customer_sk = ws_bill_customer_sk    and ws_sold_date_sk = d_date_sk    and d_year in (1999,1999+1)  group by c_customer_id          ,c_first_name          ,c_last_name          ,d_year          )   select         t_s_secyear.customer_id, t_s_secyear.customer_first_name, t_s_secyear.customer_last_name  from year_total t_s_firstyear      ,year_total t_s_secyear      ,year_total t_w_firstyear      ,year_total t_w_secyear  where t_s_secyear.customer_id = t_s_firstyear.customer_id          and t_s_firstyear.customer_id = t_w_secyear.customer_id          and t_s_firstyear.customer_id = t_w_firstyear.customer_id          and t_s_firstyear.sale_type = 's'          and t_w_firstyear.sale_type = 'w'          and t_s_secyear.sale_type = 's'          and t_w_secyear.sale_type = 'w'          and t_s_firstyear.year = 1999          and t_s_secyear.year = 1999+1          and t_w_firstyear.year = 1999          and t_w_secyear.year = 1999+1          and t_s_firstyear.year_total > 0          and t_w_firstyear.year_total > 0          and case when t_w_firstyear.year_total > 0 then t_w_secyear.year_total / t_w_firstyear.year_total else null end            > case when t_s_firstyear.year_total > 0 then t_s_secyear.year_total / t_s_firstyear.year_total else null end  order by 2,1,3  LIMIT 100;  -- end query 74 in stream 0 using template query74.tpl\n\u250c\u2500\u2500\u2500\u2500\u2500\u2500\u2500\u2500\u2500\u2500\u2500\u2500\u2500\u2500\u2500\u2500\u2500\u2500\u2500\u2500\u2500\u2500\u2500\u2500\u2500\u2500\u2500\u2500\u2500\u2500\u2500\u2500\u2500\u2500\u2500\u2500\u2500\u2500\u2500\u2500\u2500\u2500\u2500\u2500\u2500\u2500\u2500\u2500\u2510\n\u2502\u250c\u2500\u2500\u2500\u2500\u2500\u2500\u2500\u2500\u2500\u2500\u2500\u2500\u2500\u2500\u2500\u2500\u2500\u2500\u2500\u2500\u2500\u2500\u2500\u2500\u2500\u2500\u2500\u2500\u2500\u2500\u2500\u2500\u2500\u2500\u2500\u2500\u2500\u2500\u2500\u2500\u2500\u2500\u2500\u2500\u2500\u2500\u2510\u2502\n\u2502\u2502              Total Time: 0.876s              \u2502\u2502\n\u2502\u2514\u2500\u2500\u2500\u2500\u2500\u2500\u2500\u2500\u2500\u2500\u2500\u2500\u2500\u2500\u2500\u2500\u2500\u2500\u2500\u2500\u2500\u2500\u2500\u2500\u2500\u2500\u2500\u2500\u2500\u2500\u2500\u2500\u2500\u2500\u2500\u2500\u2500\u2500\u2500\u2500\u2500\u2500\u2500\u2500\u2500\u2500\u2518\u2502\n\u2514\u2500\u2500\u2500\u2500\u2500\u2500\u2500\u2500\u2500\u2500\u2500\u2500\u2500\u2500\u2500\u2500\u2500\u2500\u2500\u2500\u2500\u2500\u2500\u2500\u2500\u2500\u2500\u2500\u2500\u2500\u2500\u2500\u2500\u2500\u2500\u2500\u2500\u2500\u2500\u2500\u2500\u2500\u2500\u2500\u2500\u2500\u2500\u2500\u2518\n\u250c\u2500\u2500\u2500\u2500\u2500\u2500\u2500\u2500\u2500\u2500\u2500\u2500\u2500\u2500\u2500\u2500\u2500\u2510\n\u2502      QUERY      \u2502\n\u2514\u2500\u2500\u2500\u2500\u2500\u2500\u2500\u2500\u252c\u2500\u2500\u2500\u2500\u2500\u2500\u2500\u2500\u2518\n\u250c\u2500\u2500\u2500\u2500\u2500\u2500\u2500\u2500\u2534\u2500\u2500\u2500\u2500\u2500\u2500\u2500\u2500\u2510\n\u2502 EXPLAIN_ANALYZE \u2502\n\u2502    \u2500\u2500\u2500\u2500\u2500\u2500\u2500\u2500\u2500\u2500   \u2502\n\u2502      0 rows     \u2502\n\u2502     (0.00s)     \u2502\n\u2514\u2500\u2500\u2500\u2500\u2500\u2500\u2500\u2500\u252c\u2500\u2500\u2500\u2500\u2500\u2500\u2500\u2500\u2518\n\u250c\u2500\u2500\u2500\u2500\u2500\u2500\u2500\u2500\u2534\u2500\u2500\u2500\u2500\u2500\u2500\u2500\u2500\u2510\n\u2502      TOP_N      \u2502\n\u2502    \u2500\u2500\u2500\u2500\u2500\u2500\u2500\u2500\u2500\u2500   \u2502\n\u2502     Top: 100    \u2502\n\u2502                 \u2502\n\u2502    Order By:    \u2502\n\u2502customer_first_na\u2502\n\u2502      me ASC     \u2502\n\u2502 customer_id ASC \u2502\n\u2502customer_last_nam\u2502\n\u2502      e ASC      \u2502\n\u2502                 \u2502\n\u2502     100 rows    \u2502\n\u2502     (0.00s)     \u2502\n\u2514\u2500\u2500\u2500\u2500\u2500\u2500\u2500\u2500\u252c\u2500\u2500\u2500\u2500\u2500\u2500\u2500\u2500\u2518\n\u250c\u2500\u2500\u2500\u2500\u2500\u2500\u2500\u2500\u2534\u2500\u2500\u2500\u2500\u2500\u2500\u2500\u2500\u2510\n\u2502    PROJECTION   \u2502\n\u2502    \u2500\u2500\u2500\u2500\u2500\u2500\u2500\u2500\u2500\u2500   \u2502\n\u2502   customer_id   \u2502\n\u2502customer_first_na\u2502\n\u2502        me       \u2502\n\u2502customer_last_nam\u2502\n\u2502        e        \u2502\n\u2502                 \u2502\n\u2502    4,387 rows   \u2502\n\u2502     (0.00s)     \u2502\n\u2514\u2500\u2500\u2500\u2500\u2500\u2500\u2500\u2500\u252c\u2500\u2500\u2500\u2500\u2500\u2500\u2500\u2500\u2518\n\u250c\u2500\u2500\u2500\u2500\u2500\u2500\u2500\u2500\u2534\u2500\u2500\u2500\u2500\u2500\u2500\u2500\u2500\u2510\n\u2502    PROJECTION   \u2502\n\u2502    \u2500\u2500\u2500\u2500\u2500\u2500\u2500\u2500\u2500\u2500   \u2502\n\u2502        #0       \u2502\n\u2502        #1       \u2502\n\u2502        #4       \u2502\n\u2502                 \u2502\n\u2502    4,387 rows   \u2502\n\u2502     (0.00s)     \u2502\n\u2514\u2500\u2500\u2500\u2500\u2500\u2500\u2500\u2500\u252c\u2500\u2500\u2500\u2500\u2500\u2500\u2500\u2500\u2518\n\u250c\u2500\u2500\u2500\u2500\u2500\u2500\u2500\u2500\u2534\u2500\u2500\u2500\u2500\u2500\u2500\u2500\u2500\u2510\n\u2502      FILTER     \u2502\n\u2502    \u2500\u2500\u2500\u2500\u2500\u2500\u2500\u2500\u2500\u2500   \u2502\n\u2502  (CASE  WHEN (  \u2502\n\u2502 (year_total > 0 \u2502\n\u2502   .0)) THEN (   \u2502\n\u2502  (year_total /  \u2502\n\u2502   year_total))  \u2502\n\u2502  ELSE NULL END >\u2502\n\u2502   CASE  WHEN (  \u2502\n\u2502 (year_total > 0 \u2502\n\u2502   .0)) THEN (   \u2502\n\u2502  (year_total /  \u2502\n\u2502   year_total))  \u2502\n\u2502  ELSE NULL END) \u2502\n\u2502                 \u2502\n\u2502    4,387 rows   \u2502\n\u2502     (0.00s)     \u2502\n\u2514\u2500\u2500\u2500\u2500\u2500\u2500\u2500\u2500\u252c\u2500\u2500\u2500\u2500\u2500\u2500\u2500\u2500\u2518\n\u250c\u2500\u2500\u2500\u2500\u2500\u2500\u2500\u2500\u2534\u2500\u2500\u2500\u2500\u2500\u2500\u2500\u2500\u2510\n\u2502    HASH_JOIN    \u2502\n\u2502    \u2500\u2500\u2500\u2500\u2500\u2500\u2500\u2500\u2500\u2500   \u2502\n\u2502    Join Type:   \u2502\n\u2502      INNER      \u2502\n\u2502                 \u2502\n\u2502   Conditions:   \u251c\u2500\u2500\u2500\u2500\u2500\u2500\u2500\u2500\u2500\u2500\u2500\u2500\u2500\u2500\u2500\u2500\u2500\u2500\u2500\u2500\u2500\u2500\u2500\u2500\u2500\u2500\u2500\u2500\u2500\u2500\u2500\u2500\u2500\u2500\u2500\u2500\u2500\u2500\u2500\u2500\u2500\u2500\u2500\u2500\u2500\u2500\u2500\u2510\n\u2502  customer_id =  \u2502                                               \u2502\n\u2502    customer_id  \u2502                                               \u2502\n\u2502                 \u2502                                               \u2502\n\u2502    8,840 rows   \u2502                                               \u2502\n\u2502     (0.01s)     \u2502                                               \u2502\n\u2514\u2500\u2500\u2500\u2500\u2500\u2500\u2500\u2500\u252c\u2500\u2500\u2500\u2500\u2500\u2500\u2500\u2500\u2518                                               \u2502\n\u250c\u2500\u2500\u2500\u2500\u2500\u2500\u2500\u2500\u2534\u2500\u2500\u2500\u2500\u2500\u2500\u2500\u2500\u2510                                      \u250c\u2500\u2500\u2500\u2500\u2500\u2500\u2500\u2500\u2534\u2500\u2500\u2500\u2500\u2500\u2500\u2500\u2500\u2510\n\u2502    PROJECTION   \u2502                                      \u2502    HASH_JOIN    \u2502\n\u2502    \u2500\u2500\u2500\u2500\u2500\u2500\u2500\u2500\u2500\u2500   \u2502                                      \u2502    \u2500\u2500\u2500\u2500\u2500\u2500\u2500\u2500\u2500\u2500   \u2502\n\u2502   customer_id   \u2502                                      \u2502    Join Type:   \u2502\n\u2502customer_first_na\u2502                                      \u2502      INNER      \u2502\n\u2502        me       \u2502                                      \u2502                 \u2502\n\u2502customer_last_nam\u2502                                      \u2502   Conditions:   \u251c\u2500\u2500\u2500\u2500\u2500\u2500\u2500\u2500\u2500\u2500\u2500\u2500\u2500\u2500\u2500\u2500\u2500\u2500\u2500\u2500\u2500\u2500\u2500\u2500\u2500\u2500\u2500\u2500\u2500\u2500\u2500\u2500\u2500\u2500\u2500\u2500\u2500\u2500\u2500\u2500\u2500\u2500\u2500\u2500\u2500\u2500\u2500\u2510\n\u2502        e        \u2502                                      \u2502  customer_id =  \u2502                                               \u2502\n\u2502    year_total   \u2502                                      \u2502    customer_id  \u2502                                               \u2502\n\u2502                 \u2502                                      \u2502                 \u2502                                               \u2502\n\u2502   309,010 rows  \u2502                                      \u2502   14,370 rows   \u2502                                               \u2502\n\u2502     (0.00s)     \u2502                                      \u2502     (0.02s)     \u2502                                               \u2502\n\u2514\u2500\u2500\u2500\u2500\u2500\u2500\u2500\u2500\u252c\u2500\u2500\u2500\u2500\u2500\u2500\u2500\u2500\u2518                                      \u2514\u2500\u2500\u2500\u2500\u2500\u2500\u2500\u2500\u252c\u2500\u2500\u2500\u2500\u2500\u2500\u2500\u2500\u2518                                               \u2502\n\u250c\u2500\u2500\u2500\u2500\u2500\u2500\u2500\u2500\u2534\u2500\u2500\u2500\u2500\u2500\u2500\u2500\u2500\u2510                                      \u250c\u2500\u2500\u2500\u2500\u2500\u2500\u2500\u2500\u2534\u2500\u2500\u2500\u2500\u2500\u2500\u2500\u2500\u2510                                      \u250c\u2500\u2500\u2500\u2500\u2500\u2500\u2500\u2500\u2534\u2500\u2500\u2500\u2500\u2500\u2500\u2500\u2500\u2510\n\u2502    PROJECTION   \u2502                                      \u2502    PROJECTION   \u2502                                      \u2502    HASH_JOIN    \u2502\n\u2502    \u2500\u2500\u2500\u2500\u2500\u2500\u2500\u2500\u2500\u2500   \u2502                                      \u2502    \u2500\u2500\u2500\u2500\u2500\u2500\u2500\u2500\u2500\u2500   \u2502                                      \u2502    \u2500\u2500\u2500\u2500\u2500\u2500\u2500\u2500\u2500\u2500   \u2502\n\u2502        #0       \u2502                                      \u2502   customer_id   \u2502                                      \u2502    Join Type:   \u2502\n\u2502__internal_decomp\u2502                                      \u2502    year_total   \u2502                                      \u2502      INNER      \u2502\n\u2502 ress_string(#1) \u2502                                      \u2502                 \u2502                                      \u2502                 \u2502\n\u2502__internal_decomp\u2502                                      \u2502                 \u2502                                      \u2502   Conditions:   \u2502\n\u2502 ress_string(#2) \u2502                                      \u2502                 \u2502                                      \u2502  customer_id =  \u2502\n\u2502__internal_decomp\u2502                                      \u2502                 \u2502                                      \u2502    customer_id  \u251c\u2500\u2500\u2500\u2500\u2500\u2500\u2500\u2500\u2500\u2500\u2500\u2500\u2500\u2500\u2500\u2500\u2500\u2500\u2500\u2500\u2500\u2500\u2500\u2500\u2500\u2500\u2500\u2500\u2500\u2500\u2500\u2500\u2500\u2500\u2500\u2500\u2500\u2500\u2500\u2500\u2500\u2500\u2500\u2500\u2500\u2500\u2500\u2510\n\u2502ress_integral_int\u2502                                      \u2502                 \u2502                                      \u2502                 \u2502                                               \u2502\n\u2502  eger(#3, 1999) \u2502                                      \u2502                 \u2502                                      \u2502                 \u2502                                               \u2502\n\u2502        #4       \u2502                                      \u2502                 \u2502                                      \u2502                 \u2502                                               \u2502\n\u2502                 \u2502                                      \u2502                 \u2502                                      \u2502                 \u2502                                               \u2502\n\u2502   309,010 rows  \u2502                                      \u2502   107,512 rows  \u2502                                      \u2502   65,930 rows   \u2502                                               \u2502\n\u2502     (0.00s)     \u2502                                      \u2502     (0.00s)     \u2502                                      \u2502     (0.02s)     \u2502                                               \u2502\n\u2514\u2500\u2500\u2500\u2500\u2500\u2500\u2500\u2500\u252c\u2500\u2500\u2500\u2500\u2500\u2500\u2500\u2500\u2518                                      \u2514\u2500\u2500\u2500\u2500\u2500\u2500\u2500\u2500\u252c\u2500\u2500\u2500\u2500\u2500\u2500\u2500\u2500\u2518                                      \u2514\u2500\u2500\u2500\u2500\u2500\u2500\u2500\u2500\u252c\u2500\u2500\u2500\u2500\u2500\u2500\u2500\u2500\u2518                                               \u2502\n\u250c\u2500\u2500\u2500\u2500\u2500\u2500\u2500\u2500\u2534\u2500\u2500\u2500\u2500\u2500\u2500\u2500\u2500\u2510                                      \u250c\u2500\u2500\u2500\u2500\u2500\u2500\u2500\u2500\u2534\u2500\u2500\u2500\u2500\u2500\u2500\u2500\u2500\u2510                                      \u250c\u2500\u2500\u2500\u2500\u2500\u2500\u2500\u2500\u2534\u2500\u2500\u2500\u2500\u2500\u2500\u2500\u2500\u2510                                      \u250c\u2500\u2500\u2500\u2500\u2500\u2500\u2500\u2500\u2534\u2500\u2500\u2500\u2500\u2500\u2500\u2500\u2500\u2510\n\u2502  HASH_GROUP_BY  \u2502                                      \u2502    PROJECTION   \u2502                                      \u2502    PROJECTION   \u2502                                      \u2502    PROJECTION   \u2502\n\u2502    \u2500\u2500\u2500\u2500\u2500\u2500\u2500\u2500\u2500\u2500   \u2502                                      \u2502    \u2500\u2500\u2500\u2500\u2500\u2500\u2500\u2500\u2500\u2500   \u2502                                      \u2502    \u2500\u2500\u2500\u2500\u2500\u2500\u2500\u2500\u2500\u2500   \u2502                                      \u2502    \u2500\u2500\u2500\u2500\u2500\u2500\u2500\u2500\u2500\u2500   \u2502\n\u2502     Groups:     \u2502                                      \u2502        #0       \u2502                                      \u2502        #0       \u2502                                      \u2502        #0       \u2502\n\u2502        #0       \u2502                                      \u2502__internal_decomp\u2502                                      \u2502        #4       \u2502                                      \u2502        #4       \u2502\n\u2502        #1       \u2502                                      \u2502 ress_string(#1) \u2502                                      \u2502                 \u2502                                      \u2502                 \u2502\n\u2502        #2       \u2502                                      \u2502__internal_decomp\u2502                                      \u2502                 \u2502                                      \u2502                 \u2502\n\u2502        #3       \u2502                                      \u2502 ress_string(#2) \u2502                                      \u2502                 \u2502                                      \u2502                 \u2502\n\u2502                 \u2502                                      \u2502__internal_decomp\u2502                                      \u2502                 \u2502                                      \u2502                 \u2502\n\u2502   Aggregates:   \u2502                                      \u2502ress_integral_int\u2502                                      \u2502                 \u2502                                      \u2502                 \u2502\n\u2502 stddev_samp(#4) \u2502                                      \u2502  eger(#3, 1999) \u2502                                      \u2502                 \u2502                                      \u2502                 \u2502\n\u2502                 \u2502                                      \u2502        #4       \u2502                                      \u2502                 \u2502                                      \u2502                 \u2502\n\u2502                 \u2502                                      \u2502                 \u2502                                      \u2502                 \u2502                                      \u2502                 \u2502\n\u2502   309,010 rows  \u2502                                      \u2502   107,512 rows  \u2502                                      \u2502   308,317 rows  \u2502                                      \u2502   106,807 rows  \u2502\n\u2502     (0.24s)     \u2502                                      \u2502     (0.00s)     \u2502                                      \u2502     (0.00s)     \u2502                                      \u2502     (0.00s)     \u2502\n\u2514\u2500\u2500\u2500\u2500\u2500\u2500\u2500\u2500\u252c\u2500\u2500\u2500\u2500\u2500\u2500\u2500\u2500\u2518                                      \u2514\u2500\u2500\u2500\u2500\u2500\u2500\u2500\u2500\u252c\u2500\u2500\u2500\u2500\u2500\u2500\u2500\u2500\u2518                                      \u2514\u2500\u2500\u2500\u2500\u2500\u2500\u2500\u2500\u252c\u2500\u2500\u2500\u2500\u2500\u2500\u2500\u2500\u2518                                      \u2514\u2500\u2500\u2500\u2500\u2500\u2500\u2500\u2500\u252c\u2500\u2500\u2500\u2500\u2500\u2500\u2500\u2500\u2518\n\u250c\u2500\u2500\u2500\u2500\u2500\u2500\u2500\u2500\u2534\u2500\u2500\u2500\u2500\u2500\u2500\u2500\u2500\u2510                                      \u250c\u2500\u2500\u2500\u2500\u2500\u2500\u2500\u2500\u2534\u2500\u2500\u2500\u2500\u2500\u2500\u2500\u2500\u2510                                      \u250c\u2500\u2500\u2500\u2500\u2500\u2500\u2500\u2500\u2534\u2500\u2500\u2500\u2500\u2500\u2500\u2500\u2500\u2510                                      \u250c\u2500\u2500\u2500\u2500\u2500\u2500\u2500\u2500\u2534\u2500\u2500\u2500\u2500\u2500\u2500\u2500\u2500\u2510\n\u2502    PROJECTION   \u2502                                      \u2502  HASH_GROUP_BY  \u2502                                      \u2502      FILTER     \u2502                                      \u2502      FILTER     \u2502\n\u2502    \u2500\u2500\u2500\u2500\u2500\u2500\u2500\u2500\u2500\u2500   \u2502                                      \u2502    \u2500\u2500\u2500\u2500\u2500\u2500\u2500\u2500\u2500\u2500   \u2502                                      \u2502    \u2500\u2500\u2500\u2500\u2500\u2500\u2500\u2500\u2500\u2500   \u2502                                      \u2502    \u2500\u2500\u2500\u2500\u2500\u2500\u2500\u2500\u2500\u2500   \u2502\n\u2502  c_customer_id  \u2502                                      \u2502     Groups:     \u2502                                      \u2502 (year_total > 0 \u2502                                      \u2502 (year_total > 0 \u2502\n\u2502   c_first_name  \u2502                                      \u2502        #0       \u2502                                      \u2502       .0)       \u2502                                      \u2502       .0)       \u2502\n\u2502   c_last_name   \u2502                                      \u2502        #1       \u2502                                      \u2502                 \u2502                                      \u2502                 \u2502\n\u2502      d_year     \u2502                                      \u2502        #2       \u2502                                      \u2502                 \u2502                                      \u2502                 \u2502\n\u2502 CAST(ss_net_paid\u2502                                      \u2502        #3       \u2502                                      \u2502                 \u2502                                      \u2502                 \u2502\n\u2502    AS DOUBLE)   \u2502                                      \u2502                 \u2502                                      \u2502                 \u2502                                      \u2502                 \u2502\n\u2502                 \u2502                                      \u2502   Aggregates:   \u2502                                      \u2502                 \u2502                                      \u2502                 \u2502\n\u2502                 \u2502                                      \u2502 stddev_samp(#4) \u2502                                      \u2502                 \u2502                                      \u2502                 \u2502\n\u2502                 \u2502                                      \u2502                 \u2502                                      \u2502                 \u2502                                      \u2502                 \u2502\n\u2502  5,387,774 rows \u2502                                      \u2502   107,512 rows  \u2502                                      \u2502   308,317 rows  \u2502                                      \u2502   106,807 rows  \u2502\n\u2502     (0.01s)     \u2502                                      \u2502     (0.09s)     \u2502                                      \u2502     (0.00s)     \u2502                                      \u2502     (0.00s)     \u2502\n\u2514\u2500\u2500\u2500\u2500\u2500\u2500\u2500\u2500\u252c\u2500\u2500\u2500\u2500\u2500\u2500\u2500\u2500\u2518                                      \u2514\u2500\u2500\u2500\u2500\u2500\u2500\u2500\u2500\u252c\u2500\u2500\u2500\u2500\u2500\u2500\u2500\u2500\u2518                                      \u2514\u2500\u2500\u2500\u2500\u2500\u2500\u2500\u2500\u252c\u2500\u2500\u2500\u2500\u2500\u2500\u2500\u2500\u2518                                      \u2514\u2500\u2500\u2500\u2500\u2500\u2500\u2500\u2500\u252c\u2500\u2500\u2500\u2500\u2500\u2500\u2500\u2500\u2518\n\u250c\u2500\u2500\u2500\u2500\u2500\u2500\u2500\u2500\u2534\u2500\u2500\u2500\u2500\u2500\u2500\u2500\u2500\u2510                                      \u250c\u2500\u2500\u2500\u2500\u2500\u2500\u2500\u2500\u2534\u2500\u2500\u2500\u2500\u2500\u2500\u2500\u2500\u2510                                      \u250c\u2500\u2500\u2500\u2500\u2500\u2500\u2500\u2500\u2534\u2500\u2500\u2500\u2500\u2500\u2500\u2500\u2500\u2510                                      \u250c\u2500\u2500\u2500\u2500\u2500\u2500\u2500\u2500\u2534\u2500\u2500\u2500\u2500\u2500\u2500\u2500\u2500\u2510\n\u2502    PROJECTION   \u2502                                      \u2502    PROJECTION   \u2502                                      \u2502    PROJECTION   \u2502                                      \u2502    PROJECTION   \u2502\n\u2502    \u2500\u2500\u2500\u2500\u2500\u2500\u2500\u2500\u2500\u2500   \u2502                                      \u2502    \u2500\u2500\u2500\u2500\u2500\u2500\u2500\u2500\u2500\u2500   \u2502                                      \u2502    \u2500\u2500\u2500\u2500\u2500\u2500\u2500\u2500\u2500\u2500   \u2502                                      \u2502    \u2500\u2500\u2500\u2500\u2500\u2500\u2500\u2500\u2500\u2500   \u2502\n\u2502        #0       \u2502                                      \u2502  c_customer_id  \u2502                                      \u2502        #0       \u2502                                      \u2502        #0       \u2502\n\u2502__internal_compre\u2502                                      \u2502   c_first_name  \u2502                                      \u2502__internal_decomp\u2502                                      \u2502__internal_decomp\u2502\n\u2502ss_string_uhugein\u2502                                      \u2502   c_last_name   \u2502                                      \u2502 ress_string(#1) \u2502                                      \u2502 ress_string(#1) \u2502\n\u2502      t(#1)      \u2502                                      \u2502      d_year     \u2502                                      \u2502__internal_decomp\u2502                                      \u2502__internal_decomp\u2502\n\u2502__internal_compre\u2502                                      \u2502 CAST(ws_net_paid\u2502                                      \u2502 ress_string(#2) \u2502                                      \u2502 ress_string(#2) \u2502\n\u2502ss_string_uhugein\u2502                                      \u2502    AS DOUBLE)   \u2502                                      \u2502__internal_decomp\u2502                                      \u2502__internal_decomp\u2502\n\u2502      t(#2)      \u2502                                      \u2502                 \u2502                                      \u2502ress_integral_int\u2502                                      \u2502ress_integral_int\u2502\n\u2502        #3       \u2502                                      \u2502                 \u2502                                      \u2502  eger(#3, 1999) \u2502                                      \u2502  eger(#3, 1999) \u2502\n\u2502__internal_compre\u2502                                      \u2502                 \u2502                                      \u2502        #4       \u2502                                      \u2502        #4       \u2502\n\u2502ss_integral_utiny\u2502                                      \u2502                 \u2502                                      \u2502                 \u2502                                      \u2502                 \u2502\n\u2502  int(#4, 1999)  \u2502                                      \u2502                 \u2502                                      \u2502                 \u2502                                      \u2502                 \u2502\n\u2502                 \u2502                                      \u2502                 \u2502                                      \u2502                 \u2502                                      \u2502                 \u2502\n\u2502  5,387,774 rows \u2502                                      \u2502  1,446,373 rows \u2502                                      \u2502   308,317 rows  \u2502                                      \u2502   106,807 rows  \u2502\n\u2502     (0.06s)     \u2502                                      \u2502     (0.00s)     \u2502                                      \u2502     (0.01s)     \u2502                                      \u2502     (0.00s)     \u2502\n\u2514\u2500\u2500\u2500\u2500\u2500\u2500\u2500\u2500\u252c\u2500\u2500\u2500\u2500\u2500\u2500\u2500\u2500\u2518                                      \u2514\u2500\u2500\u2500\u2500\u2500\u2500\u2500\u2500\u252c\u2500\u2500\u2500\u2500\u2500\u2500\u2500\u2500\u2518                                      \u2514\u2500\u2500\u2500\u2500\u2500\u2500\u2500\u2500\u252c\u2500\u2500\u2500\u2500\u2500\u2500\u2500\u2500\u2518                                      \u2514\u2500\u2500\u2500\u2500\u2500\u2500\u2500\u2500\u252c\u2500\u2500\u2500\u2500\u2500\u2500\u2500\u2500\u2518\n\u250c\u2500\u2500\u2500\u2500\u2500\u2500\u2500\u2500\u2534\u2500\u2500\u2500\u2500\u2500\u2500\u2500\u2500\u2510                                      \u250c\u2500\u2500\u2500\u2500\u2500\u2500\u2500\u2500\u2534\u2500\u2500\u2500\u2500\u2500\u2500\u2500\u2500\u2510                                      \u250c\u2500\u2500\u2500\u2500\u2500\u2500\u2500\u2500\u2534\u2500\u2500\u2500\u2500\u2500\u2500\u2500\u2500\u2510                                      \u250c\u2500\u2500\u2500\u2500\u2500\u2500\u2500\u2500\u2534\u2500\u2500\u2500\u2500\u2500\u2500\u2500\u2500\u2510\n\u2502    HASH_JOIN    \u2502                                      \u2502    PROJECTION   \u2502                                      \u2502  HASH_GROUP_BY  \u2502                                      \u2502  HASH_GROUP_BY  \u2502\n\u2502    \u2500\u2500\u2500\u2500\u2500\u2500\u2500\u2500\u2500\u2500   \u2502                                      \u2502    \u2500\u2500\u2500\u2500\u2500\u2500\u2500\u2500\u2500\u2500   \u2502                                      \u2502    \u2500\u2500\u2500\u2500\u2500\u2500\u2500\u2500\u2500\u2500   \u2502                                      \u2502    \u2500\u2500\u2500\u2500\u2500\u2500\u2500\u2500\u2500\u2500   \u2502\n\u2502    Join Type:   \u2502                                      \u2502        #0       \u2502                                      \u2502     Groups:     \u2502                                      \u2502     Groups:     \u2502\n\u2502      INNER      \u2502                                      \u2502__internal_compre\u2502                                      \u2502        #0       \u2502                                      \u2502        #0       \u2502\n\u2502                 \u2502                                      \u2502ss_string_uhugein\u2502                                      \u2502        #1       \u2502                                      \u2502        #1       \u2502\n\u2502   Conditions:   \u2502                                      \u2502      t(#1)      \u2502                                      \u2502        #2       \u2502                                      \u2502        #2       \u2502\n\u2502 c_customer_sk = \u2502                                      \u2502__internal_compre\u2502                                      \u2502        #3       \u2502                                      \u2502        #3       \u2502\n\u2502  ss_customer_sk \u2502                                      \u2502ss_string_uhugein\u2502                                      \u2502                 \u2502                                      \u2502                 \u2502\n\u2502                 \u251c\u2500\u2500\u2500\u2500\u2500\u2500\u2500\u2500\u2500\u2510                            \u2502      t(#2)      \u2502                                      \u2502   Aggregates:   \u2502                                      \u2502   Aggregates:   \u2502\n\u2502                 \u2502         \u2502                            \u2502        #3       \u2502                                      \u2502 stddev_samp(#4) \u2502                                      \u2502 stddev_samp(#4) \u2502\n\u2502                 \u2502         \u2502                            \u2502__internal_compre\u2502                                      \u2502                 \u2502                                      \u2502                 \u2502\n\u2502                 \u2502         \u2502                            \u2502ss_integral_utiny\u2502                                      \u2502                 \u2502                                      \u2502                 \u2502\n\u2502                 \u2502         \u2502                            \u2502  int(#4, 1999)  \u2502                                      \u2502                 \u2502                                      \u2502                 \u2502\n\u2502                 \u2502         \u2502                            \u2502                 \u2502                                      \u2502                 \u2502                                      \u2502                 \u2502\n\u2502  5,387,774 rows \u2502         \u2502                            \u2502  1,446,373 rows \u2502                                      \u2502   308,317 rows  \u2502                                      \u2502   106,807 rows  \u2502\n\u2502     (0.75s)     \u2502         \u2502                            \u2502     (0.02s)     \u2502                                      \u2502     (0.27s)     \u2502                                      \u2502     (0.07s)     \u2502\n\u2514\u2500\u2500\u2500\u2500\u2500\u2500\u2500\u2500\u252c\u2500\u2500\u2500\u2500\u2500\u2500\u2500\u2500\u2518         \u2502                            \u2514\u2500\u2500\u2500\u2500\u2500\u2500\u2500\u2500\u252c\u2500\u2500\u2500\u2500\u2500\u2500\u2500\u2500\u2518                                      \u2514\u2500\u2500\u2500\u2500\u2500\u2500\u2500\u2500\u252c\u2500\u2500\u2500\u2500\u2500\u2500\u2500\u2500\u2518                                      \u2514\u2500\u2500\u2500\u2500\u2500\u2500\u2500\u2500\u252c\u2500\u2500\u2500\u2500\u2500\u2500\u2500\u2500\u2518\n\u250c\u2500\u2500\u2500\u2500\u2500\u2500\u2500\u2500\u2534\u2500\u2500\u2500\u2500\u2500\u2500\u2500\u2500\u2510\u250c\u2500\u2500\u2500\u2500\u2500\u2500\u2500\u2500\u2534\u2500\u2500\u2500\u2500\u2500\u2500\u2500\u2500\u2510                   \u250c\u2500\u2500\u2500\u2500\u2500\u2500\u2500\u2500\u2534\u2500\u2500\u2500\u2500\u2500\u2500\u2500\u2500\u2510                                      \u250c\u2500\u2500\u2500\u2500\u2500\u2500\u2500\u2500\u2534\u2500\u2500\u2500\u2500\u2500\u2500\u2500\u2500\u2510                                      \u250c\u2500\u2500\u2500\u2500\u2500\u2500\u2500\u2500\u2534\u2500\u2500\u2500\u2500\u2500\u2500\u2500\u2500\u2510\n\u2502    TABLE_SCAN   \u2502\u2502    HASH_JOIN    \u2502                   \u2502    HASH_JOIN    \u2502                                      \u2502    PROJECTION   \u2502                                      \u2502    PROJECTION   \u2502\n\u2502    \u2500\u2500\u2500\u2500\u2500\u2500\u2500\u2500\u2500\u2500   \u2502\u2502    \u2500\u2500\u2500\u2500\u2500\u2500\u2500\u2500\u2500\u2500   \u2502                   \u2502    \u2500\u2500\u2500\u2500\u2500\u2500\u2500\u2500\u2500\u2500   \u2502                                      \u2502    \u2500\u2500\u2500\u2500\u2500\u2500\u2500\u2500\u2500\u2500   \u2502                                      \u2502    \u2500\u2500\u2500\u2500\u2500\u2500\u2500\u2500\u2500\u2500   \u2502\n\u2502      Table:     \u2502\u2502    Join Type:   \u2502                   \u2502    Join Type:   \u2502                                      \u2502  c_customer_id  \u2502                                      \u2502  c_customer_id  \u2502\n\u2502     customer    \u2502\u2502      INNER      \u2502                   \u2502      INNER      \u2502                                      \u2502   c_first_name  \u2502                                      \u2502   c_first_name  \u2502\n\u2502                 \u2502\u2502                 \u2502                   \u2502                 \u2502                                      \u2502   c_last_name   \u2502                                      \u2502   c_last_name   \u2502\n\u2502      Type:      \u2502\u2502   Conditions:   \u2502                   \u2502   Conditions:   \u2502                                      \u2502      d_year     \u2502                                      \u2502      d_year     \u2502\n\u2502 Sequential Scan \u2502\u2502 ss_sold_date_sk \u2502                   \u2502 c_customer_sk = \u2502                                      \u2502 CAST(ss_net_paid\u2502                                      \u2502 CAST(ws_net_paid\u2502\n\u2502                 \u2502\u2502   = d_date_sk   \u2502                   \u2502 ws_bill_customer\u2502                                      \u2502    AS DOUBLE)   \u2502                                      \u2502    AS DOUBLE)   \u2502\n\u2502   Projections:  \u2502\u2502                 \u2502                   \u2502       _sk       \u2502                                      \u2502                 \u2502                                      \u2502                 \u2502\n\u2502  c_customer_sk  \u2502\u2502                 \u2502                   \u2502                 \u2502                                      \u2502                 \u2502                                      \u2502                 \u2502\n\u2502  c_customer_id  \u2502\u2502                 \u251c\u2500\u2500\u2500\u2500\u2500\u2500\u2500\u2500\u2500\u2510         \u2502                 \u251c\u2500\u2500\u2500\u2500\u2500\u2500\u2500\u2500\u2500\u2510                            \u2502                 \u2502                                      \u2502                 \u2502\n\u2502   c_first_name  \u2502\u2502                 \u2502         \u2502         \u2502                 \u2502         \u2502                            \u2502                 \u2502                                      \u2502                 \u2502\n\u2502   c_last_name   \u2502\u2502                 \u2502         \u2502         \u2502                 \u2502         \u2502                            \u2502                 \u2502                                      \u2502                 \u2502\n\u2502                 \u2502\u2502                 \u2502         \u2502         \u2502                 \u2502         \u2502                            \u2502                 \u2502                                      \u2502                 \u2502\n\u2502     Filters:    \u2502\u2502                 \u2502         \u2502         \u2502                 \u2502         \u2502                            \u2502                 \u2502                                      \u2502                 \u2502\n\u2502    optional:    \u2502\u2502                 \u2502         \u2502         \u2502                 \u2502         \u2502                            \u2502                 \u2502                                      \u2502                 \u2502\n\u2502  Dynamic Filter \u2502\u2502                 \u2502         \u2502         \u2502                 \u2502         \u2502                            \u2502                 \u2502                                      \u2502                 \u2502\n\u2502  (c_first_name) \u2502\u2502                 \u2502         \u2502         \u2502                 \u2502         \u2502                            \u2502                 \u2502                                      \u2502                 \u2502\n\u2502                 \u2502\u2502                 \u2502         \u2502         \u2502                 \u2502         \u2502                            \u2502                 \u2502                                      \u2502                 \u2502\n\u2502   499,845 rows  \u2502\u2502  5,519,337 rows \u2502         \u2502         \u2502  1,446,373 rows \u2502         \u2502                            \u2502  5,376,847 rows \u2502                                      \u2502  1,439,618 rows \u2502\n\u2502     (0.02s)     \u2502\u2502     (0.04s)     \u2502         \u2502         \u2502     (0.15s)     \u2502         \u2502                            \u2502     (0.01s)     \u2502                                      \u2502     (0.00s)     \u2502\n\u2514\u2500\u2500\u2500\u2500\u2500\u2500\u2500\u2500\u2500\u2500\u2500\u2500\u2500\u2500\u2500\u2500\u2500\u2518\u2514\u2500\u2500\u2500\u2500\u2500\u2500\u2500\u2500\u252c\u2500\u2500\u2500\u2500\u2500\u2500\u2500\u2500\u2518         \u2502         \u2514\u2500\u2500\u2500\u2500\u2500\u2500\u2500\u2500\u252c\u2500\u2500\u2500\u2500\u2500\u2500\u2500\u2500\u2518         \u2502                            \u2514\u2500\u2500\u2500\u2500\u2500\u2500\u2500\u2500\u252c\u2500\u2500\u2500\u2500\u2500\u2500\u2500\u2500\u2518                                      \u2514\u2500\u2500\u2500\u2500\u2500\u2500\u2500\u2500\u252c\u2500\u2500\u2500\u2500\u2500\u2500\u2500\u2500\u2518\n                   \u250c\u2500\u2500\u2500\u2500\u2500\u2500\u2500\u2500\u2534\u2500\u2500\u2500\u2500\u2500\u2500\u2500\u2500\u2510\u250c\u2500\u2500\u2500\u2500\u2500\u2500\u2500\u2500\u2534\u2500\u2500\u2500\u2500\u2500\u2500\u2500\u2500\u2510\u250c\u2500\u2500\u2500\u2500\u2500\u2500\u2500\u2500\u2534\u2500\u2500\u2500\u2500\u2500\u2500\u2500\u2500\u2510\u250c\u2500\u2500\u2500\u2500\u2500\u2500\u2500\u2500\u2534\u2500\u2500\u2500\u2500\u2500\u2500\u2500\u2500\u2510                   \u250c\u2500\u2500\u2500\u2500\u2500\u2500\u2500\u2500\u2534\u2500\u2500\u2500\u2500\u2500\u2500\u2500\u2500\u2510                                      \u250c\u2500\u2500\u2500\u2500\u2500\u2500\u2500\u2500\u2534\u2500\u2500\u2500\u2500\u2500\u2500\u2500\u2500\u2510\n                   \u2502    TABLE_SCAN   \u2502\u2502      FILTER     \u2502\u2502    TABLE_SCAN   \u2502\u2502    HASH_JOIN    \u2502                   \u2502    PROJECTION   \u2502                                      \u2502    PROJECTION   \u2502\n                   \u2502    \u2500\u2500\u2500\u2500\u2500\u2500\u2500\u2500\u2500\u2500   \u2502\u2502    \u2500\u2500\u2500\u2500\u2500\u2500\u2500\u2500\u2500\u2500   \u2502\u2502    \u2500\u2500\u2500\u2500\u2500\u2500\u2500\u2500\u2500\u2500   \u2502\u2502    \u2500\u2500\u2500\u2500\u2500\u2500\u2500\u2500\u2500\u2500   \u2502                   \u2502    \u2500\u2500\u2500\u2500\u2500\u2500\u2500\u2500\u2500\u2500   \u2502                                      \u2502    \u2500\u2500\u2500\u2500\u2500\u2500\u2500\u2500\u2500\u2500   \u2502\n                   \u2502      Table:     \u2502\u2502    (d_date_sk   \u2502\u2502      Table:     \u2502\u2502    Join Type:   \u2502                   \u2502        #0       \u2502                                      \u2502        #0       \u2502\n                   \u2502   store_sales   \u2502\u2502  BETWEEN 2450816\u2502\u2502     customer    \u2502\u2502      INNER      \u2502                   \u2502__internal_compre\u2502                                      \u2502__internal_compre\u2502\n                   \u2502                 \u2502\u2502   AND 2452642)  \u2502\u2502                 \u2502\u2502                 \u2502                   \u2502ss_string_uhugein\u2502                                      \u2502ss_string_uhugein\u2502\n                   \u2502      Type:      \u2502\u2502                 \u2502\u2502      Type:      \u2502\u2502   Conditions:   \u2502                   \u2502      t(#1)      \u2502                                      \u2502      t(#1)      \u2502\n                   \u2502 Sequential Scan \u2502\u2502                 \u2502\u2502 Sequential Scan \u2502\u2502 ws_sold_date_sk \u2502                   \u2502__internal_compre\u2502                                      \u2502__internal_compre\u2502\n                   \u2502                 \u2502\u2502                 \u2502\u2502                 \u2502\u2502   = d_date_sk   \u2502                   \u2502ss_string_uhugein\u2502                                      \u2502ss_string_uhugein\u2502\n                   \u2502   Projections:  \u2502\u2502                 \u2502\u2502   Projections:  \u2502\u2502                 \u2502                   \u2502      t(#2)      \u2502                                      \u2502      t(#2)      \u2502\n                   \u2502  ss_customer_sk \u2502\u2502                 \u2502\u2502  c_customer_sk  \u2502\u2502                 \u2502                   \u2502        #3       \u2502                                      \u2502        #3       \u2502\n                   \u2502 ss_sold_date_sk \u2502\u2502                 \u2502\u2502  c_customer_id  \u2502\u2502                 \u251c\u2500\u2500\u2500\u2500\u2500\u2500\u2500\u2500\u2500\u2510         \u2502__internal_compre\u2502                                      \u2502__internal_compre\u2502\n                   \u2502   ss_net_paid   \u2502\u2502                 \u2502\u2502   c_first_name  \u2502\u2502                 \u2502         \u2502         \u2502ss_integral_utiny\u2502                                      \u2502ss_integral_utiny\u2502\n                   \u2502                 \u2502\u2502                 \u2502\u2502   c_last_name   \u2502\u2502                 \u2502         \u2502         \u2502  int(#4, 1999)  \u2502                                      \u2502  int(#4, 1999)  \u2502\n                   \u2502                 \u2502\u2502                 \u2502\u2502                 \u2502\u2502                 \u2502         \u2502         \u2502                 \u2502                                      \u2502                 \u2502\n                   \u2502                 \u2502\u2502                 \u2502\u2502     Filters:    \u2502\u2502                 \u2502         \u2502         \u2502                 \u2502                                      \u2502                 \u2502\n                   \u2502                 \u2502\u2502                 \u2502\u2502 c_customer_sk>=2\u2502\u2502                 \u2502         \u2502         \u2502                 \u2502                                      \u2502                 \u2502\n                   \u2502                 \u2502\u2502                 \u2502\u2502 AND c_customer_s\u2502\u2502                 \u2502         \u2502         \u2502                 \u2502                                      \u2502                 \u2502\n                   \u2502                 \u2502\u2502                 \u2502\u2502    k<=499998    \u2502\u2502                 \u2502         \u2502         \u2502                 \u2502                                      \u2502                 \u2502\n                   \u2502                 \u2502\u2502                 \u2502\u2502                 \u2502\u2502                 \u2502         \u2502         \u2502                 \u2502                                      \u2502                 \u2502\n                   \u2502  5,519,337 rows \u2502\u2502     366 rows    \u2502\u2502   499,986 rows  \u2502\u2502  1,446,551 rows \u2502         \u2502         \u2502  5,376,847 rows \u2502                                      \u2502  1,439,618 rows \u2502\n                   \u2502     (0.20s)     \u2502\u2502     (0.00s)     \u2502\u2502     (0.02s)     \u2502\u2502     (0.01s)     \u2502         \u2502         \u2502     (0.06s)     \u2502                                      \u2502     (0.01s)     \u2502\n                   \u2514\u2500\u2500\u2500\u2500\u2500\u2500\u2500\u2500\u2500\u2500\u2500\u2500\u2500\u2500\u2500\u2500\u2500\u2518\u2514\u2500\u2500\u2500\u2500\u2500\u2500\u2500\u2500\u252c\u2500\u2500\u2500\u2500\u2500\u2500\u2500\u2500\u2518\u2514\u2500\u2500\u2500\u2500\u2500\u2500\u2500\u2500\u2500\u2500\u2500\u2500\u2500\u2500\u2500\u2500\u2500\u2518\u2514\u2500\u2500\u2500\u2500\u2500\u2500\u2500\u2500\u252c\u2500\u2500\u2500\u2500\u2500\u2500\u2500\u2500\u2518         \u2502         \u2514\u2500\u2500\u2500\u2500\u2500\u2500\u2500\u2500\u252c\u2500\u2500\u2500\u2500\u2500\u2500\u2500\u2500\u2518                                      \u2514\u2500\u2500\u2500\u2500\u2500\u2500\u2500\u2500\u252c\u2500\u2500\u2500\u2500\u2500\u2500\u2500\u2500\u2518\n                                      \u250c\u2500\u2500\u2500\u2500\u2500\u2500\u2500\u2500\u2534\u2500\u2500\u2500\u2500\u2500\u2500\u2500\u2500\u2510                   \u250c\u2500\u2500\u2500\u2500\u2500\u2500\u2500\u2500\u2534\u2500\u2500\u2500\u2500\u2500\u2500\u2500\u2500\u2510\u250c\u2500\u2500\u2500\u2500\u2500\u2500\u2500\u2500\u2534\u2500\u2500\u2500\u2500\u2500\u2500\u2500\u2500\u2510\u250c\u2500\u2500\u2500\u2500\u2500\u2500\u2500\u2500\u2534\u2500\u2500\u2500\u2500\u2500\u2500\u2500\u2500\u2510                                      \u250c\u2500\u2500\u2500\u2500\u2500\u2500\u2500\u2500\u2534\u2500\u2500\u2500\u2500\u2500\u2500\u2500\u2500\u2510\n                                      \u2502    TABLE_SCAN   \u2502                   \u2502    TABLE_SCAN   \u2502\u2502      FILTER     \u2502\u2502    HASH_JOIN    \u2502                                      \u2502    HASH_JOIN    \u2502\n                                      \u2502    \u2500\u2500\u2500\u2500\u2500\u2500\u2500\u2500\u2500\u2500   \u2502                   \u2502    \u2500\u2500\u2500\u2500\u2500\u2500\u2500\u2500\u2500\u2500   \u2502\u2502    \u2500\u2500\u2500\u2500\u2500\u2500\u2500\u2500\u2500\u2500   \u2502\u2502    \u2500\u2500\u2500\u2500\u2500\u2500\u2500\u2500\u2500\u2500   \u2502                                      \u2502    \u2500\u2500\u2500\u2500\u2500\u2500\u2500\u2500\u2500\u2500   \u2502\n                                      \u2502      Table:     \u2502                   \u2502      Table:     \u2502\u2502    (d_date_sk   \u2502\u2502    Join Type:   \u2502                                      \u2502    Join Type:   \u2502\n                                      \u2502     date_dim    \u2502                   \u2502    web_sales    \u2502\u2502  BETWEEN 2450816\u2502\u2502      INNER      \u2502                                      \u2502      INNER      \u2502\n                                      \u2502                 \u2502                   \u2502                 \u2502\u2502   AND 2452642)  \u2502\u2502                 \u2502                                      \u2502                 \u2502\n                                      \u2502      Type:      \u2502                   \u2502      Type:      \u2502\u2502                 \u2502\u2502   Conditions:   \u2502                                      \u2502   Conditions:   \u2502\n                                      \u2502 Sequential Scan \u2502                   \u2502 Sequential Scan \u2502\u2502                 \u2502\u2502 c_customer_sk = \u2502                                      \u2502 c_customer_sk = \u2502\n                                      \u2502                 \u2502                   \u2502                 \u2502\u2502                 \u2502\u2502  ss_customer_sk \u2502                                      \u2502 ws_bill_customer\u2502\n                                      \u2502   Projections:  \u2502                   \u2502   Projections:  \u2502\u2502                 \u2502\u2502                 \u2502                                      \u2502       _sk       \u2502\n                                      \u2502    d_date_sk    \u2502                   \u2502ws_bill_customer_\u2502\u2502                 \u2502\u2502                 \u251c\u2500\u2500\u2500\u2500\u2500\u2500\u2500\u2500\u2500\u2510                            \u2502                 \u251c\u2500\u2500\u2500\u2500\u2500\u2500\u2500\u2500\u2500\u2510\n                                      \u2502      d_year     \u2502                   \u2502        sk       \u2502\u2502                 \u2502\u2502                 \u2502         \u2502                            \u2502                 \u2502         \u2502\n                                      \u2502                 \u2502                   \u2502 ws_sold_date_sk \u2502\u2502                 \u2502\u2502                 \u2502         \u2502                            \u2502                 \u2502         \u2502\n                                      \u2502     Filters:    \u2502                   \u2502   ws_net_paid   \u2502\u2502                 \u2502\u2502                 \u2502         \u2502                            \u2502                 \u2502         \u2502\n                                      \u2502 d_year=2000 AND \u2502                   \u2502                 \u2502\u2502                 \u2502\u2502                 \u2502         \u2502                            \u2502                 \u2502         \u2502\n                                      \u2502   d_year>=1999  \u2502                   \u2502                 \u2502\u2502                 \u2502\u2502                 \u2502         \u2502                            \u2502                 \u2502         \u2502\n                                      \u2502 AND d_year<=2000\u2502                   \u2502                 \u2502\u2502                 \u2502\u2502                 \u2502         \u2502                            \u2502                 \u2502         \u2502\n                                      \u2502                 \u2502                   \u2502                 \u2502\u2502                 \u2502\u2502                 \u2502         \u2502                            \u2502                 \u2502         \u2502\n                                      \u2502     366 rows    \u2502                   \u2502  1,446,551 rows \u2502\u2502     366 rows    \u2502\u2502  5,376,847 rows \u2502         \u2502                            \u2502  1,439,618 rows \u2502         \u2502\n                                      \u2502     (0.00s)     \u2502                   \u2502     (0.04s)     \u2502\u2502     (0.00s)     \u2502\u2502     (0.68s)     \u2502         \u2502                            \u2502     (0.15s)     \u2502         \u2502\n                                      \u2514\u2500\u2500\u2500\u2500\u2500\u2500\u2500\u2500\u2500\u2500\u2500\u2500\u2500\u2500\u2500\u2500\u2500\u2518                   \u2514\u2500\u2500\u2500\u2500\u2500\u2500\u2500\u2500\u2500\u2500\u2500\u2500\u2500\u2500\u2500\u2500\u2500\u2518\u2514\u2500\u2500\u2500\u2500\u2500\u2500\u2500\u2500\u252c\u2500\u2500\u2500\u2500\u2500\u2500\u2500\u2500\u2518\u2514\u2500\u2500\u2500\u2500\u2500\u2500\u2500\u2500\u252c\u2500\u2500\u2500\u2500\u2500\u2500\u2500\u2500\u2518         \u2502                            \u2514\u2500\u2500\u2500\u2500\u2500\u2500\u2500\u2500\u252c\u2500\u2500\u2500\u2500\u2500\u2500\u2500\u2500\u2518         \u2502\n                                                                                               \u250c\u2500\u2500\u2500\u2500\u2500\u2500\u2500\u2500\u2534\u2500\u2500\u2500\u2500\u2500\u2500\u2500\u2500\u2510\u250c\u2500\u2500\u2500\u2500\u2500\u2500\u2500\u2500\u2534\u2500\u2500\u2500\u2500\u2500\u2500\u2500\u2500\u2510\u250c\u2500\u2500\u2500\u2500\u2500\u2500\u2500\u2500\u2534\u2500\u2500\u2500\u2500\u2500\u2500\u2500\u2500\u2510                   \u250c\u2500\u2500\u2500\u2500\u2500\u2500\u2500\u2500\u2534\u2500\u2500\u2500\u2500\u2500\u2500\u2500\u2500\u2510\u250c\u2500\u2500\u2500\u2500\u2500\u2500\u2500\u2500\u2534\u2500\u2500\u2500\u2500\u2500\u2500\u2500\u2500\u2510\n                                                                                               \u2502    TABLE_SCAN   \u2502\u2502    TABLE_SCAN   \u2502\u2502    HASH_JOIN    \u2502                   \u2502    TABLE_SCAN   \u2502\u2502    HASH_JOIN    \u2502\n                                                                                               \u2502    \u2500\u2500\u2500\u2500\u2500\u2500\u2500\u2500\u2500\u2500   \u2502\u2502    \u2500\u2500\u2500\u2500\u2500\u2500\u2500\u2500\u2500\u2500   \u2502\u2502    \u2500\u2500\u2500\u2500\u2500\u2500\u2500\u2500\u2500\u2500   \u2502                   \u2502    \u2500\u2500\u2500\u2500\u2500\u2500\u2500\u2500\u2500\u2500   \u2502\u2502    \u2500\u2500\u2500\u2500\u2500\u2500\u2500\u2500\u2500\u2500   \u2502\n                                                                                               \u2502      Table:     \u2502\u2502      Table:     \u2502\u2502    Join Type:   \u2502                   \u2502      Table:     \u2502\u2502    Join Type:   \u2502\n                                                                                               \u2502     date_dim    \u2502\u2502     customer    \u2502\u2502      INNER      \u2502                   \u2502     customer    \u2502\u2502      INNER      \u2502\n                                                                                               \u2502                 \u2502\u2502                 \u2502\u2502                 \u2502                   \u2502                 \u2502\u2502                 \u2502\n                                                                                               \u2502      Type:      \u2502\u2502      Type:      \u2502\u2502   Conditions:   \u2502                   \u2502      Type:      \u2502\u2502   Conditions:   \u2502\n                                                                                               \u2502 Sequential Scan \u2502\u2502 Sequential Scan \u2502\u2502 ss_sold_date_sk \u2502                   \u2502 Sequential Scan \u2502\u2502 ws_sold_date_sk \u2502\n                                                                                               \u2502                 \u2502\u2502                 \u2502\u2502   = d_date_sk   \u2502                   \u2502                 \u2502\u2502   = d_date_sk   \u2502\n                                                                                               \u2502   Projections:  \u2502\u2502   Projections:  \u2502\u2502                 \u2502                   \u2502   Projections:  \u2502\u2502                 \u2502\n                                                                                               \u2502    d_date_sk    \u2502\u2502  c_customer_sk  \u2502\u2502                 \u2502                   \u2502  c_customer_sk  \u2502\u2502                 \u2502\n                                                                                               \u2502      d_year     \u2502\u2502  c_customer_id  \u2502\u2502                 \u251c\u2500\u2500\u2500\u2500\u2500\u2500\u2500\u2500\u2500\u2510         \u2502  c_customer_id  \u2502\u2502                 \u251c\u2500\u2500\u2500\u2500\u2500\u2500\u2500\u2500\u2500\u2510\n                                                                                               \u2502                 \u2502\u2502   c_first_name  \u2502\u2502                 \u2502         \u2502         \u2502   c_first_name  \u2502\u2502                 \u2502         \u2502\n                                                                                               \u2502     Filters:    \u2502\u2502   c_last_name   \u2502\u2502                 \u2502         \u2502         \u2502   c_last_name   \u2502\u2502                 \u2502         \u2502\n                                                                                               \u2502 d_year=2000 AND \u2502\u2502                 \u2502\u2502                 \u2502         \u2502         \u2502                 \u2502\u2502                 \u2502         \u2502\n                                                                                               \u2502   d_year>=1999  \u2502\u2502                 \u2502\u2502                 \u2502         \u2502         \u2502     Filters:    \u2502\u2502                 \u2502         \u2502\n                                                                                               \u2502 AND d_year<=2000\u2502\u2502                 \u2502\u2502                 \u2502         \u2502         \u2502 c_customer_sk>=2\u2502\u2502                 \u2502         \u2502\n                                                                                               \u2502                 \u2502\u2502                 \u2502\u2502                 \u2502         \u2502         \u2502 AND c_customer_s\u2502\u2502                 \u2502         \u2502\n                                                                                               \u2502                 \u2502\u2502                 \u2502\u2502                 \u2502         \u2502         \u2502    k<=499998    \u2502\u2502                 \u2502         \u2502\n                                                                                               \u2502                 \u2502\u2502                 \u2502\u2502                 \u2502         \u2502         \u2502                 \u2502\u2502                 \u2502         \u2502\n                                                                                               \u2502     366 rows    \u2502\u2502   499,994 rows  \u2502\u2502  5,506,828 rows \u2502         \u2502         \u2502   499,997 rows  \u2502\u2502  1,439,781 rows \u2502         \u2502\n                                                                                               \u2502     (0.00s)     \u2502\u2502     (0.02s)     \u2502\u2502     (0.03s)     \u2502         \u2502         \u2502     (0.07s)     \u2502\u2502     (0.01s)     \u2502         \u2502\n                                                                                               \u2514\u2500\u2500\u2500\u2500\u2500\u2500\u2500\u2500\u2500\u2500\u2500\u2500\u2500\u2500\u2500\u2500\u2500\u2518\u2514\u2500\u2500\u2500\u2500\u2500\u2500\u2500\u2500\u2500\u2500\u2500\u2500\u2500\u2500\u2500\u2500\u2500\u2518\u2514\u2500\u2500\u2500\u2500\u2500\u2500\u2500\u2500\u252c\u2500\u2500\u2500\u2500\u2500\u2500\u2500\u2500\u2518         \u2502         \u2514\u2500\u2500\u2500\u2500\u2500\u2500\u2500\u2500\u2500\u2500\u2500\u2500\u2500\u2500\u2500\u2500\u2500\u2518\u2514\u2500\u2500\u2500\u2500\u2500\u2500\u2500\u2500\u252c\u2500\u2500\u2500\u2500\u2500\u2500\u2500\u2500\u2518         \u2502\n                                                                                                                                     \u250c\u2500\u2500\u2500\u2500\u2500\u2500\u2500\u2500\u2534\u2500\u2500\u2500\u2500\u2500\u2500\u2500\u2500\u2510\u250c\u2500\u2500\u2500\u2500\u2500\u2500\u2500\u2500\u2534\u2500\u2500\u2500\u2500\u2500\u2500\u2500\u2500\u2510                   \u250c\u2500\u2500\u2500\u2500\u2500\u2500\u2500\u2500\u2534\u2500\u2500\u2500\u2500\u2500\u2500\u2500\u2500\u2510\u250c\u2500\u2500\u2500\u2500\u2500\u2500\u2500\u2500\u2534\u2500\u2500\u2500\u2500\u2500\u2500\u2500\u2500\u2510\n                                                                                                                                     \u2502    TABLE_SCAN   \u2502\u2502      FILTER     \u2502                   \u2502    TABLE_SCAN   \u2502\u2502      FILTER     \u2502\n                                                                                                                                     \u2502    \u2500\u2500\u2500\u2500\u2500\u2500\u2500\u2500\u2500\u2500   \u2502\u2502    \u2500\u2500\u2500\u2500\u2500\u2500\u2500\u2500\u2500\u2500   \u2502                   \u2502    \u2500\u2500\u2500\u2500\u2500\u2500\u2500\u2500\u2500\u2500   \u2502\u2502    \u2500\u2500\u2500\u2500\u2500\u2500\u2500\u2500\u2500\u2500   \u2502\n                                                                                                                                     \u2502      Table:     \u2502\u2502    (d_date_sk   \u2502                   \u2502      Table:     \u2502\u2502    (d_date_sk   \u2502\n                                                                                                                                     \u2502   store_sales   \u2502\u2502  BETWEEN 2450816\u2502                   \u2502    web_sales    \u2502\u2502  BETWEEN 2450816\u2502\n                                                                                                                                     \u2502                 \u2502\u2502   AND 2452642)  \u2502                   \u2502                 \u2502\u2502   AND 2452642)  \u2502\n                                                                                                                                     \u2502      Type:      \u2502\u2502                 \u2502                   \u2502      Type:      \u2502\u2502                 \u2502\n                                                                                                                                     \u2502 Sequential Scan \u2502\u2502                 \u2502                   \u2502 Sequential Scan \u2502\u2502                 \u2502\n                                                                                                                                     \u2502                 \u2502\u2502                 \u2502                   \u2502                 \u2502\u2502                 \u2502\n                                                                                                                                     \u2502   Projections:  \u2502\u2502                 \u2502                   \u2502   Projections:  \u2502\u2502                 \u2502\n                                                                                                                                     \u2502  ss_customer_sk \u2502\u2502                 \u2502                   \u2502ws_bill_customer_\u2502\u2502                 \u2502\n                                                                                                                                     \u2502 ss_sold_date_sk \u2502\u2502                 \u2502                   \u2502        sk       \u2502\u2502                 \u2502\n                                                                                                                                     \u2502   ss_net_paid   \u2502\u2502                 \u2502                   \u2502 ws_sold_date_sk \u2502\u2502                 \u2502\n                                                                                                                                     \u2502                 \u2502\u2502                 \u2502                   \u2502   ws_net_paid   \u2502\u2502                 \u2502\n                                                                                                                                     \u2502                 \u2502\u2502                 \u2502                   \u2502                 \u2502\u2502                 \u2502\n                                                                                                                                     \u2502  5,506,828 rows \u2502\u2502     365 rows    \u2502                   \u2502  1,439,781 rows \u2502\u2502     365 rows    \u2502\n                                                                                                                                     \u2502     (9.07s)     \u2502\u2502     (0.00s)     \u2502                   \u2502     (2.23s)     \u2502\u2502     (0.00s)     \u2502\n                                                                                                                                     \u2514\u2500\u2500\u2500\u2500\u2500\u2500\u2500\u2500\u2500\u2500\u2500\u2500\u2500\u2500\u2500\u2500\u2500\u2518\u2514\u2500\u2500\u2500\u2500\u2500\u2500\u2500\u2500\u252c\u2500\u2500\u2500\u2500\u2500\u2500\u2500\u2500\u2518                   \u2514\u2500\u2500\u2500\u2500\u2500\u2500\u2500\u2500\u2500\u2500\u2500\u2500\u2500\u2500\u2500\u2500\u2500\u2518\u2514\u2500\u2500\u2500\u2500\u2500\u2500\u2500\u2500\u252c\u2500\u2500\u2500\u2500\u2500\u2500\u2500\u2500\u2518\n                                                                                                                                                        \u250c\u2500\u2500\u2500\u2500\u2500\u2500\u2500\u2500\u2534\u2500\u2500\u2500\u2500\u2500\u2500\u2500\u2500\u2510                                      \u250c\u2500\u2500\u2500\u2500\u2500\u2500\u2500\u2500\u2534\u2500\u2500\u2500\u2500\u2500\u2500\u2500\u2500\u2510\n                                                                                                                                                        \u2502    TABLE_SCAN   \u2502                                      \u2502    TABLE_SCAN   \u2502\n                                                                                                                                                        \u2502    \u2500\u2500\u2500\u2500\u2500\u2500\u2500\u2500\u2500\u2500   \u2502                                      \u2502    \u2500\u2500\u2500\u2500\u2500\u2500\u2500\u2500\u2500\u2500   \u2502\n                                                                                                                                                        \u2502      Table:     \u2502                                      \u2502      Table:     \u2502\n                                                                                                                                                        \u2502     date_dim    \u2502                                      \u2502     date_dim    \u2502\n                                                                                                                                                        \u2502                 \u2502                                      \u2502                 \u2502\n                                                                                                                                                        \u2502      Type:      \u2502                                      \u2502      Type:      \u2502\n                                                                                                                                                        \u2502 Sequential Scan \u2502                                      \u2502 Sequential Scan \u2502\n                                                                                                                                                        \u2502                 \u2502                                      \u2502                 \u2502\n                                                                                                                                                        \u2502   Projections:  \u2502                                      \u2502   Projections:  \u2502\n                                                                                                                                                        \u2502    d_date_sk    \u2502                                      \u2502    d_date_sk    \u2502\n                                                                                                                                                        \u2502      d_year     \u2502                                      \u2502      d_year     \u2502\n                                                                                                                                                        \u2502                 \u2502                                      \u2502                 \u2502\n                                                                                                                                                        \u2502     Filters:    \u2502                                      \u2502     Filters:    \u2502\n                                                                                                                                                        \u2502 d_year=1999 AND \u2502                                      \u2502 d_year=1999 AND \u2502\n                                                                                                                                                        \u2502   d_year>=1999  \u2502                                      \u2502   d_year>=1999  \u2502\n                                                                                                                                                        \u2502 AND d_year<=2000\u2502                                      \u2502 AND d_year<=2000\u2502\n                                                                                                                                                        \u2502                 \u2502                                      \u2502                 \u2502\n                                                                                                                                                        \u2502     365 rows    \u2502                                      \u2502     365 rows    \u2502\n                                                                                                                                                        \u2502     (0.00s)     \u2502                                      \u2502     (0.00s)     \u2502\n                                                                                                                                                        \u2514\u2500\u2500\u2500\u2500\u2500\u2500\u2500\u2500\u2500\u2500\u2500\u2500\u2500\u2500\u2500\u2500\u2500\u2518                                      \u2514\u2500\u2500\u2500\u2500\u2500\u2500\u2500\u2500\u2500\u2500\u2500\u2500\u2500\u2500\u2500\u2500\u2500\u2518\n",
  "plan_json": {
    "total_bytes_written": 0,
    "total_bytes_read": 0,
    "rows_returned": 0,
    "latency": 0.0,
    "result_set_size": 0,
    "query_name": "",
    "blocked_thread_time": 0.0,
    "system_peak_buffer_memory": 0,
    "system_peak_temp_dir_size": 0,
    "cpu_time": 0.0,
    "extra_info": {},
    "cumulative_cardinality": 0,
    "cumulative_rows_scanned": 0,
    "children": [
      {
        "total_bytes_written": 0,
        "total_bytes_read": 0,
        "result_set_size": 0,
        "operator_name": "EXPLAIN_ANALYZE",
        "cpu_time": 0.0,
        "extra_info": {},
        "cumulative_cardinality": 0,
        "operator_type": "EXPLAIN_ANALYZE",
        "operator_cardinality": 0,
        "cumulative_rows_scanned": 0,
        "operator_rows_scanned": 0,
        "operator_timing": 3.31e-07,
        "children": [
          {
            "total_bytes_written": 0,
            "total_bytes_read": 0,
            "result_set_size": 4800,
            "operator_name": "TOP_N",
            "cpu_time": 0.0,
            "extra_info": {
              "Top": "100",
              "Order By": [
                "customer_first_name ASC",
                "customer_id ASC",
                "customer_last_name ASC"
              ]
            },
            "cumulative_cardinality": 0,
            "operator_type": "TOP_N",
            "operator_cardinality": 100,
            "cumulative_rows_scanned": 0,
            "operator_rows_scanned": 0,
            "operator_timing": 0.000771961,
            "children": [
              {
                "total_bytes_written": 0,
                "total_bytes_read": 0,
                "result_set_size": 210576,
                "operator_name": "PROJECTION",
                "cpu_time": 0.0,
                "extra_info": {
                  "Projections": [
                    "customer_id",
                    "customer_first_name",
                    "customer_last_name"
                  ],
                  "Estimated Cardinality": "561120916837615"
                },
                "cumulative_cardinality": 0,
                "operator_type": "PROJECTION",
                "operator_cardinality": 4387,
                "cumulative_rows_scanned": 0,
                "operator_rows_scanned": 0,
                "operator_timing": 1.2188000000000004e-05,
                "children": [
                  {
                    "total_bytes_written": 0,
                    "total_bytes_read": 0,
                    "result_set_size": 210576,
                    "operator_name": "PROJECTION",
                    "cpu_time": 0.0,
                    "extra_info": {
                      "Projections": [
                        "#0",
                        "#1",
                        "#4"
                      ],
                      "Estimated Cardinality": "561120916837615"
                    },
                    "cumulative_cardinality": 0,
                    "operator_type": "PROJECTION",
                    "operator_cardinality": 4387,
                    "cumulative_rows_scanned": 0,
                    "operator_rows_scanned": 0,
                    "operator_timing": 1.8327000000000006e-05,
                    "children": [
                      {
                        "total_bytes_written": 0,
                        "total_bytes_read": 0,
                        "result_set_size": 350960,
                        "operator_name": "FILTER",
                        "cpu_time": 0.0,
                        "extra_info": {
                          "Expression": "(CASE  WHEN ((year_total > 0.0)) THEN ((year_total / year_total)) ELSE NULL END > CASE  WHEN ((year_total > 0.0)) THEN ((year_total / year_total)) ELSE NULL END)",
                          "Estimated Cardinality": "561120916837615"
                        },
                        "cumulative_cardinality": 0,
                        "operator_type": "FILTER",
                        "operator_cardinality": 4387,
                        "cumulative_rows_scanned": 0,
                        "operator_rows_scanned": 0,
                        "operator_timing": 0.000965382,
                        "children": [
                          {
                            "total_bytes_written": 0,
                            "total_bytes_read": 0,
                            "result_set_size": 707200,
                            "operator_name": "HASH_JOIN",
                            "cpu_time": 0.0,
                            "extra_info": {
                              "Join Type": "INNER",
                              "Conditions": "customer_id = customer_id",
                              "Estimated Cardinality": "561120916837615"
                            },
                            "cumulative_cardinality": 0,
                            "operator_type": "HASH_JOIN",
                            "operator_cardinality": 8840,
                            "cumulative_rows_scanned": 0,
                            "operator_rows_scanned": 0,
                            "operator_timing": 0.011813997999999996,
                            "children": [
                              {
                                "total_bytes_written": 0,
                                "total_bytes_read": 0,
                                "result_set_size": 17304560,
                                "operator_name": "PROJECTION",
                                "cpu_time": 0.0,
                                "extra_info": {
                                  "Projections": [
                                    "customer_id",
                                    "customer_first_name",
                                    "customer_last_name",
                                    "year_total"
                                  ],
                                  "Estimated Cardinality": "230647"
                                },
                                "cumulative_cardinality": 0,
                                "operator_type": "PROJECTION",
                                "operator_cardinality": 309010,
                                "cumulative_rows_scanned": 0,
                                "operator_rows_scanned": 0,
                                "operator_timing": 5.090399999999999e-05,
                                "children": [
                                  {
                                    "total_bytes_written": 0,
                                    "total_bytes_read": 0,
                                    "result_set_size": 18540600,
                                    "operator_name": "PROJECTION",
                                    "cpu_time": 0.0,
                                    "extra_info": {
                                      "Projections": [
                                        "#0",
                                        "__internal_decompress_string(#1)",
                                        "__internal_decompress_string(#2)",
                                        "__internal_decompress_integral_integer(#3, 1999)",
                                        "#4"
                                      ],
                                      "Estimated Cardinality": "230647"
                                    },
                                    "cumulative_cardinality": 0,
                                    "operator_type": "PROJECTION",
                                    "operator_cardinality": 309010,
                                    "cumulative_rows_scanned": 0,
                                    "operator_rows_scanned": 0,
                                    "operator_timing": 0.004038267,
                                    "children": [
                                      {
                                        "total_bytes_written": 0,
                                        "total_bytes_read": 0,
                                        "result_set_size": 17613570,
                                        "operator_name": "HASH_GROUP_BY",
                                        "cpu_time": 0.0,
                                        "extra_info": {
                                          "Groups": [
                                            "#0",
                                            "#1",
                                            "#2",
                                            "#3"
                                          ],
                                          "Aggregates": "stddev_samp(#4)",
                                          "Estimated Cardinality": "230647"
                                        },
                                        "cumulative_cardinality": 0,
                                        "operator_type": "HASH_GROUP_BY",
                                        "operator_cardinality": 309010,
                                        "cumulative_rows_scanned": 0,
                                        "operator_rows_scanned": 0,
                                        "operator_timing": 0.216408337,
                                        "children": [
                                          {
                                            "total_bytes_written": 0,
                                            "total_bytes_read": 0,
                                            "result_set_size": 307103118,
                                            "operator_name": "PROJECTION",
                                            "cpu_time": 0.0,
                                            "extra_info": {
                                              "Projections": [
                                                "c_customer_id",
                                                "c_first_name",
                                                "c_last_name",
                                                "d_year",
                                                "CAST(ss_net_paid AS DOUBLE)"
                                              ],
                                              "Estimated Cardinality": "230647"
                                            },
                                            "cumulative_cardinality": 0,
                                            "operator_type": "PROJECTION",
                                            "operator_cardinality": 5387774,
                                            "cumulative_rows_scanned": 0,
                                            "operator_rows_scanned": 0,
                                            "operator_timing": 0.013347848000000008,
                                            "children": [
                                              {
                                                "total_bytes_written": 0,
                                                "total_bytes_read": 0,
                                                "result_set_size": 285552022,
                                                "operator_name": "PROJECTION",
                                                "cpu_time": 0.0,
                                                "extra_info": {
                                                  "Projections": [
                                                    "#0",
                                                    "__internal_compress_string_uhugeint(#1)",
                                                    "__internal_compress_string_uhugeint(#2)",
                                                    "#3",
                                                    "__internal_compress_integral_utinyint(#4, 1999)"
                                                  ],
                                                  "Estimated Cardinality": "230647"
                                                },
                                                "cumulative_cardinality": 0,
                                                "operator_type": "PROJECTION",
                                                "operator_cardinality": 5387774,
                                                "cumulative_rows_scanned": 0,
                                                "operator_rows_scanned": 0,
                                                "operator_timing": 0.05627393899999998,
                                                "children": [
                                                  {
                                                    "total_bytes_written": 0,
                                                    "total_bytes_read": 0,
                                                    "result_set_size": 301715344,
                                                    "operator_name": "HASH_JOIN",
                                                    "cpu_time": 0.0,
                                                    "extra_info": {
                                                      "Join Type": "INNER",
                                                      "Conditions": "c_customer_sk = ss_customer_sk",
                                                      "Estimated Cardinality": "230647"
                                                    },
                                                    "cumulative_cardinality": 0,
                                                    "operator_type": "HASH_JOIN",
                                                    "operator_cardinality": 5387774,
                                                    "cumulative_rows_scanned": 0,
                                                    "operator_rows_scanned": 0,
                                                    "operator_timing": 0.6698496529999998,
                                                    "children": [
                                                      {
                                                        "total_bytes_written": 0,
                                                        "total_bytes_read": 0,
                                                        "result_set_size": 25991940,
                                                        "operator_name": "SEQ_SCAN ",
                                                        "cpu_time": 0.0,
                                                        "extra_info": {
                                                          "Table": "customer",
                                                          "Type": "Sequential Scan",
                                                          "Projections": [
                                                            "c_customer_sk",
                                                            "c_customer_id",
                                                            "c_first_name",
                                                            "c_last_name"
                                                          ],
                                                          "Filters": "optional: Dynamic Filter (c_first_name)",
                                                          "Estimated Cardinality": "500000"
                                                        },
                                                        "cumulative_cardinality": 0,
                                                        "operator_type": "TABLE_SCAN",
                                                        "operator_cardinality": 499845,
                                                        "cumulative_rows_scanned": 0,
                                                        "operator_rows_scanned": 2500000,
                                                        "operator_timing": 0.016293447000000003,
                                                        "children": []
                                                      },
                                                      {
                                                        "total_bytes_written": 0,
                                                        "total_bytes_read": 0,
                                                        "result_set_size": 66232044,
                                                        "operator_name": "HASH_JOIN",
                                                        "cpu_time": 0.0,
                                                        "extra_info": {
                                                          "Join Type": "INNER",
                                                          "Conditions": "ss_sold_date_sk = d_date_sk",
                                                          "Estimated Cardinality": "230647"
                                                        },
                                                        "cumulative_cardinality": 0,
                                                        "operator_type": "HASH_JOIN",
                                                        "operator_cardinality": 5519337,
                                                        "cumulative_rows_scanned": 0,
                                                        "operator_rows_scanned": 0,
                                                        "operator_timing": 0.044896174,
                                                        "children": [
                                                          {
                                                            "total_bytes_written": 0,
                                                            "total_bytes_read": 0,
                                                            "result_set_size": 66232044,
                                                            "operator_name": "SEQ_SCAN ",
                                                            "cpu_time": 0.0,
                                                            "extra_info": {
                                                              "Table": "store_sales",
                                                              "Type": "Sequential Scan",
                                                              "Projections": [
                                                                "ss_customer_sk",
                                                                "ss_sold_date_sk",
                                                                "ss_net_paid"
                                                              ],
                                                              "Estimated Cardinality": "28800991"
                                                            },
                                                            "cumulative_cardinality": 0,
                                                            "operator_type": "TABLE_SCAN",
                                                            "operator_cardinality": 5519337,
                                                            "cumulative_rows_scanned": 0,
                                                            "operator_rows_scanned": 806427748,
                                                            "operator_timing": 0.20159282299999998,
                                                            "children": []
                                                          },
                                                          {
                                                            "total_bytes_written": 0,
                                                            "total_bytes_read": 0,
                                                            "result_set_size": 2928,
                                                            "operator_name": "FILTER",
                                                            "cpu_time": 0.0,
                                                            "extra_info": {
                                                              "Expression": "(d_date_sk BETWEEN 2450816 AND 2452642)",
                                                              "Estimated Cardinality": "585"
                                                            },
                                                            "cumulative_cardinality": 0,
                                                            "operator_type": "FILTER",
                                                            "operator_cardinality": 366,
                                                            "cumulative_rows_scanned": 0,
                                                            "operator_rows_scanned": 0,
                                                            "operator_timing": 2.3965e-05,
                                                            "children": [
                                                              {
                                                                "total_bytes_written": 0,
                                                                "total_bytes_read": 0,
                                                                "result_set_size": 2928,
                                                                "operator_name": "SEQ_SCAN ",
                                                                "cpu_time": 0.0,
                                                                "extra_info": {
                                                                  "Table": "date_dim",
                                                                  "Type": "Sequential Scan",
                                                                  "Projections": [
                                                                    "d_date_sk",
                                                                    "d_year"
                                                                  ],
                                                                  "Filters": "d_year=2000 AND d_year>=1999 AND d_year<=2000",
                                                                  "Estimated Cardinality": "585"
                                                                },
                                                                "cumulative_cardinality": 0,
                                                                "operator_type": "TABLE_SCAN",
                                                                "operator_cardinality": 366,
                                                                "cumulative_rows_scanned": 0,
                                                                "operator_rows_scanned": 73049,
                                                                "operator_timing": 2.4883000000000002e-05,
                                                                "children": []
                                                              }
                                                            ]
                                                          }
                                                        ]
                                                      }
                                                    ]
                                                  }
                                                ]
                                              }
                                            ]
                                          }
                                        ]
                                      }
                                    ]
                                  }
                                ]
                              },
                              {
                                "total_bytes_written": 0,
                                "total_bytes_read": 0,
                                "result_set_size": 574800,
                                "operator_name": "HASH_JOIN",
                                "cpu_time": 0.0,
                                "extra_info": {
                                  "Join Type": "INNER",
                                  "Conditions": "customer_id = customer_id",
                                  "Estimated Cardinality": "61"
                                },
                                "cumulative_cardinality": 0,
                                "operator_type": "HASH_JOIN",
                                "operator_cardinality": 14370,
                                "cumulative_rows_scanned": 0,
                                "operator_rows_scanned": 0,
                                "operator_timing": 0.013536590999999997,
                                "children": [
                                  {
                                    "total_bytes_written": 0,
                                    "total_bytes_read": 0,
                                    "result_set_size": 2580288,
                                    "operator_name": "PROJECTION",
                                    "cpu_time": 0.0,
                                    "extra_info": {
                                      "Projections": [
                                        "customer_id",
                                        "year_total"
                                      ],
                                      "Estimated Cardinality": "57640"
                                    },
                                    "cumulative_cardinality": 0,
                                    "operator_type": "PROJECTION",
                                    "operator_cardinality": 107512,
                                    "cumulative_rows_scanned": 0,
                                    "operator_rows_scanned": 0,
                                    "operator_timing": 1.4831e-05,
                                    "children": [
                                      {
                                        "total_bytes_written": 0,
                                        "total_bytes_read": 0,
                                        "result_set_size": 6450720,
                                        "operator_name": "PROJECTION",
                                        "cpu_time": 0.0,
                                        "extra_info": {
                                          "Projections": [
                                            "#0",
                                            "__internal_decompress_string(#1)",
                                            "__internal_decompress_string(#2)",
                                            "__internal_decompress_integral_integer(#3, 1999)",
                                            "#4"
                                          ],
                                          "Estimated Cardinality": "57640"
                                        },
                                        "cumulative_cardinality": 0,
                                        "operator_type": "PROJECTION",
                                        "operator_cardinality": 107512,
                                        "cumulative_rows_scanned": 0,
                                        "operator_rows_scanned": 0,
                                        "operator_timing": 0.00152784,
                                        "children": [
                                          {
                                            "total_bytes_written": 0,
                                            "total_bytes_read": 0,
                                            "result_set_size": 6128184,
                                            "operator_name": "HASH_GROUP_BY",
                                            "cpu_time": 0.0,
                                            "extra_info": {
                                              "Groups": [
                                                "#0",
                                                "#1",
                                                "#2",
                                                "#3"
                                              ],
                                              "Aggregates": "stddev_samp(#4)",
                                              "Estimated Cardinality": "57640"
                                            },
                                            "cumulative_cardinality": 0,
                                            "operator_type": "HASH_GROUP_BY",
                                            "operator_cardinality": 107512,
                                            "cumulative_rows_scanned": 0,
                                            "operator_rows_scanned": 0,
                                            "operator_timing": 0.07355898899999999,
                                            "children": [
                                              {
                                                "total_bytes_written": 0,
                                                "total_bytes_read": 0,
                                                "result_set_size": 82443261,
                                                "operator_name": "PROJECTION",
                                                "cpu_time": 0.0,
                                                "extra_info": {
                                                  "Projections": [
                                                    "c_customer_id",
                                                    "c_first_name",
                                                    "c_last_name",
                                                    "d_year",
                                                    "CAST(ws_net_paid AS DOUBLE)"
                                                  ],
                                                  "Estimated Cardinality": "57640"
                                                },
                                                "cumulative_cardinality": 0,
                                                "operator_type": "PROJECTION",
                                                "operator_cardinality": 1446373,
                                                "cumulative_rows_scanned": 0,
                                                "operator_rows_scanned": 0,
                                                "operator_timing": 0.0037061299999999998,
                                                "children": [
                                                  {
                                                    "total_bytes_written": 0,
                                                    "total_bytes_read": 0,
                                                    "result_set_size": 76657769,
                                                    "operator_name": "PROJECTION",
                                                    "cpu_time": 0.0,
                                                    "extra_info": {
                                                      "Projections": [
                                                        "#0",
                                                        "__internal_compress_string_uhugeint(#1)",
                                                        "__internal_compress_string_uhugeint(#2)",
                                                        "#3",
                                                        "__internal_compress_integral_utinyint(#4, 1999)"
                                                      ],
                                                      "Estimated Cardinality": "57640"
                                                    },
                                                    "cumulative_cardinality": 0,
                                                    "operator_type": "PROJECTION",
                                                    "operator_cardinality": 1446373,
                                                    "cumulative_rows_scanned": 0,
                                                    "operator_rows_scanned": 0,
                                                    "operator_timing": 0.018727726000000004,
                                                    "children": [
                                                      {
                                                        "total_bytes_written": 0,
                                                        "total_bytes_read": 0,
                                                        "result_set_size": 80996888,
                                                        "operator_name": "HASH_JOIN",
                                                        "cpu_time": 0.0,
                                                        "extra_info": {
                                                          "Join Type": "INNER",
                                                          "Conditions": "c_customer_sk = ws_bill_customer_sk",
                                                          "Estimated Cardinality": "57640"
                                                        },
                                                        "cumulative_cardinality": 0,
                                                        "operator_type": "HASH_JOIN",
                                                        "operator_cardinality": 1446373,
                                                        "cumulative_rows_scanned": 0,
                                                        "operator_rows_scanned": 0,
                                                        "operator_timing": 0.13874991700000003,
                                                        "children": [
                                                          {
                                                            "total_bytes_written": 0,
                                                            "total_bytes_read": 0,
                                                            "result_set_size": 25999272,
                                                            "operator_name": "SEQ_SCAN ",
                                                            "cpu_time": 0.0,
                                                            "extra_info": {
                                                              "Table": "customer",
                                                              "Type": "Sequential Scan",
                                                              "Projections": [
                                                                "c_customer_sk",
                                                                "c_customer_id",
                                                                "c_first_name",
                                                                "c_last_name"
                                                              ],
                                                              "Filters": "c_customer_sk>=2 AND c_customer_sk<=499998",
                                                              "Estimated Cardinality": "500000"
                                                            },
                                                            "cumulative_cardinality": 0,
                                                            "operator_type": "TABLE_SCAN",
                                                            "operator_cardinality": 499986,
                                                            "cumulative_rows_scanned": 0,
                                                            "operator_rows_scanned": 2500000,
                                                            "operator_timing": 0.019215688999999994,
                                                            "children": []
                                                          },
                                                          {
                                                            "total_bytes_written": 0,
                                                            "total_bytes_read": 0,
                                                            "result_set_size": 17358612,
                                                            "operator_name": "HASH_JOIN",
                                                            "cpu_time": 0.0,
                                                            "extra_info": {
                                                              "Join Type": "INNER",
                                                              "Conditions": "ws_sold_date_sk = d_date_sk",
                                                              "Estimated Cardinality": "57640"
                                                            },
                                                            "cumulative_cardinality": 0,
                                                            "operator_type": "HASH_JOIN",
                                                            "operator_cardinality": 1446551,
                                                            "cumulative_rows_scanned": 0,
                                                            "operator_rows_scanned": 0,
                                                            "operator_timing": 0.011798913999999999,
                                                            "children": [
                                                              {
                                                                "total_bytes_written": 0,
                                                                "total_bytes_read": 0,
                                                                "result_set_size": 17358612,
                                                                "operator_name": "SEQ_SCAN ",
                                                                "cpu_time": 0.0,
                                                                "extra_info": {
                                                                  "Table": "web_sales",
                                                                  "Type": "Sequential Scan",
                                                                  "Projections": [
                                                                    "ws_bill_customer_sk",
                                                                    "ws_sold_date_sk",
                                                                    "ws_net_paid"
                                                                  ],
                                                                  "Estimated Cardinality": "7197566"
                                                                },
                                                                "cumulative_cardinality": 0,
                                                                "operator_type": "TABLE_SCAN",
                                                                "operator_cardinality": 1446551,
                                                                "cumulative_rows_scanned": 0,
                                                                "operator_rows_scanned": 201531848,
                                                                "operator_timing": 0.047373105,
                                                                "children": []
                                                              },
                                                              {
                                                                "total_bytes_written": 0,
                                                                "total_bytes_read": 0,
                                                                "result_set_size": 2928,
                                                                "operator_name": "FILTER",
                                                                "cpu_time": 0.0,
                                                                "extra_info": {
                                                                  "Expression": "(d_date_sk BETWEEN 2450816 AND 2452642)",
                                                                  "Estimated Cardinality": "585"
                                                                },
                                                                "cumulative_cardinality": 0,
                                                                "operator_type": "FILTER",
                                                                "operator_cardinality": 366,
                                                                "cumulative_rows_scanned": 0,
                                                                "operator_rows_scanned": 0,
                                                                "operator_timing": 1.2457000000000001e-05,
                                                                "children": [
                                                                  {
                                                                    "total_bytes_written": 0,
                                                                    "total_bytes_read": 0,
                                                                    "result_set_size": 2928,
                                                                    "operator_name": "SEQ_SCAN ",
                                                                    "cpu_time": 0.0,
                                                                    "extra_info": {
                                                                      "Table": "date_dim",
                                                                      "Type": "Sequential Scan",
                                                                      "Projections": [
                                                                        "d_date_sk",
                                                                        "d_year"
                                                                      ],
                                                                      "Filters": "d_year=2000 AND d_year>=1999 AND d_year<=2000",
                                                                      "Estimated Cardinality": "585"
                                                                    },
                                                                    "cumulative_cardinality": 0,
                                                                    "operator_type": "TABLE_SCAN",
                                                                    "operator_cardinality": 366,
                                                                    "cumulative_rows_scanned": 0,
                                                                    "operator_rows_scanned": 73049,
                                                                    "operator_timing": 3.3166e-05,
                                                                    "children": []
                                                                  }
                                                                ]
                                                              }
                                                            ]
                                                          }
                                                        ]
                                                      }
                                                    ]
                                                  }
                                                ]
                                              }
                                            ]
                                          }
                                        ]
                                      }
                                    ]
                                  },
                                  {
                                    "total_bytes_written": 0,
                                    "total_bytes_read": 0,
                                    "result_set_size": 2109760,
                                    "operator_name": "HASH_JOIN",
                                    "cpu_time": 0.0,
                                    "extra_info": {
                                      "Join Type": "INNER",
                                      "Conditions": "customer_id = customer_id",
                                      "Estimated Cardinality": "1063"
                                    },
                                    "cumulative_cardinality": 0,
                                    "operator_type": "HASH_JOIN",
                                    "operator_cardinality": 65930,
                                    "cumulative_rows_scanned": 0,
                                    "operator_rows_scanned": 0,
                                    "operator_timing": 0.01886253299999999,
                                    "children": [
                                      {
                                        "total_bytes_written": 0,
                                        "total_bytes_read": 0,
                                        "result_set_size": 7399608,
                                        "operator_name": "PROJECTION",
                                        "cpu_time": 0.0,
                                        "extra_info": {
                                          "Projections": [
                                            "#0",
                                            "#4"
                                          ],
                                          "Estimated Cardinality": "46129"
                                        },
                                        "cumulative_cardinality": 0,
                                        "operator_type": "PROJECTION",
                                        "operator_cardinality": 308317,
                                        "cumulative_rows_scanned": 0,
                                        "operator_rows_scanned": 0,
                                        "operator_timing": 3.8048e-05,
                                        "children": [
                                          {
                                            "total_bytes_written": 0,
                                            "total_bytes_read": 0,
                                            "result_set_size": 18499020,
                                            "operator_name": "FILTER",
                                            "cpu_time": 0.0,
                                            "extra_info": {
                                              "Expression": "(year_total > 0.0)",
                                              "Estimated Cardinality": "46129"
                                            },
                                            "cumulative_cardinality": 0,
                                            "operator_type": "FILTER",
                                            "operator_cardinality": 308317,
                                            "cumulative_rows_scanned": 0,
                                            "operator_rows_scanned": 0,
                                            "operator_timing": 0.0009306970000000001,
                                            "children": [
                                              {
                                                "total_bytes_written": 0,
                                                "total_bytes_read": 0,
                                                "result_set_size": 18499020,
                                                "operator_name": "PROJECTION",
                                                "cpu_time": 0.0,
                                                "extra_info": {
                                                  "Projections": [
                                                    "#0",
                                                    "__internal_decompress_string(#1)",
                                                    "__internal_decompress_string(#2)",
                                                    "__internal_decompress_integral_integer(#3, 1999)",
                                                    "#4"
                                                  ],
                                                  "Estimated Cardinality": "230647"
                                                },
                                                "cumulative_cardinality": 0,
                                                "operator_type": "PROJECTION",
                                                "operator_cardinality": 308317,
                                                "cumulative_rows_scanned": 0,
                                                "operator_rows_scanned": 0,
                                                "operator_timing": 0.004134717,
                                                "children": [
                                                  {
                                                    "total_bytes_written": 0,
                                                    "total_bytes_read": 0,
                                                    "result_set_size": 17574069,
                                                    "operator_name": "HASH_GROUP_BY",
                                                    "cpu_time": 0.0,
                                                    "extra_info": {
                                                      "Groups": [
                                                        "#0",
                                                        "#1",
                                                        "#2",
                                                        "#3"
                                                      ],
                                                      "Aggregates": "stddev_samp(#4)",
                                                      "Estimated Cardinality": "230647"
                                                    },
                                                    "cumulative_cardinality": 0,
                                                    "operator_type": "HASH_GROUP_BY",
                                                    "operator_cardinality": 308317,
                                                    "cumulative_rows_scanned": 0,
                                                    "operator_rows_scanned": 0,
                                                    "operator_timing": 0.24648762599999996,
                                                    "children": [
                                                      {
                                                        "total_bytes_written": 0,
                                                        "total_bytes_read": 0,
                                                        "result_set_size": 306480279,
                                                        "operator_name": "PROJECTION",
                                                        "cpu_time": 0.0,
                                                        "extra_info": {
                                                          "Projections": [
                                                            "c_customer_id",
                                                            "c_first_name",
                                                            "c_last_name",
                                                            "d_year",
                                                            "CAST(ss_net_paid AS DOUBLE)"
                                                          ],
                                                          "Estimated Cardinality": "230647"
                                                        },
                                                        "cumulative_cardinality": 0,
                                                        "operator_type": "PROJECTION",
                                                        "operator_cardinality": 5376847,
                                                        "cumulative_rows_scanned": 0,
                                                        "operator_rows_scanned": 0,
                                                        "operator_timing": 0.013208639999999995,
                                                        "children": [
                                                          {
                                                            "total_bytes_written": 0,
                                                            "total_bytes_read": 0,
                                                            "result_set_size": 284972891,
                                                            "operator_name": "PROJECTION",
                                                            "cpu_time": 0.0,
                                                            "extra_info": {
                                                              "Projections": [
                                                                "#0",
                                                                "__internal_compress_string_uhugeint(#1)",
                                                                "__internal_compress_string_uhugeint(#2)",
                                                                "#3",
                                                                "__internal_compress_integral_utinyint(#4, 1999)"
                                                              ],
                                                              "Estimated Cardinality": "230647"
                                                            },
                                                            "cumulative_cardinality": 0,
                                                            "operator_type": "PROJECTION",
                                                            "operator_cardinality": 5376847,
                                                            "cumulative_rows_scanned": 0,
                                                            "operator_rows_scanned": 0,
                                                            "operator_timing": 0.05715288200000002,
                                                            "children": [
                                                              {
                                                                "total_bytes_written": 0,
                                                                "total_bytes_read": 0,
                                                                "result_set_size": 301103432,
                                                                "operator_name": "HASH_JOIN",
                                                                "cpu_time": 0.0,
                                                                "extra_info": {
                                                                  "Join Type": "INNER",
                                                                  "Conditions": "c_customer_sk = ss_customer_sk",
                                                                  "Estimated Cardinality": "230647"
                                                                },
                                                                "cumulative_cardinality": 0,
                                                                "operator_type": "HASH_JOIN",
                                                                "operator_cardinality": 5376847,
                                                                "cumulative_rows_scanned": 0,
                                                                "operator_rows_scanned": 0,
                                                                "operator_timing": 0.7232917080000006,
                                                                "children": [
                                                                  {
                                                                    "total_bytes_written": 0,
                                                                    "total_bytes_read": 0,
                                                                    "result_set_size": 25999688,
                                                                    "operator_name": "SEQ_SCAN ",
                                                                    "cpu_time": 0.0,
                                                                    "extra_info": {
                                                                      "Table": "customer",
                                                                      "Type": "Sequential Scan",
                                                                      "Projections": [
                                                                        "c_customer_sk",
                                                                        "c_customer_id",
                                                                        "c_first_name",
                                                                        "c_last_name"
                                                                      ],
                                                                      "Estimated Cardinality": "500000"
                                                                    },
                                                                    "cumulative_cardinality": 0,
                                                                    "operator_type": "TABLE_SCAN",
                                                                    "operator_cardinality": 499994,
                                                                    "cumulative_rows_scanned": 0,
                                                                    "operator_rows_scanned": 2500000,
                                                                    "operator_timing": 0.017743297999999998,
                                                                    "children": []
                                                                  },
                                                                  {
                                                                    "total_bytes_written": 0,
                                                                    "total_bytes_read": 0,
                                                                    "result_set_size": 66081936,
                                                                    "operator_name": "HASH_JOIN",
                                                                    "cpu_time": 0.0,
                                                                    "extra_info": {
                                                                      "Join Type": "INNER",
                                                                      "Conditions": "ss_sold_date_sk = d_date_sk",
                                                                      "Estimated Cardinality": "230647"
                                                                    },
                                                                    "cumulative_cardinality": 0,
                                                                    "operator_type": "HASH_JOIN",
                                                                    "operator_cardinality": 5506828,
                                                                    "cumulative_rows_scanned": 0,
                                                                    "operator_rows_scanned": 0,
                                                                    "operator_timing": 0.040544382000000004,
                                                                    "children": [
                                                                      {
                                                                        "total_bytes_written": 0,
                                                                        "total_bytes_read": 0,
                                                                        "result_set_size": 66081936,
                                                                        "operator_name": "SEQ_SCAN ",
                                                                        "cpu_time": 0.0,
                                                                        "extra_info": {
                                                                          "Table": "store_sales",
                                                                          "Type": "Sequential Scan",
                                                                          "Projections": [
                                                                            "ss_customer_sk",
                                                                            "ss_sold_date_sk",
                                                                            "ss_net_paid"
                                                                          ],
                                                                          "Estimated Cardinality": "28800991"
                                                                        },
                                                                        "cumulative_cardinality": 0,
                                                                        "operator_type": "TABLE_SCAN",
                                                                        "operator_cardinality": 5506828,
                                                                        "cumulative_rows_scanned": 0,
                                                                        "operator_rows_scanned": 806427748,
                                                                        "operator_timing": 0.21722432,
                                                                        "children": []
                                                                      },
                                                                      {
                                                                        "total_bytes_written": 0,
                                                                        "total_bytes_read": 0,
                                                                        "result_set_size": 2920,
                                                                        "operator_name": "FILTER",
                                                                        "cpu_time": 0.0,
                                                                        "extra_info": {
                                                                          "Expression": "(d_date_sk BETWEEN 2450816 AND 2452642)",
                                                                          "Estimated Cardinality": "585"
                                                                        },
                                                                        "cumulative_cardinality": 0,
                                                                        "operator_type": "FILTER",
                                                                        "operator_cardinality": 365,
                                                                        "cumulative_rows_scanned": 0,
                                                                        "operator_rows_scanned": 0,
                                                                        "operator_timing": 8.831e-06,
                                                                        "children": [
                                                                          {
                                                                            "total_bytes_written": 0,
                                                                            "total_bytes_read": 0,
                                                                            "result_set_size": 2920,
                                                                            "operator_name": "SEQ_SCAN ",
                                                                            "cpu_time": 0.0,
                                                                            "extra_info": {
                                                                              "Table": "date_dim",
                                                                              "Type": "Sequential Scan",
                                                                              "Projections": [
                                                                                "d_date_sk",
                                                                                "d_year"
                                                                              ],
                                                                              "Filters": "d_year=1999 AND d_year>=1999 AND d_year<=2000",
                                                                              "Estimated Cardinality": "585"
                                                                            },
                                                                            "cumulative_cardinality": 0,
                                                                            "operator_type": "TABLE_SCAN",
                                                                            "operator_cardinality": 365,
                                                                            "cumulative_rows_scanned": 0,
                                                                            "operator_rows_scanned": 73049,
                                                                            "operator_timing": 2.6129e-05,
                                                                            "children": []
                                                                          }
                                                                        ]
                                                                      }
                                                                    ]
                                                                  }
                                                                ]
                                                              }
                                                            ]
                                                          }
                                                        ]
                                                      }
                                                    ]
                                                  }
                                                ]
                                              }
                                            ]
                                          }
                                        ]
                                      },
                                      {
                                        "total_bytes_written": 0,
                                        "total_bytes_read": 0,
                                        "result_set_size": 2563368,
                                        "operator_name": "PROJECTION",
                                        "cpu_time": 0.0,
                                        "extra_info": {
                                          "Projections": [
                                            "#0",
                                            "#4"
                                          ],
                                          "Estimated Cardinality": "11528"
                                        },
                                        "cumulative_cardinality": 0,
                                        "operator_type": "PROJECTION",
                                        "operator_cardinality": 106807,
                                        "cumulative_rows_scanned": 0,
                                        "operator_rows_scanned": 0,
                                        "operator_timing": 1.7221e-05,
                                        "children": [
                                          {
                                            "total_bytes_written": 0,
                                            "total_bytes_read": 0,
                                            "result_set_size": 6408420,
                                            "operator_name": "FILTER",
                                            "cpu_time": 0.0,
                                            "extra_info": {
                                              "Expression": "(year_total > 0.0)",
                                              "Estimated Cardinality": "11528"
                                            },
                                            "cumulative_cardinality": 0,
                                            "operator_type": "FILTER",
                                            "operator_cardinality": 106807,
                                            "cumulative_rows_scanned": 0,
                                            "operator_rows_scanned": 0,
                                            "operator_timing": 0.000372843,
                                            "children": [
                                              {
                                                "total_bytes_written": 0,
                                                "total_bytes_read": 0,
                                                "result_set_size": 6408420,
                                                "operator_name": "PROJECTION",
                                                "cpu_time": 0.0,
                                                "extra_info": {
                                                  "Projections": [
                                                    "#0",
                                                    "__internal_decompress_string(#1)",
                                                    "__internal_decompress_string(#2)",
                                                    "__internal_decompress_integral_integer(#3, 1999)",
                                                    "#4"
                                                  ],
                                                  "Estimated Cardinality": "57640"
                                                },
                                                "cumulative_cardinality": 0,
                                                "operator_type": "PROJECTION",
                                                "operator_cardinality": 106807,
                                                "cumulative_rows_scanned": 0,
                                                "operator_rows_scanned": 0,
                                                "operator_timing": 0.0016467510000000003,
                                                "children": [
                                                  {
                                                    "total_bytes_written": 0,
                                                    "total_bytes_read": 0,
                                                    "result_set_size": 6087999,
                                                    "operator_name": "HASH_GROUP_BY",
                                                    "cpu_time": 0.0,
                                                    "extra_info": {
                                                      "Groups": [
                                                        "#0",
                                                        "#1",
                                                        "#2",
                                                        "#3"
                                                      ],
                                                      "Aggregates": "stddev_samp(#4)",
                                                      "Estimated Cardinality": "57640"
                                                    },
                                                    "cumulative_cardinality": 0,
                                                    "operator_type": "HASH_GROUP_BY",
                                                    "operator_cardinality": 106807,
                                                    "cumulative_rows_scanned": 0,
                                                    "operator_rows_scanned": 0,
                                                    "operator_timing": 0.07388474599999999,
                                                    "children": [
                                                      {
                                                        "total_bytes_written": 0,
                                                        "total_bytes_read": 0,
                                                        "result_set_size": 82058226,
                                                        "operator_name": "PROJECTION",
                                                        "cpu_time": 0.0,
                                                        "extra_info": {
                                                          "Projections": [
                                                            "c_customer_id",
                                                            "c_first_name",
                                                            "c_last_name",
                                                            "d_year",
                                                            "CAST(ws_net_paid AS DOUBLE)"
                                                          ],
                                                          "Estimated Cardinality": "57640"
                                                        },
                                                        "cumulative_cardinality": 0,
                                                        "operator_type": "PROJECTION",
                                                        "operator_cardinality": 1439618,
                                                        "cumulative_rows_scanned": 0,
                                                        "operator_rows_scanned": 0,
                                                        "operator_timing": 0.003778396999999999,
                                                        "children": [
                                                          {
                                                            "total_bytes_written": 0,
                                                            "total_bytes_read": 0,
                                                            "result_set_size": 76299754,
                                                            "operator_name": "PROJECTION",
                                                            "cpu_time": 0.0,
                                                            "extra_info": {
                                                              "Projections": [
                                                                "#0",
                                                                "__internal_compress_string_uhugeint(#1)",
                                                                "__internal_compress_string_uhugeint(#2)",
                                                                "#3",
                                                                "__internal_compress_integral_utinyint(#4, 1999)"
                                                              ],
                                                              "Estimated Cardinality": "57640"
                                                            },
                                                            "cumulative_cardinality": 0,
                                                            "operator_type": "PROJECTION",
                                                            "operator_cardinality": 1439618,
                                                            "cumulative_rows_scanned": 0,
                                                            "operator_rows_scanned": 0,
                                                            "operator_timing": 0.016355525,
                                                            "children": [
                                                              {
                                                                "total_bytes_written": 0,
                                                                "total_bytes_read": 0,
                                                                "result_set_size": 80618608,
                                                                "operator_name": "HASH_JOIN",
                                                                "cpu_time": 0.0,
                                                                "extra_info": {
                                                                  "Join Type": "INNER",
                                                                  "Conditions": "c_customer_sk = ws_bill_customer_sk",
                                                                  "Estimated Cardinality": "57640"
                                                                },
                                                                "cumulative_cardinality": 0,
                                                                "operator_type": "HASH_JOIN",
                                                                "operator_cardinality": 1439618,
                                                                "cumulative_rows_scanned": 0,
                                                                "operator_rows_scanned": 0,
                                                                "operator_timing": 0.13597051599999999,
                                                                "children": [
                                                                  {
                                                                    "total_bytes_written": 0,
                                                                    "total_bytes_read": 0,
                                                                    "result_set_size": 25999844,
                                                                    "operator_name": "SEQ_SCAN ",
                                                                    "cpu_time": 0.0,
                                                                    "extra_info": {
                                                                      "Table": "customer",
                                                                      "Type": "Sequential Scan",
                                                                      "Projections": [
                                                                        "c_customer_sk",
                                                                        "c_customer_id",
                                                                        "c_first_name",
                                                                        "c_last_name"
                                                                      ],
                                                                      "Filters": "c_customer_sk>=2 AND c_customer_sk<=499998",
                                                                      "Estimated Cardinality": "500000"
                                                                    },
                                                                    "cumulative_cardinality": 0,
                                                                    "operator_type": "TABLE_SCAN",
                                                                    "operator_cardinality": 499997,
                                                                    "cumulative_rows_scanned": 0,
                                                                    "operator_rows_scanned": 2500000,
                                                                    "operator_timing": 0.013222598000000002,
                                                                    "children": []
                                                                  },
                                                                  {
                                                                    "total_bytes_written": 0,
                                                                    "total_bytes_read": 0,
                                                                    "result_set_size": 17277372,
                                                                    "operator_name": "HASH_JOIN",
                                                                    "cpu_time": 0.0,
                                                                    "extra_info": {
                                                                      "Join Type": "INNER",
                                                                      "Conditions": "ws_sold_date_sk = d_date_sk",
                                                                      "Estimated Cardinality": "57640"
                                                                    },
                                                                    "cumulative_cardinality": 0,
                                                                    "operator_type": "HASH_JOIN",
                                                                    "operator_cardinality": 1439781,
                                                                    "cumulative_rows_scanned": 0,
                                                                    "operator_rows_scanned": 0,
                                                                    "operator_timing": 0.014203727999999997,
                                                                    "children": [
                                                                      {
                                                                        "total_bytes_written": 0,
                                                                        "total_bytes_read": 0,
                                                                        "result_set_size": 17277372,
                                                                        "operator_name": "SEQ_SCAN ",
                                                                        "cpu_time": 0.0,
                                                                        "extra_info": {
                                                                          "Table": "web_sales",
                                                                          "Type": "Sequential Scan",
                                                                          "Projections": [
                                                                            "ws_bill_customer_sk",
                                                                            "ws_sold_date_sk",
                                                                            "ws_net_paid"
                                                                          ],
                                                                          "Estimated Cardinality": "7197566"
                                                                        },
                                                                        "cumulative_cardinality": 0,
                                                                        "operator_type": "TABLE_SCAN",
                                                                        "operator_cardinality": 1439781,
                                                                        "cumulative_rows_scanned": 0,
                                                                        "operator_rows_scanned": 201531848,
                                                                        "operator_timing": 0.04377855900000001,
                                                                        "children": []
                                                                      },
                                                                      {
                                                                        "total_bytes_written": 0,
                                                                        "total_bytes_read": 0,
                                                                        "result_set_size": 2920,
                                                                        "operator_name": "FILTER",
                                                                        "cpu_time": 0.0,
                                                                        "extra_info": {
                                                                          "Expression": "(d_date_sk BETWEEN 2450816 AND 2452642)",
                                                                          "Estimated Cardinality": "585"
                                                                        },
                                                                        "cumulative_cardinality": 0,
                                                                        "operator_type": "FILTER",
                                                                        "operator_cardinality": 365,
                                                                        "cumulative_rows_scanned": 0,
                                                                        "operator_rows_scanned": 0,
                                                                        "operator_timing": 1.3989e-05,
                                                                        "children": [
                                                                          {
                                                                            "total_bytes_written": 0,
                                                                            "total_bytes_read": 0,
                                                                            "result_set_size": 2920,
                                                                            "operator_name": "SEQ_SCAN ",
                                                                            "cpu_time": 0.0,
                                                                            "extra_info": {
                                                                              "Table": "date_dim",
                                                                              "Type": "Sequential Scan",
                                                                              "Projections": [
                                                                                "d_date_sk",
                                                                                "d_year"
                                                                              ],
                                                                              "Filters": "d_year=1999 AND d_year>=1999 AND d_year<=2000",
                                                                              "Estimated Cardinality": "585"
                                                                            },
                                                                            "cumulative_cardinality": 0,
                                                                            "operator_type": "TABLE_SCAN",
                                                                            "operator_cardinality": 365,
                                                                            "cumulative_rows_scanned": 0,
                                                                            "operator_rows_scanned": 73049,
                                                                            "operator_timing": 7.0058e-05,
                                                                            "children": []
                                                                          }
                                                                        ]
                                                                      }
                                                                    ]
                                                                  }
                                                                ]
                                                              }
                                                            ]
                                                          }
                                                        ]
                                                      }
                                                    ]
                                                  }
                                                ]
                                              }
                                            ]
                                          }
                                        ]
                                      }
                                    ]
                                  }
                                ]
                              }
                            ]
                          }
                        ]
                      }
                    ]
                  }
                ]
              }
            ]
          }
        ]
      }
    ]
  },
  "actual_rows": 0,
  "collected_at": "2026-02-16T10:19:55.976491",
  "query_id": "query_74"
}