{
  "execution_time_ms": 0.0,
  "plan_text": "\u250c\u2500\u2500\u2500\u2500\u2500\u2500\u2500\u2500\u2500\u2500\u2500\u2500\u2500\u2510\n\u2502     CTE     \u2502\n\u2502    \u2500\u2500\u2500\u2500\u2500\u2500   \u2502\n\u2502  CTE Name:  \u2502\n\u2502frequent_ss_i\u2502\n\u2502     tems    \u2502\n\u2502             \u251c\u2500\u2500\u2500\u2500\u2500\u2500\u2500\u2500\u2500\u2500\u2500\u2500\u2500\u2500\u2500\u2500\u2500\u2500\u2500\u2500\u2500\u2500\u2500\u2500\u2500\u2500\u2500\u2500\u2500\u2500\u2500\u2500\u2500\u2500\u2500\u2500\u2500\u2510\n\u2502 Table Index:\u2502                                     \u2502\n\u2502      0      \u2502                                     \u2502\n\u2502             \u2502                                     \u2502\n\u2502    ~1 row   \u2502                                     \u2502\n\u2514\u2500\u2500\u2500\u2500\u2500\u2500\u252c\u2500\u2500\u2500\u2500\u2500\u2500\u2518                                     \u2502\n\u250c\u2500\u2500\u2500\u2500\u2500\u2500\u2534\u2500\u2500\u2500\u2500\u2500\u2500\u2510                              \u250c\u2500\u2500\u2500\u2500\u2500\u2500\u2534\u2500\u2500\u2500\u2500\u2500\u2500\u2510\n\u2502    FILTER   \u2502                              \u2502     CTE     \u2502\n\u2502    \u2500\u2500\u2500\u2500\u2500\u2500   \u2502                              \u2502    \u2500\u2500\u2500\u2500\u2500\u2500   \u2502\n\u2502 (count_star(\u2502                              \u2502  CTE Name:  \u2502\n\u2502    ) > 4)   \u2502                              \u2502max_store_sal\u2502\n\u2502             \u2502                              \u2502      es     \u2502\n\u2502             \u2502                              \u2502             \u251c\u2500\u2500\u2500\u2500\u2500\u2500\u2500\u2500\u2500\u2500\u2500\u2500\u2500\u2500\u2500\u2500\u2500\u2500\u2500\u2500\u2500\u2500\u2500\u2500\u2500\u2500\u2500\u2500\u2500\u2500\u2500\u2500\u2500\u2500\u2500\u2500\u2500\u2510\n\u2502             \u2502                              \u2502 Table Index:\u2502                                     \u2502\n\u2502             \u2502                              \u2502      10     \u2502                                     \u2502\n\u2502             \u2502                              \u2502             \u2502                                     \u2502\n\u2502~1,196,6...  \u2502                              \u2502    ~1 row   \u2502                                     \u2502\n\u2514\u2500\u2500\u2500\u2500\u2500\u2500\u252c\u2500\u2500\u2500\u2500\u2500\u2500\u2518                              \u2514\u2500\u2500\u2500\u2500\u2500\u2500\u252c\u2500\u2500\u2500\u2500\u2500\u2500\u2518                                     \u2502\n\u250c\u2500\u2500\u2500\u2500\u2500\u2500\u2534\u2500\u2500\u2500\u2500\u2500\u2500\u2510                              \u250c\u2500\u2500\u2500\u2500\u2500\u2500\u2534\u2500\u2500\u2500\u2500\u2500\u2500\u2510                              \u250c\u2500\u2500\u2500\u2500\u2500\u2500\u2534\u2500\u2500\u2500\u2500\u2500\u2500\u2510\n\u2502HASH_GROUP_BY\u2502                              \u2502UNGROUPE...  \u2502                              \u2502STREAMIN...  \u2502\n\u2502    \u2500\u2500\u2500\u2500\u2500\u2500   \u2502                              \u2502    \u2500\u2500\u2500\u2500\u2500\u2500   \u2502                              \u2502             \u2502\n\u2502   Groups:   \u2502                              \u2502 Aggregates: \u2502                              \u2502             \u2502\n\u2502      #0     \u2502                              \u2502   max(#0)   \u2502                              \u2502             \u2502\n\u2502      #1     \u2502                              \u2502             \u2502                              \u2502             \u2502\n\u2502      #2     \u2502                              \u2502             \u2502                              \u2502             \u2502\n\u2502             \u2502                              \u2502             \u2502                              \u2502             \u2502\n\u2502 Aggregates: \u2502                              \u2502             \u2502                              \u2502             \u2502\n\u2502 count_star()\u2502                              \u2502             \u2502                              \u2502             \u2502\n\u2502             \u2502                              \u2502             \u2502                              \u2502             \u2502\n\u2502~5,983,0...  \u2502                              \u2502             \u2502                              \u2502             \u2502\n\u2514\u2500\u2500\u2500\u2500\u2500\u2500\u252c\u2500\u2500\u2500\u2500\u2500\u2500\u2518                              \u2514\u2500\u2500\u2500\u2500\u2500\u2500\u252c\u2500\u2500\u2500\u2500\u2500\u2500\u2518                              \u2514\u2500\u2500\u2500\u2500\u2500\u2500\u252c\u2500\u2500\u2500\u2500\u2500\u2500\u2518\n\u250c\u2500\u2500\u2500\u2500\u2500\u2500\u2534\u2500\u2500\u2500\u2500\u2500\u2500\u2510                              \u250c\u2500\u2500\u2500\u2500\u2500\u2500\u2534\u2500\u2500\u2500\u2500\u2500\u2500\u2510                              \u250c\u2500\u2500\u2500\u2500\u2500\u2500\u2534\u2500\u2500\u2500\u2500\u2500\u2500\u2510\n\u2502  PROJECTION \u2502                              \u2502  PROJECTION \u2502                              \u2502UNGROUPE...  \u2502\n\u2502    \u2500\u2500\u2500\u2500\u2500\u2500   \u2502                              \u2502    \u2500\u2500\u2500\u2500\u2500\u2500   \u2502                              \u2502    \u2500\u2500\u2500\u2500\u2500\u2500   \u2502\n\u2502substr(i_item\u2502                              \u2502    csales   \u2502                              \u2502 Aggregates: \u2502\n\u2502_desc, 1, 30)\u2502                              \u2502             \u2502                              \u2502   sum(#0)   \u2502\n\u2502  i_item_sk  \u2502                              \u2502             \u2502                              \u2502             \u2502\n\u2502    d_date   \u2502                              \u2502             \u2502                              \u2502             \u2502\n\u2502             \u2502                              \u2502             \u2502                              \u2502             \u2502\n\u2502~6,116,5...  \u2502                              \u2502~385,153 rows\u2502                              \u2502             \u2502\n\u2514\u2500\u2500\u2500\u2500\u2500\u2500\u252c\u2500\u2500\u2500\u2500\u2500\u2500\u2518                              \u2514\u2500\u2500\u2500\u2500\u2500\u2500\u252c\u2500\u2500\u2500\u2500\u2500\u2500\u2518                              \u2514\u2500\u2500\u2500\u2500\u2500\u2500\u252c\u2500\u2500\u2500\u2500\u2500\u2500\u2518\n\u250c\u2500\u2500\u2500\u2500\u2500\u2500\u2534\u2500\u2500\u2500\u2500\u2500\u2500\u2510                              \u250c\u2500\u2500\u2500\u2500\u2500\u2500\u2534\u2500\u2500\u2500\u2500\u2500\u2500\u2510                              \u250c\u2500\u2500\u2500\u2500\u2500\u2500\u2534\u2500\u2500\u2500\u2500\u2500\u2500\u2510\n\u2502  HASH_JOIN  \u2502                              \u2502  PROJECTION \u2502                              \u2502  PROJECTION \u2502\n\u2502    \u2500\u2500\u2500\u2500\u2500\u2500   \u2502                              \u2502    \u2500\u2500\u2500\u2500\u2500\u2500   \u2502                              \u2502    \u2500\u2500\u2500\u2500\u2500\u2500   \u2502\n\u2502  Join Type: \u2502                              \u2502    csales   \u2502                              \u2502    sales    \u2502\n\u2502    INNER    \u2502                              \u2502             \u2502                              \u2502             \u2502\n\u2502             \u2502                              \u2502             \u2502                              \u2502             \u2502\n\u2502 Conditions: \u251c\u2500\u2500\u2500\u2500\u2500\u2500\u2500\u2500\u2500\u2500\u2500\u2500\u2500\u2500\u2500\u2500\u2500\u2500\u2500\u2500\u2500\u2500\u2510       \u2502             \u2502                              \u2502             \u2502\n\u2502 ss_item_sk =\u2502                      \u2502       \u2502             \u2502                              \u2502             \u2502\n\u2502   i_item_sk \u2502                      \u2502       \u2502             \u2502                              \u2502             \u2502\n\u2502             \u2502                      \u2502       \u2502             \u2502                              \u2502             \u2502\n\u2502~6,116,5...  \u2502                      \u2502       \u2502~385,153 rows\u2502                              \u2502 ~6,918 rows \u2502\n\u2514\u2500\u2500\u2500\u2500\u2500\u2500\u252c\u2500\u2500\u2500\u2500\u2500\u2500\u2518                      \u2502       \u2514\u2500\u2500\u2500\u2500\u2500\u2500\u252c\u2500\u2500\u2500\u2500\u2500\u2500\u2518                              \u2514\u2500\u2500\u2500\u2500\u2500\u2500\u252c\u2500\u2500\u2500\u2500\u2500\u2500\u2518\n\u250c\u2500\u2500\u2500\u2500\u2500\u2500\u2534\u2500\u2500\u2500\u2500\u2500\u2500\u2510               \u250c\u2500\u2500\u2500\u2500\u2500\u2500\u2534\u2500\u2500\u2500\u2500\u2500\u2500\u2510\u250c\u2500\u2500\u2500\u2500\u2500\u2500\u2534\u2500\u2500\u2500\u2500\u2500\u2500\u2510                              \u250c\u2500\u2500\u2500\u2500\u2500\u2500\u2534\u2500\u2500\u2500\u2500\u2500\u2500\u2510\n\u2502  HASH_JOIN  \u2502               \u2502  SEQ_SCAN   \u2502\u2502HASH_GROUP_BY\u2502                              \u2502    UNION    \u2502\n\u2502    \u2500\u2500\u2500\u2500\u2500\u2500   \u2502               \u2502    \u2500\u2500\u2500\u2500\u2500\u2500   \u2502\u2502    \u2500\u2500\u2500\u2500\u2500\u2500   \u2502                              \u2502             \u2502\n\u2502  Join Type: \u2502               \u2502    Table:   \u2502\u2502   Groups:   \u2502                              \u2502             \u2502\n\u2502    INNER    \u2502               \u2502     item    \u2502\u2502      #0     \u2502                              \u2502             \u2502\n\u2502             \u2502               \u2502             \u2502\u2502             \u2502                              \u2502             \u2502\n\u2502 Conditions: \u2502               \u2502    Type:    \u2502\u2502 Aggregates: \u2502                              \u2502             \u2502\n\u2502ss_sold_date_\u2502               \u2502  Sequential \u2502\u2502   sum(#1)   \u2502                              \u2502             \u2502\n\u2502sk = d_date_s\u251c\u2500\u2500\u2500\u2500\u2500\u2500\u2500\u2510       \u2502     Scan    \u2502\u2502             \u2502                              \u2502             \u251c\u2500\u2500\u2500\u2500\u2500\u2500\u2500\u2500\u2500\u2500\u2500\u2500\u2500\u2500\u2500\u2500\u2500\u2500\u2500\u2500\u2500\u2500\u2500\u2500\u2500\u2500\u2500\u2500\u2500\u2500\u2500\u2500\u2500\u2500\u2500\u2500\u2500\u2500\u2500\u2500\u2500\u2500\u2500\u2500\u2500\u2500\u2500\u2500\u2500\u2500\u2500\u2500\u2500\u2500\u2500\u2500\u2500\u2500\u2500\u2500\u2500\u2500\u2500\u2500\u2500\u2500\u2500\u2500\u2500\u2500\u2500\u2500\u2500\u2500\u2500\u2500\u2500\u2500\u2500\u2500\u2500\u2500\u2510\n\u2502      k      \u2502       \u2502       \u2502             \u2502\u2502             \u2502                              \u2502             \u2502                                                                                  \u2502\n\u2502             \u2502       \u2502       \u2502 Projections:\u2502\u2502             \u2502                              \u2502             \u2502                                                                                  \u2502\n\u2502             \u2502       \u2502       \u2502  i_item_sk  \u2502\u2502             \u2502                              \u2502             \u2502                                                                                  \u2502\n\u2502             \u2502       \u2502       \u2502 i_item_desc \u2502\u2502             \u2502                              \u2502             \u2502                                                                                  \u2502\n\u2502             \u2502       \u2502       \u2502             \u2502\u2502             \u2502                              \u2502             \u2502                                                                                  \u2502\n\u2502~5,759,8...  \u2502       \u2502       \u2502~102,000 rows\u2502\u2502~385,153 rows\u2502                              \u2502             \u2502                                                                                  \u2502\n\u2514\u2500\u2500\u2500\u2500\u2500\u2500\u252c\u2500\u2500\u2500\u2500\u2500\u2500\u2518       \u2502       \u2514\u2500\u2500\u2500\u2500\u2500\u2500\u2500\u2500\u2500\u2500\u2500\u2500\u2500\u2518\u2514\u2500\u2500\u2500\u2500\u2500\u2500\u252c\u2500\u2500\u2500\u2500\u2500\u2500\u2518                              \u2514\u2500\u2500\u2500\u2500\u2500\u2500\u252c\u2500\u2500\u2500\u2500\u2500\u2500\u2518                                                                                  \u2502\n\u250c\u2500\u2500\u2500\u2500\u2500\u2500\u2534\u2500\u2500\u2500\u2500\u2500\u2500\u2510\u250c\u2500\u2500\u2500\u2500\u2500\u2500\u2534\u2500\u2500\u2500\u2500\u2500\u2500\u2510               \u250c\u2500\u2500\u2500\u2500\u2500\u2500\u2534\u2500\u2500\u2500\u2500\u2500\u2500\u2510                              \u250c\u2500\u2500\u2500\u2500\u2500\u2500\u2534\u2500\u2500\u2500\u2500\u2500\u2500\u2510                                                                           \u250c\u2500\u2500\u2500\u2500\u2500\u2500\u2534\u2500\u2500\u2500\u2500\u2500\u2500\u2510\n\u2502  SEQ_SCAN   \u2502\u2502    FILTER   \u2502               \u2502  PROJECTION \u2502                              \u2502  PROJECTION \u2502                                                                           \u2502  PROJECTION \u2502\n\u2502    \u2500\u2500\u2500\u2500\u2500\u2500   \u2502\u2502    \u2500\u2500\u2500\u2500\u2500\u2500   \u2502               \u2502    \u2500\u2500\u2500\u2500\u2500\u2500   \u2502                              \u2502    \u2500\u2500\u2500\u2500\u2500\u2500   \u2502                                                                           \u2502    \u2500\u2500\u2500\u2500\u2500\u2500   \u2502\n\u2502    Table:   \u2502\u2502  (d_date_sk \u2502               \u2502c_customer_sk\u2502                              \u2502    sales    \u2502                                                                           \u2502    sales    \u2502\n\u2502 store_sales \u2502\u2502    BETWEEN  \u2502               \u2502(CAST(ss_quan\u2502                              \u2502             \u2502                                                                           \u2502             \u2502\n\u2502             \u2502\u2502  2450816 AND\u2502               \u2502tity AS DECIM\u2502                              \u2502             \u2502                                                                           \u2502             \u2502\n\u2502    Type:    \u2502\u2502   2452642)  \u2502               \u2502 AL(17,0)) * \u2502                              \u2502             \u2502                                                                           \u2502             \u2502\n\u2502  Sequential \u2502\u2502             \u2502               \u2502 CAST(ss_sale\u2502                              \u2502             \u2502                                                                           \u2502             \u2502\n\u2502     Scan    \u2502\u2502             \u2502               \u2502  s_price AS \u2502                              \u2502             \u2502                                                                           \u2502             \u2502\n\u2502             \u2502\u2502             \u2502               \u2502  DECIMAL(17 \u2502                              \u2502             \u2502                                                                           \u2502             \u2502\n\u2502 Projections:\u2502\u2502             \u2502               \u2502    ,2)))    \u2502                              \u2502             \u2502                                                                           \u2502             \u2502\n\u2502ss_sold_date_\u2502\u2502             \u2502               \u2502             \u2502                              \u2502             \u2502                                                                           \u2502             \u2502\n\u2502      sk     \u2502\u2502             \u2502               \u2502             \u2502                              \u2502             \u2502                                                                           \u2502             \u2502\n\u2502  ss_item_sk \u2502\u2502             \u2502               \u2502             \u2502                              \u2502             \u2502                                                                           \u2502             \u2502\n\u2502             \u2502\u2502             \u2502               \u2502             \u2502                              \u2502             \u2502                                                                           \u2502             \u2502\n\u2502~28,800,...  \u2502\u2502 ~14,609 rows\u2502               \u2502~5,759,8...  \u2502                              \u2502 ~4,613 rows \u2502                                                                           \u2502 ~2,305 rows \u2502\n\u2514\u2500\u2500\u2500\u2500\u2500\u2500\u2500\u2500\u2500\u2500\u2500\u2500\u2500\u2518\u2514\u2500\u2500\u2500\u2500\u2500\u2500\u252c\u2500\u2500\u2500\u2500\u2500\u2500\u2518               \u2514\u2500\u2500\u2500\u2500\u2500\u2500\u252c\u2500\u2500\u2500\u2500\u2500\u2500\u2518                              \u2514\u2500\u2500\u2500\u2500\u2500\u2500\u252c\u2500\u2500\u2500\u2500\u2500\u2500\u2518                                                                           \u2514\u2500\u2500\u2500\u2500\u2500\u2500\u252c\u2500\u2500\u2500\u2500\u2500\u2500\u2518\n               \u250c\u2500\u2500\u2500\u2500\u2500\u2500\u2534\u2500\u2500\u2500\u2500\u2500\u2500\u2510               \u250c\u2500\u2500\u2500\u2500\u2500\u2500\u2534\u2500\u2500\u2500\u2500\u2500\u2500\u2510                              \u250c\u2500\u2500\u2500\u2500\u2500\u2500\u2534\u2500\u2500\u2500\u2500\u2500\u2500\u2510                                                                           \u250c\u2500\u2500\u2500\u2500\u2500\u2500\u2534\u2500\u2500\u2500\u2500\u2500\u2500\u2510\n               \u2502  SEQ_SCAN   \u2502               \u2502  HASH_JOIN  \u2502                              \u2502  HASH_JOIN  \u2502                                                                           \u2502  HASH_JOIN  \u2502\n               \u2502    \u2500\u2500\u2500\u2500\u2500\u2500   \u2502               \u2502    \u2500\u2500\u2500\u2500\u2500\u2500   \u2502                              \u2502    \u2500\u2500\u2500\u2500\u2500\u2500   \u2502                                                                           \u2502    \u2500\u2500\u2500\u2500\u2500\u2500   \u2502\n               \u2502    Table:   \u2502               \u2502  Join Type: \u2502                              \u2502  Join Type: \u2502                                                                           \u2502  Join Type: \u2502\n               \u2502   date_dim  \u2502               \u2502    INNER    \u2502                              \u2502     SEMI    \u2502                                                                           \u2502     SEMI    \u2502\n               \u2502             \u2502               \u2502             \u2502                              \u2502             \u2502                                                                           \u2502             \u2502\n               \u2502    Type:    \u2502               \u2502 Conditions: \u2502                              \u2502 Conditions: \u2502                                                                           \u2502 Conditions: \u2502\n               \u2502  Sequential \u2502               \u2502ss_customer_s\u2502                              \u2502cs_bill_custo\u2502                                                                           \u2502ws_bill_custo\u2502\n               \u2502     Scan    \u2502               \u2502k = c_custome\u2502                              \u2502 mer_sk = #0 \u2502                                                                           \u2502 mer_sk = #0 \u2502\n               \u2502             \u2502               \u2502     r_sk    \u2502                              \u2502             \u2502                                                                           \u2502             \u2502\n               \u2502 Projections:\u2502               \u2502             \u251c\u2500\u2500\u2500\u2500\u2500\u2500\u2500\u2500\u2500\u2500\u2500\u2500\u2500\u2500\u2500\u2500\u2500\u2500\u2500\u2500\u2500\u2500\u2510       \u2502             \u251c\u2500\u2500\u2500\u2500\u2500\u2500\u2500\u2500\u2500\u2500\u2500\u2500\u2500\u2500\u2500\u2500\u2500\u2500\u2500\u2500\u2500\u2500\u2500\u2500\u2500\u2500\u2500\u2500\u2500\u2500\u2500\u2500\u2500\u2500\u2500\u2500\u2500\u2510                                     \u2502             \u251c\u2500\u2500\u2500\u2500\u2500\u2500\u2500\u2500\u2500\u2500\u2500\u2500\u2500\u2500\u2500\u2500\u2500\u2500\u2500\u2500\u2500\u2500\u2500\u2500\u2500\u2500\u2500\u2500\u2500\u2500\u2500\u2500\u2500\u2500\u2500\u2500\u2500\u2510\n               \u2502  d_date_sk  \u2502               \u2502             \u2502                      \u2502       \u2502             \u2502                                     \u2502                                     \u2502             \u2502                                     \u2502\n               \u2502    d_date   \u2502               \u2502             \u2502                      \u2502       \u2502             \u2502                                     \u2502                                     \u2502             \u2502                                     \u2502\n               \u2502             \u2502               \u2502             \u2502                      \u2502       \u2502             \u2502                                     \u2502                                     \u2502             \u2502                                     \u2502\n               \u2502   Filters:  \u2502               \u2502             \u2502                      \u2502       \u2502             \u2502                                     \u2502                                     \u2502             \u2502                                     \u2502\n               \u2502 d_year>=2000\u2502               \u2502             \u2502                      \u2502       \u2502             \u2502                                     \u2502                                     \u2502             \u2502                                     \u2502\n               \u2502  AND d_year<\u2502               \u2502             \u2502                      \u2502       \u2502             \u2502                                     \u2502                                     \u2502             \u2502                                     \u2502\n               \u2502    =2003    \u2502               \u2502             \u2502                      \u2502       \u2502             \u2502                                     \u2502                                     \u2502             \u2502                                     \u2502\n               \u2502             \u2502               \u2502             \u2502                      \u2502       \u2502             \u2502                                     \u2502                                     \u2502             \u2502                                     \u2502\n               \u2502 ~14,609 rows\u2502               \u2502~5,759,8...  \u2502                      \u2502       \u2502 ~4,613 rows \u2502                                     \u2502                                     \u2502 ~2,305 rows \u2502                                     \u2502\n               \u2514\u2500\u2500\u2500\u2500\u2500\u2500\u2500\u2500\u2500\u2500\u2500\u2500\u2500\u2518               \u2514\u2500\u2500\u2500\u2500\u2500\u2500\u252c\u2500\u2500\u2500\u2500\u2500\u2500\u2518                      \u2502       \u2514\u2500\u2500\u2500\u2500\u2500\u2500\u252c\u2500\u2500\u2500\u2500\u2500\u2500\u2518                                     \u2502                                     \u2514\u2500\u2500\u2500\u2500\u2500\u2500\u252c\u2500\u2500\u2500\u2500\u2500\u2500\u2518                                     \u2502\n                                             \u250c\u2500\u2500\u2500\u2500\u2500\u2500\u2534\u2500\u2500\u2500\u2500\u2500\u2500\u2510               \u250c\u2500\u2500\u2500\u2500\u2500\u2500\u2534\u2500\u2500\u2500\u2500\u2500\u2500\u2510\u250c\u2500\u2500\u2500\u2500\u2500\u2500\u2534\u2500\u2500\u2500\u2500\u2500\u2500\u2510                              \u250c\u2500\u2500\u2500\u2500\u2500\u2500\u2534\u2500\u2500\u2500\u2500\u2500\u2500\u2510                              \u250c\u2500\u2500\u2500\u2500\u2500\u2500\u2534\u2500\u2500\u2500\u2500\u2500\u2500\u2510                              \u250c\u2500\u2500\u2500\u2500\u2500\u2500\u2534\u2500\u2500\u2500\u2500\u2500\u2500\u2510\n                                             \u2502  HASH_JOIN  \u2502               \u2502  SEQ_SCAN   \u2502\u2502  HASH_JOIN  \u2502                              \u2502  PROJECTION \u2502                              \u2502  HASH_JOIN  \u2502                              \u2502  PROJECTION \u2502\n                                             \u2502    \u2500\u2500\u2500\u2500\u2500\u2500   \u2502               \u2502    \u2500\u2500\u2500\u2500\u2500\u2500   \u2502\u2502    \u2500\u2500\u2500\u2500\u2500\u2500   \u2502                              \u2502    \u2500\u2500\u2500\u2500\u2500\u2500   \u2502                              \u2502    \u2500\u2500\u2500\u2500\u2500\u2500   \u2502                              \u2502    \u2500\u2500\u2500\u2500\u2500\u2500   \u2502\n                                             \u2502  Join Type: \u2502               \u2502    Table:   \u2502\u2502  Join Type: \u2502                              \u2502c_customer_sk\u2502                              \u2502  Join Type: \u2502                              \u2502c_customer_sk\u2502\n                                             \u2502    INNER    \u2502               \u2502   customer  \u2502\u2502  RIGHT_SEMI \u2502                              \u2502             \u2502                              \u2502  RIGHT_SEMI \u2502                              \u2502             \u2502\n                                             \u2502             \u2502               \u2502             \u2502\u2502             \u2502                              \u2502             \u2502                              \u2502             \u2502                              \u2502             \u2502\n                                             \u2502 Conditions: \u2502               \u2502    Type:    \u2502\u2502 Conditions: \u2502                              \u2502             \u2502                              \u2502 Conditions: \u2502                              \u2502             \u2502\n                                             \u2502ss_sold_date_\u251c\u2500\u2500\u2500\u2500\u2500\u2500\u2500\u2510       \u2502  Sequential \u2502\u2502#0 = cs_item_\u251c\u2500\u2500\u2500\u2500\u2500\u2500\u2500\u2510                      \u2502             \u2502                              \u2502#0 = ws_item_\u251c\u2500\u2500\u2500\u2500\u2500\u2500\u2500\u2510                      \u2502             \u2502\n                                             \u2502sk = d_date_s\u2502       \u2502       \u2502     Scan    \u2502\u2502      sk     \u2502       \u2502                      \u2502             \u2502                              \u2502      sk     \u2502       \u2502                      \u2502             \u2502\n                                             \u2502      k      \u2502       \u2502       \u2502             \u2502\u2502             \u2502       \u2502                      \u2502             \u2502                              \u2502             \u2502       \u2502                      \u2502             \u2502\n                                             \u2502             \u2502       \u2502       \u2502 Projections:\u2502\u2502             \u2502       \u2502                      \u2502             \u2502                              \u2502             \u2502       \u2502                      \u2502             \u2502\n                                             \u2502             \u2502       \u2502       \u2502c_customer_sk\u2502\u2502             \u2502       \u2502                      \u2502             \u2502                              \u2502             \u2502       \u2502                      \u2502             \u2502\n                                             \u2502             \u2502       \u2502       \u2502             \u2502\u2502             \u2502       \u2502                      \u2502             \u2502                              \u2502             \u2502       \u2502                      \u2502             \u2502\n                                             \u2502~5,759,8...  \u2502       \u2502       \u2502~500,000 rows\u2502\u2502 ~23,065 rows\u2502       \u2502                      \u2502   ~72 rows  \u2502                              \u2502 ~11,528 rows\u2502       \u2502                      \u2502   ~72 rows  \u2502\n                                             \u2514\u2500\u2500\u2500\u2500\u2500\u2500\u252c\u2500\u2500\u2500\u2500\u2500\u2500\u2518       \u2502       \u2514\u2500\u2500\u2500\u2500\u2500\u2500\u2500\u2500\u2500\u2500\u2500\u2500\u2500\u2518\u2514\u2500\u2500\u2500\u2500\u2500\u2500\u252c\u2500\u2500\u2500\u2500\u2500\u2500\u2518       \u2502                      \u2514\u2500\u2500\u2500\u2500\u2500\u2500\u252c\u2500\u2500\u2500\u2500\u2500\u2500\u2518                              \u2514\u2500\u2500\u2500\u2500\u2500\u2500\u252c\u2500\u2500\u2500\u2500\u2500\u2500\u2518       \u2502                      \u2514\u2500\u2500\u2500\u2500\u2500\u2500\u252c\u2500\u2500\u2500\u2500\u2500\u2500\u2518\n                                             \u250c\u2500\u2500\u2500\u2500\u2500\u2500\u2534\u2500\u2500\u2500\u2500\u2500\u2500\u2510\u250c\u2500\u2500\u2500\u2500\u2500\u2500\u2534\u2500\u2500\u2500\u2500\u2500\u2500\u2510               \u250c\u2500\u2500\u2500\u2500\u2500\u2500\u2534\u2500\u2500\u2500\u2500\u2500\u2500\u2510\u250c\u2500\u2500\u2500\u2500\u2500\u2500\u2534\u2500\u2500\u2500\u2500\u2500\u2500\u2510               \u250c\u2500\u2500\u2500\u2500\u2500\u2500\u2534\u2500\u2500\u2500\u2500\u2500\u2500\u2510                              \u250c\u2500\u2500\u2500\u2500\u2500\u2500\u2534\u2500\u2500\u2500\u2500\u2500\u2500\u2510\u250c\u2500\u2500\u2500\u2500\u2500\u2500\u2534\u2500\u2500\u2500\u2500\u2500\u2500\u2510               \u250c\u2500\u2500\u2500\u2500\u2500\u2500\u2534\u2500\u2500\u2500\u2500\u2500\u2500\u2510\n                                             \u2502  SEQ_SCAN   \u2502\u2502    FILTER   \u2502               \u2502  PROJECTION \u2502\u2502  HASH_JOIN  \u2502               \u2502NESTED_L...  \u2502                              \u2502  PROJECTION \u2502\u2502  HASH_JOIN  \u2502               \u2502NESTED_L...  \u2502\n                                             \u2502    \u2500\u2500\u2500\u2500\u2500\u2500   \u2502\u2502    \u2500\u2500\u2500\u2500\u2500\u2500   \u2502               \u2502    \u2500\u2500\u2500\u2500\u2500\u2500   \u2502\u2502    \u2500\u2500\u2500\u2500\u2500\u2500   \u2502               \u2502    \u2500\u2500\u2500\u2500\u2500\u2500   \u2502                              \u2502    \u2500\u2500\u2500\u2500\u2500\u2500   \u2502\u2502    \u2500\u2500\u2500\u2500\u2500\u2500   \u2502               \u2502    \u2500\u2500\u2500\u2500\u2500\u2500   \u2502\n                                             \u2502    Table:   \u2502\u2502  (d_date_sk \u2502               \u2502   item_sk   \u2502\u2502  Join Type: \u2502               \u2502  Join Type: \u2502                              \u2502   item_sk   \u2502\u2502  Join Type: \u2502               \u2502  Join Type: \u2502\n                                             \u2502 store_sales \u2502\u2502    BETWEEN  \u2502               \u2502             \u2502\u2502    INNER    \u2502               \u2502    INNER    \u2502                              \u2502             \u2502\u2502    INNER    \u2502               \u2502    INNER    \u2502\n                                             \u2502             \u2502\u2502  2450816 AND\u2502               \u2502             \u2502\u2502             \u2502               \u2502             \u2502                              \u2502             \u2502\u2502             \u2502               \u2502             \u2502\n                                             \u2502    Type:    \u2502\u2502   2452642)  \u2502               \u2502             \u2502\u2502 Conditions: \u2502               \u2502 Conditions: \u2502                              \u2502             \u2502\u2502 Conditions: \u2502               \u2502 Conditions: \u2502\n                                             \u2502  Sequential \u2502\u2502             \u2502               \u2502             \u2502\u2502cs_sold_date_\u2502               \u2502  CAST(sum(  \u2502                              \u2502             \u2502\u2502ws_sold_date_\u2502               \u2502  CAST(sum(  \u2502\n                                             \u2502     Scan    \u2502\u2502             \u2502               \u2502             \u2502\u2502sk = d_date_s\u2502               \u2502(CAST(ss_quan\u2502                              \u2502             \u2502\u2502sk = d_date_s\u2502               \u2502(CAST(ss_quan\u2502\n                                             \u2502             \u2502\u2502             \u2502               \u2502             \u2502\u2502      k      \u2502               \u2502tity AS DECIM\u2502                              \u2502             \u2502\u2502      k      \u2502               \u2502tity AS DECIM\u2502\n                                             \u2502 Projections:\u2502\u2502             \u2502               \u2502             \u2502\u2502             \u2502               \u2502 AL(17,0)) * \u2502                              \u2502             \u2502\u2502             \u2502               \u2502 AL(17,0)) * \u2502\n                                             \u2502ss_customer_s\u2502\u2502             \u2502               \u2502             \u2502\u2502             \u251c\u2500\u2500\u2500\u2500\u2500\u2500\u2500\u2510       \u2502 CAST(ss_sale\u251c\u2500\u2500\u2500\u2500\u2500\u2500\u2500\u2500\u2500\u2500\u2500\u2500\u2500\u2500\u2500\u2500\u2500\u2500\u2500\u2500\u2500\u2500\u2510       \u2502             \u2502\u2502             \u251c\u2500\u2500\u2500\u2500\u2500\u2500\u2500\u2510       \u2502 CAST(ss_sale\u251c\n                                             \u2502      k      \u2502\u2502             \u2502               \u2502             \u2502\u2502             \u2502       \u2502       \u2502  s_price AS \u2502                      \u2502       \u2502             \u2502\u2502             \u2502       \u2502       \u2502  s_price AS \u2502\n                                             \u2502ss_sold_date_\u2502\u2502             \u2502               \u2502             \u2502\u2502             \u2502       \u2502       \u2502  DECIMAL(17 \u2502                      \u2502       \u2502             \u2502\u2502             \u2502       \u2502       \u2502  DECIMAL(17 \u2502\n                                             \u2502      sk     \u2502\u2502             \u2502               \u2502             \u2502\u2502             \u2502       \u2502       \u2502  ,2)))) AS  \u2502                      \u2502       \u2502             \u2502\u2502             \u2502       \u2502       \u2502  ,2)))) AS  \u2502\n                                             \u2502 ss_quantity \u2502\u2502             \u2502               \u2502             \u2502\u2502             \u2502       \u2502       \u2502  DOUBLE) >  \u2502                      \u2502       \u2502             \u2502\u2502             \u2502       \u2502       \u2502  DOUBLE) >  \u2502\n                                             \u2502ss_sales_pric\u2502\u2502             \u2502               \u2502             \u2502\u2502             \u2502       \u2502       \u2502 (0.95 * CAST\u2502                      \u2502       \u2502             \u2502\u2502             \u2502       \u2502       \u2502 (0.95 * CAST\u2502\n                                             \u2502      e      \u2502\u2502             \u2502               \u2502             \u2502\u2502             \u2502       \u2502       \u2502 (SUBQUERY AS\u2502                      \u2502       \u2502             \u2502\u2502             \u2502       \u2502       \u2502 (SUBQUERY AS\u2502\n                                             \u2502             \u2502\u2502             \u2502               \u2502             \u2502\u2502             \u2502       \u2502       \u2502   DOUBLE))  \u2502                      \u2502       \u2502             \u2502\u2502             \u2502       \u2502       \u2502   DOUBLE))  \u2502\n                                             \u2502             \u2502\u2502             \u2502               \u2502             \u2502\u2502             \u2502       \u2502       \u2502             \u2502                      \u2502       \u2502             \u2502\u2502             \u2502       \u2502       \u2502             \u2502\n                                             \u2502~28,800,...  \u2502\u2502 ~14,609 rows\u2502               \u2502~1,196,6...  \u2502\u2502~115,329 rows\u2502       \u2502       \u2502   ~72 rows  \u2502                      \u2502       \u2502~1,196,6...  \u2502\u2502 ~57,640 rows\u2502       \u2502       \u2502   ~72 rows  \u2502\n                                             \u2514\u2500\u2500\u2500\u2500\u2500\u2500\u2500\u2500\u2500\u2500\u2500\u2500\u2500\u2518\u2514\u2500\u2500\u2500\u2500\u2500\u2500\u252c\u2500\u2500\u2500\u2500\u2500\u2500\u2518               \u2514\u2500\u2500\u2500\u2500\u2500\u2500\u252c\u2500\u2500\u2500\u2500\u2500\u2500\u2518\u2514\u2500\u2500\u2500\u2500\u2500\u2500\u252c\u2500\u2500\u2500\u2500\u2500\u2500\u2518       \u2502       \u2514\u2500\u2500\u2500\u2500\u2500\u2500\u252c\u2500\u2500\u2500\u2500\u2500\u2500\u2518                      \u2502       \u2514\u2500\u2500\u2500\u2500\u2500\u2500\u252c\u2500\u2500\u2500\u2500\u2500\u2500\u2518\u2514\u2500\u2500\u2500\u2500\u2500\u2500\u252c\u2500\u2500\u2500\u2500\u2500\u2500\u2518       \u2502       \u2514\u2500\u2500\u2500\u2500\u2500\u2500\u252c\u2500\u2500\u2500\u2500\u2500\u2500\u2518\n                                                            \u250c\u2500\u2500\u2500\u2500\u2500\u2500\u2534\u2500\u2500\u2500\u2500\u2500\u2500\u2510               \u250c\u2500\u2500\u2500\u2500\u2500\u2500\u2534\u2500\u2500\u2500\u2500\u2500\u2500\u2510\u250c\u2500\u2500\u2500\u2500\u2500\u2500\u2534\u2500\u2500\u2500\u2500\u2500\u2500\u2510\u250c\u2500\u2500\u2500\u2500\u2500\u2500\u2534\u2500\u2500\u2500\u2500\u2500\u2500\u2510\u250c\u2500\u2500\u2500\u2500\u2500\u2500\u2534\u2500\u2500\u2500\u2500\u2500\u2500\u2510               \u250c\u2500\u2500\u2500\u2500\u2500\u2500\u2534\u2500\u2500\u2500\u2500\u2500\u2500\u2510\u250c\u2500\u2500\u2500\u2500\u2500\u2500\u2534\u2500\u2500\u2500\u2500\u2500\u2500\u2510\u250c\u2500\u2500\u2500\u2500\u2500\u2500\u2534\u2500\u2500\u2500\u2500\u2500\u2500\u2510\u250c\u2500\u2500\u2500\u2500\u2500\u2500\u2534\u2500\u2500\u2500\u2500\u2500\u2500\u2510\u250c\u2500\u2500\u2500\u2500\u2500\u2500\u2534\u2500\u2500\u2500\u2500\u2500\u2500\u2510\n                                                            \u2502  SEQ_SCAN   \u2502               \u2502   CTE_SCAN  \u2502\u2502  SEQ_SCAN   \u2502\u2502    FILTER   \u2502\u2502HASH_GROUP_BY\u2502               \u2502  PROJECTION \u2502\u2502   CTE_SCAN  \u2502\u2502  SEQ_SCAN   \u2502\u2502    FILTER   \u2502\u2502HASH_GROUP_BY\u2502\n                                                            \u2502    \u2500\u2500\u2500\u2500\u2500\u2500   \u2502               \u2502    \u2500\u2500\u2500\u2500\u2500\u2500   \u2502\u2502    \u2500\u2500\u2500\u2500\u2500\u2500   \u2502\u2502    \u2500\u2500\u2500\u2500\u2500\u2500   \u2502\u2502    \u2500\u2500\u2500\u2500\u2500\u2500   \u2502               \u2502    \u2500\u2500\u2500\u2500\u2500\u2500   \u2502\u2502    \u2500\u2500\u2500\u2500\u2500\u2500   \u2502\u2502    \u2500\u2500\u2500\u2500\u2500\u2500   \u2502\u2502    \u2500\u2500\u2500\u2500\u2500\u2500   \u2502\u2502    \u2500\u2500\u2500\u2500\u2500\u2500   \u2502\n                                                            \u2502    Table:   \u2502               \u2502  CTE Index: \u2502\u2502    Table:   \u2502\u2502  (d_date_sk \u2502\u2502   Groups:   \u2502               \u2502 CASE  WHEN (\u2502\u2502  CTE Index: \u2502\u2502    Table:   \u2502\u2502  (d_date_sk \u2502\u2502   Groups:   \u2502\n                                                            \u2502   date_dim  \u2502               \u2502      0      \u2502\u2502catalog_sales\u2502\u2502    BETWEEN  \u2502\u2502      #0     \u2502               \u2502  (#1 > 1))  \u2502\u2502      0      \u2502\u2502  web_sales  \u2502\u2502    BETWEEN  \u2502\u2502      #0     \u2502\n                                                            \u2502             \u2502               \u2502             \u2502\u2502             \u2502\u2502  2450815 AND\u2502\u2502             \u2502               \u2502 THEN (\"error\u2502\u2502             \u2502\u2502             \u2502\u2502  2450816 AND\u2502\u2502             \u2502\n                                                            \u2502    Type:    \u2502               \u2502             \u2502\u2502    Type:    \u2502\u2502   2452653)  \u2502\u2502 Aggregates: \u2502               \u2502 \"('More than\u2502\u2502             \u2502\u2502    Type:    \u2502\u2502   2452642)  \u2502\u2502 Aggregates: \u2502\n                                                            \u2502  Sequential \u2502               \u2502             \u2502\u2502  Sequential \u2502\u2502             \u2502\u2502   sum(#1)   \u2502               \u2502    one row  \u2502\u2502             \u2502\u2502  Sequential \u2502\u2502             \u2502\u2502   sum(#1)   \u2502\n                                                            \u2502     Scan    \u2502               \u2502             \u2502\u2502     Scan    \u2502\u2502             \u2502\u2502             \u2502               \u2502  returned by\u2502\u2502             \u2502\u2502     Scan    \u2502\u2502             \u2502\u2502             \u2502\n                                                            \u2502             \u2502               \u2502             \u2502\u2502             \u2502\u2502             \u2502\u2502             \u2502               \u2502  a subquery \u2502\u2502             \u2502\u2502             \u2502\u2502             \u2502\u2502             \u2502\n                                                            \u2502 Projections:\u2502               \u2502             \u2502\u2502 Projections:\u2502\u2502             \u2502\u2502             \u2502               \u2502  used as an \u2502\u2502             \u2502\u2502 Projections:\u2502\u2502             \u2502\u2502             \u2502\n                                                            \u2502  d_date_sk  \u2502               \u2502             \u2502\u2502cs_sold_date_\u2502\u2502             \u2502\u2502             \u2502               \u2502  expression \u2502\u2502             \u2502\u2502ws_sold_date_\u2502\u2502             \u2502\u2502             \u2502\n                                                            \u2502             \u2502               \u2502             \u2502\u2502      sk     \u2502\u2502             \u2502\u2502             \u2502               \u2502   - scalar  \u2502\u2502             \u2502\u2502      sk     \u2502\u2502             \u2502\u2502             \u2502\n                                                            \u2502   Filters:  \u2502               \u2502             \u2502\u2502  cs_item_sk \u2502\u2502             \u2502\u2502             \u2502               \u2502  subqueries \u2502\u2502             \u2502\u2502  ws_item_sk \u2502\u2502             \u2502\u2502             \u2502\n                                                            \u2502 d_year>=2000\u2502               \u2502             \u2502\u2502cs_bill_custo\u2502\u2502             \u2502\u2502             \u2502               \u2502   can only  \u2502\u2502             \u2502\u2502ws_bill_custo\u2502\u2502             \u2502\u2502             \u2502\n                                                            \u2502  AND d_year<\u2502               \u2502             \u2502\u2502    mer_sk   \u2502\u2502             \u2502\u2502             \u2502               \u2502   return a  \u2502\u2502             \u2502\u2502    mer_sk   \u2502\u2502             \u2502\u2502             \u2502\n                                                            \u2502    =2003    \u2502               \u2502             \u2502\u2502 cs_quantity \u2502\u2502             \u2502\u2502             \u2502               \u2502  single row.\u2502\u2502             \u2502\u2502 ws_quantity \u2502\u2502             \u2502\u2502             \u2502\n                                                            \u2502             \u2502               \u2502             \u2502\u2502cs_list_price\u2502\u2502             \u2502\u2502             \u2502               \u2502   Use \"SET  \u2502\u2502             \u2502\u2502ws_list_price\u2502\u2502             \u2502\u2502             \u2502\n                                                            \u2502             \u2502               \u2502             \u2502\u2502             \u2502\u2502             \u2502\u2502             \u2502               \u2502 scalar_subqu\u2502\u2502             \u2502\u2502             \u2502\u2502             \u2502\u2502             \u2502\n                                                            \u2502             \u2502               \u2502             \u2502\u2502             \u2502\u2502             \u2502\u2502             \u2502               \u2502ery_error_on_\u2502\u2502             \u2502\u2502             \u2502\u2502             \u2502\u2502             \u2502\n                                                            \u2502             \u2502               \u2502             \u2502\u2502             \u2502\u2502             \u2502\u2502             \u2502               \u2502multiple_rows\u2502\u2502             \u2502\u2502             \u2502\u2502             \u2502\u2502             \u2502\n                                                            \u2502             \u2502               \u2502             \u2502\u2502             \u2502\u2502             \u2502\u2502             \u2502               \u2502  =false\" to \u2502\u2502             \u2502\u2502             \u2502\u2502             \u2502\u2502             \u2502\n                                                            \u2502             \u2502               \u2502             \u2502\u2502             \u2502\u2502             \u2502\u2502             \u2502               \u2502   revert to \u2502\u2502             \u2502\u2502             \u2502\u2502             \u2502\u2502             \u2502\n                                                            \u2502             \u2502               \u2502             \u2502\u2502             \u2502\u2502             \u2502\u2502             \u2502               \u2502   previous  \u2502\u2502             \u2502\u2502             \u2502\u2502             \u2502\u2502             \u2502\n                                                            \u2502             \u2502               \u2502             \u2502\u2502             \u2502\u2502             \u2502\u2502             \u2502               \u2502  behavior of\u2502\u2502             \u2502\u2502             \u2502\u2502             \u2502\u2502             \u2502\n                                                            \u2502             \u2502               \u2502             \u2502\u2502             \u2502\u2502             \u2502\u2502             \u2502               \u2502  returning a\u2502\u2502             \u2502\u2502             \u2502\u2502             \u2502\u2502             \u2502\n                                                            \u2502             \u2502               \u2502             \u2502\u2502             \u2502\u2502             \u2502\u2502             \u2502               \u2502  random row.\u2502\u2502             \u2502\u2502             \u2502\u2502             \u2502\u2502             \u2502\n                                                            \u2502             \u2502               \u2502             \u2502\u2502             \u2502\u2502             \u2502\u2502             \u2502               \u2502 ')) ELSE #0 \u2502\u2502             \u2502\u2502             \u2502\u2502             \u2502\u2502             \u2502\n                                                            \u2502             \u2502               \u2502             \u2502\u2502             \u2502\u2502             \u2502\u2502             \u2502               \u2502      END    \u2502\u2502             \u2502\u2502             \u2502\u2502             \u2502\u2502             \u2502\n                                                            \u2502             \u2502               \u2502             \u2502\u2502             \u2502\u2502             \u2502\u2502             \u2502               \u2502             \u2502\u2502             \u2502\u2502             \u2502\u2502             \u2502\u2502             \u2502\n                                                            \u2502 ~14,609 rows\u2502               \u2502~1,196,6...  \u2502\u2502~14,401,...  \u2502\u2502  ~585 rows  \u2502\u2502~385,154 rows\u2502               \u2502    ~1 row   \u2502\u2502~1,196,6...  \u2502\u2502~7,197,5...  \u2502\u2502  ~585 rows  \u2502\u2502~385,154 rows\u2502\n                                                            \u2514\u2500\u2500\u2500\u2500\u2500\u2500\u2500\u2500\u2500\u2500\u2500\u2500\u2500\u2518               \u2514\u2500\u2500\u2500\u2500\u2500\u2500\u2500\u2500\u2500\u2500\u2500\u2500\u2500\u2518\u2514\u2500\u2500\u2500\u2500\u2500\u2500\u2500\u2500\u2500\u2500\u2500\u2500\u2500\u2518\u2514\u2500\u2500\u2500\u2500\u2500\u2500\u252c\u2500\u2500\u2500\u2500\u2500\u2500\u2518\u2514\u2500\u2500\u2500\u2500\u2500\u2500\u252c\u2500\u2500\u2500\u2500\u2500\u2500\u2518               \u2514\u2500\u2500\u2500\u2500\u2500\u2500\u252c\u2500\u2500\u2500\u2500\u2500\u2500\u2518\u2514\u2500\u2500\u2500\u2500\u2500\u2500\u2500\u2500\u2500\u2500\u2500\u2500\u2500\u2518\u2514\u2500\u2500\u2500\u2500\u2500\u2500\u2500\u2500\u2500\u2500\u2500\u2500\u2500\u2518\u2514\u2500\u2500\u2500\u2500\u2500\u2500\u252c\u2500\u2500\u2500\u2500\u2500\u2500\u2518\u2514\u2500\u2500\u2500\u2500\u2500\u2500\u252c\u2500\u2500\u2500\u2500\u2500\u2500\u2518\n                                                                                                                        \u250c\u2500\u2500\u2500\u2500\u2500\u2500\u2534\u2500\u2500\u2500\u2500\u2500\u2500\u2510\u250c\u2500\u2500\u2500\u2500\u2500\u2500\u2534\u2500\u2500\u2500\u2500\u2500\u2500\u2510               \u250c\u2500\u2500\u2500\u2500\u2500\u2500\u2534\u2500\u2500\u2500\u2500\u2500\u2500\u2510                              \u250c\u2500\u2500\u2500\u2500\u2500\u2500\u2534\u2500\u2500\u2500\u2500\u2500\u2500\u2510\u250c\u2500\u2500\u2500\u2500\u2500\u2500\u2534\u2500\u2500\u2500\u2500\u2500\u2500\u2510\n                                                                                                                        \u2502  SEQ_SCAN   \u2502\u2502  PROJECTION \u2502               \u2502UNGROUPE...  \u2502                              \u2502  SEQ_SCAN   \u2502\u2502  PROJECTION \u2502\n                                                                                                                        \u2502    \u2500\u2500\u2500\u2500\u2500\u2500   \u2502\u2502    \u2500\u2500\u2500\u2500\u2500\u2500   \u2502               \u2502    \u2500\u2500\u2500\u2500\u2500\u2500   \u2502                              \u2502    \u2500\u2500\u2500\u2500\u2500\u2500   \u2502\u2502    \u2500\u2500\u2500\u2500\u2500\u2500   \u2502\n                                                                                                                        \u2502    Table:   \u2502\u2502c_customer_sk\u2502               \u2502 Aggregates: \u2502                              \u2502    Table:   \u2502\u2502c_customer_sk\u2502\n                                                                                                                        \u2502   date_dim  \u2502\u2502(CAST(ss_quan\u2502               \u2502 \"first\"(#0) \u2502                              \u2502   date_dim  \u2502\u2502(CAST(ss_quan\u2502\n                                                                                                                        \u2502             \u2502\u2502tity AS DECIM\u2502               \u2502 count_star()\u2502                              \u2502             \u2502\u2502tity AS DECIM\u2502\n                                                                                                                        \u2502    Type:    \u2502\u2502 AL(17,0)) * \u2502               \u2502             \u2502                              \u2502    Type:    \u2502\u2502 AL(17,0)) * \u2502\n                                                                                                                        \u2502  Sequential \u2502\u2502 CAST(ss_sale\u2502               \u2502             \u2502                              \u2502  Sequential \u2502\u2502 CAST(ss_sale\u2502\n                                                                                                                        \u2502     Scan    \u2502\u2502  s_price AS \u2502               \u2502             \u2502                              \u2502     Scan    \u2502\u2502  s_price AS \u2502\n                                                                                                                        \u2502             \u2502\u2502  DECIMAL(17 \u2502               \u2502             \u2502                              \u2502             \u2502\u2502  DECIMAL(17 \u2502\n                                                                                                                        \u2502 Projections:\u2502\u2502    ,2)))    \u2502               \u2502             \u2502                              \u2502 Projections:\u2502\u2502    ,2)))    \u2502\n                                                                                                                        \u2502  d_date_sk  \u2502\u2502             \u2502               \u2502             \u2502                              \u2502  d_date_sk  \u2502\u2502             \u2502\n                                                                                                                        \u2502             \u2502\u2502             \u2502               \u2502             \u2502                              \u2502             \u2502\u2502             \u2502\n                                                                                                                        \u2502   Filters:  \u2502\u2502             \u2502               \u2502             \u2502                              \u2502   Filters:  \u2502\u2502             \u2502\n                                                                                                                        \u2502 d_year=2000 \u2502\u2502             \u2502               \u2502             \u2502                              \u2502 d_year=2000 \u2502\u2502             \u2502\n                                                                                                                        \u2502   d_moy=5   \u2502\u2502             \u2502               \u2502             \u2502                              \u2502   d_moy=5   \u2502\u2502             \u2502\n                                                                                                                        \u2502             \u2502\u2502             \u2502               \u2502             \u2502                              \u2502             \u2502\u2502             \u2502\n                                                                                                                        \u2502  ~585 rows  \u2502\u2502~28,800,...  \u2502               \u2502             \u2502                              \u2502  ~585 rows  \u2502\u2502~28,800,...  \u2502\n                                                                                                                        \u2514\u2500\u2500\u2500\u2500\u2500\u2500\u2500\u2500\u2500\u2500\u2500\u2500\u2500\u2518\u2514\u2500\u2500\u2500\u2500\u2500\u2500\u252c\u2500\u2500\u2500\u2500\u2500\u2500\u2518               \u2514\u2500\u2500\u2500\u2500\u2500\u2500\u252c\u2500\u2500\u2500\u2500\u2500\u2500\u2518                              \u2514\u2500\u2500\u2500\u2500\u2500\u2500\u2500\u2500\u2500\u2500\u2500\u2500\u2500\u2518\u2514\u2500\u2500\u2500\u2500\u2500\u2500\u252c\u2500\u2500\u2500\u2500\u2500\u2500\u2518\n                                                                                                                                       \u250c\u2500\u2500\u2500\u2500\u2500\u2500\u2534\u2500\u2500\u2500\u2500\u2500\u2500\u2510               \u250c\u2500\u2500\u2500\u2500\u2500\u2500\u2534\u2500\u2500\u2500\u2500\u2500\u2500\u2510                                             \u250c\u2500\u2500\u2500\u2500\u2500\u2500\u2534\u2500\u2500\u2500\u2500\u2500\u2500\u2510\n                                                                                                                                       \u2502  HASH_JOIN  \u2502               \u2502  PROJECTION \u2502                                             \u2502  HASH_JOIN  \u2502\n                                                                                                                                       \u2502    \u2500\u2500\u2500\u2500\u2500\u2500   \u2502               \u2502    \u2500\u2500\u2500\u2500\u2500\u2500   \u2502                                             \u2502    \u2500\u2500\u2500\u2500\u2500\u2500   \u2502\n                                                                                                                                       \u2502  Join Type: \u2502               \u2502      #0     \u2502                                             \u2502  Join Type: \u2502\n                                                                                                                                       \u2502    INNER    \u2502               \u2502             \u2502                                             \u2502    INNER    \u2502\n                                                                                                                                       \u2502             \u2502               \u2502             \u2502                                             \u2502             \u2502\n                                                                                                                                       \u2502 Conditions: \u251c\u2500\u2500\u2500\u2500\u2500\u2500\u2500\u2510       \u2502             \u2502                                             \u2502 Conditions: \u251c\n                                                                                                                                       \u2502ss_customer_s\u2502       \u2502       \u2502             \u2502                                             \u2502c_customer_sk\u2502\n                                                                                                                                       \u2502k = c_custome\u2502       \u2502       \u2502             \u2502                                             \u2502 = c_customer\u2502\n                                                                                                                                       \u2502     r_sk    \u2502       \u2502       \u2502             \u2502                                             \u2502     _sk     \u2502\n                                                                                                                                       \u2502             \u2502       \u2502       \u2502             \u2502                                             \u2502             \u2502\n                                                                                                                                       \u2502~28,800,...  \u2502       \u2502       \u2502    ~1 row   \u2502                                             \u2502~28,800,...  \u2502\n                                                                                                                                       \u2514\u2500\u2500\u2500\u2500\u2500\u2500\u252c\u2500\u2500\u2500\u2500\u2500\u2500\u2518       \u2502       \u2514\u2500\u2500\u2500\u2500\u2500\u2500\u252c\u2500\u2500\u2500\u2500\u2500\u2500\u2518                                             \u2514\u2500\u2500\u2500\u2500\u2500\u2500\u252c\u2500\u2500\u2500\u2500\u2500\u2500\u2518\n                                                                                                                                       \u250c\u2500\u2500\u2500\u2500\u2500\u2500\u2534\u2500\u2500\u2500\u2500\u2500\u2500\u2510\u250c\u2500\u2500\u2500\u2500\u2500\u2500\u2534\u2500\u2500\u2500\u2500\u2500\u2500\u2510\u250c\u2500\u2500\u2500\u2500\u2500\u2500\u2534\u2500\u2500\u2500\u2500\u2500\u2500\u2510                                             \u250c\u2500\u2500\u2500\u2500\u2500\u2500\u2534\u2500\u2500\u2500\u2500\u2500\u2500\u2510\n                                                                                                                                       \u2502  SEQ_SCAN   \u2502\u2502  SEQ_SCAN   \u2502\u2502   CTE_SCAN  \u2502                                             \u2502  SEQ_SCAN   \u2502\n                                                                                                                                       \u2502    \u2500\u2500\u2500\u2500\u2500\u2500   \u2502\u2502    \u2500\u2500\u2500\u2500\u2500\u2500   \u2502\u2502    \u2500\u2500\u2500\u2500\u2500\u2500   \u2502                                             \u2502    \u2500\u2500\u2500\u2500\u2500\u2500   \u2502\n                                                                                                                                       \u2502    Table:   \u2502\u2502    Table:   \u2502\u2502  CTE Index: \u2502                                             \u2502    Table:   \u2502\n                                                                                                                                       \u2502 store_sales \u2502\u2502   customer  \u2502\u2502      10     \u2502                                             \u2502 store_sales \u2502\n                                                                                                                                       \u2502             \u2502\u2502             \u2502\u2502             \u2502                                             \u2502             \u2502\n                                                                                                                                       \u2502    Type:    \u2502\u2502    Type:    \u2502\u2502             \u2502                                             \u2502    Type:    \u2502\n                                                                                                                                       \u2502  Sequential \u2502\u2502  Sequential \u2502\u2502             \u2502                                             \u2502  Sequential \u2502\n                                                                                                                                       \u2502     Scan    \u2502\u2502     Scan    \u2502\u2502             \u2502                                             \u2502     Scan    \u2502\n                                                                                                                                       \u2502             \u2502\u2502             \u2502\u2502             \u2502                                             \u2502             \u2502\n                                                                                                                                       \u2502 Projections:\u2502\u2502 Projections:\u2502\u2502             \u2502                                             \u2502 Projections:\u2502\n                                                                                                                                       \u2502ss_customer_s\u2502\u2502c_customer_sk\u2502\u2502             \u2502                                             \u2502ss_customer_s\u2502\n                                                                                                                                       \u2502      k      \u2502\u2502             \u2502\u2502             \u2502                                             \u2502      k      \u2502\n                                                                                                                                       \u2502 ss_quantity \u2502\u2502             \u2502\u2502             \u2502                                             \u2502 ss_quantity \u2502\n                                                                                                                                       \u2502ss_sales_pric\u2502\u2502             \u2502\u2502             \u2502                                             \u2502ss_sales_pric\u2502\n                                                                                                                                       \u2502      e      \u2502\u2502             \u2502\u2502             \u2502                                             \u2502      e      \u2502\n                                                                                                                                       \u2502             \u2502\u2502             \u2502\u2502             \u2502                                             \u2502             \u2502\n                                                                                                                                       \u2502             \u2502\u2502             \u2502\u2502             \u2502                                             \u2502   Filters:  \u2502\n                                                                                                                                       \u2502             \u2502\u2502             \u2502\u2502             \u2502                                             \u2502ss_customer_s\u2502\n                                                                                                                                       \u2502             \u2502\u2502             \u2502\u2502             \u2502                                             \u2502   k>=2 AND  \u2502\n                                                                                                                                       \u2502             \u2502\u2502             \u2502\u2502             \u2502                                             \u2502 ss_customer_\u2502\n                                                                                                                                       \u2502             \u2502\u2502             \u2502\u2502             \u2502                                             \u2502  sk<=499998 \u2502\n                                                                                                                                       \u2502             \u2502\u2502             \u2502\u2502             \u2502                                             \u2502             \u2502\n                                                                                                                                       \u2502~28,800,...  \u2502\u2502~500,000 rows\u2502\u2502    ~1 row   \u2502                                             \u2502~28,800,...  \u2502\n                                                                                                                                       \u2514\u2500\u2500\u2500\u2500\u2500\u2500\u2500\u2500\u2500\u2500\u2500\u2500\u2500\u2518\u2514\u2500\u2500\u2500\u2500\u2500\u2500\u2500\u2500\u2500\u2500\u2500\u2500\u2500\u2518\u2514\u2500\u2500\u2500\u2500\u2500\u2500\u2500\u2500\u2500\u2500\u2500\u2500\u2500\u2518                                             \u2514\u2500\u2500\u2500\u2500\u2500\u2500\u2500\u2500\u2500\u2500\u2500\u2500\u2500\u2518\n",
  "plan_json": {
    "total_bytes_written": 0,
    "total_bytes_read": 0,
    "rows_returned": 0,
    "latency": 0.0,
    "result_set_size": 0,
    "query_name": "",
    "blocked_thread_time": 0.0,
    "system_peak_buffer_memory": 0,
    "system_peak_temp_dir_size": 0,
    "cpu_time": 0.0,
    "extra_info": {},
    "cumulative_cardinality": 0,
    "cumulative_rows_scanned": 0,
    "children": [
      {
        "total_bytes_written": 0,
        "total_bytes_read": 0,
        "result_set_size": 0,
        "operator_name": "EXPLAIN_ANALYZE",
        "cpu_time": 0.0,
        "extra_info": {},
        "cumulative_cardinality": 0,
        "operator_type": "EXPLAIN_ANALYZE",
        "operator_cardinality": 0,
        "cumulative_rows_scanned": 0,
        "operator_rows_scanned": 0,
        "operator_timing": 7.29e-07,
        "children": [
          {
            "total_bytes_written": 0,
            "total_bytes_read": 0,
            "result_set_size": 0,
            "operator_name": "CTE",
            "cpu_time": 0.0,
            "extra_info": {
              "CTE Name": "frequent_ss_items",
              "Table Index": "0",
              "Estimated Cardinality": "1"
            },
            "cumulative_cardinality": 0,
            "operator_type": "CTE",
            "operator_cardinality": 0,
            "cumulative_rows_scanned": 0,
            "operator_rows_scanned": 0,
            "operator_timing": 0.0016459420000000005,
            "children": [
              {
                "total_bytes_written": 0,
                "total_bytes_read": 0,
                "result_set_size": 134464,
                "operator_name": "FILTER",
                "cpu_time": 0.0,
                "extra_info": {
                  "Expression": "(count_star() > 4)",
                  "Estimated Cardinality": "1196617"
                },
                "cumulative_cardinality": 0,
                "operator_type": "FILTER",
                "operator_cardinality": 4202,
                "cumulative_rows_scanned": 0,
                "operator_rows_scanned": 0,
                "operator_timing": 0.05304583900000001,
                "children": [
                  {
                    "total_bytes_written": 0,
                    "total_bytes_read": 0,
                    "result_set_size": 442092128,
                    "operator_name": "HASH_GROUP_BY",
                    "cpu_time": 0.0,
                    "extra_info": {
                      "Groups": [
                        "#0",
                        "#1",
                        "#2"
                      ],
                      "Aggregates": "count_star()",
                      "Estimated Cardinality": "5983085"
                    },
                    "cumulative_cardinality": 0,
                    "operator_type": "HASH_GROUP_BY",
                    "operator_cardinality": 13815379,
                    "cumulative_rows_scanned": 0,
                    "operator_rows_scanned": 0,
                    "operator_timing": 15.938241331000002,
                    "children": [
                      {
                        "total_bytes_written": 0,
                        "total_bytes_read": 0,
                        "result_set_size": 397319832,
                        "operator_name": "PROJECTION",
                        "cpu_time": 0.0,
                        "extra_info": {
                          "Projections": [
                            "substr(i_item_desc, 1, 30)",
                            "i_item_sk",
                            "d_date"
                          ],
                          "Estimated Cardinality": "6116562"
                        },
                        "cumulative_cardinality": 0,
                        "operator_type": "PROJECTION",
                        "operator_cardinality": 16554993,
                        "cumulative_rows_scanned": 0,
                        "operator_rows_scanned": 0,
                        "operator_timing": 3.7051959119999998,
                        "children": [
                          {
                            "total_bytes_written": 0,
                            "total_bytes_read": 0,
                            "result_set_size": 397319832,
                            "operator_name": "HASH_JOIN",
                            "cpu_time": 0.0,
                            "extra_info": {
                              "Join Type": "INNER",
                              "Conditions": "ss_item_sk = i_item_sk",
                              "Estimated Cardinality": "6116562"
                            },
                            "cumulative_cardinality": 0,
                            "operator_type": "HASH_JOIN",
                            "operator_cardinality": 16554993,
                            "cumulative_rows_scanned": 0,
                            "operator_rows_scanned": 0,
                            "operator_timing": 0.102623374,
                            "children": [
                              {
                                "total_bytes_written": 0,
                                "total_bytes_read": 0,
                                "result_set_size": 132439944,
                                "operator_name": "HASH_JOIN",
                                "cpu_time": 0.0,
                                "extra_info": {
                                  "Join Type": "INNER",
                                  "Conditions": "ss_sold_date_sk = d_date_sk",
                                  "Estimated Cardinality": "5759882"
                                },
                                "cumulative_cardinality": 0,
                                "operator_type": "HASH_JOIN",
                                "operator_cardinality": 16554993,
                                "cumulative_rows_scanned": 0,
                                "operator_rows_scanned": 0,
                                "operator_timing": 0.13351705899999997,
                                "children": [
                                  {
                                    "total_bytes_written": 0,
                                    "total_bytes_read": 0,
                                    "result_set_size": 132439944,
                                    "operator_name": "SEQ_SCAN ",
                                    "cpu_time": 0.0,
                                    "extra_info": {
                                      "Table": "store_sales",
                                      "Type": "Sequential Scan",
                                      "Projections": [
                                        "ss_sold_date_sk",
                                        "ss_item_sk"
                                      ],
                                      "Estimated Cardinality": "28800991"
                                    },
                                    "cumulative_cardinality": 0,
                                    "operator_type": "TABLE_SCAN",
                                    "operator_cardinality": 16554993,
                                    "cumulative_rows_scanned": 0,
                                    "operator_rows_scanned": 806427748,
                                    "operator_timing": 2.5700698070000003,
                                    "children": []
                                  },
                                  {
                                    "total_bytes_written": 0,
                                    "total_bytes_read": 0,
                                    "result_set_size": 8784,
                                    "operator_name": "FILTER",
                                    "cpu_time": 0.0,
                                    "extra_info": {
                                      "Expression": "(d_date_sk BETWEEN 2450816 AND 2452642)",
                                      "Estimated Cardinality": "14609"
                                    },
                                    "cumulative_cardinality": 0,
                                    "operator_type": "FILTER",
                                    "operator_cardinality": 1098,
                                    "cumulative_rows_scanned": 0,
                                    "operator_rows_scanned": 0,
                                    "operator_timing": 3.373e-05,
                                    "children": [
                                      {
                                        "total_bytes_written": 0,
                                        "total_bytes_read": 0,
                                        "result_set_size": 11688,
                                        "operator_name": "SEQ_SCAN ",
                                        "cpu_time": 0.0,
                                        "extra_info": {
                                          "Table": "date_dim",
                                          "Type": "Sequential Scan",
                                          "Projections": [
                                            "d_date_sk",
                                            "d_date"
                                          ],
                                          "Filters": "d_year>=2000 AND d_year<=2003",
                                          "Estimated Cardinality": "14609"
                                        },
                                        "cumulative_cardinality": 0,
                                        "operator_type": "TABLE_SCAN",
                                        "operator_cardinality": 1461,
                                        "cumulative_rows_scanned": 0,
                                        "operator_rows_scanned": 73049,
                                        "operator_timing": 0.004758378,
                                        "children": []
                                      }
                                    ]
                                  }
                                ]
                              },
                              {
                                "total_bytes_written": 0,
                                "total_bytes_read": 0,
                                "result_set_size": 2040000,
                                "operator_name": "SEQ_SCAN ",
                                "cpu_time": 0.0,
                                "extra_info": {
                                  "Table": "item",
                                  "Type": "Sequential Scan",
                                  "Projections": [
                                    "i_item_sk",
                                    "i_item_desc"
                                  ],
                                  "Estimated Cardinality": "102000"
                                },
                                "cumulative_cardinality": 0,
                                "operator_type": "TABLE_SCAN",
                                "operator_cardinality": 102000,
                                "cumulative_rows_scanned": 0,
                                "operator_rows_scanned": 102000,
                                "operator_timing": 0.16075524200000002,
                                "children": []
                              }
                            ]
                          }
                        ]
                      }
                    ]
                  }
                ]
              },
              {
                "total_bytes_written": 0,
                "total_bytes_read": 0,
                "result_set_size": 0,
                "operator_name": "CTE",
                "cpu_time": 0.0,
                "extra_info": {
                  "CTE Name": "max_store_sales",
                  "Table Index": "10",
                  "Estimated Cardinality": "1"
                },
                "cumulative_cardinality": 0,
                "operator_type": "CTE",
                "operator_cardinality": 0,
                "cumulative_rows_scanned": 0,
                "operator_rows_scanned": 0,
                "operator_timing": 6.287e-06,
                "children": [
                  {
                    "total_bytes_written": 0,
                    "total_bytes_read": 0,
                    "result_set_size": 16,
                    "operator_name": "UNGROUPED_AGGREGATE",
                    "cpu_time": 0.0,
                    "extra_info": {
                      "Aggregates": "max(#0)"
                    },
                    "cumulative_cardinality": 0,
                    "operator_type": "UNGROUPED_AGGREGATE",
                    "operator_cardinality": 1,
                    "cumulative_rows_scanned": 0,
                    "operator_rows_scanned": 0,
                    "operator_timing": 0.0009814020000000001,
                    "children": [
                      {
                        "total_bytes_written": 0,
                        "total_bytes_read": 0,
                        "result_set_size": 7556000,
                        "operator_name": "PROJECTION",
                        "cpu_time": 0.0,
                        "extra_info": {
                          "Projections": "csales",
                          "Estimated Cardinality": "385153"
                        },
                        "cumulative_cardinality": 0,
                        "operator_type": "PROJECTION",
                        "operator_cardinality": 472250,
                        "cumulative_rows_scanned": 0,
                        "operator_rows_scanned": 0,
                        "operator_timing": 4.1019e-05,
                        "children": [
                          {
                            "total_bytes_written": 0,
                            "total_bytes_read": 0,
                            "result_set_size": 7556000,
                            "operator_name": "PROJECTION",
                            "cpu_time": 0.0,
                            "extra_info": {
                              "Projections": "csales",
                              "Estimated Cardinality": "385153"
                            },
                            "cumulative_cardinality": 0,
                            "operator_type": "PROJECTION",
                            "operator_cardinality": 472250,
                            "cumulative_rows_scanned": 0,
                            "operator_rows_scanned": 0,
                            "operator_timing": 9.1835e-05,
                            "children": [
                              {
                                "total_bytes_written": 0,
                                "total_bytes_read": 0,
                                "result_set_size": 9445000,
                                "operator_name": "HASH_GROUP_BY",
                                "cpu_time": 0.0,
                                "extra_info": {
                                  "Groups": "#0",
                                  "Aggregates": "sum(#1)",
                                  "Estimated Cardinality": "385153"
                                },
                                "cumulative_cardinality": 0,
                                "operator_type": "HASH_GROUP_BY",
                                "operator_cardinality": 472250,
                                "cumulative_rows_scanned": 0,
                                "operator_rows_scanned": 0,
                                "operator_timing": 0.732020603,
                                "children": [
                                  {
                                    "total_bytes_written": 0,
                                    "total_bytes_read": 0,
                                    "result_set_size": 193970952,
                                    "operator_name": "PROJECTION",
                                    "cpu_time": 0.0,
                                    "extra_info": {
                                      "Projections": [
                                        "c_customer_sk",
                                        "(CAST(ss_quantity AS DECIMAL(17,0)) * CAST(ss_sales_price AS DECIMAL(17,2)))"
                                      ],
                                      "Estimated Cardinality": "5759882"
                                    },
                                    "cumulative_cardinality": 0,
                                    "operator_type": "PROJECTION",
                                    "operator_cardinality": 16164246,
                                    "cumulative_rows_scanned": 0,
                                    "operator_rows_scanned": 0,
                                    "operator_timing": 0.12154481600000001,
                                    "children": [
                                      {
                                        "total_bytes_written": 0,
                                        "total_bytes_read": 0,
                                        "result_set_size": 258627936,
                                        "operator_name": "HASH_JOIN",
                                        "cpu_time": 0.0,
                                        "extra_info": {
                                          "Join Type": "INNER",
                                          "Conditions": "ss_customer_sk = c_customer_sk",
                                          "Estimated Cardinality": "5759882"
                                        },
                                        "cumulative_cardinality": 0,
                                        "operator_type": "HASH_JOIN",
                                        "operator_cardinality": 16164246,
                                        "cumulative_rows_scanned": 0,
                                        "operator_rows_scanned": 0,
                                        "operator_timing": 0.058635524,
                                        "children": [
                                          {
                                            "total_bytes_written": 0,
                                            "total_bytes_read": 0,
                                            "result_set_size": 258627936,
                                            "operator_name": "HASH_JOIN",
                                            "cpu_time": 0.0,
                                            "extra_info": {
                                              "Join Type": "INNER",
                                              "Conditions": "ss_sold_date_sk = d_date_sk",
                                              "Estimated Cardinality": "5759882"
                                            },
                                            "cumulative_cardinality": 0,
                                            "operator_type": "HASH_JOIN",
                                            "operator_cardinality": 16164246,
                                            "cumulative_rows_scanned": 0,
                                            "operator_rows_scanned": 0,
                                            "operator_timing": 0.053719426000000015,
                                            "children": [
                                              {
                                                "total_bytes_written": 0,
                                                "total_bytes_read": 0,
                                                "result_set_size": 258627936,
                                                "operator_name": "SEQ_SCAN ",
                                                "cpu_time": 0.0,
                                                "extra_info": {
                                                  "Table": "store_sales",
                                                  "Type": "Sequential Scan",
                                                  "Projections": [
                                                    "ss_customer_sk",
                                                    "ss_sold_date_sk",
                                                    "ss_quantity",
                                                    "ss_sales_price"
                                                  ],
                                                  "Estimated Cardinality": "28800991"
                                                },
                                                "cumulative_cardinality": 0,
                                                "operator_type": "TABLE_SCAN",
                                                "operator_cardinality": 16164246,
                                                "cumulative_rows_scanned": 0,
                                                "operator_rows_scanned": 806427748,
                                                "operator_timing": 8.900152538999999,
                                                "children": []
                                              },
                                              {
                                                "total_bytes_written": 0,
                                                "total_bytes_read": 0,
                                                "result_set_size": 4392,
                                                "operator_name": "FILTER",
                                                "cpu_time": 0.0,
                                                "extra_info": {
                                                  "Expression": "(d_date_sk BETWEEN 2450816 AND 2452642)",
                                                  "Estimated Cardinality": "14609"
                                                },
                                                "cumulative_cardinality": 0,
                                                "operator_type": "FILTER",
                                                "operator_cardinality": 1098,
                                                "cumulative_rows_scanned": 0,
                                                "operator_rows_scanned": 0,
                                                "operator_timing": 6.9663e-05,
                                                "children": [
                                                  {
                                                    "total_bytes_written": 0,
                                                    "total_bytes_read": 0,
                                                    "result_set_size": 5844,
                                                    "operator_name": "SEQ_SCAN ",
                                                    "cpu_time": 0.0,
                                                    "extra_info": {
                                                      "Table": "date_dim",
                                                      "Type": "Sequential Scan",
                                                      "Projections": "d_date_sk",
                                                      "Filters": "d_year>=2000 AND d_year<=2003",
                                                      "Estimated Cardinality": "14609"
                                                    },
                                                    "cumulative_cardinality": 0,
                                                    "operator_type": "TABLE_SCAN",
                                                    "operator_cardinality": 1461,
                                                    "cumulative_rows_scanned": 0,
                                                    "operator_rows_scanned": 73049,
                                                    "operator_timing": 0.005059614,
                                                    "children": []
                                                  }
                                                ]
                                              }
                                            ]
                                          },
                                          {
                                            "total_bytes_written": 0,
                                            "total_bytes_read": 0,
                                            "result_set_size": 2000000,
                                            "operator_name": "SEQ_SCAN ",
                                            "cpu_time": 0.0,
                                            "extra_info": {
                                              "Table": "customer",
                                              "Type": "Sequential Scan",
                                              "Projections": "c_customer_sk",
                                              "Estimated Cardinality": "500000"
                                            },
                                            "cumulative_cardinality": 0,
                                            "operator_type": "TABLE_SCAN",
                                            "operator_cardinality": 500000,
                                            "cumulative_rows_scanned": 0,
                                            "operator_rows_scanned": 2500000,
                                            "operator_timing": 0.016280246,
                                            "children": []
                                          }
                                        ]
                                      }
                                    ]
                                  }
                                ]
                              }
                            ]
                          }
                        ]
                      }
                    ]
                  },
                  {
                    "total_bytes_written": 0,
                    "total_bytes_read": 0,
                    "result_set_size": 16,
                    "operator_name": "STREAMING_LIMIT",
                    "cpu_time": 0.0,
                    "extra_info": {},
                    "cumulative_cardinality": 0,
                    "operator_type": "STREAMING_LIMIT",
                    "operator_cardinality": 1,
                    "cumulative_rows_scanned": 0,
                    "operator_rows_scanned": 0,
                    "operator_timing": 1.185e-06,
                    "children": [
                      {
                        "total_bytes_written": 0,
                        "total_bytes_read": 0,
                        "result_set_size": 16,
                        "operator_name": "UNGROUPED_AGGREGATE",
                        "cpu_time": 0.0,
                        "extra_info": {
                          "Aggregates": "sum(#0)"
                        },
                        "cumulative_cardinality": 0,
                        "operator_type": "UNGROUPED_AGGREGATE",
                        "operator_cardinality": 1,
                        "cumulative_rows_scanned": 0,
                        "operator_rows_scanned": 0,
                        "operator_timing": 9.804e-06,
                        "children": [
                          {
                            "total_bytes_written": 0,
                            "total_bytes_read": 0,
                            "result_set_size": 56,
                            "operator_name": "PROJECTION",
                            "cpu_time": 0.0,
                            "extra_info": {
                              "Projections": "sales",
                              "Estimated Cardinality": "6918"
                            },
                            "cumulative_cardinality": 0,
                            "operator_type": "PROJECTION",
                            "operator_cardinality": 7,
                            "cumulative_rows_scanned": 0,
                            "operator_rows_scanned": 0,
                            "operator_timing": 3.83e-07,
                            "children": [
                              {
                                "total_bytes_written": 0,
                                "total_bytes_read": 0,
                                "result_set_size": 0,
                                "operator_name": "UNION",
                                "cpu_time": 0.0,
                                "extra_info": {},
                                "cumulative_cardinality": 0,
                                "operator_type": "UNION",
                                "operator_cardinality": 0,
                                "cumulative_rows_scanned": 0,
                                "operator_rows_scanned": 0,
                                "operator_timing": 0.0,
                                "children": [
                                  {
                                    "total_bytes_written": 0,
                                    "total_bytes_read": 0,
                                    "result_set_size": 40,
                                    "operator_name": "PROJECTION",
                                    "cpu_time": 0.0,
                                    "extra_info": {
                                      "Projections": "sales",
                                      "Estimated Cardinality": "4613"
                                    },
                                    "cumulative_cardinality": 0,
                                    "operator_type": "PROJECTION",
                                    "operator_cardinality": 5,
                                    "cumulative_rows_scanned": 0,
                                    "operator_rows_scanned": 0,
                                    "operator_timing": 2.8184e-05,
                                    "children": [
                                      {
                                        "total_bytes_written": 0,
                                        "total_bytes_read": 0,
                                        "result_set_size": 40,
                                        "operator_name": "HASH_JOIN",
                                        "cpu_time": 0.0,
                                        "extra_info": {
                                          "Join Type": "SEMI",
                                          "Conditions": "cs_bill_customer_sk = #0",
                                          "Estimated Cardinality": "4613"
                                        },
                                        "cumulative_cardinality": 0,
                                        "operator_type": "HASH_JOIN",
                                        "operator_cardinality": 5,
                                        "cumulative_rows_scanned": 0,
                                        "operator_rows_scanned": 0,
                                        "operator_timing": 0.0027062910000000004,
                                        "children": [
                                          {
                                            "total_bytes_written": 0,
                                            "total_bytes_read": 0,
                                            "result_set_size": 88752,
                                            "operator_name": "HASH_JOIN",
                                            "cpu_time": 0.0,
                                            "extra_info": {
                                              "Join Type": "RIGHT_SEMI",
                                              "Conditions": "#0 = cs_item_sk",
                                              "Estimated Cardinality": "23065"
                                            },
                                            "cumulative_cardinality": 0,
                                            "operator_type": "HASH_JOIN",
                                            "operator_cardinality": 7396,
                                            "cumulative_rows_scanned": 0,
                                            "operator_rows_scanned": 0,
                                            "operator_timing": 0.025360758,
                                            "children": [
                                              {
                                                "total_bytes_written": 0,
                                                "total_bytes_read": 0,
                                                "result_set_size": 16808,
                                                "operator_name": "PROJECTION",
                                                "cpu_time": 0.0,
                                                "extra_info": {
                                                  "Projections": "item_sk",
                                                  "Estimated Cardinality": "1196617"
                                                },
                                                "cumulative_cardinality": 0,
                                                "operator_type": "PROJECTION",
                                                "operator_cardinality": 4202,
                                                "cumulative_rows_scanned": 0,
                                                "operator_rows_scanned": 0,
                                                "operator_timing": 1.9341e-05,
                                                "children": [
                                                  {
                                                    "total_bytes_written": 0,
                                                    "total_bytes_read": 0,
                                                    "result_set_size": 134464,
                                                    "operator_name": "CTE_SCAN",
                                                    "cpu_time": 0.0,
                                                    "extra_info": {
                                                      "CTE Index": "0",
                                                      "Estimated Cardinality": "1196617"
                                                    },
                                                    "cumulative_cardinality": 0,
                                                    "operator_type": "CTE_SCAN",
                                                    "operator_cardinality": 4202,
                                                    "cumulative_rows_scanned": 0,
                                                    "operator_rows_scanned": 0,
                                                    "operator_timing": 0.00038190100000000003,
                                                    "children": []
                                                  }
                                                ]
                                              },
                                              {
                                                "total_bytes_written": 0,
                                                "total_bytes_read": 0,
                                                "result_set_size": 2813500,
                                                "operator_name": "HASH_JOIN",
                                                "cpu_time": 0.0,
                                                "extra_info": {
                                                  "Join Type": "INNER",
                                                  "Conditions": "cs_sold_date_sk = d_date_sk",
                                                  "Estimated Cardinality": "115329"
                                                },
                                                "cumulative_cardinality": 0,
                                                "operator_type": "HASH_JOIN",
                                                "operator_cardinality": 140675,
                                                "cumulative_rows_scanned": 0,
                                                "operator_rows_scanned": 0,
                                                "operator_timing": 0.0005335190000000001,
                                                "children": [
                                                  {
                                                    "total_bytes_written": 0,
                                                    "total_bytes_read": 0,
                                                    "result_set_size": 2813500,
                                                    "operator_name": "SEQ_SCAN ",
                                                    "cpu_time": 0.0,
                                                    "extra_info": {
                                                      "Table": "catalog_sales",
                                                      "Type": "Sequential Scan",
                                                      "Projections": [
                                                        "cs_sold_date_sk",
                                                        "cs_item_sk",
                                                        "cs_bill_customer_sk",
                                                        "cs_quantity",
                                                        "cs_list_price"
                                                      ],
                                                      "Estimated Cardinality": "14401261"
                                                    },
                                                    "cumulative_cardinality": 0,
                                                    "operator_type": "TABLE_SCAN",
                                                    "operator_cardinality": 140675,
                                                    "cumulative_rows_scanned": 0,
                                                    "operator_rows_scanned": 403235308,
                                                    "operator_timing": 0.014597668000000001,
                                                    "children": []
                                                  },
                                                  {
                                                    "total_bytes_written": 0,
                                                    "total_bytes_read": 0,
                                                    "result_set_size": 124,
                                                    "operator_name": "FILTER",
                                                    "cpu_time": 0.0,
                                                    "extra_info": {
                                                      "Expression": "(d_date_sk BETWEEN 2450815 AND 2452653)",
                                                      "Estimated Cardinality": "585"
                                                    },
                                                    "cumulative_cardinality": 0,
                                                    "operator_type": "FILTER",
                                                    "operator_cardinality": 31,
                                                    "cumulative_rows_scanned": 0,
                                                    "operator_rows_scanned": 0,
                                                    "operator_timing": 3.8447999999999995e-05,
                                                    "children": [
                                                      {
                                                        "total_bytes_written": 0,
                                                        "total_bytes_read": 0,
                                                        "result_set_size": 124,
                                                        "operator_name": "SEQ_SCAN ",
                                                        "cpu_time": 0.0,
                                                        "extra_info": {
                                                          "Table": "date_dim",
                                                          "Type": "Sequential Scan",
                                                          "Projections": "d_date_sk",
                                                          "Filters": [
                                                            "d_year=2000",
                                                            "d_moy=5"
                                                          ],
                                                          "Estimated Cardinality": "585"
                                                        },
                                                        "cumulative_cardinality": 0,
                                                        "operator_type": "TABLE_SCAN",
                                                        "operator_cardinality": 31,
                                                        "cumulative_rows_scanned": 0,
                                                        "operator_rows_scanned": 73049,
                                                        "operator_timing": 0.006583497000000001,
                                                        "children": []
                                                      }
                                                    ]
                                                  }
                                                ]
                                              }
                                            ]
                                          },
                                          {
                                            "total_bytes_written": 0,
                                            "total_bytes_read": 0,
                                            "result_set_size": 684,
                                            "operator_name": "PROJECTION",
                                            "cpu_time": 0.0,
                                            "extra_info": {
                                              "Projections": "c_customer_sk",
                                              "Estimated Cardinality": "72"
                                            },
                                            "cumulative_cardinality": 0,
                                            "operator_type": "PROJECTION",
                                            "operator_cardinality": 171,
                                            "cumulative_rows_scanned": 0,
                                            "operator_rows_scanned": 0,
                                            "operator_timing": 3.189499999999999e-05,
                                            "children": [
                                              {
                                                "total_bytes_written": 0,
                                                "total_bytes_read": 0,
                                                "result_set_size": 6156,
                                                "operator_name": "NESTED_LOOP_JOIN",
                                                "cpu_time": 0.0,
                                                "extra_info": {
                                                  "Join Type": "INNER",
                                                  "Conditions": "CAST(sum((CAST(ss_quantity AS DECIMAL(17,0)) * CAST(ss_sales_price AS DECIMAL(17,2)))) AS DOUBLE) > (0.95 * CAST(SUBQUERY AS DOUBLE))",
                                                  "Estimated Cardinality": "72"
                                                },
                                                "cumulative_cardinality": 0,
                                                "operator_type": "NESTED_LOOP_JOIN",
                                                "operator_cardinality": 171,
                                                "cumulative_rows_scanned": 0,
                                                "operator_rows_scanned": 0,
                                                "operator_timing": 0.016160058999999997,
                                                "children": [
                                                  {
                                                    "total_bytes_written": 0,
                                                    "total_bytes_read": 0,
                                                    "result_set_size": 9916960,
                                                    "operator_name": "HASH_GROUP_BY",
                                                    "cpu_time": 0.0,
                                                    "extra_info": {
                                                      "Groups": "#0",
                                                      "Aggregates": "sum(#1)",
                                                      "Estimated Cardinality": "385154"
                                                    },
                                                    "cumulative_cardinality": 0,
                                                    "operator_type": "HASH_GROUP_BY",
                                                    "operator_cardinality": 495848,
                                                    "cumulative_rows_scanned": 0,
                                                    "operator_rows_scanned": 0,
                                                    "operator_timing": 1.479419594,
                                                    "children": [
                                                      {
                                                        "total_bytes_written": 0,
                                                        "total_bytes_read": 0,
                                                        "result_set_size": 330048288,
                                                        "operator_name": "PROJECTION",
                                                        "cpu_time": 0.0,
                                                        "extra_info": {
                                                          "Projections": [
                                                            "c_customer_sk",
                                                            "(CAST(ss_quantity AS DECIMAL(17,0)) * CAST(ss_sales_price AS DECIMAL(17,2)))"
                                                          ],
                                                          "Estimated Cardinality": "28800991"
                                                        },
                                                        "cumulative_cardinality": 0,
                                                        "operator_type": "PROJECTION",
                                                        "operator_cardinality": 27504024,
                                                        "cumulative_rows_scanned": 0,
                                                        "operator_rows_scanned": 0,
                                                        "operator_timing": 0.3653885469999999,
                                                        "children": [
                                                          {
                                                            "total_bytes_written": 0,
                                                            "total_bytes_read": 0,
                                                            "result_set_size": 440064384,
                                                            "operator_name": "HASH_JOIN",
                                                            "cpu_time": 0.0,
                                                            "extra_info": {
                                                              "Join Type": "INNER",
                                                              "Conditions": "ss_customer_sk = c_customer_sk",
                                                              "Estimated Cardinality": "28800991"
                                                            },
                                                            "cumulative_cardinality": 0,
                                                            "operator_type": "HASH_JOIN",
                                                            "operator_cardinality": 27504024,
                                                            "cumulative_rows_scanned": 0,
                                                            "operator_rows_scanned": 0,
                                                            "operator_timing": 0.13878269300000004,
                                                            "children": [
                                                              {
                                                                "total_bytes_written": 0,
                                                                "total_bytes_read": 0,
                                                                "result_set_size": 330048288,
                                                                "operator_name": "SEQ_SCAN ",
                                                                "cpu_time": 0.0,
                                                                "extra_info": {
                                                                  "Table": "store_sales",
                                                                  "Type": "Sequential Scan",
                                                                  "Projections": [
                                                                    "ss_customer_sk",
                                                                    "ss_quantity",
                                                                    "ss_sales_price"
                                                                  ],
                                                                  "Estimated Cardinality": "28800991"
                                                                },
                                                                "cumulative_cardinality": 0,
                                                                "operator_type": "TABLE_SCAN",
                                                                "operator_cardinality": 27504024,
                                                                "cumulative_rows_scanned": 0,
                                                                "operator_rows_scanned": 806427748,
                                                                "operator_timing": 0.309173736,
                                                                "children": []
                                                              },
                                                              {
                                                                "total_bytes_written": 0,
                                                                "total_bytes_read": 0,
                                                                "result_set_size": 2000000,
                                                                "operator_name": "SEQ_SCAN ",
                                                                "cpu_time": 0.0,
                                                                "extra_info": {
                                                                  "Table": "customer",
                                                                  "Type": "Sequential Scan",
                                                                  "Projections": "c_customer_sk",
                                                                  "Estimated Cardinality": "500000"
                                                                },
                                                                "cumulative_cardinality": 0,
                                                                "operator_type": "TABLE_SCAN",
                                                                "operator_cardinality": 500000,
                                                                "cumulative_rows_scanned": 0,
                                                                "operator_rows_scanned": 2500000,
                                                                "operator_timing": 0.015256976,
                                                                "children": []
                                                              }
                                                            ]
                                                          }
                                                        ]
                                                      }
                                                    ]
                                                  },
                                                  {
                                                    "total_bytes_written": 0,
                                                    "total_bytes_read": 0,
                                                    "result_set_size": 16,
                                                    "operator_name": "PROJECTION",
                                                    "cpu_time": 0.0,
                                                    "extra_info": {
                                                      "Projections": [
                                                        "CASE  WHEN ((#1 > 1)) THEN (\"error\"('More than one row returned by a subquery used as an expression - scalar subqueries can only return a single row.",
                                                        "Use \"SET scalar_subquery_error_on_multiple_rows=false\" to revert to previous behavior of returning a random row.')) ELSE #0 END"
                                                      ],
                                                      "Estimated Cardinality": "1"
                                                    },
                                                    "cumulative_cardinality": 0,
                                                    "operator_type": "PROJECTION",
                                                    "operator_cardinality": 1,
                                                    "cumulative_rows_scanned": 0,
                                                    "operator_rows_scanned": 0,
                                                    "operator_timing": 2.155e-06,
                                                    "children": [
                                                      {
                                                        "total_bytes_written": 0,
                                                        "total_bytes_read": 0,
                                                        "result_set_size": 24,
                                                        "operator_name": "UNGROUPED_AGGREGATE",
                                                        "cpu_time": 0.0,
                                                        "extra_info": {
                                                          "Aggregates": [
                                                            "\"first\"(#0)",
                                                            "count_star()"
                                                          ]
                                                        },
                                                        "cumulative_cardinality": 0,
                                                        "operator_type": "UNGROUPED_AGGREGATE",
                                                        "operator_cardinality": 1,
                                                        "cumulative_rows_scanned": 0,
                                                        "operator_rows_scanned": 0,
                                                        "operator_timing": 3.122e-06,
                                                        "children": [
                                                          {
                                                            "total_bytes_written": 0,
                                                            "total_bytes_read": 0,
                                                            "result_set_size": 16,
                                                            "operator_name": "PROJECTION",
                                                            "cpu_time": 0.0,
                                                            "extra_info": {
                                                              "Projections": "#0",
                                                              "Estimated Cardinality": "1"
                                                            },
                                                            "cumulative_cardinality": 0,
                                                            "operator_type": "PROJECTION",
                                                            "operator_cardinality": 1,
                                                            "cumulative_rows_scanned": 0,
                                                            "operator_rows_scanned": 0,
                                                            "operator_timing": 4.97e-07,
                                                            "children": [
                                                              {
                                                                "total_bytes_written": 0,
                                                                "total_bytes_read": 0,
                                                                "result_set_size": 16,
                                                                "operator_name": "CTE_SCAN",
                                                                "cpu_time": 0.0,
                                                                "extra_info": {
                                                                  "CTE Index": "10",
                                                                  "Estimated Cardinality": "1"
                                                                },
                                                                "cumulative_cardinality": 0,
                                                                "operator_type": "CTE_SCAN",
                                                                "operator_cardinality": 1,
                                                                "cumulative_rows_scanned": 0,
                                                                "operator_rows_scanned": 0,
                                                                "operator_timing": 2.4879999999999997e-06,
                                                                "children": []
                                                              }
                                                            ]
                                                          }
                                                        ]
                                                      }
                                                    ]
                                                  }
                                                ]
                                              }
                                            ]
                                          }
                                        ]
                                      }
                                    ]
                                  },
                                  {
                                    "total_bytes_written": 0,
                                    "total_bytes_read": 0,
                                    "result_set_size": 16,
                                    "operator_name": "PROJECTION",
                                    "cpu_time": 0.0,
                                    "extra_info": {
                                      "Projections": "sales",
                                      "Estimated Cardinality": "2305"
                                    },
                                    "cumulative_cardinality": 0,
                                    "operator_type": "PROJECTION",
                                    "operator_cardinality": 2,
                                    "cumulative_rows_scanned": 0,
                                    "operator_rows_scanned": 0,
                                    "operator_timing": 7.017e-06,
                                    "children": [
                                      {
                                        "total_bytes_written": 0,
                                        "total_bytes_read": 0,
                                        "result_set_size": 16,
                                        "operator_name": "HASH_JOIN",
                                        "cpu_time": 0.0,
                                        "extra_info": {
                                          "Join Type": "SEMI",
                                          "Conditions": "ws_bill_customer_sk = #0",
                                          "Estimated Cardinality": "2305"
                                        },
                                        "cumulative_cardinality": 0,
                                        "operator_type": "HASH_JOIN",
                                        "operator_cardinality": 2,
                                        "cumulative_rows_scanned": 0,
                                        "operator_rows_scanned": 0,
                                        "operator_timing": 0.0024715099999999997,
                                        "children": [
                                          {
                                            "total_bytes_written": 0,
                                            "total_bytes_read": 0,
                                            "result_set_size": 44148,
                                            "operator_name": "HASH_JOIN",
                                            "cpu_time": 0.0,
                                            "extra_info": {
                                              "Join Type": "RIGHT_SEMI",
                                              "Conditions": "#0 = ws_item_sk",
                                              "Estimated Cardinality": "11528"
                                            },
                                            "cumulative_cardinality": 0,
                                            "operator_type": "HASH_JOIN",
                                            "operator_cardinality": 3679,
                                            "cumulative_rows_scanned": 0,
                                            "operator_rows_scanned": 0,
                                            "operator_timing": 0.025123582999999994,
                                            "children": [
                                              {
                                                "total_bytes_written": 0,
                                                "total_bytes_read": 0,
                                                "result_set_size": 16808,
                                                "operator_name": "PROJECTION",
                                                "cpu_time": 0.0,
                                                "extra_info": {
                                                  "Projections": "item_sk",
                                                  "Estimated Cardinality": "1196617"
                                                },
                                                "cumulative_cardinality": 0,
                                                "operator_type": "PROJECTION",
                                                "operator_cardinality": 4202,
                                                "cumulative_rows_scanned": 0,
                                                "operator_rows_scanned": 0,
                                                "operator_timing": 6.931e-06,
                                                "children": [
                                                  {
                                                    "total_bytes_written": 0,
                                                    "total_bytes_read": 0,
                                                    "result_set_size": 134464,
                                                    "operator_name": "CTE_SCAN",
                                                    "cpu_time": 0.0,
                                                    "extra_info": {
                                                      "CTE Index": "0",
                                                      "Estimated Cardinality": "1196617"
                                                    },
                                                    "cumulative_cardinality": 0,
                                                    "operator_type": "CTE_SCAN",
                                                    "operator_cardinality": 4202,
                                                    "cumulative_rows_scanned": 0,
                                                    "operator_rows_scanned": 0,
                                                    "operator_timing": 0.00017718899999999996,
                                                    "children": []
                                                  }
                                                ]
                                              },
                                              {
                                                "total_bytes_written": 0,
                                                "total_bytes_read": 0,
                                                "result_set_size": 1464420,
                                                "operator_name": "HASH_JOIN",
                                                "cpu_time": 0.0,
                                                "extra_info": {
                                                  "Join Type": "INNER",
                                                  "Conditions": "ws_sold_date_sk = d_date_sk",
                                                  "Estimated Cardinality": "57640"
                                                },
                                                "cumulative_cardinality": 0,
                                                "operator_type": "HASH_JOIN",
                                                "operator_cardinality": 73221,
                                                "cumulative_rows_scanned": 0,
                                                "operator_rows_scanned": 0,
                                                "operator_timing": 0.034641738,
                                                "children": [
                                                  {
                                                    "total_bytes_written": 0,
                                                    "total_bytes_read": 0,
                                                    "result_set_size": 1464420,
                                                    "operator_name": "SEQ_SCAN ",
                                                    "cpu_time": 0.0,
                                                    "extra_info": {
                                                      "Table": "web_sales",
                                                      "Type": "Sequential Scan",
                                                      "Projections": [
                                                        "ws_sold_date_sk",
                                                        "ws_item_sk",
                                                        "ws_bill_customer_sk",
                                                        "ws_quantity",
                                                        "ws_list_price"
                                                      ],
                                                      "Estimated Cardinality": "7197566"
                                                    },
                                                    "cumulative_cardinality": 0,
                                                    "operator_type": "TABLE_SCAN",
                                                    "operator_cardinality": 73221,
                                                    "cumulative_rows_scanned": 0,
                                                    "operator_rows_scanned": 201531848,
                                                    "operator_timing": 3.713441788999999,
                                                    "children": []
                                                  },
                                                  {
                                                    "total_bytes_written": 0,
                                                    "total_bytes_read": 0,
                                                    "result_set_size": 124,
                                                    "operator_name": "FILTER",
                                                    "cpu_time": 0.0,
                                                    "extra_info": {
                                                      "Expression": "(d_date_sk BETWEEN 2450816 AND 2452642)",
                                                      "Estimated Cardinality": "585"
                                                    },
                                                    "cumulative_cardinality": 0,
                                                    "operator_type": "FILTER",
                                                    "operator_cardinality": 31,
                                                    "cumulative_rows_scanned": 0,
                                                    "operator_rows_scanned": 0,
                                                    "operator_timing": 3.6987000000000003e-05,
                                                    "children": [
                                                      {
                                                        "total_bytes_written": 0,
                                                        "total_bytes_read": 0,
                                                        "result_set_size": 124,
                                                        "operator_name": "SEQ_SCAN ",
                                                        "cpu_time": 0.0,
                                                        "extra_info": {
                                                          "Table": "date_dim",
                                                          "Type": "Sequential Scan",
                                                          "Projections": "d_date_sk",
                                                          "Filters": [
                                                            "d_year=2000",
                                                            "d_moy=5"
                                                          ],
                                                          "Estimated Cardinality": "585"
                                                        },
                                                        "cumulative_cardinality": 0,
                                                        "operator_type": "TABLE_SCAN",
                                                        "operator_cardinality": 31,
                                                        "cumulative_rows_scanned": 0,
                                                        "operator_rows_scanned": 73049,
                                                        "operator_timing": 0.006304876,
                                                        "children": []
                                                      }
                                                    ]
                                                  }
                                                ]
                                              }
                                            ]
                                          },
                                          {
                                            "total_bytes_written": 0,
                                            "total_bytes_read": 0,
                                            "result_set_size": 684,
                                            "operator_name": "PROJECTION",
                                            "cpu_time": 0.0,
                                            "extra_info": {
                                              "Projections": "c_customer_sk",
                                              "Estimated Cardinality": "72"
                                            },
                                            "cumulative_cardinality": 0,
                                            "operator_type": "PROJECTION",
                                            "operator_cardinality": 171,
                                            "cumulative_rows_scanned": 0,
                                            "operator_rows_scanned": 0,
                                            "operator_timing": 4.8651000000000006e-05,
                                            "children": [
                                              {
                                                "total_bytes_written": 0,
                                                "total_bytes_read": 0,
                                                "result_set_size": 6156,
                                                "operator_name": "NESTED_LOOP_JOIN",
                                                "cpu_time": 0.0,
                                                "extra_info": {
                                                  "Join Type": "INNER",
                                                  "Conditions": "CAST(sum((CAST(ss_quantity AS DECIMAL(17,0)) * CAST(ss_sales_price AS DECIMAL(17,2)))) AS DOUBLE) > (0.95 * CAST(SUBQUERY AS DOUBLE))",
                                                  "Estimated Cardinality": "72"
                                                },
                                                "cumulative_cardinality": 0,
                                                "operator_type": "NESTED_LOOP_JOIN",
                                                "operator_cardinality": 171,
                                                "cumulative_rows_scanned": 0,
                                                "operator_rows_scanned": 0,
                                                "operator_timing": 0.014949875,
                                                "children": [
                                                  {
                                                    "total_bytes_written": 0,
                                                    "total_bytes_read": 0,
                                                    "result_set_size": 9916900,
                                                    "operator_name": "HASH_GROUP_BY",
                                                    "cpu_time": 0.0,
                                                    "extra_info": {
                                                      "Groups": "#0",
                                                      "Aggregates": "sum(#1)",
                                                      "Estimated Cardinality": "385154"
                                                    },
                                                    "cumulative_cardinality": 0,
                                                    "operator_type": "HASH_GROUP_BY",
                                                    "operator_cardinality": 495845,
                                                    "cumulative_rows_scanned": 0,
                                                    "operator_rows_scanned": 0,
                                                    "operator_timing": 1.548530856,
                                                    "children": [
                                                      {
                                                        "total_bytes_written": 0,
                                                        "total_bytes_read": 0,
                                                        "result_set_size": 330046536,
                                                        "operator_name": "PROJECTION",
                                                        "cpu_time": 0.0,
                                                        "extra_info": {
                                                          "Projections": [
                                                            "c_customer_sk",
                                                            "(CAST(ss_quantity AS DECIMAL(17,0)) * CAST(ss_sales_price AS DECIMAL(17,2)))"
                                                          ],
                                                          "Estimated Cardinality": "28800991"
                                                        },
                                                        "cumulative_cardinality": 0,
                                                        "operator_type": "PROJECTION",
                                                        "operator_cardinality": 27503878,
                                                        "cumulative_rows_scanned": 0,
                                                        "operator_rows_scanned": 0,
                                                        "operator_timing": 0.36693722300000003,
                                                        "children": [
                                                          {
                                                            "total_bytes_written": 0,
                                                            "total_bytes_read": 0,
                                                            "result_set_size": 440062048,
                                                            "operator_name": "HASH_JOIN",
                                                            "cpu_time": 0.0,
                                                            "extra_info": {
                                                              "Join Type": "INNER",
                                                              "Conditions": "c_customer_sk = c_customer_sk",
                                                              "Estimated Cardinality": "28800991"
                                                            },
                                                            "cumulative_cardinality": 0,
                                                            "operator_type": "HASH_JOIN",
                                                            "operator_cardinality": 27503878,
                                                            "cumulative_rows_scanned": 0,
                                                            "operator_rows_scanned": 0,
                                                            "operator_timing": 1.145189548,
                                                            "children": [
                                                              {
                                                                "total_bytes_written": 0,
                                                                "total_bytes_read": 0,
                                                                "result_set_size": 330046536,
                                                                "operator_name": "SEQ_SCAN ",
                                                                "cpu_time": 0.0,
                                                                "extra_info": {
                                                                  "Table": "store_sales",
                                                                  "Type": "Sequential Scan",
                                                                  "Projections": [
                                                                    "ss_customer_sk",
                                                                    "ss_quantity",
                                                                    "ss_sales_price"
                                                                  ],
                                                                  "Filters": "ss_customer_sk>=2 AND ss_customer_sk<=499998",
                                                                  "Estimated Cardinality": "28800991"
                                                                },
                                                                "cumulative_cardinality": 0,
                                                                "operator_type": "TABLE_SCAN",
                                                                "operator_cardinality": 27503878,
                                                                "cumulative_rows_scanned": 0,
                                                                "operator_rows_scanned": 806427748,
                                                                "operator_timing": 0.406281678,
                                                                "children": []
                                                              },
                                                              {
                                                                "total_bytes_written": 0,
                                                                "total_bytes_read": 0,
                                                                "result_set_size": 1999988,
                                                                "operator_name": "SEQ_SCAN ",
                                                                "cpu_time": 0.0,
                                                                "extra_info": {
                                                                  "Table": "customer",
                                                                  "Type": "Sequential Scan",
                                                                  "Projections": "c_customer_sk",
                                                                  "Filters": "c_customer_sk>=2 AND c_customer_sk<=499998",
                                                                  "Estimated Cardinality": "500000"
                                                                },
                                                                "cumulative_cardinality": 0,
                                                                "operator_type": "TABLE_SCAN",
                                                                "operator_cardinality": 499997,
                                                                "cumulative_rows_scanned": 0,
                                                                "operator_rows_scanned": 2500000,
                                                                "operator_timing": 0.014140511000000003,
                                                                "children": []
                                                              }
                                                            ]
                                                          }
                                                        ]
                                                      }
                                                    ]
                                                  },
                                                  {
                                                    "total_bytes_written": 0,
                                                    "total_bytes_read": 0,
                                                    "result_set_size": 16,
                                                    "operator_name": "PROJECTION",
                                                    "cpu_time": 0.0,
                                                    "extra_info": {
                                                      "Projections": [
                                                        "CASE  WHEN ((#1 > 1)) THEN (\"error\"('More than one row returned by a subquery used as an expression - scalar subqueries can only return a single row.",
                                                        "Use \"SET scalar_subquery_error_on_multiple_rows=false\" to revert to previous behavior of returning a random row.')) ELSE #0 END"
                                                      ],
                                                      "Estimated Cardinality": "1"
                                                    },
                                                    "cumulative_cardinality": 0,
                                                    "operator_type": "PROJECTION",
                                                    "operator_cardinality": 1,
                                                    "cumulative_rows_scanned": 0,
                                                    "operator_rows_scanned": 0,
                                                    "operator_timing": 1.1786e-05,
                                                    "children": [
                                                      {
                                                        "total_bytes_written": 0,
                                                        "total_bytes_read": 0,
                                                        "result_set_size": 24,
                                                        "operator_name": "UNGROUPED_AGGREGATE",
                                                        "cpu_time": 0.0,
                                                        "extra_info": {
                                                          "Aggregates": [
                                                            "\"first\"(#0)",
                                                            "count_star()"
                                                          ]
                                                        },
                                                        "cumulative_cardinality": 0,
                                                        "operator_type": "UNGROUPED_AGGREGATE",
                                                        "operator_cardinality": 1,
                                                        "cumulative_rows_scanned": 0,
                                                        "operator_rows_scanned": 0,
                                                        "operator_timing": 2.1445999999999998e-05,
                                                        "children": [
                                                          {
                                                            "total_bytes_written": 0,
                                                            "total_bytes_read": 0,
                                                            "result_set_size": 16,
                                                            "operator_name": "PROJECTION",
                                                            "cpu_time": 0.0,
                                                            "extra_info": {
                                                              "Projections": "#0",
                                                              "Estimated Cardinality": "1"
                                                            },
                                                            "cumulative_cardinality": 0,
                                                            "operator_type": "PROJECTION",
                                                            "operator_cardinality": 1,
                                                            "cumulative_rows_scanned": 0,
                                                            "operator_rows_scanned": 0,
                                                            "operator_timing": 4.38e-07,
                                                            "children": [
                                                              {
                                                                "total_bytes_written": 0,
                                                                "total_bytes_read": 0,
                                                                "result_set_size": 16,
                                                                "operator_name": "CTE_SCAN",
                                                                "cpu_time": 0.0,
                                                                "extra_info": {
                                                                  "CTE Index": "10",
                                                                  "Estimated Cardinality": "1"
                                                                },
                                                                "cumulative_cardinality": 0,
                                                                "operator_type": "CTE_SCAN",
                                                                "operator_cardinality": 1,
                                                                "cumulative_rows_scanned": 0,
                                                                "operator_rows_scanned": 0,
                                                                "operator_timing": 6.6459999999999996e-06,
                                                                "children": []
                                                              }
                                                            ]
                                                          }
                                                        ]
                                                      }
                                                    ]
                                                  }
                                                ]
                                              }
                                            ]
                                          }
                                        ]
                                      }
                                    ]
                                  }
                                ]
                              }
                            ]
                          }
                        ]
                      }
                    ]
                  }
                ]
              }
            ]
          }
        ]
      }
    ]
  },
  "actual_rows": 0,
  "provenance": {
    "database": "/mnt/d/TPC-DS/tpcds_sf10.duckdb",
    "scale_factor": 10,
    "engine": "duckdb",
    "engine_version": "1.4.3",
    "cached_at": "2026-02-08T10:20:56.249155"
  }
}