{
  "execution_time_ms": 0.0,
  "plan_text": "\u250c\u2500\u2500\u2500\u2500\u2500\u2500\u2500\u2500\u2500\u2500\u2500\u2500\u2500\u2500\u2500\u2510\n\u2502      CTE      \u2502\n\u2502    \u2500\u2500\u2500\u2500\u2500\u2500\u2500\u2500   \u2502\n\u2502   CTE Name:   \u2502\n\u2502   all_sales   \u2502\n\u2502               \u251c\u2500\u2500\u2500\u2500\u2500\u2500\u2500\u2500\u2500\u2500\u2500\u2500\u2500\u2500\u2500\u2500\u2500\u2500\u2500\u2500\u2500\u2500\u2500\u2500\u2500\u2500\u2500\u2500\u2500\u2500\u2500\u2500\u2500\u2500\u2500\u2500\u2500\u2500\u2500\u2500\u2500\u2500\u2500\u2500\u2500\u2500\u2500\u2500\u2500\u2500\u2500\u2500\u2500\u2500\u2500\u2500\u2500\u2500\u2500\u2500\u2500\u2500\u2500\u2500\u2500\u2500\u2500\u2500\u2500\u2500\u2500\u2500\u2500\u2500\u2500\u2500\u2500\u2500\u2500\u2500\u2500\u2500\u2500\u2500\u2500\u2500\u2500\u2500\u2500\u2500\u2500\u2500\u2500\u2500\u2500\u2500\u2500\u2500\u2500\u2500\u2500\u2500\u2500\u2500\u2500\u2500\u2500\u2500\u2500\u2500\u2500\u2500\u2500\u2500\u2500\u2500\u2500\u2500\u2500\u2500\u2500\u2500\u2500\u2500\u2500\u2500\u2500\u2500\u2500\u2500\u2500\u2500\u2500\u2500\u2500\u2500\u2500\u2500\u2500\u2500\u2500\u2500\u2500\u2500\u2500\u2500\u2500\u2500\u2500\u2500\u2500\u2500\u2500\u2500\u2500\u2500\u2500\u2500\u2500\u2500\u2500\u2500\u2500\u2500\u2500\u2500\u2500\u2500\u2500\u2500\u2500\u2500\u2500\u2500\u2500\u2500\u2500\u2500\u2500\u2500\u2500\u2500\u2500\u2500\u2500\u2500\u2500\u2500\u2500\u2500\u2500\u2500\u2500\u2500\u2500\u2510\n\u2502  Table Index: \u2502                                                                                                                                                                                                   \u2502\n\u2502       0       \u2502                                                                                                                                                                                                   \u2502\n\u2502               \u2502                                                                                                                                                                                                   \u2502\n\u2502   ~100 rows   \u2502                                                                                                                                                                                                   \u2502\n\u2514\u2500\u2500\u2500\u2500\u2500\u2500\u2500\u252c\u2500\u2500\u2500\u2500\u2500\u2500\u2500\u2518                                                                                                                                                                                                   \u2502\n\u250c\u2500\u2500\u2500\u2500\u2500\u2500\u2500\u2534\u2500\u2500\u2500\u2500\u2500\u2500\u2500\u2510                                                                                                                                                                                           \u250c\u2500\u2500\u2500\u2500\u2500\u2500\u2500\u2534\u2500\u2500\u2500\u2500\u2500\u2500\u2500\u2510\n\u2502   PROJECTION  \u2502                                                                                                                                                                                           \u2502     TOP_N     \u2502\n\u2502    \u2500\u2500\u2500\u2500\u2500\u2500\u2500\u2500   \u2502                                                                                                                                                                                           \u2502    \u2500\u2500\u2500\u2500\u2500\u2500\u2500\u2500   \u2502\n\u2502__internal_deco\u2502                                                                                                                                                                                           \u2502    Top: 100   \u2502\n\u2502mpress_integral\u2502                                                                                                                                                                                           \u2502               \u2502\n\u2502  _integer(#0, \u2502                                                                                                                                                                                           \u2502   Order By:   \u2502\n\u2502      1900)    \u2502                                                                                                                                                                                           \u2502    (curr_yr   \u2502\n\u2502       #1      \u2502                                                                                                                                                                                           \u2502  .sales_cnt - \u2502\n\u2502__internal_deco\u2502                                                                                                                                                                                           \u2502     prev_yr   \u2502\n\u2502mpress_integral\u2502                                                                                                                                                                                           \u2502.sales_cnt) ASC\u2502\n\u2502_integer(#2, 1)\u2502                                                                                                                                                                                           \u2502    (curr_yr   \u2502\n\u2502__internal_deco\u2502                                                                                                                                                                                           \u2502  .sales_amt - \u2502\n\u2502mpress_integral\u2502                                                                                                                                                                                           \u2502     prev_yr   \u2502\n\u2502_integer(#3, 1)\u2502                                                                                                                                                                                           \u2502.sales_amt) ASC\u2502\n\u2502__internal_deco\u2502                                                                                                                                                                                           \u2502               \u2502\n\u2502mpress_integral\u2502                                                                                                                                                                                           \u2502               \u2502\n\u2502_integer(#4, 1)\u2502                                                                                                                                                                                           \u2502               \u2502\n\u2502       #5      \u2502                                                                                                                                                                                           \u2502               \u2502\n\u2502       #6      \u2502                                                                                                                                                                                           \u2502               \u2502\n\u2502               \u2502                                                                                                                                                                                           \u2502               \u2502\n\u2502~2,848,875 rows\u2502                                                                                                                                                                                           \u2502               \u2502\n\u2514\u2500\u2500\u2500\u2500\u2500\u2500\u2500\u252c\u2500\u2500\u2500\u2500\u2500\u2500\u2500\u2518                                                                                                                                                                                           \u2514\u2500\u2500\u2500\u2500\u2500\u2500\u2500\u252c\u2500\u2500\u2500\u2500\u2500\u2500\u2500\u2518\n\u250c\u2500\u2500\u2500\u2500\u2500\u2500\u2500\u2534\u2500\u2500\u2500\u2500\u2500\u2500\u2500\u2510                                                                                                                                                                                           \u250c\u2500\u2500\u2500\u2500\u2500\u2500\u2500\u2534\u2500\u2500\u2500\u2500\u2500\u2500\u2500\u2510\n\u2502 HASH_GROUP_BY \u2502                                                                                                                                                                                           \u2502   PROJECTION  \u2502\n\u2502    \u2500\u2500\u2500\u2500\u2500\u2500\u2500\u2500   \u2502                                                                                                                                                                                           \u2502    \u2500\u2500\u2500\u2500\u2500\u2500\u2500\u2500   \u2502\n\u2502    Groups:    \u2502                                                                                                                                                                                           \u2502   prev_year   \u2502\n\u2502       #0      \u2502                                                                                                                                                                                           \u2502      year     \u2502\n\u2502       #1      \u2502                                                                                                                                                                                           \u2502   i_brand_id  \u2502\n\u2502       #2      \u2502                                                                                                                                                                                           \u2502   i_class_id  \u2502\n\u2502       #3      \u2502                                                                                                                                                                                           \u2502 i_category_id \u2502\n\u2502       #4      \u2502                                                                                                                                                                                           \u2502 i_manufact_id \u2502\n\u2502               \u2502                                                                                                                                                                                           \u2502  prev_yr_cnt  \u2502\n\u2502  Aggregates:  \u2502                                                                                                                                                                                           \u2502  curr_yr_cnt  \u2502\n\u2502    sum(#5)    \u2502                                                                                                                                                                                           \u2502 sales_cnt_diff\u2502\n\u2502    sum(#6)    \u2502                                                                                                                                                                                           \u2502 sales_amt_diff\u2502\n\u2502               \u2502                                                                                                                                                                                           \u2502               \u2502\n\u2502~2,848,875 rows\u2502                                                                                                                                                                                           \u2502~3,060,309 rows\u2502\n\u2514\u2500\u2500\u2500\u2500\u2500\u2500\u2500\u252c\u2500\u2500\u2500\u2500\u2500\u2500\u2500\u2518                                                                                                                                                                                           \u2514\u2500\u2500\u2500\u2500\u2500\u2500\u2500\u252c\u2500\u2500\u2500\u2500\u2500\u2500\u2500\u2518\n\u250c\u2500\u2500\u2500\u2500\u2500\u2500\u2500\u2534\u2500\u2500\u2500\u2500\u2500\u2500\u2500\u2510                                                                                                                                                                                           \u250c\u2500\u2500\u2500\u2500\u2500\u2500\u2500\u2534\u2500\u2500\u2500\u2500\u2500\u2500\u2500\u2510\n\u2502   PROJECTION  \u2502                                                                                                                                                                                           \u2502     FILTER    \u2502\n\u2502    \u2500\u2500\u2500\u2500\u2500\u2500\u2500\u2500   \u2502                                                                                                                                                                                           \u2502    \u2500\u2500\u2500\u2500\u2500\u2500\u2500\u2500   \u2502\n\u2502     d_year    \u2502                                                                                                                                                                                           \u2502  ((CAST(CAST  \u2502\n\u2502   i_brand_id  \u2502                                                                                                                                                                                           \u2502 (sales_cnt AS \u2502\n\u2502   i_class_id  \u2502                                                                                                                                                                                           \u2502  DECIMAL(17,2)\u2502\n\u2502 i_category_id \u2502                                                                                                                                                                                           \u2502 ) AS DOUBLE) /\u2502\n\u2502 i_manufact_id \u2502                                                                                                                                                                                           \u2502    CAST(CAST  \u2502\n\u2502   sales_cnt   \u2502                                                                                                                                                                                           \u2502 (sales_cnt AS \u2502\n\u2502   sales_amt   \u2502                                                                                                                                                                                           \u2502  DECIMAL(17,2)\u2502\n\u2502               \u2502                                                                                                                                                                                           \u2502 ) AS DOUBLE)) \u2502\n\u2502               \u2502                                                                                                                                                                                           \u2502     < 0.9)    \u2502\n\u2502               \u2502                                                                                                                                                                                           \u2502               \u2502\n\u2502~2,877,532 rows\u2502                                                                                                                                                                                           \u2502~3,060,309 rows\u2502\n\u2514\u2500\u2500\u2500\u2500\u2500\u2500\u2500\u252c\u2500\u2500\u2500\u2500\u2500\u2500\u2500\u2518                                                                                                                                                                                           \u2514\u2500\u2500\u2500\u2500\u2500\u2500\u2500\u252c\u2500\u2500\u2500\u2500\u2500\u2500\u2500\u2518\n\u250c\u2500\u2500\u2500\u2500\u2500\u2500\u2500\u2534\u2500\u2500\u2500\u2500\u2500\u2500\u2500\u2510                                                                                                                                                                                           \u250c\u2500\u2500\u2500\u2500\u2500\u2500\u2500\u2534\u2500\u2500\u2500\u2500\u2500\u2500\u2500\u2510\n\u2502   PROJECTION  \u2502                                                                                                                                                                                           \u2502   HASH_JOIN   \u2502\n\u2502    \u2500\u2500\u2500\u2500\u2500\u2500\u2500\u2500   \u2502                                                                                                                                                                                           \u2502    \u2500\u2500\u2500\u2500\u2500\u2500\u2500\u2500   \u2502\n\u2502__internal_comp\u2502                                                                                                                                                                                           \u2502   Join Type:  \u2502\n\u2502ress_integral_u\u2502                                                                                                                                                                                           \u2502     INNER     \u2502\n\u2502  tinyint(#0,  \u2502                                                                                                                                                                                           \u2502               \u2502\n\u2502      1900)    \u2502                                                                                                                                                                                           \u2502  Conditions:  \u2502\n\u2502       #1      \u2502                                                                                                                                                                                           \u2502  i_brand_id = \u2502\n\u2502__internal_comp\u2502                                                                                                                                                                                           \u2502   i_brand_id  \u2502\n\u2502ress_integral_u\u2502                                                                                                                                                                                           \u2502  i_class_id = \u2502\n\u2502 tinyint(#2, 1)\u2502                                                                                                                                                                                           \u2502   i_class_id  \u2502\n\u2502__internal_comp\u2502                                                                                                                                                                                           \u2502 i_category_id \u251c\u2500\u2500\u2500\u2500\u2500\u2500\u2500\u2500\u2510\n\u2502ress_integral_u\u2502                                                                                                                                                                                           \u2502= i_category_id\u2502        \u2502\n\u2502 tinyint(#3, 1)\u2502                                                                                                                                                                                           \u2502 i_manufact_id \u2502        \u2502\n\u2502__internal_comp\u2502                                                                                                                                                                                           \u2502= i_manufact_id\u2502        \u2502\n\u2502ress_integral_u\u2502                                                                                                                                                                                           \u2502               \u2502        \u2502\n\u2502smallint(#4, 1)\u2502                                                                                                                                                                                           \u2502               \u2502        \u2502\n\u2502       #5      \u2502                                                                                                                                                                                           \u2502               \u2502        \u2502\n\u2502       #6      \u2502                                                                                                                                                                                           \u2502               \u2502        \u2502\n\u2502               \u2502                                                                                                                                                                                           \u2502               \u2502        \u2502\n\u2502~2,877,532 rows\u2502                                                                                                                                                                                           \u2502~3,060,309 rows\u2502        \u2502\n\u2514\u2500\u2500\u2500\u2500\u2500\u2500\u2500\u252c\u2500\u2500\u2500\u2500\u2500\u2500\u2500\u2518                                                                                                                                                                                           \u2514\u2500\u2500\u2500\u2500\u2500\u2500\u2500\u252c\u2500\u2500\u2500\u2500\u2500\u2500\u2500\u2518        \u2502\n\u250c\u2500\u2500\u2500\u2500\u2500\u2500\u2500\u2534\u2500\u2500\u2500\u2500\u2500\u2500\u2500\u2510                                                                                                                                                                                           \u250c\u2500\u2500\u2500\u2500\u2500\u2500\u2500\u2534\u2500\u2500\u2500\u2500\u2500\u2500\u2500\u2510\u250c\u2500\u2500\u2500\u2500\u2500\u2500\u2500\u2534\u2500\u2500\u2500\u2500\u2500\u2500\u2500\u2510\n\u2502 HASH_GROUP_BY \u2502                                                                                                                                                                                           \u2502     FILTER    \u2502\u2502     FILTER    \u2502\n\u2502    \u2500\u2500\u2500\u2500\u2500\u2500\u2500\u2500   \u2502                                                                                                                                                                                           \u2502    \u2500\u2500\u2500\u2500\u2500\u2500\u2500\u2500   \u2502\u2502    \u2500\u2500\u2500\u2500\u2500\u2500\u2500\u2500   \u2502\n\u2502    Groups:    \u2502                                                                                                                                                                                           \u2502(d_year = 1999)\u2502\u2502(d_year = 1998)\u2502\n\u2502       #0      \u2502                                                                                                                                                                                           \u2502               \u2502\u2502               \u2502\n\u2502       #1      \u2502                                                                                                                                                                                           \u2502               \u2502\u2502               \u2502\n\u2502       #2      \u2502                                                                                                                                                                                           \u2502               \u2502\u2502               \u2502\n\u2502       #3      \u2502                                                                                                                                                                                           \u2502               \u2502\u2502               \u2502\n\u2502       #4      \u2502                                                                                                                                                                                           \u2502               \u2502\u2502               \u2502\n\u2502       #5      \u2502                                                                                                                                                                                           \u2502               \u2502\u2502               \u2502\n\u2502       #6      \u2502                                                                                                                                                                                           \u2502               \u2502\u2502               \u2502\n\u2502               \u2502                                                                                                                                                                                           \u2502               \u2502\u2502               \u2502\n\u2502~2,877,532 rows\u2502                                                                                                                                                                                           \u2502~2,848,875 rows\u2502\u2502~2,848,875 rows\u2502\n\u2514\u2500\u2500\u2500\u2500\u2500\u2500\u2500\u252c\u2500\u2500\u2500\u2500\u2500\u2500\u2500\u2518                                                                                                                                                                                           \u2514\u2500\u2500\u2500\u2500\u2500\u2500\u2500\u252c\u2500\u2500\u2500\u2500\u2500\u2500\u2500\u2518\u2514\u2500\u2500\u2500\u2500\u2500\u2500\u2500\u252c\u2500\u2500\u2500\u2500\u2500\u2500\u2500\u2518\n\u250c\u2500\u2500\u2500\u2500\u2500\u2500\u2500\u2534\u2500\u2500\u2500\u2500\u2500\u2500\u2500\u2510                                                                                                                                                                                           \u250c\u2500\u2500\u2500\u2500\u2500\u2500\u2500\u2534\u2500\u2500\u2500\u2500\u2500\u2500\u2500\u2510\u250c\u2500\u2500\u2500\u2500\u2500\u2500\u2500\u2534\u2500\u2500\u2500\u2500\u2500\u2500\u2500\u2510\n\u2502     UNION     \u2502                                                                                                                                                                                           \u2502    CTE_SCAN   \u2502\u2502    CTE_SCAN   \u2502\n\u2502               \u2502                                                                                                                                                                                           \u2502    \u2500\u2500\u2500\u2500\u2500\u2500\u2500\u2500   \u2502\u2502    \u2500\u2500\u2500\u2500\u2500\u2500\u2500\u2500   \u2502\n\u2502               \u2502                                                                                                                                                                                           \u2502   CTE Index:  \u2502\u2502   CTE Index:  \u2502\n\u2502               \u251c\u2500\u2500\u2500\u2500\u2500\u2500\u2500\u2500\u2500\u2500\u2500\u2500\u2500\u2500\u2500\u2500\u2500\u2500\u2500\u2500\u2500\u2500\u2500\u2500\u2500\u2500\u2500\u2500\u2500\u2500\u2500\u2500\u2500\u2500\u2500\u2500\u2500\u2500\u2500\u2500\u2500\u2500\u2500\u2500\u2500\u2500\u2500\u2500\u2500\u2500\u2500\u2500\u2500\u2500\u2500\u2500\u2500\u2500\u2500\u2500\u2500\u2500\u2500\u2500\u2500\u2500\u2500\u2500\u2500\u2500\u2500\u2500\u2500\u2500\u2500\u2500\u2500\u2500\u2500\u2500\u2500\u2500\u2500\u2500\u2500\u2500\u2500\u2500\u2500\u2500\u2500\u2500\u2500\u2500\u2500\u2500\u2500\u2500\u2500\u2500\u2500\u2500\u2500\u2500\u2500\u2500\u2500\u2500\u2500\u2500\u2500\u2500\u2500\u2500\u2500\u2500\u2500\u2500\u2500\u2500\u2500\u2500\u2500\u2500\u2500\u2500\u2500\u2510                                                           \u2502       0       \u2502\u2502       0       \u2502\n\u2502               \u2502                                                                                                                               \u2502                                                           \u2502               \u2502\u2502               \u2502\n\u2502               \u2502                                                                                                                               \u2502                                                           \u2502~2,848,875 rows\u2502\u2502~2,848,875 rows\u2502\n\u2514\u2500\u2500\u2500\u2500\u2500\u2500\u2500\u252c\u2500\u2500\u2500\u2500\u2500\u2500\u2500\u2518                                                                                                                               \u2502                                                           \u2514\u2500\u2500\u2500\u2500\u2500\u2500\u2500\u2500\u2500\u2500\u2500\u2500\u2500\u2500\u2500\u2518\u2514\u2500\u2500\u2500\u2500\u2500\u2500\u2500\u2500\u2500\u2500\u2500\u2500\u2500\u2500\u2500\u2518\n\u250c\u2500\u2500\u2500\u2500\u2500\u2500\u2500\u2534\u2500\u2500\u2500\u2500\u2500\u2500\u2500\u2510                                                                                                                       \u250c\u2500\u2500\u2500\u2500\u2500\u2500\u2500\u2534\u2500\u2500\u2500\u2500\u2500\u2500\u2500\u2510\n\u2502 HASH_GROUP_BY \u2502                                                                                                                       \u2502   PROJECTION  \u2502\n\u2502    \u2500\u2500\u2500\u2500\u2500\u2500\u2500\u2500   \u2502                                                                                                                       \u2502    \u2500\u2500\u2500\u2500\u2500\u2500\u2500\u2500   \u2502\n\u2502    Groups:    \u2502                                                                                                                       \u2502     d_year    \u2502\n\u2502       #0      \u2502                                                                                                                       \u2502   i_brand_id  \u2502\n\u2502       #1      \u2502                                                                                                                       \u2502   i_class_id  \u2502\n\u2502       #2      \u2502                                                                                                                       \u2502 i_category_id \u2502\n\u2502       #3      \u2502                                                                                                                       \u2502 i_manufact_id \u2502\n\u2502       #4      \u2502                                                                                                                       \u2502   sales_cnt   \u2502\n\u2502       #5      \u2502                                                                                                                       \u2502   sales_amt   \u2502\n\u2502       #6      \u2502                                                                                                                       \u2502               \u2502\n\u2502               \u2502                                                                                                                       \u2502               \u2502\n\u2502~2,877,532 rows\u2502                                                                                                                       \u2502 ~719,222 rows \u2502\n\u2514\u2500\u2500\u2500\u2500\u2500\u2500\u2500\u252c\u2500\u2500\u2500\u2500\u2500\u2500\u2500\u2518                                                                                                                       \u2514\u2500\u2500\u2500\u2500\u2500\u2500\u2500\u252c\u2500\u2500\u2500\u2500\u2500\u2500\u2500\u2518\n\u250c\u2500\u2500\u2500\u2500\u2500\u2500\u2500\u2534\u2500\u2500\u2500\u2500\u2500\u2500\u2500\u2510                                                                                                                       \u250c\u2500\u2500\u2500\u2500\u2500\u2500\u2500\u2534\u2500\u2500\u2500\u2500\u2500\u2500\u2500\u2510\n\u2502     UNION     \u2502                                                                                                                       \u2502   HASH_JOIN   \u2502\n\u2502               \u2502                                                                                                                       \u2502    \u2500\u2500\u2500\u2500\u2500\u2500\u2500\u2500   \u2502\n\u2502               \u2502                                                                                                                       \u2502   Join Type:  \u2502\n\u2502               \u2502                                                                                                                       \u2502     RIGHT     \u2502\n\u2502               \u2502                                                                                                                       \u2502               \u2502\n\u2502               \u2502                                                                                                                       \u2502  Conditions:  \u2502\n\u2502               \u251c\u2500\u2500\u2500\u2500\u2500\u2500\u2500\u2500\u2500\u2500\u2500\u2500\u2500\u2500\u2500\u2500\u2500\u2500\u2500\u2500\u2500\u2500\u2500\u2500\u2500\u2500\u2500\u2500\u2500\u2500\u2500\u2500\u2500\u2500\u2500\u2500\u2500\u2500\u2500\u2500\u2500\u2500\u2500\u2500\u2500\u2500\u2500\u2500\u2500\u2500\u2500\u2500\u2500\u2500\u2500\u2500\u2500\u2500\u2500\u2510                                                           \u2502wr_order_number\u251c\u2500\u2500\u2500\u2500\u2500\u2500\u2500\u2500\u2510\n\u2502               \u2502                                                           \u2502                                                           \u2502 = ws_order_num\u2502        \u2502\n\u2502               \u2502                                                           \u2502                                                           \u2502      ber      \u2502        \u2502\n\u2502               \u2502                                                           \u2502                                                           \u2502  wr_item_sk = \u2502        \u2502\n\u2502               \u2502                                                           \u2502                                                           \u2502   ws_item_sk  \u2502        \u2502\n\u2502               \u2502                                                           \u2502                                                           \u2502               \u2502        \u2502\n\u2502               \u2502                                                           \u2502                                                           \u2502 ~719,222 rows \u2502        \u2502\n\u2514\u2500\u2500\u2500\u2500\u2500\u2500\u2500\u252c\u2500\u2500\u2500\u2500\u2500\u2500\u2500\u2518                                                           \u2502                                                           \u2514\u2500\u2500\u2500\u2500\u2500\u2500\u2500\u252c\u2500\u2500\u2500\u2500\u2500\u2500\u2500\u2518        \u2502\n\u250c\u2500\u2500\u2500\u2500\u2500\u2500\u2500\u2534\u2500\u2500\u2500\u2500\u2500\u2500\u2500\u2510                                                   \u250c\u2500\u2500\u2500\u2500\u2500\u2500\u2500\u2534\u2500\u2500\u2500\u2500\u2500\u2500\u2500\u2510                                                   \u250c\u2500\u2500\u2500\u2500\u2500\u2500\u2500\u2534\u2500\u2500\u2500\u2500\u2500\u2500\u2500\u2510\u250c\u2500\u2500\u2500\u2500\u2500\u2500\u2500\u2534\u2500\u2500\u2500\u2500\u2500\u2500\u2500\u2510\n\u2502   PROJECTION  \u2502                                                   \u2502   PROJECTION  \u2502                                                   \u2502   SEQ_SCAN    \u2502\u2502   HASH_JOIN   \u2502\n\u2502    \u2500\u2500\u2500\u2500\u2500\u2500\u2500\u2500   \u2502                                                   \u2502    \u2500\u2500\u2500\u2500\u2500\u2500\u2500\u2500   \u2502                                                   \u2502    \u2500\u2500\u2500\u2500\u2500\u2500\u2500\u2500   \u2502\u2502    \u2500\u2500\u2500\u2500\u2500\u2500\u2500\u2500   \u2502\n\u2502     d_year    \u2502                                                   \u2502     d_year    \u2502                                                   \u2502     Table:    \u2502\u2502   Join Type:  \u2502\n\u2502   i_brand_id  \u2502                                                   \u2502   i_brand_id  \u2502                                                   \u2502  web_returns  \u2502\u2502     INNER     \u2502\n\u2502   i_class_id  \u2502                                                   \u2502   i_class_id  \u2502                                                   \u2502               \u2502\u2502               \u2502\n\u2502 i_category_id \u2502                                                   \u2502 i_category_id \u2502                                                   \u2502     Type:     \u2502\u2502  Conditions:  \u2502\n\u2502 i_manufact_id \u2502                                                   \u2502 i_manufact_id \u2502                                                   \u2502Sequential Scan\u2502\u2502ws_sold_date_sk\u2502\n\u2502   sales_cnt   \u2502                                                   \u2502   sales_cnt   \u2502                                                   \u2502               \u2502\u2502   = d_date_sk \u2502\n\u2502   sales_amt   \u2502                                                   \u2502   sales_amt   \u2502                                                   \u2502  Projections: \u2502\u2502               \u251c\u2500\u2500\u2500\u2500\u2500\u2500\u2500\u2500\u2500\u2500\u2500\u2500\u2500\u2500\u2500\u2500\u2500\u2500\u2500\u2500\u2500\u2500\u2500\u2500\u2500\u2510\n\u2502               \u2502                                                   \u2502               \u2502                                                   \u2502wr_order_number\u2502\u2502               \u2502                         \u2502\n\u2502               \u2502                                                   \u2502               \u2502                                                   \u2502   wr_item_sk  \u2502\u2502               \u2502                         \u2502\n\u2502               \u2502                                                   \u2502               \u2502                                                   \u2502wr_return_quant\u2502\u2502               \u2502                         \u2502\n\u2502               \u2502                                                   \u2502               \u2502                                                   \u2502      ity      \u2502\u2502               \u2502                         \u2502\n\u2502               \u2502                                                   \u2502               \u2502                                                   \u2502 wr_return_amt \u2502\u2502               \u2502                         \u2502\n\u2502               \u2502                                                   \u2502               \u2502                                                   \u2502               \u2502\u2502               \u2502                         \u2502\n\u2502~1,441,224 rows\u2502                                                   \u2502~2,877,532 rows\u2502                                                   \u2502 ~719,222 rows \u2502\u2502 ~138,365 rows \u2502                         \u2502\n\u2514\u2500\u2500\u2500\u2500\u2500\u2500\u2500\u252c\u2500\u2500\u2500\u2500\u2500\u2500\u2500\u2518                                                   \u2514\u2500\u2500\u2500\u2500\u2500\u2500\u2500\u252c\u2500\u2500\u2500\u2500\u2500\u2500\u2500\u2518                                                   \u2514\u2500\u2500\u2500\u2500\u2500\u2500\u2500\u2500\u2500\u2500\u2500\u2500\u2500\u2500\u2500\u2518\u2514\u2500\u2500\u2500\u2500\u2500\u2500\u2500\u252c\u2500\u2500\u2500\u2500\u2500\u2500\u2500\u2518                         \u2502\n\u250c\u2500\u2500\u2500\u2500\u2500\u2500\u2500\u2534\u2500\u2500\u2500\u2500\u2500\u2500\u2500\u2510                                                   \u250c\u2500\u2500\u2500\u2500\u2500\u2500\u2500\u2534\u2500\u2500\u2500\u2500\u2500\u2500\u2500\u2510                                                                    \u250c\u2500\u2500\u2500\u2500\u2500\u2500\u2500\u2534\u2500\u2500\u2500\u2500\u2500\u2500\u2500\u2510                 \u250c\u2500\u2500\u2500\u2500\u2500\u2500\u2500\u2534\u2500\u2500\u2500\u2500\u2500\u2500\u2500\u2510\n\u2502   HASH_JOIN   \u2502                                                   \u2502   HASH_JOIN   \u2502                                                                    \u2502   HASH_JOIN   \u2502                 \u2502     FILTER    \u2502\n\u2502    \u2500\u2500\u2500\u2500\u2500\u2500\u2500\u2500   \u2502                                                   \u2502    \u2500\u2500\u2500\u2500\u2500\u2500\u2500\u2500   \u2502                                                                    \u2502    \u2500\u2500\u2500\u2500\u2500\u2500\u2500\u2500   \u2502                 \u2502    \u2500\u2500\u2500\u2500\u2500\u2500\u2500\u2500   \u2502\n\u2502   Join Type:  \u2502                                                   \u2502   Join Type:  \u2502                                                                    \u2502   Join Type:  \u2502                 \u2502  ((d_date_sk  \u2502\n\u2502     RIGHT     \u2502                                                   \u2502     RIGHT     \u2502                                                                    \u2502     INNER     \u2502                 \u2502     BETWEEN   \u2502\n\u2502               \u2502                                                   \u2502               \u2502                                                                    \u2502               \u2502                 \u2502   2450816 AND \u2502\n\u2502  Conditions:  \u2502                                                   \u2502  Conditions:  \u2502                                                                    \u2502  Conditions:  \u2502                 \u2502  2452642) AND \u2502\n\u2502cr_order_number\u251c\u2500\u2500\u2500\u2500\u2500\u2500\u2500\u2500\u2510                                          \u2502sr_ticket_numbe\u251c\u2500\u2500\u2500\u2500\u2500\u2500\u2500\u2500\u2510                                                           \u2502  ws_item_sk = \u251c\u2500\u2500\u2500\u2500\u2500\u2500\u2500\u2500\u2510        \u2502   ((d_year =  \u2502\n\u2502 = cs_order_num\u2502        \u2502                                          \u2502r = ss_ticket_n\u2502        \u2502                                                           \u2502    i_item_sk  \u2502        \u2502        \u2502    1999) OR   \u2502\n\u2502      ber      \u2502        \u2502                                          \u2502     umber     \u2502        \u2502                                                           \u2502               \u2502        \u2502        \u2502 (d_year = 1998\u2502\n\u2502  cr_item_sk = \u2502        \u2502                                          \u2502  sr_item_sk = \u2502        \u2502                                                           \u2502               \u2502        \u2502        \u2502      )))      \u2502\n\u2502   cs_item_sk  \u2502        \u2502                                          \u2502   ss_item_sk  \u2502        \u2502                                                           \u2502               \u2502        \u2502        \u2502               \u2502\n\u2502               \u2502        \u2502                                          \u2502               \u2502        \u2502                                                           \u2502               \u2502        \u2502        \u2502               \u2502\n\u2502~1,441,224 rows\u2502        \u2502                                          \u2502~2,877,532 rows\u2502        \u2502                                                           \u2502 ~691,867 rows \u2502        \u2502        \u2502  ~73,049 rows \u2502\n\u2514\u2500\u2500\u2500\u2500\u2500\u2500\u2500\u252c\u2500\u2500\u2500\u2500\u2500\u2500\u2500\u2518        \u2502                                          \u2514\u2500\u2500\u2500\u2500\u2500\u2500\u2500\u252c\u2500\u2500\u2500\u2500\u2500\u2500\u2500\u2518        \u2502                                                           \u2514\u2500\u2500\u2500\u2500\u2500\u2500\u2500\u252c\u2500\u2500\u2500\u2500\u2500\u2500\u2500\u2518        \u2502        \u2514\u2500\u2500\u2500\u2500\u2500\u2500\u2500\u252c\u2500\u2500\u2500\u2500\u2500\u2500\u2500\u2518\n\u250c\u2500\u2500\u2500\u2500\u2500\u2500\u2500\u2534\u2500\u2500\u2500\u2500\u2500\u2500\u2500\u2510\u250c\u2500\u2500\u2500\u2500\u2500\u2500\u2500\u2534\u2500\u2500\u2500\u2500\u2500\u2500\u2500\u2510                                  \u250c\u2500\u2500\u2500\u2500\u2500\u2500\u2500\u2534\u2500\u2500\u2500\u2500\u2500\u2500\u2500\u2510\u250c\u2500\u2500\u2500\u2500\u2500\u2500\u2500\u2534\u2500\u2500\u2500\u2500\u2500\u2500\u2500\u2510                                                   \u250c\u2500\u2500\u2500\u2500\u2500\u2500\u2500\u2534\u2500\u2500\u2500\u2500\u2500\u2500\u2500\u2510\u250c\u2500\u2500\u2500\u2500\u2500\u2500\u2500\u2534\u2500\u2500\u2500\u2500\u2500\u2500\u2500\u2510\u250c\u2500\u2500\u2500\u2500\u2500\u2500\u2500\u2534\u2500\u2500\u2500\u2500\u2500\u2500\u2500\u2510\n\u2502   SEQ_SCAN    \u2502\u2502   HASH_JOIN   \u2502                                  \u2502   SEQ_SCAN    \u2502\u2502   HASH_JOIN   \u2502                                                   \u2502   SEQ_SCAN    \u2502\u2502   SEQ_SCAN    \u2502\u2502   SEQ_SCAN    \u2502\n\u2502    \u2500\u2500\u2500\u2500\u2500\u2500\u2500\u2500   \u2502\u2502    \u2500\u2500\u2500\u2500\u2500\u2500\u2500\u2500   \u2502                                  \u2502    \u2500\u2500\u2500\u2500\u2500\u2500\u2500\u2500   \u2502\u2502    \u2500\u2500\u2500\u2500\u2500\u2500\u2500\u2500   \u2502                                                   \u2502    \u2500\u2500\u2500\u2500\u2500\u2500\u2500\u2500   \u2502\u2502    \u2500\u2500\u2500\u2500\u2500\u2500\u2500\u2500   \u2502\u2502    \u2500\u2500\u2500\u2500\u2500\u2500\u2500\u2500   \u2502\n\u2502     Table:    \u2502\u2502   Join Type:  \u2502                                  \u2502     Table:    \u2502\u2502   Join Type:  \u2502                                                   \u2502     Table:    \u2502\u2502     Table:    \u2502\u2502     Table:    \u2502\n\u2502catalog_returns\u2502\u2502     INNER     \u2502                                  \u2502 store_returns \u2502\u2502     INNER     \u2502                                                   \u2502   web_sales   \u2502\u2502      item     \u2502\u2502    date_dim   \u2502\n\u2502               \u2502\u2502               \u2502                                  \u2502               \u2502\u2502               \u2502                                                   \u2502               \u2502\u2502               \u2502\u2502               \u2502\n\u2502     Type:     \u2502\u2502  Conditions:  \u2502                                  \u2502     Type:     \u2502\u2502  Conditions:  \u2502                                                   \u2502     Type:     \u2502\u2502     Type:     \u2502\u2502     Type:     \u2502\n\u2502Sequential Scan\u2502\u2502cs_sold_date_sk\u2502                                  \u2502Sequential Scan\u2502\u2502ss_sold_date_sk\u2502                                                   \u2502Sequential Scan\u2502\u2502Sequential Scan\u2502\u2502Sequential Scan\u2502\n\u2502               \u2502\u2502   = d_date_sk \u2502                                  \u2502               \u2502\u2502   = d_date_sk \u2502                                                   \u2502               \u2502\u2502               \u2502\u2502               \u2502\n\u2502  Projections: \u2502\u2502               \u2502                                  \u2502  Projections: \u2502\u2502               \u2502                                                   \u2502  Projections: \u2502\u2502  Projections: \u2502\u2502  Projections: \u2502\n\u2502cr_order_number\u2502\u2502               \u2502                                  \u2502sr_ticket_numbe\u2502\u2502               \u2502                                                   \u2502   ws_item_sk  \u2502\u2502   i_item_sk   \u2502\u2502   d_date_sk   \u2502\n\u2502   cr_item_sk  \u2502\u2502               \u251c\u2500\u2500\u2500\u2500\u2500\u2500\u2500\u2500\u2500\u2500\u2500\u2500\u2500\u2500\u2500\u2500\u2500\u2500\u2500\u2500\u2500\u2500\u2500\u2500\u2500\u2510        \u2502       r       \u2502\u2502               \u251c\u2500\u2500\u2500\u2500\u2500\u2500\u2500\u2500\u2500\u2500\u2500\u2500\u2500\u2500\u2500\u2500\u2500\u2500\u2500\u2500\u2500\u2500\u2500\u2500\u2500\u2510                         \u2502ws_sold_date_sk\u2502\u2502   i_brand_id  \u2502\u2502     d_year    \u2502\n\u2502cr_return_quant\u2502\u2502               \u2502                         \u2502        \u2502   sr_item_sk  \u2502\u2502               \u2502                         \u2502                         \u2502ws_order_number\u2502\u2502   i_class_id  \u2502\u2502               \u2502\n\u2502      ity      \u2502\u2502               \u2502                         \u2502        \u2502sr_return_quant\u2502\u2502               \u2502                         \u2502                         \u2502  ws_quantity  \u2502\u2502 i_category_id \u2502\u2502    Filters:   \u2502\n\u2502cr_return_amoun\u2502\u2502               \u2502                         \u2502        \u2502      ity      \u2502\u2502               \u2502                         \u2502                         \u2502ws_ext_sales_pr\u2502\u2502 i_manufact_id \u2502\u2502   optional:   \u2502\n\u2502       t       \u2502\u2502               \u2502                         \u2502        \u2502 sr_return_amt \u2502\u2502               \u2502                         \u2502                         \u2502      ice      \u2502\u2502               \u2502\u2502   d_year=1999 \u2502\n\u2502               \u2502\u2502               \u2502                         \u2502        \u2502               \u2502\u2502               \u2502                         \u2502                         \u2502               \u2502\u2502    Filters:   \u2502\u2502 OR d_year=1998\u2502\n\u2502               \u2502\u2502               \u2502                         \u2502        \u2502               \u2502\u2502               \u2502                         \u2502                         \u2502               \u2502\u2502  i_category=  \u2502\u2502               \u2502\n\u2502               \u2502\u2502               \u2502                         \u2502        \u2502               \u2502\u2502               \u2502                         \u2502                         \u2502               \u2502\u2502     'Home'    \u2502\u2502               \u2502\n\u2502               \u2502\u2502               \u2502                         \u2502        \u2502               \u2502\u2502               \u2502                         \u2502                         \u2502               \u2502\u2502               \u2502\u2502               \u2502\n\u2502~1,441,224 rows\u2502\u2502 ~277,808 rows \u2502                         \u2502        \u2502~2,877,532 rows\u2502\u2502 ~556,067 rows \u2502                         \u2502                         \u2502~7,197,566 rows\u2502\u2502  ~9,273 rows  \u2502\u2502  ~73,049 rows \u2502\n\u2514\u2500\u2500\u2500\u2500\u2500\u2500\u2500\u2500\u2500\u2500\u2500\u2500\u2500\u2500\u2500\u2518\u2514\u2500\u2500\u2500\u2500\u2500\u2500\u2500\u252c\u2500\u2500\u2500\u2500\u2500\u2500\u2500\u2518                         \u2502        \u2514\u2500\u2500\u2500\u2500\u2500\u2500\u2500\u2500\u2500\u2500\u2500\u2500\u2500\u2500\u2500\u2518\u2514\u2500\u2500\u2500\u2500\u2500\u2500\u2500\u252c\u2500\u2500\u2500\u2500\u2500\u2500\u2500\u2518                         \u2502                         \u2514\u2500\u2500\u2500\u2500\u2500\u2500\u2500\u2500\u2500\u2500\u2500\u2500\u2500\u2500\u2500\u2518\u2514\u2500\u2500\u2500\u2500\u2500\u2500\u2500\u2500\u2500\u2500\u2500\u2500\u2500\u2500\u2500\u2518\u2514\u2500\u2500\u2500\u2500\u2500\u2500\u2500\u2500\u2500\u2500\u2500\u2500\u2500\u2500\u2500\u2518\n                 \u250c\u2500\u2500\u2500\u2500\u2500\u2500\u2500\u2534\u2500\u2500\u2500\u2500\u2500\u2500\u2500\u2510                 \u250c\u2500\u2500\u2500\u2500\u2500\u2500\u2500\u2534\u2500\u2500\u2500\u2500\u2500\u2500\u2500\u2510                 \u250c\u2500\u2500\u2500\u2500\u2500\u2500\u2500\u2534\u2500\u2500\u2500\u2500\u2500\u2500\u2500\u2510                 \u250c\u2500\u2500\u2500\u2500\u2500\u2500\u2500\u2534\u2500\u2500\u2500\u2500\u2500\u2500\u2500\u2510\n                 \u2502   HASH_JOIN   \u2502                 \u2502     FILTER    \u2502                 \u2502   HASH_JOIN   \u2502                 \u2502     FILTER    \u2502\n                 \u2502    \u2500\u2500\u2500\u2500\u2500\u2500\u2500\u2500   \u2502                 \u2502    \u2500\u2500\u2500\u2500\u2500\u2500\u2500\u2500   \u2502                 \u2502    \u2500\u2500\u2500\u2500\u2500\u2500\u2500\u2500   \u2502                 \u2502    \u2500\u2500\u2500\u2500\u2500\u2500\u2500\u2500   \u2502\n                 \u2502   Join Type:  \u2502                 \u2502  ((d_date_sk  \u2502                 \u2502   Join Type:  \u2502                 \u2502  ((d_date_sk  \u2502\n                 \u2502     INNER     \u2502                 \u2502     BETWEEN   \u2502                 \u2502     INNER     \u2502                 \u2502     BETWEEN   \u2502\n                 \u2502               \u2502                 \u2502   2450815 AND \u2502                 \u2502               \u2502                 \u2502   2450816 AND \u2502\n                 \u2502  Conditions:  \u2502                 \u2502  2452653) AND \u2502                 \u2502  Conditions:  \u2502                 \u2502  2452642) AND \u2502\n                 \u2502  cs_item_sk = \u251c\u2500\u2500\u2500\u2500\u2500\u2500\u2500\u2500\u2510        \u2502   ((d_year =  \u2502                 \u2502  ss_item_sk = \u251c\u2500\u2500\u2500\u2500\u2500\u2500\u2500\u2500\u2510        \u2502   ((d_year =  \u2502\n                 \u2502    i_item_sk  \u2502        \u2502        \u2502    1999) OR   \u2502                 \u2502    i_item_sk  \u2502        \u2502        \u2502    1999) OR   \u2502\n                 \u2502               \u2502        \u2502        \u2502 (d_year = 1998\u2502                 \u2502               \u2502        \u2502        \u2502 (d_year = 1998\u2502\n                 \u2502               \u2502        \u2502        \u2502      )))      \u2502                 \u2502               \u2502        \u2502        \u2502      )))      \u2502\n                 \u2502               \u2502        \u2502        \u2502               \u2502                 \u2502               \u2502        \u2502        \u2502               \u2502\n                 \u2502~1,389,118 rows\u2502        \u2502        \u2502  ~73,049 rows \u2502                 \u2502~2,780,489 rows\u2502        \u2502        \u2502  ~73,049 rows \u2502\n                 \u2514\u2500\u2500\u2500\u2500\u2500\u2500\u2500\u252c\u2500\u2500\u2500\u2500\u2500\u2500\u2500\u2518        \u2502        \u2514\u2500\u2500\u2500\u2500\u2500\u2500\u2500\u252c\u2500\u2500\u2500\u2500\u2500\u2500\u2500\u2518                 \u2514\u2500\u2500\u2500\u2500\u2500\u2500\u2500\u252c\u2500\u2500\u2500\u2500\u2500\u2500\u2500\u2518        \u2502        \u2514\u2500\u2500\u2500\u2500\u2500\u2500\u2500\u252c\u2500\u2500\u2500\u2500\u2500\u2500\u2500\u2518\n                 \u250c\u2500\u2500\u2500\u2500\u2500\u2500\u2500\u2534\u2500\u2500\u2500\u2500\u2500\u2500\u2500\u2510\u250c\u2500\u2500\u2500\u2500\u2500\u2500\u2500\u2534\u2500\u2500\u2500\u2500\u2500\u2500\u2500\u2510\u250c\u2500\u2500\u2500\u2500\u2500\u2500\u2500\u2534\u2500\u2500\u2500\u2500\u2500\u2500\u2500\u2510                 \u250c\u2500\u2500\u2500\u2500\u2500\u2500\u2500\u2534\u2500\u2500\u2500\u2500\u2500\u2500\u2500\u2510\u250c\u2500\u2500\u2500\u2500\u2500\u2500\u2500\u2534\u2500\u2500\u2500\u2500\u2500\u2500\u2500\u2510\u250c\u2500\u2500\u2500\u2500\u2500\u2500\u2500\u2534\u2500\u2500\u2500\u2500\u2500\u2500\u2500\u2510\n                 \u2502   SEQ_SCAN    \u2502\u2502   SEQ_SCAN    \u2502\u2502   SEQ_SCAN    \u2502                 \u2502   SEQ_SCAN    \u2502\u2502   SEQ_SCAN    \u2502\u2502   SEQ_SCAN    \u2502\n                 \u2502    \u2500\u2500\u2500\u2500\u2500\u2500\u2500\u2500   \u2502\u2502    \u2500\u2500\u2500\u2500\u2500\u2500\u2500\u2500   \u2502\u2502    \u2500\u2500\u2500\u2500\u2500\u2500\u2500\u2500   \u2502                 \u2502    \u2500\u2500\u2500\u2500\u2500\u2500\u2500\u2500   \u2502\u2502    \u2500\u2500\u2500\u2500\u2500\u2500\u2500\u2500   \u2502\u2502    \u2500\u2500\u2500\u2500\u2500\u2500\u2500\u2500   \u2502\n                 \u2502     Table:    \u2502\u2502     Table:    \u2502\u2502     Table:    \u2502                 \u2502     Table:    \u2502\u2502     Table:    \u2502\u2502     Table:    \u2502\n                 \u2502 catalog_sales \u2502\u2502      item     \u2502\u2502    date_dim   \u2502                 \u2502  store_sales  \u2502\u2502      item     \u2502\u2502    date_dim   \u2502\n                 \u2502               \u2502\u2502               \u2502\u2502               \u2502                 \u2502               \u2502\u2502               \u2502\u2502               \u2502\n                 \u2502     Type:     \u2502\u2502     Type:     \u2502\u2502     Type:     \u2502                 \u2502     Type:     \u2502\u2502     Type:     \u2502\u2502     Type:     \u2502\n                 \u2502Sequential Scan\u2502\u2502Sequential Scan\u2502\u2502Sequential Scan\u2502                 \u2502Sequential Scan\u2502\u2502Sequential Scan\u2502\u2502Sequential Scan\u2502\n                 \u2502               \u2502\u2502               \u2502\u2502               \u2502                 \u2502               \u2502\u2502               \u2502\u2502               \u2502\n                 \u2502  Projections: \u2502\u2502  Projections: \u2502\u2502  Projections: \u2502                 \u2502  Projections: \u2502\u2502  Projections: \u2502\u2502  Projections: \u2502\n                 \u2502   cs_item_sk  \u2502\u2502   i_item_sk   \u2502\u2502   d_date_sk   \u2502                 \u2502   ss_item_sk  \u2502\u2502   i_item_sk   \u2502\u2502   d_date_sk   \u2502\n                 \u2502cs_sold_date_sk\u2502\u2502   i_brand_id  \u2502\u2502     d_year    \u2502                 \u2502ss_sold_date_sk\u2502\u2502   i_brand_id  \u2502\u2502     d_year    \u2502\n                 \u2502cs_order_number\u2502\u2502   i_class_id  \u2502\u2502               \u2502                 \u2502ss_ticket_numbe\u2502\u2502   i_class_id  \u2502\u2502               \u2502\n                 \u2502  cs_quantity  \u2502\u2502 i_category_id \u2502\u2502    Filters:   \u2502                 \u2502       r       \u2502\u2502 i_category_id \u2502\u2502    Filters:   \u2502\n                 \u2502cs_ext_sales_pr\u2502\u2502 i_manufact_id \u2502\u2502   optional:   \u2502                 \u2502  ss_quantity  \u2502\u2502 i_manufact_id \u2502\u2502   optional:   \u2502\n                 \u2502      ice      \u2502\u2502               \u2502\u2502   d_year=1999 \u2502                 \u2502ss_ext_sales_pr\u2502\u2502               \u2502\u2502   d_year=1999 \u2502\n                 \u2502               \u2502\u2502    Filters:   \u2502\u2502 OR d_year=1998\u2502                 \u2502      ice      \u2502\u2502    Filters:   \u2502\u2502 OR d_year=1998\u2502\n                 \u2502               \u2502\u2502  i_category=  \u2502\u2502               \u2502                 \u2502               \u2502\u2502  i_category=  \u2502\u2502               \u2502\n                 \u2502               \u2502\u2502     'Home'    \u2502\u2502               \u2502                 \u2502               \u2502\u2502     'Home'    \u2502\u2502               \u2502\n                 \u2502               \u2502\u2502               \u2502\u2502               \u2502                 \u2502               \u2502\u2502               \u2502\u2502               \u2502\n                 \u2502~14,401,26...  \u2502\u2502  ~9,273 rows  \u2502\u2502  ~73,049 rows \u2502                 \u2502~28,800,99...  \u2502\u2502  ~9,273 rows  \u2502\u2502  ~73,049 rows \u2502\n                 \u2514\u2500\u2500\u2500\u2500\u2500\u2500\u2500\u2500\u2500\u2500\u2500\u2500\u2500\u2500\u2500\u2518\u2514\u2500\u2500\u2500\u2500\u2500\u2500\u2500\u2500\u2500\u2500\u2500\u2500\u2500\u2500\u2500\u2518\u2514\u2500\u2500\u2500\u2500\u2500\u2500\u2500\u2500\u2500\u2500\u2500\u2500\u2500\u2500\u2500\u2518                 \u2514\u2500\u2500\u2500\u2500\u2500\u2500\u2500\u2500\u2500\u2500\u2500\u2500\u2500\u2500\u2500\u2518\u2514\u2500\u2500\u2500\u2500\u2500\u2500\u2500\u2500\u2500\u2500\u2500\u2500\u2500\u2500\u2500\u2518\u2514\u2500\u2500\u2500\u2500\u2500\u2500\u2500\u2500\u2500\u2500\u2500\u2500\u2500\u2500\u2500\u2518\n",
  "plan_json": {
    "total_bytes_written": 0,
    "total_bytes_read": 0,
    "rows_returned": 0,
    "latency": 0.0,
    "result_set_size": 0,
    "query_name": "",
    "blocked_thread_time": 0.0,
    "system_peak_buffer_memory": 0,
    "system_peak_temp_dir_size": 0,
    "cpu_time": 0.0,
    "extra_info": {},
    "cumulative_cardinality": 0,
    "cumulative_rows_scanned": 0,
    "children": [
      {
        "total_bytes_written": 0,
        "total_bytes_read": 0,
        "result_set_size": 0,
        "operator_name": "EXPLAIN_ANALYZE",
        "cpu_time": 0.0,
        "extra_info": {},
        "cumulative_cardinality": 0,
        "operator_type": "EXPLAIN_ANALYZE",
        "operator_cardinality": 0,
        "cumulative_rows_scanned": 0,
        "operator_rows_scanned": 0,
        "operator_timing": 2.34e-07,
        "children": [
          {
            "total_bytes_written": 0,
            "total_bytes_read": 0,
            "result_set_size": 0,
            "operator_name": "CTE",
            "cpu_time": 0.0,
            "extra_info": {
              "CTE Name": "all_sales",
              "Table Index": "0",
              "Estimated Cardinality": "100"
            },
            "cumulative_cardinality": 0,
            "operator_type": "CTE",
            "operator_cardinality": 0,
            "cumulative_rows_scanned": 0,
            "operator_rows_scanned": 0,
            "operator_timing": 0.00016581200000000002,
            "children": [
              {
                "total_bytes_written": 0,
                "total_bytes_read": 0,
                "result_set_size": 510536,
                "operator_name": "PROJECTION",
                "cpu_time": 0.0,
                "extra_info": {
                  "Projections": [
                    "__internal_decompress_integral_integer(#0, 1900)",
                    "#1",
                    "__internal_decompress_integral_integer(#2, 1)",
                    "__internal_decompress_integral_integer(#3, 1)",
                    "__internal_decompress_integral_integer(#4, 1)",
                    "#5",
                    "#6"
                  ],
                  "Estimated Cardinality": "2848875"
                },
                "cumulative_cardinality": 0,
                "operator_type": "PROJECTION",
                "operator_cardinality": 9818,
                "cumulative_rows_scanned": 0,
                "operator_rows_scanned": 0,
                "operator_timing": 0.00010509199999999999,
                "children": [
                  {
                    "total_bytes_written": 0,
                    "total_bytes_read": 0,
                    "result_set_size": 402538,
                    "operator_name": "HASH_GROUP_BY",
                    "cpu_time": 0.0,
                    "extra_info": {
                      "Groups": [
                        "#0",
                        "#1",
                        "#2",
                        "#3",
                        "#4"
                      ],
                      "Aggregates": [
                        "sum(#5)",
                        "sum(#6)"
                      ],
                      "Estimated Cardinality": "2848875"
                    },
                    "cumulative_cardinality": 0,
                    "operator_type": "HASH_GROUP_BY",
                    "operator_cardinality": 9818,
                    "cumulative_rows_scanned": 0,
                    "operator_rows_scanned": 0,
                    "operator_timing": 0.08373008799999997,
                    "children": [
                      {
                        "total_bytes_written": 0,
                        "total_bytes_read": 0,
                        "result_set_size": 32547367,
                        "operator_name": "PROJECTION",
                        "cpu_time": 0.0,
                        "extra_info": {
                          "Projections": [
                            "d_year",
                            "i_brand_id",
                            "i_class_id",
                            "i_category_id",
                            "i_manufact_id",
                            "sales_cnt",
                            "sales_amt"
                          ],
                          "Estimated Cardinality": "2877532"
                        },
                        "cumulative_cardinality": 0,
                        "operator_type": "PROJECTION",
                        "operator_cardinality": 1914551,
                        "cumulative_rows_scanned": 0,
                        "operator_rows_scanned": 0,
                        "operator_timing": 0.00028889000000000003,
                        "children": [
                          {
                            "total_bytes_written": 0,
                            "total_bytes_read": 0,
                            "result_set_size": 32547367,
                            "operator_name": "PROJECTION",
                            "cpu_time": 0.0,
                            "extra_info": {
                              "Projections": [
                                "__internal_compress_integral_utinyint(#0, 1900)",
                                "#1",
                                "__internal_compress_integral_utinyint(#2, 1)",
                                "__internal_compress_integral_utinyint(#3, 1)",
                                "__internal_compress_integral_usmallint(#4, 1)",
                                "#5",
                                "#6"
                              ],
                              "Estimated Cardinality": "2877532"
                            },
                            "cumulative_cardinality": 0,
                            "operator_type": "PROJECTION",
                            "operator_cardinality": 1914551,
                            "cumulative_rows_scanned": 0,
                            "operator_rows_scanned": 0,
                            "operator_timing": 0.002586586,
                            "children": [
                              {
                                "total_bytes_written": 0,
                                "total_bytes_read": 0,
                                "result_set_size": 53607428,
                                "operator_name": "HASH_GROUP_BY",
                                "cpu_time": 0.0,
                                "extra_info": {
                                  "Groups": [
                                    "#0",
                                    "#1",
                                    "#2",
                                    "#3",
                                    "#4",
                                    "#5",
                                    "#6"
                                  ],
                                  "Aggregates": "",
                                  "Estimated Cardinality": "2877532"
                                },
                                "cumulative_cardinality": 0,
                                "operator_type": "HASH_GROUP_BY",
                                "operator_cardinality": 1914551,
                                "cumulative_rows_scanned": 0,
                                "operator_rows_scanned": 0,
                                "operator_timing": 0.341957217,
                                "children": [
                                  {
                                    "total_bytes_written": 0,
                                    "total_bytes_read": 0,
                                    "result_set_size": 0,
                                    "operator_name": "UNION",
                                    "cpu_time": 0.0,
                                    "extra_info": {},
                                    "cumulative_cardinality": 0,
                                    "operator_type": "UNION",
                                    "operator_cardinality": 0,
                                    "cumulative_rows_scanned": 0,
                                    "operator_rows_scanned": 0,
                                    "operator_timing": 0.0,
                                    "children": [
                                      {
                                        "total_bytes_written": 0,
                                        "total_bytes_read": 0,
                                        "result_set_size": 45729012,
                                        "operator_name": "HASH_GROUP_BY",
                                        "cpu_time": 0.0,
                                        "extra_info": {
                                          "Groups": [
                                            "#0",
                                            "#1",
                                            "#2",
                                            "#3",
                                            "#4",
                                            "#5",
                                            "#6"
                                          ],
                                          "Aggregates": "",
                                          "Estimated Cardinality": "2877532"
                                        },
                                        "cumulative_cardinality": 0,
                                        "operator_type": "HASH_GROUP_BY",
                                        "operator_cardinality": 1633179,
                                        "cumulative_rows_scanned": 0,
                                        "operator_rows_scanned": 0,
                                        "operator_timing": 0.32048131700000004,
                                        "children": [
                                          {
                                            "total_bytes_written": 0,
                                            "total_bytes_read": 0,
                                            "result_set_size": 0,
                                            "operator_name": "UNION",
                                            "cpu_time": 0.0,
                                            "extra_info": {},
                                            "cumulative_cardinality": 0,
                                            "operator_type": "UNION",
                                            "operator_cardinality": 0,
                                            "cumulative_rows_scanned": 0,
                                            "operator_rows_scanned": 0,
                                            "operator_timing": 0.0,
                                            "children": [
                                              {
                                                "total_bytes_written": 0,
                                                "total_bytes_read": 0,
                                                "result_set_size": 15751064,
                                                "operator_name": "PROJECTION",
                                                "cpu_time": 0.0,
                                                "extra_info": {
                                                  "Projections": [
                                                    "d_year",
                                                    "i_brand_id",
                                                    "i_class_id",
                                                    "i_category_id",
                                                    "i_manufact_id",
                                                    "sales_cnt",
                                                    "sales_amt"
                                                  ],
                                                  "Estimated Cardinality": "1441224"
                                                },
                                                "cumulative_cardinality": 0,
                                                "operator_type": "PROJECTION",
                                                "operator_cardinality": 562538,
                                                "cumulative_rows_scanned": 0,
                                                "operator_rows_scanned": 0,
                                                "operator_timing": 0.003382169,
                                                "children": [
                                                  {
                                                    "total_bytes_written": 0,
                                                    "total_bytes_read": 0,
                                                    "result_set_size": 20251368,
                                                    "operator_name": "HASH_JOIN",
                                                    "cpu_time": 0.0,
                                                    "extra_info": {
                                                      "Join Type": "RIGHT",
                                                      "Conditions": [
                                                        "cr_order_number = cs_order_number",
                                                        "cr_item_sk = cs_item_sk"
                                                      ],
                                                      "Estimated Cardinality": "1441224"
                                                    },
                                                    "cumulative_cardinality": 0,
                                                    "operator_type": "HASH_JOIN",
                                                    "operator_cardinality": 562538,
                                                    "cumulative_rows_scanned": 0,
                                                    "operator_rows_scanned": 0,
                                                    "operator_timing": 0.07668554899999999,
                                                    "children": [
                                                      {
                                                        "total_bytes_written": 0,
                                                        "total_bytes_read": 0,
                                                        "result_set_size": 9171472,
                                                        "operator_name": "SEQ_SCAN ",
                                                        "cpu_time": 0.0,
                                                        "extra_info": {
                                                          "Table": "catalog_returns",
                                                          "Type": "Sequential Scan",
                                                          "Projections": [
                                                            "cr_order_number",
                                                            "cr_item_sk",
                                                            "cr_return_quantity",
                                                            "cr_return_amount"
                                                          ],
                                                          "Estimated Cardinality": "1441224"
                                                        },
                                                        "cumulative_cardinality": 0,
                                                        "operator_type": "TABLE_SCAN",
                                                        "operator_cardinality": 573217,
                                                        "cumulative_rows_scanned": 0,
                                                        "operator_rows_scanned": 17294688,
                                                        "operator_timing": 0.04378315900000001,
                                                        "children": []
                                                      },
                                                      {
                                                        "total_bytes_written": 0,
                                                        "total_bytes_read": 0,
                                                        "result_set_size": 20251368,
                                                        "operator_name": "HASH_JOIN",
                                                        "cpu_time": 0.0,
                                                        "extra_info": {
                                                          "Join Type": "INNER",
                                                          "Conditions": "cs_sold_date_sk = d_date_sk",
                                                          "Estimated Cardinality": "277808"
                                                        },
                                                        "cumulative_cardinality": 0,
                                                        "operator_type": "HASH_JOIN",
                                                        "operator_cardinality": 562538,
                                                        "cumulative_rows_scanned": 0,
                                                        "operator_rows_scanned": 0,
                                                        "operator_timing": 0.005723490000000001,
                                                        "children": [
                                                          {
                                                            "total_bytes_written": 0,
                                                            "total_bytes_read": 0,
                                                            "result_set_size": 20251368,
                                                            "operator_name": "HASH_JOIN",
                                                            "cpu_time": 0.0,
                                                            "extra_info": {
                                                              "Join Type": "INNER",
                                                              "Conditions": "cs_item_sk = i_item_sk",
                                                              "Estimated Cardinality": "1389118"
                                                            },
                                                            "cumulative_cardinality": 0,
                                                            "operator_type": "HASH_JOIN",
                                                            "operator_cardinality": 562538,
                                                            "cumulative_rows_scanned": 0,
                                                            "operator_rows_scanned": 0,
                                                            "operator_timing": 0.015093881,
                                                            "children": [
                                                              {
                                                                "total_bytes_written": 0,
                                                                "total_bytes_read": 0,
                                                                "result_set_size": 114038440,
                                                                "operator_name": "SEQ_SCAN ",
                                                                "cpu_time": 0.0,
                                                                "extra_info": {
                                                                  "Table": "catalog_sales",
                                                                  "Type": "Sequential Scan",
                                                                  "Projections": [
                                                                    "cs_item_sk",
                                                                    "cs_sold_date_sk",
                                                                    "cs_order_number",
                                                                    "cs_quantity",
                                                                    "cs_ext_sales_price"
                                                                  ],
                                                                  "Estimated Cardinality": "14401261"
                                                                },
                                                                "cumulative_cardinality": 0,
                                                                "operator_type": "TABLE_SCAN",
                                                                "operator_cardinality": 5701922,
                                                                "cumulative_rows_scanned": 0,
                                                                "operator_rows_scanned": 403235308,
                                                                "operator_timing": 2.6044849279999998,
                                                                "children": []
                                                              },
                                                              {
                                                                "total_bytes_written": 0,
                                                                "total_bytes_read": 0,
                                                                "result_set_size": 204100,
                                                                "operator_name": "SEQ_SCAN ",
                                                                "cpu_time": 0.0,
                                                                "extra_info": {
                                                                  "Table": "item",
                                                                  "Type": "Sequential Scan",
                                                                  "Projections": [
                                                                    "i_item_sk",
                                                                    "i_brand_id",
                                                                    "i_class_id",
                                                                    "i_category_id",
                                                                    "i_manufact_id"
                                                                  ],
                                                                  "Filters": "i_category='Home'",
                                                                  "Estimated Cardinality": "9273"
                                                                },
                                                                "cumulative_cardinality": 0,
                                                                "operator_type": "TABLE_SCAN",
                                                                "operator_cardinality": 10205,
                                                                "cumulative_rows_scanned": 0,
                                                                "operator_rows_scanned": 102000,
                                                                "operator_timing": 0.0065767,
                                                                "children": []
                                                              }
                                                            ]
                                                          },
                                                          {
                                                            "total_bytes_written": 0,
                                                            "total_bytes_read": 0,
                                                            "result_set_size": 5840,
                                                            "operator_name": "FILTER",
                                                            "cpu_time": 0.0,
                                                            "extra_info": {
                                                              "Expression": "((d_date_sk BETWEEN 2450815 AND 2452653) AND ((d_year = 1999) OR (d_year = 1998)))",
                                                              "Estimated Cardinality": "73049"
                                                            },
                                                            "cumulative_cardinality": 0,
                                                            "operator_type": "FILTER",
                                                            "operator_cardinality": 730,
                                                            "cumulative_rows_scanned": 0,
                                                            "operator_rows_scanned": 0,
                                                            "operator_timing": 0.000133907,
                                                            "children": [
                                                              {
                                                                "total_bytes_written": 0,
                                                                "total_bytes_read": 0,
                                                                "result_set_size": 584392,
                                                                "operator_name": "SEQ_SCAN ",
                                                                "cpu_time": 0.0,
                                                                "extra_info": {
                                                                  "Table": "date_dim",
                                                                  "Type": "Sequential Scan",
                                                                  "Projections": [
                                                                    "d_date_sk",
                                                                    "d_year"
                                                                  ],
                                                                  "Filters": "optional: d_year=1999 OR d_year=1998",
                                                                  "Estimated Cardinality": "73049"
                                                                },
                                                                "cumulative_cardinality": 0,
                                                                "operator_type": "TABLE_SCAN",
                                                                "operator_cardinality": 73049,
                                                                "cumulative_rows_scanned": 0,
                                                                "operator_rows_scanned": 73049,
                                                                "operator_timing": 0.001371578,
                                                                "children": []
                                                              }
                                                            ]
                                                          }
                                                        ]
                                                      }
                                                    ]
                                                  }
                                                ]
                                              },
                                              {
                                                "total_bytes_written": 0,
                                                "total_bytes_read": 0,
                                                "result_set_size": 30228352,
                                                "operator_name": "PROJECTION",
                                                "cpu_time": 0.0,
                                                "extra_info": {
                                                  "Projections": [
                                                    "d_year",
                                                    "i_brand_id",
                                                    "i_class_id",
                                                    "i_category_id",
                                                    "i_manufact_id",
                                                    "sales_cnt",
                                                    "sales_amt"
                                                  ],
                                                  "Estimated Cardinality": "2877532"
                                                },
                                                "cumulative_cardinality": 0,
                                                "operator_type": "PROJECTION",
                                                "operator_cardinality": 1079584,
                                                "cumulative_rows_scanned": 0,
                                                "operator_rows_scanned": 0,
                                                "operator_timing": 0.015942513000000002,
                                                "children": [
                                                  {
                                                    "total_bytes_written": 0,
                                                    "total_bytes_read": 0,
                                                    "result_set_size": 38865024,
                                                    "operator_name": "HASH_JOIN",
                                                    "cpu_time": 0.0,
                                                    "extra_info": {
                                                      "Join Type": "RIGHT",
                                                      "Conditions": [
                                                        "sr_ticket_number = ss_ticket_number",
                                                        "sr_item_sk = ss_item_sk"
                                                      ],
                                                      "Estimated Cardinality": "2877532"
                                                    },
                                                    "cumulative_cardinality": 0,
                                                    "operator_type": "HASH_JOIN",
                                                    "operator_cardinality": 1079584,
                                                    "cumulative_rows_scanned": 0,
                                                    "operator_rows_scanned": 0,
                                                    "operator_timing": 0.33610285700000003,
                                                    "children": [
                                                      {
                                                        "total_bytes_written": 0,
                                                        "total_bytes_read": 0,
                                                        "result_set_size": 46022240,
                                                        "operator_name": "SEQ_SCAN ",
                                                        "cpu_time": 0.0,
                                                        "extra_info": {
                                                          "Table": "store_returns",
                                                          "Type": "Sequential Scan",
                                                          "Projections": [
                                                            "sr_ticket_number",
                                                            "sr_item_sk",
                                                            "sr_return_quantity",
                                                            "sr_return_amt"
                                                          ],
                                                          "Estimated Cardinality": "2877532"
                                                        },
                                                        "cumulative_cardinality": 0,
                                                        "operator_type": "TABLE_SCAN",
                                                        "operator_cardinality": 2876390,
                                                        "cumulative_rows_scanned": 0,
                                                        "operator_rows_scanned": 69060768,
                                                        "operator_timing": 0.824851141,
                                                        "children": []
                                                      },
                                                      {
                                                        "total_bytes_written": 0,
                                                        "total_bytes_read": 0,
                                                        "result_set_size": 38865024,
                                                        "operator_name": "HASH_JOIN",
                                                        "cpu_time": 0.0,
                                                        "extra_info": {
                                                          "Join Type": "INNER",
                                                          "Conditions": "ss_sold_date_sk = d_date_sk",
                                                          "Estimated Cardinality": "556067"
                                                        },
                                                        "cumulative_cardinality": 0,
                                                        "operator_type": "HASH_JOIN",
                                                        "operator_cardinality": 1079584,
                                                        "cumulative_rows_scanned": 0,
                                                        "operator_rows_scanned": 0,
                                                        "operator_timing": 0.025357357999999997,
                                                        "children": [
                                                          {
                                                            "total_bytes_written": 0,
                                                            "total_bytes_read": 0,
                                                            "result_set_size": 38865024,
                                                            "operator_name": "HASH_JOIN",
                                                            "cpu_time": 0.0,
                                                            "extra_info": {
                                                              "Join Type": "INNER",
                                                              "Conditions": "ss_item_sk = i_item_sk",
                                                              "Estimated Cardinality": "2780489"
                                                            },
                                                            "cumulative_cardinality": 0,
                                                            "operator_type": "HASH_JOIN",
                                                            "operator_cardinality": 1079584,
                                                            "cumulative_rows_scanned": 0,
                                                            "operator_rows_scanned": 0,
                                                            "operator_timing": 0.057845642999999995,
                                                            "children": [
                                                              {
                                                                "total_bytes_written": 0,
                                                                "total_bytes_read": 0,
                                                                "result_set_size": 218982000,
                                                                "operator_name": "SEQ_SCAN ",
                                                                "cpu_time": 0.0,
                                                                "extra_info": {
                                                                  "Table": "store_sales",
                                                                  "Type": "Sequential Scan",
                                                                  "Projections": [
                                                                    "ss_item_sk",
                                                                    "ss_sold_date_sk",
                                                                    "ss_ticket_number",
                                                                    "ss_quantity",
                                                                    "ss_ext_sales_price"
                                                                  ],
                                                                  "Estimated Cardinality": "28800991"
                                                                },
                                                                "cumulative_cardinality": 0,
                                                                "operator_type": "TABLE_SCAN",
                                                                "operator_cardinality": 10949100,
                                                                "cumulative_rows_scanned": 0,
                                                                "operator_rows_scanned": 806427748,
                                                                "operator_timing": 12.579264514999998,
                                                                "children": []
                                                              },
                                                              {
                                                                "total_bytes_written": 0,
                                                                "total_bytes_read": 0,
                                                                "result_set_size": 204100,
                                                                "operator_name": "SEQ_SCAN ",
                                                                "cpu_time": 0.0,
                                                                "extra_info": {
                                                                  "Table": "item",
                                                                  "Type": "Sequential Scan",
                                                                  "Projections": [
                                                                    "i_item_sk",
                                                                    "i_brand_id",
                                                                    "i_class_id",
                                                                    "i_category_id",
                                                                    "i_manufact_id"
                                                                  ],
                                                                  "Filters": "i_category='Home'",
                                                                  "Estimated Cardinality": "9273"
                                                                },
                                                                "cumulative_cardinality": 0,
                                                                "operator_type": "TABLE_SCAN",
                                                                "operator_cardinality": 10205,
                                                                "cumulative_rows_scanned": 0,
                                                                "operator_rows_scanned": 102000,
                                                                "operator_timing": 0.006602071999999999,
                                                                "children": []
                                                              }
                                                            ]
                                                          },
                                                          {
                                                            "total_bytes_written": 0,
                                                            "total_bytes_read": 0,
                                                            "result_set_size": 5832,
                                                            "operator_name": "FILTER",
                                                            "cpu_time": 0.0,
                                                            "extra_info": {
                                                              "Expression": "((d_date_sk BETWEEN 2450816 AND 2452642) AND ((d_year = 1999) OR (d_year = 1998)))",
                                                              "Estimated Cardinality": "73049"
                                                            },
                                                            "cumulative_cardinality": 0,
                                                            "operator_type": "FILTER",
                                                            "operator_cardinality": 729,
                                                            "cumulative_rows_scanned": 0,
                                                            "operator_rows_scanned": 0,
                                                            "operator_timing": 0.000119074,
                                                            "children": [
                                                              {
                                                                "total_bytes_written": 0,
                                                                "total_bytes_read": 0,
                                                                "result_set_size": 584392,
                                                                "operator_name": "SEQ_SCAN ",
                                                                "cpu_time": 0.0,
                                                                "extra_info": {
                                                                  "Table": "date_dim",
                                                                  "Type": "Sequential Scan",
                                                                  "Projections": [
                                                                    "d_date_sk",
                                                                    "d_year"
                                                                  ],
                                                                  "Filters": "optional: d_year=1999 OR d_year=1998",
                                                                  "Estimated Cardinality": "73049"
                                                                },
                                                                "cumulative_cardinality": 0,
                                                                "operator_type": "TABLE_SCAN",
                                                                "operator_cardinality": 73049,
                                                                "cumulative_rows_scanned": 0,
                                                                "operator_rows_scanned": 73049,
                                                                "operator_timing": 0.001501207,
                                                                "children": []
                                                              }
                                                            ]
                                                          }
                                                        ]
                                                      }
                                                    ]
                                                  }
                                                ]
                                              }
                                            ]
                                          }
                                        ]
                                      },
                                      {
                                        "total_bytes_written": 0,
                                        "total_bytes_read": 0,
                                        "result_set_size": 7905184,
                                        "operator_name": "PROJECTION",
                                        "cpu_time": 0.0,
                                        "extra_info": {
                                          "Projections": [
                                            "d_year",
                                            "i_brand_id",
                                            "i_class_id",
                                            "i_category_id",
                                            "i_manufact_id",
                                            "sales_cnt",
                                            "sales_amt"
                                          ],
                                          "Estimated Cardinality": "719222"
                                        },
                                        "cumulative_cardinality": 0,
                                        "operator_type": "PROJECTION",
                                        "operator_cardinality": 282328,
                                        "cumulative_rows_scanned": 0,
                                        "operator_rows_scanned": 0,
                                        "operator_timing": 0.002308334,
                                        "children": [
                                          {
                                            "total_bytes_written": 0,
                                            "total_bytes_read": 0,
                                            "result_set_size": 10163808,
                                            "operator_name": "HASH_JOIN",
                                            "cpu_time": 0.0,
                                            "extra_info": {
                                              "Join Type": "RIGHT",
                                              "Conditions": [
                                                "wr_order_number = ws_order_number",
                                                "wr_item_sk = ws_item_sk"
                                              ],
                                              "Estimated Cardinality": "719222"
                                            },
                                            "cumulative_cardinality": 0,
                                            "operator_type": "HASH_JOIN",
                                            "operator_cardinality": 282328,
                                            "cumulative_rows_scanned": 0,
                                            "operator_rows_scanned": 0,
                                            "operator_timing": 0.07921622999999998,
                                            "children": [
                                              {
                                                "total_bytes_written": 0,
                                                "total_bytes_read": 0,
                                                "result_set_size": 11502480,
                                                "operator_name": "SEQ_SCAN ",
                                                "cpu_time": 0.0,
                                                "extra_info": {
                                                  "Table": "web_returns",
                                                  "Type": "Sequential Scan",
                                                  "Projections": [
                                                    "wr_order_number",
                                                    "wr_item_sk",
                                                    "wr_return_quantity",
                                                    "wr_return_amt"
                                                  ],
                                                  "Estimated Cardinality": "719222"
                                                },
                                                "cumulative_cardinality": 0,
                                                "operator_type": "TABLE_SCAN",
                                                "operator_cardinality": 718905,
                                                "cumulative_rows_scanned": 0,
                                                "operator_rows_scanned": 4315332,
                                                "operator_timing": 0.11759388999999998,
                                                "children": []
                                              },
                                              {
                                                "total_bytes_written": 0,
                                                "total_bytes_read": 0,
                                                "result_set_size": 10163808,
                                                "operator_name": "HASH_JOIN",
                                                "cpu_time": 0.0,
                                                "extra_info": {
                                                  "Join Type": "INNER",
                                                  "Conditions": "ws_sold_date_sk = d_date_sk",
                                                  "Estimated Cardinality": "138365"
                                                },
                                                "cumulative_cardinality": 0,
                                                "operator_type": "HASH_JOIN",
                                                "operator_cardinality": 282328,
                                                "cumulative_rows_scanned": 0,
                                                "operator_rows_scanned": 0,
                                                "operator_timing": 0.009774493000000002,
                                                "children": [
                                                  {
                                                    "total_bytes_written": 0,
                                                    "total_bytes_read": 0,
                                                    "result_set_size": 10163808,
                                                    "operator_name": "HASH_JOIN",
                                                    "cpu_time": 0.0,
                                                    "extra_info": {
                                                      "Join Type": "INNER",
                                                      "Conditions": "ws_item_sk = i_item_sk",
                                                      "Estimated Cardinality": "691867"
                                                    },
                                                    "cumulative_cardinality": 0,
                                                    "operator_type": "HASH_JOIN",
                                                    "operator_cardinality": 282328,
                                                    "cumulative_rows_scanned": 0,
                                                    "operator_rows_scanned": 0,
                                                    "operator_timing": 0.022171713000000003,
                                                    "children": [
                                                      {
                                                        "total_bytes_written": 0,
                                                        "total_bytes_read": 0,
                                                        "result_set_size": 57224380,
                                                        "operator_name": "SEQ_SCAN ",
                                                        "cpu_time": 0.0,
                                                        "extra_info": {
                                                          "Table": "web_sales",
                                                          "Type": "Sequential Scan",
                                                          "Projections": [
                                                            "ws_item_sk",
                                                            "ws_sold_date_sk",
                                                            "ws_order_number",
                                                            "ws_quantity",
                                                            "ws_ext_sales_price"
                                                          ],
                                                          "Estimated Cardinality": "7197566"
                                                        },
                                                        "cumulative_cardinality": 0,
                                                        "operator_type": "TABLE_SCAN",
                                                        "operator_cardinality": 2861219,
                                                        "cumulative_rows_scanned": 0,
                                                        "operator_rows_scanned": 201531848,
                                                        "operator_timing": 4.226248537000001,
                                                        "children": []
                                                      },
                                                      {
                                                        "total_bytes_written": 0,
                                                        "total_bytes_read": 0,
                                                        "result_set_size": 204100,
                                                        "operator_name": "SEQ_SCAN ",
                                                        "cpu_time": 0.0,
                                                        "extra_info": {
                                                          "Table": "item",
                                                          "Type": "Sequential Scan",
                                                          "Projections": [
                                                            "i_item_sk",
                                                            "i_brand_id",
                                                            "i_class_id",
                                                            "i_category_id",
                                                            "i_manufact_id"
                                                          ],
                                                          "Filters": "i_category='Home'",
                                                          "Estimated Cardinality": "9273"
                                                        },
                                                        "cumulative_cardinality": 0,
                                                        "operator_type": "TABLE_SCAN",
                                                        "operator_cardinality": 10205,
                                                        "cumulative_rows_scanned": 0,
                                                        "operator_rows_scanned": 102000,
                                                        "operator_timing": 0.006581541999999998,
                                                        "children": []
                                                      }
                                                    ]
                                                  },
                                                  {
                                                    "total_bytes_written": 0,
                                                    "total_bytes_read": 0,
                                                    "result_set_size": 5832,
                                                    "operator_name": "FILTER",
                                                    "cpu_time": 0.0,
                                                    "extra_info": {
                                                      "Expression": "((d_date_sk BETWEEN 2450816 AND 2452642) AND ((d_year = 1999) OR (d_year = 1998)))",
                                                      "Estimated Cardinality": "73049"
                                                    },
                                                    "cumulative_cardinality": 0,
                                                    "operator_type": "FILTER",
                                                    "operator_cardinality": 729,
                                                    "cumulative_rows_scanned": 0,
                                                    "operator_rows_scanned": 0,
                                                    "operator_timing": 0.000128365,
                                                    "children": [
                                                      {
                                                        "total_bytes_written": 0,
                                                        "total_bytes_read": 0,
                                                        "result_set_size": 584392,
                                                        "operator_name": "SEQ_SCAN ",
                                                        "cpu_time": 0.0,
                                                        "extra_info": {
                                                          "Table": "date_dim",
                                                          "Type": "Sequential Scan",
                                                          "Projections": [
                                                            "d_date_sk",
                                                            "d_year"
                                                          ],
                                                          "Filters": "optional: d_year=1999 OR d_year=1998",
                                                          "Estimated Cardinality": "73049"
                                                        },
                                                        "cumulative_cardinality": 0,
                                                        "operator_type": "TABLE_SCAN",
                                                        "operator_cardinality": 73049,
                                                        "cumulative_rows_scanned": 0,
                                                        "operator_rows_scanned": 73049,
                                                        "operator_timing": 0.001492349,
                                                        "children": []
                                                      }
                                                    ]
                                                  }
                                                ]
                                              }
                                            ]
                                          }
                                        ]
                                      }
                                    ]
                                  }
                                ]
                              }
                            ]
                          }
                        ]
                      }
                    ]
                  }
                ]
              },
              {
                "total_bytes_written": 0,
                "total_bytes_read": 0,
                "result_set_size": 8800,
                "operator_name": "TOP_N",
                "cpu_time": 0.0,
                "extra_info": {
                  "Top": "100",
                  "Order By": [
                    "(curr_yr.sales_cnt - prev_yr.sales_cnt) ASC",
                    "(curr_yr.sales_amt - prev_yr.sales_amt) ASC"
                  ]
                },
                "cumulative_cardinality": 0,
                "operator_type": "TOP_N",
                "operator_cardinality": 100,
                "cumulative_rows_scanned": 0,
                "operator_rows_scanned": 0,
                "operator_timing": 0.00021564400000000002,
                "children": [
                  {
                    "total_bytes_written": 0,
                    "total_bytes_read": 0,
                    "result_set_size": 77176,
                    "operator_name": "PROJECTION",
                    "cpu_time": 0.0,
                    "extra_info": {
                      "Projections": [
                        "prev_year",
                        "year",
                        "i_brand_id",
                        "i_class_id",
                        "i_category_id",
                        "i_manufact_id",
                        "prev_yr_cnt",
                        "curr_yr_cnt",
                        "sales_cnt_diff",
                        "sales_amt_diff"
                      ],
                      "Estimated Cardinality": "3060309"
                    },
                    "cumulative_cardinality": 0,
                    "operator_type": "PROJECTION",
                    "operator_cardinality": 877,
                    "cumulative_rows_scanned": 0,
                    "operator_rows_scanned": 0,
                    "operator_timing": 4.1179e-05,
                    "children": [
                      {
                        "total_bytes_written": 0,
                        "total_bytes_read": 0,
                        "result_set_size": 77176,
                        "operator_name": "FILTER",
                        "cpu_time": 0.0,
                        "extra_info": {
                          "Expression": "((CAST(CAST(sales_cnt AS DECIMAL(17,2)) AS DOUBLE) / CAST(CAST(sales_cnt AS DECIMAL(17,2)) AS DOUBLE)) < 0.9)",
                          "Estimated Cardinality": "3060309"
                        },
                        "cumulative_cardinality": 0,
                        "operator_type": "FILTER",
                        "operator_cardinality": 877,
                        "cumulative_rows_scanned": 0,
                        "operator_rows_scanned": 0,
                        "operator_timing": 0.000713929,
                        "children": [
                          {
                            "total_bytes_written": 0,
                            "total_bytes_read": 0,
                            "result_set_size": 430760,
                            "operator_name": "HASH_JOIN",
                            "cpu_time": 0.0,
                            "extra_info": {
                              "Join Type": "INNER",
                              "Conditions": [
                                "i_brand_id = i_brand_id",
                                "i_class_id = i_class_id",
                                "i_category_id = i_category_id",
                                "i_manufact_id = i_manufact_id"
                              ],
                              "Estimated Cardinality": "3060309"
                            },
                            "cumulative_cardinality": 0,
                            "operator_type": "HASH_JOIN",
                            "operator_cardinality": 4895,
                            "cumulative_rows_scanned": 0,
                            "operator_rows_scanned": 0,
                            "operator_timing": 0.0010599079999999998,
                            "children": [
                              {
                                "total_bytes_written": 0,
                                "total_bytes_read": 0,
                                "result_set_size": 255268,
                                "operator_name": "FILTER",
                                "cpu_time": 0.0,
                                "extra_info": {
                                  "Expression": "(d_year = 1999)",
                                  "Estimated Cardinality": "2848875"
                                },
                                "cumulative_cardinality": 0,
                                "operator_type": "FILTER",
                                "operator_cardinality": 4909,
                                "cumulative_rows_scanned": 0,
                                "operator_rows_scanned": 0,
                                "operator_timing": 5.7329999999999995e-05,
                                "children": [
                                  {
                                    "total_bytes_written": 0,
                                    "total_bytes_read": 0,
                                    "result_set_size": 510536,
                                    "operator_name": "CTE_SCAN",
                                    "cpu_time": 0.0,
                                    "extra_info": {
                                      "CTE Index": "0",
                                      "Estimated Cardinality": "2848875"
                                    },
                                    "cumulative_cardinality": 0,
                                    "operator_type": "CTE_SCAN",
                                    "operator_cardinality": 9818,
                                    "cumulative_rows_scanned": 0,
                                    "operator_rows_scanned": 0,
                                    "operator_timing": 8.2254e-05,
                                    "children": []
                                  }
                                ]
                              },
                              {
                                "total_bytes_written": 0,
                                "total_bytes_read": 0,
                                "result_set_size": 255268,
                                "operator_name": "FILTER",
                                "cpu_time": 0.0,
                                "extra_info": {
                                  "Expression": "(d_year = 1998)",
                                  "Estimated Cardinality": "2848875"
                                },
                                "cumulative_cardinality": 0,
                                "operator_type": "FILTER",
                                "operator_cardinality": 4909,
                                "cumulative_rows_scanned": 0,
                                "operator_rows_scanned": 0,
                                "operator_timing": 8.438699999999998e-05,
                                "children": [
                                  {
                                    "total_bytes_written": 0,
                                    "total_bytes_read": 0,
                                    "result_set_size": 510536,
                                    "operator_name": "CTE_SCAN",
                                    "cpu_time": 0.0,
                                    "extra_info": {
                                      "CTE Index": "0",
                                      "Estimated Cardinality": "2848875"
                                    },
                                    "cumulative_cardinality": 0,
                                    "operator_type": "CTE_SCAN",
                                    "operator_cardinality": 9818,
                                    "cumulative_rows_scanned": 0,
                                    "operator_rows_scanned": 0,
                                    "operator_timing": 4.351199999999999e-05,
                                    "children": []
                                  }
                                ]
                              }
                            ]
                          }
                        ]
                      }
                    ]
                  }
                ]
              }
            ]
          }
        ]
      }
    ]
  },
  "actual_rows": 0,
  "provenance": {
    "database": "/mnt/d/TPC-DS/tpcds_sf10.duckdb",
    "scale_factor": 10,
    "engine": "duckdb",
    "engine_version": "1.4.3",
    "cached_at": "2026-02-08T10:21:28.583421"
  }
}